<?xml version="1.0" encoding="UTF-8"?>
<testsuite xmlns:xsi="http://www.w3.org/2001/XMLSchema-instance" xsi:noNamespaceSchemaLocation="https://maven.apache.org/surefire/maven-surefire-plugin/xsd/surefire-test-report.xsd" name="org.apache.zookeeper.common.X509UtilTest" time="7.311" tests="352" errors="8" skipped="0" failures="12">
  <properties>
    <property name="sun.desktop" value="windows"/>
    <property name="build.test.dir" value="D:\mysoft\faiscoGit\myStudy\ZooKeeperLearning\apache-zookeeper-3.7.0\zookeeper-server\target/surefire"/>
    <property name="awt.toolkit" value="sun.awt.windows.WToolkit"/>
    <property name="file.encoding.pkg" value="sun.io"/>
    <property name="java.specification.version" value="1.8"/>
    <property name="sun.cpu.isalist" value="amd64"/>
    <property name="sun.jnu.encoding" value="GBK"/>
    <property name="java.class.path" value="D:\mysoft\faiscoGit\myStudy\ZooKeeperLearning\apache-zookeeper-3.7.0\zookeeper-server\target\test-classes;D:\mysoft\faiscoGit\myStudy\ZooKeeperLearning\apache-zookeeper-3.7.0\zookeeper-server\target\classes;D:\mysoft\maven\repository\com\github\spotbugs\spotbugs-annotations\4.0.2\spotbugs-annotations-4.0.2.jar;D:\mysoft\maven\repository\com\google\code\findbugs\jsr305\3.0.2\jsr305-3.0.2.jar;D:\mysoft\maven\repository\org\hamcrest\hamcrest-library\2.2\hamcrest-library-2.2.jar;D:\mysoft\maven\repository\org\hamcrest\hamcrest-core\2.2\hamcrest-core-2.2.jar;D:\mysoft\maven\repository\org\hamcrest\hamcrest\2.2\hamcrest-2.2.jar;D:\mysoft\maven\repository\org\apache\commons\commons-collections4\4.4\commons-collections4-4.4.jar;D:\mysoft\maven\repository\org\apache\zookeeper\zookeeper-jute\3.7.0\zookeeper-jute-3.7.0.jar;D:\mysoft\maven\repository\commons-cli\commons-cli\1.4\commons-cli-1.4.jar;D:\mysoft\maven\repository\org\apache\yetus\audience-annotations\0.12.0\audience-annotations-0.12.0.jar;D:\mysoft\maven\repository\io\netty\netty-handler\4.1.59.Final\netty-handler-4.1.59.Final.jar;D:\mysoft\maven\repository\io\netty\netty-common\4.1.59.Final\netty-common-4.1.59.Final.jar;D:\mysoft\maven\repository\io\netty\netty-resolver\4.1.59.Final\netty-resolver-4.1.59.Final.jar;D:\mysoft\maven\repository\io\netty\netty-buffer\4.1.59.Final\netty-buffer-4.1.59.Final.jar;D:\mysoft\maven\repository\io\netty\netty-transport\4.1.59.Final\netty-transport-4.1.59.Final.jar;D:\mysoft\maven\repository\io\netty\netty-codec\4.1.59.Final\netty-codec-4.1.59.Final.jar;D:\mysoft\maven\repository\io\netty\netty-transport-native-epoll\4.1.59.Final\netty-transport-native-epoll-4.1.59.Final.jar;D:\mysoft\maven\repository\io\netty\netty-transport-native-unix-common\4.1.59.Final\netty-transport-native-unix-common-4.1.59.Final.jar;D:\mysoft\maven\repository\org\slf4j\slf4j-api\1.7.30\slf4j-api-1.7.30.jar;D:\mysoft\maven\repository\org\slf4j\slf4j-log4j12\1.7.30\slf4j-log4j12-1.7.30.jar;D:\mysoft\maven\repository\org\eclipse\jetty\jetty-server\9.4.38.v20210224\jetty-server-9.4.38.v20210224.jar;D:\mysoft\maven\repository\javax\servlet\javax.servlet-api\3.1.0\javax.servlet-api-3.1.0.jar;D:\mysoft\maven\repository\org\eclipse\jetty\jetty-http\9.4.38.v20210224\jetty-http-9.4.38.v20210224.jar;D:\mysoft\maven\repository\org\eclipse\jetty\jetty-util\9.4.38.v20210224\jetty-util-9.4.38.v20210224.jar;D:\mysoft\maven\repository\org\eclipse\jetty\jetty-io\9.4.38.v20210224\jetty-io-9.4.38.v20210224.jar;D:\mysoft\maven\repository\org\eclipse\jetty\jetty-servlet\9.4.38.v20210224\jetty-servlet-9.4.38.v20210224.jar;D:\mysoft\maven\repository\org\eclipse\jetty\jetty-security\9.4.38.v20210224\jetty-security-9.4.38.v20210224.jar;D:\mysoft\maven\repository\org\eclipse\jetty\jetty-util-ajax\9.4.38.v20210224\jetty-util-ajax-9.4.38.v20210224.jar;D:\mysoft\maven\repository\org\eclipse\jetty\jetty-client\9.4.38.v20210224\jetty-client-9.4.38.v20210224.jar;D:\mysoft\maven\repository\com\fasterxml\jackson\core\jackson-databind\2.10.5.1\jackson-databind-2.10.5.1.jar;D:\mysoft\maven\repository\com\fasterxml\jackson\core\jackson-annotations\2.10.5\jackson-annotations-2.10.5.jar;D:\mysoft\maven\repository\com\fasterxml\jackson\core\jackson-core\2.10.5\jackson-core-2.10.5.jar;D:\mysoft\maven\repository\org\bouncycastle\bcprov-jdk15on\1.60\bcprov-jdk15on-1.60.jar;D:\mysoft\maven\repository\org\bouncycastle\bcpkix-jdk15on\1.60\bcpkix-jdk15on-1.60.jar;D:\mysoft\maven\repository\jline\jline\2.14.6\jline-2.14.6.jar;D:\mysoft\maven\repository\io\dropwizard\metrics\metrics-core\4.1.12.1\metrics-core-4.1.12.1.jar;D:\mysoft\maven\repository\log4j\log4j\1.2.17\log4j-1.2.17.jar;D:\mysoft\maven\repository\org\apache\kerby\kerb-core\2.0.0\kerb-core-2.0.0.jar;D:\mysoft\maven\repository\org\apache\kerby\kerby-pkix\2.0.0\kerby-pkix-2.0.0.jar;D:\mysoft\maven\repository\org\apache\kerby\kerby-asn1\2.0.0\kerby-asn1-2.0.0.jar;D:\mysoft\maven\repository\org\apache\kerby\kerby-util\2.0.0\kerby-util-2.0.0.jar;D:\mysoft\maven\repository\org\apache\kerby\kerb-simplekdc\2.0.0\kerb-simplekdc-2.0.0.jar;D:\mysoft\maven\repository\org\apache\kerby\kerb-client\2.0.0\kerb-client-2.0.0.jar;D:\mysoft\maven\repository\org\apache\kerby\kerb-common\2.0.0\kerb-common-2.0.0.jar;D:\mysoft\maven\repository\org\apache\kerby\kerb-crypto\2.0.0\kerb-crypto-2.0.0.jar;D:\mysoft\maven\repository\commons-io\commons-io\2.6\commons-io-2.6.jar;D:\mysoft\maven\repository\org\apache\kerby\kerb-util\2.0.0\kerb-util-2.0.0.jar;D:\mysoft\maven\repository\org\apache\kerby\token-provider\2.0.0\token-provider-2.0.0.jar;D:\mysoft\maven\repository\com\nimbusds\nimbus-jose-jwt\4.41.2\nimbus-jose-jwt-4.41.2.jar;D:\mysoft\maven\repository\com\github\stephenc\jcip\jcip-annotations\1.0-1\jcip-annotations-1.0-1.jar;D:\mysoft\maven\repository\net\minidev\json-smart\2.3\json-smart-2.3.jar;D:\mysoft\maven\repository\net\minidev\accessors-smart\1.2\accessors-smart-1.2.jar;D:\mysoft\maven\repository\org\ow2\asm\asm\5.0.4\asm-5.0.4.jar;D:\mysoft\maven\repository\org\apache\kerby\kerb-admin\2.0.0\kerb-admin-2.0.0.jar;D:\mysoft\maven\repository\org\apache\kerby\kerb-server\2.0.0\kerb-server-2.0.0.jar;D:\mysoft\maven\repository\org\apache\kerby\kerb-identity\2.0.0\kerb-identity-2.0.0.jar;D:\mysoft\maven\repository\org\apache\kerby\kerby-xdr\2.0.0\kerby-xdr-2.0.0.jar;D:\mysoft\maven\repository\org\apache\kerby\kerby-config\2.0.0\kerby-config-2.0.0.jar;D:\mysoft\maven\repository\org\mockito\mockito-core\3.6.28\mockito-core-3.6.28.jar;D:\mysoft\maven\repository\net\bytebuddy\byte-buddy\1.10.18\byte-buddy-1.10.18.jar;D:\mysoft\maven\repository\net\bytebuddy\byte-buddy-agent\1.10.18\byte-buddy-agent-1.10.18.jar;D:\mysoft\maven\repository\org\objenesis\objenesis\3.1\objenesis-3.1.jar;D:\mysoft\maven\repository\org\jmockit\jmockit\1.48\jmockit-1.48.jar;D:\mysoft\maven\repository\org\junit\jupiter\junit-jupiter-api\5.6.2\junit-jupiter-api-5.6.2.jar;D:\mysoft\maven\repository\org\apiguardian\apiguardian-api\1.1.0\apiguardian-api-1.1.0.jar;D:\mysoft\maven\repository\org\opentest4j\opentest4j\1.2.0\opentest4j-1.2.0.jar;D:\mysoft\maven\repository\org\junit\platform\junit-platform-commons\1.6.2\junit-platform-commons-1.6.2.jar;D:\mysoft\maven\repository\org\junit\jupiter\junit-jupiter-engine\5.6.2\junit-jupiter-engine-5.6.2.jar;D:\mysoft\maven\repository\org\junit\platform\junit-platform-engine\1.6.2\junit-platform-engine-1.6.2.jar;D:\mysoft\maven\repository\org\junit\jupiter\junit-jupiter-params\5.6.2\junit-jupiter-params-5.6.2.jar;D:\mysoft\maven\repository\org\junit\platform\junit-platform-runner\1.6.2\junit-platform-runner-1.6.2.jar;D:\mysoft\maven\repository\junit\junit\4.13\junit-4.13.jar;D:\mysoft\maven\repository\org\junit\platform\junit-platform-launcher\1.6.2\junit-platform-launcher-1.6.2.jar;D:\mysoft\maven\repository\org\junit\platform\junit-platform-suite-api\1.6.2\junit-platform-suite-api-1.6.2.jar;D:\mysoft\maven\repository\org\xerial\snappy\snappy-java\1.1.7.7\snappy-java-1.1.7.7.jar;"/>
    <property name="java.vm.vendor" value="Oracle Corporation"/>
    <property name="sun.arch.data.model" value="64"/>
    <property name="user.variant" value=""/>
    <property name="java.vendor.url" value="http://java.oracle.com/"/>
    <property name="user.timezone" value="Asia/Shanghai"/>
    <property name="java.vm.specification.version" value="1.8"/>
    <property name="os.name" value="Windows 8.1"/>
    <property name="user.country" value="CN"/>
    <property name="sun.java.launcher" value="SUN_STANDARD"/>
    <property name="sun.boot.library.path" value="C:\Program Files\Java\jdk1.8.0_31\jre\bin"/>
    <property name="sun.java.command" value="C:\Users\faisco\AppData\Local\Temp\surefire7017171567299321585\surefirebooter6098071846253630483.jar C:\Users\faisco\AppData\Local\Temp\surefire7017171567299321585 2021-11-08T11-05-05_200-jvmRun4 surefire113238868808176338tmp surefire_224593155436778966585tmp"/>
    <property name="surefire.test.class.path" value="D:\mysoft\faiscoGit\myStudy\ZooKeeperLearning\apache-zookeeper-3.7.0\zookeeper-server\target\test-classes;D:\mysoft\faiscoGit\myStudy\ZooKeeperLearning\apache-zookeeper-3.7.0\zookeeper-server\target\classes;D:\mysoft\maven\repository\com\github\spotbugs\spotbugs-annotations\4.0.2\spotbugs-annotations-4.0.2.jar;D:\mysoft\maven\repository\com\google\code\findbugs\jsr305\3.0.2\jsr305-3.0.2.jar;D:\mysoft\maven\repository\org\hamcrest\hamcrest-library\2.2\hamcrest-library-2.2.jar;D:\mysoft\maven\repository\org\hamcrest\hamcrest-core\2.2\hamcrest-core-2.2.jar;D:\mysoft\maven\repository\org\hamcrest\hamcrest\2.2\hamcrest-2.2.jar;D:\mysoft\maven\repository\org\apache\commons\commons-collections4\4.4\commons-collections4-4.4.jar;D:\mysoft\maven\repository\org\apache\zookeeper\zookeeper-jute\3.7.0\zookeeper-jute-3.7.0.jar;D:\mysoft\maven\repository\commons-cli\commons-cli\1.4\commons-cli-1.4.jar;D:\mysoft\maven\repository\org\apache\yetus\audience-annotations\0.12.0\audience-annotations-0.12.0.jar;D:\mysoft\maven\repository\io\netty\netty-handler\4.1.59.Final\netty-handler-4.1.59.Final.jar;D:\mysoft\maven\repository\io\netty\netty-common\4.1.59.Final\netty-common-4.1.59.Final.jar;D:\mysoft\maven\repository\io\netty\netty-resolver\4.1.59.Final\netty-resolver-4.1.59.Final.jar;D:\mysoft\maven\repository\io\netty\netty-buffer\4.1.59.Final\netty-buffer-4.1.59.Final.jar;D:\mysoft\maven\repository\io\netty\netty-transport\4.1.59.Final\netty-transport-4.1.59.Final.jar;D:\mysoft\maven\repository\io\netty\netty-codec\4.1.59.Final\netty-codec-4.1.59.Final.jar;D:\mysoft\maven\repository\io\netty\netty-transport-native-epoll\4.1.59.Final\netty-transport-native-epoll-4.1.59.Final.jar;D:\mysoft\maven\repository\io\netty\netty-transport-native-unix-common\4.1.59.Final\netty-transport-native-unix-common-4.1.59.Final.jar;D:\mysoft\maven\repository\org\slf4j\slf4j-api\1.7.30\slf4j-api-1.7.30.jar;D:\mysoft\maven\repository\org\slf4j\slf4j-log4j12\1.7.30\slf4j-log4j12-1.7.30.jar;D:\mysoft\maven\repository\org\eclipse\jetty\jetty-server\9.4.38.v20210224\jetty-server-9.4.38.v20210224.jar;D:\mysoft\maven\repository\javax\servlet\javax.servlet-api\3.1.0\javax.servlet-api-3.1.0.jar;D:\mysoft\maven\repository\org\eclipse\jetty\jetty-http\9.4.38.v20210224\jetty-http-9.4.38.v20210224.jar;D:\mysoft\maven\repository\org\eclipse\jetty\jetty-util\9.4.38.v20210224\jetty-util-9.4.38.v20210224.jar;D:\mysoft\maven\repository\org\eclipse\jetty\jetty-io\9.4.38.v20210224\jetty-io-9.4.38.v20210224.jar;D:\mysoft\maven\repository\org\eclipse\jetty\jetty-servlet\9.4.38.v20210224\jetty-servlet-9.4.38.v20210224.jar;D:\mysoft\maven\repository\org\eclipse\jetty\jetty-security\9.4.38.v20210224\jetty-security-9.4.38.v20210224.jar;D:\mysoft\maven\repository\org\eclipse\jetty\jetty-util-ajax\9.4.38.v20210224\jetty-util-ajax-9.4.38.v20210224.jar;D:\mysoft\maven\repository\org\eclipse\jetty\jetty-client\9.4.38.v20210224\jetty-client-9.4.38.v20210224.jar;D:\mysoft\maven\repository\com\fasterxml\jackson\core\jackson-databind\2.10.5.1\jackson-databind-2.10.5.1.jar;D:\mysoft\maven\repository\com\fasterxml\jackson\core\jackson-annotations\2.10.5\jackson-annotations-2.10.5.jar;D:\mysoft\maven\repository\com\fasterxml\jackson\core\jackson-core\2.10.5\jackson-core-2.10.5.jar;D:\mysoft\maven\repository\org\bouncycastle\bcprov-jdk15on\1.60\bcprov-jdk15on-1.60.jar;D:\mysoft\maven\repository\org\bouncycastle\bcpkix-jdk15on\1.60\bcpkix-jdk15on-1.60.jar;D:\mysoft\maven\repository\jline\jline\2.14.6\jline-2.14.6.jar;D:\mysoft\maven\repository\io\dropwizard\metrics\metrics-core\4.1.12.1\metrics-core-4.1.12.1.jar;D:\mysoft\maven\repository\log4j\log4j\1.2.17\log4j-1.2.17.jar;D:\mysoft\maven\repository\org\apache\kerby\kerb-core\2.0.0\kerb-core-2.0.0.jar;D:\mysoft\maven\repository\org\apache\kerby\kerby-pkix\2.0.0\kerby-pkix-2.0.0.jar;D:\mysoft\maven\repository\org\apache\kerby\kerby-asn1\2.0.0\kerby-asn1-2.0.0.jar;D:\mysoft\maven\repository\org\apache\kerby\kerby-util\2.0.0\kerby-util-2.0.0.jar;D:\mysoft\maven\repository\org\apache\kerby\kerb-simplekdc\2.0.0\kerb-simplekdc-2.0.0.jar;D:\mysoft\maven\repository\org\apache\kerby\kerb-client\2.0.0\kerb-client-2.0.0.jar;D:\mysoft\maven\repository\org\apache\kerby\kerb-common\2.0.0\kerb-common-2.0.0.jar;D:\mysoft\maven\repository\org\apache\kerby\kerb-crypto\2.0.0\kerb-crypto-2.0.0.jar;D:\mysoft\maven\repository\commons-io\commons-io\2.6\commons-io-2.6.jar;D:\mysoft\maven\repository\org\apache\kerby\kerb-util\2.0.0\kerb-util-2.0.0.jar;D:\mysoft\maven\repository\org\apache\kerby\token-provider\2.0.0\token-provider-2.0.0.jar;D:\mysoft\maven\repository\com\nimbusds\nimbus-jose-jwt\4.41.2\nimbus-jose-jwt-4.41.2.jar;D:\mysoft\maven\repository\com\github\stephenc\jcip\jcip-annotations\1.0-1\jcip-annotations-1.0-1.jar;D:\mysoft\maven\repository\net\minidev\json-smart\2.3\json-smart-2.3.jar;D:\mysoft\maven\repository\net\minidev\accessors-smart\1.2\accessors-smart-1.2.jar;D:\mysoft\maven\repository\org\ow2\asm\asm\5.0.4\asm-5.0.4.jar;D:\mysoft\maven\repository\org\apache\kerby\kerb-admin\2.0.0\kerb-admin-2.0.0.jar;D:\mysoft\maven\repository\org\apache\kerby\kerb-server\2.0.0\kerb-server-2.0.0.jar;D:\mysoft\maven\repository\org\apache\kerby\kerb-identity\2.0.0\kerb-identity-2.0.0.jar;D:\mysoft\maven\repository\org\apache\kerby\kerby-xdr\2.0.0\kerby-xdr-2.0.0.jar;D:\mysoft\maven\repository\org\apache\kerby\kerby-config\2.0.0\kerby-config-2.0.0.jar;D:\mysoft\maven\repository\org\mockito\mockito-core\3.6.28\mockito-core-3.6.28.jar;D:\mysoft\maven\repository\net\bytebuddy\byte-buddy\1.10.18\byte-buddy-1.10.18.jar;D:\mysoft\maven\repository\net\bytebuddy\byte-buddy-agent\1.10.18\byte-buddy-agent-1.10.18.jar;D:\mysoft\maven\repository\org\objenesis\objenesis\3.1\objenesis-3.1.jar;D:\mysoft\maven\repository\org\jmockit\jmockit\1.48\jmockit-1.48.jar;D:\mysoft\maven\repository\org\junit\jupiter\junit-jupiter-api\5.6.2\junit-jupiter-api-5.6.2.jar;D:\mysoft\maven\repository\org\apiguardian\apiguardian-api\1.1.0\apiguardian-api-1.1.0.jar;D:\mysoft\maven\repository\org\opentest4j\opentest4j\1.2.0\opentest4j-1.2.0.jar;D:\mysoft\maven\repository\org\junit\platform\junit-platform-commons\1.6.2\junit-platform-commons-1.6.2.jar;D:\mysoft\maven\repository\org\junit\jupiter\junit-jupiter-engine\5.6.2\junit-jupiter-engine-5.6.2.jar;D:\mysoft\maven\repository\org\junit\platform\junit-platform-engine\1.6.2\junit-platform-engine-1.6.2.jar;D:\mysoft\maven\repository\org\junit\jupiter\junit-jupiter-params\5.6.2\junit-jupiter-params-5.6.2.jar;D:\mysoft\maven\repository\org\junit\platform\junit-platform-runner\1.6.2\junit-platform-runner-1.6.2.jar;D:\mysoft\maven\repository\junit\junit\4.13\junit-4.13.jar;D:\mysoft\maven\repository\org\junit\platform\junit-platform-launcher\1.6.2\junit-platform-launcher-1.6.2.jar;D:\mysoft\maven\repository\org\junit\platform\junit-platform-suite-api\1.6.2\junit-platform-suite-api-1.6.2.jar;D:\mysoft\maven\repository\org\xerial\snappy\snappy-java\1.1.7.7\snappy-java-1.1.7.7.jar;"/>
    <property name="sun.cpu.endian" value="little"/>
    <property name="user.home" value="C:\Users\faisco"/>
    <property name="user.language" value="zh"/>
    <property name="java.specification.vendor" value="Oracle Corporation"/>
    <property name="java.home" value="C:\Program Files\Java\jdk1.8.0_31\jre"/>
    <property name="zookeeper.DigestAuthenticationProvider.superDigest" value="super:D/InIHSb7yEEbrWz8b9l71RjZJU="/>
    <property name="basedir" value="D:\mysoft\faiscoGit\myStudy\ZooKeeperLearning\apache-zookeeper-3.7.0\zookeeper-server"/>
    <property name="file.separator" value="\"/>
    <property name="line.separator" value="&#10;"/>
    <property name="java.vm.specification.vendor" value="Oracle Corporation"/>
    <property name="java.specification.name" value="Java Platform API Specification"/>
    <property name="java.awt.graphicsenv" value="sun.awt.Win32GraphicsEnvironment"/>
    <property name="test.junit.threads" value="8"/>
    <property name="surefire.real.class.path" value="C:\Users\faisco\AppData\Local\Temp\surefire7017171567299321585\surefirebooter6098071846253630483.jar;D:\mysoft\maven\repository\org\jmockit\jmockit\1.48\jmockit-1.48.jar"/>
    <property name="zookeeper.junit.threadid" value="4"/>
    <property name="sun.boot.class.path" value="C:\Program Files\Java\jdk1.8.0_31\jre\lib\resources.jar;C:\Program Files\Java\jdk1.8.0_31\jre\lib\rt.jar;C:\Program Files\Java\jdk1.8.0_31\jre\lib\sunrsasign.jar;C:\Program Files\Java\jdk1.8.0_31\jre\lib\jsse.jar;C:\Program Files\Java\jdk1.8.0_31\jre\lib\jce.jar;C:\Program Files\Java\jdk1.8.0_31\jre\lib\charsets.jar;C:\Program Files\Java\jdk1.8.0_31\jre\lib\jfr.jar;C:\Program Files\Java\jdk1.8.0_31\jre\classes"/>
    <property name="user.script" value=""/>
    <property name="sun.management.compiler" value="HotSpot 64-Bit Tiered Compilers"/>
    <property name="java.runtime.version" value="1.8.0_31-b13"/>
    <property name="user.name" value="faisco"/>
    <property name="path.separator" value=";"/>
    <property name="os.version" value="6.3"/>
    <property name="java.endorsed.dirs" value="C:\Program Files\Java\jdk1.8.0_31\jre\lib\endorsed"/>
    <property name="java.runtime.name" value="Java(TM) SE Runtime Environment"/>
    <property name="file.encoding" value="GBK"/>
    <property name="java.vm.name" value="Java HotSpot(TM) 64-Bit Server VM"/>
    <property name="idea.version2020.1" value="true"/>
    <property name="localRepository" value="D:\mysoft\maven\repository"/>
    <property name="java.vendor.url.bug" value="http://bugreport.sun.com/bugreport/"/>
    <property name="java.io.tmpdir" value="C:\Users\faisco\AppData\Local\Temp\"/>
    <property name="java.version" value="1.8.0_31"/>
    <property name="user.dir" value="D:\mysoft\faiscoGit\myStudy\ZooKeeperLearning\apache-zookeeper-3.7.0\zookeeper-server"/>
    <property name="os.arch" value="amd64"/>
    <property name="java.vm.specification.name" value="Java Virtual Machine Specification"/>
    <property name="java.awt.printerjob" value="sun.awt.windows.WPrinterJob"/>
    <property name="sun.os.patch.level" value=""/>
    <property name="java.library.path" value="C:\Program Files\Java\jdk1.8.0_31\jre\bin;C:\WINDOWS\Sun\Java\bin;C:\WINDOWS\system32;C:\WINDOWS;C:\Program Files\Java\jdk1.8.0_31\jre\bin;C:\Python39\Scripts\;C:\Python39\;C:\Python27\;C:\Python27\Scripts;C:\Program Files (x86)\Intel\Intel(R) Management Engine Components\iCLS\;C:\Program Files\Intel\Intel(R) Management Engine Components\iCLS\;C:\WINDOWS\system32;C:\WINDOWS;C:\WINDOWS\System32\Wbem;C:\WINDOWS\System32\WindowsPowerShell\v1.0\;C:\WINDOWS\System32\OpenSSH\;C:\Program Files (x86)\Intel\Intel(R) Management Engine Components\DAL;C:\Program Files\Intel\Intel(R) Management Engine Components\DAL;C:\Program Files\TortoiseSVN\bin;C:\Program Files\Java\jdk1.8.0_31\bin;D:\soft\Git\cmd;D:\mysoft\maven\apache-maven-3.6.1\bin;C:\ProgramData\chocolatey\bin;C:\Program Files\nodejs\;D:\mysoft\gradle-7.0\bin;C:\ProgramData\Oracle\Java\javapath;C:\Program Files\OpenVPN\bin;C:\Users\faisco\AppData\Local\Microsoft\WindowsApps;;D:\soft\Microsoft VS Code\bin;D:\soft\PyCharm Community Edition 2019.1.3\bin;;D:\soft\PyCharm 2019.2.3\bin;;C:\Users\faisco\AppData\Local\Microsoft\WindowsApps;C:\Program Files\JetBrains\IntelliJ IDEA 2020.1\bin;;C:\Program Files\JetBrains\IntelliJ IDEA Community Edition 2020.1.3\bin;;C:\Users\faisco\AppData\Roaming\npm;."/>
    <property name="junit.jupiter.extensions.autodetection.enabled" value="true"/>
    <property name="java.vm.info" value="mixed mode"/>
    <property name="java.vendor" value="Oracle Corporation"/>
    <property name="java.vm.version" value="25.31-b07"/>
    <property name="java.ext.dirs" value="C:\Program Files\Java\jdk1.8.0_31\jre\lib\ext;C:\WINDOWS\Sun\Java\lib\ext"/>
    <property name="sun.io.unicode.encoding" value="UnicodeLittle"/>
    <property name="java.class.version" value="52.0"/>
  </properties>
  <testcase name="testLoadPEMTrustStoreNullPassword{X509KeyType, X509KeyType, String, Integer}[1]" classname="org.apache.zookeeper.common.X509UtilTest" time="2.038"/>
  <testcase name="testLoadPEMTrustStoreNullPassword{X509KeyType, X509KeyType, String, Integer}[2]" classname="org.apache.zookeeper.common.X509UtilTest" time="0.66"/>
  <testcase name="testLoadPEMTrustStoreNullPassword{X509KeyType, X509KeyType, String, Integer}[3]" classname="org.apache.zookeeper.common.X509UtilTest" time="0.14"/>
  <testcase name="testLoadPEMTrustStoreNullPassword{X509KeyType, X509KeyType, String, Integer}[4]" classname="org.apache.zookeeper.common.X509UtilTest" time="0.699"/>
  <testcase name="testLoadPEMTrustStoreNullPassword{X509KeyType, X509KeyType, String, Integer}[5]" classname="org.apache.zookeeper.common.X509UtilTest" time="0.542"/>
  <testcase name="testLoadPEMTrustStoreNullPassword{X509KeyType, X509KeyType, String, Integer}[6]" classname="org.apache.zookeeper.common.X509UtilTest" time="0.396"/>
  <testcase name="testLoadPEMTrustStoreNullPassword{X509KeyType, X509KeyType, String, Integer}[7]" classname="org.apache.zookeeper.common.X509UtilTest" time="0.026"/>
  <testcase name="testLoadPEMTrustStoreNullPassword{X509KeyType, X509KeyType, String, Integer}[8]" classname="org.apache.zookeeper.common.X509UtilTest" time="0.013"/>
  <testcase name="testCreateSSLContextWithoutKeyStorePassword{X509KeyType, X509KeyType, String, Integer}[1]" classname="org.apache.zookeeper.common.X509UtilTest" time="0.007"/>
  <testcase name="testCreateSSLContextWithoutKeyStorePassword{X509KeyType, X509KeyType, String, Integer}[2]" classname="org.apache.zookeeper.common.X509UtilTest" time="0.005"/>
  <testcase name="testCreateSSLContextWithoutKeyStorePassword{X509KeyType, X509KeyType, String, Integer}[3]" classname="org.apache.zookeeper.common.X509UtilTest" time="0.001"/>
  <testcase name="testCreateSSLContextWithoutKeyStorePassword{X509KeyType, X509KeyType, String, Integer}[4]" classname="org.apache.zookeeper.common.X509UtilTest" time="0.001"/>
  <testcase name="testCreateSSLContextWithoutKeyStorePassword{X509KeyType, X509KeyType, String, Integer}[5]" classname="org.apache.zookeeper.common.X509UtilTest" time="0"/>
  <testcase name="testCreateSSLContextWithoutKeyStorePassword{X509KeyType, X509KeyType, String, Integer}[6]" classname="org.apache.zookeeper.common.X509UtilTest" time="0.001"/>
  <testcase name="testCreateSSLContextWithoutKeyStorePassword{X509KeyType, X509KeyType, String, Integer}[7]" classname="org.apache.zookeeper.common.X509UtilTest" time="0.001"/>
  <testcase name="testCreateSSLContextWithoutKeyStorePassword{X509KeyType, X509KeyType, String, Integer}[8]" classname="org.apache.zookeeper.common.X509UtilTest" time="0.002"/>
  <testcase name="testLoadPKCS12TrustStore{X509KeyType, X509KeyType, String, Integer}[1]" classname="org.apache.zookeeper.common.X509UtilTest" time="0.048"/>
  <testcase name="testLoadPKCS12TrustStore{X509KeyType, X509KeyType, String, Integer}[2]" classname="org.apache.zookeeper.common.X509UtilTest" time="0.005"/>
  <testcase name="testLoadPKCS12TrustStore{X509KeyType, X509KeyType, String, Integer}[3]" classname="org.apache.zookeeper.common.X509UtilTest" time="0.005"/>
  <testcase name="testLoadPKCS12TrustStore{X509KeyType, X509KeyType, String, Integer}[4]" classname="org.apache.zookeeper.common.X509UtilTest" time="0.006"/>
  <testcase name="testLoadPKCS12TrustStore{X509KeyType, X509KeyType, String, Integer}[5]" classname="org.apache.zookeeper.common.X509UtilTest" time="0.005"/>
  <testcase name="testLoadPKCS12TrustStore{X509KeyType, X509KeyType, String, Integer}[6]" classname="org.apache.zookeeper.common.X509UtilTest" time="0.009"/>
  <testcase name="testLoadPKCS12TrustStore{X509KeyType, X509KeyType, String, Integer}[7]" classname="org.apache.zookeeper.common.X509UtilTest" time="0.049"/>
  <testcase name="testLoadPKCS12TrustStore{X509KeyType, X509KeyType, String, Integer}[8]" classname="org.apache.zookeeper.common.X509UtilTest" time="0.024"/>
  <testcase name="testLoadPKCS12TrustStoreWithWrongPassword{X509KeyType, X509KeyType, String, Integer}[1]" classname="org.apache.zookeeper.common.X509UtilTest" time="0.002"/>
  <testcase name="testLoadPKCS12TrustStoreWithWrongPassword{X509KeyType, X509KeyType, String, Integer}[2]" classname="org.apache.zookeeper.common.X509UtilTest" time="0.002"/>
  <testcase name="testLoadPKCS12TrustStoreWithWrongPassword{X509KeyType, X509KeyType, String, Integer}[3]" classname="org.apache.zookeeper.common.X509UtilTest" time="0.002"/>
  <testcase name="testLoadPKCS12TrustStoreWithWrongPassword{X509KeyType, X509KeyType, String, Integer}[4]" classname="org.apache.zookeeper.common.X509UtilTest" time="0.002"/>
  <testcase name="testLoadPKCS12TrustStoreWithWrongPassword{X509KeyType, X509KeyType, String, Integer}[5]" classname="org.apache.zookeeper.common.X509UtilTest" time="0.015"/>
  <testcase name="testLoadPKCS12TrustStoreWithWrongPassword{X509KeyType, X509KeyType, String, Integer}[6]" classname="org.apache.zookeeper.common.X509UtilTest" time="0"/>
  <testcase name="testLoadPKCS12TrustStoreWithWrongPassword{X509KeyType, X509KeyType, String, Integer}[7]" classname="org.apache.zookeeper.common.X509UtilTest" time="0"/>
  <testcase name="testLoadPKCS12TrustStoreWithWrongPassword{X509KeyType, X509KeyType, String, Integer}[8]" classname="org.apache.zookeeper.common.X509UtilTest" time="0"/>
  <testcase name="testClientRenegotiationFails{X509KeyType, X509KeyType, String, Integer}[1]" classname="org.apache.zookeeper.common.X509UtilTest" time="0.051">
    <failure message="Unexpected exception type thrown ==&gt; expected: &lt;javax.net.ssl.SSLHandshakeException&gt; but was: &lt;java.lang.IllegalArgumentException&gt;" type="org.opentest4j.AssertionFailedError"><![CDATA[org.opentest4j.AssertionFailedError: Unexpected exception type thrown ==> expected: <javax.net.ssl.SSLHandshakeException> but was: <java.lang.IllegalArgumentException>
	at org.apache.zookeeper.common.X509UtilTest.testClientRenegotiationFails(X509UtilTest.java:692)
Caused by: java.lang.IllegalArgumentException: Cannot support TLS_ECDHE_ECDSA_WITH_AES_256_CBC_SHA384 with currently installed providers
	at javax.net.ssl.SSLServerSocket.setSSLParameters(SSLServerSocket.java:514)
	at org.apache.zookeeper.common.SSLContextAndOptions.configureSSLServerSocket(SSLContextAndOptions.java:133)
	at org.apache.zookeeper.common.SSLContextAndOptions.createSSLServerSocket(SSLContextAndOptions.java:96)
	at org.apache.zookeeper.common.X509Util.createSSLServerSocket(X509Util.java:525)
	at org.apache.zookeeper.common.X509UtilTest.lambda$testClientRenegotiationFails$101(X509UtilTest.java:695)
	... 1 more
]]></failure>
    <system-out><![CDATA[2021-11-08 11:05:51,961 [myid:] - INFO  [main:ZKTestCase@77] - STARTING Optional[public void org.apache.zookeeper.common.X509UtilTest.testClientRenegotiationFails(org.apache.zookeeper.common.X509KeyType,org.apache.zookeeper.common.X509KeyType,java.lang.String,java.lang.Integer) throws java.lang.Throwable]
2021-11-08 11:05:51,963 [myid:] - INFO  [main:PortAssignment@154] - Test process 4/8 using ports from 19300 - 21992.
2021-11-08 11:05:51,966 [myid:] - INFO  [main:PortAssignment@87] - Assigned port 19301 from range 19300 - 21992.
2021-11-08 11:05:52,007 [myid:] - INFO  [main:ZKTestCase@82] - FINISHED Optional[public void org.apache.zookeeper.common.X509UtilTest.testClientRenegotiationFails(org.apache.zookeeper.common.X509KeyType,org.apache.zookeeper.common.X509KeyType,java.lang.String,java.lang.Integer) throws java.lang.Throwable]
]]></system-out>
  </testcase>
  <testcase name="testClientRenegotiationFails{X509KeyType, X509KeyType, String, Integer}[2]" classname="org.apache.zookeeper.common.X509UtilTest" time="0.005">
    <failure message="Unexpected exception type thrown ==&gt; expected: &lt;javax.net.ssl.SSLHandshakeException&gt; but was: &lt;java.lang.IllegalArgumentException&gt;" type="org.opentest4j.AssertionFailedError"><![CDATA[org.opentest4j.AssertionFailedError: Unexpected exception type thrown ==> expected: <javax.net.ssl.SSLHandshakeException> but was: <java.lang.IllegalArgumentException>
	at org.apache.zookeeper.common.X509UtilTest.testClientRenegotiationFails(X509UtilTest.java:692)
Caused by: java.lang.IllegalArgumentException: Cannot support TLS_ECDHE_ECDSA_WITH_AES_256_CBC_SHA384 with currently installed providers
	at javax.net.ssl.SSLServerSocket.setSSLParameters(SSLServerSocket.java:514)
	at org.apache.zookeeper.common.SSLContextAndOptions.configureSSLServerSocket(SSLContextAndOptions.java:133)
	at org.apache.zookeeper.common.SSLContextAndOptions.createSSLServerSocket(SSLContextAndOptions.java:96)
	at org.apache.zookeeper.common.X509Util.createSSLServerSocket(X509Util.java:525)
	at org.apache.zookeeper.common.X509UtilTest.lambda$testClientRenegotiationFails$101(X509UtilTest.java:695)
	... 1 more
]]></failure>
    <system-out><![CDATA[2021-11-08 11:05:52,013 [myid:] - INFO  [main:ZKTestCase@77] - STARTING Optional[public void org.apache.zookeeper.common.X509UtilTest.testClientRenegotiationFails(org.apache.zookeeper.common.X509KeyType,org.apache.zookeeper.common.X509KeyType,java.lang.String,java.lang.Integer) throws java.lang.Throwable]
2021-11-08 11:05:52,014 [myid:] - INFO  [main:PortAssignment@87] - Assigned port 19302 from range 19300 - 21992.
2021-11-08 11:05:52,017 [myid:] - INFO  [main:ZKTestCase@82] - FINISHED Optional[public void org.apache.zookeeper.common.X509UtilTest.testClientRenegotiationFails(org.apache.zookeeper.common.X509KeyType,org.apache.zookeeper.common.X509KeyType,java.lang.String,java.lang.Integer) throws java.lang.Throwable]
]]></system-out>
  </testcase>
  <testcase name="testClientRenegotiationFails{X509KeyType, X509KeyType, String, Integer}[3]" classname="org.apache.zookeeper.common.X509UtilTest" time="0.005">
    <failure message="Unexpected exception type thrown ==&gt; expected: &lt;javax.net.ssl.SSLHandshakeException&gt; but was: &lt;java.lang.IllegalArgumentException&gt;" type="org.opentest4j.AssertionFailedError"><![CDATA[org.opentest4j.AssertionFailedError: Unexpected exception type thrown ==> expected: <javax.net.ssl.SSLHandshakeException> but was: <java.lang.IllegalArgumentException>
	at org.apache.zookeeper.common.X509UtilTest.testClientRenegotiationFails(X509UtilTest.java:692)
Caused by: java.lang.IllegalArgumentException: Cannot support TLS_ECDHE_ECDSA_WITH_AES_256_CBC_SHA384 with currently installed providers
	at javax.net.ssl.SSLServerSocket.setSSLParameters(SSLServerSocket.java:514)
	at org.apache.zookeeper.common.SSLContextAndOptions.configureSSLServerSocket(SSLContextAndOptions.java:133)
	at org.apache.zookeeper.common.SSLContextAndOptions.createSSLServerSocket(SSLContextAndOptions.java:96)
	at org.apache.zookeeper.common.X509Util.createSSLServerSocket(X509Util.java:525)
	at org.apache.zookeeper.common.X509UtilTest.lambda$testClientRenegotiationFails$101(X509UtilTest.java:695)
	... 1 more
]]></failure>
    <system-out><![CDATA[2021-11-08 11:05:52,019 [myid:] - INFO  [main:ZKTestCase@77] - STARTING Optional[public void org.apache.zookeeper.common.X509UtilTest.testClientRenegotiationFails(org.apache.zookeeper.common.X509KeyType,org.apache.zookeeper.common.X509KeyType,java.lang.String,java.lang.Integer) throws java.lang.Throwable]
2021-11-08 11:05:52,019 [myid:] - INFO  [main:PortAssignment@87] - Assigned port 19303 from range 19300 - 21992.
2021-11-08 11:05:52,023 [myid:] - INFO  [main:ZKTestCase@82] - FINISHED Optional[public void org.apache.zookeeper.common.X509UtilTest.testClientRenegotiationFails(org.apache.zookeeper.common.X509KeyType,org.apache.zookeeper.common.X509KeyType,java.lang.String,java.lang.Integer) throws java.lang.Throwable]
]]></system-out>
  </testcase>
  <testcase name="testClientRenegotiationFails{X509KeyType, X509KeyType, String, Integer}[4]" classname="org.apache.zookeeper.common.X509UtilTest" time="0.005">
    <failure message="Unexpected exception type thrown ==&gt; expected: &lt;javax.net.ssl.SSLHandshakeException&gt; but was: &lt;java.lang.IllegalArgumentException&gt;" type="org.opentest4j.AssertionFailedError"><![CDATA[org.opentest4j.AssertionFailedError: Unexpected exception type thrown ==> expected: <javax.net.ssl.SSLHandshakeException> but was: <java.lang.IllegalArgumentException>
	at org.apache.zookeeper.common.X509UtilTest.testClientRenegotiationFails(X509UtilTest.java:692)
Caused by: java.lang.IllegalArgumentException: Cannot support TLS_ECDHE_ECDSA_WITH_AES_256_CBC_SHA384 with currently installed providers
	at javax.net.ssl.SSLServerSocket.setSSLParameters(SSLServerSocket.java:514)
	at org.apache.zookeeper.common.SSLContextAndOptions.configureSSLServerSocket(SSLContextAndOptions.java:133)
	at org.apache.zookeeper.common.SSLContextAndOptions.createSSLServerSocket(SSLContextAndOptions.java:96)
	at org.apache.zookeeper.common.X509Util.createSSLServerSocket(X509Util.java:525)
	at org.apache.zookeeper.common.X509UtilTest.lambda$testClientRenegotiationFails$101(X509UtilTest.java:695)
	... 1 more
]]></failure>
    <system-out><![CDATA[2021-11-08 11:05:52,024 [myid:] - INFO  [main:ZKTestCase@77] - STARTING Optional[public void org.apache.zookeeper.common.X509UtilTest.testClientRenegotiationFails(org.apache.zookeeper.common.X509KeyType,org.apache.zookeeper.common.X509KeyType,java.lang.String,java.lang.Integer) throws java.lang.Throwable]
2021-11-08 11:05:52,025 [myid:] - INFO  [main:PortAssignment@87] - Assigned port 19304 from range 19300 - 21992.
2021-11-08 11:05:52,029 [myid:] - INFO  [main:ZKTestCase@82] - FINISHED Optional[public void org.apache.zookeeper.common.X509UtilTest.testClientRenegotiationFails(org.apache.zookeeper.common.X509KeyType,org.apache.zookeeper.common.X509KeyType,java.lang.String,java.lang.Integer) throws java.lang.Throwable]
]]></system-out>
  </testcase>
  <testcase name="testClientRenegotiationFails{X509KeyType, X509KeyType, String, Integer}[5]" classname="org.apache.zookeeper.common.X509UtilTest" time="0.006">
    <failure message="Unexpected exception type thrown ==&gt; expected: &lt;javax.net.ssl.SSLHandshakeException&gt; but was: &lt;java.lang.IllegalArgumentException&gt;" type="org.opentest4j.AssertionFailedError"><![CDATA[org.opentest4j.AssertionFailedError: Unexpected exception type thrown ==> expected: <javax.net.ssl.SSLHandshakeException> but was: <java.lang.IllegalArgumentException>
	at org.apache.zookeeper.common.X509UtilTest.testClientRenegotiationFails(X509UtilTest.java:692)
Caused by: java.lang.IllegalArgumentException: Cannot support TLS_ECDHE_ECDSA_WITH_AES_256_CBC_SHA384 with currently installed providers
	at javax.net.ssl.SSLServerSocket.setSSLParameters(SSLServerSocket.java:514)
	at org.apache.zookeeper.common.SSLContextAndOptions.configureSSLServerSocket(SSLContextAndOptions.java:133)
	at org.apache.zookeeper.common.SSLContextAndOptions.createSSLServerSocket(SSLContextAndOptions.java:96)
	at org.apache.zookeeper.common.X509Util.createSSLServerSocket(X509Util.java:525)
	at org.apache.zookeeper.common.X509UtilTest.lambda$testClientRenegotiationFails$101(X509UtilTest.java:695)
	... 1 more
]]></failure>
    <system-out><![CDATA[2021-11-08 11:05:52,030 [myid:] - INFO  [main:ZKTestCase@77] - STARTING Optional[public void org.apache.zookeeper.common.X509UtilTest.testClientRenegotiationFails(org.apache.zookeeper.common.X509KeyType,org.apache.zookeeper.common.X509KeyType,java.lang.String,java.lang.Integer) throws java.lang.Throwable]
2021-11-08 11:05:52,031 [myid:] - INFO  [main:PortAssignment@87] - Assigned port 19305 from range 19300 - 21992.
2021-11-08 11:05:52,034 [myid:] - INFO  [main:ZKTestCase@82] - FINISHED Optional[public void org.apache.zookeeper.common.X509UtilTest.testClientRenegotiationFails(org.apache.zookeeper.common.X509KeyType,org.apache.zookeeper.common.X509KeyType,java.lang.String,java.lang.Integer) throws java.lang.Throwable]
]]></system-out>
  </testcase>
  <testcase name="testClientRenegotiationFails{X509KeyType, X509KeyType, String, Integer}[6]" classname="org.apache.zookeeper.common.X509UtilTest" time="0.005">
    <failure message="Unexpected exception type thrown ==&gt; expected: &lt;javax.net.ssl.SSLHandshakeException&gt; but was: &lt;java.lang.IllegalArgumentException&gt;" type="org.opentest4j.AssertionFailedError"><![CDATA[org.opentest4j.AssertionFailedError: Unexpected exception type thrown ==> expected: <javax.net.ssl.SSLHandshakeException> but was: <java.lang.IllegalArgumentException>
	at org.apache.zookeeper.common.X509UtilTest.testClientRenegotiationFails(X509UtilTest.java:692)
Caused by: java.lang.IllegalArgumentException: Cannot support TLS_ECDHE_ECDSA_WITH_AES_256_CBC_SHA384 with currently installed providers
	at javax.net.ssl.SSLServerSocket.setSSLParameters(SSLServerSocket.java:514)
	at org.apache.zookeeper.common.SSLContextAndOptions.configureSSLServerSocket(SSLContextAndOptions.java:133)
	at org.apache.zookeeper.common.SSLContextAndOptions.createSSLServerSocket(SSLContextAndOptions.java:96)
	at org.apache.zookeeper.common.X509Util.createSSLServerSocket(X509Util.java:525)
	at org.apache.zookeeper.common.X509UtilTest.lambda$testClientRenegotiationFails$101(X509UtilTest.java:695)
	... 1 more
]]></failure>
    <system-out><![CDATA[2021-11-08 11:05:52,036 [myid:] - INFO  [main:ZKTestCase@77] - STARTING Optional[public void org.apache.zookeeper.common.X509UtilTest.testClientRenegotiationFails(org.apache.zookeeper.common.X509KeyType,org.apache.zookeeper.common.X509KeyType,java.lang.String,java.lang.Integer) throws java.lang.Throwable]
2021-11-08 11:05:52,036 [myid:] - INFO  [main:PortAssignment@87] - Assigned port 19306 from range 19300 - 21992.
2021-11-08 11:05:52,039 [myid:] - INFO  [main:ZKTestCase@82] - FINISHED Optional[public void org.apache.zookeeper.common.X509UtilTest.testClientRenegotiationFails(org.apache.zookeeper.common.X509KeyType,org.apache.zookeeper.common.X509KeyType,java.lang.String,java.lang.Integer) throws java.lang.Throwable]
]]></system-out>
  </testcase>
  <testcase name="testClientRenegotiationFails{X509KeyType, X509KeyType, String, Integer}[7]" classname="org.apache.zookeeper.common.X509UtilTest" time="0.005">
    <failure message="Unexpected exception type thrown ==&gt; expected: &lt;javax.net.ssl.SSLHandshakeException&gt; but was: &lt;java.lang.IllegalArgumentException&gt;" type="org.opentest4j.AssertionFailedError"><![CDATA[org.opentest4j.AssertionFailedError: Unexpected exception type thrown ==> expected: <javax.net.ssl.SSLHandshakeException> but was: <java.lang.IllegalArgumentException>
	at org.apache.zookeeper.common.X509UtilTest.testClientRenegotiationFails(X509UtilTest.java:692)
Caused by: java.lang.IllegalArgumentException: Cannot support TLS_ECDHE_ECDSA_WITH_AES_256_CBC_SHA384 with currently installed providers
	at javax.net.ssl.SSLServerSocket.setSSLParameters(SSLServerSocket.java:514)
	at org.apache.zookeeper.common.SSLContextAndOptions.configureSSLServerSocket(SSLContextAndOptions.java:133)
	at org.apache.zookeeper.common.SSLContextAndOptions.createSSLServerSocket(SSLContextAndOptions.java:96)
	at org.apache.zookeeper.common.X509Util.createSSLServerSocket(X509Util.java:525)
	at org.apache.zookeeper.common.X509UtilTest.lambda$testClientRenegotiationFails$101(X509UtilTest.java:695)
	... 1 more
]]></failure>
    <system-out><![CDATA[2021-11-08 11:05:52,041 [myid:] - INFO  [main:ZKTestCase@77] - STARTING Optional[public void org.apache.zookeeper.common.X509UtilTest.testClientRenegotiationFails(org.apache.zookeeper.common.X509KeyType,org.apache.zookeeper.common.X509KeyType,java.lang.String,java.lang.Integer) throws java.lang.Throwable]
2021-11-08 11:05:52,042 [myid:] - INFO  [main:PortAssignment@87] - Assigned port 19307 from range 19300 - 21992.
2021-11-08 11:05:52,045 [myid:] - INFO  [main:ZKTestCase@82] - FINISHED Optional[public void org.apache.zookeeper.common.X509UtilTest.testClientRenegotiationFails(org.apache.zookeeper.common.X509KeyType,org.apache.zookeeper.common.X509KeyType,java.lang.String,java.lang.Integer) throws java.lang.Throwable]
]]></system-out>
  </testcase>
  <testcase name="testClientRenegotiationFails{X509KeyType, X509KeyType, String, Integer}[8]" classname="org.apache.zookeeper.common.X509UtilTest" time="0.004">
    <failure message="Unexpected exception type thrown ==&gt; expected: &lt;javax.net.ssl.SSLHandshakeException&gt; but was: &lt;java.lang.IllegalArgumentException&gt;" type="org.opentest4j.AssertionFailedError"><![CDATA[org.opentest4j.AssertionFailedError: Unexpected exception type thrown ==> expected: <javax.net.ssl.SSLHandshakeException> but was: <java.lang.IllegalArgumentException>
	at org.apache.zookeeper.common.X509UtilTest.testClientRenegotiationFails(X509UtilTest.java:692)
Caused by: java.lang.IllegalArgumentException: Cannot support TLS_ECDHE_ECDSA_WITH_AES_256_CBC_SHA384 with currently installed providers
	at javax.net.ssl.SSLServerSocket.setSSLParameters(SSLServerSocket.java:514)
	at org.apache.zookeeper.common.SSLContextAndOptions.configureSSLServerSocket(SSLContextAndOptions.java:133)
	at org.apache.zookeeper.common.SSLContextAndOptions.createSSLServerSocket(SSLContextAndOptions.java:96)
	at org.apache.zookeeper.common.X509Util.createSSLServerSocket(X509Util.java:525)
	at org.apache.zookeeper.common.X509UtilTest.lambda$testClientRenegotiationFails$101(X509UtilTest.java:695)
	... 1 more
]]></failure>
    <system-out><![CDATA[2021-11-08 11:05:52,047 [myid:] - INFO  [main:ZKTestCase@77] - STARTING Optional[public void org.apache.zookeeper.common.X509UtilTest.testClientRenegotiationFails(org.apache.zookeeper.common.X509KeyType,org.apache.zookeeper.common.X509KeyType,java.lang.String,java.lang.Integer) throws java.lang.Throwable]
2021-11-08 11:05:52,047 [myid:] - INFO  [main:PortAssignment@87] - Assigned port 19308 from range 19300 - 21992.
2021-11-08 11:05:52,050 [myid:] - INFO  [main:ZKTestCase@82] - FINISHED Optional[public void org.apache.zookeeper.common.X509UtilTest.testClientRenegotiationFails(org.apache.zookeeper.common.X509KeyType,org.apache.zookeeper.common.X509KeyType,java.lang.String,java.lang.Integer) throws java.lang.Throwable]
]]></system-out>
  </testcase>
  <testcase name="testCRLEnabled{X509KeyType, X509KeyType, String, Integer}[1]" classname="org.apache.zookeeper.common.X509UtilTest" time="0.001"/>
  <testcase name="testCRLEnabled{X509KeyType, X509KeyType, String, Integer}[2]" classname="org.apache.zookeeper.common.X509UtilTest" time="0.002"/>
  <testcase name="testCRLEnabled{X509KeyType, X509KeyType, String, Integer}[3]" classname="org.apache.zookeeper.common.X509UtilTest" time="0.003"/>
  <testcase name="testCRLEnabled{X509KeyType, X509KeyType, String, Integer}[4]" classname="org.apache.zookeeper.common.X509UtilTest" time="0.001"/>
  <testcase name="testCRLEnabled{X509KeyType, X509KeyType, String, Integer}[5]" classname="org.apache.zookeeper.common.X509UtilTest" time="0.002"/>
  <testcase name="testCRLEnabled{X509KeyType, X509KeyType, String, Integer}[6]" classname="org.apache.zookeeper.common.X509UtilTest" time="0.003"/>
  <testcase name="testCRLEnabled{X509KeyType, X509KeyType, String, Integer}[7]" classname="org.apache.zookeeper.common.X509UtilTest" time="0.002"/>
  <testcase name="testCRLEnabled{X509KeyType, X509KeyType, String, Integer}[8]" classname="org.apache.zookeeper.common.X509UtilTest" time="0.002"/>
  <testcase name="testCreateSSLContextWithoutKeyStoreLocation{X509KeyType, X509KeyType, String, Integer}[1]" classname="org.apache.zookeeper.common.X509UtilTest" time="0.002"/>
  <testcase name="testCreateSSLContextWithoutKeyStoreLocation{X509KeyType, X509KeyType, String, Integer}[2]" classname="org.apache.zookeeper.common.X509UtilTest" time="0.002"/>
  <testcase name="testCreateSSLContextWithoutKeyStoreLocation{X509KeyType, X509KeyType, String, Integer}[3]" classname="org.apache.zookeeper.common.X509UtilTest" time="0.002"/>
  <testcase name="testCreateSSLContextWithoutKeyStoreLocation{X509KeyType, X509KeyType, String, Integer}[4]" classname="org.apache.zookeeper.common.X509UtilTest" time="0.003"/>
  <testcase name="testCreateSSLContextWithoutKeyStoreLocation{X509KeyType, X509KeyType, String, Integer}[5]" classname="org.apache.zookeeper.common.X509UtilTest" time="0.002"/>
  <testcase name="testCreateSSLContextWithoutKeyStoreLocation{X509KeyType, X509KeyType, String, Integer}[6]" classname="org.apache.zookeeper.common.X509UtilTest" time="0.002"/>
  <testcase name="testCreateSSLContextWithoutKeyStoreLocation{X509KeyType, X509KeyType, String, Integer}[7]" classname="org.apache.zookeeper.common.X509UtilTest" time="0.002"/>
  <testcase name="testCreateSSLContextWithoutKeyStoreLocation{X509KeyType, X509KeyType, String, Integer}[8]" classname="org.apache.zookeeper.common.X509UtilTest" time="0.003"/>
  <testcase name="testLoadPKCS12KeyStore{X509KeyType, X509KeyType, String, Integer}[1]" classname="org.apache.zookeeper.common.X509UtilTest" time="0.014"/>
  <testcase name="testLoadPKCS12KeyStore{X509KeyType, X509KeyType, String, Integer}[2]" classname="org.apache.zookeeper.common.X509UtilTest" time="0.007"/>
  <testcase name="testLoadPKCS12KeyStore{X509KeyType, X509KeyType, String, Integer}[3]" classname="org.apache.zookeeper.common.X509UtilTest" time="0.006"/>
  <testcase name="testLoadPKCS12KeyStore{X509KeyType, X509KeyType, String, Integer}[4]" classname="org.apache.zookeeper.common.X509UtilTest" time="0.009"/>
  <testcase name="testLoadPKCS12KeyStore{X509KeyType, X509KeyType, String, Integer}[5]" classname="org.apache.zookeeper.common.X509UtilTest" time="0.016"/>
  <testcase name="testLoadPKCS12KeyStore{X509KeyType, X509KeyType, String, Integer}[6]" classname="org.apache.zookeeper.common.X509UtilTest" time="0.009"/>
  <testcase name="testLoadPKCS12KeyStore{X509KeyType, X509KeyType, String, Integer}[7]" classname="org.apache.zookeeper.common.X509UtilTest" time="0.01"/>
  <testcase name="testLoadPKCS12KeyStore{X509KeyType, X509KeyType, String, Integer}[8]" classname="org.apache.zookeeper.common.X509UtilTest" time="0.01"/>
  <testcase name="testLoadJKSTrustStoreWithWrongPassword{X509KeyType, X509KeyType, String, Integer}[1]" classname="org.apache.zookeeper.common.X509UtilTest" time="0.003"/>
  <testcase name="testLoadJKSTrustStoreWithWrongPassword{X509KeyType, X509KeyType, String, Integer}[2]" classname="org.apache.zookeeper.common.X509UtilTest" time="0.002"/>
  <testcase name="testLoadJKSTrustStoreWithWrongPassword{X509KeyType, X509KeyType, String, Integer}[3]" classname="org.apache.zookeeper.common.X509UtilTest" time="0"/>
  <testcase name="testLoadJKSTrustStoreWithWrongPassword{X509KeyType, X509KeyType, String, Integer}[4]" classname="org.apache.zookeeper.common.X509UtilTest" time="0"/>
  <testcase name="testLoadJKSTrustStoreWithWrongPassword{X509KeyType, X509KeyType, String, Integer}[5]" classname="org.apache.zookeeper.common.X509UtilTest" time="0.002"/>
  <testcase name="testLoadJKSTrustStoreWithWrongPassword{X509KeyType, X509KeyType, String, Integer}[6]" classname="org.apache.zookeeper.common.X509UtilTest" time="0.002"/>
  <testcase name="testLoadJKSTrustStoreWithWrongPassword{X509KeyType, X509KeyType, String, Integer}[7]" classname="org.apache.zookeeper.common.X509UtilTest" time="0.002"/>
  <testcase name="testLoadJKSTrustStoreWithWrongPassword{X509KeyType, X509KeyType, String, Integer}[8]" classname="org.apache.zookeeper.common.X509UtilTest" time="0.002"/>
  <testcase name="testLoadPKCS12TrustStoreAutodetectStoreFileType{X509KeyType, X509KeyType, String, Integer}[1]" classname="org.apache.zookeeper.common.X509UtilTest" time="0"/>
  <testcase name="testLoadPKCS12TrustStoreAutodetectStoreFileType{X509KeyType, X509KeyType, String, Integer}[2]" classname="org.apache.zookeeper.common.X509UtilTest" time="0"/>
  <testcase name="testLoadPKCS12TrustStoreAutodetectStoreFileType{X509KeyType, X509KeyType, String, Integer}[3]" classname="org.apache.zookeeper.common.X509UtilTest" time="0.003"/>
  <testcase name="testLoadPKCS12TrustStoreAutodetectStoreFileType{X509KeyType, X509KeyType, String, Integer}[4]" classname="org.apache.zookeeper.common.X509UtilTest" time="0.002"/>
  <testcase name="testLoadPKCS12TrustStoreAutodetectStoreFileType{X509KeyType, X509KeyType, String, Integer}[5]" classname="org.apache.zookeeper.common.X509UtilTest" time="0.006"/>
  <testcase name="testLoadPKCS12TrustStoreAutodetectStoreFileType{X509KeyType, X509KeyType, String, Integer}[6]" classname="org.apache.zookeeper.common.X509UtilTest" time="0"/>
  <testcase name="testLoadPKCS12TrustStoreAutodetectStoreFileType{X509KeyType, X509KeyType, String, Integer}[7]" classname="org.apache.zookeeper.common.X509UtilTest" time="0.004"/>
  <testcase name="testLoadPKCS12TrustStoreAutodetectStoreFileType{X509KeyType, X509KeyType, String, Integer}[8]" classname="org.apache.zookeeper.common.X509UtilTest" time="0.001"/>
  <testcase name="testCreateSSLServerSocketWithPort{X509KeyType, X509KeyType, String, Integer}[1]" classname="org.apache.zookeeper.common.X509UtilTest" time="0.006"/>
  <testcase name="testCreateSSLServerSocketWithPort{X509KeyType, X509KeyType, String, Integer}[2]" classname="org.apache.zookeeper.common.X509UtilTest" time="0.006"/>
  <testcase name="testCreateSSLServerSocketWithPort{X509KeyType, X509KeyType, String, Integer}[3]" classname="org.apache.zookeeper.common.X509UtilTest" time="0.003"/>
  <testcase name="testCreateSSLServerSocketWithPort{X509KeyType, X509KeyType, String, Integer}[4]" classname="org.apache.zookeeper.common.X509UtilTest" time="0.006"/>
  <testcase name="testCreateSSLServerSocketWithPort{X509KeyType, X509KeyType, String, Integer}[5]" classname="org.apache.zookeeper.common.X509UtilTest" time="0.003"/>
  <testcase name="testCreateSSLServerSocketWithPort{X509KeyType, X509KeyType, String, Integer}[6]" classname="org.apache.zookeeper.common.X509UtilTest" time="0.002"/>
  <testcase name="testCreateSSLServerSocketWithPort{X509KeyType, X509KeyType, String, Integer}[7]" classname="org.apache.zookeeper.common.X509UtilTest" time="0.052"/>
  <testcase name="testCreateSSLServerSocketWithPort{X509KeyType, X509KeyType, String, Integer}[8]" classname="org.apache.zookeeper.common.X509UtilTest" time="0"/>
  <testcase name="testCreateSSLContextWithCustomCipherSuites{X509KeyType, X509KeyType, String, Integer}[1]" classname="org.apache.zookeeper.common.X509UtilTest" time="0.012"/>
  <testcase name="testCreateSSLContextWithCustomCipherSuites{X509KeyType, X509KeyType, String, Integer}[2]" classname="org.apache.zookeeper.common.X509UtilTest" time="0.003"/>
  <testcase name="testCreateSSLContextWithCustomCipherSuites{X509KeyType, X509KeyType, String, Integer}[3]" classname="org.apache.zookeeper.common.X509UtilTest" time="0.002"/>
  <testcase name="testCreateSSLContextWithCustomCipherSuites{X509KeyType, X509KeyType, String, Integer}[4]" classname="org.apache.zookeeper.common.X509UtilTest" time="0.004"/>
  <testcase name="testCreateSSLContextWithCustomCipherSuites{X509KeyType, X509KeyType, String, Integer}[5]" classname="org.apache.zookeeper.common.X509UtilTest" time="0.003"/>
  <testcase name="testCreateSSLContextWithCustomCipherSuites{X509KeyType, X509KeyType, String, Integer}[6]" classname="org.apache.zookeeper.common.X509UtilTest" time="0.002"/>
  <testcase name="testCreateSSLContextWithCustomCipherSuites{X509KeyType, X509KeyType, String, Integer}[7]" classname="org.apache.zookeeper.common.X509UtilTest" time="0.005"/>
  <testcase name="testCreateSSLContextWithCustomCipherSuites{X509KeyType, X509KeyType, String, Integer}[8]" classname="org.apache.zookeeper.common.X509UtilTest" time="0"/>
  <testcase name="testCRLDisabled{X509KeyType, X509KeyType, String, Integer}[1]" classname="org.apache.zookeeper.common.X509UtilTest" time="0.002"/>
  <testcase name="testCRLDisabled{X509KeyType, X509KeyType, String, Integer}[2]" classname="org.apache.zookeeper.common.X509UtilTest" time="0.002"/>
  <testcase name="testCRLDisabled{X509KeyType, X509KeyType, String, Integer}[3]" classname="org.apache.zookeeper.common.X509UtilTest" time="0.002"/>
  <testcase name="testCRLDisabled{X509KeyType, X509KeyType, String, Integer}[4]" classname="org.apache.zookeeper.common.X509UtilTest" time="0.003"/>
  <testcase name="testCRLDisabled{X509KeyType, X509KeyType, String, Integer}[5]" classname="org.apache.zookeeper.common.X509UtilTest" time="0.001"/>
  <testcase name="testCRLDisabled{X509KeyType, X509KeyType, String, Integer}[6]" classname="org.apache.zookeeper.common.X509UtilTest" time="0.002"/>
  <testcase name="testCRLDisabled{X509KeyType, X509KeyType, String, Integer}[7]" classname="org.apache.zookeeper.common.X509UtilTest" time="0.002"/>
  <testcase name="testCRLDisabled{X509KeyType, X509KeyType, String, Integer}[8]" classname="org.apache.zookeeper.common.X509UtilTest" time="0.002"/>
  <testcase name="testCreateSSLContext_invalidCustomSSLContextClass{X509KeyType, X509KeyType, String, Integer}[1]" classname="org.apache.zookeeper.common.X509UtilTest" time="0.002"/>
  <testcase name="testCreateSSLContext_invalidCustomSSLContextClass{X509KeyType, X509KeyType, String, Integer}[2]" classname="org.apache.zookeeper.common.X509UtilTest" time="0.001"/>
  <testcase name="testCreateSSLContext_invalidCustomSSLContextClass{X509KeyType, X509KeyType, String, Integer}[3]" classname="org.apache.zookeeper.common.X509UtilTest" time="0.001"/>
  <testcase name="testCreateSSLContext_invalidCustomSSLContextClass{X509KeyType, X509KeyType, String, Integer}[4]" classname="org.apache.zookeeper.common.X509UtilTest" time="0.002"/>
  <testcase name="testCreateSSLContext_invalidCustomSSLContextClass{X509KeyType, X509KeyType, String, Integer}[5]" classname="org.apache.zookeeper.common.X509UtilTest" time="0.001"/>
  <testcase name="testCreateSSLContext_invalidCustomSSLContextClass{X509KeyType, X509KeyType, String, Integer}[6]" classname="org.apache.zookeeper.common.X509UtilTest" time="0.001"/>
  <testcase name="testCreateSSLContext_invalidCustomSSLContextClass{X509KeyType, X509KeyType, String, Integer}[7]" classname="org.apache.zookeeper.common.X509UtilTest" time="0"/>
  <testcase name="testCreateSSLContext_invalidCustomSSLContextClass{X509KeyType, X509KeyType, String, Integer}[8]" classname="org.apache.zookeeper.common.X509UtilTest" time="0.001"/>
  <testcase name="testCreateSSLContextWithoutCustomProtocol{X509KeyType, X509KeyType, String, Integer}[1]" classname="org.apache.zookeeper.common.X509UtilTest" time="0.001"/>
  <testcase name="testCreateSSLContextWithoutCustomProtocol{X509KeyType, X509KeyType, String, Integer}[2]" classname="org.apache.zookeeper.common.X509UtilTest" time="0.002"/>
  <testcase name="testCreateSSLContextWithoutCustomProtocol{X509KeyType, X509KeyType, String, Integer}[3]" classname="org.apache.zookeeper.common.X509UtilTest" time="0.002"/>
  <testcase name="testCreateSSLContextWithoutCustomProtocol{X509KeyType, X509KeyType, String, Integer}[4]" classname="org.apache.zookeeper.common.X509UtilTest" time="0.002"/>
  <testcase name="testCreateSSLContextWithoutCustomProtocol{X509KeyType, X509KeyType, String, Integer}[5]" classname="org.apache.zookeeper.common.X509UtilTest" time="0.002"/>
  <testcase name="testCreateSSLContextWithoutCustomProtocol{X509KeyType, X509KeyType, String, Integer}[6]" classname="org.apache.zookeeper.common.X509UtilTest" time="0.001"/>
  <testcase name="testCreateSSLContextWithoutCustomProtocol{X509KeyType, X509KeyType, String, Integer}[7]" classname="org.apache.zookeeper.common.X509UtilTest" time="0.002"/>
  <testcase name="testCreateSSLContextWithoutCustomProtocol{X509KeyType, X509KeyType, String, Integer}[8]" classname="org.apache.zookeeper.common.X509UtilTest" time="0.002"/>
  <testcase name="testOCSPEnabled{X509KeyType, X509KeyType, String, Integer}[1]" classname="org.apache.zookeeper.common.X509UtilTest" time="0.001"/>
  <testcase name="testOCSPEnabled{X509KeyType, X509KeyType, String, Integer}[2]" classname="org.apache.zookeeper.common.X509UtilTest" time="0.001"/>
  <testcase name="testOCSPEnabled{X509KeyType, X509KeyType, String, Integer}[3]" classname="org.apache.zookeeper.common.X509UtilTest" time="0.004"/>
  <testcase name="testOCSPEnabled{X509KeyType, X509KeyType, String, Integer}[4]" classname="org.apache.zookeeper.common.X509UtilTest" time="0.002"/>
  <testcase name="testOCSPEnabled{X509KeyType, X509KeyType, String, Integer}[5]" classname="org.apache.zookeeper.common.X509UtilTest" time="0.002"/>
  <testcase name="testOCSPEnabled{X509KeyType, X509KeyType, String, Integer}[6]" classname="org.apache.zookeeper.common.X509UtilTest" time="0.001"/>
  <testcase name="testOCSPEnabled{X509KeyType, X509KeyType, String, Integer}[7]" classname="org.apache.zookeeper.common.X509UtilTest" time="0.001"/>
  <testcase name="testOCSPEnabled{X509KeyType, X509KeyType, String, Integer}[8]" classname="org.apache.zookeeper.common.X509UtilTest" time="0"/>
  <testcase name="testGetDefaultCipherSuitesJava8{X509KeyType, X509KeyType, String, Integer}[1]" classname="org.apache.zookeeper.common.X509UtilTest" time="0"/>
  <testcase name="testGetDefaultCipherSuitesJava8{X509KeyType, X509KeyType, String, Integer}[2]" classname="org.apache.zookeeper.common.X509UtilTest" time="0"/>
  <testcase name="testGetDefaultCipherSuitesJava8{X509KeyType, X509KeyType, String, Integer}[3]" classname="org.apache.zookeeper.common.X509UtilTest" time="0"/>
  <testcase name="testGetDefaultCipherSuitesJava8{X509KeyType, X509KeyType, String, Integer}[4]" classname="org.apache.zookeeper.common.X509UtilTest" time="0.002"/>
  <testcase name="testGetDefaultCipherSuitesJava8{X509KeyType, X509KeyType, String, Integer}[5]" classname="org.apache.zookeeper.common.X509UtilTest" time="0"/>
  <testcase name="testGetDefaultCipherSuitesJava8{X509KeyType, X509KeyType, String, Integer}[6]" classname="org.apache.zookeeper.common.X509UtilTest" time="0.001"/>
  <testcase name="testGetDefaultCipherSuitesJava8{X509KeyType, X509KeyType, String, Integer}[7]" classname="org.apache.zookeeper.common.X509UtilTest" time="0.001"/>
  <testcase name="testGetDefaultCipherSuitesJava8{X509KeyType, X509KeyType, String, Integer}[8]" classname="org.apache.zookeeper.common.X509UtilTest" time="0.001"/>
  <testcase name="testGetDefaultCipherSuitesJava9{X509KeyType, X509KeyType, String, Integer}[1]" classname="org.apache.zookeeper.common.X509UtilTest" time="0.001"/>
  <testcase name="testGetDefaultCipherSuitesJava9{X509KeyType, X509KeyType, String, Integer}[2]" classname="org.apache.zookeeper.common.X509UtilTest" time="0.001"/>
  <testcase name="testGetDefaultCipherSuitesJava9{X509KeyType, X509KeyType, String, Integer}[3]" classname="org.apache.zookeeper.common.X509UtilTest" time="0.001"/>
  <testcase name="testGetDefaultCipherSuitesJava9{X509KeyType, X509KeyType, String, Integer}[4]" classname="org.apache.zookeeper.common.X509UtilTest" time="0.001"/>
  <testcase name="testGetDefaultCipherSuitesJava9{X509KeyType, X509KeyType, String, Integer}[5]" classname="org.apache.zookeeper.common.X509UtilTest" time="0.001"/>
  <testcase name="testGetDefaultCipherSuitesJava9{X509KeyType, X509KeyType, String, Integer}[6]" classname="org.apache.zookeeper.common.X509UtilTest" time="0.001"/>
  <testcase name="testGetDefaultCipherSuitesJava9{X509KeyType, X509KeyType, String, Integer}[7]" classname="org.apache.zookeeper.common.X509UtilTest" time="0.001"/>
  <testcase name="testGetDefaultCipherSuitesJava9{X509KeyType, X509KeyType, String, Integer}[8]" classname="org.apache.zookeeper.common.X509UtilTest" time="0.002"/>
  <testcase name="testLoadJKSKeyStoreNullPassword{X509KeyType, X509KeyType, String, Integer}[1]" classname="org.apache.zookeeper.common.X509UtilTest" time="0.001"/>
  <testcase name="testLoadJKSKeyStoreNullPassword{X509KeyType, X509KeyType, String, Integer}[2]" classname="org.apache.zookeeper.common.X509UtilTest" time="0.001"/>
  <testcase name="testLoadJKSKeyStoreNullPassword{X509KeyType, X509KeyType, String, Integer}[3]" classname="org.apache.zookeeper.common.X509UtilTest" time="0.001"/>
  <testcase name="testLoadJKSKeyStoreNullPassword{X509KeyType, X509KeyType, String, Integer}[4]" classname="org.apache.zookeeper.common.X509UtilTest" time="0"/>
  <testcase name="testLoadJKSKeyStoreNullPassword{X509KeyType, X509KeyType, String, Integer}[5]" classname="org.apache.zookeeper.common.X509UtilTest" time="0.001"/>
  <testcase name="testLoadJKSKeyStoreNullPassword{X509KeyType, X509KeyType, String, Integer}[6]" classname="org.apache.zookeeper.common.X509UtilTest" time="0"/>
  <testcase name="testLoadJKSKeyStoreNullPassword{X509KeyType, X509KeyType, String, Integer}[7]" classname="org.apache.zookeeper.common.X509UtilTest" time="0"/>
  <testcase name="testLoadJKSKeyStoreNullPassword{X509KeyType, X509KeyType, String, Integer}[8]" classname="org.apache.zookeeper.common.X509UtilTest" time="0"/>
  <testcase name="testLoadJKSKeyStoreAutodetectStoreFileType{X509KeyType, X509KeyType, String, Integer}[1]" classname="org.apache.zookeeper.common.X509UtilTest" time="0.001"/>
  <testcase name="testLoadJKSKeyStoreAutodetectStoreFileType{X509KeyType, X509KeyType, String, Integer}[2]" classname="org.apache.zookeeper.common.X509UtilTest" time="0.001"/>
  <testcase name="testLoadJKSKeyStoreAutodetectStoreFileType{X509KeyType, X509KeyType, String, Integer}[3]" classname="org.apache.zookeeper.common.X509UtilTest" time="0.002"/>
  <testcase name="testLoadJKSKeyStoreAutodetectStoreFileType{X509KeyType, X509KeyType, String, Integer}[4]" classname="org.apache.zookeeper.common.X509UtilTest" time="0.001"/>
  <testcase name="testLoadJKSKeyStoreAutodetectStoreFileType{X509KeyType, X509KeyType, String, Integer}[5]" classname="org.apache.zookeeper.common.X509UtilTest" time="0.001"/>
  <testcase name="testLoadJKSKeyStoreAutodetectStoreFileType{X509KeyType, X509KeyType, String, Integer}[6]" classname="org.apache.zookeeper.common.X509UtilTest" time="0.001"/>
  <testcase name="testLoadJKSKeyStoreAutodetectStoreFileType{X509KeyType, X509KeyType, String, Integer}[7]" classname="org.apache.zookeeper.common.X509UtilTest" time="0.001"/>
  <testcase name="testLoadJKSKeyStoreAutodetectStoreFileType{X509KeyType, X509KeyType, String, Integer}[8]" classname="org.apache.zookeeper.common.X509UtilTest" time="0"/>
  <testcase name="testCreateSSLContext_validCustomSSLContextClass{X509KeyType, X509KeyType, String, Integer}[1]" classname="org.apache.zookeeper.common.X509UtilTest" time="0.016"/>
  <testcase name="testCreateSSLContext_validCustomSSLContextClass{X509KeyType, X509KeyType, String, Integer}[2]" classname="org.apache.zookeeper.common.X509UtilTest" time="0"/>
  <testcase name="testCreateSSLContext_validCustomSSLContextClass{X509KeyType, X509KeyType, String, Integer}[3]" classname="org.apache.zookeeper.common.X509UtilTest" time="0"/>
  <testcase name="testCreateSSLContext_validCustomSSLContextClass{X509KeyType, X509KeyType, String, Integer}[4]" classname="org.apache.zookeeper.common.X509UtilTest" time="0"/>
  <testcase name="testCreateSSLContext_validCustomSSLContextClass{X509KeyType, X509KeyType, String, Integer}[5]" classname="org.apache.zookeeper.common.X509UtilTest" time="0"/>
  <testcase name="testCreateSSLContext_validCustomSSLContextClass{X509KeyType, X509KeyType, String, Integer}[6]" classname="org.apache.zookeeper.common.X509UtilTest" time="0"/>
  <testcase name="testCreateSSLContext_validCustomSSLContextClass{X509KeyType, X509KeyType, String, Integer}[7]" classname="org.apache.zookeeper.common.X509UtilTest" time="0.001"/>
  <testcase name="testCreateSSLContext_validCustomSSLContextClass{X509KeyType, X509KeyType, String, Integer}[8]" classname="org.apache.zookeeper.common.X509UtilTest" time="0.001"/>
  <testcase name="testLoadPEMTrustStoreAutodetectStoreFileType{X509KeyType, X509KeyType, String, Integer}[1]" classname="org.apache.zookeeper.common.X509UtilTest" time="0.002"/>
  <testcase name="testLoadPEMTrustStoreAutodetectStoreFileType{X509KeyType, X509KeyType, String, Integer}[2]" classname="org.apache.zookeeper.common.X509UtilTest" time="0.003"/>
  <testcase name="testLoadPEMTrustStoreAutodetectStoreFileType{X509KeyType, X509KeyType, String, Integer}[3]" classname="org.apache.zookeeper.common.X509UtilTest" time="0.002"/>
  <testcase name="testLoadPEMTrustStoreAutodetectStoreFileType{X509KeyType, X509KeyType, String, Integer}[4]" classname="org.apache.zookeeper.common.X509UtilTest" time="0.002"/>
  <testcase name="testLoadPEMTrustStoreAutodetectStoreFileType{X509KeyType, X509KeyType, String, Integer}[5]" classname="org.apache.zookeeper.common.X509UtilTest" time="0.001"/>
  <testcase name="testLoadPEMTrustStoreAutodetectStoreFileType{X509KeyType, X509KeyType, String, Integer}[6]" classname="org.apache.zookeeper.common.X509UtilTest" time="0.002"/>
  <testcase name="testLoadPEMTrustStoreAutodetectStoreFileType{X509KeyType, X509KeyType, String, Integer}[7]" classname="org.apache.zookeeper.common.X509UtilTest" time="0.002"/>
  <testcase name="testLoadPEMTrustStoreAutodetectStoreFileType{X509KeyType, X509KeyType, String, Integer}[8]" classname="org.apache.zookeeper.common.X509UtilTest" time="0.002"/>
  <testcase name="testLoadJKSKeyStore{X509KeyType, X509KeyType, String, Integer}[1]" classname="org.apache.zookeeper.common.X509UtilTest" time="0.002"/>
  <testcase name="testLoadJKSKeyStore{X509KeyType, X509KeyType, String, Integer}[2]" classname="org.apache.zookeeper.common.X509UtilTest" time="0.001"/>
  <testcase name="testLoadJKSKeyStore{X509KeyType, X509KeyType, String, Integer}[3]" classname="org.apache.zookeeper.common.X509UtilTest" time="0.002"/>
  <testcase name="testLoadJKSKeyStore{X509KeyType, X509KeyType, String, Integer}[4]" classname="org.apache.zookeeper.common.X509UtilTest" time="0.001"/>
  <testcase name="testLoadJKSKeyStore{X509KeyType, X509KeyType, String, Integer}[5]" classname="org.apache.zookeeper.common.X509UtilTest" time="0.001"/>
  <testcase name="testLoadJKSKeyStore{X509KeyType, X509KeyType, String, Integer}[6]" classname="org.apache.zookeeper.common.X509UtilTest" time="0.001"/>
  <testcase name="testLoadJKSKeyStore{X509KeyType, X509KeyType, String, Integer}[7]" classname="org.apache.zookeeper.common.X509UtilTest" time="0.001"/>
  <testcase name="testLoadJKSKeyStore{X509KeyType, X509KeyType, String, Integer}[8]" classname="org.apache.zookeeper.common.X509UtilTest" time="0.001"/>
  <testcase name="testLoadJKSTrustStoreNullPassword{X509KeyType, X509KeyType, String, Integer}[1]" classname="org.apache.zookeeper.common.X509UtilTest" time="0.003"/>
  <testcase name="testLoadJKSTrustStoreNullPassword{X509KeyType, X509KeyType, String, Integer}[2]" classname="org.apache.zookeeper.common.X509UtilTest" time="0.001"/>
  <testcase name="testLoadJKSTrustStoreNullPassword{X509KeyType, X509KeyType, String, Integer}[3]" classname="org.apache.zookeeper.common.X509UtilTest" time="0.001"/>
  <testcase name="testLoadJKSTrustStoreNullPassword{X509KeyType, X509KeyType, String, Integer}[4]" classname="org.apache.zookeeper.common.X509UtilTest" time="0.001"/>
  <testcase name="testLoadJKSTrustStoreNullPassword{X509KeyType, X509KeyType, String, Integer}[5]" classname="org.apache.zookeeper.common.X509UtilTest" time="0.002"/>
  <testcase name="testLoadJKSTrustStoreNullPassword{X509KeyType, X509KeyType, String, Integer}[6]" classname="org.apache.zookeeper.common.X509UtilTest" time="0.001"/>
  <testcase name="testLoadJKSTrustStoreNullPassword{X509KeyType, X509KeyType, String, Integer}[7]" classname="org.apache.zookeeper.common.X509UtilTest" time="0.002"/>
  <testcase name="testLoadJKSTrustStoreNullPassword{X509KeyType, X509KeyType, String, Integer}[8]" classname="org.apache.zookeeper.common.X509UtilTest" time="0.001"/>
  <testcase name="testLoadJKSTrustStoreAutodetectStoreFileType{X509KeyType, X509KeyType, String, Integer}[1]" classname="org.apache.zookeeper.common.X509UtilTest" time="0.001"/>
  <testcase name="testLoadJKSTrustStoreAutodetectStoreFileType{X509KeyType, X509KeyType, String, Integer}[2]" classname="org.apache.zookeeper.common.X509UtilTest" time="0.002"/>
  <testcase name="testLoadJKSTrustStoreAutodetectStoreFileType{X509KeyType, X509KeyType, String, Integer}[3]" classname="org.apache.zookeeper.common.X509UtilTest" time="0.001"/>
  <testcase name="testLoadJKSTrustStoreAutodetectStoreFileType{X509KeyType, X509KeyType, String, Integer}[4]" classname="org.apache.zookeeper.common.X509UtilTest" time="0.001"/>
  <testcase name="testLoadJKSTrustStoreAutodetectStoreFileType{X509KeyType, X509KeyType, String, Integer}[5]" classname="org.apache.zookeeper.common.X509UtilTest" time="0.001"/>
  <testcase name="testLoadJKSTrustStoreAutodetectStoreFileType{X509KeyType, X509KeyType, String, Integer}[6]" classname="org.apache.zookeeper.common.X509UtilTest" time="0.001"/>
  <testcase name="testLoadJKSTrustStoreAutodetectStoreFileType{X509KeyType, X509KeyType, String, Integer}[7]" classname="org.apache.zookeeper.common.X509UtilTest" time="0.001"/>
  <testcase name="testLoadJKSTrustStoreAutodetectStoreFileType{X509KeyType, X509KeyType, String, Integer}[8]" classname="org.apache.zookeeper.common.X509UtilTest" time="0.001"/>
  <testcase name="testCreateSSLContextWithCustomProtocol{X509KeyType, X509KeyType, String, Integer}[1]" classname="org.apache.zookeeper.common.X509UtilTest" time="0.002"/>
  <testcase name="testCreateSSLContextWithCustomProtocol{X509KeyType, X509KeyType, String, Integer}[2]" classname="org.apache.zookeeper.common.X509UtilTest" time="0.001"/>
  <testcase name="testCreateSSLContextWithCustomProtocol{X509KeyType, X509KeyType, String, Integer}[3]" classname="org.apache.zookeeper.common.X509UtilTest" time="0.001"/>
  <testcase name="testCreateSSLContextWithCustomProtocol{X509KeyType, X509KeyType, String, Integer}[4]" classname="org.apache.zookeeper.common.X509UtilTest" time="0.002"/>
  <testcase name="testCreateSSLContextWithCustomProtocol{X509KeyType, X509KeyType, String, Integer}[5]" classname="org.apache.zookeeper.common.X509UtilTest" time="0.001"/>
  <testcase name="testCreateSSLContextWithCustomProtocol{X509KeyType, X509KeyType, String, Integer}[6]" classname="org.apache.zookeeper.common.X509UtilTest" time="0.001"/>
  <testcase name="testCreateSSLContextWithCustomProtocol{X509KeyType, X509KeyType, String, Integer}[7]" classname="org.apache.zookeeper.common.X509UtilTest" time="0.001"/>
  <testcase name="testCreateSSLContextWithCustomProtocol{X509KeyType, X509KeyType, String, Integer}[8]" classname="org.apache.zookeeper.common.X509UtilTest" time="0.001"/>
  <testcase name="testLoadJKSKeyStoreWithWrongPassword{X509KeyType, X509KeyType, String, Integer}[1]" classname="org.apache.zookeeper.common.X509UtilTest" time="0.002"/>
  <testcase name="testLoadJKSKeyStoreWithWrongPassword{X509KeyType, X509KeyType, String, Integer}[2]" classname="org.apache.zookeeper.common.X509UtilTest" time="0.001"/>
  <testcase name="testLoadJKSKeyStoreWithWrongPassword{X509KeyType, X509KeyType, String, Integer}[3]" classname="org.apache.zookeeper.common.X509UtilTest" time="0.002"/>
  <testcase name="testLoadJKSKeyStoreWithWrongPassword{X509KeyType, X509KeyType, String, Integer}[4]" classname="org.apache.zookeeper.common.X509UtilTest" time="0.001"/>
  <testcase name="testLoadJKSKeyStoreWithWrongPassword{X509KeyType, X509KeyType, String, Integer}[5]" classname="org.apache.zookeeper.common.X509UtilTest" time="0.001"/>
  <testcase name="testLoadJKSKeyStoreWithWrongPassword{X509KeyType, X509KeyType, String, Integer}[6]" classname="org.apache.zookeeper.common.X509UtilTest" time="0.001"/>
  <testcase name="testLoadJKSKeyStoreWithWrongPassword{X509KeyType, X509KeyType, String, Integer}[7]" classname="org.apache.zookeeper.common.X509UtilTest" time="0.002"/>
  <testcase name="testLoadJKSKeyStoreWithWrongPassword{X509KeyType, X509KeyType, String, Integer}[8]" classname="org.apache.zookeeper.common.X509UtilTest" time="0.001"/>
  <testcase name="testLoadPKCS12TrustStoreNullPassword{X509KeyType, X509KeyType, String, Integer}[1]" classname="org.apache.zookeeper.common.X509UtilTest" time="0.002"/>
  <testcase name="testLoadPKCS12TrustStoreNullPassword{X509KeyType, X509KeyType, String, Integer}[2]" classname="org.apache.zookeeper.common.X509UtilTest" time="0"/>
  <testcase name="testLoadPKCS12TrustStoreNullPassword{X509KeyType, X509KeyType, String, Integer}[3]" classname="org.apache.zookeeper.common.X509UtilTest" time="0.002"/>
  <testcase name="testLoadPKCS12TrustStoreNullPassword{X509KeyType, X509KeyType, String, Integer}[4]" classname="org.apache.zookeeper.common.X509UtilTest" time="0.001"/>
  <testcase name="testLoadPKCS12TrustStoreNullPassword{X509KeyType, X509KeyType, String, Integer}[5]" classname="org.apache.zookeeper.common.X509UtilTest" time="0.002"/>
  <testcase name="testLoadPKCS12TrustStoreNullPassword{X509KeyType, X509KeyType, String, Integer}[6]" classname="org.apache.zookeeper.common.X509UtilTest" time="0"/>
  <testcase name="testLoadPKCS12TrustStoreNullPassword{X509KeyType, X509KeyType, String, Integer}[7]" classname="org.apache.zookeeper.common.X509UtilTest" time="0.002"/>
  <testcase name="testLoadPKCS12TrustStoreNullPassword{X509KeyType, X509KeyType, String, Integer}[8]" classname="org.apache.zookeeper.common.X509UtilTest" time="0"/>
  <testcase name="testGetDefaultCipherSuitesUnknownVersion{X509KeyType, X509KeyType, String, Integer}[1]" classname="org.apache.zookeeper.common.X509UtilTest" time="0.001"/>
  <testcase name="testGetDefaultCipherSuitesUnknownVersion{X509KeyType, X509KeyType, String, Integer}[2]" classname="org.apache.zookeeper.common.X509UtilTest" time="0.001"/>
  <testcase name="testGetDefaultCipherSuitesUnknownVersion{X509KeyType, X509KeyType, String, Integer}[3]" classname="org.apache.zookeeper.common.X509UtilTest" time="0.001"/>
  <testcase name="testGetDefaultCipherSuitesUnknownVersion{X509KeyType, X509KeyType, String, Integer}[4]" classname="org.apache.zookeeper.common.X509UtilTest" time="0.001"/>
  <testcase name="testGetDefaultCipherSuitesUnknownVersion{X509KeyType, X509KeyType, String, Integer}[5]" classname="org.apache.zookeeper.common.X509UtilTest" time="0.001"/>
  <testcase name="testGetDefaultCipherSuitesUnknownVersion{X509KeyType, X509KeyType, String, Integer}[6]" classname="org.apache.zookeeper.common.X509UtilTest" time="0"/>
  <testcase name="testGetDefaultCipherSuitesUnknownVersion{X509KeyType, X509KeyType, String, Integer}[7]" classname="org.apache.zookeeper.common.X509UtilTest" time="0"/>
  <testcase name="testGetDefaultCipherSuitesUnknownVersion{X509KeyType, X509KeyType, String, Integer}[8]" classname="org.apache.zookeeper.common.X509UtilTest" time="0"/>
  <testcase name="testGetSslHandshakeDetectionTimeoutMillisProperty{X509KeyType, X509KeyType, String, Integer}[1]" classname="org.apache.zookeeper.common.X509UtilTest" time="0.003"/>
  <testcase name="testGetSslHandshakeDetectionTimeoutMillisProperty{X509KeyType, X509KeyType, String, Integer}[2]" classname="org.apache.zookeeper.common.X509UtilTest" time="0.003"/>
  <testcase name="testGetSslHandshakeDetectionTimeoutMillisProperty{X509KeyType, X509KeyType, String, Integer}[3]" classname="org.apache.zookeeper.common.X509UtilTest" time="0.003"/>
  <testcase name="testGetSslHandshakeDetectionTimeoutMillisProperty{X509KeyType, X509KeyType, String, Integer}[4]" classname="org.apache.zookeeper.common.X509UtilTest" time="0.003"/>
  <testcase name="testGetSslHandshakeDetectionTimeoutMillisProperty{X509KeyType, X509KeyType, String, Integer}[5]" classname="org.apache.zookeeper.common.X509UtilTest" time="0.003"/>
  <testcase name="testGetSslHandshakeDetectionTimeoutMillisProperty{X509KeyType, X509KeyType, String, Integer}[6]" classname="org.apache.zookeeper.common.X509UtilTest" time="0.003"/>
  <testcase name="testGetSslHandshakeDetectionTimeoutMillisProperty{X509KeyType, X509KeyType, String, Integer}[7]" classname="org.apache.zookeeper.common.X509UtilTest" time="0.004"/>
  <testcase name="testGetSslHandshakeDetectionTimeoutMillisProperty{X509KeyType, X509KeyType, String, Integer}[8]" classname="org.apache.zookeeper.common.X509UtilTest" time="0.004"/>
  <testcase name="testLoadPKCS12KeyStoreAutodetectStoreFileType{X509KeyType, X509KeyType, String, Integer}[1]" classname="org.apache.zookeeper.common.X509UtilTest" time="0.003"/>
  <testcase name="testLoadPKCS12KeyStoreAutodetectStoreFileType{X509KeyType, X509KeyType, String, Integer}[2]" classname="org.apache.zookeeper.common.X509UtilTest" time="0.003"/>
  <testcase name="testLoadPKCS12KeyStoreAutodetectStoreFileType{X509KeyType, X509KeyType, String, Integer}[3]" classname="org.apache.zookeeper.common.X509UtilTest" time="0.002"/>
  <testcase name="testLoadPKCS12KeyStoreAutodetectStoreFileType{X509KeyType, X509KeyType, String, Integer}[4]" classname="org.apache.zookeeper.common.X509UtilTest" time="0.003"/>
  <testcase name="testLoadPKCS12KeyStoreAutodetectStoreFileType{X509KeyType, X509KeyType, String, Integer}[5]" classname="org.apache.zookeeper.common.X509UtilTest" time="0.002"/>
  <testcase name="testLoadPKCS12KeyStoreAutodetectStoreFileType{X509KeyType, X509KeyType, String, Integer}[6]" classname="org.apache.zookeeper.common.X509UtilTest" time="0.002"/>
  <testcase name="testLoadPKCS12KeyStoreAutodetectStoreFileType{X509KeyType, X509KeyType, String, Integer}[7]" classname="org.apache.zookeeper.common.X509UtilTest" time="0.004"/>
  <testcase name="testLoadPKCS12KeyStoreAutodetectStoreFileType{X509KeyType, X509KeyType, String, Integer}[8]" classname="org.apache.zookeeper.common.X509UtilTest" time="0.001"/>
  <testcase name="testCreateSSLSocket{X509KeyType, X509KeyType, String, Integer}[1]" classname="org.apache.zookeeper.common.X509UtilTest" time="0.002"/>
  <testcase name="testCreateSSLSocket{X509KeyType, X509KeyType, String, Integer}[2]" classname="org.apache.zookeeper.common.X509UtilTest" time="0.002"/>
  <testcase name="testCreateSSLSocket{X509KeyType, X509KeyType, String, Integer}[3]" classname="org.apache.zookeeper.common.X509UtilTest" time="0.002"/>
  <testcase name="testCreateSSLSocket{X509KeyType, X509KeyType, String, Integer}[4]" classname="org.apache.zookeeper.common.X509UtilTest" time="0.002"/>
  <testcase name="testCreateSSLSocket{X509KeyType, X509KeyType, String, Integer}[5]" classname="org.apache.zookeeper.common.X509UtilTest" time="0.004"/>
  <testcase name="testCreateSSLSocket{X509KeyType, X509KeyType, String, Integer}[6]" classname="org.apache.zookeeper.common.X509UtilTest" time="0.001"/>
  <testcase name="testCreateSSLSocket{X509KeyType, X509KeyType, String, Integer}[7]" classname="org.apache.zookeeper.common.X509UtilTest" time="0.002"/>
  <testcase name="testCreateSSLSocket{X509KeyType, X509KeyType, String, Integer}[8]" classname="org.apache.zookeeper.common.X509UtilTest" time="0.002"/>
  <testcase name="testLoadPEMTrustStore{X509KeyType, X509KeyType, String, Integer}[1]" classname="org.apache.zookeeper.common.X509UtilTest" time="0.001"/>
  <testcase name="testLoadPEMTrustStore{X509KeyType, X509KeyType, String, Integer}[2]" classname="org.apache.zookeeper.common.X509UtilTest" time="0.001"/>
  <testcase name="testLoadPEMTrustStore{X509KeyType, X509KeyType, String, Integer}[3]" classname="org.apache.zookeeper.common.X509UtilTest" time="0.001"/>
  <testcase name="testLoadPEMTrustStore{X509KeyType, X509KeyType, String, Integer}[4]" classname="org.apache.zookeeper.common.X509UtilTest" time="0.001"/>
  <testcase name="testLoadPEMTrustStore{X509KeyType, X509KeyType, String, Integer}[5]" classname="org.apache.zookeeper.common.X509UtilTest" time="0.001"/>
  <testcase name="testLoadPEMTrustStore{X509KeyType, X509KeyType, String, Integer}[6]" classname="org.apache.zookeeper.common.X509UtilTest" time="0.001"/>
  <testcase name="testLoadPEMTrustStore{X509KeyType, X509KeyType, String, Integer}[7]" classname="org.apache.zookeeper.common.X509UtilTest" time="0.001"/>
  <testcase name="testLoadPEMTrustStore{X509KeyType, X509KeyType, String, Integer}[8]" classname="org.apache.zookeeper.common.X509UtilTest" time="0.002"/>
  <testcase name="testGetDefaultCipherSuitesJava10{X509KeyType, X509KeyType, String, Integer}[1]" classname="org.apache.zookeeper.common.X509UtilTest" time="0"/>
  <testcase name="testGetDefaultCipherSuitesJava10{X509KeyType, X509KeyType, String, Integer}[2]" classname="org.apache.zookeeper.common.X509UtilTest" time="0"/>
  <testcase name="testGetDefaultCipherSuitesJava10{X509KeyType, X509KeyType, String, Integer}[3]" classname="org.apache.zookeeper.common.X509UtilTest" time="0"/>
  <testcase name="testGetDefaultCipherSuitesJava10{X509KeyType, X509KeyType, String, Integer}[4]" classname="org.apache.zookeeper.common.X509UtilTest" time="0"/>
  <testcase name="testGetDefaultCipherSuitesJava10{X509KeyType, X509KeyType, String, Integer}[5]" classname="org.apache.zookeeper.common.X509UtilTest" time="0"/>
  <testcase name="testGetDefaultCipherSuitesJava10{X509KeyType, X509KeyType, String, Integer}[6]" classname="org.apache.zookeeper.common.X509UtilTest" time="0.001"/>
  <testcase name="testGetDefaultCipherSuitesJava10{X509KeyType, X509KeyType, String, Integer}[7]" classname="org.apache.zookeeper.common.X509UtilTest" time="0.001"/>
  <testcase name="testGetDefaultCipherSuitesJava10{X509KeyType, X509KeyType, String, Integer}[8]" classname="org.apache.zookeeper.common.X509UtilTest" time="0.004"/>
  <testcase name="testGetDefaultCipherSuitesJava11{X509KeyType, X509KeyType, String, Integer}[1]" classname="org.apache.zookeeper.common.X509UtilTest" time="0.002"/>
  <testcase name="testGetDefaultCipherSuitesJava11{X509KeyType, X509KeyType, String, Integer}[2]" classname="org.apache.zookeeper.common.X509UtilTest" time="0.005"/>
  <testcase name="testGetDefaultCipherSuitesJava11{X509KeyType, X509KeyType, String, Integer}[3]" classname="org.apache.zookeeper.common.X509UtilTest" time="0.001"/>
  <testcase name="testGetDefaultCipherSuitesJava11{X509KeyType, X509KeyType, String, Integer}[4]" classname="org.apache.zookeeper.common.X509UtilTest" time="0.003"/>
  <testcase name="testGetDefaultCipherSuitesJava11{X509KeyType, X509KeyType, String, Integer}[5]" classname="org.apache.zookeeper.common.X509UtilTest" time="0.001"/>
  <testcase name="testGetDefaultCipherSuitesJava11{X509KeyType, X509KeyType, String, Integer}[6]" classname="org.apache.zookeeper.common.X509UtilTest" time="0"/>
  <testcase name="testGetDefaultCipherSuitesJava11{X509KeyType, X509KeyType, String, Integer}[7]" classname="org.apache.zookeeper.common.X509UtilTest" time="0.001"/>
  <testcase name="testGetDefaultCipherSuitesJava11{X509KeyType, X509KeyType, String, Integer}[8]" classname="org.apache.zookeeper.common.X509UtilTest" time="0.001"/>
  <testcase name="testLoadPEMKeyStoreNullPassword{X509KeyType, X509KeyType, String, Integer}[1]" classname="org.apache.zookeeper.common.X509UtilTest" time="0.005"/>
  <testcase name="testLoadPEMKeyStoreNullPassword{X509KeyType, X509KeyType, String, Integer}[2]" classname="org.apache.zookeeper.common.X509UtilTest" time="0.001"/>
  <testcase name="testLoadPEMKeyStoreNullPassword{X509KeyType, X509KeyType, String, Integer}[3]" classname="org.apache.zookeeper.common.X509UtilTest" time="0.005"/>
  <testcase name="testLoadPEMKeyStoreNullPassword{X509KeyType, X509KeyType, String, Integer}[4]" classname="org.apache.zookeeper.common.X509UtilTest" time="0"/>
  <testcase name="testLoadPEMKeyStoreNullPassword{X509KeyType, X509KeyType, String, Integer}[5]" classname="org.apache.zookeeper.common.X509UtilTest" time="0.003"/>
  <testcase name="testLoadPEMKeyStoreNullPassword{X509KeyType, X509KeyType, String, Integer}[6]" classname="org.apache.zookeeper.common.X509UtilTest" time="0.002"/>
  <testcase name="testLoadPEMKeyStoreNullPassword{X509KeyType, X509KeyType, String, Integer}[7]" classname="org.apache.zookeeper.common.X509UtilTest" time="0.005"/>
  <testcase name="testLoadPEMKeyStoreNullPassword{X509KeyType, X509KeyType, String, Integer}[8]" classname="org.apache.zookeeper.common.X509UtilTest" time="0.002"/>
  <testcase name="testLoadPEMKeyStoreAutodetectStoreFileType{X509KeyType, X509KeyType, String, Integer}[1]" classname="org.apache.zookeeper.common.X509UtilTest" time="0.002"/>
  <testcase name="testLoadPEMKeyStoreAutodetectStoreFileType{X509KeyType, X509KeyType, String, Integer}[2]" classname="org.apache.zookeeper.common.X509UtilTest" time="0.46">
    <error message="org.bouncycastle.operator.OperatorCreationException: Illegal key size or default parameters" type="java.io.IOException">java.io.IOException: org.bouncycastle.operator.OperatorCreationException: Illegal key size or default parameters
	at org.apache.zookeeper.common.X509TestContext.getKeyStorePemFile(X509TestContext.java:307)
	at org.apache.zookeeper.common.X509TestContext.getKeyStoreFile(X509TestContext.java:270)
	at org.apache.zookeeper.common.X509UtilTest.testLoadPEMKeyStoreAutodetectStoreFileType(X509UtilTest.java:278)
Caused by: org.bouncycastle.operator.OperatorCreationException: Illegal key size or default parameters
	at org.apache.zookeeper.common.X509TestHelpers.pemEncodePrivateKey(X509TestHelpers.java:273)
	at org.apache.zookeeper.common.X509TestHelpers.pemEncodeCertAndPrivateKey(X509TestHelpers.java:255)
	at org.apache.zookeeper.common.X509TestContext.getKeyStorePemFile(X509TestContext.java:304)
	... 2 more
Caused by: java.security.InvalidKeyException: Illegal key size or default parameters
	at javax.crypto.Cipher.checkCryptoPerm(Cipher.java:1021)
	at javax.crypto.Cipher.init(Cipher.java:1225)
	at javax.crypto.Cipher.init(Cipher.java:1166)
	... 5 more
</error>
    <system-out><![CDATA[2021-11-08 11:05:52,735 [myid:] - INFO  [main:ZKTestCase@77] - STARTING Optional[public void org.apache.zookeeper.common.X509UtilTest.testLoadPEMKeyStoreAutodetectStoreFileType(org.apache.zookeeper.common.X509KeyType,org.apache.zookeeper.common.X509KeyType,java.lang.String,java.lang.Integer) throws java.lang.Exception]
2021-11-08 11:05:53,193 [myid:] - INFO  [main:ZKTestCase@82] - FINISHED Optional[public void org.apache.zookeeper.common.X509UtilTest.testLoadPEMKeyStoreAutodetectStoreFileType(org.apache.zookeeper.common.X509KeyType,org.apache.zookeeper.common.X509KeyType,java.lang.String,java.lang.Integer) throws java.lang.Exception]
]]></system-out>
  </testcase>
  <testcase name="testLoadPEMKeyStoreAutodetectStoreFileType{X509KeyType, X509KeyType, String, Integer}[3]" classname="org.apache.zookeeper.common.X509UtilTest" time="0.004"/>
  <testcase name="testLoadPEMKeyStoreAutodetectStoreFileType{X509KeyType, X509KeyType, String, Integer}[4]" classname="org.apache.zookeeper.common.X509UtilTest" time="0.003">
    <error message="org.bouncycastle.operator.OperatorCreationException: Illegal key size or default parameters" type="java.io.IOException">java.io.IOException: org.bouncycastle.operator.OperatorCreationException: Illegal key size or default parameters
	at org.apache.zookeeper.common.X509TestContext.getKeyStorePemFile(X509TestContext.java:307)
	at org.apache.zookeeper.common.X509TestContext.getKeyStoreFile(X509TestContext.java:270)
	at org.apache.zookeeper.common.X509UtilTest.testLoadPEMKeyStoreAutodetectStoreFileType(X509UtilTest.java:278)
Caused by: org.bouncycastle.operator.OperatorCreationException: Illegal key size or default parameters
	at org.apache.zookeeper.common.X509TestHelpers.pemEncodePrivateKey(X509TestHelpers.java:273)
	at org.apache.zookeeper.common.X509TestHelpers.pemEncodeCertAndPrivateKey(X509TestHelpers.java:255)
	at org.apache.zookeeper.common.X509TestContext.getKeyStorePemFile(X509TestContext.java:304)
	... 2 more
Caused by: java.security.InvalidKeyException: Illegal key size or default parameters
	at javax.crypto.Cipher.checkCryptoPerm(Cipher.java:1021)
	at javax.crypto.Cipher.init(Cipher.java:1225)
	at javax.crypto.Cipher.init(Cipher.java:1166)
	... 5 more
</error>
    <system-out><![CDATA[2021-11-08 11:05:53,199 [myid:] - INFO  [main:ZKTestCase@77] - STARTING Optional[public void org.apache.zookeeper.common.X509UtilTest.testLoadPEMKeyStoreAutodetectStoreFileType(org.apache.zookeeper.common.X509KeyType,org.apache.zookeeper.common.X509KeyType,java.lang.String,java.lang.Integer) throws java.lang.Exception]
2021-11-08 11:05:53,201 [myid:] - INFO  [main:ZKTestCase@82] - FINISHED Optional[public void org.apache.zookeeper.common.X509UtilTest.testLoadPEMKeyStoreAutodetectStoreFileType(org.apache.zookeeper.common.X509KeyType,org.apache.zookeeper.common.X509KeyType,java.lang.String,java.lang.Integer) throws java.lang.Exception]
]]></system-out>
  </testcase>
  <testcase name="testLoadPEMKeyStoreAutodetectStoreFileType{X509KeyType, X509KeyType, String, Integer}[5]" classname="org.apache.zookeeper.common.X509UtilTest" time="0.005"/>
  <testcase name="testLoadPEMKeyStoreAutodetectStoreFileType{X509KeyType, X509KeyType, String, Integer}[6]" classname="org.apache.zookeeper.common.X509UtilTest" time="0">
    <error message="org.bouncycastle.operator.OperatorCreationException: Illegal key size or default parameters" type="java.io.IOException">java.io.IOException: org.bouncycastle.operator.OperatorCreationException: Illegal key size or default parameters
	at org.apache.zookeeper.common.X509TestContext.getKeyStorePemFile(X509TestContext.java:307)
	at org.apache.zookeeper.common.X509TestContext.getKeyStoreFile(X509TestContext.java:270)
	at org.apache.zookeeper.common.X509UtilTest.testLoadPEMKeyStoreAutodetectStoreFileType(X509UtilTest.java:278)
Caused by: org.bouncycastle.operator.OperatorCreationException: Illegal key size or default parameters
	at org.apache.zookeeper.common.X509TestHelpers.pemEncodePrivateKey(X509TestHelpers.java:273)
	at org.apache.zookeeper.common.X509TestHelpers.pemEncodeCertAndPrivateKey(X509TestHelpers.java:255)
	at org.apache.zookeeper.common.X509TestContext.getKeyStorePemFile(X509TestContext.java:304)
	... 2 more
Caused by: java.security.InvalidKeyException: Illegal key size or default parameters
	at javax.crypto.Cipher.checkCryptoPerm(Cipher.java:1021)
	at javax.crypto.Cipher.init(Cipher.java:1225)
	at javax.crypto.Cipher.init(Cipher.java:1166)
	... 5 more
</error>
    <system-out><![CDATA[2021-11-08 11:05:53,205 [myid:] - INFO  [main:ZKTestCase@77] - STARTING Optional[public void org.apache.zookeeper.common.X509UtilTest.testLoadPEMKeyStoreAutodetectStoreFileType(org.apache.zookeeper.common.X509KeyType,org.apache.zookeeper.common.X509KeyType,java.lang.String,java.lang.Integer) throws java.lang.Exception]
2021-11-08 11:05:53,207 [myid:] - INFO  [main:ZKTestCase@82] - FINISHED Optional[public void org.apache.zookeeper.common.X509UtilTest.testLoadPEMKeyStoreAutodetectStoreFileType(org.apache.zookeeper.common.X509KeyType,org.apache.zookeeper.common.X509KeyType,java.lang.String,java.lang.Integer) throws java.lang.Exception]
]]></system-out>
  </testcase>
  <testcase name="testLoadPEMKeyStoreAutodetectStoreFileType{X509KeyType, X509KeyType, String, Integer}[7]" classname="org.apache.zookeeper.common.X509UtilTest" time="0.002"/>
  <testcase name="testLoadPEMKeyStoreAutodetectStoreFileType{X509KeyType, X509KeyType, String, Integer}[8]" classname="org.apache.zookeeper.common.X509UtilTest" time="0.005">
    <error message="org.bouncycastle.operator.OperatorCreationException: Illegal key size or default parameters" type="java.io.IOException">java.io.IOException: org.bouncycastle.operator.OperatorCreationException: Illegal key size or default parameters
	at org.apache.zookeeper.common.X509TestContext.getKeyStorePemFile(X509TestContext.java:307)
	at org.apache.zookeeper.common.X509TestContext.getKeyStoreFile(X509TestContext.java:270)
	at org.apache.zookeeper.common.X509UtilTest.testLoadPEMKeyStoreAutodetectStoreFileType(X509UtilTest.java:278)
Caused by: org.bouncycastle.operator.OperatorCreationException: Illegal key size or default parameters
	at org.apache.zookeeper.common.X509TestHelpers.pemEncodePrivateKey(X509TestHelpers.java:273)
	at org.apache.zookeeper.common.X509TestHelpers.pemEncodeCertAndPrivateKey(X509TestHelpers.java:255)
	at org.apache.zookeeper.common.X509TestContext.getKeyStorePemFile(X509TestContext.java:304)
	... 2 more
Caused by: java.security.InvalidKeyException: Illegal key size or default parameters
	at javax.crypto.Cipher.checkCryptoPerm(Cipher.java:1021)
	at javax.crypto.Cipher.init(Cipher.java:1225)
	at javax.crypto.Cipher.init(Cipher.java:1166)
	... 5 more
</error>
    <system-out><![CDATA[2021-11-08 11:05:53,211 [myid:] - INFO  [main:ZKTestCase@77] - STARTING Optional[public void org.apache.zookeeper.common.X509UtilTest.testLoadPEMKeyStoreAutodetectStoreFileType(org.apache.zookeeper.common.X509KeyType,org.apache.zookeeper.common.X509KeyType,java.lang.String,java.lang.Integer) throws java.lang.Exception]
2021-11-08 11:05:53,214 [myid:] - INFO  [main:ZKTestCase@82] - FINISHED Optional[public void org.apache.zookeeper.common.X509UtilTest.testLoadPEMKeyStoreAutodetectStoreFileType(org.apache.zookeeper.common.X509KeyType,org.apache.zookeeper.common.X509KeyType,java.lang.String,java.lang.Integer) throws java.lang.Exception]
]]></system-out>
  </testcase>
  <testcase name="testLoadJKSTrustStore{X509KeyType, X509KeyType, String, Integer}[1]" classname="org.apache.zookeeper.common.X509UtilTest" time="0.002"/>
  <testcase name="testLoadJKSTrustStore{X509KeyType, X509KeyType, String, Integer}[2]" classname="org.apache.zookeeper.common.X509UtilTest" time="0.003"/>
  <testcase name="testLoadJKSTrustStore{X509KeyType, X509KeyType, String, Integer}[3]" classname="org.apache.zookeeper.common.X509UtilTest" time="0.003"/>
  <testcase name="testLoadJKSTrustStore{X509KeyType, X509KeyType, String, Integer}[4]" classname="org.apache.zookeeper.common.X509UtilTest" time="0.002"/>
  <testcase name="testLoadJKSTrustStore{X509KeyType, X509KeyType, String, Integer}[5]" classname="org.apache.zookeeper.common.X509UtilTest" time="0.002"/>
  <testcase name="testLoadJKSTrustStore{X509KeyType, X509KeyType, String, Integer}[6]" classname="org.apache.zookeeper.common.X509UtilTest" time="0.001"/>
  <testcase name="testLoadJKSTrustStore{X509KeyType, X509KeyType, String, Integer}[7]" classname="org.apache.zookeeper.common.X509UtilTest" time="0.002"/>
  <testcase name="testLoadJKSTrustStore{X509KeyType, X509KeyType, String, Integer}[8]" classname="org.apache.zookeeper.common.X509UtilTest" time="0.001"/>
  <testcase name="testLoadPEMKeyStore{X509KeyType, X509KeyType, String, Integer}[1]" classname="org.apache.zookeeper.common.X509UtilTest" time="0.002"/>
  <testcase name="testLoadPEMKeyStore{X509KeyType, X509KeyType, String, Integer}[2]" classname="org.apache.zookeeper.common.X509UtilTest" time="0.005">
    <error message="org.bouncycastle.operator.OperatorCreationException: Illegal key size or default parameters" type="java.io.IOException">java.io.IOException: org.bouncycastle.operator.OperatorCreationException: Illegal key size or default parameters
	at org.apache.zookeeper.common.X509TestContext.getKeyStorePemFile(X509TestContext.java:307)
	at org.apache.zookeeper.common.X509TestContext.getKeyStoreFile(X509TestContext.java:270)
	at org.apache.zookeeper.common.X509UtilTest.testLoadPEMKeyStore(X509UtilTest.java:249)
Caused by: org.bouncycastle.operator.OperatorCreationException: Illegal key size or default parameters
	at org.apache.zookeeper.common.X509TestHelpers.pemEncodePrivateKey(X509TestHelpers.java:273)
	at org.apache.zookeeper.common.X509TestHelpers.pemEncodeCertAndPrivateKey(X509TestHelpers.java:255)
	at org.apache.zookeeper.common.X509TestContext.getKeyStorePemFile(X509TestContext.java:304)
	... 2 more
Caused by: java.security.InvalidKeyException: Illegal key size or default parameters
	at javax.crypto.Cipher.checkCryptoPerm(Cipher.java:1021)
	at javax.crypto.Cipher.init(Cipher.java:1225)
	at javax.crypto.Cipher.init(Cipher.java:1166)
	... 5 more
</error>
    <system-out><![CDATA[2021-11-08 11:05:53,238 [myid:] - INFO  [main:ZKTestCase@77] - STARTING Optional[public void org.apache.zookeeper.common.X509UtilTest.testLoadPEMKeyStore(org.apache.zookeeper.common.X509KeyType,org.apache.zookeeper.common.X509KeyType,java.lang.String,java.lang.Integer) throws java.lang.Exception]
2021-11-08 11:05:53,242 [myid:] - INFO  [main:ZKTestCase@82] - FINISHED Optional[public void org.apache.zookeeper.common.X509UtilTest.testLoadPEMKeyStore(org.apache.zookeeper.common.X509KeyType,org.apache.zookeeper.common.X509KeyType,java.lang.String,java.lang.Integer) throws java.lang.Exception]
]]></system-out>
  </testcase>
  <testcase name="testLoadPEMKeyStore{X509KeyType, X509KeyType, String, Integer}[3]" classname="org.apache.zookeeper.common.X509UtilTest" time="0.002"/>
  <testcase name="testLoadPEMKeyStore{X509KeyType, X509KeyType, String, Integer}[4]" classname="org.apache.zookeeper.common.X509UtilTest" time="0.003">
    <error message="org.bouncycastle.operator.OperatorCreationException: Illegal key size or default parameters" type="java.io.IOException">java.io.IOException: org.bouncycastle.operator.OperatorCreationException: Illegal key size or default parameters
	at org.apache.zookeeper.common.X509TestContext.getKeyStorePemFile(X509TestContext.java:307)
	at org.apache.zookeeper.common.X509TestContext.getKeyStoreFile(X509TestContext.java:270)
	at org.apache.zookeeper.common.X509UtilTest.testLoadPEMKeyStore(X509UtilTest.java:249)
Caused by: org.bouncycastle.operator.OperatorCreationException: Illegal key size or default parameters
	at org.apache.zookeeper.common.X509TestHelpers.pemEncodePrivateKey(X509TestHelpers.java:273)
	at org.apache.zookeeper.common.X509TestHelpers.pemEncodeCertAndPrivateKey(X509TestHelpers.java:255)
	at org.apache.zookeeper.common.X509TestContext.getKeyStorePemFile(X509TestContext.java:304)
	... 2 more
Caused by: java.security.InvalidKeyException: Illegal key size or default parameters
	at javax.crypto.Cipher.checkCryptoPerm(Cipher.java:1021)
	at javax.crypto.Cipher.init(Cipher.java:1225)
	at javax.crypto.Cipher.init(Cipher.java:1166)
	... 5 more
</error>
    <system-out><![CDATA[2021-11-08 11:05:53,247 [myid:] - INFO  [main:ZKTestCase@77] - STARTING Optional[public void org.apache.zookeeper.common.X509UtilTest.testLoadPEMKeyStore(org.apache.zookeeper.common.X509KeyType,org.apache.zookeeper.common.X509KeyType,java.lang.String,java.lang.Integer) throws java.lang.Exception]
2021-11-08 11:05:53,249 [myid:] - INFO  [main:ZKTestCase@82] - FINISHED Optional[public void org.apache.zookeeper.common.X509UtilTest.testLoadPEMKeyStore(org.apache.zookeeper.common.X509KeyType,org.apache.zookeeper.common.X509KeyType,java.lang.String,java.lang.Integer) throws java.lang.Exception]
]]></system-out>
  </testcase>
  <testcase name="testLoadPEMKeyStore{X509KeyType, X509KeyType, String, Integer}[5]" classname="org.apache.zookeeper.common.X509UtilTest" time="0.003"/>
  <testcase name="testLoadPEMKeyStore{X509KeyType, X509KeyType, String, Integer}[6]" classname="org.apache.zookeeper.common.X509UtilTest" time="0.003">
    <error message="org.bouncycastle.operator.OperatorCreationException: Illegal key size or default parameters" type="java.io.IOException">java.io.IOException: org.bouncycastle.operator.OperatorCreationException: Illegal key size or default parameters
	at org.apache.zookeeper.common.X509TestContext.getKeyStorePemFile(X509TestContext.java:307)
	at org.apache.zookeeper.common.X509TestContext.getKeyStoreFile(X509TestContext.java:270)
	at org.apache.zookeeper.common.X509UtilTest.testLoadPEMKeyStore(X509UtilTest.java:249)
Caused by: org.bouncycastle.operator.OperatorCreationException: Illegal key size or default parameters
	at org.apache.zookeeper.common.X509TestHelpers.pemEncodePrivateKey(X509TestHelpers.java:273)
	at org.apache.zookeeper.common.X509TestHelpers.pemEncodeCertAndPrivateKey(X509TestHelpers.java:255)
	at org.apache.zookeeper.common.X509TestContext.getKeyStorePemFile(X509TestContext.java:304)
	... 2 more
Caused by: java.security.InvalidKeyException: Illegal key size or default parameters
	at javax.crypto.Cipher.checkCryptoPerm(Cipher.java:1021)
	at javax.crypto.Cipher.init(Cipher.java:1225)
	at javax.crypto.Cipher.init(Cipher.java:1166)
	... 5 more
</error>
    <system-out><![CDATA[2021-11-08 11:05:53,254 [myid:] - INFO  [main:ZKTestCase@77] - STARTING Optional[public void org.apache.zookeeper.common.X509UtilTest.testLoadPEMKeyStore(org.apache.zookeeper.common.X509KeyType,org.apache.zookeeper.common.X509KeyType,java.lang.String,java.lang.Integer) throws java.lang.Exception]
2021-11-08 11:05:53,255 [myid:] - INFO  [main:ZKTestCase@82] - FINISHED Optional[public void org.apache.zookeeper.common.X509UtilTest.testLoadPEMKeyStore(org.apache.zookeeper.common.X509KeyType,org.apache.zookeeper.common.X509KeyType,java.lang.String,java.lang.Integer) throws java.lang.Exception]
]]></system-out>
  </testcase>
  <testcase name="testLoadPEMKeyStore{X509KeyType, X509KeyType, String, Integer}[7]" classname="org.apache.zookeeper.common.X509UtilTest" time="0.001"/>
  <testcase name="testLoadPEMKeyStore{X509KeyType, X509KeyType, String, Integer}[8]" classname="org.apache.zookeeper.common.X509UtilTest" time="0.004">
    <error message="org.bouncycastle.operator.OperatorCreationException: Illegal key size or default parameters" type="java.io.IOException">java.io.IOException: org.bouncycastle.operator.OperatorCreationException: Illegal key size or default parameters
	at org.apache.zookeeper.common.X509TestContext.getKeyStorePemFile(X509TestContext.java:307)
	at org.apache.zookeeper.common.X509TestContext.getKeyStoreFile(X509TestContext.java:270)
	at org.apache.zookeeper.common.X509UtilTest.testLoadPEMKeyStore(X509UtilTest.java:249)
Caused by: org.bouncycastle.operator.OperatorCreationException: Illegal key size or default parameters
	at org.apache.zookeeper.common.X509TestHelpers.pemEncodePrivateKey(X509TestHelpers.java:273)
	at org.apache.zookeeper.common.X509TestHelpers.pemEncodeCertAndPrivateKey(X509TestHelpers.java:255)
	at org.apache.zookeeper.common.X509TestContext.getKeyStorePemFile(X509TestContext.java:304)
	... 2 more
Caused by: java.security.InvalidKeyException: Illegal key size or default parameters
	at javax.crypto.Cipher.checkCryptoPerm(Cipher.java:1021)
	at javax.crypto.Cipher.init(Cipher.java:1225)
	at javax.crypto.Cipher.init(Cipher.java:1166)
	... 5 more
</error>
    <system-out><![CDATA[2021-11-08 11:05:53,259 [myid:] - INFO  [main:ZKTestCase@77] - STARTING Optional[public void org.apache.zookeeper.common.X509UtilTest.testLoadPEMKeyStore(org.apache.zookeeper.common.X509KeyType,org.apache.zookeeper.common.X509KeyType,java.lang.String,java.lang.Integer) throws java.lang.Exception]
2021-11-08 11:05:53,261 [myid:] - INFO  [main:ZKTestCase@82] - FINISHED Optional[public void org.apache.zookeeper.common.X509UtilTest.testLoadPEMKeyStore(org.apache.zookeeper.common.X509KeyType,org.apache.zookeeper.common.X509KeyType,java.lang.String,java.lang.Integer) throws java.lang.Exception]
]]></system-out>
  </testcase>
  <testcase name="testLoadPKCS12KeyStoreWithWrongPassword{X509KeyType, X509KeyType, String, Integer}[1]" classname="org.apache.zookeeper.common.X509UtilTest" time="0.003"/>
  <testcase name="testLoadPKCS12KeyStoreWithWrongPassword{X509KeyType, X509KeyType, String, Integer}[2]" classname="org.apache.zookeeper.common.X509UtilTest" time="0.004"/>
  <testcase name="testLoadPKCS12KeyStoreWithWrongPassword{X509KeyType, X509KeyType, String, Integer}[3]" classname="org.apache.zookeeper.common.X509UtilTest" time="0.002"/>
  <testcase name="testLoadPKCS12KeyStoreWithWrongPassword{X509KeyType, X509KeyType, String, Integer}[4]" classname="org.apache.zookeeper.common.X509UtilTest" time="0.006"/>
  <testcase name="testLoadPKCS12KeyStoreWithWrongPassword{X509KeyType, X509KeyType, String, Integer}[5]" classname="org.apache.zookeeper.common.X509UtilTest" time="0"/>
  <testcase name="testLoadPKCS12KeyStoreWithWrongPassword{X509KeyType, X509KeyType, String, Integer}[6]" classname="org.apache.zookeeper.common.X509UtilTest" time="0.002"/>
  <testcase name="testLoadPKCS12KeyStoreWithWrongPassword{X509KeyType, X509KeyType, String, Integer}[7]" classname="org.apache.zookeeper.common.X509UtilTest" time="0.002"/>
  <testcase name="testLoadPKCS12KeyStoreWithWrongPassword{X509KeyType, X509KeyType, String, Integer}[8]" classname="org.apache.zookeeper.common.X509UtilTest" time="0.002"/>
  <testcase name="testLoadPEMKeyStoreWithWrongPassword{X509KeyType, X509KeyType, String, Integer}[1]" classname="org.apache.zookeeper.common.X509UtilTest" time="0"/>
  <testcase name="testLoadPEMKeyStoreWithWrongPassword{X509KeyType, X509KeyType, String, Integer}[2]" classname="org.apache.zookeeper.common.X509UtilTest" time="0.002">
    <failure message="Unexpected exception type thrown ==&gt; expected: &lt;org.apache.zookeeper.common.X509Exception.KeyManagerException&gt; but was: &lt;java.io.IOException&gt;" type="org.opentest4j.AssertionFailedError"><![CDATA[org.opentest4j.AssertionFailedError: Unexpected exception type thrown ==> expected: <org.apache.zookeeper.common.X509Exception.KeyManagerException> but was: <java.io.IOException>
	at org.apache.zookeeper.common.X509UtilTest.testLoadPEMKeyStoreWithWrongPassword(X509UtilTest.java:289)
Caused by: java.io.IOException: org.bouncycastle.operator.OperatorCreationException: Illegal key size or default parameters
	at org.apache.zookeeper.common.X509TestContext.getKeyStorePemFile(X509TestContext.java:307)
	at org.apache.zookeeper.common.X509TestContext.getKeyStoreFile(X509TestContext.java:270)
	at org.apache.zookeeper.common.X509UtilTest.lambda$testLoadPEMKeyStoreWithWrongPassword$95(X509UtilTest.java:292)
	... 1 more
Caused by: org.bouncycastle.operator.OperatorCreationException: Illegal key size or default parameters
	at org.apache.zookeeper.common.X509TestHelpers.pemEncodePrivateKey(X509TestHelpers.java:273)
	at org.apache.zookeeper.common.X509TestHelpers.pemEncodeCertAndPrivateKey(X509TestHelpers.java:255)
	at org.apache.zookeeper.common.X509TestContext.getKeyStorePemFile(X509TestContext.java:304)
	... 3 more
Caused by: java.security.InvalidKeyException: Illegal key size or default parameters
	at javax.crypto.Cipher.checkCryptoPerm(Cipher.java:1021)
	at javax.crypto.Cipher.init(Cipher.java:1225)
	at javax.crypto.Cipher.init(Cipher.java:1166)
	... 6 more
]]></failure>
    <system-out><![CDATA[2021-11-08 11:05:53,289 [myid:] - INFO  [main:ZKTestCase@77] - STARTING Optional[public void org.apache.zookeeper.common.X509UtilTest.testLoadPEMKeyStoreWithWrongPassword(org.apache.zookeeper.common.X509KeyType,org.apache.zookeeper.common.X509KeyType,java.lang.String,java.lang.Integer) throws java.lang.Exception]
2021-11-08 11:05:53,291 [myid:] - INFO  [main:ZKTestCase@82] - FINISHED Optional[public void org.apache.zookeeper.common.X509UtilTest.testLoadPEMKeyStoreWithWrongPassword(org.apache.zookeeper.common.X509KeyType,org.apache.zookeeper.common.X509KeyType,java.lang.String,java.lang.Integer) throws java.lang.Exception]
]]></system-out>
  </testcase>
  <testcase name="testLoadPEMKeyStoreWithWrongPassword{X509KeyType, X509KeyType, String, Integer}[3]" classname="org.apache.zookeeper.common.X509UtilTest" time="0"/>
  <testcase name="testLoadPEMKeyStoreWithWrongPassword{X509KeyType, X509KeyType, String, Integer}[4]" classname="org.apache.zookeeper.common.X509UtilTest" time="0.003">
    <failure message="Unexpected exception type thrown ==&gt; expected: &lt;org.apache.zookeeper.common.X509Exception.KeyManagerException&gt; but was: &lt;java.io.IOException&gt;" type="org.opentest4j.AssertionFailedError"><![CDATA[org.opentest4j.AssertionFailedError: Unexpected exception type thrown ==> expected: <org.apache.zookeeper.common.X509Exception.KeyManagerException> but was: <java.io.IOException>
	at org.apache.zookeeper.common.X509UtilTest.testLoadPEMKeyStoreWithWrongPassword(X509UtilTest.java:289)
Caused by: java.io.IOException: org.bouncycastle.operator.OperatorCreationException: Illegal key size or default parameters
	at org.apache.zookeeper.common.X509TestContext.getKeyStorePemFile(X509TestContext.java:307)
	at org.apache.zookeeper.common.X509TestContext.getKeyStoreFile(X509TestContext.java:270)
	at org.apache.zookeeper.common.X509UtilTest.lambda$testLoadPEMKeyStoreWithWrongPassword$95(X509UtilTest.java:292)
	... 1 more
Caused by: org.bouncycastle.operator.OperatorCreationException: Illegal key size or default parameters
	at org.apache.zookeeper.common.X509TestHelpers.pemEncodePrivateKey(X509TestHelpers.java:273)
	at org.apache.zookeeper.common.X509TestHelpers.pemEncodeCertAndPrivateKey(X509TestHelpers.java:255)
	at org.apache.zookeeper.common.X509TestContext.getKeyStorePemFile(X509TestContext.java:304)
	... 3 more
Caused by: java.security.InvalidKeyException: Illegal key size or default parameters
	at javax.crypto.Cipher.checkCryptoPerm(Cipher.java:1021)
	at javax.crypto.Cipher.init(Cipher.java:1225)
	at javax.crypto.Cipher.init(Cipher.java:1166)
	... 6 more
]]></failure>
    <system-out><![CDATA[2021-11-08 11:05:53,294 [myid:] - INFO  [main:ZKTestCase@77] - STARTING Optional[public void org.apache.zookeeper.common.X509UtilTest.testLoadPEMKeyStoreWithWrongPassword(org.apache.zookeeper.common.X509KeyType,org.apache.zookeeper.common.X509KeyType,java.lang.String,java.lang.Integer) throws java.lang.Exception]
2021-11-08 11:05:53,296 [myid:] - INFO  [main:ZKTestCase@82] - FINISHED Optional[public void org.apache.zookeeper.common.X509UtilTest.testLoadPEMKeyStoreWithWrongPassword(org.apache.zookeeper.common.X509KeyType,org.apache.zookeeper.common.X509KeyType,java.lang.String,java.lang.Integer) throws java.lang.Exception]
]]></system-out>
  </testcase>
  <testcase name="testLoadPEMKeyStoreWithWrongPassword{X509KeyType, X509KeyType, String, Integer}[5]" classname="org.apache.zookeeper.common.X509UtilTest" time="0.001"/>
  <testcase name="testLoadPEMKeyStoreWithWrongPassword{X509KeyType, X509KeyType, String, Integer}[6]" classname="org.apache.zookeeper.common.X509UtilTest" time="0.003">
    <failure message="Unexpected exception type thrown ==&gt; expected: &lt;org.apache.zookeeper.common.X509Exception.KeyManagerException&gt; but was: &lt;java.io.IOException&gt;" type="org.opentest4j.AssertionFailedError"><![CDATA[org.opentest4j.AssertionFailedError: Unexpected exception type thrown ==> expected: <org.apache.zookeeper.common.X509Exception.KeyManagerException> but was: <java.io.IOException>
	at org.apache.zookeeper.common.X509UtilTest.testLoadPEMKeyStoreWithWrongPassword(X509UtilTest.java:289)
Caused by: java.io.IOException: org.bouncycastle.operator.OperatorCreationException: Illegal key size or default parameters
	at org.apache.zookeeper.common.X509TestContext.getKeyStorePemFile(X509TestContext.java:307)
	at org.apache.zookeeper.common.X509TestContext.getKeyStoreFile(X509TestContext.java:270)
	at org.apache.zookeeper.common.X509UtilTest.lambda$testLoadPEMKeyStoreWithWrongPassword$95(X509UtilTest.java:292)
	... 1 more
Caused by: org.bouncycastle.operator.OperatorCreationException: Illegal key size or default parameters
	at org.apache.zookeeper.common.X509TestHelpers.pemEncodePrivateKey(X509TestHelpers.java:273)
	at org.apache.zookeeper.common.X509TestHelpers.pemEncodeCertAndPrivateKey(X509TestHelpers.java:255)
	at org.apache.zookeeper.common.X509TestContext.getKeyStorePemFile(X509TestContext.java:304)
	... 3 more
Caused by: java.security.InvalidKeyException: Illegal key size or default parameters
	at javax.crypto.Cipher.checkCryptoPerm(Cipher.java:1021)
	at javax.crypto.Cipher.init(Cipher.java:1225)
	at javax.crypto.Cipher.init(Cipher.java:1166)
	... 6 more
]]></failure>
    <system-out><![CDATA[2021-11-08 11:05:53,298 [myid:] - INFO  [main:ZKTestCase@77] - STARTING Optional[public void org.apache.zookeeper.common.X509UtilTest.testLoadPEMKeyStoreWithWrongPassword(org.apache.zookeeper.common.X509KeyType,org.apache.zookeeper.common.X509KeyType,java.lang.String,java.lang.Integer) throws java.lang.Exception]
2021-11-08 11:05:53,300 [myid:] - INFO  [main:ZKTestCase@82] - FINISHED Optional[public void org.apache.zookeeper.common.X509UtilTest.testLoadPEMKeyStoreWithWrongPassword(org.apache.zookeeper.common.X509KeyType,org.apache.zookeeper.common.X509KeyType,java.lang.String,java.lang.Integer) throws java.lang.Exception]
]]></system-out>
  </testcase>
  <testcase name="testLoadPEMKeyStoreWithWrongPassword{X509KeyType, X509KeyType, String, Integer}[7]" classname="org.apache.zookeeper.common.X509UtilTest" time="0.001"/>
  <testcase name="testLoadPEMKeyStoreWithWrongPassword{X509KeyType, X509KeyType, String, Integer}[8]" classname="org.apache.zookeeper.common.X509UtilTest" time="0.002">
    <failure message="Unexpected exception type thrown ==&gt; expected: &lt;org.apache.zookeeper.common.X509Exception.KeyManagerException&gt; but was: &lt;java.io.IOException&gt;" type="org.opentest4j.AssertionFailedError"><![CDATA[org.opentest4j.AssertionFailedError: Unexpected exception type thrown ==> expected: <org.apache.zookeeper.common.X509Exception.KeyManagerException> but was: <java.io.IOException>
	at org.apache.zookeeper.common.X509UtilTest.testLoadPEMKeyStoreWithWrongPassword(X509UtilTest.java:289)
Caused by: java.io.IOException: org.bouncycastle.operator.OperatorCreationException: Illegal key size or default parameters
	at org.apache.zookeeper.common.X509TestContext.getKeyStorePemFile(X509TestContext.java:307)
	at org.apache.zookeeper.common.X509TestContext.getKeyStoreFile(X509TestContext.java:270)
	at org.apache.zookeeper.common.X509UtilTest.lambda$testLoadPEMKeyStoreWithWrongPassword$95(X509UtilTest.java:292)
	... 1 more
Caused by: org.bouncycastle.operator.OperatorCreationException: Illegal key size or default parameters
	at org.apache.zookeeper.common.X509TestHelpers.pemEncodePrivateKey(X509TestHelpers.java:273)
	at org.apache.zookeeper.common.X509TestHelpers.pemEncodeCertAndPrivateKey(X509TestHelpers.java:255)
	at org.apache.zookeeper.common.X509TestContext.getKeyStorePemFile(X509TestContext.java:304)
	... 3 more
Caused by: java.security.InvalidKeyException: Illegal key size or default parameters
	at javax.crypto.Cipher.checkCryptoPerm(Cipher.java:1021)
	at javax.crypto.Cipher.init(Cipher.java:1225)
	at javax.crypto.Cipher.init(Cipher.java:1166)
	... 6 more
]]></failure>
    <system-out><![CDATA[2021-11-08 11:05:53,303 [myid:] - INFO  [main:ZKTestCase@77] - STARTING Optional[public void org.apache.zookeeper.common.X509UtilTest.testLoadPEMKeyStoreWithWrongPassword(org.apache.zookeeper.common.X509KeyType,org.apache.zookeeper.common.X509KeyType,java.lang.String,java.lang.Integer) throws java.lang.Exception]
2021-11-08 11:05:53,305 [myid:] - INFO  [main:ZKTestCase@82] - FINISHED Optional[public void org.apache.zookeeper.common.X509UtilTest.testLoadPEMKeyStoreWithWrongPassword(org.apache.zookeeper.common.X509KeyType,org.apache.zookeeper.common.X509KeyType,java.lang.String,java.lang.Integer) throws java.lang.Exception]
]]></system-out>
  </testcase>
  <testcase name="testCreateSSLServerSocketWithoutPort{X509KeyType, X509KeyType, String, Integer}[1]" classname="org.apache.zookeeper.common.X509UtilTest" time="0.002"/>
  <testcase name="testCreateSSLServerSocketWithoutPort{X509KeyType, X509KeyType, String, Integer}[2]" classname="org.apache.zookeeper.common.X509UtilTest" time="0.003"/>
  <testcase name="testCreateSSLServerSocketWithoutPort{X509KeyType, X509KeyType, String, Integer}[3]" classname="org.apache.zookeeper.common.X509UtilTest" time="0.002"/>
  <testcase name="testCreateSSLServerSocketWithoutPort{X509KeyType, X509KeyType, String, Integer}[4]" classname="org.apache.zookeeper.common.X509UtilTest" time="0.004"/>
  <testcase name="testCreateSSLServerSocketWithoutPort{X509KeyType, X509KeyType, String, Integer}[5]" classname="org.apache.zookeeper.common.X509UtilTest" time="0.002"/>
  <testcase name="testCreateSSLServerSocketWithoutPort{X509KeyType, X509KeyType, String, Integer}[6]" classname="org.apache.zookeeper.common.X509UtilTest" time="0.002"/>
  <testcase name="testCreateSSLServerSocketWithoutPort{X509KeyType, X509KeyType, String, Integer}[7]" classname="org.apache.zookeeper.common.X509UtilTest" time="0.002"/>
  <testcase name="testCreateSSLServerSocketWithoutPort{X509KeyType, X509KeyType, String, Integer}[8]" classname="org.apache.zookeeper.common.X509UtilTest" time="0.002"/>
  <testcase name="testGetDefaultCipherSuitesNullVersion{X509KeyType, X509KeyType, String, Integer}[1]" classname="org.apache.zookeeper.common.X509UtilTest" time="0.001"/>
  <testcase name="testGetDefaultCipherSuitesNullVersion{X509KeyType, X509KeyType, String, Integer}[2]" classname="org.apache.zookeeper.common.X509UtilTest" time="0.001"/>
  <testcase name="testGetDefaultCipherSuitesNullVersion{X509KeyType, X509KeyType, String, Integer}[3]" classname="org.apache.zookeeper.common.X509UtilTest" time="0.001"/>
  <testcase name="testGetDefaultCipherSuitesNullVersion{X509KeyType, X509KeyType, String, Integer}[4]" classname="org.apache.zookeeper.common.X509UtilTest" time="0.001"/>
  <testcase name="testGetDefaultCipherSuitesNullVersion{X509KeyType, X509KeyType, String, Integer}[5]" classname="org.apache.zookeeper.common.X509UtilTest" time="0"/>
  <testcase name="testGetDefaultCipherSuitesNullVersion{X509KeyType, X509KeyType, String, Integer}[6]" classname="org.apache.zookeeper.common.X509UtilTest" time="0"/>
  <testcase name="testGetDefaultCipherSuitesNullVersion{X509KeyType, X509KeyType, String, Integer}[7]" classname="org.apache.zookeeper.common.X509UtilTest" time="0"/>
  <testcase name="testGetDefaultCipherSuitesNullVersion{X509KeyType, X509KeyType, String, Integer}[8]" classname="org.apache.zookeeper.common.X509UtilTest" time="0.002"/>
  <testcase name="testLoadPKCS12KeyStoreNullPassword{X509KeyType, X509KeyType, String, Integer}[1]" classname="org.apache.zookeeper.common.X509UtilTest" time="0.001"/>
  <testcase name="testLoadPKCS12KeyStoreNullPassword{X509KeyType, X509KeyType, String, Integer}[2]" classname="org.apache.zookeeper.common.X509UtilTest" time="0.001"/>
  <testcase name="testLoadPKCS12KeyStoreNullPassword{X509KeyType, X509KeyType, String, Integer}[3]" classname="org.apache.zookeeper.common.X509UtilTest" time="0.002"/>
  <testcase name="testLoadPKCS12KeyStoreNullPassword{X509KeyType, X509KeyType, String, Integer}[4]" classname="org.apache.zookeeper.common.X509UtilTest" time="0"/>
  <testcase name="testLoadPKCS12KeyStoreNullPassword{X509KeyType, X509KeyType, String, Integer}[5]" classname="org.apache.zookeeper.common.X509UtilTest" time="0.002"/>
  <testcase name="testLoadPKCS12KeyStoreNullPassword{X509KeyType, X509KeyType, String, Integer}[6]" classname="org.apache.zookeeper.common.X509UtilTest" time="0.001"/>
  <testcase name="testLoadPKCS12KeyStoreNullPassword{X509KeyType, X509KeyType, String, Integer}[7]" classname="org.apache.zookeeper.common.X509UtilTest" time="0.002"/>
  <testcase name="testLoadPKCS12KeyStoreNullPassword{X509KeyType, X509KeyType, String, Integer}[8]" classname="org.apache.zookeeper.common.X509UtilTest" time="0.001"/>
</testsuite>