<?xml version="1.0" encoding="UTF-8"?>
<testsuite xmlns:xsi="http://www.w3.org/2001/XMLSchema-instance" xsi:noNamespaceSchemaLocation="https://maven.apache.org/surefire/maven-surefire-plugin/xsd/surefire-test-report.xsd" name="org.apache.zookeeper.test.ClientSSLTest" time="115.722" tests="4" errors="0" skipped="0" failures="3">
  <properties>
    <property name="sun.desktop" value="windows"/>
    <property name="build.test.dir" value="D:\mysoft\faiscoGit\myStudy\ZooKeeperLearning\apache-zookeeper-3.7.0\zookeeper-server\target/surefire"/>
    <property name="awt.toolkit" value="sun.awt.windows.WToolkit"/>
    <property name="file.encoding.pkg" value="sun.io"/>
    <property name="java.specification.version" value="1.8"/>
    <property name="sun.cpu.isalist" value="amd64"/>
    <property name="sun.jnu.encoding" value="GBK"/>
    <property name="java.class.path" value="D:\mysoft\faiscoGit\myStudy\ZooKeeperLearning\apache-zookeeper-3.7.0\zookeeper-server\target\test-classes;D:\mysoft\faiscoGit\myStudy\ZooKeeperLearning\apache-zookeeper-3.7.0\zookeeper-server\target\classes;D:\mysoft\maven\repository\com\github\spotbugs\spotbugs-annotations\4.0.2\spotbugs-annotations-4.0.2.jar;D:\mysoft\maven\repository\com\google\code\findbugs\jsr305\3.0.2\jsr305-3.0.2.jar;D:\mysoft\maven\repository\org\hamcrest\hamcrest-library\2.2\hamcrest-library-2.2.jar;D:\mysoft\maven\repository\org\hamcrest\hamcrest-core\2.2\hamcrest-core-2.2.jar;D:\mysoft\maven\repository\org\hamcrest\hamcrest\2.2\hamcrest-2.2.jar;D:\mysoft\maven\repository\org\apache\commons\commons-collections4\4.4\commons-collections4-4.4.jar;D:\mysoft\maven\repository\org\apache\zookeeper\zookeeper-jute\3.7.0\zookeeper-jute-3.7.0.jar;D:\mysoft\maven\repository\commons-cli\commons-cli\1.4\commons-cli-1.4.jar;D:\mysoft\maven\repository\org\apache\yetus\audience-annotations\0.12.0\audience-annotations-0.12.0.jar;D:\mysoft\maven\repository\io\netty\netty-handler\4.1.59.Final\netty-handler-4.1.59.Final.jar;D:\mysoft\maven\repository\io\netty\netty-common\4.1.59.Final\netty-common-4.1.59.Final.jar;D:\mysoft\maven\repository\io\netty\netty-resolver\4.1.59.Final\netty-resolver-4.1.59.Final.jar;D:\mysoft\maven\repository\io\netty\netty-buffer\4.1.59.Final\netty-buffer-4.1.59.Final.jar;D:\mysoft\maven\repository\io\netty\netty-transport\4.1.59.Final\netty-transport-4.1.59.Final.jar;D:\mysoft\maven\repository\io\netty\netty-codec\4.1.59.Final\netty-codec-4.1.59.Final.jar;D:\mysoft\maven\repository\io\netty\netty-transport-native-epoll\4.1.59.Final\netty-transport-native-epoll-4.1.59.Final.jar;D:\mysoft\maven\repository\io\netty\netty-transport-native-unix-common\4.1.59.Final\netty-transport-native-unix-common-4.1.59.Final.jar;D:\mysoft\maven\repository\org\slf4j\slf4j-api\1.7.30\slf4j-api-1.7.30.jar;D:\mysoft\maven\repository\org\slf4j\slf4j-log4j12\1.7.30\slf4j-log4j12-1.7.30.jar;D:\mysoft\maven\repository\org\eclipse\jetty\jetty-server\9.4.38.v20210224\jetty-server-9.4.38.v20210224.jar;D:\mysoft\maven\repository\javax\servlet\javax.servlet-api\3.1.0\javax.servlet-api-3.1.0.jar;D:\mysoft\maven\repository\org\eclipse\jetty\jetty-http\9.4.38.v20210224\jetty-http-9.4.38.v20210224.jar;D:\mysoft\maven\repository\org\eclipse\jetty\jetty-util\9.4.38.v20210224\jetty-util-9.4.38.v20210224.jar;D:\mysoft\maven\repository\org\eclipse\jetty\jetty-io\9.4.38.v20210224\jetty-io-9.4.38.v20210224.jar;D:\mysoft\maven\repository\org\eclipse\jetty\jetty-servlet\9.4.38.v20210224\jetty-servlet-9.4.38.v20210224.jar;D:\mysoft\maven\repository\org\eclipse\jetty\jetty-security\9.4.38.v20210224\jetty-security-9.4.38.v20210224.jar;D:\mysoft\maven\repository\org\eclipse\jetty\jetty-util-ajax\9.4.38.v20210224\jetty-util-ajax-9.4.38.v20210224.jar;D:\mysoft\maven\repository\org\eclipse\jetty\jetty-client\9.4.38.v20210224\jetty-client-9.4.38.v20210224.jar;D:\mysoft\maven\repository\com\fasterxml\jackson\core\jackson-databind\2.10.5.1\jackson-databind-2.10.5.1.jar;D:\mysoft\maven\repository\com\fasterxml\jackson\core\jackson-annotations\2.10.5\jackson-annotations-2.10.5.jar;D:\mysoft\maven\repository\com\fasterxml\jackson\core\jackson-core\2.10.5\jackson-core-2.10.5.jar;D:\mysoft\maven\repository\org\bouncycastle\bcprov-jdk15on\1.60\bcprov-jdk15on-1.60.jar;D:\mysoft\maven\repository\org\bouncycastle\bcpkix-jdk15on\1.60\bcpkix-jdk15on-1.60.jar;D:\mysoft\maven\repository\jline\jline\2.14.6\jline-2.14.6.jar;D:\mysoft\maven\repository\io\dropwizard\metrics\metrics-core\4.1.12.1\metrics-core-4.1.12.1.jar;D:\mysoft\maven\repository\log4j\log4j\1.2.17\log4j-1.2.17.jar;D:\mysoft\maven\repository\org\apache\kerby\kerb-core\2.0.0\kerb-core-2.0.0.jar;D:\mysoft\maven\repository\org\apache\kerby\kerby-pkix\2.0.0\kerby-pkix-2.0.0.jar;D:\mysoft\maven\repository\org\apache\kerby\kerby-asn1\2.0.0\kerby-asn1-2.0.0.jar;D:\mysoft\maven\repository\org\apache\kerby\kerby-util\2.0.0\kerby-util-2.0.0.jar;D:\mysoft\maven\repository\org\apache\kerby\kerb-simplekdc\2.0.0\kerb-simplekdc-2.0.0.jar;D:\mysoft\maven\repository\org\apache\kerby\kerb-client\2.0.0\kerb-client-2.0.0.jar;D:\mysoft\maven\repository\org\apache\kerby\kerb-common\2.0.0\kerb-common-2.0.0.jar;D:\mysoft\maven\repository\org\apache\kerby\kerb-crypto\2.0.0\kerb-crypto-2.0.0.jar;D:\mysoft\maven\repository\commons-io\commons-io\2.6\commons-io-2.6.jar;D:\mysoft\maven\repository\org\apache\kerby\kerb-util\2.0.0\kerb-util-2.0.0.jar;D:\mysoft\maven\repository\org\apache\kerby\token-provider\2.0.0\token-provider-2.0.0.jar;D:\mysoft\maven\repository\com\nimbusds\nimbus-jose-jwt\4.41.2\nimbus-jose-jwt-4.41.2.jar;D:\mysoft\maven\repository\com\github\stephenc\jcip\jcip-annotations\1.0-1\jcip-annotations-1.0-1.jar;D:\mysoft\maven\repository\net\minidev\json-smart\2.3\json-smart-2.3.jar;D:\mysoft\maven\repository\net\minidev\accessors-smart\1.2\accessors-smart-1.2.jar;D:\mysoft\maven\repository\org\ow2\asm\asm\5.0.4\asm-5.0.4.jar;D:\mysoft\maven\repository\org\apache\kerby\kerb-admin\2.0.0\kerb-admin-2.0.0.jar;D:\mysoft\maven\repository\org\apache\kerby\kerb-server\2.0.0\kerb-server-2.0.0.jar;D:\mysoft\maven\repository\org\apache\kerby\kerb-identity\2.0.0\kerb-identity-2.0.0.jar;D:\mysoft\maven\repository\org\apache\kerby\kerby-xdr\2.0.0\kerby-xdr-2.0.0.jar;D:\mysoft\maven\repository\org\apache\kerby\kerby-config\2.0.0\kerby-config-2.0.0.jar;D:\mysoft\maven\repository\org\mockito\mockito-core\3.6.28\mockito-core-3.6.28.jar;D:\mysoft\maven\repository\net\bytebuddy\byte-buddy\1.10.18\byte-buddy-1.10.18.jar;D:\mysoft\maven\repository\net\bytebuddy\byte-buddy-agent\1.10.18\byte-buddy-agent-1.10.18.jar;D:\mysoft\maven\repository\org\objenesis\objenesis\3.1\objenesis-3.1.jar;D:\mysoft\maven\repository\org\jmockit\jmockit\1.48\jmockit-1.48.jar;D:\mysoft\maven\repository\org\junit\jupiter\junit-jupiter-api\5.6.2\junit-jupiter-api-5.6.2.jar;D:\mysoft\maven\repository\org\apiguardian\apiguardian-api\1.1.0\apiguardian-api-1.1.0.jar;D:\mysoft\maven\repository\org\opentest4j\opentest4j\1.2.0\opentest4j-1.2.0.jar;D:\mysoft\maven\repository\org\junit\platform\junit-platform-commons\1.6.2\junit-platform-commons-1.6.2.jar;D:\mysoft\maven\repository\org\junit\jupiter\junit-jupiter-engine\5.6.2\junit-jupiter-engine-5.6.2.jar;D:\mysoft\maven\repository\org\junit\platform\junit-platform-engine\1.6.2\junit-platform-engine-1.6.2.jar;D:\mysoft\maven\repository\org\junit\jupiter\junit-jupiter-params\5.6.2\junit-jupiter-params-5.6.2.jar;D:\mysoft\maven\repository\org\junit\platform\junit-platform-runner\1.6.2\junit-platform-runner-1.6.2.jar;D:\mysoft\maven\repository\junit\junit\4.13\junit-4.13.jar;D:\mysoft\maven\repository\org\junit\platform\junit-platform-launcher\1.6.2\junit-platform-launcher-1.6.2.jar;D:\mysoft\maven\repository\org\junit\platform\junit-platform-suite-api\1.6.2\junit-platform-suite-api-1.6.2.jar;D:\mysoft\maven\repository\org\xerial\snappy\snappy-java\1.1.7.7\snappy-java-1.1.7.7.jar;"/>
    <property name="java.vm.vendor" value="Oracle Corporation"/>
    <property name="sun.arch.data.model" value="64"/>
    <property name="user.variant" value=""/>
    <property name="java.vendor.url" value="http://java.oracle.com/"/>
    <property name="user.timezone" value="Asia/Shanghai"/>
    <property name="java.vm.specification.version" value="1.8"/>
    <property name="os.name" value="Windows 8.1"/>
    <property name="user.country" value="CN"/>
    <property name="sun.java.launcher" value="SUN_STANDARD"/>
    <property name="sun.boot.library.path" value="C:\Program Files\Java\jdk1.8.0_31\jre\bin"/>
    <property name="sun.java.command" value="C:\Users\faisco\AppData\Local\Temp\surefire7017171567299321585\surefirebooter7036064442551830011.jar C:\Users\faisco\AppData\Local\Temp\surefire7017171567299321585 2021-11-08T11-05-05_200-jvmRun7 surefire1585693265351589067tmp surefire_1946963792589124102945tmp"/>
    <property name="surefire.test.class.path" value="D:\mysoft\faiscoGit\myStudy\ZooKeeperLearning\apache-zookeeper-3.7.0\zookeeper-server\target\test-classes;D:\mysoft\faiscoGit\myStudy\ZooKeeperLearning\apache-zookeeper-3.7.0\zookeeper-server\target\classes;D:\mysoft\maven\repository\com\github\spotbugs\spotbugs-annotations\4.0.2\spotbugs-annotations-4.0.2.jar;D:\mysoft\maven\repository\com\google\code\findbugs\jsr305\3.0.2\jsr305-3.0.2.jar;D:\mysoft\maven\repository\org\hamcrest\hamcrest-library\2.2\hamcrest-library-2.2.jar;D:\mysoft\maven\repository\org\hamcrest\hamcrest-core\2.2\hamcrest-core-2.2.jar;D:\mysoft\maven\repository\org\hamcrest\hamcrest\2.2\hamcrest-2.2.jar;D:\mysoft\maven\repository\org\apache\commons\commons-collections4\4.4\commons-collections4-4.4.jar;D:\mysoft\maven\repository\org\apache\zookeeper\zookeeper-jute\3.7.0\zookeeper-jute-3.7.0.jar;D:\mysoft\maven\repository\commons-cli\commons-cli\1.4\commons-cli-1.4.jar;D:\mysoft\maven\repository\org\apache\yetus\audience-annotations\0.12.0\audience-annotations-0.12.0.jar;D:\mysoft\maven\repository\io\netty\netty-handler\4.1.59.Final\netty-handler-4.1.59.Final.jar;D:\mysoft\maven\repository\io\netty\netty-common\4.1.59.Final\netty-common-4.1.59.Final.jar;D:\mysoft\maven\repository\io\netty\netty-resolver\4.1.59.Final\netty-resolver-4.1.59.Final.jar;D:\mysoft\maven\repository\io\netty\netty-buffer\4.1.59.Final\netty-buffer-4.1.59.Final.jar;D:\mysoft\maven\repository\io\netty\netty-transport\4.1.59.Final\netty-transport-4.1.59.Final.jar;D:\mysoft\maven\repository\io\netty\netty-codec\4.1.59.Final\netty-codec-4.1.59.Final.jar;D:\mysoft\maven\repository\io\netty\netty-transport-native-epoll\4.1.59.Final\netty-transport-native-epoll-4.1.59.Final.jar;D:\mysoft\maven\repository\io\netty\netty-transport-native-unix-common\4.1.59.Final\netty-transport-native-unix-common-4.1.59.Final.jar;D:\mysoft\maven\repository\org\slf4j\slf4j-api\1.7.30\slf4j-api-1.7.30.jar;D:\mysoft\maven\repository\org\slf4j\slf4j-log4j12\1.7.30\slf4j-log4j12-1.7.30.jar;D:\mysoft\maven\repository\org\eclipse\jetty\jetty-server\9.4.38.v20210224\jetty-server-9.4.38.v20210224.jar;D:\mysoft\maven\repository\javax\servlet\javax.servlet-api\3.1.0\javax.servlet-api-3.1.0.jar;D:\mysoft\maven\repository\org\eclipse\jetty\jetty-http\9.4.38.v20210224\jetty-http-9.4.38.v20210224.jar;D:\mysoft\maven\repository\org\eclipse\jetty\jetty-util\9.4.38.v20210224\jetty-util-9.4.38.v20210224.jar;D:\mysoft\maven\repository\org\eclipse\jetty\jetty-io\9.4.38.v20210224\jetty-io-9.4.38.v20210224.jar;D:\mysoft\maven\repository\org\eclipse\jetty\jetty-servlet\9.4.38.v20210224\jetty-servlet-9.4.38.v20210224.jar;D:\mysoft\maven\repository\org\eclipse\jetty\jetty-security\9.4.38.v20210224\jetty-security-9.4.38.v20210224.jar;D:\mysoft\maven\repository\org\eclipse\jetty\jetty-util-ajax\9.4.38.v20210224\jetty-util-ajax-9.4.38.v20210224.jar;D:\mysoft\maven\repository\org\eclipse\jetty\jetty-client\9.4.38.v20210224\jetty-client-9.4.38.v20210224.jar;D:\mysoft\maven\repository\com\fasterxml\jackson\core\jackson-databind\2.10.5.1\jackson-databind-2.10.5.1.jar;D:\mysoft\maven\repository\com\fasterxml\jackson\core\jackson-annotations\2.10.5\jackson-annotations-2.10.5.jar;D:\mysoft\maven\repository\com\fasterxml\jackson\core\jackson-core\2.10.5\jackson-core-2.10.5.jar;D:\mysoft\maven\repository\org\bouncycastle\bcprov-jdk15on\1.60\bcprov-jdk15on-1.60.jar;D:\mysoft\maven\repository\org\bouncycastle\bcpkix-jdk15on\1.60\bcpkix-jdk15on-1.60.jar;D:\mysoft\maven\repository\jline\jline\2.14.6\jline-2.14.6.jar;D:\mysoft\maven\repository\io\dropwizard\metrics\metrics-core\4.1.12.1\metrics-core-4.1.12.1.jar;D:\mysoft\maven\repository\log4j\log4j\1.2.17\log4j-1.2.17.jar;D:\mysoft\maven\repository\org\apache\kerby\kerb-core\2.0.0\kerb-core-2.0.0.jar;D:\mysoft\maven\repository\org\apache\kerby\kerby-pkix\2.0.0\kerby-pkix-2.0.0.jar;D:\mysoft\maven\repository\org\apache\kerby\kerby-asn1\2.0.0\kerby-asn1-2.0.0.jar;D:\mysoft\maven\repository\org\apache\kerby\kerby-util\2.0.0\kerby-util-2.0.0.jar;D:\mysoft\maven\repository\org\apache\kerby\kerb-simplekdc\2.0.0\kerb-simplekdc-2.0.0.jar;D:\mysoft\maven\repository\org\apache\kerby\kerb-client\2.0.0\kerb-client-2.0.0.jar;D:\mysoft\maven\repository\org\apache\kerby\kerb-common\2.0.0\kerb-common-2.0.0.jar;D:\mysoft\maven\repository\org\apache\kerby\kerb-crypto\2.0.0\kerb-crypto-2.0.0.jar;D:\mysoft\maven\repository\commons-io\commons-io\2.6\commons-io-2.6.jar;D:\mysoft\maven\repository\org\apache\kerby\kerb-util\2.0.0\kerb-util-2.0.0.jar;D:\mysoft\maven\repository\org\apache\kerby\token-provider\2.0.0\token-provider-2.0.0.jar;D:\mysoft\maven\repository\com\nimbusds\nimbus-jose-jwt\4.41.2\nimbus-jose-jwt-4.41.2.jar;D:\mysoft\maven\repository\com\github\stephenc\jcip\jcip-annotations\1.0-1\jcip-annotations-1.0-1.jar;D:\mysoft\maven\repository\net\minidev\json-smart\2.3\json-smart-2.3.jar;D:\mysoft\maven\repository\net\minidev\accessors-smart\1.2\accessors-smart-1.2.jar;D:\mysoft\maven\repository\org\ow2\asm\asm\5.0.4\asm-5.0.4.jar;D:\mysoft\maven\repository\org\apache\kerby\kerb-admin\2.0.0\kerb-admin-2.0.0.jar;D:\mysoft\maven\repository\org\apache\kerby\kerb-server\2.0.0\kerb-server-2.0.0.jar;D:\mysoft\maven\repository\org\apache\kerby\kerb-identity\2.0.0\kerb-identity-2.0.0.jar;D:\mysoft\maven\repository\org\apache\kerby\kerby-xdr\2.0.0\kerby-xdr-2.0.0.jar;D:\mysoft\maven\repository\org\apache\kerby\kerby-config\2.0.0\kerby-config-2.0.0.jar;D:\mysoft\maven\repository\org\mockito\mockito-core\3.6.28\mockito-core-3.6.28.jar;D:\mysoft\maven\repository\net\bytebuddy\byte-buddy\1.10.18\byte-buddy-1.10.18.jar;D:\mysoft\maven\repository\net\bytebuddy\byte-buddy-agent\1.10.18\byte-buddy-agent-1.10.18.jar;D:\mysoft\maven\repository\org\objenesis\objenesis\3.1\objenesis-3.1.jar;D:\mysoft\maven\repository\org\jmockit\jmockit\1.48\jmockit-1.48.jar;D:\mysoft\maven\repository\org\junit\jupiter\junit-jupiter-api\5.6.2\junit-jupiter-api-5.6.2.jar;D:\mysoft\maven\repository\org\apiguardian\apiguardian-api\1.1.0\apiguardian-api-1.1.0.jar;D:\mysoft\maven\repository\org\opentest4j\opentest4j\1.2.0\opentest4j-1.2.0.jar;D:\mysoft\maven\repository\org\junit\platform\junit-platform-commons\1.6.2\junit-platform-commons-1.6.2.jar;D:\mysoft\maven\repository\org\junit\jupiter\junit-jupiter-engine\5.6.2\junit-jupiter-engine-5.6.2.jar;D:\mysoft\maven\repository\org\junit\platform\junit-platform-engine\1.6.2\junit-platform-engine-1.6.2.jar;D:\mysoft\maven\repository\org\junit\jupiter\junit-jupiter-params\5.6.2\junit-jupiter-params-5.6.2.jar;D:\mysoft\maven\repository\org\junit\platform\junit-platform-runner\1.6.2\junit-platform-runner-1.6.2.jar;D:\mysoft\maven\repository\junit\junit\4.13\junit-4.13.jar;D:\mysoft\maven\repository\org\junit\platform\junit-platform-launcher\1.6.2\junit-platform-launcher-1.6.2.jar;D:\mysoft\maven\repository\org\junit\platform\junit-platform-suite-api\1.6.2\junit-platform-suite-api-1.6.2.jar;D:\mysoft\maven\repository\org\xerial\snappy\snappy-java\1.1.7.7\snappy-java-1.1.7.7.jar;"/>
    <property name="sun.cpu.endian" value="little"/>
    <property name="user.home" value="C:\Users\faisco"/>
    <property name="user.language" value="zh"/>
    <property name="java.specification.vendor" value="Oracle Corporation"/>
    <property name="java.home" value="C:\Program Files\Java\jdk1.8.0_31\jre"/>
    <property name="zookeeper.DigestAuthenticationProvider.superDigest" value="super:D/InIHSb7yEEbrWz8b9l71RjZJU="/>
    <property name="basedir" value="D:\mysoft\faiscoGit\myStudy\ZooKeeperLearning\apache-zookeeper-3.7.0\zookeeper-server"/>
    <property name="file.separator" value="\"/>
    <property name="line.separator" value="&#10;"/>
    <property name="java.vm.specification.vendor" value="Oracle Corporation"/>
    <property name="java.specification.name" value="Java Platform API Specification"/>
    <property name="java.awt.graphicsenv" value="sun.awt.Win32GraphicsEnvironment"/>
    <property name="test.junit.threads" value="8"/>
    <property name="surefire.real.class.path" value="C:\Users\faisco\AppData\Local\Temp\surefire7017171567299321585\surefirebooter7036064442551830011.jar;D:\mysoft\maven\repository\org\jmockit\jmockit\1.48\jmockit-1.48.jar"/>
    <property name="zookeeper.junit.threadid" value="7"/>
    <property name="sun.boot.class.path" value="C:\Program Files\Java\jdk1.8.0_31\jre\lib\resources.jar;C:\Program Files\Java\jdk1.8.0_31\jre\lib\rt.jar;C:\Program Files\Java\jdk1.8.0_31\jre\lib\sunrsasign.jar;C:\Program Files\Java\jdk1.8.0_31\jre\lib\jsse.jar;C:\Program Files\Java\jdk1.8.0_31\jre\lib\jce.jar;C:\Program Files\Java\jdk1.8.0_31\jre\lib\charsets.jar;C:\Program Files\Java\jdk1.8.0_31\jre\lib\jfr.jar;C:\Program Files\Java\jdk1.8.0_31\jre\classes"/>
    <property name="user.script" value=""/>
    <property name="sun.management.compiler" value="HotSpot 64-Bit Tiered Compilers"/>
    <property name="java.runtime.version" value="1.8.0_31-b13"/>
    <property name="user.name" value="faisco"/>
    <property name="path.separator" value=";"/>
    <property name="os.version" value="6.3"/>
    <property name="java.endorsed.dirs" value="C:\Program Files\Java\jdk1.8.0_31\jre\lib\endorsed"/>
    <property name="java.runtime.name" value="Java(TM) SE Runtime Environment"/>
    <property name="file.encoding" value="GBK"/>
    <property name="java.vm.name" value="Java HotSpot(TM) 64-Bit Server VM"/>
    <property name="idea.version2020.1" value="true"/>
    <property name="localRepository" value="D:\mysoft\maven\repository"/>
    <property name="java.vendor.url.bug" value="http://bugreport.sun.com/bugreport/"/>
    <property name="java.io.tmpdir" value="C:\Users\faisco\AppData\Local\Temp\"/>
    <property name="java.version" value="1.8.0_31"/>
    <property name="user.dir" value="D:\mysoft\faiscoGit\myStudy\ZooKeeperLearning\apache-zookeeper-3.7.0\zookeeper-server"/>
    <property name="os.arch" value="amd64"/>
    <property name="java.vm.specification.name" value="Java Virtual Machine Specification"/>
    <property name="java.awt.printerjob" value="sun.awt.windows.WPrinterJob"/>
    <property name="sun.os.patch.level" value=""/>
    <property name="java.library.path" value="C:\Program Files\Java\jdk1.8.0_31\jre\bin;C:\WINDOWS\Sun\Java\bin;C:\WINDOWS\system32;C:\WINDOWS;C:\Program Files\Java\jdk1.8.0_31\jre\bin;C:\Python39\Scripts\;C:\Python39\;C:\Python27\;C:\Python27\Scripts;C:\Program Files (x86)\Intel\Intel(R) Management Engine Components\iCLS\;C:\Program Files\Intel\Intel(R) Management Engine Components\iCLS\;C:\WINDOWS\system32;C:\WINDOWS;C:\WINDOWS\System32\Wbem;C:\WINDOWS\System32\WindowsPowerShell\v1.0\;C:\WINDOWS\System32\OpenSSH\;C:\Program Files (x86)\Intel\Intel(R) Management Engine Components\DAL;C:\Program Files\Intel\Intel(R) Management Engine Components\DAL;C:\Program Files\TortoiseSVN\bin;C:\Program Files\Java\jdk1.8.0_31\bin;D:\soft\Git\cmd;D:\mysoft\maven\apache-maven-3.6.1\bin;C:\ProgramData\chocolatey\bin;C:\Program Files\nodejs\;D:\mysoft\gradle-7.0\bin;C:\ProgramData\Oracle\Java\javapath;C:\Program Files\OpenVPN\bin;C:\Users\faisco\AppData\Local\Microsoft\WindowsApps;;D:\soft\Microsoft VS Code\bin;D:\soft\PyCharm Community Edition 2019.1.3\bin;;D:\soft\PyCharm 2019.2.3\bin;;C:\Users\faisco\AppData\Local\Microsoft\WindowsApps;C:\Program Files\JetBrains\IntelliJ IDEA 2020.1\bin;;C:\Program Files\JetBrains\IntelliJ IDEA Community Edition 2020.1.3\bin;;C:\Users\faisco\AppData\Roaming\npm;."/>
    <property name="junit.jupiter.extensions.autodetection.enabled" value="true"/>
    <property name="java.vm.info" value="mixed mode"/>
    <property name="java.vendor" value="Oracle Corporation"/>
    <property name="java.vm.version" value="25.31-b07"/>
    <property name="java.ext.dirs" value="C:\Program Files\Java\jdk1.8.0_31\jre\lib\ext;C:\WINDOWS\Sun\Java\lib\ext"/>
    <property name="sun.io.unicode.encoding" value="UnicodeLittle"/>
    <property name="java.class.version" value="52.0"/>
  </properties>
  <testcase name="testClientServerSSL" classname="org.apache.zookeeper.test.ClientSSLTest" time="51.283">
    <failure message="ZooKeeper client can not connect to 127.0.0.1:27381" type="org.opentest4j.AssertionFailedError">org.opentest4j.AssertionFailedError: ZooKeeper client can not connect to 127.0.0.1:27381
	at org.apache.zookeeper.test.ClientBase.createZKClient(ClientBase.java:729)
	at org.apache.zookeeper.test.ClientBase.createZKClient(ClientBase.java:719)
	at org.apache.zookeeper.test.ClientBase.createZKClient(ClientBase.java:714)
	at org.apache.zookeeper.test.ClientSSLTest.testClientServerSSL(ClientSSLTest.java:133)
	at org.apache.zookeeper.test.ClientSSLTest.testClientServerSSL(ClientSSLTest.java:98)
</failure>
    <system-out><![CDATA[2021-11-08 11:18:59,314 [myid:] - INFO  [main:ZKTestCase@77] - STARTING Optional[public void org.apache.zookeeper.test.ClientSSLTest.testClientServerSSL() throws java.lang.Exception]
2021-11-08 11:18:59,319 [myid:] - INFO  [main:X509Util@77] - Setting -D jdk.tls.rejectClientInitiatedRenegotiation=true to disable client-initiated TLS renegotiation
2021-11-08 11:18:59,322 [myid:] - INFO  [main:PortAssignment@154] - Test process 7/8 using ports from 27379 - 30071.
2021-11-08 11:18:59,328 [myid:] - INFO  [main:PortAssignment@87] - Assigned port 27380 from range 27379 - 30071.
2021-11-08 11:18:59,328 [myid:] - INFO  [main:PortAssignment@87] - Assigned port 27381 from range 27379 - 30071.
2021-11-08 11:18:59,329 [myid:] - INFO  [main:PortAssignment@87] - Assigned port 27382 from range 27379 - 30071.
2021-11-08 11:18:59,329 [myid:] - INFO  [main:PortAssignment@87] - Assigned port 27383 from range 27379 - 30071.
2021-11-08 11:18:59,330 [myid:] - INFO  [main:PortAssignment@87] - Assigned port 27384 from range 27379 - 30071.
2021-11-08 11:18:59,330 [myid:] - INFO  [main:PortAssignment@87] - Assigned port 27385 from range 27379 - 30071.
2021-11-08 11:18:59,330 [myid:] - INFO  [main:PortAssignment@87] - Assigned port 27386 from range 27379 - 30071.
2021-11-08 11:18:59,331 [myid:] - INFO  [main:PortAssignment@87] - Assigned port 27387 from range 27379 - 30071.
2021-11-08 11:18:59,331 [myid:] - INFO  [main:PortAssignment@87] - Assigned port 27388 from range 27379 - 30071.
2021-11-08 11:18:59,331 [myid:] - INFO  [main:PortAssignment@87] - Assigned port 27389 from range 27379 - 30071.
2021-11-08 11:18:59,332 [myid:] - INFO  [main:PortAssignment@87] - Assigned port 27390 from range 27379 - 30071.
2021-11-08 11:18:59,332 [myid:] - INFO  [main:PortAssignment@87] - Assigned port 27391 from range 27379 - 30071.
2021-11-08 11:18:59,789 [myid:] - INFO  [main:QuorumPeerTestBase$MainThread@205] - id = 0 tmpDir = D:\mysoft\faiscoGit\myStudy\ZooKeeperLearning\apache-zookeeper-3.7.0\zookeeper-server\target\surefire\test3245434092809740696.junit.dir clientPort = -1 adminServerPort = 8080
2021-11-08 11:18:59,793 [myid:] - INFO  [main:QuorumPeerTestBase$MainThread@205] - id = 1 tmpDir = D:\mysoft\faiscoGit\myStudy\ZooKeeperLearning\apache-zookeeper-3.7.0\zookeeper-server\target\surefire\test3840903472109503997.junit.dir clientPort = -1 adminServerPort = 8080
2021-11-08 11:18:59,796 [myid:] - INFO  [main:QuorumPeerTestBase$MainThread@205] - id = 2 tmpDir = D:\mysoft\faiscoGit\myStudy\ZooKeeperLearning\apache-zookeeper-3.7.0\zookeeper-server\target\surefire\test4257760340138513619.junit.dir clientPort = -1 adminServerPort = 8080
2021-11-08 11:18:59,797 [myid:] - INFO  [Thread-1:QuorumPeerConfig@174] - Reading configuration from: D:\mysoft\faiscoGit\myStudy\ZooKeeperLearning\apache-zookeeper-3.7.0\zookeeper-server\target\surefire\test3245434092809740696.junit.dir\zoo.cfg
2021-11-08 11:18:59,797 [myid:] - INFO  [Thread-2:QuorumPeerConfig@174] - Reading configuration from: D:\mysoft\faiscoGit\myStudy\ZooKeeperLearning\apache-zookeeper-3.7.0\zookeeper-server\target\surefire\test3840903472109503997.junit.dir\zoo.cfg
2021-11-08 11:18:59,803 [myid:] - INFO  [Thread-3:QuorumPeerConfig@174] - Reading configuration from: D:\mysoft\faiscoGit\myStudy\ZooKeeperLearning\apache-zookeeper-3.7.0\zookeeper-server\target\surefire\test4257760340138513619.junit.dir\zoo.cfg
2021-11-08 11:18:59,804 [myid:] - INFO  [main:FourLetterWordMain@94] - connecting to 127.0.0.1 27380
2021-11-08 11:18:59,806 [myid:] - INFO  [Thread-3:QuorumPeerConfig@435] - clientPort is not set
2021-11-08 11:18:59,806 [myid:] - INFO  [Thread-1:QuorumPeerConfig@435] - clientPort is not set
2021-11-08 11:18:59,806 [myid:] - INFO  [Thread-2:QuorumPeerConfig@435] - clientPort is not set
2021-11-08 11:18:59,806 [myid:] - INFO  [Thread-3:QuorumPeerConfig@457] - secureClientPortAddress is 0.0.0.0:27389
2021-11-08 11:18:59,806 [myid:] - INFO  [Thread-1:QuorumPeerConfig@457] - secureClientPortAddress is 0.0.0.0:27381
2021-11-08 11:18:59,806 [myid:] - INFO  [Thread-1:QuorumPeerConfig@464] - observerMasterPort is not set
2021-11-08 11:18:59,806 [myid:] - INFO  [Thread-2:QuorumPeerConfig@457] - secureClientPortAddress is 0.0.0.0:27385
2021-11-08 11:18:59,806 [myid:] - INFO  [Thread-1:QuorumPeerConfig@481] - metricsProvider.className is org.apache.zookeeper.metrics.impl.DefaultMetricsProvider
2021-11-08 11:18:59,806 [myid:] - INFO  [Thread-3:QuorumPeerConfig@464] - observerMasterPort is not set
2021-11-08 11:18:59,807 [myid:] - INFO  [Thread-3:QuorumPeerConfig@481] - metricsProvider.className is org.apache.zookeeper.metrics.impl.DefaultMetricsProvider
2021-11-08 11:18:59,806 [myid:] - INFO  [Thread-2:QuorumPeerConfig@464] - observerMasterPort is not set
2021-11-08 11:18:59,807 [myid:] - INFO  [Thread-2:QuorumPeerConfig@481] - metricsProvider.className is org.apache.zookeeper.metrics.impl.DefaultMetricsProvider
2021-11-08 11:18:59,813 [myid:0] - INFO  [Thread-1:DatadirCleanupManager@78] - autopurge.snapRetainCount set to 3
2021-11-08 11:18:59,813 [myid:2] - INFO  [Thread-3:DatadirCleanupManager@78] - autopurge.snapRetainCount set to 3
2021-11-08 11:18:59,814 [myid:0] - INFO  [Thread-1:DatadirCleanupManager@79] - autopurge.purgeInterval set to 0
2021-11-08 11:18:59,814 [myid:0] - INFO  [Thread-1:DatadirCleanupManager@101] - Purge task is not scheduled.
2021-11-08 11:18:59,814 [myid:2] - INFO  [Thread-3:DatadirCleanupManager@79] - autopurge.purgeInterval set to 0
2021-11-08 11:18:59,814 [myid:2] - INFO  [Thread-3:DatadirCleanupManager@101] - Purge task is not scheduled.
2021-11-08 11:18:59,816 [myid:0] - INFO  [Thread-1:ManagedUtil@44] - Log4j 1.2 jmx support found and enabled.
2021-11-08 11:18:59,816 [myid:2] - INFO  [Thread-3:ManagedUtil@44] - Log4j 1.2 jmx support found and enabled.
2021-11-08 11:18:59,844 [myid:0] - ERROR [Thread-1:AppenderDynamicMBean@209] - Could not add DynamicLayoutMBean for [CONSOLE,layout=org.apache.log4j.PatternLayout].
javax.management.InstanceAlreadyExistsException: log4j:appender=CONSOLE,layout=org.apache.log4j.PatternLayout
	at com.sun.jmx.mbeanserver.Repository.addMBean(Repository.java:437)
	at com.sun.jmx.interceptor.DefaultMBeanServerInterceptor.registerWithRepository(DefaultMBeanServerInterceptor.java:1898)
	at com.sun.jmx.interceptor.DefaultMBeanServerInterceptor.registerDynamicMBean(DefaultMBeanServerInterceptor.java:966)
	at com.sun.jmx.interceptor.DefaultMBeanServerInterceptor.registerObject(DefaultMBeanServerInterceptor.java:900)
	at com.sun.jmx.interceptor.DefaultMBeanServerInterceptor.registerMBean(DefaultMBeanServerInterceptor.java:324)
	at com.sun.jmx.mbeanserver.JmxMBeanServer.registerMBean(JmxMBeanServer.java:522)
	at org.apache.log4j.jmx.AbstractDynamicMBean.registerMBean(AbstractDynamicMBean.java:160)
	at org.apache.log4j.jmx.AppenderDynamicMBean.registerLayoutMBean(AppenderDynamicMBean.java:203)
	at org.apache.log4j.jmx.AppenderDynamicMBean.preRegister(AppenderDynamicMBean.java:339)
	at com.sun.jmx.interceptor.DefaultMBeanServerInterceptor.preRegister(DefaultMBeanServerInterceptor.java:1007)
	at com.sun.jmx.interceptor.DefaultMBeanServerInterceptor.registerDynamicMBean(DefaultMBeanServerInterceptor.java:919)
	at com.sun.jmx.interceptor.DefaultMBeanServerInterceptor.registerObject(DefaultMBeanServerInterceptor.java:900)
	at com.sun.jmx.interceptor.DefaultMBeanServerInterceptor.registerMBean(DefaultMBeanServerInterceptor.java:324)
	at com.sun.jmx.mbeanserver.JmxMBeanServer.registerMBean(JmxMBeanServer.java:522)
	at org.apache.log4j.jmx.AbstractDynamicMBean.registerMBean(AbstractDynamicMBean.java:160)
	at org.apache.log4j.jmx.LoggerDynamicMBean.registerAppenderMBean(LoggerDynamicMBean.java:264)
	at org.apache.log4j.jmx.LoggerDynamicMBean.appenderMBeanRegistration(LoggerDynamicMBean.java:252)
	at org.apache.log4j.jmx.LoggerDynamicMBean.postRegister(LoggerDynamicMBean.java:280)
	at com.sun.jmx.interceptor.DefaultMBeanServerInterceptor.postRegister(DefaultMBeanServerInterceptor.java:1024)
	at com.sun.jmx.interceptor.DefaultMBeanServerInterceptor.registerDynamicMBean(DefaultMBeanServerInterceptor.java:974)
	at com.sun.jmx.interceptor.DefaultMBeanServerInterceptor.registerObject(DefaultMBeanServerInterceptor.java:900)
	at com.sun.jmx.interceptor.DefaultMBeanServerInterceptor.registerMBean(DefaultMBeanServerInterceptor.java:324)
	at com.sun.jmx.mbeanserver.JmxMBeanServer.registerMBean(JmxMBeanServer.java:522)
	at org.apache.log4j.jmx.AbstractDynamicMBean.registerMBean(AbstractDynamicMBean.java:160)
	at org.apache.log4j.jmx.HierarchyDynamicMBean.addLoggerMBean(HierarchyDynamicMBean.java:125)
	at org.apache.log4j.jmx.HierarchyDynamicMBean.postRegister(HierarchyDynamicMBean.java:263)
	at com.sun.jmx.interceptor.DefaultMBeanServerInterceptor.postRegister(DefaultMBeanServerInterceptor.java:1024)
	at com.sun.jmx.interceptor.DefaultMBeanServerInterceptor.registerDynamicMBean(DefaultMBeanServerInterceptor.java:974)
	at com.sun.jmx.interceptor.DefaultMBeanServerInterceptor.registerObject(DefaultMBeanServerInterceptor.java:900)
	at com.sun.jmx.interceptor.DefaultMBeanServerInterceptor.registerMBean(DefaultMBeanServerInterceptor.java:324)
	at com.sun.jmx.mbeanserver.JmxMBeanServer.registerMBean(JmxMBeanServer.java:522)
	at org.apache.zookeeper.jmx.ManagedUtil.registerLog4jMBeans(ManagedUtil.java:72)
	at org.apache.zookeeper.server.quorum.QuorumPeerMain.runFromConfig(QuorumPeerMain.java:147)
	at org.apache.zookeeper.server.quorum.QuorumPeerMain.initializeAndRun(QuorumPeerMain.java:137)
	at org.apache.zookeeper.server.quorum.QuorumPeerTestBase$MainThread.run(QuorumPeerTestBase.java:329)
	at java.lang.Thread.run(Thread.java:745)
2021-11-08 11:18:59,846 [myid:0] - ERROR [Thread-1:LoggerDynamicMBean@270] - Could not add appenderMBean for [CONSOLE].
javax.management.InstanceAlreadyExistsException: log4j:appender=CONSOLE
	at com.sun.jmx.mbeanserver.Repository.addMBean(Repository.java:437)
	at com.sun.jmx.interceptor.DefaultMBeanServerInterceptor.registerWithRepository(DefaultMBeanServerInterceptor.java:1898)
	at com.sun.jmx.interceptor.DefaultMBeanServerInterceptor.registerDynamicMBean(DefaultMBeanServerInterceptor.java:966)
	at com.sun.jmx.interceptor.DefaultMBeanServerInterceptor.registerObject(DefaultMBeanServerInterceptor.java:900)
	at com.sun.jmx.interceptor.DefaultMBeanServerInterceptor.registerMBean(DefaultMBeanServerInterceptor.java:324)
	at com.sun.jmx.mbeanserver.JmxMBeanServer.registerMBean(JmxMBeanServer.java:522)
	at org.apache.log4j.jmx.AbstractDynamicMBean.registerMBean(AbstractDynamicMBean.java:160)
	at org.apache.log4j.jmx.LoggerDynamicMBean.registerAppenderMBean(LoggerDynamicMBean.java:264)
	at org.apache.log4j.jmx.LoggerDynamicMBean.appenderMBeanRegistration(LoggerDynamicMBean.java:252)
	at org.apache.log4j.jmx.LoggerDynamicMBean.postRegister(LoggerDynamicMBean.java:280)
	at com.sun.jmx.interceptor.DefaultMBeanServerInterceptor.postRegister(DefaultMBeanServerInterceptor.java:1024)
	at com.sun.jmx.interceptor.DefaultMBeanServerInterceptor.registerDynamicMBean(DefaultMBeanServerInterceptor.java:974)
	at com.sun.jmx.interceptor.DefaultMBeanServerInterceptor.registerObject(DefaultMBeanServerInterceptor.java:900)
	at com.sun.jmx.interceptor.DefaultMBeanServerInterceptor.registerMBean(DefaultMBeanServerInterceptor.java:324)
	at com.sun.jmx.mbeanserver.JmxMBeanServer.registerMBean(JmxMBeanServer.java:522)
	at org.apache.log4j.jmx.AbstractDynamicMBean.registerMBean(AbstractDynamicMBean.java:160)
	at org.apache.log4j.jmx.HierarchyDynamicMBean.addLoggerMBean(HierarchyDynamicMBean.java:125)
	at org.apache.log4j.jmx.HierarchyDynamicMBean.postRegister(HierarchyDynamicMBean.java:263)
	at com.sun.jmx.interceptor.DefaultMBeanServerInterceptor.postRegister(DefaultMBeanServerInterceptor.java:1024)
	at com.sun.jmx.interceptor.DefaultMBeanServerInterceptor.registerDynamicMBean(DefaultMBeanServerInterceptor.java:974)
	at com.sun.jmx.interceptor.DefaultMBeanServerInterceptor.registerObject(DefaultMBeanServerInterceptor.java:900)
	at com.sun.jmx.interceptor.DefaultMBeanServerInterceptor.registerMBean(DefaultMBeanServerInterceptor.java:324)
	at com.sun.jmx.mbeanserver.JmxMBeanServer.registerMBean(JmxMBeanServer.java:522)
	at org.apache.zookeeper.jmx.ManagedUtil.registerLog4jMBeans(ManagedUtil.java:72)
	at org.apache.zookeeper.server.quorum.QuorumPeerMain.runFromConfig(QuorumPeerMain.java:147)
	at org.apache.zookeeper.server.quorum.QuorumPeerMain.initializeAndRun(QuorumPeerMain.java:137)
	at org.apache.zookeeper.server.quorum.QuorumPeerTestBase$MainThread.run(QuorumPeerTestBase.java:329)
	at java.lang.Thread.run(Thread.java:745)
2021-11-08 11:18:59,846 [myid:0] - ERROR [Thread-1:HierarchyDynamicMBean@138] - Could not add loggerMBean for [root].
javax.management.InstanceAlreadyExistsException: log4j:logger=root
	at com.sun.jmx.mbeanserver.Repository.addMBean(Repository.java:437)
	at com.sun.jmx.interceptor.DefaultMBeanServerInterceptor.registerWithRepository(DefaultMBeanServerInterceptor.java:1898)
	at com.sun.jmx.interceptor.DefaultMBeanServerInterceptor.registerDynamicMBean(DefaultMBeanServerInterceptor.java:966)
	at com.sun.jmx.interceptor.DefaultMBeanServerInterceptor.registerObject(DefaultMBeanServerInterceptor.java:900)
	at com.sun.jmx.interceptor.DefaultMBeanServerInterceptor.registerMBean(DefaultMBeanServerInterceptor.java:324)
	at com.sun.jmx.mbeanserver.JmxMBeanServer.registerMBean(JmxMBeanServer.java:522)
	at org.apache.log4j.jmx.AbstractDynamicMBean.registerMBean(AbstractDynamicMBean.java:160)
	at org.apache.log4j.jmx.HierarchyDynamicMBean.addLoggerMBean(HierarchyDynamicMBean.java:125)
	at org.apache.log4j.jmx.HierarchyDynamicMBean.postRegister(HierarchyDynamicMBean.java:263)
	at com.sun.jmx.interceptor.DefaultMBeanServerInterceptor.postRegister(DefaultMBeanServerInterceptor.java:1024)
	at com.sun.jmx.interceptor.DefaultMBeanServerInterceptor.registerDynamicMBean(DefaultMBeanServerInterceptor.java:974)
	at com.sun.jmx.interceptor.DefaultMBeanServerInterceptor.registerObject(DefaultMBeanServerInterceptor.java:900)
	at com.sun.jmx.interceptor.DefaultMBeanServerInterceptor.registerMBean(DefaultMBeanServerInterceptor.java:324)
	at com.sun.jmx.mbeanserver.JmxMBeanServer.registerMBean(JmxMBeanServer.java:522)
	at org.apache.zookeeper.jmx.ManagedUtil.registerLog4jMBeans(ManagedUtil.java:72)
	at org.apache.zookeeper.server.quorum.QuorumPeerMain.runFromConfig(QuorumPeerMain.java:147)
	at org.apache.zookeeper.server.quorum.QuorumPeerMain.initializeAndRun(QuorumPeerMain.java:137)
	at org.apache.zookeeper.server.quorum.QuorumPeerTestBase$MainThread.run(QuorumPeerTestBase.java:329)
	at java.lang.Thread.run(Thread.java:745)
2021-11-08 11:18:59,844 [myid:2] - ERROR [Thread-3:ManagedUtil@109] - Problems while registering log4j 1.2 jmx beans!
javax.management.InstanceAlreadyExistsException: log4j:hierarchy=default
	at com.sun.jmx.mbeanserver.Repository.addMBean(Repository.java:437)
	at com.sun.jmx.interceptor.DefaultMBeanServerInterceptor.registerWithRepository(DefaultMBeanServerInterceptor.java:1898)
	at com.sun.jmx.interceptor.DefaultMBeanServerInterceptor.registerDynamicMBean(DefaultMBeanServerInterceptor.java:966)
	at com.sun.jmx.interceptor.DefaultMBeanServerInterceptor.registerObject(DefaultMBeanServerInterceptor.java:900)
	at com.sun.jmx.interceptor.DefaultMBeanServerInterceptor.registerMBean(DefaultMBeanServerInterceptor.java:324)
	at com.sun.jmx.mbeanserver.JmxMBeanServer.registerMBean(JmxMBeanServer.java:522)
	at org.apache.zookeeper.jmx.ManagedUtil.registerLog4jMBeans(ManagedUtil.java:72)
	at org.apache.zookeeper.server.quorum.QuorumPeerMain.runFromConfig(QuorumPeerMain.java:147)
	at org.apache.zookeeper.server.quorum.QuorumPeerMain.initializeAndRun(QuorumPeerMain.java:137)
	at org.apache.zookeeper.server.quorum.QuorumPeerTestBase$MainThread.run(QuorumPeerTestBase.java:329)
	at java.lang.Thread.run(Thread.java:745)
2021-11-08 11:18:59,847 [myid:2] - WARN  [Thread-3:QuorumPeerMain@149] - Unable to register log4j JMX control
javax.management.JMException: javax.management.InstanceAlreadyExistsException: log4j:hierarchy=default
	at org.apache.zookeeper.jmx.ManagedUtil.registerLog4jMBeans(ManagedUtil.java:110)
	at org.apache.zookeeper.server.quorum.QuorumPeerMain.runFromConfig(QuorumPeerMain.java:147)
	at org.apache.zookeeper.server.quorum.QuorumPeerMain.initializeAndRun(QuorumPeerMain.java:137)
	at org.apache.zookeeper.server.quorum.QuorumPeerTestBase$MainThread.run(QuorumPeerTestBase.java:329)
	at java.lang.Thread.run(Thread.java:745)
2021-11-08 11:18:59,847 [myid:2] - INFO  [Thread-3:QuorumPeerMain@152] - Starting quorum peer, myid=2
2021-11-08 11:18:59,848 [myid:0] - INFO  [Thread-1:QuorumPeerMain@152] - Starting quorum peer, myid=0
2021-11-08 11:18:59,857 [myid:2] - INFO  [Thread-3:ServerMetrics@62] - ServerMetrics initialized with provider org.apache.zookeeper.metrics.impl.DefaultMetricsProvider@17dc949
2021-11-08 11:18:59,857 [myid:0] - INFO  [Thread-1:ServerMetrics@62] - ServerMetrics initialized with provider org.apache.zookeeper.metrics.impl.DefaultMetricsProvider@55d9f71f
2021-11-08 11:18:59,859 [myid:2] - INFO  [Thread-3:DigestAuthenticationProvider@47] - ACL digest algorithm is: SHA1
2021-11-08 11:18:59,859 [myid:2] - INFO  [Thread-3:DigestAuthenticationProvider@61] - zookeeper.DigestAuthenticationProvider.enabled = true
2021-11-08 11:18:59,898 [myid:0] - INFO  [Thread-1:DigestAuthenticationProvider@61] - zookeeper.DigestAuthenticationProvider.enabled = true
2021-11-08 11:18:59,945 [myid:0] - INFO  [Thread-1:NettyServerCnxnFactory@507] - zookeeper.client.portUnification=true
2021-11-08 11:18:59,945 [myid:2] - INFO  [Thread-3:NettyServerCnxnFactory@507] - zookeeper.client.portUnification=true
2021-11-08 11:18:59,945 [myid:0] - INFO  [Thread-1:NettyServerCnxnFactory@519] - zookeeper.netty.advancedFlowControl.enabled = false
2021-11-08 11:18:59,945 [myid:2] - INFO  [Thread-3:NettyServerCnxnFactory@519] - zookeeper.netty.advancedFlowControl.enabled = false
2021-11-08 11:18:59,945 [myid:2] - INFO  [Thread-3:NettyServerCnxnFactory@106] - handshakeThrottlingEnabled = false, zookeeper.netty.server.outstandingHandshake.limit = -1
2021-11-08 11:18:59,945 [myid:0] - INFO  [Thread-1:NettyServerCnxnFactory@106] - handshakeThrottlingEnabled = false, zookeeper.netty.server.outstandingHandshake.limit = -1
2021-11-08 11:19:00,238 [myid:1] - INFO  [Thread-2:DatadirCleanupManager@78] - autopurge.snapRetainCount set to 3
2021-11-08 11:19:00,238 [myid:1] - INFO  [Thread-2:DatadirCleanupManager@79] - autopurge.purgeInterval set to 0
2021-11-08 11:19:00,239 [myid:1] - INFO  [Thread-2:DatadirCleanupManager@101] - Purge task is not scheduled.
2021-11-08 11:19:00,239 [myid:1] - INFO  [Thread-2:ManagedUtil@44] - Log4j 1.2 jmx support found and enabled.
2021-11-08 11:19:00,239 [myid:1] - ERROR [Thread-2:ManagedUtil@109] - Problems while registering log4j 1.2 jmx beans!
javax.management.InstanceAlreadyExistsException: log4j:hierarchy=default
	at com.sun.jmx.mbeanserver.Repository.addMBean(Repository.java:437)
	at com.sun.jmx.interceptor.DefaultMBeanServerInterceptor.registerWithRepository(DefaultMBeanServerInterceptor.java:1898)
	at com.sun.jmx.interceptor.DefaultMBeanServerInterceptor.registerDynamicMBean(DefaultMBeanServerInterceptor.java:966)
	at com.sun.jmx.interceptor.DefaultMBeanServerInterceptor.registerObject(DefaultMBeanServerInterceptor.java:900)
	at com.sun.jmx.interceptor.DefaultMBeanServerInterceptor.registerMBean(DefaultMBeanServerInterceptor.java:324)
	at com.sun.jmx.mbeanserver.JmxMBeanServer.registerMBean(JmxMBeanServer.java:522)
	at org.apache.zookeeper.jmx.ManagedUtil.registerLog4jMBeans(ManagedUtil.java:72)
	at org.apache.zookeeper.server.quorum.QuorumPeerMain.runFromConfig(QuorumPeerMain.java:147)
	at org.apache.zookeeper.server.quorum.QuorumPeerMain.initializeAndRun(QuorumPeerMain.java:137)
	at org.apache.zookeeper.server.quorum.QuorumPeerTestBase$MainThread.run(QuorumPeerTestBase.java:329)
	at java.lang.Thread.run(Thread.java:745)
2021-11-08 11:19:00,239 [myid:1] - WARN  [Thread-2:QuorumPeerMain@149] - Unable to register log4j JMX control
javax.management.JMException: javax.management.InstanceAlreadyExistsException: log4j:hierarchy=default
	at org.apache.zookeeper.jmx.ManagedUtil.registerLog4jMBeans(ManagedUtil.java:110)
	at org.apache.zookeeper.server.quorum.QuorumPeerMain.runFromConfig(QuorumPeerMain.java:147)
	at org.apache.zookeeper.server.quorum.QuorumPeerMain.initializeAndRun(QuorumPeerMain.java:137)
	at org.apache.zookeeper.server.quorum.QuorumPeerTestBase$MainThread.run(QuorumPeerTestBase.java:329)
	at java.lang.Thread.run(Thread.java:745)
2021-11-08 11:19:00,239 [myid:1] - INFO  [Thread-2:QuorumPeerMain@152] - Starting quorum peer, myid=1
2021-11-08 11:19:00,239 [myid:1] - INFO  [Thread-2:ServerMetrics@62] - ServerMetrics initialized with provider org.apache.zookeeper.metrics.impl.DefaultMetricsProvider@1f3611c7
2021-11-08 11:19:00,239 [myid:1] - INFO  [Thread-2:DigestAuthenticationProvider@61] - zookeeper.DigestAuthenticationProvider.enabled = true
2021-11-08 11:19:00,240 [myid:1] - INFO  [Thread-2:NettyServerCnxnFactory@507] - zookeeper.client.portUnification=true
2021-11-08 11:19:00,240 [myid:1] - INFO  [Thread-2:NettyServerCnxnFactory@519] - zookeeper.netty.advancedFlowControl.enabled = false
2021-11-08 11:19:00,241 [myid:1] - INFO  [Thread-2:NettyServerCnxnFactory@106] - handshakeThrottlingEnabled = false, zookeeper.netty.server.outstandingHandshake.limit = -1
2021-11-08 11:19:00,455 [myid:2] - INFO  [Thread-3:ServerCnxnFactory@169] - Using org.apache.zookeeper.server.NettyServerCnxnFactory as server connection factory
2021-11-08 11:19:00,455 [myid:0] - INFO  [Thread-1:ServerCnxnFactory@169] - Using org.apache.zookeeper.server.NettyServerCnxnFactory as server connection factory
2021-11-08 11:19:00,456 [myid:2] - WARN  [Thread-3:ServerCnxnFactory@309] - maxCnxns is not configured, using default value 0.
2021-11-08 11:19:00,456 [myid:0] - WARN  [Thread-1:ServerCnxnFactory@309] - maxCnxns is not configured, using default value 0.
2021-11-08 11:19:00,456 [myid:2] - INFO  [Thread-3:NettyServerCnxnFactory@606] - configure org.apache.zookeeper.server.NettyServerCnxnFactory@376a5efc secure: false on addr /127.0.0.1:27388
2021-11-08 11:19:00,456 [myid:0] - INFO  [Thread-1:NettyServerCnxnFactory@606] - configure org.apache.zookeeper.server.NettyServerCnxnFactory@731776d0 secure: false on addr /127.0.0.1:27380
2021-11-08 11:19:00,456 [myid:2] - INFO  [Thread-3:NettyServerCnxnFactory@507] - zookeeper.client.portUnification=true
2021-11-08 11:19:00,457 [myid:2] - INFO  [Thread-3:NettyServerCnxnFactory@519] - zookeeper.netty.advancedFlowControl.enabled = false
2021-11-08 11:19:00,457 [myid:2] - INFO  [Thread-3:NettyServerCnxnFactory@106] - handshakeThrottlingEnabled = false, zookeeper.netty.server.outstandingHandshake.limit = -1
2021-11-08 11:19:00,459 [myid:0] - INFO  [Thread-1:NettyServerCnxnFactory@507] - zookeeper.client.portUnification=true
2021-11-08 11:19:00,459 [myid:0] - INFO  [Thread-1:NettyServerCnxnFactory@519] - zookeeper.netty.advancedFlowControl.enabled = false
2021-11-08 11:19:00,459 [myid:0] - INFO  [Thread-1:NettyServerCnxnFactory@106] - handshakeThrottlingEnabled = false, zookeeper.netty.server.outstandingHandshake.limit = -1
2021-11-08 11:19:00,788 [myid:1] - INFO  [Thread-2:ServerCnxnFactory@169] - Using org.apache.zookeeper.server.NettyServerCnxnFactory as server connection factory
2021-11-08 11:19:00,788 [myid:1] - WARN  [Thread-2:ServerCnxnFactory@309] - maxCnxns is not configured, using default value 0.
2021-11-08 11:19:00,788 [myid:1] - INFO  [Thread-2:NettyServerCnxnFactory@606] - configure org.apache.zookeeper.server.NettyServerCnxnFactory@3c8a33e3 secure: false on addr /127.0.0.1:27384
2021-11-08 11:19:00,788 [myid:1] - INFO  [Thread-2:NettyServerCnxnFactory@507] - zookeeper.client.portUnification=true
2021-11-08 11:19:00,788 [myid:1] - INFO  [Thread-2:NettyServerCnxnFactory@519] - zookeeper.netty.advancedFlowControl.enabled = false
2021-11-08 11:19:00,788 [myid:1] - INFO  [Thread-2:NettyServerCnxnFactory@106] - handshakeThrottlingEnabled = false, zookeeper.netty.server.outstandingHandshake.limit = -1
2021-11-08 11:19:01,074 [myid:2] - INFO  [Thread-3:ServerCnxnFactory@169] - Using org.apache.zookeeper.server.NettyServerCnxnFactory as server connection factory
2021-11-08 11:19:01,074 [myid:2] - WARN  [Thread-3:ServerCnxnFactory@309] - maxCnxns is not configured, using default value 0.
2021-11-08 11:19:01,074 [myid:2] - INFO  [Thread-3:NettyServerCnxnFactory@606] - configure org.apache.zookeeper.server.NettyServerCnxnFactory@154fe0ff secure: true on addr 0.0.0.0/0.0.0.0:27389
2021-11-08 11:19:01,078 [myid:2] - INFO  [Thread-3:QuorumPeer@796] - zookeeper.quorumCnxnTimeoutMs=-1
2021-11-08 11:19:01,081 [myid:0] - INFO  [Thread-1:ServerCnxnFactory@169] - Using org.apache.zookeeper.server.NettyServerCnxnFactory as server connection factory
2021-11-08 11:19:01,081 [myid:0] - WARN  [Thread-1:ServerCnxnFactory@309] - maxCnxns is not configured, using default value 0.
2021-11-08 11:19:01,081 [myid:0] - INFO  [Thread-1:NettyServerCnxnFactory@606] - configure org.apache.zookeeper.server.NettyServerCnxnFactory@10b9a71a secure: true on addr 0.0.0.0/0.0.0.0:27381
2021-11-08 11:19:01,085 [myid:0] - INFO  [Thread-1:FileTxnSnapLog@124] - zookeeper.snapshot.trust.empty : false
2021-11-08 11:19:01,085 [myid:2] - INFO  [Thread-3:FileTxnSnapLog@124] - zookeeper.snapshot.trust.empty : false
2021-11-08 11:19:01,090 [myid:2] - INFO  [Thread-3:QuorumPeer@1742] - Local sessions disabled
2021-11-08 11:19:01,090 [myid:2] - INFO  [Thread-3:QuorumPeer@1753] - Local session upgrading disabled
2021-11-08 11:19:01,090 [myid:0] - INFO  [Thread-1:QuorumPeer@1742] - Local sessions disabled
2021-11-08 11:19:01,090 [myid:0] - INFO  [Thread-1:QuorumPeer@1753] - Local session upgrading disabled
2021-11-08 11:19:01,090 [myid:0] - INFO  [Thread-1:QuorumPeer@1720] - tickTime set to 4000
2021-11-08 11:19:01,091 [myid:0] - INFO  [Thread-1:QuorumPeer@1764] - minSessionTimeout set to 8000
2021-11-08 11:19:01,091 [myid:0] - INFO  [Thread-1:QuorumPeer@1775] - maxSessionTimeout set to 80000
2021-11-08 11:19:01,091 [myid:0] - INFO  [Thread-1:QuorumPeer@1800] - initLimit set to 10
2021-11-08 11:19:01,091 [myid:0] - INFO  [Thread-1:QuorumPeer@1987] - syncLimit set to 5
2021-11-08 11:19:01,091 [myid:0] - INFO  [Thread-1:QuorumPeer@2002] - connectToLearnerMasterLimit set to 5
2021-11-08 11:19:01,090 [myid:2] - INFO  [Thread-3:QuorumPeer@1720] - tickTime set to 4000
2021-11-08 11:19:01,091 [myid:2] - INFO  [Thread-3:QuorumPeer@1764] - minSessionTimeout set to 8000
2021-11-08 11:19:01,091 [myid:2] - INFO  [Thread-3:QuorumPeer@1775] - maxSessionTimeout set to 80000
2021-11-08 11:19:01,091 [myid:2] - INFO  [Thread-3:QuorumPeer@1800] - initLimit set to 10
2021-11-08 11:19:01,091 [myid:2] - INFO  [Thread-3:QuorumPeer@1987] - syncLimit set to 5
2021-11-08 11:19:01,091 [myid:2] - INFO  [Thread-3:QuorumPeer@2002] - connectToLearnerMasterLimit set to 5
2021-11-08 11:19:01,105 [myid:2] - INFO  [Thread-3:ZookeeperBanner@42] - 
2021-11-08 11:19:01,105 [myid:2] - INFO  [Thread-3:ZookeeperBanner@42] -   ______                  _                                          
2021-11-08 11:19:01,105 [myid:2] - INFO  [Thread-3:ZookeeperBanner@42] -  |___  /                 | |                                         
2021-11-08 11:19:01,105 [myid:2] - INFO  [Thread-3:ZookeeperBanner@42] -     / /    ___     ___   | | __   ___    ___   _ __     ___   _ __   
2021-11-08 11:19:01,105 [myid:2] - INFO  [Thread-3:ZookeeperBanner@42] -    / /    / _ \   / _ \  | |/ /  / _ \  / _ \ | '_ \   / _ \ | '__|
2021-11-08 11:19:01,106 [myid:2] - INFO  [Thread-3:ZookeeperBanner@42] -   / /__  | (_) | | (_) | |   <  |  __/ |  __/ | |_) | |  __/ | |    
2021-11-08 11:19:01,106 [myid:2] - INFO  [Thread-3:ZookeeperBanner@42] -  /_____|  \___/   \___/  |_|\_\  \___|  \___| | .__/   \___| |_|
2021-11-08 11:19:01,106 [myid:2] - INFO  [Thread-3:ZookeeperBanner@42] -                                               | |                     
2021-11-08 11:19:01,106 [myid:2] - INFO  [Thread-3:ZookeeperBanner@42] -                                               |_|                     
2021-11-08 11:19:01,106 [myid:2] - INFO  [Thread-3:ZookeeperBanner@42] - 
2021-11-08 11:19:01,355 [myid:1] - INFO  [Thread-2:ServerCnxnFactory@169] - Using org.apache.zookeeper.server.NettyServerCnxnFactory as server connection factory
2021-11-08 11:19:01,356 [myid:1] - WARN  [Thread-2:ServerCnxnFactory@309] - maxCnxns is not configured, using default value 0.
2021-11-08 11:19:01,356 [myid:1] - INFO  [Thread-2:NettyServerCnxnFactory@606] - configure org.apache.zookeeper.server.NettyServerCnxnFactory@39c0c217 secure: true on addr 0.0.0.0/0.0.0.0:27385
2021-11-08 11:19:01,356 [myid:1] - INFO  [Thread-2:FileTxnSnapLog@124] - zookeeper.snapshot.trust.empty : false
2021-11-08 11:19:01,356 [myid:1] - INFO  [Thread-2:QuorumPeer@1742] - Local sessions disabled
2021-11-08 11:19:01,356 [myid:1] - INFO  [Thread-2:QuorumPeer@1753] - Local session upgrading disabled
2021-11-08 11:19:01,356 [myid:1] - INFO  [Thread-2:QuorumPeer@1720] - tickTime set to 4000
2021-11-08 11:19:01,356 [myid:1] - INFO  [Thread-2:QuorumPeer@1764] - minSessionTimeout set to 8000
2021-11-08 11:19:01,356 [myid:1] - INFO  [Thread-2:QuorumPeer@1775] - maxSessionTimeout set to 80000
2021-11-08 11:19:01,356 [myid:1] - INFO  [Thread-2:QuorumPeer@1800] - initLimit set to 10
2021-11-08 11:19:01,356 [myid:1] - INFO  [Thread-2:QuorumPeer@1987] - syncLimit set to 5
2021-11-08 11:19:01,356 [myid:1] - INFO  [Thread-2:QuorumPeer@2002] - connectToLearnerMasterLimit set to 5
2021-11-08 11:19:01,828 [myid:] - INFO  [main:ClientBase@264] - server 127.0.0.1:27380 not up: java.net.ConnectException: Connection refused: connect
2021-11-08 11:19:02,091 [myid:] - INFO  [main:FourLetterWordMain@94] - connecting to 127.0.0.1 27380
2021-11-08 11:19:04,123 [myid:] - INFO  [main:ClientBase@264] - server 127.0.0.1:27380 not up: java.net.ConnectException: Connection refused: connect
2021-11-08 11:19:04,387 [myid:] - INFO  [main:FourLetterWordMain@94] - connecting to 127.0.0.1 27380
2021-11-08 11:19:06,428 [myid:] - INFO  [main:ClientBase@264] - server 127.0.0.1:27380 not up: java.net.ConnectException: Connection refused: connect
2021-11-08 11:19:06,681 [myid:] - INFO  [main:FourLetterWordMain@94] - connecting to 127.0.0.1 27380
2021-11-08 11:19:08,714 [myid:] - INFO  [main:ClientBase@264] - server 127.0.0.1:27380 not up: java.net.ConnectException: Connection refused: connect
2021-11-08 11:19:08,980 [myid:] - INFO  [main:FourLetterWordMain@94] - connecting to 127.0.0.1 27380
2021-11-08 11:19:10,164 [myid:2] - INFO  [Thread-3:Environment@98] - Server environment:zookeeper.version=3.7.0-02d8e7728613600d355308bb0a256b6f5b41360c-dirty, built on 2021-11-08 03:06 UTC
2021-11-08 11:19:10,164 [myid:2] - INFO  [Thread-3:Environment@98] - Server environment:host.name=DESKTOP-3V3H020
2021-11-08 11:19:10,164 [myid:2] - INFO  [Thread-3:Environment@98] - Server environment:java.version=1.8.0_31
2021-11-08 11:19:10,164 [myid:2] - INFO  [Thread-3:Environment@98] - Server environment:java.vendor=Oracle Corporation
2021-11-08 11:19:10,164 [myid:2] - INFO  [Thread-3:Environment@98] - Server environment:java.home=C:\Program Files\Java\jdk1.8.0_31\jre
2021-11-08 11:19:10,164 [myid:2] - INFO  [Thread-3:Environment@98] - Server environment:java.class.path=D:\mysoft\faiscoGit\myStudy\ZooKeeperLearning\apache-zookeeper-3.7.0\zookeeper-server\target\test-classes;D:\mysoft\faiscoGit\myStudy\ZooKeeperLearning\apache-zookeeper-3.7.0\zookeeper-server\target\classes;D:\mysoft\maven\repository\com\github\spotbugs\spotbugs-annotations\4.0.2\spotbugs-annotations-4.0.2.jar;D:\mysoft\maven\repository\com\google\code\findbugs\jsr305\3.0.2\jsr305-3.0.2.jar;D:\mysoft\maven\repository\org\hamcrest\hamcrest-library\2.2\hamcrest-library-2.2.jar;D:\mysoft\maven\repository\org\hamcrest\hamcrest-core\2.2\hamcrest-core-2.2.jar;D:\mysoft\maven\repository\org\hamcrest\hamcrest\2.2\hamcrest-2.2.jar;D:\mysoft\maven\repository\org\apache\commons\commons-collections4\4.4\commons-collections4-4.4.jar;D:\mysoft\maven\repository\org\apache\zookeeper\zookeeper-jute\3.7.0\zookeeper-jute-3.7.0.jar;D:\mysoft\maven\repository\commons-cli\commons-cli\1.4\commons-cli-1.4.jar;D:\mysoft\maven\repository\org\apache\yetus\audience-annotations\0.12.0\audience-annotations-0.12.0.jar;D:\mysoft\maven\repository\io\netty\netty-handler\4.1.59.Final\netty-handler-4.1.59.Final.jar;D:\mysoft\maven\repository\io\netty\netty-common\4.1.59.Final\netty-common-4.1.59.Final.jar;D:\mysoft\maven\repository\io\netty\netty-resolver\4.1.59.Final\netty-resolver-4.1.59.Final.jar;D:\mysoft\maven\repository\io\netty\netty-buffer\4.1.59.Final\netty-buffer-4.1.59.Final.jar;D:\mysoft\maven\repository\io\netty\netty-transport\4.1.59.Final\netty-transport-4.1.59.Final.jar;D:\mysoft\maven\repository\io\netty\netty-codec\4.1.59.Final\netty-codec-4.1.59.Final.jar;D:\mysoft\maven\repository\io\netty\netty-transport-native-epoll\4.1.59.Final\netty-transport-native-epoll-4.1.59.Final.jar;D:\mysoft\maven\repository\io\netty\netty-transport-native-unix-common\4.1.59.Final\netty-transport-native-unix-common-4.1.59.Final.jar;D:\mysoft\maven\repository\org\slf4j\slf4j-api\1.7.30\slf4j-api-1.7.30.jar;D:\mysoft\maven\repository\org\slf4j\slf4j-log4j12\1.7.30\slf4j-log4j12-1.7.30.jar;D:\mysoft\maven\repository\org\eclipse\jetty\jetty-server\9.4.38.v20210224\jetty-server-9.4.38.v20210224.jar;D:\mysoft\maven\repository\javax\servlet\javax.servlet-api\3.1.0\javax.servlet-api-3.1.0.jar;D:\mysoft\maven\repository\org\eclipse\jetty\jetty-http\9.4.38.v20210224\jetty-http-9.4.38.v20210224.jar;D:\mysoft\maven\repository\org\eclipse\jetty\jetty-util\9.4.38.v20210224\jetty-util-9.4.38.v20210224.jar;D:\mysoft\maven\repository\org\eclipse\jetty\jetty-io\9.4.38.v20210224\jetty-io-9.4.38.v20210224.jar;D:\mysoft\maven\repository\org\eclipse\jetty\jetty-servlet\9.4.38.v20210224\jetty-servlet-9.4.38.v20210224.jar;D:\mysoft\maven\repository\org\eclipse\jetty\jetty-security\9.4.38.v20210224\jetty-security-9.4.38.v20210224.jar;D:\mysoft\maven\repository\org\eclipse\jetty\jetty-util-ajax\9.4.38.v20210224\jetty-util-ajax-9.4.38.v20210224.jar;D:\mysoft\maven\repository\org\eclipse\jetty\jetty-client\9.4.38.v20210224\jetty-client-9.4.38.v20210224.jar;D:\mysoft\maven\repository\com\fasterxml\jackson\core\jackson-databind\2.10.5.1\jackson-databind-2.10.5.1.jar;D:\mysoft\maven\repository\com\fasterxml\jackson\core\jackson-annotations\2.10.5\jackson-annotations-2.10.5.jar;D:\mysoft\maven\repository\com\fasterxml\jackson\core\jackson-core\2.10.5\jackson-core-2.10.5.jar;D:\mysoft\maven\repository\org\bouncycastle\bcprov-jdk15on\1.60\bcprov-jdk15on-1.60.jar;D:\mysoft\maven\repository\org\bouncycastle\bcpkix-jdk15on\1.60\bcpkix-jdk15on-1.60.jar;D:\mysoft\maven\repository\jline\jline\2.14.6\jline-2.14.6.jar;D:\mysoft\maven\repository\io\dropwizard\metrics\metrics-core\4.1.12.1\metrics-core-4.1.12.1.jar;D:\mysoft\maven\repository\log4j\log4j\1.2.17\log4j-1.2.17.jar;D:\mysoft\maven\repository\org\apache\kerby\kerb-core\2.0.0\kerb-core-2.0.0.jar;D:\mysoft\maven\repository\org\apache\kerby\kerby-pkix\2.0.0\kerby-pkix-2.0.0.jar;D:\mysoft\maven\repository\org\apache\kerby\kerby-asn1\2.0.0\kerby-asn1-2.0.0.jar;D:\mysoft\maven\repository\org\apache\kerby\kerby-util\2.0.0\kerby-util-2.0.0.jar;D:\mysoft\maven\repository\org\apache\kerby\kerb-simplekdc\2.0.0\kerb-simplekdc-2.0.0.jar;D:\mysoft\maven\repository\org\apache\kerby\kerb-client\2.0.0\kerb-client-2.0.0.jar;D:\mysoft\maven\repository\org\apache\kerby\kerb-common\2.0.0\kerb-common-2.0.0.jar;D:\mysoft\maven\repository\org\apache\kerby\kerb-crypto\2.0.0\kerb-crypto-2.0.0.jar;D:\mysoft\maven\repository\commons-io\commons-io\2.6\commons-io-2.6.jar;D:\mysoft\maven\repository\org\apache\kerby\kerb-util\2.0.0\kerb-util-2.0.0.jar;D:\mysoft\maven\repository\org\apache\kerby\token-provider\2.0.0\token-provider-2.0.0.jar;D:\mysoft\maven\repository\com\nimbusds\nimbus-jose-jwt\4.41.2\nimbus-jose-jwt-4.41.2.jar;D:\mysoft\maven\repository\com\github\stephenc\jcip\jcip-annotations\1.0-1\jcip-annotations-1.0-1.jar;D:\mysoft\maven\repository\net\minidev\json-smart\2.3\json-smart-2.3.jar;D:\mysoft\maven\repository\net\minidev\accessors-smart\1.2\accessors-smart-1.2.jar;D:\mysoft\maven\repository\org\ow2\asm\asm\5.0.4\asm-5.0.4.jar;D:\mysoft\maven\repository\org\apache\kerby\kerb-admin\2.0.0\kerb-admin-2.0.0.jar;D:\mysoft\maven\repository\org\apache\kerby\kerb-server\2.0.0\kerb-server-2.0.0.jar;D:\mysoft\maven\repository\org\apache\kerby\kerb-identity\2.0.0\kerb-identity-2.0.0.jar;D:\mysoft\maven\repository\org\apache\kerby\kerby-xdr\2.0.0\kerby-xdr-2.0.0.jar;D:\mysoft\maven\repository\org\apache\kerby\kerby-config\2.0.0\kerby-config-2.0.0.jar;D:\mysoft\maven\repository\org\mockito\mockito-core\3.6.28\mockito-core-3.6.28.jar;D:\mysoft\maven\repository\net\bytebuddy\byte-buddy\1.10.18\byte-buddy-1.10.18.jar;D:\mysoft\maven\repository\net\bytebuddy\byte-buddy-agent\1.10.18\byte-buddy-agent-1.10.18.jar;D:\mysoft\maven\repository\org\objenesis\objenesis\3.1\objenesis-3.1.jar;D:\mysoft\maven\repository\org\jmockit\jmockit\1.48\jmockit-1.48.jar;D:\mysoft\maven\repository\org\junit\jupiter\junit-jupiter-api\5.6.2\junit-jupiter-api-5.6.2.jar;D:\mysoft\maven\repository\org\apiguardian\apiguardian-api\1.1.0\apiguardian-api-1.1.0.jar;D:\mysoft\maven\repository\org\opentest4j\opentest4j\1.2.0\opentest4j-1.2.0.jar;D:\mysoft\maven\repository\org\junit\platform\junit-platform-commons\1.6.2\junit-platform-commons-1.6.2.jar;D:\mysoft\maven\repository\org\junit\jupiter\junit-jupiter-engine\5.6.2\junit-jupiter-engine-5.6.2.jar;D:\mysoft\maven\repository\org\junit\platform\junit-platform-engine\1.6.2\junit-platform-engine-1.6.2.jar;D:\mysoft\maven\repository\org\junit\jupiter\junit-jupiter-params\5.6.2\junit-jupiter-params-5.6.2.jar;D:\mysoft\maven\repository\org\junit\platform\junit-platform-runner\1.6.2\junit-platform-runner-1.6.2.jar;D:\mysoft\maven\repository\junit\junit\4.13\junit-4.13.jar;D:\mysoft\maven\repository\org\junit\platform\junit-platform-launcher\1.6.2\junit-platform-launcher-1.6.2.jar;D:\mysoft\maven\repository\org\junit\platform\junit-platform-suite-api\1.6.2\junit-platform-suite-api-1.6.2.jar;D:\mysoft\maven\repository\org\xerial\snappy\snappy-java\1.1.7.7\snappy-java-1.1.7.7.jar;
2021-11-08 11:19:10,164 [myid:2] - INFO  [Thread-3:Environment@98] - Server environment:java.library.path=C:\Program Files\Java\jdk1.8.0_31\jre\bin;C:\WINDOWS\Sun\Java\bin;C:\WINDOWS\system32;C:\WINDOWS;C:\Program Files\Java\jdk1.8.0_31\jre\bin;C:\Python39\Scripts\;C:\Python39\;C:\Python27\;C:\Python27\Scripts;C:\Program Files (x86)\Intel\Intel(R) Management Engine Components\iCLS\;C:\Program Files\Intel\Intel(R) Management Engine Components\iCLS\;C:\WINDOWS\system32;C:\WINDOWS;C:\WINDOWS\System32\Wbem;C:\WINDOWS\System32\WindowsPowerShell\v1.0\;C:\WINDOWS\System32\OpenSSH\;C:\Program Files (x86)\Intel\Intel(R) Management Engine Components\DAL;C:\Program Files\Intel\Intel(R) Management Engine Components\DAL;C:\Program Files\TortoiseSVN\bin;C:\Program Files\Java\jdk1.8.0_31\bin;D:\soft\Git\cmd;D:\mysoft\maven\apache-maven-3.6.1\bin;C:\ProgramData\chocolatey\bin;C:\Program Files\nodejs\;D:\mysoft\gradle-7.0\bin;C:\ProgramData\Oracle\Java\javapath;C:\Program Files\OpenVPN\bin;C:\Users\faisco\AppData\Local\Microsoft\WindowsApps;;D:\soft\Microsoft VS Code\bin;D:\soft\PyCharm Community Edition 2019.1.3\bin;;D:\soft\PyCharm 2019.2.3\bin;;C:\Users\faisco\AppData\Local\Microsoft\WindowsApps;C:\Program Files\JetBrains\IntelliJ IDEA 2020.1\bin;;C:\Program Files\JetBrains\IntelliJ IDEA Community Edition 2020.1.3\bin;;C:\Users\faisco\AppData\Roaming\npm;.
2021-11-08 11:19:10,165 [myid:2] - INFO  [Thread-3:Environment@98] - Server environment:java.io.tmpdir=C:\Users\faisco\AppData\Local\Temp\
2021-11-08 11:19:10,165 [myid:2] - INFO  [Thread-3:Environment@98] - Server environment:java.compiler=<NA>
2021-11-08 11:19:10,165 [myid:2] - INFO  [Thread-3:Environment@98] - Server environment:os.name=Windows 8.1
2021-11-08 11:19:10,165 [myid:2] - INFO  [Thread-3:Environment@98] - Server environment:os.arch=amd64
2021-11-08 11:19:10,165 [myid:2] - INFO  [Thread-3:Environment@98] - Server environment:os.version=6.3
2021-11-08 11:19:10,165 [myid:2] - INFO  [Thread-3:Environment@98] - Server environment:user.name=faisco
2021-11-08 11:19:10,165 [myid:2] - INFO  [Thread-3:Environment@98] - Server environment:user.home=C:\Users\faisco
2021-11-08 11:19:10,165 [myid:2] - INFO  [Thread-3:Environment@98] - Server environment:user.dir=D:\mysoft\faiscoGit\myStudy\ZooKeeperLearning\apache-zookeeper-3.7.0\zookeeper-server
2021-11-08 11:19:10,165 [myid:2] - INFO  [Thread-3:Environment@98] - Server environment:os.memory.free=206MB
2021-11-08 11:19:10,165 [myid:2] - INFO  [Thread-3:Environment@98] - Server environment:os.memory.max=455MB
2021-11-08 11:19:10,165 [myid:2] - INFO  [Thread-3:Environment@98] - Server environment:os.memory.total=243MB
2021-11-08 11:19:10,165 [myid:2] - INFO  [Thread-3:ZooKeeperServer@138] - zookeeper.enableEagerACLCheck = false
2021-11-08 11:19:10,165 [myid:2] - INFO  [Thread-3:ZooKeeperServer@151] - zookeeper.digest.enabled = true
2021-11-08 11:19:10,165 [myid:2] - INFO  [Thread-3:ZooKeeperServer@155] - zookeeper.closeSessionTxn.enabled = true
2021-11-08 11:19:10,165 [myid:2] - INFO  [Thread-3:ZooKeeperServer@1499] - zookeeper.flushDelay=0
2021-11-08 11:19:10,165 [myid:2] - INFO  [Thread-3:ZooKeeperServer@1508] - zookeeper.maxWriteQueuePollTime=0
2021-11-08 11:19:10,166 [myid:2] - INFO  [Thread-3:ZooKeeperServer@1517] - zookeeper.maxBatchSize=1000
2021-11-08 11:19:10,166 [myid:2] - INFO  [Thread-3:ZooKeeperServer@260] - zookeeper.intBufferStartingSizeBytes = 1024
2021-11-08 11:19:10,171 [myid:1] - INFO  [Thread-2:WatchManagerFactory@42] - Using org.apache.zookeeper.server.watch.WatchManager as watch manager
2021-11-08 11:19:10,171 [myid:1] - INFO  [Thread-2:WatchManagerFactory@42] - Using org.apache.zookeeper.server.watch.WatchManager as watch manager
2021-11-08 11:19:10,171 [myid:0] - INFO  [Thread-1:WatchManagerFactory@42] - Using org.apache.zookeeper.server.watch.WatchManager as watch manager
2021-11-08 11:19:10,171 [myid:0] - INFO  [Thread-1:WatchManagerFactory@42] - Using org.apache.zookeeper.server.watch.WatchManager as watch manager
2021-11-08 11:19:10,171 [myid:0] - INFO  [Thread-1:ZKDatabase@133] - zookeeper.snapshotSizeFactor = 0.33
2021-11-08 11:19:10,171 [myid:0] - INFO  [Thread-1:ZKDatabase@153] - zookeeper.commitLogCount=500
2021-11-08 11:19:10,171 [myid:2] - INFO  [Thread-3:WatchManagerFactory@42] - Using org.apache.zookeeper.server.watch.WatchManager as watch manager
2021-11-08 11:19:10,171 [myid:2] - INFO  [Thread-3:WatchManagerFactory@42] - Using org.apache.zookeeper.server.watch.WatchManager as watch manager
2021-11-08 11:19:10,171 [myid:1] - INFO  [Thread-2:ZKDatabase@133] - zookeeper.snapshotSizeFactor = 0.33
2021-11-08 11:19:10,171 [myid:1] - INFO  [Thread-2:ZKDatabase@153] - zookeeper.commitLogCount=500
2021-11-08 11:19:10,171 [myid:2] - INFO  [Thread-3:ZKDatabase@133] - zookeeper.snapshotSizeFactor = 0.33
2021-11-08 11:19:10,171 [myid:2] - INFO  [Thread-3:ZKDatabase@153] - zookeeper.commitLogCount=500
2021-11-08 11:19:10,178 [myid:0] - INFO  [Thread-1:QuorumPeer@2066] - Using insecure (non-TLS) quorum communication
2021-11-08 11:19:10,178 [myid:1] - INFO  [Thread-2:QuorumPeer@2066] - Using insecure (non-TLS) quorum communication
2021-11-08 11:19:10,178 [myid:2] - INFO  [Thread-3:QuorumPeer@2066] - Using insecure (non-TLS) quorum communication
2021-11-08 11:19:10,178 [myid:1] - INFO  [Thread-2:QuorumPeer@2072] - Port unification disabled
2021-11-08 11:19:10,178 [myid:0] - INFO  [Thread-1:QuorumPeer@2072] - Port unification disabled
2021-11-08 11:19:10,178 [myid:1] - INFO  [Thread-2:QuorumPeer@179] - multiAddress.enabled set to false
2021-11-08 11:19:10,178 [myid:2] - INFO  [Thread-3:QuorumPeer@2072] - Port unification disabled
2021-11-08 11:19:10,178 [myid:1] - INFO  [Thread-2:QuorumPeer@204] - multiAddress.reachabilityCheckEnabled set to true
2021-11-08 11:19:10,178 [myid:0] - INFO  [Thread-1:QuorumPeer@179] - multiAddress.enabled set to false
2021-11-08 11:19:10,178 [myid:1] - INFO  [Thread-2:QuorumPeer@191] - multiAddress.reachabilityCheckTimeoutMs set to 1000
2021-11-08 11:19:10,178 [myid:2] - INFO  [Thread-3:QuorumPeer@179] - multiAddress.enabled set to false
2021-11-08 11:19:10,178 [myid:1] - INFO  [Thread-2:QuorumPeer@2527] - QuorumPeer communication is not secured! (SASL auth disabled)
2021-11-08 11:19:10,178 [myid:0] - INFO  [Thread-1:QuorumPeer@204] - multiAddress.reachabilityCheckEnabled set to true
2021-11-08 11:19:10,178 [myid:1] - INFO  [Thread-2:QuorumPeer@2552] - quorum.cnxn.threads.size set to 20
2021-11-08 11:19:10,178 [myid:2] - INFO  [Thread-3:QuorumPeer@204] - multiAddress.reachabilityCheckEnabled set to true
2021-11-08 11:19:10,178 [myid:0] - INFO  [Thread-1:QuorumPeer@191] - multiAddress.reachabilityCheckTimeoutMs set to 1000
2021-11-08 11:19:10,179 [myid:2] - INFO  [Thread-3:QuorumPeer@191] - multiAddress.reachabilityCheckTimeoutMs set to 1000
2021-11-08 11:19:10,179 [myid:2] - INFO  [Thread-3:QuorumPeer@2527] - QuorumPeer communication is not secured! (SASL auth disabled)
2021-11-08 11:19:10,179 [myid:2] - INFO  [Thread-3:QuorumPeer@2552] - quorum.cnxn.threads.size set to 20
2021-11-08 11:19:10,179 [myid:0] - INFO  [Thread-1:QuorumPeer@2527] - QuorumPeer communication is not secured! (SASL auth disabled)
2021-11-08 11:19:10,179 [myid:0] - INFO  [Thread-1:QuorumPeer@2552] - quorum.cnxn.threads.size set to 20
2021-11-08 11:19:10,180 [myid:1] - INFO  [Thread-2:FileTxnSnapLog@260] - Initialize file found, an empty database will not block voting participation
2021-11-08 11:19:10,180 [myid:0] - INFO  [Thread-1:FileTxnSnapLog@260] - Initialize file found, an empty database will not block voting participation
2021-11-08 11:19:10,180 [myid:2] - INFO  [Thread-3:FileTxnSnapLog@260] - Initialize file found, an empty database will not block voting participation
2021-11-08 11:19:10,185 [myid:2] - INFO  [Thread-3:SnapStream@61] - zookeeper.snapshot.compression.method = CHECKED
2021-11-08 11:19:10,185 [myid:2] - INFO  [Thread-3:FileTxnSnapLog@479] - Snapshotting: 0x0 to D:\mysoft\faiscoGit\myStudy\ZooKeeperLearning\apache-zookeeper-3.7.0\zookeeper-server\target\surefire\test4257760340138513619.junit.dir\data\version-2\snapshot.0
2021-11-08 11:19:10,185 [myid:0] - INFO  [Thread-1:FileTxnSnapLog@479] - Snapshotting: 0x0 to D:\mysoft\faiscoGit\myStudy\ZooKeeperLearning\apache-zookeeper-3.7.0\zookeeper-server\target\surefire\test3245434092809740696.junit.dir\data\version-2\snapshot.0
2021-11-08 11:19:10,185 [myid:1] - INFO  [Thread-2:FileTxnSnapLog@479] - Snapshotting: 0x0 to D:\mysoft\faiscoGit\myStudy\ZooKeeperLearning\apache-zookeeper-3.7.0\zookeeper-server\target\surefire\test3840903472109503997.junit.dir\data\version-2\snapshot.0
2021-11-08 11:19:10,191 [myid:1] - INFO  [Thread-2:ZKDatabase@290] - Snapshot loaded in 13 ms, highest zxid is 0x0, digest is 1371985504
2021-11-08 11:19:10,191 [myid:2] - INFO  [Thread-3:ZKDatabase@290] - Snapshot loaded in 13 ms, highest zxid is 0x0, digest is 1371985504
2021-11-08 11:19:10,191 [myid:0] - INFO  [Thread-1:ZKDatabase@290] - Snapshot loaded in 12 ms, highest zxid is 0x0, digest is 1371985504
2021-11-08 11:19:10,192 [myid:1] - INFO  [Thread-2:QuorumPeer@1157] - currentEpoch not found! Creating with a reasonable default of 0. This should only happen when you are upgrading your installation
2021-11-08 11:19:10,192 [myid:0] - INFO  [Thread-1:QuorumPeer@1157] - currentEpoch not found! Creating with a reasonable default of 0. This should only happen when you are upgrading your installation
2021-11-08 11:19:10,192 [myid:2] - INFO  [Thread-3:QuorumPeer@1157] - currentEpoch not found! Creating with a reasonable default of 0. This should only happen when you are upgrading your installation
2021-11-08 11:19:10,200 [myid:0] - INFO  [Thread-1:QuorumPeer@1177] - acceptedEpoch not found! Creating with a reasonable default of 0. This should only happen when you are upgrading your installation
2021-11-08 11:19:10,200 [myid:2] - INFO  [Thread-3:QuorumPeer@1177] - acceptedEpoch not found! Creating with a reasonable default of 0. This should only happen when you are upgrading your installation
2021-11-08 11:19:10,201 [myid:1] - INFO  [Thread-2:QuorumPeer@1177] - acceptedEpoch not found! Creating with a reasonable default of 0. This should only happen when you are upgrading your installation
2021-11-08 11:19:10,204 [myid:2] - INFO  [Thread-3:NettyServerCnxnFactory@695] - binding to port /127.0.0.1:27388
2021-11-08 11:19:10,204 [myid:0] - INFO  [Thread-1:NettyServerCnxnFactory@695] - binding to port /127.0.0.1:27380
2021-11-08 11:19:10,205 [myid:1] - INFO  [Thread-2:NettyServerCnxnFactory@695] - binding to port /127.0.0.1:27384
2021-11-08 11:19:10,942 [myid:2] - INFO  [Thread-3:NettyServerCnxnFactory@700] - bound to port 27388
2021-11-08 11:19:10,942 [myid:2] - INFO  [Thread-3:NettyServerCnxnFactory@695] - binding to port 0.0.0.0/0.0.0.0:27389
2021-11-08 11:19:10,942 [myid:0] - INFO  [Thread-1:NettyServerCnxnFactory@700] - bound to port 27380
2021-11-08 11:19:10,942 [myid:0] - INFO  [Thread-1:NettyServerCnxnFactory@695] - binding to port 0.0.0.0/0.0.0.0:27381
2021-11-08 11:19:10,942 [myid:1] - INFO  [Thread-2:NettyServerCnxnFactory@700] - bound to port 27384
2021-11-08 11:19:10,942 [myid:1] - INFO  [Thread-2:NettyServerCnxnFactory@695] - binding to port 0.0.0.0/0.0.0.0:27385
2021-11-08 11:19:10,944 [myid:1] - INFO  [Thread-2:NettyServerCnxnFactory@700] - bound to port 27385
2021-11-08 11:19:10,944 [myid:0] - INFO  [Thread-1:NettyServerCnxnFactory@700] - bound to port 27381
2021-11-08 11:19:10,944 [myid:2] - INFO  [Thread-3:NettyServerCnxnFactory@700] - bound to port 27389
2021-11-08 11:19:10,945 [myid:2] - INFO  [Thread-3:QuorumPeer@2569] - Using 20000ms as the quorum cnxn socket timeout
2021-11-08 11:19:10,945 [myid:0] - INFO  [Thread-1:QuorumPeer@2569] - Using 20000ms as the quorum cnxn socket timeout
2021-11-08 11:19:10,945 [myid:1] - INFO  [Thread-2:QuorumPeer@2569] - Using 20000ms as the quorum cnxn socket timeout
2021-11-08 11:19:10,950 [myid:0] - INFO  [Thread-1:QuorumCnxManager$Listener@924] - Election port bind maximum retries is 3
2021-11-08 11:19:10,951 [myid:2] - INFO  [Thread-3:QuorumCnxManager$Listener@924] - Election port bind maximum retries is 3
2021-11-08 11:19:10,952 [myid:1] - INFO  [Thread-2:QuorumCnxManager$Listener@924] - Election port bind maximum retries is 3
2021-11-08 11:19:10,953 [myid:0] - INFO  [Thread-1:FastLeaderElection@89] - zookeeper.fastleader.minNotificationInterval=200
2021-11-08 11:19:10,953 [myid:0] - INFO  [Thread-1:FastLeaderElection@91] - zookeeper.fastleader.maxNotificationInterval=60000
2021-11-08 11:19:10,956 [myid:2] - INFO  [Thread-3:ZKAuditProvider@42] - ZooKeeper audit is disabled.
2021-11-08 11:19:10,959 [myid:0] - INFO  [ListenerHandler-/127.0.0.1:27383:QuorumCnxManager$Listener$ListenerHandler@1066] - 0 is accepting connections now, my election bind port: /127.0.0.1:27383
2021-11-08 11:19:10,959 [myid:1] - INFO  [ListenerHandler-/127.0.0.1:27387:QuorumCnxManager$Listener$ListenerHandler@1066] - 1 is accepting connections now, my election bind port: /127.0.0.1:27387
2021-11-08 11:19:10,963 [myid:2] - INFO  [QuorumPeer[myid=2](plain=127.0.0.1:27388)(secure=[0:0:0:0:0:0:0:0]:27389):QuorumPeer@1430] - LOOKING
2021-11-08 11:19:10,964 [myid:0] - INFO  [QuorumPeer[myid=0](plain=127.0.0.1:27380)(secure=[0:0:0:0:0:0:0:0]:27381):QuorumPeer@1430] - LOOKING
2021-11-08 11:19:10,964 [myid:1] - INFO  [QuorumPeer[myid=1](plain=127.0.0.1:27384)(secure=[0:0:0:0:0:0:0:0]:27385):QuorumPeer@1430] - LOOKING
2021-11-08 11:19:10,964 [myid:1] - INFO  [QuorumPeer[myid=1](plain=127.0.0.1:27384)(secure=[0:0:0:0:0:0:0:0]:27385):FastLeaderElection@947] - New election. My id = 1, proposed zxid=0x0
2021-11-08 11:19:10,965 [myid:2] - INFO  [ListenerHandler-/127.0.0.1:27391:QuorumCnxManager$Listener$ListenerHandler@1066] - 2 is accepting connections now, my election bind port: /127.0.0.1:27391
2021-11-08 11:19:10,965 [myid:0] - INFO  [QuorumPeer[myid=0](plain=127.0.0.1:27380)(secure=[0:0:0:0:0:0:0:0]:27381):FastLeaderElection@947] - New election. My id = 0, proposed zxid=0x0
2021-11-08 11:19:10,964 [myid:2] - INFO  [QuorumPeer[myid=2](plain=127.0.0.1:27388)(secure=[0:0:0:0:0:0:0:0]:27389):FastLeaderElection@947] - New election. My id = 2, proposed zxid=0x0
2021-11-08 11:19:10,972 [myid:2] - INFO  [WorkerReceiver[myid=2]:FastLeaderElection$Messenger$WorkerReceiver@390] - Notification: my state:LOOKING; n.sid:2, n.state:LOOKING, n.leader:2, n.round:0x1, n.peerEpoch:0x0, n.zxid:0x0, message format version:0x2, n.config version:0x0
2021-11-08 11:19:10,973 [myid:1] - INFO  [WorkerReceiver[myid=1]:FastLeaderElection$Messenger$WorkerReceiver@390] - Notification: my state:LOOKING; n.sid:1, n.state:LOOKING, n.leader:1, n.round:0x1, n.peerEpoch:0x0, n.zxid:0x0, message format version:0x2, n.config version:0x0
2021-11-08 11:19:10,973 [myid:0] - INFO  [WorkerReceiver[myid=0]:FastLeaderElection$Messenger$WorkerReceiver@390] - Notification: my state:LOOKING; n.sid:0, n.state:LOOKING, n.leader:0, n.round:0x1, n.peerEpoch:0x0, n.zxid:0x0, message format version:0x2, n.config version:0x0
2021-11-08 11:19:10,979 [myid:1] - INFO  [ListenerHandler-/127.0.0.1:27387:QuorumCnxManager$Listener$ListenerHandler@1071] - Received connection request from /127.0.0.1:8326
2021-11-08 11:19:10,981 [myid:2] - INFO  [ListenerHandler-/127.0.0.1:27391:QuorumCnxManager$Listener$ListenerHandler@1071] - Received connection request from /127.0.0.1:8327
2021-11-08 11:19:10,982 [myid:0] - INFO  [ListenerHandler-/127.0.0.1:27383:QuorumCnxManager$Listener$ListenerHandler@1071] - Received connection request from /127.0.0.1:8330
2021-11-08 11:19:10,983 [myid:0] - INFO  [QuorumConnectionThread-[myid=0]-1:QuorumCnxManager@514] - Have smaller server identifier, so dropping the connection: (myId:0 --> sid:1)
2021-11-08 11:19:10,983 [myid:0] - INFO  [QuorumConnectionThread-[myid=0]-2:QuorumCnxManager@514] - Have smaller server identifier, so dropping the connection: (myId:0 --> sid:2)
2021-11-08 11:19:10,984 [myid:2] - INFO  [ListenerHandler-/127.0.0.1:27391:QuorumCnxManager$Listener$ListenerHandler@1071] - Received connection request from /127.0.0.1:8329
2021-11-08 11:19:10,984 [myid:1] - INFO  [QuorumConnectionThread-[myid=1]-2:QuorumCnxManager@514] - Have smaller server identifier, so dropping the connection: (myId:1 --> sid:2)
2021-11-08 11:19:10,986 [myid:0] - INFO  [ListenerHandler-/127.0.0.1:27383:QuorumCnxManager$Listener$ListenerHandler@1071] - Received connection request from /127.0.0.1:8331
2021-11-08 11:19:10,986 [myid:1] - INFO  [ListenerHandler-/127.0.0.1:27387:QuorumCnxManager$Listener$ListenerHandler@1071] - Received connection request from /127.0.0.1:8328
2021-11-08 11:19:11,079 [myid:2] - INFO  [WorkerReceiver[myid=2]:FastLeaderElection$Messenger$WorkerReceiver@390] - Notification: my state:LOOKING; n.sid:1, n.state:LOOKING, n.leader:1, n.round:0x1, n.peerEpoch:0x0, n.zxid:0x0, message format version:0x2, n.config version:0x0
2021-11-08 11:19:11,079 [myid:1] - INFO  [WorkerReceiver[myid=1]:FastLeaderElection$Messenger$WorkerReceiver@390] - Notification: my state:LOOKING; n.sid:0, n.state:LOOKING, n.leader:0, n.round:0x1, n.peerEpoch:0x0, n.zxid:0x0, message format version:0x2, n.config version:0x0
2021-11-08 11:19:11,081 [myid:0] - INFO  [WorkerReceiver[myid=0]:FastLeaderElection$Messenger$WorkerReceiver@390] - Notification: my state:LOOKING; n.sid:2, n.state:LOOKING, n.leader:2, n.round:0x1, n.peerEpoch:0x0, n.zxid:0x0, message format version:0x2, n.config version:0x0
2021-11-08 11:19:11,080 [myid:2] - INFO  [WorkerReceiver[myid=2]:FastLeaderElection$Messenger$WorkerReceiver@390] - Notification: my state:LOOKING; n.sid:0, n.state:LOOKING, n.leader:0, n.round:0x1, n.peerEpoch:0x0, n.zxid:0x0, message format version:0x2, n.config version:0x0
2021-11-08 11:19:11,083 [myid:0] - INFO  [WorkerReceiver[myid=0]:FastLeaderElection$Messenger$WorkerReceiver@390] - Notification: my state:LOOKING; n.sid:1, n.state:LOOKING, n.leader:1, n.round:0x1, n.peerEpoch:0x0, n.zxid:0x0, message format version:0x2, n.config version:0x0
2021-11-08 11:19:11,084 [myid:1] - INFO  [WorkerReceiver[myid=1]:FastLeaderElection$Messenger$WorkerReceiver@390] - Notification: my state:LOOKING; n.sid:2, n.state:LOOKING, n.leader:2, n.round:0x1, n.peerEpoch:0x0, n.zxid:0x0, message format version:0x2, n.config version:0x0
2021-11-08 11:19:11,085 [myid:1] - INFO  [WorkerReceiver[myid=1]:FastLeaderElection$Messenger$WorkerReceiver@390] - Notification: my state:LOOKING; n.sid:1, n.state:LOOKING, n.leader:2, n.round:0x1, n.peerEpoch:0x0, n.zxid:0x0, message format version:0x2, n.config version:0x0
2021-11-08 11:19:11,087 [myid:1] - INFO  [WorkerReceiver[myid=1]:FastLeaderElection$Messenger$WorkerReceiver@390] - Notification: my state:LOOKING; n.sid:0, n.state:LOOKING, n.leader:2, n.round:0x1, n.peerEpoch:0x0, n.zxid:0x0, message format version:0x2, n.config version:0x0
2021-11-08 11:19:11,089 [myid:0] - INFO  [WorkerReceiver[myid=0]:FastLeaderElection$Messenger$WorkerReceiver@390] - Notification: my state:LOOKING; n.sid:0, n.state:LOOKING, n.leader:2, n.round:0x1, n.peerEpoch:0x0, n.zxid:0x0, message format version:0x2, n.config version:0x0
2021-11-08 11:19:11,090 [myid:0] - INFO  [WorkerReceiver[myid=0]:FastLeaderElection$Messenger$WorkerReceiver@390] - Notification: my state:LOOKING; n.sid:1, n.state:LOOKING, n.leader:2, n.round:0x1, n.peerEpoch:0x0, n.zxid:0x0, message format version:0x2, n.config version:0x0
2021-11-08 11:19:11,090 [myid:2] - INFO  [WorkerReceiver[myid=2]:FastLeaderElection$Messenger$WorkerReceiver@390] - Notification: my state:LOOKING; n.sid:1, n.state:LOOKING, n.leader:2, n.round:0x1, n.peerEpoch:0x0, n.zxid:0x0, message format version:0x2, n.config version:0x0
2021-11-08 11:19:11,091 [myid:2] - INFO  [WorkerReceiver[myid=2]:FastLeaderElection$Messenger$WorkerReceiver@390] - Notification: my state:LOOKING; n.sid:0, n.state:LOOKING, n.leader:2, n.round:0x1, n.peerEpoch:0x0, n.zxid:0x0, message format version:0x2, n.config version:0x0
2021-11-08 11:19:11,236 [myid:0] - WARN  [nioEventLoopGroup-7-1:NettyServerCnxnFactory$CnxnChannelHandler@231] - Zookeeper server is not running, close the connection before starting the TLS handshake
2021-11-08 11:19:11,237 [myid:] - INFO  [main:FourLetterWordMain@94] - connecting to 127.0.0.1 27380
2021-11-08 11:19:11,238 [myid:0] - WARN  [nioEventLoopGroup-7-2:NettyServerCnxnFactory$CnxnChannelHandler@231] - Zookeeper server is not running, close the connection before starting the TLS handshake
2021-11-08 11:19:11,298 [myid:1] - INFO  [QuorumPeer[myid=1](plain=127.0.0.1:27384)(secure=[0:0:0:0:0:0:0:0]:27385):QuorumPeer@901] - Peer state changed: following
2021-11-08 11:19:11,298 [myid:2] - INFO  [QuorumPeer[myid=2](plain=127.0.0.1:27388)(secure=[0:0:0:0:0:0:0:0]:27389):QuorumPeer@901] - Peer state changed: leading
2021-11-08 11:19:11,298 [myid:0] - INFO  [QuorumPeer[myid=0](plain=127.0.0.1:27380)(secure=[0:0:0:0:0:0:0:0]:27381):QuorumPeer@901] - Peer state changed: following
2021-11-08 11:19:11,299 [myid:0] - INFO  [QuorumPeer[myid=0](plain=127.0.0.1:27380)(secure=[0:0:0:0:0:0:0:0]:27381):QuorumPeer@1512] - FOLLOWING
2021-11-08 11:19:11,298 [myid:1] - INFO  [QuorumPeer[myid=1](plain=127.0.0.1:27384)(secure=[0:0:0:0:0:0:0:0]:27385):QuorumPeer@1512] - FOLLOWING
2021-11-08 11:19:11,299 [myid:2] - INFO  [QuorumPeer[myid=2](plain=127.0.0.1:27388)(secure=[0:0:0:0:0:0:0:0]:27389):QuorumPeer@1527] - LEADING
2021-11-08 11:19:11,302 [myid:2] - INFO  [QuorumPeer[myid=2](plain=127.0.0.1:27388)(secure=[0:0:0:0:0:0:0:0]:27389):LearnerMaster@47] - zookeeper.leader.maxConcurrentSnapSyncs = 10
2021-11-08 11:19:11,302 [myid:2] - INFO  [QuorumPeer[myid=2](plain=127.0.0.1:27388)(secure=[0:0:0:0:0:0:0:0]:27389):LearnerMaster@50] - zookeeper.leader.maxConcurrentDiffSyncs = 100
2021-11-08 11:19:11,302 [myid:2] - INFO  [QuorumPeer[myid=2](plain=127.0.0.1:27388)(secure=[0:0:0:0:0:0:0:0]:27389):Leader@87] - TCP NoDelay set to: true
2021-11-08 11:19:11,302 [myid:2] - INFO  [QuorumPeer[myid=2](plain=127.0.0.1:27388)(secure=[0:0:0:0:0:0:0:0]:27389):Leader@108] - zookeeper.leader.ackLoggingFrequency = 1000
2021-11-08 11:19:11,302 [myid:2] - INFO  [QuorumPeer[myid=2](plain=127.0.0.1:27388)(secure=[0:0:0:0:0:0:0:0]:27389):Leader@1345] - zookeeper.leader.maxTimeToWaitForEpoch = -1ms
2021-11-08 11:19:11,302 [myid:0] - INFO  [QuorumPeer[myid=0](plain=127.0.0.1:27380)(secure=[0:0:0:0:0:0:0:0]:27381):Learner@127] - leaderConnectDelayDuringRetryMs: 100
2021-11-08 11:19:11,303 [myid:0] - INFO  [QuorumPeer[myid=0](plain=127.0.0.1:27380)(secure=[0:0:0:0:0:0:0:0]:27381):Learner@128] - TCP NoDelay set to: true
2021-11-08 11:19:11,303 [myid:0] - INFO  [QuorumPeer[myid=0](plain=127.0.0.1:27380)(secure=[0:0:0:0:0:0:0:0]:27381):Learner@129] - learner.asyncSending = false
2021-11-08 11:19:11,303 [myid:0] - INFO  [QuorumPeer[myid=0](plain=127.0.0.1:27380)(secure=[0:0:0:0:0:0:0:0]:27381):Learner@130] - learner.closeSocketAsync = false
2021-11-08 11:19:11,304 [myid:0] - INFO  [QuorumPeer[myid=0](plain=127.0.0.1:27380)(secure=[0:0:0:0:0:0:0:0]:27381):BlueThrottle@141] - Weighed connection throttling is disabled
2021-11-08 11:19:11,305 [myid:1] - INFO  [QuorumPeer[myid=1](plain=127.0.0.1:27384)(secure=[0:0:0:0:0:0:0:0]:27385):ZooKeeperServer@1300] - minSessionTimeout set to 8000
2021-11-08 11:19:11,305 [myid:1] - INFO  [QuorumPeer[myid=1](plain=127.0.0.1:27384)(secure=[0:0:0:0:0:0:0:0]:27385):ZooKeeperServer@1309] - maxSessionTimeout set to 80000
2021-11-08 11:19:11,305 [myid:2] - INFO  [QuorumPeer[myid=2](plain=127.0.0.1:27388)(secure=[0:0:0:0:0:0:0:0]:27389):ZooKeeperServer@1300] - minSessionTimeout set to 8000
2021-11-08 11:19:11,305 [myid:0] - INFO  [QuorumPeer[myid=0](plain=127.0.0.1:27380)(secure=[0:0:0:0:0:0:0:0]:27381):ZooKeeperServer@1300] - minSessionTimeout set to 8000
2021-11-08 11:19:11,305 [myid:0] - INFO  [QuorumPeer[myid=0](plain=127.0.0.1:27380)(secure=[0:0:0:0:0:0:0:0]:27381):ZooKeeperServer@1309] - maxSessionTimeout set to 80000
2021-11-08 11:19:11,305 [myid:2] - INFO  [QuorumPeer[myid=2](plain=127.0.0.1:27388)(secure=[0:0:0:0:0:0:0:0]:27389):ZooKeeperServer@1309] - maxSessionTimeout set to 80000
2021-11-08 11:19:11,306 [myid:0] - INFO  [QuorumPeer[myid=0](plain=127.0.0.1:27380)(secure=[0:0:0:0:0:0:0:0]:27381):ResponseCache@45] - getData response cache size is initialized with value 400.
2021-11-08 11:19:11,306 [myid:0] - INFO  [QuorumPeer[myid=0](plain=127.0.0.1:27380)(secure=[0:0:0:0:0:0:0:0]:27381):ResponseCache@45] - getChildren response cache size is initialized with value 400.
2021-11-08 11:19:11,306 [myid:2] - INFO  [QuorumPeer[myid=2](plain=127.0.0.1:27388)(secure=[0:0:0:0:0:0:0:0]:27389):ResponseCache@45] - getData response cache size is initialized with value 400.
2021-11-08 11:19:11,306 [myid:1] - INFO  [QuorumPeer[myid=1](plain=127.0.0.1:27384)(secure=[0:0:0:0:0:0:0:0]:27385):ResponseCache@45] - getData response cache size is initialized with value 400.
2021-11-08 11:19:11,307 [myid:1] - INFO  [QuorumPeer[myid=1](plain=127.0.0.1:27384)(secure=[0:0:0:0:0:0:0:0]:27385):ResponseCache@45] - getChildren response cache size is initialized with value 400.
2021-11-08 11:19:11,307 [myid:2] - INFO  [QuorumPeer[myid=2](plain=127.0.0.1:27388)(secure=[0:0:0:0:0:0:0:0]:27389):ResponseCache@45] - getChildren response cache size is initialized with value 400.
2021-11-08 11:19:11,307 [myid:2] - INFO  [QuorumPeer[myid=2](plain=127.0.0.1:27388)(secure=[0:0:0:0:0:0:0:0]:27389):RequestPathMetricsCollector@109] - zookeeper.pathStats.slotCapacity = 60
2021-11-08 11:19:11,307 [myid:1] - INFO  [QuorumPeer[myid=1](plain=127.0.0.1:27384)(secure=[0:0:0:0:0:0:0:0]:27385):RequestPathMetricsCollector@109] - zookeeper.pathStats.slotCapacity = 60
2021-11-08 11:19:11,307 [myid:0] - INFO  [QuorumPeer[myid=0](plain=127.0.0.1:27380)(secure=[0:0:0:0:0:0:0:0]:27381):RequestPathMetricsCollector@109] - zookeeper.pathStats.slotCapacity = 60
2021-11-08 11:19:11,307 [myid:0] - INFO  [QuorumPeer[myid=0](plain=127.0.0.1:27380)(secure=[0:0:0:0:0:0:0:0]:27381):RequestPathMetricsCollector@110] - zookeeper.pathStats.slotDuration = 15
2021-11-08 11:19:11,308 [myid:0] - INFO  [QuorumPeer[myid=0](plain=127.0.0.1:27380)(secure=[0:0:0:0:0:0:0:0]:27381):RequestPathMetricsCollector@111] - zookeeper.pathStats.maxDepth = 6
2021-11-08 11:19:11,307 [myid:1] - INFO  [QuorumPeer[myid=1](plain=127.0.0.1:27384)(secure=[0:0:0:0:0:0:0:0]:27385):RequestPathMetricsCollector@110] - zookeeper.pathStats.slotDuration = 15
2021-11-08 11:19:11,307 [myid:2] - INFO  [QuorumPeer[myid=2](plain=127.0.0.1:27388)(secure=[0:0:0:0:0:0:0:0]:27389):RequestPathMetricsCollector@110] - zookeeper.pathStats.slotDuration = 15
2021-11-08 11:19:11,308 [myid:1] - INFO  [QuorumPeer[myid=1](plain=127.0.0.1:27384)(secure=[0:0:0:0:0:0:0:0]:27385):RequestPathMetricsCollector@111] - zookeeper.pathStats.maxDepth = 6
2021-11-08 11:19:11,308 [myid:0] - INFO  [QuorumPeer[myid=0](plain=127.0.0.1:27380)(secure=[0:0:0:0:0:0:0:0]:27381):RequestPathMetricsCollector@112] - zookeeper.pathStats.initialDelay = 5
2021-11-08 11:19:11,308 [myid:1] - INFO  [QuorumPeer[myid=1](plain=127.0.0.1:27384)(secure=[0:0:0:0:0:0:0:0]:27385):RequestPathMetricsCollector@112] - zookeeper.pathStats.initialDelay = 5
2021-11-08 11:19:11,308 [myid:2] - INFO  [QuorumPeer[myid=2](plain=127.0.0.1:27388)(secure=[0:0:0:0:0:0:0:0]:27389):RequestPathMetricsCollector@111] - zookeeper.pathStats.maxDepth = 6
2021-11-08 11:19:11,308 [myid:1] - INFO  [QuorumPeer[myid=1](plain=127.0.0.1:27384)(secure=[0:0:0:0:0:0:0:0]:27385):RequestPathMetricsCollector@113] - zookeeper.pathStats.delay = 5
2021-11-08 11:19:11,308 [myid:0] - INFO  [QuorumPeer[myid=0](plain=127.0.0.1:27380)(secure=[0:0:0:0:0:0:0:0]:27381):RequestPathMetricsCollector@113] - zookeeper.pathStats.delay = 5
2021-11-08 11:19:11,308 [myid:1] - INFO  [QuorumPeer[myid=1](plain=127.0.0.1:27384)(secure=[0:0:0:0:0:0:0:0]:27385):RequestPathMetricsCollector@114] - zookeeper.pathStats.enabled = false
2021-11-08 11:19:11,308 [myid:2] - INFO  [QuorumPeer[myid=2](plain=127.0.0.1:27388)(secure=[0:0:0:0:0:0:0:0]:27389):RequestPathMetricsCollector@112] - zookeeper.pathStats.initialDelay = 5
2021-11-08 11:19:11,308 [myid:0] - INFO  [QuorumPeer[myid=0](plain=127.0.0.1:27380)(secure=[0:0:0:0:0:0:0:0]:27381):RequestPathMetricsCollector@114] - zookeeper.pathStats.enabled = false
2021-11-08 11:19:11,308 [myid:2] - INFO  [QuorumPeer[myid=2](plain=127.0.0.1:27388)(secure=[0:0:0:0:0:0:0:0]:27389):RequestPathMetricsCollector@113] - zookeeper.pathStats.delay = 5
2021-11-08 11:19:11,308 [myid:2] - INFO  [QuorumPeer[myid=2](plain=127.0.0.1:27388)(secure=[0:0:0:0:0:0:0:0]:27389):RequestPathMetricsCollector@114] - zookeeper.pathStats.enabled = false
2021-11-08 11:19:11,309 [myid:2] - INFO  [QuorumPeer[myid=2](plain=127.0.0.1:27388)(secure=[0:0:0:0:0:0:0:0]:27389):ZooKeeperServer@1536] - The max bytes for all large requests are set to 104857600
2021-11-08 11:19:11,309 [myid:1] - INFO  [QuorumPeer[myid=1](plain=127.0.0.1:27384)(secure=[0:0:0:0:0:0:0:0]:27385):ZooKeeperServer@1536] - The max bytes for all large requests are set to 104857600
2021-11-08 11:19:11,310 [myid:1] - INFO  [QuorumPeer[myid=1](plain=127.0.0.1:27384)(secure=[0:0:0:0:0:0:0:0]:27385):ZooKeeperServer@1550] - The large request threshold is set to -1
2021-11-08 11:19:11,309 [myid:0] - INFO  [QuorumPeer[myid=0](plain=127.0.0.1:27380)(secure=[0:0:0:0:0:0:0:0]:27381):ZooKeeperServer@1536] - The max bytes for all large requests are set to 104857600
2021-11-08 11:19:11,310 [myid:0] - INFO  [QuorumPeer[myid=0](plain=127.0.0.1:27380)(secure=[0:0:0:0:0:0:0:0]:27381):ZooKeeperServer@1550] - The large request threshold is set to -1
2021-11-08 11:19:11,310 [myid:2] - INFO  [QuorumPeer[myid=2](plain=127.0.0.1:27388)(secure=[0:0:0:0:0:0:0:0]:27389):ZooKeeperServer@1550] - The large request threshold is set to -1
2021-11-08 11:19:11,310 [myid:2] - INFO  [QuorumPeer[myid=2](plain=127.0.0.1:27388)(secure=[0:0:0:0:0:0:0:0]:27389):AuthenticationHelper@66] - zookeeper.enforce.auth.enabled = false
2021-11-08 11:19:11,311 [myid:2] - INFO  [QuorumPeer[myid=2](plain=127.0.0.1:27388)(secure=[0:0:0:0:0:0:0:0]:27389):AuthenticationHelper@67] - zookeeper.enforce.auth.schemes = []
2021-11-08 11:19:11,311 [myid:2] - INFO  [QuorumPeer[myid=2](plain=127.0.0.1:27388)(secure=[0:0:0:0:0:0:0:0]:27389):ZooKeeperServer@361] - Created server with tickTime 4000 minSessionTimeout 8000 maxSessionTimeout 80000 clientPortListenBacklog -1 datadir D:\mysoft\faiscoGit\myStudy\ZooKeeperLearning\apache-zookeeper-3.7.0\zookeeper-server\target\surefire\test4257760340138513619.junit.dir\data\version-2 snapdir D:\mysoft\faiscoGit\myStudy\ZooKeeperLearning\apache-zookeeper-3.7.0\zookeeper-server\target\surefire\test4257760340138513619.junit.dir\data\version-2
2021-11-08 11:19:11,310 [myid:0] - INFO  [QuorumPeer[myid=0](plain=127.0.0.1:27380)(secure=[0:0:0:0:0:0:0:0]:27381):AuthenticationHelper@66] - zookeeper.enforce.auth.enabled = false
2021-11-08 11:19:11,312 [myid:0] - INFO  [QuorumPeer[myid=0](plain=127.0.0.1:27380)(secure=[0:0:0:0:0:0:0:0]:27381):AuthenticationHelper@67] - zookeeper.enforce.auth.schemes = []
2021-11-08 11:19:11,312 [myid:0] - INFO  [QuorumPeer[myid=0](plain=127.0.0.1:27380)(secure=[0:0:0:0:0:0:0:0]:27381):ZooKeeperServer@361] - Created server with tickTime 4000 minSessionTimeout 8000 maxSessionTimeout 80000 clientPortListenBacklog -1 datadir D:\mysoft\faiscoGit\myStudy\ZooKeeperLearning\apache-zookeeper-3.7.0\zookeeper-server\target\surefire\test3245434092809740696.junit.dir\data\version-2 snapdir D:\mysoft\faiscoGit\myStudy\ZooKeeperLearning\apache-zookeeper-3.7.0\zookeeper-server\target\surefire\test3245434092809740696.junit.dir\data\version-2
2021-11-08 11:19:11,311 [myid:1] - INFO  [QuorumPeer[myid=1](plain=127.0.0.1:27384)(secure=[0:0:0:0:0:0:0:0]:27385):AuthenticationHelper@66] - zookeeper.enforce.auth.enabled = false
2021-11-08 11:19:11,312 [myid:1] - INFO  [QuorumPeer[myid=1](plain=127.0.0.1:27384)(secure=[0:0:0:0:0:0:0:0]:27385):AuthenticationHelper@67] - zookeeper.enforce.auth.schemes = []
2021-11-08 11:19:11,312 [myid:1] - INFO  [QuorumPeer[myid=1](plain=127.0.0.1:27384)(secure=[0:0:0:0:0:0:0:0]:27385):ZooKeeperServer@361] - Created server with tickTime 4000 minSessionTimeout 8000 maxSessionTimeout 80000 clientPortListenBacklog -1 datadir D:\mysoft\faiscoGit\myStudy\ZooKeeperLearning\apache-zookeeper-3.7.0\zookeeper-server\target\surefire\test3840903472109503997.junit.dir\data\version-2 snapdir D:\mysoft\faiscoGit\myStudy\ZooKeeperLearning\apache-zookeeper-3.7.0\zookeeper-server\target\surefire\test3840903472109503997.junit.dir\data\version-2
2021-11-08 11:19:11,313 [myid:0] - INFO  [QuorumPeer[myid=0](plain=127.0.0.1:27380)(secure=[0:0:0:0:0:0:0:0]:27381):Follower@77] - FOLLOWING - LEADER ELECTION TOOK - 348 MS
2021-11-08 11:19:11,313 [myid:1] - INFO  [QuorumPeer[myid=1](plain=127.0.0.1:27384)(secure=[0:0:0:0:0:0:0:0]:27385):Follower@77] - FOLLOWING - LEADER ELECTION TOOK - 348 MS
2021-11-08 11:19:11,315 [myid:0] - INFO  [QuorumPeer[myid=0](plain=127.0.0.1:27380)(secure=[0:0:0:0:0:0:0:0]:27381):QuorumPeer@915] - Peer state changed: following - discovery
2021-11-08 11:19:11,315 [myid:1] - INFO  [QuorumPeer[myid=1](plain=127.0.0.1:27384)(secure=[0:0:0:0:0:0:0:0]:27385):QuorumPeer@915] - Peer state changed: following - discovery
2021-11-08 11:19:11,316 [myid:2] - INFO  [QuorumPeer[myid=2](plain=127.0.0.1:27388)(secure=[0:0:0:0:0:0:0:0]:27389):Leader@584] - LEADING - LEADER ELECTION TOOK - 351 MS
2021-11-08 11:19:11,317 [myid:1] - INFO  [LeaderConnector-/127.0.0.1:27390:Learner$LeaderConnector@381] - Successfully connected to leader, using address: /127.0.0.1:27390
2021-11-08 11:19:11,317 [myid:0] - INFO  [LeaderConnector-/127.0.0.1:27390:Learner$LeaderConnector@381] - Successfully connected to leader, using address: /127.0.0.1:27390
2021-11-08 11:19:11,317 [myid:2] - INFO  [QuorumPeer[myid=2](plain=127.0.0.1:27388)(secure=[0:0:0:0:0:0:0:0]:27389):QuorumPeer@915] - Peer state changed: leading - discovery
2021-11-08 11:19:11,318 [myid:2] - INFO  [QuorumPeer[myid=2](plain=127.0.0.1:27388)(secure=[0:0:0:0:0:0:0:0]:27389):FileTxnSnapLog@479] - Snapshotting: 0x0 to D:\mysoft\faiscoGit\myStudy\ZooKeeperLearning\apache-zookeeper-3.7.0\zookeeper-server\target\surefire\test4257760340138513619.junit.dir\data\version-2\snapshot.0
2021-11-08 11:19:11,318 [myid:2] - INFO  [QuorumPeer[myid=2](plain=127.0.0.1:27388)(secure=[0:0:0:0:0:0:0:0]:27389):ZooKeeperServer@543] - Snapshot taken in 1 ms
2021-11-08 11:19:11,323 [myid:2] - INFO  [LearnerCnxAcceptorHandler-/127.0.0.1:27390:LearnerHandler@72] - leader.closeSocketAsync = false
2021-11-08 11:19:11,325 [myid:2] - INFO  [LearnerHandler-/127.0.0.1:8334:LearnerHandler@506] - Follower sid: 1 : info : 127.0.0.1:27386:27387:participant;127.0.0.1:27384
2021-11-08 11:19:11,325 [myid:2] - INFO  [LearnerHandler-/127.0.0.1:8335:LearnerHandler@506] - Follower sid: 0 : info : 127.0.0.1:27382:27383:participant;127.0.0.1:27380
2021-11-08 11:19:11,334 [myid:2] - INFO  [QuorumPeer[myid=2](plain=127.0.0.1:27388)(secure=[0:0:0:0:0:0:0:0]:27389):QuorumPeer@1870] - Dynamic reconfig is disabled, we don't store the last seen config.
2021-11-08 11:19:11,338 [myid:2] - INFO  [LearnerHandler-/127.0.0.1:8334:ZKDatabase@346] - On disk txn sync enabled with snapshotSizeFactor 0.33
2021-11-08 11:19:11,338 [myid:2] - INFO  [LearnerHandler-/127.0.0.1:8334:LearnerHandler@801] - Synchronizing with Learner sid: 1 maxCommittedLog=0x0 minCommittedLog=0x0 lastProcessedZxid=0x0 peerLastZxid=0x0
2021-11-08 11:19:11,338 [myid:2] - INFO  [LearnerHandler-/127.0.0.1:8334:LearnerHandler@846] - Sending DIFF zxid=0x0 for peer sid: 1
2021-11-08 11:19:11,339 [myid:1] - INFO  [QuorumPeer[myid=1](plain=127.0.0.1:27384)(secure=[0:0:0:0:0:0:0:0]:27385):QuorumPeer@915] - Peer state changed: following - synchronization
2021-11-08 11:19:11,342 [myid:2] - INFO  [LearnerHandler-/127.0.0.1:8335:ZKDatabase@346] - On disk txn sync enabled with snapshotSizeFactor 0.33
2021-11-08 11:19:11,342 [myid:0] - INFO  [QuorumPeer[myid=0](plain=127.0.0.1:27380)(secure=[0:0:0:0:0:0:0:0]:27381):QuorumPeer@915] - Peer state changed: following - synchronization
2021-11-08 11:19:11,342 [myid:2] - INFO  [LearnerHandler-/127.0.0.1:8335:LearnerHandler@801] - Synchronizing with Learner sid: 0 maxCommittedLog=0x0 minCommittedLog=0x0 lastProcessedZxid=0x0 peerLastZxid=0x0
2021-11-08 11:19:11,342 [myid:2] - INFO  [LearnerHandler-/127.0.0.1:8335:LearnerHandler@846] - Sending DIFF zxid=0x0 for peer sid: 0
2021-11-08 11:19:11,344 [myid:1] - INFO  [QuorumPeer[myid=1](plain=127.0.0.1:27384)(secure=[0:0:0:0:0:0:0:0]:27385):Learner@562] - Getting a diff from the leader 0x0
2021-11-08 11:19:11,344 [myid:1] - INFO  [QuorumPeer[myid=1](plain=127.0.0.1:27384)(secure=[0:0:0:0:0:0:0:0]:27385):QuorumPeer@920] - Peer state changed: following - synchronization - diff
2021-11-08 11:19:11,345 [myid:0] - INFO  [QuorumPeer[myid=0](plain=127.0.0.1:27380)(secure=[0:0:0:0:0:0:0:0]:27381):Learner@562] - Getting a diff from the leader 0x0
2021-11-08 11:19:11,345 [myid:0] - INFO  [QuorumPeer[myid=0](plain=127.0.0.1:27380)(secure=[0:0:0:0:0:0:0:0]:27381):QuorumPeer@920] - Peer state changed: following - synchronization - diff
2021-11-08 11:19:11,348 [myid:2] - INFO  [QuorumPeer[myid=2](plain=127.0.0.1:27388)(secure=[0:0:0:0:0:0:0:0]:27389):QuorumPeer@915] - Peer state changed: leading - synchronization
2021-11-08 11:19:11,348 [myid:0] - INFO  [QuorumPeer[myid=0](plain=127.0.0.1:27380)(secure=[0:0:0:0:0:0:0:0]:27381):Learner@734] - Learner received NEWLEADER message
2021-11-08 11:19:11,348 [myid:1] - INFO  [QuorumPeer[myid=1](plain=127.0.0.1:27384)(secure=[0:0:0:0:0:0:0:0]:27385):Learner@734] - Learner received NEWLEADER message
2021-11-08 11:19:11,348 [myid:1] - INFO  [QuorumPeer[myid=1](plain=127.0.0.1:27384)(secure=[0:0:0:0:0:0:0:0]:27385):QuorumPeer@1870] - Dynamic reconfig is disabled, we don't store the last seen config.
2021-11-08 11:19:11,348 [myid:0] - INFO  [QuorumPeer[myid=0](plain=127.0.0.1:27380)(secure=[0:0:0:0:0:0:0:0]:27381):QuorumPeer@1870] - Dynamic reconfig is disabled, we don't store the last seen config.
2021-11-08 11:19:11,354 [myid:0] - INFO  [QuorumPeer[myid=0](plain=127.0.0.1:27380)(secure=[0:0:0:0:0:0:0:0]:27381):QuorumPeer@920] - Peer state changed: following - synchronization
2021-11-08 11:19:11,355 [myid:1] - INFO  [QuorumPeer[myid=1](plain=127.0.0.1:27384)(secure=[0:0:0:0:0:0:0:0]:27385):QuorumPeer@920] - Peer state changed: following - synchronization
2021-11-08 11:19:11,359 [myid:0] - INFO  [QuorumPeer[myid=0](plain=127.0.0.1:27380)(secure=[0:0:0:0:0:0:0:0]:27381):CommitProcessor@491] - Configuring CommitProcessor with readBatchSize -1 commitBatchSize 1
2021-11-08 11:19:11,359 [myid:1] - INFO  [QuorumPeer[myid=1](plain=127.0.0.1:27384)(secure=[0:0:0:0:0:0:0:0]:27385):CommitProcessor@491] - Configuring CommitProcessor with readBatchSize -1 commitBatchSize 1
2021-11-08 11:19:11,359 [myid:0] - INFO  [QuorumPeer[myid=0](plain=127.0.0.1:27380)(secure=[0:0:0:0:0:0:0:0]:27381):CommitProcessor@452] - Configuring CommitProcessor with 6 worker threads.
2021-11-08 11:19:11,359 [myid:1] - INFO  [QuorumPeer[myid=1](plain=127.0.0.1:27384)(secure=[0:0:0:0:0:0:0:0]:27385):CommitProcessor@452] - Configuring CommitProcessor with 6 worker threads.
2021-11-08 11:19:11,361 [myid:0] - INFO  [QuorumPeer[myid=0](plain=127.0.0.1:27380)(secure=[0:0:0:0:0:0:0:0]:27381):FollowerRequestProcessor@59] - Initialized FollowerRequestProcessor with zookeeper.follower.skipLearnerRequestToNextProcessor as false
2021-11-08 11:19:11,361 [myid:1] - INFO  [QuorumPeer[myid=1](plain=127.0.0.1:27384)(secure=[0:0:0:0:0:0:0:0]:27385):FollowerRequestProcessor@59] - Initialized FollowerRequestProcessor with zookeeper.follower.skipLearnerRequestToNextProcessor as false
2021-11-08 11:19:11,363 [myid:0] - INFO  [QuorumPeer[myid=0](plain=127.0.0.1:27380)(secure=[0:0:0:0:0:0:0:0]:27381):RequestThrottler@75] - zookeeper.request_throttler.shutdownTimeout = 10000
2021-11-08 11:19:11,370 [myid:2] - INFO  [QuorumPeer[myid=2](plain=127.0.0.1:27388)(secure=[0:0:0:0:0:0:0:0]:27389):Leader@1495] - Have quorum of supporters, sids: [[0, 2]]; starting up and setting last processed zxid: 0x100000000
2021-11-08 11:19:11,371 [myid:2] - INFO  [QuorumPeer[myid=2](plain=127.0.0.1:27388)(secure=[0:0:0:0:0:0:0:0]:27389):Leader@1517] - Dynamic reconfig feature is disabled, skip designatedLeader calculation and reconfig processing.
2021-11-08 11:19:11,372 [myid:2] - INFO  [QuorumPeer[myid=2](plain=127.0.0.1:27388)(secure=[0:0:0:0:0:0:0:0]:27389):CommitProcessor@491] - Configuring CommitProcessor with readBatchSize -1 commitBatchSize 1
2021-11-08 11:19:11,372 [myid:2] - INFO  [QuorumPeer[myid=2](plain=127.0.0.1:27388)(secure=[0:0:0:0:0:0:0:0]:27389):CommitProcessor@452] - Configuring CommitProcessor with 6 worker threads.
2021-11-08 11:19:11,373 [myid:2] - INFO  [QuorumPeer[myid=2](plain=127.0.0.1:27388)(secure=[0:0:0:0:0:0:0:0]:27389):ProposalRequestProcessor@57] - zookeeper.forward_learner_requests_to_commit_processor_disabled = false
2021-11-08 11:19:11,377 [myid:2] - INFO  [ProcessThread(sid:2 cport:-1)::PrepRequestProcessor@137] - PrepRequestProcessor (sid:2) started, reconfigEnabled=false
2021-11-08 11:19:11,378 [myid:2] - INFO  [QuorumPeer[myid=2](plain=127.0.0.1:27388)(secure=[0:0:0:0:0:0:0:0]:27389):ContainerManager@84] - Using checkIntervalMs=60000 maxPerMinute=10000 maxNeverUsedIntervalMs=0
2021-11-08 11:19:11,380 [myid:2] - INFO  [QuorumPeer[myid=2](plain=127.0.0.1:27388)(secure=[0:0:0:0:0:0:0:0]:27389):QuorumPeer@915] - Peer state changed: leading - broadcast
2021-11-08 11:19:11,380 [myid:1] - INFO  [QuorumPeer[myid=1](plain=127.0.0.1:27384)(secure=[0:0:0:0:0:0:0:0]:27385):Learner@718] - Learner received UPTODATE message
2021-11-08 11:19:11,380 [myid:0] - INFO  [QuorumPeer[myid=0](plain=127.0.0.1:27380)(secure=[0:0:0:0:0:0:0:0]:27381):Learner@718] - Learner received UPTODATE message
2021-11-08 11:19:11,380 [myid:1] - INFO  [QuorumPeer[myid=1](plain=127.0.0.1:27384)(secure=[0:0:0:0:0:0:0:0]:27385):QuorumPeer@915] - Peer state changed: following - broadcast
2021-11-08 11:19:11,380 [myid:0] - INFO  [QuorumPeer[myid=0](plain=127.0.0.1:27380)(secure=[0:0:0:0:0:0:0:0]:27381):QuorumPeer@915] - Peer state changed: following - broadcast
2021-11-08 11:19:11,503 [myid:] - INFO  [main:FourLetterWordMain@94] - connecting to 127.0.0.1 27380
2021-11-08 11:19:11,520 [myid:0] - INFO  [nioEventLoopGroup-7-3:FourLetterCommands@223] - The list of known four letter word commands is : [{1936881266=srvr, 1937006964=stat, 2003003491=wchc, 1685417328=dump, 1668445044=crst, 1936880500=srst, 1701738089=envi, 1668247142=conf, -720899=telnet close, 1751217000=hash, 2003003507=wchs, 2003003504=wchp, 1684632179=dirs, 1668247155=cons, 1835955314=mntr, 1769173615=isro, 1920298859=ruok, 1735683435=gtmk, 1937010027=stmk}]
2021-11-08 11:19:11,520 [myid:0] - INFO  [nioEventLoopGroup-7-3:FourLetterCommands@224] - The list of enabled four letter word commands is : [[wchs, stat, wchp, dirs, stmk, conf, ruok, mntr, srvr, wchc, envi, srst, isro, dump, gtmk, telnet close, crst, hash, cons]]
2021-11-08 11:19:11,520 [myid:0] - INFO  [nioEventLoopGroup-7-3:NettyServerCnxn@294] - Processing stat command from /127.0.0.1:8337
2021-11-08 11:19:11,524 [myid:0] - INFO  [nioEventLoopGroup-7-3:StatCommand@52] - Stat command output
2021-11-08 11:19:20,560 [myid:] - INFO  [main:Environment@98] - Client environment:zookeeper.version=3.7.0-02d8e7728613600d355308bb0a256b6f5b41360c-dirty, built on 2021-11-08 03:06 UTC
2021-11-08 11:19:20,560 [myid:] - INFO  [main:Environment@98] - Client environment:host.name=DESKTOP-3V3H020
2021-11-08 11:19:20,560 [myid:] - INFO  [main:Environment@98] - Client environment:java.version=1.8.0_31
2021-11-08 11:19:20,560 [myid:] - INFO  [main:Environment@98] - Client environment:java.vendor=Oracle Corporation
2021-11-08 11:19:20,560 [myid:] - INFO  [main:Environment@98] - Client environment:java.home=C:\Program Files\Java\jdk1.8.0_31\jre
2021-11-08 11:19:20,560 [myid:] - INFO  [main:Environment@98] - Client environment:java.class.path=D:\mysoft\faiscoGit\myStudy\ZooKeeperLearning\apache-zookeeper-3.7.0\zookeeper-server\target\test-classes;D:\mysoft\faiscoGit\myStudy\ZooKeeperLearning\apache-zookeeper-3.7.0\zookeeper-server\target\classes;D:\mysoft\maven\repository\com\github\spotbugs\spotbugs-annotations\4.0.2\spotbugs-annotations-4.0.2.jar;D:\mysoft\maven\repository\com\google\code\findbugs\jsr305\3.0.2\jsr305-3.0.2.jar;D:\mysoft\maven\repository\org\hamcrest\hamcrest-library\2.2\hamcrest-library-2.2.jar;D:\mysoft\maven\repository\org\hamcrest\hamcrest-core\2.2\hamcrest-core-2.2.jar;D:\mysoft\maven\repository\org\hamcrest\hamcrest\2.2\hamcrest-2.2.jar;D:\mysoft\maven\repository\org\apache\commons\commons-collections4\4.4\commons-collections4-4.4.jar;D:\mysoft\maven\repository\org\apache\zookeeper\zookeeper-jute\3.7.0\zookeeper-jute-3.7.0.jar;D:\mysoft\maven\repository\commons-cli\commons-cli\1.4\commons-cli-1.4.jar;D:\mysoft\maven\repository\org\apache\yetus\audience-annotations\0.12.0\audience-annotations-0.12.0.jar;D:\mysoft\maven\repository\io\netty\netty-handler\4.1.59.Final\netty-handler-4.1.59.Final.jar;D:\mysoft\maven\repository\io\netty\netty-common\4.1.59.Final\netty-common-4.1.59.Final.jar;D:\mysoft\maven\repository\io\netty\netty-resolver\4.1.59.Final\netty-resolver-4.1.59.Final.jar;D:\mysoft\maven\repository\io\netty\netty-buffer\4.1.59.Final\netty-buffer-4.1.59.Final.jar;D:\mysoft\maven\repository\io\netty\netty-transport\4.1.59.Final\netty-transport-4.1.59.Final.jar;D:\mysoft\maven\repository\io\netty\netty-codec\4.1.59.Final\netty-codec-4.1.59.Final.jar;D:\mysoft\maven\repository\io\netty\netty-transport-native-epoll\4.1.59.Final\netty-transport-native-epoll-4.1.59.Final.jar;D:\mysoft\maven\repository\io\netty\netty-transport-native-unix-common\4.1.59.Final\netty-transport-native-unix-common-4.1.59.Final.jar;D:\mysoft\maven\repository\org\slf4j\slf4j-api\1.7.30\slf4j-api-1.7.30.jar;D:\mysoft\maven\repository\org\slf4j\slf4j-log4j12\1.7.30\slf4j-log4j12-1.7.30.jar;D:\mysoft\maven\repository\org\eclipse\jetty\jetty-server\9.4.38.v20210224\jetty-server-9.4.38.v20210224.jar;D:\mysoft\maven\repository\javax\servlet\javax.servlet-api\3.1.0\javax.servlet-api-3.1.0.jar;D:\mysoft\maven\repository\org\eclipse\jetty\jetty-http\9.4.38.v20210224\jetty-http-9.4.38.v20210224.jar;D:\mysoft\maven\repository\org\eclipse\jetty\jetty-util\9.4.38.v20210224\jetty-util-9.4.38.v20210224.jar;D:\mysoft\maven\repository\org\eclipse\jetty\jetty-io\9.4.38.v20210224\jetty-io-9.4.38.v20210224.jar;D:\mysoft\maven\repository\org\eclipse\jetty\jetty-servlet\9.4.38.v20210224\jetty-servlet-9.4.38.v20210224.jar;D:\mysoft\maven\repository\org\eclipse\jetty\jetty-security\9.4.38.v20210224\jetty-security-9.4.38.v20210224.jar;D:\mysoft\maven\repository\org\eclipse\jetty\jetty-util-ajax\9.4.38.v20210224\jetty-util-ajax-9.4.38.v20210224.jar;D:\mysoft\maven\repository\org\eclipse\jetty\jetty-client\9.4.38.v20210224\jetty-client-9.4.38.v20210224.jar;D:\mysoft\maven\repository\com\fasterxml\jackson\core\jackson-databind\2.10.5.1\jackson-databind-2.10.5.1.jar;D:\mysoft\maven\repository\com\fasterxml\jackson\core\jackson-annotations\2.10.5\jackson-annotations-2.10.5.jar;D:\mysoft\maven\repository\com\fasterxml\jackson\core\jackson-core\2.10.5\jackson-core-2.10.5.jar;D:\mysoft\maven\repository\org\bouncycastle\bcprov-jdk15on\1.60\bcprov-jdk15on-1.60.jar;D:\mysoft\maven\repository\org\bouncycastle\bcpkix-jdk15on\1.60\bcpkix-jdk15on-1.60.jar;D:\mysoft\maven\repository\jline\jline\2.14.6\jline-2.14.6.jar;D:\mysoft\maven\repository\io\dropwizard\metrics\metrics-core\4.1.12.1\metrics-core-4.1.12.1.jar;D:\mysoft\maven\repository\log4j\log4j\1.2.17\log4j-1.2.17.jar;D:\mysoft\maven\repository\org\apache\kerby\kerb-core\2.0.0\kerb-core-2.0.0.jar;D:\mysoft\maven\repository\org\apache\kerby\kerby-pkix\2.0.0\kerby-pkix-2.0.0.jar;D:\mysoft\maven\repository\org\apache\kerby\kerby-asn1\2.0.0\kerby-asn1-2.0.0.jar;D:\mysoft\maven\repository\org\apache\kerby\kerby-util\2.0.0\kerby-util-2.0.0.jar;D:\mysoft\maven\repository\org\apache\kerby\kerb-simplekdc\2.0.0\kerb-simplekdc-2.0.0.jar;D:\mysoft\maven\repository\org\apache\kerby\kerb-client\2.0.0\kerb-client-2.0.0.jar;D:\mysoft\maven\repository\org\apache\kerby\kerb-common\2.0.0\kerb-common-2.0.0.jar;D:\mysoft\maven\repository\org\apache\kerby\kerb-crypto\2.0.0\kerb-crypto-2.0.0.jar;D:\mysoft\maven\repository\commons-io\commons-io\2.6\commons-io-2.6.jar;D:\mysoft\maven\repository\org\apache\kerby\kerb-util\2.0.0\kerb-util-2.0.0.jar;D:\mysoft\maven\repository\org\apache\kerby\token-provider\2.0.0\token-provider-2.0.0.jar;D:\mysoft\maven\repository\com\nimbusds\nimbus-jose-jwt\4.41.2\nimbus-jose-jwt-4.41.2.jar;D:\mysoft\maven\repository\com\github\stephenc\jcip\jcip-annotations\1.0-1\jcip-annotations-1.0-1.jar;D:\mysoft\maven\repository\net\minidev\json-smart\2.3\json-smart-2.3.jar;D:\mysoft\maven\repository\net\minidev\accessors-smart\1.2\accessors-smart-1.2.jar;D:\mysoft\maven\repository\org\ow2\asm\asm\5.0.4\asm-5.0.4.jar;D:\mysoft\maven\repository\org\apache\kerby\kerb-admin\2.0.0\kerb-admin-2.0.0.jar;D:\mysoft\maven\repository\org\apache\kerby\kerb-server\2.0.0\kerb-server-2.0.0.jar;D:\mysoft\maven\repository\org\apache\kerby\kerb-identity\2.0.0\kerb-identity-2.0.0.jar;D:\mysoft\maven\repository\org\apache\kerby\kerby-xdr\2.0.0\kerby-xdr-2.0.0.jar;D:\mysoft\maven\repository\org\apache\kerby\kerby-config\2.0.0\kerby-config-2.0.0.jar;D:\mysoft\maven\repository\org\mockito\mockito-core\3.6.28\mockito-core-3.6.28.jar;D:\mysoft\maven\repository\net\bytebuddy\byte-buddy\1.10.18\byte-buddy-1.10.18.jar;D:\mysoft\maven\repository\net\bytebuddy\byte-buddy-agent\1.10.18\byte-buddy-agent-1.10.18.jar;D:\mysoft\maven\repository\org\objenesis\objenesis\3.1\objenesis-3.1.jar;D:\mysoft\maven\repository\org\jmockit\jmockit\1.48\jmockit-1.48.jar;D:\mysoft\maven\repository\org\junit\jupiter\junit-jupiter-api\5.6.2\junit-jupiter-api-5.6.2.jar;D:\mysoft\maven\repository\org\apiguardian\apiguardian-api\1.1.0\apiguardian-api-1.1.0.jar;D:\mysoft\maven\repository\org\opentest4j\opentest4j\1.2.0\opentest4j-1.2.0.jar;D:\mysoft\maven\repository\org\junit\platform\junit-platform-commons\1.6.2\junit-platform-commons-1.6.2.jar;D:\mysoft\maven\repository\org\junit\jupiter\junit-jupiter-engine\5.6.2\junit-jupiter-engine-5.6.2.jar;D:\mysoft\maven\repository\org\junit\platform\junit-platform-engine\1.6.2\junit-platform-engine-1.6.2.jar;D:\mysoft\maven\repository\org\junit\jupiter\junit-jupiter-params\5.6.2\junit-jupiter-params-5.6.2.jar;D:\mysoft\maven\repository\org\junit\platform\junit-platform-runner\1.6.2\junit-platform-runner-1.6.2.jar;D:\mysoft\maven\repository\junit\junit\4.13\junit-4.13.jar;D:\mysoft\maven\repository\org\junit\platform\junit-platform-launcher\1.6.2\junit-platform-launcher-1.6.2.jar;D:\mysoft\maven\repository\org\junit\platform\junit-platform-suite-api\1.6.2\junit-platform-suite-api-1.6.2.jar;D:\mysoft\maven\repository\org\xerial\snappy\snappy-java\1.1.7.7\snappy-java-1.1.7.7.jar;
2021-11-08 11:19:20,561 [myid:] - INFO  [main:Environment@98] - Client environment:java.library.path=C:\Program Files\Java\jdk1.8.0_31\jre\bin;C:\WINDOWS\Sun\Java\bin;C:\WINDOWS\system32;C:\WINDOWS;C:\Program Files\Java\jdk1.8.0_31\jre\bin;C:\Python39\Scripts\;C:\Python39\;C:\Python27\;C:\Python27\Scripts;C:\Program Files (x86)\Intel\Intel(R) Management Engine Components\iCLS\;C:\Program Files\Intel\Intel(R) Management Engine Components\iCLS\;C:\WINDOWS\system32;C:\WINDOWS;C:\WINDOWS\System32\Wbem;C:\WINDOWS\System32\WindowsPowerShell\v1.0\;C:\WINDOWS\System32\OpenSSH\;C:\Program Files (x86)\Intel\Intel(R) Management Engine Components\DAL;C:\Program Files\Intel\Intel(R) Management Engine Components\DAL;C:\Program Files\TortoiseSVN\bin;C:\Program Files\Java\jdk1.8.0_31\bin;D:\soft\Git\cmd;D:\mysoft\maven\apache-maven-3.6.1\bin;C:\ProgramData\chocolatey\bin;C:\Program Files\nodejs\;D:\mysoft\gradle-7.0\bin;C:\ProgramData\Oracle\Java\javapath;C:\Program Files\OpenVPN\bin;C:\Users\faisco\AppData\Local\Microsoft\WindowsApps;;D:\soft\Microsoft VS Code\bin;D:\soft\PyCharm Community Edition 2019.1.3\bin;;D:\soft\PyCharm 2019.2.3\bin;;C:\Users\faisco\AppData\Local\Microsoft\WindowsApps;C:\Program Files\JetBrains\IntelliJ IDEA 2020.1\bin;;C:\Program Files\JetBrains\IntelliJ IDEA Community Edition 2020.1.3\bin;;C:\Users\faisco\AppData\Roaming\npm;.
2021-11-08 11:19:20,561 [myid:] - INFO  [main:Environment@98] - Client environment:java.io.tmpdir=C:\Users\faisco\AppData\Local\Temp\
2021-11-08 11:19:20,561 [myid:] - INFO  [main:Environment@98] - Client environment:java.compiler=<NA>
2021-11-08 11:19:20,561 [myid:] - INFO  [main:Environment@98] - Client environment:os.name=Windows 8.1
2021-11-08 11:19:20,561 [myid:] - INFO  [main:Environment@98] - Client environment:os.arch=amd64
2021-11-08 11:19:20,561 [myid:] - INFO  [main:Environment@98] - Client environment:os.version=6.3
2021-11-08 11:19:20,561 [myid:] - INFO  [main:Environment@98] - Client environment:user.name=faisco
2021-11-08 11:19:20,561 [myid:] - INFO  [main:Environment@98] - Client environment:user.home=C:\Users\faisco
2021-11-08 11:19:20,561 [myid:] - INFO  [main:Environment@98] - Client environment:user.dir=D:\mysoft\faiscoGit\myStudy\ZooKeeperLearning\apache-zookeeper-3.7.0\zookeeper-server
2021-11-08 11:19:20,561 [myid:] - INFO  [main:Environment@98] - Client environment:os.memory.free=120MB
2021-11-08 11:19:20,562 [myid:] - INFO  [main:Environment@98] - Client environment:os.memory.max=455MB
2021-11-08 11:19:20,562 [myid:] - INFO  [main:Environment@98] - Client environment:os.memory.total=154MB
2021-11-08 11:19:20,563 [myid:] - INFO  [main:ZooKeeper@637] - Initiating client connection, connectString=127.0.0.1:27381 sessionTimeout=5000 watcher=org.apache.zookeeper.test.ClientBase$CountdownWatcher@5a63f509
2021-11-08 11:19:20,566 [myid:] - INFO  [main:ClientCnxnSocket@239] - jute.maxbuffer value is 1048575 Bytes
2021-11-08 11:19:20,571 [myid:] - INFO  [main:ClientCnxn@1726] - zookeeper.request.timeout value is 0. feature enabled=false
2021-11-08 11:19:20,575 [myid:127.0.0.1:27381] - INFO  [main-SendThread(127.0.0.1:27381):ClientCnxn$SendThread@1171] - Opening socket connection to server xmind.net/127.0.0.1:27381.
2021-11-08 11:19:20,575 [myid:127.0.0.1:27381] - INFO  [main-SendThread(127.0.0.1:27381):ClientCnxn$SendThread@1173] - SASL config status: Will not attempt to authenticate using SASL (unknown error)
2021-11-08 11:19:20,599 [myid:127.0.0.1:27381] - INFO  [nioEventLoopGroup-20-1:ClientCnxnSocketNetty$ZKClientPipelineFactory@454] - SSL handler added for channel: [id: 0xc6a558ba]
2021-11-08 11:19:20,605 [myid:127.0.0.1:27381] - INFO  [nioEventLoopGroup-20-1:ClientCnxn$SendThread@1005] - Socket connection established, initiating session, client: /127.0.0.1:8595, server: xmind.net/127.0.0.1:27381
2021-11-08 11:19:20,606 [myid:127.0.0.1:27381] - INFO  [nioEventLoopGroup-20-1:ClientCnxnSocketNetty$1@184] - channel is connected: [id: 0xc6a558ba, L:/127.0.0.1:8595 - R:xmind.net/127.0.0.1:27381]
2021-11-08 11:19:20,607 [myid:0] - WARN  [nioEventLoopGroup-17-1:ChannelInitializer@97] - Failed to initialize a channel. Closing: [id: 0x7963f2d1, L:/127.0.0.1:27381 - R:/127.0.0.1:8595]
java.lang.IllegalArgumentException: Cannot support TLS_ECDHE_ECDSA_WITH_AES_256_CBC_SHA384 with currently installed providers
	at sun.security.ssl.CipherSuiteList.<init>(CipherSuiteList.java:92)
	at sun.security.ssl.SSLEngineImpl.setEnabledCipherSuites(SSLEngineImpl.java:2038)
	at io.netty.handler.ssl.JdkSslContext.configureAndWrapEngine(JdkSslContext.java:341)
	at io.netty.handler.ssl.JdkSslContext.newEngine(JdkSslContext.java:331)
	at io.netty.handler.ssl.SslContext.newHandler(SslContext.java:956)
	at io.netty.handler.ssl.SslContext.newHandler(SslContext.java:948)
	at org.apache.zookeeper.server.NettyServerCnxnFactory.initSSL(NettyServerCnxnFactory.java:575)
	at org.apache.zookeeper.server.NettyServerCnxnFactory.access$1300(NettyServerCnxnFactory.java:80)
	at org.apache.zookeeper.server.NettyServerCnxnFactory$1.initChannel(NettyServerCnxnFactory.java:540)
	at org.apache.zookeeper.server.NettyServerCnxnFactory$1.initChannel(NettyServerCnxnFactory.java:532)
	at io.netty.channel.ChannelInitializer.initChannel(ChannelInitializer.java:129)
	at io.netty.channel.ChannelInitializer.handlerAdded(ChannelInitializer.java:112)
	at io.netty.channel.AbstractChannelHandlerContext.callHandlerAdded(AbstractChannelHandlerContext.java:938)
	at io.netty.channel.DefaultChannelPipeline.callHandlerAdded0(DefaultChannelPipeline.java:609)
	at io.netty.channel.DefaultChannelPipeline.access$100(DefaultChannelPipeline.java:46)
	at io.netty.channel.DefaultChannelPipeline$PendingHandlerAddedTask.execute(DefaultChannelPipeline.java:1463)
	at io.netty.channel.DefaultChannelPipeline.callHandlerAddedForAllHandlers(DefaultChannelPipeline.java:1115)
	at io.netty.channel.DefaultChannelPipeline.invokeHandlerAddedIfNeeded(DefaultChannelPipeline.java:650)
	at io.netty.channel.AbstractChannel$AbstractUnsafe.register0(AbstractChannel.java:502)
	at io.netty.channel.AbstractChannel$AbstractUnsafe.access$200(AbstractChannel.java:417)
	at io.netty.channel.AbstractChannel$AbstractUnsafe$1.run(AbstractChannel.java:474)
	at io.netty.util.concurrent.AbstractEventExecutor.safeExecute(AbstractEventExecutor.java:164)
	at io.netty.util.concurrent.SingleThreadEventExecutor.runAllTasks(SingleThreadEventExecutor.java:472)
	at io.netty.channel.nio.NioEventLoop.run(NioEventLoop.java:500)
	at io.netty.util.concurrent.SingleThreadEventExecutor$4.run(SingleThreadEventExecutor.java:989)
	at io.netty.util.internal.ThreadExecutorMap$2.run(ThreadExecutorMap.java:74)
	at io.netty.util.concurrent.FastThreadLocalRunnable.run(FastThreadLocalRunnable.java:30)
	at java.lang.Thread.run(Thread.java:745)
2021-11-08 11:19:20,616 [myid:127.0.0.1:27381] - ERROR [nioEventLoopGroup-20-1:ClientCnxnSocketNetty$ZKClientHandler@522] - Unexpected throwable
java.io.IOException: 你的主机中的软件中止了一个已建立的连接。
	at sun.nio.ch.SocketDispatcher.read0(Native Method)
	at sun.nio.ch.SocketDispatcher.read(SocketDispatcher.java:43)
	at sun.nio.ch.IOUtil.readIntoNativeBuffer(IOUtil.java:223)
	at sun.nio.ch.IOUtil.read(IOUtil.java:192)
	at sun.nio.ch.SocketChannelImpl.read(SocketChannelImpl.java:379)
	at io.netty.buffer.PooledByteBuf.setBytes(PooledByteBuf.java:253)
	at io.netty.buffer.AbstractByteBuf.writeBytes(AbstractByteBuf.java:1134)
	at io.netty.channel.socket.nio.NioSocketChannel.doReadBytes(NioSocketChannel.java:350)
	at io.netty.channel.nio.AbstractNioByteChannel$NioByteUnsafe.read(AbstractNioByteChannel.java:151)
	at io.netty.channel.nio.NioEventLoop.processSelectedKey(NioEventLoop.java:719)
	at io.netty.channel.nio.NioEventLoop.processSelectedKeysOptimized(NioEventLoop.java:655)
	at io.netty.channel.nio.NioEventLoop.processSelectedKeys(NioEventLoop.java:581)
	at io.netty.channel.nio.NioEventLoop.run(NioEventLoop.java:493)
	at io.netty.util.concurrent.SingleThreadEventExecutor$4.run(SingleThreadEventExecutor.java:989)
	at io.netty.util.internal.ThreadExecutorMap$2.run(ThreadExecutorMap.java:74)
	at io.netty.util.concurrent.FastThreadLocalRunnable.run(FastThreadLocalRunnable.java:30)
	at java.lang.Thread.run(Thread.java:745)
2021-11-08 11:19:20,616 [myid:127.0.0.1:27381] - INFO  [nioEventLoopGroup-20-1:ClientCnxnSocketNetty@249] - channel is told closing
2021-11-08 11:19:20,617 [myid:127.0.0.1:27381] - WARN  [main-SendThread(127.0.0.1:27381):ClientCnxn$SendThread@1290] - Session 0x0 for sever xmind.net/127.0.0.1:27381, Closing socket connection. Attempting reconnect except it is a SessionExpiredException.
EndOfStreamException: channel for sessionid 0x0 is lost
	at org.apache.zookeeper.ClientCnxnSocketNetty.doTransport(ClientCnxnSocketNetty.java:285)
	at org.apache.zookeeper.ClientCnxn$SendThread.run(ClientCnxn.java:1280)
2021-11-08 11:19:20,618 [myid:127.0.0.1:27381] - INFO  [nioEventLoopGroup-20-1:ClientCnxnSocketNetty$ZKClientHandler@469] - channel is disconnected: [id: 0xc6a558ba, L:/127.0.0.1:8595 ! R:xmind.net/127.0.0.1:27381]
2021-11-08 11:19:22,612 [myid:127.0.0.1:27381] - INFO  [main-SendThread(127.0.0.1:27381):ClientCnxn$SendThread@1171] - Opening socket connection to server xmind.net/127.0.0.1:27381.
2021-11-08 11:19:22,612 [myid:127.0.0.1:27381] - INFO  [main-SendThread(127.0.0.1:27381):ClientCnxn$SendThread@1173] - SASL config status: Will not attempt to authenticate using SASL (unknown error)
2021-11-08 11:19:22,613 [myid:127.0.0.1:27381] - INFO  [nioEventLoopGroup-20-1:ClientCnxnSocketNetty$ZKClientPipelineFactory@454] - SSL handler added for channel: [id: 0x7b0a4867]
2021-11-08 11:19:22,614 [myid:127.0.0.1:27381] - INFO  [nioEventLoopGroup-20-1:ClientCnxn$SendThread@1005] - Socket connection established, initiating session, client: /127.0.0.1:8650, server: xmind.net/127.0.0.1:27381
2021-11-08 11:19:22,614 [myid:127.0.0.1:27381] - INFO  [nioEventLoopGroup-20-1:ClientCnxnSocketNetty$1@184] - channel is connected: [id: 0x7b0a4867, L:/127.0.0.1:8650 - R:xmind.net/127.0.0.1:27381]
2021-11-08 11:19:22,616 [myid:0] - WARN  [nioEventLoopGroup-17-2:ChannelInitializer@97] - Failed to initialize a channel. Closing: [id: 0xf487d76b, L:/127.0.0.1:27381 - R:/127.0.0.1:8650]
java.lang.IllegalArgumentException: Cannot support TLS_ECDHE_ECDSA_WITH_AES_256_CBC_SHA384 with currently installed providers
	at sun.security.ssl.CipherSuiteList.<init>(CipherSuiteList.java:92)
	at sun.security.ssl.SSLEngineImpl.setEnabledCipherSuites(SSLEngineImpl.java:2038)
	at io.netty.handler.ssl.JdkSslContext.configureAndWrapEngine(JdkSslContext.java:341)
	at io.netty.handler.ssl.JdkSslContext.newEngine(JdkSslContext.java:331)
	at io.netty.handler.ssl.SslContext.newHandler(SslContext.java:956)
	at io.netty.handler.ssl.SslContext.newHandler(SslContext.java:948)
	at org.apache.zookeeper.server.NettyServerCnxnFactory.initSSL(NettyServerCnxnFactory.java:575)
	at org.apache.zookeeper.server.NettyServerCnxnFactory.access$1300(NettyServerCnxnFactory.java:80)
	at org.apache.zookeeper.server.NettyServerCnxnFactory$1.initChannel(NettyServerCnxnFactory.java:540)
	at org.apache.zookeeper.server.NettyServerCnxnFactory$1.initChannel(NettyServerCnxnFactory.java:532)
	at io.netty.channel.ChannelInitializer.initChannel(ChannelInitializer.java:129)
	at io.netty.channel.ChannelInitializer.handlerAdded(ChannelInitializer.java:112)
	at io.netty.channel.AbstractChannelHandlerContext.callHandlerAdded(AbstractChannelHandlerContext.java:938)
	at io.netty.channel.DefaultChannelPipeline.callHandlerAdded0(DefaultChannelPipeline.java:609)
	at io.netty.channel.DefaultChannelPipeline.access$100(DefaultChannelPipeline.java:46)
	at io.netty.channel.DefaultChannelPipeline$PendingHandlerAddedTask.execute(DefaultChannelPipeline.java:1463)
	at io.netty.channel.DefaultChannelPipeline.callHandlerAddedForAllHandlers(DefaultChannelPipeline.java:1115)
	at io.netty.channel.DefaultChannelPipeline.invokeHandlerAddedIfNeeded(DefaultChannelPipeline.java:650)
	at io.netty.channel.AbstractChannel$AbstractUnsafe.register0(AbstractChannel.java:502)
	at io.netty.channel.AbstractChannel$AbstractUnsafe.access$200(AbstractChannel.java:417)
	at io.netty.channel.AbstractChannel$AbstractUnsafe$1.run(AbstractChannel.java:474)
	at io.netty.util.concurrent.AbstractEventExecutor.safeExecute(AbstractEventExecutor.java:164)
	at io.netty.util.concurrent.SingleThreadEventExecutor.runAllTasks(SingleThreadEventExecutor.java:472)
	at io.netty.channel.nio.NioEventLoop.run(NioEventLoop.java:500)
	at io.netty.util.concurrent.SingleThreadEventExecutor$4.run(SingleThreadEventExecutor.java:989)
	at io.netty.util.internal.ThreadExecutorMap$2.run(ThreadExecutorMap.java:74)
	at io.netty.util.concurrent.FastThreadLocalRunnable.run(FastThreadLocalRunnable.java:30)
	at java.lang.Thread.run(Thread.java:745)
2021-11-08 11:19:22,616 [myid:127.0.0.1:27381] - INFO  [nioEventLoopGroup-20-1:ClientCnxnSocketNetty$ZKClientHandler@469] - channel is disconnected: [id: 0x7b0a4867, L:/127.0.0.1:8650 ! R:xmind.net/127.0.0.1:27381]
2021-11-08 11:19:22,616 [myid:127.0.0.1:27381] - INFO  [nioEventLoopGroup-20-1:ClientCnxnSocketNetty@249] - channel is told closing
2021-11-08 11:19:22,616 [myid:127.0.0.1:27381] - WARN  [main-SendThread(127.0.0.1:27381):ClientCnxn$SendThread@1290] - Session 0x0 for sever xmind.net/127.0.0.1:27381, Closing socket connection. Attempting reconnect except it is a SessionExpiredException.
EndOfStreamException: channel for sessionid 0x0 is lost
	at org.apache.zookeeper.ClientCnxnSocketNetty.doTransport(ClientCnxnSocketNetty.java:285)
	at org.apache.zookeeper.ClientCnxn$SendThread.run(ClientCnxn.java:1280)
2021-11-08 11:19:24,374 [myid:127.0.0.1:27381] - INFO  [main-SendThread(127.0.0.1:27381):ClientCnxn$SendThread@1171] - Opening socket connection to server xmind.net/127.0.0.1:27381.
2021-11-08 11:19:24,374 [myid:127.0.0.1:27381] - INFO  [main-SendThread(127.0.0.1:27381):ClientCnxn$SendThread@1173] - SASL config status: Will not attempt to authenticate using SASL (unknown error)
2021-11-08 11:19:24,376 [myid:127.0.0.1:27381] - INFO  [nioEventLoopGroup-20-1:ClientCnxnSocketNetty$ZKClientPipelineFactory@454] - SSL handler added for channel: [id: 0x7d6e8fab]
2021-11-08 11:19:24,376 [myid:127.0.0.1:27381] - INFO  [nioEventLoopGroup-20-1:ClientCnxn$SendThread@1005] - Socket connection established, initiating session, client: /127.0.0.1:8746, server: xmind.net/127.0.0.1:27381
2021-11-08 11:19:24,377 [myid:127.0.0.1:27381] - INFO  [nioEventLoopGroup-20-1:ClientCnxnSocketNetty$1@184] - channel is connected: [id: 0x7d6e8fab, L:/127.0.0.1:8746 - R:xmind.net/127.0.0.1:27381]
2021-11-08 11:19:24,378 [myid:0] - WARN  [nioEventLoopGroup-17-3:ChannelInitializer@97] - Failed to initialize a channel. Closing: [id: 0x0894ce51, L:/127.0.0.1:27381 - R:/127.0.0.1:8746]
java.lang.IllegalArgumentException: Cannot support TLS_ECDHE_ECDSA_WITH_AES_256_CBC_SHA384 with currently installed providers
	at sun.security.ssl.CipherSuiteList.<init>(CipherSuiteList.java:92)
	at sun.security.ssl.SSLEngineImpl.setEnabledCipherSuites(SSLEngineImpl.java:2038)
	at io.netty.handler.ssl.JdkSslContext.configureAndWrapEngine(JdkSslContext.java:341)
	at io.netty.handler.ssl.JdkSslContext.newEngine(JdkSslContext.java:331)
	at io.netty.handler.ssl.SslContext.newHandler(SslContext.java:956)
	at io.netty.handler.ssl.SslContext.newHandler(SslContext.java:948)
	at org.apache.zookeeper.server.NettyServerCnxnFactory.initSSL(NettyServerCnxnFactory.java:575)
	at org.apache.zookeeper.server.NettyServerCnxnFactory.access$1300(NettyServerCnxnFactory.java:80)
	at org.apache.zookeeper.server.NettyServerCnxnFactory$1.initChannel(NettyServerCnxnFactory.java:540)
	at org.apache.zookeeper.server.NettyServerCnxnFactory$1.initChannel(NettyServerCnxnFactory.java:532)
	at io.netty.channel.ChannelInitializer.initChannel(ChannelInitializer.java:129)
	at io.netty.channel.ChannelInitializer.handlerAdded(ChannelInitializer.java:112)
	at io.netty.channel.AbstractChannelHandlerContext.callHandlerAdded(AbstractChannelHandlerContext.java:938)
	at io.netty.channel.DefaultChannelPipeline.callHandlerAdded0(DefaultChannelPipeline.java:609)
	at io.netty.channel.DefaultChannelPipeline.access$100(DefaultChannelPipeline.java:46)
	at io.netty.channel.DefaultChannelPipeline$PendingHandlerAddedTask.execute(DefaultChannelPipeline.java:1463)
	at io.netty.channel.DefaultChannelPipeline.callHandlerAddedForAllHandlers(DefaultChannelPipeline.java:1115)
	at io.netty.channel.DefaultChannelPipeline.invokeHandlerAddedIfNeeded(DefaultChannelPipeline.java:650)
	at io.netty.channel.AbstractChannel$AbstractUnsafe.register0(AbstractChannel.java:502)
	at io.netty.channel.AbstractChannel$AbstractUnsafe.access$200(AbstractChannel.java:417)
	at io.netty.channel.AbstractChannel$AbstractUnsafe$1.run(AbstractChannel.java:474)
	at io.netty.util.concurrent.AbstractEventExecutor.safeExecute(AbstractEventExecutor.java:164)
	at io.netty.util.concurrent.SingleThreadEventExecutor.runAllTasks(SingleThreadEventExecutor.java:472)
	at io.netty.channel.nio.NioEventLoop.run(NioEventLoop.java:500)
	at io.netty.util.concurrent.SingleThreadEventExecutor$4.run(SingleThreadEventExecutor.java:989)
	at io.netty.util.internal.ThreadExecutorMap$2.run(ThreadExecutorMap.java:74)
	at io.netty.util.concurrent.FastThreadLocalRunnable.run(FastThreadLocalRunnable.java:30)
	at java.lang.Thread.run(Thread.java:745)
2021-11-08 11:19:24,381 [myid:127.0.0.1:27381] - INFO  [nioEventLoopGroup-20-1:ClientCnxnSocketNetty$ZKClientHandler@469] - channel is disconnected: [id: 0x7d6e8fab, L:/127.0.0.1:8746 ! R:xmind.net/127.0.0.1:27381]
2021-11-08 11:19:24,381 [myid:127.0.0.1:27381] - INFO  [nioEventLoopGroup-20-1:ClientCnxnSocketNetty@249] - channel is told closing
2021-11-08 11:19:24,381 [myid:127.0.0.1:27381] - WARN  [main-SendThread(127.0.0.1:27381):ClientCnxn$SendThread@1290] - Session 0x0 for sever xmind.net/127.0.0.1:27381, Closing socket connection. Attempting reconnect except it is a SessionExpiredException.
EndOfStreamException: channel for sessionid 0x0 is lost
	at org.apache.zookeeper.ClientCnxnSocketNetty.doTransport(ClientCnxnSocketNetty.java:285)
	at org.apache.zookeeper.ClientCnxn$SendThread.run(ClientCnxn.java:1280)
2021-11-08 11:19:25,513 [myid:127.0.0.1:27381] - INFO  [main-SendThread(127.0.0.1:27381):ClientCnxn$SendThread@1171] - Opening socket connection to server xmind.net/127.0.0.1:27381.
2021-11-08 11:19:25,513 [myid:127.0.0.1:27381] - INFO  [main-SendThread(127.0.0.1:27381):ClientCnxn$SendThread@1173] - SASL config status: Will not attempt to authenticate using SASL (unknown error)
2021-11-08 11:19:25,515 [myid:127.0.0.1:27381] - INFO  [nioEventLoopGroup-20-1:ClientCnxnSocketNetty$ZKClientPipelineFactory@454] - SSL handler added for channel: [id: 0xcaf0f76e]
2021-11-08 11:19:25,516 [myid:127.0.0.1:27381] - INFO  [nioEventLoopGroup-20-1:ClientCnxn$SendThread@1005] - Socket connection established, initiating session, client: /127.0.0.1:8766, server: xmind.net/127.0.0.1:27381
2021-11-08 11:19:25,516 [myid:127.0.0.1:27381] - INFO  [nioEventLoopGroup-20-1:ClientCnxnSocketNetty$1@184] - channel is connected: [id: 0xcaf0f76e, L:/127.0.0.1:8766 - R:xmind.net/127.0.0.1:27381]
2021-11-08 11:19:25,518 [myid:0] - WARN  [nioEventLoopGroup-17-4:ChannelInitializer@97] - Failed to initialize a channel. Closing: [id: 0x0e1c63f9, L:/127.0.0.1:27381 - R:/127.0.0.1:8766]
java.lang.IllegalArgumentException: Cannot support TLS_ECDHE_ECDSA_WITH_AES_256_CBC_SHA384 with currently installed providers
	at sun.security.ssl.CipherSuiteList.<init>(CipherSuiteList.java:92)
	at sun.security.ssl.SSLEngineImpl.setEnabledCipherSuites(SSLEngineImpl.java:2038)
	at io.netty.handler.ssl.JdkSslContext.configureAndWrapEngine(JdkSslContext.java:341)
	at io.netty.handler.ssl.JdkSslContext.newEngine(JdkSslContext.java:331)
	at io.netty.handler.ssl.SslContext.newHandler(SslContext.java:956)
	at io.netty.handler.ssl.SslContext.newHandler(SslContext.java:948)
	at org.apache.zookeeper.server.NettyServerCnxnFactory.initSSL(NettyServerCnxnFactory.java:575)
	at org.apache.zookeeper.server.NettyServerCnxnFactory.access$1300(NettyServerCnxnFactory.java:80)
	at org.apache.zookeeper.server.NettyServerCnxnFactory$1.initChannel(NettyServerCnxnFactory.java:540)
	at org.apache.zookeeper.server.NettyServerCnxnFactory$1.initChannel(NettyServerCnxnFactory.java:532)
	at io.netty.channel.ChannelInitializer.initChannel(ChannelInitializer.java:129)
	at io.netty.channel.ChannelInitializer.handlerAdded(ChannelInitializer.java:112)
	at io.netty.channel.AbstractChannelHandlerContext.callHandlerAdded(AbstractChannelHandlerContext.java:938)
	at io.netty.channel.DefaultChannelPipeline.callHandlerAdded0(DefaultChannelPipeline.java:609)
	at io.netty.channel.DefaultChannelPipeline.access$100(DefaultChannelPipeline.java:46)
	at io.netty.channel.DefaultChannelPipeline$PendingHandlerAddedTask.execute(DefaultChannelPipeline.java:1463)
	at io.netty.channel.DefaultChannelPipeline.callHandlerAddedForAllHandlers(DefaultChannelPipeline.java:1115)
	at io.netty.channel.DefaultChannelPipeline.invokeHandlerAddedIfNeeded(DefaultChannelPipeline.java:650)
	at io.netty.channel.AbstractChannel$AbstractUnsafe.register0(AbstractChannel.java:502)
	at io.netty.channel.AbstractChannel$AbstractUnsafe.access$200(AbstractChannel.java:417)
	at io.netty.channel.AbstractChannel$AbstractUnsafe$1.run(AbstractChannel.java:474)
	at io.netty.util.concurrent.AbstractEventExecutor.safeExecute(AbstractEventExecutor.java:164)
	at io.netty.util.concurrent.SingleThreadEventExecutor.runAllTasks(SingleThreadEventExecutor.java:472)
	at io.netty.channel.nio.NioEventLoop.run(NioEventLoop.java:500)
	at io.netty.util.concurrent.SingleThreadEventExecutor$4.run(SingleThreadEventExecutor.java:989)
	at io.netty.util.internal.ThreadExecutorMap$2.run(ThreadExecutorMap.java:74)
	at io.netty.util.concurrent.FastThreadLocalRunnable.run(FastThreadLocalRunnable.java:30)
	at java.lang.Thread.run(Thread.java:745)
2021-11-08 11:19:25,519 [myid:127.0.0.1:27381] - INFO  [nioEventLoopGroup-20-1:ClientCnxnSocketNetty$ZKClientHandler@469] - channel is disconnected: [id: 0xcaf0f76e, L:/127.0.0.1:8766 ! R:xmind.net/127.0.0.1:27381]
2021-11-08 11:19:25,519 [myid:127.0.0.1:27381] - INFO  [nioEventLoopGroup-20-1:ClientCnxnSocketNetty@249] - channel is told closing
2021-11-08 11:19:25,519 [myid:127.0.0.1:27381] - WARN  [main-SendThread(127.0.0.1:27381):ClientCnxn$SendThread@1290] - Session 0x0 for sever xmind.net/127.0.0.1:27381, Closing socket connection. Attempting reconnect except it is a SessionExpiredException.
EndOfStreamException: channel for sessionid 0x0 is lost
	at org.apache.zookeeper.ClientCnxnSocketNetty.doTransport(ClientCnxnSocketNetty.java:285)
	at org.apache.zookeeper.ClientCnxn$SendThread.run(ClientCnxn.java:1280)
2021-11-08 11:19:27,060 [myid:127.0.0.1:27381] - INFO  [main-SendThread(127.0.0.1:27381):ClientCnxn$SendThread@1171] - Opening socket connection to server xmind.net/127.0.0.1:27381.
2021-11-08 11:19:27,060 [myid:127.0.0.1:27381] - INFO  [main-SendThread(127.0.0.1:27381):ClientCnxn$SendThread@1173] - SASL config status: Will not attempt to authenticate using SASL (unknown error)
2021-11-08 11:19:27,062 [myid:127.0.0.1:27381] - INFO  [nioEventLoopGroup-20-1:ClientCnxnSocketNetty$ZKClientPipelineFactory@454] - SSL handler added for channel: [id: 0x4ba4c077]
2021-11-08 11:19:27,062 [myid:127.0.0.1:27381] - INFO  [nioEventLoopGroup-20-1:ClientCnxn$SendThread@1005] - Socket connection established, initiating session, client: /127.0.0.1:8790, server: xmind.net/127.0.0.1:27381
2021-11-08 11:19:27,063 [myid:127.0.0.1:27381] - INFO  [nioEventLoopGroup-20-1:ClientCnxnSocketNetty$1@184] - channel is connected: [id: 0x4ba4c077, L:/127.0.0.1:8790 - R:xmind.net/127.0.0.1:27381]
2021-11-08 11:19:27,064 [myid:0] - WARN  [nioEventLoopGroup-17-5:ChannelInitializer@97] - Failed to initialize a channel. Closing: [id: 0x4ca4ccfb, L:/127.0.0.1:27381 - R:/127.0.0.1:8790]
java.lang.IllegalArgumentException: Cannot support TLS_ECDHE_ECDSA_WITH_AES_256_CBC_SHA384 with currently installed providers
	at sun.security.ssl.CipherSuiteList.<init>(CipherSuiteList.java:92)
	at sun.security.ssl.SSLEngineImpl.setEnabledCipherSuites(SSLEngineImpl.java:2038)
	at io.netty.handler.ssl.JdkSslContext.configureAndWrapEngine(JdkSslContext.java:341)
	at io.netty.handler.ssl.JdkSslContext.newEngine(JdkSslContext.java:331)
	at io.netty.handler.ssl.SslContext.newHandler(SslContext.java:956)
	at io.netty.handler.ssl.SslContext.newHandler(SslContext.java:948)
	at org.apache.zookeeper.server.NettyServerCnxnFactory.initSSL(NettyServerCnxnFactory.java:575)
	at org.apache.zookeeper.server.NettyServerCnxnFactory.access$1300(NettyServerCnxnFactory.java:80)
	at org.apache.zookeeper.server.NettyServerCnxnFactory$1.initChannel(NettyServerCnxnFactory.java:540)
	at org.apache.zookeeper.server.NettyServerCnxnFactory$1.initChannel(NettyServerCnxnFactory.java:532)
	at io.netty.channel.ChannelInitializer.initChannel(ChannelInitializer.java:129)
	at io.netty.channel.ChannelInitializer.handlerAdded(ChannelInitializer.java:112)
	at io.netty.channel.AbstractChannelHandlerContext.callHandlerAdded(AbstractChannelHandlerContext.java:938)
	at io.netty.channel.DefaultChannelPipeline.callHandlerAdded0(DefaultChannelPipeline.java:609)
	at io.netty.channel.DefaultChannelPipeline.access$100(DefaultChannelPipeline.java:46)
	at io.netty.channel.DefaultChannelPipeline$PendingHandlerAddedTask.execute(DefaultChannelPipeline.java:1463)
	at io.netty.channel.DefaultChannelPipeline.callHandlerAddedForAllHandlers(DefaultChannelPipeline.java:1115)
	at io.netty.channel.DefaultChannelPipeline.invokeHandlerAddedIfNeeded(DefaultChannelPipeline.java:650)
	at io.netty.channel.AbstractChannel$AbstractUnsafe.register0(AbstractChannel.java:502)
	at io.netty.channel.AbstractChannel$AbstractUnsafe.access$200(AbstractChannel.java:417)
	at io.netty.channel.AbstractChannel$AbstractUnsafe$1.run(AbstractChannel.java:474)
	at io.netty.util.concurrent.AbstractEventExecutor.safeExecute(AbstractEventExecutor.java:164)
	at io.netty.util.concurrent.SingleThreadEventExecutor.runAllTasks(SingleThreadEventExecutor.java:472)
	at io.netty.channel.nio.NioEventLoop.run(NioEventLoop.java:500)
	at io.netty.util.concurrent.SingleThreadEventExecutor$4.run(SingleThreadEventExecutor.java:989)
	at io.netty.util.internal.ThreadExecutorMap$2.run(ThreadExecutorMap.java:74)
	at io.netty.util.concurrent.FastThreadLocalRunnable.run(FastThreadLocalRunnable.java:30)
	at java.lang.Thread.run(Thread.java:745)
2021-11-08 11:19:27,065 [myid:127.0.0.1:27381] - INFO  [nioEventLoopGroup-20-1:ClientCnxnSocketNetty$ZKClientHandler@469] - channel is disconnected: [id: 0x4ba4c077, L:/127.0.0.1:8790 ! R:xmind.net/127.0.0.1:27381]
2021-11-08 11:19:27,065 [myid:127.0.0.1:27381] - INFO  [nioEventLoopGroup-20-1:ClientCnxnSocketNetty@249] - channel is told closing
2021-11-08 11:19:27,065 [myid:127.0.0.1:27381] - WARN  [main-SendThread(127.0.0.1:27381):ClientCnxn$SendThread@1290] - Session 0x0 for sever xmind.net/127.0.0.1:27381, Closing socket connection. Attempting reconnect except it is a SessionExpiredException.
EndOfStreamException: channel for sessionid 0x0 is lost
	at org.apache.zookeeper.ClientCnxnSocketNetty.doTransport(ClientCnxnSocketNetty.java:285)
	at org.apache.zookeeper.ClientCnxn$SendThread.run(ClientCnxn.java:1280)
2021-11-08 11:19:28,669 [myid:127.0.0.1:27381] - INFO  [main-SendThread(127.0.0.1:27381):ClientCnxn$SendThread@1171] - Opening socket connection to server xmind.net/127.0.0.1:27381.
2021-11-08 11:19:28,669 [myid:127.0.0.1:27381] - INFO  [main-SendThread(127.0.0.1:27381):ClientCnxn$SendThread@1173] - SASL config status: Will not attempt to authenticate using SASL (unknown error)
2021-11-08 11:19:28,672 [myid:127.0.0.1:27381] - INFO  [nioEventLoopGroup-20-1:ClientCnxnSocketNetty$ZKClientPipelineFactory@454] - SSL handler added for channel: [id: 0x1efd1023]
2021-11-08 11:19:28,672 [myid:127.0.0.1:27381] - INFO  [nioEventLoopGroup-20-1:ClientCnxn$SendThread@1005] - Socket connection established, initiating session, client: /127.0.0.1:8815, server: xmind.net/127.0.0.1:27381
2021-11-08 11:19:28,673 [myid:127.0.0.1:27381] - INFO  [nioEventLoopGroup-20-1:ClientCnxnSocketNetty$1@184] - channel is connected: [id: 0x1efd1023, L:/127.0.0.1:8815 - R:xmind.net/127.0.0.1:27381]
2021-11-08 11:19:28,675 [myid:0] - WARN  [nioEventLoopGroup-17-6:ChannelInitializer@97] - Failed to initialize a channel. Closing: [id: 0x71c8cd3b, L:/127.0.0.1:27381 - R:/127.0.0.1:8815]
java.lang.IllegalArgumentException: Cannot support TLS_ECDHE_ECDSA_WITH_AES_256_CBC_SHA384 with currently installed providers
	at sun.security.ssl.CipherSuiteList.<init>(CipherSuiteList.java:92)
	at sun.security.ssl.SSLEngineImpl.setEnabledCipherSuites(SSLEngineImpl.java:2038)
	at io.netty.handler.ssl.JdkSslContext.configureAndWrapEngine(JdkSslContext.java:341)
	at io.netty.handler.ssl.JdkSslContext.newEngine(JdkSslContext.java:331)
	at io.netty.handler.ssl.SslContext.newHandler(SslContext.java:956)
	at io.netty.handler.ssl.SslContext.newHandler(SslContext.java:948)
	at org.apache.zookeeper.server.NettyServerCnxnFactory.initSSL(NettyServerCnxnFactory.java:575)
	at org.apache.zookeeper.server.NettyServerCnxnFactory.access$1300(NettyServerCnxnFactory.java:80)
	at org.apache.zookeeper.server.NettyServerCnxnFactory$1.initChannel(NettyServerCnxnFactory.java:540)
	at org.apache.zookeeper.server.NettyServerCnxnFactory$1.initChannel(NettyServerCnxnFactory.java:532)
	at io.netty.channel.ChannelInitializer.initChannel(ChannelInitializer.java:129)
	at io.netty.channel.ChannelInitializer.handlerAdded(ChannelInitializer.java:112)
	at io.netty.channel.AbstractChannelHandlerContext.callHandlerAdded(AbstractChannelHandlerContext.java:938)
	at io.netty.channel.DefaultChannelPipeline.callHandlerAdded0(DefaultChannelPipeline.java:609)
	at io.netty.channel.DefaultChannelPipeline.access$100(DefaultChannelPipeline.java:46)
	at io.netty.channel.DefaultChannelPipeline$PendingHandlerAddedTask.execute(DefaultChannelPipeline.java:1463)
	at io.netty.channel.DefaultChannelPipeline.callHandlerAddedForAllHandlers(DefaultChannelPipeline.java:1115)
	at io.netty.channel.DefaultChannelPipeline.invokeHandlerAddedIfNeeded(DefaultChannelPipeline.java:650)
	at io.netty.channel.AbstractChannel$AbstractUnsafe.register0(AbstractChannel.java:502)
	at io.netty.channel.AbstractChannel$AbstractUnsafe.access$200(AbstractChannel.java:417)
	at io.netty.channel.AbstractChannel$AbstractUnsafe$1.run(AbstractChannel.java:474)
	at io.netty.util.concurrent.AbstractEventExecutor.safeExecute(AbstractEventExecutor.java:164)
	at io.netty.util.concurrent.SingleThreadEventExecutor.runAllTasks(SingleThreadEventExecutor.java:472)
	at io.netty.channel.nio.NioEventLoop.run(NioEventLoop.java:500)
	at io.netty.util.concurrent.SingleThreadEventExecutor$4.run(SingleThreadEventExecutor.java:989)
	at io.netty.util.internal.ThreadExecutorMap$2.run(ThreadExecutorMap.java:74)
	at io.netty.util.concurrent.FastThreadLocalRunnable.run(FastThreadLocalRunnable.java:30)
	at java.lang.Thread.run(Thread.java:745)
2021-11-08 11:19:28,676 [myid:127.0.0.1:27381] - INFO  [nioEventLoopGroup-20-1:ClientCnxnSocketNetty$ZKClientHandler@469] - channel is disconnected: [id: 0x1efd1023, L:/127.0.0.1:8815 ! R:xmind.net/127.0.0.1:27381]
2021-11-08 11:19:28,676 [myid:127.0.0.1:27381] - INFO  [nioEventLoopGroup-20-1:ClientCnxnSocketNetty@249] - channel is told closing
2021-11-08 11:19:28,676 [myid:127.0.0.1:27381] - WARN  [main-SendThread(127.0.0.1:27381):ClientCnxn$SendThread@1290] - Session 0x0 for sever xmind.net/127.0.0.1:27381, Closing socket connection. Attempting reconnect except it is a SessionExpiredException.
EndOfStreamException: channel for sessionid 0x0 is lost
	at org.apache.zookeeper.ClientCnxnSocketNetty.doTransport(ClientCnxnSocketNetty.java:285)
	at org.apache.zookeeper.ClientCnxn$SendThread.run(ClientCnxn.java:1280)
2021-11-08 11:19:30,608 [myid:127.0.0.1:27381] - INFO  [main-SendThread(127.0.0.1:27381):ClientCnxn$SendThread@1171] - Opening socket connection to server xmind.net/127.0.0.1:27381.
2021-11-08 11:19:30,608 [myid:127.0.0.1:27381] - INFO  [main-SendThread(127.0.0.1:27381):ClientCnxn$SendThread@1173] - SASL config status: Will not attempt to authenticate using SASL (unknown error)
2021-11-08 11:19:30,610 [myid:127.0.0.1:27381] - INFO  [nioEventLoopGroup-20-1:ClientCnxnSocketNetty$ZKClientPipelineFactory@454] - SSL handler added for channel: [id: 0x31275a1e]
2021-11-08 11:19:30,610 [myid:127.0.0.1:27381] - INFO  [nioEventLoopGroup-20-1:ClientCnxn$SendThread@1005] - Socket connection established, initiating session, client: /127.0.0.1:11550, server: xmind.net/127.0.0.1:27381
2021-11-08 11:19:30,611 [myid:127.0.0.1:27381] - INFO  [nioEventLoopGroup-20-1:ClientCnxnSocketNetty$1@184] - channel is connected: [id: 0x31275a1e, L:/127.0.0.1:11550 - R:xmind.net/127.0.0.1:27381]
2021-11-08 11:19:30,611 [myid:0] - WARN  [nioEventLoopGroup-17-7:ChannelInitializer@97] - Failed to initialize a channel. Closing: [id: 0xc5e8b0dd, L:/127.0.0.1:27381 - R:/127.0.0.1:11550]
java.lang.IllegalArgumentException: Cannot support TLS_ECDHE_ECDSA_WITH_AES_256_CBC_SHA384 with currently installed providers
	at sun.security.ssl.CipherSuiteList.<init>(CipherSuiteList.java:92)
	at sun.security.ssl.SSLEngineImpl.setEnabledCipherSuites(SSLEngineImpl.java:2038)
	at io.netty.handler.ssl.JdkSslContext.configureAndWrapEngine(JdkSslContext.java:341)
	at io.netty.handler.ssl.JdkSslContext.newEngine(JdkSslContext.java:331)
	at io.netty.handler.ssl.SslContext.newHandler(SslContext.java:956)
	at io.netty.handler.ssl.SslContext.newHandler(SslContext.java:948)
	at org.apache.zookeeper.server.NettyServerCnxnFactory.initSSL(NettyServerCnxnFactory.java:575)
	at org.apache.zookeeper.server.NettyServerCnxnFactory.access$1300(NettyServerCnxnFactory.java:80)
	at org.apache.zookeeper.server.NettyServerCnxnFactory$1.initChannel(NettyServerCnxnFactory.java:540)
	at org.apache.zookeeper.server.NettyServerCnxnFactory$1.initChannel(NettyServerCnxnFactory.java:532)
	at io.netty.channel.ChannelInitializer.initChannel(ChannelInitializer.java:129)
	at io.netty.channel.ChannelInitializer.handlerAdded(ChannelInitializer.java:112)
	at io.netty.channel.AbstractChannelHandlerContext.callHandlerAdded(AbstractChannelHandlerContext.java:938)
	at io.netty.channel.DefaultChannelPipeline.callHandlerAdded0(DefaultChannelPipeline.java:609)
	at io.netty.channel.DefaultChannelPipeline.access$100(DefaultChannelPipeline.java:46)
	at io.netty.channel.DefaultChannelPipeline$PendingHandlerAddedTask.execute(DefaultChannelPipeline.java:1463)
	at io.netty.channel.DefaultChannelPipeline.callHandlerAddedForAllHandlers(DefaultChannelPipeline.java:1115)
	at io.netty.channel.DefaultChannelPipeline.invokeHandlerAddedIfNeeded(DefaultChannelPipeline.java:650)
	at io.netty.channel.AbstractChannel$AbstractUnsafe.register0(AbstractChannel.java:502)
	at io.netty.channel.AbstractChannel$AbstractUnsafe.access$200(AbstractChannel.java:417)
	at io.netty.channel.AbstractChannel$AbstractUnsafe$1.run(AbstractChannel.java:474)
	at io.netty.util.concurrent.AbstractEventExecutor.safeExecute(AbstractEventExecutor.java:164)
	at io.netty.util.concurrent.SingleThreadEventExecutor.runAllTasks(SingleThreadEventExecutor.java:472)
	at io.netty.channel.nio.NioEventLoop.run(NioEventLoop.java:500)
	at io.netty.util.concurrent.SingleThreadEventExecutor$4.run(SingleThreadEventExecutor.java:989)
	at io.netty.util.internal.ThreadExecutorMap$2.run(ThreadExecutorMap.java:74)
	at io.netty.util.concurrent.FastThreadLocalRunnable.run(FastThreadLocalRunnable.java:30)
	at java.lang.Thread.run(Thread.java:745)
2021-11-08 11:19:30,612 [myid:127.0.0.1:27381] - INFO  [nioEventLoopGroup-20-1:ClientCnxnSocketNetty$ZKClientHandler@469] - channel is disconnected: [id: 0x31275a1e, L:/127.0.0.1:11550 ! R:xmind.net/127.0.0.1:27381]
2021-11-08 11:19:30,612 [myid:127.0.0.1:27381] - INFO  [nioEventLoopGroup-20-1:ClientCnxnSocketNetty@249] - channel is told closing
2021-11-08 11:19:30,612 [myid:127.0.0.1:27381] - WARN  [main-SendThread(127.0.0.1:27381):ClientCnxn$SendThread@1290] - Session 0x0 for sever xmind.net/127.0.0.1:27381, Closing socket connection. Attempting reconnect except it is a SessionExpiredException.
EndOfStreamException: channel for sessionid 0x0 is lost
	at org.apache.zookeeper.ClientCnxnSocketNetty.doTransport(ClientCnxnSocketNetty.java:285)
	at org.apache.zookeeper.ClientCnxn$SendThread.run(ClientCnxn.java:1280)
2021-11-08 11:19:32,340 [myid:127.0.0.1:27381] - INFO  [main-SendThread(127.0.0.1:27381):ClientCnxn$SendThread@1171] - Opening socket connection to server xmind.net/127.0.0.1:27381.
2021-11-08 11:19:32,340 [myid:127.0.0.1:27381] - INFO  [main-SendThread(127.0.0.1:27381):ClientCnxn$SendThread@1173] - SASL config status: Will not attempt to authenticate using SASL (unknown error)
2021-11-08 11:19:32,342 [myid:127.0.0.1:27381] - INFO  [nioEventLoopGroup-20-1:ClientCnxnSocketNetty$ZKClientPipelineFactory@454] - SSL handler added for channel: [id: 0xc5a53add]
2021-11-08 11:19:32,343 [myid:127.0.0.1:27381] - INFO  [nioEventLoopGroup-20-1:ClientCnxn$SendThread@1005] - Socket connection established, initiating session, client: /127.0.0.1:11570, server: xmind.net/127.0.0.1:27381
2021-11-08 11:19:32,343 [myid:127.0.0.1:27381] - INFO  [nioEventLoopGroup-20-1:ClientCnxnSocketNetty$1@184] - channel is connected: [id: 0xc5a53add, L:/127.0.0.1:11570 - R:xmind.net/127.0.0.1:27381]
2021-11-08 11:19:32,344 [myid:0] - WARN  [nioEventLoopGroup-17-8:ChannelInitializer@97] - Failed to initialize a channel. Closing: [id: 0x774eb3ed, L:/127.0.0.1:27381 - R:/127.0.0.1:11570]
java.lang.IllegalArgumentException: Cannot support TLS_ECDHE_ECDSA_WITH_AES_256_CBC_SHA384 with currently installed providers
	at sun.security.ssl.CipherSuiteList.<init>(CipherSuiteList.java:92)
	at sun.security.ssl.SSLEngineImpl.setEnabledCipherSuites(SSLEngineImpl.java:2038)
	at io.netty.handler.ssl.JdkSslContext.configureAndWrapEngine(JdkSslContext.java:341)
	at io.netty.handler.ssl.JdkSslContext.newEngine(JdkSslContext.java:331)
	at io.netty.handler.ssl.SslContext.newHandler(SslContext.java:956)
	at io.netty.handler.ssl.SslContext.newHandler(SslContext.java:948)
	at org.apache.zookeeper.server.NettyServerCnxnFactory.initSSL(NettyServerCnxnFactory.java:575)
	at org.apache.zookeeper.server.NettyServerCnxnFactory.access$1300(NettyServerCnxnFactory.java:80)
	at org.apache.zookeeper.server.NettyServerCnxnFactory$1.initChannel(NettyServerCnxnFactory.java:540)
	at org.apache.zookeeper.server.NettyServerCnxnFactory$1.initChannel(NettyServerCnxnFactory.java:532)
	at io.netty.channel.ChannelInitializer.initChannel(ChannelInitializer.java:129)
	at io.netty.channel.ChannelInitializer.handlerAdded(ChannelInitializer.java:112)
	at io.netty.channel.AbstractChannelHandlerContext.callHandlerAdded(AbstractChannelHandlerContext.java:938)
	at io.netty.channel.DefaultChannelPipeline.callHandlerAdded0(DefaultChannelPipeline.java:609)
	at io.netty.channel.DefaultChannelPipeline.access$100(DefaultChannelPipeline.java:46)
	at io.netty.channel.DefaultChannelPipeline$PendingHandlerAddedTask.execute(DefaultChannelPipeline.java:1463)
	at io.netty.channel.DefaultChannelPipeline.callHandlerAddedForAllHandlers(DefaultChannelPipeline.java:1115)
	at io.netty.channel.DefaultChannelPipeline.invokeHandlerAddedIfNeeded(DefaultChannelPipeline.java:650)
	at io.netty.channel.AbstractChannel$AbstractUnsafe.register0(AbstractChannel.java:502)
	at io.netty.channel.AbstractChannel$AbstractUnsafe.access$200(AbstractChannel.java:417)
	at io.netty.channel.AbstractChannel$AbstractUnsafe$1.run(AbstractChannel.java:474)
	at io.netty.util.concurrent.AbstractEventExecutor.safeExecute(AbstractEventExecutor.java:164)
	at io.netty.util.concurrent.SingleThreadEventExecutor.runAllTasks(SingleThreadEventExecutor.java:472)
	at io.netty.channel.nio.NioEventLoop.run(NioEventLoop.java:500)
	at io.netty.util.concurrent.SingleThreadEventExecutor$4.run(SingleThreadEventExecutor.java:989)
	at io.netty.util.internal.ThreadExecutorMap$2.run(ThreadExecutorMap.java:74)
	at io.netty.util.concurrent.FastThreadLocalRunnable.run(FastThreadLocalRunnable.java:30)
	at java.lang.Thread.run(Thread.java:745)
2021-11-08 11:19:32,345 [myid:127.0.0.1:27381] - INFO  [nioEventLoopGroup-20-1:ClientCnxnSocketNetty$ZKClientHandler@469] - channel is disconnected: [id: 0xc5a53add, L:/127.0.0.1:11570 ! R:xmind.net/127.0.0.1:27381]
2021-11-08 11:19:32,345 [myid:127.0.0.1:27381] - INFO  [nioEventLoopGroup-20-1:ClientCnxnSocketNetty@249] - channel is told closing
2021-11-08 11:19:32,345 [myid:127.0.0.1:27381] - WARN  [main-SendThread(127.0.0.1:27381):ClientCnxn$SendThread@1290] - Session 0x0 for sever xmind.net/127.0.0.1:27381, Closing socket connection. Attempting reconnect except it is a SessionExpiredException.
EndOfStreamException: channel for sessionid 0x0 is lost
	at org.apache.zookeeper.ClientCnxnSocketNetty.doTransport(ClientCnxnSocketNetty.java:285)
	at org.apache.zookeeper.ClientCnxn$SendThread.run(ClientCnxn.java:1280)
2021-11-08 11:19:33,364 [myid:127.0.0.1:27381] - INFO  [main-SendThread(127.0.0.1:27381):ClientCnxn$SendThread@1171] - Opening socket connection to server xmind.net/127.0.0.1:27381.
2021-11-08 11:19:33,364 [myid:127.0.0.1:27381] - INFO  [main-SendThread(127.0.0.1:27381):ClientCnxn$SendThread@1173] - SASL config status: Will not attempt to authenticate using SASL (unknown error)
2021-11-08 11:19:33,366 [myid:127.0.0.1:27381] - INFO  [nioEventLoopGroup-20-1:ClientCnxnSocketNetty$ZKClientPipelineFactory@454] - SSL handler added for channel: [id: 0xf4a08dc4]
2021-11-08 11:19:33,366 [myid:127.0.0.1:27381] - INFO  [nioEventLoopGroup-20-1:ClientCnxn$SendThread@1005] - Socket connection established, initiating session, client: /127.0.0.1:11603, server: xmind.net/127.0.0.1:27381
2021-11-08 11:19:33,366 [myid:127.0.0.1:27381] - INFO  [nioEventLoopGroup-20-1:ClientCnxnSocketNetty$1@184] - channel is connected: [id: 0xf4a08dc4, L:/127.0.0.1:11603 - R:xmind.net/127.0.0.1:27381]
2021-11-08 11:19:33,367 [myid:0] - WARN  [nioEventLoopGroup-17-9:ChannelInitializer@97] - Failed to initialize a channel. Closing: [id: 0x944bd5cf, L:/127.0.0.1:27381 - R:/127.0.0.1:11603]
java.lang.IllegalArgumentException: Cannot support TLS_ECDHE_ECDSA_WITH_AES_256_CBC_SHA384 with currently installed providers
	at sun.security.ssl.CipherSuiteList.<init>(CipherSuiteList.java:92)
	at sun.security.ssl.SSLEngineImpl.setEnabledCipherSuites(SSLEngineImpl.java:2038)
	at io.netty.handler.ssl.JdkSslContext.configureAndWrapEngine(JdkSslContext.java:341)
	at io.netty.handler.ssl.JdkSslContext.newEngine(JdkSslContext.java:331)
	at io.netty.handler.ssl.SslContext.newHandler(SslContext.java:956)
	at io.netty.handler.ssl.SslContext.newHandler(SslContext.java:948)
	at org.apache.zookeeper.server.NettyServerCnxnFactory.initSSL(NettyServerCnxnFactory.java:575)
	at org.apache.zookeeper.server.NettyServerCnxnFactory.access$1300(NettyServerCnxnFactory.java:80)
	at org.apache.zookeeper.server.NettyServerCnxnFactory$1.initChannel(NettyServerCnxnFactory.java:540)
	at org.apache.zookeeper.server.NettyServerCnxnFactory$1.initChannel(NettyServerCnxnFactory.java:532)
	at io.netty.channel.ChannelInitializer.initChannel(ChannelInitializer.java:129)
	at io.netty.channel.ChannelInitializer.handlerAdded(ChannelInitializer.java:112)
	at io.netty.channel.AbstractChannelHandlerContext.callHandlerAdded(AbstractChannelHandlerContext.java:938)
	at io.netty.channel.DefaultChannelPipeline.callHandlerAdded0(DefaultChannelPipeline.java:609)
	at io.netty.channel.DefaultChannelPipeline.access$100(DefaultChannelPipeline.java:46)
	at io.netty.channel.DefaultChannelPipeline$PendingHandlerAddedTask.execute(DefaultChannelPipeline.java:1463)
	at io.netty.channel.DefaultChannelPipeline.callHandlerAddedForAllHandlers(DefaultChannelPipeline.java:1115)
	at io.netty.channel.DefaultChannelPipeline.invokeHandlerAddedIfNeeded(DefaultChannelPipeline.java:650)
	at io.netty.channel.AbstractChannel$AbstractUnsafe.register0(AbstractChannel.java:502)
	at io.netty.channel.AbstractChannel$AbstractUnsafe.access$200(AbstractChannel.java:417)
	at io.netty.channel.AbstractChannel$AbstractUnsafe$1.run(AbstractChannel.java:474)
	at io.netty.util.concurrent.AbstractEventExecutor.safeExecute(AbstractEventExecutor.java:164)
	at io.netty.util.concurrent.SingleThreadEventExecutor.runAllTasks(SingleThreadEventExecutor.java:472)
	at io.netty.channel.nio.NioEventLoop.run(NioEventLoop.java:500)
	at io.netty.util.concurrent.SingleThreadEventExecutor$4.run(SingleThreadEventExecutor.java:989)
	at io.netty.util.internal.ThreadExecutorMap$2.run(ThreadExecutorMap.java:74)
	at io.netty.util.concurrent.FastThreadLocalRunnable.run(FastThreadLocalRunnable.java:30)
	at java.lang.Thread.run(Thread.java:745)
2021-11-08 11:19:33,368 [myid:127.0.0.1:27381] - INFO  [nioEventLoopGroup-20-1:ClientCnxnSocketNetty$ZKClientHandler@469] - channel is disconnected: [id: 0xf4a08dc4, L:/127.0.0.1:11603 ! R:xmind.net/127.0.0.1:27381]
2021-11-08 11:19:33,368 [myid:127.0.0.1:27381] - INFO  [nioEventLoopGroup-20-1:ClientCnxnSocketNetty@249] - channel is told closing
2021-11-08 11:19:33,368 [myid:127.0.0.1:27381] - WARN  [main-SendThread(127.0.0.1:27381):ClientCnxn$SendThread@1290] - Session 0x0 for sever xmind.net/127.0.0.1:27381, Closing socket connection. Attempting reconnect except it is a SessionExpiredException.
EndOfStreamException: channel for sessionid 0x0 is lost
	at org.apache.zookeeper.ClientCnxnSocketNetty.doTransport(ClientCnxnSocketNetty.java:285)
	at org.apache.zookeeper.ClientCnxn$SendThread.run(ClientCnxn.java:1280)
2021-11-08 11:19:34,645 [myid:127.0.0.1:27381] - INFO  [main-SendThread(127.0.0.1:27381):ClientCnxn$SendThread@1171] - Opening socket connection to server xmind.net/127.0.0.1:27381.
2021-11-08 11:19:34,645 [myid:127.0.0.1:27381] - INFO  [main-SendThread(127.0.0.1:27381):ClientCnxn$SendThread@1173] - SASL config status: Will not attempt to authenticate using SASL (unknown error)
2021-11-08 11:19:34,646 [myid:127.0.0.1:27381] - INFO  [nioEventLoopGroup-20-1:ClientCnxnSocketNetty$ZKClientPipelineFactory@454] - SSL handler added for channel: [id: 0x807ff1ce]
2021-11-08 11:19:34,647 [myid:127.0.0.1:27381] - INFO  [nioEventLoopGroup-20-1:ClientCnxn$SendThread@1005] - Socket connection established, initiating session, client: /127.0.0.1:11677, server: xmind.net/127.0.0.1:27381
2021-11-08 11:19:34,647 [myid:127.0.0.1:27381] - INFO  [nioEventLoopGroup-20-1:ClientCnxnSocketNetty$1@184] - channel is connected: [id: 0x807ff1ce, L:/127.0.0.1:11677 - R:xmind.net/127.0.0.1:27381]
2021-11-08 11:19:34,648 [myid:0] - WARN  [nioEventLoopGroup-17-10:ChannelInitializer@97] - Failed to initialize a channel. Closing: [id: 0x10677dcd, L:/127.0.0.1:27381 - R:/127.0.0.1:11677]
java.lang.IllegalArgumentException: Cannot support TLS_ECDHE_ECDSA_WITH_AES_256_CBC_SHA384 with currently installed providers
	at sun.security.ssl.CipherSuiteList.<init>(CipherSuiteList.java:92)
	at sun.security.ssl.SSLEngineImpl.setEnabledCipherSuites(SSLEngineImpl.java:2038)
	at io.netty.handler.ssl.JdkSslContext.configureAndWrapEngine(JdkSslContext.java:341)
	at io.netty.handler.ssl.JdkSslContext.newEngine(JdkSslContext.java:331)
	at io.netty.handler.ssl.SslContext.newHandler(SslContext.java:956)
	at io.netty.handler.ssl.SslContext.newHandler(SslContext.java:948)
	at org.apache.zookeeper.server.NettyServerCnxnFactory.initSSL(NettyServerCnxnFactory.java:575)
	at org.apache.zookeeper.server.NettyServerCnxnFactory.access$1300(NettyServerCnxnFactory.java:80)
	at org.apache.zookeeper.server.NettyServerCnxnFactory$1.initChannel(NettyServerCnxnFactory.java:540)
	at org.apache.zookeeper.server.NettyServerCnxnFactory$1.initChannel(NettyServerCnxnFactory.java:532)
	at io.netty.channel.ChannelInitializer.initChannel(ChannelInitializer.java:129)
	at io.netty.channel.ChannelInitializer.handlerAdded(ChannelInitializer.java:112)
	at io.netty.channel.AbstractChannelHandlerContext.callHandlerAdded(AbstractChannelHandlerContext.java:938)
	at io.netty.channel.DefaultChannelPipeline.callHandlerAdded0(DefaultChannelPipeline.java:609)
	at io.netty.channel.DefaultChannelPipeline.access$100(DefaultChannelPipeline.java:46)
	at io.netty.channel.DefaultChannelPipeline$PendingHandlerAddedTask.execute(DefaultChannelPipeline.java:1463)
	at io.netty.channel.DefaultChannelPipeline.callHandlerAddedForAllHandlers(DefaultChannelPipeline.java:1115)
	at io.netty.channel.DefaultChannelPipeline.invokeHandlerAddedIfNeeded(DefaultChannelPipeline.java:650)
	at io.netty.channel.AbstractChannel$AbstractUnsafe.register0(AbstractChannel.java:502)
	at io.netty.channel.AbstractChannel$AbstractUnsafe.access$200(AbstractChannel.java:417)
	at io.netty.channel.AbstractChannel$AbstractUnsafe$1.run(AbstractChannel.java:474)
	at io.netty.util.concurrent.AbstractEventExecutor.safeExecute(AbstractEventExecutor.java:164)
	at io.netty.util.concurrent.SingleThreadEventExecutor.runAllTasks(SingleThreadEventExecutor.java:472)
	at io.netty.channel.nio.NioEventLoop.run(NioEventLoop.java:500)
	at io.netty.util.concurrent.SingleThreadEventExecutor$4.run(SingleThreadEventExecutor.java:989)
	at io.netty.util.internal.ThreadExecutorMap$2.run(ThreadExecutorMap.java:74)
	at io.netty.util.concurrent.FastThreadLocalRunnable.run(FastThreadLocalRunnable.java:30)
	at java.lang.Thread.run(Thread.java:745)
2021-11-08 11:19:34,649 [myid:127.0.0.1:27381] - INFO  [nioEventLoopGroup-20-1:ClientCnxnSocketNetty$ZKClientHandler@469] - channel is disconnected: [id: 0x807ff1ce, L:/127.0.0.1:11677 ! R:xmind.net/127.0.0.1:27381]
2021-11-08 11:19:34,649 [myid:127.0.0.1:27381] - INFO  [nioEventLoopGroup-20-1:ClientCnxnSocketNetty@249] - channel is told closing
2021-11-08 11:19:34,649 [myid:127.0.0.1:27381] - WARN  [main-SendThread(127.0.0.1:27381):ClientCnxn$SendThread@1290] - Session 0x0 for sever xmind.net/127.0.0.1:27381, Closing socket connection. Attempting reconnect except it is a SessionExpiredException.
EndOfStreamException: channel for sessionid 0x0 is lost
	at org.apache.zookeeper.ClientCnxnSocketNetty.doTransport(ClientCnxnSocketNetty.java:285)
	at org.apache.zookeeper.ClientCnxn$SendThread.run(ClientCnxn.java:1280)
2021-11-08 11:19:35,725 [myid:127.0.0.1:27381] - INFO  [main-SendThread(127.0.0.1:27381):ClientCnxn$SendThread@1171] - Opening socket connection to server xmind.net/127.0.0.1:27381.
2021-11-08 11:19:35,725 [myid:127.0.0.1:27381] - INFO  [main-SendThread(127.0.0.1:27381):ClientCnxn$SendThread@1173] - SASL config status: Will not attempt to authenticate using SASL (unknown error)
2021-11-08 11:19:35,731 [myid:127.0.0.1:27381] - INFO  [nioEventLoopGroup-20-1:ClientCnxnSocketNetty$ZKClientPipelineFactory@454] - SSL handler added for channel: [id: 0x8f8f1298]
2021-11-08 11:19:35,733 [myid:127.0.0.1:27381] - INFO  [nioEventLoopGroup-20-1:ClientCnxn$SendThread@1005] - Socket connection established, initiating session, client: /127.0.0.1:11787, server: xmind.net/127.0.0.1:27381
2021-11-08 11:19:35,733 [myid:127.0.0.1:27381] - INFO  [nioEventLoopGroup-20-1:ClientCnxnSocketNetty$1@184] - channel is connected: [id: 0x8f8f1298, L:/127.0.0.1:11787 - R:xmind.net/127.0.0.1:27381]
2021-11-08 11:19:35,737 [myid:0] - WARN  [nioEventLoopGroup-17-11:ChannelInitializer@97] - Failed to initialize a channel. Closing: [id: 0x8c5345bb, L:/127.0.0.1:27381 - R:/127.0.0.1:11787]
java.lang.IllegalArgumentException: Cannot support TLS_ECDHE_ECDSA_WITH_AES_256_CBC_SHA384 with currently installed providers
	at sun.security.ssl.CipherSuiteList.<init>(CipherSuiteList.java:92)
	at sun.security.ssl.SSLEngineImpl.setEnabledCipherSuites(SSLEngineImpl.java:2038)
	at io.netty.handler.ssl.JdkSslContext.configureAndWrapEngine(JdkSslContext.java:341)
	at io.netty.handler.ssl.JdkSslContext.newEngine(JdkSslContext.java:331)
	at io.netty.handler.ssl.SslContext.newHandler(SslContext.java:956)
	at io.netty.handler.ssl.SslContext.newHandler(SslContext.java:948)
	at org.apache.zookeeper.server.NettyServerCnxnFactory.initSSL(NettyServerCnxnFactory.java:575)
	at org.apache.zookeeper.server.NettyServerCnxnFactory.access$1300(NettyServerCnxnFactory.java:80)
	at org.apache.zookeeper.server.NettyServerCnxnFactory$1.initChannel(NettyServerCnxnFactory.java:540)
	at org.apache.zookeeper.server.NettyServerCnxnFactory$1.initChannel(NettyServerCnxnFactory.java:532)
	at io.netty.channel.ChannelInitializer.initChannel(ChannelInitializer.java:129)
	at io.netty.channel.ChannelInitializer.handlerAdded(ChannelInitializer.java:112)
	at io.netty.channel.AbstractChannelHandlerContext.callHandlerAdded(AbstractChannelHandlerContext.java:938)
	at io.netty.channel.DefaultChannelPipeline.callHandlerAdded0(DefaultChannelPipeline.java:609)
	at io.netty.channel.DefaultChannelPipeline.access$100(DefaultChannelPipeline.java:46)
	at io.netty.channel.DefaultChannelPipeline$PendingHandlerAddedTask.execute(DefaultChannelPipeline.java:1463)
	at io.netty.channel.DefaultChannelPipeline.callHandlerAddedForAllHandlers(DefaultChannelPipeline.java:1115)
	at io.netty.channel.DefaultChannelPipeline.invokeHandlerAddedIfNeeded(DefaultChannelPipeline.java:650)
	at io.netty.channel.AbstractChannel$AbstractUnsafe.register0(AbstractChannel.java:502)
	at io.netty.channel.AbstractChannel$AbstractUnsafe.access$200(AbstractChannel.java:417)
	at io.netty.channel.AbstractChannel$AbstractUnsafe$1.run(AbstractChannel.java:474)
	at io.netty.util.concurrent.AbstractEventExecutor.safeExecute(AbstractEventExecutor.java:164)
	at io.netty.util.concurrent.SingleThreadEventExecutor.runAllTasks(SingleThreadEventExecutor.java:472)
	at io.netty.channel.nio.NioEventLoop.run(NioEventLoop.java:500)
	at io.netty.util.concurrent.SingleThreadEventExecutor$4.run(SingleThreadEventExecutor.java:989)
	at io.netty.util.internal.ThreadExecutorMap$2.run(ThreadExecutorMap.java:74)
	at io.netty.util.concurrent.FastThreadLocalRunnable.run(FastThreadLocalRunnable.java:30)
	at java.lang.Thread.run(Thread.java:745)
2021-11-08 11:19:35,738 [myid:127.0.0.1:27381] - INFO  [nioEventLoopGroup-20-1:ClientCnxnSocketNetty$ZKClientHandler@469] - channel is disconnected: [id: 0x8f8f1298, L:/127.0.0.1:11787 ! R:xmind.net/127.0.0.1:27381]
2021-11-08 11:19:35,739 [myid:127.0.0.1:27381] - INFO  [nioEventLoopGroup-20-1:ClientCnxnSocketNetty@249] - channel is told closing
2021-11-08 11:19:35,739 [myid:127.0.0.1:27381] - WARN  [main-SendThread(127.0.0.1:27381):ClientCnxn$SendThread@1290] - Session 0x0 for sever xmind.net/127.0.0.1:27381, Closing socket connection. Attempting reconnect except it is a SessionExpiredException.
EndOfStreamException: channel for sessionid 0x0 is lost
	at org.apache.zookeeper.ClientCnxnSocketNetty.doTransport(ClientCnxnSocketNetty.java:285)
	at org.apache.zookeeper.ClientCnxn$SendThread.run(ClientCnxn.java:1280)
2021-11-08 11:19:37,044 [myid:127.0.0.1:27381] - INFO  [main-SendThread(127.0.0.1:27381):ClientCnxn$SendThread@1171] - Opening socket connection to server xmind.net/127.0.0.1:27381.
2021-11-08 11:19:37,044 [myid:127.0.0.1:27381] - INFO  [main-SendThread(127.0.0.1:27381):ClientCnxn$SendThread@1173] - SASL config status: Will not attempt to authenticate using SASL (unknown error)
2021-11-08 11:19:37,046 [myid:127.0.0.1:27381] - INFO  [nioEventLoopGroup-20-1:ClientCnxnSocketNetty$ZKClientPipelineFactory@454] - SSL handler added for channel: [id: 0x7277f318]
2021-11-08 11:19:37,047 [myid:127.0.0.1:27381] - INFO  [nioEventLoopGroup-20-1:ClientCnxn$SendThread@1005] - Socket connection established, initiating session, client: /127.0.0.1:11806, server: xmind.net/127.0.0.1:27381
2021-11-08 11:19:37,047 [myid:127.0.0.1:27381] - INFO  [nioEventLoopGroup-20-1:ClientCnxnSocketNetty$1@184] - channel is connected: [id: 0x7277f318, L:/127.0.0.1:11806 - R:xmind.net/127.0.0.1:27381]
2021-11-08 11:19:37,049 [myid:0] - WARN  [nioEventLoopGroup-17-12:ChannelInitializer@97] - Failed to initialize a channel. Closing: [id: 0x55ca5bd8, L:/127.0.0.1:27381 - R:/127.0.0.1:11806]
java.lang.IllegalArgumentException: Cannot support TLS_ECDHE_ECDSA_WITH_AES_256_CBC_SHA384 with currently installed providers
	at sun.security.ssl.CipherSuiteList.<init>(CipherSuiteList.java:92)
	at sun.security.ssl.SSLEngineImpl.setEnabledCipherSuites(SSLEngineImpl.java:2038)
	at io.netty.handler.ssl.JdkSslContext.configureAndWrapEngine(JdkSslContext.java:341)
	at io.netty.handler.ssl.JdkSslContext.newEngine(JdkSslContext.java:331)
	at io.netty.handler.ssl.SslContext.newHandler(SslContext.java:956)
	at io.netty.handler.ssl.SslContext.newHandler(SslContext.java:948)
	at org.apache.zookeeper.server.NettyServerCnxnFactory.initSSL(NettyServerCnxnFactory.java:575)
	at org.apache.zookeeper.server.NettyServerCnxnFactory.access$1300(NettyServerCnxnFactory.java:80)
	at org.apache.zookeeper.server.NettyServerCnxnFactory$1.initChannel(NettyServerCnxnFactory.java:540)
	at org.apache.zookeeper.server.NettyServerCnxnFactory$1.initChannel(NettyServerCnxnFactory.java:532)
	at io.netty.channel.ChannelInitializer.initChannel(ChannelInitializer.java:129)
	at io.netty.channel.ChannelInitializer.handlerAdded(ChannelInitializer.java:112)
	at io.netty.channel.AbstractChannelHandlerContext.callHandlerAdded(AbstractChannelHandlerContext.java:938)
	at io.netty.channel.DefaultChannelPipeline.callHandlerAdded0(DefaultChannelPipeline.java:609)
	at io.netty.channel.DefaultChannelPipeline.access$100(DefaultChannelPipeline.java:46)
	at io.netty.channel.DefaultChannelPipeline$PendingHandlerAddedTask.execute(DefaultChannelPipeline.java:1463)
	at io.netty.channel.DefaultChannelPipeline.callHandlerAddedForAllHandlers(DefaultChannelPipeline.java:1115)
	at io.netty.channel.DefaultChannelPipeline.invokeHandlerAddedIfNeeded(DefaultChannelPipeline.java:650)
	at io.netty.channel.AbstractChannel$AbstractUnsafe.register0(AbstractChannel.java:502)
	at io.netty.channel.AbstractChannel$AbstractUnsafe.access$200(AbstractChannel.java:417)
	at io.netty.channel.AbstractChannel$AbstractUnsafe$1.run(AbstractChannel.java:474)
	at io.netty.util.concurrent.AbstractEventExecutor.safeExecute(AbstractEventExecutor.java:164)
	at io.netty.util.concurrent.SingleThreadEventExecutor.runAllTasks(SingleThreadEventExecutor.java:472)
	at io.netty.channel.nio.NioEventLoop.run(NioEventLoop.java:500)
	at io.netty.util.concurrent.SingleThreadEventExecutor$4.run(SingleThreadEventExecutor.java:989)
	at io.netty.util.internal.ThreadExecutorMap$2.run(ThreadExecutorMap.java:74)
	at io.netty.util.concurrent.FastThreadLocalRunnable.run(FastThreadLocalRunnable.java:30)
	at java.lang.Thread.run(Thread.java:745)
2021-11-08 11:19:37,050 [myid:127.0.0.1:27381] - INFO  [nioEventLoopGroup-20-1:ClientCnxnSocketNetty$ZKClientHandler@469] - channel is disconnected: [id: 0x7277f318, L:/127.0.0.1:11806 ! R:xmind.net/127.0.0.1:27381]
2021-11-08 11:19:37,050 [myid:127.0.0.1:27381] - INFO  [nioEventLoopGroup-20-1:ClientCnxnSocketNetty@249] - channel is told closing
2021-11-08 11:19:37,050 [myid:127.0.0.1:27381] - WARN  [main-SendThread(127.0.0.1:27381):ClientCnxn$SendThread@1290] - Session 0x0 for sever xmind.net/127.0.0.1:27381, Closing socket connection. Attempting reconnect except it is a SessionExpiredException.
EndOfStreamException: channel for sessionid 0x0 is lost
	at org.apache.zookeeper.ClientCnxnSocketNetty.doTransport(ClientCnxnSocketNetty.java:285)
	at org.apache.zookeeper.ClientCnxn$SendThread.run(ClientCnxn.java:1280)
2021-11-08 11:19:38,383 [myid:127.0.0.1:27381] - INFO  [main-SendThread(127.0.0.1:27381):ClientCnxn$SendThread@1171] - Opening socket connection to server xmind.net/127.0.0.1:27381.
2021-11-08 11:19:38,383 [myid:127.0.0.1:27381] - INFO  [main-SendThread(127.0.0.1:27381):ClientCnxn$SendThread@1173] - SASL config status: Will not attempt to authenticate using SASL (unknown error)
2021-11-08 11:19:38,385 [myid:127.0.0.1:27381] - INFO  [nioEventLoopGroup-20-1:ClientCnxnSocketNetty$ZKClientPipelineFactory@454] - SSL handler added for channel: [id: 0xce84059b]
2021-11-08 11:19:38,386 [myid:127.0.0.1:27381] - INFO  [nioEventLoopGroup-20-1:ClientCnxn$SendThread@1005] - Socket connection established, initiating session, client: /127.0.0.1:11831, server: xmind.net/127.0.0.1:27381
2021-11-08 11:19:38,386 [myid:127.0.0.1:27381] - INFO  [nioEventLoopGroup-20-1:ClientCnxnSocketNetty$1@184] - channel is connected: [id: 0xce84059b, L:/127.0.0.1:11831 - R:xmind.net/127.0.0.1:27381]
2021-11-08 11:19:38,387 [myid:0] - WARN  [nioEventLoopGroup-17-1:ChannelInitializer@97] - Failed to initialize a channel. Closing: [id: 0x068769fd, L:/127.0.0.1:27381 - R:/127.0.0.1:11831]
java.lang.IllegalArgumentException: Cannot support TLS_ECDHE_ECDSA_WITH_AES_256_CBC_SHA384 with currently installed providers
	at sun.security.ssl.CipherSuiteList.<init>(CipherSuiteList.java:92)
	at sun.security.ssl.SSLEngineImpl.setEnabledCipherSuites(SSLEngineImpl.java:2038)
	at io.netty.handler.ssl.JdkSslContext.configureAndWrapEngine(JdkSslContext.java:341)
	at io.netty.handler.ssl.JdkSslContext.newEngine(JdkSslContext.java:331)
	at io.netty.handler.ssl.SslContext.newHandler(SslContext.java:956)
	at io.netty.handler.ssl.SslContext.newHandler(SslContext.java:948)
	at org.apache.zookeeper.server.NettyServerCnxnFactory.initSSL(NettyServerCnxnFactory.java:575)
	at org.apache.zookeeper.server.NettyServerCnxnFactory.access$1300(NettyServerCnxnFactory.java:80)
	at org.apache.zookeeper.server.NettyServerCnxnFactory$1.initChannel(NettyServerCnxnFactory.java:540)
	at org.apache.zookeeper.server.NettyServerCnxnFactory$1.initChannel(NettyServerCnxnFactory.java:532)
	at io.netty.channel.ChannelInitializer.initChannel(ChannelInitializer.java:129)
	at io.netty.channel.ChannelInitializer.handlerAdded(ChannelInitializer.java:112)
	at io.netty.channel.AbstractChannelHandlerContext.callHandlerAdded(AbstractChannelHandlerContext.java:938)
	at io.netty.channel.DefaultChannelPipeline.callHandlerAdded0(DefaultChannelPipeline.java:609)
	at io.netty.channel.DefaultChannelPipeline.access$100(DefaultChannelPipeline.java:46)
	at io.netty.channel.DefaultChannelPipeline$PendingHandlerAddedTask.execute(DefaultChannelPipeline.java:1463)
	at io.netty.channel.DefaultChannelPipeline.callHandlerAddedForAllHandlers(DefaultChannelPipeline.java:1115)
	at io.netty.channel.DefaultChannelPipeline.invokeHandlerAddedIfNeeded(DefaultChannelPipeline.java:650)
	at io.netty.channel.AbstractChannel$AbstractUnsafe.register0(AbstractChannel.java:502)
	at io.netty.channel.AbstractChannel$AbstractUnsafe.access$200(AbstractChannel.java:417)
	at io.netty.channel.AbstractChannel$AbstractUnsafe$1.run(AbstractChannel.java:474)
	at io.netty.util.concurrent.AbstractEventExecutor.safeExecute(AbstractEventExecutor.java:164)
	at io.netty.util.concurrent.SingleThreadEventExecutor.runAllTasks(SingleThreadEventExecutor.java:472)
	at io.netty.channel.nio.NioEventLoop.run(NioEventLoop.java:500)
	at io.netty.util.concurrent.SingleThreadEventExecutor$4.run(SingleThreadEventExecutor.java:989)
	at io.netty.util.internal.ThreadExecutorMap$2.run(ThreadExecutorMap.java:74)
	at io.netty.util.concurrent.FastThreadLocalRunnable.run(FastThreadLocalRunnable.java:30)
	at java.lang.Thread.run(Thread.java:745)
2021-11-08 11:19:38,388 [myid:127.0.0.1:27381] - INFO  [nioEventLoopGroup-20-1:ClientCnxnSocketNetty$ZKClientHandler@469] - channel is disconnected: [id: 0xce84059b, L:/127.0.0.1:11831 ! R:xmind.net/127.0.0.1:27381]
2021-11-08 11:19:38,388 [myid:127.0.0.1:27381] - INFO  [nioEventLoopGroup-20-1:ClientCnxnSocketNetty@249] - channel is told closing
2021-11-08 11:19:38,388 [myid:127.0.0.1:27381] - WARN  [main-SendThread(127.0.0.1:27381):ClientCnxn$SendThread@1290] - Session 0x0 for sever xmind.net/127.0.0.1:27381, Closing socket connection. Attempting reconnect except it is a SessionExpiredException.
EndOfStreamException: channel for sessionid 0x0 is lost
	at org.apache.zookeeper.ClientCnxnSocketNetty.doTransport(ClientCnxnSocketNetty.java:285)
	at org.apache.zookeeper.ClientCnxn$SendThread.run(ClientCnxn.java:1280)
2021-11-08 11:19:39,713 [myid:127.0.0.1:27381] - INFO  [main-SendThread(127.0.0.1:27381):ClientCnxn$SendThread@1171] - Opening socket connection to server xmind.net/127.0.0.1:27381.
2021-11-08 11:19:39,713 [myid:127.0.0.1:27381] - INFO  [main-SendThread(127.0.0.1:27381):ClientCnxn$SendThread@1173] - SASL config status: Will not attempt to authenticate using SASL (unknown error)
2021-11-08 11:19:39,715 [myid:127.0.0.1:27381] - INFO  [nioEventLoopGroup-20-1:ClientCnxnSocketNetty$ZKClientPipelineFactory@454] - SSL handler added for channel: [id: 0x4a08f895]
2021-11-08 11:19:39,716 [myid:127.0.0.1:27381] - INFO  [nioEventLoopGroup-20-1:ClientCnxn$SendThread@1005] - Socket connection established, initiating session, client: /127.0.0.1:11855, server: xmind.net/127.0.0.1:27381
2021-11-08 11:19:39,716 [myid:127.0.0.1:27381] - INFO  [nioEventLoopGroup-20-1:ClientCnxnSocketNetty$1@184] - channel is connected: [id: 0x4a08f895, L:/127.0.0.1:11855 - R:xmind.net/127.0.0.1:27381]
2021-11-08 11:19:39,717 [myid:0] - WARN  [nioEventLoopGroup-17-2:ChannelInitializer@97] - Failed to initialize a channel. Closing: [id: 0xef9ced30, L:/127.0.0.1:27381 - R:/127.0.0.1:11855]
java.lang.IllegalArgumentException: Cannot support TLS_ECDHE_ECDSA_WITH_AES_256_CBC_SHA384 with currently installed providers
	at sun.security.ssl.CipherSuiteList.<init>(CipherSuiteList.java:92)
	at sun.security.ssl.SSLEngineImpl.setEnabledCipherSuites(SSLEngineImpl.java:2038)
	at io.netty.handler.ssl.JdkSslContext.configureAndWrapEngine(JdkSslContext.java:341)
	at io.netty.handler.ssl.JdkSslContext.newEngine(JdkSslContext.java:331)
	at io.netty.handler.ssl.SslContext.newHandler(SslContext.java:956)
	at io.netty.handler.ssl.SslContext.newHandler(SslContext.java:948)
	at org.apache.zookeeper.server.NettyServerCnxnFactory.initSSL(NettyServerCnxnFactory.java:575)
	at org.apache.zookeeper.server.NettyServerCnxnFactory.access$1300(NettyServerCnxnFactory.java:80)
	at org.apache.zookeeper.server.NettyServerCnxnFactory$1.initChannel(NettyServerCnxnFactory.java:540)
	at org.apache.zookeeper.server.NettyServerCnxnFactory$1.initChannel(NettyServerCnxnFactory.java:532)
	at io.netty.channel.ChannelInitializer.initChannel(ChannelInitializer.java:129)
	at io.netty.channel.ChannelInitializer.handlerAdded(ChannelInitializer.java:112)
	at io.netty.channel.AbstractChannelHandlerContext.callHandlerAdded(AbstractChannelHandlerContext.java:938)
	at io.netty.channel.DefaultChannelPipeline.callHandlerAdded0(DefaultChannelPipeline.java:609)
	at io.netty.channel.DefaultChannelPipeline.access$100(DefaultChannelPipeline.java:46)
	at io.netty.channel.DefaultChannelPipeline$PendingHandlerAddedTask.execute(DefaultChannelPipeline.java:1463)
	at io.netty.channel.DefaultChannelPipeline.callHandlerAddedForAllHandlers(DefaultChannelPipeline.java:1115)
	at io.netty.channel.DefaultChannelPipeline.invokeHandlerAddedIfNeeded(DefaultChannelPipeline.java:650)
	at io.netty.channel.AbstractChannel$AbstractUnsafe.register0(AbstractChannel.java:502)
	at io.netty.channel.AbstractChannel$AbstractUnsafe.access$200(AbstractChannel.java:417)
	at io.netty.channel.AbstractChannel$AbstractUnsafe$1.run(AbstractChannel.java:474)
	at io.netty.util.concurrent.AbstractEventExecutor.safeExecute(AbstractEventExecutor.java:164)
	at io.netty.util.concurrent.SingleThreadEventExecutor.runAllTasks(SingleThreadEventExecutor.java:472)
	at io.netty.channel.nio.NioEventLoop.run(NioEventLoop.java:500)
	at io.netty.util.concurrent.SingleThreadEventExecutor$4.run(SingleThreadEventExecutor.java:989)
	at io.netty.util.internal.ThreadExecutorMap$2.run(ThreadExecutorMap.java:74)
	at io.netty.util.concurrent.FastThreadLocalRunnable.run(FastThreadLocalRunnable.java:30)
	at java.lang.Thread.run(Thread.java:745)
2021-11-08 11:19:39,717 [myid:127.0.0.1:27381] - INFO  [nioEventLoopGroup-20-1:ClientCnxnSocketNetty$ZKClientHandler@469] - channel is disconnected: [id: 0x4a08f895, L:/127.0.0.1:11855 ! R:xmind.net/127.0.0.1:27381]
2021-11-08 11:19:39,718 [myid:127.0.0.1:27381] - INFO  [nioEventLoopGroup-20-1:ClientCnxnSocketNetty@249] - channel is told closing
2021-11-08 11:19:39,718 [myid:127.0.0.1:27381] - WARN  [main-SendThread(127.0.0.1:27381):ClientCnxn$SendThread@1290] - Session 0x0 for sever xmind.net/127.0.0.1:27381, Closing socket connection. Attempting reconnect except it is a SessionExpiredException.
EndOfStreamException: channel for sessionid 0x0 is lost
	at org.apache.zookeeper.ClientCnxnSocketNetty.doTransport(ClientCnxnSocketNetty.java:285)
	at org.apache.zookeeper.ClientCnxn$SendThread.run(ClientCnxn.java:1280)
2021-11-08 11:19:41,005 [myid:127.0.0.1:27381] - INFO  [main-SendThread(127.0.0.1:27381):ClientCnxn$SendThread@1171] - Opening socket connection to server xmind.net/127.0.0.1:27381.
2021-11-08 11:19:41,005 [myid:127.0.0.1:27381] - INFO  [main-SendThread(127.0.0.1:27381):ClientCnxn$SendThread@1173] - SASL config status: Will not attempt to authenticate using SASL (unknown error)
2021-11-08 11:19:41,007 [myid:127.0.0.1:27381] - INFO  [nioEventLoopGroup-20-1:ClientCnxnSocketNetty$ZKClientPipelineFactory@454] - SSL handler added for channel: [id: 0x798560df]
2021-11-08 11:19:41,007 [myid:127.0.0.1:27381] - INFO  [nioEventLoopGroup-20-1:ClientCnxn$SendThread@1005] - Socket connection established, initiating session, client: /127.0.0.1:11883, server: xmind.net/127.0.0.1:27381
2021-11-08 11:19:41,008 [myid:127.0.0.1:27381] - INFO  [nioEventLoopGroup-20-1:ClientCnxnSocketNetty$1@184] - channel is connected: [id: 0x798560df, L:/127.0.0.1:11883 - R:xmind.net/127.0.0.1:27381]
2021-11-08 11:19:41,008 [myid:0] - WARN  [nioEventLoopGroup-17-3:ChannelInitializer@97] - Failed to initialize a channel. Closing: [id: 0x8d3ff4f4, L:/127.0.0.1:27381 - R:/127.0.0.1:11883]
java.lang.IllegalArgumentException: Cannot support TLS_ECDHE_ECDSA_WITH_AES_256_CBC_SHA384 with currently installed providers
	at sun.security.ssl.CipherSuiteList.<init>(CipherSuiteList.java:92)
	at sun.security.ssl.SSLEngineImpl.setEnabledCipherSuites(SSLEngineImpl.java:2038)
	at io.netty.handler.ssl.JdkSslContext.configureAndWrapEngine(JdkSslContext.java:341)
	at io.netty.handler.ssl.JdkSslContext.newEngine(JdkSslContext.java:331)
	at io.netty.handler.ssl.SslContext.newHandler(SslContext.java:956)
	at io.netty.handler.ssl.SslContext.newHandler(SslContext.java:948)
	at org.apache.zookeeper.server.NettyServerCnxnFactory.initSSL(NettyServerCnxnFactory.java:575)
	at org.apache.zookeeper.server.NettyServerCnxnFactory.access$1300(NettyServerCnxnFactory.java:80)
	at org.apache.zookeeper.server.NettyServerCnxnFactory$1.initChannel(NettyServerCnxnFactory.java:540)
	at org.apache.zookeeper.server.NettyServerCnxnFactory$1.initChannel(NettyServerCnxnFactory.java:532)
	at io.netty.channel.ChannelInitializer.initChannel(ChannelInitializer.java:129)
	at io.netty.channel.ChannelInitializer.handlerAdded(ChannelInitializer.java:112)
	at io.netty.channel.AbstractChannelHandlerContext.callHandlerAdded(AbstractChannelHandlerContext.java:938)
	at io.netty.channel.DefaultChannelPipeline.callHandlerAdded0(DefaultChannelPipeline.java:609)
	at io.netty.channel.DefaultChannelPipeline.access$100(DefaultChannelPipeline.java:46)
	at io.netty.channel.DefaultChannelPipeline$PendingHandlerAddedTask.execute(DefaultChannelPipeline.java:1463)
	at io.netty.channel.DefaultChannelPipeline.callHandlerAddedForAllHandlers(DefaultChannelPipeline.java:1115)
	at io.netty.channel.DefaultChannelPipeline.invokeHandlerAddedIfNeeded(DefaultChannelPipeline.java:650)
	at io.netty.channel.AbstractChannel$AbstractUnsafe.register0(AbstractChannel.java:502)
	at io.netty.channel.AbstractChannel$AbstractUnsafe.access$200(AbstractChannel.java:417)
	at io.netty.channel.AbstractChannel$AbstractUnsafe$1.run(AbstractChannel.java:474)
	at io.netty.util.concurrent.AbstractEventExecutor.safeExecute(AbstractEventExecutor.java:164)
	at io.netty.util.concurrent.SingleThreadEventExecutor.runAllTasks(SingleThreadEventExecutor.java:472)
	at io.netty.channel.nio.NioEventLoop.run(NioEventLoop.java:500)
	at io.netty.util.concurrent.SingleThreadEventExecutor$4.run(SingleThreadEventExecutor.java:989)
	at io.netty.util.internal.ThreadExecutorMap$2.run(ThreadExecutorMap.java:74)
	at io.netty.util.concurrent.FastThreadLocalRunnable.run(FastThreadLocalRunnable.java:30)
	at java.lang.Thread.run(Thread.java:745)
2021-11-08 11:19:41,009 [myid:127.0.0.1:27381] - INFO  [nioEventLoopGroup-20-1:ClientCnxnSocketNetty$ZKClientHandler@469] - channel is disconnected: [id: 0x798560df, L:/127.0.0.1:11883 ! R:xmind.net/127.0.0.1:27381]
2021-11-08 11:19:41,009 [myid:127.0.0.1:27381] - INFO  [nioEventLoopGroup-20-1:ClientCnxnSocketNetty@249] - channel is told closing
2021-11-08 11:19:46,009 [myid:127.0.0.1:27381] - WARN  [main-SendThread(127.0.0.1:27381):ClientCnxn$SendThread@1290] - Session 0x0 for sever xmind.net/127.0.0.1:27381, Closing socket connection. Attempting reconnect except it is a SessionExpiredException.
EndOfStreamException: channel for sessionid 0x0 is lost
	at org.apache.zookeeper.ClientCnxnSocketNetty.doTransport(ClientCnxnSocketNetty.java:285)
	at org.apache.zookeeper.ClientCnxn$SendThread.run(ClientCnxn.java:1280)
2021-11-08 11:19:47,042 [myid:127.0.0.1:27381] - INFO  [main-SendThread(127.0.0.1:27381):ClientCnxn$SendThread@1171] - Opening socket connection to server xmind.net/127.0.0.1:27381.
2021-11-08 11:19:47,042 [myid:127.0.0.1:27381] - INFO  [main-SendThread(127.0.0.1:27381):ClientCnxn$SendThread@1173] - SASL config status: Will not attempt to authenticate using SASL (unknown error)
2021-11-08 11:19:47,044 [myid:127.0.0.1:27381] - INFO  [nioEventLoopGroup-20-1:ClientCnxnSocketNetty$ZKClientPipelineFactory@454] - SSL handler added for channel: [id: 0x029799e1]
2021-11-08 11:19:47,045 [myid:127.0.0.1:27381] - INFO  [nioEventLoopGroup-20-1:ClientCnxn$SendThread@1005] - Socket connection established, initiating session, client: /127.0.0.1:12066, server: xmind.net/127.0.0.1:27381
2021-11-08 11:19:47,045 [myid:127.0.0.1:27381] - INFO  [nioEventLoopGroup-20-1:ClientCnxnSocketNetty$1@184] - channel is connected: [id: 0x029799e1, L:/127.0.0.1:12066 - R:xmind.net/127.0.0.1:27381]
2021-11-08 11:19:47,045 [myid:0] - WARN  [nioEventLoopGroup-17-4:ChannelInitializer@97] - Failed to initialize a channel. Closing: [id: 0x81eefe89, L:/127.0.0.1:27381 - R:/127.0.0.1:12066]
java.lang.IllegalArgumentException: Cannot support TLS_ECDHE_ECDSA_WITH_AES_256_CBC_SHA384 with currently installed providers
	at sun.security.ssl.CipherSuiteList.<init>(CipherSuiteList.java:92)
	at sun.security.ssl.SSLEngineImpl.setEnabledCipherSuites(SSLEngineImpl.java:2038)
	at io.netty.handler.ssl.JdkSslContext.configureAndWrapEngine(JdkSslContext.java:341)
	at io.netty.handler.ssl.JdkSslContext.newEngine(JdkSslContext.java:331)
	at io.netty.handler.ssl.SslContext.newHandler(SslContext.java:956)
	at io.netty.handler.ssl.SslContext.newHandler(SslContext.java:948)
	at org.apache.zookeeper.server.NettyServerCnxnFactory.initSSL(NettyServerCnxnFactory.java:575)
	at org.apache.zookeeper.server.NettyServerCnxnFactory.access$1300(NettyServerCnxnFactory.java:80)
	at org.apache.zookeeper.server.NettyServerCnxnFactory$1.initChannel(NettyServerCnxnFactory.java:540)
	at org.apache.zookeeper.server.NettyServerCnxnFactory$1.initChannel(NettyServerCnxnFactory.java:532)
	at io.netty.channel.ChannelInitializer.initChannel(ChannelInitializer.java:129)
	at io.netty.channel.ChannelInitializer.handlerAdded(ChannelInitializer.java:112)
	at io.netty.channel.AbstractChannelHandlerContext.callHandlerAdded(AbstractChannelHandlerContext.java:938)
	at io.netty.channel.DefaultChannelPipeline.callHandlerAdded0(DefaultChannelPipeline.java:609)
	at io.netty.channel.DefaultChannelPipeline.access$100(DefaultChannelPipeline.java:46)
	at io.netty.channel.DefaultChannelPipeline$PendingHandlerAddedTask.execute(DefaultChannelPipeline.java:1463)
	at io.netty.channel.DefaultChannelPipeline.callHandlerAddedForAllHandlers(DefaultChannelPipeline.java:1115)
	at io.netty.channel.DefaultChannelPipeline.invokeHandlerAddedIfNeeded(DefaultChannelPipeline.java:650)
	at io.netty.channel.AbstractChannel$AbstractUnsafe.register0(AbstractChannel.java:502)
	at io.netty.channel.AbstractChannel$AbstractUnsafe.access$200(AbstractChannel.java:417)
	at io.netty.channel.AbstractChannel$AbstractUnsafe$1.run(AbstractChannel.java:474)
	at io.netty.util.concurrent.AbstractEventExecutor.safeExecute(AbstractEventExecutor.java:164)
	at io.netty.util.concurrent.SingleThreadEventExecutor.runAllTasks(SingleThreadEventExecutor.java:472)
	at io.netty.channel.nio.NioEventLoop.run(NioEventLoop.java:500)
	at io.netty.util.concurrent.SingleThreadEventExecutor$4.run(SingleThreadEventExecutor.java:989)
	at io.netty.util.internal.ThreadExecutorMap$2.run(ThreadExecutorMap.java:74)
	at io.netty.util.concurrent.FastThreadLocalRunnable.run(FastThreadLocalRunnable.java:30)
	at java.lang.Thread.run(Thread.java:745)
2021-11-08 11:19:47,046 [myid:127.0.0.1:27381] - INFO  [nioEventLoopGroup-20-1:ClientCnxnSocketNetty$ZKClientHandler@469] - channel is disconnected: [id: 0x029799e1, L:/127.0.0.1:12066 ! R:xmind.net/127.0.0.1:27381]
2021-11-08 11:19:47,046 [myid:127.0.0.1:27381] - INFO  [nioEventLoopGroup-20-1:ClientCnxnSocketNetty@249] - channel is told closing
2021-11-08 11:19:47,046 [myid:127.0.0.1:27381] - WARN  [main-SendThread(127.0.0.1:27381):ClientCnxn$SendThread@1290] - Session 0x0 for sever xmind.net/127.0.0.1:27381, Closing socket connection. Attempting reconnect except it is a SessionExpiredException.
EndOfStreamException: channel for sessionid 0x0 is lost
	at org.apache.zookeeper.ClientCnxnSocketNetty.doTransport(ClientCnxnSocketNetty.java:285)
	at org.apache.zookeeper.ClientCnxn$SendThread.run(ClientCnxn.java:1280)
2021-11-08 11:19:48,290 [myid:127.0.0.1:27381] - INFO  [main-SendThread(127.0.0.1:27381):ClientCnxn$SendThread@1171] - Opening socket connection to server xmind.net/127.0.0.1:27381.
2021-11-08 11:19:48,290 [myid:127.0.0.1:27381] - INFO  [main-SendThread(127.0.0.1:27381):ClientCnxn$SendThread@1173] - SASL config status: Will not attempt to authenticate using SASL (unknown error)
2021-11-08 11:19:48,291 [myid:127.0.0.1:27381] - INFO  [nioEventLoopGroup-20-1:ClientCnxnSocketNetty$ZKClientPipelineFactory@454] - SSL handler added for channel: [id: 0xcd3d085f]
2021-11-08 11:19:48,292 [myid:127.0.0.1:27381] - INFO  [nioEventLoopGroup-20-1:ClientCnxn$SendThread@1005] - Socket connection established, initiating session, client: /127.0.0.1:12094, server: xmind.net/127.0.0.1:27381
2021-11-08 11:19:48,292 [myid:127.0.0.1:27381] - INFO  [nioEventLoopGroup-20-1:ClientCnxnSocketNetty$1@184] - channel is connected: [id: 0xcd3d085f, L:/127.0.0.1:12094 - R:xmind.net/127.0.0.1:27381]
2021-11-08 11:19:48,293 [myid:0] - WARN  [nioEventLoopGroup-17-5:ChannelInitializer@97] - Failed to initialize a channel. Closing: [id: 0xfa9e7476, L:/127.0.0.1:27381 - R:/127.0.0.1:12094]
java.lang.IllegalArgumentException: Cannot support TLS_ECDHE_ECDSA_WITH_AES_256_CBC_SHA384 with currently installed providers
	at sun.security.ssl.CipherSuiteList.<init>(CipherSuiteList.java:92)
	at sun.security.ssl.SSLEngineImpl.setEnabledCipherSuites(SSLEngineImpl.java:2038)
	at io.netty.handler.ssl.JdkSslContext.configureAndWrapEngine(JdkSslContext.java:341)
	at io.netty.handler.ssl.JdkSslContext.newEngine(JdkSslContext.java:331)
	at io.netty.handler.ssl.SslContext.newHandler(SslContext.java:956)
	at io.netty.handler.ssl.SslContext.newHandler(SslContext.java:948)
	at org.apache.zookeeper.server.NettyServerCnxnFactory.initSSL(NettyServerCnxnFactory.java:575)
	at org.apache.zookeeper.server.NettyServerCnxnFactory.access$1300(NettyServerCnxnFactory.java:80)
	at org.apache.zookeeper.server.NettyServerCnxnFactory$1.initChannel(NettyServerCnxnFactory.java:540)
	at org.apache.zookeeper.server.NettyServerCnxnFactory$1.initChannel(NettyServerCnxnFactory.java:532)
	at io.netty.channel.ChannelInitializer.initChannel(ChannelInitializer.java:129)
	at io.netty.channel.ChannelInitializer.handlerAdded(ChannelInitializer.java:112)
	at io.netty.channel.AbstractChannelHandlerContext.callHandlerAdded(AbstractChannelHandlerContext.java:938)
	at io.netty.channel.DefaultChannelPipeline.callHandlerAdded0(DefaultChannelPipeline.java:609)
	at io.netty.channel.DefaultChannelPipeline.access$100(DefaultChannelPipeline.java:46)
	at io.netty.channel.DefaultChannelPipeline$PendingHandlerAddedTask.execute(DefaultChannelPipeline.java:1463)
	at io.netty.channel.DefaultChannelPipeline.callHandlerAddedForAllHandlers(DefaultChannelPipeline.java:1115)
	at io.netty.channel.DefaultChannelPipeline.invokeHandlerAddedIfNeeded(DefaultChannelPipeline.java:650)
	at io.netty.channel.AbstractChannel$AbstractUnsafe.register0(AbstractChannel.java:502)
	at io.netty.channel.AbstractChannel$AbstractUnsafe.access$200(AbstractChannel.java:417)
	at io.netty.channel.AbstractChannel$AbstractUnsafe$1.run(AbstractChannel.java:474)
	at io.netty.util.concurrent.AbstractEventExecutor.safeExecute(AbstractEventExecutor.java:164)
	at io.netty.util.concurrent.SingleThreadEventExecutor.runAllTasks(SingleThreadEventExecutor.java:472)
	at io.netty.channel.nio.NioEventLoop.run(NioEventLoop.java:500)
	at io.netty.util.concurrent.SingleThreadEventExecutor$4.run(SingleThreadEventExecutor.java:989)
	at io.netty.util.internal.ThreadExecutorMap$2.run(ThreadExecutorMap.java:74)
	at io.netty.util.concurrent.FastThreadLocalRunnable.run(FastThreadLocalRunnable.java:30)
	at java.lang.Thread.run(Thread.java:745)
2021-11-08 11:19:48,293 [myid:127.0.0.1:27381] - INFO  [nioEventLoopGroup-20-1:ClientCnxnSocketNetty$ZKClientHandler@469] - channel is disconnected: [id: 0xcd3d085f, L:/127.0.0.1:12094 ! R:xmind.net/127.0.0.1:27381]
2021-11-08 11:19:48,293 [myid:127.0.0.1:27381] - INFO  [nioEventLoopGroup-20-1:ClientCnxnSocketNetty@249] - channel is told closing
2021-11-08 11:19:48,293 [myid:127.0.0.1:27381] - WARN  [main-SendThread(127.0.0.1:27381):ClientCnxn$SendThread@1290] - Session 0x0 for sever xmind.net/127.0.0.1:27381, Closing socket connection. Attempting reconnect except it is a SessionExpiredException.
EndOfStreamException: channel for sessionid 0x0 is lost
	at org.apache.zookeeper.ClientCnxnSocketNetty.doTransport(ClientCnxnSocketNetty.java:285)
	at org.apache.zookeeper.ClientCnxn$SendThread.run(ClientCnxn.java:1280)
2021-11-08 11:19:49,565 [myid:127.0.0.1:27381] - INFO  [main-SendThread(127.0.0.1:27381):ClientCnxn$SendThread@1171] - Opening socket connection to server xmind.net/127.0.0.1:27381.
2021-11-08 11:19:49,565 [myid:127.0.0.1:27381] - INFO  [main-SendThread(127.0.0.1:27381):ClientCnxn$SendThread@1173] - SASL config status: Will not attempt to authenticate using SASL (unknown error)
2021-11-08 11:19:49,567 [myid:127.0.0.1:27381] - INFO  [nioEventLoopGroup-20-1:ClientCnxnSocketNetty$ZKClientPipelineFactory@454] - SSL handler added for channel: [id: 0x3795889d]
2021-11-08 11:19:49,567 [myid:127.0.0.1:27381] - INFO  [nioEventLoopGroup-20-1:ClientCnxn$SendThread@1005] - Socket connection established, initiating session, client: /127.0.0.1:12112, server: xmind.net/127.0.0.1:27381
2021-11-08 11:19:49,567 [myid:127.0.0.1:27381] - INFO  [nioEventLoopGroup-20-1:ClientCnxnSocketNetty$1@184] - channel is connected: [id: 0x3795889d, L:/127.0.0.1:12112 - R:xmind.net/127.0.0.1:27381]
2021-11-08 11:19:49,568 [myid:0] - WARN  [nioEventLoopGroup-17-6:ChannelInitializer@97] - Failed to initialize a channel. Closing: [id: 0x7fb5d0d0, L:/127.0.0.1:27381 - R:/127.0.0.1:12112]
java.lang.IllegalArgumentException: Cannot support TLS_ECDHE_ECDSA_WITH_AES_256_CBC_SHA384 with currently installed providers
	at sun.security.ssl.CipherSuiteList.<init>(CipherSuiteList.java:92)
	at sun.security.ssl.SSLEngineImpl.setEnabledCipherSuites(SSLEngineImpl.java:2038)
	at io.netty.handler.ssl.JdkSslContext.configureAndWrapEngine(JdkSslContext.java:341)
	at io.netty.handler.ssl.JdkSslContext.newEngine(JdkSslContext.java:331)
	at io.netty.handler.ssl.SslContext.newHandler(SslContext.java:956)
	at io.netty.handler.ssl.SslContext.newHandler(SslContext.java:948)
	at org.apache.zookeeper.server.NettyServerCnxnFactory.initSSL(NettyServerCnxnFactory.java:575)
	at org.apache.zookeeper.server.NettyServerCnxnFactory.access$1300(NettyServerCnxnFactory.java:80)
	at org.apache.zookeeper.server.NettyServerCnxnFactory$1.initChannel(NettyServerCnxnFactory.java:540)
	at org.apache.zookeeper.server.NettyServerCnxnFactory$1.initChannel(NettyServerCnxnFactory.java:532)
	at io.netty.channel.ChannelInitializer.initChannel(ChannelInitializer.java:129)
	at io.netty.channel.ChannelInitializer.handlerAdded(ChannelInitializer.java:112)
	at io.netty.channel.AbstractChannelHandlerContext.callHandlerAdded(AbstractChannelHandlerContext.java:938)
	at io.netty.channel.DefaultChannelPipeline.callHandlerAdded0(DefaultChannelPipeline.java:609)
	at io.netty.channel.DefaultChannelPipeline.access$100(DefaultChannelPipeline.java:46)
	at io.netty.channel.DefaultChannelPipeline$PendingHandlerAddedTask.execute(DefaultChannelPipeline.java:1463)
	at io.netty.channel.DefaultChannelPipeline.callHandlerAddedForAllHandlers(DefaultChannelPipeline.java:1115)
	at io.netty.channel.DefaultChannelPipeline.invokeHandlerAddedIfNeeded(DefaultChannelPipeline.java:650)
	at io.netty.channel.AbstractChannel$AbstractUnsafe.register0(AbstractChannel.java:502)
	at io.netty.channel.AbstractChannel$AbstractUnsafe.access$200(AbstractChannel.java:417)
	at io.netty.channel.AbstractChannel$AbstractUnsafe$1.run(AbstractChannel.java:474)
	at io.netty.util.concurrent.AbstractEventExecutor.safeExecute(AbstractEventExecutor.java:164)
	at io.netty.util.concurrent.SingleThreadEventExecutor.runAllTasks(SingleThreadEventExecutor.java:472)
	at io.netty.channel.nio.NioEventLoop.run(NioEventLoop.java:500)
	at io.netty.util.concurrent.SingleThreadEventExecutor$4.run(SingleThreadEventExecutor.java:989)
	at io.netty.util.internal.ThreadExecutorMap$2.run(ThreadExecutorMap.java:74)
	at io.netty.util.concurrent.FastThreadLocalRunnable.run(FastThreadLocalRunnable.java:30)
	at java.lang.Thread.run(Thread.java:745)
2021-11-08 11:19:49,568 [myid:127.0.0.1:27381] - INFO  [nioEventLoopGroup-20-1:ClientCnxnSocketNetty$ZKClientHandler@469] - channel is disconnected: [id: 0x3795889d, L:/127.0.0.1:12112 ! R:xmind.net/127.0.0.1:27381]
2021-11-08 11:19:49,568 [myid:127.0.0.1:27381] - INFO  [nioEventLoopGroup-20-1:ClientCnxnSocketNetty@249] - channel is told closing
2021-11-08 11:19:49,569 [myid:127.0.0.1:27381] - WARN  [main-SendThread(127.0.0.1:27381):ClientCnxn$SendThread@1290] - Session 0x0 for sever xmind.net/127.0.0.1:27381, Closing socket connection. Attempting reconnect except it is a SessionExpiredException.
EndOfStreamException: channel for sessionid 0x0 is lost
	at org.apache.zookeeper.ClientCnxnSocketNetty.doTransport(ClientCnxnSocketNetty.java:285)
	at org.apache.zookeeper.ClientCnxn$SendThread.run(ClientCnxn.java:1280)
2021-11-08 11:19:50,581 [myid:] - INFO  [main:QuorumPeerTestBase@64] - No servers to shutdown!
2021-11-08 11:19:50,582 [myid:] - INFO  [main:ZKTestCase@82] - FINISHED Optional[public void org.apache.zookeeper.test.ClientSSLTest.testClientServerSSL() throws java.lang.Exception]
]]></system-out>
  </testcase>
  <testcase name="testSecureStandaloneServer" classname="org.apache.zookeeper.test.ClientSSLTest" time="30.021">
    <failure message="ZooKeeper client can not connect to 127.0.0.1:27392" type="org.opentest4j.AssertionFailedError">org.opentest4j.AssertionFailedError: ZooKeeper client can not connect to 127.0.0.1:27392
	at org.apache.zookeeper.test.ClientBase.createZKClient(ClientBase.java:729)
	at org.apache.zookeeper.test.ClientBase.createZKClient(ClientBase.java:719)
	at org.apache.zookeeper.test.ClientBase.createZKClient(ClientBase.java:714)
	at org.apache.zookeeper.test.ClientSSLTest.testSecureStandaloneServer(ClientSSLTest.java:157)
</failure>
    <system-out><![CDATA[2021-11-08 11:19:50,591 [myid:] - INFO  [main:ZKTestCase@77] - STARTING Optional[public void org.apache.zookeeper.test.ClientSSLTest.testSecureStandaloneServer() throws java.lang.Exception]
2021-11-08 11:19:50,591 [myid:] - INFO  [main:PortAssignment@87] - Assigned port 27392 from range 27379 - 30071.
2021-11-08 11:19:50,596 [myid:] - INFO  [main:QuorumPeerTestBase$MainThread@205] - id = -1 tmpDir = D:\mysoft\faiscoGit\myStudy\ZooKeeperLearning\apache-zookeeper-3.7.0\zookeeper-server\target\surefire\test3305239625954943408.junit.dir clientPort = -1 adminServerPort = 8080
2021-11-08 11:19:50,598 [myid:] - INFO  [main:ZooKeeper@637] - Initiating client connection, connectString=127.0.0.1:27392 sessionTimeout=5000 watcher=org.apache.zookeeper.test.ClientBase$CountdownWatcher@6a192cfe
2021-11-08 11:19:50,607 [myid:] - INFO  [Thread-7:QuorumPeerConfig@174] - Reading configuration from: D:\mysoft\faiscoGit\myStudy\ZooKeeperLearning\apache-zookeeper-3.7.0\zookeeper-server\target\surefire\test3305239625954943408.junit.dir\zoo.cfg
2021-11-08 11:19:50,608 [myid:] - INFO  [Thread-7:QuorumPeerConfig@435] - clientPort is not set
2021-11-08 11:19:50,608 [myid:] - INFO  [main:ClientCnxnSocket@239] - jute.maxbuffer value is 1048575 Bytes
2021-11-08 11:19:50,609 [myid:] - INFO  [Thread-7:QuorumPeerConfig@457] - secureClientPortAddress is 0.0.0.0:27392
2021-11-08 11:19:50,609 [myid:] - INFO  [main:ClientCnxn@1726] - zookeeper.request.timeout value is 0. feature enabled=false
2021-11-08 11:19:50,609 [myid:] - INFO  [Thread-7:QuorumPeerConfig@464] - observerMasterPort is not set
2021-11-08 11:19:50,609 [myid:] - INFO  [Thread-7:QuorumPeerConfig@481] - metricsProvider.className is org.apache.zookeeper.metrics.impl.DefaultMetricsProvider
2021-11-08 11:19:50,610 [myid:-1] - INFO  [Thread-7:DatadirCleanupManager@78] - autopurge.snapRetainCount set to 3
2021-11-08 11:19:50,610 [myid:-1] - INFO  [Thread-7:DatadirCleanupManager@79] - autopurge.purgeInterval set to 0
2021-11-08 11:19:50,610 [myid:-1] - INFO  [Thread-7:DatadirCleanupManager@101] - Purge task is not scheduled.
2021-11-08 11:19:50,610 [myid:-1] - WARN  [Thread-7:QuorumPeerMain@139] - Either no config or no quorum defined in config, running in standalone mode
2021-11-08 11:19:50,610 [myid:127.0.0.1:27392] - INFO  [main-SendThread(127.0.0.1:27392):ClientCnxn$SendThread@1171] - Opening socket connection to server xmind.net/127.0.0.1:27392.
2021-11-08 11:19:50,610 [myid:127.0.0.1:27392] - INFO  [main-SendThread(127.0.0.1:27392):ClientCnxn$SendThread@1173] - SASL config status: Will not attempt to authenticate using SASL (unknown error)
2021-11-08 11:19:50,611 [myid:-1] - INFO  [Thread-7:ManagedUtil@44] - Log4j 1.2 jmx support found and enabled.
2021-11-08 11:19:50,611 [myid:-1] - ERROR [Thread-7:ManagedUtil@109] - Problems while registering log4j 1.2 jmx beans!
javax.management.InstanceAlreadyExistsException: log4j:hierarchy=default
	at com.sun.jmx.mbeanserver.Repository.addMBean(Repository.java:437)
	at com.sun.jmx.interceptor.DefaultMBeanServerInterceptor.registerWithRepository(DefaultMBeanServerInterceptor.java:1898)
	at com.sun.jmx.interceptor.DefaultMBeanServerInterceptor.registerDynamicMBean(DefaultMBeanServerInterceptor.java:966)
	at com.sun.jmx.interceptor.DefaultMBeanServerInterceptor.registerObject(DefaultMBeanServerInterceptor.java:900)
	at com.sun.jmx.interceptor.DefaultMBeanServerInterceptor.registerMBean(DefaultMBeanServerInterceptor.java:324)
	at com.sun.jmx.mbeanserver.JmxMBeanServer.registerMBean(JmxMBeanServer.java:522)
	at org.apache.zookeeper.jmx.ManagedUtil.registerLog4jMBeans(ManagedUtil.java:72)
	at org.apache.zookeeper.server.ZooKeeperServerMain.initializeAndRun(ZooKeeperServerMain.java:101)
	at org.apache.zookeeper.server.ZooKeeperServerMain.main(ZooKeeperServerMain.java:68)
	at org.apache.zookeeper.server.quorum.QuorumPeerMain.initializeAndRun(QuorumPeerMain.java:141)
	at org.apache.zookeeper.server.quorum.QuorumPeerTestBase$MainThread.run(QuorumPeerTestBase.java:329)
	at java.lang.Thread.run(Thread.java:745)
2021-11-08 11:19:50,611 [myid:-1] - WARN  [Thread-7:ZooKeeperServerMain@103] - Unable to register log4j JMX control
javax.management.JMException: javax.management.InstanceAlreadyExistsException: log4j:hierarchy=default
	at org.apache.zookeeper.jmx.ManagedUtil.registerLog4jMBeans(ManagedUtil.java:110)
	at org.apache.zookeeper.server.ZooKeeperServerMain.initializeAndRun(ZooKeeperServerMain.java:101)
	at org.apache.zookeeper.server.ZooKeeperServerMain.main(ZooKeeperServerMain.java:68)
	at org.apache.zookeeper.server.quorum.QuorumPeerMain.initializeAndRun(QuorumPeerMain.java:141)
	at org.apache.zookeeper.server.quorum.QuorumPeerTestBase$MainThread.run(QuorumPeerTestBase.java:329)
	at java.lang.Thread.run(Thread.java:745)
2021-11-08 11:19:50,612 [myid:-1] - INFO  [Thread-7:QuorumPeerConfig@174] - Reading configuration from: D:\mysoft\faiscoGit\myStudy\ZooKeeperLearning\apache-zookeeper-3.7.0\conf\zoo_sample.cfg
2021-11-08 11:19:50,612 [myid:-1] - WARN  [Thread-7:VerifyingFileFactory@65] - \tmp\zookeeper is relative. Prepend .\ to indicate that you're sure!
2021-11-08 11:19:50,612 [myid:-1] - INFO  [Thread-7:QuorumPeerConfig@444] - clientPortAddress is 0.0.0.0:2181
2021-11-08 11:19:50,612 [myid:-1] - INFO  [Thread-7:QuorumPeerConfig@448] - secureClientPort is not set
2021-11-08 11:19:50,612 [myid:-1] - INFO  [Thread-7:QuorumPeerConfig@464] - observerMasterPort is not set
2021-11-08 11:19:50,612 [myid:-1] - INFO  [Thread-7:QuorumPeerConfig@481] - metricsProvider.className is org.apache.zookeeper.metrics.impl.DefaultMetricsProvider
2021-11-08 11:19:50,612 [myid:127.0.0.1:27392] - INFO  [nioEventLoopGroup-21-1:ClientCnxnSocketNetty$ZKClientPipelineFactory@454] - SSL handler added for channel: [id: 0x32c3411e]
2021-11-08 11:19:50,613 [myid:-1] - INFO  [Thread-7:ZooKeeperServerMain@123] - Starting server
2021-11-08 11:19:50,613 [myid:-1] - INFO  [Thread-7:ServerMetrics@62] - ServerMetrics initialized with provider org.apache.zookeeper.metrics.impl.DefaultMetricsProvider@50b8330a
2021-11-08 11:19:50,613 [myid:-1] - INFO  [Thread-7:DigestAuthenticationProvider@61] - zookeeper.DigestAuthenticationProvider.enabled = true
2021-11-08 11:19:50,614 [myid:-1] - INFO  [Thread-7:FileTxnSnapLog@124] - zookeeper.snapshot.trust.empty : false
2021-11-08 11:19:50,614 [myid:-1] - INFO  [Thread-7:ZooKeeperServer@1300] - minSessionTimeout set to 4000
2021-11-08 11:19:50,615 [myid:-1] - INFO  [Thread-7:ZooKeeperServer@1309] - maxSessionTimeout set to 40000
2021-11-08 11:19:50,615 [myid:-1] - INFO  [Thread-7:ResponseCache@45] - getData response cache size is initialized with value 400.
2021-11-08 11:19:50,615 [myid:-1] - INFO  [Thread-7:ResponseCache@45] - getChildren response cache size is initialized with value 400.
2021-11-08 11:19:50,615 [myid:-1] - INFO  [Thread-7:RequestPathMetricsCollector@109] - zookeeper.pathStats.slotCapacity = 60
2021-11-08 11:19:50,615 [myid:-1] - INFO  [Thread-7:RequestPathMetricsCollector@110] - zookeeper.pathStats.slotDuration = 15
2021-11-08 11:19:50,615 [myid:-1] - INFO  [Thread-7:RequestPathMetricsCollector@111] - zookeeper.pathStats.maxDepth = 6
2021-11-08 11:19:50,615 [myid:-1] - INFO  [Thread-7:RequestPathMetricsCollector@112] - zookeeper.pathStats.initialDelay = 5
2021-11-08 11:19:50,615 [myid:-1] - INFO  [Thread-7:RequestPathMetricsCollector@113] - zookeeper.pathStats.delay = 5
2021-11-08 11:19:50,615 [myid:-1] - INFO  [Thread-7:RequestPathMetricsCollector@114] - zookeeper.pathStats.enabled = false
2021-11-08 11:19:50,615 [myid:-1] - INFO  [Thread-7:ZooKeeperServer@1536] - The max bytes for all large requests are set to 104857600
2021-11-08 11:19:50,615 [myid:-1] - INFO  [Thread-7:ZooKeeperServer@1550] - The large request threshold is set to -1
2021-11-08 11:19:50,615 [myid:-1] - INFO  [Thread-7:AuthenticationHelper@66] - zookeeper.enforce.auth.enabled = false
2021-11-08 11:19:50,615 [myid:-1] - INFO  [Thread-7:AuthenticationHelper@67] - zookeeper.enforce.auth.schemes = []
2021-11-08 11:19:50,615 [myid:-1] - INFO  [Thread-7:ZooKeeperServer@361] - Created server with tickTime 2000 minSessionTimeout 4000 maxSessionTimeout 40000 clientPortListenBacklog -1 datadir \tmp\zookeeper\version-2 snapdir \tmp\zookeeper\version-2
2021-11-08 11:19:50,615 [myid:-1] - INFO  [Thread-7:NettyServerCnxnFactory@507] - zookeeper.client.portUnification=true
2021-11-08 11:19:50,615 [myid:-1] - INFO  [Thread-7:NettyServerCnxnFactory@519] - zookeeper.netty.advancedFlowControl.enabled = false
2021-11-08 11:19:50,615 [myid:-1] - INFO  [Thread-7:NettyServerCnxnFactory@106] - handshakeThrottlingEnabled = false, zookeeper.netty.server.outstandingHandshake.limit = -1
2021-11-08 11:19:50,959 [myid:-1] - INFO  [Thread-7:ServerCnxnFactory@169] - Using org.apache.zookeeper.server.NettyServerCnxnFactory as server connection factory
2021-11-08 11:19:50,959 [myid:-1] - WARN  [Thread-7:ServerCnxnFactory@309] - maxCnxns is not configured, using default value 0.
2021-11-08 11:19:50,959 [myid:-1] - INFO  [Thread-7:NettyServerCnxnFactory@606] - configure org.apache.zookeeper.server.NettyServerCnxnFactory@646fe62e secure: false on addr 0.0.0.0/0.0.0.0:2181
2021-11-08 11:19:50,959 [myid:-1] - INFO  [Thread-7:NettyServerCnxnFactory@695] - binding to port 0.0.0.0/0.0.0.0:2181
2021-11-08 11:19:50,960 [myid:-1] - INFO  [Thread-7:NettyServerCnxnFactory@700] - bound to port 2181
2021-11-08 11:19:50,960 [myid:-1] - INFO  [Thread-7:WatchManagerFactory@42] - Using org.apache.zookeeper.server.watch.WatchManager as watch manager
2021-11-08 11:19:50,960 [myid:-1] - INFO  [Thread-7:WatchManagerFactory@42] - Using org.apache.zookeeper.server.watch.WatchManager as watch manager
2021-11-08 11:19:50,960 [myid:-1] - INFO  [Thread-7:ZKDatabase@133] - zookeeper.snapshotSizeFactor = 0.33
2021-11-08 11:19:50,960 [myid:-1] - INFO  [Thread-7:ZKDatabase@153] - zookeeper.commitLogCount=500
2021-11-08 11:19:50,961 [myid:-1] - INFO  [Thread-7:FileSnap@85] - Reading snapshot \tmp\zookeeper\version-2\snapshot.0
2021-11-08 11:19:50,962 [myid:-1] - INFO  [Thread-7:DataTree@1716] - The digest value is empty in snapshot
2021-11-08 11:19:50,963 [myid:-1] - INFO  [Thread-7:ZKDatabase@290] - Snapshot loaded in 2 ms, highest zxid is 0x0, digest is 1371985504
2021-11-08 11:19:50,963 [myid:-1] - INFO  [Thread-7:FileTxnSnapLog@479] - Snapshotting: 0x0 to \tmp\zookeeper\version-2\snapshot.0
2021-11-08 11:19:50,963 [myid:-1] - INFO  [Thread-7:ZooKeeperServer@543] - Snapshot taken in 1 ms
2021-11-08 11:19:50,964 [myid:-1] - INFO  [ProcessThread(sid:0 cport:2181)::PrepRequestProcessor@137] - PrepRequestProcessor (sid:0) started, reconfigEnabled=false
2021-11-08 11:19:50,965 [myid:-1] - INFO  [Thread-7:ContainerManager@84] - Using checkIntervalMs=60000 maxPerMinute=10000 maxNeverUsedIntervalMs=0
2021-11-08 11:19:51,556 [myid:127.0.0.1:27381] - INFO  [main-SendThread(127.0.0.1:27381):ClientCnxn$SendThread@1171] - Opening socket connection to server xmind.net/127.0.0.1:27381.
2021-11-08 11:19:51,556 [myid:127.0.0.1:27381] - INFO  [main-SendThread(127.0.0.1:27381):ClientCnxn$SendThread@1173] - SASL config status: Will not attempt to authenticate using SASL (unknown error)
2021-11-08 11:19:51,558 [myid:127.0.0.1:27381] - INFO  [nioEventLoopGroup-20-1:ClientCnxnSocketNetty$ZKClientPipelineFactory@454] - SSL handler added for channel: [id: 0xd4f96d7b]
2021-11-08 11:19:51,559 [myid:127.0.0.1:27381] - INFO  [nioEventLoopGroup-20-1:ClientCnxn$SendThread@1005] - Socket connection established, initiating session, client: /127.0.0.1:12188, server: xmind.net/127.0.0.1:27381
2021-11-08 11:19:51,559 [myid:127.0.0.1:27381] - INFO  [nioEventLoopGroup-20-1:ClientCnxnSocketNetty$1@184] - channel is connected: [id: 0xd4f96d7b, L:/127.0.0.1:12188 - R:xmind.net/127.0.0.1:27381]
2021-11-08 11:19:51,559 [myid:0] - WARN  [nioEventLoopGroup-17-7:ChannelInitializer@97] - Failed to initialize a channel. Closing: [id: 0xc76bafbd, L:/127.0.0.1:27381 - R:/127.0.0.1:12188]
java.lang.IllegalArgumentException: Cannot support TLS_ECDHE_ECDSA_WITH_AES_256_CBC_SHA384 with currently installed providers
	at sun.security.ssl.CipherSuiteList.<init>(CipherSuiteList.java:92)
	at sun.security.ssl.SSLEngineImpl.setEnabledCipherSuites(SSLEngineImpl.java:2038)
	at io.netty.handler.ssl.JdkSslContext.configureAndWrapEngine(JdkSslContext.java:341)
	at io.netty.handler.ssl.JdkSslContext.newEngine(JdkSslContext.java:331)
	at io.netty.handler.ssl.SslContext.newHandler(SslContext.java:956)
	at io.netty.handler.ssl.SslContext.newHandler(SslContext.java:948)
	at org.apache.zookeeper.server.NettyServerCnxnFactory.initSSL(NettyServerCnxnFactory.java:575)
	at org.apache.zookeeper.server.NettyServerCnxnFactory.access$1300(NettyServerCnxnFactory.java:80)
	at org.apache.zookeeper.server.NettyServerCnxnFactory$1.initChannel(NettyServerCnxnFactory.java:540)
	at org.apache.zookeeper.server.NettyServerCnxnFactory$1.initChannel(NettyServerCnxnFactory.java:532)
	at io.netty.channel.ChannelInitializer.initChannel(ChannelInitializer.java:129)
	at io.netty.channel.ChannelInitializer.handlerAdded(ChannelInitializer.java:112)
	at io.netty.channel.AbstractChannelHandlerContext.callHandlerAdded(AbstractChannelHandlerContext.java:938)
	at io.netty.channel.DefaultChannelPipeline.callHandlerAdded0(DefaultChannelPipeline.java:609)
	at io.netty.channel.DefaultChannelPipeline.access$100(DefaultChannelPipeline.java:46)
	at io.netty.channel.DefaultChannelPipeline$PendingHandlerAddedTask.execute(DefaultChannelPipeline.java:1463)
	at io.netty.channel.DefaultChannelPipeline.callHandlerAddedForAllHandlers(DefaultChannelPipeline.java:1115)
	at io.netty.channel.DefaultChannelPipeline.invokeHandlerAddedIfNeeded(DefaultChannelPipeline.java:650)
	at io.netty.channel.AbstractChannel$AbstractUnsafe.register0(AbstractChannel.java:502)
	at io.netty.channel.AbstractChannel$AbstractUnsafe.access$200(AbstractChannel.java:417)
	at io.netty.channel.AbstractChannel$AbstractUnsafe$1.run(AbstractChannel.java:474)
	at io.netty.util.concurrent.AbstractEventExecutor.safeExecute(AbstractEventExecutor.java:164)
	at io.netty.util.concurrent.SingleThreadEventExecutor.runAllTasks(SingleThreadEventExecutor.java:472)
	at io.netty.channel.nio.NioEventLoop.run(NioEventLoop.java:500)
	at io.netty.util.concurrent.SingleThreadEventExecutor$4.run(SingleThreadEventExecutor.java:989)
	at io.netty.util.internal.ThreadExecutorMap$2.run(ThreadExecutorMap.java:74)
	at io.netty.util.concurrent.FastThreadLocalRunnable.run(FastThreadLocalRunnable.java:30)
	at java.lang.Thread.run(Thread.java:745)
2021-11-08 11:19:51,560 [myid:127.0.0.1:27381] - INFO  [nioEventLoopGroup-20-1:ClientCnxnSocketNetty$ZKClientHandler@469] - channel is disconnected: [id: 0xd4f96d7b, L:/127.0.0.1:12188 ! R:xmind.net/127.0.0.1:27381]
2021-11-08 11:19:51,560 [myid:127.0.0.1:27381] - INFO  [nioEventLoopGroup-20-1:ClientCnxnSocketNetty@249] - channel is told closing
2021-11-08 11:19:51,560 [myid:127.0.0.1:27381] - WARN  [main-SendThread(127.0.0.1:27381):ClientCnxn$SendThread@1290] - Session 0x0 for sever xmind.net/127.0.0.1:27381, Closing socket connection. Attempting reconnect except it is a SessionExpiredException.
EndOfStreamException: channel for sessionid 0x0 is lost
	at org.apache.zookeeper.ClientCnxnSocketNetty.doTransport(ClientCnxnSocketNetty.java:285)
	at org.apache.zookeeper.ClientCnxn$SendThread.run(ClientCnxn.java:1280)
2021-11-08 11:19:52,640 [myid:127.0.0.1:27392] - WARN  [nioEventLoopGroup-21-1:ClientCnxnSocketNetty$1@150] - future isn't success.
io.netty.channel.AbstractChannel$AnnotatedConnectException: Connection refused: no further information: xmind.net/127.0.0.1:27392
Caused by: java.net.ConnectException: Connection refused: no further information
	at sun.nio.ch.SocketChannelImpl.checkConnect(Native Method)
	at sun.nio.ch.SocketChannelImpl.finishConnect(SocketChannelImpl.java:716)
	at io.netty.channel.socket.nio.NioSocketChannel.doFinishConnect(NioSocketChannel.java:330)
	at io.netty.channel.nio.AbstractNioChannel$AbstractNioUnsafe.finishConnect(AbstractNioChannel.java:334)
	at io.netty.channel.nio.NioEventLoop.processSelectedKey(NioEventLoop.java:707)
	at io.netty.channel.nio.NioEventLoop.processSelectedKeysOptimized(NioEventLoop.java:655)
	at io.netty.channel.nio.NioEventLoop.processSelectedKeys(NioEventLoop.java:581)
	at io.netty.channel.nio.NioEventLoop.run(NioEventLoop.java:493)
	at io.netty.util.concurrent.SingleThreadEventExecutor$4.run(SingleThreadEventExecutor.java:989)
	at io.netty.util.internal.ThreadExecutorMap$2.run(ThreadExecutorMap.java:74)
	at io.netty.util.concurrent.FastThreadLocalRunnable.run(FastThreadLocalRunnable.java:30)
	at java.lang.Thread.run(Thread.java:745)
2021-11-08 11:19:53,432 [myid:127.0.0.1:27381] - INFO  [main-SendThread(127.0.0.1:27381):ClientCnxn$SendThread@1171] - Opening socket connection to server xmind.net/127.0.0.1:27381.
2021-11-08 11:19:53,432 [myid:127.0.0.1:27381] - INFO  [main-SendThread(127.0.0.1:27381):ClientCnxn$SendThread@1173] - SASL config status: Will not attempt to authenticate using SASL (unknown error)
2021-11-08 11:19:53,433 [myid:127.0.0.1:27381] - INFO  [nioEventLoopGroup-20-1:ClientCnxnSocketNetty$ZKClientPipelineFactory@454] - SSL handler added for channel: [id: 0x22728b66]
2021-11-08 11:19:53,434 [myid:127.0.0.1:27381] - INFO  [nioEventLoopGroup-20-1:ClientCnxn$SendThread@1005] - Socket connection established, initiating session, client: /127.0.0.1:12216, server: xmind.net/127.0.0.1:27381
2021-11-08 11:19:53,434 [myid:127.0.0.1:27381] - INFO  [nioEventLoopGroup-20-1:ClientCnxnSocketNetty$1@184] - channel is connected: [id: 0x22728b66, L:/127.0.0.1:12216 - R:xmind.net/127.0.0.1:27381]
2021-11-08 11:19:53,435 [myid:0] - WARN  [nioEventLoopGroup-17-8:ChannelInitializer@97] - Failed to initialize a channel. Closing: [id: 0xa1742870, L:/127.0.0.1:27381 - R:/127.0.0.1:12216]
java.lang.IllegalArgumentException: Cannot support TLS_ECDHE_ECDSA_WITH_AES_256_CBC_SHA384 with currently installed providers
	at sun.security.ssl.CipherSuiteList.<init>(CipherSuiteList.java:92)
	at sun.security.ssl.SSLEngineImpl.setEnabledCipherSuites(SSLEngineImpl.java:2038)
	at io.netty.handler.ssl.JdkSslContext.configureAndWrapEngine(JdkSslContext.java:341)
	at io.netty.handler.ssl.JdkSslContext.newEngine(JdkSslContext.java:331)
	at io.netty.handler.ssl.SslContext.newHandler(SslContext.java:956)
	at io.netty.handler.ssl.SslContext.newHandler(SslContext.java:948)
	at org.apache.zookeeper.server.NettyServerCnxnFactory.initSSL(NettyServerCnxnFactory.java:575)
	at org.apache.zookeeper.server.NettyServerCnxnFactory.access$1300(NettyServerCnxnFactory.java:80)
	at org.apache.zookeeper.server.NettyServerCnxnFactory$1.initChannel(NettyServerCnxnFactory.java:540)
	at org.apache.zookeeper.server.NettyServerCnxnFactory$1.initChannel(NettyServerCnxnFactory.java:532)
	at io.netty.channel.ChannelInitializer.initChannel(ChannelInitializer.java:129)
	at io.netty.channel.ChannelInitializer.handlerAdded(ChannelInitializer.java:112)
	at io.netty.channel.AbstractChannelHandlerContext.callHandlerAdded(AbstractChannelHandlerContext.java:938)
	at io.netty.channel.DefaultChannelPipeline.callHandlerAdded0(DefaultChannelPipeline.java:609)
	at io.netty.channel.DefaultChannelPipeline.access$100(DefaultChannelPipeline.java:46)
	at io.netty.channel.DefaultChannelPipeline$PendingHandlerAddedTask.execute(DefaultChannelPipeline.java:1463)
	at io.netty.channel.DefaultChannelPipeline.callHandlerAddedForAllHandlers(DefaultChannelPipeline.java:1115)
	at io.netty.channel.DefaultChannelPipeline.invokeHandlerAddedIfNeeded(DefaultChannelPipeline.java:650)
	at io.netty.channel.AbstractChannel$AbstractUnsafe.register0(AbstractChannel.java:502)
	at io.netty.channel.AbstractChannel$AbstractUnsafe.access$200(AbstractChannel.java:417)
	at io.netty.channel.AbstractChannel$AbstractUnsafe$1.run(AbstractChannel.java:474)
	at io.netty.util.concurrent.AbstractEventExecutor.safeExecute(AbstractEventExecutor.java:164)
	at io.netty.util.concurrent.SingleThreadEventExecutor.runAllTasks(SingleThreadEventExecutor.java:472)
	at io.netty.channel.nio.NioEventLoop.run(NioEventLoop.java:500)
	at io.netty.util.concurrent.SingleThreadEventExecutor$4.run(SingleThreadEventExecutor.java:989)
	at io.netty.util.internal.ThreadExecutorMap$2.run(ThreadExecutorMap.java:74)
	at io.netty.util.concurrent.FastThreadLocalRunnable.run(FastThreadLocalRunnable.java:30)
	at java.lang.Thread.run(Thread.java:745)
2021-11-08 11:19:53,436 [myid:127.0.0.1:27381] - INFO  [nioEventLoopGroup-20-1:ClientCnxnSocketNetty$ZKClientHandler@469] - channel is disconnected: [id: 0x22728b66, L:/127.0.0.1:12216 ! R:xmind.net/127.0.0.1:27381]
2021-11-08 11:19:53,436 [myid:127.0.0.1:27381] - INFO  [nioEventLoopGroup-20-1:ClientCnxnSocketNetty@249] - channel is told closing
2021-11-08 11:19:53,436 [myid:127.0.0.1:27381] - WARN  [main-SendThread(127.0.0.1:27381):ClientCnxn$SendThread@1290] - Session 0x0 for sever xmind.net/127.0.0.1:27381, Closing socket connection. Attempting reconnect except it is a SessionExpiredException.
EndOfStreamException: channel for sessionid 0x0 is lost
	at org.apache.zookeeper.ClientCnxnSocketNetty.doTransport(ClientCnxnSocketNetty.java:285)
	at org.apache.zookeeper.ClientCnxn$SendThread.run(ClientCnxn.java:1280)
2021-11-08 11:19:53,642 [myid:127.0.0.1:27392] - INFO  [main-SendThread(127.0.0.1:27392):ClientCnxn$SendThread@1171] - Opening socket connection to server xmind.net/127.0.0.1:27392.
2021-11-08 11:19:53,642 [myid:127.0.0.1:27392] - INFO  [main-SendThread(127.0.0.1:27392):ClientCnxn$SendThread@1173] - SASL config status: Will not attempt to authenticate using SASL (unknown error)
2021-11-08 11:19:53,643 [myid:127.0.0.1:27392] - INFO  [nioEventLoopGroup-21-1:ClientCnxnSocketNetty$ZKClientPipelineFactory@454] - SSL handler added for channel: [id: 0x70ccf606]
2021-11-08 11:19:55,153 [myid:127.0.0.1:27381] - INFO  [main-SendThread(127.0.0.1:27381):ClientCnxn$SendThread@1171] - Opening socket connection to server xmind.net/127.0.0.1:27381.
2021-11-08 11:19:55,153 [myid:127.0.0.1:27381] - INFO  [main-SendThread(127.0.0.1:27381):ClientCnxn$SendThread@1173] - SASL config status: Will not attempt to authenticate using SASL (unknown error)
2021-11-08 11:19:55,154 [myid:127.0.0.1:27381] - INFO  [nioEventLoopGroup-20-1:ClientCnxnSocketNetty$ZKClientPipelineFactory@454] - SSL handler added for channel: [id: 0x7b4814ae]
2021-11-08 11:19:55,155 [myid:127.0.0.1:27381] - INFO  [nioEventLoopGroup-20-1:ClientCnxn$SendThread@1005] - Socket connection established, initiating session, client: /127.0.0.1:12256, server: xmind.net/127.0.0.1:27381
2021-11-08 11:19:55,155 [myid:127.0.0.1:27381] - INFO  [nioEventLoopGroup-20-1:ClientCnxnSocketNetty$1@184] - channel is connected: [id: 0x7b4814ae, L:/127.0.0.1:12256 - R:xmind.net/127.0.0.1:27381]
2021-11-08 11:19:55,156 [myid:0] - WARN  [nioEventLoopGroup-17-9:ChannelInitializer@97] - Failed to initialize a channel. Closing: [id: 0x9858bd02, L:/127.0.0.1:27381 - R:/127.0.0.1:12256]
java.lang.IllegalArgumentException: Cannot support TLS_ECDHE_ECDSA_WITH_AES_256_CBC_SHA384 with currently installed providers
	at sun.security.ssl.CipherSuiteList.<init>(CipherSuiteList.java:92)
	at sun.security.ssl.SSLEngineImpl.setEnabledCipherSuites(SSLEngineImpl.java:2038)
	at io.netty.handler.ssl.JdkSslContext.configureAndWrapEngine(JdkSslContext.java:341)
	at io.netty.handler.ssl.JdkSslContext.newEngine(JdkSslContext.java:331)
	at io.netty.handler.ssl.SslContext.newHandler(SslContext.java:956)
	at io.netty.handler.ssl.SslContext.newHandler(SslContext.java:948)
	at org.apache.zookeeper.server.NettyServerCnxnFactory.initSSL(NettyServerCnxnFactory.java:575)
	at org.apache.zookeeper.server.NettyServerCnxnFactory.access$1300(NettyServerCnxnFactory.java:80)
	at org.apache.zookeeper.server.NettyServerCnxnFactory$1.initChannel(NettyServerCnxnFactory.java:540)
	at org.apache.zookeeper.server.NettyServerCnxnFactory$1.initChannel(NettyServerCnxnFactory.java:532)
	at io.netty.channel.ChannelInitializer.initChannel(ChannelInitializer.java:129)
	at io.netty.channel.ChannelInitializer.handlerAdded(ChannelInitializer.java:112)
	at io.netty.channel.AbstractChannelHandlerContext.callHandlerAdded(AbstractChannelHandlerContext.java:938)
	at io.netty.channel.DefaultChannelPipeline.callHandlerAdded0(DefaultChannelPipeline.java:609)
	at io.netty.channel.DefaultChannelPipeline.access$100(DefaultChannelPipeline.java:46)
	at io.netty.channel.DefaultChannelPipeline$PendingHandlerAddedTask.execute(DefaultChannelPipeline.java:1463)
	at io.netty.channel.DefaultChannelPipeline.callHandlerAddedForAllHandlers(DefaultChannelPipeline.java:1115)
	at io.netty.channel.DefaultChannelPipeline.invokeHandlerAddedIfNeeded(DefaultChannelPipeline.java:650)
	at io.netty.channel.AbstractChannel$AbstractUnsafe.register0(AbstractChannel.java:502)
	at io.netty.channel.AbstractChannel$AbstractUnsafe.access$200(AbstractChannel.java:417)
	at io.netty.channel.AbstractChannel$AbstractUnsafe$1.run(AbstractChannel.java:474)
	at io.netty.util.concurrent.AbstractEventExecutor.safeExecute(AbstractEventExecutor.java:164)
	at io.netty.util.concurrent.SingleThreadEventExecutor.runAllTasks(SingleThreadEventExecutor.java:472)
	at io.netty.channel.nio.NioEventLoop.run(NioEventLoop.java:500)
	at io.netty.util.concurrent.SingleThreadEventExecutor$4.run(SingleThreadEventExecutor.java:989)
	at io.netty.util.internal.ThreadExecutorMap$2.run(ThreadExecutorMap.java:74)
	at io.netty.util.concurrent.FastThreadLocalRunnable.run(FastThreadLocalRunnable.java:30)
	at java.lang.Thread.run(Thread.java:745)
2021-11-08 11:19:55,156 [myid:127.0.0.1:27381] - INFO  [nioEventLoopGroup-20-1:ClientCnxnSocketNetty$ZKClientHandler@469] - channel is disconnected: [id: 0x7b4814ae, L:/127.0.0.1:12256 ! R:xmind.net/127.0.0.1:27381]
2021-11-08 11:19:55,156 [myid:127.0.0.1:27381] - INFO  [nioEventLoopGroup-20-1:ClientCnxnSocketNetty@249] - channel is told closing
2021-11-08 11:19:55,156 [myid:127.0.0.1:27381] - WARN  [main-SendThread(127.0.0.1:27381):ClientCnxn$SendThread@1290] - Session 0x0 for sever xmind.net/127.0.0.1:27381, Closing socket connection. Attempting reconnect except it is a SessionExpiredException.
EndOfStreamException: channel for sessionid 0x0 is lost
	at org.apache.zookeeper.ClientCnxnSocketNetty.doTransport(ClientCnxnSocketNetty.java:285)
	at org.apache.zookeeper.ClientCnxn$SendThread.run(ClientCnxn.java:1280)
2021-11-08 11:19:55,653 [myid:127.0.0.1:27392] - WARN  [nioEventLoopGroup-21-1:ClientCnxnSocketNetty$1@150] - future isn't success.
io.netty.channel.AbstractChannel$AnnotatedConnectException: Connection refused: no further information: xmind.net/127.0.0.1:27392
Caused by: java.net.ConnectException: Connection refused: no further information
	at sun.nio.ch.SocketChannelImpl.checkConnect(Native Method)
	at sun.nio.ch.SocketChannelImpl.finishConnect(SocketChannelImpl.java:716)
	at io.netty.channel.socket.nio.NioSocketChannel.doFinishConnect(NioSocketChannel.java:330)
	at io.netty.channel.nio.AbstractNioChannel$AbstractNioUnsafe.finishConnect(AbstractNioChannel.java:334)
	at io.netty.channel.nio.NioEventLoop.processSelectedKey(NioEventLoop.java:707)
	at io.netty.channel.nio.NioEventLoop.processSelectedKeysOptimized(NioEventLoop.java:655)
	at io.netty.channel.nio.NioEventLoop.processSelectedKeys(NioEventLoop.java:581)
	at io.netty.channel.nio.NioEventLoop.run(NioEventLoop.java:493)
	at io.netty.util.concurrent.SingleThreadEventExecutor$4.run(SingleThreadEventExecutor.java:989)
	at io.netty.util.internal.ThreadExecutorMap$2.run(ThreadExecutorMap.java:74)
	at io.netty.util.concurrent.FastThreadLocalRunnable.run(FastThreadLocalRunnable.java:30)
	at java.lang.Thread.run(Thread.java:745)
2021-11-08 11:19:56,306 [myid:127.0.0.1:27381] - INFO  [main-SendThread(127.0.0.1:27381):ClientCnxn$SendThread@1171] - Opening socket connection to server xmind.net/127.0.0.1:27381.
2021-11-08 11:19:56,306 [myid:127.0.0.1:27381] - INFO  [main-SendThread(127.0.0.1:27381):ClientCnxn$SendThread@1173] - SASL config status: Will not attempt to authenticate using SASL (unknown error)
2021-11-08 11:19:56,311 [myid:127.0.0.1:27381] - INFO  [nioEventLoopGroup-20-1:ClientCnxnSocketNetty$ZKClientPipelineFactory@454] - SSL handler added for channel: [id: 0x19abfce0]
2021-11-08 11:19:56,312 [myid:127.0.0.1:27381] - INFO  [nioEventLoopGroup-20-1:ClientCnxn$SendThread@1005] - Socket connection established, initiating session, client: /127.0.0.1:12272, server: xmind.net/127.0.0.1:27381
2021-11-08 11:19:56,313 [myid:127.0.0.1:27381] - INFO  [nioEventLoopGroup-20-1:ClientCnxnSocketNetty$1@184] - channel is connected: [id: 0x19abfce0, L:/127.0.0.1:12272 - R:xmind.net/127.0.0.1:27381]
2021-11-08 11:19:56,315 [myid:0] - WARN  [nioEventLoopGroup-17-10:ChannelInitializer@97] - Failed to initialize a channel. Closing: [id: 0x69016211, L:/127.0.0.1:27381 - R:/127.0.0.1:12272]
java.lang.IllegalArgumentException: Cannot support TLS_ECDHE_ECDSA_WITH_AES_256_CBC_SHA384 with currently installed providers
	at sun.security.ssl.CipherSuiteList.<init>(CipherSuiteList.java:92)
	at sun.security.ssl.SSLEngineImpl.setEnabledCipherSuites(SSLEngineImpl.java:2038)
	at io.netty.handler.ssl.JdkSslContext.configureAndWrapEngine(JdkSslContext.java:341)
	at io.netty.handler.ssl.JdkSslContext.newEngine(JdkSslContext.java:331)
	at io.netty.handler.ssl.SslContext.newHandler(SslContext.java:956)
	at io.netty.handler.ssl.SslContext.newHandler(SslContext.java:948)
	at org.apache.zookeeper.server.NettyServerCnxnFactory.initSSL(NettyServerCnxnFactory.java:575)
	at org.apache.zookeeper.server.NettyServerCnxnFactory.access$1300(NettyServerCnxnFactory.java:80)
	at org.apache.zookeeper.server.NettyServerCnxnFactory$1.initChannel(NettyServerCnxnFactory.java:540)
	at org.apache.zookeeper.server.NettyServerCnxnFactory$1.initChannel(NettyServerCnxnFactory.java:532)
	at io.netty.channel.ChannelInitializer.initChannel(ChannelInitializer.java:129)
	at io.netty.channel.ChannelInitializer.handlerAdded(ChannelInitializer.java:112)
	at io.netty.channel.AbstractChannelHandlerContext.callHandlerAdded(AbstractChannelHandlerContext.java:938)
	at io.netty.channel.DefaultChannelPipeline.callHandlerAdded0(DefaultChannelPipeline.java:609)
	at io.netty.channel.DefaultChannelPipeline.access$100(DefaultChannelPipeline.java:46)
	at io.netty.channel.DefaultChannelPipeline$PendingHandlerAddedTask.execute(DefaultChannelPipeline.java:1463)
	at io.netty.channel.DefaultChannelPipeline.callHandlerAddedForAllHandlers(DefaultChannelPipeline.java:1115)
	at io.netty.channel.DefaultChannelPipeline.invokeHandlerAddedIfNeeded(DefaultChannelPipeline.java:650)
	at io.netty.channel.AbstractChannel$AbstractUnsafe.register0(AbstractChannel.java:502)
	at io.netty.channel.AbstractChannel$AbstractUnsafe.access$200(AbstractChannel.java:417)
	at io.netty.channel.AbstractChannel$AbstractUnsafe$1.run(AbstractChannel.java:474)
	at io.netty.util.concurrent.AbstractEventExecutor.safeExecute(AbstractEventExecutor.java:164)
	at io.netty.util.concurrent.SingleThreadEventExecutor.runAllTasks(SingleThreadEventExecutor.java:472)
	at io.netty.channel.nio.NioEventLoop.run(NioEventLoop.java:500)
	at io.netty.util.concurrent.SingleThreadEventExecutor$4.run(SingleThreadEventExecutor.java:989)
	at io.netty.util.internal.ThreadExecutorMap$2.run(ThreadExecutorMap.java:74)
	at io.netty.util.concurrent.FastThreadLocalRunnable.run(FastThreadLocalRunnable.java:30)
	at java.lang.Thread.run(Thread.java:745)
2021-11-08 11:19:56,316 [myid:127.0.0.1:27381] - INFO  [nioEventLoopGroup-20-1:ClientCnxnSocketNetty$ZKClientHandler@469] - channel is disconnected: [id: 0x19abfce0, L:/127.0.0.1:12272 ! R:xmind.net/127.0.0.1:27381]
2021-11-08 11:19:56,317 [myid:127.0.0.1:27381] - INFO  [nioEventLoopGroup-20-1:ClientCnxnSocketNetty@249] - channel is told closing
2021-11-08 11:19:56,317 [myid:127.0.0.1:27381] - WARN  [main-SendThread(127.0.0.1:27381):ClientCnxn$SendThread@1290] - Session 0x0 for sever xmind.net/127.0.0.1:27381, Closing socket connection. Attempting reconnect except it is a SessionExpiredException.
EndOfStreamException: channel for sessionid 0x0 is lost
	at org.apache.zookeeper.ClientCnxnSocketNetty.doTransport(ClientCnxnSocketNetty.java:285)
	at org.apache.zookeeper.ClientCnxn$SendThread.run(ClientCnxn.java:1280)
2021-11-08 11:19:56,653 [myid:127.0.0.1:27392] - INFO  [main-SendThread(127.0.0.1:27392):ClientCnxn$SendThread@1171] - Opening socket connection to server xmind.net/127.0.0.1:27392.
2021-11-08 11:19:56,653 [myid:127.0.0.1:27392] - INFO  [main-SendThread(127.0.0.1:27392):ClientCnxn$SendThread@1173] - SASL config status: Will not attempt to authenticate using SASL (unknown error)
2021-11-08 11:19:56,654 [myid:127.0.0.1:27392] - INFO  [nioEventLoopGroup-21-1:ClientCnxnSocketNetty$ZKClientPipelineFactory@454] - SSL handler added for channel: [id: 0x2cde6864]
2021-11-08 11:19:58,010 [myid:127.0.0.1:27381] - INFO  [main-SendThread(127.0.0.1:27381):ClientCnxn$SendThread@1171] - Opening socket connection to server xmind.net/127.0.0.1:27381.
2021-11-08 11:19:58,010 [myid:127.0.0.1:27381] - INFO  [main-SendThread(127.0.0.1:27381):ClientCnxn$SendThread@1173] - SASL config status: Will not attempt to authenticate using SASL (unknown error)
2021-11-08 11:19:58,012 [myid:127.0.0.1:27381] - INFO  [nioEventLoopGroup-20-1:ClientCnxnSocketNetty$ZKClientPipelineFactory@454] - SSL handler added for channel: [id: 0x03087421]
2021-11-08 11:19:58,012 [myid:127.0.0.1:27381] - INFO  [nioEventLoopGroup-20-1:ClientCnxn$SendThread@1005] - Socket connection established, initiating session, client: /127.0.0.1:4314, server: xmind.net/127.0.0.1:27381
2021-11-08 11:19:58,013 [myid:127.0.0.1:27381] - INFO  [nioEventLoopGroup-20-1:ClientCnxnSocketNetty$1@184] - channel is connected: [id: 0x03087421, L:/127.0.0.1:4314 - R:xmind.net/127.0.0.1:27381]
2021-11-08 11:19:58,013 [myid:0] - WARN  [nioEventLoopGroup-17-11:ChannelInitializer@97] - Failed to initialize a channel. Closing: [id: 0x9e0c5f5d, L:/127.0.0.1:27381 - R:/127.0.0.1:4314]
java.lang.IllegalArgumentException: Cannot support TLS_ECDHE_ECDSA_WITH_AES_256_CBC_SHA384 with currently installed providers
	at sun.security.ssl.CipherSuiteList.<init>(CipherSuiteList.java:92)
	at sun.security.ssl.SSLEngineImpl.setEnabledCipherSuites(SSLEngineImpl.java:2038)
	at io.netty.handler.ssl.JdkSslContext.configureAndWrapEngine(JdkSslContext.java:341)
	at io.netty.handler.ssl.JdkSslContext.newEngine(JdkSslContext.java:331)
	at io.netty.handler.ssl.SslContext.newHandler(SslContext.java:956)
	at io.netty.handler.ssl.SslContext.newHandler(SslContext.java:948)
	at org.apache.zookeeper.server.NettyServerCnxnFactory.initSSL(NettyServerCnxnFactory.java:575)
	at org.apache.zookeeper.server.NettyServerCnxnFactory.access$1300(NettyServerCnxnFactory.java:80)
	at org.apache.zookeeper.server.NettyServerCnxnFactory$1.initChannel(NettyServerCnxnFactory.java:540)
	at org.apache.zookeeper.server.NettyServerCnxnFactory$1.initChannel(NettyServerCnxnFactory.java:532)
	at io.netty.channel.ChannelInitializer.initChannel(ChannelInitializer.java:129)
	at io.netty.channel.ChannelInitializer.handlerAdded(ChannelInitializer.java:112)
	at io.netty.channel.AbstractChannelHandlerContext.callHandlerAdded(AbstractChannelHandlerContext.java:938)
	at io.netty.channel.DefaultChannelPipeline.callHandlerAdded0(DefaultChannelPipeline.java:609)
	at io.netty.channel.DefaultChannelPipeline.access$100(DefaultChannelPipeline.java:46)
	at io.netty.channel.DefaultChannelPipeline$PendingHandlerAddedTask.execute(DefaultChannelPipeline.java:1463)
	at io.netty.channel.DefaultChannelPipeline.callHandlerAddedForAllHandlers(DefaultChannelPipeline.java:1115)
	at io.netty.channel.DefaultChannelPipeline.invokeHandlerAddedIfNeeded(DefaultChannelPipeline.java:650)
	at io.netty.channel.AbstractChannel$AbstractUnsafe.register0(AbstractChannel.java:502)
	at io.netty.channel.AbstractChannel$AbstractUnsafe.access$200(AbstractChannel.java:417)
	at io.netty.channel.AbstractChannel$AbstractUnsafe$1.run(AbstractChannel.java:474)
	at io.netty.util.concurrent.AbstractEventExecutor.safeExecute(AbstractEventExecutor.java:164)
	at io.netty.util.concurrent.SingleThreadEventExecutor.runAllTasks(SingleThreadEventExecutor.java:472)
	at io.netty.channel.nio.NioEventLoop.run(NioEventLoop.java:500)
	at io.netty.util.concurrent.SingleThreadEventExecutor$4.run(SingleThreadEventExecutor.java:989)
	at io.netty.util.internal.ThreadExecutorMap$2.run(ThreadExecutorMap.java:74)
	at io.netty.util.concurrent.FastThreadLocalRunnable.run(FastThreadLocalRunnable.java:30)
	at java.lang.Thread.run(Thread.java:745)
2021-11-08 11:19:58,013 [myid:127.0.0.1:27381] - INFO  [nioEventLoopGroup-20-1:ClientCnxnSocketNetty$ZKClientHandler@469] - channel is disconnected: [id: 0x03087421, L:/127.0.0.1:4314 ! R:xmind.net/127.0.0.1:27381]
2021-11-08 11:19:58,014 [myid:127.0.0.1:27381] - INFO  [nioEventLoopGroup-20-1:ClientCnxnSocketNetty@249] - channel is told closing
2021-11-08 11:19:58,019 [myid:127.0.0.1:27381] - WARN  [main-SendThread(127.0.0.1:27381):ClientCnxn$SendThread@1290] - Session 0x0 for sever xmind.net/127.0.0.1:27381, Closing socket connection. Attempting reconnect except it is a SessionExpiredException.
EndOfStreamException: channel for sessionid 0x0 is lost
	at org.apache.zookeeper.ClientCnxnSocketNetty.doTransport(ClientCnxnSocketNetty.java:285)
	at org.apache.zookeeper.ClientCnxn$SendThread.run(ClientCnxn.java:1280)
2021-11-08 11:19:58,666 [myid:127.0.0.1:27392] - WARN  [nioEventLoopGroup-21-1:ClientCnxnSocketNetty$1@150] - future isn't success.
io.netty.channel.AbstractChannel$AnnotatedConnectException: Connection refused: no further information: xmind.net/127.0.0.1:27392
Caused by: java.net.ConnectException: Connection refused: no further information
	at sun.nio.ch.SocketChannelImpl.checkConnect(Native Method)
	at sun.nio.ch.SocketChannelImpl.finishConnect(SocketChannelImpl.java:716)
	at io.netty.channel.socket.nio.NioSocketChannel.doFinishConnect(NioSocketChannel.java:330)
	at io.netty.channel.nio.AbstractNioChannel$AbstractNioUnsafe.finishConnect(AbstractNioChannel.java:334)
	at io.netty.channel.nio.NioEventLoop.processSelectedKey(NioEventLoop.java:707)
	at io.netty.channel.nio.NioEventLoop.processSelectedKeysOptimized(NioEventLoop.java:655)
	at io.netty.channel.nio.NioEventLoop.processSelectedKeys(NioEventLoop.java:581)
	at io.netty.channel.nio.NioEventLoop.run(NioEventLoop.java:493)
	at io.netty.util.concurrent.SingleThreadEventExecutor$4.run(SingleThreadEventExecutor.java:989)
	at io.netty.util.internal.ThreadExecutorMap$2.run(ThreadExecutorMap.java:74)
	at io.netty.util.concurrent.FastThreadLocalRunnable.run(FastThreadLocalRunnable.java:30)
	at java.lang.Thread.run(Thread.java:745)
2021-11-08 11:19:59,085 [myid:127.0.0.1:27381] - INFO  [main-SendThread(127.0.0.1:27381):ClientCnxn$SendThread@1171] - Opening socket connection to server xmind.net/127.0.0.1:27381.
2021-11-08 11:19:59,085 [myid:127.0.0.1:27381] - INFO  [main-SendThread(127.0.0.1:27381):ClientCnxn$SendThread@1173] - SASL config status: Will not attempt to authenticate using SASL (unknown error)
2021-11-08 11:19:59,086 [myid:127.0.0.1:27381] - INFO  [nioEventLoopGroup-20-1:ClientCnxnSocketNetty$ZKClientPipelineFactory@454] - SSL handler added for channel: [id: 0xac85b864]
2021-11-08 11:19:59,087 [myid:127.0.0.1:27381] - INFO  [nioEventLoopGroup-20-1:ClientCnxn$SendThread@1005] - Socket connection established, initiating session, client: /127.0.0.1:4338, server: xmind.net/127.0.0.1:27381
2021-11-08 11:19:59,087 [myid:127.0.0.1:27381] - INFO  [nioEventLoopGroup-20-1:ClientCnxnSocketNetty$1@184] - channel is connected: [id: 0xac85b864, L:/127.0.0.1:4338 - R:xmind.net/127.0.0.1:27381]
2021-11-08 11:19:59,088 [myid:0] - WARN  [nioEventLoopGroup-17-12:ChannelInitializer@97] - Failed to initialize a channel. Closing: [id: 0xa293b81e, L:/127.0.0.1:27381 - R:/127.0.0.1:4338]
java.lang.IllegalArgumentException: Cannot support TLS_ECDHE_ECDSA_WITH_AES_256_CBC_SHA384 with currently installed providers
	at sun.security.ssl.CipherSuiteList.<init>(CipherSuiteList.java:92)
	at sun.security.ssl.SSLEngineImpl.setEnabledCipherSuites(SSLEngineImpl.java:2038)
	at io.netty.handler.ssl.JdkSslContext.configureAndWrapEngine(JdkSslContext.java:341)
	at io.netty.handler.ssl.JdkSslContext.newEngine(JdkSslContext.java:331)
	at io.netty.handler.ssl.SslContext.newHandler(SslContext.java:956)
	at io.netty.handler.ssl.SslContext.newHandler(SslContext.java:948)
	at org.apache.zookeeper.server.NettyServerCnxnFactory.initSSL(NettyServerCnxnFactory.java:575)
	at org.apache.zookeeper.server.NettyServerCnxnFactory.access$1300(NettyServerCnxnFactory.java:80)
	at org.apache.zookeeper.server.NettyServerCnxnFactory$1.initChannel(NettyServerCnxnFactory.java:540)
	at org.apache.zookeeper.server.NettyServerCnxnFactory$1.initChannel(NettyServerCnxnFactory.java:532)
	at io.netty.channel.ChannelInitializer.initChannel(ChannelInitializer.java:129)
	at io.netty.channel.ChannelInitializer.handlerAdded(ChannelInitializer.java:112)
	at io.netty.channel.AbstractChannelHandlerContext.callHandlerAdded(AbstractChannelHandlerContext.java:938)
	at io.netty.channel.DefaultChannelPipeline.callHandlerAdded0(DefaultChannelPipeline.java:609)
	at io.netty.channel.DefaultChannelPipeline.access$100(DefaultChannelPipeline.java:46)
	at io.netty.channel.DefaultChannelPipeline$PendingHandlerAddedTask.execute(DefaultChannelPipeline.java:1463)
	at io.netty.channel.DefaultChannelPipeline.callHandlerAddedForAllHandlers(DefaultChannelPipeline.java:1115)
	at io.netty.channel.DefaultChannelPipeline.invokeHandlerAddedIfNeeded(DefaultChannelPipeline.java:650)
	at io.netty.channel.AbstractChannel$AbstractUnsafe.register0(AbstractChannel.java:502)
	at io.netty.channel.AbstractChannel$AbstractUnsafe.access$200(AbstractChannel.java:417)
	at io.netty.channel.AbstractChannel$AbstractUnsafe$1.run(AbstractChannel.java:474)
	at io.netty.util.concurrent.AbstractEventExecutor.safeExecute(AbstractEventExecutor.java:164)
	at io.netty.util.concurrent.SingleThreadEventExecutor.runAllTasks(SingleThreadEventExecutor.java:472)
	at io.netty.channel.nio.NioEventLoop.run(NioEventLoop.java:500)
	at io.netty.util.concurrent.SingleThreadEventExecutor$4.run(SingleThreadEventExecutor.java:989)
	at io.netty.util.internal.ThreadExecutorMap$2.run(ThreadExecutorMap.java:74)
	at io.netty.util.concurrent.FastThreadLocalRunnable.run(FastThreadLocalRunnable.java:30)
	at java.lang.Thread.run(Thread.java:745)
2021-11-08 11:19:59,088 [myid:127.0.0.1:27381] - INFO  [nioEventLoopGroup-20-1:ClientCnxnSocketNetty$ZKClientHandler@469] - channel is disconnected: [id: 0xac85b864, L:/127.0.0.1:4338 ! R:xmind.net/127.0.0.1:27381]
2021-11-08 11:19:59,088 [myid:127.0.0.1:27381] - INFO  [nioEventLoopGroup-20-1:ClientCnxnSocketNetty@249] - channel is told closing
2021-11-08 11:19:59,088 [myid:127.0.0.1:27381] - WARN  [main-SendThread(127.0.0.1:27381):ClientCnxn$SendThread@1290] - Session 0x0 for sever xmind.net/127.0.0.1:27381, Closing socket connection. Attempting reconnect except it is a SessionExpiredException.
EndOfStreamException: channel for sessionid 0x0 is lost
	at org.apache.zookeeper.ClientCnxnSocketNetty.doTransport(ClientCnxnSocketNetty.java:285)
	at org.apache.zookeeper.ClientCnxn$SendThread.run(ClientCnxn.java:1280)
2021-11-08 11:19:59,668 [myid:127.0.0.1:27392] - INFO  [main-SendThread(127.0.0.1:27392):ClientCnxn$SendThread@1171] - Opening socket connection to server xmind.net/127.0.0.1:27392.
2021-11-08 11:19:59,668 [myid:127.0.0.1:27392] - INFO  [main-SendThread(127.0.0.1:27392):ClientCnxn$SendThread@1173] - SASL config status: Will not attempt to authenticate using SASL (unknown error)
2021-11-08 11:19:59,669 [myid:127.0.0.1:27392] - INFO  [nioEventLoopGroup-21-1:ClientCnxnSocketNetty$ZKClientPipelineFactory@454] - SSL handler added for channel: [id: 0x6cf66da8]
2021-11-08 11:20:00,929 [myid:127.0.0.1:27381] - INFO  [main-SendThread(127.0.0.1:27381):ClientCnxn$SendThread@1171] - Opening socket connection to server xmind.net/127.0.0.1:27381.
2021-11-08 11:20:00,929 [myid:127.0.0.1:27381] - INFO  [main-SendThread(127.0.0.1:27381):ClientCnxn$SendThread@1173] - SASL config status: Will not attempt to authenticate using SASL (unknown error)
2021-11-08 11:20:00,933 [myid:127.0.0.1:27381] - INFO  [nioEventLoopGroup-20-1:ClientCnxnSocketNetty$ZKClientPipelineFactory@454] - SSL handler added for channel: [id: 0x4cfea0e8]
2021-11-08 11:20:00,935 [myid:127.0.0.1:27381] - INFO  [nioEventLoopGroup-20-1:ClientCnxn$SendThread@1005] - Socket connection established, initiating session, client: /127.0.0.1:4378, server: xmind.net/127.0.0.1:27381
2021-11-08 11:20:00,936 [myid:127.0.0.1:27381] - INFO  [nioEventLoopGroup-20-1:ClientCnxnSocketNetty$1@184] - channel is connected: [id: 0x4cfea0e8, L:/127.0.0.1:4378 - R:xmind.net/127.0.0.1:27381]
2021-11-08 11:20:00,938 [myid:0] - WARN  [nioEventLoopGroup-17-1:ChannelInitializer@97] - Failed to initialize a channel. Closing: [id: 0x59deff87, L:/127.0.0.1:27381 - R:/127.0.0.1:4378]
java.lang.IllegalArgumentException: Cannot support TLS_ECDHE_ECDSA_WITH_AES_256_CBC_SHA384 with currently installed providers
	at sun.security.ssl.CipherSuiteList.<init>(CipherSuiteList.java:92)
	at sun.security.ssl.SSLEngineImpl.setEnabledCipherSuites(SSLEngineImpl.java:2038)
	at io.netty.handler.ssl.JdkSslContext.configureAndWrapEngine(JdkSslContext.java:341)
	at io.netty.handler.ssl.JdkSslContext.newEngine(JdkSslContext.java:331)
	at io.netty.handler.ssl.SslContext.newHandler(SslContext.java:956)
	at io.netty.handler.ssl.SslContext.newHandler(SslContext.java:948)
	at org.apache.zookeeper.server.NettyServerCnxnFactory.initSSL(NettyServerCnxnFactory.java:575)
	at org.apache.zookeeper.server.NettyServerCnxnFactory.access$1300(NettyServerCnxnFactory.java:80)
	at org.apache.zookeeper.server.NettyServerCnxnFactory$1.initChannel(NettyServerCnxnFactory.java:540)
	at org.apache.zookeeper.server.NettyServerCnxnFactory$1.initChannel(NettyServerCnxnFactory.java:532)
	at io.netty.channel.ChannelInitializer.initChannel(ChannelInitializer.java:129)
	at io.netty.channel.ChannelInitializer.handlerAdded(ChannelInitializer.java:112)
	at io.netty.channel.AbstractChannelHandlerContext.callHandlerAdded(AbstractChannelHandlerContext.java:938)
	at io.netty.channel.DefaultChannelPipeline.callHandlerAdded0(DefaultChannelPipeline.java:609)
	at io.netty.channel.DefaultChannelPipeline.access$100(DefaultChannelPipeline.java:46)
	at io.netty.channel.DefaultChannelPipeline$PendingHandlerAddedTask.execute(DefaultChannelPipeline.java:1463)
	at io.netty.channel.DefaultChannelPipeline.callHandlerAddedForAllHandlers(DefaultChannelPipeline.java:1115)
	at io.netty.channel.DefaultChannelPipeline.invokeHandlerAddedIfNeeded(DefaultChannelPipeline.java:650)
	at io.netty.channel.AbstractChannel$AbstractUnsafe.register0(AbstractChannel.java:502)
	at io.netty.channel.AbstractChannel$AbstractUnsafe.access$200(AbstractChannel.java:417)
	at io.netty.channel.AbstractChannel$AbstractUnsafe$1.run(AbstractChannel.java:474)
	at io.netty.util.concurrent.AbstractEventExecutor.safeExecute(AbstractEventExecutor.java:164)
	at io.netty.util.concurrent.SingleThreadEventExecutor.runAllTasks(SingleThreadEventExecutor.java:472)
	at io.netty.channel.nio.NioEventLoop.run(NioEventLoop.java:500)
	at io.netty.util.concurrent.SingleThreadEventExecutor$4.run(SingleThreadEventExecutor.java:989)
	at io.netty.util.internal.ThreadExecutorMap$2.run(ThreadExecutorMap.java:74)
	at io.netty.util.concurrent.FastThreadLocalRunnable.run(FastThreadLocalRunnable.java:30)
	at java.lang.Thread.run(Thread.java:745)
2021-11-08 11:20:00,939 [myid:127.0.0.1:27381] - INFO  [nioEventLoopGroup-20-1:ClientCnxnSocketNetty$ZKClientHandler@469] - channel is disconnected: [id: 0x4cfea0e8, L:/127.0.0.1:4378 ! R:xmind.net/127.0.0.1:27381]
2021-11-08 11:20:00,940 [myid:127.0.0.1:27381] - INFO  [nioEventLoopGroup-20-1:ClientCnxnSocketNetty@249] - channel is told closing
2021-11-08 11:20:00,941 [myid:127.0.0.1:27381] - WARN  [main-SendThread(127.0.0.1:27381):ClientCnxn$SendThread@1290] - Session 0x0 for sever xmind.net/127.0.0.1:27381, Closing socket connection. Attempting reconnect except it is a SessionExpiredException.
EndOfStreamException: channel for sessionid 0x0 is lost
	at org.apache.zookeeper.ClientCnxnSocketNetty.doTransport(ClientCnxnSocketNetty.java:285)
	at org.apache.zookeeper.ClientCnxn$SendThread.run(ClientCnxn.java:1280)
2021-11-08 11:20:01,702 [myid:127.0.0.1:27392] - WARN  [nioEventLoopGroup-21-1:ClientCnxnSocketNetty$1@150] - future isn't success.
io.netty.channel.AbstractChannel$AnnotatedConnectException: Connection refused: no further information: xmind.net/127.0.0.1:27392
Caused by: java.net.ConnectException: Connection refused: no further information
	at sun.nio.ch.SocketChannelImpl.checkConnect(Native Method)
	at sun.nio.ch.SocketChannelImpl.finishConnect(SocketChannelImpl.java:716)
	at io.netty.channel.socket.nio.NioSocketChannel.doFinishConnect(NioSocketChannel.java:330)
	at io.netty.channel.nio.AbstractNioChannel$AbstractNioUnsafe.finishConnect(AbstractNioChannel.java:334)
	at io.netty.channel.nio.NioEventLoop.processSelectedKey(NioEventLoop.java:707)
	at io.netty.channel.nio.NioEventLoop.processSelectedKeysOptimized(NioEventLoop.java:655)
	at io.netty.channel.nio.NioEventLoop.processSelectedKeys(NioEventLoop.java:581)
	at io.netty.channel.nio.NioEventLoop.run(NioEventLoop.java:493)
	at io.netty.util.concurrent.SingleThreadEventExecutor$4.run(SingleThreadEventExecutor.java:989)
	at io.netty.util.internal.ThreadExecutorMap$2.run(ThreadExecutorMap.java:74)
	at io.netty.util.concurrent.FastThreadLocalRunnable.run(FastThreadLocalRunnable.java:30)
	at java.lang.Thread.run(Thread.java:745)
2021-11-08 11:20:02,703 [myid:127.0.0.1:27392] - INFO  [main-SendThread(127.0.0.1:27392):ClientCnxn$SendThread@1171] - Opening socket connection to server xmind.net/127.0.0.1:27392.
2021-11-08 11:20:02,703 [myid:127.0.0.1:27392] - INFO  [main-SendThread(127.0.0.1:27392):ClientCnxn$SendThread@1173] - SASL config status: Will not attempt to authenticate using SASL (unknown error)
2021-11-08 11:20:02,704 [myid:127.0.0.1:27392] - INFO  [nioEventLoopGroup-21-1:ClientCnxnSocketNetty$ZKClientPipelineFactory@454] - SSL handler added for channel: [id: 0xd212c901]
2021-11-08 11:20:02,902 [myid:127.0.0.1:27381] - INFO  [main-SendThread(127.0.0.1:27381):ClientCnxn$SendThread@1171] - Opening socket connection to server xmind.net/127.0.0.1:27381.
2021-11-08 11:20:02,902 [myid:127.0.0.1:27381] - INFO  [main-SendThread(127.0.0.1:27381):ClientCnxn$SendThread@1173] - SASL config status: Will not attempt to authenticate using SASL (unknown error)
2021-11-08 11:20:02,904 [myid:127.0.0.1:27381] - INFO  [nioEventLoopGroup-20-1:ClientCnxnSocketNetty$ZKClientPipelineFactory@454] - SSL handler added for channel: [id: 0x788b6254]
2021-11-08 11:20:02,904 [myid:127.0.0.1:27381] - INFO  [nioEventLoopGroup-20-1:ClientCnxn$SendThread@1005] - Socket connection established, initiating session, client: /127.0.0.1:4412, server: xmind.net/127.0.0.1:27381
2021-11-08 11:20:02,904 [myid:127.0.0.1:27381] - INFO  [nioEventLoopGroup-20-1:ClientCnxnSocketNetty$1@184] - channel is connected: [id: 0x788b6254, L:/127.0.0.1:4412 - R:xmind.net/127.0.0.1:27381]
2021-11-08 11:20:02,905 [myid:0] - WARN  [nioEventLoopGroup-17-2:ChannelInitializer@97] - Failed to initialize a channel. Closing: [id: 0xe4cc283f, L:/127.0.0.1:27381 - R:/127.0.0.1:4412]
java.lang.IllegalArgumentException: Cannot support TLS_ECDHE_ECDSA_WITH_AES_256_CBC_SHA384 with currently installed providers
	at sun.security.ssl.CipherSuiteList.<init>(CipherSuiteList.java:92)
	at sun.security.ssl.SSLEngineImpl.setEnabledCipherSuites(SSLEngineImpl.java:2038)
	at io.netty.handler.ssl.JdkSslContext.configureAndWrapEngine(JdkSslContext.java:341)
	at io.netty.handler.ssl.JdkSslContext.newEngine(JdkSslContext.java:331)
	at io.netty.handler.ssl.SslContext.newHandler(SslContext.java:956)
	at io.netty.handler.ssl.SslContext.newHandler(SslContext.java:948)
	at org.apache.zookeeper.server.NettyServerCnxnFactory.initSSL(NettyServerCnxnFactory.java:575)
	at org.apache.zookeeper.server.NettyServerCnxnFactory.access$1300(NettyServerCnxnFactory.java:80)
	at org.apache.zookeeper.server.NettyServerCnxnFactory$1.initChannel(NettyServerCnxnFactory.java:540)
	at org.apache.zookeeper.server.NettyServerCnxnFactory$1.initChannel(NettyServerCnxnFactory.java:532)
	at io.netty.channel.ChannelInitializer.initChannel(ChannelInitializer.java:129)
	at io.netty.channel.ChannelInitializer.handlerAdded(ChannelInitializer.java:112)
	at io.netty.channel.AbstractChannelHandlerContext.callHandlerAdded(AbstractChannelHandlerContext.java:938)
	at io.netty.channel.DefaultChannelPipeline.callHandlerAdded0(DefaultChannelPipeline.java:609)
	at io.netty.channel.DefaultChannelPipeline.access$100(DefaultChannelPipeline.java:46)
	at io.netty.channel.DefaultChannelPipeline$PendingHandlerAddedTask.execute(DefaultChannelPipeline.java:1463)
	at io.netty.channel.DefaultChannelPipeline.callHandlerAddedForAllHandlers(DefaultChannelPipeline.java:1115)
	at io.netty.channel.DefaultChannelPipeline.invokeHandlerAddedIfNeeded(DefaultChannelPipeline.java:650)
	at io.netty.channel.AbstractChannel$AbstractUnsafe.register0(AbstractChannel.java:502)
	at io.netty.channel.AbstractChannel$AbstractUnsafe.access$200(AbstractChannel.java:417)
	at io.netty.channel.AbstractChannel$AbstractUnsafe$1.run(AbstractChannel.java:474)
	at io.netty.util.concurrent.AbstractEventExecutor.safeExecute(AbstractEventExecutor.java:164)
	at io.netty.util.concurrent.SingleThreadEventExecutor.runAllTasks(SingleThreadEventExecutor.java:472)
	at io.netty.channel.nio.NioEventLoop.run(NioEventLoop.java:500)
	at io.netty.util.concurrent.SingleThreadEventExecutor$4.run(SingleThreadEventExecutor.java:989)
	at io.netty.util.internal.ThreadExecutorMap$2.run(ThreadExecutorMap.java:74)
	at io.netty.util.concurrent.FastThreadLocalRunnable.run(FastThreadLocalRunnable.java:30)
	at java.lang.Thread.run(Thread.java:745)
2021-11-08 11:20:02,905 [myid:127.0.0.1:27381] - INFO  [nioEventLoopGroup-20-1:ClientCnxnSocketNetty$ZKClientHandler@469] - channel is disconnected: [id: 0x788b6254, L:/127.0.0.1:4412 ! R:xmind.net/127.0.0.1:27381]
2021-11-08 11:20:02,905 [myid:127.0.0.1:27381] - INFO  [nioEventLoopGroup-20-1:ClientCnxnSocketNetty@249] - channel is told closing
2021-11-08 11:20:02,906 [myid:127.0.0.1:27381] - WARN  [main-SendThread(127.0.0.1:27381):ClientCnxn$SendThread@1290] - Session 0x0 for sever xmind.net/127.0.0.1:27381, Closing socket connection. Attempting reconnect except it is a SessionExpiredException.
EndOfStreamException: channel for sessionid 0x0 is lost
	at org.apache.zookeeper.ClientCnxnSocketNetty.doTransport(ClientCnxnSocketNetty.java:285)
	at org.apache.zookeeper.ClientCnxn$SendThread.run(ClientCnxn.java:1280)
2021-11-08 11:20:04,028 [myid:127.0.0.1:27381] - INFO  [main-SendThread(127.0.0.1:27381):ClientCnxn$SendThread@1171] - Opening socket connection to server xmind.net/127.0.0.1:27381.
2021-11-08 11:20:04,028 [myid:127.0.0.1:27381] - INFO  [main-SendThread(127.0.0.1:27381):ClientCnxn$SendThread@1173] - SASL config status: Will not attempt to authenticate using SASL (unknown error)
2021-11-08 11:20:04,030 [myid:127.0.0.1:27381] - INFO  [nioEventLoopGroup-20-1:ClientCnxnSocketNetty$ZKClientPipelineFactory@454] - SSL handler added for channel: [id: 0x37792cea]
2021-11-08 11:20:04,030 [myid:127.0.0.1:27381] - INFO  [nioEventLoopGroup-20-1:ClientCnxn$SendThread@1005] - Socket connection established, initiating session, client: /127.0.0.1:4438, server: xmind.net/127.0.0.1:27381
2021-11-08 11:20:04,030 [myid:127.0.0.1:27381] - INFO  [nioEventLoopGroup-20-1:ClientCnxnSocketNetty$1@184] - channel is connected: [id: 0x37792cea, L:/127.0.0.1:4438 - R:xmind.net/127.0.0.1:27381]
2021-11-08 11:20:04,031 [myid:0] - WARN  [nioEventLoopGroup-17-3:ChannelInitializer@97] - Failed to initialize a channel. Closing: [id: 0xe3cb5129, L:/127.0.0.1:27381 - R:/127.0.0.1:4438]
java.lang.IllegalArgumentException: Cannot support TLS_ECDHE_ECDSA_WITH_AES_256_CBC_SHA384 with currently installed providers
	at sun.security.ssl.CipherSuiteList.<init>(CipherSuiteList.java:92)
	at sun.security.ssl.SSLEngineImpl.setEnabledCipherSuites(SSLEngineImpl.java:2038)
	at io.netty.handler.ssl.JdkSslContext.configureAndWrapEngine(JdkSslContext.java:341)
	at io.netty.handler.ssl.JdkSslContext.newEngine(JdkSslContext.java:331)
	at io.netty.handler.ssl.SslContext.newHandler(SslContext.java:956)
	at io.netty.handler.ssl.SslContext.newHandler(SslContext.java:948)
	at org.apache.zookeeper.server.NettyServerCnxnFactory.initSSL(NettyServerCnxnFactory.java:575)
	at org.apache.zookeeper.server.NettyServerCnxnFactory.access$1300(NettyServerCnxnFactory.java:80)
	at org.apache.zookeeper.server.NettyServerCnxnFactory$1.initChannel(NettyServerCnxnFactory.java:540)
	at org.apache.zookeeper.server.NettyServerCnxnFactory$1.initChannel(NettyServerCnxnFactory.java:532)
	at io.netty.channel.ChannelInitializer.initChannel(ChannelInitializer.java:129)
	at io.netty.channel.ChannelInitializer.handlerAdded(ChannelInitializer.java:112)
	at io.netty.channel.AbstractChannelHandlerContext.callHandlerAdded(AbstractChannelHandlerContext.java:938)
	at io.netty.channel.DefaultChannelPipeline.callHandlerAdded0(DefaultChannelPipeline.java:609)
	at io.netty.channel.DefaultChannelPipeline.access$100(DefaultChannelPipeline.java:46)
	at io.netty.channel.DefaultChannelPipeline$PendingHandlerAddedTask.execute(DefaultChannelPipeline.java:1463)
	at io.netty.channel.DefaultChannelPipeline.callHandlerAddedForAllHandlers(DefaultChannelPipeline.java:1115)
	at io.netty.channel.DefaultChannelPipeline.invokeHandlerAddedIfNeeded(DefaultChannelPipeline.java:650)
	at io.netty.channel.AbstractChannel$AbstractUnsafe.register0(AbstractChannel.java:502)
	at io.netty.channel.AbstractChannel$AbstractUnsafe.access$200(AbstractChannel.java:417)
	at io.netty.channel.AbstractChannel$AbstractUnsafe$1.run(AbstractChannel.java:474)
	at io.netty.util.concurrent.AbstractEventExecutor.safeExecute(AbstractEventExecutor.java:164)
	at io.netty.util.concurrent.SingleThreadEventExecutor.runAllTasks(SingleThreadEventExecutor.java:472)
	at io.netty.channel.nio.NioEventLoop.run(NioEventLoop.java:500)
	at io.netty.util.concurrent.SingleThreadEventExecutor$4.run(SingleThreadEventExecutor.java:989)
	at io.netty.util.internal.ThreadExecutorMap$2.run(ThreadExecutorMap.java:74)
	at io.netty.util.concurrent.FastThreadLocalRunnable.run(FastThreadLocalRunnable.java:30)
	at java.lang.Thread.run(Thread.java:745)
2021-11-08 11:20:04,031 [myid:127.0.0.1:27381] - INFO  [nioEventLoopGroup-20-1:ClientCnxnSocketNetty$ZKClientHandler@469] - channel is disconnected: [id: 0x37792cea, L:/127.0.0.1:4438 ! R:xmind.net/127.0.0.1:27381]
2021-11-08 11:20:04,032 [myid:127.0.0.1:27381] - INFO  [nioEventLoopGroup-20-1:ClientCnxnSocketNetty@249] - channel is told closing
2021-11-08 11:20:04,032 [myid:127.0.0.1:27381] - WARN  [main-SendThread(127.0.0.1:27381):ClientCnxn$SendThread@1290] - Session 0x0 for sever xmind.net/127.0.0.1:27381, Closing socket connection. Attempting reconnect except it is a SessionExpiredException.
EndOfStreamException: channel for sessionid 0x0 is lost
	at org.apache.zookeeper.ClientCnxnSocketNetty.doTransport(ClientCnxnSocketNetty.java:285)
	at org.apache.zookeeper.ClientCnxn$SendThread.run(ClientCnxn.java:1280)
2021-11-08 11:20:04,734 [myid:127.0.0.1:27392] - WARN  [nioEventLoopGroup-21-1:ClientCnxnSocketNetty$1@150] - future isn't success.
io.netty.channel.AbstractChannel$AnnotatedConnectException: Connection refused: no further information: xmind.net/127.0.0.1:27392
Caused by: java.net.ConnectException: Connection refused: no further information
	at sun.nio.ch.SocketChannelImpl.checkConnect(Native Method)
	at sun.nio.ch.SocketChannelImpl.finishConnect(SocketChannelImpl.java:716)
	at io.netty.channel.socket.nio.NioSocketChannel.doFinishConnect(NioSocketChannel.java:330)
	at io.netty.channel.nio.AbstractNioChannel$AbstractNioUnsafe.finishConnect(AbstractNioChannel.java:334)
	at io.netty.channel.nio.NioEventLoop.processSelectedKey(NioEventLoop.java:707)
	at io.netty.channel.nio.NioEventLoop.processSelectedKeysOptimized(NioEventLoop.java:655)
	at io.netty.channel.nio.NioEventLoop.processSelectedKeys(NioEventLoop.java:581)
	at io.netty.channel.nio.NioEventLoop.run(NioEventLoop.java:493)
	at io.netty.util.concurrent.SingleThreadEventExecutor$4.run(SingleThreadEventExecutor.java:989)
	at io.netty.util.internal.ThreadExecutorMap$2.run(ThreadExecutorMap.java:74)
	at io.netty.util.concurrent.FastThreadLocalRunnable.run(FastThreadLocalRunnable.java:30)
	at java.lang.Thread.run(Thread.java:745)
2021-11-08 11:20:05,735 [myid:127.0.0.1:27392] - INFO  [main-SendThread(127.0.0.1:27392):ClientCnxn$SendThread@1171] - Opening socket connection to server xmind.net/127.0.0.1:27392.
2021-11-08 11:20:05,735 [myid:127.0.0.1:27392] - INFO  [main-SendThread(127.0.0.1:27392):ClientCnxn$SendThread@1173] - SASL config status: Will not attempt to authenticate using SASL (unknown error)
2021-11-08 11:20:05,737 [myid:127.0.0.1:27392] - INFO  [nioEventLoopGroup-21-1:ClientCnxnSocketNetty$ZKClientPipelineFactory@454] - SSL handler added for channel: [id: 0xf24c64c4]
2021-11-08 11:20:05,807 [myid:127.0.0.1:27381] - INFO  [main-SendThread(127.0.0.1:27381):ClientCnxn$SendThread@1171] - Opening socket connection to server xmind.net/127.0.0.1:27381.
2021-11-08 11:20:05,807 [myid:127.0.0.1:27381] - INFO  [main-SendThread(127.0.0.1:27381):ClientCnxn$SendThread@1173] - SASL config status: Will not attempt to authenticate using SASL (unknown error)
2021-11-08 11:20:05,809 [myid:127.0.0.1:27381] - INFO  [nioEventLoopGroup-20-1:ClientCnxnSocketNetty$ZKClientPipelineFactory@454] - SSL handler added for channel: [id: 0x014dbd7b]
2021-11-08 11:20:05,809 [myid:127.0.0.1:27381] - INFO  [nioEventLoopGroup-20-1:ClientCnxn$SendThread@1005] - Socket connection established, initiating session, client: /127.0.0.1:4471, server: xmind.net/127.0.0.1:27381
2021-11-08 11:20:05,809 [myid:127.0.0.1:27381] - INFO  [nioEventLoopGroup-20-1:ClientCnxnSocketNetty$1@184] - channel is connected: [id: 0x014dbd7b, L:/127.0.0.1:4471 - R:xmind.net/127.0.0.1:27381]
2021-11-08 11:20:05,810 [myid:0] - WARN  [nioEventLoopGroup-17-4:ChannelInitializer@97] - Failed to initialize a channel. Closing: [id: 0x4068463f, L:/127.0.0.1:27381 - R:/127.0.0.1:4471]
java.lang.IllegalArgumentException: Cannot support TLS_ECDHE_ECDSA_WITH_AES_256_CBC_SHA384 with currently installed providers
	at sun.security.ssl.CipherSuiteList.<init>(CipherSuiteList.java:92)
	at sun.security.ssl.SSLEngineImpl.setEnabledCipherSuites(SSLEngineImpl.java:2038)
	at io.netty.handler.ssl.JdkSslContext.configureAndWrapEngine(JdkSslContext.java:341)
	at io.netty.handler.ssl.JdkSslContext.newEngine(JdkSslContext.java:331)
	at io.netty.handler.ssl.SslContext.newHandler(SslContext.java:956)
	at io.netty.handler.ssl.SslContext.newHandler(SslContext.java:948)
	at org.apache.zookeeper.server.NettyServerCnxnFactory.initSSL(NettyServerCnxnFactory.java:575)
	at org.apache.zookeeper.server.NettyServerCnxnFactory.access$1300(NettyServerCnxnFactory.java:80)
	at org.apache.zookeeper.server.NettyServerCnxnFactory$1.initChannel(NettyServerCnxnFactory.java:540)
	at org.apache.zookeeper.server.NettyServerCnxnFactory$1.initChannel(NettyServerCnxnFactory.java:532)
	at io.netty.channel.ChannelInitializer.initChannel(ChannelInitializer.java:129)
	at io.netty.channel.ChannelInitializer.handlerAdded(ChannelInitializer.java:112)
	at io.netty.channel.AbstractChannelHandlerContext.callHandlerAdded(AbstractChannelHandlerContext.java:938)
	at io.netty.channel.DefaultChannelPipeline.callHandlerAdded0(DefaultChannelPipeline.java:609)
	at io.netty.channel.DefaultChannelPipeline.access$100(DefaultChannelPipeline.java:46)
	at io.netty.channel.DefaultChannelPipeline$PendingHandlerAddedTask.execute(DefaultChannelPipeline.java:1463)
	at io.netty.channel.DefaultChannelPipeline.callHandlerAddedForAllHandlers(DefaultChannelPipeline.java:1115)
	at io.netty.channel.DefaultChannelPipeline.invokeHandlerAddedIfNeeded(DefaultChannelPipeline.java:650)
	at io.netty.channel.AbstractChannel$AbstractUnsafe.register0(AbstractChannel.java:502)
	at io.netty.channel.AbstractChannel$AbstractUnsafe.access$200(AbstractChannel.java:417)
	at io.netty.channel.AbstractChannel$AbstractUnsafe$1.run(AbstractChannel.java:474)
	at io.netty.util.concurrent.AbstractEventExecutor.safeExecute(AbstractEventExecutor.java:164)
	at io.netty.util.concurrent.SingleThreadEventExecutor.runAllTasks(SingleThreadEventExecutor.java:472)
	at io.netty.channel.nio.NioEventLoop.run(NioEventLoop.java:500)
	at io.netty.util.concurrent.SingleThreadEventExecutor$4.run(SingleThreadEventExecutor.java:989)
	at io.netty.util.internal.ThreadExecutorMap$2.run(ThreadExecutorMap.java:74)
	at io.netty.util.concurrent.FastThreadLocalRunnable.run(FastThreadLocalRunnable.java:30)
	at java.lang.Thread.run(Thread.java:745)
2021-11-08 11:20:05,810 [myid:127.0.0.1:27381] - INFO  [nioEventLoopGroup-20-1:ClientCnxnSocketNetty$ZKClientHandler@469] - channel is disconnected: [id: 0x014dbd7b, L:/127.0.0.1:4471 ! R:xmind.net/127.0.0.1:27381]
2021-11-08 11:20:05,811 [myid:127.0.0.1:27381] - INFO  [nioEventLoopGroup-20-1:ClientCnxnSocketNetty@249] - channel is told closing
2021-11-08 11:20:05,811 [myid:127.0.0.1:27381] - WARN  [main-SendThread(127.0.0.1:27381):ClientCnxn$SendThread@1290] - Session 0x0 for sever xmind.net/127.0.0.1:27381, Closing socket connection. Attempting reconnect except it is a SessionExpiredException.
EndOfStreamException: channel for sessionid 0x0 is lost
	at org.apache.zookeeper.ClientCnxnSocketNetty.doTransport(ClientCnxnSocketNetty.java:285)
	at org.apache.zookeeper.ClientCnxn$SendThread.run(ClientCnxn.java:1280)
2021-11-08 11:20:07,748 [myid:127.0.0.1:27381] - INFO  [main-SendThread(127.0.0.1:27381):ClientCnxn$SendThread@1171] - Opening socket connection to server xmind.net/127.0.0.1:27381.
2021-11-08 11:20:07,748 [myid:127.0.0.1:27381] - INFO  [main-SendThread(127.0.0.1:27381):ClientCnxn$SendThread@1173] - SASL config status: Will not attempt to authenticate using SASL (unknown error)
2021-11-08 11:20:07,749 [myid:127.0.0.1:27381] - INFO  [nioEventLoopGroup-20-1:ClientCnxnSocketNetty$ZKClientPipelineFactory@454] - SSL handler added for channel: [id: 0xdac3a472]
2021-11-08 11:20:07,750 [myid:127.0.0.1:27381] - INFO  [nioEventLoopGroup-20-1:ClientCnxn$SendThread@1005] - Socket connection established, initiating session, client: /127.0.0.1:13599, server: xmind.net/127.0.0.1:27381
2021-11-08 11:20:07,750 [myid:127.0.0.1:27381] - INFO  [nioEventLoopGroup-20-1:ClientCnxnSocketNetty$1@184] - channel is connected: [id: 0xdac3a472, L:/127.0.0.1:13599 - R:xmind.net/127.0.0.1:27381]
2021-11-08 11:20:07,750 [myid:0] - WARN  [nioEventLoopGroup-17-5:ChannelInitializer@97] - Failed to initialize a channel. Closing: [id: 0x0b58e8de, L:/127.0.0.1:27381 - R:/127.0.0.1:13599]
java.lang.IllegalArgumentException: Cannot support TLS_ECDHE_ECDSA_WITH_AES_256_CBC_SHA384 with currently installed providers
	at sun.security.ssl.CipherSuiteList.<init>(CipherSuiteList.java:92)
	at sun.security.ssl.SSLEngineImpl.setEnabledCipherSuites(SSLEngineImpl.java:2038)
	at io.netty.handler.ssl.JdkSslContext.configureAndWrapEngine(JdkSslContext.java:341)
	at io.netty.handler.ssl.JdkSslContext.newEngine(JdkSslContext.java:331)
	at io.netty.handler.ssl.SslContext.newHandler(SslContext.java:956)
	at io.netty.handler.ssl.SslContext.newHandler(SslContext.java:948)
	at org.apache.zookeeper.server.NettyServerCnxnFactory.initSSL(NettyServerCnxnFactory.java:575)
	at org.apache.zookeeper.server.NettyServerCnxnFactory.access$1300(NettyServerCnxnFactory.java:80)
	at org.apache.zookeeper.server.NettyServerCnxnFactory$1.initChannel(NettyServerCnxnFactory.java:540)
	at org.apache.zookeeper.server.NettyServerCnxnFactory$1.initChannel(NettyServerCnxnFactory.java:532)
	at io.netty.channel.ChannelInitializer.initChannel(ChannelInitializer.java:129)
	at io.netty.channel.ChannelInitializer.handlerAdded(ChannelInitializer.java:112)
	at io.netty.channel.AbstractChannelHandlerContext.callHandlerAdded(AbstractChannelHandlerContext.java:938)
	at io.netty.channel.DefaultChannelPipeline.callHandlerAdded0(DefaultChannelPipeline.java:609)
	at io.netty.channel.DefaultChannelPipeline.access$100(DefaultChannelPipeline.java:46)
	at io.netty.channel.DefaultChannelPipeline$PendingHandlerAddedTask.execute(DefaultChannelPipeline.java:1463)
	at io.netty.channel.DefaultChannelPipeline.callHandlerAddedForAllHandlers(DefaultChannelPipeline.java:1115)
	at io.netty.channel.DefaultChannelPipeline.invokeHandlerAddedIfNeeded(DefaultChannelPipeline.java:650)
	at io.netty.channel.AbstractChannel$AbstractUnsafe.register0(AbstractChannel.java:502)
	at io.netty.channel.AbstractChannel$AbstractUnsafe.access$200(AbstractChannel.java:417)
	at io.netty.channel.AbstractChannel$AbstractUnsafe$1.run(AbstractChannel.java:474)
	at io.netty.util.concurrent.AbstractEventExecutor.safeExecute(AbstractEventExecutor.java:164)
	at io.netty.util.concurrent.SingleThreadEventExecutor.runAllTasks(SingleThreadEventExecutor.java:472)
	at io.netty.channel.nio.NioEventLoop.run(NioEventLoop.java:500)
	at io.netty.util.concurrent.SingleThreadEventExecutor$4.run(SingleThreadEventExecutor.java:989)
	at io.netty.util.internal.ThreadExecutorMap$2.run(ThreadExecutorMap.java:74)
	at io.netty.util.concurrent.FastThreadLocalRunnable.run(FastThreadLocalRunnable.java:30)
	at java.lang.Thread.run(Thread.java:745)
2021-11-08 11:20:07,751 [myid:127.0.0.1:27381] - INFO  [nioEventLoopGroup-20-1:ClientCnxnSocketNetty$ZKClientHandler@469] - channel is disconnected: [id: 0xdac3a472, L:/127.0.0.1:13599 ! R:xmind.net/127.0.0.1:27381]
2021-11-08 11:20:07,751 [myid:127.0.0.1:27381] - INFO  [nioEventLoopGroup-20-1:ClientCnxnSocketNetty@249] - channel is told closing
2021-11-08 11:20:07,751 [myid:127.0.0.1:27381] - WARN  [main-SendThread(127.0.0.1:27381):ClientCnxn$SendThread@1290] - Session 0x0 for sever xmind.net/127.0.0.1:27381, Closing socket connection. Attempting reconnect except it is a SessionExpiredException.
EndOfStreamException: channel for sessionid 0x0 is lost
	at org.apache.zookeeper.ClientCnxnSocketNetty.doTransport(ClientCnxnSocketNetty.java:285)
	at org.apache.zookeeper.ClientCnxn$SendThread.run(ClientCnxn.java:1280)
2021-11-08 11:20:07,771 [myid:127.0.0.1:27392] - WARN  [nioEventLoopGroup-21-1:ClientCnxnSocketNetty$1@150] - future isn't success.
io.netty.channel.AbstractChannel$AnnotatedConnectException: Connection refused: no further information: xmind.net/127.0.0.1:27392
Caused by: java.net.ConnectException: Connection refused: no further information
	at sun.nio.ch.SocketChannelImpl.checkConnect(Native Method)
	at sun.nio.ch.SocketChannelImpl.finishConnect(SocketChannelImpl.java:716)
	at io.netty.channel.socket.nio.NioSocketChannel.doFinishConnect(NioSocketChannel.java:330)
	at io.netty.channel.nio.AbstractNioChannel$AbstractNioUnsafe.finishConnect(AbstractNioChannel.java:334)
	at io.netty.channel.nio.NioEventLoop.processSelectedKey(NioEventLoop.java:707)
	at io.netty.channel.nio.NioEventLoop.processSelectedKeysOptimized(NioEventLoop.java:655)
	at io.netty.channel.nio.NioEventLoop.processSelectedKeys(NioEventLoop.java:581)
	at io.netty.channel.nio.NioEventLoop.run(NioEventLoop.java:493)
	at io.netty.util.concurrent.SingleThreadEventExecutor$4.run(SingleThreadEventExecutor.java:989)
	at io.netty.util.internal.ThreadExecutorMap$2.run(ThreadExecutorMap.java:74)
	at io.netty.util.concurrent.FastThreadLocalRunnable.run(FastThreadLocalRunnable.java:30)
	at java.lang.Thread.run(Thread.java:745)
2021-11-08 11:20:08,772 [myid:127.0.0.1:27392] - INFO  [main-SendThread(127.0.0.1:27392):ClientCnxn$SendThread@1171] - Opening socket connection to server xmind.net/127.0.0.1:27392.
2021-11-08 11:20:08,772 [myid:127.0.0.1:27392] - INFO  [main-SendThread(127.0.0.1:27392):ClientCnxn$SendThread@1173] - SASL config status: Will not attempt to authenticate using SASL (unknown error)
2021-11-08 11:20:08,777 [myid:127.0.0.1:27392] - INFO  [nioEventLoopGroup-21-1:ClientCnxnSocketNetty$ZKClientPipelineFactory@454] - SSL handler added for channel: [id: 0x93fefa93]
2021-11-08 11:20:09,259 [myid:127.0.0.1:27381] - INFO  [main-SendThread(127.0.0.1:27381):ClientCnxn$SendThread@1171] - Opening socket connection to server xmind.net/127.0.0.1:27381.
2021-11-08 11:20:09,259 [myid:127.0.0.1:27381] - INFO  [main-SendThread(127.0.0.1:27381):ClientCnxn$SendThread@1173] - SASL config status: Will not attempt to authenticate using SASL (unknown error)
2021-11-08 11:20:09,260 [myid:127.0.0.1:27381] - INFO  [nioEventLoopGroup-20-1:ClientCnxnSocketNetty$ZKClientPipelineFactory@454] - SSL handler added for channel: [id: 0x9660d16c]
2021-11-08 11:20:09,261 [myid:127.0.0.1:27381] - INFO  [nioEventLoopGroup-20-1:ClientCnxn$SendThread@1005] - Socket connection established, initiating session, client: /127.0.0.1:13650, server: xmind.net/127.0.0.1:27381
2021-11-08 11:20:09,261 [myid:127.0.0.1:27381] - INFO  [nioEventLoopGroup-20-1:ClientCnxnSocketNetty$1@184] - channel is connected: [id: 0x9660d16c, L:/127.0.0.1:13650 - R:xmind.net/127.0.0.1:27381]
2021-11-08 11:20:09,261 [myid:0] - WARN  [nioEventLoopGroup-17-6:ChannelInitializer@97] - Failed to initialize a channel. Closing: [id: 0x5f57ea3a, L:/127.0.0.1:27381 - R:/127.0.0.1:13650]
java.lang.IllegalArgumentException: Cannot support TLS_ECDHE_ECDSA_WITH_AES_256_CBC_SHA384 with currently installed providers
	at sun.security.ssl.CipherSuiteList.<init>(CipherSuiteList.java:92)
	at sun.security.ssl.SSLEngineImpl.setEnabledCipherSuites(SSLEngineImpl.java:2038)
	at io.netty.handler.ssl.JdkSslContext.configureAndWrapEngine(JdkSslContext.java:341)
	at io.netty.handler.ssl.JdkSslContext.newEngine(JdkSslContext.java:331)
	at io.netty.handler.ssl.SslContext.newHandler(SslContext.java:956)
	at io.netty.handler.ssl.SslContext.newHandler(SslContext.java:948)
	at org.apache.zookeeper.server.NettyServerCnxnFactory.initSSL(NettyServerCnxnFactory.java:575)
	at org.apache.zookeeper.server.NettyServerCnxnFactory.access$1300(NettyServerCnxnFactory.java:80)
	at org.apache.zookeeper.server.NettyServerCnxnFactory$1.initChannel(NettyServerCnxnFactory.java:540)
	at org.apache.zookeeper.server.NettyServerCnxnFactory$1.initChannel(NettyServerCnxnFactory.java:532)
	at io.netty.channel.ChannelInitializer.initChannel(ChannelInitializer.java:129)
	at io.netty.channel.ChannelInitializer.handlerAdded(ChannelInitializer.java:112)
	at io.netty.channel.AbstractChannelHandlerContext.callHandlerAdded(AbstractChannelHandlerContext.java:938)
	at io.netty.channel.DefaultChannelPipeline.callHandlerAdded0(DefaultChannelPipeline.java:609)
	at io.netty.channel.DefaultChannelPipeline.access$100(DefaultChannelPipeline.java:46)
	at io.netty.channel.DefaultChannelPipeline$PendingHandlerAddedTask.execute(DefaultChannelPipeline.java:1463)
	at io.netty.channel.DefaultChannelPipeline.callHandlerAddedForAllHandlers(DefaultChannelPipeline.java:1115)
	at io.netty.channel.DefaultChannelPipeline.invokeHandlerAddedIfNeeded(DefaultChannelPipeline.java:650)
	at io.netty.channel.AbstractChannel$AbstractUnsafe.register0(AbstractChannel.java:502)
	at io.netty.channel.AbstractChannel$AbstractUnsafe.access$200(AbstractChannel.java:417)
	at io.netty.channel.AbstractChannel$AbstractUnsafe$1.run(AbstractChannel.java:474)
	at io.netty.util.concurrent.AbstractEventExecutor.safeExecute(AbstractEventExecutor.java:164)
	at io.netty.util.concurrent.SingleThreadEventExecutor.runAllTasks(SingleThreadEventExecutor.java:472)
	at io.netty.channel.nio.NioEventLoop.run(NioEventLoop.java:500)
	at io.netty.util.concurrent.SingleThreadEventExecutor$4.run(SingleThreadEventExecutor.java:989)
	at io.netty.util.internal.ThreadExecutorMap$2.run(ThreadExecutorMap.java:74)
	at io.netty.util.concurrent.FastThreadLocalRunnable.run(FastThreadLocalRunnable.java:30)
	at java.lang.Thread.run(Thread.java:745)
2021-11-08 11:20:09,262 [myid:127.0.0.1:27381] - INFO  [nioEventLoopGroup-20-1:ClientCnxnSocketNetty$ZKClientHandler@469] - channel is disconnected: [id: 0x9660d16c, L:/127.0.0.1:13650 ! R:xmind.net/127.0.0.1:27381]
2021-11-08 11:20:09,262 [myid:127.0.0.1:27381] - INFO  [nioEventLoopGroup-20-1:ClientCnxnSocketNetty@249] - channel is told closing
2021-11-08 11:20:09,262 [myid:127.0.0.1:27381] - WARN  [main-SendThread(127.0.0.1:27381):ClientCnxn$SendThread@1290] - Session 0x0 for sever xmind.net/127.0.0.1:27381, Closing socket connection. Attempting reconnect except it is a SessionExpiredException.
EndOfStreamException: channel for sessionid 0x0 is lost
	at org.apache.zookeeper.ClientCnxnSocketNetty.doTransport(ClientCnxnSocketNetty.java:285)
	at org.apache.zookeeper.ClientCnxn$SendThread.run(ClientCnxn.java:1280)
2021-11-08 11:20:10,700 [myid:127.0.0.1:27381] - INFO  [main-SendThread(127.0.0.1:27381):ClientCnxn$SendThread@1171] - Opening socket connection to server xmind.net/127.0.0.1:27381.
2021-11-08 11:20:10,700 [myid:127.0.0.1:27381] - INFO  [main-SendThread(127.0.0.1:27381):ClientCnxn$SendThread@1173] - SASL config status: Will not attempt to authenticate using SASL (unknown error)
2021-11-08 11:20:10,701 [myid:127.0.0.1:27381] - INFO  [nioEventLoopGroup-20-1:ClientCnxnSocketNetty$ZKClientPipelineFactory@454] - SSL handler added for channel: [id: 0x11eba0c7]
2021-11-08 11:20:10,702 [myid:127.0.0.1:27381] - INFO  [nioEventLoopGroup-20-1:ClientCnxn$SendThread@1005] - Socket connection established, initiating session, client: /127.0.0.1:13668, server: xmind.net/127.0.0.1:27381
2021-11-08 11:20:10,702 [myid:127.0.0.1:27381] - INFO  [nioEventLoopGroup-20-1:ClientCnxnSocketNetty$1@184] - channel is connected: [id: 0x11eba0c7, L:/127.0.0.1:13668 - R:xmind.net/127.0.0.1:27381]
2021-11-08 11:20:10,702 [myid:0] - WARN  [nioEventLoopGroup-17-7:ChannelInitializer@97] - Failed to initialize a channel. Closing: [id: 0xa7669300, L:/127.0.0.1:27381 - R:/127.0.0.1:13668]
java.lang.IllegalArgumentException: Cannot support TLS_ECDHE_ECDSA_WITH_AES_256_CBC_SHA384 with currently installed providers
	at sun.security.ssl.CipherSuiteList.<init>(CipherSuiteList.java:92)
	at sun.security.ssl.SSLEngineImpl.setEnabledCipherSuites(SSLEngineImpl.java:2038)
	at io.netty.handler.ssl.JdkSslContext.configureAndWrapEngine(JdkSslContext.java:341)
	at io.netty.handler.ssl.JdkSslContext.newEngine(JdkSslContext.java:331)
	at io.netty.handler.ssl.SslContext.newHandler(SslContext.java:956)
	at io.netty.handler.ssl.SslContext.newHandler(SslContext.java:948)
	at org.apache.zookeeper.server.NettyServerCnxnFactory.initSSL(NettyServerCnxnFactory.java:575)
	at org.apache.zookeeper.server.NettyServerCnxnFactory.access$1300(NettyServerCnxnFactory.java:80)
	at org.apache.zookeeper.server.NettyServerCnxnFactory$1.initChannel(NettyServerCnxnFactory.java:540)
	at org.apache.zookeeper.server.NettyServerCnxnFactory$1.initChannel(NettyServerCnxnFactory.java:532)
	at io.netty.channel.ChannelInitializer.initChannel(ChannelInitializer.java:129)
	at io.netty.channel.ChannelInitializer.handlerAdded(ChannelInitializer.java:112)
	at io.netty.channel.AbstractChannelHandlerContext.callHandlerAdded(AbstractChannelHandlerContext.java:938)
	at io.netty.channel.DefaultChannelPipeline.callHandlerAdded0(DefaultChannelPipeline.java:609)
	at io.netty.channel.DefaultChannelPipeline.access$100(DefaultChannelPipeline.java:46)
	at io.netty.channel.DefaultChannelPipeline$PendingHandlerAddedTask.execute(DefaultChannelPipeline.java:1463)
	at io.netty.channel.DefaultChannelPipeline.callHandlerAddedForAllHandlers(DefaultChannelPipeline.java:1115)
	at io.netty.channel.DefaultChannelPipeline.invokeHandlerAddedIfNeeded(DefaultChannelPipeline.java:650)
	at io.netty.channel.AbstractChannel$AbstractUnsafe.register0(AbstractChannel.java:502)
	at io.netty.channel.AbstractChannel$AbstractUnsafe.access$200(AbstractChannel.java:417)
	at io.netty.channel.AbstractChannel$AbstractUnsafe$1.run(AbstractChannel.java:474)
	at io.netty.util.concurrent.AbstractEventExecutor.safeExecute(AbstractEventExecutor.java:164)
	at io.netty.util.concurrent.SingleThreadEventExecutor.runAllTasks(SingleThreadEventExecutor.java:472)
	at io.netty.channel.nio.NioEventLoop.run(NioEventLoop.java:500)
	at io.netty.util.concurrent.SingleThreadEventExecutor$4.run(SingleThreadEventExecutor.java:989)
	at io.netty.util.internal.ThreadExecutorMap$2.run(ThreadExecutorMap.java:74)
	at io.netty.util.concurrent.FastThreadLocalRunnable.run(FastThreadLocalRunnable.java:30)
	at java.lang.Thread.run(Thread.java:745)
2021-11-08 11:20:10,703 [myid:127.0.0.1:27381] - INFO  [nioEventLoopGroup-20-1:ClientCnxnSocketNetty$ZKClientHandler@469] - channel is disconnected: [id: 0x11eba0c7, L:/127.0.0.1:13668 ! R:xmind.net/127.0.0.1:27381]
2021-11-08 11:20:10,703 [myid:127.0.0.1:27381] - INFO  [nioEventLoopGroup-20-1:ClientCnxnSocketNetty@249] - channel is told closing
2021-11-08 11:20:10,703 [myid:127.0.0.1:27381] - WARN  [main-SendThread(127.0.0.1:27381):ClientCnxn$SendThread@1290] - Session 0x0 for sever xmind.net/127.0.0.1:27381, Closing socket connection. Attempting reconnect except it is a SessionExpiredException.
EndOfStreamException: channel for sessionid 0x0 is lost
	at org.apache.zookeeper.ClientCnxnSocketNetty.doTransport(ClientCnxnSocketNetty.java:285)
	at org.apache.zookeeper.ClientCnxn$SendThread.run(ClientCnxn.java:1280)
2021-11-08 11:20:10,820 [myid:127.0.0.1:27392] - WARN  [nioEventLoopGroup-21-1:ClientCnxnSocketNetty$1@150] - future isn't success.
io.netty.channel.AbstractChannel$AnnotatedConnectException: Connection refused: no further information: xmind.net/127.0.0.1:27392
Caused by: java.net.ConnectException: Connection refused: no further information
	at sun.nio.ch.SocketChannelImpl.checkConnect(Native Method)
	at sun.nio.ch.SocketChannelImpl.finishConnect(SocketChannelImpl.java:716)
	at io.netty.channel.socket.nio.NioSocketChannel.doFinishConnect(NioSocketChannel.java:330)
	at io.netty.channel.nio.AbstractNioChannel$AbstractNioUnsafe.finishConnect(AbstractNioChannel.java:334)
	at io.netty.channel.nio.NioEventLoop.processSelectedKey(NioEventLoop.java:707)
	at io.netty.channel.nio.NioEventLoop.processSelectedKeysOptimized(NioEventLoop.java:655)
	at io.netty.channel.nio.NioEventLoop.processSelectedKeys(NioEventLoop.java:581)
	at io.netty.channel.nio.NioEventLoop.run(NioEventLoop.java:493)
	at io.netty.util.concurrent.SingleThreadEventExecutor$4.run(SingleThreadEventExecutor.java:989)
	at io.netty.util.internal.ThreadExecutorMap$2.run(ThreadExecutorMap.java:74)
	at io.netty.util.concurrent.FastThreadLocalRunnable.run(FastThreadLocalRunnable.java:30)
	at java.lang.Thread.run(Thread.java:745)
2021-11-08 11:20:11,820 [myid:127.0.0.1:27392] - INFO  [main-SendThread(127.0.0.1:27392):ClientCnxn$SendThread@1171] - Opening socket connection to server xmind.net/127.0.0.1:27392.
2021-11-08 11:20:11,821 [myid:127.0.0.1:27392] - INFO  [main-SendThread(127.0.0.1:27392):ClientCnxn$SendThread@1173] - SASL config status: Will not attempt to authenticate using SASL (unknown error)
2021-11-08 11:20:11,822 [myid:127.0.0.1:27392] - INFO  [nioEventLoopGroup-21-1:ClientCnxnSocketNetty$ZKClientPipelineFactory@454] - SSL handler added for channel: [id: 0x45621283]
2021-11-08 11:20:11,852 [myid:127.0.0.1:27381] - INFO  [main-SendThread(127.0.0.1:27381):ClientCnxn$SendThread@1171] - Opening socket connection to server xmind.net/127.0.0.1:27381.
2021-11-08 11:20:11,852 [myid:127.0.0.1:27381] - INFO  [main-SendThread(127.0.0.1:27381):ClientCnxn$SendThread@1173] - SASL config status: Will not attempt to authenticate using SASL (unknown error)
2021-11-08 11:20:11,853 [myid:127.0.0.1:27381] - INFO  [nioEventLoopGroup-20-1:ClientCnxnSocketNetty$ZKClientPipelineFactory@454] - SSL handler added for channel: [id: 0x9a0b261c]
2021-11-08 11:20:11,854 [myid:127.0.0.1:27381] - INFO  [nioEventLoopGroup-20-1:ClientCnxn$SendThread@1005] - Socket connection established, initiating session, client: /127.0.0.1:13703, server: xmind.net/127.0.0.1:27381
2021-11-08 11:20:11,854 [myid:127.0.0.1:27381] - INFO  [nioEventLoopGroup-20-1:ClientCnxnSocketNetty$1@184] - channel is connected: [id: 0x9a0b261c, L:/127.0.0.1:13703 - R:xmind.net/127.0.0.1:27381]
2021-11-08 11:20:11,854 [myid:0] - WARN  [nioEventLoopGroup-17-8:ChannelInitializer@97] - Failed to initialize a channel. Closing: [id: 0x647fc174, L:/127.0.0.1:27381 - R:/127.0.0.1:13703]
java.lang.IllegalArgumentException: Cannot support TLS_ECDHE_ECDSA_WITH_AES_256_CBC_SHA384 with currently installed providers
	at sun.security.ssl.CipherSuiteList.<init>(CipherSuiteList.java:92)
	at sun.security.ssl.SSLEngineImpl.setEnabledCipherSuites(SSLEngineImpl.java:2038)
	at io.netty.handler.ssl.JdkSslContext.configureAndWrapEngine(JdkSslContext.java:341)
	at io.netty.handler.ssl.JdkSslContext.newEngine(JdkSslContext.java:331)
	at io.netty.handler.ssl.SslContext.newHandler(SslContext.java:956)
	at io.netty.handler.ssl.SslContext.newHandler(SslContext.java:948)
	at org.apache.zookeeper.server.NettyServerCnxnFactory.initSSL(NettyServerCnxnFactory.java:575)
	at org.apache.zookeeper.server.NettyServerCnxnFactory.access$1300(NettyServerCnxnFactory.java:80)
	at org.apache.zookeeper.server.NettyServerCnxnFactory$1.initChannel(NettyServerCnxnFactory.java:540)
	at org.apache.zookeeper.server.NettyServerCnxnFactory$1.initChannel(NettyServerCnxnFactory.java:532)
	at io.netty.channel.ChannelInitializer.initChannel(ChannelInitializer.java:129)
	at io.netty.channel.ChannelInitializer.handlerAdded(ChannelInitializer.java:112)
	at io.netty.channel.AbstractChannelHandlerContext.callHandlerAdded(AbstractChannelHandlerContext.java:938)
	at io.netty.channel.DefaultChannelPipeline.callHandlerAdded0(DefaultChannelPipeline.java:609)
	at io.netty.channel.DefaultChannelPipeline.access$100(DefaultChannelPipeline.java:46)
	at io.netty.channel.DefaultChannelPipeline$PendingHandlerAddedTask.execute(DefaultChannelPipeline.java:1463)
	at io.netty.channel.DefaultChannelPipeline.callHandlerAddedForAllHandlers(DefaultChannelPipeline.java:1115)
	at io.netty.channel.DefaultChannelPipeline.invokeHandlerAddedIfNeeded(DefaultChannelPipeline.java:650)
	at io.netty.channel.AbstractChannel$AbstractUnsafe.register0(AbstractChannel.java:502)
	at io.netty.channel.AbstractChannel$AbstractUnsafe.access$200(AbstractChannel.java:417)
	at io.netty.channel.AbstractChannel$AbstractUnsafe$1.run(AbstractChannel.java:474)
	at io.netty.util.concurrent.AbstractEventExecutor.safeExecute(AbstractEventExecutor.java:164)
	at io.netty.util.concurrent.SingleThreadEventExecutor.runAllTasks(SingleThreadEventExecutor.java:472)
	at io.netty.channel.nio.NioEventLoop.run(NioEventLoop.java:500)
	at io.netty.util.concurrent.SingleThreadEventExecutor$4.run(SingleThreadEventExecutor.java:989)
	at io.netty.util.internal.ThreadExecutorMap$2.run(ThreadExecutorMap.java:74)
	at io.netty.util.concurrent.FastThreadLocalRunnable.run(FastThreadLocalRunnable.java:30)
	at java.lang.Thread.run(Thread.java:745)
2021-11-08 11:20:11,855 [myid:127.0.0.1:27381] - INFO  [nioEventLoopGroup-20-1:ClientCnxnSocketNetty$ZKClientHandler@469] - channel is disconnected: [id: 0x9a0b261c, L:/127.0.0.1:13703 ! R:xmind.net/127.0.0.1:27381]
2021-11-08 11:20:11,855 [myid:127.0.0.1:27381] - INFO  [nioEventLoopGroup-20-1:ClientCnxnSocketNetty@249] - channel is told closing
2021-11-08 11:20:11,855 [myid:127.0.0.1:27381] - WARN  [main-SendThread(127.0.0.1:27381):ClientCnxn$SendThread@1290] - Session 0x0 for sever xmind.net/127.0.0.1:27381, Closing socket connection. Attempting reconnect except it is a SessionExpiredException.
EndOfStreamException: channel for sessionid 0x0 is lost
	at org.apache.zookeeper.ClientCnxnSocketNetty.doTransport(ClientCnxnSocketNetty.java:285)
	at org.apache.zookeeper.ClientCnxn$SendThread.run(ClientCnxn.java:1280)
2021-11-08 11:20:13,800 [myid:127.0.0.1:27381] - INFO  [main-SendThread(127.0.0.1:27381):ClientCnxn$SendThread@1171] - Opening socket connection to server xmind.net/127.0.0.1:27381.
2021-11-08 11:20:13,800 [myid:127.0.0.1:27381] - INFO  [main-SendThread(127.0.0.1:27381):ClientCnxn$SendThread@1173] - SASL config status: Will not attempt to authenticate using SASL (unknown error)
2021-11-08 11:20:13,802 [myid:127.0.0.1:27381] - INFO  [nioEventLoopGroup-20-1:ClientCnxnSocketNetty$ZKClientPipelineFactory@454] - SSL handler added for channel: [id: 0x446aa383]
2021-11-08 11:20:13,802 [myid:127.0.0.1:27381] - INFO  [nioEventLoopGroup-20-1:ClientCnxn$SendThread@1005] - Socket connection established, initiating session, client: /127.0.0.1:13731, server: xmind.net/127.0.0.1:27381
2021-11-08 11:20:13,802 [myid:127.0.0.1:27381] - INFO  [nioEventLoopGroup-20-1:ClientCnxnSocketNetty$1@184] - channel is connected: [id: 0x446aa383, L:/127.0.0.1:13731 - R:xmind.net/127.0.0.1:27381]
2021-11-08 11:20:13,803 [myid:0] - WARN  [nioEventLoopGroup-17-9:ChannelInitializer@97] - Failed to initialize a channel. Closing: [id: 0x6dfa07e5, L:/127.0.0.1:27381 - R:/127.0.0.1:13731]
java.lang.IllegalArgumentException: Cannot support TLS_ECDHE_ECDSA_WITH_AES_256_CBC_SHA384 with currently installed providers
	at sun.security.ssl.CipherSuiteList.<init>(CipherSuiteList.java:92)
	at sun.security.ssl.SSLEngineImpl.setEnabledCipherSuites(SSLEngineImpl.java:2038)
	at io.netty.handler.ssl.JdkSslContext.configureAndWrapEngine(JdkSslContext.java:341)
	at io.netty.handler.ssl.JdkSslContext.newEngine(JdkSslContext.java:331)
	at io.netty.handler.ssl.SslContext.newHandler(SslContext.java:956)
	at io.netty.handler.ssl.SslContext.newHandler(SslContext.java:948)
	at org.apache.zookeeper.server.NettyServerCnxnFactory.initSSL(NettyServerCnxnFactory.java:575)
	at org.apache.zookeeper.server.NettyServerCnxnFactory.access$1300(NettyServerCnxnFactory.java:80)
	at org.apache.zookeeper.server.NettyServerCnxnFactory$1.initChannel(NettyServerCnxnFactory.java:540)
	at org.apache.zookeeper.server.NettyServerCnxnFactory$1.initChannel(NettyServerCnxnFactory.java:532)
	at io.netty.channel.ChannelInitializer.initChannel(ChannelInitializer.java:129)
	at io.netty.channel.ChannelInitializer.handlerAdded(ChannelInitializer.java:112)
	at io.netty.channel.AbstractChannelHandlerContext.callHandlerAdded(AbstractChannelHandlerContext.java:938)
	at io.netty.channel.DefaultChannelPipeline.callHandlerAdded0(DefaultChannelPipeline.java:609)
	at io.netty.channel.DefaultChannelPipeline.access$100(DefaultChannelPipeline.java:46)
	at io.netty.channel.DefaultChannelPipeline$PendingHandlerAddedTask.execute(DefaultChannelPipeline.java:1463)
	at io.netty.channel.DefaultChannelPipeline.callHandlerAddedForAllHandlers(DefaultChannelPipeline.java:1115)
	at io.netty.channel.DefaultChannelPipeline.invokeHandlerAddedIfNeeded(DefaultChannelPipeline.java:650)
	at io.netty.channel.AbstractChannel$AbstractUnsafe.register0(AbstractChannel.java:502)
	at io.netty.channel.AbstractChannel$AbstractUnsafe.access$200(AbstractChannel.java:417)
	at io.netty.channel.AbstractChannel$AbstractUnsafe$1.run(AbstractChannel.java:474)
	at io.netty.util.concurrent.AbstractEventExecutor.safeExecute(AbstractEventExecutor.java:164)
	at io.netty.util.concurrent.SingleThreadEventExecutor.runAllTasks(SingleThreadEventExecutor.java:472)
	at io.netty.channel.nio.NioEventLoop.run(NioEventLoop.java:500)
	at io.netty.util.concurrent.SingleThreadEventExecutor$4.run(SingleThreadEventExecutor.java:989)
	at io.netty.util.internal.ThreadExecutorMap$2.run(ThreadExecutorMap.java:74)
	at io.netty.util.concurrent.FastThreadLocalRunnable.run(FastThreadLocalRunnable.java:30)
	at java.lang.Thread.run(Thread.java:745)
2021-11-08 11:20:13,803 [myid:127.0.0.1:27381] - INFO  [nioEventLoopGroup-20-1:ClientCnxnSocketNetty$ZKClientHandler@469] - channel is disconnected: [id: 0x446aa383, L:/127.0.0.1:13731 ! R:xmind.net/127.0.0.1:27381]
2021-11-08 11:20:13,803 [myid:127.0.0.1:27381] - INFO  [nioEventLoopGroup-20-1:ClientCnxnSocketNetty@249] - channel is told closing
2021-11-08 11:20:13,803 [myid:127.0.0.1:27381] - WARN  [main-SendThread(127.0.0.1:27381):ClientCnxn$SendThread@1290] - Session 0x0 for sever xmind.net/127.0.0.1:27381, Closing socket connection. Attempting reconnect except it is a SessionExpiredException.
EndOfStreamException: channel for sessionid 0x0 is lost
	at org.apache.zookeeper.ClientCnxnSocketNetty.doTransport(ClientCnxnSocketNetty.java:285)
	at org.apache.zookeeper.ClientCnxn$SendThread.run(ClientCnxn.java:1280)
2021-11-08 11:20:13,833 [myid:127.0.0.1:27392] - WARN  [nioEventLoopGroup-21-1:ClientCnxnSocketNetty$1@150] - future isn't success.
io.netty.channel.AbstractChannel$AnnotatedConnectException: Connection refused: no further information: xmind.net/127.0.0.1:27392
Caused by: java.net.ConnectException: Connection refused: no further information
	at sun.nio.ch.SocketChannelImpl.checkConnect(Native Method)
	at sun.nio.ch.SocketChannelImpl.finishConnect(SocketChannelImpl.java:716)
	at io.netty.channel.socket.nio.NioSocketChannel.doFinishConnect(NioSocketChannel.java:330)
	at io.netty.channel.nio.AbstractNioChannel$AbstractNioUnsafe.finishConnect(AbstractNioChannel.java:334)
	at io.netty.channel.nio.NioEventLoop.processSelectedKey(NioEventLoop.java:707)
	at io.netty.channel.nio.NioEventLoop.processSelectedKeysOptimized(NioEventLoop.java:655)
	at io.netty.channel.nio.NioEventLoop.processSelectedKeys(NioEventLoop.java:581)
	at io.netty.channel.nio.NioEventLoop.run(NioEventLoop.java:493)
	at io.netty.util.concurrent.SingleThreadEventExecutor$4.run(SingleThreadEventExecutor.java:989)
	at io.netty.util.internal.ThreadExecutorMap$2.run(ThreadExecutorMap.java:74)
	at io.netty.util.concurrent.FastThreadLocalRunnable.run(FastThreadLocalRunnable.java:30)
	at java.lang.Thread.run(Thread.java:745)
2021-11-08 11:20:14,833 [myid:127.0.0.1:27392] - INFO  [main-SendThread(127.0.0.1:27392):ClientCnxn$SendThread@1171] - Opening socket connection to server xmind.net/127.0.0.1:27392.
2021-11-08 11:20:14,833 [myid:127.0.0.1:27392] - INFO  [main-SendThread(127.0.0.1:27392):ClientCnxn$SendThread@1173] - SASL config status: Will not attempt to authenticate using SASL (unknown error)
2021-11-08 11:20:14,834 [myid:127.0.0.1:27392] - INFO  [nioEventLoopGroup-21-1:ClientCnxnSocketNetty$ZKClientPipelineFactory@454] - SSL handler added for channel: [id: 0x4048ef3d]
2021-11-08 11:20:15,771 [myid:127.0.0.1:27381] - INFO  [main-SendThread(127.0.0.1:27381):ClientCnxn$SendThread@1171] - Opening socket connection to server xmind.net/127.0.0.1:27381.
2021-11-08 11:20:15,771 [myid:127.0.0.1:27381] - INFO  [main-SendThread(127.0.0.1:27381):ClientCnxn$SendThread@1173] - SASL config status: Will not attempt to authenticate using SASL (unknown error)
2021-11-08 11:20:15,773 [myid:127.0.0.1:27381] - INFO  [nioEventLoopGroup-20-1:ClientCnxnSocketNetty$ZKClientPipelineFactory@454] - SSL handler added for channel: [id: 0xcd90f50d]
2021-11-08 11:20:15,773 [myid:127.0.0.1:27381] - INFO  [nioEventLoopGroup-20-1:ClientCnxn$SendThread@1005] - Socket connection established, initiating session, client: /127.0.0.1:13842, server: xmind.net/127.0.0.1:27381
2021-11-08 11:20:15,773 [myid:127.0.0.1:27381] - INFO  [nioEventLoopGroup-20-1:ClientCnxnSocketNetty$1@184] - channel is connected: [id: 0xcd90f50d, L:/127.0.0.1:13842 - R:xmind.net/127.0.0.1:27381]
2021-11-08 11:20:15,774 [myid:0] - WARN  [nioEventLoopGroup-17-10:ChannelInitializer@97] - Failed to initialize a channel. Closing: [id: 0x24ac9225, L:/127.0.0.1:27381 - R:/127.0.0.1:13842]
java.lang.IllegalArgumentException: Cannot support TLS_ECDHE_ECDSA_WITH_AES_256_CBC_SHA384 with currently installed providers
	at sun.security.ssl.CipherSuiteList.<init>(CipherSuiteList.java:92)
	at sun.security.ssl.SSLEngineImpl.setEnabledCipherSuites(SSLEngineImpl.java:2038)
	at io.netty.handler.ssl.JdkSslContext.configureAndWrapEngine(JdkSslContext.java:341)
	at io.netty.handler.ssl.JdkSslContext.newEngine(JdkSslContext.java:331)
	at io.netty.handler.ssl.SslContext.newHandler(SslContext.java:956)
	at io.netty.handler.ssl.SslContext.newHandler(SslContext.java:948)
	at org.apache.zookeeper.server.NettyServerCnxnFactory.initSSL(NettyServerCnxnFactory.java:575)
	at org.apache.zookeeper.server.NettyServerCnxnFactory.access$1300(NettyServerCnxnFactory.java:80)
	at org.apache.zookeeper.server.NettyServerCnxnFactory$1.initChannel(NettyServerCnxnFactory.java:540)
	at org.apache.zookeeper.server.NettyServerCnxnFactory$1.initChannel(NettyServerCnxnFactory.java:532)
	at io.netty.channel.ChannelInitializer.initChannel(ChannelInitializer.java:129)
	at io.netty.channel.ChannelInitializer.handlerAdded(ChannelInitializer.java:112)
	at io.netty.channel.AbstractChannelHandlerContext.callHandlerAdded(AbstractChannelHandlerContext.java:938)
	at io.netty.channel.DefaultChannelPipeline.callHandlerAdded0(DefaultChannelPipeline.java:609)
	at io.netty.channel.DefaultChannelPipeline.access$100(DefaultChannelPipeline.java:46)
	at io.netty.channel.DefaultChannelPipeline$PendingHandlerAddedTask.execute(DefaultChannelPipeline.java:1463)
	at io.netty.channel.DefaultChannelPipeline.callHandlerAddedForAllHandlers(DefaultChannelPipeline.java:1115)
	at io.netty.channel.DefaultChannelPipeline.invokeHandlerAddedIfNeeded(DefaultChannelPipeline.java:650)
	at io.netty.channel.AbstractChannel$AbstractUnsafe.register0(AbstractChannel.java:502)
	at io.netty.channel.AbstractChannel$AbstractUnsafe.access$200(AbstractChannel.java:417)
	at io.netty.channel.AbstractChannel$AbstractUnsafe$1.run(AbstractChannel.java:474)
	at io.netty.util.concurrent.AbstractEventExecutor.safeExecute(AbstractEventExecutor.java:164)
	at io.netty.util.concurrent.SingleThreadEventExecutor.runAllTasks(SingleThreadEventExecutor.java:472)
	at io.netty.channel.nio.NioEventLoop.run(NioEventLoop.java:500)
	at io.netty.util.concurrent.SingleThreadEventExecutor$4.run(SingleThreadEventExecutor.java:989)
	at io.netty.util.internal.ThreadExecutorMap$2.run(ThreadExecutorMap.java:74)
	at io.netty.util.concurrent.FastThreadLocalRunnable.run(FastThreadLocalRunnable.java:30)
	at java.lang.Thread.run(Thread.java:745)
2021-11-08 11:20:15,774 [myid:127.0.0.1:27381] - INFO  [nioEventLoopGroup-20-1:ClientCnxnSocketNetty$ZKClientHandler@469] - channel is disconnected: [id: 0xcd90f50d, L:/127.0.0.1:13842 ! R:xmind.net/127.0.0.1:27381]
2021-11-08 11:20:15,775 [myid:127.0.0.1:27381] - INFO  [nioEventLoopGroup-20-1:ClientCnxnSocketNetty@249] - channel is told closing
2021-11-08 11:20:15,776 [myid:127.0.0.1:27381] - WARN  [main-SendThread(127.0.0.1:27381):ClientCnxn$SendThread@1290] - Session 0x0 for sever xmind.net/127.0.0.1:27381, Closing socket connection. Attempting reconnect except it is a SessionExpiredException.
EndOfStreamException: channel for sessionid 0x0 is lost
	at org.apache.zookeeper.ClientCnxnSocketNetty.doTransport(ClientCnxnSocketNetty.java:285)
	at org.apache.zookeeper.ClientCnxn$SendThread.run(ClientCnxn.java:1280)
2021-11-08 11:20:16,882 [myid:127.0.0.1:27392] - WARN  [nioEventLoopGroup-21-1:ClientCnxnSocketNetty$1@150] - future isn't success.
io.netty.channel.AbstractChannel$AnnotatedConnectException: Connection refused: no further information: xmind.net/127.0.0.1:27392
Caused by: java.net.ConnectException: Connection refused: no further information
	at sun.nio.ch.SocketChannelImpl.checkConnect(Native Method)
	at sun.nio.ch.SocketChannelImpl.finishConnect(SocketChannelImpl.java:716)
	at io.netty.channel.socket.nio.NioSocketChannel.doFinishConnect(NioSocketChannel.java:330)
	at io.netty.channel.nio.AbstractNioChannel$AbstractNioUnsafe.finishConnect(AbstractNioChannel.java:334)
	at io.netty.channel.nio.NioEventLoop.processSelectedKey(NioEventLoop.java:707)
	at io.netty.channel.nio.NioEventLoop.processSelectedKeysOptimized(NioEventLoop.java:655)
	at io.netty.channel.nio.NioEventLoop.processSelectedKeys(NioEventLoop.java:581)
	at io.netty.channel.nio.NioEventLoop.run(NioEventLoop.java:493)
	at io.netty.util.concurrent.SingleThreadEventExecutor$4.run(SingleThreadEventExecutor.java:989)
	at io.netty.util.internal.ThreadExecutorMap$2.run(ThreadExecutorMap.java:74)
	at io.netty.util.concurrent.FastThreadLocalRunnable.run(FastThreadLocalRunnable.java:30)
	at java.lang.Thread.run(Thread.java:745)
2021-11-08 11:20:17,635 [myid:127.0.0.1:27381] - INFO  [main-SendThread(127.0.0.1:27381):ClientCnxn$SendThread@1171] - Opening socket connection to server xmind.net/127.0.0.1:27381.
2021-11-08 11:20:17,635 [myid:127.0.0.1:27381] - INFO  [main-SendThread(127.0.0.1:27381):ClientCnxn$SendThread@1173] - SASL config status: Will not attempt to authenticate using SASL (unknown error)
2021-11-08 11:20:17,637 [myid:127.0.0.1:27381] - INFO  [nioEventLoopGroup-20-1:ClientCnxnSocketNetty$ZKClientPipelineFactory@454] - SSL handler added for channel: [id: 0x5a50fd1e]
2021-11-08 11:20:17,637 [myid:127.0.0.1:27381] - INFO  [nioEventLoopGroup-20-1:ClientCnxn$SendThread@1005] - Socket connection established, initiating session, client: /127.0.0.1:13886, server: xmind.net/127.0.0.1:27381
2021-11-08 11:20:17,637 [myid:127.0.0.1:27381] - INFO  [nioEventLoopGroup-20-1:ClientCnxnSocketNetty$1@184] - channel is connected: [id: 0x5a50fd1e, L:/127.0.0.1:13886 - R:xmind.net/127.0.0.1:27381]
2021-11-08 11:20:17,638 [myid:0] - WARN  [nioEventLoopGroup-17-11:ChannelInitializer@97] - Failed to initialize a channel. Closing: [id: 0x32221d0b, L:/127.0.0.1:27381 - R:/127.0.0.1:13886]
java.lang.IllegalArgumentException: Cannot support TLS_ECDHE_ECDSA_WITH_AES_256_CBC_SHA384 with currently installed providers
	at sun.security.ssl.CipherSuiteList.<init>(CipherSuiteList.java:92)
	at sun.security.ssl.SSLEngineImpl.setEnabledCipherSuites(SSLEngineImpl.java:2038)
	at io.netty.handler.ssl.JdkSslContext.configureAndWrapEngine(JdkSslContext.java:341)
	at io.netty.handler.ssl.JdkSslContext.newEngine(JdkSslContext.java:331)
	at io.netty.handler.ssl.SslContext.newHandler(SslContext.java:956)
	at io.netty.handler.ssl.SslContext.newHandler(SslContext.java:948)
	at org.apache.zookeeper.server.NettyServerCnxnFactory.initSSL(NettyServerCnxnFactory.java:575)
	at org.apache.zookeeper.server.NettyServerCnxnFactory.access$1300(NettyServerCnxnFactory.java:80)
	at org.apache.zookeeper.server.NettyServerCnxnFactory$1.initChannel(NettyServerCnxnFactory.java:540)
	at org.apache.zookeeper.server.NettyServerCnxnFactory$1.initChannel(NettyServerCnxnFactory.java:532)
	at io.netty.channel.ChannelInitializer.initChannel(ChannelInitializer.java:129)
	at io.netty.channel.ChannelInitializer.handlerAdded(ChannelInitializer.java:112)
	at io.netty.channel.AbstractChannelHandlerContext.callHandlerAdded(AbstractChannelHandlerContext.java:938)
	at io.netty.channel.DefaultChannelPipeline.callHandlerAdded0(DefaultChannelPipeline.java:609)
	at io.netty.channel.DefaultChannelPipeline.access$100(DefaultChannelPipeline.java:46)
	at io.netty.channel.DefaultChannelPipeline$PendingHandlerAddedTask.execute(DefaultChannelPipeline.java:1463)
	at io.netty.channel.DefaultChannelPipeline.callHandlerAddedForAllHandlers(DefaultChannelPipeline.java:1115)
	at io.netty.channel.DefaultChannelPipeline.invokeHandlerAddedIfNeeded(DefaultChannelPipeline.java:650)
	at io.netty.channel.AbstractChannel$AbstractUnsafe.register0(AbstractChannel.java:502)
	at io.netty.channel.AbstractChannel$AbstractUnsafe.access$200(AbstractChannel.java:417)
	at io.netty.channel.AbstractChannel$AbstractUnsafe$1.run(AbstractChannel.java:474)
	at io.netty.util.concurrent.AbstractEventExecutor.safeExecute(AbstractEventExecutor.java:164)
	at io.netty.util.concurrent.SingleThreadEventExecutor.runAllTasks(SingleThreadEventExecutor.java:472)
	at io.netty.channel.nio.NioEventLoop.run(NioEventLoop.java:500)
	at io.netty.util.concurrent.SingleThreadEventExecutor$4.run(SingleThreadEventExecutor.java:989)
	at io.netty.util.internal.ThreadExecutorMap$2.run(ThreadExecutorMap.java:74)
	at io.netty.util.concurrent.FastThreadLocalRunnable.run(FastThreadLocalRunnable.java:30)
	at java.lang.Thread.run(Thread.java:745)
2021-11-08 11:20:17,638 [myid:127.0.0.1:27381] - INFO  [nioEventLoopGroup-20-1:ClientCnxnSocketNetty$ZKClientHandler@469] - channel is disconnected: [id: 0x5a50fd1e, L:/127.0.0.1:13886 ! R:xmind.net/127.0.0.1:27381]
2021-11-08 11:20:17,638 [myid:127.0.0.1:27381] - INFO  [nioEventLoopGroup-20-1:ClientCnxnSocketNetty@249] - channel is told closing
2021-11-08 11:20:17,638 [myid:127.0.0.1:27381] - WARN  [main-SendThread(127.0.0.1:27381):ClientCnxn$SendThread@1290] - Session 0x0 for sever xmind.net/127.0.0.1:27381, Closing socket connection. Attempting reconnect except it is a SessionExpiredException.
EndOfStreamException: channel for sessionid 0x0 is lost
	at org.apache.zookeeper.ClientCnxnSocketNetty.doTransport(ClientCnxnSocketNetty.java:285)
	at org.apache.zookeeper.ClientCnxn$SendThread.run(ClientCnxn.java:1280)
2021-11-08 11:20:17,885 [myid:127.0.0.1:27392] - INFO  [main-SendThread(127.0.0.1:27392):ClientCnxn$SendThread@1171] - Opening socket connection to server xmind.net/127.0.0.1:27392.
2021-11-08 11:20:17,885 [myid:127.0.0.1:27392] - INFO  [main-SendThread(127.0.0.1:27392):ClientCnxn$SendThread@1173] - SASL config status: Will not attempt to authenticate using SASL (unknown error)
2021-11-08 11:20:17,886 [myid:127.0.0.1:27392] - INFO  [nioEventLoopGroup-21-1:ClientCnxnSocketNetty$ZKClientPipelineFactory@454] - SSL handler added for channel: [id: 0x1e48f2c8]
2021-11-08 11:20:19,564 [myid:127.0.0.1:27381] - INFO  [main-SendThread(127.0.0.1:27381):ClientCnxn$SendThread@1171] - Opening socket connection to server xmind.net/127.0.0.1:27381.
2021-11-08 11:20:19,564 [myid:127.0.0.1:27381] - INFO  [main-SendThread(127.0.0.1:27381):ClientCnxn$SendThread@1173] - SASL config status: Will not attempt to authenticate using SASL (unknown error)
2021-11-08 11:20:19,568 [myid:127.0.0.1:27381] - INFO  [nioEventLoopGroup-20-1:ClientCnxnSocketNetty$ZKClientPipelineFactory@454] - SSL handler added for channel: [id: 0x94861827]
2021-11-08 11:20:19,570 [myid:127.0.0.1:27381] - INFO  [nioEventLoopGroup-20-1:ClientCnxn$SendThread@1005] - Socket connection established, initiating session, client: /127.0.0.1:13994, server: xmind.net/127.0.0.1:27381
2021-11-08 11:20:19,570 [myid:127.0.0.1:27381] - INFO  [nioEventLoopGroup-20-1:ClientCnxnSocketNetty$1@184] - channel is connected: [id: 0x94861827, L:/127.0.0.1:13994 - R:xmind.net/127.0.0.1:27381]
2021-11-08 11:20:19,572 [myid:0] - WARN  [nioEventLoopGroup-17-12:ChannelInitializer@97] - Failed to initialize a channel. Closing: [id: 0x1c6b2e77, L:/127.0.0.1:27381 - R:/127.0.0.1:13994]
java.lang.IllegalArgumentException: Cannot support TLS_ECDHE_ECDSA_WITH_AES_256_CBC_SHA384 with currently installed providers
	at sun.security.ssl.CipherSuiteList.<init>(CipherSuiteList.java:92)
	at sun.security.ssl.SSLEngineImpl.setEnabledCipherSuites(SSLEngineImpl.java:2038)
	at io.netty.handler.ssl.JdkSslContext.configureAndWrapEngine(JdkSslContext.java:341)
	at io.netty.handler.ssl.JdkSslContext.newEngine(JdkSslContext.java:331)
	at io.netty.handler.ssl.SslContext.newHandler(SslContext.java:956)
	at io.netty.handler.ssl.SslContext.newHandler(SslContext.java:948)
	at org.apache.zookeeper.server.NettyServerCnxnFactory.initSSL(NettyServerCnxnFactory.java:575)
	at org.apache.zookeeper.server.NettyServerCnxnFactory.access$1300(NettyServerCnxnFactory.java:80)
	at org.apache.zookeeper.server.NettyServerCnxnFactory$1.initChannel(NettyServerCnxnFactory.java:540)
	at org.apache.zookeeper.server.NettyServerCnxnFactory$1.initChannel(NettyServerCnxnFactory.java:532)
	at io.netty.channel.ChannelInitializer.initChannel(ChannelInitializer.java:129)
	at io.netty.channel.ChannelInitializer.handlerAdded(ChannelInitializer.java:112)
	at io.netty.channel.AbstractChannelHandlerContext.callHandlerAdded(AbstractChannelHandlerContext.java:938)
	at io.netty.channel.DefaultChannelPipeline.callHandlerAdded0(DefaultChannelPipeline.java:609)
	at io.netty.channel.DefaultChannelPipeline.access$100(DefaultChannelPipeline.java:46)
	at io.netty.channel.DefaultChannelPipeline$PendingHandlerAddedTask.execute(DefaultChannelPipeline.java:1463)
	at io.netty.channel.DefaultChannelPipeline.callHandlerAddedForAllHandlers(DefaultChannelPipeline.java:1115)
	at io.netty.channel.DefaultChannelPipeline.invokeHandlerAddedIfNeeded(DefaultChannelPipeline.java:650)
	at io.netty.channel.AbstractChannel$AbstractUnsafe.register0(AbstractChannel.java:502)
	at io.netty.channel.AbstractChannel$AbstractUnsafe.access$200(AbstractChannel.java:417)
	at io.netty.channel.AbstractChannel$AbstractUnsafe$1.run(AbstractChannel.java:474)
	at io.netty.util.concurrent.AbstractEventExecutor.safeExecute(AbstractEventExecutor.java:164)
	at io.netty.util.concurrent.SingleThreadEventExecutor.runAllTasks(SingleThreadEventExecutor.java:472)
	at io.netty.channel.nio.NioEventLoop.run(NioEventLoop.java:500)
	at io.netty.util.concurrent.SingleThreadEventExecutor$4.run(SingleThreadEventExecutor.java:989)
	at io.netty.util.internal.ThreadExecutorMap$2.run(ThreadExecutorMap.java:74)
	at io.netty.util.concurrent.FastThreadLocalRunnable.run(FastThreadLocalRunnable.java:30)
	at java.lang.Thread.run(Thread.java:745)
2021-11-08 11:20:19,574 [myid:127.0.0.1:27381] - INFO  [nioEventLoopGroup-20-1:ClientCnxnSocketNetty$ZKClientHandler@469] - channel is disconnected: [id: 0x94861827, L:/127.0.0.1:13994 ! R:xmind.net/127.0.0.1:27381]
2021-11-08 11:20:19,574 [myid:127.0.0.1:27381] - INFO  [nioEventLoopGroup-20-1:ClientCnxnSocketNetty@249] - channel is told closing
2021-11-08 11:20:19,574 [myid:127.0.0.1:27381] - WARN  [main-SendThread(127.0.0.1:27381):ClientCnxn$SendThread@1290] - Session 0x0 for sever xmind.net/127.0.0.1:27381, Closing socket connection. Attempting reconnect except it is a SessionExpiredException.
EndOfStreamException: channel for sessionid 0x0 is lost
	at org.apache.zookeeper.ClientCnxnSocketNetty.doTransport(ClientCnxnSocketNetty.java:285)
	at org.apache.zookeeper.ClientCnxn$SendThread.run(ClientCnxn.java:1280)
2021-11-08 11:20:19,926 [myid:127.0.0.1:27392] - WARN  [nioEventLoopGroup-21-1:ClientCnxnSocketNetty$1@150] - future isn't success.
io.netty.channel.AbstractChannel$AnnotatedConnectException: Connection refused: no further information: xmind.net/127.0.0.1:27392
Caused by: java.net.ConnectException: Connection refused: no further information
	at sun.nio.ch.SocketChannelImpl.checkConnect(Native Method)
	at sun.nio.ch.SocketChannelImpl.finishConnect(SocketChannelImpl.java:716)
	at io.netty.channel.socket.nio.NioSocketChannel.doFinishConnect(NioSocketChannel.java:330)
	at io.netty.channel.nio.AbstractNioChannel$AbstractNioUnsafe.finishConnect(AbstractNioChannel.java:334)
	at io.netty.channel.nio.NioEventLoop.processSelectedKey(NioEventLoop.java:707)
	at io.netty.channel.nio.NioEventLoop.processSelectedKeysOptimized(NioEventLoop.java:655)
	at io.netty.channel.nio.NioEventLoop.processSelectedKeys(NioEventLoop.java:581)
	at io.netty.channel.nio.NioEventLoop.run(NioEventLoop.java:493)
	at io.netty.util.concurrent.SingleThreadEventExecutor$4.run(SingleThreadEventExecutor.java:989)
	at io.netty.util.internal.ThreadExecutorMap$2.run(ThreadExecutorMap.java:74)
	at io.netty.util.concurrent.FastThreadLocalRunnable.run(FastThreadLocalRunnable.java:30)
	at java.lang.Thread.run(Thread.java:745)
2021-11-08 11:20:20,610 [myid:] - INFO  [main:QuorumPeerTestBase@64] - No servers to shutdown!
2021-11-08 11:20:20,611 [myid:] - INFO  [main:ZKTestCase@82] - FINISHED Optional[public void org.apache.zookeeper.test.ClientSSLTest.testSecureStandaloneServer() throws java.lang.Exception]
]]></system-out>
  </testcase>
  <testcase name="testClientServerUnifiedPort" classname="org.apache.zookeeper.test.ClientSSLTest" time="31.306">
    <failure message="ZooKeeper client can not connect to 127.0.0.1:27393" type="org.opentest4j.AssertionFailedError">org.opentest4j.AssertionFailedError: ZooKeeper client can not connect to 127.0.0.1:27393
	at org.apache.zookeeper.test.ClientBase.createZKClient(ClientBase.java:729)
	at org.apache.zookeeper.test.ClientBase.createZKClient(ClientBase.java:719)
	at org.apache.zookeeper.test.ClientBase.createZKClient(ClientBase.java:714)
	at org.apache.zookeeper.test.ClientSSLTest.testClientServerSSL(ClientSSLTest.java:133)
	at org.apache.zookeeper.test.ClientSSLTest.testClientServerUnifiedPort(ClientSSLTest.java:84)
</failure>
    <system-out><![CDATA[2021-11-08 11:20:20,612 [myid:] - INFO  [main:ZKTestCase@77] - STARTING Optional[public void org.apache.zookeeper.test.ClientSSLTest.testClientServerUnifiedPort() throws java.lang.Exception]
2021-11-08 11:20:20,613 [myid:] - INFO  [main:PortAssignment@87] - Assigned port 27393 from range 27379 - 30071.
2021-11-08 11:20:20,613 [myid:] - INFO  [main:PortAssignment@87] - Assigned port 27394 from range 27379 - 30071.
2021-11-08 11:20:20,614 [myid:] - INFO  [main:PortAssignment@87] - Assigned port 27395 from range 27379 - 30071.
2021-11-08 11:20:20,614 [myid:] - INFO  [main:PortAssignment@87] - Assigned port 27396 from range 27379 - 30071.
2021-11-08 11:20:20,614 [myid:] - INFO  [main:PortAssignment@87] - Assigned port 27397 from range 27379 - 30071.
2021-11-08 11:20:20,614 [myid:] - INFO  [main:PortAssignment@87] - Assigned port 27398 from range 27379 - 30071.
2021-11-08 11:20:20,614 [myid:] - INFO  [main:PortAssignment@87] - Assigned port 27399 from range 27379 - 30071.
2021-11-08 11:20:20,614 [myid:] - INFO  [main:PortAssignment@87] - Assigned port 27400 from range 27379 - 30071.
2021-11-08 11:20:20,614 [myid:] - INFO  [main:PortAssignment@87] - Assigned port 27401 from range 27379 - 30071.
2021-11-08 11:20:20,614 [myid:] - INFO  [main:PortAssignment@87] - Assigned port 27402 from range 27379 - 30071.
2021-11-08 11:20:20,615 [myid:] - INFO  [main:PortAssignment@87] - Assigned port 27403 from range 27379 - 30071.
2021-11-08 11:20:20,615 [myid:] - INFO  [main:PortAssignment@87] - Assigned port 27404 from range 27379 - 30071.
2021-11-08 11:20:20,616 [myid:] - INFO  [main:QuorumPeerTestBase$MainThread@205] - id = 0 tmpDir = D:\mysoft\faiscoGit\myStudy\ZooKeeperLearning\apache-zookeeper-3.7.0\zookeeper-server\target\surefire\test5011290490630878812.junit.dir clientPort = -1 adminServerPort = 8080
2021-11-08 11:20:20,622 [myid:] - INFO  [Thread-9:QuorumPeerConfig@174] - Reading configuration from: D:\mysoft\faiscoGit\myStudy\ZooKeeperLearning\apache-zookeeper-3.7.0\zookeeper-server\target\surefire\test5011290490630878812.junit.dir\zoo.cfg
2021-11-08 11:20:20,622 [myid:] - INFO  [Thread-9:QuorumPeerConfig@435] - clientPort is not set
2021-11-08 11:20:20,623 [myid:] - INFO  [Thread-9:QuorumPeerConfig@448] - secureClientPort is not set
2021-11-08 11:20:20,623 [myid:] - INFO  [Thread-9:QuorumPeerConfig@464] - observerMasterPort is not set
2021-11-08 11:20:20,623 [myid:] - INFO  [Thread-9:QuorumPeerConfig@481] - metricsProvider.className is org.apache.zookeeper.metrics.impl.DefaultMetricsProvider
2021-11-08 11:20:20,623 [myid:] - INFO  [main:QuorumPeerTestBase$MainThread@205] - id = 1 tmpDir = D:\mysoft\faiscoGit\myStudy\ZooKeeperLearning\apache-zookeeper-3.7.0\zookeeper-server\target\surefire\test3072507700561657389.junit.dir clientPort = -1 adminServerPort = 8080
2021-11-08 11:20:20,623 [myid:0] - INFO  [Thread-9:DatadirCleanupManager@78] - autopurge.snapRetainCount set to 3
2021-11-08 11:20:20,623 [myid:0] - INFO  [Thread-9:DatadirCleanupManager@79] - autopurge.purgeInterval set to 0
2021-11-08 11:20:20,623 [myid:0] - INFO  [Thread-9:DatadirCleanupManager@101] - Purge task is not scheduled.
2021-11-08 11:20:20,623 [myid:0] - INFO  [Thread-9:ManagedUtil@44] - Log4j 1.2 jmx support found and enabled.
2021-11-08 11:20:20,623 [myid:0] - ERROR [Thread-9:ManagedUtil@109] - Problems while registering log4j 1.2 jmx beans!
javax.management.InstanceAlreadyExistsException: log4j:hierarchy=default
	at com.sun.jmx.mbeanserver.Repository.addMBean(Repository.java:437)
	at com.sun.jmx.interceptor.DefaultMBeanServerInterceptor.registerWithRepository(DefaultMBeanServerInterceptor.java:1898)
	at com.sun.jmx.interceptor.DefaultMBeanServerInterceptor.registerDynamicMBean(DefaultMBeanServerInterceptor.java:966)
	at com.sun.jmx.interceptor.DefaultMBeanServerInterceptor.registerObject(DefaultMBeanServerInterceptor.java:900)
	at com.sun.jmx.interceptor.DefaultMBeanServerInterceptor.registerMBean(DefaultMBeanServerInterceptor.java:324)
	at com.sun.jmx.mbeanserver.JmxMBeanServer.registerMBean(JmxMBeanServer.java:522)
	at org.apache.zookeeper.jmx.ManagedUtil.registerLog4jMBeans(ManagedUtil.java:72)
	at org.apache.zookeeper.server.quorum.QuorumPeerMain.runFromConfig(QuorumPeerMain.java:147)
	at org.apache.zookeeper.server.quorum.QuorumPeerMain.initializeAndRun(QuorumPeerMain.java:137)
	at org.apache.zookeeper.server.quorum.QuorumPeerTestBase$MainThread.run(QuorumPeerTestBase.java:329)
	at java.lang.Thread.run(Thread.java:745)
2021-11-08 11:20:20,624 [myid:0] - WARN  [Thread-9:QuorumPeerMain@149] - Unable to register log4j JMX control
javax.management.JMException: javax.management.InstanceAlreadyExistsException: log4j:hierarchy=default
	at org.apache.zookeeper.jmx.ManagedUtil.registerLog4jMBeans(ManagedUtil.java:110)
	at org.apache.zookeeper.server.quorum.QuorumPeerMain.runFromConfig(QuorumPeerMain.java:147)
	at org.apache.zookeeper.server.quorum.QuorumPeerMain.initializeAndRun(QuorumPeerMain.java:137)
	at org.apache.zookeeper.server.quorum.QuorumPeerTestBase$MainThread.run(QuorumPeerTestBase.java:329)
	at java.lang.Thread.run(Thread.java:745)
2021-11-08 11:20:20,624 [myid:0] - INFO  [Thread-9:QuorumPeerMain@152] - Starting quorum peer, myid=0
2021-11-08 11:20:20,624 [myid:0] - INFO  [Thread-9:ServerMetrics@62] - ServerMetrics initialized with provider org.apache.zookeeper.metrics.impl.DefaultMetricsProvider@126fac0e
2021-11-08 11:20:20,626 [myid:] - INFO  [main:QuorumPeerTestBase$MainThread@205] - id = 2 tmpDir = D:\mysoft\faiscoGit\myStudy\ZooKeeperLearning\apache-zookeeper-3.7.0\zookeeper-server\target\surefire\test35299601325447188.junit.dir clientPort = -1 adminServerPort = 8080
2021-11-08 11:20:20,626 [myid:0] - INFO  [Thread-9:DigestAuthenticationProvider@61] - zookeeper.DigestAuthenticationProvider.enabled = true
2021-11-08 11:20:20,627 [myid:0] - INFO  [Thread-9:NettyServerCnxnFactory@507] - zookeeper.client.portUnification=true
2021-11-08 11:20:20,627 [myid:0] - INFO  [Thread-9:NettyServerCnxnFactory@519] - zookeeper.netty.advancedFlowControl.enabled = false
2021-11-08 11:20:20,627 [myid:0] - INFO  [Thread-9:NettyServerCnxnFactory@106] - handshakeThrottlingEnabled = false, zookeeper.netty.server.outstandingHandshake.limit = -1
2021-11-08 11:20:20,628 [myid:] - INFO  [Thread-10:QuorumPeerConfig@174] - Reading configuration from: D:\mysoft\faiscoGit\myStudy\ZooKeeperLearning\apache-zookeeper-3.7.0\zookeeper-server\target\surefire\test3072507700561657389.junit.dir\zoo.cfg
2021-11-08 11:20:20,628 [myid:] - INFO  [main:FourLetterWordMain@94] - connecting to 127.0.0.1 27393
2021-11-08 11:20:20,628 [myid:] - INFO  [Thread-10:QuorumPeerConfig@435] - clientPort is not set
2021-11-08 11:20:20,628 [myid:] - INFO  [Thread-10:QuorumPeerConfig@448] - secureClientPort is not set
2021-11-08 11:20:20,628 [myid:] - INFO  [Thread-10:QuorumPeerConfig@464] - observerMasterPort is not set
2021-11-08 11:20:20,628 [myid:] - INFO  [Thread-10:QuorumPeerConfig@481] - metricsProvider.className is org.apache.zookeeper.metrics.impl.DefaultMetricsProvider
2021-11-08 11:20:20,629 [myid:] - INFO  [Thread-11:QuorumPeerConfig@174] - Reading configuration from: D:\mysoft\faiscoGit\myStudy\ZooKeeperLearning\apache-zookeeper-3.7.0\zookeeper-server\target\surefire\test35299601325447188.junit.dir\zoo.cfg
2021-11-08 11:20:20,630 [myid:] - INFO  [Thread-11:QuorumPeerConfig@435] - clientPort is not set
2021-11-08 11:20:20,630 [myid:] - INFO  [Thread-11:QuorumPeerConfig@448] - secureClientPort is not set
2021-11-08 11:20:20,630 [myid:] - INFO  [Thread-11:QuorumPeerConfig@464] - observerMasterPort is not set
2021-11-08 11:20:20,630 [myid:] - INFO  [Thread-11:QuorumPeerConfig@481] - metricsProvider.className is org.apache.zookeeper.metrics.impl.DefaultMetricsProvider
2021-11-08 11:20:20,630 [myid:2] - INFO  [Thread-11:DatadirCleanupManager@78] - autopurge.snapRetainCount set to 3
2021-11-08 11:20:20,630 [myid:2] - INFO  [Thread-11:DatadirCleanupManager@79] - autopurge.purgeInterval set to 0
2021-11-08 11:20:20,630 [myid:2] - INFO  [Thread-11:DatadirCleanupManager@101] - Purge task is not scheduled.
2021-11-08 11:20:20,631 [myid:2] - INFO  [Thread-11:ManagedUtil@44] - Log4j 1.2 jmx support found and enabled.
2021-11-08 11:20:20,631 [myid:2] - ERROR [Thread-11:ManagedUtil@109] - Problems while registering log4j 1.2 jmx beans!
javax.management.InstanceAlreadyExistsException: log4j:hierarchy=default
	at com.sun.jmx.mbeanserver.Repository.addMBean(Repository.java:437)
	at com.sun.jmx.interceptor.DefaultMBeanServerInterceptor.registerWithRepository(DefaultMBeanServerInterceptor.java:1898)
	at com.sun.jmx.interceptor.DefaultMBeanServerInterceptor.registerDynamicMBean(DefaultMBeanServerInterceptor.java:966)
	at com.sun.jmx.interceptor.DefaultMBeanServerInterceptor.registerObject(DefaultMBeanServerInterceptor.java:900)
	at com.sun.jmx.interceptor.DefaultMBeanServerInterceptor.registerMBean(DefaultMBeanServerInterceptor.java:324)
	at com.sun.jmx.mbeanserver.JmxMBeanServer.registerMBean(JmxMBeanServer.java:522)
	at org.apache.zookeeper.jmx.ManagedUtil.registerLog4jMBeans(ManagedUtil.java:72)
	at org.apache.zookeeper.server.quorum.QuorumPeerMain.runFromConfig(QuorumPeerMain.java:147)
	at org.apache.zookeeper.server.quorum.QuorumPeerMain.initializeAndRun(QuorumPeerMain.java:137)
	at org.apache.zookeeper.server.quorum.QuorumPeerTestBase$MainThread.run(QuorumPeerTestBase.java:329)
	at java.lang.Thread.run(Thread.java:745)
2021-11-08 11:20:20,631 [myid:2] - WARN  [Thread-11:QuorumPeerMain@149] - Unable to register log4j JMX control
javax.management.JMException: javax.management.InstanceAlreadyExistsException: log4j:hierarchy=default
	at org.apache.zookeeper.jmx.ManagedUtil.registerLog4jMBeans(ManagedUtil.java:110)
	at org.apache.zookeeper.server.quorum.QuorumPeerMain.runFromConfig(QuorumPeerMain.java:147)
	at org.apache.zookeeper.server.quorum.QuorumPeerMain.initializeAndRun(QuorumPeerMain.java:137)
	at org.apache.zookeeper.server.quorum.QuorumPeerTestBase$MainThread.run(QuorumPeerTestBase.java:329)
	at java.lang.Thread.run(Thread.java:745)
2021-11-08 11:20:20,631 [myid:2] - INFO  [Thread-11:QuorumPeerMain@152] - Starting quorum peer, myid=2
2021-11-08 11:20:20,631 [myid:2] - INFO  [Thread-11:ServerMetrics@62] - ServerMetrics initialized with provider org.apache.zookeeper.metrics.impl.DefaultMetricsProvider@77d44e7
2021-11-08 11:20:20,631 [myid:1] - INFO  [Thread-10:DatadirCleanupManager@78] - autopurge.snapRetainCount set to 3
2021-11-08 11:20:20,631 [myid:2] - INFO  [Thread-11:DigestAuthenticationProvider@61] - zookeeper.DigestAuthenticationProvider.enabled = true
2021-11-08 11:20:20,632 [myid:1] - INFO  [Thread-10:DatadirCleanupManager@79] - autopurge.purgeInterval set to 0
2021-11-08 11:20:20,632 [myid:1] - INFO  [Thread-10:DatadirCleanupManager@101] - Purge task is not scheduled.
2021-11-08 11:20:20,632 [myid:1] - INFO  [Thread-10:ManagedUtil@44] - Log4j 1.2 jmx support found and enabled.
2021-11-08 11:20:20,632 [myid:1] - ERROR [Thread-10:ManagedUtil@109] - Problems while registering log4j 1.2 jmx beans!
javax.management.InstanceAlreadyExistsException: log4j:hierarchy=default
	at com.sun.jmx.mbeanserver.Repository.addMBean(Repository.java:437)
	at com.sun.jmx.interceptor.DefaultMBeanServerInterceptor.registerWithRepository(DefaultMBeanServerInterceptor.java:1898)
	at com.sun.jmx.interceptor.DefaultMBeanServerInterceptor.registerDynamicMBean(DefaultMBeanServerInterceptor.java:966)
	at com.sun.jmx.interceptor.DefaultMBeanServerInterceptor.registerObject(DefaultMBeanServerInterceptor.java:900)
	at com.sun.jmx.interceptor.DefaultMBeanServerInterceptor.registerMBean(DefaultMBeanServerInterceptor.java:324)
	at com.sun.jmx.mbeanserver.JmxMBeanServer.registerMBean(JmxMBeanServer.java:522)
	at org.apache.zookeeper.jmx.ManagedUtil.registerLog4jMBeans(ManagedUtil.java:72)
	at org.apache.zookeeper.server.quorum.QuorumPeerMain.runFromConfig(QuorumPeerMain.java:147)
	at org.apache.zookeeper.server.quorum.QuorumPeerMain.initializeAndRun(QuorumPeerMain.java:137)
	at org.apache.zookeeper.server.quorum.QuorumPeerTestBase$MainThread.run(QuorumPeerTestBase.java:329)
	at java.lang.Thread.run(Thread.java:745)
2021-11-08 11:20:20,632 [myid:2] - INFO  [Thread-11:NettyServerCnxnFactory@507] - zookeeper.client.portUnification=true
2021-11-08 11:20:20,632 [myid:2] - INFO  [Thread-11:NettyServerCnxnFactory@519] - zookeeper.netty.advancedFlowControl.enabled = false
2021-11-08 11:20:20,632 [myid:2] - INFO  [Thread-11:NettyServerCnxnFactory@106] - handshakeThrottlingEnabled = false, zookeeper.netty.server.outstandingHandshake.limit = -1
2021-11-08 11:20:20,632 [myid:1] - WARN  [Thread-10:QuorumPeerMain@149] - Unable to register log4j JMX control
javax.management.JMException: javax.management.InstanceAlreadyExistsException: log4j:hierarchy=default
	at org.apache.zookeeper.jmx.ManagedUtil.registerLog4jMBeans(ManagedUtil.java:110)
	at org.apache.zookeeper.server.quorum.QuorumPeerMain.runFromConfig(QuorumPeerMain.java:147)
	at org.apache.zookeeper.server.quorum.QuorumPeerMain.initializeAndRun(QuorumPeerMain.java:137)
	at org.apache.zookeeper.server.quorum.QuorumPeerTestBase$MainThread.run(QuorumPeerTestBase.java:329)
	at java.lang.Thread.run(Thread.java:745)
2021-11-08 11:20:20,632 [myid:1] - INFO  [Thread-10:QuorumPeerMain@152] - Starting quorum peer, myid=1
2021-11-08 11:20:20,632 [myid:1] - INFO  [Thread-10:ServerMetrics@62] - ServerMetrics initialized with provider org.apache.zookeeper.metrics.impl.DefaultMetricsProvider@49774d52
2021-11-08 11:20:20,633 [myid:1] - INFO  [Thread-10:DigestAuthenticationProvider@61] - zookeeper.DigestAuthenticationProvider.enabled = true
2021-11-08 11:20:20,633 [myid:1] - INFO  [Thread-10:NettyServerCnxnFactory@507] - zookeeper.client.portUnification=true
2021-11-08 11:20:20,633 [myid:1] - INFO  [Thread-10:NettyServerCnxnFactory@519] - zookeeper.netty.advancedFlowControl.enabled = false
2021-11-08 11:20:20,633 [myid:1] - INFO  [Thread-10:NettyServerCnxnFactory@106] - handshakeThrottlingEnabled = false, zookeeper.netty.server.outstandingHandshake.limit = -1
2021-11-08 11:20:20,728 [myid:127.0.0.1:27381] - INFO  [main-SendThread(127.0.0.1:27381):ClientCnxn$SendThread@1171] - Opening socket connection to server xmind.net/127.0.0.1:27381.
2021-11-08 11:20:20,728 [myid:127.0.0.1:27381] - INFO  [main-SendThread(127.0.0.1:27381):ClientCnxn$SendThread@1173] - SASL config status: Will not attempt to authenticate using SASL (unknown error)
2021-11-08 11:20:20,729 [myid:127.0.0.1:27381] - INFO  [nioEventLoopGroup-20-1:ClientCnxnSocketNetty$ZKClientPipelineFactory@454] - SSL handler added for channel: [id: 0x469646d8]
2021-11-08 11:20:20,730 [myid:127.0.0.1:27381] - INFO  [nioEventLoopGroup-20-1:ClientCnxn$SendThread@1005] - Socket connection established, initiating session, client: /127.0.0.1:14006, server: xmind.net/127.0.0.1:27381
2021-11-08 11:20:20,730 [myid:127.0.0.1:27381] - INFO  [nioEventLoopGroup-20-1:ClientCnxnSocketNetty$1@184] - channel is connected: [id: 0x469646d8, L:/127.0.0.1:14006 - R:xmind.net/127.0.0.1:27381]
2021-11-08 11:20:20,730 [myid:0] - WARN  [nioEventLoopGroup-17-1:ChannelInitializer@97] - Failed to initialize a channel. Closing: [id: 0x12f69ce5, L:/127.0.0.1:27381 - R:/127.0.0.1:14006]
java.lang.IllegalArgumentException: Cannot support TLS_ECDHE_ECDSA_WITH_AES_256_CBC_SHA384 with currently installed providers
	at sun.security.ssl.CipherSuiteList.<init>(CipherSuiteList.java:92)
	at sun.security.ssl.SSLEngineImpl.setEnabledCipherSuites(SSLEngineImpl.java:2038)
	at io.netty.handler.ssl.JdkSslContext.configureAndWrapEngine(JdkSslContext.java:341)
	at io.netty.handler.ssl.JdkSslContext.newEngine(JdkSslContext.java:331)
	at io.netty.handler.ssl.SslContext.newHandler(SslContext.java:956)
	at io.netty.handler.ssl.SslContext.newHandler(SslContext.java:948)
	at org.apache.zookeeper.server.NettyServerCnxnFactory.initSSL(NettyServerCnxnFactory.java:575)
	at org.apache.zookeeper.server.NettyServerCnxnFactory.access$1300(NettyServerCnxnFactory.java:80)
	at org.apache.zookeeper.server.NettyServerCnxnFactory$1.initChannel(NettyServerCnxnFactory.java:540)
	at org.apache.zookeeper.server.NettyServerCnxnFactory$1.initChannel(NettyServerCnxnFactory.java:532)
	at io.netty.channel.ChannelInitializer.initChannel(ChannelInitializer.java:129)
	at io.netty.channel.ChannelInitializer.handlerAdded(ChannelInitializer.java:112)
	at io.netty.channel.AbstractChannelHandlerContext.callHandlerAdded(AbstractChannelHandlerContext.java:938)
	at io.netty.channel.DefaultChannelPipeline.callHandlerAdded0(DefaultChannelPipeline.java:609)
	at io.netty.channel.DefaultChannelPipeline.access$100(DefaultChannelPipeline.java:46)
	at io.netty.channel.DefaultChannelPipeline$PendingHandlerAddedTask.execute(DefaultChannelPipeline.java:1463)
	at io.netty.channel.DefaultChannelPipeline.callHandlerAddedForAllHandlers(DefaultChannelPipeline.java:1115)
	at io.netty.channel.DefaultChannelPipeline.invokeHandlerAddedIfNeeded(DefaultChannelPipeline.java:650)
	at io.netty.channel.AbstractChannel$AbstractUnsafe.register0(AbstractChannel.java:502)
	at io.netty.channel.AbstractChannel$AbstractUnsafe.access$200(AbstractChannel.java:417)
	at io.netty.channel.AbstractChannel$AbstractUnsafe$1.run(AbstractChannel.java:474)
	at io.netty.util.concurrent.AbstractEventExecutor.safeExecute(AbstractEventExecutor.java:164)
	at io.netty.util.concurrent.SingleThreadEventExecutor.runAllTasks(SingleThreadEventExecutor.java:472)
	at io.netty.channel.nio.NioEventLoop.run(NioEventLoop.java:500)
	at io.netty.util.concurrent.SingleThreadEventExecutor$4.run(SingleThreadEventExecutor.java:989)
	at io.netty.util.internal.ThreadExecutorMap$2.run(ThreadExecutorMap.java:74)
	at io.netty.util.concurrent.FastThreadLocalRunnable.run(FastThreadLocalRunnable.java:30)
	at java.lang.Thread.run(Thread.java:745)
2021-11-08 11:20:20,731 [myid:127.0.0.1:27381] - INFO  [nioEventLoopGroup-20-1:ClientCnxnSocketNetty$ZKClientHandler@469] - channel is disconnected: [id: 0x469646d8, L:/127.0.0.1:14006 ! R:xmind.net/127.0.0.1:27381]
2021-11-08 11:20:20,731 [myid:127.0.0.1:27381] - INFO  [nioEventLoopGroup-20-1:ClientCnxnSocketNetty@249] - channel is told closing
2021-11-08 11:20:20,731 [myid:127.0.0.1:27381] - WARN  [main-SendThread(127.0.0.1:27381):ClientCnxn$SendThread@1290] - Session 0x0 for sever xmind.net/127.0.0.1:27381, Closing socket connection. Attempting reconnect except it is a SessionExpiredException.
EndOfStreamException: channel for sessionid 0x0 is lost
	at org.apache.zookeeper.ClientCnxnSocketNetty.doTransport(ClientCnxnSocketNetty.java:285)
	at org.apache.zookeeper.ClientCnxn$SendThread.run(ClientCnxn.java:1280)
2021-11-08 11:20:20,927 [myid:127.0.0.1:27392] - INFO  [main-SendThread(127.0.0.1:27392):ClientCnxn$SendThread@1171] - Opening socket connection to server xmind.net/127.0.0.1:27392.
2021-11-08 11:20:20,927 [myid:127.0.0.1:27392] - INFO  [main-SendThread(127.0.0.1:27392):ClientCnxn$SendThread@1173] - SASL config status: Will not attempt to authenticate using SASL (unknown error)
2021-11-08 11:20:20,929 [myid:127.0.0.1:27392] - INFO  [nioEventLoopGroup-21-1:ClientCnxnSocketNetty$ZKClientPipelineFactory@454] - SSL handler added for channel: [id: 0x7b3848c2]
2021-11-08 11:20:21,143 [myid:0] - INFO  [Thread-9:ServerCnxnFactory@169] - Using org.apache.zookeeper.server.NettyServerCnxnFactory as server connection factory
2021-11-08 11:20:21,143 [myid:0] - WARN  [Thread-9:ServerCnxnFactory@309] - maxCnxns is not configured, using default value 0.
2021-11-08 11:20:21,143 [myid:0] - INFO  [Thread-9:NettyServerCnxnFactory@606] - configure org.apache.zookeeper.server.NettyServerCnxnFactory@7185bc61 secure: false on addr /127.0.0.1:27393
2021-11-08 11:20:21,143 [myid:0] - INFO  [Thread-9:FileTxnSnapLog@124] - zookeeper.snapshot.trust.empty : false
2021-11-08 11:20:21,143 [myid:0] - INFO  [Thread-9:QuorumPeer@1742] - Local sessions disabled
2021-11-08 11:20:21,144 [myid:0] - INFO  [Thread-9:QuorumPeer@1753] - Local session upgrading disabled
2021-11-08 11:20:21,144 [myid:0] - INFO  [Thread-9:QuorumPeer@1720] - tickTime set to 4000
2021-11-08 11:20:21,144 [myid:0] - INFO  [Thread-9:QuorumPeer@1764] - minSessionTimeout set to 8000
2021-11-08 11:20:21,144 [myid:0] - INFO  [Thread-9:QuorumPeer@1775] - maxSessionTimeout set to 80000
2021-11-08 11:20:21,144 [myid:0] - INFO  [Thread-9:QuorumPeer@1800] - initLimit set to 10
2021-11-08 11:20:21,144 [myid:0] - INFO  [Thread-9:QuorumPeer@1987] - syncLimit set to 5
2021-11-08 11:20:21,144 [myid:0] - INFO  [Thread-9:QuorumPeer@2002] - connectToLearnerMasterLimit set to 5
2021-11-08 11:20:21,145 [myid:0] - INFO  [Thread-9:WatchManagerFactory@42] - Using org.apache.zookeeper.server.watch.WatchManager as watch manager
2021-11-08 11:20:21,145 [myid:0] - INFO  [Thread-9:WatchManagerFactory@42] - Using org.apache.zookeeper.server.watch.WatchManager as watch manager
2021-11-08 11:20:21,145 [myid:0] - INFO  [Thread-9:ZKDatabase@133] - zookeeper.snapshotSizeFactor = 0.33
2021-11-08 11:20:21,145 [myid:0] - INFO  [Thread-9:ZKDatabase@153] - zookeeper.commitLogCount=500
2021-11-08 11:20:21,145 [myid:0] - INFO  [Thread-9:QuorumPeer@2066] - Using insecure (non-TLS) quorum communication
2021-11-08 11:20:21,145 [myid:0] - INFO  [Thread-9:QuorumPeer@2072] - Port unification disabled
2021-11-08 11:20:21,145 [myid:0] - INFO  [Thread-9:QuorumPeer@179] - multiAddress.enabled set to false
2021-11-08 11:20:21,145 [myid:0] - INFO  [Thread-9:QuorumPeer@204] - multiAddress.reachabilityCheckEnabled set to true
2021-11-08 11:20:21,145 [myid:0] - INFO  [Thread-9:QuorumPeer@191] - multiAddress.reachabilityCheckTimeoutMs set to 1000
2021-11-08 11:20:21,145 [myid:0] - INFO  [Thread-9:QuorumPeer@2527] - QuorumPeer communication is not secured! (SASL auth disabled)
2021-11-08 11:20:21,145 [myid:0] - INFO  [Thread-9:QuorumPeer@2552] - quorum.cnxn.threads.size set to 20
2021-11-08 11:20:21,146 [myid:0] - INFO  [Thread-9:FileTxnSnapLog@260] - Initialize file found, an empty database will not block voting participation
2021-11-08 11:20:21,146 [myid:0] - INFO  [Thread-9:FileTxnSnapLog@479] - Snapshotting: 0x0 to D:\mysoft\faiscoGit\myStudy\ZooKeeperLearning\apache-zookeeper-3.7.0\zookeeper-server\target\surefire\test5011290490630878812.junit.dir\data\version-2\snapshot.0
2021-11-08 11:20:21,146 [myid:0] - INFO  [Thread-9:ZKDatabase@290] - Snapshot loaded in 1 ms, highest zxid is 0x0, digest is 1371985504
2021-11-08 11:20:21,147 [myid:0] - INFO  [Thread-9:QuorumPeer@1157] - currentEpoch not found! Creating with a reasonable default of 0. This should only happen when you are upgrading your installation
2021-11-08 11:20:21,148 [myid:1] - INFO  [Thread-10:ServerCnxnFactory@169] - Using org.apache.zookeeper.server.NettyServerCnxnFactory as server connection factory
2021-11-08 11:20:21,148 [myid:1] - WARN  [Thread-10:ServerCnxnFactory@309] - maxCnxns is not configured, using default value 0.
2021-11-08 11:20:21,148 [myid:1] - INFO  [Thread-10:NettyServerCnxnFactory@606] - configure org.apache.zookeeper.server.NettyServerCnxnFactory@5415e0fd secure: false on addr /127.0.0.1:27397
2021-11-08 11:20:21,148 [myid:1] - INFO  [Thread-10:FileTxnSnapLog@124] - zookeeper.snapshot.trust.empty : false
2021-11-08 11:20:21,152 [myid:2] - INFO  [Thread-11:ServerCnxnFactory@169] - Using org.apache.zookeeper.server.NettyServerCnxnFactory as server connection factory
2021-11-08 11:20:21,152 [myid:1] - INFO  [Thread-10:QuorumPeer@1742] - Local sessions disabled
2021-11-08 11:20:21,152 [myid:2] - WARN  [Thread-11:ServerCnxnFactory@309] - maxCnxns is not configured, using default value 0.
2021-11-08 11:20:21,152 [myid:1] - INFO  [Thread-10:QuorumPeer@1753] - Local session upgrading disabled
2021-11-08 11:20:21,152 [myid:2] - INFO  [Thread-11:NettyServerCnxnFactory@606] - configure org.apache.zookeeper.server.NettyServerCnxnFactory@58dd008a secure: false on addr /127.0.0.1:27401
2021-11-08 11:20:21,152 [myid:1] - INFO  [Thread-10:QuorumPeer@1720] - tickTime set to 4000
2021-11-08 11:20:21,152 [myid:1] - INFO  [Thread-10:QuorumPeer@1764] - minSessionTimeout set to 8000
2021-11-08 11:20:21,152 [myid:1] - INFO  [Thread-10:QuorumPeer@1775] - maxSessionTimeout set to 80000
2021-11-08 11:20:21,152 [myid:1] - INFO  [Thread-10:QuorumPeer@1800] - initLimit set to 10
2021-11-08 11:20:21,152 [myid:1] - INFO  [Thread-10:QuorumPeer@1987] - syncLimit set to 5
2021-11-08 11:20:21,152 [myid:1] - INFO  [Thread-10:QuorumPeer@2002] - connectToLearnerMasterLimit set to 5
2021-11-08 11:20:21,152 [myid:2] - INFO  [Thread-11:FileTxnSnapLog@124] - zookeeper.snapshot.trust.empty : false
2021-11-08 11:20:21,152 [myid:1] - INFO  [Thread-10:WatchManagerFactory@42] - Using org.apache.zookeeper.server.watch.WatchManager as watch manager
2021-11-08 11:20:21,152 [myid:1] - INFO  [Thread-10:WatchManagerFactory@42] - Using org.apache.zookeeper.server.watch.WatchManager as watch manager
2021-11-08 11:20:21,153 [myid:1] - INFO  [Thread-10:ZKDatabase@133] - zookeeper.snapshotSizeFactor = 0.33
2021-11-08 11:20:21,153 [myid:1] - INFO  [Thread-10:ZKDatabase@153] - zookeeper.commitLogCount=500
2021-11-08 11:20:21,153 [myid:1] - INFO  [Thread-10:QuorumPeer@2066] - Using insecure (non-TLS) quorum communication
2021-11-08 11:20:21,153 [myid:1] - INFO  [Thread-10:QuorumPeer@2072] - Port unification disabled
2021-11-08 11:20:21,153 [myid:1] - INFO  [Thread-10:QuorumPeer@179] - multiAddress.enabled set to false
2021-11-08 11:20:21,153 [myid:1] - INFO  [Thread-10:QuorumPeer@204] - multiAddress.reachabilityCheckEnabled set to true
2021-11-08 11:20:21,153 [myid:1] - INFO  [Thread-10:QuorumPeer@191] - multiAddress.reachabilityCheckTimeoutMs set to 1000
2021-11-08 11:20:21,153 [myid:1] - INFO  [Thread-10:QuorumPeer@2527] - QuorumPeer communication is not secured! (SASL auth disabled)
2021-11-08 11:20:21,153 [myid:1] - INFO  [Thread-10:QuorumPeer@2552] - quorum.cnxn.threads.size set to 20
2021-11-08 11:20:21,153 [myid:2] - INFO  [Thread-11:QuorumPeer@1742] - Local sessions disabled
2021-11-08 11:20:21,153 [myid:2] - INFO  [Thread-11:QuorumPeer@1753] - Local session upgrading disabled
2021-11-08 11:20:21,153 [myid:2] - INFO  [Thread-11:QuorumPeer@1720] - tickTime set to 4000
2021-11-08 11:20:21,153 [myid:2] - INFO  [Thread-11:QuorumPeer@1764] - minSessionTimeout set to 8000
2021-11-08 11:20:21,153 [myid:2] - INFO  [Thread-11:QuorumPeer@1775] - maxSessionTimeout set to 80000
2021-11-08 11:20:21,153 [myid:2] - INFO  [Thread-11:QuorumPeer@1800] - initLimit set to 10
2021-11-08 11:20:21,153 [myid:2] - INFO  [Thread-11:QuorumPeer@1987] - syncLimit set to 5
2021-11-08 11:20:21,153 [myid:2] - INFO  [Thread-11:QuorumPeer@2002] - connectToLearnerMasterLimit set to 5
2021-11-08 11:20:21,153 [myid:0] - INFO  [Thread-9:QuorumPeer@1177] - acceptedEpoch not found! Creating with a reasonable default of 0. This should only happen when you are upgrading your installation
2021-11-08 11:20:21,153 [myid:1] - INFO  [Thread-10:FileTxnSnapLog@260] - Initialize file found, an empty database will not block voting participation
2021-11-08 11:20:21,153 [myid:2] - INFO  [Thread-11:WatchManagerFactory@42] - Using org.apache.zookeeper.server.watch.WatchManager as watch manager
2021-11-08 11:20:21,153 [myid:2] - INFO  [Thread-11:WatchManagerFactory@42] - Using org.apache.zookeeper.server.watch.WatchManager as watch manager
2021-11-08 11:20:21,153 [myid:2] - INFO  [Thread-11:ZKDatabase@133] - zookeeper.snapshotSizeFactor = 0.33
2021-11-08 11:20:21,154 [myid:2] - INFO  [Thread-11:ZKDatabase@153] - zookeeper.commitLogCount=500
2021-11-08 11:20:21,154 [myid:1] - INFO  [Thread-10:FileTxnSnapLog@479] - Snapshotting: 0x0 to D:\mysoft\faiscoGit\myStudy\ZooKeeperLearning\apache-zookeeper-3.7.0\zookeeper-server\target\surefire\test3072507700561657389.junit.dir\data\version-2\snapshot.0
2021-11-08 11:20:21,154 [myid:2] - INFO  [Thread-11:QuorumPeer@2066] - Using insecure (non-TLS) quorum communication
2021-11-08 11:20:21,154 [myid:2] - INFO  [Thread-11:QuorumPeer@2072] - Port unification disabled
2021-11-08 11:20:21,154 [myid:2] - INFO  [Thread-11:QuorumPeer@179] - multiAddress.enabled set to false
2021-11-08 11:20:21,154 [myid:2] - INFO  [Thread-11:QuorumPeer@204] - multiAddress.reachabilityCheckEnabled set to true
2021-11-08 11:20:21,154 [myid:2] - INFO  [Thread-11:QuorumPeer@191] - multiAddress.reachabilityCheckTimeoutMs set to 1000
2021-11-08 11:20:21,154 [myid:2] - INFO  [Thread-11:QuorumPeer@2527] - QuorumPeer communication is not secured! (SASL auth disabled)
2021-11-08 11:20:21,154 [myid:2] - INFO  [Thread-11:QuorumPeer@2552] - quorum.cnxn.threads.size set to 20
2021-11-08 11:20:21,154 [myid:1] - INFO  [Thread-10:ZKDatabase@290] - Snapshot loaded in 1 ms, highest zxid is 0x0, digest is 1371985504
2021-11-08 11:20:21,154 [myid:1] - INFO  [Thread-10:QuorumPeer@1157] - currentEpoch not found! Creating with a reasonable default of 0. This should only happen when you are upgrading your installation
2021-11-08 11:20:21,155 [myid:2] - INFO  [Thread-11:FileTxnSnapLog@260] - Initialize file found, an empty database will not block voting participation
2021-11-08 11:20:21,155 [myid:2] - INFO  [Thread-11:FileTxnSnapLog@479] - Snapshotting: 0x0 to D:\mysoft\faiscoGit\myStudy\ZooKeeperLearning\apache-zookeeper-3.7.0\zookeeper-server\target\surefire\test35299601325447188.junit.dir\data\version-2\snapshot.0
2021-11-08 11:20:21,157 [myid:0] - INFO  [Thread-9:NettyServerCnxnFactory@695] - binding to port /127.0.0.1:27393
2021-11-08 11:20:21,157 [myid:1] - INFO  [Thread-10:QuorumPeer@1177] - acceptedEpoch not found! Creating with a reasonable default of 0. This should only happen when you are upgrading your installation
2021-11-08 11:20:21,158 [myid:0] - INFO  [Thread-9:NettyServerCnxnFactory@700] - bound to port 27393
2021-11-08 11:20:21,158 [myid:0] - INFO  [Thread-9:QuorumPeer@2569] - Using 20000ms as the quorum cnxn socket timeout
2021-11-08 11:20:21,158 [myid:0] - INFO  [Thread-9:QuorumCnxManager$Listener@924] - Election port bind maximum retries is 3
2021-11-08 11:20:21,159 [myid:2] - INFO  [Thread-11:ZKDatabase@290] - Snapshot loaded in 5 ms, highest zxid is 0x0, digest is 1371985504
2021-11-08 11:20:21,159 [myid:2] - INFO  [Thread-11:QuorumPeer@1157] - currentEpoch not found! Creating with a reasonable default of 0. This should only happen when you are upgrading your installation
2021-11-08 11:20:21,159 [myid:0] - INFO  [ListenerHandler-/127.0.0.1:27396:QuorumCnxManager$Listener$ListenerHandler@1066] - 0 is accepting connections now, my election bind port: /127.0.0.1:27396
2021-11-08 11:20:21,159 [myid:0] - WARN  [QuorumPeer[myid=0](plain=127.0.0.1:27393)(secure=disabled):MBeanRegistry@110] - Failed to register MBean ReplicatedServer_id0
2021-11-08 11:20:21,159 [myid:0] - WARN  [QuorumPeer[myid=0](plain=127.0.0.1:27393)(secure=disabled):QuorumPeer@1415] - Failed to register with JMX
javax.management.InstanceAlreadyExistsException: org.apache.ZooKeeperService:name0=ReplicatedServer_id0
	at com.sun.jmx.mbeanserver.Repository.addMBean(Repository.java:437)
	at com.sun.jmx.interceptor.DefaultMBeanServerInterceptor.registerWithRepository(DefaultMBeanServerInterceptor.java:1898)
	at com.sun.jmx.interceptor.DefaultMBeanServerInterceptor.registerDynamicMBean(DefaultMBeanServerInterceptor.java:966)
	at com.sun.jmx.interceptor.DefaultMBeanServerInterceptor.registerObject(DefaultMBeanServerInterceptor.java:900)
	at com.sun.jmx.interceptor.DefaultMBeanServerInterceptor.registerMBean(DefaultMBeanServerInterceptor.java:324)
	at com.sun.jmx.mbeanserver.JmxMBeanServer.registerMBean(JmxMBeanServer.java:522)
	at org.apache.zookeeper.jmx.MBeanRegistry.register(MBeanRegistry.java:106)
	at org.apache.zookeeper.server.quorum.QuorumPeer.run(QuorumPeer.java:1393)
2021-11-08 11:20:21,159 [myid:0] - INFO  [QuorumPeer[myid=0](plain=127.0.0.1:27393)(secure=disabled):QuorumPeer@1430] - LOOKING
2021-11-08 11:20:21,159 [myid:0] - INFO  [QuorumPeer[myid=0](plain=127.0.0.1:27393)(secure=disabled):FastLeaderElection@947] - New election. My id = 0, proposed zxid=0x0
2021-11-08 11:20:21,160 [myid:0] - INFO  [WorkerReceiver[myid=0]:FastLeaderElection$Messenger$WorkerReceiver@390] - Notification: my state:LOOKING; n.sid:0, n.state:LOOKING, n.leader:0, n.round:0x1, n.peerEpoch:0x0, n.zxid:0x0, message format version:0x2, n.config version:0x0
2021-11-08 11:20:21,160 [myid:1] - INFO  [Thread-10:NettyServerCnxnFactory@695] - binding to port /127.0.0.1:27397
2021-11-08 11:20:21,161 [myid:1] - INFO  [Thread-10:NettyServerCnxnFactory@700] - bound to port 27397
2021-11-08 11:20:21,161 [myid:1] - INFO  [Thread-10:QuorumPeer@2569] - Using 20000ms as the quorum cnxn socket timeout
2021-11-08 11:20:21,161 [myid:1] - INFO  [Thread-10:QuorumCnxManager$Listener@924] - Election port bind maximum retries is 3
2021-11-08 11:20:21,162 [myid:1] - WARN  [QuorumPeer[myid=1](plain=127.0.0.1:27397)(secure=disabled):MBeanRegistry@110] - Failed to register MBean ReplicatedServer_id1
2021-11-08 11:20:21,162 [myid:1] - WARN  [QuorumPeer[myid=1](plain=127.0.0.1:27397)(secure=disabled):QuorumPeer@1415] - Failed to register with JMX
javax.management.InstanceAlreadyExistsException: org.apache.ZooKeeperService:name0=ReplicatedServer_id1
	at com.sun.jmx.mbeanserver.Repository.addMBean(Repository.java:437)
	at com.sun.jmx.interceptor.DefaultMBeanServerInterceptor.registerWithRepository(DefaultMBeanServerInterceptor.java:1898)
	at com.sun.jmx.interceptor.DefaultMBeanServerInterceptor.registerDynamicMBean(DefaultMBeanServerInterceptor.java:966)
	at com.sun.jmx.interceptor.DefaultMBeanServerInterceptor.registerObject(DefaultMBeanServerInterceptor.java:900)
	at com.sun.jmx.interceptor.DefaultMBeanServerInterceptor.registerMBean(DefaultMBeanServerInterceptor.java:324)
	at com.sun.jmx.mbeanserver.JmxMBeanServer.registerMBean(JmxMBeanServer.java:522)
	at org.apache.zookeeper.jmx.MBeanRegistry.register(MBeanRegistry.java:106)
	at org.apache.zookeeper.server.quorum.QuorumPeer.run(QuorumPeer.java:1393)
2021-11-08 11:20:21,162 [myid:1] - INFO  [ListenerHandler-/127.0.0.1:27400:QuorumCnxManager$Listener$ListenerHandler@1066] - 1 is accepting connections now, my election bind port: /127.0.0.1:27400
2021-11-08 11:20:21,162 [myid:1] - INFO  [QuorumPeer[myid=1](plain=127.0.0.1:27397)(secure=disabled):QuorumPeer@1430] - LOOKING
2021-11-08 11:20:21,162 [myid:1] - WARN  [QuorumPeer[myid=1](plain=127.0.0.1:27397)(secure=disabled):MBeanRegistry@110] - Failed to register MBean LeaderElection
2021-11-08 11:20:21,162 [myid:1] - WARN  [QuorumPeer[myid=1](plain=127.0.0.1:27397)(secure=disabled):FastLeaderElection@916] - Failed to register with JMX
javax.management.InstanceAlreadyExistsException: org.apache.ZooKeeperService:name0=LeaderElection
	at com.sun.jmx.mbeanserver.Repository.addMBean(Repository.java:437)
	at com.sun.jmx.interceptor.DefaultMBeanServerInterceptor.registerWithRepository(DefaultMBeanServerInterceptor.java:1898)
	at com.sun.jmx.interceptor.DefaultMBeanServerInterceptor.registerDynamicMBean(DefaultMBeanServerInterceptor.java:966)
	at com.sun.jmx.interceptor.DefaultMBeanServerInterceptor.registerObject(DefaultMBeanServerInterceptor.java:900)
	at com.sun.jmx.interceptor.DefaultMBeanServerInterceptor.registerMBean(DefaultMBeanServerInterceptor.java:324)
	at com.sun.jmx.mbeanserver.JmxMBeanServer.registerMBean(JmxMBeanServer.java:522)
	at org.apache.zookeeper.jmx.MBeanRegistry.register(MBeanRegistry.java:106)
	at org.apache.zookeeper.server.quorum.FastLeaderElection.lookForLeader(FastLeaderElection.java:914)
	at org.apache.zookeeper.server.quorum.QuorumPeer.run(QuorumPeer.java:1484)
2021-11-08 11:20:21,162 [myid:1] - INFO  [QuorumPeer[myid=1](plain=127.0.0.1:27397)(secure=disabled):FastLeaderElection@947] - New election. My id = 1, proposed zxid=0x0
2021-11-08 11:20:21,162 [myid:2] - INFO  [Thread-11:QuorumPeer@1177] - acceptedEpoch not found! Creating with a reasonable default of 0. This should only happen when you are upgrading your installation
2021-11-08 11:20:21,163 [myid:1] - INFO  [WorkerReceiver[myid=1]:FastLeaderElection$Messenger$WorkerReceiver@390] - Notification: my state:LOOKING; n.sid:1, n.state:LOOKING, n.leader:1, n.round:0x1, n.peerEpoch:0x0, n.zxid:0x0, message format version:0x2, n.config version:0x0
2021-11-08 11:20:21,163 [myid:0] - INFO  [ListenerHandler-/127.0.0.1:27396:QuorumCnxManager$Listener$ListenerHandler@1071] - Received connection request from /127.0.0.1:14090
2021-11-08 11:20:21,164 [myid:1] - INFO  [WorkerReceiver[myid=1]:FastLeaderElection$Messenger$WorkerReceiver@390] - Notification: my state:LOOKING; n.sid:0, n.state:LOOKING, n.leader:0, n.round:0x1, n.peerEpoch:0x0, n.zxid:0x0, message format version:0x2, n.config version:0x0
2021-11-08 11:20:21,164 [myid:0] - INFO  [WorkerReceiver[myid=0]:FastLeaderElection$Messenger$WorkerReceiver@390] - Notification: my state:LOOKING; n.sid:1, n.state:LOOKING, n.leader:1, n.round:0x1, n.peerEpoch:0x0, n.zxid:0x0, message format version:0x2, n.config version:0x0
2021-11-08 11:20:21,165 [myid:0] - INFO  [WorkerReceiver[myid=0]:FastLeaderElection$Messenger$WorkerReceiver@390] - Notification: my state:LOOKING; n.sid:0, n.state:LOOKING, n.leader:1, n.round:0x1, n.peerEpoch:0x0, n.zxid:0x0, message format version:0x2, n.config version:0x0
2021-11-08 11:20:21,165 [myid:1] - INFO  [WorkerReceiver[myid=1]:FastLeaderElection$Messenger$WorkerReceiver@390] - Notification: my state:LOOKING; n.sid:0, n.state:LOOKING, n.leader:1, n.round:0x1, n.peerEpoch:0x0, n.zxid:0x0, message format version:0x2, n.config version:0x0
2021-11-08 11:20:21,165 [myid:2] - INFO  [Thread-11:NettyServerCnxnFactory@695] - binding to port /127.0.0.1:27401
2021-11-08 11:20:21,166 [myid:2] - INFO  [Thread-11:NettyServerCnxnFactory@700] - bound to port 27401
2021-11-08 11:20:21,166 [myid:2] - INFO  [Thread-11:QuorumPeer@2569] - Using 20000ms as the quorum cnxn socket timeout
2021-11-08 11:20:21,166 [myid:2] - INFO  [Thread-11:QuorumCnxManager$Listener@924] - Election port bind maximum retries is 3
2021-11-08 11:20:21,167 [myid:2] - WARN  [QuorumPeer[myid=2](plain=127.0.0.1:27401)(secure=disabled):MBeanRegistry@110] - Failed to register MBean ReplicatedServer_id2
2021-11-08 11:20:21,167 [myid:2] - WARN  [QuorumPeer[myid=2](plain=127.0.0.1:27401)(secure=disabled):QuorumPeer@1415] - Failed to register with JMX
javax.management.InstanceAlreadyExistsException: org.apache.ZooKeeperService:name0=ReplicatedServer_id2
	at com.sun.jmx.mbeanserver.Repository.addMBean(Repository.java:437)
	at com.sun.jmx.interceptor.DefaultMBeanServerInterceptor.registerWithRepository(DefaultMBeanServerInterceptor.java:1898)
	at com.sun.jmx.interceptor.DefaultMBeanServerInterceptor.registerDynamicMBean(DefaultMBeanServerInterceptor.java:966)
	at com.sun.jmx.interceptor.DefaultMBeanServerInterceptor.registerObject(DefaultMBeanServerInterceptor.java:900)
	at com.sun.jmx.interceptor.DefaultMBeanServerInterceptor.registerMBean(DefaultMBeanServerInterceptor.java:324)
	at com.sun.jmx.mbeanserver.JmxMBeanServer.registerMBean(JmxMBeanServer.java:522)
	at org.apache.zookeeper.jmx.MBeanRegistry.register(MBeanRegistry.java:106)
	at org.apache.zookeeper.server.quorum.QuorumPeer.run(QuorumPeer.java:1393)
2021-11-08 11:20:21,167 [myid:2] - INFO  [ListenerHandler-/127.0.0.1:27404:QuorumCnxManager$Listener$ListenerHandler@1066] - 2 is accepting connections now, my election bind port: /127.0.0.1:27404
2021-11-08 11:20:21,167 [myid:2] - INFO  [QuorumPeer[myid=2](plain=127.0.0.1:27401)(secure=disabled):QuorumPeer@1430] - LOOKING
2021-11-08 11:20:21,167 [myid:2] - WARN  [QuorumPeer[myid=2](plain=127.0.0.1:27401)(secure=disabled):MBeanRegistry@110] - Failed to register MBean LeaderElection
2021-11-08 11:20:21,167 [myid:2] - WARN  [QuorumPeer[myid=2](plain=127.0.0.1:27401)(secure=disabled):FastLeaderElection@916] - Failed to register with JMX
javax.management.InstanceAlreadyExistsException: org.apache.ZooKeeperService:name0=LeaderElection
	at com.sun.jmx.mbeanserver.Repository.addMBean(Repository.java:437)
	at com.sun.jmx.interceptor.DefaultMBeanServerInterceptor.registerWithRepository(DefaultMBeanServerInterceptor.java:1898)
	at com.sun.jmx.interceptor.DefaultMBeanServerInterceptor.registerDynamicMBean(DefaultMBeanServerInterceptor.java:966)
	at com.sun.jmx.interceptor.DefaultMBeanServerInterceptor.registerObject(DefaultMBeanServerInterceptor.java:900)
	at com.sun.jmx.interceptor.DefaultMBeanServerInterceptor.registerMBean(DefaultMBeanServerInterceptor.java:324)
	at com.sun.jmx.mbeanserver.JmxMBeanServer.registerMBean(JmxMBeanServer.java:522)
	at org.apache.zookeeper.jmx.MBeanRegistry.register(MBeanRegistry.java:106)
	at org.apache.zookeeper.server.quorum.FastLeaderElection.lookForLeader(FastLeaderElection.java:914)
	at org.apache.zookeeper.server.quorum.QuorumPeer.run(QuorumPeer.java:1484)
2021-11-08 11:20:21,167 [myid:2] - INFO  [QuorumPeer[myid=2](plain=127.0.0.1:27401)(secure=disabled):FastLeaderElection@947] - New election. My id = 2, proposed zxid=0x0
2021-11-08 11:20:21,168 [myid:2] - INFO  [WorkerReceiver[myid=2]:FastLeaderElection$Messenger$WorkerReceiver@390] - Notification: my state:LOOKING; n.sid:2, n.state:LOOKING, n.leader:2, n.round:0x1, n.peerEpoch:0x0, n.zxid:0x0, message format version:0x2, n.config version:0x0
2021-11-08 11:20:21,168 [myid:0] - INFO  [ListenerHandler-/127.0.0.1:27396:QuorumCnxManager$Listener$ListenerHandler@1071] - Received connection request from /127.0.0.1:14092
2021-11-08 11:20:21,168 [myid:1] - INFO  [ListenerHandler-/127.0.0.1:27400:QuorumCnxManager$Listener$ListenerHandler@1071] - Received connection request from /127.0.0.1:14093
2021-11-08 11:20:21,170 [myid:1] - INFO  [WorkerReceiver[myid=1]:FastLeaderElection$Messenger$WorkerReceiver@390] - Notification: my state:LOOKING; n.sid:2, n.state:LOOKING, n.leader:2, n.round:0x1, n.peerEpoch:0x0, n.zxid:0x0, message format version:0x2, n.config version:0x0
2021-11-08 11:20:21,170 [myid:2] - INFO  [WorkerReceiver[myid=2]:FastLeaderElection$Messenger$WorkerReceiver@390] - Notification: my state:LOOKING; n.sid:0, n.state:LOOKING, n.leader:1, n.round:0x1, n.peerEpoch:0x0, n.zxid:0x0, message format version:0x2, n.config version:0x0
2021-11-08 11:20:21,170 [myid:0] - INFO  [WorkerReceiver[myid=0]:FastLeaderElection$Messenger$WorkerReceiver@390] - Notification: my state:LOOKING; n.sid:2, n.state:LOOKING, n.leader:2, n.round:0x1, n.peerEpoch:0x0, n.zxid:0x0, message format version:0x2, n.config version:0x0
2021-11-08 11:20:21,170 [myid:2] - INFO  [WorkerReceiver[myid=2]:FastLeaderElection$Messenger$WorkerReceiver@390] - Notification: my state:LOOKING; n.sid:1, n.state:LOOKING, n.leader:1, n.round:0x1, n.peerEpoch:0x0, n.zxid:0x0, message format version:0x2, n.config version:0x0
2021-11-08 11:20:21,170 [myid:0] - INFO  [WorkerReceiver[myid=0]:FastLeaderElection$Messenger$WorkerReceiver@390] - Notification: my state:LOOKING; n.sid:0, n.state:LOOKING, n.leader:2, n.round:0x1, n.peerEpoch:0x0, n.zxid:0x0, message format version:0x2, n.config version:0x0
2021-11-08 11:20:21,170 [myid:1] - INFO  [WorkerReceiver[myid=1]:FastLeaderElection$Messenger$WorkerReceiver@390] - Notification: my state:LOOKING; n.sid:1, n.state:LOOKING, n.leader:2, n.round:0x1, n.peerEpoch:0x0, n.zxid:0x0, message format version:0x2, n.config version:0x0
2021-11-08 11:20:21,170 [myid:0] - INFO  [WorkerReceiver[myid=0]:FastLeaderElection$Messenger$WorkerReceiver@390] - Notification: my state:LOOKING; n.sid:1, n.state:LOOKING, n.leader:2, n.round:0x1, n.peerEpoch:0x0, n.zxid:0x0, message format version:0x2, n.config version:0x0
2021-11-08 11:20:21,170 [myid:1] - INFO  [WorkerReceiver[myid=1]:FastLeaderElection$Messenger$WorkerReceiver@390] - Notification: my state:LOOKING; n.sid:0, n.state:LOOKING, n.leader:2, n.round:0x1, n.peerEpoch:0x0, n.zxid:0x0, message format version:0x2, n.config version:0x0
2021-11-08 11:20:21,170 [myid:2] - INFO  [WorkerReceiver[myid=2]:FastLeaderElection$Messenger$WorkerReceiver@390] - Notification: my state:LOOKING; n.sid:1, n.state:LOOKING, n.leader:2, n.round:0x1, n.peerEpoch:0x0, n.zxid:0x0, message format version:0x2, n.config version:0x0
2021-11-08 11:20:21,170 [myid:2] - INFO  [WorkerReceiver[myid=2]:FastLeaderElection$Messenger$WorkerReceiver@390] - Notification: my state:LOOKING; n.sid:0, n.state:LOOKING, n.leader:2, n.round:0x1, n.peerEpoch:0x0, n.zxid:0x0, message format version:0x2, n.config version:0x0
2021-11-08 11:20:21,371 [myid:0] - INFO  [QuorumPeer[myid=0](plain=127.0.0.1:27393)(secure=disabled):QuorumPeer@901] - Peer state changed: following
2021-11-08 11:20:21,371 [myid:0] - INFO  [QuorumPeer[myid=0](plain=127.0.0.1:27393)(secure=disabled):QuorumPeer@1512] - FOLLOWING
2021-11-08 11:20:21,371 [myid:0] - INFO  [QuorumPeer[myid=0](plain=127.0.0.1:27393)(secure=disabled):ZooKeeperServer@1300] - minSessionTimeout set to 8000
2021-11-08 11:20:21,371 [myid:0] - INFO  [QuorumPeer[myid=0](plain=127.0.0.1:27393)(secure=disabled):ZooKeeperServer@1309] - maxSessionTimeout set to 80000
2021-11-08 11:20:21,371 [myid:0] - INFO  [QuorumPeer[myid=0](plain=127.0.0.1:27393)(secure=disabled):ResponseCache@45] - getData response cache size is initialized with value 400.
2021-11-08 11:20:21,371 [myid:0] - INFO  [QuorumPeer[myid=0](plain=127.0.0.1:27393)(secure=disabled):ResponseCache@45] - getChildren response cache size is initialized with value 400.
2021-11-08 11:20:21,371 [myid:0] - INFO  [QuorumPeer[myid=0](plain=127.0.0.1:27393)(secure=disabled):RequestPathMetricsCollector@109] - zookeeper.pathStats.slotCapacity = 60
2021-11-08 11:20:21,371 [myid:0] - INFO  [QuorumPeer[myid=0](plain=127.0.0.1:27393)(secure=disabled):RequestPathMetricsCollector@110] - zookeeper.pathStats.slotDuration = 15
2021-11-08 11:20:21,371 [myid:0] - INFO  [QuorumPeer[myid=0](plain=127.0.0.1:27393)(secure=disabled):RequestPathMetricsCollector@111] - zookeeper.pathStats.maxDepth = 6
2021-11-08 11:20:21,371 [myid:0] - INFO  [QuorumPeer[myid=0](plain=127.0.0.1:27393)(secure=disabled):RequestPathMetricsCollector@112] - zookeeper.pathStats.initialDelay = 5
2021-11-08 11:20:21,371 [myid:0] - INFO  [QuorumPeer[myid=0](plain=127.0.0.1:27393)(secure=disabled):RequestPathMetricsCollector@113] - zookeeper.pathStats.delay = 5
2021-11-08 11:20:21,371 [myid:0] - INFO  [QuorumPeer[myid=0](plain=127.0.0.1:27393)(secure=disabled):RequestPathMetricsCollector@114] - zookeeper.pathStats.enabled = false
2021-11-08 11:20:21,371 [myid:0] - INFO  [QuorumPeer[myid=0](plain=127.0.0.1:27393)(secure=disabled):ZooKeeperServer@1536] - The max bytes for all large requests are set to 104857600
2021-11-08 11:20:21,371 [myid:0] - INFO  [QuorumPeer[myid=0](plain=127.0.0.1:27393)(secure=disabled):ZooKeeperServer@1550] - The large request threshold is set to -1
2021-11-08 11:20:21,371 [myid:0] - INFO  [QuorumPeer[myid=0](plain=127.0.0.1:27393)(secure=disabled):AuthenticationHelper@66] - zookeeper.enforce.auth.enabled = false
2021-11-08 11:20:21,371 [myid:0] - INFO  [QuorumPeer[myid=0](plain=127.0.0.1:27393)(secure=disabled):AuthenticationHelper@67] - zookeeper.enforce.auth.schemes = []
2021-11-08 11:20:21,371 [myid:0] - INFO  [QuorumPeer[myid=0](plain=127.0.0.1:27393)(secure=disabled):ZooKeeperServer@361] - Created server with tickTime 4000 minSessionTimeout 8000 maxSessionTimeout 80000 clientPortListenBacklog -1 datadir D:\mysoft\faiscoGit\myStudy\ZooKeeperLearning\apache-zookeeper-3.7.0\zookeeper-server\target\surefire\test5011290490630878812.junit.dir\data\version-2 snapdir D:\mysoft\faiscoGit\myStudy\ZooKeeperLearning\apache-zookeeper-3.7.0\zookeeper-server\target\surefire\test5011290490630878812.junit.dir\data\version-2
2021-11-08 11:20:21,371 [myid:0] - INFO  [QuorumPeer[myid=0](plain=127.0.0.1:27393)(secure=disabled):Follower@77] - FOLLOWING - LEADER ELECTION TOOK - 212 MS
2021-11-08 11:20:21,371 [myid:0] - INFO  [QuorumPeer[myid=0](plain=127.0.0.1:27393)(secure=disabled):QuorumPeer@915] - Peer state changed: following - discovery
2021-11-08 11:20:21,372 [myid:2] - INFO  [QuorumPeer[myid=2](plain=127.0.0.1:27401)(secure=disabled):QuorumPeer@901] - Peer state changed: leading
2021-11-08 11:20:21,372 [myid:2] - INFO  [QuorumPeer[myid=2](plain=127.0.0.1:27401)(secure=disabled):QuorumPeer@1527] - LEADING
2021-11-08 11:20:21,372 [myid:2] - INFO  [QuorumPeer[myid=2](plain=127.0.0.1:27401)(secure=disabled):ZooKeeperServer@1300] - minSessionTimeout set to 8000
2021-11-08 11:20:21,372 [myid:2] - INFO  [QuorumPeer[myid=2](plain=127.0.0.1:27401)(secure=disabled):ZooKeeperServer@1309] - maxSessionTimeout set to 80000
2021-11-08 11:20:21,372 [myid:2] - INFO  [QuorumPeer[myid=2](plain=127.0.0.1:27401)(secure=disabled):ResponseCache@45] - getData response cache size is initialized with value 400.
2021-11-08 11:20:21,372 [myid:2] - INFO  [QuorumPeer[myid=2](plain=127.0.0.1:27401)(secure=disabled):ResponseCache@45] - getChildren response cache size is initialized with value 400.
2021-11-08 11:20:21,372 [myid:2] - INFO  [QuorumPeer[myid=2](plain=127.0.0.1:27401)(secure=disabled):RequestPathMetricsCollector@109] - zookeeper.pathStats.slotCapacity = 60
2021-11-08 11:20:21,372 [myid:2] - INFO  [QuorumPeer[myid=2](plain=127.0.0.1:27401)(secure=disabled):RequestPathMetricsCollector@110] - zookeeper.pathStats.slotDuration = 15
2021-11-08 11:20:21,372 [myid:2] - INFO  [QuorumPeer[myid=2](plain=127.0.0.1:27401)(secure=disabled):RequestPathMetricsCollector@111] - zookeeper.pathStats.maxDepth = 6
2021-11-08 11:20:21,372 [myid:2] - INFO  [QuorumPeer[myid=2](plain=127.0.0.1:27401)(secure=disabled):RequestPathMetricsCollector@112] - zookeeper.pathStats.initialDelay = 5
2021-11-08 11:20:21,372 [myid:2] - INFO  [QuorumPeer[myid=2](plain=127.0.0.1:27401)(secure=disabled):RequestPathMetricsCollector@113] - zookeeper.pathStats.delay = 5
2021-11-08 11:20:21,372 [myid:2] - INFO  [QuorumPeer[myid=2](plain=127.0.0.1:27401)(secure=disabled):RequestPathMetricsCollector@114] - zookeeper.pathStats.enabled = false
2021-11-08 11:20:21,373 [myid:1] - INFO  [QuorumPeer[myid=1](plain=127.0.0.1:27397)(secure=disabled):QuorumPeer@901] - Peer state changed: following
2021-11-08 11:20:21,373 [myid:1] - INFO  [QuorumPeer[myid=1](plain=127.0.0.1:27397)(secure=disabled):QuorumPeer@1512] - FOLLOWING
2021-11-08 11:20:21,373 [myid:2] - INFO  [QuorumPeer[myid=2](plain=127.0.0.1:27401)(secure=disabled):ZooKeeperServer@1536] - The max bytes for all large requests are set to 104857600
2021-11-08 11:20:21,373 [myid:2] - INFO  [QuorumPeer[myid=2](plain=127.0.0.1:27401)(secure=disabled):ZooKeeperServer@1550] - The large request threshold is set to -1
2021-11-08 11:20:21,373 [myid:2] - INFO  [QuorumPeer[myid=2](plain=127.0.0.1:27401)(secure=disabled):AuthenticationHelper@66] - zookeeper.enforce.auth.enabled = false
2021-11-08 11:20:21,373 [myid:2] - INFO  [QuorumPeer[myid=2](plain=127.0.0.1:27401)(secure=disabled):AuthenticationHelper@67] - zookeeper.enforce.auth.schemes = []
2021-11-08 11:20:21,373 [myid:2] - INFO  [QuorumPeer[myid=2](plain=127.0.0.1:27401)(secure=disabled):ZooKeeperServer@361] - Created server with tickTime 4000 minSessionTimeout 8000 maxSessionTimeout 80000 clientPortListenBacklog -1 datadir D:\mysoft\faiscoGit\myStudy\ZooKeeperLearning\apache-zookeeper-3.7.0\zookeeper-server\target\surefire\test35299601325447188.junit.dir\data\version-2 snapdir D:\mysoft\faiscoGit\myStudy\ZooKeeperLearning\apache-zookeeper-3.7.0\zookeeper-server\target\surefire\test35299601325447188.junit.dir\data\version-2
2021-11-08 11:20:21,373 [myid:1] - INFO  [QuorumPeer[myid=1](plain=127.0.0.1:27397)(secure=disabled):ZooKeeperServer@1300] - minSessionTimeout set to 8000
2021-11-08 11:20:21,373 [myid:1] - INFO  [QuorumPeer[myid=1](plain=127.0.0.1:27397)(secure=disabled):ZooKeeperServer@1309] - maxSessionTimeout set to 80000
2021-11-08 11:20:21,373 [myid:1] - INFO  [QuorumPeer[myid=1](plain=127.0.0.1:27397)(secure=disabled):ResponseCache@45] - getData response cache size is initialized with value 400.
2021-11-08 11:20:21,373 [myid:1] - INFO  [QuorumPeer[myid=1](plain=127.0.0.1:27397)(secure=disabled):ResponseCache@45] - getChildren response cache size is initialized with value 400.
2021-11-08 11:20:21,373 [myid:1] - INFO  [QuorumPeer[myid=1](plain=127.0.0.1:27397)(secure=disabled):RequestPathMetricsCollector@109] - zookeeper.pathStats.slotCapacity = 60
2021-11-08 11:20:21,373 [myid:2] - INFO  [QuorumPeer[myid=2](plain=127.0.0.1:27401)(secure=disabled):Leader@584] - LEADING - LEADER ELECTION TOOK - 205 MS
2021-11-08 11:20:21,374 [myid:1] - INFO  [QuorumPeer[myid=1](plain=127.0.0.1:27397)(secure=disabled):RequestPathMetricsCollector@110] - zookeeper.pathStats.slotDuration = 15
2021-11-08 11:20:21,374 [myid:1] - INFO  [QuorumPeer[myid=1](plain=127.0.0.1:27397)(secure=disabled):RequestPathMetricsCollector@111] - zookeeper.pathStats.maxDepth = 6
2021-11-08 11:20:21,374 [myid:1] - INFO  [QuorumPeer[myid=1](plain=127.0.0.1:27397)(secure=disabled):RequestPathMetricsCollector@112] - zookeeper.pathStats.initialDelay = 5
2021-11-08 11:20:21,374 [myid:1] - INFO  [QuorumPeer[myid=1](plain=127.0.0.1:27397)(secure=disabled):RequestPathMetricsCollector@113] - zookeeper.pathStats.delay = 5
2021-11-08 11:20:21,374 [myid:1] - INFO  [QuorumPeer[myid=1](plain=127.0.0.1:27397)(secure=disabled):RequestPathMetricsCollector@114] - zookeeper.pathStats.enabled = false
2021-11-08 11:20:21,374 [myid:2] - INFO  [QuorumPeer[myid=2](plain=127.0.0.1:27401)(secure=disabled):QuorumPeer@915] - Peer state changed: leading - discovery
2021-11-08 11:20:21,374 [myid:1] - INFO  [QuorumPeer[myid=1](plain=127.0.0.1:27397)(secure=disabled):ZooKeeperServer@1536] - The max bytes for all large requests are set to 104857600
2021-11-08 11:20:21,374 [myid:1] - INFO  [QuorumPeer[myid=1](plain=127.0.0.1:27397)(secure=disabled):ZooKeeperServer@1550] - The large request threshold is set to -1
2021-11-08 11:20:21,374 [myid:2] - INFO  [QuorumPeer[myid=2](plain=127.0.0.1:27401)(secure=disabled):FileTxnSnapLog@479] - Snapshotting: 0x0 to D:\mysoft\faiscoGit\myStudy\ZooKeeperLearning\apache-zookeeper-3.7.0\zookeeper-server\target\surefire\test35299601325447188.junit.dir\data\version-2\snapshot.0
2021-11-08 11:20:21,374 [myid:1] - INFO  [QuorumPeer[myid=1](plain=127.0.0.1:27397)(secure=disabled):AuthenticationHelper@66] - zookeeper.enforce.auth.enabled = false
2021-11-08 11:20:21,375 [myid:1] - INFO  [QuorumPeer[myid=1](plain=127.0.0.1:27397)(secure=disabled):AuthenticationHelper@67] - zookeeper.enforce.auth.schemes = []
2021-11-08 11:20:21,375 [myid:1] - INFO  [QuorumPeer[myid=1](plain=127.0.0.1:27397)(secure=disabled):ZooKeeperServer@361] - Created server with tickTime 4000 minSessionTimeout 8000 maxSessionTimeout 80000 clientPortListenBacklog -1 datadir D:\mysoft\faiscoGit\myStudy\ZooKeeperLearning\apache-zookeeper-3.7.0\zookeeper-server\target\surefire\test3072507700561657389.junit.dir\data\version-2 snapdir D:\mysoft\faiscoGit\myStudy\ZooKeeperLearning\apache-zookeeper-3.7.0\zookeeper-server\target\surefire\test3072507700561657389.junit.dir\data\version-2
2021-11-08 11:20:21,375 [myid:1] - INFO  [QuorumPeer[myid=1](plain=127.0.0.1:27397)(secure=disabled):Follower@77] - FOLLOWING - LEADER ELECTION TOOK - 212 MS
2021-11-08 11:20:21,375 [myid:1] - WARN  [QuorumPeer[myid=1](plain=127.0.0.1:27397)(secure=disabled):MBeanRegistry@110] - Failed to register MBean Follower
2021-11-08 11:20:21,375 [myid:1] - WARN  [QuorumPeer[myid=1](plain=127.0.0.1:27397)(secure=disabled):LearnerZooKeeperServer@124] - Failed to register with JMX
javax.management.InstanceAlreadyExistsException: org.apache.ZooKeeperService:name0=Follower
	at com.sun.jmx.mbeanserver.Repository.addMBean(Repository.java:437)
	at com.sun.jmx.interceptor.DefaultMBeanServerInterceptor.registerWithRepository(DefaultMBeanServerInterceptor.java:1898)
	at com.sun.jmx.interceptor.DefaultMBeanServerInterceptor.registerDynamicMBean(DefaultMBeanServerInterceptor.java:966)
	at com.sun.jmx.interceptor.DefaultMBeanServerInterceptor.registerObject(DefaultMBeanServerInterceptor.java:900)
	at com.sun.jmx.interceptor.DefaultMBeanServerInterceptor.registerMBean(DefaultMBeanServerInterceptor.java:324)
	at com.sun.jmx.mbeanserver.JmxMBeanServer.registerMBean(JmxMBeanServer.java:522)
	at org.apache.zookeeper.jmx.MBeanRegistry.register(MBeanRegistry.java:106)
	at org.apache.zookeeper.server.quorum.LearnerZooKeeperServer.registerJMX(LearnerZooKeeperServer.java:122)
	at org.apache.zookeeper.server.quorum.Follower.followLeader(Follower.java:80)
	at org.apache.zookeeper.server.quorum.QuorumPeer.run(QuorumPeer.java:1515)
2021-11-08 11:20:21,375 [myid:1] - INFO  [QuorumPeer[myid=1](plain=127.0.0.1:27397)(secure=disabled):QuorumPeer@915] - Peer state changed: following - discovery
2021-11-08 11:20:21,377 [myid:2] - INFO  [QuorumPeer[myid=2](plain=127.0.0.1:27401)(secure=disabled):ZooKeeperServer@543] - Snapshot taken in 2 ms
2021-11-08 11:20:21,378 [myid:1] - INFO  [LeaderConnector-/127.0.0.1:27403:Learner$LeaderConnector@381] - Successfully connected to leader, using address: /127.0.0.1:27403
2021-11-08 11:20:21,380 [myid:2] - INFO  [LearnerHandler-/127.0.0.1:14106:LearnerHandler@506] - Follower sid: 1 : info : 127.0.0.1:27399:27400:participant;127.0.0.1:27397
2021-11-08 11:20:21,384 [myid:2] - INFO  [QuorumPeer[myid=2](plain=127.0.0.1:27401)(secure=disabled):QuorumPeer@1870] - Dynamic reconfig is disabled, we don't store the last seen config.
2021-11-08 11:20:21,386 [myid:2] - INFO  [LearnerHandler-/127.0.0.1:14106:ZKDatabase@346] - On disk txn sync enabled with snapshotSizeFactor 0.33
2021-11-08 11:20:21,386 [myid:2] - INFO  [LearnerHandler-/127.0.0.1:14106:LearnerHandler@801] - Synchronizing with Learner sid: 1 maxCommittedLog=0x0 minCommittedLog=0x0 lastProcessedZxid=0x0 peerLastZxid=0x0
2021-11-08 11:20:21,386 [myid:1] - INFO  [QuorumPeer[myid=1](plain=127.0.0.1:27397)(secure=disabled):QuorumPeer@915] - Peer state changed: following - synchronization
2021-11-08 11:20:21,387 [myid:2] - INFO  [LearnerHandler-/127.0.0.1:14106:LearnerHandler@846] - Sending DIFF zxid=0x0 for peer sid: 1
2021-11-08 11:20:21,389 [myid:1] - INFO  [QuorumPeer[myid=1](plain=127.0.0.1:27397)(secure=disabled):Learner@562] - Getting a diff from the leader 0x0
2021-11-08 11:20:21,389 [myid:1] - INFO  [QuorumPeer[myid=1](plain=127.0.0.1:27397)(secure=disabled):QuorumPeer@920] - Peer state changed: following - synchronization - diff
2021-11-08 11:20:21,389 [myid:1] - INFO  [QuorumPeer[myid=1](plain=127.0.0.1:27397)(secure=disabled):Learner@734] - Learner received NEWLEADER message
2021-11-08 11:20:21,390 [myid:1] - INFO  [QuorumPeer[myid=1](plain=127.0.0.1:27397)(secure=disabled):QuorumPeer@1870] - Dynamic reconfig is disabled, we don't store the last seen config.
2021-11-08 11:20:21,392 [myid:2] - INFO  [QuorumPeer[myid=2](plain=127.0.0.1:27401)(secure=disabled):QuorumPeer@915] - Peer state changed: leading - synchronization
2021-11-08 11:20:21,393 [myid:1] - INFO  [QuorumPeer[myid=1](plain=127.0.0.1:27397)(secure=disabled):QuorumPeer@920] - Peer state changed: following - synchronization
2021-11-08 11:20:21,393 [myid:1] - INFO  [QuorumPeer[myid=1](plain=127.0.0.1:27397)(secure=disabled):CommitProcessor@491] - Configuring CommitProcessor with readBatchSize -1 commitBatchSize 1
2021-11-08 11:20:21,393 [myid:1] - INFO  [QuorumPeer[myid=1](plain=127.0.0.1:27397)(secure=disabled):CommitProcessor@452] - Configuring CommitProcessor with 6 worker threads.
2021-11-08 11:20:21,394 [myid:1] - INFO  [QuorumPeer[myid=1](plain=127.0.0.1:27397)(secure=disabled):FollowerRequestProcessor@59] - Initialized FollowerRequestProcessor with zookeeper.follower.skipLearnerRequestToNextProcessor as false
2021-11-08 11:20:21,394 [myid:2] - INFO  [QuorumPeer[myid=2](plain=127.0.0.1:27401)(secure=disabled):Leader@1495] - Have quorum of supporters, sids: [[1, 2]]; starting up and setting last processed zxid: 0x100000000
2021-11-08 11:20:21,395 [myid:2] - INFO  [QuorumPeer[myid=2](plain=127.0.0.1:27401)(secure=disabled):Leader@1517] - Dynamic reconfig feature is disabled, skip designatedLeader calculation and reconfig processing.
2021-11-08 11:20:21,395 [myid:2] - INFO  [QuorumPeer[myid=2](plain=127.0.0.1:27401)(secure=disabled):CommitProcessor@491] - Configuring CommitProcessor with readBatchSize -1 commitBatchSize 1
2021-11-08 11:20:21,395 [myid:2] - INFO  [QuorumPeer[myid=2](plain=127.0.0.1:27401)(secure=disabled):CommitProcessor@452] - Configuring CommitProcessor with 6 worker threads.
2021-11-08 11:20:21,395 [myid:2] - INFO  [QuorumPeer[myid=2](plain=127.0.0.1:27401)(secure=disabled):ProposalRequestProcessor@57] - zookeeper.forward_learner_requests_to_commit_processor_disabled = false
2021-11-08 11:20:21,396 [myid:2] - INFO  [QuorumPeer[myid=2](plain=127.0.0.1:27401)(secure=disabled):ContainerManager@84] - Using checkIntervalMs=60000 maxPerMinute=10000 maxNeverUsedIntervalMs=0
2021-11-08 11:20:21,396 [myid:2] - INFO  [ProcessThread(sid:2 cport:-1)::PrepRequestProcessor@137] - PrepRequestProcessor (sid:2) started, reconfigEnabled=false
2021-11-08 11:20:21,396 [myid:2] - INFO  [QuorumPeer[myid=2](plain=127.0.0.1:27401)(secure=disabled):QuorumPeer@915] - Peer state changed: leading - broadcast
2021-11-08 11:20:21,396 [myid:1] - INFO  [QuorumPeer[myid=1](plain=127.0.0.1:27397)(secure=disabled):Learner@718] - Learner received UPTODATE message
2021-11-08 11:20:21,396 [myid:1] - INFO  [QuorumPeer[myid=1](plain=127.0.0.1:27397)(secure=disabled):QuorumPeer@915] - Peer state changed: following - broadcast
2021-11-08 11:20:21,659 [myid:0] - WARN  [nioEventLoopGroup-29-1:NettyServerCnxnFactory$CnxnChannelHandler@231] - Zookeeper server is not running, close the connection before starting the TLS handshake
2021-11-08 11:20:21,672 [myid:2] - INFO  [ListenerHandler-/127.0.0.1:27404:QuorumCnxManager$Listener$ListenerHandler@1071] - Received connection request from /127.0.0.1:14091
2021-11-08 11:20:21,672 [myid:1] - INFO  [QuorumConnectionThread-[myid=1]-2:QuorumCnxManager@514] - Have smaller server identifier, so dropping the connection: (myId:1 --> sid:2)
2021-11-08 11:20:21,672 [myid:0] - INFO  [QuorumConnectionThread-[myid=0]-2:QuorumCnxManager@514] - Have smaller server identifier, so dropping the connection: (myId:0 --> sid:2)
2021-11-08 11:20:21,672 [myid:0] - INFO  [QuorumConnectionThread-[myid=0]-1:QuorumCnxManager@514] - Have smaller server identifier, so dropping the connection: (myId:0 --> sid:1)
2021-11-08 11:20:21,672 [myid:1] - WARN  [RecvWorker:2:QuorumCnxManager$RecvWorker@1397] - Connection broken for id 2, my id = 1
java.io.EOFException
	at java.io.DataInputStream.readInt(DataInputStream.java:392)
	at org.apache.zookeeper.server.quorum.QuorumCnxManager$RecvWorker.run(QuorumCnxManager.java:1385)
2021-11-08 11:20:21,673 [myid:1] - WARN  [RecvWorker:2:QuorumCnxManager$RecvWorker@1403] - Interrupting SendWorker thread from RecvWorker. sid: 2. myId: 1
2021-11-08 11:20:21,672 [myid:1] - INFO  [ListenerHandler-/127.0.0.1:27400:QuorumCnxManager$Listener$ListenerHandler@1071] - Received connection request from /127.0.0.1:14088
2021-11-08 11:20:21,674 [myid:2] - INFO  [ListenerHandler-/127.0.0.1:27404:QuorumCnxManager$Listener$ListenerHandler@1071] - Received connection request from /127.0.0.1:14089
2021-11-08 11:20:21,673 [myid:2] - WARN  [RecvWorker:1:QuorumCnxManager$RecvWorker@1397] - Connection broken for id 1, my id = 2
java.net.SocketException: Socket closed
	at java.net.SocketInputStream.socketRead0(Native Method)
	at java.net.SocketInputStream.read(SocketInputStream.java:150)
	at java.net.SocketInputStream.read(SocketInputStream.java:121)
	at java.io.BufferedInputStream.fill(BufferedInputStream.java:246)
	at java.io.BufferedInputStream.read(BufferedInputStream.java:265)
	at java.io.DataInputStream.readInt(DataInputStream.java:387)
	at org.apache.zookeeper.server.quorum.QuorumCnxManager$RecvWorker.run(QuorumCnxManager.java:1385)
2021-11-08 11:20:21,675 [myid:2] - WARN  [RecvWorker:1:QuorumCnxManager$RecvWorker@1403] - Interrupting SendWorker thread from RecvWorker. sid: 1. myId: 2
2021-11-08 11:20:21,673 [myid:2] - WARN  [SendWorker:1:QuorumCnxManager$SendWorker@1283] - Interrupted while waiting for message on queue
java.lang.InterruptedException
	at java.util.concurrent.locks.AbstractQueuedSynchronizer$ConditionObject.reportInterruptAfterWait(AbstractQueuedSynchronizer.java:2014)
	at java.util.concurrent.locks.AbstractQueuedSynchronizer$ConditionObject.awaitNanos(AbstractQueuedSynchronizer.java:2088)
	at org.apache.zookeeper.util.CircularBlockingQueue.poll(CircularBlockingQueue.java:105)
	at org.apache.zookeeper.server.quorum.QuorumCnxManager.pollSendQueue(QuorumCnxManager.java:1448)
	at org.apache.zookeeper.server.quorum.QuorumCnxManager.access$900(QuorumCnxManager.java:99)
	at org.apache.zookeeper.server.quorum.QuorumCnxManager$SendWorker.run(QuorumCnxManager.java:1272)
2021-11-08 11:20:21,676 [myid:1] - INFO  [ListenerHandler-/127.0.0.1:27400:QuorumCnxManager$Listener$ListenerHandler@1071] - Received connection request from /127.0.0.1:14141
2021-11-08 11:20:21,676 [myid:0] - WARN  [RecvWorker:2:QuorumCnxManager$RecvWorker@1397] - Connection broken for id 2, my id = 0
java.io.EOFException
	at java.io.DataInputStream.readInt(DataInputStream.java:392)
	at org.apache.zookeeper.server.quorum.QuorumCnxManager$RecvWorker.run(QuorumCnxManager.java:1385)
2021-11-08 11:20:21,676 [myid:0] - WARN  [RecvWorker:2:QuorumCnxManager$RecvWorker@1403] - Interrupting SendWorker thread from RecvWorker. sid: 2. myId: 0
2021-11-08 11:20:21,676 [myid:0] - INFO  [ListenerHandler-/127.0.0.1:27396:QuorumCnxManager$Listener$ListenerHandler@1071] - Received connection request from /127.0.0.1:14142
2021-11-08 11:20:21,676 [myid:2] - WARN  [RecvWorker:0:QuorumCnxManager$RecvWorker@1397] - Connection broken for id 0, my id = 2
java.net.SocketException: Socket closed
	at java.net.SocketInputStream.socketRead0(Native Method)
	at java.net.SocketInputStream.read(SocketInputStream.java:150)
	at java.net.SocketInputStream.read(SocketInputStream.java:121)
	at java.io.BufferedInputStream.fill(BufferedInputStream.java:246)
	at java.io.BufferedInputStream.read(BufferedInputStream.java:265)
	at java.io.DataInputStream.readInt(DataInputStream.java:387)
	at org.apache.zookeeper.server.quorum.QuorumCnxManager$RecvWorker.run(QuorumCnxManager.java:1385)
2021-11-08 11:20:21,678 [myid:2] - WARN  [RecvWorker:0:QuorumCnxManager$RecvWorker@1403] - Interrupting SendWorker thread from RecvWorker. sid: 0. myId: 2
2021-11-08 11:20:21,676 [myid:2] - WARN  [SendWorker:0:QuorumCnxManager$SendWorker@1283] - Interrupted while waiting for message on queue
java.lang.InterruptedException
	at java.util.concurrent.locks.AbstractQueuedSynchronizer$ConditionObject.reportInterruptAfterWait(AbstractQueuedSynchronizer.java:2014)
	at java.util.concurrent.locks.AbstractQueuedSynchronizer$ConditionObject.awaitNanos(AbstractQueuedSynchronizer.java:2088)
	at org.apache.zookeeper.util.CircularBlockingQueue.poll(CircularBlockingQueue.java:105)
	at org.apache.zookeeper.server.quorum.QuorumCnxManager.pollSendQueue(QuorumCnxManager.java:1448)
	at org.apache.zookeeper.server.quorum.QuorumCnxManager.access$900(QuorumCnxManager.java:99)
	at org.apache.zookeeper.server.quorum.QuorumCnxManager$SendWorker.run(QuorumCnxManager.java:1272)
2021-11-08 11:20:21,675 [myid:0] - WARN  [RecvWorker:1:QuorumCnxManager$RecvWorker@1397] - Connection broken for id 1, my id = 0
java.io.EOFException
	at java.io.DataInputStream.readInt(DataInputStream.java:392)
	at org.apache.zookeeper.server.quorum.QuorumCnxManager$RecvWorker.run(QuorumCnxManager.java:1385)
2021-11-08 11:20:21,678 [myid:0] - WARN  [RecvWorker:1:QuorumCnxManager$RecvWorker@1403] - Interrupting SendWorker thread from RecvWorker. sid: 1. myId: 0
2021-11-08 11:20:21,675 [myid:1] - WARN  [RecvWorker:0:QuorumCnxManager$RecvWorker@1397] - Connection broken for id 0, my id = 1
java.net.SocketException: Socket closed
	at java.net.SocketInputStream.socketRead0(Native Method)
	at java.net.SocketInputStream.read(SocketInputStream.java:150)
	at java.net.SocketInputStream.read(SocketInputStream.java:121)
	at java.io.BufferedInputStream.fill(BufferedInputStream.java:246)
	at java.io.BufferedInputStream.read(BufferedInputStream.java:265)
	at java.io.DataInputStream.readInt(DataInputStream.java:387)
	at org.apache.zookeeper.server.quorum.QuorumCnxManager$RecvWorker.run(QuorumCnxManager.java:1385)
2021-11-08 11:20:21,679 [myid:1] - WARN  [RecvWorker:0:QuorumCnxManager$RecvWorker@1403] - Interrupting SendWorker thread from RecvWorker. sid: 0. myId: 1
2021-11-08 11:20:21,675 [myid:1] - WARN  [SendWorker:0:QuorumCnxManager$SendWorker@1283] - Interrupted while waiting for message on queue
java.lang.InterruptedException
	at java.util.concurrent.locks.AbstractQueuedSynchronizer$ConditionObject.reportInterruptAfterWait(AbstractQueuedSynchronizer.java:2014)
	at java.util.concurrent.locks.AbstractQueuedSynchronizer$ConditionObject.awaitNanos(AbstractQueuedSynchronizer.java:2088)
	at org.apache.zookeeper.util.CircularBlockingQueue.poll(CircularBlockingQueue.java:105)
	at org.apache.zookeeper.server.quorum.QuorumCnxManager.pollSendQueue(QuorumCnxManager.java:1448)
	at org.apache.zookeeper.server.quorum.QuorumCnxManager.access$900(QuorumCnxManager.java:99)
	at org.apache.zookeeper.server.quorum.QuorumCnxManager$SendWorker.run(QuorumCnxManager.java:1272)
2021-11-08 11:20:21,679 [myid:1] - WARN  [SendWorker:0:QuorumCnxManager$SendWorker@1295] - Send worker leaving thread id 0 my id = 1
2021-11-08 11:20:21,675 [myid:1] - WARN  [SendWorker:2:QuorumCnxManager$SendWorker@1283] - Interrupted while waiting for message on queue
java.lang.InterruptedException
	at java.util.concurrent.locks.AbstractQueuedSynchronizer$ConditionObject.reportInterruptAfterWait(AbstractQueuedSynchronizer.java:2014)
	at java.util.concurrent.locks.AbstractQueuedSynchronizer$ConditionObject.awaitNanos(AbstractQueuedSynchronizer.java:2088)
	at org.apache.zookeeper.util.CircularBlockingQueue.poll(CircularBlockingQueue.java:105)
	at org.apache.zookeeper.server.quorum.QuorumCnxManager.pollSendQueue(QuorumCnxManager.java:1448)
	at org.apache.zookeeper.server.quorum.QuorumCnxManager.access$900(QuorumCnxManager.java:99)
	at org.apache.zookeeper.server.quorum.QuorumCnxManager$SendWorker.run(QuorumCnxManager.java:1272)
2021-11-08 11:20:21,680 [myid:1] - WARN  [SendWorker:2:QuorumCnxManager$SendWorker@1295] - Send worker leaving thread id 2 my id = 1
2021-11-08 11:20:21,679 [myid:0] - INFO  [ListenerHandler-/127.0.0.1:27396:QuorumCnxManager$Listener$ListenerHandler@1071] - Received connection request from /127.0.0.1:14143
2021-11-08 11:20:21,678 [myid:2] - WARN  [SendWorker:0:QuorumCnxManager$SendWorker@1295] - Send worker leaving thread id 0 my id = 2
2021-11-08 11:20:21,677 [myid:0] - WARN  [SendWorker:2:QuorumCnxManager$SendWorker@1283] - Interrupted while waiting for message on queue
java.lang.InterruptedException
	at java.util.concurrent.locks.AbstractQueuedSynchronizer$ConditionObject.reportInterruptAfterWait(AbstractQueuedSynchronizer.java:2014)
	at java.util.concurrent.locks.AbstractQueuedSynchronizer$ConditionObject.awaitNanos(AbstractQueuedSynchronizer.java:2088)
	at org.apache.zookeeper.util.CircularBlockingQueue.poll(CircularBlockingQueue.java:105)
	at org.apache.zookeeper.server.quorum.QuorumCnxManager.pollSendQueue(QuorumCnxManager.java:1448)
	at org.apache.zookeeper.server.quorum.QuorumCnxManager.access$900(QuorumCnxManager.java:99)
	at org.apache.zookeeper.server.quorum.QuorumCnxManager$SendWorker.run(QuorumCnxManager.java:1272)
2021-11-08 11:20:21,676 [myid:2] - WARN  [SendWorker:1:QuorumCnxManager$SendWorker@1295] - Send worker leaving thread id 1 my id = 2
2021-11-08 11:20:21,681 [myid:0] - WARN  [SendWorker:2:QuorumCnxManager$SendWorker@1295] - Send worker leaving thread id 2 my id = 0
2021-11-08 11:20:21,681 [myid:0] - INFO  [WorkerReceiver[myid=0]:FastLeaderElection$Messenger$WorkerReceiver@390] - Notification: my state:FOLLOWING; n.sid:2, n.state:LOOKING, n.leader:2, n.round:0x1, n.peerEpoch:0x0, n.zxid:0x0, message format version:0x2, n.config version:0x0
2021-11-08 11:20:21,680 [myid:2] - INFO  [WorkerReceiver[myid=2]:FastLeaderElection$Messenger$WorkerReceiver@390] - Notification: my state:LEADING; n.sid:1, n.state:LOOKING, n.leader:2, n.round:0x1, n.peerEpoch:0x0, n.zxid:0x0, message format version:0x2, n.config version:0x0
2021-11-08 11:20:21,680 [myid:1] - INFO  [WorkerReceiver[myid=1]:FastLeaderElection$Messenger$WorkerReceiver@390] - Notification: my state:FOLLOWING; n.sid:2, n.state:LOOKING, n.leader:2, n.round:0x1, n.peerEpoch:0x0, n.zxid:0x0, message format version:0x2, n.config version:0x0
2021-11-08 11:20:21,680 [myid:0] - WARN  [SendWorker:1:QuorumCnxManager$SendWorker@1283] - Interrupted while waiting for message on queue
java.lang.InterruptedException
	at java.util.concurrent.locks.AbstractQueuedSynchronizer$ConditionObject.reportInterruptAfterWait(AbstractQueuedSynchronizer.java:2014)
	at java.util.concurrent.locks.AbstractQueuedSynchronizer$ConditionObject.awaitNanos(AbstractQueuedSynchronizer.java:2088)
	at org.apache.zookeeper.util.CircularBlockingQueue.poll(CircularBlockingQueue.java:105)
	at org.apache.zookeeper.server.quorum.QuorumCnxManager.pollSendQueue(QuorumCnxManager.java:1448)
	at org.apache.zookeeper.server.quorum.QuorumCnxManager.access$900(QuorumCnxManager.java:99)
	at org.apache.zookeeper.server.quorum.QuorumCnxManager$SendWorker.run(QuorumCnxManager.java:1272)
2021-11-08 11:20:21,682 [myid:0] - WARN  [SendWorker:1:QuorumCnxManager$SendWorker@1295] - Send worker leaving thread id 1 my id = 0
2021-11-08 11:20:21,682 [myid:2] - INFO  [WorkerReceiver[myid=2]:FastLeaderElection$Messenger$WorkerReceiver@390] - Notification: my state:LEADING; n.sid:0, n.state:LOOKING, n.leader:2, n.round:0x1, n.peerEpoch:0x0, n.zxid:0x0, message format version:0x2, n.config version:0x0
2021-11-08 11:20:21,682 [myid:0] - INFO  [WorkerReceiver[myid=0]:FastLeaderElection$Messenger$WorkerReceiver@390] - Notification: my state:FOLLOWING; n.sid:1, n.state:LOOKING, n.leader:2, n.round:0x1, n.peerEpoch:0x0, n.zxid:0x0, message format version:0x2, n.config version:0x0
2021-11-08 11:20:21,683 [myid:1] - INFO  [WorkerReceiver[myid=1]:FastLeaderElection$Messenger$WorkerReceiver@390] - Notification: my state:FOLLOWING; n.sid:0, n.state:LOOKING, n.leader:2, n.round:0x1, n.peerEpoch:0x0, n.zxid:0x0, message format version:0x2, n.config version:0x0
2021-11-08 11:20:21,683 [myid:2] - INFO  [WorkerReceiver[myid=2]:FastLeaderElection$Messenger$WorkerReceiver@390] - Notification: my state:LEADING; n.sid:0, n.state:FOLLOWING, n.leader:2, n.round:0x1, n.peerEpoch:0x0, n.zxid:0x0, message format version:0x2, n.config version:0x0
2021-11-08 11:20:21,683 [myid:2] - INFO  [WorkerReceiver[myid=2]:FastLeaderElection$Messenger$WorkerReceiver@390] - Notification: my state:LEADING; n.sid:1, n.state:FOLLOWING, n.leader:2, n.round:0x1, n.peerEpoch:0x1, n.zxid:0x0, message format version:0x2, n.config version:0x0
2021-11-08 11:20:21,683 [myid:1] - INFO  [WorkerReceiver[myid=1]:FastLeaderElection$Messenger$WorkerReceiver@390] - Notification: my state:FOLLOWING; n.sid:2, n.state:LEADING, n.leader:2, n.round:0x1, n.peerEpoch:0x1, n.zxid:0x0, message format version:0x2, n.config version:0x0
2021-11-08 11:20:21,683 [myid:1] - INFO  [WorkerReceiver[myid=1]:FastLeaderElection$Messenger$WorkerReceiver@390] - Notification: my state:FOLLOWING; n.sid:0, n.state:FOLLOWING, n.leader:2, n.round:0x1, n.peerEpoch:0x0, n.zxid:0x0, message format version:0x2, n.config version:0x0
2021-11-08 11:20:21,683 [myid:0] - INFO  [WorkerReceiver[myid=0]:FastLeaderElection$Messenger$WorkerReceiver@390] - Notification: my state:FOLLOWING; n.sid:2, n.state:LEADING, n.leader:2, n.round:0x1, n.peerEpoch:0x1, n.zxid:0x0, message format version:0x2, n.config version:0x0
2021-11-08 11:20:21,683 [myid:0] - INFO  [WorkerReceiver[myid=0]:FastLeaderElection$Messenger$WorkerReceiver@390] - Notification: my state:FOLLOWING; n.sid:1, n.state:FOLLOWING, n.leader:2, n.round:0x1, n.peerEpoch:0x1, n.zxid:0x0, message format version:0x2, n.config version:0x0
2021-11-08 11:20:21,876 [myid:0] - INFO  [LeaderConnector-/127.0.0.1:27403:Learner$LeaderConnector@381] - Successfully connected to leader, using address: /127.0.0.1:27403
2021-11-08 11:20:21,877 [myid:2] - INFO  [LearnerHandler-/127.0.0.1:14105:LearnerHandler@506] - Follower sid: 0 : info : 127.0.0.1:27395:27396:participant;127.0.0.1:27393
2021-11-08 11:20:21,881 [myid:0] - INFO  [QuorumPeer[myid=0](plain=127.0.0.1:27393)(secure=disabled):QuorumPeer@915] - Peer state changed: following - synchronization
2021-11-08 11:20:21,881 [myid:2] - INFO  [LearnerHandler-/127.0.0.1:14105:ZKDatabase@346] - On disk txn sync enabled with snapshotSizeFactor 0.33
2021-11-08 11:20:21,881 [myid:2] - INFO  [LearnerHandler-/127.0.0.1:14105:LearnerHandler@801] - Synchronizing with Learner sid: 0 maxCommittedLog=0x0 minCommittedLog=0x0 lastProcessedZxid=0x100000000 peerLastZxid=0x0
2021-11-08 11:20:21,883 [myid:0] - INFO  [QuorumPeer[myid=0](plain=127.0.0.1:27393)(secure=disabled):QuorumPeer@920] - Peer state changed: following - synchronization - snap
2021-11-08 11:20:21,883 [myid:2] - INFO  [LearnerHandler-/127.0.0.1:14105:LearnerHandler@568] - Sending snapshot last zxid of peer is 0x0, zxid of leader is 0x100000000, send zxid of db as 0x100000000, 1 concurrent snapshot sync, snapshot sync was exempt from throttle
2021-11-08 11:20:21,883 [myid:0] - INFO  [QuorumPeer[myid=0](plain=127.0.0.1:27393)(secure=disabled):Learner@573] - Getting a snapshot from leader 0x100000000
2021-11-08 11:20:21,883 [myid:0] - INFO  [QuorumPeer[myid=0](plain=127.0.0.1:27393)(secure=disabled):WatchManagerFactory@42] - Using org.apache.zookeeper.server.watch.WatchManager as watch manager
2021-11-08 11:20:21,883 [myid:0] - INFO  [QuorumPeer[myid=0](plain=127.0.0.1:27393)(secure=disabled):WatchManagerFactory@42] - Using org.apache.zookeeper.server.watch.WatchManager as watch manager
2021-11-08 11:20:21,884 [myid:0] - INFO  [QuorumPeer[myid=0](plain=127.0.0.1:27393)(secure=disabled):Learner@734] - Learner received NEWLEADER message
2021-11-08 11:20:21,884 [myid:0] - INFO  [QuorumPeer[myid=0](plain=127.0.0.1:27393)(secure=disabled):QuorumPeer@1870] - Dynamic reconfig is disabled, we don't store the last seen config.
2021-11-08 11:20:21,885 [myid:0] - INFO  [QuorumPeer[myid=0](plain=127.0.0.1:27393)(secure=disabled):FileTxnSnapLog@479] - Snapshotting: 0x100000000 to D:\mysoft\faiscoGit\myStudy\ZooKeeperLearning\apache-zookeeper-3.7.0\zookeeper-server\target\surefire\test5011290490630878812.junit.dir\data\version-2\snapshot.100000000
2021-11-08 11:20:21,888 [myid:0] - INFO  [QuorumPeer[myid=0](plain=127.0.0.1:27393)(secure=disabled):ZooKeeperServer@543] - Snapshot taken in 3 ms
2021-11-08 11:20:21,891 [myid:0] - INFO  [QuorumPeer[myid=0](plain=127.0.0.1:27393)(secure=disabled):QuorumPeer@920] - Peer state changed: following - synchronization
2021-11-08 11:20:21,891 [myid:0] - INFO  [QuorumPeer[myid=0](plain=127.0.0.1:27393)(secure=disabled):CommitProcessor@491] - Configuring CommitProcessor with readBatchSize -1 commitBatchSize 1
2021-11-08 11:20:21,891 [myid:0] - INFO  [QuorumPeer[myid=0](plain=127.0.0.1:27393)(secure=disabled):CommitProcessor@452] - Configuring CommitProcessor with 6 worker threads.
2021-11-08 11:20:21,891 [myid:0] - INFO  [QuorumPeer[myid=0](plain=127.0.0.1:27393)(secure=disabled):FollowerRequestProcessor@59] - Initialized FollowerRequestProcessor with zookeeper.follower.skipLearnerRequestToNextProcessor as false
2021-11-08 11:20:21,892 [myid:0] - INFO  [QuorumPeer[myid=0](plain=127.0.0.1:27393)(secure=disabled):Learner@718] - Learner received UPTODATE message
2021-11-08 11:20:21,893 [myid:0] - INFO  [QuorumPeer[myid=0](plain=127.0.0.1:27393)(secure=disabled):QuorumPeer@915] - Peer state changed: following - broadcast
2021-11-08 11:20:21,910 [myid:] - INFO  [main:FourLetterWordMain@94] - connecting to 127.0.0.1 27393
2021-11-08 11:20:21,911 [myid:0] - INFO  [nioEventLoopGroup-29-2:NettyServerCnxn@294] - Processing stat command from /127.0.0.1:14149
2021-11-08 11:20:21,912 [myid:0] - INFO  [nioEventLoopGroup-29-2:StatCommand@52] - Stat command output
2021-11-08 11:20:21,912 [myid:] - INFO  [main:FourLetterWordMain@94] - connecting to 127.0.0.1 27393
2021-11-08 11:20:21,914 [myid:0] - INFO  [nioEventLoopGroup-29-3:NettyServerCnxn@294] - Processing stat command from /127.0.0.1:14150
2021-11-08 11:20:21,914 [myid:0] - INFO  [nioEventLoopGroup-29-3:StatCommand@52] - Stat command output
2021-11-08 11:20:21,915 [myid:] - INFO  [main:ZooKeeper@637] - Initiating client connection, connectString=127.0.0.1:27393 sessionTimeout=5000 watcher=org.apache.zookeeper.test.ClientBase$CountdownWatcher@20ce78ec
2021-11-08 11:20:21,916 [myid:] - INFO  [main:ClientCnxnSocket@239] - jute.maxbuffer value is 1048575 Bytes
2021-11-08 11:20:21,916 [myid:] - INFO  [main:ClientCnxn@1726] - zookeeper.request.timeout value is 0. feature enabled=false
2021-11-08 11:20:21,917 [myid:127.0.0.1:27393] - INFO  [main-SendThread(127.0.0.1:27393):ClientCnxn$SendThread@1171] - Opening socket connection to server xmind.net/127.0.0.1:27393.
2021-11-08 11:20:21,917 [myid:127.0.0.1:27393] - INFO  [main-SendThread(127.0.0.1:27393):ClientCnxn$SendThread@1173] - SASL config status: Will not attempt to authenticate using SASL (unknown error)
2021-11-08 11:20:21,920 [myid:127.0.0.1:27393] - INFO  [nioEventLoopGroup-34-1:ClientCnxnSocketNetty$ZKClientPipelineFactory@454] - SSL handler added for channel: [id: 0xb2d0b7e0]
2021-11-08 11:20:21,921 [myid:127.0.0.1:27393] - INFO  [nioEventLoopGroup-34-1:ClientCnxn$SendThread@1005] - Socket connection established, initiating session, client: /127.0.0.1:14153, server: xmind.net/127.0.0.1:27393
2021-11-08 11:20:21,921 [myid:127.0.0.1:27393] - INFO  [nioEventLoopGroup-34-1:ClientCnxnSocketNetty$1@184] - channel is connected: [id: 0xb2d0b7e0, L:/127.0.0.1:14153 - R:xmind.net/127.0.0.1:27393]
2021-11-08 11:20:21,924 [myid:0] - WARN  [nioEventLoopGroup-29-4:NettyServerCnxnFactory$CnxnChannelHandler@293] - Exception caught
io.netty.handler.codec.DecoderException: java.lang.IllegalArgumentException: Cannot support TLS_ECDHE_ECDSA_WITH_AES_256_CBC_SHA384 with currently installed providers
	at io.netty.handler.codec.ByteToMessageDecoder.callDecode(ByteToMessageDecoder.java:478)
	at io.netty.handler.codec.ByteToMessageDecoder.channelRead(ByteToMessageDecoder.java:276)
	at io.netty.channel.AbstractChannelHandlerContext.invokeChannelRead(AbstractChannelHandlerContext.java:379)
	at io.netty.channel.AbstractChannelHandlerContext.invokeChannelRead(AbstractChannelHandlerContext.java:365)
	at io.netty.channel.AbstractChannelHandlerContext.fireChannelRead(AbstractChannelHandlerContext.java:357)
	at io.netty.channel.DefaultChannelPipeline$HeadContext.channelRead(DefaultChannelPipeline.java:1410)
	at io.netty.channel.AbstractChannelHandlerContext.invokeChannelRead(AbstractChannelHandlerContext.java:379)
	at io.netty.channel.AbstractChannelHandlerContext.invokeChannelRead(AbstractChannelHandlerContext.java:365)
	at io.netty.channel.DefaultChannelPipeline.fireChannelRead(DefaultChannelPipeline.java:919)
	at io.netty.channel.nio.AbstractNioByteChannel$NioByteUnsafe.read(AbstractNioByteChannel.java:166)
	at io.netty.channel.nio.NioEventLoop.processSelectedKey(NioEventLoop.java:719)
	at io.netty.channel.nio.NioEventLoop.processSelectedKeysOptimized(NioEventLoop.java:655)
	at io.netty.channel.nio.NioEventLoop.processSelectedKeys(NioEventLoop.java:581)
	at io.netty.channel.nio.NioEventLoop.run(NioEventLoop.java:493)
	at io.netty.util.concurrent.SingleThreadEventExecutor$4.run(SingleThreadEventExecutor.java:989)
	at io.netty.util.internal.ThreadExecutorMap$2.run(ThreadExecutorMap.java:74)
	at io.netty.util.concurrent.FastThreadLocalRunnable.run(FastThreadLocalRunnable.java:30)
	at java.lang.Thread.run(Thread.java:745)
Caused by: java.lang.IllegalArgumentException: Cannot support TLS_ECDHE_ECDSA_WITH_AES_256_CBC_SHA384 with currently installed providers
	at sun.security.ssl.CipherSuiteList.<init>(CipherSuiteList.java:92)
	at sun.security.ssl.SSLEngineImpl.setEnabledCipherSuites(SSLEngineImpl.java:2038)
	at io.netty.handler.ssl.JdkSslContext.configureAndWrapEngine(JdkSslContext.java:341)
	at io.netty.handler.ssl.JdkSslContext.newEngine(JdkSslContext.java:331)
	at io.netty.handler.ssl.SslContext.newHandler(SslContext.java:956)
	at io.netty.handler.ssl.SslContext.newHandler(SslContext.java:948)
	at io.netty.handler.ssl.OptionalSslHandler.newSslHandler(OptionalSslHandler.java:97)
	at org.apache.zookeeper.server.NettyServerCnxnFactory$DualModeSslHandler.newSslHandler(NettyServerCnxnFactory.java:171)
	at io.netty.handler.ssl.OptionalSslHandler.handleSsl(OptionalSslHandler.java:57)
	at io.netty.handler.ssl.OptionalSslHandler.decode(OptionalSslHandler.java:48)
	at org.apache.zookeeper.server.NettyServerCnxnFactory$DualModeSslHandler.decode(NettyServerCnxnFactory.java:142)
	at io.netty.handler.codec.ByteToMessageDecoder.decodeRemovalReentryProtection(ByteToMessageDecoder.java:508)
	at io.netty.handler.codec.ByteToMessageDecoder.callDecode(ByteToMessageDecoder.java:447)
	... 17 more
2021-11-08 11:20:21,925 [myid:0] - WARN  [nioEventLoopGroup-29-4:NettyServerCnxnFactory$CnxnChannelHandler@293] - Exception caught
io.netty.handler.codec.DecoderException: java.lang.NullPointerException
	at io.netty.handler.codec.ByteToMessageDecoder.callDecode(ByteToMessageDecoder.java:478)
	at io.netty.handler.codec.ByteToMessageDecoder.channelInputClosed(ByteToMessageDecoder.java:404)
	at io.netty.handler.codec.ByteToMessageDecoder.channelInputClosed(ByteToMessageDecoder.java:371)
	at io.netty.handler.codec.ByteToMessageDecoder.channelInactive(ByteToMessageDecoder.java:354)
	at io.netty.channel.AbstractChannelHandlerContext.invokeChannelInactive(AbstractChannelHandlerContext.java:262)
	at io.netty.channel.AbstractChannelHandlerContext.invokeChannelInactive(AbstractChannelHandlerContext.java:248)
	at io.netty.channel.AbstractChannelHandlerContext.fireChannelInactive(AbstractChannelHandlerContext.java:241)
	at io.netty.channel.DefaultChannelPipeline$HeadContext.channelInactive(DefaultChannelPipeline.java:1405)
	at io.netty.channel.AbstractChannelHandlerContext.invokeChannelInactive(AbstractChannelHandlerContext.java:262)
	at io.netty.channel.AbstractChannelHandlerContext.invokeChannelInactive(AbstractChannelHandlerContext.java:248)
	at io.netty.channel.DefaultChannelPipeline.fireChannelInactive(DefaultChannelPipeline.java:901)
	at io.netty.channel.AbstractChannel$AbstractUnsafe$8.run(AbstractChannel.java:819)
	at io.netty.util.concurrent.AbstractEventExecutor.safeExecute(AbstractEventExecutor.java:164)
	at io.netty.util.concurrent.SingleThreadEventExecutor.runAllTasks(SingleThreadEventExecutor.java:472)
	at io.netty.channel.nio.NioEventLoop.run(NioEventLoop.java:497)
	at io.netty.util.concurrent.SingleThreadEventExecutor$4.run(SingleThreadEventExecutor.java:989)
	at io.netty.util.internal.ThreadExecutorMap$2.run(ThreadExecutorMap.java:74)
	at io.netty.util.concurrent.FastThreadLocalRunnable.run(FastThreadLocalRunnable.java:30)
	at java.lang.Thread.run(Thread.java:745)
Caused by: java.lang.NullPointerException
	at java.util.Objects.requireNonNull(Objects.java:203)
	at org.apache.zookeeper.server.NettyServerCnxnFactory$DualModeSslHandler.newSslHandler(NettyServerCnxnFactory.java:169)
	at io.netty.handler.ssl.OptionalSslHandler.handleSsl(OptionalSslHandler.java:57)
	at io.netty.handler.ssl.OptionalSslHandler.decode(OptionalSslHandler.java:48)
	at org.apache.zookeeper.server.NettyServerCnxnFactory$DualModeSslHandler.decode(NettyServerCnxnFactory.java:142)
	at io.netty.handler.codec.ByteToMessageDecoder.decodeRemovalReentryProtection(ByteToMessageDecoder.java:508)
	at io.netty.handler.codec.ByteToMessageDecoder.callDecode(ByteToMessageDecoder.java:447)
	... 18 more
2021-11-08 11:20:21,925 [myid:127.0.0.1:27393] - INFO  [nioEventLoopGroup-34-1:ClientCnxnSocketNetty$ZKClientHandler@469] - channel is disconnected: [id: 0xb2d0b7e0, L:/127.0.0.1:14153 ! R:xmind.net/127.0.0.1:27393]
2021-11-08 11:20:21,925 [myid:127.0.0.1:27393] - INFO  [nioEventLoopGroup-34-1:ClientCnxnSocketNetty@249] - channel is told closing
2021-11-08 11:20:21,925 [myid:127.0.0.1:27393] - WARN  [main-SendThread(127.0.0.1:27393):ClientCnxn$SendThread@1290] - Session 0x0 for sever xmind.net/127.0.0.1:27393, Closing socket connection. Attempting reconnect except it is a SessionExpiredException.
EndOfStreamException: channel for sessionid 0x0 is lost
	at org.apache.zookeeper.ClientCnxnSocketNetty.doTransport(ClientCnxnSocketNetty.java:285)
	at org.apache.zookeeper.ClientCnxn$SendThread.run(ClientCnxn.java:1280)
2021-11-08 11:20:22,146 [myid:127.0.0.1:27381] - INFO  [main-SendThread(127.0.0.1:27381):ClientCnxn$SendThread@1171] - Opening socket connection to server xmind.net/127.0.0.1:27381.
2021-11-08 11:20:22,146 [myid:127.0.0.1:27381] - INFO  [main-SendThread(127.0.0.1:27381):ClientCnxn$SendThread@1173] - SASL config status: Will not attempt to authenticate using SASL (unknown error)
2021-11-08 11:20:22,147 [myid:127.0.0.1:27381] - INFO  [nioEventLoopGroup-20-1:ClientCnxnSocketNetty$ZKClientPipelineFactory@454] - SSL handler added for channel: [id: 0xdfd3869a]
2021-11-08 11:20:22,148 [myid:127.0.0.1:27381] - INFO  [nioEventLoopGroup-20-1:ClientCnxn$SendThread@1005] - Socket connection established, initiating session, client: /127.0.0.1:14164, server: xmind.net/127.0.0.1:27381
2021-11-08 11:20:22,148 [myid:127.0.0.1:27381] - INFO  [nioEventLoopGroup-20-1:ClientCnxnSocketNetty$1@184] - channel is connected: [id: 0xdfd3869a, L:/127.0.0.1:14164 - R:xmind.net/127.0.0.1:27381]
2021-11-08 11:20:22,149 [myid:0] - WARN  [nioEventLoopGroup-17-2:ChannelInitializer@97] - Failed to initialize a channel. Closing: [id: 0xde0b79d6, L:/127.0.0.1:27381 - R:/127.0.0.1:14164]
java.lang.IllegalArgumentException: Cannot support TLS_ECDHE_ECDSA_WITH_AES_256_CBC_SHA384 with currently installed providers
	at sun.security.ssl.CipherSuiteList.<init>(CipherSuiteList.java:92)
	at sun.security.ssl.SSLEngineImpl.setEnabledCipherSuites(SSLEngineImpl.java:2038)
	at io.netty.handler.ssl.JdkSslContext.configureAndWrapEngine(JdkSslContext.java:341)
	at io.netty.handler.ssl.JdkSslContext.newEngine(JdkSslContext.java:331)
	at io.netty.handler.ssl.SslContext.newHandler(SslContext.java:956)
	at io.netty.handler.ssl.SslContext.newHandler(SslContext.java:948)
	at org.apache.zookeeper.server.NettyServerCnxnFactory.initSSL(NettyServerCnxnFactory.java:575)
	at org.apache.zookeeper.server.NettyServerCnxnFactory.access$1300(NettyServerCnxnFactory.java:80)
	at org.apache.zookeeper.server.NettyServerCnxnFactory$1.initChannel(NettyServerCnxnFactory.java:540)
	at org.apache.zookeeper.server.NettyServerCnxnFactory$1.initChannel(NettyServerCnxnFactory.java:532)
	at io.netty.channel.ChannelInitializer.initChannel(ChannelInitializer.java:129)
	at io.netty.channel.ChannelInitializer.handlerAdded(ChannelInitializer.java:112)
	at io.netty.channel.AbstractChannelHandlerContext.callHandlerAdded(AbstractChannelHandlerContext.java:938)
	at io.netty.channel.DefaultChannelPipeline.callHandlerAdded0(DefaultChannelPipeline.java:609)
	at io.netty.channel.DefaultChannelPipeline.access$100(DefaultChannelPipeline.java:46)
	at io.netty.channel.DefaultChannelPipeline$PendingHandlerAddedTask.execute(DefaultChannelPipeline.java:1463)
	at io.netty.channel.DefaultChannelPipeline.callHandlerAddedForAllHandlers(DefaultChannelPipeline.java:1115)
	at io.netty.channel.DefaultChannelPipeline.invokeHandlerAddedIfNeeded(DefaultChannelPipeline.java:650)
	at io.netty.channel.AbstractChannel$AbstractUnsafe.register0(AbstractChannel.java:502)
	at io.netty.channel.AbstractChannel$AbstractUnsafe.access$200(AbstractChannel.java:417)
	at io.netty.channel.AbstractChannel$AbstractUnsafe$1.run(AbstractChannel.java:474)
	at io.netty.util.concurrent.AbstractEventExecutor.safeExecute(AbstractEventExecutor.java:164)
	at io.netty.util.concurrent.SingleThreadEventExecutor.runAllTasks(SingleThreadEventExecutor.java:472)
	at io.netty.channel.nio.NioEventLoop.run(NioEventLoop.java:500)
	at io.netty.util.concurrent.SingleThreadEventExecutor$4.run(SingleThreadEventExecutor.java:989)
	at io.netty.util.internal.ThreadExecutorMap$2.run(ThreadExecutorMap.java:74)
	at io.netty.util.concurrent.FastThreadLocalRunnable.run(FastThreadLocalRunnable.java:30)
	at java.lang.Thread.run(Thread.java:745)
2021-11-08 11:20:22,149 [myid:127.0.0.1:27381] - INFO  [nioEventLoopGroup-20-1:ClientCnxnSocketNetty$ZKClientHandler@469] - channel is disconnected: [id: 0xdfd3869a, L:/127.0.0.1:14164 ! R:xmind.net/127.0.0.1:27381]
2021-11-08 11:20:22,149 [myid:127.0.0.1:27381] - INFO  [nioEventLoopGroup-20-1:ClientCnxnSocketNetty@249] - channel is told closing
2021-11-08 11:20:22,149 [myid:127.0.0.1:27381] - WARN  [main-SendThread(127.0.0.1:27381):ClientCnxn$SendThread@1290] - Session 0x0 for sever xmind.net/127.0.0.1:27381, Closing socket connection. Attempting reconnect except it is a SessionExpiredException.
EndOfStreamException: channel for sessionid 0x0 is lost
	at org.apache.zookeeper.ClientCnxnSocketNetty.doTransport(ClientCnxnSocketNetty.java:285)
	at org.apache.zookeeper.ClientCnxn$SendThread.run(ClientCnxn.java:1280)
2021-11-08 11:20:22,982 [myid:127.0.0.1:27392] - WARN  [nioEventLoopGroup-21-1:ClientCnxnSocketNetty$1@150] - future isn't success.
io.netty.channel.AbstractChannel$AnnotatedConnectException: Connection refused: no further information: xmind.net/127.0.0.1:27392
Caused by: java.net.ConnectException: Connection refused: no further information
	at sun.nio.ch.SocketChannelImpl.checkConnect(Native Method)
	at sun.nio.ch.SocketChannelImpl.finishConnect(SocketChannelImpl.java:716)
	at io.netty.channel.socket.nio.NioSocketChannel.doFinishConnect(NioSocketChannel.java:330)
	at io.netty.channel.nio.AbstractNioChannel$AbstractNioUnsafe.finishConnect(AbstractNioChannel.java:334)
	at io.netty.channel.nio.NioEventLoop.processSelectedKey(NioEventLoop.java:707)
	at io.netty.channel.nio.NioEventLoop.processSelectedKeysOptimized(NioEventLoop.java:655)
	at io.netty.channel.nio.NioEventLoop.processSelectedKeys(NioEventLoop.java:581)
	at io.netty.channel.nio.NioEventLoop.run(NioEventLoop.java:493)
	at io.netty.util.concurrent.SingleThreadEventExecutor$4.run(SingleThreadEventExecutor.java:989)
	at io.netty.util.internal.ThreadExecutorMap$2.run(ThreadExecutorMap.java:74)
	at io.netty.util.concurrent.FastThreadLocalRunnable.run(FastThreadLocalRunnable.java:30)
	at java.lang.Thread.run(Thread.java:745)
2021-11-08 11:20:23,727 [myid:127.0.0.1:27381] - INFO  [main-SendThread(127.0.0.1:27381):ClientCnxn$SendThread@1171] - Opening socket connection to server xmind.net/127.0.0.1:27381.
2021-11-08 11:20:23,727 [myid:127.0.0.1:27381] - INFO  [main-SendThread(127.0.0.1:27381):ClientCnxn$SendThread@1173] - SASL config status: Will not attempt to authenticate using SASL (unknown error)
2021-11-08 11:20:23,728 [myid:127.0.0.1:27381] - INFO  [nioEventLoopGroup-20-1:ClientCnxnSocketNetty$ZKClientPipelineFactory@454] - SSL handler added for channel: [id: 0xe673b652]
2021-11-08 11:20:23,729 [myid:127.0.0.1:27381] - INFO  [nioEventLoopGroup-20-1:ClientCnxn$SendThread@1005] - Socket connection established, initiating session, client: /127.0.0.1:14178, server: xmind.net/127.0.0.1:27381
2021-11-08 11:20:23,729 [myid:127.0.0.1:27381] - INFO  [nioEventLoopGroup-20-1:ClientCnxnSocketNetty$1@184] - channel is connected: [id: 0xe673b652, L:/127.0.0.1:14178 - R:xmind.net/127.0.0.1:27381]
2021-11-08 11:20:23,729 [myid:0] - WARN  [nioEventLoopGroup-17-3:ChannelInitializer@97] - Failed to initialize a channel. Closing: [id: 0x425f4de5, L:/127.0.0.1:27381 - R:/127.0.0.1:14178]
java.lang.IllegalArgumentException: Cannot support TLS_ECDHE_ECDSA_WITH_AES_256_CBC_SHA384 with currently installed providers
	at sun.security.ssl.CipherSuiteList.<init>(CipherSuiteList.java:92)
	at sun.security.ssl.SSLEngineImpl.setEnabledCipherSuites(SSLEngineImpl.java:2038)
	at io.netty.handler.ssl.JdkSslContext.configureAndWrapEngine(JdkSslContext.java:341)
	at io.netty.handler.ssl.JdkSslContext.newEngine(JdkSslContext.java:331)
	at io.netty.handler.ssl.SslContext.newHandler(SslContext.java:956)
	at io.netty.handler.ssl.SslContext.newHandler(SslContext.java:948)
	at org.apache.zookeeper.server.NettyServerCnxnFactory.initSSL(NettyServerCnxnFactory.java:575)
	at org.apache.zookeeper.server.NettyServerCnxnFactory.access$1300(NettyServerCnxnFactory.java:80)
	at org.apache.zookeeper.server.NettyServerCnxnFactory$1.initChannel(NettyServerCnxnFactory.java:540)
	at org.apache.zookeeper.server.NettyServerCnxnFactory$1.initChannel(NettyServerCnxnFactory.java:532)
	at io.netty.channel.ChannelInitializer.initChannel(ChannelInitializer.java:129)
	at io.netty.channel.ChannelInitializer.handlerAdded(ChannelInitializer.java:112)
	at io.netty.channel.AbstractChannelHandlerContext.callHandlerAdded(AbstractChannelHandlerContext.java:938)
	at io.netty.channel.DefaultChannelPipeline.callHandlerAdded0(DefaultChannelPipeline.java:609)
	at io.netty.channel.DefaultChannelPipeline.access$100(DefaultChannelPipeline.java:46)
	at io.netty.channel.DefaultChannelPipeline$PendingHandlerAddedTask.execute(DefaultChannelPipeline.java:1463)
	at io.netty.channel.DefaultChannelPipeline.callHandlerAddedForAllHandlers(DefaultChannelPipeline.java:1115)
	at io.netty.channel.DefaultChannelPipeline.invokeHandlerAddedIfNeeded(DefaultChannelPipeline.java:650)
	at io.netty.channel.AbstractChannel$AbstractUnsafe.register0(AbstractChannel.java:502)
	at io.netty.channel.AbstractChannel$AbstractUnsafe.access$200(AbstractChannel.java:417)
	at io.netty.channel.AbstractChannel$AbstractUnsafe$1.run(AbstractChannel.java:474)
	at io.netty.util.concurrent.AbstractEventExecutor.safeExecute(AbstractEventExecutor.java:164)
	at io.netty.util.concurrent.SingleThreadEventExecutor.runAllTasks(SingleThreadEventExecutor.java:472)
	at io.netty.channel.nio.NioEventLoop.run(NioEventLoop.java:500)
	at io.netty.util.concurrent.SingleThreadEventExecutor$4.run(SingleThreadEventExecutor.java:989)
	at io.netty.util.internal.ThreadExecutorMap$2.run(ThreadExecutorMap.java:74)
	at io.netty.util.concurrent.FastThreadLocalRunnable.run(FastThreadLocalRunnable.java:30)
	at java.lang.Thread.run(Thread.java:745)
2021-11-08 11:20:23,730 [myid:127.0.0.1:27381] - INFO  [nioEventLoopGroup-20-1:ClientCnxnSocketNetty$ZKClientHandler@469] - channel is disconnected: [id: 0xe673b652, L:/127.0.0.1:14178 ! R:xmind.net/127.0.0.1:27381]
2021-11-08 11:20:23,730 [myid:127.0.0.1:27381] - INFO  [nioEventLoopGroup-20-1:ClientCnxnSocketNetty@249] - channel is told closing
2021-11-08 11:20:23,730 [myid:127.0.0.1:27381] - WARN  [main-SendThread(127.0.0.1:27381):ClientCnxn$SendThread@1290] - Session 0x0 for sever xmind.net/127.0.0.1:27381, Closing socket connection. Attempting reconnect except it is a SessionExpiredException.
EndOfStreamException: channel for sessionid 0x0 is lost
	at org.apache.zookeeper.ClientCnxnSocketNetty.doTransport(ClientCnxnSocketNetty.java:285)
	at org.apache.zookeeper.ClientCnxn$SendThread.run(ClientCnxn.java:1280)
2021-11-08 11:20:23,748 [myid:127.0.0.1:27393] - INFO  [main-SendThread(127.0.0.1:27393):ClientCnxn$SendThread@1171] - Opening socket connection to server xmind.net/127.0.0.1:27393.
2021-11-08 11:20:23,748 [myid:127.0.0.1:27393] - INFO  [main-SendThread(127.0.0.1:27393):ClientCnxn$SendThread@1173] - SASL config status: Will not attempt to authenticate using SASL (unknown error)
2021-11-08 11:20:23,749 [myid:127.0.0.1:27393] - INFO  [nioEventLoopGroup-34-1:ClientCnxnSocketNetty$ZKClientPipelineFactory@454] - SSL handler added for channel: [id: 0xb7c7a38b]
2021-11-08 11:20:23,750 [myid:127.0.0.1:27393] - INFO  [nioEventLoopGroup-34-1:ClientCnxn$SendThread@1005] - Socket connection established, initiating session, client: /127.0.0.1:14179, server: xmind.net/127.0.0.1:27393
2021-11-08 11:20:23,750 [myid:127.0.0.1:27393] - INFO  [nioEventLoopGroup-34-1:ClientCnxnSocketNetty$1@184] - channel is connected: [id: 0xb7c7a38b, L:/127.0.0.1:14179 - R:xmind.net/127.0.0.1:27393]
2021-11-08 11:20:23,752 [myid:0] - WARN  [nioEventLoopGroup-29-5:NettyServerCnxnFactory$CnxnChannelHandler@293] - Exception caught
io.netty.handler.codec.DecoderException: java.lang.IllegalArgumentException: Cannot support TLS_ECDHE_ECDSA_WITH_AES_256_CBC_SHA384 with currently installed providers
	at io.netty.handler.codec.ByteToMessageDecoder.callDecode(ByteToMessageDecoder.java:478)
	at io.netty.handler.codec.ByteToMessageDecoder.channelRead(ByteToMessageDecoder.java:276)
	at io.netty.channel.AbstractChannelHandlerContext.invokeChannelRead(AbstractChannelHandlerContext.java:379)
	at io.netty.channel.AbstractChannelHandlerContext.invokeChannelRead(AbstractChannelHandlerContext.java:365)
	at io.netty.channel.AbstractChannelHandlerContext.fireChannelRead(AbstractChannelHandlerContext.java:357)
	at io.netty.channel.DefaultChannelPipeline$HeadContext.channelRead(DefaultChannelPipeline.java:1410)
	at io.netty.channel.AbstractChannelHandlerContext.invokeChannelRead(AbstractChannelHandlerContext.java:379)
	at io.netty.channel.AbstractChannelHandlerContext.invokeChannelRead(AbstractChannelHandlerContext.java:365)
	at io.netty.channel.DefaultChannelPipeline.fireChannelRead(DefaultChannelPipeline.java:919)
	at io.netty.channel.nio.AbstractNioByteChannel$NioByteUnsafe.read(AbstractNioByteChannel.java:166)
	at io.netty.channel.nio.NioEventLoop.processSelectedKey(NioEventLoop.java:719)
	at io.netty.channel.nio.NioEventLoop.processSelectedKeysOptimized(NioEventLoop.java:655)
	at io.netty.channel.nio.NioEventLoop.processSelectedKeys(NioEventLoop.java:581)
	at io.netty.channel.nio.NioEventLoop.run(NioEventLoop.java:493)
	at io.netty.util.concurrent.SingleThreadEventExecutor$4.run(SingleThreadEventExecutor.java:989)
	at io.netty.util.internal.ThreadExecutorMap$2.run(ThreadExecutorMap.java:74)
	at io.netty.util.concurrent.FastThreadLocalRunnable.run(FastThreadLocalRunnable.java:30)
	at java.lang.Thread.run(Thread.java:745)
Caused by: java.lang.IllegalArgumentException: Cannot support TLS_ECDHE_ECDSA_WITH_AES_256_CBC_SHA384 with currently installed providers
	at sun.security.ssl.CipherSuiteList.<init>(CipherSuiteList.java:92)
	at sun.security.ssl.SSLEngineImpl.setEnabledCipherSuites(SSLEngineImpl.java:2038)
	at io.netty.handler.ssl.JdkSslContext.configureAndWrapEngine(JdkSslContext.java:341)
	at io.netty.handler.ssl.JdkSslContext.newEngine(JdkSslContext.java:331)
	at io.netty.handler.ssl.SslContext.newHandler(SslContext.java:956)
	at io.netty.handler.ssl.SslContext.newHandler(SslContext.java:948)
	at io.netty.handler.ssl.OptionalSslHandler.newSslHandler(OptionalSslHandler.java:97)
	at org.apache.zookeeper.server.NettyServerCnxnFactory$DualModeSslHandler.newSslHandler(NettyServerCnxnFactory.java:171)
	at io.netty.handler.ssl.OptionalSslHandler.handleSsl(OptionalSslHandler.java:57)
	at io.netty.handler.ssl.OptionalSslHandler.decode(OptionalSslHandler.java:48)
	at org.apache.zookeeper.server.NettyServerCnxnFactory$DualModeSslHandler.decode(NettyServerCnxnFactory.java:142)
	at io.netty.handler.codec.ByteToMessageDecoder.decodeRemovalReentryProtection(ByteToMessageDecoder.java:508)
	at io.netty.handler.codec.ByteToMessageDecoder.callDecode(ByteToMessageDecoder.java:447)
	... 17 more
2021-11-08 11:20:23,752 [myid:0] - WARN  [nioEventLoopGroup-29-5:NettyServerCnxnFactory$CnxnChannelHandler@293] - Exception caught
io.netty.handler.codec.DecoderException: java.lang.NullPointerException
	at io.netty.handler.codec.ByteToMessageDecoder.callDecode(ByteToMessageDecoder.java:478)
	at io.netty.handler.codec.ByteToMessageDecoder.channelInputClosed(ByteToMessageDecoder.java:404)
	at io.netty.handler.codec.ByteToMessageDecoder.channelInputClosed(ByteToMessageDecoder.java:371)
	at io.netty.handler.codec.ByteToMessageDecoder.channelInactive(ByteToMessageDecoder.java:354)
	at io.netty.channel.AbstractChannelHandlerContext.invokeChannelInactive(AbstractChannelHandlerContext.java:262)
	at io.netty.channel.AbstractChannelHandlerContext.invokeChannelInactive(AbstractChannelHandlerContext.java:248)
	at io.netty.channel.AbstractChannelHandlerContext.fireChannelInactive(AbstractChannelHandlerContext.java:241)
	at io.netty.channel.DefaultChannelPipeline$HeadContext.channelInactive(DefaultChannelPipeline.java:1405)
	at io.netty.channel.AbstractChannelHandlerContext.invokeChannelInactive(AbstractChannelHandlerContext.java:262)
	at io.netty.channel.AbstractChannelHandlerContext.invokeChannelInactive(AbstractChannelHandlerContext.java:248)
	at io.netty.channel.DefaultChannelPipeline.fireChannelInactive(DefaultChannelPipeline.java:901)
	at io.netty.channel.AbstractChannel$AbstractUnsafe$8.run(AbstractChannel.java:819)
	at io.netty.util.concurrent.AbstractEventExecutor.safeExecute(AbstractEventExecutor.java:164)
	at io.netty.util.concurrent.SingleThreadEventExecutor.runAllTasks(SingleThreadEventExecutor.java:472)
	at io.netty.channel.nio.NioEventLoop.run(NioEventLoop.java:497)
	at io.netty.util.concurrent.SingleThreadEventExecutor$4.run(SingleThreadEventExecutor.java:989)
	at io.netty.util.internal.ThreadExecutorMap$2.run(ThreadExecutorMap.java:74)
	at io.netty.util.concurrent.FastThreadLocalRunnable.run(FastThreadLocalRunnable.java:30)
	at java.lang.Thread.run(Thread.java:745)
Caused by: java.lang.NullPointerException
	at java.util.Objects.requireNonNull(Objects.java:203)
	at org.apache.zookeeper.server.NettyServerCnxnFactory$DualModeSslHandler.newSslHandler(NettyServerCnxnFactory.java:169)
	at io.netty.handler.ssl.OptionalSslHandler.handleSsl(OptionalSslHandler.java:57)
	at io.netty.handler.ssl.OptionalSslHandler.decode(OptionalSslHandler.java:48)
	at org.apache.zookeeper.server.NettyServerCnxnFactory$DualModeSslHandler.decode(NettyServerCnxnFactory.java:142)
	at io.netty.handler.codec.ByteToMessageDecoder.decodeRemovalReentryProtection(ByteToMessageDecoder.java:508)
	at io.netty.handler.codec.ByteToMessageDecoder.callDecode(ByteToMessageDecoder.java:447)
	... 18 more
2021-11-08 11:20:23,752 [myid:127.0.0.1:27393] - INFO  [nioEventLoopGroup-34-1:ClientCnxnSocketNetty$ZKClientHandler@469] - channel is disconnected: [id: 0xb7c7a38b, L:/127.0.0.1:14179 ! R:xmind.net/127.0.0.1:27393]
2021-11-08 11:20:23,752 [myid:127.0.0.1:27393] - INFO  [nioEventLoopGroup-34-1:ClientCnxnSocketNetty@249] - channel is told closing
2021-11-08 11:20:23,752 [myid:127.0.0.1:27393] - WARN  [main-SendThread(127.0.0.1:27393):ClientCnxn$SendThread@1290] - Session 0x0 for sever xmind.net/127.0.0.1:27393, Closing socket connection. Attempting reconnect except it is a SessionExpiredException.
EndOfStreamException: channel for sessionid 0x0 is lost
	at org.apache.zookeeper.ClientCnxnSocketNetty.doTransport(ClientCnxnSocketNetty.java:285)
	at org.apache.zookeeper.ClientCnxn$SendThread.run(ClientCnxn.java:1280)
2021-11-08 11:20:23,983 [myid:127.0.0.1:27392] - INFO  [main-SendThread(127.0.0.1:27392):ClientCnxn$SendThread@1171] - Opening socket connection to server xmind.net/127.0.0.1:27392.
2021-11-08 11:20:23,983 [myid:127.0.0.1:27392] - INFO  [main-SendThread(127.0.0.1:27392):ClientCnxn$SendThread@1173] - SASL config status: Will not attempt to authenticate using SASL (unknown error)
2021-11-08 11:20:23,984 [myid:127.0.0.1:27392] - INFO  [nioEventLoopGroup-21-1:ClientCnxnSocketNetty$ZKClientPipelineFactory@454] - SSL handler added for channel: [id: 0x718f705f]
2021-11-08 11:20:25,708 [myid:127.0.0.1:27381] - INFO  [main-SendThread(127.0.0.1:27381):ClientCnxn$SendThread@1171] - Opening socket connection to server xmind.net/127.0.0.1:27381.
2021-11-08 11:20:25,708 [myid:127.0.0.1:27381] - INFO  [main-SendThread(127.0.0.1:27381):ClientCnxn$SendThread@1173] - SASL config status: Will not attempt to authenticate using SASL (unknown error)
2021-11-08 11:20:25,710 [myid:127.0.0.1:27381] - INFO  [nioEventLoopGroup-20-1:ClientCnxnSocketNetty$ZKClientPipelineFactory@454] - SSL handler added for channel: [id: 0x3453d820]
2021-11-08 11:20:25,710 [myid:127.0.0.1:27381] - INFO  [nioEventLoopGroup-20-1:ClientCnxn$SendThread@1005] - Socket connection established, initiating session, client: /127.0.0.1:14200, server: xmind.net/127.0.0.1:27381
2021-11-08 11:20:25,710 [myid:127.0.0.1:27381] - INFO  [nioEventLoopGroup-20-1:ClientCnxnSocketNetty$1@184] - channel is connected: [id: 0x3453d820, L:/127.0.0.1:14200 - R:xmind.net/127.0.0.1:27381]
2021-11-08 11:20:25,711 [myid:0] - WARN  [nioEventLoopGroup-17-4:ChannelInitializer@97] - Failed to initialize a channel. Closing: [id: 0xa23b58cd, L:/127.0.0.1:27381 - R:/127.0.0.1:14200]
java.lang.IllegalArgumentException: Cannot support TLS_ECDHE_ECDSA_WITH_AES_256_CBC_SHA384 with currently installed providers
	at sun.security.ssl.CipherSuiteList.<init>(CipherSuiteList.java:92)
	at sun.security.ssl.SSLEngineImpl.setEnabledCipherSuites(SSLEngineImpl.java:2038)
	at io.netty.handler.ssl.JdkSslContext.configureAndWrapEngine(JdkSslContext.java:341)
	at io.netty.handler.ssl.JdkSslContext.newEngine(JdkSslContext.java:331)
	at io.netty.handler.ssl.SslContext.newHandler(SslContext.java:956)
	at io.netty.handler.ssl.SslContext.newHandler(SslContext.java:948)
	at org.apache.zookeeper.server.NettyServerCnxnFactory.initSSL(NettyServerCnxnFactory.java:575)
	at org.apache.zookeeper.server.NettyServerCnxnFactory.access$1300(NettyServerCnxnFactory.java:80)
	at org.apache.zookeeper.server.NettyServerCnxnFactory$1.initChannel(NettyServerCnxnFactory.java:540)
	at org.apache.zookeeper.server.NettyServerCnxnFactory$1.initChannel(NettyServerCnxnFactory.java:532)
	at io.netty.channel.ChannelInitializer.initChannel(ChannelInitializer.java:129)
	at io.netty.channel.ChannelInitializer.handlerAdded(ChannelInitializer.java:112)
	at io.netty.channel.AbstractChannelHandlerContext.callHandlerAdded(AbstractChannelHandlerContext.java:938)
	at io.netty.channel.DefaultChannelPipeline.callHandlerAdded0(DefaultChannelPipeline.java:609)
	at io.netty.channel.DefaultChannelPipeline.access$100(DefaultChannelPipeline.java:46)
	at io.netty.channel.DefaultChannelPipeline$PendingHandlerAddedTask.execute(DefaultChannelPipeline.java:1463)
	at io.netty.channel.DefaultChannelPipeline.callHandlerAddedForAllHandlers(DefaultChannelPipeline.java:1115)
	at io.netty.channel.DefaultChannelPipeline.invokeHandlerAddedIfNeeded(DefaultChannelPipeline.java:650)
	at io.netty.channel.AbstractChannel$AbstractUnsafe.register0(AbstractChannel.java:502)
	at io.netty.channel.AbstractChannel$AbstractUnsafe.access$200(AbstractChannel.java:417)
	at io.netty.channel.AbstractChannel$AbstractUnsafe$1.run(AbstractChannel.java:474)
	at io.netty.util.concurrent.AbstractEventExecutor.safeExecute(AbstractEventExecutor.java:164)
	at io.netty.util.concurrent.SingleThreadEventExecutor.runAllTasks(SingleThreadEventExecutor.java:472)
	at io.netty.channel.nio.NioEventLoop.run(NioEventLoop.java:500)
	at io.netty.util.concurrent.SingleThreadEventExecutor$4.run(SingleThreadEventExecutor.java:989)
	at io.netty.util.internal.ThreadExecutorMap$2.run(ThreadExecutorMap.java:74)
	at io.netty.util.concurrent.FastThreadLocalRunnable.run(FastThreadLocalRunnable.java:30)
	at java.lang.Thread.run(Thread.java:745)
2021-11-08 11:20:25,711 [myid:127.0.0.1:27381] - INFO  [nioEventLoopGroup-20-1:ClientCnxnSocketNetty$ZKClientHandler@469] - channel is disconnected: [id: 0x3453d820, L:/127.0.0.1:14200 ! R:xmind.net/127.0.0.1:27381]
2021-11-08 11:20:25,711 [myid:127.0.0.1:27381] - INFO  [nioEventLoopGroup-20-1:ClientCnxnSocketNetty@249] - channel is told closing
2021-11-08 11:20:25,712 [myid:127.0.0.1:27381] - WARN  [main-SendThread(127.0.0.1:27381):ClientCnxn$SendThread@1290] - Session 0x0 for sever xmind.net/127.0.0.1:27381, Closing socket connection. Attempting reconnect except it is a SessionExpiredException.
EndOfStreamException: channel for sessionid 0x0 is lost
	at org.apache.zookeeper.ClientCnxnSocketNetty.doTransport(ClientCnxnSocketNetty.java:285)
	at org.apache.zookeeper.ClientCnxn$SendThread.run(ClientCnxn.java:1280)
2021-11-08 11:20:25,741 [myid:127.0.0.1:27393] - INFO  [main-SendThread(127.0.0.1:27393):ClientCnxn$SendThread@1171] - Opening socket connection to server xmind.net/127.0.0.1:27393.
2021-11-08 11:20:25,741 [myid:127.0.0.1:27393] - INFO  [main-SendThread(127.0.0.1:27393):ClientCnxn$SendThread@1173] - SASL config status: Will not attempt to authenticate using SASL (unknown error)
2021-11-08 11:20:25,742 [myid:127.0.0.1:27393] - INFO  [nioEventLoopGroup-34-1:ClientCnxnSocketNetty$ZKClientPipelineFactory@454] - SSL handler added for channel: [id: 0x3f9e0443]
2021-11-08 11:20:25,744 [myid:127.0.0.1:27393] - INFO  [nioEventLoopGroup-34-1:ClientCnxn$SendThread@1005] - Socket connection established, initiating session, client: /127.0.0.1:14201, server: xmind.net/127.0.0.1:27393
2021-11-08 11:20:25,744 [myid:127.0.0.1:27393] - INFO  [nioEventLoopGroup-34-1:ClientCnxnSocketNetty$1@184] - channel is connected: [id: 0x3f9e0443, L:/127.0.0.1:14201 - R:xmind.net/127.0.0.1:27393]
2021-11-08 11:20:25,745 [myid:0] - WARN  [nioEventLoopGroup-29-6:NettyServerCnxnFactory$CnxnChannelHandler@293] - Exception caught
io.netty.handler.codec.DecoderException: java.lang.IllegalArgumentException: Cannot support TLS_ECDHE_ECDSA_WITH_AES_256_CBC_SHA384 with currently installed providers
	at io.netty.handler.codec.ByteToMessageDecoder.callDecode(ByteToMessageDecoder.java:478)
	at io.netty.handler.codec.ByteToMessageDecoder.channelRead(ByteToMessageDecoder.java:276)
	at io.netty.channel.AbstractChannelHandlerContext.invokeChannelRead(AbstractChannelHandlerContext.java:379)
	at io.netty.channel.AbstractChannelHandlerContext.invokeChannelRead(AbstractChannelHandlerContext.java:365)
	at io.netty.channel.AbstractChannelHandlerContext.fireChannelRead(AbstractChannelHandlerContext.java:357)
	at io.netty.channel.DefaultChannelPipeline$HeadContext.channelRead(DefaultChannelPipeline.java:1410)
	at io.netty.channel.AbstractChannelHandlerContext.invokeChannelRead(AbstractChannelHandlerContext.java:379)
	at io.netty.channel.AbstractChannelHandlerContext.invokeChannelRead(AbstractChannelHandlerContext.java:365)
	at io.netty.channel.DefaultChannelPipeline.fireChannelRead(DefaultChannelPipeline.java:919)
	at io.netty.channel.nio.AbstractNioByteChannel$NioByteUnsafe.read(AbstractNioByteChannel.java:166)
	at io.netty.channel.nio.NioEventLoop.processSelectedKey(NioEventLoop.java:719)
	at io.netty.channel.nio.NioEventLoop.processSelectedKeysOptimized(NioEventLoop.java:655)
	at io.netty.channel.nio.NioEventLoop.processSelectedKeys(NioEventLoop.java:581)
	at io.netty.channel.nio.NioEventLoop.run(NioEventLoop.java:493)
	at io.netty.util.concurrent.SingleThreadEventExecutor$4.run(SingleThreadEventExecutor.java:989)
	at io.netty.util.internal.ThreadExecutorMap$2.run(ThreadExecutorMap.java:74)
	at io.netty.util.concurrent.FastThreadLocalRunnable.run(FastThreadLocalRunnable.java:30)
	at java.lang.Thread.run(Thread.java:745)
Caused by: java.lang.IllegalArgumentException: Cannot support TLS_ECDHE_ECDSA_WITH_AES_256_CBC_SHA384 with currently installed providers
	at sun.security.ssl.CipherSuiteList.<init>(CipherSuiteList.java:92)
	at sun.security.ssl.SSLEngineImpl.setEnabledCipherSuites(SSLEngineImpl.java:2038)
	at io.netty.handler.ssl.JdkSslContext.configureAndWrapEngine(JdkSslContext.java:341)
	at io.netty.handler.ssl.JdkSslContext.newEngine(JdkSslContext.java:331)
	at io.netty.handler.ssl.SslContext.newHandler(SslContext.java:956)
	at io.netty.handler.ssl.SslContext.newHandler(SslContext.java:948)
	at io.netty.handler.ssl.OptionalSslHandler.newSslHandler(OptionalSslHandler.java:97)
	at org.apache.zookeeper.server.NettyServerCnxnFactory$DualModeSslHandler.newSslHandler(NettyServerCnxnFactory.java:171)
	at io.netty.handler.ssl.OptionalSslHandler.handleSsl(OptionalSslHandler.java:57)
	at io.netty.handler.ssl.OptionalSslHandler.decode(OptionalSslHandler.java:48)
	at org.apache.zookeeper.server.NettyServerCnxnFactory$DualModeSslHandler.decode(NettyServerCnxnFactory.java:142)
	at io.netty.handler.codec.ByteToMessageDecoder.decodeRemovalReentryProtection(ByteToMessageDecoder.java:508)
	at io.netty.handler.codec.ByteToMessageDecoder.callDecode(ByteToMessageDecoder.java:447)
	... 17 more
2021-11-08 11:20:25,746 [myid:0] - WARN  [nioEventLoopGroup-29-6:NettyServerCnxnFactory$CnxnChannelHandler@293] - Exception caught
io.netty.handler.codec.DecoderException: java.lang.NullPointerException
	at io.netty.handler.codec.ByteToMessageDecoder.callDecode(ByteToMessageDecoder.java:478)
	at io.netty.handler.codec.ByteToMessageDecoder.channelInputClosed(ByteToMessageDecoder.java:404)
	at io.netty.handler.codec.ByteToMessageDecoder.channelInputClosed(ByteToMessageDecoder.java:371)
	at io.netty.handler.codec.ByteToMessageDecoder.channelInactive(ByteToMessageDecoder.java:354)
	at io.netty.channel.AbstractChannelHandlerContext.invokeChannelInactive(AbstractChannelHandlerContext.java:262)
	at io.netty.channel.AbstractChannelHandlerContext.invokeChannelInactive(AbstractChannelHandlerContext.java:248)
	at io.netty.channel.AbstractChannelHandlerContext.fireChannelInactive(AbstractChannelHandlerContext.java:241)
	at io.netty.channel.DefaultChannelPipeline$HeadContext.channelInactive(DefaultChannelPipeline.java:1405)
	at io.netty.channel.AbstractChannelHandlerContext.invokeChannelInactive(AbstractChannelHandlerContext.java:262)
	at io.netty.channel.AbstractChannelHandlerContext.invokeChannelInactive(AbstractChannelHandlerContext.java:248)
	at io.netty.channel.DefaultChannelPipeline.fireChannelInactive(DefaultChannelPipeline.java:901)
	at io.netty.channel.AbstractChannel$AbstractUnsafe$8.run(AbstractChannel.java:819)
	at io.netty.util.concurrent.AbstractEventExecutor.safeExecute(AbstractEventExecutor.java:164)
	at io.netty.util.concurrent.SingleThreadEventExecutor.runAllTasks(SingleThreadEventExecutor.java:472)
	at io.netty.channel.nio.NioEventLoop.run(NioEventLoop.java:497)
	at io.netty.util.concurrent.SingleThreadEventExecutor$4.run(SingleThreadEventExecutor.java:989)
	at io.netty.util.internal.ThreadExecutorMap$2.run(ThreadExecutorMap.java:74)
	at io.netty.util.concurrent.FastThreadLocalRunnable.run(FastThreadLocalRunnable.java:30)
	at java.lang.Thread.run(Thread.java:745)
Caused by: java.lang.NullPointerException
	at java.util.Objects.requireNonNull(Objects.java:203)
	at org.apache.zookeeper.server.NettyServerCnxnFactory$DualModeSslHandler.newSslHandler(NettyServerCnxnFactory.java:169)
	at io.netty.handler.ssl.OptionalSslHandler.handleSsl(OptionalSslHandler.java:57)
	at io.netty.handler.ssl.OptionalSslHandler.decode(OptionalSslHandler.java:48)
	at org.apache.zookeeper.server.NettyServerCnxnFactory$DualModeSslHandler.decode(NettyServerCnxnFactory.java:142)
	at io.netty.handler.codec.ByteToMessageDecoder.decodeRemovalReentryProtection(ByteToMessageDecoder.java:508)
	at io.netty.handler.codec.ByteToMessageDecoder.callDecode(ByteToMessageDecoder.java:447)
	... 18 more
2021-11-08 11:20:25,746 [myid:127.0.0.1:27393] - INFO  [nioEventLoopGroup-34-1:ClientCnxnSocketNetty$ZKClientHandler@469] - channel is disconnected: [id: 0x3f9e0443, L:/127.0.0.1:14201 ! R:xmind.net/127.0.0.1:27393]
2021-11-08 11:20:25,746 [myid:127.0.0.1:27393] - INFO  [nioEventLoopGroup-34-1:ClientCnxnSocketNetty@249] - channel is told closing
2021-11-08 11:20:25,747 [myid:127.0.0.1:27393] - WARN  [main-SendThread(127.0.0.1:27393):ClientCnxn$SendThread@1290] - Session 0x0 for sever xmind.net/127.0.0.1:27393, Closing socket connection. Attempting reconnect except it is a SessionExpiredException.
EndOfStreamException: channel for sessionid 0x0 is lost
	at org.apache.zookeeper.ClientCnxnSocketNetty.doTransport(ClientCnxnSocketNetty.java:285)
	at org.apache.zookeeper.ClientCnxn$SendThread.run(ClientCnxn.java:1280)
2021-11-08 11:20:26,023 [myid:127.0.0.1:27392] - WARN  [nioEventLoopGroup-21-1:ClientCnxnSocketNetty$1@150] - future isn't success.
io.netty.channel.AbstractChannel$AnnotatedConnectException: Connection refused: no further information: xmind.net/127.0.0.1:27392
Caused by: java.net.ConnectException: Connection refused: no further information
	at sun.nio.ch.SocketChannelImpl.checkConnect(Native Method)
	at sun.nio.ch.SocketChannelImpl.finishConnect(SocketChannelImpl.java:716)
	at io.netty.channel.socket.nio.NioSocketChannel.doFinishConnect(NioSocketChannel.java:330)
	at io.netty.channel.nio.AbstractNioChannel$AbstractNioUnsafe.finishConnect(AbstractNioChannel.java:334)
	at io.netty.channel.nio.NioEventLoop.processSelectedKey(NioEventLoop.java:707)
	at io.netty.channel.nio.NioEventLoop.processSelectedKeysOptimized(NioEventLoop.java:655)
	at io.netty.channel.nio.NioEventLoop.processSelectedKeys(NioEventLoop.java:581)
	at io.netty.channel.nio.NioEventLoop.run(NioEventLoop.java:493)
	at io.netty.util.concurrent.SingleThreadEventExecutor$4.run(SingleThreadEventExecutor.java:989)
	at io.netty.util.internal.ThreadExecutorMap$2.run(ThreadExecutorMap.java:74)
	at io.netty.util.concurrent.FastThreadLocalRunnable.run(FastThreadLocalRunnable.java:30)
	at java.lang.Thread.run(Thread.java:745)
2021-11-08 11:20:26,844 [myid:127.0.0.1:27393] - INFO  [main-SendThread(127.0.0.1:27393):ClientCnxn$SendThread@1171] - Opening socket connection to server xmind.net/127.0.0.1:27393.
2021-11-08 11:20:26,844 [myid:127.0.0.1:27393] - INFO  [main-SendThread(127.0.0.1:27393):ClientCnxn$SendThread@1173] - SASL config status: Will not attempt to authenticate using SASL (unknown error)
2021-11-08 11:20:26,846 [myid:127.0.0.1:27393] - INFO  [nioEventLoopGroup-34-1:ClientCnxnSocketNetty$ZKClientPipelineFactory@454] - SSL handler added for channel: [id: 0xf428466f]
2021-11-08 11:20:26,846 [myid:127.0.0.1:27393] - INFO  [nioEventLoopGroup-34-1:ClientCnxn$SendThread@1005] - Socket connection established, initiating session, client: /127.0.0.1:14213, server: xmind.net/127.0.0.1:27393
2021-11-08 11:20:26,846 [myid:127.0.0.1:27393] - INFO  [nioEventLoopGroup-34-1:ClientCnxnSocketNetty$1@184] - channel is connected: [id: 0xf428466f, L:/127.0.0.1:14213 - R:xmind.net/127.0.0.1:27393]
2021-11-08 11:20:26,861 [myid:0] - WARN  [nioEventLoopGroup-29-7:NettyServerCnxnFactory$CnxnChannelHandler@293] - Exception caught
io.netty.handler.codec.DecoderException: java.lang.IllegalArgumentException: Cannot support TLS_ECDHE_ECDSA_WITH_AES_256_CBC_SHA384 with currently installed providers
	at io.netty.handler.codec.ByteToMessageDecoder.callDecode(ByteToMessageDecoder.java:478)
	at io.netty.handler.codec.ByteToMessageDecoder.channelRead(ByteToMessageDecoder.java:276)
	at io.netty.channel.AbstractChannelHandlerContext.invokeChannelRead(AbstractChannelHandlerContext.java:379)
	at io.netty.channel.AbstractChannelHandlerContext.invokeChannelRead(AbstractChannelHandlerContext.java:365)
	at io.netty.channel.AbstractChannelHandlerContext.fireChannelRead(AbstractChannelHandlerContext.java:357)
	at io.netty.channel.DefaultChannelPipeline$HeadContext.channelRead(DefaultChannelPipeline.java:1410)
	at io.netty.channel.AbstractChannelHandlerContext.invokeChannelRead(AbstractChannelHandlerContext.java:379)
	at io.netty.channel.AbstractChannelHandlerContext.invokeChannelRead(AbstractChannelHandlerContext.java:365)
	at io.netty.channel.DefaultChannelPipeline.fireChannelRead(DefaultChannelPipeline.java:919)
	at io.netty.channel.nio.AbstractNioByteChannel$NioByteUnsafe.read(AbstractNioByteChannel.java:166)
	at io.netty.channel.nio.NioEventLoop.processSelectedKey(NioEventLoop.java:719)
	at io.netty.channel.nio.NioEventLoop.processSelectedKeysOptimized(NioEventLoop.java:655)
	at io.netty.channel.nio.NioEventLoop.processSelectedKeys(NioEventLoop.java:581)
	at io.netty.channel.nio.NioEventLoop.run(NioEventLoop.java:493)
	at io.netty.util.concurrent.SingleThreadEventExecutor$4.run(SingleThreadEventExecutor.java:989)
	at io.netty.util.internal.ThreadExecutorMap$2.run(ThreadExecutorMap.java:74)
	at io.netty.util.concurrent.FastThreadLocalRunnable.run(FastThreadLocalRunnable.java:30)
	at java.lang.Thread.run(Thread.java:745)
Caused by: java.lang.IllegalArgumentException: Cannot support TLS_ECDHE_ECDSA_WITH_AES_256_CBC_SHA384 with currently installed providers
	at sun.security.ssl.CipherSuiteList.<init>(CipherSuiteList.java:92)
	at sun.security.ssl.SSLEngineImpl.setEnabledCipherSuites(SSLEngineImpl.java:2038)
	at io.netty.handler.ssl.JdkSslContext.configureAndWrapEngine(JdkSslContext.java:341)
	at io.netty.handler.ssl.JdkSslContext.newEngine(JdkSslContext.java:331)
	at io.netty.handler.ssl.SslContext.newHandler(SslContext.java:956)
	at io.netty.handler.ssl.SslContext.newHandler(SslContext.java:948)
	at io.netty.handler.ssl.OptionalSslHandler.newSslHandler(OptionalSslHandler.java:97)
	at org.apache.zookeeper.server.NettyServerCnxnFactory$DualModeSslHandler.newSslHandler(NettyServerCnxnFactory.java:171)
	at io.netty.handler.ssl.OptionalSslHandler.handleSsl(OptionalSslHandler.java:57)
	at io.netty.handler.ssl.OptionalSslHandler.decode(OptionalSslHandler.java:48)
	at org.apache.zookeeper.server.NettyServerCnxnFactory$DualModeSslHandler.decode(NettyServerCnxnFactory.java:142)
	at io.netty.handler.codec.ByteToMessageDecoder.decodeRemovalReentryProtection(ByteToMessageDecoder.java:508)
	at io.netty.handler.codec.ByteToMessageDecoder.callDecode(ByteToMessageDecoder.java:447)
	... 17 more
2021-11-08 11:20:26,862 [myid:0] - WARN  [nioEventLoopGroup-29-7:NettyServerCnxnFactory$CnxnChannelHandler@293] - Exception caught
io.netty.handler.codec.DecoderException: java.lang.NullPointerException
	at io.netty.handler.codec.ByteToMessageDecoder.callDecode(ByteToMessageDecoder.java:478)
	at io.netty.handler.codec.ByteToMessageDecoder.channelInputClosed(ByteToMessageDecoder.java:404)
	at io.netty.handler.codec.ByteToMessageDecoder.channelInputClosed(ByteToMessageDecoder.java:371)
	at io.netty.handler.codec.ByteToMessageDecoder.channelInactive(ByteToMessageDecoder.java:354)
	at io.netty.channel.AbstractChannelHandlerContext.invokeChannelInactive(AbstractChannelHandlerContext.java:262)
	at io.netty.channel.AbstractChannelHandlerContext.invokeChannelInactive(AbstractChannelHandlerContext.java:248)
	at io.netty.channel.AbstractChannelHandlerContext.fireChannelInactive(AbstractChannelHandlerContext.java:241)
	at io.netty.channel.DefaultChannelPipeline$HeadContext.channelInactive(DefaultChannelPipeline.java:1405)
	at io.netty.channel.AbstractChannelHandlerContext.invokeChannelInactive(AbstractChannelHandlerContext.java:262)
	at io.netty.channel.AbstractChannelHandlerContext.invokeChannelInactive(AbstractChannelHandlerContext.java:248)
	at io.netty.channel.DefaultChannelPipeline.fireChannelInactive(DefaultChannelPipeline.java:901)
	at io.netty.channel.AbstractChannel$AbstractUnsafe$8.run(AbstractChannel.java:819)
	at io.netty.util.concurrent.AbstractEventExecutor.safeExecute(AbstractEventExecutor.java:164)
	at io.netty.util.concurrent.SingleThreadEventExecutor.runAllTasks(SingleThreadEventExecutor.java:472)
	at io.netty.channel.nio.NioEventLoop.run(NioEventLoop.java:497)
	at io.netty.util.concurrent.SingleThreadEventExecutor$4.run(SingleThreadEventExecutor.java:989)
	at io.netty.util.internal.ThreadExecutorMap$2.run(ThreadExecutorMap.java:74)
	at io.netty.util.concurrent.FastThreadLocalRunnable.run(FastThreadLocalRunnable.java:30)
	at java.lang.Thread.run(Thread.java:745)
Caused by: java.lang.NullPointerException
	at java.util.Objects.requireNonNull(Objects.java:203)
	at org.apache.zookeeper.server.NettyServerCnxnFactory$DualModeSslHandler.newSslHandler(NettyServerCnxnFactory.java:169)
	at io.netty.handler.ssl.OptionalSslHandler.handleSsl(OptionalSslHandler.java:57)
	at io.netty.handler.ssl.OptionalSslHandler.decode(OptionalSslHandler.java:48)
	at org.apache.zookeeper.server.NettyServerCnxnFactory$DualModeSslHandler.decode(NettyServerCnxnFactory.java:142)
	at io.netty.handler.codec.ByteToMessageDecoder.decodeRemovalReentryProtection(ByteToMessageDecoder.java:508)
	at io.netty.handler.codec.ByteToMessageDecoder.callDecode(ByteToMessageDecoder.java:447)
	... 18 more
2021-11-08 11:20:26,862 [myid:127.0.0.1:27393] - INFO  [nioEventLoopGroup-34-1:ClientCnxnSocketNetty$ZKClientHandler@469] - channel is disconnected: [id: 0xf428466f, L:/127.0.0.1:14213 ! R:xmind.net/127.0.0.1:27393]
2021-11-08 11:20:26,863 [myid:127.0.0.1:27393] - INFO  [nioEventLoopGroup-34-1:ClientCnxnSocketNetty@249] - channel is told closing
2021-11-08 11:20:26,863 [myid:127.0.0.1:27393] - WARN  [main-SendThread(127.0.0.1:27393):ClientCnxn$SendThread@1290] - Session 0x0 for sever xmind.net/127.0.0.1:27393, Closing socket connection. Attempting reconnect except it is a SessionExpiredException.
EndOfStreamException: channel for sessionid 0x0 is lost
	at org.apache.zookeeper.ClientCnxnSocketNetty.doTransport(ClientCnxnSocketNetty.java:285)
	at org.apache.zookeeper.ClientCnxn$SendThread.run(ClientCnxn.java:1280)
2021-11-08 11:20:27,024 [myid:127.0.0.1:27392] - INFO  [main-SendThread(127.0.0.1:27392):ClientCnxn$SendThread@1171] - Opening socket connection to server xmind.net/127.0.0.1:27392.
2021-11-08 11:20:27,024 [myid:127.0.0.1:27392] - INFO  [main-SendThread(127.0.0.1:27392):ClientCnxn$SendThread@1173] - SASL config status: Will not attempt to authenticate using SASL (unknown error)
2021-11-08 11:20:27,025 [myid:127.0.0.1:27392] - INFO  [nioEventLoopGroup-21-1:ClientCnxnSocketNetty$ZKClientPipelineFactory@454] - SSL handler added for channel: [id: 0x9a322792]
2021-11-08 11:20:27,326 [myid:127.0.0.1:27381] - INFO  [main-SendThread(127.0.0.1:27381):ClientCnxn$SendThread@1171] - Opening socket connection to server xmind.net/127.0.0.1:27381.
2021-11-08 11:20:27,326 [myid:127.0.0.1:27381] - INFO  [main-SendThread(127.0.0.1:27381):ClientCnxn$SendThread@1173] - SASL config status: Will not attempt to authenticate using SASL (unknown error)
2021-11-08 11:20:27,327 [myid:127.0.0.1:27381] - INFO  [nioEventLoopGroup-20-1:ClientCnxnSocketNetty$ZKClientPipelineFactory@454] - SSL handler added for channel: [id: 0xa64dc78c]
2021-11-08 11:20:27,328 [myid:127.0.0.1:27381] - INFO  [nioEventLoopGroup-20-1:ClientCnxn$SendThread@1005] - Socket connection established, initiating session, client: /127.0.0.1:14227, server: xmind.net/127.0.0.1:27381
2021-11-08 11:20:27,328 [myid:127.0.0.1:27381] - INFO  [nioEventLoopGroup-20-1:ClientCnxnSocketNetty$1@184] - channel is connected: [id: 0xa64dc78c, L:/127.0.0.1:14227 - R:xmind.net/127.0.0.1:27381]
2021-11-08 11:20:27,329 [myid:0] - WARN  [nioEventLoopGroup-17-5:ChannelInitializer@97] - Failed to initialize a channel. Closing: [id: 0xc7e32771, L:/127.0.0.1:27381 - R:/127.0.0.1:14227]
java.lang.IllegalArgumentException: Cannot support TLS_ECDHE_ECDSA_WITH_AES_256_CBC_SHA384 with currently installed providers
	at sun.security.ssl.CipherSuiteList.<init>(CipherSuiteList.java:92)
	at sun.security.ssl.SSLEngineImpl.setEnabledCipherSuites(SSLEngineImpl.java:2038)
	at io.netty.handler.ssl.JdkSslContext.configureAndWrapEngine(JdkSslContext.java:341)
	at io.netty.handler.ssl.JdkSslContext.newEngine(JdkSslContext.java:331)
	at io.netty.handler.ssl.SslContext.newHandler(SslContext.java:956)
	at io.netty.handler.ssl.SslContext.newHandler(SslContext.java:948)
	at org.apache.zookeeper.server.NettyServerCnxnFactory.initSSL(NettyServerCnxnFactory.java:575)
	at org.apache.zookeeper.server.NettyServerCnxnFactory.access$1300(NettyServerCnxnFactory.java:80)
	at org.apache.zookeeper.server.NettyServerCnxnFactory$1.initChannel(NettyServerCnxnFactory.java:540)
	at org.apache.zookeeper.server.NettyServerCnxnFactory$1.initChannel(NettyServerCnxnFactory.java:532)
	at io.netty.channel.ChannelInitializer.initChannel(ChannelInitializer.java:129)
	at io.netty.channel.ChannelInitializer.handlerAdded(ChannelInitializer.java:112)
	at io.netty.channel.AbstractChannelHandlerContext.callHandlerAdded(AbstractChannelHandlerContext.java:938)
	at io.netty.channel.DefaultChannelPipeline.callHandlerAdded0(DefaultChannelPipeline.java:609)
	at io.netty.channel.DefaultChannelPipeline.access$100(DefaultChannelPipeline.java:46)
	at io.netty.channel.DefaultChannelPipeline$PendingHandlerAddedTask.execute(DefaultChannelPipeline.java:1463)
	at io.netty.channel.DefaultChannelPipeline.callHandlerAddedForAllHandlers(DefaultChannelPipeline.java:1115)
	at io.netty.channel.DefaultChannelPipeline.invokeHandlerAddedIfNeeded(DefaultChannelPipeline.java:650)
	at io.netty.channel.AbstractChannel$AbstractUnsafe.register0(AbstractChannel.java:502)
	at io.netty.channel.AbstractChannel$AbstractUnsafe.access$200(AbstractChannel.java:417)
	at io.netty.channel.AbstractChannel$AbstractUnsafe$1.run(AbstractChannel.java:474)
	at io.netty.util.concurrent.AbstractEventExecutor.safeExecute(AbstractEventExecutor.java:164)
	at io.netty.util.concurrent.SingleThreadEventExecutor.runAllTasks(SingleThreadEventExecutor.java:472)
	at io.netty.channel.nio.NioEventLoop.run(NioEventLoop.java:500)
	at io.netty.util.concurrent.SingleThreadEventExecutor$4.run(SingleThreadEventExecutor.java:989)
	at io.netty.util.internal.ThreadExecutorMap$2.run(ThreadExecutorMap.java:74)
	at io.netty.util.concurrent.FastThreadLocalRunnable.run(FastThreadLocalRunnable.java:30)
	at java.lang.Thread.run(Thread.java:745)
2021-11-08 11:20:27,329 [myid:127.0.0.1:27381] - INFO  [nioEventLoopGroup-20-1:ClientCnxnSocketNetty$ZKClientHandler@469] - channel is disconnected: [id: 0xa64dc78c, L:/127.0.0.1:14227 ! R:xmind.net/127.0.0.1:27381]
2021-11-08 11:20:27,329 [myid:127.0.0.1:27381] - INFO  [nioEventLoopGroup-20-1:ClientCnxnSocketNetty@249] - channel is told closing
2021-11-08 11:20:27,329 [myid:127.0.0.1:27381] - WARN  [main-SendThread(127.0.0.1:27381):ClientCnxn$SendThread@1290] - Session 0x0 for sever xmind.net/127.0.0.1:27381, Closing socket connection. Attempting reconnect except it is a SessionExpiredException.
EndOfStreamException: channel for sessionid 0x0 is lost
	at org.apache.zookeeper.ClientCnxnSocketNetty.doTransport(ClientCnxnSocketNetty.java:285)
	at org.apache.zookeeper.ClientCnxn$SendThread.run(ClientCnxn.java:1280)
2021-11-08 11:20:28,173 [myid:127.0.0.1:27393] - INFO  [main-SendThread(127.0.0.1:27393):ClientCnxn$SendThread@1171] - Opening socket connection to server xmind.net/127.0.0.1:27393.
2021-11-08 11:20:28,173 [myid:127.0.0.1:27393] - INFO  [main-SendThread(127.0.0.1:27393):ClientCnxn$SendThread@1173] - SASL config status: Will not attempt to authenticate using SASL (unknown error)
2021-11-08 11:20:28,174 [myid:127.0.0.1:27393] - INFO  [nioEventLoopGroup-34-1:ClientCnxnSocketNetty$ZKClientPipelineFactory@454] - SSL handler added for channel: [id: 0xe35f8f82]
2021-11-08 11:20:28,175 [myid:127.0.0.1:27393] - INFO  [nioEventLoopGroup-34-1:ClientCnxn$SendThread@1005] - Socket connection established, initiating session, client: /127.0.0.1:14229, server: xmind.net/127.0.0.1:27393
2021-11-08 11:20:28,175 [myid:127.0.0.1:27393] - INFO  [nioEventLoopGroup-34-1:ClientCnxnSocketNetty$1@184] - channel is connected: [id: 0xe35f8f82, L:/127.0.0.1:14229 - R:xmind.net/127.0.0.1:27393]
2021-11-08 11:20:28,176 [myid:0] - WARN  [nioEventLoopGroup-29-8:NettyServerCnxnFactory$CnxnChannelHandler@293] - Exception caught
io.netty.handler.codec.DecoderException: java.lang.IllegalArgumentException: Cannot support TLS_ECDHE_ECDSA_WITH_AES_256_CBC_SHA384 with currently installed providers
	at io.netty.handler.codec.ByteToMessageDecoder.callDecode(ByteToMessageDecoder.java:478)
	at io.netty.handler.codec.ByteToMessageDecoder.channelRead(ByteToMessageDecoder.java:276)
	at io.netty.channel.AbstractChannelHandlerContext.invokeChannelRead(AbstractChannelHandlerContext.java:379)
	at io.netty.channel.AbstractChannelHandlerContext.invokeChannelRead(AbstractChannelHandlerContext.java:365)
	at io.netty.channel.AbstractChannelHandlerContext.fireChannelRead(AbstractChannelHandlerContext.java:357)
	at io.netty.channel.DefaultChannelPipeline$HeadContext.channelRead(DefaultChannelPipeline.java:1410)
	at io.netty.channel.AbstractChannelHandlerContext.invokeChannelRead(AbstractChannelHandlerContext.java:379)
	at io.netty.channel.AbstractChannelHandlerContext.invokeChannelRead(AbstractChannelHandlerContext.java:365)
	at io.netty.channel.DefaultChannelPipeline.fireChannelRead(DefaultChannelPipeline.java:919)
	at io.netty.channel.nio.AbstractNioByteChannel$NioByteUnsafe.read(AbstractNioByteChannel.java:166)
	at io.netty.channel.nio.NioEventLoop.processSelectedKey(NioEventLoop.java:719)
	at io.netty.channel.nio.NioEventLoop.processSelectedKeysOptimized(NioEventLoop.java:655)
	at io.netty.channel.nio.NioEventLoop.processSelectedKeys(NioEventLoop.java:581)
	at io.netty.channel.nio.NioEventLoop.run(NioEventLoop.java:493)
	at io.netty.util.concurrent.SingleThreadEventExecutor$4.run(SingleThreadEventExecutor.java:989)
	at io.netty.util.internal.ThreadExecutorMap$2.run(ThreadExecutorMap.java:74)
	at io.netty.util.concurrent.FastThreadLocalRunnable.run(FastThreadLocalRunnable.java:30)
	at java.lang.Thread.run(Thread.java:745)
Caused by: java.lang.IllegalArgumentException: Cannot support TLS_ECDHE_ECDSA_WITH_AES_256_CBC_SHA384 with currently installed providers
	at sun.security.ssl.CipherSuiteList.<init>(CipherSuiteList.java:92)
	at sun.security.ssl.SSLEngineImpl.setEnabledCipherSuites(SSLEngineImpl.java:2038)
	at io.netty.handler.ssl.JdkSslContext.configureAndWrapEngine(JdkSslContext.java:341)
	at io.netty.handler.ssl.JdkSslContext.newEngine(JdkSslContext.java:331)
	at io.netty.handler.ssl.SslContext.newHandler(SslContext.java:956)
	at io.netty.handler.ssl.SslContext.newHandler(SslContext.java:948)
	at io.netty.handler.ssl.OptionalSslHandler.newSslHandler(OptionalSslHandler.java:97)
	at org.apache.zookeeper.server.NettyServerCnxnFactory$DualModeSslHandler.newSslHandler(NettyServerCnxnFactory.java:171)
	at io.netty.handler.ssl.OptionalSslHandler.handleSsl(OptionalSslHandler.java:57)
	at io.netty.handler.ssl.OptionalSslHandler.decode(OptionalSslHandler.java:48)
	at org.apache.zookeeper.server.NettyServerCnxnFactory$DualModeSslHandler.decode(NettyServerCnxnFactory.java:142)
	at io.netty.handler.codec.ByteToMessageDecoder.decodeRemovalReentryProtection(ByteToMessageDecoder.java:508)
	at io.netty.handler.codec.ByteToMessageDecoder.callDecode(ByteToMessageDecoder.java:447)
	... 17 more
2021-11-08 11:20:28,177 [myid:0] - WARN  [nioEventLoopGroup-29-8:NettyServerCnxnFactory$CnxnChannelHandler@293] - Exception caught
io.netty.handler.codec.DecoderException: java.lang.NullPointerException
	at io.netty.handler.codec.ByteToMessageDecoder.callDecode(ByteToMessageDecoder.java:478)
	at io.netty.handler.codec.ByteToMessageDecoder.channelInputClosed(ByteToMessageDecoder.java:404)
	at io.netty.handler.codec.ByteToMessageDecoder.channelInputClosed(ByteToMessageDecoder.java:371)
	at io.netty.handler.codec.ByteToMessageDecoder.channelInactive(ByteToMessageDecoder.java:354)
	at io.netty.channel.AbstractChannelHandlerContext.invokeChannelInactive(AbstractChannelHandlerContext.java:262)
	at io.netty.channel.AbstractChannelHandlerContext.invokeChannelInactive(AbstractChannelHandlerContext.java:248)
	at io.netty.channel.AbstractChannelHandlerContext.fireChannelInactive(AbstractChannelHandlerContext.java:241)
	at io.netty.channel.DefaultChannelPipeline$HeadContext.channelInactive(DefaultChannelPipeline.java:1405)
	at io.netty.channel.AbstractChannelHandlerContext.invokeChannelInactive(AbstractChannelHandlerContext.java:262)
	at io.netty.channel.AbstractChannelHandlerContext.invokeChannelInactive(AbstractChannelHandlerContext.java:248)
	at io.netty.channel.DefaultChannelPipeline.fireChannelInactive(DefaultChannelPipeline.java:901)
	at io.netty.channel.AbstractChannel$AbstractUnsafe$8.run(AbstractChannel.java:819)
	at io.netty.util.concurrent.AbstractEventExecutor.safeExecute(AbstractEventExecutor.java:164)
	at io.netty.util.concurrent.SingleThreadEventExecutor.runAllTasks(SingleThreadEventExecutor.java:472)
	at io.netty.channel.nio.NioEventLoop.run(NioEventLoop.java:497)
	at io.netty.util.concurrent.SingleThreadEventExecutor$4.run(SingleThreadEventExecutor.java:989)
	at io.netty.util.internal.ThreadExecutorMap$2.run(ThreadExecutorMap.java:74)
	at io.netty.util.concurrent.FastThreadLocalRunnable.run(FastThreadLocalRunnable.java:30)
	at java.lang.Thread.run(Thread.java:745)
Caused by: java.lang.NullPointerException
	at java.util.Objects.requireNonNull(Objects.java:203)
	at org.apache.zookeeper.server.NettyServerCnxnFactory$DualModeSslHandler.newSslHandler(NettyServerCnxnFactory.java:169)
	at io.netty.handler.ssl.OptionalSslHandler.handleSsl(OptionalSslHandler.java:57)
	at io.netty.handler.ssl.OptionalSslHandler.decode(OptionalSslHandler.java:48)
	at org.apache.zookeeper.server.NettyServerCnxnFactory$DualModeSslHandler.decode(NettyServerCnxnFactory.java:142)
	at io.netty.handler.codec.ByteToMessageDecoder.decodeRemovalReentryProtection(ByteToMessageDecoder.java:508)
	at io.netty.handler.codec.ByteToMessageDecoder.callDecode(ByteToMessageDecoder.java:447)
	... 18 more
2021-11-08 11:20:28,177 [myid:127.0.0.1:27393] - INFO  [nioEventLoopGroup-34-1:ClientCnxnSocketNetty$ZKClientHandler@469] - channel is disconnected: [id: 0xe35f8f82, L:/127.0.0.1:14229 ! R:xmind.net/127.0.0.1:27393]
2021-11-08 11:20:28,177 [myid:127.0.0.1:27393] - INFO  [nioEventLoopGroup-34-1:ClientCnxnSocketNetty@249] - channel is told closing
2021-11-08 11:20:28,177 [myid:127.0.0.1:27393] - WARN  [main-SendThread(127.0.0.1:27393):ClientCnxn$SendThread@1290] - Session 0x0 for sever xmind.net/127.0.0.1:27393, Closing socket connection. Attempting reconnect except it is a SessionExpiredException.
EndOfStreamException: channel for sessionid 0x0 is lost
	at org.apache.zookeeper.ClientCnxnSocketNetty.doTransport(ClientCnxnSocketNetty.java:285)
	at org.apache.zookeeper.ClientCnxn$SendThread.run(ClientCnxn.java:1280)
2021-11-08 11:20:29,053 [myid:127.0.0.1:27392] - WARN  [nioEventLoopGroup-21-1:ClientCnxnSocketNetty$1@150] - future isn't success.
io.netty.channel.AbstractChannel$AnnotatedConnectException: Connection refused: no further information: xmind.net/127.0.0.1:27392
Caused by: java.net.ConnectException: Connection refused: no further information
	at sun.nio.ch.SocketChannelImpl.checkConnect(Native Method)
	at sun.nio.ch.SocketChannelImpl.finishConnect(SocketChannelImpl.java:716)
	at io.netty.channel.socket.nio.NioSocketChannel.doFinishConnect(NioSocketChannel.java:330)
	at io.netty.channel.nio.AbstractNioChannel$AbstractNioUnsafe.finishConnect(AbstractNioChannel.java:334)
	at io.netty.channel.nio.NioEventLoop.processSelectedKey(NioEventLoop.java:707)
	at io.netty.channel.nio.NioEventLoop.processSelectedKeysOptimized(NioEventLoop.java:655)
	at io.netty.channel.nio.NioEventLoop.processSelectedKeys(NioEventLoop.java:581)
	at io.netty.channel.nio.NioEventLoop.run(NioEventLoop.java:493)
	at io.netty.util.concurrent.SingleThreadEventExecutor$4.run(SingleThreadEventExecutor.java:989)
	at io.netty.util.internal.ThreadExecutorMap$2.run(ThreadExecutorMap.java:74)
	at io.netty.util.concurrent.FastThreadLocalRunnable.run(FastThreadLocalRunnable.java:30)
	at java.lang.Thread.run(Thread.java:745)
2021-11-08 11:20:29,105 [myid:127.0.0.1:27381] - INFO  [main-SendThread(127.0.0.1:27381):ClientCnxn$SendThread@1171] - Opening socket connection to server xmind.net/127.0.0.1:27381.
2021-11-08 11:20:29,105 [myid:127.0.0.1:27381] - INFO  [main-SendThread(127.0.0.1:27381):ClientCnxn$SendThread@1173] - SASL config status: Will not attempt to authenticate using SASL (unknown error)
2021-11-08 11:20:29,106 [myid:127.0.0.1:27381] - INFO  [nioEventLoopGroup-20-1:ClientCnxnSocketNetty$ZKClientPipelineFactory@454] - SSL handler added for channel: [id: 0xd32dee87]
2021-11-08 11:20:29,107 [myid:127.0.0.1:27381] - INFO  [nioEventLoopGroup-20-1:ClientCnxn$SendThread@1005] - Socket connection established, initiating session, client: /127.0.0.1:14240, server: xmind.net/127.0.0.1:27381
2021-11-08 11:20:29,107 [myid:127.0.0.1:27381] - INFO  [nioEventLoopGroup-20-1:ClientCnxnSocketNetty$1@184] - channel is connected: [id: 0xd32dee87, L:/127.0.0.1:14240 - R:xmind.net/127.0.0.1:27381]
2021-11-08 11:20:29,107 [myid:0] - WARN  [nioEventLoopGroup-17-6:ChannelInitializer@97] - Failed to initialize a channel. Closing: [id: 0xe495879e, L:/127.0.0.1:27381 - R:/127.0.0.1:14240]
java.lang.IllegalArgumentException: Cannot support TLS_ECDHE_ECDSA_WITH_AES_256_CBC_SHA384 with currently installed providers
	at sun.security.ssl.CipherSuiteList.<init>(CipherSuiteList.java:92)
	at sun.security.ssl.SSLEngineImpl.setEnabledCipherSuites(SSLEngineImpl.java:2038)
	at io.netty.handler.ssl.JdkSslContext.configureAndWrapEngine(JdkSslContext.java:341)
	at io.netty.handler.ssl.JdkSslContext.newEngine(JdkSslContext.java:331)
	at io.netty.handler.ssl.SslContext.newHandler(SslContext.java:956)
	at io.netty.handler.ssl.SslContext.newHandler(SslContext.java:948)
	at org.apache.zookeeper.server.NettyServerCnxnFactory.initSSL(NettyServerCnxnFactory.java:575)
	at org.apache.zookeeper.server.NettyServerCnxnFactory.access$1300(NettyServerCnxnFactory.java:80)
	at org.apache.zookeeper.server.NettyServerCnxnFactory$1.initChannel(NettyServerCnxnFactory.java:540)
	at org.apache.zookeeper.server.NettyServerCnxnFactory$1.initChannel(NettyServerCnxnFactory.java:532)
	at io.netty.channel.ChannelInitializer.initChannel(ChannelInitializer.java:129)
	at io.netty.channel.ChannelInitializer.handlerAdded(ChannelInitializer.java:112)
	at io.netty.channel.AbstractChannelHandlerContext.callHandlerAdded(AbstractChannelHandlerContext.java:938)
	at io.netty.channel.DefaultChannelPipeline.callHandlerAdded0(DefaultChannelPipeline.java:609)
	at io.netty.channel.DefaultChannelPipeline.access$100(DefaultChannelPipeline.java:46)
	at io.netty.channel.DefaultChannelPipeline$PendingHandlerAddedTask.execute(DefaultChannelPipeline.java:1463)
	at io.netty.channel.DefaultChannelPipeline.callHandlerAddedForAllHandlers(DefaultChannelPipeline.java:1115)
	at io.netty.channel.DefaultChannelPipeline.invokeHandlerAddedIfNeeded(DefaultChannelPipeline.java:650)
	at io.netty.channel.AbstractChannel$AbstractUnsafe.register0(AbstractChannel.java:502)
	at io.netty.channel.AbstractChannel$AbstractUnsafe.access$200(AbstractChannel.java:417)
	at io.netty.channel.AbstractChannel$AbstractUnsafe$1.run(AbstractChannel.java:474)
	at io.netty.util.concurrent.AbstractEventExecutor.safeExecute(AbstractEventExecutor.java:164)
	at io.netty.util.concurrent.SingleThreadEventExecutor.runAllTasks(SingleThreadEventExecutor.java:472)
	at io.netty.channel.nio.NioEventLoop.run(NioEventLoop.java:500)
	at io.netty.util.concurrent.SingleThreadEventExecutor$4.run(SingleThreadEventExecutor.java:989)
	at io.netty.util.internal.ThreadExecutorMap$2.run(ThreadExecutorMap.java:74)
	at io.netty.util.concurrent.FastThreadLocalRunnable.run(FastThreadLocalRunnable.java:30)
	at java.lang.Thread.run(Thread.java:745)
2021-11-08 11:20:29,108 [myid:127.0.0.1:27381] - INFO  [nioEventLoopGroup-20-1:ClientCnxnSocketNetty$ZKClientHandler@469] - channel is disconnected: [id: 0xd32dee87, L:/127.0.0.1:14240 ! R:xmind.net/127.0.0.1:27381]
2021-11-08 11:20:29,108 [myid:127.0.0.1:27381] - INFO  [nioEventLoopGroup-20-1:ClientCnxnSocketNetty@249] - channel is told closing
2021-11-08 11:20:29,108 [myid:127.0.0.1:27381] - WARN  [main-SendThread(127.0.0.1:27381):ClientCnxn$SendThread@1290] - Session 0x0 for sever xmind.net/127.0.0.1:27381, Closing socket connection. Attempting reconnect except it is a SessionExpiredException.
EndOfStreamException: channel for sessionid 0x0 is lost
	at org.apache.zookeeper.ClientCnxnSocketNetty.doTransport(ClientCnxnSocketNetty.java:285)
	at org.apache.zookeeper.ClientCnxn$SendThread.run(ClientCnxn.java:1280)
2021-11-08 11:20:29,255 [myid:127.0.0.1:27393] - INFO  [main-SendThread(127.0.0.1:27393):ClientCnxn$SendThread@1171] - Opening socket connection to server xmind.net/127.0.0.1:27393.
2021-11-08 11:20:29,255 [myid:127.0.0.1:27393] - INFO  [main-SendThread(127.0.0.1:27393):ClientCnxn$SendThread@1173] - SASL config status: Will not attempt to authenticate using SASL (unknown error)
2021-11-08 11:20:29,256 [myid:127.0.0.1:27393] - INFO  [nioEventLoopGroup-34-1:ClientCnxnSocketNetty$ZKClientPipelineFactory@454] - SSL handler added for channel: [id: 0x15aeb1a8]
2021-11-08 11:20:29,257 [myid:127.0.0.1:27393] - INFO  [nioEventLoopGroup-34-1:ClientCnxn$SendThread@1005] - Socket connection established, initiating session, client: /127.0.0.1:14242, server: xmind.net/127.0.0.1:27393
2021-11-08 11:20:29,257 [myid:127.0.0.1:27393] - INFO  [nioEventLoopGroup-34-1:ClientCnxnSocketNetty$1@184] - channel is connected: [id: 0x15aeb1a8, L:/127.0.0.1:14242 - R:xmind.net/127.0.0.1:27393]
2021-11-08 11:20:29,258 [myid:0] - WARN  [nioEventLoopGroup-29-9:NettyServerCnxnFactory$CnxnChannelHandler@293] - Exception caught
io.netty.handler.codec.DecoderException: java.lang.IllegalArgumentException: Cannot support TLS_ECDHE_ECDSA_WITH_AES_256_CBC_SHA384 with currently installed providers
	at io.netty.handler.codec.ByteToMessageDecoder.callDecode(ByteToMessageDecoder.java:478)
	at io.netty.handler.codec.ByteToMessageDecoder.channelRead(ByteToMessageDecoder.java:276)
	at io.netty.channel.AbstractChannelHandlerContext.invokeChannelRead(AbstractChannelHandlerContext.java:379)
	at io.netty.channel.AbstractChannelHandlerContext.invokeChannelRead(AbstractChannelHandlerContext.java:365)
	at io.netty.channel.AbstractChannelHandlerContext.fireChannelRead(AbstractChannelHandlerContext.java:357)
	at io.netty.channel.DefaultChannelPipeline$HeadContext.channelRead(DefaultChannelPipeline.java:1410)
	at io.netty.channel.AbstractChannelHandlerContext.invokeChannelRead(AbstractChannelHandlerContext.java:379)
	at io.netty.channel.AbstractChannelHandlerContext.invokeChannelRead(AbstractChannelHandlerContext.java:365)
	at io.netty.channel.DefaultChannelPipeline.fireChannelRead(DefaultChannelPipeline.java:919)
	at io.netty.channel.nio.AbstractNioByteChannel$NioByteUnsafe.read(AbstractNioByteChannel.java:166)
	at io.netty.channel.nio.NioEventLoop.processSelectedKey(NioEventLoop.java:719)
	at io.netty.channel.nio.NioEventLoop.processSelectedKeysOptimized(NioEventLoop.java:655)
	at io.netty.channel.nio.NioEventLoop.processSelectedKeys(NioEventLoop.java:581)
	at io.netty.channel.nio.NioEventLoop.run(NioEventLoop.java:493)
	at io.netty.util.concurrent.SingleThreadEventExecutor$4.run(SingleThreadEventExecutor.java:989)
	at io.netty.util.internal.ThreadExecutorMap$2.run(ThreadExecutorMap.java:74)
	at io.netty.util.concurrent.FastThreadLocalRunnable.run(FastThreadLocalRunnable.java:30)
	at java.lang.Thread.run(Thread.java:745)
Caused by: java.lang.IllegalArgumentException: Cannot support TLS_ECDHE_ECDSA_WITH_AES_256_CBC_SHA384 with currently installed providers
	at sun.security.ssl.CipherSuiteList.<init>(CipherSuiteList.java:92)
	at sun.security.ssl.SSLEngineImpl.setEnabledCipherSuites(SSLEngineImpl.java:2038)
	at io.netty.handler.ssl.JdkSslContext.configureAndWrapEngine(JdkSslContext.java:341)
	at io.netty.handler.ssl.JdkSslContext.newEngine(JdkSslContext.java:331)
	at io.netty.handler.ssl.SslContext.newHandler(SslContext.java:956)
	at io.netty.handler.ssl.SslContext.newHandler(SslContext.java:948)
	at io.netty.handler.ssl.OptionalSslHandler.newSslHandler(OptionalSslHandler.java:97)
	at org.apache.zookeeper.server.NettyServerCnxnFactory$DualModeSslHandler.newSslHandler(NettyServerCnxnFactory.java:171)
	at io.netty.handler.ssl.OptionalSslHandler.handleSsl(OptionalSslHandler.java:57)
	at io.netty.handler.ssl.OptionalSslHandler.decode(OptionalSslHandler.java:48)
	at org.apache.zookeeper.server.NettyServerCnxnFactory$DualModeSslHandler.decode(NettyServerCnxnFactory.java:142)
	at io.netty.handler.codec.ByteToMessageDecoder.decodeRemovalReentryProtection(ByteToMessageDecoder.java:508)
	at io.netty.handler.codec.ByteToMessageDecoder.callDecode(ByteToMessageDecoder.java:447)
	... 17 more
2021-11-08 11:20:29,258 [myid:0] - WARN  [nioEventLoopGroup-29-9:NettyServerCnxnFactory$CnxnChannelHandler@293] - Exception caught
io.netty.handler.codec.DecoderException: java.lang.NullPointerException
	at io.netty.handler.codec.ByteToMessageDecoder.callDecode(ByteToMessageDecoder.java:478)
	at io.netty.handler.codec.ByteToMessageDecoder.channelInputClosed(ByteToMessageDecoder.java:404)
	at io.netty.handler.codec.ByteToMessageDecoder.channelInputClosed(ByteToMessageDecoder.java:371)
	at io.netty.handler.codec.ByteToMessageDecoder.channelInactive(ByteToMessageDecoder.java:354)
	at io.netty.channel.AbstractChannelHandlerContext.invokeChannelInactive(AbstractChannelHandlerContext.java:262)
	at io.netty.channel.AbstractChannelHandlerContext.invokeChannelInactive(AbstractChannelHandlerContext.java:248)
	at io.netty.channel.AbstractChannelHandlerContext.fireChannelInactive(AbstractChannelHandlerContext.java:241)
	at io.netty.channel.DefaultChannelPipeline$HeadContext.channelInactive(DefaultChannelPipeline.java:1405)
	at io.netty.channel.AbstractChannelHandlerContext.invokeChannelInactive(AbstractChannelHandlerContext.java:262)
	at io.netty.channel.AbstractChannelHandlerContext.invokeChannelInactive(AbstractChannelHandlerContext.java:248)
	at io.netty.channel.DefaultChannelPipeline.fireChannelInactive(DefaultChannelPipeline.java:901)
	at io.netty.channel.AbstractChannel$AbstractUnsafe$8.run(AbstractChannel.java:819)
	at io.netty.util.concurrent.AbstractEventExecutor.safeExecute(AbstractEventExecutor.java:164)
	at io.netty.util.concurrent.SingleThreadEventExecutor.runAllTasks(SingleThreadEventExecutor.java:472)
	at io.netty.channel.nio.NioEventLoop.run(NioEventLoop.java:497)
	at io.netty.util.concurrent.SingleThreadEventExecutor$4.run(SingleThreadEventExecutor.java:989)
	at io.netty.util.internal.ThreadExecutorMap$2.run(ThreadExecutorMap.java:74)
	at io.netty.util.concurrent.FastThreadLocalRunnable.run(FastThreadLocalRunnable.java:30)
	at java.lang.Thread.run(Thread.java:745)
Caused by: java.lang.NullPointerException
	at java.util.Objects.requireNonNull(Objects.java:203)
	at org.apache.zookeeper.server.NettyServerCnxnFactory$DualModeSslHandler.newSslHandler(NettyServerCnxnFactory.java:169)
	at io.netty.handler.ssl.OptionalSslHandler.handleSsl(OptionalSslHandler.java:57)
	at io.netty.handler.ssl.OptionalSslHandler.decode(OptionalSslHandler.java:48)
	at org.apache.zookeeper.server.NettyServerCnxnFactory$DualModeSslHandler.decode(NettyServerCnxnFactory.java:142)
	at io.netty.handler.codec.ByteToMessageDecoder.decodeRemovalReentryProtection(ByteToMessageDecoder.java:508)
	at io.netty.handler.codec.ByteToMessageDecoder.callDecode(ByteToMessageDecoder.java:447)
	... 18 more
2021-11-08 11:20:29,259 [myid:127.0.0.1:27393] - INFO  [nioEventLoopGroup-34-1:ClientCnxnSocketNetty$ZKClientHandler@469] - channel is disconnected: [id: 0x15aeb1a8, L:/127.0.0.1:14242 ! R:xmind.net/127.0.0.1:27393]
2021-11-08 11:20:29,259 [myid:127.0.0.1:27393] - INFO  [nioEventLoopGroup-34-1:ClientCnxnSocketNetty@249] - channel is told closing
2021-11-08 11:20:29,259 [myid:127.0.0.1:27393] - WARN  [main-SendThread(127.0.0.1:27393):ClientCnxn$SendThread@1290] - Session 0x0 for sever xmind.net/127.0.0.1:27393, Closing socket connection. Attempting reconnect except it is a SessionExpiredException.
EndOfStreamException: channel for sessionid 0x0 is lost
	at org.apache.zookeeper.ClientCnxnSocketNetty.doTransport(ClientCnxnSocketNetty.java:285)
	at org.apache.zookeeper.ClientCnxn$SendThread.run(ClientCnxn.java:1280)
2021-11-08 11:20:30,053 [myid:127.0.0.1:27392] - INFO  [main-SendThread(127.0.0.1:27392):ClientCnxn$SendThread@1171] - Opening socket connection to server xmind.net/127.0.0.1:27392.
2021-11-08 11:20:30,053 [myid:127.0.0.1:27392] - INFO  [main-SendThread(127.0.0.1:27392):ClientCnxn$SendThread@1173] - SASL config status: Will not attempt to authenticate using SASL (unknown error)
2021-11-08 11:20:30,054 [myid:127.0.0.1:27392] - INFO  [nioEventLoopGroup-21-1:ClientCnxnSocketNetty$ZKClientPipelineFactory@454] - SSL handler added for channel: [id: 0xe91c93d5]
2021-11-08 11:20:30,147 [myid:127.0.0.1:27381] - INFO  [main-SendThread(127.0.0.1:27381):ClientCnxn$SendThread@1171] - Opening socket connection to server xmind.net/127.0.0.1:27381.
2021-11-08 11:20:30,147 [myid:127.0.0.1:27381] - INFO  [main-SendThread(127.0.0.1:27381):ClientCnxn$SendThread@1173] - SASL config status: Will not attempt to authenticate using SASL (unknown error)
2021-11-08 11:20:30,148 [myid:127.0.0.1:27381] - INFO  [nioEventLoopGroup-20-1:ClientCnxnSocketNetty$ZKClientPipelineFactory@454] - SSL handler added for channel: [id: 0x63bcbccd]
2021-11-08 11:20:30,149 [myid:127.0.0.1:27381] - INFO  [nioEventLoopGroup-20-1:ClientCnxn$SendThread@1005] - Socket connection established, initiating session, client: /127.0.0.1:14311, server: xmind.net/127.0.0.1:27381
2021-11-08 11:20:30,149 [myid:127.0.0.1:27381] - INFO  [nioEventLoopGroup-20-1:ClientCnxnSocketNetty$1@184] - channel is connected: [id: 0x63bcbccd, L:/127.0.0.1:14311 - R:xmind.net/127.0.0.1:27381]
2021-11-08 11:20:30,149 [myid:0] - WARN  [nioEventLoopGroup-17-7:ChannelInitializer@97] - Failed to initialize a channel. Closing: [id: 0xbc43ad41, L:/127.0.0.1:27381 - R:/127.0.0.1:14311]
java.lang.IllegalArgumentException: Cannot support TLS_ECDHE_ECDSA_WITH_AES_256_CBC_SHA384 with currently installed providers
	at sun.security.ssl.CipherSuiteList.<init>(CipherSuiteList.java:92)
	at sun.security.ssl.SSLEngineImpl.setEnabledCipherSuites(SSLEngineImpl.java:2038)
	at io.netty.handler.ssl.JdkSslContext.configureAndWrapEngine(JdkSslContext.java:341)
	at io.netty.handler.ssl.JdkSslContext.newEngine(JdkSslContext.java:331)
	at io.netty.handler.ssl.SslContext.newHandler(SslContext.java:956)
	at io.netty.handler.ssl.SslContext.newHandler(SslContext.java:948)
	at org.apache.zookeeper.server.NettyServerCnxnFactory.initSSL(NettyServerCnxnFactory.java:575)
	at org.apache.zookeeper.server.NettyServerCnxnFactory.access$1300(NettyServerCnxnFactory.java:80)
	at org.apache.zookeeper.server.NettyServerCnxnFactory$1.initChannel(NettyServerCnxnFactory.java:540)
	at org.apache.zookeeper.server.NettyServerCnxnFactory$1.initChannel(NettyServerCnxnFactory.java:532)
	at io.netty.channel.ChannelInitializer.initChannel(ChannelInitializer.java:129)
	at io.netty.channel.ChannelInitializer.handlerAdded(ChannelInitializer.java:112)
	at io.netty.channel.AbstractChannelHandlerContext.callHandlerAdded(AbstractChannelHandlerContext.java:938)
	at io.netty.channel.DefaultChannelPipeline.callHandlerAdded0(DefaultChannelPipeline.java:609)
	at io.netty.channel.DefaultChannelPipeline.access$100(DefaultChannelPipeline.java:46)
	at io.netty.channel.DefaultChannelPipeline$PendingHandlerAddedTask.execute(DefaultChannelPipeline.java:1463)
	at io.netty.channel.DefaultChannelPipeline.callHandlerAddedForAllHandlers(DefaultChannelPipeline.java:1115)
	at io.netty.channel.DefaultChannelPipeline.invokeHandlerAddedIfNeeded(DefaultChannelPipeline.java:650)
	at io.netty.channel.AbstractChannel$AbstractUnsafe.register0(AbstractChannel.java:502)
	at io.netty.channel.AbstractChannel$AbstractUnsafe.access$200(AbstractChannel.java:417)
	at io.netty.channel.AbstractChannel$AbstractUnsafe$1.run(AbstractChannel.java:474)
	at io.netty.util.concurrent.AbstractEventExecutor.safeExecute(AbstractEventExecutor.java:164)
	at io.netty.util.concurrent.SingleThreadEventExecutor.runAllTasks(SingleThreadEventExecutor.java:472)
	at io.netty.channel.nio.NioEventLoop.run(NioEventLoop.java:500)
	at io.netty.util.concurrent.SingleThreadEventExecutor$4.run(SingleThreadEventExecutor.java:989)
	at io.netty.util.internal.ThreadExecutorMap$2.run(ThreadExecutorMap.java:74)
	at io.netty.util.concurrent.FastThreadLocalRunnable.run(FastThreadLocalRunnable.java:30)
	at java.lang.Thread.run(Thread.java:745)
2021-11-08 11:20:30,150 [myid:127.0.0.1:27381] - INFO  [nioEventLoopGroup-20-1:ClientCnxnSocketNetty$ZKClientHandler@469] - channel is disconnected: [id: 0x63bcbccd, L:/127.0.0.1:14311 ! R:xmind.net/127.0.0.1:27381]
2021-11-08 11:20:30,150 [myid:127.0.0.1:27381] - INFO  [nioEventLoopGroup-20-1:ClientCnxnSocketNetty@249] - channel is told closing
2021-11-08 11:20:30,150 [myid:127.0.0.1:27381] - WARN  [main-SendThread(127.0.0.1:27381):ClientCnxn$SendThread@1290] - Session 0x0 for sever xmind.net/127.0.0.1:27381, Closing socket connection. Attempting reconnect except it is a SessionExpiredException.
EndOfStreamException: channel for sessionid 0x0 is lost
	at org.apache.zookeeper.ClientCnxnSocketNetty.doTransport(ClientCnxnSocketNetty.java:285)
	at org.apache.zookeeper.ClientCnxn$SendThread.run(ClientCnxn.java:1280)
2021-11-08 11:20:30,367 [myid:127.0.0.1:27393] - INFO  [main-SendThread(127.0.0.1:27393):ClientCnxn$SendThread@1171] - Opening socket connection to server xmind.net/127.0.0.1:27393.
2021-11-08 11:20:30,367 [myid:127.0.0.1:27393] - INFO  [main-SendThread(127.0.0.1:27393):ClientCnxn$SendThread@1173] - SASL config status: Will not attempt to authenticate using SASL (unknown error)
2021-11-08 11:20:30,368 [myid:127.0.0.1:27393] - INFO  [nioEventLoopGroup-34-1:ClientCnxnSocketNetty$ZKClientPipelineFactory@454] - SSL handler added for channel: [id: 0xfa8e2899]
2021-11-08 11:20:30,369 [myid:127.0.0.1:27393] - INFO  [nioEventLoopGroup-34-1:ClientCnxn$SendThread@1005] - Socket connection established, initiating session, client: /127.0.0.1:14323, server: xmind.net/127.0.0.1:27393
2021-11-08 11:20:30,369 [myid:127.0.0.1:27393] - INFO  [nioEventLoopGroup-34-1:ClientCnxnSocketNetty$1@184] - channel is connected: [id: 0xfa8e2899, L:/127.0.0.1:14323 - R:xmind.net/127.0.0.1:27393]
2021-11-08 11:20:30,370 [myid:0] - WARN  [nioEventLoopGroup-29-10:NettyServerCnxnFactory$CnxnChannelHandler@293] - Exception caught
io.netty.handler.codec.DecoderException: java.lang.IllegalArgumentException: Cannot support TLS_ECDHE_ECDSA_WITH_AES_256_CBC_SHA384 with currently installed providers
	at io.netty.handler.codec.ByteToMessageDecoder.callDecode(ByteToMessageDecoder.java:478)
	at io.netty.handler.codec.ByteToMessageDecoder.channelRead(ByteToMessageDecoder.java:276)
	at io.netty.channel.AbstractChannelHandlerContext.invokeChannelRead(AbstractChannelHandlerContext.java:379)
	at io.netty.channel.AbstractChannelHandlerContext.invokeChannelRead(AbstractChannelHandlerContext.java:365)
	at io.netty.channel.AbstractChannelHandlerContext.fireChannelRead(AbstractChannelHandlerContext.java:357)
	at io.netty.channel.DefaultChannelPipeline$HeadContext.channelRead(DefaultChannelPipeline.java:1410)
	at io.netty.channel.AbstractChannelHandlerContext.invokeChannelRead(AbstractChannelHandlerContext.java:379)
	at io.netty.channel.AbstractChannelHandlerContext.invokeChannelRead(AbstractChannelHandlerContext.java:365)
	at io.netty.channel.DefaultChannelPipeline.fireChannelRead(DefaultChannelPipeline.java:919)
	at io.netty.channel.nio.AbstractNioByteChannel$NioByteUnsafe.read(AbstractNioByteChannel.java:166)
	at io.netty.channel.nio.NioEventLoop.processSelectedKey(NioEventLoop.java:719)
	at io.netty.channel.nio.NioEventLoop.processSelectedKeysOptimized(NioEventLoop.java:655)
	at io.netty.channel.nio.NioEventLoop.processSelectedKeys(NioEventLoop.java:581)
	at io.netty.channel.nio.NioEventLoop.run(NioEventLoop.java:493)
	at io.netty.util.concurrent.SingleThreadEventExecutor$4.run(SingleThreadEventExecutor.java:989)
	at io.netty.util.internal.ThreadExecutorMap$2.run(ThreadExecutorMap.java:74)
	at io.netty.util.concurrent.FastThreadLocalRunnable.run(FastThreadLocalRunnable.java:30)
	at java.lang.Thread.run(Thread.java:745)
Caused by: java.lang.IllegalArgumentException: Cannot support TLS_ECDHE_ECDSA_WITH_AES_256_CBC_SHA384 with currently installed providers
	at sun.security.ssl.CipherSuiteList.<init>(CipherSuiteList.java:92)
	at sun.security.ssl.SSLEngineImpl.setEnabledCipherSuites(SSLEngineImpl.java:2038)
	at io.netty.handler.ssl.JdkSslContext.configureAndWrapEngine(JdkSslContext.java:341)
	at io.netty.handler.ssl.JdkSslContext.newEngine(JdkSslContext.java:331)
	at io.netty.handler.ssl.SslContext.newHandler(SslContext.java:956)
	at io.netty.handler.ssl.SslContext.newHandler(SslContext.java:948)
	at io.netty.handler.ssl.OptionalSslHandler.newSslHandler(OptionalSslHandler.java:97)
	at org.apache.zookeeper.server.NettyServerCnxnFactory$DualModeSslHandler.newSslHandler(NettyServerCnxnFactory.java:171)
	at io.netty.handler.ssl.OptionalSslHandler.handleSsl(OptionalSslHandler.java:57)
	at io.netty.handler.ssl.OptionalSslHandler.decode(OptionalSslHandler.java:48)
	at org.apache.zookeeper.server.NettyServerCnxnFactory$DualModeSslHandler.decode(NettyServerCnxnFactory.java:142)
	at io.netty.handler.codec.ByteToMessageDecoder.decodeRemovalReentryProtection(ByteToMessageDecoder.java:508)
	at io.netty.handler.codec.ByteToMessageDecoder.callDecode(ByteToMessageDecoder.java:447)
	... 17 more
2021-11-08 11:20:30,370 [myid:0] - WARN  [nioEventLoopGroup-29-10:NettyServerCnxnFactory$CnxnChannelHandler@293] - Exception caught
io.netty.handler.codec.DecoderException: java.lang.NullPointerException
	at io.netty.handler.codec.ByteToMessageDecoder.callDecode(ByteToMessageDecoder.java:478)
	at io.netty.handler.codec.ByteToMessageDecoder.channelInputClosed(ByteToMessageDecoder.java:404)
	at io.netty.handler.codec.ByteToMessageDecoder.channelInputClosed(ByteToMessageDecoder.java:371)
	at io.netty.handler.codec.ByteToMessageDecoder.channelInactive(ByteToMessageDecoder.java:354)
	at io.netty.channel.AbstractChannelHandlerContext.invokeChannelInactive(AbstractChannelHandlerContext.java:262)
	at io.netty.channel.AbstractChannelHandlerContext.invokeChannelInactive(AbstractChannelHandlerContext.java:248)
	at io.netty.channel.AbstractChannelHandlerContext.fireChannelInactive(AbstractChannelHandlerContext.java:241)
	at io.netty.channel.DefaultChannelPipeline$HeadContext.channelInactive(DefaultChannelPipeline.java:1405)
	at io.netty.channel.AbstractChannelHandlerContext.invokeChannelInactive(AbstractChannelHandlerContext.java:262)
	at io.netty.channel.AbstractChannelHandlerContext.invokeChannelInactive(AbstractChannelHandlerContext.java:248)
	at io.netty.channel.DefaultChannelPipeline.fireChannelInactive(DefaultChannelPipeline.java:901)
	at io.netty.channel.AbstractChannel$AbstractUnsafe$8.run(AbstractChannel.java:819)
	at io.netty.util.concurrent.AbstractEventExecutor.safeExecute(AbstractEventExecutor.java:164)
	at io.netty.util.concurrent.SingleThreadEventExecutor.runAllTasks(SingleThreadEventExecutor.java:472)
	at io.netty.channel.nio.NioEventLoop.run(NioEventLoop.java:497)
	at io.netty.util.concurrent.SingleThreadEventExecutor$4.run(SingleThreadEventExecutor.java:989)
	at io.netty.util.internal.ThreadExecutorMap$2.run(ThreadExecutorMap.java:74)
	at io.netty.util.concurrent.FastThreadLocalRunnable.run(FastThreadLocalRunnable.java:30)
	at java.lang.Thread.run(Thread.java:745)
Caused by: java.lang.NullPointerException
	at java.util.Objects.requireNonNull(Objects.java:203)
	at org.apache.zookeeper.server.NettyServerCnxnFactory$DualModeSslHandler.newSslHandler(NettyServerCnxnFactory.java:169)
	at io.netty.handler.ssl.OptionalSslHandler.handleSsl(OptionalSslHandler.java:57)
	at io.netty.handler.ssl.OptionalSslHandler.decode(OptionalSslHandler.java:48)
	at org.apache.zookeeper.server.NettyServerCnxnFactory$DualModeSslHandler.decode(NettyServerCnxnFactory.java:142)
	at io.netty.handler.codec.ByteToMessageDecoder.decodeRemovalReentryProtection(ByteToMessageDecoder.java:508)
	at io.netty.handler.codec.ByteToMessageDecoder.callDecode(ByteToMessageDecoder.java:447)
	... 18 more
2021-11-08 11:20:30,370 [myid:127.0.0.1:27393] - INFO  [nioEventLoopGroup-34-1:ClientCnxnSocketNetty$ZKClientHandler@469] - channel is disconnected: [id: 0xfa8e2899, L:/127.0.0.1:14323 ! R:xmind.net/127.0.0.1:27393]
2021-11-08 11:20:30,371 [myid:127.0.0.1:27393] - INFO  [nioEventLoopGroup-34-1:ClientCnxnSocketNetty@249] - channel is told closing
2021-11-08 11:20:30,371 [myid:127.0.0.1:27393] - WARN  [main-SendThread(127.0.0.1:27393):ClientCnxn$SendThread@1290] - Session 0x0 for sever xmind.net/127.0.0.1:27393, Closing socket connection. Attempting reconnect except it is a SessionExpiredException.
EndOfStreamException: channel for sessionid 0x0 is lost
	at org.apache.zookeeper.ClientCnxnSocketNetty.doTransport(ClientCnxnSocketNetty.java:285)
	at org.apache.zookeeper.ClientCnxn$SendThread.run(ClientCnxn.java:1280)
2021-11-08 11:20:31,420 [myid:127.0.0.1:27381] - INFO  [main-SendThread(127.0.0.1:27381):ClientCnxn$SendThread@1171] - Opening socket connection to server xmind.net/127.0.0.1:27381.
2021-11-08 11:20:31,420 [myid:127.0.0.1:27381] - INFO  [main-SendThread(127.0.0.1:27381):ClientCnxn$SendThread@1173] - SASL config status: Will not attempt to authenticate using SASL (unknown error)
2021-11-08 11:20:31,421 [myid:127.0.0.1:27381] - INFO  [nioEventLoopGroup-20-1:ClientCnxnSocketNetty$ZKClientPipelineFactory@454] - SSL handler added for channel: [id: 0x89225b56]
2021-11-08 11:20:31,422 [myid:127.0.0.1:27381] - INFO  [nioEventLoopGroup-20-1:ClientCnxn$SendThread@1005] - Socket connection established, initiating session, client: /127.0.0.1:14345, server: xmind.net/127.0.0.1:27381
2021-11-08 11:20:31,422 [myid:127.0.0.1:27381] - INFO  [nioEventLoopGroup-20-1:ClientCnxnSocketNetty$1@184] - channel is connected: [id: 0x89225b56, L:/127.0.0.1:14345 - R:xmind.net/127.0.0.1:27381]
2021-11-08 11:20:31,422 [myid:0] - WARN  [nioEventLoopGroup-17-8:ChannelInitializer@97] - Failed to initialize a channel. Closing: [id: 0x86a71642, L:/127.0.0.1:27381 - R:/127.0.0.1:14345]
java.lang.IllegalArgumentException: Cannot support TLS_ECDHE_ECDSA_WITH_AES_256_CBC_SHA384 with currently installed providers
	at sun.security.ssl.CipherSuiteList.<init>(CipherSuiteList.java:92)
	at sun.security.ssl.SSLEngineImpl.setEnabledCipherSuites(SSLEngineImpl.java:2038)
	at io.netty.handler.ssl.JdkSslContext.configureAndWrapEngine(JdkSslContext.java:341)
	at io.netty.handler.ssl.JdkSslContext.newEngine(JdkSslContext.java:331)
	at io.netty.handler.ssl.SslContext.newHandler(SslContext.java:956)
	at io.netty.handler.ssl.SslContext.newHandler(SslContext.java:948)
	at org.apache.zookeeper.server.NettyServerCnxnFactory.initSSL(NettyServerCnxnFactory.java:575)
	at org.apache.zookeeper.server.NettyServerCnxnFactory.access$1300(NettyServerCnxnFactory.java:80)
	at org.apache.zookeeper.server.NettyServerCnxnFactory$1.initChannel(NettyServerCnxnFactory.java:540)
	at org.apache.zookeeper.server.NettyServerCnxnFactory$1.initChannel(NettyServerCnxnFactory.java:532)
	at io.netty.channel.ChannelInitializer.initChannel(ChannelInitializer.java:129)
	at io.netty.channel.ChannelInitializer.handlerAdded(ChannelInitializer.java:112)
	at io.netty.channel.AbstractChannelHandlerContext.callHandlerAdded(AbstractChannelHandlerContext.java:938)
	at io.netty.channel.DefaultChannelPipeline.callHandlerAdded0(DefaultChannelPipeline.java:609)
	at io.netty.channel.DefaultChannelPipeline.access$100(DefaultChannelPipeline.java:46)
	at io.netty.channel.DefaultChannelPipeline$PendingHandlerAddedTask.execute(DefaultChannelPipeline.java:1463)
	at io.netty.channel.DefaultChannelPipeline.callHandlerAddedForAllHandlers(DefaultChannelPipeline.java:1115)
	at io.netty.channel.DefaultChannelPipeline.invokeHandlerAddedIfNeeded(DefaultChannelPipeline.java:650)
	at io.netty.channel.AbstractChannel$AbstractUnsafe.register0(AbstractChannel.java:502)
	at io.netty.channel.AbstractChannel$AbstractUnsafe.access$200(AbstractChannel.java:417)
	at io.netty.channel.AbstractChannel$AbstractUnsafe$1.run(AbstractChannel.java:474)
	at io.netty.util.concurrent.AbstractEventExecutor.safeExecute(AbstractEventExecutor.java:164)
	at io.netty.util.concurrent.SingleThreadEventExecutor.runAllTasks(SingleThreadEventExecutor.java:472)
	at io.netty.channel.nio.NioEventLoop.run(NioEventLoop.java:500)
	at io.netty.util.concurrent.SingleThreadEventExecutor$4.run(SingleThreadEventExecutor.java:989)
	at io.netty.util.internal.ThreadExecutorMap$2.run(ThreadExecutorMap.java:74)
	at io.netty.util.concurrent.FastThreadLocalRunnable.run(FastThreadLocalRunnable.java:30)
	at java.lang.Thread.run(Thread.java:745)
2021-11-08 11:20:31,423 [myid:127.0.0.1:27381] - INFO  [nioEventLoopGroup-20-1:ClientCnxnSocketNetty$ZKClientHandler@469] - channel is disconnected: [id: 0x89225b56, L:/127.0.0.1:14345 ! R:xmind.net/127.0.0.1:27381]
2021-11-08 11:20:31,423 [myid:127.0.0.1:27381] - INFO  [nioEventLoopGroup-20-1:ClientCnxnSocketNetty@249] - channel is told closing
2021-11-08 11:20:31,423 [myid:127.0.0.1:27381] - WARN  [main-SendThread(127.0.0.1:27381):ClientCnxn$SendThread@1290] - Session 0x0 for sever xmind.net/127.0.0.1:27381, Closing socket connection. Attempting reconnect except it is a SessionExpiredException.
EndOfStreamException: channel for sessionid 0x0 is lost
	at org.apache.zookeeper.ClientCnxnSocketNetty.doTransport(ClientCnxnSocketNetty.java:285)
	at org.apache.zookeeper.ClientCnxn$SendThread.run(ClientCnxn.java:1280)
2021-11-08 11:20:31,989 [myid:127.0.0.1:27393] - INFO  [main-SendThread(127.0.0.1:27393):ClientCnxn$SendThread@1171] - Opening socket connection to server xmind.net/127.0.0.1:27393.
2021-11-08 11:20:31,989 [myid:127.0.0.1:27393] - INFO  [main-SendThread(127.0.0.1:27393):ClientCnxn$SendThread@1173] - SASL config status: Will not attempt to authenticate using SASL (unknown error)
2021-11-08 11:20:31,990 [myid:127.0.0.1:27393] - INFO  [nioEventLoopGroup-34-1:ClientCnxnSocketNetty$ZKClientPipelineFactory@454] - SSL handler added for channel: [id: 0x8017c973]
2021-11-08 11:20:31,991 [myid:127.0.0.1:27393] - INFO  [nioEventLoopGroup-34-1:ClientCnxn$SendThread@1005] - Socket connection established, initiating session, client: /127.0.0.1:14362, server: xmind.net/127.0.0.1:27393
2021-11-08 11:20:31,991 [myid:127.0.0.1:27393] - INFO  [nioEventLoopGroup-34-1:ClientCnxnSocketNetty$1@184] - channel is connected: [id: 0x8017c973, L:/127.0.0.1:14362 - R:xmind.net/127.0.0.1:27393]
2021-11-08 11:20:31,992 [myid:0] - WARN  [nioEventLoopGroup-29-11:NettyServerCnxnFactory$CnxnChannelHandler@293] - Exception caught
io.netty.handler.codec.DecoderException: java.lang.IllegalArgumentException: Cannot support TLS_ECDHE_ECDSA_WITH_AES_256_CBC_SHA384 with currently installed providers
	at io.netty.handler.codec.ByteToMessageDecoder.callDecode(ByteToMessageDecoder.java:478)
	at io.netty.handler.codec.ByteToMessageDecoder.channelRead(ByteToMessageDecoder.java:276)
	at io.netty.channel.AbstractChannelHandlerContext.invokeChannelRead(AbstractChannelHandlerContext.java:379)
	at io.netty.channel.AbstractChannelHandlerContext.invokeChannelRead(AbstractChannelHandlerContext.java:365)
	at io.netty.channel.AbstractChannelHandlerContext.fireChannelRead(AbstractChannelHandlerContext.java:357)
	at io.netty.channel.DefaultChannelPipeline$HeadContext.channelRead(DefaultChannelPipeline.java:1410)
	at io.netty.channel.AbstractChannelHandlerContext.invokeChannelRead(AbstractChannelHandlerContext.java:379)
	at io.netty.channel.AbstractChannelHandlerContext.invokeChannelRead(AbstractChannelHandlerContext.java:365)
	at io.netty.channel.DefaultChannelPipeline.fireChannelRead(DefaultChannelPipeline.java:919)
	at io.netty.channel.nio.AbstractNioByteChannel$NioByteUnsafe.read(AbstractNioByteChannel.java:166)
	at io.netty.channel.nio.NioEventLoop.processSelectedKey(NioEventLoop.java:719)
	at io.netty.channel.nio.NioEventLoop.processSelectedKeysOptimized(NioEventLoop.java:655)
	at io.netty.channel.nio.NioEventLoop.processSelectedKeys(NioEventLoop.java:581)
	at io.netty.channel.nio.NioEventLoop.run(NioEventLoop.java:493)
	at io.netty.util.concurrent.SingleThreadEventExecutor$4.run(SingleThreadEventExecutor.java:989)
	at io.netty.util.internal.ThreadExecutorMap$2.run(ThreadExecutorMap.java:74)
	at io.netty.util.concurrent.FastThreadLocalRunnable.run(FastThreadLocalRunnable.java:30)
	at java.lang.Thread.run(Thread.java:745)
Caused by: java.lang.IllegalArgumentException: Cannot support TLS_ECDHE_ECDSA_WITH_AES_256_CBC_SHA384 with currently installed providers
	at sun.security.ssl.CipherSuiteList.<init>(CipherSuiteList.java:92)
	at sun.security.ssl.SSLEngineImpl.setEnabledCipherSuites(SSLEngineImpl.java:2038)
	at io.netty.handler.ssl.JdkSslContext.configureAndWrapEngine(JdkSslContext.java:341)
	at io.netty.handler.ssl.JdkSslContext.newEngine(JdkSslContext.java:331)
	at io.netty.handler.ssl.SslContext.newHandler(SslContext.java:956)
	at io.netty.handler.ssl.SslContext.newHandler(SslContext.java:948)
	at io.netty.handler.ssl.OptionalSslHandler.newSslHandler(OptionalSslHandler.java:97)
	at org.apache.zookeeper.server.NettyServerCnxnFactory$DualModeSslHandler.newSslHandler(NettyServerCnxnFactory.java:171)
	at io.netty.handler.ssl.OptionalSslHandler.handleSsl(OptionalSslHandler.java:57)
	at io.netty.handler.ssl.OptionalSslHandler.decode(OptionalSslHandler.java:48)
	at org.apache.zookeeper.server.NettyServerCnxnFactory$DualModeSslHandler.decode(NettyServerCnxnFactory.java:142)
	at io.netty.handler.codec.ByteToMessageDecoder.decodeRemovalReentryProtection(ByteToMessageDecoder.java:508)
	at io.netty.handler.codec.ByteToMessageDecoder.callDecode(ByteToMessageDecoder.java:447)
	... 17 more
2021-11-08 11:20:31,992 [myid:0] - WARN  [nioEventLoopGroup-29-11:NettyServerCnxnFactory$CnxnChannelHandler@293] - Exception caught
io.netty.handler.codec.DecoderException: java.lang.NullPointerException
	at io.netty.handler.codec.ByteToMessageDecoder.callDecode(ByteToMessageDecoder.java:478)
	at io.netty.handler.codec.ByteToMessageDecoder.channelInputClosed(ByteToMessageDecoder.java:404)
	at io.netty.handler.codec.ByteToMessageDecoder.channelInputClosed(ByteToMessageDecoder.java:371)
	at io.netty.handler.codec.ByteToMessageDecoder.channelInactive(ByteToMessageDecoder.java:354)
	at io.netty.channel.AbstractChannelHandlerContext.invokeChannelInactive(AbstractChannelHandlerContext.java:262)
	at io.netty.channel.AbstractChannelHandlerContext.invokeChannelInactive(AbstractChannelHandlerContext.java:248)
	at io.netty.channel.AbstractChannelHandlerContext.fireChannelInactive(AbstractChannelHandlerContext.java:241)
	at io.netty.channel.DefaultChannelPipeline$HeadContext.channelInactive(DefaultChannelPipeline.java:1405)
	at io.netty.channel.AbstractChannelHandlerContext.invokeChannelInactive(AbstractChannelHandlerContext.java:262)
	at io.netty.channel.AbstractChannelHandlerContext.invokeChannelInactive(AbstractChannelHandlerContext.java:248)
	at io.netty.channel.DefaultChannelPipeline.fireChannelInactive(DefaultChannelPipeline.java:901)
	at io.netty.channel.AbstractChannel$AbstractUnsafe$8.run(AbstractChannel.java:819)
	at io.netty.util.concurrent.AbstractEventExecutor.safeExecute(AbstractEventExecutor.java:164)
	at io.netty.util.concurrent.SingleThreadEventExecutor.runAllTasks(SingleThreadEventExecutor.java:472)
	at io.netty.channel.nio.NioEventLoop.run(NioEventLoop.java:497)
	at io.netty.util.concurrent.SingleThreadEventExecutor$4.run(SingleThreadEventExecutor.java:989)
	at io.netty.util.internal.ThreadExecutorMap$2.run(ThreadExecutorMap.java:74)
	at io.netty.util.concurrent.FastThreadLocalRunnable.run(FastThreadLocalRunnable.java:30)
	at java.lang.Thread.run(Thread.java:745)
Caused by: java.lang.NullPointerException
	at java.util.Objects.requireNonNull(Objects.java:203)
	at org.apache.zookeeper.server.NettyServerCnxnFactory$DualModeSslHandler.newSslHandler(NettyServerCnxnFactory.java:169)
	at io.netty.handler.ssl.OptionalSslHandler.handleSsl(OptionalSslHandler.java:57)
	at io.netty.handler.ssl.OptionalSslHandler.decode(OptionalSslHandler.java:48)
	at org.apache.zookeeper.server.NettyServerCnxnFactory$DualModeSslHandler.decode(NettyServerCnxnFactory.java:142)
	at io.netty.handler.codec.ByteToMessageDecoder.decodeRemovalReentryProtection(ByteToMessageDecoder.java:508)
	at io.netty.handler.codec.ByteToMessageDecoder.callDecode(ByteToMessageDecoder.java:447)
	... 18 more
2021-11-08 11:20:31,992 [myid:127.0.0.1:27393] - INFO  [nioEventLoopGroup-34-1:ClientCnxnSocketNetty$ZKClientHandler@469] - channel is disconnected: [id: 0x8017c973, L:/127.0.0.1:14362 ! R:xmind.net/127.0.0.1:27393]
2021-11-08 11:20:31,993 [myid:127.0.0.1:27393] - INFO  [nioEventLoopGroup-34-1:ClientCnxnSocketNetty@249] - channel is told closing
2021-11-08 11:20:31,993 [myid:127.0.0.1:27393] - WARN  [main-SendThread(127.0.0.1:27393):ClientCnxn$SendThread@1290] - Session 0x0 for sever xmind.net/127.0.0.1:27393, Closing socket connection. Attempting reconnect except it is a SessionExpiredException.
EndOfStreamException: channel for sessionid 0x0 is lost
	at org.apache.zookeeper.ClientCnxnSocketNetty.doTransport(ClientCnxnSocketNetty.java:285)
	at org.apache.zookeeper.ClientCnxn$SendThread.run(ClientCnxn.java:1280)
2021-11-08 11:20:32,089 [myid:127.0.0.1:27392] - WARN  [nioEventLoopGroup-21-1:ClientCnxnSocketNetty$1@150] - future isn't success.
io.netty.channel.AbstractChannel$AnnotatedConnectException: Connection refused: no further information: xmind.net/127.0.0.1:27392
Caused by: java.net.ConnectException: Connection refused: no further information
	at sun.nio.ch.SocketChannelImpl.checkConnect(Native Method)
	at sun.nio.ch.SocketChannelImpl.finishConnect(SocketChannelImpl.java:716)
	at io.netty.channel.socket.nio.NioSocketChannel.doFinishConnect(NioSocketChannel.java:330)
	at io.netty.channel.nio.AbstractNioChannel$AbstractNioUnsafe.finishConnect(AbstractNioChannel.java:334)
	at io.netty.channel.nio.NioEventLoop.processSelectedKey(NioEventLoop.java:707)
	at io.netty.channel.nio.NioEventLoop.processSelectedKeysOptimized(NioEventLoop.java:655)
	at io.netty.channel.nio.NioEventLoop.processSelectedKeys(NioEventLoop.java:581)
	at io.netty.channel.nio.NioEventLoop.run(NioEventLoop.java:493)
	at io.netty.util.concurrent.SingleThreadEventExecutor$4.run(SingleThreadEventExecutor.java:989)
	at io.netty.util.internal.ThreadExecutorMap$2.run(ThreadExecutorMap.java:74)
	at io.netty.util.concurrent.FastThreadLocalRunnable.run(FastThreadLocalRunnable.java:30)
	at java.lang.Thread.run(Thread.java:745)
2021-11-08 11:20:33,090 [myid:127.0.0.1:27392] - INFO  [main-SendThread(127.0.0.1:27392):ClientCnxn$SendThread@1171] - Opening socket connection to server xmind.net/127.0.0.1:27392.
2021-11-08 11:20:33,090 [myid:127.0.0.1:27392] - INFO  [main-SendThread(127.0.0.1:27392):ClientCnxn$SendThread@1173] - SASL config status: Will not attempt to authenticate using SASL (unknown error)
2021-11-08 11:20:33,092 [myid:127.0.0.1:27392] - INFO  [nioEventLoopGroup-21-1:ClientCnxnSocketNetty$ZKClientPipelineFactory@454] - SSL handler added for channel: [id: 0x78415896]
2021-11-08 11:20:33,409 [myid:127.0.0.1:27381] - INFO  [main-SendThread(127.0.0.1:27381):ClientCnxn$SendThread@1171] - Opening socket connection to server xmind.net/127.0.0.1:27381.
2021-11-08 11:20:33,409 [myid:127.0.0.1:27381] - INFO  [main-SendThread(127.0.0.1:27381):ClientCnxn$SendThread@1173] - SASL config status: Will not attempt to authenticate using SASL (unknown error)
2021-11-08 11:20:33,410 [myid:127.0.0.1:27381] - INFO  [nioEventLoopGroup-20-1:ClientCnxnSocketNetty$ZKClientPipelineFactory@454] - SSL handler added for channel: [id: 0x1879b5df]
2021-11-08 11:20:33,411 [myid:127.0.0.1:27381] - INFO  [nioEventLoopGroup-20-1:ClientCnxn$SendThread@1005] - Socket connection established, initiating session, client: /127.0.0.1:14403, server: xmind.net/127.0.0.1:27381
2021-11-08 11:20:33,411 [myid:127.0.0.1:27381] - INFO  [nioEventLoopGroup-20-1:ClientCnxnSocketNetty$1@184] - channel is connected: [id: 0x1879b5df, L:/127.0.0.1:14403 - R:xmind.net/127.0.0.1:27381]
2021-11-08 11:20:33,412 [myid:0] - WARN  [nioEventLoopGroup-17-9:ChannelInitializer@97] - Failed to initialize a channel. Closing: [id: 0x4e05a6aa, L:/127.0.0.1:27381 - R:/127.0.0.1:14403]
java.lang.IllegalArgumentException: Cannot support TLS_ECDHE_ECDSA_WITH_AES_256_CBC_SHA384 with currently installed providers
	at sun.security.ssl.CipherSuiteList.<init>(CipherSuiteList.java:92)
	at sun.security.ssl.SSLEngineImpl.setEnabledCipherSuites(SSLEngineImpl.java:2038)
	at io.netty.handler.ssl.JdkSslContext.configureAndWrapEngine(JdkSslContext.java:341)
	at io.netty.handler.ssl.JdkSslContext.newEngine(JdkSslContext.java:331)
	at io.netty.handler.ssl.SslContext.newHandler(SslContext.java:956)
	at io.netty.handler.ssl.SslContext.newHandler(SslContext.java:948)
	at org.apache.zookeeper.server.NettyServerCnxnFactory.initSSL(NettyServerCnxnFactory.java:575)
	at org.apache.zookeeper.server.NettyServerCnxnFactory.access$1300(NettyServerCnxnFactory.java:80)
	at org.apache.zookeeper.server.NettyServerCnxnFactory$1.initChannel(NettyServerCnxnFactory.java:540)
	at org.apache.zookeeper.server.NettyServerCnxnFactory$1.initChannel(NettyServerCnxnFactory.java:532)
	at io.netty.channel.ChannelInitializer.initChannel(ChannelInitializer.java:129)
	at io.netty.channel.ChannelInitializer.handlerAdded(ChannelInitializer.java:112)
	at io.netty.channel.AbstractChannelHandlerContext.callHandlerAdded(AbstractChannelHandlerContext.java:938)
	at io.netty.channel.DefaultChannelPipeline.callHandlerAdded0(DefaultChannelPipeline.java:609)
	at io.netty.channel.DefaultChannelPipeline.access$100(DefaultChannelPipeline.java:46)
	at io.netty.channel.DefaultChannelPipeline$PendingHandlerAddedTask.execute(DefaultChannelPipeline.java:1463)
	at io.netty.channel.DefaultChannelPipeline.callHandlerAddedForAllHandlers(DefaultChannelPipeline.java:1115)
	at io.netty.channel.DefaultChannelPipeline.invokeHandlerAddedIfNeeded(DefaultChannelPipeline.java:650)
	at io.netty.channel.AbstractChannel$AbstractUnsafe.register0(AbstractChannel.java:502)
	at io.netty.channel.AbstractChannel$AbstractUnsafe.access$200(AbstractChannel.java:417)
	at io.netty.channel.AbstractChannel$AbstractUnsafe$1.run(AbstractChannel.java:474)
	at io.netty.util.concurrent.AbstractEventExecutor.safeExecute(AbstractEventExecutor.java:164)
	at io.netty.util.concurrent.SingleThreadEventExecutor.runAllTasks(SingleThreadEventExecutor.java:472)
	at io.netty.channel.nio.NioEventLoop.run(NioEventLoop.java:500)
	at io.netty.util.concurrent.SingleThreadEventExecutor$4.run(SingleThreadEventExecutor.java:989)
	at io.netty.util.internal.ThreadExecutorMap$2.run(ThreadExecutorMap.java:74)
	at io.netty.util.concurrent.FastThreadLocalRunnable.run(FastThreadLocalRunnable.java:30)
	at java.lang.Thread.run(Thread.java:745)
2021-11-08 11:20:33,412 [myid:127.0.0.1:27381] - INFO  [nioEventLoopGroup-20-1:ClientCnxnSocketNetty$ZKClientHandler@469] - channel is disconnected: [id: 0x1879b5df, L:/127.0.0.1:14403 ! R:xmind.net/127.0.0.1:27381]
2021-11-08 11:20:33,412 [myid:127.0.0.1:27381] - INFO  [nioEventLoopGroup-20-1:ClientCnxnSocketNetty@249] - channel is told closing
2021-11-08 11:20:33,412 [myid:127.0.0.1:27381] - WARN  [main-SendThread(127.0.0.1:27381):ClientCnxn$SendThread@1290] - Session 0x0 for sever xmind.net/127.0.0.1:27381, Closing socket connection. Attempting reconnect except it is a SessionExpiredException.
EndOfStreamException: channel for sessionid 0x0 is lost
	at org.apache.zookeeper.ClientCnxnSocketNetty.doTransport(ClientCnxnSocketNetty.java:285)
	at org.apache.zookeeper.ClientCnxn$SendThread.run(ClientCnxn.java:1280)
2021-11-08 11:20:33,978 [myid:127.0.0.1:27393] - INFO  [main-SendThread(127.0.0.1:27393):ClientCnxn$SendThread@1171] - Opening socket connection to server xmind.net/127.0.0.1:27393.
2021-11-08 11:20:33,978 [myid:127.0.0.1:27393] - INFO  [main-SendThread(127.0.0.1:27393):ClientCnxn$SendThread@1173] - SASL config status: Will not attempt to authenticate using SASL (unknown error)
2021-11-08 11:20:33,979 [myid:127.0.0.1:27393] - INFO  [nioEventLoopGroup-34-1:ClientCnxnSocketNetty$ZKClientPipelineFactory@454] - SSL handler added for channel: [id: 0x12304148]
2021-11-08 11:20:33,980 [myid:127.0.0.1:27393] - INFO  [nioEventLoopGroup-34-1:ClientCnxn$SendThread@1005] - Socket connection established, initiating session, client: /127.0.0.1:14415, server: xmind.net/127.0.0.1:27393
2021-11-08 11:20:33,981 [myid:127.0.0.1:27393] - INFO  [nioEventLoopGroup-34-1:ClientCnxnSocketNetty$1@184] - channel is connected: [id: 0x12304148, L:/127.0.0.1:14415 - R:xmind.net/127.0.0.1:27393]
2021-11-08 11:20:33,982 [myid:0] - WARN  [nioEventLoopGroup-29-12:NettyServerCnxnFactory$CnxnChannelHandler@293] - Exception caught
io.netty.handler.codec.DecoderException: java.lang.IllegalArgumentException: Cannot support TLS_ECDHE_ECDSA_WITH_AES_256_CBC_SHA384 with currently installed providers
	at io.netty.handler.codec.ByteToMessageDecoder.callDecode(ByteToMessageDecoder.java:478)
	at io.netty.handler.codec.ByteToMessageDecoder.channelRead(ByteToMessageDecoder.java:276)
	at io.netty.channel.AbstractChannelHandlerContext.invokeChannelRead(AbstractChannelHandlerContext.java:379)
	at io.netty.channel.AbstractChannelHandlerContext.invokeChannelRead(AbstractChannelHandlerContext.java:365)
	at io.netty.channel.AbstractChannelHandlerContext.fireChannelRead(AbstractChannelHandlerContext.java:357)
	at io.netty.channel.DefaultChannelPipeline$HeadContext.channelRead(DefaultChannelPipeline.java:1410)
	at io.netty.channel.AbstractChannelHandlerContext.invokeChannelRead(AbstractChannelHandlerContext.java:379)
	at io.netty.channel.AbstractChannelHandlerContext.invokeChannelRead(AbstractChannelHandlerContext.java:365)
	at io.netty.channel.DefaultChannelPipeline.fireChannelRead(DefaultChannelPipeline.java:919)
	at io.netty.channel.nio.AbstractNioByteChannel$NioByteUnsafe.read(AbstractNioByteChannel.java:166)
	at io.netty.channel.nio.NioEventLoop.processSelectedKey(NioEventLoop.java:719)
	at io.netty.channel.nio.NioEventLoop.processSelectedKeysOptimized(NioEventLoop.java:655)
	at io.netty.channel.nio.NioEventLoop.processSelectedKeys(NioEventLoop.java:581)
	at io.netty.channel.nio.NioEventLoop.run(NioEventLoop.java:493)
	at io.netty.util.concurrent.SingleThreadEventExecutor$4.run(SingleThreadEventExecutor.java:989)
	at io.netty.util.internal.ThreadExecutorMap$2.run(ThreadExecutorMap.java:74)
	at io.netty.util.concurrent.FastThreadLocalRunnable.run(FastThreadLocalRunnable.java:30)
	at java.lang.Thread.run(Thread.java:745)
Caused by: java.lang.IllegalArgumentException: Cannot support TLS_ECDHE_ECDSA_WITH_AES_256_CBC_SHA384 with currently installed providers
	at sun.security.ssl.CipherSuiteList.<init>(CipherSuiteList.java:92)
	at sun.security.ssl.SSLEngineImpl.setEnabledCipherSuites(SSLEngineImpl.java:2038)
	at io.netty.handler.ssl.JdkSslContext.configureAndWrapEngine(JdkSslContext.java:341)
	at io.netty.handler.ssl.JdkSslContext.newEngine(JdkSslContext.java:331)
	at io.netty.handler.ssl.SslContext.newHandler(SslContext.java:956)
	at io.netty.handler.ssl.SslContext.newHandler(SslContext.java:948)
	at io.netty.handler.ssl.OptionalSslHandler.newSslHandler(OptionalSslHandler.java:97)
	at org.apache.zookeeper.server.NettyServerCnxnFactory$DualModeSslHandler.newSslHandler(NettyServerCnxnFactory.java:171)
	at io.netty.handler.ssl.OptionalSslHandler.handleSsl(OptionalSslHandler.java:57)
	at io.netty.handler.ssl.OptionalSslHandler.decode(OptionalSslHandler.java:48)
	at org.apache.zookeeper.server.NettyServerCnxnFactory$DualModeSslHandler.decode(NettyServerCnxnFactory.java:142)
	at io.netty.handler.codec.ByteToMessageDecoder.decodeRemovalReentryProtection(ByteToMessageDecoder.java:508)
	at io.netty.handler.codec.ByteToMessageDecoder.callDecode(ByteToMessageDecoder.java:447)
	... 17 more
2021-11-08 11:20:33,982 [myid:0] - WARN  [nioEventLoopGroup-29-12:NettyServerCnxnFactory$CnxnChannelHandler@293] - Exception caught
io.netty.handler.codec.DecoderException: java.lang.NullPointerException
	at io.netty.handler.codec.ByteToMessageDecoder.callDecode(ByteToMessageDecoder.java:478)
	at io.netty.handler.codec.ByteToMessageDecoder.channelInputClosed(ByteToMessageDecoder.java:404)
	at io.netty.handler.codec.ByteToMessageDecoder.channelInputClosed(ByteToMessageDecoder.java:371)
	at io.netty.handler.codec.ByteToMessageDecoder.channelInactive(ByteToMessageDecoder.java:354)
	at io.netty.channel.AbstractChannelHandlerContext.invokeChannelInactive(AbstractChannelHandlerContext.java:262)
	at io.netty.channel.AbstractChannelHandlerContext.invokeChannelInactive(AbstractChannelHandlerContext.java:248)
	at io.netty.channel.AbstractChannelHandlerContext.fireChannelInactive(AbstractChannelHandlerContext.java:241)
	at io.netty.channel.DefaultChannelPipeline$HeadContext.channelInactive(DefaultChannelPipeline.java:1405)
	at io.netty.channel.AbstractChannelHandlerContext.invokeChannelInactive(AbstractChannelHandlerContext.java:262)
	at io.netty.channel.AbstractChannelHandlerContext.invokeChannelInactive(AbstractChannelHandlerContext.java:248)
	at io.netty.channel.DefaultChannelPipeline.fireChannelInactive(DefaultChannelPipeline.java:901)
	at io.netty.channel.AbstractChannel$AbstractUnsafe$8.run(AbstractChannel.java:819)
	at io.netty.util.concurrent.AbstractEventExecutor.safeExecute(AbstractEventExecutor.java:164)
	at io.netty.util.concurrent.SingleThreadEventExecutor.runAllTasks(SingleThreadEventExecutor.java:472)
	at io.netty.channel.nio.NioEventLoop.run(NioEventLoop.java:497)
	at io.netty.util.concurrent.SingleThreadEventExecutor$4.run(SingleThreadEventExecutor.java:989)
	at io.netty.util.internal.ThreadExecutorMap$2.run(ThreadExecutorMap.java:74)
	at io.netty.util.concurrent.FastThreadLocalRunnable.run(FastThreadLocalRunnable.java:30)
	at java.lang.Thread.run(Thread.java:745)
Caused by: java.lang.NullPointerException
	at java.util.Objects.requireNonNull(Objects.java:203)
	at org.apache.zookeeper.server.NettyServerCnxnFactory$DualModeSslHandler.newSslHandler(NettyServerCnxnFactory.java:169)
	at io.netty.handler.ssl.OptionalSslHandler.handleSsl(OptionalSslHandler.java:57)
	at io.netty.handler.ssl.OptionalSslHandler.decode(OptionalSslHandler.java:48)
	at org.apache.zookeeper.server.NettyServerCnxnFactory$DualModeSslHandler.decode(NettyServerCnxnFactory.java:142)
	at io.netty.handler.codec.ByteToMessageDecoder.decodeRemovalReentryProtection(ByteToMessageDecoder.java:508)
	at io.netty.handler.codec.ByteToMessageDecoder.callDecode(ByteToMessageDecoder.java:447)
	... 18 more
2021-11-08 11:20:33,982 [myid:127.0.0.1:27393] - INFO  [nioEventLoopGroup-34-1:ClientCnxnSocketNetty$ZKClientHandler@469] - channel is disconnected: [id: 0x12304148, L:/127.0.0.1:14415 ! R:xmind.net/127.0.0.1:27393]
2021-11-08 11:20:33,982 [myid:127.0.0.1:27393] - INFO  [nioEventLoopGroup-34-1:ClientCnxnSocketNetty@249] - channel is told closing
2021-11-08 11:20:33,983 [myid:127.0.0.1:27393] - WARN  [main-SendThread(127.0.0.1:27393):ClientCnxn$SendThread@1290] - Session 0x0 for sever xmind.net/127.0.0.1:27393, Closing socket connection. Attempting reconnect except it is a SessionExpiredException.
EndOfStreamException: channel for sessionid 0x0 is lost
	at org.apache.zookeeper.ClientCnxnSocketNetty.doTransport(ClientCnxnSocketNetty.java:285)
	at org.apache.zookeeper.ClientCnxn$SendThread.run(ClientCnxn.java:1280)
2021-11-08 11:20:34,422 [myid:127.0.0.1:27381] - INFO  [main-SendThread(127.0.0.1:27381):ClientCnxn$SendThread@1171] - Opening socket connection to server xmind.net/127.0.0.1:27381.
2021-11-08 11:20:34,422 [myid:127.0.0.1:27381] - INFO  [main-SendThread(127.0.0.1:27381):ClientCnxn$SendThread@1173] - SASL config status: Will not attempt to authenticate using SASL (unknown error)
2021-11-08 11:20:34,423 [myid:127.0.0.1:27381] - INFO  [nioEventLoopGroup-20-1:ClientCnxnSocketNetty$ZKClientPipelineFactory@454] - SSL handler added for channel: [id: 0x7b263fc9]
2021-11-08 11:20:34,424 [myid:127.0.0.1:27381] - INFO  [nioEventLoopGroup-20-1:ClientCnxn$SendThread@1005] - Socket connection established, initiating session, client: /127.0.0.1:14419, server: xmind.net/127.0.0.1:27381
2021-11-08 11:20:34,424 [myid:127.0.0.1:27381] - INFO  [nioEventLoopGroup-20-1:ClientCnxnSocketNetty$1@184] - channel is connected: [id: 0x7b263fc9, L:/127.0.0.1:14419 - R:xmind.net/127.0.0.1:27381]
2021-11-08 11:20:34,424 [myid:0] - WARN  [nioEventLoopGroup-17-10:ChannelInitializer@97] - Failed to initialize a channel. Closing: [id: 0xcf7024e7, L:/127.0.0.1:27381 - R:/127.0.0.1:14419]
java.lang.IllegalArgumentException: Cannot support TLS_ECDHE_ECDSA_WITH_AES_256_CBC_SHA384 with currently installed providers
	at sun.security.ssl.CipherSuiteList.<init>(CipherSuiteList.java:92)
	at sun.security.ssl.SSLEngineImpl.setEnabledCipherSuites(SSLEngineImpl.java:2038)
	at io.netty.handler.ssl.JdkSslContext.configureAndWrapEngine(JdkSslContext.java:341)
	at io.netty.handler.ssl.JdkSslContext.newEngine(JdkSslContext.java:331)
	at io.netty.handler.ssl.SslContext.newHandler(SslContext.java:956)
	at io.netty.handler.ssl.SslContext.newHandler(SslContext.java:948)
	at org.apache.zookeeper.server.NettyServerCnxnFactory.initSSL(NettyServerCnxnFactory.java:575)
	at org.apache.zookeeper.server.NettyServerCnxnFactory.access$1300(NettyServerCnxnFactory.java:80)
	at org.apache.zookeeper.server.NettyServerCnxnFactory$1.initChannel(NettyServerCnxnFactory.java:540)
	at org.apache.zookeeper.server.NettyServerCnxnFactory$1.initChannel(NettyServerCnxnFactory.java:532)
	at io.netty.channel.ChannelInitializer.initChannel(ChannelInitializer.java:129)
	at io.netty.channel.ChannelInitializer.handlerAdded(ChannelInitializer.java:112)
	at io.netty.channel.AbstractChannelHandlerContext.callHandlerAdded(AbstractChannelHandlerContext.java:938)
	at io.netty.channel.DefaultChannelPipeline.callHandlerAdded0(DefaultChannelPipeline.java:609)
	at io.netty.channel.DefaultChannelPipeline.access$100(DefaultChannelPipeline.java:46)
	at io.netty.channel.DefaultChannelPipeline$PendingHandlerAddedTask.execute(DefaultChannelPipeline.java:1463)
	at io.netty.channel.DefaultChannelPipeline.callHandlerAddedForAllHandlers(DefaultChannelPipeline.java:1115)
	at io.netty.channel.DefaultChannelPipeline.invokeHandlerAddedIfNeeded(DefaultChannelPipeline.java:650)
	at io.netty.channel.AbstractChannel$AbstractUnsafe.register0(AbstractChannel.java:502)
	at io.netty.channel.AbstractChannel$AbstractUnsafe.access$200(AbstractChannel.java:417)
	at io.netty.channel.AbstractChannel$AbstractUnsafe$1.run(AbstractChannel.java:474)
	at io.netty.util.concurrent.AbstractEventExecutor.safeExecute(AbstractEventExecutor.java:164)
	at io.netty.util.concurrent.SingleThreadEventExecutor.runAllTasks(SingleThreadEventExecutor.java:472)
	at io.netty.channel.nio.NioEventLoop.run(NioEventLoop.java:500)
	at io.netty.util.concurrent.SingleThreadEventExecutor$4.run(SingleThreadEventExecutor.java:989)
	at io.netty.util.internal.ThreadExecutorMap$2.run(ThreadExecutorMap.java:74)
	at io.netty.util.concurrent.FastThreadLocalRunnable.run(FastThreadLocalRunnable.java:30)
	at java.lang.Thread.run(Thread.java:745)
2021-11-08 11:20:34,425 [myid:127.0.0.1:27381] - INFO  [nioEventLoopGroup-20-1:ClientCnxnSocketNetty$ZKClientHandler@469] - channel is disconnected: [id: 0x7b263fc9, L:/127.0.0.1:14419 ! R:xmind.net/127.0.0.1:27381]
2021-11-08 11:20:34,425 [myid:127.0.0.1:27381] - INFO  [nioEventLoopGroup-20-1:ClientCnxnSocketNetty@249] - channel is told closing
2021-11-08 11:20:34,426 [myid:127.0.0.1:27381] - WARN  [main-SendThread(127.0.0.1:27381):ClientCnxn$SendThread@1290] - Session 0x0 for sever xmind.net/127.0.0.1:27381, Closing socket connection. Attempting reconnect except it is a SessionExpiredException.
EndOfStreamException: channel for sessionid 0x0 is lost
	at org.apache.zookeeper.ClientCnxnSocketNetty.doTransport(ClientCnxnSocketNetty.java:285)
	at org.apache.zookeeper.ClientCnxn$SendThread.run(ClientCnxn.java:1280)
2021-11-08 11:20:35,109 [myid:127.0.0.1:27392] - WARN  [nioEventLoopGroup-21-1:ClientCnxnSocketNetty$1@150] - future isn't success.
io.netty.channel.AbstractChannel$AnnotatedConnectException: Connection refused: no further information: xmind.net/127.0.0.1:27392
Caused by: java.net.ConnectException: Connection refused: no further information
	at sun.nio.ch.SocketChannelImpl.checkConnect(Native Method)
	at sun.nio.ch.SocketChannelImpl.finishConnect(SocketChannelImpl.java:716)
	at io.netty.channel.socket.nio.NioSocketChannel.doFinishConnect(NioSocketChannel.java:330)
	at io.netty.channel.nio.AbstractNioChannel$AbstractNioUnsafe.finishConnect(AbstractNioChannel.java:334)
	at io.netty.channel.nio.NioEventLoop.processSelectedKey(NioEventLoop.java:707)
	at io.netty.channel.nio.NioEventLoop.processSelectedKeysOptimized(NioEventLoop.java:655)
	at io.netty.channel.nio.NioEventLoop.processSelectedKeys(NioEventLoop.java:581)
	at io.netty.channel.nio.NioEventLoop.run(NioEventLoop.java:493)
	at io.netty.util.concurrent.SingleThreadEventExecutor$4.run(SingleThreadEventExecutor.java:989)
	at io.netty.util.internal.ThreadExecutorMap$2.run(ThreadExecutorMap.java:74)
	at io.netty.util.concurrent.FastThreadLocalRunnable.run(FastThreadLocalRunnable.java:30)
	at java.lang.Thread.run(Thread.java:745)
2021-11-08 11:20:35,126 [myid:127.0.0.1:27393] - INFO  [main-SendThread(127.0.0.1:27393):ClientCnxn$SendThread@1171] - Opening socket connection to server xmind.net/127.0.0.1:27393.
2021-11-08 11:20:35,126 [myid:127.0.0.1:27393] - INFO  [main-SendThread(127.0.0.1:27393):ClientCnxn$SendThread@1173] - SASL config status: Will not attempt to authenticate using SASL (unknown error)
2021-11-08 11:20:35,127 [myid:127.0.0.1:27393] - INFO  [nioEventLoopGroup-34-1:ClientCnxnSocketNetty$ZKClientPipelineFactory@454] - SSL handler added for channel: [id: 0x71cf3488]
2021-11-08 11:20:35,127 [myid:127.0.0.1:27393] - INFO  [nioEventLoopGroup-34-1:ClientCnxn$SendThread@1005] - Socket connection established, initiating session, client: /127.0.0.1:14422, server: xmind.net/127.0.0.1:27393
2021-11-08 11:20:35,128 [myid:127.0.0.1:27393] - INFO  [nioEventLoopGroup-34-1:ClientCnxnSocketNetty$1@184] - channel is connected: [id: 0x71cf3488, L:/127.0.0.1:14422 - R:xmind.net/127.0.0.1:27393]
2021-11-08 11:20:35,128 [myid:0] - WARN  [nioEventLoopGroup-29-1:NettyServerCnxnFactory$CnxnChannelHandler@293] - Exception caught
io.netty.handler.codec.DecoderException: java.lang.IllegalArgumentException: Cannot support TLS_ECDHE_ECDSA_WITH_AES_256_CBC_SHA384 with currently installed providers
	at io.netty.handler.codec.ByteToMessageDecoder.callDecode(ByteToMessageDecoder.java:478)
	at io.netty.handler.codec.ByteToMessageDecoder.channelRead(ByteToMessageDecoder.java:276)
	at io.netty.channel.AbstractChannelHandlerContext.invokeChannelRead(AbstractChannelHandlerContext.java:379)
	at io.netty.channel.AbstractChannelHandlerContext.invokeChannelRead(AbstractChannelHandlerContext.java:365)
	at io.netty.channel.AbstractChannelHandlerContext.fireChannelRead(AbstractChannelHandlerContext.java:357)
	at io.netty.channel.DefaultChannelPipeline$HeadContext.channelRead(DefaultChannelPipeline.java:1410)
	at io.netty.channel.AbstractChannelHandlerContext.invokeChannelRead(AbstractChannelHandlerContext.java:379)
	at io.netty.channel.AbstractChannelHandlerContext.invokeChannelRead(AbstractChannelHandlerContext.java:365)
	at io.netty.channel.DefaultChannelPipeline.fireChannelRead(DefaultChannelPipeline.java:919)
	at io.netty.channel.nio.AbstractNioByteChannel$NioByteUnsafe.read(AbstractNioByteChannel.java:166)
	at io.netty.channel.nio.NioEventLoop.processSelectedKey(NioEventLoop.java:719)
	at io.netty.channel.nio.NioEventLoop.processSelectedKeysOptimized(NioEventLoop.java:655)
	at io.netty.channel.nio.NioEventLoop.processSelectedKeys(NioEventLoop.java:581)
	at io.netty.channel.nio.NioEventLoop.run(NioEventLoop.java:493)
	at io.netty.util.concurrent.SingleThreadEventExecutor$4.run(SingleThreadEventExecutor.java:989)
	at io.netty.util.internal.ThreadExecutorMap$2.run(ThreadExecutorMap.java:74)
	at io.netty.util.concurrent.FastThreadLocalRunnable.run(FastThreadLocalRunnable.java:30)
	at java.lang.Thread.run(Thread.java:745)
Caused by: java.lang.IllegalArgumentException: Cannot support TLS_ECDHE_ECDSA_WITH_AES_256_CBC_SHA384 with currently installed providers
	at sun.security.ssl.CipherSuiteList.<init>(CipherSuiteList.java:92)
	at sun.security.ssl.SSLEngineImpl.setEnabledCipherSuites(SSLEngineImpl.java:2038)
	at io.netty.handler.ssl.JdkSslContext.configureAndWrapEngine(JdkSslContext.java:341)
	at io.netty.handler.ssl.JdkSslContext.newEngine(JdkSslContext.java:331)
	at io.netty.handler.ssl.SslContext.newHandler(SslContext.java:956)
	at io.netty.handler.ssl.SslContext.newHandler(SslContext.java:948)
	at io.netty.handler.ssl.OptionalSslHandler.newSslHandler(OptionalSslHandler.java:97)
	at org.apache.zookeeper.server.NettyServerCnxnFactory$DualModeSslHandler.newSslHandler(NettyServerCnxnFactory.java:171)
	at io.netty.handler.ssl.OptionalSslHandler.handleSsl(OptionalSslHandler.java:57)
	at io.netty.handler.ssl.OptionalSslHandler.decode(OptionalSslHandler.java:48)
	at org.apache.zookeeper.server.NettyServerCnxnFactory$DualModeSslHandler.decode(NettyServerCnxnFactory.java:142)
	at io.netty.handler.codec.ByteToMessageDecoder.decodeRemovalReentryProtection(ByteToMessageDecoder.java:508)
	at io.netty.handler.codec.ByteToMessageDecoder.callDecode(ByteToMessageDecoder.java:447)
	... 17 more
2021-11-08 11:20:35,129 [myid:0] - WARN  [nioEventLoopGroup-29-1:NettyServerCnxnFactory$CnxnChannelHandler@293] - Exception caught
io.netty.handler.codec.DecoderException: java.lang.NullPointerException
	at io.netty.handler.codec.ByteToMessageDecoder.callDecode(ByteToMessageDecoder.java:478)
	at io.netty.handler.codec.ByteToMessageDecoder.channelInputClosed(ByteToMessageDecoder.java:404)
	at io.netty.handler.codec.ByteToMessageDecoder.channelInputClosed(ByteToMessageDecoder.java:371)
	at io.netty.handler.codec.ByteToMessageDecoder.channelInactive(ByteToMessageDecoder.java:354)
	at io.netty.channel.AbstractChannelHandlerContext.invokeChannelInactive(AbstractChannelHandlerContext.java:262)
	at io.netty.channel.AbstractChannelHandlerContext.invokeChannelInactive(AbstractChannelHandlerContext.java:248)
	at io.netty.channel.AbstractChannelHandlerContext.fireChannelInactive(AbstractChannelHandlerContext.java:241)
	at io.netty.channel.DefaultChannelPipeline$HeadContext.channelInactive(DefaultChannelPipeline.java:1405)
	at io.netty.channel.AbstractChannelHandlerContext.invokeChannelInactive(AbstractChannelHandlerContext.java:262)
	at io.netty.channel.AbstractChannelHandlerContext.invokeChannelInactive(AbstractChannelHandlerContext.java:248)
	at io.netty.channel.DefaultChannelPipeline.fireChannelInactive(DefaultChannelPipeline.java:901)
	at io.netty.channel.AbstractChannel$AbstractUnsafe$8.run(AbstractChannel.java:819)
	at io.netty.util.concurrent.AbstractEventExecutor.safeExecute(AbstractEventExecutor.java:164)
	at io.netty.util.concurrent.SingleThreadEventExecutor.runAllTasks(SingleThreadEventExecutor.java:472)
	at io.netty.channel.nio.NioEventLoop.run(NioEventLoop.java:497)
	at io.netty.util.concurrent.SingleThreadEventExecutor$4.run(SingleThreadEventExecutor.java:989)
	at io.netty.util.internal.ThreadExecutorMap$2.run(ThreadExecutorMap.java:74)
	at io.netty.util.concurrent.FastThreadLocalRunnable.run(FastThreadLocalRunnable.java:30)
	at java.lang.Thread.run(Thread.java:745)
Caused by: java.lang.NullPointerException
	at java.util.Objects.requireNonNull(Objects.java:203)
	at org.apache.zookeeper.server.NettyServerCnxnFactory$DualModeSslHandler.newSslHandler(NettyServerCnxnFactory.java:169)
	at io.netty.handler.ssl.OptionalSslHandler.handleSsl(OptionalSslHandler.java:57)
	at io.netty.handler.ssl.OptionalSslHandler.decode(OptionalSslHandler.java:48)
	at org.apache.zookeeper.server.NettyServerCnxnFactory$DualModeSslHandler.decode(NettyServerCnxnFactory.java:142)
	at io.netty.handler.codec.ByteToMessageDecoder.decodeRemovalReentryProtection(ByteToMessageDecoder.java:508)
	at io.netty.handler.codec.ByteToMessageDecoder.callDecode(ByteToMessageDecoder.java:447)
	... 18 more
2021-11-08 11:20:35,130 [myid:127.0.0.1:27393] - INFO  [nioEventLoopGroup-34-1:ClientCnxnSocketNetty$ZKClientHandler@469] - channel is disconnected: [id: 0x71cf3488, L:/127.0.0.1:14422 ! R:xmind.net/127.0.0.1:27393]
2021-11-08 11:20:35,130 [myid:127.0.0.1:27393] - INFO  [nioEventLoopGroup-34-1:ClientCnxnSocketNetty@249] - channel is told closing
2021-11-08 11:20:35,130 [myid:127.0.0.1:27393] - WARN  [main-SendThread(127.0.0.1:27393):ClientCnxn$SendThread@1290] - Session 0x0 for sever xmind.net/127.0.0.1:27393, Closing socket connection. Attempting reconnect except it is a SessionExpiredException.
EndOfStreamException: channel for sessionid 0x0 is lost
	at org.apache.zookeeper.ClientCnxnSocketNetty.doTransport(ClientCnxnSocketNetty.java:285)
	at org.apache.zookeeper.ClientCnxn$SendThread.run(ClientCnxn.java:1280)
2021-11-08 11:20:36,110 [myid:127.0.0.1:27392] - INFO  [main-SendThread(127.0.0.1:27392):ClientCnxn$SendThread@1171] - Opening socket connection to server xmind.net/127.0.0.1:27392.
2021-11-08 11:20:36,110 [myid:127.0.0.1:27392] - INFO  [main-SendThread(127.0.0.1:27392):ClientCnxn$SendThread@1173] - SASL config status: Will not attempt to authenticate using SASL (unknown error)
2021-11-08 11:20:36,111 [myid:127.0.0.1:27392] - INFO  [nioEventLoopGroup-21-1:ClientCnxnSocketNetty$ZKClientPipelineFactory@454] - SSL handler added for channel: [id: 0xa8ca3fb9]
2021-11-08 11:20:36,156 [myid:127.0.0.1:27381] - INFO  [main-SendThread(127.0.0.1:27381):ClientCnxn$SendThread@1171] - Opening socket connection to server xmind.net/127.0.0.1:27381.
2021-11-08 11:20:36,156 [myid:127.0.0.1:27381] - INFO  [main-SendThread(127.0.0.1:27381):ClientCnxn$SendThread@1173] - SASL config status: Will not attempt to authenticate using SASL (unknown error)
2021-11-08 11:20:36,157 [myid:127.0.0.1:27381] - INFO  [nioEventLoopGroup-20-1:ClientCnxnSocketNetty$ZKClientPipelineFactory@454] - SSL handler added for channel: [id: 0xf935026a]
2021-11-08 11:20:36,158 [myid:127.0.0.1:27381] - INFO  [nioEventLoopGroup-20-1:ClientCnxn$SendThread@1005] - Socket connection established, initiating session, client: /127.0.0.1:14532, server: xmind.net/127.0.0.1:27381
2021-11-08 11:20:36,158 [myid:127.0.0.1:27381] - INFO  [nioEventLoopGroup-20-1:ClientCnxnSocketNetty$1@184] - channel is connected: [id: 0xf935026a, L:/127.0.0.1:14532 - R:xmind.net/127.0.0.1:27381]
2021-11-08 11:20:36,158 [myid:0] - WARN  [nioEventLoopGroup-17-11:ChannelInitializer@97] - Failed to initialize a channel. Closing: [id: 0xeeaf8d3d, L:/127.0.0.1:27381 - R:/127.0.0.1:14532]
java.lang.IllegalArgumentException: Cannot support TLS_ECDHE_ECDSA_WITH_AES_256_CBC_SHA384 with currently installed providers
	at sun.security.ssl.CipherSuiteList.<init>(CipherSuiteList.java:92)
	at sun.security.ssl.SSLEngineImpl.setEnabledCipherSuites(SSLEngineImpl.java:2038)
	at io.netty.handler.ssl.JdkSslContext.configureAndWrapEngine(JdkSslContext.java:341)
	at io.netty.handler.ssl.JdkSslContext.newEngine(JdkSslContext.java:331)
	at io.netty.handler.ssl.SslContext.newHandler(SslContext.java:956)
	at io.netty.handler.ssl.SslContext.newHandler(SslContext.java:948)
	at org.apache.zookeeper.server.NettyServerCnxnFactory.initSSL(NettyServerCnxnFactory.java:575)
	at org.apache.zookeeper.server.NettyServerCnxnFactory.access$1300(NettyServerCnxnFactory.java:80)
	at org.apache.zookeeper.server.NettyServerCnxnFactory$1.initChannel(NettyServerCnxnFactory.java:540)
	at org.apache.zookeeper.server.NettyServerCnxnFactory$1.initChannel(NettyServerCnxnFactory.java:532)
	at io.netty.channel.ChannelInitializer.initChannel(ChannelInitializer.java:129)
	at io.netty.channel.ChannelInitializer.handlerAdded(ChannelInitializer.java:112)
	at io.netty.channel.AbstractChannelHandlerContext.callHandlerAdded(AbstractChannelHandlerContext.java:938)
	at io.netty.channel.DefaultChannelPipeline.callHandlerAdded0(DefaultChannelPipeline.java:609)
	at io.netty.channel.DefaultChannelPipeline.access$100(DefaultChannelPipeline.java:46)
	at io.netty.channel.DefaultChannelPipeline$PendingHandlerAddedTask.execute(DefaultChannelPipeline.java:1463)
	at io.netty.channel.DefaultChannelPipeline.callHandlerAddedForAllHandlers(DefaultChannelPipeline.java:1115)
	at io.netty.channel.DefaultChannelPipeline.invokeHandlerAddedIfNeeded(DefaultChannelPipeline.java:650)
	at io.netty.channel.AbstractChannel$AbstractUnsafe.register0(AbstractChannel.java:502)
	at io.netty.channel.AbstractChannel$AbstractUnsafe.access$200(AbstractChannel.java:417)
	at io.netty.channel.AbstractChannel$AbstractUnsafe$1.run(AbstractChannel.java:474)
	at io.netty.util.concurrent.AbstractEventExecutor.safeExecute(AbstractEventExecutor.java:164)
	at io.netty.util.concurrent.SingleThreadEventExecutor.runAllTasks(SingleThreadEventExecutor.java:472)
	at io.netty.channel.nio.NioEventLoop.run(NioEventLoop.java:500)
	at io.netty.util.concurrent.SingleThreadEventExecutor$4.run(SingleThreadEventExecutor.java:989)
	at io.netty.util.internal.ThreadExecutorMap$2.run(ThreadExecutorMap.java:74)
	at io.netty.util.concurrent.FastThreadLocalRunnable.run(FastThreadLocalRunnable.java:30)
	at java.lang.Thread.run(Thread.java:745)
2021-11-08 11:20:36,159 [myid:127.0.0.1:27381] - INFO  [nioEventLoopGroup-20-1:ClientCnxnSocketNetty$ZKClientHandler@469] - channel is disconnected: [id: 0xf935026a, L:/127.0.0.1:14532 ! R:xmind.net/127.0.0.1:27381]
2021-11-08 11:20:36,159 [myid:127.0.0.1:27381] - INFO  [nioEventLoopGroup-20-1:ClientCnxnSocketNetty@249] - channel is told closing
2021-11-08 11:20:36,159 [myid:127.0.0.1:27381] - WARN  [main-SendThread(127.0.0.1:27381):ClientCnxn$SendThread@1290] - Session 0x0 for sever xmind.net/127.0.0.1:27381, Closing socket connection. Attempting reconnect except it is a SessionExpiredException.
EndOfStreamException: channel for sessionid 0x0 is lost
	at org.apache.zookeeper.ClientCnxnSocketNetty.doTransport(ClientCnxnSocketNetty.java:285)
	at org.apache.zookeeper.ClientCnxn$SendThread.run(ClientCnxn.java:1280)
2021-11-08 11:20:36,486 [myid:127.0.0.1:27393] - INFO  [main-SendThread(127.0.0.1:27393):ClientCnxn$SendThread@1171] - Opening socket connection to server xmind.net/127.0.0.1:27393.
2021-11-08 11:20:36,486 [myid:127.0.0.1:27393] - INFO  [main-SendThread(127.0.0.1:27393):ClientCnxn$SendThread@1173] - SASL config status: Will not attempt to authenticate using SASL (unknown error)
2021-11-08 11:20:36,488 [myid:127.0.0.1:27393] - INFO  [nioEventLoopGroup-34-1:ClientCnxnSocketNetty$ZKClientPipelineFactory@454] - SSL handler added for channel: [id: 0xe2161e1c]
2021-11-08 11:20:36,488 [myid:127.0.0.1:27393] - INFO  [nioEventLoopGroup-34-1:ClientCnxn$SendThread@1005] - Socket connection established, initiating session, client: /127.0.0.1:14545, server: xmind.net/127.0.0.1:27393
2021-11-08 11:20:36,488 [myid:127.0.0.1:27393] - INFO  [nioEventLoopGroup-34-1:ClientCnxnSocketNetty$1@184] - channel is connected: [id: 0xe2161e1c, L:/127.0.0.1:14545 - R:xmind.net/127.0.0.1:27393]
2021-11-08 11:20:36,489 [myid:0] - WARN  [nioEventLoopGroup-29-2:NettyServerCnxnFactory$CnxnChannelHandler@293] - Exception caught
io.netty.handler.codec.DecoderException: java.lang.IllegalArgumentException: Cannot support TLS_ECDHE_ECDSA_WITH_AES_256_CBC_SHA384 with currently installed providers
	at io.netty.handler.codec.ByteToMessageDecoder.callDecode(ByteToMessageDecoder.java:478)
	at io.netty.handler.codec.ByteToMessageDecoder.channelRead(ByteToMessageDecoder.java:276)
	at io.netty.channel.AbstractChannelHandlerContext.invokeChannelRead(AbstractChannelHandlerContext.java:379)
	at io.netty.channel.AbstractChannelHandlerContext.invokeChannelRead(AbstractChannelHandlerContext.java:365)
	at io.netty.channel.AbstractChannelHandlerContext.fireChannelRead(AbstractChannelHandlerContext.java:357)
	at io.netty.channel.DefaultChannelPipeline$HeadContext.channelRead(DefaultChannelPipeline.java:1410)
	at io.netty.channel.AbstractChannelHandlerContext.invokeChannelRead(AbstractChannelHandlerContext.java:379)
	at io.netty.channel.AbstractChannelHandlerContext.invokeChannelRead(AbstractChannelHandlerContext.java:365)
	at io.netty.channel.DefaultChannelPipeline.fireChannelRead(DefaultChannelPipeline.java:919)
	at io.netty.channel.nio.AbstractNioByteChannel$NioByteUnsafe.read(AbstractNioByteChannel.java:166)
	at io.netty.channel.nio.NioEventLoop.processSelectedKey(NioEventLoop.java:719)
	at io.netty.channel.nio.NioEventLoop.processSelectedKeysOptimized(NioEventLoop.java:655)
	at io.netty.channel.nio.NioEventLoop.processSelectedKeys(NioEventLoop.java:581)
	at io.netty.channel.nio.NioEventLoop.run(NioEventLoop.java:493)
	at io.netty.util.concurrent.SingleThreadEventExecutor$4.run(SingleThreadEventExecutor.java:989)
	at io.netty.util.internal.ThreadExecutorMap$2.run(ThreadExecutorMap.java:74)
	at io.netty.util.concurrent.FastThreadLocalRunnable.run(FastThreadLocalRunnable.java:30)
	at java.lang.Thread.run(Thread.java:745)
Caused by: java.lang.IllegalArgumentException: Cannot support TLS_ECDHE_ECDSA_WITH_AES_256_CBC_SHA384 with currently installed providers
	at sun.security.ssl.CipherSuiteList.<init>(CipherSuiteList.java:92)
	at sun.security.ssl.SSLEngineImpl.setEnabledCipherSuites(SSLEngineImpl.java:2038)
	at io.netty.handler.ssl.JdkSslContext.configureAndWrapEngine(JdkSslContext.java:341)
	at io.netty.handler.ssl.JdkSslContext.newEngine(JdkSslContext.java:331)
	at io.netty.handler.ssl.SslContext.newHandler(SslContext.java:956)
	at io.netty.handler.ssl.SslContext.newHandler(SslContext.java:948)
	at io.netty.handler.ssl.OptionalSslHandler.newSslHandler(OptionalSslHandler.java:97)
	at org.apache.zookeeper.server.NettyServerCnxnFactory$DualModeSslHandler.newSslHandler(NettyServerCnxnFactory.java:171)
	at io.netty.handler.ssl.OptionalSslHandler.handleSsl(OptionalSslHandler.java:57)
	at io.netty.handler.ssl.OptionalSslHandler.decode(OptionalSslHandler.java:48)
	at org.apache.zookeeper.server.NettyServerCnxnFactory$DualModeSslHandler.decode(NettyServerCnxnFactory.java:142)
	at io.netty.handler.codec.ByteToMessageDecoder.decodeRemovalReentryProtection(ByteToMessageDecoder.java:508)
	at io.netty.handler.codec.ByteToMessageDecoder.callDecode(ByteToMessageDecoder.java:447)
	... 17 more
2021-11-08 11:20:36,490 [myid:0] - WARN  [nioEventLoopGroup-29-2:NettyServerCnxnFactory$CnxnChannelHandler@293] - Exception caught
io.netty.handler.codec.DecoderException: java.lang.NullPointerException
	at io.netty.handler.codec.ByteToMessageDecoder.callDecode(ByteToMessageDecoder.java:478)
	at io.netty.handler.codec.ByteToMessageDecoder.channelInputClosed(ByteToMessageDecoder.java:404)
	at io.netty.handler.codec.ByteToMessageDecoder.channelInputClosed(ByteToMessageDecoder.java:371)
	at io.netty.handler.codec.ByteToMessageDecoder.channelInactive(ByteToMessageDecoder.java:354)
	at io.netty.channel.AbstractChannelHandlerContext.invokeChannelInactive(AbstractChannelHandlerContext.java:262)
	at io.netty.channel.AbstractChannelHandlerContext.invokeChannelInactive(AbstractChannelHandlerContext.java:248)
	at io.netty.channel.AbstractChannelHandlerContext.fireChannelInactive(AbstractChannelHandlerContext.java:241)
	at io.netty.channel.DefaultChannelPipeline$HeadContext.channelInactive(DefaultChannelPipeline.java:1405)
	at io.netty.channel.AbstractChannelHandlerContext.invokeChannelInactive(AbstractChannelHandlerContext.java:262)
	at io.netty.channel.AbstractChannelHandlerContext.invokeChannelInactive(AbstractChannelHandlerContext.java:248)
	at io.netty.channel.DefaultChannelPipeline.fireChannelInactive(DefaultChannelPipeline.java:901)
	at io.netty.channel.AbstractChannel$AbstractUnsafe$8.run(AbstractChannel.java:819)
	at io.netty.util.concurrent.AbstractEventExecutor.safeExecute(AbstractEventExecutor.java:164)
	at io.netty.util.concurrent.SingleThreadEventExecutor.runAllTasks(SingleThreadEventExecutor.java:472)
	at io.netty.channel.nio.NioEventLoop.run(NioEventLoop.java:497)
	at io.netty.util.concurrent.SingleThreadEventExecutor$4.run(SingleThreadEventExecutor.java:989)
	at io.netty.util.internal.ThreadExecutorMap$2.run(ThreadExecutorMap.java:74)
	at io.netty.util.concurrent.FastThreadLocalRunnable.run(FastThreadLocalRunnable.java:30)
	at java.lang.Thread.run(Thread.java:745)
Caused by: java.lang.NullPointerException
	at java.util.Objects.requireNonNull(Objects.java:203)
	at org.apache.zookeeper.server.NettyServerCnxnFactory$DualModeSslHandler.newSslHandler(NettyServerCnxnFactory.java:169)
	at io.netty.handler.ssl.OptionalSslHandler.handleSsl(OptionalSslHandler.java:57)
	at io.netty.handler.ssl.OptionalSslHandler.decode(OptionalSslHandler.java:48)
	at org.apache.zookeeper.server.NettyServerCnxnFactory$DualModeSslHandler.decode(NettyServerCnxnFactory.java:142)
	at io.netty.handler.codec.ByteToMessageDecoder.decodeRemovalReentryProtection(ByteToMessageDecoder.java:508)
	at io.netty.handler.codec.ByteToMessageDecoder.callDecode(ByteToMessageDecoder.java:447)
	... 18 more
2021-11-08 11:20:36,490 [myid:127.0.0.1:27393] - INFO  [nioEventLoopGroup-34-1:ClientCnxnSocketNetty$ZKClientHandler@469] - channel is disconnected: [id: 0xe2161e1c, L:/127.0.0.1:14545 ! R:xmind.net/127.0.0.1:27393]
2021-11-08 11:20:36,490 [myid:127.0.0.1:27393] - INFO  [nioEventLoopGroup-34-1:ClientCnxnSocketNetty@249] - channel is told closing
2021-11-08 11:20:36,490 [myid:127.0.0.1:27393] - WARN  [main-SendThread(127.0.0.1:27393):ClientCnxn$SendThread@1290] - Session 0x0 for sever xmind.net/127.0.0.1:27393, Closing socket connection. Attempting reconnect except it is a SessionExpiredException.
EndOfStreamException: channel for sessionid 0x0 is lost
	at org.apache.zookeeper.ClientCnxnSocketNetty.doTransport(ClientCnxnSocketNetty.java:285)
	at org.apache.zookeeper.ClientCnxn$SendThread.run(ClientCnxn.java:1280)
2021-11-08 11:20:37,618 [myid:127.0.0.1:27381] - INFO  [main-SendThread(127.0.0.1:27381):ClientCnxn$SendThread@1171] - Opening socket connection to server xmind.net/127.0.0.1:27381.
2021-11-08 11:20:37,618 [myid:127.0.0.1:27381] - INFO  [main-SendThread(127.0.0.1:27381):ClientCnxn$SendThread@1173] - SASL config status: Will not attempt to authenticate using SASL (unknown error)
2021-11-08 11:20:37,619 [myid:127.0.0.1:27381] - INFO  [nioEventLoopGroup-20-1:ClientCnxnSocketNetty$ZKClientPipelineFactory@454] - SSL handler added for channel: [id: 0xa51edbe8]
2021-11-08 11:20:37,620 [myid:127.0.0.1:27381] - INFO  [nioEventLoopGroup-20-1:ClientCnxn$SendThread@1005] - Socket connection established, initiating session, client: /127.0.0.1:14549, server: xmind.net/127.0.0.1:27381
2021-11-08 11:20:37,620 [myid:127.0.0.1:27381] - INFO  [nioEventLoopGroup-20-1:ClientCnxnSocketNetty$1@184] - channel is connected: [id: 0xa51edbe8, L:/127.0.0.1:14549 - R:xmind.net/127.0.0.1:27381]
2021-11-08 11:20:37,620 [myid:0] - WARN  [nioEventLoopGroup-17-12:ChannelInitializer@97] - Failed to initialize a channel. Closing: [id: 0x4140d08d, L:/127.0.0.1:27381 - R:/127.0.0.1:14549]
java.lang.IllegalArgumentException: Cannot support TLS_ECDHE_ECDSA_WITH_AES_256_CBC_SHA384 with currently installed providers
	at sun.security.ssl.CipherSuiteList.<init>(CipherSuiteList.java:92)
	at sun.security.ssl.SSLEngineImpl.setEnabledCipherSuites(SSLEngineImpl.java:2038)
	at io.netty.handler.ssl.JdkSslContext.configureAndWrapEngine(JdkSslContext.java:341)
	at io.netty.handler.ssl.JdkSslContext.newEngine(JdkSslContext.java:331)
	at io.netty.handler.ssl.SslContext.newHandler(SslContext.java:956)
	at io.netty.handler.ssl.SslContext.newHandler(SslContext.java:948)
	at org.apache.zookeeper.server.NettyServerCnxnFactory.initSSL(NettyServerCnxnFactory.java:575)
	at org.apache.zookeeper.server.NettyServerCnxnFactory.access$1300(NettyServerCnxnFactory.java:80)
	at org.apache.zookeeper.server.NettyServerCnxnFactory$1.initChannel(NettyServerCnxnFactory.java:540)
	at org.apache.zookeeper.server.NettyServerCnxnFactory$1.initChannel(NettyServerCnxnFactory.java:532)
	at io.netty.channel.ChannelInitializer.initChannel(ChannelInitializer.java:129)
	at io.netty.channel.ChannelInitializer.handlerAdded(ChannelInitializer.java:112)
	at io.netty.channel.AbstractChannelHandlerContext.callHandlerAdded(AbstractChannelHandlerContext.java:938)
	at io.netty.channel.DefaultChannelPipeline.callHandlerAdded0(DefaultChannelPipeline.java:609)
	at io.netty.channel.DefaultChannelPipeline.access$100(DefaultChannelPipeline.java:46)
	at io.netty.channel.DefaultChannelPipeline$PendingHandlerAddedTask.execute(DefaultChannelPipeline.java:1463)
	at io.netty.channel.DefaultChannelPipeline.callHandlerAddedForAllHandlers(DefaultChannelPipeline.java:1115)
	at io.netty.channel.DefaultChannelPipeline.invokeHandlerAddedIfNeeded(DefaultChannelPipeline.java:650)
	at io.netty.channel.AbstractChannel$AbstractUnsafe.register0(AbstractChannel.java:502)
	at io.netty.channel.AbstractChannel$AbstractUnsafe.access$200(AbstractChannel.java:417)
	at io.netty.channel.AbstractChannel$AbstractUnsafe$1.run(AbstractChannel.java:474)
	at io.netty.util.concurrent.AbstractEventExecutor.safeExecute(AbstractEventExecutor.java:164)
	at io.netty.util.concurrent.SingleThreadEventExecutor.runAllTasks(SingleThreadEventExecutor.java:472)
	at io.netty.channel.nio.NioEventLoop.run(NioEventLoop.java:500)
	at io.netty.util.concurrent.SingleThreadEventExecutor$4.run(SingleThreadEventExecutor.java:989)
	at io.netty.util.internal.ThreadExecutorMap$2.run(ThreadExecutorMap.java:74)
	at io.netty.util.concurrent.FastThreadLocalRunnable.run(FastThreadLocalRunnable.java:30)
	at java.lang.Thread.run(Thread.java:745)
2021-11-08 11:20:37,621 [myid:127.0.0.1:27381] - INFO  [nioEventLoopGroup-20-1:ClientCnxnSocketNetty$ZKClientHandler@469] - channel is disconnected: [id: 0xa51edbe8, L:/127.0.0.1:14549 ! R:xmind.net/127.0.0.1:27381]
2021-11-08 11:20:37,621 [myid:127.0.0.1:27381] - INFO  [nioEventLoopGroup-20-1:ClientCnxnSocketNetty@249] - channel is told closing
2021-11-08 11:20:37,621 [myid:127.0.0.1:27381] - WARN  [main-SendThread(127.0.0.1:27381):ClientCnxn$SendThread@1290] - Session 0x0 for sever xmind.net/127.0.0.1:27381, Closing socket connection. Attempting reconnect except it is a SessionExpiredException.
EndOfStreamException: channel for sessionid 0x0 is lost
	at org.apache.zookeeper.ClientCnxnSocketNetty.doTransport(ClientCnxnSocketNetty.java:285)
	at org.apache.zookeeper.ClientCnxn$SendThread.run(ClientCnxn.java:1280)
2021-11-08 11:20:37,871 [myid:127.0.0.1:27393] - INFO  [main-SendThread(127.0.0.1:27393):ClientCnxn$SendThread@1171] - Opening socket connection to server xmind.net/127.0.0.1:27393.
2021-11-08 11:20:37,871 [myid:127.0.0.1:27393] - INFO  [main-SendThread(127.0.0.1:27393):ClientCnxn$SendThread@1173] - SASL config status: Will not attempt to authenticate using SASL (unknown error)
2021-11-08 11:20:37,872 [myid:127.0.0.1:27393] - INFO  [nioEventLoopGroup-34-1:ClientCnxnSocketNetty$ZKClientPipelineFactory@454] - SSL handler added for channel: [id: 0xb141e71c]
2021-11-08 11:20:37,872 [myid:127.0.0.1:27393] - INFO  [nioEventLoopGroup-34-1:ClientCnxn$SendThread@1005] - Socket connection established, initiating session, client: /127.0.0.1:14560, server: xmind.net/127.0.0.1:27393
2021-11-08 11:20:37,873 [myid:127.0.0.1:27393] - INFO  [nioEventLoopGroup-34-1:ClientCnxnSocketNetty$1@184] - channel is connected: [id: 0xb141e71c, L:/127.0.0.1:14560 - R:xmind.net/127.0.0.1:27393]
2021-11-08 11:20:37,873 [myid:0] - WARN  [nioEventLoopGroup-29-3:NettyServerCnxnFactory$CnxnChannelHandler@293] - Exception caught
io.netty.handler.codec.DecoderException: java.lang.IllegalArgumentException: Cannot support TLS_ECDHE_ECDSA_WITH_AES_256_CBC_SHA384 with currently installed providers
	at io.netty.handler.codec.ByteToMessageDecoder.callDecode(ByteToMessageDecoder.java:478)
	at io.netty.handler.codec.ByteToMessageDecoder.channelRead(ByteToMessageDecoder.java:276)
	at io.netty.channel.AbstractChannelHandlerContext.invokeChannelRead(AbstractChannelHandlerContext.java:379)
	at io.netty.channel.AbstractChannelHandlerContext.invokeChannelRead(AbstractChannelHandlerContext.java:365)
	at io.netty.channel.AbstractChannelHandlerContext.fireChannelRead(AbstractChannelHandlerContext.java:357)
	at io.netty.channel.DefaultChannelPipeline$HeadContext.channelRead(DefaultChannelPipeline.java:1410)
	at io.netty.channel.AbstractChannelHandlerContext.invokeChannelRead(AbstractChannelHandlerContext.java:379)
	at io.netty.channel.AbstractChannelHandlerContext.invokeChannelRead(AbstractChannelHandlerContext.java:365)
	at io.netty.channel.DefaultChannelPipeline.fireChannelRead(DefaultChannelPipeline.java:919)
	at io.netty.channel.nio.AbstractNioByteChannel$NioByteUnsafe.read(AbstractNioByteChannel.java:166)
	at io.netty.channel.nio.NioEventLoop.processSelectedKey(NioEventLoop.java:719)
	at io.netty.channel.nio.NioEventLoop.processSelectedKeysOptimized(NioEventLoop.java:655)
	at io.netty.channel.nio.NioEventLoop.processSelectedKeys(NioEventLoop.java:581)
	at io.netty.channel.nio.NioEventLoop.run(NioEventLoop.java:493)
	at io.netty.util.concurrent.SingleThreadEventExecutor$4.run(SingleThreadEventExecutor.java:989)
	at io.netty.util.internal.ThreadExecutorMap$2.run(ThreadExecutorMap.java:74)
	at io.netty.util.concurrent.FastThreadLocalRunnable.run(FastThreadLocalRunnable.java:30)
	at java.lang.Thread.run(Thread.java:745)
Caused by: java.lang.IllegalArgumentException: Cannot support TLS_ECDHE_ECDSA_WITH_AES_256_CBC_SHA384 with currently installed providers
	at sun.security.ssl.CipherSuiteList.<init>(CipherSuiteList.java:92)
	at sun.security.ssl.SSLEngineImpl.setEnabledCipherSuites(SSLEngineImpl.java:2038)
	at io.netty.handler.ssl.JdkSslContext.configureAndWrapEngine(JdkSslContext.java:341)
	at io.netty.handler.ssl.JdkSslContext.newEngine(JdkSslContext.java:331)
	at io.netty.handler.ssl.SslContext.newHandler(SslContext.java:956)
	at io.netty.handler.ssl.SslContext.newHandler(SslContext.java:948)
	at io.netty.handler.ssl.OptionalSslHandler.newSslHandler(OptionalSslHandler.java:97)
	at org.apache.zookeeper.server.NettyServerCnxnFactory$DualModeSslHandler.newSslHandler(NettyServerCnxnFactory.java:171)
	at io.netty.handler.ssl.OptionalSslHandler.handleSsl(OptionalSslHandler.java:57)
	at io.netty.handler.ssl.OptionalSslHandler.decode(OptionalSslHandler.java:48)
	at org.apache.zookeeper.server.NettyServerCnxnFactory$DualModeSslHandler.decode(NettyServerCnxnFactory.java:142)
	at io.netty.handler.codec.ByteToMessageDecoder.decodeRemovalReentryProtection(ByteToMessageDecoder.java:508)
	at io.netty.handler.codec.ByteToMessageDecoder.callDecode(ByteToMessageDecoder.java:447)
	... 17 more
2021-11-08 11:20:37,874 [myid:0] - WARN  [nioEventLoopGroup-29-3:NettyServerCnxnFactory$CnxnChannelHandler@293] - Exception caught
io.netty.handler.codec.DecoderException: java.lang.NullPointerException
	at io.netty.handler.codec.ByteToMessageDecoder.callDecode(ByteToMessageDecoder.java:478)
	at io.netty.handler.codec.ByteToMessageDecoder.channelInputClosed(ByteToMessageDecoder.java:404)
	at io.netty.handler.codec.ByteToMessageDecoder.channelInputClosed(ByteToMessageDecoder.java:371)
	at io.netty.handler.codec.ByteToMessageDecoder.channelInactive(ByteToMessageDecoder.java:354)
	at io.netty.channel.AbstractChannelHandlerContext.invokeChannelInactive(AbstractChannelHandlerContext.java:262)
	at io.netty.channel.AbstractChannelHandlerContext.invokeChannelInactive(AbstractChannelHandlerContext.java:248)
	at io.netty.channel.AbstractChannelHandlerContext.fireChannelInactive(AbstractChannelHandlerContext.java:241)
	at io.netty.channel.DefaultChannelPipeline$HeadContext.channelInactive(DefaultChannelPipeline.java:1405)
	at io.netty.channel.AbstractChannelHandlerContext.invokeChannelInactive(AbstractChannelHandlerContext.java:262)
	at io.netty.channel.AbstractChannelHandlerContext.invokeChannelInactive(AbstractChannelHandlerContext.java:248)
	at io.netty.channel.DefaultChannelPipeline.fireChannelInactive(DefaultChannelPipeline.java:901)
	at io.netty.channel.AbstractChannel$AbstractUnsafe$8.run(AbstractChannel.java:819)
	at io.netty.util.concurrent.AbstractEventExecutor.safeExecute(AbstractEventExecutor.java:164)
	at io.netty.util.concurrent.SingleThreadEventExecutor.runAllTasks(SingleThreadEventExecutor.java:472)
	at io.netty.channel.nio.NioEventLoop.run(NioEventLoop.java:497)
	at io.netty.util.concurrent.SingleThreadEventExecutor$4.run(SingleThreadEventExecutor.java:989)
	at io.netty.util.internal.ThreadExecutorMap$2.run(ThreadExecutorMap.java:74)
	at io.netty.util.concurrent.FastThreadLocalRunnable.run(FastThreadLocalRunnable.java:30)
	at java.lang.Thread.run(Thread.java:745)
Caused by: java.lang.NullPointerException
	at java.util.Objects.requireNonNull(Objects.java:203)
	at org.apache.zookeeper.server.NettyServerCnxnFactory$DualModeSslHandler.newSslHandler(NettyServerCnxnFactory.java:169)
	at io.netty.handler.ssl.OptionalSslHandler.handleSsl(OptionalSslHandler.java:57)
	at io.netty.handler.ssl.OptionalSslHandler.decode(OptionalSslHandler.java:48)
	at org.apache.zookeeper.server.NettyServerCnxnFactory$DualModeSslHandler.decode(NettyServerCnxnFactory.java:142)
	at io.netty.handler.codec.ByteToMessageDecoder.decodeRemovalReentryProtection(ByteToMessageDecoder.java:508)
	at io.netty.handler.codec.ByteToMessageDecoder.callDecode(ByteToMessageDecoder.java:447)
	... 18 more
2021-11-08 11:20:37,874 [myid:127.0.0.1:27393] - INFO  [nioEventLoopGroup-34-1:ClientCnxnSocketNetty$ZKClientHandler@469] - channel is disconnected: [id: 0xb141e71c, L:/127.0.0.1:14560 ! R:xmind.net/127.0.0.1:27393]
2021-11-08 11:20:37,874 [myid:127.0.0.1:27393] - INFO  [nioEventLoopGroup-34-1:ClientCnxnSocketNetty@249] - channel is told closing
2021-11-08 11:20:37,874 [myid:127.0.0.1:27393] - WARN  [main-SendThread(127.0.0.1:27393):ClientCnxn$SendThread@1290] - Session 0x0 for sever xmind.net/127.0.0.1:27393, Closing socket connection. Attempting reconnect except it is a SessionExpiredException.
EndOfStreamException: channel for sessionid 0x0 is lost
	at org.apache.zookeeper.ClientCnxnSocketNetty.doTransport(ClientCnxnSocketNetty.java:285)
	at org.apache.zookeeper.ClientCnxn$SendThread.run(ClientCnxn.java:1280)
2021-11-08 11:20:38,136 [myid:127.0.0.1:27392] - WARN  [nioEventLoopGroup-21-1:ClientCnxnSocketNetty$1@150] - future isn't success.
io.netty.channel.AbstractChannel$AnnotatedConnectException: Connection refused: no further information: xmind.net/127.0.0.1:27392
Caused by: java.net.ConnectException: Connection refused: no further information
	at sun.nio.ch.SocketChannelImpl.checkConnect(Native Method)
	at sun.nio.ch.SocketChannelImpl.finishConnect(SocketChannelImpl.java:716)
	at io.netty.channel.socket.nio.NioSocketChannel.doFinishConnect(NioSocketChannel.java:330)
	at io.netty.channel.nio.AbstractNioChannel$AbstractNioUnsafe.finishConnect(AbstractNioChannel.java:334)
	at io.netty.channel.nio.NioEventLoop.processSelectedKey(NioEventLoop.java:707)
	at io.netty.channel.nio.NioEventLoop.processSelectedKeysOptimized(NioEventLoop.java:655)
	at io.netty.channel.nio.NioEventLoop.processSelectedKeys(NioEventLoop.java:581)
	at io.netty.channel.nio.NioEventLoop.run(NioEventLoop.java:493)
	at io.netty.util.concurrent.SingleThreadEventExecutor$4.run(SingleThreadEventExecutor.java:989)
	at io.netty.util.internal.ThreadExecutorMap$2.run(ThreadExecutorMap.java:74)
	at io.netty.util.concurrent.FastThreadLocalRunnable.run(FastThreadLocalRunnable.java:30)
	at java.lang.Thread.run(Thread.java:745)
2021-11-08 11:20:39,137 [myid:127.0.0.1:27392] - INFO  [main-SendThread(127.0.0.1:27392):ClientCnxn$SendThread@1171] - Opening socket connection to server xmind.net/127.0.0.1:27392.
2021-11-08 11:20:39,137 [myid:127.0.0.1:27392] - INFO  [main-SendThread(127.0.0.1:27392):ClientCnxn$SendThread@1173] - SASL config status: Will not attempt to authenticate using SASL (unknown error)
2021-11-08 11:20:39,138 [myid:127.0.0.1:27392] - INFO  [nioEventLoopGroup-21-1:ClientCnxnSocketNetty$ZKClientPipelineFactory@454] - SSL handler added for channel: [id: 0x3e67c726]
2021-11-08 11:20:39,220 [myid:127.0.0.1:27381] - INFO  [main-SendThread(127.0.0.1:27381):ClientCnxn$SendThread@1171] - Opening socket connection to server xmind.net/127.0.0.1:27381.
2021-11-08 11:20:39,221 [myid:127.0.0.1:27381] - INFO  [main-SendThread(127.0.0.1:27381):ClientCnxn$SendThread@1173] - SASL config status: Will not attempt to authenticate using SASL (unknown error)
2021-11-08 11:20:39,222 [myid:127.0.0.1:27381] - INFO  [nioEventLoopGroup-20-1:ClientCnxnSocketNetty$ZKClientPipelineFactory@454] - SSL handler added for channel: [id: 0x9a9612aa]
2021-11-08 11:20:39,222 [myid:127.0.0.1:27381] - INFO  [nioEventLoopGroup-20-1:ClientCnxn$SendThread@1005] - Socket connection established, initiating session, client: /127.0.0.1:14573, server: xmind.net/127.0.0.1:27381
2021-11-08 11:20:39,222 [myid:127.0.0.1:27381] - INFO  [nioEventLoopGroup-20-1:ClientCnxnSocketNetty$1@184] - channel is connected: [id: 0x9a9612aa, L:/127.0.0.1:14573 - R:xmind.net/127.0.0.1:27381]
2021-11-08 11:20:39,223 [myid:0] - WARN  [nioEventLoopGroup-17-1:ChannelInitializer@97] - Failed to initialize a channel. Closing: [id: 0x333bf851, L:/127.0.0.1:27381 - R:/127.0.0.1:14573]
java.lang.IllegalArgumentException: Cannot support TLS_ECDHE_ECDSA_WITH_AES_256_CBC_SHA384 with currently installed providers
	at sun.security.ssl.CipherSuiteList.<init>(CipherSuiteList.java:92)
	at sun.security.ssl.SSLEngineImpl.setEnabledCipherSuites(SSLEngineImpl.java:2038)
	at io.netty.handler.ssl.JdkSslContext.configureAndWrapEngine(JdkSslContext.java:341)
	at io.netty.handler.ssl.JdkSslContext.newEngine(JdkSslContext.java:331)
	at io.netty.handler.ssl.SslContext.newHandler(SslContext.java:956)
	at io.netty.handler.ssl.SslContext.newHandler(SslContext.java:948)
	at org.apache.zookeeper.server.NettyServerCnxnFactory.initSSL(NettyServerCnxnFactory.java:575)
	at org.apache.zookeeper.server.NettyServerCnxnFactory.access$1300(NettyServerCnxnFactory.java:80)
	at org.apache.zookeeper.server.NettyServerCnxnFactory$1.initChannel(NettyServerCnxnFactory.java:540)
	at org.apache.zookeeper.server.NettyServerCnxnFactory$1.initChannel(NettyServerCnxnFactory.java:532)
	at io.netty.channel.ChannelInitializer.initChannel(ChannelInitializer.java:129)
	at io.netty.channel.ChannelInitializer.handlerAdded(ChannelInitializer.java:112)
	at io.netty.channel.AbstractChannelHandlerContext.callHandlerAdded(AbstractChannelHandlerContext.java:938)
	at io.netty.channel.DefaultChannelPipeline.callHandlerAdded0(DefaultChannelPipeline.java:609)
	at io.netty.channel.DefaultChannelPipeline.access$100(DefaultChannelPipeline.java:46)
	at io.netty.channel.DefaultChannelPipeline$PendingHandlerAddedTask.execute(DefaultChannelPipeline.java:1463)
	at io.netty.channel.DefaultChannelPipeline.callHandlerAddedForAllHandlers(DefaultChannelPipeline.java:1115)
	at io.netty.channel.DefaultChannelPipeline.invokeHandlerAddedIfNeeded(DefaultChannelPipeline.java:650)
	at io.netty.channel.AbstractChannel$AbstractUnsafe.register0(AbstractChannel.java:502)
	at io.netty.channel.AbstractChannel$AbstractUnsafe.access$200(AbstractChannel.java:417)
	at io.netty.channel.AbstractChannel$AbstractUnsafe$1.run(AbstractChannel.java:474)
	at io.netty.util.concurrent.AbstractEventExecutor.safeExecute(AbstractEventExecutor.java:164)
	at io.netty.util.concurrent.SingleThreadEventExecutor.runAllTasks(SingleThreadEventExecutor.java:472)
	at io.netty.channel.nio.NioEventLoop.run(NioEventLoop.java:500)
	at io.netty.util.concurrent.SingleThreadEventExecutor$4.run(SingleThreadEventExecutor.java:989)
	at io.netty.util.internal.ThreadExecutorMap$2.run(ThreadExecutorMap.java:74)
	at io.netty.util.concurrent.FastThreadLocalRunnable.run(FastThreadLocalRunnable.java:30)
	at java.lang.Thread.run(Thread.java:745)
2021-11-08 11:20:39,223 [myid:127.0.0.1:27381] - INFO  [nioEventLoopGroup-20-1:ClientCnxnSocketNetty$ZKClientHandler@469] - channel is disconnected: [id: 0x9a9612aa, L:/127.0.0.1:14573 ! R:xmind.net/127.0.0.1:27381]
2021-11-08 11:20:39,223 [myid:127.0.0.1:27381] - INFO  [nioEventLoopGroup-20-1:ClientCnxnSocketNetty@249] - channel is told closing
2021-11-08 11:20:39,223 [myid:127.0.0.1:27381] - WARN  [main-SendThread(127.0.0.1:27381):ClientCnxn$SendThread@1290] - Session 0x0 for sever xmind.net/127.0.0.1:27381, Closing socket connection. Attempting reconnect except it is a SessionExpiredException.
EndOfStreamException: channel for sessionid 0x0 is lost
	at org.apache.zookeeper.ClientCnxnSocketNetty.doTransport(ClientCnxnSocketNetty.java:285)
	at org.apache.zookeeper.ClientCnxn$SendThread.run(ClientCnxn.java:1280)
2021-11-08 11:20:39,622 [myid:127.0.0.1:27393] - INFO  [main-SendThread(127.0.0.1:27393):ClientCnxn$SendThread@1171] - Opening socket connection to server xmind.net/127.0.0.1:27393.
2021-11-08 11:20:39,622 [myid:127.0.0.1:27393] - INFO  [main-SendThread(127.0.0.1:27393):ClientCnxn$SendThread@1173] - SASL config status: Will not attempt to authenticate using SASL (unknown error)
2021-11-08 11:20:39,623 [myid:127.0.0.1:27393] - INFO  [nioEventLoopGroup-34-1:ClientCnxnSocketNetty$ZKClientPipelineFactory@454] - SSL handler added for channel: [id: 0x62994dbc]
2021-11-08 11:20:39,624 [myid:127.0.0.1:27393] - INFO  [nioEventLoopGroup-34-1:ClientCnxn$SendThread@1005] - Socket connection established, initiating session, client: /127.0.0.1:14585, server: xmind.net/127.0.0.1:27393
2021-11-08 11:20:39,624 [myid:127.0.0.1:27393] - INFO  [nioEventLoopGroup-34-1:ClientCnxnSocketNetty$1@184] - channel is connected: [id: 0x62994dbc, L:/127.0.0.1:14585 - R:xmind.net/127.0.0.1:27393]
2021-11-08 11:20:39,625 [myid:0] - WARN  [nioEventLoopGroup-29-4:NettyServerCnxnFactory$CnxnChannelHandler@293] - Exception caught
io.netty.handler.codec.DecoderException: java.lang.IllegalArgumentException: Cannot support TLS_ECDHE_ECDSA_WITH_AES_256_CBC_SHA384 with currently installed providers
	at io.netty.handler.codec.ByteToMessageDecoder.callDecode(ByteToMessageDecoder.java:478)
	at io.netty.handler.codec.ByteToMessageDecoder.channelRead(ByteToMessageDecoder.java:276)
	at io.netty.channel.AbstractChannelHandlerContext.invokeChannelRead(AbstractChannelHandlerContext.java:379)
	at io.netty.channel.AbstractChannelHandlerContext.invokeChannelRead(AbstractChannelHandlerContext.java:365)
	at io.netty.channel.AbstractChannelHandlerContext.fireChannelRead(AbstractChannelHandlerContext.java:357)
	at io.netty.channel.DefaultChannelPipeline$HeadContext.channelRead(DefaultChannelPipeline.java:1410)
	at io.netty.channel.AbstractChannelHandlerContext.invokeChannelRead(AbstractChannelHandlerContext.java:379)
	at io.netty.channel.AbstractChannelHandlerContext.invokeChannelRead(AbstractChannelHandlerContext.java:365)
	at io.netty.channel.DefaultChannelPipeline.fireChannelRead(DefaultChannelPipeline.java:919)
	at io.netty.channel.nio.AbstractNioByteChannel$NioByteUnsafe.read(AbstractNioByteChannel.java:166)
	at io.netty.channel.nio.NioEventLoop.processSelectedKey(NioEventLoop.java:719)
	at io.netty.channel.nio.NioEventLoop.processSelectedKeysOptimized(NioEventLoop.java:655)
	at io.netty.channel.nio.NioEventLoop.processSelectedKeys(NioEventLoop.java:581)
	at io.netty.channel.nio.NioEventLoop.run(NioEventLoop.java:493)
	at io.netty.util.concurrent.SingleThreadEventExecutor$4.run(SingleThreadEventExecutor.java:989)
	at io.netty.util.internal.ThreadExecutorMap$2.run(ThreadExecutorMap.java:74)
	at io.netty.util.concurrent.FastThreadLocalRunnable.run(FastThreadLocalRunnable.java:30)
	at java.lang.Thread.run(Thread.java:745)
Caused by: java.lang.IllegalArgumentException: Cannot support TLS_ECDHE_ECDSA_WITH_AES_256_CBC_SHA384 with currently installed providers
	at sun.security.ssl.CipherSuiteList.<init>(CipherSuiteList.java:92)
	at sun.security.ssl.SSLEngineImpl.setEnabledCipherSuites(SSLEngineImpl.java:2038)
	at io.netty.handler.ssl.JdkSslContext.configureAndWrapEngine(JdkSslContext.java:341)
	at io.netty.handler.ssl.JdkSslContext.newEngine(JdkSslContext.java:331)
	at io.netty.handler.ssl.SslContext.newHandler(SslContext.java:956)
	at io.netty.handler.ssl.SslContext.newHandler(SslContext.java:948)
	at io.netty.handler.ssl.OptionalSslHandler.newSslHandler(OptionalSslHandler.java:97)
	at org.apache.zookeeper.server.NettyServerCnxnFactory$DualModeSslHandler.newSslHandler(NettyServerCnxnFactory.java:171)
	at io.netty.handler.ssl.OptionalSslHandler.handleSsl(OptionalSslHandler.java:57)
	at io.netty.handler.ssl.OptionalSslHandler.decode(OptionalSslHandler.java:48)
	at org.apache.zookeeper.server.NettyServerCnxnFactory$DualModeSslHandler.decode(NettyServerCnxnFactory.java:142)
	at io.netty.handler.codec.ByteToMessageDecoder.decodeRemovalReentryProtection(ByteToMessageDecoder.java:508)
	at io.netty.handler.codec.ByteToMessageDecoder.callDecode(ByteToMessageDecoder.java:447)
	... 17 more
2021-11-08 11:20:39,626 [myid:0] - WARN  [nioEventLoopGroup-29-4:NettyServerCnxnFactory$CnxnChannelHandler@293] - Exception caught
io.netty.handler.codec.DecoderException: java.lang.NullPointerException
	at io.netty.handler.codec.ByteToMessageDecoder.callDecode(ByteToMessageDecoder.java:478)
	at io.netty.handler.codec.ByteToMessageDecoder.channelInputClosed(ByteToMessageDecoder.java:404)
	at io.netty.handler.codec.ByteToMessageDecoder.channelInputClosed(ByteToMessageDecoder.java:371)
	at io.netty.handler.codec.ByteToMessageDecoder.channelInactive(ByteToMessageDecoder.java:354)
	at io.netty.channel.AbstractChannelHandlerContext.invokeChannelInactive(AbstractChannelHandlerContext.java:262)
	at io.netty.channel.AbstractChannelHandlerContext.invokeChannelInactive(AbstractChannelHandlerContext.java:248)
	at io.netty.channel.AbstractChannelHandlerContext.fireChannelInactive(AbstractChannelHandlerContext.java:241)
	at io.netty.channel.DefaultChannelPipeline$HeadContext.channelInactive(DefaultChannelPipeline.java:1405)
	at io.netty.channel.AbstractChannelHandlerContext.invokeChannelInactive(AbstractChannelHandlerContext.java:262)
	at io.netty.channel.AbstractChannelHandlerContext.invokeChannelInactive(AbstractChannelHandlerContext.java:248)
	at io.netty.channel.DefaultChannelPipeline.fireChannelInactive(DefaultChannelPipeline.java:901)
	at io.netty.channel.AbstractChannel$AbstractUnsafe$8.run(AbstractChannel.java:819)
	at io.netty.util.concurrent.AbstractEventExecutor.safeExecute(AbstractEventExecutor.java:164)
	at io.netty.util.concurrent.SingleThreadEventExecutor.runAllTasks(SingleThreadEventExecutor.java:472)
	at io.netty.channel.nio.NioEventLoop.run(NioEventLoop.java:497)
	at io.netty.util.concurrent.SingleThreadEventExecutor$4.run(SingleThreadEventExecutor.java:989)
	at io.netty.util.internal.ThreadExecutorMap$2.run(ThreadExecutorMap.java:74)
	at io.netty.util.concurrent.FastThreadLocalRunnable.run(FastThreadLocalRunnable.java:30)
	at java.lang.Thread.run(Thread.java:745)
Caused by: java.lang.NullPointerException
	at java.util.Objects.requireNonNull(Objects.java:203)
	at org.apache.zookeeper.server.NettyServerCnxnFactory$DualModeSslHandler.newSslHandler(NettyServerCnxnFactory.java:169)
	at io.netty.handler.ssl.OptionalSslHandler.handleSsl(OptionalSslHandler.java:57)
	at io.netty.handler.ssl.OptionalSslHandler.decode(OptionalSslHandler.java:48)
	at org.apache.zookeeper.server.NettyServerCnxnFactory$DualModeSslHandler.decode(NettyServerCnxnFactory.java:142)
	at io.netty.handler.codec.ByteToMessageDecoder.decodeRemovalReentryProtection(ByteToMessageDecoder.java:508)
	at io.netty.handler.codec.ByteToMessageDecoder.callDecode(ByteToMessageDecoder.java:447)
	... 18 more
2021-11-08 11:20:39,626 [myid:127.0.0.1:27393] - INFO  [nioEventLoopGroup-34-1:ClientCnxnSocketNetty$ZKClientHandler@469] - channel is disconnected: [id: 0x62994dbc, L:/127.0.0.1:14585 ! R:xmind.net/127.0.0.1:27393]
2021-11-08 11:20:39,626 [myid:127.0.0.1:27393] - INFO  [nioEventLoopGroup-34-1:ClientCnxnSocketNetty@249] - channel is told closing
2021-11-08 11:20:39,626 [myid:127.0.0.1:27393] - WARN  [main-SendThread(127.0.0.1:27393):ClientCnxn$SendThread@1290] - Session 0x0 for sever xmind.net/127.0.0.1:27393, Closing socket connection. Attempting reconnect except it is a SessionExpiredException.
EndOfStreamException: channel for sessionid 0x0 is lost
	at org.apache.zookeeper.ClientCnxnSocketNetty.doTransport(ClientCnxnSocketNetty.java:285)
	at org.apache.zookeeper.ClientCnxn$SendThread.run(ClientCnxn.java:1280)
2021-11-08 11:20:40,632 [myid:127.0.0.1:27381] - INFO  [main-SendThread(127.0.0.1:27381):ClientCnxn$SendThread@1171] - Opening socket connection to server xmind.net/127.0.0.1:27381.
2021-11-08 11:20:40,632 [myid:127.0.0.1:27381] - INFO  [main-SendThread(127.0.0.1:27381):ClientCnxn$SendThread@1173] - SASL config status: Will not attempt to authenticate using SASL (unknown error)
2021-11-08 11:20:40,633 [myid:127.0.0.1:27381] - INFO  [nioEventLoopGroup-20-1:ClientCnxnSocketNetty$ZKClientPipelineFactory@454] - SSL handler added for channel: [id: 0x32443948]
2021-11-08 11:20:40,634 [myid:127.0.0.1:27381] - INFO  [nioEventLoopGroup-20-1:ClientCnxn$SendThread@1005] - Socket connection established, initiating session, client: /127.0.0.1:14651, server: xmind.net/127.0.0.1:27381
2021-11-08 11:20:40,634 [myid:127.0.0.1:27381] - INFO  [nioEventLoopGroup-20-1:ClientCnxnSocketNetty$1@184] - channel is connected: [id: 0x32443948, L:/127.0.0.1:14651 - R:xmind.net/127.0.0.1:27381]
2021-11-08 11:20:40,634 [myid:0] - WARN  [nioEventLoopGroup-17-2:ChannelInitializer@97] - Failed to initialize a channel. Closing: [id: 0x298a1a89, L:/127.0.0.1:27381 - R:/127.0.0.1:14651]
java.lang.IllegalArgumentException: Cannot support TLS_ECDHE_ECDSA_WITH_AES_256_CBC_SHA384 with currently installed providers
	at sun.security.ssl.CipherSuiteList.<init>(CipherSuiteList.java:92)
	at sun.security.ssl.SSLEngineImpl.setEnabledCipherSuites(SSLEngineImpl.java:2038)
	at io.netty.handler.ssl.JdkSslContext.configureAndWrapEngine(JdkSslContext.java:341)
	at io.netty.handler.ssl.JdkSslContext.newEngine(JdkSslContext.java:331)
	at io.netty.handler.ssl.SslContext.newHandler(SslContext.java:956)
	at io.netty.handler.ssl.SslContext.newHandler(SslContext.java:948)
	at org.apache.zookeeper.server.NettyServerCnxnFactory.initSSL(NettyServerCnxnFactory.java:575)
	at org.apache.zookeeper.server.NettyServerCnxnFactory.access$1300(NettyServerCnxnFactory.java:80)
	at org.apache.zookeeper.server.NettyServerCnxnFactory$1.initChannel(NettyServerCnxnFactory.java:540)
	at org.apache.zookeeper.server.NettyServerCnxnFactory$1.initChannel(NettyServerCnxnFactory.java:532)
	at io.netty.channel.ChannelInitializer.initChannel(ChannelInitializer.java:129)
	at io.netty.channel.ChannelInitializer.handlerAdded(ChannelInitializer.java:112)
	at io.netty.channel.AbstractChannelHandlerContext.callHandlerAdded(AbstractChannelHandlerContext.java:938)
	at io.netty.channel.DefaultChannelPipeline.callHandlerAdded0(DefaultChannelPipeline.java:609)
	at io.netty.channel.DefaultChannelPipeline.access$100(DefaultChannelPipeline.java:46)
	at io.netty.channel.DefaultChannelPipeline$PendingHandlerAddedTask.execute(DefaultChannelPipeline.java:1463)
	at io.netty.channel.DefaultChannelPipeline.callHandlerAddedForAllHandlers(DefaultChannelPipeline.java:1115)
	at io.netty.channel.DefaultChannelPipeline.invokeHandlerAddedIfNeeded(DefaultChannelPipeline.java:650)
	at io.netty.channel.AbstractChannel$AbstractUnsafe.register0(AbstractChannel.java:502)
	at io.netty.channel.AbstractChannel$AbstractUnsafe.access$200(AbstractChannel.java:417)
	at io.netty.channel.AbstractChannel$AbstractUnsafe$1.run(AbstractChannel.java:474)
	at io.netty.util.concurrent.AbstractEventExecutor.safeExecute(AbstractEventExecutor.java:164)
	at io.netty.util.concurrent.SingleThreadEventExecutor.runAllTasks(SingleThreadEventExecutor.java:472)
	at io.netty.channel.nio.NioEventLoop.run(NioEventLoop.java:500)
	at io.netty.util.concurrent.SingleThreadEventExecutor$4.run(SingleThreadEventExecutor.java:989)
	at io.netty.util.internal.ThreadExecutorMap$2.run(ThreadExecutorMap.java:74)
	at io.netty.util.concurrent.FastThreadLocalRunnable.run(FastThreadLocalRunnable.java:30)
	at java.lang.Thread.run(Thread.java:745)
2021-11-08 11:20:40,635 [myid:127.0.0.1:27381] - INFO  [nioEventLoopGroup-20-1:ClientCnxnSocketNetty$ZKClientHandler@469] - channel is disconnected: [id: 0x32443948, L:/127.0.0.1:14651 ! R:xmind.net/127.0.0.1:27381]
2021-11-08 11:20:40,635 [myid:127.0.0.1:27381] - INFO  [nioEventLoopGroup-20-1:ClientCnxnSocketNetty@249] - channel is told closing
2021-11-08 11:20:40,635 [myid:127.0.0.1:27381] - WARN  [main-SendThread(127.0.0.1:27381):ClientCnxn$SendThread@1290] - Session 0x0 for sever xmind.net/127.0.0.1:27381, Closing socket connection. Attempting reconnect except it is a SessionExpiredException.
EndOfStreamException: channel for sessionid 0x0 is lost
	at org.apache.zookeeper.ClientCnxnSocketNetty.doTransport(ClientCnxnSocketNetty.java:285)
	at org.apache.zookeeper.ClientCnxn$SendThread.run(ClientCnxn.java:1280)
2021-11-08 11:20:41,077 [myid:127.0.0.1:27393] - INFO  [main-SendThread(127.0.0.1:27393):ClientCnxn$SendThread@1171] - Opening socket connection to server xmind.net/127.0.0.1:27393.
2021-11-08 11:20:41,077 [myid:127.0.0.1:27393] - INFO  [main-SendThread(127.0.0.1:27393):ClientCnxn$SendThread@1173] - SASL config status: Will not attempt to authenticate using SASL (unknown error)
2021-11-08 11:20:41,078 [myid:127.0.0.1:27393] - INFO  [nioEventLoopGroup-34-1:ClientCnxnSocketNetty$ZKClientPipelineFactory@454] - SSL handler added for channel: [id: 0x50bb3ac8]
2021-11-08 11:20:41,079 [myid:127.0.0.1:27393] - INFO  [nioEventLoopGroup-34-1:ClientCnxn$SendThread@1005] - Socket connection established, initiating session, client: /127.0.0.1:14683, server: xmind.net/127.0.0.1:27393
2021-11-08 11:20:41,079 [myid:127.0.0.1:27393] - INFO  [nioEventLoopGroup-34-1:ClientCnxnSocketNetty$1@184] - channel is connected: [id: 0x50bb3ac8, L:/127.0.0.1:14683 - R:xmind.net/127.0.0.1:27393]
2021-11-08 11:20:41,079 [myid:0] - WARN  [nioEventLoopGroup-29-5:NettyServerCnxnFactory$CnxnChannelHandler@293] - Exception caught
io.netty.handler.codec.DecoderException: java.lang.IllegalArgumentException: Cannot support TLS_ECDHE_ECDSA_WITH_AES_256_CBC_SHA384 with currently installed providers
	at io.netty.handler.codec.ByteToMessageDecoder.callDecode(ByteToMessageDecoder.java:478)
	at io.netty.handler.codec.ByteToMessageDecoder.channelRead(ByteToMessageDecoder.java:276)
	at io.netty.channel.AbstractChannelHandlerContext.invokeChannelRead(AbstractChannelHandlerContext.java:379)
	at io.netty.channel.AbstractChannelHandlerContext.invokeChannelRead(AbstractChannelHandlerContext.java:365)
	at io.netty.channel.AbstractChannelHandlerContext.fireChannelRead(AbstractChannelHandlerContext.java:357)
	at io.netty.channel.DefaultChannelPipeline$HeadContext.channelRead(DefaultChannelPipeline.java:1410)
	at io.netty.channel.AbstractChannelHandlerContext.invokeChannelRead(AbstractChannelHandlerContext.java:379)
	at io.netty.channel.AbstractChannelHandlerContext.invokeChannelRead(AbstractChannelHandlerContext.java:365)
	at io.netty.channel.DefaultChannelPipeline.fireChannelRead(DefaultChannelPipeline.java:919)
	at io.netty.channel.nio.AbstractNioByteChannel$NioByteUnsafe.read(AbstractNioByteChannel.java:166)
	at io.netty.channel.nio.NioEventLoop.processSelectedKey(NioEventLoop.java:719)
	at io.netty.channel.nio.NioEventLoop.processSelectedKeysOptimized(NioEventLoop.java:655)
	at io.netty.channel.nio.NioEventLoop.processSelectedKeys(NioEventLoop.java:581)
	at io.netty.channel.nio.NioEventLoop.run(NioEventLoop.java:493)
	at io.netty.util.concurrent.SingleThreadEventExecutor$4.run(SingleThreadEventExecutor.java:989)
	at io.netty.util.internal.ThreadExecutorMap$2.run(ThreadExecutorMap.java:74)
	at io.netty.util.concurrent.FastThreadLocalRunnable.run(FastThreadLocalRunnable.java:30)
	at java.lang.Thread.run(Thread.java:745)
Caused by: java.lang.IllegalArgumentException: Cannot support TLS_ECDHE_ECDSA_WITH_AES_256_CBC_SHA384 with currently installed providers
	at sun.security.ssl.CipherSuiteList.<init>(CipherSuiteList.java:92)
	at sun.security.ssl.SSLEngineImpl.setEnabledCipherSuites(SSLEngineImpl.java:2038)
	at io.netty.handler.ssl.JdkSslContext.configureAndWrapEngine(JdkSslContext.java:341)
	at io.netty.handler.ssl.JdkSslContext.newEngine(JdkSslContext.java:331)
	at io.netty.handler.ssl.SslContext.newHandler(SslContext.java:956)
	at io.netty.handler.ssl.SslContext.newHandler(SslContext.java:948)
	at io.netty.handler.ssl.OptionalSslHandler.newSslHandler(OptionalSslHandler.java:97)
	at org.apache.zookeeper.server.NettyServerCnxnFactory$DualModeSslHandler.newSslHandler(NettyServerCnxnFactory.java:171)
	at io.netty.handler.ssl.OptionalSslHandler.handleSsl(OptionalSslHandler.java:57)
	at io.netty.handler.ssl.OptionalSslHandler.decode(OptionalSslHandler.java:48)
	at org.apache.zookeeper.server.NettyServerCnxnFactory$DualModeSslHandler.decode(NettyServerCnxnFactory.java:142)
	at io.netty.handler.codec.ByteToMessageDecoder.decodeRemovalReentryProtection(ByteToMessageDecoder.java:508)
	at io.netty.handler.codec.ByteToMessageDecoder.callDecode(ByteToMessageDecoder.java:447)
	... 17 more
2021-11-08 11:20:41,080 [myid:0] - WARN  [nioEventLoopGroup-29-5:NettyServerCnxnFactory$CnxnChannelHandler@293] - Exception caught
io.netty.handler.codec.DecoderException: java.lang.NullPointerException
	at io.netty.handler.codec.ByteToMessageDecoder.callDecode(ByteToMessageDecoder.java:478)
	at io.netty.handler.codec.ByteToMessageDecoder.channelInputClosed(ByteToMessageDecoder.java:404)
	at io.netty.handler.codec.ByteToMessageDecoder.channelInputClosed(ByteToMessageDecoder.java:371)
	at io.netty.handler.codec.ByteToMessageDecoder.channelInactive(ByteToMessageDecoder.java:354)
	at io.netty.channel.AbstractChannelHandlerContext.invokeChannelInactive(AbstractChannelHandlerContext.java:262)
	at io.netty.channel.AbstractChannelHandlerContext.invokeChannelInactive(AbstractChannelHandlerContext.java:248)
	at io.netty.channel.AbstractChannelHandlerContext.fireChannelInactive(AbstractChannelHandlerContext.java:241)
	at io.netty.channel.DefaultChannelPipeline$HeadContext.channelInactive(DefaultChannelPipeline.java:1405)
	at io.netty.channel.AbstractChannelHandlerContext.invokeChannelInactive(AbstractChannelHandlerContext.java:262)
	at io.netty.channel.AbstractChannelHandlerContext.invokeChannelInactive(AbstractChannelHandlerContext.java:248)
	at io.netty.channel.DefaultChannelPipeline.fireChannelInactive(DefaultChannelPipeline.java:901)
	at io.netty.channel.AbstractChannel$AbstractUnsafe$8.run(AbstractChannel.java:819)
	at io.netty.util.concurrent.AbstractEventExecutor.safeExecute(AbstractEventExecutor.java:164)
	at io.netty.util.concurrent.SingleThreadEventExecutor.runAllTasks(SingleThreadEventExecutor.java:472)
	at io.netty.channel.nio.NioEventLoop.run(NioEventLoop.java:497)
	at io.netty.util.concurrent.SingleThreadEventExecutor$4.run(SingleThreadEventExecutor.java:989)
	at io.netty.util.internal.ThreadExecutorMap$2.run(ThreadExecutorMap.java:74)
	at io.netty.util.concurrent.FastThreadLocalRunnable.run(FastThreadLocalRunnable.java:30)
	at java.lang.Thread.run(Thread.java:745)
Caused by: java.lang.NullPointerException
	at java.util.Objects.requireNonNull(Objects.java:203)
	at org.apache.zookeeper.server.NettyServerCnxnFactory$DualModeSslHandler.newSslHandler(NettyServerCnxnFactory.java:169)
	at io.netty.handler.ssl.OptionalSslHandler.handleSsl(OptionalSslHandler.java:57)
	at io.netty.handler.ssl.OptionalSslHandler.decode(OptionalSslHandler.java:48)
	at org.apache.zookeeper.server.NettyServerCnxnFactory$DualModeSslHandler.decode(NettyServerCnxnFactory.java:142)
	at io.netty.handler.codec.ByteToMessageDecoder.decodeRemovalReentryProtection(ByteToMessageDecoder.java:508)
	at io.netty.handler.codec.ByteToMessageDecoder.callDecode(ByteToMessageDecoder.java:447)
	... 18 more
2021-11-08 11:20:41,080 [myid:127.0.0.1:27393] - INFO  [nioEventLoopGroup-34-1:ClientCnxnSocketNetty$ZKClientHandler@469] - channel is disconnected: [id: 0x50bb3ac8, L:/127.0.0.1:14683 ! R:xmind.net/127.0.0.1:27393]
2021-11-08 11:20:41,080 [myid:127.0.0.1:27393] - INFO  [nioEventLoopGroup-34-1:ClientCnxnSocketNetty@249] - channel is told closing
2021-11-08 11:20:41,080 [myid:127.0.0.1:27393] - WARN  [main-SendThread(127.0.0.1:27393):ClientCnxn$SendThread@1290] - Session 0x0 for sever xmind.net/127.0.0.1:27393, Closing socket connection. Attempting reconnect except it is a SessionExpiredException.
EndOfStreamException: channel for sessionid 0x0 is lost
	at org.apache.zookeeper.ClientCnxnSocketNetty.doTransport(ClientCnxnSocketNetty.java:285)
	at org.apache.zookeeper.ClientCnxn$SendThread.run(ClientCnxn.java:1280)
2021-11-08 11:20:41,163 [myid:127.0.0.1:27392] - WARN  [nioEventLoopGroup-21-1:ClientCnxnSocketNetty$1@150] - future isn't success.
io.netty.channel.AbstractChannel$AnnotatedConnectException: Connection refused: no further information: xmind.net/127.0.0.1:27392
Caused by: java.net.ConnectException: Connection refused: no further information
	at sun.nio.ch.SocketChannelImpl.checkConnect(Native Method)
	at sun.nio.ch.SocketChannelImpl.finishConnect(SocketChannelImpl.java:716)
	at io.netty.channel.socket.nio.NioSocketChannel.doFinishConnect(NioSocketChannel.java:330)
	at io.netty.channel.nio.AbstractNioChannel$AbstractNioUnsafe.finishConnect(AbstractNioChannel.java:334)
	at io.netty.channel.nio.NioEventLoop.processSelectedKey(NioEventLoop.java:707)
	at io.netty.channel.nio.NioEventLoop.processSelectedKeysOptimized(NioEventLoop.java:655)
	at io.netty.channel.nio.NioEventLoop.processSelectedKeys(NioEventLoop.java:581)
	at io.netty.channel.nio.NioEventLoop.run(NioEventLoop.java:493)
	at io.netty.util.concurrent.SingleThreadEventExecutor$4.run(SingleThreadEventExecutor.java:989)
	at io.netty.util.internal.ThreadExecutorMap$2.run(ThreadExecutorMap.java:74)
	at io.netty.util.concurrent.FastThreadLocalRunnable.run(FastThreadLocalRunnable.java:30)
	at java.lang.Thread.run(Thread.java:745)
2021-11-08 11:20:42,165 [myid:127.0.0.1:27392] - INFO  [main-SendThread(127.0.0.1:27392):ClientCnxn$SendThread@1171] - Opening socket connection to server xmind.net/127.0.0.1:27392.
2021-11-08 11:20:42,165 [myid:127.0.0.1:27392] - INFO  [main-SendThread(127.0.0.1:27392):ClientCnxn$SendThread@1173] - SASL config status: Will not attempt to authenticate using SASL (unknown error)
2021-11-08 11:20:42,167 [myid:127.0.0.1:27392] - INFO  [nioEventLoopGroup-21-1:ClientCnxnSocketNetty$ZKClientPipelineFactory@454] - SSL handler added for channel: [id: 0x50e37975]
2021-11-08 11:20:42,406 [myid:127.0.0.1:27381] - INFO  [main-SendThread(127.0.0.1:27381):ClientCnxn$SendThread@1171] - Opening socket connection to server xmind.net/127.0.0.1:27381.
2021-11-08 11:20:42,406 [myid:127.0.0.1:27381] - INFO  [main-SendThread(127.0.0.1:27381):ClientCnxn$SendThread@1173] - SASL config status: Will not attempt to authenticate using SASL (unknown error)
2021-11-08 11:20:42,407 [myid:127.0.0.1:27381] - INFO  [nioEventLoopGroup-20-1:ClientCnxnSocketNetty$ZKClientPipelineFactory@454] - SSL handler added for channel: [id: 0x0768315f]
2021-11-08 11:20:42,407 [myid:127.0.0.1:27381] - INFO  [nioEventLoopGroup-20-1:ClientCnxn$SendThread@1005] - Socket connection established, initiating session, client: /127.0.0.1:14710, server: xmind.net/127.0.0.1:27381
2021-11-08 11:20:42,408 [myid:127.0.0.1:27381] - INFO  [nioEventLoopGroup-20-1:ClientCnxnSocketNetty$1@184] - channel is connected: [id: 0x0768315f, L:/127.0.0.1:14710 - R:xmind.net/127.0.0.1:27381]
2021-11-08 11:20:42,408 [myid:0] - WARN  [nioEventLoopGroup-17-3:ChannelInitializer@97] - Failed to initialize a channel. Closing: [id: 0xdcc04e21, L:/127.0.0.1:27381 - R:/127.0.0.1:14710]
java.lang.IllegalArgumentException: Cannot support TLS_ECDHE_ECDSA_WITH_AES_256_CBC_SHA384 with currently installed providers
	at sun.security.ssl.CipherSuiteList.<init>(CipherSuiteList.java:92)
	at sun.security.ssl.SSLEngineImpl.setEnabledCipherSuites(SSLEngineImpl.java:2038)
	at io.netty.handler.ssl.JdkSslContext.configureAndWrapEngine(JdkSslContext.java:341)
	at io.netty.handler.ssl.JdkSslContext.newEngine(JdkSslContext.java:331)
	at io.netty.handler.ssl.SslContext.newHandler(SslContext.java:956)
	at io.netty.handler.ssl.SslContext.newHandler(SslContext.java:948)
	at org.apache.zookeeper.server.NettyServerCnxnFactory.initSSL(NettyServerCnxnFactory.java:575)
	at org.apache.zookeeper.server.NettyServerCnxnFactory.access$1300(NettyServerCnxnFactory.java:80)
	at org.apache.zookeeper.server.NettyServerCnxnFactory$1.initChannel(NettyServerCnxnFactory.java:540)
	at org.apache.zookeeper.server.NettyServerCnxnFactory$1.initChannel(NettyServerCnxnFactory.java:532)
	at io.netty.channel.ChannelInitializer.initChannel(ChannelInitializer.java:129)
	at io.netty.channel.ChannelInitializer.handlerAdded(ChannelInitializer.java:112)
	at io.netty.channel.AbstractChannelHandlerContext.callHandlerAdded(AbstractChannelHandlerContext.java:938)
	at io.netty.channel.DefaultChannelPipeline.callHandlerAdded0(DefaultChannelPipeline.java:609)
	at io.netty.channel.DefaultChannelPipeline.access$100(DefaultChannelPipeline.java:46)
	at io.netty.channel.DefaultChannelPipeline$PendingHandlerAddedTask.execute(DefaultChannelPipeline.java:1463)
	at io.netty.channel.DefaultChannelPipeline.callHandlerAddedForAllHandlers(DefaultChannelPipeline.java:1115)
	at io.netty.channel.DefaultChannelPipeline.invokeHandlerAddedIfNeeded(DefaultChannelPipeline.java:650)
	at io.netty.channel.AbstractChannel$AbstractUnsafe.register0(AbstractChannel.java:502)
	at io.netty.channel.AbstractChannel$AbstractUnsafe.access$200(AbstractChannel.java:417)
	at io.netty.channel.AbstractChannel$AbstractUnsafe$1.run(AbstractChannel.java:474)
	at io.netty.util.concurrent.AbstractEventExecutor.safeExecute(AbstractEventExecutor.java:164)
	at io.netty.util.concurrent.SingleThreadEventExecutor.runAllTasks(SingleThreadEventExecutor.java:472)
	at io.netty.channel.nio.NioEventLoop.run(NioEventLoop.java:500)
	at io.netty.util.concurrent.SingleThreadEventExecutor$4.run(SingleThreadEventExecutor.java:989)
	at io.netty.util.internal.ThreadExecutorMap$2.run(ThreadExecutorMap.java:74)
	at io.netty.util.concurrent.FastThreadLocalRunnable.run(FastThreadLocalRunnable.java:30)
	at java.lang.Thread.run(Thread.java:745)
2021-11-08 11:20:42,408 [myid:127.0.0.1:27381] - INFO  [nioEventLoopGroup-20-1:ClientCnxnSocketNetty$ZKClientHandler@469] - channel is disconnected: [id: 0x0768315f, L:/127.0.0.1:14710 ! R:xmind.net/127.0.0.1:27381]
2021-11-08 11:20:42,408 [myid:127.0.0.1:27381] - INFO  [nioEventLoopGroup-20-1:ClientCnxnSocketNetty@249] - channel is told closing
2021-11-08 11:20:42,408 [myid:127.0.0.1:27381] - WARN  [main-SendThread(127.0.0.1:27381):ClientCnxn$SendThread@1290] - Session 0x0 for sever xmind.net/127.0.0.1:27381, Closing socket connection. Attempting reconnect except it is a SessionExpiredException.
EndOfStreamException: channel for sessionid 0x0 is lost
	at org.apache.zookeeper.ClientCnxnSocketNetty.doTransport(ClientCnxnSocketNetty.java:285)
	at org.apache.zookeeper.ClientCnxn$SendThread.run(ClientCnxn.java:1280)
2021-11-08 11:20:42,748 [myid:127.0.0.1:27393] - INFO  [main-SendThread(127.0.0.1:27393):ClientCnxn$SendThread@1171] - Opening socket connection to server xmind.net/127.0.0.1:27393.
2021-11-08 11:20:42,748 [myid:127.0.0.1:27393] - INFO  [main-SendThread(127.0.0.1:27393):ClientCnxn$SendThread@1173] - SASL config status: Will not attempt to authenticate using SASL (unknown error)
2021-11-08 11:20:42,749 [myid:127.0.0.1:27393] - INFO  [nioEventLoopGroup-34-1:ClientCnxnSocketNetty$ZKClientPipelineFactory@454] - SSL handler added for channel: [id: 0x730ebadf]
2021-11-08 11:20:42,749 [myid:127.0.0.1:27393] - INFO  [nioEventLoopGroup-34-1:ClientCnxn$SendThread@1005] - Socket connection established, initiating session, client: /127.0.0.1:14713, server: xmind.net/127.0.0.1:27393
2021-11-08 11:20:42,749 [myid:127.0.0.1:27393] - INFO  [nioEventLoopGroup-34-1:ClientCnxnSocketNetty$1@184] - channel is connected: [id: 0x730ebadf, L:/127.0.0.1:14713 - R:xmind.net/127.0.0.1:27393]
2021-11-08 11:20:42,750 [myid:0] - WARN  [nioEventLoopGroup-29-6:NettyServerCnxnFactory$CnxnChannelHandler@293] - Exception caught
io.netty.handler.codec.DecoderException: java.lang.IllegalArgumentException: Cannot support TLS_ECDHE_ECDSA_WITH_AES_256_CBC_SHA384 with currently installed providers
	at io.netty.handler.codec.ByteToMessageDecoder.callDecode(ByteToMessageDecoder.java:478)
	at io.netty.handler.codec.ByteToMessageDecoder.channelRead(ByteToMessageDecoder.java:276)
	at io.netty.channel.AbstractChannelHandlerContext.invokeChannelRead(AbstractChannelHandlerContext.java:379)
	at io.netty.channel.AbstractChannelHandlerContext.invokeChannelRead(AbstractChannelHandlerContext.java:365)
	at io.netty.channel.AbstractChannelHandlerContext.fireChannelRead(AbstractChannelHandlerContext.java:357)
	at io.netty.channel.DefaultChannelPipeline$HeadContext.channelRead(DefaultChannelPipeline.java:1410)
	at io.netty.channel.AbstractChannelHandlerContext.invokeChannelRead(AbstractChannelHandlerContext.java:379)
	at io.netty.channel.AbstractChannelHandlerContext.invokeChannelRead(AbstractChannelHandlerContext.java:365)
	at io.netty.channel.DefaultChannelPipeline.fireChannelRead(DefaultChannelPipeline.java:919)
	at io.netty.channel.nio.AbstractNioByteChannel$NioByteUnsafe.read(AbstractNioByteChannel.java:166)
	at io.netty.channel.nio.NioEventLoop.processSelectedKey(NioEventLoop.java:719)
	at io.netty.channel.nio.NioEventLoop.processSelectedKeysOptimized(NioEventLoop.java:655)
	at io.netty.channel.nio.NioEventLoop.processSelectedKeys(NioEventLoop.java:581)
	at io.netty.channel.nio.NioEventLoop.run(NioEventLoop.java:493)
	at io.netty.util.concurrent.SingleThreadEventExecutor$4.run(SingleThreadEventExecutor.java:989)
	at io.netty.util.internal.ThreadExecutorMap$2.run(ThreadExecutorMap.java:74)
	at io.netty.util.concurrent.FastThreadLocalRunnable.run(FastThreadLocalRunnable.java:30)
	at java.lang.Thread.run(Thread.java:745)
Caused by: java.lang.IllegalArgumentException: Cannot support TLS_ECDHE_ECDSA_WITH_AES_256_CBC_SHA384 with currently installed providers
	at sun.security.ssl.CipherSuiteList.<init>(CipherSuiteList.java:92)
	at sun.security.ssl.SSLEngineImpl.setEnabledCipherSuites(SSLEngineImpl.java:2038)
	at io.netty.handler.ssl.JdkSslContext.configureAndWrapEngine(JdkSslContext.java:341)
	at io.netty.handler.ssl.JdkSslContext.newEngine(JdkSslContext.java:331)
	at io.netty.handler.ssl.SslContext.newHandler(SslContext.java:956)
	at io.netty.handler.ssl.SslContext.newHandler(SslContext.java:948)
	at io.netty.handler.ssl.OptionalSslHandler.newSslHandler(OptionalSslHandler.java:97)
	at org.apache.zookeeper.server.NettyServerCnxnFactory$DualModeSslHandler.newSslHandler(NettyServerCnxnFactory.java:171)
	at io.netty.handler.ssl.OptionalSslHandler.handleSsl(OptionalSslHandler.java:57)
	at io.netty.handler.ssl.OptionalSslHandler.decode(OptionalSslHandler.java:48)
	at org.apache.zookeeper.server.NettyServerCnxnFactory$DualModeSslHandler.decode(NettyServerCnxnFactory.java:142)
	at io.netty.handler.codec.ByteToMessageDecoder.decodeRemovalReentryProtection(ByteToMessageDecoder.java:508)
	at io.netty.handler.codec.ByteToMessageDecoder.callDecode(ByteToMessageDecoder.java:447)
	... 17 more
2021-11-08 11:20:42,751 [myid:0] - WARN  [nioEventLoopGroup-29-6:NettyServerCnxnFactory$CnxnChannelHandler@293] - Exception caught
io.netty.handler.codec.DecoderException: java.lang.NullPointerException
	at io.netty.handler.codec.ByteToMessageDecoder.callDecode(ByteToMessageDecoder.java:478)
	at io.netty.handler.codec.ByteToMessageDecoder.channelInputClosed(ByteToMessageDecoder.java:404)
	at io.netty.handler.codec.ByteToMessageDecoder.channelInputClosed(ByteToMessageDecoder.java:371)
	at io.netty.handler.codec.ByteToMessageDecoder.channelInactive(ByteToMessageDecoder.java:354)
	at io.netty.channel.AbstractChannelHandlerContext.invokeChannelInactive(AbstractChannelHandlerContext.java:262)
	at io.netty.channel.AbstractChannelHandlerContext.invokeChannelInactive(AbstractChannelHandlerContext.java:248)
	at io.netty.channel.AbstractChannelHandlerContext.fireChannelInactive(AbstractChannelHandlerContext.java:241)
	at io.netty.channel.DefaultChannelPipeline$HeadContext.channelInactive(DefaultChannelPipeline.java:1405)
	at io.netty.channel.AbstractChannelHandlerContext.invokeChannelInactive(AbstractChannelHandlerContext.java:262)
	at io.netty.channel.AbstractChannelHandlerContext.invokeChannelInactive(AbstractChannelHandlerContext.java:248)
	at io.netty.channel.DefaultChannelPipeline.fireChannelInactive(DefaultChannelPipeline.java:901)
	at io.netty.channel.AbstractChannel$AbstractUnsafe$8.run(AbstractChannel.java:819)
	at io.netty.util.concurrent.AbstractEventExecutor.safeExecute(AbstractEventExecutor.java:164)
	at io.netty.util.concurrent.SingleThreadEventExecutor.runAllTasks(SingleThreadEventExecutor.java:472)
	at io.netty.channel.nio.NioEventLoop.run(NioEventLoop.java:497)
	at io.netty.util.concurrent.SingleThreadEventExecutor$4.run(SingleThreadEventExecutor.java:989)
	at io.netty.util.internal.ThreadExecutorMap$2.run(ThreadExecutorMap.java:74)
	at io.netty.util.concurrent.FastThreadLocalRunnable.run(FastThreadLocalRunnable.java:30)
	at java.lang.Thread.run(Thread.java:745)
Caused by: java.lang.NullPointerException
	at java.util.Objects.requireNonNull(Objects.java:203)
	at org.apache.zookeeper.server.NettyServerCnxnFactory$DualModeSslHandler.newSslHandler(NettyServerCnxnFactory.java:169)
	at io.netty.handler.ssl.OptionalSslHandler.handleSsl(OptionalSslHandler.java:57)
	at io.netty.handler.ssl.OptionalSslHandler.decode(OptionalSslHandler.java:48)
	at org.apache.zookeeper.server.NettyServerCnxnFactory$DualModeSslHandler.decode(NettyServerCnxnFactory.java:142)
	at io.netty.handler.codec.ByteToMessageDecoder.decodeRemovalReentryProtection(ByteToMessageDecoder.java:508)
	at io.netty.handler.codec.ByteToMessageDecoder.callDecode(ByteToMessageDecoder.java:447)
	... 18 more
2021-11-08 11:20:42,751 [myid:127.0.0.1:27393] - INFO  [nioEventLoopGroup-34-1:ClientCnxnSocketNetty$ZKClientHandler@469] - channel is disconnected: [id: 0x730ebadf, L:/127.0.0.1:14713 ! R:xmind.net/127.0.0.1:27393]
2021-11-08 11:20:42,751 [myid:127.0.0.1:27393] - INFO  [nioEventLoopGroup-34-1:ClientCnxnSocketNetty@249] - channel is told closing
2021-11-08 11:20:42,751 [myid:127.0.0.1:27393] - WARN  [main-SendThread(127.0.0.1:27393):ClientCnxn$SendThread@1290] - Session 0x0 for sever xmind.net/127.0.0.1:27393, Closing socket connection. Attempting reconnect except it is a SessionExpiredException.
EndOfStreamException: channel for sessionid 0x0 is lost
	at org.apache.zookeeper.ClientCnxnSocketNetty.doTransport(ClientCnxnSocketNetty.java:285)
	at org.apache.zookeeper.ClientCnxn$SendThread.run(ClientCnxn.java:1280)
2021-11-08 11:20:43,504 [myid:127.0.0.1:27381] - INFO  [main-SendThread(127.0.0.1:27381):ClientCnxn$SendThread@1171] - Opening socket connection to server xmind.net/127.0.0.1:27381.
2021-11-08 11:20:43,504 [myid:127.0.0.1:27381] - INFO  [main-SendThread(127.0.0.1:27381):ClientCnxn$SendThread@1173] - SASL config status: Will not attempt to authenticate using SASL (unknown error)
2021-11-08 11:20:43,505 [myid:127.0.0.1:27381] - INFO  [nioEventLoopGroup-20-1:ClientCnxnSocketNetty$ZKClientPipelineFactory@454] - SSL handler added for channel: [id: 0x0acdf463]
2021-11-08 11:20:43,506 [myid:127.0.0.1:27381] - INFO  [nioEventLoopGroup-20-1:ClientCnxn$SendThread@1005] - Socket connection established, initiating session, client: /127.0.0.1:14718, server: xmind.net/127.0.0.1:27381
2021-11-08 11:20:43,506 [myid:127.0.0.1:27381] - INFO  [nioEventLoopGroup-20-1:ClientCnxnSocketNetty$1@184] - channel is connected: [id: 0x0acdf463, L:/127.0.0.1:14718 - R:xmind.net/127.0.0.1:27381]
2021-11-08 11:20:43,506 [myid:0] - WARN  [nioEventLoopGroup-17-4:ChannelInitializer@97] - Failed to initialize a channel. Closing: [id: 0xd690df18, L:/127.0.0.1:27381 - R:/127.0.0.1:14718]
java.lang.IllegalArgumentException: Cannot support TLS_ECDHE_ECDSA_WITH_AES_256_CBC_SHA384 with currently installed providers
	at sun.security.ssl.CipherSuiteList.<init>(CipherSuiteList.java:92)
	at sun.security.ssl.SSLEngineImpl.setEnabledCipherSuites(SSLEngineImpl.java:2038)
	at io.netty.handler.ssl.JdkSslContext.configureAndWrapEngine(JdkSslContext.java:341)
	at io.netty.handler.ssl.JdkSslContext.newEngine(JdkSslContext.java:331)
	at io.netty.handler.ssl.SslContext.newHandler(SslContext.java:956)
	at io.netty.handler.ssl.SslContext.newHandler(SslContext.java:948)
	at org.apache.zookeeper.server.NettyServerCnxnFactory.initSSL(NettyServerCnxnFactory.java:575)
	at org.apache.zookeeper.server.NettyServerCnxnFactory.access$1300(NettyServerCnxnFactory.java:80)
	at org.apache.zookeeper.server.NettyServerCnxnFactory$1.initChannel(NettyServerCnxnFactory.java:540)
	at org.apache.zookeeper.server.NettyServerCnxnFactory$1.initChannel(NettyServerCnxnFactory.java:532)
	at io.netty.channel.ChannelInitializer.initChannel(ChannelInitializer.java:129)
	at io.netty.channel.ChannelInitializer.handlerAdded(ChannelInitializer.java:112)
	at io.netty.channel.AbstractChannelHandlerContext.callHandlerAdded(AbstractChannelHandlerContext.java:938)
	at io.netty.channel.DefaultChannelPipeline.callHandlerAdded0(DefaultChannelPipeline.java:609)
	at io.netty.channel.DefaultChannelPipeline.access$100(DefaultChannelPipeline.java:46)
	at io.netty.channel.DefaultChannelPipeline$PendingHandlerAddedTask.execute(DefaultChannelPipeline.java:1463)
	at io.netty.channel.DefaultChannelPipeline.callHandlerAddedForAllHandlers(DefaultChannelPipeline.java:1115)
	at io.netty.channel.DefaultChannelPipeline.invokeHandlerAddedIfNeeded(DefaultChannelPipeline.java:650)
	at io.netty.channel.AbstractChannel$AbstractUnsafe.register0(AbstractChannel.java:502)
	at io.netty.channel.AbstractChannel$AbstractUnsafe.access$200(AbstractChannel.java:417)
	at io.netty.channel.AbstractChannel$AbstractUnsafe$1.run(AbstractChannel.java:474)
	at io.netty.util.concurrent.AbstractEventExecutor.safeExecute(AbstractEventExecutor.java:164)
	at io.netty.util.concurrent.SingleThreadEventExecutor.runAllTasks(SingleThreadEventExecutor.java:472)
	at io.netty.channel.nio.NioEventLoop.run(NioEventLoop.java:500)
	at io.netty.util.concurrent.SingleThreadEventExecutor$4.run(SingleThreadEventExecutor.java:989)
	at io.netty.util.internal.ThreadExecutorMap$2.run(ThreadExecutorMap.java:74)
	at io.netty.util.concurrent.FastThreadLocalRunnable.run(FastThreadLocalRunnable.java:30)
	at java.lang.Thread.run(Thread.java:745)
2021-11-08 11:20:43,507 [myid:127.0.0.1:27381] - INFO  [nioEventLoopGroup-20-1:ClientCnxnSocketNetty$ZKClientHandler@469] - channel is disconnected: [id: 0x0acdf463, L:/127.0.0.1:14718 ! R:xmind.net/127.0.0.1:27381]
2021-11-08 11:20:43,507 [myid:127.0.0.1:27381] - INFO  [nioEventLoopGroup-20-1:ClientCnxnSocketNetty@249] - channel is told closing
2021-11-08 11:20:43,507 [myid:127.0.0.1:27381] - WARN  [main-SendThread(127.0.0.1:27381):ClientCnxn$SendThread@1290] - Session 0x0 for sever xmind.net/127.0.0.1:27381, Closing socket connection. Attempting reconnect except it is a SessionExpiredException.
EndOfStreamException: channel for sessionid 0x0 is lost
	at org.apache.zookeeper.ClientCnxnSocketNetty.doTransport(ClientCnxnSocketNetty.java:285)
	at org.apache.zookeeper.ClientCnxn$SendThread.run(ClientCnxn.java:1280)
2021-11-08 11:20:44,198 [myid:127.0.0.1:27393] - INFO  [main-SendThread(127.0.0.1:27393):ClientCnxn$SendThread@1171] - Opening socket connection to server xmind.net/127.0.0.1:27393.
2021-11-08 11:20:44,198 [myid:127.0.0.1:27393] - INFO  [main-SendThread(127.0.0.1:27393):ClientCnxn$SendThread@1173] - SASL config status: Will not attempt to authenticate using SASL (unknown error)
2021-11-08 11:20:44,200 [myid:127.0.0.1:27393] - INFO  [nioEventLoopGroup-34-1:ClientCnxnSocketNetty$ZKClientPipelineFactory@454] - SSL handler added for channel: [id: 0xef673c86]
2021-11-08 11:20:44,200 [myid:127.0.0.1:27393] - INFO  [nioEventLoopGroup-34-1:ClientCnxn$SendThread@1005] - Socket connection established, initiating session, client: /127.0.0.1:14720, server: xmind.net/127.0.0.1:27393
2021-11-08 11:20:44,200 [myid:127.0.0.1:27393] - INFO  [nioEventLoopGroup-34-1:ClientCnxnSocketNetty$1@184] - channel is connected: [id: 0xef673c86, L:/127.0.0.1:14720 - R:xmind.net/127.0.0.1:27393]
2021-11-08 11:20:44,201 [myid:0] - WARN  [nioEventLoopGroup-29-7:NettyServerCnxnFactory$CnxnChannelHandler@293] - Exception caught
io.netty.handler.codec.DecoderException: java.lang.IllegalArgumentException: Cannot support TLS_ECDHE_ECDSA_WITH_AES_256_CBC_SHA384 with currently installed providers
	at io.netty.handler.codec.ByteToMessageDecoder.callDecode(ByteToMessageDecoder.java:478)
	at io.netty.handler.codec.ByteToMessageDecoder.channelRead(ByteToMessageDecoder.java:276)
	at io.netty.channel.AbstractChannelHandlerContext.invokeChannelRead(AbstractChannelHandlerContext.java:379)
	at io.netty.channel.AbstractChannelHandlerContext.invokeChannelRead(AbstractChannelHandlerContext.java:365)
	at io.netty.channel.AbstractChannelHandlerContext.fireChannelRead(AbstractChannelHandlerContext.java:357)
	at io.netty.channel.DefaultChannelPipeline$HeadContext.channelRead(DefaultChannelPipeline.java:1410)
	at io.netty.channel.AbstractChannelHandlerContext.invokeChannelRead(AbstractChannelHandlerContext.java:379)
	at io.netty.channel.AbstractChannelHandlerContext.invokeChannelRead(AbstractChannelHandlerContext.java:365)
	at io.netty.channel.DefaultChannelPipeline.fireChannelRead(DefaultChannelPipeline.java:919)
	at io.netty.channel.nio.AbstractNioByteChannel$NioByteUnsafe.read(AbstractNioByteChannel.java:166)
	at io.netty.channel.nio.NioEventLoop.processSelectedKey(NioEventLoop.java:719)
	at io.netty.channel.nio.NioEventLoop.processSelectedKeysOptimized(NioEventLoop.java:655)
	at io.netty.channel.nio.NioEventLoop.processSelectedKeys(NioEventLoop.java:581)
	at io.netty.channel.nio.NioEventLoop.run(NioEventLoop.java:493)
	at io.netty.util.concurrent.SingleThreadEventExecutor$4.run(SingleThreadEventExecutor.java:989)
	at io.netty.util.internal.ThreadExecutorMap$2.run(ThreadExecutorMap.java:74)
	at io.netty.util.concurrent.FastThreadLocalRunnable.run(FastThreadLocalRunnable.java:30)
	at java.lang.Thread.run(Thread.java:745)
Caused by: java.lang.IllegalArgumentException: Cannot support TLS_ECDHE_ECDSA_WITH_AES_256_CBC_SHA384 with currently installed providers
	at sun.security.ssl.CipherSuiteList.<init>(CipherSuiteList.java:92)
	at sun.security.ssl.SSLEngineImpl.setEnabledCipherSuites(SSLEngineImpl.java:2038)
	at io.netty.handler.ssl.JdkSslContext.configureAndWrapEngine(JdkSslContext.java:341)
	at io.netty.handler.ssl.JdkSslContext.newEngine(JdkSslContext.java:331)
	at io.netty.handler.ssl.SslContext.newHandler(SslContext.java:956)
	at io.netty.handler.ssl.SslContext.newHandler(SslContext.java:948)
	at io.netty.handler.ssl.OptionalSslHandler.newSslHandler(OptionalSslHandler.java:97)
	at org.apache.zookeeper.server.NettyServerCnxnFactory$DualModeSslHandler.newSslHandler(NettyServerCnxnFactory.java:171)
	at io.netty.handler.ssl.OptionalSslHandler.handleSsl(OptionalSslHandler.java:57)
	at io.netty.handler.ssl.OptionalSslHandler.decode(OptionalSslHandler.java:48)
	at org.apache.zookeeper.server.NettyServerCnxnFactory$DualModeSslHandler.decode(NettyServerCnxnFactory.java:142)
	at io.netty.handler.codec.ByteToMessageDecoder.decodeRemovalReentryProtection(ByteToMessageDecoder.java:508)
	at io.netty.handler.codec.ByteToMessageDecoder.callDecode(ByteToMessageDecoder.java:447)
	... 17 more
2021-11-08 11:20:44,202 [myid:0] - WARN  [nioEventLoopGroup-29-7:NettyServerCnxnFactory$CnxnChannelHandler@293] - Exception caught
io.netty.handler.codec.DecoderException: java.lang.NullPointerException
	at io.netty.handler.codec.ByteToMessageDecoder.callDecode(ByteToMessageDecoder.java:478)
	at io.netty.handler.codec.ByteToMessageDecoder.channelInputClosed(ByteToMessageDecoder.java:404)
	at io.netty.handler.codec.ByteToMessageDecoder.channelInputClosed(ByteToMessageDecoder.java:371)
	at io.netty.handler.codec.ByteToMessageDecoder.channelInactive(ByteToMessageDecoder.java:354)
	at io.netty.channel.AbstractChannelHandlerContext.invokeChannelInactive(AbstractChannelHandlerContext.java:262)
	at io.netty.channel.AbstractChannelHandlerContext.invokeChannelInactive(AbstractChannelHandlerContext.java:248)
	at io.netty.channel.AbstractChannelHandlerContext.fireChannelInactive(AbstractChannelHandlerContext.java:241)
	at io.netty.channel.DefaultChannelPipeline$HeadContext.channelInactive(DefaultChannelPipeline.java:1405)
	at io.netty.channel.AbstractChannelHandlerContext.invokeChannelInactive(AbstractChannelHandlerContext.java:262)
	at io.netty.channel.AbstractChannelHandlerContext.invokeChannelInactive(AbstractChannelHandlerContext.java:248)
	at io.netty.channel.DefaultChannelPipeline.fireChannelInactive(DefaultChannelPipeline.java:901)
	at io.netty.channel.AbstractChannel$AbstractUnsafe$8.run(AbstractChannel.java:819)
	at io.netty.util.concurrent.AbstractEventExecutor.safeExecute(AbstractEventExecutor.java:164)
	at io.netty.util.concurrent.SingleThreadEventExecutor.runAllTasks(SingleThreadEventExecutor.java:472)
	at io.netty.channel.nio.NioEventLoop.run(NioEventLoop.java:497)
	at io.netty.util.concurrent.SingleThreadEventExecutor$4.run(SingleThreadEventExecutor.java:989)
	at io.netty.util.internal.ThreadExecutorMap$2.run(ThreadExecutorMap.java:74)
	at io.netty.util.concurrent.FastThreadLocalRunnable.run(FastThreadLocalRunnable.java:30)
	at java.lang.Thread.run(Thread.java:745)
Caused by: java.lang.NullPointerException
	at java.util.Objects.requireNonNull(Objects.java:203)
	at org.apache.zookeeper.server.NettyServerCnxnFactory$DualModeSslHandler.newSslHandler(NettyServerCnxnFactory.java:169)
	at io.netty.handler.ssl.OptionalSslHandler.handleSsl(OptionalSslHandler.java:57)
	at io.netty.handler.ssl.OptionalSslHandler.decode(OptionalSslHandler.java:48)
	at org.apache.zookeeper.server.NettyServerCnxnFactory$DualModeSslHandler.decode(NettyServerCnxnFactory.java:142)
	at io.netty.handler.codec.ByteToMessageDecoder.decodeRemovalReentryProtection(ByteToMessageDecoder.java:508)
	at io.netty.handler.codec.ByteToMessageDecoder.callDecode(ByteToMessageDecoder.java:447)
	... 18 more
2021-11-08 11:20:44,202 [myid:127.0.0.1:27393] - INFO  [nioEventLoopGroup-34-1:ClientCnxnSocketNetty$ZKClientHandler@469] - channel is disconnected: [id: 0xef673c86, L:/127.0.0.1:14720 ! R:xmind.net/127.0.0.1:27393]
2021-11-08 11:20:44,202 [myid:127.0.0.1:27393] - INFO  [nioEventLoopGroup-34-1:ClientCnxnSocketNetty@249] - channel is told closing
2021-11-08 11:20:44,202 [myid:127.0.0.1:27393] - WARN  [main-SendThread(127.0.0.1:27393):ClientCnxn$SendThread@1290] - Session 0x0 for sever xmind.net/127.0.0.1:27393, Closing socket connection. Attempting reconnect except it is a SessionExpiredException.
EndOfStreamException: channel for sessionid 0x0 is lost
	at org.apache.zookeeper.ClientCnxnSocketNetty.doTransport(ClientCnxnSocketNetty.java:285)
	at org.apache.zookeeper.ClientCnxn$SendThread.run(ClientCnxn.java:1280)
2021-11-08 11:20:44,210 [myid:127.0.0.1:27392] - WARN  [nioEventLoopGroup-21-1:ClientCnxnSocketNetty$1@150] - future isn't success.
io.netty.channel.AbstractChannel$AnnotatedConnectException: Connection refused: no further information: xmind.net/127.0.0.1:27392
Caused by: java.net.ConnectException: Connection refused: no further information
	at sun.nio.ch.SocketChannelImpl.checkConnect(Native Method)
	at sun.nio.ch.SocketChannelImpl.finishConnect(SocketChannelImpl.java:716)
	at io.netty.channel.socket.nio.NioSocketChannel.doFinishConnect(NioSocketChannel.java:330)
	at io.netty.channel.nio.AbstractNioChannel$AbstractNioUnsafe.finishConnect(AbstractNioChannel.java:334)
	at io.netty.channel.nio.NioEventLoop.processSelectedKey(NioEventLoop.java:707)
	at io.netty.channel.nio.NioEventLoop.processSelectedKeysOptimized(NioEventLoop.java:655)
	at io.netty.channel.nio.NioEventLoop.processSelectedKeys(NioEventLoop.java:581)
	at io.netty.channel.nio.NioEventLoop.run(NioEventLoop.java:493)
	at io.netty.util.concurrent.SingleThreadEventExecutor$4.run(SingleThreadEventExecutor.java:989)
	at io.netty.util.internal.ThreadExecutorMap$2.run(ThreadExecutorMap.java:74)
	at io.netty.util.concurrent.FastThreadLocalRunnable.run(FastThreadLocalRunnable.java:30)
	at java.lang.Thread.run(Thread.java:745)
2021-11-08 11:20:44,791 [myid:127.0.0.1:27381] - INFO  [main-SendThread(127.0.0.1:27381):ClientCnxn$SendThread@1171] - Opening socket connection to server xmind.net/127.0.0.1:27381.
2021-11-08 11:20:44,791 [myid:127.0.0.1:27381] - INFO  [main-SendThread(127.0.0.1:27381):ClientCnxn$SendThread@1173] - SASL config status: Will not attempt to authenticate using SASL (unknown error)
2021-11-08 11:20:44,792 [myid:127.0.0.1:27381] - INFO  [nioEventLoopGroup-20-1:ClientCnxnSocketNetty$ZKClientPipelineFactory@454] - SSL handler added for channel: [id: 0xae4ecba3]
2021-11-08 11:20:44,793 [myid:127.0.0.1:27381] - INFO  [nioEventLoopGroup-20-1:ClientCnxn$SendThread@1005] - Socket connection established, initiating session, client: /127.0.0.1:14751, server: xmind.net/127.0.0.1:27381
2021-11-08 11:20:44,793 [myid:127.0.0.1:27381] - INFO  [nioEventLoopGroup-20-1:ClientCnxnSocketNetty$1@184] - channel is connected: [id: 0xae4ecba3, L:/127.0.0.1:14751 - R:xmind.net/127.0.0.1:27381]
2021-11-08 11:20:44,793 [myid:0] - WARN  [nioEventLoopGroup-17-5:ChannelInitializer@97] - Failed to initialize a channel. Closing: [id: 0xe2e2c6ea, L:/127.0.0.1:27381 - R:/127.0.0.1:14751]
java.lang.IllegalArgumentException: Cannot support TLS_ECDHE_ECDSA_WITH_AES_256_CBC_SHA384 with currently installed providers
	at sun.security.ssl.CipherSuiteList.<init>(CipherSuiteList.java:92)
	at sun.security.ssl.SSLEngineImpl.setEnabledCipherSuites(SSLEngineImpl.java:2038)
	at io.netty.handler.ssl.JdkSslContext.configureAndWrapEngine(JdkSslContext.java:341)
	at io.netty.handler.ssl.JdkSslContext.newEngine(JdkSslContext.java:331)
	at io.netty.handler.ssl.SslContext.newHandler(SslContext.java:956)
	at io.netty.handler.ssl.SslContext.newHandler(SslContext.java:948)
	at org.apache.zookeeper.server.NettyServerCnxnFactory.initSSL(NettyServerCnxnFactory.java:575)
	at org.apache.zookeeper.server.NettyServerCnxnFactory.access$1300(NettyServerCnxnFactory.java:80)
	at org.apache.zookeeper.server.NettyServerCnxnFactory$1.initChannel(NettyServerCnxnFactory.java:540)
	at org.apache.zookeeper.server.NettyServerCnxnFactory$1.initChannel(NettyServerCnxnFactory.java:532)
	at io.netty.channel.ChannelInitializer.initChannel(ChannelInitializer.java:129)
	at io.netty.channel.ChannelInitializer.handlerAdded(ChannelInitializer.java:112)
	at io.netty.channel.AbstractChannelHandlerContext.callHandlerAdded(AbstractChannelHandlerContext.java:938)
	at io.netty.channel.DefaultChannelPipeline.callHandlerAdded0(DefaultChannelPipeline.java:609)
	at io.netty.channel.DefaultChannelPipeline.access$100(DefaultChannelPipeline.java:46)
	at io.netty.channel.DefaultChannelPipeline$PendingHandlerAddedTask.execute(DefaultChannelPipeline.java:1463)
	at io.netty.channel.DefaultChannelPipeline.callHandlerAddedForAllHandlers(DefaultChannelPipeline.java:1115)
	at io.netty.channel.DefaultChannelPipeline.invokeHandlerAddedIfNeeded(DefaultChannelPipeline.java:650)
	at io.netty.channel.AbstractChannel$AbstractUnsafe.register0(AbstractChannel.java:502)
	at io.netty.channel.AbstractChannel$AbstractUnsafe.access$200(AbstractChannel.java:417)
	at io.netty.channel.AbstractChannel$AbstractUnsafe$1.run(AbstractChannel.java:474)
	at io.netty.util.concurrent.AbstractEventExecutor.safeExecute(AbstractEventExecutor.java:164)
	at io.netty.util.concurrent.SingleThreadEventExecutor.runAllTasks(SingleThreadEventExecutor.java:472)
	at io.netty.channel.nio.NioEventLoop.run(NioEventLoop.java:500)
	at io.netty.util.concurrent.SingleThreadEventExecutor$4.run(SingleThreadEventExecutor.java:989)
	at io.netty.util.internal.ThreadExecutorMap$2.run(ThreadExecutorMap.java:74)
	at io.netty.util.concurrent.FastThreadLocalRunnable.run(FastThreadLocalRunnable.java:30)
	at java.lang.Thread.run(Thread.java:745)
2021-11-08 11:20:44,793 [myid:127.0.0.1:27381] - INFO  [nioEventLoopGroup-20-1:ClientCnxnSocketNetty$ZKClientHandler@469] - channel is disconnected: [id: 0xae4ecba3, L:/127.0.0.1:14751 ! R:xmind.net/127.0.0.1:27381]
2021-11-08 11:20:44,794 [myid:127.0.0.1:27381] - INFO  [nioEventLoopGroup-20-1:ClientCnxnSocketNetty@249] - channel is told closing
2021-11-08 11:20:44,794 [myid:127.0.0.1:27381] - WARN  [main-SendThread(127.0.0.1:27381):ClientCnxn$SendThread@1290] - Session 0x0 for sever xmind.net/127.0.0.1:27381, Closing socket connection. Attempting reconnect except it is a SessionExpiredException.
EndOfStreamException: channel for sessionid 0x0 is lost
	at org.apache.zookeeper.ClientCnxnSocketNetty.doTransport(ClientCnxnSocketNetty.java:285)
	at org.apache.zookeeper.ClientCnxn$SendThread.run(ClientCnxn.java:1280)
2021-11-08 11:20:45,211 [myid:127.0.0.1:27392] - INFO  [main-SendThread(127.0.0.1:27392):ClientCnxn$SendThread@1171] - Opening socket connection to server xmind.net/127.0.0.1:27392.
2021-11-08 11:20:45,211 [myid:127.0.0.1:27392] - INFO  [main-SendThread(127.0.0.1:27392):ClientCnxn$SendThread@1173] - SASL config status: Will not attempt to authenticate using SASL (unknown error)
2021-11-08 11:20:45,212 [myid:127.0.0.1:27392] - INFO  [nioEventLoopGroup-21-1:ClientCnxnSocketNetty$ZKClientPipelineFactory@454] - SSL handler added for channel: [id: 0x3e8bd678]
2021-11-08 11:20:45,471 [myid:127.0.0.1:27393] - INFO  [main-SendThread(127.0.0.1:27393):ClientCnxn$SendThread@1171] - Opening socket connection to server xmind.net/127.0.0.1:27393.
2021-11-08 11:20:45,471 [myid:127.0.0.1:27393] - INFO  [main-SendThread(127.0.0.1:27393):ClientCnxn$SendThread@1173] - SASL config status: Will not attempt to authenticate using SASL (unknown error)
2021-11-08 11:20:45,472 [myid:127.0.0.1:27393] - INFO  [nioEventLoopGroup-34-1:ClientCnxnSocketNetty$ZKClientPipelineFactory@454] - SSL handler added for channel: [id: 0x0a34e789]
2021-11-08 11:20:45,472 [myid:127.0.0.1:27393] - INFO  [nioEventLoopGroup-34-1:ClientCnxn$SendThread@1005] - Socket connection established, initiating session, client: /127.0.0.1:14764, server: xmind.net/127.0.0.1:27393
2021-11-08 11:20:45,472 [myid:127.0.0.1:27393] - INFO  [nioEventLoopGroup-34-1:ClientCnxnSocketNetty$1@184] - channel is connected: [id: 0x0a34e789, L:/127.0.0.1:14764 - R:xmind.net/127.0.0.1:27393]
2021-11-08 11:20:45,473 [myid:0] - WARN  [nioEventLoopGroup-29-8:NettyServerCnxnFactory$CnxnChannelHandler@293] - Exception caught
io.netty.handler.codec.DecoderException: java.lang.IllegalArgumentException: Cannot support TLS_ECDHE_ECDSA_WITH_AES_256_CBC_SHA384 with currently installed providers
	at io.netty.handler.codec.ByteToMessageDecoder.callDecode(ByteToMessageDecoder.java:478)
	at io.netty.handler.codec.ByteToMessageDecoder.channelRead(ByteToMessageDecoder.java:276)
	at io.netty.channel.AbstractChannelHandlerContext.invokeChannelRead(AbstractChannelHandlerContext.java:379)
	at io.netty.channel.AbstractChannelHandlerContext.invokeChannelRead(AbstractChannelHandlerContext.java:365)
	at io.netty.channel.AbstractChannelHandlerContext.fireChannelRead(AbstractChannelHandlerContext.java:357)
	at io.netty.channel.DefaultChannelPipeline$HeadContext.channelRead(DefaultChannelPipeline.java:1410)
	at io.netty.channel.AbstractChannelHandlerContext.invokeChannelRead(AbstractChannelHandlerContext.java:379)
	at io.netty.channel.AbstractChannelHandlerContext.invokeChannelRead(AbstractChannelHandlerContext.java:365)
	at io.netty.channel.DefaultChannelPipeline.fireChannelRead(DefaultChannelPipeline.java:919)
	at io.netty.channel.nio.AbstractNioByteChannel$NioByteUnsafe.read(AbstractNioByteChannel.java:166)
	at io.netty.channel.nio.NioEventLoop.processSelectedKey(NioEventLoop.java:719)
	at io.netty.channel.nio.NioEventLoop.processSelectedKeysOptimized(NioEventLoop.java:655)
	at io.netty.channel.nio.NioEventLoop.processSelectedKeys(NioEventLoop.java:581)
	at io.netty.channel.nio.NioEventLoop.run(NioEventLoop.java:493)
	at io.netty.util.concurrent.SingleThreadEventExecutor$4.run(SingleThreadEventExecutor.java:989)
	at io.netty.util.internal.ThreadExecutorMap$2.run(ThreadExecutorMap.java:74)
	at io.netty.util.concurrent.FastThreadLocalRunnable.run(FastThreadLocalRunnable.java:30)
	at java.lang.Thread.run(Thread.java:745)
Caused by: java.lang.IllegalArgumentException: Cannot support TLS_ECDHE_ECDSA_WITH_AES_256_CBC_SHA384 with currently installed providers
	at sun.security.ssl.CipherSuiteList.<init>(CipherSuiteList.java:92)
	at sun.security.ssl.SSLEngineImpl.setEnabledCipherSuites(SSLEngineImpl.java:2038)
	at io.netty.handler.ssl.JdkSslContext.configureAndWrapEngine(JdkSslContext.java:341)
	at io.netty.handler.ssl.JdkSslContext.newEngine(JdkSslContext.java:331)
	at io.netty.handler.ssl.SslContext.newHandler(SslContext.java:956)
	at io.netty.handler.ssl.SslContext.newHandler(SslContext.java:948)
	at io.netty.handler.ssl.OptionalSslHandler.newSslHandler(OptionalSslHandler.java:97)
	at org.apache.zookeeper.server.NettyServerCnxnFactory$DualModeSslHandler.newSslHandler(NettyServerCnxnFactory.java:171)
	at io.netty.handler.ssl.OptionalSslHandler.handleSsl(OptionalSslHandler.java:57)
	at io.netty.handler.ssl.OptionalSslHandler.decode(OptionalSslHandler.java:48)
	at org.apache.zookeeper.server.NettyServerCnxnFactory$DualModeSslHandler.decode(NettyServerCnxnFactory.java:142)
	at io.netty.handler.codec.ByteToMessageDecoder.decodeRemovalReentryProtection(ByteToMessageDecoder.java:508)
	at io.netty.handler.codec.ByteToMessageDecoder.callDecode(ByteToMessageDecoder.java:447)
	... 17 more
2021-11-08 11:20:45,474 [myid:0] - WARN  [nioEventLoopGroup-29-8:NettyServerCnxnFactory$CnxnChannelHandler@293] - Exception caught
io.netty.handler.codec.DecoderException: java.lang.NullPointerException
	at io.netty.handler.codec.ByteToMessageDecoder.callDecode(ByteToMessageDecoder.java:478)
	at io.netty.handler.codec.ByteToMessageDecoder.channelInputClosed(ByteToMessageDecoder.java:404)
	at io.netty.handler.codec.ByteToMessageDecoder.channelInputClosed(ByteToMessageDecoder.java:371)
	at io.netty.handler.codec.ByteToMessageDecoder.channelInactive(ByteToMessageDecoder.java:354)
	at io.netty.channel.AbstractChannelHandlerContext.invokeChannelInactive(AbstractChannelHandlerContext.java:262)
	at io.netty.channel.AbstractChannelHandlerContext.invokeChannelInactive(AbstractChannelHandlerContext.java:248)
	at io.netty.channel.AbstractChannelHandlerContext.fireChannelInactive(AbstractChannelHandlerContext.java:241)
	at io.netty.channel.DefaultChannelPipeline$HeadContext.channelInactive(DefaultChannelPipeline.java:1405)
	at io.netty.channel.AbstractChannelHandlerContext.invokeChannelInactive(AbstractChannelHandlerContext.java:262)
	at io.netty.channel.AbstractChannelHandlerContext.invokeChannelInactive(AbstractChannelHandlerContext.java:248)
	at io.netty.channel.DefaultChannelPipeline.fireChannelInactive(DefaultChannelPipeline.java:901)
	at io.netty.channel.AbstractChannel$AbstractUnsafe$8.run(AbstractChannel.java:819)
	at io.netty.util.concurrent.AbstractEventExecutor.safeExecute(AbstractEventExecutor.java:164)
	at io.netty.util.concurrent.SingleThreadEventExecutor.runAllTasks(SingleThreadEventExecutor.java:472)
	at io.netty.channel.nio.NioEventLoop.run(NioEventLoop.java:497)
	at io.netty.util.concurrent.SingleThreadEventExecutor$4.run(SingleThreadEventExecutor.java:989)
	at io.netty.util.internal.ThreadExecutorMap$2.run(ThreadExecutorMap.java:74)
	at io.netty.util.concurrent.FastThreadLocalRunnable.run(FastThreadLocalRunnable.java:30)
	at java.lang.Thread.run(Thread.java:745)
Caused by: java.lang.NullPointerException
	at java.util.Objects.requireNonNull(Objects.java:203)
	at org.apache.zookeeper.server.NettyServerCnxnFactory$DualModeSslHandler.newSslHandler(NettyServerCnxnFactory.java:169)
	at io.netty.handler.ssl.OptionalSslHandler.handleSsl(OptionalSslHandler.java:57)
	at io.netty.handler.ssl.OptionalSslHandler.decode(OptionalSslHandler.java:48)
	at org.apache.zookeeper.server.NettyServerCnxnFactory$DualModeSslHandler.decode(NettyServerCnxnFactory.java:142)
	at io.netty.handler.codec.ByteToMessageDecoder.decodeRemovalReentryProtection(ByteToMessageDecoder.java:508)
	at io.netty.handler.codec.ByteToMessageDecoder.callDecode(ByteToMessageDecoder.java:447)
	... 18 more
2021-11-08 11:20:45,474 [myid:127.0.0.1:27393] - INFO  [nioEventLoopGroup-34-1:ClientCnxnSocketNetty$ZKClientHandler@469] - channel is disconnected: [id: 0x0a34e789, L:/127.0.0.1:14764 ! R:xmind.net/127.0.0.1:27393]
2021-11-08 11:20:45,474 [myid:127.0.0.1:27393] - INFO  [nioEventLoopGroup-34-1:ClientCnxnSocketNetty@249] - channel is told closing
2021-11-08 11:20:45,474 [myid:127.0.0.1:27393] - WARN  [main-SendThread(127.0.0.1:27393):ClientCnxn$SendThread@1290] - Session 0x0 for sever xmind.net/127.0.0.1:27393, Closing socket connection. Attempting reconnect except it is a SessionExpiredException.
EndOfStreamException: channel for sessionid 0x0 is lost
	at org.apache.zookeeper.ClientCnxnSocketNetty.doTransport(ClientCnxnSocketNetty.java:285)
	at org.apache.zookeeper.ClientCnxn$SendThread.run(ClientCnxn.java:1280)
2021-11-08 11:20:46,093 [myid:127.0.0.1:27381] - INFO  [main-SendThread(127.0.0.1:27381):ClientCnxn$SendThread@1171] - Opening socket connection to server xmind.net/127.0.0.1:27381.
2021-11-08 11:20:46,093 [myid:127.0.0.1:27381] - INFO  [main-SendThread(127.0.0.1:27381):ClientCnxn$SendThread@1173] - SASL config status: Will not attempt to authenticate using SASL (unknown error)
2021-11-08 11:20:46,094 [myid:127.0.0.1:27381] - INFO  [nioEventLoopGroup-20-1:ClientCnxnSocketNetty$ZKClientPipelineFactory@454] - SSL handler added for channel: [id: 0x1076d5b2]
2021-11-08 11:20:46,095 [myid:127.0.0.1:27381] - INFO  [nioEventLoopGroup-20-1:ClientCnxn$SendThread@1005] - Socket connection established, initiating session, client: /127.0.0.1:14767, server: xmind.net/127.0.0.1:27381
2021-11-08 11:20:46,095 [myid:127.0.0.1:27381] - INFO  [nioEventLoopGroup-20-1:ClientCnxnSocketNetty$1@184] - channel is connected: [id: 0x1076d5b2, L:/127.0.0.1:14767 - R:xmind.net/127.0.0.1:27381]
2021-11-08 11:20:46,095 [myid:0] - WARN  [nioEventLoopGroup-17-6:ChannelInitializer@97] - Failed to initialize a channel. Closing: [id: 0x1e68f12c, L:/127.0.0.1:27381 - R:/127.0.0.1:14767]
java.lang.IllegalArgumentException: Cannot support TLS_ECDHE_ECDSA_WITH_AES_256_CBC_SHA384 with currently installed providers
	at sun.security.ssl.CipherSuiteList.<init>(CipherSuiteList.java:92)
	at sun.security.ssl.SSLEngineImpl.setEnabledCipherSuites(SSLEngineImpl.java:2038)
	at io.netty.handler.ssl.JdkSslContext.configureAndWrapEngine(JdkSslContext.java:341)
	at io.netty.handler.ssl.JdkSslContext.newEngine(JdkSslContext.java:331)
	at io.netty.handler.ssl.SslContext.newHandler(SslContext.java:956)
	at io.netty.handler.ssl.SslContext.newHandler(SslContext.java:948)
	at org.apache.zookeeper.server.NettyServerCnxnFactory.initSSL(NettyServerCnxnFactory.java:575)
	at org.apache.zookeeper.server.NettyServerCnxnFactory.access$1300(NettyServerCnxnFactory.java:80)
	at org.apache.zookeeper.server.NettyServerCnxnFactory$1.initChannel(NettyServerCnxnFactory.java:540)
	at org.apache.zookeeper.server.NettyServerCnxnFactory$1.initChannel(NettyServerCnxnFactory.java:532)
	at io.netty.channel.ChannelInitializer.initChannel(ChannelInitializer.java:129)
	at io.netty.channel.ChannelInitializer.handlerAdded(ChannelInitializer.java:112)
	at io.netty.channel.AbstractChannelHandlerContext.callHandlerAdded(AbstractChannelHandlerContext.java:938)
	at io.netty.channel.DefaultChannelPipeline.callHandlerAdded0(DefaultChannelPipeline.java:609)
	at io.netty.channel.DefaultChannelPipeline.access$100(DefaultChannelPipeline.java:46)
	at io.netty.channel.DefaultChannelPipeline$PendingHandlerAddedTask.execute(DefaultChannelPipeline.java:1463)
	at io.netty.channel.DefaultChannelPipeline.callHandlerAddedForAllHandlers(DefaultChannelPipeline.java:1115)
	at io.netty.channel.DefaultChannelPipeline.invokeHandlerAddedIfNeeded(DefaultChannelPipeline.java:650)
	at io.netty.channel.AbstractChannel$AbstractUnsafe.register0(AbstractChannel.java:502)
	at io.netty.channel.AbstractChannel$AbstractUnsafe.access$200(AbstractChannel.java:417)
	at io.netty.channel.AbstractChannel$AbstractUnsafe$1.run(AbstractChannel.java:474)
	at io.netty.util.concurrent.AbstractEventExecutor.safeExecute(AbstractEventExecutor.java:164)
	at io.netty.util.concurrent.SingleThreadEventExecutor.runAllTasks(SingleThreadEventExecutor.java:472)
	at io.netty.channel.nio.NioEventLoop.run(NioEventLoop.java:500)
	at io.netty.util.concurrent.SingleThreadEventExecutor$4.run(SingleThreadEventExecutor.java:989)
	at io.netty.util.internal.ThreadExecutorMap$2.run(ThreadExecutorMap.java:74)
	at io.netty.util.concurrent.FastThreadLocalRunnable.run(FastThreadLocalRunnable.java:30)
	at java.lang.Thread.run(Thread.java:745)
2021-11-08 11:20:46,096 [myid:127.0.0.1:27381] - INFO  [nioEventLoopGroup-20-1:ClientCnxnSocketNetty$ZKClientHandler@469] - channel is disconnected: [id: 0x1076d5b2, L:/127.0.0.1:14767 ! R:xmind.net/127.0.0.1:27381]
2021-11-08 11:20:46,096 [myid:127.0.0.1:27381] - INFO  [nioEventLoopGroup-20-1:ClientCnxnSocketNetty@249] - channel is told closing
2021-11-08 11:20:46,096 [myid:127.0.0.1:27381] - WARN  [main-SendThread(127.0.0.1:27381):ClientCnxn$SendThread@1290] - Session 0x0 for sever xmind.net/127.0.0.1:27381, Closing socket connection. Attempting reconnect except it is a SessionExpiredException.
EndOfStreamException: channel for sessionid 0x0 is lost
	at org.apache.zookeeper.ClientCnxnSocketNetty.doTransport(ClientCnxnSocketNetty.java:285)
	at org.apache.zookeeper.ClientCnxn$SendThread.run(ClientCnxn.java:1280)
2021-11-08 11:20:46,848 [myid:127.0.0.1:27393] - INFO  [main-SendThread(127.0.0.1:27393):ClientCnxn$SendThread@1171] - Opening socket connection to server xmind.net/127.0.0.1:27393.
2021-11-08 11:20:46,848 [myid:127.0.0.1:27393] - INFO  [main-SendThread(127.0.0.1:27393):ClientCnxn$SendThread@1173] - SASL config status: Will not attempt to authenticate using SASL (unknown error)
2021-11-08 11:20:46,849 [myid:127.0.0.1:27393] - INFO  [nioEventLoopGroup-34-1:ClientCnxnSocketNetty$ZKClientPipelineFactory@454] - SSL handler added for channel: [id: 0xa85c2e73]
2021-11-08 11:20:46,849 [myid:127.0.0.1:27393] - INFO  [nioEventLoopGroup-34-1:ClientCnxn$SendThread@1005] - Socket connection established, initiating session, client: /127.0.0.1:14783, server: xmind.net/127.0.0.1:27393
2021-11-08 11:20:46,849 [myid:127.0.0.1:27393] - INFO  [nioEventLoopGroup-34-1:ClientCnxnSocketNetty$1@184] - channel is connected: [id: 0xa85c2e73, L:/127.0.0.1:14783 - R:xmind.net/127.0.0.1:27393]
2021-11-08 11:20:46,851 [myid:0] - WARN  [nioEventLoopGroup-29-9:NettyServerCnxnFactory$CnxnChannelHandler@293] - Exception caught
io.netty.handler.codec.DecoderException: java.lang.IllegalArgumentException: Cannot support TLS_ECDHE_ECDSA_WITH_AES_256_CBC_SHA384 with currently installed providers
	at io.netty.handler.codec.ByteToMessageDecoder.callDecode(ByteToMessageDecoder.java:478)
	at io.netty.handler.codec.ByteToMessageDecoder.channelRead(ByteToMessageDecoder.java:276)
	at io.netty.channel.AbstractChannelHandlerContext.invokeChannelRead(AbstractChannelHandlerContext.java:379)
	at io.netty.channel.AbstractChannelHandlerContext.invokeChannelRead(AbstractChannelHandlerContext.java:365)
	at io.netty.channel.AbstractChannelHandlerContext.fireChannelRead(AbstractChannelHandlerContext.java:357)
	at io.netty.channel.DefaultChannelPipeline$HeadContext.channelRead(DefaultChannelPipeline.java:1410)
	at io.netty.channel.AbstractChannelHandlerContext.invokeChannelRead(AbstractChannelHandlerContext.java:379)
	at io.netty.channel.AbstractChannelHandlerContext.invokeChannelRead(AbstractChannelHandlerContext.java:365)
	at io.netty.channel.DefaultChannelPipeline.fireChannelRead(DefaultChannelPipeline.java:919)
	at io.netty.channel.nio.AbstractNioByteChannel$NioByteUnsafe.read(AbstractNioByteChannel.java:166)
	at io.netty.channel.nio.NioEventLoop.processSelectedKey(NioEventLoop.java:719)
	at io.netty.channel.nio.NioEventLoop.processSelectedKeysOptimized(NioEventLoop.java:655)
	at io.netty.channel.nio.NioEventLoop.processSelectedKeys(NioEventLoop.java:581)
	at io.netty.channel.nio.NioEventLoop.run(NioEventLoop.java:493)
	at io.netty.util.concurrent.SingleThreadEventExecutor$4.run(SingleThreadEventExecutor.java:989)
	at io.netty.util.internal.ThreadExecutorMap$2.run(ThreadExecutorMap.java:74)
	at io.netty.util.concurrent.FastThreadLocalRunnable.run(FastThreadLocalRunnable.java:30)
	at java.lang.Thread.run(Thread.java:745)
Caused by: java.lang.IllegalArgumentException: Cannot support TLS_ECDHE_ECDSA_WITH_AES_256_CBC_SHA384 with currently installed providers
	at sun.security.ssl.CipherSuiteList.<init>(CipherSuiteList.java:92)
	at sun.security.ssl.SSLEngineImpl.setEnabledCipherSuites(SSLEngineImpl.java:2038)
	at io.netty.handler.ssl.JdkSslContext.configureAndWrapEngine(JdkSslContext.java:341)
	at io.netty.handler.ssl.JdkSslContext.newEngine(JdkSslContext.java:331)
	at io.netty.handler.ssl.SslContext.newHandler(SslContext.java:956)
	at io.netty.handler.ssl.SslContext.newHandler(SslContext.java:948)
	at io.netty.handler.ssl.OptionalSslHandler.newSslHandler(OptionalSslHandler.java:97)
	at org.apache.zookeeper.server.NettyServerCnxnFactory$DualModeSslHandler.newSslHandler(NettyServerCnxnFactory.java:171)
	at io.netty.handler.ssl.OptionalSslHandler.handleSsl(OptionalSslHandler.java:57)
	at io.netty.handler.ssl.OptionalSslHandler.decode(OptionalSslHandler.java:48)
	at org.apache.zookeeper.server.NettyServerCnxnFactory$DualModeSslHandler.decode(NettyServerCnxnFactory.java:142)
	at io.netty.handler.codec.ByteToMessageDecoder.decodeRemovalReentryProtection(ByteToMessageDecoder.java:508)
	at io.netty.handler.codec.ByteToMessageDecoder.callDecode(ByteToMessageDecoder.java:447)
	... 17 more
2021-11-08 11:20:46,851 [myid:0] - WARN  [nioEventLoopGroup-29-9:NettyServerCnxnFactory$CnxnChannelHandler@293] - Exception caught
io.netty.handler.codec.DecoderException: java.lang.NullPointerException
	at io.netty.handler.codec.ByteToMessageDecoder.callDecode(ByteToMessageDecoder.java:478)
	at io.netty.handler.codec.ByteToMessageDecoder.channelInputClosed(ByteToMessageDecoder.java:404)
	at io.netty.handler.codec.ByteToMessageDecoder.channelInputClosed(ByteToMessageDecoder.java:371)
	at io.netty.handler.codec.ByteToMessageDecoder.channelInactive(ByteToMessageDecoder.java:354)
	at io.netty.channel.AbstractChannelHandlerContext.invokeChannelInactive(AbstractChannelHandlerContext.java:262)
	at io.netty.channel.AbstractChannelHandlerContext.invokeChannelInactive(AbstractChannelHandlerContext.java:248)
	at io.netty.channel.AbstractChannelHandlerContext.fireChannelInactive(AbstractChannelHandlerContext.java:241)
	at io.netty.channel.DefaultChannelPipeline$HeadContext.channelInactive(DefaultChannelPipeline.java:1405)
	at io.netty.channel.AbstractChannelHandlerContext.invokeChannelInactive(AbstractChannelHandlerContext.java:262)
	at io.netty.channel.AbstractChannelHandlerContext.invokeChannelInactive(AbstractChannelHandlerContext.java:248)
	at io.netty.channel.DefaultChannelPipeline.fireChannelInactive(DefaultChannelPipeline.java:901)
	at io.netty.channel.AbstractChannel$AbstractUnsafe$8.run(AbstractChannel.java:819)
	at io.netty.util.concurrent.AbstractEventExecutor.safeExecute(AbstractEventExecutor.java:164)
	at io.netty.util.concurrent.SingleThreadEventExecutor.runAllTasks(SingleThreadEventExecutor.java:472)
	at io.netty.channel.nio.NioEventLoop.run(NioEventLoop.java:497)
	at io.netty.util.concurrent.SingleThreadEventExecutor$4.run(SingleThreadEventExecutor.java:989)
	at io.netty.util.internal.ThreadExecutorMap$2.run(ThreadExecutorMap.java:74)
	at io.netty.util.concurrent.FastThreadLocalRunnable.run(FastThreadLocalRunnable.java:30)
	at java.lang.Thread.run(Thread.java:745)
Caused by: java.lang.NullPointerException
	at java.util.Objects.requireNonNull(Objects.java:203)
	at org.apache.zookeeper.server.NettyServerCnxnFactory$DualModeSslHandler.newSslHandler(NettyServerCnxnFactory.java:169)
	at io.netty.handler.ssl.OptionalSslHandler.handleSsl(OptionalSslHandler.java:57)
	at io.netty.handler.ssl.OptionalSslHandler.decode(OptionalSslHandler.java:48)
	at org.apache.zookeeper.server.NettyServerCnxnFactory$DualModeSslHandler.decode(NettyServerCnxnFactory.java:142)
	at io.netty.handler.codec.ByteToMessageDecoder.decodeRemovalReentryProtection(ByteToMessageDecoder.java:508)
	at io.netty.handler.codec.ByteToMessageDecoder.callDecode(ByteToMessageDecoder.java:447)
	... 18 more
2021-11-08 11:20:46,851 [myid:127.0.0.1:27393] - INFO  [nioEventLoopGroup-34-1:ClientCnxnSocketNetty$ZKClientHandler@469] - channel is disconnected: [id: 0xa85c2e73, L:/127.0.0.1:14783 ! R:xmind.net/127.0.0.1:27393]
2021-11-08 11:20:46,851 [myid:127.0.0.1:27393] - INFO  [nioEventLoopGroup-34-1:ClientCnxnSocketNetty@249] - channel is told closing
2021-11-08 11:20:46,851 [myid:127.0.0.1:27393] - WARN  [main-SendThread(127.0.0.1:27393):ClientCnxn$SendThread@1290] - Session 0x0 for sever xmind.net/127.0.0.1:27393, Closing socket connection. Attempting reconnect except it is a SessionExpiredException.
EndOfStreamException: channel for sessionid 0x0 is lost
	at org.apache.zookeeper.ClientCnxnSocketNetty.doTransport(ClientCnxnSocketNetty.java:285)
	at org.apache.zookeeper.ClientCnxn$SendThread.run(ClientCnxn.java:1280)
2021-11-08 11:20:47,262 [myid:127.0.0.1:27392] - WARN  [nioEventLoopGroup-21-1:ClientCnxnSocketNetty$1@150] - future isn't success.
io.netty.channel.AbstractChannel$AnnotatedConnectException: Connection refused: no further information: xmind.net/127.0.0.1:27392
Caused by: java.net.ConnectException: Connection refused: no further information
	at sun.nio.ch.SocketChannelImpl.checkConnect(Native Method)
	at sun.nio.ch.SocketChannelImpl.finishConnect(SocketChannelImpl.java:716)
	at io.netty.channel.socket.nio.NioSocketChannel.doFinishConnect(NioSocketChannel.java:330)
	at io.netty.channel.nio.AbstractNioChannel$AbstractNioUnsafe.finishConnect(AbstractNioChannel.java:334)
	at io.netty.channel.nio.NioEventLoop.processSelectedKey(NioEventLoop.java:707)
	at io.netty.channel.nio.NioEventLoop.processSelectedKeysOptimized(NioEventLoop.java:655)
	at io.netty.channel.nio.NioEventLoop.processSelectedKeys(NioEventLoop.java:581)
	at io.netty.channel.nio.NioEventLoop.run(NioEventLoop.java:493)
	at io.netty.util.concurrent.SingleThreadEventExecutor$4.run(SingleThreadEventExecutor.java:989)
	at io.netty.util.internal.ThreadExecutorMap$2.run(ThreadExecutorMap.java:74)
	at io.netty.util.concurrent.FastThreadLocalRunnable.run(FastThreadLocalRunnable.java:30)
	at java.lang.Thread.run(Thread.java:745)
2021-11-08 11:20:47,331 [myid:127.0.0.1:27381] - INFO  [main-SendThread(127.0.0.1:27381):ClientCnxn$SendThread@1171] - Opening socket connection to server xmind.net/127.0.0.1:27381.
2021-11-08 11:20:47,331 [myid:127.0.0.1:27381] - INFO  [main-SendThread(127.0.0.1:27381):ClientCnxn$SendThread@1173] - SASL config status: Will not attempt to authenticate using SASL (unknown error)
2021-11-08 11:20:47,332 [myid:127.0.0.1:27381] - INFO  [nioEventLoopGroup-20-1:ClientCnxnSocketNetty$ZKClientPipelineFactory@454] - SSL handler added for channel: [id: 0xc7de1eb5]
2021-11-08 11:20:47,332 [myid:127.0.0.1:27381] - INFO  [nioEventLoopGroup-20-1:ClientCnxn$SendThread@1005] - Socket connection established, initiating session, client: /127.0.0.1:14791, server: xmind.net/127.0.0.1:27381
2021-11-08 11:20:47,332 [myid:127.0.0.1:27381] - INFO  [nioEventLoopGroup-20-1:ClientCnxnSocketNetty$1@184] - channel is connected: [id: 0xc7de1eb5, L:/127.0.0.1:14791 - R:xmind.net/127.0.0.1:27381]
2021-11-08 11:20:47,333 [myid:0] - WARN  [nioEventLoopGroup-17-7:ChannelInitializer@97] - Failed to initialize a channel. Closing: [id: 0xed1a639e, L:/127.0.0.1:27381 - R:/127.0.0.1:14791]
java.lang.IllegalArgumentException: Cannot support TLS_ECDHE_ECDSA_WITH_AES_256_CBC_SHA384 with currently installed providers
	at sun.security.ssl.CipherSuiteList.<init>(CipherSuiteList.java:92)
	at sun.security.ssl.SSLEngineImpl.setEnabledCipherSuites(SSLEngineImpl.java:2038)
	at io.netty.handler.ssl.JdkSslContext.configureAndWrapEngine(JdkSslContext.java:341)
	at io.netty.handler.ssl.JdkSslContext.newEngine(JdkSslContext.java:331)
	at io.netty.handler.ssl.SslContext.newHandler(SslContext.java:956)
	at io.netty.handler.ssl.SslContext.newHandler(SslContext.java:948)
	at org.apache.zookeeper.server.NettyServerCnxnFactory.initSSL(NettyServerCnxnFactory.java:575)
	at org.apache.zookeeper.server.NettyServerCnxnFactory.access$1300(NettyServerCnxnFactory.java:80)
	at org.apache.zookeeper.server.NettyServerCnxnFactory$1.initChannel(NettyServerCnxnFactory.java:540)
	at org.apache.zookeeper.server.NettyServerCnxnFactory$1.initChannel(NettyServerCnxnFactory.java:532)
	at io.netty.channel.ChannelInitializer.initChannel(ChannelInitializer.java:129)
	at io.netty.channel.ChannelInitializer.handlerAdded(ChannelInitializer.java:112)
	at io.netty.channel.AbstractChannelHandlerContext.callHandlerAdded(AbstractChannelHandlerContext.java:938)
	at io.netty.channel.DefaultChannelPipeline.callHandlerAdded0(DefaultChannelPipeline.java:609)
	at io.netty.channel.DefaultChannelPipeline.access$100(DefaultChannelPipeline.java:46)
	at io.netty.channel.DefaultChannelPipeline$PendingHandlerAddedTask.execute(DefaultChannelPipeline.java:1463)
	at io.netty.channel.DefaultChannelPipeline.callHandlerAddedForAllHandlers(DefaultChannelPipeline.java:1115)
	at io.netty.channel.DefaultChannelPipeline.invokeHandlerAddedIfNeeded(DefaultChannelPipeline.java:650)
	at io.netty.channel.AbstractChannel$AbstractUnsafe.register0(AbstractChannel.java:502)
	at io.netty.channel.AbstractChannel$AbstractUnsafe.access$200(AbstractChannel.java:417)
	at io.netty.channel.AbstractChannel$AbstractUnsafe$1.run(AbstractChannel.java:474)
	at io.netty.util.concurrent.AbstractEventExecutor.safeExecute(AbstractEventExecutor.java:164)
	at io.netty.util.concurrent.SingleThreadEventExecutor.runAllTasks(SingleThreadEventExecutor.java:472)
	at io.netty.channel.nio.NioEventLoop.run(NioEventLoop.java:500)
	at io.netty.util.concurrent.SingleThreadEventExecutor$4.run(SingleThreadEventExecutor.java:989)
	at io.netty.util.internal.ThreadExecutorMap$2.run(ThreadExecutorMap.java:74)
	at io.netty.util.concurrent.FastThreadLocalRunnable.run(FastThreadLocalRunnable.java:30)
	at java.lang.Thread.run(Thread.java:745)
2021-11-08 11:20:47,333 [myid:127.0.0.1:27381] - INFO  [nioEventLoopGroup-20-1:ClientCnxnSocketNetty$ZKClientHandler@469] - channel is disconnected: [id: 0xc7de1eb5, L:/127.0.0.1:14791 ! R:xmind.net/127.0.0.1:27381]
2021-11-08 11:20:47,333 [myid:127.0.0.1:27381] - INFO  [nioEventLoopGroup-20-1:ClientCnxnSocketNetty@249] - channel is told closing
2021-11-08 11:20:47,333 [myid:127.0.0.1:27381] - WARN  [main-SendThread(127.0.0.1:27381):ClientCnxn$SendThread@1290] - Session 0x0 for sever xmind.net/127.0.0.1:27381, Closing socket connection. Attempting reconnect except it is a SessionExpiredException.
EndOfStreamException: channel for sessionid 0x0 is lost
	at org.apache.zookeeper.ClientCnxnSocketNetty.doTransport(ClientCnxnSocketNetty.java:285)
	at org.apache.zookeeper.ClientCnxn$SendThread.run(ClientCnxn.java:1280)
2021-11-08 11:20:48,264 [myid:127.0.0.1:27392] - INFO  [main-SendThread(127.0.0.1:27392):ClientCnxn$SendThread@1171] - Opening socket connection to server xmind.net/127.0.0.1:27392.
2021-11-08 11:20:48,264 [myid:127.0.0.1:27392] - INFO  [main-SendThread(127.0.0.1:27392):ClientCnxn$SendThread@1173] - SASL config status: Will not attempt to authenticate using SASL (unknown error)
2021-11-08 11:20:48,266 [myid:127.0.0.1:27392] - INFO  [nioEventLoopGroup-21-1:ClientCnxnSocketNetty$ZKClientPipelineFactory@454] - SSL handler added for channel: [id: 0xa6ddec9a]
2021-11-08 11:20:48,359 [myid:127.0.0.1:27381] - INFO  [main-SendThread(127.0.0.1:27381):ClientCnxn$SendThread@1171] - Opening socket connection to server xmind.net/127.0.0.1:27381.
2021-11-08 11:20:48,359 [myid:127.0.0.1:27381] - INFO  [main-SendThread(127.0.0.1:27381):ClientCnxn$SendThread@1173] - SASL config status: Will not attempt to authenticate using SASL (unknown error)
2021-11-08 11:20:48,360 [myid:127.0.0.1:27381] - INFO  [nioEventLoopGroup-20-1:ClientCnxnSocketNetty$ZKClientPipelineFactory@454] - SSL handler added for channel: [id: 0x830bf72e]
2021-11-08 11:20:48,361 [myid:127.0.0.1:27381] - INFO  [nioEventLoopGroup-20-1:ClientCnxn$SendThread@1005] - Socket connection established, initiating session, client: /127.0.0.1:14797, server: xmind.net/127.0.0.1:27381
2021-11-08 11:20:48,361 [myid:127.0.0.1:27381] - INFO  [nioEventLoopGroup-20-1:ClientCnxnSocketNetty$1@184] - channel is connected: [id: 0x830bf72e, L:/127.0.0.1:14797 - R:xmind.net/127.0.0.1:27381]
2021-11-08 11:20:48,361 [myid:0] - WARN  [nioEventLoopGroup-17-8:ChannelInitializer@97] - Failed to initialize a channel. Closing: [id: 0x5f6f732e, L:/127.0.0.1:27381 - R:/127.0.0.1:14797]
java.lang.IllegalArgumentException: Cannot support TLS_ECDHE_ECDSA_WITH_AES_256_CBC_SHA384 with currently installed providers
	at sun.security.ssl.CipherSuiteList.<init>(CipherSuiteList.java:92)
	at sun.security.ssl.SSLEngineImpl.setEnabledCipherSuites(SSLEngineImpl.java:2038)
	at io.netty.handler.ssl.JdkSslContext.configureAndWrapEngine(JdkSslContext.java:341)
	at io.netty.handler.ssl.JdkSslContext.newEngine(JdkSslContext.java:331)
	at io.netty.handler.ssl.SslContext.newHandler(SslContext.java:956)
	at io.netty.handler.ssl.SslContext.newHandler(SslContext.java:948)
	at org.apache.zookeeper.server.NettyServerCnxnFactory.initSSL(NettyServerCnxnFactory.java:575)
	at org.apache.zookeeper.server.NettyServerCnxnFactory.access$1300(NettyServerCnxnFactory.java:80)
	at org.apache.zookeeper.server.NettyServerCnxnFactory$1.initChannel(NettyServerCnxnFactory.java:540)
	at org.apache.zookeeper.server.NettyServerCnxnFactory$1.initChannel(NettyServerCnxnFactory.java:532)
	at io.netty.channel.ChannelInitializer.initChannel(ChannelInitializer.java:129)
	at io.netty.channel.ChannelInitializer.handlerAdded(ChannelInitializer.java:112)
	at io.netty.channel.AbstractChannelHandlerContext.callHandlerAdded(AbstractChannelHandlerContext.java:938)
	at io.netty.channel.DefaultChannelPipeline.callHandlerAdded0(DefaultChannelPipeline.java:609)
	at io.netty.channel.DefaultChannelPipeline.access$100(DefaultChannelPipeline.java:46)
	at io.netty.channel.DefaultChannelPipeline$PendingHandlerAddedTask.execute(DefaultChannelPipeline.java:1463)
	at io.netty.channel.DefaultChannelPipeline.callHandlerAddedForAllHandlers(DefaultChannelPipeline.java:1115)
	at io.netty.channel.DefaultChannelPipeline.invokeHandlerAddedIfNeeded(DefaultChannelPipeline.java:650)
	at io.netty.channel.AbstractChannel$AbstractUnsafe.register0(AbstractChannel.java:502)
	at io.netty.channel.AbstractChannel$AbstractUnsafe.access$200(AbstractChannel.java:417)
	at io.netty.channel.AbstractChannel$AbstractUnsafe$1.run(AbstractChannel.java:474)
	at io.netty.util.concurrent.AbstractEventExecutor.safeExecute(AbstractEventExecutor.java:164)
	at io.netty.util.concurrent.SingleThreadEventExecutor.runAllTasks(SingleThreadEventExecutor.java:472)
	at io.netty.channel.nio.NioEventLoop.run(NioEventLoop.java:500)
	at io.netty.util.concurrent.SingleThreadEventExecutor$4.run(SingleThreadEventExecutor.java:989)
	at io.netty.util.internal.ThreadExecutorMap$2.run(ThreadExecutorMap.java:74)
	at io.netty.util.concurrent.FastThreadLocalRunnable.run(FastThreadLocalRunnable.java:30)
	at java.lang.Thread.run(Thread.java:745)
2021-11-08 11:20:48,362 [myid:127.0.0.1:27381] - INFO  [nioEventLoopGroup-20-1:ClientCnxnSocketNetty$ZKClientHandler@469] - channel is disconnected: [id: 0x830bf72e, L:/127.0.0.1:14797 ! R:xmind.net/127.0.0.1:27381]
2021-11-08 11:20:48,362 [myid:127.0.0.1:27381] - INFO  [nioEventLoopGroup-20-1:ClientCnxnSocketNetty@249] - channel is told closing
2021-11-08 11:20:48,362 [myid:127.0.0.1:27381] - WARN  [main-SendThread(127.0.0.1:27381):ClientCnxn$SendThread@1290] - Session 0x0 for sever xmind.net/127.0.0.1:27381, Closing socket connection. Attempting reconnect except it is a SessionExpiredException.
EndOfStreamException: channel for sessionid 0x0 is lost
	at org.apache.zookeeper.ClientCnxnSocketNetty.doTransport(ClientCnxnSocketNetty.java:285)
	at org.apache.zookeeper.ClientCnxn$SendThread.run(ClientCnxn.java:1280)
2021-11-08 11:20:48,408 [myid:127.0.0.1:27393] - INFO  [main-SendThread(127.0.0.1:27393):ClientCnxn$SendThread@1171] - Opening socket connection to server xmind.net/127.0.0.1:27393.
2021-11-08 11:20:48,408 [myid:127.0.0.1:27393] - INFO  [main-SendThread(127.0.0.1:27393):ClientCnxn$SendThread@1173] - SASL config status: Will not attempt to authenticate using SASL (unknown error)
2021-11-08 11:20:48,409 [myid:127.0.0.1:27393] - INFO  [nioEventLoopGroup-34-1:ClientCnxnSocketNetty$ZKClientPipelineFactory@454] - SSL handler added for channel: [id: 0x435be90e]
2021-11-08 11:20:48,410 [myid:127.0.0.1:27393] - INFO  [nioEventLoopGroup-34-1:ClientCnxn$SendThread@1005] - Socket connection established, initiating session, client: /127.0.0.1:14798, server: xmind.net/127.0.0.1:27393
2021-11-08 11:20:48,410 [myid:127.0.0.1:27393] - INFO  [nioEventLoopGroup-34-1:ClientCnxnSocketNetty$1@184] - channel is connected: [id: 0x435be90e, L:/127.0.0.1:14798 - R:xmind.net/127.0.0.1:27393]
2021-11-08 11:20:48,411 [myid:0] - WARN  [nioEventLoopGroup-29-10:NettyServerCnxnFactory$CnxnChannelHandler@293] - Exception caught
io.netty.handler.codec.DecoderException: java.lang.IllegalArgumentException: Cannot support TLS_ECDHE_ECDSA_WITH_AES_256_CBC_SHA384 with currently installed providers
	at io.netty.handler.codec.ByteToMessageDecoder.callDecode(ByteToMessageDecoder.java:478)
	at io.netty.handler.codec.ByteToMessageDecoder.channelRead(ByteToMessageDecoder.java:276)
	at io.netty.channel.AbstractChannelHandlerContext.invokeChannelRead(AbstractChannelHandlerContext.java:379)
	at io.netty.channel.AbstractChannelHandlerContext.invokeChannelRead(AbstractChannelHandlerContext.java:365)
	at io.netty.channel.AbstractChannelHandlerContext.fireChannelRead(AbstractChannelHandlerContext.java:357)
	at io.netty.channel.DefaultChannelPipeline$HeadContext.channelRead(DefaultChannelPipeline.java:1410)
	at io.netty.channel.AbstractChannelHandlerContext.invokeChannelRead(AbstractChannelHandlerContext.java:379)
	at io.netty.channel.AbstractChannelHandlerContext.invokeChannelRead(AbstractChannelHandlerContext.java:365)
	at io.netty.channel.DefaultChannelPipeline.fireChannelRead(DefaultChannelPipeline.java:919)
	at io.netty.channel.nio.AbstractNioByteChannel$NioByteUnsafe.read(AbstractNioByteChannel.java:166)
	at io.netty.channel.nio.NioEventLoop.processSelectedKey(NioEventLoop.java:719)
	at io.netty.channel.nio.NioEventLoop.processSelectedKeysOptimized(NioEventLoop.java:655)
	at io.netty.channel.nio.NioEventLoop.processSelectedKeys(NioEventLoop.java:581)
	at io.netty.channel.nio.NioEventLoop.run(NioEventLoop.java:493)
	at io.netty.util.concurrent.SingleThreadEventExecutor$4.run(SingleThreadEventExecutor.java:989)
	at io.netty.util.internal.ThreadExecutorMap$2.run(ThreadExecutorMap.java:74)
	at io.netty.util.concurrent.FastThreadLocalRunnable.run(FastThreadLocalRunnable.java:30)
	at java.lang.Thread.run(Thread.java:745)
Caused by: java.lang.IllegalArgumentException: Cannot support TLS_ECDHE_ECDSA_WITH_AES_256_CBC_SHA384 with currently installed providers
	at sun.security.ssl.CipherSuiteList.<init>(CipherSuiteList.java:92)
	at sun.security.ssl.SSLEngineImpl.setEnabledCipherSuites(SSLEngineImpl.java:2038)
	at io.netty.handler.ssl.JdkSslContext.configureAndWrapEngine(JdkSslContext.java:341)
	at io.netty.handler.ssl.JdkSslContext.newEngine(JdkSslContext.java:331)
	at io.netty.handler.ssl.SslContext.newHandler(SslContext.java:956)
	at io.netty.handler.ssl.SslContext.newHandler(SslContext.java:948)
	at io.netty.handler.ssl.OptionalSslHandler.newSslHandler(OptionalSslHandler.java:97)
	at org.apache.zookeeper.server.NettyServerCnxnFactory$DualModeSslHandler.newSslHandler(NettyServerCnxnFactory.java:171)
	at io.netty.handler.ssl.OptionalSslHandler.handleSsl(OptionalSslHandler.java:57)
	at io.netty.handler.ssl.OptionalSslHandler.decode(OptionalSslHandler.java:48)
	at org.apache.zookeeper.server.NettyServerCnxnFactory$DualModeSslHandler.decode(NettyServerCnxnFactory.java:142)
	at io.netty.handler.codec.ByteToMessageDecoder.decodeRemovalReentryProtection(ByteToMessageDecoder.java:508)
	at io.netty.handler.codec.ByteToMessageDecoder.callDecode(ByteToMessageDecoder.java:447)
	... 17 more
2021-11-08 11:20:48,412 [myid:0] - WARN  [nioEventLoopGroup-29-10:NettyServerCnxnFactory$CnxnChannelHandler@293] - Exception caught
io.netty.handler.codec.DecoderException: java.lang.NullPointerException
	at io.netty.handler.codec.ByteToMessageDecoder.callDecode(ByteToMessageDecoder.java:478)
	at io.netty.handler.codec.ByteToMessageDecoder.channelInputClosed(ByteToMessageDecoder.java:404)
	at io.netty.handler.codec.ByteToMessageDecoder.channelInputClosed(ByteToMessageDecoder.java:371)
	at io.netty.handler.codec.ByteToMessageDecoder.channelInactive(ByteToMessageDecoder.java:354)
	at io.netty.channel.AbstractChannelHandlerContext.invokeChannelInactive(AbstractChannelHandlerContext.java:262)
	at io.netty.channel.AbstractChannelHandlerContext.invokeChannelInactive(AbstractChannelHandlerContext.java:248)
	at io.netty.channel.AbstractChannelHandlerContext.fireChannelInactive(AbstractChannelHandlerContext.java:241)
	at io.netty.channel.DefaultChannelPipeline$HeadContext.channelInactive(DefaultChannelPipeline.java:1405)
	at io.netty.channel.AbstractChannelHandlerContext.invokeChannelInactive(AbstractChannelHandlerContext.java:262)
	at io.netty.channel.AbstractChannelHandlerContext.invokeChannelInactive(AbstractChannelHandlerContext.java:248)
	at io.netty.channel.DefaultChannelPipeline.fireChannelInactive(DefaultChannelPipeline.java:901)
	at io.netty.channel.AbstractChannel$AbstractUnsafe$8.run(AbstractChannel.java:819)
	at io.netty.util.concurrent.AbstractEventExecutor.safeExecute(AbstractEventExecutor.java:164)
	at io.netty.util.concurrent.SingleThreadEventExecutor.runAllTasks(SingleThreadEventExecutor.java:472)
	at io.netty.channel.nio.NioEventLoop.run(NioEventLoop.java:497)
	at io.netty.util.concurrent.SingleThreadEventExecutor$4.run(SingleThreadEventExecutor.java:989)
	at io.netty.util.internal.ThreadExecutorMap$2.run(ThreadExecutorMap.java:74)
	at io.netty.util.concurrent.FastThreadLocalRunnable.run(FastThreadLocalRunnable.java:30)
	at java.lang.Thread.run(Thread.java:745)
Caused by: java.lang.NullPointerException
	at java.util.Objects.requireNonNull(Objects.java:203)
	at org.apache.zookeeper.server.NettyServerCnxnFactory$DualModeSslHandler.newSslHandler(NettyServerCnxnFactory.java:169)
	at io.netty.handler.ssl.OptionalSslHandler.handleSsl(OptionalSslHandler.java:57)
	at io.netty.handler.ssl.OptionalSslHandler.decode(OptionalSslHandler.java:48)
	at org.apache.zookeeper.server.NettyServerCnxnFactory$DualModeSslHandler.decode(NettyServerCnxnFactory.java:142)
	at io.netty.handler.codec.ByteToMessageDecoder.decodeRemovalReentryProtection(ByteToMessageDecoder.java:508)
	at io.netty.handler.codec.ByteToMessageDecoder.callDecode(ByteToMessageDecoder.java:447)
	... 18 more
2021-11-08 11:20:48,412 [myid:127.0.0.1:27393] - INFO  [nioEventLoopGroup-34-1:ClientCnxnSocketNetty$ZKClientHandler@469] - channel is disconnected: [id: 0x435be90e, L:/127.0.0.1:14798 ! R:xmind.net/127.0.0.1:27393]
2021-11-08 11:20:48,413 [myid:127.0.0.1:27393] - INFO  [nioEventLoopGroup-34-1:ClientCnxnSocketNetty@249] - channel is told closing
2021-11-08 11:20:48,413 [myid:127.0.0.1:27393] - WARN  [main-SendThread(127.0.0.1:27393):ClientCnxn$SendThread@1290] - Session 0x0 for sever xmind.net/127.0.0.1:27393, Closing socket connection. Attempting reconnect except it is a SessionExpiredException.
EndOfStreamException: channel for sessionid 0x0 is lost
	at org.apache.zookeeper.ClientCnxnSocketNetty.doTransport(ClientCnxnSocketNetty.java:285)
	at org.apache.zookeeper.ClientCnxn$SendThread.run(ClientCnxn.java:1280)
2021-11-08 11:20:49,426 [myid:127.0.0.1:27393] - INFO  [main-SendThread(127.0.0.1:27393):ClientCnxn$SendThread@1171] - Opening socket connection to server xmind.net/127.0.0.1:27393.
2021-11-08 11:20:49,426 [myid:127.0.0.1:27393] - INFO  [main-SendThread(127.0.0.1:27393):ClientCnxn$SendThread@1173] - SASL config status: Will not attempt to authenticate using SASL (unknown error)
2021-11-08 11:20:49,427 [myid:127.0.0.1:27393] - INFO  [nioEventLoopGroup-34-1:ClientCnxnSocketNetty$ZKClientPipelineFactory@454] - SSL handler added for channel: [id: 0xef3ae4a4]
2021-11-08 11:20:49,428 [myid:127.0.0.1:27393] - INFO  [nioEventLoopGroup-34-1:ClientCnxn$SendThread@1005] - Socket connection established, initiating session, client: /127.0.0.1:14855, server: xmind.net/127.0.0.1:27393
2021-11-08 11:20:49,428 [myid:127.0.0.1:27393] - INFO  [nioEventLoopGroup-34-1:ClientCnxnSocketNetty$1@184] - channel is connected: [id: 0xef3ae4a4, L:/127.0.0.1:14855 - R:xmind.net/127.0.0.1:27393]
2021-11-08 11:20:49,429 [myid:0] - WARN  [nioEventLoopGroup-29-11:NettyServerCnxnFactory$CnxnChannelHandler@293] - Exception caught
io.netty.handler.codec.DecoderException: java.lang.IllegalArgumentException: Cannot support TLS_ECDHE_ECDSA_WITH_AES_256_CBC_SHA384 with currently installed providers
	at io.netty.handler.codec.ByteToMessageDecoder.callDecode(ByteToMessageDecoder.java:478)
	at io.netty.handler.codec.ByteToMessageDecoder.channelRead(ByteToMessageDecoder.java:276)
	at io.netty.channel.AbstractChannelHandlerContext.invokeChannelRead(AbstractChannelHandlerContext.java:379)
	at io.netty.channel.AbstractChannelHandlerContext.invokeChannelRead(AbstractChannelHandlerContext.java:365)
	at io.netty.channel.AbstractChannelHandlerContext.fireChannelRead(AbstractChannelHandlerContext.java:357)
	at io.netty.channel.DefaultChannelPipeline$HeadContext.channelRead(DefaultChannelPipeline.java:1410)
	at io.netty.channel.AbstractChannelHandlerContext.invokeChannelRead(AbstractChannelHandlerContext.java:379)
	at io.netty.channel.AbstractChannelHandlerContext.invokeChannelRead(AbstractChannelHandlerContext.java:365)
	at io.netty.channel.DefaultChannelPipeline.fireChannelRead(DefaultChannelPipeline.java:919)
	at io.netty.channel.nio.AbstractNioByteChannel$NioByteUnsafe.read(AbstractNioByteChannel.java:166)
	at io.netty.channel.nio.NioEventLoop.processSelectedKey(NioEventLoop.java:719)
	at io.netty.channel.nio.NioEventLoop.processSelectedKeysOptimized(NioEventLoop.java:655)
	at io.netty.channel.nio.NioEventLoop.processSelectedKeys(NioEventLoop.java:581)
	at io.netty.channel.nio.NioEventLoop.run(NioEventLoop.java:493)
	at io.netty.util.concurrent.SingleThreadEventExecutor$4.run(SingleThreadEventExecutor.java:989)
	at io.netty.util.internal.ThreadExecutorMap$2.run(ThreadExecutorMap.java:74)
	at io.netty.util.concurrent.FastThreadLocalRunnable.run(FastThreadLocalRunnable.java:30)
	at java.lang.Thread.run(Thread.java:745)
Caused by: java.lang.IllegalArgumentException: Cannot support TLS_ECDHE_ECDSA_WITH_AES_256_CBC_SHA384 with currently installed providers
	at sun.security.ssl.CipherSuiteList.<init>(CipherSuiteList.java:92)
	at sun.security.ssl.SSLEngineImpl.setEnabledCipherSuites(SSLEngineImpl.java:2038)
	at io.netty.handler.ssl.JdkSslContext.configureAndWrapEngine(JdkSslContext.java:341)
	at io.netty.handler.ssl.JdkSslContext.newEngine(JdkSslContext.java:331)
	at io.netty.handler.ssl.SslContext.newHandler(SslContext.java:956)
	at io.netty.handler.ssl.SslContext.newHandler(SslContext.java:948)
	at io.netty.handler.ssl.OptionalSslHandler.newSslHandler(OptionalSslHandler.java:97)
	at org.apache.zookeeper.server.NettyServerCnxnFactory$DualModeSslHandler.newSslHandler(NettyServerCnxnFactory.java:171)
	at io.netty.handler.ssl.OptionalSslHandler.handleSsl(OptionalSslHandler.java:57)
	at io.netty.handler.ssl.OptionalSslHandler.decode(OptionalSslHandler.java:48)
	at org.apache.zookeeper.server.NettyServerCnxnFactory$DualModeSslHandler.decode(NettyServerCnxnFactory.java:142)
	at io.netty.handler.codec.ByteToMessageDecoder.decodeRemovalReentryProtection(ByteToMessageDecoder.java:508)
	at io.netty.handler.codec.ByteToMessageDecoder.callDecode(ByteToMessageDecoder.java:447)
	... 17 more
2021-11-08 11:20:49,429 [myid:0] - WARN  [nioEventLoopGroup-29-11:NettyServerCnxnFactory$CnxnChannelHandler@293] - Exception caught
io.netty.handler.codec.DecoderException: java.lang.NullPointerException
	at io.netty.handler.codec.ByteToMessageDecoder.callDecode(ByteToMessageDecoder.java:478)
	at io.netty.handler.codec.ByteToMessageDecoder.channelInputClosed(ByteToMessageDecoder.java:404)
	at io.netty.handler.codec.ByteToMessageDecoder.channelInputClosed(ByteToMessageDecoder.java:371)
	at io.netty.handler.codec.ByteToMessageDecoder.channelInactive(ByteToMessageDecoder.java:354)
	at io.netty.channel.AbstractChannelHandlerContext.invokeChannelInactive(AbstractChannelHandlerContext.java:262)
	at io.netty.channel.AbstractChannelHandlerContext.invokeChannelInactive(AbstractChannelHandlerContext.java:248)
	at io.netty.channel.AbstractChannelHandlerContext.fireChannelInactive(AbstractChannelHandlerContext.java:241)
	at io.netty.channel.DefaultChannelPipeline$HeadContext.channelInactive(DefaultChannelPipeline.java:1405)
	at io.netty.channel.AbstractChannelHandlerContext.invokeChannelInactive(AbstractChannelHandlerContext.java:262)
	at io.netty.channel.AbstractChannelHandlerContext.invokeChannelInactive(AbstractChannelHandlerContext.java:248)
	at io.netty.channel.DefaultChannelPipeline.fireChannelInactive(DefaultChannelPipeline.java:901)
	at io.netty.channel.AbstractChannel$AbstractUnsafe$8.run(AbstractChannel.java:819)
	at io.netty.util.concurrent.AbstractEventExecutor.safeExecute(AbstractEventExecutor.java:164)
	at io.netty.util.concurrent.SingleThreadEventExecutor.runAllTasks(SingleThreadEventExecutor.java:472)
	at io.netty.channel.nio.NioEventLoop.run(NioEventLoop.java:497)
	at io.netty.util.concurrent.SingleThreadEventExecutor$4.run(SingleThreadEventExecutor.java:989)
	at io.netty.util.internal.ThreadExecutorMap$2.run(ThreadExecutorMap.java:74)
	at io.netty.util.concurrent.FastThreadLocalRunnable.run(FastThreadLocalRunnable.java:30)
	at java.lang.Thread.run(Thread.java:745)
Caused by: java.lang.NullPointerException
	at java.util.Objects.requireNonNull(Objects.java:203)
	at org.apache.zookeeper.server.NettyServerCnxnFactory$DualModeSslHandler.newSslHandler(NettyServerCnxnFactory.java:169)
	at io.netty.handler.ssl.OptionalSslHandler.handleSsl(OptionalSslHandler.java:57)
	at io.netty.handler.ssl.OptionalSslHandler.decode(OptionalSslHandler.java:48)
	at org.apache.zookeeper.server.NettyServerCnxnFactory$DualModeSslHandler.decode(NettyServerCnxnFactory.java:142)
	at io.netty.handler.codec.ByteToMessageDecoder.decodeRemovalReentryProtection(ByteToMessageDecoder.java:508)
	at io.netty.handler.codec.ByteToMessageDecoder.callDecode(ByteToMessageDecoder.java:447)
	... 18 more
2021-11-08 11:20:49,430 [myid:127.0.0.1:27393] - INFO  [nioEventLoopGroup-34-1:ClientCnxnSocketNetty$ZKClientHandler@469] - channel is disconnected: [id: 0xef3ae4a4, L:/127.0.0.1:14855 ! R:xmind.net/127.0.0.1:27393]
2021-11-08 11:20:49,431 [myid:127.0.0.1:27393] - INFO  [nioEventLoopGroup-34-1:ClientCnxnSocketNetty@249] - channel is told closing
2021-11-08 11:20:49,431 [myid:127.0.0.1:27393] - WARN  [main-SendThread(127.0.0.1:27393):ClientCnxn$SendThread@1290] - Session 0x0 for sever xmind.net/127.0.0.1:27393, Closing socket connection. Attempting reconnect except it is a SessionExpiredException.
EndOfStreamException: channel for sessionid 0x0 is lost
	at org.apache.zookeeper.ClientCnxnSocketNetty.doTransport(ClientCnxnSocketNetty.java:285)
	at org.apache.zookeeper.ClientCnxn$SendThread.run(ClientCnxn.java:1280)
2021-11-08 11:20:49,767 [myid:127.0.0.1:27381] - INFO  [main-SendThread(127.0.0.1:27381):ClientCnxn$SendThread@1171] - Opening socket connection to server xmind.net/127.0.0.1:27381.
2021-11-08 11:20:49,767 [myid:127.0.0.1:27381] - INFO  [main-SendThread(127.0.0.1:27381):ClientCnxn$SendThread@1173] - SASL config status: Will not attempt to authenticate using SASL (unknown error)
2021-11-08 11:20:49,768 [myid:127.0.0.1:27381] - INFO  [nioEventLoopGroup-20-1:ClientCnxnSocketNetty$ZKClientPipelineFactory@454] - SSL handler added for channel: [id: 0x42e15543]
2021-11-08 11:20:49,769 [myid:127.0.0.1:27381] - INFO  [nioEventLoopGroup-20-1:ClientCnxn$SendThread@1005] - Socket connection established, initiating session, client: /127.0.0.1:14872, server: xmind.net/127.0.0.1:27381
2021-11-08 11:20:49,769 [myid:127.0.0.1:27381] - INFO  [nioEventLoopGroup-20-1:ClientCnxnSocketNetty$1@184] - channel is connected: [id: 0x42e15543, L:/127.0.0.1:14872 - R:xmind.net/127.0.0.1:27381]
2021-11-08 11:20:49,769 [myid:0] - WARN  [nioEventLoopGroup-17-9:ChannelInitializer@97] - Failed to initialize a channel. Closing: [id: 0x59f5899a, L:/127.0.0.1:27381 - R:/127.0.0.1:14872]
java.lang.IllegalArgumentException: Cannot support TLS_ECDHE_ECDSA_WITH_AES_256_CBC_SHA384 with currently installed providers
	at sun.security.ssl.CipherSuiteList.<init>(CipherSuiteList.java:92)
	at sun.security.ssl.SSLEngineImpl.setEnabledCipherSuites(SSLEngineImpl.java:2038)
	at io.netty.handler.ssl.JdkSslContext.configureAndWrapEngine(JdkSslContext.java:341)
	at io.netty.handler.ssl.JdkSslContext.newEngine(JdkSslContext.java:331)
	at io.netty.handler.ssl.SslContext.newHandler(SslContext.java:956)
	at io.netty.handler.ssl.SslContext.newHandler(SslContext.java:948)
	at org.apache.zookeeper.server.NettyServerCnxnFactory.initSSL(NettyServerCnxnFactory.java:575)
	at org.apache.zookeeper.server.NettyServerCnxnFactory.access$1300(NettyServerCnxnFactory.java:80)
	at org.apache.zookeeper.server.NettyServerCnxnFactory$1.initChannel(NettyServerCnxnFactory.java:540)
	at org.apache.zookeeper.server.NettyServerCnxnFactory$1.initChannel(NettyServerCnxnFactory.java:532)
	at io.netty.channel.ChannelInitializer.initChannel(ChannelInitializer.java:129)
	at io.netty.channel.ChannelInitializer.handlerAdded(ChannelInitializer.java:112)
	at io.netty.channel.AbstractChannelHandlerContext.callHandlerAdded(AbstractChannelHandlerContext.java:938)
	at io.netty.channel.DefaultChannelPipeline.callHandlerAdded0(DefaultChannelPipeline.java:609)
	at io.netty.channel.DefaultChannelPipeline.access$100(DefaultChannelPipeline.java:46)
	at io.netty.channel.DefaultChannelPipeline$PendingHandlerAddedTask.execute(DefaultChannelPipeline.java:1463)
	at io.netty.channel.DefaultChannelPipeline.callHandlerAddedForAllHandlers(DefaultChannelPipeline.java:1115)
	at io.netty.channel.DefaultChannelPipeline.invokeHandlerAddedIfNeeded(DefaultChannelPipeline.java:650)
	at io.netty.channel.AbstractChannel$AbstractUnsafe.register0(AbstractChannel.java:502)
	at io.netty.channel.AbstractChannel$AbstractUnsafe.access$200(AbstractChannel.java:417)
	at io.netty.channel.AbstractChannel$AbstractUnsafe$1.run(AbstractChannel.java:474)
	at io.netty.util.concurrent.AbstractEventExecutor.safeExecute(AbstractEventExecutor.java:164)
	at io.netty.util.concurrent.SingleThreadEventExecutor.runAllTasks(SingleThreadEventExecutor.java:472)
	at io.netty.channel.nio.NioEventLoop.run(NioEventLoop.java:500)
	at io.netty.util.concurrent.SingleThreadEventExecutor$4.run(SingleThreadEventExecutor.java:989)
	at io.netty.util.internal.ThreadExecutorMap$2.run(ThreadExecutorMap.java:74)
	at io.netty.util.concurrent.FastThreadLocalRunnable.run(FastThreadLocalRunnable.java:30)
	at java.lang.Thread.run(Thread.java:745)
2021-11-08 11:20:49,769 [myid:127.0.0.1:27381] - INFO  [nioEventLoopGroup-20-1:ClientCnxnSocketNetty$ZKClientHandler@469] - channel is disconnected: [id: 0x42e15543, L:/127.0.0.1:14872 ! R:xmind.net/127.0.0.1:27381]
2021-11-08 11:20:49,770 [myid:127.0.0.1:27381] - INFO  [nioEventLoopGroup-20-1:ClientCnxnSocketNetty@249] - channel is told closing
2021-11-08 11:20:49,770 [myid:127.0.0.1:27381] - WARN  [main-SendThread(127.0.0.1:27381):ClientCnxn$SendThread@1290] - Session 0x0 for sever xmind.net/127.0.0.1:27381, Closing socket connection. Attempting reconnect except it is a SessionExpiredException.
EndOfStreamException: channel for sessionid 0x0 is lost
	at org.apache.zookeeper.ClientCnxnSocketNetty.doTransport(ClientCnxnSocketNetty.java:285)
	at org.apache.zookeeper.ClientCnxn$SendThread.run(ClientCnxn.java:1280)
2021-11-08 11:20:50,281 [myid:127.0.0.1:27392] - WARN  [nioEventLoopGroup-21-1:ClientCnxnSocketNetty$1@150] - future isn't success.
io.netty.channel.AbstractChannel$AnnotatedConnectException: Connection refused: no further information: xmind.net/127.0.0.1:27392
Caused by: java.net.ConnectException: Connection refused: no further information
	at sun.nio.ch.SocketChannelImpl.checkConnect(Native Method)
	at sun.nio.ch.SocketChannelImpl.finishConnect(SocketChannelImpl.java:716)
	at io.netty.channel.socket.nio.NioSocketChannel.doFinishConnect(NioSocketChannel.java:330)
	at io.netty.channel.nio.AbstractNioChannel$AbstractNioUnsafe.finishConnect(AbstractNioChannel.java:334)
	at io.netty.channel.nio.NioEventLoop.processSelectedKey(NioEventLoop.java:707)
	at io.netty.channel.nio.NioEventLoop.processSelectedKeysOptimized(NioEventLoop.java:655)
	at io.netty.channel.nio.NioEventLoop.processSelectedKeys(NioEventLoop.java:581)
	at io.netty.channel.nio.NioEventLoop.run(NioEventLoop.java:493)
	at io.netty.util.concurrent.SingleThreadEventExecutor$4.run(SingleThreadEventExecutor.java:989)
	at io.netty.util.internal.ThreadExecutorMap$2.run(ThreadExecutorMap.java:74)
	at io.netty.util.concurrent.FastThreadLocalRunnable.run(FastThreadLocalRunnable.java:30)
	at java.lang.Thread.run(Thread.java:745)
2021-11-08 11:20:50,936 [myid:127.0.0.1:27393] - INFO  [main-SendThread(127.0.0.1:27393):ClientCnxn$SendThread@1171] - Opening socket connection to server xmind.net/127.0.0.1:27393.
2021-11-08 11:20:50,936 [myid:127.0.0.1:27393] - INFO  [main-SendThread(127.0.0.1:27393):ClientCnxn$SendThread@1173] - SASL config status: Will not attempt to authenticate using SASL (unknown error)
2021-11-08 11:20:50,937 [myid:127.0.0.1:27393] - INFO  [nioEventLoopGroup-34-1:ClientCnxnSocketNetty$ZKClientPipelineFactory@454] - SSL handler added for channel: [id: 0x3bdc5105]
2021-11-08 11:20:50,938 [myid:127.0.0.1:27393] - INFO  [nioEventLoopGroup-34-1:ClientCnxn$SendThread@1005] - Socket connection established, initiating session, client: /127.0.0.1:14892, server: xmind.net/127.0.0.1:27393
2021-11-08 11:20:50,938 [myid:127.0.0.1:27393] - INFO  [nioEventLoopGroup-34-1:ClientCnxnSocketNetty$1@184] - channel is connected: [id: 0x3bdc5105, L:/127.0.0.1:14892 - R:xmind.net/127.0.0.1:27393]
2021-11-08 11:20:50,939 [myid:0] - WARN  [nioEventLoopGroup-29-12:NettyServerCnxnFactory$CnxnChannelHandler@293] - Exception caught
io.netty.handler.codec.DecoderException: java.lang.IllegalArgumentException: Cannot support TLS_ECDHE_ECDSA_WITH_AES_256_CBC_SHA384 with currently installed providers
	at io.netty.handler.codec.ByteToMessageDecoder.callDecode(ByteToMessageDecoder.java:478)
	at io.netty.handler.codec.ByteToMessageDecoder.channelRead(ByteToMessageDecoder.java:276)
	at io.netty.channel.AbstractChannelHandlerContext.invokeChannelRead(AbstractChannelHandlerContext.java:379)
	at io.netty.channel.AbstractChannelHandlerContext.invokeChannelRead(AbstractChannelHandlerContext.java:365)
	at io.netty.channel.AbstractChannelHandlerContext.fireChannelRead(AbstractChannelHandlerContext.java:357)
	at io.netty.channel.DefaultChannelPipeline$HeadContext.channelRead(DefaultChannelPipeline.java:1410)
	at io.netty.channel.AbstractChannelHandlerContext.invokeChannelRead(AbstractChannelHandlerContext.java:379)
	at io.netty.channel.AbstractChannelHandlerContext.invokeChannelRead(AbstractChannelHandlerContext.java:365)
	at io.netty.channel.DefaultChannelPipeline.fireChannelRead(DefaultChannelPipeline.java:919)
	at io.netty.channel.nio.AbstractNioByteChannel$NioByteUnsafe.read(AbstractNioByteChannel.java:166)
	at io.netty.channel.nio.NioEventLoop.processSelectedKey(NioEventLoop.java:719)
	at io.netty.channel.nio.NioEventLoop.processSelectedKeysOptimized(NioEventLoop.java:655)
	at io.netty.channel.nio.NioEventLoop.processSelectedKeys(NioEventLoop.java:581)
	at io.netty.channel.nio.NioEventLoop.run(NioEventLoop.java:493)
	at io.netty.util.concurrent.SingleThreadEventExecutor$4.run(SingleThreadEventExecutor.java:989)
	at io.netty.util.internal.ThreadExecutorMap$2.run(ThreadExecutorMap.java:74)
	at io.netty.util.concurrent.FastThreadLocalRunnable.run(FastThreadLocalRunnable.java:30)
	at java.lang.Thread.run(Thread.java:745)
Caused by: java.lang.IllegalArgumentException: Cannot support TLS_ECDHE_ECDSA_WITH_AES_256_CBC_SHA384 with currently installed providers
	at sun.security.ssl.CipherSuiteList.<init>(CipherSuiteList.java:92)
	at sun.security.ssl.SSLEngineImpl.setEnabledCipherSuites(SSLEngineImpl.java:2038)
	at io.netty.handler.ssl.JdkSslContext.configureAndWrapEngine(JdkSslContext.java:341)
	at io.netty.handler.ssl.JdkSslContext.newEngine(JdkSslContext.java:331)
	at io.netty.handler.ssl.SslContext.newHandler(SslContext.java:956)
	at io.netty.handler.ssl.SslContext.newHandler(SslContext.java:948)
	at io.netty.handler.ssl.OptionalSslHandler.newSslHandler(OptionalSslHandler.java:97)
	at org.apache.zookeeper.server.NettyServerCnxnFactory$DualModeSslHandler.newSslHandler(NettyServerCnxnFactory.java:171)
	at io.netty.handler.ssl.OptionalSslHandler.handleSsl(OptionalSslHandler.java:57)
	at io.netty.handler.ssl.OptionalSslHandler.decode(OptionalSslHandler.java:48)
	at org.apache.zookeeper.server.NettyServerCnxnFactory$DualModeSslHandler.decode(NettyServerCnxnFactory.java:142)
	at io.netty.handler.codec.ByteToMessageDecoder.decodeRemovalReentryProtection(ByteToMessageDecoder.java:508)
	at io.netty.handler.codec.ByteToMessageDecoder.callDecode(ByteToMessageDecoder.java:447)
	... 17 more
2021-11-08 11:20:50,939 [myid:0] - WARN  [nioEventLoopGroup-29-12:NettyServerCnxnFactory$CnxnChannelHandler@293] - Exception caught
io.netty.handler.codec.DecoderException: java.lang.NullPointerException
	at io.netty.handler.codec.ByteToMessageDecoder.callDecode(ByteToMessageDecoder.java:478)
	at io.netty.handler.codec.ByteToMessageDecoder.channelInputClosed(ByteToMessageDecoder.java:404)
	at io.netty.handler.codec.ByteToMessageDecoder.channelInputClosed(ByteToMessageDecoder.java:371)
	at io.netty.handler.codec.ByteToMessageDecoder.channelInactive(ByteToMessageDecoder.java:354)
	at io.netty.channel.AbstractChannelHandlerContext.invokeChannelInactive(AbstractChannelHandlerContext.java:262)
	at io.netty.channel.AbstractChannelHandlerContext.invokeChannelInactive(AbstractChannelHandlerContext.java:248)
	at io.netty.channel.AbstractChannelHandlerContext.fireChannelInactive(AbstractChannelHandlerContext.java:241)
	at io.netty.channel.DefaultChannelPipeline$HeadContext.channelInactive(DefaultChannelPipeline.java:1405)
	at io.netty.channel.AbstractChannelHandlerContext.invokeChannelInactive(AbstractChannelHandlerContext.java:262)
	at io.netty.channel.AbstractChannelHandlerContext.invokeChannelInactive(AbstractChannelHandlerContext.java:248)
	at io.netty.channel.DefaultChannelPipeline.fireChannelInactive(DefaultChannelPipeline.java:901)
	at io.netty.channel.AbstractChannel$AbstractUnsafe$8.run(AbstractChannel.java:819)
	at io.netty.util.concurrent.AbstractEventExecutor.safeExecute(AbstractEventExecutor.java:164)
	at io.netty.util.concurrent.SingleThreadEventExecutor.runAllTasks(SingleThreadEventExecutor.java:472)
	at io.netty.channel.nio.NioEventLoop.run(NioEventLoop.java:497)
	at io.netty.util.concurrent.SingleThreadEventExecutor$4.run(SingleThreadEventExecutor.java:989)
	at io.netty.util.internal.ThreadExecutorMap$2.run(ThreadExecutorMap.java:74)
	at io.netty.util.concurrent.FastThreadLocalRunnable.run(FastThreadLocalRunnable.java:30)
	at java.lang.Thread.run(Thread.java:745)
Caused by: java.lang.NullPointerException
	at java.util.Objects.requireNonNull(Objects.java:203)
	at org.apache.zookeeper.server.NettyServerCnxnFactory$DualModeSslHandler.newSslHandler(NettyServerCnxnFactory.java:169)
	at io.netty.handler.ssl.OptionalSslHandler.handleSsl(OptionalSslHandler.java:57)
	at io.netty.handler.ssl.OptionalSslHandler.decode(OptionalSslHandler.java:48)
	at org.apache.zookeeper.server.NettyServerCnxnFactory$DualModeSslHandler.decode(NettyServerCnxnFactory.java:142)
	at io.netty.handler.codec.ByteToMessageDecoder.decodeRemovalReentryProtection(ByteToMessageDecoder.java:508)
	at io.netty.handler.codec.ByteToMessageDecoder.callDecode(ByteToMessageDecoder.java:447)
	... 18 more
2021-11-08 11:20:50,939 [myid:127.0.0.1:27393] - INFO  [nioEventLoopGroup-34-1:ClientCnxnSocketNetty$ZKClientHandler@469] - channel is disconnected: [id: 0x3bdc5105, L:/127.0.0.1:14892 ! R:xmind.net/127.0.0.1:27393]
2021-11-08 11:20:50,939 [myid:127.0.0.1:27393] - INFO  [nioEventLoopGroup-34-1:ClientCnxnSocketNetty@249] - channel is told closing
2021-11-08 11:20:50,939 [myid:127.0.0.1:27393] - WARN  [main-SendThread(127.0.0.1:27393):ClientCnxn$SendThread@1290] - Session 0x0 for sever xmind.net/127.0.0.1:27393, Closing socket connection. Attempting reconnect except it is a SessionExpiredException.
EndOfStreamException: channel for sessionid 0x0 is lost
	at org.apache.zookeeper.ClientCnxnSocketNetty.doTransport(ClientCnxnSocketNetty.java:285)
	at org.apache.zookeeper.ClientCnxn$SendThread.run(ClientCnxn.java:1280)
2021-11-08 11:20:51,284 [myid:127.0.0.1:27392] - INFO  [main-SendThread(127.0.0.1:27392):ClientCnxn$SendThread@1171] - Opening socket connection to server xmind.net/127.0.0.1:27392.
2021-11-08 11:20:51,284 [myid:127.0.0.1:27392] - INFO  [main-SendThread(127.0.0.1:27392):ClientCnxn$SendThread@1173] - SASL config status: Will not attempt to authenticate using SASL (unknown error)
2021-11-08 11:20:51,285 [myid:127.0.0.1:27392] - INFO  [nioEventLoopGroup-21-1:ClientCnxnSocketNetty$ZKClientPipelineFactory@454] - SSL handler added for channel: [id: 0x26e8511e]
2021-11-08 11:20:51,457 [myid:127.0.0.1:27381] - INFO  [main-SendThread(127.0.0.1:27381):ClientCnxn$SendThread@1171] - Opening socket connection to server xmind.net/127.0.0.1:27381.
2021-11-08 11:20:51,457 [myid:127.0.0.1:27381] - INFO  [main-SendThread(127.0.0.1:27381):ClientCnxn$SendThread@1173] - SASL config status: Will not attempt to authenticate using SASL (unknown error)
2021-11-08 11:20:51,458 [myid:127.0.0.1:27381] - INFO  [nioEventLoopGroup-20-1:ClientCnxnSocketNetty$ZKClientPipelineFactory@454] - SSL handler added for channel: [id: 0xf26fa11b]
2021-11-08 11:20:51,459 [myid:127.0.0.1:27381] - INFO  [nioEventLoopGroup-20-1:ClientCnxn$SendThread@1005] - Socket connection established, initiating session, client: /127.0.0.1:14939, server: xmind.net/127.0.0.1:27381
2021-11-08 11:20:51,459 [myid:127.0.0.1:27381] - INFO  [nioEventLoopGroup-20-1:ClientCnxnSocketNetty$1@184] - channel is connected: [id: 0xf26fa11b, L:/127.0.0.1:14939 - R:xmind.net/127.0.0.1:27381]
2021-11-08 11:20:51,459 [myid:0] - WARN  [nioEventLoopGroup-17-10:ChannelInitializer@97] - Failed to initialize a channel. Closing: [id: 0xf3a6c87f, L:/127.0.0.1:27381 - R:/127.0.0.1:14939]
java.lang.IllegalArgumentException: Cannot support TLS_ECDHE_ECDSA_WITH_AES_256_CBC_SHA384 with currently installed providers
	at sun.security.ssl.CipherSuiteList.<init>(CipherSuiteList.java:92)
	at sun.security.ssl.SSLEngineImpl.setEnabledCipherSuites(SSLEngineImpl.java:2038)
	at io.netty.handler.ssl.JdkSslContext.configureAndWrapEngine(JdkSslContext.java:341)
	at io.netty.handler.ssl.JdkSslContext.newEngine(JdkSslContext.java:331)
	at io.netty.handler.ssl.SslContext.newHandler(SslContext.java:956)
	at io.netty.handler.ssl.SslContext.newHandler(SslContext.java:948)
	at org.apache.zookeeper.server.NettyServerCnxnFactory.initSSL(NettyServerCnxnFactory.java:575)
	at org.apache.zookeeper.server.NettyServerCnxnFactory.access$1300(NettyServerCnxnFactory.java:80)
	at org.apache.zookeeper.server.NettyServerCnxnFactory$1.initChannel(NettyServerCnxnFactory.java:540)
	at org.apache.zookeeper.server.NettyServerCnxnFactory$1.initChannel(NettyServerCnxnFactory.java:532)
	at io.netty.channel.ChannelInitializer.initChannel(ChannelInitializer.java:129)
	at io.netty.channel.ChannelInitializer.handlerAdded(ChannelInitializer.java:112)
	at io.netty.channel.AbstractChannelHandlerContext.callHandlerAdded(AbstractChannelHandlerContext.java:938)
	at io.netty.channel.DefaultChannelPipeline.callHandlerAdded0(DefaultChannelPipeline.java:609)
	at io.netty.channel.DefaultChannelPipeline.access$100(DefaultChannelPipeline.java:46)
	at io.netty.channel.DefaultChannelPipeline$PendingHandlerAddedTask.execute(DefaultChannelPipeline.java:1463)
	at io.netty.channel.DefaultChannelPipeline.callHandlerAddedForAllHandlers(DefaultChannelPipeline.java:1115)
	at io.netty.channel.DefaultChannelPipeline.invokeHandlerAddedIfNeeded(DefaultChannelPipeline.java:650)
	at io.netty.channel.AbstractChannel$AbstractUnsafe.register0(AbstractChannel.java:502)
	at io.netty.channel.AbstractChannel$AbstractUnsafe.access$200(AbstractChannel.java:417)
	at io.netty.channel.AbstractChannel$AbstractUnsafe$1.run(AbstractChannel.java:474)
	at io.netty.util.concurrent.AbstractEventExecutor.safeExecute(AbstractEventExecutor.java:164)
	at io.netty.util.concurrent.SingleThreadEventExecutor.runAllTasks(SingleThreadEventExecutor.java:472)
	at io.netty.channel.nio.NioEventLoop.run(NioEventLoop.java:500)
	at io.netty.util.concurrent.SingleThreadEventExecutor$4.run(SingleThreadEventExecutor.java:989)
	at io.netty.util.internal.ThreadExecutorMap$2.run(ThreadExecutorMap.java:74)
	at io.netty.util.concurrent.FastThreadLocalRunnable.run(FastThreadLocalRunnable.java:30)
	at java.lang.Thread.run(Thread.java:745)
2021-11-08 11:20:51,471 [myid:127.0.0.1:27381] - INFO  [nioEventLoopGroup-20-1:ClientCnxnSocketNetty$ZKClientHandler@469] - channel is disconnected: [id: 0xf26fa11b, L:/127.0.0.1:14939 ! R:xmind.net/127.0.0.1:27381]
2021-11-08 11:20:51,471 [myid:127.0.0.1:27381] - INFO  [nioEventLoopGroup-20-1:ClientCnxnSocketNetty@249] - channel is told closing
2021-11-08 11:20:51,471 [myid:127.0.0.1:27381] - WARN  [main-SendThread(127.0.0.1:27381):ClientCnxn$SendThread@1290] - Session 0x0 for sever xmind.net/127.0.0.1:27381, Closing socket connection. Attempting reconnect except it is a SessionExpiredException.
EndOfStreamException: channel for sessionid 0x0 is lost
	at org.apache.zookeeper.ClientCnxnSocketNetty.doTransport(ClientCnxnSocketNetty.java:285)
	at org.apache.zookeeper.ClientCnxn$SendThread.run(ClientCnxn.java:1280)
2021-11-08 11:20:51,917 [myid:] - INFO  [main:QuorumPeerTestBase@64] - No servers to shutdown!
2021-11-08 11:20:51,917 [myid:] - INFO  [main:ZKTestCase@82] - FINISHED Optional[public void org.apache.zookeeper.test.ClientSSLTest.testClientServerUnifiedPort() throws java.lang.Exception]
]]></system-out>
  </testcase>
  <testcase name="testSecureStandaloneServerAuthFail" classname="org.apache.zookeeper.test.ClientSSLTest" time="3.019"/>
</testsuite>