<?xml version="1.0" encoding="UTF-8"?>
<testsuite xmlns:xsi="http://www.w3.org/2001/XMLSchema-instance" xsi:noNamespaceSchemaLocation="https://maven.apache.org/surefire/maven-surefire-plugin/xsd/surefire-test-report.xsd" name="org.apache.zookeeper.server.X509AuthFailureTest" time="52.41" tests="1" errors="0" skipped="0" failures="1">
  <properties>
    <property name="sun.desktop" value="windows"/>
    <property name="build.test.dir" value="D:\mysoft\faiscoGit\myStudy\ZooKeeperLearning\apache-zookeeper-3.7.0\zookeeper-server\target/surefire"/>
    <property name="awt.toolkit" value="sun.awt.windows.WToolkit"/>
    <property name="file.encoding.pkg" value="sun.io"/>
    <property name="java.specification.version" value="1.8"/>
    <property name="sun.cpu.isalist" value="amd64"/>
    <property name="sun.jnu.encoding" value="GBK"/>
    <property name="java.class.path" value="D:\mysoft\faiscoGit\myStudy\ZooKeeperLearning\apache-zookeeper-3.7.0\zookeeper-server\target\test-classes;D:\mysoft\faiscoGit\myStudy\ZooKeeperLearning\apache-zookeeper-3.7.0\zookeeper-server\target\classes;D:\mysoft\maven\repository\com\github\spotbugs\spotbugs-annotations\4.0.2\spotbugs-annotations-4.0.2.jar;D:\mysoft\maven\repository\com\google\code\findbugs\jsr305\3.0.2\jsr305-3.0.2.jar;D:\mysoft\maven\repository\org\hamcrest\hamcrest-library\2.2\hamcrest-library-2.2.jar;D:\mysoft\maven\repository\org\hamcrest\hamcrest-core\2.2\hamcrest-core-2.2.jar;D:\mysoft\maven\repository\org\hamcrest\hamcrest\2.2\hamcrest-2.2.jar;D:\mysoft\maven\repository\org\apache\commons\commons-collections4\4.4\commons-collections4-4.4.jar;D:\mysoft\maven\repository\org\apache\zookeeper\zookeeper-jute\3.7.0\zookeeper-jute-3.7.0.jar;D:\mysoft\maven\repository\commons-cli\commons-cli\1.4\commons-cli-1.4.jar;D:\mysoft\maven\repository\org\apache\yetus\audience-annotations\0.12.0\audience-annotations-0.12.0.jar;D:\mysoft\maven\repository\io\netty\netty-handler\4.1.59.Final\netty-handler-4.1.59.Final.jar;D:\mysoft\maven\repository\io\netty\netty-common\4.1.59.Final\netty-common-4.1.59.Final.jar;D:\mysoft\maven\repository\io\netty\netty-resolver\4.1.59.Final\netty-resolver-4.1.59.Final.jar;D:\mysoft\maven\repository\io\netty\netty-buffer\4.1.59.Final\netty-buffer-4.1.59.Final.jar;D:\mysoft\maven\repository\io\netty\netty-transport\4.1.59.Final\netty-transport-4.1.59.Final.jar;D:\mysoft\maven\repository\io\netty\netty-codec\4.1.59.Final\netty-codec-4.1.59.Final.jar;D:\mysoft\maven\repository\io\netty\netty-transport-native-epoll\4.1.59.Final\netty-transport-native-epoll-4.1.59.Final.jar;D:\mysoft\maven\repository\io\netty\netty-transport-native-unix-common\4.1.59.Final\netty-transport-native-unix-common-4.1.59.Final.jar;D:\mysoft\maven\repository\org\slf4j\slf4j-api\1.7.30\slf4j-api-1.7.30.jar;D:\mysoft\maven\repository\org\slf4j\slf4j-log4j12\1.7.30\slf4j-log4j12-1.7.30.jar;D:\mysoft\maven\repository\org\eclipse\jetty\jetty-server\9.4.38.v20210224\jetty-server-9.4.38.v20210224.jar;D:\mysoft\maven\repository\javax\servlet\javax.servlet-api\3.1.0\javax.servlet-api-3.1.0.jar;D:\mysoft\maven\repository\org\eclipse\jetty\jetty-http\9.4.38.v20210224\jetty-http-9.4.38.v20210224.jar;D:\mysoft\maven\repository\org\eclipse\jetty\jetty-util\9.4.38.v20210224\jetty-util-9.4.38.v20210224.jar;D:\mysoft\maven\repository\org\eclipse\jetty\jetty-io\9.4.38.v20210224\jetty-io-9.4.38.v20210224.jar;D:\mysoft\maven\repository\org\eclipse\jetty\jetty-servlet\9.4.38.v20210224\jetty-servlet-9.4.38.v20210224.jar;D:\mysoft\maven\repository\org\eclipse\jetty\jetty-security\9.4.38.v20210224\jetty-security-9.4.38.v20210224.jar;D:\mysoft\maven\repository\org\eclipse\jetty\jetty-util-ajax\9.4.38.v20210224\jetty-util-ajax-9.4.38.v20210224.jar;D:\mysoft\maven\repository\org\eclipse\jetty\jetty-client\9.4.38.v20210224\jetty-client-9.4.38.v20210224.jar;D:\mysoft\maven\repository\com\fasterxml\jackson\core\jackson-databind\2.10.5.1\jackson-databind-2.10.5.1.jar;D:\mysoft\maven\repository\com\fasterxml\jackson\core\jackson-annotations\2.10.5\jackson-annotations-2.10.5.jar;D:\mysoft\maven\repository\com\fasterxml\jackson\core\jackson-core\2.10.5\jackson-core-2.10.5.jar;D:\mysoft\maven\repository\org\bouncycastle\bcprov-jdk15on\1.60\bcprov-jdk15on-1.60.jar;D:\mysoft\maven\repository\org\bouncycastle\bcpkix-jdk15on\1.60\bcpkix-jdk15on-1.60.jar;D:\mysoft\maven\repository\jline\jline\2.14.6\jline-2.14.6.jar;D:\mysoft\maven\repository\io\dropwizard\metrics\metrics-core\4.1.12.1\metrics-core-4.1.12.1.jar;D:\mysoft\maven\repository\log4j\log4j\1.2.17\log4j-1.2.17.jar;D:\mysoft\maven\repository\org\apache\kerby\kerb-core\2.0.0\kerb-core-2.0.0.jar;D:\mysoft\maven\repository\org\apache\kerby\kerby-pkix\2.0.0\kerby-pkix-2.0.0.jar;D:\mysoft\maven\repository\org\apache\kerby\kerby-asn1\2.0.0\kerby-asn1-2.0.0.jar;D:\mysoft\maven\repository\org\apache\kerby\kerby-util\2.0.0\kerby-util-2.0.0.jar;D:\mysoft\maven\repository\org\apache\kerby\kerb-simplekdc\2.0.0\kerb-simplekdc-2.0.0.jar;D:\mysoft\maven\repository\org\apache\kerby\kerb-client\2.0.0\kerb-client-2.0.0.jar;D:\mysoft\maven\repository\org\apache\kerby\kerb-common\2.0.0\kerb-common-2.0.0.jar;D:\mysoft\maven\repository\org\apache\kerby\kerb-crypto\2.0.0\kerb-crypto-2.0.0.jar;D:\mysoft\maven\repository\commons-io\commons-io\2.6\commons-io-2.6.jar;D:\mysoft\maven\repository\org\apache\kerby\kerb-util\2.0.0\kerb-util-2.0.0.jar;D:\mysoft\maven\repository\org\apache\kerby\token-provider\2.0.0\token-provider-2.0.0.jar;D:\mysoft\maven\repository\com\nimbusds\nimbus-jose-jwt\4.41.2\nimbus-jose-jwt-4.41.2.jar;D:\mysoft\maven\repository\com\github\stephenc\jcip\jcip-annotations\1.0-1\jcip-annotations-1.0-1.jar;D:\mysoft\maven\repository\net\minidev\json-smart\2.3\json-smart-2.3.jar;D:\mysoft\maven\repository\net\minidev\accessors-smart\1.2\accessors-smart-1.2.jar;D:\mysoft\maven\repository\org\ow2\asm\asm\5.0.4\asm-5.0.4.jar;D:\mysoft\maven\repository\org\apache\kerby\kerb-admin\2.0.0\kerb-admin-2.0.0.jar;D:\mysoft\maven\repository\org\apache\kerby\kerb-server\2.0.0\kerb-server-2.0.0.jar;D:\mysoft\maven\repository\org\apache\kerby\kerb-identity\2.0.0\kerb-identity-2.0.0.jar;D:\mysoft\maven\repository\org\apache\kerby\kerby-xdr\2.0.0\kerby-xdr-2.0.0.jar;D:\mysoft\maven\repository\org\apache\kerby\kerby-config\2.0.0\kerby-config-2.0.0.jar;D:\mysoft\maven\repository\org\mockito\mockito-core\3.6.28\mockito-core-3.6.28.jar;D:\mysoft\maven\repository\net\bytebuddy\byte-buddy\1.10.18\byte-buddy-1.10.18.jar;D:\mysoft\maven\repository\net\bytebuddy\byte-buddy-agent\1.10.18\byte-buddy-agent-1.10.18.jar;D:\mysoft\maven\repository\org\objenesis\objenesis\3.1\objenesis-3.1.jar;D:\mysoft\maven\repository\org\jmockit\jmockit\1.48\jmockit-1.48.jar;D:\mysoft\maven\repository\org\junit\jupiter\junit-jupiter-api\5.6.2\junit-jupiter-api-5.6.2.jar;D:\mysoft\maven\repository\org\apiguardian\apiguardian-api\1.1.0\apiguardian-api-1.1.0.jar;D:\mysoft\maven\repository\org\opentest4j\opentest4j\1.2.0\opentest4j-1.2.0.jar;D:\mysoft\maven\repository\org\junit\platform\junit-platform-commons\1.6.2\junit-platform-commons-1.6.2.jar;D:\mysoft\maven\repository\org\junit\jupiter\junit-jupiter-engine\5.6.2\junit-jupiter-engine-5.6.2.jar;D:\mysoft\maven\repository\org\junit\platform\junit-platform-engine\1.6.2\junit-platform-engine-1.6.2.jar;D:\mysoft\maven\repository\org\junit\jupiter\junit-jupiter-params\5.6.2\junit-jupiter-params-5.6.2.jar;D:\mysoft\maven\repository\org\junit\platform\junit-platform-runner\1.6.2\junit-platform-runner-1.6.2.jar;D:\mysoft\maven\repository\junit\junit\4.13\junit-4.13.jar;D:\mysoft\maven\repository\org\junit\platform\junit-platform-launcher\1.6.2\junit-platform-launcher-1.6.2.jar;D:\mysoft\maven\repository\org\junit\platform\junit-platform-suite-api\1.6.2\junit-platform-suite-api-1.6.2.jar;D:\mysoft\maven\repository\org\xerial\snappy\snappy-java\1.1.7.7\snappy-java-1.1.7.7.jar;"/>
    <property name="java.vm.vendor" value="Oracle Corporation"/>
    <property name="sun.arch.data.model" value="64"/>
    <property name="user.variant" value=""/>
    <property name="java.vendor.url" value="http://java.oracle.com/"/>
    <property name="user.timezone" value="Asia/Shanghai"/>
    <property name="java.vm.specification.version" value="1.8"/>
    <property name="os.name" value="Windows 8.1"/>
    <property name="user.country" value="CN"/>
    <property name="sun.java.launcher" value="SUN_STANDARD"/>
    <property name="sun.boot.library.path" value="C:\Program Files\Java\jdk1.8.0_31\jre\bin"/>
    <property name="sun.java.command" value="C:\Users\faisco\AppData\Local\Temp\surefire7017171567299321585\surefirebooter8843150203210860388.jar C:\Users\faisco\AppData\Local\Temp\surefire7017171567299321585 2021-11-08T11-05-05_200-jvmRun1 surefire7228206123704729485tmp surefire_1641649687232622820599tmp"/>
    <property name="surefire.test.class.path" value="D:\mysoft\faiscoGit\myStudy\ZooKeeperLearning\apache-zookeeper-3.7.0\zookeeper-server\target\test-classes;D:\mysoft\faiscoGit\myStudy\ZooKeeperLearning\apache-zookeeper-3.7.0\zookeeper-server\target\classes;D:\mysoft\maven\repository\com\github\spotbugs\spotbugs-annotations\4.0.2\spotbugs-annotations-4.0.2.jar;D:\mysoft\maven\repository\com\google\code\findbugs\jsr305\3.0.2\jsr305-3.0.2.jar;D:\mysoft\maven\repository\org\hamcrest\hamcrest-library\2.2\hamcrest-library-2.2.jar;D:\mysoft\maven\repository\org\hamcrest\hamcrest-core\2.2\hamcrest-core-2.2.jar;D:\mysoft\maven\repository\org\hamcrest\hamcrest\2.2\hamcrest-2.2.jar;D:\mysoft\maven\repository\org\apache\commons\commons-collections4\4.4\commons-collections4-4.4.jar;D:\mysoft\maven\repository\org\apache\zookeeper\zookeeper-jute\3.7.0\zookeeper-jute-3.7.0.jar;D:\mysoft\maven\repository\commons-cli\commons-cli\1.4\commons-cli-1.4.jar;D:\mysoft\maven\repository\org\apache\yetus\audience-annotations\0.12.0\audience-annotations-0.12.0.jar;D:\mysoft\maven\repository\io\netty\netty-handler\4.1.59.Final\netty-handler-4.1.59.Final.jar;D:\mysoft\maven\repository\io\netty\netty-common\4.1.59.Final\netty-common-4.1.59.Final.jar;D:\mysoft\maven\repository\io\netty\netty-resolver\4.1.59.Final\netty-resolver-4.1.59.Final.jar;D:\mysoft\maven\repository\io\netty\netty-buffer\4.1.59.Final\netty-buffer-4.1.59.Final.jar;D:\mysoft\maven\repository\io\netty\netty-transport\4.1.59.Final\netty-transport-4.1.59.Final.jar;D:\mysoft\maven\repository\io\netty\netty-codec\4.1.59.Final\netty-codec-4.1.59.Final.jar;D:\mysoft\maven\repository\io\netty\netty-transport-native-epoll\4.1.59.Final\netty-transport-native-epoll-4.1.59.Final.jar;D:\mysoft\maven\repository\io\netty\netty-transport-native-unix-common\4.1.59.Final\netty-transport-native-unix-common-4.1.59.Final.jar;D:\mysoft\maven\repository\org\slf4j\slf4j-api\1.7.30\slf4j-api-1.7.30.jar;D:\mysoft\maven\repository\org\slf4j\slf4j-log4j12\1.7.30\slf4j-log4j12-1.7.30.jar;D:\mysoft\maven\repository\org\eclipse\jetty\jetty-server\9.4.38.v20210224\jetty-server-9.4.38.v20210224.jar;D:\mysoft\maven\repository\javax\servlet\javax.servlet-api\3.1.0\javax.servlet-api-3.1.0.jar;D:\mysoft\maven\repository\org\eclipse\jetty\jetty-http\9.4.38.v20210224\jetty-http-9.4.38.v20210224.jar;D:\mysoft\maven\repository\org\eclipse\jetty\jetty-util\9.4.38.v20210224\jetty-util-9.4.38.v20210224.jar;D:\mysoft\maven\repository\org\eclipse\jetty\jetty-io\9.4.38.v20210224\jetty-io-9.4.38.v20210224.jar;D:\mysoft\maven\repository\org\eclipse\jetty\jetty-servlet\9.4.38.v20210224\jetty-servlet-9.4.38.v20210224.jar;D:\mysoft\maven\repository\org\eclipse\jetty\jetty-security\9.4.38.v20210224\jetty-security-9.4.38.v20210224.jar;D:\mysoft\maven\repository\org\eclipse\jetty\jetty-util-ajax\9.4.38.v20210224\jetty-util-ajax-9.4.38.v20210224.jar;D:\mysoft\maven\repository\org\eclipse\jetty\jetty-client\9.4.38.v20210224\jetty-client-9.4.38.v20210224.jar;D:\mysoft\maven\repository\com\fasterxml\jackson\core\jackson-databind\2.10.5.1\jackson-databind-2.10.5.1.jar;D:\mysoft\maven\repository\com\fasterxml\jackson\core\jackson-annotations\2.10.5\jackson-annotations-2.10.5.jar;D:\mysoft\maven\repository\com\fasterxml\jackson\core\jackson-core\2.10.5\jackson-core-2.10.5.jar;D:\mysoft\maven\repository\org\bouncycastle\bcprov-jdk15on\1.60\bcprov-jdk15on-1.60.jar;D:\mysoft\maven\repository\org\bouncycastle\bcpkix-jdk15on\1.60\bcpkix-jdk15on-1.60.jar;D:\mysoft\maven\repository\jline\jline\2.14.6\jline-2.14.6.jar;D:\mysoft\maven\repository\io\dropwizard\metrics\metrics-core\4.1.12.1\metrics-core-4.1.12.1.jar;D:\mysoft\maven\repository\log4j\log4j\1.2.17\log4j-1.2.17.jar;D:\mysoft\maven\repository\org\apache\kerby\kerb-core\2.0.0\kerb-core-2.0.0.jar;D:\mysoft\maven\repository\org\apache\kerby\kerby-pkix\2.0.0\kerby-pkix-2.0.0.jar;D:\mysoft\maven\repository\org\apache\kerby\kerby-asn1\2.0.0\kerby-asn1-2.0.0.jar;D:\mysoft\maven\repository\org\apache\kerby\kerby-util\2.0.0\kerby-util-2.0.0.jar;D:\mysoft\maven\repository\org\apache\kerby\kerb-simplekdc\2.0.0\kerb-simplekdc-2.0.0.jar;D:\mysoft\maven\repository\org\apache\kerby\kerb-client\2.0.0\kerb-client-2.0.0.jar;D:\mysoft\maven\repository\org\apache\kerby\kerb-common\2.0.0\kerb-common-2.0.0.jar;D:\mysoft\maven\repository\org\apache\kerby\kerb-crypto\2.0.0\kerb-crypto-2.0.0.jar;D:\mysoft\maven\repository\commons-io\commons-io\2.6\commons-io-2.6.jar;D:\mysoft\maven\repository\org\apache\kerby\kerb-util\2.0.0\kerb-util-2.0.0.jar;D:\mysoft\maven\repository\org\apache\kerby\token-provider\2.0.0\token-provider-2.0.0.jar;D:\mysoft\maven\repository\com\nimbusds\nimbus-jose-jwt\4.41.2\nimbus-jose-jwt-4.41.2.jar;D:\mysoft\maven\repository\com\github\stephenc\jcip\jcip-annotations\1.0-1\jcip-annotations-1.0-1.jar;D:\mysoft\maven\repository\net\minidev\json-smart\2.3\json-smart-2.3.jar;D:\mysoft\maven\repository\net\minidev\accessors-smart\1.2\accessors-smart-1.2.jar;D:\mysoft\maven\repository\org\ow2\asm\asm\5.0.4\asm-5.0.4.jar;D:\mysoft\maven\repository\org\apache\kerby\kerb-admin\2.0.0\kerb-admin-2.0.0.jar;D:\mysoft\maven\repository\org\apache\kerby\kerb-server\2.0.0\kerb-server-2.0.0.jar;D:\mysoft\maven\repository\org\apache\kerby\kerb-identity\2.0.0\kerb-identity-2.0.0.jar;D:\mysoft\maven\repository\org\apache\kerby\kerby-xdr\2.0.0\kerby-xdr-2.0.0.jar;D:\mysoft\maven\repository\org\apache\kerby\kerby-config\2.0.0\kerby-config-2.0.0.jar;D:\mysoft\maven\repository\org\mockito\mockito-core\3.6.28\mockito-core-3.6.28.jar;D:\mysoft\maven\repository\net\bytebuddy\byte-buddy\1.10.18\byte-buddy-1.10.18.jar;D:\mysoft\maven\repository\net\bytebuddy\byte-buddy-agent\1.10.18\byte-buddy-agent-1.10.18.jar;D:\mysoft\maven\repository\org\objenesis\objenesis\3.1\objenesis-3.1.jar;D:\mysoft\maven\repository\org\jmockit\jmockit\1.48\jmockit-1.48.jar;D:\mysoft\maven\repository\org\junit\jupiter\junit-jupiter-api\5.6.2\junit-jupiter-api-5.6.2.jar;D:\mysoft\maven\repository\org\apiguardian\apiguardian-api\1.1.0\apiguardian-api-1.1.0.jar;D:\mysoft\maven\repository\org\opentest4j\opentest4j\1.2.0\opentest4j-1.2.0.jar;D:\mysoft\maven\repository\org\junit\platform\junit-platform-commons\1.6.2\junit-platform-commons-1.6.2.jar;D:\mysoft\maven\repository\org\junit\jupiter\junit-jupiter-engine\5.6.2\junit-jupiter-engine-5.6.2.jar;D:\mysoft\maven\repository\org\junit\platform\junit-platform-engine\1.6.2\junit-platform-engine-1.6.2.jar;D:\mysoft\maven\repository\org\junit\jupiter\junit-jupiter-params\5.6.2\junit-jupiter-params-5.6.2.jar;D:\mysoft\maven\repository\org\junit\platform\junit-platform-runner\1.6.2\junit-platform-runner-1.6.2.jar;D:\mysoft\maven\repository\junit\junit\4.13\junit-4.13.jar;D:\mysoft\maven\repository\org\junit\platform\junit-platform-launcher\1.6.2\junit-platform-launcher-1.6.2.jar;D:\mysoft\maven\repository\org\junit\platform\junit-platform-suite-api\1.6.2\junit-platform-suite-api-1.6.2.jar;D:\mysoft\maven\repository\org\xerial\snappy\snappy-java\1.1.7.7\snappy-java-1.1.7.7.jar;"/>
    <property name="sun.cpu.endian" value="little"/>
    <property name="user.home" value="C:\Users\faisco"/>
    <property name="user.language" value="zh"/>
    <property name="java.specification.vendor" value="Oracle Corporation"/>
    <property name="java.home" value="C:\Program Files\Java\jdk1.8.0_31\jre"/>
    <property name="zookeeper.DigestAuthenticationProvider.superDigest" value="super:D/InIHSb7yEEbrWz8b9l71RjZJU="/>
    <property name="basedir" value="D:\mysoft\faiscoGit\myStudy\ZooKeeperLearning\apache-zookeeper-3.7.0\zookeeper-server"/>
    <property name="file.separator" value="\"/>
    <property name="line.separator" value="&#10;"/>
    <property name="java.vm.specification.vendor" value="Oracle Corporation"/>
    <property name="java.specification.name" value="Java Platform API Specification"/>
    <property name="java.awt.graphicsenv" value="sun.awt.Win32GraphicsEnvironment"/>
    <property name="test.junit.threads" value="8"/>
    <property name="surefire.real.class.path" value="C:\Users\faisco\AppData\Local\Temp\surefire7017171567299321585\surefirebooter8843150203210860388.jar;D:\mysoft\maven\repository\org\jmockit\jmockit\1.48\jmockit-1.48.jar"/>
    <property name="zookeeper.junit.threadid" value="1"/>
    <property name="sun.boot.class.path" value="C:\Program Files\Java\jdk1.8.0_31\jre\lib\resources.jar;C:\Program Files\Java\jdk1.8.0_31\jre\lib\rt.jar;C:\Program Files\Java\jdk1.8.0_31\jre\lib\sunrsasign.jar;C:\Program Files\Java\jdk1.8.0_31\jre\lib\jsse.jar;C:\Program Files\Java\jdk1.8.0_31\jre\lib\jce.jar;C:\Program Files\Java\jdk1.8.0_31\jre\lib\charsets.jar;C:\Program Files\Java\jdk1.8.0_31\jre\lib\jfr.jar;C:\Program Files\Java\jdk1.8.0_31\jre\classes"/>
    <property name="user.script" value=""/>
    <property name="sun.management.compiler" value="HotSpot 64-Bit Tiered Compilers"/>
    <property name="java.runtime.version" value="1.8.0_31-b13"/>
    <property name="user.name" value="faisco"/>
    <property name="path.separator" value=";"/>
    <property name="os.version" value="6.3"/>
    <property name="java.endorsed.dirs" value="C:\Program Files\Java\jdk1.8.0_31\jre\lib\endorsed"/>
    <property name="java.runtime.name" value="Java(TM) SE Runtime Environment"/>
    <property name="file.encoding" value="GBK"/>
    <property name="java.vm.name" value="Java HotSpot(TM) 64-Bit Server VM"/>
    <property name="idea.version2020.1" value="true"/>
    <property name="localRepository" value="D:\mysoft\maven\repository"/>
    <property name="java.vendor.url.bug" value="http://bugreport.sun.com/bugreport/"/>
    <property name="java.io.tmpdir" value="C:\Users\faisco\AppData\Local\Temp\"/>
    <property name="java.version" value="1.8.0_31"/>
    <property name="user.dir" value="D:\mysoft\faiscoGit\myStudy\ZooKeeperLearning\apache-zookeeper-3.7.0\zookeeper-server"/>
    <property name="os.arch" value="amd64"/>
    <property name="java.vm.specification.name" value="Java Virtual Machine Specification"/>
    <property name="java.awt.printerjob" value="sun.awt.windows.WPrinterJob"/>
    <property name="sun.os.patch.level" value=""/>
    <property name="java.library.path" value="C:\Program Files\Java\jdk1.8.0_31\jre\bin;C:\WINDOWS\Sun\Java\bin;C:\WINDOWS\system32;C:\WINDOWS;C:\Program Files\Java\jdk1.8.0_31\jre\bin;C:\Python39\Scripts\;C:\Python39\;C:\Python27\;C:\Python27\Scripts;C:\Program Files (x86)\Intel\Intel(R) Management Engine Components\iCLS\;C:\Program Files\Intel\Intel(R) Management Engine Components\iCLS\;C:\WINDOWS\system32;C:\WINDOWS;C:\WINDOWS\System32\Wbem;C:\WINDOWS\System32\WindowsPowerShell\v1.0\;C:\WINDOWS\System32\OpenSSH\;C:\Program Files (x86)\Intel\Intel(R) Management Engine Components\DAL;C:\Program Files\Intel\Intel(R) Management Engine Components\DAL;C:\Program Files\TortoiseSVN\bin;C:\Program Files\Java\jdk1.8.0_31\bin;D:\soft\Git\cmd;D:\mysoft\maven\apache-maven-3.6.1\bin;C:\ProgramData\chocolatey\bin;C:\Program Files\nodejs\;D:\mysoft\gradle-7.0\bin;C:\ProgramData\Oracle\Java\javapath;C:\Program Files\OpenVPN\bin;C:\Users\faisco\AppData\Local\Microsoft\WindowsApps;;D:\soft\Microsoft VS Code\bin;D:\soft\PyCharm Community Edition 2019.1.3\bin;;D:\soft\PyCharm 2019.2.3\bin;;C:\Users\faisco\AppData\Local\Microsoft\WindowsApps;C:\Program Files\JetBrains\IntelliJ IDEA 2020.1\bin;;C:\Program Files\JetBrains\IntelliJ IDEA Community Edition 2020.1.3\bin;;C:\Users\faisco\AppData\Roaming\npm;."/>
    <property name="junit.jupiter.extensions.autodetection.enabled" value="true"/>
    <property name="java.vm.info" value="mixed mode"/>
    <property name="java.vendor" value="Oracle Corporation"/>
    <property name="java.vm.version" value="25.31-b07"/>
    <property name="java.ext.dirs" value="C:\Program Files\Java\jdk1.8.0_31\jre\lib\ext;C:\WINDOWS\Sun\Java\lib\ext"/>
    <property name="sun.io.unicode.encoding" value="UnicodeLittle"/>
    <property name="java.class.version" value="52.0"/>
  </properties>
  <testcase name="testSecureStandaloneServerAuthNFailure" classname="org.apache.zookeeper.server.X509AuthFailureTest" time="52.31">
    <failure message="expected: &lt;true&gt; but was: &lt;false&gt;" type="org.opentest4j.AssertionFailedError"><![CDATA[org.opentest4j.AssertionFailedError: expected: <true> but was: <false>
	at org.apache.zookeeper.server.X509AuthFailureTest.testSecureStandaloneServerAuthNFailure(X509AuthFailureTest.java:87)
]]></failure>
    <system-out><![CDATA[2021-11-08 11:14:12,861 [myid:] - INFO  [main:ZKTestCase@77] - STARTING Optional[public void org.apache.zookeeper.server.X509AuthFailureTest.testSecureStandaloneServerAuthNFailure() throws java.lang.Exception]
2021-11-08 11:14:12,868 [myid:] - INFO  [main:X509Util@77] - Setting -D jdk.tls.rejectClientInitiatedRenegotiation=true to disable client-initiated TLS renegotiation
2021-11-08 11:14:12,873 [myid:] - INFO  [main:PortAssignment@154] - Test process 1/8 using ports from 11221 - 13913.
2021-11-08 11:14:12,878 [myid:] - INFO  [main:PortAssignment@87] - Assigned port 11222 from range 11221 - 13913.
2021-11-08 11:14:12,880 [myid:] - INFO  [main:PortAssignment@87] - Assigned port 11223 from range 11221 - 13913.
2021-11-08 11:14:12,881 [myid:] - INFO  [main:PortAssignment@87] - Assigned port 11224 from range 11221 - 13913.
2021-11-08 11:14:13,429 [myid:] - INFO  [main:FourLetterWordMain@94] - connecting to 127.0.0.1 11223
2021-11-08 11:14:13,437 [myid:] - INFO  [Standalone server with clientPort:11223:ManagedUtil@44] - Log4j 1.2 jmx support found and enabled.
2021-11-08 11:14:13,481 [myid:] - INFO  [Standalone server with clientPort:11223:QuorumPeerConfig@174] - Reading configuration from: D:\mysoft\faiscoGit\myStudy\ZooKeeperLearning\apache-zookeeper-3.7.0\zookeeper-server\target\surefire\test3750994242320199547.junit.dir\zoo.cfg
2021-11-08 11:14:13,484 [myid:] - INFO  [Standalone server with clientPort:11223:QuorumPeerConfig@444] - clientPortAddress is 0.0.0.0:11223
2021-11-08 11:14:13,484 [myid:] - INFO  [Standalone server with clientPort:11223:QuorumPeerConfig@457] - secureClientPortAddress is 0.0.0.0:11224
2021-11-08 11:14:13,484 [myid:] - INFO  [Standalone server with clientPort:11223:QuorumPeerConfig@464] - observerMasterPort is not set
2021-11-08 11:14:13,484 [myid:] - INFO  [Standalone server with clientPort:11223:QuorumPeerConfig@481] - metricsProvider.className is org.apache.zookeeper.metrics.impl.DefaultMetricsProvider
2021-11-08 11:14:13,485 [myid:] - INFO  [Standalone server with clientPort:11223:ZooKeeperServerMain@123] - Starting server
2021-11-08 11:14:13,496 [myid:] - INFO  [Standalone server with clientPort:11223:ServerMetrics@62] - ServerMetrics initialized with provider org.apache.zookeeper.metrics.impl.DefaultMetricsProvider@430986c8
2021-11-08 11:14:13,498 [myid:] - INFO  [Standalone server with clientPort:11223:DigestAuthenticationProvider@47] - ACL digest algorithm is: SHA1
2021-11-08 11:14:13,499 [myid:] - INFO  [Standalone server with clientPort:11223:DigestAuthenticationProvider@61] - zookeeper.DigestAuthenticationProvider.enabled = true
2021-11-08 11:14:13,536 [myid:] - WARN  [Standalone server with clientPort:11223:X509AuthenticationProvider@94] - Truststore not specified for client connection
2021-11-08 11:14:13,539 [myid:] - INFO  [Standalone server with clientPort:11223:FileTxnSnapLog@124] - zookeeper.snapshot.trust.empty : false
2021-11-08 11:14:13,547 [myid:] - INFO  [Standalone server with clientPort:11223:ZookeeperBanner@42] - 
2021-11-08 11:14:13,547 [myid:] - INFO  [Standalone server with clientPort:11223:ZookeeperBanner@42] -   ______                  _                                          
2021-11-08 11:14:13,547 [myid:] - INFO  [Standalone server with clientPort:11223:ZookeeperBanner@42] -  |___  /                 | |                                         
2021-11-08 11:14:13,547 [myid:] - INFO  [Standalone server with clientPort:11223:ZookeeperBanner@42] -     / /    ___     ___   | | __   ___    ___   _ __     ___   _ __   
2021-11-08 11:14:13,548 [myid:] - INFO  [Standalone server with clientPort:11223:ZookeeperBanner@42] -    / /    / _ \   / _ \  | |/ /  / _ \  / _ \ | '_ \   / _ \ | '__|
2021-11-08 11:14:13,548 [myid:] - INFO  [Standalone server with clientPort:11223:ZookeeperBanner@42] -   / /__  | (_) | | (_) | |   <  |  __/ |  __/ | |_) | |  __/ | |    
2021-11-08 11:14:13,548 [myid:] - INFO  [Standalone server with clientPort:11223:ZookeeperBanner@42] -  /_____|  \___/   \___/  |_|\_\  \___|  \___| | .__/   \___| |_|
2021-11-08 11:14:13,548 [myid:] - INFO  [Standalone server with clientPort:11223:ZookeeperBanner@42] -                                               | |                     
2021-11-08 11:14:13,548 [myid:] - INFO  [Standalone server with clientPort:11223:ZookeeperBanner@42] -                                               |_|                     
2021-11-08 11:14:13,548 [myid:] - INFO  [Standalone server with clientPort:11223:ZookeeperBanner@42] - 
2021-11-08 11:14:15,728 [myid:] - INFO  [main:ClientBase@264] - server 127.0.0.1:11223 not up: java.net.ConnectException: Connection refused: connect
2021-11-08 11:14:15,981 [myid:] - INFO  [main:FourLetterWordMain@94] - connecting to 127.0.0.1 11223
2021-11-08 11:14:18,015 [myid:] - INFO  [main:ClientBase@264] - server 127.0.0.1:11223 not up: java.net.ConnectException: Connection refused: connect
2021-11-08 11:14:18,279 [myid:] - INFO  [main:FourLetterWordMain@94] - connecting to 127.0.0.1 11223
2021-11-08 11:14:20,325 [myid:] - INFO  [main:ClientBase@264] - server 127.0.0.1:11223 not up: java.net.ConnectException: Connection refused: connect
2021-11-08 11:14:20,588 [myid:] - INFO  [main:FourLetterWordMain@94] - connecting to 127.0.0.1 11223
2021-11-08 11:14:22,591 [myid:] - INFO  [Standalone server with clientPort:11223:Environment@98] - Server environment:zookeeper.version=3.7.0-02d8e7728613600d355308bb0a256b6f5b41360c-dirty, built on 2021-11-08 03:06 UTC
2021-11-08 11:14:22,591 [myid:] - INFO  [Standalone server with clientPort:11223:Environment@98] - Server environment:host.name=DESKTOP-3V3H020
2021-11-08 11:14:22,592 [myid:] - INFO  [Standalone server with clientPort:11223:Environment@98] - Server environment:java.version=1.8.0_31
2021-11-08 11:14:22,592 [myid:] - INFO  [Standalone server with clientPort:11223:Environment@98] - Server environment:java.vendor=Oracle Corporation
2021-11-08 11:14:22,592 [myid:] - INFO  [Standalone server with clientPort:11223:Environment@98] - Server environment:java.home=C:\Program Files\Java\jdk1.8.0_31\jre
2021-11-08 11:14:22,592 [myid:] - INFO  [Standalone server with clientPort:11223:Environment@98] - Server environment:java.class.path=D:\mysoft\faiscoGit\myStudy\ZooKeeperLearning\apache-zookeeper-3.7.0\zookeeper-server\target\test-classes;D:\mysoft\faiscoGit\myStudy\ZooKeeperLearning\apache-zookeeper-3.7.0\zookeeper-server\target\classes;D:\mysoft\maven\repository\com\github\spotbugs\spotbugs-annotations\4.0.2\spotbugs-annotations-4.0.2.jar;D:\mysoft\maven\repository\com\google\code\findbugs\jsr305\3.0.2\jsr305-3.0.2.jar;D:\mysoft\maven\repository\org\hamcrest\hamcrest-library\2.2\hamcrest-library-2.2.jar;D:\mysoft\maven\repository\org\hamcrest\hamcrest-core\2.2\hamcrest-core-2.2.jar;D:\mysoft\maven\repository\org\hamcrest\hamcrest\2.2\hamcrest-2.2.jar;D:\mysoft\maven\repository\org\apache\commons\commons-collections4\4.4\commons-collections4-4.4.jar;D:\mysoft\maven\repository\org\apache\zookeeper\zookeeper-jute\3.7.0\zookeeper-jute-3.7.0.jar;D:\mysoft\maven\repository\commons-cli\commons-cli\1.4\commons-cli-1.4.jar;D:\mysoft\maven\repository\org\apache\yetus\audience-annotations\0.12.0\audience-annotations-0.12.0.jar;D:\mysoft\maven\repository\io\netty\netty-handler\4.1.59.Final\netty-handler-4.1.59.Final.jar;D:\mysoft\maven\repository\io\netty\netty-common\4.1.59.Final\netty-common-4.1.59.Final.jar;D:\mysoft\maven\repository\io\netty\netty-resolver\4.1.59.Final\netty-resolver-4.1.59.Final.jar;D:\mysoft\maven\repository\io\netty\netty-buffer\4.1.59.Final\netty-buffer-4.1.59.Final.jar;D:\mysoft\maven\repository\io\netty\netty-transport\4.1.59.Final\netty-transport-4.1.59.Final.jar;D:\mysoft\maven\repository\io\netty\netty-codec\4.1.59.Final\netty-codec-4.1.59.Final.jar;D:\mysoft\maven\repository\io\netty\netty-transport-native-epoll\4.1.59.Final\netty-transport-native-epoll-4.1.59.Final.jar;D:\mysoft\maven\repository\io\netty\netty-transport-native-unix-common\4.1.59.Final\netty-transport-native-unix-common-4.1.59.Final.jar;D:\mysoft\maven\repository\org\slf4j\slf4j-api\1.7.30\slf4j-api-1.7.30.jar;D:\mysoft\maven\repository\org\slf4j\slf4j-log4j12\1.7.30\slf4j-log4j12-1.7.30.jar;D:\mysoft\maven\repository\org\eclipse\jetty\jetty-server\9.4.38.v20210224\jetty-server-9.4.38.v20210224.jar;D:\mysoft\maven\repository\javax\servlet\javax.servlet-api\3.1.0\javax.servlet-api-3.1.0.jar;D:\mysoft\maven\repository\org\eclipse\jetty\jetty-http\9.4.38.v20210224\jetty-http-9.4.38.v20210224.jar;D:\mysoft\maven\repository\org\eclipse\jetty\jetty-util\9.4.38.v20210224\jetty-util-9.4.38.v20210224.jar;D:\mysoft\maven\repository\org\eclipse\jetty\jetty-io\9.4.38.v20210224\jetty-io-9.4.38.v20210224.jar;D:\mysoft\maven\repository\org\eclipse\jetty\jetty-servlet\9.4.38.v20210224\jetty-servlet-9.4.38.v20210224.jar;D:\mysoft\maven\repository\org\eclipse\jetty\jetty-security\9.4.38.v20210224\jetty-security-9.4.38.v20210224.jar;D:\mysoft\maven\repository\org\eclipse\jetty\jetty-util-ajax\9.4.38.v20210224\jetty-util-ajax-9.4.38.v20210224.jar;D:\mysoft\maven\repository\org\eclipse\jetty\jetty-client\9.4.38.v20210224\jetty-client-9.4.38.v20210224.jar;D:\mysoft\maven\repository\com\fasterxml\jackson\core\jackson-databind\2.10.5.1\jackson-databind-2.10.5.1.jar;D:\mysoft\maven\repository\com\fasterxml\jackson\core\jackson-annotations\2.10.5\jackson-annotations-2.10.5.jar;D:\mysoft\maven\repository\com\fasterxml\jackson\core\jackson-core\2.10.5\jackson-core-2.10.5.jar;D:\mysoft\maven\repository\org\bouncycastle\bcprov-jdk15on\1.60\bcprov-jdk15on-1.60.jar;D:\mysoft\maven\repository\org\bouncycastle\bcpkix-jdk15on\1.60\bcpkix-jdk15on-1.60.jar;D:\mysoft\maven\repository\jline\jline\2.14.6\jline-2.14.6.jar;D:\mysoft\maven\repository\io\dropwizard\metrics\metrics-core\4.1.12.1\metrics-core-4.1.12.1.jar;D:\mysoft\maven\repository\log4j\log4j\1.2.17\log4j-1.2.17.jar;D:\mysoft\maven\repository\org\apache\kerby\kerb-core\2.0.0\kerb-core-2.0.0.jar;D:\mysoft\maven\repository\org\apache\kerby\kerby-pkix\2.0.0\kerby-pkix-2.0.0.jar;D:\mysoft\maven\repository\org\apache\kerby\kerby-asn1\2.0.0\kerby-asn1-2.0.0.jar;D:\mysoft\maven\repository\org\apache\kerby\kerby-util\2.0.0\kerby-util-2.0.0.jar;D:\mysoft\maven\repository\org\apache\kerby\kerb-simplekdc\2.0.0\kerb-simplekdc-2.0.0.jar;D:\mysoft\maven\repository\org\apache\kerby\kerb-client\2.0.0\kerb-client-2.0.0.jar;D:\mysoft\maven\repository\org\apache\kerby\kerb-common\2.0.0\kerb-common-2.0.0.jar;D:\mysoft\maven\repository\org\apache\kerby\kerb-crypto\2.0.0\kerb-crypto-2.0.0.jar;D:\mysoft\maven\repository\commons-io\commons-io\2.6\commons-io-2.6.jar;D:\mysoft\maven\repository\org\apache\kerby\kerb-util\2.0.0\kerb-util-2.0.0.jar;D:\mysoft\maven\repository\org\apache\kerby\token-provider\2.0.0\token-provider-2.0.0.jar;D:\mysoft\maven\repository\com\nimbusds\nimbus-jose-jwt\4.41.2\nimbus-jose-jwt-4.41.2.jar;D:\mysoft\maven\repository\com\github\stephenc\jcip\jcip-annotations\1.0-1\jcip-annotations-1.0-1.jar;D:\mysoft\maven\repository\net\minidev\json-smart\2.3\json-smart-2.3.jar;D:\mysoft\maven\repository\net\minidev\accessors-smart\1.2\accessors-smart-1.2.jar;D:\mysoft\maven\repository\org\ow2\asm\asm\5.0.4\asm-5.0.4.jar;D:\mysoft\maven\repository\org\apache\kerby\kerb-admin\2.0.0\kerb-admin-2.0.0.jar;D:\mysoft\maven\repository\org\apache\kerby\kerb-server\2.0.0\kerb-server-2.0.0.jar;D:\mysoft\maven\repository\org\apache\kerby\kerb-identity\2.0.0\kerb-identity-2.0.0.jar;D:\mysoft\maven\repository\org\apache\kerby\kerby-xdr\2.0.0\kerby-xdr-2.0.0.jar;D:\mysoft\maven\repository\org\apache\kerby\kerby-config\2.0.0\kerby-config-2.0.0.jar;D:\mysoft\maven\repository\org\mockito\mockito-core\3.6.28\mockito-core-3.6.28.jar;D:\mysoft\maven\repository\net\bytebuddy\byte-buddy\1.10.18\byte-buddy-1.10.18.jar;D:\mysoft\maven\repository\net\bytebuddy\byte-buddy-agent\1.10.18\byte-buddy-agent-1.10.18.jar;D:\mysoft\maven\repository\org\objenesis\objenesis\3.1\objenesis-3.1.jar;D:\mysoft\maven\repository\org\jmockit\jmockit\1.48\jmockit-1.48.jar;D:\mysoft\maven\repository\org\junit\jupiter\junit-jupiter-api\5.6.2\junit-jupiter-api-5.6.2.jar;D:\mysoft\maven\repository\org\apiguardian\apiguardian-api\1.1.0\apiguardian-api-1.1.0.jar;D:\mysoft\maven\repository\org\opentest4j\opentest4j\1.2.0\opentest4j-1.2.0.jar;D:\mysoft\maven\repository\org\junit\platform\junit-platform-commons\1.6.2\junit-platform-commons-1.6.2.jar;D:\mysoft\maven\repository\org\junit\jupiter\junit-jupiter-engine\5.6.2\junit-jupiter-engine-5.6.2.jar;D:\mysoft\maven\repository\org\junit\platform\junit-platform-engine\1.6.2\junit-platform-engine-1.6.2.jar;D:\mysoft\maven\repository\org\junit\jupiter\junit-jupiter-params\5.6.2\junit-jupiter-params-5.6.2.jar;D:\mysoft\maven\repository\org\junit\platform\junit-platform-runner\1.6.2\junit-platform-runner-1.6.2.jar;D:\mysoft\maven\repository\junit\junit\4.13\junit-4.13.jar;D:\mysoft\maven\repository\org\junit\platform\junit-platform-launcher\1.6.2\junit-platform-launcher-1.6.2.jar;D:\mysoft\maven\repository\org\junit\platform\junit-platform-suite-api\1.6.2\junit-platform-suite-api-1.6.2.jar;D:\mysoft\maven\repository\org\xerial\snappy\snappy-java\1.1.7.7\snappy-java-1.1.7.7.jar;
2021-11-08 11:14:22,592 [myid:] - INFO  [Standalone server with clientPort:11223:Environment@98] - Server environment:java.library.path=C:\Program Files\Java\jdk1.8.0_31\jre\bin;C:\WINDOWS\Sun\Java\bin;C:\WINDOWS\system32;C:\WINDOWS;C:\Program Files\Java\jdk1.8.0_31\jre\bin;C:\Python39\Scripts\;C:\Python39\;C:\Python27\;C:\Python27\Scripts;C:\Program Files (x86)\Intel\Intel(R) Management Engine Components\iCLS\;C:\Program Files\Intel\Intel(R) Management Engine Components\iCLS\;C:\WINDOWS\system32;C:\WINDOWS;C:\WINDOWS\System32\Wbem;C:\WINDOWS\System32\WindowsPowerShell\v1.0\;C:\WINDOWS\System32\OpenSSH\;C:\Program Files (x86)\Intel\Intel(R) Management Engine Components\DAL;C:\Program Files\Intel\Intel(R) Management Engine Components\DAL;C:\Program Files\TortoiseSVN\bin;C:\Program Files\Java\jdk1.8.0_31\bin;D:\soft\Git\cmd;D:\mysoft\maven\apache-maven-3.6.1\bin;C:\ProgramData\chocolatey\bin;C:\Program Files\nodejs\;D:\mysoft\gradle-7.0\bin;C:\ProgramData\Oracle\Java\javapath;C:\Program Files\OpenVPN\bin;C:\Users\faisco\AppData\Local\Microsoft\WindowsApps;;D:\soft\Microsoft VS Code\bin;D:\soft\PyCharm Community Edition 2019.1.3\bin;;D:\soft\PyCharm 2019.2.3\bin;;C:\Users\faisco\AppData\Local\Microsoft\WindowsApps;C:\Program Files\JetBrains\IntelliJ IDEA 2020.1\bin;;C:\Program Files\JetBrains\IntelliJ IDEA Community Edition 2020.1.3\bin;;C:\Users\faisco\AppData\Roaming\npm;.
2021-11-08 11:14:22,593 [myid:] - INFO  [Standalone server with clientPort:11223:Environment@98] - Server environment:java.io.tmpdir=C:\Users\faisco\AppData\Local\Temp\
2021-11-08 11:14:22,593 [myid:] - INFO  [Standalone server with clientPort:11223:Environment@98] - Server environment:java.compiler=<NA>
2021-11-08 11:14:22,593 [myid:] - INFO  [Standalone server with clientPort:11223:Environment@98] - Server environment:os.name=Windows 8.1
2021-11-08 11:14:22,593 [myid:] - INFO  [Standalone server with clientPort:11223:Environment@98] - Server environment:os.arch=amd64
2021-11-08 11:14:22,593 [myid:] - INFO  [Standalone server with clientPort:11223:Environment@98] - Server environment:os.version=6.3
2021-11-08 11:14:22,593 [myid:] - INFO  [Standalone server with clientPort:11223:Environment@98] - Server environment:user.name=faisco
2021-11-08 11:14:22,593 [myid:] - INFO  [Standalone server with clientPort:11223:Environment@98] - Server environment:user.home=C:\Users\faisco
2021-11-08 11:14:22,593 [myid:] - INFO  [Standalone server with clientPort:11223:Environment@98] - Server environment:user.dir=D:\mysoft\faiscoGit\myStudy\ZooKeeperLearning\apache-zookeeper-3.7.0\zookeeper-server
2021-11-08 11:14:22,593 [myid:] - INFO  [Standalone server with clientPort:11223:Environment@98] - Server environment:os.memory.free=225MB
2021-11-08 11:14:22,593 [myid:] - INFO  [Standalone server with clientPort:11223:Environment@98] - Server environment:os.memory.max=455MB
2021-11-08 11:14:22,593 [myid:] - INFO  [Standalone server with clientPort:11223:Environment@98] - Server environment:os.memory.total=243MB
2021-11-08 11:14:22,593 [myid:] - INFO  [Standalone server with clientPort:11223:ZooKeeperServer@138] - zookeeper.enableEagerACLCheck = false
2021-11-08 11:14:22,593 [myid:] - INFO  [Standalone server with clientPort:11223:ZooKeeperServer@151] - zookeeper.digest.enabled = true
2021-11-08 11:14:22,594 [myid:] - INFO  [Standalone server with clientPort:11223:ZooKeeperServer@155] - zookeeper.closeSessionTxn.enabled = true
2021-11-08 11:14:22,594 [myid:] - INFO  [Standalone server with clientPort:11223:ZooKeeperServer@1499] - zookeeper.flushDelay=0
2021-11-08 11:14:22,594 [myid:] - INFO  [Standalone server with clientPort:11223:ZooKeeperServer@1508] - zookeeper.maxWriteQueuePollTime=0
2021-11-08 11:14:22,594 [myid:] - INFO  [Standalone server with clientPort:11223:ZooKeeperServer@1517] - zookeeper.maxBatchSize=1000
2021-11-08 11:14:22,594 [myid:] - INFO  [Standalone server with clientPort:11223:ZooKeeperServer@260] - zookeeper.intBufferStartingSizeBytes = 1024
2021-11-08 11:14:22,595 [myid:] - INFO  [Standalone server with clientPort:11223:BlueThrottle@141] - Weighed connection throttling is disabled
2021-11-08 11:14:22,596 [myid:] - INFO  [Standalone server with clientPort:11223:ZooKeeperServer@1300] - minSessionTimeout set to 4000
2021-11-08 11:14:22,596 [myid:] - INFO  [Standalone server with clientPort:11223:ZooKeeperServer@1309] - maxSessionTimeout set to 40000
2021-11-08 11:14:22,597 [myid:] - INFO  [Standalone server with clientPort:11223:ResponseCache@45] - getData response cache size is initialized with value 400.
2021-11-08 11:14:22,598 [myid:] - INFO  [Standalone server with clientPort:11223:ResponseCache@45] - getChildren response cache size is initialized with value 400.
2021-11-08 11:14:22,599 [myid:] - INFO  [Standalone server with clientPort:11223:RequestPathMetricsCollector@109] - zookeeper.pathStats.slotCapacity = 60
2021-11-08 11:14:22,599 [myid:] - INFO  [Standalone server with clientPort:11223:RequestPathMetricsCollector@110] - zookeeper.pathStats.slotDuration = 15
2021-11-08 11:14:22,599 [myid:] - INFO  [Standalone server with clientPort:11223:RequestPathMetricsCollector@111] - zookeeper.pathStats.maxDepth = 6
2021-11-08 11:14:22,599 [myid:] - INFO  [Standalone server with clientPort:11223:RequestPathMetricsCollector@112] - zookeeper.pathStats.initialDelay = 5
2021-11-08 11:14:22,600 [myid:] - INFO  [Standalone server with clientPort:11223:RequestPathMetricsCollector@113] - zookeeper.pathStats.delay = 5
2021-11-08 11:14:22,600 [myid:] - INFO  [Standalone server with clientPort:11223:RequestPathMetricsCollector@114] - zookeeper.pathStats.enabled = false
2021-11-08 11:14:22,601 [myid:] - INFO  [Standalone server with clientPort:11223:ZooKeeperServer@1536] - The max bytes for all large requests are set to 104857600
2021-11-08 11:14:22,601 [myid:] - INFO  [Standalone server with clientPort:11223:ZooKeeperServer@1550] - The large request threshold is set to -1
2021-11-08 11:14:22,602 [myid:] - INFO  [Standalone server with clientPort:11223:AuthenticationHelper@66] - zookeeper.enforce.auth.enabled = false
2021-11-08 11:14:22,602 [myid:] - INFO  [Standalone server with clientPort:11223:AuthenticationHelper@67] - zookeeper.enforce.auth.schemes = []
2021-11-08 11:14:22,602 [myid:] - INFO  [Standalone server with clientPort:11223:ZooKeeperServer@361] - Created server with tickTime 2000 minSessionTimeout 4000 maxSessionTimeout 40000 clientPortListenBacklog -1 datadir D:\mysoft\faiscoGit\myStudy\ZooKeeperLearning\apache-zookeeper-3.7.0\zookeeper-server\target\surefire\test3750994242320199547.junit.dir\data_txnlog\version-2 snapdir D:\mysoft\faiscoGit\myStudy\ZooKeeperLearning\apache-zookeeper-3.7.0\zookeeper-server\target\surefire\test3750994242320199547.junit.dir\data\version-2
2021-11-08 11:14:22,622 [myid:] - INFO  [main:ClientBase@264] - server 127.0.0.1:11223 not up: java.net.ConnectException: Connection refused: connect
2021-11-08 11:14:22,935 [myid:] - INFO  [main:FourLetterWordMain@94] - connecting to 127.0.0.1 11223
2021-11-08 11:14:23,117 [myid:] - INFO  [Standalone server with clientPort:11223:NettyServerCnxnFactory@507] - zookeeper.client.portUnification=false
2021-11-08 11:14:23,118 [myid:] - INFO  [Standalone server with clientPort:11223:NettyServerCnxnFactory@519] - zookeeper.netty.advancedFlowControl.enabled = false
2021-11-08 11:14:23,118 [myid:] - INFO  [Standalone server with clientPort:11223:NettyServerCnxnFactory@106] - handshakeThrottlingEnabled = false, zookeeper.netty.server.outstandingHandshake.limit = -1
2021-11-08 11:14:24,439 [myid:] - INFO  [Standalone server with clientPort:11223:ServerCnxnFactory@169] - Using org.apache.zookeeper.server.NettyServerCnxnFactory as server connection factory
2021-11-08 11:14:24,441 [myid:] - WARN  [Standalone server with clientPort:11223:ServerCnxnFactory@309] - maxCnxns is not configured, using default value 0.
2021-11-08 11:14:24,441 [myid:] - INFO  [Standalone server with clientPort:11223:NettyServerCnxnFactory@606] - configure org.apache.zookeeper.server.NettyServerCnxnFactory@f4b93f5 secure: false on addr 0.0.0.0/0.0.0.0:11223
2021-11-08 11:14:24,441 [myid:] - INFO  [Standalone server with clientPort:11223:NettyServerCnxnFactory@695] - binding to port 0.0.0.0/0.0.0.0:11223
2021-11-08 11:14:25,210 [myid:] - INFO  [main:ClientBase@264] - server 127.0.0.1:11223 not up: java.net.ConnectException: Connection refused: connect
2021-11-08 11:14:25,464 [myid:] - INFO  [main:FourLetterWordMain@94] - connecting to 127.0.0.1 11223
2021-11-08 11:14:25,583 [myid:] - INFO  [Standalone server with clientPort:11223:NettyServerCnxnFactory@700] - bound to port 11223
2021-11-08 11:14:25,599 [myid:] - INFO  [Standalone server with clientPort:11223:WatchManagerFactory@42] - Using org.apache.zookeeper.server.watch.WatchManager as watch manager
2021-11-08 11:14:25,599 [myid:] - INFO  [Standalone server with clientPort:11223:WatchManagerFactory@42] - Using org.apache.zookeeper.server.watch.WatchManager as watch manager
2021-11-08 11:14:25,599 [myid:] - INFO  [Standalone server with clientPort:11223:ZKDatabase@133] - zookeeper.snapshotSizeFactor = 0.33
2021-11-08 11:14:25,599 [myid:] - INFO  [Standalone server with clientPort:11223:ZKDatabase@153] - zookeeper.commitLogCount=500
2021-11-08 11:14:25,601 [myid:] - INFO  [Standalone server with clientPort:11223:FileTxnSnapLog@260] - Initialize file found, an empty database will not block voting participation
2021-11-08 11:14:25,607 [myid:] - INFO  [Standalone server with clientPort:11223:SnapStream@61] - zookeeper.snapshot.compression.method = CHECKED
2021-11-08 11:14:25,607 [myid:] - INFO  [Standalone server with clientPort:11223:FileTxnSnapLog@479] - Snapshotting: 0x0 to D:\mysoft\faiscoGit\myStudy\ZooKeeperLearning\apache-zookeeper-3.7.0\zookeeper-server\target\surefire\test3750994242320199547.junit.dir\data\version-2\snapshot.0
2021-11-08 11:14:25,611 [myid:] - INFO  [Standalone server with clientPort:11223:ZKDatabase@290] - Snapshot loaded in 12 ms, highest zxid is 0x0, digest is 1371985504
2021-11-08 11:14:25,612 [myid:] - INFO  [Standalone server with clientPort:11223:FileTxnSnapLog@479] - Snapshotting: 0x0 to D:\mysoft\faiscoGit\myStudy\ZooKeeperLearning\apache-zookeeper-3.7.0\zookeeper-server\target\surefire\test3750994242320199547.junit.dir\data\version-2\snapshot.0
2021-11-08 11:14:25,613 [myid:] - INFO  [Standalone server with clientPort:11223:ZooKeeperServer@543] - Snapshot taken in 1 ms
2021-11-08 11:14:25,638 [myid:] - INFO  [Standalone server with clientPort:11223:RequestThrottler@75] - zookeeper.request_throttler.shutdownTimeout = 10000
2021-11-08 11:14:25,642 [myid:] - INFO  [ProcessThread(sid:0 cport:11223)::PrepRequestProcessor@137] - PrepRequestProcessor (sid:0) started, reconfigEnabled=false
2021-11-08 11:14:25,656 [myid:] - INFO  [Standalone server with clientPort:11223:NettyServerCnxnFactory@507] - zookeeper.client.portUnification=false
2021-11-08 11:14:25,656 [myid:] - INFO  [Standalone server with clientPort:11223:NettyServerCnxnFactory@519] - zookeeper.netty.advancedFlowControl.enabled = false
2021-11-08 11:14:25,656 [myid:] - INFO  [Standalone server with clientPort:11223:NettyServerCnxnFactory@106] - handshakeThrottlingEnabled = false, zookeeper.netty.server.outstandingHandshake.limit = -1
2021-11-08 11:14:26,073 [myid:] - INFO  [nioEventLoopGroup-4-1:FourLetterCommands@223] - The list of known four letter word commands is : [{1936881266=srvr, 1937006964=stat, 2003003491=wchc, 1685417328=dump, 1668445044=crst, 1936880500=srst, 1701738089=envi, 1668247142=conf, -720899=telnet close, 1751217000=hash, 2003003507=wchs, 2003003504=wchp, 1684632179=dirs, 1668247155=cons, 1835955314=mntr, 1769173615=isro, 1920298859=ruok, 1735683435=gtmk, 1937010027=stmk}]
2021-11-08 11:14:26,074 [myid:] - INFO  [nioEventLoopGroup-4-1:FourLetterCommands@224] - The list of enabled four letter word commands is : [[wchs, stat, wchp, dirs, stmk, conf, ruok, mntr, srvr, wchc, envi, srst, isro, dump, gtmk, telnet close, crst, hash, cons]]
2021-11-08 11:14:26,074 [myid:] - INFO  [nioEventLoopGroup-4-1:NettyServerCnxn@294] - Processing stat command from /127.0.0.1:1802
2021-11-08 11:14:26,078 [myid:] - INFO  [nioEventLoopGroup-4-1:StatCommand@52] - Stat command output
2021-11-08 11:14:26,096 [myid:] - INFO  [Standalone server with clientPort:11223:ServerCnxnFactory@169] - Using org.apache.zookeeper.server.NettyServerCnxnFactory as server connection factory
2021-11-08 11:14:26,096 [myid:] - WARN  [Standalone server with clientPort:11223:ServerCnxnFactory@309] - maxCnxns is not configured, using default value 0.
2021-11-08 11:14:26,096 [myid:] - INFO  [Standalone server with clientPort:11223:NettyServerCnxnFactory@606] - configure org.apache.zookeeper.server.NettyServerCnxnFactory@6d7d0421 secure: true on addr 0.0.0.0/0.0.0.0:11224
2021-11-08 11:14:26,096 [myid:] - INFO  [Standalone server with clientPort:11223:NettyServerCnxnFactory@695] - binding to port 0.0.0.0/0.0.0.0:11224
2021-11-08 11:14:26,099 [myid:] - INFO  [Standalone server with clientPort:11223:NettyServerCnxnFactory@700] - bound to port 11224
2021-11-08 11:14:26,101 [myid:] - INFO  [Standalone server with clientPort:11223:ContainerManager@84] - Using checkIntervalMs=60000 maxPerMinute=10000 maxNeverUsedIntervalMs=0
2021-11-08 11:14:26,102 [myid:] - INFO  [Standalone server with clientPort:11223:ZKAuditProvider@42] - ZooKeeper audit is disabled.
2021-11-08 11:14:35,123 [myid:] - INFO  [main:Environment@98] - Client environment:zookeeper.version=3.7.0-02d8e7728613600d355308bb0a256b6f5b41360c-dirty, built on 2021-11-08 03:06 UTC
2021-11-08 11:14:35,123 [myid:] - INFO  [main:Environment@98] - Client environment:host.name=DESKTOP-3V3H020
2021-11-08 11:14:35,123 [myid:] - INFO  [main:Environment@98] - Client environment:java.version=1.8.0_31
2021-11-08 11:14:35,123 [myid:] - INFO  [main:Environment@98] - Client environment:java.vendor=Oracle Corporation
2021-11-08 11:14:35,123 [myid:] - INFO  [main:Environment@98] - Client environment:java.home=C:\Program Files\Java\jdk1.8.0_31\jre
2021-11-08 11:14:35,124 [myid:] - INFO  [main:Environment@98] - Client environment:java.class.path=D:\mysoft\faiscoGit\myStudy\ZooKeeperLearning\apache-zookeeper-3.7.0\zookeeper-server\target\test-classes;D:\mysoft\faiscoGit\myStudy\ZooKeeperLearning\apache-zookeeper-3.7.0\zookeeper-server\target\classes;D:\mysoft\maven\repository\com\github\spotbugs\spotbugs-annotations\4.0.2\spotbugs-annotations-4.0.2.jar;D:\mysoft\maven\repository\com\google\code\findbugs\jsr305\3.0.2\jsr305-3.0.2.jar;D:\mysoft\maven\repository\org\hamcrest\hamcrest-library\2.2\hamcrest-library-2.2.jar;D:\mysoft\maven\repository\org\hamcrest\hamcrest-core\2.2\hamcrest-core-2.2.jar;D:\mysoft\maven\repository\org\hamcrest\hamcrest\2.2\hamcrest-2.2.jar;D:\mysoft\maven\repository\org\apache\commons\commons-collections4\4.4\commons-collections4-4.4.jar;D:\mysoft\maven\repository\org\apache\zookeeper\zookeeper-jute\3.7.0\zookeeper-jute-3.7.0.jar;D:\mysoft\maven\repository\commons-cli\commons-cli\1.4\commons-cli-1.4.jar;D:\mysoft\maven\repository\org\apache\yetus\audience-annotations\0.12.0\audience-annotations-0.12.0.jar;D:\mysoft\maven\repository\io\netty\netty-handler\4.1.59.Final\netty-handler-4.1.59.Final.jar;D:\mysoft\maven\repository\io\netty\netty-common\4.1.59.Final\netty-common-4.1.59.Final.jar;D:\mysoft\maven\repository\io\netty\netty-resolver\4.1.59.Final\netty-resolver-4.1.59.Final.jar;D:\mysoft\maven\repository\io\netty\netty-buffer\4.1.59.Final\netty-buffer-4.1.59.Final.jar;D:\mysoft\maven\repository\io\netty\netty-transport\4.1.59.Final\netty-transport-4.1.59.Final.jar;D:\mysoft\maven\repository\io\netty\netty-codec\4.1.59.Final\netty-codec-4.1.59.Final.jar;D:\mysoft\maven\repository\io\netty\netty-transport-native-epoll\4.1.59.Final\netty-transport-native-epoll-4.1.59.Final.jar;D:\mysoft\maven\repository\io\netty\netty-transport-native-unix-common\4.1.59.Final\netty-transport-native-unix-common-4.1.59.Final.jar;D:\mysoft\maven\repository\org\slf4j\slf4j-api\1.7.30\slf4j-api-1.7.30.jar;D:\mysoft\maven\repository\org\slf4j\slf4j-log4j12\1.7.30\slf4j-log4j12-1.7.30.jar;D:\mysoft\maven\repository\org\eclipse\jetty\jetty-server\9.4.38.v20210224\jetty-server-9.4.38.v20210224.jar;D:\mysoft\maven\repository\javax\servlet\javax.servlet-api\3.1.0\javax.servlet-api-3.1.0.jar;D:\mysoft\maven\repository\org\eclipse\jetty\jetty-http\9.4.38.v20210224\jetty-http-9.4.38.v20210224.jar;D:\mysoft\maven\repository\org\eclipse\jetty\jetty-util\9.4.38.v20210224\jetty-util-9.4.38.v20210224.jar;D:\mysoft\maven\repository\org\eclipse\jetty\jetty-io\9.4.38.v20210224\jetty-io-9.4.38.v20210224.jar;D:\mysoft\maven\repository\org\eclipse\jetty\jetty-servlet\9.4.38.v20210224\jetty-servlet-9.4.38.v20210224.jar;D:\mysoft\maven\repository\org\eclipse\jetty\jetty-security\9.4.38.v20210224\jetty-security-9.4.38.v20210224.jar;D:\mysoft\maven\repository\org\eclipse\jetty\jetty-util-ajax\9.4.38.v20210224\jetty-util-ajax-9.4.38.v20210224.jar;D:\mysoft\maven\repository\org\eclipse\jetty\jetty-client\9.4.38.v20210224\jetty-client-9.4.38.v20210224.jar;D:\mysoft\maven\repository\com\fasterxml\jackson\core\jackson-databind\2.10.5.1\jackson-databind-2.10.5.1.jar;D:\mysoft\maven\repository\com\fasterxml\jackson\core\jackson-annotations\2.10.5\jackson-annotations-2.10.5.jar;D:\mysoft\maven\repository\com\fasterxml\jackson\core\jackson-core\2.10.5\jackson-core-2.10.5.jar;D:\mysoft\maven\repository\org\bouncycastle\bcprov-jdk15on\1.60\bcprov-jdk15on-1.60.jar;D:\mysoft\maven\repository\org\bouncycastle\bcpkix-jdk15on\1.60\bcpkix-jdk15on-1.60.jar;D:\mysoft\maven\repository\jline\jline\2.14.6\jline-2.14.6.jar;D:\mysoft\maven\repository\io\dropwizard\metrics\metrics-core\4.1.12.1\metrics-core-4.1.12.1.jar;D:\mysoft\maven\repository\log4j\log4j\1.2.17\log4j-1.2.17.jar;D:\mysoft\maven\repository\org\apache\kerby\kerb-core\2.0.0\kerb-core-2.0.0.jar;D:\mysoft\maven\repository\org\apache\kerby\kerby-pkix\2.0.0\kerby-pkix-2.0.0.jar;D:\mysoft\maven\repository\org\apache\kerby\kerby-asn1\2.0.0\kerby-asn1-2.0.0.jar;D:\mysoft\maven\repository\org\apache\kerby\kerby-util\2.0.0\kerby-util-2.0.0.jar;D:\mysoft\maven\repository\org\apache\kerby\kerb-simplekdc\2.0.0\kerb-simplekdc-2.0.0.jar;D:\mysoft\maven\repository\org\apache\kerby\kerb-client\2.0.0\kerb-client-2.0.0.jar;D:\mysoft\maven\repository\org\apache\kerby\kerb-common\2.0.0\kerb-common-2.0.0.jar;D:\mysoft\maven\repository\org\apache\kerby\kerb-crypto\2.0.0\kerb-crypto-2.0.0.jar;D:\mysoft\maven\repository\commons-io\commons-io\2.6\commons-io-2.6.jar;D:\mysoft\maven\repository\org\apache\kerby\kerb-util\2.0.0\kerb-util-2.0.0.jar;D:\mysoft\maven\repository\org\apache\kerby\token-provider\2.0.0\token-provider-2.0.0.jar;D:\mysoft\maven\repository\com\nimbusds\nimbus-jose-jwt\4.41.2\nimbus-jose-jwt-4.41.2.jar;D:\mysoft\maven\repository\com\github\stephenc\jcip\jcip-annotations\1.0-1\jcip-annotations-1.0-1.jar;D:\mysoft\maven\repository\net\minidev\json-smart\2.3\json-smart-2.3.jar;D:\mysoft\maven\repository\net\minidev\accessors-smart\1.2\accessors-smart-1.2.jar;D:\mysoft\maven\repository\org\ow2\asm\asm\5.0.4\asm-5.0.4.jar;D:\mysoft\maven\repository\org\apache\kerby\kerb-admin\2.0.0\kerb-admin-2.0.0.jar;D:\mysoft\maven\repository\org\apache\kerby\kerb-server\2.0.0\kerb-server-2.0.0.jar;D:\mysoft\maven\repository\org\apache\kerby\kerb-identity\2.0.0\kerb-identity-2.0.0.jar;D:\mysoft\maven\repository\org\apache\kerby\kerby-xdr\2.0.0\kerby-xdr-2.0.0.jar;D:\mysoft\maven\repository\org\apache\kerby\kerby-config\2.0.0\kerby-config-2.0.0.jar;D:\mysoft\maven\repository\org\mockito\mockito-core\3.6.28\mockito-core-3.6.28.jar;D:\mysoft\maven\repository\net\bytebuddy\byte-buddy\1.10.18\byte-buddy-1.10.18.jar;D:\mysoft\maven\repository\net\bytebuddy\byte-buddy-agent\1.10.18\byte-buddy-agent-1.10.18.jar;D:\mysoft\maven\repository\org\objenesis\objenesis\3.1\objenesis-3.1.jar;D:\mysoft\maven\repository\org\jmockit\jmockit\1.48\jmockit-1.48.jar;D:\mysoft\maven\repository\org\junit\jupiter\junit-jupiter-api\5.6.2\junit-jupiter-api-5.6.2.jar;D:\mysoft\maven\repository\org\apiguardian\apiguardian-api\1.1.0\apiguardian-api-1.1.0.jar;D:\mysoft\maven\repository\org\opentest4j\opentest4j\1.2.0\opentest4j-1.2.0.jar;D:\mysoft\maven\repository\org\junit\platform\junit-platform-commons\1.6.2\junit-platform-commons-1.6.2.jar;D:\mysoft\maven\repository\org\junit\jupiter\junit-jupiter-engine\5.6.2\junit-jupiter-engine-5.6.2.jar;D:\mysoft\maven\repository\org\junit\platform\junit-platform-engine\1.6.2\junit-platform-engine-1.6.2.jar;D:\mysoft\maven\repository\org\junit\jupiter\junit-jupiter-params\5.6.2\junit-jupiter-params-5.6.2.jar;D:\mysoft\maven\repository\org\junit\platform\junit-platform-runner\1.6.2\junit-platform-runner-1.6.2.jar;D:\mysoft\maven\repository\junit\junit\4.13\junit-4.13.jar;D:\mysoft\maven\repository\org\junit\platform\junit-platform-launcher\1.6.2\junit-platform-launcher-1.6.2.jar;D:\mysoft\maven\repository\org\junit\platform\junit-platform-suite-api\1.6.2\junit-platform-suite-api-1.6.2.jar;D:\mysoft\maven\repository\org\xerial\snappy\snappy-java\1.1.7.7\snappy-java-1.1.7.7.jar;
2021-11-08 11:14:35,124 [myid:] - INFO  [main:Environment@98] - Client environment:java.library.path=C:\Program Files\Java\jdk1.8.0_31\jre\bin;C:\WINDOWS\Sun\Java\bin;C:\WINDOWS\system32;C:\WINDOWS;C:\Program Files\Java\jdk1.8.0_31\jre\bin;C:\Python39\Scripts\;C:\Python39\;C:\Python27\;C:\Python27\Scripts;C:\Program Files (x86)\Intel\Intel(R) Management Engine Components\iCLS\;C:\Program Files\Intel\Intel(R) Management Engine Components\iCLS\;C:\WINDOWS\system32;C:\WINDOWS;C:\WINDOWS\System32\Wbem;C:\WINDOWS\System32\WindowsPowerShell\v1.0\;C:\WINDOWS\System32\OpenSSH\;C:\Program Files (x86)\Intel\Intel(R) Management Engine Components\DAL;C:\Program Files\Intel\Intel(R) Management Engine Components\DAL;C:\Program Files\TortoiseSVN\bin;C:\Program Files\Java\jdk1.8.0_31\bin;D:\soft\Git\cmd;D:\mysoft\maven\apache-maven-3.6.1\bin;C:\ProgramData\chocolatey\bin;C:\Program Files\nodejs\;D:\mysoft\gradle-7.0\bin;C:\ProgramData\Oracle\Java\javapath;C:\Program Files\OpenVPN\bin;C:\Users\faisco\AppData\Local\Microsoft\WindowsApps;;D:\soft\Microsoft VS Code\bin;D:\soft\PyCharm Community Edition 2019.1.3\bin;;D:\soft\PyCharm 2019.2.3\bin;;C:\Users\faisco\AppData\Local\Microsoft\WindowsApps;C:\Program Files\JetBrains\IntelliJ IDEA 2020.1\bin;;C:\Program Files\JetBrains\IntelliJ IDEA Community Edition 2020.1.3\bin;;C:\Users\faisco\AppData\Roaming\npm;.
2021-11-08 11:14:35,124 [myid:] - INFO  [main:Environment@98] - Client environment:java.io.tmpdir=C:\Users\faisco\AppData\Local\Temp\
2021-11-08 11:14:35,124 [myid:] - INFO  [main:Environment@98] - Client environment:java.compiler=<NA>
2021-11-08 11:14:35,124 [myid:] - INFO  [main:Environment@98] - Client environment:os.name=Windows 8.1
2021-11-08 11:14:35,124 [myid:] - INFO  [main:Environment@98] - Client environment:os.arch=amd64
2021-11-08 11:14:35,124 [myid:] - INFO  [main:Environment@98] - Client environment:os.version=6.3
2021-11-08 11:14:35,125 [myid:] - INFO  [main:Environment@98] - Client environment:user.name=faisco
2021-11-08 11:14:35,125 [myid:] - INFO  [main:Environment@98] - Client environment:user.home=C:\Users\faisco
2021-11-08 11:14:35,125 [myid:] - INFO  [main:Environment@98] - Client environment:user.dir=D:\mysoft\faiscoGit\myStudy\ZooKeeperLearning\apache-zookeeper-3.7.0\zookeeper-server
2021-11-08 11:14:35,125 [myid:] - INFO  [main:Environment@98] - Client environment:os.memory.free=198MB
2021-11-08 11:14:35,125 [myid:] - INFO  [main:Environment@98] - Client environment:os.memory.max=455MB
2021-11-08 11:14:35,125 [myid:] - INFO  [main:Environment@98] - Client environment:os.memory.total=243MB
2021-11-08 11:14:35,127 [myid:] - INFO  [main:ZooKeeper@637] - Initiating client connection, connectString=127.0.0.1:11224 sessionTimeout=5000 watcher=org.apache.zookeeper.test.ClientBase$CountdownWatcher@be64738
2021-11-08 11:14:35,130 [myid:] - INFO  [main:ClientCnxnSocket@239] - jute.maxbuffer value is 1048575 Bytes
2021-11-08 11:14:35,136 [myid:] - INFO  [main:ClientCnxn@1726] - zookeeper.request.timeout value is 0. feature enabled=false
2021-11-08 11:14:35,141 [myid:127.0.0.1:11224] - INFO  [main-SendThread(127.0.0.1:11224):ClientCnxn$SendThread@1171] - Opening socket connection to server xmind.net/127.0.0.1:11224.
2021-11-08 11:14:35,141 [myid:127.0.0.1:11224] - INFO  [main-SendThread(127.0.0.1:11224):ClientCnxn$SendThread@1173] - SASL config status: Will not attempt to authenticate using SASL (unknown error)
2021-11-08 11:14:35,146 [myid:127.0.0.1:11224] - WARN  [nioEventLoopGroup-8-1:X509Util@366] - zookeeper.ssl.trustStore.location not specified
2021-11-08 11:14:35,283 [myid:127.0.0.1:11224] - INFO  [nioEventLoopGroup-8-1:ClientCnxnSocketNetty$ZKClientPipelineFactory@454] - SSL handler added for channel: [id: 0x9ec7ff45]
2021-11-08 11:14:35,289 [myid:127.0.0.1:11224] - INFO  [nioEventLoopGroup-8-1:ClientCnxn$SendThread@1005] - Socket connection established, initiating session, client: /127.0.0.1:13516, server: xmind.net/127.0.0.1:11224
2021-11-08 11:14:35,289 [myid:] - WARN  [nioEventLoopGroup-7-1:X509Util@366] - zookeeper.ssl.trustStore.location not specified
2021-11-08 11:14:35,290 [myid:127.0.0.1:11224] - INFO  [nioEventLoopGroup-8-1:ClientCnxnSocketNetty$1@184] - channel is connected: [id: 0x9ec7ff45, L:/127.0.0.1:13516 - R:xmind.net/127.0.0.1:11224]
2021-11-08 11:14:35,318 [myid:] - WARN  [nioEventLoopGroup-7-1:ChannelInitializer@97] - Failed to initialize a channel. Closing: [id: 0xaf11d2aa, L:/127.0.0.1:11224 - R:/127.0.0.1:13516]
java.lang.IllegalArgumentException: Cannot support TLS_ECDHE_ECDSA_WITH_AES_256_CBC_SHA384 with currently installed providers
	at sun.security.ssl.CipherSuiteList.<init>(CipherSuiteList.java:92)
	at sun.security.ssl.SSLEngineImpl.setEnabledCipherSuites(SSLEngineImpl.java:2038)
	at io.netty.handler.ssl.JdkSslContext.configureAndWrapEngine(JdkSslContext.java:341)
	at io.netty.handler.ssl.JdkSslContext.newEngine(JdkSslContext.java:331)
	at io.netty.handler.ssl.SslContext.newHandler(SslContext.java:956)
	at io.netty.handler.ssl.SslContext.newHandler(SslContext.java:948)
	at org.apache.zookeeper.server.NettyServerCnxnFactory.initSSL(NettyServerCnxnFactory.java:575)
	at org.apache.zookeeper.server.NettyServerCnxnFactory.access$1300(NettyServerCnxnFactory.java:80)
	at org.apache.zookeeper.server.NettyServerCnxnFactory$1.initChannel(NettyServerCnxnFactory.java:540)
	at org.apache.zookeeper.server.NettyServerCnxnFactory$1.initChannel(NettyServerCnxnFactory.java:532)
	at io.netty.channel.ChannelInitializer.initChannel(ChannelInitializer.java:129)
	at io.netty.channel.ChannelInitializer.handlerAdded(ChannelInitializer.java:112)
	at io.netty.channel.AbstractChannelHandlerContext.callHandlerAdded(AbstractChannelHandlerContext.java:938)
	at io.netty.channel.DefaultChannelPipeline.callHandlerAdded0(DefaultChannelPipeline.java:609)
	at io.netty.channel.DefaultChannelPipeline.access$100(DefaultChannelPipeline.java:46)
	at io.netty.channel.DefaultChannelPipeline$PendingHandlerAddedTask.execute(DefaultChannelPipeline.java:1463)
	at io.netty.channel.DefaultChannelPipeline.callHandlerAddedForAllHandlers(DefaultChannelPipeline.java:1115)
	at io.netty.channel.DefaultChannelPipeline.invokeHandlerAddedIfNeeded(DefaultChannelPipeline.java:650)
	at io.netty.channel.AbstractChannel$AbstractUnsafe.register0(AbstractChannel.java:502)
	at io.netty.channel.AbstractChannel$AbstractUnsafe.access$200(AbstractChannel.java:417)
	at io.netty.channel.AbstractChannel$AbstractUnsafe$1.run(AbstractChannel.java:474)
	at io.netty.util.concurrent.AbstractEventExecutor.safeExecute(AbstractEventExecutor.java:164)
	at io.netty.util.concurrent.SingleThreadEventExecutor.runAllTasks(SingleThreadEventExecutor.java:472)
	at io.netty.channel.nio.NioEventLoop.run(NioEventLoop.java:500)
	at io.netty.util.concurrent.SingleThreadEventExecutor$4.run(SingleThreadEventExecutor.java:989)
	at io.netty.util.internal.ThreadExecutorMap$2.run(ThreadExecutorMap.java:74)
	at io.netty.util.concurrent.FastThreadLocalRunnable.run(FastThreadLocalRunnable.java:30)
	at java.lang.Thread.run(Thread.java:745)
2021-11-08 11:14:35,323 [myid:127.0.0.1:11224] - INFO  [nioEventLoopGroup-8-1:ClientCnxnSocketNetty$ZKClientHandler@469] - channel is disconnected: [id: 0x9ec7ff45, L:/127.0.0.1:13516 ! R:xmind.net/127.0.0.1:11224]
2021-11-08 11:14:35,323 [myid:127.0.0.1:11224] - INFO  [nioEventLoopGroup-8-1:ClientCnxnSocketNetty@249] - channel is told closing
2021-11-08 11:14:35,323 [myid:127.0.0.1:11224] - WARN  [main-SendThread(127.0.0.1:11224):ClientCnxn$SendThread@1290] - Session 0x0 for sever xmind.net/127.0.0.1:11224, Closing socket connection. Attempting reconnect except it is a SessionExpiredException.
EndOfStreamException: channel for sessionid 0x0 is lost
	at org.apache.zookeeper.ClientCnxnSocketNetty.doTransport(ClientCnxnSocketNetty.java:285)
	at org.apache.zookeeper.ClientCnxn$SendThread.run(ClientCnxn.java:1280)
2021-11-08 11:14:36,967 [myid:127.0.0.1:11224] - INFO  [main-SendThread(127.0.0.1:11224):ClientCnxn$SendThread@1171] - Opening socket connection to server xmind.net/127.0.0.1:11224.
2021-11-08 11:14:36,967 [myid:127.0.0.1:11224] - INFO  [main-SendThread(127.0.0.1:11224):ClientCnxn$SendThread@1173] - SASL config status: Will not attempt to authenticate using SASL (unknown error)
2021-11-08 11:14:36,968 [myid:127.0.0.1:11224] - WARN  [nioEventLoopGroup-8-1:X509Util@366] - zookeeper.ssl.trustStore.location not specified
2021-11-08 11:14:36,973 [myid:127.0.0.1:11224] - INFO  [nioEventLoopGroup-8-1:ClientCnxnSocketNetty$ZKClientPipelineFactory@454] - SSL handler added for channel: [id: 0x9660a1e1]
2021-11-08 11:14:36,974 [myid:127.0.0.1:11224] - INFO  [nioEventLoopGroup-8-1:ClientCnxn$SendThread@1005] - Socket connection established, initiating session, client: /127.0.0.1:13699, server: xmind.net/127.0.0.1:11224
2021-11-08 11:14:36,974 [myid:127.0.0.1:11224] - INFO  [nioEventLoopGroup-8-1:ClientCnxnSocketNetty$1@184] - channel is connected: [id: 0x9660a1e1, L:/127.0.0.1:13699 - R:xmind.net/127.0.0.1:11224]
2021-11-08 11:14:36,977 [myid:] - WARN  [nioEventLoopGroup-7-2:ChannelInitializer@97] - Failed to initialize a channel. Closing: [id: 0xabf28012, L:/127.0.0.1:11224 - R:/127.0.0.1:13699]
java.lang.IllegalArgumentException: Cannot support TLS_ECDHE_ECDSA_WITH_AES_256_CBC_SHA384 with currently installed providers
	at sun.security.ssl.CipherSuiteList.<init>(CipherSuiteList.java:92)
	at sun.security.ssl.SSLEngineImpl.setEnabledCipherSuites(SSLEngineImpl.java:2038)
	at io.netty.handler.ssl.JdkSslContext.configureAndWrapEngine(JdkSslContext.java:341)
	at io.netty.handler.ssl.JdkSslContext.newEngine(JdkSslContext.java:331)
	at io.netty.handler.ssl.SslContext.newHandler(SslContext.java:956)
	at io.netty.handler.ssl.SslContext.newHandler(SslContext.java:948)
	at org.apache.zookeeper.server.NettyServerCnxnFactory.initSSL(NettyServerCnxnFactory.java:575)
	at org.apache.zookeeper.server.NettyServerCnxnFactory.access$1300(NettyServerCnxnFactory.java:80)
	at org.apache.zookeeper.server.NettyServerCnxnFactory$1.initChannel(NettyServerCnxnFactory.java:540)
	at org.apache.zookeeper.server.NettyServerCnxnFactory$1.initChannel(NettyServerCnxnFactory.java:532)
	at io.netty.channel.ChannelInitializer.initChannel(ChannelInitializer.java:129)
	at io.netty.channel.ChannelInitializer.handlerAdded(ChannelInitializer.java:112)
	at io.netty.channel.AbstractChannelHandlerContext.callHandlerAdded(AbstractChannelHandlerContext.java:938)
	at io.netty.channel.DefaultChannelPipeline.callHandlerAdded0(DefaultChannelPipeline.java:609)
	at io.netty.channel.DefaultChannelPipeline.access$100(DefaultChannelPipeline.java:46)
	at io.netty.channel.DefaultChannelPipeline$PendingHandlerAddedTask.execute(DefaultChannelPipeline.java:1463)
	at io.netty.channel.DefaultChannelPipeline.callHandlerAddedForAllHandlers(DefaultChannelPipeline.java:1115)
	at io.netty.channel.DefaultChannelPipeline.invokeHandlerAddedIfNeeded(DefaultChannelPipeline.java:650)
	at io.netty.channel.AbstractChannel$AbstractUnsafe.register0(AbstractChannel.java:502)
	at io.netty.channel.AbstractChannel$AbstractUnsafe.access$200(AbstractChannel.java:417)
	at io.netty.channel.AbstractChannel$AbstractUnsafe$1.run(AbstractChannel.java:474)
	at io.netty.util.concurrent.AbstractEventExecutor.safeExecute(AbstractEventExecutor.java:164)
	at io.netty.util.concurrent.SingleThreadEventExecutor.runAllTasks(SingleThreadEventExecutor.java:472)
	at io.netty.channel.nio.NioEventLoop.run(NioEventLoop.java:500)
	at io.netty.util.concurrent.SingleThreadEventExecutor$4.run(SingleThreadEventExecutor.java:989)
	at io.netty.util.internal.ThreadExecutorMap$2.run(ThreadExecutorMap.java:74)
	at io.netty.util.concurrent.FastThreadLocalRunnable.run(FastThreadLocalRunnable.java:30)
	at java.lang.Thread.run(Thread.java:745)
2021-11-08 11:14:36,978 [myid:127.0.0.1:11224] - INFO  [nioEventLoopGroup-8-1:ClientCnxnSocketNetty$ZKClientHandler@469] - channel is disconnected: [id: 0x9660a1e1, L:/127.0.0.1:13699 ! R:xmind.net/127.0.0.1:11224]
2021-11-08 11:14:36,978 [myid:127.0.0.1:11224] - INFO  [nioEventLoopGroup-8-1:ClientCnxnSocketNetty@249] - channel is told closing
2021-11-08 11:14:36,979 [myid:127.0.0.1:11224] - WARN  [main-SendThread(127.0.0.1:11224):ClientCnxn$SendThread@1290] - Session 0x0 for sever xmind.net/127.0.0.1:11224, Closing socket connection. Attempting reconnect except it is a SessionExpiredException.
EndOfStreamException: channel for sessionid 0x0 is lost
	at org.apache.zookeeper.ClientCnxnSocketNetty.doTransport(ClientCnxnSocketNetty.java:285)
	at org.apache.zookeeper.ClientCnxn$SendThread.run(ClientCnxn.java:1280)
2021-11-08 11:14:38,934 [myid:127.0.0.1:11224] - INFO  [main-SendThread(127.0.0.1:11224):ClientCnxn$SendThread@1171] - Opening socket connection to server xmind.net/127.0.0.1:11224.
2021-11-08 11:14:38,934 [myid:127.0.0.1:11224] - INFO  [main-SendThread(127.0.0.1:11224):ClientCnxn$SendThread@1173] - SASL config status: Will not attempt to authenticate using SASL (unknown error)
2021-11-08 11:14:38,935 [myid:127.0.0.1:11224] - WARN  [nioEventLoopGroup-8-1:X509Util@366] - zookeeper.ssl.trustStore.location not specified
2021-11-08 11:14:38,940 [myid:127.0.0.1:11224] - INFO  [nioEventLoopGroup-8-1:ClientCnxnSocketNetty$ZKClientPipelineFactory@454] - SSL handler added for channel: [id: 0xc2ec72a6]
2021-11-08 11:14:38,941 [myid:127.0.0.1:11224] - INFO  [nioEventLoopGroup-8-1:ClientCnxn$SendThread@1005] - Socket connection established, initiating session, client: /127.0.0.1:11108, server: xmind.net/127.0.0.1:11224
2021-11-08 11:14:38,941 [myid:127.0.0.1:11224] - INFO  [nioEventLoopGroup-8-1:ClientCnxnSocketNetty$1@184] - channel is connected: [id: 0xc2ec72a6, L:/127.0.0.1:11108 - R:xmind.net/127.0.0.1:11224]
2021-11-08 11:14:38,943 [myid:] - WARN  [nioEventLoopGroup-7-3:ChannelInitializer@97] - Failed to initialize a channel. Closing: [id: 0x375ae0bc, L:/127.0.0.1:11224 - R:/127.0.0.1:11108]
java.lang.IllegalArgumentException: Cannot support TLS_ECDHE_ECDSA_WITH_AES_256_CBC_SHA384 with currently installed providers
	at sun.security.ssl.CipherSuiteList.<init>(CipherSuiteList.java:92)
	at sun.security.ssl.SSLEngineImpl.setEnabledCipherSuites(SSLEngineImpl.java:2038)
	at io.netty.handler.ssl.JdkSslContext.configureAndWrapEngine(JdkSslContext.java:341)
	at io.netty.handler.ssl.JdkSslContext.newEngine(JdkSslContext.java:331)
	at io.netty.handler.ssl.SslContext.newHandler(SslContext.java:956)
	at io.netty.handler.ssl.SslContext.newHandler(SslContext.java:948)
	at org.apache.zookeeper.server.NettyServerCnxnFactory.initSSL(NettyServerCnxnFactory.java:575)
	at org.apache.zookeeper.server.NettyServerCnxnFactory.access$1300(NettyServerCnxnFactory.java:80)
	at org.apache.zookeeper.server.NettyServerCnxnFactory$1.initChannel(NettyServerCnxnFactory.java:540)
	at org.apache.zookeeper.server.NettyServerCnxnFactory$1.initChannel(NettyServerCnxnFactory.java:532)
	at io.netty.channel.ChannelInitializer.initChannel(ChannelInitializer.java:129)
	at io.netty.channel.ChannelInitializer.handlerAdded(ChannelInitializer.java:112)
	at io.netty.channel.AbstractChannelHandlerContext.callHandlerAdded(AbstractChannelHandlerContext.java:938)
	at io.netty.channel.DefaultChannelPipeline.callHandlerAdded0(DefaultChannelPipeline.java:609)
	at io.netty.channel.DefaultChannelPipeline.access$100(DefaultChannelPipeline.java:46)
	at io.netty.channel.DefaultChannelPipeline$PendingHandlerAddedTask.execute(DefaultChannelPipeline.java:1463)
	at io.netty.channel.DefaultChannelPipeline.callHandlerAddedForAllHandlers(DefaultChannelPipeline.java:1115)
	at io.netty.channel.DefaultChannelPipeline.invokeHandlerAddedIfNeeded(DefaultChannelPipeline.java:650)
	at io.netty.channel.AbstractChannel$AbstractUnsafe.register0(AbstractChannel.java:502)
	at io.netty.channel.AbstractChannel$AbstractUnsafe.access$200(AbstractChannel.java:417)
	at io.netty.channel.AbstractChannel$AbstractUnsafe$1.run(AbstractChannel.java:474)
	at io.netty.util.concurrent.AbstractEventExecutor.safeExecute(AbstractEventExecutor.java:164)
	at io.netty.util.concurrent.SingleThreadEventExecutor.runAllTasks(SingleThreadEventExecutor.java:472)
	at io.netty.channel.nio.NioEventLoop.run(NioEventLoop.java:500)
	at io.netty.util.concurrent.SingleThreadEventExecutor$4.run(SingleThreadEventExecutor.java:989)
	at io.netty.util.internal.ThreadExecutorMap$2.run(ThreadExecutorMap.java:74)
	at io.netty.util.concurrent.FastThreadLocalRunnable.run(FastThreadLocalRunnable.java:30)
	at java.lang.Thread.run(Thread.java:745)
2021-11-08 11:14:38,944 [myid:127.0.0.1:11224] - INFO  [nioEventLoopGroup-8-1:ClientCnxnSocketNetty$ZKClientHandler@469] - channel is disconnected: [id: 0xc2ec72a6, L:/127.0.0.1:11108 ! R:xmind.net/127.0.0.1:11224]
2021-11-08 11:14:38,944 [myid:127.0.0.1:11224] - INFO  [nioEventLoopGroup-8-1:ClientCnxnSocketNetty@249] - channel is told closing
2021-11-08 11:14:38,944 [myid:127.0.0.1:11224] - WARN  [main-SendThread(127.0.0.1:11224):ClientCnxn$SendThread@1290] - Session 0x0 for sever xmind.net/127.0.0.1:11224, Closing socket connection. Attempting reconnect except it is a SessionExpiredException.
EndOfStreamException: channel for sessionid 0x0 is lost
	at org.apache.zookeeper.ClientCnxnSocketNetty.doTransport(ClientCnxnSocketNetty.java:285)
	at org.apache.zookeeper.ClientCnxn$SendThread.run(ClientCnxn.java:1280)
2021-11-08 11:14:40,493 [myid:127.0.0.1:11224] - INFO  [main-SendThread(127.0.0.1:11224):ClientCnxn$SendThread@1171] - Opening socket connection to server xmind.net/127.0.0.1:11224.
2021-11-08 11:14:40,493 [myid:127.0.0.1:11224] - INFO  [main-SendThread(127.0.0.1:11224):ClientCnxn$SendThread@1173] - SASL config status: Will not attempt to authenticate using SASL (unknown error)
2021-11-08 11:14:40,495 [myid:127.0.0.1:11224] - WARN  [nioEventLoopGroup-8-1:X509Util@366] - zookeeper.ssl.trustStore.location not specified
2021-11-08 11:14:40,501 [myid:127.0.0.1:11224] - INFO  [nioEventLoopGroup-8-1:ClientCnxnSocketNetty$ZKClientPipelineFactory@454] - SSL handler added for channel: [id: 0x228648c1]
2021-11-08 11:14:40,501 [myid:127.0.0.1:11224] - INFO  [nioEventLoopGroup-8-1:ClientCnxn$SendThread@1005] - Socket connection established, initiating session, client: /127.0.0.1:11133, server: xmind.net/127.0.0.1:11224
2021-11-08 11:14:40,502 [myid:127.0.0.1:11224] - INFO  [nioEventLoopGroup-8-1:ClientCnxnSocketNetty$1@184] - channel is connected: [id: 0x228648c1, L:/127.0.0.1:11133 - R:xmind.net/127.0.0.1:11224]
2021-11-08 11:14:40,502 [myid:] - WARN  [nioEventLoopGroup-7-4:ChannelInitializer@97] - Failed to initialize a channel. Closing: [id: 0xaa46220e, L:/127.0.0.1:11224 - R:/127.0.0.1:11133]
java.lang.IllegalArgumentException: Cannot support TLS_ECDHE_ECDSA_WITH_AES_256_CBC_SHA384 with currently installed providers
	at sun.security.ssl.CipherSuiteList.<init>(CipherSuiteList.java:92)
	at sun.security.ssl.SSLEngineImpl.setEnabledCipherSuites(SSLEngineImpl.java:2038)
	at io.netty.handler.ssl.JdkSslContext.configureAndWrapEngine(JdkSslContext.java:341)
	at io.netty.handler.ssl.JdkSslContext.newEngine(JdkSslContext.java:331)
	at io.netty.handler.ssl.SslContext.newHandler(SslContext.java:956)
	at io.netty.handler.ssl.SslContext.newHandler(SslContext.java:948)
	at org.apache.zookeeper.server.NettyServerCnxnFactory.initSSL(NettyServerCnxnFactory.java:575)
	at org.apache.zookeeper.server.NettyServerCnxnFactory.access$1300(NettyServerCnxnFactory.java:80)
	at org.apache.zookeeper.server.NettyServerCnxnFactory$1.initChannel(NettyServerCnxnFactory.java:540)
	at org.apache.zookeeper.server.NettyServerCnxnFactory$1.initChannel(NettyServerCnxnFactory.java:532)
	at io.netty.channel.ChannelInitializer.initChannel(ChannelInitializer.java:129)
	at io.netty.channel.ChannelInitializer.handlerAdded(ChannelInitializer.java:112)
	at io.netty.channel.AbstractChannelHandlerContext.callHandlerAdded(AbstractChannelHandlerContext.java:938)
	at io.netty.channel.DefaultChannelPipeline.callHandlerAdded0(DefaultChannelPipeline.java:609)
	at io.netty.channel.DefaultChannelPipeline.access$100(DefaultChannelPipeline.java:46)
	at io.netty.channel.DefaultChannelPipeline$PendingHandlerAddedTask.execute(DefaultChannelPipeline.java:1463)
	at io.netty.channel.DefaultChannelPipeline.callHandlerAddedForAllHandlers(DefaultChannelPipeline.java:1115)
	at io.netty.channel.DefaultChannelPipeline.invokeHandlerAddedIfNeeded(DefaultChannelPipeline.java:650)
	at io.netty.channel.AbstractChannel$AbstractUnsafe.register0(AbstractChannel.java:502)
	at io.netty.channel.AbstractChannel$AbstractUnsafe.access$200(AbstractChannel.java:417)
	at io.netty.channel.AbstractChannel$AbstractUnsafe$1.run(AbstractChannel.java:474)
	at io.netty.util.concurrent.AbstractEventExecutor.safeExecute(AbstractEventExecutor.java:164)
	at io.netty.util.concurrent.SingleThreadEventExecutor.runAllTasks(SingleThreadEventExecutor.java:472)
	at io.netty.channel.nio.NioEventLoop.run(NioEventLoop.java:500)
	at io.netty.util.concurrent.SingleThreadEventExecutor$4.run(SingleThreadEventExecutor.java:989)
	at io.netty.util.internal.ThreadExecutorMap$2.run(ThreadExecutorMap.java:74)
	at io.netty.util.concurrent.FastThreadLocalRunnable.run(FastThreadLocalRunnable.java:30)
	at java.lang.Thread.run(Thread.java:745)
2021-11-08 11:14:40,503 [myid:127.0.0.1:11224] - INFO  [nioEventLoopGroup-8-1:ClientCnxnSocketNetty$ZKClientHandler@469] - channel is disconnected: [id: 0x228648c1, L:/127.0.0.1:11133 ! R:xmind.net/127.0.0.1:11224]
2021-11-08 11:14:40,503 [myid:127.0.0.1:11224] - INFO  [nioEventLoopGroup-8-1:ClientCnxnSocketNetty@249] - channel is told closing
2021-11-08 11:14:40,504 [myid:127.0.0.1:11224] - WARN  [main-SendThread(127.0.0.1:11224):ClientCnxn$SendThread@1290] - Session 0x0 for sever xmind.net/127.0.0.1:11224, Closing socket connection. Attempting reconnect except it is a SessionExpiredException.
EndOfStreamException: channel for sessionid 0x0 is lost
	at org.apache.zookeeper.ClientCnxnSocketNetty.doTransport(ClientCnxnSocketNetty.java:285)
	at org.apache.zookeeper.ClientCnxn$SendThread.run(ClientCnxn.java:1280)
2021-11-08 11:14:42,354 [myid:127.0.0.1:11224] - INFO  [main-SendThread(127.0.0.1:11224):ClientCnxn$SendThread@1171] - Opening socket connection to server xmind.net/127.0.0.1:11224.
2021-11-08 11:14:42,354 [myid:127.0.0.1:11224] - INFO  [main-SendThread(127.0.0.1:11224):ClientCnxn$SendThread@1173] - SASL config status: Will not attempt to authenticate using SASL (unknown error)
2021-11-08 11:14:42,355 [myid:127.0.0.1:11224] - WARN  [nioEventLoopGroup-8-1:X509Util@366] - zookeeper.ssl.trustStore.location not specified
2021-11-08 11:14:42,360 [myid:127.0.0.1:11224] - INFO  [nioEventLoopGroup-8-1:ClientCnxnSocketNetty$ZKClientPipelineFactory@454] - SSL handler added for channel: [id: 0xa3521f72]
2021-11-08 11:14:42,361 [myid:127.0.0.1:11224] - INFO  [nioEventLoopGroup-8-1:ClientCnxn$SendThread@1005] - Socket connection established, initiating session, client: /127.0.0.1:11188, server: xmind.net/127.0.0.1:11224
2021-11-08 11:14:42,361 [myid:127.0.0.1:11224] - INFO  [nioEventLoopGroup-8-1:ClientCnxnSocketNetty$1@184] - channel is connected: [id: 0xa3521f72, L:/127.0.0.1:11188 - R:xmind.net/127.0.0.1:11224]
2021-11-08 11:14:42,363 [myid:] - WARN  [nioEventLoopGroup-7-5:ChannelInitializer@97] - Failed to initialize a channel. Closing: [id: 0xbcd3a274, L:/127.0.0.1:11224 - R:/127.0.0.1:11188]
java.lang.IllegalArgumentException: Cannot support TLS_ECDHE_ECDSA_WITH_AES_256_CBC_SHA384 with currently installed providers
	at sun.security.ssl.CipherSuiteList.<init>(CipherSuiteList.java:92)
	at sun.security.ssl.SSLEngineImpl.setEnabledCipherSuites(SSLEngineImpl.java:2038)
	at io.netty.handler.ssl.JdkSslContext.configureAndWrapEngine(JdkSslContext.java:341)
	at io.netty.handler.ssl.JdkSslContext.newEngine(JdkSslContext.java:331)
	at io.netty.handler.ssl.SslContext.newHandler(SslContext.java:956)
	at io.netty.handler.ssl.SslContext.newHandler(SslContext.java:948)
	at org.apache.zookeeper.server.NettyServerCnxnFactory.initSSL(NettyServerCnxnFactory.java:575)
	at org.apache.zookeeper.server.NettyServerCnxnFactory.access$1300(NettyServerCnxnFactory.java:80)
	at org.apache.zookeeper.server.NettyServerCnxnFactory$1.initChannel(NettyServerCnxnFactory.java:540)
	at org.apache.zookeeper.server.NettyServerCnxnFactory$1.initChannel(NettyServerCnxnFactory.java:532)
	at io.netty.channel.ChannelInitializer.initChannel(ChannelInitializer.java:129)
	at io.netty.channel.ChannelInitializer.handlerAdded(ChannelInitializer.java:112)
	at io.netty.channel.AbstractChannelHandlerContext.callHandlerAdded(AbstractChannelHandlerContext.java:938)
	at io.netty.channel.DefaultChannelPipeline.callHandlerAdded0(DefaultChannelPipeline.java:609)
	at io.netty.channel.DefaultChannelPipeline.access$100(DefaultChannelPipeline.java:46)
	at io.netty.channel.DefaultChannelPipeline$PendingHandlerAddedTask.execute(DefaultChannelPipeline.java:1463)
	at io.netty.channel.DefaultChannelPipeline.callHandlerAddedForAllHandlers(DefaultChannelPipeline.java:1115)
	at io.netty.channel.DefaultChannelPipeline.invokeHandlerAddedIfNeeded(DefaultChannelPipeline.java:650)
	at io.netty.channel.AbstractChannel$AbstractUnsafe.register0(AbstractChannel.java:502)
	at io.netty.channel.AbstractChannel$AbstractUnsafe.access$200(AbstractChannel.java:417)
	at io.netty.channel.AbstractChannel$AbstractUnsafe$1.run(AbstractChannel.java:474)
	at io.netty.util.concurrent.AbstractEventExecutor.safeExecute(AbstractEventExecutor.java:164)
	at io.netty.util.concurrent.SingleThreadEventExecutor.runAllTasks(SingleThreadEventExecutor.java:472)
	at io.netty.channel.nio.NioEventLoop.run(NioEventLoop.java:500)
	at io.netty.util.concurrent.SingleThreadEventExecutor$4.run(SingleThreadEventExecutor.java:989)
	at io.netty.util.internal.ThreadExecutorMap$2.run(ThreadExecutorMap.java:74)
	at io.netty.util.concurrent.FastThreadLocalRunnable.run(FastThreadLocalRunnable.java:30)
	at java.lang.Thread.run(Thread.java:745)
2021-11-08 11:14:42,363 [myid:127.0.0.1:11224] - INFO  [nioEventLoopGroup-8-1:ClientCnxnSocketNetty$ZKClientHandler@469] - channel is disconnected: [id: 0xa3521f72, L:/127.0.0.1:11188 ! R:xmind.net/127.0.0.1:11224]
2021-11-08 11:14:42,364 [myid:127.0.0.1:11224] - INFO  [nioEventLoopGroup-8-1:ClientCnxnSocketNetty@249] - channel is told closing
2021-11-08 11:14:42,364 [myid:127.0.0.1:11224] - WARN  [main-SendThread(127.0.0.1:11224):ClientCnxn$SendThread@1290] - Session 0x0 for sever xmind.net/127.0.0.1:11224, Closing socket connection. Attempting reconnect except it is a SessionExpiredException.
EndOfStreamException: channel for sessionid 0x0 is lost
	at org.apache.zookeeper.ClientCnxnSocketNetty.doTransport(ClientCnxnSocketNetty.java:285)
	at org.apache.zookeeper.ClientCnxn$SendThread.run(ClientCnxn.java:1280)
2021-11-08 11:14:44,152 [myid:127.0.0.1:11224] - INFO  [main-SendThread(127.0.0.1:11224):ClientCnxn$SendThread@1171] - Opening socket connection to server xmind.net/127.0.0.1:11224.
2021-11-08 11:14:44,152 [myid:127.0.0.1:11224] - INFO  [main-SendThread(127.0.0.1:11224):ClientCnxn$SendThread@1173] - SASL config status: Will not attempt to authenticate using SASL (unknown error)
2021-11-08 11:14:44,153 [myid:127.0.0.1:11224] - WARN  [nioEventLoopGroup-8-1:X509Util@366] - zookeeper.ssl.trustStore.location not specified
2021-11-08 11:14:44,158 [myid:127.0.0.1:11224] - INFO  [nioEventLoopGroup-8-1:ClientCnxnSocketNetty$ZKClientPipelineFactory@454] - SSL handler added for channel: [id: 0xf4beef8e]
2021-11-08 11:14:44,159 [myid:127.0.0.1:11224] - INFO  [nioEventLoopGroup-8-1:ClientCnxn$SendThread@1005] - Socket connection established, initiating session, client: /127.0.0.1:11220, server: xmind.net/127.0.0.1:11224
2021-11-08 11:14:44,159 [myid:127.0.0.1:11224] - INFO  [nioEventLoopGroup-8-1:ClientCnxnSocketNetty$1@184] - channel is connected: [id: 0xf4beef8e, L:/127.0.0.1:11220 - R:xmind.net/127.0.0.1:11224]
2021-11-08 11:14:44,160 [myid:] - WARN  [nioEventLoopGroup-7-6:ChannelInitializer@97] - Failed to initialize a channel. Closing: [id: 0x8ea4e8e9, L:/127.0.0.1:11224 - R:/127.0.0.1:11220]
java.lang.IllegalArgumentException: Cannot support TLS_ECDHE_ECDSA_WITH_AES_256_CBC_SHA384 with currently installed providers
	at sun.security.ssl.CipherSuiteList.<init>(CipherSuiteList.java:92)
	at sun.security.ssl.SSLEngineImpl.setEnabledCipherSuites(SSLEngineImpl.java:2038)
	at io.netty.handler.ssl.JdkSslContext.configureAndWrapEngine(JdkSslContext.java:341)
	at io.netty.handler.ssl.JdkSslContext.newEngine(JdkSslContext.java:331)
	at io.netty.handler.ssl.SslContext.newHandler(SslContext.java:956)
	at io.netty.handler.ssl.SslContext.newHandler(SslContext.java:948)
	at org.apache.zookeeper.server.NettyServerCnxnFactory.initSSL(NettyServerCnxnFactory.java:575)
	at org.apache.zookeeper.server.NettyServerCnxnFactory.access$1300(NettyServerCnxnFactory.java:80)
	at org.apache.zookeeper.server.NettyServerCnxnFactory$1.initChannel(NettyServerCnxnFactory.java:540)
	at org.apache.zookeeper.server.NettyServerCnxnFactory$1.initChannel(NettyServerCnxnFactory.java:532)
	at io.netty.channel.ChannelInitializer.initChannel(ChannelInitializer.java:129)
	at io.netty.channel.ChannelInitializer.handlerAdded(ChannelInitializer.java:112)
	at io.netty.channel.AbstractChannelHandlerContext.callHandlerAdded(AbstractChannelHandlerContext.java:938)
	at io.netty.channel.DefaultChannelPipeline.callHandlerAdded0(DefaultChannelPipeline.java:609)
	at io.netty.channel.DefaultChannelPipeline.access$100(DefaultChannelPipeline.java:46)
	at io.netty.channel.DefaultChannelPipeline$PendingHandlerAddedTask.execute(DefaultChannelPipeline.java:1463)
	at io.netty.channel.DefaultChannelPipeline.callHandlerAddedForAllHandlers(DefaultChannelPipeline.java:1115)
	at io.netty.channel.DefaultChannelPipeline.invokeHandlerAddedIfNeeded(DefaultChannelPipeline.java:650)
	at io.netty.channel.AbstractChannel$AbstractUnsafe.register0(AbstractChannel.java:502)
	at io.netty.channel.AbstractChannel$AbstractUnsafe.access$200(AbstractChannel.java:417)
	at io.netty.channel.AbstractChannel$AbstractUnsafe$1.run(AbstractChannel.java:474)
	at io.netty.util.concurrent.AbstractEventExecutor.safeExecute(AbstractEventExecutor.java:164)
	at io.netty.util.concurrent.SingleThreadEventExecutor.runAllTasks(SingleThreadEventExecutor.java:472)
	at io.netty.channel.nio.NioEventLoop.run(NioEventLoop.java:500)
	at io.netty.util.concurrent.SingleThreadEventExecutor$4.run(SingleThreadEventExecutor.java:989)
	at io.netty.util.internal.ThreadExecutorMap$2.run(ThreadExecutorMap.java:74)
	at io.netty.util.concurrent.FastThreadLocalRunnable.run(FastThreadLocalRunnable.java:30)
	at java.lang.Thread.run(Thread.java:745)
2021-11-08 11:14:44,161 [myid:127.0.0.1:11224] - INFO  [nioEventLoopGroup-8-1:ClientCnxnSocketNetty$ZKClientHandler@469] - channel is disconnected: [id: 0xf4beef8e, L:/127.0.0.1:11220 ! R:xmind.net/127.0.0.1:11224]
2021-11-08 11:14:44,161 [myid:127.0.0.1:11224] - INFO  [nioEventLoopGroup-8-1:ClientCnxnSocketNetty@249] - channel is told closing
2021-11-08 11:14:44,161 [myid:127.0.0.1:11224] - WARN  [main-SendThread(127.0.0.1:11224):ClientCnxn$SendThread@1290] - Session 0x0 for sever xmind.net/127.0.0.1:11224, Closing socket connection. Attempting reconnect except it is a SessionExpiredException.
EndOfStreamException: channel for sessionid 0x0 is lost
	at org.apache.zookeeper.ClientCnxnSocketNetty.doTransport(ClientCnxnSocketNetty.java:285)
	at org.apache.zookeeper.ClientCnxn$SendThread.run(ClientCnxn.java:1280)
2021-11-08 11:14:45,713 [myid:127.0.0.1:11224] - INFO  [main-SendThread(127.0.0.1:11224):ClientCnxn$SendThread@1171] - Opening socket connection to server xmind.net/127.0.0.1:11224.
2021-11-08 11:14:45,713 [myid:127.0.0.1:11224] - INFO  [main-SendThread(127.0.0.1:11224):ClientCnxn$SendThread@1173] - SASL config status: Will not attempt to authenticate using SASL (unknown error)
2021-11-08 11:14:45,714 [myid:127.0.0.1:11224] - WARN  [nioEventLoopGroup-8-1:X509Util@366] - zookeeper.ssl.trustStore.location not specified
2021-11-08 11:14:45,718 [myid:127.0.0.1:11224] - INFO  [nioEventLoopGroup-8-1:ClientCnxnSocketNetty$ZKClientPipelineFactory@454] - SSL handler added for channel: [id: 0x92078819]
2021-11-08 11:14:45,719 [myid:127.0.0.1:11224] - INFO  [nioEventLoopGroup-8-1:ClientCnxn$SendThread@1005] - Socket connection established, initiating session, client: /127.0.0.1:11241, server: xmind.net/127.0.0.1:11224
2021-11-08 11:14:45,719 [myid:127.0.0.1:11224] - INFO  [nioEventLoopGroup-8-1:ClientCnxnSocketNetty$1@184] - channel is connected: [id: 0x92078819, L:/127.0.0.1:11241 - R:xmind.net/127.0.0.1:11224]
2021-11-08 11:14:45,722 [myid:] - WARN  [nioEventLoopGroup-7-7:ChannelInitializer@97] - Failed to initialize a channel. Closing: [id: 0x05c21bdb, L:/127.0.0.1:11224 - R:/127.0.0.1:11241]
java.lang.IllegalArgumentException: Cannot support TLS_ECDHE_ECDSA_WITH_AES_256_CBC_SHA384 with currently installed providers
	at sun.security.ssl.CipherSuiteList.<init>(CipherSuiteList.java:92)
	at sun.security.ssl.SSLEngineImpl.setEnabledCipherSuites(SSLEngineImpl.java:2038)
	at io.netty.handler.ssl.JdkSslContext.configureAndWrapEngine(JdkSslContext.java:341)
	at io.netty.handler.ssl.JdkSslContext.newEngine(JdkSslContext.java:331)
	at io.netty.handler.ssl.SslContext.newHandler(SslContext.java:956)
	at io.netty.handler.ssl.SslContext.newHandler(SslContext.java:948)
	at org.apache.zookeeper.server.NettyServerCnxnFactory.initSSL(NettyServerCnxnFactory.java:575)
	at org.apache.zookeeper.server.NettyServerCnxnFactory.access$1300(NettyServerCnxnFactory.java:80)
	at org.apache.zookeeper.server.NettyServerCnxnFactory$1.initChannel(NettyServerCnxnFactory.java:540)
	at org.apache.zookeeper.server.NettyServerCnxnFactory$1.initChannel(NettyServerCnxnFactory.java:532)
	at io.netty.channel.ChannelInitializer.initChannel(ChannelInitializer.java:129)
	at io.netty.channel.ChannelInitializer.handlerAdded(ChannelInitializer.java:112)
	at io.netty.channel.AbstractChannelHandlerContext.callHandlerAdded(AbstractChannelHandlerContext.java:938)
	at io.netty.channel.DefaultChannelPipeline.callHandlerAdded0(DefaultChannelPipeline.java:609)
	at io.netty.channel.DefaultChannelPipeline.access$100(DefaultChannelPipeline.java:46)
	at io.netty.channel.DefaultChannelPipeline$PendingHandlerAddedTask.execute(DefaultChannelPipeline.java:1463)
	at io.netty.channel.DefaultChannelPipeline.callHandlerAddedForAllHandlers(DefaultChannelPipeline.java:1115)
	at io.netty.channel.DefaultChannelPipeline.invokeHandlerAddedIfNeeded(DefaultChannelPipeline.java:650)
	at io.netty.channel.AbstractChannel$AbstractUnsafe.register0(AbstractChannel.java:502)
	at io.netty.channel.AbstractChannel$AbstractUnsafe.access$200(AbstractChannel.java:417)
	at io.netty.channel.AbstractChannel$AbstractUnsafe$1.run(AbstractChannel.java:474)
	at io.netty.util.concurrent.AbstractEventExecutor.safeExecute(AbstractEventExecutor.java:164)
	at io.netty.util.concurrent.SingleThreadEventExecutor.runAllTasks(SingleThreadEventExecutor.java:472)
	at io.netty.channel.nio.NioEventLoop.run(NioEventLoop.java:500)
	at io.netty.util.concurrent.SingleThreadEventExecutor$4.run(SingleThreadEventExecutor.java:989)
	at io.netty.util.internal.ThreadExecutorMap$2.run(ThreadExecutorMap.java:74)
	at io.netty.util.concurrent.FastThreadLocalRunnable.run(FastThreadLocalRunnable.java:30)
	at java.lang.Thread.run(Thread.java:745)
2021-11-08 11:14:45,723 [myid:127.0.0.1:11224] - INFO  [nioEventLoopGroup-8-1:ClientCnxnSocketNetty$ZKClientHandler@469] - channel is disconnected: [id: 0x92078819, L:/127.0.0.1:11241 ! R:xmind.net/127.0.0.1:11224]
2021-11-08 11:14:45,723 [myid:127.0.0.1:11224] - INFO  [nioEventLoopGroup-8-1:ClientCnxnSocketNetty@249] - channel is told closing
2021-11-08 11:14:45,723 [myid:127.0.0.1:11224] - WARN  [main-SendThread(127.0.0.1:11224):ClientCnxn$SendThread@1290] - Session 0x0 for sever xmind.net/127.0.0.1:11224, Closing socket connection. Attempting reconnect except it is a SessionExpiredException.
EndOfStreamException: channel for sessionid 0x0 is lost
	at org.apache.zookeeper.ClientCnxnSocketNetty.doTransport(ClientCnxnSocketNetty.java:285)
	at org.apache.zookeeper.ClientCnxn$SendThread.run(ClientCnxn.java:1280)
2021-11-08 11:14:47,216 [myid:127.0.0.1:11224] - INFO  [main-SendThread(127.0.0.1:11224):ClientCnxn$SendThread@1171] - Opening socket connection to server xmind.net/127.0.0.1:11224.
2021-11-08 11:14:47,216 [myid:127.0.0.1:11224] - INFO  [main-SendThread(127.0.0.1:11224):ClientCnxn$SendThread@1173] - SASL config status: Will not attempt to authenticate using SASL (unknown error)
2021-11-08 11:14:47,217 [myid:127.0.0.1:11224] - WARN  [nioEventLoopGroup-8-1:X509Util@366] - zookeeper.ssl.trustStore.location not specified
2021-11-08 11:14:47,222 [myid:127.0.0.1:11224] - INFO  [nioEventLoopGroup-8-1:ClientCnxnSocketNetty$ZKClientPipelineFactory@454] - SSL handler added for channel: [id: 0x99bb125e]
2021-11-08 11:14:47,229 [myid:127.0.0.1:11224] - INFO  [nioEventLoopGroup-8-1:ClientCnxn$SendThread@1005] - Socket connection established, initiating session, client: /127.0.0.1:11356, server: xmind.net/127.0.0.1:11224
2021-11-08 11:14:47,229 [myid:127.0.0.1:11224] - INFO  [nioEventLoopGroup-8-1:ClientCnxnSocketNetty$1@184] - channel is connected: [id: 0x99bb125e, L:/127.0.0.1:11356 - R:xmind.net/127.0.0.1:11224]
2021-11-08 11:14:47,229 [myid:] - WARN  [nioEventLoopGroup-7-8:ChannelInitializer@97] - Failed to initialize a channel. Closing: [id: 0xad1f1a8a, L:/127.0.0.1:11224 - R:/127.0.0.1:11356]
java.lang.IllegalArgumentException: Cannot support TLS_ECDHE_ECDSA_WITH_AES_256_CBC_SHA384 with currently installed providers
	at sun.security.ssl.CipherSuiteList.<init>(CipherSuiteList.java:92)
	at sun.security.ssl.SSLEngineImpl.setEnabledCipherSuites(SSLEngineImpl.java:2038)
	at io.netty.handler.ssl.JdkSslContext.configureAndWrapEngine(JdkSslContext.java:341)
	at io.netty.handler.ssl.JdkSslContext.newEngine(JdkSslContext.java:331)
	at io.netty.handler.ssl.SslContext.newHandler(SslContext.java:956)
	at io.netty.handler.ssl.SslContext.newHandler(SslContext.java:948)
	at org.apache.zookeeper.server.NettyServerCnxnFactory.initSSL(NettyServerCnxnFactory.java:575)
	at org.apache.zookeeper.server.NettyServerCnxnFactory.access$1300(NettyServerCnxnFactory.java:80)
	at org.apache.zookeeper.server.NettyServerCnxnFactory$1.initChannel(NettyServerCnxnFactory.java:540)
	at org.apache.zookeeper.server.NettyServerCnxnFactory$1.initChannel(NettyServerCnxnFactory.java:532)
	at io.netty.channel.ChannelInitializer.initChannel(ChannelInitializer.java:129)
	at io.netty.channel.ChannelInitializer.handlerAdded(ChannelInitializer.java:112)
	at io.netty.channel.AbstractChannelHandlerContext.callHandlerAdded(AbstractChannelHandlerContext.java:938)
	at io.netty.channel.DefaultChannelPipeline.callHandlerAdded0(DefaultChannelPipeline.java:609)
	at io.netty.channel.DefaultChannelPipeline.access$100(DefaultChannelPipeline.java:46)
	at io.netty.channel.DefaultChannelPipeline$PendingHandlerAddedTask.execute(DefaultChannelPipeline.java:1463)
	at io.netty.channel.DefaultChannelPipeline.callHandlerAddedForAllHandlers(DefaultChannelPipeline.java:1115)
	at io.netty.channel.DefaultChannelPipeline.invokeHandlerAddedIfNeeded(DefaultChannelPipeline.java:650)
	at io.netty.channel.AbstractChannel$AbstractUnsafe.register0(AbstractChannel.java:502)
	at io.netty.channel.AbstractChannel$AbstractUnsafe.access$200(AbstractChannel.java:417)
	at io.netty.channel.AbstractChannel$AbstractUnsafe$1.run(AbstractChannel.java:474)
	at io.netty.util.concurrent.AbstractEventExecutor.safeExecute(AbstractEventExecutor.java:164)
	at io.netty.util.concurrent.SingleThreadEventExecutor.runAllTasks(SingleThreadEventExecutor.java:472)
	at io.netty.channel.nio.NioEventLoop.run(NioEventLoop.java:500)
	at io.netty.util.concurrent.SingleThreadEventExecutor$4.run(SingleThreadEventExecutor.java:989)
	at io.netty.util.internal.ThreadExecutorMap$2.run(ThreadExecutorMap.java:74)
	at io.netty.util.concurrent.FastThreadLocalRunnable.run(FastThreadLocalRunnable.java:30)
	at java.lang.Thread.run(Thread.java:745)
2021-11-08 11:14:47,230 [myid:127.0.0.1:11224] - INFO  [nioEventLoopGroup-8-1:ClientCnxnSocketNetty$ZKClientHandler@469] - channel is disconnected: [id: 0x99bb125e, L:/127.0.0.1:11356 ! R:xmind.net/127.0.0.1:11224]
2021-11-08 11:14:47,230 [myid:127.0.0.1:11224] - INFO  [nioEventLoopGroup-8-1:ClientCnxnSocketNetty@249] - channel is told closing
2021-11-08 11:14:47,230 [myid:127.0.0.1:11224] - WARN  [main-SendThread(127.0.0.1:11224):ClientCnxn$SendThread@1290] - Session 0x0 for sever xmind.net/127.0.0.1:11224, Closing socket connection. Attempting reconnect except it is a SessionExpiredException.
EndOfStreamException: channel for sessionid 0x0 is lost
	at org.apache.zookeeper.ClientCnxnSocketNetty.doTransport(ClientCnxnSocketNetty.java:285)
	at org.apache.zookeeper.ClientCnxn$SendThread.run(ClientCnxn.java:1280)
2021-11-08 11:14:49,034 [myid:127.0.0.1:11224] - INFO  [main-SendThread(127.0.0.1:11224):ClientCnxn$SendThread@1171] - Opening socket connection to server xmind.net/127.0.0.1:11224.
2021-11-08 11:14:49,034 [myid:127.0.0.1:11224] - INFO  [main-SendThread(127.0.0.1:11224):ClientCnxn$SendThread@1173] - SASL config status: Will not attempt to authenticate using SASL (unknown error)
2021-11-08 11:14:49,035 [myid:127.0.0.1:11224] - WARN  [nioEventLoopGroup-8-1:X509Util@366] - zookeeper.ssl.trustStore.location not specified
2021-11-08 11:14:49,040 [myid:127.0.0.1:11224] - INFO  [nioEventLoopGroup-8-1:ClientCnxnSocketNetty$ZKClientPipelineFactory@454] - SSL handler added for channel: [id: 0x78887356]
2021-11-08 11:14:49,040 [myid:127.0.0.1:11224] - INFO  [nioEventLoopGroup-8-1:ClientCnxn$SendThread@1005] - Socket connection established, initiating session, client: /127.0.0.1:8755, server: xmind.net/127.0.0.1:11224
2021-11-08 11:14:49,041 [myid:127.0.0.1:11224] - INFO  [nioEventLoopGroup-8-1:ClientCnxnSocketNetty$1@184] - channel is connected: [id: 0x78887356, L:/127.0.0.1:8755 - R:xmind.net/127.0.0.1:11224]
2021-11-08 11:14:49,042 [myid:] - WARN  [nioEventLoopGroup-7-9:ChannelInitializer@97] - Failed to initialize a channel. Closing: [id: 0x1c1d58cd, L:/127.0.0.1:11224 - R:/127.0.0.1:8755]
java.lang.IllegalArgumentException: Cannot support TLS_ECDHE_ECDSA_WITH_AES_256_CBC_SHA384 with currently installed providers
	at sun.security.ssl.CipherSuiteList.<init>(CipherSuiteList.java:92)
	at sun.security.ssl.SSLEngineImpl.setEnabledCipherSuites(SSLEngineImpl.java:2038)
	at io.netty.handler.ssl.JdkSslContext.configureAndWrapEngine(JdkSslContext.java:341)
	at io.netty.handler.ssl.JdkSslContext.newEngine(JdkSslContext.java:331)
	at io.netty.handler.ssl.SslContext.newHandler(SslContext.java:956)
	at io.netty.handler.ssl.SslContext.newHandler(SslContext.java:948)
	at org.apache.zookeeper.server.NettyServerCnxnFactory.initSSL(NettyServerCnxnFactory.java:575)
	at org.apache.zookeeper.server.NettyServerCnxnFactory.access$1300(NettyServerCnxnFactory.java:80)
	at org.apache.zookeeper.server.NettyServerCnxnFactory$1.initChannel(NettyServerCnxnFactory.java:540)
	at org.apache.zookeeper.server.NettyServerCnxnFactory$1.initChannel(NettyServerCnxnFactory.java:532)
	at io.netty.channel.ChannelInitializer.initChannel(ChannelInitializer.java:129)
	at io.netty.channel.ChannelInitializer.handlerAdded(ChannelInitializer.java:112)
	at io.netty.channel.AbstractChannelHandlerContext.callHandlerAdded(AbstractChannelHandlerContext.java:938)
	at io.netty.channel.DefaultChannelPipeline.callHandlerAdded0(DefaultChannelPipeline.java:609)
	at io.netty.channel.DefaultChannelPipeline.access$100(DefaultChannelPipeline.java:46)
	at io.netty.channel.DefaultChannelPipeline$PendingHandlerAddedTask.execute(DefaultChannelPipeline.java:1463)
	at io.netty.channel.DefaultChannelPipeline.callHandlerAddedForAllHandlers(DefaultChannelPipeline.java:1115)
	at io.netty.channel.DefaultChannelPipeline.invokeHandlerAddedIfNeeded(DefaultChannelPipeline.java:650)
	at io.netty.channel.AbstractChannel$AbstractUnsafe.register0(AbstractChannel.java:502)
	at io.netty.channel.AbstractChannel$AbstractUnsafe.access$200(AbstractChannel.java:417)
	at io.netty.channel.AbstractChannel$AbstractUnsafe$1.run(AbstractChannel.java:474)
	at io.netty.util.concurrent.AbstractEventExecutor.safeExecute(AbstractEventExecutor.java:164)
	at io.netty.util.concurrent.SingleThreadEventExecutor.runAllTasks(SingleThreadEventExecutor.java:472)
	at io.netty.channel.nio.NioEventLoop.run(NioEventLoop.java:500)
	at io.netty.util.concurrent.SingleThreadEventExecutor$4.run(SingleThreadEventExecutor.java:989)
	at io.netty.util.internal.ThreadExecutorMap$2.run(ThreadExecutorMap.java:74)
	at io.netty.util.concurrent.FastThreadLocalRunnable.run(FastThreadLocalRunnable.java:30)
	at java.lang.Thread.run(Thread.java:745)
2021-11-08 11:14:49,043 [myid:127.0.0.1:11224] - INFO  [nioEventLoopGroup-8-1:ClientCnxnSocketNetty$ZKClientHandler@469] - channel is disconnected: [id: 0x78887356, L:/127.0.0.1:8755 ! R:xmind.net/127.0.0.1:11224]
2021-11-08 11:14:49,043 [myid:127.0.0.1:11224] - INFO  [nioEventLoopGroup-8-1:ClientCnxnSocketNetty@249] - channel is told closing
2021-11-08 11:14:49,043 [myid:127.0.0.1:11224] - WARN  [main-SendThread(127.0.0.1:11224):ClientCnxn$SendThread@1290] - Session 0x0 for sever xmind.net/127.0.0.1:11224, Closing socket connection. Attempting reconnect except it is a SessionExpiredException.
EndOfStreamException: channel for sessionid 0x0 is lost
	at org.apache.zookeeper.ClientCnxnSocketNetty.doTransport(ClientCnxnSocketNetty.java:285)
	at org.apache.zookeeper.ClientCnxn$SendThread.run(ClientCnxn.java:1280)
2021-11-08 11:14:50,176 [myid:127.0.0.1:11224] - INFO  [main-SendThread(127.0.0.1:11224):ClientCnxn$SendThread@1171] - Opening socket connection to server xmind.net/127.0.0.1:11224.
2021-11-08 11:14:50,176 [myid:127.0.0.1:11224] - INFO  [main-SendThread(127.0.0.1:11224):ClientCnxn$SendThread@1173] - SASL config status: Will not attempt to authenticate using SASL (unknown error)
2021-11-08 11:14:50,177 [myid:127.0.0.1:11224] - WARN  [nioEventLoopGroup-8-1:X509Util@366] - zookeeper.ssl.trustStore.location not specified
2021-11-08 11:14:50,180 [myid:127.0.0.1:11224] - INFO  [nioEventLoopGroup-8-1:ClientCnxnSocketNetty$ZKClientPipelineFactory@454] - SSL handler added for channel: [id: 0xdb1774c7]
2021-11-08 11:14:50,182 [myid:127.0.0.1:11224] - INFO  [nioEventLoopGroup-8-1:ClientCnxn$SendThread@1005] - Socket connection established, initiating session, client: /127.0.0.1:1143, server: xmind.net/127.0.0.1:11224
2021-11-08 11:14:50,182 [myid:127.0.0.1:11224] - INFO  [nioEventLoopGroup-8-1:ClientCnxnSocketNetty$1@184] - channel is connected: [id: 0xdb1774c7, L:/127.0.0.1:1143 - R:xmind.net/127.0.0.1:11224]
2021-11-08 11:14:50,183 [myid:] - WARN  [nioEventLoopGroup-7-10:ChannelInitializer@97] - Failed to initialize a channel. Closing: [id: 0x50d14e5b, L:/127.0.0.1:11224 - R:/127.0.0.1:1143]
java.lang.IllegalArgumentException: Cannot support TLS_ECDHE_ECDSA_WITH_AES_256_CBC_SHA384 with currently installed providers
	at sun.security.ssl.CipherSuiteList.<init>(CipherSuiteList.java:92)
	at sun.security.ssl.SSLEngineImpl.setEnabledCipherSuites(SSLEngineImpl.java:2038)
	at io.netty.handler.ssl.JdkSslContext.configureAndWrapEngine(JdkSslContext.java:341)
	at io.netty.handler.ssl.JdkSslContext.newEngine(JdkSslContext.java:331)
	at io.netty.handler.ssl.SslContext.newHandler(SslContext.java:956)
	at io.netty.handler.ssl.SslContext.newHandler(SslContext.java:948)
	at org.apache.zookeeper.server.NettyServerCnxnFactory.initSSL(NettyServerCnxnFactory.java:575)
	at org.apache.zookeeper.server.NettyServerCnxnFactory.access$1300(NettyServerCnxnFactory.java:80)
	at org.apache.zookeeper.server.NettyServerCnxnFactory$1.initChannel(NettyServerCnxnFactory.java:540)
	at org.apache.zookeeper.server.NettyServerCnxnFactory$1.initChannel(NettyServerCnxnFactory.java:532)
	at io.netty.channel.ChannelInitializer.initChannel(ChannelInitializer.java:129)
	at io.netty.channel.ChannelInitializer.handlerAdded(ChannelInitializer.java:112)
	at io.netty.channel.AbstractChannelHandlerContext.callHandlerAdded(AbstractChannelHandlerContext.java:938)
	at io.netty.channel.DefaultChannelPipeline.callHandlerAdded0(DefaultChannelPipeline.java:609)
	at io.netty.channel.DefaultChannelPipeline.access$100(DefaultChannelPipeline.java:46)
	at io.netty.channel.DefaultChannelPipeline$PendingHandlerAddedTask.execute(DefaultChannelPipeline.java:1463)
	at io.netty.channel.DefaultChannelPipeline.callHandlerAddedForAllHandlers(DefaultChannelPipeline.java:1115)
	at io.netty.channel.DefaultChannelPipeline.invokeHandlerAddedIfNeeded(DefaultChannelPipeline.java:650)
	at io.netty.channel.AbstractChannel$AbstractUnsafe.register0(AbstractChannel.java:502)
	at io.netty.channel.AbstractChannel$AbstractUnsafe.access$200(AbstractChannel.java:417)
	at io.netty.channel.AbstractChannel$AbstractUnsafe$1.run(AbstractChannel.java:474)
	at io.netty.util.concurrent.AbstractEventExecutor.safeExecute(AbstractEventExecutor.java:164)
	at io.netty.util.concurrent.SingleThreadEventExecutor.runAllTasks(SingleThreadEventExecutor.java:472)
	at io.netty.channel.nio.NioEventLoop.run(NioEventLoop.java:500)
	at io.netty.util.concurrent.SingleThreadEventExecutor$4.run(SingleThreadEventExecutor.java:989)
	at io.netty.util.internal.ThreadExecutorMap$2.run(ThreadExecutorMap.java:74)
	at io.netty.util.concurrent.FastThreadLocalRunnable.run(FastThreadLocalRunnable.java:30)
	at java.lang.Thread.run(Thread.java:745)
2021-11-08 11:14:50,184 [myid:127.0.0.1:11224] - INFO  [nioEventLoopGroup-8-1:ClientCnxnSocketNetty$ZKClientHandler@469] - channel is disconnected: [id: 0xdb1774c7, L:/127.0.0.1:1143 ! R:xmind.net/127.0.0.1:11224]
2021-11-08 11:14:50,184 [myid:127.0.0.1:11224] - INFO  [nioEventLoopGroup-8-1:ClientCnxnSocketNetty@249] - channel is told closing
2021-11-08 11:14:50,184 [myid:127.0.0.1:11224] - WARN  [main-SendThread(127.0.0.1:11224):ClientCnxn$SendThread@1290] - Session 0x0 for sever xmind.net/127.0.0.1:11224, Closing socket connection. Attempting reconnect except it is a SessionExpiredException.
EndOfStreamException: channel for sessionid 0x0 is lost
	at org.apache.zookeeper.ClientCnxnSocketNetty.doTransport(ClientCnxnSocketNetty.java:285)
	at org.apache.zookeeper.ClientCnxn$SendThread.run(ClientCnxn.java:1280)
2021-11-08 11:14:51,921 [myid:127.0.0.1:11224] - INFO  [main-SendThread(127.0.0.1:11224):ClientCnxn$SendThread@1171] - Opening socket connection to server xmind.net/127.0.0.1:11224.
2021-11-08 11:14:51,921 [myid:127.0.0.1:11224] - INFO  [main-SendThread(127.0.0.1:11224):ClientCnxn$SendThread@1173] - SASL config status: Will not attempt to authenticate using SASL (unknown error)
2021-11-08 11:14:51,922 [myid:127.0.0.1:11224] - WARN  [nioEventLoopGroup-8-1:X509Util@366] - zookeeper.ssl.trustStore.location not specified
2021-11-08 11:14:51,927 [myid:127.0.0.1:11224] - INFO  [nioEventLoopGroup-8-1:ClientCnxnSocketNetty$ZKClientPipelineFactory@454] - SSL handler added for channel: [id: 0xa35f243e]
2021-11-08 11:14:51,927 [myid:127.0.0.1:11224] - INFO  [nioEventLoopGroup-8-1:ClientCnxn$SendThread@1005] - Socket connection established, initiating session, client: /127.0.0.1:5073, server: xmind.net/127.0.0.1:11224
2021-11-08 11:14:51,927 [myid:127.0.0.1:11224] - INFO  [nioEventLoopGroup-8-1:ClientCnxnSocketNetty$1@184] - channel is connected: [id: 0xa35f243e, L:/127.0.0.1:5073 - R:xmind.net/127.0.0.1:11224]
2021-11-08 11:14:51,932 [myid:] - WARN  [nioEventLoopGroup-7-11:ChannelInitializer@97] - Failed to initialize a channel. Closing: [id: 0xee4c7f86, L:/127.0.0.1:11224 - R:/127.0.0.1:5073]
java.lang.IllegalArgumentException: Cannot support TLS_ECDHE_ECDSA_WITH_AES_256_CBC_SHA384 with currently installed providers
	at sun.security.ssl.CipherSuiteList.<init>(CipherSuiteList.java:92)
	at sun.security.ssl.SSLEngineImpl.setEnabledCipherSuites(SSLEngineImpl.java:2038)
	at io.netty.handler.ssl.JdkSslContext.configureAndWrapEngine(JdkSslContext.java:341)
	at io.netty.handler.ssl.JdkSslContext.newEngine(JdkSslContext.java:331)
	at io.netty.handler.ssl.SslContext.newHandler(SslContext.java:956)
	at io.netty.handler.ssl.SslContext.newHandler(SslContext.java:948)
	at org.apache.zookeeper.server.NettyServerCnxnFactory.initSSL(NettyServerCnxnFactory.java:575)
	at org.apache.zookeeper.server.NettyServerCnxnFactory.access$1300(NettyServerCnxnFactory.java:80)
	at org.apache.zookeeper.server.NettyServerCnxnFactory$1.initChannel(NettyServerCnxnFactory.java:540)
	at org.apache.zookeeper.server.NettyServerCnxnFactory$1.initChannel(NettyServerCnxnFactory.java:532)
	at io.netty.channel.ChannelInitializer.initChannel(ChannelInitializer.java:129)
	at io.netty.channel.ChannelInitializer.handlerAdded(ChannelInitializer.java:112)
	at io.netty.channel.AbstractChannelHandlerContext.callHandlerAdded(AbstractChannelHandlerContext.java:938)
	at io.netty.channel.DefaultChannelPipeline.callHandlerAdded0(DefaultChannelPipeline.java:609)
	at io.netty.channel.DefaultChannelPipeline.access$100(DefaultChannelPipeline.java:46)
	at io.netty.channel.DefaultChannelPipeline$PendingHandlerAddedTask.execute(DefaultChannelPipeline.java:1463)
	at io.netty.channel.DefaultChannelPipeline.callHandlerAddedForAllHandlers(DefaultChannelPipeline.java:1115)
	at io.netty.channel.DefaultChannelPipeline.invokeHandlerAddedIfNeeded(DefaultChannelPipeline.java:650)
	at io.netty.channel.AbstractChannel$AbstractUnsafe.register0(AbstractChannel.java:502)
	at io.netty.channel.AbstractChannel$AbstractUnsafe.access$200(AbstractChannel.java:417)
	at io.netty.channel.AbstractChannel$AbstractUnsafe$1.run(AbstractChannel.java:474)
	at io.netty.util.concurrent.AbstractEventExecutor.safeExecute(AbstractEventExecutor.java:164)
	at io.netty.util.concurrent.SingleThreadEventExecutor.runAllTasks(SingleThreadEventExecutor.java:472)
	at io.netty.channel.nio.NioEventLoop.run(NioEventLoop.java:500)
	at io.netty.util.concurrent.SingleThreadEventExecutor$4.run(SingleThreadEventExecutor.java:989)
	at io.netty.util.internal.ThreadExecutorMap$2.run(ThreadExecutorMap.java:74)
	at io.netty.util.concurrent.FastThreadLocalRunnable.run(FastThreadLocalRunnable.java:30)
	at java.lang.Thread.run(Thread.java:745)
2021-11-08 11:14:51,933 [myid:127.0.0.1:11224] - INFO  [nioEventLoopGroup-8-1:ClientCnxnSocketNetty$ZKClientHandler@469] - channel is disconnected: [id: 0xa35f243e, L:/127.0.0.1:5073 ! R:xmind.net/127.0.0.1:11224]
2021-11-08 11:14:51,933 [myid:127.0.0.1:11224] - INFO  [nioEventLoopGroup-8-1:ClientCnxnSocketNetty@249] - channel is told closing
2021-11-08 11:14:51,933 [myid:127.0.0.1:11224] - WARN  [main-SendThread(127.0.0.1:11224):ClientCnxn$SendThread@1290] - Session 0x0 for sever xmind.net/127.0.0.1:11224, Closing socket connection. Attempting reconnect except it is a SessionExpiredException.
EndOfStreamException: channel for sessionid 0x0 is lost
	at org.apache.zookeeper.ClientCnxnSocketNetty.doTransport(ClientCnxnSocketNetty.java:285)
	at org.apache.zookeeper.ClientCnxn$SendThread.run(ClientCnxn.java:1280)
2021-11-08 11:14:53,189 [myid:127.0.0.1:11224] - INFO  [main-SendThread(127.0.0.1:11224):ClientCnxn$SendThread@1171] - Opening socket connection to server xmind.net/127.0.0.1:11224.
2021-11-08 11:14:53,189 [myid:127.0.0.1:11224] - INFO  [main-SendThread(127.0.0.1:11224):ClientCnxn$SendThread@1173] - SASL config status: Will not attempt to authenticate using SASL (unknown error)
2021-11-08 11:14:53,190 [myid:127.0.0.1:11224] - WARN  [nioEventLoopGroup-8-1:X509Util@366] - zookeeper.ssl.trustStore.location not specified
2021-11-08 11:14:53,194 [myid:127.0.0.1:11224] - INFO  [nioEventLoopGroup-8-1:ClientCnxnSocketNetty$ZKClientPipelineFactory@454] - SSL handler added for channel: [id: 0x9c1007b4]
2021-11-08 11:14:53,195 [myid:127.0.0.1:11224] - INFO  [nioEventLoopGroup-8-1:ClientCnxn$SendThread@1005] - Socket connection established, initiating session, client: /127.0.0.1:5087, server: xmind.net/127.0.0.1:11224
2021-11-08 11:14:53,195 [myid:127.0.0.1:11224] - INFO  [nioEventLoopGroup-8-1:ClientCnxnSocketNetty$1@184] - channel is connected: [id: 0x9c1007b4, L:/127.0.0.1:5087 - R:xmind.net/127.0.0.1:11224]
2021-11-08 11:14:53,196 [myid:] - WARN  [nioEventLoopGroup-7-12:ChannelInitializer@97] - Failed to initialize a channel. Closing: [id: 0xdd204086, L:/127.0.0.1:11224 - R:/127.0.0.1:5087]
java.lang.IllegalArgumentException: Cannot support TLS_ECDHE_ECDSA_WITH_AES_256_CBC_SHA384 with currently installed providers
	at sun.security.ssl.CipherSuiteList.<init>(CipherSuiteList.java:92)
	at sun.security.ssl.SSLEngineImpl.setEnabledCipherSuites(SSLEngineImpl.java:2038)
	at io.netty.handler.ssl.JdkSslContext.configureAndWrapEngine(JdkSslContext.java:341)
	at io.netty.handler.ssl.JdkSslContext.newEngine(JdkSslContext.java:331)
	at io.netty.handler.ssl.SslContext.newHandler(SslContext.java:956)
	at io.netty.handler.ssl.SslContext.newHandler(SslContext.java:948)
	at org.apache.zookeeper.server.NettyServerCnxnFactory.initSSL(NettyServerCnxnFactory.java:575)
	at org.apache.zookeeper.server.NettyServerCnxnFactory.access$1300(NettyServerCnxnFactory.java:80)
	at org.apache.zookeeper.server.NettyServerCnxnFactory$1.initChannel(NettyServerCnxnFactory.java:540)
	at org.apache.zookeeper.server.NettyServerCnxnFactory$1.initChannel(NettyServerCnxnFactory.java:532)
	at io.netty.channel.ChannelInitializer.initChannel(ChannelInitializer.java:129)
	at io.netty.channel.ChannelInitializer.handlerAdded(ChannelInitializer.java:112)
	at io.netty.channel.AbstractChannelHandlerContext.callHandlerAdded(AbstractChannelHandlerContext.java:938)
	at io.netty.channel.DefaultChannelPipeline.callHandlerAdded0(DefaultChannelPipeline.java:609)
	at io.netty.channel.DefaultChannelPipeline.access$100(DefaultChannelPipeline.java:46)
	at io.netty.channel.DefaultChannelPipeline$PendingHandlerAddedTask.execute(DefaultChannelPipeline.java:1463)
	at io.netty.channel.DefaultChannelPipeline.callHandlerAddedForAllHandlers(DefaultChannelPipeline.java:1115)
	at io.netty.channel.DefaultChannelPipeline.invokeHandlerAddedIfNeeded(DefaultChannelPipeline.java:650)
	at io.netty.channel.AbstractChannel$AbstractUnsafe.register0(AbstractChannel.java:502)
	at io.netty.channel.AbstractChannel$AbstractUnsafe.access$200(AbstractChannel.java:417)
	at io.netty.channel.AbstractChannel$AbstractUnsafe$1.run(AbstractChannel.java:474)
	at io.netty.util.concurrent.AbstractEventExecutor.safeExecute(AbstractEventExecutor.java:164)
	at io.netty.util.concurrent.SingleThreadEventExecutor.runAllTasks(SingleThreadEventExecutor.java:472)
	at io.netty.channel.nio.NioEventLoop.run(NioEventLoop.java:500)
	at io.netty.util.concurrent.SingleThreadEventExecutor$4.run(SingleThreadEventExecutor.java:989)
	at io.netty.util.internal.ThreadExecutorMap$2.run(ThreadExecutorMap.java:74)
	at io.netty.util.concurrent.FastThreadLocalRunnable.run(FastThreadLocalRunnable.java:30)
	at java.lang.Thread.run(Thread.java:745)
2021-11-08 11:14:53,196 [myid:127.0.0.1:11224] - INFO  [nioEventLoopGroup-8-1:ClientCnxnSocketNetty$ZKClientHandler@469] - channel is disconnected: [id: 0x9c1007b4, L:/127.0.0.1:5087 ! R:xmind.net/127.0.0.1:11224]
2021-11-08 11:14:53,196 [myid:127.0.0.1:11224] - INFO  [nioEventLoopGroup-8-1:ClientCnxnSocketNetty@249] - channel is told closing
2021-11-08 11:14:53,196 [myid:127.0.0.1:11224] - WARN  [main-SendThread(127.0.0.1:11224):ClientCnxn$SendThread@1290] - Session 0x0 for sever xmind.net/127.0.0.1:11224, Closing socket connection. Attempting reconnect except it is a SessionExpiredException.
EndOfStreamException: channel for sessionid 0x0 is lost
	at org.apache.zookeeper.ClientCnxnSocketNetty.doTransport(ClientCnxnSocketNetty.java:285)
	at org.apache.zookeeper.ClientCnxn$SendThread.run(ClientCnxn.java:1280)
2021-11-08 11:14:55,145 [myid:127.0.0.1:11224] - INFO  [main-SendThread(127.0.0.1:11224):ClientCnxn$SendThread@1171] - Opening socket connection to server xmind.net/127.0.0.1:11224.
2021-11-08 11:14:55,145 [myid:127.0.0.1:11224] - INFO  [main-SendThread(127.0.0.1:11224):ClientCnxn$SendThread@1173] - SASL config status: Will not attempt to authenticate using SASL (unknown error)
2021-11-08 11:14:55,146 [myid:127.0.0.1:11224] - WARN  [nioEventLoopGroup-8-1:X509Util@366] - zookeeper.ssl.trustStore.location not specified
2021-11-08 11:14:55,151 [myid:127.0.0.1:11224] - INFO  [nioEventLoopGroup-8-1:ClientCnxnSocketNetty$ZKClientPipelineFactory@454] - SSL handler added for channel: [id: 0xb1449d7e]
2021-11-08 11:14:55,151 [myid:127.0.0.1:11224] - INFO  [nioEventLoopGroup-8-1:ClientCnxn$SendThread@1005] - Socket connection established, initiating session, client: /127.0.0.1:5102, server: xmind.net/127.0.0.1:11224
2021-11-08 11:14:55,151 [myid:127.0.0.1:11224] - INFO  [nioEventLoopGroup-8-1:ClientCnxnSocketNetty$1@184] - channel is connected: [id: 0xb1449d7e, L:/127.0.0.1:5102 - R:xmind.net/127.0.0.1:11224]
2021-11-08 11:14:55,152 [myid:] - WARN  [nioEventLoopGroup-7-1:ChannelInitializer@97] - Failed to initialize a channel. Closing: [id: 0x28db88ca, L:/127.0.0.1:11224 - R:/127.0.0.1:5102]
java.lang.IllegalArgumentException: Cannot support TLS_ECDHE_ECDSA_WITH_AES_256_CBC_SHA384 with currently installed providers
	at sun.security.ssl.CipherSuiteList.<init>(CipherSuiteList.java:92)
	at sun.security.ssl.SSLEngineImpl.setEnabledCipherSuites(SSLEngineImpl.java:2038)
	at io.netty.handler.ssl.JdkSslContext.configureAndWrapEngine(JdkSslContext.java:341)
	at io.netty.handler.ssl.JdkSslContext.newEngine(JdkSslContext.java:331)
	at io.netty.handler.ssl.SslContext.newHandler(SslContext.java:956)
	at io.netty.handler.ssl.SslContext.newHandler(SslContext.java:948)
	at org.apache.zookeeper.server.NettyServerCnxnFactory.initSSL(NettyServerCnxnFactory.java:575)
	at org.apache.zookeeper.server.NettyServerCnxnFactory.access$1300(NettyServerCnxnFactory.java:80)
	at org.apache.zookeeper.server.NettyServerCnxnFactory$1.initChannel(NettyServerCnxnFactory.java:540)
	at org.apache.zookeeper.server.NettyServerCnxnFactory$1.initChannel(NettyServerCnxnFactory.java:532)
	at io.netty.channel.ChannelInitializer.initChannel(ChannelInitializer.java:129)
	at io.netty.channel.ChannelInitializer.handlerAdded(ChannelInitializer.java:112)
	at io.netty.channel.AbstractChannelHandlerContext.callHandlerAdded(AbstractChannelHandlerContext.java:938)
	at io.netty.channel.DefaultChannelPipeline.callHandlerAdded0(DefaultChannelPipeline.java:609)
	at io.netty.channel.DefaultChannelPipeline.access$100(DefaultChannelPipeline.java:46)
	at io.netty.channel.DefaultChannelPipeline$PendingHandlerAddedTask.execute(DefaultChannelPipeline.java:1463)
	at io.netty.channel.DefaultChannelPipeline.callHandlerAddedForAllHandlers(DefaultChannelPipeline.java:1115)
	at io.netty.channel.DefaultChannelPipeline.invokeHandlerAddedIfNeeded(DefaultChannelPipeline.java:650)
	at io.netty.channel.AbstractChannel$AbstractUnsafe.register0(AbstractChannel.java:502)
	at io.netty.channel.AbstractChannel$AbstractUnsafe.access$200(AbstractChannel.java:417)
	at io.netty.channel.AbstractChannel$AbstractUnsafe$1.run(AbstractChannel.java:474)
	at io.netty.util.concurrent.AbstractEventExecutor.safeExecute(AbstractEventExecutor.java:164)
	at io.netty.util.concurrent.SingleThreadEventExecutor.runAllTasks(SingleThreadEventExecutor.java:472)
	at io.netty.channel.nio.NioEventLoop.run(NioEventLoop.java:500)
	at io.netty.util.concurrent.SingleThreadEventExecutor$4.run(SingleThreadEventExecutor.java:989)
	at io.netty.util.internal.ThreadExecutorMap$2.run(ThreadExecutorMap.java:74)
	at io.netty.util.concurrent.FastThreadLocalRunnable.run(FastThreadLocalRunnable.java:30)
	at java.lang.Thread.run(Thread.java:745)
2021-11-08 11:14:55,152 [myid:127.0.0.1:11224] - INFO  [nioEventLoopGroup-8-1:ClientCnxnSocketNetty$ZKClientHandler@469] - channel is disconnected: [id: 0xb1449d7e, L:/127.0.0.1:5102 ! R:xmind.net/127.0.0.1:11224]
2021-11-08 11:14:55,152 [myid:127.0.0.1:11224] - INFO  [nioEventLoopGroup-8-1:ClientCnxnSocketNetty@249] - channel is told closing
2021-11-08 11:14:55,152 [myid:127.0.0.1:11224] - WARN  [main-SendThread(127.0.0.1:11224):ClientCnxn$SendThread@1290] - Session 0x0 for sever xmind.net/127.0.0.1:11224, Closing socket connection. Attempting reconnect except it is a SessionExpiredException.
EndOfStreamException: channel for sessionid 0x0 is lost
	at org.apache.zookeeper.ClientCnxnSocketNetty.doTransport(ClientCnxnSocketNetty.java:285)
	at org.apache.zookeeper.ClientCnxn$SendThread.run(ClientCnxn.java:1280)
2021-11-08 11:14:56,331 [myid:127.0.0.1:11224] - INFO  [main-SendThread(127.0.0.1:11224):ClientCnxn$SendThread@1171] - Opening socket connection to server xmind.net/127.0.0.1:11224.
2021-11-08 11:14:56,331 [myid:127.0.0.1:11224] - INFO  [main-SendThread(127.0.0.1:11224):ClientCnxn$SendThread@1173] - SASL config status: Will not attempt to authenticate using SASL (unknown error)
2021-11-08 11:14:56,332 [myid:127.0.0.1:11224] - WARN  [nioEventLoopGroup-8-1:X509Util@366] - zookeeper.ssl.trustStore.location not specified
2021-11-08 11:14:56,337 [myid:127.0.0.1:11224] - INFO  [nioEventLoopGroup-8-1:ClientCnxnSocketNetty$ZKClientPipelineFactory@454] - SSL handler added for channel: [id: 0x9cec0486]
2021-11-08 11:14:56,338 [myid:127.0.0.1:11224] - INFO  [nioEventLoopGroup-8-1:ClientCnxn$SendThread@1005] - Socket connection established, initiating session, client: /127.0.0.1:12515, server: xmind.net/127.0.0.1:11224
2021-11-08 11:14:56,338 [myid:127.0.0.1:11224] - INFO  [nioEventLoopGroup-8-1:ClientCnxnSocketNetty$1@184] - channel is connected: [id: 0x9cec0486, L:/127.0.0.1:12515 - R:xmind.net/127.0.0.1:11224]
2021-11-08 11:14:56,338 [myid:] - WARN  [nioEventLoopGroup-7-2:ChannelInitializer@97] - Failed to initialize a channel. Closing: [id: 0x6f416a86, L:/127.0.0.1:11224 - R:/127.0.0.1:12515]
java.lang.IllegalArgumentException: Cannot support TLS_ECDHE_ECDSA_WITH_AES_256_CBC_SHA384 with currently installed providers
	at sun.security.ssl.CipherSuiteList.<init>(CipherSuiteList.java:92)
	at sun.security.ssl.SSLEngineImpl.setEnabledCipherSuites(SSLEngineImpl.java:2038)
	at io.netty.handler.ssl.JdkSslContext.configureAndWrapEngine(JdkSslContext.java:341)
	at io.netty.handler.ssl.JdkSslContext.newEngine(JdkSslContext.java:331)
	at io.netty.handler.ssl.SslContext.newHandler(SslContext.java:956)
	at io.netty.handler.ssl.SslContext.newHandler(SslContext.java:948)
	at org.apache.zookeeper.server.NettyServerCnxnFactory.initSSL(NettyServerCnxnFactory.java:575)
	at org.apache.zookeeper.server.NettyServerCnxnFactory.access$1300(NettyServerCnxnFactory.java:80)
	at org.apache.zookeeper.server.NettyServerCnxnFactory$1.initChannel(NettyServerCnxnFactory.java:540)
	at org.apache.zookeeper.server.NettyServerCnxnFactory$1.initChannel(NettyServerCnxnFactory.java:532)
	at io.netty.channel.ChannelInitializer.initChannel(ChannelInitializer.java:129)
	at io.netty.channel.ChannelInitializer.handlerAdded(ChannelInitializer.java:112)
	at io.netty.channel.AbstractChannelHandlerContext.callHandlerAdded(AbstractChannelHandlerContext.java:938)
	at io.netty.channel.DefaultChannelPipeline.callHandlerAdded0(DefaultChannelPipeline.java:609)
	at io.netty.channel.DefaultChannelPipeline.access$100(DefaultChannelPipeline.java:46)
	at io.netty.channel.DefaultChannelPipeline$PendingHandlerAddedTask.execute(DefaultChannelPipeline.java:1463)
	at io.netty.channel.DefaultChannelPipeline.callHandlerAddedForAllHandlers(DefaultChannelPipeline.java:1115)
	at io.netty.channel.DefaultChannelPipeline.invokeHandlerAddedIfNeeded(DefaultChannelPipeline.java:650)
	at io.netty.channel.AbstractChannel$AbstractUnsafe.register0(AbstractChannel.java:502)
	at io.netty.channel.AbstractChannel$AbstractUnsafe.access$200(AbstractChannel.java:417)
	at io.netty.channel.AbstractChannel$AbstractUnsafe$1.run(AbstractChannel.java:474)
	at io.netty.util.concurrent.AbstractEventExecutor.safeExecute(AbstractEventExecutor.java:164)
	at io.netty.util.concurrent.SingleThreadEventExecutor.runAllTasks(SingleThreadEventExecutor.java:472)
	at io.netty.channel.nio.NioEventLoop.run(NioEventLoop.java:500)
	at io.netty.util.concurrent.SingleThreadEventExecutor$4.run(SingleThreadEventExecutor.java:989)
	at io.netty.util.internal.ThreadExecutorMap$2.run(ThreadExecutorMap.java:74)
	at io.netty.util.concurrent.FastThreadLocalRunnable.run(FastThreadLocalRunnable.java:30)
	at java.lang.Thread.run(Thread.java:745)
2021-11-08 11:14:56,339 [myid:127.0.0.1:11224] - INFO  [nioEventLoopGroup-8-1:ClientCnxnSocketNetty$ZKClientHandler@469] - channel is disconnected: [id: 0x9cec0486, L:/127.0.0.1:12515 ! R:xmind.net/127.0.0.1:11224]
2021-11-08 11:14:56,339 [myid:127.0.0.1:11224] - INFO  [nioEventLoopGroup-8-1:ClientCnxnSocketNetty@249] - channel is told closing
2021-11-08 11:14:56,339 [myid:127.0.0.1:11224] - WARN  [main-SendThread(127.0.0.1:11224):ClientCnxn$SendThread@1290] - Session 0x0 for sever xmind.net/127.0.0.1:11224, Closing socket connection. Attempting reconnect except it is a SessionExpiredException.
EndOfStreamException: channel for sessionid 0x0 is lost
	at org.apache.zookeeper.ClientCnxnSocketNetty.doTransport(ClientCnxnSocketNetty.java:285)
	at org.apache.zookeeper.ClientCnxn$SendThread.run(ClientCnxn.java:1280)
2021-11-08 11:14:57,644 [myid:127.0.0.1:11224] - INFO  [main-SendThread(127.0.0.1:11224):ClientCnxn$SendThread@1171] - Opening socket connection to server xmind.net/127.0.0.1:11224.
2021-11-08 11:14:57,644 [myid:127.0.0.1:11224] - INFO  [main-SendThread(127.0.0.1:11224):ClientCnxn$SendThread@1173] - SASL config status: Will not attempt to authenticate using SASL (unknown error)
2021-11-08 11:14:57,645 [myid:127.0.0.1:11224] - WARN  [nioEventLoopGroup-8-1:X509Util@366] - zookeeper.ssl.trustStore.location not specified
2021-11-08 11:14:57,649 [myid:127.0.0.1:11224] - INFO  [nioEventLoopGroup-8-1:ClientCnxnSocketNetty$ZKClientPipelineFactory@454] - SSL handler added for channel: [id: 0x24a41c9f]
2021-11-08 11:14:57,650 [myid:127.0.0.1:11224] - INFO  [nioEventLoopGroup-8-1:ClientCnxn$SendThread@1005] - Socket connection established, initiating session, client: /127.0.0.1:12531, server: xmind.net/127.0.0.1:11224
2021-11-08 11:14:57,650 [myid:127.0.0.1:11224] - INFO  [nioEventLoopGroup-8-1:ClientCnxnSocketNetty$1@184] - channel is connected: [id: 0x24a41c9f, L:/127.0.0.1:12531 - R:xmind.net/127.0.0.1:11224]
2021-11-08 11:14:57,651 [myid:] - WARN  [nioEventLoopGroup-7-3:ChannelInitializer@97] - Failed to initialize a channel. Closing: [id: 0x9a7568f2, L:/127.0.0.1:11224 - R:/127.0.0.1:12531]
java.lang.IllegalArgumentException: Cannot support TLS_ECDHE_ECDSA_WITH_AES_256_CBC_SHA384 with currently installed providers
	at sun.security.ssl.CipherSuiteList.<init>(CipherSuiteList.java:92)
	at sun.security.ssl.SSLEngineImpl.setEnabledCipherSuites(SSLEngineImpl.java:2038)
	at io.netty.handler.ssl.JdkSslContext.configureAndWrapEngine(JdkSslContext.java:341)
	at io.netty.handler.ssl.JdkSslContext.newEngine(JdkSslContext.java:331)
	at io.netty.handler.ssl.SslContext.newHandler(SslContext.java:956)
	at io.netty.handler.ssl.SslContext.newHandler(SslContext.java:948)
	at org.apache.zookeeper.server.NettyServerCnxnFactory.initSSL(NettyServerCnxnFactory.java:575)
	at org.apache.zookeeper.server.NettyServerCnxnFactory.access$1300(NettyServerCnxnFactory.java:80)
	at org.apache.zookeeper.server.NettyServerCnxnFactory$1.initChannel(NettyServerCnxnFactory.java:540)
	at org.apache.zookeeper.server.NettyServerCnxnFactory$1.initChannel(NettyServerCnxnFactory.java:532)
	at io.netty.channel.ChannelInitializer.initChannel(ChannelInitializer.java:129)
	at io.netty.channel.ChannelInitializer.handlerAdded(ChannelInitializer.java:112)
	at io.netty.channel.AbstractChannelHandlerContext.callHandlerAdded(AbstractChannelHandlerContext.java:938)
	at io.netty.channel.DefaultChannelPipeline.callHandlerAdded0(DefaultChannelPipeline.java:609)
	at io.netty.channel.DefaultChannelPipeline.access$100(DefaultChannelPipeline.java:46)
	at io.netty.channel.DefaultChannelPipeline$PendingHandlerAddedTask.execute(DefaultChannelPipeline.java:1463)
	at io.netty.channel.DefaultChannelPipeline.callHandlerAddedForAllHandlers(DefaultChannelPipeline.java:1115)
	at io.netty.channel.DefaultChannelPipeline.invokeHandlerAddedIfNeeded(DefaultChannelPipeline.java:650)
	at io.netty.channel.AbstractChannel$AbstractUnsafe.register0(AbstractChannel.java:502)
	at io.netty.channel.AbstractChannel$AbstractUnsafe.access$200(AbstractChannel.java:417)
	at io.netty.channel.AbstractChannel$AbstractUnsafe$1.run(AbstractChannel.java:474)
	at io.netty.util.concurrent.AbstractEventExecutor.safeExecute(AbstractEventExecutor.java:164)
	at io.netty.util.concurrent.SingleThreadEventExecutor.runAllTasks(SingleThreadEventExecutor.java:472)
	at io.netty.channel.nio.NioEventLoop.run(NioEventLoop.java:500)
	at io.netty.util.concurrent.SingleThreadEventExecutor$4.run(SingleThreadEventExecutor.java:989)
	at io.netty.util.internal.ThreadExecutorMap$2.run(ThreadExecutorMap.java:74)
	at io.netty.util.concurrent.FastThreadLocalRunnable.run(FastThreadLocalRunnable.java:30)
	at java.lang.Thread.run(Thread.java:745)
2021-11-08 11:14:57,651 [myid:127.0.0.1:11224] - INFO  [nioEventLoopGroup-8-1:ClientCnxnSocketNetty$ZKClientHandler@469] - channel is disconnected: [id: 0x24a41c9f, L:/127.0.0.1:12531 ! R:xmind.net/127.0.0.1:11224]
2021-11-08 11:14:57,651 [myid:127.0.0.1:11224] - INFO  [nioEventLoopGroup-8-1:ClientCnxnSocketNetty@249] - channel is told closing
2021-11-08 11:14:57,651 [myid:127.0.0.1:11224] - WARN  [main-SendThread(127.0.0.1:11224):ClientCnxn$SendThread@1290] - Session 0x0 for sever xmind.net/127.0.0.1:11224, Closing socket connection. Attempting reconnect except it is a SessionExpiredException.
EndOfStreamException: channel for sessionid 0x0 is lost
	at org.apache.zookeeper.ClientCnxnSocketNetty.doTransport(ClientCnxnSocketNetty.java:285)
	at org.apache.zookeeper.ClientCnxn$SendThread.run(ClientCnxn.java:1280)
2021-11-08 11:14:58,721 [myid:127.0.0.1:11224] - INFO  [main-SendThread(127.0.0.1:11224):ClientCnxn$SendThread@1171] - Opening socket connection to server xmind.net/127.0.0.1:11224.
2021-11-08 11:14:58,721 [myid:127.0.0.1:11224] - INFO  [main-SendThread(127.0.0.1:11224):ClientCnxn$SendThread@1173] - SASL config status: Will not attempt to authenticate using SASL (unknown error)
2021-11-08 11:14:58,722 [myid:127.0.0.1:11224] - WARN  [nioEventLoopGroup-8-1:X509Util@366] - zookeeper.ssl.trustStore.location not specified
2021-11-08 11:14:58,726 [myid:127.0.0.1:11224] - INFO  [nioEventLoopGroup-8-1:ClientCnxnSocketNetty$ZKClientPipelineFactory@454] - SSL handler added for channel: [id: 0x4c916285]
2021-11-08 11:14:58,727 [myid:127.0.0.1:11224] - INFO  [nioEventLoopGroup-8-1:ClientCnxn$SendThread@1005] - Socket connection established, initiating session, client: /127.0.0.1:12610, server: xmind.net/127.0.0.1:11224
2021-11-08 11:14:58,727 [myid:127.0.0.1:11224] - INFO  [nioEventLoopGroup-8-1:ClientCnxnSocketNetty$1@184] - channel is connected: [id: 0x4c916285, L:/127.0.0.1:12610 - R:xmind.net/127.0.0.1:11224]
2021-11-08 11:14:58,729 [myid:] - WARN  [nioEventLoopGroup-7-4:ChannelInitializer@97] - Failed to initialize a channel. Closing: [id: 0x457e2c7f, L:/127.0.0.1:11224 - R:/127.0.0.1:12610]
java.lang.IllegalArgumentException: Cannot support TLS_ECDHE_ECDSA_WITH_AES_256_CBC_SHA384 with currently installed providers
	at sun.security.ssl.CipherSuiteList.<init>(CipherSuiteList.java:92)
	at sun.security.ssl.SSLEngineImpl.setEnabledCipherSuites(SSLEngineImpl.java:2038)
	at io.netty.handler.ssl.JdkSslContext.configureAndWrapEngine(JdkSslContext.java:341)
	at io.netty.handler.ssl.JdkSslContext.newEngine(JdkSslContext.java:331)
	at io.netty.handler.ssl.SslContext.newHandler(SslContext.java:956)
	at io.netty.handler.ssl.SslContext.newHandler(SslContext.java:948)
	at org.apache.zookeeper.server.NettyServerCnxnFactory.initSSL(NettyServerCnxnFactory.java:575)
	at org.apache.zookeeper.server.NettyServerCnxnFactory.access$1300(NettyServerCnxnFactory.java:80)
	at org.apache.zookeeper.server.NettyServerCnxnFactory$1.initChannel(NettyServerCnxnFactory.java:540)
	at org.apache.zookeeper.server.NettyServerCnxnFactory$1.initChannel(NettyServerCnxnFactory.java:532)
	at io.netty.channel.ChannelInitializer.initChannel(ChannelInitializer.java:129)
	at io.netty.channel.ChannelInitializer.handlerAdded(ChannelInitializer.java:112)
	at io.netty.channel.AbstractChannelHandlerContext.callHandlerAdded(AbstractChannelHandlerContext.java:938)
	at io.netty.channel.DefaultChannelPipeline.callHandlerAdded0(DefaultChannelPipeline.java:609)
	at io.netty.channel.DefaultChannelPipeline.access$100(DefaultChannelPipeline.java:46)
	at io.netty.channel.DefaultChannelPipeline$PendingHandlerAddedTask.execute(DefaultChannelPipeline.java:1463)
	at io.netty.channel.DefaultChannelPipeline.callHandlerAddedForAllHandlers(DefaultChannelPipeline.java:1115)
	at io.netty.channel.DefaultChannelPipeline.invokeHandlerAddedIfNeeded(DefaultChannelPipeline.java:650)
	at io.netty.channel.AbstractChannel$AbstractUnsafe.register0(AbstractChannel.java:502)
	at io.netty.channel.AbstractChannel$AbstractUnsafe.access$200(AbstractChannel.java:417)
	at io.netty.channel.AbstractChannel$AbstractUnsafe$1.run(AbstractChannel.java:474)
	at io.netty.util.concurrent.AbstractEventExecutor.safeExecute(AbstractEventExecutor.java:164)
	at io.netty.util.concurrent.SingleThreadEventExecutor.runAllTasks(SingleThreadEventExecutor.java:472)
	at io.netty.channel.nio.NioEventLoop.run(NioEventLoop.java:500)
	at io.netty.util.concurrent.SingleThreadEventExecutor$4.run(SingleThreadEventExecutor.java:989)
	at io.netty.util.internal.ThreadExecutorMap$2.run(ThreadExecutorMap.java:74)
	at io.netty.util.concurrent.FastThreadLocalRunnable.run(FastThreadLocalRunnable.java:30)
	at java.lang.Thread.run(Thread.java:745)
2021-11-08 11:14:58,730 [myid:127.0.0.1:11224] - INFO  [nioEventLoopGroup-8-1:ClientCnxnSocketNetty$ZKClientHandler@469] - channel is disconnected: [id: 0x4c916285, L:/127.0.0.1:12610 ! R:xmind.net/127.0.0.1:11224]
2021-11-08 11:14:58,730 [myid:127.0.0.1:11224] - INFO  [nioEventLoopGroup-8-1:ClientCnxnSocketNetty@249] - channel is told closing
2021-11-08 11:14:58,730 [myid:127.0.0.1:11224] - WARN  [main-SendThread(127.0.0.1:11224):ClientCnxn$SendThread@1290] - Session 0x0 for sever xmind.net/127.0.0.1:11224, Closing socket connection. Attempting reconnect except it is a SessionExpiredException.
EndOfStreamException: channel for sessionid 0x0 is lost
	at org.apache.zookeeper.ClientCnxnSocketNetty.doTransport(ClientCnxnSocketNetty.java:285)
	at org.apache.zookeeper.ClientCnxn$SendThread.run(ClientCnxn.java:1280)
2021-11-08 11:15:00,163 [myid:127.0.0.1:11224] - INFO  [main-SendThread(127.0.0.1:11224):ClientCnxn$SendThread@1171] - Opening socket connection to server xmind.net/127.0.0.1:11224.
2021-11-08 11:15:00,163 [myid:127.0.0.1:11224] - INFO  [main-SendThread(127.0.0.1:11224):ClientCnxn$SendThread@1173] - SASL config status: Will not attempt to authenticate using SASL (unknown error)
2021-11-08 11:15:00,164 [myid:127.0.0.1:11224] - WARN  [nioEventLoopGroup-8-1:X509Util@366] - zookeeper.ssl.trustStore.location not specified
2021-11-08 11:15:00,168 [myid:127.0.0.1:11224] - INFO  [nioEventLoopGroup-8-1:ClientCnxnSocketNetty$ZKClientPipelineFactory@454] - SSL handler added for channel: [id: 0xa8bdf7d5]
2021-11-08 11:15:00,169 [myid:127.0.0.1:11224] - INFO  [nioEventLoopGroup-8-1:ClientCnxn$SendThread@1005] - Socket connection established, initiating session, client: /127.0.0.1:12624, server: xmind.net/127.0.0.1:11224
2021-11-08 11:15:00,169 [myid:127.0.0.1:11224] - INFO  [nioEventLoopGroup-8-1:ClientCnxnSocketNetty$1@184] - channel is connected: [id: 0xa8bdf7d5, L:/127.0.0.1:12624 - R:xmind.net/127.0.0.1:11224]
2021-11-08 11:15:00,170 [myid:] - WARN  [nioEventLoopGroup-7-5:ChannelInitializer@97] - Failed to initialize a channel. Closing: [id: 0x77e62647, L:/127.0.0.1:11224 - R:/127.0.0.1:12624]
java.lang.IllegalArgumentException: Cannot support TLS_ECDHE_ECDSA_WITH_AES_256_CBC_SHA384 with currently installed providers
	at sun.security.ssl.CipherSuiteList.<init>(CipherSuiteList.java:92)
	at sun.security.ssl.SSLEngineImpl.setEnabledCipherSuites(SSLEngineImpl.java:2038)
	at io.netty.handler.ssl.JdkSslContext.configureAndWrapEngine(JdkSslContext.java:341)
	at io.netty.handler.ssl.JdkSslContext.newEngine(JdkSslContext.java:331)
	at io.netty.handler.ssl.SslContext.newHandler(SslContext.java:956)
	at io.netty.handler.ssl.SslContext.newHandler(SslContext.java:948)
	at org.apache.zookeeper.server.NettyServerCnxnFactory.initSSL(NettyServerCnxnFactory.java:575)
	at org.apache.zookeeper.server.NettyServerCnxnFactory.access$1300(NettyServerCnxnFactory.java:80)
	at org.apache.zookeeper.server.NettyServerCnxnFactory$1.initChannel(NettyServerCnxnFactory.java:540)
	at org.apache.zookeeper.server.NettyServerCnxnFactory$1.initChannel(NettyServerCnxnFactory.java:532)
	at io.netty.channel.ChannelInitializer.initChannel(ChannelInitializer.java:129)
	at io.netty.channel.ChannelInitializer.handlerAdded(ChannelInitializer.java:112)
	at io.netty.channel.AbstractChannelHandlerContext.callHandlerAdded(AbstractChannelHandlerContext.java:938)
	at io.netty.channel.DefaultChannelPipeline.callHandlerAdded0(DefaultChannelPipeline.java:609)
	at io.netty.channel.DefaultChannelPipeline.access$100(DefaultChannelPipeline.java:46)
	at io.netty.channel.DefaultChannelPipeline$PendingHandlerAddedTask.execute(DefaultChannelPipeline.java:1463)
	at io.netty.channel.DefaultChannelPipeline.callHandlerAddedForAllHandlers(DefaultChannelPipeline.java:1115)
	at io.netty.channel.DefaultChannelPipeline.invokeHandlerAddedIfNeeded(DefaultChannelPipeline.java:650)
	at io.netty.channel.AbstractChannel$AbstractUnsafe.register0(AbstractChannel.java:502)
	at io.netty.channel.AbstractChannel$AbstractUnsafe.access$200(AbstractChannel.java:417)
	at io.netty.channel.AbstractChannel$AbstractUnsafe$1.run(AbstractChannel.java:474)
	at io.netty.util.concurrent.AbstractEventExecutor.safeExecute(AbstractEventExecutor.java:164)
	at io.netty.util.concurrent.SingleThreadEventExecutor.runAllTasks(SingleThreadEventExecutor.java:472)
	at io.netty.channel.nio.NioEventLoop.run(NioEventLoop.java:500)
	at io.netty.util.concurrent.SingleThreadEventExecutor$4.run(SingleThreadEventExecutor.java:989)
	at io.netty.util.internal.ThreadExecutorMap$2.run(ThreadExecutorMap.java:74)
	at io.netty.util.concurrent.FastThreadLocalRunnable.run(FastThreadLocalRunnable.java:30)
	at java.lang.Thread.run(Thread.java:745)
2021-11-08 11:15:00,170 [myid:127.0.0.1:11224] - INFO  [nioEventLoopGroup-8-1:ClientCnxnSocketNetty$ZKClientHandler@469] - channel is disconnected: [id: 0xa8bdf7d5, L:/127.0.0.1:12624 ! R:xmind.net/127.0.0.1:11224]
2021-11-08 11:15:00,170 [myid:127.0.0.1:11224] - INFO  [nioEventLoopGroup-8-1:ClientCnxnSocketNetty@249] - channel is told closing
2021-11-08 11:15:00,170 [myid:127.0.0.1:11224] - WARN  [main-SendThread(127.0.0.1:11224):ClientCnxn$SendThread@1290] - Session 0x0 for sever xmind.net/127.0.0.1:11224, Closing socket connection. Attempting reconnect except it is a SessionExpiredException.
EndOfStreamException: channel for sessionid 0x0 is lost
	at org.apache.zookeeper.ClientCnxnSocketNetty.doTransport(ClientCnxnSocketNetty.java:285)
	at org.apache.zookeeper.ClientCnxn$SendThread.run(ClientCnxn.java:1280)
2021-11-08 11:15:02,098 [myid:127.0.0.1:11224] - INFO  [main-SendThread(127.0.0.1:11224):ClientCnxn$SendThread@1171] - Opening socket connection to server xmind.net/127.0.0.1:11224.
2021-11-08 11:15:02,098 [myid:127.0.0.1:11224] - INFO  [main-SendThread(127.0.0.1:11224):ClientCnxn$SendThread@1173] - SASL config status: Will not attempt to authenticate using SASL (unknown error)
2021-11-08 11:15:02,100 [myid:127.0.0.1:11224] - WARN  [nioEventLoopGroup-8-1:X509Util@366] - zookeeper.ssl.trustStore.location not specified
2021-11-08 11:15:02,104 [myid:127.0.0.1:11224] - INFO  [nioEventLoopGroup-8-1:ClientCnxnSocketNetty$ZKClientPipelineFactory@454] - SSL handler added for channel: [id: 0xd82ca8f3]
2021-11-08 11:15:02,105 [myid:127.0.0.1:11224] - INFO  [nioEventLoopGroup-8-1:ClientCnxn$SendThread@1005] - Socket connection established, initiating session, client: /127.0.0.1:12652, server: xmind.net/127.0.0.1:11224
2021-11-08 11:15:02,105 [myid:127.0.0.1:11224] - INFO  [nioEventLoopGroup-8-1:ClientCnxnSocketNetty$1@184] - channel is connected: [id: 0xd82ca8f3, L:/127.0.0.1:12652 - R:xmind.net/127.0.0.1:11224]
2021-11-08 11:15:02,106 [myid:] - WARN  [nioEventLoopGroup-7-6:ChannelInitializer@97] - Failed to initialize a channel. Closing: [id: 0xf9a67cb4, L:/127.0.0.1:11224 - R:/127.0.0.1:12652]
java.lang.IllegalArgumentException: Cannot support TLS_ECDHE_ECDSA_WITH_AES_256_CBC_SHA384 with currently installed providers
	at sun.security.ssl.CipherSuiteList.<init>(CipherSuiteList.java:92)
	at sun.security.ssl.SSLEngineImpl.setEnabledCipherSuites(SSLEngineImpl.java:2038)
	at io.netty.handler.ssl.JdkSslContext.configureAndWrapEngine(JdkSslContext.java:341)
	at io.netty.handler.ssl.JdkSslContext.newEngine(JdkSslContext.java:331)
	at io.netty.handler.ssl.SslContext.newHandler(SslContext.java:956)
	at io.netty.handler.ssl.SslContext.newHandler(SslContext.java:948)
	at org.apache.zookeeper.server.NettyServerCnxnFactory.initSSL(NettyServerCnxnFactory.java:575)
	at org.apache.zookeeper.server.NettyServerCnxnFactory.access$1300(NettyServerCnxnFactory.java:80)
	at org.apache.zookeeper.server.NettyServerCnxnFactory$1.initChannel(NettyServerCnxnFactory.java:540)
	at org.apache.zookeeper.server.NettyServerCnxnFactory$1.initChannel(NettyServerCnxnFactory.java:532)
	at io.netty.channel.ChannelInitializer.initChannel(ChannelInitializer.java:129)
	at io.netty.channel.ChannelInitializer.handlerAdded(ChannelInitializer.java:112)
	at io.netty.channel.AbstractChannelHandlerContext.callHandlerAdded(AbstractChannelHandlerContext.java:938)
	at io.netty.channel.DefaultChannelPipeline.callHandlerAdded0(DefaultChannelPipeline.java:609)
	at io.netty.channel.DefaultChannelPipeline.access$100(DefaultChannelPipeline.java:46)
	at io.netty.channel.DefaultChannelPipeline$PendingHandlerAddedTask.execute(DefaultChannelPipeline.java:1463)
	at io.netty.channel.DefaultChannelPipeline.callHandlerAddedForAllHandlers(DefaultChannelPipeline.java:1115)
	at io.netty.channel.DefaultChannelPipeline.invokeHandlerAddedIfNeeded(DefaultChannelPipeline.java:650)
	at io.netty.channel.AbstractChannel$AbstractUnsafe.register0(AbstractChannel.java:502)
	at io.netty.channel.AbstractChannel$AbstractUnsafe.access$200(AbstractChannel.java:417)
	at io.netty.channel.AbstractChannel$AbstractUnsafe$1.run(AbstractChannel.java:474)
	at io.netty.util.concurrent.AbstractEventExecutor.safeExecute(AbstractEventExecutor.java:164)
	at io.netty.util.concurrent.SingleThreadEventExecutor.runAllTasks(SingleThreadEventExecutor.java:472)
	at io.netty.channel.nio.NioEventLoop.run(NioEventLoop.java:500)
	at io.netty.util.concurrent.SingleThreadEventExecutor$4.run(SingleThreadEventExecutor.java:989)
	at io.netty.util.internal.ThreadExecutorMap$2.run(ThreadExecutorMap.java:74)
	at io.netty.util.concurrent.FastThreadLocalRunnable.run(FastThreadLocalRunnable.java:30)
	at java.lang.Thread.run(Thread.java:745)
2021-11-08 11:15:02,106 [myid:127.0.0.1:11224] - INFO  [nioEventLoopGroup-8-1:ClientCnxnSocketNetty$ZKClientHandler@469] - channel is disconnected: [id: 0xd82ca8f3, L:/127.0.0.1:12652 ! R:xmind.net/127.0.0.1:11224]
2021-11-08 11:15:02,106 [myid:127.0.0.1:11224] - INFO  [nioEventLoopGroup-8-1:ClientCnxnSocketNetty@249] - channel is told closing
2021-11-08 11:15:02,106 [myid:127.0.0.1:11224] - WARN  [main-SendThread(127.0.0.1:11224):ClientCnxn$SendThread@1290] - Session 0x0 for sever xmind.net/127.0.0.1:11224, Closing socket connection. Attempting reconnect except it is a SessionExpiredException.
EndOfStreamException: channel for sessionid 0x0 is lost
	at org.apache.zookeeper.ClientCnxnSocketNetty.doTransport(ClientCnxnSocketNetty.java:285)
	at org.apache.zookeeper.ClientCnxn$SendThread.run(ClientCnxn.java:1280)
2021-11-08 11:15:03,460 [myid:127.0.0.1:11224] - INFO  [main-SendThread(127.0.0.1:11224):ClientCnxn$SendThread@1171] - Opening socket connection to server xmind.net/127.0.0.1:11224.
2021-11-08 11:15:03,460 [myid:127.0.0.1:11224] - INFO  [main-SendThread(127.0.0.1:11224):ClientCnxn$SendThread@1173] - SASL config status: Will not attempt to authenticate using SASL (unknown error)
2021-11-08 11:15:03,461 [myid:127.0.0.1:11224] - WARN  [nioEventLoopGroup-8-1:X509Util@366] - zookeeper.ssl.trustStore.location not specified
2021-11-08 11:15:03,465 [myid:127.0.0.1:11224] - INFO  [nioEventLoopGroup-8-1:ClientCnxnSocketNetty$ZKClientPipelineFactory@454] - SSL handler added for channel: [id: 0x3cd14403]
2021-11-08 11:15:03,466 [myid:127.0.0.1:11224] - INFO  [nioEventLoopGroup-8-1:ClientCnxn$SendThread@1005] - Socket connection established, initiating session, client: /127.0.0.1:8242, server: xmind.net/127.0.0.1:11224
2021-11-08 11:15:03,466 [myid:127.0.0.1:11224] - INFO  [nioEventLoopGroup-8-1:ClientCnxnSocketNetty$1@184] - channel is connected: [id: 0x3cd14403, L:/127.0.0.1:8242 - R:xmind.net/127.0.0.1:11224]
2021-11-08 11:15:03,466 [myid:] - WARN  [nioEventLoopGroup-7-7:ChannelInitializer@97] - Failed to initialize a channel. Closing: [id: 0xeded9fce, L:/127.0.0.1:11224 - R:/127.0.0.1:8242]
java.lang.IllegalArgumentException: Cannot support TLS_ECDHE_ECDSA_WITH_AES_256_CBC_SHA384 with currently installed providers
	at sun.security.ssl.CipherSuiteList.<init>(CipherSuiteList.java:92)
	at sun.security.ssl.SSLEngineImpl.setEnabledCipherSuites(SSLEngineImpl.java:2038)
	at io.netty.handler.ssl.JdkSslContext.configureAndWrapEngine(JdkSslContext.java:341)
	at io.netty.handler.ssl.JdkSslContext.newEngine(JdkSslContext.java:331)
	at io.netty.handler.ssl.SslContext.newHandler(SslContext.java:956)
	at io.netty.handler.ssl.SslContext.newHandler(SslContext.java:948)
	at org.apache.zookeeper.server.NettyServerCnxnFactory.initSSL(NettyServerCnxnFactory.java:575)
	at org.apache.zookeeper.server.NettyServerCnxnFactory.access$1300(NettyServerCnxnFactory.java:80)
	at org.apache.zookeeper.server.NettyServerCnxnFactory$1.initChannel(NettyServerCnxnFactory.java:540)
	at org.apache.zookeeper.server.NettyServerCnxnFactory$1.initChannel(NettyServerCnxnFactory.java:532)
	at io.netty.channel.ChannelInitializer.initChannel(ChannelInitializer.java:129)
	at io.netty.channel.ChannelInitializer.handlerAdded(ChannelInitializer.java:112)
	at io.netty.channel.AbstractChannelHandlerContext.callHandlerAdded(AbstractChannelHandlerContext.java:938)
	at io.netty.channel.DefaultChannelPipeline.callHandlerAdded0(DefaultChannelPipeline.java:609)
	at io.netty.channel.DefaultChannelPipeline.access$100(DefaultChannelPipeline.java:46)
	at io.netty.channel.DefaultChannelPipeline$PendingHandlerAddedTask.execute(DefaultChannelPipeline.java:1463)
	at io.netty.channel.DefaultChannelPipeline.callHandlerAddedForAllHandlers(DefaultChannelPipeline.java:1115)
	at io.netty.channel.DefaultChannelPipeline.invokeHandlerAddedIfNeeded(DefaultChannelPipeline.java:650)
	at io.netty.channel.AbstractChannel$AbstractUnsafe.register0(AbstractChannel.java:502)
	at io.netty.channel.AbstractChannel$AbstractUnsafe.access$200(AbstractChannel.java:417)
	at io.netty.channel.AbstractChannel$AbstractUnsafe$1.run(AbstractChannel.java:474)
	at io.netty.util.concurrent.AbstractEventExecutor.safeExecute(AbstractEventExecutor.java:164)
	at io.netty.util.concurrent.SingleThreadEventExecutor.runAllTasks(SingleThreadEventExecutor.java:472)
	at io.netty.channel.nio.NioEventLoop.run(NioEventLoop.java:500)
	at io.netty.util.concurrent.SingleThreadEventExecutor$4.run(SingleThreadEventExecutor.java:989)
	at io.netty.util.internal.ThreadExecutorMap$2.run(ThreadExecutorMap.java:74)
	at io.netty.util.concurrent.FastThreadLocalRunnable.run(FastThreadLocalRunnable.java:30)
	at java.lang.Thread.run(Thread.java:745)
2021-11-08 11:15:03,466 [myid:127.0.0.1:11224] - INFO  [nioEventLoopGroup-8-1:ClientCnxnSocketNetty$ZKClientHandler@469] - channel is disconnected: [id: 0x3cd14403, L:/127.0.0.1:8242 ! R:xmind.net/127.0.0.1:11224]
2021-11-08 11:15:03,466 [myid:127.0.0.1:11224] - INFO  [nioEventLoopGroup-8-1:ClientCnxnSocketNetty@249] - channel is told closing
2021-11-08 11:15:03,466 [myid:127.0.0.1:11224] - WARN  [main-SendThread(127.0.0.1:11224):ClientCnxn$SendThread@1290] - Session 0x0 for sever xmind.net/127.0.0.1:11224, Closing socket connection. Attempting reconnect except it is a SessionExpiredException.
EndOfStreamException: channel for sessionid 0x0 is lost
	at org.apache.zookeeper.ClientCnxnSocketNetty.doTransport(ClientCnxnSocketNetty.java:285)
	at org.apache.zookeeper.ClientCnxn$SendThread.run(ClientCnxn.java:1280)
2021-11-08 11:15:05,146 [myid:] - INFO  [main:ZKTestCase@82] - FINISHED Optional[public void org.apache.zookeeper.server.X509AuthFailureTest.testSecureStandaloneServerAuthNFailure() throws java.lang.Exception]
]]></system-out>
  </testcase>
</testsuite>