<?xml version="1.0" encoding="UTF-8"?>
<testsuite xmlns:xsi="http://www.w3.org/2001/XMLSchema-instance" xsi:noNamespaceSchemaLocation="https://maven.apache.org/surefire/maven-surefire-plugin/xsd/surefire-test-report.xsd" name="org.apache.zookeeper.server.quorum.QuorumDigestTest" time="51.154" tests="4" errors="3" skipped="0" failures="0">
  <properties>
    <property name="sun.desktop" value="windows"/>
    <property name="build.test.dir" value="D:\mysoft\faiscoGit\myStudy\ZooKeeperLearning\apache-zookeeper-3.7.0\zookeeper-server\target/surefire"/>
    <property name="awt.toolkit" value="sun.awt.windows.WToolkit"/>
    <property name="file.encoding.pkg" value="sun.io"/>
    <property name="java.specification.version" value="1.8"/>
    <property name="sun.cpu.isalist" value="amd64"/>
    <property name="sun.jnu.encoding" value="GBK"/>
    <property name="java.class.path" value="D:\mysoft\faiscoGit\myStudy\ZooKeeperLearning\apache-zookeeper-3.7.0\zookeeper-server\target\test-classes;D:\mysoft\faiscoGit\myStudy\ZooKeeperLearning\apache-zookeeper-3.7.0\zookeeper-server\target\classes;D:\mysoft\maven\repository\com\github\spotbugs\spotbugs-annotations\4.0.2\spotbugs-annotations-4.0.2.jar;D:\mysoft\maven\repository\com\google\code\findbugs\jsr305\3.0.2\jsr305-3.0.2.jar;D:\mysoft\maven\repository\org\hamcrest\hamcrest-library\2.2\hamcrest-library-2.2.jar;D:\mysoft\maven\repository\org\hamcrest\hamcrest-core\2.2\hamcrest-core-2.2.jar;D:\mysoft\maven\repository\org\hamcrest\hamcrest\2.2\hamcrest-2.2.jar;D:\mysoft\maven\repository\org\apache\commons\commons-collections4\4.4\commons-collections4-4.4.jar;D:\mysoft\maven\repository\org\apache\zookeeper\zookeeper-jute\3.7.0\zookeeper-jute-3.7.0.jar;D:\mysoft\maven\repository\commons-cli\commons-cli\1.4\commons-cli-1.4.jar;D:\mysoft\maven\repository\org\apache\yetus\audience-annotations\0.12.0\audience-annotations-0.12.0.jar;D:\mysoft\maven\repository\io\netty\netty-handler\4.1.59.Final\netty-handler-4.1.59.Final.jar;D:\mysoft\maven\repository\io\netty\netty-common\4.1.59.Final\netty-common-4.1.59.Final.jar;D:\mysoft\maven\repository\io\netty\netty-resolver\4.1.59.Final\netty-resolver-4.1.59.Final.jar;D:\mysoft\maven\repository\io\netty\netty-buffer\4.1.59.Final\netty-buffer-4.1.59.Final.jar;D:\mysoft\maven\repository\io\netty\netty-transport\4.1.59.Final\netty-transport-4.1.59.Final.jar;D:\mysoft\maven\repository\io\netty\netty-codec\4.1.59.Final\netty-codec-4.1.59.Final.jar;D:\mysoft\maven\repository\io\netty\netty-transport-native-epoll\4.1.59.Final\netty-transport-native-epoll-4.1.59.Final.jar;D:\mysoft\maven\repository\io\netty\netty-transport-native-unix-common\4.1.59.Final\netty-transport-native-unix-common-4.1.59.Final.jar;D:\mysoft\maven\repository\org\slf4j\slf4j-api\1.7.30\slf4j-api-1.7.30.jar;D:\mysoft\maven\repository\org\slf4j\slf4j-log4j12\1.7.30\slf4j-log4j12-1.7.30.jar;D:\mysoft\maven\repository\org\eclipse\jetty\jetty-server\9.4.38.v20210224\jetty-server-9.4.38.v20210224.jar;D:\mysoft\maven\repository\javax\servlet\javax.servlet-api\3.1.0\javax.servlet-api-3.1.0.jar;D:\mysoft\maven\repository\org\eclipse\jetty\jetty-http\9.4.38.v20210224\jetty-http-9.4.38.v20210224.jar;D:\mysoft\maven\repository\org\eclipse\jetty\jetty-util\9.4.38.v20210224\jetty-util-9.4.38.v20210224.jar;D:\mysoft\maven\repository\org\eclipse\jetty\jetty-io\9.4.38.v20210224\jetty-io-9.4.38.v20210224.jar;D:\mysoft\maven\repository\org\eclipse\jetty\jetty-servlet\9.4.38.v20210224\jetty-servlet-9.4.38.v20210224.jar;D:\mysoft\maven\repository\org\eclipse\jetty\jetty-security\9.4.38.v20210224\jetty-security-9.4.38.v20210224.jar;D:\mysoft\maven\repository\org\eclipse\jetty\jetty-util-ajax\9.4.38.v20210224\jetty-util-ajax-9.4.38.v20210224.jar;D:\mysoft\maven\repository\org\eclipse\jetty\jetty-client\9.4.38.v20210224\jetty-client-9.4.38.v20210224.jar;D:\mysoft\maven\repository\com\fasterxml\jackson\core\jackson-databind\2.10.5.1\jackson-databind-2.10.5.1.jar;D:\mysoft\maven\repository\com\fasterxml\jackson\core\jackson-annotations\2.10.5\jackson-annotations-2.10.5.jar;D:\mysoft\maven\repository\com\fasterxml\jackson\core\jackson-core\2.10.5\jackson-core-2.10.5.jar;D:\mysoft\maven\repository\org\bouncycastle\bcprov-jdk15on\1.60\bcprov-jdk15on-1.60.jar;D:\mysoft\maven\repository\org\bouncycastle\bcpkix-jdk15on\1.60\bcpkix-jdk15on-1.60.jar;D:\mysoft\maven\repository\jline\jline\2.14.6\jline-2.14.6.jar;D:\mysoft\maven\repository\io\dropwizard\metrics\metrics-core\4.1.12.1\metrics-core-4.1.12.1.jar;D:\mysoft\maven\repository\log4j\log4j\1.2.17\log4j-1.2.17.jar;D:\mysoft\maven\repository\org\apache\kerby\kerb-core\2.0.0\kerb-core-2.0.0.jar;D:\mysoft\maven\repository\org\apache\kerby\kerby-pkix\2.0.0\kerby-pkix-2.0.0.jar;D:\mysoft\maven\repository\org\apache\kerby\kerby-asn1\2.0.0\kerby-asn1-2.0.0.jar;D:\mysoft\maven\repository\org\apache\kerby\kerby-util\2.0.0\kerby-util-2.0.0.jar;D:\mysoft\maven\repository\org\apache\kerby\kerb-simplekdc\2.0.0\kerb-simplekdc-2.0.0.jar;D:\mysoft\maven\repository\org\apache\kerby\kerb-client\2.0.0\kerb-client-2.0.0.jar;D:\mysoft\maven\repository\org\apache\kerby\kerb-common\2.0.0\kerb-common-2.0.0.jar;D:\mysoft\maven\repository\org\apache\kerby\kerb-crypto\2.0.0\kerb-crypto-2.0.0.jar;D:\mysoft\maven\repository\commons-io\commons-io\2.6\commons-io-2.6.jar;D:\mysoft\maven\repository\org\apache\kerby\kerb-util\2.0.0\kerb-util-2.0.0.jar;D:\mysoft\maven\repository\org\apache\kerby\token-provider\2.0.0\token-provider-2.0.0.jar;D:\mysoft\maven\repository\com\nimbusds\nimbus-jose-jwt\4.41.2\nimbus-jose-jwt-4.41.2.jar;D:\mysoft\maven\repository\com\github\stephenc\jcip\jcip-annotations\1.0-1\jcip-annotations-1.0-1.jar;D:\mysoft\maven\repository\net\minidev\json-smart\2.3\json-smart-2.3.jar;D:\mysoft\maven\repository\net\minidev\accessors-smart\1.2\accessors-smart-1.2.jar;D:\mysoft\maven\repository\org\ow2\asm\asm\5.0.4\asm-5.0.4.jar;D:\mysoft\maven\repository\org\apache\kerby\kerb-admin\2.0.0\kerb-admin-2.0.0.jar;D:\mysoft\maven\repository\org\apache\kerby\kerb-server\2.0.0\kerb-server-2.0.0.jar;D:\mysoft\maven\repository\org\apache\kerby\kerb-identity\2.0.0\kerb-identity-2.0.0.jar;D:\mysoft\maven\repository\org\apache\kerby\kerby-xdr\2.0.0\kerby-xdr-2.0.0.jar;D:\mysoft\maven\repository\org\apache\kerby\kerby-config\2.0.0\kerby-config-2.0.0.jar;D:\mysoft\maven\repository\org\mockito\mockito-core\3.6.28\mockito-core-3.6.28.jar;D:\mysoft\maven\repository\net\bytebuddy\byte-buddy\1.10.18\byte-buddy-1.10.18.jar;D:\mysoft\maven\repository\net\bytebuddy\byte-buddy-agent\1.10.18\byte-buddy-agent-1.10.18.jar;D:\mysoft\maven\repository\org\objenesis\objenesis\3.1\objenesis-3.1.jar;D:\mysoft\maven\repository\org\jmockit\jmockit\1.48\jmockit-1.48.jar;D:\mysoft\maven\repository\org\junit\jupiter\junit-jupiter-api\5.6.2\junit-jupiter-api-5.6.2.jar;D:\mysoft\maven\repository\org\apiguardian\apiguardian-api\1.1.0\apiguardian-api-1.1.0.jar;D:\mysoft\maven\repository\org\opentest4j\opentest4j\1.2.0\opentest4j-1.2.0.jar;D:\mysoft\maven\repository\org\junit\platform\junit-platform-commons\1.6.2\junit-platform-commons-1.6.2.jar;D:\mysoft\maven\repository\org\junit\jupiter\junit-jupiter-engine\5.6.2\junit-jupiter-engine-5.6.2.jar;D:\mysoft\maven\repository\org\junit\platform\junit-platform-engine\1.6.2\junit-platform-engine-1.6.2.jar;D:\mysoft\maven\repository\org\junit\jupiter\junit-jupiter-params\5.6.2\junit-jupiter-params-5.6.2.jar;D:\mysoft\maven\repository\org\junit\platform\junit-platform-runner\1.6.2\junit-platform-runner-1.6.2.jar;D:\mysoft\maven\repository\junit\junit\4.13\junit-4.13.jar;D:\mysoft\maven\repository\org\junit\platform\junit-platform-launcher\1.6.2\junit-platform-launcher-1.6.2.jar;D:\mysoft\maven\repository\org\junit\platform\junit-platform-suite-api\1.6.2\junit-platform-suite-api-1.6.2.jar;D:\mysoft\maven\repository\org\xerial\snappy\snappy-java\1.1.7.7\snappy-java-1.1.7.7.jar;"/>
    <property name="java.vm.vendor" value="Oracle Corporation"/>
    <property name="sun.arch.data.model" value="64"/>
    <property name="user.variant" value=""/>
    <property name="java.vendor.url" value="http://java.oracle.com/"/>
    <property name="user.timezone" value="Asia/Shanghai"/>
    <property name="java.vm.specification.version" value="1.8"/>
    <property name="os.name" value="Windows 8.1"/>
    <property name="user.country" value="CN"/>
    <property name="sun.java.launcher" value="SUN_STANDARD"/>
    <property name="sun.boot.library.path" value="C:\Program Files\Java\jdk1.8.0_31\jre\bin"/>
    <property name="sun.java.command" value="C:\Users\faisco\AppData\Local\Temp\surefire7017171567299321585\surefirebooter1043745809512202559.jar C:\Users\faisco\AppData\Local\Temp\surefire7017171567299321585 2021-11-08T11-05-05_200-jvmRun1 surefire1508677912155569688tmp surefire_1096622374531942975330tmp"/>
    <property name="surefire.test.class.path" value="D:\mysoft\faiscoGit\myStudy\ZooKeeperLearning\apache-zookeeper-3.7.0\zookeeper-server\target\test-classes;D:\mysoft\faiscoGit\myStudy\ZooKeeperLearning\apache-zookeeper-3.7.0\zookeeper-server\target\classes;D:\mysoft\maven\repository\com\github\spotbugs\spotbugs-annotations\4.0.2\spotbugs-annotations-4.0.2.jar;D:\mysoft\maven\repository\com\google\code\findbugs\jsr305\3.0.2\jsr305-3.0.2.jar;D:\mysoft\maven\repository\org\hamcrest\hamcrest-library\2.2\hamcrest-library-2.2.jar;D:\mysoft\maven\repository\org\hamcrest\hamcrest-core\2.2\hamcrest-core-2.2.jar;D:\mysoft\maven\repository\org\hamcrest\hamcrest\2.2\hamcrest-2.2.jar;D:\mysoft\maven\repository\org\apache\commons\commons-collections4\4.4\commons-collections4-4.4.jar;D:\mysoft\maven\repository\org\apache\zookeeper\zookeeper-jute\3.7.0\zookeeper-jute-3.7.0.jar;D:\mysoft\maven\repository\commons-cli\commons-cli\1.4\commons-cli-1.4.jar;D:\mysoft\maven\repository\org\apache\yetus\audience-annotations\0.12.0\audience-annotations-0.12.0.jar;D:\mysoft\maven\repository\io\netty\netty-handler\4.1.59.Final\netty-handler-4.1.59.Final.jar;D:\mysoft\maven\repository\io\netty\netty-common\4.1.59.Final\netty-common-4.1.59.Final.jar;D:\mysoft\maven\repository\io\netty\netty-resolver\4.1.59.Final\netty-resolver-4.1.59.Final.jar;D:\mysoft\maven\repository\io\netty\netty-buffer\4.1.59.Final\netty-buffer-4.1.59.Final.jar;D:\mysoft\maven\repository\io\netty\netty-transport\4.1.59.Final\netty-transport-4.1.59.Final.jar;D:\mysoft\maven\repository\io\netty\netty-codec\4.1.59.Final\netty-codec-4.1.59.Final.jar;D:\mysoft\maven\repository\io\netty\netty-transport-native-epoll\4.1.59.Final\netty-transport-native-epoll-4.1.59.Final.jar;D:\mysoft\maven\repository\io\netty\netty-transport-native-unix-common\4.1.59.Final\netty-transport-native-unix-common-4.1.59.Final.jar;D:\mysoft\maven\repository\org\slf4j\slf4j-api\1.7.30\slf4j-api-1.7.30.jar;D:\mysoft\maven\repository\org\slf4j\slf4j-log4j12\1.7.30\slf4j-log4j12-1.7.30.jar;D:\mysoft\maven\repository\org\eclipse\jetty\jetty-server\9.4.38.v20210224\jetty-server-9.4.38.v20210224.jar;D:\mysoft\maven\repository\javax\servlet\javax.servlet-api\3.1.0\javax.servlet-api-3.1.0.jar;D:\mysoft\maven\repository\org\eclipse\jetty\jetty-http\9.4.38.v20210224\jetty-http-9.4.38.v20210224.jar;D:\mysoft\maven\repository\org\eclipse\jetty\jetty-util\9.4.38.v20210224\jetty-util-9.4.38.v20210224.jar;D:\mysoft\maven\repository\org\eclipse\jetty\jetty-io\9.4.38.v20210224\jetty-io-9.4.38.v20210224.jar;D:\mysoft\maven\repository\org\eclipse\jetty\jetty-servlet\9.4.38.v20210224\jetty-servlet-9.4.38.v20210224.jar;D:\mysoft\maven\repository\org\eclipse\jetty\jetty-security\9.4.38.v20210224\jetty-security-9.4.38.v20210224.jar;D:\mysoft\maven\repository\org\eclipse\jetty\jetty-util-ajax\9.4.38.v20210224\jetty-util-ajax-9.4.38.v20210224.jar;D:\mysoft\maven\repository\org\eclipse\jetty\jetty-client\9.4.38.v20210224\jetty-client-9.4.38.v20210224.jar;D:\mysoft\maven\repository\com\fasterxml\jackson\core\jackson-databind\2.10.5.1\jackson-databind-2.10.5.1.jar;D:\mysoft\maven\repository\com\fasterxml\jackson\core\jackson-annotations\2.10.5\jackson-annotations-2.10.5.jar;D:\mysoft\maven\repository\com\fasterxml\jackson\core\jackson-core\2.10.5\jackson-core-2.10.5.jar;D:\mysoft\maven\repository\org\bouncycastle\bcprov-jdk15on\1.60\bcprov-jdk15on-1.60.jar;D:\mysoft\maven\repository\org\bouncycastle\bcpkix-jdk15on\1.60\bcpkix-jdk15on-1.60.jar;D:\mysoft\maven\repository\jline\jline\2.14.6\jline-2.14.6.jar;D:\mysoft\maven\repository\io\dropwizard\metrics\metrics-core\4.1.12.1\metrics-core-4.1.12.1.jar;D:\mysoft\maven\repository\log4j\log4j\1.2.17\log4j-1.2.17.jar;D:\mysoft\maven\repository\org\apache\kerby\kerb-core\2.0.0\kerb-core-2.0.0.jar;D:\mysoft\maven\repository\org\apache\kerby\kerby-pkix\2.0.0\kerby-pkix-2.0.0.jar;D:\mysoft\maven\repository\org\apache\kerby\kerby-asn1\2.0.0\kerby-asn1-2.0.0.jar;D:\mysoft\maven\repository\org\apache\kerby\kerby-util\2.0.0\kerby-util-2.0.0.jar;D:\mysoft\maven\repository\org\apache\kerby\kerb-simplekdc\2.0.0\kerb-simplekdc-2.0.0.jar;D:\mysoft\maven\repository\org\apache\kerby\kerb-client\2.0.0\kerb-client-2.0.0.jar;D:\mysoft\maven\repository\org\apache\kerby\kerb-common\2.0.0\kerb-common-2.0.0.jar;D:\mysoft\maven\repository\org\apache\kerby\kerb-crypto\2.0.0\kerb-crypto-2.0.0.jar;D:\mysoft\maven\repository\commons-io\commons-io\2.6\commons-io-2.6.jar;D:\mysoft\maven\repository\org\apache\kerby\kerb-util\2.0.0\kerb-util-2.0.0.jar;D:\mysoft\maven\repository\org\apache\kerby\token-provider\2.0.0\token-provider-2.0.0.jar;D:\mysoft\maven\repository\com\nimbusds\nimbus-jose-jwt\4.41.2\nimbus-jose-jwt-4.41.2.jar;D:\mysoft\maven\repository\com\github\stephenc\jcip\jcip-annotations\1.0-1\jcip-annotations-1.0-1.jar;D:\mysoft\maven\repository\net\minidev\json-smart\2.3\json-smart-2.3.jar;D:\mysoft\maven\repository\net\minidev\accessors-smart\1.2\accessors-smart-1.2.jar;D:\mysoft\maven\repository\org\ow2\asm\asm\5.0.4\asm-5.0.4.jar;D:\mysoft\maven\repository\org\apache\kerby\kerb-admin\2.0.0\kerb-admin-2.0.0.jar;D:\mysoft\maven\repository\org\apache\kerby\kerb-server\2.0.0\kerb-server-2.0.0.jar;D:\mysoft\maven\repository\org\apache\kerby\kerb-identity\2.0.0\kerb-identity-2.0.0.jar;D:\mysoft\maven\repository\org\apache\kerby\kerby-xdr\2.0.0\kerby-xdr-2.0.0.jar;D:\mysoft\maven\repository\org\apache\kerby\kerby-config\2.0.0\kerby-config-2.0.0.jar;D:\mysoft\maven\repository\org\mockito\mockito-core\3.6.28\mockito-core-3.6.28.jar;D:\mysoft\maven\repository\net\bytebuddy\byte-buddy\1.10.18\byte-buddy-1.10.18.jar;D:\mysoft\maven\repository\net\bytebuddy\byte-buddy-agent\1.10.18\byte-buddy-agent-1.10.18.jar;D:\mysoft\maven\repository\org\objenesis\objenesis\3.1\objenesis-3.1.jar;D:\mysoft\maven\repository\org\jmockit\jmockit\1.48\jmockit-1.48.jar;D:\mysoft\maven\repository\org\junit\jupiter\junit-jupiter-api\5.6.2\junit-jupiter-api-5.6.2.jar;D:\mysoft\maven\repository\org\apiguardian\apiguardian-api\1.1.0\apiguardian-api-1.1.0.jar;D:\mysoft\maven\repository\org\opentest4j\opentest4j\1.2.0\opentest4j-1.2.0.jar;D:\mysoft\maven\repository\org\junit\platform\junit-platform-commons\1.6.2\junit-platform-commons-1.6.2.jar;D:\mysoft\maven\repository\org\junit\jupiter\junit-jupiter-engine\5.6.2\junit-jupiter-engine-5.6.2.jar;D:\mysoft\maven\repository\org\junit\platform\junit-platform-engine\1.6.2\junit-platform-engine-1.6.2.jar;D:\mysoft\maven\repository\org\junit\jupiter\junit-jupiter-params\5.6.2\junit-jupiter-params-5.6.2.jar;D:\mysoft\maven\repository\org\junit\platform\junit-platform-runner\1.6.2\junit-platform-runner-1.6.2.jar;D:\mysoft\maven\repository\junit\junit\4.13\junit-4.13.jar;D:\mysoft\maven\repository\org\junit\platform\junit-platform-launcher\1.6.2\junit-platform-launcher-1.6.2.jar;D:\mysoft\maven\repository\org\junit\platform\junit-platform-suite-api\1.6.2\junit-platform-suite-api-1.6.2.jar;D:\mysoft\maven\repository\org\xerial\snappy\snappy-java\1.1.7.7\snappy-java-1.1.7.7.jar;"/>
    <property name="sun.cpu.endian" value="little"/>
    <property name="user.home" value="C:\Users\faisco"/>
    <property name="user.language" value="zh"/>
    <property name="java.specification.vendor" value="Oracle Corporation"/>
    <property name="java.home" value="C:\Program Files\Java\jdk1.8.0_31\jre"/>
    <property name="zookeeper.DigestAuthenticationProvider.superDigest" value="super:D/InIHSb7yEEbrWz8b9l71RjZJU="/>
    <property name="basedir" value="D:\mysoft\faiscoGit\myStudy\ZooKeeperLearning\apache-zookeeper-3.7.0\zookeeper-server"/>
    <property name="file.separator" value="\"/>
    <property name="line.separator" value="&#10;"/>
    <property name="java.vm.specification.vendor" value="Oracle Corporation"/>
    <property name="java.specification.name" value="Java Platform API Specification"/>
    <property name="java.awt.graphicsenv" value="sun.awt.Win32GraphicsEnvironment"/>
    <property name="test.junit.threads" value="8"/>
    <property name="surefire.real.class.path" value="C:\Users\faisco\AppData\Local\Temp\surefire7017171567299321585\surefirebooter1043745809512202559.jar;D:\mysoft\maven\repository\org\jmockit\jmockit\1.48\jmockit-1.48.jar"/>
    <property name="zookeeper.junit.threadid" value="1"/>
    <property name="sun.boot.class.path" value="C:\Program Files\Java\jdk1.8.0_31\jre\lib\resources.jar;C:\Program Files\Java\jdk1.8.0_31\jre\lib\rt.jar;C:\Program Files\Java\jdk1.8.0_31\jre\lib\sunrsasign.jar;C:\Program Files\Java\jdk1.8.0_31\jre\lib\jsse.jar;C:\Program Files\Java\jdk1.8.0_31\jre\lib\jce.jar;C:\Program Files\Java\jdk1.8.0_31\jre\lib\charsets.jar;C:\Program Files\Java\jdk1.8.0_31\jre\lib\jfr.jar;C:\Program Files\Java\jdk1.8.0_31\jre\classes"/>
    <property name="user.script" value=""/>
    <property name="sun.management.compiler" value="HotSpot 64-Bit Tiered Compilers"/>
    <property name="java.runtime.version" value="1.8.0_31-b13"/>
    <property name="user.name" value="faisco"/>
    <property name="path.separator" value=";"/>
    <property name="os.version" value="6.3"/>
    <property name="java.endorsed.dirs" value="C:\Program Files\Java\jdk1.8.0_31\jre\lib\endorsed"/>
    <property name="java.runtime.name" value="Java(TM) SE Runtime Environment"/>
    <property name="file.encoding" value="GBK"/>
    <property name="java.vm.name" value="Java HotSpot(TM) 64-Bit Server VM"/>
    <property name="idea.version2020.1" value="true"/>
    <property name="localRepository" value="D:\mysoft\maven\repository"/>
    <property name="java.vendor.url.bug" value="http://bugreport.sun.com/bugreport/"/>
    <property name="java.io.tmpdir" value="C:\Users\faisco\AppData\Local\Temp\"/>
    <property name="java.version" value="1.8.0_31"/>
    <property name="user.dir" value="D:\mysoft\faiscoGit\myStudy\ZooKeeperLearning\apache-zookeeper-3.7.0\zookeeper-server"/>
    <property name="os.arch" value="amd64"/>
    <property name="java.vm.specification.name" value="Java Virtual Machine Specification"/>
    <property name="java.awt.printerjob" value="sun.awt.windows.WPrinterJob"/>
    <property name="sun.os.patch.level" value=""/>
    <property name="java.library.path" value="C:\Program Files\Java\jdk1.8.0_31\jre\bin;C:\WINDOWS\Sun\Java\bin;C:\WINDOWS\system32;C:\WINDOWS;C:\Program Files\Java\jdk1.8.0_31\jre\bin;C:\Python39\Scripts\;C:\Python39\;C:\Python27\;C:\Python27\Scripts;C:\Program Files (x86)\Intel\Intel(R) Management Engine Components\iCLS\;C:\Program Files\Intel\Intel(R) Management Engine Components\iCLS\;C:\WINDOWS\system32;C:\WINDOWS;C:\WINDOWS\System32\Wbem;C:\WINDOWS\System32\WindowsPowerShell\v1.0\;C:\WINDOWS\System32\OpenSSH\;C:\Program Files (x86)\Intel\Intel(R) Management Engine Components\DAL;C:\Program Files\Intel\Intel(R) Management Engine Components\DAL;C:\Program Files\TortoiseSVN\bin;C:\Program Files\Java\jdk1.8.0_31\bin;D:\soft\Git\cmd;D:\mysoft\maven\apache-maven-3.6.1\bin;C:\ProgramData\chocolatey\bin;C:\Program Files\nodejs\;D:\mysoft\gradle-7.0\bin;C:\ProgramData\Oracle\Java\javapath;C:\Program Files\OpenVPN\bin;C:\Users\faisco\AppData\Local\Microsoft\WindowsApps;;D:\soft\Microsoft VS Code\bin;D:\soft\PyCharm Community Edition 2019.1.3\bin;;D:\soft\PyCharm 2019.2.3\bin;;C:\Users\faisco\AppData\Local\Microsoft\WindowsApps;C:\Program Files\JetBrains\IntelliJ IDEA 2020.1\bin;;C:\Program Files\JetBrains\IntelliJ IDEA Community Edition 2020.1.3\bin;;C:\Users\faisco\AppData\Roaming\npm;."/>
    <property name="junit.jupiter.extensions.autodetection.enabled" value="true"/>
    <property name="java.vm.info" value="mixed mode"/>
    <property name="java.vendor" value="Oracle Corporation"/>
    <property name="java.vm.version" value="25.31-b07"/>
    <property name="java.ext.dirs" value="C:\Program Files\Java\jdk1.8.0_31\jre\lib\ext;C:\WINDOWS\Sun\Java\lib\ext"/>
    <property name="sun.io.unicode.encoding" value="UnicodeLittle"/>
    <property name="java.class.version" value="52.0"/>
  </properties>
  <testcase name="testDigestMatchesWithAsyncRequests" classname="org.apache.zookeeper.server.quorum.QuorumDigestTest" time="31.349"/>
  <testcase name="testDigestMismatchesWhenTxnLost" classname="org.apache.zookeeper.server.quorum.QuorumDigestTest" time="10.051">
    <error message="org/apache/zookeeper/server/TxnLogDigestTest" type="java.lang.NoClassDefFoundError">java.lang.NoClassDefFoundError: org/apache/zookeeper/server/TxnLogDigestTest
	at org.apache.zookeeper.server.quorum.QuorumDigestTest.triggerOps(QuorumDigestTest.java:206)
	at org.apache.zookeeper.server.quorum.QuorumDigestTest.testDigestMismatchesWhenTxnLost(QuorumDigestTest.java:173)
Caused by: java.lang.ClassNotFoundException: org.apache.zookeeper.server.TxnLogDigestTest
	at java.net.URLClassLoader$1.run(URLClassLoader.java:372)
	at java.net.URLClassLoader$1.run(URLClassLoader.java:361)
	at java.security.AccessController.doPrivileged(Native Method)
	at java.net.URLClassLoader.findClass(URLClassLoader.java:360)
	at java.lang.ClassLoader.loadClass(ClassLoader.java:424)
	at java.lang.ClassLoader.loadClass(ClassLoader.java:357)
	... 2 more
</error>
    <system-out><![CDATA[2021-11-08 11:10:50,599 [myid:] - INFO  [main:ZKTestCase@77] - STARTING Optional[public void org.apache.zookeeper.server.quorum.QuorumDigestTest.testDigestMismatchesWhenTxnLost() throws java.lang.Exception]
2021-11-08 11:10:50,600 [myid:] - INFO  [main:ZooKeeperServer@2141] - zookeeper.digest.enabled = true
2021-11-08 11:10:50,600 [myid:] - INFO  [main:PortAssignment@87] - Assigned port 11234 from range 11221 - 13913.
2021-11-08 11:10:50,600 [myid:] - INFO  [main:PortAssignment@87] - Assigned port 11235 from range 11221 - 13913.
2021-11-08 11:10:50,600 [myid:] - INFO  [main:PortAssignment@87] - Assigned port 11236 from range 11221 - 13913.
2021-11-08 11:10:50,601 [myid:] - INFO  [main:PortAssignment@87] - Assigned port 11237 from range 11221 - 13913.
2021-11-08 11:10:50,601 [myid:] - INFO  [main:PortAssignment@87] - Assigned port 11238 from range 11221 - 13913.
2021-11-08 11:10:50,601 [myid:] - INFO  [main:PortAssignment@87] - Assigned port 11239 from range 11221 - 13913.
2021-11-08 11:10:50,602 [myid:] - INFO  [main:PortAssignment@87] - Assigned port 11240 from range 11221 - 13913.
2021-11-08 11:10:50,602 [myid:] - INFO  [main:PortAssignment@87] - Assigned port 11241 from range 11221 - 13913.
2021-11-08 11:10:50,602 [myid:] - INFO  [main:PortAssignment@87] - Assigned port 11242 from range 11221 - 13913.
2021-11-08 11:10:50,602 [myid:] - INFO  [main:PortAssignment@87] - Assigned port 11243 from range 11221 - 13913.
2021-11-08 11:10:50,603 [myid:] - INFO  [main:PortAssignment@87] - Assigned port 11244 from range 11221 - 13913.
2021-11-08 11:10:50,603 [myid:] - INFO  [main:PortAssignment@87] - Assigned port 11245 from range 11221 - 13913.
2021-11-08 11:10:50,604 [myid:] - INFO  [main:QuorumPeerTestBase$MainThread@122] - id = 0 tmpDir = D:\mysoft\faiscoGit\myStudy\ZooKeeperLearning\apache-zookeeper-3.7.0\zookeeper-server\target\surefire\test8469882706068733911.junit.dir clientPort = 11234
2021-11-08 11:10:50,606 [myid:] - INFO  [main:ZooKeeper@637] - Initiating client connection, connectString=127.0.0.1:11234 sessionTimeout=30000 watcher=org.apache.zookeeper.server.quorum.QuorumDigestTest@dbf57b3
2021-11-08 11:10:50,607 [myid:] - INFO  [main:ClientCnxnSocket@239] - jute.maxbuffer value is 1048575 Bytes
2021-11-08 11:10:50,607 [myid:] - INFO  [main:ClientCnxn@1726] - zookeeper.request.timeout value is 0. feature enabled=false
2021-11-08 11:10:50,609 [myid:] - INFO  [main:QuorumPeerTestBase$MainThread@122] - id = 1 tmpDir = D:\mysoft\faiscoGit\myStudy\ZooKeeperLearning\apache-zookeeper-3.7.0\zookeeper-server\target\surefire\test7680064820110191668.junit.dir clientPort = 11237
2021-11-08 11:10:50,609 [myid:] - INFO  [Thread-18:QuorumPeerConfig@174] - Reading configuration from: D:\mysoft\faiscoGit\myStudy\ZooKeeperLearning\apache-zookeeper-3.7.0\zookeeper-server\target\surefire\test8469882706068733911.junit.dir\zoo.cfg
2021-11-08 11:10:50,609 [myid:] - INFO  [Thread-18:QuorumPeerConfig@444] - clientPortAddress is 0.0.0.0:11234
2021-11-08 11:10:50,609 [myid:] - INFO  [Thread-18:QuorumPeerConfig@448] - secureClientPort is not set
2021-11-08 11:10:50,609 [myid:] - INFO  [Thread-18:QuorumPeerConfig@464] - observerMasterPort is not set
2021-11-08 11:10:50,610 [myid:] - INFO  [Thread-18:QuorumPeerConfig@481] - metricsProvider.className is org.apache.zookeeper.metrics.impl.DefaultMetricsProvider
2021-11-08 11:10:50,610 [myid:0] - INFO  [Thread-18:DatadirCleanupManager@78] - autopurge.snapRetainCount set to 3
2021-11-08 11:10:50,610 [myid:0] - INFO  [Thread-18:DatadirCleanupManager@79] - autopurge.purgeInterval set to 0
2021-11-08 11:10:50,610 [myid:0] - INFO  [Thread-18:DatadirCleanupManager@101] - Purge task is not scheduled.
2021-11-08 11:10:50,610 [myid:0] - INFO  [Thread-18:ManagedUtil@44] - Log4j 1.2 jmx support found and enabled.
2021-11-08 11:10:50,610 [myid:0] - ERROR [Thread-18:ManagedUtil@109] - Problems while registering log4j 1.2 jmx beans!
javax.management.InstanceAlreadyExistsException: log4j:hierarchy=default
	at com.sun.jmx.mbeanserver.Repository.addMBean(Repository.java:437)
	at com.sun.jmx.interceptor.DefaultMBeanServerInterceptor.registerWithRepository(DefaultMBeanServerInterceptor.java:1898)
	at com.sun.jmx.interceptor.DefaultMBeanServerInterceptor.registerDynamicMBean(DefaultMBeanServerInterceptor.java:966)
	at com.sun.jmx.interceptor.DefaultMBeanServerInterceptor.registerObject(DefaultMBeanServerInterceptor.java:900)
	at com.sun.jmx.interceptor.DefaultMBeanServerInterceptor.registerMBean(DefaultMBeanServerInterceptor.java:324)
	at com.sun.jmx.mbeanserver.JmxMBeanServer.registerMBean(JmxMBeanServer.java:522)
	at org.apache.zookeeper.jmx.ManagedUtil.registerLog4jMBeans(ManagedUtil.java:72)
	at org.apache.zookeeper.server.quorum.QuorumPeerMain.runFromConfig(QuorumPeerMain.java:147)
	at org.apache.zookeeper.server.quorum.QuorumPeerMain.initializeAndRun(QuorumPeerMain.java:137)
	at org.apache.zookeeper.server.quorum.QuorumPeerTestBase$MainThread.run(QuorumPeerTestBase.java:329)
	at java.lang.Thread.run(Thread.java:745)
2021-11-08 11:10:50,610 [myid:0] - WARN  [Thread-18:QuorumPeerMain@149] - Unable to register log4j JMX control
javax.management.JMException: javax.management.InstanceAlreadyExistsException: log4j:hierarchy=default
	at org.apache.zookeeper.jmx.ManagedUtil.registerLog4jMBeans(ManagedUtil.java:110)
	at org.apache.zookeeper.server.quorum.QuorumPeerMain.runFromConfig(QuorumPeerMain.java:147)
	at org.apache.zookeeper.server.quorum.QuorumPeerMain.initializeAndRun(QuorumPeerMain.java:137)
	at org.apache.zookeeper.server.quorum.QuorumPeerTestBase$MainThread.run(QuorumPeerTestBase.java:329)
	at java.lang.Thread.run(Thread.java:745)
2021-11-08 11:10:50,610 [myid:0] - INFO  [Thread-18:QuorumPeerMain@152] - Starting quorum peer, myid=0
2021-11-08 11:10:50,610 [myid:0] - INFO  [Thread-18:ServerMetrics@62] - ServerMetrics initialized with provider org.apache.zookeeper.metrics.impl.DefaultMetricsProvider@42b10f11
2021-11-08 11:10:50,611 [myid:0] - INFO  [Thread-18:DigestAuthenticationProvider@61] - zookeeper.DigestAuthenticationProvider.enabled = true
2021-11-08 11:10:50,611 [myid:0] - INFO  [Thread-18:ServerCnxnFactory@169] - Using org.apache.zookeeper.server.NIOServerCnxnFactory as server connection factory
2021-11-08 11:10:50,611 [myid:0] - WARN  [Thread-18:ServerCnxnFactory@309] - maxCnxns is not configured, using default value 0.
2021-11-08 11:10:50,611 [myid:0] - INFO  [Thread-18:NIOServerCnxnFactory@652] - Configuring NIO connection handler with 10s sessionless connection timeout, 1 selector thread(s), 12 worker threads, and 64 kB direct buffers.
2021-11-08 11:10:50,612 [myid:0] - INFO  [Thread-18:NIOServerCnxnFactory@660] - binding to port /127.0.0.1:11234
2021-11-08 11:10:50,612 [myid:0] - INFO  [Thread-18:FileTxnSnapLog@124] - zookeeper.snapshot.trust.empty : false
2021-11-08 11:10:50,613 [myid:0] - INFO  [Thread-18:QuorumPeer@1742] - Local sessions disabled
2021-11-08 11:10:50,613 [myid:0] - INFO  [Thread-18:QuorumPeer@1753] - Local session upgrading disabled
2021-11-08 11:10:50,613 [myid:0] - INFO  [Thread-18:QuorumPeer@1720] - tickTime set to 4000
2021-11-08 11:10:50,613 [myid:0] - INFO  [Thread-18:QuorumPeer@1764] - minSessionTimeout set to 8000
2021-11-08 11:10:50,613 [myid:0] - INFO  [Thread-18:QuorumPeer@1775] - maxSessionTimeout set to 80000
2021-11-08 11:10:50,613 [myid:0] - INFO  [Thread-18:QuorumPeer@1800] - initLimit set to 10
2021-11-08 11:10:50,613 [myid:0] - INFO  [Thread-18:QuorumPeer@1987] - syncLimit set to 5
2021-11-08 11:10:50,613 [myid:0] - INFO  [Thread-18:QuorumPeer@2002] - connectToLearnerMasterLimit set to 5
2021-11-08 11:10:50,614 [myid:0] - INFO  [Thread-18:WatchManagerFactory@42] - Using org.apache.zookeeper.server.watch.WatchManager as watch manager
2021-11-08 11:10:50,614 [myid:0] - INFO  [Thread-18:WatchManagerFactory@42] - Using org.apache.zookeeper.server.watch.WatchManager as watch manager
2021-11-08 11:10:50,614 [myid:0] - INFO  [Thread-18:ZKDatabase@133] - zookeeper.snapshotSizeFactor = 0.33
2021-11-08 11:10:50,614 [myid:0] - INFO  [Thread-18:ZKDatabase@153] - zookeeper.commitLogCount=500
2021-11-08 11:10:50,614 [myid:0] - INFO  [Thread-18:QuorumPeer@2066] - Using insecure (non-TLS) quorum communication
2021-11-08 11:10:50,614 [myid:0] - INFO  [Thread-18:QuorumPeer@2072] - Port unification disabled
2021-11-08 11:10:50,614 [myid:0] - INFO  [Thread-18:QuorumPeer@179] - multiAddress.enabled set to false
2021-11-08 11:10:50,614 [myid:0] - INFO  [Thread-18:QuorumPeer@204] - multiAddress.reachabilityCheckEnabled set to true
2021-11-08 11:10:50,614 [myid:0] - INFO  [Thread-18:QuorumPeer@191] - multiAddress.reachabilityCheckTimeoutMs set to 1000
2021-11-08 11:10:50,614 [myid:0] - INFO  [Thread-18:QuorumPeer@2527] - QuorumPeer communication is not secured! (SASL auth disabled)
2021-11-08 11:10:50,614 [myid:0] - INFO  [Thread-18:QuorumPeer@2552] - quorum.cnxn.threads.size set to 20
2021-11-08 11:10:50,615 [myid:0] - INFO  [Thread-18:FileTxnSnapLog@479] - Snapshotting: 0x0 to D:\mysoft\faiscoGit\myStudy\ZooKeeperLearning\apache-zookeeper-3.7.0\zookeeper-server\target\surefire\test8469882706068733911.junit.dir\data\version-2\snapshot.0
2021-11-08 11:10:50,616 [myid:0] - INFO  [Thread-18:ZKDatabase@290] - Snapshot loaded in 1 ms, highest zxid is 0x0, digest is 1371985504
2021-11-08 11:10:50,616 [myid:0] - INFO  [Thread-18:QuorumPeer@1157] - currentEpoch not found! Creating with a reasonable default of 0. This should only happen when you are upgrading your installation
2021-11-08 11:10:50,617 [myid:] - INFO  [main:ZooKeeper@637] - Initiating client connection, connectString=127.0.0.1:11237 sessionTimeout=30000 watcher=org.apache.zookeeper.server.quorum.QuorumDigestTest@dbf57b3
2021-11-08 11:10:50,622 [myid:] - INFO  [main:ClientCnxnSocket@239] - jute.maxbuffer value is 1048575 Bytes
2021-11-08 11:10:50,622 [myid:] - INFO  [main:ClientCnxn@1726] - zookeeper.request.timeout value is 0. feature enabled=false
2021-11-08 11:10:50,683 [myid:127.0.0.1:11237] - INFO  [main-SendThread(127.0.0.1:11237):ClientCnxn$SendThread@1171] - Opening socket connection to server xmind.net/127.0.0.1:11237.
2021-11-08 11:10:50,683 [myid:127.0.0.1:11237] - INFO  [main-SendThread(127.0.0.1:11237):ClientCnxn$SendThread@1173] - SASL config status: Will not attempt to authenticate using SASL (unknown error)
2021-11-08 11:10:50,688 [myid:] - INFO  [Thread-19:QuorumPeerConfig@174] - Reading configuration from: D:\mysoft\faiscoGit\myStudy\ZooKeeperLearning\apache-zookeeper-3.7.0\zookeeper-server\target\surefire\test7680064820110191668.junit.dir\zoo.cfg
2021-11-08 11:10:50,688 [myid:] - INFO  [Thread-19:QuorumPeerConfig@444] - clientPortAddress is 0.0.0.0:11237
2021-11-08 11:10:50,688 [myid:] - INFO  [Thread-19:QuorumPeerConfig@448] - secureClientPort is not set
2021-11-08 11:10:50,688 [myid:] - INFO  [Thread-19:QuorumPeerConfig@464] - observerMasterPort is not set
2021-11-08 11:10:50,689 [myid:] - INFO  [Thread-19:QuorumPeerConfig@481] - metricsProvider.className is org.apache.zookeeper.metrics.impl.DefaultMetricsProvider
2021-11-08 11:10:50,690 [myid:1] - INFO  [Thread-19:DatadirCleanupManager@78] - autopurge.snapRetainCount set to 3
2021-11-08 11:10:50,690 [myid:1] - INFO  [Thread-19:DatadirCleanupManager@79] - autopurge.purgeInterval set to 0
2021-11-08 11:10:50,690 [myid:1] - INFO  [Thread-19:DatadirCleanupManager@101] - Purge task is not scheduled.
2021-11-08 11:10:50,690 [myid:1] - INFO  [Thread-19:ManagedUtil@44] - Log4j 1.2 jmx support found and enabled.
2021-11-08 11:10:50,690 [myid:1] - ERROR [Thread-19:ManagedUtil@109] - Problems while registering log4j 1.2 jmx beans!
javax.management.InstanceAlreadyExistsException: log4j:hierarchy=default
	at com.sun.jmx.mbeanserver.Repository.addMBean(Repository.java:437)
	at com.sun.jmx.interceptor.DefaultMBeanServerInterceptor.registerWithRepository(DefaultMBeanServerInterceptor.java:1898)
	at com.sun.jmx.interceptor.DefaultMBeanServerInterceptor.registerDynamicMBean(DefaultMBeanServerInterceptor.java:966)
	at com.sun.jmx.interceptor.DefaultMBeanServerInterceptor.registerObject(DefaultMBeanServerInterceptor.java:900)
	at com.sun.jmx.interceptor.DefaultMBeanServerInterceptor.registerMBean(DefaultMBeanServerInterceptor.java:324)
	at com.sun.jmx.mbeanserver.JmxMBeanServer.registerMBean(JmxMBeanServer.java:522)
	at org.apache.zookeeper.jmx.ManagedUtil.registerLog4jMBeans(ManagedUtil.java:72)
	at org.apache.zookeeper.server.quorum.QuorumPeerMain.runFromConfig(QuorumPeerMain.java:147)
	at org.apache.zookeeper.server.quorum.QuorumPeerMain.initializeAndRun(QuorumPeerMain.java:137)
	at org.apache.zookeeper.server.quorum.QuorumPeerTestBase$MainThread.run(QuorumPeerTestBase.java:329)
	at java.lang.Thread.run(Thread.java:745)
2021-11-08 11:10:50,691 [myid:1] - WARN  [Thread-19:QuorumPeerMain@149] - Unable to register log4j JMX control
javax.management.JMException: javax.management.InstanceAlreadyExistsException: log4j:hierarchy=default
	at org.apache.zookeeper.jmx.ManagedUtil.registerLog4jMBeans(ManagedUtil.java:110)
	at org.apache.zookeeper.server.quorum.QuorumPeerMain.runFromConfig(QuorumPeerMain.java:147)
	at org.apache.zookeeper.server.quorum.QuorumPeerMain.initializeAndRun(QuorumPeerMain.java:137)
	at org.apache.zookeeper.server.quorum.QuorumPeerTestBase$MainThread.run(QuorumPeerTestBase.java:329)
	at java.lang.Thread.run(Thread.java:745)
2021-11-08 11:10:50,691 [myid:1] - INFO  [Thread-19:QuorumPeerMain@152] - Starting quorum peer, myid=1
2021-11-08 11:10:50,691 [myid:1] - INFO  [Thread-19:ServerMetrics@62] - ServerMetrics initialized with provider org.apache.zookeeper.metrics.impl.DefaultMetricsProvider@47d1c76a
2021-11-08 11:10:50,692 [myid:1] - INFO  [Thread-19:DigestAuthenticationProvider@61] - zookeeper.DigestAuthenticationProvider.enabled = true
2021-11-08 11:10:50,692 [myid:1] - INFO  [Thread-19:ServerCnxnFactory@169] - Using org.apache.zookeeper.server.NIOServerCnxnFactory as server connection factory
2021-11-08 11:10:50,692 [myid:1] - WARN  [Thread-19:ServerCnxnFactory@309] - maxCnxns is not configured, using default value 0.
2021-11-08 11:10:50,692 [myid:1] - INFO  [Thread-19:NIOServerCnxnFactory@652] - Configuring NIO connection handler with 10s sessionless connection timeout, 1 selector thread(s), 12 worker threads, and 64 kB direct buffers.
2021-11-08 11:10:50,693 [myid:1] - INFO  [Thread-19:NIOServerCnxnFactory@660] - binding to port /127.0.0.1:11237
2021-11-08 11:10:50,693 [myid:127.0.0.1:11231] - INFO  [main-SendThread(127.0.0.1:11231):ClientCnxn$SendThread@1171] - Opening socket connection to server xmind.net/127.0.0.1:11231.
2021-11-08 11:10:50,693 [myid:127.0.0.1:11231] - INFO  [main-SendThread(127.0.0.1:11231):ClientCnxn$SendThread@1173] - SASL config status: Will not attempt to authenticate using SASL (unknown error)
2021-11-08 11:10:50,694 [myid:1] - INFO  [Thread-19:FileTxnSnapLog@124] - zookeeper.snapshot.trust.empty : false
2021-11-08 11:10:50,694 [myid:1] - INFO  [Thread-19:QuorumPeer@1742] - Local sessions disabled
2021-11-08 11:10:50,694 [myid:1] - INFO  [Thread-19:QuorumPeer@1753] - Local session upgrading disabled
2021-11-08 11:10:50,694 [myid:1] - INFO  [Thread-19:QuorumPeer@1720] - tickTime set to 4000
2021-11-08 11:10:50,694 [myid:1] - INFO  [Thread-19:QuorumPeer@1764] - minSessionTimeout set to 8000
2021-11-08 11:10:50,694 [myid:1] - INFO  [Thread-19:QuorumPeer@1775] - maxSessionTimeout set to 80000
2021-11-08 11:10:50,694 [myid:1] - INFO  [Thread-19:QuorumPeer@1800] - initLimit set to 10
2021-11-08 11:10:50,694 [myid:1] - INFO  [Thread-19:QuorumPeer@1987] - syncLimit set to 5
2021-11-08 11:10:50,694 [myid:1] - INFO  [Thread-19:QuorumPeer@2002] - connectToLearnerMasterLimit set to 5
2021-11-08 11:10:50,694 [myid:1] - INFO  [Thread-19:WatchManagerFactory@42] - Using org.apache.zookeeper.server.watch.WatchManager as watch manager
2021-11-08 11:10:50,694 [myid:1] - INFO  [Thread-19:WatchManagerFactory@42] - Using org.apache.zookeeper.server.watch.WatchManager as watch manager
2021-11-08 11:10:50,695 [myid:1] - INFO  [Thread-19:ZKDatabase@133] - zookeeper.snapshotSizeFactor = 0.33
2021-11-08 11:10:50,695 [myid:1] - INFO  [Thread-19:ZKDatabase@153] - zookeeper.commitLogCount=500
2021-11-08 11:10:50,695 [myid:1] - INFO  [Thread-19:QuorumPeer@2066] - Using insecure (non-TLS) quorum communication
2021-11-08 11:10:50,695 [myid:1] - INFO  [Thread-19:QuorumPeer@2072] - Port unification disabled
2021-11-08 11:10:50,695 [myid:1] - INFO  [Thread-19:QuorumPeer@179] - multiAddress.enabled set to false
2021-11-08 11:10:50,695 [myid:1] - INFO  [Thread-19:QuorumPeer@204] - multiAddress.reachabilityCheckEnabled set to true
2021-11-08 11:10:50,695 [myid:1] - INFO  [Thread-19:QuorumPeer@191] - multiAddress.reachabilityCheckTimeoutMs set to 1000
2021-11-08 11:10:50,695 [myid:1] - INFO  [Thread-19:QuorumPeer@2527] - QuorumPeer communication is not secured! (SASL auth disabled)
2021-11-08 11:10:50,695 [myid:1] - INFO  [Thread-19:QuorumPeer@2552] - quorum.cnxn.threads.size set to 20
2021-11-08 11:10:50,695 [myid:1] - INFO  [Thread-19:FileTxnSnapLog@479] - Snapshotting: 0x0 to D:\mysoft\faiscoGit\myStudy\ZooKeeperLearning\apache-zookeeper-3.7.0\zookeeper-server\target\surefire\test7680064820110191668.junit.dir\data\version-2\snapshot.0
2021-11-08 11:10:50,696 [myid:1] - INFO  [Thread-19:ZKDatabase@290] - Snapshot loaded in 1 ms, highest zxid is 0x0, digest is 1371985504
2021-11-08 11:10:50,696 [myid:1] - INFO  [Thread-19:QuorumPeer@1157] - currentEpoch not found! Creating with a reasonable default of 0. This should only happen when you are upgrading your installation
2021-11-08 11:10:50,705 [myid:127.0.0.1:11234] - INFO  [main-SendThread(127.0.0.1:11234):ClientCnxn$SendThread@1171] - Opening socket connection to server xmind.net/127.0.0.1:11234.
2021-11-08 11:10:50,705 [myid:127.0.0.1:11234] - INFO  [main-SendThread(127.0.0.1:11234):ClientCnxn$SendThread@1173] - SASL config status: Will not attempt to authenticate using SASL (unknown error)
2021-11-08 11:10:50,706 [myid:] - INFO  [main:QuorumPeerTestBase$MainThread@122] - id = 2 tmpDir = D:\mysoft\faiscoGit\myStudy\ZooKeeperLearning\apache-zookeeper-3.7.0\zookeeper-server\target\surefire\test8890931155568542853.junit.dir clientPort = 11240
2021-11-08 11:10:50,706 [myid:127.0.0.1:11234] - INFO  [main-SendThread(127.0.0.1:11234):ClientCnxn$SendThread@1005] - Socket connection established, initiating session, client: /127.0.0.1:3355, server: xmind.net/127.0.0.1:11234
2021-11-08 11:10:50,708 [myid:1] - INFO  [Thread-19:QuorumPeer@1177] - acceptedEpoch not found! Creating with a reasonable default of 0. This should only happen when you are upgrading your installation
2021-11-08 11:10:50,712 [myid:1] - INFO  [Thread-19:QuorumPeer@2569] - Using 20000ms as the quorum cnxn socket timeout
2021-11-08 11:10:50,712 [myid:1] - INFO  [Thread-19:QuorumCnxManager$Listener@924] - Election port bind maximum retries is 3
2021-11-08 11:10:50,758 [myid:0] - INFO  [Thread-18:QuorumPeer@1177] - acceptedEpoch not found! Creating with a reasonable default of 0. This should only happen when you are upgrading your installation
2021-11-08 11:10:50,798 [myid:] - INFO  [main:ZooKeeper@637] - Initiating client connection, connectString=127.0.0.1:11240 sessionTimeout=30000 watcher=org.apache.zookeeper.server.quorum.QuorumDigestTest@dbf57b3
2021-11-08 11:10:50,799 [myid:] - INFO  [main:ClientCnxnSocket@239] - jute.maxbuffer value is 1048575 Bytes
2021-11-08 11:10:50,800 [myid:] - INFO  [main:ClientCnxn@1726] - zookeeper.request.timeout value is 0. feature enabled=false
2021-11-08 11:10:50,908 [myid:] - INFO  [Thread-20:QuorumPeerConfig@174] - Reading configuration from: D:\mysoft\faiscoGit\myStudy\ZooKeeperLearning\apache-zookeeper-3.7.0\zookeeper-server\target\surefire\test8890931155568542853.junit.dir\zoo.cfg
2021-11-08 11:10:50,911 [myid:0] - INFO  [Thread-18:QuorumPeer@2569] - Using 20000ms as the quorum cnxn socket timeout
2021-11-08 11:10:50,911 [myid:0] - INFO  [Thread-18:QuorumCnxManager$Listener@924] - Election port bind maximum retries is 3
2021-11-08 11:10:50,911 [myid:1] - INFO  [QuorumPeer[myid=1](plain=127.0.0.1:11237)(secure=disabled):QuorumPeer@1430] - LOOKING
2021-11-08 11:10:50,911 [myid:1] - INFO  [QuorumPeer[myid=1](plain=127.0.0.1:11237)(secure=disabled):FastLeaderElection@947] - New election. My id = 1, proposed zxid=0x0
2021-11-08 11:10:50,911 [myid:] - INFO  [Thread-20:QuorumPeerConfig@444] - clientPortAddress is 0.0.0.0:11240
2021-11-08 11:10:50,911 [myid:] - INFO  [Thread-20:QuorumPeerConfig@448] - secureClientPort is not set
2021-11-08 11:10:50,912 [myid:] - INFO  [Thread-20:QuorumPeerConfig@464] - observerMasterPort is not set
2021-11-08 11:10:50,912 [myid:1] - INFO  [WorkerReceiver[myid=1]:FastLeaderElection$Messenger$WorkerReceiver@390] - Notification: my state:LOOKING; n.sid:1, n.state:LOOKING, n.leader:1, n.round:0x1, n.peerEpoch:0x0, n.zxid:0x0, message format version:0x2, n.config version:0x0
2021-11-08 11:10:50,912 [myid:] - INFO  [main:QuorumPeerTestBase$MainThread@122] - id = 3 tmpDir = D:\mysoft\faiscoGit\myStudy\ZooKeeperLearning\apache-zookeeper-3.7.0\zookeeper-server\target\surefire\test6828001844973468208.junit.dir clientPort = 11243
2021-11-08 11:10:50,912 [myid:] - INFO  [Thread-20:QuorumPeerConfig@481] - metricsProvider.className is org.apache.zookeeper.metrics.impl.DefaultMetricsProvider
2021-11-08 11:10:50,912 [myid:2] - INFO  [Thread-20:DatadirCleanupManager@78] - autopurge.snapRetainCount set to 3
2021-11-08 11:10:50,912 [myid:2] - INFO  [Thread-20:DatadirCleanupManager@79] - autopurge.purgeInterval set to 0
2021-11-08 11:10:50,913 [myid:2] - INFO  [Thread-20:DatadirCleanupManager@101] - Purge task is not scheduled.
2021-11-08 11:10:50,913 [myid:2] - INFO  [Thread-20:ManagedUtil@44] - Log4j 1.2 jmx support found and enabled.
2021-11-08 11:10:50,913 [myid:127.0.0.1:11240] - INFO  [main-SendThread(127.0.0.1:11240):ClientCnxn$SendThread@1171] - Opening socket connection to server xmind.net/127.0.0.1:11240.
2021-11-08 11:10:50,913 [myid:127.0.0.1:11240] - INFO  [main-SendThread(127.0.0.1:11240):ClientCnxn$SendThread@1173] - SASL config status: Will not attempt to authenticate using SASL (unknown error)
2021-11-08 11:10:50,913 [myid:2] - ERROR [Thread-20:ManagedUtil@109] - Problems while registering log4j 1.2 jmx beans!
javax.management.InstanceAlreadyExistsException: log4j:hierarchy=default
	at com.sun.jmx.mbeanserver.Repository.addMBean(Repository.java:437)
	at com.sun.jmx.interceptor.DefaultMBeanServerInterceptor.registerWithRepository(DefaultMBeanServerInterceptor.java:1898)
	at com.sun.jmx.interceptor.DefaultMBeanServerInterceptor.registerDynamicMBean(DefaultMBeanServerInterceptor.java:966)
	at com.sun.jmx.interceptor.DefaultMBeanServerInterceptor.registerObject(DefaultMBeanServerInterceptor.java:900)
	at com.sun.jmx.interceptor.DefaultMBeanServerInterceptor.registerMBean(DefaultMBeanServerInterceptor.java:324)
	at com.sun.jmx.mbeanserver.JmxMBeanServer.registerMBean(JmxMBeanServer.java:522)
	at org.apache.zookeeper.jmx.ManagedUtil.registerLog4jMBeans(ManagedUtil.java:72)
	at org.apache.zookeeper.server.quorum.QuorumPeerMain.runFromConfig(QuorumPeerMain.java:147)
	at org.apache.zookeeper.server.quorum.QuorumPeerMain.initializeAndRun(QuorumPeerMain.java:137)
	at org.apache.zookeeper.server.quorum.QuorumPeerTestBase$MainThread.run(QuorumPeerTestBase.java:329)
	at java.lang.Thread.run(Thread.java:745)
2021-11-08 11:10:50,913 [myid:2] - WARN  [Thread-20:QuorumPeerMain@149] - Unable to register log4j JMX control
javax.management.JMException: javax.management.InstanceAlreadyExistsException: log4j:hierarchy=default
	at org.apache.zookeeper.jmx.ManagedUtil.registerLog4jMBeans(ManagedUtil.java:110)
	at org.apache.zookeeper.server.quorum.QuorumPeerMain.runFromConfig(QuorumPeerMain.java:147)
	at org.apache.zookeeper.server.quorum.QuorumPeerMain.initializeAndRun(QuorumPeerMain.java:137)
	at org.apache.zookeeper.server.quorum.QuorumPeerTestBase$MainThread.run(QuorumPeerTestBase.java:329)
	at java.lang.Thread.run(Thread.java:745)
2021-11-08 11:10:50,913 [myid:2] - INFO  [Thread-20:QuorumPeerMain@152] - Starting quorum peer, myid=2
2021-11-08 11:10:50,913 [myid:2] - INFO  [Thread-20:ServerMetrics@62] - ServerMetrics initialized with provider org.apache.zookeeper.metrics.impl.DefaultMetricsProvider@e7ec891
2021-11-08 11:10:50,913 [myid:2] - INFO  [Thread-20:DigestAuthenticationProvider@61] - zookeeper.DigestAuthenticationProvider.enabled = true
2021-11-08 11:10:50,913 [myid:2] - INFO  [Thread-20:ServerCnxnFactory@169] - Using org.apache.zookeeper.server.NIOServerCnxnFactory as server connection factory
2021-11-08 11:10:50,914 [myid:2] - WARN  [Thread-20:ServerCnxnFactory@309] - maxCnxns is not configured, using default value 0.
2021-11-08 11:10:50,914 [myid:2] - INFO  [Thread-20:NIOServerCnxnFactory@652] - Configuring NIO connection handler with 10s sessionless connection timeout, 1 selector thread(s), 12 worker threads, and 64 kB direct buffers.
2021-11-08 11:10:50,984 [myid:1] - INFO  [ListenerHandler-/127.0.0.1:11239:QuorumCnxManager$Listener$ListenerHandler@1066] - 1 is accepting connections now, my election bind port: /127.0.0.1:11239
2021-11-08 11:10:50,985 [myid:0] - INFO  [QuorumPeer[myid=0](plain=127.0.0.1:11234)(secure=disabled):QuorumPeer@1430] - LOOKING
2021-11-08 11:10:50,985 [myid:0] - INFO  [QuorumPeer[myid=0](plain=127.0.0.1:11234)(secure=disabled):FastLeaderElection@947] - New election. My id = 0, proposed zxid=0x0
2021-11-08 11:10:50,985 [myid:2] - INFO  [Thread-20:NIOServerCnxnFactory@660] - binding to port /127.0.0.1:11240
2021-11-08 11:10:50,985 [myid:] - INFO  [main:ZooKeeper@637] - Initiating client connection, connectString=127.0.0.1:11243 sessionTimeout=30000 watcher=org.apache.zookeeper.server.quorum.QuorumDigestTest@dbf57b3
2021-11-08 11:10:50,986 [myid:] - INFO  [main:ClientCnxnSocket@239] - jute.maxbuffer value is 1048575 Bytes
2021-11-08 11:10:50,986 [myid:2] - INFO  [Thread-20:FileTxnSnapLog@124] - zookeeper.snapshot.trust.empty : false
2021-11-08 11:10:50,986 [myid:] - INFO  [main:ClientCnxn@1726] - zookeeper.request.timeout value is 0. feature enabled=false
2021-11-08 11:10:50,987 [myid:2] - INFO  [Thread-20:QuorumPeer@1742] - Local sessions disabled
2021-11-08 11:10:50,987 [myid:2] - INFO  [Thread-20:QuorumPeer@1753] - Local session upgrading disabled
2021-11-08 11:10:50,987 [myid:2] - INFO  [Thread-20:QuorumPeer@1720] - tickTime set to 4000
2021-11-08 11:10:50,987 [myid:2] - INFO  [Thread-20:QuorumPeer@1764] - minSessionTimeout set to 8000
2021-11-08 11:10:50,987 [myid:2] - INFO  [Thread-20:QuorumPeer@1775] - maxSessionTimeout set to 80000
2021-11-08 11:10:50,987 [myid:2] - INFO  [Thread-20:QuorumPeer@1800] - initLimit set to 10
2021-11-08 11:10:50,987 [myid:2] - INFO  [Thread-20:QuorumPeer@1987] - syncLimit set to 5
2021-11-08 11:10:50,987 [myid:2] - INFO  [Thread-20:QuorumPeer@2002] - connectToLearnerMasterLimit set to 5
2021-11-08 11:10:50,987 [myid:2] - INFO  [Thread-20:WatchManagerFactory@42] - Using org.apache.zookeeper.server.watch.WatchManager as watch manager
2021-11-08 11:10:50,987 [myid:2] - INFO  [Thread-20:WatchManagerFactory@42] - Using org.apache.zookeeper.server.watch.WatchManager as watch manager
2021-11-08 11:10:50,987 [myid:2] - INFO  [Thread-20:ZKDatabase@133] - zookeeper.snapshotSizeFactor = 0.33
2021-11-08 11:10:50,987 [myid:2] - INFO  [Thread-20:ZKDatabase@153] - zookeeper.commitLogCount=500
2021-11-08 11:10:50,987 [myid:2] - INFO  [Thread-20:QuorumPeer@2066] - Using insecure (non-TLS) quorum communication
2021-11-08 11:10:50,987 [myid:2] - INFO  [Thread-20:QuorumPeer@2072] - Port unification disabled
2021-11-08 11:10:50,987 [myid:2] - INFO  [Thread-20:QuorumPeer@179] - multiAddress.enabled set to false
2021-11-08 11:10:50,987 [myid:2] - INFO  [Thread-20:QuorumPeer@204] - multiAddress.reachabilityCheckEnabled set to true
2021-11-08 11:10:50,987 [myid:2] - INFO  [Thread-20:QuorumPeer@191] - multiAddress.reachabilityCheckTimeoutMs set to 1000
2021-11-08 11:10:50,987 [myid:2] - INFO  [Thread-20:QuorumPeer@2527] - QuorumPeer communication is not secured! (SASL auth disabled)
2021-11-08 11:10:50,987 [myid:2] - INFO  [Thread-20:QuorumPeer@2552] - quorum.cnxn.threads.size set to 20
2021-11-08 11:10:50,988 [myid:2] - INFO  [Thread-20:FileTxnSnapLog@479] - Snapshotting: 0x0 to D:\mysoft\faiscoGit\myStudy\ZooKeeperLearning\apache-zookeeper-3.7.0\zookeeper-server\target\surefire\test8890931155568542853.junit.dir\data\version-2\snapshot.0
2021-11-08 11:10:50,988 [myid:0] - INFO  [WorkerReceiver[myid=0]:FastLeaderElection$Messenger$WorkerReceiver@390] - Notification: my state:LOOKING; n.sid:0, n.state:LOOKING, n.leader:0, n.round:0x1, n.peerEpoch:0x0, n.zxid:0x0, message format version:0x2, n.config version:0x0
2021-11-08 11:10:50,988 [myid:2] - INFO  [Thread-20:ZKDatabase@290] - Snapshot loaded in 1 ms, highest zxid is 0x0, digest is 1371985504
2021-11-08 11:10:50,989 [myid:2] - INFO  [Thread-20:QuorumPeer@1157] - currentEpoch not found! Creating with a reasonable default of 0. This should only happen when you are upgrading your installation
2021-11-08 11:10:50,992 [myid:] - INFO  [Thread-21:QuorumPeerConfig@174] - Reading configuration from: D:\mysoft\faiscoGit\myStudy\ZooKeeperLearning\apache-zookeeper-3.7.0\zookeeper-server\target\surefire\test6828001844973468208.junit.dir\zoo.cfg
2021-11-08 11:10:50,993 [myid:] - INFO  [Thread-21:QuorumPeerConfig@444] - clientPortAddress is 0.0.0.0:11243
2021-11-08 11:10:50,993 [myid:] - INFO  [Thread-21:QuorumPeerConfig@448] - secureClientPort is not set
2021-11-08 11:10:50,993 [myid:] - INFO  [Thread-21:QuorumPeerConfig@464] - observerMasterPort is not set
2021-11-08 11:10:50,993 [myid:] - INFO  [Thread-21:QuorumPeerConfig@481] - metricsProvider.className is org.apache.zookeeper.metrics.impl.DefaultMetricsProvider
2021-11-08 11:10:50,993 [myid:3] - WARN  [Thread-21:QuorumPeerConfig@778] - Peer type from servers list (OBSERVER) doesn't match peerType (PARTICIPANT). Defaulting to servers list.
2021-11-08 11:10:50,993 [myid:3] - INFO  [Thread-21:DatadirCleanupManager@78] - autopurge.snapRetainCount set to 3
2021-11-08 11:10:50,993 [myid:3] - INFO  [Thread-21:DatadirCleanupManager@79] - autopurge.purgeInterval set to 0
2021-11-08 11:10:50,993 [myid:3] - INFO  [Thread-21:DatadirCleanupManager@101] - Purge task is not scheduled.
2021-11-08 11:10:50,993 [myid:3] - INFO  [Thread-21:ManagedUtil@44] - Log4j 1.2 jmx support found and enabled.
2021-11-08 11:10:50,993 [myid:3] - ERROR [Thread-21:ManagedUtil@109] - Problems while registering log4j 1.2 jmx beans!
javax.management.InstanceAlreadyExistsException: log4j:hierarchy=default
	at com.sun.jmx.mbeanserver.Repository.addMBean(Repository.java:437)
	at com.sun.jmx.interceptor.DefaultMBeanServerInterceptor.registerWithRepository(DefaultMBeanServerInterceptor.java:1898)
	at com.sun.jmx.interceptor.DefaultMBeanServerInterceptor.registerDynamicMBean(DefaultMBeanServerInterceptor.java:966)
	at com.sun.jmx.interceptor.DefaultMBeanServerInterceptor.registerObject(DefaultMBeanServerInterceptor.java:900)
	at com.sun.jmx.interceptor.DefaultMBeanServerInterceptor.registerMBean(DefaultMBeanServerInterceptor.java:324)
	at com.sun.jmx.mbeanserver.JmxMBeanServer.registerMBean(JmxMBeanServer.java:522)
	at org.apache.zookeeper.jmx.ManagedUtil.registerLog4jMBeans(ManagedUtil.java:72)
	at org.apache.zookeeper.server.quorum.QuorumPeerMain.runFromConfig(QuorumPeerMain.java:147)
	at org.apache.zookeeper.server.quorum.QuorumPeerMain.initializeAndRun(QuorumPeerMain.java:137)
	at org.apache.zookeeper.server.quorum.QuorumPeerTestBase$MainThread.run(QuorumPeerTestBase.java:329)
	at java.lang.Thread.run(Thread.java:745)
2021-11-08 11:10:50,994 [myid:3] - WARN  [Thread-21:QuorumPeerMain@149] - Unable to register log4j JMX control
javax.management.JMException: javax.management.InstanceAlreadyExistsException: log4j:hierarchy=default
	at org.apache.zookeeper.jmx.ManagedUtil.registerLog4jMBeans(ManagedUtil.java:110)
	at org.apache.zookeeper.server.quorum.QuorumPeerMain.runFromConfig(QuorumPeerMain.java:147)
	at org.apache.zookeeper.server.quorum.QuorumPeerMain.initializeAndRun(QuorumPeerMain.java:137)
	at org.apache.zookeeper.server.quorum.QuorumPeerTestBase$MainThread.run(QuorumPeerTestBase.java:329)
	at java.lang.Thread.run(Thread.java:745)
2021-11-08 11:10:50,994 [myid:3] - INFO  [Thread-21:QuorumPeerMain@152] - Starting quorum peer, myid=3
2021-11-08 11:10:50,994 [myid:3] - INFO  [Thread-21:ServerMetrics@62] - ServerMetrics initialized with provider org.apache.zookeeper.metrics.impl.DefaultMetricsProvider@5efea706
2021-11-08 11:10:50,994 [myid:3] - INFO  [Thread-21:DigestAuthenticationProvider@61] - zookeeper.DigestAuthenticationProvider.enabled = true
2021-11-08 11:10:50,994 [myid:3] - INFO  [Thread-21:ServerCnxnFactory@169] - Using org.apache.zookeeper.server.NIOServerCnxnFactory as server connection factory
2021-11-08 11:10:50,994 [myid:3] - WARN  [Thread-21:ServerCnxnFactory@309] - maxCnxns is not configured, using default value 0.
2021-11-08 11:10:50,994 [myid:3] - INFO  [Thread-21:NIOServerCnxnFactory@652] - Configuring NIO connection handler with 10s sessionless connection timeout, 1 selector thread(s), 12 worker threads, and 64 kB direct buffers.
2021-11-08 11:10:50,995 [myid:3] - INFO  [Thread-21:NIOServerCnxnFactory@660] - binding to port /127.0.0.1:11243
2021-11-08 11:10:50,996 [myid:2] - INFO  [Thread-20:QuorumPeer@1177] - acceptedEpoch not found! Creating with a reasonable default of 0. This should only happen when you are upgrading your installation
2021-11-08 11:10:50,997 [myid:3] - INFO  [Thread-21:FileTxnSnapLog@124] - zookeeper.snapshot.trust.empty : false
2021-11-08 11:10:51,002 [myid:2] - INFO  [Thread-20:QuorumPeer@2569] - Using 20000ms as the quorum cnxn socket timeout
2021-11-08 11:10:51,002 [myid:2] - INFO  [Thread-20:QuorumCnxManager$Listener@924] - Election port bind maximum retries is 3
2021-11-08 11:10:51,006 [myid:1] - INFO  [ListenerHandler-/127.0.0.1:11239:QuorumCnxManager$Listener$ListenerHandler@1071] - Received connection request from /127.0.0.1:3533
2021-11-08 11:10:51,006 [myid:0] - INFO  [QuorumConnectionThread-[myid=0]-1:QuorumCnxManager@514] - Have smaller server identifier, so dropping the connection: (myId:0 --> sid:1)
2021-11-08 11:10:51,068 [myid:2] - INFO  [QuorumPeer[myid=2](plain=127.0.0.1:11240)(secure=disabled):QuorumPeer@1430] - LOOKING
2021-11-08 11:10:51,068 [myid:2] - INFO  [QuorumPeer[myid=2](plain=127.0.0.1:11240)(secure=disabled):FastLeaderElection@947] - New election. My id = 2, proposed zxid=0x0
2021-11-08 11:10:51,075 [myid:2] - INFO  [WorkerReceiver[myid=2]:FastLeaderElection$Messenger$WorkerReceiver@390] - Notification: my state:LOOKING; n.sid:2, n.state:LOOKING, n.leader:2, n.round:0x1, n.peerEpoch:0x0, n.zxid:0x0, message format version:0x2, n.config version:0x0
2021-11-08 11:10:51,075 [myid:1] - INFO  [ListenerHandler-/127.0.0.1:11239:QuorumCnxManager$Listener$ListenerHandler@1071] - Received connection request from /127.0.0.1:3535
2021-11-08 11:10:51,206 [myid:0] - WARN  [NIOWorkerThread-1:NIOServerCnxn@380] - Close of session 0x0
java.io.IOException: ZooKeeperServer not running
	at org.apache.zookeeper.server.NIOServerCnxn.readLength(NIOServerCnxn.java:554)
	at org.apache.zookeeper.server.NIOServerCnxn.doIO(NIOServerCnxn.java:339)
	at org.apache.zookeeper.server.NIOServerCnxnFactory$IOWorkRequest.doWork(NIOServerCnxnFactory.java:508)
	at org.apache.zookeeper.server.WorkerService$ScheduledWorkRequest.run(WorkerService.java:154)
	at java.util.concurrent.ThreadPoolExecutor.runWorker(ThreadPoolExecutor.java:1142)
	at java.util.concurrent.ThreadPoolExecutor$Worker.run(ThreadPoolExecutor.java:617)
	at java.lang.Thread.run(Thread.java:745)
2021-11-08 11:10:51,207 [myid:127.0.0.1:11234] - WARN  [main-SendThread(127.0.0.1:11234):ClientCnxn$SendThread@1290] - Session 0x0 for sever xmind.net/127.0.0.1:11234, Closing socket connection. Attempting reconnect except it is a SessionExpiredException.
EndOfStreamException: Unable to read additional data from server sessionid 0x0, likely server has closed socket
	at org.apache.zookeeper.ClientCnxnSocketNIO.doIO(ClientCnxnSocketNIO.java:77)
	at org.apache.zookeeper.ClientCnxnSocketNIO.doTransport(ClientCnxnSocketNIO.java:350)
	at org.apache.zookeeper.ClientCnxn$SendThread.run(ClientCnxn.java:1280)
2021-11-08 11:10:51,207 [myid:0] - INFO  [ListenerHandler-/127.0.0.1:11236:QuorumCnxManager$Listener$ListenerHandler@1066] - 0 is accepting connections now, my election bind port: /127.0.0.1:11236
2021-11-08 11:10:51,224 [myid:3] - INFO  [Thread-21:QuorumPeer@1742] - Local sessions disabled
2021-11-08 11:10:51,282 [myid:3] - INFO  [Thread-21:QuorumPeer@1753] - Local session upgrading disabled
2021-11-08 11:10:51,282 [myid:3] - INFO  [Thread-21:QuorumPeer@1720] - tickTime set to 4000
2021-11-08 11:10:51,282 [myid:3] - INFO  [Thread-21:QuorumPeer@1764] - minSessionTimeout set to 8000
2021-11-08 11:10:51,282 [myid:3] - INFO  [Thread-21:QuorumPeer@1775] - maxSessionTimeout set to 80000
2021-11-08 11:10:51,282 [myid:3] - INFO  [Thread-21:QuorumPeer@1800] - initLimit set to 10
2021-11-08 11:10:51,282 [myid:3] - INFO  [Thread-21:QuorumPeer@1987] - syncLimit set to 5
2021-11-08 11:10:51,282 [myid:3] - INFO  [Thread-21:QuorumPeer@2002] - connectToLearnerMasterLimit set to 5
2021-11-08 11:10:51,224 [myid:127.0.0.1:11222] - INFO  [main-SendThread(127.0.0.1:11222):ClientCnxn$SendThread@1171] - Opening socket connection to server xmind.net/127.0.0.1:11222.
2021-11-08 11:10:51,282 [myid:127.0.0.1:11222] - INFO  [main-SendThread(127.0.0.1:11222):ClientCnxn$SendThread@1173] - SASL config status: Will not attempt to authenticate using SASL (unknown error)
2021-11-08 11:10:51,224 [myid:2] - INFO  [ListenerHandler-/127.0.0.1:11242:QuorumCnxManager$Listener$ListenerHandler@1066] - 2 is accepting connections now, my election bind port: /127.0.0.1:11242
2021-11-08 11:10:51,224 [myid:127.0.0.1:11237] - INFO  [main-SendThread(127.0.0.1:11237):ClientCnxn$SendThread@1005] - Socket connection established, initiating session, client: /127.0.0.1:3286, server: xmind.net/127.0.0.1:11237
2021-11-08 11:10:51,282 [myid:0] - INFO  [QuorumPeer[myid=0](plain=127.0.0.1:11234)(secure=disabled):FastLeaderElection@984] - Notification time out: 400
2021-11-08 11:10:51,291 [myid:1] - INFO  [ListenerHandler-/127.0.0.1:11239:QuorumCnxManager$Listener$ListenerHandler@1071] - Received connection request from /127.0.0.1:3538
2021-11-08 11:10:51,291 [myid:0] - INFO  [QuorumConnectionThread-[myid=0]-3:QuorumCnxManager@514] - Have smaller server identifier, so dropping the connection: (myId:0 --> sid:1)
2021-11-08 11:10:51,291 [myid:1] - INFO  [WorkerReceiver[myid=1]:FastLeaderElection$Messenger$WorkerReceiver@390] - Notification: my state:LOOKING; n.sid:2, n.state:LOOKING, n.leader:2, n.round:0x1, n.peerEpoch:0x0, n.zxid:0x0, message format version:0x2, n.config version:0x0
2021-11-08 11:10:51,282 [myid:3] - INFO  [Thread-21:WatchManagerFactory@42] - Using org.apache.zookeeper.server.watch.WatchManager as watch manager
2021-11-08 11:10:51,291 [myid:3] - INFO  [Thread-21:WatchManagerFactory@42] - Using org.apache.zookeeper.server.watch.WatchManager as watch manager
2021-11-08 11:10:51,291 [myid:3] - INFO  [Thread-21:ZKDatabase@133] - zookeeper.snapshotSizeFactor = 0.33
2021-11-08 11:10:51,291 [myid:3] - INFO  [Thread-21:ZKDatabase@153] - zookeeper.commitLogCount=500
2021-11-08 11:10:51,292 [myid:3] - INFO  [Thread-21:QuorumPeer@2066] - Using insecure (non-TLS) quorum communication
2021-11-08 11:10:51,292 [myid:3] - INFO  [Thread-21:QuorumPeer@2072] - Port unification disabled
2021-11-08 11:10:51,292 [myid:3] - INFO  [Thread-21:QuorumPeer@179] - multiAddress.enabled set to false
2021-11-08 11:10:51,292 [myid:3] - INFO  [Thread-21:QuorumPeer@204] - multiAddress.reachabilityCheckEnabled set to true
2021-11-08 11:10:51,292 [myid:3] - INFO  [Thread-21:QuorumPeer@191] - multiAddress.reachabilityCheckTimeoutMs set to 1000
2021-11-08 11:10:51,292 [myid:3] - INFO  [Thread-21:QuorumPeer@2527] - QuorumPeer communication is not secured! (SASL auth disabled)
2021-11-08 11:10:51,292 [myid:3] - INFO  [Thread-21:QuorumPeer@2552] - quorum.cnxn.threads.size set to 20
2021-11-08 11:10:51,292 [myid:3] - INFO  [Thread-21:FileTxnSnapLog@479] - Snapshotting: 0x0 to D:\mysoft\faiscoGit\myStudy\ZooKeeperLearning\apache-zookeeper-3.7.0\zookeeper-server\target\surefire\test6828001844973468208.junit.dir\data\version-2\snapshot.0
2021-11-08 11:10:51,282 [myid:1] - INFO  [QuorumPeer[myid=1](plain=127.0.0.1:11237)(secure=disabled):FastLeaderElection@984] - Notification time out: 400
2021-11-08 11:10:51,293 [myid:2] - INFO  [WorkerReceiver[myid=2]:FastLeaderElection$Messenger$WorkerReceiver@390] - Notification: my state:LOOKING; n.sid:1, n.state:LOOKING, n.leader:1, n.round:0x1, n.peerEpoch:0x0, n.zxid:0x0, message format version:0x2, n.config version:0x0
2021-11-08 11:10:51,293 [myid:127.0.0.1:11243] - INFO  [main-SendThread(127.0.0.1:11243):ClientCnxn$SendThread@1171] - Opening socket connection to server xmind.net/127.0.0.1:11243.
2021-11-08 11:10:51,293 [myid:127.0.0.1:11243] - INFO  [main-SendThread(127.0.0.1:11243):ClientCnxn$SendThread@1173] - SASL config status: Will not attempt to authenticate using SASL (unknown error)
2021-11-08 11:10:51,293 [myid:1] - INFO  [WorkerReceiver[myid=1]:FastLeaderElection$Messenger$WorkerReceiver@390] - Notification: my state:LOOKING; n.sid:1, n.state:LOOKING, n.leader:2, n.round:0x1, n.peerEpoch:0x0, n.zxid:0x0, message format version:0x2, n.config version:0x0
2021-11-08 11:10:51,294 [myid:127.0.0.1:11243] - INFO  [main-SendThread(127.0.0.1:11243):ClientCnxn$SendThread@1005] - Socket connection established, initiating session, client: /127.0.0.1:3539, server: xmind.net/127.0.0.1:11243
2021-11-08 11:10:51,294 [myid:2] - INFO  [WorkerReceiver[myid=2]:FastLeaderElection$Messenger$WorkerReceiver@390] - Notification: my state:LOOKING; n.sid:1, n.state:LOOKING, n.leader:2, n.round:0x1, n.peerEpoch:0x0, n.zxid:0x0, message format version:0x2, n.config version:0x0
2021-11-08 11:10:51,294 [myid:3] - INFO  [Thread-21:ZKDatabase@290] - Snapshot loaded in 2 ms, highest zxid is 0x0, digest is 1371985504
2021-11-08 11:10:51,295 [myid:3] - INFO  [Thread-21:QuorumPeer@1157] - currentEpoch not found! Creating with a reasonable default of 0. This should only happen when you are upgrading your installation
2021-11-08 11:10:51,295 [myid:1] - WARN  [NIOWorkerThread-1:NIOServerCnxn@380] - Close of session 0x0
java.io.IOException: ZooKeeperServer not running
	at org.apache.zookeeper.server.NIOServerCnxn.readLength(NIOServerCnxn.java:554)
	at org.apache.zookeeper.server.NIOServerCnxn.doIO(NIOServerCnxn.java:339)
	at org.apache.zookeeper.server.NIOServerCnxnFactory$IOWorkRequest.doWork(NIOServerCnxnFactory.java:508)
	at org.apache.zookeeper.server.WorkerService$ScheduledWorkRequest.run(WorkerService.java:154)
	at java.util.concurrent.ThreadPoolExecutor.runWorker(ThreadPoolExecutor.java:1142)
	at java.util.concurrent.ThreadPoolExecutor$Worker.run(ThreadPoolExecutor.java:617)
	at java.lang.Thread.run(Thread.java:745)
2021-11-08 11:10:51,296 [myid:127.0.0.1:11237] - WARN  [main-SendThread(127.0.0.1:11237):ClientCnxn$SendThread@1290] - Session 0x0 for sever xmind.net/127.0.0.1:11237, Closing socket connection. Attempting reconnect except it is a SessionExpiredException.
EndOfStreamException: Unable to read additional data from server sessionid 0x0, likely server has closed socket
	at org.apache.zookeeper.ClientCnxnSocketNIO.doIO(ClientCnxnSocketNIO.java:77)
	at org.apache.zookeeper.ClientCnxnSocketNIO.doTransport(ClientCnxnSocketNIO.java:350)
	at org.apache.zookeeper.ClientCnxn$SendThread.run(ClientCnxn.java:1280)
2021-11-08 11:10:51,314 [myid:3] - INFO  [Thread-21:QuorumPeer@1177] - acceptedEpoch not found! Creating with a reasonable default of 0. This should only happen when you are upgrading your installation
2021-11-08 11:10:51,319 [myid:3] - INFO  [Thread-21:QuorumPeer@2569] - Using 20000ms as the quorum cnxn socket timeout
2021-11-08 11:10:51,319 [myid:3] - INFO  [Thread-21:QuorumCnxManager$Listener@924] - Election port bind maximum retries is 3
2021-11-08 11:10:51,367 [myid:3] - INFO  [ListenerHandler-/127.0.0.1:11245:QuorumCnxManager$Listener$ListenerHandler@1066] - 3 is accepting connections now, my election bind port: /127.0.0.1:11245
2021-11-08 11:10:51,368 [myid:3] - INFO  [QuorumPeer[myid=3](plain=127.0.0.1:11243)(secure=disabled):QuorumPeer@1430] - LOOKING
2021-11-08 11:10:51,368 [myid:3] - INFO  [QuorumPeer[myid=3](plain=127.0.0.1:11243)(secure=disabled):FastLeaderElection@947] - New election. My id = 3, proposed zxid=0x8000000000000000
2021-11-08 11:10:51,370 [myid:0] - INFO  [ListenerHandler-/127.0.0.1:11236:QuorumCnxManager$Listener$ListenerHandler@1071] - Received connection request from /127.0.0.1:3542
2021-11-08 11:10:51,467 [myid:3] - WARN  [NIOWorkerThread-1:NIOServerCnxn@380] - Close of session 0x0
java.io.IOException: ZooKeeperServer not running
	at org.apache.zookeeper.server.NIOServerCnxn.readLength(NIOServerCnxn.java:554)
	at org.apache.zookeeper.server.NIOServerCnxn.doIO(NIOServerCnxn.java:339)
	at org.apache.zookeeper.server.NIOServerCnxnFactory$IOWorkRequest.doWork(NIOServerCnxnFactory.java:508)
	at org.apache.zookeeper.server.WorkerService$ScheduledWorkRequest.run(WorkerService.java:154)
	at java.util.concurrent.ThreadPoolExecutor.runWorker(ThreadPoolExecutor.java:1142)
	at java.util.concurrent.ThreadPoolExecutor$Worker.run(ThreadPoolExecutor.java:617)
	at java.lang.Thread.run(Thread.java:745)
2021-11-08 11:10:51,467 [myid:3] - WARN  [LeaderConnector-/127.0.0.1:11229:Learner$LeaderConnector@445] - Unexpected exception, tries=1, remaining init limit=15716, connecting to /127.0.0.1:11229
java.net.ConnectException: Connection refused: connect
	at java.net.DualStackPlainSocketImpl.waitForConnect(Native Method)
	at java.net.DualStackPlainSocketImpl.socketConnect(DualStackPlainSocketImpl.java:85)
	at java.net.AbstractPlainSocketImpl.doConnect(AbstractPlainSocketImpl.java:345)
	at java.net.AbstractPlainSocketImpl.connectToAddress(AbstractPlainSocketImpl.java:206)
	at java.net.AbstractPlainSocketImpl.connect(AbstractPlainSocketImpl.java:188)
	at java.net.PlainSocketImpl.connect(PlainSocketImpl.java:172)
	at java.net.SocksSocketImpl.connect(SocksSocketImpl.java:392)
	at java.net.Socket.connect(Socket.java:589)
	at org.apache.zookeeper.server.quorum.Learner.sockConnect(Learner.java:302)
	at org.apache.zookeeper.server.quorum.Learner$LeaderConnector.connectToLeader(Learner.java:419)
	at org.apache.zookeeper.server.quorum.Learner$LeaderConnector.run(Learner.java:377)
	at java.util.concurrent.Executors$RunnableAdapter.call(Executors.java:511)
	at java.util.concurrent.FutureTask.run(FutureTask.java:266)
	at java.util.concurrent.ThreadPoolExecutor.runWorker(ThreadPoolExecutor.java:1142)
	at java.util.concurrent.ThreadPoolExecutor$Worker.run(ThreadPoolExecutor.java:617)
	at java.lang.Thread.run(Thread.java:745)
2021-11-08 11:10:51,468 [myid:1] - INFO  [ListenerHandler-/127.0.0.1:11239:QuorumCnxManager$Listener$ListenerHandler@1071] - Received connection request from /127.0.0.1:3544
2021-11-08 11:10:51,468 [myid:2] - INFO  [ListenerHandler-/127.0.0.1:11242:QuorumCnxManager$Listener$ListenerHandler@1071] - Received connection request from /127.0.0.1:3543
2021-11-08 11:10:51,579 [myid:127.0.0.1:11243] - WARN  [main-SendThread(127.0.0.1:11243):ClientCnxn$SendThread@1290] - Session 0x0 for sever xmind.net/127.0.0.1:11243, Closing socket connection. Attempting reconnect except it is a SessionExpiredException.
EndOfStreamException: Unable to read additional data from server sessionid 0x0, likely server has closed socket
	at org.apache.zookeeper.ClientCnxnSocketNIO.doIO(ClientCnxnSocketNIO.java:77)
	at org.apache.zookeeper.ClientCnxnSocketNIO.doTransport(ClientCnxnSocketNIO.java:350)
	at org.apache.zookeeper.ClientCnxn$SendThread.run(ClientCnxn.java:1280)
2021-11-08 11:10:51,580 [myid:2] - INFO  [QuorumPeer[myid=2](plain=127.0.0.1:11240)(secure=disabled):QuorumPeer@901] - Peer state changed: leading
2021-11-08 11:10:51,580 [myid:2] - INFO  [QuorumPeer[myid=2](plain=127.0.0.1:11240)(secure=disabled):QuorumPeer@1527] - LEADING
2021-11-08 11:10:51,580 [myid:2] - INFO  [QuorumPeer[myid=2](plain=127.0.0.1:11240)(secure=disabled):ZooKeeperServer@1300] - minSessionTimeout set to 8000
2021-11-08 11:10:51,580 [myid:2] - INFO  [QuorumPeer[myid=2](plain=127.0.0.1:11240)(secure=disabled):ZooKeeperServer@1309] - maxSessionTimeout set to 80000
2021-11-08 11:10:51,580 [myid:2] - INFO  [QuorumPeer[myid=2](plain=127.0.0.1:11240)(secure=disabled):ResponseCache@45] - getData response cache size is initialized with value 400.
2021-11-08 11:10:51,580 [myid:2] - INFO  [QuorumPeer[myid=2](plain=127.0.0.1:11240)(secure=disabled):ResponseCache@45] - getChildren response cache size is initialized with value 400.
2021-11-08 11:10:51,580 [myid:2] - INFO  [QuorumPeer[myid=2](plain=127.0.0.1:11240)(secure=disabled):RequestPathMetricsCollector@109] - zookeeper.pathStats.slotCapacity = 60
2021-11-08 11:10:51,580 [myid:2] - INFO  [QuorumPeer[myid=2](plain=127.0.0.1:11240)(secure=disabled):RequestPathMetricsCollector@110] - zookeeper.pathStats.slotDuration = 15
2021-11-08 11:10:51,580 [myid:2] - INFO  [QuorumPeer[myid=2](plain=127.0.0.1:11240)(secure=disabled):RequestPathMetricsCollector@111] - zookeeper.pathStats.maxDepth = 6
2021-11-08 11:10:51,580 [myid:2] - INFO  [QuorumPeer[myid=2](plain=127.0.0.1:11240)(secure=disabled):RequestPathMetricsCollector@112] - zookeeper.pathStats.initialDelay = 5
2021-11-08 11:10:51,581 [myid:2] - INFO  [QuorumPeer[myid=2](plain=127.0.0.1:11240)(secure=disabled):RequestPathMetricsCollector@113] - zookeeper.pathStats.delay = 5
2021-11-08 11:10:51,581 [myid:2] - INFO  [QuorumPeer[myid=2](plain=127.0.0.1:11240)(secure=disabled):RequestPathMetricsCollector@114] - zookeeper.pathStats.enabled = false
2021-11-08 11:10:51,581 [myid:2] - INFO  [QuorumPeer[myid=2](plain=127.0.0.1:11240)(secure=disabled):ZooKeeperServer@1536] - The max bytes for all large requests are set to 104857600
2021-11-08 11:10:51,581 [myid:2] - INFO  [QuorumPeer[myid=2](plain=127.0.0.1:11240)(secure=disabled):ZooKeeperServer@1550] - The large request threshold is set to -1
2021-11-08 11:10:51,581 [myid:2] - INFO  [QuorumPeer[myid=2](plain=127.0.0.1:11240)(secure=disabled):AuthenticationHelper@66] - zookeeper.enforce.auth.enabled = false
2021-11-08 11:10:51,581 [myid:2] - INFO  [QuorumPeer[myid=2](plain=127.0.0.1:11240)(secure=disabled):AuthenticationHelper@67] - zookeeper.enforce.auth.schemes = []
2021-11-08 11:10:51,581 [myid:127.0.0.1:11240] - INFO  [main-SendThread(127.0.0.1:11240):ClientCnxn$SendThread@1005] - Socket connection established, initiating session, client: /127.0.0.1:3433, server: xmind.net/127.0.0.1:11240
2021-11-08 11:10:51,581 [myid:1] - INFO  [QuorumPeer[myid=1](plain=127.0.0.1:11237)(secure=disabled):QuorumPeer@901] - Peer state changed: following
2021-11-08 11:10:51,581 [myid:1] - INFO  [QuorumPeer[myid=1](plain=127.0.0.1:11237)(secure=disabled):QuorumPeer@1512] - FOLLOWING
2021-11-08 11:10:51,581 [myid:1] - INFO  [QuorumPeer[myid=1](plain=127.0.0.1:11237)(secure=disabled):ZooKeeperServer@1300] - minSessionTimeout set to 8000
2021-11-08 11:10:51,581 [myid:1] - INFO  [QuorumPeer[myid=1](plain=127.0.0.1:11237)(secure=disabled):ZooKeeperServer@1309] - maxSessionTimeout set to 80000
2021-11-08 11:10:51,581 [myid:1] - INFO  [QuorumPeer[myid=1](plain=127.0.0.1:11237)(secure=disabled):ResponseCache@45] - getData response cache size is initialized with value 400.
2021-11-08 11:10:51,581 [myid:1] - INFO  [QuorumPeer[myid=1](plain=127.0.0.1:11237)(secure=disabled):ResponseCache@45] - getChildren response cache size is initialized with value 400.
2021-11-08 11:10:51,581 [myid:1] - INFO  [QuorumPeer[myid=1](plain=127.0.0.1:11237)(secure=disabled):RequestPathMetricsCollector@109] - zookeeper.pathStats.slotCapacity = 60
2021-11-08 11:10:51,581 [myid:1] - INFO  [QuorumPeer[myid=1](plain=127.0.0.1:11237)(secure=disabled):RequestPathMetricsCollector@110] - zookeeper.pathStats.slotDuration = 15
2021-11-08 11:10:51,581 [myid:1] - INFO  [QuorumPeer[myid=1](plain=127.0.0.1:11237)(secure=disabled):RequestPathMetricsCollector@111] - zookeeper.pathStats.maxDepth = 6
2021-11-08 11:10:51,581 [myid:1] - INFO  [QuorumPeer[myid=1](plain=127.0.0.1:11237)(secure=disabled):RequestPathMetricsCollector@112] - zookeeper.pathStats.initialDelay = 5
2021-11-08 11:10:51,581 [myid:1] - INFO  [QuorumPeer[myid=1](plain=127.0.0.1:11237)(secure=disabled):RequestPathMetricsCollector@113] - zookeeper.pathStats.delay = 5
2021-11-08 11:10:51,581 [myid:1] - INFO  [QuorumPeer[myid=1](plain=127.0.0.1:11237)(secure=disabled):RequestPathMetricsCollector@114] - zookeeper.pathStats.enabled = false
2021-11-08 11:10:51,581 [myid:1] - INFO  [QuorumPeer[myid=1](plain=127.0.0.1:11237)(secure=disabled):ZooKeeperServer@1536] - The max bytes for all large requests are set to 104857600
2021-11-08 11:10:51,581 [myid:1] - INFO  [QuorumPeer[myid=1](plain=127.0.0.1:11237)(secure=disabled):ZooKeeperServer@1550] - The large request threshold is set to -1
2021-11-08 11:10:51,581 [myid:1] - INFO  [QuorumPeer[myid=1](plain=127.0.0.1:11237)(secure=disabled):AuthenticationHelper@66] - zookeeper.enforce.auth.enabled = false
2021-11-08 11:10:51,582 [myid:1] - INFO  [QuorumPeer[myid=1](plain=127.0.0.1:11237)(secure=disabled):AuthenticationHelper@67] - zookeeper.enforce.auth.schemes = []
2021-11-08 11:10:51,582 [myid:1] - INFO  [QuorumPeer[myid=1](plain=127.0.0.1:11237)(secure=disabled):ZooKeeperServer@361] - Created server with tickTime 4000 minSessionTimeout 8000 maxSessionTimeout 80000 clientPortListenBacklog -1 datadir D:\mysoft\faiscoGit\myStudy\ZooKeeperLearning\apache-zookeeper-3.7.0\zookeeper-server\target\surefire\test7680064820110191668.junit.dir\data\version-2 snapdir D:\mysoft\faiscoGit\myStudy\ZooKeeperLearning\apache-zookeeper-3.7.0\zookeeper-server\target\surefire\test7680064820110191668.junit.dir\data\version-2
2021-11-08 11:10:51,582 [myid:1] - INFO  [QuorumPeer[myid=1](plain=127.0.0.1:11237)(secure=disabled):Follower@77] - FOLLOWING - LEADER ELECTION TOOK - 671 MS
2021-11-08 11:10:51,582 [myid:1] - INFO  [QuorumPeer[myid=1](plain=127.0.0.1:11237)(secure=disabled):QuorumPeer@915] - Peer state changed: following - discovery
2021-11-08 11:10:51,581 [myid:2] - INFO  [QuorumPeer[myid=2](plain=127.0.0.1:11240)(secure=disabled):ZooKeeperServer@361] - Created server with tickTime 4000 minSessionTimeout 8000 maxSessionTimeout 80000 clientPortListenBacklog -1 datadir D:\mysoft\faiscoGit\myStudy\ZooKeeperLearning\apache-zookeeper-3.7.0\zookeeper-server\target\surefire\test8890931155568542853.junit.dir\data\version-2 snapdir D:\mysoft\faiscoGit\myStudy\ZooKeeperLearning\apache-zookeeper-3.7.0\zookeeper-server\target\surefire\test8890931155568542853.junit.dir\data\version-2
2021-11-08 11:10:51,608 [myid:127.0.0.1:11225] - INFO  [main-SendThread(127.0.0.1:11225):ClientCnxn$SendThread@1171] - Opening socket connection to server xmind.net/127.0.0.1:11225.
2021-11-08 11:10:51,608 [myid:127.0.0.1:11225] - INFO  [main-SendThread(127.0.0.1:11225):ClientCnxn$SendThread@1173] - SASL config status: Will not attempt to authenticate using SASL (unknown error)
2021-11-08 11:10:51,608 [myid:2] - INFO  [QuorumPeer[myid=2](plain=127.0.0.1:11240)(secure=disabled):Leader@584] - LEADING - LEADER ELECTION TOOK - 540 MS
2021-11-08 11:10:51,697 [myid:2] - INFO  [QuorumPeer[myid=2](plain=127.0.0.1:11240)(secure=disabled):QuorumPeer@915] - Peer state changed: leading - discovery
2021-11-08 11:10:51,697 [myid:2] - INFO  [QuorumPeer[myid=2](plain=127.0.0.1:11240)(secure=disabled):FileTxnSnapLog@479] - Snapshotting: 0x0 to D:\mysoft\faiscoGit\myStudy\ZooKeeperLearning\apache-zookeeper-3.7.0\zookeeper-server\target\surefire\test8890931155568542853.junit.dir\data\version-2\snapshot.0
2021-11-08 11:10:51,697 [myid:3] - INFO  [WorkerReceiver[myid=3]:FastLeaderElection$Messenger$WorkerReceiver@390] - Notification: my state:LOOKING; n.sid:0, n.state:LOOKING, n.leader:0, n.round:0x1, n.peerEpoch:0x0, n.zxid:0x0, message format version:0x2, n.config version:0x0
2021-11-08 11:10:51,697 [myid:1] - INFO  [ListenerHandler-/127.0.0.1:11239:QuorumCnxManager$Listener$ListenerHandler@1071] - Received connection request from /127.0.0.1:3552
2021-11-08 11:10:51,697 [myid:0] - INFO  [WorkerReceiver[myid=0]:FastLeaderElection$Messenger$WorkerReceiver@390] - Notification: my state:LOOKING; n.sid:0, n.state:LOOKING, n.leader:0, n.round:0x1, n.peerEpoch:0x0, n.zxid:0x0, message format version:0x2, n.config version:0x0
2021-11-08 11:10:51,697 [myid:0] - INFO  [QuorumConnectionThread-[myid=0]-3:QuorumCnxManager@514] - Have smaller server identifier, so dropping the connection: (myId:0 --> sid:1)
2021-11-08 11:10:51,608 [myid:127.0.0.1:11228] - INFO  [main-SendThread(127.0.0.1:11228):ClientCnxn$SendThread@1171] - Opening socket connection to server xmind.net/127.0.0.1:11228.
2021-11-08 11:10:51,698 [myid:127.0.0.1:11228] - INFO  [main-SendThread(127.0.0.1:11228):ClientCnxn$SendThread@1173] - SASL config status: Will not attempt to authenticate using SASL (unknown error)
2021-11-08 11:10:51,608 [myid:3] - INFO  [QuorumPeer[myid=3](plain=127.0.0.1:11243)(secure=disabled):FastLeaderElection@984] - Notification time out: 400
2021-11-08 11:10:51,607 [myid:0] - INFO  [ListenerHandler-/127.0.0.1:11236:QuorumCnxManager$Listener$ListenerHandler@1071] - Received connection request from /127.0.0.1:3454
2021-11-08 11:10:51,607 [myid:2] - WARN  [NIOWorkerThread-1:NIOServerCnxn@380] - Close of session 0x0
java.io.IOException: ZooKeeperServer not running
	at org.apache.zookeeper.server.NIOServerCnxn.readLength(NIOServerCnxn.java:554)
	at org.apache.zookeeper.server.NIOServerCnxn.doIO(NIOServerCnxn.java:339)
	at org.apache.zookeeper.server.NIOServerCnxnFactory$IOWorkRequest.doWork(NIOServerCnxnFactory.java:508)
	at org.apache.zookeeper.server.WorkerService$ScheduledWorkRequest.run(WorkerService.java:154)
	at java.util.concurrent.ThreadPoolExecutor.runWorker(ThreadPoolExecutor.java:1142)
	at java.util.concurrent.ThreadPoolExecutor$Worker.run(ThreadPoolExecutor.java:617)
	at java.lang.Thread.run(Thread.java:745)
2021-11-08 11:10:51,700 [myid:0] - INFO  [ListenerHandler-/127.0.0.1:11236:QuorumCnxManager$Listener$ListenerHandler@1071] - Received connection request from /127.0.0.1:3534
2021-11-08 11:10:51,700 [myid:1] - WARN  [RecvWorker:0:QuorumCnxManager$RecvWorker@1397] - Connection broken for id 0, my id = 1
java.net.SocketException: Socket closed
	at java.net.SocketInputStream.socketRead0(Native Method)
	at java.net.SocketInputStream.read(SocketInputStream.java:150)
	at java.net.SocketInputStream.read(SocketInputStream.java:121)
	at java.io.BufferedInputStream.fill(BufferedInputStream.java:246)
	at java.io.BufferedInputStream.read(BufferedInputStream.java:265)
	at java.io.DataInputStream.readInt(DataInputStream.java:387)
	at org.apache.zookeeper.server.quorum.QuorumCnxManager$RecvWorker.run(QuorumCnxManager.java:1385)
2021-11-08 11:10:51,697 [myid:3] - INFO  [WorkerReceiver[myid=3]:FastLeaderElection$Messenger$WorkerReceiver@390] - Notification: my state:LOOKING; n.sid:0, n.state:LOOKING, n.leader:0, n.round:0x1, n.peerEpoch:0x0, n.zxid:0x0, message format version:0x2, n.config version:0x0
2021-11-08 11:10:51,697 [myid:0] - INFO  [QuorumPeer[myid=0](plain=127.0.0.1:11234)(secure=disabled):FastLeaderElection@984] - Notification time out: 800
2021-11-08 11:10:51,697 [myid:0] - INFO  [QuorumConnectionThread-[myid=0]-2:QuorumCnxManager@514] - Have smaller server identifier, so dropping the connection: (myId:0 --> sid:2)
2021-11-08 11:10:51,696 [myid:2] - INFO  [ListenerHandler-/127.0.0.1:11242:QuorumCnxManager$Listener$ListenerHandler@1071] - Received connection request from /127.0.0.1:3536
2021-11-08 11:10:52,046 [myid:0] - WARN  [RecvWorker:2:QuorumCnxManager$RecvWorker@1397] - Connection broken for id 2, my id = 0
java.io.EOFException
	at java.io.DataInputStream.readInt(DataInputStream.java:392)
	at org.apache.zookeeper.server.quorum.QuorumCnxManager$RecvWorker.run(QuorumCnxManager.java:1385)
2021-11-08 11:10:52,047 [myid:0] - WARN  [RecvWorker:2:QuorumCnxManager$RecvWorker@1403] - Interrupting SendWorker thread from RecvWorker. sid: 2. myId: 0
2021-11-08 11:10:51,696 [myid:1] - INFO  [QuorumConnectionThread-[myid=1]-2:QuorumCnxManager@514] - Have smaller server identifier, so dropping the connection: (myId:1 --> sid:2)
2021-11-08 11:10:52,101 [myid:0] - INFO  [WorkerSender[myid=0]:FastLeaderElection$Messenger$WorkerSender@506] - WorkerSender is down
2021-11-08 11:10:52,099 [myid:0] - WARN  [SendWorker:2:QuorumCnxManager$SendWorker@1283] - Interrupted while waiting for message on queue
java.lang.InterruptedException
	at java.util.concurrent.locks.AbstractQueuedSynchronizer$ConditionObject.reportInterruptAfterWait(AbstractQueuedSynchronizer.java:2014)
	at java.util.concurrent.locks.AbstractQueuedSynchronizer$ConditionObject.awaitNanos(AbstractQueuedSynchronizer.java:2088)
	at org.apache.zookeeper.util.CircularBlockingQueue.poll(CircularBlockingQueue.java:105)
	at org.apache.zookeeper.server.quorum.QuorumCnxManager.pollSendQueue(QuorumCnxManager.java:1448)
	at org.apache.zookeeper.server.quorum.QuorumCnxManager.access$900(QuorumCnxManager.java:99)
	at org.apache.zookeeper.server.quorum.QuorumCnxManager$SendWorker.run(QuorumCnxManager.java:1272)
2021-11-08 11:10:52,098 [myid:0] - INFO  [WorkerReceiver[myid=0]:FastLeaderElection$Messenger$WorkerReceiver@472] - WorkerReceiver is down
2021-11-08 11:10:52,047 [myid:2] - WARN  [RecvWorker:0:QuorumCnxManager$RecvWorker@1397] - Connection broken for id 0, my id = 2
java.net.SocketException: Socket closed
	at java.net.SocketInputStream.socketRead0(Native Method)
	at java.net.SocketInputStream.read(SocketInputStream.java:150)
	at java.net.SocketInputStream.read(SocketInputStream.java:121)
	at java.io.BufferedInputStream.fill(BufferedInputStream.java:246)
	at java.io.BufferedInputStream.read(BufferedInputStream.java:265)
	at java.io.DataInputStream.readInt(DataInputStream.java:387)
	at org.apache.zookeeper.server.quorum.QuorumCnxManager$RecvWorker.run(QuorumCnxManager.java:1385)
2021-11-08 11:10:52,101 [myid:2] - WARN  [RecvWorker:0:QuorumCnxManager$RecvWorker@1403] - Interrupting SendWorker thread from RecvWorker. sid: 0. myId: 2
2021-11-08 11:10:52,047 [myid:2] - INFO  [QuorumPeer[myid=2](plain=127.0.0.1:11240)(secure=disabled):ZooKeeperServer@543] - Snapshot taken in 350 ms
2021-11-08 11:10:52,047 [myid:2] - INFO  [ListenerHandler-/127.0.0.1:11242:QuorumCnxManager$Listener$ListenerHandler@1071] - Received connection request from /127.0.0.1:3438
2021-11-08 11:10:52,046 [myid:2] - WARN  [SendWorker:0:QuorumCnxManager$SendWorker@1283] - Interrupted while waiting for message on queue
java.lang.InterruptedException
	at java.util.concurrent.locks.AbstractQueuedSynchronizer$ConditionObject.reportInterruptAfterWait(AbstractQueuedSynchronizer.java:2014)
	at java.util.concurrent.locks.AbstractQueuedSynchronizer$ConditionObject.awaitNanos(AbstractQueuedSynchronizer.java:2088)
	at org.apache.zookeeper.util.CircularBlockingQueue.poll(CircularBlockingQueue.java:105)
	at org.apache.zookeeper.server.quorum.QuorumCnxManager.pollSendQueue(QuorumCnxManager.java:1448)
	at org.apache.zookeeper.server.quorum.QuorumCnxManager.access$900(QuorumCnxManager.java:99)
	at org.apache.zookeeper.server.quorum.QuorumCnxManager$SendWorker.run(QuorumCnxManager.java:1272)
2021-11-08 11:10:52,102 [myid:2] - WARN  [SendWorker:0:QuorumCnxManager$SendWorker@1295] - Send worker leaving thread id 0 my id = 2
2021-11-08 11:10:52,102 [myid:1] - WARN  [RecvWorker:2:QuorumCnxManager$RecvWorker@1397] - Connection broken for id 2, my id = 1
java.io.EOFException
	at java.io.DataInputStream.readInt(DataInputStream.java:392)
	at org.apache.zookeeper.server.quorum.QuorumCnxManager$RecvWorker.run(QuorumCnxManager.java:1385)
2021-11-08 11:10:52,150 [myid:1] - WARN  [RecvWorker:2:QuorumCnxManager$RecvWorker@1403] - Interrupting SendWorker thread from RecvWorker. sid: 2. myId: 1
2021-11-08 11:10:52,045 [myid:0] - INFO  [WorkerReceiver[myid=0]:FastLeaderElection$Messenger$WorkerReceiver@390] - Notification: my state:LOOKING; n.sid:2, n.state:LOOKING, n.leader:2, n.round:0x1, n.peerEpoch:0x0, n.zxid:0x0, message format version:0x2, n.config version:0x0
2021-11-08 11:10:52,045 [myid:0] - WARN  [RecvWorker:1:QuorumCnxManager$RecvWorker@1397] - Connection broken for id 1, my id = 0
java.net.SocketException: Software caused connection abort: recv failed
	at java.net.SocketInputStream.socketRead0(Native Method)
	at java.net.SocketInputStream.read(SocketInputStream.java:150)
	at java.net.SocketInputStream.read(SocketInputStream.java:121)
	at java.io.BufferedInputStream.fill(BufferedInputStream.java:246)
	at java.io.BufferedInputStream.read(BufferedInputStream.java:265)
	at java.io.DataInputStream.readInt(DataInputStream.java:387)
	at org.apache.zookeeper.server.quorum.QuorumCnxManager$RecvWorker.run(QuorumCnxManager.java:1385)
2021-11-08 11:10:52,160 [myid:0] - WARN  [RecvWorker:1:QuorumCnxManager$RecvWorker@1403] - Interrupting SendWorker thread from RecvWorker. sid: 1. myId: 0
2021-11-08 11:10:51,842 [myid:2] - WARN  [QuorumConnectionThread-[myid=2]-2:QuorumCnxManager@401] - Cannot open channel to 1 at election address /127.0.0.1:11227
java.net.ConnectException: Connection refused: connect
	at java.net.DualStackPlainSocketImpl.waitForConnect(Native Method)
	at java.net.DualStackPlainSocketImpl.socketConnect(DualStackPlainSocketImpl.java:85)
	at java.net.AbstractPlainSocketImpl.doConnect(AbstractPlainSocketImpl.java:345)
	at java.net.AbstractPlainSocketImpl.connectToAddress(AbstractPlainSocketImpl.java:206)
	at java.net.AbstractPlainSocketImpl.connect(AbstractPlainSocketImpl.java:188)
	at java.net.PlainSocketImpl.connect(PlainSocketImpl.java:172)
	at java.net.SocksSocketImpl.connect(SocksSocketImpl.java:392)
	at java.net.Socket.connect(Socket.java:589)
	at org.apache.zookeeper.server.quorum.QuorumCnxManager.initiateConnection(QuorumCnxManager.java:384)
	at org.apache.zookeeper.server.quorum.QuorumCnxManager$QuorumConnectionReqThread.run(QuorumCnxManager.java:458)
	at java.util.concurrent.ThreadPoolExecutor.runWorker(ThreadPoolExecutor.java:1142)
	at java.util.concurrent.ThreadPoolExecutor$Worker.run(ThreadPoolExecutor.java:617)
	at java.lang.Thread.run(Thread.java:745)
2021-11-08 11:10:52,214 [myid:3] - INFO  [QuorumPeer[myid=3](plain=127.0.0.1:11243)(secure=disabled):FastLeaderElection@984] - Notification time out: 800
2021-11-08 11:10:51,842 [myid:0] - INFO  [ListenerHandler-/127.0.0.1:11236:QuorumCnxManager$Listener$ListenerHandler@1071] - Received connection request from /127.0.0.1:4115
2021-11-08 11:10:51,841 [myid:0] - WARN  [SendWorker:1:QuorumCnxManager$SendWorker@1287] - Exception when using channel: for id 1 my id = 0
java.net.SocketException: Software caused connection abort: socket write error
	at java.net.SocketOutputStream.socketWrite0(Native Method)
	at java.net.SocketOutputStream.socketWrite(SocketOutputStream.java:109)
	at java.net.SocketOutputStream.write(SocketOutputStream.java:132)
	at java.io.DataOutputStream.writeInt(DataOutputStream.java:198)
	at org.apache.zookeeper.server.quorum.QuorumCnxManager$SendWorker.send(QuorumCnxManager.java:1229)
	at org.apache.zookeeper.server.quorum.QuorumCnxManager$SendWorker.run(QuorumCnxManager.java:1280)
2021-11-08 11:10:51,841 [myid:2] - WARN  [QuorumConnectionThread-[myid=2]-3:QuorumCnxManager@401] - Cannot open channel to 0 at election address /127.0.0.1:11224
java.net.ConnectException: Connection refused: connect
	at java.net.DualStackPlainSocketImpl.waitForConnect(Native Method)
	at java.net.DualStackPlainSocketImpl.socketConnect(DualStackPlainSocketImpl.java:85)
	at java.net.AbstractPlainSocketImpl.doConnect(AbstractPlainSocketImpl.java:345)
	at java.net.AbstractPlainSocketImpl.connectToAddress(AbstractPlainSocketImpl.java:206)
	at java.net.AbstractPlainSocketImpl.connect(AbstractPlainSocketImpl.java:188)
	at java.net.PlainSocketImpl.connect(PlainSocketImpl.java:172)
	at java.net.SocksSocketImpl.connect(SocksSocketImpl.java:392)
	at java.net.Socket.connect(Socket.java:589)
	at org.apache.zookeeper.server.quorum.QuorumCnxManager.initiateConnection(QuorumCnxManager.java:384)
	at org.apache.zookeeper.server.quorum.QuorumCnxManager$QuorumConnectionReqThread.run(QuorumCnxManager.java:458)
	at java.util.concurrent.ThreadPoolExecutor.runWorker(ThreadPoolExecutor.java:1142)
	at java.util.concurrent.ThreadPoolExecutor$Worker.run(ThreadPoolExecutor.java:617)
	at java.lang.Thread.run(Thread.java:745)
2021-11-08 11:10:52,216 [myid:0] - INFO  [QuorumConnectionThread-[myid=0]-2:QuorumCnxManager@514] - Have smaller server identifier, so dropping the connection: (myId:0 --> sid:1)
2021-11-08 11:10:51,733 [myid:1] - WARN  [SendWorker:0:QuorumCnxManager$SendWorker@1287] - Exception when using channel: for id 0 my id = 1
java.net.SocketException: Socket closed
	at java.net.SocketOutputStream.socketWrite(SocketOutputStream.java:116)
	at java.net.SocketOutputStream.write(SocketOutputStream.java:132)
	at java.io.DataOutputStream.writeInt(DataOutputStream.java:197)
	at org.apache.zookeeper.server.quorum.QuorumCnxManager$SendWorker.send(QuorumCnxManager.java:1229)
	at org.apache.zookeeper.server.quorum.QuorumCnxManager$SendWorker.run(QuorumCnxManager.java:1280)
2021-11-08 11:10:52,216 [myid:2] - INFO  [ListenerHandler-/127.0.0.1:11242:QuorumCnxManager$Listener$ListenerHandler@1071] - Received connection request from /127.0.0.1:4222
2021-11-08 11:10:51,733 [myid:127.0.0.1:11240] - WARN  [main-SendThread(127.0.0.1:11240):ClientCnxn$SendThread@1290] - Session 0x0 for sever xmind.net/127.0.0.1:11240, Closing socket connection. Attempting reconnect except it is a SessionExpiredException.
EndOfStreamException: Unable to read additional data from server sessionid 0x0, likely server has closed socket
	at org.apache.zookeeper.ClientCnxnSocketNIO.doIO(ClientCnxnSocketNIO.java:77)
	at org.apache.zookeeper.ClientCnxnSocketNIO.doTransport(ClientCnxnSocketNIO.java:350)
	at org.apache.zookeeper.ClientCnxn$SendThread.run(ClientCnxn.java:1280)
2021-11-08 11:10:52,217 [myid:1] - WARN  [SendWorker:0:QuorumCnxManager$SendWorker@1295] - Send worker leaving thread id 0 my id = 1
2021-11-08 11:10:51,733 [myid:2] - INFO  [WorkerReceiver[myid=2]:FastLeaderElection$Messenger$WorkerReceiver@390] - Notification: my state:LEADING; n.sid:0, n.state:LOOKING, n.leader:0, n.round:0x1, n.peerEpoch:0x0, n.zxid:0x0, message format version:0x2, n.config version:0x0
2021-11-08 11:10:51,732 [myid:3] - INFO  [WorkerReceiver[myid=3]:FastLeaderElection$Messenger$WorkerReceiver@390] - Notification: my state:LOOKING; n.sid:1, n.state:FOLLOWING, n.leader:2, n.round:0x1, n.peerEpoch:0x0, n.zxid:0x0, message format version:0x2, n.config version:0x0
2021-11-08 11:10:52,218 [myid:3] - INFO  [WorkerReceiver[myid=3]:FastLeaderElection$Messenger$WorkerReceiver@390] - Notification: my state:LOOKING; n.sid:1, n.state:FOLLOWING, n.leader:2, n.round:0x1, n.peerEpoch:0x0, n.zxid:0x0, message format version:0x2, n.config version:0x0
2021-11-08 11:10:52,218 [myid:3] - INFO  [WorkerReceiver[myid=3]:FastLeaderElection$Messenger$WorkerReceiver@390] - Notification: my state:LOOKING; n.sid:2, n.state:LEADING, n.leader:2, n.round:0x1, n.peerEpoch:0x0, n.zxid:0x0, message format version:0x2, n.config version:0x0
2021-11-08 11:10:52,218 [myid:3] - INFO  [WorkerReceiver[myid=3]:FastLeaderElection$Messenger$WorkerReceiver@390] - Notification: my state:LOOKING; n.sid:2, n.state:LEADING, n.leader:2, n.round:0x1, n.peerEpoch:0x0, n.zxid:0x0, message format version:0x2, n.config version:0x0
2021-11-08 11:10:51,700 [myid:1] - WARN  [RecvWorker:0:QuorumCnxManager$RecvWorker@1403] - Interrupting SendWorker thread from RecvWorker. sid: 0. myId: 1
2021-11-08 11:10:52,218 [myid:3] - INFO  [QuorumPeer[myid=3](plain=127.0.0.1:11243)(secure=disabled):QuorumPeer@901] - Peer state changed: observing
2021-11-08 11:10:52,217 [myid:2] - WARN  [RecvWorker:0:QuorumCnxManager$RecvWorker@1397] - Connection broken for id 0, my id = 2
java.net.SocketException: Socket closed
	at java.net.SocketInputStream.socketRead0(Native Method)
	at java.net.SocketInputStream.read(SocketInputStream.java:150)
	at java.net.SocketInputStream.read(SocketInputStream.java:121)
	at java.io.BufferedInputStream.fill(BufferedInputStream.java:246)
	at java.io.BufferedInputStream.read(BufferedInputStream.java:265)
	at java.io.DataInputStream.readInt(DataInputStream.java:387)
	at org.apache.zookeeper.server.quorum.QuorumCnxManager$RecvWorker.run(QuorumCnxManager.java:1385)
2021-11-08 11:10:52,217 [myid:2] - WARN  [SendWorker:0:QuorumCnxManager$SendWorker@1283] - Interrupted while waiting for message on queue
java.lang.InterruptedException
	at java.util.concurrent.locks.AbstractQueuedSynchronizer$ConditionObject.reportInterruptAfterWait(AbstractQueuedSynchronizer.java:2014)
	at java.util.concurrent.locks.AbstractQueuedSynchronizer$ConditionObject.awaitNanos(AbstractQueuedSynchronizer.java:2088)
	at org.apache.zookeeper.util.CircularBlockingQueue.poll(CircularBlockingQueue.java:105)
	at org.apache.zookeeper.server.quorum.QuorumCnxManager.pollSendQueue(QuorumCnxManager.java:1448)
	at org.apache.zookeeper.server.quorum.QuorumCnxManager.access$900(QuorumCnxManager.java:99)
	at org.apache.zookeeper.server.quorum.QuorumCnxManager$SendWorker.run(QuorumCnxManager.java:1272)
2021-11-08 11:10:52,216 [myid:0] - INFO  [QuorumConnectionThread-[myid=0]-3:QuorumCnxManager@514] - Have smaller server identifier, so dropping the connection: (myId:0 --> sid:2)
2021-11-08 11:10:52,216 [myid:0] - INFO  [WorkerReceiver[myid=0]:FastLeaderElection$Messenger$WorkerReceiver@390] - Notification: my state:LOOKING; n.sid:0, n.state:LOOKING, n.leader:2, n.round:0x1, n.peerEpoch:0x0, n.zxid:0x0, message format version:0x2, n.config version:0x0
2021-11-08 11:10:52,215 [myid:0] - WARN  [SendWorker:1:QuorumCnxManager$SendWorker@1295] - Send worker leaving thread id 1 my id = 0
2021-11-08 11:10:52,215 [myid:1] - INFO  [WorkerReceiver[myid=1]:FastLeaderElection$Messenger$WorkerReceiver@390] - Notification: my state:FOLLOWING; n.sid:0, n.state:LOOKING, n.leader:2, n.round:0x1, n.peerEpoch:0x0, n.zxid:0x0, message format version:0x2, n.config version:0x0
2021-11-08 11:10:52,218 [myid:0] - INFO  [WorkerReceiver[myid=0]:FastLeaderElection$Messenger$WorkerReceiver@390] - Notification: my state:LOOKING; n.sid:1, n.state:LOOKING, n.leader:2, n.round:0x1, n.peerEpoch:0x0, n.zxid:0x0, message format version:0x2, n.config version:0x0
2021-11-08 11:10:52,215 [myid:0] - INFO  [ListenerHandler-/127.0.0.1:11236:QuorumCnxManager$Listener$ListenerHandler@1071] - Received connection request from /127.0.0.1:4159
2021-11-08 11:10:52,158 [myid:1] - INFO  [ListenerHandler-/127.0.0.1:11239:QuorumCnxManager$Listener$ListenerHandler@1071] - Received connection request from /127.0.0.1:4177
2021-11-08 11:10:52,219 [myid:0] - INFO  [ListenerHandler-/127.0.0.1:11236:QuorumCnxManager$Listener$ListenerHandler@1071] - Received connection request from /127.0.0.1:4224
2021-11-08 11:10:52,157 [myid:1] - WARN  [SendWorker:2:QuorumCnxManager$SendWorker@1283] - Interrupted while waiting for message on queue
java.lang.InterruptedException
	at java.util.concurrent.locks.AbstractQueuedSynchronizer$ConditionObject.reportInterruptAfterWait(AbstractQueuedSynchronizer.java:2014)
	at java.util.concurrent.locks.AbstractQueuedSynchronizer$ConditionObject.awaitNanos(AbstractQueuedSynchronizer.java:2088)
	at org.apache.zookeeper.util.CircularBlockingQueue.poll(CircularBlockingQueue.java:105)
	at org.apache.zookeeper.server.quorum.QuorumCnxManager.pollSendQueue(QuorumCnxManager.java:1448)
	at org.apache.zookeeper.server.quorum.QuorumCnxManager.access$900(QuorumCnxManager.java:99)
	at org.apache.zookeeper.server.quorum.QuorumCnxManager$SendWorker.run(QuorumCnxManager.java:1272)
2021-11-08 11:10:52,281 [myid:1] - WARN  [SendWorker:2:QuorumCnxManager$SendWorker@1295] - Send worker leaving thread id 2 my id = 1
2021-11-08 11:10:52,282 [myid:0] - INFO  [WorkerReceiver[myid=0]:FastLeaderElection$Messenger$WorkerReceiver@390] - Notification: my state:LOOKING; n.sid:1, n.state:FOLLOWING, n.leader:2, n.round:0x1, n.peerEpoch:0x0, n.zxid:0x0, message format version:0x2, n.config version:0x0
2021-11-08 11:10:52,282 [myid:0] - WARN  [SendWorker:2:QuorumCnxManager$SendWorker@1295] - Send worker leaving thread id 2 my id = 0
2021-11-08 11:10:52,150 [myid:2] - WARN  [SendWorker:1:QuorumCnxManager$SendWorker@1283] - Interrupted while waiting for message on queue
java.lang.InterruptedException
	at java.util.concurrent.locks.AbstractQueuedSynchronizer$ConditionObject.reportInterruptAfterWait(AbstractQueuedSynchronizer.java:2014)
	at java.util.concurrent.locks.AbstractQueuedSynchronizer$ConditionObject.awaitNanos(AbstractQueuedSynchronizer.java:2088)
	at org.apache.zookeeper.util.CircularBlockingQueue.poll(CircularBlockingQueue.java:105)
	at org.apache.zookeeper.server.quorum.QuorumCnxManager.pollSendQueue(QuorumCnxManager.java:1448)
	at org.apache.zookeeper.server.quorum.QuorumCnxManager.access$900(QuorumCnxManager.java:99)
	at org.apache.zookeeper.server.quorum.QuorumCnxManager$SendWorker.run(QuorumCnxManager.java:1272)
2021-11-08 11:10:52,282 [myid:2] - WARN  [SendWorker:1:QuorumCnxManager$SendWorker@1295] - Send worker leaving thread id 1 my id = 2
2021-11-08 11:10:52,150 [myid:1] - INFO  [WorkerReceiver[myid=1]:FastLeaderElection$Messenger$WorkerReceiver@472] - WorkerReceiver is down
2021-11-08 11:10:52,150 [myid:1] - INFO  [LeaderConnector-/127.0.0.1:11241:Learner$LeaderConnector@381] - Successfully connected to leader, using address: /127.0.0.1:11241
2021-11-08 11:10:52,150 [myid:1] - INFO  [WorkerSender[myid=1]:FastLeaderElection$Messenger$WorkerSender@506] - WorkerSender is down
2021-11-08 11:10:52,102 [myid:2] - WARN  [RecvWorker:1:QuorumCnxManager$RecvWorker@1397] - Connection broken for id 1, my id = 2
java.net.SocketException: Socket closed
	at java.net.SocketInputStream.socketRead0(Native Method)
	at java.net.SocketInputStream.read(SocketInputStream.java:150)
	at java.net.SocketInputStream.read(SocketInputStream.java:121)
	at java.io.BufferedInputStream.fill(BufferedInputStream.java:246)
	at java.io.BufferedInputStream.read(BufferedInputStream.java:265)
	at java.io.DataInputStream.readInt(DataInputStream.java:387)
	at org.apache.zookeeper.server.quorum.QuorumCnxManager$RecvWorker.run(QuorumCnxManager.java:1385)
2021-11-08 11:10:52,283 [myid:2] - WARN  [RecvWorker:1:QuorumCnxManager$RecvWorker@1403] - Interrupting SendWorker thread from RecvWorker. sid: 1. myId: 2
2021-11-08 11:10:52,101 [myid:0] - WARN  [SendWorker:2:QuorumCnxManager$SendWorker@1295] - Send worker leaving thread id 2 my id = 0
2021-11-08 11:10:52,301 [myid:2] - INFO  [LearnerHandler-/127.0.0.1:3547:LearnerHandler@506] - Follower sid: 1 : info : 127.0.0.1:11238:11239:participant;127.0.0.1:11237
2021-11-08 11:10:52,282 [myid:0] - INFO  [WorkerReceiver[myid=0]:FastLeaderElection$Messenger$WorkerReceiver@390] - Notification: my state:LOOKING; n.sid:2, n.state:LOOKING, n.leader:2, n.round:0x1, n.peerEpoch:0x0, n.zxid:0x0, message format version:0x2, n.config version:0x0
2021-11-08 11:10:52,282 [myid:0] - WARN  [RecvWorker:2:QuorumCnxManager$RecvWorker@1397] - Connection broken for id 2, my id = 0
java.net.SocketException: socket closed
	at java.net.SocketInputStream.socketRead0(Native Method)
	at java.net.SocketInputStream.read(SocketInputStream.java:150)
	at java.net.SocketInputStream.read(SocketInputStream.java:121)
	at java.io.BufferedInputStream.fill(BufferedInputStream.java:246)
	at java.io.BufferedInputStream.read(BufferedInputStream.java:265)
	at java.io.DataInputStream.readInt(DataInputStream.java:387)
	at org.apache.zookeeper.server.quorum.QuorumCnxManager$RecvWorker.run(QuorumCnxManager.java:1385)
2021-11-08 11:10:52,302 [myid:0] - WARN  [RecvWorker:2:QuorumCnxManager$RecvWorker@1403] - Interrupting SendWorker thread from RecvWorker. sid: 2. myId: 0
2021-11-08 11:10:52,281 [myid:2] - INFO  [WorkerReceiver[myid=2]:FastLeaderElection$Messenger$WorkerReceiver@390] - Notification: my state:LEADING; n.sid:1, n.state:LOOKING, n.leader:2, n.round:0x1, n.peerEpoch:0x0, n.zxid:0x0, message format version:0x2, n.config version:0x0
2021-11-08 11:10:52,281 [myid:1] - INFO  [WorkerReceiver[myid=1]:FastLeaderElection$Messenger$WorkerReceiver@390] - Notification: my state:FOLLOWING; n.sid:2, n.state:LOOKING, n.leader:2, n.round:0x1, n.peerEpoch:0x0, n.zxid:0x0, message format version:0x2, n.config version:0x0
2021-11-08 11:10:52,219 [myid:1] - INFO  [ListenerHandler-/127.0.0.1:11239:QuorumCnxManager$Listener$ListenerHandler@1071] - Received connection request from /127.0.0.1:4207
2021-11-08 11:10:52,303 [myid:2] - INFO  [WorkerReceiver[myid=2]:FastLeaderElection$Messenger$WorkerReceiver@390] - Notification: my state:LEADING; n.sid:0, n.state:LOOKING, n.leader:2, n.round:0x1, n.peerEpoch:0x0, n.zxid:0x0, message format version:0x2, n.config version:0x0
2021-11-08 11:10:52,303 [myid:2] - INFO  [WorkerReceiver[myid=2]:FastLeaderElection$Messenger$WorkerReceiver@390] - Notification: my state:LEADING; n.sid:1, n.state:FOLLOWING, n.leader:2, n.round:0x1, n.peerEpoch:0x0, n.zxid:0x0, message format version:0x2, n.config version:0x0
2021-11-08 11:10:52,218 [myid:2] - WARN  [SendWorker:0:QuorumCnxManager$SendWorker@1295] - Send worker leaving thread id 0 my id = 2
2021-11-08 11:10:52,218 [myid:3] - INFO  [WorkerReceiver[myid=3]:FastLeaderElection$Messenger$WorkerReceiver@390] - Notification: my state:OBSERVING; n.sid:0, n.state:LOOKING, n.leader:0, n.round:0x1, n.peerEpoch:0x0, n.zxid:0x0, message format version:0x2, n.config version:0x0
2021-11-08 11:10:52,218 [myid:2] - WARN  [RecvWorker:0:QuorumCnxManager$RecvWorker@1403] - Interrupting SendWorker thread from RecvWorker. sid: 0. myId: 2
2021-11-08 11:10:52,304 [myid:3] - INFO  [WorkerReceiver[myid=3]:FastLeaderElection$Messenger$WorkerReceiver@390] - Notification: my state:OBSERVING; n.sid:1, n.state:FOLLOWING, n.leader:2, n.round:0x1, n.peerEpoch:0x0, n.zxid:0x0, message format version:0x2, n.config version:0x0
2021-11-08 11:10:52,304 [myid:3] - INFO  [WorkerReceiver[myid=3]:FastLeaderElection$Messenger$WorkerReceiver@390] - Notification: my state:OBSERVING; n.sid:2, n.state:LEADING, n.leader:2, n.round:0x1, n.peerEpoch:0x0, n.zxid:0x0, message format version:0x2, n.config version:0x0
2021-11-08 11:10:52,304 [myid:3] - INFO  [WorkerReceiver[myid=3]:FastLeaderElection$Messenger$WorkerReceiver@390] - Notification: my state:OBSERVING; n.sid:0, n.state:LOOKING, n.leader:0, n.round:0x1, n.peerEpoch:0x0, n.zxid:0x0, message format version:0x2, n.config version:0x0
2021-11-08 11:10:52,218 [myid:3] - INFO  [QuorumPeer[myid=3](plain=127.0.0.1:11243)(secure=disabled):QuorumPeer@1493] - OBSERVING
2021-11-08 11:10:52,304 [myid:0] - INFO  [ListenerHandler-/127.0.0.1:11236:QuorumCnxManager$Listener$ListenerHandler@1071] - Received connection request from /127.0.0.1:4379
2021-11-08 11:10:52,303 [myid:1] - WARN  [RecvWorker:0:QuorumCnxManager$RecvWorker@1397] - Connection broken for id 0, my id = 1
java.net.SocketException: Socket closed
	at java.net.SocketInputStream.socketRead0(Native Method)
	at java.net.SocketInputStream.read(SocketInputStream.java:150)
	at java.net.SocketInputStream.read(SocketInputStream.java:121)
	at java.io.BufferedInputStream.fill(BufferedInputStream.java:246)
	at java.io.BufferedInputStream.read(BufferedInputStream.java:265)
	at java.io.DataInputStream.readInt(DataInputStream.java:387)
	at org.apache.zookeeper.server.quorum.QuorumCnxManager$RecvWorker.run(QuorumCnxManager.java:1385)
2021-11-08 11:10:52,303 [myid:1] - WARN  [SendWorker:0:QuorumCnxManager$SendWorker@1283] - Interrupted while waiting for message on queue
java.lang.InterruptedException
	at java.util.concurrent.locks.AbstractQueuedSynchronizer$ConditionObject.reportInterruptAfterWait(AbstractQueuedSynchronizer.java:2014)
	at java.util.concurrent.locks.AbstractQueuedSynchronizer$ConditionObject.awaitNanos(AbstractQueuedSynchronizer.java:2088)
	at org.apache.zookeeper.util.CircularBlockingQueue.poll(CircularBlockingQueue.java:105)
	at org.apache.zookeeper.server.quorum.QuorumCnxManager.pollSendQueue(QuorumCnxManager.java:1448)
	at org.apache.zookeeper.server.quorum.QuorumCnxManager.access$900(QuorumCnxManager.java:99)
	at org.apache.zookeeper.server.quorum.QuorumCnxManager$SendWorker.run(QuorumCnxManager.java:1272)
2021-11-08 11:10:52,357 [myid:1] - WARN  [SendWorker:0:QuorumCnxManager$SendWorker@1295] - Send worker leaving thread id 0 my id = 1
2021-11-08 11:10:52,303 [myid:0] - WARN  [RecvWorker:1:QuorumCnxManager$RecvWorker@1397] - Connection broken for id 1, my id = 0
java.io.EOFException
	at java.io.DataInputStream.readInt(DataInputStream.java:392)
	at org.apache.zookeeper.server.quorum.QuorumCnxManager$RecvWorker.run(QuorumCnxManager.java:1385)
2021-11-08 11:10:52,358 [myid:0] - WARN  [RecvWorker:1:QuorumCnxManager$RecvWorker@1403] - Interrupting SendWorker thread from RecvWorker. sid: 1. myId: 0
2021-11-08 11:10:52,302 [myid:0] - INFO  [WorkerReceiver[myid=0]:FastLeaderElection$Messenger$WorkerReceiver@390] - Notification: my state:LOOKING; n.sid:2, n.state:LEADING, n.leader:2, n.round:0x1, n.peerEpoch:0x0, n.zxid:0x0, message format version:0x2, n.config version:0x0
2021-11-08 11:10:52,361 [myid:0] - INFO  [WorkerReceiver[myid=0]:FastLeaderElection$Messenger$WorkerReceiver@390] - Notification: my state:LOOKING; n.sid:2, n.state:LEADING, n.leader:2, n.round:0x1, n.peerEpoch:0x0, n.zxid:0x0, message format version:0x2, n.config version:0x0
2021-11-08 11:10:52,305 [myid:1] - WARN  [RecvWorker:0:QuorumCnxManager$RecvWorker@1403] - Interrupting SendWorker thread from RecvWorker. sid: 0. myId: 1
2021-11-08 11:10:52,305 [myid:3] - INFO  [QuorumPeer[myid=3](plain=127.0.0.1:11243)(secure=disabled):ZooKeeperServer@1300] - minSessionTimeout set to 8000
2021-11-08 11:10:52,362 [myid:3] - INFO  [QuorumPeer[myid=3](plain=127.0.0.1:11243)(secure=disabled):ZooKeeperServer@1309] - maxSessionTimeout set to 80000
2021-11-08 11:10:52,305 [myid:1] - INFO  [WorkerReceiver[myid=1]:FastLeaderElection$Messenger$WorkerReceiver@390] - Notification: my state:FOLLOWING; n.sid:2, n.state:LEADING, n.leader:2, n.round:0x1, n.peerEpoch:0x0, n.zxid:0x0, message format version:0x2, n.config version:0x0
2021-11-08 11:10:52,362 [myid:0] - WARN  [SendWorker:1:QuorumCnxManager$SendWorker@1283] - Interrupted while waiting for message on queue
java.lang.InterruptedException
	at java.util.concurrent.locks.AbstractQueuedSynchronizer$ConditionObject.reportInterruptAfterWait(AbstractQueuedSynchronizer.java:2014)
	at java.util.concurrent.locks.AbstractQueuedSynchronizer$ConditionObject.awaitNanos(AbstractQueuedSynchronizer.java:2088)
	at org.apache.zookeeper.util.CircularBlockingQueue.poll(CircularBlockingQueue.java:105)
	at org.apache.zookeeper.server.quorum.QuorumCnxManager.pollSendQueue(QuorumCnxManager.java:1448)
	at org.apache.zookeeper.server.quorum.QuorumCnxManager.access$900(QuorumCnxManager.java:99)
	at org.apache.zookeeper.server.quorum.QuorumCnxManager$SendWorker.run(QuorumCnxManager.java:1272)
2021-11-08 11:10:52,369 [myid:0] - WARN  [SendWorker:1:QuorumCnxManager$SendWorker@1295] - Send worker leaving thread id 1 my id = 0
2021-11-08 11:10:52,362 [myid:3] - INFO  [QuorumPeer[myid=3](plain=127.0.0.1:11243)(secure=disabled):ResponseCache@45] - getData response cache size is initialized with value 400.
2021-11-08 11:10:52,370 [myid:3] - INFO  [QuorumPeer[myid=3](plain=127.0.0.1:11243)(secure=disabled):ResponseCache@45] - getChildren response cache size is initialized with value 400.
2021-11-08 11:10:52,370 [myid:3] - INFO  [QuorumPeer[myid=3](plain=127.0.0.1:11243)(secure=disabled):RequestPathMetricsCollector@109] - zookeeper.pathStats.slotCapacity = 60
2021-11-08 11:10:52,370 [myid:3] - INFO  [QuorumPeer[myid=3](plain=127.0.0.1:11243)(secure=disabled):RequestPathMetricsCollector@110] - zookeeper.pathStats.slotDuration = 15
2021-11-08 11:10:52,370 [myid:3] - INFO  [QuorumPeer[myid=3](plain=127.0.0.1:11243)(secure=disabled):RequestPathMetricsCollector@111] - zookeeper.pathStats.maxDepth = 6
2021-11-08 11:10:52,370 [myid:3] - INFO  [QuorumPeer[myid=3](plain=127.0.0.1:11243)(secure=disabled):RequestPathMetricsCollector@112] - zookeeper.pathStats.initialDelay = 5
2021-11-08 11:10:52,370 [myid:3] - INFO  [QuorumPeer[myid=3](plain=127.0.0.1:11243)(secure=disabled):RequestPathMetricsCollector@113] - zookeeper.pathStats.delay = 5
2021-11-08 11:10:52,370 [myid:1] - INFO  [WorkerReceiver[myid=1]:FastLeaderElection$Messenger$WorkerReceiver@390] - Notification: my state:FOLLOWING; n.sid:0, n.state:LOOKING, n.leader:2, n.round:0x1, n.peerEpoch:0x0, n.zxid:0x0, message format version:0x2, n.config version:0x0
2021-11-08 11:10:52,372 [myid:0] - INFO  [WorkerReceiver[myid=0]:FastLeaderElection$Messenger$WorkerReceiver@390] - Notification: my state:LOOKING; n.sid:1, n.state:FOLLOWING, n.leader:2, n.round:0x1, n.peerEpoch:0x0, n.zxid:0x0, message format version:0x2, n.config version:0x0
2021-11-08 11:10:52,370 [myid:3] - INFO  [QuorumPeer[myid=3](plain=127.0.0.1:11243)(secure=disabled):RequestPathMetricsCollector@114] - zookeeper.pathStats.enabled = false
2021-11-08 11:10:52,372 [myid:3] - INFO  [QuorumPeer[myid=3](plain=127.0.0.1:11243)(secure=disabled):ZooKeeperServer@1536] - The max bytes for all large requests are set to 104857600
2021-11-08 11:10:52,373 [myid:3] - INFO  [QuorumPeer[myid=3](plain=127.0.0.1:11243)(secure=disabled):ZooKeeperServer@1550] - The large request threshold is set to -1
2021-11-08 11:10:52,373 [myid:3] - INFO  [QuorumPeer[myid=3](plain=127.0.0.1:11243)(secure=disabled):AuthenticationHelper@66] - zookeeper.enforce.auth.enabled = false
2021-11-08 11:10:52,373 [myid:3] - INFO  [QuorumPeer[myid=3](plain=127.0.0.1:11243)(secure=disabled):AuthenticationHelper@67] - zookeeper.enforce.auth.schemes = []
2021-11-08 11:10:52,373 [myid:3] - INFO  [QuorumPeer[myid=3](plain=127.0.0.1:11243)(secure=disabled):ZooKeeperServer@361] - Created server with tickTime 4000 minSessionTimeout 8000 maxSessionTimeout 80000 clientPortListenBacklog -1 datadir D:\mysoft\faiscoGit\myStudy\ZooKeeperLearning\apache-zookeeper-3.7.0\zookeeper-server\target\surefire\test6828001844973468208.junit.dir\data\version-2 snapdir D:\mysoft\faiscoGit\myStudy\ZooKeeperLearning\apache-zookeeper-3.7.0\zookeeper-server\target\surefire\test6828001844973468208.junit.dir\data\version-2
2021-11-08 11:10:52,373 [myid:3] - INFO  [QuorumPeer[myid=3](plain=127.0.0.1:11243)(secure=disabled):ObserverZooKeeperServer@55] - syncEnabled =true
2021-11-08 11:10:52,373 [myid:3] - INFO  [QuorumPeer[myid=3](plain=127.0.0.1:11243)(secure=disabled):QuorumPeer@915] - Peer state changed: observing - discovery
2021-11-08 11:10:52,373 [myid:3] - INFO  [QuorumPeer[myid=3](plain=127.0.0.1:11243)(secure=disabled):Observer@164] - Observing new leader sid=2 addr=/127.0.0.1:11241
2021-11-08 11:10:52,374 [myid:3] - INFO  [LeaderConnector-/127.0.0.1:11241:Learner$LeaderConnector@381] - Successfully connected to leader, using address: /127.0.0.1:11241
2021-11-08 11:10:52,427 [myid:0] - INFO  [WorkerReceiver[myid=0]:FastLeaderElection$Messenger$WorkerReceiver@390] - Notification: my state:LOOKING; n.sid:1, n.state:FOLLOWING, n.leader:2, n.round:0x1, n.peerEpoch:0x0, n.zxid:0x0, message format version:0x2, n.config version:0x0
2021-11-08 11:10:52,425 [myid:2] - INFO  [QuorumPeer[myid=2](plain=127.0.0.1:11240)(secure=disabled):QuorumPeer@1870] - Dynamic reconfig is disabled, we don't store the last seen config.
2021-11-08 11:10:52,419 [myid:3] - INFO  [WorkerReceiver[myid=3]:FastLeaderElection$Messenger$WorkerReceiver@390] - Notification: my state:OBSERVING; n.sid:0, n.state:LOOKING, n.leader:0, n.round:0x1, n.peerEpoch:0x0, n.zxid:0x0, message format version:0x2, n.config version:0x0
2021-11-08 11:10:52,428 [myid:2] - INFO  [LearnerHandler-/127.0.0.1:4398:LearnerHandler@506] - Follower sid: 3 : info : 127.0.0.1:11244:11245:observer;127.0.0.1:11243
2021-11-08 11:10:52,429 [myid:3] - INFO  [WorkerReceiver[myid=3]:FastLeaderElection$Messenger$WorkerReceiver@390] - Notification: my state:OBSERVING; n.sid:0, n.state:LOOKING, n.leader:0, n.round:0x1, n.peerEpoch:0x0, n.zxid:0x0, message format version:0x2, n.config version:0x0
2021-11-08 11:10:52,431 [myid:3] - INFO  [WorkerReceiver[myid=3]:FastLeaderElection$Messenger$WorkerReceiver@390] - Notification: my state:OBSERVING; n.sid:0, n.state:LOOKING, n.leader:0, n.round:0x1, n.peerEpoch:0x0, n.zxid:0x0, message format version:0x2, n.config version:0x0
2021-11-08 11:10:52,434 [myid:2] - INFO  [LearnerHandler-/127.0.0.1:3547:ZKDatabase@346] - On disk txn sync enabled with snapshotSizeFactor 0.33
2021-11-08 11:10:52,434 [myid:1] - INFO  [QuorumPeer[myid=1](plain=127.0.0.1:11237)(secure=disabled):QuorumPeer@915] - Peer state changed: following - synchronization
2021-11-08 11:10:52,434 [myid:2] - INFO  [LearnerHandler-/127.0.0.1:3547:LearnerHandler@801] - Synchronizing with Learner sid: 1 maxCommittedLog=0x0 minCommittedLog=0x0 lastProcessedZxid=0x0 peerLastZxid=0x0
2021-11-08 11:10:52,435 [myid:2] - INFO  [LearnerHandler-/127.0.0.1:3547:LearnerHandler@846] - Sending DIFF zxid=0x0 for peer sid: 1
2021-11-08 11:10:52,444 [myid:3] - INFO  [WorkerReceiver[myid=3]:FastLeaderElection$Messenger$WorkerReceiver@390] - Notification: my state:OBSERVING; n.sid:0, n.state:LOOKING, n.leader:0, n.round:0x1, n.peerEpoch:0x0, n.zxid:0x0, message format version:0x2, n.config version:0x0
2021-11-08 11:10:52,446 [myid:2] - INFO  [LearnerHandler-/127.0.0.1:4398:ZKDatabase@346] - On disk txn sync enabled with snapshotSizeFactor 0.33
2021-11-08 11:10:52,446 [myid:3] - INFO  [QuorumPeer[myid=3](plain=127.0.0.1:11243)(secure=disabled):QuorumPeer@915] - Peer state changed: observing - synchronization
2021-11-08 11:10:52,446 [myid:2] - INFO  [LearnerHandler-/127.0.0.1:4398:LearnerHandler@801] - Synchronizing with Learner sid: 3 maxCommittedLog=0x0 minCommittedLog=0x0 lastProcessedZxid=0x0 peerLastZxid=0x0
2021-11-08 11:10:52,446 [myid:2] - INFO  [LearnerHandler-/127.0.0.1:4398:LearnerHandler@846] - Sending DIFF zxid=0x0 for peer sid: 3
2021-11-08 11:10:52,448 [myid:2] - INFO  [QuorumPeer[myid=2](plain=127.0.0.1:11240)(secure=disabled):QuorumPeer@915] - Peer state changed: leading - synchronization
2021-11-08 11:10:52,474 [myid:3] - INFO  [WorkerReceiver[myid=3]:FastLeaderElection$Messenger$WorkerReceiver@390] - Notification: my state:OBSERVING; n.sid:0, n.state:LOOKING, n.leader:0, n.round:0x1, n.peerEpoch:0x0, n.zxid:0x0, message format version:0x2, n.config version:0x0
2021-11-08 11:10:52,475 [myid:3] - INFO  [WorkerReceiver[myid=3]:FastLeaderElection$Messenger$WorkerReceiver@390] - Notification: my state:OBSERVING; n.sid:0, n.state:LOOKING, n.leader:0, n.round:0x1, n.peerEpoch:0x0, n.zxid:0x0, message format version:0x2, n.config version:0x0
2021-11-08 11:10:52,476 [myid:3] - INFO  [WorkerReceiver[myid=3]:FastLeaderElection$Messenger$WorkerReceiver@390] - Notification: my state:OBSERVING; n.sid:0, n.state:LOOKING, n.leader:0, n.round:0x1, n.peerEpoch:0x0, n.zxid:0x0, message format version:0x2, n.config version:0x0
2021-11-08 11:10:52,480 [myid:3] - INFO  [WorkerReceiver[myid=3]:FastLeaderElection$Messenger$WorkerReceiver@390] - Notification: my state:OBSERVING; n.sid:0, n.state:LOOKING, n.leader:0, n.round:0x1, n.peerEpoch:0x0, n.zxid:0x0, message format version:0x2, n.config version:0x0
2021-11-08 11:10:52,481 [myid:3] - INFO  [WorkerReceiver[myid=3]:FastLeaderElection$Messenger$WorkerReceiver@390] - Notification: my state:OBSERVING; n.sid:0, n.state:LOOKING, n.leader:0, n.round:0x1, n.peerEpoch:0x0, n.zxid:0x0, message format version:0x2, n.config version:0x0
2021-11-08 11:10:52,481 [myid:3] - INFO  [WorkerReceiver[myid=3]:FastLeaderElection$Messenger$WorkerReceiver@390] - Notification: my state:OBSERVING; n.sid:0, n.state:LOOKING, n.leader:0, n.round:0x1, n.peerEpoch:0x0, n.zxid:0x0, message format version:0x2, n.config version:0x0
2021-11-08 11:10:52,495 [myid:3] - INFO  [WorkerReceiver[myid=3]:FastLeaderElection$Messenger$WorkerReceiver@390] - Notification: my state:OBSERVING; n.sid:0, n.state:LOOKING, n.leader:0, n.round:0x1, n.peerEpoch:0x0, n.zxid:0x0, message format version:0x2, n.config version:0x0
2021-11-08 11:10:52,496 [myid:3] - INFO  [WorkerReceiver[myid=3]:FastLeaderElection$Messenger$WorkerReceiver@390] - Notification: my state:OBSERVING; n.sid:0, n.state:LOOKING, n.leader:0, n.round:0x1, n.peerEpoch:0x0, n.zxid:0x0, message format version:0x2, n.config version:0x0
2021-11-08 11:10:52,496 [myid:3] - INFO  [WorkerReceiver[myid=3]:FastLeaderElection$Messenger$WorkerReceiver@390] - Notification: my state:OBSERVING; n.sid:0, n.state:LOOKING, n.leader:0, n.round:0x1, n.peerEpoch:0x0, n.zxid:0x0, message format version:0x2, n.config version:0x0
2021-11-08 11:10:52,497 [myid:3] - INFO  [WorkerReceiver[myid=3]:FastLeaderElection$Messenger$WorkerReceiver@390] - Notification: my state:OBSERVING; n.sid:0, n.state:LOOKING, n.leader:0, n.round:0x1, n.peerEpoch:0x0, n.zxid:0x0, message format version:0x2, n.config version:0x0
2021-11-08 11:10:52,497 [myid:3] - INFO  [WorkerReceiver[myid=3]:FastLeaderElection$Messenger$WorkerReceiver@390] - Notification: my state:OBSERVING; n.sid:0, n.state:LOOKING, n.leader:0, n.round:0x1, n.peerEpoch:0x0, n.zxid:0x0, message format version:0x2, n.config version:0x0
2021-11-08 11:10:52,498 [myid:3] - INFO  [WorkerReceiver[myid=3]:FastLeaderElection$Messenger$WorkerReceiver@390] - Notification: my state:OBSERVING; n.sid:0, n.state:LOOKING, n.leader:0, n.round:0x1, n.peerEpoch:0x0, n.zxid:0x0, message format version:0x2, n.config version:0x0
2021-11-08 11:10:52,498 [myid:3] - INFO  [WorkerReceiver[myid=3]:FastLeaderElection$Messenger$WorkerReceiver@390] - Notification: my state:OBSERVING; n.sid:0, n.state:LOOKING, n.leader:0, n.round:0x1, n.peerEpoch:0x0, n.zxid:0x0, message format version:0x2, n.config version:0x0
2021-11-08 11:10:52,499 [myid:3] - INFO  [WorkerReceiver[myid=3]:FastLeaderElection$Messenger$WorkerReceiver@390] - Notification: my state:OBSERVING; n.sid:0, n.state:LOOKING, n.leader:0, n.round:0x1, n.peerEpoch:0x0, n.zxid:0x0, message format version:0x2, n.config version:0x0
2021-11-08 11:10:52,500 [myid:3] - INFO  [WorkerReceiver[myid=3]:FastLeaderElection$Messenger$WorkerReceiver@390] - Notification: my state:OBSERVING; n.sid:0, n.state:LOOKING, n.leader:0, n.round:0x1, n.peerEpoch:0x0, n.zxid:0x0, message format version:0x2, n.config version:0x0
2021-11-08 11:10:52,502 [myid:3] - INFO  [WorkerReceiver[myid=3]:FastLeaderElection$Messenger$WorkerReceiver@390] - Notification: my state:OBSERVING; n.sid:0, n.state:LOOKING, n.leader:0, n.round:0x1, n.peerEpoch:0x0, n.zxid:0x0, message format version:0x2, n.config version:0x0
2021-11-08 11:10:52,502 [myid:3] - INFO  [WorkerReceiver[myid=3]:FastLeaderElection$Messenger$WorkerReceiver@390] - Notification: my state:OBSERVING; n.sid:0, n.state:LOOKING, n.leader:0, n.round:0x1, n.peerEpoch:0x0, n.zxid:0x0, message format version:0x2, n.config version:0x0
2021-11-08 11:10:52,503 [myid:3] - INFO  [WorkerReceiver[myid=3]:FastLeaderElection$Messenger$WorkerReceiver@390] - Notification: my state:OBSERVING; n.sid:0, n.state:LOOKING, n.leader:0, n.round:0x1, n.peerEpoch:0x0, n.zxid:0x0, message format version:0x2, n.config version:0x0
2021-11-08 11:10:52,504 [myid:3] - INFO  [WorkerReceiver[myid=3]:FastLeaderElection$Messenger$WorkerReceiver@390] - Notification: my state:OBSERVING; n.sid:0, n.state:LOOKING, n.leader:0, n.round:0x1, n.peerEpoch:0x0, n.zxid:0x0, message format version:0x2, n.config version:0x0
2021-11-08 11:10:52,504 [myid:3] - INFO  [WorkerReceiver[myid=3]:FastLeaderElection$Messenger$WorkerReceiver@390] - Notification: my state:OBSERVING; n.sid:0, n.state:LOOKING, n.leader:0, n.round:0x1, n.peerEpoch:0x0, n.zxid:0x0, message format version:0x2, n.config version:0x0
2021-11-08 11:10:52,505 [myid:3] - INFO  [WorkerReceiver[myid=3]:FastLeaderElection$Messenger$WorkerReceiver@390] - Notification: my state:OBSERVING; n.sid:0, n.state:LOOKING, n.leader:0, n.round:0x1, n.peerEpoch:0x0, n.zxid:0x0, message format version:0x2, n.config version:0x0
2021-11-08 11:10:52,505 [myid:3] - INFO  [WorkerReceiver[myid=3]:FastLeaderElection$Messenger$WorkerReceiver@390] - Notification: my state:OBSERVING; n.sid:0, n.state:LOOKING, n.leader:0, n.round:0x1, n.peerEpoch:0x0, n.zxid:0x0, message format version:0x2, n.config version:0x0
2021-11-08 11:10:52,507 [myid:3] - INFO  [WorkerReceiver[myid=3]:FastLeaderElection$Messenger$WorkerReceiver@390] - Notification: my state:OBSERVING; n.sid:0, n.state:LOOKING, n.leader:0, n.round:0x1, n.peerEpoch:0x0, n.zxid:0x0, message format version:0x2, n.config version:0x0
2021-11-08 11:10:52,507 [myid:3] - INFO  [WorkerReceiver[myid=3]:FastLeaderElection$Messenger$WorkerReceiver@390] - Notification: my state:OBSERVING; n.sid:0, n.state:LOOKING, n.leader:0, n.round:0x1, n.peerEpoch:0x0, n.zxid:0x0, message format version:0x2, n.config version:0x0
2021-11-08 11:10:52,511 [myid:3] - INFO  [WorkerReceiver[myid=3]:FastLeaderElection$Messenger$WorkerReceiver@390] - Notification: my state:OBSERVING; n.sid:0, n.state:LOOKING, n.leader:0, n.round:0x1, n.peerEpoch:0x0, n.zxid:0x0, message format version:0x2, n.config version:0x0
2021-11-08 11:10:52,515 [myid:3] - INFO  [WorkerReceiver[myid=3]:FastLeaderElection$Messenger$WorkerReceiver@390] - Notification: my state:OBSERVING; n.sid:0, n.state:LOOKING, n.leader:0, n.round:0x1, n.peerEpoch:0x0, n.zxid:0x0, message format version:0x2, n.config version:0x0
2021-11-08 11:10:52,527 [myid:3] - INFO  [WorkerReceiver[myid=3]:FastLeaderElection$Messenger$WorkerReceiver@390] - Notification: my state:OBSERVING; n.sid:0, n.state:LOOKING, n.leader:0, n.round:0x1, n.peerEpoch:0x0, n.zxid:0x0, message format version:0x2, n.config version:0x0
2021-11-08 11:10:52,528 [myid:3] - INFO  [WorkerReceiver[myid=3]:FastLeaderElection$Messenger$WorkerReceiver@390] - Notification: my state:OBSERVING; n.sid:0, n.state:LOOKING, n.leader:0, n.round:0x1, n.peerEpoch:0x0, n.zxid:0x0, message format version:0x2, n.config version:0x0
2021-11-08 11:10:52,535 [myid:3] - INFO  [WorkerReceiver[myid=3]:FastLeaderElection$Messenger$WorkerReceiver@390] - Notification: my state:OBSERVING; n.sid:0, n.state:LOOKING, n.leader:0, n.round:0x1, n.peerEpoch:0x0, n.zxid:0x0, message format version:0x2, n.config version:0x0
2021-11-08 11:10:52,536 [myid:3] - INFO  [WorkerReceiver[myid=3]:FastLeaderElection$Messenger$WorkerReceiver@390] - Notification: my state:OBSERVING; n.sid:0, n.state:LOOKING, n.leader:0, n.round:0x1, n.peerEpoch:0x0, n.zxid:0x0, message format version:0x2, n.config version:0x0
2021-11-08 11:10:52,555 [myid:3] - INFO  [WorkerReceiver[myid=3]:FastLeaderElection$Messenger$WorkerReceiver@390] - Notification: my state:OBSERVING; n.sid:0, n.state:LOOKING, n.leader:0, n.round:0x1, n.peerEpoch:0x0, n.zxid:0x0, message format version:0x2, n.config version:0x0
2021-11-08 11:10:52,556 [myid:1] - INFO  [QuorumPeer[myid=1](plain=127.0.0.1:11237)(secure=disabled):Learner@562] - Getting a diff from the leader 0x0
2021-11-08 11:10:52,557 [myid:1] - INFO  [QuorumPeer[myid=1](plain=127.0.0.1:11237)(secure=disabled):QuorumPeer@920] - Peer state changed: following - synchronization - diff
2021-11-08 11:10:52,557 [myid:1] - INFO  [QuorumPeer[myid=1](plain=127.0.0.1:11237)(secure=disabled):Learner@734] - Learner received NEWLEADER message
2021-11-08 11:10:52,557 [myid:3] - INFO  [QuorumPeer[myid=3](plain=127.0.0.1:11243)(secure=disabled):Learner@562] - Getting a diff from the leader 0x0
2021-11-08 11:10:52,558 [myid:1] - INFO  [QuorumPeer[myid=1](plain=127.0.0.1:11237)(secure=disabled):QuorumPeer@1870] - Dynamic reconfig is disabled, we don't store the last seen config.
2021-11-08 11:10:52,558 [myid:3] - INFO  [QuorumPeer[myid=3](plain=127.0.0.1:11243)(secure=disabled):QuorumPeer@920] - Peer state changed: observing - synchronization - diff
2021-11-08 11:10:52,558 [myid:3] - INFO  [QuorumPeer[myid=3](plain=127.0.0.1:11243)(secure=disabled):Learner@734] - Learner received NEWLEADER message
2021-11-08 11:10:52,558 [myid:3] - INFO  [QuorumPeer[myid=3](plain=127.0.0.1:11243)(secure=disabled):QuorumPeer@1870] - Dynamic reconfig is disabled, we don't store the last seen config.
2021-11-08 11:10:52,559 [myid:3] - INFO  [WorkerReceiver[myid=3]:FastLeaderElection$Messenger$WorkerReceiver@390] - Notification: my state:OBSERVING; n.sid:0, n.state:LOOKING, n.leader:0, n.round:0x1, n.peerEpoch:0x0, n.zxid:0x0, message format version:0x2, n.config version:0x0
2021-11-08 11:10:52,562 [myid:3] - INFO  [QuorumPeer[myid=3](plain=127.0.0.1:11243)(secure=disabled):QuorumPeer@920] - Peer state changed: observing - synchronization
2021-11-08 11:10:52,562 [myid:3] - INFO  [QuorumPeer[myid=3](plain=127.0.0.1:11243)(secure=disabled):CommitProcessor@491] - Configuring CommitProcessor with readBatchSize -1 commitBatchSize 1
2021-11-08 11:10:52,562 [myid:3] - INFO  [QuorumPeer[myid=3](plain=127.0.0.1:11243)(secure=disabled):CommitProcessor@452] - Configuring CommitProcessor with 6 worker threads.
2021-11-08 11:10:52,564 [myid:1] - INFO  [QuorumPeer[myid=1](plain=127.0.0.1:11237)(secure=disabled):QuorumPeer@920] - Peer state changed: following - synchronization
2021-11-08 11:10:52,564 [myid:1] - INFO  [QuorumPeer[myid=1](plain=127.0.0.1:11237)(secure=disabled):CommitProcessor@491] - Configuring CommitProcessor with readBatchSize -1 commitBatchSize 1
2021-11-08 11:10:52,564 [myid:1] - INFO  [QuorumPeer[myid=1](plain=127.0.0.1:11237)(secure=disabled):CommitProcessor@452] - Configuring CommitProcessor with 6 worker threads.
2021-11-08 11:10:52,564 [myid:1] - INFO  [QuorumPeer[myid=1](plain=127.0.0.1:11237)(secure=disabled):FollowerRequestProcessor@59] - Initialized FollowerRequestProcessor with zookeeper.follower.skipLearnerRequestToNextProcessor as false
2021-11-08 11:10:52,564 [myid:2] - INFO  [QuorumPeer[myid=2](plain=127.0.0.1:11240)(secure=disabled):Leader@1495] - Have quorum of supporters, sids: [[1, 2]]; starting up and setting last processed zxid: 0x100000000
2021-11-08 11:10:52,564 [myid:2] - INFO  [QuorumPeer[myid=2](plain=127.0.0.1:11240)(secure=disabled):Leader@1517] - Dynamic reconfig feature is disabled, skip designatedLeader calculation and reconfig processing.
2021-11-08 11:10:52,565 [myid:2] - INFO  [QuorumPeer[myid=2](plain=127.0.0.1:11240)(secure=disabled):CommitProcessor@491] - Configuring CommitProcessor with readBatchSize -1 commitBatchSize 1
2021-11-08 11:10:52,565 [myid:2] - INFO  [QuorumPeer[myid=2](plain=127.0.0.1:11240)(secure=disabled):CommitProcessor@452] - Configuring CommitProcessor with 6 worker threads.
2021-11-08 11:10:52,565 [myid:2] - INFO  [QuorumPeer[myid=2](plain=127.0.0.1:11240)(secure=disabled):ProposalRequestProcessor@57] - zookeeper.forward_learner_requests_to_commit_processor_disabled = false
2021-11-08 11:10:52,565 [myid:2] - INFO  [QuorumPeer[myid=2](plain=127.0.0.1:11240)(secure=disabled):ContainerManager@84] - Using checkIntervalMs=60000 maxPerMinute=10000 maxNeverUsedIntervalMs=0
2021-11-08 11:10:52,565 [myid:2] - INFO  [QuorumPeer[myid=2](plain=127.0.0.1:11240)(secure=disabled):QuorumPeer@915] - Peer state changed: leading - broadcast
2021-11-08 11:10:52,565 [myid:3] - INFO  [QuorumPeer[myid=3](plain=127.0.0.1:11243)(secure=disabled):Learner@718] - Learner received UPTODATE message
2021-11-08 11:10:52,565 [myid:1] - INFO  [QuorumPeer[myid=1](plain=127.0.0.1:11237)(secure=disabled):Learner@718] - Learner received UPTODATE message
2021-11-08 11:10:52,565 [myid:3] - INFO  [QuorumPeer[myid=3](plain=127.0.0.1:11243)(secure=disabled):QuorumPeer@915] - Peer state changed: observing - broadcast
2021-11-08 11:10:52,566 [myid:1] - INFO  [QuorumPeer[myid=1](plain=127.0.0.1:11237)(secure=disabled):QuorumPeer@915] - Peer state changed: following - broadcast
2021-11-08 11:10:52,566 [myid:3] - INFO  [WorkerReceiver[myid=3]:FastLeaderElection$Messenger$WorkerReceiver@390] - Notification: my state:OBSERVING; n.sid:0, n.state:LOOKING, n.leader:0, n.round:0x1, n.peerEpoch:0x0, n.zxid:0x0, message format version:0x2, n.config version:0x0
2021-11-08 11:10:52,568 [myid:3] - INFO  [WorkerReceiver[myid=3]:FastLeaderElection$Messenger$WorkerReceiver@390] - Notification: my state:OBSERVING; n.sid:0, n.state:LOOKING, n.leader:0, n.round:0x1, n.peerEpoch:0x0, n.zxid:0x0, message format version:0x2, n.config version:0x0
2021-11-08 11:10:52,570 [myid:3] - INFO  [WorkerReceiver[myid=3]:FastLeaderElection$Messenger$WorkerReceiver@390] - Notification: my state:OBSERVING; n.sid:0, n.state:LOOKING, n.leader:0, n.round:0x1, n.peerEpoch:0x0, n.zxid:0x0, message format version:0x2, n.config version:0x0
2021-11-08 11:10:52,571 [myid:3] - INFO  [WorkerReceiver[myid=3]:FastLeaderElection$Messenger$WorkerReceiver@390] - Notification: my state:OBSERVING; n.sid:0, n.state:LOOKING, n.leader:0, n.round:0x1, n.peerEpoch:0x0, n.zxid:0x0, message format version:0x2, n.config version:0x0
2021-11-08 11:10:52,571 [myid:3] - INFO  [WorkerReceiver[myid=3]:FastLeaderElection$Messenger$WorkerReceiver@390] - Notification: my state:OBSERVING; n.sid:0, n.state:LOOKING, n.leader:0, n.round:0x1, n.peerEpoch:0x0, n.zxid:0x0, message format version:0x2, n.config version:0x0
2021-11-08 11:10:52,572 [myid:3] - INFO  [WorkerReceiver[myid=3]:FastLeaderElection$Messenger$WorkerReceiver@390] - Notification: my state:OBSERVING; n.sid:0, n.state:LOOKING, n.leader:0, n.round:0x1, n.peerEpoch:0x0, n.zxid:0x0, message format version:0x2, n.config version:0x0
2021-11-08 11:10:52,573 [myid:3] - INFO  [WorkerReceiver[myid=3]:FastLeaderElection$Messenger$WorkerReceiver@390] - Notification: my state:OBSERVING; n.sid:0, n.state:LOOKING, n.leader:0, n.round:0x1, n.peerEpoch:0x0, n.zxid:0x0, message format version:0x2, n.config version:0x0
2021-11-08 11:10:52,579 [myid:2] - INFO  [ProcessThread(sid:2 cport:-1)::PrepRequestProcessor@137] - PrepRequestProcessor (sid:2) started, reconfigEnabled=false
2021-11-08 11:10:52,580 [myid:3] - INFO  [WorkerReceiver[myid=3]:FastLeaderElection$Messenger$WorkerReceiver@390] - Notification: my state:OBSERVING; n.sid:0, n.state:LOOKING, n.leader:0, n.round:0x1, n.peerEpoch:0x0, n.zxid:0x0, message format version:0x2, n.config version:0x0
2021-11-08 11:10:52,580 [myid:2] - INFO  [WorkerSender[myid=2]:FastLeaderElection$Messenger$WorkerSender@506] - WorkerSender is down
2021-11-08 11:10:52,581 [myid:3] - INFO  [WorkerReceiver[myid=3]:FastLeaderElection$Messenger$WorkerReceiver@390] - Notification: my state:OBSERVING; n.sid:0, n.state:LOOKING, n.leader:0, n.round:0x1, n.peerEpoch:0x0, n.zxid:0x0, message format version:0x2, n.config version:0x0
2021-11-08 11:10:52,581 [myid:3] - INFO  [WorkerReceiver[myid=3]:FastLeaderElection$Messenger$WorkerReceiver@390] - Notification: my state:OBSERVING; n.sid:0, n.state:LOOKING, n.leader:0, n.round:0x1, n.peerEpoch:0x0, n.zxid:0x0, message format version:0x2, n.config version:0x0
2021-11-08 11:10:52,582 [myid:3] - INFO  [WorkerReceiver[myid=3]:FastLeaderElection$Messenger$WorkerReceiver@390] - Notification: my state:OBSERVING; n.sid:0, n.state:LOOKING, n.leader:0, n.round:0x1, n.peerEpoch:0x0, n.zxid:0x0, message format version:0x2, n.config version:0x0
2021-11-08 11:10:52,582 [myid:3] - INFO  [WorkerReceiver[myid=3]:FastLeaderElection$Messenger$WorkerReceiver@390] - Notification: my state:OBSERVING; n.sid:0, n.state:LOOKING, n.leader:0, n.round:0x1, n.peerEpoch:0x0, n.zxid:0x0, message format version:0x2, n.config version:0x0
2021-11-08 11:10:52,583 [myid:3] - INFO  [WorkerReceiver[myid=3]:FastLeaderElection$Messenger$WorkerReceiver@390] - Notification: my state:OBSERVING; n.sid:0, n.state:LOOKING, n.leader:0, n.round:0x1, n.peerEpoch:0x0, n.zxid:0x0, message format version:0x2, n.config version:0x0
2021-11-08 11:10:52,583 [myid:2] - INFO  [WorkerReceiver[myid=2]:FastLeaderElection$Messenger$WorkerReceiver@472] - WorkerReceiver is down
2021-11-08 11:10:52,585 [myid:3] - INFO  [WorkerReceiver[myid=3]:FastLeaderElection$Messenger$WorkerReceiver@390] - Notification: my state:OBSERVING; n.sid:0, n.state:LOOKING, n.leader:0, n.round:0x1, n.peerEpoch:0x0, n.zxid:0x0, message format version:0x2, n.config version:0x0
2021-11-08 11:10:52,586 [myid:3] - INFO  [WorkerReceiver[myid=3]:FastLeaderElection$Messenger$WorkerReceiver@390] - Notification: my state:OBSERVING; n.sid:0, n.state:LOOKING, n.leader:0, n.round:0x1, n.peerEpoch:0x0, n.zxid:0x0, message format version:0x2, n.config version:0x0
2021-11-08 11:10:52,587 [myid:3] - INFO  [WorkerReceiver[myid=3]:FastLeaderElection$Messenger$WorkerReceiver@390] - Notification: my state:OBSERVING; n.sid:0, n.state:LOOKING, n.leader:0, n.round:0x1, n.peerEpoch:0x0, n.zxid:0x0, message format version:0x2, n.config version:0x0
2021-11-08 11:10:52,588 [myid:3] - INFO  [WorkerReceiver[myid=3]:FastLeaderElection$Messenger$WorkerReceiver@390] - Notification: my state:OBSERVING; n.sid:0, n.state:LOOKING, n.leader:0, n.round:0x1, n.peerEpoch:0x0, n.zxid:0x0, message format version:0x2, n.config version:0x0
2021-11-08 11:10:52,589 [myid:3] - INFO  [WorkerReceiver[myid=3]:FastLeaderElection$Messenger$WorkerReceiver@390] - Notification: my state:OBSERVING; n.sid:0, n.state:LOOKING, n.leader:0, n.round:0x1, n.peerEpoch:0x0, n.zxid:0x0, message format version:0x2, n.config version:0x0
2021-11-08 11:10:52,590 [myid:3] - INFO  [WorkerReceiver[myid=3]:FastLeaderElection$Messenger$WorkerReceiver@390] - Notification: my state:OBSERVING; n.sid:0, n.state:LOOKING, n.leader:0, n.round:0x1, n.peerEpoch:0x0, n.zxid:0x0, message format version:0x2, n.config version:0x0
2021-11-08 11:10:52,591 [myid:3] - INFO  [WorkerReceiver[myid=3]:FastLeaderElection$Messenger$WorkerReceiver@390] - Notification: my state:OBSERVING; n.sid:0, n.state:LOOKING, n.leader:0, n.round:0x1, n.peerEpoch:0x0, n.zxid:0x0, message format version:0x2, n.config version:0x0
2021-11-08 11:10:52,591 [myid:3] - INFO  [WorkerReceiver[myid=3]:FastLeaderElection$Messenger$WorkerReceiver@390] - Notification: my state:OBSERVING; n.sid:0, n.state:LOOKING, n.leader:0, n.round:0x1, n.peerEpoch:0x0, n.zxid:0x0, message format version:0x2, n.config version:0x0
2021-11-08 11:10:52,592 [myid:3] - INFO  [WorkerReceiver[myid=3]:FastLeaderElection$Messenger$WorkerReceiver@390] - Notification: my state:OBSERVING; n.sid:0, n.state:LOOKING, n.leader:0, n.round:0x1, n.peerEpoch:0x0, n.zxid:0x0, message format version:0x2, n.config version:0x0
2021-11-08 11:10:52,593 [myid:3] - INFO  [WorkerReceiver[myid=3]:FastLeaderElection$Messenger$WorkerReceiver@390] - Notification: my state:OBSERVING; n.sid:0, n.state:LOOKING, n.leader:0, n.round:0x1, n.peerEpoch:0x0, n.zxid:0x0, message format version:0x2, n.config version:0x0
2021-11-08 11:10:52,595 [myid:3] - INFO  [WorkerReceiver[myid=3]:FastLeaderElection$Messenger$WorkerReceiver@390] - Notification: my state:OBSERVING; n.sid:0, n.state:LOOKING, n.leader:0, n.round:0x1, n.peerEpoch:0x0, n.zxid:0x0, message format version:0x2, n.config version:0x0
2021-11-08 11:10:52,595 [myid:3] - INFO  [WorkerReceiver[myid=3]:FastLeaderElection$Messenger$WorkerReceiver@390] - Notification: my state:OBSERVING; n.sid:0, n.state:LOOKING, n.leader:0, n.round:0x1, n.peerEpoch:0x0, n.zxid:0x0, message format version:0x2, n.config version:0x0
2021-11-08 11:10:52,596 [myid:3] - INFO  [WorkerReceiver[myid=3]:FastLeaderElection$Messenger$WorkerReceiver@390] - Notification: my state:OBSERVING; n.sid:0, n.state:LOOKING, n.leader:0, n.round:0x1, n.peerEpoch:0x0, n.zxid:0x0, message format version:0x2, n.config version:0x0
2021-11-08 11:10:52,598 [myid:3] - INFO  [WorkerReceiver[myid=3]:FastLeaderElection$Messenger$WorkerReceiver@390] - Notification: my state:OBSERVING; n.sid:0, n.state:LOOKING, n.leader:0, n.round:0x1, n.peerEpoch:0x0, n.zxid:0x0, message format version:0x2, n.config version:0x0
2021-11-08 11:10:52,608 [myid:3] - INFO  [WorkerReceiver[myid=3]:FastLeaderElection$Messenger$WorkerReceiver@390] - Notification: my state:OBSERVING; n.sid:0, n.state:LOOKING, n.leader:0, n.round:0x1, n.peerEpoch:0x0, n.zxid:0x0, message format version:0x2, n.config version:0x0
2021-11-08 11:10:52,611 [myid:3] - INFO  [WorkerReceiver[myid=3]:FastLeaderElection$Messenger$WorkerReceiver@390] - Notification: my state:OBSERVING; n.sid:0, n.state:LOOKING, n.leader:0, n.round:0x1, n.peerEpoch:0x0, n.zxid:0x0, message format version:0x2, n.config version:0x0
2021-11-08 11:10:52,612 [myid:3] - INFO  [WorkerReceiver[myid=3]:FastLeaderElection$Messenger$WorkerReceiver@390] - Notification: my state:OBSERVING; n.sid:0, n.state:LOOKING, n.leader:0, n.round:0x1, n.peerEpoch:0x0, n.zxid:0x0, message format version:0x2, n.config version:0x0
2021-11-08 11:10:52,612 [myid:3] - INFO  [WorkerReceiver[myid=3]:FastLeaderElection$Messenger$WorkerReceiver@390] - Notification: my state:OBSERVING; n.sid:0, n.state:LOOKING, n.leader:0, n.round:0x1, n.peerEpoch:0x0, n.zxid:0x0, message format version:0x2, n.config version:0x0
2021-11-08 11:10:52,613 [myid:3] - INFO  [WorkerReceiver[myid=3]:FastLeaderElection$Messenger$WorkerReceiver@390] - Notification: my state:OBSERVING; n.sid:0, n.state:LOOKING, n.leader:0, n.round:0x1, n.peerEpoch:0x0, n.zxid:0x0, message format version:0x2, n.config version:0x0
2021-11-08 11:10:52,613 [myid:3] - INFO  [WorkerReceiver[myid=3]:FastLeaderElection$Messenger$WorkerReceiver@390] - Notification: my state:OBSERVING; n.sid:0, n.state:LOOKING, n.leader:0, n.round:0x1, n.peerEpoch:0x0, n.zxid:0x0, message format version:0x2, n.config version:0x0
2021-11-08 11:10:52,614 [myid:3] - INFO  [WorkerReceiver[myid=3]:FastLeaderElection$Messenger$WorkerReceiver@390] - Notification: my state:OBSERVING; n.sid:0, n.state:LOOKING, n.leader:0, n.round:0x1, n.peerEpoch:0x0, n.zxid:0x0, message format version:0x2, n.config version:0x0
2021-11-08 11:10:52,614 [myid:3] - INFO  [WorkerReceiver[myid=3]:FastLeaderElection$Messenger$WorkerReceiver@390] - Notification: my state:OBSERVING; n.sid:0, n.state:LOOKING, n.leader:0, n.round:0x1, n.peerEpoch:0x0, n.zxid:0x0, message format version:0x2, n.config version:0x0
2021-11-08 11:10:52,615 [myid:3] - INFO  [WorkerReceiver[myid=3]:FastLeaderElection$Messenger$WorkerReceiver@390] - Notification: my state:OBSERVING; n.sid:0, n.state:LOOKING, n.leader:0, n.round:0x1, n.peerEpoch:0x0, n.zxid:0x0, message format version:0x2, n.config version:0x0
2021-11-08 11:10:52,616 [myid:3] - INFO  [WorkerReceiver[myid=3]:FastLeaderElection$Messenger$WorkerReceiver@390] - Notification: my state:OBSERVING; n.sid:0, n.state:LOOKING, n.leader:0, n.round:0x1, n.peerEpoch:0x0, n.zxid:0x0, message format version:0x2, n.config version:0x0
2021-11-08 11:10:52,617 [myid:3] - INFO  [WorkerReceiver[myid=3]:FastLeaderElection$Messenger$WorkerReceiver@390] - Notification: my state:OBSERVING; n.sid:0, n.state:LOOKING, n.leader:0, n.round:0x1, n.peerEpoch:0x0, n.zxid:0x0, message format version:0x2, n.config version:0x0
2021-11-08 11:10:52,617 [myid:3] - INFO  [WorkerReceiver[myid=3]:FastLeaderElection$Messenger$WorkerReceiver@390] - Notification: my state:OBSERVING; n.sid:0, n.state:LOOKING, n.leader:0, n.round:0x1, n.peerEpoch:0x0, n.zxid:0x0, message format version:0x2, n.config version:0x0
2021-11-08 11:10:52,618 [myid:3] - INFO  [WorkerReceiver[myid=3]:FastLeaderElection$Messenger$WorkerReceiver@390] - Notification: my state:OBSERVING; n.sid:0, n.state:LOOKING, n.leader:0, n.round:0x1, n.peerEpoch:0x0, n.zxid:0x0, message format version:0x2, n.config version:0x0
2021-11-08 11:10:52,618 [myid:3] - INFO  [WorkerReceiver[myid=3]:FastLeaderElection$Messenger$WorkerReceiver@390] - Notification: my state:OBSERVING; n.sid:0, n.state:LOOKING, n.leader:0, n.round:0x1, n.peerEpoch:0x0, n.zxid:0x0, message format version:0x2, n.config version:0x0
2021-11-08 11:10:52,618 [myid:3] - INFO  [WorkerReceiver[myid=3]:FastLeaderElection$Messenger$WorkerReceiver@390] - Notification: my state:OBSERVING; n.sid:0, n.state:LOOKING, n.leader:0, n.round:0x1, n.peerEpoch:0x0, n.zxid:0x0, message format version:0x2, n.config version:0x0
2021-11-08 11:10:52,619 [myid:3] - INFO  [WorkerReceiver[myid=3]:FastLeaderElection$Messenger$WorkerReceiver@390] - Notification: my state:OBSERVING; n.sid:0, n.state:LOOKING, n.leader:0, n.round:0x1, n.peerEpoch:0x0, n.zxid:0x0, message format version:0x2, n.config version:0x0
2021-11-08 11:10:52,619 [myid:3] - INFO  [WorkerReceiver[myid=3]:FastLeaderElection$Messenger$WorkerReceiver@390] - Notification: my state:OBSERVING; n.sid:0, n.state:LOOKING, n.leader:0, n.round:0x1, n.peerEpoch:0x0, n.zxid:0x0, message format version:0x2, n.config version:0x0
2021-11-08 11:10:52,620 [myid:3] - INFO  [WorkerReceiver[myid=3]:FastLeaderElection$Messenger$WorkerReceiver@390] - Notification: my state:OBSERVING; n.sid:0, n.state:LOOKING, n.leader:0, n.round:0x1, n.peerEpoch:0x0, n.zxid:0x0, message format version:0x2, n.config version:0x0
2021-11-08 11:10:52,620 [myid:3] - INFO  [WorkerReceiver[myid=3]:FastLeaderElection$Messenger$WorkerReceiver@390] - Notification: my state:OBSERVING; n.sid:0, n.state:LOOKING, n.leader:0, n.round:0x1, n.peerEpoch:0x0, n.zxid:0x0, message format version:0x2, n.config version:0x0
2021-11-08 11:10:52,621 [myid:3] - INFO  [WorkerReceiver[myid=3]:FastLeaderElection$Messenger$WorkerReceiver@390] - Notification: my state:OBSERVING; n.sid:0, n.state:LOOKING, n.leader:0, n.round:0x1, n.peerEpoch:0x0, n.zxid:0x0, message format version:0x2, n.config version:0x0
2021-11-08 11:10:52,621 [myid:3] - INFO  [WorkerReceiver[myid=3]:FastLeaderElection$Messenger$WorkerReceiver@390] - Notification: my state:OBSERVING; n.sid:0, n.state:LOOKING, n.leader:0, n.round:0x1, n.peerEpoch:0x0, n.zxid:0x0, message format version:0x2, n.config version:0x0
2021-11-08 11:10:52,622 [myid:3] - INFO  [WorkerReceiver[myid=3]:FastLeaderElection$Messenger$WorkerReceiver@390] - Notification: my state:OBSERVING; n.sid:0, n.state:LOOKING, n.leader:0, n.round:0x1, n.peerEpoch:0x0, n.zxid:0x0, message format version:0x2, n.config version:0x0
2021-11-08 11:10:52,622 [myid:3] - INFO  [WorkerReceiver[myid=3]:FastLeaderElection$Messenger$WorkerReceiver@390] - Notification: my state:OBSERVING; n.sid:0, n.state:LOOKING, n.leader:0, n.round:0x1, n.peerEpoch:0x0, n.zxid:0x0, message format version:0x2, n.config version:0x0
2021-11-08 11:10:52,622 [myid:127.0.0.1:11237] - INFO  [main-SendThread(127.0.0.1:11237):ClientCnxn$SendThread@1171] - Opening socket connection to server xmind.net/127.0.0.1:11237.
2021-11-08 11:10:52,622 [myid:127.0.0.1:11237] - INFO  [main-SendThread(127.0.0.1:11237):ClientCnxn$SendThread@1173] - SASL config status: Will not attempt to authenticate using SASL (unknown error)
2021-11-08 11:10:52,623 [myid:3] - INFO  [WorkerReceiver[myid=3]:FastLeaderElection$Messenger$WorkerReceiver@390] - Notification: my state:OBSERVING; n.sid:0, n.state:LOOKING, n.leader:0, n.round:0x1, n.peerEpoch:0x0, n.zxid:0x0, message format version:0x2, n.config version:0x0
2021-11-08 11:10:52,623 [myid:127.0.0.1:11237] - INFO  [main-SendThread(127.0.0.1:11237):ClientCnxn$SendThread@1005] - Socket connection established, initiating session, client: /127.0.0.1:4890, server: xmind.net/127.0.0.1:11237
2021-11-08 11:10:52,623 [myid:3] - INFO  [WorkerReceiver[myid=3]:FastLeaderElection$Messenger$WorkerReceiver@390] - Notification: my state:OBSERVING; n.sid:0, n.state:LOOKING, n.leader:0, n.round:0x1, n.peerEpoch:0x0, n.zxid:0x0, message format version:0x2, n.config version:0x0
2021-11-08 11:10:52,624 [myid:3] - INFO  [WorkerReceiver[myid=3]:FastLeaderElection$Messenger$WorkerReceiver@390] - Notification: my state:OBSERVING; n.sid:0, n.state:LOOKING, n.leader:0, n.round:0x1, n.peerEpoch:0x0, n.zxid:0x0, message format version:0x2, n.config version:0x0
2021-11-08 11:10:52,624 [myid:3] - INFO  [WorkerReceiver[myid=3]:FastLeaderElection$Messenger$WorkerReceiver@390] - Notification: my state:OBSERVING; n.sid:0, n.state:LOOKING, n.leader:0, n.round:0x1, n.peerEpoch:0x0, n.zxid:0x0, message format version:0x2, n.config version:0x0
2021-11-08 11:10:52,625 [myid:3] - INFO  [WorkerReceiver[myid=3]:FastLeaderElection$Messenger$WorkerReceiver@390] - Notification: my state:OBSERVING; n.sid:0, n.state:LOOKING, n.leader:0, n.round:0x1, n.peerEpoch:0x0, n.zxid:0x0, message format version:0x2, n.config version:0x0
2021-11-08 11:10:52,625 [myid:3] - INFO  [WorkerReceiver[myid=3]:FastLeaderElection$Messenger$WorkerReceiver@390] - Notification: my state:OBSERVING; n.sid:0, n.state:LOOKING, n.leader:0, n.round:0x1, n.peerEpoch:0x0, n.zxid:0x0, message format version:0x2, n.config version:0x0
2021-11-08 11:10:52,626 [myid:3] - INFO  [WorkerReceiver[myid=3]:FastLeaderElection$Messenger$WorkerReceiver@390] - Notification: my state:OBSERVING; n.sid:0, n.state:LOOKING, n.leader:0, n.round:0x1, n.peerEpoch:0x0, n.zxid:0x0, message format version:0x2, n.config version:0x0
2021-11-08 11:10:52,627 [myid:1] - WARN  [QuorumPeer[myid=1](plain=127.0.0.1:11237)(secure=disabled):Follower@174] - Got zxid 0x100000001 expected 0x1
2021-11-08 11:10:52,627 [myid:2] - INFO  [SyncThread:2:FileTxnLog@284] - Creating new log file: log.100000001
2021-11-08 11:10:52,628 [myid:1] - INFO  [SyncThread:1:FileTxnLog@284] - Creating new log file: log.100000001
2021-11-08 11:10:52,627 [myid:3] - INFO  [WorkerReceiver[myid=3]:FastLeaderElection$Messenger$WorkerReceiver@390] - Notification: my state:OBSERVING; n.sid:0, n.state:LOOKING, n.leader:0, n.round:0x1, n.peerEpoch:0x0, n.zxid:0x0, message format version:0x2, n.config version:0x0
2021-11-08 11:10:52,629 [myid:3] - INFO  [WorkerReceiver[myid=3]:FastLeaderElection$Messenger$WorkerReceiver@390] - Notification: my state:OBSERVING; n.sid:0, n.state:LOOKING, n.leader:0, n.round:0x1, n.peerEpoch:0x0, n.zxid:0x0, message format version:0x2, n.config version:0x0
2021-11-08 11:10:52,629 [myid:3] - INFO  [WorkerReceiver[myid=3]:FastLeaderElection$Messenger$WorkerReceiver@390] - Notification: my state:OBSERVING; n.sid:0, n.state:LOOKING, n.leader:0, n.round:0x1, n.peerEpoch:0x0, n.zxid:0x0, message format version:0x2, n.config version:0x0
2021-11-08 11:10:52,630 [myid:3] - INFO  [WorkerReceiver[myid=3]:FastLeaderElection$Messenger$WorkerReceiver@390] - Notification: my state:OBSERVING; n.sid:0, n.state:LOOKING, n.leader:0, n.round:0x1, n.peerEpoch:0x0, n.zxid:0x0, message format version:0x2, n.config version:0x0
2021-11-08 11:10:52,630 [myid:0] - INFO  [QuorumPeer[myid=0](plain=127.0.0.1:11234)(secure=disabled):QuorumPeer@901] - Peer state changed: following
2021-11-08 11:10:52,630 [myid:0] - INFO  [QuorumPeer[myid=0](plain=127.0.0.1:11234)(secure=disabled):QuorumPeer@1512] - FOLLOWING
2021-11-08 11:10:52,630 [myid:3] - INFO  [WorkerReceiver[myid=3]:FastLeaderElection$Messenger$WorkerReceiver@390] - Notification: my state:OBSERVING; n.sid:0, n.state:LOOKING, n.leader:0, n.round:0x1, n.peerEpoch:0x0, n.zxid:0x0, message format version:0x2, n.config version:0x0
2021-11-08 11:10:52,630 [myid:0] - INFO  [QuorumPeer[myid=0](plain=127.0.0.1:11234)(secure=disabled):ZooKeeperServer@1300] - minSessionTimeout set to 8000
2021-11-08 11:10:52,630 [myid:0] - INFO  [QuorumPeer[myid=0](plain=127.0.0.1:11234)(secure=disabled):ZooKeeperServer@1309] - maxSessionTimeout set to 80000
2021-11-08 11:10:52,630 [myid:0] - INFO  [QuorumPeer[myid=0](plain=127.0.0.1:11234)(secure=disabled):ResponseCache@45] - getData response cache size is initialized with value 400.
2021-11-08 11:10:52,630 [myid:0] - INFO  [QuorumPeer[myid=0](plain=127.0.0.1:11234)(secure=disabled):ResponseCache@45] - getChildren response cache size is initialized with value 400.
2021-11-08 11:10:52,630 [myid:0] - INFO  [QuorumPeer[myid=0](plain=127.0.0.1:11234)(secure=disabled):RequestPathMetricsCollector@109] - zookeeper.pathStats.slotCapacity = 60
2021-11-08 11:10:52,630 [myid:0] - INFO  [QuorumPeer[myid=0](plain=127.0.0.1:11234)(secure=disabled):RequestPathMetricsCollector@110] - zookeeper.pathStats.slotDuration = 15
2021-11-08 11:10:52,630 [myid:0] - INFO  [QuorumPeer[myid=0](plain=127.0.0.1:11234)(secure=disabled):RequestPathMetricsCollector@111] - zookeeper.pathStats.maxDepth = 6
2021-11-08 11:10:52,630 [myid:0] - INFO  [QuorumPeer[myid=0](plain=127.0.0.1:11234)(secure=disabled):RequestPathMetricsCollector@112] - zookeeper.pathStats.initialDelay = 5
2021-11-08 11:10:52,630 [myid:0] - INFO  [QuorumPeer[myid=0](plain=127.0.0.1:11234)(secure=disabled):RequestPathMetricsCollector@113] - zookeeper.pathStats.delay = 5
2021-11-08 11:10:52,630 [myid:0] - INFO  [QuorumPeer[myid=0](plain=127.0.0.1:11234)(secure=disabled):RequestPathMetricsCollector@114] - zookeeper.pathStats.enabled = false
2021-11-08 11:10:52,630 [myid:0] - INFO  [QuorumPeer[myid=0](plain=127.0.0.1:11234)(secure=disabled):ZooKeeperServer@1536] - The max bytes for all large requests are set to 104857600
2021-11-08 11:10:52,630 [myid:0] - INFO  [QuorumPeer[myid=0](plain=127.0.0.1:11234)(secure=disabled):ZooKeeperServer@1550] - The large request threshold is set to -1
2021-11-08 11:10:52,631 [myid:0] - INFO  [QuorumPeer[myid=0](plain=127.0.0.1:11234)(secure=disabled):AuthenticationHelper@66] - zookeeper.enforce.auth.enabled = false
2021-11-08 11:10:52,631 [myid:0] - INFO  [QuorumPeer[myid=0](plain=127.0.0.1:11234)(secure=disabled):AuthenticationHelper@67] - zookeeper.enforce.auth.schemes = []
2021-11-08 11:10:52,631 [myid:0] - INFO  [QuorumPeer[myid=0](plain=127.0.0.1:11234)(secure=disabled):ZooKeeperServer@361] - Created server with tickTime 4000 minSessionTimeout 8000 maxSessionTimeout 80000 clientPortListenBacklog -1 datadir D:\mysoft\faiscoGit\myStudy\ZooKeeperLearning\apache-zookeeper-3.7.0\zookeeper-server\target\surefire\test8469882706068733911.junit.dir\data\version-2 snapdir D:\mysoft\faiscoGit\myStudy\ZooKeeperLearning\apache-zookeeper-3.7.0\zookeeper-server\target\surefire\test8469882706068733911.junit.dir\data\version-2
2021-11-08 11:10:52,631 [myid:0] - INFO  [QuorumPeer[myid=0](plain=127.0.0.1:11234)(secure=disabled):Follower@77] - FOLLOWING - LEADER ELECTION TOOK - 1646 MS
2021-11-08 11:10:52,631 [myid:0] - INFO  [QuorumPeer[myid=0](plain=127.0.0.1:11234)(secure=disabled):QuorumPeer@915] - Peer state changed: following - discovery
2021-11-08 11:10:52,632 [myid:3] - INFO  [WorkerReceiver[myid=3]:FastLeaderElection$Messenger$WorkerReceiver@390] - Notification: my state:OBSERVING; n.sid:0, n.state:FOLLOWING, n.leader:2, n.round:0x1, n.peerEpoch:0x0, n.zxid:0x0, message format version:0x2, n.config version:0x0
2021-11-08 11:10:52,646 [myid:2] - INFO  [CommitProcessor:2:LeaderSessionTracker@104] - Committing global session 0x1005807239e0000
2021-11-08 11:10:52,646 [myid:1] - INFO  [CommitProcessor:1:LearnerSessionTracker@116] - Committing global session 0x1005807239e0000
2021-11-08 11:10:52,655 [myid:0] - INFO  [LeaderConnector-/127.0.0.1:11241:Learner$LeaderConnector@381] - Successfully connected to leader, using address: /127.0.0.1:11241
2021-11-08 11:10:52,655 [myid:3] - INFO  [CommitProcessor:3:LearnerSessionTracker@116] - Committing global session 0x1005807239e0000
2021-11-08 11:10:52,646 [myid:3] - INFO  [SyncThread:3:FileTxnLog@284] - Creating new log file: log.100000001
2021-11-08 11:10:52,674 [myid:127.0.0.1:11237] - INFO  [main-SendThread(127.0.0.1:11237):ClientCnxn$SendThread@1438] - Session establishment complete on server xmind.net/127.0.0.1:11237, session id = 0x1005807239e0000, negotiated timeout = 30000
2021-11-08 11:10:52,675 [myid:2] - INFO  [LearnerHandler-/127.0.0.1:4892:LearnerHandler@506] - Follower sid: 0 : info : 127.0.0.1:11235:11236:participant;127.0.0.1:11234
2021-11-08 11:10:52,679 [myid:0] - INFO  [QuorumPeer[myid=0](plain=127.0.0.1:11234)(secure=disabled):QuorumPeer@915] - Peer state changed: following - synchronization
2021-11-08 11:10:52,679 [myid:2] - INFO  [LearnerHandler-/127.0.0.1:4892:ZKDatabase@346] - On disk txn sync enabled with snapshotSizeFactor 0.33
2021-11-08 11:10:52,679 [myid:2] - INFO  [LearnerHandler-/127.0.0.1:4892:LearnerHandler@801] - Synchronizing with Learner sid: 0 maxCommittedLog=0x100000001 minCommittedLog=0x100000001 lastProcessedZxid=0x100000001 peerLastZxid=0x0
2021-11-08 11:10:52,680 [myid:2] - WARN  [LearnerHandler-/127.0.0.1:4892:ZKDatabase@388] - Unable to find proposals from txnlog for zxid: 0x0
2021-11-08 11:10:52,680 [myid:2] - INFO  [LearnerHandler-/127.0.0.1:4892:LearnerHandler@568] - Sending snapshot last zxid of peer is 0x0, zxid of leader is 0x100000001, send zxid of db as 0x100000001, 1 concurrent snapshot sync, snapshot sync was exempt from throttle
2021-11-08 11:10:52,680 [myid:0] - INFO  [QuorumPeer[myid=0](plain=127.0.0.1:11234)(secure=disabled):QuorumPeer@920] - Peer state changed: following - synchronization - snap
2021-11-08 11:10:52,680 [myid:0] - INFO  [QuorumPeer[myid=0](plain=127.0.0.1:11234)(secure=disabled):Learner@573] - Getting a snapshot from leader 0x100000001
2021-11-08 11:10:52,680 [myid:0] - INFO  [QuorumPeer[myid=0](plain=127.0.0.1:11234)(secure=disabled):WatchManagerFactory@42] - Using org.apache.zookeeper.server.watch.WatchManager as watch manager
2021-11-08 11:10:52,680 [myid:0] - INFO  [QuorumPeer[myid=0](plain=127.0.0.1:11234)(secure=disabled):WatchManagerFactory@42] - Using org.apache.zookeeper.server.watch.WatchManager as watch manager
2021-11-08 11:10:52,683 [myid:0] - INFO  [QuorumPeer[myid=0](plain=127.0.0.1:11234)(secure=disabled):Learner@734] - Learner received NEWLEADER message
2021-11-08 11:10:52,683 [myid:0] - INFO  [QuorumPeer[myid=0](plain=127.0.0.1:11234)(secure=disabled):QuorumPeer@1870] - Dynamic reconfig is disabled, we don't store the last seen config.
2021-11-08 11:10:52,683 [myid:0] - INFO  [QuorumPeer[myid=0](plain=127.0.0.1:11234)(secure=disabled):FileTxnSnapLog@479] - Snapshotting: 0x100000001 to D:\mysoft\faiscoGit\myStudy\ZooKeeperLearning\apache-zookeeper-3.7.0\zookeeper-server\target\surefire\test8469882706068733911.junit.dir\data\version-2\snapshot.100000001
2021-11-08 11:10:52,685 [myid:0] - INFO  [QuorumPeer[myid=0](plain=127.0.0.1:11234)(secure=disabled):ZooKeeperServer@543] - Snapshot taken in 2 ms
2021-11-08 11:10:52,689 [myid:0] - INFO  [QuorumPeer[myid=0](plain=127.0.0.1:11234)(secure=disabled):QuorumPeer@920] - Peer state changed: following - synchronization
2021-11-08 11:10:52,690 [myid:0] - INFO  [QuorumPeer[myid=0](plain=127.0.0.1:11234)(secure=disabled):CommitProcessor@491] - Configuring CommitProcessor with readBatchSize -1 commitBatchSize 1
2021-11-08 11:10:52,690 [myid:0] - INFO  [QuorumPeer[myid=0](plain=127.0.0.1:11234)(secure=disabled):CommitProcessor@452] - Configuring CommitProcessor with 6 worker threads.
2021-11-08 11:10:52,690 [myid:0] - INFO  [QuorumPeer[myid=0](plain=127.0.0.1:11234)(secure=disabled):FollowerRequestProcessor@59] - Initialized FollowerRequestProcessor with zookeeper.follower.skipLearnerRequestToNextProcessor as false
2021-11-08 11:10:52,690 [myid:0] - INFO  [QuorumPeer[myid=0](plain=127.0.0.1:11234)(secure=disabled):Learner@718] - Learner received UPTODATE message
2021-11-08 11:10:52,690 [myid:0] - INFO  [QuorumPeer[myid=0](plain=127.0.0.1:11234)(secure=disabled):QuorumPeer@915] - Peer state changed: following - broadcast
2021-11-08 11:10:52,976 [myid:127.0.0.1:11234] - INFO  [main-SendThread(127.0.0.1:11234):ClientCnxn$SendThread@1171] - Opening socket connection to server xmind.net/127.0.0.1:11234.
2021-11-08 11:10:52,976 [myid:127.0.0.1:11234] - INFO  [main-SendThread(127.0.0.1:11234):ClientCnxn$SendThread@1173] - SASL config status: Will not attempt to authenticate using SASL (unknown error)
2021-11-08 11:10:52,977 [myid:127.0.0.1:11234] - INFO  [main-SendThread(127.0.0.1:11234):ClientCnxn$SendThread@1005] - Socket connection established, initiating session, client: /127.0.0.1:5091, server: xmind.net/127.0.0.1:11234
2021-11-08 11:10:52,995 [myid:0] - WARN  [QuorumPeer[myid=0](plain=127.0.0.1:11234)(secure=disabled):Follower@174] - Got zxid 0x100000002 expected 0x1
2021-11-08 11:10:52,996 [myid:0] - INFO  [SyncThread:0:FileTxnLog@284] - Creating new log file: log.100000002
2021-11-08 11:10:52,997 [myid:2] - INFO  [CommitProcessor:2:LeaderSessionTracker@104] - Committing global session 0x580724190000
2021-11-08 11:10:52,997 [myid:3] - INFO  [CommitProcessor:3:LearnerSessionTracker@116] - Committing global session 0x580724190000
2021-11-08 11:10:52,997 [myid:1] - INFO  [CommitProcessor:1:LearnerSessionTracker@116] - Committing global session 0x580724190000
2021-11-08 11:10:52,997 [myid:0] - INFO  [CommitProcessor:0:LearnerSessionTracker@116] - Committing global session 0x580724190000
2021-11-08 11:10:53,006 [myid:127.0.0.1:11234] - INFO  [main-SendThread(127.0.0.1:11234):ClientCnxn$SendThread@1438] - Session establishment complete on server xmind.net/127.0.0.1:11234, session id = 0x580724190000, negotiated timeout = 30000
2021-11-08 11:10:53,055 [myid:127.0.0.1:11231] - WARN  [main-SendThread(127.0.0.1:11231):ClientCnxn$SendThread@1290] - Session 0x3005806ed610000 for sever xmind.net/127.0.0.1:11231, Closing socket connection. Attempting reconnect except it is a SessionExpiredException.
java.net.ConnectException: Connection refused: no further information
	at sun.nio.ch.SocketChannelImpl.checkConnect(Native Method)
	at sun.nio.ch.SocketChannelImpl.finishConnect(SocketChannelImpl.java:716)
	at org.apache.zookeeper.ClientCnxnSocketNIO.doTransport(ClientCnxnSocketNIO.java:344)
	at org.apache.zookeeper.ClientCnxn$SendThread.run(ClientCnxn.java:1280)
2021-11-08 11:10:53,529 [myid:127.0.0.1:11243] - INFO  [main-SendThread(127.0.0.1:11243):ClientCnxn$SendThread@1171] - Opening socket connection to server xmind.net/127.0.0.1:11243.
2021-11-08 11:10:53,529 [myid:127.0.0.1:11243] - INFO  [main-SendThread(127.0.0.1:11243):ClientCnxn$SendThread@1173] - SASL config status: Will not attempt to authenticate using SASL (unknown error)
2021-11-08 11:10:53,530 [myid:127.0.0.1:11243] - INFO  [main-SendThread(127.0.0.1:11243):ClientCnxn$SendThread@1005] - Socket connection established, initiating session, client: /127.0.0.1:5291, server: xmind.net/127.0.0.1:11243
2021-11-08 11:10:53,559 [myid:1] - INFO  [CommitProcessor:1:LearnerSessionTracker@116] - Committing global session 0x3005807239f0000
2021-11-08 11:10:53,559 [myid:0] - INFO  [CommitProcessor:0:LearnerSessionTracker@116] - Committing global session 0x3005807239f0000
2021-11-08 11:10:53,559 [myid:2] - INFO  [CommitProcessor:2:LeaderSessionTracker@104] - Committing global session 0x3005807239f0000
2021-11-08 11:10:53,559 [myid:3] - INFO  [CommitProcessor:3:LearnerSessionTracker@116] - Committing global session 0x3005807239f0000
2021-11-08 11:10:53,604 [myid:127.0.0.1:11243] - INFO  [main-SendThread(127.0.0.1:11243):ClientCnxn$SendThread@1438] - Session establishment complete on server xmind.net/127.0.0.1:11243, session id = 0x3005807239f0000, negotiated timeout = 30000
2021-11-08 11:10:53,639 [myid:127.0.0.1:11222] - WARN  [main-SendThread(127.0.0.1:11222):ClientCnxn$SendThread@1290] - Session 0x5806ebea0000 for sever xmind.net/127.0.0.1:11222, Closing socket connection. Attempting reconnect except it is a SessionExpiredException.
java.net.ConnectException: Connection refused: no further information
	at sun.nio.ch.SocketChannelImpl.checkConnect(Native Method)
	at sun.nio.ch.SocketChannelImpl.finishConnect(SocketChannelImpl.java:716)
	at org.apache.zookeeper.ClientCnxnSocketNIO.doTransport(ClientCnxnSocketNIO.java:344)
	at org.apache.zookeeper.ClientCnxn$SendThread.run(ClientCnxn.java:1280)
2021-11-08 11:10:53,890 [myid:3] - WARN  [LeaderConnector-/127.0.0.1:11229:Learner$LeaderConnector@445] - Unexpected exception, tries=2, remaining init limit=13294, connecting to /127.0.0.1:11229
java.net.ConnectException: Connection refused: connect
	at java.net.DualStackPlainSocketImpl.waitForConnect(Native Method)
	at java.net.DualStackPlainSocketImpl.socketConnect(DualStackPlainSocketImpl.java:85)
	at java.net.AbstractPlainSocketImpl.doConnect(AbstractPlainSocketImpl.java:345)
	at java.net.AbstractPlainSocketImpl.connectToAddress(AbstractPlainSocketImpl.java:206)
	at java.net.AbstractPlainSocketImpl.connect(AbstractPlainSocketImpl.java:188)
	at java.net.PlainSocketImpl.connect(PlainSocketImpl.java:172)
	at java.net.SocksSocketImpl.connect(SocksSocketImpl.java:392)
	at java.net.Socket.connect(Socket.java:589)
	at org.apache.zookeeper.server.quorum.Learner.sockConnect(Learner.java:302)
	at org.apache.zookeeper.server.quorum.Learner$LeaderConnector.connectToLeader(Learner.java:419)
	at org.apache.zookeeper.server.quorum.Learner$LeaderConnector.run(Learner.java:377)
	at java.util.concurrent.Executors$RunnableAdapter.call(Executors.java:511)
	at java.util.concurrent.FutureTask.run(FutureTask.java:266)
	at java.util.concurrent.ThreadPoolExecutor.runWorker(ThreadPoolExecutor.java:1142)
	at java.util.concurrent.ThreadPoolExecutor$Worker.run(ThreadPoolExecutor.java:617)
	at java.lang.Thread.run(Thread.java:745)
2021-11-08 11:10:54,001 [myid:127.0.0.1:11225] - WARN  [main-SendThread(127.0.0.1:11225):ClientCnxn$SendThread@1290] - Session 0x1005806ebea0000 for sever xmind.net/127.0.0.1:11225, Closing socket connection. Attempting reconnect except it is a SessionExpiredException.
java.net.ConnectException: Connection refused: no further information
	at sun.nio.ch.SocketChannelImpl.checkConnect(Native Method)
	at sun.nio.ch.SocketChannelImpl.finishConnect(SocketChannelImpl.java:716)
	at org.apache.zookeeper.ClientCnxnSocketNIO.doTransport(ClientCnxnSocketNIO.java:344)
	at org.apache.zookeeper.ClientCnxn$SendThread.run(ClientCnxn.java:1280)
2021-11-08 11:10:54,001 [myid:127.0.0.1:11228] - WARN  [main-SendThread(127.0.0.1:11228):ClientCnxn$SendThread@1290] - Session 0x2005806ebfe0000 for sever xmind.net/127.0.0.1:11228, Closing socket connection. Attempting reconnect except it is a SessionExpiredException.
java.net.ConnectException: Connection refused: no further information
	at sun.nio.ch.SocketChannelImpl.checkConnect(Native Method)
	at sun.nio.ch.SocketChannelImpl.finishConnect(SocketChannelImpl.java:716)
	at org.apache.zookeeper.ClientCnxnSocketNIO.doTransport(ClientCnxnSocketNIO.java:344)
	at org.apache.zookeeper.ClientCnxn$SendThread.run(ClientCnxn.java:1280)
2021-11-08 11:10:54,267 [myid:127.0.0.1:11231] - INFO  [main-SendThread(127.0.0.1:11231):ClientCnxn$SendThread@1171] - Opening socket connection to server xmind.net/127.0.0.1:11231.
2021-11-08 11:10:54,268 [myid:127.0.0.1:11231] - INFO  [main-SendThread(127.0.0.1:11231):ClientCnxn$SendThread@1173] - SASL config status: Will not attempt to authenticate using SASL (unknown error)
2021-11-08 11:10:54,341 [myid:127.0.0.1:11240] - INFO  [main-SendThread(127.0.0.1:11240):ClientCnxn$SendThread@1171] - Opening socket connection to server xmind.net/127.0.0.1:11240.
2021-11-08 11:10:54,341 [myid:127.0.0.1:11240] - INFO  [main-SendThread(127.0.0.1:11240):ClientCnxn$SendThread@1173] - SASL config status: Will not attempt to authenticate using SASL (unknown error)
2021-11-08 11:10:54,342 [myid:127.0.0.1:11240] - INFO  [main-SendThread(127.0.0.1:11240):ClientCnxn$SendThread@1005] - Socket connection established, initiating session, client: /127.0.0.1:5853, server: xmind.net/127.0.0.1:11240
2021-11-08 11:10:54,348 [myid:0] - INFO  [CommitProcessor:0:LearnerSessionTracker@116] - Committing global session 0x200580723a50000
2021-11-08 11:10:54,348 [myid:2] - INFO  [CommitProcessor:2:LeaderSessionTracker@104] - Committing global session 0x200580723a50000
2021-11-08 11:10:54,348 [myid:1] - INFO  [CommitProcessor:1:LearnerSessionTracker@116] - Committing global session 0x200580723a50000
2021-11-08 11:10:54,349 [myid:3] - INFO  [CommitProcessor:3:LearnerSessionTracker@116] - Committing global session 0x200580723a50000
2021-11-08 11:10:54,350 [myid:127.0.0.1:11240] - INFO  [main-SendThread(127.0.0.1:11240):ClientCnxn$SendThread@1438] - Session establishment complete on server xmind.net/127.0.0.1:11240, session id = 0x200580723a50000, negotiated timeout = 30000
2021-11-08 11:10:54,776 [myid:127.0.0.1:11222] - INFO  [main-SendThread(127.0.0.1:11222):ClientCnxn$SendThread@1171] - Opening socket connection to server xmind.net/127.0.0.1:11222.
2021-11-08 11:10:54,776 [myid:127.0.0.1:11222] - INFO  [main-SendThread(127.0.0.1:11222):ClientCnxn$SendThread@1173] - SASL config status: Will not attempt to authenticate using SASL (unknown error)
2021-11-08 11:10:55,385 [myid:127.0.0.1:11228] - INFO  [main-SendThread(127.0.0.1:11228):ClientCnxn$SendThread@1171] - Opening socket connection to server xmind.net/127.0.0.1:11228.
2021-11-08 11:10:55,386 [myid:127.0.0.1:11228] - INFO  [main-SendThread(127.0.0.1:11228):ClientCnxn$SendThread@1173] - SASL config status: Will not attempt to authenticate using SASL (unknown error)
2021-11-08 11:10:55,433 [myid:127.0.0.1:11225] - INFO  [main-SendThread(127.0.0.1:11225):ClientCnxn$SendThread@1171] - Opening socket connection to server xmind.net/127.0.0.1:11225.
2021-11-08 11:10:55,433 [myid:127.0.0.1:11225] - INFO  [main-SendThread(127.0.0.1:11225):ClientCnxn$SendThread@1173] - SASL config status: Will not attempt to authenticate using SASL (unknown error)
2021-11-08 11:10:56,082 [myid:] - INFO  [main:QuorumPeerTestBase$Servers@452] - Follower is 0
2021-11-08 11:10:56,082 [myid:] - INFO  [main:QuorumPeerTestBase$Servers@463] - Observer is 3
2021-11-08 11:10:56,083 [myid:] - INFO  [main:QuorumBase@422] - Shutting down quorum peer QuorumPeer[myid=0](plain=127.0.0.1:11234)(secure=disabled)
2021-11-08 11:10:56,083 [myid:] - INFO  [main:Follower@291] - shutdown Follower
2021-11-08 11:10:56,083 [myid:127.0.0.1:11234] - WARN  [main-SendThread(127.0.0.1:11234):ClientCnxn$SendThread@1290] - Session 0x580724190000 for sever xmind.net/127.0.0.1:11234, Closing socket connection. Attempting reconnect except it is a SessionExpiredException.
EndOfStreamException: Unable to read additional data from server sessionid 0x580724190000, likely server has closed socket
	at org.apache.zookeeper.ClientCnxnSocketNIO.doIO(ClientCnxnSocketNIO.java:77)
	at org.apache.zookeeper.ClientCnxnSocketNIO.doTransport(ClientCnxnSocketNIO.java:350)
	at org.apache.zookeeper.ClientCnxn$SendThread.run(ClientCnxn.java:1280)
2021-11-08 11:10:56,083 [myid:0] - WARN  [QuorumPeer[myid=0](plain=127.0.0.1:11234)(secure=disabled):Follower@133] - Exception when following the leader
java.net.SocketException: Socket Closed
	at java.net.SocketInputStream.socketRead0(Native Method)
	at java.net.SocketInputStream.read(SocketInputStream.java:150)
	at java.net.SocketInputStream.read(SocketInputStream.java:121)
	at java.io.BufferedInputStream.fill(BufferedInputStream.java:246)
	at java.io.BufferedInputStream.read(BufferedInputStream.java:265)
	at java.io.DataInputStream.readInt(DataInputStream.java:387)
	at org.apache.jute.BinaryInputArchive.readInt(BinaryInputArchive.java:96)
	at org.apache.zookeeper.server.quorum.QuorumPacket.deserialize(QuorumPacket.java:86)
	at org.apache.jute.BinaryInputArchive.readRecord(BinaryInputArchive.java:134)
	at org.apache.zookeeper.server.quorum.Learner.readPacket(Learner.java:225)
	at org.apache.zookeeper.server.quorum.Follower.followLeader(Follower.java:128)
	at org.apache.zookeeper.server.quorum.QuorumPeer.run(QuorumPeer.java:1515)
2021-11-08 11:10:56,083 [myid:2] - ERROR [LearnerHandler-/127.0.0.1:4892:LearnerHandler@715] - Unexpected exception in LearnerHandler: 
java.io.EOFException
	at java.io.DataInputStream.readInt(DataInputStream.java:392)
	at org.apache.jute.BinaryInputArchive.readInt(BinaryInputArchive.java:96)
	at org.apache.zookeeper.server.quorum.QuorumPacket.deserialize(QuorumPacket.java:86)
	at org.apache.jute.BinaryInputArchive.readRecord(BinaryInputArchive.java:134)
	at org.apache.zookeeper.server.quorum.LearnerHandler.run(LearnerHandler.java:652)
2021-11-08 11:10:56,083 [myid:] - INFO  [main:ZooKeeperServer@829] - shutting down
2021-11-08 11:10:56,096 [myid:] - INFO  [main:RequestThrottler@258] - Shutting down
2021-11-08 11:10:56,096 [myid:2] - INFO  [LearnerHandler-/127.0.0.1:4892:LearnerHandler@1155] - Synchronously closing socket to learner 0.
2021-11-08 11:10:56,096 [myid:0] - INFO  [QuorumPeer[myid=0](plain=127.0.0.1:11234)(secure=disabled):Follower@147] - Disconnected from leader (with address: /127.0.0.1:11241). Was connected for 3421ms. Sync state: true
2021-11-08 11:10:56,097 [myid:2] - WARN  [LearnerHandler-/127.0.0.1:4892:LearnerHandler@731] - ******* GOODBYE /127.0.0.1:4892 ********
2021-11-08 11:10:56,097 [myid:0] - INFO  [QuorumPeer[myid=0](plain=127.0.0.1:11234)(secure=disabled):Follower@291] - shutdown Follower
2021-11-08 11:10:56,097 [myid:0] - INFO  [RequestThrottler:RequestThrottler@219] - Draining request throttler queue
2021-11-08 11:10:56,097 [myid:0] - INFO  [RequestThrottler:RequestThrottler@195] - RequestThrottler shutdown. Dropped 0 requests
2021-11-08 11:10:56,097 [myid:] - INFO  [main:FollowerRequestProcessor@172] - Shutting down
2021-11-08 11:10:56,097 [myid:] - INFO  [main:CommitProcessor@632] - Shutting down
2021-11-08 11:10:56,097 [myid:] - INFO  [main:FinalRequestProcessor@684] - shutdown of request processor complete
2021-11-08 11:10:56,098 [myid:0] - INFO  [FollowerRequestProcessor:0:FollowerRequestProcessor@128] - FollowerRequestProcessor exited loop!
2021-11-08 11:10:56,098 [myid:0] - INFO  [CommitProcessor:0:CommitProcessor@420] - CommitProcessor exited loop!
2021-11-08 11:10:56,109 [myid:0] - INFO  [QuorumPeer[myid=0](plain=127.0.0.1:11234)(secure=disabled):QuorumPeer@915] - Peer state changed: looking
2021-11-08 11:10:56,109 [myid:0] - WARN  [QuorumPeer[myid=0](plain=127.0.0.1:11234)(secure=disabled):QuorumPeer@1563] - PeerState set to LOOKING
2021-11-08 11:10:56,109 [myid:0] - WARN  [QuorumPeer[myid=0](plain=127.0.0.1:11234)(secure=disabled):QuorumPeer@1545] - QuorumPeer main thread exited
2021-11-08 11:10:56,110 [myid:0] - INFO  [NIOServerCxnFactory.AcceptThread:/127.0.0.1:11234:NIOServerCnxnFactory$AcceptThread@195] - accept thread exitted run method
2021-11-08 11:10:56,110 [myid:0] - INFO  [ConnnectionExpirer:NIOServerCnxnFactory$ConnectionExpirerThread@564] - ConnnectionExpirerThread interrupted
2021-11-08 11:10:56,110 [myid:0] - INFO  [NIOServerCxnFactory.SelectorThread-0:NIOServerCnxnFactory$SelectorThread@397] - selector thread exitted run method
2021-11-08 11:10:56,112 [myid:0] - INFO  [QuorumPeerListener:QuorumCnxManager$Listener@980] - Leaving listener
2021-11-08 11:10:56,112 [myid:1] - WARN  [RecvWorker:0:QuorumCnxManager$RecvWorker@1397] - Connection broken for id 0, my id = 1
java.io.EOFException
	at java.io.DataInputStream.readInt(DataInputStream.java:392)
	at org.apache.zookeeper.server.quorum.QuorumCnxManager$RecvWorker.run(QuorumCnxManager.java:1385)
2021-11-08 11:10:56,113 [myid:0] - WARN  [RecvWorker:1:QuorumCnxManager$RecvWorker@1397] - Connection broken for id 1, my id = 0
java.net.SocketException: Socket closed
	at java.net.SocketInputStream.socketRead0(Native Method)
	at java.net.SocketInputStream.read(SocketInputStream.java:150)
	at java.net.SocketInputStream.read(SocketInputStream.java:121)
	at java.io.BufferedInputStream.fill(BufferedInputStream.java:246)
	at java.io.BufferedInputStream.read(BufferedInputStream.java:265)
	at java.io.DataInputStream.readInt(DataInputStream.java:387)
	at org.apache.zookeeper.server.quorum.QuorumCnxManager$RecvWorker.run(QuorumCnxManager.java:1385)
2021-11-08 11:10:56,113 [myid:1] - WARN  [RecvWorker:0:QuorumCnxManager$RecvWorker@1403] - Interrupting SendWorker thread from RecvWorker. sid: 0. myId: 1
2021-11-08 11:10:56,113 [myid:2] - WARN  [RecvWorker:0:QuorumCnxManager$RecvWorker@1397] - Connection broken for id 0, my id = 2
java.io.EOFException
	at java.io.DataInputStream.readInt(DataInputStream.java:392)
	at org.apache.zookeeper.server.quorum.QuorumCnxManager$RecvWorker.run(QuorumCnxManager.java:1385)
2021-11-08 11:10:56,113 [myid:0] - WARN  [RecvWorker:1:QuorumCnxManager$RecvWorker@1403] - Interrupting SendWorker thread from RecvWorker. sid: 1. myId: 0
2021-11-08 11:10:56,114 [myid:0] - WARN  [RecvWorker:2:QuorumCnxManager$RecvWorker@1397] - Connection broken for id 2, my id = 0
java.net.SocketException: Socket closed
	at java.net.SocketInputStream.socketRead0(Native Method)
	at java.net.SocketInputStream.read(SocketInputStream.java:150)
	at java.net.SocketInputStream.read(SocketInputStream.java:121)
	at java.io.BufferedInputStream.fill(BufferedInputStream.java:246)
	at java.io.BufferedInputStream.read(BufferedInputStream.java:265)
	at java.io.DataInputStream.readInt(DataInputStream.java:387)
	at org.apache.zookeeper.server.quorum.QuorumCnxManager$RecvWorker.run(QuorumCnxManager.java:1385)
2021-11-08 11:10:56,114 [myid:0] - WARN  [RecvWorker:2:QuorumCnxManager$RecvWorker@1403] - Interrupting SendWorker thread from RecvWorker. sid: 2. myId: 0
2021-11-08 11:10:56,114 [myid:3] - WARN  [RecvWorker:0:QuorumCnxManager$RecvWorker@1397] - Connection broken for id 0, my id = 3
java.io.EOFException
	at java.io.DataInputStream.readInt(DataInputStream.java:392)
	at org.apache.zookeeper.server.quorum.QuorumCnxManager$RecvWorker.run(QuorumCnxManager.java:1385)
2021-11-08 11:10:56,114 [myid:3] - WARN  [RecvWorker:0:QuorumCnxManager$RecvWorker@1403] - Interrupting SendWorker thread from RecvWorker. sid: 0. myId: 3
2021-11-08 11:10:56,113 [myid:2] - WARN  [RecvWorker:0:QuorumCnxManager$RecvWorker@1403] - Interrupting SendWorker thread from RecvWorker. sid: 0. myId: 2
2021-11-08 11:10:56,114 [myid:0] - WARN  [SendWorker:2:QuorumCnxManager$SendWorker@1283] - Interrupted while waiting for message on queue
java.lang.InterruptedException
	at java.util.concurrent.locks.AbstractQueuedSynchronizer$ConditionObject.reportInterruptAfterWait(AbstractQueuedSynchronizer.java:2014)
	at java.util.concurrent.locks.AbstractQueuedSynchronizer$ConditionObject.awaitNanos(AbstractQueuedSynchronizer.java:2088)
	at org.apache.zookeeper.util.CircularBlockingQueue.poll(CircularBlockingQueue.java:105)
	at org.apache.zookeeper.server.quorum.QuorumCnxManager.pollSendQueue(QuorumCnxManager.java:1448)
	at org.apache.zookeeper.server.quorum.QuorumCnxManager.access$900(QuorumCnxManager.java:99)
	at org.apache.zookeeper.server.quorum.QuorumCnxManager$SendWorker.run(QuorumCnxManager.java:1272)
2021-11-08 11:10:56,115 [myid:0] - WARN  [SendWorker:2:QuorumCnxManager$SendWorker@1295] - Send worker leaving thread id 2 my id = 0
2021-11-08 11:10:56,115 [myid:3] - WARN  [SendWorker:0:QuorumCnxManager$SendWorker@1283] - Interrupted while waiting for message on queue
java.lang.InterruptedException
	at java.util.concurrent.locks.AbstractQueuedSynchronizer$ConditionObject.reportInterruptAfterWait(AbstractQueuedSynchronizer.java:2014)
	at java.util.concurrent.locks.AbstractQueuedSynchronizer$ConditionObject.awaitNanos(AbstractQueuedSynchronizer.java:2088)
	at org.apache.zookeeper.util.CircularBlockingQueue.poll(CircularBlockingQueue.java:105)
	at org.apache.zookeeper.server.quorum.QuorumCnxManager.pollSendQueue(QuorumCnxManager.java:1448)
	at org.apache.zookeeper.server.quorum.QuorumCnxManager.access$900(QuorumCnxManager.java:99)
	at org.apache.zookeeper.server.quorum.QuorumCnxManager$SendWorker.run(QuorumCnxManager.java:1272)
2021-11-08 11:10:56,115 [myid:3] - WARN  [SendWorker:0:QuorumCnxManager$SendWorker@1295] - Send worker leaving thread id 0 my id = 3
2021-11-08 11:10:56,114 [myid:0] - WARN  [SendWorker:1:QuorumCnxManager$SendWorker@1283] - Interrupted while waiting for message on queue
java.lang.InterruptedException
	at java.util.concurrent.locks.AbstractQueuedSynchronizer$ConditionObject.reportInterruptAfterWait(AbstractQueuedSynchronizer.java:2014)
	at java.util.concurrent.locks.AbstractQueuedSynchronizer$ConditionObject.awaitNanos(AbstractQueuedSynchronizer.java:2088)
	at org.apache.zookeeper.util.CircularBlockingQueue.poll(CircularBlockingQueue.java:105)
	at org.apache.zookeeper.server.quorum.QuorumCnxManager.pollSendQueue(QuorumCnxManager.java:1448)
	at org.apache.zookeeper.server.quorum.QuorumCnxManager.access$900(QuorumCnxManager.java:99)
	at org.apache.zookeeper.server.quorum.QuorumCnxManager$SendWorker.run(QuorumCnxManager.java:1272)
2021-11-08 11:10:56,118 [myid:0] - WARN  [SendWorker:1:QuorumCnxManager$SendWorker@1295] - Send worker leaving thread id 1 my id = 0
2021-11-08 11:10:56,114 [myid:] - INFO  [main:QuorumBase@426] - Shutting down leader election QuorumPeer[myid=0](plain=127.0.0.1:11234)(secure=disabled)
2021-11-08 11:10:56,119 [myid:] - INFO  [main:QuorumBase@431] - Waiting for QuorumPeer[myid=0](plain=127.0.0.1:11234)(secure=disabled) to exit thread
2021-11-08 11:10:56,114 [myid:1] - WARN  [SendWorker:0:QuorumCnxManager$SendWorker@1283] - Interrupted while waiting for message on queue
java.lang.InterruptedException
	at java.util.concurrent.locks.AbstractQueuedSynchronizer$ConditionObject.reportInterruptAfterWait(AbstractQueuedSynchronizer.java:2014)
	at java.util.concurrent.locks.AbstractQueuedSynchronizer$ConditionObject.awaitNanos(AbstractQueuedSynchronizer.java:2088)
	at org.apache.zookeeper.util.CircularBlockingQueue.poll(CircularBlockingQueue.java:105)
	at org.apache.zookeeper.server.quorum.QuorumCnxManager.pollSendQueue(QuorumCnxManager.java:1448)
	at org.apache.zookeeper.server.quorum.QuorumCnxManager.access$900(QuorumCnxManager.java:99)
	at org.apache.zookeeper.server.quorum.QuorumCnxManager$SendWorker.run(QuorumCnxManager.java:1272)
2021-11-08 11:10:56,121 [myid:1] - WARN  [SendWorker:0:QuorumCnxManager$SendWorker@1295] - Send worker leaving thread id 0 my id = 1
2021-11-08 11:10:56,114 [myid:0] - WARN  [SendWorker:3:QuorumCnxManager$SendWorker@1283] - Interrupted while waiting for message on queue
java.lang.InterruptedException
	at java.util.concurrent.locks.AbstractQueuedSynchronizer$ConditionObject.reportInterruptAfterWait(AbstractQueuedSynchronizer.java:2014)
	at java.util.concurrent.locks.AbstractQueuedSynchronizer$ConditionObject.awaitNanos(AbstractQueuedSynchronizer.java:2088)
	at org.apache.zookeeper.util.CircularBlockingQueue.poll(CircularBlockingQueue.java:105)
	at org.apache.zookeeper.server.quorum.QuorumCnxManager.pollSendQueue(QuorumCnxManager.java:1448)
	at org.apache.zookeeper.server.quorum.QuorumCnxManager.access$900(QuorumCnxManager.java:99)
	at org.apache.zookeeper.server.quorum.QuorumCnxManager$SendWorker.run(QuorumCnxManager.java:1272)
2021-11-08 11:10:56,114 [myid:0] - WARN  [RecvWorker:3:QuorumCnxManager$RecvWorker@1397] - Connection broken for id 3, my id = 0
java.net.SocketException: Socket closed
	at java.net.SocketInputStream.socketRead0(Native Method)
	at java.net.SocketInputStream.read(SocketInputStream.java:150)
	at java.net.SocketInputStream.read(SocketInputStream.java:121)
	at java.io.BufferedInputStream.fill(BufferedInputStream.java:246)
	at java.io.BufferedInputStream.read(BufferedInputStream.java:265)
	at java.io.DataInputStream.readInt(DataInputStream.java:387)
	at org.apache.zookeeper.server.quorum.QuorumCnxManager$RecvWorker.run(QuorumCnxManager.java:1385)
2021-11-08 11:10:56,121 [myid:0] - WARN  [RecvWorker:3:QuorumCnxManager$RecvWorker@1403] - Interrupting SendWorker thread from RecvWorker. sid: 3. myId: 0
2021-11-08 11:10:56,121 [myid:0] - WARN  [SendWorker:3:QuorumCnxManager$SendWorker@1295] - Send worker leaving thread id 3 my id = 0
2021-11-08 11:10:56,115 [myid:2] - WARN  [SendWorker:0:QuorumCnxManager$SendWorker@1283] - Interrupted while waiting for message on queue
java.lang.InterruptedException
	at java.util.concurrent.locks.AbstractQueuedSynchronizer$ConditionObject.reportInterruptAfterWait(AbstractQueuedSynchronizer.java:2014)
	at java.util.concurrent.locks.AbstractQueuedSynchronizer$ConditionObject.awaitNanos(AbstractQueuedSynchronizer.java:2088)
	at org.apache.zookeeper.util.CircularBlockingQueue.poll(CircularBlockingQueue.java:105)
	at org.apache.zookeeper.server.quorum.QuorumCnxManager.pollSendQueue(QuorumCnxManager.java:1448)
	at org.apache.zookeeper.server.quorum.QuorumCnxManager.access$900(QuorumCnxManager.java:99)
	at org.apache.zookeeper.server.quorum.QuorumCnxManager$SendWorker.run(QuorumCnxManager.java:1272)
2021-11-08 11:10:56,124 [myid:2] - WARN  [SendWorker:0:QuorumCnxManager$SendWorker@1295] - Send worker leaving thread id 0 my id = 2
2021-11-08 11:10:56,275 [myid:3] - WARN  [LeaderConnector-/127.0.0.1:11229:Learner$LeaderConnector@445] - Unexpected exception, tries=3, remaining init limit=10909, connecting to /127.0.0.1:11229
java.net.ConnectException: Connection refused: connect
	at java.net.DualStackPlainSocketImpl.waitForConnect(Native Method)
	at java.net.DualStackPlainSocketImpl.socketConnect(DualStackPlainSocketImpl.java:85)
	at java.net.AbstractPlainSocketImpl.doConnect(AbstractPlainSocketImpl.java:345)
	at java.net.AbstractPlainSocketImpl.connectToAddress(AbstractPlainSocketImpl.java:206)
	at java.net.AbstractPlainSocketImpl.connect(AbstractPlainSocketImpl.java:188)
	at java.net.PlainSocketImpl.connect(PlainSocketImpl.java:172)
	at java.net.SocksSocketImpl.connect(SocksSocketImpl.java:392)
	at java.net.Socket.connect(Socket.java:589)
	at org.apache.zookeeper.server.quorum.Learner.sockConnect(Learner.java:302)
	at org.apache.zookeeper.server.quorum.Learner$LeaderConnector.connectToLeader(Learner.java:419)
	at org.apache.zookeeper.server.quorum.Learner$LeaderConnector.run(Learner.java:377)
	at java.util.concurrent.Executors$RunnableAdapter.call(Executors.java:511)
	at java.util.concurrent.FutureTask.run(FutureTask.java:266)
	at java.util.concurrent.ThreadPoolExecutor.runWorker(ThreadPoolExecutor.java:1142)
	at java.util.concurrent.ThreadPoolExecutor$Worker.run(ThreadPoolExecutor.java:617)
	at java.lang.Thread.run(Thread.java:745)
2021-11-08 11:10:56,529 [myid:127.0.0.1:11231] - WARN  [main-SendThread(127.0.0.1:11231):ClientCnxn$SendThread@1290] - Session 0x3005806ed610000 for sever xmind.net/127.0.0.1:11231, Closing socket connection. Attempting reconnect except it is a SessionExpiredException.
java.net.ConnectException: Connection refused: no further information
	at sun.nio.ch.SocketChannelImpl.checkConnect(Native Method)
	at sun.nio.ch.SocketChannelImpl.finishConnect(SocketChannelImpl.java:716)
	at org.apache.zookeeper.ClientCnxnSocketNIO.doTransport(ClientCnxnSocketNIO.java:344)
	at org.apache.zookeeper.ClientCnxn$SendThread.run(ClientCnxn.java:1280)
2021-11-08 11:10:57,012 [myid:127.0.0.1:11222] - WARN  [main-SendThread(127.0.0.1:11222):ClientCnxn$SendThread@1290] - Session 0x5806ebea0000 for sever xmind.net/127.0.0.1:11222, Closing socket connection. Attempting reconnect except it is a SessionExpiredException.
java.net.ConnectException: Connection refused: no further information
	at sun.nio.ch.SocketChannelImpl.checkConnect(Native Method)
	at sun.nio.ch.SocketChannelImpl.finishConnect(SocketChannelImpl.java:716)
	at org.apache.zookeeper.ClientCnxnSocketNIO.doTransport(ClientCnxnSocketNIO.java:344)
	at org.apache.zookeeper.ClientCnxn$SendThread.run(ClientCnxn.java:1280)
2021-11-08 11:10:57,669 [myid:127.0.0.1:11228] - WARN  [main-SendThread(127.0.0.1:11228):ClientCnxn$SendThread@1290] - Session 0x2005806ebfe0000 for sever xmind.net/127.0.0.1:11228, Closing socket connection. Attempting reconnect except it is a SessionExpiredException.
java.net.ConnectException: Connection refused: no further information
	at sun.nio.ch.SocketChannelImpl.checkConnect(Native Method)
	at sun.nio.ch.SocketChannelImpl.finishConnect(SocketChannelImpl.java:716)
	at org.apache.zookeeper.ClientCnxnSocketNIO.doTransport(ClientCnxnSocketNIO.java:344)
	at org.apache.zookeeper.ClientCnxn$SendThread.run(ClientCnxn.java:1280)
2021-11-08 11:10:57,812 [myid:127.0.0.1:11225] - WARN  [main-SendThread(127.0.0.1:11225):ClientCnxn$SendThread@1290] - Session 0x1005806ebea0000 for sever xmind.net/127.0.0.1:11225, Closing socket connection. Attempting reconnect except it is a SessionExpiredException.
java.net.ConnectException: Connection refused: no further information
	at sun.nio.ch.SocketChannelImpl.checkConnect(Native Method)
	at sun.nio.ch.SocketChannelImpl.finishConnect(SocketChannelImpl.java:716)
	at org.apache.zookeeper.ClientCnxnSocketNIO.doTransport(ClientCnxnSocketNIO.java:344)
	at org.apache.zookeeper.ClientCnxn$SendThread.run(ClientCnxn.java:1280)
2021-11-08 11:10:58,175 [myid:127.0.0.1:11234] - INFO  [main-SendThread(127.0.0.1:11234):ClientCnxn$SendThread@1171] - Opening socket connection to server xmind.net/127.0.0.1:11234.
2021-11-08 11:10:58,175 [myid:127.0.0.1:11234] - INFO  [main-SendThread(127.0.0.1:11234):ClientCnxn$SendThread@1173] - SASL config status: Will not attempt to authenticate using SASL (unknown error)
2021-11-08 11:10:58,511 [myid:127.0.0.1:11231] - INFO  [main-SendThread(127.0.0.1:11231):ClientCnxn$SendThread@1171] - Opening socket connection to server xmind.net/127.0.0.1:11231.
2021-11-08 11:10:58,511 [myid:127.0.0.1:11231] - INFO  [main-SendThread(127.0.0.1:11231):ClientCnxn$SendThread@1173] - SASL config status: Will not attempt to authenticate using SASL (unknown error)
2021-11-08 11:10:58,582 [myid:3] - ERROR [LeaderConnector-/127.0.0.1:11229:Learner$LeaderConnector@437] - Unexpected exception, retries exceeded. tries=4, remaining init limit=8602, connecting to /127.0.0.1:11229
java.net.ConnectException: Connection refused: connect
	at java.net.DualStackPlainSocketImpl.waitForConnect(Native Method)
	at java.net.DualStackPlainSocketImpl.socketConnect(DualStackPlainSocketImpl.java:85)
	at java.net.AbstractPlainSocketImpl.doConnect(AbstractPlainSocketImpl.java:345)
	at java.net.AbstractPlainSocketImpl.connectToAddress(AbstractPlainSocketImpl.java:206)
	at java.net.AbstractPlainSocketImpl.connect(AbstractPlainSocketImpl.java:188)
	at java.net.PlainSocketImpl.connect(PlainSocketImpl.java:172)
	at java.net.SocksSocketImpl.connect(SocksSocketImpl.java:392)
	at java.net.Socket.connect(Socket.java:589)
	at org.apache.zookeeper.server.quorum.Learner.sockConnect(Learner.java:302)
	at org.apache.zookeeper.server.quorum.Learner$LeaderConnector.connectToLeader(Learner.java:419)
	at org.apache.zookeeper.server.quorum.Learner$LeaderConnector.run(Learner.java:377)
	at java.util.concurrent.Executors$RunnableAdapter.call(Executors.java:511)
	at java.util.concurrent.FutureTask.run(FutureTask.java:266)
	at java.util.concurrent.ThreadPoolExecutor.runWorker(ThreadPoolExecutor.java:1142)
	at java.util.concurrent.ThreadPoolExecutor$Worker.run(ThreadPoolExecutor.java:617)
	at java.lang.Thread.run(Thread.java:745)
2021-11-08 11:10:58,582 [myid:3] - ERROR [LeaderConnector-/127.0.0.1:11229:Learner$LeaderConnector@389] - Failed connect to /127.0.0.1:11229
java.net.ConnectException: Connection refused: connect
	at java.net.DualStackPlainSocketImpl.waitForConnect(Native Method)
	at java.net.DualStackPlainSocketImpl.socketConnect(DualStackPlainSocketImpl.java:85)
	at java.net.AbstractPlainSocketImpl.doConnect(AbstractPlainSocketImpl.java:345)
	at java.net.AbstractPlainSocketImpl.connectToAddress(AbstractPlainSocketImpl.java:206)
	at java.net.AbstractPlainSocketImpl.connect(AbstractPlainSocketImpl.java:188)
	at java.net.PlainSocketImpl.connect(PlainSocketImpl.java:172)
	at java.net.SocksSocketImpl.connect(SocksSocketImpl.java:392)
	at java.net.Socket.connect(Socket.java:589)
	at org.apache.zookeeper.server.quorum.Learner.sockConnect(Learner.java:302)
	at org.apache.zookeeper.server.quorum.Learner$LeaderConnector.connectToLeader(Learner.java:419)
	at org.apache.zookeeper.server.quorum.Learner$LeaderConnector.run(Learner.java:377)
	at java.util.concurrent.Executors$RunnableAdapter.call(Executors.java:511)
	at java.util.concurrent.FutureTask.run(FutureTask.java:266)
	at java.util.concurrent.ThreadPoolExecutor.runWorker(ThreadPoolExecutor.java:1142)
	at java.util.concurrent.ThreadPoolExecutor$Worker.run(ThreadPoolExecutor.java:617)
	at java.lang.Thread.run(Thread.java:745)
2021-11-08 11:10:58,649 [myid:] - INFO  [main:QuorumBase@422] - Shutting down quorum peer QuorumPeer[myid=3](plain=127.0.0.1:11243)(secure=disabled)
2021-11-08 11:10:58,650 [myid:127.0.0.1:11243] - WARN  [main-SendThread(127.0.0.1:11243):ClientCnxn$SendThread@1290] - Session 0x3005807239f0000 for sever xmind.net/127.0.0.1:11243, Closing socket connection. Attempting reconnect except it is a SessionExpiredException.
EndOfStreamException: Unable to read additional data from server sessionid 0x3005807239f0000, likely server has closed socket
	at org.apache.zookeeper.ClientCnxnSocketNIO.doIO(ClientCnxnSocketNIO.java:77)
	at org.apache.zookeeper.ClientCnxnSocketNIO.doTransport(ClientCnxnSocketNIO.java:350)
	at org.apache.zookeeper.ClientCnxn$SendThread.run(ClientCnxn.java:1280)
2021-11-08 11:10:58,651 [myid:3] - INFO  [ConnnectionExpirer:NIOServerCnxnFactory$ConnectionExpirerThread@564] - ConnnectionExpirerThread interrupted
2021-11-08 11:10:58,651 [myid:3] - INFO  [NIOServerCxnFactory.SelectorThread-0:NIOServerCnxnFactory$SelectorThread@397] - selector thread exitted run method
2021-11-08 11:10:58,651 [myid:3] - INFO  [NIOServerCxnFactory.AcceptThread:/127.0.0.1:11243:NIOServerCnxnFactory$AcceptThread@195] - accept thread exitted run method
2021-11-08 11:10:58,652 [myid:] - INFO  [main:LearnerZooKeeperServer@160] - Shutting down
2021-11-08 11:10:58,652 [myid:] - INFO  [main:ZooKeeperServer@829] - shutting down
2021-11-08 11:10:58,652 [myid:] - INFO  [main:RequestThrottler@258] - Shutting down
2021-11-08 11:10:58,653 [myid:3] - INFO  [RequestThrottler:RequestThrottler@219] - Draining request throttler queue
2021-11-08 11:10:58,653 [myid:3] - INFO  [RequestThrottler:RequestThrottler@195] - RequestThrottler shutdown. Dropped 0 requests
2021-11-08 11:10:58,653 [myid:] - INFO  [main:ObserverRequestProcessor@161] - Shutting down
2021-11-08 11:10:58,653 [myid:] - INFO  [main:CommitProcessor@632] - Shutting down
2021-11-08 11:10:58,653 [myid:] - INFO  [main:FinalRequestProcessor@684] - shutdown of request processor complete
2021-11-08 11:10:58,654 [myid:3] - INFO  [ObserverRequestProcessor:3:ObserverRequestProcessor@129] - ObserverRequestProcessor exited loop!
2021-11-08 11:10:58,654 [myid:3] - INFO  [CommitProcessor:3:CommitProcessor@420] - CommitProcessor exited loop!
2021-11-08 11:10:58,655 [myid:] - INFO  [main:SyncRequestProcessor@255] - Shutting down
2021-11-08 11:10:58,655 [myid:3] - INFO  [SyncThread:3:SyncRequestProcessor@224] - SyncRequestProcessor exited!
2021-11-08 11:10:58,655 [myid:] - INFO  [main:SyncRequestProcessor@255] - Shutting down
2021-11-08 11:10:58,656 [myid:3] - INFO  [QuorumPeerListener:QuorumCnxManager$Listener@980] - Leaving listener
2021-11-08 11:10:58,656 [myid:1] - WARN  [RecvWorker:3:QuorumCnxManager$RecvWorker@1397] - Connection broken for id 3, my id = 1
java.io.EOFException
	at java.io.DataInputStream.readInt(DataInputStream.java:392)
	at org.apache.zookeeper.server.quorum.QuorumCnxManager$RecvWorker.run(QuorumCnxManager.java:1385)
2021-11-08 11:10:58,656 [myid:3] - WARN  [RecvWorker:1:QuorumCnxManager$RecvWorker@1397] - Connection broken for id 1, my id = 3
java.net.SocketException: Socket closed
	at java.net.SocketInputStream.socketRead0(Native Method)
	at java.net.SocketInputStream.read(SocketInputStream.java:150)
	at java.net.SocketInputStream.read(SocketInputStream.java:121)
	at java.io.BufferedInputStream.fill(BufferedInputStream.java:246)
	at java.io.BufferedInputStream.read(BufferedInputStream.java:265)
	at java.io.DataInputStream.readInt(DataInputStream.java:387)
	at org.apache.zookeeper.server.quorum.QuorumCnxManager$RecvWorker.run(QuorumCnxManager.java:1385)
2021-11-08 11:10:58,656 [myid:2] - WARN  [RecvWorker:3:QuorumCnxManager$RecvWorker@1397] - Connection broken for id 3, my id = 2
java.io.EOFException
	at java.io.DataInputStream.readInt(DataInputStream.java:392)
	at org.apache.zookeeper.server.quorum.QuorumCnxManager$RecvWorker.run(QuorumCnxManager.java:1385)
2021-11-08 11:10:58,656 [myid:1] - WARN  [RecvWorker:3:QuorumCnxManager$RecvWorker@1403] - Interrupting SendWorker thread from RecvWorker. sid: 3. myId: 1
2021-11-08 11:10:58,656 [myid:2] - WARN  [RecvWorker:3:QuorumCnxManager$RecvWorker@1403] - Interrupting SendWorker thread from RecvWorker. sid: 3. myId: 2
2021-11-08 11:10:58,656 [myid:3] - WARN  [RecvWorker:2:QuorumCnxManager$RecvWorker@1397] - Connection broken for id 2, my id = 3
java.net.SocketException: Socket closed
	at java.net.SocketInputStream.socketRead0(Native Method)
	at java.net.SocketInputStream.read(SocketInputStream.java:150)
	at java.net.SocketInputStream.read(SocketInputStream.java:121)
	at java.io.BufferedInputStream.fill(BufferedInputStream.java:246)
	at java.io.BufferedInputStream.read(BufferedInputStream.java:265)
	at java.io.DataInputStream.readInt(DataInputStream.java:387)
	at org.apache.zookeeper.server.quorum.QuorumCnxManager$RecvWorker.run(QuorumCnxManager.java:1385)
2021-11-08 11:10:58,656 [myid:3] - WARN  [RecvWorker:1:QuorumCnxManager$RecvWorker@1403] - Interrupting SendWorker thread from RecvWorker. sid: 1. myId: 3
2021-11-08 11:10:58,657 [myid:3] - WARN  [RecvWorker:2:QuorumCnxManager$RecvWorker@1403] - Interrupting SendWorker thread from RecvWorker. sid: 2. myId: 3
2021-11-08 11:10:58,657 [myid:3] - WARN  [SendWorker:1:QuorumCnxManager$SendWorker@1283] - Interrupted while waiting for message on queue
java.lang.InterruptedException
	at java.util.concurrent.locks.AbstractQueuedSynchronizer$ConditionObject.reportInterruptAfterWait(AbstractQueuedSynchronizer.java:2014)
	at java.util.concurrent.locks.AbstractQueuedSynchronizer$ConditionObject.awaitNanos(AbstractQueuedSynchronizer.java:2088)
	at org.apache.zookeeper.util.CircularBlockingQueue.poll(CircularBlockingQueue.java:105)
	at org.apache.zookeeper.server.quorum.QuorumCnxManager.pollSendQueue(QuorumCnxManager.java:1448)
	at org.apache.zookeeper.server.quorum.QuorumCnxManager.access$900(QuorumCnxManager.java:99)
	at org.apache.zookeeper.server.quorum.QuorumCnxManager$SendWorker.run(QuorumCnxManager.java:1272)
2021-11-08 11:10:58,657 [myid:3] - WARN  [SendWorker:1:QuorumCnxManager$SendWorker@1295] - Send worker leaving thread id 1 my id = 3
2021-11-08 11:10:58,657 [myid:2] - WARN  [SendWorker:3:QuorumCnxManager$SendWorker@1283] - Interrupted while waiting for message on queue
java.lang.InterruptedException
	at java.util.concurrent.locks.AbstractQueuedSynchronizer$ConditionObject.reportInterruptAfterWait(AbstractQueuedSynchronizer.java:2014)
	at java.util.concurrent.locks.AbstractQueuedSynchronizer$ConditionObject.awaitNanos(AbstractQueuedSynchronizer.java:2088)
	at org.apache.zookeeper.util.CircularBlockingQueue.poll(CircularBlockingQueue.java:105)
	at org.apache.zookeeper.server.quorum.QuorumCnxManager.pollSendQueue(QuorumCnxManager.java:1448)
	at org.apache.zookeeper.server.quorum.QuorumCnxManager.access$900(QuorumCnxManager.java:99)
	at org.apache.zookeeper.server.quorum.QuorumCnxManager$SendWorker.run(QuorumCnxManager.java:1272)
2021-11-08 11:10:58,657 [myid:3] - WARN  [SendWorker:2:QuorumCnxManager$SendWorker@1283] - Interrupted while waiting for message on queue
java.lang.InterruptedException
	at java.util.concurrent.locks.AbstractQueuedSynchronizer$ConditionObject.reportInterruptAfterWait(AbstractQueuedSynchronizer.java:2014)
	at java.util.concurrent.locks.AbstractQueuedSynchronizer$ConditionObject.awaitNanos(AbstractQueuedSynchronizer.java:2088)
	at org.apache.zookeeper.util.CircularBlockingQueue.poll(CircularBlockingQueue.java:105)
	at org.apache.zookeeper.server.quorum.QuorumCnxManager.pollSendQueue(QuorumCnxManager.java:1448)
	at org.apache.zookeeper.server.quorum.QuorumCnxManager.access$900(QuorumCnxManager.java:99)
	at org.apache.zookeeper.server.quorum.QuorumCnxManager$SendWorker.run(QuorumCnxManager.java:1272)
2021-11-08 11:10:58,657 [myid:1] - WARN  [SendWorker:3:QuorumCnxManager$SendWorker@1283] - Interrupted while waiting for message on queue
java.lang.InterruptedException
	at java.util.concurrent.locks.AbstractQueuedSynchronizer$ConditionObject.reportInterruptAfterWait(AbstractQueuedSynchronizer.java:2014)
	at java.util.concurrent.locks.AbstractQueuedSynchronizer$ConditionObject.awaitNanos(AbstractQueuedSynchronizer.java:2088)
	at org.apache.zookeeper.util.CircularBlockingQueue.poll(CircularBlockingQueue.java:105)
	at org.apache.zookeeper.server.quorum.QuorumCnxManager.pollSendQueue(QuorumCnxManager.java:1448)
	at org.apache.zookeeper.server.quorum.QuorumCnxManager.access$900(QuorumCnxManager.java:99)
	at org.apache.zookeeper.server.quorum.QuorumCnxManager$SendWorker.run(QuorumCnxManager.java:1272)
2021-11-08 11:10:58,657 [myid:] - INFO  [main:QuorumBase@426] - Shutting down leader election QuorumPeer[myid=3](plain=127.0.0.1:11243)(secure=disabled)
2021-11-08 11:10:58,658 [myid:0] - INFO  [WorkerSender[myid=0]:FastLeaderElection$Messenger$WorkerSender@506] - WorkerSender is down
2021-11-08 11:10:58,658 [myid:0] - INFO  [WorkerReceiver[myid=0]:FastLeaderElection$Messenger$WorkerReceiver@472] - WorkerReceiver is down
2021-11-08 11:10:58,658 [myid:1] - WARN  [SendWorker:3:QuorumCnxManager$SendWorker@1295] - Send worker leaving thread id 3 my id = 1
2021-11-08 11:10:58,658 [myid:3] - WARN  [SendWorker:2:QuorumCnxManager$SendWorker@1295] - Send worker leaving thread id 2 my id = 3
2021-11-08 11:10:58,658 [myid:2] - WARN  [SendWorker:3:QuorumCnxManager$SendWorker@1295] - Send worker leaving thread id 3 my id = 2
2021-11-08 11:10:58,658 [myid:] - INFO  [main:QuorumBase@431] - Waiting for QuorumPeer[myid=3](plain=127.0.0.1:11243)(secure=disabled) to exit thread
2021-11-08 11:10:59,012 [myid:127.0.0.1:11222] - INFO  [main-SendThread(127.0.0.1:11222):ClientCnxn$SendThread@1171] - Opening socket connection to server xmind.net/127.0.0.1:11222.
2021-11-08 11:10:59,012 [myid:127.0.0.1:11222] - INFO  [main-SendThread(127.0.0.1:11222):ClientCnxn$SendThread@1173] - SASL config status: Will not attempt to authenticate using SASL (unknown error)
2021-11-08 11:10:59,130 [myid:127.0.0.1:11228] - INFO  [main-SendThread(127.0.0.1:11228):ClientCnxn$SendThread@1171] - Opening socket connection to server xmind.net/127.0.0.1:11228.
2021-11-08 11:10:59,130 [myid:127.0.0.1:11228] - INFO  [main-SendThread(127.0.0.1:11228):ClientCnxn$SendThread@1173] - SASL config status: Will not attempt to authenticate using SASL (unknown error)
2021-11-08 11:10:59,797 [myid:127.0.0.1:11225] - INFO  [main-SendThread(127.0.0.1:11225):ClientCnxn$SendThread@1171] - Opening socket connection to server xmind.net/127.0.0.1:11225.
2021-11-08 11:10:59,797 [myid:127.0.0.1:11225] - INFO  [main-SendThread(127.0.0.1:11225):ClientCnxn$SendThread@1173] - SASL config status: Will not attempt to authenticate using SASL (unknown error)
2021-11-08 11:10:59,827 [myid:127.0.0.1:11243] - INFO  [main-SendThread(127.0.0.1:11243):ClientCnxn$SendThread@1171] - Opening socket connection to server xmind.net/127.0.0.1:11243.
2021-11-08 11:10:59,827 [myid:127.0.0.1:11243] - INFO  [main-SendThread(127.0.0.1:11243):ClientCnxn$SendThread@1173] - SASL config status: Will not attempt to authenticate using SASL (unknown error)
2021-11-08 11:11:00,240 [myid:127.0.0.1:11234] - WARN  [main-SendThread(127.0.0.1:11234):ClientCnxn$SendThread@1290] - Session 0x580724190000 for sever xmind.net/127.0.0.1:11234, Closing socket connection. Attempting reconnect except it is a SessionExpiredException.
java.net.ConnectException: Connection refused: no further information
	at sun.nio.ch.SocketChannelImpl.checkConnect(Native Method)
	at sun.nio.ch.SocketChannelImpl.finishConnect(SocketChannelImpl.java:716)
	at org.apache.zookeeper.ClientCnxnSocketNIO.doTransport(ClientCnxnSocketNIO.java:344)
	at org.apache.zookeeper.ClientCnxn$SendThread.run(ClientCnxn.java:1280)
2021-11-08 11:11:00,593 [myid:3] - INFO  [QuorumPeer[myid=3](plain=127.0.0.1:11243)(secure=disabled):Observer@140] - Disconnected from leader (with address: /127.0.0.1:11241). Was connected for 8165ms. Sync state: true
2021-11-08 11:11:00,593 [myid:3] - INFO  [QuorumPeer[myid=3](plain=127.0.0.1:11243)(secure=disabled):Observer@245] - shutdown Observer
2021-11-08 11:11:00,593 [myid:2] - ERROR [LearnerHandler-/127.0.0.1:4398:LearnerHandler@715] - Unexpected exception in LearnerHandler: 
java.io.EOFException
	at java.io.DataInputStream.readInt(DataInputStream.java:392)
	at org.apache.jute.BinaryInputArchive.readInt(BinaryInputArchive.java:96)
	at org.apache.zookeeper.server.quorum.QuorumPacket.deserialize(QuorumPacket.java:86)
	at org.apache.jute.BinaryInputArchive.readRecord(BinaryInputArchive.java:134)
	at org.apache.zookeeper.server.quorum.LearnerHandler.run(LearnerHandler.java:652)
2021-11-08 11:11:00,593 [myid:2] - INFO  [LearnerHandler-/127.0.0.1:4398:LearnerHandler@1155] - Synchronously closing socket to learner 3.
2021-11-08 11:11:00,593 [myid:3] - INFO  [QuorumPeer[myid=3](plain=127.0.0.1:11243)(secure=disabled):QuorumPeer@915] - Peer state changed: looking
2021-11-08 11:11:00,593 [myid:2] - WARN  [LearnerHandler-/127.0.0.1:4398:LearnerHandler@731] - ******* GOODBYE /127.0.0.1:4398 ********
2021-11-08 11:11:00,593 [myid:3] - WARN  [QuorumPeer[myid=3](plain=127.0.0.1:11243)(secure=disabled):QuorumPeer@1563] - PeerState set to LOOKING
2021-11-08 11:11:00,593 [myid:3] - WARN  [QuorumPeer[myid=3](plain=127.0.0.1:11243)(secure=disabled):QuorumPeer@1545] - QuorumPeer main thread exited
2021-11-08 11:11:00,594 [myid:] - INFO  [main:QuorumPeerTestBase$Servers@441] - Leader is 2
2021-11-08 11:11:00,597 [myid:] - INFO  [main:QuorumBase@422] - Shutting down quorum peer QuorumPeer[myid=1](plain=127.0.0.1:11237)(secure=disabled)
2021-11-08 11:11:00,598 [myid:] - INFO  [main:Follower@291] - shutdown Follower
2021-11-08 11:11:00,598 [myid:127.0.0.1:11237] - WARN  [main-SendThread(127.0.0.1:11237):ClientCnxn$SendThread@1290] - Session 0x1005807239e0000 for sever xmind.net/127.0.0.1:11237, Closing socket connection. Attempting reconnect except it is a SessionExpiredException.
EndOfStreamException: Unable to read additional data from server sessionid 0x1005807239e0000, likely server has closed socket
	at org.apache.zookeeper.ClientCnxnSocketNIO.doIO(ClientCnxnSocketNIO.java:77)
	at org.apache.zookeeper.ClientCnxnSocketNIO.doTransport(ClientCnxnSocketNIO.java:350)
	at org.apache.zookeeper.ClientCnxn$SendThread.run(ClientCnxn.java:1280)
2021-11-08 11:11:00,598 [myid:2] - ERROR [LearnerHandler-/127.0.0.1:3547:LearnerHandler@715] - Unexpected exception in LearnerHandler: 
java.io.EOFException
	at java.io.DataInputStream.readInt(DataInputStream.java:392)
	at org.apache.jute.BinaryInputArchive.readInt(BinaryInputArchive.java:96)
	at org.apache.zookeeper.server.quorum.QuorumPacket.deserialize(QuorumPacket.java:86)
	at org.apache.jute.BinaryInputArchive.readRecord(BinaryInputArchive.java:134)
	at org.apache.zookeeper.server.quorum.LearnerHandler.run(LearnerHandler.java:652)
2021-11-08 11:11:00,598 [myid:2] - INFO  [LearnerHandler-/127.0.0.1:3547:LearnerHandler@1155] - Synchronously closing socket to learner 1.
2021-11-08 11:11:00,598 [myid:] - INFO  [main:ZooKeeperServer@829] - shutting down
2021-11-08 11:11:00,598 [myid:1] - WARN  [QuorumPeer[myid=1](plain=127.0.0.1:11237)(secure=disabled):Follower@133] - Exception when following the leader
java.net.SocketException: Socket Closed
	at java.net.SocketInputStream.socketRead0(Native Method)
	at java.net.SocketInputStream.read(SocketInputStream.java:150)
	at java.net.SocketInputStream.read(SocketInputStream.java:121)
	at java.io.BufferedInputStream.fill(BufferedInputStream.java:246)
	at java.io.BufferedInputStream.read(BufferedInputStream.java:265)
	at java.io.DataInputStream.readInt(DataInputStream.java:387)
	at org.apache.jute.BinaryInputArchive.readInt(BinaryInputArchive.java:96)
	at org.apache.zookeeper.server.quorum.QuorumPacket.deserialize(QuorumPacket.java:86)
	at org.apache.jute.BinaryInputArchive.readRecord(BinaryInputArchive.java:134)
	at org.apache.zookeeper.server.quorum.Learner.readPacket(Learner.java:225)
	at org.apache.zookeeper.server.quorum.Follower.followLeader(Follower.java:128)
	at org.apache.zookeeper.server.quorum.QuorumPeer.run(QuorumPeer.java:1515)
2021-11-08 11:11:00,599 [myid:] - INFO  [main:RequestThrottler@258] - Shutting down
2021-11-08 11:11:00,598 [myid:2] - WARN  [LearnerHandler-/127.0.0.1:3547:LearnerHandler@731] - ******* GOODBYE /127.0.0.1:3547 ********
2021-11-08 11:11:00,599 [myid:1] - INFO  [RequestThrottler:RequestThrottler@219] - Draining request throttler queue
2021-11-08 11:11:00,599 [myid:1] - INFO  [QuorumPeer[myid=1](plain=127.0.0.1:11237)(secure=disabled):Follower@147] - Disconnected from leader (with address: /127.0.0.1:11241). Was connected for 8299ms. Sync state: true
2021-11-08 11:11:00,599 [myid:1] - INFO  [RequestThrottler:RequestThrottler@195] - RequestThrottler shutdown. Dropped 0 requests
2021-11-08 11:11:00,599 [myid:1] - INFO  [QuorumPeer[myid=1](plain=127.0.0.1:11237)(secure=disabled):Follower@291] - shutdown Follower
2021-11-08 11:11:00,599 [myid:] - INFO  [main:FollowerRequestProcessor@172] - Shutting down
2021-11-08 11:11:00,599 [myid:] - INFO  [main:CommitProcessor@632] - Shutting down
2021-11-08 11:11:00,600 [myid:] - INFO  [main:FinalRequestProcessor@684] - shutdown of request processor complete
2021-11-08 11:11:00,600 [myid:1] - INFO  [CommitProcessor:1:CommitProcessor@420] - CommitProcessor exited loop!
2021-11-08 11:11:00,600 [myid:1] - INFO  [FollowerRequestProcessor:1:FollowerRequestProcessor@128] - FollowerRequestProcessor exited loop!
2021-11-08 11:11:00,610 [myid:1] - INFO  [QuorumPeer[myid=1](plain=127.0.0.1:11237)(secure=disabled):QuorumPeer@915] - Peer state changed: looking
2021-11-08 11:11:00,610 [myid:1] - WARN  [QuorumPeer[myid=1](plain=127.0.0.1:11237)(secure=disabled):QuorumPeer@1563] - PeerState set to LOOKING
2021-11-08 11:11:00,610 [myid:1] - WARN  [QuorumPeer[myid=1](plain=127.0.0.1:11237)(secure=disabled):QuorumPeer@1545] - QuorumPeer main thread exited
2021-11-08 11:11:00,611 [myid:1] - INFO  [NIOServerCxnFactory.SelectorThread-0:NIOServerCnxnFactory$SelectorThread@397] - selector thread exitted run method
2021-11-08 11:11:00,612 [myid:1] - INFO  [NIOServerCxnFactory.AcceptThread:/127.0.0.1:11237:NIOServerCnxnFactory$AcceptThread@195] - accept thread exitted run method
2021-11-08 11:11:00,616 [myid:1] - INFO  [ConnnectionExpirer:NIOServerCnxnFactory$ConnectionExpirerThread@564] - ConnnectionExpirerThread interrupted
2021-11-08 11:11:00,619 [myid:1] - INFO  [QuorumPeerListener:QuorumCnxManager$Listener@980] - Leaving listener
2021-11-08 11:11:00,619 [myid:2] - WARN  [RecvWorker:1:QuorumCnxManager$RecvWorker@1397] - Connection broken for id 1, my id = 2
java.io.EOFException
	at java.io.DataInputStream.readInt(DataInputStream.java:392)
	at org.apache.zookeeper.server.quorum.QuorumCnxManager$RecvWorker.run(QuorumCnxManager.java:1385)
2021-11-08 11:11:00,619 [myid:2] - WARN  [RecvWorker:1:QuorumCnxManager$RecvWorker@1403] - Interrupting SendWorker thread from RecvWorker. sid: 1. myId: 2
2021-11-08 11:11:00,619 [myid:1] - WARN  [SendWorker:2:QuorumCnxManager$SendWorker@1283] - Interrupted while waiting for message on queue
java.lang.InterruptedException
	at java.util.concurrent.locks.AbstractQueuedSynchronizer$ConditionObject.reportInterruptAfterWait(AbstractQueuedSynchronizer.java:2014)
	at java.util.concurrent.locks.AbstractQueuedSynchronizer$ConditionObject.awaitNanos(AbstractQueuedSynchronizer.java:2088)
	at org.apache.zookeeper.util.CircularBlockingQueue.poll(CircularBlockingQueue.java:105)
	at org.apache.zookeeper.server.quorum.QuorumCnxManager.pollSendQueue(QuorumCnxManager.java:1448)
	at org.apache.zookeeper.server.quorum.QuorumCnxManager.access$900(QuorumCnxManager.java:99)
	at org.apache.zookeeper.server.quorum.QuorumCnxManager$SendWorker.run(QuorumCnxManager.java:1272)
2021-11-08 11:11:00,620 [myid:1] - WARN  [SendWorker:2:QuorumCnxManager$SendWorker@1295] - Send worker leaving thread id 2 my id = 1
2021-11-08 11:11:00,620 [myid:] - INFO  [main:QuorumBase@426] - Shutting down leader election QuorumPeer[myid=1](plain=127.0.0.1:11237)(secure=disabled)
2021-11-08 11:11:00,620 [myid:1] - WARN  [RecvWorker:2:QuorumCnxManager$RecvWorker@1397] - Connection broken for id 2, my id = 1
java.net.SocketException: Socket closed
	at java.net.SocketInputStream.read(SocketInputStream.java:183)
	at java.net.SocketInputStream.read(SocketInputStream.java:121)
	at java.io.BufferedInputStream.fill(BufferedInputStream.java:246)
	at java.io.BufferedInputStream.read(BufferedInputStream.java:265)
	at java.io.DataInputStream.readInt(DataInputStream.java:387)
	at org.apache.zookeeper.server.quorum.QuorumCnxManager$RecvWorker.run(QuorumCnxManager.java:1385)
2021-11-08 11:11:00,621 [myid:1] - WARN  [RecvWorker:2:QuorumCnxManager$RecvWorker@1403] - Interrupting SendWorker thread from RecvWorker. sid: 2. myId: 1
2021-11-08 11:11:00,621 [myid:] - INFO  [main:QuorumBase@431] - Waiting for QuorumPeer[myid=1](plain=127.0.0.1:11237)(secure=disabled) to exit thread
2021-11-08 11:11:00,622 [myid:] - INFO  [main:QuorumBase@422] - Shutting down quorum peer QuorumPeer[myid=2](plain=127.0.0.1:11240)(secure=disabled)
2021-11-08 11:11:00,622 [myid:] - INFO  [main:Leader@789] - Shutting down
2021-11-08 11:11:00,622 [myid:] - INFO  [main:Leader@795] - Shutdown called. For the reason quorum Peer shutdown
2021-11-08 11:11:00,622 [myid:2] - WARN  [LearnerCnxAcceptorHandler-/127.0.0.1:11241:Leader$LearnerCnxAcceptor$LearnerCnxAcceptorHandler@526] - Exception while shutting down acceptor.
java.net.SocketException: socket closed
	at java.net.DualStackPlainSocketImpl.accept0(Native Method)
	at java.net.DualStackPlainSocketImpl.socketAccept(DualStackPlainSocketImpl.java:131)
	at java.net.AbstractPlainSocketImpl.accept(AbstractPlainSocketImpl.java:404)
	at java.net.PlainSocketImpl.accept(PlainSocketImpl.java:199)
	at java.net.ServerSocket.implAccept(ServerSocket.java:545)
	at java.net.ServerSocket.accept(ServerSocket.java:513)
	at org.apache.zookeeper.server.quorum.Leader$LearnerCnxAcceptor$LearnerCnxAcceptorHandler.acceptConnections(Leader.java:513)
	at org.apache.zookeeper.server.quorum.Leader$LearnerCnxAcceptor$LearnerCnxAcceptorHandler.run(Leader.java:496)
	at java.util.concurrent.Executors$RunnableAdapter.call(Executors.java:511)
	at java.util.concurrent.FutureTask.run(FutureTask.java:266)
	at java.util.concurrent.ThreadPoolExecutor.runWorker(ThreadPoolExecutor.java:1142)
	at java.util.concurrent.ThreadPoolExecutor$Worker.run(ThreadPoolExecutor.java:617)
	at java.lang.Thread.run(Thread.java:745)
2021-11-08 11:11:00,623 [myid:] - INFO  [main:ZooKeeperServer@829] - shutting down
2021-11-08 11:11:00,623 [myid:] - INFO  [main:RequestThrottler@258] - Shutting down
2021-11-08 11:11:00,623 [myid:127.0.0.1:11240] - WARN  [main-SendThread(127.0.0.1:11240):ClientCnxn$SendThread@1290] - Session 0x200580723a50000 for sever xmind.net/127.0.0.1:11240, Closing socket connection. Attempting reconnect except it is a SessionExpiredException.
EndOfStreamException: Unable to read additional data from server sessionid 0x200580723a50000, likely server has closed socket
	at org.apache.zookeeper.ClientCnxnSocketNIO.doIO(ClientCnxnSocketNIO.java:77)
	at org.apache.zookeeper.ClientCnxnSocketNIO.doTransport(ClientCnxnSocketNIO.java:350)
	at org.apache.zookeeper.ClientCnxn$SendThread.run(ClientCnxn.java:1280)
2021-11-08 11:11:00,624 [myid:2] - INFO  [RequestThrottler:RequestThrottler@219] - Draining request throttler queue
2021-11-08 11:11:00,626 [myid:2] - INFO  [RequestThrottler:RequestThrottler@195] - RequestThrottler shutdown. Dropped 0 requests
2021-11-08 11:11:00,626 [myid:] - INFO  [main:SessionTrackerImpl@252] - Shutting down
2021-11-08 11:11:00,626 [myid:] - INFO  [main:LeaderRequestProcessor@79] - Shutting down
2021-11-08 11:11:00,626 [myid:] - INFO  [main:PrepRequestProcessor@1066] - Shutting down
2021-11-08 11:11:00,626 [myid:] - INFO  [main:ProposalRequestProcessor@95] - Shutting down
2021-11-08 11:11:00,626 [myid:] - INFO  [main:CommitProcessor@632] - Shutting down
2021-11-08 11:11:00,628 [myid:] - INFO  [main:Leader$ToBeAppliedRequestProcessor@1103] - Shutting down
2021-11-08 11:11:00,629 [myid:] - INFO  [main:FinalRequestProcessor@684] - shutdown of request processor complete
2021-11-08 11:11:00,629 [myid:] - INFO  [main:SyncRequestProcessor@255] - Shutting down
2021-11-08 11:11:00,627 [myid:2] - INFO  [ProcessThread(sid:2 cport:-1)::PrepRequestProcessor@161] - PrepRequestProcessor exited loop!
2021-11-08 11:11:00,627 [myid:2] - WARN  [SendWorker:1:QuorumCnxManager$SendWorker@1283] - Interrupted while waiting for message on queue
java.lang.InterruptedException
	at java.util.concurrent.locks.AbstractQueuedSynchronizer$ConditionObject.reportInterruptAfterWait(AbstractQueuedSynchronizer.java:2014)
	at java.util.concurrent.locks.AbstractQueuedSynchronizer$ConditionObject.awaitNanos(AbstractQueuedSynchronizer.java:2088)
	at org.apache.zookeeper.util.CircularBlockingQueue.poll(CircularBlockingQueue.java:105)
	at org.apache.zookeeper.server.quorum.QuorumCnxManager.pollSendQueue(QuorumCnxManager.java:1448)
	at org.apache.zookeeper.server.quorum.QuorumCnxManager.access$900(QuorumCnxManager.java:99)
	at org.apache.zookeeper.server.quorum.QuorumCnxManager$SendWorker.run(QuorumCnxManager.java:1272)
2021-11-08 11:11:00,638 [myid:2] - WARN  [SendWorker:1:QuorumCnxManager$SendWorker@1295] - Send worker leaving thread id 1 my id = 2
2021-11-08 11:11:00,638 [myid:2] - INFO  [SyncThread:2:SyncRequestProcessor@224] - SyncRequestProcessor exited!
2021-11-08 11:11:00,638 [myid:2] - INFO  [CommitProcessor:2:CommitProcessor@420] - CommitProcessor exited loop!
2021-11-08 11:11:00,642 [myid:2] - INFO  [NIOServerCxnFactory.AcceptThread:/127.0.0.1:11240:NIOServerCnxnFactory$AcceptThread@195] - accept thread exitted run method
2021-11-08 11:11:00,642 [myid:2] - INFO  [NIOServerCxnFactory.SelectorThread-0:NIOServerCnxnFactory$SelectorThread@397] - selector thread exitted run method
2021-11-08 11:11:00,642 [myid:2] - INFO  [ConnnectionExpirer:NIOServerCnxnFactory$ConnectionExpirerThread@564] - ConnnectionExpirerThread interrupted
2021-11-08 11:11:00,643 [myid:2] - WARN  [QuorumPeer[myid=2](plain=127.0.0.1:11240)(secure=disabled):QuorumPeer@1533] - Unexpected exception
java.lang.InterruptedException
	at java.lang.Object.wait(Native Method)
	at org.apache.zookeeper.server.quorum.Leader.lead(Leader.java:727)
	at org.apache.zookeeper.server.quorum.QuorumPeer.run(QuorumPeer.java:1530)
2021-11-08 11:11:00,643 [myid:2] - INFO  [QuorumPeer[myid=2](plain=127.0.0.1:11240)(secure=disabled):Leader@789] - Shutting down
2021-11-08 11:11:00,644 [myid:2] - INFO  [QuorumPeer[myid=2](plain=127.0.0.1:11240)(secure=disabled):QuorumPeer@915] - Peer state changed: looking
2021-11-08 11:11:00,644 [myid:2] - WARN  [QuorumPeer[myid=2](plain=127.0.0.1:11240)(secure=disabled):QuorumPeer@1563] - PeerState set to LOOKING
2021-11-08 11:11:00,644 [myid:2] - WARN  [QuorumPeer[myid=2](plain=127.0.0.1:11240)(secure=disabled):QuorumPeer@1545] - QuorumPeer main thread exited
2021-11-08 11:11:00,643 [myid:2] - INFO  [QuorumPeerListener:QuorumCnxManager$Listener@980] - Leaving listener
2021-11-08 11:11:00,645 [myid:] - INFO  [main:QuorumBase@426] - Shutting down leader election QuorumPeer[myid=2](plain=127.0.0.1:11240)(secure=disabled)
2021-11-08 11:11:00,645 [myid:] - INFO  [main:QuorumBase@431] - Waiting for QuorumPeer[myid=2](plain=127.0.0.1:11240)(secure=disabled) to exit thread
2021-11-08 11:11:00,645 [myid:] - INFO  [main:ZooKeeperServer@2141] - zookeeper.digest.enabled = false
2021-11-08 11:11:00,646 [myid:] - INFO  [main:ZKTestCase@82] - FINISHED Optional[public void org.apache.zookeeper.server.quorum.QuorumDigestTest.testDigestMismatchesWhenTxnLost() throws java.lang.Exception]
]]></system-out>
  </testcase>
  <testcase name="testDigestMatchesDuringDiffSync" classname="org.apache.zookeeper.server.quorum.QuorumDigestTest" time="6.581">
    <error message="org/apache/zookeeper/server/TxnLogDigestTest" type="java.lang.NoClassDefFoundError">java.lang.NoClassDefFoundError: org/apache/zookeeper/server/TxnLogDigestTest
	at org.apache.zookeeper.server.quorum.QuorumDigestTest.triggerOps(QuorumDigestTest.java:206)
	at org.apache.zookeeper.server.quorum.QuorumDigestTest.triggerSync(QuorumDigestTest.java:220)
	at org.apache.zookeeper.server.quorum.QuorumDigestTest.testDigestMatchesDuringDiffSync(QuorumDigestTest.java:88)
</error>
    <system-out><![CDATA[2021-11-08 11:11:00,653 [myid:] - INFO  [main:ZKTestCase@77] - STARTING Optional[public void org.apache.zookeeper.server.quorum.QuorumDigestTest.testDigestMatchesDuringDiffSync() throws java.lang.Exception]
2021-11-08 11:11:00,653 [myid:] - INFO  [main:ZooKeeperServer@2141] - zookeeper.digest.enabled = true
2021-11-08 11:11:00,654 [myid:] - INFO  [main:PortAssignment@87] - Assigned port 11246 from range 11221 - 13913.
2021-11-08 11:11:00,654 [myid:] - INFO  [main:PortAssignment@87] - Assigned port 11247 from range 11221 - 13913.
2021-11-08 11:11:00,654 [myid:] - INFO  [main:PortAssignment@87] - Assigned port 11248 from range 11221 - 13913.
2021-11-08 11:11:00,655 [myid:] - INFO  [main:PortAssignment@87] - Assigned port 11249 from range 11221 - 13913.
2021-11-08 11:11:00,655 [myid:] - INFO  [main:PortAssignment@87] - Assigned port 11250 from range 11221 - 13913.
2021-11-08 11:11:00,655 [myid:] - INFO  [main:PortAssignment@87] - Assigned port 11251 from range 11221 - 13913.
2021-11-08 11:11:00,656 [myid:] - INFO  [main:PortAssignment@87] - Assigned port 11252 from range 11221 - 13913.
2021-11-08 11:11:00,656 [myid:] - INFO  [main:PortAssignment@87] - Assigned port 11253 from range 11221 - 13913.
2021-11-08 11:11:00,656 [myid:] - INFO  [main:PortAssignment@87] - Assigned port 11254 from range 11221 - 13913.
2021-11-08 11:11:00,656 [myid:] - INFO  [main:PortAssignment@87] - Assigned port 11255 from range 11221 - 13913.
2021-11-08 11:11:00,657 [myid:] - INFO  [main:PortAssignment@87] - Assigned port 11256 from range 11221 - 13913.
2021-11-08 11:11:00,657 [myid:] - INFO  [main:PortAssignment@87] - Assigned port 11257 from range 11221 - 13913.
2021-11-08 11:11:00,666 [myid:] - INFO  [main:QuorumPeerTestBase$MainThread@122] - id = 0 tmpDir = D:\mysoft\faiscoGit\myStudy\ZooKeeperLearning\apache-zookeeper-3.7.0\zookeeper-server\target\surefire\test2270027112720320354.junit.dir clientPort = 11246
2021-11-08 11:11:00,673 [myid:] - INFO  [main:ZooKeeper@637] - Initiating client connection, connectString=127.0.0.1:11246 sessionTimeout=30000 watcher=org.apache.zookeeper.server.quorum.QuorumDigestTest@44ebcd03
2021-11-08 11:11:00,674 [myid:] - INFO  [main:ClientCnxnSocket@239] - jute.maxbuffer value is 1048575 Bytes
2021-11-08 11:11:00,676 [myid:] - INFO  [main:ClientCnxn@1726] - zookeeper.request.timeout value is 0. feature enabled=false
2021-11-08 11:11:00,750 [myid:] - INFO  [Thread-26:QuorumPeerConfig@174] - Reading configuration from: D:\mysoft\faiscoGit\myStudy\ZooKeeperLearning\apache-zookeeper-3.7.0\zookeeper-server\target\surefire\test2270027112720320354.junit.dir\zoo.cfg
2021-11-08 11:11:00,751 [myid:] - INFO  [Thread-26:QuorumPeerConfig@444] - clientPortAddress is 0.0.0.0:11246
2021-11-08 11:11:00,751 [myid:] - INFO  [Thread-26:QuorumPeerConfig@448] - secureClientPort is not set
2021-11-08 11:11:00,751 [myid:] - INFO  [Thread-26:QuorumPeerConfig@464] - observerMasterPort is not set
2021-11-08 11:11:00,751 [myid:] - INFO  [Thread-26:QuorumPeerConfig@481] - metricsProvider.className is org.apache.zookeeper.metrics.impl.DefaultMetricsProvider
2021-11-08 11:11:00,751 [myid:0] - INFO  [Thread-26:DatadirCleanupManager@78] - autopurge.snapRetainCount set to 3
2021-11-08 11:11:00,751 [myid:0] - INFO  [Thread-26:DatadirCleanupManager@79] - autopurge.purgeInterval set to 0
2021-11-08 11:11:00,751 [myid:0] - INFO  [Thread-26:DatadirCleanupManager@101] - Purge task is not scheduled.
2021-11-08 11:11:00,751 [myid:0] - INFO  [Thread-26:ManagedUtil@44] - Log4j 1.2 jmx support found and enabled.
2021-11-08 11:11:00,752 [myid:0] - ERROR [Thread-26:ManagedUtil@109] - Problems while registering log4j 1.2 jmx beans!
javax.management.InstanceAlreadyExistsException: log4j:hierarchy=default
	at com.sun.jmx.mbeanserver.Repository.addMBean(Repository.java:437)
	at com.sun.jmx.interceptor.DefaultMBeanServerInterceptor.registerWithRepository(DefaultMBeanServerInterceptor.java:1898)
	at com.sun.jmx.interceptor.DefaultMBeanServerInterceptor.registerDynamicMBean(DefaultMBeanServerInterceptor.java:966)
	at com.sun.jmx.interceptor.DefaultMBeanServerInterceptor.registerObject(DefaultMBeanServerInterceptor.java:900)
	at com.sun.jmx.interceptor.DefaultMBeanServerInterceptor.registerMBean(DefaultMBeanServerInterceptor.java:324)
	at com.sun.jmx.mbeanserver.JmxMBeanServer.registerMBean(JmxMBeanServer.java:522)
	at org.apache.zookeeper.jmx.ManagedUtil.registerLog4jMBeans(ManagedUtil.java:72)
	at org.apache.zookeeper.server.quorum.QuorumPeerMain.runFromConfig(QuorumPeerMain.java:147)
	at org.apache.zookeeper.server.quorum.QuorumPeerMain.initializeAndRun(QuorumPeerMain.java:137)
	at org.apache.zookeeper.server.quorum.QuorumPeerTestBase$MainThread.run(QuorumPeerTestBase.java:329)
	at java.lang.Thread.run(Thread.java:745)
2021-11-08 11:11:00,752 [myid:0] - WARN  [Thread-26:QuorumPeerMain@149] - Unable to register log4j JMX control
javax.management.JMException: javax.management.InstanceAlreadyExistsException: log4j:hierarchy=default
	at org.apache.zookeeper.jmx.ManagedUtil.registerLog4jMBeans(ManagedUtil.java:110)
	at org.apache.zookeeper.server.quorum.QuorumPeerMain.runFromConfig(QuorumPeerMain.java:147)
	at org.apache.zookeeper.server.quorum.QuorumPeerMain.initializeAndRun(QuorumPeerMain.java:137)
	at org.apache.zookeeper.server.quorum.QuorumPeerTestBase$MainThread.run(QuorumPeerTestBase.java:329)
	at java.lang.Thread.run(Thread.java:745)
2021-11-08 11:11:00,752 [myid:0] - INFO  [Thread-26:QuorumPeerMain@152] - Starting quorum peer, myid=0
2021-11-08 11:11:00,752 [myid:0] - INFO  [Thread-26:ServerMetrics@62] - ServerMetrics initialized with provider org.apache.zookeeper.metrics.impl.DefaultMetricsProvider@79b3feb5
2021-11-08 11:11:00,752 [myid:0] - INFO  [Thread-26:DigestAuthenticationProvider@61] - zookeeper.DigestAuthenticationProvider.enabled = true
2021-11-08 11:11:00,752 [myid:0] - INFO  [Thread-26:ServerCnxnFactory@169] - Using org.apache.zookeeper.server.NIOServerCnxnFactory as server connection factory
2021-11-08 11:11:00,752 [myid:0] - WARN  [Thread-26:ServerCnxnFactory@309] - maxCnxns is not configured, using default value 0.
2021-11-08 11:11:00,752 [myid:0] - INFO  [Thread-26:NIOServerCnxnFactory@652] - Configuring NIO connection handler with 10s sessionless connection timeout, 1 selector thread(s), 12 worker threads, and 64 kB direct buffers.
2021-11-08 11:11:00,753 [myid:0] - INFO  [Thread-26:NIOServerCnxnFactory@660] - binding to port /127.0.0.1:11246
2021-11-08 11:11:00,754 [myid:0] - INFO  [Thread-26:FileTxnSnapLog@124] - zookeeper.snapshot.trust.empty : false
2021-11-08 11:11:00,754 [myid:0] - INFO  [Thread-26:QuorumPeer@1742] - Local sessions disabled
2021-11-08 11:11:00,754 [myid:0] - INFO  [Thread-26:QuorumPeer@1753] - Local session upgrading disabled
2021-11-08 11:11:00,754 [myid:0] - INFO  [Thread-26:QuorumPeer@1720] - tickTime set to 4000
2021-11-08 11:11:00,754 [myid:0] - INFO  [Thread-26:QuorumPeer@1764] - minSessionTimeout set to 8000
2021-11-08 11:11:00,754 [myid:0] - INFO  [Thread-26:QuorumPeer@1775] - maxSessionTimeout set to 80000
2021-11-08 11:11:00,754 [myid:0] - INFO  [Thread-26:QuorumPeer@1800] - initLimit set to 10
2021-11-08 11:11:00,755 [myid:0] - INFO  [Thread-26:QuorumPeer@1987] - syncLimit set to 5
2021-11-08 11:11:00,755 [myid:0] - INFO  [Thread-26:QuorumPeer@2002] - connectToLearnerMasterLimit set to 5
2021-11-08 11:11:00,755 [myid:0] - INFO  [Thread-26:WatchManagerFactory@42] - Using org.apache.zookeeper.server.watch.WatchManager as watch manager
2021-11-08 11:11:00,755 [myid:0] - INFO  [Thread-26:WatchManagerFactory@42] - Using org.apache.zookeeper.server.watch.WatchManager as watch manager
2021-11-08 11:11:00,755 [myid:0] - INFO  [Thread-26:ZKDatabase@133] - zookeeper.snapshotSizeFactor = 0.33
2021-11-08 11:11:00,755 [myid:0] - INFO  [Thread-26:ZKDatabase@153] - zookeeper.commitLogCount=500
2021-11-08 11:11:00,755 [myid:0] - INFO  [Thread-26:QuorumPeer@2066] - Using insecure (non-TLS) quorum communication
2021-11-08 11:11:00,755 [myid:0] - INFO  [Thread-26:QuorumPeer@2072] - Port unification disabled
2021-11-08 11:11:00,755 [myid:0] - INFO  [Thread-26:QuorumPeer@179] - multiAddress.enabled set to false
2021-11-08 11:11:00,755 [myid:0] - INFO  [Thread-26:QuorumPeer@204] - multiAddress.reachabilityCheckEnabled set to true
2021-11-08 11:11:00,755 [myid:0] - INFO  [Thread-26:QuorumPeer@191] - multiAddress.reachabilityCheckTimeoutMs set to 1000
2021-11-08 11:11:00,755 [myid:0] - INFO  [Thread-26:QuorumPeer@2527] - QuorumPeer communication is not secured! (SASL auth disabled)
2021-11-08 11:11:00,755 [myid:0] - INFO  [Thread-26:QuorumPeer@2552] - quorum.cnxn.threads.size set to 20
2021-11-08 11:11:00,755 [myid:0] - INFO  [Thread-26:FileTxnSnapLog@479] - Snapshotting: 0x0 to D:\mysoft\faiscoGit\myStudy\ZooKeeperLearning\apache-zookeeper-3.7.0\zookeeper-server\target\surefire\test2270027112720320354.junit.dir\data\version-2\snapshot.0
2021-11-08 11:11:00,756 [myid:0] - INFO  [Thread-26:ZKDatabase@290] - Snapshot loaded in 1 ms, highest zxid is 0x0, digest is 1371985504
2021-11-08 11:11:00,757 [myid:0] - INFO  [Thread-26:QuorumPeer@1157] - currentEpoch not found! Creating with a reasonable default of 0. This should only happen when you are upgrading your installation
2021-11-08 11:11:00,769 [myid:127.0.0.1:11246] - INFO  [main-SendThread(127.0.0.1:11246):ClientCnxn$SendThread@1171] - Opening socket connection to server xmind.net/127.0.0.1:11246.
2021-11-08 11:11:00,769 [myid:127.0.0.1:11246] - INFO  [main-SendThread(127.0.0.1:11246):ClientCnxn$SendThread@1173] - SASL config status: Will not attempt to authenticate using SASL (unknown error)
2021-11-08 11:11:00,770 [myid:127.0.0.1:11246] - INFO  [main-SendThread(127.0.0.1:11246):ClientCnxn$SendThread@1005] - Socket connection established, initiating session, client: /127.0.0.1:7028, server: xmind.net/127.0.0.1:11246
2021-11-08 11:11:00,772 [myid:] - INFO  [main:QuorumPeerTestBase$MainThread@122] - id = 1 tmpDir = D:\mysoft\faiscoGit\myStudy\ZooKeeperLearning\apache-zookeeper-3.7.0\zookeeper-server\target\surefire\test4241372345697672455.junit.dir clientPort = 11249
2021-11-08 11:11:00,777 [myid:] - INFO  [main:ZooKeeper@637] - Initiating client connection, connectString=127.0.0.1:11249 sessionTimeout=30000 watcher=org.apache.zookeeper.server.quorum.QuorumDigestTest@44ebcd03
2021-11-08 11:11:00,778 [myid:] - INFO  [main:ClientCnxnSocket@239] - jute.maxbuffer value is 1048575 Bytes
2021-11-08 11:11:00,778 [myid:] - INFO  [main:ClientCnxn@1726] - zookeeper.request.timeout value is 0. feature enabled=false
2021-11-08 11:11:00,779 [myid:] - INFO  [main:QuorumPeerTestBase$MainThread@122] - id = 2 tmpDir = D:\mysoft\faiscoGit\myStudy\ZooKeeperLearning\apache-zookeeper-3.7.0\zookeeper-server\target\surefire\test7136655891404577383.junit.dir clientPort = 11252
2021-11-08 11:11:00,786 [myid:] - INFO  [Thread-27:QuorumPeerConfig@174] - Reading configuration from: D:\mysoft\faiscoGit\myStudy\ZooKeeperLearning\apache-zookeeper-3.7.0\zookeeper-server\target\surefire\test4241372345697672455.junit.dir\zoo.cfg
2021-11-08 11:11:00,786 [myid:] - INFO  [Thread-27:QuorumPeerConfig@444] - clientPortAddress is 0.0.0.0:11249
2021-11-08 11:11:00,787 [myid:] - INFO  [Thread-27:QuorumPeerConfig@448] - secureClientPort is not set
2021-11-08 11:11:00,787 [myid:] - INFO  [Thread-27:QuorumPeerConfig@464] - observerMasterPort is not set
2021-11-08 11:11:00,787 [myid:] - INFO  [Thread-27:QuorumPeerConfig@481] - metricsProvider.className is org.apache.zookeeper.metrics.impl.DefaultMetricsProvider
2021-11-08 11:11:00,787 [myid:0] - INFO  [Thread-26:QuorumPeer@1177] - acceptedEpoch not found! Creating with a reasonable default of 0. This should only happen when you are upgrading your installation
2021-11-08 11:11:00,787 [myid:1] - INFO  [Thread-27:DatadirCleanupManager@78] - autopurge.snapRetainCount set to 3
2021-11-08 11:11:00,787 [myid:1] - INFO  [Thread-27:DatadirCleanupManager@79] - autopurge.purgeInterval set to 0
2021-11-08 11:11:00,787 [myid:1] - INFO  [Thread-27:DatadirCleanupManager@101] - Purge task is not scheduled.
2021-11-08 11:11:00,787 [myid:1] - INFO  [Thread-27:ManagedUtil@44] - Log4j 1.2 jmx support found and enabled.
2021-11-08 11:11:00,788 [myid:1] - ERROR [Thread-27:ManagedUtil@109] - Problems while registering log4j 1.2 jmx beans!
javax.management.InstanceAlreadyExistsException: log4j:hierarchy=default
	at com.sun.jmx.mbeanserver.Repository.addMBean(Repository.java:437)
	at com.sun.jmx.interceptor.DefaultMBeanServerInterceptor.registerWithRepository(DefaultMBeanServerInterceptor.java:1898)
	at com.sun.jmx.interceptor.DefaultMBeanServerInterceptor.registerDynamicMBean(DefaultMBeanServerInterceptor.java:966)
	at com.sun.jmx.interceptor.DefaultMBeanServerInterceptor.registerObject(DefaultMBeanServerInterceptor.java:900)
	at com.sun.jmx.interceptor.DefaultMBeanServerInterceptor.registerMBean(DefaultMBeanServerInterceptor.java:324)
	at com.sun.jmx.mbeanserver.JmxMBeanServer.registerMBean(JmxMBeanServer.java:522)
	at org.apache.zookeeper.jmx.ManagedUtil.registerLog4jMBeans(ManagedUtil.java:72)
	at org.apache.zookeeper.server.quorum.QuorumPeerMain.runFromConfig(QuorumPeerMain.java:147)
	at org.apache.zookeeper.server.quorum.QuorumPeerMain.initializeAndRun(QuorumPeerMain.java:137)
	at org.apache.zookeeper.server.quorum.QuorumPeerTestBase$MainThread.run(QuorumPeerTestBase.java:329)
	at java.lang.Thread.run(Thread.java:745)
2021-11-08 11:11:00,788 [myid:1] - WARN  [Thread-27:QuorumPeerMain@149] - Unable to register log4j JMX control
javax.management.JMException: javax.management.InstanceAlreadyExistsException: log4j:hierarchy=default
	at org.apache.zookeeper.jmx.ManagedUtil.registerLog4jMBeans(ManagedUtil.java:110)
	at org.apache.zookeeper.server.quorum.QuorumPeerMain.runFromConfig(QuorumPeerMain.java:147)
	at org.apache.zookeeper.server.quorum.QuorumPeerMain.initializeAndRun(QuorumPeerMain.java:137)
	at org.apache.zookeeper.server.quorum.QuorumPeerTestBase$MainThread.run(QuorumPeerTestBase.java:329)
	at java.lang.Thread.run(Thread.java:745)
2021-11-08 11:11:00,788 [myid:1] - INFO  [Thread-27:QuorumPeerMain@152] - Starting quorum peer, myid=1
2021-11-08 11:11:00,788 [myid:1] - INFO  [Thread-27:ServerMetrics@62] - ServerMetrics initialized with provider org.apache.zookeeper.metrics.impl.DefaultMetricsProvider@7b1c0247
2021-11-08 11:11:00,788 [myid:1] - INFO  [Thread-27:DigestAuthenticationProvider@61] - zookeeper.DigestAuthenticationProvider.enabled = true
2021-11-08 11:11:00,788 [myid:1] - INFO  [Thread-27:ServerCnxnFactory@169] - Using org.apache.zookeeper.server.NIOServerCnxnFactory as server connection factory
2021-11-08 11:11:00,788 [myid:1] - WARN  [Thread-27:ServerCnxnFactory@309] - maxCnxns is not configured, using default value 0.
2021-11-08 11:11:00,788 [myid:1] - INFO  [Thread-27:NIOServerCnxnFactory@652] - Configuring NIO connection handler with 10s sessionless connection timeout, 1 selector thread(s), 12 worker threads, and 64 kB direct buffers.
2021-11-08 11:11:00,789 [myid:1] - INFO  [Thread-27:NIOServerCnxnFactory@660] - binding to port /127.0.0.1:11249
2021-11-08 11:11:00,789 [myid:1] - INFO  [Thread-27:FileTxnSnapLog@124] - zookeeper.snapshot.trust.empty : false
2021-11-08 11:11:00,790 [myid:] - INFO  [main:ZooKeeper@637] - Initiating client connection, connectString=127.0.0.1:11252 sessionTimeout=30000 watcher=org.apache.zookeeper.server.quorum.QuorumDigestTest@44ebcd03
2021-11-08 11:11:00,791 [myid:] - INFO  [main:ClientCnxnSocket@239] - jute.maxbuffer value is 1048575 Bytes
2021-11-08 11:11:00,791 [myid:] - INFO  [main:ClientCnxn@1726] - zookeeper.request.timeout value is 0. feature enabled=false
2021-11-08 11:11:00,792 [myid:1] - INFO  [Thread-27:QuorumPeer@1742] - Local sessions disabled
2021-11-08 11:11:00,792 [myid:1] - INFO  [Thread-27:QuorumPeer@1753] - Local session upgrading disabled
2021-11-08 11:11:00,792 [myid:1] - INFO  [Thread-27:QuorumPeer@1720] - tickTime set to 4000
2021-11-08 11:11:00,792 [myid:1] - INFO  [Thread-27:QuorumPeer@1764] - minSessionTimeout set to 8000
2021-11-08 11:11:00,792 [myid:1] - INFO  [Thread-27:QuorumPeer@1775] - maxSessionTimeout set to 80000
2021-11-08 11:11:00,792 [myid:1] - INFO  [Thread-27:QuorumPeer@1800] - initLimit set to 10
2021-11-08 11:11:00,792 [myid:1] - INFO  [Thread-27:QuorumPeer@1987] - syncLimit set to 5
2021-11-08 11:11:00,792 [myid:1] - INFO  [Thread-27:QuorumPeer@2002] - connectToLearnerMasterLimit set to 5
2021-11-08 11:11:00,793 [myid:1] - INFO  [Thread-27:WatchManagerFactory@42] - Using org.apache.zookeeper.server.watch.WatchManager as watch manager
2021-11-08 11:11:00,793 [myid:1] - INFO  [Thread-27:WatchManagerFactory@42] - Using org.apache.zookeeper.server.watch.WatchManager as watch manager
2021-11-08 11:11:00,793 [myid:1] - INFO  [Thread-27:ZKDatabase@133] - zookeeper.snapshotSizeFactor = 0.33
2021-11-08 11:11:00,793 [myid:1] - INFO  [Thread-27:ZKDatabase@153] - zookeeper.commitLogCount=500
2021-11-08 11:11:00,793 [myid:1] - INFO  [Thread-27:QuorumPeer@2066] - Using insecure (non-TLS) quorum communication
2021-11-08 11:11:00,793 [myid:1] - INFO  [Thread-27:QuorumPeer@2072] - Port unification disabled
2021-11-08 11:11:00,793 [myid:1] - INFO  [Thread-27:QuorumPeer@179] - multiAddress.enabled set to false
2021-11-08 11:11:00,793 [myid:1] - INFO  [Thread-27:QuorumPeer@204] - multiAddress.reachabilityCheckEnabled set to true
2021-11-08 11:11:00,793 [myid:1] - INFO  [Thread-27:QuorumPeer@191] - multiAddress.reachabilityCheckTimeoutMs set to 1000
2021-11-08 11:11:00,793 [myid:1] - INFO  [Thread-27:QuorumPeer@2527] - QuorumPeer communication is not secured! (SASL auth disabled)
2021-11-08 11:11:00,793 [myid:1] - INFO  [Thread-27:QuorumPeer@2552] - quorum.cnxn.threads.size set to 20
2021-11-08 11:11:00,793 [myid:1] - INFO  [Thread-27:FileTxnSnapLog@479] - Snapshotting: 0x0 to D:\mysoft\faiscoGit\myStudy\ZooKeeperLearning\apache-zookeeper-3.7.0\zookeeper-server\target\surefire\test4241372345697672455.junit.dir\data\version-2\snapshot.0
2021-11-08 11:11:00,794 [myid:1] - INFO  [Thread-27:ZKDatabase@290] - Snapshot loaded in 1 ms, highest zxid is 0x0, digest is 1371985504
2021-11-08 11:11:00,795 [myid:1] - INFO  [Thread-27:QuorumPeer@1157] - currentEpoch not found! Creating with a reasonable default of 0. This should only happen when you are upgrading your installation
2021-11-08 11:11:00,859 [myid:] - INFO  [Thread-28:QuorumPeerConfig@174] - Reading configuration from: D:\mysoft\faiscoGit\myStudy\ZooKeeperLearning\apache-zookeeper-3.7.0\zookeeper-server\target\surefire\test7136655891404577383.junit.dir\zoo.cfg
2021-11-08 11:11:00,859 [myid:127.0.0.1:11252] - INFO  [main-SendThread(127.0.0.1:11252):ClientCnxn$SendThread@1171] - Opening socket connection to server xmind.net/127.0.0.1:11252.
2021-11-08 11:11:00,859 [myid:127.0.0.1:11252] - INFO  [main-SendThread(127.0.0.1:11252):ClientCnxn$SendThread@1173] - SASL config status: Will not attempt to authenticate using SASL (unknown error)
2021-11-08 11:11:00,860 [myid:] - INFO  [Thread-28:QuorumPeerConfig@444] - clientPortAddress is 0.0.0.0:11252
2021-11-08 11:11:00,860 [myid:] - INFO  [Thread-28:QuorumPeerConfig@448] - secureClientPort is not set
2021-11-08 11:11:00,860 [myid:] - INFO  [Thread-28:QuorumPeerConfig@464] - observerMasterPort is not set
2021-11-08 11:11:00,860 [myid:] - INFO  [Thread-28:QuorumPeerConfig@481] - metricsProvider.className is org.apache.zookeeper.metrics.impl.DefaultMetricsProvider
2021-11-08 11:11:00,860 [myid:2] - INFO  [Thread-28:DatadirCleanupManager@78] - autopurge.snapRetainCount set to 3
2021-11-08 11:11:00,860 [myid:2] - INFO  [Thread-28:DatadirCleanupManager@79] - autopurge.purgeInterval set to 0
2021-11-08 11:11:00,860 [myid:2] - INFO  [Thread-28:DatadirCleanupManager@101] - Purge task is not scheduled.
2021-11-08 11:11:00,860 [myid:2] - INFO  [Thread-28:ManagedUtil@44] - Log4j 1.2 jmx support found and enabled.
2021-11-08 11:11:00,861 [myid:2] - ERROR [Thread-28:ManagedUtil@109] - Problems while registering log4j 1.2 jmx beans!
javax.management.InstanceAlreadyExistsException: log4j:hierarchy=default
	at com.sun.jmx.mbeanserver.Repository.addMBean(Repository.java:437)
	at com.sun.jmx.interceptor.DefaultMBeanServerInterceptor.registerWithRepository(DefaultMBeanServerInterceptor.java:1898)
	at com.sun.jmx.interceptor.DefaultMBeanServerInterceptor.registerDynamicMBean(DefaultMBeanServerInterceptor.java:966)
	at com.sun.jmx.interceptor.DefaultMBeanServerInterceptor.registerObject(DefaultMBeanServerInterceptor.java:900)
	at com.sun.jmx.interceptor.DefaultMBeanServerInterceptor.registerMBean(DefaultMBeanServerInterceptor.java:324)
	at com.sun.jmx.mbeanserver.JmxMBeanServer.registerMBean(JmxMBeanServer.java:522)
	at org.apache.zookeeper.jmx.ManagedUtil.registerLog4jMBeans(ManagedUtil.java:72)
	at org.apache.zookeeper.server.quorum.QuorumPeerMain.runFromConfig(QuorumPeerMain.java:147)
	at org.apache.zookeeper.server.quorum.QuorumPeerMain.initializeAndRun(QuorumPeerMain.java:137)
	at org.apache.zookeeper.server.quorum.QuorumPeerTestBase$MainThread.run(QuorumPeerTestBase.java:329)
	at java.lang.Thread.run(Thread.java:745)
2021-11-08 11:11:00,861 [myid:2] - WARN  [Thread-28:QuorumPeerMain@149] - Unable to register log4j JMX control
javax.management.JMException: javax.management.InstanceAlreadyExistsException: log4j:hierarchy=default
	at org.apache.zookeeper.jmx.ManagedUtil.registerLog4jMBeans(ManagedUtil.java:110)
	at org.apache.zookeeper.server.quorum.QuorumPeerMain.runFromConfig(QuorumPeerMain.java:147)
	at org.apache.zookeeper.server.quorum.QuorumPeerMain.initializeAndRun(QuorumPeerMain.java:137)
	at org.apache.zookeeper.server.quorum.QuorumPeerTestBase$MainThread.run(QuorumPeerTestBase.java:329)
	at java.lang.Thread.run(Thread.java:745)
2021-11-08 11:11:00,861 [myid:2] - INFO  [Thread-28:QuorumPeerMain@152] - Starting quorum peer, myid=2
2021-11-08 11:11:00,861 [myid:2] - INFO  [Thread-28:ServerMetrics@62] - ServerMetrics initialized with provider org.apache.zookeeper.metrics.impl.DefaultMetricsProvider@2765b01b
2021-11-08 11:11:00,861 [myid:2] - INFO  [Thread-28:DigestAuthenticationProvider@61] - zookeeper.DigestAuthenticationProvider.enabled = true
2021-11-08 11:11:00,861 [myid:2] - INFO  [Thread-28:ServerCnxnFactory@169] - Using org.apache.zookeeper.server.NIOServerCnxnFactory as server connection factory
2021-11-08 11:11:00,861 [myid:2] - WARN  [Thread-28:ServerCnxnFactory@309] - maxCnxns is not configured, using default value 0.
2021-11-08 11:11:00,861 [myid:2] - INFO  [Thread-28:NIOServerCnxnFactory@652] - Configuring NIO connection handler with 10s sessionless connection timeout, 1 selector thread(s), 12 worker threads, and 64 kB direct buffers.
2021-11-08 11:11:00,862 [myid:2] - INFO  [Thread-28:NIOServerCnxnFactory@660] - binding to port /127.0.0.1:11252
2021-11-08 11:11:00,863 [myid:2] - INFO  [Thread-28:FileTxnSnapLog@124] - zookeeper.snapshot.trust.empty : false
2021-11-08 11:11:00,868 [myid:0] - INFO  [Thread-26:QuorumPeer@2569] - Using 20000ms as the quorum cnxn socket timeout
2021-11-08 11:11:00,868 [myid:0] - INFO  [Thread-26:QuorumCnxManager$Listener@924] - Election port bind maximum retries is 3
2021-11-08 11:11:00,868 [myid:127.0.0.1:11249] - INFO  [main-SendThread(127.0.0.1:11249):ClientCnxn$SendThread@1171] - Opening socket connection to server xmind.net/127.0.0.1:11249.
2021-11-08 11:11:00,868 [myid:127.0.0.1:11249] - INFO  [main-SendThread(127.0.0.1:11249):ClientCnxn$SendThread@1173] - SASL config status: Will not attempt to authenticate using SASL (unknown error)
2021-11-08 11:11:00,869 [myid:127.0.0.1:11249] - INFO  [main-SendThread(127.0.0.1:11249):ClientCnxn$SendThread@1005] - Socket connection established, initiating session, client: /127.0.0.1:7077, server: xmind.net/127.0.0.1:11249
2021-11-08 11:11:00,874 [myid:2] - INFO  [Thread-28:QuorumPeer@1742] - Local sessions disabled
2021-11-08 11:11:00,874 [myid:2] - INFO  [Thread-28:QuorumPeer@1753] - Local session upgrading disabled
2021-11-08 11:11:00,874 [myid:2] - INFO  [Thread-28:QuorumPeer@1720] - tickTime set to 4000
2021-11-08 11:11:00,874 [myid:2] - INFO  [Thread-28:QuorumPeer@1764] - minSessionTimeout set to 8000
2021-11-08 11:11:00,874 [myid:2] - INFO  [Thread-28:QuorumPeer@1775] - maxSessionTimeout set to 80000
2021-11-08 11:11:00,874 [myid:2] - INFO  [Thread-28:QuorumPeer@1800] - initLimit set to 10
2021-11-08 11:11:00,874 [myid:2] - INFO  [Thread-28:QuorumPeer@1987] - syncLimit set to 5
2021-11-08 11:11:00,874 [myid:2] - INFO  [Thread-28:QuorumPeer@2002] - connectToLearnerMasterLimit set to 5
2021-11-08 11:11:00,874 [myid:2] - INFO  [Thread-28:WatchManagerFactory@42] - Using org.apache.zookeeper.server.watch.WatchManager as watch manager
2021-11-08 11:11:00,874 [myid:2] - INFO  [Thread-28:WatchManagerFactory@42] - Using org.apache.zookeeper.server.watch.WatchManager as watch manager
2021-11-08 11:11:00,874 [myid:2] - INFO  [Thread-28:ZKDatabase@133] - zookeeper.snapshotSizeFactor = 0.33
2021-11-08 11:11:00,874 [myid:2] - INFO  [Thread-28:ZKDatabase@153] - zookeeper.commitLogCount=500
2021-11-08 11:11:00,875 [myid:2] - INFO  [Thread-28:QuorumPeer@2066] - Using insecure (non-TLS) quorum communication
2021-11-08 11:11:00,875 [myid:2] - INFO  [Thread-28:QuorumPeer@2072] - Port unification disabled
2021-11-08 11:11:00,875 [myid:2] - INFO  [Thread-28:QuorumPeer@179] - multiAddress.enabled set to false
2021-11-08 11:11:00,875 [myid:2] - INFO  [Thread-28:QuorumPeer@204] - multiAddress.reachabilityCheckEnabled set to true
2021-11-08 11:11:00,875 [myid:2] - INFO  [Thread-28:QuorumPeer@191] - multiAddress.reachabilityCheckTimeoutMs set to 1000
2021-11-08 11:11:00,875 [myid:2] - INFO  [Thread-28:QuorumPeer@2527] - QuorumPeer communication is not secured! (SASL auth disabled)
2021-11-08 11:11:00,875 [myid:2] - INFO  [Thread-28:QuorumPeer@2552] - quorum.cnxn.threads.size set to 20
2021-11-08 11:11:00,879 [myid:2] - INFO  [Thread-28:FileTxnSnapLog@479] - Snapshotting: 0x0 to D:\mysoft\faiscoGit\myStudy\ZooKeeperLearning\apache-zookeeper-3.7.0\zookeeper-server\target\surefire\test7136655891404577383.junit.dir\data\version-2\snapshot.0
2021-11-08 11:11:00,883 [myid:] - INFO  [main:QuorumPeerTestBase$MainThread@122] - id = 3 tmpDir = D:\mysoft\faiscoGit\myStudy\ZooKeeperLearning\apache-zookeeper-3.7.0\zookeeper-server\target\surefire\test7419006432541094255.junit.dir clientPort = 11255
2021-11-08 11:11:00,884 [myid:2] - INFO  [Thread-28:ZKDatabase@290] - Snapshot loaded in 8 ms, highest zxid is 0x0, digest is 1371985504
2021-11-08 11:11:00,884 [myid:2] - INFO  [Thread-28:QuorumPeer@1157] - currentEpoch not found! Creating with a reasonable default of 0. This should only happen when you are upgrading your installation
2021-11-08 11:11:00,896 [myid:2] - INFO  [Thread-28:QuorumPeer@1177] - acceptedEpoch not found! Creating with a reasonable default of 0. This should only happen when you are upgrading your installation
2021-11-08 11:11:00,903 [myid:2] - INFO  [Thread-28:QuorumPeer@2569] - Using 20000ms as the quorum cnxn socket timeout
2021-11-08 11:11:00,903 [myid:2] - INFO  [Thread-28:QuorumCnxManager$Listener@924] - Election port bind maximum retries is 3
2021-11-08 11:11:00,909 [myid:0] - INFO  [QuorumPeer[myid=0](plain=127.0.0.1:11246)(secure=disabled):QuorumPeer@1430] - LOOKING
2021-11-08 11:11:00,910 [myid:0] - INFO  [QuorumPeer[myid=0](plain=127.0.0.1:11246)(secure=disabled):FastLeaderElection@947] - New election. My id = 0, proposed zxid=0x0
2021-11-08 11:11:00,910 [myid:0] - INFO  [WorkerReceiver[myid=0]:FastLeaderElection$Messenger$WorkerReceiver@390] - Notification: my state:LOOKING; n.sid:0, n.state:LOOKING, n.leader:0, n.round:0x1, n.peerEpoch:0x0, n.zxid:0x0, message format version:0x2, n.config version:0x0
2021-11-08 11:11:00,938 [myid:2] - INFO  [QuorumPeer[myid=2](plain=127.0.0.1:11252)(secure=disabled):QuorumPeer@1430] - LOOKING
2021-11-08 11:11:00,939 [myid:2] - INFO  [QuorumPeer[myid=2](plain=127.0.0.1:11252)(secure=disabled):FastLeaderElection@947] - New election. My id = 2, proposed zxid=0x0
2021-11-08 11:11:00,975 [myid:2] - INFO  [WorkerReceiver[myid=2]:FastLeaderElection$Messenger$WorkerReceiver@390] - Notification: my state:LOOKING; n.sid:2, n.state:LOOKING, n.leader:2, n.round:0x1, n.peerEpoch:0x0, n.zxid:0x0, message format version:0x2, n.config version:0x0
2021-11-08 11:11:00,979 [myid:0] - WARN  [NIOWorkerThread-1:NIOServerCnxn@380] - Close of session 0x0
java.io.IOException: ZooKeeperServer not running
	at org.apache.zookeeper.server.NIOServerCnxn.readLength(NIOServerCnxn.java:554)
	at org.apache.zookeeper.server.NIOServerCnxn.doIO(NIOServerCnxn.java:339)
	at org.apache.zookeeper.server.NIOServerCnxnFactory$IOWorkRequest.doWork(NIOServerCnxnFactory.java:508)
	at org.apache.zookeeper.server.WorkerService$ScheduledWorkRequest.run(WorkerService.java:154)
	at java.util.concurrent.ThreadPoolExecutor.runWorker(ThreadPoolExecutor.java:1142)
	at java.util.concurrent.ThreadPoolExecutor$Worker.run(ThreadPoolExecutor.java:617)
	at java.lang.Thread.run(Thread.java:745)
2021-11-08 11:11:01,081 [myid:127.0.0.1:11231] - WARN  [main-SendThread(127.0.0.1:11231):ClientCnxn$SendThread@1290] - Session 0x3005806ed610000 for sever xmind.net/127.0.0.1:11231, Closing socket connection. Attempting reconnect except it is a SessionExpiredException.
java.net.ConnectException: Connection refused: no further information
	at sun.nio.ch.SocketChannelImpl.checkConnect(Native Method)
	at sun.nio.ch.SocketChannelImpl.finishConnect(SocketChannelImpl.java:716)
	at org.apache.zookeeper.ClientCnxnSocketNIO.doTransport(ClientCnxnSocketNIO.java:344)
	at org.apache.zookeeper.ClientCnxn$SendThread.run(ClientCnxn.java:1280)
2021-11-08 11:11:01,082 [myid:127.0.0.1:11246] - WARN  [main-SendThread(127.0.0.1:11246):ClientCnxn$SendThread@1290] - Session 0x0 for sever xmind.net/127.0.0.1:11246, Closing socket connection. Attempting reconnect except it is a SessionExpiredException.
EndOfStreamException: Unable to read additional data from server sessionid 0x0, likely server has closed socket
	at org.apache.zookeeper.ClientCnxnSocketNIO.doIO(ClientCnxnSocketNIO.java:77)
	at org.apache.zookeeper.ClientCnxnSocketNIO.doTransport(ClientCnxnSocketNIO.java:350)
	at org.apache.zookeeper.ClientCnxn$SendThread.run(ClientCnxn.java:1280)
2021-11-08 11:11:01,082 [myid:1] - INFO  [Thread-27:QuorumPeer@1177] - acceptedEpoch not found! Creating with a reasonable default of 0. This should only happen when you are upgrading your installation
2021-11-08 11:11:01,091 [myid:0] - INFO  [ListenerHandler-/127.0.0.1:11248:QuorumCnxManager$Listener$ListenerHandler@1066] - 0 is accepting connections now, my election bind port: /127.0.0.1:11248
2021-11-08 11:11:01,095 [myid:2] - INFO  [ListenerHandler-/127.0.0.1:11254:QuorumCnxManager$Listener$ListenerHandler@1066] - 2 is accepting connections now, my election bind port: /127.0.0.1:11254
2021-11-08 11:11:01,095 [myid:] - INFO  [main:ZooKeeper@637] - Initiating client connection, connectString=127.0.0.1:11255 sessionTimeout=30000 watcher=org.apache.zookeeper.server.quorum.QuorumDigestTest@44ebcd03
2021-11-08 11:11:01,096 [myid:] - INFO  [main:ClientCnxnSocket@239] - jute.maxbuffer value is 1048575 Bytes
2021-11-08 11:11:01,096 [myid:] - INFO  [main:ClientCnxn@1726] - zookeeper.request.timeout value is 0. feature enabled=false
2021-11-08 11:11:01,111 [myid:127.0.0.1:11222] - WARN  [main-SendThread(127.0.0.1:11222):ClientCnxn$SendThread@1290] - Session 0x5806ebea0000 for sever xmind.net/127.0.0.1:11222, Closing socket connection. Attempting reconnect except it is a SessionExpiredException.
java.net.ConnectException: Connection refused: no further information
	at sun.nio.ch.SocketChannelImpl.checkConnect(Native Method)
	at sun.nio.ch.SocketChannelImpl.finishConnect(SocketChannelImpl.java:716)
	at org.apache.zookeeper.ClientCnxnSocketNIO.doTransport(ClientCnxnSocketNIO.java:344)
	at org.apache.zookeeper.ClientCnxn$SendThread.run(ClientCnxn.java:1280)
2021-11-08 11:11:01,121 [myid:1] - INFO  [Thread-27:QuorumPeer@2569] - Using 20000ms as the quorum cnxn socket timeout
2021-11-08 11:11:01,121 [myid:1] - INFO  [Thread-27:QuorumCnxManager$Listener@924] - Election port bind maximum retries is 3
2021-11-08 11:11:01,124 [myid:] - INFO  [Thread-29:QuorumPeerConfig@174] - Reading configuration from: D:\mysoft\faiscoGit\myStudy\ZooKeeperLearning\apache-zookeeper-3.7.0\zookeeper-server\target\surefire\test7419006432541094255.junit.dir\zoo.cfg
2021-11-08 11:11:01,130 [myid:] - INFO  [Thread-29:QuorumPeerConfig@444] - clientPortAddress is 0.0.0.0:11255
2021-11-08 11:11:01,130 [myid:] - INFO  [Thread-29:QuorumPeerConfig@448] - secureClientPort is not set
2021-11-08 11:11:01,130 [myid:] - INFO  [Thread-29:QuorumPeerConfig@464] - observerMasterPort is not set
2021-11-08 11:11:01,130 [myid:] - INFO  [Thread-29:QuorumPeerConfig@481] - metricsProvider.className is org.apache.zookeeper.metrics.impl.DefaultMetricsProvider
2021-11-08 11:11:01,131 [myid:3] - WARN  [Thread-29:QuorumPeerConfig@778] - Peer type from servers list (OBSERVER) doesn't match peerType (PARTICIPANT). Defaulting to servers list.
2021-11-08 11:11:01,131 [myid:3] - INFO  [Thread-29:DatadirCleanupManager@78] - autopurge.snapRetainCount set to 3
2021-11-08 11:11:01,132 [myid:3] - INFO  [Thread-29:DatadirCleanupManager@79] - autopurge.purgeInterval set to 0
2021-11-08 11:11:01,132 [myid:3] - INFO  [Thread-29:DatadirCleanupManager@101] - Purge task is not scheduled.
2021-11-08 11:11:01,132 [myid:3] - INFO  [Thread-29:ManagedUtil@44] - Log4j 1.2 jmx support found and enabled.
2021-11-08 11:11:01,132 [myid:3] - ERROR [Thread-29:ManagedUtil@109] - Problems while registering log4j 1.2 jmx beans!
javax.management.InstanceAlreadyExistsException: log4j:hierarchy=default
	at com.sun.jmx.mbeanserver.Repository.addMBean(Repository.java:437)
	at com.sun.jmx.interceptor.DefaultMBeanServerInterceptor.registerWithRepository(DefaultMBeanServerInterceptor.java:1898)
	at com.sun.jmx.interceptor.DefaultMBeanServerInterceptor.registerDynamicMBean(DefaultMBeanServerInterceptor.java:966)
	at com.sun.jmx.interceptor.DefaultMBeanServerInterceptor.registerObject(DefaultMBeanServerInterceptor.java:900)
	at com.sun.jmx.interceptor.DefaultMBeanServerInterceptor.registerMBean(DefaultMBeanServerInterceptor.java:324)
	at com.sun.jmx.mbeanserver.JmxMBeanServer.registerMBean(JmxMBeanServer.java:522)
	at org.apache.zookeeper.jmx.ManagedUtil.registerLog4jMBeans(ManagedUtil.java:72)
	at org.apache.zookeeper.server.quorum.QuorumPeerMain.runFromConfig(QuorumPeerMain.java:147)
	at org.apache.zookeeper.server.quorum.QuorumPeerMain.initializeAndRun(QuorumPeerMain.java:137)
	at org.apache.zookeeper.server.quorum.QuorumPeerTestBase$MainThread.run(QuorumPeerTestBase.java:329)
	at java.lang.Thread.run(Thread.java:745)
2021-11-08 11:11:01,132 [myid:3] - WARN  [Thread-29:QuorumPeerMain@149] - Unable to register log4j JMX control
javax.management.JMException: javax.management.InstanceAlreadyExistsException: log4j:hierarchy=default
	at org.apache.zookeeper.jmx.ManagedUtil.registerLog4jMBeans(ManagedUtil.java:110)
	at org.apache.zookeeper.server.quorum.QuorumPeerMain.runFromConfig(QuorumPeerMain.java:147)
	at org.apache.zookeeper.server.quorum.QuorumPeerMain.initializeAndRun(QuorumPeerMain.java:137)
	at org.apache.zookeeper.server.quorum.QuorumPeerTestBase$MainThread.run(QuorumPeerTestBase.java:329)
	at java.lang.Thread.run(Thread.java:745)
2021-11-08 11:11:01,132 [myid:3] - INFO  [Thread-29:QuorumPeerMain@152] - Starting quorum peer, myid=3
2021-11-08 11:11:01,132 [myid:3] - INFO  [Thread-29:ServerMetrics@62] - ServerMetrics initialized with provider org.apache.zookeeper.metrics.impl.DefaultMetricsProvider@1680b314
2021-11-08 11:11:01,133 [myid:3] - INFO  [Thread-29:DigestAuthenticationProvider@61] - zookeeper.DigestAuthenticationProvider.enabled = true
2021-11-08 11:11:01,133 [myid:3] - INFO  [Thread-29:ServerCnxnFactory@169] - Using org.apache.zookeeper.server.NIOServerCnxnFactory as server connection factory
2021-11-08 11:11:01,133 [myid:3] - WARN  [Thread-29:ServerCnxnFactory@309] - maxCnxns is not configured, using default value 0.
2021-11-08 11:11:01,133 [myid:3] - INFO  [Thread-29:NIOServerCnxnFactory@652] - Configuring NIO connection handler with 10s sessionless connection timeout, 1 selector thread(s), 12 worker threads, and 64 kB direct buffers.
2021-11-08 11:11:01,138 [myid:3] - INFO  [Thread-29:NIOServerCnxnFactory@660] - binding to port /127.0.0.1:11255
2021-11-08 11:11:01,139 [myid:3] - INFO  [Thread-29:FileTxnSnapLog@124] - zookeeper.snapshot.trust.empty : false
2021-11-08 11:11:01,140 [myid:3] - INFO  [Thread-29:QuorumPeer@1742] - Local sessions disabled
2021-11-08 11:11:01,140 [myid:3] - INFO  [Thread-29:QuorumPeer@1753] - Local session upgrading disabled
2021-11-08 11:11:01,140 [myid:3] - INFO  [Thread-29:QuorumPeer@1720] - tickTime set to 4000
2021-11-08 11:11:01,140 [myid:3] - INFO  [Thread-29:QuorumPeer@1764] - minSessionTimeout set to 8000
2021-11-08 11:11:01,140 [myid:3] - INFO  [Thread-29:QuorumPeer@1775] - maxSessionTimeout set to 80000
2021-11-08 11:11:01,140 [myid:3] - INFO  [Thread-29:QuorumPeer@1800] - initLimit set to 10
2021-11-08 11:11:01,140 [myid:3] - INFO  [Thread-29:QuorumPeer@1987] - syncLimit set to 5
2021-11-08 11:11:01,140 [myid:3] - INFO  [Thread-29:QuorumPeer@2002] - connectToLearnerMasterLimit set to 5
2021-11-08 11:11:01,141 [myid:3] - INFO  [Thread-29:WatchManagerFactory@42] - Using org.apache.zookeeper.server.watch.WatchManager as watch manager
2021-11-08 11:11:01,141 [myid:3] - INFO  [Thread-29:WatchManagerFactory@42] - Using org.apache.zookeeper.server.watch.WatchManager as watch manager
2021-11-08 11:11:01,142 [myid:3] - INFO  [Thread-29:ZKDatabase@133] - zookeeper.snapshotSizeFactor = 0.33
2021-11-08 11:11:01,142 [myid:3] - INFO  [Thread-29:ZKDatabase@153] - zookeeper.commitLogCount=500
2021-11-08 11:11:01,142 [myid:3] - INFO  [Thread-29:QuorumPeer@2066] - Using insecure (non-TLS) quorum communication
2021-11-08 11:11:01,142 [myid:3] - INFO  [Thread-29:QuorumPeer@2072] - Port unification disabled
2021-11-08 11:11:01,142 [myid:3] - INFO  [Thread-29:QuorumPeer@179] - multiAddress.enabled set to false
2021-11-08 11:11:01,142 [myid:3] - INFO  [Thread-29:QuorumPeer@204] - multiAddress.reachabilityCheckEnabled set to true
2021-11-08 11:11:01,142 [myid:3] - INFO  [Thread-29:QuorumPeer@191] - multiAddress.reachabilityCheckTimeoutMs set to 1000
2021-11-08 11:11:01,142 [myid:3] - INFO  [Thread-29:QuorumPeer@2527] - QuorumPeer communication is not secured! (SASL auth disabled)
2021-11-08 11:11:01,142 [myid:3] - INFO  [Thread-29:QuorumPeer@2552] - quorum.cnxn.threads.size set to 20
2021-11-08 11:11:01,143 [myid:3] - INFO  [Thread-29:FileTxnSnapLog@479] - Snapshotting: 0x0 to D:\mysoft\faiscoGit\myStudy\ZooKeeperLearning\apache-zookeeper-3.7.0\zookeeper-server\target\surefire\test7419006432541094255.junit.dir\data\version-2\snapshot.0
2021-11-08 11:11:01,143 [myid:3] - INFO  [Thread-29:ZKDatabase@290] - Snapshot loaded in 1 ms, highest zxid is 0x0, digest is 1371985504
2021-11-08 11:11:01,143 [myid:3] - INFO  [Thread-29:QuorumPeer@1157] - currentEpoch not found! Creating with a reasonable default of 0. This should only happen when you are upgrading your installation
2021-11-08 11:11:01,151 [myid:3] - INFO  [Thread-29:QuorumPeer@1177] - acceptedEpoch not found! Creating with a reasonable default of 0. This should only happen when you are upgrading your installation
2021-11-08 11:11:01,169 [myid:0] - INFO  [QuorumPeer[myid=0](plain=127.0.0.1:11246)(secure=disabled):FastLeaderElection@984] - Notification time out: 400
2021-11-08 11:11:01,170 [myid:127.0.0.1:11255] - INFO  [main-SendThread(127.0.0.1:11255):ClientCnxn$SendThread@1171] - Opening socket connection to server xmind.net/127.0.0.1:11255.
2021-11-08 11:11:01,170 [myid:127.0.0.1:11255] - INFO  [main-SendThread(127.0.0.1:11255):ClientCnxn$SendThread@1173] - SASL config status: Will not attempt to authenticate using SASL (unknown error)
2021-11-08 11:11:01,170 [myid:1] - INFO  [QuorumPeer[myid=1](plain=127.0.0.1:11249)(secure=disabled):QuorumPeer@1430] - LOOKING
2021-11-08 11:11:01,170 [myid:1] - INFO  [QuorumPeer[myid=1](plain=127.0.0.1:11249)(secure=disabled):FastLeaderElection@947] - New election. My id = 1, proposed zxid=0x0
2021-11-08 11:11:01,234 [myid:127.0.0.1:11255] - INFO  [main-SendThread(127.0.0.1:11255):ClientCnxn$SendThread@1005] - Socket connection established, initiating session, client: /127.0.0.1:7161, server: xmind.net/127.0.0.1:11255
2021-11-08 11:11:01,234 [myid:1] - INFO  [ListenerHandler-/127.0.0.1:11251:QuorumCnxManager$Listener$ListenerHandler@1066] - 1 is accepting connections now, my election bind port: /127.0.0.1:11251
2021-11-08 11:11:01,235 [myid:2] - INFO  [QuorumPeer[myid=2](plain=127.0.0.1:11252)(secure=disabled):FastLeaderElection@984] - Notification time out: 400
2021-11-08 11:11:01,235 [myid:3] - INFO  [Thread-29:QuorumPeer@2569] - Using 20000ms as the quorum cnxn socket timeout
2021-11-08 11:11:01,236 [myid:3] - INFO  [Thread-29:QuorumCnxManager$Listener@924] - Election port bind maximum retries is 3
2021-11-08 11:11:01,237 [myid:1] - INFO  [WorkerReceiver[myid=1]:FastLeaderElection$Messenger$WorkerReceiver@390] - Notification: my state:LOOKING; n.sid:1, n.state:LOOKING, n.leader:1, n.round:0x1, n.peerEpoch:0x0, n.zxid:0x0, message format version:0x2, n.config version:0x0
2021-11-08 11:11:01,287 [myid:0] - INFO  [ListenerHandler-/127.0.0.1:11248:QuorumCnxManager$Listener$ListenerHandler@1071] - Received connection request from /127.0.0.1:7172
2021-11-08 11:11:01,425 [myid:3] - INFO  [ListenerHandler-/127.0.0.1:11257:QuorumCnxManager$Listener$ListenerHandler@1066] - 3 is accepting connections now, my election bind port: /127.0.0.1:11257
2021-11-08 11:11:01,425 [myid:1] - WARN  [NIOWorkerThread-1:NIOServerCnxn@380] - Close of session 0x0
java.io.IOException: ZooKeeperServer not running
	at org.apache.zookeeper.server.NIOServerCnxn.readLength(NIOServerCnxn.java:554)
	at org.apache.zookeeper.server.NIOServerCnxn.doIO(NIOServerCnxn.java:339)
	at org.apache.zookeeper.server.NIOServerCnxnFactory$IOWorkRequest.doWork(NIOServerCnxnFactory.java:508)
	at org.apache.zookeeper.server.WorkerService$ScheduledWorkRequest.run(WorkerService.java:154)
	at java.util.concurrent.ThreadPoolExecutor.runWorker(ThreadPoolExecutor.java:1142)
	at java.util.concurrent.ThreadPoolExecutor$Worker.run(ThreadPoolExecutor.java:617)
	at java.lang.Thread.run(Thread.java:745)
2021-11-08 11:11:01,425 [myid:127.0.0.1:11249] - WARN  [main-SendThread(127.0.0.1:11249):ClientCnxn$SendThread@1290] - Session 0x0 for sever xmind.net/127.0.0.1:11249, Closing socket connection. Attempting reconnect except it is a SessionExpiredException.
EndOfStreamException: Unable to read additional data from server sessionid 0x0, likely server has closed socket
	at org.apache.zookeeper.ClientCnxnSocketNIO.doIO(ClientCnxnSocketNIO.java:77)
	at org.apache.zookeeper.ClientCnxnSocketNIO.doTransport(ClientCnxnSocketNIO.java:350)
	at org.apache.zookeeper.ClientCnxn$SendThread.run(ClientCnxn.java:1280)
2021-11-08 11:11:01,426 [myid:1] - INFO  [WorkerSender[myid=1]:FastLeaderElection$Messenger$WorkerSender@506] - WorkerSender is down
2021-11-08 11:11:01,426 [myid:1] - INFO  [WorkerReceiver[myid=1]:FastLeaderElection$Messenger$WorkerReceiver@472] - WorkerReceiver is down
2021-11-08 11:11:01,434 [myid:127.0.0.1:11252] - INFO  [main-SendThread(127.0.0.1:11252):ClientCnxn$SendThread@1005] - Socket connection established, initiating session, client: /127.0.0.1:7069, server: xmind.net/127.0.0.1:11252
2021-11-08 11:11:01,434 [myid:2] - INFO  [WorkerReceiver[myid=2]:FastLeaderElection$Messenger$WorkerReceiver@472] - WorkerReceiver is down
2021-11-08 11:11:01,434 [myid:2] - INFO  [WorkerSender[myid=2]:FastLeaderElection$Messenger$WorkerSender@506] - WorkerSender is down
2021-11-08 11:11:01,435 [myid:2] - INFO  [ListenerHandler-/127.0.0.1:11254:QuorumCnxManager$Listener$ListenerHandler@1071] - Received connection request from /127.0.0.1:7174
2021-11-08 11:11:01,435 [myid:1] - INFO  [QuorumConnectionThread-[myid=1]-2:QuorumCnxManager@514] - Have smaller server identifier, so dropping the connection: (myId:1 --> sid:2)
2021-11-08 11:11:01,436 [myid:3] - INFO  [QuorumPeer[myid=3](plain=127.0.0.1:11255)(secure=disabled):QuorumPeer@1430] - LOOKING
2021-11-08 11:11:01,436 [myid:3] - INFO  [QuorumPeer[myid=3](plain=127.0.0.1:11255)(secure=disabled):FastLeaderElection@947] - New election. My id = 3, proposed zxid=0x8000000000000000
2021-11-08 11:11:01,468 [myid:1] - INFO  [WorkerReceiver[myid=1]:FastLeaderElection$Messenger$WorkerReceiver@390] - Notification: my state:LOOKING; n.sid:0, n.state:LOOKING, n.leader:0, n.round:0x1, n.peerEpoch:0x0, n.zxid:0x0, message format version:0x2, n.config version:0x0
2021-11-08 11:11:01,469 [myid:3] - WARN  [NIOWorkerThread-1:NIOServerCnxn@380] - Close of session 0x0
java.io.IOException: ZooKeeperServer not running
	at org.apache.zookeeper.server.NIOServerCnxn.readLength(NIOServerCnxn.java:554)
	at org.apache.zookeeper.server.NIOServerCnxn.doIO(NIOServerCnxn.java:339)
	at org.apache.zookeeper.server.NIOServerCnxnFactory$IOWorkRequest.doWork(NIOServerCnxnFactory.java:508)
	at org.apache.zookeeper.server.WorkerService$ScheduledWorkRequest.run(WorkerService.java:154)
	at java.util.concurrent.ThreadPoolExecutor.runWorker(ThreadPoolExecutor.java:1142)
	at java.util.concurrent.ThreadPoolExecutor$Worker.run(ThreadPoolExecutor.java:617)
	at java.lang.Thread.run(Thread.java:745)
2021-11-08 11:11:01,469 [myid:1] - INFO  [ListenerHandler-/127.0.0.1:11251:QuorumCnxManager$Listener$ListenerHandler@1071] - Received connection request from /127.0.0.1:7090
2021-11-08 11:11:01,469 [myid:0] - INFO  [WorkerReceiver[myid=0]:FastLeaderElection$Messenger$WorkerReceiver@390] - Notification: my state:LOOKING; n.sid:1, n.state:LOOKING, n.leader:1, n.round:0x1, n.peerEpoch:0x0, n.zxid:0x0, message format version:0x2, n.config version:0x0
2021-11-08 11:11:01,469 [myid:0] - WARN  [RecvWorker:1:QuorumCnxManager$RecvWorker@1397] - Connection broken for id 1, my id = 0
java.io.EOFException
	at java.io.DataInputStream.readInt(DataInputStream.java:392)
	at org.apache.zookeeper.server.quorum.QuorumCnxManager$RecvWorker.run(QuorumCnxManager.java:1385)
2021-11-08 11:11:01,471 [myid:0] - WARN  [RecvWorker:1:QuorumCnxManager$RecvWorker@1403] - Interrupting SendWorker thread from RecvWorker. sid: 1. myId: 0
2021-11-08 11:11:01,469 [myid:0] - INFO  [QuorumConnectionThread-[myid=0]-1:QuorumCnxManager@514] - Have smaller server identifier, so dropping the connection: (myId:0 --> sid:1)
2021-11-08 11:11:01,469 [myid:127.0.0.1:11255] - WARN  [main-SendThread(127.0.0.1:11255):ClientCnxn$SendThread@1290] - Session 0x0 for sever xmind.net/127.0.0.1:11255, Closing socket connection. Attempting reconnect except it is a SessionExpiredException.
EndOfStreamException: Unable to read additional data from server sessionid 0x0, likely server has closed socket
	at org.apache.zookeeper.ClientCnxnSocketNIO.doIO(ClientCnxnSocketNIO.java:77)
	at org.apache.zookeeper.ClientCnxnSocketNIO.doTransport(ClientCnxnSocketNIO.java:350)
	at org.apache.zookeeper.ClientCnxn$SendThread.run(ClientCnxn.java:1280)
2021-11-08 11:11:01,471 [myid:0] - INFO  [ListenerHandler-/127.0.0.1:11248:QuorumCnxManager$Listener$ListenerHandler@1071] - Received connection request from /127.0.0.1:7176
2021-11-08 11:11:01,469 [myid:2] - WARN  [NIOWorkerThread-1:NIOServerCnxn@380] - Close of session 0x0
java.io.IOException: ZooKeeperServer not running
	at org.apache.zookeeper.server.NIOServerCnxn.readLength(NIOServerCnxn.java:554)
	at org.apache.zookeeper.server.NIOServerCnxn.doIO(NIOServerCnxn.java:339)
	at org.apache.zookeeper.server.NIOServerCnxnFactory$IOWorkRequest.doWork(NIOServerCnxnFactory.java:508)
	at org.apache.zookeeper.server.WorkerService$ScheduledWorkRequest.run(WorkerService.java:154)
	at java.util.concurrent.ThreadPoolExecutor.runWorker(ThreadPoolExecutor.java:1142)
	at java.util.concurrent.ThreadPoolExecutor$Worker.run(ThreadPoolExecutor.java:617)
	at java.lang.Thread.run(Thread.java:745)
2021-11-08 11:11:01,472 [myid:127.0.0.1:11252] - WARN  [main-SendThread(127.0.0.1:11252):ClientCnxn$SendThread@1290] - Session 0x0 for sever xmind.net/127.0.0.1:11252, Closing socket connection. Attempting reconnect except it is a SessionExpiredException.
EndOfStreamException: Unable to read additional data from server sessionid 0x0, likely server has closed socket
	at org.apache.zookeeper.ClientCnxnSocketNIO.doIO(ClientCnxnSocketNIO.java:77)
	at org.apache.zookeeper.ClientCnxnSocketNIO.doTransport(ClientCnxnSocketNIO.java:350)
	at org.apache.zookeeper.ClientCnxn$SendThread.run(ClientCnxn.java:1280)
2021-11-08 11:11:01,469 [myid:1] - WARN  [RecvWorker:0:QuorumCnxManager$RecvWorker@1397] - Connection broken for id 0, my id = 1
java.net.SocketException: Socket closed
	at java.net.SocketInputStream.socketRead0(Native Method)
	at java.net.SocketInputStream.read(SocketInputStream.java:150)
	at java.net.SocketInputStream.read(SocketInputStream.java:121)
	at java.io.BufferedInputStream.fill(BufferedInputStream.java:246)
	at java.io.BufferedInputStream.read(BufferedInputStream.java:265)
	at java.io.DataInputStream.readInt(DataInputStream.java:387)
	at org.apache.zookeeper.server.quorum.QuorumCnxManager$RecvWorker.run(QuorumCnxManager.java:1385)
2021-11-08 11:11:01,472 [myid:1] - WARN  [RecvWorker:0:QuorumCnxManager$RecvWorker@1403] - Interrupting SendWorker thread from RecvWorker. sid: 0. myId: 1
2021-11-08 11:11:01,470 [myid:1] - INFO  [ListenerHandler-/127.0.0.1:11251:QuorumCnxManager$Listener$ListenerHandler@1071] - Received connection request from /127.0.0.1:7175
2021-11-08 11:11:01,472 [myid:0] - INFO  [WorkerReceiver[myid=0]:FastLeaderElection$Messenger$WorkerReceiver@390] - Notification: my state:LOOKING; n.sid:0, n.state:LOOKING, n.leader:1, n.round:0x1, n.peerEpoch:0x0, n.zxid:0x0, message format version:0x2, n.config version:0x0
2021-11-08 11:11:01,469 [myid:1] - WARN  [SendWorker:0:QuorumCnxManager$SendWorker@1283] - Interrupted while waiting for message on queue
java.lang.InterruptedException
	at java.util.concurrent.locks.AbstractQueuedSynchronizer$ConditionObject.reportInterruptAfterWait(AbstractQueuedSynchronizer.java:2014)
	at java.util.concurrent.locks.AbstractQueuedSynchronizer$ConditionObject.awaitNanos(AbstractQueuedSynchronizer.java:2088)
	at org.apache.zookeeper.util.CircularBlockingQueue.poll(CircularBlockingQueue.java:105)
	at org.apache.zookeeper.server.quorum.QuorumCnxManager.pollSendQueue(QuorumCnxManager.java:1448)
	at org.apache.zookeeper.server.quorum.QuorumCnxManager.access$900(QuorumCnxManager.java:99)
	at org.apache.zookeeper.server.quorum.QuorumCnxManager$SendWorker.run(QuorumCnxManager.java:1272)
2021-11-08 11:11:01,505 [myid:1] - WARN  [SendWorker:0:QuorumCnxManager$SendWorker@1295] - Send worker leaving thread id 0 my id = 1
2021-11-08 11:11:01,505 [myid:0] - WARN  [SendWorker:1:QuorumCnxManager$SendWorker@1287] - Exception when using channel: for id 1 my id = 0
java.net.SocketException: Socket closed
	at java.net.SocketOutputStream.socketWrite(SocketOutputStream.java:116)
	at java.net.SocketOutputStream.write(SocketOutputStream.java:132)
	at java.io.DataOutputStream.writeInt(DataOutputStream.java:197)
	at org.apache.zookeeper.server.quorum.QuorumCnxManager$SendWorker.send(QuorumCnxManager.java:1229)
	at org.apache.zookeeper.server.quorum.QuorumCnxManager$SendWorker.run(QuorumCnxManager.java:1280)
2021-11-08 11:11:01,506 [myid:0] - WARN  [SendWorker:1:QuorumCnxManager$SendWorker@1295] - Send worker leaving thread id 1 my id = 0
2021-11-08 11:11:01,506 [myid:127.0.0.1:11234] - INFO  [main-SendThread(127.0.0.1:11234):ClientCnxn$SendThread@1171] - Opening socket connection to server xmind.net/127.0.0.1:11234.
2021-11-08 11:11:01,506 [myid:127.0.0.1:11234] - INFO  [main-SendThread(127.0.0.1:11234):ClientCnxn$SendThread@1173] - SASL config status: Will not attempt to authenticate using SASL (unknown error)
2021-11-08 11:11:01,506 [myid:2] - INFO  [ListenerHandler-/127.0.0.1:11254:QuorumCnxManager$Listener$ListenerHandler@1071] - Received connection request from /127.0.0.1:7178
2021-11-08 11:11:01,506 [myid:0] - INFO  [QuorumConnectionThread-[myid=0]-3:QuorumCnxManager@514] - Have smaller server identifier, so dropping the connection: (myId:0 --> sid:1)
2021-11-08 11:11:01,507 [myid:1] - INFO  [ListenerHandler-/127.0.0.1:11251:QuorumCnxManager$Listener$ListenerHandler@1071] - Received connection request from /127.0.0.1:7177
2021-11-08 11:11:01,507 [myid:0] - INFO  [ListenerHandler-/127.0.0.1:11248:QuorumCnxManager$Listener$ListenerHandler@1071] - Received connection request from /127.0.0.1:7180
2021-11-08 11:11:01,507 [myid:3] - INFO  [WorkerReceiver[myid=3]:FastLeaderElection$Messenger$WorkerReceiver@390] - Notification: my state:LOOKING; n.sid:0, n.state:LOOKING, n.leader:0, n.round:0x1, n.peerEpoch:0x0, n.zxid:0x0, message format version:0x2, n.config version:0x0
2021-11-08 11:11:01,510 [myid:3] - INFO  [WorkerReceiver[myid=3]:FastLeaderElection$Messenger$WorkerReceiver@390] - Notification: my state:LOOKING; n.sid:0, n.state:LOOKING, n.leader:0, n.round:0x1, n.peerEpoch:0x0, n.zxid:0x0, message format version:0x2, n.config version:0x0
2021-11-08 11:11:01,582 [myid:0] - INFO  [QuorumConnectionThread-[myid=0]-2:QuorumCnxManager@514] - Have smaller server identifier, so dropping the connection: (myId:0 --> sid:2)
2021-11-08 11:11:01,582 [myid:2] - INFO  [ListenerHandler-/127.0.0.1:11254:QuorumCnxManager$Listener$ListenerHandler@1071] - Received connection request from /127.0.0.1:7085
2021-11-08 11:11:01,582 [myid:127.0.0.1:11228] - WARN  [main-SendThread(127.0.0.1:11228):ClientCnxn$SendThread@1290] - Session 0x2005806ebfe0000 for sever xmind.net/127.0.0.1:11228, Closing socket connection. Attempting reconnect except it is a SessionExpiredException.
java.net.ConnectException: Connection refused: no further information
	at sun.nio.ch.SocketChannelImpl.checkConnect(Native Method)
	at sun.nio.ch.SocketChannelImpl.finishConnect(SocketChannelImpl.java:716)
	at org.apache.zookeeper.ClientCnxnSocketNIO.doTransport(ClientCnxnSocketNIO.java:344)
	at org.apache.zookeeper.ClientCnxn$SendThread.run(ClientCnxn.java:1280)
2021-11-08 11:11:01,586 [myid:0] - INFO  [WorkerReceiver[myid=0]:FastLeaderElection$Messenger$WorkerReceiver@390] - Notification: my state:LOOKING; n.sid:1, n.state:LOOKING, n.leader:1, n.round:0x1, n.peerEpoch:0x0, n.zxid:0x0, message format version:0x2, n.config version:0x0
2021-11-08 11:11:01,586 [myid:3] - INFO  [WorkerReceiver[myid=3]:FastLeaderElection$Messenger$WorkerReceiver@390] - Notification: my state:LOOKING; n.sid:2, n.state:LOOKING, n.leader:2, n.round:0x1, n.peerEpoch:0x0, n.zxid:0x0, message format version:0x2, n.config version:0x0
2021-11-08 11:11:01,587 [myid:3] - INFO  [WorkerReceiver[myid=3]:FastLeaderElection$Messenger$WorkerReceiver@390] - Notification: my state:LOOKING; n.sid:1, n.state:LOOKING, n.leader:1, n.round:0x1, n.peerEpoch:0x0, n.zxid:0x0, message format version:0x2, n.config version:0x0
2021-11-08 11:11:01,588 [myid:1] - INFO  [WorkerReceiver[myid=1]:FastLeaderElection$Messenger$WorkerReceiver@390] - Notification: my state:LOOKING; n.sid:0, n.state:LOOKING, n.leader:1, n.round:0x1, n.peerEpoch:0x0, n.zxid:0x0, message format version:0x2, n.config version:0x0
2021-11-08 11:11:01,589 [myid:3] - INFO  [WorkerReceiver[myid=3]:FastLeaderElection$Messenger$WorkerReceiver@390] - Notification: my state:LOOKING; n.sid:1, n.state:LOOKING, n.leader:1, n.round:0x1, n.peerEpoch:0x0, n.zxid:0x0, message format version:0x2, n.config version:0x0
2021-11-08 11:11:01,589 [myid:3] - INFO  [WorkerReceiver[myid=3]:FastLeaderElection$Messenger$WorkerReceiver@390] - Notification: my state:LOOKING; n.sid:0, n.state:LOOKING, n.leader:0, n.round:0x1, n.peerEpoch:0x0, n.zxid:0x0, message format version:0x2, n.config version:0x0
2021-11-08 11:11:01,589 [myid:3] - INFO  [WorkerReceiver[myid=3]:FastLeaderElection$Messenger$WorkerReceiver@390] - Notification: my state:LOOKING; n.sid:2, n.state:LOOKING, n.leader:2, n.round:0x1, n.peerEpoch:0x0, n.zxid:0x0, message format version:0x2, n.config version:0x0
2021-11-08 11:11:01,611 [myid:1] - INFO  [ListenerHandler-/127.0.0.1:11251:QuorumCnxManager$Listener$ListenerHandler@1071] - Received connection request from /127.0.0.1:7101
2021-11-08 11:11:01,621 [myid:2] - INFO  [WorkerReceiver[myid=2]:FastLeaderElection$Messenger$WorkerReceiver@390] - Notification: my state:LOOKING; n.sid:1, n.state:LOOKING, n.leader:1, n.round:0x1, n.peerEpoch:0x0, n.zxid:0x0, message format version:0x2, n.config version:0x0
2021-11-08 11:11:01,634 [myid:1] - INFO  [WorkerReceiver[myid=1]:FastLeaderElection$Messenger$WorkerReceiver@390] - Notification: my state:LOOKING; n.sid:2, n.state:LOOKING, n.leader:2, n.round:0x1, n.peerEpoch:0x0, n.zxid:0x0, message format version:0x2, n.config version:0x0
2021-11-08 11:11:01,634 [myid:1] - INFO  [WorkerReceiver[myid=1]:FastLeaderElection$Messenger$WorkerReceiver@390] - Notification: my state:LOOKING; n.sid:1, n.state:LOOKING, n.leader:2, n.round:0x1, n.peerEpoch:0x0, n.zxid:0x0, message format version:0x2, n.config version:0x0
2021-11-08 11:11:01,634 [myid:2] - INFO  [WorkerReceiver[myid=2]:FastLeaderElection$Messenger$WorkerReceiver@390] - Notification: my state:LOOKING; n.sid:1, n.state:LOOKING, n.leader:2, n.round:0x1, n.peerEpoch:0x0, n.zxid:0x0, message format version:0x2, n.config version:0x0
2021-11-08 11:11:01,635 [myid:0] - INFO  [WorkerReceiver[myid=0]:FastLeaderElection$Messenger$WorkerReceiver@390] - Notification: my state:LOOKING; n.sid:1, n.state:LOOKING, n.leader:2, n.round:0x1, n.peerEpoch:0x0, n.zxid:0x0, message format version:0x2, n.config version:0x0
2021-11-08 11:11:01,635 [myid:0] - INFO  [WorkerReceiver[myid=0]:FastLeaderElection$Messenger$WorkerReceiver@390] - Notification: my state:LOOKING; n.sid:0, n.state:LOOKING, n.leader:2, n.round:0x1, n.peerEpoch:0x0, n.zxid:0x0, message format version:0x2, n.config version:0x0
2021-11-08 11:11:01,635 [myid:1] - INFO  [WorkerReceiver[myid=1]:FastLeaderElection$Messenger$WorkerReceiver@390] - Notification: my state:LOOKING; n.sid:0, n.state:LOOKING, n.leader:2, n.round:0x1, n.peerEpoch:0x0, n.zxid:0x0, message format version:0x2, n.config version:0x0
2021-11-08 11:11:01,636 [myid:2] - INFO  [ListenerHandler-/127.0.0.1:11254:QuorumCnxManager$Listener$ListenerHandler@1071] - Received connection request from /127.0.0.1:7181
2021-11-08 11:11:01,636 [myid:0] - INFO  [QuorumConnectionThread-[myid=0]-2:QuorumCnxManager@514] - Have smaller server identifier, so dropping the connection: (myId:0 --> sid:2)
2021-11-08 11:11:01,667 [myid:3] - INFO  [WorkerSender[myid=3]:FastLeaderElection$Messenger$WorkerSender@506] - WorkerSender is down
2021-11-08 11:11:01,671 [myid:3] - INFO  [WorkerReceiver[myid=3]:FastLeaderElection$Messenger$WorkerReceiver@472] - WorkerReceiver is down
2021-11-08 11:11:01,682 [myid:2] - INFO  [SessionTracker:SessionTrackerImpl@175] - SessionTrackerImpl exited loop!
2021-11-08 11:11:01,740 [myid:0] - INFO  [ListenerHandler-/127.0.0.1:11248:QuorumCnxManager$Listener$ListenerHandler@1071] - Received connection request from /127.0.0.1:7102
2021-11-08 11:11:01,915 [myid:0] - INFO  [QuorumPeer[myid=0](plain=127.0.0.1:11246)(secure=disabled):QuorumPeer@901] - Peer state changed: following
2021-11-08 11:11:01,916 [myid:0] - INFO  [QuorumPeer[myid=0](plain=127.0.0.1:11246)(secure=disabled):QuorumPeer@1512] - FOLLOWING
2021-11-08 11:11:01,916 [myid:2] - INFO  [QuorumPeer[myid=2](plain=127.0.0.1:11252)(secure=disabled):QuorumPeer@901] - Peer state changed: leading
2021-11-08 11:11:01,916 [myid:2] - INFO  [WorkerReceiver[myid=2]:FastLeaderElection$Messenger$WorkerReceiver@390] - Notification: my state:LEADING; n.sid:0, n.state:LOOKING, n.leader:2, n.round:0x1, n.peerEpoch:0x0, n.zxid:0x0, message format version:0x2, n.config version:0x0
2021-11-08 11:11:01,916 [myid:2] - INFO  [QuorumPeer[myid=2](plain=127.0.0.1:11252)(secure=disabled):QuorumPeer@1527] - LEADING
2021-11-08 11:11:01,916 [myid:2] - INFO  [QuorumPeer[myid=2](plain=127.0.0.1:11252)(secure=disabled):ZooKeeperServer@1300] - minSessionTimeout set to 8000
2021-11-08 11:11:01,916 [myid:0] - INFO  [QuorumPeer[myid=0](plain=127.0.0.1:11246)(secure=disabled):ZooKeeperServer@1300] - minSessionTimeout set to 8000
2021-11-08 11:11:01,916 [myid:0] - INFO  [QuorumPeer[myid=0](plain=127.0.0.1:11246)(secure=disabled):ZooKeeperServer@1309] - maxSessionTimeout set to 80000
2021-11-08 11:11:01,916 [myid:0] - INFO  [QuorumPeer[myid=0](plain=127.0.0.1:11246)(secure=disabled):ResponseCache@45] - getData response cache size is initialized with value 400.
2021-11-08 11:11:01,916 [myid:0] - INFO  [QuorumPeer[myid=0](plain=127.0.0.1:11246)(secure=disabled):ResponseCache@45] - getChildren response cache size is initialized with value 400.
2021-11-08 11:11:01,916 [myid:0] - INFO  [QuorumPeer[myid=0](plain=127.0.0.1:11246)(secure=disabled):RequestPathMetricsCollector@109] - zookeeper.pathStats.slotCapacity = 60
2021-11-08 11:11:01,916 [myid:0] - INFO  [QuorumPeer[myid=0](plain=127.0.0.1:11246)(secure=disabled):RequestPathMetricsCollector@110] - zookeeper.pathStats.slotDuration = 15
2021-11-08 11:11:01,916 [myid:0] - INFO  [QuorumPeer[myid=0](plain=127.0.0.1:11246)(secure=disabled):RequestPathMetricsCollector@111] - zookeeper.pathStats.maxDepth = 6
2021-11-08 11:11:01,916 [myid:0] - INFO  [QuorumPeer[myid=0](plain=127.0.0.1:11246)(secure=disabled):RequestPathMetricsCollector@112] - zookeeper.pathStats.initialDelay = 5
2021-11-08 11:11:01,916 [myid:0] - INFO  [QuorumPeer[myid=0](plain=127.0.0.1:11246)(secure=disabled):RequestPathMetricsCollector@113] - zookeeper.pathStats.delay = 5
2021-11-08 11:11:01,916 [myid:0] - INFO  [QuorumPeer[myid=0](plain=127.0.0.1:11246)(secure=disabled):RequestPathMetricsCollector@114] - zookeeper.pathStats.enabled = false
2021-11-08 11:11:01,916 [myid:0] - INFO  [QuorumPeer[myid=0](plain=127.0.0.1:11246)(secure=disabled):ZooKeeperServer@1536] - The max bytes for all large requests are set to 104857600
2021-11-08 11:11:01,916 [myid:0] - INFO  [QuorumPeer[myid=0](plain=127.0.0.1:11246)(secure=disabled):ZooKeeperServer@1550] - The large request threshold is set to -1
2021-11-08 11:11:01,916 [myid:0] - INFO  [QuorumPeer[myid=0](plain=127.0.0.1:11246)(secure=disabled):AuthenticationHelper@66] - zookeeper.enforce.auth.enabled = false
2021-11-08 11:11:01,916 [myid:0] - INFO  [QuorumPeer[myid=0](plain=127.0.0.1:11246)(secure=disabled):AuthenticationHelper@67] - zookeeper.enforce.auth.schemes = []
2021-11-08 11:11:01,916 [myid:0] - INFO  [QuorumPeer[myid=0](plain=127.0.0.1:11246)(secure=disabled):ZooKeeperServer@361] - Created server with tickTime 4000 minSessionTimeout 8000 maxSessionTimeout 80000 clientPortListenBacklog -1 datadir D:\mysoft\faiscoGit\myStudy\ZooKeeperLearning\apache-zookeeper-3.7.0\zookeeper-server\target\surefire\test2270027112720320354.junit.dir\data\version-2 snapdir D:\mysoft\faiscoGit\myStudy\ZooKeeperLearning\apache-zookeeper-3.7.0\zookeeper-server\target\surefire\test2270027112720320354.junit.dir\data\version-2
2021-11-08 11:11:01,917 [myid:0] - INFO  [QuorumPeer[myid=0](plain=127.0.0.1:11246)(secure=disabled):Follower@77] - FOLLOWING - LEADER ELECTION TOOK - 1006 MS
2021-11-08 11:11:01,917 [myid:0] - INFO  [QuorumPeer[myid=0](plain=127.0.0.1:11246)(secure=disabled):QuorumPeer@915] - Peer state changed: following - discovery
2021-11-08 11:11:01,916 [myid:2] - INFO  [QuorumPeer[myid=2](plain=127.0.0.1:11252)(secure=disabled):ZooKeeperServer@1309] - maxSessionTimeout set to 80000
2021-11-08 11:11:01,976 [myid:1] - INFO  [QuorumPeer[myid=1](plain=127.0.0.1:11249)(secure=disabled):QuorumPeer@901] - Peer state changed: following
2021-11-08 11:11:01,977 [myid:1] - INFO  [QuorumPeer[myid=1](plain=127.0.0.1:11249)(secure=disabled):QuorumPeer@1512] - FOLLOWING
2021-11-08 11:11:01,978 [myid:1] - INFO  [QuorumPeer[myid=1](plain=127.0.0.1:11249)(secure=disabled):ZooKeeperServer@1300] - minSessionTimeout set to 8000
2021-11-08 11:11:01,978 [myid:1] - INFO  [QuorumPeer[myid=1](plain=127.0.0.1:11249)(secure=disabled):ZooKeeperServer@1309] - maxSessionTimeout set to 80000
2021-11-08 11:11:01,978 [myid:1] - INFO  [QuorumPeer[myid=1](plain=127.0.0.1:11249)(secure=disabled):ResponseCache@45] - getData response cache size is initialized with value 400.
2021-11-08 11:11:01,978 [myid:1] - INFO  [QuorumPeer[myid=1](plain=127.0.0.1:11249)(secure=disabled):ResponseCache@45] - getChildren response cache size is initialized with value 400.
2021-11-08 11:11:01,978 [myid:1] - INFO  [QuorumPeer[myid=1](plain=127.0.0.1:11249)(secure=disabled):RequestPathMetricsCollector@109] - zookeeper.pathStats.slotCapacity = 60
2021-11-08 11:11:01,978 [myid:1] - INFO  [QuorumPeer[myid=1](plain=127.0.0.1:11249)(secure=disabled):RequestPathMetricsCollector@110] - zookeeper.pathStats.slotDuration = 15
2021-11-08 11:11:01,978 [myid:1] - INFO  [QuorumPeer[myid=1](plain=127.0.0.1:11249)(secure=disabled):RequestPathMetricsCollector@111] - zookeeper.pathStats.maxDepth = 6
2021-11-08 11:11:01,978 [myid:1] - INFO  [QuorumPeer[myid=1](plain=127.0.0.1:11249)(secure=disabled):RequestPathMetricsCollector@112] - zookeeper.pathStats.initialDelay = 5
2021-11-08 11:11:01,978 [myid:1] - INFO  [QuorumPeer[myid=1](plain=127.0.0.1:11249)(secure=disabled):RequestPathMetricsCollector@113] - zookeeper.pathStats.delay = 5
2021-11-08 11:11:01,978 [myid:1] - INFO  [QuorumPeer[myid=1](plain=127.0.0.1:11249)(secure=disabled):RequestPathMetricsCollector@114] - zookeeper.pathStats.enabled = false
2021-11-08 11:11:01,978 [myid:1] - INFO  [QuorumPeer[myid=1](plain=127.0.0.1:11249)(secure=disabled):ZooKeeperServer@1536] - The max bytes for all large requests are set to 104857600
2021-11-08 11:11:01,978 [myid:1] - INFO  [QuorumPeer[myid=1](plain=127.0.0.1:11249)(secure=disabled):ZooKeeperServer@1550] - The large request threshold is set to -1
2021-11-08 11:11:01,978 [myid:1] - INFO  [QuorumPeer[myid=1](plain=127.0.0.1:11249)(secure=disabled):AuthenticationHelper@66] - zookeeper.enforce.auth.enabled = false
2021-11-08 11:11:01,978 [myid:1] - INFO  [QuorumPeer[myid=1](plain=127.0.0.1:11249)(secure=disabled):AuthenticationHelper@67] - zookeeper.enforce.auth.schemes = []
2021-11-08 11:11:01,978 [myid:1] - INFO  [QuorumPeer[myid=1](plain=127.0.0.1:11249)(secure=disabled):ZooKeeperServer@361] - Created server with tickTime 4000 minSessionTimeout 8000 maxSessionTimeout 80000 clientPortListenBacklog -1 datadir D:\mysoft\faiscoGit\myStudy\ZooKeeperLearning\apache-zookeeper-3.7.0\zookeeper-server\target\surefire\test4241372345697672455.junit.dir\data\version-2 snapdir D:\mysoft\faiscoGit\myStudy\ZooKeeperLearning\apache-zookeeper-3.7.0\zookeeper-server\target\surefire\test4241372345697672455.junit.dir\data\version-2
2021-11-08 11:11:01,978 [myid:1] - INFO  [QuorumPeer[myid=1](plain=127.0.0.1:11249)(secure=disabled):Follower@77] - FOLLOWING - LEADER ELECTION TOOK - 808 MS
2021-11-08 11:11:01,978 [myid:1] - INFO  [QuorumPeer[myid=1](plain=127.0.0.1:11249)(secure=disabled):QuorumPeer@915] - Peer state changed: following - discovery
2021-11-08 11:11:01,919 [myid:3] - INFO  [QuorumPeer[myid=3](plain=127.0.0.1:11255)(secure=disabled):FastLeaderElection@984] - Notification time out: 400
2021-11-08 11:11:01,918 [myid:0] - INFO  [WorkerReceiver[myid=0]:FastLeaderElection$Messenger$WorkerReceiver@390] - Notification: my state:FOLLOWING; n.sid:2, n.state:LEADING, n.leader:2, n.round:0xffffffffffffffff, n.peerEpoch:0x0, n.zxid:0x0, message format version:0x2, n.config version:0x0
2021-11-08 11:11:02,053 [myid:3] - INFO  [WorkerReceiver[myid=3]:FastLeaderElection$Messenger$WorkerReceiver@390] - Notification: my state:LOOKING; n.sid:2, n.state:LEADING, n.leader:2, n.round:0x1, n.peerEpoch:0x0, n.zxid:0x0, message format version:0x2, n.config version:0x0
2021-11-08 11:11:02,053 [myid:3] - INFO  [WorkerReceiver[myid=3]:FastLeaderElection$Messenger$WorkerReceiver@390] - Notification: my state:LOOKING; n.sid:1, n.state:LOOKING, n.leader:1, n.round:0x1, n.peerEpoch:0x0, n.zxid:0x0, message format version:0x2, n.config version:0x0
2021-11-08 11:11:01,977 [myid:2] - INFO  [QuorumPeer[myid=2](plain=127.0.0.1:11252)(secure=disabled):ResponseCache@45] - getData response cache size is initialized with value 400.
2021-11-08 11:11:02,053 [myid:2] - INFO  [QuorumPeer[myid=2](plain=127.0.0.1:11252)(secure=disabled):ResponseCache@45] - getChildren response cache size is initialized with value 400.
2021-11-08 11:11:02,054 [myid:2] - INFO  [QuorumPeer[myid=2](plain=127.0.0.1:11252)(secure=disabled):RequestPathMetricsCollector@109] - zookeeper.pathStats.slotCapacity = 60
2021-11-08 11:11:02,054 [myid:2] - INFO  [QuorumPeer[myid=2](plain=127.0.0.1:11252)(secure=disabled):RequestPathMetricsCollector@110] - zookeeper.pathStats.slotDuration = 15
2021-11-08 11:11:02,054 [myid:2] - INFO  [QuorumPeer[myid=2](plain=127.0.0.1:11252)(secure=disabled):RequestPathMetricsCollector@111] - zookeeper.pathStats.maxDepth = 6
2021-11-08 11:11:02,054 [myid:2] - INFO  [QuorumPeer[myid=2](plain=127.0.0.1:11252)(secure=disabled):RequestPathMetricsCollector@112] - zookeeper.pathStats.initialDelay = 5
2021-11-08 11:11:02,054 [myid:2] - INFO  [QuorumPeer[myid=2](plain=127.0.0.1:11252)(secure=disabled):RequestPathMetricsCollector@113] - zookeeper.pathStats.delay = 5
2021-11-08 11:11:02,054 [myid:2] - INFO  [QuorumPeer[myid=2](plain=127.0.0.1:11252)(secure=disabled):RequestPathMetricsCollector@114] - zookeeper.pathStats.enabled = false
2021-11-08 11:11:02,054 [myid:2] - INFO  [QuorumPeer[myid=2](plain=127.0.0.1:11252)(secure=disabled):ZooKeeperServer@1536] - The max bytes for all large requests are set to 104857600
2021-11-08 11:11:02,054 [myid:2] - INFO  [QuorumPeer[myid=2](plain=127.0.0.1:11252)(secure=disabled):ZooKeeperServer@1550] - The large request threshold is set to -1
2021-11-08 11:11:02,054 [myid:2] - INFO  [QuorumPeer[myid=2](plain=127.0.0.1:11252)(secure=disabled):AuthenticationHelper@66] - zookeeper.enforce.auth.enabled = false
2021-11-08 11:11:02,054 [myid:2] - INFO  [QuorumPeer[myid=2](plain=127.0.0.1:11252)(secure=disabled):AuthenticationHelper@67] - zookeeper.enforce.auth.schemes = []
2021-11-08 11:11:02,054 [myid:2] - INFO  [QuorumPeer[myid=2](plain=127.0.0.1:11252)(secure=disabled):ZooKeeperServer@361] - Created server with tickTime 4000 minSessionTimeout 8000 maxSessionTimeout 80000 clientPortListenBacklog -1 datadir D:\mysoft\faiscoGit\myStudy\ZooKeeperLearning\apache-zookeeper-3.7.0\zookeeper-server\target\surefire\test7136655891404577383.junit.dir\data\version-2 snapdir D:\mysoft\faiscoGit\myStudy\ZooKeeperLearning\apache-zookeeper-3.7.0\zookeeper-server\target\surefire\test7136655891404577383.junit.dir\data\version-2
2021-11-08 11:11:02,054 [myid:2] - INFO  [QuorumPeer[myid=2](plain=127.0.0.1:11252)(secure=disabled):Leader@584] - LEADING - LEADER ELECTION TOOK - 1116 MS
2021-11-08 11:11:02,054 [myid:2] - INFO  [QuorumPeer[myid=2](plain=127.0.0.1:11252)(secure=disabled):QuorumPeer@915] - Peer state changed: leading - discovery
2021-11-08 11:11:02,055 [myid:2] - INFO  [QuorumPeer[myid=2](plain=127.0.0.1:11252)(secure=disabled):FileTxnSnapLog@479] - Snapshotting: 0x0 to D:\mysoft\faiscoGit\myStudy\ZooKeeperLearning\apache-zookeeper-3.7.0\zookeeper-server\target\surefire\test7136655891404577383.junit.dir\data\version-2\snapshot.0
2021-11-08 11:11:02,055 [myid:3] - INFO  [WorkerReceiver[myid=3]:FastLeaderElection$Messenger$WorkerReceiver@390] - Notification: my state:LOOKING; n.sid:0, n.state:FOLLOWING, n.leader:2, n.round:0x1, n.peerEpoch:0x0, n.zxid:0x0, message format version:0x2, n.config version:0x0
2021-11-08 11:11:02,062 [myid:2] - INFO  [QuorumPeer[myid=2](plain=127.0.0.1:11252)(secure=disabled):ZooKeeperServer@543] - Snapshot taken in 7 ms
2021-11-08 11:11:02,062 [myid:3] - INFO  [QuorumPeer[myid=3](plain=127.0.0.1:11255)(secure=disabled):QuorumPeer@901] - Peer state changed: observing
2021-11-08 11:11:02,063 [myid:3] - INFO  [QuorumPeer[myid=3](plain=127.0.0.1:11255)(secure=disabled):QuorumPeer@1493] - OBSERVING
2021-11-08 11:11:02,063 [myid:3] - INFO  [QuorumPeer[myid=3](plain=127.0.0.1:11255)(secure=disabled):ZooKeeperServer@1300] - minSessionTimeout set to 8000
2021-11-08 11:11:02,063 [myid:3] - INFO  [QuorumPeer[myid=3](plain=127.0.0.1:11255)(secure=disabled):ZooKeeperServer@1309] - maxSessionTimeout set to 80000
2021-11-08 11:11:02,063 [myid:3] - INFO  [QuorumPeer[myid=3](plain=127.0.0.1:11255)(secure=disabled):ResponseCache@45] - getData response cache size is initialized with value 400.
2021-11-08 11:11:02,063 [myid:3] - INFO  [QuorumPeer[myid=3](plain=127.0.0.1:11255)(secure=disabled):ResponseCache@45] - getChildren response cache size is initialized with value 400.
2021-11-08 11:11:02,063 [myid:3] - INFO  [QuorumPeer[myid=3](plain=127.0.0.1:11255)(secure=disabled):RequestPathMetricsCollector@109] - zookeeper.pathStats.slotCapacity = 60
2021-11-08 11:11:02,063 [myid:3] - INFO  [QuorumPeer[myid=3](plain=127.0.0.1:11255)(secure=disabled):RequestPathMetricsCollector@110] - zookeeper.pathStats.slotDuration = 15
2021-11-08 11:11:02,063 [myid:3] - INFO  [QuorumPeer[myid=3](plain=127.0.0.1:11255)(secure=disabled):RequestPathMetricsCollector@111] - zookeeper.pathStats.maxDepth = 6
2021-11-08 11:11:02,063 [myid:3] - INFO  [QuorumPeer[myid=3](plain=127.0.0.1:11255)(secure=disabled):RequestPathMetricsCollector@112] - zookeeper.pathStats.initialDelay = 5
2021-11-08 11:11:02,063 [myid:3] - INFO  [QuorumPeer[myid=3](plain=127.0.0.1:11255)(secure=disabled):RequestPathMetricsCollector@113] - zookeeper.pathStats.delay = 5
2021-11-08 11:11:02,063 [myid:3] - INFO  [QuorumPeer[myid=3](plain=127.0.0.1:11255)(secure=disabled):RequestPathMetricsCollector@114] - zookeeper.pathStats.enabled = false
2021-11-08 11:11:02,063 [myid:3] - INFO  [QuorumPeer[myid=3](plain=127.0.0.1:11255)(secure=disabled):ZooKeeperServer@1536] - The max bytes for all large requests are set to 104857600
2021-11-08 11:11:02,063 [myid:3] - INFO  [QuorumPeer[myid=3](plain=127.0.0.1:11255)(secure=disabled):ZooKeeperServer@1550] - The large request threshold is set to -1
2021-11-08 11:11:02,063 [myid:3] - INFO  [QuorumPeer[myid=3](plain=127.0.0.1:11255)(secure=disabled):AuthenticationHelper@66] - zookeeper.enforce.auth.enabled = false
2021-11-08 11:11:02,063 [myid:3] - INFO  [QuorumPeer[myid=3](plain=127.0.0.1:11255)(secure=disabled):AuthenticationHelper@67] - zookeeper.enforce.auth.schemes = []
2021-11-08 11:11:02,063 [myid:3] - INFO  [QuorumPeer[myid=3](plain=127.0.0.1:11255)(secure=disabled):ZooKeeperServer@361] - Created server with tickTime 4000 minSessionTimeout 8000 maxSessionTimeout 80000 clientPortListenBacklog -1 datadir D:\mysoft\faiscoGit\myStudy\ZooKeeperLearning\apache-zookeeper-3.7.0\zookeeper-server\target\surefire\test7419006432541094255.junit.dir\data\version-2 snapdir D:\mysoft\faiscoGit\myStudy\ZooKeeperLearning\apache-zookeeper-3.7.0\zookeeper-server\target\surefire\test7419006432541094255.junit.dir\data\version-2
2021-11-08 11:11:02,063 [myid:3] - INFO  [QuorumPeer[myid=3](plain=127.0.0.1:11255)(secure=disabled):ObserverZooKeeperServer@55] - syncEnabled =true
2021-11-08 11:11:02,063 [myid:3] - INFO  [QuorumPeer[myid=3](plain=127.0.0.1:11255)(secure=disabled):QuorumPeer@915] - Peer state changed: observing - discovery
2021-11-08 11:11:02,064 [myid:3] - INFO  [QuorumPeer[myid=3](plain=127.0.0.1:11255)(secure=disabled):Observer@164] - Observing new leader sid=2 addr=/127.0.0.1:11253
2021-11-08 11:11:02,069 [myid:127.0.0.1:11237] - INFO  [main-SendThread(127.0.0.1:11237):ClientCnxn$SendThread@1171] - Opening socket connection to server xmind.net/127.0.0.1:11237.
2021-11-08 11:11:02,188 [myid:127.0.0.1:11237] - INFO  [main-SendThread(127.0.0.1:11237):ClientCnxn$SendThread@1173] - SASL config status: Will not attempt to authenticate using SASL (unknown error)
2021-11-08 11:11:02,188 [myid:3] - INFO  [LeaderConnector-/127.0.0.1:11253:Learner$LeaderConnector@381] - Successfully connected to leader, using address: /127.0.0.1:11253
2021-11-08 11:11:02,291 [myid:127.0.0.1:11225] - WARN  [main-SendThread(127.0.0.1:11225):ClientCnxn$SendThread@1290] - Session 0x1005806ebea0000 for sever xmind.net/127.0.0.1:11225, Closing socket connection. Attempting reconnect except it is a SessionExpiredException.
java.net.ConnectException: Connection refused: no further information
	at sun.nio.ch.SocketChannelImpl.checkConnect(Native Method)
	at sun.nio.ch.SocketChannelImpl.finishConnect(SocketChannelImpl.java:716)
	at org.apache.zookeeper.ClientCnxnSocketNIO.doTransport(ClientCnxnSocketNIO.java:344)
	at org.apache.zookeeper.ClientCnxn$SendThread.run(ClientCnxn.java:1280)
2021-11-08 11:11:02,291 [myid:127.0.0.1:11243] - WARN  [main-SendThread(127.0.0.1:11243):ClientCnxn$SendThread@1290] - Session 0x3005807239f0000 for sever xmind.net/127.0.0.1:11243, Closing socket connection. Attempting reconnect except it is a SessionExpiredException.
java.net.ConnectException: Connection refused: no further information
	at sun.nio.ch.SocketChannelImpl.checkConnect(Native Method)
	at sun.nio.ch.SocketChannelImpl.finishConnect(SocketChannelImpl.java:716)
	at org.apache.zookeeper.ClientCnxnSocketNIO.doTransport(ClientCnxnSocketNIO.java:344)
	at org.apache.zookeeper.ClientCnxn$SendThread.run(ClientCnxn.java:1280)
2021-11-08 11:11:02,362 [myid:2] - INFO  [LearnerHandler-/127.0.0.1:7193:LearnerHandler@506] - Follower sid: 3 : info : 127.0.0.1:11256:11257:observer;127.0.0.1:11255
2021-11-08 11:11:02,478 [myid:0] - INFO  [LeaderConnector-/127.0.0.1:11253:Learner$LeaderConnector@381] - Successfully connected to leader, using address: /127.0.0.1:11253
2021-11-08 11:11:02,547 [myid:2] - INFO  [LearnerHandler-/127.0.0.1:7189:LearnerHandler@506] - Follower sid: 0 : info : 127.0.0.1:11247:11248:participant;127.0.0.1:11246
2021-11-08 11:11:02,597 [myid:127.0.0.1:11231] - INFO  [main-SendThread(127.0.0.1:11231):ClientCnxn$SendThread@1171] - Opening socket connection to server xmind.net/127.0.0.1:11231.
2021-11-08 11:11:02,597 [myid:127.0.0.1:11231] - INFO  [main-SendThread(127.0.0.1:11231):ClientCnxn$SendThread@1173] - SASL config status: Will not attempt to authenticate using SASL (unknown error)
2021-11-08 11:11:02,613 [myid:2] - INFO  [QuorumPeer[myid=2](plain=127.0.0.1:11252)(secure=disabled):QuorumPeer@1870] - Dynamic reconfig is disabled, we don't store the last seen config.
2021-11-08 11:11:02,617 [myid:2] - INFO  [LearnerHandler-/127.0.0.1:7189:ZKDatabase@346] - On disk txn sync enabled with snapshotSizeFactor 0.33
2021-11-08 11:11:02,617 [myid:0] - INFO  [QuorumPeer[myid=0](plain=127.0.0.1:11246)(secure=disabled):QuorumPeer@915] - Peer state changed: following - synchronization
2021-11-08 11:11:02,617 [myid:2] - INFO  [LearnerHandler-/127.0.0.1:7189:LearnerHandler@801] - Synchronizing with Learner sid: 0 maxCommittedLog=0x0 minCommittedLog=0x0 lastProcessedZxid=0x0 peerLastZxid=0x0
2021-11-08 11:11:02,617 [myid:2] - INFO  [LearnerHandler-/127.0.0.1:7189:LearnerHandler@846] - Sending DIFF zxid=0x0 for peer sid: 0
2021-11-08 11:11:02,623 [myid:2] - INFO  [QuorumPeer[myid=2](plain=127.0.0.1:11252)(secure=disabled):QuorumPeer@915] - Peer state changed: leading - synchronization
2021-11-08 11:11:02,632 [myid:2] - INFO  [LearnerHandler-/127.0.0.1:7193:ZKDatabase@346] - On disk txn sync enabled with snapshotSizeFactor 0.33
2021-11-08 11:11:02,632 [myid:2] - INFO  [LearnerHandler-/127.0.0.1:7193:LearnerHandler@801] - Synchronizing with Learner sid: 3 maxCommittedLog=0x0 minCommittedLog=0x0 lastProcessedZxid=0x0 peerLastZxid=0x0
2021-11-08 11:11:02,632 [myid:2] - INFO  [LearnerHandler-/127.0.0.1:7193:LearnerHandler@846] - Sending DIFF zxid=0x0 for peer sid: 3
2021-11-08 11:11:02,632 [myid:3] - INFO  [QuorumPeer[myid=3](plain=127.0.0.1:11255)(secure=disabled):QuorumPeer@915] - Peer state changed: observing - synchronization
2021-11-08 11:11:02,657 [myid:0] - INFO  [QuorumPeer[myid=0](plain=127.0.0.1:11246)(secure=disabled):Learner@562] - Getting a diff from the leader 0x0
2021-11-08 11:11:02,658 [myid:3] - INFO  [QuorumPeer[myid=3](plain=127.0.0.1:11255)(secure=disabled):Learner@562] - Getting a diff from the leader 0x0
2021-11-08 11:11:02,658 [myid:0] - INFO  [QuorumPeer[myid=0](plain=127.0.0.1:11246)(secure=disabled):QuorumPeer@920] - Peer state changed: following - synchronization - diff
2021-11-08 11:11:02,658 [myid:3] - INFO  [QuorumPeer[myid=3](plain=127.0.0.1:11255)(secure=disabled):QuorumPeer@920] - Peer state changed: observing - synchronization - diff
2021-11-08 11:11:02,659 [myid:3] - INFO  [QuorumPeer[myid=3](plain=127.0.0.1:11255)(secure=disabled):Learner@734] - Learner received NEWLEADER message
2021-11-08 11:11:02,659 [myid:0] - INFO  [QuorumPeer[myid=0](plain=127.0.0.1:11246)(secure=disabled):Learner@734] - Learner received NEWLEADER message
2021-11-08 11:11:02,659 [myid:3] - INFO  [QuorumPeer[myid=3](plain=127.0.0.1:11255)(secure=disabled):QuorumPeer@1870] - Dynamic reconfig is disabled, we don't store the last seen config.
2021-11-08 11:11:02,659 [myid:0] - INFO  [QuorumPeer[myid=0](plain=127.0.0.1:11246)(secure=disabled):QuorumPeer@1870] - Dynamic reconfig is disabled, we don't store the last seen config.
2021-11-08 11:11:02,662 [myid:3] - INFO  [QuorumPeer[myid=3](plain=127.0.0.1:11255)(secure=disabled):QuorumPeer@920] - Peer state changed: observing - synchronization
2021-11-08 11:11:02,662 [myid:3] - INFO  [QuorumPeer[myid=3](plain=127.0.0.1:11255)(secure=disabled):CommitProcessor@491] - Configuring CommitProcessor with readBatchSize -1 commitBatchSize 1
2021-11-08 11:11:02,662 [myid:3] - INFO  [QuorumPeer[myid=3](plain=127.0.0.1:11255)(secure=disabled):CommitProcessor@452] - Configuring CommitProcessor with 6 worker threads.
2021-11-08 11:11:02,664 [myid:0] - INFO  [QuorumPeer[myid=0](plain=127.0.0.1:11246)(secure=disabled):QuorumPeer@920] - Peer state changed: following - synchronization
2021-11-08 11:11:02,664 [myid:0] - INFO  [QuorumPeer[myid=0](plain=127.0.0.1:11246)(secure=disabled):CommitProcessor@491] - Configuring CommitProcessor with readBatchSize -1 commitBatchSize 1
2021-11-08 11:11:02,664 [myid:0] - INFO  [QuorumPeer[myid=0](plain=127.0.0.1:11246)(secure=disabled):CommitProcessor@452] - Configuring CommitProcessor with 6 worker threads.
2021-11-08 11:11:02,664 [myid:0] - INFO  [QuorumPeer[myid=0](plain=127.0.0.1:11246)(secure=disabled):FollowerRequestProcessor@59] - Initialized FollowerRequestProcessor with zookeeper.follower.skipLearnerRequestToNextProcessor as false
2021-11-08 11:11:02,825 [myid:1] - INFO  [LeaderConnector-/127.0.0.1:11253:Learner$LeaderConnector@381] - Successfully connected to leader, using address: /127.0.0.1:11253
2021-11-08 11:11:02,826 [myid:2] - INFO  [QuorumPeer[myid=2](plain=127.0.0.1:11252)(secure=disabled):Leader@1495] - Have quorum of supporters, sids: [[0, 2]]; starting up and setting last processed zxid: 0x100000000
2021-11-08 11:11:02,826 [myid:2] - INFO  [QuorumPeer[myid=2](plain=127.0.0.1:11252)(secure=disabled):Leader@1517] - Dynamic reconfig feature is disabled, skip designatedLeader calculation and reconfig processing.
2021-11-08 11:11:02,826 [myid:2] - INFO  [QuorumPeer[myid=2](plain=127.0.0.1:11252)(secure=disabled):CommitProcessor@491] - Configuring CommitProcessor with readBatchSize -1 commitBatchSize 1
2021-11-08 11:11:02,826 [myid:127.0.0.1:11246] - INFO  [main-SendThread(127.0.0.1:11246):ClientCnxn$SendThread@1171] - Opening socket connection to server xmind.net/127.0.0.1:11246.
2021-11-08 11:11:02,826 [myid:127.0.0.1:11246] - INFO  [main-SendThread(127.0.0.1:11246):ClientCnxn$SendThread@1173] - SASL config status: Will not attempt to authenticate using SASL (unknown error)
2021-11-08 11:11:02,826 [myid:2] - INFO  [QuorumPeer[myid=2](plain=127.0.0.1:11252)(secure=disabled):CommitProcessor@452] - Configuring CommitProcessor with 6 worker threads.
2021-11-08 11:11:02,828 [myid:127.0.0.1:11240] - INFO  [main-SendThread(127.0.0.1:11240):ClientCnxn$SendThread@1171] - Opening socket connection to server xmind.net/127.0.0.1:11240.
2021-11-08 11:11:02,828 [myid:127.0.0.1:11240] - INFO  [main-SendThread(127.0.0.1:11240):ClientCnxn$SendThread@1173] - SASL config status: Will not attempt to authenticate using SASL (unknown error)
2021-11-08 11:11:02,828 [myid:2] - INFO  [LearnerHandler-/127.0.0.1:7190:LearnerHandler@506] - Follower sid: 1 : info : 127.0.0.1:11250:11251:participant;127.0.0.1:11249
2021-11-08 11:11:02,828 [myid:2] - INFO  [QuorumPeer[myid=2](plain=127.0.0.1:11252)(secure=disabled):ProposalRequestProcessor@57] - zookeeper.forward_learner_requests_to_commit_processor_disabled = false
2021-11-08 11:11:02,828 [myid:127.0.0.1:11246] - INFO  [main-SendThread(127.0.0.1:11246):ClientCnxn$SendThread@1005] - Socket connection established, initiating session, client: /127.0.0.1:7200, server: xmind.net/127.0.0.1:11246
2021-11-08 11:11:02,828 [myid:2] - INFO  [QuorumPeer[myid=2](plain=127.0.0.1:11252)(secure=disabled):ContainerManager@84] - Using checkIntervalMs=60000 maxPerMinute=10000 maxNeverUsedIntervalMs=0
2021-11-08 11:11:02,828 [myid:2] - INFO  [QuorumPeer[myid=2](plain=127.0.0.1:11252)(secure=disabled):QuorumPeer@915] - Peer state changed: leading - broadcast
2021-11-08 11:11:02,828 [myid:0] - INFO  [QuorumPeer[myid=0](plain=127.0.0.1:11246)(secure=disabled):Learner@718] - Learner received UPTODATE message
2021-11-08 11:11:02,828 [myid:3] - INFO  [QuorumPeer[myid=3](plain=127.0.0.1:11255)(secure=disabled):Learner@718] - Learner received UPTODATE message
2021-11-08 11:11:02,828 [myid:0] - INFO  [QuorumPeer[myid=0](plain=127.0.0.1:11246)(secure=disabled):QuorumPeer@915] - Peer state changed: following - broadcast
2021-11-08 11:11:02,829 [myid:3] - INFO  [QuorumPeer[myid=3](plain=127.0.0.1:11255)(secure=disabled):QuorumPeer@915] - Peer state changed: observing - broadcast
2021-11-08 11:11:02,848 [myid:2] - INFO  [LearnerHandler-/127.0.0.1:7190:ZKDatabase@346] - On disk txn sync enabled with snapshotSizeFactor 0.33
2021-11-08 11:11:02,848 [myid:1] - INFO  [QuorumPeer[myid=1](plain=127.0.0.1:11249)(secure=disabled):QuorumPeer@915] - Peer state changed: following - synchronization
2021-11-08 11:11:02,848 [myid:2] - INFO  [LearnerHandler-/127.0.0.1:7190:LearnerHandler@801] - Synchronizing with Learner sid: 1 maxCommittedLog=0x0 minCommittedLog=0x0 lastProcessedZxid=0x100000000 peerLastZxid=0x0
2021-11-08 11:11:02,848 [myid:2] - INFO  [LearnerHandler-/127.0.0.1:7190:LearnerHandler@568] - Sending snapshot last zxid of peer is 0x0, zxid of leader is 0x100000000, send zxid of db as 0x100000000, 1 concurrent snapshot sync, snapshot sync was exempt from throttle
2021-11-08 11:11:02,848 [myid:1] - INFO  [QuorumPeer[myid=1](plain=127.0.0.1:11249)(secure=disabled):QuorumPeer@920] - Peer state changed: following - synchronization - snap
2021-11-08 11:11:02,848 [myid:1] - INFO  [QuorumPeer[myid=1](plain=127.0.0.1:11249)(secure=disabled):Learner@573] - Getting a snapshot from leader 0x100000000
2021-11-08 11:11:02,882 [myid:1] - INFO  [QuorumPeer[myid=1](plain=127.0.0.1:11249)(secure=disabled):WatchManagerFactory@42] - Using org.apache.zookeeper.server.watch.WatchManager as watch manager
2021-11-08 11:11:02,882 [myid:1] - INFO  [QuorumPeer[myid=1](plain=127.0.0.1:11249)(secure=disabled):WatchManagerFactory@42] - Using org.apache.zookeeper.server.watch.WatchManager as watch manager
2021-11-08 11:11:02,882 [myid:0] - WARN  [NIOWorkerThread-2:NIOServerCnxn@380] - Close of session 0x0
java.io.IOException: ZooKeeperServer not running
	at org.apache.zookeeper.server.NIOServerCnxn.readLength(NIOServerCnxn.java:554)
	at org.apache.zookeeper.server.NIOServerCnxn.doIO(NIOServerCnxn.java:339)
	at org.apache.zookeeper.server.NIOServerCnxnFactory$IOWorkRequest.doWork(NIOServerCnxnFactory.java:508)
	at org.apache.zookeeper.server.WorkerService$ScheduledWorkRequest.run(WorkerService.java:154)
	at java.util.concurrent.ThreadPoolExecutor.runWorker(ThreadPoolExecutor.java:1142)
	at java.util.concurrent.ThreadPoolExecutor$Worker.run(ThreadPoolExecutor.java:617)
	at java.lang.Thread.run(Thread.java:745)
2021-11-08 11:11:02,893 [myid:127.0.0.1:11246] - WARN  [main-SendThread(127.0.0.1:11246):ClientCnxn$SendThread@1290] - Session 0x0 for sever xmind.net/127.0.0.1:11246, Closing socket connection. Attempting reconnect except it is a SessionExpiredException.
EndOfStreamException: Unable to read additional data from server sessionid 0x0, likely server has closed socket
	at org.apache.zookeeper.ClientCnxnSocketNIO.doIO(ClientCnxnSocketNIO.java:77)
	at org.apache.zookeeper.ClientCnxnSocketNIO.doTransport(ClientCnxnSocketNIO.java:350)
	at org.apache.zookeeper.ClientCnxn$SendThread.run(ClientCnxn.java:1280)
2021-11-08 11:11:02,882 [myid:2] - INFO  [ProcessThread(sid:2 cport:-1)::PrepRequestProcessor@137] - PrepRequestProcessor (sid:2) started, reconfigEnabled=false
2021-11-08 11:11:02,894 [myid:1] - INFO  [QuorumPeer[myid=1](plain=127.0.0.1:11249)(secure=disabled):Learner@734] - Learner received NEWLEADER message
2021-11-08 11:11:02,895 [myid:1] - INFO  [QuorumPeer[myid=1](plain=127.0.0.1:11249)(secure=disabled):QuorumPeer@1870] - Dynamic reconfig is disabled, we don't store the last seen config.
2021-11-08 11:11:02,895 [myid:1] - INFO  [QuorumPeer[myid=1](plain=127.0.0.1:11249)(secure=disabled):FileTxnSnapLog@479] - Snapshotting: 0x100000000 to D:\mysoft\faiscoGit\myStudy\ZooKeeperLearning\apache-zookeeper-3.7.0\zookeeper-server\target\surefire\test4241372345697672455.junit.dir\data\version-2\snapshot.100000000
2021-11-08 11:11:02,898 [myid:1] - INFO  [QuorumPeer[myid=1](plain=127.0.0.1:11249)(secure=disabled):ZooKeeperServer@543] - Snapshot taken in 3 ms
2021-11-08 11:11:02,901 [myid:1] - INFO  [QuorumPeer[myid=1](plain=127.0.0.1:11249)(secure=disabled):QuorumPeer@920] - Peer state changed: following - synchronization
2021-11-08 11:11:02,901 [myid:1] - INFO  [QuorumPeer[myid=1](plain=127.0.0.1:11249)(secure=disabled):CommitProcessor@491] - Configuring CommitProcessor with readBatchSize -1 commitBatchSize 1
2021-11-08 11:11:02,901 [myid:1] - INFO  [QuorumPeer[myid=1](plain=127.0.0.1:11249)(secure=disabled):CommitProcessor@452] - Configuring CommitProcessor with 6 worker threads.
2021-11-08 11:11:02,901 [myid:1] - INFO  [QuorumPeer[myid=1](plain=127.0.0.1:11249)(secure=disabled):FollowerRequestProcessor@59] - Initialized FollowerRequestProcessor with zookeeper.follower.skipLearnerRequestToNextProcessor as false
2021-11-08 11:11:02,902 [myid:1] - INFO  [QuorumPeer[myid=1](plain=127.0.0.1:11249)(secure=disabled):Learner@718] - Learner received UPTODATE message
2021-11-08 11:11:02,902 [myid:1] - INFO  [QuorumPeer[myid=1](plain=127.0.0.1:11249)(secure=disabled):QuorumPeer@915] - Peer state changed: following - broadcast
2021-11-08 11:11:03,090 [myid:127.0.0.1:11228] - INFO  [main-SendThread(127.0.0.1:11228):ClientCnxn$SendThread@1171] - Opening socket connection to server xmind.net/127.0.0.1:11228.
2021-11-08 11:11:03,090 [myid:127.0.0.1:11228] - INFO  [main-SendThread(127.0.0.1:11228):ClientCnxn$SendThread@1173] - SASL config status: Will not attempt to authenticate using SASL (unknown error)
2021-11-08 11:11:03,100 [myid:127.0.0.1:11249] - INFO  [main-SendThread(127.0.0.1:11249):ClientCnxn$SendThread@1171] - Opening socket connection to server xmind.net/127.0.0.1:11249.
2021-11-08 11:11:03,100 [myid:127.0.0.1:11249] - INFO  [main-SendThread(127.0.0.1:11249):ClientCnxn$SendThread@1173] - SASL config status: Will not attempt to authenticate using SASL (unknown error)
2021-11-08 11:11:03,101 [myid:127.0.0.1:11249] - INFO  [main-SendThread(127.0.0.1:11249):ClientCnxn$SendThread@1005] - Socket connection established, initiating session, client: /127.0.0.1:7218, server: xmind.net/127.0.0.1:11249
2021-11-08 11:11:03,151 [myid:1] - WARN  [QuorumPeer[myid=1](plain=127.0.0.1:11249)(secure=disabled):Follower@174] - Got zxid 0x100000001 expected 0x1
2021-11-08 11:11:03,153 [myid:1] - INFO  [SyncThread:1:FileTxnLog@284] - Creating new log file: log.100000001
2021-11-08 11:11:03,153 [myid:0] - WARN  [QuorumPeer[myid=0](plain=127.0.0.1:11246)(secure=disabled):Follower@174] - Got zxid 0x100000001 expected 0x1
2021-11-08 11:11:03,153 [myid:2] - INFO  [SyncThread:2:FileTxnLog@284] - Creating new log file: log.100000001
2021-11-08 11:11:03,153 [myid:0] - INFO  [SyncThread:0:FileTxnLog@284] - Creating new log file: log.100000001
2021-11-08 11:11:03,157 [myid:3] - INFO  [SyncThread:3:FileTxnLog@284] - Creating new log file: log.100000001
2021-11-08 11:11:03,157 [myid:3] - INFO  [CommitProcessor:3:LearnerSessionTracker@116] - Committing global session 0x10058074bfe0000
2021-11-08 11:11:03,158 [myid:0] - INFO  [CommitProcessor:0:LearnerSessionTracker@116] - Committing global session 0x10058074bfe0000
2021-11-08 11:11:03,157 [myid:2] - INFO  [CommitProcessor:2:LeaderSessionTracker@104] - Committing global session 0x10058074bfe0000
2021-11-08 11:11:03,158 [myid:1] - INFO  [CommitProcessor:1:LearnerSessionTracker@116] - Committing global session 0x10058074bfe0000
2021-11-08 11:11:03,160 [myid:127.0.0.1:11249] - INFO  [main-SendThread(127.0.0.1:11249):ClientCnxn$SendThread@1438] - Session establishment complete on server xmind.net/127.0.0.1:11249, session id = 0x10058074bfe0000, negotiated timeout = 30000
2021-11-08 11:11:03,242 [myid:127.0.0.1:11222] - INFO  [main-SendThread(127.0.0.1:11222):ClientCnxn$SendThread@1171] - Opening socket connection to server xmind.net/127.0.0.1:11222.
2021-11-08 11:11:03,242 [myid:127.0.0.1:11222] - INFO  [main-SendThread(127.0.0.1:11222):ClientCnxn$SendThread@1173] - SASL config status: Will not attempt to authenticate using SASL (unknown error)
2021-11-08 11:11:03,379 [myid:127.0.0.1:11255] - INFO  [main-SendThread(127.0.0.1:11255):ClientCnxn$SendThread@1171] - Opening socket connection to server xmind.net/127.0.0.1:11255.
2021-11-08 11:11:03,379 [myid:127.0.0.1:11255] - INFO  [main-SendThread(127.0.0.1:11255):ClientCnxn$SendThread@1173] - SASL config status: Will not attempt to authenticate using SASL (unknown error)
2021-11-08 11:11:03,379 [myid:127.0.0.1:11255] - INFO  [main-SendThread(127.0.0.1:11255):ClientCnxn$SendThread@1005] - Socket connection established, initiating session, client: /127.0.0.1:7221, server: xmind.net/127.0.0.1:11255
2021-11-08 11:11:03,383 [myid:1] - INFO  [CommitProcessor:1:LearnerSessionTracker@116] - Committing global session 0x30058074b120000
2021-11-08 11:11:03,383 [myid:0] - INFO  [CommitProcessor:0:LearnerSessionTracker@116] - Committing global session 0x30058074b120000
2021-11-08 11:11:03,383 [myid:3] - INFO  [CommitProcessor:3:LearnerSessionTracker@116] - Committing global session 0x30058074b120000
2021-11-08 11:11:03,383 [myid:2] - INFO  [CommitProcessor:2:LeaderSessionTracker@104] - Committing global session 0x30058074b120000
2021-11-08 11:11:03,385 [myid:127.0.0.1:11255] - INFO  [main-SendThread(127.0.0.1:11255):ClientCnxn$SendThread@1438] - Session establishment complete on server xmind.net/127.0.0.1:11255, session id = 0x30058074b120000, negotiated timeout = 30000
2021-11-08 11:11:03,461 [myid:127.0.0.1:11243] - INFO  [main-SendThread(127.0.0.1:11243):ClientCnxn$SendThread@1171] - Opening socket connection to server xmind.net/127.0.0.1:11243.
2021-11-08 11:11:03,461 [myid:127.0.0.1:11243] - INFO  [main-SendThread(127.0.0.1:11243):ClientCnxn$SendThread@1173] - SASL config status: Will not attempt to authenticate using SASL (unknown error)
2021-11-08 11:11:03,488 [myid:127.0.0.1:11252] - INFO  [main-SendThread(127.0.0.1:11252):ClientCnxn$SendThread@1171] - Opening socket connection to server xmind.net/127.0.0.1:11252.
2021-11-08 11:11:03,488 [myid:127.0.0.1:11252] - INFO  [main-SendThread(127.0.0.1:11252):ClientCnxn$SendThread@1173] - SASL config status: Will not attempt to authenticate using SASL (unknown error)
2021-11-08 11:11:03,489 [myid:127.0.0.1:11252] - INFO  [main-SendThread(127.0.0.1:11252):ClientCnxn$SendThread@1005] - Socket connection established, initiating session, client: /127.0.0.1:7223, server: xmind.net/127.0.0.1:11252
2021-11-08 11:11:03,492 [myid:2] - INFO  [CommitProcessor:2:LeaderSessionTracker@104] - Committing global session 0x20058074bba0000
2021-11-08 11:11:03,493 [myid:0] - INFO  [CommitProcessor:0:LearnerSessionTracker@116] - Committing global session 0x20058074bba0000
2021-11-08 11:11:03,493 [myid:3] - INFO  [CommitProcessor:3:LearnerSessionTracker@116] - Committing global session 0x20058074bba0000
2021-11-08 11:11:03,492 [myid:1] - INFO  [CommitProcessor:1:LearnerSessionTracker@116] - Committing global session 0x20058074bba0000
2021-11-08 11:11:03,493 [myid:127.0.0.1:11252] - INFO  [main-SendThread(127.0.0.1:11252):ClientCnxn$SendThread@1438] - Session establishment complete on server xmind.net/127.0.0.1:11252, session id = 0x20058074bba0000, negotiated timeout = 30000
2021-11-08 11:11:03,781 [myid:127.0.0.1:11234] - WARN  [main-SendThread(127.0.0.1:11234):ClientCnxn$SendThread@1290] - Session 0x580724190000 for sever xmind.net/127.0.0.1:11234, Closing socket connection. Attempting reconnect except it is a SessionExpiredException.
java.net.ConnectException: Connection refused: no further information
	at sun.nio.ch.SocketChannelImpl.checkConnect(Native Method)
	at sun.nio.ch.SocketChannelImpl.finishConnect(SocketChannelImpl.java:716)
	at org.apache.zookeeper.ClientCnxnSocketNIO.doTransport(ClientCnxnSocketNIO.java:344)
	at org.apache.zookeeper.ClientCnxn$SendThread.run(ClientCnxn.java:1280)
2021-11-08 11:11:04,252 [myid:127.0.0.1:11225] - INFO  [main-SendThread(127.0.0.1:11225):ClientCnxn$SendThread@1171] - Opening socket connection to server xmind.net/127.0.0.1:11225.
2021-11-08 11:11:04,252 [myid:127.0.0.1:11225] - INFO  [main-SendThread(127.0.0.1:11225):ClientCnxn$SendThread@1173] - SASL config status: Will not attempt to authenticate using SASL (unknown error)
2021-11-08 11:11:04,402 [myid:127.0.0.1:11237] - WARN  [main-SendThread(127.0.0.1:11237):ClientCnxn$SendThread@1290] - Session 0x1005807239e0000 for sever xmind.net/127.0.0.1:11237, Closing socket connection. Attempting reconnect except it is a SessionExpiredException.
java.net.ConnectException: Connection refused: no further information
	at sun.nio.ch.SocketChannelImpl.checkConnect(Native Method)
	at sun.nio.ch.SocketChannelImpl.finishConnect(SocketChannelImpl.java:716)
	at org.apache.zookeeper.ClientCnxnSocketNIO.doTransport(ClientCnxnSocketNIO.java:344)
	at org.apache.zookeeper.ClientCnxn$SendThread.run(ClientCnxn.java:1280)
2021-11-08 11:11:04,892 [myid:127.0.0.1:11231] - WARN  [main-SendThread(127.0.0.1:11231):ClientCnxn$SendThread@1290] - Session 0x3005806ed610000 for sever xmind.net/127.0.0.1:11231, Closing socket connection. Attempting reconnect except it is a SessionExpiredException.
java.net.ConnectException: Connection refused: no further information
	at sun.nio.ch.SocketChannelImpl.checkConnect(Native Method)
	at sun.nio.ch.SocketChannelImpl.finishConnect(SocketChannelImpl.java:716)
	at org.apache.zookeeper.ClientCnxnSocketNIO.doTransport(ClientCnxnSocketNIO.java:344)
	at org.apache.zookeeper.ClientCnxn$SendThread.run(ClientCnxn.java:1280)
2021-11-08 11:11:05,015 [myid:127.0.0.1:11246] - INFO  [main-SendThread(127.0.0.1:11246):ClientCnxn$SendThread@1171] - Opening socket connection to server xmind.net/127.0.0.1:11246.
2021-11-08 11:11:05,015 [myid:127.0.0.1:11246] - INFO  [main-SendThread(127.0.0.1:11246):ClientCnxn$SendThread@1173] - SASL config status: Will not attempt to authenticate using SASL (unknown error)
2021-11-08 11:11:05,015 [myid:127.0.0.1:11246] - INFO  [main-SendThread(127.0.0.1:11246):ClientCnxn$SendThread@1005] - Socket connection established, initiating session, client: /127.0.0.1:7258, server: xmind.net/127.0.0.1:11246
2021-11-08 11:11:05,074 [myid:127.0.0.1:11240] - WARN  [main-SendThread(127.0.0.1:11240):ClientCnxn$SendThread@1290] - Session 0x200580723a50000 for sever xmind.net/127.0.0.1:11240, Closing socket connection. Attempting reconnect except it is a SessionExpiredException.
java.net.ConnectException: Connection refused: no further information
	at sun.nio.ch.SocketChannelImpl.checkConnect(Native Method)
	at sun.nio.ch.SocketChannelImpl.finishConnect(SocketChannelImpl.java:716)
	at org.apache.zookeeper.ClientCnxnSocketNIO.doTransport(ClientCnxnSocketNIO.java:344)
	at org.apache.zookeeper.ClientCnxn$SendThread.run(ClientCnxn.java:1280)
2021-11-08 11:11:05,221 [myid:2] - INFO  [CommitProcessor:2:LeaderSessionTracker@104] - Committing global session 0x58074b120000
2021-11-08 11:11:05,221 [myid:1] - INFO  [CommitProcessor:1:LearnerSessionTracker@116] - Committing global session 0x58074b120000
2021-11-08 11:11:05,221 [myid:3] - INFO  [CommitProcessor:3:LearnerSessionTracker@116] - Committing global session 0x58074b120000
2021-11-08 11:11:05,221 [myid:0] - INFO  [CommitProcessor:0:LearnerSessionTracker@116] - Committing global session 0x58074b120000
2021-11-08 11:11:05,403 [myid:127.0.0.1:11228] - WARN  [main-SendThread(127.0.0.1:11228):ClientCnxn$SendThread@1290] - Session 0x2005806ebfe0000 for sever xmind.net/127.0.0.1:11228, Closing socket connection. Attempting reconnect except it is a SessionExpiredException.
java.net.ConnectException: Connection refused: no further information
	at sun.nio.ch.SocketChannelImpl.checkConnect(Native Method)
	at sun.nio.ch.SocketChannelImpl.finishConnect(SocketChannelImpl.java:716)
	at org.apache.zookeeper.ClientCnxnSocketNIO.doTransport(ClientCnxnSocketNIO.java:344)
	at org.apache.zookeeper.ClientCnxn$SendThread.run(ClientCnxn.java:1280)
2021-11-08 11:11:05,456 [myid:127.0.0.1:11246] - INFO  [main-SendThread(127.0.0.1:11246):ClientCnxn$SendThread@1438] - Session establishment complete on server xmind.net/127.0.0.1:11246, session id = 0x58074b120000, negotiated timeout = 30000
2021-11-08 11:11:05,654 [myid:127.0.0.1:11234] - INFO  [main-SendThread(127.0.0.1:11234):ClientCnxn$SendThread@1171] - Opening socket connection to server xmind.net/127.0.0.1:11234.
2021-11-08 11:11:05,654 [myid:127.0.0.1:11234] - INFO  [main-SendThread(127.0.0.1:11234):ClientCnxn$SendThread@1173] - SASL config status: Will not attempt to authenticate using SASL (unknown error)
2021-11-08 11:11:05,730 [myid:127.0.0.1:11222] - WARN  [main-SendThread(127.0.0.1:11222):ClientCnxn$SendThread@1290] - Session 0x5806ebea0000 for sever xmind.net/127.0.0.1:11222, Closing socket connection. Attempting reconnect except it is a SessionExpiredException.
java.net.ConnectException: Connection refused: no further information
	at sun.nio.ch.SocketChannelImpl.checkConnect(Native Method)
	at sun.nio.ch.SocketChannelImpl.finishConnect(SocketChannelImpl.java:716)
	at org.apache.zookeeper.ClientCnxnSocketNIO.doTransport(ClientCnxnSocketNIO.java:344)
	at org.apache.zookeeper.ClientCnxn$SendThread.run(ClientCnxn.java:1280)
2021-11-08 11:11:05,814 [myid:127.0.0.1:11243] - WARN  [main-SendThread(127.0.0.1:11243):ClientCnxn$SendThread@1290] - Session 0x3005807239f0000 for sever xmind.net/127.0.0.1:11243, Closing socket connection. Attempting reconnect except it is a SessionExpiredException.
java.net.ConnectException: Connection refused: no further information
	at sun.nio.ch.SocketChannelImpl.checkConnect(Native Method)
	at sun.nio.ch.SocketChannelImpl.finishConnect(SocketChannelImpl.java:716)
	at org.apache.zookeeper.ClientCnxnSocketNIO.doTransport(ClientCnxnSocketNIO.java:344)
	at org.apache.zookeeper.ClientCnxn$SendThread.run(ClientCnxn.java:1280)
2021-11-08 11:11:05,837 [myid:127.0.0.1:11237] - INFO  [main-SendThread(127.0.0.1:11237):ClientCnxn$SendThread@1171] - Opening socket connection to server xmind.net/127.0.0.1:11237.
2021-11-08 11:11:05,837 [myid:127.0.0.1:11237] - INFO  [main-SendThread(127.0.0.1:11237):ClientCnxn$SendThread@1173] - SASL config status: Will not attempt to authenticate using SASL (unknown error)
2021-11-08 11:11:06,377 [myid:127.0.0.1:11231] - INFO  [main-SendThread(127.0.0.1:11231):ClientCnxn$SendThread@1171] - Opening socket connection to server xmind.net/127.0.0.1:11231.
2021-11-08 11:11:06,377 [myid:127.0.0.1:11231] - INFO  [main-SendThread(127.0.0.1:11231):ClientCnxn$SendThread@1173] - SASL config status: Will not attempt to authenticate using SASL (unknown error)
2021-11-08 11:11:06,669 [myid:127.0.0.1:11225] - WARN  [main-SendThread(127.0.0.1:11225):ClientCnxn$SendThread@1290] - Session 0x1005806ebea0000 for sever xmind.net/127.0.0.1:11225, Closing socket connection. Attempting reconnect except it is a SessionExpiredException.
java.net.ConnectException: Connection refused: no further information
	at sun.nio.ch.SocketChannelImpl.checkConnect(Native Method)
	at sun.nio.ch.SocketChannelImpl.finishConnect(SocketChannelImpl.java:716)
	at org.apache.zookeeper.ClientCnxnSocketNIO.doTransport(ClientCnxnSocketNIO.java:344)
	at org.apache.zookeeper.ClientCnxn$SendThread.run(ClientCnxn.java:1280)
2021-11-08 11:11:06,715 [myid:127.0.0.1:11240] - INFO  [main-SendThread(127.0.0.1:11240):ClientCnxn$SendThread@1171] - Opening socket connection to server xmind.net/127.0.0.1:11240.
2021-11-08 11:11:06,715 [myid:127.0.0.1:11240] - INFO  [main-SendThread(127.0.0.1:11240):ClientCnxn$SendThread@1173] - SASL config status: Will not attempt to authenticate using SASL (unknown error)
2021-11-08 11:11:06,939 [myid:127.0.0.1:11222] - INFO  [main-SendThread(127.0.0.1:11222):ClientCnxn$SendThread@1171] - Opening socket connection to server xmind.net/127.0.0.1:11222.
2021-11-08 11:11:06,939 [myid:127.0.0.1:11222] - INFO  [main-SendThread(127.0.0.1:11222):ClientCnxn$SendThread@1173] - SASL config status: Will not attempt to authenticate using SASL (unknown error)
2021-11-08 11:11:07,097 [myid:127.0.0.1:11228] - INFO  [main-SendThread(127.0.0.1:11228):ClientCnxn$SendThread@1171] - Opening socket connection to server xmind.net/127.0.0.1:11228.
2021-11-08 11:11:07,097 [myid:127.0.0.1:11228] - INFO  [main-SendThread(127.0.0.1:11228):ClientCnxn$SendThread@1173] - SASL config status: Will not attempt to authenticate using SASL (unknown error)
2021-11-08 11:11:07,198 [myid:] - INFO  [main:QuorumPeerTestBase$Servers@441] - Leader is 2
2021-11-08 11:11:07,199 [myid:] - INFO  [main:QuorumBase@422] - Shutting down quorum peer QuorumPeer[myid=0](plain=127.0.0.1:11246)(secure=disabled)
2021-11-08 11:11:07,199 [myid:] - INFO  [main:Follower@291] - shutdown Follower
2021-11-08 11:11:07,200 [myid:127.0.0.1:11246] - WARN  [main-SendThread(127.0.0.1:11246):ClientCnxn$SendThread@1290] - Session 0x58074b120000 for sever xmind.net/127.0.0.1:11246, Closing socket connection. Attempting reconnect except it is a SessionExpiredException.
EndOfStreamException: Unable to read additional data from server sessionid 0x58074b120000, likely server has closed socket
	at org.apache.zookeeper.ClientCnxnSocketNIO.doIO(ClientCnxnSocketNIO.java:77)
	at org.apache.zookeeper.ClientCnxnSocketNIO.doTransport(ClientCnxnSocketNIO.java:350)
	at org.apache.zookeeper.ClientCnxn$SendThread.run(ClientCnxn.java:1280)
2021-11-08 11:11:07,200 [myid:2] - ERROR [LearnerHandler-/127.0.0.1:7189:LearnerHandler@715] - Unexpected exception in LearnerHandler: 
java.io.EOFException
	at java.io.DataInputStream.readInt(DataInputStream.java:392)
	at org.apache.jute.BinaryInputArchive.readInt(BinaryInputArchive.java:96)
	at org.apache.zookeeper.server.quorum.QuorumPacket.deserialize(QuorumPacket.java:86)
	at org.apache.jute.BinaryInputArchive.readRecord(BinaryInputArchive.java:134)
	at org.apache.zookeeper.server.quorum.LearnerHandler.run(LearnerHandler.java:652)
2021-11-08 11:11:07,200 [myid:2] - INFO  [LearnerHandler-/127.0.0.1:7189:LearnerHandler@1155] - Synchronously closing socket to learner 0.
2021-11-08 11:11:07,200 [myid:0] - WARN  [QuorumPeer[myid=0](plain=127.0.0.1:11246)(secure=disabled):Follower@133] - Exception when following the leader
java.net.SocketException: Socket Closed
	at java.net.SocketInputStream.socketRead0(Native Method)
	at java.net.SocketInputStream.read(SocketInputStream.java:150)
	at java.net.SocketInputStream.read(SocketInputStream.java:121)
	at java.io.BufferedInputStream.fill(BufferedInputStream.java:246)
	at java.io.BufferedInputStream.read(BufferedInputStream.java:265)
	at java.io.DataInputStream.readInt(DataInputStream.java:387)
	at org.apache.jute.BinaryInputArchive.readInt(BinaryInputArchive.java:96)
	at org.apache.zookeeper.server.quorum.QuorumPacket.deserialize(QuorumPacket.java:86)
	at org.apache.jute.BinaryInputArchive.readRecord(BinaryInputArchive.java:134)
	at org.apache.zookeeper.server.quorum.Learner.readPacket(Learner.java:225)
	at org.apache.zookeeper.server.quorum.Follower.followLeader(Follower.java:128)
	at org.apache.zookeeper.server.quorum.QuorumPeer.run(QuorumPeer.java:1515)
2021-11-08 11:11:07,200 [myid:2] - WARN  [LearnerHandler-/127.0.0.1:7189:LearnerHandler@731] - ******* GOODBYE /127.0.0.1:7189 ********
2021-11-08 11:11:07,200 [myid:0] - INFO  [QuorumPeer[myid=0](plain=127.0.0.1:11246)(secure=disabled):Follower@147] - Disconnected from leader (with address: /127.0.0.1:11253). Was connected for 4654ms. Sync state: true
2021-11-08 11:11:07,200 [myid:0] - INFO  [QuorumPeer[myid=0](plain=127.0.0.1:11246)(secure=disabled):Follower@291] - shutdown Follower
2021-11-08 11:11:07,200 [myid:0] - INFO  [QuorumPeer[myid=0](plain=127.0.0.1:11246)(secure=disabled):ZooKeeperServer@829] - shutting down
2021-11-08 11:11:07,200 [myid:0] - INFO  [QuorumPeer[myid=0](plain=127.0.0.1:11246)(secure=disabled):RequestThrottler@258] - Shutting down
2021-11-08 11:11:07,200 [myid:0] - INFO  [RequestThrottler:RequestThrottler@219] - Draining request throttler queue
2021-11-08 11:11:07,200 [myid:0] - INFO  [RequestThrottler:RequestThrottler@195] - RequestThrottler shutdown. Dropped 0 requests
2021-11-08 11:11:07,200 [myid:0] - INFO  [QuorumPeer[myid=0](plain=127.0.0.1:11246)(secure=disabled):FollowerRequestProcessor@172] - Shutting down
2021-11-08 11:11:07,200 [myid:0] - INFO  [QuorumPeer[myid=0](plain=127.0.0.1:11246)(secure=disabled):CommitProcessor@632] - Shutting down
2021-11-08 11:11:07,200 [myid:0] - INFO  [FollowerRequestProcessor:0:FollowerRequestProcessor@128] - FollowerRequestProcessor exited loop!
2021-11-08 11:11:07,200 [myid:0] - INFO  [QuorumPeer[myid=0](plain=127.0.0.1:11246)(secure=disabled):FinalRequestProcessor@684] - shutdown of request processor complete
2021-11-08 11:11:07,200 [myid:0] - INFO  [CommitProcessor:0:CommitProcessor@420] - CommitProcessor exited loop!
2021-11-08 11:11:07,202 [myid:0] - INFO  [QuorumPeer[myid=0](plain=127.0.0.1:11246)(secure=disabled):QuorumPeer@915] - Peer state changed: looking
2021-11-08 11:11:07,202 [myid:0] - WARN  [QuorumPeer[myid=0](plain=127.0.0.1:11246)(secure=disabled):QuorumPeer@1563] - PeerState set to LOOKING
2021-11-08 11:11:07,202 [myid:0] - WARN  [QuorumPeer[myid=0](plain=127.0.0.1:11246)(secure=disabled):QuorumPeer@1545] - QuorumPeer main thread exited
2021-11-08 11:11:07,203 [myid:0] - INFO  [ConnnectionExpirer:NIOServerCnxnFactory$ConnectionExpirerThread@564] - ConnnectionExpirerThread interrupted
2021-11-08 11:11:07,203 [myid:0] - INFO  [NIOServerCxnFactory.AcceptThread:/127.0.0.1:11246:NIOServerCnxnFactory$AcceptThread@195] - accept thread exitted run method
2021-11-08 11:11:07,203 [myid:0] - INFO  [NIOServerCxnFactory.SelectorThread-0:NIOServerCnxnFactory$SelectorThread@397] - selector thread exitted run method
2021-11-08 11:11:07,204 [myid:0] - INFO  [QuorumPeerListener:QuorumCnxManager$Listener@980] - Leaving listener
2021-11-08 11:11:07,205 [myid:1] - WARN  [RecvWorker:0:QuorumCnxManager$RecvWorker@1397] - Connection broken for id 0, my id = 1
java.io.EOFException
	at java.io.DataInputStream.readInt(DataInputStream.java:392)
	at org.apache.zookeeper.server.quorum.QuorumCnxManager$RecvWorker.run(QuorumCnxManager.java:1385)
2021-11-08 11:11:07,205 [myid:3] - WARN  [RecvWorker:0:QuorumCnxManager$RecvWorker@1397] - Connection broken for id 0, my id = 3
java.io.EOFException
	at java.io.DataInputStream.readInt(DataInputStream.java:392)
	at org.apache.zookeeper.server.quorum.QuorumCnxManager$RecvWorker.run(QuorumCnxManager.java:1385)
2021-11-08 11:11:07,205 [myid:3] - WARN  [RecvWorker:0:QuorumCnxManager$RecvWorker@1403] - Interrupting SendWorker thread from RecvWorker. sid: 0. myId: 3
2021-11-08 11:11:07,206 [myid:0] - WARN  [RecvWorker:3:QuorumCnxManager$RecvWorker@1397] - Connection broken for id 3, my id = 0
java.net.SocketException: Socket closed
	at java.net.SocketInputStream.read(SocketInputStream.java:183)
	at java.net.SocketInputStream.read(SocketInputStream.java:121)
	at java.io.BufferedInputStream.fill(BufferedInputStream.java:246)
	at java.io.BufferedInputStream.read(BufferedInputStream.java:265)
	at java.io.DataInputStream.readInt(DataInputStream.java:387)
	at org.apache.zookeeper.server.quorum.QuorumCnxManager$RecvWorker.run(QuorumCnxManager.java:1385)
2021-11-08 11:11:07,206 [myid:0] - WARN  [RecvWorker:3:QuorumCnxManager$RecvWorker@1403] - Interrupting SendWorker thread from RecvWorker. sid: 3. myId: 0
2021-11-08 11:11:07,206 [myid:0] - WARN  [SendWorker:2:QuorumCnxManager$SendWorker@1283] - Interrupted while waiting for message on queue
java.lang.InterruptedException
	at java.util.concurrent.locks.AbstractQueuedSynchronizer$ConditionObject.reportInterruptAfterWait(AbstractQueuedSynchronizer.java:2014)
	at java.util.concurrent.locks.AbstractQueuedSynchronizer$ConditionObject.awaitNanos(AbstractQueuedSynchronizer.java:2088)
	at org.apache.zookeeper.util.CircularBlockingQueue.poll(CircularBlockingQueue.java:105)
	at org.apache.zookeeper.server.quorum.QuorumCnxManager.pollSendQueue(QuorumCnxManager.java:1448)
	at org.apache.zookeeper.server.quorum.QuorumCnxManager.access$900(QuorumCnxManager.java:99)
	at org.apache.zookeeper.server.quorum.QuorumCnxManager$SendWorker.run(QuorumCnxManager.java:1272)
2021-11-08 11:11:07,206 [myid:0] - WARN  [SendWorker:2:QuorumCnxManager$SendWorker@1295] - Send worker leaving thread id 2 my id = 0
2021-11-08 11:11:07,206 [myid:] - INFO  [main:QuorumBase@426] - Shutting down leader election QuorumPeer[myid=0](plain=127.0.0.1:11246)(secure=disabled)
2021-11-08 11:11:07,206 [myid:] - INFO  [main:QuorumBase@431] - Waiting for QuorumPeer[myid=0](plain=127.0.0.1:11246)(secure=disabled) to exit thread
2021-11-08 11:11:07,207 [myid:] - INFO  [main:QuorumBase@422] - Shutting down quorum peer QuorumPeer[myid=1](plain=127.0.0.1:11249)(secure=disabled)
2021-11-08 11:11:07,207 [myid:] - INFO  [main:Follower@291] - shutdown Follower
2021-11-08 11:11:07,205 [myid:0] - WARN  [SendWorker:1:QuorumCnxManager$SendWorker@1283] - Interrupted while waiting for message on queue
java.lang.InterruptedException
	at java.util.concurrent.locks.AbstractQueuedSynchronizer$ConditionObject.reportInterruptAfterWait(AbstractQueuedSynchronizer.java:2014)
	at java.util.concurrent.locks.AbstractQueuedSynchronizer$ConditionObject.awaitNanos(AbstractQueuedSynchronizer.java:2088)
	at org.apache.zookeeper.util.CircularBlockingQueue.poll(CircularBlockingQueue.java:105)
	at org.apache.zookeeper.server.quorum.QuorumCnxManager.pollSendQueue(QuorumCnxManager.java:1448)
	at org.apache.zookeeper.server.quorum.QuorumCnxManager.access$900(QuorumCnxManager.java:99)
	at org.apache.zookeeper.server.quorum.QuorumCnxManager$SendWorker.run(QuorumCnxManager.java:1272)
2021-11-08 11:11:07,208 [myid:0] - WARN  [SendWorker:1:QuorumCnxManager$SendWorker@1295] - Send worker leaving thread id 1 my id = 0
2021-11-08 11:11:07,205 [myid:1] - WARN  [RecvWorker:0:QuorumCnxManager$RecvWorker@1403] - Interrupting SendWorker thread from RecvWorker. sid: 0. myId: 1
2021-11-08 11:11:07,205 [myid:2] - WARN  [RecvWorker:0:QuorumCnxManager$RecvWorker@1397] - Connection broken for id 0, my id = 2
java.io.EOFException
	at java.io.DataInputStream.readInt(DataInputStream.java:392)
	at org.apache.zookeeper.server.quorum.QuorumCnxManager$RecvWorker.run(QuorumCnxManager.java:1385)
2021-11-08 11:11:07,209 [myid:0] - WARN  [RecvWorker:1:QuorumCnxManager$RecvWorker@1397] - Connection broken for id 1, my id = 0
java.net.SocketException: Socket closed
	at java.net.SocketInputStream.read(SocketInputStream.java:183)
	at java.net.SocketInputStream.read(SocketInputStream.java:121)
	at java.io.BufferedInputStream.fill(BufferedInputStream.java:246)
	at java.io.BufferedInputStream.read(BufferedInputStream.java:265)
	at java.io.DataInputStream.readInt(DataInputStream.java:387)
	at org.apache.zookeeper.server.quorum.QuorumCnxManager$RecvWorker.run(QuorumCnxManager.java:1385)
2021-11-08 11:11:07,207 [myid:3] - WARN  [SendWorker:0:QuorumCnxManager$SendWorker@1283] - Interrupted while waiting for message on queue
java.lang.InterruptedException
	at java.util.concurrent.locks.AbstractQueuedSynchronizer$ConditionObject.reportInterruptAfterWait(AbstractQueuedSynchronizer.java:2014)
	at java.util.concurrent.locks.AbstractQueuedSynchronizer$ConditionObject.awaitNanos(AbstractQueuedSynchronizer.java:2088)
	at org.apache.zookeeper.util.CircularBlockingQueue.poll(CircularBlockingQueue.java:105)
	at org.apache.zookeeper.server.quorum.QuorumCnxManager.pollSendQueue(QuorumCnxManager.java:1448)
	at org.apache.zookeeper.server.quorum.QuorumCnxManager.access$900(QuorumCnxManager.java:99)
	at org.apache.zookeeper.server.quorum.QuorumCnxManager$SendWorker.run(QuorumCnxManager.java:1272)
2021-11-08 11:11:07,207 [myid:] - INFO  [main:ZooKeeperServer@829] - shutting down
2021-11-08 11:11:07,207 [myid:1] - WARN  [QuorumPeer[myid=1](plain=127.0.0.1:11249)(secure=disabled):Follower@133] - Exception when following the leader
java.net.SocketException: Socket Closed
	at java.net.SocketInputStream.socketRead0(Native Method)
	at java.net.SocketInputStream.read(SocketInputStream.java:150)
	at java.net.SocketInputStream.read(SocketInputStream.java:121)
	at java.io.BufferedInputStream.fill(BufferedInputStream.java:246)
	at java.io.BufferedInputStream.read(BufferedInputStream.java:265)
	at java.io.DataInputStream.readInt(DataInputStream.java:387)
	at org.apache.jute.BinaryInputArchive.readInt(BinaryInputArchive.java:96)
	at org.apache.zookeeper.server.quorum.QuorumPacket.deserialize(QuorumPacket.java:86)
	at org.apache.jute.BinaryInputArchive.readRecord(BinaryInputArchive.java:134)
	at org.apache.zookeeper.server.quorum.Learner.readPacket(Learner.java:225)
	at org.apache.zookeeper.server.quorum.Follower.followLeader(Follower.java:128)
	at org.apache.zookeeper.server.quorum.QuorumPeer.run(QuorumPeer.java:1515)
2021-11-08 11:11:07,207 [myid:2] - ERROR [LearnerHandler-/127.0.0.1:7190:LearnerHandler@715] - Unexpected exception in LearnerHandler: 
java.io.EOFException
	at java.io.DataInputStream.readInt(DataInputStream.java:392)
	at org.apache.jute.BinaryInputArchive.readInt(BinaryInputArchive.java:96)
	at org.apache.zookeeper.server.quorum.QuorumPacket.deserialize(QuorumPacket.java:86)
	at org.apache.jute.BinaryInputArchive.readRecord(BinaryInputArchive.java:134)
	at org.apache.zookeeper.server.quorum.LearnerHandler.run(LearnerHandler.java:652)
2021-11-08 11:11:07,209 [myid:2] - INFO  [LearnerHandler-/127.0.0.1:7190:LearnerHandler@1155] - Synchronously closing socket to learner 1.
2021-11-08 11:11:07,209 [myid:2] - WARN  [LearnerHandler-/127.0.0.1:7190:LearnerHandler@731] - ******* GOODBYE /127.0.0.1:7190 ********
2021-11-08 11:11:07,207 [myid:127.0.0.1:11249] - WARN  [main-SendThread(127.0.0.1:11249):ClientCnxn$SendThread@1290] - Session 0x10058074bfe0000 for sever xmind.net/127.0.0.1:11249, Closing socket connection. Attempting reconnect except it is a SessionExpiredException.
EndOfStreamException: Unable to read additional data from server sessionid 0x10058074bfe0000, likely server has closed socket
	at org.apache.zookeeper.ClientCnxnSocketNIO.doIO(ClientCnxnSocketNIO.java:77)
	at org.apache.zookeeper.ClientCnxnSocketNIO.doTransport(ClientCnxnSocketNIO.java:350)
	at org.apache.zookeeper.ClientCnxn$SendThread.run(ClientCnxn.java:1280)
2021-11-08 11:11:07,207 [myid:0] - WARN  [SendWorker:3:QuorumCnxManager$SendWorker@1283] - Interrupted while waiting for message on queue
java.lang.InterruptedException
	at java.util.concurrent.locks.AbstractQueuedSynchronizer$ConditionObject.reportInterruptAfterWait(AbstractQueuedSynchronizer.java:2014)
	at java.util.concurrent.locks.AbstractQueuedSynchronizer$ConditionObject.awaitNanos(AbstractQueuedSynchronizer.java:2088)
	at org.apache.zookeeper.util.CircularBlockingQueue.poll(CircularBlockingQueue.java:105)
	at org.apache.zookeeper.server.quorum.QuorumCnxManager.pollSendQueue(QuorumCnxManager.java:1448)
	at org.apache.zookeeper.server.quorum.QuorumCnxManager.access$900(QuorumCnxManager.java:99)
	at org.apache.zookeeper.server.quorum.QuorumCnxManager$SendWorker.run(QuorumCnxManager.java:1272)
2021-11-08 11:11:07,209 [myid:1] - INFO  [QuorumPeer[myid=1](plain=127.0.0.1:11249)(secure=disabled):Follower@147] - Disconnected from leader (with address: /127.0.0.1:11253). Was connected for 4382ms. Sync state: true
2021-11-08 11:11:07,209 [myid:] - INFO  [main:RequestThrottler@258] - Shutting down
2021-11-08 11:11:07,209 [myid:3] - WARN  [SendWorker:0:QuorumCnxManager$SendWorker@1295] - Send worker leaving thread id 0 my id = 3
2021-11-08 11:11:07,210 [myid:1] - INFO  [RequestThrottler:RequestThrottler@219] - Draining request throttler queue
2021-11-08 11:11:07,210 [myid:1] - INFO  [RequestThrottler:RequestThrottler@195] - RequestThrottler shutdown. Dropped 0 requests
2021-11-08 11:11:07,210 [myid:] - INFO  [main:FollowerRequestProcessor@172] - Shutting down
2021-11-08 11:11:07,209 [myid:0] - WARN  [RecvWorker:1:QuorumCnxManager$RecvWorker@1403] - Interrupting SendWorker thread from RecvWorker. sid: 1. myId: 0
2021-11-08 11:11:07,209 [myid:2] - WARN  [RecvWorker:0:QuorumCnxManager$RecvWorker@1403] - Interrupting SendWorker thread from RecvWorker. sid: 0. myId: 2
2021-11-08 11:11:07,211 [myid:] - INFO  [main:CommitProcessor@632] - Shutting down
2021-11-08 11:11:07,211 [myid:] - INFO  [main:FinalRequestProcessor@684] - shutdown of request processor complete
2021-11-08 11:11:07,211 [myid:1] - INFO  [FollowerRequestProcessor:1:FollowerRequestProcessor@128] - FollowerRequestProcessor exited loop!
2021-11-08 11:11:07,211 [myid:1] - WARN  [SendWorker:0:QuorumCnxManager$SendWorker@1283] - Interrupted while waiting for message on queue
java.lang.InterruptedException
	at java.util.concurrent.locks.AbstractQueuedSynchronizer$ConditionObject.reportInterruptAfterWait(AbstractQueuedSynchronizer.java:2014)
	at java.util.concurrent.locks.AbstractQueuedSynchronizer$ConditionObject.awaitNanos(AbstractQueuedSynchronizer.java:2088)
	at org.apache.zookeeper.util.CircularBlockingQueue.poll(CircularBlockingQueue.java:105)
	at org.apache.zookeeper.server.quorum.QuorumCnxManager.pollSendQueue(QuorumCnxManager.java:1448)
	at org.apache.zookeeper.server.quorum.QuorumCnxManager.access$900(QuorumCnxManager.java:99)
	at org.apache.zookeeper.server.quorum.QuorumCnxManager$SendWorker.run(QuorumCnxManager.java:1272)
2021-11-08 11:11:07,210 [myid:1] - INFO  [QuorumPeer[myid=1](plain=127.0.0.1:11249)(secure=disabled):Follower@291] - shutdown Follower
2021-11-08 11:11:07,210 [myid:0] - WARN  [SendWorker:3:QuorumCnxManager$SendWorker@1295] - Send worker leaving thread id 3 my id = 0
2021-11-08 11:11:07,212 [myid:1] - WARN  [SendWorker:0:QuorumCnxManager$SendWorker@1295] - Send worker leaving thread id 0 my id = 1
2021-11-08 11:11:07,212 [myid:2] - WARN  [SendWorker:0:QuorumCnxManager$SendWorker@1283] - Interrupted while waiting for message on queue
java.lang.InterruptedException
	at java.util.concurrent.locks.AbstractQueuedSynchronizer$ConditionObject.reportInterruptAfterWait(AbstractQueuedSynchronizer.java:2014)
	at java.util.concurrent.locks.AbstractQueuedSynchronizer$ConditionObject.awaitNanos(AbstractQueuedSynchronizer.java:2088)
	at org.apache.zookeeper.util.CircularBlockingQueue.poll(CircularBlockingQueue.java:105)
	at org.apache.zookeeper.server.quorum.QuorumCnxManager.pollSendQueue(QuorumCnxManager.java:1448)
	at org.apache.zookeeper.server.quorum.QuorumCnxManager.access$900(QuorumCnxManager.java:99)
	at org.apache.zookeeper.server.quorum.QuorumCnxManager$SendWorker.run(QuorumCnxManager.java:1272)
2021-11-08 11:11:07,213 [myid:2] - WARN  [SendWorker:0:QuorumCnxManager$SendWorker@1295] - Send worker leaving thread id 0 my id = 2
2021-11-08 11:11:07,212 [myid:1] - INFO  [CommitProcessor:1:CommitProcessor@420] - CommitProcessor exited loop!
2021-11-08 11:11:07,211 [myid:0] - WARN  [RecvWorker:2:QuorumCnxManager$RecvWorker@1397] - Connection broken for id 2, my id = 0
java.net.SocketException: Socket closed
	at java.net.SocketInputStream.read(SocketInputStream.java:183)
	at java.net.SocketInputStream.read(SocketInputStream.java:121)
	at java.io.BufferedInputStream.fill(BufferedInputStream.java:246)
	at java.io.BufferedInputStream.read(BufferedInputStream.java:265)
	at java.io.DataInputStream.readInt(DataInputStream.java:387)
	at org.apache.zookeeper.server.quorum.QuorumCnxManager$RecvWorker.run(QuorumCnxManager.java:1385)
2021-11-08 11:11:07,213 [myid:0] - WARN  [RecvWorker:2:QuorumCnxManager$RecvWorker@1403] - Interrupting SendWorker thread from RecvWorker. sid: 2. myId: 0
2021-11-08 11:11:07,214 [myid:1] - INFO  [QuorumPeer[myid=1](plain=127.0.0.1:11249)(secure=disabled):QuorumPeer@915] - Peer state changed: looking
2021-11-08 11:11:07,214 [myid:1] - WARN  [QuorumPeer[myid=1](plain=127.0.0.1:11249)(secure=disabled):QuorumPeer@1563] - PeerState set to LOOKING
2021-11-08 11:11:07,214 [myid:1] - WARN  [QuorumPeer[myid=1](plain=127.0.0.1:11249)(secure=disabled):QuorumPeer@1545] - QuorumPeer main thread exited
2021-11-08 11:11:07,215 [myid:1] - INFO  [NIOServerCxnFactory.SelectorThread-0:NIOServerCnxnFactory$SelectorThread@397] - selector thread exitted run method
2021-11-08 11:11:07,215 [myid:1] - INFO  [NIOServerCxnFactory.AcceptThread:/127.0.0.1:11249:NIOServerCnxnFactory$AcceptThread@195] - accept thread exitted run method
2021-11-08 11:11:07,215 [myid:1] - INFO  [ConnnectionExpirer:NIOServerCnxnFactory$ConnectionExpirerThread@564] - ConnnectionExpirerThread interrupted
2021-11-08 11:11:07,216 [myid:1] - INFO  [QuorumPeerListener:QuorumCnxManager$Listener@980] - Leaving listener
2021-11-08 11:11:07,216 [myid:2] - WARN  [RecvWorker:1:QuorumCnxManager$RecvWorker@1397] - Connection broken for id 1, my id = 2
java.io.EOFException
	at java.io.DataInputStream.readInt(DataInputStream.java:392)
	at org.apache.zookeeper.server.quorum.QuorumCnxManager$RecvWorker.run(QuorumCnxManager.java:1385)
2021-11-08 11:11:07,216 [myid:3] - WARN  [RecvWorker:1:QuorumCnxManager$RecvWorker@1397] - Connection broken for id 1, my id = 3
java.io.EOFException
	at java.io.DataInputStream.readInt(DataInputStream.java:392)
	at org.apache.zookeeper.server.quorum.QuorumCnxManager$RecvWorker.run(QuorumCnxManager.java:1385)
2021-11-08 11:11:07,217 [myid:] - INFO  [main:QuorumBase@426] - Shutting down leader election QuorumPeer[myid=1](plain=127.0.0.1:11249)(secure=disabled)
2021-11-08 11:11:07,216 [myid:2] - WARN  [RecvWorker:1:QuorumCnxManager$RecvWorker@1403] - Interrupting SendWorker thread from RecvWorker. sid: 1. myId: 2
2021-11-08 11:11:07,219 [myid:1] - WARN  [RecvWorker:2:QuorumCnxManager$RecvWorker@1397] - Connection broken for id 2, my id = 1
java.net.SocketException: Socket closed
	at java.net.SocketInputStream.read(SocketInputStream.java:183)
	at java.net.SocketInputStream.read(SocketInputStream.java:121)
	at java.io.BufferedInputStream.fill(BufferedInputStream.java:246)
	at java.io.BufferedInputStream.read(BufferedInputStream.java:265)
	at java.io.DataInputStream.readInt(DataInputStream.java:387)
	at org.apache.zookeeper.server.quorum.QuorumCnxManager$RecvWorker.run(QuorumCnxManager.java:1385)
2021-11-08 11:11:07,219 [myid:1] - WARN  [RecvWorker:2:QuorumCnxManager$RecvWorker@1403] - Interrupting SendWorker thread from RecvWorker. sid: 2. myId: 1
2021-11-08 11:11:07,216 [myid:1] - WARN  [SendWorker:2:QuorumCnxManager$SendWorker@1283] - Interrupted while waiting for message on queue
java.lang.InterruptedException
	at java.util.concurrent.locks.AbstractQueuedSynchronizer$ConditionObject.reportInterruptAfterWait(AbstractQueuedSynchronizer.java:2014)
	at java.util.concurrent.locks.AbstractQueuedSynchronizer$ConditionObject.awaitNanos(AbstractQueuedSynchronizer.java:2088)
	at org.apache.zookeeper.util.CircularBlockingQueue.poll(CircularBlockingQueue.java:105)
	at org.apache.zookeeper.server.quorum.QuorumCnxManager.pollSendQueue(QuorumCnxManager.java:1448)
	at org.apache.zookeeper.server.quorum.QuorumCnxManager.access$900(QuorumCnxManager.java:99)
	at org.apache.zookeeper.server.quorum.QuorumCnxManager$SendWorker.run(QuorumCnxManager.java:1272)
2021-11-08 11:11:07,219 [myid:1] - WARN  [SendWorker:2:QuorumCnxManager$SendWorker@1295] - Send worker leaving thread id 2 my id = 1
2021-11-08 11:11:07,220 [myid:2] - WARN  [SendWorker:1:QuorumCnxManager$SendWorker@1283] - Interrupted while waiting for message on queue
java.lang.InterruptedException
	at java.util.concurrent.locks.AbstractQueuedSynchronizer$ConditionObject.reportInterruptAfterWait(AbstractQueuedSynchronizer.java:2014)
	at java.util.concurrent.locks.AbstractQueuedSynchronizer$ConditionObject.awaitNanos(AbstractQueuedSynchronizer.java:2088)
	at org.apache.zookeeper.util.CircularBlockingQueue.poll(CircularBlockingQueue.java:105)
	at org.apache.zookeeper.server.quorum.QuorumCnxManager.pollSendQueue(QuorumCnxManager.java:1448)
	at org.apache.zookeeper.server.quorum.QuorumCnxManager.access$900(QuorumCnxManager.java:99)
	at org.apache.zookeeper.server.quorum.QuorumCnxManager$SendWorker.run(QuorumCnxManager.java:1272)
2021-11-08 11:11:07,220 [myid:2] - WARN  [SendWorker:1:QuorumCnxManager$SendWorker@1295] - Send worker leaving thread id 1 my id = 2
2021-11-08 11:11:07,219 [myid:] - INFO  [main:QuorumBase@431] - Waiting for QuorumPeer[myid=1](plain=127.0.0.1:11249)(secure=disabled) to exit thread
2021-11-08 11:11:07,219 [myid:1] - WARN  [SendWorker:3:QuorumCnxManager$SendWorker@1283] - Interrupted while waiting for message on queue
java.lang.InterruptedException
	at java.util.concurrent.locks.AbstractQueuedSynchronizer$ConditionObject.reportInterruptAfterWait(AbstractQueuedSynchronizer.java:2014)
	at java.util.concurrent.locks.AbstractQueuedSynchronizer$ConditionObject.awaitNanos(AbstractQueuedSynchronizer.java:2088)
	at org.apache.zookeeper.util.CircularBlockingQueue.poll(CircularBlockingQueue.java:105)
	at org.apache.zookeeper.server.quorum.QuorumCnxManager.pollSendQueue(QuorumCnxManager.java:1448)
	at org.apache.zookeeper.server.quorum.QuorumCnxManager.access$900(QuorumCnxManager.java:99)
	at org.apache.zookeeper.server.quorum.QuorumCnxManager$SendWorker.run(QuorumCnxManager.java:1272)
2021-11-08 11:11:07,219 [myid:3] - WARN  [RecvWorker:1:QuorumCnxManager$RecvWorker@1403] - Interrupting SendWorker thread from RecvWorker. sid: 1. myId: 3
2021-11-08 11:11:07,220 [myid:1] - WARN  [SendWorker:3:QuorumCnxManager$SendWorker@1295] - Send worker leaving thread id 3 my id = 1
2021-11-08 11:11:07,220 [myid:3] - WARN  [SendWorker:1:QuorumCnxManager$SendWorker@1283] - Interrupted while waiting for message on queue
java.lang.InterruptedException
	at java.util.concurrent.locks.AbstractQueuedSynchronizer$ConditionObject.reportInterruptAfterWait(AbstractQueuedSynchronizer.java:2014)
	at java.util.concurrent.locks.AbstractQueuedSynchronizer$ConditionObject.awaitNanos(AbstractQueuedSynchronizer.java:2088)
	at org.apache.zookeeper.util.CircularBlockingQueue.poll(CircularBlockingQueue.java:105)
	at org.apache.zookeeper.server.quorum.QuorumCnxManager.pollSendQueue(QuorumCnxManager.java:1448)
	at org.apache.zookeeper.server.quorum.QuorumCnxManager.access$900(QuorumCnxManager.java:99)
	at org.apache.zookeeper.server.quorum.QuorumCnxManager$SendWorker.run(QuorumCnxManager.java:1272)
2021-11-08 11:11:07,220 [myid:] - INFO  [main:QuorumBase@422] - Shutting down quorum peer QuorumPeer[myid=2](plain=127.0.0.1:11252)(secure=disabled)
2021-11-08 11:11:07,221 [myid:] - INFO  [main:Leader@789] - Shutting down
2021-11-08 11:11:07,221 [myid:] - INFO  [main:Leader@795] - Shutdown called. For the reason quorum Peer shutdown
2021-11-08 11:11:07,221 [myid:3] - WARN  [SendWorker:1:QuorumCnxManager$SendWorker@1295] - Send worker leaving thread id 1 my id = 3
2021-11-08 11:11:07,220 [myid:1] - WARN  [RecvWorker:3:QuorumCnxManager$RecvWorker@1397] - Connection broken for id 3, my id = 1
java.net.SocketException: Socket closed
	at java.net.SocketInputStream.read(SocketInputStream.java:183)
	at java.net.SocketInputStream.read(SocketInputStream.java:121)
	at java.io.BufferedInputStream.fill(BufferedInputStream.java:246)
	at java.io.BufferedInputStream.read(BufferedInputStream.java:265)
	at java.io.DataInputStream.readInt(DataInputStream.java:387)
	at org.apache.zookeeper.server.quorum.QuorumCnxManager$RecvWorker.run(QuorumCnxManager.java:1385)
2021-11-08 11:11:07,221 [myid:127.0.0.1:11252] - WARN  [main-SendThread(127.0.0.1:11252):ClientCnxn$SendThread@1290] - Session 0x20058074bba0000 for sever xmind.net/127.0.0.1:11252, Closing socket connection. Attempting reconnect except it is a SessionExpiredException.
EndOfStreamException: Unable to read additional data from server sessionid 0x20058074bba0000, likely server has closed socket
	at org.apache.zookeeper.ClientCnxnSocketNIO.doIO(ClientCnxnSocketNIO.java:77)
	at org.apache.zookeeper.ClientCnxnSocketNIO.doTransport(ClientCnxnSocketNIO.java:350)
	at org.apache.zookeeper.ClientCnxn$SendThread.run(ClientCnxn.java:1280)
2021-11-08 11:11:07,221 [myid:] - INFO  [main:ZooKeeperServer@829] - shutting down
2021-11-08 11:11:07,221 [myid:2] - WARN  [LearnerCnxAcceptorHandler-/127.0.0.1:11253:Leader$LearnerCnxAcceptor$LearnerCnxAcceptorHandler@526] - Exception while shutting down acceptor.
java.net.SocketException: socket closed
	at java.net.DualStackPlainSocketImpl.accept0(Native Method)
	at java.net.DualStackPlainSocketImpl.socketAccept(DualStackPlainSocketImpl.java:131)
	at java.net.AbstractPlainSocketImpl.accept(AbstractPlainSocketImpl.java:404)
	at java.net.PlainSocketImpl.accept(PlainSocketImpl.java:199)
	at java.net.ServerSocket.implAccept(ServerSocket.java:545)
	at java.net.ServerSocket.accept(ServerSocket.java:513)
	at org.apache.zookeeper.server.quorum.Leader$LearnerCnxAcceptor$LearnerCnxAcceptorHandler.acceptConnections(Leader.java:513)
	at org.apache.zookeeper.server.quorum.Leader$LearnerCnxAcceptor$LearnerCnxAcceptorHandler.run(Leader.java:496)
	at java.util.concurrent.Executors$RunnableAdapter.call(Executors.java:511)
	at java.util.concurrent.FutureTask.run(FutureTask.java:266)
	at java.util.concurrent.ThreadPoolExecutor.runWorker(ThreadPoolExecutor.java:1142)
	at java.util.concurrent.ThreadPoolExecutor$Worker.run(ThreadPoolExecutor.java:617)
	at java.lang.Thread.run(Thread.java:745)
2021-11-08 11:11:07,222 [myid:] - INFO  [main:RequestThrottler@258] - Shutting down
2021-11-08 11:11:07,222 [myid:2] - INFO  [RequestThrottler:RequestThrottler@219] - Draining request throttler queue
2021-11-08 11:11:07,222 [myid:2] - INFO  [RequestThrottler:RequestThrottler@195] - RequestThrottler shutdown. Dropped 0 requests
2021-11-08 11:11:07,221 [myid:1] - WARN  [RecvWorker:3:QuorumCnxManager$RecvWorker@1403] - Interrupting SendWorker thread from RecvWorker. sid: 3. myId: 1
2021-11-08 11:11:07,222 [myid:] - INFO  [main:SessionTrackerImpl@252] - Shutting down
2021-11-08 11:11:07,222 [myid:] - INFO  [main:LeaderRequestProcessor@79] - Shutting down
2021-11-08 11:11:07,223 [myid:] - INFO  [main:PrepRequestProcessor@1066] - Shutting down
2021-11-08 11:11:07,223 [myid:] - INFO  [main:ProposalRequestProcessor@95] - Shutting down
2021-11-08 11:11:07,223 [myid:] - INFO  [main:CommitProcessor@632] - Shutting down
2021-11-08 11:11:07,224 [myid:] - INFO  [main:Leader$ToBeAppliedRequestProcessor@1103] - Shutting down
2021-11-08 11:11:07,224 [myid:] - INFO  [main:FinalRequestProcessor@684] - shutdown of request processor complete
2021-11-08 11:11:07,224 [myid:] - INFO  [main:SyncRequestProcessor@255] - Shutting down
2021-11-08 11:11:07,223 [myid:2] - INFO  [ProcessThread(sid:2 cport:-1)::PrepRequestProcessor@161] - PrepRequestProcessor exited loop!
2021-11-08 11:11:07,224 [myid:2] - INFO  [SyncThread:2:SyncRequestProcessor@224] - SyncRequestProcessor exited!
2021-11-08 11:11:07,224 [myid:2] - INFO  [CommitProcessor:2:CommitProcessor@420] - CommitProcessor exited loop!
2021-11-08 11:11:07,225 [myid:] - INFO  [main:LearnerHandler@1155] - Synchronously closing socket to learner 3.
2021-11-08 11:11:07,225 [myid:3] - WARN  [QuorumPeer[myid=3](plain=127.0.0.1:11255)(secure=disabled):Observer@128] - Exception when observing the leader
java.io.EOFException
	at java.io.DataInputStream.readInt(DataInputStream.java:392)
	at org.apache.jute.BinaryInputArchive.readInt(BinaryInputArchive.java:96)
	at org.apache.zookeeper.server.quorum.QuorumPacket.deserialize(QuorumPacket.java:86)
	at org.apache.jute.BinaryInputArchive.readRecord(BinaryInputArchive.java:134)
	at org.apache.zookeeper.server.quorum.Learner.readPacket(Learner.java:225)
	at org.apache.zookeeper.server.quorum.Observer.observeLeader(Observer.java:124)
	at org.apache.zookeeper.server.quorum.QuorumPeer.run(QuorumPeer.java:1495)
2021-11-08 11:11:07,225 [myid:2] - ERROR [LearnerHandler-/127.0.0.1:7193:LearnerHandler@715] - Unexpected exception in LearnerHandler: 
java.net.SocketException: Socket Closed
	at java.net.SocketInputStream.socketRead0(Native Method)
	at java.net.SocketInputStream.read(SocketInputStream.java:150)
	at java.net.SocketInputStream.read(SocketInputStream.java:121)
	at java.io.BufferedInputStream.fill(BufferedInputStream.java:246)
	at java.io.BufferedInputStream.read(BufferedInputStream.java:265)
	at java.io.DataInputStream.readInt(DataInputStream.java:387)
	at org.apache.jute.BinaryInputArchive.readInt(BinaryInputArchive.java:96)
	at org.apache.zookeeper.server.quorum.QuorumPacket.deserialize(QuorumPacket.java:86)
	at org.apache.jute.BinaryInputArchive.readRecord(BinaryInputArchive.java:134)
	at org.apache.zookeeper.server.quorum.LearnerHandler.run(LearnerHandler.java:652)
2021-11-08 11:11:07,226 [myid:2] - WARN  [LearnerHandler-/127.0.0.1:7193:LearnerHandler@731] - ******* GOODBYE /127.0.0.1:7193 ********
2021-11-08 11:11:07,226 [myid:2] - INFO  [NIOServerCxnFactory.AcceptThread:/127.0.0.1:11252:NIOServerCnxnFactory$AcceptThread@195] - accept thread exitted run method
2021-11-08 11:11:07,226 [myid:2] - INFO  [NIOServerCxnFactory.SelectorThread-0:NIOServerCnxnFactory$SelectorThread@397] - selector thread exitted run method
2021-11-08 11:11:07,226 [myid:3] - INFO  [QuorumPeer[myid=3](plain=127.0.0.1:11255)(secure=disabled):Observer@140] - Disconnected from leader (with address: /127.0.0.1:11253). Was connected for 4934ms. Sync state: true
2021-11-08 11:11:07,226 [myid:2] - WARN  [LearnerHandler-/127.0.0.1:7193:LearnerHandler@1045] - Ignoring unexpected exception
java.lang.InterruptedException
	at java.util.concurrent.locks.AbstractQueuedSynchronizer.acquireInterruptibly(AbstractQueuedSynchronizer.java:1220)
	at java.util.concurrent.locks.ReentrantLock.lockInterruptibly(ReentrantLock.java:335)
	at java.util.concurrent.LinkedBlockingQueue.put(LinkedBlockingQueue.java:339)
	at org.apache.zookeeper.server.quorum.LearnerHandler.shutdown(LearnerHandler.java:1043)
	at org.apache.zookeeper.server.quorum.LearnerHandler.run(LearnerHandler.java:733)
2021-11-08 11:11:07,226 [myid:3] - INFO  [QuorumPeer[myid=3](plain=127.0.0.1:11255)(secure=disabled):Observer@245] - shutdown Observer
2021-11-08 11:11:07,227 [myid:3] - INFO  [QuorumPeer[myid=3](plain=127.0.0.1:11255)(secure=disabled):ZooKeeperServer@829] - shutting down
2021-11-08 11:11:07,227 [myid:127.0.0.1:11255] - WARN  [main-SendThread(127.0.0.1:11255):ClientCnxn$SendThread@1290] - Session 0x30058074b120000 for sever xmind.net/127.0.0.1:11255, Closing socket connection. Attempting reconnect except it is a SessionExpiredException.
EndOfStreamException: Unable to read additional data from server sessionid 0x30058074b120000, likely server has closed socket
	at org.apache.zookeeper.ClientCnxnSocketNIO.doIO(ClientCnxnSocketNIO.java:77)
	at org.apache.zookeeper.ClientCnxnSocketNIO.doTransport(ClientCnxnSocketNIO.java:350)
	at org.apache.zookeeper.ClientCnxn$SendThread.run(ClientCnxn.java:1280)
2021-11-08 11:11:07,227 [myid:2] - INFO  [QuorumPeerListener:QuorumCnxManager$Listener@980] - Leaving listener
2021-11-08 11:11:07,227 [myid:3] - INFO  [QuorumPeer[myid=3](plain=127.0.0.1:11255)(secure=disabled):RequestThrottler@258] - Shutting down
2021-11-08 11:11:07,227 [myid:3] - INFO  [RequestThrottler:RequestThrottler@219] - Draining request throttler queue
2021-11-08 11:11:07,227 [myid:3] - WARN  [RecvWorker:2:QuorumCnxManager$RecvWorker@1397] - Connection broken for id 2, my id = 3
java.io.EOFException
	at java.io.DataInputStream.readInt(DataInputStream.java:392)
	at org.apache.zookeeper.server.quorum.QuorumCnxManager$RecvWorker.run(QuorumCnxManager.java:1385)
2021-11-08 11:11:07,228 [myid:3] - WARN  [RecvWorker:2:QuorumCnxManager$RecvWorker@1403] - Interrupting SendWorker thread from RecvWorker. sid: 2. myId: 3
2021-11-08 11:11:07,228 [myid:2] - WARN  [RecvWorker:3:QuorumCnxManager$RecvWorker@1397] - Connection broken for id 3, my id = 2
java.net.SocketException: Socket closed
	at java.net.SocketInputStream.read(SocketInputStream.java:183)
	at java.net.SocketInputStream.read(SocketInputStream.java:121)
	at java.io.BufferedInputStream.fill(BufferedInputStream.java:246)
	at java.io.BufferedInputStream.read(BufferedInputStream.java:265)
	at java.io.DataInputStream.readInt(DataInputStream.java:387)
	at org.apache.zookeeper.server.quorum.QuorumCnxManager$RecvWorker.run(QuorumCnxManager.java:1385)
2021-11-08 11:11:07,228 [myid:2] - WARN  [RecvWorker:3:QuorumCnxManager$RecvWorker@1403] - Interrupting SendWorker thread from RecvWorker. sid: 3. myId: 2
2021-11-08 11:11:07,228 [myid:2] - INFO  [ConnnectionExpirer:NIOServerCnxnFactory$ConnectionExpirerThread@564] - ConnnectionExpirerThread interrupted
2021-11-08 11:11:07,227 [myid:2] - WARN  [QuorumPeer[myid=2](plain=127.0.0.1:11252)(secure=disabled):QuorumPeer@1533] - Unexpected exception
java.lang.InterruptedException
	at java.lang.Object.wait(Native Method)
	at org.apache.zookeeper.server.quorum.Leader.lead(Leader.java:727)
	at org.apache.zookeeper.server.quorum.QuorumPeer.run(QuorumPeer.java:1530)
2021-11-08 11:11:07,228 [myid:2] - INFO  [QuorumPeer[myid=2](plain=127.0.0.1:11252)(secure=disabled):Leader@789] - Shutting down
2021-11-08 11:11:07,228 [myid:2] - INFO  [QuorumPeer[myid=2](plain=127.0.0.1:11252)(secure=disabled):QuorumPeer@915] - Peer state changed: looking
2021-11-08 11:11:07,228 [myid:2] - WARN  [QuorumPeer[myid=2](plain=127.0.0.1:11252)(secure=disabled):QuorumPeer@1563] - PeerState set to LOOKING
2021-11-08 11:11:07,229 [myid:2] - WARN  [QuorumPeer[myid=2](plain=127.0.0.1:11252)(secure=disabled):QuorumPeer@1545] - QuorumPeer main thread exited
2021-11-08 11:11:07,227 [myid:] - INFO  [main:QuorumBase@426] - Shutting down leader election QuorumPeer[myid=2](plain=127.0.0.1:11252)(secure=disabled)
2021-11-08 11:11:07,227 [myid:3] - INFO  [RequestThrottler:RequestThrottler@195] - RequestThrottler shutdown. Dropped 0 requests
2021-11-08 11:11:07,229 [myid:] - INFO  [main:QuorumBase@431] - Waiting for QuorumPeer[myid=2](plain=127.0.0.1:11252)(secure=disabled) to exit thread
2021-11-08 11:11:07,229 [myid:] - INFO  [main:QuorumBase@422] - Shutting down quorum peer QuorumPeer[myid=3](plain=127.0.0.1:11255)(secure=disabled)
2021-11-08 11:11:07,229 [myid:3] - INFO  [ConnnectionExpirer:NIOServerCnxnFactory$ConnectionExpirerThread@564] - ConnnectionExpirerThread interrupted
2021-11-08 11:11:07,228 [myid:3] - WARN  [SendWorker:2:QuorumCnxManager$SendWorker@1283] - Interrupted while waiting for message on queue
java.lang.InterruptedException
	at java.util.concurrent.locks.AbstractQueuedSynchronizer$ConditionObject.reportInterruptAfterWait(AbstractQueuedSynchronizer.java:2014)
	at java.util.concurrent.locks.AbstractQueuedSynchronizer$ConditionObject.awaitNanos(AbstractQueuedSynchronizer.java:2088)
	at org.apache.zookeeper.util.CircularBlockingQueue.poll(CircularBlockingQueue.java:105)
	at org.apache.zookeeper.server.quorum.QuorumCnxManager.pollSendQueue(QuorumCnxManager.java:1448)
	at org.apache.zookeeper.server.quorum.QuorumCnxManager.access$900(QuorumCnxManager.java:99)
	at org.apache.zookeeper.server.quorum.QuorumCnxManager$SendWorker.run(QuorumCnxManager.java:1272)
2021-11-08 11:11:07,230 [myid:3] - WARN  [SendWorker:2:QuorumCnxManager$SendWorker@1295] - Send worker leaving thread id 2 my id = 3
2021-11-08 11:11:07,228 [myid:2] - WARN  [SendWorker:3:QuorumCnxManager$SendWorker@1283] - Interrupted while waiting for message on queue
java.lang.InterruptedException
	at java.util.concurrent.locks.AbstractQueuedSynchronizer$ConditionObject.reportInterruptAfterWait(AbstractQueuedSynchronizer.java:2014)
	at java.util.concurrent.locks.AbstractQueuedSynchronizer$ConditionObject.awaitNanos(AbstractQueuedSynchronizer.java:2088)
	at org.apache.zookeeper.util.CircularBlockingQueue.poll(CircularBlockingQueue.java:105)
	at org.apache.zookeeper.server.quorum.QuorumCnxManager.pollSendQueue(QuorumCnxManager.java:1448)
	at org.apache.zookeeper.server.quorum.QuorumCnxManager.access$900(QuorumCnxManager.java:99)
	at org.apache.zookeeper.server.quorum.QuorumCnxManager$SendWorker.run(QuorumCnxManager.java:1272)
2021-11-08 11:11:07,230 [myid:3] - INFO  [NIOServerCxnFactory.AcceptThread:/127.0.0.1:11255:NIOServerCnxnFactory$AcceptThread@195] - accept thread exitted run method
2021-11-08 11:11:07,230 [myid:3] - INFO  [NIOServerCxnFactory.SelectorThread-0:NIOServerCnxnFactory$SelectorThread@397] - selector thread exitted run method
2021-11-08 11:11:07,229 [myid:3] - INFO  [QuorumPeer[myid=3](plain=127.0.0.1:11255)(secure=disabled):ObserverRequestProcessor@161] - Shutting down
2021-11-08 11:11:07,230 [myid:2] - WARN  [SendWorker:3:QuorumCnxManager$SendWorker@1295] - Send worker leaving thread id 3 my id = 2
2021-11-08 11:11:07,230 [myid:3] - INFO  [ObserverRequestProcessor:3:ObserverRequestProcessor@129] - ObserverRequestProcessor exited loop!
2021-11-08 11:11:07,230 [myid:3] - INFO  [QuorumPeer[myid=3](plain=127.0.0.1:11255)(secure=disabled):CommitProcessor@632] - Shutting down
2021-11-08 11:11:07,231 [myid:3] - INFO  [QuorumPeerListener:QuorumCnxManager$Listener@980] - Leaving listener
2021-11-08 11:11:07,231 [myid:3] - INFO  [QuorumPeer[myid=3](plain=127.0.0.1:11255)(secure=disabled):FinalRequestProcessor@684] - shutdown of request processor complete
2021-11-08 11:11:07,231 [myid:3] - INFO  [CommitProcessor:3:CommitProcessor@420] - CommitProcessor exited loop!
2021-11-08 11:11:07,231 [myid:] - INFO  [main:QuorumBase@426] - Shutting down leader election QuorumPeer[myid=3](plain=127.0.0.1:11255)(secure=disabled)
2021-11-08 11:11:07,232 [myid:] - INFO  [main:QuorumBase@431] - Waiting for QuorumPeer[myid=3](plain=127.0.0.1:11255)(secure=disabled) to exit thread
2021-11-08 11:11:07,232 [myid:3] - INFO  [QuorumPeer[myid=3](plain=127.0.0.1:11255)(secure=disabled):QuorumPeer@915] - Peer state changed: looking
2021-11-08 11:11:07,232 [myid:3] - WARN  [QuorumPeer[myid=3](plain=127.0.0.1:11255)(secure=disabled):QuorumPeer@1563] - PeerState set to LOOKING
2021-11-08 11:11:07,232 [myid:3] - WARN  [QuorumPeer[myid=3](plain=127.0.0.1:11255)(secure=disabled):QuorumPeer@1545] - QuorumPeer main thread exited
2021-11-08 11:11:07,232 [myid:] - INFO  [main:ZooKeeperServer@2141] - zookeeper.digest.enabled = false
2021-11-08 11:11:07,232 [myid:] - INFO  [main:ZKTestCase@82] - FINISHED Optional[public void org.apache.zookeeper.server.quorum.QuorumDigestTest.testDigestMatchesDuringDiffSync() throws java.lang.Exception]
]]></system-out>
  </testcase>
  <testcase name="testDigestMatchesDuringSnapSync" classname="org.apache.zookeeper.server.quorum.QuorumDigestTest" time="3.061">
    <error message="org/apache/zookeeper/server/TxnLogDigestTest" type="java.lang.NoClassDefFoundError">java.lang.NoClassDefFoundError: org/apache/zookeeper/server/TxnLogDigestTest
	at org.apache.zookeeper.server.quorum.QuorumDigestTest.triggerOps(QuorumDigestTest.java:206)
	at org.apache.zookeeper.server.quorum.QuorumDigestTest.triggerSync(QuorumDigestTest.java:220)
	at org.apache.zookeeper.server.quorum.QuorumDigestTest.testDigestMatchesDuringSnapSync(QuorumDigestTest.java:96)
</error>
    <system-out><![CDATA[2021-11-08 11:11:07,234 [myid:] - INFO  [main:ZKTestCase@77] - STARTING Optional[public void org.apache.zookeeper.server.quorum.QuorumDigestTest.testDigestMatchesDuringSnapSync() throws java.lang.Exception]
2021-11-08 11:11:07,235 [myid:] - INFO  [main:ZooKeeperServer@2141] - zookeeper.digest.enabled = true
2021-11-08 11:11:07,235 [myid:] - INFO  [main:PortAssignment@87] - Assigned port 11258 from range 11221 - 13913.
2021-11-08 11:11:07,235 [myid:] - INFO  [main:PortAssignment@87] - Assigned port 11259 from range 11221 - 13913.
2021-11-08 11:11:07,235 [myid:] - INFO  [main:PortAssignment@87] - Assigned port 11260 from range 11221 - 13913.
2021-11-08 11:11:07,236 [myid:] - INFO  [main:PortAssignment@87] - Assigned port 11261 from range 11221 - 13913.
2021-11-08 11:11:07,236 [myid:] - INFO  [main:PortAssignment@87] - Assigned port 11262 from range 11221 - 13913.
2021-11-08 11:11:07,236 [myid:] - INFO  [main:PortAssignment@87] - Assigned port 11263 from range 11221 - 13913.
2021-11-08 11:11:07,236 [myid:] - INFO  [main:PortAssignment@87] - Assigned port 11264 from range 11221 - 13913.
2021-11-08 11:11:07,237 [myid:] - INFO  [main:PortAssignment@87] - Assigned port 11265 from range 11221 - 13913.
2021-11-08 11:11:07,237 [myid:] - INFO  [main:PortAssignment@87] - Assigned port 11266 from range 11221 - 13913.
2021-11-08 11:11:07,237 [myid:] - INFO  [main:PortAssignment@87] - Assigned port 11267 from range 11221 - 13913.
2021-11-08 11:11:07,237 [myid:] - INFO  [main:PortAssignment@87] - Assigned port 11268 from range 11221 - 13913.
2021-11-08 11:11:07,238 [myid:] - INFO  [main:PortAssignment@87] - Assigned port 11269 from range 11221 - 13913.
2021-11-08 11:11:07,239 [myid:] - INFO  [main:QuorumPeerTestBase$MainThread@122] - id = 0 tmpDir = D:\mysoft\faiscoGit\myStudy\ZooKeeperLearning\apache-zookeeper-3.7.0\zookeeper-server\target\surefire\test7588453471776350538.junit.dir clientPort = 11258
2021-11-08 11:11:07,241 [myid:] - INFO  [main:ZooKeeper@637] - Initiating client connection, connectString=127.0.0.1:11258 sessionTimeout=30000 watcher=org.apache.zookeeper.server.quorum.QuorumDigestTest@359f7cdf
2021-11-08 11:11:07,241 [myid:] - INFO  [Thread-34:QuorumPeerConfig@174] - Reading configuration from: D:\mysoft\faiscoGit\myStudy\ZooKeeperLearning\apache-zookeeper-3.7.0\zookeeper-server\target\surefire\test7588453471776350538.junit.dir\zoo.cfg
2021-11-08 11:11:07,242 [myid:] - INFO  [Thread-34:QuorumPeerConfig@444] - clientPortAddress is 0.0.0.0:11258
2021-11-08 11:11:07,242 [myid:] - INFO  [Thread-34:QuorumPeerConfig@448] - secureClientPort is not set
2021-11-08 11:11:07,242 [myid:] - INFO  [Thread-34:QuorumPeerConfig@464] - observerMasterPort is not set
2021-11-08 11:11:07,242 [myid:] - INFO  [Thread-34:QuorumPeerConfig@481] - metricsProvider.className is org.apache.zookeeper.metrics.impl.DefaultMetricsProvider
2021-11-08 11:11:07,242 [myid:] - INFO  [main:ClientCnxnSocket@239] - jute.maxbuffer value is 1048575 Bytes
2021-11-08 11:11:07,242 [myid:0] - INFO  [Thread-34:DatadirCleanupManager@78] - autopurge.snapRetainCount set to 3
2021-11-08 11:11:07,242 [myid:0] - INFO  [Thread-34:DatadirCleanupManager@79] - autopurge.purgeInterval set to 0
2021-11-08 11:11:07,242 [myid:0] - INFO  [Thread-34:DatadirCleanupManager@101] - Purge task is not scheduled.
2021-11-08 11:11:07,242 [myid:0] - INFO  [Thread-34:ManagedUtil@44] - Log4j 1.2 jmx support found and enabled.
2021-11-08 11:11:07,242 [myid:] - INFO  [main:ClientCnxn@1726] - zookeeper.request.timeout value is 0. feature enabled=false
2021-11-08 11:11:07,242 [myid:0] - ERROR [Thread-34:ManagedUtil@109] - Problems while registering log4j 1.2 jmx beans!
javax.management.InstanceAlreadyExistsException: log4j:hierarchy=default
	at com.sun.jmx.mbeanserver.Repository.addMBean(Repository.java:437)
	at com.sun.jmx.interceptor.DefaultMBeanServerInterceptor.registerWithRepository(DefaultMBeanServerInterceptor.java:1898)
	at com.sun.jmx.interceptor.DefaultMBeanServerInterceptor.registerDynamicMBean(DefaultMBeanServerInterceptor.java:966)
	at com.sun.jmx.interceptor.DefaultMBeanServerInterceptor.registerObject(DefaultMBeanServerInterceptor.java:900)
	at com.sun.jmx.interceptor.DefaultMBeanServerInterceptor.registerMBean(DefaultMBeanServerInterceptor.java:324)
	at com.sun.jmx.mbeanserver.JmxMBeanServer.registerMBean(JmxMBeanServer.java:522)
	at org.apache.zookeeper.jmx.ManagedUtil.registerLog4jMBeans(ManagedUtil.java:72)
	at org.apache.zookeeper.server.quorum.QuorumPeerMain.runFromConfig(QuorumPeerMain.java:147)
	at org.apache.zookeeper.server.quorum.QuorumPeerMain.initializeAndRun(QuorumPeerMain.java:137)
	at org.apache.zookeeper.server.quorum.QuorumPeerTestBase$MainThread.run(QuorumPeerTestBase.java:329)
	at java.lang.Thread.run(Thread.java:745)
2021-11-08 11:11:07,242 [myid:0] - WARN  [Thread-34:QuorumPeerMain@149] - Unable to register log4j JMX control
javax.management.JMException: javax.management.InstanceAlreadyExistsException: log4j:hierarchy=default
	at org.apache.zookeeper.jmx.ManagedUtil.registerLog4jMBeans(ManagedUtil.java:110)
	at org.apache.zookeeper.server.quorum.QuorumPeerMain.runFromConfig(QuorumPeerMain.java:147)
	at org.apache.zookeeper.server.quorum.QuorumPeerMain.initializeAndRun(QuorumPeerMain.java:137)
	at org.apache.zookeeper.server.quorum.QuorumPeerTestBase$MainThread.run(QuorumPeerTestBase.java:329)
	at java.lang.Thread.run(Thread.java:745)
2021-11-08 11:11:07,243 [myid:0] - INFO  [Thread-34:QuorumPeerMain@152] - Starting quorum peer, myid=0
2021-11-08 11:11:07,243 [myid:0] - INFO  [Thread-34:ServerMetrics@62] - ServerMetrics initialized with provider org.apache.zookeeper.metrics.impl.DefaultMetricsProvider@5d7cd3ad
2021-11-08 11:11:07,243 [myid:0] - INFO  [Thread-34:DigestAuthenticationProvider@61] - zookeeper.DigestAuthenticationProvider.enabled = true
2021-11-08 11:11:07,243 [myid:0] - INFO  [Thread-34:ServerCnxnFactory@169] - Using org.apache.zookeeper.server.NIOServerCnxnFactory as server connection factory
2021-11-08 11:11:07,243 [myid:0] - WARN  [Thread-34:ServerCnxnFactory@309] - maxCnxns is not configured, using default value 0.
2021-11-08 11:11:07,243 [myid:0] - INFO  [Thread-34:NIOServerCnxnFactory@652] - Configuring NIO connection handler with 10s sessionless connection timeout, 1 selector thread(s), 12 worker threads, and 64 kB direct buffers.
2021-11-08 11:11:07,244 [myid:] - INFO  [main:QuorumPeerTestBase$MainThread@122] - id = 1 tmpDir = D:\mysoft\faiscoGit\myStudy\ZooKeeperLearning\apache-zookeeper-3.7.0\zookeeper-server\target\surefire\test5649504673946823597.junit.dir clientPort = 11261
2021-11-08 11:11:07,244 [myid:0] - INFO  [Thread-34:NIOServerCnxnFactory@660] - binding to port /127.0.0.1:11258
2021-11-08 11:11:07,246 [myid:] - INFO  [main:ZooKeeper@637] - Initiating client connection, connectString=127.0.0.1:11261 sessionTimeout=30000 watcher=org.apache.zookeeper.server.quorum.QuorumDigestTest@359f7cdf
2021-11-08 11:11:07,246 [myid:] - INFO  [Thread-35:QuorumPeerConfig@174] - Reading configuration from: D:\mysoft\faiscoGit\myStudy\ZooKeeperLearning\apache-zookeeper-3.7.0\zookeeper-server\target\surefire\test5649504673946823597.junit.dir\zoo.cfg
2021-11-08 11:11:07,246 [myid:] - INFO  [Thread-35:QuorumPeerConfig@444] - clientPortAddress is 0.0.0.0:11261
2021-11-08 11:11:07,247 [myid:] - INFO  [Thread-35:QuorumPeerConfig@448] - secureClientPort is not set
2021-11-08 11:11:07,247 [myid:] - INFO  [Thread-35:QuorumPeerConfig@464] - observerMasterPort is not set
2021-11-08 11:11:07,247 [myid:] - INFO  [Thread-35:QuorumPeerConfig@481] - metricsProvider.className is org.apache.zookeeper.metrics.impl.DefaultMetricsProvider
2021-11-08 11:11:07,246 [myid:0] - INFO  [Thread-34:FileTxnSnapLog@124] - zookeeper.snapshot.trust.empty : false
2021-11-08 11:11:07,246 [myid:127.0.0.1:11258] - INFO  [main-SendThread(127.0.0.1:11258):ClientCnxn$SendThread@1171] - Opening socket connection to server xmind.net/127.0.0.1:11258.
2021-11-08 11:11:07,247 [myid:] - INFO  [main:ClientCnxnSocket@239] - jute.maxbuffer value is 1048575 Bytes
2021-11-08 11:11:07,247 [myid:1] - INFO  [Thread-35:DatadirCleanupManager@78] - autopurge.snapRetainCount set to 3
2021-11-08 11:11:07,247 [myid:1] - INFO  [Thread-35:DatadirCleanupManager@79] - autopurge.purgeInterval set to 0
2021-11-08 11:11:07,247 [myid:1] - INFO  [Thread-35:DatadirCleanupManager@101] - Purge task is not scheduled.
2021-11-08 11:11:07,247 [myid:1] - INFO  [Thread-35:ManagedUtil@44] - Log4j 1.2 jmx support found and enabled.
2021-11-08 11:11:07,247 [myid:127.0.0.1:11258] - INFO  [main-SendThread(127.0.0.1:11258):ClientCnxn$SendThread@1173] - SASL config status: Will not attempt to authenticate using SASL (unknown error)
2021-11-08 11:11:07,247 [myid:] - INFO  [main:ClientCnxn@1726] - zookeeper.request.timeout value is 0. feature enabled=false
2021-11-08 11:11:07,247 [myid:1] - ERROR [Thread-35:ManagedUtil@109] - Problems while registering log4j 1.2 jmx beans!
javax.management.InstanceAlreadyExistsException: log4j:hierarchy=default
	at com.sun.jmx.mbeanserver.Repository.addMBean(Repository.java:437)
	at com.sun.jmx.interceptor.DefaultMBeanServerInterceptor.registerWithRepository(DefaultMBeanServerInterceptor.java:1898)
	at com.sun.jmx.interceptor.DefaultMBeanServerInterceptor.registerDynamicMBean(DefaultMBeanServerInterceptor.java:966)
	at com.sun.jmx.interceptor.DefaultMBeanServerInterceptor.registerObject(DefaultMBeanServerInterceptor.java:900)
	at com.sun.jmx.interceptor.DefaultMBeanServerInterceptor.registerMBean(DefaultMBeanServerInterceptor.java:324)
	at com.sun.jmx.mbeanserver.JmxMBeanServer.registerMBean(JmxMBeanServer.java:522)
	at org.apache.zookeeper.jmx.ManagedUtil.registerLog4jMBeans(ManagedUtil.java:72)
	at org.apache.zookeeper.server.quorum.QuorumPeerMain.runFromConfig(QuorumPeerMain.java:147)
	at org.apache.zookeeper.server.quorum.QuorumPeerMain.initializeAndRun(QuorumPeerMain.java:137)
	at org.apache.zookeeper.server.quorum.QuorumPeerTestBase$MainThread.run(QuorumPeerTestBase.java:329)
	at java.lang.Thread.run(Thread.java:745)
2021-11-08 11:11:07,247 [myid:1] - WARN  [Thread-35:QuorumPeerMain@149] - Unable to register log4j JMX control
javax.management.JMException: javax.management.InstanceAlreadyExistsException: log4j:hierarchy=default
	at org.apache.zookeeper.jmx.ManagedUtil.registerLog4jMBeans(ManagedUtil.java:110)
	at org.apache.zookeeper.server.quorum.QuorumPeerMain.runFromConfig(QuorumPeerMain.java:147)
	at org.apache.zookeeper.server.quorum.QuorumPeerMain.initializeAndRun(QuorumPeerMain.java:137)
	at org.apache.zookeeper.server.quorum.QuorumPeerTestBase$MainThread.run(QuorumPeerTestBase.java:329)
	at java.lang.Thread.run(Thread.java:745)
2021-11-08 11:11:07,247 [myid:1] - INFO  [Thread-35:QuorumPeerMain@152] - Starting quorum peer, myid=1
2021-11-08 11:11:07,248 [myid:1] - INFO  [Thread-35:ServerMetrics@62] - ServerMetrics initialized with provider org.apache.zookeeper.metrics.impl.DefaultMetricsProvider@3282ea60
2021-11-08 11:11:07,248 [myid:127.0.0.1:11258] - INFO  [main-SendThread(127.0.0.1:11258):ClientCnxn$SendThread@1005] - Socket connection established, initiating session, client: /127.0.0.1:7382, server: xmind.net/127.0.0.1:11258
2021-11-08 11:11:07,248 [myid:0] - INFO  [Thread-34:QuorumPeer@1742] - Local sessions disabled
2021-11-08 11:11:07,248 [myid:0] - INFO  [Thread-34:QuorumPeer@1753] - Local session upgrading disabled
2021-11-08 11:11:07,248 [myid:1] - INFO  [Thread-35:DigestAuthenticationProvider@61] - zookeeper.DigestAuthenticationProvider.enabled = true
2021-11-08 11:11:07,248 [myid:0] - INFO  [Thread-34:QuorumPeer@1720] - tickTime set to 4000
2021-11-08 11:11:07,248 [myid:1] - INFO  [Thread-35:ServerCnxnFactory@169] - Using org.apache.zookeeper.server.NIOServerCnxnFactory as server connection factory
2021-11-08 11:11:07,248 [myid:0] - INFO  [Thread-34:QuorumPeer@1764] - minSessionTimeout set to 8000
2021-11-08 11:11:07,248 [myid:1] - WARN  [Thread-35:ServerCnxnFactory@309] - maxCnxns is not configured, using default value 0.
2021-11-08 11:11:07,248 [myid:0] - INFO  [Thread-34:QuorumPeer@1775] - maxSessionTimeout set to 80000
2021-11-08 11:11:07,248 [myid:1] - INFO  [Thread-35:NIOServerCnxnFactory@652] - Configuring NIO connection handler with 10s sessionless connection timeout, 1 selector thread(s), 12 worker threads, and 64 kB direct buffers.
2021-11-08 11:11:07,248 [myid:0] - INFO  [Thread-34:QuorumPeer@1800] - initLimit set to 10
2021-11-08 11:11:07,248 [myid:0] - INFO  [Thread-34:QuorumPeer@1987] - syncLimit set to 5
2021-11-08 11:11:07,248 [myid:0] - INFO  [Thread-34:QuorumPeer@2002] - connectToLearnerMasterLimit set to 5
2021-11-08 11:11:07,248 [myid:] - INFO  [main:QuorumPeerTestBase$MainThread@122] - id = 2 tmpDir = D:\mysoft\faiscoGit\myStudy\ZooKeeperLearning\apache-zookeeper-3.7.0\zookeeper-server\target\surefire\test359880789551807832.junit.dir clientPort = 11264
2021-11-08 11:11:07,249 [myid:0] - INFO  [Thread-34:WatchManagerFactory@42] - Using org.apache.zookeeper.server.watch.WatchManager as watch manager
2021-11-08 11:11:07,249 [myid:1] - INFO  [Thread-35:NIOServerCnxnFactory@660] - binding to port /127.0.0.1:11261
2021-11-08 11:11:07,249 [myid:127.0.0.1:11261] - INFO  [main-SendThread(127.0.0.1:11261):ClientCnxn$SendThread@1171] - Opening socket connection to server xmind.net/127.0.0.1:11261.
2021-11-08 11:11:07,249 [myid:127.0.0.1:11261] - INFO  [main-SendThread(127.0.0.1:11261):ClientCnxn$SendThread@1173] - SASL config status: Will not attempt to authenticate using SASL (unknown error)
2021-11-08 11:11:07,249 [myid:0] - INFO  [Thread-34:WatchManagerFactory@42] - Using org.apache.zookeeper.server.watch.WatchManager as watch manager
2021-11-08 11:11:07,250 [myid:0] - INFO  [Thread-34:ZKDatabase@133] - zookeeper.snapshotSizeFactor = 0.33
2021-11-08 11:11:07,250 [myid:0] - INFO  [Thread-34:ZKDatabase@153] - zookeeper.commitLogCount=500
2021-11-08 11:11:07,250 [myid:127.0.0.1:11261] - INFO  [main-SendThread(127.0.0.1:11261):ClientCnxn$SendThread@1005] - Socket connection established, initiating session, client: /127.0.0.1:7388, server: xmind.net/127.0.0.1:11261
2021-11-08 11:11:07,250 [myid:0] - INFO  [Thread-34:QuorumPeer@2066] - Using insecure (non-TLS) quorum communication
2021-11-08 11:11:07,250 [myid:0] - INFO  [Thread-34:QuorumPeer@2072] - Port unification disabled
2021-11-08 11:11:07,250 [myid:0] - INFO  [Thread-34:QuorumPeer@179] - multiAddress.enabled set to false
2021-11-08 11:11:07,250 [myid:0] - INFO  [Thread-34:QuorumPeer@204] - multiAddress.reachabilityCheckEnabled set to true
2021-11-08 11:11:07,250 [myid:0] - INFO  [Thread-34:QuorumPeer@191] - multiAddress.reachabilityCheckTimeoutMs set to 1000
2021-11-08 11:11:07,250 [myid:0] - INFO  [Thread-34:QuorumPeer@2527] - QuorumPeer communication is not secured! (SASL auth disabled)
2021-11-08 11:11:07,250 [myid:0] - INFO  [Thread-34:QuorumPeer@2552] - quorum.cnxn.threads.size set to 20
2021-11-08 11:11:07,250 [myid:1] - INFO  [Thread-35:FileTxnSnapLog@124] - zookeeper.snapshot.trust.empty : false
2021-11-08 11:11:07,250 [myid:0] - INFO  [Thread-34:FileTxnSnapLog@479] - Snapshotting: 0x0 to D:\mysoft\faiscoGit\myStudy\ZooKeeperLearning\apache-zookeeper-3.7.0\zookeeper-server\target\surefire\test7588453471776350538.junit.dir\data\version-2\snapshot.0
2021-11-08 11:11:07,250 [myid:1] - INFO  [Thread-35:QuorumPeer@1742] - Local sessions disabled
2021-11-08 11:11:07,251 [myid:1] - INFO  [Thread-35:QuorumPeer@1753] - Local session upgrading disabled
2021-11-08 11:11:07,251 [myid:1] - INFO  [Thread-35:QuorumPeer@1720] - tickTime set to 4000
2021-11-08 11:11:07,251 [myid:1] - INFO  [Thread-35:QuorumPeer@1764] - minSessionTimeout set to 8000
2021-11-08 11:11:07,251 [myid:1] - INFO  [Thread-35:QuorumPeer@1775] - maxSessionTimeout set to 80000
2021-11-08 11:11:07,251 [myid:1] - INFO  [Thread-35:QuorumPeer@1800] - initLimit set to 10
2021-11-08 11:11:07,251 [myid:1] - INFO  [Thread-35:QuorumPeer@1987] - syncLimit set to 5
2021-11-08 11:11:07,251 [myid:1] - INFO  [Thread-35:QuorumPeer@2002] - connectToLearnerMasterLimit set to 5
2021-11-08 11:11:07,251 [myid:1] - INFO  [Thread-35:WatchManagerFactory@42] - Using org.apache.zookeeper.server.watch.WatchManager as watch manager
2021-11-08 11:11:07,251 [myid:1] - INFO  [Thread-35:WatchManagerFactory@42] - Using org.apache.zookeeper.server.watch.WatchManager as watch manager
2021-11-08 11:11:07,251 [myid:1] - INFO  [Thread-35:ZKDatabase@133] - zookeeper.snapshotSizeFactor = 0.33
2021-11-08 11:11:07,251 [myid:1] - INFO  [Thread-35:ZKDatabase@153] - zookeeper.commitLogCount=500
2021-11-08 11:11:07,251 [myid:0] - INFO  [Thread-34:ZKDatabase@290] - Snapshot loaded in 0 ms, highest zxid is 0x0, digest is 1371985504
2021-11-08 11:11:07,251 [myid:1] - INFO  [Thread-35:QuorumPeer@2066] - Using insecure (non-TLS) quorum communication
2021-11-08 11:11:07,251 [myid:1] - INFO  [Thread-35:QuorumPeer@2072] - Port unification disabled
2021-11-08 11:11:07,251 [myid:1] - INFO  [Thread-35:QuorumPeer@179] - multiAddress.enabled set to false
2021-11-08 11:11:07,251 [myid:1] - INFO  [Thread-35:QuorumPeer@204] - multiAddress.reachabilityCheckEnabled set to true
2021-11-08 11:11:07,251 [myid:1] - INFO  [Thread-35:QuorumPeer@191] - multiAddress.reachabilityCheckTimeoutMs set to 1000
2021-11-08 11:11:07,251 [myid:1] - INFO  [Thread-35:QuorumPeer@2527] - QuorumPeer communication is not secured! (SASL auth disabled)
2021-11-08 11:11:07,251 [myid:1] - INFO  [Thread-35:QuorumPeer@2552] - quorum.cnxn.threads.size set to 20
2021-11-08 11:11:07,251 [myid:0] - INFO  [Thread-34:QuorumPeer@1157] - currentEpoch not found! Creating with a reasonable default of 0. This should only happen when you are upgrading your installation
2021-11-08 11:11:07,251 [myid:] - INFO  [main:ZooKeeper@637] - Initiating client connection, connectString=127.0.0.1:11264 sessionTimeout=30000 watcher=org.apache.zookeeper.server.quorum.QuorumDigestTest@359f7cdf
2021-11-08 11:11:07,252 [myid:1] - INFO  [Thread-35:FileTxnSnapLog@479] - Snapshotting: 0x0 to D:\mysoft\faiscoGit\myStudy\ZooKeeperLearning\apache-zookeeper-3.7.0\zookeeper-server\target\surefire\test5649504673946823597.junit.dir\data\version-2\snapshot.0
2021-11-08 11:11:07,252 [myid:] - INFO  [main:ClientCnxnSocket@239] - jute.maxbuffer value is 1048575 Bytes
2021-11-08 11:11:07,252 [myid:] - INFO  [main:ClientCnxn@1726] - zookeeper.request.timeout value is 0. feature enabled=false
2021-11-08 11:11:07,253 [myid:] - INFO  [Thread-36:QuorumPeerConfig@174] - Reading configuration from: D:\mysoft\faiscoGit\myStudy\ZooKeeperLearning\apache-zookeeper-3.7.0\zookeeper-server\target\surefire\test359880789551807832.junit.dir\zoo.cfg
2021-11-08 11:11:07,254 [myid:] - INFO  [Thread-36:QuorumPeerConfig@444] - clientPortAddress is 0.0.0.0:11264
2021-11-08 11:11:07,254 [myid:] - INFO  [Thread-36:QuorumPeerConfig@448] - secureClientPort is not set
2021-11-08 11:11:07,254 [myid:] - INFO  [Thread-36:QuorumPeerConfig@464] - observerMasterPort is not set
2021-11-08 11:11:07,254 [myid:] - INFO  [Thread-36:QuorumPeerConfig@481] - metricsProvider.className is org.apache.zookeeper.metrics.impl.DefaultMetricsProvider
2021-11-08 11:11:07,254 [myid:127.0.0.1:11264] - INFO  [main-SendThread(127.0.0.1:11264):ClientCnxn$SendThread@1171] - Opening socket connection to server xmind.net/127.0.0.1:11264.
2021-11-08 11:11:07,254 [myid:127.0.0.1:11264] - INFO  [main-SendThread(127.0.0.1:11264):ClientCnxn$SendThread@1173] - SASL config status: Will not attempt to authenticate using SASL (unknown error)
2021-11-08 11:11:07,254 [myid:2] - INFO  [Thread-36:DatadirCleanupManager@78] - autopurge.snapRetainCount set to 3
2021-11-08 11:11:07,254 [myid:2] - INFO  [Thread-36:DatadirCleanupManager@79] - autopurge.purgeInterval set to 0
2021-11-08 11:11:07,254 [myid:2] - INFO  [Thread-36:DatadirCleanupManager@101] - Purge task is not scheduled.
2021-11-08 11:11:07,254 [myid:2] - INFO  [Thread-36:ManagedUtil@44] - Log4j 1.2 jmx support found and enabled.
2021-11-08 11:11:07,255 [myid:2] - ERROR [Thread-36:ManagedUtil@109] - Problems while registering log4j 1.2 jmx beans!
javax.management.InstanceAlreadyExistsException: log4j:hierarchy=default
	at com.sun.jmx.mbeanserver.Repository.addMBean(Repository.java:437)
	at com.sun.jmx.interceptor.DefaultMBeanServerInterceptor.registerWithRepository(DefaultMBeanServerInterceptor.java:1898)
	at com.sun.jmx.interceptor.DefaultMBeanServerInterceptor.registerDynamicMBean(DefaultMBeanServerInterceptor.java:966)
	at com.sun.jmx.interceptor.DefaultMBeanServerInterceptor.registerObject(DefaultMBeanServerInterceptor.java:900)
	at com.sun.jmx.interceptor.DefaultMBeanServerInterceptor.registerMBean(DefaultMBeanServerInterceptor.java:324)
	at com.sun.jmx.mbeanserver.JmxMBeanServer.registerMBean(JmxMBeanServer.java:522)
	at org.apache.zookeeper.jmx.ManagedUtil.registerLog4jMBeans(ManagedUtil.java:72)
	at org.apache.zookeeper.server.quorum.QuorumPeerMain.runFromConfig(QuorumPeerMain.java:147)
	at org.apache.zookeeper.server.quorum.QuorumPeerMain.initializeAndRun(QuorumPeerMain.java:137)
	at org.apache.zookeeper.server.quorum.QuorumPeerTestBase$MainThread.run(QuorumPeerTestBase.java:329)
	at java.lang.Thread.run(Thread.java:745)
2021-11-08 11:11:07,255 [myid:2] - WARN  [Thread-36:QuorumPeerMain@149] - Unable to register log4j JMX control
javax.management.JMException: javax.management.InstanceAlreadyExistsException: log4j:hierarchy=default
	at org.apache.zookeeper.jmx.ManagedUtil.registerLog4jMBeans(ManagedUtil.java:110)
	at org.apache.zookeeper.server.quorum.QuorumPeerMain.runFromConfig(QuorumPeerMain.java:147)
	at org.apache.zookeeper.server.quorum.QuorumPeerMain.initializeAndRun(QuorumPeerMain.java:137)
	at org.apache.zookeeper.server.quorum.QuorumPeerTestBase$MainThread.run(QuorumPeerTestBase.java:329)
	at java.lang.Thread.run(Thread.java:745)
2021-11-08 11:11:07,255 [myid:2] - INFO  [Thread-36:QuorumPeerMain@152] - Starting quorum peer, myid=2
2021-11-08 11:11:07,255 [myid:2] - INFO  [Thread-36:ServerMetrics@62] - ServerMetrics initialized with provider org.apache.zookeeper.metrics.impl.DefaultMetricsProvider@36027075
2021-11-08 11:11:07,255 [myid:2] - INFO  [Thread-36:DigestAuthenticationProvider@61] - zookeeper.DigestAuthenticationProvider.enabled = true
2021-11-08 11:11:07,255 [myid:2] - INFO  [Thread-36:ServerCnxnFactory@169] - Using org.apache.zookeeper.server.NIOServerCnxnFactory as server connection factory
2021-11-08 11:11:07,255 [myid:2] - WARN  [Thread-36:ServerCnxnFactory@309] - maxCnxns is not configured, using default value 0.
2021-11-08 11:11:07,255 [myid:2] - INFO  [Thread-36:NIOServerCnxnFactory@652] - Configuring NIO connection handler with 10s sessionless connection timeout, 1 selector thread(s), 12 worker threads, and 64 kB direct buffers.
2021-11-08 11:11:07,255 [myid:0] - INFO  [Thread-34:QuorumPeer@1177] - acceptedEpoch not found! Creating with a reasonable default of 0. This should only happen when you are upgrading your installation
2021-11-08 11:11:07,256 [myid:2] - INFO  [Thread-36:NIOServerCnxnFactory@660] - binding to port /127.0.0.1:11264
2021-11-08 11:11:07,256 [myid:2] - INFO  [Thread-36:FileTxnSnapLog@124] - zookeeper.snapshot.trust.empty : false
2021-11-08 11:11:07,257 [myid:] - INFO  [main:QuorumPeerTestBase$MainThread@122] - id = 3 tmpDir = D:\mysoft\faiscoGit\myStudy\ZooKeeperLearning\apache-zookeeper-3.7.0\zookeeper-server\target\surefire\test8602962684444521479.junit.dir clientPort = 11267
2021-11-08 11:11:07,257 [myid:2] - INFO  [Thread-36:QuorumPeer@1742] - Local sessions disabled
2021-11-08 11:11:07,257 [myid:1] - INFO  [Thread-35:ZKDatabase@290] - Snapshot loaded in 6 ms, highest zxid is 0x0, digest is 1371985504
2021-11-08 11:11:07,258 [myid:2] - INFO  [Thread-36:QuorumPeer@1753] - Local session upgrading disabled
2021-11-08 11:11:07,258 [myid:2] - INFO  [Thread-36:QuorumPeer@1720] - tickTime set to 4000
2021-11-08 11:11:07,258 [myid:2] - INFO  [Thread-36:QuorumPeer@1764] - minSessionTimeout set to 8000
2021-11-08 11:11:07,258 [myid:1] - INFO  [Thread-35:QuorumPeer@1157] - currentEpoch not found! Creating with a reasonable default of 0. This should only happen when you are upgrading your installation
2021-11-08 11:11:07,258 [myid:2] - INFO  [Thread-36:QuorumPeer@1775] - maxSessionTimeout set to 80000
2021-11-08 11:11:07,258 [myid:2] - INFO  [Thread-36:QuorumPeer@1800] - initLimit set to 10
2021-11-08 11:11:07,258 [myid:2] - INFO  [Thread-36:QuorumPeer@1987] - syncLimit set to 5
2021-11-08 11:11:07,258 [myid:2] - INFO  [Thread-36:QuorumPeer@2002] - connectToLearnerMasterLimit set to 5
2021-11-08 11:11:07,258 [myid:2] - INFO  [Thread-36:WatchManagerFactory@42] - Using org.apache.zookeeper.server.watch.WatchManager as watch manager
2021-11-08 11:11:07,258 [myid:2] - INFO  [Thread-36:WatchManagerFactory@42] - Using org.apache.zookeeper.server.watch.WatchManager as watch manager
2021-11-08 11:11:07,258 [myid:2] - INFO  [Thread-36:ZKDatabase@133] - zookeeper.snapshotSizeFactor = 0.33
2021-11-08 11:11:07,258 [myid:2] - INFO  [Thread-36:ZKDatabase@153] - zookeeper.commitLogCount=500
2021-11-08 11:11:07,258 [myid:2] - INFO  [Thread-36:QuorumPeer@2066] - Using insecure (non-TLS) quorum communication
2021-11-08 11:11:07,258 [myid:2] - INFO  [Thread-36:QuorumPeer@2072] - Port unification disabled
2021-11-08 11:11:07,258 [myid:2] - INFO  [Thread-36:QuorumPeer@179] - multiAddress.enabled set to false
2021-11-08 11:11:07,258 [myid:2] - INFO  [Thread-36:QuorumPeer@204] - multiAddress.reachabilityCheckEnabled set to true
2021-11-08 11:11:07,258 [myid:2] - INFO  [Thread-36:QuorumPeer@191] - multiAddress.reachabilityCheckTimeoutMs set to 1000
2021-11-08 11:11:07,258 [myid:2] - INFO  [Thread-36:QuorumPeer@2527] - QuorumPeer communication is not secured! (SASL auth disabled)
2021-11-08 11:11:07,258 [myid:2] - INFO  [Thread-36:QuorumPeer@2552] - quorum.cnxn.threads.size set to 20
2021-11-08 11:11:07,259 [myid:0] - INFO  [Thread-34:QuorumPeer@2569] - Using 20000ms as the quorum cnxn socket timeout
2021-11-08 11:11:07,259 [myid:0] - INFO  [Thread-34:QuorumCnxManager$Listener@924] - Election port bind maximum retries is 3
2021-11-08 11:11:07,259 [myid:2] - INFO  [Thread-36:FileTxnSnapLog@479] - Snapshotting: 0x0 to D:\mysoft\faiscoGit\myStudy\ZooKeeperLearning\apache-zookeeper-3.7.0\zookeeper-server\target\surefire\test359880789551807832.junit.dir\data\version-2\snapshot.0
2021-11-08 11:11:07,260 [myid:2] - INFO  [Thread-36:ZKDatabase@290] - Snapshot loaded in 1 ms, highest zxid is 0x0, digest is 1371985504
2021-11-08 11:11:07,260 [myid:2] - INFO  [Thread-36:QuorumPeer@1157] - currentEpoch not found! Creating with a reasonable default of 0. This should only happen when you are upgrading your installation
2021-11-08 11:11:07,261 [myid:0] - WARN  [NIOWorkerThread-1:NIOServerCnxn@380] - Close of session 0x0
java.io.IOException: ZooKeeperServer not running
	at org.apache.zookeeper.server.NIOServerCnxn.readLength(NIOServerCnxn.java:554)
	at org.apache.zookeeper.server.NIOServerCnxn.doIO(NIOServerCnxn.java:339)
	at org.apache.zookeeper.server.NIOServerCnxnFactory$IOWorkRequest.doWork(NIOServerCnxnFactory.java:508)
	at org.apache.zookeeper.server.WorkerService$ScheduledWorkRequest.run(WorkerService.java:154)
	at java.util.concurrent.ThreadPoolExecutor.runWorker(ThreadPoolExecutor.java:1142)
	at java.util.concurrent.ThreadPoolExecutor$Worker.run(ThreadPoolExecutor.java:617)
	at java.lang.Thread.run(Thread.java:745)
2021-11-08 11:11:07,261 [myid:0] - INFO  [QuorumPeer[myid=0](plain=127.0.0.1:11258)(secure=disabled):QuorumPeer@1430] - LOOKING
2021-11-08 11:11:07,261 [myid:127.0.0.1:11258] - WARN  [main-SendThread(127.0.0.1:11258):ClientCnxn$SendThread@1290] - Session 0x0 for sever xmind.net/127.0.0.1:11258, Closing socket connection. Attempting reconnect except it is a SessionExpiredException.
EndOfStreamException: Unable to read additional data from server sessionid 0x0, likely server has closed socket
	at org.apache.zookeeper.ClientCnxnSocketNIO.doIO(ClientCnxnSocketNIO.java:77)
	at org.apache.zookeeper.ClientCnxnSocketNIO.doTransport(ClientCnxnSocketNIO.java:350)
	at org.apache.zookeeper.ClientCnxn$SendThread.run(ClientCnxn.java:1280)
2021-11-08 11:11:07,261 [myid:0] - INFO  [QuorumPeer[myid=0](plain=127.0.0.1:11258)(secure=disabled):FastLeaderElection@947] - New election. My id = 0, proposed zxid=0x0
2021-11-08 11:11:07,261 [myid:] - INFO  [main:ZooKeeper@637] - Initiating client connection, connectString=127.0.0.1:11267 sessionTimeout=30000 watcher=org.apache.zookeeper.server.quorum.QuorumDigestTest@359f7cdf
2021-11-08 11:11:07,262 [myid:0] - INFO  [ListenerHandler-/127.0.0.1:11260:QuorumCnxManager$Listener$ListenerHandler@1066] - 0 is accepting connections now, my election bind port: /127.0.0.1:11260
2021-11-08 11:11:07,262 [myid:0] - INFO  [WorkerReceiver[myid=0]:FastLeaderElection$Messenger$WorkerReceiver@390] - Notification: my state:LOOKING; n.sid:0, n.state:LOOKING, n.leader:0, n.round:0x1, n.peerEpoch:0x0, n.zxid:0x0, message format version:0x2, n.config version:0x0
2021-11-08 11:11:07,262 [myid:] - INFO  [main:ClientCnxnSocket@239] - jute.maxbuffer value is 1048575 Bytes
2021-11-08 11:11:07,263 [myid:] - INFO  [main:ClientCnxn@1726] - zookeeper.request.timeout value is 0. feature enabled=false
2021-11-08 11:11:07,263 [myid:2] - INFO  [Thread-36:QuorumPeer@1177] - acceptedEpoch not found! Creating with a reasonable default of 0. This should only happen when you are upgrading your installation
2021-11-08 11:11:07,264 [myid:] - INFO  [Thread-37:QuorumPeerConfig@174] - Reading configuration from: D:\mysoft\faiscoGit\myStudy\ZooKeeperLearning\apache-zookeeper-3.7.0\zookeeper-server\target\surefire\test8602962684444521479.junit.dir\zoo.cfg
2021-11-08 11:11:07,264 [myid:1] - INFO  [Thread-35:QuorumPeer@1177] - acceptedEpoch not found! Creating with a reasonable default of 0. This should only happen when you are upgrading your installation
2021-11-08 11:11:07,265 [myid:] - INFO  [Thread-37:QuorumPeerConfig@444] - clientPortAddress is 0.0.0.0:11267
2021-11-08 11:11:07,265 [myid:] - INFO  [Thread-37:QuorumPeerConfig@448] - secureClientPort is not set
2021-11-08 11:11:07,265 [myid:] - INFO  [Thread-37:QuorumPeerConfig@464] - observerMasterPort is not set
2021-11-08 11:11:07,265 [myid:] - INFO  [Thread-37:QuorumPeerConfig@481] - metricsProvider.className is org.apache.zookeeper.metrics.impl.DefaultMetricsProvider
2021-11-08 11:11:07,265 [myid:3] - WARN  [Thread-37:QuorumPeerConfig@778] - Peer type from servers list (OBSERVER) doesn't match peerType (PARTICIPANT). Defaulting to servers list.
2021-11-08 11:11:07,266 [myid:3] - INFO  [Thread-37:DatadirCleanupManager@78] - autopurge.snapRetainCount set to 3
2021-11-08 11:11:07,266 [myid:3] - INFO  [Thread-37:DatadirCleanupManager@79] - autopurge.purgeInterval set to 0
2021-11-08 11:11:07,266 [myid:3] - INFO  [Thread-37:DatadirCleanupManager@101] - Purge task is not scheduled.
2021-11-08 11:11:07,266 [myid:127.0.0.1:11267] - INFO  [main-SendThread(127.0.0.1:11267):ClientCnxn$SendThread@1171] - Opening socket connection to server xmind.net/127.0.0.1:11267.
2021-11-08 11:11:07,266 [myid:3] - INFO  [Thread-37:ManagedUtil@44] - Log4j 1.2 jmx support found and enabled.
2021-11-08 11:11:07,266 [myid:127.0.0.1:11267] - INFO  [main-SendThread(127.0.0.1:11267):ClientCnxn$SendThread@1173] - SASL config status: Will not attempt to authenticate using SASL (unknown error)
2021-11-08 11:11:07,266 [myid:3] - ERROR [Thread-37:ManagedUtil@109] - Problems while registering log4j 1.2 jmx beans!
javax.management.InstanceAlreadyExistsException: log4j:hierarchy=default
	at com.sun.jmx.mbeanserver.Repository.addMBean(Repository.java:437)
	at com.sun.jmx.interceptor.DefaultMBeanServerInterceptor.registerWithRepository(DefaultMBeanServerInterceptor.java:1898)
	at com.sun.jmx.interceptor.DefaultMBeanServerInterceptor.registerDynamicMBean(DefaultMBeanServerInterceptor.java:966)
	at com.sun.jmx.interceptor.DefaultMBeanServerInterceptor.registerObject(DefaultMBeanServerInterceptor.java:900)
	at com.sun.jmx.interceptor.DefaultMBeanServerInterceptor.registerMBean(DefaultMBeanServerInterceptor.java:324)
	at com.sun.jmx.mbeanserver.JmxMBeanServer.registerMBean(JmxMBeanServer.java:522)
	at org.apache.zookeeper.jmx.ManagedUtil.registerLog4jMBeans(ManagedUtil.java:72)
	at org.apache.zookeeper.server.quorum.QuorumPeerMain.runFromConfig(QuorumPeerMain.java:147)
	at org.apache.zookeeper.server.quorum.QuorumPeerMain.initializeAndRun(QuorumPeerMain.java:137)
	at org.apache.zookeeper.server.quorum.QuorumPeerTestBase$MainThread.run(QuorumPeerTestBase.java:329)
	at java.lang.Thread.run(Thread.java:745)
2021-11-08 11:11:07,266 [myid:3] - WARN  [Thread-37:QuorumPeerMain@149] - Unable to register log4j JMX control
javax.management.JMException: javax.management.InstanceAlreadyExistsException: log4j:hierarchy=default
	at org.apache.zookeeper.jmx.ManagedUtil.registerLog4jMBeans(ManagedUtil.java:110)
	at org.apache.zookeeper.server.quorum.QuorumPeerMain.runFromConfig(QuorumPeerMain.java:147)
	at org.apache.zookeeper.server.quorum.QuorumPeerMain.initializeAndRun(QuorumPeerMain.java:137)
	at org.apache.zookeeper.server.quorum.QuorumPeerTestBase$MainThread.run(QuorumPeerTestBase.java:329)
	at java.lang.Thread.run(Thread.java:745)
2021-11-08 11:11:07,266 [myid:3] - INFO  [Thread-37:QuorumPeerMain@152] - Starting quorum peer, myid=3
2021-11-08 11:11:07,266 [myid:3] - INFO  [Thread-37:ServerMetrics@62] - ServerMetrics initialized with provider org.apache.zookeeper.metrics.impl.DefaultMetricsProvider@348abdd6
2021-11-08 11:11:07,266 [myid:3] - INFO  [Thread-37:DigestAuthenticationProvider@61] - zookeeper.DigestAuthenticationProvider.enabled = true
2021-11-08 11:11:07,266 [myid:3] - INFO  [Thread-37:ServerCnxnFactory@169] - Using org.apache.zookeeper.server.NIOServerCnxnFactory as server connection factory
2021-11-08 11:11:07,266 [myid:3] - WARN  [Thread-37:ServerCnxnFactory@309] - maxCnxns is not configured, using default value 0.
2021-11-08 11:11:07,266 [myid:3] - INFO  [Thread-37:NIOServerCnxnFactory@652] - Configuring NIO connection handler with 10s sessionless connection timeout, 1 selector thread(s), 12 worker threads, and 64 kB direct buffers.
2021-11-08 11:11:07,267 [myid:3] - INFO  [Thread-37:NIOServerCnxnFactory@660] - binding to port /127.0.0.1:11267
2021-11-08 11:11:07,267 [myid:2] - INFO  [Thread-36:QuorumPeer@2569] - Using 20000ms as the quorum cnxn socket timeout
2021-11-08 11:11:07,267 [myid:2] - INFO  [Thread-36:QuorumCnxManager$Listener@924] - Election port bind maximum retries is 3
2021-11-08 11:11:07,268 [myid:3] - INFO  [Thread-37:FileTxnSnapLog@124] - zookeeper.snapshot.trust.empty : false
2021-11-08 11:11:07,269 [myid:1] - INFO  [Thread-35:QuorumPeer@2569] - Using 20000ms as the quorum cnxn socket timeout
2021-11-08 11:11:07,269 [myid:3] - INFO  [Thread-37:QuorumPeer@1742] - Local sessions disabled
2021-11-08 11:11:07,269 [myid:1] - INFO  [Thread-35:QuorumCnxManager$Listener@924] - Election port bind maximum retries is 3
2021-11-08 11:11:07,269 [myid:2] - INFO  [ListenerHandler-/127.0.0.1:11266:QuorumCnxManager$Listener$ListenerHandler@1066] - 2 is accepting connections now, my election bind port: /127.0.0.1:11266
2021-11-08 11:11:07,269 [myid:3] - INFO  [Thread-37:QuorumPeer@1753] - Local session upgrading disabled
2021-11-08 11:11:07,269 [myid:3] - INFO  [Thread-37:QuorumPeer@1720] - tickTime set to 4000
2021-11-08 11:11:07,269 [myid:3] - INFO  [Thread-37:QuorumPeer@1764] - minSessionTimeout set to 8000
2021-11-08 11:11:07,269 [myid:3] - INFO  [Thread-37:QuorumPeer@1775] - maxSessionTimeout set to 80000
2021-11-08 11:11:07,269 [myid:3] - INFO  [Thread-37:QuorumPeer@1800] - initLimit set to 10
2021-11-08 11:11:07,269 [myid:3] - INFO  [Thread-37:QuorumPeer@1987] - syncLimit set to 5
2021-11-08 11:11:07,269 [myid:3] - INFO  [Thread-37:QuorumPeer@2002] - connectToLearnerMasterLimit set to 5
2021-11-08 11:11:07,269 [myid:2] - INFO  [QuorumPeer[myid=2](plain=127.0.0.1:11264)(secure=disabled):QuorumPeer@1430] - LOOKING
2021-11-08 11:11:07,270 [myid:3] - INFO  [Thread-37:WatchManagerFactory@42] - Using org.apache.zookeeper.server.watch.WatchManager as watch manager
2021-11-08 11:11:07,270 [myid:3] - INFO  [Thread-37:WatchManagerFactory@42] - Using org.apache.zookeeper.server.watch.WatchManager as watch manager
2021-11-08 11:11:07,270 [myid:3] - INFO  [Thread-37:ZKDatabase@133] - zookeeper.snapshotSizeFactor = 0.33
2021-11-08 11:11:07,270 [myid:3] - INFO  [Thread-37:ZKDatabase@153] - zookeeper.commitLogCount=500
2021-11-08 11:11:07,270 [myid:3] - INFO  [Thread-37:QuorumPeer@2066] - Using insecure (non-TLS) quorum communication
2021-11-08 11:11:07,270 [myid:3] - INFO  [Thread-37:QuorumPeer@2072] - Port unification disabled
2021-11-08 11:11:07,270 [myid:2] - INFO  [QuorumPeer[myid=2](plain=127.0.0.1:11264)(secure=disabled):FastLeaderElection@947] - New election. My id = 2, proposed zxid=0x0
2021-11-08 11:11:07,271 [myid:1] - INFO  [QuorumPeer[myid=1](plain=127.0.0.1:11261)(secure=disabled):QuorumPeer@1430] - LOOKING
2021-11-08 11:11:07,271 [myid:1] - INFO  [ListenerHandler-/127.0.0.1:11263:QuorumCnxManager$Listener$ListenerHandler@1066] - 1 is accepting connections now, my election bind port: /127.0.0.1:11263
2021-11-08 11:11:07,270 [myid:3] - INFO  [Thread-37:QuorumPeer@179] - multiAddress.enabled set to false
2021-11-08 11:11:07,271 [myid:3] - INFO  [Thread-37:QuorumPeer@204] - multiAddress.reachabilityCheckEnabled set to true
2021-11-08 11:11:07,271 [myid:3] - INFO  [Thread-37:QuorumPeer@191] - multiAddress.reachabilityCheckTimeoutMs set to 1000
2021-11-08 11:11:07,271 [myid:3] - INFO  [Thread-37:QuorumPeer@2527] - QuorumPeer communication is not secured! (SASL auth disabled)
2021-11-08 11:11:07,271 [myid:3] - INFO  [Thread-37:QuorumPeer@2552] - quorum.cnxn.threads.size set to 20
2021-11-08 11:11:07,271 [myid:1] - INFO  [QuorumPeer[myid=1](plain=127.0.0.1:11261)(secure=disabled):FastLeaderElection@947] - New election. My id = 1, proposed zxid=0x0
2021-11-08 11:11:07,271 [myid:3] - INFO  [Thread-37:FileTxnSnapLog@479] - Snapshotting: 0x0 to D:\mysoft\faiscoGit\myStudy\ZooKeeperLearning\apache-zookeeper-3.7.0\zookeeper-server\target\surefire\test8602962684444521479.junit.dir\data\version-2\snapshot.0
2021-11-08 11:11:07,271 [myid:2] - INFO  [WorkerReceiver[myid=2]:FastLeaderElection$Messenger$WorkerReceiver@390] - Notification: my state:LOOKING; n.sid:2, n.state:LOOKING, n.leader:2, n.round:0x1, n.peerEpoch:0x0, n.zxid:0x0, message format version:0x2, n.config version:0x0
2021-11-08 11:11:07,271 [myid:0] - INFO  [ListenerHandler-/127.0.0.1:11260:QuorumCnxManager$Listener$ListenerHandler@1071] - Received connection request from /127.0.0.1:7418
2021-11-08 11:11:07,271 [myid:1] - WARN  [NIOWorkerThread-1:NIOServerCnxn@380] - Close of session 0x0
java.io.IOException: ZooKeeperServer not running
	at org.apache.zookeeper.server.NIOServerCnxn.readLength(NIOServerCnxn.java:554)
	at org.apache.zookeeper.server.NIOServerCnxn.doIO(NIOServerCnxn.java:339)
	at org.apache.zookeeper.server.NIOServerCnxnFactory$IOWorkRequest.doWork(NIOServerCnxnFactory.java:508)
	at org.apache.zookeeper.server.WorkerService$ScheduledWorkRequest.run(WorkerService.java:154)
	at java.util.concurrent.ThreadPoolExecutor.runWorker(ThreadPoolExecutor.java:1142)
	at java.util.concurrent.ThreadPoolExecutor$Worker.run(ThreadPoolExecutor.java:617)
	at java.lang.Thread.run(Thread.java:745)
2021-11-08 11:11:07,272 [myid:127.0.0.1:11261] - WARN  [main-SendThread(127.0.0.1:11261):ClientCnxn$SendThread@1290] - Session 0x0 for sever xmind.net/127.0.0.1:11261, Closing socket connection. Attempting reconnect except it is a SessionExpiredException.
EndOfStreamException: Unable to read additional data from server sessionid 0x0, likely server has closed socket
	at org.apache.zookeeper.ClientCnxnSocketNIO.doIO(ClientCnxnSocketNIO.java:77)
	at org.apache.zookeeper.ClientCnxnSocketNIO.doTransport(ClientCnxnSocketNIO.java:350)
	at org.apache.zookeeper.ClientCnxn$SendThread.run(ClientCnxn.java:1280)
2021-11-08 11:11:07,273 [myid:0] - INFO  [WorkerReceiver[myid=0]:FastLeaderElection$Messenger$WorkerReceiver@390] - Notification: my state:LOOKING; n.sid:2, n.state:LOOKING, n.leader:2, n.round:0x1, n.peerEpoch:0x0, n.zxid:0x0, message format version:0x2, n.config version:0x0
2021-11-08 11:11:07,273 [myid:1] - INFO  [WorkerReceiver[myid=1]:FastLeaderElection$Messenger$WorkerReceiver@390] - Notification: my state:LOOKING; n.sid:1, n.state:LOOKING, n.leader:1, n.round:0x1, n.peerEpoch:0x0, n.zxid:0x0, message format version:0x2, n.config version:0x0
2021-11-08 11:11:07,273 [myid:1] - INFO  [ListenerHandler-/127.0.0.1:11263:QuorumCnxManager$Listener$ListenerHandler@1071] - Received connection request from /127.0.0.1:7419
2021-11-08 11:11:07,273 [myid:0] - INFO  [WorkerReceiver[myid=0]:FastLeaderElection$Messenger$WorkerReceiver@390] - Notification: my state:LOOKING; n.sid:0, n.state:LOOKING, n.leader:2, n.round:0x1, n.peerEpoch:0x0, n.zxid:0x0, message format version:0x2, n.config version:0x0
2021-11-08 11:11:07,273 [myid:3] - INFO  [Thread-37:ZKDatabase@290] - Snapshot loaded in 3 ms, highest zxid is 0x0, digest is 1371985504
2021-11-08 11:11:07,274 [myid:3] - INFO  [Thread-37:QuorumPeer@1157] - currentEpoch not found! Creating with a reasonable default of 0. This should only happen when you are upgrading your installation
2021-11-08 11:11:07,274 [myid:2] - INFO  [ListenerHandler-/127.0.0.1:11266:QuorumCnxManager$Listener$ListenerHandler@1071] - Received connection request from /127.0.0.1:7420
2021-11-08 11:11:07,274 [myid:1] - INFO  [QuorumConnectionThread-[myid=1]-2:QuorumCnxManager@514] - Have smaller server identifier, so dropping the connection: (myId:1 --> sid:2)
2021-11-08 11:11:07,276 [myid:2] - WARN  [RecvWorker:1:QuorumCnxManager$RecvWorker@1403] - Interrupting SendWorker thread from RecvWorker. sid: 1. myId: 2
2021-11-08 11:11:07,276 [myid:2] - INFO  [WorkerReceiver[myid=2]:FastLeaderElection$Messenger$WorkerReceiver@390] - Notification: my state:LOOKING; n.sid:0, n.state:LOOKING, n.leader:0, n.round:0x1, n.peerEpoch:0x0, n.zxid:0x0, message format version:0x2, n.config version:0x0
2021-11-08 11:11:07,276 [myid:2] - WARN  [SendWorker:1:QuorumCnxManager$SendWorker@1295] - Send worker leaving thread id 1 my id = 2
2021-11-08 11:11:07,276 [myid:0] - INFO  [ListenerHandler-/127.0.0.1:11260:QuorumCnxManager$Listener$ListenerHandler@1071] - Received connection request from /127.0.0.1:7421
2021-11-08 11:11:07,276 [myid:2] - INFO  [WorkerReceiver[myid=2]:FastLeaderElection$Messenger$WorkerReceiver@390] - Notification: my state:LOOKING; n.sid:0, n.state:LOOKING, n.leader:2, n.round:0x1, n.peerEpoch:0x0, n.zxid:0x0, message format version:0x2, n.config version:0x0
2021-11-08 11:11:07,279 [myid:1] - WARN  [RecvWorker:2:QuorumCnxManager$RecvWorker@1397] - Connection broken for id 2, my id = 1
java.net.SocketException: Software caused connection abort: recv failed
	at java.net.SocketInputStream.socketRead0(Native Method)
	at java.net.SocketInputStream.read(SocketInputStream.java:150)
	at java.net.SocketInputStream.read(SocketInputStream.java:121)
	at java.io.BufferedInputStream.fill(BufferedInputStream.java:246)
	at java.io.BufferedInputStream.read(BufferedInputStream.java:265)
	at java.io.DataInputStream.readInt(DataInputStream.java:387)
	at org.apache.zookeeper.server.quorum.QuorumCnxManager$RecvWorker.run(QuorumCnxManager.java:1385)
2021-11-08 11:11:07,279 [myid:1] - WARN  [RecvWorker:2:QuorumCnxManager$RecvWorker@1403] - Interrupting SendWorker thread from RecvWorker. sid: 2. myId: 1
2021-11-08 11:11:07,279 [myid:1] - WARN  [SendWorker:2:QuorumCnxManager$SendWorker@1283] - Interrupted while waiting for message on queue
java.lang.InterruptedException
	at java.util.concurrent.locks.AbstractQueuedSynchronizer$ConditionObject.reportInterruptAfterWait(AbstractQueuedSynchronizer.java:2014)
	at java.util.concurrent.locks.AbstractQueuedSynchronizer$ConditionObject.awaitNanos(AbstractQueuedSynchronizer.java:2088)
	at org.apache.zookeeper.util.CircularBlockingQueue.poll(CircularBlockingQueue.java:105)
	at org.apache.zookeeper.server.quorum.QuorumCnxManager.pollSendQueue(QuorumCnxManager.java:1448)
	at org.apache.zookeeper.server.quorum.QuorumCnxManager.access$900(QuorumCnxManager.java:99)
	at org.apache.zookeeper.server.quorum.QuorumCnxManager$SendWorker.run(QuorumCnxManager.java:1272)
2021-11-08 11:11:07,279 [myid:1] - WARN  [SendWorker:2:QuorumCnxManager$SendWorker@1295] - Send worker leaving thread id 2 my id = 1
2021-11-08 11:11:07,279 [myid:1] - INFO  [WorkerReceiver[myid=1]:FastLeaderElection$Messenger$WorkerReceiver@390] - Notification: my state:LOOKING; n.sid:0, n.state:LOOKING, n.leader:2, n.round:0x1, n.peerEpoch:0x0, n.zxid:0x0, message format version:0x2, n.config version:0x0
2021-11-08 11:11:07,279 [myid:0] - INFO  [WorkerReceiver[myid=0]:FastLeaderElection$Messenger$WorkerReceiver@390] - Notification: my state:LOOKING; n.sid:1, n.state:LOOKING, n.leader:1, n.round:0x1, n.peerEpoch:0x0, n.zxid:0x0, message format version:0x2, n.config version:0x0
2021-11-08 11:11:07,279 [myid:1] - INFO  [WorkerReceiver[myid=1]:FastLeaderElection$Messenger$WorkerReceiver@390] - Notification: my state:LOOKING; n.sid:1, n.state:LOOKING, n.leader:2, n.round:0x1, n.peerEpoch:0x0, n.zxid:0x0, message format version:0x2, n.config version:0x0
2021-11-08 11:11:07,279 [myid:0] - INFO  [WorkerReceiver[myid=0]:FastLeaderElection$Messenger$WorkerReceiver@390] - Notification: my state:LOOKING; n.sid:1, n.state:LOOKING, n.leader:2, n.round:0x1, n.peerEpoch:0x0, n.zxid:0x0, message format version:0x2, n.config version:0x0
2021-11-08 11:11:07,279 [myid:2] - INFO  [ListenerHandler-/127.0.0.1:11266:QuorumCnxManager$Listener$ListenerHandler@1071] - Received connection request from /127.0.0.1:7422
2021-11-08 11:11:07,280 [myid:1] - INFO  [QuorumConnectionThread-[myid=1]-3:QuorumCnxManager@514] - Have smaller server identifier, so dropping the connection: (myId:1 --> sid:2)
2021-11-08 11:11:07,280 [myid:3] - INFO  [Thread-37:QuorumPeer@1177] - acceptedEpoch not found! Creating with a reasonable default of 0. This should only happen when you are upgrading your installation
2021-11-08 11:11:07,283 [myid:1] - INFO  [ListenerHandler-/127.0.0.1:11263:QuorumCnxManager$Listener$ListenerHandler@1071] - Received connection request from /127.0.0.1:7423
2021-11-08 11:11:07,284 [myid:2] - INFO  [WorkerReceiver[myid=2]:FastLeaderElection$Messenger$WorkerReceiver@390] - Notification: my state:LOOKING; n.sid:1, n.state:LOOKING, n.leader:2, n.round:0x1, n.peerEpoch:0x0, n.zxid:0x0, message format version:0x2, n.config version:0x0
2021-11-08 11:11:07,284 [myid:3] - INFO  [Thread-37:QuorumPeer@2569] - Using 20000ms as the quorum cnxn socket timeout
2021-11-08 11:11:07,284 [myid:3] - INFO  [Thread-37:QuorumCnxManager$Listener@924] - Election port bind maximum retries is 3
2021-11-08 11:11:07,286 [myid:1] - INFO  [WorkerReceiver[myid=1]:FastLeaderElection$Messenger$WorkerReceiver@390] - Notification: my state:LOOKING; n.sid:2, n.state:LOOKING, n.leader:2, n.round:0x1, n.peerEpoch:0x0, n.zxid:0x0, message format version:0x2, n.config version:0x0
2021-11-08 11:11:07,287 [myid:3] - INFO  [ListenerHandler-/127.0.0.1:11269:QuorumCnxManager$Listener$ListenerHandler@1066] - 3 is accepting connections now, my election bind port: /127.0.0.1:11269
2021-11-08 11:11:07,287 [myid:3] - INFO  [QuorumPeer[myid=3](plain=127.0.0.1:11267)(secure=disabled):QuorumPeer@1430] - LOOKING
2021-11-08 11:11:07,287 [myid:3] - INFO  [QuorumPeer[myid=3](plain=127.0.0.1:11267)(secure=disabled):FastLeaderElection@947] - New election. My id = 3, proposed zxid=0x8000000000000000
2021-11-08 11:11:07,288 [myid:0] - INFO  [ListenerHandler-/127.0.0.1:11260:QuorumCnxManager$Listener$ListenerHandler@1071] - Received connection request from /127.0.0.1:7425
2021-11-08 11:11:07,290 [myid:1] - INFO  [ListenerHandler-/127.0.0.1:11263:QuorumCnxManager$Listener$ListenerHandler@1071] - Received connection request from /127.0.0.1:7427
2021-11-08 11:11:07,290 [myid:2] - INFO  [ListenerHandler-/127.0.0.1:11266:QuorumCnxManager$Listener$ListenerHandler@1071] - Received connection request from /127.0.0.1:7428
2021-11-08 11:11:07,293 [myid:3] - INFO  [WorkerReceiver[myid=3]:FastLeaderElection$Messenger$WorkerReceiver@390] - Notification: my state:LOOKING; n.sid:1, n.state:LOOKING, n.leader:1, n.round:0x1, n.peerEpoch:0x0, n.zxid:0x0, message format version:0x2, n.config version:0x0
2021-11-08 11:11:07,294 [myid:3] - INFO  [WorkerReceiver[myid=3]:FastLeaderElection$Messenger$WorkerReceiver@390] - Notification: my state:LOOKING; n.sid:0, n.state:LOOKING, n.leader:0, n.round:0x1, n.peerEpoch:0x0, n.zxid:0x0, message format version:0x2, n.config version:0x0
2021-11-08 11:11:07,294 [myid:3] - INFO  [WorkerReceiver[myid=3]:FastLeaderElection$Messenger$WorkerReceiver@390] - Notification: my state:LOOKING; n.sid:1, n.state:LOOKING, n.leader:1, n.round:0x1, n.peerEpoch:0x0, n.zxid:0x0, message format version:0x2, n.config version:0x0
2021-11-08 11:11:07,295 [myid:3] - INFO  [WorkerReceiver[myid=3]:FastLeaderElection$Messenger$WorkerReceiver@390] - Notification: my state:LOOKING; n.sid:0, n.state:LOOKING, n.leader:0, n.round:0x1, n.peerEpoch:0x0, n.zxid:0x0, message format version:0x2, n.config version:0x0
2021-11-08 11:11:07,297 [myid:3] - INFO  [WorkerReceiver[myid=3]:FastLeaderElection$Messenger$WorkerReceiver@390] - Notification: my state:LOOKING; n.sid:2, n.state:LOOKING, n.leader:2, n.round:0x1, n.peerEpoch:0x0, n.zxid:0x0, message format version:0x2, n.config version:0x0
2021-11-08 11:11:07,298 [myid:3] - INFO  [WorkerReceiver[myid=3]:FastLeaderElection$Messenger$WorkerReceiver@390] - Notification: my state:LOOKING; n.sid:1, n.state:LOOKING, n.leader:1, n.round:0x1, n.peerEpoch:0x0, n.zxid:0x0, message format version:0x2, n.config version:0x0
2021-11-08 11:11:07,298 [myid:3] - INFO  [WorkerReceiver[myid=3]:FastLeaderElection$Messenger$WorkerReceiver@390] - Notification: my state:LOOKING; n.sid:0, n.state:LOOKING, n.leader:0, n.round:0x1, n.peerEpoch:0x0, n.zxid:0x0, message format version:0x2, n.config version:0x0
2021-11-08 11:11:07,298 [myid:3] - INFO  [WorkerReceiver[myid=3]:FastLeaderElection$Messenger$WorkerReceiver@390] - Notification: my state:LOOKING; n.sid:2, n.state:LOOKING, n.leader:2, n.round:0x1, n.peerEpoch:0x0, n.zxid:0x0, message format version:0x2, n.config version:0x0
2021-11-08 11:11:07,480 [myid:0] - INFO  [QuorumPeer[myid=0](plain=127.0.0.1:11258)(secure=disabled):QuorumPeer@901] - Peer state changed: following
2021-11-08 11:11:07,480 [myid:0] - INFO  [QuorumPeer[myid=0](plain=127.0.0.1:11258)(secure=disabled):QuorumPeer@1512] - FOLLOWING
2021-11-08 11:11:07,480 [myid:0] - INFO  [QuorumPeer[myid=0](plain=127.0.0.1:11258)(secure=disabled):ZooKeeperServer@1300] - minSessionTimeout set to 8000
2021-11-08 11:11:07,480 [myid:0] - INFO  [QuorumPeer[myid=0](plain=127.0.0.1:11258)(secure=disabled):ZooKeeperServer@1309] - maxSessionTimeout set to 80000
2021-11-08 11:11:07,480 [myid:0] - INFO  [QuorumPeer[myid=0](plain=127.0.0.1:11258)(secure=disabled):ResponseCache@45] - getData response cache size is initialized with value 400.
2021-11-08 11:11:07,480 [myid:0] - INFO  [QuorumPeer[myid=0](plain=127.0.0.1:11258)(secure=disabled):ResponseCache@45] - getChildren response cache size is initialized with value 400.
2021-11-08 11:11:07,480 [myid:0] - INFO  [QuorumPeer[myid=0](plain=127.0.0.1:11258)(secure=disabled):RequestPathMetricsCollector@109] - zookeeper.pathStats.slotCapacity = 60
2021-11-08 11:11:07,480 [myid:0] - INFO  [QuorumPeer[myid=0](plain=127.0.0.1:11258)(secure=disabled):RequestPathMetricsCollector@110] - zookeeper.pathStats.slotDuration = 15
2021-11-08 11:11:07,480 [myid:0] - INFO  [QuorumPeer[myid=0](plain=127.0.0.1:11258)(secure=disabled):RequestPathMetricsCollector@111] - zookeeper.pathStats.maxDepth = 6
2021-11-08 11:11:07,480 [myid:0] - INFO  [QuorumPeer[myid=0](plain=127.0.0.1:11258)(secure=disabled):RequestPathMetricsCollector@112] - zookeeper.pathStats.initialDelay = 5
2021-11-08 11:11:07,480 [myid:0] - INFO  [QuorumPeer[myid=0](plain=127.0.0.1:11258)(secure=disabled):RequestPathMetricsCollector@113] - zookeeper.pathStats.delay = 5
2021-11-08 11:11:07,480 [myid:0] - INFO  [QuorumPeer[myid=0](plain=127.0.0.1:11258)(secure=disabled):RequestPathMetricsCollector@114] - zookeeper.pathStats.enabled = false
2021-11-08 11:11:07,480 [myid:0] - INFO  [QuorumPeer[myid=0](plain=127.0.0.1:11258)(secure=disabled):ZooKeeperServer@1536] - The max bytes for all large requests are set to 104857600
2021-11-08 11:11:07,480 [myid:0] - INFO  [QuorumPeer[myid=0](plain=127.0.0.1:11258)(secure=disabled):ZooKeeperServer@1550] - The large request threshold is set to -1
2021-11-08 11:11:07,480 [myid:0] - INFO  [QuorumPeer[myid=0](plain=127.0.0.1:11258)(secure=disabled):AuthenticationHelper@66] - zookeeper.enforce.auth.enabled = false
2021-11-08 11:11:07,480 [myid:0] - INFO  [QuorumPeer[myid=0](plain=127.0.0.1:11258)(secure=disabled):AuthenticationHelper@67] - zookeeper.enforce.auth.schemes = []
2021-11-08 11:11:07,480 [myid:0] - INFO  [QuorumPeer[myid=0](plain=127.0.0.1:11258)(secure=disabled):ZooKeeperServer@361] - Created server with tickTime 4000 minSessionTimeout 8000 maxSessionTimeout 80000 clientPortListenBacklog -1 datadir D:\mysoft\faiscoGit\myStudy\ZooKeeperLearning\apache-zookeeper-3.7.0\zookeeper-server\target\surefire\test7588453471776350538.junit.dir\data\version-2 snapdir D:\mysoft\faiscoGit\myStudy\ZooKeeperLearning\apache-zookeeper-3.7.0\zookeeper-server\target\surefire\test7588453471776350538.junit.dir\data\version-2
2021-11-08 11:11:07,480 [myid:0] - INFO  [QuorumPeer[myid=0](plain=127.0.0.1:11258)(secure=disabled):Follower@77] - FOLLOWING - LEADER ELECTION TOOK - 219 MS
2021-11-08 11:11:07,480 [myid:0] - INFO  [QuorumPeer[myid=0](plain=127.0.0.1:11258)(secure=disabled):QuorumPeer@915] - Peer state changed: following - discovery
2021-11-08 11:11:07,486 [myid:2] - INFO  [QuorumPeer[myid=2](plain=127.0.0.1:11264)(secure=disabled):QuorumPeer@901] - Peer state changed: leading
2021-11-08 11:11:07,486 [myid:2] - INFO  [QuorumPeer[myid=2](plain=127.0.0.1:11264)(secure=disabled):QuorumPeer@1527] - LEADING
2021-11-08 11:11:07,486 [myid:2] - INFO  [QuorumPeer[myid=2](plain=127.0.0.1:11264)(secure=disabled):ZooKeeperServer@1300] - minSessionTimeout set to 8000
2021-11-08 11:11:07,486 [myid:2] - INFO  [QuorumPeer[myid=2](plain=127.0.0.1:11264)(secure=disabled):ZooKeeperServer@1309] - maxSessionTimeout set to 80000
2021-11-08 11:11:07,486 [myid:2] - INFO  [QuorumPeer[myid=2](plain=127.0.0.1:11264)(secure=disabled):ResponseCache@45] - getData response cache size is initialized with value 400.
2021-11-08 11:11:07,486 [myid:2] - INFO  [QuorumPeer[myid=2](plain=127.0.0.1:11264)(secure=disabled):ResponseCache@45] - getChildren response cache size is initialized with value 400.
2021-11-08 11:11:07,486 [myid:2] - INFO  [QuorumPeer[myid=2](plain=127.0.0.1:11264)(secure=disabled):RequestPathMetricsCollector@109] - zookeeper.pathStats.slotCapacity = 60
2021-11-08 11:11:07,486 [myid:2] - INFO  [QuorumPeer[myid=2](plain=127.0.0.1:11264)(secure=disabled):RequestPathMetricsCollector@110] - zookeeper.pathStats.slotDuration = 15
2021-11-08 11:11:07,486 [myid:2] - INFO  [QuorumPeer[myid=2](plain=127.0.0.1:11264)(secure=disabled):RequestPathMetricsCollector@111] - zookeeper.pathStats.maxDepth = 6
2021-11-08 11:11:07,486 [myid:2] - INFO  [QuorumPeer[myid=2](plain=127.0.0.1:11264)(secure=disabled):RequestPathMetricsCollector@112] - zookeeper.pathStats.initialDelay = 5
2021-11-08 11:11:07,486 [myid:2] - INFO  [QuorumPeer[myid=2](plain=127.0.0.1:11264)(secure=disabled):RequestPathMetricsCollector@113] - zookeeper.pathStats.delay = 5
2021-11-08 11:11:07,486 [myid:2] - INFO  [QuorumPeer[myid=2](plain=127.0.0.1:11264)(secure=disabled):RequestPathMetricsCollector@114] - zookeeper.pathStats.enabled = false
2021-11-08 11:11:07,486 [myid:2] - INFO  [QuorumPeer[myid=2](plain=127.0.0.1:11264)(secure=disabled):ZooKeeperServer@1536] - The max bytes for all large requests are set to 104857600
2021-11-08 11:11:07,486 [myid:2] - INFO  [QuorumPeer[myid=2](plain=127.0.0.1:11264)(secure=disabled):ZooKeeperServer@1550] - The large request threshold is set to -1
2021-11-08 11:11:07,486 [myid:2] - INFO  [QuorumPeer[myid=2](plain=127.0.0.1:11264)(secure=disabled):AuthenticationHelper@66] - zookeeper.enforce.auth.enabled = false
2021-11-08 11:11:07,486 [myid:2] - INFO  [QuorumPeer[myid=2](plain=127.0.0.1:11264)(secure=disabled):AuthenticationHelper@67] - zookeeper.enforce.auth.schemes = []
2021-11-08 11:11:07,486 [myid:2] - INFO  [QuorumPeer[myid=2](plain=127.0.0.1:11264)(secure=disabled):ZooKeeperServer@361] - Created server with tickTime 4000 minSessionTimeout 8000 maxSessionTimeout 80000 clientPortListenBacklog -1 datadir D:\mysoft\faiscoGit\myStudy\ZooKeeperLearning\apache-zookeeper-3.7.0\zookeeper-server\target\surefire\test359880789551807832.junit.dir\data\version-2 snapdir D:\mysoft\faiscoGit\myStudy\ZooKeeperLearning\apache-zookeeper-3.7.0\zookeeper-server\target\surefire\test359880789551807832.junit.dir\data\version-2
2021-11-08 11:11:07,486 [myid:2] - INFO  [QuorumPeer[myid=2](plain=127.0.0.1:11264)(secure=disabled):Leader@584] - LEADING - LEADER ELECTION TOOK - 216 MS
2021-11-08 11:11:07,486 [myid:2] - INFO  [QuorumPeer[myid=2](plain=127.0.0.1:11264)(secure=disabled):QuorumPeer@915] - Peer state changed: leading - discovery
2021-11-08 11:11:07,486 [myid:2] - INFO  [QuorumPeer[myid=2](plain=127.0.0.1:11264)(secure=disabled):FileTxnSnapLog@479] - Snapshotting: 0x0 to D:\mysoft\faiscoGit\myStudy\ZooKeeperLearning\apache-zookeeper-3.7.0\zookeeper-server\target\surefire\test359880789551807832.junit.dir\data\version-2\snapshot.0
2021-11-08 11:11:07,487 [myid:1] - INFO  [QuorumPeer[myid=1](plain=127.0.0.1:11261)(secure=disabled):QuorumPeer@901] - Peer state changed: following
2021-11-08 11:11:07,487 [myid:1] - INFO  [QuorumPeer[myid=1](plain=127.0.0.1:11261)(secure=disabled):QuorumPeer@1512] - FOLLOWING
2021-11-08 11:11:07,487 [myid:1] - INFO  [QuorumPeer[myid=1](plain=127.0.0.1:11261)(secure=disabled):ZooKeeperServer@1300] - minSessionTimeout set to 8000
2021-11-08 11:11:07,487 [myid:1] - INFO  [QuorumPeer[myid=1](plain=127.0.0.1:11261)(secure=disabled):ZooKeeperServer@1309] - maxSessionTimeout set to 80000
2021-11-08 11:11:07,487 [myid:1] - INFO  [QuorumPeer[myid=1](plain=127.0.0.1:11261)(secure=disabled):ResponseCache@45] - getData response cache size is initialized with value 400.
2021-11-08 11:11:07,487 [myid:1] - INFO  [QuorumPeer[myid=1](plain=127.0.0.1:11261)(secure=disabled):ResponseCache@45] - getChildren response cache size is initialized with value 400.
2021-11-08 11:11:07,487 [myid:1] - INFO  [QuorumPeer[myid=1](plain=127.0.0.1:11261)(secure=disabled):RequestPathMetricsCollector@109] - zookeeper.pathStats.slotCapacity = 60
2021-11-08 11:11:07,487 [myid:1] - INFO  [QuorumPeer[myid=1](plain=127.0.0.1:11261)(secure=disabled):RequestPathMetricsCollector@110] - zookeeper.pathStats.slotDuration = 15
2021-11-08 11:11:07,488 [myid:1] - INFO  [QuorumPeer[myid=1](plain=127.0.0.1:11261)(secure=disabled):RequestPathMetricsCollector@111] - zookeeper.pathStats.maxDepth = 6
2021-11-08 11:11:07,488 [myid:1] - INFO  [QuorumPeer[myid=1](plain=127.0.0.1:11261)(secure=disabled):RequestPathMetricsCollector@112] - zookeeper.pathStats.initialDelay = 5
2021-11-08 11:11:07,488 [myid:1] - INFO  [QuorumPeer[myid=1](plain=127.0.0.1:11261)(secure=disabled):RequestPathMetricsCollector@113] - zookeeper.pathStats.delay = 5
2021-11-08 11:11:07,488 [myid:1] - INFO  [QuorumPeer[myid=1](plain=127.0.0.1:11261)(secure=disabled):RequestPathMetricsCollector@114] - zookeeper.pathStats.enabled = false
2021-11-08 11:11:07,488 [myid:1] - INFO  [QuorumPeer[myid=1](plain=127.0.0.1:11261)(secure=disabled):ZooKeeperServer@1536] - The max bytes for all large requests are set to 104857600
2021-11-08 11:11:07,488 [myid:1] - INFO  [QuorumPeer[myid=1](plain=127.0.0.1:11261)(secure=disabled):ZooKeeperServer@1550] - The large request threshold is set to -1
2021-11-08 11:11:07,488 [myid:2] - INFO  [QuorumPeer[myid=2](plain=127.0.0.1:11264)(secure=disabled):ZooKeeperServer@543] - Snapshot taken in 1 ms
2021-11-08 11:11:07,488 [myid:1] - INFO  [QuorumPeer[myid=1](plain=127.0.0.1:11261)(secure=disabled):AuthenticationHelper@66] - zookeeper.enforce.auth.enabled = false
2021-11-08 11:11:07,488 [myid:1] - INFO  [QuorumPeer[myid=1](plain=127.0.0.1:11261)(secure=disabled):AuthenticationHelper@67] - zookeeper.enforce.auth.schemes = []
2021-11-08 11:11:07,488 [myid:1] - INFO  [QuorumPeer[myid=1](plain=127.0.0.1:11261)(secure=disabled):ZooKeeperServer@361] - Created server with tickTime 4000 minSessionTimeout 8000 maxSessionTimeout 80000 clientPortListenBacklog -1 datadir D:\mysoft\faiscoGit\myStudy\ZooKeeperLearning\apache-zookeeper-3.7.0\zookeeper-server\target\surefire\test5649504673946823597.junit.dir\data\version-2 snapdir D:\mysoft\faiscoGit\myStudy\ZooKeeperLearning\apache-zookeeper-3.7.0\zookeeper-server\target\surefire\test5649504673946823597.junit.dir\data\version-2
2021-11-08 11:11:07,488 [myid:1] - INFO  [QuorumPeer[myid=1](plain=127.0.0.1:11261)(secure=disabled):Follower@77] - FOLLOWING - LEADER ELECTION TOOK - 218 MS
2021-11-08 11:11:07,488 [myid:1] - INFO  [QuorumPeer[myid=1](plain=127.0.0.1:11261)(secure=disabled):QuorumPeer@915] - Peer state changed: following - discovery
2021-11-08 11:11:07,489 [myid:1] - INFO  [LeaderConnector-/127.0.0.1:11265:Learner$LeaderConnector@381] - Successfully connected to leader, using address: /127.0.0.1:11265
2021-11-08 11:11:07,491 [myid:2] - INFO  [LearnerHandler-/127.0.0.1:7434:LearnerHandler@506] - Follower sid: 1 : info : 127.0.0.1:11262:11263:participant;127.0.0.1:11261
2021-11-08 11:11:07,500 [myid:3] - INFO  [QuorumPeer[myid=3](plain=127.0.0.1:11267)(secure=disabled):FastLeaderElection@984] - Notification time out: 400
2021-11-08 11:11:07,501 [myid:3] - INFO  [WorkerReceiver[myid=3]:FastLeaderElection$Messenger$WorkerReceiver@390] - Notification: my state:LOOKING; n.sid:1, n.state:FOLLOWING, n.leader:2, n.round:0x1, n.peerEpoch:0x0, n.zxid:0x0, message format version:0x2, n.config version:0x0
2021-11-08 11:11:07,502 [myid:3] - INFO  [WorkerReceiver[myid=3]:FastLeaderElection$Messenger$WorkerReceiver@390] - Notification: my state:LOOKING; n.sid:0, n.state:FOLLOWING, n.leader:2, n.round:0x1, n.peerEpoch:0x0, n.zxid:0x0, message format version:0x2, n.config version:0x0
2021-11-08 11:11:07,503 [myid:3] - INFO  [WorkerReceiver[myid=3]:FastLeaderElection$Messenger$WorkerReceiver@390] - Notification: my state:LOOKING; n.sid:2, n.state:LEADING, n.leader:2, n.round:0x1, n.peerEpoch:0x0, n.zxid:0x0, message format version:0x2, n.config version:0x0
2021-11-08 11:11:07,503 [myid:3] - INFO  [QuorumPeer[myid=3](plain=127.0.0.1:11267)(secure=disabled):QuorumPeer@901] - Peer state changed: observing
2021-11-08 11:11:07,503 [myid:3] - INFO  [QuorumPeer[myid=3](plain=127.0.0.1:11267)(secure=disabled):QuorumPeer@1493] - OBSERVING
2021-11-08 11:11:07,504 [myid:3] - INFO  [QuorumPeer[myid=3](plain=127.0.0.1:11267)(secure=disabled):ZooKeeperServer@1300] - minSessionTimeout set to 8000
2021-11-08 11:11:07,504 [myid:3] - INFO  [QuorumPeer[myid=3](plain=127.0.0.1:11267)(secure=disabled):ZooKeeperServer@1309] - maxSessionTimeout set to 80000
2021-11-08 11:11:07,504 [myid:3] - INFO  [QuorumPeer[myid=3](plain=127.0.0.1:11267)(secure=disabled):ResponseCache@45] - getData response cache size is initialized with value 400.
2021-11-08 11:11:07,504 [myid:3] - INFO  [QuorumPeer[myid=3](plain=127.0.0.1:11267)(secure=disabled):ResponseCache@45] - getChildren response cache size is initialized with value 400.
2021-11-08 11:11:07,504 [myid:3] - INFO  [QuorumPeer[myid=3](plain=127.0.0.1:11267)(secure=disabled):RequestPathMetricsCollector@109] - zookeeper.pathStats.slotCapacity = 60
2021-11-08 11:11:07,504 [myid:3] - INFO  [QuorumPeer[myid=3](plain=127.0.0.1:11267)(secure=disabled):RequestPathMetricsCollector@110] - zookeeper.pathStats.slotDuration = 15
2021-11-08 11:11:07,504 [myid:3] - INFO  [QuorumPeer[myid=3](plain=127.0.0.1:11267)(secure=disabled):RequestPathMetricsCollector@111] - zookeeper.pathStats.maxDepth = 6
2021-11-08 11:11:07,505 [myid:3] - INFO  [QuorumPeer[myid=3](plain=127.0.0.1:11267)(secure=disabled):RequestPathMetricsCollector@112] - zookeeper.pathStats.initialDelay = 5
2021-11-08 11:11:07,505 [myid:3] - INFO  [QuorumPeer[myid=3](plain=127.0.0.1:11267)(secure=disabled):RequestPathMetricsCollector@113] - zookeeper.pathStats.delay = 5
2021-11-08 11:11:07,505 [myid:3] - INFO  [QuorumPeer[myid=3](plain=127.0.0.1:11267)(secure=disabled):RequestPathMetricsCollector@114] - zookeeper.pathStats.enabled = false
2021-11-08 11:11:07,505 [myid:3] - INFO  [QuorumPeer[myid=3](plain=127.0.0.1:11267)(secure=disabled):ZooKeeperServer@1536] - The max bytes for all large requests are set to 104857600
2021-11-08 11:11:07,505 [myid:2] - INFO  [QuorumPeer[myid=2](plain=127.0.0.1:11264)(secure=disabled):QuorumPeer@1870] - Dynamic reconfig is disabled, we don't store the last seen config.
2021-11-08 11:11:07,505 [myid:3] - INFO  [QuorumPeer[myid=3](plain=127.0.0.1:11267)(secure=disabled):ZooKeeperServer@1550] - The large request threshold is set to -1
2021-11-08 11:11:07,506 [myid:3] - INFO  [QuorumPeer[myid=3](plain=127.0.0.1:11267)(secure=disabled):AuthenticationHelper@66] - zookeeper.enforce.auth.enabled = false
2021-11-08 11:11:07,506 [myid:3] - INFO  [QuorumPeer[myid=3](plain=127.0.0.1:11267)(secure=disabled):AuthenticationHelper@67] - zookeeper.enforce.auth.schemes = []
2021-11-08 11:11:07,506 [myid:3] - INFO  [QuorumPeer[myid=3](plain=127.0.0.1:11267)(secure=disabled):ZooKeeperServer@361] - Created server with tickTime 4000 minSessionTimeout 8000 maxSessionTimeout 80000 clientPortListenBacklog -1 datadir D:\mysoft\faiscoGit\myStudy\ZooKeeperLearning\apache-zookeeper-3.7.0\zookeeper-server\target\surefire\test8602962684444521479.junit.dir\data\version-2 snapdir D:\mysoft\faiscoGit\myStudy\ZooKeeperLearning\apache-zookeeper-3.7.0\zookeeper-server\target\surefire\test8602962684444521479.junit.dir\data\version-2
2021-11-08 11:11:07,506 [myid:3] - INFO  [QuorumPeer[myid=3](plain=127.0.0.1:11267)(secure=disabled):ObserverZooKeeperServer@55] - syncEnabled =true
2021-11-08 11:11:07,507 [myid:3] - INFO  [QuorumPeer[myid=3](plain=127.0.0.1:11267)(secure=disabled):QuorumPeer@915] - Peer state changed: observing - discovery
2021-11-08 11:11:07,507 [myid:3] - INFO  [QuorumPeer[myid=3](plain=127.0.0.1:11267)(secure=disabled):Observer@164] - Observing new leader sid=2 addr=/127.0.0.1:11265
2021-11-08 11:11:07,509 [myid:3] - INFO  [LeaderConnector-/127.0.0.1:11265:Learner$LeaderConnector@381] - Successfully connected to leader, using address: /127.0.0.1:11265
2021-11-08 11:11:07,515 [myid:1] - INFO  [QuorumPeer[myid=1](plain=127.0.0.1:11261)(secure=disabled):QuorumPeer@915] - Peer state changed: following - synchronization
2021-11-08 11:11:07,515 [myid:2] - INFO  [LearnerHandler-/127.0.0.1:7436:LearnerHandler@506] - Follower sid: 3 : info : 127.0.0.1:11268:11269:observer;127.0.0.1:11267
2021-11-08 11:11:07,515 [myid:2] - INFO  [LearnerHandler-/127.0.0.1:7434:ZKDatabase@346] - On disk txn sync enabled with snapshotSizeFactor 0.33
2021-11-08 11:11:07,516 [myid:2] - INFO  [LearnerHandler-/127.0.0.1:7434:LearnerHandler@801] - Synchronizing with Learner sid: 1 maxCommittedLog=0x0 minCommittedLog=0x0 lastProcessedZxid=0x0 peerLastZxid=0x0
2021-11-08 11:11:07,516 [myid:2] - INFO  [LearnerHandler-/127.0.0.1:7434:LearnerHandler@846] - Sending DIFF zxid=0x0 for peer sid: 1
2021-11-08 11:11:07,521 [myid:1] - INFO  [QuorumPeer[myid=1](plain=127.0.0.1:11261)(secure=disabled):Learner@562] - Getting a diff from the leader 0x0
2021-11-08 11:11:07,521 [myid:1] - INFO  [QuorumPeer[myid=1](plain=127.0.0.1:11261)(secure=disabled):QuorumPeer@920] - Peer state changed: following - synchronization - diff
2021-11-08 11:11:07,523 [myid:1] - INFO  [QuorumPeer[myid=1](plain=127.0.0.1:11261)(secure=disabled):Learner@734] - Learner received NEWLEADER message
2021-11-08 11:11:07,523 [myid:1] - INFO  [QuorumPeer[myid=1](plain=127.0.0.1:11261)(secure=disabled):QuorumPeer@1870] - Dynamic reconfig is disabled, we don't store the last seen config.
2021-11-08 11:11:07,526 [myid:2] - INFO  [LearnerHandler-/127.0.0.1:7436:ZKDatabase@346] - On disk txn sync enabled with snapshotSizeFactor 0.33
2021-11-08 11:11:07,526 [myid:3] - INFO  [QuorumPeer[myid=3](plain=127.0.0.1:11267)(secure=disabled):QuorumPeer@915] - Peer state changed: observing - synchronization
2021-11-08 11:11:07,527 [myid:2] - INFO  [LearnerHandler-/127.0.0.1:7436:LearnerHandler@801] - Synchronizing with Learner sid: 3 maxCommittedLog=0x0 minCommittedLog=0x0 lastProcessedZxid=0x0 peerLastZxid=0x0
2021-11-08 11:11:07,527 [myid:2] - INFO  [LearnerHandler-/127.0.0.1:7436:LearnerHandler@846] - Sending DIFF zxid=0x0 for peer sid: 3
2021-11-08 11:11:07,528 [myid:2] - INFO  [QuorumPeer[myid=2](plain=127.0.0.1:11264)(secure=disabled):QuorumPeer@915] - Peer state changed: leading - synchronization
2021-11-08 11:11:07,532 [myid:3] - INFO  [QuorumPeer[myid=3](plain=127.0.0.1:11267)(secure=disabled):Learner@562] - Getting a diff from the leader 0x0
2021-11-08 11:11:07,532 [myid:3] - INFO  [QuorumPeer[myid=3](plain=127.0.0.1:11267)(secure=disabled):QuorumPeer@920] - Peer state changed: observing - synchronization - diff
2021-11-08 11:11:07,534 [myid:1] - INFO  [QuorumPeer[myid=1](plain=127.0.0.1:11261)(secure=disabled):QuorumPeer@920] - Peer state changed: following - synchronization
2021-11-08 11:11:07,534 [myid:3] - INFO  [QuorumPeer[myid=3](plain=127.0.0.1:11267)(secure=disabled):Learner@734] - Learner received NEWLEADER message
2021-11-08 11:11:07,534 [myid:1] - INFO  [QuorumPeer[myid=1](plain=127.0.0.1:11261)(secure=disabled):CommitProcessor@491] - Configuring CommitProcessor with readBatchSize -1 commitBatchSize 1
2021-11-08 11:11:07,535 [myid:1] - INFO  [QuorumPeer[myid=1](plain=127.0.0.1:11261)(secure=disabled):CommitProcessor@452] - Configuring CommitProcessor with 6 worker threads.
2021-11-08 11:11:07,535 [myid:3] - INFO  [QuorumPeer[myid=3](plain=127.0.0.1:11267)(secure=disabled):QuorumPeer@1870] - Dynamic reconfig is disabled, we don't store the last seen config.
2021-11-08 11:11:07,535 [myid:1] - INFO  [QuorumPeer[myid=1](plain=127.0.0.1:11261)(secure=disabled):FollowerRequestProcessor@59] - Initialized FollowerRequestProcessor with zookeeper.follower.skipLearnerRequestToNextProcessor as false
2021-11-08 11:11:07,537 [myid:2] - INFO  [QuorumPeer[myid=2](plain=127.0.0.1:11264)(secure=disabled):Leader@1495] - Have quorum of supporters, sids: [[1, 2]]; starting up and setting last processed zxid: 0x100000000
2021-11-08 11:11:07,538 [myid:2] - INFO  [QuorumPeer[myid=2](plain=127.0.0.1:11264)(secure=disabled):Leader@1517] - Dynamic reconfig feature is disabled, skip designatedLeader calculation and reconfig processing.
2021-11-08 11:11:07,538 [myid:2] - INFO  [QuorumPeer[myid=2](plain=127.0.0.1:11264)(secure=disabled):CommitProcessor@491] - Configuring CommitProcessor with readBatchSize -1 commitBatchSize 1
2021-11-08 11:11:07,538 [myid:2] - INFO  [QuorumPeer[myid=2](plain=127.0.0.1:11264)(secure=disabled):CommitProcessor@452] - Configuring CommitProcessor with 6 worker threads.
2021-11-08 11:11:07,538 [myid:2] - INFO  [QuorumPeer[myid=2](plain=127.0.0.1:11264)(secure=disabled):ProposalRequestProcessor@57] - zookeeper.forward_learner_requests_to_commit_processor_disabled = false
2021-11-08 11:11:07,540 [myid:2] - INFO  [QuorumPeer[myid=2](plain=127.0.0.1:11264)(secure=disabled):ContainerManager@84] - Using checkIntervalMs=60000 maxPerMinute=10000 maxNeverUsedIntervalMs=0
2021-11-08 11:11:07,541 [myid:2] - INFO  [ProcessThread(sid:2 cport:-1)::PrepRequestProcessor@137] - PrepRequestProcessor (sid:2) started, reconfigEnabled=false
2021-11-08 11:11:07,541 [myid:2] - INFO  [QuorumPeer[myid=2](plain=127.0.0.1:11264)(secure=disabled):QuorumPeer@915] - Peer state changed: leading - broadcast
2021-11-08 11:11:07,542 [myid:1] - INFO  [QuorumPeer[myid=1](plain=127.0.0.1:11261)(secure=disabled):Learner@718] - Learner received UPTODATE message
2021-11-08 11:11:07,542 [myid:1] - INFO  [QuorumPeer[myid=1](plain=127.0.0.1:11261)(secure=disabled):QuorumPeer@915] - Peer state changed: following - broadcast
2021-11-08 11:11:07,545 [myid:3] - INFO  [QuorumPeer[myid=3](plain=127.0.0.1:11267)(secure=disabled):QuorumPeer@920] - Peer state changed: observing - synchronization
2021-11-08 11:11:07,545 [myid:3] - INFO  [QuorumPeer[myid=3](plain=127.0.0.1:11267)(secure=disabled):CommitProcessor@491] - Configuring CommitProcessor with readBatchSize -1 commitBatchSize 1
2021-11-08 11:11:07,545 [myid:3] - INFO  [QuorumPeer[myid=3](plain=127.0.0.1:11267)(secure=disabled):CommitProcessor@452] - Configuring CommitProcessor with 6 worker threads.
2021-11-08 11:11:07,550 [myid:3] - INFO  [QuorumPeer[myid=3](plain=127.0.0.1:11267)(secure=disabled):Learner@718] - Learner received UPTODATE message
2021-11-08 11:11:07,550 [myid:3] - INFO  [QuorumPeer[myid=3](plain=127.0.0.1:11267)(secure=disabled):QuorumPeer@915] - Peer state changed: observing - broadcast
2021-11-08 11:11:07,551 [myid:127.0.0.1:11243] - INFO  [main-SendThread(127.0.0.1:11243):ClientCnxn$SendThread@1171] - Opening socket connection to server xmind.net/127.0.0.1:11243.
2021-11-08 11:11:07,551 [myid:127.0.0.1:11243] - INFO  [main-SendThread(127.0.0.1:11243):ClientCnxn$SendThread@1173] - SASL config status: Will not attempt to authenticate using SASL (unknown error)
2021-11-08 11:11:07,776 [myid:2] - INFO  [ListenerHandler-/127.0.0.1:11266:QuorumCnxManager$Listener$ListenerHandler@1071] - Received connection request from /127.0.0.1:7404
2021-11-08 11:11:07,776 [myid:1] - INFO  [ListenerHandler-/127.0.0.1:11263:QuorumCnxManager$Listener$ListenerHandler@1071] - Received connection request from /127.0.0.1:7403
2021-11-08 11:11:07,776 [myid:0] - INFO  [QuorumConnectionThread-[myid=0]-1:QuorumCnxManager@514] - Have smaller server identifier, so dropping the connection: (myId:0 --> sid:1)
2021-11-08 11:11:07,776 [myid:2] - WARN  [RecvWorker:0:QuorumCnxManager$RecvWorker@1397] - Connection broken for id 0, my id = 2
java.net.SocketException: Socket closed
	at java.net.SocketInputStream.socketRead0(Native Method)
	at java.net.SocketInputStream.read(SocketInputStream.java:150)
	at java.net.SocketInputStream.read(SocketInputStream.java:121)
	at java.io.BufferedInputStream.fill(BufferedInputStream.java:246)
	at java.io.BufferedInputStream.read(BufferedInputStream.java:265)
	at java.io.DataInputStream.readInt(DataInputStream.java:387)
	at org.apache.zookeeper.server.quorum.QuorumCnxManager$RecvWorker.run(QuorumCnxManager.java:1385)
2021-11-08 11:11:07,776 [myid:2] - WARN  [RecvWorker:0:QuorumCnxManager$RecvWorker@1403] - Interrupting SendWorker thread from RecvWorker. sid: 0. myId: 2
2021-11-08 11:11:07,776 [myid:127.0.0.1:11267] - INFO  [main-SendThread(127.0.0.1:11267):ClientCnxn$SendThread@1005] - Socket connection established, initiating session, client: /127.0.0.1:7406, server: xmind.net/127.0.0.1:11267
2021-11-08 11:11:07,776 [myid:0] - INFO  [QuorumConnectionThread-[myid=0]-2:QuorumCnxManager@514] - Have smaller server identifier, so dropping the connection: (myId:0 --> sid:2)
2021-11-08 11:11:07,776 [myid:1] - WARN  [SendWorker:0:QuorumCnxManager$SendWorker@1283] - Interrupted while waiting for message on queue
java.lang.InterruptedException
	at java.util.concurrent.locks.AbstractQueuedSynchronizer$ConditionObject.reportInterruptAfterWait(AbstractQueuedSynchronizer.java:2014)
	at java.util.concurrent.locks.AbstractQueuedSynchronizer$ConditionObject.awaitNanos(AbstractQueuedSynchronizer.java:2088)
	at org.apache.zookeeper.util.CircularBlockingQueue.poll(CircularBlockingQueue.java:105)
	at org.apache.zookeeper.server.quorum.QuorumCnxManager.pollSendQueue(QuorumCnxManager.java:1448)
	at org.apache.zookeeper.server.quorum.QuorumCnxManager.access$900(QuorumCnxManager.java:99)
	at org.apache.zookeeper.server.quorum.QuorumCnxManager$SendWorker.run(QuorumCnxManager.java:1272)
2021-11-08 11:11:07,776 [myid:1] - WARN  [RecvWorker:0:QuorumCnxManager$RecvWorker@1397] - Connection broken for id 0, my id = 1
java.net.SocketException: Socket closed
	at java.net.SocketInputStream.socketRead0(Native Method)
	at java.net.SocketInputStream.read(SocketInputStream.java:150)
	at java.net.SocketInputStream.read(SocketInputStream.java:121)
	at java.io.BufferedInputStream.fill(BufferedInputStream.java:246)
	at java.io.BufferedInputStream.read(BufferedInputStream.java:265)
	at java.io.DataInputStream.readInt(DataInputStream.java:387)
	at org.apache.zookeeper.server.quorum.QuorumCnxManager$RecvWorker.run(QuorumCnxManager.java:1385)
2021-11-08 11:11:07,776 [myid:0] - WARN  [RecvWorker:1:QuorumCnxManager$RecvWorker@1397] - Connection broken for id 1, my id = 0
java.io.EOFException
	at java.io.DataInputStream.readInt(DataInputStream.java:392)
	at org.apache.zookeeper.server.quorum.QuorumCnxManager$RecvWorker.run(QuorumCnxManager.java:1385)
2021-11-08 11:11:07,777 [myid:0] - WARN  [RecvWorker:1:QuorumCnxManager$RecvWorker@1403] - Interrupting SendWorker thread from RecvWorker. sid: 1. myId: 0
2021-11-08 11:11:07,776 [myid:2] - WARN  [SendWorker:0:QuorumCnxManager$SendWorker@1283] - Interrupted while waiting for message on queue
java.lang.InterruptedException
	at java.util.concurrent.locks.AbstractQueuedSynchronizer$ConditionObject.reportInterruptAfterWait(AbstractQueuedSynchronizer.java:2014)
	at java.util.concurrent.locks.AbstractQueuedSynchronizer$ConditionObject.awaitNanos(AbstractQueuedSynchronizer.java:2088)
	at org.apache.zookeeper.util.CircularBlockingQueue.poll(CircularBlockingQueue.java:105)
	at org.apache.zookeeper.server.quorum.QuorumCnxManager.pollSendQueue(QuorumCnxManager.java:1448)
	at org.apache.zookeeper.server.quorum.QuorumCnxManager.access$900(QuorumCnxManager.java:99)
	at org.apache.zookeeper.server.quorum.QuorumCnxManager$SendWorker.run(QuorumCnxManager.java:1272)
2021-11-08 11:11:07,776 [myid:0] - WARN  [RecvWorker:2:QuorumCnxManager$RecvWorker@1397] - Connection broken for id 2, my id = 0
java.io.EOFException
	at java.io.DataInputStream.readInt(DataInputStream.java:392)
	at org.apache.zookeeper.server.quorum.QuorumCnxManager$RecvWorker.run(QuorumCnxManager.java:1385)
2021-11-08 11:11:07,778 [myid:0] - WARN  [RecvWorker:2:QuorumCnxManager$RecvWorker@1403] - Interrupting SendWorker thread from RecvWorker. sid: 2. myId: 0
2021-11-08 11:11:07,778 [myid:2] - WARN  [SendWorker:0:QuorumCnxManager$SendWorker@1295] - Send worker leaving thread id 0 my id = 2
2021-11-08 11:11:07,778 [myid:0] - WARN  [SendWorker:1:QuorumCnxManager$SendWorker@1283] - Interrupted while waiting for message on queue
java.lang.InterruptedException
	at java.util.concurrent.locks.AbstractQueuedSynchronizer$ConditionObject.reportInterruptAfterWait(AbstractQueuedSynchronizer.java:2014)
	at java.util.concurrent.locks.AbstractQueuedSynchronizer$ConditionObject.awaitNanos(AbstractQueuedSynchronizer.java:2088)
	at org.apache.zookeeper.util.CircularBlockingQueue.poll(CircularBlockingQueue.java:105)
	at org.apache.zookeeper.server.quorum.QuorumCnxManager.pollSendQueue(QuorumCnxManager.java:1448)
	at org.apache.zookeeper.server.quorum.QuorumCnxManager.access$900(QuorumCnxManager.java:99)
	at org.apache.zookeeper.server.quorum.QuorumCnxManager$SendWorker.run(QuorumCnxManager.java:1272)
2021-11-08 11:11:07,777 [myid:1] - WARN  [RecvWorker:0:QuorumCnxManager$RecvWorker@1403] - Interrupting SendWorker thread from RecvWorker. sid: 0. myId: 1
2021-11-08 11:11:07,777 [myid:1] - WARN  [SendWorker:0:QuorumCnxManager$SendWorker@1295] - Send worker leaving thread id 0 my id = 1
2021-11-08 11:11:07,777 [myid:0] - INFO  [ListenerHandler-/127.0.0.1:11260:QuorumCnxManager$Listener$ListenerHandler@1071] - Received connection request from /127.0.0.1:7440
2021-11-08 11:11:07,778 [myid:0] - WARN  [SendWorker:1:QuorumCnxManager$SendWorker@1295] - Send worker leaving thread id 1 my id = 0
2021-11-08 11:11:07,778 [myid:0] - WARN  [SendWorker:2:QuorumCnxManager$SendWorker@1283] - Interrupted while waiting for message on queue
java.lang.InterruptedException
	at java.util.concurrent.locks.AbstractQueuedSynchronizer$ConditionObject.reportInterruptAfterWait(AbstractQueuedSynchronizer.java:2014)
	at java.util.concurrent.locks.AbstractQueuedSynchronizer$ConditionObject.awaitNanos(AbstractQueuedSynchronizer.java:2088)
	at org.apache.zookeeper.util.CircularBlockingQueue.poll(CircularBlockingQueue.java:105)
	at org.apache.zookeeper.server.quorum.QuorumCnxManager.pollSendQueue(QuorumCnxManager.java:1448)
	at org.apache.zookeeper.server.quorum.QuorumCnxManager.access$900(QuorumCnxManager.java:99)
	at org.apache.zookeeper.server.quorum.QuorumCnxManager$SendWorker.run(QuorumCnxManager.java:1272)
2021-11-08 11:11:07,778 [myid:0] - WARN  [SendWorker:2:QuorumCnxManager$SendWorker@1295] - Send worker leaving thread id 2 my id = 0
2021-11-08 11:11:07,780 [myid:0] - INFO  [ListenerHandler-/127.0.0.1:11260:QuorumCnxManager$Listener$ListenerHandler@1071] - Received connection request from /127.0.0.1:7441
2021-11-08 11:11:07,780 [myid:0] - INFO  [WorkerReceiver[myid=0]:FastLeaderElection$Messenger$WorkerReceiver@390] - Notification: my state:FOLLOWING; n.sid:2, n.state:LOOKING, n.leader:2, n.round:0x1, n.peerEpoch:0x0, n.zxid:0x0, message format version:0x2, n.config version:0x0
2021-11-08 11:11:07,781 [myid:2] - INFO  [WorkerReceiver[myid=2]:FastLeaderElection$Messenger$WorkerReceiver@390] - Notification: my state:LEADING; n.sid:0, n.state:LOOKING, n.leader:2, n.round:0x1, n.peerEpoch:0x0, n.zxid:0x0, message format version:0x2, n.config version:0x0
2021-11-08 11:11:07,781 [myid:1] - WARN  [QuorumPeer[myid=1](plain=127.0.0.1:11261)(secure=disabled):Follower@174] - Got zxid 0x100000001 expected 0x1
2021-11-08 11:11:07,781 [myid:2] - INFO  [SyncThread:2:FileTxnLog@284] - Creating new log file: log.100000001
2021-11-08 11:11:07,781 [myid:0] - INFO  [WorkerReceiver[myid=0]:FastLeaderElection$Messenger$WorkerReceiver@390] - Notification: my state:FOLLOWING; n.sid:1, n.state:LOOKING, n.leader:2, n.round:0x1, n.peerEpoch:0x0, n.zxid:0x0, message format version:0x2, n.config version:0x0
2021-11-08 11:11:07,781 [myid:1] - INFO  [SyncThread:1:FileTxnLog@284] - Creating new log file: log.100000001
2021-11-08 11:11:07,781 [myid:2] - INFO  [WorkerReceiver[myid=2]:FastLeaderElection$Messenger$WorkerReceiver@390] - Notification: my state:LEADING; n.sid:0, n.state:FOLLOWING, n.leader:2, n.round:0x1, n.peerEpoch:0x0, n.zxid:0x0, message format version:0x2, n.config version:0x0
2021-11-08 11:11:07,782 [myid:1] - INFO  [WorkerReceiver[myid=1]:FastLeaderElection$Messenger$WorkerReceiver@390] - Notification: my state:FOLLOWING; n.sid:0, n.state:LOOKING, n.leader:2, n.round:0x1, n.peerEpoch:0x0, n.zxid:0x0, message format version:0x2, n.config version:0x0
2021-11-08 11:11:07,782 [myid:0] - INFO  [WorkerReceiver[myid=0]:FastLeaderElection$Messenger$WorkerReceiver@390] - Notification: my state:FOLLOWING; n.sid:2, n.state:LEADING, n.leader:2, n.round:0x1, n.peerEpoch:0x1, n.zxid:0x0, message format version:0x2, n.config version:0x0
2021-11-08 11:11:07,782 [myid:1] - INFO  [WorkerReceiver[myid=1]:FastLeaderElection$Messenger$WorkerReceiver@390] - Notification: my state:FOLLOWING; n.sid:0, n.state:FOLLOWING, n.leader:2, n.round:0x1, n.peerEpoch:0x0, n.zxid:0x0, message format version:0x2, n.config version:0x0
2021-11-08 11:11:07,782 [myid:0] - INFO  [WorkerReceiver[myid=0]:FastLeaderElection$Messenger$WorkerReceiver@390] - Notification: my state:FOLLOWING; n.sid:1, n.state:FOLLOWING, n.leader:2, n.round:0x1, n.peerEpoch:0x1, n.zxid:0x0, message format version:0x2, n.config version:0x0
2021-11-08 11:11:07,787 [myid:2] - INFO  [CommitProcessor:2:LeaderSessionTracker@104] - Committing global session 0x30058075e1e0000
2021-11-08 11:11:07,788 [myid:3] - INFO  [CommitProcessor:3:LearnerSessionTracker@116] - Committing global session 0x30058075e1e0000
2021-11-08 11:11:07,788 [myid:3] - INFO  [SyncThread:3:FileTxnLog@284] - Creating new log file: log.100000001
2021-11-08 11:11:07,787 [myid:1] - INFO  [CommitProcessor:1:LearnerSessionTracker@116] - Committing global session 0x30058075e1e0000
2021-11-08 11:11:07,790 [myid:127.0.0.1:11267] - INFO  [main-SendThread(127.0.0.1:11267):ClientCnxn$SendThread@1438] - Session establishment complete on server xmind.net/127.0.0.1:11267, session id = 0x30058075e1e0000, negotiated timeout = 30000
2021-11-08 11:11:07,839 [myid:127.0.0.1:11264] - INFO  [main-SendThread(127.0.0.1:11264):ClientCnxn$SendThread@1005] - Socket connection established, initiating session, client: /127.0.0.1:7395, server: xmind.net/127.0.0.1:11264
2021-11-08 11:11:07,841 [myid:2] - INFO  [CommitProcessor:2:LeaderSessionTracker@104] - Committing global session 0x20058075e210000
2021-11-08 11:11:07,841 [myid:3] - INFO  [CommitProcessor:3:LearnerSessionTracker@116] - Committing global session 0x20058075e210000
2021-11-08 11:11:07,841 [myid:1] - INFO  [CommitProcessor:1:LearnerSessionTracker@116] - Committing global session 0x20058075e210000
2021-11-08 11:11:07,842 [myid:127.0.0.1:11264] - INFO  [main-SendThread(127.0.0.1:11264):ClientCnxn$SendThread@1438] - Session establishment complete on server xmind.net/127.0.0.1:11264, session id = 0x20058075e210000, negotiated timeout = 30000
2021-11-08 11:11:08,009 [myid:127.0.0.1:11234] - WARN  [main-SendThread(127.0.0.1:11234):ClientCnxn$SendThread@1290] - Session 0x580724190000 for sever xmind.net/127.0.0.1:11234, Closing socket connection. Attempting reconnect except it is a SessionExpiredException.
java.net.ConnectException: Connection refused: no further information
	at sun.nio.ch.SocketChannelImpl.checkConnect(Native Method)
	at sun.nio.ch.SocketChannelImpl.finishConnect(SocketChannelImpl.java:716)
	at org.apache.zookeeper.ClientCnxnSocketNIO.doTransport(ClientCnxnSocketNIO.java:344)
	at org.apache.zookeeper.ClientCnxn$SendThread.run(ClientCnxn.java:1280)
2021-11-08 11:11:08,015 [myid:3] - INFO  [WorkerSender[myid=3]:FastLeaderElection$Messenger$WorkerSender@506] - WorkerSender is down
2021-11-08 11:11:08,015 [myid:1] - INFO  [WorkerReceiver[myid=1]:FastLeaderElection$Messenger$WorkerReceiver@472] - WorkerReceiver is down
2021-11-08 11:11:08,016 [myid:2] - INFO  [WorkerReceiver[myid=2]:FastLeaderElection$Messenger$WorkerReceiver@472] - WorkerReceiver is down
2021-11-08 11:11:08,016 [myid:1] - INFO  [WorkerSender[myid=1]:FastLeaderElection$Messenger$WorkerSender@506] - WorkerSender is down
2021-11-08 11:11:08,016 [myid:2] - INFO  [WorkerSender[myid=2]:FastLeaderElection$Messenger$WorkerSender@506] - WorkerSender is down
2021-11-08 11:11:08,071 [myid:0] - INFO  [WorkerSender[myid=0]:FastLeaderElection$Messenger$WorkerSender@506] - WorkerSender is down
2021-11-08 11:11:08,071 [myid:0] - INFO  [WorkerReceiver[myid=0]:FastLeaderElection$Messenger$WorkerReceiver@472] - WorkerReceiver is down
2021-11-08 11:11:08,084 [myid:3] - INFO  [WorkerReceiver[myid=3]:FastLeaderElection$Messenger$WorkerReceiver@472] - WorkerReceiver is down
2021-11-08 11:11:08,179 [myid:0] - INFO  [LeaderConnector-/127.0.0.1:11265:Learner$LeaderConnector@381] - Successfully connected to leader, using address: /127.0.0.1:11265
2021-11-08 11:11:08,180 [myid:2] - INFO  [LearnerHandler-/127.0.0.1:7429:LearnerHandler@506] - Follower sid: 0 : info : 127.0.0.1:11259:11260:participant;127.0.0.1:11258
2021-11-08 11:11:08,188 [myid:0] - INFO  [QuorumPeer[myid=0](plain=127.0.0.1:11258)(secure=disabled):QuorumPeer@915] - Peer state changed: following - synchronization
2021-11-08 11:11:08,188 [myid:2] - INFO  [LearnerHandler-/127.0.0.1:7429:ZKDatabase@346] - On disk txn sync enabled with snapshotSizeFactor 0.33
2021-11-08 11:11:08,189 [myid:2] - INFO  [LearnerHandler-/127.0.0.1:7429:LearnerHandler@801] - Synchronizing with Learner sid: 0 maxCommittedLog=0x100000002 minCommittedLog=0x100000001 lastProcessedZxid=0x100000002 peerLastZxid=0x0
2021-11-08 11:11:08,189 [myid:2] - WARN  [LearnerHandler-/127.0.0.1:7429:ZKDatabase@388] - Unable to find proposals from txnlog for zxid: 0x0
2021-11-08 11:11:08,189 [myid:2] - INFO  [LearnerHandler-/127.0.0.1:7429:LearnerHandler@568] - Sending snapshot last zxid of peer is 0x0, zxid of leader is 0x100000002, send zxid of db as 0x100000002, 1 concurrent snapshot sync, snapshot sync was exempt from throttle
2021-11-08 11:11:08,189 [myid:0] - INFO  [QuorumPeer[myid=0](plain=127.0.0.1:11258)(secure=disabled):QuorumPeer@920] - Peer state changed: following - synchronization - snap
2021-11-08 11:11:08,189 [myid:0] - INFO  [QuorumPeer[myid=0](plain=127.0.0.1:11258)(secure=disabled):Learner@573] - Getting a snapshot from leader 0x100000002
2021-11-08 11:11:08,190 [myid:0] - INFO  [QuorumPeer[myid=0](plain=127.0.0.1:11258)(secure=disabled):WatchManagerFactory@42] - Using org.apache.zookeeper.server.watch.WatchManager as watch manager
2021-11-08 11:11:08,190 [myid:0] - INFO  [QuorumPeer[myid=0](plain=127.0.0.1:11258)(secure=disabled):WatchManagerFactory@42] - Using org.apache.zookeeper.server.watch.WatchManager as watch manager
2021-11-08 11:11:08,191 [myid:0] - INFO  [QuorumPeer[myid=0](plain=127.0.0.1:11258)(secure=disabled):Learner@734] - Learner received NEWLEADER message
2021-11-08 11:11:08,191 [myid:0] - INFO  [QuorumPeer[myid=0](plain=127.0.0.1:11258)(secure=disabled):QuorumPeer@1870] - Dynamic reconfig is disabled, we don't store the last seen config.
2021-11-08 11:11:08,191 [myid:0] - INFO  [QuorumPeer[myid=0](plain=127.0.0.1:11258)(secure=disabled):FileTxnSnapLog@479] - Snapshotting: 0x100000002 to D:\mysoft\faiscoGit\myStudy\ZooKeeperLearning\apache-zookeeper-3.7.0\zookeeper-server\target\surefire\test7588453471776350538.junit.dir\data\version-2\snapshot.100000002
2021-11-08 11:11:08,193 [myid:0] - INFO  [QuorumPeer[myid=0](plain=127.0.0.1:11258)(secure=disabled):ZooKeeperServer@543] - Snapshot taken in 2 ms
2021-11-08 11:11:08,197 [myid:0] - INFO  [QuorumPeer[myid=0](plain=127.0.0.1:11258)(secure=disabled):QuorumPeer@920] - Peer state changed: following - synchronization
2021-11-08 11:11:08,197 [myid:0] - INFO  [QuorumPeer[myid=0](plain=127.0.0.1:11258)(secure=disabled):CommitProcessor@491] - Configuring CommitProcessor with readBatchSize -1 commitBatchSize 1
2021-11-08 11:11:08,197 [myid:0] - INFO  [QuorumPeer[myid=0](plain=127.0.0.1:11258)(secure=disabled):CommitProcessor@452] - Configuring CommitProcessor with 6 worker threads.
2021-11-08 11:11:08,197 [myid:0] - INFO  [QuorumPeer[myid=0](plain=127.0.0.1:11258)(secure=disabled):FollowerRequestProcessor@59] - Initialized FollowerRequestProcessor with zookeeper.follower.skipLearnerRequestToNextProcessor as false
2021-11-08 11:11:08,210 [myid:0] - INFO  [QuorumPeer[myid=0](plain=127.0.0.1:11258)(secure=disabled):Learner@718] - Learner received UPTODATE message
2021-11-08 11:11:08,210 [myid:0] - INFO  [QuorumPeer[myid=0](plain=127.0.0.1:11258)(secure=disabled):QuorumPeer@915] - Peer state changed: following - broadcast
2021-11-08 11:11:08,227 [myid:127.0.0.1:11237] - WARN  [main-SendThread(127.0.0.1:11237):ClientCnxn$SendThread@1290] - Session 0x1005807239e0000 for sever xmind.net/127.0.0.1:11237, Closing socket connection. Attempting reconnect except it is a SessionExpiredException.
java.net.ConnectException: Connection refused: no further information
	at sun.nio.ch.SocketChannelImpl.checkConnect(Native Method)
	at sun.nio.ch.SocketChannelImpl.finishConnect(SocketChannelImpl.java:716)
	at org.apache.zookeeper.ClientCnxnSocketNIO.doTransport(ClientCnxnSocketNIO.java:344)
	at org.apache.zookeeper.ClientCnxn$SendThread.run(ClientCnxn.java:1280)
2021-11-08 11:11:08,378 [myid:127.0.0.1:11255] - INFO  [main-SendThread(127.0.0.1:11255):ClientCnxn$SendThread@1171] - Opening socket connection to server xmind.net/127.0.0.1:11255.
2021-11-08 11:11:08,378 [myid:127.0.0.1:11255] - INFO  [main-SendThread(127.0.0.1:11255):ClientCnxn$SendThread@1173] - SASL config status: Will not attempt to authenticate using SASL (unknown error)
2021-11-08 11:11:08,550 [myid:127.0.0.1:11225] - INFO  [main-SendThread(127.0.0.1:11225):ClientCnxn$SendThread@1171] - Opening socket connection to server xmind.net/127.0.0.1:11225.
2021-11-08 11:11:08,550 [myid:127.0.0.1:11225] - INFO  [main-SendThread(127.0.0.1:11225):ClientCnxn$SendThread@1173] - SASL config status: Will not attempt to authenticate using SASL (unknown error)
2021-11-08 11:11:08,566 [myid:127.0.0.1:11249] - INFO  [main-SendThread(127.0.0.1:11249):ClientCnxn$SendThread@1171] - Opening socket connection to server xmind.net/127.0.0.1:11249.
2021-11-08 11:11:08,566 [myid:127.0.0.1:11249] - INFO  [main-SendThread(127.0.0.1:11249):ClientCnxn$SendThread@1173] - SASL config status: Will not attempt to authenticate using SASL (unknown error)
2021-11-08 11:11:08,579 [myid:127.0.0.1:11246] - INFO  [main-SendThread(127.0.0.1:11246):ClientCnxn$SendThread@1171] - Opening socket connection to server xmind.net/127.0.0.1:11246.
2021-11-08 11:11:08,579 [myid:127.0.0.1:11246] - INFO  [main-SendThread(127.0.0.1:11246):ClientCnxn$SendThread@1173] - SASL config status: Will not attempt to authenticate using SASL (unknown error)
2021-11-08 11:11:08,605 [myid:127.0.0.1:11231] - WARN  [main-SendThread(127.0.0.1:11231):ClientCnxn$SendThread@1290] - Session 0x3005806ed610000 for sever xmind.net/127.0.0.1:11231, Closing socket connection. Attempting reconnect except it is a SessionExpiredException.
java.net.ConnectException: Connection refused: no further information
	at sun.nio.ch.SocketChannelImpl.checkConnect(Native Method)
	at sun.nio.ch.SocketChannelImpl.finishConnect(SocketChannelImpl.java:716)
	at org.apache.zookeeper.ClientCnxnSocketNIO.doTransport(ClientCnxnSocketNIO.java:344)
	at org.apache.zookeeper.ClientCnxn$SendThread.run(ClientCnxn.java:1280)
2021-11-08 11:11:08,832 [myid:127.0.0.1:11252] - INFO  [main-SendThread(127.0.0.1:11252):ClientCnxn$SendThread@1171] - Opening socket connection to server xmind.net/127.0.0.1:11252.
2021-11-08 11:11:08,832 [myid:127.0.0.1:11252] - INFO  [main-SendThread(127.0.0.1:11252):ClientCnxn$SendThread@1173] - SASL config status: Will not attempt to authenticate using SASL (unknown error)
2021-11-08 11:11:08,903 [myid:127.0.0.1:11261] - INFO  [main-SendThread(127.0.0.1:11261):ClientCnxn$SendThread@1171] - Opening socket connection to server xmind.net/127.0.0.1:11261.
2021-11-08 11:11:08,903 [myid:127.0.0.1:11261] - INFO  [main-SendThread(127.0.0.1:11261):ClientCnxn$SendThread@1173] - SASL config status: Will not attempt to authenticate using SASL (unknown error)
2021-11-08 11:11:08,904 [myid:127.0.0.1:11261] - INFO  [main-SendThread(127.0.0.1:11261):ClientCnxn$SendThread@1005] - Socket connection established, initiating session, client: /127.0.0.1:7462, server: xmind.net/127.0.0.1:11261
2021-11-08 11:11:08,914 [myid:0] - WARN  [QuorumPeer[myid=0](plain=127.0.0.1:11258)(secure=disabled):Follower@174] - Got zxid 0x100000003 expected 0x1
2021-11-08 11:11:08,914 [myid:0] - INFO  [SyncThread:0:FileTxnLog@284] - Creating new log file: log.100000003
2021-11-08 11:11:08,919 [myid:2] - INFO  [CommitProcessor:2:LeaderSessionTracker@104] - Committing global session 0x10058075e130000
2021-11-08 11:11:08,920 [myid:3] - INFO  [CommitProcessor:3:LearnerSessionTracker@116] - Committing global session 0x10058075e130000
2021-11-08 11:11:08,920 [myid:1] - INFO  [CommitProcessor:1:LearnerSessionTracker@116] - Committing global session 0x10058075e130000
2021-11-08 11:11:08,921 [myid:0] - INFO  [CommitProcessor:0:LearnerSessionTracker@116] - Committing global session 0x10058075e130000
2021-11-08 11:11:08,922 [myid:127.0.0.1:11261] - INFO  [main-SendThread(127.0.0.1:11261):ClientCnxn$SendThread@1438] - Session establishment complete on server xmind.net/127.0.0.1:11261, session id = 0x10058075e130000, negotiated timeout = 30000
2021-11-08 11:11:09,023 [myid:127.0.0.1:11240] - WARN  [main-SendThread(127.0.0.1:11240):ClientCnxn$SendThread@1290] - Session 0x200580723a50000 for sever xmind.net/127.0.0.1:11240, Closing socket connection. Attempting reconnect except it is a SessionExpiredException.
java.net.ConnectException: Connection refused: no further information
	at sun.nio.ch.SocketChannelImpl.checkConnect(Native Method)
	at sun.nio.ch.SocketChannelImpl.finishConnect(SocketChannelImpl.java:716)
	at org.apache.zookeeper.ClientCnxnSocketNIO.doTransport(ClientCnxnSocketNIO.java:344)
	at org.apache.zookeeper.ClientCnxn$SendThread.run(ClientCnxn.java:1280)
2021-11-08 11:11:09,080 [myid:127.0.0.1:11258] - INFO  [main-SendThread(127.0.0.1:11258):ClientCnxn$SendThread@1171] - Opening socket connection to server xmind.net/127.0.0.1:11258.
2021-11-08 11:11:09,080 [myid:127.0.0.1:11258] - INFO  [main-SendThread(127.0.0.1:11258):ClientCnxn$SendThread@1173] - SASL config status: Will not attempt to authenticate using SASL (unknown error)
2021-11-08 11:11:09,081 [myid:127.0.0.1:11258] - INFO  [main-SendThread(127.0.0.1:11258):ClientCnxn$SendThread@1005] - Socket connection established, initiating session, client: /127.0.0.1:7468, server: xmind.net/127.0.0.1:11258
2021-11-08 11:11:09,086 [myid:2] - INFO  [CommitProcessor:2:LeaderSessionTracker@104] - Committing global session 0x580760af0000
2021-11-08 11:11:09,086 [myid:0] - INFO  [CommitProcessor:0:LearnerSessionTracker@116] - Committing global session 0x580760af0000
2021-11-08 11:11:09,086 [myid:3] - INFO  [CommitProcessor:3:LearnerSessionTracker@116] - Committing global session 0x580760af0000
2021-11-08 11:11:09,086 [myid:1] - INFO  [CommitProcessor:1:LearnerSessionTracker@116] - Committing global session 0x580760af0000
2021-11-08 11:11:09,088 [myid:127.0.0.1:11258] - INFO  [main-SendThread(127.0.0.1:11258):ClientCnxn$SendThread@1438] - Session establishment complete on server xmind.net/127.0.0.1:11258, session id = 0x580760af0000, negotiated timeout = 30000
2021-11-08 11:11:09,229 [myid:127.0.0.1:11222] - WARN  [main-SendThread(127.0.0.1:11222):ClientCnxn$SendThread@1290] - Session 0x5806ebea0000 for sever xmind.net/127.0.0.1:11222, Closing socket connection. Attempting reconnect except it is a SessionExpiredException.
java.net.ConnectException: Connection refused: no further information
	at sun.nio.ch.SocketChannelImpl.checkConnect(Native Method)
	at sun.nio.ch.SocketChannelImpl.finishConnect(SocketChannelImpl.java:716)
	at org.apache.zookeeper.ClientCnxnSocketNIO.doTransport(ClientCnxnSocketNIO.java:344)
	at org.apache.zookeeper.ClientCnxn$SendThread.run(ClientCnxn.java:1280)
2021-11-08 11:11:09,274 [myid:127.0.0.1:11228] - WARN  [main-SendThread(127.0.0.1:11228):ClientCnxn$SendThread@1290] - Session 0x2005806ebfe0000 for sever xmind.net/127.0.0.1:11228, Closing socket connection. Attempting reconnect except it is a SessionExpiredException.
java.net.ConnectException: Connection refused: no further information
	at sun.nio.ch.SocketChannelImpl.checkConnect(Native Method)
	at sun.nio.ch.SocketChannelImpl.finishConnect(SocketChannelImpl.java:716)
	at org.apache.zookeeper.ClientCnxnSocketNIO.doTransport(ClientCnxnSocketNIO.java:344)
	at org.apache.zookeeper.ClientCnxn$SendThread.run(ClientCnxn.java:1280)
2021-11-08 11:11:09,506 [myid:127.0.0.1:11237] - INFO  [main-SendThread(127.0.0.1:11237):ClientCnxn$SendThread@1171] - Opening socket connection to server xmind.net/127.0.0.1:11237.
2021-11-08 11:11:09,506 [myid:127.0.0.1:11237] - INFO  [main-SendThread(127.0.0.1:11237):ClientCnxn$SendThread@1173] - SASL config status: Will not attempt to authenticate using SASL (unknown error)
2021-11-08 11:11:09,632 [myid:127.0.0.1:11243] - WARN  [main-SendThread(127.0.0.1:11243):ClientCnxn$SendThread@1290] - Session 0x3005807239f0000 for sever xmind.net/127.0.0.1:11243, Closing socket connection. Attempting reconnect except it is a SessionExpiredException.
java.net.ConnectException: Connection refused: no further information
	at sun.nio.ch.SocketChannelImpl.checkConnect(Native Method)
	at sun.nio.ch.SocketChannelImpl.finishConnect(SocketChannelImpl.java:716)
	at org.apache.zookeeper.ClientCnxnSocketNIO.doTransport(ClientCnxnSocketNIO.java:344)
	at org.apache.zookeeper.ClientCnxn$SendThread.run(ClientCnxn.java:1280)
2021-11-08 11:11:09,681 [myid:2] - INFO  [SessionTracker:SessionTrackerImpl@175] - SessionTrackerImpl exited loop!
2021-11-08 11:11:09,706 [myid:127.0.0.1:11234] - INFO  [main-SendThread(127.0.0.1:11234):ClientCnxn$SendThread@1171] - Opening socket connection to server xmind.net/127.0.0.1:11234.
2021-11-08 11:11:09,706 [myid:127.0.0.1:11234] - INFO  [main-SendThread(127.0.0.1:11234):ClientCnxn$SendThread@1173] - SASL config status: Will not attempt to authenticate using SASL (unknown error)
2021-11-08 11:11:09,836 [myid:127.0.0.1:11231] - INFO  [main-SendThread(127.0.0.1:11231):ClientCnxn$SendThread@1171] - Opening socket connection to server xmind.net/127.0.0.1:11231.
2021-11-08 11:11:09,836 [myid:127.0.0.1:11231] - INFO  [main-SendThread(127.0.0.1:11231):ClientCnxn$SendThread@1173] - SASL config status: Will not attempt to authenticate using SASL (unknown error)
2021-11-08 11:11:10,264 [myid:] - INFO  [main:QuorumPeerTestBase$Servers@441] - Leader is 2
2021-11-08 11:11:10,265 [myid:] - INFO  [main:QuorumBase@422] - Shutting down quorum peer QuorumPeer[myid=0](plain=127.0.0.1:11258)(secure=disabled)
2021-11-08 11:11:10,265 [myid:] - INFO  [main:Follower@291] - shutdown Follower
2021-11-08 11:11:10,267 [myid:127.0.0.1:11258] - WARN  [main-SendThread(127.0.0.1:11258):ClientCnxn$SendThread@1290] - Session 0x580760af0000 for sever xmind.net/127.0.0.1:11258, Closing socket connection. Attempting reconnect except it is a SessionExpiredException.
EndOfStreamException: Unable to read additional data from server sessionid 0x580760af0000, likely server has closed socket
	at org.apache.zookeeper.ClientCnxnSocketNIO.doIO(ClientCnxnSocketNIO.java:77)
	at org.apache.zookeeper.ClientCnxnSocketNIO.doTransport(ClientCnxnSocketNIO.java:350)
	at org.apache.zookeeper.ClientCnxn$SendThread.run(ClientCnxn.java:1280)
2021-11-08 11:11:10,267 [myid:0] - WARN  [QuorumPeer[myid=0](plain=127.0.0.1:11258)(secure=disabled):Follower@133] - Exception when following the leader
java.net.SocketException: Socket Closed
	at java.net.SocketInputStream.socketRead0(Native Method)
	at java.net.SocketInputStream.read(SocketInputStream.java:150)
	at java.net.SocketInputStream.read(SocketInputStream.java:121)
	at java.io.BufferedInputStream.fill(BufferedInputStream.java:246)
	at java.io.BufferedInputStream.read(BufferedInputStream.java:265)
	at java.io.DataInputStream.readInt(DataInputStream.java:387)
	at org.apache.jute.BinaryInputArchive.readInt(BinaryInputArchive.java:96)
	at org.apache.zookeeper.server.quorum.QuorumPacket.deserialize(QuorumPacket.java:86)
	at org.apache.jute.BinaryInputArchive.readRecord(BinaryInputArchive.java:134)
	at org.apache.zookeeper.server.quorum.Learner.readPacket(Learner.java:225)
	at org.apache.zookeeper.server.quorum.Follower.followLeader(Follower.java:128)
	at org.apache.zookeeper.server.quorum.QuorumPeer.run(QuorumPeer.java:1515)
2021-11-08 11:11:10,267 [myid:2] - ERROR [LearnerHandler-/127.0.0.1:7429:LearnerHandler@715] - Unexpected exception in LearnerHandler: 
java.io.EOFException
	at java.io.DataInputStream.readInt(DataInputStream.java:392)
	at org.apache.jute.BinaryInputArchive.readInt(BinaryInputArchive.java:96)
	at org.apache.zookeeper.server.quorum.QuorumPacket.deserialize(QuorumPacket.java:86)
	at org.apache.jute.BinaryInputArchive.readRecord(BinaryInputArchive.java:134)
	at org.apache.zookeeper.server.quorum.LearnerHandler.run(LearnerHandler.java:652)
2021-11-08 11:11:10,267 [myid:2] - INFO  [LearnerHandler-/127.0.0.1:7429:LearnerHandler@1155] - Synchronously closing socket to learner 0.
2021-11-08 11:11:10,267 [myid:2] - WARN  [LearnerHandler-/127.0.0.1:7429:LearnerHandler@731] - ******* GOODBYE /127.0.0.1:7429 ********
2021-11-08 11:11:10,267 [myid:] - INFO  [main:ZooKeeperServer@829] - shutting down
2021-11-08 11:11:10,267 [myid:0] - INFO  [QuorumPeer[myid=0](plain=127.0.0.1:11258)(secure=disabled):Follower@147] - Disconnected from leader (with address: /127.0.0.1:11265). Was connected for 2087ms. Sync state: true
2021-11-08 11:11:10,267 [myid:0] - INFO  [QuorumPeer[myid=0](plain=127.0.0.1:11258)(secure=disabled):Follower@291] - shutdown Follower
2021-11-08 11:11:10,267 [myid:] - INFO  [main:RequestThrottler@258] - Shutting down
2021-11-08 11:11:10,268 [myid:0] - INFO  [RequestThrottler:RequestThrottler@219] - Draining request throttler queue
2021-11-08 11:11:10,268 [myid:0] - INFO  [RequestThrottler:RequestThrottler@195] - RequestThrottler shutdown. Dropped 0 requests
2021-11-08 11:11:10,268 [myid:] - INFO  [main:FollowerRequestProcessor@172] - Shutting down
2021-11-08 11:11:10,268 [myid:] - INFO  [main:CommitProcessor@632] - Shutting down
2021-11-08 11:11:10,268 [myid:0] - INFO  [FollowerRequestProcessor:0:FollowerRequestProcessor@128] - FollowerRequestProcessor exited loop!
2021-11-08 11:11:10,268 [myid:0] - INFO  [CommitProcessor:0:CommitProcessor@420] - CommitProcessor exited loop!
2021-11-08 11:11:10,268 [myid:] - INFO  [main:FinalRequestProcessor@684] - shutdown of request processor complete
2021-11-08 11:11:10,270 [myid:0] - INFO  [QuorumPeer[myid=0](plain=127.0.0.1:11258)(secure=disabled):QuorumPeer@915] - Peer state changed: looking
2021-11-08 11:11:10,270 [myid:0] - WARN  [QuorumPeer[myid=0](plain=127.0.0.1:11258)(secure=disabled):QuorumPeer@1563] - PeerState set to LOOKING
2021-11-08 11:11:10,270 [myid:0] - WARN  [QuorumPeer[myid=0](plain=127.0.0.1:11258)(secure=disabled):QuorumPeer@1545] - QuorumPeer main thread exited
2021-11-08 11:11:10,270 [myid:0] - INFO  [ConnnectionExpirer:NIOServerCnxnFactory$ConnectionExpirerThread@564] - ConnnectionExpirerThread interrupted
2021-11-08 11:11:10,270 [myid:0] - INFO  [NIOServerCxnFactory.SelectorThread-0:NIOServerCnxnFactory$SelectorThread@397] - selector thread exitted run method
2021-11-08 11:11:10,270 [myid:0] - INFO  [NIOServerCxnFactory.AcceptThread:/127.0.0.1:11258:NIOServerCnxnFactory$AcceptThread@195] - accept thread exitted run method
2021-11-08 11:11:10,271 [myid:0] - INFO  [QuorumPeerListener:QuorumCnxManager$Listener@980] - Leaving listener
2021-11-08 11:11:10,271 [myid:1] - WARN  [RecvWorker:0:QuorumCnxManager$RecvWorker@1397] - Connection broken for id 0, my id = 1
java.io.EOFException
	at java.io.DataInputStream.readInt(DataInputStream.java:392)
	at org.apache.zookeeper.server.quorum.QuorumCnxManager$RecvWorker.run(QuorumCnxManager.java:1385)
2021-11-08 11:11:10,271 [myid:0] - WARN  [RecvWorker:1:QuorumCnxManager$RecvWorker@1397] - Connection broken for id 1, my id = 0
java.net.SocketException: Socket closed
	at java.net.SocketInputStream.socketRead0(Native Method)
	at java.net.SocketInputStream.read(SocketInputStream.java:150)
	at java.net.SocketInputStream.read(SocketInputStream.java:121)
	at java.io.BufferedInputStream.fill(BufferedInputStream.java:246)
	at java.io.BufferedInputStream.read(BufferedInputStream.java:265)
	at java.io.DataInputStream.readInt(DataInputStream.java:387)
	at org.apache.zookeeper.server.quorum.QuorumCnxManager$RecvWorker.run(QuorumCnxManager.java:1385)
2021-11-08 11:11:10,271 [myid:0] - WARN  [RecvWorker:1:QuorumCnxManager$RecvWorker@1403] - Interrupting SendWorker thread from RecvWorker. sid: 1. myId: 0
2021-11-08 11:11:10,271 [myid:0] - WARN  [RecvWorker:3:QuorumCnxManager$RecvWorker@1397] - Connection broken for id 3, my id = 0
java.net.SocketException: Socket closed
	at java.net.SocketInputStream.socketRead0(Native Method)
	at java.net.SocketInputStream.read(SocketInputStream.java:150)
	at java.net.SocketInputStream.read(SocketInputStream.java:121)
	at java.io.BufferedInputStream.fill(BufferedInputStream.java:246)
	at java.io.BufferedInputStream.read(BufferedInputStream.java:265)
	at java.io.DataInputStream.readInt(DataInputStream.java:387)
	at org.apache.zookeeper.server.quorum.QuorumCnxManager$RecvWorker.run(QuorumCnxManager.java:1385)
2021-11-08 11:11:10,271 [myid:0] - WARN  [RecvWorker:2:QuorumCnxManager$RecvWorker@1397] - Connection broken for id 2, my id = 0
java.net.SocketException: Socket closed
	at java.net.SocketInputStream.socketRead0(Native Method)
	at java.net.SocketInputStream.read(SocketInputStream.java:150)
	at java.net.SocketInputStream.read(SocketInputStream.java:121)
	at java.io.BufferedInputStream.fill(BufferedInputStream.java:246)
	at java.io.BufferedInputStream.read(BufferedInputStream.java:265)
	at java.io.DataInputStream.readInt(DataInputStream.java:387)
	at org.apache.zookeeper.server.quorum.QuorumCnxManager$RecvWorker.run(QuorumCnxManager.java:1385)
2021-11-08 11:11:10,271 [myid:1] - WARN  [RecvWorker:0:QuorumCnxManager$RecvWorker@1403] - Interrupting SendWorker thread from RecvWorker. sid: 0. myId: 1
2021-11-08 11:11:10,271 [myid:2] - WARN  [RecvWorker:0:QuorumCnxManager$RecvWorker@1397] - Connection broken for id 0, my id = 2
java.io.EOFException
	at java.io.DataInputStream.readInt(DataInputStream.java:392)
	at org.apache.zookeeper.server.quorum.QuorumCnxManager$RecvWorker.run(QuorumCnxManager.java:1385)
2021-11-08 11:11:10,272 [myid:2] - WARN  [RecvWorker:0:QuorumCnxManager$RecvWorker@1403] - Interrupting SendWorker thread from RecvWorker. sid: 0. myId: 2
2021-11-08 11:11:10,272 [myid:0] - WARN  [SendWorker:2:QuorumCnxManager$SendWorker@1283] - Interrupted while waiting for message on queue
java.lang.InterruptedException
	at java.util.concurrent.locks.AbstractQueuedSynchronizer$ConditionObject.reportInterruptAfterWait(AbstractQueuedSynchronizer.java:2014)
	at java.util.concurrent.locks.AbstractQueuedSynchronizer$ConditionObject.awaitNanos(AbstractQueuedSynchronizer.java:2088)
	at org.apache.zookeeper.util.CircularBlockingQueue.poll(CircularBlockingQueue.java:105)
	at org.apache.zookeeper.server.quorum.QuorumCnxManager.pollSendQueue(QuorumCnxManager.java:1448)
	at org.apache.zookeeper.server.quorum.QuorumCnxManager.access$900(QuorumCnxManager.java:99)
	at org.apache.zookeeper.server.quorum.QuorumCnxManager$SendWorker.run(QuorumCnxManager.java:1272)
2021-11-08 11:11:10,272 [myid:0] - WARN  [SendWorker:2:QuorumCnxManager$SendWorker@1295] - Send worker leaving thread id 2 my id = 0
2021-11-08 11:11:10,272 [myid:0] - WARN  [SendWorker:1:QuorumCnxManager$SendWorker@1283] - Interrupted while waiting for message on queue
java.lang.InterruptedException
	at java.util.concurrent.locks.AbstractQueuedSynchronizer$ConditionObject.reportInterruptAfterWait(AbstractQueuedSynchronizer.java:2014)
	at java.util.concurrent.locks.AbstractQueuedSynchronizer$ConditionObject.awaitNanos(AbstractQueuedSynchronizer.java:2088)
	at org.apache.zookeeper.util.CircularBlockingQueue.poll(CircularBlockingQueue.java:105)
	at org.apache.zookeeper.server.quorum.QuorumCnxManager.pollSendQueue(QuorumCnxManager.java:1448)
	at org.apache.zookeeper.server.quorum.QuorumCnxManager.access$900(QuorumCnxManager.java:99)
	at org.apache.zookeeper.server.quorum.QuorumCnxManager$SendWorker.run(QuorumCnxManager.java:1272)
2021-11-08 11:11:10,272 [myid:0] - WARN  [RecvWorker:2:QuorumCnxManager$RecvWorker@1403] - Interrupting SendWorker thread from RecvWorker. sid: 2. myId: 0
2021-11-08 11:11:10,272 [myid:] - INFO  [main:QuorumBase@426] - Shutting down leader election QuorumPeer[myid=0](plain=127.0.0.1:11258)(secure=disabled)
2021-11-08 11:11:10,272 [myid:] - INFO  [main:QuorumBase@431] - Waiting for QuorumPeer[myid=0](plain=127.0.0.1:11258)(secure=disabled) to exit thread
2021-11-08 11:11:10,272 [myid:0] - WARN  [SendWorker:3:QuorumCnxManager$SendWorker@1283] - Interrupted while waiting for message on queue
java.lang.InterruptedException
	at java.util.concurrent.locks.AbstractQueuedSynchronizer$ConditionObject.reportInterruptAfterWait(AbstractQueuedSynchronizer.java:2014)
	at java.util.concurrent.locks.AbstractQueuedSynchronizer$ConditionObject.awaitNanos(AbstractQueuedSynchronizer.java:2088)
	at org.apache.zookeeper.util.CircularBlockingQueue.poll(CircularBlockingQueue.java:105)
	at org.apache.zookeeper.server.quorum.QuorumCnxManager.pollSendQueue(QuorumCnxManager.java:1448)
	at org.apache.zookeeper.server.quorum.QuorumCnxManager.access$900(QuorumCnxManager.java:99)
	at org.apache.zookeeper.server.quorum.QuorumCnxManager$SendWorker.run(QuorumCnxManager.java:1272)
2021-11-08 11:11:10,272 [myid:0] - WARN  [RecvWorker:3:QuorumCnxManager$RecvWorker@1403] - Interrupting SendWorker thread from RecvWorker. sid: 3. myId: 0
2021-11-08 11:11:10,271 [myid:3] - WARN  [RecvWorker:0:QuorumCnxManager$RecvWorker@1397] - Connection broken for id 0, my id = 3
java.io.EOFException
	at java.io.DataInputStream.readInt(DataInputStream.java:392)
	at org.apache.zookeeper.server.quorum.QuorumCnxManager$RecvWorker.run(QuorumCnxManager.java:1385)
2021-11-08 11:11:10,273 [myid:3] - WARN  [RecvWorker:0:QuorumCnxManager$RecvWorker@1403] - Interrupting SendWorker thread from RecvWorker. sid: 0. myId: 3
2021-11-08 11:11:10,273 [myid:0] - WARN  [SendWorker:3:QuorumCnxManager$SendWorker@1295] - Send worker leaving thread id 3 my id = 0
2021-11-08 11:11:10,273 [myid:3] - WARN  [SendWorker:0:QuorumCnxManager$SendWorker@1283] - Interrupted while waiting for message on queue
java.lang.InterruptedException
	at java.util.concurrent.locks.AbstractQueuedSynchronizer$ConditionObject.reportInterruptAfterWait(AbstractQueuedSynchronizer.java:2014)
	at java.util.concurrent.locks.AbstractQueuedSynchronizer$ConditionObject.awaitNanos(AbstractQueuedSynchronizer.java:2088)
	at org.apache.zookeeper.util.CircularBlockingQueue.poll(CircularBlockingQueue.java:105)
	at org.apache.zookeeper.server.quorum.QuorumCnxManager.pollSendQueue(QuorumCnxManager.java:1448)
	at org.apache.zookeeper.server.quorum.QuorumCnxManager.access$900(QuorumCnxManager.java:99)
	at org.apache.zookeeper.server.quorum.QuorumCnxManager$SendWorker.run(QuorumCnxManager.java:1272)
2021-11-08 11:11:10,273 [myid:] - INFO  [main:QuorumBase@422] - Shutting down quorum peer QuorumPeer[myid=1](plain=127.0.0.1:11261)(secure=disabled)
2021-11-08 11:11:10,273 [myid:] - INFO  [main:Follower@291] - shutdown Follower
2021-11-08 11:11:10,272 [myid:0] - WARN  [SendWorker:1:QuorumCnxManager$SendWorker@1295] - Send worker leaving thread id 1 my id = 0
2021-11-08 11:11:10,272 [myid:1] - WARN  [SendWorker:0:QuorumCnxManager$SendWorker@1283] - Interrupted while waiting for message on queue
java.lang.InterruptedException
	at java.util.concurrent.locks.AbstractQueuedSynchronizer$ConditionObject.reportInterruptAfterWait(AbstractQueuedSynchronizer.java:2014)
	at java.util.concurrent.locks.AbstractQueuedSynchronizer$ConditionObject.awaitNanos(AbstractQueuedSynchronizer.java:2088)
	at org.apache.zookeeper.util.CircularBlockingQueue.poll(CircularBlockingQueue.java:105)
	at org.apache.zookeeper.server.quorum.QuorumCnxManager.pollSendQueue(QuorumCnxManager.java:1448)
	at org.apache.zookeeper.server.quorum.QuorumCnxManager.access$900(QuorumCnxManager.java:99)
	at org.apache.zookeeper.server.quorum.QuorumCnxManager$SendWorker.run(QuorumCnxManager.java:1272)
2021-11-08 11:11:10,274 [myid:1] - WARN  [SendWorker:0:QuorumCnxManager$SendWorker@1295] - Send worker leaving thread id 0 my id = 1
2021-11-08 11:11:10,274 [myid:2] - ERROR [LearnerHandler-/127.0.0.1:7434:LearnerHandler@715] - Unexpected exception in LearnerHandler: 
java.io.EOFException
	at java.io.DataInputStream.readInt(DataInputStream.java:392)
	at org.apache.jute.BinaryInputArchive.readInt(BinaryInputArchive.java:96)
	at org.apache.zookeeper.server.quorum.QuorumPacket.deserialize(QuorumPacket.java:86)
	at org.apache.jute.BinaryInputArchive.readRecord(BinaryInputArchive.java:134)
	at org.apache.zookeeper.server.quorum.LearnerHandler.run(LearnerHandler.java:652)
2021-11-08 11:11:10,274 [myid:2] - INFO  [LearnerHandler-/127.0.0.1:7434:LearnerHandler@1155] - Synchronously closing socket to learner 1.
2021-11-08 11:11:10,274 [myid:2] - WARN  [LearnerHandler-/127.0.0.1:7434:LearnerHandler@731] - ******* GOODBYE /127.0.0.1:7434 ********
2021-11-08 11:11:10,272 [myid:2] - WARN  [SendWorker:0:QuorumCnxManager$SendWorker@1283] - Interrupted while waiting for message on queue
java.lang.InterruptedException
	at java.util.concurrent.locks.AbstractQueuedSynchronizer$ConditionObject.reportInterruptAfterWait(AbstractQueuedSynchronizer.java:2014)
	at java.util.concurrent.locks.AbstractQueuedSynchronizer$ConditionObject.awaitNanos(AbstractQueuedSynchronizer.java:2088)
	at org.apache.zookeeper.util.CircularBlockingQueue.poll(CircularBlockingQueue.java:105)
	at org.apache.zookeeper.server.quorum.QuorumCnxManager.pollSendQueue(QuorumCnxManager.java:1448)
	at org.apache.zookeeper.server.quorum.QuorumCnxManager.access$900(QuorumCnxManager.java:99)
	at org.apache.zookeeper.server.quorum.QuorumCnxManager$SendWorker.run(QuorumCnxManager.java:1272)
2021-11-08 11:11:10,274 [myid:1] - WARN  [QuorumPeer[myid=1](plain=127.0.0.1:11261)(secure=disabled):Follower@133] - Exception when following the leader
java.net.SocketException: Socket Closed
	at java.net.SocketInputStream.socketRead0(Native Method)
	at java.net.SocketInputStream.read(SocketInputStream.java:150)
	at java.net.SocketInputStream.read(SocketInputStream.java:121)
	at java.io.BufferedInputStream.fill(BufferedInputStream.java:246)
	at java.io.BufferedInputStream.read(BufferedInputStream.java:265)
	at java.io.DataInputStream.readInt(DataInputStream.java:387)
	at org.apache.jute.BinaryInputArchive.readInt(BinaryInputArchive.java:96)
	at org.apache.zookeeper.server.quorum.QuorumPacket.deserialize(QuorumPacket.java:86)
	at org.apache.jute.BinaryInputArchive.readRecord(BinaryInputArchive.java:134)
	at org.apache.zookeeper.server.quorum.Learner.readPacket(Learner.java:225)
	at org.apache.zookeeper.server.quorum.Follower.followLeader(Follower.java:128)
	at org.apache.zookeeper.server.quorum.QuorumPeer.run(QuorumPeer.java:1515)
2021-11-08 11:11:10,274 [myid:] - INFO  [main:ZooKeeperServer@829] - shutting down
2021-11-08 11:11:10,274 [myid:127.0.0.1:11261] - WARN  [main-SendThread(127.0.0.1:11261):ClientCnxn$SendThread@1290] - Session 0x10058075e130000 for sever xmind.net/127.0.0.1:11261, Closing socket connection. Attempting reconnect except it is a SessionExpiredException.
EndOfStreamException: Unable to read additional data from server sessionid 0x10058075e130000, likely server has closed socket
	at org.apache.zookeeper.ClientCnxnSocketNIO.doIO(ClientCnxnSocketNIO.java:77)
	at org.apache.zookeeper.ClientCnxnSocketNIO.doTransport(ClientCnxnSocketNIO.java:350)
	at org.apache.zookeeper.ClientCnxn$SendThread.run(ClientCnxn.java:1280)
2021-11-08 11:11:10,273 [myid:3] - WARN  [SendWorker:0:QuorumCnxManager$SendWorker@1295] - Send worker leaving thread id 0 my id = 3
2021-11-08 11:11:10,274 [myid:] - INFO  [main:RequestThrottler@258] - Shutting down
2021-11-08 11:11:10,274 [myid:1] - INFO  [QuorumPeer[myid=1](plain=127.0.0.1:11261)(secure=disabled):Follower@147] - Disconnected from leader (with address: /127.0.0.1:11265). Was connected for 2785ms. Sync state: true
2021-11-08 11:11:10,274 [myid:2] - WARN  [SendWorker:0:QuorumCnxManager$SendWorker@1295] - Send worker leaving thread id 0 my id = 2
2021-11-08 11:11:10,275 [myid:1] - INFO  [QuorumPeer[myid=1](plain=127.0.0.1:11261)(secure=disabled):Follower@291] - shutdown Follower
2021-11-08 11:11:10,275 [myid:1] - INFO  [RequestThrottler:RequestThrottler@219] - Draining request throttler queue
2021-11-08 11:11:10,275 [myid:1] - INFO  [RequestThrottler:RequestThrottler@195] - RequestThrottler shutdown. Dropped 0 requests
2021-11-08 11:11:10,275 [myid:] - INFO  [main:FollowerRequestProcessor@172] - Shutting down
2021-11-08 11:11:10,275 [myid:] - INFO  [main:CommitProcessor@632] - Shutting down
2021-11-08 11:11:10,275 [myid:1] - INFO  [CommitProcessor:1:CommitProcessor@420] - CommitProcessor exited loop!
2021-11-08 11:11:10,275 [myid:1] - INFO  [FollowerRequestProcessor:1:FollowerRequestProcessor@128] - FollowerRequestProcessor exited loop!
2021-11-08 11:11:10,275 [myid:] - INFO  [main:FinalRequestProcessor@684] - shutdown of request processor complete
2021-11-08 11:11:10,277 [myid:1] - INFO  [QuorumPeer[myid=1](plain=127.0.0.1:11261)(secure=disabled):QuorumPeer@915] - Peer state changed: looking
2021-11-08 11:11:10,277 [myid:1] - WARN  [QuorumPeer[myid=1](plain=127.0.0.1:11261)(secure=disabled):QuorumPeer@1563] - PeerState set to LOOKING
2021-11-08 11:11:10,277 [myid:1] - WARN  [QuorumPeer[myid=1](plain=127.0.0.1:11261)(secure=disabled):QuorumPeer@1545] - QuorumPeer main thread exited
2021-11-08 11:11:10,277 [myid:1] - INFO  [ConnnectionExpirer:NIOServerCnxnFactory$ConnectionExpirerThread@564] - ConnnectionExpirerThread interrupted
2021-11-08 11:11:10,277 [myid:1] - INFO  [NIOServerCxnFactory.AcceptThread:/127.0.0.1:11261:NIOServerCnxnFactory$AcceptThread@195] - accept thread exitted run method
2021-11-08 11:11:10,277 [myid:1] - INFO  [NIOServerCxnFactory.SelectorThread-0:NIOServerCnxnFactory$SelectorThread@397] - selector thread exitted run method
2021-11-08 11:11:10,278 [myid:1] - INFO  [QuorumPeerListener:QuorumCnxManager$Listener@980] - Leaving listener
2021-11-08 11:11:10,278 [myid:2] - WARN  [RecvWorker:1:QuorumCnxManager$RecvWorker@1397] - Connection broken for id 1, my id = 2
java.io.EOFException
	at java.io.DataInputStream.readInt(DataInputStream.java:392)
	at org.apache.zookeeper.server.quorum.QuorumCnxManager$RecvWorker.run(QuorumCnxManager.java:1385)
2021-11-08 11:11:10,278 [myid:1] - WARN  [RecvWorker:2:QuorumCnxManager$RecvWorker@1397] - Connection broken for id 2, my id = 1
java.net.SocketException: Socket closed
	at java.net.SocketInputStream.socketRead0(Native Method)
	at java.net.SocketInputStream.read(SocketInputStream.java:150)
	at java.net.SocketInputStream.read(SocketInputStream.java:121)
	at java.io.BufferedInputStream.fill(BufferedInputStream.java:246)
	at java.io.BufferedInputStream.read(BufferedInputStream.java:265)
	at java.io.DataInputStream.readInt(DataInputStream.java:387)
	at org.apache.zookeeper.server.quorum.QuorumCnxManager$RecvWorker.run(QuorumCnxManager.java:1385)
2021-11-08 11:11:10,278 [myid:1] - WARN  [RecvWorker:3:QuorumCnxManager$RecvWorker@1397] - Connection broken for id 3, my id = 1
java.net.SocketException: Socket closed
	at java.net.SocketInputStream.socketRead0(Native Method)
	at java.net.SocketInputStream.read(SocketInputStream.java:150)
	at java.net.SocketInputStream.read(SocketInputStream.java:121)
	at java.io.BufferedInputStream.fill(BufferedInputStream.java:246)
	at java.io.BufferedInputStream.read(BufferedInputStream.java:265)
	at java.io.DataInputStream.readInt(DataInputStream.java:387)
	at org.apache.zookeeper.server.quorum.QuorumCnxManager$RecvWorker.run(QuorumCnxManager.java:1385)
2021-11-08 11:11:10,278 [myid:3] - WARN  [RecvWorker:1:QuorumCnxManager$RecvWorker@1397] - Connection broken for id 1, my id = 3
java.io.EOFException
	at java.io.DataInputStream.readInt(DataInputStream.java:392)
	at org.apache.zookeeper.server.quorum.QuorumCnxManager$RecvWorker.run(QuorumCnxManager.java:1385)
2021-11-08 11:11:10,278 [myid:3] - WARN  [RecvWorker:1:QuorumCnxManager$RecvWorker@1403] - Interrupting SendWorker thread from RecvWorker. sid: 1. myId: 3
2021-11-08 11:11:10,278 [myid:2] - WARN  [RecvWorker:1:QuorumCnxManager$RecvWorker@1403] - Interrupting SendWorker thread from RecvWorker. sid: 1. myId: 2
2021-11-08 11:11:10,279 [myid:2] - WARN  [SendWorker:1:QuorumCnxManager$SendWorker@1283] - Interrupted while waiting for message on queue
java.lang.InterruptedException
	at java.util.concurrent.locks.AbstractQueuedSynchronizer$ConditionObject.reportInterruptAfterWait(AbstractQueuedSynchronizer.java:2014)
	at java.util.concurrent.locks.AbstractQueuedSynchronizer$ConditionObject.awaitNanos(AbstractQueuedSynchronizer.java:2088)
	at org.apache.zookeeper.util.CircularBlockingQueue.poll(CircularBlockingQueue.java:105)
	at org.apache.zookeeper.server.quorum.QuorumCnxManager.pollSendQueue(QuorumCnxManager.java:1448)
	at org.apache.zookeeper.server.quorum.QuorumCnxManager.access$900(QuorumCnxManager.java:99)
	at org.apache.zookeeper.server.quorum.QuorumCnxManager$SendWorker.run(QuorumCnxManager.java:1272)
2021-11-08 11:11:10,279 [myid:2] - WARN  [SendWorker:1:QuorumCnxManager$SendWorker@1295] - Send worker leaving thread id 1 my id = 2
2021-11-08 11:11:10,279 [myid:1] - WARN  [SendWorker:3:QuorumCnxManager$SendWorker@1283] - Interrupted while waiting for message on queue
java.lang.InterruptedException
	at java.util.concurrent.locks.AbstractQueuedSynchronizer$ConditionObject.reportInterruptAfterWait(AbstractQueuedSynchronizer.java:2014)
	at java.util.concurrent.locks.AbstractQueuedSynchronizer$ConditionObject.awaitNanos(AbstractQueuedSynchronizer.java:2088)
	at org.apache.zookeeper.util.CircularBlockingQueue.poll(CircularBlockingQueue.java:105)
	at org.apache.zookeeper.server.quorum.QuorumCnxManager.pollSendQueue(QuorumCnxManager.java:1448)
	at org.apache.zookeeper.server.quorum.QuorumCnxManager.access$900(QuorumCnxManager.java:99)
	at org.apache.zookeeper.server.quorum.QuorumCnxManager$SendWorker.run(QuorumCnxManager.java:1272)
2021-11-08 11:11:10,279 [myid:] - INFO  [main:QuorumBase@426] - Shutting down leader election QuorumPeer[myid=1](plain=127.0.0.1:11261)(secure=disabled)
2021-11-08 11:11:10,278 [myid:1] - WARN  [RecvWorker:3:QuorumCnxManager$RecvWorker@1403] - Interrupting SendWorker thread from RecvWorker. sid: 3. myId: 1
2021-11-08 11:11:10,278 [myid:1] - WARN  [SendWorker:2:QuorumCnxManager$SendWorker@1283] - Interrupted while waiting for message on queue
java.lang.InterruptedException
	at java.util.concurrent.locks.AbstractQueuedSynchronizer$ConditionObject.reportInterruptAfterWait(AbstractQueuedSynchronizer.java:2014)
	at java.util.concurrent.locks.AbstractQueuedSynchronizer$ConditionObject.awaitNanos(AbstractQueuedSynchronizer.java:2088)
	at org.apache.zookeeper.util.CircularBlockingQueue.poll(CircularBlockingQueue.java:105)
	at org.apache.zookeeper.server.quorum.QuorumCnxManager.pollSendQueue(QuorumCnxManager.java:1448)
	at org.apache.zookeeper.server.quorum.QuorumCnxManager.access$900(QuorumCnxManager.java:99)
	at org.apache.zookeeper.server.quorum.QuorumCnxManager$SendWorker.run(QuorumCnxManager.java:1272)
2021-11-08 11:11:10,278 [myid:1] - WARN  [RecvWorker:2:QuorumCnxManager$RecvWorker@1403] - Interrupting SendWorker thread from RecvWorker. sid: 2. myId: 1
2021-11-08 11:11:10,280 [myid:1] - WARN  [SendWorker:2:QuorumCnxManager$SendWorker@1295] - Send worker leaving thread id 2 my id = 1
2021-11-08 11:11:10,279 [myid:] - INFO  [main:QuorumBase@431] - Waiting for QuorumPeer[myid=1](plain=127.0.0.1:11261)(secure=disabled) to exit thread
2021-11-08 11:11:10,280 [myid:] - INFO  [main:QuorumBase@422] - Shutting down quorum peer QuorumPeer[myid=2](plain=127.0.0.1:11264)(secure=disabled)
2021-11-08 11:11:10,279 [myid:1] - WARN  [SendWorker:3:QuorumCnxManager$SendWorker@1295] - Send worker leaving thread id 3 my id = 1
2021-11-08 11:11:10,279 [myid:3] - WARN  [SendWorker:1:QuorumCnxManager$SendWorker@1283] - Interrupted while waiting for message on queue
java.lang.InterruptedException
	at java.util.concurrent.locks.AbstractQueuedSynchronizer$ConditionObject.reportInterruptAfterWait(AbstractQueuedSynchronizer.java:2014)
	at java.util.concurrent.locks.AbstractQueuedSynchronizer$ConditionObject.awaitNanos(AbstractQueuedSynchronizer.java:2088)
	at org.apache.zookeeper.util.CircularBlockingQueue.poll(CircularBlockingQueue.java:105)
	at org.apache.zookeeper.server.quorum.QuorumCnxManager.pollSendQueue(QuorumCnxManager.java:1448)
	at org.apache.zookeeper.server.quorum.QuorumCnxManager.access$900(QuorumCnxManager.java:99)
	at org.apache.zookeeper.server.quorum.QuorumCnxManager$SendWorker.run(QuorumCnxManager.java:1272)
2021-11-08 11:11:10,280 [myid:] - INFO  [main:Leader@789] - Shutting down
2021-11-08 11:11:10,280 [myid:] - INFO  [main:Leader@795] - Shutdown called. For the reason quorum Peer shutdown
2021-11-08 11:11:10,280 [myid:3] - WARN  [SendWorker:1:QuorumCnxManager$SendWorker@1295] - Send worker leaving thread id 1 my id = 3
2021-11-08 11:11:10,281 [myid:2] - WARN  [LearnerCnxAcceptorHandler-/127.0.0.1:11265:Leader$LearnerCnxAcceptor$LearnerCnxAcceptorHandler@526] - Exception while shutting down acceptor.
java.net.SocketException: socket closed
	at java.net.DualStackPlainSocketImpl.accept0(Native Method)
	at java.net.DualStackPlainSocketImpl.socketAccept(DualStackPlainSocketImpl.java:131)
	at java.net.AbstractPlainSocketImpl.accept(AbstractPlainSocketImpl.java:404)
	at java.net.PlainSocketImpl.accept(PlainSocketImpl.java:199)
	at java.net.ServerSocket.implAccept(ServerSocket.java:545)
	at java.net.ServerSocket.accept(ServerSocket.java:513)
	at org.apache.zookeeper.server.quorum.Leader$LearnerCnxAcceptor$LearnerCnxAcceptorHandler.acceptConnections(Leader.java:513)
	at org.apache.zookeeper.server.quorum.Leader$LearnerCnxAcceptor$LearnerCnxAcceptorHandler.run(Leader.java:496)
	at java.util.concurrent.Executors$RunnableAdapter.call(Executors.java:511)
	at java.util.concurrent.FutureTask.run(FutureTask.java:266)
	at java.util.concurrent.ThreadPoolExecutor.runWorker(ThreadPoolExecutor.java:1142)
	at java.util.concurrent.ThreadPoolExecutor$Worker.run(ThreadPoolExecutor.java:617)
	at java.lang.Thread.run(Thread.java:745)
2021-11-08 11:11:10,281 [myid:] - INFO  [main:ZooKeeperServer@829] - shutting down
2021-11-08 11:11:10,281 [myid:127.0.0.1:11264] - WARN  [main-SendThread(127.0.0.1:11264):ClientCnxn$SendThread@1290] - Session 0x20058075e210000 for sever xmind.net/127.0.0.1:11264, Closing socket connection. Attempting reconnect except it is a SessionExpiredException.
EndOfStreamException: Unable to read additional data from server sessionid 0x20058075e210000, likely server has closed socket
	at org.apache.zookeeper.ClientCnxnSocketNIO.doIO(ClientCnxnSocketNIO.java:77)
	at org.apache.zookeeper.ClientCnxnSocketNIO.doTransport(ClientCnxnSocketNIO.java:350)
	at org.apache.zookeeper.ClientCnxn$SendThread.run(ClientCnxn.java:1280)
2021-11-08 11:11:10,281 [myid:] - INFO  [main:RequestThrottler@258] - Shutting down
2021-11-08 11:11:10,282 [myid:2] - INFO  [RequestThrottler:RequestThrottler@219] - Draining request throttler queue
2021-11-08 11:11:10,282 [myid:2] - INFO  [RequestThrottler:RequestThrottler@195] - RequestThrottler shutdown. Dropped 0 requests
2021-11-08 11:11:10,282 [myid:] - INFO  [main:SessionTrackerImpl@252] - Shutting down
2021-11-08 11:11:10,282 [myid:] - INFO  [main:LeaderRequestProcessor@79] - Shutting down
2021-11-08 11:11:10,282 [myid:] - INFO  [main:PrepRequestProcessor@1066] - Shutting down
2021-11-08 11:11:10,282 [myid:] - INFO  [main:ProposalRequestProcessor@95] - Shutting down
2021-11-08 11:11:10,282 [myid:] - INFO  [main:CommitProcessor@632] - Shutting down
2021-11-08 11:11:10,282 [myid:2] - INFO  [CommitProcessor:2:CommitProcessor@420] - CommitProcessor exited loop!
2021-11-08 11:11:10,282 [myid:2] - INFO  [ProcessThread(sid:2 cport:-1)::PrepRequestProcessor@161] - PrepRequestProcessor exited loop!
2021-11-08 11:11:10,282 [myid:] - INFO  [main:Leader$ToBeAppliedRequestProcessor@1103] - Shutting down
2021-11-08 11:11:10,283 [myid:] - INFO  [main:FinalRequestProcessor@684] - shutdown of request processor complete
2021-11-08 11:11:10,283 [myid:] - INFO  [main:SyncRequestProcessor@255] - Shutting down
2021-11-08 11:11:10,283 [myid:2] - INFO  [SyncThread:2:SyncRequestProcessor@224] - SyncRequestProcessor exited!
2021-11-08 11:11:10,284 [myid:] - INFO  [main:LearnerHandler@1155] - Synchronously closing socket to learner 3.
2021-11-08 11:11:10,284 [myid:3] - WARN  [QuorumPeer[myid=3](plain=127.0.0.1:11267)(secure=disabled):Observer@128] - Exception when observing the leader
java.io.EOFException
	at java.io.DataInputStream.readInt(DataInputStream.java:392)
	at org.apache.jute.BinaryInputArchive.readInt(BinaryInputArchive.java:96)
	at org.apache.zookeeper.server.quorum.QuorumPacket.deserialize(QuorumPacket.java:86)
	at org.apache.jute.BinaryInputArchive.readRecord(BinaryInputArchive.java:134)
	at org.apache.zookeeper.server.quorum.Learner.readPacket(Learner.java:225)
	at org.apache.zookeeper.server.quorum.Observer.observeLeader(Observer.java:124)
	at org.apache.zookeeper.server.quorum.QuorumPeer.run(QuorumPeer.java:1495)
2021-11-08 11:11:10,284 [myid:2] - ERROR [LearnerHandler-/127.0.0.1:7436:LearnerHandler@715] - Unexpected exception in LearnerHandler: 
java.net.SocketException: Socket Closed
	at java.net.SocketInputStream.socketRead0(Native Method)
	at java.net.SocketInputStream.read(SocketInputStream.java:150)
	at java.net.SocketInputStream.read(SocketInputStream.java:121)
	at java.io.BufferedInputStream.fill(BufferedInputStream.java:246)
	at java.io.BufferedInputStream.read(BufferedInputStream.java:265)
	at java.io.DataInputStream.readInt(DataInputStream.java:387)
	at org.apache.jute.BinaryInputArchive.readInt(BinaryInputArchive.java:96)
	at org.apache.zookeeper.server.quorum.QuorumPacket.deserialize(QuorumPacket.java:86)
	at org.apache.jute.BinaryInputArchive.readRecord(BinaryInputArchive.java:134)
	at org.apache.zookeeper.server.quorum.LearnerHandler.run(LearnerHandler.java:652)
2021-11-08 11:11:10,284 [myid:2] - WARN  [LearnerHandler-/127.0.0.1:7436:LearnerHandler@731] - ******* GOODBYE /127.0.0.1:7436 ********
2021-11-08 11:11:10,284 [myid:3] - INFO  [QuorumPeer[myid=3](plain=127.0.0.1:11267)(secure=disabled):Observer@140] - Disconnected from leader (with address: /127.0.0.1:11265). Was connected for 2769ms. Sync state: true
2021-11-08 11:11:10,285 [myid:3] - INFO  [QuorumPeer[myid=3](plain=127.0.0.1:11267)(secure=disabled):Observer@245] - shutdown Observer
2021-11-08 11:11:10,285 [myid:3] - INFO  [QuorumPeer[myid=3](plain=127.0.0.1:11267)(secure=disabled):ZooKeeperServer@829] - shutting down
2021-11-08 11:11:10,285 [myid:3] - INFO  [QuorumPeer[myid=3](plain=127.0.0.1:11267)(secure=disabled):RequestThrottler@258] - Shutting down
2021-11-08 11:11:10,284 [myid:2] - WARN  [LearnerHandler-/127.0.0.1:7436:LearnerHandler@1045] - Ignoring unexpected exception
java.lang.InterruptedException
	at java.util.concurrent.locks.AbstractQueuedSynchronizer.acquireInterruptibly(AbstractQueuedSynchronizer.java:1220)
	at java.util.concurrent.locks.ReentrantLock.lockInterruptibly(ReentrantLock.java:335)
	at java.util.concurrent.LinkedBlockingQueue.put(LinkedBlockingQueue.java:339)
	at org.apache.zookeeper.server.quorum.LearnerHandler.shutdown(LearnerHandler.java:1043)
	at org.apache.zookeeper.server.quorum.LearnerHandler.run(LearnerHandler.java:733)
2021-11-08 11:11:10,285 [myid:127.0.0.1:11267] - WARN  [main-SendThread(127.0.0.1:11267):ClientCnxn$SendThread@1290] - Session 0x30058075e1e0000 for sever xmind.net/127.0.0.1:11267, Closing socket connection. Attempting reconnect except it is a SessionExpiredException.
EndOfStreamException: Unable to read additional data from server sessionid 0x30058075e1e0000, likely server has closed socket
	at org.apache.zookeeper.ClientCnxnSocketNIO.doIO(ClientCnxnSocketNIO.java:77)
	at org.apache.zookeeper.ClientCnxnSocketNIO.doTransport(ClientCnxnSocketNIO.java:350)
	at org.apache.zookeeper.ClientCnxn$SendThread.run(ClientCnxn.java:1280)
2021-11-08 11:11:10,285 [myid:2] - INFO  [NIOServerCxnFactory.AcceptThread:/127.0.0.1:11264:NIOServerCnxnFactory$AcceptThread@195] - accept thread exitted run method
2021-11-08 11:11:10,285 [myid:2] - INFO  [NIOServerCxnFactory.SelectorThread-0:NIOServerCnxnFactory$SelectorThread@397] - selector thread exitted run method
2021-11-08 11:11:10,285 [myid:2] - INFO  [ConnnectionExpirer:NIOServerCnxnFactory$ConnectionExpirerThread@564] - ConnnectionExpirerThread interrupted
2021-11-08 11:11:10,285 [myid:3] - INFO  [RequestThrottler:RequestThrottler@219] - Draining request throttler queue
2021-11-08 11:11:10,286 [myid:3] - INFO  [RequestThrottler:RequestThrottler@195] - RequestThrottler shutdown. Dropped 0 requests
2021-11-08 11:11:10,286 [myid:3] - INFO  [QuorumPeer[myid=3](plain=127.0.0.1:11267)(secure=disabled):ObserverRequestProcessor@161] - Shutting down
2021-11-08 11:11:10,286 [myid:3] - INFO  [QuorumPeer[myid=3](plain=127.0.0.1:11267)(secure=disabled):CommitProcessor@632] - Shutting down
2021-11-08 11:11:10,286 [myid:3] - INFO  [QuorumPeer[myid=3](plain=127.0.0.1:11267)(secure=disabled):FinalRequestProcessor@684] - shutdown of request processor complete
2021-11-08 11:11:10,286 [myid:3] - INFO  [QuorumPeer[myid=3](plain=127.0.0.1:11267)(secure=disabled):QuorumPeer@915] - Peer state changed: looking
2021-11-08 11:11:10,286 [myid:3] - WARN  [QuorumPeer[myid=3](plain=127.0.0.1:11267)(secure=disabled):QuorumPeer@1563] - PeerState set to LOOKING
2021-11-08 11:11:10,286 [myid:3] - INFO  [QuorumPeer[myid=3](plain=127.0.0.1:11267)(secure=disabled):Observer@260] - Waiting for 16 ms before reconnecting with the leader
2021-11-08 11:11:10,286 [myid:3] - INFO  [ObserverRequestProcessor:3:ObserverRequestProcessor@129] - ObserverRequestProcessor exited loop!
2021-11-08 11:11:10,287 [myid:2] - WARN  [QuorumPeer[myid=2](plain=127.0.0.1:11264)(secure=disabled):QuorumPeer@1533] - Unexpected exception
java.lang.InterruptedException
	at java.lang.Object.wait(Native Method)
	at org.apache.zookeeper.server.quorum.Leader.lead(Leader.java:727)
	at org.apache.zookeeper.server.quorum.QuorumPeer.run(QuorumPeer.java:1530)
2021-11-08 11:11:10,287 [myid:2] - INFO  [QuorumPeer[myid=2](plain=127.0.0.1:11264)(secure=disabled):Leader@789] - Shutting down
2021-11-08 11:11:10,287 [myid:2] - INFO  [QuorumPeerListener:QuorumCnxManager$Listener@980] - Leaving listener
2021-11-08 11:11:10,287 [myid:3] - INFO  [CommitProcessor:3:CommitProcessor@420] - CommitProcessor exited loop!
2021-11-08 11:11:10,287 [myid:2] - INFO  [QuorumPeer[myid=2](plain=127.0.0.1:11264)(secure=disabled):QuorumPeer@915] - Peer state changed: looking
2021-11-08 11:11:10,288 [myid:2] - WARN  [QuorumPeer[myid=2](plain=127.0.0.1:11264)(secure=disabled):QuorumPeer@1563] - PeerState set to LOOKING
2021-11-08 11:11:10,288 [myid:2] - WARN  [QuorumPeer[myid=2](plain=127.0.0.1:11264)(secure=disabled):QuorumPeer@1545] - QuorumPeer main thread exited
2021-11-08 11:11:10,288 [myid:2] - WARN  [RecvWorker:3:QuorumCnxManager$RecvWorker@1397] - Connection broken for id 3, my id = 2
java.net.SocketException: Socket closed
	at java.net.SocketInputStream.socketRead0(Native Method)
	at java.net.SocketInputStream.read(SocketInputStream.java:150)
	at java.net.SocketInputStream.read(SocketInputStream.java:121)
	at java.io.BufferedInputStream.fill(BufferedInputStream.java:246)
	at java.io.BufferedInputStream.read(BufferedInputStream.java:265)
	at java.io.DataInputStream.readInt(DataInputStream.java:387)
	at org.apache.zookeeper.server.quorum.QuorumCnxManager$RecvWorker.run(QuorumCnxManager.java:1385)
2021-11-08 11:11:10,288 [myid:3] - WARN  [RecvWorker:2:QuorumCnxManager$RecvWorker@1397] - Connection broken for id 2, my id = 3
java.io.EOFException
	at java.io.DataInputStream.readInt(DataInputStream.java:392)
	at org.apache.zookeeper.server.quorum.QuorumCnxManager$RecvWorker.run(QuorumCnxManager.java:1385)
2021-11-08 11:11:10,288 [myid:2] - WARN  [RecvWorker:3:QuorumCnxManager$RecvWorker@1403] - Interrupting SendWorker thread from RecvWorker. sid: 3. myId: 2
2021-11-08 11:11:10,288 [myid:] - INFO  [main:QuorumBase@426] - Shutting down leader election QuorumPeer[myid=2](plain=127.0.0.1:11264)(secure=disabled)
2021-11-08 11:11:10,289 [myid:] - INFO  [main:QuorumBase@431] - Waiting for QuorumPeer[myid=2](plain=127.0.0.1:11264)(secure=disabled) to exit thread
2021-11-08 11:11:10,289 [myid:] - INFO  [main:QuorumBase@422] - Shutting down quorum peer QuorumPeer[myid=3](plain=127.0.0.1:11267)(secure=disabled)
2021-11-08 11:11:10,288 [myid:2] - WARN  [SendWorker:3:QuorumCnxManager$SendWorker@1283] - Interrupted while waiting for message on queue
java.lang.InterruptedException
	at java.util.concurrent.locks.AbstractQueuedSynchronizer$ConditionObject.reportInterruptAfterWait(AbstractQueuedSynchronizer.java:2014)
	at java.util.concurrent.locks.AbstractQueuedSynchronizer$ConditionObject.awaitNanos(AbstractQueuedSynchronizer.java:2088)
	at org.apache.zookeeper.util.CircularBlockingQueue.poll(CircularBlockingQueue.java:105)
	at org.apache.zookeeper.server.quorum.QuorumCnxManager.pollSendQueue(QuorumCnxManager.java:1448)
	at org.apache.zookeeper.server.quorum.QuorumCnxManager.access$900(QuorumCnxManager.java:99)
	at org.apache.zookeeper.server.quorum.QuorumCnxManager$SendWorker.run(QuorumCnxManager.java:1272)
2021-11-08 11:11:10,288 [myid:3] - WARN  [RecvWorker:2:QuorumCnxManager$RecvWorker@1403] - Interrupting SendWorker thread from RecvWorker. sid: 2. myId: 3
2021-11-08 11:11:10,290 [myid:2] - WARN  [SendWorker:3:QuorumCnxManager$SendWorker@1295] - Send worker leaving thread id 3 my id = 2
2021-11-08 11:11:10,291 [myid:3] - WARN  [SendWorker:2:QuorumCnxManager$SendWorker@1283] - Interrupted while waiting for message on queue
java.lang.InterruptedException
	at java.util.concurrent.locks.AbstractQueuedSynchronizer$ConditionObject.reportInterruptAfterWait(AbstractQueuedSynchronizer.java:2014)
	at java.util.concurrent.locks.AbstractQueuedSynchronizer$ConditionObject.awaitNanos(AbstractQueuedSynchronizer.java:2088)
	at org.apache.zookeeper.util.CircularBlockingQueue.poll(CircularBlockingQueue.java:105)
	at org.apache.zookeeper.server.quorum.QuorumCnxManager.pollSendQueue(QuorumCnxManager.java:1448)
	at org.apache.zookeeper.server.quorum.QuorumCnxManager.access$900(QuorumCnxManager.java:99)
	at org.apache.zookeeper.server.quorum.QuorumCnxManager$SendWorker.run(QuorumCnxManager.java:1272)
2021-11-08 11:11:10,291 [myid:3] - INFO  [ConnnectionExpirer:NIOServerCnxnFactory$ConnectionExpirerThread@564] - ConnnectionExpirerThread interrupted
2021-11-08 11:11:10,291 [myid:3] - WARN  [SendWorker:2:QuorumCnxManager$SendWorker@1295] - Send worker leaving thread id 2 my id = 3
2021-11-08 11:11:10,292 [myid:3] - INFO  [NIOServerCxnFactory.AcceptThread:/127.0.0.1:11267:NIOServerCnxnFactory$AcceptThread@195] - accept thread exitted run method
2021-11-08 11:11:10,292 [myid:3] - INFO  [NIOServerCxnFactory.SelectorThread-0:NIOServerCnxnFactory$SelectorThread@397] - selector thread exitted run method
2021-11-08 11:11:10,292 [myid:3] - WARN  [QuorumPeer[myid=3](plain=127.0.0.1:11267)(secure=disabled):Observer@264] - Interrupted while waiting
java.lang.InterruptedException: sleep interrupted
	at java.lang.Thread.sleep(Native Method)
	at org.apache.zookeeper.server.quorum.Observer.waitForReconnectDelayHelper(Observer.java:262)
	at org.apache.zookeeper.server.quorum.Observer.waitForObserverElectionDelay(Observer.java:254)
	at org.apache.zookeeper.server.quorum.QuorumPeer.run(QuorumPeer.java:1506)
2021-11-08 11:11:10,292 [myid:3] - INFO  [QuorumPeerListener:QuorumCnxManager$Listener@980] - Leaving listener
2021-11-08 11:11:10,292 [myid:3] - WARN  [QuorumPeer[myid=3](plain=127.0.0.1:11267)(secure=disabled):QuorumPeer@1545] - QuorumPeer main thread exited
2021-11-08 11:11:10,293 [myid:] - INFO  [main:QuorumBase@426] - Shutting down leader election QuorumPeer[myid=3](plain=127.0.0.1:11267)(secure=disabled)
2021-11-08 11:11:10,294 [myid:] - INFO  [main:QuorumBase@431] - Waiting for QuorumPeer[myid=3](plain=127.0.0.1:11267)(secure=disabled) to exit thread
2021-11-08 11:11:10,295 [myid:] - INFO  [main:ZooKeeperServer@2141] - zookeeper.digest.enabled = false
2021-11-08 11:11:10,295 [myid:] - INFO  [main:ZKTestCase@82] - FINISHED Optional[public void org.apache.zookeeper.server.quorum.QuorumDigestTest.testDigestMatchesDuringSnapSync() throws java.lang.Exception]
]]></system-out>
  </testcase>
</testsuite>