<?xml version="1.0" encoding="UTF-8"?>
<testsuite xmlns:xsi="http://www.w3.org/2001/XMLSchema-instance" xsi:noNamespaceSchemaLocation="https://maven.apache.org/surefire/maven-surefire-plugin/xsd/surefire-test-report.xsd" name="org.apache.zookeeper.server.quorum.QuorumSSLTest" time="557.331" tests="13" errors="0" skipped="0" failures="12">
  <properties>
    <property name="sun.desktop" value="windows"/>
    <property name="build.test.dir" value="D:\mysoft\faiscoGit\myStudy\ZooKeeperLearning\apache-zookeeper-3.7.0\zookeeper-server\target/surefire"/>
    <property name="awt.toolkit" value="sun.awt.windows.WToolkit"/>
    <property name="file.encoding.pkg" value="sun.io"/>
    <property name="java.specification.version" value="1.8"/>
    <property name="sun.cpu.isalist" value="amd64"/>
    <property name="sun.jnu.encoding" value="GBK"/>
    <property name="java.class.path" value="D:\mysoft\faiscoGit\myStudy\ZooKeeperLearning\apache-zookeeper-3.7.0\zookeeper-server\target\test-classes;D:\mysoft\faiscoGit\myStudy\ZooKeeperLearning\apache-zookeeper-3.7.0\zookeeper-server\target\classes;D:\mysoft\maven\repository\com\github\spotbugs\spotbugs-annotations\4.0.2\spotbugs-annotations-4.0.2.jar;D:\mysoft\maven\repository\com\google\code\findbugs\jsr305\3.0.2\jsr305-3.0.2.jar;D:\mysoft\maven\repository\org\hamcrest\hamcrest-library\2.2\hamcrest-library-2.2.jar;D:\mysoft\maven\repository\org\hamcrest\hamcrest-core\2.2\hamcrest-core-2.2.jar;D:\mysoft\maven\repository\org\hamcrest\hamcrest\2.2\hamcrest-2.2.jar;D:\mysoft\maven\repository\org\apache\commons\commons-collections4\4.4\commons-collections4-4.4.jar;D:\mysoft\maven\repository\org\apache\zookeeper\zookeeper-jute\3.7.0\zookeeper-jute-3.7.0.jar;D:\mysoft\maven\repository\commons-cli\commons-cli\1.4\commons-cli-1.4.jar;D:\mysoft\maven\repository\org\apache\yetus\audience-annotations\0.12.0\audience-annotations-0.12.0.jar;D:\mysoft\maven\repository\io\netty\netty-handler\4.1.59.Final\netty-handler-4.1.59.Final.jar;D:\mysoft\maven\repository\io\netty\netty-common\4.1.59.Final\netty-common-4.1.59.Final.jar;D:\mysoft\maven\repository\io\netty\netty-resolver\4.1.59.Final\netty-resolver-4.1.59.Final.jar;D:\mysoft\maven\repository\io\netty\netty-buffer\4.1.59.Final\netty-buffer-4.1.59.Final.jar;D:\mysoft\maven\repository\io\netty\netty-transport\4.1.59.Final\netty-transport-4.1.59.Final.jar;D:\mysoft\maven\repository\io\netty\netty-codec\4.1.59.Final\netty-codec-4.1.59.Final.jar;D:\mysoft\maven\repository\io\netty\netty-transport-native-epoll\4.1.59.Final\netty-transport-native-epoll-4.1.59.Final.jar;D:\mysoft\maven\repository\io\netty\netty-transport-native-unix-common\4.1.59.Final\netty-transport-native-unix-common-4.1.59.Final.jar;D:\mysoft\maven\repository\org\slf4j\slf4j-api\1.7.30\slf4j-api-1.7.30.jar;D:\mysoft\maven\repository\org\slf4j\slf4j-log4j12\1.7.30\slf4j-log4j12-1.7.30.jar;D:\mysoft\maven\repository\org\eclipse\jetty\jetty-server\9.4.38.v20210224\jetty-server-9.4.38.v20210224.jar;D:\mysoft\maven\repository\javax\servlet\javax.servlet-api\3.1.0\javax.servlet-api-3.1.0.jar;D:\mysoft\maven\repository\org\eclipse\jetty\jetty-http\9.4.38.v20210224\jetty-http-9.4.38.v20210224.jar;D:\mysoft\maven\repository\org\eclipse\jetty\jetty-util\9.4.38.v20210224\jetty-util-9.4.38.v20210224.jar;D:\mysoft\maven\repository\org\eclipse\jetty\jetty-io\9.4.38.v20210224\jetty-io-9.4.38.v20210224.jar;D:\mysoft\maven\repository\org\eclipse\jetty\jetty-servlet\9.4.38.v20210224\jetty-servlet-9.4.38.v20210224.jar;D:\mysoft\maven\repository\org\eclipse\jetty\jetty-security\9.4.38.v20210224\jetty-security-9.4.38.v20210224.jar;D:\mysoft\maven\repository\org\eclipse\jetty\jetty-util-ajax\9.4.38.v20210224\jetty-util-ajax-9.4.38.v20210224.jar;D:\mysoft\maven\repository\org\eclipse\jetty\jetty-client\9.4.38.v20210224\jetty-client-9.4.38.v20210224.jar;D:\mysoft\maven\repository\com\fasterxml\jackson\core\jackson-databind\2.10.5.1\jackson-databind-2.10.5.1.jar;D:\mysoft\maven\repository\com\fasterxml\jackson\core\jackson-annotations\2.10.5\jackson-annotations-2.10.5.jar;D:\mysoft\maven\repository\com\fasterxml\jackson\core\jackson-core\2.10.5\jackson-core-2.10.5.jar;D:\mysoft\maven\repository\org\bouncycastle\bcprov-jdk15on\1.60\bcprov-jdk15on-1.60.jar;D:\mysoft\maven\repository\org\bouncycastle\bcpkix-jdk15on\1.60\bcpkix-jdk15on-1.60.jar;D:\mysoft\maven\repository\jline\jline\2.14.6\jline-2.14.6.jar;D:\mysoft\maven\repository\io\dropwizard\metrics\metrics-core\4.1.12.1\metrics-core-4.1.12.1.jar;D:\mysoft\maven\repository\log4j\log4j\1.2.17\log4j-1.2.17.jar;D:\mysoft\maven\repository\org\apache\kerby\kerb-core\2.0.0\kerb-core-2.0.0.jar;D:\mysoft\maven\repository\org\apache\kerby\kerby-pkix\2.0.0\kerby-pkix-2.0.0.jar;D:\mysoft\maven\repository\org\apache\kerby\kerby-asn1\2.0.0\kerby-asn1-2.0.0.jar;D:\mysoft\maven\repository\org\apache\kerby\kerby-util\2.0.0\kerby-util-2.0.0.jar;D:\mysoft\maven\repository\org\apache\kerby\kerb-simplekdc\2.0.0\kerb-simplekdc-2.0.0.jar;D:\mysoft\maven\repository\org\apache\kerby\kerb-client\2.0.0\kerb-client-2.0.0.jar;D:\mysoft\maven\repository\org\apache\kerby\kerb-common\2.0.0\kerb-common-2.0.0.jar;D:\mysoft\maven\repository\org\apache\kerby\kerb-crypto\2.0.0\kerb-crypto-2.0.0.jar;D:\mysoft\maven\repository\commons-io\commons-io\2.6\commons-io-2.6.jar;D:\mysoft\maven\repository\org\apache\kerby\kerb-util\2.0.0\kerb-util-2.0.0.jar;D:\mysoft\maven\repository\org\apache\kerby\token-provider\2.0.0\token-provider-2.0.0.jar;D:\mysoft\maven\repository\com\nimbusds\nimbus-jose-jwt\4.41.2\nimbus-jose-jwt-4.41.2.jar;D:\mysoft\maven\repository\com\github\stephenc\jcip\jcip-annotations\1.0-1\jcip-annotations-1.0-1.jar;D:\mysoft\maven\repository\net\minidev\json-smart\2.3\json-smart-2.3.jar;D:\mysoft\maven\repository\net\minidev\accessors-smart\1.2\accessors-smart-1.2.jar;D:\mysoft\maven\repository\org\ow2\asm\asm\5.0.4\asm-5.0.4.jar;D:\mysoft\maven\repository\org\apache\kerby\kerb-admin\2.0.0\kerb-admin-2.0.0.jar;D:\mysoft\maven\repository\org\apache\kerby\kerb-server\2.0.0\kerb-server-2.0.0.jar;D:\mysoft\maven\repository\org\apache\kerby\kerb-identity\2.0.0\kerb-identity-2.0.0.jar;D:\mysoft\maven\repository\org\apache\kerby\kerby-xdr\2.0.0\kerby-xdr-2.0.0.jar;D:\mysoft\maven\repository\org\apache\kerby\kerby-config\2.0.0\kerby-config-2.0.0.jar;D:\mysoft\maven\repository\org\mockito\mockito-core\3.6.28\mockito-core-3.6.28.jar;D:\mysoft\maven\repository\net\bytebuddy\byte-buddy\1.10.18\byte-buddy-1.10.18.jar;D:\mysoft\maven\repository\net\bytebuddy\byte-buddy-agent\1.10.18\byte-buddy-agent-1.10.18.jar;D:\mysoft\maven\repository\org\objenesis\objenesis\3.1\objenesis-3.1.jar;D:\mysoft\maven\repository\org\jmockit\jmockit\1.48\jmockit-1.48.jar;D:\mysoft\maven\repository\org\junit\jupiter\junit-jupiter-api\5.6.2\junit-jupiter-api-5.6.2.jar;D:\mysoft\maven\repository\org\apiguardian\apiguardian-api\1.1.0\apiguardian-api-1.1.0.jar;D:\mysoft\maven\repository\org\opentest4j\opentest4j\1.2.0\opentest4j-1.2.0.jar;D:\mysoft\maven\repository\org\junit\platform\junit-platform-commons\1.6.2\junit-platform-commons-1.6.2.jar;D:\mysoft\maven\repository\org\junit\jupiter\junit-jupiter-engine\5.6.2\junit-jupiter-engine-5.6.2.jar;D:\mysoft\maven\repository\org\junit\platform\junit-platform-engine\1.6.2\junit-platform-engine-1.6.2.jar;D:\mysoft\maven\repository\org\junit\jupiter\junit-jupiter-params\5.6.2\junit-jupiter-params-5.6.2.jar;D:\mysoft\maven\repository\org\junit\platform\junit-platform-runner\1.6.2\junit-platform-runner-1.6.2.jar;D:\mysoft\maven\repository\junit\junit\4.13\junit-4.13.jar;D:\mysoft\maven\repository\org\junit\platform\junit-platform-launcher\1.6.2\junit-platform-launcher-1.6.2.jar;D:\mysoft\maven\repository\org\junit\platform\junit-platform-suite-api\1.6.2\junit-platform-suite-api-1.6.2.jar;D:\mysoft\maven\repository\org\xerial\snappy\snappy-java\1.1.7.7\snappy-java-1.1.7.7.jar;"/>
    <property name="java.vm.vendor" value="Oracle Corporation"/>
    <property name="sun.arch.data.model" value="64"/>
    <property name="user.variant" value=""/>
    <property name="java.vendor.url" value="http://java.oracle.com/"/>
    <property name="user.timezone" value="Asia/Shanghai"/>
    <property name="java.vm.specification.version" value="1.8"/>
    <property name="os.name" value="Windows 8.1"/>
    <property name="user.country" value="CN"/>
    <property name="sun.java.launcher" value="SUN_STANDARD"/>
    <property name="sun.boot.library.path" value="C:\Program Files\Java\jdk1.8.0_31\jre\bin"/>
    <property name="sun.java.command" value="C:\Users\faisco\AppData\Local\Temp\surefire7017171567299321585\surefirebooter718523375988567019.jar C:\Users\faisco\AppData\Local\Temp\surefire7017171567299321585 2021-11-08T11-05-05_200-jvmRun8 surefire5346582659567781575tmp surefire_1167926279769140325293tmp"/>
    <property name="surefire.test.class.path" value="D:\mysoft\faiscoGit\myStudy\ZooKeeperLearning\apache-zookeeper-3.7.0\zookeeper-server\target\test-classes;D:\mysoft\faiscoGit\myStudy\ZooKeeperLearning\apache-zookeeper-3.7.0\zookeeper-server\target\classes;D:\mysoft\maven\repository\com\github\spotbugs\spotbugs-annotations\4.0.2\spotbugs-annotations-4.0.2.jar;D:\mysoft\maven\repository\com\google\code\findbugs\jsr305\3.0.2\jsr305-3.0.2.jar;D:\mysoft\maven\repository\org\hamcrest\hamcrest-library\2.2\hamcrest-library-2.2.jar;D:\mysoft\maven\repository\org\hamcrest\hamcrest-core\2.2\hamcrest-core-2.2.jar;D:\mysoft\maven\repository\org\hamcrest\hamcrest\2.2\hamcrest-2.2.jar;D:\mysoft\maven\repository\org\apache\commons\commons-collections4\4.4\commons-collections4-4.4.jar;D:\mysoft\maven\repository\org\apache\zookeeper\zookeeper-jute\3.7.0\zookeeper-jute-3.7.0.jar;D:\mysoft\maven\repository\commons-cli\commons-cli\1.4\commons-cli-1.4.jar;D:\mysoft\maven\repository\org\apache\yetus\audience-annotations\0.12.0\audience-annotations-0.12.0.jar;D:\mysoft\maven\repository\io\netty\netty-handler\4.1.59.Final\netty-handler-4.1.59.Final.jar;D:\mysoft\maven\repository\io\netty\netty-common\4.1.59.Final\netty-common-4.1.59.Final.jar;D:\mysoft\maven\repository\io\netty\netty-resolver\4.1.59.Final\netty-resolver-4.1.59.Final.jar;D:\mysoft\maven\repository\io\netty\netty-buffer\4.1.59.Final\netty-buffer-4.1.59.Final.jar;D:\mysoft\maven\repository\io\netty\netty-transport\4.1.59.Final\netty-transport-4.1.59.Final.jar;D:\mysoft\maven\repository\io\netty\netty-codec\4.1.59.Final\netty-codec-4.1.59.Final.jar;D:\mysoft\maven\repository\io\netty\netty-transport-native-epoll\4.1.59.Final\netty-transport-native-epoll-4.1.59.Final.jar;D:\mysoft\maven\repository\io\netty\netty-transport-native-unix-common\4.1.59.Final\netty-transport-native-unix-common-4.1.59.Final.jar;D:\mysoft\maven\repository\org\slf4j\slf4j-api\1.7.30\slf4j-api-1.7.30.jar;D:\mysoft\maven\repository\org\slf4j\slf4j-log4j12\1.7.30\slf4j-log4j12-1.7.30.jar;D:\mysoft\maven\repository\org\eclipse\jetty\jetty-server\9.4.38.v20210224\jetty-server-9.4.38.v20210224.jar;D:\mysoft\maven\repository\javax\servlet\javax.servlet-api\3.1.0\javax.servlet-api-3.1.0.jar;D:\mysoft\maven\repository\org\eclipse\jetty\jetty-http\9.4.38.v20210224\jetty-http-9.4.38.v20210224.jar;D:\mysoft\maven\repository\org\eclipse\jetty\jetty-util\9.4.38.v20210224\jetty-util-9.4.38.v20210224.jar;D:\mysoft\maven\repository\org\eclipse\jetty\jetty-io\9.4.38.v20210224\jetty-io-9.4.38.v20210224.jar;D:\mysoft\maven\repository\org\eclipse\jetty\jetty-servlet\9.4.38.v20210224\jetty-servlet-9.4.38.v20210224.jar;D:\mysoft\maven\repository\org\eclipse\jetty\jetty-security\9.4.38.v20210224\jetty-security-9.4.38.v20210224.jar;D:\mysoft\maven\repository\org\eclipse\jetty\jetty-util-ajax\9.4.38.v20210224\jetty-util-ajax-9.4.38.v20210224.jar;D:\mysoft\maven\repository\org\eclipse\jetty\jetty-client\9.4.38.v20210224\jetty-client-9.4.38.v20210224.jar;D:\mysoft\maven\repository\com\fasterxml\jackson\core\jackson-databind\2.10.5.1\jackson-databind-2.10.5.1.jar;D:\mysoft\maven\repository\com\fasterxml\jackson\core\jackson-annotations\2.10.5\jackson-annotations-2.10.5.jar;D:\mysoft\maven\repository\com\fasterxml\jackson\core\jackson-core\2.10.5\jackson-core-2.10.5.jar;D:\mysoft\maven\repository\org\bouncycastle\bcprov-jdk15on\1.60\bcprov-jdk15on-1.60.jar;D:\mysoft\maven\repository\org\bouncycastle\bcpkix-jdk15on\1.60\bcpkix-jdk15on-1.60.jar;D:\mysoft\maven\repository\jline\jline\2.14.6\jline-2.14.6.jar;D:\mysoft\maven\repository\io\dropwizard\metrics\metrics-core\4.1.12.1\metrics-core-4.1.12.1.jar;D:\mysoft\maven\repository\log4j\log4j\1.2.17\log4j-1.2.17.jar;D:\mysoft\maven\repository\org\apache\kerby\kerb-core\2.0.0\kerb-core-2.0.0.jar;D:\mysoft\maven\repository\org\apache\kerby\kerby-pkix\2.0.0\kerby-pkix-2.0.0.jar;D:\mysoft\maven\repository\org\apache\kerby\kerby-asn1\2.0.0\kerby-asn1-2.0.0.jar;D:\mysoft\maven\repository\org\apache\kerby\kerby-util\2.0.0\kerby-util-2.0.0.jar;D:\mysoft\maven\repository\org\apache\kerby\kerb-simplekdc\2.0.0\kerb-simplekdc-2.0.0.jar;D:\mysoft\maven\repository\org\apache\kerby\kerb-client\2.0.0\kerb-client-2.0.0.jar;D:\mysoft\maven\repository\org\apache\kerby\kerb-common\2.0.0\kerb-common-2.0.0.jar;D:\mysoft\maven\repository\org\apache\kerby\kerb-crypto\2.0.0\kerb-crypto-2.0.0.jar;D:\mysoft\maven\repository\commons-io\commons-io\2.6\commons-io-2.6.jar;D:\mysoft\maven\repository\org\apache\kerby\kerb-util\2.0.0\kerb-util-2.0.0.jar;D:\mysoft\maven\repository\org\apache\kerby\token-provider\2.0.0\token-provider-2.0.0.jar;D:\mysoft\maven\repository\com\nimbusds\nimbus-jose-jwt\4.41.2\nimbus-jose-jwt-4.41.2.jar;D:\mysoft\maven\repository\com\github\stephenc\jcip\jcip-annotations\1.0-1\jcip-annotations-1.0-1.jar;D:\mysoft\maven\repository\net\minidev\json-smart\2.3\json-smart-2.3.jar;D:\mysoft\maven\repository\net\minidev\accessors-smart\1.2\accessors-smart-1.2.jar;D:\mysoft\maven\repository\org\ow2\asm\asm\5.0.4\asm-5.0.4.jar;D:\mysoft\maven\repository\org\apache\kerby\kerb-admin\2.0.0\kerb-admin-2.0.0.jar;D:\mysoft\maven\repository\org\apache\kerby\kerb-server\2.0.0\kerb-server-2.0.0.jar;D:\mysoft\maven\repository\org\apache\kerby\kerb-identity\2.0.0\kerb-identity-2.0.0.jar;D:\mysoft\maven\repository\org\apache\kerby\kerby-xdr\2.0.0\kerby-xdr-2.0.0.jar;D:\mysoft\maven\repository\org\apache\kerby\kerby-config\2.0.0\kerby-config-2.0.0.jar;D:\mysoft\maven\repository\org\mockito\mockito-core\3.6.28\mockito-core-3.6.28.jar;D:\mysoft\maven\repository\net\bytebuddy\byte-buddy\1.10.18\byte-buddy-1.10.18.jar;D:\mysoft\maven\repository\net\bytebuddy\byte-buddy-agent\1.10.18\byte-buddy-agent-1.10.18.jar;D:\mysoft\maven\repository\org\objenesis\objenesis\3.1\objenesis-3.1.jar;D:\mysoft\maven\repository\org\jmockit\jmockit\1.48\jmockit-1.48.jar;D:\mysoft\maven\repository\org\junit\jupiter\junit-jupiter-api\5.6.2\junit-jupiter-api-5.6.2.jar;D:\mysoft\maven\repository\org\apiguardian\apiguardian-api\1.1.0\apiguardian-api-1.1.0.jar;D:\mysoft\maven\repository\org\opentest4j\opentest4j\1.2.0\opentest4j-1.2.0.jar;D:\mysoft\maven\repository\org\junit\platform\junit-platform-commons\1.6.2\junit-platform-commons-1.6.2.jar;D:\mysoft\maven\repository\org\junit\jupiter\junit-jupiter-engine\5.6.2\junit-jupiter-engine-5.6.2.jar;D:\mysoft\maven\repository\org\junit\platform\junit-platform-engine\1.6.2\junit-platform-engine-1.6.2.jar;D:\mysoft\maven\repository\org\junit\jupiter\junit-jupiter-params\5.6.2\junit-jupiter-params-5.6.2.jar;D:\mysoft\maven\repository\org\junit\platform\junit-platform-runner\1.6.2\junit-platform-runner-1.6.2.jar;D:\mysoft\maven\repository\junit\junit\4.13\junit-4.13.jar;D:\mysoft\maven\repository\org\junit\platform\junit-platform-launcher\1.6.2\junit-platform-launcher-1.6.2.jar;D:\mysoft\maven\repository\org\junit\platform\junit-platform-suite-api\1.6.2\junit-platform-suite-api-1.6.2.jar;D:\mysoft\maven\repository\org\xerial\snappy\snappy-java\1.1.7.7\snappy-java-1.1.7.7.jar;"/>
    <property name="sun.cpu.endian" value="little"/>
    <property name="user.home" value="C:\Users\faisco"/>
    <property name="user.language" value="zh"/>
    <property name="java.specification.vendor" value="Oracle Corporation"/>
    <property name="java.home" value="C:\Program Files\Java\jdk1.8.0_31\jre"/>
    <property name="zookeeper.DigestAuthenticationProvider.superDigest" value="super:D/InIHSb7yEEbrWz8b9l71RjZJU="/>
    <property name="basedir" value="D:\mysoft\faiscoGit\myStudy\ZooKeeperLearning\apache-zookeeper-3.7.0\zookeeper-server"/>
    <property name="file.separator" value="\"/>
    <property name="line.separator" value="&#10;"/>
    <property name="java.vm.specification.vendor" value="Oracle Corporation"/>
    <property name="java.specification.name" value="Java Platform API Specification"/>
    <property name="java.awt.graphicsenv" value="sun.awt.Win32GraphicsEnvironment"/>
    <property name="test.junit.threads" value="8"/>
    <property name="surefire.real.class.path" value="C:\Users\faisco\AppData\Local\Temp\surefire7017171567299321585\surefirebooter718523375988567019.jar;D:\mysoft\maven\repository\org\jmockit\jmockit\1.48\jmockit-1.48.jar"/>
    <property name="zookeeper.junit.threadid" value="8"/>
    <property name="sun.boot.class.path" value="C:\Program Files\Java\jdk1.8.0_31\jre\lib\resources.jar;C:\Program Files\Java\jdk1.8.0_31\jre\lib\rt.jar;C:\Program Files\Java\jdk1.8.0_31\jre\lib\sunrsasign.jar;C:\Program Files\Java\jdk1.8.0_31\jre\lib\jsse.jar;C:\Program Files\Java\jdk1.8.0_31\jre\lib\jce.jar;C:\Program Files\Java\jdk1.8.0_31\jre\lib\charsets.jar;C:\Program Files\Java\jdk1.8.0_31\jre\lib\jfr.jar;C:\Program Files\Java\jdk1.8.0_31\jre\classes"/>
    <property name="user.script" value=""/>
    <property name="sun.management.compiler" value="HotSpot 64-Bit Tiered Compilers"/>
    <property name="java.runtime.version" value="1.8.0_31-b13"/>
    <property name="user.name" value="faisco"/>
    <property name="path.separator" value=";"/>
    <property name="os.version" value="6.3"/>
    <property name="java.endorsed.dirs" value="C:\Program Files\Java\jdk1.8.0_31\jre\lib\endorsed"/>
    <property name="java.runtime.name" value="Java(TM) SE Runtime Environment"/>
    <property name="file.encoding" value="GBK"/>
    <property name="java.vm.name" value="Java HotSpot(TM) 64-Bit Server VM"/>
    <property name="idea.version2020.1" value="true"/>
    <property name="localRepository" value="D:\mysoft\maven\repository"/>
    <property name="java.vendor.url.bug" value="http://bugreport.sun.com/bugreport/"/>
    <property name="java.io.tmpdir" value="C:\Users\faisco\AppData\Local\Temp\"/>
    <property name="java.version" value="1.8.0_31"/>
    <property name="user.dir" value="D:\mysoft\faiscoGit\myStudy\ZooKeeperLearning\apache-zookeeper-3.7.0\zookeeper-server"/>
    <property name="os.arch" value="amd64"/>
    <property name="java.vm.specification.name" value="Java Virtual Machine Specification"/>
    <property name="java.awt.printerjob" value="sun.awt.windows.WPrinterJob"/>
    <property name="sun.os.patch.level" value=""/>
    <property name="java.library.path" value="C:\Program Files\Java\jdk1.8.0_31\jre\bin;C:\WINDOWS\Sun\Java\bin;C:\WINDOWS\system32;C:\WINDOWS;C:\Program Files\Java\jdk1.8.0_31\jre\bin;C:\Python39\Scripts\;C:\Python39\;C:\Python27\;C:\Python27\Scripts;C:\Program Files (x86)\Intel\Intel(R) Management Engine Components\iCLS\;C:\Program Files\Intel\Intel(R) Management Engine Components\iCLS\;C:\WINDOWS\system32;C:\WINDOWS;C:\WINDOWS\System32\Wbem;C:\WINDOWS\System32\WindowsPowerShell\v1.0\;C:\WINDOWS\System32\OpenSSH\;C:\Program Files (x86)\Intel\Intel(R) Management Engine Components\DAL;C:\Program Files\Intel\Intel(R) Management Engine Components\DAL;C:\Program Files\TortoiseSVN\bin;C:\Program Files\Java\jdk1.8.0_31\bin;D:\soft\Git\cmd;D:\mysoft\maven\apache-maven-3.6.1\bin;C:\ProgramData\chocolatey\bin;C:\Program Files\nodejs\;D:\mysoft\gradle-7.0\bin;C:\ProgramData\Oracle\Java\javapath;C:\Program Files\OpenVPN\bin;C:\Users\faisco\AppData\Local\Microsoft\WindowsApps;;D:\soft\Microsoft VS Code\bin;D:\soft\PyCharm Community Edition 2019.1.3\bin;;D:\soft\PyCharm 2019.2.3\bin;;C:\Users\faisco\AppData\Local\Microsoft\WindowsApps;C:\Program Files\JetBrains\IntelliJ IDEA 2020.1\bin;;C:\Program Files\JetBrains\IntelliJ IDEA Community Edition 2020.1.3\bin;;C:\Users\faisco\AppData\Roaming\npm;."/>
    <property name="junit.jupiter.extensions.autodetection.enabled" value="true"/>
    <property name="java.vm.info" value="mixed mode"/>
    <property name="java.vendor" value="Oracle Corporation"/>
    <property name="java.vm.version" value="25.31-b07"/>
    <property name="java.ext.dirs" value="C:\Program Files\Java\jdk1.8.0_31\jre\lib\ext;C:\WINDOWS\Sun\Java\lib\ext"/>
    <property name="sun.io.unicode.encoding" value="UnicodeLittle"/>
    <property name="java.class.version" value="52.0"/>
  </properties>
  <testcase name="testCipherSuites" classname="org.apache.zookeeper.server.quorum.QuorumSSLTest" time="61.201"/>
  <testcase name="testOCSP" classname="org.apache.zookeeper.server.quorum.QuorumSSLTest" time="40.306">
    <failure message="expected: &lt;true&gt; but was: &lt;false&gt;" type="org.opentest4j.AssertionFailedError"><![CDATA[org.opentest4j.AssertionFailedError: expected: <true> but was: <false>
	at org.apache.zookeeper.server.quorum.QuorumSSLTest.testOCSP(QuorumSSLTest.java:784)
]]></failure>
    <system-out><![CDATA[2021-11-08 11:11:48,112 [myid:] - INFO  [main:ZKTestCase@77] - STARTING Optional[public void org.apache.zookeeper.server.quorum.QuorumSSLTest.testOCSP() throws java.lang.Exception]
2021-11-08 11:11:48,118 [myid:] - INFO  [main:PortAssignment@87] - Assigned port 30082 from range 30072 - 32764.
2021-11-08 11:11:48,118 [myid:] - INFO  [main:PortAssignment@87] - Assigned port 30083 from range 30072 - 32764.
2021-11-08 11:11:48,118 [myid:] - INFO  [main:PortAssignment@87] - Assigned port 30084 from range 30072 - 32764.
2021-11-08 11:11:48,119 [myid:] - INFO  [main:PortAssignment@87] - Assigned port 30085 from range 30072 - 32764.
2021-11-08 11:11:48,119 [myid:] - INFO  [main:PortAssignment@87] - Assigned port 30086 from range 30072 - 32764.
2021-11-08 11:11:48,119 [myid:] - INFO  [main:PortAssignment@87] - Assigned port 30087 from range 30072 - 32764.
2021-11-08 11:11:48,120 [myid:] - INFO  [main:PortAssignment@87] - Assigned port 30088 from range 30072 - 32764.
2021-11-08 11:11:48,120 [myid:] - INFO  [main:PortAssignment@87] - Assigned port 30089 from range 30072 - 32764.
2021-11-08 11:11:48,120 [myid:] - INFO  [main:PortAssignment@87] - Assigned port 30090 from range 30072 - 32764.
2021-11-08 11:11:48,500 [myid:3] - INFO  [WorkerReceiver[myid=3]:FastLeaderElection$Messenger$WorkerReceiver@472] - WorkerReceiver is down
2021-11-08 11:11:48,500 [myid:3] - INFO  [WorkerSender[myid=3]:FastLeaderElection$Messenger$WorkerSender@506] - WorkerSender is down
2021-11-08 11:11:49,685 [myid:2] - INFO  [SessionTracker:SessionTrackerImpl@175] - SessionTrackerImpl exited loop!
2021-11-08 11:11:50,435 [myid:2] - INFO  [WorkerSender[myid=2]:FastLeaderElection$Messenger$WorkerSender@506] - WorkerSender is down
2021-11-08 11:11:50,574 [myid:1] - INFO  [WorkerSender[myid=1]:FastLeaderElection$Messenger$WorkerSender@506] - WorkerSender is down
2021-11-08 11:11:50,579 [myid:1] - INFO  [WorkerReceiver[myid=1]:FastLeaderElection$Messenger$WorkerReceiver@472] - WorkerReceiver is down
2021-11-08 11:11:50,589 [myid:2] - INFO  [WorkerReceiver[myid=2]:FastLeaderElection$Messenger$WorkerReceiver@472] - WorkerReceiver is down
2021-11-08 11:11:58,176 [myid:] - INFO  [main:PortAssignment@87] - Assigned port 30091 from range 30072 - 32764.
2021-11-08 11:11:58,177 [myid:] - INFO  [main:QuorumPeerTestBase$MainThread@205] - id = 1 tmpDir = D:\mysoft\faiscoGit\myStudy\ZooKeeperLearning\apache-zookeeper-3.7.0\zookeeper-server\target\surefire\test1572738921519958485.junit.dir clientPort = 30082 adminServerPort = 8080
2021-11-08 11:11:58,180 [myid:] - INFO  [main:QuorumPeerTestBase$MainThread@205] - id = 2 tmpDir = D:\mysoft\faiscoGit\myStudy\ZooKeeperLearning\apache-zookeeper-3.7.0\zookeeper-server\target\surefire\test7066443957441380115.junit.dir clientPort = 30083 adminServerPort = 8080
2021-11-08 11:11:58,186 [myid:] - INFO  [main:FourLetterWordMain@94] - connecting to 127.0.0.1 30082
2021-11-08 11:11:58,186 [myid:] - INFO  [Thread-7:QuorumPeerConfig@174] - Reading configuration from: D:\mysoft\faiscoGit\myStudy\ZooKeeperLearning\apache-zookeeper-3.7.0\zookeeper-server\target\surefire\test7066443957441380115.junit.dir\zoo.cfg
2021-11-08 11:11:58,186 [myid:] - INFO  [Thread-6:QuorumPeerConfig@174] - Reading configuration from: D:\mysoft\faiscoGit\myStudy\ZooKeeperLearning\apache-zookeeper-3.7.0\zookeeper-server\target\surefire\test1572738921519958485.junit.dir\zoo.cfg
2021-11-08 11:11:58,187 [myid:] - INFO  [Thread-7:QuorumPeerConfig@444] - clientPortAddress is 0.0.0.0:30083
2021-11-08 11:11:58,187 [myid:] - INFO  [Thread-7:QuorumPeerConfig@448] - secureClientPort is not set
2021-11-08 11:11:58,187 [myid:] - INFO  [Thread-7:QuorumPeerConfig@464] - observerMasterPort is not set
2021-11-08 11:11:58,187 [myid:] - INFO  [Thread-6:QuorumPeerConfig@444] - clientPortAddress is 0.0.0.0:30082
2021-11-08 11:11:58,187 [myid:] - INFO  [Thread-6:QuorumPeerConfig@448] - secureClientPort is not set
2021-11-08 11:11:58,187 [myid:] - INFO  [Thread-6:QuorumPeerConfig@464] - observerMasterPort is not set
2021-11-08 11:11:58,187 [myid:] - INFO  [Thread-7:QuorumPeerConfig@481] - metricsProvider.className is org.apache.zookeeper.metrics.impl.DefaultMetricsProvider
2021-11-08 11:11:58,187 [myid:] - INFO  [Thread-6:QuorumPeerConfig@481] - metricsProvider.className is org.apache.zookeeper.metrics.impl.DefaultMetricsProvider
2021-11-08 11:11:58,187 [myid:1] - INFO  [Thread-6:DatadirCleanupManager@78] - autopurge.snapRetainCount set to 3
2021-11-08 11:11:58,187 [myid:2] - INFO  [Thread-7:DatadirCleanupManager@78] - autopurge.snapRetainCount set to 3
2021-11-08 11:11:58,187 [myid:1] - INFO  [Thread-6:DatadirCleanupManager@79] - autopurge.purgeInterval set to 0
2021-11-08 11:11:58,187 [myid:1] - INFO  [Thread-6:DatadirCleanupManager@101] - Purge task is not scheduled.
2021-11-08 11:11:58,187 [myid:2] - INFO  [Thread-7:DatadirCleanupManager@79] - autopurge.purgeInterval set to 0
2021-11-08 11:11:58,187 [myid:2] - INFO  [Thread-7:DatadirCleanupManager@101] - Purge task is not scheduled.
2021-11-08 11:11:58,187 [myid:1] - INFO  [Thread-6:ManagedUtil@44] - Log4j 1.2 jmx support found and enabled.
2021-11-08 11:11:58,187 [myid:2] - INFO  [Thread-7:ManagedUtil@44] - Log4j 1.2 jmx support found and enabled.
2021-11-08 11:11:58,188 [myid:1] - ERROR [Thread-6:ManagedUtil@109] - Problems while registering log4j 1.2 jmx beans!
javax.management.InstanceAlreadyExistsException: log4j:hierarchy=default
	at com.sun.jmx.mbeanserver.Repository.addMBean(Repository.java:437)
	at com.sun.jmx.interceptor.DefaultMBeanServerInterceptor.registerWithRepository(DefaultMBeanServerInterceptor.java:1898)
	at com.sun.jmx.interceptor.DefaultMBeanServerInterceptor.registerDynamicMBean(DefaultMBeanServerInterceptor.java:966)
	at com.sun.jmx.interceptor.DefaultMBeanServerInterceptor.registerObject(DefaultMBeanServerInterceptor.java:900)
	at com.sun.jmx.interceptor.DefaultMBeanServerInterceptor.registerMBean(DefaultMBeanServerInterceptor.java:324)
	at com.sun.jmx.mbeanserver.JmxMBeanServer.registerMBean(JmxMBeanServer.java:522)
	at org.apache.zookeeper.jmx.ManagedUtil.registerLog4jMBeans(ManagedUtil.java:72)
	at org.apache.zookeeper.server.quorum.QuorumPeerMain.runFromConfig(QuorumPeerMain.java:147)
	at org.apache.zookeeper.server.quorum.QuorumPeerMain.initializeAndRun(QuorumPeerMain.java:137)
	at org.apache.zookeeper.server.quorum.QuorumPeerTestBase$MainThread.run(QuorumPeerTestBase.java:329)
	at java.lang.Thread.run(Thread.java:745)
2021-11-08 11:11:58,188 [myid:2] - ERROR [Thread-7:ManagedUtil@109] - Problems while registering log4j 1.2 jmx beans!
javax.management.InstanceAlreadyExistsException: log4j:hierarchy=default
	at com.sun.jmx.mbeanserver.Repository.addMBean(Repository.java:437)
	at com.sun.jmx.interceptor.DefaultMBeanServerInterceptor.registerWithRepository(DefaultMBeanServerInterceptor.java:1898)
	at com.sun.jmx.interceptor.DefaultMBeanServerInterceptor.registerDynamicMBean(DefaultMBeanServerInterceptor.java:966)
	at com.sun.jmx.interceptor.DefaultMBeanServerInterceptor.registerObject(DefaultMBeanServerInterceptor.java:900)
	at com.sun.jmx.interceptor.DefaultMBeanServerInterceptor.registerMBean(DefaultMBeanServerInterceptor.java:324)
	at com.sun.jmx.mbeanserver.JmxMBeanServer.registerMBean(JmxMBeanServer.java:522)
	at org.apache.zookeeper.jmx.ManagedUtil.registerLog4jMBeans(ManagedUtil.java:72)
	at org.apache.zookeeper.server.quorum.QuorumPeerMain.runFromConfig(QuorumPeerMain.java:147)
	at org.apache.zookeeper.server.quorum.QuorumPeerMain.initializeAndRun(QuorumPeerMain.java:137)
	at org.apache.zookeeper.server.quorum.QuorumPeerTestBase$MainThread.run(QuorumPeerTestBase.java:329)
	at java.lang.Thread.run(Thread.java:745)
2021-11-08 11:11:58,188 [myid:2] - WARN  [Thread-7:QuorumPeerMain@149] - Unable to register log4j JMX control
javax.management.JMException: javax.management.InstanceAlreadyExistsException: log4j:hierarchy=default
	at org.apache.zookeeper.jmx.ManagedUtil.registerLog4jMBeans(ManagedUtil.java:110)
	at org.apache.zookeeper.server.quorum.QuorumPeerMain.runFromConfig(QuorumPeerMain.java:147)
	at org.apache.zookeeper.server.quorum.QuorumPeerMain.initializeAndRun(QuorumPeerMain.java:137)
	at org.apache.zookeeper.server.quorum.QuorumPeerTestBase$MainThread.run(QuorumPeerTestBase.java:329)
	at java.lang.Thread.run(Thread.java:745)
2021-11-08 11:11:58,188 [myid:2] - INFO  [Thread-7:QuorumPeerMain@152] - Starting quorum peer, myid=2
2021-11-08 11:11:58,188 [myid:1] - WARN  [Thread-6:QuorumPeerMain@149] - Unable to register log4j JMX control
javax.management.JMException: javax.management.InstanceAlreadyExistsException: log4j:hierarchy=default
	at org.apache.zookeeper.jmx.ManagedUtil.registerLog4jMBeans(ManagedUtil.java:110)
	at org.apache.zookeeper.server.quorum.QuorumPeerMain.runFromConfig(QuorumPeerMain.java:147)
	at org.apache.zookeeper.server.quorum.QuorumPeerMain.initializeAndRun(QuorumPeerMain.java:137)
	at org.apache.zookeeper.server.quorum.QuorumPeerTestBase$MainThread.run(QuorumPeerTestBase.java:329)
	at java.lang.Thread.run(Thread.java:745)
2021-11-08 11:11:58,188 [myid:1] - INFO  [Thread-6:QuorumPeerMain@152] - Starting quorum peer, myid=1
2021-11-08 11:11:58,188 [myid:1] - INFO  [Thread-6:ServerMetrics@62] - ServerMetrics initialized with provider org.apache.zookeeper.metrics.impl.DefaultMetricsProvider@333b6065
2021-11-08 11:11:58,188 [myid:2] - INFO  [Thread-7:ServerMetrics@62] - ServerMetrics initialized with provider org.apache.zookeeper.metrics.impl.DefaultMetricsProvider@747f0622
2021-11-08 11:11:58,188 [myid:1] - INFO  [Thread-6:DigestAuthenticationProvider@61] - zookeeper.DigestAuthenticationProvider.enabled = true
2021-11-08 11:11:58,189 [myid:1] - INFO  [Thread-6:NettyServerCnxnFactory@507] - zookeeper.client.portUnification=false
2021-11-08 11:11:58,189 [myid:1] - INFO  [Thread-6:NettyServerCnxnFactory@519] - zookeeper.netty.advancedFlowControl.enabled = false
2021-11-08 11:11:58,189 [myid:1] - INFO  [Thread-6:NettyServerCnxnFactory@106] - handshakeThrottlingEnabled = false, zookeeper.netty.server.outstandingHandshake.limit = -1
2021-11-08 11:11:58,189 [myid:2] - INFO  [Thread-7:DigestAuthenticationProvider@61] - zookeeper.DigestAuthenticationProvider.enabled = true
2021-11-08 11:11:58,189 [myid:2] - INFO  [Thread-7:NettyServerCnxnFactory@507] - zookeeper.client.portUnification=false
2021-11-08 11:11:58,189 [myid:2] - INFO  [Thread-7:NettyServerCnxnFactory@519] - zookeeper.netty.advancedFlowControl.enabled = false
2021-11-08 11:11:58,189 [myid:2] - INFO  [Thread-7:NettyServerCnxnFactory@106] - handshakeThrottlingEnabled = false, zookeeper.netty.server.outstandingHandshake.limit = -1
2021-11-08 11:11:58,768 [myid:2] - INFO  [Thread-7:ServerCnxnFactory@169] - Using org.apache.zookeeper.server.NettyServerCnxnFactory as server connection factory
2021-11-08 11:11:58,768 [myid:2] - WARN  [Thread-7:ServerCnxnFactory@309] - maxCnxns is not configured, using default value 0.
2021-11-08 11:11:58,768 [myid:2] - INFO  [Thread-7:NettyServerCnxnFactory@606] - configure org.apache.zookeeper.server.NettyServerCnxnFactory@33fa847f secure: false on addr /0.0.0.0:30083
2021-11-08 11:11:58,768 [myid:2] - INFO  [Thread-7:FileTxnSnapLog@124] - zookeeper.snapshot.trust.empty : false
2021-11-08 11:11:58,768 [myid:1] - INFO  [Thread-6:ServerCnxnFactory@169] - Using org.apache.zookeeper.server.NettyServerCnxnFactory as server connection factory
2021-11-08 11:11:58,768 [myid:1] - WARN  [Thread-6:ServerCnxnFactory@309] - maxCnxns is not configured, using default value 0.
2021-11-08 11:11:58,768 [myid:1] - INFO  [Thread-6:NettyServerCnxnFactory@606] - configure org.apache.zookeeper.server.NettyServerCnxnFactory@2f9d0851 secure: false on addr /0.0.0.0:30082
2021-11-08 11:11:58,768 [myid:1] - INFO  [Thread-6:FileTxnSnapLog@124] - zookeeper.snapshot.trust.empty : false
2021-11-08 11:11:58,769 [myid:2] - INFO  [Thread-7:QuorumPeer@1742] - Local sessions disabled
2021-11-08 11:11:58,769 [myid:2] - INFO  [Thread-7:QuorumPeer@1753] - Local session upgrading disabled
2021-11-08 11:11:58,769 [myid:2] - INFO  [Thread-7:QuorumPeer@1720] - tickTime set to 4000
2021-11-08 11:11:58,769 [myid:2] - INFO  [Thread-7:QuorumPeer@1764] - minSessionTimeout set to 8000
2021-11-08 11:11:58,769 [myid:2] - INFO  [Thread-7:QuorumPeer@1775] - maxSessionTimeout set to 80000
2021-11-08 11:11:58,769 [myid:1] - INFO  [Thread-6:QuorumPeer@1742] - Local sessions disabled
2021-11-08 11:11:58,769 [myid:2] - INFO  [Thread-7:QuorumPeer@1800] - initLimit set to 10
2021-11-08 11:11:58,769 [myid:1] - INFO  [Thread-6:QuorumPeer@1753] - Local session upgrading disabled
2021-11-08 11:11:58,769 [myid:2] - INFO  [Thread-7:QuorumPeer@1987] - syncLimit set to 5
2021-11-08 11:11:58,769 [myid:1] - INFO  [Thread-6:QuorumPeer@1720] - tickTime set to 4000
2021-11-08 11:11:58,769 [myid:2] - INFO  [Thread-7:QuorumPeer@2002] - connectToLearnerMasterLimit set to 5
2021-11-08 11:11:58,769 [myid:1] - INFO  [Thread-6:QuorumPeer@1764] - minSessionTimeout set to 8000
2021-11-08 11:11:58,769 [myid:1] - INFO  [Thread-6:QuorumPeer@1775] - maxSessionTimeout set to 80000
2021-11-08 11:11:58,769 [myid:1] - INFO  [Thread-6:QuorumPeer@1800] - initLimit set to 10
2021-11-08 11:11:58,769 [myid:1] - INFO  [Thread-6:QuorumPeer@1987] - syncLimit set to 5
2021-11-08 11:11:58,769 [myid:2] - INFO  [Thread-7:WatchManagerFactory@42] - Using org.apache.zookeeper.server.watch.WatchManager as watch manager
2021-11-08 11:11:58,769 [myid:1] - INFO  [Thread-6:QuorumPeer@2002] - connectToLearnerMasterLimit set to 5
2021-11-08 11:11:58,769 [myid:2] - INFO  [Thread-7:WatchManagerFactory@42] - Using org.apache.zookeeper.server.watch.WatchManager as watch manager
2021-11-08 11:11:58,769 [myid:2] - INFO  [Thread-7:ZKDatabase@133] - zookeeper.snapshotSizeFactor = 0.33
2021-11-08 11:11:58,769 [myid:1] - INFO  [Thread-6:WatchManagerFactory@42] - Using org.apache.zookeeper.server.watch.WatchManager as watch manager
2021-11-08 11:11:58,769 [myid:2] - INFO  [Thread-7:ZKDatabase@153] - zookeeper.commitLogCount=500
2021-11-08 11:11:58,769 [myid:1] - INFO  [Thread-6:WatchManagerFactory@42] - Using org.apache.zookeeper.server.watch.WatchManager as watch manager
2021-11-08 11:11:58,769 [myid:1] - INFO  [Thread-6:ZKDatabase@133] - zookeeper.snapshotSizeFactor = 0.33
2021-11-08 11:11:58,769 [myid:1] - INFO  [Thread-6:ZKDatabase@153] - zookeeper.commitLogCount=500
2021-11-08 11:11:58,770 [myid:2] - INFO  [Thread-7:QuorumPeer@2064] - Using TLS encrypted quorum communication
2021-11-08 11:11:58,770 [myid:1] - INFO  [Thread-6:QuorumPeer@2064] - Using TLS encrypted quorum communication
2021-11-08 11:11:58,770 [myid:2] - INFO  [Thread-7:QuorumPeer@2072] - Port unification disabled
2021-11-08 11:11:58,770 [myid:1] - INFO  [Thread-6:QuorumPeer@2072] - Port unification disabled
2021-11-08 11:11:58,770 [myid:2] - INFO  [Thread-7:QuorumPeer@179] - multiAddress.enabled set to false
2021-11-08 11:11:58,770 [myid:1] - INFO  [Thread-6:QuorumPeer@179] - multiAddress.enabled set to false
2021-11-08 11:11:58,770 [myid:2] - INFO  [Thread-7:QuorumPeer@204] - multiAddress.reachabilityCheckEnabled set to true
2021-11-08 11:11:58,770 [myid:1] - INFO  [Thread-6:QuorumPeer@204] - multiAddress.reachabilityCheckEnabled set to true
2021-11-08 11:11:58,770 [myid:2] - INFO  [Thread-7:QuorumPeer@191] - multiAddress.reachabilityCheckTimeoutMs set to 1000
2021-11-08 11:11:58,770 [myid:1] - INFO  [Thread-6:QuorumPeer@191] - multiAddress.reachabilityCheckTimeoutMs set to 1000
2021-11-08 11:11:58,770 [myid:1] - INFO  [Thread-6:QuorumPeer@2527] - QuorumPeer communication is not secured! (SASL auth disabled)
2021-11-08 11:11:58,770 [myid:2] - INFO  [Thread-7:QuorumPeer@2527] - QuorumPeer communication is not secured! (SASL auth disabled)
2021-11-08 11:11:58,770 [myid:1] - INFO  [Thread-6:QuorumPeer@2552] - quorum.cnxn.threads.size set to 20
2021-11-08 11:11:58,770 [myid:2] - INFO  [Thread-7:QuorumPeer@2552] - quorum.cnxn.threads.size set to 20
2021-11-08 11:11:58,771 [myid:1] - INFO  [Thread-6:FileTxnSnapLog@260] - Initialize file found, an empty database will not block voting participation
2021-11-08 11:11:58,771 [myid:2] - INFO  [Thread-7:FileTxnSnapLog@260] - Initialize file found, an empty database will not block voting participation
2021-11-08 11:11:58,771 [myid:1] - INFO  [Thread-6:FileTxnSnapLog@479] - Snapshotting: 0x0 to D:\mysoft\faiscoGit\myStudy\ZooKeeperLearning\apache-zookeeper-3.7.0\zookeeper-server\target\surefire\test1572738921519958485.junit.dir\data\version-2\snapshot.0
2021-11-08 11:11:58,771 [myid:2] - INFO  [Thread-7:FileTxnSnapLog@479] - Snapshotting: 0x0 to D:\mysoft\faiscoGit\myStudy\ZooKeeperLearning\apache-zookeeper-3.7.0\zookeeper-server\target\surefire\test7066443957441380115.junit.dir\data\version-2\snapshot.0
2021-11-08 11:11:58,771 [myid:1] - INFO  [Thread-6:ZKDatabase@290] - Snapshot loaded in 1 ms, highest zxid is 0x0, digest is 1371985504
2021-11-08 11:11:58,771 [myid:2] - INFO  [Thread-7:ZKDatabase@290] - Snapshot loaded in 1 ms, highest zxid is 0x0, digest is 1371985504
2021-11-08 11:11:58,771 [myid:1] - INFO  [Thread-6:QuorumPeer@1157] - currentEpoch not found! Creating with a reasonable default of 0. This should only happen when you are upgrading your installation
2021-11-08 11:11:58,771 [myid:2] - INFO  [Thread-7:QuorumPeer@1157] - currentEpoch not found! Creating with a reasonable default of 0. This should only happen when you are upgrading your installation
2021-11-08 11:11:58,773 [myid:2] - INFO  [Thread-7:QuorumPeer@1177] - acceptedEpoch not found! Creating with a reasonable default of 0. This should only happen when you are upgrading your installation
2021-11-08 11:11:58,773 [myid:1] - INFO  [Thread-6:QuorumPeer@1177] - acceptedEpoch not found! Creating with a reasonable default of 0. This should only happen when you are upgrading your installation
2021-11-08 11:11:58,776 [myid:1] - INFO  [Thread-6:NettyServerCnxnFactory@695] - binding to port /0.0.0.0:30082
2021-11-08 11:11:58,777 [myid:2] - INFO  [Thread-7:NettyServerCnxnFactory@695] - binding to port /0.0.0.0:30083
2021-11-08 11:11:58,777 [myid:1] - INFO  [Thread-6:NettyServerCnxnFactory@700] - bound to port 30082
2021-11-08 11:11:58,778 [myid:1] - INFO  [Thread-6:QuorumPeer@2569] - Using 20000ms as the quorum cnxn socket timeout
2021-11-08 11:11:58,778 [myid:1] - INFO  [Thread-6:QuorumCnxManager$Listener@924] - Election port bind maximum retries is 3
2021-11-08 11:11:58,779 [myid:1] - INFO  [QuorumPeer[myid=1](plain=[0:0:0:0:0:0:0:0]:30082)(secure=disabled):QuorumPeer@1430] - LOOKING
2021-11-08 11:11:58,779 [myid:2] - INFO  [Thread-7:NettyServerCnxnFactory@700] - bound to port 30083
2021-11-08 11:11:58,779 [myid:2] - INFO  [Thread-7:QuorumPeer@2569] - Using 20000ms as the quorum cnxn socket timeout
2021-11-08 11:11:58,779 [myid:2] - INFO  [Thread-7:QuorumCnxManager$Listener@924] - Election port bind maximum retries is 3
2021-11-08 11:11:58,779 [myid:1] - INFO  [QuorumPeer[myid=1](plain=[0:0:0:0:0:0:0:0]:30082)(secure=disabled):FastLeaderElection@947] - New election. My id = 1, proposed zxid=0x0
2021-11-08 11:11:58,780 [myid:1] - INFO  [ListenerHandler-/127.0.0.1:30088:QuorumCnxManager$Listener$ListenerHandler@1128] - Creating TLS-only quorum server socket
2021-11-08 11:11:58,780 [myid:1] - INFO  [ListenerHandler-/127.0.0.1:30088:QuorumCnxManager$Listener$ListenerHandler@1066] - 1 is accepting connections now, my election bind port: /127.0.0.1:30088
2021-11-08 11:11:58,781 [myid:2] - INFO  [QuorumPeer[myid=2](plain=[0:0:0:0:0:0:0:0]:30083)(secure=disabled):QuorumPeer@1430] - LOOKING
2021-11-08 11:11:58,781 [myid:2] - INFO  [QuorumPeer[myid=2](plain=[0:0:0:0:0:0:0:0]:30083)(secure=disabled):FastLeaderElection@947] - New election. My id = 2, proposed zxid=0x0
2021-11-08 11:11:58,781 [myid:2] - INFO  [ListenerHandler-/127.0.0.1:30089:QuorumCnxManager$Listener$ListenerHandler@1128] - Creating TLS-only quorum server socket
2021-11-08 11:11:58,782 [myid:2] - INFO  [ListenerHandler-/127.0.0.1:30089:QuorumCnxManager$Listener$ListenerHandler@1066] - 2 is accepting connections now, my election bind port: /127.0.0.1:30089
2021-11-08 11:11:58,782 [myid:1] - INFO  [WorkerReceiver[myid=1]:FastLeaderElection$Messenger$WorkerReceiver@390] - Notification: my state:LOOKING; n.sid:1, n.state:LOOKING, n.leader:1, n.round:0x1, n.peerEpoch:0x0, n.zxid:0x0, message format version:0x2, n.config version:0x0
2021-11-08 11:11:58,782 [myid:2] - INFO  [WorkerReceiver[myid=2]:FastLeaderElection$Messenger$WorkerReceiver@390] - Notification: my state:LOOKING; n.sid:2, n.state:LOOKING, n.leader:2, n.round:0x1, n.peerEpoch:0x0, n.zxid:0x0, message format version:0x2, n.config version:0x0
2021-11-08 11:11:58,991 [myid:2] - INFO  [QuorumPeer[myid=2](plain=[0:0:0:0:0:0:0:0]:30083)(secure=disabled):FastLeaderElection@984] - Notification time out: 400
2021-11-08 11:11:58,991 [myid:1] - INFO  [QuorumPeer[myid=1](plain=[0:0:0:0:0:0:0:0]:30082)(secure=disabled):FastLeaderElection@984] - Notification time out: 400
2021-11-08 11:11:59,210 [myid:1] - WARN  [nioEventLoopGroup-16-1:NettyServerCnxnFactory$CnxnChannelHandler@231] - Zookeeper server is not running, close the connection before starting the TLS handshake
2021-11-08 11:11:59,394 [myid:1] - INFO  [QuorumPeer[myid=1](plain=[0:0:0:0:0:0:0:0]:30082)(secure=disabled):FastLeaderElection@984] - Notification time out: 800
2021-11-08 11:11:59,394 [myid:2] - INFO  [QuorumPeer[myid=2](plain=[0:0:0:0:0:0:0:0]:30083)(secure=disabled):FastLeaderElection@984] - Notification time out: 800
2021-11-08 11:11:59,471 [myid:] - INFO  [main:FourLetterWordMain@94] - connecting to 127.0.0.1 30082
2021-11-08 11:11:59,472 [myid:1] - WARN  [nioEventLoopGroup-16-2:NettyServerCnxnFactory$CnxnChannelHandler@231] - Zookeeper server is not running, close the connection before starting the TLS handshake
2021-11-08 11:11:59,722 [myid:] - INFO  [main:FourLetterWordMain@94] - connecting to 127.0.0.1 30082
2021-11-08 11:11:59,723 [myid:1] - WARN  [nioEventLoopGroup-16-3:NettyServerCnxnFactory$CnxnChannelHandler@231] - Zookeeper server is not running, close the connection before starting the TLS handshake
2021-11-08 11:11:59,976 [myid:] - INFO  [main:FourLetterWordMain@94] - connecting to 127.0.0.1 30082
2021-11-08 11:11:59,977 [myid:1] - WARN  [nioEventLoopGroup-16-4:NettyServerCnxnFactory$CnxnChannelHandler@231] - Zookeeper server is not running, close the connection before starting the TLS handshake
2021-11-08 11:12:00,207 [myid:2] - INFO  [QuorumPeer[myid=2](plain=[0:0:0:0:0:0:0:0]:30083)(secure=disabled):FastLeaderElection@984] - Notification time out: 1600
2021-11-08 11:12:00,207 [myid:1] - INFO  [QuorumPeer[myid=1](plain=[0:0:0:0:0:0:0:0]:30082)(secure=disabled):FastLeaderElection@984] - Notification time out: 1600
2021-11-08 11:12:00,238 [myid:] - INFO  [main:FourLetterWordMain@94] - connecting to 127.0.0.1 30082
2021-11-08 11:12:00,239 [myid:1] - WARN  [nioEventLoopGroup-16-5:NettyServerCnxnFactory$CnxnChannelHandler@231] - Zookeeper server is not running, close the connection before starting the TLS handshake
2021-11-08 11:12:00,490 [myid:] - INFO  [main:FourLetterWordMain@94] - connecting to 127.0.0.1 30082
2021-11-08 11:12:00,491 [myid:1] - WARN  [nioEventLoopGroup-16-6:NettyServerCnxnFactory$CnxnChannelHandler@231] - Zookeeper server is not running, close the connection before starting the TLS handshake
2021-11-08 11:12:00,506 [myid:] - INFO  [main:ClientBase@267] - server 127.0.0.1:30082 not up
java.net.SocketException: Software caused connection abort: recv failed
	at java.net.SocketInputStream.socketRead0(Native Method)
	at java.net.SocketInputStream.read(SocketInputStream.java:150)
	at java.net.SocketInputStream.read(SocketInputStream.java:121)
	at sun.nio.cs.StreamDecoder.readBytes(StreamDecoder.java:284)
	at sun.nio.cs.StreamDecoder.implRead(StreamDecoder.java:326)
	at sun.nio.cs.StreamDecoder.read(StreamDecoder.java:178)
	at java.io.InputStreamReader.read(InputStreamReader.java:184)
	at java.io.BufferedReader.fill(BufferedReader.java:161)
	at java.io.BufferedReader.readLine(BufferedReader.java:324)
	at java.io.BufferedReader.readLine(BufferedReader.java:389)
	at org.apache.zookeeper.client.FourLetterWordMain.send4LetterWord(FourLetterWordMain.java:129)
	at org.apache.zookeeper.client.FourLetterWordMain.send4LetterWord(FourLetterWordMain.java:74)
	at org.apache.zookeeper.test.ClientBase.waitForServerUp(ClientBase.java:258)
	at org.apache.zookeeper.test.ClientBase.waitForServerUp(ClientBase.java:249)
	at org.apache.zookeeper.server.quorum.QuorumSSLTest.testOCSP(QuorumSSLTest.java:784)
	at sun.reflect.NativeMethodAccessorImpl.invoke0(Native Method)
	at sun.reflect.NativeMethodAccessorImpl.invoke(NativeMethodAccessorImpl.java:62)
	at sun.reflect.DelegatingMethodAccessorImpl.invoke(DelegatingMethodAccessorImpl.java:43)
	at java.lang.reflect.Method.invoke(Method.java:483)
	at org.junit.platform.commons.util.ReflectionUtils.invokeMethod(ReflectionUtils.java:686)
	at org.junit.jupiter.engine.execution.MethodInvocation.proceed(MethodInvocation.java:60)
	at org.junit.jupiter.engine.execution.InvocationInterceptorChain$ValidatingInvocation.proceed(InvocationInterceptorChain.java:131)
	at org.junit.jupiter.engine.extension.TimeoutInvocation.proceed(TimeoutInvocation.java:46)
	at org.junit.jupiter.engine.extension.TimeoutExtension.intercept(TimeoutExtension.java:149)
	at org.junit.jupiter.engine.extension.TimeoutExtension.interceptTestableMethod(TimeoutExtension.java:140)
	at org.junit.jupiter.engine.extension.TimeoutExtension.interceptTestMethod(TimeoutExtension.java:84)
	at org.junit.jupiter.engine.descriptor.TestMethodTestDescriptor$$Lambda$111/1780132728.apply(Unknown Source)
	at org.junit.jupiter.engine.execution.ExecutableInvoker$ReflectiveInterceptorCall.lambda$ofVoidMethod$0(ExecutableInvoker.java:115)
	at org.junit.jupiter.engine.execution.ExecutableInvoker$ReflectiveInterceptorCall$$Lambda$112/1725017993.apply(Unknown Source)
	at org.junit.jupiter.engine.execution.ExecutableInvoker.lambda$invoke$0(ExecutableInvoker.java:105)
	at org.junit.jupiter.engine.execution.ExecutableInvoker$$Lambda$234/64133603.apply(Unknown Source)
	at org.junit.jupiter.engine.execution.InvocationInterceptorChain$InterceptedInvocation.proceed(InvocationInterceptorChain.java:106)
	at org.junit.jupiter.engine.execution.InvocationInterceptorChain.proceed(InvocationInterceptorChain.java:64)
	at org.junit.jupiter.engine.execution.InvocationInterceptorChain.chainAndInvoke(InvocationInterceptorChain.java:45)
	at org.junit.jupiter.engine.execution.InvocationInterceptorChain.invoke(InvocationInterceptorChain.java:37)
	at org.junit.jupiter.engine.execution.ExecutableInvoker.invoke(ExecutableInvoker.java:104)
	at org.junit.jupiter.engine.execution.ExecutableInvoker.invoke(ExecutableInvoker.java:98)
	at org.junit.jupiter.engine.descriptor.TestMethodTestDescriptor.lambda$invokeTestMethod$6(TestMethodTestDescriptor.java:212)
	at org.junit.jupiter.engine.descriptor.TestMethodTestDescriptor$$Lambda$271/224100622.execute(Unknown Source)
	at org.junit.platform.engine.support.hierarchical.ThrowableCollector.execute(ThrowableCollector.java:73)
	at org.junit.jupiter.engine.descriptor.TestMethodTestDescriptor.invokeTestMethod(TestMethodTestDescriptor.java:208)
	at org.junit.jupiter.engine.descriptor.TestMethodTestDescriptor.execute(TestMethodTestDescriptor.java:137)
	at org.junit.jupiter.engine.descriptor.TestMethodTestDescriptor.execute(TestMethodTestDescriptor.java:71)
	at org.junit.platform.engine.support.hierarchical.NodeTestTask.lambda$executeRecursively$5(NodeTestTask.java:135)
	at org.junit.platform.engine.support.hierarchical.NodeTestTask$$Lambda$179/195615004.execute(Unknown Source)
	at org.junit.platform.engine.support.hierarchical.ThrowableCollector.execute(ThrowableCollector.java:73)
	at org.junit.platform.engine.support.hierarchical.NodeTestTask.lambda$executeRecursively$7(NodeTestTask.java:125)
	at org.junit.platform.engine.support.hierarchical.NodeTestTask$$Lambda$178/1890627974.invoke(Unknown Source)
	at org.junit.platform.engine.support.hierarchical.Node.around(Node.java:135)
	at org.junit.platform.engine.support.hierarchical.NodeTestTask.lambda$executeRecursively$8(NodeTestTask.java:123)
	at org.junit.platform.engine.support.hierarchical.NodeTestTask$$Lambda$177/231977479.execute(Unknown Source)
	at org.junit.platform.engine.support.hierarchical.ThrowableCollector.execute(ThrowableCollector.java:73)
	at org.junit.platform.engine.support.hierarchical.NodeTestTask.executeRecursively(NodeTestTask.java:122)
	at org.junit.platform.engine.support.hierarchical.NodeTestTask.execute(NodeTestTask.java:80)
	at org.junit.platform.engine.support.hierarchical.SameThreadHierarchicalTestExecutorService$$Lambda$183/1381713434.accept(Unknown Source)
	at java.util.ArrayList.forEach(ArrayList.java:1249)
	at org.junit.platform.engine.support.hierarchical.SameThreadHierarchicalTestExecutorService.invokeAll(SameThreadHierarchicalTestExecutorService.java:38)
	at org.junit.platform.engine.support.hierarchical.NodeTestTask.lambda$executeRecursively$5(NodeTestTask.java:139)
	at org.junit.platform.engine.support.hierarchical.NodeTestTask$$Lambda$179/195615004.execute(Unknown Source)
	at org.junit.platform.engine.support.hierarchical.ThrowableCollector.execute(ThrowableCollector.java:73)
	at org.junit.platform.engine.support.hierarchical.NodeTestTask.lambda$executeRecursively$7(NodeTestTask.java:125)
	at org.junit.platform.engine.support.hierarchical.NodeTestTask$$Lambda$178/1890627974.invoke(Unknown Source)
	at org.junit.platform.engine.support.hierarchical.Node.around(Node.java:135)
	at org.junit.platform.engine.support.hierarchical.NodeTestTask.lambda$executeRecursively$8(NodeTestTask.java:123)
	at org.junit.platform.engine.support.hierarchical.NodeTestTask$$Lambda$177/231977479.execute(Unknown Source)
	at org.junit.platform.engine.support.hierarchical.ThrowableCollector.execute(ThrowableCollector.java:73)
	at org.junit.platform.engine.support.hierarchical.NodeTestTask.executeRecursively(NodeTestTask.java:122)
	at org.junit.platform.engine.support.hierarchical.NodeTestTask.execute(NodeTestTask.java:80)
	at org.junit.platform.engine.support.hierarchical.SameThreadHierarchicalTestExecutorService$$Lambda$183/1381713434.accept(Unknown Source)
	at java.util.ArrayList.forEach(ArrayList.java:1249)
	at org.junit.platform.engine.support.hierarchical.SameThreadHierarchicalTestExecutorService.invokeAll(SameThreadHierarchicalTestExecutorService.java:38)
	at org.junit.platform.engine.support.hierarchical.NodeTestTask.lambda$executeRecursively$5(NodeTestTask.java:139)
	at org.junit.platform.engine.support.hierarchical.NodeTestTask$$Lambda$179/195615004.execute(Unknown Source)
	at org.junit.platform.engine.support.hierarchical.ThrowableCollector.execute(ThrowableCollector.java:73)
	at org.junit.platform.engine.support.hierarchical.NodeTestTask.lambda$executeRecursively$7(NodeTestTask.java:125)
	at org.junit.platform.engine.support.hierarchical.NodeTestTask$$Lambda$178/1890627974.invoke(Unknown Source)
	at org.junit.platform.engine.support.hierarchical.Node.around(Node.java:135)
	at org.junit.platform.engine.support.hierarchical.NodeTestTask.lambda$executeRecursively$8(NodeTestTask.java:123)
	at org.junit.platform.engine.support.hierarchical.NodeTestTask$$Lambda$177/231977479.execute(Unknown Source)
	at org.junit.platform.engine.support.hierarchical.ThrowableCollector.execute(ThrowableCollector.java:73)
	at org.junit.platform.engine.support.hierarchical.NodeTestTask.executeRecursively(NodeTestTask.java:122)
	at org.junit.platform.engine.support.hierarchical.NodeTestTask.execute(NodeTestTask.java:80)
	at org.junit.platform.engine.support.hierarchical.SameThreadHierarchicalTestExecutorService.submit(SameThreadHierarchicalTestExecutorService.java:32)
	at org.junit.platform.engine.support.hierarchical.HierarchicalTestExecutor.execute(HierarchicalTestExecutor.java:57)
	at org.junit.platform.engine.support.hierarchical.HierarchicalTestEngine.execute(HierarchicalTestEngine.java:51)
	at org.junit.platform.launcher.core.DefaultLauncher.execute(DefaultLauncher.java:248)
	at org.junit.platform.launcher.core.DefaultLauncher.lambda$execute$5(DefaultLauncher.java:211)
	at org.junit.platform.launcher.core.DefaultLauncher$$Lambda$143/233996206.accept(Unknown Source)
	at org.junit.platform.launcher.core.DefaultLauncher.withInterceptedStreams(DefaultLauncher.java:226)
	at org.junit.platform.launcher.core.DefaultLauncher.execute(DefaultLauncher.java:199)
	at org.junit.platform.launcher.core.DefaultLauncher.execute(DefaultLauncher.java:132)
	at org.apache.maven.surefire.junitplatform.JUnitPlatformProvider.invokeAllTests(JUnitPlatformProvider.java:142)
	at org.apache.maven.surefire.junitplatform.JUnitPlatformProvider.invoke(JUnitPlatformProvider.java:113)
	at org.apache.maven.surefire.booter.ForkedBooter.invokeProviderInSameClassLoader(ForkedBooter.java:384)
	at org.apache.maven.surefire.booter.ForkedBooter.runSuitesInProcess(ForkedBooter.java:345)
	at org.apache.maven.surefire.booter.ForkedBooter.execute(ForkedBooter.java:126)
	at org.apache.maven.surefire.booter.ForkedBooter.main(ForkedBooter.java:418)
2021-11-08 11:12:00,756 [myid:] - INFO  [main:FourLetterWordMain@94] - connecting to 127.0.0.1 30082
2021-11-08 11:12:00,757 [myid:1] - WARN  [nioEventLoopGroup-16-7:NettyServerCnxnFactory$CnxnChannelHandler@231] - Zookeeper server is not running, close the connection before starting the TLS handshake
2021-11-08 11:12:00,773 [myid:] - INFO  [main:ClientBase@267] - server 127.0.0.1:30082 not up
java.net.SocketException: Software caused connection abort: recv failed
	at java.net.SocketInputStream.socketRead0(Native Method)
	at java.net.SocketInputStream.read(SocketInputStream.java:150)
	at java.net.SocketInputStream.read(SocketInputStream.java:121)
	at sun.nio.cs.StreamDecoder.readBytes(StreamDecoder.java:284)
	at sun.nio.cs.StreamDecoder.implRead(StreamDecoder.java:326)
	at sun.nio.cs.StreamDecoder.read(StreamDecoder.java:178)
	at java.io.InputStreamReader.read(InputStreamReader.java:184)
	at java.io.BufferedReader.fill(BufferedReader.java:161)
	at java.io.BufferedReader.readLine(BufferedReader.java:324)
	at java.io.BufferedReader.readLine(BufferedReader.java:389)
	at org.apache.zookeeper.client.FourLetterWordMain.send4LetterWord(FourLetterWordMain.java:129)
	at org.apache.zookeeper.client.FourLetterWordMain.send4LetterWord(FourLetterWordMain.java:74)
	at org.apache.zookeeper.test.ClientBase.waitForServerUp(ClientBase.java:258)
	at org.apache.zookeeper.test.ClientBase.waitForServerUp(ClientBase.java:249)
	at org.apache.zookeeper.server.quorum.QuorumSSLTest.testOCSP(QuorumSSLTest.java:784)
	at sun.reflect.NativeMethodAccessorImpl.invoke0(Native Method)
	at sun.reflect.NativeMethodAccessorImpl.invoke(NativeMethodAccessorImpl.java:62)
	at sun.reflect.DelegatingMethodAccessorImpl.invoke(DelegatingMethodAccessorImpl.java:43)
	at java.lang.reflect.Method.invoke(Method.java:483)
	at org.junit.platform.commons.util.ReflectionUtils.invokeMethod(ReflectionUtils.java:686)
	at org.junit.jupiter.engine.execution.MethodInvocation.proceed(MethodInvocation.java:60)
	at org.junit.jupiter.engine.execution.InvocationInterceptorChain$ValidatingInvocation.proceed(InvocationInterceptorChain.java:131)
	at org.junit.jupiter.engine.extension.TimeoutInvocation.proceed(TimeoutInvocation.java:46)
	at org.junit.jupiter.engine.extension.TimeoutExtension.intercept(TimeoutExtension.java:149)
	at org.junit.jupiter.engine.extension.TimeoutExtension.interceptTestableMethod(TimeoutExtension.java:140)
	at org.junit.jupiter.engine.extension.TimeoutExtension.interceptTestMethod(TimeoutExtension.java:84)
	at org.junit.jupiter.engine.descriptor.TestMethodTestDescriptor$$Lambda$111/1780132728.apply(Unknown Source)
	at org.junit.jupiter.engine.execution.ExecutableInvoker$ReflectiveInterceptorCall.lambda$ofVoidMethod$0(ExecutableInvoker.java:115)
	at org.junit.jupiter.engine.execution.ExecutableInvoker$ReflectiveInterceptorCall$$Lambda$112/1725017993.apply(Unknown Source)
	at org.junit.jupiter.engine.execution.ExecutableInvoker.lambda$invoke$0(ExecutableInvoker.java:105)
	at org.junit.jupiter.engine.execution.ExecutableInvoker$$Lambda$234/64133603.apply(Unknown Source)
	at org.junit.jupiter.engine.execution.InvocationInterceptorChain$InterceptedInvocation.proceed(InvocationInterceptorChain.java:106)
	at org.junit.jupiter.engine.execution.InvocationInterceptorChain.proceed(InvocationInterceptorChain.java:64)
	at org.junit.jupiter.engine.execution.InvocationInterceptorChain.chainAndInvoke(InvocationInterceptorChain.java:45)
	at org.junit.jupiter.engine.execution.InvocationInterceptorChain.invoke(InvocationInterceptorChain.java:37)
	at org.junit.jupiter.engine.execution.ExecutableInvoker.invoke(ExecutableInvoker.java:104)
	at org.junit.jupiter.engine.execution.ExecutableInvoker.invoke(ExecutableInvoker.java:98)
	at org.junit.jupiter.engine.descriptor.TestMethodTestDescriptor.lambda$invokeTestMethod$6(TestMethodTestDescriptor.java:212)
	at org.junit.jupiter.engine.descriptor.TestMethodTestDescriptor$$Lambda$271/224100622.execute(Unknown Source)
	at org.junit.platform.engine.support.hierarchical.ThrowableCollector.execute(ThrowableCollector.java:73)
	at org.junit.jupiter.engine.descriptor.TestMethodTestDescriptor.invokeTestMethod(TestMethodTestDescriptor.java:208)
	at org.junit.jupiter.engine.descriptor.TestMethodTestDescriptor.execute(TestMethodTestDescriptor.java:137)
	at org.junit.jupiter.engine.descriptor.TestMethodTestDescriptor.execute(TestMethodTestDescriptor.java:71)
	at org.junit.platform.engine.support.hierarchical.NodeTestTask.lambda$executeRecursively$5(NodeTestTask.java:135)
	at org.junit.platform.engine.support.hierarchical.NodeTestTask$$Lambda$179/195615004.execute(Unknown Source)
	at org.junit.platform.engine.support.hierarchical.ThrowableCollector.execute(ThrowableCollector.java:73)
	at org.junit.platform.engine.support.hierarchical.NodeTestTask.lambda$executeRecursively$7(NodeTestTask.java:125)
	at org.junit.platform.engine.support.hierarchical.NodeTestTask$$Lambda$178/1890627974.invoke(Unknown Source)
	at org.junit.platform.engine.support.hierarchical.Node.around(Node.java:135)
	at org.junit.platform.engine.support.hierarchical.NodeTestTask.lambda$executeRecursively$8(NodeTestTask.java:123)
	at org.junit.platform.engine.support.hierarchical.NodeTestTask$$Lambda$177/231977479.execute(Unknown Source)
	at org.junit.platform.engine.support.hierarchical.ThrowableCollector.execute(ThrowableCollector.java:73)
	at org.junit.platform.engine.support.hierarchical.NodeTestTask.executeRecursively(NodeTestTask.java:122)
	at org.junit.platform.engine.support.hierarchical.NodeTestTask.execute(NodeTestTask.java:80)
	at org.junit.platform.engine.support.hierarchical.SameThreadHierarchicalTestExecutorService$$Lambda$183/1381713434.accept(Unknown Source)
	at java.util.ArrayList.forEach(ArrayList.java:1249)
	at org.junit.platform.engine.support.hierarchical.SameThreadHierarchicalTestExecutorService.invokeAll(SameThreadHierarchicalTestExecutorService.java:38)
	at org.junit.platform.engine.support.hierarchical.NodeTestTask.lambda$executeRecursively$5(NodeTestTask.java:139)
	at org.junit.platform.engine.support.hierarchical.NodeTestTask$$Lambda$179/195615004.execute(Unknown Source)
	at org.junit.platform.engine.support.hierarchical.ThrowableCollector.execute(ThrowableCollector.java:73)
	at org.junit.platform.engine.support.hierarchical.NodeTestTask.lambda$executeRecursively$7(NodeTestTask.java:125)
	at org.junit.platform.engine.support.hierarchical.NodeTestTask$$Lambda$178/1890627974.invoke(Unknown Source)
	at org.junit.platform.engine.support.hierarchical.Node.around(Node.java:135)
	at org.junit.platform.engine.support.hierarchical.NodeTestTask.lambda$executeRecursively$8(NodeTestTask.java:123)
	at org.junit.platform.engine.support.hierarchical.NodeTestTask$$Lambda$177/231977479.execute(Unknown Source)
	at org.junit.platform.engine.support.hierarchical.ThrowableCollector.execute(ThrowableCollector.java:73)
	at org.junit.platform.engine.support.hierarchical.NodeTestTask.executeRecursively(NodeTestTask.java:122)
	at org.junit.platform.engine.support.hierarchical.NodeTestTask.execute(NodeTestTask.java:80)
	at org.junit.platform.engine.support.hierarchical.SameThreadHierarchicalTestExecutorService$$Lambda$183/1381713434.accept(Unknown Source)
	at java.util.ArrayList.forEach(ArrayList.java:1249)
	at org.junit.platform.engine.support.hierarchical.SameThreadHierarchicalTestExecutorService.invokeAll(SameThreadHierarchicalTestExecutorService.java:38)
	at org.junit.platform.engine.support.hierarchical.NodeTestTask.lambda$executeRecursively$5(NodeTestTask.java:139)
	at org.junit.platform.engine.support.hierarchical.NodeTestTask$$Lambda$179/195615004.execute(Unknown Source)
	at org.junit.platform.engine.support.hierarchical.ThrowableCollector.execute(ThrowableCollector.java:73)
	at org.junit.platform.engine.support.hierarchical.NodeTestTask.lambda$executeRecursively$7(NodeTestTask.java:125)
	at org.junit.platform.engine.support.hierarchical.NodeTestTask$$Lambda$178/1890627974.invoke(Unknown Source)
	at org.junit.platform.engine.support.hierarchical.Node.around(Node.java:135)
	at org.junit.platform.engine.support.hierarchical.NodeTestTask.lambda$executeRecursively$8(NodeTestTask.java:123)
	at org.junit.platform.engine.support.hierarchical.NodeTestTask$$Lambda$177/231977479.execute(Unknown Source)
	at org.junit.platform.engine.support.hierarchical.ThrowableCollector.execute(ThrowableCollector.java:73)
	at org.junit.platform.engine.support.hierarchical.NodeTestTask.executeRecursively(NodeTestTask.java:122)
	at org.junit.platform.engine.support.hierarchical.NodeTestTask.execute(NodeTestTask.java:80)
	at org.junit.platform.engine.support.hierarchical.SameThreadHierarchicalTestExecutorService.submit(SameThreadHierarchicalTestExecutorService.java:32)
	at org.junit.platform.engine.support.hierarchical.HierarchicalTestExecutor.execute(HierarchicalTestExecutor.java:57)
	at org.junit.platform.engine.support.hierarchical.HierarchicalTestEngine.execute(HierarchicalTestEngine.java:51)
	at org.junit.platform.launcher.core.DefaultLauncher.execute(DefaultLauncher.java:248)
	at org.junit.platform.launcher.core.DefaultLauncher.lambda$execute$5(DefaultLauncher.java:211)
	at org.junit.platform.launcher.core.DefaultLauncher$$Lambda$143/233996206.accept(Unknown Source)
	at org.junit.platform.launcher.core.DefaultLauncher.withInterceptedStreams(DefaultLauncher.java:226)
	at org.junit.platform.launcher.core.DefaultLauncher.execute(DefaultLauncher.java:199)
	at org.junit.platform.launcher.core.DefaultLauncher.execute(DefaultLauncher.java:132)
	at org.apache.maven.surefire.junitplatform.JUnitPlatformProvider.invokeAllTests(JUnitPlatformProvider.java:142)
	at org.apache.maven.surefire.junitplatform.JUnitPlatformProvider.invoke(JUnitPlatformProvider.java:113)
	at org.apache.maven.surefire.booter.ForkedBooter.invokeProviderInSameClassLoader(ForkedBooter.java:384)
	at org.apache.maven.surefire.booter.ForkedBooter.runSuitesInProcess(ForkedBooter.java:345)
	at org.apache.maven.surefire.booter.ForkedBooter.execute(ForkedBooter.java:126)
	at org.apache.maven.surefire.booter.ForkedBooter.main(ForkedBooter.java:418)
2021-11-08 11:12:01,039 [myid:] - INFO  [main:FourLetterWordMain@94] - connecting to 127.0.0.1 30082
2021-11-08 11:12:01,040 [myid:1] - WARN  [nioEventLoopGroup-16-8:NettyServerCnxnFactory$CnxnChannelHandler@231] - Zookeeper server is not running, close the connection before starting the TLS handshake
2021-11-08 11:12:01,300 [myid:] - INFO  [main:FourLetterWordMain@94] - connecting to 127.0.0.1 30082
2021-11-08 11:12:01,301 [myid:1] - WARN  [nioEventLoopGroup-16-9:NettyServerCnxnFactory$CnxnChannelHandler@231] - Zookeeper server is not running, close the connection before starting the TLS handshake
2021-11-08 11:12:01,568 [myid:] - INFO  [main:FourLetterWordMain@94] - connecting to 127.0.0.1 30082
2021-11-08 11:12:01,569 [myid:1] - WARN  [nioEventLoopGroup-16-10:NettyServerCnxnFactory$CnxnChannelHandler@231] - Zookeeper server is not running, close the connection before starting the TLS handshake
2021-11-08 11:12:01,821 [myid:] - INFO  [main:FourLetterWordMain@94] - connecting to 127.0.0.1 30082
2021-11-08 11:12:01,822 [myid:2] - INFO  [QuorumPeer[myid=2](plain=[0:0:0:0:0:0:0:0]:30083)(secure=disabled):FastLeaderElection@984] - Notification time out: 3200
2021-11-08 11:12:01,826 [myid:1] - INFO  [QuorumPeer[myid=1](plain=[0:0:0:0:0:0:0:0]:30082)(secure=disabled):FastLeaderElection@984] - Notification time out: 3200
2021-11-08 11:12:01,826 [myid:1] - WARN  [nioEventLoopGroup-16-11:NettyServerCnxnFactory$CnxnChannelHandler@231] - Zookeeper server is not running, close the connection before starting the TLS handshake
2021-11-08 11:12:02,083 [myid:] - INFO  [main:FourLetterWordMain@94] - connecting to 127.0.0.1 30082
2021-11-08 11:12:02,084 [myid:1] - WARN  [nioEventLoopGroup-16-12:NettyServerCnxnFactory$CnxnChannelHandler@231] - Zookeeper server is not running, close the connection before starting the TLS handshake
2021-11-08 11:12:02,351 [myid:] - INFO  [main:FourLetterWordMain@94] - connecting to 127.0.0.1 30082
2021-11-08 11:12:02,352 [myid:1] - WARN  [nioEventLoopGroup-16-1:NettyServerCnxnFactory$CnxnChannelHandler@231] - Zookeeper server is not running, close the connection before starting the TLS handshake
2021-11-08 11:12:02,614 [myid:] - INFO  [main:FourLetterWordMain@94] - connecting to 127.0.0.1 30082
2021-11-08 11:12:02,615 [myid:1] - WARN  [nioEventLoopGroup-16-2:NettyServerCnxnFactory$CnxnChannelHandler@231] - Zookeeper server is not running, close the connection before starting the TLS handshake
2021-11-08 11:12:02,630 [myid:] - INFO  [main:ClientBase@267] - server 127.0.0.1:30082 not up
java.net.SocketException: Software caused connection abort: recv failed
	at java.net.SocketInputStream.socketRead0(Native Method)
	at java.net.SocketInputStream.read(SocketInputStream.java:150)
	at java.net.SocketInputStream.read(SocketInputStream.java:121)
	at sun.nio.cs.StreamDecoder.readBytes(StreamDecoder.java:284)
	at sun.nio.cs.StreamDecoder.implRead(StreamDecoder.java:326)
	at sun.nio.cs.StreamDecoder.read(StreamDecoder.java:178)
	at java.io.InputStreamReader.read(InputStreamReader.java:184)
	at java.io.BufferedReader.fill(BufferedReader.java:161)
	at java.io.BufferedReader.readLine(BufferedReader.java:324)
	at java.io.BufferedReader.readLine(BufferedReader.java:389)
	at org.apache.zookeeper.client.FourLetterWordMain.send4LetterWord(FourLetterWordMain.java:129)
	at org.apache.zookeeper.client.FourLetterWordMain.send4LetterWord(FourLetterWordMain.java:74)
	at org.apache.zookeeper.test.ClientBase.waitForServerUp(ClientBase.java:258)
	at org.apache.zookeeper.test.ClientBase.waitForServerUp(ClientBase.java:249)
	at org.apache.zookeeper.server.quorum.QuorumSSLTest.testOCSP(QuorumSSLTest.java:784)
	at sun.reflect.NativeMethodAccessorImpl.invoke0(Native Method)
	at sun.reflect.NativeMethodAccessorImpl.invoke(NativeMethodAccessorImpl.java:62)
	at sun.reflect.DelegatingMethodAccessorImpl.invoke(DelegatingMethodAccessorImpl.java:43)
	at java.lang.reflect.Method.invoke(Method.java:483)
	at org.junit.platform.commons.util.ReflectionUtils.invokeMethod(ReflectionUtils.java:686)
	at org.junit.jupiter.engine.execution.MethodInvocation.proceed(MethodInvocation.java:60)
	at org.junit.jupiter.engine.execution.InvocationInterceptorChain$ValidatingInvocation.proceed(InvocationInterceptorChain.java:131)
	at org.junit.jupiter.engine.extension.TimeoutInvocation.proceed(TimeoutInvocation.java:46)
	at org.junit.jupiter.engine.extension.TimeoutExtension.intercept(TimeoutExtension.java:149)
	at org.junit.jupiter.engine.extension.TimeoutExtension.interceptTestableMethod(TimeoutExtension.java:140)
	at org.junit.jupiter.engine.extension.TimeoutExtension.interceptTestMethod(TimeoutExtension.java:84)
	at org.junit.jupiter.engine.descriptor.TestMethodTestDescriptor$$Lambda$111/1780132728.apply(Unknown Source)
	at org.junit.jupiter.engine.execution.ExecutableInvoker$ReflectiveInterceptorCall.lambda$ofVoidMethod$0(ExecutableInvoker.java:115)
	at org.junit.jupiter.engine.execution.ExecutableInvoker$ReflectiveInterceptorCall$$Lambda$112/1725017993.apply(Unknown Source)
	at org.junit.jupiter.engine.execution.ExecutableInvoker.lambda$invoke$0(ExecutableInvoker.java:105)
	at org.junit.jupiter.engine.execution.ExecutableInvoker$$Lambda$234/64133603.apply(Unknown Source)
	at org.junit.jupiter.engine.execution.InvocationInterceptorChain$InterceptedInvocation.proceed(InvocationInterceptorChain.java:106)
	at org.junit.jupiter.engine.execution.InvocationInterceptorChain.proceed(InvocationInterceptorChain.java:64)
	at org.junit.jupiter.engine.execution.InvocationInterceptorChain.chainAndInvoke(InvocationInterceptorChain.java:45)
	at org.junit.jupiter.engine.execution.InvocationInterceptorChain.invoke(InvocationInterceptorChain.java:37)
	at org.junit.jupiter.engine.execution.ExecutableInvoker.invoke(ExecutableInvoker.java:104)
	at org.junit.jupiter.engine.execution.ExecutableInvoker.invoke(ExecutableInvoker.java:98)
	at org.junit.jupiter.engine.descriptor.TestMethodTestDescriptor.lambda$invokeTestMethod$6(TestMethodTestDescriptor.java:212)
	at org.junit.jupiter.engine.descriptor.TestMethodTestDescriptor$$Lambda$271/224100622.execute(Unknown Source)
	at org.junit.platform.engine.support.hierarchical.ThrowableCollector.execute(ThrowableCollector.java:73)
	at org.junit.jupiter.engine.descriptor.TestMethodTestDescriptor.invokeTestMethod(TestMethodTestDescriptor.java:208)
	at org.junit.jupiter.engine.descriptor.TestMethodTestDescriptor.execute(TestMethodTestDescriptor.java:137)
	at org.junit.jupiter.engine.descriptor.TestMethodTestDescriptor.execute(TestMethodTestDescriptor.java:71)
	at org.junit.platform.engine.support.hierarchical.NodeTestTask.lambda$executeRecursively$5(NodeTestTask.java:135)
	at org.junit.platform.engine.support.hierarchical.NodeTestTask$$Lambda$179/195615004.execute(Unknown Source)
	at org.junit.platform.engine.support.hierarchical.ThrowableCollector.execute(ThrowableCollector.java:73)
	at org.junit.platform.engine.support.hierarchical.NodeTestTask.lambda$executeRecursively$7(NodeTestTask.java:125)
	at org.junit.platform.engine.support.hierarchical.NodeTestTask$$Lambda$178/1890627974.invoke(Unknown Source)
	at org.junit.platform.engine.support.hierarchical.Node.around(Node.java:135)
	at org.junit.platform.engine.support.hierarchical.NodeTestTask.lambda$executeRecursively$8(NodeTestTask.java:123)
	at org.junit.platform.engine.support.hierarchical.NodeTestTask$$Lambda$177/231977479.execute(Unknown Source)
	at org.junit.platform.engine.support.hierarchical.ThrowableCollector.execute(ThrowableCollector.java:73)
	at org.junit.platform.engine.support.hierarchical.NodeTestTask.executeRecursively(NodeTestTask.java:122)
	at org.junit.platform.engine.support.hierarchical.NodeTestTask.execute(NodeTestTask.java:80)
	at org.junit.platform.engine.support.hierarchical.SameThreadHierarchicalTestExecutorService$$Lambda$183/1381713434.accept(Unknown Source)
	at java.util.ArrayList.forEach(ArrayList.java:1249)
	at org.junit.platform.engine.support.hierarchical.SameThreadHierarchicalTestExecutorService.invokeAll(SameThreadHierarchicalTestExecutorService.java:38)
	at org.junit.platform.engine.support.hierarchical.NodeTestTask.lambda$executeRecursively$5(NodeTestTask.java:139)
	at org.junit.platform.engine.support.hierarchical.NodeTestTask$$Lambda$179/195615004.execute(Unknown Source)
	at org.junit.platform.engine.support.hierarchical.ThrowableCollector.execute(ThrowableCollector.java:73)
	at org.junit.platform.engine.support.hierarchical.NodeTestTask.lambda$executeRecursively$7(NodeTestTask.java:125)
	at org.junit.platform.engine.support.hierarchical.NodeTestTask$$Lambda$178/1890627974.invoke(Unknown Source)
	at org.junit.platform.engine.support.hierarchical.Node.around(Node.java:135)
	at org.junit.platform.engine.support.hierarchical.NodeTestTask.lambda$executeRecursively$8(NodeTestTask.java:123)
	at org.junit.platform.engine.support.hierarchical.NodeTestTask$$Lambda$177/231977479.execute(Unknown Source)
	at org.junit.platform.engine.support.hierarchical.ThrowableCollector.execute(ThrowableCollector.java:73)
	at org.junit.platform.engine.support.hierarchical.NodeTestTask.executeRecursively(NodeTestTask.java:122)
	at org.junit.platform.engine.support.hierarchical.NodeTestTask.execute(NodeTestTask.java:80)
	at org.junit.platform.engine.support.hierarchical.SameThreadHierarchicalTestExecutorService$$Lambda$183/1381713434.accept(Unknown Source)
	at java.util.ArrayList.forEach(ArrayList.java:1249)
	at org.junit.platform.engine.support.hierarchical.SameThreadHierarchicalTestExecutorService.invokeAll(SameThreadHierarchicalTestExecutorService.java:38)
	at org.junit.platform.engine.support.hierarchical.NodeTestTask.lambda$executeRecursively$5(NodeTestTask.java:139)
	at org.junit.platform.engine.support.hierarchical.NodeTestTask$$Lambda$179/195615004.execute(Unknown Source)
	at org.junit.platform.engine.support.hierarchical.ThrowableCollector.execute(ThrowableCollector.java:73)
	at org.junit.platform.engine.support.hierarchical.NodeTestTask.lambda$executeRecursively$7(NodeTestTask.java:125)
	at org.junit.platform.engine.support.hierarchical.NodeTestTask$$Lambda$178/1890627974.invoke(Unknown Source)
	at org.junit.platform.engine.support.hierarchical.Node.around(Node.java:135)
	at org.junit.platform.engine.support.hierarchical.NodeTestTask.lambda$executeRecursively$8(NodeTestTask.java:123)
	at org.junit.platform.engine.support.hierarchical.NodeTestTask$$Lambda$177/231977479.execute(Unknown Source)
	at org.junit.platform.engine.support.hierarchical.ThrowableCollector.execute(ThrowableCollector.java:73)
	at org.junit.platform.engine.support.hierarchical.NodeTestTask.executeRecursively(NodeTestTask.java:122)
	at org.junit.platform.engine.support.hierarchical.NodeTestTask.execute(NodeTestTask.java:80)
	at org.junit.platform.engine.support.hierarchical.SameThreadHierarchicalTestExecutorService.submit(SameThreadHierarchicalTestExecutorService.java:32)
	at org.junit.platform.engine.support.hierarchical.HierarchicalTestExecutor.execute(HierarchicalTestExecutor.java:57)
	at org.junit.platform.engine.support.hierarchical.HierarchicalTestEngine.execute(HierarchicalTestEngine.java:51)
	at org.junit.platform.launcher.core.DefaultLauncher.execute(DefaultLauncher.java:248)
	at org.junit.platform.launcher.core.DefaultLauncher.lambda$execute$5(DefaultLauncher.java:211)
	at org.junit.platform.launcher.core.DefaultLauncher$$Lambda$143/233996206.accept(Unknown Source)
	at org.junit.platform.launcher.core.DefaultLauncher.withInterceptedStreams(DefaultLauncher.java:226)
	at org.junit.platform.launcher.core.DefaultLauncher.execute(DefaultLauncher.java:199)
	at org.junit.platform.launcher.core.DefaultLauncher.execute(DefaultLauncher.java:132)
	at org.apache.maven.surefire.junitplatform.JUnitPlatformProvider.invokeAllTests(JUnitPlatformProvider.java:142)
	at org.apache.maven.surefire.junitplatform.JUnitPlatformProvider.invoke(JUnitPlatformProvider.java:113)
	at org.apache.maven.surefire.booter.ForkedBooter.invokeProviderInSameClassLoader(ForkedBooter.java:384)
	at org.apache.maven.surefire.booter.ForkedBooter.runSuitesInProcess(ForkedBooter.java:345)
	at org.apache.maven.surefire.booter.ForkedBooter.execute(ForkedBooter.java:126)
	at org.apache.maven.surefire.booter.ForkedBooter.main(ForkedBooter.java:418)
2021-11-08 11:12:02,895 [myid:] - INFO  [main:FourLetterWordMain@94] - connecting to 127.0.0.1 30082
2021-11-08 11:12:02,896 [myid:1] - WARN  [nioEventLoopGroup-16-3:NettyServerCnxnFactory$CnxnChannelHandler@231] - Zookeeper server is not running, close the connection before starting the TLS handshake
2021-11-08 11:12:03,161 [myid:] - INFO  [main:FourLetterWordMain@94] - connecting to 127.0.0.1 30082
2021-11-08 11:12:03,162 [myid:1] - WARN  [nioEventLoopGroup-16-4:NettyServerCnxnFactory$CnxnChannelHandler@231] - Zookeeper server is not running, close the connection before starting the TLS handshake
2021-11-08 11:12:03,413 [myid:] - INFO  [main:FourLetterWordMain@94] - connecting to 127.0.0.1 30082
2021-11-08 11:12:03,413 [myid:1] - WARN  [nioEventLoopGroup-16-5:NettyServerCnxnFactory$CnxnChannelHandler@231] - Zookeeper server is not running, close the connection before starting the TLS handshake
2021-11-08 11:12:03,679 [myid:] - INFO  [main:FourLetterWordMain@94] - connecting to 127.0.0.1 30082
2021-11-08 11:12:03,680 [myid:1] - WARN  [nioEventLoopGroup-16-6:NettyServerCnxnFactory$CnxnChannelHandler@231] - Zookeeper server is not running, close the connection before starting the TLS handshake
2021-11-08 11:12:03,944 [myid:] - INFO  [main:FourLetterWordMain@94] - connecting to 127.0.0.1 30082
2021-11-08 11:12:03,945 [myid:1] - WARN  [nioEventLoopGroup-16-7:NettyServerCnxnFactory$CnxnChannelHandler@231] - Zookeeper server is not running, close the connection before starting the TLS handshake
2021-11-08 11:12:04,198 [myid:] - INFO  [main:FourLetterWordMain@94] - connecting to 127.0.0.1 30082
2021-11-08 11:12:04,199 [myid:1] - WARN  [nioEventLoopGroup-16-8:NettyServerCnxnFactory$CnxnChannelHandler@231] - Zookeeper server is not running, close the connection before starting the TLS handshake
2021-11-08 11:12:04,464 [myid:] - INFO  [main:FourLetterWordMain@94] - connecting to 127.0.0.1 30082
2021-11-08 11:12:04,465 [myid:1] - WARN  [nioEventLoopGroup-16-9:NettyServerCnxnFactory$CnxnChannelHandler@231] - Zookeeper server is not running, close the connection before starting the TLS handshake
2021-11-08 11:12:04,718 [myid:] - INFO  [main:FourLetterWordMain@94] - connecting to 127.0.0.1 30082
2021-11-08 11:12:04,719 [myid:1] - WARN  [nioEventLoopGroup-16-10:NettyServerCnxnFactory$CnxnChannelHandler@231] - Zookeeper server is not running, close the connection before starting the TLS handshake
2021-11-08 11:12:04,734 [myid:] - INFO  [main:ClientBase@267] - server 127.0.0.1:30082 not up
java.net.SocketException: Software caused connection abort: recv failed
	at java.net.SocketInputStream.socketRead0(Native Method)
	at java.net.SocketInputStream.read(SocketInputStream.java:150)
	at java.net.SocketInputStream.read(SocketInputStream.java:121)
	at sun.nio.cs.StreamDecoder.readBytes(StreamDecoder.java:284)
	at sun.nio.cs.StreamDecoder.implRead(StreamDecoder.java:326)
	at sun.nio.cs.StreamDecoder.read(StreamDecoder.java:178)
	at java.io.InputStreamReader.read(InputStreamReader.java:184)
	at java.io.BufferedReader.fill(BufferedReader.java:161)
	at java.io.BufferedReader.readLine(BufferedReader.java:324)
	at java.io.BufferedReader.readLine(BufferedReader.java:389)
	at org.apache.zookeeper.client.FourLetterWordMain.send4LetterWord(FourLetterWordMain.java:129)
	at org.apache.zookeeper.client.FourLetterWordMain.send4LetterWord(FourLetterWordMain.java:74)
	at org.apache.zookeeper.test.ClientBase.waitForServerUp(ClientBase.java:258)
	at org.apache.zookeeper.test.ClientBase.waitForServerUp(ClientBase.java:249)
	at org.apache.zookeeper.server.quorum.QuorumSSLTest.testOCSP(QuorumSSLTest.java:784)
	at sun.reflect.NativeMethodAccessorImpl.invoke0(Native Method)
	at sun.reflect.NativeMethodAccessorImpl.invoke(NativeMethodAccessorImpl.java:62)
	at sun.reflect.DelegatingMethodAccessorImpl.invoke(DelegatingMethodAccessorImpl.java:43)
	at java.lang.reflect.Method.invoke(Method.java:483)
	at org.junit.platform.commons.util.ReflectionUtils.invokeMethod(ReflectionUtils.java:686)
	at org.junit.jupiter.engine.execution.MethodInvocation.proceed(MethodInvocation.java:60)
	at org.junit.jupiter.engine.execution.InvocationInterceptorChain$ValidatingInvocation.proceed(InvocationInterceptorChain.java:131)
	at org.junit.jupiter.engine.extension.TimeoutInvocation.proceed(TimeoutInvocation.java:46)
	at org.junit.jupiter.engine.extension.TimeoutExtension.intercept(TimeoutExtension.java:149)
	at org.junit.jupiter.engine.extension.TimeoutExtension.interceptTestableMethod(TimeoutExtension.java:140)
	at org.junit.jupiter.engine.extension.TimeoutExtension.interceptTestMethod(TimeoutExtension.java:84)
	at org.junit.jupiter.engine.descriptor.TestMethodTestDescriptor$$Lambda$111/1780132728.apply(Unknown Source)
	at org.junit.jupiter.engine.execution.ExecutableInvoker$ReflectiveInterceptorCall.lambda$ofVoidMethod$0(ExecutableInvoker.java:115)
	at org.junit.jupiter.engine.execution.ExecutableInvoker$ReflectiveInterceptorCall$$Lambda$112/1725017993.apply(Unknown Source)
	at org.junit.jupiter.engine.execution.ExecutableInvoker.lambda$invoke$0(ExecutableInvoker.java:105)
	at org.junit.jupiter.engine.execution.ExecutableInvoker$$Lambda$234/64133603.apply(Unknown Source)
	at org.junit.jupiter.engine.execution.InvocationInterceptorChain$InterceptedInvocation.proceed(InvocationInterceptorChain.java:106)
	at org.junit.jupiter.engine.execution.InvocationInterceptorChain.proceed(InvocationInterceptorChain.java:64)
	at org.junit.jupiter.engine.execution.InvocationInterceptorChain.chainAndInvoke(InvocationInterceptorChain.java:45)
	at org.junit.jupiter.engine.execution.InvocationInterceptorChain.invoke(InvocationInterceptorChain.java:37)
	at org.junit.jupiter.engine.execution.ExecutableInvoker.invoke(ExecutableInvoker.java:104)
	at org.junit.jupiter.engine.execution.ExecutableInvoker.invoke(ExecutableInvoker.java:98)
	at org.junit.jupiter.engine.descriptor.TestMethodTestDescriptor.lambda$invokeTestMethod$6(TestMethodTestDescriptor.java:212)
	at org.junit.jupiter.engine.descriptor.TestMethodTestDescriptor$$Lambda$271/224100622.execute(Unknown Source)
	at org.junit.platform.engine.support.hierarchical.ThrowableCollector.execute(ThrowableCollector.java:73)
	at org.junit.jupiter.engine.descriptor.TestMethodTestDescriptor.invokeTestMethod(TestMethodTestDescriptor.java:208)
	at org.junit.jupiter.engine.descriptor.TestMethodTestDescriptor.execute(TestMethodTestDescriptor.java:137)
	at org.junit.jupiter.engine.descriptor.TestMethodTestDescriptor.execute(TestMethodTestDescriptor.java:71)
	at org.junit.platform.engine.support.hierarchical.NodeTestTask.lambda$executeRecursively$5(NodeTestTask.java:135)
	at org.junit.platform.engine.support.hierarchical.NodeTestTask$$Lambda$179/195615004.execute(Unknown Source)
	at org.junit.platform.engine.support.hierarchical.ThrowableCollector.execute(ThrowableCollector.java:73)
	at org.junit.platform.engine.support.hierarchical.NodeTestTask.lambda$executeRecursively$7(NodeTestTask.java:125)
	at org.junit.platform.engine.support.hierarchical.NodeTestTask$$Lambda$178/1890627974.invoke(Unknown Source)
	at org.junit.platform.engine.support.hierarchical.Node.around(Node.java:135)
	at org.junit.platform.engine.support.hierarchical.NodeTestTask.lambda$executeRecursively$8(NodeTestTask.java:123)
	at org.junit.platform.engine.support.hierarchical.NodeTestTask$$Lambda$177/231977479.execute(Unknown Source)
	at org.junit.platform.engine.support.hierarchical.ThrowableCollector.execute(ThrowableCollector.java:73)
	at org.junit.platform.engine.support.hierarchical.NodeTestTask.executeRecursively(NodeTestTask.java:122)
	at org.junit.platform.engine.support.hierarchical.NodeTestTask.execute(NodeTestTask.java:80)
	at org.junit.platform.engine.support.hierarchical.SameThreadHierarchicalTestExecutorService$$Lambda$183/1381713434.accept(Unknown Source)
	at java.util.ArrayList.forEach(ArrayList.java:1249)
	at org.junit.platform.engine.support.hierarchical.SameThreadHierarchicalTestExecutorService.invokeAll(SameThreadHierarchicalTestExecutorService.java:38)
	at org.junit.platform.engine.support.hierarchical.NodeTestTask.lambda$executeRecursively$5(NodeTestTask.java:139)
	at org.junit.platform.engine.support.hierarchical.NodeTestTask$$Lambda$179/195615004.execute(Unknown Source)
	at org.junit.platform.engine.support.hierarchical.ThrowableCollector.execute(ThrowableCollector.java:73)
	at org.junit.platform.engine.support.hierarchical.NodeTestTask.lambda$executeRecursively$7(NodeTestTask.java:125)
	at org.junit.platform.engine.support.hierarchical.NodeTestTask$$Lambda$178/1890627974.invoke(Unknown Source)
	at org.junit.platform.engine.support.hierarchical.Node.around(Node.java:135)
	at org.junit.platform.engine.support.hierarchical.NodeTestTask.lambda$executeRecursively$8(NodeTestTask.java:123)
	at org.junit.platform.engine.support.hierarchical.NodeTestTask$$Lambda$177/231977479.execute(Unknown Source)
	at org.junit.platform.engine.support.hierarchical.ThrowableCollector.execute(ThrowableCollector.java:73)
	at org.junit.platform.engine.support.hierarchical.NodeTestTask.executeRecursively(NodeTestTask.java:122)
	at org.junit.platform.engine.support.hierarchical.NodeTestTask.execute(NodeTestTask.java:80)
	at org.junit.platform.engine.support.hierarchical.SameThreadHierarchicalTestExecutorService$$Lambda$183/1381713434.accept(Unknown Source)
	at java.util.ArrayList.forEach(ArrayList.java:1249)
	at org.junit.platform.engine.support.hierarchical.SameThreadHierarchicalTestExecutorService.invokeAll(SameThreadHierarchicalTestExecutorService.java:38)
	at org.junit.platform.engine.support.hierarchical.NodeTestTask.lambda$executeRecursively$5(NodeTestTask.java:139)
	at org.junit.platform.engine.support.hierarchical.NodeTestTask$$Lambda$179/195615004.execute(Unknown Source)
	at org.junit.platform.engine.support.hierarchical.ThrowableCollector.execute(ThrowableCollector.java:73)
	at org.junit.platform.engine.support.hierarchical.NodeTestTask.lambda$executeRecursively$7(NodeTestTask.java:125)
	at org.junit.platform.engine.support.hierarchical.NodeTestTask$$Lambda$178/1890627974.invoke(Unknown Source)
	at org.junit.platform.engine.support.hierarchical.Node.around(Node.java:135)
	at org.junit.platform.engine.support.hierarchical.NodeTestTask.lambda$executeRecursively$8(NodeTestTask.java:123)
	at org.junit.platform.engine.support.hierarchical.NodeTestTask$$Lambda$177/231977479.execute(Unknown Source)
	at org.junit.platform.engine.support.hierarchical.ThrowableCollector.execute(ThrowableCollector.java:73)
	at org.junit.platform.engine.support.hierarchical.NodeTestTask.executeRecursively(NodeTestTask.java:122)
	at org.junit.platform.engine.support.hierarchical.NodeTestTask.execute(NodeTestTask.java:80)
	at org.junit.platform.engine.support.hierarchical.SameThreadHierarchicalTestExecutorService.submit(SameThreadHierarchicalTestExecutorService.java:32)
	at org.junit.platform.engine.support.hierarchical.HierarchicalTestExecutor.execute(HierarchicalTestExecutor.java:57)
	at org.junit.platform.engine.support.hierarchical.HierarchicalTestEngine.execute(HierarchicalTestEngine.java:51)
	at org.junit.platform.launcher.core.DefaultLauncher.execute(DefaultLauncher.java:248)
	at org.junit.platform.launcher.core.DefaultLauncher.lambda$execute$5(DefaultLauncher.java:211)
	at org.junit.platform.launcher.core.DefaultLauncher$$Lambda$143/233996206.accept(Unknown Source)
	at org.junit.platform.launcher.core.DefaultLauncher.withInterceptedStreams(DefaultLauncher.java:226)
	at org.junit.platform.launcher.core.DefaultLauncher.execute(DefaultLauncher.java:199)
	at org.junit.platform.launcher.core.DefaultLauncher.execute(DefaultLauncher.java:132)
	at org.apache.maven.surefire.junitplatform.JUnitPlatformProvider.invokeAllTests(JUnitPlatformProvider.java:142)
	at org.apache.maven.surefire.junitplatform.JUnitPlatformProvider.invoke(JUnitPlatformProvider.java:113)
	at org.apache.maven.surefire.booter.ForkedBooter.invokeProviderInSameClassLoader(ForkedBooter.java:384)
	at org.apache.maven.surefire.booter.ForkedBooter.runSuitesInProcess(ForkedBooter.java:345)
	at org.apache.maven.surefire.booter.ForkedBooter.execute(ForkedBooter.java:126)
	at org.apache.maven.surefire.booter.ForkedBooter.main(ForkedBooter.java:418)
2021-11-08 11:12:04,999 [myid:] - INFO  [main:FourLetterWordMain@94] - connecting to 127.0.0.1 30082
2021-11-08 11:12:05,000 [myid:1] - WARN  [nioEventLoopGroup-16-11:NettyServerCnxnFactory$CnxnChannelHandler@231] - Zookeeper server is not running, close the connection before starting the TLS handshake
2021-11-08 11:12:05,032 [myid:2] - INFO  [QuorumPeer[myid=2](plain=[0:0:0:0:0:0:0:0]:30083)(secure=disabled):FastLeaderElection@984] - Notification time out: 6400
2021-11-08 11:12:05,036 [myid:1] - INFO  [QuorumPeer[myid=1](plain=[0:0:0:0:0:0:0:0]:30082)(secure=disabled):FastLeaderElection@984] - Notification time out: 6400
2021-11-08 11:12:05,253 [myid:] - INFO  [main:FourLetterWordMain@94] - connecting to 127.0.0.1 30082
2021-11-08 11:12:05,254 [myid:1] - WARN  [nioEventLoopGroup-16-12:NettyServerCnxnFactory$CnxnChannelHandler@231] - Zookeeper server is not running, close the connection before starting the TLS handshake
2021-11-08 11:12:05,517 [myid:] - INFO  [main:FourLetterWordMain@94] - connecting to 127.0.0.1 30082
2021-11-08 11:12:05,518 [myid:1] - WARN  [nioEventLoopGroup-16-1:NettyServerCnxnFactory$CnxnChannelHandler@231] - Zookeeper server is not running, close the connection before starting the TLS handshake
2021-11-08 11:12:05,782 [myid:] - INFO  [main:FourLetterWordMain@94] - connecting to 127.0.0.1 30082
2021-11-08 11:12:05,782 [myid:1] - WARN  [nioEventLoopGroup-16-2:NettyServerCnxnFactory$CnxnChannelHandler@231] - Zookeeper server is not running, close the connection before starting the TLS handshake
2021-11-08 11:12:06,048 [myid:] - INFO  [main:FourLetterWordMain@94] - connecting to 127.0.0.1 30082
2021-11-08 11:12:06,048 [myid:1] - WARN  [nioEventLoopGroup-16-3:NettyServerCnxnFactory$CnxnChannelHandler@231] - Zookeeper server is not running, close the connection before starting the TLS handshake
2021-11-08 11:12:06,299 [myid:] - INFO  [main:FourLetterWordMain@94] - connecting to 127.0.0.1 30082
2021-11-08 11:12:06,299 [myid:1] - WARN  [nioEventLoopGroup-16-4:NettyServerCnxnFactory$CnxnChannelHandler@231] - Zookeeper server is not running, close the connection before starting the TLS handshake
2021-11-08 11:12:06,551 [myid:] - INFO  [main:FourLetterWordMain@94] - connecting to 127.0.0.1 30082
2021-11-08 11:12:06,551 [myid:1] - WARN  [nioEventLoopGroup-16-5:NettyServerCnxnFactory$CnxnChannelHandler@231] - Zookeeper server is not running, close the connection before starting the TLS handshake
2021-11-08 11:12:06,817 [myid:] - INFO  [main:FourLetterWordMain@94] - connecting to 127.0.0.1 30082
2021-11-08 11:12:06,818 [myid:1] - WARN  [nioEventLoopGroup-16-6:NettyServerCnxnFactory$CnxnChannelHandler@231] - Zookeeper server is not running, close the connection before starting the TLS handshake
2021-11-08 11:12:07,081 [myid:] - INFO  [main:FourLetterWordMain@94] - connecting to 127.0.0.1 30082
2021-11-08 11:12:07,082 [myid:1] - WARN  [nioEventLoopGroup-16-7:NettyServerCnxnFactory$CnxnChannelHandler@231] - Zookeeper server is not running, close the connection before starting the TLS handshake
2021-11-08 11:12:07,344 [myid:] - INFO  [main:FourLetterWordMain@94] - connecting to 127.0.0.1 30082
2021-11-08 11:12:07,344 [myid:1] - WARN  [nioEventLoopGroup-16-8:NettyServerCnxnFactory$CnxnChannelHandler@231] - Zookeeper server is not running, close the connection before starting the TLS handshake
2021-11-08 11:12:07,596 [myid:] - INFO  [main:FourLetterWordMain@94] - connecting to 127.0.0.1 30082
2021-11-08 11:12:07,596 [myid:1] - WARN  [nioEventLoopGroup-16-9:NettyServerCnxnFactory$CnxnChannelHandler@231] - Zookeeper server is not running, close the connection before starting the TLS handshake
2021-11-08 11:12:07,859 [myid:] - INFO  [main:FourLetterWordMain@94] - connecting to 127.0.0.1 30082
2021-11-08 11:12:07,861 [myid:1] - WARN  [nioEventLoopGroup-16-10:NettyServerCnxnFactory$CnxnChannelHandler@231] - Zookeeper server is not running, close the connection before starting the TLS handshake
2021-11-08 11:12:08,127 [myid:] - INFO  [main:FourLetterWordMain@94] - connecting to 127.0.0.1 30082
2021-11-08 11:12:08,128 [myid:1] - WARN  [nioEventLoopGroup-16-11:NettyServerCnxnFactory$CnxnChannelHandler@231] - Zookeeper server is not running, close the connection before starting the TLS handshake
2021-11-08 11:12:08,380 [myid:] - INFO  [main:FourLetterWordMain@94] - connecting to 127.0.0.1 30082
2021-11-08 11:12:08,381 [myid:1] - WARN  [nioEventLoopGroup-16-12:NettyServerCnxnFactory$CnxnChannelHandler@231] - Zookeeper server is not running, close the connection before starting the TLS handshake
2021-11-08 11:12:08,645 [myid:] - INFO  [main:FourLetterWordMain@94] - connecting to 127.0.0.1 30082
2021-11-08 11:12:08,646 [myid:1] - WARN  [nioEventLoopGroup-16-1:NettyServerCnxnFactory$CnxnChannelHandler@231] - Zookeeper server is not running, close the connection before starting the TLS handshake
2021-11-08 11:12:08,911 [myid:] - INFO  [main:FourLetterWordMain@94] - connecting to 127.0.0.1 30082
2021-11-08 11:12:08,912 [myid:1] - WARN  [nioEventLoopGroup-16-2:NettyServerCnxnFactory$CnxnChannelHandler@231] - Zookeeper server is not running, close the connection before starting the TLS handshake
2021-11-08 11:12:09,175 [myid:] - INFO  [main:FourLetterWordMain@94] - connecting to 127.0.0.1 30082
2021-11-08 11:12:09,176 [myid:1] - WARN  [nioEventLoopGroup-16-3:NettyServerCnxnFactory$CnxnChannelHandler@231] - Zookeeper server is not running, close the connection before starting the TLS handshake
2021-11-08 11:12:09,439 [myid:] - INFO  [main:FourLetterWordMain@94] - connecting to 127.0.0.1 30082
2021-11-08 11:12:09,439 [myid:1] - WARN  [nioEventLoopGroup-16-4:NettyServerCnxnFactory$CnxnChannelHandler@231] - Zookeeper server is not running, close the connection before starting the TLS handshake
2021-11-08 11:12:09,703 [myid:] - INFO  [main:FourLetterWordMain@94] - connecting to 127.0.0.1 30082
2021-11-08 11:12:09,703 [myid:1] - WARN  [nioEventLoopGroup-16-5:NettyServerCnxnFactory$CnxnChannelHandler@231] - Zookeeper server is not running, close the connection before starting the TLS handshake
2021-11-08 11:12:09,955 [myid:] - INFO  [main:FourLetterWordMain@94] - connecting to 127.0.0.1 30082
2021-11-08 11:12:09,956 [myid:1] - WARN  [nioEventLoopGroup-16-6:NettyServerCnxnFactory$CnxnChannelHandler@231] - Zookeeper server is not running, close the connection before starting the TLS handshake
2021-11-08 11:12:10,209 [myid:] - INFO  [main:FourLetterWordMain@94] - connecting to 127.0.0.1 30082
2021-11-08 11:12:10,210 [myid:1] - WARN  [nioEventLoopGroup-16-7:NettyServerCnxnFactory$CnxnChannelHandler@231] - Zookeeper server is not running, close the connection before starting the TLS handshake
2021-11-08 11:12:10,474 [myid:] - INFO  [main:FourLetterWordMain@94] - connecting to 127.0.0.1 30082
2021-11-08 11:12:10,475 [myid:1] - WARN  [nioEventLoopGroup-16-8:NettyServerCnxnFactory$CnxnChannelHandler@231] - Zookeeper server is not running, close the connection before starting the TLS handshake
2021-11-08 11:12:10,727 [myid:] - INFO  [main:FourLetterWordMain@94] - connecting to 127.0.0.1 30082
2021-11-08 11:12:10,727 [myid:1] - WARN  [nioEventLoopGroup-16-9:NettyServerCnxnFactory$CnxnChannelHandler@231] - Zookeeper server is not running, close the connection before starting the TLS handshake
2021-11-08 11:12:10,743 [myid:] - INFO  [main:ClientBase@267] - server 127.0.0.1:30082 not up
java.net.SocketException: Software caused connection abort: recv failed
	at java.net.SocketInputStream.socketRead0(Native Method)
	at java.net.SocketInputStream.read(SocketInputStream.java:150)
	at java.net.SocketInputStream.read(SocketInputStream.java:121)
	at sun.nio.cs.StreamDecoder.readBytes(StreamDecoder.java:284)
	at sun.nio.cs.StreamDecoder.implRead(StreamDecoder.java:326)
	at sun.nio.cs.StreamDecoder.read(StreamDecoder.java:178)
	at java.io.InputStreamReader.read(InputStreamReader.java:184)
	at java.io.BufferedReader.fill(BufferedReader.java:161)
	at java.io.BufferedReader.readLine(BufferedReader.java:324)
	at java.io.BufferedReader.readLine(BufferedReader.java:389)
	at org.apache.zookeeper.client.FourLetterWordMain.send4LetterWord(FourLetterWordMain.java:129)
	at org.apache.zookeeper.client.FourLetterWordMain.send4LetterWord(FourLetterWordMain.java:74)
	at org.apache.zookeeper.test.ClientBase.waitForServerUp(ClientBase.java:258)
	at org.apache.zookeeper.test.ClientBase.waitForServerUp(ClientBase.java:249)
	at org.apache.zookeeper.server.quorum.QuorumSSLTest.testOCSP(QuorumSSLTest.java:784)
	at sun.reflect.NativeMethodAccessorImpl.invoke0(Native Method)
	at sun.reflect.NativeMethodAccessorImpl.invoke(NativeMethodAccessorImpl.java:62)
	at sun.reflect.DelegatingMethodAccessorImpl.invoke(DelegatingMethodAccessorImpl.java:43)
	at java.lang.reflect.Method.invoke(Method.java:483)
	at org.junit.platform.commons.util.ReflectionUtils.invokeMethod(ReflectionUtils.java:686)
	at org.junit.jupiter.engine.execution.MethodInvocation.proceed(MethodInvocation.java:60)
	at org.junit.jupiter.engine.execution.InvocationInterceptorChain$ValidatingInvocation.proceed(InvocationInterceptorChain.java:131)
	at org.junit.jupiter.engine.extension.TimeoutInvocation.proceed(TimeoutInvocation.java:46)
	at org.junit.jupiter.engine.extension.TimeoutExtension.intercept(TimeoutExtension.java:149)
	at org.junit.jupiter.engine.extension.TimeoutExtension.interceptTestableMethod(TimeoutExtension.java:140)
	at org.junit.jupiter.engine.extension.TimeoutExtension.interceptTestMethod(TimeoutExtension.java:84)
	at org.junit.jupiter.engine.descriptor.TestMethodTestDescriptor$$Lambda$111/1780132728.apply(Unknown Source)
	at org.junit.jupiter.engine.execution.ExecutableInvoker$ReflectiveInterceptorCall.lambda$ofVoidMethod$0(ExecutableInvoker.java:115)
	at org.junit.jupiter.engine.execution.ExecutableInvoker$ReflectiveInterceptorCall$$Lambda$112/1725017993.apply(Unknown Source)
	at org.junit.jupiter.engine.execution.ExecutableInvoker.lambda$invoke$0(ExecutableInvoker.java:105)
	at org.junit.jupiter.engine.execution.ExecutableInvoker$$Lambda$234/64133603.apply(Unknown Source)
	at org.junit.jupiter.engine.execution.InvocationInterceptorChain$InterceptedInvocation.proceed(InvocationInterceptorChain.java:106)
	at org.junit.jupiter.engine.execution.InvocationInterceptorChain.proceed(InvocationInterceptorChain.java:64)
	at org.junit.jupiter.engine.execution.InvocationInterceptorChain.chainAndInvoke(InvocationInterceptorChain.java:45)
	at org.junit.jupiter.engine.execution.InvocationInterceptorChain.invoke(InvocationInterceptorChain.java:37)
	at org.junit.jupiter.engine.execution.ExecutableInvoker.invoke(ExecutableInvoker.java:104)
	at org.junit.jupiter.engine.execution.ExecutableInvoker.invoke(ExecutableInvoker.java:98)
	at org.junit.jupiter.engine.descriptor.TestMethodTestDescriptor.lambda$invokeTestMethod$6(TestMethodTestDescriptor.java:212)
	at org.junit.jupiter.engine.descriptor.TestMethodTestDescriptor$$Lambda$271/224100622.execute(Unknown Source)
	at org.junit.platform.engine.support.hierarchical.ThrowableCollector.execute(ThrowableCollector.java:73)
	at org.junit.jupiter.engine.descriptor.TestMethodTestDescriptor.invokeTestMethod(TestMethodTestDescriptor.java:208)
	at org.junit.jupiter.engine.descriptor.TestMethodTestDescriptor.execute(TestMethodTestDescriptor.java:137)
	at org.junit.jupiter.engine.descriptor.TestMethodTestDescriptor.execute(TestMethodTestDescriptor.java:71)
	at org.junit.platform.engine.support.hierarchical.NodeTestTask.lambda$executeRecursively$5(NodeTestTask.java:135)
	at org.junit.platform.engine.support.hierarchical.NodeTestTask$$Lambda$179/195615004.execute(Unknown Source)
	at org.junit.platform.engine.support.hierarchical.ThrowableCollector.execute(ThrowableCollector.java:73)
	at org.junit.platform.engine.support.hierarchical.NodeTestTask.lambda$executeRecursively$7(NodeTestTask.java:125)
	at org.junit.platform.engine.support.hierarchical.NodeTestTask$$Lambda$178/1890627974.invoke(Unknown Source)
	at org.junit.platform.engine.support.hierarchical.Node.around(Node.java:135)
	at org.junit.platform.engine.support.hierarchical.NodeTestTask.lambda$executeRecursively$8(NodeTestTask.java:123)
	at org.junit.platform.engine.support.hierarchical.NodeTestTask$$Lambda$177/231977479.execute(Unknown Source)
	at org.junit.platform.engine.support.hierarchical.ThrowableCollector.execute(ThrowableCollector.java:73)
	at org.junit.platform.engine.support.hierarchical.NodeTestTask.executeRecursively(NodeTestTask.java:122)
	at org.junit.platform.engine.support.hierarchical.NodeTestTask.execute(NodeTestTask.java:80)
	at org.junit.platform.engine.support.hierarchical.SameThreadHierarchicalTestExecutorService$$Lambda$183/1381713434.accept(Unknown Source)
	at java.util.ArrayList.forEach(ArrayList.java:1249)
	at org.junit.platform.engine.support.hierarchical.SameThreadHierarchicalTestExecutorService.invokeAll(SameThreadHierarchicalTestExecutorService.java:38)
	at org.junit.platform.engine.support.hierarchical.NodeTestTask.lambda$executeRecursively$5(NodeTestTask.java:139)
	at org.junit.platform.engine.support.hierarchical.NodeTestTask$$Lambda$179/195615004.execute(Unknown Source)
	at org.junit.platform.engine.support.hierarchical.ThrowableCollector.execute(ThrowableCollector.java:73)
	at org.junit.platform.engine.support.hierarchical.NodeTestTask.lambda$executeRecursively$7(NodeTestTask.java:125)
	at org.junit.platform.engine.support.hierarchical.NodeTestTask$$Lambda$178/1890627974.invoke(Unknown Source)
	at org.junit.platform.engine.support.hierarchical.Node.around(Node.java:135)
	at org.junit.platform.engine.support.hierarchical.NodeTestTask.lambda$executeRecursively$8(NodeTestTask.java:123)
	at org.junit.platform.engine.support.hierarchical.NodeTestTask$$Lambda$177/231977479.execute(Unknown Source)
	at org.junit.platform.engine.support.hierarchical.ThrowableCollector.execute(ThrowableCollector.java:73)
	at org.junit.platform.engine.support.hierarchical.NodeTestTask.executeRecursively(NodeTestTask.java:122)
	at org.junit.platform.engine.support.hierarchical.NodeTestTask.execute(NodeTestTask.java:80)
	at org.junit.platform.engine.support.hierarchical.SameThreadHierarchicalTestExecutorService$$Lambda$183/1381713434.accept(Unknown Source)
	at java.util.ArrayList.forEach(ArrayList.java:1249)
	at org.junit.platform.engine.support.hierarchical.SameThreadHierarchicalTestExecutorService.invokeAll(SameThreadHierarchicalTestExecutorService.java:38)
	at org.junit.platform.engine.support.hierarchical.NodeTestTask.lambda$executeRecursively$5(NodeTestTask.java:139)
	at org.junit.platform.engine.support.hierarchical.NodeTestTask$$Lambda$179/195615004.execute(Unknown Source)
	at org.junit.platform.engine.support.hierarchical.ThrowableCollector.execute(ThrowableCollector.java:73)
	at org.junit.platform.engine.support.hierarchical.NodeTestTask.lambda$executeRecursively$7(NodeTestTask.java:125)
	at org.junit.platform.engine.support.hierarchical.NodeTestTask$$Lambda$178/1890627974.invoke(Unknown Source)
	at org.junit.platform.engine.support.hierarchical.Node.around(Node.java:135)
	at org.junit.platform.engine.support.hierarchical.NodeTestTask.lambda$executeRecursively$8(NodeTestTask.java:123)
	at org.junit.platform.engine.support.hierarchical.NodeTestTask$$Lambda$177/231977479.execute(Unknown Source)
	at org.junit.platform.engine.support.hierarchical.ThrowableCollector.execute(ThrowableCollector.java:73)
	at org.junit.platform.engine.support.hierarchical.NodeTestTask.executeRecursively(NodeTestTask.java:122)
	at org.junit.platform.engine.support.hierarchical.NodeTestTask.execute(NodeTestTask.java:80)
	at org.junit.platform.engine.support.hierarchical.SameThreadHierarchicalTestExecutorService.submit(SameThreadHierarchicalTestExecutorService.java:32)
	at org.junit.platform.engine.support.hierarchical.HierarchicalTestExecutor.execute(HierarchicalTestExecutor.java:57)
	at org.junit.platform.engine.support.hierarchical.HierarchicalTestEngine.execute(HierarchicalTestEngine.java:51)
	at org.junit.platform.launcher.core.DefaultLauncher.execute(DefaultLauncher.java:248)
	at org.junit.platform.launcher.core.DefaultLauncher.lambda$execute$5(DefaultLauncher.java:211)
	at org.junit.platform.launcher.core.DefaultLauncher$$Lambda$143/233996206.accept(Unknown Source)
	at org.junit.platform.launcher.core.DefaultLauncher.withInterceptedStreams(DefaultLauncher.java:226)
	at org.junit.platform.launcher.core.DefaultLauncher.execute(DefaultLauncher.java:199)
	at org.junit.platform.launcher.core.DefaultLauncher.execute(DefaultLauncher.java:132)
	at org.apache.maven.surefire.junitplatform.JUnitPlatformProvider.invokeAllTests(JUnitPlatformProvider.java:142)
	at org.apache.maven.surefire.junitplatform.JUnitPlatformProvider.invoke(JUnitPlatformProvider.java:113)
	at org.apache.maven.surefire.booter.ForkedBooter.invokeProviderInSameClassLoader(ForkedBooter.java:384)
	at org.apache.maven.surefire.booter.ForkedBooter.runSuitesInProcess(ForkedBooter.java:345)
	at org.apache.maven.surefire.booter.ForkedBooter.execute(ForkedBooter.java:126)
	at org.apache.maven.surefire.booter.ForkedBooter.main(ForkedBooter.java:418)
2021-11-08 11:12:11,009 [myid:] - INFO  [main:FourLetterWordMain@94] - connecting to 127.0.0.1 30082
2021-11-08 11:12:11,010 [myid:1] - WARN  [nioEventLoopGroup-16-10:NettyServerCnxnFactory$CnxnChannelHandler@231] - Zookeeper server is not running, close the connection before starting the TLS handshake
2021-11-08 11:12:11,260 [myid:] - INFO  [main:FourLetterWordMain@94] - connecting to 127.0.0.1 30082
2021-11-08 11:12:11,260 [myid:1] - WARN  [nioEventLoopGroup-16-11:NettyServerCnxnFactory$CnxnChannelHandler@231] - Zookeeper server is not running, close the connection before starting the TLS handshake
2021-11-08 11:12:11,449 [myid:1] - INFO  [QuorumPeer[myid=1](plain=[0:0:0:0:0:0:0:0]:30082)(secure=disabled):FastLeaderElection@984] - Notification time out: 12800
2021-11-08 11:12:11,449 [myid:2] - INFO  [QuorumPeer[myid=2](plain=[0:0:0:0:0:0:0:0]:30083)(secure=disabled):FastLeaderElection@984] - Notification time out: 12800
2021-11-08 11:12:11,511 [myid:] - INFO  [main:FourLetterWordMain@94] - connecting to 127.0.0.1 30082
2021-11-08 11:12:11,512 [myid:1] - WARN  [nioEventLoopGroup-16-12:NettyServerCnxnFactory$CnxnChannelHandler@231] - Zookeeper server is not running, close the connection before starting the TLS handshake
2021-11-08 11:12:11,764 [myid:] - INFO  [main:FourLetterWordMain@94] - connecting to 127.0.0.1 30082
2021-11-08 11:12:11,765 [myid:1] - WARN  [nioEventLoopGroup-16-1:NettyServerCnxnFactory$CnxnChannelHandler@231] - Zookeeper server is not running, close the connection before starting the TLS handshake
2021-11-08 11:12:12,026 [myid:] - INFO  [main:FourLetterWordMain@94] - connecting to 127.0.0.1 30082
2021-11-08 11:12:12,027 [myid:1] - WARN  [nioEventLoopGroup-16-2:NettyServerCnxnFactory$CnxnChannelHandler@231] - Zookeeper server is not running, close the connection before starting the TLS handshake
2021-11-08 11:12:12,277 [myid:] - INFO  [main:FourLetterWordMain@94] - connecting to 127.0.0.1 30082
2021-11-08 11:12:12,278 [myid:1] - WARN  [nioEventLoopGroup-16-3:NettyServerCnxnFactory$CnxnChannelHandler@231] - Zookeeper server is not running, close the connection before starting the TLS handshake
2021-11-08 11:12:12,529 [myid:] - INFO  [main:FourLetterWordMain@94] - connecting to 127.0.0.1 30082
2021-11-08 11:12:12,530 [myid:1] - WARN  [nioEventLoopGroup-16-4:NettyServerCnxnFactory$CnxnChannelHandler@231] - Zookeeper server is not running, close the connection before starting the TLS handshake
2021-11-08 11:12:12,782 [myid:] - INFO  [main:FourLetterWordMain@94] - connecting to 127.0.0.1 30082
2021-11-08 11:12:12,783 [myid:1] - WARN  [nioEventLoopGroup-16-5:NettyServerCnxnFactory$CnxnChannelHandler@231] - Zookeeper server is not running, close the connection before starting the TLS handshake
2021-11-08 11:12:13,033 [myid:] - INFO  [main:FourLetterWordMain@94] - connecting to 127.0.0.1 30082
2021-11-08 11:12:13,034 [myid:1] - WARN  [nioEventLoopGroup-16-6:NettyServerCnxnFactory$CnxnChannelHandler@231] - Zookeeper server is not running, close the connection before starting the TLS handshake
2021-11-08 11:12:13,285 [myid:] - INFO  [main:FourLetterWordMain@94] - connecting to 127.0.0.1 30082
2021-11-08 11:12:13,286 [myid:1] - WARN  [nioEventLoopGroup-16-7:NettyServerCnxnFactory$CnxnChannelHandler@231] - Zookeeper server is not running, close the connection before starting the TLS handshake
2021-11-08 11:12:13,551 [myid:] - INFO  [main:FourLetterWordMain@94] - connecting to 127.0.0.1 30082
2021-11-08 11:12:13,552 [myid:1] - WARN  [nioEventLoopGroup-16-8:NettyServerCnxnFactory$CnxnChannelHandler@231] - Zookeeper server is not running, close the connection before starting the TLS handshake
2021-11-08 11:12:13,804 [myid:] - INFO  [main:FourLetterWordMain@94] - connecting to 127.0.0.1 30082
2021-11-08 11:12:13,805 [myid:1] - WARN  [nioEventLoopGroup-16-9:NettyServerCnxnFactory$CnxnChannelHandler@231] - Zookeeper server is not running, close the connection before starting the TLS handshake
2021-11-08 11:12:14,069 [myid:] - INFO  [main:FourLetterWordMain@94] - connecting to 127.0.0.1 30082
2021-11-08 11:12:14,069 [myid:1] - WARN  [nioEventLoopGroup-16-10:NettyServerCnxnFactory$CnxnChannelHandler@231] - Zookeeper server is not running, close the connection before starting the TLS handshake
2021-11-08 11:12:14,328 [myid:] - INFO  [main:FourLetterWordMain@94] - connecting to 127.0.0.1 30082
2021-11-08 11:12:14,330 [myid:1] - WARN  [nioEventLoopGroup-16-11:NettyServerCnxnFactory$CnxnChannelHandler@231] - Zookeeper server is not running, close the connection before starting the TLS handshake
2021-11-08 11:12:14,331 [myid:] - INFO  [main:ClientBase@267] - server 127.0.0.1:30082 not up
java.net.SocketException: Software caused connection abort: recv failed
	at java.net.SocketInputStream.socketRead0(Native Method)
	at java.net.SocketInputStream.read(SocketInputStream.java:150)
	at java.net.SocketInputStream.read(SocketInputStream.java:121)
	at sun.nio.cs.StreamDecoder.readBytes(StreamDecoder.java:284)
	at sun.nio.cs.StreamDecoder.implRead(StreamDecoder.java:326)
	at sun.nio.cs.StreamDecoder.read(StreamDecoder.java:178)
	at java.io.InputStreamReader.read(InputStreamReader.java:184)
	at java.io.BufferedReader.fill(BufferedReader.java:161)
	at java.io.BufferedReader.readLine(BufferedReader.java:324)
	at java.io.BufferedReader.readLine(BufferedReader.java:389)
	at org.apache.zookeeper.client.FourLetterWordMain.send4LetterWord(FourLetterWordMain.java:129)
	at org.apache.zookeeper.client.FourLetterWordMain.send4LetterWord(FourLetterWordMain.java:74)
	at org.apache.zookeeper.test.ClientBase.waitForServerUp(ClientBase.java:258)
	at org.apache.zookeeper.test.ClientBase.waitForServerUp(ClientBase.java:249)
	at org.apache.zookeeper.server.quorum.QuorumSSLTest.testOCSP(QuorumSSLTest.java:784)
	at sun.reflect.NativeMethodAccessorImpl.invoke0(Native Method)
	at sun.reflect.NativeMethodAccessorImpl.invoke(NativeMethodAccessorImpl.java:62)
	at sun.reflect.DelegatingMethodAccessorImpl.invoke(DelegatingMethodAccessorImpl.java:43)
	at java.lang.reflect.Method.invoke(Method.java:483)
	at org.junit.platform.commons.util.ReflectionUtils.invokeMethod(ReflectionUtils.java:686)
	at org.junit.jupiter.engine.execution.MethodInvocation.proceed(MethodInvocation.java:60)
	at org.junit.jupiter.engine.execution.InvocationInterceptorChain$ValidatingInvocation.proceed(InvocationInterceptorChain.java:131)
	at org.junit.jupiter.engine.extension.TimeoutInvocation.proceed(TimeoutInvocation.java:46)
	at org.junit.jupiter.engine.extension.TimeoutExtension.intercept(TimeoutExtension.java:149)
	at org.junit.jupiter.engine.extension.TimeoutExtension.interceptTestableMethod(TimeoutExtension.java:140)
	at org.junit.jupiter.engine.extension.TimeoutExtension.interceptTestMethod(TimeoutExtension.java:84)
	at org.junit.jupiter.engine.descriptor.TestMethodTestDescriptor$$Lambda$111/1780132728.apply(Unknown Source)
	at org.junit.jupiter.engine.execution.ExecutableInvoker$ReflectiveInterceptorCall.lambda$ofVoidMethod$0(ExecutableInvoker.java:115)
	at org.junit.jupiter.engine.execution.ExecutableInvoker$ReflectiveInterceptorCall$$Lambda$112/1725017993.apply(Unknown Source)
	at org.junit.jupiter.engine.execution.ExecutableInvoker.lambda$invoke$0(ExecutableInvoker.java:105)
	at org.junit.jupiter.engine.execution.ExecutableInvoker$$Lambda$234/64133603.apply(Unknown Source)
	at org.junit.jupiter.engine.execution.InvocationInterceptorChain$InterceptedInvocation.proceed(InvocationInterceptorChain.java:106)
	at org.junit.jupiter.engine.execution.InvocationInterceptorChain.proceed(InvocationInterceptorChain.java:64)
	at org.junit.jupiter.engine.execution.InvocationInterceptorChain.chainAndInvoke(InvocationInterceptorChain.java:45)
	at org.junit.jupiter.engine.execution.InvocationInterceptorChain.invoke(InvocationInterceptorChain.java:37)
	at org.junit.jupiter.engine.execution.ExecutableInvoker.invoke(ExecutableInvoker.java:104)
	at org.junit.jupiter.engine.execution.ExecutableInvoker.invoke(ExecutableInvoker.java:98)
	at org.junit.jupiter.engine.descriptor.TestMethodTestDescriptor.lambda$invokeTestMethod$6(TestMethodTestDescriptor.java:212)
	at org.junit.jupiter.engine.descriptor.TestMethodTestDescriptor$$Lambda$271/224100622.execute(Unknown Source)
	at org.junit.platform.engine.support.hierarchical.ThrowableCollector.execute(ThrowableCollector.java:73)
	at org.junit.jupiter.engine.descriptor.TestMethodTestDescriptor.invokeTestMethod(TestMethodTestDescriptor.java:208)
	at org.junit.jupiter.engine.descriptor.TestMethodTestDescriptor.execute(TestMethodTestDescriptor.java:137)
	at org.junit.jupiter.engine.descriptor.TestMethodTestDescriptor.execute(TestMethodTestDescriptor.java:71)
	at org.junit.platform.engine.support.hierarchical.NodeTestTask.lambda$executeRecursively$5(NodeTestTask.java:135)
	at org.junit.platform.engine.support.hierarchical.NodeTestTask$$Lambda$179/195615004.execute(Unknown Source)
	at org.junit.platform.engine.support.hierarchical.ThrowableCollector.execute(ThrowableCollector.java:73)
	at org.junit.platform.engine.support.hierarchical.NodeTestTask.lambda$executeRecursively$7(NodeTestTask.java:125)
	at org.junit.platform.engine.support.hierarchical.NodeTestTask$$Lambda$178/1890627974.invoke(Unknown Source)
	at org.junit.platform.engine.support.hierarchical.Node.around(Node.java:135)
	at org.junit.platform.engine.support.hierarchical.NodeTestTask.lambda$executeRecursively$8(NodeTestTask.java:123)
	at org.junit.platform.engine.support.hierarchical.NodeTestTask$$Lambda$177/231977479.execute(Unknown Source)
	at org.junit.platform.engine.support.hierarchical.ThrowableCollector.execute(ThrowableCollector.java:73)
	at org.junit.platform.engine.support.hierarchical.NodeTestTask.executeRecursively(NodeTestTask.java:122)
	at org.junit.platform.engine.support.hierarchical.NodeTestTask.execute(NodeTestTask.java:80)
	at org.junit.platform.engine.support.hierarchical.SameThreadHierarchicalTestExecutorService$$Lambda$183/1381713434.accept(Unknown Source)
	at java.util.ArrayList.forEach(ArrayList.java:1249)
	at org.junit.platform.engine.support.hierarchical.SameThreadHierarchicalTestExecutorService.invokeAll(SameThreadHierarchicalTestExecutorService.java:38)
	at org.junit.platform.engine.support.hierarchical.NodeTestTask.lambda$executeRecursively$5(NodeTestTask.java:139)
	at org.junit.platform.engine.support.hierarchical.NodeTestTask$$Lambda$179/195615004.execute(Unknown Source)
	at org.junit.platform.engine.support.hierarchical.ThrowableCollector.execute(ThrowableCollector.java:73)
	at org.junit.platform.engine.support.hierarchical.NodeTestTask.lambda$executeRecursively$7(NodeTestTask.java:125)
	at org.junit.platform.engine.support.hierarchical.NodeTestTask$$Lambda$178/1890627974.invoke(Unknown Source)
	at org.junit.platform.engine.support.hierarchical.Node.around(Node.java:135)
	at org.junit.platform.engine.support.hierarchical.NodeTestTask.lambda$executeRecursively$8(NodeTestTask.java:123)
	at org.junit.platform.engine.support.hierarchical.NodeTestTask$$Lambda$177/231977479.execute(Unknown Source)
	at org.junit.platform.engine.support.hierarchical.ThrowableCollector.execute(ThrowableCollector.java:73)
	at org.junit.platform.engine.support.hierarchical.NodeTestTask.executeRecursively(NodeTestTask.java:122)
	at org.junit.platform.engine.support.hierarchical.NodeTestTask.execute(NodeTestTask.java:80)
	at org.junit.platform.engine.support.hierarchical.SameThreadHierarchicalTestExecutorService$$Lambda$183/1381713434.accept(Unknown Source)
	at java.util.ArrayList.forEach(ArrayList.java:1249)
	at org.junit.platform.engine.support.hierarchical.SameThreadHierarchicalTestExecutorService.invokeAll(SameThreadHierarchicalTestExecutorService.java:38)
	at org.junit.platform.engine.support.hierarchical.NodeTestTask.lambda$executeRecursively$5(NodeTestTask.java:139)
	at org.junit.platform.engine.support.hierarchical.NodeTestTask$$Lambda$179/195615004.execute(Unknown Source)
	at org.junit.platform.engine.support.hierarchical.ThrowableCollector.execute(ThrowableCollector.java:73)
	at org.junit.platform.engine.support.hierarchical.NodeTestTask.lambda$executeRecursively$7(NodeTestTask.java:125)
	at org.junit.platform.engine.support.hierarchical.NodeTestTask$$Lambda$178/1890627974.invoke(Unknown Source)
	at org.junit.platform.engine.support.hierarchical.Node.around(Node.java:135)
	at org.junit.platform.engine.support.hierarchical.NodeTestTask.lambda$executeRecursively$8(NodeTestTask.java:123)
	at org.junit.platform.engine.support.hierarchical.NodeTestTask$$Lambda$177/231977479.execute(Unknown Source)
	at org.junit.platform.engine.support.hierarchical.ThrowableCollector.execute(ThrowableCollector.java:73)
	at org.junit.platform.engine.support.hierarchical.NodeTestTask.executeRecursively(NodeTestTask.java:122)
	at org.junit.platform.engine.support.hierarchical.NodeTestTask.execute(NodeTestTask.java:80)
	at org.junit.platform.engine.support.hierarchical.SameThreadHierarchicalTestExecutorService.submit(SameThreadHierarchicalTestExecutorService.java:32)
	at org.junit.platform.engine.support.hierarchical.HierarchicalTestExecutor.execute(HierarchicalTestExecutor.java:57)
	at org.junit.platform.engine.support.hierarchical.HierarchicalTestEngine.execute(HierarchicalTestEngine.java:51)
	at org.junit.platform.launcher.core.DefaultLauncher.execute(DefaultLauncher.java:248)
	at org.junit.platform.launcher.core.DefaultLauncher.lambda$execute$5(DefaultLauncher.java:211)
	at org.junit.platform.launcher.core.DefaultLauncher$$Lambda$143/233996206.accept(Unknown Source)
	at org.junit.platform.launcher.core.DefaultLauncher.withInterceptedStreams(DefaultLauncher.java:226)
	at org.junit.platform.launcher.core.DefaultLauncher.execute(DefaultLauncher.java:199)
	at org.junit.platform.launcher.core.DefaultLauncher.execute(DefaultLauncher.java:132)
	at org.apache.maven.surefire.junitplatform.JUnitPlatformProvider.invokeAllTests(JUnitPlatformProvider.java:142)
	at org.apache.maven.surefire.junitplatform.JUnitPlatformProvider.invoke(JUnitPlatformProvider.java:113)
	at org.apache.maven.surefire.booter.ForkedBooter.invokeProviderInSameClassLoader(ForkedBooter.java:384)
	at org.apache.maven.surefire.booter.ForkedBooter.runSuitesInProcess(ForkedBooter.java:345)
	at org.apache.maven.surefire.booter.ForkedBooter.execute(ForkedBooter.java:126)
	at org.apache.maven.surefire.booter.ForkedBooter.main(ForkedBooter.java:418)
2021-11-08 11:12:14,592 [myid:] - INFO  [main:FourLetterWordMain@94] - connecting to 127.0.0.1 30082
2021-11-08 11:12:14,593 [myid:1] - WARN  [nioEventLoopGroup-16-12:NettyServerCnxnFactory$CnxnChannelHandler@231] - Zookeeper server is not running, close the connection before starting the TLS handshake
2021-11-08 11:12:14,855 [myid:] - INFO  [main:FourLetterWordMain@94] - connecting to 127.0.0.1 30082
2021-11-08 11:12:14,855 [myid:1] - WARN  [nioEventLoopGroup-16-1:NettyServerCnxnFactory$CnxnChannelHandler@231] - Zookeeper server is not running, close the connection before starting the TLS handshake
2021-11-08 11:12:15,106 [myid:] - INFO  [main:FourLetterWordMain@94] - connecting to 127.0.0.1 30082
2021-11-08 11:12:15,107 [myid:1] - WARN  [nioEventLoopGroup-16-2:NettyServerCnxnFactory$CnxnChannelHandler@231] - Zookeeper server is not running, close the connection before starting the TLS handshake
2021-11-08 11:12:15,373 [myid:] - INFO  [main:FourLetterWordMain@94] - connecting to 127.0.0.1 30082
2021-11-08 11:12:15,373 [myid:1] - WARN  [nioEventLoopGroup-16-3:NettyServerCnxnFactory$CnxnChannelHandler@231] - Zookeeper server is not running, close the connection before starting the TLS handshake
2021-11-08 11:12:15,388 [myid:] - INFO  [main:ClientBase@267] - server 127.0.0.1:30082 not up
java.net.SocketException: Software caused connection abort: recv failed
	at java.net.SocketInputStream.socketRead0(Native Method)
	at java.net.SocketInputStream.read(SocketInputStream.java:150)
	at java.net.SocketInputStream.read(SocketInputStream.java:121)
	at sun.nio.cs.StreamDecoder.readBytes(StreamDecoder.java:284)
	at sun.nio.cs.StreamDecoder.implRead(StreamDecoder.java:326)
	at sun.nio.cs.StreamDecoder.read(StreamDecoder.java:178)
	at java.io.InputStreamReader.read(InputStreamReader.java:184)
	at java.io.BufferedReader.fill(BufferedReader.java:161)
	at java.io.BufferedReader.readLine(BufferedReader.java:324)
	at java.io.BufferedReader.readLine(BufferedReader.java:389)
	at org.apache.zookeeper.client.FourLetterWordMain.send4LetterWord(FourLetterWordMain.java:129)
	at org.apache.zookeeper.client.FourLetterWordMain.send4LetterWord(FourLetterWordMain.java:74)
	at org.apache.zookeeper.test.ClientBase.waitForServerUp(ClientBase.java:258)
	at org.apache.zookeeper.test.ClientBase.waitForServerUp(ClientBase.java:249)
	at org.apache.zookeeper.server.quorum.QuorumSSLTest.testOCSP(QuorumSSLTest.java:784)
	at sun.reflect.NativeMethodAccessorImpl.invoke0(Native Method)
	at sun.reflect.NativeMethodAccessorImpl.invoke(NativeMethodAccessorImpl.java:62)
	at sun.reflect.DelegatingMethodAccessorImpl.invoke(DelegatingMethodAccessorImpl.java:43)
	at java.lang.reflect.Method.invoke(Method.java:483)
	at org.junit.platform.commons.util.ReflectionUtils.invokeMethod(ReflectionUtils.java:686)
	at org.junit.jupiter.engine.execution.MethodInvocation.proceed(MethodInvocation.java:60)
	at org.junit.jupiter.engine.execution.InvocationInterceptorChain$ValidatingInvocation.proceed(InvocationInterceptorChain.java:131)
	at org.junit.jupiter.engine.extension.TimeoutInvocation.proceed(TimeoutInvocation.java:46)
	at org.junit.jupiter.engine.extension.TimeoutExtension.intercept(TimeoutExtension.java:149)
	at org.junit.jupiter.engine.extension.TimeoutExtension.interceptTestableMethod(TimeoutExtension.java:140)
	at org.junit.jupiter.engine.extension.TimeoutExtension.interceptTestMethod(TimeoutExtension.java:84)
	at org.junit.jupiter.engine.descriptor.TestMethodTestDescriptor$$Lambda$111/1780132728.apply(Unknown Source)
	at org.junit.jupiter.engine.execution.ExecutableInvoker$ReflectiveInterceptorCall.lambda$ofVoidMethod$0(ExecutableInvoker.java:115)
	at org.junit.jupiter.engine.execution.ExecutableInvoker$ReflectiveInterceptorCall$$Lambda$112/1725017993.apply(Unknown Source)
	at org.junit.jupiter.engine.execution.ExecutableInvoker.lambda$invoke$0(ExecutableInvoker.java:105)
	at org.junit.jupiter.engine.execution.ExecutableInvoker$$Lambda$234/64133603.apply(Unknown Source)
	at org.junit.jupiter.engine.execution.InvocationInterceptorChain$InterceptedInvocation.proceed(InvocationInterceptorChain.java:106)
	at org.junit.jupiter.engine.execution.InvocationInterceptorChain.proceed(InvocationInterceptorChain.java:64)
	at org.junit.jupiter.engine.execution.InvocationInterceptorChain.chainAndInvoke(InvocationInterceptorChain.java:45)
	at org.junit.jupiter.engine.execution.InvocationInterceptorChain.invoke(InvocationInterceptorChain.java:37)
	at org.junit.jupiter.engine.execution.ExecutableInvoker.invoke(ExecutableInvoker.java:104)
	at org.junit.jupiter.engine.execution.ExecutableInvoker.invoke(ExecutableInvoker.java:98)
	at org.junit.jupiter.engine.descriptor.TestMethodTestDescriptor.lambda$invokeTestMethod$6(TestMethodTestDescriptor.java:212)
	at org.junit.jupiter.engine.descriptor.TestMethodTestDescriptor$$Lambda$271/224100622.execute(Unknown Source)
	at org.junit.platform.engine.support.hierarchical.ThrowableCollector.execute(ThrowableCollector.java:73)
	at org.junit.jupiter.engine.descriptor.TestMethodTestDescriptor.invokeTestMethod(TestMethodTestDescriptor.java:208)
	at org.junit.jupiter.engine.descriptor.TestMethodTestDescriptor.execute(TestMethodTestDescriptor.java:137)
	at org.junit.jupiter.engine.descriptor.TestMethodTestDescriptor.execute(TestMethodTestDescriptor.java:71)
	at org.junit.platform.engine.support.hierarchical.NodeTestTask.lambda$executeRecursively$5(NodeTestTask.java:135)
	at org.junit.platform.engine.support.hierarchical.NodeTestTask$$Lambda$179/195615004.execute(Unknown Source)
	at org.junit.platform.engine.support.hierarchical.ThrowableCollector.execute(ThrowableCollector.java:73)
	at org.junit.platform.engine.support.hierarchical.NodeTestTask.lambda$executeRecursively$7(NodeTestTask.java:125)
	at org.junit.platform.engine.support.hierarchical.NodeTestTask$$Lambda$178/1890627974.invoke(Unknown Source)
	at org.junit.platform.engine.support.hierarchical.Node.around(Node.java:135)
	at org.junit.platform.engine.support.hierarchical.NodeTestTask.lambda$executeRecursively$8(NodeTestTask.java:123)
	at org.junit.platform.engine.support.hierarchical.NodeTestTask$$Lambda$177/231977479.execute(Unknown Source)
	at org.junit.platform.engine.support.hierarchical.ThrowableCollector.execute(ThrowableCollector.java:73)
	at org.junit.platform.engine.support.hierarchical.NodeTestTask.executeRecursively(NodeTestTask.java:122)
	at org.junit.platform.engine.support.hierarchical.NodeTestTask.execute(NodeTestTask.java:80)
	at org.junit.platform.engine.support.hierarchical.SameThreadHierarchicalTestExecutorService$$Lambda$183/1381713434.accept(Unknown Source)
	at java.util.ArrayList.forEach(ArrayList.java:1249)
	at org.junit.platform.engine.support.hierarchical.SameThreadHierarchicalTestExecutorService.invokeAll(SameThreadHierarchicalTestExecutorService.java:38)
	at org.junit.platform.engine.support.hierarchical.NodeTestTask.lambda$executeRecursively$5(NodeTestTask.java:139)
	at org.junit.platform.engine.support.hierarchical.NodeTestTask$$Lambda$179/195615004.execute(Unknown Source)
	at org.junit.platform.engine.support.hierarchical.ThrowableCollector.execute(ThrowableCollector.java:73)
	at org.junit.platform.engine.support.hierarchical.NodeTestTask.lambda$executeRecursively$7(NodeTestTask.java:125)
	at org.junit.platform.engine.support.hierarchical.NodeTestTask$$Lambda$178/1890627974.invoke(Unknown Source)
	at org.junit.platform.engine.support.hierarchical.Node.around(Node.java:135)
	at org.junit.platform.engine.support.hierarchical.NodeTestTask.lambda$executeRecursively$8(NodeTestTask.java:123)
	at org.junit.platform.engine.support.hierarchical.NodeTestTask$$Lambda$177/231977479.execute(Unknown Source)
	at org.junit.platform.engine.support.hierarchical.ThrowableCollector.execute(ThrowableCollector.java:73)
	at org.junit.platform.engine.support.hierarchical.NodeTestTask.executeRecursively(NodeTestTask.java:122)
	at org.junit.platform.engine.support.hierarchical.NodeTestTask.execute(NodeTestTask.java:80)
	at org.junit.platform.engine.support.hierarchical.SameThreadHierarchicalTestExecutorService$$Lambda$183/1381713434.accept(Unknown Source)
	at java.util.ArrayList.forEach(ArrayList.java:1249)
	at org.junit.platform.engine.support.hierarchical.SameThreadHierarchicalTestExecutorService.invokeAll(SameThreadHierarchicalTestExecutorService.java:38)
	at org.junit.platform.engine.support.hierarchical.NodeTestTask.lambda$executeRecursively$5(NodeTestTask.java:139)
	at org.junit.platform.engine.support.hierarchical.NodeTestTask$$Lambda$179/195615004.execute(Unknown Source)
	at org.junit.platform.engine.support.hierarchical.ThrowableCollector.execute(ThrowableCollector.java:73)
	at org.junit.platform.engine.support.hierarchical.NodeTestTask.lambda$executeRecursively$7(NodeTestTask.java:125)
	at org.junit.platform.engine.support.hierarchical.NodeTestTask$$Lambda$178/1890627974.invoke(Unknown Source)
	at org.junit.platform.engine.support.hierarchical.Node.around(Node.java:135)
	at org.junit.platform.engine.support.hierarchical.NodeTestTask.lambda$executeRecursively$8(NodeTestTask.java:123)
	at org.junit.platform.engine.support.hierarchical.NodeTestTask$$Lambda$177/231977479.execute(Unknown Source)
	at org.junit.platform.engine.support.hierarchical.ThrowableCollector.execute(ThrowableCollector.java:73)
	at org.junit.platform.engine.support.hierarchical.NodeTestTask.executeRecursively(NodeTestTask.java:122)
	at org.junit.platform.engine.support.hierarchical.NodeTestTask.execute(NodeTestTask.java:80)
	at org.junit.platform.engine.support.hierarchical.SameThreadHierarchicalTestExecutorService.submit(SameThreadHierarchicalTestExecutorService.java:32)
	at org.junit.platform.engine.support.hierarchical.HierarchicalTestExecutor.execute(HierarchicalTestExecutor.java:57)
	at org.junit.platform.engine.support.hierarchical.HierarchicalTestEngine.execute(HierarchicalTestEngine.java:51)
	at org.junit.platform.launcher.core.DefaultLauncher.execute(DefaultLauncher.java:248)
	at org.junit.platform.launcher.core.DefaultLauncher.lambda$execute$5(DefaultLauncher.java:211)
	at org.junit.platform.launcher.core.DefaultLauncher$$Lambda$143/233996206.accept(Unknown Source)
	at org.junit.platform.launcher.core.DefaultLauncher.withInterceptedStreams(DefaultLauncher.java:226)
	at org.junit.platform.launcher.core.DefaultLauncher.execute(DefaultLauncher.java:199)
	at org.junit.platform.launcher.core.DefaultLauncher.execute(DefaultLauncher.java:132)
	at org.apache.maven.surefire.junitplatform.JUnitPlatformProvider.invokeAllTests(JUnitPlatformProvider.java:142)
	at org.apache.maven.surefire.junitplatform.JUnitPlatformProvider.invoke(JUnitPlatformProvider.java:113)
	at org.apache.maven.surefire.booter.ForkedBooter.invokeProviderInSameClassLoader(ForkedBooter.java:384)
	at org.apache.maven.surefire.booter.ForkedBooter.runSuitesInProcess(ForkedBooter.java:345)
	at org.apache.maven.surefire.booter.ForkedBooter.execute(ForkedBooter.java:126)
	at org.apache.maven.surefire.booter.ForkedBooter.main(ForkedBooter.java:418)
2021-11-08 11:12:15,653 [myid:] - INFO  [main:FourLetterWordMain@94] - connecting to 127.0.0.1 30082
2021-11-08 11:12:15,653 [myid:1] - WARN  [nioEventLoopGroup-16-4:NettyServerCnxnFactory$CnxnChannelHandler@231] - Zookeeper server is not running, close the connection before starting the TLS handshake
2021-11-08 11:12:15,917 [myid:] - INFO  [main:FourLetterWordMain@94] - connecting to 127.0.0.1 30082
2021-11-08 11:12:15,918 [myid:1] - WARN  [nioEventLoopGroup-16-5:NettyServerCnxnFactory$CnxnChannelHandler@231] - Zookeeper server is not running, close the connection before starting the TLS handshake
2021-11-08 11:12:16,181 [myid:] - INFO  [main:FourLetterWordMain@94] - connecting to 127.0.0.1 30082
2021-11-08 11:12:16,184 [myid:1] - WARN  [nioEventLoopGroup-16-6:NettyServerCnxnFactory$CnxnChannelHandler@231] - Zookeeper server is not running, close the connection before starting the TLS handshake
2021-11-08 11:12:16,445 [myid:] - INFO  [main:FourLetterWordMain@94] - connecting to 127.0.0.1 30082
2021-11-08 11:12:16,446 [myid:1] - WARN  [nioEventLoopGroup-16-7:NettyServerCnxnFactory$CnxnChannelHandler@231] - Zookeeper server is not running, close the connection before starting the TLS handshake
2021-11-08 11:12:16,710 [myid:] - INFO  [main:FourLetterWordMain@94] - connecting to 127.0.0.1 30082
2021-11-08 11:12:16,711 [myid:1] - WARN  [nioEventLoopGroup-16-8:NettyServerCnxnFactory$CnxnChannelHandler@231] - Zookeeper server is not running, close the connection before starting the TLS handshake
2021-11-08 11:12:16,961 [myid:] - INFO  [main:FourLetterWordMain@94] - connecting to 127.0.0.1 30082
2021-11-08 11:12:16,962 [myid:1] - WARN  [nioEventLoopGroup-16-9:NettyServerCnxnFactory$CnxnChannelHandler@231] - Zookeeper server is not running, close the connection before starting the TLS handshake
2021-11-08 11:12:17,225 [myid:] - INFO  [main:FourLetterWordMain@94] - connecting to 127.0.0.1 30082
2021-11-08 11:12:17,226 [myid:1] - WARN  [nioEventLoopGroup-16-10:NettyServerCnxnFactory$CnxnChannelHandler@231] - Zookeeper server is not running, close the connection before starting the TLS handshake
2021-11-08 11:12:17,490 [myid:] - INFO  [main:FourLetterWordMain@94] - connecting to 127.0.0.1 30082
2021-11-08 11:12:17,491 [myid:1] - WARN  [nioEventLoopGroup-16-11:NettyServerCnxnFactory$CnxnChannelHandler@231] - Zookeeper server is not running, close the connection before starting the TLS handshake
2021-11-08 11:12:17,506 [myid:] - INFO  [main:ClientBase@267] - server 127.0.0.1:30082 not up
java.net.SocketException: Software caused connection abort: recv failed
	at java.net.SocketInputStream.socketRead0(Native Method)
	at java.net.SocketInputStream.read(SocketInputStream.java:150)
	at java.net.SocketInputStream.read(SocketInputStream.java:121)
	at sun.nio.cs.StreamDecoder.readBytes(StreamDecoder.java:284)
	at sun.nio.cs.StreamDecoder.implRead(StreamDecoder.java:326)
	at sun.nio.cs.StreamDecoder.read(StreamDecoder.java:178)
	at java.io.InputStreamReader.read(InputStreamReader.java:184)
	at java.io.BufferedReader.fill(BufferedReader.java:161)
	at java.io.BufferedReader.readLine(BufferedReader.java:324)
	at java.io.BufferedReader.readLine(BufferedReader.java:389)
	at org.apache.zookeeper.client.FourLetterWordMain.send4LetterWord(FourLetterWordMain.java:129)
	at org.apache.zookeeper.client.FourLetterWordMain.send4LetterWord(FourLetterWordMain.java:74)
	at org.apache.zookeeper.test.ClientBase.waitForServerUp(ClientBase.java:258)
	at org.apache.zookeeper.test.ClientBase.waitForServerUp(ClientBase.java:249)
	at org.apache.zookeeper.server.quorum.QuorumSSLTest.testOCSP(QuorumSSLTest.java:784)
	at sun.reflect.NativeMethodAccessorImpl.invoke0(Native Method)
	at sun.reflect.NativeMethodAccessorImpl.invoke(NativeMethodAccessorImpl.java:62)
	at sun.reflect.DelegatingMethodAccessorImpl.invoke(DelegatingMethodAccessorImpl.java:43)
	at java.lang.reflect.Method.invoke(Method.java:483)
	at org.junit.platform.commons.util.ReflectionUtils.invokeMethod(ReflectionUtils.java:686)
	at org.junit.jupiter.engine.execution.MethodInvocation.proceed(MethodInvocation.java:60)
	at org.junit.jupiter.engine.execution.InvocationInterceptorChain$ValidatingInvocation.proceed(InvocationInterceptorChain.java:131)
	at org.junit.jupiter.engine.extension.TimeoutInvocation.proceed(TimeoutInvocation.java:46)
	at org.junit.jupiter.engine.extension.TimeoutExtension.intercept(TimeoutExtension.java:149)
	at org.junit.jupiter.engine.extension.TimeoutExtension.interceptTestableMethod(TimeoutExtension.java:140)
	at org.junit.jupiter.engine.extension.TimeoutExtension.interceptTestMethod(TimeoutExtension.java:84)
	at org.junit.jupiter.engine.descriptor.TestMethodTestDescriptor$$Lambda$111/1780132728.apply(Unknown Source)
	at org.junit.jupiter.engine.execution.ExecutableInvoker$ReflectiveInterceptorCall.lambda$ofVoidMethod$0(ExecutableInvoker.java:115)
	at org.junit.jupiter.engine.execution.ExecutableInvoker$ReflectiveInterceptorCall$$Lambda$112/1725017993.apply(Unknown Source)
	at org.junit.jupiter.engine.execution.ExecutableInvoker.lambda$invoke$0(ExecutableInvoker.java:105)
	at org.junit.jupiter.engine.execution.ExecutableInvoker$$Lambda$234/64133603.apply(Unknown Source)
	at org.junit.jupiter.engine.execution.InvocationInterceptorChain$InterceptedInvocation.proceed(InvocationInterceptorChain.java:106)
	at org.junit.jupiter.engine.execution.InvocationInterceptorChain.proceed(InvocationInterceptorChain.java:64)
	at org.junit.jupiter.engine.execution.InvocationInterceptorChain.chainAndInvoke(InvocationInterceptorChain.java:45)
	at org.junit.jupiter.engine.execution.InvocationInterceptorChain.invoke(InvocationInterceptorChain.java:37)
	at org.junit.jupiter.engine.execution.ExecutableInvoker.invoke(ExecutableInvoker.java:104)
	at org.junit.jupiter.engine.execution.ExecutableInvoker.invoke(ExecutableInvoker.java:98)
	at org.junit.jupiter.engine.descriptor.TestMethodTestDescriptor.lambda$invokeTestMethod$6(TestMethodTestDescriptor.java:212)
	at org.junit.jupiter.engine.descriptor.TestMethodTestDescriptor$$Lambda$271/224100622.execute(Unknown Source)
	at org.junit.platform.engine.support.hierarchical.ThrowableCollector.execute(ThrowableCollector.java:73)
	at org.junit.jupiter.engine.descriptor.TestMethodTestDescriptor.invokeTestMethod(TestMethodTestDescriptor.java:208)
	at org.junit.jupiter.engine.descriptor.TestMethodTestDescriptor.execute(TestMethodTestDescriptor.java:137)
	at org.junit.jupiter.engine.descriptor.TestMethodTestDescriptor.execute(TestMethodTestDescriptor.java:71)
	at org.junit.platform.engine.support.hierarchical.NodeTestTask.lambda$executeRecursively$5(NodeTestTask.java:135)
	at org.junit.platform.engine.support.hierarchical.NodeTestTask$$Lambda$179/195615004.execute(Unknown Source)
	at org.junit.platform.engine.support.hierarchical.ThrowableCollector.execute(ThrowableCollector.java:73)
	at org.junit.platform.engine.support.hierarchical.NodeTestTask.lambda$executeRecursively$7(NodeTestTask.java:125)
	at org.junit.platform.engine.support.hierarchical.NodeTestTask$$Lambda$178/1890627974.invoke(Unknown Source)
	at org.junit.platform.engine.support.hierarchical.Node.around(Node.java:135)
	at org.junit.platform.engine.support.hierarchical.NodeTestTask.lambda$executeRecursively$8(NodeTestTask.java:123)
	at org.junit.platform.engine.support.hierarchical.NodeTestTask$$Lambda$177/231977479.execute(Unknown Source)
	at org.junit.platform.engine.support.hierarchical.ThrowableCollector.execute(ThrowableCollector.java:73)
	at org.junit.platform.engine.support.hierarchical.NodeTestTask.executeRecursively(NodeTestTask.java:122)
	at org.junit.platform.engine.support.hierarchical.NodeTestTask.execute(NodeTestTask.java:80)
	at org.junit.platform.engine.support.hierarchical.SameThreadHierarchicalTestExecutorService$$Lambda$183/1381713434.accept(Unknown Source)
	at java.util.ArrayList.forEach(ArrayList.java:1249)
	at org.junit.platform.engine.support.hierarchical.SameThreadHierarchicalTestExecutorService.invokeAll(SameThreadHierarchicalTestExecutorService.java:38)
	at org.junit.platform.engine.support.hierarchical.NodeTestTask.lambda$executeRecursively$5(NodeTestTask.java:139)
	at org.junit.platform.engine.support.hierarchical.NodeTestTask$$Lambda$179/195615004.execute(Unknown Source)
	at org.junit.platform.engine.support.hierarchical.ThrowableCollector.execute(ThrowableCollector.java:73)
	at org.junit.platform.engine.support.hierarchical.NodeTestTask.lambda$executeRecursively$7(NodeTestTask.java:125)
	at org.junit.platform.engine.support.hierarchical.NodeTestTask$$Lambda$178/1890627974.invoke(Unknown Source)
	at org.junit.platform.engine.support.hierarchical.Node.around(Node.java:135)
	at org.junit.platform.engine.support.hierarchical.NodeTestTask.lambda$executeRecursively$8(NodeTestTask.java:123)
	at org.junit.platform.engine.support.hierarchical.NodeTestTask$$Lambda$177/231977479.execute(Unknown Source)
	at org.junit.platform.engine.support.hierarchical.ThrowableCollector.execute(ThrowableCollector.java:73)
	at org.junit.platform.engine.support.hierarchical.NodeTestTask.executeRecursively(NodeTestTask.java:122)
	at org.junit.platform.engine.support.hierarchical.NodeTestTask.execute(NodeTestTask.java:80)
	at org.junit.platform.engine.support.hierarchical.SameThreadHierarchicalTestExecutorService$$Lambda$183/1381713434.accept(Unknown Source)
	at java.util.ArrayList.forEach(ArrayList.java:1249)
	at org.junit.platform.engine.support.hierarchical.SameThreadHierarchicalTestExecutorService.invokeAll(SameThreadHierarchicalTestExecutorService.java:38)
	at org.junit.platform.engine.support.hierarchical.NodeTestTask.lambda$executeRecursively$5(NodeTestTask.java:139)
	at org.junit.platform.engine.support.hierarchical.NodeTestTask$$Lambda$179/195615004.execute(Unknown Source)
	at org.junit.platform.engine.support.hierarchical.ThrowableCollector.execute(ThrowableCollector.java:73)
	at org.junit.platform.engine.support.hierarchical.NodeTestTask.lambda$executeRecursively$7(NodeTestTask.java:125)
	at org.junit.platform.engine.support.hierarchical.NodeTestTask$$Lambda$178/1890627974.invoke(Unknown Source)
	at org.junit.platform.engine.support.hierarchical.Node.around(Node.java:135)
	at org.junit.platform.engine.support.hierarchical.NodeTestTask.lambda$executeRecursively$8(NodeTestTask.java:123)
	at org.junit.platform.engine.support.hierarchical.NodeTestTask$$Lambda$177/231977479.execute(Unknown Source)
	at org.junit.platform.engine.support.hierarchical.ThrowableCollector.execute(ThrowableCollector.java:73)
	at org.junit.platform.engine.support.hierarchical.NodeTestTask.executeRecursively(NodeTestTask.java:122)
	at org.junit.platform.engine.support.hierarchical.NodeTestTask.execute(NodeTestTask.java:80)
	at org.junit.platform.engine.support.hierarchical.SameThreadHierarchicalTestExecutorService.submit(SameThreadHierarchicalTestExecutorService.java:32)
	at org.junit.platform.engine.support.hierarchical.HierarchicalTestExecutor.execute(HierarchicalTestExecutor.java:57)
	at org.junit.platform.engine.support.hierarchical.HierarchicalTestEngine.execute(HierarchicalTestEngine.java:51)
	at org.junit.platform.launcher.core.DefaultLauncher.execute(DefaultLauncher.java:248)
	at org.junit.platform.launcher.core.DefaultLauncher.lambda$execute$5(DefaultLauncher.java:211)
	at org.junit.platform.launcher.core.DefaultLauncher$$Lambda$143/233996206.accept(Unknown Source)
	at org.junit.platform.launcher.core.DefaultLauncher.withInterceptedStreams(DefaultLauncher.java:226)
	at org.junit.platform.launcher.core.DefaultLauncher.execute(DefaultLauncher.java:199)
	at org.junit.platform.launcher.core.DefaultLauncher.execute(DefaultLauncher.java:132)
	at org.apache.maven.surefire.junitplatform.JUnitPlatformProvider.invokeAllTests(JUnitPlatformProvider.java:142)
	at org.apache.maven.surefire.junitplatform.JUnitPlatformProvider.invoke(JUnitPlatformProvider.java:113)
	at org.apache.maven.surefire.booter.ForkedBooter.invokeProviderInSameClassLoader(ForkedBooter.java:384)
	at org.apache.maven.surefire.booter.ForkedBooter.runSuitesInProcess(ForkedBooter.java:345)
	at org.apache.maven.surefire.booter.ForkedBooter.execute(ForkedBooter.java:126)
	at org.apache.maven.surefire.booter.ForkedBooter.main(ForkedBooter.java:418)
2021-11-08 11:12:17,771 [myid:] - INFO  [main:FourLetterWordMain@94] - connecting to 127.0.0.1 30082
2021-11-08 11:12:17,773 [myid:1] - WARN  [nioEventLoopGroup-16-12:NettyServerCnxnFactory$CnxnChannelHandler@231] - Zookeeper server is not running, close the connection before starting the TLS handshake
2021-11-08 11:12:17,786 [myid:] - INFO  [main:ClientBase@267] - server 127.0.0.1:30082 not up
java.net.SocketException: Software caused connection abort: recv failed
	at java.net.SocketInputStream.socketRead0(Native Method)
	at java.net.SocketInputStream.read(SocketInputStream.java:150)
	at java.net.SocketInputStream.read(SocketInputStream.java:121)
	at sun.nio.cs.StreamDecoder.readBytes(StreamDecoder.java:284)
	at sun.nio.cs.StreamDecoder.implRead(StreamDecoder.java:326)
	at sun.nio.cs.StreamDecoder.read(StreamDecoder.java:178)
	at java.io.InputStreamReader.read(InputStreamReader.java:184)
	at java.io.BufferedReader.fill(BufferedReader.java:161)
	at java.io.BufferedReader.readLine(BufferedReader.java:324)
	at java.io.BufferedReader.readLine(BufferedReader.java:389)
	at org.apache.zookeeper.client.FourLetterWordMain.send4LetterWord(FourLetterWordMain.java:129)
	at org.apache.zookeeper.client.FourLetterWordMain.send4LetterWord(FourLetterWordMain.java:74)
	at org.apache.zookeeper.test.ClientBase.waitForServerUp(ClientBase.java:258)
	at org.apache.zookeeper.test.ClientBase.waitForServerUp(ClientBase.java:249)
	at org.apache.zookeeper.server.quorum.QuorumSSLTest.testOCSP(QuorumSSLTest.java:784)
	at sun.reflect.NativeMethodAccessorImpl.invoke0(Native Method)
	at sun.reflect.NativeMethodAccessorImpl.invoke(NativeMethodAccessorImpl.java:62)
	at sun.reflect.DelegatingMethodAccessorImpl.invoke(DelegatingMethodAccessorImpl.java:43)
	at java.lang.reflect.Method.invoke(Method.java:483)
	at org.junit.platform.commons.util.ReflectionUtils.invokeMethod(ReflectionUtils.java:686)
	at org.junit.jupiter.engine.execution.MethodInvocation.proceed(MethodInvocation.java:60)
	at org.junit.jupiter.engine.execution.InvocationInterceptorChain$ValidatingInvocation.proceed(InvocationInterceptorChain.java:131)
	at org.junit.jupiter.engine.extension.TimeoutInvocation.proceed(TimeoutInvocation.java:46)
	at org.junit.jupiter.engine.extension.TimeoutExtension.intercept(TimeoutExtension.java:149)
	at org.junit.jupiter.engine.extension.TimeoutExtension.interceptTestableMethod(TimeoutExtension.java:140)
	at org.junit.jupiter.engine.extension.TimeoutExtension.interceptTestMethod(TimeoutExtension.java:84)
	at org.junit.jupiter.engine.descriptor.TestMethodTestDescriptor$$Lambda$111/1780132728.apply(Unknown Source)
	at org.junit.jupiter.engine.execution.ExecutableInvoker$ReflectiveInterceptorCall.lambda$ofVoidMethod$0(ExecutableInvoker.java:115)
	at org.junit.jupiter.engine.execution.ExecutableInvoker$ReflectiveInterceptorCall$$Lambda$112/1725017993.apply(Unknown Source)
	at org.junit.jupiter.engine.execution.ExecutableInvoker.lambda$invoke$0(ExecutableInvoker.java:105)
	at org.junit.jupiter.engine.execution.ExecutableInvoker$$Lambda$234/64133603.apply(Unknown Source)
	at org.junit.jupiter.engine.execution.InvocationInterceptorChain$InterceptedInvocation.proceed(InvocationInterceptorChain.java:106)
	at org.junit.jupiter.engine.execution.InvocationInterceptorChain.proceed(InvocationInterceptorChain.java:64)
	at org.junit.jupiter.engine.execution.InvocationInterceptorChain.chainAndInvoke(InvocationInterceptorChain.java:45)
	at org.junit.jupiter.engine.execution.InvocationInterceptorChain.invoke(InvocationInterceptorChain.java:37)
	at org.junit.jupiter.engine.execution.ExecutableInvoker.invoke(ExecutableInvoker.java:104)
	at org.junit.jupiter.engine.execution.ExecutableInvoker.invoke(ExecutableInvoker.java:98)
	at org.junit.jupiter.engine.descriptor.TestMethodTestDescriptor.lambda$invokeTestMethod$6(TestMethodTestDescriptor.java:212)
	at org.junit.jupiter.engine.descriptor.TestMethodTestDescriptor$$Lambda$271/224100622.execute(Unknown Source)
	at org.junit.platform.engine.support.hierarchical.ThrowableCollector.execute(ThrowableCollector.java:73)
	at org.junit.jupiter.engine.descriptor.TestMethodTestDescriptor.invokeTestMethod(TestMethodTestDescriptor.java:208)
	at org.junit.jupiter.engine.descriptor.TestMethodTestDescriptor.execute(TestMethodTestDescriptor.java:137)
	at org.junit.jupiter.engine.descriptor.TestMethodTestDescriptor.execute(TestMethodTestDescriptor.java:71)
	at org.junit.platform.engine.support.hierarchical.NodeTestTask.lambda$executeRecursively$5(NodeTestTask.java:135)
	at org.junit.platform.engine.support.hierarchical.NodeTestTask$$Lambda$179/195615004.execute(Unknown Source)
	at org.junit.platform.engine.support.hierarchical.ThrowableCollector.execute(ThrowableCollector.java:73)
	at org.junit.platform.engine.support.hierarchical.NodeTestTask.lambda$executeRecursively$7(NodeTestTask.java:125)
	at org.junit.platform.engine.support.hierarchical.NodeTestTask$$Lambda$178/1890627974.invoke(Unknown Source)
	at org.junit.platform.engine.support.hierarchical.Node.around(Node.java:135)
	at org.junit.platform.engine.support.hierarchical.NodeTestTask.lambda$executeRecursively$8(NodeTestTask.java:123)
	at org.junit.platform.engine.support.hierarchical.NodeTestTask$$Lambda$177/231977479.execute(Unknown Source)
	at org.junit.platform.engine.support.hierarchical.ThrowableCollector.execute(ThrowableCollector.java:73)
	at org.junit.platform.engine.support.hierarchical.NodeTestTask.executeRecursively(NodeTestTask.java:122)
	at org.junit.platform.engine.support.hierarchical.NodeTestTask.execute(NodeTestTask.java:80)
	at org.junit.platform.engine.support.hierarchical.SameThreadHierarchicalTestExecutorService$$Lambda$183/1381713434.accept(Unknown Source)
	at java.util.ArrayList.forEach(ArrayList.java:1249)
	at org.junit.platform.engine.support.hierarchical.SameThreadHierarchicalTestExecutorService.invokeAll(SameThreadHierarchicalTestExecutorService.java:38)
	at org.junit.platform.engine.support.hierarchical.NodeTestTask.lambda$executeRecursively$5(NodeTestTask.java:139)
	at org.junit.platform.engine.support.hierarchical.NodeTestTask$$Lambda$179/195615004.execute(Unknown Source)
	at org.junit.platform.engine.support.hierarchical.ThrowableCollector.execute(ThrowableCollector.java:73)
	at org.junit.platform.engine.support.hierarchical.NodeTestTask.lambda$executeRecursively$7(NodeTestTask.java:125)
	at org.junit.platform.engine.support.hierarchical.NodeTestTask$$Lambda$178/1890627974.invoke(Unknown Source)
	at org.junit.platform.engine.support.hierarchical.Node.around(Node.java:135)
	at org.junit.platform.engine.support.hierarchical.NodeTestTask.lambda$executeRecursively$8(NodeTestTask.java:123)
	at org.junit.platform.engine.support.hierarchical.NodeTestTask$$Lambda$177/231977479.execute(Unknown Source)
	at org.junit.platform.engine.support.hierarchical.ThrowableCollector.execute(ThrowableCollector.java:73)
	at org.junit.platform.engine.support.hierarchical.NodeTestTask.executeRecursively(NodeTestTask.java:122)
	at org.junit.platform.engine.support.hierarchical.NodeTestTask.execute(NodeTestTask.java:80)
	at org.junit.platform.engine.support.hierarchical.SameThreadHierarchicalTestExecutorService$$Lambda$183/1381713434.accept(Unknown Source)
	at java.util.ArrayList.forEach(ArrayList.java:1249)
	at org.junit.platform.engine.support.hierarchical.SameThreadHierarchicalTestExecutorService.invokeAll(SameThreadHierarchicalTestExecutorService.java:38)
	at org.junit.platform.engine.support.hierarchical.NodeTestTask.lambda$executeRecursively$5(NodeTestTask.java:139)
	at org.junit.platform.engine.support.hierarchical.NodeTestTask$$Lambda$179/195615004.execute(Unknown Source)
	at org.junit.platform.engine.support.hierarchical.ThrowableCollector.execute(ThrowableCollector.java:73)
	at org.junit.platform.engine.support.hierarchical.NodeTestTask.lambda$executeRecursively$7(NodeTestTask.java:125)
	at org.junit.platform.engine.support.hierarchical.NodeTestTask$$Lambda$178/1890627974.invoke(Unknown Source)
	at org.junit.platform.engine.support.hierarchical.Node.around(Node.java:135)
	at org.junit.platform.engine.support.hierarchical.NodeTestTask.lambda$executeRecursively$8(NodeTestTask.java:123)
	at org.junit.platform.engine.support.hierarchical.NodeTestTask$$Lambda$177/231977479.execute(Unknown Source)
	at org.junit.platform.engine.support.hierarchical.ThrowableCollector.execute(ThrowableCollector.java:73)
	at org.junit.platform.engine.support.hierarchical.NodeTestTask.executeRecursively(NodeTestTask.java:122)
	at org.junit.platform.engine.support.hierarchical.NodeTestTask.execute(NodeTestTask.java:80)
	at org.junit.platform.engine.support.hierarchical.SameThreadHierarchicalTestExecutorService.submit(SameThreadHierarchicalTestExecutorService.java:32)
	at org.junit.platform.engine.support.hierarchical.HierarchicalTestExecutor.execute(HierarchicalTestExecutor.java:57)
	at org.junit.platform.engine.support.hierarchical.HierarchicalTestEngine.execute(HierarchicalTestEngine.java:51)
	at org.junit.platform.launcher.core.DefaultLauncher.execute(DefaultLauncher.java:248)
	at org.junit.platform.launcher.core.DefaultLauncher.lambda$execute$5(DefaultLauncher.java:211)
	at org.junit.platform.launcher.core.DefaultLauncher$$Lambda$143/233996206.accept(Unknown Source)
	at org.junit.platform.launcher.core.DefaultLauncher.withInterceptedStreams(DefaultLauncher.java:226)
	at org.junit.platform.launcher.core.DefaultLauncher.execute(DefaultLauncher.java:199)
	at org.junit.platform.launcher.core.DefaultLauncher.execute(DefaultLauncher.java:132)
	at org.apache.maven.surefire.junitplatform.JUnitPlatformProvider.invokeAllTests(JUnitPlatformProvider.java:142)
	at org.apache.maven.surefire.junitplatform.JUnitPlatformProvider.invoke(JUnitPlatformProvider.java:113)
	at org.apache.maven.surefire.booter.ForkedBooter.invokeProviderInSameClassLoader(ForkedBooter.java:384)
	at org.apache.maven.surefire.booter.ForkedBooter.runSuitesInProcess(ForkedBooter.java:345)
	at org.apache.maven.surefire.booter.ForkedBooter.execute(ForkedBooter.java:126)
	at org.apache.maven.surefire.booter.ForkedBooter.main(ForkedBooter.java:418)
2021-11-08 11:12:18,050 [myid:] - INFO  [main:FourLetterWordMain@94] - connecting to 127.0.0.1 30082
2021-11-08 11:12:18,051 [myid:1] - WARN  [nioEventLoopGroup-16-1:NettyServerCnxnFactory$CnxnChannelHandler@231] - Zookeeper server is not running, close the connection before starting the TLS handshake
2021-11-08 11:12:18,315 [myid:] - INFO  [main:FourLetterWordMain@94] - connecting to 127.0.0.1 30082
2021-11-08 11:12:18,316 [myid:1] - WARN  [nioEventLoopGroup-16-2:NettyServerCnxnFactory$CnxnChannelHandler@231] - Zookeeper server is not running, close the connection before starting the TLS handshake
2021-11-08 11:12:18,581 [myid:] - INFO  [main:FourLetterWordMain@94] - connecting to 127.0.0.1 30082
2021-11-08 11:12:18,581 [myid:1] - WARN  [nioEventLoopGroup-16-3:NettyServerCnxnFactory$CnxnChannelHandler@231] - Zookeeper server is not running, close the connection before starting the TLS handshake
2021-11-08 11:12:18,847 [myid:] - INFO  [main:FourLetterWordMain@94] - connecting to 127.0.0.1 30082
2021-11-08 11:12:18,848 [myid:1] - WARN  [nioEventLoopGroup-16-4:NettyServerCnxnFactory$CnxnChannelHandler@231] - Zookeeper server is not running, close the connection before starting the TLS handshake
2021-11-08 11:12:19,110 [myid:] - INFO  [main:FourLetterWordMain@94] - connecting to 127.0.0.1 30082
2021-11-08 11:12:19,110 [myid:1] - WARN  [nioEventLoopGroup-16-5:NettyServerCnxnFactory$CnxnChannelHandler@231] - Zookeeper server is not running, close the connection before starting the TLS handshake
2021-11-08 11:12:19,377 [myid:] - INFO  [main:FourLetterWordMain@94] - connecting to 127.0.0.1 30082
2021-11-08 11:12:19,378 [myid:1] - WARN  [nioEventLoopGroup-16-6:NettyServerCnxnFactory$CnxnChannelHandler@231] - Zookeeper server is not running, close the connection before starting the TLS handshake
2021-11-08 11:12:19,639 [myid:] - INFO  [main:FourLetterWordMain@94] - connecting to 127.0.0.1 30082
2021-11-08 11:12:19,639 [myid:1] - WARN  [nioEventLoopGroup-16-7:NettyServerCnxnFactory$CnxnChannelHandler@231] - Zookeeper server is not running, close the connection before starting the TLS handshake
2021-11-08 11:12:19,903 [myid:] - INFO  [main:FourLetterWordMain@94] - connecting to 127.0.0.1 30082
2021-11-08 11:12:19,904 [myid:1] - WARN  [nioEventLoopGroup-16-8:NettyServerCnxnFactory$CnxnChannelHandler@231] - Zookeeper server is not running, close the connection before starting the TLS handshake
2021-11-08 11:12:20,169 [myid:] - INFO  [main:FourLetterWordMain@94] - connecting to 127.0.0.1 30082
2021-11-08 11:12:20,169 [myid:1] - WARN  [nioEventLoopGroup-16-9:NettyServerCnxnFactory$CnxnChannelHandler@231] - Zookeeper server is not running, close the connection before starting the TLS handshake
2021-11-08 11:12:20,434 [myid:] - INFO  [main:FourLetterWordMain@94] - connecting to 127.0.0.1 30082
2021-11-08 11:12:20,435 [myid:1] - WARN  [nioEventLoopGroup-16-10:NettyServerCnxnFactory$CnxnChannelHandler@231] - Zookeeper server is not running, close the connection before starting the TLS handshake
2021-11-08 11:12:20,696 [myid:] - INFO  [main:FourLetterWordMain@94] - connecting to 127.0.0.1 30082
2021-11-08 11:12:20,697 [myid:1] - WARN  [nioEventLoopGroup-16-11:NettyServerCnxnFactory$CnxnChannelHandler@231] - Zookeeper server is not running, close the connection before starting the TLS handshake
2021-11-08 11:12:20,947 [myid:] - INFO  [main:FourLetterWordMain@94] - connecting to 127.0.0.1 30082
2021-11-08 11:12:20,948 [myid:1] - WARN  [nioEventLoopGroup-16-12:NettyServerCnxnFactory$CnxnChannelHandler@231] - Zookeeper server is not running, close the connection before starting the TLS handshake
2021-11-08 11:12:21,209 [myid:] - INFO  [main:FourLetterWordMain@94] - connecting to 127.0.0.1 30082
2021-11-08 11:12:21,210 [myid:1] - WARN  [nioEventLoopGroup-16-1:NettyServerCnxnFactory$CnxnChannelHandler@231] - Zookeeper server is not running, close the connection before starting the TLS handshake
2021-11-08 11:12:21,225 [myid:] - INFO  [main:ClientBase@267] - server 127.0.0.1:30082 not up
java.net.SocketException: Software caused connection abort: recv failed
	at java.net.SocketInputStream.socketRead0(Native Method)
	at java.net.SocketInputStream.read(SocketInputStream.java:150)
	at java.net.SocketInputStream.read(SocketInputStream.java:121)
	at sun.nio.cs.StreamDecoder.readBytes(StreamDecoder.java:284)
	at sun.nio.cs.StreamDecoder.implRead(StreamDecoder.java:326)
	at sun.nio.cs.StreamDecoder.read(StreamDecoder.java:178)
	at java.io.InputStreamReader.read(InputStreamReader.java:184)
	at java.io.BufferedReader.fill(BufferedReader.java:161)
	at java.io.BufferedReader.readLine(BufferedReader.java:324)
	at java.io.BufferedReader.readLine(BufferedReader.java:389)
	at org.apache.zookeeper.client.FourLetterWordMain.send4LetterWord(FourLetterWordMain.java:129)
	at org.apache.zookeeper.client.FourLetterWordMain.send4LetterWord(FourLetterWordMain.java:74)
	at org.apache.zookeeper.test.ClientBase.waitForServerUp(ClientBase.java:258)
	at org.apache.zookeeper.test.ClientBase.waitForServerUp(ClientBase.java:249)
	at org.apache.zookeeper.server.quorum.QuorumSSLTest.testOCSP(QuorumSSLTest.java:784)
	at sun.reflect.NativeMethodAccessorImpl.invoke0(Native Method)
	at sun.reflect.NativeMethodAccessorImpl.invoke(NativeMethodAccessorImpl.java:62)
	at sun.reflect.DelegatingMethodAccessorImpl.invoke(DelegatingMethodAccessorImpl.java:43)
	at java.lang.reflect.Method.invoke(Method.java:483)
	at org.junit.platform.commons.util.ReflectionUtils.invokeMethod(ReflectionUtils.java:686)
	at org.junit.jupiter.engine.execution.MethodInvocation.proceed(MethodInvocation.java:60)
	at org.junit.jupiter.engine.execution.InvocationInterceptorChain$ValidatingInvocation.proceed(InvocationInterceptorChain.java:131)
	at org.junit.jupiter.engine.extension.TimeoutInvocation.proceed(TimeoutInvocation.java:46)
	at org.junit.jupiter.engine.extension.TimeoutExtension.intercept(TimeoutExtension.java:149)
	at org.junit.jupiter.engine.extension.TimeoutExtension.interceptTestableMethod(TimeoutExtension.java:140)
	at org.junit.jupiter.engine.extension.TimeoutExtension.interceptTestMethod(TimeoutExtension.java:84)
	at org.junit.jupiter.engine.descriptor.TestMethodTestDescriptor$$Lambda$111/1780132728.apply(Unknown Source)
	at org.junit.jupiter.engine.execution.ExecutableInvoker$ReflectiveInterceptorCall.lambda$ofVoidMethod$0(ExecutableInvoker.java:115)
	at org.junit.jupiter.engine.execution.ExecutableInvoker$ReflectiveInterceptorCall$$Lambda$112/1725017993.apply(Unknown Source)
	at org.junit.jupiter.engine.execution.ExecutableInvoker.lambda$invoke$0(ExecutableInvoker.java:105)
	at org.junit.jupiter.engine.execution.ExecutableInvoker$$Lambda$234/64133603.apply(Unknown Source)
	at org.junit.jupiter.engine.execution.InvocationInterceptorChain$InterceptedInvocation.proceed(InvocationInterceptorChain.java:106)
	at org.junit.jupiter.engine.execution.InvocationInterceptorChain.proceed(InvocationInterceptorChain.java:64)
	at org.junit.jupiter.engine.execution.InvocationInterceptorChain.chainAndInvoke(InvocationInterceptorChain.java:45)
	at org.junit.jupiter.engine.execution.InvocationInterceptorChain.invoke(InvocationInterceptorChain.java:37)
	at org.junit.jupiter.engine.execution.ExecutableInvoker.invoke(ExecutableInvoker.java:104)
	at org.junit.jupiter.engine.execution.ExecutableInvoker.invoke(ExecutableInvoker.java:98)
	at org.junit.jupiter.engine.descriptor.TestMethodTestDescriptor.lambda$invokeTestMethod$6(TestMethodTestDescriptor.java:212)
	at org.junit.jupiter.engine.descriptor.TestMethodTestDescriptor$$Lambda$271/224100622.execute(Unknown Source)
	at org.junit.platform.engine.support.hierarchical.ThrowableCollector.execute(ThrowableCollector.java:73)
	at org.junit.jupiter.engine.descriptor.TestMethodTestDescriptor.invokeTestMethod(TestMethodTestDescriptor.java:208)
	at org.junit.jupiter.engine.descriptor.TestMethodTestDescriptor.execute(TestMethodTestDescriptor.java:137)
	at org.junit.jupiter.engine.descriptor.TestMethodTestDescriptor.execute(TestMethodTestDescriptor.java:71)
	at org.junit.platform.engine.support.hierarchical.NodeTestTask.lambda$executeRecursively$5(NodeTestTask.java:135)
	at org.junit.platform.engine.support.hierarchical.NodeTestTask$$Lambda$179/195615004.execute(Unknown Source)
	at org.junit.platform.engine.support.hierarchical.ThrowableCollector.execute(ThrowableCollector.java:73)
	at org.junit.platform.engine.support.hierarchical.NodeTestTask.lambda$executeRecursively$7(NodeTestTask.java:125)
	at org.junit.platform.engine.support.hierarchical.NodeTestTask$$Lambda$178/1890627974.invoke(Unknown Source)
	at org.junit.platform.engine.support.hierarchical.Node.around(Node.java:135)
	at org.junit.platform.engine.support.hierarchical.NodeTestTask.lambda$executeRecursively$8(NodeTestTask.java:123)
	at org.junit.platform.engine.support.hierarchical.NodeTestTask$$Lambda$177/231977479.execute(Unknown Source)
	at org.junit.platform.engine.support.hierarchical.ThrowableCollector.execute(ThrowableCollector.java:73)
	at org.junit.platform.engine.support.hierarchical.NodeTestTask.executeRecursively(NodeTestTask.java:122)
	at org.junit.platform.engine.support.hierarchical.NodeTestTask.execute(NodeTestTask.java:80)
	at org.junit.platform.engine.support.hierarchical.SameThreadHierarchicalTestExecutorService$$Lambda$183/1381713434.accept(Unknown Source)
	at java.util.ArrayList.forEach(ArrayList.java:1249)
	at org.junit.platform.engine.support.hierarchical.SameThreadHierarchicalTestExecutorService.invokeAll(SameThreadHierarchicalTestExecutorService.java:38)
	at org.junit.platform.engine.support.hierarchical.NodeTestTask.lambda$executeRecursively$5(NodeTestTask.java:139)
	at org.junit.platform.engine.support.hierarchical.NodeTestTask$$Lambda$179/195615004.execute(Unknown Source)
	at org.junit.platform.engine.support.hierarchical.ThrowableCollector.execute(ThrowableCollector.java:73)
	at org.junit.platform.engine.support.hierarchical.NodeTestTask.lambda$executeRecursively$7(NodeTestTask.java:125)
	at org.junit.platform.engine.support.hierarchical.NodeTestTask$$Lambda$178/1890627974.invoke(Unknown Source)
	at org.junit.platform.engine.support.hierarchical.Node.around(Node.java:135)
	at org.junit.platform.engine.support.hierarchical.NodeTestTask.lambda$executeRecursively$8(NodeTestTask.java:123)
	at org.junit.platform.engine.support.hierarchical.NodeTestTask$$Lambda$177/231977479.execute(Unknown Source)
	at org.junit.platform.engine.support.hierarchical.ThrowableCollector.execute(ThrowableCollector.java:73)
	at org.junit.platform.engine.support.hierarchical.NodeTestTask.executeRecursively(NodeTestTask.java:122)
	at org.junit.platform.engine.support.hierarchical.NodeTestTask.execute(NodeTestTask.java:80)
	at org.junit.platform.engine.support.hierarchical.SameThreadHierarchicalTestExecutorService$$Lambda$183/1381713434.accept(Unknown Source)
	at java.util.ArrayList.forEach(ArrayList.java:1249)
	at org.junit.platform.engine.support.hierarchical.SameThreadHierarchicalTestExecutorService.invokeAll(SameThreadHierarchicalTestExecutorService.java:38)
	at org.junit.platform.engine.support.hierarchical.NodeTestTask.lambda$executeRecursively$5(NodeTestTask.java:139)
	at org.junit.platform.engine.support.hierarchical.NodeTestTask$$Lambda$179/195615004.execute(Unknown Source)
	at org.junit.platform.engine.support.hierarchical.ThrowableCollector.execute(ThrowableCollector.java:73)
	at org.junit.platform.engine.support.hierarchical.NodeTestTask.lambda$executeRecursively$7(NodeTestTask.java:125)
	at org.junit.platform.engine.support.hierarchical.NodeTestTask$$Lambda$178/1890627974.invoke(Unknown Source)
	at org.junit.platform.engine.support.hierarchical.Node.around(Node.java:135)
	at org.junit.platform.engine.support.hierarchical.NodeTestTask.lambda$executeRecursively$8(NodeTestTask.java:123)
	at org.junit.platform.engine.support.hierarchical.NodeTestTask$$Lambda$177/231977479.execute(Unknown Source)
	at org.junit.platform.engine.support.hierarchical.ThrowableCollector.execute(ThrowableCollector.java:73)
	at org.junit.platform.engine.support.hierarchical.NodeTestTask.executeRecursively(NodeTestTask.java:122)
	at org.junit.platform.engine.support.hierarchical.NodeTestTask.execute(NodeTestTask.java:80)
	at org.junit.platform.engine.support.hierarchical.SameThreadHierarchicalTestExecutorService.submit(SameThreadHierarchicalTestExecutorService.java:32)
	at org.junit.platform.engine.support.hierarchical.HierarchicalTestExecutor.execute(HierarchicalTestExecutor.java:57)
	at org.junit.platform.engine.support.hierarchical.HierarchicalTestEngine.execute(HierarchicalTestEngine.java:51)
	at org.junit.platform.launcher.core.DefaultLauncher.execute(DefaultLauncher.java:248)
	at org.junit.platform.launcher.core.DefaultLauncher.lambda$execute$5(DefaultLauncher.java:211)
	at org.junit.platform.launcher.core.DefaultLauncher$$Lambda$143/233996206.accept(Unknown Source)
	at org.junit.platform.launcher.core.DefaultLauncher.withInterceptedStreams(DefaultLauncher.java:226)
	at org.junit.platform.launcher.core.DefaultLauncher.execute(DefaultLauncher.java:199)
	at org.junit.platform.launcher.core.DefaultLauncher.execute(DefaultLauncher.java:132)
	at org.apache.maven.surefire.junitplatform.JUnitPlatformProvider.invokeAllTests(JUnitPlatformProvider.java:142)
	at org.apache.maven.surefire.junitplatform.JUnitPlatformProvider.invoke(JUnitPlatformProvider.java:113)
	at org.apache.maven.surefire.booter.ForkedBooter.invokeProviderInSameClassLoader(ForkedBooter.java:384)
	at org.apache.maven.surefire.booter.ForkedBooter.runSuitesInProcess(ForkedBooter.java:345)
	at org.apache.maven.surefire.booter.ForkedBooter.execute(ForkedBooter.java:126)
	at org.apache.maven.surefire.booter.ForkedBooter.main(ForkedBooter.java:418)
2021-11-08 11:12:21,476 [myid:] - INFO  [main:FourLetterWordMain@94] - connecting to 127.0.0.1 30082
2021-11-08 11:12:21,477 [myid:1] - WARN  [nioEventLoopGroup-16-2:NettyServerCnxnFactory$CnxnChannelHandler@231] - Zookeeper server is not running, close the connection before starting the TLS handshake
2021-11-08 11:12:21,742 [myid:] - INFO  [main:FourLetterWordMain@94] - connecting to 127.0.0.1 30082
2021-11-08 11:12:21,743 [myid:1] - WARN  [nioEventLoopGroup-16-3:NettyServerCnxnFactory$CnxnChannelHandler@231] - Zookeeper server is not running, close the connection before starting the TLS handshake
2021-11-08 11:12:22,006 [myid:] - INFO  [main:FourLetterWordMain@94] - connecting to 127.0.0.1 30082
2021-11-08 11:12:22,006 [myid:1] - WARN  [nioEventLoopGroup-16-4:NettyServerCnxnFactory$CnxnChannelHandler@231] - Zookeeper server is not running, close the connection before starting the TLS handshake
2021-11-08 11:12:22,272 [myid:] - INFO  [main:FourLetterWordMain@94] - connecting to 127.0.0.1 30082
2021-11-08 11:12:22,273 [myid:1] - WARN  [nioEventLoopGroup-16-5:NettyServerCnxnFactory$CnxnChannelHandler@231] - Zookeeper server is not running, close the connection before starting the TLS handshake
2021-11-08 11:12:22,538 [myid:] - INFO  [main:FourLetterWordMain@94] - connecting to 127.0.0.1 30082
2021-11-08 11:12:22,539 [myid:1] - WARN  [nioEventLoopGroup-16-6:NettyServerCnxnFactory$CnxnChannelHandler@231] - Zookeeper server is not running, close the connection before starting the TLS handshake
2021-11-08 11:12:22,802 [myid:] - INFO  [main:FourLetterWordMain@94] - connecting to 127.0.0.1 30082
2021-11-08 11:12:22,803 [myid:1] - WARN  [nioEventLoopGroup-16-7:NettyServerCnxnFactory$CnxnChannelHandler@231] - Zookeeper server is not running, close the connection before starting the TLS handshake
2021-11-08 11:12:23,068 [myid:] - INFO  [main:FourLetterWordMain@94] - connecting to 127.0.0.1 30082
2021-11-08 11:12:23,069 [myid:1] - WARN  [nioEventLoopGroup-16-8:NettyServerCnxnFactory$CnxnChannelHandler@231] - Zookeeper server is not running, close the connection before starting the TLS handshake
2021-11-08 11:12:23,331 [myid:] - INFO  [main:FourLetterWordMain@94] - connecting to 127.0.0.1 30082
2021-11-08 11:12:23,332 [myid:1] - WARN  [nioEventLoopGroup-16-9:NettyServerCnxnFactory$CnxnChannelHandler@231] - Zookeeper server is not running, close the connection before starting the TLS handshake
2021-11-08 11:12:23,595 [myid:] - INFO  [main:FourLetterWordMain@94] - connecting to 127.0.0.1 30082
2021-11-08 11:12:23,596 [myid:1] - WARN  [nioEventLoopGroup-16-10:NettyServerCnxnFactory$CnxnChannelHandler@231] - Zookeeper server is not running, close the connection before starting the TLS handshake
2021-11-08 11:12:23,860 [myid:] - INFO  [main:FourLetterWordMain@94] - connecting to 127.0.0.1 30082
2021-11-08 11:12:23,861 [myid:1] - WARN  [nioEventLoopGroup-16-11:NettyServerCnxnFactory$CnxnChannelHandler@231] - Zookeeper server is not running, close the connection before starting the TLS handshake
2021-11-08 11:12:24,126 [myid:] - INFO  [main:FourLetterWordMain@94] - connecting to 127.0.0.1 30082
2021-11-08 11:12:24,127 [myid:1] - WARN  [nioEventLoopGroup-16-12:NettyServerCnxnFactory$CnxnChannelHandler@231] - Zookeeper server is not running, close the connection before starting the TLS handshake
2021-11-08 11:12:24,264 [myid:1] - INFO  [QuorumPeer[myid=1](plain=[0:0:0:0:0:0:0:0]:30082)(secure=disabled):FastLeaderElection@984] - Notification time out: 25600
2021-11-08 11:12:24,264 [myid:2] - INFO  [QuorumPeer[myid=2](plain=[0:0:0:0:0:0:0:0]:30083)(secure=disabled):FastLeaderElection@984] - Notification time out: 25600
2021-11-08 11:12:24,391 [myid:] - INFO  [main:FourLetterWordMain@94] - connecting to 127.0.0.1 30082
2021-11-08 11:12:24,392 [myid:1] - WARN  [nioEventLoopGroup-16-1:NettyServerCnxnFactory$CnxnChannelHandler@231] - Zookeeper server is not running, close the connection before starting the TLS handshake
2021-11-08 11:12:24,653 [myid:] - INFO  [main:FourLetterWordMain@94] - connecting to 127.0.0.1 30082
2021-11-08 11:12:24,653 [myid:1] - WARN  [nioEventLoopGroup-16-2:NettyServerCnxnFactory$CnxnChannelHandler@231] - Zookeeper server is not running, close the connection before starting the TLS handshake
2021-11-08 11:12:24,918 [myid:] - INFO  [main:FourLetterWordMain@94] - connecting to 127.0.0.1 30082
2021-11-08 11:12:24,919 [myid:1] - WARN  [nioEventLoopGroup-16-3:NettyServerCnxnFactory$CnxnChannelHandler@231] - Zookeeper server is not running, close the connection before starting the TLS handshake
2021-11-08 11:12:25,182 [myid:] - INFO  [main:FourLetterWordMain@94] - connecting to 127.0.0.1 30082
2021-11-08 11:12:25,183 [myid:1] - WARN  [nioEventLoopGroup-16-4:NettyServerCnxnFactory$CnxnChannelHandler@231] - Zookeeper server is not running, close the connection before starting the TLS handshake
2021-11-08 11:12:25,446 [myid:] - INFO  [main:FourLetterWordMain@94] - connecting to 127.0.0.1 30082
2021-11-08 11:12:25,448 [myid:1] - WARN  [nioEventLoopGroup-16-5:NettyServerCnxnFactory$CnxnChannelHandler@231] - Zookeeper server is not running, close the connection before starting the TLS handshake
2021-11-08 11:12:25,699 [myid:] - INFO  [main:FourLetterWordMain@94] - connecting to 127.0.0.1 30082
2021-11-08 11:12:25,700 [myid:1] - WARN  [nioEventLoopGroup-16-6:NettyServerCnxnFactory$CnxnChannelHandler@231] - Zookeeper server is not running, close the connection before starting the TLS handshake
2021-11-08 11:12:25,964 [myid:] - INFO  [main:FourLetterWordMain@94] - connecting to 127.0.0.1 30082
2021-11-08 11:12:25,965 [myid:1] - WARN  [nioEventLoopGroup-16-7:NettyServerCnxnFactory$CnxnChannelHandler@231] - Zookeeper server is not running, close the connection before starting the TLS handshake
2021-11-08 11:12:26,228 [myid:] - INFO  [main:FourLetterWordMain@94] - connecting to 127.0.0.1 30082
2021-11-08 11:12:26,229 [myid:1] - WARN  [nioEventLoopGroup-16-8:NettyServerCnxnFactory$CnxnChannelHandler@231] - Zookeeper server is not running, close the connection before starting the TLS handshake
2021-11-08 11:12:26,490 [myid:] - INFO  [main:FourLetterWordMain@94] - connecting to 127.0.0.1 30082
2021-11-08 11:12:26,490 [myid:1] - WARN  [nioEventLoopGroup-16-9:NettyServerCnxnFactory$CnxnChannelHandler@231] - Zookeeper server is not running, close the connection before starting the TLS handshake
2021-11-08 11:12:26,756 [myid:] - INFO  [main:FourLetterWordMain@94] - connecting to 127.0.0.1 30082
2021-11-08 11:12:26,757 [myid:1] - WARN  [nioEventLoopGroup-16-10:NettyServerCnxnFactory$CnxnChannelHandler@231] - Zookeeper server is not running, close the connection before starting the TLS handshake
2021-11-08 11:12:27,021 [myid:] - INFO  [main:FourLetterWordMain@94] - connecting to 127.0.0.1 30082
2021-11-08 11:12:27,022 [myid:1] - WARN  [nioEventLoopGroup-16-11:NettyServerCnxnFactory$CnxnChannelHandler@231] - Zookeeper server is not running, close the connection before starting the TLS handshake
2021-11-08 11:12:27,023 [myid:] - INFO  [main:ClientBase@267] - server 127.0.0.1:30082 not up
java.net.SocketException: Software caused connection abort: recv failed
	at java.net.SocketInputStream.socketRead0(Native Method)
	at java.net.SocketInputStream.read(SocketInputStream.java:150)
	at java.net.SocketInputStream.read(SocketInputStream.java:121)
	at sun.nio.cs.StreamDecoder.readBytes(StreamDecoder.java:284)
	at sun.nio.cs.StreamDecoder.implRead(StreamDecoder.java:326)
	at sun.nio.cs.StreamDecoder.read(StreamDecoder.java:178)
	at java.io.InputStreamReader.read(InputStreamReader.java:184)
	at java.io.BufferedReader.fill(BufferedReader.java:161)
	at java.io.BufferedReader.readLine(BufferedReader.java:324)
	at java.io.BufferedReader.readLine(BufferedReader.java:389)
	at org.apache.zookeeper.client.FourLetterWordMain.send4LetterWord(FourLetterWordMain.java:129)
	at org.apache.zookeeper.client.FourLetterWordMain.send4LetterWord(FourLetterWordMain.java:74)
	at org.apache.zookeeper.test.ClientBase.waitForServerUp(ClientBase.java:258)
	at org.apache.zookeeper.test.ClientBase.waitForServerUp(ClientBase.java:249)
	at org.apache.zookeeper.server.quorum.QuorumSSLTest.testOCSP(QuorumSSLTest.java:784)
	at sun.reflect.NativeMethodAccessorImpl.invoke0(Native Method)
	at sun.reflect.NativeMethodAccessorImpl.invoke(NativeMethodAccessorImpl.java:62)
	at sun.reflect.DelegatingMethodAccessorImpl.invoke(DelegatingMethodAccessorImpl.java:43)
	at java.lang.reflect.Method.invoke(Method.java:483)
	at org.junit.platform.commons.util.ReflectionUtils.invokeMethod(ReflectionUtils.java:686)
	at org.junit.jupiter.engine.execution.MethodInvocation.proceed(MethodInvocation.java:60)
	at org.junit.jupiter.engine.execution.InvocationInterceptorChain$ValidatingInvocation.proceed(InvocationInterceptorChain.java:131)
	at org.junit.jupiter.engine.extension.TimeoutInvocation.proceed(TimeoutInvocation.java:46)
	at org.junit.jupiter.engine.extension.TimeoutExtension.intercept(TimeoutExtension.java:149)
	at org.junit.jupiter.engine.extension.TimeoutExtension.interceptTestableMethod(TimeoutExtension.java:140)
	at org.junit.jupiter.engine.extension.TimeoutExtension.interceptTestMethod(TimeoutExtension.java:84)
	at org.junit.jupiter.engine.descriptor.TestMethodTestDescriptor$$Lambda$111/1780132728.apply(Unknown Source)
	at org.junit.jupiter.engine.execution.ExecutableInvoker$ReflectiveInterceptorCall.lambda$ofVoidMethod$0(ExecutableInvoker.java:115)
	at org.junit.jupiter.engine.execution.ExecutableInvoker$ReflectiveInterceptorCall$$Lambda$112/1725017993.apply(Unknown Source)
	at org.junit.jupiter.engine.execution.ExecutableInvoker.lambda$invoke$0(ExecutableInvoker.java:105)
	at org.junit.jupiter.engine.execution.ExecutableInvoker$$Lambda$234/64133603.apply(Unknown Source)
	at org.junit.jupiter.engine.execution.InvocationInterceptorChain$InterceptedInvocation.proceed(InvocationInterceptorChain.java:106)
	at org.junit.jupiter.engine.execution.InvocationInterceptorChain.proceed(InvocationInterceptorChain.java:64)
	at org.junit.jupiter.engine.execution.InvocationInterceptorChain.chainAndInvoke(InvocationInterceptorChain.java:45)
	at org.junit.jupiter.engine.execution.InvocationInterceptorChain.invoke(InvocationInterceptorChain.java:37)
	at org.junit.jupiter.engine.execution.ExecutableInvoker.invoke(ExecutableInvoker.java:104)
	at org.junit.jupiter.engine.execution.ExecutableInvoker.invoke(ExecutableInvoker.java:98)
	at org.junit.jupiter.engine.descriptor.TestMethodTestDescriptor.lambda$invokeTestMethod$6(TestMethodTestDescriptor.java:212)
	at org.junit.jupiter.engine.descriptor.TestMethodTestDescriptor$$Lambda$271/224100622.execute(Unknown Source)
	at org.junit.platform.engine.support.hierarchical.ThrowableCollector.execute(ThrowableCollector.java:73)
	at org.junit.jupiter.engine.descriptor.TestMethodTestDescriptor.invokeTestMethod(TestMethodTestDescriptor.java:208)
	at org.junit.jupiter.engine.descriptor.TestMethodTestDescriptor.execute(TestMethodTestDescriptor.java:137)
	at org.junit.jupiter.engine.descriptor.TestMethodTestDescriptor.execute(TestMethodTestDescriptor.java:71)
	at org.junit.platform.engine.support.hierarchical.NodeTestTask.lambda$executeRecursively$5(NodeTestTask.java:135)
	at org.junit.platform.engine.support.hierarchical.NodeTestTask$$Lambda$179/195615004.execute(Unknown Source)
	at org.junit.platform.engine.support.hierarchical.ThrowableCollector.execute(ThrowableCollector.java:73)
	at org.junit.platform.engine.support.hierarchical.NodeTestTask.lambda$executeRecursively$7(NodeTestTask.java:125)
	at org.junit.platform.engine.support.hierarchical.NodeTestTask$$Lambda$178/1890627974.invoke(Unknown Source)
	at org.junit.platform.engine.support.hierarchical.Node.around(Node.java:135)
	at org.junit.platform.engine.support.hierarchical.NodeTestTask.lambda$executeRecursively$8(NodeTestTask.java:123)
	at org.junit.platform.engine.support.hierarchical.NodeTestTask$$Lambda$177/231977479.execute(Unknown Source)
	at org.junit.platform.engine.support.hierarchical.ThrowableCollector.execute(ThrowableCollector.java:73)
	at org.junit.platform.engine.support.hierarchical.NodeTestTask.executeRecursively(NodeTestTask.java:122)
	at org.junit.platform.engine.support.hierarchical.NodeTestTask.execute(NodeTestTask.java:80)
	at org.junit.platform.engine.support.hierarchical.SameThreadHierarchicalTestExecutorService$$Lambda$183/1381713434.accept(Unknown Source)
	at java.util.ArrayList.forEach(ArrayList.java:1249)
	at org.junit.platform.engine.support.hierarchical.SameThreadHierarchicalTestExecutorService.invokeAll(SameThreadHierarchicalTestExecutorService.java:38)
	at org.junit.platform.engine.support.hierarchical.NodeTestTask.lambda$executeRecursively$5(NodeTestTask.java:139)
	at org.junit.platform.engine.support.hierarchical.NodeTestTask$$Lambda$179/195615004.execute(Unknown Source)
	at org.junit.platform.engine.support.hierarchical.ThrowableCollector.execute(ThrowableCollector.java:73)
	at org.junit.platform.engine.support.hierarchical.NodeTestTask.lambda$executeRecursively$7(NodeTestTask.java:125)
	at org.junit.platform.engine.support.hierarchical.NodeTestTask$$Lambda$178/1890627974.invoke(Unknown Source)
	at org.junit.platform.engine.support.hierarchical.Node.around(Node.java:135)
	at org.junit.platform.engine.support.hierarchical.NodeTestTask.lambda$executeRecursively$8(NodeTestTask.java:123)
	at org.junit.platform.engine.support.hierarchical.NodeTestTask$$Lambda$177/231977479.execute(Unknown Source)
	at org.junit.platform.engine.support.hierarchical.ThrowableCollector.execute(ThrowableCollector.java:73)
	at org.junit.platform.engine.support.hierarchical.NodeTestTask.executeRecursively(NodeTestTask.java:122)
	at org.junit.platform.engine.support.hierarchical.NodeTestTask.execute(NodeTestTask.java:80)
	at org.junit.platform.engine.support.hierarchical.SameThreadHierarchicalTestExecutorService$$Lambda$183/1381713434.accept(Unknown Source)
	at java.util.ArrayList.forEach(ArrayList.java:1249)
	at org.junit.platform.engine.support.hierarchical.SameThreadHierarchicalTestExecutorService.invokeAll(SameThreadHierarchicalTestExecutorService.java:38)
	at org.junit.platform.engine.support.hierarchical.NodeTestTask.lambda$executeRecursively$5(NodeTestTask.java:139)
	at org.junit.platform.engine.support.hierarchical.NodeTestTask$$Lambda$179/195615004.execute(Unknown Source)
	at org.junit.platform.engine.support.hierarchical.ThrowableCollector.execute(ThrowableCollector.java:73)
	at org.junit.platform.engine.support.hierarchical.NodeTestTask.lambda$executeRecursively$7(NodeTestTask.java:125)
	at org.junit.platform.engine.support.hierarchical.NodeTestTask$$Lambda$178/1890627974.invoke(Unknown Source)
	at org.junit.platform.engine.support.hierarchical.Node.around(Node.java:135)
	at org.junit.platform.engine.support.hierarchical.NodeTestTask.lambda$executeRecursively$8(NodeTestTask.java:123)
	at org.junit.platform.engine.support.hierarchical.NodeTestTask$$Lambda$177/231977479.execute(Unknown Source)
	at org.junit.platform.engine.support.hierarchical.ThrowableCollector.execute(ThrowableCollector.java:73)
	at org.junit.platform.engine.support.hierarchical.NodeTestTask.executeRecursively(NodeTestTask.java:122)
	at org.junit.platform.engine.support.hierarchical.NodeTestTask.execute(NodeTestTask.java:80)
	at org.junit.platform.engine.support.hierarchical.SameThreadHierarchicalTestExecutorService.submit(SameThreadHierarchicalTestExecutorService.java:32)
	at org.junit.platform.engine.support.hierarchical.HierarchicalTestExecutor.execute(HierarchicalTestExecutor.java:57)
	at org.junit.platform.engine.support.hierarchical.HierarchicalTestEngine.execute(HierarchicalTestEngine.java:51)
	at org.junit.platform.launcher.core.DefaultLauncher.execute(DefaultLauncher.java:248)
	at org.junit.platform.launcher.core.DefaultLauncher.lambda$execute$5(DefaultLauncher.java:211)
	at org.junit.platform.launcher.core.DefaultLauncher$$Lambda$143/233996206.accept(Unknown Source)
	at org.junit.platform.launcher.core.DefaultLauncher.withInterceptedStreams(DefaultLauncher.java:226)
	at org.junit.platform.launcher.core.DefaultLauncher.execute(DefaultLauncher.java:199)
	at org.junit.platform.launcher.core.DefaultLauncher.execute(DefaultLauncher.java:132)
	at org.apache.maven.surefire.junitplatform.JUnitPlatformProvider.invokeAllTests(JUnitPlatformProvider.java:142)
	at org.apache.maven.surefire.junitplatform.JUnitPlatformProvider.invoke(JUnitPlatformProvider.java:113)
	at org.apache.maven.surefire.booter.ForkedBooter.invokeProviderInSameClassLoader(ForkedBooter.java:384)
	at org.apache.maven.surefire.booter.ForkedBooter.runSuitesInProcess(ForkedBooter.java:345)
	at org.apache.maven.surefire.booter.ForkedBooter.execute(ForkedBooter.java:126)
	at org.apache.maven.surefire.booter.ForkedBooter.main(ForkedBooter.java:418)
2021-11-08 11:12:27,287 [myid:] - INFO  [main:FourLetterWordMain@94] - connecting to 127.0.0.1 30082
2021-11-08 11:12:27,287 [myid:1] - WARN  [nioEventLoopGroup-16-12:NettyServerCnxnFactory$CnxnChannelHandler@231] - Zookeeper server is not running, close the connection before starting the TLS handshake
2021-11-08 11:12:27,552 [myid:] - INFO  [main:FourLetterWordMain@94] - connecting to 127.0.0.1 30082
2021-11-08 11:12:27,553 [myid:1] - WARN  [nioEventLoopGroup-16-1:NettyServerCnxnFactory$CnxnChannelHandler@231] - Zookeeper server is not running, close the connection before starting the TLS handshake
2021-11-08 11:12:27,818 [myid:] - INFO  [main:FourLetterWordMain@94] - connecting to 127.0.0.1 30082
2021-11-08 11:12:27,819 [myid:1] - WARN  [nioEventLoopGroup-16-2:NettyServerCnxnFactory$CnxnChannelHandler@231] - Zookeeper server is not running, close the connection before starting the TLS handshake
2021-11-08 11:12:28,082 [myid:] - INFO  [main:FourLetterWordMain@94] - connecting to 127.0.0.1 30082
2021-11-08 11:12:28,083 [myid:1] - WARN  [nioEventLoopGroup-16-3:NettyServerCnxnFactory$CnxnChannelHandler@231] - Zookeeper server is not running, close the connection before starting the TLS handshake
2021-11-08 11:12:28,098 [myid:] - INFO  [main:ClientBase@267] - server 127.0.0.1:30082 not up
java.net.SocketException: Software caused connection abort: recv failed
	at java.net.SocketInputStream.socketRead0(Native Method)
	at java.net.SocketInputStream.read(SocketInputStream.java:150)
	at java.net.SocketInputStream.read(SocketInputStream.java:121)
	at sun.nio.cs.StreamDecoder.readBytes(StreamDecoder.java:284)
	at sun.nio.cs.StreamDecoder.implRead(StreamDecoder.java:326)
	at sun.nio.cs.StreamDecoder.read(StreamDecoder.java:178)
	at java.io.InputStreamReader.read(InputStreamReader.java:184)
	at java.io.BufferedReader.fill(BufferedReader.java:161)
	at java.io.BufferedReader.readLine(BufferedReader.java:324)
	at java.io.BufferedReader.readLine(BufferedReader.java:389)
	at org.apache.zookeeper.client.FourLetterWordMain.send4LetterWord(FourLetterWordMain.java:129)
	at org.apache.zookeeper.client.FourLetterWordMain.send4LetterWord(FourLetterWordMain.java:74)
	at org.apache.zookeeper.test.ClientBase.waitForServerUp(ClientBase.java:258)
	at org.apache.zookeeper.test.ClientBase.waitForServerUp(ClientBase.java:249)
	at org.apache.zookeeper.server.quorum.QuorumSSLTest.testOCSP(QuorumSSLTest.java:784)
	at sun.reflect.NativeMethodAccessorImpl.invoke0(Native Method)
	at sun.reflect.NativeMethodAccessorImpl.invoke(NativeMethodAccessorImpl.java:62)
	at sun.reflect.DelegatingMethodAccessorImpl.invoke(DelegatingMethodAccessorImpl.java:43)
	at java.lang.reflect.Method.invoke(Method.java:483)
	at org.junit.platform.commons.util.ReflectionUtils.invokeMethod(ReflectionUtils.java:686)
	at org.junit.jupiter.engine.execution.MethodInvocation.proceed(MethodInvocation.java:60)
	at org.junit.jupiter.engine.execution.InvocationInterceptorChain$ValidatingInvocation.proceed(InvocationInterceptorChain.java:131)
	at org.junit.jupiter.engine.extension.TimeoutInvocation.proceed(TimeoutInvocation.java:46)
	at org.junit.jupiter.engine.extension.TimeoutExtension.intercept(TimeoutExtension.java:149)
	at org.junit.jupiter.engine.extension.TimeoutExtension.interceptTestableMethod(TimeoutExtension.java:140)
	at org.junit.jupiter.engine.extension.TimeoutExtension.interceptTestMethod(TimeoutExtension.java:84)
	at org.junit.jupiter.engine.descriptor.TestMethodTestDescriptor$$Lambda$111/1780132728.apply(Unknown Source)
	at org.junit.jupiter.engine.execution.ExecutableInvoker$ReflectiveInterceptorCall.lambda$ofVoidMethod$0(ExecutableInvoker.java:115)
	at org.junit.jupiter.engine.execution.ExecutableInvoker$ReflectiveInterceptorCall$$Lambda$112/1725017993.apply(Unknown Source)
	at org.junit.jupiter.engine.execution.ExecutableInvoker.lambda$invoke$0(ExecutableInvoker.java:105)
	at org.junit.jupiter.engine.execution.ExecutableInvoker$$Lambda$234/64133603.apply(Unknown Source)
	at org.junit.jupiter.engine.execution.InvocationInterceptorChain$InterceptedInvocation.proceed(InvocationInterceptorChain.java:106)
	at org.junit.jupiter.engine.execution.InvocationInterceptorChain.proceed(InvocationInterceptorChain.java:64)
	at org.junit.jupiter.engine.execution.InvocationInterceptorChain.chainAndInvoke(InvocationInterceptorChain.java:45)
	at org.junit.jupiter.engine.execution.InvocationInterceptorChain.invoke(InvocationInterceptorChain.java:37)
	at org.junit.jupiter.engine.execution.ExecutableInvoker.invoke(ExecutableInvoker.java:104)
	at org.junit.jupiter.engine.execution.ExecutableInvoker.invoke(ExecutableInvoker.java:98)
	at org.junit.jupiter.engine.descriptor.TestMethodTestDescriptor.lambda$invokeTestMethod$6(TestMethodTestDescriptor.java:212)
	at org.junit.jupiter.engine.descriptor.TestMethodTestDescriptor$$Lambda$271/224100622.execute(Unknown Source)
	at org.junit.platform.engine.support.hierarchical.ThrowableCollector.execute(ThrowableCollector.java:73)
	at org.junit.jupiter.engine.descriptor.TestMethodTestDescriptor.invokeTestMethod(TestMethodTestDescriptor.java:208)
	at org.junit.jupiter.engine.descriptor.TestMethodTestDescriptor.execute(TestMethodTestDescriptor.java:137)
	at org.junit.jupiter.engine.descriptor.TestMethodTestDescriptor.execute(TestMethodTestDescriptor.java:71)
	at org.junit.platform.engine.support.hierarchical.NodeTestTask.lambda$executeRecursively$5(NodeTestTask.java:135)
	at org.junit.platform.engine.support.hierarchical.NodeTestTask$$Lambda$179/195615004.execute(Unknown Source)
	at org.junit.platform.engine.support.hierarchical.ThrowableCollector.execute(ThrowableCollector.java:73)
	at org.junit.platform.engine.support.hierarchical.NodeTestTask.lambda$executeRecursively$7(NodeTestTask.java:125)
	at org.junit.platform.engine.support.hierarchical.NodeTestTask$$Lambda$178/1890627974.invoke(Unknown Source)
	at org.junit.platform.engine.support.hierarchical.Node.around(Node.java:135)
	at org.junit.platform.engine.support.hierarchical.NodeTestTask.lambda$executeRecursively$8(NodeTestTask.java:123)
	at org.junit.platform.engine.support.hierarchical.NodeTestTask$$Lambda$177/231977479.execute(Unknown Source)
	at org.junit.platform.engine.support.hierarchical.ThrowableCollector.execute(ThrowableCollector.java:73)
	at org.junit.platform.engine.support.hierarchical.NodeTestTask.executeRecursively(NodeTestTask.java:122)
	at org.junit.platform.engine.support.hierarchical.NodeTestTask.execute(NodeTestTask.java:80)
	at org.junit.platform.engine.support.hierarchical.SameThreadHierarchicalTestExecutorService$$Lambda$183/1381713434.accept(Unknown Source)
	at java.util.ArrayList.forEach(ArrayList.java:1249)
	at org.junit.platform.engine.support.hierarchical.SameThreadHierarchicalTestExecutorService.invokeAll(SameThreadHierarchicalTestExecutorService.java:38)
	at org.junit.platform.engine.support.hierarchical.NodeTestTask.lambda$executeRecursively$5(NodeTestTask.java:139)
	at org.junit.platform.engine.support.hierarchical.NodeTestTask$$Lambda$179/195615004.execute(Unknown Source)
	at org.junit.platform.engine.support.hierarchical.ThrowableCollector.execute(ThrowableCollector.java:73)
	at org.junit.platform.engine.support.hierarchical.NodeTestTask.lambda$executeRecursively$7(NodeTestTask.java:125)
	at org.junit.platform.engine.support.hierarchical.NodeTestTask$$Lambda$178/1890627974.invoke(Unknown Source)
	at org.junit.platform.engine.support.hierarchical.Node.around(Node.java:135)
	at org.junit.platform.engine.support.hierarchical.NodeTestTask.lambda$executeRecursively$8(NodeTestTask.java:123)
	at org.junit.platform.engine.support.hierarchical.NodeTestTask$$Lambda$177/231977479.execute(Unknown Source)
	at org.junit.platform.engine.support.hierarchical.ThrowableCollector.execute(ThrowableCollector.java:73)
	at org.junit.platform.engine.support.hierarchical.NodeTestTask.executeRecursively(NodeTestTask.java:122)
	at org.junit.platform.engine.support.hierarchical.NodeTestTask.execute(NodeTestTask.java:80)
	at org.junit.platform.engine.support.hierarchical.SameThreadHierarchicalTestExecutorService$$Lambda$183/1381713434.accept(Unknown Source)
	at java.util.ArrayList.forEach(ArrayList.java:1249)
	at org.junit.platform.engine.support.hierarchical.SameThreadHierarchicalTestExecutorService.invokeAll(SameThreadHierarchicalTestExecutorService.java:38)
	at org.junit.platform.engine.support.hierarchical.NodeTestTask.lambda$executeRecursively$5(NodeTestTask.java:139)
	at org.junit.platform.engine.support.hierarchical.NodeTestTask$$Lambda$179/195615004.execute(Unknown Source)
	at org.junit.platform.engine.support.hierarchical.ThrowableCollector.execute(ThrowableCollector.java:73)
	at org.junit.platform.engine.support.hierarchical.NodeTestTask.lambda$executeRecursively$7(NodeTestTask.java:125)
	at org.junit.platform.engine.support.hierarchical.NodeTestTask$$Lambda$178/1890627974.invoke(Unknown Source)
	at org.junit.platform.engine.support.hierarchical.Node.around(Node.java:135)
	at org.junit.platform.engine.support.hierarchical.NodeTestTask.lambda$executeRecursively$8(NodeTestTask.java:123)
	at org.junit.platform.engine.support.hierarchical.NodeTestTask$$Lambda$177/231977479.execute(Unknown Source)
	at org.junit.platform.engine.support.hierarchical.ThrowableCollector.execute(ThrowableCollector.java:73)
	at org.junit.platform.engine.support.hierarchical.NodeTestTask.executeRecursively(NodeTestTask.java:122)
	at org.junit.platform.engine.support.hierarchical.NodeTestTask.execute(NodeTestTask.java:80)
	at org.junit.platform.engine.support.hierarchical.SameThreadHierarchicalTestExecutorService.submit(SameThreadHierarchicalTestExecutorService.java:32)
	at org.junit.platform.engine.support.hierarchical.HierarchicalTestExecutor.execute(HierarchicalTestExecutor.java:57)
	at org.junit.platform.engine.support.hierarchical.HierarchicalTestEngine.execute(HierarchicalTestEngine.java:51)
	at org.junit.platform.launcher.core.DefaultLauncher.execute(DefaultLauncher.java:248)
	at org.junit.platform.launcher.core.DefaultLauncher.lambda$execute$5(DefaultLauncher.java:211)
	at org.junit.platform.launcher.core.DefaultLauncher$$Lambda$143/233996206.accept(Unknown Source)
	at org.junit.platform.launcher.core.DefaultLauncher.withInterceptedStreams(DefaultLauncher.java:226)
	at org.junit.platform.launcher.core.DefaultLauncher.execute(DefaultLauncher.java:199)
	at org.junit.platform.launcher.core.DefaultLauncher.execute(DefaultLauncher.java:132)
	at org.apache.maven.surefire.junitplatform.JUnitPlatformProvider.invokeAllTests(JUnitPlatformProvider.java:142)
	at org.apache.maven.surefire.junitplatform.JUnitPlatformProvider.invoke(JUnitPlatformProvider.java:113)
	at org.apache.maven.surefire.booter.ForkedBooter.invokeProviderInSameClassLoader(ForkedBooter.java:384)
	at org.apache.maven.surefire.booter.ForkedBooter.runSuitesInProcess(ForkedBooter.java:345)
	at org.apache.maven.surefire.booter.ForkedBooter.execute(ForkedBooter.java:126)
	at org.apache.maven.surefire.booter.ForkedBooter.main(ForkedBooter.java:418)
2021-11-08 11:12:28,377 [myid:] - INFO  [main:FourLetterWordMain@94] - connecting to 127.0.0.1 30082
2021-11-08 11:12:28,378 [myid:1] - WARN  [nioEventLoopGroup-16-4:NettyServerCnxnFactory$CnxnChannelHandler@231] - Zookeeper server is not running, close the connection before starting the TLS handshake
2021-11-08 11:12:28,385 [myid:] - INFO  [main:ClientBase@267] - server 127.0.0.1:30082 not up
java.net.SocketException: Software caused connection abort: recv failed
	at java.net.SocketInputStream.socketRead0(Native Method)
	at java.net.SocketInputStream.read(SocketInputStream.java:150)
	at java.net.SocketInputStream.read(SocketInputStream.java:121)
	at sun.nio.cs.StreamDecoder.readBytes(StreamDecoder.java:284)
	at sun.nio.cs.StreamDecoder.implRead(StreamDecoder.java:326)
	at sun.nio.cs.StreamDecoder.read(StreamDecoder.java:178)
	at java.io.InputStreamReader.read(InputStreamReader.java:184)
	at java.io.BufferedReader.fill(BufferedReader.java:161)
	at java.io.BufferedReader.readLine(BufferedReader.java:324)
	at java.io.BufferedReader.readLine(BufferedReader.java:389)
	at org.apache.zookeeper.client.FourLetterWordMain.send4LetterWord(FourLetterWordMain.java:129)
	at org.apache.zookeeper.client.FourLetterWordMain.send4LetterWord(FourLetterWordMain.java:74)
	at org.apache.zookeeper.test.ClientBase.waitForServerUp(ClientBase.java:258)
	at org.apache.zookeeper.test.ClientBase.waitForServerUp(ClientBase.java:249)
	at org.apache.zookeeper.server.quorum.QuorumSSLTest.testOCSP(QuorumSSLTest.java:784)
	at sun.reflect.NativeMethodAccessorImpl.invoke0(Native Method)
	at sun.reflect.NativeMethodAccessorImpl.invoke(NativeMethodAccessorImpl.java:62)
	at sun.reflect.DelegatingMethodAccessorImpl.invoke(DelegatingMethodAccessorImpl.java:43)
	at java.lang.reflect.Method.invoke(Method.java:483)
	at org.junit.platform.commons.util.ReflectionUtils.invokeMethod(ReflectionUtils.java:686)
	at org.junit.jupiter.engine.execution.MethodInvocation.proceed(MethodInvocation.java:60)
	at org.junit.jupiter.engine.execution.InvocationInterceptorChain$ValidatingInvocation.proceed(InvocationInterceptorChain.java:131)
	at org.junit.jupiter.engine.extension.TimeoutInvocation.proceed(TimeoutInvocation.java:46)
	at org.junit.jupiter.engine.extension.TimeoutExtension.intercept(TimeoutExtension.java:149)
	at org.junit.jupiter.engine.extension.TimeoutExtension.interceptTestableMethod(TimeoutExtension.java:140)
	at org.junit.jupiter.engine.extension.TimeoutExtension.interceptTestMethod(TimeoutExtension.java:84)
	at org.junit.jupiter.engine.descriptor.TestMethodTestDescriptor$$Lambda$111/1780132728.apply(Unknown Source)
	at org.junit.jupiter.engine.execution.ExecutableInvoker$ReflectiveInterceptorCall.lambda$ofVoidMethod$0(ExecutableInvoker.java:115)
	at org.junit.jupiter.engine.execution.ExecutableInvoker$ReflectiveInterceptorCall$$Lambda$112/1725017993.apply(Unknown Source)
	at org.junit.jupiter.engine.execution.ExecutableInvoker.lambda$invoke$0(ExecutableInvoker.java:105)
	at org.junit.jupiter.engine.execution.ExecutableInvoker$$Lambda$234/64133603.apply(Unknown Source)
	at org.junit.jupiter.engine.execution.InvocationInterceptorChain$InterceptedInvocation.proceed(InvocationInterceptorChain.java:106)
	at org.junit.jupiter.engine.execution.InvocationInterceptorChain.proceed(InvocationInterceptorChain.java:64)
	at org.junit.jupiter.engine.execution.InvocationInterceptorChain.chainAndInvoke(InvocationInterceptorChain.java:45)
	at org.junit.jupiter.engine.execution.InvocationInterceptorChain.invoke(InvocationInterceptorChain.java:37)
	at org.junit.jupiter.engine.execution.ExecutableInvoker.invoke(ExecutableInvoker.java:104)
	at org.junit.jupiter.engine.execution.ExecutableInvoker.invoke(ExecutableInvoker.java:98)
	at org.junit.jupiter.engine.descriptor.TestMethodTestDescriptor.lambda$invokeTestMethod$6(TestMethodTestDescriptor.java:212)
	at org.junit.jupiter.engine.descriptor.TestMethodTestDescriptor$$Lambda$271/224100622.execute(Unknown Source)
	at org.junit.platform.engine.support.hierarchical.ThrowableCollector.execute(ThrowableCollector.java:73)
	at org.junit.jupiter.engine.descriptor.TestMethodTestDescriptor.invokeTestMethod(TestMethodTestDescriptor.java:208)
	at org.junit.jupiter.engine.descriptor.TestMethodTestDescriptor.execute(TestMethodTestDescriptor.java:137)
	at org.junit.jupiter.engine.descriptor.TestMethodTestDescriptor.execute(TestMethodTestDescriptor.java:71)
	at org.junit.platform.engine.support.hierarchical.NodeTestTask.lambda$executeRecursively$5(NodeTestTask.java:135)
	at org.junit.platform.engine.support.hierarchical.NodeTestTask$$Lambda$179/195615004.execute(Unknown Source)
	at org.junit.platform.engine.support.hierarchical.ThrowableCollector.execute(ThrowableCollector.java:73)
	at org.junit.platform.engine.support.hierarchical.NodeTestTask.lambda$executeRecursively$7(NodeTestTask.java:125)
	at org.junit.platform.engine.support.hierarchical.NodeTestTask$$Lambda$178/1890627974.invoke(Unknown Source)
	at org.junit.platform.engine.support.hierarchical.Node.around(Node.java:135)
	at org.junit.platform.engine.support.hierarchical.NodeTestTask.lambda$executeRecursively$8(NodeTestTask.java:123)
	at org.junit.platform.engine.support.hierarchical.NodeTestTask$$Lambda$177/231977479.execute(Unknown Source)
	at org.junit.platform.engine.support.hierarchical.ThrowableCollector.execute(ThrowableCollector.java:73)
	at org.junit.platform.engine.support.hierarchical.NodeTestTask.executeRecursively(NodeTestTask.java:122)
	at org.junit.platform.engine.support.hierarchical.NodeTestTask.execute(NodeTestTask.java:80)
	at org.junit.platform.engine.support.hierarchical.SameThreadHierarchicalTestExecutorService$$Lambda$183/1381713434.accept(Unknown Source)
	at java.util.ArrayList.forEach(ArrayList.java:1249)
	at org.junit.platform.engine.support.hierarchical.SameThreadHierarchicalTestExecutorService.invokeAll(SameThreadHierarchicalTestExecutorService.java:38)
	at org.junit.platform.engine.support.hierarchical.NodeTestTask.lambda$executeRecursively$5(NodeTestTask.java:139)
	at org.junit.platform.engine.support.hierarchical.NodeTestTask$$Lambda$179/195615004.execute(Unknown Source)
	at org.junit.platform.engine.support.hierarchical.ThrowableCollector.execute(ThrowableCollector.java:73)
	at org.junit.platform.engine.support.hierarchical.NodeTestTask.lambda$executeRecursively$7(NodeTestTask.java:125)
	at org.junit.platform.engine.support.hierarchical.NodeTestTask$$Lambda$178/1890627974.invoke(Unknown Source)
	at org.junit.platform.engine.support.hierarchical.Node.around(Node.java:135)
	at org.junit.platform.engine.support.hierarchical.NodeTestTask.lambda$executeRecursively$8(NodeTestTask.java:123)
	at org.junit.platform.engine.support.hierarchical.NodeTestTask$$Lambda$177/231977479.execute(Unknown Source)
	at org.junit.platform.engine.support.hierarchical.ThrowableCollector.execute(ThrowableCollector.java:73)
	at org.junit.platform.engine.support.hierarchical.NodeTestTask.executeRecursively(NodeTestTask.java:122)
	at org.junit.platform.engine.support.hierarchical.NodeTestTask.execute(NodeTestTask.java:80)
	at org.junit.platform.engine.support.hierarchical.SameThreadHierarchicalTestExecutorService$$Lambda$183/1381713434.accept(Unknown Source)
	at java.util.ArrayList.forEach(ArrayList.java:1249)
	at org.junit.platform.engine.support.hierarchical.SameThreadHierarchicalTestExecutorService.invokeAll(SameThreadHierarchicalTestExecutorService.java:38)
	at org.junit.platform.engine.support.hierarchical.NodeTestTask.lambda$executeRecursively$5(NodeTestTask.java:139)
	at org.junit.platform.engine.support.hierarchical.NodeTestTask$$Lambda$179/195615004.execute(Unknown Source)
	at org.junit.platform.engine.support.hierarchical.ThrowableCollector.execute(ThrowableCollector.java:73)
	at org.junit.platform.engine.support.hierarchical.NodeTestTask.lambda$executeRecursively$7(NodeTestTask.java:125)
	at org.junit.platform.engine.support.hierarchical.NodeTestTask$$Lambda$178/1890627974.invoke(Unknown Source)
	at org.junit.platform.engine.support.hierarchical.Node.around(Node.java:135)
	at org.junit.platform.engine.support.hierarchical.NodeTestTask.lambda$executeRecursively$8(NodeTestTask.java:123)
	at org.junit.platform.engine.support.hierarchical.NodeTestTask$$Lambda$177/231977479.execute(Unknown Source)
	at org.junit.platform.engine.support.hierarchical.ThrowableCollector.execute(ThrowableCollector.java:73)
	at org.junit.platform.engine.support.hierarchical.NodeTestTask.executeRecursively(NodeTestTask.java:122)
	at org.junit.platform.engine.support.hierarchical.NodeTestTask.execute(NodeTestTask.java:80)
	at org.junit.platform.engine.support.hierarchical.SameThreadHierarchicalTestExecutorService.submit(SameThreadHierarchicalTestExecutorService.java:32)
	at org.junit.platform.engine.support.hierarchical.HierarchicalTestExecutor.execute(HierarchicalTestExecutor.java:57)
	at org.junit.platform.engine.support.hierarchical.HierarchicalTestEngine.execute(HierarchicalTestEngine.java:51)
	at org.junit.platform.launcher.core.DefaultLauncher.execute(DefaultLauncher.java:248)
	at org.junit.platform.launcher.core.DefaultLauncher.lambda$execute$5(DefaultLauncher.java:211)
	at org.junit.platform.launcher.core.DefaultLauncher$$Lambda$143/233996206.accept(Unknown Source)
	at org.junit.platform.launcher.core.DefaultLauncher.withInterceptedStreams(DefaultLauncher.java:226)
	at org.junit.platform.launcher.core.DefaultLauncher.execute(DefaultLauncher.java:199)
	at org.junit.platform.launcher.core.DefaultLauncher.execute(DefaultLauncher.java:132)
	at org.apache.maven.surefire.junitplatform.JUnitPlatformProvider.invokeAllTests(JUnitPlatformProvider.java:142)
	at org.apache.maven.surefire.junitplatform.JUnitPlatformProvider.invoke(JUnitPlatformProvider.java:113)
	at org.apache.maven.surefire.booter.ForkedBooter.invokeProviderInSameClassLoader(ForkedBooter.java:384)
	at org.apache.maven.surefire.booter.ForkedBooter.runSuitesInProcess(ForkedBooter.java:345)
	at org.apache.maven.surefire.booter.ForkedBooter.execute(ForkedBooter.java:126)
	at org.apache.maven.surefire.booter.ForkedBooter.main(ForkedBooter.java:418)
2021-11-08 11:12:28,392 [myid:] - INFO  [main:QuorumBase@422] - Shutting down quorum peer QuorumPeer[myid=1](plain=[0:0:0:0:0:0:0:0]:30082)(secure=disabled)
2021-11-08 11:12:28,392 [myid:] - INFO  [main:NettyServerCnxnFactory@647] - shutdown called /0:0:0:0:0:0:0:0:30082
2021-11-08 11:12:28,393 [myid:1] - INFO  [QuorumPeerListener:QuorumCnxManager$Listener@980] - Leaving listener
2021-11-08 11:12:28,394 [myid:1] - WARN  [QuorumPeer[myid=1](plain=[0:0:0:0:0:0:0:0]:30082)(secure=disabled):QuorumPeer@1486] - Unexpected exception
java.lang.InterruptedException
	at java.util.concurrent.locks.AbstractQueuedSynchronizer$ConditionObject.reportInterruptAfterWait(AbstractQueuedSynchronizer.java:2014)
	at java.util.concurrent.locks.AbstractQueuedSynchronizer$ConditionObject.awaitNanos(AbstractQueuedSynchronizer.java:2088)
	at java.util.concurrent.LinkedBlockingQueue.poll(LinkedBlockingQueue.java:467)
	at org.apache.zookeeper.server.quorum.FastLeaderElection.lookForLeader(FastLeaderElection.java:966)
	at org.apache.zookeeper.server.quorum.QuorumPeer.run(QuorumPeer.java:1484)
2021-11-08 11:12:28,394 [myid:1] - INFO  [QuorumPeer[myid=1](plain=[0:0:0:0:0:0:0:0]:30082)(secure=disabled):QuorumPeer@915] - Peer state changed: looking
2021-11-08 11:12:28,394 [myid:1] - WARN  [QuorumPeer[myid=1](plain=[0:0:0:0:0:0:0:0]:30082)(secure=disabled):QuorumPeer@1545] - QuorumPeer main thread exited
2021-11-08 11:12:28,395 [myid:] - INFO  [main:QuorumBase@426] - Shutting down leader election QuorumPeer[myid=1](plain=[0:0:0:0:0:0:0:0]:30082)(secure=disabled)
2021-11-08 11:12:28,395 [myid:] - INFO  [main:QuorumBase@431] - Waiting for QuorumPeer[myid=1](plain=[0:0:0:0:0:0:0:0]:30082)(secure=disabled) to exit thread
2021-11-08 11:12:28,395 [myid:] - INFO  [main:QuorumBase@422] - Shutting down quorum peer QuorumPeer[myid=2](plain=[0:0:0:0:0:0:0:0]:30083)(secure=disabled)
2021-11-08 11:12:28,395 [myid:] - INFO  [main:NettyServerCnxnFactory@647] - shutdown called /0:0:0:0:0:0:0:0:30083
2021-11-08 11:12:28,397 [myid:2] - WARN  [QuorumPeer[myid=2](plain=[0:0:0:0:0:0:0:0]:30083)(secure=disabled):QuorumPeer@1486] - Unexpected exception
java.lang.InterruptedException
	at java.util.concurrent.locks.AbstractQueuedSynchronizer$ConditionObject.reportInterruptAfterWait(AbstractQueuedSynchronizer.java:2014)
	at java.util.concurrent.locks.AbstractQueuedSynchronizer$ConditionObject.awaitNanos(AbstractQueuedSynchronizer.java:2088)
	at java.util.concurrent.LinkedBlockingQueue.poll(LinkedBlockingQueue.java:467)
	at org.apache.zookeeper.server.quorum.FastLeaderElection.lookForLeader(FastLeaderElection.java:966)
	at org.apache.zookeeper.server.quorum.QuorumPeer.run(QuorumPeer.java:1484)
2021-11-08 11:12:28,398 [myid:2] - INFO  [QuorumPeer[myid=2](plain=[0:0:0:0:0:0:0:0]:30083)(secure=disabled):QuorumPeer@915] - Peer state changed: looking
2021-11-08 11:12:28,398 [myid:2] - WARN  [QuorumPeer[myid=2](plain=[0:0:0:0:0:0:0:0]:30083)(secure=disabled):QuorumPeer@1545] - QuorumPeer main thread exited
2021-11-08 11:12:28,398 [myid:2] - INFO  [QuorumPeerListener:QuorumCnxManager$Listener@980] - Leaving listener
2021-11-08 11:12:28,412 [myid:] - INFO  [main:QuorumBase@426] - Shutting down leader election QuorumPeer[myid=2](plain=[0:0:0:0:0:0:0:0]:30083)(secure=disabled)
2021-11-08 11:12:28,412 [myid:] - INFO  [main:QuorumBase@431] - Waiting for QuorumPeer[myid=2](plain=[0:0:0:0:0:0:0:0]:30083)(secure=disabled) to exit thread
2021-11-08 11:12:28,413 [myid:] - INFO  [main:QuorumPeerTestBase@64] - No servers to shutdown!
2021-11-08 11:12:28,413 [myid:] - INFO  [main:ZKTestCase@82] - FINISHED Optional[public void org.apache.zookeeper.server.quorum.QuorumSSLTest.testOCSP() throws java.lang.Exception]
]]></system-out>
    <system-err><![CDATA[Exception in thread "QuorumConnectionThread-[myid=1]-1" java.lang.IllegalArgumentException: Cannot support TLS_ECDHE_ECDSA_WITH_AES_256_CBC_SHA384 with currently installed providers
	at sun.security.ssl.CipherSuiteList.<init>(CipherSuiteList.java:92)
	at sun.security.ssl.SSLSocketImpl.setEnabledCipherSuites(SSLSocketImpl.java:2419)
	at javax.net.ssl.SSLSocket.setSSLParameters(SSLSocket.java:650)
	at sun.security.ssl.SSLSocketImpl.setSSLParameters(SSLSocketImpl.java:2544)
	at org.apache.zookeeper.common.SSLContextAndOptions.configureSSLSocket(SSLContextAndOptions.java:125)
	at org.apache.zookeeper.common.SSLContextAndOptions.createSSLSocket(SSLContextAndOptions.java:80)
	at org.apache.zookeeper.common.X509Util.createSSLSocket(X509Util.java:517)
	at org.apache.zookeeper.server.quorum.QuorumCnxManager.initiateConnection(QuorumCnxManager.java:379)
	at org.apache.zookeeper.server.quorum.QuorumCnxManager$QuorumConnectionReqThread.run(QuorumCnxManager.java:458)
	at java.util.concurrent.ThreadPoolExecutor.runWorker(ThreadPoolExecutor.java:1142)
	at java.util.concurrent.ThreadPoolExecutor$Worker.run(ThreadPoolExecutor.java:617)
	at java.lang.Thread.run(Thread.java:745)
Exception in thread "QuorumConnectionThread-[myid=1]-2" java.lang.IllegalArgumentException: Cannot support TLS_ECDHE_ECDSA_WITH_AES_256_CBC_SHA384 with currently installed providers
	at sun.security.ssl.CipherSuiteList.<init>(CipherSuiteList.java:92)
	at sun.security.ssl.SSLSocketImpl.setEnabledCipherSuites(SSLSocketImpl.java:2419)
	at javax.net.ssl.SSLSocket.setSSLParameters(SSLSocket.java:650)
	at sun.security.ssl.SSLSocketImpl.setSSLParameters(SSLSocketImpl.java:2544)
	at org.apache.zookeeper.common.SSLContextAndOptions.configureSSLSocket(SSLContextAndOptions.java:125)
	at org.apache.zookeeper.common.SSLContextAndOptions.createSSLSocket(SSLContextAndOptions.java:80)
	at org.apache.zookeeper.common.X509Util.createSSLSocket(X509Util.java:517)
	at org.apache.zookeeper.server.quorum.QuorumCnxManager.initiateConnection(QuorumCnxManager.java:379)
	at org.apache.zookeeper.server.quorum.QuorumCnxManager$QuorumConnectionReqThread.run(QuorumCnxManager.java:458)
	at java.util.concurrent.ThreadPoolExecutor.runWorker(ThreadPoolExecutor.java:1142)
	at java.util.concurrent.ThreadPoolExecutor$Worker.run(ThreadPoolExecutor.java:617)
	at java.lang.Thread.run(Thread.java:745)
Exception in thread "QuorumConnectionThread-[myid=2]-1" java.lang.IllegalArgumentException: Cannot support TLS_ECDHE_ECDSA_WITH_AES_256_CBC_SHA384 with currently installed providers
	at sun.security.ssl.CipherSuiteList.<init>(CipherSuiteList.java:92)
	at sun.security.ssl.SSLSocketImpl.setEnabledCipherSuites(SSLSocketImpl.java:2419)
	at javax.net.ssl.SSLSocket.setSSLParameters(SSLSocket.java:650)
	at sun.security.ssl.SSLSocketImpl.setSSLParameters(SSLSocketImpl.java:2544)
	at org.apache.zookeeper.common.SSLContextAndOptions.configureSSLSocket(SSLContextAndOptions.java:125)
	at org.apache.zookeeper.common.SSLContextAndOptions.createSSLSocket(SSLContextAndOptions.java:80)
	at org.apache.zookeeper.common.X509Util.createSSLSocket(X509Util.java:517)
	at org.apache.zookeeper.server.quorum.QuorumCnxManager.initiateConnection(QuorumCnxManager.java:379)
	at org.apache.zookeeper.server.quorum.QuorumCnxManager$QuorumConnectionReqThread.run(QuorumCnxManager.java:458)
	at java.util.concurrent.ThreadPoolExecutor.runWorker(ThreadPoolExecutor.java:1142)
	at java.util.concurrent.ThreadPoolExecutor$Worker.run(ThreadPoolExecutor.java:617)
	at java.lang.Thread.run(Thread.java:745)
Exception in thread "QuorumConnectionThread-[myid=2]-2" java.lang.IllegalArgumentException: Cannot support TLS_ECDHE_ECDSA_WITH_AES_256_CBC_SHA384 with currently installed providers
	at sun.security.ssl.CipherSuiteList.<init>(CipherSuiteList.java:92)
	at sun.security.ssl.SSLSocketImpl.setEnabledCipherSuites(SSLSocketImpl.java:2419)
	at javax.net.ssl.SSLSocket.setSSLParameters(SSLSocket.java:650)
	at sun.security.ssl.SSLSocketImpl.setSSLParameters(SSLSocketImpl.java:2544)
	at org.apache.zookeeper.common.SSLContextAndOptions.configureSSLSocket(SSLContextAndOptions.java:125)
	at org.apache.zookeeper.common.SSLContextAndOptions.createSSLSocket(SSLContextAndOptions.java:80)
	at org.apache.zookeeper.common.X509Util.createSSLSocket(X509Util.java:517)
	at org.apache.zookeeper.server.quorum.QuorumCnxManager.initiateConnection(QuorumCnxManager.java:379)
	at org.apache.zookeeper.server.quorum.QuorumCnxManager$QuorumConnectionReqThread.run(QuorumCnxManager.java:458)
	at java.util.concurrent.ThreadPoolExecutor.runWorker(ThreadPoolExecutor.java:1142)
	at java.util.concurrent.ThreadPoolExecutor$Worker.run(ThreadPoolExecutor.java:617)
	at java.lang.Thread.run(Thread.java:745)
Exception in thread "QuorumConnectionThread-[myid=1]-4" java.lang.IllegalArgumentException: Cannot support TLS_ECDHE_ECDSA_WITH_AES_256_CBC_SHA384 with currently installed providers
	at sun.security.ssl.CipherSuiteList.<init>(CipherSuiteList.java:92)
	at sun.security.ssl.SSLSocketImpl.setEnabledCipherSuites(SSLSocketImpl.java:2419)
	at javax.net.ssl.SSLSocket.setSSLParameters(SSLSocket.java:650)
	at sun.security.ssl.SSLSocketImpl.setSSLParameters(SSLSocketImpl.java:2544)
	at org.apache.zookeeper.common.SSLContextAndOptions.configureSSLSocket(SSLContextAndOptions.java:125)
	at org.apache.zookeeper.common.SSLContextAndOptions.createSSLSocket(SSLContextAndOptions.java:80)
	at org.apache.zookeeper.common.X509Util.createSSLSocket(X509Util.java:517)
	at org.apache.zookeeper.server.quorum.QuorumCnxManager.initiateConnection(QuorumCnxManager.java:379)
	at org.apache.zookeeper.server.quorum.QuorumCnxManager$QuorumConnectionReqThread.run(QuorumCnxManager.java:458)
	at java.util.concurrent.ThreadPoolExecutor.runWorker(ThreadPoolExecutor.java:1142)
	at java.util.concurrent.ThreadPoolExecutor$Worker.run(ThreadPoolExecutor.java:617)
	at java.lang.Thread.run(Thread.java:745)
Exception in thread "QuorumConnectionThread-[myid=2]-5" java.lang.IllegalArgumentException: Cannot support TLS_ECDHE_ECDSA_WITH_AES_256_CBC_SHA384 with currently installed providers
	at sun.security.ssl.CipherSuiteList.<init>(CipherSuiteList.java:92)
	at sun.security.ssl.SSLSocketImpl.setEnabledCipherSuites(SSLSocketImpl.java:2419)
	at javax.net.ssl.SSLSocket.setSSLParameters(SSLSocket.java:650)
	at sun.security.ssl.SSLSocketImpl.setSSLParameters(SSLSocketImpl.java:2544)
	at org.apache.zookeeper.common.SSLContextAndOptions.configureSSLSocket(SSLContextAndOptions.java:125)
	at org.apache.zookeeper.common.SSLContextAndOptions.createSSLSocket(SSLContextAndOptions.java:80)
	at org.apache.zookeeper.common.X509Util.createSSLSocket(X509Util.java:517)
	at org.apache.zookeeper.server.quorum.QuorumCnxManager.initiateConnection(QuorumCnxManager.java:379)
	at org.apache.zookeeper.server.quorum.QuorumCnxManager$QuorumConnectionReqThread.run(QuorumCnxManager.java:458)
	at java.util.concurrent.ThreadPoolExecutor.runWorker(ThreadPoolExecutor.java:1142)
	at java.util.concurrent.ThreadPoolExecutor$Worker.run(ThreadPoolExecutor.java:617)
	at java.lang.Thread.run(Thread.java:745)
Exception in thread "QuorumConnectionThread-[myid=1]-5" java.lang.IllegalArgumentException: Cannot support TLS_ECDHE_ECDSA_WITH_AES_256_CBC_SHA384 with currently installed providers
	at sun.security.ssl.CipherSuiteList.<init>(CipherSuiteList.java:92)
	at sun.security.ssl.SSLSocketImpl.setEnabledCipherSuites(SSLSocketImpl.java:2419)
	at javax.net.ssl.SSLSocket.setSSLParameters(SSLSocket.java:650)
	at sun.security.ssl.SSLSocketImpl.setSSLParameters(SSLSocketImpl.java:2544)
	at org.apache.zookeeper.common.SSLContextAndOptions.configureSSLSocket(SSLContextAndOptions.java:125)
	at org.apache.zookeeper.common.SSLContextAndOptions.createSSLSocket(SSLContextAndOptions.java:80)
	at org.apache.zookeeper.common.X509Util.createSSLSocket(X509Util.java:517)
	at org.apache.zookeeper.server.quorum.QuorumCnxManager.initiateConnection(QuorumCnxManager.java:379)
	at org.apache.zookeeper.server.quorum.QuorumCnxManager$QuorumConnectionReqThread.run(QuorumCnxManager.java:458)
	at java.util.concurrent.ThreadPoolExecutor.runWorker(ThreadPoolExecutor.java:1142)
	at java.util.concurrent.ThreadPoolExecutor$Worker.run(ThreadPoolExecutor.java:617)
	at java.lang.Thread.run(Thread.java:745)
Exception in thread "QuorumConnectionThread-[myid=2]-4" java.lang.IllegalArgumentException: Cannot support TLS_ECDHE_ECDSA_WITH_AES_256_CBC_SHA384 with currently installed providers
	at sun.security.ssl.CipherSuiteList.<init>(CipherSuiteList.java:92)
	at sun.security.ssl.SSLSocketImpl.setEnabledCipherSuites(SSLSocketImpl.java:2419)
	at javax.net.ssl.SSLSocket.setSSLParameters(SSLSocket.java:650)
	at sun.security.ssl.SSLSocketImpl.setSSLParameters(SSLSocketImpl.java:2544)
	at org.apache.zookeeper.common.SSLContextAndOptions.configureSSLSocket(SSLContextAndOptions.java:125)
	at org.apache.zookeeper.common.SSLContextAndOptions.createSSLSocket(SSLContextAndOptions.java:80)
	at org.apache.zookeeper.common.X509Util.createSSLSocket(X509Util.java:517)
	at org.apache.zookeeper.server.quorum.QuorumCnxManager.initiateConnection(QuorumCnxManager.java:379)
	at org.apache.zookeeper.server.quorum.QuorumCnxManager$QuorumConnectionReqThread.run(QuorumCnxManager.java:458)
	at java.util.concurrent.ThreadPoolExecutor.runWorker(ThreadPoolExecutor.java:1142)
	at java.util.concurrent.ThreadPoolExecutor$Worker.run(ThreadPoolExecutor.java:617)
	at java.lang.Thread.run(Thread.java:745)
Exception in thread "QuorumConnectionThread-[myid=1]-7" java.lang.IllegalArgumentException: Cannot support TLS_ECDHE_ECDSA_WITH_AES_256_CBC_SHA384 with currently installed providers
	at sun.security.ssl.CipherSuiteList.<init>(CipherSuiteList.java:92)
	at sun.security.ssl.SSLSocketImpl.setEnabledCipherSuites(SSLSocketImpl.java:2419)
	at javax.net.ssl.SSLSocket.setSSLParameters(SSLSocket.java:650)
	at sun.security.ssl.SSLSocketImpl.setSSLParameters(SSLSocketImpl.java:2544)
	at org.apache.zookeeper.common.SSLContextAndOptions.configureSSLSocket(SSLContextAndOptions.java:125)
	at org.apache.zookeeper.common.SSLContextAndOptions.createSSLSocket(SSLContextAndOptions.java:80)
	at org.apache.zookeeper.common.X509Util.createSSLSocket(X509Util.java:517)
	at org.apache.zookeeper.server.quorum.QuorumCnxManager.initiateConnection(QuorumCnxManager.java:379)
	at org.apache.zookeeper.server.quorum.QuorumCnxManager$QuorumConnectionReqThread.run(QuorumCnxManager.java:458)
	at java.util.concurrent.ThreadPoolExecutor.runWorker(ThreadPoolExecutor.java:1142)
	at java.util.concurrent.ThreadPoolExecutor$Worker.run(ThreadPoolExecutor.java:617)
	at java.lang.Thread.run(Thread.java:745)
Exception in thread "QuorumConnectionThread-[myid=1]-6" java.lang.IllegalArgumentException: Cannot support TLS_ECDHE_ECDSA_WITH_AES_256_CBC_SHA384 with currently installed providers
	at sun.security.ssl.CipherSuiteList.<init>(CipherSuiteList.java:92)
	at sun.security.ssl.SSLSocketImpl.setEnabledCipherSuites(SSLSocketImpl.java:2419)
	at javax.net.ssl.SSLSocket.setSSLParameters(SSLSocket.java:650)
	at sun.security.ssl.SSLSocketImpl.setSSLParameters(SSLSocketImpl.java:2544)
	at org.apache.zookeeper.common.SSLContextAndOptions.configureSSLSocket(SSLContextAndOptions.java:125)
	at org.apache.zookeeper.common.SSLContextAndOptions.createSSLSocket(SSLContextAndOptions.java:80)
	at org.apache.zookeeper.common.X509Util.createSSLSocket(X509Util.java:517)
	at org.apache.zookeeper.server.quorum.QuorumCnxManager.initiateConnection(QuorumCnxManager.java:379)
	at org.apache.zookeeper.server.quorum.QuorumCnxManager$QuorumConnectionReqThread.run(QuorumCnxManager.java:458)
	at java.util.concurrent.ThreadPoolExecutor.runWorker(ThreadPoolExecutor.java:1142)
	at java.util.concurrent.ThreadPoolExecutor$Worker.run(ThreadPoolExecutor.java:617)
	at java.lang.Thread.run(Thread.java:745)
Exception in thread "QuorumConnectionThread-[myid=2]-6" java.lang.IllegalArgumentException: Cannot support TLS_ECDHE_ECDSA_WITH_AES_256_CBC_SHA384 with currently installed providers
	at sun.security.ssl.CipherSuiteList.<init>(CipherSuiteList.java:92)
	at sun.security.ssl.SSLSocketImpl.setEnabledCipherSuites(SSLSocketImpl.java:2419)
	at javax.net.ssl.SSLSocket.setSSLParameters(SSLSocket.java:650)
	at sun.security.ssl.SSLSocketImpl.setSSLParameters(SSLSocketImpl.java:2544)
	at org.apache.zookeeper.common.SSLContextAndOptions.configureSSLSocket(SSLContextAndOptions.java:125)
	at org.apache.zookeeper.common.SSLContextAndOptions.createSSLSocket(SSLContextAndOptions.java:80)
	at org.apache.zookeeper.common.X509Util.createSSLSocket(X509Util.java:517)
	at org.apache.zookeeper.server.quorum.QuorumCnxManager.initiateConnection(QuorumCnxManager.java:379)
	at org.apache.zookeeper.server.quorum.QuorumCnxManager$QuorumConnectionReqThread.run(QuorumCnxManager.java:458)
	at java.util.concurrent.ThreadPoolExecutor.runWorker(ThreadPoolExecutor.java:1142)
	at java.util.concurrent.ThreadPoolExecutor$Worker.run(ThreadPoolExecutor.java:617)
	at java.lang.Thread.run(Thread.java:745)
Exception in thread "QuorumConnectionThread-[myid=2]-7" java.lang.IllegalArgumentException: Cannot support TLS_ECDHE_ECDSA_WITH_AES_256_CBC_SHA384 with currently installed providers
	at sun.security.ssl.CipherSuiteList.<init>(CipherSuiteList.java:92)
	at sun.security.ssl.SSLSocketImpl.setEnabledCipherSuites(SSLSocketImpl.java:2419)
	at javax.net.ssl.SSLSocket.setSSLParameters(SSLSocket.java:650)
	at sun.security.ssl.SSLSocketImpl.setSSLParameters(SSLSocketImpl.java:2544)
	at org.apache.zookeeper.common.SSLContextAndOptions.configureSSLSocket(SSLContextAndOptions.java:125)
	at org.apache.zookeeper.common.SSLContextAndOptions.createSSLSocket(SSLContextAndOptions.java:80)
	at org.apache.zookeeper.common.X509Util.createSSLSocket(X509Util.java:517)
	at org.apache.zookeeper.server.quorum.QuorumCnxManager.initiateConnection(QuorumCnxManager.java:379)
	at org.apache.zookeeper.server.quorum.QuorumCnxManager$QuorumConnectionReqThread.run(QuorumCnxManager.java:458)
	at java.util.concurrent.ThreadPoolExecutor.runWorker(ThreadPoolExecutor.java:1142)
	at java.util.concurrent.ThreadPoolExecutor$Worker.run(ThreadPoolExecutor.java:617)
	at java.lang.Thread.run(Thread.java:745)
Exception in thread "QuorumConnectionThread-[myid=1]-8" java.lang.IllegalArgumentException: Cannot support TLS_ECDHE_ECDSA_WITH_AES_256_CBC_SHA384 with currently installed providers
	at sun.security.ssl.CipherSuiteList.<init>(CipherSuiteList.java:92)
	at sun.security.ssl.SSLSocketImpl.setEnabledCipherSuites(SSLSocketImpl.java:2419)
	at javax.net.ssl.SSLSocket.setSSLParameters(SSLSocket.java:650)
	at sun.security.ssl.SSLSocketImpl.setSSLParameters(SSLSocketImpl.java:2544)
	at org.apache.zookeeper.common.SSLContextAndOptions.configureSSLSocket(SSLContextAndOptions.java:125)
	at org.apache.zookeeper.common.SSLContextAndOptions.createSSLSocket(SSLContextAndOptions.java:80)
	at org.apache.zookeeper.common.X509Util.createSSLSocket(X509Util.java:517)
	at org.apache.zookeeper.server.quorum.QuorumCnxManager.initiateConnection(QuorumCnxManager.java:379)
	at org.apache.zookeeper.server.quorum.QuorumCnxManager$QuorumConnectionReqThread.run(QuorumCnxManager.java:458)
	at java.util.concurrent.ThreadPoolExecutor.runWorker(ThreadPoolExecutor.java:1142)
	at java.util.concurrent.ThreadPoolExecutor$Worker.run(ThreadPoolExecutor.java:617)
	at java.lang.Thread.run(Thread.java:745)
Exception in thread "QuorumConnectionThread-[myid=2]-8" java.lang.IllegalArgumentException: Cannot support TLS_ECDHE_ECDSA_WITH_AES_256_CBC_SHA384 with currently installed providers
	at sun.security.ssl.CipherSuiteList.<init>(CipherSuiteList.java:92)
	at sun.security.ssl.SSLSocketImpl.setEnabledCipherSuites(SSLSocketImpl.java:2419)
	at javax.net.ssl.SSLSocket.setSSLParameters(SSLSocket.java:650)
	at sun.security.ssl.SSLSocketImpl.setSSLParameters(SSLSocketImpl.java:2544)
	at org.apache.zookeeper.common.SSLContextAndOptions.configureSSLSocket(SSLContextAndOptions.java:125)
	at org.apache.zookeeper.common.SSLContextAndOptions.createSSLSocket(SSLContextAndOptions.java:80)
	at org.apache.zookeeper.common.X509Util.createSSLSocket(X509Util.java:517)
	at org.apache.zookeeper.server.quorum.QuorumCnxManager.initiateConnection(QuorumCnxManager.java:379)
	at org.apache.zookeeper.server.quorum.QuorumCnxManager$QuorumConnectionReqThread.run(QuorumCnxManager.java:458)
	at java.util.concurrent.ThreadPoolExecutor.runWorker(ThreadPoolExecutor.java:1142)
	at java.util.concurrent.ThreadPoolExecutor$Worker.run(ThreadPoolExecutor.java:617)
	at java.lang.Thread.run(Thread.java:745)
Exception in thread "QuorumConnectionThread-[myid=1]-9" java.lang.IllegalArgumentException: Cannot support TLS_ECDHE_ECDSA_WITH_AES_256_CBC_SHA384 with currently installed providers
	at sun.security.ssl.CipherSuiteList.<init>(CipherSuiteList.java:92)
	at sun.security.ssl.SSLSocketImpl.setEnabledCipherSuites(SSLSocketImpl.java:2419)
	at javax.net.ssl.SSLSocket.setSSLParameters(SSLSocket.java:650)
	at sun.security.ssl.SSLSocketImpl.setSSLParameters(SSLSocketImpl.java:2544)
	at org.apache.zookeeper.common.SSLContextAndOptions.configureSSLSocket(SSLContextAndOptions.java:125)
	at org.apache.zookeeper.common.SSLContextAndOptions.createSSLSocket(SSLContextAndOptions.java:80)
	at org.apache.zookeeper.common.X509Util.createSSLSocket(X509Util.java:517)
	at org.apache.zookeeper.server.quorum.QuorumCnxManager.initiateConnection(QuorumCnxManager.java:379)
	at org.apache.zookeeper.server.quorum.QuorumCnxManager$QuorumConnectionReqThread.run(QuorumCnxManager.java:458)
	at java.util.concurrent.ThreadPoolExecutor.runWorker(ThreadPoolExecutor.java:1142)
	at java.util.concurrent.ThreadPoolExecutor$Worker.run(ThreadPoolExecutor.java:617)
	at java.lang.Thread.run(Thread.java:745)
Exception in thread "QuorumConnectionThread-[myid=2]-9" java.lang.IllegalArgumentException: Cannot support TLS_ECDHE_ECDSA_WITH_AES_256_CBC_SHA384 with currently installed providers
	at sun.security.ssl.CipherSuiteList.<init>(CipherSuiteList.java:92)
	at sun.security.ssl.SSLSocketImpl.setEnabledCipherSuites(SSLSocketImpl.java:2419)
	at javax.net.ssl.SSLSocket.setSSLParameters(SSLSocket.java:650)
	at sun.security.ssl.SSLSocketImpl.setSSLParameters(SSLSocketImpl.java:2544)
	at org.apache.zookeeper.common.SSLContextAndOptions.configureSSLSocket(SSLContextAndOptions.java:125)
	at org.apache.zookeeper.common.SSLContextAndOptions.createSSLSocket(SSLContextAndOptions.java:80)
	at org.apache.zookeeper.common.X509Util.createSSLSocket(X509Util.java:517)
	at org.apache.zookeeper.server.quorum.QuorumCnxManager.initiateConnection(QuorumCnxManager.java:379)
	at org.apache.zookeeper.server.quorum.QuorumCnxManager$QuorumConnectionReqThread.run(QuorumCnxManager.java:458)
	at java.util.concurrent.ThreadPoolExecutor.runWorker(ThreadPoolExecutor.java:1142)
	at java.util.concurrent.ThreadPoolExecutor$Worker.run(ThreadPoolExecutor.java:617)
	at java.lang.Thread.run(Thread.java:745)
Exception in thread "QuorumConnectionThread-[myid=2]-10" java.lang.IllegalArgumentException: Cannot support TLS_ECDHE_ECDSA_WITH_AES_256_CBC_SHA384 with currently installed providers
	at sun.security.ssl.CipherSuiteList.<init>(CipherSuiteList.java:92)
	at sun.security.ssl.SSLSocketImpl.setEnabledCipherSuites(SSLSocketImpl.java:2419)
	at javax.net.ssl.SSLSocket.setSSLParameters(SSLSocket.java:650)
	at sun.security.ssl.SSLSocketImpl.setSSLParameters(SSLSocketImpl.java:2544)
	at org.apache.zookeeper.common.SSLContextAndOptions.configureSSLSocket(SSLContextAndOptions.java:125)
	at org.apache.zookeeper.common.SSLContextAndOptions.createSSLSocket(SSLContextAndOptions.java:80)
	at org.apache.zookeeper.common.X509Util.createSSLSocket(X509Util.java:517)
	at org.apache.zookeeper.server.quorum.QuorumCnxManager.initiateConnection(QuorumCnxManager.java:379)
	at org.apache.zookeeper.server.quorum.QuorumCnxManager$QuorumConnectionReqThread.run(QuorumCnxManager.java:458)
	at java.util.concurrent.ThreadPoolExecutor.runWorker(ThreadPoolExecutor.java:1142)
	at java.util.concurrent.ThreadPoolExecutor$Worker.run(ThreadPoolExecutor.java:617)
	at java.lang.Thread.run(Thread.java:745)
Exception in thread "QuorumConnectionThread-[myid=2]-11" java.lang.IllegalArgumentException: Cannot support TLS_ECDHE_ECDSA_WITH_AES_256_CBC_SHA384 with currently installed providers
	at sun.security.ssl.CipherSuiteList.<init>(CipherSuiteList.java:92)
	at sun.security.ssl.SSLSocketImpl.setEnabledCipherSuites(SSLSocketImpl.java:2419)
	at javax.net.ssl.SSLSocket.setSSLParameters(SSLSocket.java:650)
	at sun.security.ssl.SSLSocketImpl.setSSLParameters(SSLSocketImpl.java:2544)
	at org.apache.zookeeper.common.SSLContextAndOptions.configureSSLSocket(SSLContextAndOptions.java:125)
	at org.apache.zookeeper.common.SSLContextAndOptions.createSSLSocket(SSLContextAndOptions.java:80)
	at org.apache.zookeeper.common.X509Util.createSSLSocket(X509Util.java:517)
	at org.apache.zookeeper.server.quorum.QuorumCnxManager.initiateConnection(QuorumCnxManager.java:379)
	at org.apache.zookeeper.server.quorum.QuorumCnxManager$QuorumConnectionReqThread.run(QuorumCnxManager.java:458)
	at java.util.concurrent.ThreadPoolExecutor.runWorker(ThreadPoolExecutor.java:1142)
	at java.util.concurrent.ThreadPoolExecutor$Worker.run(ThreadPoolExecutor.java:617)
	at java.lang.Thread.run(Thread.java:745)
Exception in thread "QuorumConnectionThread-[myid=1]-11" java.lang.IllegalArgumentException: Cannot support TLS_ECDHE_ECDSA_WITH_AES_256_CBC_SHA384 with currently installed providers
	at sun.security.ssl.CipherSuiteList.<init>(CipherSuiteList.java:92)
	at sun.security.ssl.SSLSocketImpl.setEnabledCipherSuites(SSLSocketImpl.java:2419)
	at javax.net.ssl.SSLSocket.setSSLParameters(SSLSocket.java:650)
	at sun.security.ssl.SSLSocketImpl.setSSLParameters(SSLSocketImpl.java:2544)
	at org.apache.zookeeper.common.SSLContextAndOptions.configureSSLSocket(SSLContextAndOptions.java:125)
	at org.apache.zookeeper.common.SSLContextAndOptions.createSSLSocket(SSLContextAndOptions.java:80)
	at org.apache.zookeeper.common.X509Util.createSSLSocket(X509Util.java:517)
	at org.apache.zookeeper.server.quorum.QuorumCnxManager.initiateConnection(QuorumCnxManager.java:379)
	at org.apache.zookeeper.server.quorum.QuorumCnxManager$QuorumConnectionReqThread.run(QuorumCnxManager.java:458)
	at java.util.concurrent.ThreadPoolExecutor.runWorker(ThreadPoolExecutor.java:1142)
	at java.util.concurrent.ThreadPoolExecutor$Worker.run(ThreadPoolExecutor.java:617)
	at java.lang.Thread.run(Thread.java:745)
Exception in thread "QuorumConnectionThread-[myid=1]-10" java.lang.IllegalArgumentException: Cannot support TLS_ECDHE_ECDSA_WITH_AES_256_CBC_SHA384 with currently installed providers
	at sun.security.ssl.CipherSuiteList.<init>(CipherSuiteList.java:92)
	at sun.security.ssl.SSLSocketImpl.setEnabledCipherSuites(SSLSocketImpl.java:2419)
	at javax.net.ssl.SSLSocket.setSSLParameters(SSLSocket.java:650)
	at sun.security.ssl.SSLSocketImpl.setSSLParameters(SSLSocketImpl.java:2544)
	at org.apache.zookeeper.common.SSLContextAndOptions.configureSSLSocket(SSLContextAndOptions.java:125)
	at org.apache.zookeeper.common.SSLContextAndOptions.createSSLSocket(SSLContextAndOptions.java:80)
	at org.apache.zookeeper.common.X509Util.createSSLSocket(X509Util.java:517)
	at org.apache.zookeeper.server.quorum.QuorumCnxManager.initiateConnection(QuorumCnxManager.java:379)
	at org.apache.zookeeper.server.quorum.QuorumCnxManager$QuorumConnectionReqThread.run(QuorumCnxManager.java:458)
	at java.util.concurrent.ThreadPoolExecutor.runWorker(ThreadPoolExecutor.java:1142)
	at java.util.concurrent.ThreadPoolExecutor$Worker.run(ThreadPoolExecutor.java:617)
	at java.lang.Thread.run(Thread.java:745)
Exception in thread "QuorumConnectionThread-[myid=2]-13" java.lang.IllegalArgumentException: Cannot support TLS_ECDHE_ECDSA_WITH_AES_256_CBC_SHA384 with currently installed providers
	at sun.security.ssl.CipherSuiteList.<init>(CipherSuiteList.java:92)
	at sun.security.ssl.SSLSocketImpl.setEnabledCipherSuites(SSLSocketImpl.java:2419)
	at javax.net.ssl.SSLSocket.setSSLParameters(SSLSocket.java:650)
	at sun.security.ssl.SSLSocketImpl.setSSLParameters(SSLSocketImpl.java:2544)
	at org.apache.zookeeper.common.SSLContextAndOptions.configureSSLSocket(SSLContextAndOptions.java:125)
	at org.apache.zookeeper.common.SSLContextAndOptions.createSSLSocket(SSLContextAndOptions.java:80)
	at org.apache.zookeeper.common.X509Util.createSSLSocket(X509Util.java:517)
	at org.apache.zookeeper.server.quorum.QuorumCnxManager.initiateConnection(QuorumCnxManager.java:379)
	at org.apache.zookeeper.server.quorum.QuorumCnxManager$QuorumConnectionReqThread.run(QuorumCnxManager.java:458)
	at java.util.concurrent.ThreadPoolExecutor.runWorker(ThreadPoolExecutor.java:1142)
	at java.util.concurrent.ThreadPoolExecutor$Worker.run(ThreadPoolExecutor.java:617)
	at java.lang.Thread.run(Thread.java:745)
Exception in thread "QuorumConnectionThread-[myid=2]-12" java.lang.IllegalArgumentException: Cannot support TLS_ECDHE_ECDSA_WITH_AES_256_CBC_SHA384 with currently installed providers
	at sun.security.ssl.CipherSuiteList.<init>(CipherSuiteList.java:92)
	at sun.security.ssl.SSLSocketImpl.setEnabledCipherSuites(SSLSocketImpl.java:2419)
	at javax.net.ssl.SSLSocket.setSSLParameters(SSLSocket.java:650)
	at sun.security.ssl.SSLSocketImpl.setSSLParameters(SSLSocketImpl.java:2544)
	at org.apache.zookeeper.common.SSLContextAndOptions.configureSSLSocket(SSLContextAndOptions.java:125)
	at org.apache.zookeeper.common.SSLContextAndOptions.createSSLSocket(SSLContextAndOptions.java:80)
	at org.apache.zookeeper.common.X509Util.createSSLSocket(X509Util.java:517)
	at org.apache.zookeeper.server.quorum.QuorumCnxManager.initiateConnection(QuorumCnxManager.java:379)
	at org.apache.zookeeper.server.quorum.QuorumCnxManager$QuorumConnectionReqThread.run(QuorumCnxManager.java:458)
	at java.util.concurrent.ThreadPoolExecutor.runWorker(ThreadPoolExecutor.java:1142)
	at java.util.concurrent.ThreadPoolExecutor$Worker.run(ThreadPoolExecutor.java:617)
	at java.lang.Thread.run(Thread.java:745)
Exception in thread "QuorumConnectionThread-[myid=1]-12" java.lang.IllegalArgumentException: Cannot support TLS_ECDHE_ECDSA_WITH_AES_256_CBC_SHA384 with currently installed providers
	at sun.security.ssl.CipherSuiteList.<init>(CipherSuiteList.java:92)
	at sun.security.ssl.SSLSocketImpl.setEnabledCipherSuites(SSLSocketImpl.java:2419)
	at javax.net.ssl.SSLSocket.setSSLParameters(SSLSocket.java:650)
	at sun.security.ssl.SSLSocketImpl.setSSLParameters(SSLSocketImpl.java:2544)
	at org.apache.zookeeper.common.SSLContextAndOptions.configureSSLSocket(SSLContextAndOptions.java:125)
	at org.apache.zookeeper.common.SSLContextAndOptions.createSSLSocket(SSLContextAndOptions.java:80)
	at org.apache.zookeeper.common.X509Util.createSSLSocket(X509Util.java:517)
	at org.apache.zookeeper.server.quorum.QuorumCnxManager.initiateConnection(QuorumCnxManager.java:379)
	at org.apache.zookeeper.server.quorum.QuorumCnxManager$QuorumConnectionReqThread.run(QuorumCnxManager.java:458)
	at java.util.concurrent.ThreadPoolExecutor.runWorker(ThreadPoolExecutor.java:1142)
	at java.util.concurrent.ThreadPoolExecutor$Worker.run(ThreadPoolExecutor.java:617)
	at java.lang.Thread.run(Thread.java:745)
Exception in thread "QuorumConnectionThread-[myid=1]-13" java.lang.IllegalArgumentException: Cannot support TLS_ECDHE_ECDSA_WITH_AES_256_CBC_SHA384 with currently installed providers
	at sun.security.ssl.CipherSuiteList.<init>(CipherSuiteList.java:92)
	at sun.security.ssl.SSLSocketImpl.setEnabledCipherSuites(SSLSocketImpl.java:2419)
	at javax.net.ssl.SSLSocket.setSSLParameters(SSLSocket.java:650)
	at sun.security.ssl.SSLSocketImpl.setSSLParameters(SSLSocketImpl.java:2544)
	at org.apache.zookeeper.common.SSLContextAndOptions.configureSSLSocket(SSLContextAndOptions.java:125)
	at org.apache.zookeeper.common.SSLContextAndOptions.createSSLSocket(SSLContextAndOptions.java:80)
	at org.apache.zookeeper.common.X509Util.createSSLSocket(X509Util.java:517)
	at org.apache.zookeeper.server.quorum.QuorumCnxManager.initiateConnection(QuorumCnxManager.java:379)
	at org.apache.zookeeper.server.quorum.QuorumCnxManager$QuorumConnectionReqThread.run(QuorumCnxManager.java:458)
	at java.util.concurrent.ThreadPoolExecutor.runWorker(ThreadPoolExecutor.java:1142)
	at java.util.concurrent.ThreadPoolExecutor$Worker.run(ThreadPoolExecutor.java:617)
	at java.lang.Thread.run(Thread.java:745)
Exception in thread "QuorumConnectionThread-[myid=2]-15" java.lang.IllegalArgumentException: Cannot support TLS_ECDHE_ECDSA_WITH_AES_256_CBC_SHA384 with currently installed providers
	at sun.security.ssl.CipherSuiteList.<init>(CipherSuiteList.java:92)
	at sun.security.ssl.SSLSocketImpl.setEnabledCipherSuites(SSLSocketImpl.java:2419)
	at javax.net.ssl.SSLSocket.setSSLParameters(SSLSocket.java:650)
	at sun.security.ssl.SSLSocketImpl.setSSLParameters(SSLSocketImpl.java:2544)
	at org.apache.zookeeper.common.SSLContextAndOptions.configureSSLSocket(SSLContextAndOptions.java:125)
	at org.apache.zookeeper.common.SSLContextAndOptions.createSSLSocket(SSLContextAndOptions.java:80)
	at org.apache.zookeeper.common.X509Util.createSSLSocket(X509Util.java:517)
	at org.apache.zookeeper.server.quorum.QuorumCnxManager.initiateConnection(QuorumCnxManager.java:379)
	at org.apache.zookeeper.server.quorum.QuorumCnxManager$QuorumConnectionReqThread.run(QuorumCnxManager.java:458)
	at java.util.concurrent.ThreadPoolExecutor.runWorker(ThreadPoolExecutor.java:1142)
	at java.util.concurrent.ThreadPoolExecutor$Worker.run(ThreadPoolExecutor.java:617)
	at java.lang.Thread.run(Thread.java:745)
Exception in thread "QuorumConnectionThread-[myid=1]-15" java.lang.IllegalArgumentException: Cannot support TLS_ECDHE_ECDSA_WITH_AES_256_CBC_SHA384 with currently installed providers
	at sun.security.ssl.CipherSuiteList.<init>(CipherSuiteList.java:92)
	at sun.security.ssl.SSLSocketImpl.setEnabledCipherSuites(SSLSocketImpl.java:2419)
	at javax.net.ssl.SSLSocket.setSSLParameters(SSLSocket.java:650)
	at sun.security.ssl.SSLSocketImpl.setSSLParameters(SSLSocketImpl.java:2544)
	at org.apache.zookeeper.common.SSLContextAndOptions.configureSSLSocket(SSLContextAndOptions.java:125)
	at org.apache.zookeeper.common.SSLContextAndOptions.createSSLSocket(SSLContextAndOptions.java:80)
	at org.apache.zookeeper.common.X509Util.createSSLSocket(X509Util.java:517)
	at org.apache.zookeeper.server.quorum.QuorumCnxManager.initiateConnection(QuorumCnxManager.java:379)
	at org.apache.zookeeper.server.quorum.QuorumCnxManager$QuorumConnectionReqThread.run(QuorumCnxManager.java:458)
	at java.util.concurrent.ThreadPoolExecutor.runWorker(ThreadPoolExecutor.java:1142)
	at java.util.concurrent.ThreadPoolExecutor$Worker.run(ThreadPoolExecutor.java:617)
	at java.lang.Thread.run(Thread.java:745)
Exception in thread "QuorumConnectionThread-[myid=2]-14" java.lang.IllegalArgumentException: Cannot support TLS_ECDHE_ECDSA_WITH_AES_256_CBC_SHA384 with currently installed providers
	at sun.security.ssl.CipherSuiteList.<init>(CipherSuiteList.java:92)
	at sun.security.ssl.SSLSocketImpl.setEnabledCipherSuites(SSLSocketImpl.java:2419)
	at javax.net.ssl.SSLSocket.setSSLParameters(SSLSocket.java:650)
	at sun.security.ssl.SSLSocketImpl.setSSLParameters(SSLSocketImpl.java:2544)
	at org.apache.zookeeper.common.SSLContextAndOptions.configureSSLSocket(SSLContextAndOptions.java:125)
	at org.apache.zookeeper.common.SSLContextAndOptions.createSSLSocket(SSLContextAndOptions.java:80)
	at org.apache.zookeeper.common.X509Util.createSSLSocket(X509Util.java:517)
	at org.apache.zookeeper.server.quorum.QuorumCnxManager.initiateConnection(QuorumCnxManager.java:379)
	at org.apache.zookeeper.server.quorum.QuorumCnxManager$QuorumConnectionReqThread.run(QuorumCnxManager.java:458)
	at java.util.concurrent.ThreadPoolExecutor.runWorker(ThreadPoolExecutor.java:1142)
	at java.util.concurrent.ThreadPoolExecutor$Worker.run(ThreadPoolExecutor.java:617)
	at java.lang.Thread.run(Thread.java:745)
Exception in thread "QuorumConnectionThread-[myid=1]-14" java.lang.IllegalArgumentException: Cannot support TLS_ECDHE_ECDSA_WITH_AES_256_CBC_SHA384 with currently installed providers
	at sun.security.ssl.CipherSuiteList.<init>(CipherSuiteList.java:92)
	at sun.security.ssl.SSLSocketImpl.setEnabledCipherSuites(SSLSocketImpl.java:2419)
	at javax.net.ssl.SSLSocket.setSSLParameters(SSLSocket.java:650)
	at sun.security.ssl.SSLSocketImpl.setSSLParameters(SSLSocketImpl.java:2544)
	at org.apache.zookeeper.common.SSLContextAndOptions.configureSSLSocket(SSLContextAndOptions.java:125)
	at org.apache.zookeeper.common.SSLContextAndOptions.createSSLSocket(SSLContextAndOptions.java:80)
	at org.apache.zookeeper.common.X509Util.createSSLSocket(X509Util.java:517)
	at org.apache.zookeeper.server.quorum.QuorumCnxManager.initiateConnection(QuorumCnxManager.java:379)
	at org.apache.zookeeper.server.quorum.QuorumCnxManager$QuorumConnectionReqThread.run(QuorumCnxManager.java:458)
	at java.util.concurrent.ThreadPoolExecutor.runWorker(ThreadPoolExecutor.java:1142)
	at java.util.concurrent.ThreadPoolExecutor$Worker.run(ThreadPoolExecutor.java:617)
	at java.lang.Thread.run(Thread.java:745)
Exception in thread "QuorumConnectionThread-[myid=2]-16" java.lang.IllegalArgumentException: Cannot support TLS_ECDHE_ECDSA_WITH_AES_256_CBC_SHA384 with currently installed providers
	at sun.security.ssl.CipherSuiteList.<init>(CipherSuiteList.java:92)
	at sun.security.ssl.SSLSocketImpl.setEnabledCipherSuites(SSLSocketImpl.java:2419)
	at javax.net.ssl.SSLSocket.setSSLParameters(SSLSocket.java:650)
	at sun.security.ssl.SSLSocketImpl.setSSLParameters(SSLSocketImpl.java:2544)
	at org.apache.zookeeper.common.SSLContextAndOptions.configureSSLSocket(SSLContextAndOptions.java:125)
	at org.apache.zookeeper.common.SSLContextAndOptions.createSSLSocket(SSLContextAndOptions.java:80)
	at org.apache.zookeeper.common.X509Util.createSSLSocket(X509Util.java:517)
	at org.apache.zookeeper.server.quorum.QuorumCnxManager.initiateConnection(QuorumCnxManager.java:379)
	at org.apache.zookeeper.server.quorum.QuorumCnxManager$QuorumConnectionReqThread.run(QuorumCnxManager.java:458)
	at java.util.concurrent.ThreadPoolExecutor.runWorker(ThreadPoolExecutor.java:1142)
	at java.util.concurrent.ThreadPoolExecutor$Worker.run(ThreadPoolExecutor.java:617)
	at java.lang.Thread.run(Thread.java:745)
Exception in thread "QuorumConnectionThread-[myid=1]-17" java.lang.IllegalArgumentException: Cannot support TLS_ECDHE_ECDSA_WITH_AES_256_CBC_SHA384 with currently installed providers
	at sun.security.ssl.CipherSuiteList.<init>(CipherSuiteList.java:92)
	at sun.security.ssl.SSLSocketImpl.setEnabledCipherSuites(SSLSocketImpl.java:2419)
	at javax.net.ssl.SSLSocket.setSSLParameters(SSLSocket.java:650)
	at sun.security.ssl.SSLSocketImpl.setSSLParameters(SSLSocketImpl.java:2544)
	at org.apache.zookeeper.common.SSLContextAndOptions.configureSSLSocket(SSLContextAndOptions.java:125)
	at org.apache.zookeeper.common.SSLContextAndOptions.createSSLSocket(SSLContextAndOptions.java:80)
	at org.apache.zookeeper.common.X509Util.createSSLSocket(X509Util.java:517)
	at org.apache.zookeeper.server.quorum.QuorumCnxManager.initiateConnection(QuorumCnxManager.java:379)
	at org.apache.zookeeper.server.quorum.QuorumCnxManager$QuorumConnectionReqThread.run(QuorumCnxManager.java:458)
	at java.util.concurrent.ThreadPoolExecutor.runWorker(ThreadPoolExecutor.java:1142)
	at java.util.concurrent.ThreadPoolExecutor$Worker.run(ThreadPoolExecutor.java:617)
	at java.lang.Thread.run(Thread.java:745)
Exception in thread "QuorumConnectionThread-[myid=2]-17" java.lang.IllegalArgumentException: Cannot support TLS_ECDHE_ECDSA_WITH_AES_256_CBC_SHA384 with currently installed providers
	at sun.security.ssl.CipherSuiteList.<init>(CipherSuiteList.java:92)
	at sun.security.ssl.SSLSocketImpl.setEnabledCipherSuites(SSLSocketImpl.java:2419)
	at javax.net.ssl.SSLSocket.setSSLParameters(SSLSocket.java:650)
	at sun.security.ssl.SSLSocketImpl.setSSLParameters(SSLSocketImpl.java:2544)
	at org.apache.zookeeper.common.SSLContextAndOptions.configureSSLSocket(SSLContextAndOptions.java:125)
	at org.apache.zookeeper.common.SSLContextAndOptions.createSSLSocket(SSLContextAndOptions.java:80)
	at org.apache.zookeeper.common.X509Util.createSSLSocket(X509Util.java:517)
	at org.apache.zookeeper.server.quorum.QuorumCnxManager.initiateConnection(QuorumCnxManager.java:379)
	at org.apache.zookeeper.server.quorum.QuorumCnxManager$QuorumConnectionReqThread.run(QuorumCnxManager.java:458)
	at java.util.concurrent.ThreadPoolExecutor.runWorker(ThreadPoolExecutor.java:1142)
	at java.util.concurrent.ThreadPoolExecutor$Worker.run(ThreadPoolExecutor.java:617)
	at java.lang.Thread.run(Thread.java:745)
Exception in thread "QuorumConnectionThread-[myid=1]-16" java.lang.IllegalArgumentException: Cannot support TLS_ECDHE_ECDSA_WITH_AES_256_CBC_SHA384 with currently installed providers
	at sun.security.ssl.CipherSuiteList.<init>(CipherSuiteList.java:92)
	at sun.security.ssl.SSLSocketImpl.setEnabledCipherSuites(SSLSocketImpl.java:2419)
	at javax.net.ssl.SSLSocket.setSSLParameters(SSLSocket.java:650)
	at sun.security.ssl.SSLSocketImpl.setSSLParameters(SSLSocketImpl.java:2544)
	at org.apache.zookeeper.common.SSLContextAndOptions.configureSSLSocket(SSLContextAndOptions.java:125)
	at org.apache.zookeeper.common.SSLContextAndOptions.createSSLSocket(SSLContextAndOptions.java:80)
	at org.apache.zookeeper.common.X509Util.createSSLSocket(X509Util.java:517)
	at org.apache.zookeeper.server.quorum.QuorumCnxManager.initiateConnection(QuorumCnxManager.java:379)
	at org.apache.zookeeper.server.quorum.QuorumCnxManager$QuorumConnectionReqThread.run(QuorumCnxManager.java:458)
	at java.util.concurrent.ThreadPoolExecutor.runWorker(ThreadPoolExecutor.java:1142)
	at java.util.concurrent.ThreadPoolExecutor$Worker.run(ThreadPoolExecutor.java:617)
	at java.lang.Thread.run(Thread.java:745)
]]></system-err>
  </testcase>
  <testcase name="testRollingUpgrade" classname="org.apache.zookeeper.server.quorum.QuorumSSLTest" time="52.443">
    <failure message="expected: &lt;true&gt; but was: &lt;false&gt;" type="org.opentest4j.AssertionFailedError"><![CDATA[org.opentest4j.AssertionFailedError: expected: <true> but was: <false>
	at org.apache.zookeeper.server.quorum.QuorumSSLTest.stopAppendConfigRestartAll(QuorumSSLTest.java:548)
	at org.apache.zookeeper.server.quorum.QuorumSSLTest.testRollingUpgrade(QuorumSSLTest.java:529)
]]></failure>
    <system-out><![CDATA[2021-11-08 11:12:28,419 [myid:] - INFO  [main:ZKTestCase@77] - STARTING Optional[public void org.apache.zookeeper.server.quorum.QuorumSSLTest.testRollingUpgrade() throws java.lang.Exception]
2021-11-08 11:12:28,424 [myid:] - INFO  [main:PortAssignment@87] - Assigned port 30092 from range 30072 - 32764.
2021-11-08 11:12:28,425 [myid:] - INFO  [main:PortAssignment@87] - Assigned port 30093 from range 30072 - 32764.
2021-11-08 11:12:28,425 [myid:] - INFO  [main:PortAssignment@87] - Assigned port 30094 from range 30072 - 32764.
2021-11-08 11:12:28,425 [myid:] - INFO  [main:PortAssignment@87] - Assigned port 30095 from range 30072 - 32764.
2021-11-08 11:12:28,425 [myid:] - INFO  [main:PortAssignment@87] - Assigned port 30096 from range 30072 - 32764.
2021-11-08 11:12:28,425 [myid:] - INFO  [main:PortAssignment@87] - Assigned port 30097 from range 30072 - 32764.
2021-11-08 11:12:28,426 [myid:] - INFO  [main:PortAssignment@87] - Assigned port 30098 from range 30072 - 32764.
2021-11-08 11:12:28,426 [myid:] - INFO  [main:PortAssignment@87] - Assigned port 30099 from range 30072 - 32764.
2021-11-08 11:12:28,426 [myid:] - INFO  [main:PortAssignment@87] - Assigned port 30100 from range 30072 - 32764.
2021-11-08 11:12:28,848 [myid:2] - INFO  [WorkerReceiver[myid=2]:FastLeaderElection$Messenger$WorkerReceiver@472] - WorkerReceiver is down
2021-11-08 11:12:28,848 [myid:2] - INFO  [WorkerSender[myid=2]:FastLeaderElection$Messenger$WorkerSender@506] - WorkerSender is down
2021-11-08 11:12:28,848 [myid:1] - INFO  [WorkerSender[myid=1]:FastLeaderElection$Messenger$WorkerSender@506] - WorkerSender is down
2021-11-08 11:12:28,848 [myid:1] - INFO  [WorkerReceiver[myid=1]:FastLeaderElection$Messenger$WorkerReceiver@472] - WorkerReceiver is down
2021-11-08 11:12:39,376 [myid:] - INFO  [main:QuorumPeerTestBase$MainThread@122] - id = 1 tmpDir = D:\mysoft\faiscoGit\myStudy\ZooKeeperLearning\apache-zookeeper-3.7.0\zookeeper-server\target\surefire\test2822455436040318635.junit.dir clientPort = 30092
2021-11-08 11:12:39,378 [myid:] - INFO  [main:QuorumPeerTestBase$MainThread@122] - id = 2 tmpDir = D:\mysoft\faiscoGit\myStudy\ZooKeeperLearning\apache-zookeeper-3.7.0\zookeeper-server\target\surefire\test976708077175686539.junit.dir clientPort = 30093
2021-11-08 11:12:39,380 [myid:] - INFO  [main:QuorumPeerTestBase$MainThread@122] - id = 3 tmpDir = D:\mysoft\faiscoGit\myStudy\ZooKeeperLearning\apache-zookeeper-3.7.0\zookeeper-server\target\surefire\test6592602958150419203.junit.dir clientPort = 30094
2021-11-08 11:12:39,381 [myid:] - INFO  [main:FourLetterWordMain@94] - connecting to 127.0.0.1 30092
2021-11-08 11:12:39,381 [myid:] - INFO  [Thread-8:QuorumPeerConfig@174] - Reading configuration from: D:\mysoft\faiscoGit\myStudy\ZooKeeperLearning\apache-zookeeper-3.7.0\zookeeper-server\target\surefire\test2822455436040318635.junit.dir\zoo.cfg
2021-11-08 11:12:39,381 [myid:] - INFO  [Thread-10:QuorumPeerConfig@174] - Reading configuration from: D:\mysoft\faiscoGit\myStudy\ZooKeeperLearning\apache-zookeeper-3.7.0\zookeeper-server\target\surefire\test6592602958150419203.junit.dir\zoo.cfg
2021-11-08 11:12:39,381 [myid:] - INFO  [Thread-9:QuorumPeerConfig@174] - Reading configuration from: D:\mysoft\faiscoGit\myStudy\ZooKeeperLearning\apache-zookeeper-3.7.0\zookeeper-server\target\surefire\test976708077175686539.junit.dir\zoo.cfg
2021-11-08 11:12:39,382 [myid:] - INFO  [Thread-10:QuorumPeerConfig@444] - clientPortAddress is 0.0.0.0:30094
2021-11-08 11:12:39,382 [myid:] - INFO  [Thread-10:QuorumPeerConfig@448] - secureClientPort is not set
2021-11-08 11:12:39,382 [myid:] - INFO  [Thread-10:QuorumPeerConfig@464] - observerMasterPort is not set
2021-11-08 11:12:39,382 [myid:] - INFO  [Thread-10:QuorumPeerConfig@481] - metricsProvider.className is org.apache.zookeeper.metrics.impl.DefaultMetricsProvider
2021-11-08 11:12:39,382 [myid:] - INFO  [Thread-8:QuorumPeerConfig@444] - clientPortAddress is 0.0.0.0:30092
2021-11-08 11:12:39,382 [myid:] - INFO  [Thread-8:QuorumPeerConfig@448] - secureClientPort is not set
2021-11-08 11:12:39,382 [myid:] - INFO  [Thread-8:QuorumPeerConfig@464] - observerMasterPort is not set
2021-11-08 11:12:39,382 [myid:] - INFO  [Thread-8:QuorumPeerConfig@481] - metricsProvider.className is org.apache.zookeeper.metrics.impl.DefaultMetricsProvider
2021-11-08 11:12:39,382 [myid:] - INFO  [Thread-9:QuorumPeerConfig@444] - clientPortAddress is 0.0.0.0:30093
2021-11-08 11:12:39,382 [myid:] - INFO  [Thread-9:QuorumPeerConfig@448] - secureClientPort is not set
2021-11-08 11:12:39,382 [myid:] - INFO  [Thread-9:QuorumPeerConfig@464] - observerMasterPort is not set
2021-11-08 11:12:39,382 [myid:1] - INFO  [Thread-8:DatadirCleanupManager@78] - autopurge.snapRetainCount set to 3
2021-11-08 11:12:39,382 [myid:3] - INFO  [Thread-10:DatadirCleanupManager@78] - autopurge.snapRetainCount set to 3
2021-11-08 11:12:39,382 [myid:3] - INFO  [Thread-10:DatadirCleanupManager@79] - autopurge.purgeInterval set to 0
2021-11-08 11:12:39,382 [myid:3] - INFO  [Thread-10:DatadirCleanupManager@101] - Purge task is not scheduled.
2021-11-08 11:12:39,382 [myid:1] - INFO  [Thread-8:DatadirCleanupManager@79] - autopurge.purgeInterval set to 0
2021-11-08 11:12:39,382 [myid:] - INFO  [Thread-9:QuorumPeerConfig@481] - metricsProvider.className is org.apache.zookeeper.metrics.impl.DefaultMetricsProvider
2021-11-08 11:12:39,382 [myid:1] - INFO  [Thread-8:DatadirCleanupManager@101] - Purge task is not scheduled.
2021-11-08 11:12:39,382 [myid:1] - INFO  [Thread-8:ManagedUtil@44] - Log4j 1.2 jmx support found and enabled.
2021-11-08 11:12:39,382 [myid:3] - INFO  [Thread-10:ManagedUtil@44] - Log4j 1.2 jmx support found and enabled.
2021-11-08 11:12:39,383 [myid:2] - INFO  [Thread-9:DatadirCleanupManager@78] - autopurge.snapRetainCount set to 3
2021-11-08 11:12:39,383 [myid:2] - INFO  [Thread-9:DatadirCleanupManager@79] - autopurge.purgeInterval set to 0
2021-11-08 11:12:39,383 [myid:2] - INFO  [Thread-9:DatadirCleanupManager@101] - Purge task is not scheduled.
2021-11-08 11:12:39,383 [myid:1] - ERROR [Thread-8:ManagedUtil@109] - Problems while registering log4j 1.2 jmx beans!
javax.management.InstanceAlreadyExistsException: log4j:hierarchy=default
	at com.sun.jmx.mbeanserver.Repository.addMBean(Repository.java:437)
	at com.sun.jmx.interceptor.DefaultMBeanServerInterceptor.registerWithRepository(DefaultMBeanServerInterceptor.java:1898)
	at com.sun.jmx.interceptor.DefaultMBeanServerInterceptor.registerDynamicMBean(DefaultMBeanServerInterceptor.java:966)
	at com.sun.jmx.interceptor.DefaultMBeanServerInterceptor.registerObject(DefaultMBeanServerInterceptor.java:900)
	at com.sun.jmx.interceptor.DefaultMBeanServerInterceptor.registerMBean(DefaultMBeanServerInterceptor.java:324)
	at com.sun.jmx.mbeanserver.JmxMBeanServer.registerMBean(JmxMBeanServer.java:522)
	at org.apache.zookeeper.jmx.ManagedUtil.registerLog4jMBeans(ManagedUtil.java:72)
	at org.apache.zookeeper.server.quorum.QuorumPeerMain.runFromConfig(QuorumPeerMain.java:147)
	at org.apache.zookeeper.server.quorum.QuorumPeerMain.initializeAndRun(QuorumPeerMain.java:137)
	at org.apache.zookeeper.server.quorum.QuorumPeerTestBase$MainThread.run(QuorumPeerTestBase.java:329)
	at java.lang.Thread.run(Thread.java:745)
2021-11-08 11:12:39,383 [myid:1] - WARN  [Thread-8:QuorumPeerMain@149] - Unable to register log4j JMX control
javax.management.JMException: javax.management.InstanceAlreadyExistsException: log4j:hierarchy=default
	at org.apache.zookeeper.jmx.ManagedUtil.registerLog4jMBeans(ManagedUtil.java:110)
	at org.apache.zookeeper.server.quorum.QuorumPeerMain.runFromConfig(QuorumPeerMain.java:147)
	at org.apache.zookeeper.server.quorum.QuorumPeerMain.initializeAndRun(QuorumPeerMain.java:137)
	at org.apache.zookeeper.server.quorum.QuorumPeerTestBase$MainThread.run(QuorumPeerTestBase.java:329)
	at java.lang.Thread.run(Thread.java:745)
2021-11-08 11:12:39,383 [myid:1] - INFO  [Thread-8:QuorumPeerMain@152] - Starting quorum peer, myid=1
2021-11-08 11:12:39,383 [myid:1] - INFO  [Thread-8:ServerMetrics@62] - ServerMetrics initialized with provider org.apache.zookeeper.metrics.impl.DefaultMetricsProvider@5c537b3
2021-11-08 11:12:39,383 [myid:2] - INFO  [Thread-9:ManagedUtil@44] - Log4j 1.2 jmx support found and enabled.
2021-11-08 11:12:39,383 [myid:1] - INFO  [Thread-8:DigestAuthenticationProvider@61] - zookeeper.DigestAuthenticationProvider.enabled = true
2021-11-08 11:12:39,383 [myid:3] - ERROR [Thread-10:ManagedUtil@109] - Problems while registering log4j 1.2 jmx beans!
javax.management.InstanceAlreadyExistsException: log4j:hierarchy=default
	at com.sun.jmx.mbeanserver.Repository.addMBean(Repository.java:437)
	at com.sun.jmx.interceptor.DefaultMBeanServerInterceptor.registerWithRepository(DefaultMBeanServerInterceptor.java:1898)
	at com.sun.jmx.interceptor.DefaultMBeanServerInterceptor.registerDynamicMBean(DefaultMBeanServerInterceptor.java:966)
	at com.sun.jmx.interceptor.DefaultMBeanServerInterceptor.registerObject(DefaultMBeanServerInterceptor.java:900)
	at com.sun.jmx.interceptor.DefaultMBeanServerInterceptor.registerMBean(DefaultMBeanServerInterceptor.java:324)
	at com.sun.jmx.mbeanserver.JmxMBeanServer.registerMBean(JmxMBeanServer.java:522)
	at org.apache.zookeeper.jmx.ManagedUtil.registerLog4jMBeans(ManagedUtil.java:72)
	at org.apache.zookeeper.server.quorum.QuorumPeerMain.runFromConfig(QuorumPeerMain.java:147)
	at org.apache.zookeeper.server.quorum.QuorumPeerMain.initializeAndRun(QuorumPeerMain.java:137)
	at org.apache.zookeeper.server.quorum.QuorumPeerTestBase$MainThread.run(QuorumPeerTestBase.java:329)
	at java.lang.Thread.run(Thread.java:745)
2021-11-08 11:12:39,383 [myid:3] - WARN  [Thread-10:QuorumPeerMain@149] - Unable to register log4j JMX control
javax.management.JMException: javax.management.InstanceAlreadyExistsException: log4j:hierarchy=default
	at org.apache.zookeeper.jmx.ManagedUtil.registerLog4jMBeans(ManagedUtil.java:110)
	at org.apache.zookeeper.server.quorum.QuorumPeerMain.runFromConfig(QuorumPeerMain.java:147)
	at org.apache.zookeeper.server.quorum.QuorumPeerMain.initializeAndRun(QuorumPeerMain.java:137)
	at org.apache.zookeeper.server.quorum.QuorumPeerTestBase$MainThread.run(QuorumPeerTestBase.java:329)
	at java.lang.Thread.run(Thread.java:745)
2021-11-08 11:12:39,383 [myid:3] - INFO  [Thread-10:QuorumPeerMain@152] - Starting quorum peer, myid=3
2021-11-08 11:12:39,383 [myid:1] - INFO  [Thread-8:NettyServerCnxnFactory@507] - zookeeper.client.portUnification=false
2021-11-08 11:12:39,384 [myid:1] - INFO  [Thread-8:NettyServerCnxnFactory@519] - zookeeper.netty.advancedFlowControl.enabled = false
2021-11-08 11:12:39,384 [myid:1] - INFO  [Thread-8:NettyServerCnxnFactory@106] - handshakeThrottlingEnabled = false, zookeeper.netty.server.outstandingHandshake.limit = -1
2021-11-08 11:12:39,383 [myid:2] - ERROR [Thread-9:ManagedUtil@109] - Problems while registering log4j 1.2 jmx beans!
javax.management.InstanceAlreadyExistsException: log4j:hierarchy=default
	at com.sun.jmx.mbeanserver.Repository.addMBean(Repository.java:437)
	at com.sun.jmx.interceptor.DefaultMBeanServerInterceptor.registerWithRepository(DefaultMBeanServerInterceptor.java:1898)
	at com.sun.jmx.interceptor.DefaultMBeanServerInterceptor.registerDynamicMBean(DefaultMBeanServerInterceptor.java:966)
	at com.sun.jmx.interceptor.DefaultMBeanServerInterceptor.registerObject(DefaultMBeanServerInterceptor.java:900)
	at com.sun.jmx.interceptor.DefaultMBeanServerInterceptor.registerMBean(DefaultMBeanServerInterceptor.java:324)
	at com.sun.jmx.mbeanserver.JmxMBeanServer.registerMBean(JmxMBeanServer.java:522)
	at org.apache.zookeeper.jmx.ManagedUtil.registerLog4jMBeans(ManagedUtil.java:72)
	at org.apache.zookeeper.server.quorum.QuorumPeerMain.runFromConfig(QuorumPeerMain.java:147)
	at org.apache.zookeeper.server.quorum.QuorumPeerMain.initializeAndRun(QuorumPeerMain.java:137)
	at org.apache.zookeeper.server.quorum.QuorumPeerTestBase$MainThread.run(QuorumPeerTestBase.java:329)
	at java.lang.Thread.run(Thread.java:745)
2021-11-08 11:12:39,384 [myid:2] - WARN  [Thread-9:QuorumPeerMain@149] - Unable to register log4j JMX control
javax.management.JMException: javax.management.InstanceAlreadyExistsException: log4j:hierarchy=default
	at org.apache.zookeeper.jmx.ManagedUtil.registerLog4jMBeans(ManagedUtil.java:110)
	at org.apache.zookeeper.server.quorum.QuorumPeerMain.runFromConfig(QuorumPeerMain.java:147)
	at org.apache.zookeeper.server.quorum.QuorumPeerMain.initializeAndRun(QuorumPeerMain.java:137)
	at org.apache.zookeeper.server.quorum.QuorumPeerTestBase$MainThread.run(QuorumPeerTestBase.java:329)
	at java.lang.Thread.run(Thread.java:745)
2021-11-08 11:12:39,384 [myid:2] - INFO  [Thread-9:QuorumPeerMain@152] - Starting quorum peer, myid=2
2021-11-08 11:12:39,384 [myid:2] - INFO  [Thread-9:ServerMetrics@62] - ServerMetrics initialized with provider org.apache.zookeeper.metrics.impl.DefaultMetricsProvider@272af60b
2021-11-08 11:12:39,384 [myid:2] - INFO  [Thread-9:DigestAuthenticationProvider@61] - zookeeper.DigestAuthenticationProvider.enabled = true
2021-11-08 11:12:39,384 [myid:3] - INFO  [Thread-10:ServerMetrics@62] - ServerMetrics initialized with provider org.apache.zookeeper.metrics.impl.DefaultMetricsProvider@37aab1bf
2021-11-08 11:12:39,385 [myid:3] - INFO  [Thread-10:DigestAuthenticationProvider@61] - zookeeper.DigestAuthenticationProvider.enabled = true
2021-11-08 11:12:39,385 [myid:3] - INFO  [Thread-10:NettyServerCnxnFactory@507] - zookeeper.client.portUnification=false
2021-11-08 11:12:39,385 [myid:3] - INFO  [Thread-10:NettyServerCnxnFactory@519] - zookeeper.netty.advancedFlowControl.enabled = false
2021-11-08 11:12:39,385 [myid:3] - INFO  [Thread-10:NettyServerCnxnFactory@106] - handshakeThrottlingEnabled = false, zookeeper.netty.server.outstandingHandshake.limit = -1
2021-11-08 11:12:39,385 [myid:2] - INFO  [Thread-9:NettyServerCnxnFactory@507] - zookeeper.client.portUnification=false
2021-11-08 11:12:39,385 [myid:2] - INFO  [Thread-9:NettyServerCnxnFactory@519] - zookeeper.netty.advancedFlowControl.enabled = false
2021-11-08 11:12:39,385 [myid:2] - INFO  [Thread-9:NettyServerCnxnFactory@106] - handshakeThrottlingEnabled = false, zookeeper.netty.server.outstandingHandshake.limit = -1
2021-11-08 11:12:39,865 [myid:3] - INFO  [Thread-10:ServerCnxnFactory@169] - Using org.apache.zookeeper.server.NettyServerCnxnFactory as server connection factory
2021-11-08 11:12:39,865 [myid:3] - WARN  [Thread-10:ServerCnxnFactory@309] - maxCnxns is not configured, using default value 0.
2021-11-08 11:12:39,865 [myid:3] - INFO  [Thread-10:NettyServerCnxnFactory@606] - configure org.apache.zookeeper.server.NettyServerCnxnFactory@43c394f6 secure: false on addr /0.0.0.0:30094
2021-11-08 11:12:39,865 [myid:3] - INFO  [Thread-10:FileTxnSnapLog@124] - zookeeper.snapshot.trust.empty : false
2021-11-08 11:12:39,865 [myid:3] - INFO  [Thread-10:QuorumPeer@1742] - Local sessions disabled
2021-11-08 11:12:39,865 [myid:3] - INFO  [Thread-10:QuorumPeer@1753] - Local session upgrading disabled
2021-11-08 11:12:39,865 [myid:3] - INFO  [Thread-10:QuorumPeer@1720] - tickTime set to 4000
2021-11-08 11:12:39,865 [myid:3] - INFO  [Thread-10:QuorumPeer@1764] - minSessionTimeout set to 8000
2021-11-08 11:12:39,865 [myid:3] - INFO  [Thread-10:QuorumPeer@1775] - maxSessionTimeout set to 80000
2021-11-08 11:12:39,865 [myid:3] - INFO  [Thread-10:QuorumPeer@1800] - initLimit set to 10
2021-11-08 11:12:39,865 [myid:3] - INFO  [Thread-10:QuorumPeer@1987] - syncLimit set to 5
2021-11-08 11:12:39,865 [myid:3] - INFO  [Thread-10:QuorumPeer@2002] - connectToLearnerMasterLimit set to 5
2021-11-08 11:12:39,865 [myid:3] - INFO  [Thread-10:WatchManagerFactory@42] - Using org.apache.zookeeper.server.watch.WatchManager as watch manager
2021-11-08 11:12:39,865 [myid:3] - INFO  [Thread-10:WatchManagerFactory@42] - Using org.apache.zookeeper.server.watch.WatchManager as watch manager
2021-11-08 11:12:39,865 [myid:3] - INFO  [Thread-10:ZKDatabase@133] - zookeeper.snapshotSizeFactor = 0.33
2021-11-08 11:12:39,865 [myid:3] - INFO  [Thread-10:ZKDatabase@153] - zookeeper.commitLogCount=500
2021-11-08 11:12:39,866 [myid:3] - INFO  [Thread-10:QuorumPeer@2066] - Using insecure (non-TLS) quorum communication
2021-11-08 11:12:39,866 [myid:3] - INFO  [Thread-10:QuorumPeer@2072] - Port unification disabled
2021-11-08 11:12:39,866 [myid:3] - INFO  [Thread-10:QuorumPeer@179] - multiAddress.enabled set to false
2021-11-08 11:12:39,866 [myid:3] - INFO  [Thread-10:QuorumPeer@204] - multiAddress.reachabilityCheckEnabled set to true
2021-11-08 11:12:39,866 [myid:3] - INFO  [Thread-10:QuorumPeer@191] - multiAddress.reachabilityCheckTimeoutMs set to 1000
2021-11-08 11:12:39,866 [myid:3] - INFO  [Thread-10:QuorumPeer@2527] - QuorumPeer communication is not secured! (SASL auth disabled)
2021-11-08 11:12:39,866 [myid:3] - INFO  [Thread-10:QuorumPeer@2552] - quorum.cnxn.threads.size set to 20
2021-11-08 11:12:39,867 [myid:3] - INFO  [Thread-10:FileTxnSnapLog@479] - Snapshotting: 0x0 to D:\mysoft\faiscoGit\myStudy\ZooKeeperLearning\apache-zookeeper-3.7.0\zookeeper-server\target\surefire\test6592602958150419203.junit.dir\data\version-2\snapshot.0
2021-11-08 11:12:39,867 [myid:3] - INFO  [Thread-10:ZKDatabase@290] - Snapshot loaded in 1 ms, highest zxid is 0x0, digest is 1371985504
2021-11-08 11:12:39,867 [myid:3] - INFO  [Thread-10:QuorumPeer@1157] - currentEpoch not found! Creating with a reasonable default of 0. This should only happen when you are upgrading your installation
2021-11-08 11:12:39,870 [myid:1] - INFO  [Thread-8:ServerCnxnFactory@169] - Using org.apache.zookeeper.server.NettyServerCnxnFactory as server connection factory
2021-11-08 11:12:39,870 [myid:1] - WARN  [Thread-8:ServerCnxnFactory@309] - maxCnxns is not configured, using default value 0.
2021-11-08 11:12:39,870 [myid:1] - INFO  [Thread-8:NettyServerCnxnFactory@606] - configure org.apache.zookeeper.server.NettyServerCnxnFactory@6d905a1c secure: false on addr /0.0.0.0:30092
2021-11-08 11:12:39,870 [myid:1] - INFO  [Thread-8:FileTxnSnapLog@124] - zookeeper.snapshot.trust.empty : false
2021-11-08 11:12:39,872 [myid:1] - INFO  [Thread-8:QuorumPeer@1742] - Local sessions disabled
2021-11-08 11:12:39,872 [myid:1] - INFO  [Thread-8:QuorumPeer@1753] - Local session upgrading disabled
2021-11-08 11:12:39,872 [myid:1] - INFO  [Thread-8:QuorumPeer@1720] - tickTime set to 4000
2021-11-08 11:12:39,872 [myid:1] - INFO  [Thread-8:QuorumPeer@1764] - minSessionTimeout set to 8000
2021-11-08 11:12:39,872 [myid:1] - INFO  [Thread-8:QuorumPeer@1775] - maxSessionTimeout set to 80000
2021-11-08 11:12:39,872 [myid:1] - INFO  [Thread-8:QuorumPeer@1800] - initLimit set to 10
2021-11-08 11:12:39,872 [myid:1] - INFO  [Thread-8:QuorumPeer@1987] - syncLimit set to 5
2021-11-08 11:12:39,872 [myid:1] - INFO  [Thread-8:QuorumPeer@2002] - connectToLearnerMasterLimit set to 5
2021-11-08 11:12:39,872 [myid:1] - INFO  [Thread-8:WatchManagerFactory@42] - Using org.apache.zookeeper.server.watch.WatchManager as watch manager
2021-11-08 11:12:39,872 [myid:1] - INFO  [Thread-8:WatchManagerFactory@42] - Using org.apache.zookeeper.server.watch.WatchManager as watch manager
2021-11-08 11:12:39,872 [myid:1] - INFO  [Thread-8:ZKDatabase@133] - zookeeper.snapshotSizeFactor = 0.33
2021-11-08 11:12:39,872 [myid:2] - INFO  [Thread-9:ServerCnxnFactory@169] - Using org.apache.zookeeper.server.NettyServerCnxnFactory as server connection factory
2021-11-08 11:12:39,872 [myid:1] - INFO  [Thread-8:ZKDatabase@153] - zookeeper.commitLogCount=500
2021-11-08 11:12:39,872 [myid:2] - WARN  [Thread-9:ServerCnxnFactory@309] - maxCnxns is not configured, using default value 0.
2021-11-08 11:12:39,872 [myid:2] - INFO  [Thread-9:NettyServerCnxnFactory@606] - configure org.apache.zookeeper.server.NettyServerCnxnFactory@5a37935e secure: false on addr /0.0.0.0:30093
2021-11-08 11:12:39,872 [myid:2] - INFO  [Thread-9:FileTxnSnapLog@124] - zookeeper.snapshot.trust.empty : false
2021-11-08 11:12:39,872 [myid:1] - INFO  [Thread-8:QuorumPeer@2066] - Using insecure (non-TLS) quorum communication
2021-11-08 11:12:39,872 [myid:1] - INFO  [Thread-8:QuorumPeer@2072] - Port unification disabled
2021-11-08 11:12:39,872 [myid:1] - INFO  [Thread-8:QuorumPeer@179] - multiAddress.enabled set to false
2021-11-08 11:12:39,873 [myid:1] - INFO  [Thread-8:QuorumPeer@204] - multiAddress.reachabilityCheckEnabled set to true
2021-11-08 11:12:39,873 [myid:1] - INFO  [Thread-8:QuorumPeer@191] - multiAddress.reachabilityCheckTimeoutMs set to 1000
2021-11-08 11:12:39,873 [myid:1] - INFO  [Thread-8:QuorumPeer@2527] - QuorumPeer communication is not secured! (SASL auth disabled)
2021-11-08 11:12:39,873 [myid:1] - INFO  [Thread-8:QuorumPeer@2552] - quorum.cnxn.threads.size set to 20
2021-11-08 11:12:39,873 [myid:2] - INFO  [Thread-9:QuorumPeer@1742] - Local sessions disabled
2021-11-08 11:12:39,873 [myid:2] - INFO  [Thread-9:QuorumPeer@1753] - Local session upgrading disabled
2021-11-08 11:12:39,873 [myid:2] - INFO  [Thread-9:QuorumPeer@1720] - tickTime set to 4000
2021-11-08 11:12:39,873 [myid:2] - INFO  [Thread-9:QuorumPeer@1764] - minSessionTimeout set to 8000
2021-11-08 11:12:39,873 [myid:2] - INFO  [Thread-9:QuorumPeer@1775] - maxSessionTimeout set to 80000
2021-11-08 11:12:39,873 [myid:2] - INFO  [Thread-9:QuorumPeer@1800] - initLimit set to 10
2021-11-08 11:12:39,873 [myid:2] - INFO  [Thread-9:QuorumPeer@1987] - syncLimit set to 5
2021-11-08 11:12:39,873 [myid:2] - INFO  [Thread-9:QuorumPeer@2002] - connectToLearnerMasterLimit set to 5
2021-11-08 11:12:39,873 [myid:2] - INFO  [Thread-9:WatchManagerFactory@42] - Using org.apache.zookeeper.server.watch.WatchManager as watch manager
2021-11-08 11:12:39,873 [myid:1] - INFO  [Thread-8:FileTxnSnapLog@479] - Snapshotting: 0x0 to D:\mysoft\faiscoGit\myStudy\ZooKeeperLearning\apache-zookeeper-3.7.0\zookeeper-server\target\surefire\test2822455436040318635.junit.dir\data\version-2\snapshot.0
2021-11-08 11:12:39,873 [myid:2] - INFO  [Thread-9:WatchManagerFactory@42] - Using org.apache.zookeeper.server.watch.WatchManager as watch manager
2021-11-08 11:12:39,873 [myid:2] - INFO  [Thread-9:ZKDatabase@133] - zookeeper.snapshotSizeFactor = 0.33
2021-11-08 11:12:39,873 [myid:2] - INFO  [Thread-9:ZKDatabase@153] - zookeeper.commitLogCount=500
2021-11-08 11:12:39,873 [myid:2] - INFO  [Thread-9:QuorumPeer@2066] - Using insecure (non-TLS) quorum communication
2021-11-08 11:12:39,873 [myid:1] - INFO  [Thread-8:ZKDatabase@290] - Snapshot loaded in 0 ms, highest zxid is 0x0, digest is 1371985504
2021-11-08 11:12:39,873 [myid:2] - INFO  [Thread-9:QuorumPeer@2072] - Port unification disabled
2021-11-08 11:12:39,874 [myid:2] - INFO  [Thread-9:QuorumPeer@179] - multiAddress.enabled set to false
2021-11-08 11:12:39,874 [myid:1] - INFO  [Thread-8:QuorumPeer@1157] - currentEpoch not found! Creating with a reasonable default of 0. This should only happen when you are upgrading your installation
2021-11-08 11:12:39,874 [myid:2] - INFO  [Thread-9:QuorumPeer@204] - multiAddress.reachabilityCheckEnabled set to true
2021-11-08 11:12:39,874 [myid:3] - INFO  [Thread-10:QuorumPeer@1177] - acceptedEpoch not found! Creating with a reasonable default of 0. This should only happen when you are upgrading your installation
2021-11-08 11:12:39,874 [myid:2] - INFO  [Thread-9:QuorumPeer@191] - multiAddress.reachabilityCheckTimeoutMs set to 1000
2021-11-08 11:12:39,874 [myid:2] - INFO  [Thread-9:QuorumPeer@2527] - QuorumPeer communication is not secured! (SASL auth disabled)
2021-11-08 11:12:39,874 [myid:2] - INFO  [Thread-9:QuorumPeer@2552] - quorum.cnxn.threads.size set to 20
2021-11-08 11:12:39,874 [myid:2] - INFO  [Thread-9:FileTxnSnapLog@479] - Snapshotting: 0x0 to D:\mysoft\faiscoGit\myStudy\ZooKeeperLearning\apache-zookeeper-3.7.0\zookeeper-server\target\surefire\test976708077175686539.junit.dir\data\version-2\snapshot.0
2021-11-08 11:12:39,877 [myid:1] - INFO  [Thread-8:QuorumPeer@1177] - acceptedEpoch not found! Creating with a reasonable default of 0. This should only happen when you are upgrading your installation
2021-11-08 11:12:39,879 [myid:2] - INFO  [Thread-9:ZKDatabase@290] - Snapshot loaded in 4 ms, highest zxid is 0x0, digest is 1371985504
2021-11-08 11:12:39,879 [myid:3] - INFO  [Thread-10:NettyServerCnxnFactory@695] - binding to port /0.0.0.0:30094
2021-11-08 11:12:39,879 [myid:2] - INFO  [Thread-9:QuorumPeer@1157] - currentEpoch not found! Creating with a reasonable default of 0. This should only happen when you are upgrading your installation
2021-11-08 11:12:39,880 [myid:3] - INFO  [Thread-10:NettyServerCnxnFactory@700] - bound to port 30094
2021-11-08 11:12:39,880 [myid:3] - INFO  [Thread-10:QuorumPeer@2569] - Using 20000ms as the quorum cnxn socket timeout
2021-11-08 11:12:39,880 [myid:1] - INFO  [Thread-8:NettyServerCnxnFactory@695] - binding to port /0.0.0.0:30092
2021-11-08 11:12:39,880 [myid:3] - INFO  [Thread-10:QuorumCnxManager$Listener@924] - Election port bind maximum retries is 3
2021-11-08 11:12:39,880 [myid:3] - INFO  [ListenerHandler-/127.0.0.1:30100:QuorumCnxManager$Listener$ListenerHandler@1066] - 3 is accepting connections now, my election bind port: /127.0.0.1:30100
2021-11-08 11:12:39,881 [myid:1] - INFO  [Thread-8:NettyServerCnxnFactory@700] - bound to port 30092
2021-11-08 11:12:39,881 [myid:1] - INFO  [Thread-8:QuorumPeer@2569] - Using 20000ms as the quorum cnxn socket timeout
2021-11-08 11:12:39,881 [myid:1] - INFO  [Thread-8:QuorumCnxManager$Listener@924] - Election port bind maximum retries is 3
2021-11-08 11:12:39,881 [myid:3] - INFO  [QuorumPeer[myid=3](plain=[0:0:0:0:0:0:0:0]:30094)(secure=disabled):QuorumPeer@1430] - LOOKING
2021-11-08 11:12:39,881 [myid:1] - INFO  [ListenerHandler-/127.0.0.1:30098:QuorumCnxManager$Listener$ListenerHandler@1066] - 1 is accepting connections now, my election bind port: /127.0.0.1:30098
2021-11-08 11:12:39,881 [myid:3] - INFO  [QuorumPeer[myid=3](plain=[0:0:0:0:0:0:0:0]:30094)(secure=disabled):FastLeaderElection@947] - New election. My id = 3, proposed zxid=0x0
2021-11-08 11:12:39,881 [myid:1] - INFO  [QuorumPeer[myid=1](plain=[0:0:0:0:0:0:0:0]:30092)(secure=disabled):QuorumPeer@1430] - LOOKING
2021-11-08 11:12:39,881 [myid:1] - INFO  [QuorumPeer[myid=1](plain=[0:0:0:0:0:0:0:0]:30092)(secure=disabled):FastLeaderElection@947] - New election. My id = 1, proposed zxid=0x0
2021-11-08 11:12:39,882 [myid:1] - INFO  [WorkerReceiver[myid=1]:FastLeaderElection$Messenger$WorkerReceiver@390] - Notification: my state:LOOKING; n.sid:1, n.state:LOOKING, n.leader:1, n.round:0x1, n.peerEpoch:0x0, n.zxid:0x0, message format version:0x2, n.config version:0x0
2021-11-08 11:12:39,882 [myid:3] - INFO  [WorkerReceiver[myid=3]:FastLeaderElection$Messenger$WorkerReceiver@390] - Notification: my state:LOOKING; n.sid:3, n.state:LOOKING, n.leader:3, n.round:0x1, n.peerEpoch:0x0, n.zxid:0x0, message format version:0x2, n.config version:0x0
2021-11-08 11:12:39,882 [myid:1] - INFO  [ListenerHandler-/127.0.0.1:30098:QuorumCnxManager$Listener$ListenerHandler@1071] - Received connection request from /127.0.0.1:10124
2021-11-08 11:12:39,883 [myid:3] - INFO  [ListenerHandler-/127.0.0.1:30100:QuorumCnxManager$Listener$ListenerHandler@1071] - Received connection request from /127.0.0.1:10126
2021-11-08 11:12:39,883 [myid:2] - INFO  [Thread-9:QuorumPeer@1177] - acceptedEpoch not found! Creating with a reasonable default of 0. This should only happen when you are upgrading your installation
2021-11-08 11:12:39,883 [myid:1] - INFO  [QuorumConnectionThread-[myid=1]-2:QuorumCnxManager@514] - Have smaller server identifier, so dropping the connection: (myId:1 --> sid:3)
2021-11-08 11:12:39,884 [myid:1] - WARN  [RecvWorker:3:QuorumCnxManager$RecvWorker@1397] - Connection broken for id 3, my id = 1
java.io.EOFException
	at java.io.DataInputStream.readInt(DataInputStream.java:392)
	at org.apache.zookeeper.server.quorum.QuorumCnxManager$RecvWorker.run(QuorumCnxManager.java:1385)
2021-11-08 11:12:39,885 [myid:1] - INFO  [WorkerReceiver[myid=1]:FastLeaderElection$Messenger$WorkerReceiver@390] - Notification: my state:LOOKING; n.sid:3, n.state:LOOKING, n.leader:3, n.round:0x1, n.peerEpoch:0x0, n.zxid:0x0, message format version:0x2, n.config version:0x0
2021-11-08 11:12:39,885 [myid:3] - INFO  [WorkerReceiver[myid=3]:FastLeaderElection$Messenger$WorkerReceiver@390] - Notification: my state:LOOKING; n.sid:1, n.state:LOOKING, n.leader:1, n.round:0x1, n.peerEpoch:0x0, n.zxid:0x0, message format version:0x2, n.config version:0x0
2021-11-08 11:12:39,885 [myid:3] - WARN  [SendWorker:1:QuorumCnxManager$SendWorker@1283] - Interrupted while waiting for message on queue
java.lang.InterruptedException
	at java.util.concurrent.locks.AbstractQueuedSynchronizer$ConditionObject.reportInterruptAfterWait(AbstractQueuedSynchronizer.java:2014)
	at java.util.concurrent.locks.AbstractQueuedSynchronizer$ConditionObject.awaitNanos(AbstractQueuedSynchronizer.java:2088)
	at org.apache.zookeeper.util.CircularBlockingQueue.poll(CircularBlockingQueue.java:105)
	at org.apache.zookeeper.server.quorum.QuorumCnxManager.pollSendQueue(QuorumCnxManager.java:1448)
	at org.apache.zookeeper.server.quorum.QuorumCnxManager.access$900(QuorumCnxManager.java:99)
	at org.apache.zookeeper.server.quorum.QuorumCnxManager$SendWorker.run(QuorumCnxManager.java:1272)
2021-11-08 11:12:39,885 [myid:3] - WARN  [RecvWorker:1:QuorumCnxManager$RecvWorker@1397] - Connection broken for id 1, my id = 3
java.net.SocketException: Socket closed
	at java.net.SocketInputStream.socketRead0(Native Method)
	at java.net.SocketInputStream.read(SocketInputStream.java:150)
	at java.net.SocketInputStream.read(SocketInputStream.java:121)
	at java.io.BufferedInputStream.fill(BufferedInputStream.java:246)
	at java.io.BufferedInputStream.read(BufferedInputStream.java:265)
	at java.io.DataInputStream.readInt(DataInputStream.java:387)
	at org.apache.zookeeper.server.quorum.QuorumCnxManager$RecvWorker.run(QuorumCnxManager.java:1385)
2021-11-08 11:12:39,885 [myid:3] - WARN  [RecvWorker:1:QuorumCnxManager$RecvWorker@1403] - Interrupting SendWorker thread from RecvWorker. sid: 1. myId: 3
2021-11-08 11:12:39,885 [myid:3] - WARN  [SendWorker:1:QuorumCnxManager$SendWorker@1295] - Send worker leaving thread id 1 my id = 3
2021-11-08 11:12:39,885 [myid:1] - WARN  [RecvWorker:3:QuorumCnxManager$RecvWorker@1403] - Interrupting SendWorker thread from RecvWorker. sid: 3. myId: 1
2021-11-08 11:12:39,885 [myid:1] - INFO  [ListenerHandler-/127.0.0.1:30098:QuorumCnxManager$Listener$ListenerHandler@1071] - Received connection request from /127.0.0.1:10127
2021-11-08 11:12:39,886 [myid:1] - INFO  [WorkerReceiver[myid=1]:FastLeaderElection$Messenger$WorkerReceiver@390] - Notification: my state:LOOKING; n.sid:1, n.state:LOOKING, n.leader:3, n.round:0x1, n.peerEpoch:0x0, n.zxid:0x0, message format version:0x2, n.config version:0x0
2021-11-08 11:12:39,886 [myid:1] - WARN  [SendWorker:3:QuorumCnxManager$SendWorker@1283] - Interrupted while waiting for message on queue
java.lang.InterruptedException
	at java.util.concurrent.locks.AbstractQueuedSynchronizer$ConditionObject.reportInterruptAfterWait(AbstractQueuedSynchronizer.java:2014)
	at java.util.concurrent.locks.AbstractQueuedSynchronizer$ConditionObject.awaitNanos(AbstractQueuedSynchronizer.java:2088)
	at org.apache.zookeeper.util.CircularBlockingQueue.poll(CircularBlockingQueue.java:105)
	at org.apache.zookeeper.server.quorum.QuorumCnxManager.pollSendQueue(QuorumCnxManager.java:1448)
	at org.apache.zookeeper.server.quorum.QuorumCnxManager.access$900(QuorumCnxManager.java:99)
	at org.apache.zookeeper.server.quorum.QuorumCnxManager$SendWorker.run(QuorumCnxManager.java:1272)
2021-11-08 11:12:39,886 [myid:1] - WARN  [SendWorker:3:QuorumCnxManager$SendWorker@1295] - Send worker leaving thread id 3 my id = 1
2021-11-08 11:12:39,886 [myid:3] - INFO  [WorkerReceiver[myid=3]:FastLeaderElection$Messenger$WorkerReceiver@390] - Notification: my state:LOOKING; n.sid:1, n.state:LOOKING, n.leader:3, n.round:0x1, n.peerEpoch:0x0, n.zxid:0x0, message format version:0x2, n.config version:0x0
2021-11-08 11:12:39,886 [myid:1] - INFO  [WorkerReceiver[myid=1]:FastLeaderElection$Messenger$WorkerReceiver@390] - Notification: my state:LOOKING; n.sid:3, n.state:LOOKING, n.leader:3, n.round:0x1, n.peerEpoch:0x0, n.zxid:0x0, message format version:0x2, n.config version:0x0
2021-11-08 11:12:39,888 [myid:2] - INFO  [Thread-9:NettyServerCnxnFactory@695] - binding to port /0.0.0.0:30093
2021-11-08 11:12:39,889 [myid:1] - WARN  [nioEventLoopGroup-23-1:NettyServerCnxnFactory$CnxnChannelHandler@231] - Zookeeper server is not running, close the connection before starting the TLS handshake
2021-11-08 11:12:39,890 [myid:2] - INFO  [Thread-9:NettyServerCnxnFactory@700] - bound to port 30093
2021-11-08 11:12:39,890 [myid:2] - INFO  [Thread-9:QuorumPeer@2569] - Using 20000ms as the quorum cnxn socket timeout
2021-11-08 11:12:39,890 [myid:2] - INFO  [Thread-9:QuorumCnxManager$Listener@924] - Election port bind maximum retries is 3
2021-11-08 11:12:39,892 [myid:2] - INFO  [QuorumPeer[myid=2](plain=[0:0:0:0:0:0:0:0]:30093)(secure=disabled):QuorumPeer@1430] - LOOKING
2021-11-08 11:12:39,892 [myid:2] - INFO  [QuorumPeer[myid=2](plain=[0:0:0:0:0:0:0:0]:30093)(secure=disabled):FastLeaderElection@947] - New election. My id = 2, proposed zxid=0x0
2021-11-08 11:12:39,895 [myid:2] - INFO  [ListenerHandler-/127.0.0.1:30099:QuorumCnxManager$Listener$ListenerHandler@1066] - 2 is accepting connections now, my election bind port: /127.0.0.1:30099
2021-11-08 11:12:39,895 [myid:2] - INFO  [WorkerReceiver[myid=2]:FastLeaderElection$Messenger$WorkerReceiver@390] - Notification: my state:LOOKING; n.sid:2, n.state:LOOKING, n.leader:2, n.round:0x1, n.peerEpoch:0x0, n.zxid:0x0, message format version:0x2, n.config version:0x0
2021-11-08 11:12:39,896 [myid:3] - INFO  [ListenerHandler-/127.0.0.1:30100:QuorumCnxManager$Listener$ListenerHandler@1071] - Received connection request from /127.0.0.1:10128
2021-11-08 11:12:39,896 [myid:2] - INFO  [QuorumConnectionThread-[myid=2]-2:QuorumCnxManager@514] - Have smaller server identifier, so dropping the connection: (myId:2 --> sid:3)
2021-11-08 11:12:39,896 [myid:1] - INFO  [ListenerHandler-/127.0.0.1:30098:QuorumCnxManager$Listener$ListenerHandler@1071] - Received connection request from /127.0.0.1:10129
2021-11-08 11:12:39,920 [myid:1] - INFO  [WorkerReceiver[myid=1]:FastLeaderElection$Messenger$WorkerReceiver@390] - Notification: my state:LOOKING; n.sid:2, n.state:LOOKING, n.leader:2, n.round:0x1, n.peerEpoch:0x0, n.zxid:0x0, message format version:0x2, n.config version:0x0
2021-11-08 11:12:39,920 [myid:2] - INFO  [WorkerReceiver[myid=2]:FastLeaderElection$Messenger$WorkerReceiver@390] - Notification: my state:LOOKING; n.sid:1, n.state:LOOKING, n.leader:3, n.round:0x1, n.peerEpoch:0x0, n.zxid:0x0, message format version:0x2, n.config version:0x0
2021-11-08 11:12:39,921 [myid:3] - INFO  [ListenerHandler-/127.0.0.1:30100:QuorumCnxManager$Listener$ListenerHandler@1071] - Received connection request from /127.0.0.1:10134
2021-11-08 11:12:39,921 [myid:2] - INFO  [QuorumConnectionThread-[myid=2]-3:QuorumCnxManager@514] - Have smaller server identifier, so dropping the connection: (myId:2 --> sid:3)
2021-11-08 11:12:39,922 [myid:1] - INFO  [WorkerReceiver[myid=1]:FastLeaderElection$Messenger$WorkerReceiver@390] - Notification: my state:LOOKING; n.sid:2, n.state:LOOKING, n.leader:3, n.round:0x1, n.peerEpoch:0x0, n.zxid:0x0, message format version:0x2, n.config version:0x0
2021-11-08 11:12:39,922 [myid:2] - INFO  [WorkerReceiver[myid=2]:FastLeaderElection$Messenger$WorkerReceiver@390] - Notification: my state:LOOKING; n.sid:2, n.state:LOOKING, n.leader:3, n.round:0x1, n.peerEpoch:0x0, n.zxid:0x0, message format version:0x2, n.config version:0x0
2021-11-08 11:12:40,089 [myid:3] - INFO  [QuorumPeer[myid=3](plain=[0:0:0:0:0:0:0:0]:30094)(secure=disabled):QuorumPeer@901] - Peer state changed: leading
2021-11-08 11:12:40,089 [myid:3] - INFO  [QuorumPeer[myid=3](plain=[0:0:0:0:0:0:0:0]:30094)(secure=disabled):QuorumPeer@1527] - LEADING
2021-11-08 11:12:40,089 [myid:3] - INFO  [QuorumPeer[myid=3](plain=[0:0:0:0:0:0:0:0]:30094)(secure=disabled):ZooKeeperServer@1300] - minSessionTimeout set to 8000
2021-11-08 11:12:40,089 [myid:3] - INFO  [QuorumPeer[myid=3](plain=[0:0:0:0:0:0:0:0]:30094)(secure=disabled):ZooKeeperServer@1309] - maxSessionTimeout set to 80000
2021-11-08 11:12:40,089 [myid:3] - INFO  [QuorumPeer[myid=3](plain=[0:0:0:0:0:0:0:0]:30094)(secure=disabled):ResponseCache@45] - getData response cache size is initialized with value 400.
2021-11-08 11:12:40,089 [myid:3] - INFO  [QuorumPeer[myid=3](plain=[0:0:0:0:0:0:0:0]:30094)(secure=disabled):ResponseCache@45] - getChildren response cache size is initialized with value 400.
2021-11-08 11:12:40,089 [myid:3] - INFO  [QuorumPeer[myid=3](plain=[0:0:0:0:0:0:0:0]:30094)(secure=disabled):RequestPathMetricsCollector@109] - zookeeper.pathStats.slotCapacity = 60
2021-11-08 11:12:40,089 [myid:3] - INFO  [QuorumPeer[myid=3](plain=[0:0:0:0:0:0:0:0]:30094)(secure=disabled):RequestPathMetricsCollector@110] - zookeeper.pathStats.slotDuration = 15
2021-11-08 11:12:40,089 [myid:3] - INFO  [QuorumPeer[myid=3](plain=[0:0:0:0:0:0:0:0]:30094)(secure=disabled):RequestPathMetricsCollector@111] - zookeeper.pathStats.maxDepth = 6
2021-11-08 11:12:40,089 [myid:3] - INFO  [QuorumPeer[myid=3](plain=[0:0:0:0:0:0:0:0]:30094)(secure=disabled):RequestPathMetricsCollector@112] - zookeeper.pathStats.initialDelay = 5
2021-11-08 11:12:40,089 [myid:3] - INFO  [QuorumPeer[myid=3](plain=[0:0:0:0:0:0:0:0]:30094)(secure=disabled):RequestPathMetricsCollector@113] - zookeeper.pathStats.delay = 5
2021-11-08 11:12:40,089 [myid:3] - INFO  [QuorumPeer[myid=3](plain=[0:0:0:0:0:0:0:0]:30094)(secure=disabled):RequestPathMetricsCollector@114] - zookeeper.pathStats.enabled = false
2021-11-08 11:12:40,089 [myid:3] - INFO  [QuorumPeer[myid=3](plain=[0:0:0:0:0:0:0:0]:30094)(secure=disabled):ZooKeeperServer@1536] - The max bytes for all large requests are set to 104857600
2021-11-08 11:12:40,089 [myid:3] - INFO  [QuorumPeer[myid=3](plain=[0:0:0:0:0:0:0:0]:30094)(secure=disabled):ZooKeeperServer@1550] - The large request threshold is set to -1
2021-11-08 11:12:40,089 [myid:3] - INFO  [QuorumPeer[myid=3](plain=[0:0:0:0:0:0:0:0]:30094)(secure=disabled):AuthenticationHelper@66] - zookeeper.enforce.auth.enabled = false
2021-11-08 11:12:40,089 [myid:3] - INFO  [QuorumPeer[myid=3](plain=[0:0:0:0:0:0:0:0]:30094)(secure=disabled):AuthenticationHelper@67] - zookeeper.enforce.auth.schemes = []
2021-11-08 11:12:40,089 [myid:3] - INFO  [QuorumPeer[myid=3](plain=[0:0:0:0:0:0:0:0]:30094)(secure=disabled):ZooKeeperServer@361] - Created server with tickTime 4000 minSessionTimeout 8000 maxSessionTimeout 80000 clientPortListenBacklog -1 datadir D:\mysoft\faiscoGit\myStudy\ZooKeeperLearning\apache-zookeeper-3.7.0\zookeeper-server\target\surefire\test6592602958150419203.junit.dir\data\version-2 snapdir D:\mysoft\faiscoGit\myStudy\ZooKeeperLearning\apache-zookeeper-3.7.0\zookeeper-server\target\surefire\test6592602958150419203.junit.dir\data\version-2
2021-11-08 11:12:40,090 [myid:3] - INFO  [QuorumPeer[myid=3](plain=[0:0:0:0:0:0:0:0]:30094)(secure=disabled):Leader@584] - LEADING - LEADER ELECTION TOOK - 209 MS
2021-11-08 11:12:40,090 [myid:3] - INFO  [QuorumPeer[myid=3](plain=[0:0:0:0:0:0:0:0]:30094)(secure=disabled):QuorumPeer@915] - Peer state changed: leading - discovery
2021-11-08 11:12:40,090 [myid:3] - INFO  [QuorumPeer[myid=3](plain=[0:0:0:0:0:0:0:0]:30094)(secure=disabled):FileTxnSnapLog@479] - Snapshotting: 0x0 to D:\mysoft\faiscoGit\myStudy\ZooKeeperLearning\apache-zookeeper-3.7.0\zookeeper-server\target\surefire\test6592602958150419203.junit.dir\data\version-2\snapshot.0
2021-11-08 11:12:40,092 [myid:3] - INFO  [QuorumPeer[myid=3](plain=[0:0:0:0:0:0:0:0]:30094)(secure=disabled):ZooKeeperServer@543] - Snapshot taken in 1 ms
2021-11-08 11:12:40,136 [myid:2] - INFO  [QuorumPeer[myid=2](plain=[0:0:0:0:0:0:0:0]:30093)(secure=disabled):QuorumPeer@901] - Peer state changed: following
2021-11-08 11:12:40,136 [myid:1] - INFO  [QuorumPeer[myid=1](plain=[0:0:0:0:0:0:0:0]:30092)(secure=disabled):QuorumPeer@901] - Peer state changed: following
2021-11-08 11:12:40,136 [myid:2] - INFO  [QuorumPeer[myid=2](plain=[0:0:0:0:0:0:0:0]:30093)(secure=disabled):QuorumPeer@1512] - FOLLOWING
2021-11-08 11:12:40,136 [myid:2] - INFO  [QuorumPeer[myid=2](plain=[0:0:0:0:0:0:0:0]:30093)(secure=disabled):ZooKeeperServer@1300] - minSessionTimeout set to 8000
2021-11-08 11:12:40,136 [myid:2] - INFO  [QuorumPeer[myid=2](plain=[0:0:0:0:0:0:0:0]:30093)(secure=disabled):ZooKeeperServer@1309] - maxSessionTimeout set to 80000
2021-11-08 11:12:40,136 [myid:1] - INFO  [QuorumPeer[myid=1](plain=[0:0:0:0:0:0:0:0]:30092)(secure=disabled):QuorumPeer@1512] - FOLLOWING
2021-11-08 11:12:40,136 [myid:1] - INFO  [QuorumPeer[myid=1](plain=[0:0:0:0:0:0:0:0]:30092)(secure=disabled):ZooKeeperServer@1300] - minSessionTimeout set to 8000
2021-11-08 11:12:40,136 [myid:1] - INFO  [QuorumPeer[myid=1](plain=[0:0:0:0:0:0:0:0]:30092)(secure=disabled):ZooKeeperServer@1309] - maxSessionTimeout set to 80000
2021-11-08 11:12:40,136 [myid:2] - INFO  [QuorumPeer[myid=2](plain=[0:0:0:0:0:0:0:0]:30093)(secure=disabled):ResponseCache@45] - getData response cache size is initialized with value 400.
2021-11-08 11:12:40,136 [myid:2] - INFO  [QuorumPeer[myid=2](plain=[0:0:0:0:0:0:0:0]:30093)(secure=disabled):ResponseCache@45] - getChildren response cache size is initialized with value 400.
2021-11-08 11:12:40,136 [myid:1] - INFO  [QuorumPeer[myid=1](plain=[0:0:0:0:0:0:0:0]:30092)(secure=disabled):ResponseCache@45] - getData response cache size is initialized with value 400.
2021-11-08 11:12:40,136 [myid:2] - INFO  [QuorumPeer[myid=2](plain=[0:0:0:0:0:0:0:0]:30093)(secure=disabled):RequestPathMetricsCollector@109] - zookeeper.pathStats.slotCapacity = 60
2021-11-08 11:12:40,136 [myid:2] - INFO  [QuorumPeer[myid=2](plain=[0:0:0:0:0:0:0:0]:30093)(secure=disabled):RequestPathMetricsCollector@110] - zookeeper.pathStats.slotDuration = 15
2021-11-08 11:12:40,137 [myid:2] - INFO  [QuorumPeer[myid=2](plain=[0:0:0:0:0:0:0:0]:30093)(secure=disabled):RequestPathMetricsCollector@111] - zookeeper.pathStats.maxDepth = 6
2021-11-08 11:12:40,136 [myid:1] - INFO  [QuorumPeer[myid=1](plain=[0:0:0:0:0:0:0:0]:30092)(secure=disabled):ResponseCache@45] - getChildren response cache size is initialized with value 400.
2021-11-08 11:12:40,137 [myid:1] - INFO  [QuorumPeer[myid=1](plain=[0:0:0:0:0:0:0:0]:30092)(secure=disabled):RequestPathMetricsCollector@109] - zookeeper.pathStats.slotCapacity = 60
2021-11-08 11:12:40,137 [myid:1] - INFO  [QuorumPeer[myid=1](plain=[0:0:0:0:0:0:0:0]:30092)(secure=disabled):RequestPathMetricsCollector@110] - zookeeper.pathStats.slotDuration = 15
2021-11-08 11:12:40,137 [myid:1] - INFO  [QuorumPeer[myid=1](plain=[0:0:0:0:0:0:0:0]:30092)(secure=disabled):RequestPathMetricsCollector@111] - zookeeper.pathStats.maxDepth = 6
2021-11-08 11:12:40,137 [myid:1] - INFO  [QuorumPeer[myid=1](plain=[0:0:0:0:0:0:0:0]:30092)(secure=disabled):RequestPathMetricsCollector@112] - zookeeper.pathStats.initialDelay = 5
2021-11-08 11:12:40,137 [myid:1] - INFO  [QuorumPeer[myid=1](plain=[0:0:0:0:0:0:0:0]:30092)(secure=disabled):RequestPathMetricsCollector@113] - zookeeper.pathStats.delay = 5
2021-11-08 11:12:40,137 [myid:1] - INFO  [QuorumPeer[myid=1](plain=[0:0:0:0:0:0:0:0]:30092)(secure=disabled):RequestPathMetricsCollector@114] - zookeeper.pathStats.enabled = false
2021-11-08 11:12:40,137 [myid:2] - INFO  [QuorumPeer[myid=2](plain=[0:0:0:0:0:0:0:0]:30093)(secure=disabled):RequestPathMetricsCollector@112] - zookeeper.pathStats.initialDelay = 5
2021-11-08 11:12:40,137 [myid:2] - INFO  [QuorumPeer[myid=2](plain=[0:0:0:0:0:0:0:0]:30093)(secure=disabled):RequestPathMetricsCollector@113] - zookeeper.pathStats.delay = 5
2021-11-08 11:12:40,137 [myid:2] - INFO  [QuorumPeer[myid=2](plain=[0:0:0:0:0:0:0:0]:30093)(secure=disabled):RequestPathMetricsCollector@114] - zookeeper.pathStats.enabled = false
2021-11-08 11:12:40,137 [myid:2] - INFO  [QuorumPeer[myid=2](plain=[0:0:0:0:0:0:0:0]:30093)(secure=disabled):ZooKeeperServer@1536] - The max bytes for all large requests are set to 104857600
2021-11-08 11:12:40,137 [myid:1] - INFO  [QuorumPeer[myid=1](plain=[0:0:0:0:0:0:0:0]:30092)(secure=disabled):ZooKeeperServer@1536] - The max bytes for all large requests are set to 104857600
2021-11-08 11:12:40,137 [myid:1] - INFO  [QuorumPeer[myid=1](plain=[0:0:0:0:0:0:0:0]:30092)(secure=disabled):ZooKeeperServer@1550] - The large request threshold is set to -1
2021-11-08 11:12:40,137 [myid:1] - INFO  [QuorumPeer[myid=1](plain=[0:0:0:0:0:0:0:0]:30092)(secure=disabled):AuthenticationHelper@66] - zookeeper.enforce.auth.enabled = false
2021-11-08 11:12:40,137 [myid:2] - INFO  [QuorumPeer[myid=2](plain=[0:0:0:0:0:0:0:0]:30093)(secure=disabled):ZooKeeperServer@1550] - The large request threshold is set to -1
2021-11-08 11:12:40,137 [myid:1] - INFO  [QuorumPeer[myid=1](plain=[0:0:0:0:0:0:0:0]:30092)(secure=disabled):AuthenticationHelper@67] - zookeeper.enforce.auth.schemes = []
2021-11-08 11:12:40,137 [myid:1] - INFO  [QuorumPeer[myid=1](plain=[0:0:0:0:0:0:0:0]:30092)(secure=disabled):ZooKeeperServer@361] - Created server with tickTime 4000 minSessionTimeout 8000 maxSessionTimeout 80000 clientPortListenBacklog -1 datadir D:\mysoft\faiscoGit\myStudy\ZooKeeperLearning\apache-zookeeper-3.7.0\zookeeper-server\target\surefire\test2822455436040318635.junit.dir\data\version-2 snapdir D:\mysoft\faiscoGit\myStudy\ZooKeeperLearning\apache-zookeeper-3.7.0\zookeeper-server\target\surefire\test2822455436040318635.junit.dir\data\version-2
2021-11-08 11:12:40,137 [myid:1] - INFO  [QuorumPeer[myid=1](plain=[0:0:0:0:0:0:0:0]:30092)(secure=disabled):Follower@77] - FOLLOWING - LEADER ELECTION TOOK - 256 MS
2021-11-08 11:12:40,137 [myid:2] - INFO  [QuorumPeer[myid=2](plain=[0:0:0:0:0:0:0:0]:30093)(secure=disabled):AuthenticationHelper@66] - zookeeper.enforce.auth.enabled = false
2021-11-08 11:12:40,138 [myid:2] - INFO  [QuorumPeer[myid=2](plain=[0:0:0:0:0:0:0:0]:30093)(secure=disabled):AuthenticationHelper@67] - zookeeper.enforce.auth.schemes = []
2021-11-08 11:12:40,138 [myid:2] - INFO  [QuorumPeer[myid=2](plain=[0:0:0:0:0:0:0:0]:30093)(secure=disabled):ZooKeeperServer@361] - Created server with tickTime 4000 minSessionTimeout 8000 maxSessionTimeout 80000 clientPortListenBacklog -1 datadir D:\mysoft\faiscoGit\myStudy\ZooKeeperLearning\apache-zookeeper-3.7.0\zookeeper-server\target\surefire\test976708077175686539.junit.dir\data\version-2 snapdir D:\mysoft\faiscoGit\myStudy\ZooKeeperLearning\apache-zookeeper-3.7.0\zookeeper-server\target\surefire\test976708077175686539.junit.dir\data\version-2
2021-11-08 11:12:40,138 [myid:2] - INFO  [QuorumPeer[myid=2](plain=[0:0:0:0:0:0:0:0]:30093)(secure=disabled):Follower@77] - FOLLOWING - LEADER ELECTION TOOK - 246 MS
2021-11-08 11:12:40,138 [myid:1] - INFO  [QuorumPeer[myid=1](plain=[0:0:0:0:0:0:0:0]:30092)(secure=disabled):QuorumPeer@915] - Peer state changed: following - discovery
2021-11-08 11:12:40,138 [myid:2] - INFO  [QuorumPeer[myid=2](plain=[0:0:0:0:0:0:0:0]:30093)(secure=disabled):QuorumPeer@915] - Peer state changed: following - discovery
2021-11-08 11:12:40,140 [myid:2] - INFO  [LeaderConnector-/127.0.0.1:30097:Learner$LeaderConnector@381] - Successfully connected to leader, using address: /127.0.0.1:30097
2021-11-08 11:12:40,141 [myid:1] - INFO  [LeaderConnector-/127.0.0.1:30097:Learner$LeaderConnector@381] - Successfully connected to leader, using address: /127.0.0.1:30097
2021-11-08 11:12:40,142 [myid:3] - INFO  [LearnerHandler-/127.0.0.1:10136:LearnerHandler@506] - Follower sid: 2 : info : 127.0.0.1:30096:30099:participant;0.0.0.0:30093
2021-11-08 11:12:40,142 [myid:3] - INFO  [LearnerHandler-/127.0.0.1:10135:LearnerHandler@506] - Follower sid: 1 : info : 127.0.0.1:30095:30098:participant;0.0.0.0:30092
2021-11-08 11:12:40,146 [myid:3] - INFO  [QuorumPeer[myid=3](plain=[0:0:0:0:0:0:0:0]:30094)(secure=disabled):QuorumPeer@1870] - Dynamic reconfig is disabled, we don't store the last seen config.
2021-11-08 11:12:40,150 [myid:1] - INFO  [QuorumPeer[myid=1](plain=[0:0:0:0:0:0:0:0]:30092)(secure=disabled):QuorumPeer@915] - Peer state changed: following - synchronization
2021-11-08 11:12:40,150 [myid:3] - INFO  [LearnerHandler-/127.0.0.1:10136:ZKDatabase@346] - On disk txn sync enabled with snapshotSizeFactor 0.33
2021-11-08 11:12:40,150 [myid:2] - INFO  [QuorumPeer[myid=2](plain=[0:0:0:0:0:0:0:0]:30093)(secure=disabled):QuorumPeer@915] - Peer state changed: following - synchronization
2021-11-08 11:12:40,150 [myid:3] - INFO  [LearnerHandler-/127.0.0.1:10136:LearnerHandler@801] - Synchronizing with Learner sid: 2 maxCommittedLog=0x0 minCommittedLog=0x0 lastProcessedZxid=0x0 peerLastZxid=0x0
2021-11-08 11:12:40,150 [myid:3] - INFO  [LearnerHandler-/127.0.0.1:10135:ZKDatabase@346] - On disk txn sync enabled with snapshotSizeFactor 0.33
2021-11-08 11:12:40,150 [myid:3] - INFO  [LearnerHandler-/127.0.0.1:10136:LearnerHandler@846] - Sending DIFF zxid=0x0 for peer sid: 2
2021-11-08 11:12:40,150 [myid:3] - INFO  [LearnerHandler-/127.0.0.1:10135:LearnerHandler@801] - Synchronizing with Learner sid: 1 maxCommittedLog=0x0 minCommittedLog=0x0 lastProcessedZxid=0x0 peerLastZxid=0x0
2021-11-08 11:12:40,151 [myid:3] - INFO  [LearnerHandler-/127.0.0.1:10135:LearnerHandler@846] - Sending DIFF zxid=0x0 for peer sid: 1
2021-11-08 11:12:40,152 [myid:] - INFO  [main:FourLetterWordMain@94] - connecting to 127.0.0.1 30092
2021-11-08 11:12:40,154 [myid:2] - INFO  [QuorumPeer[myid=2](plain=[0:0:0:0:0:0:0:0]:30093)(secure=disabled):Learner@562] - Getting a diff from the leader 0x0
2021-11-08 11:12:40,154 [myid:2] - INFO  [QuorumPeer[myid=2](plain=[0:0:0:0:0:0:0:0]:30093)(secure=disabled):QuorumPeer@920] - Peer state changed: following - synchronization - diff
2021-11-08 11:12:40,154 [myid:1] - WARN  [nioEventLoopGroup-23-2:NettyServerCnxnFactory$CnxnChannelHandler@231] - Zookeeper server is not running, close the connection before starting the TLS handshake
2021-11-08 11:12:40,154 [myid:1] - INFO  [QuorumPeer[myid=1](plain=[0:0:0:0:0:0:0:0]:30092)(secure=disabled):Learner@562] - Getting a diff from the leader 0x0
2021-11-08 11:12:40,154 [myid:1] - INFO  [QuorumPeer[myid=1](plain=[0:0:0:0:0:0:0:0]:30092)(secure=disabled):QuorumPeer@920] - Peer state changed: following - synchronization - diff
2021-11-08 11:12:40,155 [myid:2] - INFO  [QuorumPeer[myid=2](plain=[0:0:0:0:0:0:0:0]:30093)(secure=disabled):Learner@734] - Learner received NEWLEADER message
2021-11-08 11:12:40,155 [myid:3] - INFO  [QuorumPeer[myid=3](plain=[0:0:0:0:0:0:0:0]:30094)(secure=disabled):QuorumPeer@915] - Peer state changed: leading - synchronization
2021-11-08 11:12:40,155 [myid:2] - INFO  [QuorumPeer[myid=2](plain=[0:0:0:0:0:0:0:0]:30093)(secure=disabled):QuorumPeer@1870] - Dynamic reconfig is disabled, we don't store the last seen config.
2021-11-08 11:12:40,156 [myid:1] - INFO  [QuorumPeer[myid=1](plain=[0:0:0:0:0:0:0:0]:30092)(secure=disabled):Learner@734] - Learner received NEWLEADER message
2021-11-08 11:12:40,156 [myid:1] - INFO  [QuorumPeer[myid=1](plain=[0:0:0:0:0:0:0:0]:30092)(secure=disabled):QuorumPeer@1870] - Dynamic reconfig is disabled, we don't store the last seen config.
2021-11-08 11:12:40,160 [myid:2] - INFO  [QuorumPeer[myid=2](plain=[0:0:0:0:0:0:0:0]:30093)(secure=disabled):QuorumPeer@920] - Peer state changed: following - synchronization
2021-11-08 11:12:40,160 [myid:2] - INFO  [QuorumPeer[myid=2](plain=[0:0:0:0:0:0:0:0]:30093)(secure=disabled):CommitProcessor@491] - Configuring CommitProcessor with readBatchSize -1 commitBatchSize 1
2021-11-08 11:12:40,160 [myid:2] - INFO  [QuorumPeer[myid=2](plain=[0:0:0:0:0:0:0:0]:30093)(secure=disabled):CommitProcessor@452] - Configuring CommitProcessor with 6 worker threads.
2021-11-08 11:12:40,160 [myid:2] - INFO  [QuorumPeer[myid=2](plain=[0:0:0:0:0:0:0:0]:30093)(secure=disabled):FollowerRequestProcessor@59] - Initialized FollowerRequestProcessor with zookeeper.follower.skipLearnerRequestToNextProcessor as false
2021-11-08 11:12:40,161 [myid:3] - INFO  [QuorumPeer[myid=3](plain=[0:0:0:0:0:0:0:0]:30094)(secure=disabled):Leader@1495] - Have quorum of supporters, sids: [[2, 3]]; starting up and setting last processed zxid: 0x100000000
2021-11-08 11:12:40,161 [myid:1] - INFO  [QuorumPeer[myid=1](plain=[0:0:0:0:0:0:0:0]:30092)(secure=disabled):QuorumPeer@920] - Peer state changed: following - synchronization
2021-11-08 11:12:40,161 [myid:3] - INFO  [QuorumPeer[myid=3](plain=[0:0:0:0:0:0:0:0]:30094)(secure=disabled):Leader@1517] - Dynamic reconfig feature is disabled, skip designatedLeader calculation and reconfig processing.
2021-11-08 11:12:40,162 [myid:1] - INFO  [QuorumPeer[myid=1](plain=[0:0:0:0:0:0:0:0]:30092)(secure=disabled):CommitProcessor@491] - Configuring CommitProcessor with readBatchSize -1 commitBatchSize 1
2021-11-08 11:12:40,162 [myid:1] - INFO  [QuorumPeer[myid=1](plain=[0:0:0:0:0:0:0:0]:30092)(secure=disabled):CommitProcessor@452] - Configuring CommitProcessor with 6 worker threads.
2021-11-08 11:12:40,162 [myid:3] - INFO  [QuorumPeer[myid=3](plain=[0:0:0:0:0:0:0:0]:30094)(secure=disabled):CommitProcessor@491] - Configuring CommitProcessor with readBatchSize -1 commitBatchSize 1
2021-11-08 11:12:40,162 [myid:3] - INFO  [QuorumPeer[myid=3](plain=[0:0:0:0:0:0:0:0]:30094)(secure=disabled):CommitProcessor@452] - Configuring CommitProcessor with 6 worker threads.
2021-11-08 11:12:40,162 [myid:1] - INFO  [QuorumPeer[myid=1](plain=[0:0:0:0:0:0:0:0]:30092)(secure=disabled):FollowerRequestProcessor@59] - Initialized FollowerRequestProcessor with zookeeper.follower.skipLearnerRequestToNextProcessor as false
2021-11-08 11:12:40,162 [myid:3] - INFO  [QuorumPeer[myid=3](plain=[0:0:0:0:0:0:0:0]:30094)(secure=disabled):ProposalRequestProcessor@57] - zookeeper.forward_learner_requests_to_commit_processor_disabled = false
2021-11-08 11:12:40,162 [myid:3] - INFO  [QuorumPeer[myid=3](plain=[0:0:0:0:0:0:0:0]:30094)(secure=disabled):ContainerManager@84] - Using checkIntervalMs=60000 maxPerMinute=10000 maxNeverUsedIntervalMs=0
2021-11-08 11:12:40,163 [myid:3] - INFO  [ProcessThread(sid:3 cport:-1)::PrepRequestProcessor@137] - PrepRequestProcessor (sid:3) started, reconfigEnabled=false
2021-11-08 11:12:40,163 [myid:3] - INFO  [QuorumPeer[myid=3](plain=[0:0:0:0:0:0:0:0]:30094)(secure=disabled):QuorumPeer@915] - Peer state changed: leading - broadcast
2021-11-08 11:12:40,163 [myid:2] - INFO  [QuorumPeer[myid=2](plain=[0:0:0:0:0:0:0:0]:30093)(secure=disabled):Learner@718] - Learner received UPTODATE message
2021-11-08 11:12:40,163 [myid:1] - INFO  [QuorumPeer[myid=1](plain=[0:0:0:0:0:0:0:0]:30092)(secure=disabled):Learner@718] - Learner received UPTODATE message
2021-11-08 11:12:40,163 [myid:2] - INFO  [QuorumPeer[myid=2](plain=[0:0:0:0:0:0:0:0]:30093)(secure=disabled):QuorumPeer@915] - Peer state changed: following - broadcast
2021-11-08 11:12:40,163 [myid:1] - INFO  [QuorumPeer[myid=1](plain=[0:0:0:0:0:0:0:0]:30092)(secure=disabled):QuorumPeer@915] - Peer state changed: following - broadcast
2021-11-08 11:12:40,387 [myid:2] - INFO  [ListenerHandler-/127.0.0.1:30099:QuorumCnxManager$Listener$ListenerHandler@1071] - Received connection request from /127.0.0.1:10123
2021-11-08 11:12:40,387 [myid:1] - INFO  [QuorumConnectionThread-[myid=1]-1:QuorumCnxManager@514] - Have smaller server identifier, so dropping the connection: (myId:1 --> sid:2)
2021-11-08 11:12:40,388 [myid:2] - INFO  [ListenerHandler-/127.0.0.1:30099:QuorumCnxManager$Listener$ListenerHandler@1071] - Received connection request from /127.0.0.1:10125
2021-11-08 11:12:40,389 [myid:1] - WARN  [RecvWorker:2:QuorumCnxManager$RecvWorker@1397] - Connection broken for id 2, my id = 1
java.io.EOFException
	at java.io.DataInputStream.readInt(DataInputStream.java:392)
	at org.apache.zookeeper.server.quorum.QuorumCnxManager$RecvWorker.run(QuorumCnxManager.java:1385)
2021-11-08 11:12:40,389 [myid:2] - WARN  [RecvWorker:1:QuorumCnxManager$RecvWorker@1397] - Connection broken for id 1, my id = 2
java.net.SocketException: Socket closed
	at java.net.SocketInputStream.socketRead0(Native Method)
	at java.net.SocketInputStream.read(SocketInputStream.java:150)
	at java.net.SocketInputStream.read(SocketInputStream.java:121)
	at java.io.BufferedInputStream.fill(BufferedInputStream.java:246)
	at java.io.BufferedInputStream.read(BufferedInputStream.java:265)
	at java.io.DataInputStream.readInt(DataInputStream.java:387)
	at org.apache.zookeeper.server.quorum.QuorumCnxManager$RecvWorker.run(QuorumCnxManager.java:1385)
2021-11-08 11:12:40,390 [myid:2] - WARN  [RecvWorker:1:QuorumCnxManager$RecvWorker@1403] - Interrupting SendWorker thread from RecvWorker. sid: 1. myId: 2
2021-11-08 11:12:40,390 [myid:2] - INFO  [WorkerReceiver[myid=2]:FastLeaderElection$Messenger$WorkerReceiver@390] - Notification: my state:FOLLOWING; n.sid:3, n.state:LOOKING, n.leader:3, n.round:0x1, n.peerEpoch:0x0, n.zxid:0x0, message format version:0x2, n.config version:0x0
2021-11-08 11:12:40,390 [myid:3] - INFO  [WorkerReceiver[myid=3]:FastLeaderElection$Messenger$WorkerReceiver@390] - Notification: my state:LEADING; n.sid:2, n.state:LOOKING, n.leader:3, n.round:0x1, n.peerEpoch:0x0, n.zxid:0x0, message format version:0x2, n.config version:0x0
2021-11-08 11:12:40,390 [myid:2] - WARN  [SendWorker:1:QuorumCnxManager$SendWorker@1283] - Interrupted while waiting for message on queue
java.lang.InterruptedException
	at java.util.concurrent.locks.AbstractQueuedSynchronizer$ConditionObject.reportInterruptAfterWait(AbstractQueuedSynchronizer.java:2014)
	at java.util.concurrent.locks.AbstractQueuedSynchronizer$ConditionObject.awaitNanos(AbstractQueuedSynchronizer.java:2088)
	at org.apache.zookeeper.util.CircularBlockingQueue.poll(CircularBlockingQueue.java:105)
	at org.apache.zookeeper.server.quorum.QuorumCnxManager.pollSendQueue(QuorumCnxManager.java:1448)
	at org.apache.zookeeper.server.quorum.QuorumCnxManager.access$900(QuorumCnxManager.java:99)
	at org.apache.zookeeper.server.quorum.QuorumCnxManager$SendWorker.run(QuorumCnxManager.java:1272)
2021-11-08 11:12:40,390 [myid:1] - WARN  [RecvWorker:2:QuorumCnxManager$RecvWorker@1403] - Interrupting SendWorker thread from RecvWorker. sid: 2. myId: 1
2021-11-08 11:12:40,390 [myid:2] - WARN  [SendWorker:1:QuorumCnxManager$SendWorker@1295] - Send worker leaving thread id 1 my id = 2
2021-11-08 11:12:40,390 [myid:1] - INFO  [ListenerHandler-/127.0.0.1:30098:QuorumCnxManager$Listener$ListenerHandler@1071] - Received connection request from /127.0.0.1:10139
2021-11-08 11:12:40,392 [myid:1] - WARN  [SendWorker:2:QuorumCnxManager$SendWorker@1283] - Interrupted while waiting for message on queue
java.lang.InterruptedException
	at java.util.concurrent.locks.AbstractQueuedSynchronizer$ConditionObject.reportInterruptAfterWait(AbstractQueuedSynchronizer.java:2014)
	at java.util.concurrent.locks.AbstractQueuedSynchronizer$ConditionObject.awaitNanos(AbstractQueuedSynchronizer.java:2088)
	at org.apache.zookeeper.util.CircularBlockingQueue.poll(CircularBlockingQueue.java:105)
	at org.apache.zookeeper.server.quorum.QuorumCnxManager.pollSendQueue(QuorumCnxManager.java:1448)
	at org.apache.zookeeper.server.quorum.QuorumCnxManager.access$900(QuorumCnxManager.java:99)
	at org.apache.zookeeper.server.quorum.QuorumCnxManager$SendWorker.run(QuorumCnxManager.java:1272)
2021-11-08 11:12:40,392 [myid:1] - WARN  [SendWorker:2:QuorumCnxManager$SendWorker@1295] - Send worker leaving thread id 2 my id = 1
2021-11-08 11:12:40,393 [myid:2] - INFO  [WorkerReceiver[myid=2]:FastLeaderElection$Messenger$WorkerReceiver@390] - Notification: my state:FOLLOWING; n.sid:3, n.state:LEADING, n.leader:3, n.round:0x1, n.peerEpoch:0x1, n.zxid:0x0, message format version:0x2, n.config version:0x0
2021-11-08 11:12:40,393 [myid:3] - INFO  [WorkerReceiver[myid=3]:FastLeaderElection$Messenger$WorkerReceiver@390] - Notification: my state:LEADING; n.sid:2, n.state:FOLLOWING, n.leader:3, n.round:0x1, n.peerEpoch:0x1, n.zxid:0x0, message format version:0x2, n.config version:0x0
2021-11-08 11:12:40,394 [myid:2] - INFO  [WorkerReceiver[myid=2]:FastLeaderElection$Messenger$WorkerReceiver@390] - Notification: my state:FOLLOWING; n.sid:1, n.state:LOOKING, n.leader:3, n.round:0x1, n.peerEpoch:0x0, n.zxid:0x0, message format version:0x2, n.config version:0x0
2021-11-08 11:12:40,394 [myid:1] - INFO  [WorkerReceiver[myid=1]:FastLeaderElection$Messenger$WorkerReceiver@390] - Notification: my state:FOLLOWING; n.sid:2, n.state:LOOKING, n.leader:3, n.round:0x1, n.peerEpoch:0x0, n.zxid:0x0, message format version:0x2, n.config version:0x0
2021-11-08 11:12:40,395 [myid:2] - INFO  [WorkerReceiver[myid=2]:FastLeaderElection$Messenger$WorkerReceiver@390] - Notification: my state:FOLLOWING; n.sid:1, n.state:FOLLOWING, n.leader:3, n.round:0x1, n.peerEpoch:0x1, n.zxid:0x0, message format version:0x2, n.config version:0x0
2021-11-08 11:12:40,395 [myid:1] - INFO  [WorkerReceiver[myid=1]:FastLeaderElection$Messenger$WorkerReceiver@390] - Notification: my state:FOLLOWING; n.sid:2, n.state:FOLLOWING, n.leader:3, n.round:0x1, n.peerEpoch:0x1, n.zxid:0x0, message format version:0x2, n.config version:0x0
2021-11-08 11:12:40,418 [myid:] - INFO  [main:FourLetterWordMain@94] - connecting to 127.0.0.1 30092
2021-11-08 11:12:40,420 [myid:1] - INFO  [nioEventLoopGroup-23-3:NettyServerCnxn@294] - Processing stat command from /127.0.0.1:10140
2021-11-08 11:12:40,420 [myid:1] - INFO  [nioEventLoopGroup-23-3:StatCommand@52] - Stat command output
2021-11-08 11:12:40,421 [myid:] - INFO  [main:FourLetterWordMain@94] - connecting to 127.0.0.1 30093
2021-11-08 11:12:40,423 [myid:2] - INFO  [nioEventLoopGroup-25-1:NettyServerCnxn@294] - Processing stat command from /127.0.0.1:10141
2021-11-08 11:12:40,423 [myid:2] - INFO  [nioEventLoopGroup-25-1:StatCommand@52] - Stat command output
2021-11-08 11:12:40,425 [myid:] - INFO  [main:FourLetterWordMain@94] - connecting to 127.0.0.1 30094
2021-11-08 11:12:40,428 [myid:3] - INFO  [nioEventLoopGroup-21-1:NettyServerCnxn@294] - Processing stat command from /127.0.0.1:10142
2021-11-08 11:12:40,428 [myid:3] - INFO  [nioEventLoopGroup-21-1:StatCommand@52] - Stat command output
2021-11-08 11:12:40,429 [myid:] - INFO  [main:QuorumBase@422] - Shutting down quorum peer QuorumPeer[myid=1](plain=[0:0:0:0:0:0:0:0]:30092)(secure=disabled)
2021-11-08 11:12:40,429 [myid:] - INFO  [main:Follower@291] - shutdown Follower
2021-11-08 11:12:40,429 [myid:3] - ERROR [LearnerHandler-/127.0.0.1:10135:LearnerHandler@715] - Unexpected exception in LearnerHandler: 
java.io.EOFException
	at java.io.DataInputStream.readInt(DataInputStream.java:392)
	at org.apache.jute.BinaryInputArchive.readInt(BinaryInputArchive.java:96)
	at org.apache.zookeeper.server.quorum.QuorumPacket.deserialize(QuorumPacket.java:86)
	at org.apache.jute.BinaryInputArchive.readRecord(BinaryInputArchive.java:134)
	at org.apache.zookeeper.server.quorum.LearnerHandler.run(LearnerHandler.java:652)
2021-11-08 11:12:40,429 [myid:3] - INFO  [LearnerHandler-/127.0.0.1:10135:LearnerHandler@1155] - Synchronously closing socket to learner 1.
2021-11-08 11:12:40,429 [myid:1] - WARN  [QuorumPeer[myid=1](plain=[0:0:0:0:0:0:0:0]:30092)(secure=disabled):Follower@133] - Exception when following the leader
java.net.SocketException: Socket Closed
	at java.net.SocketInputStream.socketRead0(Native Method)
	at java.net.SocketInputStream.read(SocketInputStream.java:150)
	at java.net.SocketInputStream.read(SocketInputStream.java:121)
	at java.io.BufferedInputStream.fill(BufferedInputStream.java:246)
	at java.io.BufferedInputStream.read(BufferedInputStream.java:265)
	at java.io.DataInputStream.readInt(DataInputStream.java:387)
	at org.apache.jute.BinaryInputArchive.readInt(BinaryInputArchive.java:96)
	at org.apache.zookeeper.server.quorum.QuorumPacket.deserialize(QuorumPacket.java:86)
	at org.apache.jute.BinaryInputArchive.readRecord(BinaryInputArchive.java:134)
	at org.apache.zookeeper.server.quorum.Learner.readPacket(Learner.java:225)
	at org.apache.zookeeper.server.quorum.Follower.followLeader(Follower.java:128)
	at org.apache.zookeeper.server.quorum.QuorumPeer.run(QuorumPeer.java:1515)
2021-11-08 11:12:40,429 [myid:] - INFO  [main:ZooKeeperServer@829] - shutting down
2021-11-08 11:12:40,429 [myid:3] - WARN  [LearnerHandler-/127.0.0.1:10135:LearnerHandler@731] - ******* GOODBYE /127.0.0.1:10135 ********
2021-11-08 11:12:40,429 [myid:] - INFO  [main:RequestThrottler@258] - Shutting down
2021-11-08 11:12:40,429 [myid:1] - INFO  [QuorumPeer[myid=1](plain=[0:0:0:0:0:0:0:0]:30092)(secure=disabled):Follower@147] - Disconnected from leader (with address: /127.0.0.1:30097). Was connected for 287ms. Sync state: true
2021-11-08 11:12:40,430 [myid:1] - INFO  [QuorumPeer[myid=1](plain=[0:0:0:0:0:0:0:0]:30092)(secure=disabled):Follower@291] - shutdown Follower
2021-11-08 11:12:40,430 [myid:1] - INFO  [RequestThrottler:RequestThrottler@219] - Draining request throttler queue
2021-11-08 11:12:40,430 [myid:1] - INFO  [RequestThrottler:RequestThrottler@195] - RequestThrottler shutdown. Dropped 0 requests
2021-11-08 11:12:40,430 [myid:] - INFO  [main:FollowerRequestProcessor@172] - Shutting down
2021-11-08 11:12:40,430 [myid:] - INFO  [main:CommitProcessor@632] - Shutting down
2021-11-08 11:12:40,430 [myid:1] - INFO  [CommitProcessor:1:CommitProcessor@420] - CommitProcessor exited loop!
2021-11-08 11:12:40,430 [myid:] - INFO  [main:FinalRequestProcessor@684] - shutdown of request processor complete
2021-11-08 11:12:40,430 [myid:1] - INFO  [FollowerRequestProcessor:1:FollowerRequestProcessor@128] - FollowerRequestProcessor exited loop!
2021-11-08 11:12:40,431 [myid:] - INFO  [main:NettyServerCnxnFactory@647] - shutdown called /0:0:0:0:0:0:0:0:30092
2021-11-08 11:12:40,431 [myid:1] - INFO  [QuorumPeer[myid=1](plain=[0:0:0:0:0:0:0:0]:30092)(secure=disabled):QuorumPeer@915] - Peer state changed: looking
2021-11-08 11:12:40,431 [myid:1] - WARN  [QuorumPeer[myid=1](plain=[0:0:0:0:0:0:0:0]:30092)(secure=disabled):QuorumPeer@1563] - PeerState set to LOOKING
2021-11-08 11:12:40,431 [myid:1] - WARN  [QuorumPeer[myid=1](plain=[0:0:0:0:0:0:0:0]:30092)(secure=disabled):QuorumPeer@1545] - QuorumPeer main thread exited
2021-11-08 11:12:40,432 [myid:1] - INFO  [QuorumPeerListener:QuorumCnxManager$Listener@980] - Leaving listener
2021-11-08 11:12:40,432 [myid:2] - WARN  [RecvWorker:1:QuorumCnxManager$RecvWorker@1397] - Connection broken for id 1, my id = 2
java.io.EOFException
	at java.io.DataInputStream.readInt(DataInputStream.java:392)
	at org.apache.zookeeper.server.quorum.QuorumCnxManager$RecvWorker.run(QuorumCnxManager.java:1385)
2021-11-08 11:12:40,433 [myid:1] - WARN  [RecvWorker:3:QuorumCnxManager$RecvWorker@1397] - Connection broken for id 3, my id = 1
java.net.SocketException: Socket closed
	at java.net.SocketInputStream.socketRead0(Native Method)
	at java.net.SocketInputStream.read(SocketInputStream.java:150)
	at java.net.SocketInputStream.read(SocketInputStream.java:121)
	at java.io.BufferedInputStream.fill(BufferedInputStream.java:246)
	at java.io.BufferedInputStream.read(BufferedInputStream.java:265)
	at java.io.DataInputStream.readInt(DataInputStream.java:387)
	at org.apache.zookeeper.server.quorum.QuorumCnxManager$RecvWorker.run(QuorumCnxManager.java:1385)
2021-11-08 11:12:40,433 [myid:1] - WARN  [RecvWorker:3:QuorumCnxManager$RecvWorker@1403] - Interrupting SendWorker thread from RecvWorker. sid: 3. myId: 1
2021-11-08 11:12:40,433 [myid:1] - WARN  [SendWorker:3:QuorumCnxManager$SendWorker@1283] - Interrupted while waiting for message on queue
java.lang.InterruptedException
	at java.util.concurrent.locks.AbstractQueuedSynchronizer$ConditionObject.reportInterruptAfterWait(AbstractQueuedSynchronizer.java:2014)
	at java.util.concurrent.locks.AbstractQueuedSynchronizer$ConditionObject.awaitNanos(AbstractQueuedSynchronizer.java:2088)
	at org.apache.zookeeper.util.CircularBlockingQueue.poll(CircularBlockingQueue.java:105)
	at org.apache.zookeeper.server.quorum.QuorumCnxManager.pollSendQueue(QuorumCnxManager.java:1448)
	at org.apache.zookeeper.server.quorum.QuorumCnxManager.access$900(QuorumCnxManager.java:99)
	at org.apache.zookeeper.server.quorum.QuorumCnxManager$SendWorker.run(QuorumCnxManager.java:1272)
2021-11-08 11:12:40,433 [myid:2] - WARN  [RecvWorker:1:QuorumCnxManager$RecvWorker@1403] - Interrupting SendWorker thread from RecvWorker. sid: 1. myId: 2
2021-11-08 11:12:40,433 [myid:] - INFO  [main:QuorumBase@426] - Shutting down leader election QuorumPeer[myid=1](plain=[0:0:0:0:0:0:0:0]:30092)(secure=disabled)
2021-11-08 11:12:40,434 [myid:] - INFO  [main:QuorumBase@431] - Waiting for QuorumPeer[myid=1](plain=[0:0:0:0:0:0:0:0]:30092)(secure=disabled) to exit thread
2021-11-08 11:12:40,433 [myid:3] - WARN  [RecvWorker:1:QuorumCnxManager$RecvWorker@1397] - Connection broken for id 1, my id = 3
java.io.EOFException
	at java.io.DataInputStream.readInt(DataInputStream.java:392)
	at org.apache.zookeeper.server.quorum.QuorumCnxManager$RecvWorker.run(QuorumCnxManager.java:1385)
2021-11-08 11:12:40,433 [myid:1] - WARN  [SendWorker:2:QuorumCnxManager$SendWorker@1283] - Interrupted while waiting for message on queue
java.lang.InterruptedException
	at java.util.concurrent.locks.AbstractQueuedSynchronizer$ConditionObject.reportInterruptAfterWait(AbstractQueuedSynchronizer.java:2014)
	at java.util.concurrent.locks.AbstractQueuedSynchronizer$ConditionObject.awaitNanos(AbstractQueuedSynchronizer.java:2088)
	at org.apache.zookeeper.util.CircularBlockingQueue.poll(CircularBlockingQueue.java:105)
	at org.apache.zookeeper.server.quorum.QuorumCnxManager.pollSendQueue(QuorumCnxManager.java:1448)
	at org.apache.zookeeper.server.quorum.QuorumCnxManager.access$900(QuorumCnxManager.java:99)
	at org.apache.zookeeper.server.quorum.QuorumCnxManager$SendWorker.run(QuorumCnxManager.java:1272)
2021-11-08 11:12:40,432 [myid:1] - WARN  [RecvWorker:2:QuorumCnxManager$RecvWorker@1397] - Connection broken for id 2, my id = 1
java.net.SocketException: Socket closed
	at java.net.SocketInputStream.socketRead0(Native Method)
	at java.net.SocketInputStream.read(SocketInputStream.java:150)
	at java.net.SocketInputStream.read(SocketInputStream.java:121)
	at java.io.BufferedInputStream.fill(BufferedInputStream.java:246)
	at java.io.BufferedInputStream.read(BufferedInputStream.java:265)
	at java.io.DataInputStream.readInt(DataInputStream.java:387)
	at org.apache.zookeeper.server.quorum.QuorumCnxManager$RecvWorker.run(QuorumCnxManager.java:1385)
2021-11-08 11:12:40,434 [myid:1] - WARN  [SendWorker:2:QuorumCnxManager$SendWorker@1295] - Send worker leaving thread id 2 my id = 1
2021-11-08 11:12:40,434 [myid:3] - WARN  [RecvWorker:1:QuorumCnxManager$RecvWorker@1403] - Interrupting SendWorker thread from RecvWorker. sid: 1. myId: 3
2021-11-08 11:12:40,434 [myid:] - INFO  [main:FourLetterWordMain@94] - connecting to 127.0.0.1 30092
2021-11-08 11:12:40,434 [myid:2] - WARN  [SendWorker:1:QuorumCnxManager$SendWorker@1283] - Interrupted while waiting for message on queue
java.lang.InterruptedException
	at java.util.concurrent.locks.AbstractQueuedSynchronizer$ConditionObject.reportInterruptAfterWait(AbstractQueuedSynchronizer.java:2014)
	at java.util.concurrent.locks.AbstractQueuedSynchronizer$ConditionObject.awaitNanos(AbstractQueuedSynchronizer.java:2088)
	at org.apache.zookeeper.util.CircularBlockingQueue.poll(CircularBlockingQueue.java:105)
	at org.apache.zookeeper.server.quorum.QuorumCnxManager.pollSendQueue(QuorumCnxManager.java:1448)
	at org.apache.zookeeper.server.quorum.QuorumCnxManager.access$900(QuorumCnxManager.java:99)
	at org.apache.zookeeper.server.quorum.QuorumCnxManager$SendWorker.run(QuorumCnxManager.java:1272)
2021-11-08 11:12:40,433 [myid:1] - WARN  [SendWorker:3:QuorumCnxManager$SendWorker@1295] - Send worker leaving thread id 3 my id = 1
2021-11-08 11:12:40,435 [myid:2] - WARN  [SendWorker:1:QuorumCnxManager$SendWorker@1295] - Send worker leaving thread id 1 my id = 2
2021-11-08 11:12:40,435 [myid:3] - WARN  [SendWorker:1:QuorumCnxManager$SendWorker@1283] - Interrupted while waiting for message on queue
java.lang.InterruptedException
	at java.util.concurrent.locks.AbstractQueuedSynchronizer$ConditionObject.reportInterruptAfterWait(AbstractQueuedSynchronizer.java:2014)
	at java.util.concurrent.locks.AbstractQueuedSynchronizer$ConditionObject.awaitNanos(AbstractQueuedSynchronizer.java:2088)
	at org.apache.zookeeper.util.CircularBlockingQueue.poll(CircularBlockingQueue.java:105)
	at org.apache.zookeeper.server.quorum.QuorumCnxManager.pollSendQueue(QuorumCnxManager.java:1448)
	at org.apache.zookeeper.server.quorum.QuorumCnxManager.access$900(QuorumCnxManager.java:99)
	at org.apache.zookeeper.server.quorum.QuorumCnxManager$SendWorker.run(QuorumCnxManager.java:1272)
2021-11-08 11:12:40,435 [myid:1] - WARN  [RecvWorker:2:QuorumCnxManager$RecvWorker@1403] - Interrupting SendWorker thread from RecvWorker. sid: 2. myId: 1
2021-11-08 11:12:40,436 [myid:3] - WARN  [SendWorker:1:QuorumCnxManager$SendWorker@1295] - Send worker leaving thread id 1 my id = 3
2021-11-08 11:12:42,493 [myid:] - INFO  [main:FourLetterWordMain@94] - connecting to 127.0.0.1 30092
2021-11-08 11:12:42,494 [myid:] - INFO  [Thread-14:QuorumPeerConfig@174] - Reading configuration from: D:\mysoft\faiscoGit\myStudy\ZooKeeperLearning\apache-zookeeper-3.7.0\zookeeper-server\target\surefire\test2822455436040318635.junit.dir\zoo.cfg
2021-11-08 11:12:42,495 [myid:] - INFO  [Thread-14:QuorumPeerConfig@444] - clientPortAddress is 0.0.0.0:30092
2021-11-08 11:12:42,495 [myid:] - INFO  [Thread-14:QuorumPeerConfig@448] - secureClientPort is not set
2021-11-08 11:12:42,495 [myid:] - INFO  [Thread-14:QuorumPeerConfig@464] - observerMasterPort is not set
2021-11-08 11:12:42,495 [myid:] - INFO  [Thread-14:QuorumPeerConfig@481] - metricsProvider.className is org.apache.zookeeper.metrics.impl.DefaultMetricsProvider
2021-11-08 11:12:42,495 [myid:1] - INFO  [Thread-14:DatadirCleanupManager@78] - autopurge.snapRetainCount set to 3
2021-11-08 11:12:42,495 [myid:1] - INFO  [Thread-14:DatadirCleanupManager@79] - autopurge.purgeInterval set to 0
2021-11-08 11:12:42,495 [myid:1] - INFO  [Thread-14:DatadirCleanupManager@101] - Purge task is not scheduled.
2021-11-08 11:12:42,495 [myid:1] - INFO  [Thread-14:ManagedUtil@44] - Log4j 1.2 jmx support found and enabled.
2021-11-08 11:12:42,496 [myid:1] - ERROR [Thread-14:ManagedUtil@109] - Problems while registering log4j 1.2 jmx beans!
javax.management.InstanceAlreadyExistsException: log4j:hierarchy=default
	at com.sun.jmx.mbeanserver.Repository.addMBean(Repository.java:437)
	at com.sun.jmx.interceptor.DefaultMBeanServerInterceptor.registerWithRepository(DefaultMBeanServerInterceptor.java:1898)
	at com.sun.jmx.interceptor.DefaultMBeanServerInterceptor.registerDynamicMBean(DefaultMBeanServerInterceptor.java:966)
	at com.sun.jmx.interceptor.DefaultMBeanServerInterceptor.registerObject(DefaultMBeanServerInterceptor.java:900)
	at com.sun.jmx.interceptor.DefaultMBeanServerInterceptor.registerMBean(DefaultMBeanServerInterceptor.java:324)
	at com.sun.jmx.mbeanserver.JmxMBeanServer.registerMBean(JmxMBeanServer.java:522)
	at org.apache.zookeeper.jmx.ManagedUtil.registerLog4jMBeans(ManagedUtil.java:72)
	at org.apache.zookeeper.server.quorum.QuorumPeerMain.runFromConfig(QuorumPeerMain.java:147)
	at org.apache.zookeeper.server.quorum.QuorumPeerMain.initializeAndRun(QuorumPeerMain.java:137)
	at org.apache.zookeeper.server.quorum.QuorumPeerTestBase$MainThread.run(QuorumPeerTestBase.java:329)
	at java.lang.Thread.run(Thread.java:745)
2021-11-08 11:12:42,496 [myid:1] - WARN  [Thread-14:QuorumPeerMain@149] - Unable to register log4j JMX control
javax.management.JMException: javax.management.InstanceAlreadyExistsException: log4j:hierarchy=default
	at org.apache.zookeeper.jmx.ManagedUtil.registerLog4jMBeans(ManagedUtil.java:110)
	at org.apache.zookeeper.server.quorum.QuorumPeerMain.runFromConfig(QuorumPeerMain.java:147)
	at org.apache.zookeeper.server.quorum.QuorumPeerMain.initializeAndRun(QuorumPeerMain.java:137)
	at org.apache.zookeeper.server.quorum.QuorumPeerTestBase$MainThread.run(QuorumPeerTestBase.java:329)
	at java.lang.Thread.run(Thread.java:745)
2021-11-08 11:12:42,496 [myid:1] - INFO  [Thread-14:QuorumPeerMain@152] - Starting quorum peer, myid=1
2021-11-08 11:12:42,496 [myid:1] - INFO  [Thread-14:ServerMetrics@62] - ServerMetrics initialized with provider org.apache.zookeeper.metrics.impl.DefaultMetricsProvider@681a39bf
2021-11-08 11:12:42,496 [myid:1] - INFO  [Thread-14:DigestAuthenticationProvider@61] - zookeeper.DigestAuthenticationProvider.enabled = true
2021-11-08 11:12:42,496 [myid:1] - INFO  [Thread-14:NettyServerCnxnFactory@507] - zookeeper.client.portUnification=false
2021-11-08 11:12:42,496 [myid:1] - INFO  [Thread-14:NettyServerCnxnFactory@519] - zookeeper.netty.advancedFlowControl.enabled = false
2021-11-08 11:12:42,496 [myid:1] - INFO  [Thread-14:NettyServerCnxnFactory@106] - handshakeThrottlingEnabled = false, zookeeper.netty.server.outstandingHandshake.limit = -1
2021-11-08 11:12:42,896 [myid:1] - INFO  [Thread-14:ServerCnxnFactory@169] - Using org.apache.zookeeper.server.NettyServerCnxnFactory as server connection factory
2021-11-08 11:12:42,896 [myid:1] - WARN  [Thread-14:ServerCnxnFactory@309] - maxCnxns is not configured, using default value 0.
2021-11-08 11:12:42,896 [myid:1] - INFO  [Thread-14:NettyServerCnxnFactory@606] - configure org.apache.zookeeper.server.NettyServerCnxnFactory@129b636d secure: false on addr /0.0.0.0:30092
2021-11-08 11:12:42,897 [myid:1] - INFO  [Thread-14:FileTxnSnapLog@124] - zookeeper.snapshot.trust.empty : false
2021-11-08 11:12:42,897 [myid:1] - INFO  [Thread-14:QuorumPeer@1742] - Local sessions disabled
2021-11-08 11:12:42,897 [myid:1] - INFO  [Thread-14:QuorumPeer@1753] - Local session upgrading disabled
2021-11-08 11:12:42,897 [myid:1] - INFO  [Thread-14:QuorumPeer@1720] - tickTime set to 4000
2021-11-08 11:12:42,897 [myid:1] - INFO  [Thread-14:QuorumPeer@1764] - minSessionTimeout set to 8000
2021-11-08 11:12:42,897 [myid:1] - INFO  [Thread-14:QuorumPeer@1775] - maxSessionTimeout set to 80000
2021-11-08 11:12:42,897 [myid:1] - INFO  [Thread-14:QuorumPeer@1800] - initLimit set to 10
2021-11-08 11:12:42,897 [myid:1] - INFO  [Thread-14:QuorumPeer@1987] - syncLimit set to 5
2021-11-08 11:12:42,897 [myid:1] - INFO  [Thread-14:QuorumPeer@2002] - connectToLearnerMasterLimit set to 5
2021-11-08 11:12:42,897 [myid:1] - INFO  [Thread-14:WatchManagerFactory@42] - Using org.apache.zookeeper.server.watch.WatchManager as watch manager
2021-11-08 11:12:42,897 [myid:1] - INFO  [Thread-14:WatchManagerFactory@42] - Using org.apache.zookeeper.server.watch.WatchManager as watch manager
2021-11-08 11:12:42,897 [myid:1] - INFO  [Thread-14:ZKDatabase@133] - zookeeper.snapshotSizeFactor = 0.33
2021-11-08 11:12:42,897 [myid:1] - INFO  [Thread-14:ZKDatabase@153] - zookeeper.commitLogCount=500
2021-11-08 11:12:42,897 [myid:1] - INFO  [Thread-14:QuorumPeer@2066] - Using insecure (non-TLS) quorum communication
2021-11-08 11:12:42,897 [myid:1] - INFO  [Thread-14:QuorumPeer@2072] - Port unification enabled
2021-11-08 11:12:42,898 [myid:1] - INFO  [Thread-14:QuorumPeer@179] - multiAddress.enabled set to false
2021-11-08 11:12:42,898 [myid:1] - INFO  [Thread-14:QuorumPeer@204] - multiAddress.reachabilityCheckEnabled set to true
2021-11-08 11:12:42,898 [myid:1] - INFO  [Thread-14:QuorumPeer@191] - multiAddress.reachabilityCheckTimeoutMs set to 1000
2021-11-08 11:12:42,898 [myid:1] - INFO  [Thread-14:QuorumPeer@2527] - QuorumPeer communication is not secured! (SASL auth disabled)
2021-11-08 11:12:42,898 [myid:1] - INFO  [Thread-14:QuorumPeer@2552] - quorum.cnxn.threads.size set to 20
2021-11-08 11:12:42,899 [myid:1] - INFO  [Thread-14:FileSnap@85] - Reading snapshot D:\mysoft\faiscoGit\myStudy\ZooKeeperLearning\apache-zookeeper-3.7.0\zookeeper-server\target\surefire\test2822455436040318635.junit.dir\data\version-2\snapshot.0
2021-11-08 11:12:42,900 [myid:1] - INFO  [Thread-14:DataTree@1716] - The digest value is empty in snapshot
2021-11-08 11:12:42,900 [myid:1] - INFO  [Thread-14:ZKDatabase@290] - Snapshot loaded in 2 ms, highest zxid is 0x0, digest is 1371985504
2021-11-08 11:12:42,900 [myid:1] - INFO  [Thread-14:NettyServerCnxnFactory@695] - binding to port /0.0.0.0:30092
2021-11-08 11:12:42,901 [myid:1] - INFO  [Thread-14:NettyServerCnxnFactory@700] - bound to port 30092
2021-11-08 11:12:42,901 [myid:1] - INFO  [Thread-14:QuorumPeer@2569] - Using 20000ms as the quorum cnxn socket timeout
2021-11-08 11:12:42,901 [myid:1] - INFO  [Thread-14:QuorumCnxManager$Listener@924] - Election port bind maximum retries is 3
2021-11-08 11:12:42,902 [myid:1] - INFO  [ListenerHandler-/127.0.0.1:30098:QuorumCnxManager$Listener$ListenerHandler@1125] - Creating TLS-enabled quorum server socket
2021-11-08 11:12:42,902 [myid:1] - INFO  [QuorumPeer[myid=1](plain=[0:0:0:0:0:0:0:0]:30092)(secure=disabled):QuorumPeer@1430] - LOOKING
2021-11-08 11:12:42,902 [myid:1] - INFO  [ListenerHandler-/127.0.0.1:30098:QuorumCnxManager$Listener$ListenerHandler@1066] - 1 is accepting connections now, my election bind port: /127.0.0.1:30098
2021-11-08 11:12:42,902 [myid:1] - INFO  [QuorumPeer[myid=1](plain=[0:0:0:0:0:0:0:0]:30092)(secure=disabled):FastLeaderElection@947] - New election. My id = 1, proposed zxid=0x0
2021-11-08 11:12:42,903 [myid:1] - INFO  [WorkerReceiver[myid=1]:FastLeaderElection$Messenger$WorkerReceiver@390] - Notification: my state:LOOKING; n.sid:1, n.state:LOOKING, n.leader:1, n.round:0x1, n.peerEpoch:0x1, n.zxid:0x0, message format version:0x2, n.config version:0x0
2021-11-08 11:12:42,903 [myid:2] - INFO  [ListenerHandler-/127.0.0.1:30099:QuorumCnxManager$Listener$ListenerHandler@1071] - Received connection request from /127.0.0.1:10302
2021-11-08 11:12:42,903 [myid:3] - INFO  [ListenerHandler-/127.0.0.1:30100:QuorumCnxManager$Listener$ListenerHandler@1071] - Received connection request from /127.0.0.1:10303
2021-11-08 11:12:42,903 [myid:1] - INFO  [QuorumConnectionThread-[myid=1]-1:QuorumCnxManager@514] - Have smaller server identifier, so dropping the connection: (myId:1 --> sid:2)
2021-11-08 11:12:42,903 [myid:1] - INFO  [QuorumConnectionThread-[myid=1]-2:QuorumCnxManager@514] - Have smaller server identifier, so dropping the connection: (myId:1 --> sid:3)
2021-11-08 11:12:42,904 [myid:1] - INFO  [ListenerHandler-/127.0.0.1:30098:QuorumCnxManager$Listener$ListenerHandler@1071] - Received connection request from /127.0.0.1:10304
2021-11-08 11:12:42,906 [myid:1] - INFO  [ListenerHandler-/127.0.0.1:30098:UnifiedServerSocket$UnifiedSocket@274] - Accepted plaintext connection from /127.0.0.1:10304
2021-11-08 11:12:42,906 [myid:1] - INFO  [ListenerHandler-/127.0.0.1:30098:QuorumCnxManager$Listener$ListenerHandler@1071] - Received connection request from /127.0.0.1:10305
2021-11-08 11:12:42,907 [myid:1] - INFO  [ListenerHandler-/127.0.0.1:30098:UnifiedServerSocket$UnifiedSocket@274] - Accepted plaintext connection from /127.0.0.1:10305
2021-11-08 11:12:42,907 [myid:1] - INFO  [WorkerReceiver[myid=1]:FastLeaderElection$Messenger$WorkerReceiver@390] - Notification: my state:LOOKING; n.sid:2, n.state:FOLLOWING, n.leader:3, n.round:0x1, n.peerEpoch:0x1, n.zxid:0x0, message format version:0x2, n.config version:0x0
2021-11-08 11:12:42,907 [myid:2] - INFO  [WorkerReceiver[myid=2]:FastLeaderElection$Messenger$WorkerReceiver@390] - Notification: my state:FOLLOWING; n.sid:1, n.state:LOOKING, n.leader:1, n.round:0x1, n.peerEpoch:0x1, n.zxid:0x0, message format version:0x2, n.config version:0x0
2021-11-08 11:12:42,908 [myid:1] - INFO  [WorkerReceiver[myid=1]:FastLeaderElection$Messenger$WorkerReceiver@390] - Notification: my state:LOOKING; n.sid:3, n.state:LOOKING, n.leader:3, n.round:0x1, n.peerEpoch:0x0, n.zxid:0x0, message format version:0x2, n.config version:0x0
2021-11-08 11:12:42,908 [myid:3] - INFO  [WorkerReceiver[myid=3]:FastLeaderElection$Messenger$WorkerReceiver@390] - Notification: my state:LEADING; n.sid:1, n.state:LOOKING, n.leader:1, n.round:0x1, n.peerEpoch:0x1, n.zxid:0x0, message format version:0x2, n.config version:0x0
2021-11-08 11:12:42,908 [myid:1] - INFO  [WorkerReceiver[myid=1]:FastLeaderElection$Messenger$WorkerReceiver@390] - Notification: my state:LOOKING; n.sid:2, n.state:FOLLOWING, n.leader:3, n.round:0x1, n.peerEpoch:0x1, n.zxid:0x0, message format version:0x2, n.config version:0x0
2021-11-08 11:12:42,908 [myid:1] - INFO  [WorkerReceiver[myid=1]:FastLeaderElection$Messenger$WorkerReceiver@390] - Notification: my state:LOOKING; n.sid:3, n.state:LEADING, n.leader:3, n.round:0x1, n.peerEpoch:0x1, n.zxid:0x0, message format version:0x2, n.config version:0x0
2021-11-08 11:12:42,908 [myid:1] - INFO  [QuorumPeer[myid=1](plain=[0:0:0:0:0:0:0:0]:30092)(secure=disabled):QuorumPeer@901] - Peer state changed: following
2021-11-08 11:12:42,908 [myid:1] - INFO  [QuorumPeer[myid=1](plain=[0:0:0:0:0:0:0:0]:30092)(secure=disabled):QuorumPeer@1512] - FOLLOWING
2021-11-08 11:12:42,908 [myid:1] - INFO  [QuorumPeer[myid=1](plain=[0:0:0:0:0:0:0:0]:30092)(secure=disabled):ZooKeeperServer@1300] - minSessionTimeout set to 8000
2021-11-08 11:12:42,909 [myid:1] - INFO  [QuorumPeer[myid=1](plain=[0:0:0:0:0:0:0:0]:30092)(secure=disabled):ZooKeeperServer@1309] - maxSessionTimeout set to 80000
2021-11-08 11:12:42,909 [myid:1] - INFO  [QuorumPeer[myid=1](plain=[0:0:0:0:0:0:0:0]:30092)(secure=disabled):ResponseCache@45] - getData response cache size is initialized with value 400.
2021-11-08 11:12:42,909 [myid:1] - INFO  [QuorumPeer[myid=1](plain=[0:0:0:0:0:0:0:0]:30092)(secure=disabled):ResponseCache@45] - getChildren response cache size is initialized with value 400.
2021-11-08 11:12:42,909 [myid:1] - INFO  [QuorumPeer[myid=1](plain=[0:0:0:0:0:0:0:0]:30092)(secure=disabled):RequestPathMetricsCollector@109] - zookeeper.pathStats.slotCapacity = 60
2021-11-08 11:12:42,909 [myid:1] - INFO  [QuorumPeer[myid=1](plain=[0:0:0:0:0:0:0:0]:30092)(secure=disabled):RequestPathMetricsCollector@110] - zookeeper.pathStats.slotDuration = 15
2021-11-08 11:12:42,909 [myid:1] - INFO  [QuorumPeer[myid=1](plain=[0:0:0:0:0:0:0:0]:30092)(secure=disabled):RequestPathMetricsCollector@111] - zookeeper.pathStats.maxDepth = 6
2021-11-08 11:12:42,909 [myid:1] - INFO  [QuorumPeer[myid=1](plain=[0:0:0:0:0:0:0:0]:30092)(secure=disabled):RequestPathMetricsCollector@112] - zookeeper.pathStats.initialDelay = 5
2021-11-08 11:12:42,909 [myid:1] - INFO  [QuorumPeer[myid=1](plain=[0:0:0:0:0:0:0:0]:30092)(secure=disabled):RequestPathMetricsCollector@113] - zookeeper.pathStats.delay = 5
2021-11-08 11:12:42,909 [myid:1] - INFO  [QuorumPeer[myid=1](plain=[0:0:0:0:0:0:0:0]:30092)(secure=disabled):RequestPathMetricsCollector@114] - zookeeper.pathStats.enabled = false
2021-11-08 11:12:42,909 [myid:1] - INFO  [QuorumPeer[myid=1](plain=[0:0:0:0:0:0:0:0]:30092)(secure=disabled):ZooKeeperServer@1536] - The max bytes for all large requests are set to 104857600
2021-11-08 11:12:42,909 [myid:1] - INFO  [QuorumPeer[myid=1](plain=[0:0:0:0:0:0:0:0]:30092)(secure=disabled):ZooKeeperServer@1550] - The large request threshold is set to -1
2021-11-08 11:12:42,909 [myid:1] - INFO  [QuorumPeer[myid=1](plain=[0:0:0:0:0:0:0:0]:30092)(secure=disabled):AuthenticationHelper@66] - zookeeper.enforce.auth.enabled = false
2021-11-08 11:12:42,909 [myid:1] - INFO  [QuorumPeer[myid=1](plain=[0:0:0:0:0:0:0:0]:30092)(secure=disabled):AuthenticationHelper@67] - zookeeper.enforce.auth.schemes = []
2021-11-08 11:12:42,909 [myid:1] - INFO  [QuorumPeer[myid=1](plain=[0:0:0:0:0:0:0:0]:30092)(secure=disabled):ZooKeeperServer@361] - Created server with tickTime 4000 minSessionTimeout 8000 maxSessionTimeout 80000 clientPortListenBacklog -1 datadir D:\mysoft\faiscoGit\myStudy\ZooKeeperLearning\apache-zookeeper-3.7.0\zookeeper-server\target\surefire\test2822455436040318635.junit.dir\data\version-2 snapdir D:\mysoft\faiscoGit\myStudy\ZooKeeperLearning\apache-zookeeper-3.7.0\zookeeper-server\target\surefire\test2822455436040318635.junit.dir\data\version-2
2021-11-08 11:12:42,909 [myid:1] - INFO  [QuorumPeer[myid=1](plain=[0:0:0:0:0:0:0:0]:30092)(secure=disabled):Follower@77] - FOLLOWING - LEADER ELECTION TOOK - 6 MS
2021-11-08 11:12:42,909 [myid:1] - INFO  [QuorumPeer[myid=1](plain=[0:0:0:0:0:0:0:0]:30092)(secure=disabled):QuorumPeer@915] - Peer state changed: following - discovery
2021-11-08 11:12:42,910 [myid:1] - INFO  [LeaderConnector-/127.0.0.1:30097:Learner$LeaderConnector@381] - Successfully connected to leader, using address: /127.0.0.1:30097
2021-11-08 11:12:42,911 [myid:3] - INFO  [LearnerHandler-/127.0.0.1:10306:LearnerHandler@506] - Follower sid: 1 : info : 127.0.0.1:30095:30098:participant;0.0.0.0:30092
2021-11-08 11:12:42,911 [myid:3] - INFO  [LearnerHandler-/127.0.0.1:10306:ZKDatabase@346] - On disk txn sync enabled with snapshotSizeFactor 0.33
2021-11-08 11:12:42,911 [myid:1] - INFO  [QuorumPeer[myid=1](plain=[0:0:0:0:0:0:0:0]:30092)(secure=disabled):QuorumPeer@915] - Peer state changed: following - synchronization
2021-11-08 11:12:42,911 [myid:3] - INFO  [LearnerHandler-/127.0.0.1:10306:LearnerHandler@801] - Synchronizing with Learner sid: 1 maxCommittedLog=0x0 minCommittedLog=0x0 lastProcessedZxid=0x100000000 peerLastZxid=0x0
2021-11-08 11:12:42,912 [myid:1] - INFO  [QuorumPeer[myid=1](plain=[0:0:0:0:0:0:0:0]:30092)(secure=disabled):QuorumPeer@920] - Peer state changed: following - synchronization - snap
2021-11-08 11:12:42,912 [myid:3] - INFO  [LearnerHandler-/127.0.0.1:10306:LearnerHandler@568] - Sending snapshot last zxid of peer is 0x0, zxid of leader is 0x100000000, send zxid of db as 0x100000000, 1 concurrent snapshot sync, snapshot sync was exempt from throttle
2021-11-08 11:12:42,912 [myid:1] - INFO  [QuorumPeer[myid=1](plain=[0:0:0:0:0:0:0:0]:30092)(secure=disabled):Learner@573] - Getting a snapshot from leader 0x100000000
2021-11-08 11:12:42,912 [myid:1] - INFO  [QuorumPeer[myid=1](plain=[0:0:0:0:0:0:0:0]:30092)(secure=disabled):WatchManagerFactory@42] - Using org.apache.zookeeper.server.watch.WatchManager as watch manager
2021-11-08 11:12:42,912 [myid:1] - INFO  [QuorumPeer[myid=1](plain=[0:0:0:0:0:0:0:0]:30092)(secure=disabled):WatchManagerFactory@42] - Using org.apache.zookeeper.server.watch.WatchManager as watch manager
2021-11-08 11:12:42,914 [myid:1] - INFO  [QuorumPeer[myid=1](plain=[0:0:0:0:0:0:0:0]:30092)(secure=disabled):Learner@734] - Learner received NEWLEADER message
2021-11-08 11:12:42,914 [myid:1] - INFO  [QuorumPeer[myid=1](plain=[0:0:0:0:0:0:0:0]:30092)(secure=disabled):QuorumPeer@1870] - Dynamic reconfig is disabled, we don't store the last seen config.
2021-11-08 11:12:42,914 [myid:1] - INFO  [QuorumPeer[myid=1](plain=[0:0:0:0:0:0:0:0]:30092)(secure=disabled):FileTxnSnapLog@479] - Snapshotting: 0x100000000 to D:\mysoft\faiscoGit\myStudy\ZooKeeperLearning\apache-zookeeper-3.7.0\zookeeper-server\target\surefire\test2822455436040318635.junit.dir\data\version-2\snapshot.100000000
2021-11-08 11:12:42,918 [myid:1] - INFO  [QuorumPeer[myid=1](plain=[0:0:0:0:0:0:0:0]:30092)(secure=disabled):ZooKeeperServer@543] - Snapshot taken in 4 ms
2021-11-08 11:12:42,921 [myid:1] - INFO  [QuorumPeer[myid=1](plain=[0:0:0:0:0:0:0:0]:30092)(secure=disabled):QuorumPeer@920] - Peer state changed: following - synchronization
2021-11-08 11:12:42,921 [myid:1] - INFO  [QuorumPeer[myid=1](plain=[0:0:0:0:0:0:0:0]:30092)(secure=disabled):CommitProcessor@491] - Configuring CommitProcessor with readBatchSize -1 commitBatchSize 1
2021-11-08 11:12:42,921 [myid:1] - INFO  [QuorumPeer[myid=1](plain=[0:0:0:0:0:0:0:0]:30092)(secure=disabled):CommitProcessor@452] - Configuring CommitProcessor with 6 worker threads.
2021-11-08 11:12:42,921 [myid:1] - INFO  [QuorumPeer[myid=1](plain=[0:0:0:0:0:0:0:0]:30092)(secure=disabled):FollowerRequestProcessor@59] - Initialized FollowerRequestProcessor with zookeeper.follower.skipLearnerRequestToNextProcessor as false
2021-11-08 11:12:42,922 [myid:1] - INFO  [QuorumPeer[myid=1](plain=[0:0:0:0:0:0:0:0]:30092)(secure=disabled):Learner@718] - Learner received UPTODATE message
2021-11-08 11:12:42,922 [myid:1] - INFO  [QuorumPeer[myid=1](plain=[0:0:0:0:0:0:0:0]:30092)(secure=disabled):QuorumPeer@915] - Peer state changed: following - broadcast
2021-11-08 11:12:43,010 [myid:1] - INFO  [nioEventLoopGroup-28-1:NettyServerCnxn@294] - Processing stat command from /127.0.0.1:10217
2021-11-08 11:12:43,010 [myid:1] - INFO  [nioEventLoopGroup-28-1:StatCommand@52] - Stat command output
2021-11-08 11:12:43,011 [myid:] - INFO  [main:QuorumBase@422] - Shutting down quorum peer QuorumPeer[myid=2](plain=[0:0:0:0:0:0:0:0]:30093)(secure=disabled)
2021-11-08 11:12:43,011 [myid:] - INFO  [main:Follower@291] - shutdown Follower
2021-11-08 11:12:43,011 [myid:3] - ERROR [LearnerHandler-/127.0.0.1:10136:LearnerHandler@715] - Unexpected exception in LearnerHandler: 
java.io.EOFException
	at java.io.DataInputStream.readInt(DataInputStream.java:392)
	at org.apache.jute.BinaryInputArchive.readInt(BinaryInputArchive.java:96)
	at org.apache.zookeeper.server.quorum.QuorumPacket.deserialize(QuorumPacket.java:86)
	at org.apache.jute.BinaryInputArchive.readRecord(BinaryInputArchive.java:134)
	at org.apache.zookeeper.server.quorum.LearnerHandler.run(LearnerHandler.java:652)
2021-11-08 11:12:43,011 [myid:2] - WARN  [QuorumPeer[myid=2](plain=[0:0:0:0:0:0:0:0]:30093)(secure=disabled):Follower@133] - Exception when following the leader
java.net.SocketException: Socket Closed
	at java.net.SocketInputStream.socketRead0(Native Method)
	at java.net.SocketInputStream.read(SocketInputStream.java:150)
	at java.net.SocketInputStream.read(SocketInputStream.java:121)
	at java.io.BufferedInputStream.fill(BufferedInputStream.java:246)
	at java.io.BufferedInputStream.read(BufferedInputStream.java:265)
	at java.io.DataInputStream.readInt(DataInputStream.java:387)
	at org.apache.jute.BinaryInputArchive.readInt(BinaryInputArchive.java:96)
	at org.apache.zookeeper.server.quorum.QuorumPacket.deserialize(QuorumPacket.java:86)
	at org.apache.jute.BinaryInputArchive.readRecord(BinaryInputArchive.java:134)
	at org.apache.zookeeper.server.quorum.Learner.readPacket(Learner.java:225)
	at org.apache.zookeeper.server.quorum.Follower.followLeader(Follower.java:128)
	at org.apache.zookeeper.server.quorum.QuorumPeer.run(QuorumPeer.java:1515)
2021-11-08 11:12:43,011 [myid:] - INFO  [main:ZooKeeperServer@829] - shutting down
2021-11-08 11:12:43,011 [myid:2] - INFO  [QuorumPeer[myid=2](plain=[0:0:0:0:0:0:0:0]:30093)(secure=disabled):Follower@147] - Disconnected from leader (with address: /127.0.0.1:30097). Was connected for 2871ms. Sync state: true
2021-11-08 11:12:43,011 [myid:3] - INFO  [LearnerHandler-/127.0.0.1:10136:LearnerHandler@1155] - Synchronously closing socket to learner 2.
2021-11-08 11:12:43,011 [myid:2] - INFO  [QuorumPeer[myid=2](plain=[0:0:0:0:0:0:0:0]:30093)(secure=disabled):Follower@291] - shutdown Follower
2021-11-08 11:12:43,012 [myid:3] - WARN  [LearnerHandler-/127.0.0.1:10136:LearnerHandler@731] - ******* GOODBYE /127.0.0.1:10136 ********
2021-11-08 11:12:43,011 [myid:] - INFO  [main:RequestThrottler@258] - Shutting down
2021-11-08 11:12:43,012 [myid:2] - INFO  [RequestThrottler:RequestThrottler@219] - Draining request throttler queue
2021-11-08 11:12:43,013 [myid:2] - INFO  [RequestThrottler:RequestThrottler@195] - RequestThrottler shutdown. Dropped 0 requests
2021-11-08 11:12:43,013 [myid:] - INFO  [main:FollowerRequestProcessor@172] - Shutting down
2021-11-08 11:12:43,013 [myid:] - INFO  [main:CommitProcessor@632] - Shutting down
2021-11-08 11:12:43,013 [myid:] - INFO  [main:FinalRequestProcessor@684] - shutdown of request processor complete
2021-11-08 11:12:43,013 [myid:] - INFO  [main:NettyServerCnxnFactory@647] - shutdown called /0:0:0:0:0:0:0:0:30093
2021-11-08 11:12:43,013 [myid:2] - INFO  [QuorumPeer[myid=2](plain=[0:0:0:0:0:0:0:0]:30093)(secure=disabled):QuorumPeer@915] - Peer state changed: looking
2021-11-08 11:12:43,013 [myid:2] - WARN  [QuorumPeer[myid=2](plain=[0:0:0:0:0:0:0:0]:30093)(secure=disabled):QuorumPeer@1563] - PeerState set to LOOKING
2021-11-08 11:12:43,013 [myid:2] - WARN  [QuorumPeer[myid=2](plain=[0:0:0:0:0:0:0:0]:30093)(secure=disabled):QuorumPeer@1545] - QuorumPeer main thread exited
2021-11-08 11:12:43,015 [myid:2] - INFO  [CommitProcessor:2:CommitProcessor@420] - CommitProcessor exited loop!
2021-11-08 11:12:43,015 [myid:2] - INFO  [QuorumPeerListener:QuorumCnxManager$Listener@980] - Leaving listener
2021-11-08 11:12:43,016 [myid:2] - INFO  [FollowerRequestProcessor:2:FollowerRequestProcessor@128] - FollowerRequestProcessor exited loop!
2021-11-08 11:12:43,024 [myid:2] - WARN  [SendWorker:3:QuorumCnxManager$SendWorker@1283] - Interrupted while waiting for message on queue
java.lang.InterruptedException
	at java.util.concurrent.locks.AbstractQueuedSynchronizer$ConditionObject.reportInterruptAfterWait(AbstractQueuedSynchronizer.java:2014)
	at java.util.concurrent.locks.AbstractQueuedSynchronizer$ConditionObject.awaitNanos(AbstractQueuedSynchronizer.java:2088)
	at org.apache.zookeeper.util.CircularBlockingQueue.poll(CircularBlockingQueue.java:105)
	at org.apache.zookeeper.server.quorum.QuorumCnxManager.pollSendQueue(QuorumCnxManager.java:1448)
	at org.apache.zookeeper.server.quorum.QuorumCnxManager.access$900(QuorumCnxManager.java:99)
	at org.apache.zookeeper.server.quorum.QuorumCnxManager$SendWorker.run(QuorumCnxManager.java:1272)
2021-11-08 11:12:43,024 [myid:] - INFO  [main:QuorumBase@426] - Shutting down leader election QuorumPeer[myid=2](plain=[0:0:0:0:0:0:0:0]:30093)(secure=disabled)
2021-11-08 11:12:43,025 [myid:] - INFO  [main:QuorumBase@431] - Waiting for QuorumPeer[myid=2](plain=[0:0:0:0:0:0:0:0]:30093)(secure=disabled) to exit thread
2021-11-08 11:12:43,025 [myid:] - INFO  [main:FourLetterWordMain@94] - connecting to 127.0.0.1 30093
2021-11-08 11:12:43,023 [myid:3] - WARN  [RecvWorker:2:QuorumCnxManager$RecvWorker@1397] - Connection broken for id 2, my id = 3
java.io.EOFException
	at java.io.DataInputStream.readInt(DataInputStream.java:392)
	at org.apache.zookeeper.server.quorum.QuorumCnxManager$RecvWorker.run(QuorumCnxManager.java:1385)
2021-11-08 11:12:43,025 [myid:3] - WARN  [RecvWorker:2:QuorumCnxManager$RecvWorker@1403] - Interrupting SendWorker thread from RecvWorker. sid: 2. myId: 3
2021-11-08 11:12:43,022 [myid:2] - WARN  [RecvWorker:1:QuorumCnxManager$RecvWorker@1397] - Connection broken for id 1, my id = 2
java.net.SocketException: Socket closed
	at java.net.SocketInputStream.socketRead0(Native Method)
	at java.net.SocketInputStream.read(SocketInputStream.java:150)
	at java.net.SocketInputStream.read(SocketInputStream.java:121)
	at java.io.BufferedInputStream.fill(BufferedInputStream.java:246)
	at java.io.BufferedInputStream.read(BufferedInputStream.java:265)
	at java.io.DataInputStream.readInt(DataInputStream.java:387)
	at org.apache.zookeeper.server.quorum.QuorumCnxManager$RecvWorker.run(QuorumCnxManager.java:1385)
2021-11-08 11:12:43,026 [myid:3] - WARN  [SendWorker:2:QuorumCnxManager$SendWorker@1283] - Interrupted while waiting for message on queue
java.lang.InterruptedException
	at java.util.concurrent.locks.AbstractQueuedSynchronizer$ConditionObject.reportInterruptAfterWait(AbstractQueuedSynchronizer.java:2014)
	at java.util.concurrent.locks.AbstractQueuedSynchronizer$ConditionObject.awaitNanos(AbstractQueuedSynchronizer.java:2088)
	at org.apache.zookeeper.util.CircularBlockingQueue.poll(CircularBlockingQueue.java:105)
	at org.apache.zookeeper.server.quorum.QuorumCnxManager.pollSendQueue(QuorumCnxManager.java:1448)
	at org.apache.zookeeper.server.quorum.QuorumCnxManager.access$900(QuorumCnxManager.java:99)
	at org.apache.zookeeper.server.quorum.QuorumCnxManager$SendWorker.run(QuorumCnxManager.java:1272)
2021-11-08 11:12:43,022 [myid:1] - WARN  [RecvWorker:2:QuorumCnxManager$RecvWorker@1397] - Connection broken for id 2, my id = 1
java.io.EOFException
	at java.io.DataInputStream.readInt(DataInputStream.java:392)
	at org.apache.zookeeper.server.quorum.QuorumCnxManager$RecvWorker.run(QuorumCnxManager.java:1385)
2021-11-08 11:12:43,026 [myid:3] - WARN  [SendWorker:2:QuorumCnxManager$SendWorker@1295] - Send worker leaving thread id 2 my id = 3
2021-11-08 11:12:43,026 [myid:2] - WARN  [RecvWorker:1:QuorumCnxManager$RecvWorker@1403] - Interrupting SendWorker thread from RecvWorker. sid: 1. myId: 2
2021-11-08 11:12:43,026 [myid:2] - WARN  [RecvWorker:3:QuorumCnxManager$RecvWorker@1397] - Connection broken for id 3, my id = 2
java.net.SocketException: Socket closed
	at java.net.SocketInputStream.read(SocketInputStream.java:183)
	at java.net.SocketInputStream.read(SocketInputStream.java:121)
	at java.io.BufferedInputStream.fill(BufferedInputStream.java:246)
	at java.io.BufferedInputStream.read(BufferedInputStream.java:265)
	at java.io.DataInputStream.readInt(DataInputStream.java:387)
	at org.apache.zookeeper.server.quorum.QuorumCnxManager$RecvWorker.run(QuorumCnxManager.java:1385)
2021-11-08 11:12:43,026 [myid:2] - WARN  [RecvWorker:3:QuorumCnxManager$RecvWorker@1403] - Interrupting SendWorker thread from RecvWorker. sid: 3. myId: 2
2021-11-08 11:12:43,024 [myid:2] - WARN  [SendWorker:3:QuorumCnxManager$SendWorker@1295] - Send worker leaving thread id 3 my id = 2
2021-11-08 11:12:43,024 [myid:2] - WARN  [SendWorker:1:QuorumCnxManager$SendWorker@1283] - Interrupted while waiting for message on queue
java.lang.InterruptedException
	at java.util.concurrent.locks.AbstractQueuedSynchronizer$ConditionObject.reportInterruptAfterWait(AbstractQueuedSynchronizer.java:2014)
	at java.util.concurrent.locks.AbstractQueuedSynchronizer$ConditionObject.awaitNanos(AbstractQueuedSynchronizer.java:2088)
	at org.apache.zookeeper.util.CircularBlockingQueue.poll(CircularBlockingQueue.java:105)
	at org.apache.zookeeper.server.quorum.QuorumCnxManager.pollSendQueue(QuorumCnxManager.java:1448)
	at org.apache.zookeeper.server.quorum.QuorumCnxManager.access$900(QuorumCnxManager.java:99)
	at org.apache.zookeeper.server.quorum.QuorumCnxManager$SendWorker.run(QuorumCnxManager.java:1272)
2021-11-08 11:12:43,026 [myid:1] - WARN  [RecvWorker:2:QuorumCnxManager$RecvWorker@1403] - Interrupting SendWorker thread from RecvWorker. sid: 2. myId: 1
2021-11-08 11:12:43,027 [myid:2] - WARN  [SendWorker:1:QuorumCnxManager$SendWorker@1295] - Send worker leaving thread id 1 my id = 2
2021-11-08 11:12:43,027 [myid:1] - WARN  [SendWorker:2:QuorumCnxManager$SendWorker@1283] - Interrupted while waiting for message on queue
java.lang.InterruptedException
	at java.util.concurrent.locks.AbstractQueuedSynchronizer$ConditionObject.reportInterruptAfterWait(AbstractQueuedSynchronizer.java:2014)
	at java.util.concurrent.locks.AbstractQueuedSynchronizer$ConditionObject.awaitNanos(AbstractQueuedSynchronizer.java:2088)
	at org.apache.zookeeper.util.CircularBlockingQueue.poll(CircularBlockingQueue.java:105)
	at org.apache.zookeeper.server.quorum.QuorumCnxManager.pollSendQueue(QuorumCnxManager.java:1448)
	at org.apache.zookeeper.server.quorum.QuorumCnxManager.access$900(QuorumCnxManager.java:99)
	at org.apache.zookeeper.server.quorum.QuorumCnxManager$SendWorker.run(QuorumCnxManager.java:1272)
2021-11-08 11:12:43,027 [myid:1] - WARN  [SendWorker:2:QuorumCnxManager$SendWorker@1295] - Send worker leaving thread id 2 my id = 1
2021-11-08 11:12:43,395 [myid:1] - INFO  [WorkerSender[myid=1]:FastLeaderElection$Messenger$WorkerSender@506] - WorkerSender is down
2021-11-08 11:12:43,397 [myid:1] - INFO  [WorkerReceiver[myid=1]:FastLeaderElection$Messenger$WorkerReceiver@472] - WorkerReceiver is down
2021-11-08 11:12:45,064 [myid:] - INFO  [main:FourLetterWordMain@94] - connecting to 127.0.0.1 30093
2021-11-08 11:12:45,074 [myid:] - INFO  [Thread-16:QuorumPeerConfig@174] - Reading configuration from: D:\mysoft\faiscoGit\myStudy\ZooKeeperLearning\apache-zookeeper-3.7.0\zookeeper-server\target\surefire\test976708077175686539.junit.dir\zoo.cfg
2021-11-08 11:12:45,074 [myid:] - INFO  [Thread-16:QuorumPeerConfig@444] - clientPortAddress is 0.0.0.0:30093
2021-11-08 11:12:45,074 [myid:] - INFO  [Thread-16:QuorumPeerConfig@448] - secureClientPort is not set
2021-11-08 11:12:45,075 [myid:] - INFO  [Thread-16:QuorumPeerConfig@464] - observerMasterPort is not set
2021-11-08 11:12:45,075 [myid:] - INFO  [Thread-16:QuorumPeerConfig@481] - metricsProvider.className is org.apache.zookeeper.metrics.impl.DefaultMetricsProvider
2021-11-08 11:12:45,075 [myid:2] - INFO  [Thread-16:DatadirCleanupManager@78] - autopurge.snapRetainCount set to 3
2021-11-08 11:12:45,075 [myid:2] - INFO  [Thread-16:DatadirCleanupManager@79] - autopurge.purgeInterval set to 0
2021-11-08 11:12:45,075 [myid:2] - INFO  [Thread-16:DatadirCleanupManager@101] - Purge task is not scheduled.
2021-11-08 11:12:45,075 [myid:2] - INFO  [Thread-16:ManagedUtil@44] - Log4j 1.2 jmx support found and enabled.
2021-11-08 11:12:45,075 [myid:2] - ERROR [Thread-16:ManagedUtil@109] - Problems while registering log4j 1.2 jmx beans!
javax.management.InstanceAlreadyExistsException: log4j:hierarchy=default
	at com.sun.jmx.mbeanserver.Repository.addMBean(Repository.java:437)
	at com.sun.jmx.interceptor.DefaultMBeanServerInterceptor.registerWithRepository(DefaultMBeanServerInterceptor.java:1898)
	at com.sun.jmx.interceptor.DefaultMBeanServerInterceptor.registerDynamicMBean(DefaultMBeanServerInterceptor.java:966)
	at com.sun.jmx.interceptor.DefaultMBeanServerInterceptor.registerObject(DefaultMBeanServerInterceptor.java:900)
	at com.sun.jmx.interceptor.DefaultMBeanServerInterceptor.registerMBean(DefaultMBeanServerInterceptor.java:324)
	at com.sun.jmx.mbeanserver.JmxMBeanServer.registerMBean(JmxMBeanServer.java:522)
	at org.apache.zookeeper.jmx.ManagedUtil.registerLog4jMBeans(ManagedUtil.java:72)
	at org.apache.zookeeper.server.quorum.QuorumPeerMain.runFromConfig(QuorumPeerMain.java:147)
	at org.apache.zookeeper.server.quorum.QuorumPeerMain.initializeAndRun(QuorumPeerMain.java:137)
	at org.apache.zookeeper.server.quorum.QuorumPeerTestBase$MainThread.run(QuorumPeerTestBase.java:329)
	at java.lang.Thread.run(Thread.java:745)
2021-11-08 11:12:45,075 [myid:2] - WARN  [Thread-16:QuorumPeerMain@149] - Unable to register log4j JMX control
javax.management.JMException: javax.management.InstanceAlreadyExistsException: log4j:hierarchy=default
	at org.apache.zookeeper.jmx.ManagedUtil.registerLog4jMBeans(ManagedUtil.java:110)
	at org.apache.zookeeper.server.quorum.QuorumPeerMain.runFromConfig(QuorumPeerMain.java:147)
	at org.apache.zookeeper.server.quorum.QuorumPeerMain.initializeAndRun(QuorumPeerMain.java:137)
	at org.apache.zookeeper.server.quorum.QuorumPeerTestBase$MainThread.run(QuorumPeerTestBase.java:329)
	at java.lang.Thread.run(Thread.java:745)
2021-11-08 11:12:45,075 [myid:2] - INFO  [Thread-16:QuorumPeerMain@152] - Starting quorum peer, myid=2
2021-11-08 11:12:45,076 [myid:2] - INFO  [Thread-16:ServerMetrics@62] - ServerMetrics initialized with provider org.apache.zookeeper.metrics.impl.DefaultMetricsProvider@4b727752
2021-11-08 11:12:45,076 [myid:2] - INFO  [Thread-16:DigestAuthenticationProvider@61] - zookeeper.DigestAuthenticationProvider.enabled = true
2021-11-08 11:12:45,076 [myid:2] - INFO  [Thread-16:NettyServerCnxnFactory@507] - zookeeper.client.portUnification=false
2021-11-08 11:12:45,076 [myid:2] - INFO  [Thread-16:NettyServerCnxnFactory@519] - zookeeper.netty.advancedFlowControl.enabled = false
2021-11-08 11:12:45,076 [myid:2] - INFO  [Thread-16:NettyServerCnxnFactory@106] - handshakeThrottlingEnabled = false, zookeeper.netty.server.outstandingHandshake.limit = -1
2021-11-08 11:12:45,744 [myid:2] - INFO  [Thread-16:ServerCnxnFactory@169] - Using org.apache.zookeeper.server.NettyServerCnxnFactory as server connection factory
2021-11-08 11:12:45,744 [myid:2] - WARN  [Thread-16:ServerCnxnFactory@309] - maxCnxns is not configured, using default value 0.
2021-11-08 11:12:45,744 [myid:2] - INFO  [Thread-16:NettyServerCnxnFactory@606] - configure org.apache.zookeeper.server.NettyServerCnxnFactory@27bc5a4 secure: false on addr /0.0.0.0:30093
2021-11-08 11:12:45,744 [myid:2] - INFO  [Thread-16:FileTxnSnapLog@124] - zookeeper.snapshot.trust.empty : false
2021-11-08 11:12:45,744 [myid:2] - INFO  [Thread-16:QuorumPeer@1742] - Local sessions disabled
2021-11-08 11:12:45,744 [myid:2] - INFO  [Thread-16:QuorumPeer@1753] - Local session upgrading disabled
2021-11-08 11:12:45,744 [myid:2] - INFO  [Thread-16:QuorumPeer@1720] - tickTime set to 4000
2021-11-08 11:12:45,744 [myid:2] - INFO  [Thread-16:QuorumPeer@1764] - minSessionTimeout set to 8000
2021-11-08 11:12:45,744 [myid:2] - INFO  [Thread-16:QuorumPeer@1775] - maxSessionTimeout set to 80000
2021-11-08 11:12:45,744 [myid:2] - INFO  [Thread-16:QuorumPeer@1800] - initLimit set to 10
2021-11-08 11:12:45,744 [myid:2] - INFO  [Thread-16:QuorumPeer@1987] - syncLimit set to 5
2021-11-08 11:12:45,744 [myid:2] - INFO  [Thread-16:QuorumPeer@2002] - connectToLearnerMasterLimit set to 5
2021-11-08 11:12:45,744 [myid:2] - INFO  [Thread-16:WatchManagerFactory@42] - Using org.apache.zookeeper.server.watch.WatchManager as watch manager
2021-11-08 11:12:45,744 [myid:2] - INFO  [Thread-16:WatchManagerFactory@42] - Using org.apache.zookeeper.server.watch.WatchManager as watch manager
2021-11-08 11:12:45,744 [myid:2] - INFO  [Thread-16:ZKDatabase@133] - zookeeper.snapshotSizeFactor = 0.33
2021-11-08 11:12:45,745 [myid:2] - INFO  [Thread-16:ZKDatabase@153] - zookeeper.commitLogCount=500
2021-11-08 11:12:45,745 [myid:2] - INFO  [Thread-16:QuorumPeer@2066] - Using insecure (non-TLS) quorum communication
2021-11-08 11:12:45,745 [myid:2] - INFO  [Thread-16:QuorumPeer@2072] - Port unification enabled
2021-11-08 11:12:45,745 [myid:2] - INFO  [Thread-16:QuorumPeer@179] - multiAddress.enabled set to false
2021-11-08 11:12:45,745 [myid:2] - INFO  [Thread-16:QuorumPeer@204] - multiAddress.reachabilityCheckEnabled set to true
2021-11-08 11:12:45,745 [myid:2] - INFO  [Thread-16:QuorumPeer@191] - multiAddress.reachabilityCheckTimeoutMs set to 1000
2021-11-08 11:12:45,745 [myid:2] - INFO  [Thread-16:QuorumPeer@2527] - QuorumPeer communication is not secured! (SASL auth disabled)
2021-11-08 11:12:45,745 [myid:2] - INFO  [Thread-16:QuorumPeer@2552] - quorum.cnxn.threads.size set to 20
2021-11-08 11:12:45,746 [myid:2] - INFO  [Thread-16:FileSnap@85] - Reading snapshot D:\mysoft\faiscoGit\myStudy\ZooKeeperLearning\apache-zookeeper-3.7.0\zookeeper-server\target\surefire\test976708077175686539.junit.dir\data\version-2\snapshot.0
2021-11-08 11:12:45,746 [myid:2] - INFO  [Thread-16:DataTree@1716] - The digest value is empty in snapshot
2021-11-08 11:12:45,747 [myid:2] - INFO  [Thread-16:ZKDatabase@290] - Snapshot loaded in 2 ms, highest zxid is 0x0, digest is 1371985504
2021-11-08 11:12:45,748 [myid:2] - INFO  [Thread-16:NettyServerCnxnFactory@695] - binding to port /0.0.0.0:30093
2021-11-08 11:12:45,749 [myid:2] - INFO  [Thread-16:NettyServerCnxnFactory@700] - bound to port 30093
2021-11-08 11:12:45,749 [myid:2] - INFO  [Thread-16:QuorumPeer@2569] - Using 20000ms as the quorum cnxn socket timeout
2021-11-08 11:12:45,749 [myid:2] - INFO  [Thread-16:QuorumCnxManager$Listener@924] - Election port bind maximum retries is 3
2021-11-08 11:12:45,750 [myid:2] - INFO  [QuorumPeer[myid=2](plain=[0:0:0:0:0:0:0:0]:30093)(secure=disabled):QuorumPeer@1430] - LOOKING
2021-11-08 11:12:45,750 [myid:2] - INFO  [QuorumPeer[myid=2](plain=[0:0:0:0:0:0:0:0]:30093)(secure=disabled):FastLeaderElection@947] - New election. My id = 2, proposed zxid=0x0
2021-11-08 11:12:45,750 [myid:2] - INFO  [ListenerHandler-/127.0.0.1:30099:QuorumCnxManager$Listener$ListenerHandler@1125] - Creating TLS-enabled quorum server socket
2021-11-08 11:12:45,750 [myid:2] - INFO  [ListenerHandler-/127.0.0.1:30099:QuorumCnxManager$Listener$ListenerHandler@1066] - 2 is accepting connections now, my election bind port: /127.0.0.1:30099
2021-11-08 11:12:45,751 [myid:1] - INFO  [ListenerHandler-/127.0.0.1:30098:QuorumCnxManager$Listener$ListenerHandler@1071] - Received connection request from /127.0.0.1:10375
2021-11-08 11:12:45,751 [myid:1] - INFO  [ListenerHandler-/127.0.0.1:30098:UnifiedServerSocket$UnifiedSocket@274] - Accepted plaintext connection from /127.0.0.1:10375
2021-11-08 11:12:45,755 [myid:2] - INFO  [WorkerReceiver[myid=2]:FastLeaderElection$Messenger$WorkerReceiver@390] - Notification: my state:LOOKING; n.sid:2, n.state:LOOKING, n.leader:2, n.round:0x1, n.peerEpoch:0x1, n.zxid:0x0, message format version:0x2, n.config version:0x0
2021-11-08 11:12:45,756 [myid:3] - INFO  [ListenerHandler-/127.0.0.1:30100:QuorumCnxManager$Listener$ListenerHandler@1071] - Received connection request from /127.0.0.1:10376
2021-11-08 11:12:45,756 [myid:2] - INFO  [QuorumConnectionThread-[myid=2]-2:QuorumCnxManager@514] - Have smaller server identifier, so dropping the connection: (myId:2 --> sid:3)
2021-11-08 11:12:45,757 [myid:1] - INFO  [WorkerReceiver[myid=1]:FastLeaderElection$Messenger$WorkerReceiver@390] - Notification: my state:FOLLOWING; n.sid:2, n.state:LOOKING, n.leader:2, n.round:0x1, n.peerEpoch:0x1, n.zxid:0x0, message format version:0x2, n.config version:0x0
2021-11-08 11:12:45,758 [myid:2] - INFO  [ListenerHandler-/127.0.0.1:30099:QuorumCnxManager$Listener$ListenerHandler@1071] - Received connection request from /127.0.0.1:10377
2021-11-08 11:12:45,759 [myid:2] - INFO  [ListenerHandler-/127.0.0.1:30099:UnifiedServerSocket$UnifiedSocket@274] - Accepted plaintext connection from /127.0.0.1:10377
2021-11-08 11:12:45,762 [myid:2] - INFO  [WorkerReceiver[myid=2]:FastLeaderElection$Messenger$WorkerReceiver@390] - Notification: my state:LOOKING; n.sid:1, n.state:LOOKING, n.leader:1, n.round:0x1, n.peerEpoch:0x1, n.zxid:0x0, message format version:0x2, n.config version:0x0
2021-11-08 11:12:45,763 [myid:2] - INFO  [WorkerReceiver[myid=2]:FastLeaderElection$Messenger$WorkerReceiver@390] - Notification: my state:LOOKING; n.sid:1, n.state:FOLLOWING, n.leader:3, n.round:0x1, n.peerEpoch:0x1, n.zxid:0x0, message format version:0x2, n.config version:0x0
2021-11-08 11:12:45,763 [myid:3] - INFO  [WorkerReceiver[myid=3]:FastLeaderElection$Messenger$WorkerReceiver@390] - Notification: my state:LEADING; n.sid:2, n.state:LOOKING, n.leader:2, n.round:0x1, n.peerEpoch:0x1, n.zxid:0x0, message format version:0x2, n.config version:0x0
2021-11-08 11:12:45,763 [myid:2] - INFO  [WorkerReceiver[myid=2]:FastLeaderElection$Messenger$WorkerReceiver@390] - Notification: my state:LOOKING; n.sid:3, n.state:LEADING, n.leader:3, n.round:0x1, n.peerEpoch:0x1, n.zxid:0x0, message format version:0x2, n.config version:0x0
2021-11-08 11:12:45,763 [myid:2] - INFO  [QuorumPeer[myid=2](plain=[0:0:0:0:0:0:0:0]:30093)(secure=disabled):QuorumPeer@901] - Peer state changed: following
2021-11-08 11:12:45,763 [myid:2] - INFO  [QuorumPeer[myid=2](plain=[0:0:0:0:0:0:0:0]:30093)(secure=disabled):QuorumPeer@1512] - FOLLOWING
2021-11-08 11:12:45,763 [myid:2] - INFO  [QuorumPeer[myid=2](plain=[0:0:0:0:0:0:0:0]:30093)(secure=disabled):ZooKeeperServer@1300] - minSessionTimeout set to 8000
2021-11-08 11:12:45,763 [myid:2] - INFO  [QuorumPeer[myid=2](plain=[0:0:0:0:0:0:0:0]:30093)(secure=disabled):ZooKeeperServer@1309] - maxSessionTimeout set to 80000
2021-11-08 11:12:45,763 [myid:2] - INFO  [QuorumPeer[myid=2](plain=[0:0:0:0:0:0:0:0]:30093)(secure=disabled):ResponseCache@45] - getData response cache size is initialized with value 400.
2021-11-08 11:12:45,763 [myid:2] - INFO  [QuorumPeer[myid=2](plain=[0:0:0:0:0:0:0:0]:30093)(secure=disabled):ResponseCache@45] - getChildren response cache size is initialized with value 400.
2021-11-08 11:12:45,763 [myid:2] - INFO  [QuorumPeer[myid=2](plain=[0:0:0:0:0:0:0:0]:30093)(secure=disabled):RequestPathMetricsCollector@109] - zookeeper.pathStats.slotCapacity = 60
2021-11-08 11:12:45,763 [myid:2] - INFO  [QuorumPeer[myid=2](plain=[0:0:0:0:0:0:0:0]:30093)(secure=disabled):RequestPathMetricsCollector@110] - zookeeper.pathStats.slotDuration = 15
2021-11-08 11:12:45,763 [myid:2] - INFO  [QuorumPeer[myid=2](plain=[0:0:0:0:0:0:0:0]:30093)(secure=disabled):RequestPathMetricsCollector@111] - zookeeper.pathStats.maxDepth = 6
2021-11-08 11:12:45,763 [myid:2] - INFO  [QuorumPeer[myid=2](plain=[0:0:0:0:0:0:0:0]:30093)(secure=disabled):RequestPathMetricsCollector@112] - zookeeper.pathStats.initialDelay = 5
2021-11-08 11:12:45,763 [myid:2] - INFO  [QuorumPeer[myid=2](plain=[0:0:0:0:0:0:0:0]:30093)(secure=disabled):RequestPathMetricsCollector@113] - zookeeper.pathStats.delay = 5
2021-11-08 11:12:45,763 [myid:2] - INFO  [QuorumPeer[myid=2](plain=[0:0:0:0:0:0:0:0]:30093)(secure=disabled):RequestPathMetricsCollector@114] - zookeeper.pathStats.enabled = false
2021-11-08 11:12:45,763 [myid:2] - INFO  [WorkerReceiver[myid=2]:FastLeaderElection$Messenger$WorkerReceiver@390] - Notification: my state:FOLLOWING; n.sid:3, n.state:LEADING, n.leader:3, n.round:0x1, n.peerEpoch:0x1, n.zxid:0x0, message format version:0x2, n.config version:0x0
2021-11-08 11:12:45,763 [myid:2] - INFO  [QuorumPeer[myid=2](plain=[0:0:0:0:0:0:0:0]:30093)(secure=disabled):ZooKeeperServer@1536] - The max bytes for all large requests are set to 104857600
2021-11-08 11:12:45,763 [myid:2] - INFO  [QuorumPeer[myid=2](plain=[0:0:0:0:0:0:0:0]:30093)(secure=disabled):ZooKeeperServer@1550] - The large request threshold is set to -1
2021-11-08 11:12:45,763 [myid:2] - INFO  [QuorumPeer[myid=2](plain=[0:0:0:0:0:0:0:0]:30093)(secure=disabled):AuthenticationHelper@66] - zookeeper.enforce.auth.enabled = false
2021-11-08 11:12:45,763 [myid:2] - INFO  [QuorumPeer[myid=2](plain=[0:0:0:0:0:0:0:0]:30093)(secure=disabled):AuthenticationHelper@67] - zookeeper.enforce.auth.schemes = []
2021-11-08 11:12:45,763 [myid:2] - INFO  [QuorumPeer[myid=2](plain=[0:0:0:0:0:0:0:0]:30093)(secure=disabled):ZooKeeperServer@361] - Created server with tickTime 4000 minSessionTimeout 8000 maxSessionTimeout 80000 clientPortListenBacklog -1 datadir D:\mysoft\faiscoGit\myStudy\ZooKeeperLearning\apache-zookeeper-3.7.0\zookeeper-server\target\surefire\test976708077175686539.junit.dir\data\version-2 snapdir D:\mysoft\faiscoGit\myStudy\ZooKeeperLearning\apache-zookeeper-3.7.0\zookeeper-server\target\surefire\test976708077175686539.junit.dir\data\version-2
2021-11-08 11:12:45,763 [myid:2] - INFO  [QuorumPeer[myid=2](plain=[0:0:0:0:0:0:0:0]:30093)(secure=disabled):Follower@77] - FOLLOWING - LEADER ELECTION TOOK - 14 MS
2021-11-08 11:12:45,763 [myid:2] - INFO  [QuorumPeer[myid=2](plain=[0:0:0:0:0:0:0:0]:30093)(secure=disabled):QuorumPeer@915] - Peer state changed: following - discovery
2021-11-08 11:12:45,764 [myid:2] - INFO  [LeaderConnector-/127.0.0.1:30097:Learner$LeaderConnector@381] - Successfully connected to leader, using address: /127.0.0.1:30097
2021-11-08 11:12:45,765 [myid:3] - INFO  [LearnerHandler-/127.0.0.1:10378:LearnerHandler@506] - Follower sid: 2 : info : 127.0.0.1:30096:30099:participant;0.0.0.0:30093
2021-11-08 11:12:45,766 [myid:3] - INFO  [LearnerHandler-/127.0.0.1:10378:ZKDatabase@346] - On disk txn sync enabled with snapshotSizeFactor 0.33
2021-11-08 11:12:45,766 [myid:2] - INFO  [QuorumPeer[myid=2](plain=[0:0:0:0:0:0:0:0]:30093)(secure=disabled):QuorumPeer@915] - Peer state changed: following - synchronization
2021-11-08 11:12:45,766 [myid:3] - INFO  [LearnerHandler-/127.0.0.1:10378:LearnerHandler@801] - Synchronizing with Learner sid: 2 maxCommittedLog=0x0 minCommittedLog=0x0 lastProcessedZxid=0x100000000 peerLastZxid=0x0
2021-11-08 11:12:45,766 [myid:3] - INFO  [LearnerHandler-/127.0.0.1:10378:LearnerHandler@568] - Sending snapshot last zxid of peer is 0x0, zxid of leader is 0x100000000, send zxid of db as 0x100000000, 1 concurrent snapshot sync, snapshot sync was exempt from throttle
2021-11-08 11:12:45,766 [myid:2] - INFO  [QuorumPeer[myid=2](plain=[0:0:0:0:0:0:0:0]:30093)(secure=disabled):QuorumPeer@920] - Peer state changed: following - synchronization - snap
2021-11-08 11:12:45,766 [myid:2] - INFO  [QuorumPeer[myid=2](plain=[0:0:0:0:0:0:0:0]:30093)(secure=disabled):Learner@573] - Getting a snapshot from leader 0x100000000
2021-11-08 11:12:45,766 [myid:2] - INFO  [QuorumPeer[myid=2](plain=[0:0:0:0:0:0:0:0]:30093)(secure=disabled):WatchManagerFactory@42] - Using org.apache.zookeeper.server.watch.WatchManager as watch manager
2021-11-08 11:12:45,766 [myid:2] - INFO  [QuorumPeer[myid=2](plain=[0:0:0:0:0:0:0:0]:30093)(secure=disabled):WatchManagerFactory@42] - Using org.apache.zookeeper.server.watch.WatchManager as watch manager
2021-11-08 11:12:45,767 [myid:2] - INFO  [QuorumPeer[myid=2](plain=[0:0:0:0:0:0:0:0]:30093)(secure=disabled):Learner@734] - Learner received NEWLEADER message
2021-11-08 11:12:45,768 [myid:2] - INFO  [QuorumPeer[myid=2](plain=[0:0:0:0:0:0:0:0]:30093)(secure=disabled):QuorumPeer@1870] - Dynamic reconfig is disabled, we don't store the last seen config.
2021-11-08 11:12:45,768 [myid:2] - INFO  [QuorumPeer[myid=2](plain=[0:0:0:0:0:0:0:0]:30093)(secure=disabled):FileTxnSnapLog@479] - Snapshotting: 0x100000000 to D:\mysoft\faiscoGit\myStudy\ZooKeeperLearning\apache-zookeeper-3.7.0\zookeeper-server\target\surefire\test976708077175686539.junit.dir\data\version-2\snapshot.100000000
2021-11-08 11:12:45,774 [myid:2] - INFO  [QuorumPeer[myid=2](plain=[0:0:0:0:0:0:0:0]:30093)(secure=disabled):ZooKeeperServer@543] - Snapshot taken in 7 ms
2021-11-08 11:12:45,778 [myid:2] - INFO  [QuorumPeer[myid=2](plain=[0:0:0:0:0:0:0:0]:30093)(secure=disabled):QuorumPeer@920] - Peer state changed: following - synchronization
2021-11-08 11:12:45,778 [myid:2] - INFO  [QuorumPeer[myid=2](plain=[0:0:0:0:0:0:0:0]:30093)(secure=disabled):CommitProcessor@491] - Configuring CommitProcessor with readBatchSize -1 commitBatchSize 1
2021-11-08 11:12:45,778 [myid:2] - INFO  [QuorumPeer[myid=2](plain=[0:0:0:0:0:0:0:0]:30093)(secure=disabled):CommitProcessor@452] - Configuring CommitProcessor with 6 worker threads.
2021-11-08 11:12:45,778 [myid:2] - INFO  [QuorumPeer[myid=2](plain=[0:0:0:0:0:0:0:0]:30093)(secure=disabled):FollowerRequestProcessor@59] - Initialized FollowerRequestProcessor with zookeeper.follower.skipLearnerRequestToNextProcessor as false
2021-11-08 11:12:45,779 [myid:2] - INFO  [QuorumPeer[myid=2](plain=[0:0:0:0:0:0:0:0]:30093)(secure=disabled):Learner@718] - Learner received UPTODATE message
2021-11-08 11:12:45,779 [myid:2] - INFO  [QuorumPeer[myid=2](plain=[0:0:0:0:0:0:0:0]:30093)(secure=disabled):QuorumPeer@915] - Peer state changed: following - broadcast
2021-11-08 11:12:45,925 [myid:2] - INFO  [WorkerSender[myid=2]:FastLeaderElection$Messenger$WorkerSender@506] - WorkerSender is down
2021-11-08 11:12:45,927 [myid:2] - INFO  [WorkerReceiver[myid=2]:FastLeaderElection$Messenger$WorkerReceiver@472] - WorkerReceiver is down
2021-11-08 11:12:46,093 [myid:2] - INFO  [nioEventLoopGroup-31-1:NettyServerCnxn@294] - Processing stat command from /127.0.0.1:10345
2021-11-08 11:12:46,093 [myid:2] - INFO  [nioEventLoopGroup-31-1:StatCommand@52] - Stat command output
2021-11-08 11:12:46,094 [myid:] - INFO  [main:QuorumBase@422] - Shutting down quorum peer QuorumPeer[myid=3](plain=[0:0:0:0:0:0:0:0]:30094)(secure=disabled)
2021-11-08 11:12:46,095 [myid:] - INFO  [main:Leader@789] - Shutting down
2021-11-08 11:12:46,095 [myid:] - INFO  [main:Leader@795] - Shutdown called. For the reason quorum Peer shutdown
2021-11-08 11:12:46,095 [myid:] - INFO  [main:ZooKeeperServer@829] - shutting down
2021-11-08 11:12:46,095 [myid:] - INFO  [main:RequestThrottler@258] - Shutting down
2021-11-08 11:12:46,095 [myid:3] - WARN  [LearnerCnxAcceptorHandler-/127.0.0.1:30097:Leader$LearnerCnxAcceptor$LearnerCnxAcceptorHandler@526] - Exception while shutting down acceptor.
java.net.SocketException: socket closed
	at java.net.DualStackPlainSocketImpl.accept0(Native Method)
	at java.net.DualStackPlainSocketImpl.socketAccept(DualStackPlainSocketImpl.java:131)
	at java.net.AbstractPlainSocketImpl.accept(AbstractPlainSocketImpl.java:404)
	at java.net.PlainSocketImpl.accept(PlainSocketImpl.java:199)
	at java.net.ServerSocket.implAccept(ServerSocket.java:545)
	at java.net.ServerSocket.accept(ServerSocket.java:513)
	at org.apache.zookeeper.server.quorum.Leader$LearnerCnxAcceptor$LearnerCnxAcceptorHandler.acceptConnections(Leader.java:513)
	at org.apache.zookeeper.server.quorum.Leader$LearnerCnxAcceptor$LearnerCnxAcceptorHandler.run(Leader.java:496)
	at java.util.concurrent.Executors$RunnableAdapter.call(Executors.java:511)
	at java.util.concurrent.FutureTask.run(FutureTask.java:266)
	at java.util.concurrent.ThreadPoolExecutor.runWorker(ThreadPoolExecutor.java:1142)
	at java.util.concurrent.ThreadPoolExecutor$Worker.run(ThreadPoolExecutor.java:617)
	at java.lang.Thread.run(Thread.java:745)
2021-11-08 11:12:46,095 [myid:3] - INFO  [RequestThrottler:RequestThrottler@219] - Draining request throttler queue
2021-11-08 11:12:46,096 [myid:3] - INFO  [RequestThrottler:RequestThrottler@195] - RequestThrottler shutdown. Dropped 0 requests
2021-11-08 11:12:46,096 [myid:] - INFO  [main:SessionTrackerImpl@252] - Shutting down
2021-11-08 11:12:46,096 [myid:] - INFO  [main:LeaderRequestProcessor@79] - Shutting down
2021-11-08 11:12:46,096 [myid:] - INFO  [main:PrepRequestProcessor@1066] - Shutting down
2021-11-08 11:12:46,096 [myid:] - INFO  [main:ProposalRequestProcessor@95] - Shutting down
2021-11-08 11:12:46,096 [myid:] - INFO  [main:CommitProcessor@632] - Shutting down
2021-11-08 11:12:46,096 [myid:] - INFO  [main:Leader$ToBeAppliedRequestProcessor@1103] - Shutting down
2021-11-08 11:12:46,097 [myid:] - INFO  [main:FinalRequestProcessor@684] - shutdown of request processor complete
2021-11-08 11:12:46,097 [myid:] - INFO  [main:SyncRequestProcessor@255] - Shutting down
2021-11-08 11:12:46,097 [myid:3] - INFO  [CommitProcessor:3:CommitProcessor@420] - CommitProcessor exited loop!
2021-11-08 11:12:46,100 [myid:3] - INFO  [SyncThread:3:SyncRequestProcessor@224] - SyncRequestProcessor exited!
2021-11-08 11:12:46,100 [myid:3] - INFO  [ProcessThread(sid:3 cport:-1)::PrepRequestProcessor@161] - PrepRequestProcessor exited loop!
2021-11-08 11:12:46,101 [myid:] - INFO  [main:LearnerHandler@1155] - Synchronously closing socket to learner 2.
2021-11-08 11:12:46,101 [myid:2] - WARN  [QuorumPeer[myid=2](plain=[0:0:0:0:0:0:0:0]:30093)(secure=disabled):Follower@133] - Exception when following the leader
java.io.EOFException
	at java.io.DataInputStream.readInt(DataInputStream.java:392)
	at org.apache.jute.BinaryInputArchive.readInt(BinaryInputArchive.java:96)
	at org.apache.zookeeper.server.quorum.QuorumPacket.deserialize(QuorumPacket.java:86)
	at org.apache.jute.BinaryInputArchive.readRecord(BinaryInputArchive.java:134)
	at org.apache.zookeeper.server.quorum.Learner.readPacket(Learner.java:225)
	at org.apache.zookeeper.server.quorum.Follower.followLeader(Follower.java:128)
	at org.apache.zookeeper.server.quorum.QuorumPeer.run(QuorumPeer.java:1515)
2021-11-08 11:12:46,101 [myid:] - INFO  [main:LearnerHandler@1155] - Synchronously closing socket to learner 1.
2021-11-08 11:12:46,101 [myid:3] - ERROR [LearnerHandler-/127.0.0.1:10378:LearnerHandler@715] - Unexpected exception in LearnerHandler: 
java.net.SocketException: Socket Closed
	at java.net.SocketInputStream.socketRead0(Native Method)
	at java.net.SocketInputStream.read(SocketInputStream.java:150)
	at java.net.SocketInputStream.read(SocketInputStream.java:121)
	at java.io.BufferedInputStream.fill(BufferedInputStream.java:246)
	at java.io.BufferedInputStream.read(BufferedInputStream.java:265)
	at java.io.DataInputStream.readInt(DataInputStream.java:387)
	at org.apache.jute.BinaryInputArchive.readInt(BinaryInputArchive.java:96)
	at org.apache.zookeeper.server.quorum.QuorumPacket.deserialize(QuorumPacket.java:86)
	at org.apache.jute.BinaryInputArchive.readRecord(BinaryInputArchive.java:134)
	at org.apache.zookeeper.server.quorum.LearnerHandler.run(LearnerHandler.java:652)
2021-11-08 11:12:46,102 [myid:1] - WARN  [QuorumPeer[myid=1](plain=[0:0:0:0:0:0:0:0]:30092)(secure=disabled):Follower@133] - Exception when following the leader
java.io.EOFException
	at java.io.DataInputStream.readInt(DataInputStream.java:392)
	at org.apache.jute.BinaryInputArchive.readInt(BinaryInputArchive.java:96)
	at org.apache.zookeeper.server.quorum.QuorumPacket.deserialize(QuorumPacket.java:86)
	at org.apache.jute.BinaryInputArchive.readRecord(BinaryInputArchive.java:134)
	at org.apache.zookeeper.server.quorum.Learner.readPacket(Learner.java:225)
	at org.apache.zookeeper.server.quorum.Follower.followLeader(Follower.java:128)
	at org.apache.zookeeper.server.quorum.QuorumPeer.run(QuorumPeer.java:1515)
2021-11-08 11:12:46,102 [myid:2] - INFO  [QuorumPeer[myid=2](plain=[0:0:0:0:0:0:0:0]:30093)(secure=disabled):Follower@147] - Disconnected from leader (with address: /127.0.0.1:30097). Was connected for 337ms. Sync state: true
2021-11-08 11:12:46,102 [myid:2] - INFO  [QuorumPeer[myid=2](plain=[0:0:0:0:0:0:0:0]:30093)(secure=disabled):Follower@291] - shutdown Follower
2021-11-08 11:12:46,102 [myid:2] - INFO  [QuorumPeer[myid=2](plain=[0:0:0:0:0:0:0:0]:30093)(secure=disabled):ZooKeeperServer@829] - shutting down
2021-11-08 11:12:46,102 [myid:2] - INFO  [QuorumPeer[myid=2](plain=[0:0:0:0:0:0:0:0]:30093)(secure=disabled):RequestThrottler@258] - Shutting down
2021-11-08 11:12:46,102 [myid:3] - WARN  [LearnerHandler-/127.0.0.1:10378:LearnerHandler@731] - ******* GOODBYE /127.0.0.1:10378 ********
2021-11-08 11:12:46,102 [myid:] - INFO  [main:NettyServerCnxnFactory@647] - shutdown called /0:0:0:0:0:0:0:0:30094
2021-11-08 11:12:46,102 [myid:2] - INFO  [RequestThrottler:RequestThrottler@219] - Draining request throttler queue
2021-11-08 11:12:46,102 [myid:3] - WARN  [LearnerHandler-/127.0.0.1:10378:LearnerHandler@1045] - Ignoring unexpected exception
java.lang.InterruptedException
	at java.util.concurrent.locks.AbstractQueuedSynchronizer.acquireInterruptibly(AbstractQueuedSynchronizer.java:1220)
	at java.util.concurrent.locks.ReentrantLock.lockInterruptibly(ReentrantLock.java:335)
	at java.util.concurrent.LinkedBlockingQueue.put(LinkedBlockingQueue.java:339)
	at org.apache.zookeeper.server.quorum.LearnerHandler.shutdown(LearnerHandler.java:1043)
	at org.apache.zookeeper.server.quorum.LearnerHandler.run(LearnerHandler.java:733)
2021-11-08 11:12:46,102 [myid:1] - INFO  [QuorumPeer[myid=1](plain=[0:0:0:0:0:0:0:0]:30092)(secure=disabled):Follower@147] - Disconnected from leader (with address: /127.0.0.1:30097). Was connected for 3192ms. Sync state: true
2021-11-08 11:12:46,102 [myid:3] - ERROR [LearnerHandler-/127.0.0.1:10306:LearnerHandler@715] - Unexpected exception in LearnerHandler: 
java.net.SocketException: Socket Closed
	at java.net.SocketInputStream.socketRead0(Native Method)
	at java.net.SocketInputStream.read(SocketInputStream.java:150)
	at java.net.SocketInputStream.read(SocketInputStream.java:121)
	at java.io.BufferedInputStream.fill(BufferedInputStream.java:246)
	at java.io.BufferedInputStream.read(BufferedInputStream.java:265)
	at java.io.DataInputStream.readInt(DataInputStream.java:387)
	at org.apache.jute.BinaryInputArchive.readInt(BinaryInputArchive.java:96)
	at org.apache.zookeeper.server.quorum.QuorumPacket.deserialize(QuorumPacket.java:86)
	at org.apache.jute.BinaryInputArchive.readRecord(BinaryInputArchive.java:134)
	at org.apache.zookeeper.server.quorum.LearnerHandler.run(LearnerHandler.java:652)
2021-11-08 11:12:46,155 [myid:3] - WARN  [LearnerHandler-/127.0.0.1:10306:LearnerHandler@731] - ******* GOODBYE /127.0.0.1:10306 ********
2021-11-08 11:12:46,156 [myid:3] - WARN  [LearnerHandler-/127.0.0.1:10306:LearnerHandler@1045] - Ignoring unexpected exception
java.lang.InterruptedException
	at java.util.concurrent.locks.AbstractQueuedSynchronizer.acquireInterruptibly(AbstractQueuedSynchronizer.java:1220)
	at java.util.concurrent.locks.ReentrantLock.lockInterruptibly(ReentrantLock.java:335)
	at java.util.concurrent.LinkedBlockingQueue.put(LinkedBlockingQueue.java:339)
	at org.apache.zookeeper.server.quorum.LearnerHandler.shutdown(LearnerHandler.java:1043)
	at org.apache.zookeeper.server.quorum.LearnerHandler.run(LearnerHandler.java:733)
2021-11-08 11:12:46,140 [myid:3] - WARN  [QuorumPeer[myid=3](plain=[0:0:0:0:0:0:0:0]:30094)(secure=disabled):QuorumPeer@1533] - Unexpected exception
java.lang.InterruptedException
	at java.lang.Object.wait(Native Method)
	at org.apache.zookeeper.server.quorum.Leader.lead(Leader.java:727)
	at org.apache.zookeeper.server.quorum.QuorumPeer.run(QuorumPeer.java:1530)
2021-11-08 11:12:46,140 [myid:1] - INFO  [QuorumPeer[myid=1](plain=[0:0:0:0:0:0:0:0]:30092)(secure=disabled):Follower@291] - shutdown Follower
2021-11-08 11:12:46,175 [myid:1] - INFO  [QuorumPeer[myid=1](plain=[0:0:0:0:0:0:0:0]:30092)(secure=disabled):ZooKeeperServer@829] - shutting down
2021-11-08 11:12:46,175 [myid:1] - INFO  [QuorumPeer[myid=1](plain=[0:0:0:0:0:0:0:0]:30092)(secure=disabled):RequestThrottler@258] - Shutting down
2021-11-08 11:12:46,175 [myid:1] - INFO  [RequestThrottler:RequestThrottler@219] - Draining request throttler queue
2021-11-08 11:12:46,175 [myid:1] - INFO  [RequestThrottler:RequestThrottler@195] - RequestThrottler shutdown. Dropped 0 requests
2021-11-08 11:12:46,175 [myid:1] - INFO  [QuorumPeer[myid=1](plain=[0:0:0:0:0:0:0:0]:30092)(secure=disabled):FollowerRequestProcessor@172] - Shutting down
2021-11-08 11:12:46,175 [myid:1] - INFO  [QuorumPeer[myid=1](plain=[0:0:0:0:0:0:0:0]:30092)(secure=disabled):CommitProcessor@632] - Shutting down
2021-11-08 11:12:46,175 [myid:1] - INFO  [QuorumPeer[myid=1](plain=[0:0:0:0:0:0:0:0]:30092)(secure=disabled):FinalRequestProcessor@684] - shutdown of request processor complete
2021-11-08 11:12:46,175 [myid:1] - INFO  [QuorumPeer[myid=1](plain=[0:0:0:0:0:0:0:0]:30092)(secure=disabled):QuorumPeer@915] - Peer state changed: looking
2021-11-08 11:12:46,175 [myid:1] - WARN  [QuorumPeer[myid=1](plain=[0:0:0:0:0:0:0:0]:30092)(secure=disabled):QuorumPeer@1563] - PeerState set to LOOKING
2021-11-08 11:12:46,175 [myid:1] - INFO  [QuorumPeer[myid=1](plain=[0:0:0:0:0:0:0:0]:30092)(secure=disabled):QuorumPeer@1430] - LOOKING
2021-11-08 11:12:46,176 [myid:1] - INFO  [QuorumPeer[myid=1](plain=[0:0:0:0:0:0:0:0]:30092)(secure=disabled):FastLeaderElection@947] - New election. My id = 1, proposed zxid=0x100000000
2021-11-08 11:12:46,102 [myid:2] - INFO  [RequestThrottler:RequestThrottler@195] - RequestThrottler shutdown. Dropped 0 requests
2021-11-08 11:12:46,177 [myid:1] - INFO  [FollowerRequestProcessor:1:FollowerRequestProcessor@128] - FollowerRequestProcessor exited loop!
2021-11-08 11:12:46,178 [myid:1] - INFO  [CommitProcessor:1:CommitProcessor@420] - CommitProcessor exited loop!
2021-11-08 11:12:46,175 [myid:3] - INFO  [QuorumPeer[myid=3](plain=[0:0:0:0:0:0:0:0]:30094)(secure=disabled):Leader@789] - Shutting down
2021-11-08 11:12:46,179 [myid:3] - INFO  [QuorumPeer[myid=3](plain=[0:0:0:0:0:0:0:0]:30094)(secure=disabled):QuorumPeer@915] - Peer state changed: looking
2021-11-08 11:12:46,179 [myid:3] - WARN  [QuorumPeer[myid=3](plain=[0:0:0:0:0:0:0:0]:30094)(secure=disabled):QuorumPeer@1563] - PeerState set to LOOKING
2021-11-08 11:12:46,179 [myid:3] - WARN  [QuorumPeer[myid=3](plain=[0:0:0:0:0:0:0:0]:30094)(secure=disabled):QuorumPeer@1545] - QuorumPeer main thread exited
2021-11-08 11:12:46,179 [myid:2] - INFO  [QuorumPeer[myid=2](plain=[0:0:0:0:0:0:0:0]:30093)(secure=disabled):FollowerRequestProcessor@172] - Shutting down
2021-11-08 11:12:46,179 [myid:2] - INFO  [QuorumPeer[myid=2](plain=[0:0:0:0:0:0:0:0]:30093)(secure=disabled):CommitProcessor@632] - Shutting down
2021-11-08 11:12:46,179 [myid:2] - INFO  [QuorumPeer[myid=2](plain=[0:0:0:0:0:0:0:0]:30093)(secure=disabled):FinalRequestProcessor@684] - shutdown of request processor complete
2021-11-08 11:12:46,179 [myid:1] - INFO  [WorkerReceiver[myid=1]:FastLeaderElection$Messenger$WorkerReceiver@390] - Notification: my state:LOOKING; n.sid:1, n.state:LOOKING, n.leader:1, n.round:0x2, n.peerEpoch:0x1, n.zxid:0x100000000, message format version:0x2, n.config version:0x0
2021-11-08 11:12:46,174 [myid:3] - INFO  [QuorumPeerListener:QuorumCnxManager$Listener@980] - Leaving listener
2021-11-08 11:12:46,179 [myid:2] - INFO  [FollowerRequestProcessor:2:FollowerRequestProcessor@128] - FollowerRequestProcessor exited loop!
2021-11-08 11:12:46,180 [myid:2] - INFO  [CommitProcessor:2:CommitProcessor@420] - CommitProcessor exited loop!
2021-11-08 11:12:46,179 [myid:2] - INFO  [QuorumPeer[myid=2](plain=[0:0:0:0:0:0:0:0]:30093)(secure=disabled):QuorumPeer@915] - Peer state changed: looking
2021-11-08 11:12:46,180 [myid:2] - WARN  [QuorumPeer[myid=2](plain=[0:0:0:0:0:0:0:0]:30093)(secure=disabled):QuorumPeer@1563] - PeerState set to LOOKING
2021-11-08 11:12:46,180 [myid:2] - INFO  [QuorumPeer[myid=2](plain=[0:0:0:0:0:0:0:0]:30093)(secure=disabled):QuorumPeer@1430] - LOOKING
2021-11-08 11:12:46,181 [myid:1] - WARN  [RecvWorker:3:QuorumCnxManager$RecvWorker@1397] - Connection broken for id 3, my id = 1
java.io.EOFException
	at java.io.DataInputStream.readInt(DataInputStream.java:392)
	at org.apache.zookeeper.server.quorum.QuorumCnxManager$RecvWorker.run(QuorumCnxManager.java:1385)
2021-11-08 11:12:46,181 [myid:1] - WARN  [RecvWorker:3:QuorumCnxManager$RecvWorker@1403] - Interrupting SendWorker thread from RecvWorker. sid: 3. myId: 1
2021-11-08 11:12:46,181 [myid:3] - INFO  [WorkerReceiver[myid=3]:FastLeaderElection$Messenger$WorkerReceiver@390] - Notification: my state:LOOKING; n.sid:1, n.state:LOOKING, n.leader:1, n.round:0x2, n.peerEpoch:0x1, n.zxid:0x100000000, message format version:0x2, n.config version:0x0
2021-11-08 11:12:46,182 [myid:3] - INFO  [WorkerReceiver[myid=3]:FastLeaderElection$Messenger$WorkerReceiver@472] - WorkerReceiver is down
2021-11-08 11:12:46,182 [myid:2] - INFO  [QuorumPeer[myid=2](plain=[0:0:0:0:0:0:0:0]:30093)(secure=disabled):FastLeaderElection@947] - New election. My id = 2, proposed zxid=0x100000000
2021-11-08 11:12:46,181 [myid:2] - INFO  [WorkerReceiver[myid=2]:FastLeaderElection$Messenger$WorkerReceiver@390] - Notification: my state:LOOKING; n.sid:1, n.state:LOOKING, n.leader:1, n.round:0x2, n.peerEpoch:0x1, n.zxid:0x100000000, message format version:0x2, n.config version:0x0
2021-11-08 11:12:46,181 [myid:] - INFO  [main:QuorumBase@426] - Shutting down leader election QuorumPeer[myid=3](plain=[0:0:0:0:0:0:0:0]:30094)(secure=disabled)
2021-11-08 11:12:46,182 [myid:1] - WARN  [SendWorker:3:QuorumCnxManager$SendWorker@1283] - Interrupted while waiting for message on queue
java.lang.InterruptedException
	at java.util.concurrent.locks.AbstractQueuedSynchronizer$ConditionObject.reportInterruptAfterWait(AbstractQueuedSynchronizer.java:2014)
	at java.util.concurrent.locks.AbstractQueuedSynchronizer$ConditionObject.awaitNanos(AbstractQueuedSynchronizer.java:2088)
	at org.apache.zookeeper.util.CircularBlockingQueue.poll(CircularBlockingQueue.java:105)
	at org.apache.zookeeper.server.quorum.QuorumCnxManager.pollSendQueue(QuorumCnxManager.java:1448)
	at org.apache.zookeeper.server.quorum.QuorumCnxManager.access$900(QuorumCnxManager.java:99)
	at org.apache.zookeeper.server.quorum.QuorumCnxManager$SendWorker.run(QuorumCnxManager.java:1272)
2021-11-08 11:12:46,182 [myid:1] - WARN  [SendWorker:3:QuorumCnxManager$SendWorker@1295] - Send worker leaving thread id 3 my id = 1
2021-11-08 11:12:46,181 [myid:3] - WARN  [SendWorker:2:QuorumCnxManager$SendWorker@1283] - Interrupted while waiting for message on queue
java.lang.InterruptedException
	at java.util.concurrent.locks.AbstractQueuedSynchronizer$ConditionObject.reportInterruptAfterWait(AbstractQueuedSynchronizer.java:2014)
	at java.util.concurrent.locks.AbstractQueuedSynchronizer$ConditionObject.awaitNanos(AbstractQueuedSynchronizer.java:2088)
	at org.apache.zookeeper.util.CircularBlockingQueue.poll(CircularBlockingQueue.java:105)
	at org.apache.zookeeper.server.quorum.QuorumCnxManager.pollSendQueue(QuorumCnxManager.java:1448)
	at org.apache.zookeeper.server.quorum.QuorumCnxManager.access$900(QuorumCnxManager.java:99)
	at org.apache.zookeeper.server.quorum.QuorumCnxManager$SendWorker.run(QuorumCnxManager.java:1272)
2021-11-08 11:12:46,181 [myid:3] - WARN  [RecvWorker:2:QuorumCnxManager$RecvWorker@1397] - Connection broken for id 2, my id = 3
java.net.SocketException: Socket closed
	at java.net.SocketInputStream.socketRead0(Native Method)
	at java.net.SocketInputStream.read(SocketInputStream.java:150)
	at java.net.SocketInputStream.read(SocketInputStream.java:121)
	at java.io.BufferedInputStream.fill(BufferedInputStream.java:246)
	at java.io.BufferedInputStream.read(BufferedInputStream.java:265)
	at java.io.DataInputStream.readInt(DataInputStream.java:387)
	at org.apache.zookeeper.server.quorum.QuorumCnxManager$RecvWorker.run(QuorumCnxManager.java:1385)
2021-11-08 11:12:46,181 [myid:3] - WARN  [RecvWorker:1:QuorumCnxManager$RecvWorker@1403] - Interrupting SendWorker thread from RecvWorker. sid: 1. myId: 3
2021-11-08 11:12:46,181 [myid:2] - WARN  [RecvWorker:3:QuorumCnxManager$RecvWorker@1397] - Connection broken for id 3, my id = 2
java.io.EOFException
	at java.io.DataInputStream.readInt(DataInputStream.java:392)
	at org.apache.zookeeper.server.quorum.QuorumCnxManager$RecvWorker.run(QuorumCnxManager.java:1385)
2021-11-08 11:12:46,183 [myid:2] - WARN  [RecvWorker:3:QuorumCnxManager$RecvWorker@1403] - Interrupting SendWorker thread from RecvWorker. sid: 3. myId: 2
2021-11-08 11:12:46,181 [myid:3] - WARN  [SendWorker:1:QuorumCnxManager$SendWorker@1283] - Interrupted while waiting for message on queue
java.lang.InterruptedException
	at java.util.concurrent.locks.AbstractQueuedSynchronizer$ConditionObject.reportInterruptAfterWait(AbstractQueuedSynchronizer.java:2014)
	at java.util.concurrent.locks.AbstractQueuedSynchronizer$ConditionObject.awaitNanos(AbstractQueuedSynchronizer.java:2088)
	at org.apache.zookeeper.util.CircularBlockingQueue.poll(CircularBlockingQueue.java:105)
	at org.apache.zookeeper.server.quorum.QuorumCnxManager.pollSendQueue(QuorumCnxManager.java:1448)
	at org.apache.zookeeper.server.quorum.QuorumCnxManager.access$900(QuorumCnxManager.java:99)
	at org.apache.zookeeper.server.quorum.QuorumCnxManager$SendWorker.run(QuorumCnxManager.java:1272)
2021-11-08 11:12:46,184 [myid:3] - WARN  [SendWorker:1:QuorumCnxManager$SendWorker@1295] - Send worker leaving thread id 1 my id = 3
2021-11-08 11:12:46,184 [myid:1] - INFO  [WorkerReceiver[myid=1]:FastLeaderElection$Messenger$WorkerReceiver@390] - Notification: my state:LOOKING; n.sid:2, n.state:LOOKING, n.leader:2, n.round:0x2, n.peerEpoch:0x1, n.zxid:0x100000000, message format version:0x2, n.config version:0x0
2021-11-08 11:12:46,184 [myid:2] - INFO  [WorkerReceiver[myid=2]:FastLeaderElection$Messenger$WorkerReceiver@390] - Notification: my state:LOOKING; n.sid:2, n.state:LOOKING, n.leader:2, n.round:0x2, n.peerEpoch:0x1, n.zxid:0x100000000, message format version:0x2, n.config version:0x0
2021-11-08 11:12:46,183 [myid:3] - WARN  [SendWorker:2:QuorumCnxManager$SendWorker@1295] - Send worker leaving thread id 2 my id = 3
2021-11-08 11:12:46,183 [myid:2] - WARN  [SendWorker:3:QuorumCnxManager$SendWorker@1287] - Exception when using channel: for id 3 my id = 2
java.net.SocketException: Software caused connection abort: socket write error
	at java.net.SocketOutputStream.socketWrite0(Native Method)
	at java.net.SocketOutputStream.socketWrite(SocketOutputStream.java:109)
	at java.net.SocketOutputStream.write(SocketOutputStream.java:132)
	at org.apache.zookeeper.server.quorum.UnifiedServerSocket$UnifiedOutputStream.write(UnifiedServerSocket.java:756)
	at java.io.DataOutputStream.writeInt(DataOutputStream.java:198)
	at org.apache.zookeeper.server.quorum.QuorumCnxManager$SendWorker.send(QuorumCnxManager.java:1229)
	at org.apache.zookeeper.server.quorum.QuorumCnxManager$SendWorker.run(QuorumCnxManager.java:1280)
2021-11-08 11:12:46,183 [myid:3] - WARN  [RecvWorker:2:QuorumCnxManager$RecvWorker@1403] - Interrupting SendWorker thread from RecvWorker. sid: 2. myId: 3
2021-11-08 11:12:46,188 [myid:2] - WARN  [SendWorker:3:QuorumCnxManager$SendWorker@1295] - Send worker leaving thread id 3 my id = 2
2021-11-08 11:12:46,182 [myid:] - INFO  [main:QuorumBase@431] - Waiting for QuorumPeer[myid=3](plain=[0:0:0:0:0:0:0:0]:30094)(secure=disabled) to exit thread
2021-11-08 11:12:46,189 [myid:] - INFO  [main:FourLetterWordMain@94] - connecting to 127.0.0.1 30094
2021-11-08 11:12:46,191 [myid:2] - INFO  [WorkerReceiver[myid=2]:FastLeaderElection$Messenger$WorkerReceiver@390] - Notification: my state:LOOKING; n.sid:1, n.state:LOOKING, n.leader:2, n.round:0x2, n.peerEpoch:0x1, n.zxid:0x100000000, message format version:0x2, n.config version:0x0
2021-11-08 11:12:46,191 [myid:1] - INFO  [WorkerReceiver[myid=1]:FastLeaderElection$Messenger$WorkerReceiver@390] - Notification: my state:LOOKING; n.sid:1, n.state:LOOKING, n.leader:2, n.round:0x2, n.peerEpoch:0x1, n.zxid:0x100000000, message format version:0x2, n.config version:0x0
2021-11-08 11:12:46,408 [myid:1] - INFO  [QuorumPeer[myid=1](plain=[0:0:0:0:0:0:0:0]:30092)(secure=disabled):QuorumPeer@901] - Peer state changed: following
2021-11-08 11:12:46,408 [myid:1] - INFO  [QuorumPeer[myid=1](plain=[0:0:0:0:0:0:0:0]:30092)(secure=disabled):QuorumPeer@1512] - FOLLOWING
2021-11-08 11:12:46,408 [myid:1] - INFO  [QuorumPeer[myid=1](plain=[0:0:0:0:0:0:0:0]:30092)(secure=disabled):ZooKeeperServer@1300] - minSessionTimeout set to 8000
2021-11-08 11:12:46,408 [myid:1] - INFO  [QuorumPeer[myid=1](plain=[0:0:0:0:0:0:0:0]:30092)(secure=disabled):ZooKeeperServer@1309] - maxSessionTimeout set to 80000
2021-11-08 11:12:46,408 [myid:1] - INFO  [QuorumPeer[myid=1](plain=[0:0:0:0:0:0:0:0]:30092)(secure=disabled):ResponseCache@45] - getData response cache size is initialized with value 400.
2021-11-08 11:12:46,409 [myid:1] - INFO  [QuorumPeer[myid=1](plain=[0:0:0:0:0:0:0:0]:30092)(secure=disabled):ResponseCache@45] - getChildren response cache size is initialized with value 400.
2021-11-08 11:12:46,410 [myid:1] - INFO  [QuorumPeer[myid=1](plain=[0:0:0:0:0:0:0:0]:30092)(secure=disabled):RequestPathMetricsCollector@109] - zookeeper.pathStats.slotCapacity = 60
2021-11-08 11:12:46,410 [myid:1] - INFO  [QuorumPeer[myid=1](plain=[0:0:0:0:0:0:0:0]:30092)(secure=disabled):RequestPathMetricsCollector@110] - zookeeper.pathStats.slotDuration = 15
2021-11-08 11:12:46,410 [myid:1] - INFO  [QuorumPeer[myid=1](plain=[0:0:0:0:0:0:0:0]:30092)(secure=disabled):RequestPathMetricsCollector@111] - zookeeper.pathStats.maxDepth = 6
2021-11-08 11:12:46,410 [myid:1] - INFO  [QuorumPeer[myid=1](plain=[0:0:0:0:0:0:0:0]:30092)(secure=disabled):RequestPathMetricsCollector@112] - zookeeper.pathStats.initialDelay = 5
2021-11-08 11:12:46,410 [myid:1] - INFO  [QuorumPeer[myid=1](plain=[0:0:0:0:0:0:0:0]:30092)(secure=disabled):RequestPathMetricsCollector@113] - zookeeper.pathStats.delay = 5
2021-11-08 11:12:46,410 [myid:1] - INFO  [QuorumPeer[myid=1](plain=[0:0:0:0:0:0:0:0]:30092)(secure=disabled):RequestPathMetricsCollector@114] - zookeeper.pathStats.enabled = false
2021-11-08 11:12:46,410 [myid:1] - INFO  [QuorumPeer[myid=1](plain=[0:0:0:0:0:0:0:0]:30092)(secure=disabled):ZooKeeperServer@1536] - The max bytes for all large requests are set to 104857600
2021-11-08 11:12:46,410 [myid:1] - INFO  [QuorumPeer[myid=1](plain=[0:0:0:0:0:0:0:0]:30092)(secure=disabled):ZooKeeperServer@1550] - The large request threshold is set to -1
2021-11-08 11:12:46,410 [myid:1] - INFO  [QuorumPeer[myid=1](plain=[0:0:0:0:0:0:0:0]:30092)(secure=disabled):AuthenticationHelper@66] - zookeeper.enforce.auth.enabled = false
2021-11-08 11:12:46,411 [myid:1] - INFO  [QuorumPeer[myid=1](plain=[0:0:0:0:0:0:0:0]:30092)(secure=disabled):AuthenticationHelper@67] - zookeeper.enforce.auth.schemes = []
2021-11-08 11:12:46,411 [myid:1] - INFO  [QuorumPeer[myid=1](plain=[0:0:0:0:0:0:0:0]:30092)(secure=disabled):ZooKeeperServer@361] - Created server with tickTime 4000 minSessionTimeout 8000 maxSessionTimeout 80000 clientPortListenBacklog -1 datadir D:\mysoft\faiscoGit\myStudy\ZooKeeperLearning\apache-zookeeper-3.7.0\zookeeper-server\target\surefire\test2822455436040318635.junit.dir\data\version-2 snapdir D:\mysoft\faiscoGit\myStudy\ZooKeeperLearning\apache-zookeeper-3.7.0\zookeeper-server\target\surefire\test2822455436040318635.junit.dir\data\version-2
2021-11-08 11:12:46,411 [myid:1] - INFO  [QuorumPeer[myid=1](plain=[0:0:0:0:0:0:0:0]:30092)(secure=disabled):Follower@77] - FOLLOWING - LEADER ELECTION TOOK - 235 MS
2021-11-08 11:12:46,411 [myid:1] - INFO  [QuorumPeer[myid=1](plain=[0:0:0:0:0:0:0:0]:30092)(secure=disabled):QuorumPeer@915] - Peer state changed: following - discovery
2021-11-08 11:12:46,415 [myid:2] - INFO  [QuorumPeer[myid=2](plain=[0:0:0:0:0:0:0:0]:30093)(secure=disabled):QuorumPeer@901] - Peer state changed: leading
2021-11-08 11:12:46,425 [myid:2] - INFO  [QuorumPeer[myid=2](plain=[0:0:0:0:0:0:0:0]:30093)(secure=disabled):QuorumPeer@1527] - LEADING
2021-11-08 11:12:46,425 [myid:2] - INFO  [QuorumPeer[myid=2](plain=[0:0:0:0:0:0:0:0]:30093)(secure=disabled):ZooKeeperServer@1300] - minSessionTimeout set to 8000
2021-11-08 11:12:46,425 [myid:2] - INFO  [QuorumPeer[myid=2](plain=[0:0:0:0:0:0:0:0]:30093)(secure=disabled):ZooKeeperServer@1309] - maxSessionTimeout set to 80000
2021-11-08 11:12:46,425 [myid:2] - INFO  [QuorumPeer[myid=2](plain=[0:0:0:0:0:0:0:0]:30093)(secure=disabled):ResponseCache@45] - getData response cache size is initialized with value 400.
2021-11-08 11:12:46,425 [myid:2] - INFO  [QuorumPeer[myid=2](plain=[0:0:0:0:0:0:0:0]:30093)(secure=disabled):ResponseCache@45] - getChildren response cache size is initialized with value 400.
2021-11-08 11:12:46,426 [myid:2] - INFO  [QuorumPeer[myid=2](plain=[0:0:0:0:0:0:0:0]:30093)(secure=disabled):RequestPathMetricsCollector@109] - zookeeper.pathStats.slotCapacity = 60
2021-11-08 11:12:46,426 [myid:2] - INFO  [QuorumPeer[myid=2](plain=[0:0:0:0:0:0:0:0]:30093)(secure=disabled):RequestPathMetricsCollector@110] - zookeeper.pathStats.slotDuration = 15
2021-11-08 11:12:46,426 [myid:2] - INFO  [QuorumPeer[myid=2](plain=[0:0:0:0:0:0:0:0]:30093)(secure=disabled):RequestPathMetricsCollector@111] - zookeeper.pathStats.maxDepth = 6
2021-11-08 11:12:46,426 [myid:2] - INFO  [QuorumPeer[myid=2](plain=[0:0:0:0:0:0:0:0]:30093)(secure=disabled):RequestPathMetricsCollector@112] - zookeeper.pathStats.initialDelay = 5
2021-11-08 11:12:46,426 [myid:2] - INFO  [QuorumPeer[myid=2](plain=[0:0:0:0:0:0:0:0]:30093)(secure=disabled):RequestPathMetricsCollector@113] - zookeeper.pathStats.delay = 5
2021-11-08 11:12:46,426 [myid:2] - INFO  [QuorumPeer[myid=2](plain=[0:0:0:0:0:0:0:0]:30093)(secure=disabled):RequestPathMetricsCollector@114] - zookeeper.pathStats.enabled = false
2021-11-08 11:12:46,426 [myid:2] - INFO  [QuorumPeer[myid=2](plain=[0:0:0:0:0:0:0:0]:30093)(secure=disabled):ZooKeeperServer@1536] - The max bytes for all large requests are set to 104857600
2021-11-08 11:12:46,427 [myid:2] - INFO  [QuorumPeer[myid=2](plain=[0:0:0:0:0:0:0:0]:30093)(secure=disabled):ZooKeeperServer@1550] - The large request threshold is set to -1
2021-11-08 11:12:46,427 [myid:2] - INFO  [QuorumPeer[myid=2](plain=[0:0:0:0:0:0:0:0]:30093)(secure=disabled):AuthenticationHelper@66] - zookeeper.enforce.auth.enabled = false
2021-11-08 11:12:46,427 [myid:2] - INFO  [QuorumPeer[myid=2](plain=[0:0:0:0:0:0:0:0]:30093)(secure=disabled):AuthenticationHelper@67] - zookeeper.enforce.auth.schemes = []
2021-11-08 11:12:46,427 [myid:2] - INFO  [QuorumPeer[myid=2](plain=[0:0:0:0:0:0:0:0]:30093)(secure=disabled):ZooKeeperServer@361] - Created server with tickTime 4000 minSessionTimeout 8000 maxSessionTimeout 80000 clientPortListenBacklog -1 datadir D:\mysoft\faiscoGit\myStudy\ZooKeeperLearning\apache-zookeeper-3.7.0\zookeeper-server\target\surefire\test976708077175686539.junit.dir\data\version-2 snapdir D:\mysoft\faiscoGit\myStudy\ZooKeeperLearning\apache-zookeeper-3.7.0\zookeeper-server\target\surefire\test976708077175686539.junit.dir\data\version-2
2021-11-08 11:12:46,428 [myid:2] - INFO  [QuorumPeer[myid=2](plain=[0:0:0:0:0:0:0:0]:30093)(secure=disabled):Leader@584] - LEADING - LEADER ELECTION TOOK - 245 MS
2021-11-08 11:12:46,429 [myid:2] - INFO  [QuorumPeer[myid=2](plain=[0:0:0:0:0:0:0:0]:30093)(secure=disabled):QuorumPeer@915] - Peer state changed: leading - discovery
2021-11-08 11:12:46,429 [myid:2] - INFO  [QuorumPeer[myid=2](plain=[0:0:0:0:0:0:0:0]:30093)(secure=disabled):FileTxnSnapLog@479] - Snapshotting: 0x100000000 to D:\mysoft\faiscoGit\myStudy\ZooKeeperLearning\apache-zookeeper-3.7.0\zookeeper-server\target\surefire\test976708077175686539.junit.dir\data\version-2\snapshot.100000000
2021-11-08 11:12:46,429 [myid:2] - INFO  [QuorumPeer[myid=2](plain=[0:0:0:0:0:0:0:0]:30093)(secure=disabled):ZooKeeperServer@543] - Snapshot taken in 0 ms
2021-11-08 11:12:46,937 [myid:1] - INFO  [LeaderConnector-/127.0.0.1:30096:Learner$LeaderConnector@381] - Successfully connected to leader, using address: /127.0.0.1:30096
2021-11-08 11:12:46,938 [myid:2] - INFO  [LearnerHandler-/127.0.0.1:10381:UnifiedServerSocket$UnifiedSocket@274] - Accepted plaintext connection from /127.0.0.1:10381
2021-11-08 11:12:46,938 [myid:2] - INFO  [LearnerHandler-/127.0.0.1:10381:LearnerHandler@506] - Follower sid: 1 : info : 127.0.0.1:30095:30098:participant;0.0.0.0:30092
2021-11-08 11:12:46,945 [myid:2] - INFO  [QuorumPeer[myid=2](plain=[0:0:0:0:0:0:0:0]:30093)(secure=disabled):QuorumPeer@1870] - Dynamic reconfig is disabled, we don't store the last seen config.
2021-11-08 11:12:46,948 [myid:2] - INFO  [LearnerHandler-/127.0.0.1:10381:ZKDatabase@346] - On disk txn sync enabled with snapshotSizeFactor 0.33
2021-11-08 11:12:46,949 [myid:2] - INFO  [LearnerHandler-/127.0.0.1:10381:LearnerHandler@801] - Synchronizing with Learner sid: 1 maxCommittedLog=0x0 minCommittedLog=0x0 lastProcessedZxid=0x100000000 peerLastZxid=0x100000000
2021-11-08 11:12:46,949 [myid:2] - INFO  [LearnerHandler-/127.0.0.1:10381:LearnerHandler@846] - Sending DIFF zxid=0x100000000 for peer sid: 1
2021-11-08 11:12:46,948 [myid:1] - INFO  [QuorumPeer[myid=1](plain=[0:0:0:0:0:0:0:0]:30092)(secure=disabled):QuorumPeer@915] - Peer state changed: following - synchronization
2021-11-08 11:12:46,950 [myid:1] - INFO  [QuorumPeer[myid=1](plain=[0:0:0:0:0:0:0:0]:30092)(secure=disabled):Learner@562] - Getting a diff from the leader 0x100000000
2021-11-08 11:12:46,950 [myid:1] - INFO  [QuorumPeer[myid=1](plain=[0:0:0:0:0:0:0:0]:30092)(secure=disabled):QuorumPeer@920] - Peer state changed: following - synchronization - diff
2021-11-08 11:12:46,950 [myid:1] - INFO  [QuorumPeer[myid=1](plain=[0:0:0:0:0:0:0:0]:30092)(secure=disabled):Learner@734] - Learner received NEWLEADER message
2021-11-08 11:12:46,950 [myid:1] - INFO  [QuorumPeer[myid=1](plain=[0:0:0:0:0:0:0:0]:30092)(secure=disabled):QuorumPeer@1870] - Dynamic reconfig is disabled, we don't store the last seen config.
2021-11-08 11:12:46,952 [myid:2] - INFO  [QuorumPeer[myid=2](plain=[0:0:0:0:0:0:0:0]:30093)(secure=disabled):QuorumPeer@915] - Peer state changed: leading - synchronization
2021-11-08 11:12:46,953 [myid:1] - INFO  [QuorumPeer[myid=1](plain=[0:0:0:0:0:0:0:0]:30092)(secure=disabled):QuorumPeer@920] - Peer state changed: following - synchronization
2021-11-08 11:12:46,953 [myid:1] - INFO  [QuorumPeer[myid=1](plain=[0:0:0:0:0:0:0:0]:30092)(secure=disabled):CommitProcessor@491] - Configuring CommitProcessor with readBatchSize -1 commitBatchSize 1
2021-11-08 11:12:46,953 [myid:1] - INFO  [QuorumPeer[myid=1](plain=[0:0:0:0:0:0:0:0]:30092)(secure=disabled):CommitProcessor@452] - Configuring CommitProcessor with 6 worker threads.
2021-11-08 11:12:46,954 [myid:1] - INFO  [QuorumPeer[myid=1](plain=[0:0:0:0:0:0:0:0]:30092)(secure=disabled):FollowerRequestProcessor@59] - Initialized FollowerRequestProcessor with zookeeper.follower.skipLearnerRequestToNextProcessor as false
2021-11-08 11:12:46,954 [myid:2] - INFO  [QuorumPeer[myid=2](plain=[0:0:0:0:0:0:0:0]:30093)(secure=disabled):Leader@1495] - Have quorum of supporters, sids: [[1, 2]]; starting up and setting last processed zxid: 0x200000000
2021-11-08 11:12:46,954 [myid:2] - INFO  [QuorumPeer[myid=2](plain=[0:0:0:0:0:0:0:0]:30093)(secure=disabled):Leader@1517] - Dynamic reconfig feature is disabled, skip designatedLeader calculation and reconfig processing.
2021-11-08 11:12:46,954 [myid:2] - INFO  [QuorumPeer[myid=2](plain=[0:0:0:0:0:0:0:0]:30093)(secure=disabled):CommitProcessor@491] - Configuring CommitProcessor with readBatchSize -1 commitBatchSize 1
2021-11-08 11:12:46,954 [myid:2] - INFO  [QuorumPeer[myid=2](plain=[0:0:0:0:0:0:0:0]:30093)(secure=disabled):CommitProcessor@452] - Configuring CommitProcessor with 6 worker threads.
2021-11-08 11:12:46,955 [myid:2] - INFO  [QuorumPeer[myid=2](plain=[0:0:0:0:0:0:0:0]:30093)(secure=disabled):ProposalRequestProcessor@57] - zookeeper.forward_learner_requests_to_commit_processor_disabled = false
2021-11-08 11:12:46,955 [myid:2] - INFO  [ProcessThread(sid:2 cport:-1)::PrepRequestProcessor@137] - PrepRequestProcessor (sid:2) started, reconfigEnabled=false
2021-11-08 11:12:46,955 [myid:2] - INFO  [QuorumPeer[myid=2](plain=[0:0:0:0:0:0:0:0]:30093)(secure=disabled):ContainerManager@84] - Using checkIntervalMs=60000 maxPerMinute=10000 maxNeverUsedIntervalMs=0
2021-11-08 11:12:46,955 [myid:2] - INFO  [QuorumPeer[myid=2](plain=[0:0:0:0:0:0:0:0]:30093)(secure=disabled):QuorumPeer@915] - Peer state changed: leading - broadcast
2021-11-08 11:12:46,955 [myid:1] - INFO  [QuorumPeer[myid=1](plain=[0:0:0:0:0:0:0:0]:30092)(secure=disabled):Learner@718] - Learner received UPTODATE message
2021-11-08 11:12:46,955 [myid:1] - INFO  [QuorumPeer[myid=1](plain=[0:0:0:0:0:0:0:0]:30092)(secure=disabled):QuorumPeer@915] - Peer state changed: following - broadcast
2021-11-08 11:12:48,214 [myid:1] - WARN  [QuorumConnectionThread-[myid=1]-3:QuorumCnxManager@401] - Cannot open channel to 3 at election address /127.0.0.1:30100
java.net.ConnectException: Connection refused: connect
	at java.net.DualStackPlainSocketImpl.waitForConnect(Native Method)
	at java.net.DualStackPlainSocketImpl.socketConnect(DualStackPlainSocketImpl.java:85)
	at java.net.AbstractPlainSocketImpl.doConnect(AbstractPlainSocketImpl.java:345)
	at java.net.AbstractPlainSocketImpl.connectToAddress(AbstractPlainSocketImpl.java:206)
	at java.net.AbstractPlainSocketImpl.connect(AbstractPlainSocketImpl.java:188)
	at java.net.PlainSocketImpl.connect(PlainSocketImpl.java:172)
	at java.net.SocksSocketImpl.connect(SocksSocketImpl.java:392)
	at java.net.Socket.connect(Socket.java:589)
	at org.apache.zookeeper.server.quorum.QuorumCnxManager.initiateConnection(QuorumCnxManager.java:384)
	at org.apache.zookeeper.server.quorum.QuorumCnxManager$QuorumConnectionReqThread.run(QuorumCnxManager.java:458)
	at java.util.concurrent.ThreadPoolExecutor.runWorker(ThreadPoolExecutor.java:1142)
	at java.util.concurrent.ThreadPoolExecutor$Worker.run(ThreadPoolExecutor.java:617)
	at java.lang.Thread.run(Thread.java:745)
2021-11-08 11:12:48,234 [myid:] - INFO  [main:FourLetterWordMain@94] - connecting to 127.0.0.1 30094
2021-11-08 11:12:48,235 [myid:] - INFO  [Thread-20:QuorumPeerConfig@174] - Reading configuration from: D:\mysoft\faiscoGit\myStudy\ZooKeeperLearning\apache-zookeeper-3.7.0\zookeeper-server\target\surefire\test6592602958150419203.junit.dir\zoo.cfg
2021-11-08 11:12:48,235 [myid:] - INFO  [Thread-20:QuorumPeerConfig@444] - clientPortAddress is 0.0.0.0:30094
2021-11-08 11:12:48,235 [myid:] - INFO  [Thread-20:QuorumPeerConfig@448] - secureClientPort is not set
2021-11-08 11:12:48,235 [myid:] - INFO  [Thread-20:QuorumPeerConfig@464] - observerMasterPort is not set
2021-11-08 11:12:48,235 [myid:] - INFO  [Thread-20:QuorumPeerConfig@481] - metricsProvider.className is org.apache.zookeeper.metrics.impl.DefaultMetricsProvider
2021-11-08 11:12:48,235 [myid:3] - INFO  [Thread-20:DatadirCleanupManager@78] - autopurge.snapRetainCount set to 3
2021-11-08 11:12:48,235 [myid:3] - INFO  [Thread-20:DatadirCleanupManager@79] - autopurge.purgeInterval set to 0
2021-11-08 11:12:48,235 [myid:3] - INFO  [Thread-20:DatadirCleanupManager@101] - Purge task is not scheduled.
2021-11-08 11:12:48,235 [myid:3] - INFO  [Thread-20:ManagedUtil@44] - Log4j 1.2 jmx support found and enabled.
2021-11-08 11:12:48,236 [myid:3] - ERROR [Thread-20:ManagedUtil@109] - Problems while registering log4j 1.2 jmx beans!
javax.management.InstanceAlreadyExistsException: log4j:hierarchy=default
	at com.sun.jmx.mbeanserver.Repository.addMBean(Repository.java:437)
	at com.sun.jmx.interceptor.DefaultMBeanServerInterceptor.registerWithRepository(DefaultMBeanServerInterceptor.java:1898)
	at com.sun.jmx.interceptor.DefaultMBeanServerInterceptor.registerDynamicMBean(DefaultMBeanServerInterceptor.java:966)
	at com.sun.jmx.interceptor.DefaultMBeanServerInterceptor.registerObject(DefaultMBeanServerInterceptor.java:900)
	at com.sun.jmx.interceptor.DefaultMBeanServerInterceptor.registerMBean(DefaultMBeanServerInterceptor.java:324)
	at com.sun.jmx.mbeanserver.JmxMBeanServer.registerMBean(JmxMBeanServer.java:522)
	at org.apache.zookeeper.jmx.ManagedUtil.registerLog4jMBeans(ManagedUtil.java:72)
	at org.apache.zookeeper.server.quorum.QuorumPeerMain.runFromConfig(QuorumPeerMain.java:147)
	at org.apache.zookeeper.server.quorum.QuorumPeerMain.initializeAndRun(QuorumPeerMain.java:137)
	at org.apache.zookeeper.server.quorum.QuorumPeerTestBase$MainThread.run(QuorumPeerTestBase.java:329)
	at java.lang.Thread.run(Thread.java:745)
2021-11-08 11:12:48,236 [myid:3] - WARN  [Thread-20:QuorumPeerMain@149] - Unable to register log4j JMX control
javax.management.JMException: javax.management.InstanceAlreadyExistsException: log4j:hierarchy=default
	at org.apache.zookeeper.jmx.ManagedUtil.registerLog4jMBeans(ManagedUtil.java:110)
	at org.apache.zookeeper.server.quorum.QuorumPeerMain.runFromConfig(QuorumPeerMain.java:147)
	at org.apache.zookeeper.server.quorum.QuorumPeerMain.initializeAndRun(QuorumPeerMain.java:137)
	at org.apache.zookeeper.server.quorum.QuorumPeerTestBase$MainThread.run(QuorumPeerTestBase.java:329)
	at java.lang.Thread.run(Thread.java:745)
2021-11-08 11:12:48,236 [myid:3] - INFO  [Thread-20:QuorumPeerMain@152] - Starting quorum peer, myid=3
2021-11-08 11:12:48,236 [myid:3] - INFO  [Thread-20:ServerMetrics@62] - ServerMetrics initialized with provider org.apache.zookeeper.metrics.impl.DefaultMetricsProvider@52a3f70a
2021-11-08 11:12:48,236 [myid:3] - INFO  [Thread-20:DigestAuthenticationProvider@61] - zookeeper.DigestAuthenticationProvider.enabled = true
2021-11-08 11:12:48,236 [myid:3] - INFO  [Thread-20:NettyServerCnxnFactory@507] - zookeeper.client.portUnification=false
2021-11-08 11:12:48,236 [myid:3] - INFO  [Thread-20:NettyServerCnxnFactory@519] - zookeeper.netty.advancedFlowControl.enabled = false
2021-11-08 11:12:48,236 [myid:3] - INFO  [Thread-20:NettyServerCnxnFactory@106] - handshakeThrottlingEnabled = false, zookeeper.netty.server.outstandingHandshake.limit = -1
2021-11-08 11:12:48,582 [myid:3] - INFO  [Thread-20:ServerCnxnFactory@169] - Using org.apache.zookeeper.server.NettyServerCnxnFactory as server connection factory
2021-11-08 11:12:48,582 [myid:3] - WARN  [Thread-20:ServerCnxnFactory@309] - maxCnxns is not configured, using default value 0.
2021-11-08 11:12:48,582 [myid:3] - INFO  [Thread-20:NettyServerCnxnFactory@606] - configure org.apache.zookeeper.server.NettyServerCnxnFactory@f0c20a7 secure: false on addr /0.0.0.0:30094
2021-11-08 11:12:48,582 [myid:3] - INFO  [Thread-20:FileTxnSnapLog@124] - zookeeper.snapshot.trust.empty : false
2021-11-08 11:12:48,582 [myid:3] - INFO  [Thread-20:QuorumPeer@1742] - Local sessions disabled
2021-11-08 11:12:48,582 [myid:3] - INFO  [Thread-20:QuorumPeer@1753] - Local session upgrading disabled
2021-11-08 11:12:48,582 [myid:3] - INFO  [Thread-20:QuorumPeer@1720] - tickTime set to 4000
2021-11-08 11:12:48,582 [myid:3] - INFO  [Thread-20:QuorumPeer@1764] - minSessionTimeout set to 8000
2021-11-08 11:12:48,582 [myid:3] - INFO  [Thread-20:QuorumPeer@1775] - maxSessionTimeout set to 80000
2021-11-08 11:12:48,582 [myid:3] - INFO  [Thread-20:QuorumPeer@1800] - initLimit set to 10
2021-11-08 11:12:48,582 [myid:3] - INFO  [Thread-20:QuorumPeer@1987] - syncLimit set to 5
2021-11-08 11:12:48,582 [myid:3] - INFO  [Thread-20:QuorumPeer@2002] - connectToLearnerMasterLimit set to 5
2021-11-08 11:12:48,582 [myid:3] - INFO  [Thread-20:WatchManagerFactory@42] - Using org.apache.zookeeper.server.watch.WatchManager as watch manager
2021-11-08 11:12:48,582 [myid:3] - INFO  [Thread-20:WatchManagerFactory@42] - Using org.apache.zookeeper.server.watch.WatchManager as watch manager
2021-11-08 11:12:48,582 [myid:3] - INFO  [Thread-20:ZKDatabase@133] - zookeeper.snapshotSizeFactor = 0.33
2021-11-08 11:12:48,582 [myid:3] - INFO  [Thread-20:ZKDatabase@153] - zookeeper.commitLogCount=500
2021-11-08 11:12:48,582 [myid:3] - INFO  [Thread-20:QuorumPeer@2066] - Using insecure (non-TLS) quorum communication
2021-11-08 11:12:48,583 [myid:3] - INFO  [Thread-20:QuorumPeer@2072] - Port unification enabled
2021-11-08 11:12:48,583 [myid:3] - INFO  [Thread-20:QuorumPeer@179] - multiAddress.enabled set to false
2021-11-08 11:12:48,583 [myid:3] - INFO  [Thread-20:QuorumPeer@204] - multiAddress.reachabilityCheckEnabled set to true
2021-11-08 11:12:48,583 [myid:3] - INFO  [Thread-20:QuorumPeer@191] - multiAddress.reachabilityCheckTimeoutMs set to 1000
2021-11-08 11:12:48,583 [myid:3] - INFO  [Thread-20:QuorumPeer@2527] - QuorumPeer communication is not secured! (SASL auth disabled)
2021-11-08 11:12:48,583 [myid:3] - INFO  [Thread-20:QuorumPeer@2552] - quorum.cnxn.threads.size set to 20
2021-11-08 11:12:48,583 [myid:3] - INFO  [Thread-20:FileSnap@85] - Reading snapshot D:\mysoft\faiscoGit\myStudy\ZooKeeperLearning\apache-zookeeper-3.7.0\zookeeper-server\target\surefire\test6592602958150419203.junit.dir\data\version-2\snapshot.0
2021-11-08 11:12:48,583 [myid:3] - INFO  [Thread-20:DataTree@1716] - The digest value is empty in snapshot
2021-11-08 11:12:48,583 [myid:3] - INFO  [Thread-20:ZKDatabase@290] - Snapshot loaded in 0 ms, highest zxid is 0x0, digest is 1371985504
2021-11-08 11:12:48,584 [myid:3] - INFO  [Thread-20:NettyServerCnxnFactory@695] - binding to port /0.0.0.0:30094
2021-11-08 11:12:48,584 [myid:3] - INFO  [Thread-20:NettyServerCnxnFactory@700] - bound to port 30094
2021-11-08 11:12:48,584 [myid:3] - INFO  [Thread-20:QuorumPeer@2569] - Using 20000ms as the quorum cnxn socket timeout
2021-11-08 11:12:48,585 [myid:3] - INFO  [Thread-20:QuorumCnxManager$Listener@924] - Election port bind maximum retries is 3
2021-11-08 11:12:48,585 [myid:3] - INFO  [QuorumPeer[myid=3](plain=[0:0:0:0:0:0:0:0]:30094)(secure=disabled):QuorumPeer@1430] - LOOKING
2021-11-08 11:12:48,585 [myid:3] - INFO  [ListenerHandler-/127.0.0.1:30100:QuorumCnxManager$Listener$ListenerHandler@1125] - Creating TLS-enabled quorum server socket
2021-11-08 11:12:48,585 [myid:3] - INFO  [QuorumPeer[myid=3](plain=[0:0:0:0:0:0:0:0]:30094)(secure=disabled):FastLeaderElection@947] - New election. My id = 3, proposed zxid=0x0
2021-11-08 11:12:48,585 [myid:3] - INFO  [ListenerHandler-/127.0.0.1:30100:QuorumCnxManager$Listener$ListenerHandler@1066] - 3 is accepting connections now, my election bind port: /127.0.0.1:30100
2021-11-08 11:12:48,586 [myid:3] - INFO  [WorkerReceiver[myid=3]:FastLeaderElection$Messenger$WorkerReceiver@390] - Notification: my state:LOOKING; n.sid:3, n.state:LOOKING, n.leader:3, n.round:0x1, n.peerEpoch:0x1, n.zxid:0x0, message format version:0x2, n.config version:0x0
2021-11-08 11:12:48,586 [myid:1] - INFO  [ListenerHandler-/127.0.0.1:30098:QuorumCnxManager$Listener$ListenerHandler@1071] - Received connection request from /127.0.0.1:10448
2021-11-08 11:12:48,586 [myid:1] - INFO  [ListenerHandler-/127.0.0.1:30098:UnifiedServerSocket$UnifiedSocket@274] - Accepted plaintext connection from /127.0.0.1:10448
2021-11-08 11:12:48,586 [myid:2] - INFO  [ListenerHandler-/127.0.0.1:30099:QuorumCnxManager$Listener$ListenerHandler@1071] - Received connection request from /127.0.0.1:10449
2021-11-08 11:12:48,586 [myid:2] - INFO  [ListenerHandler-/127.0.0.1:30099:UnifiedServerSocket$UnifiedSocket@274] - Accepted plaintext connection from /127.0.0.1:10449
2021-11-08 11:12:48,588 [myid:2] - INFO  [WorkerReceiver[myid=2]:FastLeaderElection$Messenger$WorkerReceiver@390] - Notification: my state:LEADING; n.sid:3, n.state:LOOKING, n.leader:3, n.round:0x1, n.peerEpoch:0x1, n.zxid:0x0, message format version:0x2, n.config version:0x0
2021-11-08 11:12:48,588 [myid:3] - INFO  [WorkerReceiver[myid=3]:FastLeaderElection$Messenger$WorkerReceiver@390] - Notification: my state:LOOKING; n.sid:1, n.state:LOOKING, n.leader:2, n.round:0x2, n.peerEpoch:0x1, n.zxid:0x100000000, message format version:0x2, n.config version:0x0
2021-11-08 11:12:48,588 [myid:1] - INFO  [WorkerReceiver[myid=1]:FastLeaderElection$Messenger$WorkerReceiver@390] - Notification: my state:FOLLOWING; n.sid:3, n.state:LOOKING, n.leader:3, n.round:0x1, n.peerEpoch:0x1, n.zxid:0x0, message format version:0x2, n.config version:0x0
2021-11-08 11:12:48,588 [myid:3] - INFO  [WorkerReceiver[myid=3]:FastLeaderElection$Messenger$WorkerReceiver@390] - Notification: my state:LOOKING; n.sid:2, n.state:LOOKING, n.leader:2, n.round:0x2, n.peerEpoch:0x1, n.zxid:0x100000000, message format version:0x2, n.config version:0x0
2021-11-08 11:12:48,589 [myid:3] - INFO  [WorkerReceiver[myid=3]:FastLeaderElection$Messenger$WorkerReceiver@390] - Notification: my state:LOOKING; n.sid:2, n.state:LEADING, n.leader:2, n.round:0x2, n.peerEpoch:0x2, n.zxid:0x100000000, message format version:0x2, n.config version:0x0
2021-11-08 11:12:48,589 [myid:1] - INFO  [WorkerReceiver[myid=1]:FastLeaderElection$Messenger$WorkerReceiver@390] - Notification: my state:FOLLOWING; n.sid:3, n.state:LOOKING, n.leader:2, n.round:0x2, n.peerEpoch:0x1, n.zxid:0x100000000, message format version:0x2, n.config version:0x0
2021-11-08 11:12:48,589 [myid:3] - INFO  [WorkerReceiver[myid=3]:FastLeaderElection$Messenger$WorkerReceiver@390] - Notification: my state:LOOKING; n.sid:3, n.state:LOOKING, n.leader:2, n.round:0x2, n.peerEpoch:0x1, n.zxid:0x100000000, message format version:0x2, n.config version:0x0
2021-11-08 11:12:48,589 [myid:2] - INFO  [WorkerReceiver[myid=2]:FastLeaderElection$Messenger$WorkerReceiver@390] - Notification: my state:LEADING; n.sid:3, n.state:LOOKING, n.leader:2, n.round:0x2, n.peerEpoch:0x1, n.zxid:0x100000000, message format version:0x2, n.config version:0x0
2021-11-08 11:12:48,589 [myid:3] - INFO  [WorkerReceiver[myid=3]:FastLeaderElection$Messenger$WorkerReceiver@390] - Notification: my state:LOOKING; n.sid:1, n.state:FOLLOWING, n.leader:2, n.round:0x2, n.peerEpoch:0x2, n.zxid:0x100000000, message format version:0x2, n.config version:0x0
2021-11-08 11:12:48,589 [myid:3] - INFO  [QuorumPeer[myid=3](plain=[0:0:0:0:0:0:0:0]:30094)(secure=disabled):QuorumPeer@901] - Peer state changed: following
2021-11-08 11:12:48,589 [myid:3] - INFO  [WorkerReceiver[myid=3]:FastLeaderElection$Messenger$WorkerReceiver@390] - Notification: my state:FOLLOWING; n.sid:1, n.state:FOLLOWING, n.leader:2, n.round:0x2, n.peerEpoch:0x2, n.zxid:0x100000000, message format version:0x2, n.config version:0x0
2021-11-08 11:12:48,589 [myid:3] - INFO  [QuorumPeer[myid=3](plain=[0:0:0:0:0:0:0:0]:30094)(secure=disabled):QuorumPeer@1512] - FOLLOWING
2021-11-08 11:12:48,589 [myid:3] - INFO  [QuorumPeer[myid=3](plain=[0:0:0:0:0:0:0:0]:30094)(secure=disabled):ZooKeeperServer@1300] - minSessionTimeout set to 8000
2021-11-08 11:12:48,589 [myid:3] - INFO  [QuorumPeer[myid=3](plain=[0:0:0:0:0:0:0:0]:30094)(secure=disabled):ZooKeeperServer@1309] - maxSessionTimeout set to 80000
2021-11-08 11:12:48,589 [myid:3] - INFO  [WorkerReceiver[myid=3]:FastLeaderElection$Messenger$WorkerReceiver@390] - Notification: my state:FOLLOWING; n.sid:2, n.state:LEADING, n.leader:2, n.round:0x2, n.peerEpoch:0x2, n.zxid:0x100000000, message format version:0x2, n.config version:0x0
2021-11-08 11:12:48,589 [myid:3] - INFO  [QuorumPeer[myid=3](plain=[0:0:0:0:0:0:0:0]:30094)(secure=disabled):ResponseCache@45] - getData response cache size is initialized with value 400.
2021-11-08 11:12:48,589 [myid:3] - INFO  [QuorumPeer[myid=3](plain=[0:0:0:0:0:0:0:0]:30094)(secure=disabled):ResponseCache@45] - getChildren response cache size is initialized with value 400.
2021-11-08 11:12:48,589 [myid:3] - INFO  [QuorumPeer[myid=3](plain=[0:0:0:0:0:0:0:0]:30094)(secure=disabled):RequestPathMetricsCollector@109] - zookeeper.pathStats.slotCapacity = 60
2021-11-08 11:12:48,589 [myid:3] - INFO  [QuorumPeer[myid=3](plain=[0:0:0:0:0:0:0:0]:30094)(secure=disabled):RequestPathMetricsCollector@110] - zookeeper.pathStats.slotDuration = 15
2021-11-08 11:12:48,589 [myid:3] - INFO  [QuorumPeer[myid=3](plain=[0:0:0:0:0:0:0:0]:30094)(secure=disabled):RequestPathMetricsCollector@111] - zookeeper.pathStats.maxDepth = 6
2021-11-08 11:12:48,589 [myid:3] - INFO  [QuorumPeer[myid=3](plain=[0:0:0:0:0:0:0:0]:30094)(secure=disabled):RequestPathMetricsCollector@112] - zookeeper.pathStats.initialDelay = 5
2021-11-08 11:12:48,589 [myid:3] - INFO  [QuorumPeer[myid=3](plain=[0:0:0:0:0:0:0:0]:30094)(secure=disabled):RequestPathMetricsCollector@113] - zookeeper.pathStats.delay = 5
2021-11-08 11:12:48,589 [myid:3] - INFO  [QuorumPeer[myid=3](plain=[0:0:0:0:0:0:0:0]:30094)(secure=disabled):RequestPathMetricsCollector@114] - zookeeper.pathStats.enabled = false
2021-11-08 11:12:48,589 [myid:3] - INFO  [QuorumPeer[myid=3](plain=[0:0:0:0:0:0:0:0]:30094)(secure=disabled):ZooKeeperServer@1536] - The max bytes for all large requests are set to 104857600
2021-11-08 11:12:48,589 [myid:3] - INFO  [QuorumPeer[myid=3](plain=[0:0:0:0:0:0:0:0]:30094)(secure=disabled):ZooKeeperServer@1550] - The large request threshold is set to -1
2021-11-08 11:12:48,589 [myid:3] - INFO  [QuorumPeer[myid=3](plain=[0:0:0:0:0:0:0:0]:30094)(secure=disabled):AuthenticationHelper@66] - zookeeper.enforce.auth.enabled = false
2021-11-08 11:12:48,589 [myid:3] - INFO  [QuorumPeer[myid=3](plain=[0:0:0:0:0:0:0:0]:30094)(secure=disabled):AuthenticationHelper@67] - zookeeper.enforce.auth.schemes = []
2021-11-08 11:12:48,589 [myid:3] - INFO  [QuorumPeer[myid=3](plain=[0:0:0:0:0:0:0:0]:30094)(secure=disabled):ZooKeeperServer@361] - Created server with tickTime 4000 minSessionTimeout 8000 maxSessionTimeout 80000 clientPortListenBacklog -1 datadir D:\mysoft\faiscoGit\myStudy\ZooKeeperLearning\apache-zookeeper-3.7.0\zookeeper-server\target\surefire\test6592602958150419203.junit.dir\data\version-2 snapdir D:\mysoft\faiscoGit\myStudy\ZooKeeperLearning\apache-zookeeper-3.7.0\zookeeper-server\target\surefire\test6592602958150419203.junit.dir\data\version-2
2021-11-08 11:12:48,590 [myid:3] - INFO  [QuorumPeer[myid=3](plain=[0:0:0:0:0:0:0:0]:30094)(secure=disabled):Follower@77] - FOLLOWING - LEADER ELECTION TOOK - 5 MS
2021-11-08 11:12:48,590 [myid:3] - INFO  [QuorumPeer[myid=3](plain=[0:0:0:0:0:0:0:0]:30094)(secure=disabled):QuorumPeer@915] - Peer state changed: following - discovery
2021-11-08 11:12:48,590 [myid:3] - INFO  [LeaderConnector-/127.0.0.1:30096:Learner$LeaderConnector@381] - Successfully connected to leader, using address: /127.0.0.1:30096
2021-11-08 11:12:48,591 [myid:2] - INFO  [LearnerHandler-/127.0.0.1:10450:UnifiedServerSocket$UnifiedSocket@274] - Accepted plaintext connection from /127.0.0.1:10450
2021-11-08 11:12:48,591 [myid:2] - INFO  [LearnerHandler-/127.0.0.1:10450:LearnerHandler@506] - Follower sid: 3 : info : 127.0.0.1:30097:30100:participant;0.0.0.0:30094
2021-11-08 11:12:48,595 [myid:2] - INFO  [LearnerHandler-/127.0.0.1:10450:ZKDatabase@346] - On disk txn sync enabled with snapshotSizeFactor 0.33
2021-11-08 11:12:48,595 [myid:2] - INFO  [LearnerHandler-/127.0.0.1:10450:LearnerHandler@801] - Synchronizing with Learner sid: 3 maxCommittedLog=0x0 minCommittedLog=0x0 lastProcessedZxid=0x200000000 peerLastZxid=0x0
2021-11-08 11:12:48,595 [myid:3] - INFO  [QuorumPeer[myid=3](plain=[0:0:0:0:0:0:0:0]:30094)(secure=disabled):QuorumPeer@915] - Peer state changed: following - synchronization
2021-11-08 11:12:48,596 [myid:2] - INFO  [LearnerHandler-/127.0.0.1:10450:LearnerHandler@568] - Sending snapshot last zxid of peer is 0x0, zxid of leader is 0x200000000, send zxid of db as 0x200000000, 1 concurrent snapshot sync, snapshot sync was exempt from throttle
2021-11-08 11:12:48,596 [myid:3] - INFO  [QuorumPeer[myid=3](plain=[0:0:0:0:0:0:0:0]:30094)(secure=disabled):QuorumPeer@920] - Peer state changed: following - synchronization - snap
2021-11-08 11:12:48,596 [myid:3] - INFO  [QuorumPeer[myid=3](plain=[0:0:0:0:0:0:0:0]:30094)(secure=disabled):Learner@573] - Getting a snapshot from leader 0x200000000
2021-11-08 11:12:48,597 [myid:3] - INFO  [QuorumPeer[myid=3](plain=[0:0:0:0:0:0:0:0]:30094)(secure=disabled):WatchManagerFactory@42] - Using org.apache.zookeeper.server.watch.WatchManager as watch manager
2021-11-08 11:12:48,597 [myid:3] - INFO  [QuorumPeer[myid=3](plain=[0:0:0:0:0:0:0:0]:30094)(secure=disabled):WatchManagerFactory@42] - Using org.apache.zookeeper.server.watch.WatchManager as watch manager
2021-11-08 11:12:48,598 [myid:3] - INFO  [QuorumPeer[myid=3](plain=[0:0:0:0:0:0:0:0]:30094)(secure=disabled):Learner@734] - Learner received NEWLEADER message
2021-11-08 11:12:48,598 [myid:3] - INFO  [QuorumPeer[myid=3](plain=[0:0:0:0:0:0:0:0]:30094)(secure=disabled):QuorumPeer@1870] - Dynamic reconfig is disabled, we don't store the last seen config.
2021-11-08 11:12:48,598 [myid:3] - INFO  [QuorumPeer[myid=3](plain=[0:0:0:0:0:0:0:0]:30094)(secure=disabled):FileTxnSnapLog@479] - Snapshotting: 0x200000000 to D:\mysoft\faiscoGit\myStudy\ZooKeeperLearning\apache-zookeeper-3.7.0\zookeeper-server\target\surefire\test6592602958150419203.junit.dir\data\version-2\snapshot.200000000
2021-11-08 11:12:48,602 [myid:3] - INFO  [QuorumPeer[myid=3](plain=[0:0:0:0:0:0:0:0]:30094)(secure=disabled):ZooKeeperServer@543] - Snapshot taken in 4 ms
2021-11-08 11:12:48,605 [myid:3] - INFO  [QuorumPeer[myid=3](plain=[0:0:0:0:0:0:0:0]:30094)(secure=disabled):QuorumPeer@920] - Peer state changed: following - synchronization
2021-11-08 11:12:48,605 [myid:3] - INFO  [QuorumPeer[myid=3](plain=[0:0:0:0:0:0:0:0]:30094)(secure=disabled):CommitProcessor@491] - Configuring CommitProcessor with readBatchSize -1 commitBatchSize 1
2021-11-08 11:12:48,605 [myid:3] - INFO  [QuorumPeer[myid=3](plain=[0:0:0:0:0:0:0:0]:30094)(secure=disabled):CommitProcessor@452] - Configuring CommitProcessor with 6 worker threads.
2021-11-08 11:12:48,605 [myid:3] - INFO  [QuorumPeer[myid=3](plain=[0:0:0:0:0:0:0:0]:30094)(secure=disabled):FollowerRequestProcessor@59] - Initialized FollowerRequestProcessor with zookeeper.follower.skipLearnerRequestToNextProcessor as false
2021-11-08 11:12:48,607 [myid:3] - INFO  [QuorumPeer[myid=3](plain=[0:0:0:0:0:0:0:0]:30094)(secure=disabled):Learner@718] - Learner received UPTODATE message
2021-11-08 11:12:48,607 [myid:3] - INFO  [QuorumPeer[myid=3](plain=[0:0:0:0:0:0:0:0]:30094)(secure=disabled):QuorumPeer@915] - Peer state changed: following - broadcast
2021-11-08 11:12:48,745 [myid:3] - INFO  [nioEventLoopGroup-34-1:NettyServerCnxn@294] - Processing stat command from /127.0.0.1:10420
2021-11-08 11:12:48,745 [myid:3] - INFO  [nioEventLoopGroup-34-1:StatCommand@52] - Stat command output
2021-11-08 11:12:48,746 [myid:] - INFO  [main:QuorumBase@422] - Shutting down quorum peer QuorumPeer[myid=1](plain=[0:0:0:0:0:0:0:0]:30092)(secure=disabled)
2021-11-08 11:12:48,746 [myid:] - INFO  [main:Follower@291] - shutdown Follower
2021-11-08 11:12:48,746 [myid:2] - ERROR [LearnerHandler-/127.0.0.1:10381:LearnerHandler@715] - Unexpected exception in LearnerHandler: 
java.io.EOFException
	at java.io.DataInputStream.readInt(DataInputStream.java:392)
	at org.apache.jute.BinaryInputArchive.readInt(BinaryInputArchive.java:96)
	at org.apache.zookeeper.server.quorum.QuorumPacket.deserialize(QuorumPacket.java:86)
	at org.apache.jute.BinaryInputArchive.readRecord(BinaryInputArchive.java:134)
	at org.apache.zookeeper.server.quorum.LearnerHandler.run(LearnerHandler.java:652)
2021-11-08 11:12:48,746 [myid:1] - WARN  [QuorumPeer[myid=1](plain=[0:0:0:0:0:0:0:0]:30092)(secure=disabled):Follower@133] - Exception when following the leader
java.net.SocketException: Socket Closed
	at java.net.SocketInputStream.socketRead0(Native Method)
	at java.net.SocketInputStream.read(SocketInputStream.java:150)
	at java.net.SocketInputStream.read(SocketInputStream.java:121)
	at java.io.BufferedInputStream.fill(BufferedInputStream.java:246)
	at java.io.BufferedInputStream.read(BufferedInputStream.java:265)
	at java.io.DataInputStream.readInt(DataInputStream.java:387)
	at org.apache.jute.BinaryInputArchive.readInt(BinaryInputArchive.java:96)
	at org.apache.zookeeper.server.quorum.QuorumPacket.deserialize(QuorumPacket.java:86)
	at org.apache.jute.BinaryInputArchive.readRecord(BinaryInputArchive.java:134)
	at org.apache.zookeeper.server.quorum.Learner.readPacket(Learner.java:225)
	at org.apache.zookeeper.server.quorum.Follower.followLeader(Follower.java:128)
	at org.apache.zookeeper.server.quorum.QuorumPeer.run(QuorumPeer.java:1515)
2021-11-08 11:12:48,746 [myid:] - INFO  [main:ZooKeeperServer@829] - shutting down
2021-11-08 11:12:48,747 [myid:1] - INFO  [QuorumPeer[myid=1](plain=[0:0:0:0:0:0:0:0]:30092)(secure=disabled):Follower@147] - Disconnected from leader (with address: /127.0.0.1:30096). Was connected for 1810ms. Sync state: true
2021-11-08 11:12:48,747 [myid:2] - INFO  [LearnerHandler-/127.0.0.1:10381:LearnerHandler@1155] - Synchronously closing socket to learner 1.
2021-11-08 11:12:48,747 [myid:] - INFO  [main:RequestThrottler@258] - Shutting down
2021-11-08 11:12:48,747 [myid:2] - WARN  [LearnerHandler-/127.0.0.1:10381:LearnerHandler@731] - ******* GOODBYE /127.0.0.1:10381 ********
2021-11-08 11:12:48,747 [myid:1] - INFO  [QuorumPeer[myid=1](plain=[0:0:0:0:0:0:0:0]:30092)(secure=disabled):Follower@291] - shutdown Follower
2021-11-08 11:12:48,747 [myid:1] - INFO  [RequestThrottler:RequestThrottler@219] - Draining request throttler queue
2021-11-08 11:12:48,748 [myid:1] - INFO  [RequestThrottler:RequestThrottler@195] - RequestThrottler shutdown. Dropped 0 requests
2021-11-08 11:12:48,748 [myid:] - INFO  [main:FollowerRequestProcessor@172] - Shutting down
2021-11-08 11:12:48,748 [myid:] - INFO  [main:CommitProcessor@632] - Shutting down
2021-11-08 11:12:48,748 [myid:1] - INFO  [FollowerRequestProcessor:1:FollowerRequestProcessor@128] - FollowerRequestProcessor exited loop!
2021-11-08 11:12:48,748 [myid:1] - INFO  [CommitProcessor:1:CommitProcessor@420] - CommitProcessor exited loop!
2021-11-08 11:12:48,748 [myid:] - INFO  [main:FinalRequestProcessor@684] - shutdown of request processor complete
2021-11-08 11:12:48,749 [myid:1] - INFO  [QuorumPeer[myid=1](plain=[0:0:0:0:0:0:0:0]:30092)(secure=disabled):QuorumPeer@915] - Peer state changed: looking
2021-11-08 11:12:48,749 [myid:1] - WARN  [QuorumPeer[myid=1](plain=[0:0:0:0:0:0:0:0]:30092)(secure=disabled):QuorumPeer@1563] - PeerState set to LOOKING
2021-11-08 11:12:48,749 [myid:1] - WARN  [QuorumPeer[myid=1](plain=[0:0:0:0:0:0:0:0]:30092)(secure=disabled):QuorumPeer@1545] - QuorumPeer main thread exited
2021-11-08 11:12:48,749 [myid:] - INFO  [main:NettyServerCnxnFactory@647] - shutdown called /0:0:0:0:0:0:0:0:30092
2021-11-08 11:12:48,750 [myid:1] - INFO  [QuorumPeerListener:QuorumCnxManager$Listener@980] - Leaving listener
2021-11-08 11:12:48,750 [myid:2] - WARN  [RecvWorker:1:QuorumCnxManager$RecvWorker@1397] - Connection broken for id 1, my id = 2
java.io.EOFException
	at java.io.DataInputStream.readInt(DataInputStream.java:392)
	at org.apache.zookeeper.server.quorum.QuorumCnxManager$RecvWorker.run(QuorumCnxManager.java:1385)
2021-11-08 11:12:48,753 [myid:] - INFO  [main:QuorumBase@426] - Shutting down leader election QuorumPeer[myid=1](plain=[0:0:0:0:0:0:0:0]:30092)(secure=disabled)
2021-11-08 11:12:48,753 [myid:1] - WARN  [SendWorker:3:QuorumCnxManager$SendWorker@1283] - Interrupted while waiting for message on queue
java.lang.InterruptedException
	at java.util.concurrent.locks.AbstractQueuedSynchronizer$ConditionObject.reportInterruptAfterWait(AbstractQueuedSynchronizer.java:2014)
	at java.util.concurrent.locks.AbstractQueuedSynchronizer$ConditionObject.awaitNanos(AbstractQueuedSynchronizer.java:2088)
	at org.apache.zookeeper.util.CircularBlockingQueue.poll(CircularBlockingQueue.java:105)
	at org.apache.zookeeper.server.quorum.QuorumCnxManager.pollSendQueue(QuorumCnxManager.java:1448)
	at org.apache.zookeeper.server.quorum.QuorumCnxManager.access$900(QuorumCnxManager.java:99)
	at org.apache.zookeeper.server.quorum.QuorumCnxManager$SendWorker.run(QuorumCnxManager.java:1272)
2021-11-08 11:12:48,753 [myid:1] - WARN  [SendWorker:3:QuorumCnxManager$SendWorker@1295] - Send worker leaving thread id 3 my id = 1
2021-11-08 11:12:48,753 [myid:1] - WARN  [SendWorker:2:QuorumCnxManager$SendWorker@1283] - Interrupted while waiting for message on queue
java.lang.InterruptedException
	at java.util.concurrent.locks.AbstractQueuedSynchronizer$ConditionObject.reportInterruptAfterWait(AbstractQueuedSynchronizer.java:2014)
	at java.util.concurrent.locks.AbstractQueuedSynchronizer$ConditionObject.awaitNanos(AbstractQueuedSynchronizer.java:2088)
	at org.apache.zookeeper.util.CircularBlockingQueue.poll(CircularBlockingQueue.java:105)
	at org.apache.zookeeper.server.quorum.QuorumCnxManager.pollSendQueue(QuorumCnxManager.java:1448)
	at org.apache.zookeeper.server.quorum.QuorumCnxManager.access$900(QuorumCnxManager.java:99)
	at org.apache.zookeeper.server.quorum.QuorumCnxManager$SendWorker.run(QuorumCnxManager.java:1272)
2021-11-08 11:12:48,753 [myid:2] - WARN  [RecvWorker:1:QuorumCnxManager$RecvWorker@1403] - Interrupting SendWorker thread from RecvWorker. sid: 1. myId: 2
2021-11-08 11:12:48,750 [myid:1] - WARN  [RecvWorker:3:QuorumCnxManager$RecvWorker@1397] - Connection broken for id 3, my id = 1
java.net.SocketException: Socket closed
	at java.net.SocketInputStream.socketRead0(Native Method)
	at java.net.SocketInputStream.read(SocketInputStream.java:150)
	at java.net.SocketInputStream.read(SocketInputStream.java:121)
	at java.io.FilterInputStream.read(FilterInputStream.java:133)
	at java.io.PushbackInputStream.read(PushbackInputStream.java:186)
	at org.apache.zookeeper.server.quorum.UnifiedServerSocket$UnifiedInputStream.read(UnifiedServerSocket.java:693)
	at java.io.BufferedInputStream.fill(BufferedInputStream.java:246)
	at java.io.BufferedInputStream.read(BufferedInputStream.java:265)
	at java.io.DataInputStream.readInt(DataInputStream.java:387)
	at org.apache.zookeeper.server.quorum.QuorumCnxManager$RecvWorker.run(QuorumCnxManager.java:1385)
2021-11-08 11:12:48,754 [myid:1] - WARN  [SendWorker:2:QuorumCnxManager$SendWorker@1295] - Send worker leaving thread id 2 my id = 1
2021-11-08 11:12:48,750 [myid:3] - WARN  [RecvWorker:1:QuorumCnxManager$RecvWorker@1397] - Connection broken for id 1, my id = 3
java.io.EOFException
	at java.io.DataInputStream.readInt(DataInputStream.java:392)
	at org.apache.zookeeper.server.quorum.QuorumCnxManager$RecvWorker.run(QuorumCnxManager.java:1385)
2021-11-08 11:12:48,754 [myid:3] - WARN  [RecvWorker:1:QuorumCnxManager$RecvWorker@1403] - Interrupting SendWorker thread from RecvWorker. sid: 1. myId: 3
2021-11-08 11:12:48,750 [myid:1] - WARN  [RecvWorker:2:QuorumCnxManager$RecvWorker@1397] - Connection broken for id 2, my id = 1
java.net.SocketException: Socket closed
	at java.net.SocketInputStream.socketRead0(Native Method)
	at java.net.SocketInputStream.read(SocketInputStream.java:150)
	at java.net.SocketInputStream.read(SocketInputStream.java:121)
	at java.io.FilterInputStream.read(FilterInputStream.java:133)
	at java.io.PushbackInputStream.read(PushbackInputStream.java:186)
	at org.apache.zookeeper.server.quorum.UnifiedServerSocket$UnifiedInputStream.read(UnifiedServerSocket.java:693)
	at java.io.BufferedInputStream.fill(BufferedInputStream.java:246)
	at java.io.BufferedInputStream.read(BufferedInputStream.java:265)
	at java.io.DataInputStream.readInt(DataInputStream.java:387)
	at org.apache.zookeeper.server.quorum.QuorumCnxManager$RecvWorker.run(QuorumCnxManager.java:1385)
2021-11-08 11:12:48,754 [myid:1] - WARN  [RecvWorker:2:QuorumCnxManager$RecvWorker@1403] - Interrupting SendWorker thread from RecvWorker. sid: 2. myId: 1
2021-11-08 11:12:48,754 [myid:2] - WARN  [SendWorker:1:QuorumCnxManager$SendWorker@1283] - Interrupted while waiting for message on queue
java.lang.InterruptedException
	at java.util.concurrent.locks.AbstractQueuedSynchronizer$ConditionObject.reportInterruptAfterWait(AbstractQueuedSynchronizer.java:2014)
	at java.util.concurrent.locks.AbstractQueuedSynchronizer$ConditionObject.awaitNanos(AbstractQueuedSynchronizer.java:2088)
	at org.apache.zookeeper.util.CircularBlockingQueue.poll(CircularBlockingQueue.java:105)
	at org.apache.zookeeper.server.quorum.QuorumCnxManager.pollSendQueue(QuorumCnxManager.java:1448)
	at org.apache.zookeeper.server.quorum.QuorumCnxManager.access$900(QuorumCnxManager.java:99)
	at org.apache.zookeeper.server.quorum.QuorumCnxManager$SendWorker.run(QuorumCnxManager.java:1272)
2021-11-08 11:12:48,754 [myid:1] - WARN  [RecvWorker:3:QuorumCnxManager$RecvWorker@1403] - Interrupting SendWorker thread from RecvWorker. sid: 3. myId: 1
2021-11-08 11:12:48,753 [myid:] - INFO  [main:QuorumBase@431] - Waiting for QuorumPeer[myid=1](plain=[0:0:0:0:0:0:0:0]:30092)(secure=disabled) to exit thread
2021-11-08 11:12:48,755 [myid:] - INFO  [main:FourLetterWordMain@94] - connecting to 127.0.0.1 30092
2021-11-08 11:12:48,754 [myid:2] - WARN  [SendWorker:1:QuorumCnxManager$SendWorker@1295] - Send worker leaving thread id 1 my id = 2
2021-11-08 11:12:48,754 [myid:3] - WARN  [SendWorker:1:QuorumCnxManager$SendWorker@1283] - Interrupted while waiting for message on queue
java.lang.InterruptedException
	at java.util.concurrent.locks.AbstractQueuedSynchronizer$ConditionObject.reportInterruptAfterWait(AbstractQueuedSynchronizer.java:2014)
	at java.util.concurrent.locks.AbstractQueuedSynchronizer$ConditionObject.awaitNanos(AbstractQueuedSynchronizer.java:2088)
	at org.apache.zookeeper.util.CircularBlockingQueue.poll(CircularBlockingQueue.java:105)
	at org.apache.zookeeper.server.quorum.QuorumCnxManager.pollSendQueue(QuorumCnxManager.java:1448)
	at org.apache.zookeeper.server.quorum.QuorumCnxManager.access$900(QuorumCnxManager.java:99)
	at org.apache.zookeeper.server.quorum.QuorumCnxManager$SendWorker.run(QuorumCnxManager.java:1272)
2021-11-08 11:12:48,755 [myid:3] - WARN  [SendWorker:1:QuorumCnxManager$SendWorker@1295] - Send worker leaving thread id 1 my id = 3
2021-11-08 11:12:48,776 [myid:3] - INFO  [WorkerSender[myid=3]:FastLeaderElection$Messenger$WorkerSender@506] - WorkerSender is down
2021-11-08 11:12:49,683 [myid:3] - INFO  [SessionTracker:SessionTrackerImpl@175] - SessionTrackerImpl exited loop!
2021-11-08 11:12:50,785 [myid:] - INFO  [main:FourLetterWordMain@94] - connecting to 127.0.0.1 30092
2021-11-08 11:12:50,786 [myid:] - INFO  [Thread-22:QuorumPeerConfig@174] - Reading configuration from: D:\mysoft\faiscoGit\myStudy\ZooKeeperLearning\apache-zookeeper-3.7.0\zookeeper-server\target\surefire\test2822455436040318635.junit.dir\zoo.cfg
2021-11-08 11:12:50,786 [myid:] - INFO  [Thread-22:QuorumPeerConfig@444] - clientPortAddress is 0.0.0.0:30092
2021-11-08 11:12:50,786 [myid:] - INFO  [Thread-22:QuorumPeerConfig@448] - secureClientPort is not set
2021-11-08 11:12:50,786 [myid:] - INFO  [Thread-22:QuorumPeerConfig@464] - observerMasterPort is not set
2021-11-08 11:12:50,786 [myid:] - INFO  [Thread-22:QuorumPeerConfig@481] - metricsProvider.className is org.apache.zookeeper.metrics.impl.DefaultMetricsProvider
2021-11-08 11:12:50,787 [myid:1] - INFO  [Thread-22:DatadirCleanupManager@78] - autopurge.snapRetainCount set to 3
2021-11-08 11:12:50,787 [myid:1] - INFO  [Thread-22:DatadirCleanupManager@79] - autopurge.purgeInterval set to 0
2021-11-08 11:12:50,787 [myid:1] - INFO  [Thread-22:DatadirCleanupManager@101] - Purge task is not scheduled.
2021-11-08 11:12:50,787 [myid:1] - INFO  [Thread-22:ManagedUtil@44] - Log4j 1.2 jmx support found and enabled.
2021-11-08 11:12:50,787 [myid:1] - ERROR [Thread-22:ManagedUtil@109] - Problems while registering log4j 1.2 jmx beans!
javax.management.InstanceAlreadyExistsException: log4j:hierarchy=default
	at com.sun.jmx.mbeanserver.Repository.addMBean(Repository.java:437)
	at com.sun.jmx.interceptor.DefaultMBeanServerInterceptor.registerWithRepository(DefaultMBeanServerInterceptor.java:1898)
	at com.sun.jmx.interceptor.DefaultMBeanServerInterceptor.registerDynamicMBean(DefaultMBeanServerInterceptor.java:966)
	at com.sun.jmx.interceptor.DefaultMBeanServerInterceptor.registerObject(DefaultMBeanServerInterceptor.java:900)
	at com.sun.jmx.interceptor.DefaultMBeanServerInterceptor.registerMBean(DefaultMBeanServerInterceptor.java:324)
	at com.sun.jmx.mbeanserver.JmxMBeanServer.registerMBean(JmxMBeanServer.java:522)
	at org.apache.zookeeper.jmx.ManagedUtil.registerLog4jMBeans(ManagedUtil.java:72)
	at org.apache.zookeeper.server.quorum.QuorumPeerMain.runFromConfig(QuorumPeerMain.java:147)
	at org.apache.zookeeper.server.quorum.QuorumPeerMain.initializeAndRun(QuorumPeerMain.java:137)
	at org.apache.zookeeper.server.quorum.QuorumPeerTestBase$MainThread.run(QuorumPeerTestBase.java:329)
	at java.lang.Thread.run(Thread.java:745)
2021-11-08 11:12:50,787 [myid:1] - WARN  [Thread-22:QuorumPeerMain@149] - Unable to register log4j JMX control
javax.management.JMException: javax.management.InstanceAlreadyExistsException: log4j:hierarchy=default
	at org.apache.zookeeper.jmx.ManagedUtil.registerLog4jMBeans(ManagedUtil.java:110)
	at org.apache.zookeeper.server.quorum.QuorumPeerMain.runFromConfig(QuorumPeerMain.java:147)
	at org.apache.zookeeper.server.quorum.QuorumPeerMain.initializeAndRun(QuorumPeerMain.java:137)
	at org.apache.zookeeper.server.quorum.QuorumPeerTestBase$MainThread.run(QuorumPeerTestBase.java:329)
	at java.lang.Thread.run(Thread.java:745)
2021-11-08 11:12:50,787 [myid:1] - INFO  [Thread-22:QuorumPeerMain@152] - Starting quorum peer, myid=1
2021-11-08 11:12:50,787 [myid:1] - INFO  [Thread-22:ServerMetrics@62] - ServerMetrics initialized with provider org.apache.zookeeper.metrics.impl.DefaultMetricsProvider@19c3b3d6
2021-11-08 11:12:50,787 [myid:1] - INFO  [Thread-22:DigestAuthenticationProvider@61] - zookeeper.DigestAuthenticationProvider.enabled = true
2021-11-08 11:12:50,788 [myid:1] - INFO  [Thread-22:NettyServerCnxnFactory@507] - zookeeper.client.portUnification=false
2021-11-08 11:12:50,788 [myid:1] - INFO  [Thread-22:NettyServerCnxnFactory@519] - zookeeper.netty.advancedFlowControl.enabled = false
2021-11-08 11:12:50,788 [myid:1] - INFO  [Thread-22:NettyServerCnxnFactory@106] - handshakeThrottlingEnabled = false, zookeeper.netty.server.outstandingHandshake.limit = -1
2021-11-08 11:12:51,200 [myid:1] - INFO  [Thread-22:ServerCnxnFactory@169] - Using org.apache.zookeeper.server.NettyServerCnxnFactory as server connection factory
2021-11-08 11:12:51,200 [myid:1] - WARN  [Thread-22:ServerCnxnFactory@309] - maxCnxns is not configured, using default value 0.
2021-11-08 11:12:51,200 [myid:1] - INFO  [Thread-22:NettyServerCnxnFactory@606] - configure org.apache.zookeeper.server.NettyServerCnxnFactory@45ca7987 secure: false on addr /0.0.0.0:30092
2021-11-08 11:12:51,200 [myid:1] - INFO  [Thread-22:FileTxnSnapLog@124] - zookeeper.snapshot.trust.empty : false
2021-11-08 11:12:51,200 [myid:1] - INFO  [Thread-22:QuorumPeer@1742] - Local sessions disabled
2021-11-08 11:12:51,200 [myid:1] - INFO  [Thread-22:QuorumPeer@1753] - Local session upgrading disabled
2021-11-08 11:12:51,200 [myid:1] - INFO  [Thread-22:QuorumPeer@1720] - tickTime set to 4000
2021-11-08 11:12:51,201 [myid:1] - INFO  [Thread-22:QuorumPeer@1764] - minSessionTimeout set to 8000
2021-11-08 11:12:51,201 [myid:1] - INFO  [Thread-22:QuorumPeer@1775] - maxSessionTimeout set to 80000
2021-11-08 11:12:51,201 [myid:1] - INFO  [Thread-22:QuorumPeer@1800] - initLimit set to 10
2021-11-08 11:12:51,201 [myid:1] - INFO  [Thread-22:QuorumPeer@1987] - syncLimit set to 5
2021-11-08 11:12:51,201 [myid:1] - INFO  [Thread-22:QuorumPeer@2002] - connectToLearnerMasterLimit set to 5
2021-11-08 11:12:51,201 [myid:1] - INFO  [Thread-22:WatchManagerFactory@42] - Using org.apache.zookeeper.server.watch.WatchManager as watch manager
2021-11-08 11:12:51,201 [myid:1] - INFO  [Thread-22:WatchManagerFactory@42] - Using org.apache.zookeeper.server.watch.WatchManager as watch manager
2021-11-08 11:12:51,201 [myid:1] - INFO  [Thread-22:ZKDatabase@133] - zookeeper.snapshotSizeFactor = 0.33
2021-11-08 11:12:51,201 [myid:1] - INFO  [Thread-22:ZKDatabase@153] - zookeeper.commitLogCount=500
2021-11-08 11:12:51,201 [myid:1] - INFO  [Thread-22:QuorumPeer@2064] - Using TLS encrypted quorum communication
2021-11-08 11:12:51,201 [myid:1] - INFO  [Thread-22:QuorumPeer@2072] - Port unification enabled
2021-11-08 11:12:51,201 [myid:1] - INFO  [Thread-22:QuorumPeer@179] - multiAddress.enabled set to false
2021-11-08 11:12:51,201 [myid:1] - INFO  [Thread-22:QuorumPeer@204] - multiAddress.reachabilityCheckEnabled set to true
2021-11-08 11:12:51,201 [myid:1] - INFO  [Thread-22:QuorumPeer@191] - multiAddress.reachabilityCheckTimeoutMs set to 1000
2021-11-08 11:12:51,201 [myid:1] - INFO  [Thread-22:QuorumPeer@2527] - QuorumPeer communication is not secured! (SASL auth disabled)
2021-11-08 11:12:51,201 [myid:1] - INFO  [Thread-22:QuorumPeer@2552] - quorum.cnxn.threads.size set to 20
2021-11-08 11:12:51,202 [myid:1] - INFO  [Thread-22:FileSnap@85] - Reading snapshot D:\mysoft\faiscoGit\myStudy\ZooKeeperLearning\apache-zookeeper-3.7.0\zookeeper-server\target\surefire\test2822455436040318635.junit.dir\data\version-2\snapshot.100000000
2021-11-08 11:12:51,202 [myid:1] - INFO  [Thread-22:DataTree@1716] - The digest value is empty in snapshot
2021-11-08 11:12:51,202 [myid:1] - INFO  [Thread-22:ZKDatabase@290] - Snapshot loaded in 0 ms, highest zxid is 0x100000000, digest is 1371985504
2021-11-08 11:12:51,202 [myid:1] - INFO  [Thread-22:NettyServerCnxnFactory@695] - binding to port /0.0.0.0:30092
2021-11-08 11:12:51,203 [myid:1] - INFO  [Thread-22:NettyServerCnxnFactory@700] - bound to port 30092
2021-11-08 11:12:51,203 [myid:1] - INFO  [Thread-22:QuorumPeer@2569] - Using 20000ms as the quorum cnxn socket timeout
2021-11-08 11:12:51,203 [myid:1] - INFO  [Thread-22:QuorumCnxManager$Listener@924] - Election port bind maximum retries is 3
2021-11-08 11:12:51,204 [myid:1] - INFO  [ListenerHandler-/127.0.0.1:30098:QuorumCnxManager$Listener$ListenerHandler@1125] - Creating TLS-enabled quorum server socket
2021-11-08 11:12:51,204 [myid:1] - INFO  [ListenerHandler-/127.0.0.1:30098:QuorumCnxManager$Listener$ListenerHandler@1066] - 1 is accepting connections now, my election bind port: /127.0.0.1:30098
2021-11-08 11:12:51,204 [myid:1] - INFO  [QuorumPeer[myid=1](plain=[0:0:0:0:0:0:0:0]:30092)(secure=disabled):QuorumPeer@1430] - LOOKING
2021-11-08 11:12:51,204 [myid:1] - INFO  [QuorumPeer[myid=1](plain=[0:0:0:0:0:0:0:0]:30092)(secure=disabled):FastLeaderElection@947] - New election. My id = 1, proposed zxid=0x100000000
2021-11-08 11:12:51,204 [myid:1] - INFO  [WorkerReceiver[myid=1]:FastLeaderElection$Messenger$WorkerReceiver@390] - Notification: my state:LOOKING; n.sid:1, n.state:LOOKING, n.leader:1, n.round:0x1, n.peerEpoch:0x2, n.zxid:0x100000000, message format version:0x2, n.config version:0x0
2021-11-08 11:12:51,290 [myid:1] - WARN  [nioEventLoopGroup-37-1:NettyServerCnxnFactory$CnxnChannelHandler@231] - Zookeeper server is not running, close the connection before starting the TLS handshake
2021-11-08 11:12:51,415 [myid:1] - INFO  [QuorumPeer[myid=1](plain=[0:0:0:0:0:0:0:0]:30092)(secure=disabled):FastLeaderElection@984] - Notification time out: 400
2021-11-08 11:12:51,556 [myid:] - INFO  [main:FourLetterWordMain@94] - connecting to 127.0.0.1 30092
2021-11-08 11:12:51,559 [myid:1] - WARN  [nioEventLoopGroup-37-2:NettyServerCnxnFactory$CnxnChannelHandler@231] - Zookeeper server is not running, close the connection before starting the TLS handshake
2021-11-08 11:12:51,590 [myid:1] - INFO  [WorkerReceiver[myid=1]:FastLeaderElection$Messenger$WorkerReceiver@472] - WorkerReceiver is down
2021-11-08 11:12:51,590 [myid:1] - INFO  [WorkerSender[myid=1]:FastLeaderElection$Messenger$WorkerSender@506] - WorkerSender is down
2021-11-08 11:12:51,822 [myid:] - INFO  [main:FourLetterWordMain@94] - connecting to 127.0.0.1 30092
2021-11-08 11:12:51,822 [myid:1] - INFO  [QuorumPeer[myid=1](plain=[0:0:0:0:0:0:0:0]:30092)(secure=disabled):FastLeaderElection@984] - Notification time out: 800
2021-11-08 11:12:51,823 [myid:1] - WARN  [nioEventLoopGroup-37-3:NettyServerCnxnFactory$CnxnChannelHandler@231] - Zookeeper server is not running, close the connection before starting the TLS handshake
2021-11-08 11:12:52,088 [myid:] - INFO  [main:FourLetterWordMain@94] - connecting to 127.0.0.1 30092
2021-11-08 11:12:52,092 [myid:1] - WARN  [nioEventLoopGroup-37-4:NettyServerCnxnFactory$CnxnChannelHandler@231] - Zookeeper server is not running, close the connection before starting the TLS handshake
2021-11-08 11:12:52,353 [myid:] - INFO  [main:FourLetterWordMain@94] - connecting to 127.0.0.1 30092
2021-11-08 11:12:52,354 [myid:1] - WARN  [nioEventLoopGroup-37-5:NettyServerCnxnFactory$CnxnChannelHandler@231] - Zookeeper server is not running, close the connection before starting the TLS handshake
2021-11-08 11:12:52,619 [myid:] - INFO  [main:FourLetterWordMain@94] - connecting to 127.0.0.1 30092
2021-11-08 11:12:52,621 [myid:1] - WARN  [nioEventLoopGroup-37-6:NettyServerCnxnFactory$CnxnChannelHandler@231] - Zookeeper server is not running, close the connection before starting the TLS handshake
2021-11-08 11:12:52,634 [myid:1] - INFO  [QuorumPeer[myid=1](plain=[0:0:0:0:0:0:0:0]:30092)(secure=disabled):FastLeaderElection@984] - Notification time out: 1600
2021-11-08 11:12:52,883 [myid:] - INFO  [main:FourLetterWordMain@94] - connecting to 127.0.0.1 30092
2021-11-08 11:12:52,884 [myid:1] - WARN  [nioEventLoopGroup-37-7:NettyServerCnxnFactory$CnxnChannelHandler@231] - Zookeeper server is not running, close the connection before starting the TLS handshake
2021-11-08 11:12:53,149 [myid:] - INFO  [main:FourLetterWordMain@94] - connecting to 127.0.0.1 30092
2021-11-08 11:12:53,150 [myid:1] - WARN  [nioEventLoopGroup-37-8:NettyServerCnxnFactory$CnxnChannelHandler@231] - Zookeeper server is not running, close the connection before starting the TLS handshake
2021-11-08 11:12:53,415 [myid:] - INFO  [main:FourLetterWordMain@94] - connecting to 127.0.0.1 30092
2021-11-08 11:12:53,416 [myid:1] - WARN  [nioEventLoopGroup-37-9:NettyServerCnxnFactory$CnxnChannelHandler@231] - Zookeeper server is not running, close the connection before starting the TLS handshake
2021-11-08 11:12:53,431 [myid:] - INFO  [main:ClientBase@267] - server 127.0.0.1:30092 not up
java.net.SocketException: Software caused connection abort: recv failed
	at java.net.SocketInputStream.socketRead0(Native Method)
	at java.net.SocketInputStream.read(SocketInputStream.java:150)
	at java.net.SocketInputStream.read(SocketInputStream.java:121)
	at sun.nio.cs.StreamDecoder.readBytes(StreamDecoder.java:284)
	at sun.nio.cs.StreamDecoder.implRead(StreamDecoder.java:326)
	at sun.nio.cs.StreamDecoder.read(StreamDecoder.java:178)
	at java.io.InputStreamReader.read(InputStreamReader.java:184)
	at java.io.BufferedReader.fill(BufferedReader.java:161)
	at java.io.BufferedReader.readLine(BufferedReader.java:324)
	at java.io.BufferedReader.readLine(BufferedReader.java:389)
	at org.apache.zookeeper.client.FourLetterWordMain.send4LetterWord(FourLetterWordMain.java:129)
	at org.apache.zookeeper.client.FourLetterWordMain.send4LetterWord(FourLetterWordMain.java:74)
	at org.apache.zookeeper.test.ClientBase.waitForServerUp(ClientBase.java:258)
	at org.apache.zookeeper.test.ClientBase.waitForServerUp(ClientBase.java:249)
	at org.apache.zookeeper.server.quorum.QuorumSSLTest.stopAppendConfigRestartAll(QuorumSSLTest.java:548)
	at org.apache.zookeeper.server.quorum.QuorumSSLTest.testRollingUpgrade(QuorumSSLTest.java:529)
	at sun.reflect.NativeMethodAccessorImpl.invoke0(Native Method)
	at sun.reflect.NativeMethodAccessorImpl.invoke(NativeMethodAccessorImpl.java:62)
	at sun.reflect.DelegatingMethodAccessorImpl.invoke(DelegatingMethodAccessorImpl.java:43)
	at java.lang.reflect.Method.invoke(Method.java:483)
	at org.junit.platform.commons.util.ReflectionUtils.invokeMethod(ReflectionUtils.java:686)
	at org.junit.jupiter.engine.execution.MethodInvocation.proceed(MethodInvocation.java:60)
	at org.junit.jupiter.engine.execution.InvocationInterceptorChain$ValidatingInvocation.proceed(InvocationInterceptorChain.java:131)
	at org.junit.jupiter.engine.extension.TimeoutInvocation.proceed(TimeoutInvocation.java:46)
	at org.junit.jupiter.engine.extension.TimeoutExtension.intercept(TimeoutExtension.java:149)
	at org.junit.jupiter.engine.extension.TimeoutExtension.interceptTestableMethod(TimeoutExtension.java:140)
	at org.junit.jupiter.engine.extension.TimeoutExtension.interceptTestMethod(TimeoutExtension.java:84)
	at org.junit.jupiter.engine.descriptor.TestMethodTestDescriptor$$Lambda$111/1780132728.apply(Unknown Source)
	at org.junit.jupiter.engine.execution.ExecutableInvoker$ReflectiveInterceptorCall.lambda$ofVoidMethod$0(ExecutableInvoker.java:115)
	at org.junit.jupiter.engine.execution.ExecutableInvoker$ReflectiveInterceptorCall$$Lambda$112/1725017993.apply(Unknown Source)
	at org.junit.jupiter.engine.execution.ExecutableInvoker.lambda$invoke$0(ExecutableInvoker.java:105)
	at org.junit.jupiter.engine.execution.ExecutableInvoker$$Lambda$234/64133603.apply(Unknown Source)
	at org.junit.jupiter.engine.execution.InvocationInterceptorChain$InterceptedInvocation.proceed(InvocationInterceptorChain.java:106)
	at org.junit.jupiter.engine.execution.InvocationInterceptorChain.proceed(InvocationInterceptorChain.java:64)
	at org.junit.jupiter.engine.execution.InvocationInterceptorChain.chainAndInvoke(InvocationInterceptorChain.java:45)
	at org.junit.jupiter.engine.execution.InvocationInterceptorChain.invoke(InvocationInterceptorChain.java:37)
	at org.junit.jupiter.engine.execution.ExecutableInvoker.invoke(ExecutableInvoker.java:104)
	at org.junit.jupiter.engine.execution.ExecutableInvoker.invoke(ExecutableInvoker.java:98)
	at org.junit.jupiter.engine.descriptor.TestMethodTestDescriptor.lambda$invokeTestMethod$6(TestMethodTestDescriptor.java:212)
	at org.junit.jupiter.engine.descriptor.TestMethodTestDescriptor$$Lambda$271/224100622.execute(Unknown Source)
	at org.junit.platform.engine.support.hierarchical.ThrowableCollector.execute(ThrowableCollector.java:73)
	at org.junit.jupiter.engine.descriptor.TestMethodTestDescriptor.invokeTestMethod(TestMethodTestDescriptor.java:208)
	at org.junit.jupiter.engine.descriptor.TestMethodTestDescriptor.execute(TestMethodTestDescriptor.java:137)
	at org.junit.jupiter.engine.descriptor.TestMethodTestDescriptor.execute(TestMethodTestDescriptor.java:71)
	at org.junit.platform.engine.support.hierarchical.NodeTestTask.lambda$executeRecursively$5(NodeTestTask.java:135)
	at org.junit.platform.engine.support.hierarchical.NodeTestTask$$Lambda$179/195615004.execute(Unknown Source)
	at org.junit.platform.engine.support.hierarchical.ThrowableCollector.execute(ThrowableCollector.java:73)
	at org.junit.platform.engine.support.hierarchical.NodeTestTask.lambda$executeRecursively$7(NodeTestTask.java:125)
	at org.junit.platform.engine.support.hierarchical.NodeTestTask$$Lambda$178/1890627974.invoke(Unknown Source)
	at org.junit.platform.engine.support.hierarchical.Node.around(Node.java:135)
	at org.junit.platform.engine.support.hierarchical.NodeTestTask.lambda$executeRecursively$8(NodeTestTask.java:123)
	at org.junit.platform.engine.support.hierarchical.NodeTestTask$$Lambda$177/231977479.execute(Unknown Source)
	at org.junit.platform.engine.support.hierarchical.ThrowableCollector.execute(ThrowableCollector.java:73)
	at org.junit.platform.engine.support.hierarchical.NodeTestTask.executeRecursively(NodeTestTask.java:122)
	at org.junit.platform.engine.support.hierarchical.NodeTestTask.execute(NodeTestTask.java:80)
	at org.junit.platform.engine.support.hierarchical.SameThreadHierarchicalTestExecutorService$$Lambda$183/1381713434.accept(Unknown Source)
	at java.util.ArrayList.forEach(ArrayList.java:1249)
	at org.junit.platform.engine.support.hierarchical.SameThreadHierarchicalTestExecutorService.invokeAll(SameThreadHierarchicalTestExecutorService.java:38)
	at org.junit.platform.engine.support.hierarchical.NodeTestTask.lambda$executeRecursively$5(NodeTestTask.java:139)
	at org.junit.platform.engine.support.hierarchical.NodeTestTask$$Lambda$179/195615004.execute(Unknown Source)
	at org.junit.platform.engine.support.hierarchical.ThrowableCollector.execute(ThrowableCollector.java:73)
	at org.junit.platform.engine.support.hierarchical.NodeTestTask.lambda$executeRecursively$7(NodeTestTask.java:125)
	at org.junit.platform.engine.support.hierarchical.NodeTestTask$$Lambda$178/1890627974.invoke(Unknown Source)
	at org.junit.platform.engine.support.hierarchical.Node.around(Node.java:135)
	at org.junit.platform.engine.support.hierarchical.NodeTestTask.lambda$executeRecursively$8(NodeTestTask.java:123)
	at org.junit.platform.engine.support.hierarchical.NodeTestTask$$Lambda$177/231977479.execute(Unknown Source)
	at org.junit.platform.engine.support.hierarchical.ThrowableCollector.execute(ThrowableCollector.java:73)
	at org.junit.platform.engine.support.hierarchical.NodeTestTask.executeRecursively(NodeTestTask.java:122)
	at org.junit.platform.engine.support.hierarchical.NodeTestTask.execute(NodeTestTask.java:80)
	at org.junit.platform.engine.support.hierarchical.SameThreadHierarchicalTestExecutorService$$Lambda$183/1381713434.accept(Unknown Source)
	at java.util.ArrayList.forEach(ArrayList.java:1249)
	at org.junit.platform.engine.support.hierarchical.SameThreadHierarchicalTestExecutorService.invokeAll(SameThreadHierarchicalTestExecutorService.java:38)
	at org.junit.platform.engine.support.hierarchical.NodeTestTask.lambda$executeRecursively$5(NodeTestTask.java:139)
	at org.junit.platform.engine.support.hierarchical.NodeTestTask$$Lambda$179/195615004.execute(Unknown Source)
	at org.junit.platform.engine.support.hierarchical.ThrowableCollector.execute(ThrowableCollector.java:73)
	at org.junit.platform.engine.support.hierarchical.NodeTestTask.lambda$executeRecursively$7(NodeTestTask.java:125)
	at org.junit.platform.engine.support.hierarchical.NodeTestTask$$Lambda$178/1890627974.invoke(Unknown Source)
	at org.junit.platform.engine.support.hierarchical.Node.around(Node.java:135)
	at org.junit.platform.engine.support.hierarchical.NodeTestTask.lambda$executeRecursively$8(NodeTestTask.java:123)
	at org.junit.platform.engine.support.hierarchical.NodeTestTask$$Lambda$177/231977479.execute(Unknown Source)
	at org.junit.platform.engine.support.hierarchical.ThrowableCollector.execute(ThrowableCollector.java:73)
	at org.junit.platform.engine.support.hierarchical.NodeTestTask.executeRecursively(NodeTestTask.java:122)
	at org.junit.platform.engine.support.hierarchical.NodeTestTask.execute(NodeTestTask.java:80)
	at org.junit.platform.engine.support.hierarchical.SameThreadHierarchicalTestExecutorService.submit(SameThreadHierarchicalTestExecutorService.java:32)
	at org.junit.platform.engine.support.hierarchical.HierarchicalTestExecutor.execute(HierarchicalTestExecutor.java:57)
	at org.junit.platform.engine.support.hierarchical.HierarchicalTestEngine.execute(HierarchicalTestEngine.java:51)
	at org.junit.platform.launcher.core.DefaultLauncher.execute(DefaultLauncher.java:248)
	at org.junit.platform.launcher.core.DefaultLauncher.lambda$execute$5(DefaultLauncher.java:211)
	at org.junit.platform.launcher.core.DefaultLauncher$$Lambda$143/233996206.accept(Unknown Source)
	at org.junit.platform.launcher.core.DefaultLauncher.withInterceptedStreams(DefaultLauncher.java:226)
	at org.junit.platform.launcher.core.DefaultLauncher.execute(DefaultLauncher.java:199)
	at org.junit.platform.launcher.core.DefaultLauncher.execute(DefaultLauncher.java:132)
	at org.apache.maven.surefire.junitplatform.JUnitPlatformProvider.invokeAllTests(JUnitPlatformProvider.java:142)
	at org.apache.maven.surefire.junitplatform.JUnitPlatformProvider.invoke(JUnitPlatformProvider.java:113)
	at org.apache.maven.surefire.booter.ForkedBooter.invokeProviderInSameClassLoader(ForkedBooter.java:384)
	at org.apache.maven.surefire.booter.ForkedBooter.runSuitesInProcess(ForkedBooter.java:345)
	at org.apache.maven.surefire.booter.ForkedBooter.execute(ForkedBooter.java:126)
	at org.apache.maven.surefire.booter.ForkedBooter.main(ForkedBooter.java:418)
2021-11-08 11:12:53,681 [myid:] - INFO  [main:FourLetterWordMain@94] - connecting to 127.0.0.1 30092
2021-11-08 11:12:53,685 [myid:1] - WARN  [nioEventLoopGroup-37-10:NettyServerCnxnFactory$CnxnChannelHandler@231] - Zookeeper server is not running, close the connection before starting the TLS handshake
2021-11-08 11:12:53,946 [myid:] - INFO  [main:FourLetterWordMain@94] - connecting to 127.0.0.1 30092
2021-11-08 11:12:53,947 [myid:1] - WARN  [nioEventLoopGroup-37-11:NettyServerCnxnFactory$CnxnChannelHandler@231] - Zookeeper server is not running, close the connection before starting the TLS handshake
2021-11-08 11:12:54,203 [myid:] - INFO  [main:FourLetterWordMain@94] - connecting to 127.0.0.1 30092
2021-11-08 11:12:54,204 [myid:1] - WARN  [nioEventLoopGroup-37-12:NettyServerCnxnFactory$CnxnChannelHandler@231] - Zookeeper server is not running, close the connection before starting the TLS handshake
2021-11-08 11:12:54,214 [myid:] - INFO  [main:ClientBase@267] - server 127.0.0.1:30092 not up
java.net.SocketException: Software caused connection abort: recv failed
	at java.net.SocketInputStream.socketRead0(Native Method)
	at java.net.SocketInputStream.read(SocketInputStream.java:150)
	at java.net.SocketInputStream.read(SocketInputStream.java:121)
	at sun.nio.cs.StreamDecoder.readBytes(StreamDecoder.java:284)
	at sun.nio.cs.StreamDecoder.implRead(StreamDecoder.java:326)
	at sun.nio.cs.StreamDecoder.read(StreamDecoder.java:178)
	at java.io.InputStreamReader.read(InputStreamReader.java:184)
	at java.io.BufferedReader.fill(BufferedReader.java:161)
	at java.io.BufferedReader.readLine(BufferedReader.java:324)
	at java.io.BufferedReader.readLine(BufferedReader.java:389)
	at org.apache.zookeeper.client.FourLetterWordMain.send4LetterWord(FourLetterWordMain.java:129)
	at org.apache.zookeeper.client.FourLetterWordMain.send4LetterWord(FourLetterWordMain.java:74)
	at org.apache.zookeeper.test.ClientBase.waitForServerUp(ClientBase.java:258)
	at org.apache.zookeeper.test.ClientBase.waitForServerUp(ClientBase.java:249)
	at org.apache.zookeeper.server.quorum.QuorumSSLTest.stopAppendConfigRestartAll(QuorumSSLTest.java:548)
	at org.apache.zookeeper.server.quorum.QuorumSSLTest.testRollingUpgrade(QuorumSSLTest.java:529)
	at sun.reflect.NativeMethodAccessorImpl.invoke0(Native Method)
	at sun.reflect.NativeMethodAccessorImpl.invoke(NativeMethodAccessorImpl.java:62)
	at sun.reflect.DelegatingMethodAccessorImpl.invoke(DelegatingMethodAccessorImpl.java:43)
	at java.lang.reflect.Method.invoke(Method.java:483)
	at org.junit.platform.commons.util.ReflectionUtils.invokeMethod(ReflectionUtils.java:686)
	at org.junit.jupiter.engine.execution.MethodInvocation.proceed(MethodInvocation.java:60)
	at org.junit.jupiter.engine.execution.InvocationInterceptorChain$ValidatingInvocation.proceed(InvocationInterceptorChain.java:131)
	at org.junit.jupiter.engine.extension.TimeoutInvocation.proceed(TimeoutInvocation.java:46)
	at org.junit.jupiter.engine.extension.TimeoutExtension.intercept(TimeoutExtension.java:149)
	at org.junit.jupiter.engine.extension.TimeoutExtension.interceptTestableMethod(TimeoutExtension.java:140)
	at org.junit.jupiter.engine.extension.TimeoutExtension.interceptTestMethod(TimeoutExtension.java:84)
	at org.junit.jupiter.engine.descriptor.TestMethodTestDescriptor$$Lambda$111/1780132728.apply(Unknown Source)
	at org.junit.jupiter.engine.execution.ExecutableInvoker$ReflectiveInterceptorCall.lambda$ofVoidMethod$0(ExecutableInvoker.java:115)
	at org.junit.jupiter.engine.execution.ExecutableInvoker$ReflectiveInterceptorCall$$Lambda$112/1725017993.apply(Unknown Source)
	at org.junit.jupiter.engine.execution.ExecutableInvoker.lambda$invoke$0(ExecutableInvoker.java:105)
	at org.junit.jupiter.engine.execution.ExecutableInvoker$$Lambda$234/64133603.apply(Unknown Source)
	at org.junit.jupiter.engine.execution.InvocationInterceptorChain$InterceptedInvocation.proceed(InvocationInterceptorChain.java:106)
	at org.junit.jupiter.engine.execution.InvocationInterceptorChain.proceed(InvocationInterceptorChain.java:64)
	at org.junit.jupiter.engine.execution.InvocationInterceptorChain.chainAndInvoke(InvocationInterceptorChain.java:45)
	at org.junit.jupiter.engine.execution.InvocationInterceptorChain.invoke(InvocationInterceptorChain.java:37)
	at org.junit.jupiter.engine.execution.ExecutableInvoker.invoke(ExecutableInvoker.java:104)
	at org.junit.jupiter.engine.execution.ExecutableInvoker.invoke(ExecutableInvoker.java:98)
	at org.junit.jupiter.engine.descriptor.TestMethodTestDescriptor.lambda$invokeTestMethod$6(TestMethodTestDescriptor.java:212)
	at org.junit.jupiter.engine.descriptor.TestMethodTestDescriptor$$Lambda$271/224100622.execute(Unknown Source)
	at org.junit.platform.engine.support.hierarchical.ThrowableCollector.execute(ThrowableCollector.java:73)
	at org.junit.jupiter.engine.descriptor.TestMethodTestDescriptor.invokeTestMethod(TestMethodTestDescriptor.java:208)
	at org.junit.jupiter.engine.descriptor.TestMethodTestDescriptor.execute(TestMethodTestDescriptor.java:137)
	at org.junit.jupiter.engine.descriptor.TestMethodTestDescriptor.execute(TestMethodTestDescriptor.java:71)
	at org.junit.platform.engine.support.hierarchical.NodeTestTask.lambda$executeRecursively$5(NodeTestTask.java:135)
	at org.junit.platform.engine.support.hierarchical.NodeTestTask$$Lambda$179/195615004.execute(Unknown Source)
	at org.junit.platform.engine.support.hierarchical.ThrowableCollector.execute(ThrowableCollector.java:73)
	at org.junit.platform.engine.support.hierarchical.NodeTestTask.lambda$executeRecursively$7(NodeTestTask.java:125)
	at org.junit.platform.engine.support.hierarchical.NodeTestTask$$Lambda$178/1890627974.invoke(Unknown Source)
	at org.junit.platform.engine.support.hierarchical.Node.around(Node.java:135)
	at org.junit.platform.engine.support.hierarchical.NodeTestTask.lambda$executeRecursively$8(NodeTestTask.java:123)
	at org.junit.platform.engine.support.hierarchical.NodeTestTask$$Lambda$177/231977479.execute(Unknown Source)
	at org.junit.platform.engine.support.hierarchical.ThrowableCollector.execute(ThrowableCollector.java:73)
	at org.junit.platform.engine.support.hierarchical.NodeTestTask.executeRecursively(NodeTestTask.java:122)
	at org.junit.platform.engine.support.hierarchical.NodeTestTask.execute(NodeTestTask.java:80)
	at org.junit.platform.engine.support.hierarchical.SameThreadHierarchicalTestExecutorService$$Lambda$183/1381713434.accept(Unknown Source)
	at java.util.ArrayList.forEach(ArrayList.java:1249)
	at org.junit.platform.engine.support.hierarchical.SameThreadHierarchicalTestExecutorService.invokeAll(SameThreadHierarchicalTestExecutorService.java:38)
	at org.junit.platform.engine.support.hierarchical.NodeTestTask.lambda$executeRecursively$5(NodeTestTask.java:139)
	at org.junit.platform.engine.support.hierarchical.NodeTestTask$$Lambda$179/195615004.execute(Unknown Source)
	at org.junit.platform.engine.support.hierarchical.ThrowableCollector.execute(ThrowableCollector.java:73)
	at org.junit.platform.engine.support.hierarchical.NodeTestTask.lambda$executeRecursively$7(NodeTestTask.java:125)
	at org.junit.platform.engine.support.hierarchical.NodeTestTask$$Lambda$178/1890627974.invoke(Unknown Source)
	at org.junit.platform.engine.support.hierarchical.Node.around(Node.java:135)
	at org.junit.platform.engine.support.hierarchical.NodeTestTask.lambda$executeRecursively$8(NodeTestTask.java:123)
	at org.junit.platform.engine.support.hierarchical.NodeTestTask$$Lambda$177/231977479.execute(Unknown Source)
	at org.junit.platform.engine.support.hierarchical.ThrowableCollector.execute(ThrowableCollector.java:73)
	at org.junit.platform.engine.support.hierarchical.NodeTestTask.executeRecursively(NodeTestTask.java:122)
	at org.junit.platform.engine.support.hierarchical.NodeTestTask.execute(NodeTestTask.java:80)
	at org.junit.platform.engine.support.hierarchical.SameThreadHierarchicalTestExecutorService$$Lambda$183/1381713434.accept(Unknown Source)
	at java.util.ArrayList.forEach(ArrayList.java:1249)
	at org.junit.platform.engine.support.hierarchical.SameThreadHierarchicalTestExecutorService.invokeAll(SameThreadHierarchicalTestExecutorService.java:38)
	at org.junit.platform.engine.support.hierarchical.NodeTestTask.lambda$executeRecursively$5(NodeTestTask.java:139)
	at org.junit.platform.engine.support.hierarchical.NodeTestTask$$Lambda$179/195615004.execute(Unknown Source)
	at org.junit.platform.engine.support.hierarchical.ThrowableCollector.execute(ThrowableCollector.java:73)
	at org.junit.platform.engine.support.hierarchical.NodeTestTask.lambda$executeRecursively$7(NodeTestTask.java:125)
	at org.junit.platform.engine.support.hierarchical.NodeTestTask$$Lambda$178/1890627974.invoke(Unknown Source)
	at org.junit.platform.engine.support.hierarchical.Node.around(Node.java:135)
	at org.junit.platform.engine.support.hierarchical.NodeTestTask.lambda$executeRecursively$8(NodeTestTask.java:123)
	at org.junit.platform.engine.support.hierarchical.NodeTestTask$$Lambda$177/231977479.execute(Unknown Source)
	at org.junit.platform.engine.support.hierarchical.ThrowableCollector.execute(ThrowableCollector.java:73)
	at org.junit.platform.engine.support.hierarchical.NodeTestTask.executeRecursively(NodeTestTask.java:122)
	at org.junit.platform.engine.support.hierarchical.NodeTestTask.execute(NodeTestTask.java:80)
	at org.junit.platform.engine.support.hierarchical.SameThreadHierarchicalTestExecutorService.submit(SameThreadHierarchicalTestExecutorService.java:32)
	at org.junit.platform.engine.support.hierarchical.HierarchicalTestExecutor.execute(HierarchicalTestExecutor.java:57)
	at org.junit.platform.engine.support.hierarchical.HierarchicalTestEngine.execute(HierarchicalTestEngine.java:51)
	at org.junit.platform.launcher.core.DefaultLauncher.execute(DefaultLauncher.java:248)
	at org.junit.platform.launcher.core.DefaultLauncher.lambda$execute$5(DefaultLauncher.java:211)
	at org.junit.platform.launcher.core.DefaultLauncher$$Lambda$143/233996206.accept(Unknown Source)
	at org.junit.platform.launcher.core.DefaultLauncher.withInterceptedStreams(DefaultLauncher.java:226)
	at org.junit.platform.launcher.core.DefaultLauncher.execute(DefaultLauncher.java:199)
	at org.junit.platform.launcher.core.DefaultLauncher.execute(DefaultLauncher.java:132)
	at org.apache.maven.surefire.junitplatform.JUnitPlatformProvider.invokeAllTests(JUnitPlatformProvider.java:142)
	at org.apache.maven.surefire.junitplatform.JUnitPlatformProvider.invoke(JUnitPlatformProvider.java:113)
	at org.apache.maven.surefire.booter.ForkedBooter.invokeProviderInSameClassLoader(ForkedBooter.java:384)
	at org.apache.maven.surefire.booter.ForkedBooter.runSuitesInProcess(ForkedBooter.java:345)
	at org.apache.maven.surefire.booter.ForkedBooter.execute(ForkedBooter.java:126)
	at org.apache.maven.surefire.booter.ForkedBooter.main(ForkedBooter.java:418)
2021-11-08 11:12:54,242 [myid:1] - INFO  [QuorumPeer[myid=1](plain=[0:0:0:0:0:0:0:0]:30092)(secure=disabled):FastLeaderElection@984] - Notification time out: 3200
2021-11-08 11:12:54,464 [myid:] - INFO  [main:FourLetterWordMain@94] - connecting to 127.0.0.1 30092
2021-11-08 11:12:54,464 [myid:1] - WARN  [nioEventLoopGroup-37-1:NettyServerCnxnFactory$CnxnChannelHandler@231] - Zookeeper server is not running, close the connection before starting the TLS handshake
2021-11-08 11:12:54,716 [myid:] - INFO  [main:FourLetterWordMain@94] - connecting to 127.0.0.1 30092
2021-11-08 11:12:54,716 [myid:1] - WARN  [nioEventLoopGroup-37-2:NettyServerCnxnFactory$CnxnChannelHandler@231] - Zookeeper server is not running, close the connection before starting the TLS handshake
2021-11-08 11:12:54,726 [myid:] - INFO  [main:ClientBase@267] - server 127.0.0.1:30092 not up
java.net.SocketException: Software caused connection abort: recv failed
	at java.net.SocketInputStream.socketRead0(Native Method)
	at java.net.SocketInputStream.read(SocketInputStream.java:150)
	at java.net.SocketInputStream.read(SocketInputStream.java:121)
	at sun.nio.cs.StreamDecoder.readBytes(StreamDecoder.java:284)
	at sun.nio.cs.StreamDecoder.implRead(StreamDecoder.java:326)
	at sun.nio.cs.StreamDecoder.read(StreamDecoder.java:178)
	at java.io.InputStreamReader.read(InputStreamReader.java:184)
	at java.io.BufferedReader.fill(BufferedReader.java:161)
	at java.io.BufferedReader.readLine(BufferedReader.java:324)
	at java.io.BufferedReader.readLine(BufferedReader.java:389)
	at org.apache.zookeeper.client.FourLetterWordMain.send4LetterWord(FourLetterWordMain.java:129)
	at org.apache.zookeeper.client.FourLetterWordMain.send4LetterWord(FourLetterWordMain.java:74)
	at org.apache.zookeeper.test.ClientBase.waitForServerUp(ClientBase.java:258)
	at org.apache.zookeeper.test.ClientBase.waitForServerUp(ClientBase.java:249)
	at org.apache.zookeeper.server.quorum.QuorumSSLTest.stopAppendConfigRestartAll(QuorumSSLTest.java:548)
	at org.apache.zookeeper.server.quorum.QuorumSSLTest.testRollingUpgrade(QuorumSSLTest.java:529)
	at sun.reflect.NativeMethodAccessorImpl.invoke0(Native Method)
	at sun.reflect.NativeMethodAccessorImpl.invoke(NativeMethodAccessorImpl.java:62)
	at sun.reflect.DelegatingMethodAccessorImpl.invoke(DelegatingMethodAccessorImpl.java:43)
	at java.lang.reflect.Method.invoke(Method.java:483)
	at org.junit.platform.commons.util.ReflectionUtils.invokeMethod(ReflectionUtils.java:686)
	at org.junit.jupiter.engine.execution.MethodInvocation.proceed(MethodInvocation.java:60)
	at org.junit.jupiter.engine.execution.InvocationInterceptorChain$ValidatingInvocation.proceed(InvocationInterceptorChain.java:131)
	at org.junit.jupiter.engine.extension.TimeoutInvocation.proceed(TimeoutInvocation.java:46)
	at org.junit.jupiter.engine.extension.TimeoutExtension.intercept(TimeoutExtension.java:149)
	at org.junit.jupiter.engine.extension.TimeoutExtension.interceptTestableMethod(TimeoutExtension.java:140)
	at org.junit.jupiter.engine.extension.TimeoutExtension.interceptTestMethod(TimeoutExtension.java:84)
	at org.junit.jupiter.engine.descriptor.TestMethodTestDescriptor$$Lambda$111/1780132728.apply(Unknown Source)
	at org.junit.jupiter.engine.execution.ExecutableInvoker$ReflectiveInterceptorCall.lambda$ofVoidMethod$0(ExecutableInvoker.java:115)
	at org.junit.jupiter.engine.execution.ExecutableInvoker$ReflectiveInterceptorCall$$Lambda$112/1725017993.apply(Unknown Source)
	at org.junit.jupiter.engine.execution.ExecutableInvoker.lambda$invoke$0(ExecutableInvoker.java:105)
	at org.junit.jupiter.engine.execution.ExecutableInvoker$$Lambda$234/64133603.apply(Unknown Source)
	at org.junit.jupiter.engine.execution.InvocationInterceptorChain$InterceptedInvocation.proceed(InvocationInterceptorChain.java:106)
	at org.junit.jupiter.engine.execution.InvocationInterceptorChain.proceed(InvocationInterceptorChain.java:64)
	at org.junit.jupiter.engine.execution.InvocationInterceptorChain.chainAndInvoke(InvocationInterceptorChain.java:45)
	at org.junit.jupiter.engine.execution.InvocationInterceptorChain.invoke(InvocationInterceptorChain.java:37)
	at org.junit.jupiter.engine.execution.ExecutableInvoker.invoke(ExecutableInvoker.java:104)
	at org.junit.jupiter.engine.execution.ExecutableInvoker.invoke(ExecutableInvoker.java:98)
	at org.junit.jupiter.engine.descriptor.TestMethodTestDescriptor.lambda$invokeTestMethod$6(TestMethodTestDescriptor.java:212)
	at org.junit.jupiter.engine.descriptor.TestMethodTestDescriptor$$Lambda$271/224100622.execute(Unknown Source)
	at org.junit.platform.engine.support.hierarchical.ThrowableCollector.execute(ThrowableCollector.java:73)
	at org.junit.jupiter.engine.descriptor.TestMethodTestDescriptor.invokeTestMethod(TestMethodTestDescriptor.java:208)
	at org.junit.jupiter.engine.descriptor.TestMethodTestDescriptor.execute(TestMethodTestDescriptor.java:137)
	at org.junit.jupiter.engine.descriptor.TestMethodTestDescriptor.execute(TestMethodTestDescriptor.java:71)
	at org.junit.platform.engine.support.hierarchical.NodeTestTask.lambda$executeRecursively$5(NodeTestTask.java:135)
	at org.junit.platform.engine.support.hierarchical.NodeTestTask$$Lambda$179/195615004.execute(Unknown Source)
	at org.junit.platform.engine.support.hierarchical.ThrowableCollector.execute(ThrowableCollector.java:73)
	at org.junit.platform.engine.support.hierarchical.NodeTestTask.lambda$executeRecursively$7(NodeTestTask.java:125)
	at org.junit.platform.engine.support.hierarchical.NodeTestTask$$Lambda$178/1890627974.invoke(Unknown Source)
	at org.junit.platform.engine.support.hierarchical.Node.around(Node.java:135)
	at org.junit.platform.engine.support.hierarchical.NodeTestTask.lambda$executeRecursively$8(NodeTestTask.java:123)
	at org.junit.platform.engine.support.hierarchical.NodeTestTask$$Lambda$177/231977479.execute(Unknown Source)
	at org.junit.platform.engine.support.hierarchical.ThrowableCollector.execute(ThrowableCollector.java:73)
	at org.junit.platform.engine.support.hierarchical.NodeTestTask.executeRecursively(NodeTestTask.java:122)
	at org.junit.platform.engine.support.hierarchical.NodeTestTask.execute(NodeTestTask.java:80)
	at org.junit.platform.engine.support.hierarchical.SameThreadHierarchicalTestExecutorService$$Lambda$183/1381713434.accept(Unknown Source)
	at java.util.ArrayList.forEach(ArrayList.java:1249)
	at org.junit.platform.engine.support.hierarchical.SameThreadHierarchicalTestExecutorService.invokeAll(SameThreadHierarchicalTestExecutorService.java:38)
	at org.junit.platform.engine.support.hierarchical.NodeTestTask.lambda$executeRecursively$5(NodeTestTask.java:139)
	at org.junit.platform.engine.support.hierarchical.NodeTestTask$$Lambda$179/195615004.execute(Unknown Source)
	at org.junit.platform.engine.support.hierarchical.ThrowableCollector.execute(ThrowableCollector.java:73)
	at org.junit.platform.engine.support.hierarchical.NodeTestTask.lambda$executeRecursively$7(NodeTestTask.java:125)
	at org.junit.platform.engine.support.hierarchical.NodeTestTask$$Lambda$178/1890627974.invoke(Unknown Source)
	at org.junit.platform.engine.support.hierarchical.Node.around(Node.java:135)
	at org.junit.platform.engine.support.hierarchical.NodeTestTask.lambda$executeRecursively$8(NodeTestTask.java:123)
	at org.junit.platform.engine.support.hierarchical.NodeTestTask$$Lambda$177/231977479.execute(Unknown Source)
	at org.junit.platform.engine.support.hierarchical.ThrowableCollector.execute(ThrowableCollector.java:73)
	at org.junit.platform.engine.support.hierarchical.NodeTestTask.executeRecursively(NodeTestTask.java:122)
	at org.junit.platform.engine.support.hierarchical.NodeTestTask.execute(NodeTestTask.java:80)
	at org.junit.platform.engine.support.hierarchical.SameThreadHierarchicalTestExecutorService$$Lambda$183/1381713434.accept(Unknown Source)
	at java.util.ArrayList.forEach(ArrayList.java:1249)
	at org.junit.platform.engine.support.hierarchical.SameThreadHierarchicalTestExecutorService.invokeAll(SameThreadHierarchicalTestExecutorService.java:38)
	at org.junit.platform.engine.support.hierarchical.NodeTestTask.lambda$executeRecursively$5(NodeTestTask.java:139)
	at org.junit.platform.engine.support.hierarchical.NodeTestTask$$Lambda$179/195615004.execute(Unknown Source)
	at org.junit.platform.engine.support.hierarchical.ThrowableCollector.execute(ThrowableCollector.java:73)
	at org.junit.platform.engine.support.hierarchical.NodeTestTask.lambda$executeRecursively$7(NodeTestTask.java:125)
	at org.junit.platform.engine.support.hierarchical.NodeTestTask$$Lambda$178/1890627974.invoke(Unknown Source)
	at org.junit.platform.engine.support.hierarchical.Node.around(Node.java:135)
	at org.junit.platform.engine.support.hierarchical.NodeTestTask.lambda$executeRecursively$8(NodeTestTask.java:123)
	at org.junit.platform.engine.support.hierarchical.NodeTestTask$$Lambda$177/231977479.execute(Unknown Source)
	at org.junit.platform.engine.support.hierarchical.ThrowableCollector.execute(ThrowableCollector.java:73)
	at org.junit.platform.engine.support.hierarchical.NodeTestTask.executeRecursively(NodeTestTask.java:122)
	at org.junit.platform.engine.support.hierarchical.NodeTestTask.execute(NodeTestTask.java:80)
	at org.junit.platform.engine.support.hierarchical.SameThreadHierarchicalTestExecutorService.submit(SameThreadHierarchicalTestExecutorService.java:32)
	at org.junit.platform.engine.support.hierarchical.HierarchicalTestExecutor.execute(HierarchicalTestExecutor.java:57)
	at org.junit.platform.engine.support.hierarchical.HierarchicalTestEngine.execute(HierarchicalTestEngine.java:51)
	at org.junit.platform.launcher.core.DefaultLauncher.execute(DefaultLauncher.java:248)
	at org.junit.platform.launcher.core.DefaultLauncher.lambda$execute$5(DefaultLauncher.java:211)
	at org.junit.platform.launcher.core.DefaultLauncher$$Lambda$143/233996206.accept(Unknown Source)
	at org.junit.platform.launcher.core.DefaultLauncher.withInterceptedStreams(DefaultLauncher.java:226)
	at org.junit.platform.launcher.core.DefaultLauncher.execute(DefaultLauncher.java:199)
	at org.junit.platform.launcher.core.DefaultLauncher.execute(DefaultLauncher.java:132)
	at org.apache.maven.surefire.junitplatform.JUnitPlatformProvider.invokeAllTests(JUnitPlatformProvider.java:142)
	at org.apache.maven.surefire.junitplatform.JUnitPlatformProvider.invoke(JUnitPlatformProvider.java:113)
	at org.apache.maven.surefire.booter.ForkedBooter.invokeProviderInSameClassLoader(ForkedBooter.java:384)
	at org.apache.maven.surefire.booter.ForkedBooter.runSuitesInProcess(ForkedBooter.java:345)
	at org.apache.maven.surefire.booter.ForkedBooter.execute(ForkedBooter.java:126)
	at org.apache.maven.surefire.booter.ForkedBooter.main(ForkedBooter.java:418)
2021-11-08 11:12:54,977 [myid:] - INFO  [main:FourLetterWordMain@94] - connecting to 127.0.0.1 30092
2021-11-08 11:12:54,977 [myid:1] - WARN  [nioEventLoopGroup-37-3:NettyServerCnxnFactory$CnxnChannelHandler@231] - Zookeeper server is not running, close the connection before starting the TLS handshake
2021-11-08 11:12:55,229 [myid:] - INFO  [main:FourLetterWordMain@94] - connecting to 127.0.0.1 30092
2021-11-08 11:12:55,230 [myid:1] - WARN  [nioEventLoopGroup-37-4:NettyServerCnxnFactory$CnxnChannelHandler@231] - Zookeeper server is not running, close the connection before starting the TLS handshake
2021-11-08 11:12:55,480 [myid:] - INFO  [main:FourLetterWordMain@94] - connecting to 127.0.0.1 30092
2021-11-08 11:12:55,480 [myid:1] - WARN  [nioEventLoopGroup-37-5:NettyServerCnxnFactory$CnxnChannelHandler@231] - Zookeeper server is not running, close the connection before starting the TLS handshake
2021-11-08 11:12:55,731 [myid:] - INFO  [main:FourLetterWordMain@94] - connecting to 127.0.0.1 30092
2021-11-08 11:12:55,731 [myid:1] - WARN  [nioEventLoopGroup-37-6:NettyServerCnxnFactory$CnxnChannelHandler@231] - Zookeeper server is not running, close the connection before starting the TLS handshake
2021-11-08 11:12:55,983 [myid:] - INFO  [main:FourLetterWordMain@94] - connecting to 127.0.0.1 30092
2021-11-08 11:12:55,983 [myid:1] - WARN  [nioEventLoopGroup-37-7:NettyServerCnxnFactory$CnxnChannelHandler@231] - Zookeeper server is not running, close the connection before starting the TLS handshake
2021-11-08 11:12:55,994 [myid:] - INFO  [main:ClientBase@267] - server 127.0.0.1:30092 not up
java.net.SocketException: Software caused connection abort: recv failed
	at java.net.SocketInputStream.socketRead0(Native Method)
	at java.net.SocketInputStream.read(SocketInputStream.java:150)
	at java.net.SocketInputStream.read(SocketInputStream.java:121)
	at sun.nio.cs.StreamDecoder.readBytes(StreamDecoder.java:284)
	at sun.nio.cs.StreamDecoder.implRead(StreamDecoder.java:326)
	at sun.nio.cs.StreamDecoder.read(StreamDecoder.java:178)
	at java.io.InputStreamReader.read(InputStreamReader.java:184)
	at java.io.BufferedReader.fill(BufferedReader.java:161)
	at java.io.BufferedReader.readLine(BufferedReader.java:324)
	at java.io.BufferedReader.readLine(BufferedReader.java:389)
	at org.apache.zookeeper.client.FourLetterWordMain.send4LetterWord(FourLetterWordMain.java:129)
	at org.apache.zookeeper.client.FourLetterWordMain.send4LetterWord(FourLetterWordMain.java:74)
	at org.apache.zookeeper.test.ClientBase.waitForServerUp(ClientBase.java:258)
	at org.apache.zookeeper.test.ClientBase.waitForServerUp(ClientBase.java:249)
	at org.apache.zookeeper.server.quorum.QuorumSSLTest.stopAppendConfigRestartAll(QuorumSSLTest.java:548)
	at org.apache.zookeeper.server.quorum.QuorumSSLTest.testRollingUpgrade(QuorumSSLTest.java:529)
	at sun.reflect.NativeMethodAccessorImpl.invoke0(Native Method)
	at sun.reflect.NativeMethodAccessorImpl.invoke(NativeMethodAccessorImpl.java:62)
	at sun.reflect.DelegatingMethodAccessorImpl.invoke(DelegatingMethodAccessorImpl.java:43)
	at java.lang.reflect.Method.invoke(Method.java:483)
	at org.junit.platform.commons.util.ReflectionUtils.invokeMethod(ReflectionUtils.java:686)
	at org.junit.jupiter.engine.execution.MethodInvocation.proceed(MethodInvocation.java:60)
	at org.junit.jupiter.engine.execution.InvocationInterceptorChain$ValidatingInvocation.proceed(InvocationInterceptorChain.java:131)
	at org.junit.jupiter.engine.extension.TimeoutInvocation.proceed(TimeoutInvocation.java:46)
	at org.junit.jupiter.engine.extension.TimeoutExtension.intercept(TimeoutExtension.java:149)
	at org.junit.jupiter.engine.extension.TimeoutExtension.interceptTestableMethod(TimeoutExtension.java:140)
	at org.junit.jupiter.engine.extension.TimeoutExtension.interceptTestMethod(TimeoutExtension.java:84)
	at org.junit.jupiter.engine.descriptor.TestMethodTestDescriptor$$Lambda$111/1780132728.apply(Unknown Source)
	at org.junit.jupiter.engine.execution.ExecutableInvoker$ReflectiveInterceptorCall.lambda$ofVoidMethod$0(ExecutableInvoker.java:115)
	at org.junit.jupiter.engine.execution.ExecutableInvoker$ReflectiveInterceptorCall$$Lambda$112/1725017993.apply(Unknown Source)
	at org.junit.jupiter.engine.execution.ExecutableInvoker.lambda$invoke$0(ExecutableInvoker.java:105)
	at org.junit.jupiter.engine.execution.ExecutableInvoker$$Lambda$234/64133603.apply(Unknown Source)
	at org.junit.jupiter.engine.execution.InvocationInterceptorChain$InterceptedInvocation.proceed(InvocationInterceptorChain.java:106)
	at org.junit.jupiter.engine.execution.InvocationInterceptorChain.proceed(InvocationInterceptorChain.java:64)
	at org.junit.jupiter.engine.execution.InvocationInterceptorChain.chainAndInvoke(InvocationInterceptorChain.java:45)
	at org.junit.jupiter.engine.execution.InvocationInterceptorChain.invoke(InvocationInterceptorChain.java:37)
	at org.junit.jupiter.engine.execution.ExecutableInvoker.invoke(ExecutableInvoker.java:104)
	at org.junit.jupiter.engine.execution.ExecutableInvoker.invoke(ExecutableInvoker.java:98)
	at org.junit.jupiter.engine.descriptor.TestMethodTestDescriptor.lambda$invokeTestMethod$6(TestMethodTestDescriptor.java:212)
	at org.junit.jupiter.engine.descriptor.TestMethodTestDescriptor$$Lambda$271/224100622.execute(Unknown Source)
	at org.junit.platform.engine.support.hierarchical.ThrowableCollector.execute(ThrowableCollector.java:73)
	at org.junit.jupiter.engine.descriptor.TestMethodTestDescriptor.invokeTestMethod(TestMethodTestDescriptor.java:208)
	at org.junit.jupiter.engine.descriptor.TestMethodTestDescriptor.execute(TestMethodTestDescriptor.java:137)
	at org.junit.jupiter.engine.descriptor.TestMethodTestDescriptor.execute(TestMethodTestDescriptor.java:71)
	at org.junit.platform.engine.support.hierarchical.NodeTestTask.lambda$executeRecursively$5(NodeTestTask.java:135)
	at org.junit.platform.engine.support.hierarchical.NodeTestTask$$Lambda$179/195615004.execute(Unknown Source)
	at org.junit.platform.engine.support.hierarchical.ThrowableCollector.execute(ThrowableCollector.java:73)
	at org.junit.platform.engine.support.hierarchical.NodeTestTask.lambda$executeRecursively$7(NodeTestTask.java:125)
	at org.junit.platform.engine.support.hierarchical.NodeTestTask$$Lambda$178/1890627974.invoke(Unknown Source)
	at org.junit.platform.engine.support.hierarchical.Node.around(Node.java:135)
	at org.junit.platform.engine.support.hierarchical.NodeTestTask.lambda$executeRecursively$8(NodeTestTask.java:123)
	at org.junit.platform.engine.support.hierarchical.NodeTestTask$$Lambda$177/231977479.execute(Unknown Source)
	at org.junit.platform.engine.support.hierarchical.ThrowableCollector.execute(ThrowableCollector.java:73)
	at org.junit.platform.engine.support.hierarchical.NodeTestTask.executeRecursively(NodeTestTask.java:122)
	at org.junit.platform.engine.support.hierarchical.NodeTestTask.execute(NodeTestTask.java:80)
	at org.junit.platform.engine.support.hierarchical.SameThreadHierarchicalTestExecutorService$$Lambda$183/1381713434.accept(Unknown Source)
	at java.util.ArrayList.forEach(ArrayList.java:1249)
	at org.junit.platform.engine.support.hierarchical.SameThreadHierarchicalTestExecutorService.invokeAll(SameThreadHierarchicalTestExecutorService.java:38)
	at org.junit.platform.engine.support.hierarchical.NodeTestTask.lambda$executeRecursively$5(NodeTestTask.java:139)
	at org.junit.platform.engine.support.hierarchical.NodeTestTask$$Lambda$179/195615004.execute(Unknown Source)
	at org.junit.platform.engine.support.hierarchical.ThrowableCollector.execute(ThrowableCollector.java:73)
	at org.junit.platform.engine.support.hierarchical.NodeTestTask.lambda$executeRecursively$7(NodeTestTask.java:125)
	at org.junit.platform.engine.support.hierarchical.NodeTestTask$$Lambda$178/1890627974.invoke(Unknown Source)
	at org.junit.platform.engine.support.hierarchical.Node.around(Node.java:135)
	at org.junit.platform.engine.support.hierarchical.NodeTestTask.lambda$executeRecursively$8(NodeTestTask.java:123)
	at org.junit.platform.engine.support.hierarchical.NodeTestTask$$Lambda$177/231977479.execute(Unknown Source)
	at org.junit.platform.engine.support.hierarchical.ThrowableCollector.execute(ThrowableCollector.java:73)
	at org.junit.platform.engine.support.hierarchical.NodeTestTask.executeRecursively(NodeTestTask.java:122)
	at org.junit.platform.engine.support.hierarchical.NodeTestTask.execute(NodeTestTask.java:80)
	at org.junit.platform.engine.support.hierarchical.SameThreadHierarchicalTestExecutorService$$Lambda$183/1381713434.accept(Unknown Source)
	at java.util.ArrayList.forEach(ArrayList.java:1249)
	at org.junit.platform.engine.support.hierarchical.SameThreadHierarchicalTestExecutorService.invokeAll(SameThreadHierarchicalTestExecutorService.java:38)
	at org.junit.platform.engine.support.hierarchical.NodeTestTask.lambda$executeRecursively$5(NodeTestTask.java:139)
	at org.junit.platform.engine.support.hierarchical.NodeTestTask$$Lambda$179/195615004.execute(Unknown Source)
	at org.junit.platform.engine.support.hierarchical.ThrowableCollector.execute(ThrowableCollector.java:73)
	at org.junit.platform.engine.support.hierarchical.NodeTestTask.lambda$executeRecursively$7(NodeTestTask.java:125)
	at org.junit.platform.engine.support.hierarchical.NodeTestTask$$Lambda$178/1890627974.invoke(Unknown Source)
	at org.junit.platform.engine.support.hierarchical.Node.around(Node.java:135)
	at org.junit.platform.engine.support.hierarchical.NodeTestTask.lambda$executeRecursively$8(NodeTestTask.java:123)
	at org.junit.platform.engine.support.hierarchical.NodeTestTask$$Lambda$177/231977479.execute(Unknown Source)
	at org.junit.platform.engine.support.hierarchical.ThrowableCollector.execute(ThrowableCollector.java:73)
	at org.junit.platform.engine.support.hierarchical.NodeTestTask.executeRecursively(NodeTestTask.java:122)
	at org.junit.platform.engine.support.hierarchical.NodeTestTask.execute(NodeTestTask.java:80)
	at org.junit.platform.engine.support.hierarchical.SameThreadHierarchicalTestExecutorService.submit(SameThreadHierarchicalTestExecutorService.java:32)
	at org.junit.platform.engine.support.hierarchical.HierarchicalTestExecutor.execute(HierarchicalTestExecutor.java:57)
	at org.junit.platform.engine.support.hierarchical.HierarchicalTestEngine.execute(HierarchicalTestEngine.java:51)
	at org.junit.platform.launcher.core.DefaultLauncher.execute(DefaultLauncher.java:248)
	at org.junit.platform.launcher.core.DefaultLauncher.lambda$execute$5(DefaultLauncher.java:211)
	at org.junit.platform.launcher.core.DefaultLauncher$$Lambda$143/233996206.accept(Unknown Source)
	at org.junit.platform.launcher.core.DefaultLauncher.withInterceptedStreams(DefaultLauncher.java:226)
	at org.junit.platform.launcher.core.DefaultLauncher.execute(DefaultLauncher.java:199)
	at org.junit.platform.launcher.core.DefaultLauncher.execute(DefaultLauncher.java:132)
	at org.apache.maven.surefire.junitplatform.JUnitPlatformProvider.invokeAllTests(JUnitPlatformProvider.java:142)
	at org.apache.maven.surefire.junitplatform.JUnitPlatformProvider.invoke(JUnitPlatformProvider.java:113)
	at org.apache.maven.surefire.booter.ForkedBooter.invokeProviderInSameClassLoader(ForkedBooter.java:384)
	at org.apache.maven.surefire.booter.ForkedBooter.runSuitesInProcess(ForkedBooter.java:345)
	at org.apache.maven.surefire.booter.ForkedBooter.execute(ForkedBooter.java:126)
	at org.apache.maven.surefire.booter.ForkedBooter.main(ForkedBooter.java:418)
2021-11-08 11:12:56,244 [myid:] - INFO  [main:FourLetterWordMain@94] - connecting to 127.0.0.1 30092
2021-11-08 11:12:56,245 [myid:1] - WARN  [nioEventLoopGroup-37-8:NettyServerCnxnFactory$CnxnChannelHandler@231] - Zookeeper server is not running, close the connection before starting the TLS handshake
2021-11-08 11:12:56,496 [myid:] - INFO  [main:FourLetterWordMain@94] - connecting to 127.0.0.1 30092
2021-11-08 11:12:56,496 [myid:1] - WARN  [nioEventLoopGroup-37-9:NettyServerCnxnFactory$CnxnChannelHandler@231] - Zookeeper server is not running, close the connection before starting the TLS handshake
2021-11-08 11:12:56,747 [myid:] - INFO  [main:FourLetterWordMain@94] - connecting to 127.0.0.1 30092
2021-11-08 11:12:56,747 [myid:1] - WARN  [nioEventLoopGroup-37-10:NettyServerCnxnFactory$CnxnChannelHandler@231] - Zookeeper server is not running, close the connection before starting the TLS handshake
2021-11-08 11:12:56,998 [myid:] - INFO  [main:FourLetterWordMain@94] - connecting to 127.0.0.1 30092
2021-11-08 11:12:56,999 [myid:1] - WARN  [nioEventLoopGroup-37-11:NettyServerCnxnFactory$CnxnChannelHandler@231] - Zookeeper server is not running, close the connection before starting the TLS handshake
2021-11-08 11:12:57,250 [myid:] - INFO  [main:FourLetterWordMain@94] - connecting to 127.0.0.1 30092
2021-11-08 11:12:57,250 [myid:1] - WARN  [nioEventLoopGroup-37-12:NettyServerCnxnFactory$CnxnChannelHandler@231] - Zookeeper server is not running, close the connection before starting the TLS handshake
2021-11-08 11:12:57,444 [myid:1] - INFO  [QuorumPeer[myid=1](plain=[0:0:0:0:0:0:0:0]:30092)(secure=disabled):FastLeaderElection@984] - Notification time out: 6400
2021-11-08 11:12:57,501 [myid:] - INFO  [main:FourLetterWordMain@94] - connecting to 127.0.0.1 30092
2021-11-08 11:12:57,501 [myid:1] - WARN  [nioEventLoopGroup-37-1:NettyServerCnxnFactory$CnxnChannelHandler@231] - Zookeeper server is not running, close the connection before starting the TLS handshake
2021-11-08 11:12:57,753 [myid:] - INFO  [main:FourLetterWordMain@94] - connecting to 127.0.0.1 30092
2021-11-08 11:12:57,753 [myid:1] - WARN  [nioEventLoopGroup-37-2:NettyServerCnxnFactory$CnxnChannelHandler@231] - Zookeeper server is not running, close the connection before starting the TLS handshake
2021-11-08 11:12:57,764 [myid:] - INFO  [main:ClientBase@267] - server 127.0.0.1:30092 not up
java.net.SocketException: Software caused connection abort: recv failed
	at java.net.SocketInputStream.socketRead0(Native Method)
	at java.net.SocketInputStream.read(SocketInputStream.java:150)
	at java.net.SocketInputStream.read(SocketInputStream.java:121)
	at sun.nio.cs.StreamDecoder.readBytes(StreamDecoder.java:284)
	at sun.nio.cs.StreamDecoder.implRead(StreamDecoder.java:326)
	at sun.nio.cs.StreamDecoder.read(StreamDecoder.java:178)
	at java.io.InputStreamReader.read(InputStreamReader.java:184)
	at java.io.BufferedReader.fill(BufferedReader.java:161)
	at java.io.BufferedReader.readLine(BufferedReader.java:324)
	at java.io.BufferedReader.readLine(BufferedReader.java:389)
	at org.apache.zookeeper.client.FourLetterWordMain.send4LetterWord(FourLetterWordMain.java:129)
	at org.apache.zookeeper.client.FourLetterWordMain.send4LetterWord(FourLetterWordMain.java:74)
	at org.apache.zookeeper.test.ClientBase.waitForServerUp(ClientBase.java:258)
	at org.apache.zookeeper.test.ClientBase.waitForServerUp(ClientBase.java:249)
	at org.apache.zookeeper.server.quorum.QuorumSSLTest.stopAppendConfigRestartAll(QuorumSSLTest.java:548)
	at org.apache.zookeeper.server.quorum.QuorumSSLTest.testRollingUpgrade(QuorumSSLTest.java:529)
	at sun.reflect.NativeMethodAccessorImpl.invoke0(Native Method)
	at sun.reflect.NativeMethodAccessorImpl.invoke(NativeMethodAccessorImpl.java:62)
	at sun.reflect.DelegatingMethodAccessorImpl.invoke(DelegatingMethodAccessorImpl.java:43)
	at java.lang.reflect.Method.invoke(Method.java:483)
	at org.junit.platform.commons.util.ReflectionUtils.invokeMethod(ReflectionUtils.java:686)
	at org.junit.jupiter.engine.execution.MethodInvocation.proceed(MethodInvocation.java:60)
	at org.junit.jupiter.engine.execution.InvocationInterceptorChain$ValidatingInvocation.proceed(InvocationInterceptorChain.java:131)
	at org.junit.jupiter.engine.extension.TimeoutInvocation.proceed(TimeoutInvocation.java:46)
	at org.junit.jupiter.engine.extension.TimeoutExtension.intercept(TimeoutExtension.java:149)
	at org.junit.jupiter.engine.extension.TimeoutExtension.interceptTestableMethod(TimeoutExtension.java:140)
	at org.junit.jupiter.engine.extension.TimeoutExtension.interceptTestMethod(TimeoutExtension.java:84)
	at org.junit.jupiter.engine.descriptor.TestMethodTestDescriptor$$Lambda$111/1780132728.apply(Unknown Source)
	at org.junit.jupiter.engine.execution.ExecutableInvoker$ReflectiveInterceptorCall.lambda$ofVoidMethod$0(ExecutableInvoker.java:115)
	at org.junit.jupiter.engine.execution.ExecutableInvoker$ReflectiveInterceptorCall$$Lambda$112/1725017993.apply(Unknown Source)
	at org.junit.jupiter.engine.execution.ExecutableInvoker.lambda$invoke$0(ExecutableInvoker.java:105)
	at org.junit.jupiter.engine.execution.ExecutableInvoker$$Lambda$234/64133603.apply(Unknown Source)
	at org.junit.jupiter.engine.execution.InvocationInterceptorChain$InterceptedInvocation.proceed(InvocationInterceptorChain.java:106)
	at org.junit.jupiter.engine.execution.InvocationInterceptorChain.proceed(InvocationInterceptorChain.java:64)
	at org.junit.jupiter.engine.execution.InvocationInterceptorChain.chainAndInvoke(InvocationInterceptorChain.java:45)
	at org.junit.jupiter.engine.execution.InvocationInterceptorChain.invoke(InvocationInterceptorChain.java:37)
	at org.junit.jupiter.engine.execution.ExecutableInvoker.invoke(ExecutableInvoker.java:104)
	at org.junit.jupiter.engine.execution.ExecutableInvoker.invoke(ExecutableInvoker.java:98)
	at org.junit.jupiter.engine.descriptor.TestMethodTestDescriptor.lambda$invokeTestMethod$6(TestMethodTestDescriptor.java:212)
	at org.junit.jupiter.engine.descriptor.TestMethodTestDescriptor$$Lambda$271/224100622.execute(Unknown Source)
	at org.junit.platform.engine.support.hierarchical.ThrowableCollector.execute(ThrowableCollector.java:73)
	at org.junit.jupiter.engine.descriptor.TestMethodTestDescriptor.invokeTestMethod(TestMethodTestDescriptor.java:208)
	at org.junit.jupiter.engine.descriptor.TestMethodTestDescriptor.execute(TestMethodTestDescriptor.java:137)
	at org.junit.jupiter.engine.descriptor.TestMethodTestDescriptor.execute(TestMethodTestDescriptor.java:71)
	at org.junit.platform.engine.support.hierarchical.NodeTestTask.lambda$executeRecursively$5(NodeTestTask.java:135)
	at org.junit.platform.engine.support.hierarchical.NodeTestTask$$Lambda$179/195615004.execute(Unknown Source)
	at org.junit.platform.engine.support.hierarchical.ThrowableCollector.execute(ThrowableCollector.java:73)
	at org.junit.platform.engine.support.hierarchical.NodeTestTask.lambda$executeRecursively$7(NodeTestTask.java:125)
	at org.junit.platform.engine.support.hierarchical.NodeTestTask$$Lambda$178/1890627974.invoke(Unknown Source)
	at org.junit.platform.engine.support.hierarchical.Node.around(Node.java:135)
	at org.junit.platform.engine.support.hierarchical.NodeTestTask.lambda$executeRecursively$8(NodeTestTask.java:123)
	at org.junit.platform.engine.support.hierarchical.NodeTestTask$$Lambda$177/231977479.execute(Unknown Source)
	at org.junit.platform.engine.support.hierarchical.ThrowableCollector.execute(ThrowableCollector.java:73)
	at org.junit.platform.engine.support.hierarchical.NodeTestTask.executeRecursively(NodeTestTask.java:122)
	at org.junit.platform.engine.support.hierarchical.NodeTestTask.execute(NodeTestTask.java:80)
	at org.junit.platform.engine.support.hierarchical.SameThreadHierarchicalTestExecutorService$$Lambda$183/1381713434.accept(Unknown Source)
	at java.util.ArrayList.forEach(ArrayList.java:1249)
	at org.junit.platform.engine.support.hierarchical.SameThreadHierarchicalTestExecutorService.invokeAll(SameThreadHierarchicalTestExecutorService.java:38)
	at org.junit.platform.engine.support.hierarchical.NodeTestTask.lambda$executeRecursively$5(NodeTestTask.java:139)
	at org.junit.platform.engine.support.hierarchical.NodeTestTask$$Lambda$179/195615004.execute(Unknown Source)
	at org.junit.platform.engine.support.hierarchical.ThrowableCollector.execute(ThrowableCollector.java:73)
	at org.junit.platform.engine.support.hierarchical.NodeTestTask.lambda$executeRecursively$7(NodeTestTask.java:125)
	at org.junit.platform.engine.support.hierarchical.NodeTestTask$$Lambda$178/1890627974.invoke(Unknown Source)
	at org.junit.platform.engine.support.hierarchical.Node.around(Node.java:135)
	at org.junit.platform.engine.support.hierarchical.NodeTestTask.lambda$executeRecursively$8(NodeTestTask.java:123)
	at org.junit.platform.engine.support.hierarchical.NodeTestTask$$Lambda$177/231977479.execute(Unknown Source)
	at org.junit.platform.engine.support.hierarchical.ThrowableCollector.execute(ThrowableCollector.java:73)
	at org.junit.platform.engine.support.hierarchical.NodeTestTask.executeRecursively(NodeTestTask.java:122)
	at org.junit.platform.engine.support.hierarchical.NodeTestTask.execute(NodeTestTask.java:80)
	at org.junit.platform.engine.support.hierarchical.SameThreadHierarchicalTestExecutorService$$Lambda$183/1381713434.accept(Unknown Source)
	at java.util.ArrayList.forEach(ArrayList.java:1249)
	at org.junit.platform.engine.support.hierarchical.SameThreadHierarchicalTestExecutorService.invokeAll(SameThreadHierarchicalTestExecutorService.java:38)
	at org.junit.platform.engine.support.hierarchical.NodeTestTask.lambda$executeRecursively$5(NodeTestTask.java:139)
	at org.junit.platform.engine.support.hierarchical.NodeTestTask$$Lambda$179/195615004.execute(Unknown Source)
	at org.junit.platform.engine.support.hierarchical.ThrowableCollector.execute(ThrowableCollector.java:73)
	at org.junit.platform.engine.support.hierarchical.NodeTestTask.lambda$executeRecursively$7(NodeTestTask.java:125)
	at org.junit.platform.engine.support.hierarchical.NodeTestTask$$Lambda$178/1890627974.invoke(Unknown Source)
	at org.junit.platform.engine.support.hierarchical.Node.around(Node.java:135)
	at org.junit.platform.engine.support.hierarchical.NodeTestTask.lambda$executeRecursively$8(NodeTestTask.java:123)
	at org.junit.platform.engine.support.hierarchical.NodeTestTask$$Lambda$177/231977479.execute(Unknown Source)
	at org.junit.platform.engine.support.hierarchical.ThrowableCollector.execute(ThrowableCollector.java:73)
	at org.junit.platform.engine.support.hierarchical.NodeTestTask.executeRecursively(NodeTestTask.java:122)
	at org.junit.platform.engine.support.hierarchical.NodeTestTask.execute(NodeTestTask.java:80)
	at org.junit.platform.engine.support.hierarchical.SameThreadHierarchicalTestExecutorService.submit(SameThreadHierarchicalTestExecutorService.java:32)
	at org.junit.platform.engine.support.hierarchical.HierarchicalTestExecutor.execute(HierarchicalTestExecutor.java:57)
	at org.junit.platform.engine.support.hierarchical.HierarchicalTestEngine.execute(HierarchicalTestEngine.java:51)
	at org.junit.platform.launcher.core.DefaultLauncher.execute(DefaultLauncher.java:248)
	at org.junit.platform.launcher.core.DefaultLauncher.lambda$execute$5(DefaultLauncher.java:211)
	at org.junit.platform.launcher.core.DefaultLauncher$$Lambda$143/233996206.accept(Unknown Source)
	at org.junit.platform.launcher.core.DefaultLauncher.withInterceptedStreams(DefaultLauncher.java:226)
	at org.junit.platform.launcher.core.DefaultLauncher.execute(DefaultLauncher.java:199)
	at org.junit.platform.launcher.core.DefaultLauncher.execute(DefaultLauncher.java:132)
	at org.apache.maven.surefire.junitplatform.JUnitPlatformProvider.invokeAllTests(JUnitPlatformProvider.java:142)
	at org.apache.maven.surefire.junitplatform.JUnitPlatformProvider.invoke(JUnitPlatformProvider.java:113)
	at org.apache.maven.surefire.booter.ForkedBooter.invokeProviderInSameClassLoader(ForkedBooter.java:384)
	at org.apache.maven.surefire.booter.ForkedBooter.runSuitesInProcess(ForkedBooter.java:345)
	at org.apache.maven.surefire.booter.ForkedBooter.execute(ForkedBooter.java:126)
	at org.apache.maven.surefire.booter.ForkedBooter.main(ForkedBooter.java:418)
2021-11-08 11:12:58,014 [myid:] - INFO  [main:FourLetterWordMain@94] - connecting to 127.0.0.1 30092
2021-11-08 11:12:58,014 [myid:1] - WARN  [nioEventLoopGroup-37-3:NettyServerCnxnFactory$CnxnChannelHandler@231] - Zookeeper server is not running, close the connection before starting the TLS handshake
2021-11-08 11:12:58,266 [myid:] - INFO  [main:FourLetterWordMain@94] - connecting to 127.0.0.1 30092
2021-11-08 11:12:58,267 [myid:1] - WARN  [nioEventLoopGroup-37-4:NettyServerCnxnFactory$CnxnChannelHandler@231] - Zookeeper server is not running, close the connection before starting the TLS handshake
2021-11-08 11:12:58,518 [myid:] - INFO  [main:FourLetterWordMain@94] - connecting to 127.0.0.1 30092
2021-11-08 11:12:58,518 [myid:1] - WARN  [nioEventLoopGroup-37-5:NettyServerCnxnFactory$CnxnChannelHandler@231] - Zookeeper server is not running, close the connection before starting the TLS handshake
2021-11-08 11:12:58,769 [myid:] - INFO  [main:FourLetterWordMain@94] - connecting to 127.0.0.1 30092
2021-11-08 11:12:58,769 [myid:1] - WARN  [nioEventLoopGroup-37-6:NettyServerCnxnFactory$CnxnChannelHandler@231] - Zookeeper server is not running, close the connection before starting the TLS handshake
2021-11-08 11:12:59,020 [myid:] - INFO  [main:FourLetterWordMain@94] - connecting to 127.0.0.1 30092
2021-11-08 11:12:59,020 [myid:1] - WARN  [nioEventLoopGroup-37-7:NettyServerCnxnFactory$CnxnChannelHandler@231] - Zookeeper server is not running, close the connection before starting the TLS handshake
2021-11-08 11:12:59,271 [myid:] - INFO  [main:FourLetterWordMain@94] - connecting to 127.0.0.1 30092
2021-11-08 11:12:59,271 [myid:1] - WARN  [nioEventLoopGroup-37-8:NettyServerCnxnFactory$CnxnChannelHandler@231] - Zookeeper server is not running, close the connection before starting the TLS handshake
2021-11-08 11:12:59,522 [myid:] - INFO  [main:FourLetterWordMain@94] - connecting to 127.0.0.1 30092
2021-11-08 11:12:59,522 [myid:1] - WARN  [nioEventLoopGroup-37-9:NettyServerCnxnFactory$CnxnChannelHandler@231] - Zookeeper server is not running, close the connection before starting the TLS handshake
2021-11-08 11:12:59,774 [myid:] - INFO  [main:FourLetterWordMain@94] - connecting to 127.0.0.1 30092
2021-11-08 11:12:59,774 [myid:1] - WARN  [nioEventLoopGroup-37-10:NettyServerCnxnFactory$CnxnChannelHandler@231] - Zookeeper server is not running, close the connection before starting the TLS handshake
2021-11-08 11:12:59,784 [myid:] - INFO  [main:ClientBase@267] - server 127.0.0.1:30092 not up
java.net.SocketException: Software caused connection abort: recv failed
	at java.net.SocketInputStream.socketRead0(Native Method)
	at java.net.SocketInputStream.read(SocketInputStream.java:150)
	at java.net.SocketInputStream.read(SocketInputStream.java:121)
	at sun.nio.cs.StreamDecoder.readBytes(StreamDecoder.java:284)
	at sun.nio.cs.StreamDecoder.implRead(StreamDecoder.java:326)
	at sun.nio.cs.StreamDecoder.read(StreamDecoder.java:178)
	at java.io.InputStreamReader.read(InputStreamReader.java:184)
	at java.io.BufferedReader.fill(BufferedReader.java:161)
	at java.io.BufferedReader.readLine(BufferedReader.java:324)
	at java.io.BufferedReader.readLine(BufferedReader.java:389)
	at org.apache.zookeeper.client.FourLetterWordMain.send4LetterWord(FourLetterWordMain.java:129)
	at org.apache.zookeeper.client.FourLetterWordMain.send4LetterWord(FourLetterWordMain.java:74)
	at org.apache.zookeeper.test.ClientBase.waitForServerUp(ClientBase.java:258)
	at org.apache.zookeeper.test.ClientBase.waitForServerUp(ClientBase.java:249)
	at org.apache.zookeeper.server.quorum.QuorumSSLTest.stopAppendConfigRestartAll(QuorumSSLTest.java:548)
	at org.apache.zookeeper.server.quorum.QuorumSSLTest.testRollingUpgrade(QuorumSSLTest.java:529)
	at sun.reflect.NativeMethodAccessorImpl.invoke0(Native Method)
	at sun.reflect.NativeMethodAccessorImpl.invoke(NativeMethodAccessorImpl.java:62)
	at sun.reflect.DelegatingMethodAccessorImpl.invoke(DelegatingMethodAccessorImpl.java:43)
	at java.lang.reflect.Method.invoke(Method.java:483)
	at org.junit.platform.commons.util.ReflectionUtils.invokeMethod(ReflectionUtils.java:686)
	at org.junit.jupiter.engine.execution.MethodInvocation.proceed(MethodInvocation.java:60)
	at org.junit.jupiter.engine.execution.InvocationInterceptorChain$ValidatingInvocation.proceed(InvocationInterceptorChain.java:131)
	at org.junit.jupiter.engine.extension.TimeoutInvocation.proceed(TimeoutInvocation.java:46)
	at org.junit.jupiter.engine.extension.TimeoutExtension.intercept(TimeoutExtension.java:149)
	at org.junit.jupiter.engine.extension.TimeoutExtension.interceptTestableMethod(TimeoutExtension.java:140)
	at org.junit.jupiter.engine.extension.TimeoutExtension.interceptTestMethod(TimeoutExtension.java:84)
	at org.junit.jupiter.engine.descriptor.TestMethodTestDescriptor$$Lambda$111/1780132728.apply(Unknown Source)
	at org.junit.jupiter.engine.execution.ExecutableInvoker$ReflectiveInterceptorCall.lambda$ofVoidMethod$0(ExecutableInvoker.java:115)
	at org.junit.jupiter.engine.execution.ExecutableInvoker$ReflectiveInterceptorCall$$Lambda$112/1725017993.apply(Unknown Source)
	at org.junit.jupiter.engine.execution.ExecutableInvoker.lambda$invoke$0(ExecutableInvoker.java:105)
	at org.junit.jupiter.engine.execution.ExecutableInvoker$$Lambda$234/64133603.apply(Unknown Source)
	at org.junit.jupiter.engine.execution.InvocationInterceptorChain$InterceptedInvocation.proceed(InvocationInterceptorChain.java:106)
	at org.junit.jupiter.engine.execution.InvocationInterceptorChain.proceed(InvocationInterceptorChain.java:64)
	at org.junit.jupiter.engine.execution.InvocationInterceptorChain.chainAndInvoke(InvocationInterceptorChain.java:45)
	at org.junit.jupiter.engine.execution.InvocationInterceptorChain.invoke(InvocationInterceptorChain.java:37)
	at org.junit.jupiter.engine.execution.ExecutableInvoker.invoke(ExecutableInvoker.java:104)
	at org.junit.jupiter.engine.execution.ExecutableInvoker.invoke(ExecutableInvoker.java:98)
	at org.junit.jupiter.engine.descriptor.TestMethodTestDescriptor.lambda$invokeTestMethod$6(TestMethodTestDescriptor.java:212)
	at org.junit.jupiter.engine.descriptor.TestMethodTestDescriptor$$Lambda$271/224100622.execute(Unknown Source)
	at org.junit.platform.engine.support.hierarchical.ThrowableCollector.execute(ThrowableCollector.java:73)
	at org.junit.jupiter.engine.descriptor.TestMethodTestDescriptor.invokeTestMethod(TestMethodTestDescriptor.java:208)
	at org.junit.jupiter.engine.descriptor.TestMethodTestDescriptor.execute(TestMethodTestDescriptor.java:137)
	at org.junit.jupiter.engine.descriptor.TestMethodTestDescriptor.execute(TestMethodTestDescriptor.java:71)
	at org.junit.platform.engine.support.hierarchical.NodeTestTask.lambda$executeRecursively$5(NodeTestTask.java:135)
	at org.junit.platform.engine.support.hierarchical.NodeTestTask$$Lambda$179/195615004.execute(Unknown Source)
	at org.junit.platform.engine.support.hierarchical.ThrowableCollector.execute(ThrowableCollector.java:73)
	at org.junit.platform.engine.support.hierarchical.NodeTestTask.lambda$executeRecursively$7(NodeTestTask.java:125)
	at org.junit.platform.engine.support.hierarchical.NodeTestTask$$Lambda$178/1890627974.invoke(Unknown Source)
	at org.junit.platform.engine.support.hierarchical.Node.around(Node.java:135)
	at org.junit.platform.engine.support.hierarchical.NodeTestTask.lambda$executeRecursively$8(NodeTestTask.java:123)
	at org.junit.platform.engine.support.hierarchical.NodeTestTask$$Lambda$177/231977479.execute(Unknown Source)
	at org.junit.platform.engine.support.hierarchical.ThrowableCollector.execute(ThrowableCollector.java:73)
	at org.junit.platform.engine.support.hierarchical.NodeTestTask.executeRecursively(NodeTestTask.java:122)
	at org.junit.platform.engine.support.hierarchical.NodeTestTask.execute(NodeTestTask.java:80)
	at org.junit.platform.engine.support.hierarchical.SameThreadHierarchicalTestExecutorService$$Lambda$183/1381713434.accept(Unknown Source)
	at java.util.ArrayList.forEach(ArrayList.java:1249)
	at org.junit.platform.engine.support.hierarchical.SameThreadHierarchicalTestExecutorService.invokeAll(SameThreadHierarchicalTestExecutorService.java:38)
	at org.junit.platform.engine.support.hierarchical.NodeTestTask.lambda$executeRecursively$5(NodeTestTask.java:139)
	at org.junit.platform.engine.support.hierarchical.NodeTestTask$$Lambda$179/195615004.execute(Unknown Source)
	at org.junit.platform.engine.support.hierarchical.ThrowableCollector.execute(ThrowableCollector.java:73)
	at org.junit.platform.engine.support.hierarchical.NodeTestTask.lambda$executeRecursively$7(NodeTestTask.java:125)
	at org.junit.platform.engine.support.hierarchical.NodeTestTask$$Lambda$178/1890627974.invoke(Unknown Source)
	at org.junit.platform.engine.support.hierarchical.Node.around(Node.java:135)
	at org.junit.platform.engine.support.hierarchical.NodeTestTask.lambda$executeRecursively$8(NodeTestTask.java:123)
	at org.junit.platform.engine.support.hierarchical.NodeTestTask$$Lambda$177/231977479.execute(Unknown Source)
	at org.junit.platform.engine.support.hierarchical.ThrowableCollector.execute(ThrowableCollector.java:73)
	at org.junit.platform.engine.support.hierarchical.NodeTestTask.executeRecursively(NodeTestTask.java:122)
	at org.junit.platform.engine.support.hierarchical.NodeTestTask.execute(NodeTestTask.java:80)
	at org.junit.platform.engine.support.hierarchical.SameThreadHierarchicalTestExecutorService$$Lambda$183/1381713434.accept(Unknown Source)
	at java.util.ArrayList.forEach(ArrayList.java:1249)
	at org.junit.platform.engine.support.hierarchical.SameThreadHierarchicalTestExecutorService.invokeAll(SameThreadHierarchicalTestExecutorService.java:38)
	at org.junit.platform.engine.support.hierarchical.NodeTestTask.lambda$executeRecursively$5(NodeTestTask.java:139)
	at org.junit.platform.engine.support.hierarchical.NodeTestTask$$Lambda$179/195615004.execute(Unknown Source)
	at org.junit.platform.engine.support.hierarchical.ThrowableCollector.execute(ThrowableCollector.java:73)
	at org.junit.platform.engine.support.hierarchical.NodeTestTask.lambda$executeRecursively$7(NodeTestTask.java:125)
	at org.junit.platform.engine.support.hierarchical.NodeTestTask$$Lambda$178/1890627974.invoke(Unknown Source)
	at org.junit.platform.engine.support.hierarchical.Node.around(Node.java:135)
	at org.junit.platform.engine.support.hierarchical.NodeTestTask.lambda$executeRecursively$8(NodeTestTask.java:123)
	at org.junit.platform.engine.support.hierarchical.NodeTestTask$$Lambda$177/231977479.execute(Unknown Source)
	at org.junit.platform.engine.support.hierarchical.ThrowableCollector.execute(ThrowableCollector.java:73)
	at org.junit.platform.engine.support.hierarchical.NodeTestTask.executeRecursively(NodeTestTask.java:122)
	at org.junit.platform.engine.support.hierarchical.NodeTestTask.execute(NodeTestTask.java:80)
	at org.junit.platform.engine.support.hierarchical.SameThreadHierarchicalTestExecutorService.submit(SameThreadHierarchicalTestExecutorService.java:32)
	at org.junit.platform.engine.support.hierarchical.HierarchicalTestExecutor.execute(HierarchicalTestExecutor.java:57)
	at org.junit.platform.engine.support.hierarchical.HierarchicalTestEngine.execute(HierarchicalTestEngine.java:51)
	at org.junit.platform.launcher.core.DefaultLauncher.execute(DefaultLauncher.java:248)
	at org.junit.platform.launcher.core.DefaultLauncher.lambda$execute$5(DefaultLauncher.java:211)
	at org.junit.platform.launcher.core.DefaultLauncher$$Lambda$143/233996206.accept(Unknown Source)
	at org.junit.platform.launcher.core.DefaultLauncher.withInterceptedStreams(DefaultLauncher.java:226)
	at org.junit.platform.launcher.core.DefaultLauncher.execute(DefaultLauncher.java:199)
	at org.junit.platform.launcher.core.DefaultLauncher.execute(DefaultLauncher.java:132)
	at org.apache.maven.surefire.junitplatform.JUnitPlatformProvider.invokeAllTests(JUnitPlatformProvider.java:142)
	at org.apache.maven.surefire.junitplatform.JUnitPlatformProvider.invoke(JUnitPlatformProvider.java:113)
	at org.apache.maven.surefire.booter.ForkedBooter.invokeProviderInSameClassLoader(ForkedBooter.java:384)
	at org.apache.maven.surefire.booter.ForkedBooter.runSuitesInProcess(ForkedBooter.java:345)
	at org.apache.maven.surefire.booter.ForkedBooter.execute(ForkedBooter.java:126)
	at org.apache.maven.surefire.booter.ForkedBooter.main(ForkedBooter.java:418)
2021-11-08 11:13:00,035 [myid:] - INFO  [main:FourLetterWordMain@94] - connecting to 127.0.0.1 30092
2021-11-08 11:13:00,036 [myid:1] - WARN  [nioEventLoopGroup-37-11:NettyServerCnxnFactory$CnxnChannelHandler@231] - Zookeeper server is not running, close the connection before starting the TLS handshake
2021-11-08 11:13:00,287 [myid:] - INFO  [main:FourLetterWordMain@94] - connecting to 127.0.0.1 30092
2021-11-08 11:13:00,288 [myid:1] - WARN  [nioEventLoopGroup-37-12:NettyServerCnxnFactory$CnxnChannelHandler@231] - Zookeeper server is not running, close the connection before starting the TLS handshake
2021-11-08 11:13:00,538 [myid:] - INFO  [main:FourLetterWordMain@94] - connecting to 127.0.0.1 30092
2021-11-08 11:13:00,538 [myid:1] - WARN  [nioEventLoopGroup-37-1:NettyServerCnxnFactory$CnxnChannelHandler@231] - Zookeeper server is not running, close the connection before starting the TLS handshake
2021-11-08 11:13:00,790 [myid:] - INFO  [main:FourLetterWordMain@94] - connecting to 127.0.0.1 30092
2021-11-08 11:13:00,790 [myid:1] - WARN  [nioEventLoopGroup-37-2:NettyServerCnxnFactory$CnxnChannelHandler@231] - Zookeeper server is not running, close the connection before starting the TLS handshake
2021-11-08 11:13:01,041 [myid:] - INFO  [main:FourLetterWordMain@94] - connecting to 127.0.0.1 30092
2021-11-08 11:13:01,041 [myid:1] - WARN  [nioEventLoopGroup-37-3:NettyServerCnxnFactory$CnxnChannelHandler@231] - Zookeeper server is not running, close the connection before starting the TLS handshake
2021-11-08 11:13:01,052 [myid:] - INFO  [main:ClientBase@267] - server 127.0.0.1:30092 not up
java.net.SocketException: Software caused connection abort: recv failed
	at java.net.SocketInputStream.socketRead0(Native Method)
	at java.net.SocketInputStream.read(SocketInputStream.java:150)
	at java.net.SocketInputStream.read(SocketInputStream.java:121)
	at sun.nio.cs.StreamDecoder.readBytes(StreamDecoder.java:284)
	at sun.nio.cs.StreamDecoder.implRead(StreamDecoder.java:326)
	at sun.nio.cs.StreamDecoder.read(StreamDecoder.java:178)
	at java.io.InputStreamReader.read(InputStreamReader.java:184)
	at java.io.BufferedReader.fill(BufferedReader.java:161)
	at java.io.BufferedReader.readLine(BufferedReader.java:324)
	at java.io.BufferedReader.readLine(BufferedReader.java:389)
	at org.apache.zookeeper.client.FourLetterWordMain.send4LetterWord(FourLetterWordMain.java:129)
	at org.apache.zookeeper.client.FourLetterWordMain.send4LetterWord(FourLetterWordMain.java:74)
	at org.apache.zookeeper.test.ClientBase.waitForServerUp(ClientBase.java:258)
	at org.apache.zookeeper.test.ClientBase.waitForServerUp(ClientBase.java:249)
	at org.apache.zookeeper.server.quorum.QuorumSSLTest.stopAppendConfigRestartAll(QuorumSSLTest.java:548)
	at org.apache.zookeeper.server.quorum.QuorumSSLTest.testRollingUpgrade(QuorumSSLTest.java:529)
	at sun.reflect.NativeMethodAccessorImpl.invoke0(Native Method)
	at sun.reflect.NativeMethodAccessorImpl.invoke(NativeMethodAccessorImpl.java:62)
	at sun.reflect.DelegatingMethodAccessorImpl.invoke(DelegatingMethodAccessorImpl.java:43)
	at java.lang.reflect.Method.invoke(Method.java:483)
	at org.junit.platform.commons.util.ReflectionUtils.invokeMethod(ReflectionUtils.java:686)
	at org.junit.jupiter.engine.execution.MethodInvocation.proceed(MethodInvocation.java:60)
	at org.junit.jupiter.engine.execution.InvocationInterceptorChain$ValidatingInvocation.proceed(InvocationInterceptorChain.java:131)
	at org.junit.jupiter.engine.extension.TimeoutInvocation.proceed(TimeoutInvocation.java:46)
	at org.junit.jupiter.engine.extension.TimeoutExtension.intercept(TimeoutExtension.java:149)
	at org.junit.jupiter.engine.extension.TimeoutExtension.interceptTestableMethod(TimeoutExtension.java:140)
	at org.junit.jupiter.engine.extension.TimeoutExtension.interceptTestMethod(TimeoutExtension.java:84)
	at org.junit.jupiter.engine.descriptor.TestMethodTestDescriptor$$Lambda$111/1780132728.apply(Unknown Source)
	at org.junit.jupiter.engine.execution.ExecutableInvoker$ReflectiveInterceptorCall.lambda$ofVoidMethod$0(ExecutableInvoker.java:115)
	at org.junit.jupiter.engine.execution.ExecutableInvoker$ReflectiveInterceptorCall$$Lambda$112/1725017993.apply(Unknown Source)
	at org.junit.jupiter.engine.execution.ExecutableInvoker.lambda$invoke$0(ExecutableInvoker.java:105)
	at org.junit.jupiter.engine.execution.ExecutableInvoker$$Lambda$234/64133603.apply(Unknown Source)
	at org.junit.jupiter.engine.execution.InvocationInterceptorChain$InterceptedInvocation.proceed(InvocationInterceptorChain.java:106)
	at org.junit.jupiter.engine.execution.InvocationInterceptorChain.proceed(InvocationInterceptorChain.java:64)
	at org.junit.jupiter.engine.execution.InvocationInterceptorChain.chainAndInvoke(InvocationInterceptorChain.java:45)
	at org.junit.jupiter.engine.execution.InvocationInterceptorChain.invoke(InvocationInterceptorChain.java:37)
	at org.junit.jupiter.engine.execution.ExecutableInvoker.invoke(ExecutableInvoker.java:104)
	at org.junit.jupiter.engine.execution.ExecutableInvoker.invoke(ExecutableInvoker.java:98)
	at org.junit.jupiter.engine.descriptor.TestMethodTestDescriptor.lambda$invokeTestMethod$6(TestMethodTestDescriptor.java:212)
	at org.junit.jupiter.engine.descriptor.TestMethodTestDescriptor$$Lambda$271/224100622.execute(Unknown Source)
	at org.junit.platform.engine.support.hierarchical.ThrowableCollector.execute(ThrowableCollector.java:73)
	at org.junit.jupiter.engine.descriptor.TestMethodTestDescriptor.invokeTestMethod(TestMethodTestDescriptor.java:208)
	at org.junit.jupiter.engine.descriptor.TestMethodTestDescriptor.execute(TestMethodTestDescriptor.java:137)
	at org.junit.jupiter.engine.descriptor.TestMethodTestDescriptor.execute(TestMethodTestDescriptor.java:71)
	at org.junit.platform.engine.support.hierarchical.NodeTestTask.lambda$executeRecursively$5(NodeTestTask.java:135)
	at org.junit.platform.engine.support.hierarchical.NodeTestTask$$Lambda$179/195615004.execute(Unknown Source)
	at org.junit.platform.engine.support.hierarchical.ThrowableCollector.execute(ThrowableCollector.java:73)
	at org.junit.platform.engine.support.hierarchical.NodeTestTask.lambda$executeRecursively$7(NodeTestTask.java:125)
	at org.junit.platform.engine.support.hierarchical.NodeTestTask$$Lambda$178/1890627974.invoke(Unknown Source)
	at org.junit.platform.engine.support.hierarchical.Node.around(Node.java:135)
	at org.junit.platform.engine.support.hierarchical.NodeTestTask.lambda$executeRecursively$8(NodeTestTask.java:123)
	at org.junit.platform.engine.support.hierarchical.NodeTestTask$$Lambda$177/231977479.execute(Unknown Source)
	at org.junit.platform.engine.support.hierarchical.ThrowableCollector.execute(ThrowableCollector.java:73)
	at org.junit.platform.engine.support.hierarchical.NodeTestTask.executeRecursively(NodeTestTask.java:122)
	at org.junit.platform.engine.support.hierarchical.NodeTestTask.execute(NodeTestTask.java:80)
	at org.junit.platform.engine.support.hierarchical.SameThreadHierarchicalTestExecutorService$$Lambda$183/1381713434.accept(Unknown Source)
	at java.util.ArrayList.forEach(ArrayList.java:1249)
	at org.junit.platform.engine.support.hierarchical.SameThreadHierarchicalTestExecutorService.invokeAll(SameThreadHierarchicalTestExecutorService.java:38)
	at org.junit.platform.engine.support.hierarchical.NodeTestTask.lambda$executeRecursively$5(NodeTestTask.java:139)
	at org.junit.platform.engine.support.hierarchical.NodeTestTask$$Lambda$179/195615004.execute(Unknown Source)
	at org.junit.platform.engine.support.hierarchical.ThrowableCollector.execute(ThrowableCollector.java:73)
	at org.junit.platform.engine.support.hierarchical.NodeTestTask.lambda$executeRecursively$7(NodeTestTask.java:125)
	at org.junit.platform.engine.support.hierarchical.NodeTestTask$$Lambda$178/1890627974.invoke(Unknown Source)
	at org.junit.platform.engine.support.hierarchical.Node.around(Node.java:135)
	at org.junit.platform.engine.support.hierarchical.NodeTestTask.lambda$executeRecursively$8(NodeTestTask.java:123)
	at org.junit.platform.engine.support.hierarchical.NodeTestTask$$Lambda$177/231977479.execute(Unknown Source)
	at org.junit.platform.engine.support.hierarchical.ThrowableCollector.execute(ThrowableCollector.java:73)
	at org.junit.platform.engine.support.hierarchical.NodeTestTask.executeRecursively(NodeTestTask.java:122)
	at org.junit.platform.engine.support.hierarchical.NodeTestTask.execute(NodeTestTask.java:80)
	at org.junit.platform.engine.support.hierarchical.SameThreadHierarchicalTestExecutorService$$Lambda$183/1381713434.accept(Unknown Source)
	at java.util.ArrayList.forEach(ArrayList.java:1249)
	at org.junit.platform.engine.support.hierarchical.SameThreadHierarchicalTestExecutorService.invokeAll(SameThreadHierarchicalTestExecutorService.java:38)
	at org.junit.platform.engine.support.hierarchical.NodeTestTask.lambda$executeRecursively$5(NodeTestTask.java:139)
	at org.junit.platform.engine.support.hierarchical.NodeTestTask$$Lambda$179/195615004.execute(Unknown Source)
	at org.junit.platform.engine.support.hierarchical.ThrowableCollector.execute(ThrowableCollector.java:73)
	at org.junit.platform.engine.support.hierarchical.NodeTestTask.lambda$executeRecursively$7(NodeTestTask.java:125)
	at org.junit.platform.engine.support.hierarchical.NodeTestTask$$Lambda$178/1890627974.invoke(Unknown Source)
	at org.junit.platform.engine.support.hierarchical.Node.around(Node.java:135)
	at org.junit.platform.engine.support.hierarchical.NodeTestTask.lambda$executeRecursively$8(NodeTestTask.java:123)
	at org.junit.platform.engine.support.hierarchical.NodeTestTask$$Lambda$177/231977479.execute(Unknown Source)
	at org.junit.platform.engine.support.hierarchical.ThrowableCollector.execute(ThrowableCollector.java:73)
	at org.junit.platform.engine.support.hierarchical.NodeTestTask.executeRecursively(NodeTestTask.java:122)
	at org.junit.platform.engine.support.hierarchical.NodeTestTask.execute(NodeTestTask.java:80)
	at org.junit.platform.engine.support.hierarchical.SameThreadHierarchicalTestExecutorService.submit(SameThreadHierarchicalTestExecutorService.java:32)
	at org.junit.platform.engine.support.hierarchical.HierarchicalTestExecutor.execute(HierarchicalTestExecutor.java:57)
	at org.junit.platform.engine.support.hierarchical.HierarchicalTestEngine.execute(HierarchicalTestEngine.java:51)
	at org.junit.platform.launcher.core.DefaultLauncher.execute(DefaultLauncher.java:248)
	at org.junit.platform.launcher.core.DefaultLauncher.lambda$execute$5(DefaultLauncher.java:211)
	at org.junit.platform.launcher.core.DefaultLauncher$$Lambda$143/233996206.accept(Unknown Source)
	at org.junit.platform.launcher.core.DefaultLauncher.withInterceptedStreams(DefaultLauncher.java:226)
	at org.junit.platform.launcher.core.DefaultLauncher.execute(DefaultLauncher.java:199)
	at org.junit.platform.launcher.core.DefaultLauncher.execute(DefaultLauncher.java:132)
	at org.apache.maven.surefire.junitplatform.JUnitPlatformProvider.invokeAllTests(JUnitPlatformProvider.java:142)
	at org.apache.maven.surefire.junitplatform.JUnitPlatformProvider.invoke(JUnitPlatformProvider.java:113)
	at org.apache.maven.surefire.booter.ForkedBooter.invokeProviderInSameClassLoader(ForkedBooter.java:384)
	at org.apache.maven.surefire.booter.ForkedBooter.runSuitesInProcess(ForkedBooter.java:345)
	at org.apache.maven.surefire.booter.ForkedBooter.execute(ForkedBooter.java:126)
	at org.apache.maven.surefire.booter.ForkedBooter.main(ForkedBooter.java:418)
2021-11-08 11:13:01,303 [myid:] - INFO  [main:FourLetterWordMain@94] - connecting to 127.0.0.1 30092
2021-11-08 11:13:01,303 [myid:1] - WARN  [nioEventLoopGroup-37-4:NettyServerCnxnFactory$CnxnChannelHandler@231] - Zookeeper server is not running, close the connection before starting the TLS handshake
2021-11-08 11:13:01,313 [myid:] - INFO  [main:ClientBase@267] - server 127.0.0.1:30092 not up
java.net.SocketException: Software caused connection abort: recv failed
	at java.net.SocketInputStream.socketRead0(Native Method)
	at java.net.SocketInputStream.read(SocketInputStream.java:150)
	at java.net.SocketInputStream.read(SocketInputStream.java:121)
	at sun.nio.cs.StreamDecoder.readBytes(StreamDecoder.java:284)
	at sun.nio.cs.StreamDecoder.implRead(StreamDecoder.java:326)
	at sun.nio.cs.StreamDecoder.read(StreamDecoder.java:178)
	at java.io.InputStreamReader.read(InputStreamReader.java:184)
	at java.io.BufferedReader.fill(BufferedReader.java:161)
	at java.io.BufferedReader.readLine(BufferedReader.java:324)
	at java.io.BufferedReader.readLine(BufferedReader.java:389)
	at org.apache.zookeeper.client.FourLetterWordMain.send4LetterWord(FourLetterWordMain.java:129)
	at org.apache.zookeeper.client.FourLetterWordMain.send4LetterWord(FourLetterWordMain.java:74)
	at org.apache.zookeeper.test.ClientBase.waitForServerUp(ClientBase.java:258)
	at org.apache.zookeeper.test.ClientBase.waitForServerUp(ClientBase.java:249)
	at org.apache.zookeeper.server.quorum.QuorumSSLTest.stopAppendConfigRestartAll(QuorumSSLTest.java:548)
	at org.apache.zookeeper.server.quorum.QuorumSSLTest.testRollingUpgrade(QuorumSSLTest.java:529)
	at sun.reflect.NativeMethodAccessorImpl.invoke0(Native Method)
	at sun.reflect.NativeMethodAccessorImpl.invoke(NativeMethodAccessorImpl.java:62)
	at sun.reflect.DelegatingMethodAccessorImpl.invoke(DelegatingMethodAccessorImpl.java:43)
	at java.lang.reflect.Method.invoke(Method.java:483)
	at org.junit.platform.commons.util.ReflectionUtils.invokeMethod(ReflectionUtils.java:686)
	at org.junit.jupiter.engine.execution.MethodInvocation.proceed(MethodInvocation.java:60)
	at org.junit.jupiter.engine.execution.InvocationInterceptorChain$ValidatingInvocation.proceed(InvocationInterceptorChain.java:131)
	at org.junit.jupiter.engine.extension.TimeoutInvocation.proceed(TimeoutInvocation.java:46)
	at org.junit.jupiter.engine.extension.TimeoutExtension.intercept(TimeoutExtension.java:149)
	at org.junit.jupiter.engine.extension.TimeoutExtension.interceptTestableMethod(TimeoutExtension.java:140)
	at org.junit.jupiter.engine.extension.TimeoutExtension.interceptTestMethod(TimeoutExtension.java:84)
	at org.junit.jupiter.engine.descriptor.TestMethodTestDescriptor$$Lambda$111/1780132728.apply(Unknown Source)
	at org.junit.jupiter.engine.execution.ExecutableInvoker$ReflectiveInterceptorCall.lambda$ofVoidMethod$0(ExecutableInvoker.java:115)
	at org.junit.jupiter.engine.execution.ExecutableInvoker$ReflectiveInterceptorCall$$Lambda$112/1725017993.apply(Unknown Source)
	at org.junit.jupiter.engine.execution.ExecutableInvoker.lambda$invoke$0(ExecutableInvoker.java:105)
	at org.junit.jupiter.engine.execution.ExecutableInvoker$$Lambda$234/64133603.apply(Unknown Source)
	at org.junit.jupiter.engine.execution.InvocationInterceptorChain$InterceptedInvocation.proceed(InvocationInterceptorChain.java:106)
	at org.junit.jupiter.engine.execution.InvocationInterceptorChain.proceed(InvocationInterceptorChain.java:64)
	at org.junit.jupiter.engine.execution.InvocationInterceptorChain.chainAndInvoke(InvocationInterceptorChain.java:45)
	at org.junit.jupiter.engine.execution.InvocationInterceptorChain.invoke(InvocationInterceptorChain.java:37)
	at org.junit.jupiter.engine.execution.ExecutableInvoker.invoke(ExecutableInvoker.java:104)
	at org.junit.jupiter.engine.execution.ExecutableInvoker.invoke(ExecutableInvoker.java:98)
	at org.junit.jupiter.engine.descriptor.TestMethodTestDescriptor.lambda$invokeTestMethod$6(TestMethodTestDescriptor.java:212)
	at org.junit.jupiter.engine.descriptor.TestMethodTestDescriptor$$Lambda$271/224100622.execute(Unknown Source)
	at org.junit.platform.engine.support.hierarchical.ThrowableCollector.execute(ThrowableCollector.java:73)
	at org.junit.jupiter.engine.descriptor.TestMethodTestDescriptor.invokeTestMethod(TestMethodTestDescriptor.java:208)
	at org.junit.jupiter.engine.descriptor.TestMethodTestDescriptor.execute(TestMethodTestDescriptor.java:137)
	at org.junit.jupiter.engine.descriptor.TestMethodTestDescriptor.execute(TestMethodTestDescriptor.java:71)
	at org.junit.platform.engine.support.hierarchical.NodeTestTask.lambda$executeRecursively$5(NodeTestTask.java:135)
	at org.junit.platform.engine.support.hierarchical.NodeTestTask$$Lambda$179/195615004.execute(Unknown Source)
	at org.junit.platform.engine.support.hierarchical.ThrowableCollector.execute(ThrowableCollector.java:73)
	at org.junit.platform.engine.support.hierarchical.NodeTestTask.lambda$executeRecursively$7(NodeTestTask.java:125)
	at org.junit.platform.engine.support.hierarchical.NodeTestTask$$Lambda$178/1890627974.invoke(Unknown Source)
	at org.junit.platform.engine.support.hierarchical.Node.around(Node.java:135)
	at org.junit.platform.engine.support.hierarchical.NodeTestTask.lambda$executeRecursively$8(NodeTestTask.java:123)
	at org.junit.platform.engine.support.hierarchical.NodeTestTask$$Lambda$177/231977479.execute(Unknown Source)
	at org.junit.platform.engine.support.hierarchical.ThrowableCollector.execute(ThrowableCollector.java:73)
	at org.junit.platform.engine.support.hierarchical.NodeTestTask.executeRecursively(NodeTestTask.java:122)
	at org.junit.platform.engine.support.hierarchical.NodeTestTask.execute(NodeTestTask.java:80)
	at org.junit.platform.engine.support.hierarchical.SameThreadHierarchicalTestExecutorService$$Lambda$183/1381713434.accept(Unknown Source)
	at java.util.ArrayList.forEach(ArrayList.java:1249)
	at org.junit.platform.engine.support.hierarchical.SameThreadHierarchicalTestExecutorService.invokeAll(SameThreadHierarchicalTestExecutorService.java:38)
	at org.junit.platform.engine.support.hierarchical.NodeTestTask.lambda$executeRecursively$5(NodeTestTask.java:139)
	at org.junit.platform.engine.support.hierarchical.NodeTestTask$$Lambda$179/195615004.execute(Unknown Source)
	at org.junit.platform.engine.support.hierarchical.ThrowableCollector.execute(ThrowableCollector.java:73)
	at org.junit.platform.engine.support.hierarchical.NodeTestTask.lambda$executeRecursively$7(NodeTestTask.java:125)
	at org.junit.platform.engine.support.hierarchical.NodeTestTask$$Lambda$178/1890627974.invoke(Unknown Source)
	at org.junit.platform.engine.support.hierarchical.Node.around(Node.java:135)
	at org.junit.platform.engine.support.hierarchical.NodeTestTask.lambda$executeRecursively$8(NodeTestTask.java:123)
	at org.junit.platform.engine.support.hierarchical.NodeTestTask$$Lambda$177/231977479.execute(Unknown Source)
	at org.junit.platform.engine.support.hierarchical.ThrowableCollector.execute(ThrowableCollector.java:73)
	at org.junit.platform.engine.support.hierarchical.NodeTestTask.executeRecursively(NodeTestTask.java:122)
	at org.junit.platform.engine.support.hierarchical.NodeTestTask.execute(NodeTestTask.java:80)
	at org.junit.platform.engine.support.hierarchical.SameThreadHierarchicalTestExecutorService$$Lambda$183/1381713434.accept(Unknown Source)
	at java.util.ArrayList.forEach(ArrayList.java:1249)
	at org.junit.platform.engine.support.hierarchical.SameThreadHierarchicalTestExecutorService.invokeAll(SameThreadHierarchicalTestExecutorService.java:38)
	at org.junit.platform.engine.support.hierarchical.NodeTestTask.lambda$executeRecursively$5(NodeTestTask.java:139)
	at org.junit.platform.engine.support.hierarchical.NodeTestTask$$Lambda$179/195615004.execute(Unknown Source)
	at org.junit.platform.engine.support.hierarchical.ThrowableCollector.execute(ThrowableCollector.java:73)
	at org.junit.platform.engine.support.hierarchical.NodeTestTask.lambda$executeRecursively$7(NodeTestTask.java:125)
	at org.junit.platform.engine.support.hierarchical.NodeTestTask$$Lambda$178/1890627974.invoke(Unknown Source)
	at org.junit.platform.engine.support.hierarchical.Node.around(Node.java:135)
	at org.junit.platform.engine.support.hierarchical.NodeTestTask.lambda$executeRecursively$8(NodeTestTask.java:123)
	at org.junit.platform.engine.support.hierarchical.NodeTestTask$$Lambda$177/231977479.execute(Unknown Source)
	at org.junit.platform.engine.support.hierarchical.ThrowableCollector.execute(ThrowableCollector.java:73)
	at org.junit.platform.engine.support.hierarchical.NodeTestTask.executeRecursively(NodeTestTask.java:122)
	at org.junit.platform.engine.support.hierarchical.NodeTestTask.execute(NodeTestTask.java:80)
	at org.junit.platform.engine.support.hierarchical.SameThreadHierarchicalTestExecutorService.submit(SameThreadHierarchicalTestExecutorService.java:32)
	at org.junit.platform.engine.support.hierarchical.HierarchicalTestExecutor.execute(HierarchicalTestExecutor.java:57)
	at org.junit.platform.engine.support.hierarchical.HierarchicalTestEngine.execute(HierarchicalTestEngine.java:51)
	at org.junit.platform.launcher.core.DefaultLauncher.execute(DefaultLauncher.java:248)
	at org.junit.platform.launcher.core.DefaultLauncher.lambda$execute$5(DefaultLauncher.java:211)
	at org.junit.platform.launcher.core.DefaultLauncher$$Lambda$143/233996206.accept(Unknown Source)
	at org.junit.platform.launcher.core.DefaultLauncher.withInterceptedStreams(DefaultLauncher.java:226)
	at org.junit.platform.launcher.core.DefaultLauncher.execute(DefaultLauncher.java:199)
	at org.junit.platform.launcher.core.DefaultLauncher.execute(DefaultLauncher.java:132)
	at org.apache.maven.surefire.junitplatform.JUnitPlatformProvider.invokeAllTests(JUnitPlatformProvider.java:142)
	at org.apache.maven.surefire.junitplatform.JUnitPlatformProvider.invoke(JUnitPlatformProvider.java:113)
	at org.apache.maven.surefire.booter.ForkedBooter.invokeProviderInSameClassLoader(ForkedBooter.java:384)
	at org.apache.maven.surefire.booter.ForkedBooter.runSuitesInProcess(ForkedBooter.java:345)
	at org.apache.maven.surefire.booter.ForkedBooter.execute(ForkedBooter.java:126)
	at org.apache.maven.surefire.booter.ForkedBooter.main(ForkedBooter.java:418)
2021-11-08 11:13:01,564 [myid:] - INFO  [main:FourLetterWordMain@94] - connecting to 127.0.0.1 30092
2021-11-08 11:13:01,564 [myid:1] - WARN  [nioEventLoopGroup-37-5:NettyServerCnxnFactory$CnxnChannelHandler@231] - Zookeeper server is not running, close the connection before starting the TLS handshake
2021-11-08 11:13:01,575 [myid:] - INFO  [main:ClientBase@267] - server 127.0.0.1:30092 not up
java.net.SocketException: Software caused connection abort: recv failed
	at java.net.SocketInputStream.socketRead0(Native Method)
	at java.net.SocketInputStream.read(SocketInputStream.java:150)
	at java.net.SocketInputStream.read(SocketInputStream.java:121)
	at sun.nio.cs.StreamDecoder.readBytes(StreamDecoder.java:284)
	at sun.nio.cs.StreamDecoder.implRead(StreamDecoder.java:326)
	at sun.nio.cs.StreamDecoder.read(StreamDecoder.java:178)
	at java.io.InputStreamReader.read(InputStreamReader.java:184)
	at java.io.BufferedReader.fill(BufferedReader.java:161)
	at java.io.BufferedReader.readLine(BufferedReader.java:324)
	at java.io.BufferedReader.readLine(BufferedReader.java:389)
	at org.apache.zookeeper.client.FourLetterWordMain.send4LetterWord(FourLetterWordMain.java:129)
	at org.apache.zookeeper.client.FourLetterWordMain.send4LetterWord(FourLetterWordMain.java:74)
	at org.apache.zookeeper.test.ClientBase.waitForServerUp(ClientBase.java:258)
	at org.apache.zookeeper.test.ClientBase.waitForServerUp(ClientBase.java:249)
	at org.apache.zookeeper.server.quorum.QuorumSSLTest.stopAppendConfigRestartAll(QuorumSSLTest.java:548)
	at org.apache.zookeeper.server.quorum.QuorumSSLTest.testRollingUpgrade(QuorumSSLTest.java:529)
	at sun.reflect.NativeMethodAccessorImpl.invoke0(Native Method)
	at sun.reflect.NativeMethodAccessorImpl.invoke(NativeMethodAccessorImpl.java:62)
	at sun.reflect.DelegatingMethodAccessorImpl.invoke(DelegatingMethodAccessorImpl.java:43)
	at java.lang.reflect.Method.invoke(Method.java:483)
	at org.junit.platform.commons.util.ReflectionUtils.invokeMethod(ReflectionUtils.java:686)
	at org.junit.jupiter.engine.execution.MethodInvocation.proceed(MethodInvocation.java:60)
	at org.junit.jupiter.engine.execution.InvocationInterceptorChain$ValidatingInvocation.proceed(InvocationInterceptorChain.java:131)
	at org.junit.jupiter.engine.extension.TimeoutInvocation.proceed(TimeoutInvocation.java:46)
	at org.junit.jupiter.engine.extension.TimeoutExtension.intercept(TimeoutExtension.java:149)
	at org.junit.jupiter.engine.extension.TimeoutExtension.interceptTestableMethod(TimeoutExtension.java:140)
	at org.junit.jupiter.engine.extension.TimeoutExtension.interceptTestMethod(TimeoutExtension.java:84)
	at org.junit.jupiter.engine.descriptor.TestMethodTestDescriptor$$Lambda$111/1780132728.apply(Unknown Source)
	at org.junit.jupiter.engine.execution.ExecutableInvoker$ReflectiveInterceptorCall.lambda$ofVoidMethod$0(ExecutableInvoker.java:115)
	at org.junit.jupiter.engine.execution.ExecutableInvoker$ReflectiveInterceptorCall$$Lambda$112/1725017993.apply(Unknown Source)
	at org.junit.jupiter.engine.execution.ExecutableInvoker.lambda$invoke$0(ExecutableInvoker.java:105)
	at org.junit.jupiter.engine.execution.ExecutableInvoker$$Lambda$234/64133603.apply(Unknown Source)
	at org.junit.jupiter.engine.execution.InvocationInterceptorChain$InterceptedInvocation.proceed(InvocationInterceptorChain.java:106)
	at org.junit.jupiter.engine.execution.InvocationInterceptorChain.proceed(InvocationInterceptorChain.java:64)
	at org.junit.jupiter.engine.execution.InvocationInterceptorChain.chainAndInvoke(InvocationInterceptorChain.java:45)
	at org.junit.jupiter.engine.execution.InvocationInterceptorChain.invoke(InvocationInterceptorChain.java:37)
	at org.junit.jupiter.engine.execution.ExecutableInvoker.invoke(ExecutableInvoker.java:104)
	at org.junit.jupiter.engine.execution.ExecutableInvoker.invoke(ExecutableInvoker.java:98)
	at org.junit.jupiter.engine.descriptor.TestMethodTestDescriptor.lambda$invokeTestMethod$6(TestMethodTestDescriptor.java:212)
	at org.junit.jupiter.engine.descriptor.TestMethodTestDescriptor$$Lambda$271/224100622.execute(Unknown Source)
	at org.junit.platform.engine.support.hierarchical.ThrowableCollector.execute(ThrowableCollector.java:73)
	at org.junit.jupiter.engine.descriptor.TestMethodTestDescriptor.invokeTestMethod(TestMethodTestDescriptor.java:208)
	at org.junit.jupiter.engine.descriptor.TestMethodTestDescriptor.execute(TestMethodTestDescriptor.java:137)
	at org.junit.jupiter.engine.descriptor.TestMethodTestDescriptor.execute(TestMethodTestDescriptor.java:71)
	at org.junit.platform.engine.support.hierarchical.NodeTestTask.lambda$executeRecursively$5(NodeTestTask.java:135)
	at org.junit.platform.engine.support.hierarchical.NodeTestTask$$Lambda$179/195615004.execute(Unknown Source)
	at org.junit.platform.engine.support.hierarchical.ThrowableCollector.execute(ThrowableCollector.java:73)
	at org.junit.platform.engine.support.hierarchical.NodeTestTask.lambda$executeRecursively$7(NodeTestTask.java:125)
	at org.junit.platform.engine.support.hierarchical.NodeTestTask$$Lambda$178/1890627974.invoke(Unknown Source)
	at org.junit.platform.engine.support.hierarchical.Node.around(Node.java:135)
	at org.junit.platform.engine.support.hierarchical.NodeTestTask.lambda$executeRecursively$8(NodeTestTask.java:123)
	at org.junit.platform.engine.support.hierarchical.NodeTestTask$$Lambda$177/231977479.execute(Unknown Source)
	at org.junit.platform.engine.support.hierarchical.ThrowableCollector.execute(ThrowableCollector.java:73)
	at org.junit.platform.engine.support.hierarchical.NodeTestTask.executeRecursively(NodeTestTask.java:122)
	at org.junit.platform.engine.support.hierarchical.NodeTestTask.execute(NodeTestTask.java:80)
	at org.junit.platform.engine.support.hierarchical.SameThreadHierarchicalTestExecutorService$$Lambda$183/1381713434.accept(Unknown Source)
	at java.util.ArrayList.forEach(ArrayList.java:1249)
	at org.junit.platform.engine.support.hierarchical.SameThreadHierarchicalTestExecutorService.invokeAll(SameThreadHierarchicalTestExecutorService.java:38)
	at org.junit.platform.engine.support.hierarchical.NodeTestTask.lambda$executeRecursively$5(NodeTestTask.java:139)
	at org.junit.platform.engine.support.hierarchical.NodeTestTask$$Lambda$179/195615004.execute(Unknown Source)
	at org.junit.platform.engine.support.hierarchical.ThrowableCollector.execute(ThrowableCollector.java:73)
	at org.junit.platform.engine.support.hierarchical.NodeTestTask.lambda$executeRecursively$7(NodeTestTask.java:125)
	at org.junit.platform.engine.support.hierarchical.NodeTestTask$$Lambda$178/1890627974.invoke(Unknown Source)
	at org.junit.platform.engine.support.hierarchical.Node.around(Node.java:135)
	at org.junit.platform.engine.support.hierarchical.NodeTestTask.lambda$executeRecursively$8(NodeTestTask.java:123)
	at org.junit.platform.engine.support.hierarchical.NodeTestTask$$Lambda$177/231977479.execute(Unknown Source)
	at org.junit.platform.engine.support.hierarchical.ThrowableCollector.execute(ThrowableCollector.java:73)
	at org.junit.platform.engine.support.hierarchical.NodeTestTask.executeRecursively(NodeTestTask.java:122)
	at org.junit.platform.engine.support.hierarchical.NodeTestTask.execute(NodeTestTask.java:80)
	at org.junit.platform.engine.support.hierarchical.SameThreadHierarchicalTestExecutorService$$Lambda$183/1381713434.accept(Unknown Source)
	at java.util.ArrayList.forEach(ArrayList.java:1249)
	at org.junit.platform.engine.support.hierarchical.SameThreadHierarchicalTestExecutorService.invokeAll(SameThreadHierarchicalTestExecutorService.java:38)
	at org.junit.platform.engine.support.hierarchical.NodeTestTask.lambda$executeRecursively$5(NodeTestTask.java:139)
	at org.junit.platform.engine.support.hierarchical.NodeTestTask$$Lambda$179/195615004.execute(Unknown Source)
	at org.junit.platform.engine.support.hierarchical.ThrowableCollector.execute(ThrowableCollector.java:73)
	at org.junit.platform.engine.support.hierarchical.NodeTestTask.lambda$executeRecursively$7(NodeTestTask.java:125)
	at org.junit.platform.engine.support.hierarchical.NodeTestTask$$Lambda$178/1890627974.invoke(Unknown Source)
	at org.junit.platform.engine.support.hierarchical.Node.around(Node.java:135)
	at org.junit.platform.engine.support.hierarchical.NodeTestTask.lambda$executeRecursively$8(NodeTestTask.java:123)
	at org.junit.platform.engine.support.hierarchical.NodeTestTask$$Lambda$177/231977479.execute(Unknown Source)
	at org.junit.platform.engine.support.hierarchical.ThrowableCollector.execute(ThrowableCollector.java:73)
	at org.junit.platform.engine.support.hierarchical.NodeTestTask.executeRecursively(NodeTestTask.java:122)
	at org.junit.platform.engine.support.hierarchical.NodeTestTask.execute(NodeTestTask.java:80)
	at org.junit.platform.engine.support.hierarchical.SameThreadHierarchicalTestExecutorService.submit(SameThreadHierarchicalTestExecutorService.java:32)
	at org.junit.platform.engine.support.hierarchical.HierarchicalTestExecutor.execute(HierarchicalTestExecutor.java:57)
	at org.junit.platform.engine.support.hierarchical.HierarchicalTestEngine.execute(HierarchicalTestEngine.java:51)
	at org.junit.platform.launcher.core.DefaultLauncher.execute(DefaultLauncher.java:248)
	at org.junit.platform.launcher.core.DefaultLauncher.lambda$execute$5(DefaultLauncher.java:211)
	at org.junit.platform.launcher.core.DefaultLauncher$$Lambda$143/233996206.accept(Unknown Source)
	at org.junit.platform.launcher.core.DefaultLauncher.withInterceptedStreams(DefaultLauncher.java:226)
	at org.junit.platform.launcher.core.DefaultLauncher.execute(DefaultLauncher.java:199)
	at org.junit.platform.launcher.core.DefaultLauncher.execute(DefaultLauncher.java:132)
	at org.apache.maven.surefire.junitplatform.JUnitPlatformProvider.invokeAllTests(JUnitPlatformProvider.java:142)
	at org.apache.maven.surefire.junitplatform.JUnitPlatformProvider.invoke(JUnitPlatformProvider.java:113)
	at org.apache.maven.surefire.booter.ForkedBooter.invokeProviderInSameClassLoader(ForkedBooter.java:384)
	at org.apache.maven.surefire.booter.ForkedBooter.runSuitesInProcess(ForkedBooter.java:345)
	at org.apache.maven.surefire.booter.ForkedBooter.execute(ForkedBooter.java:126)
	at org.apache.maven.surefire.booter.ForkedBooter.main(ForkedBooter.java:418)
2021-11-08 11:13:01,825 [myid:] - INFO  [main:FourLetterWordMain@94] - connecting to 127.0.0.1 30092
2021-11-08 11:13:01,825 [myid:1] - WARN  [nioEventLoopGroup-37-6:NettyServerCnxnFactory$CnxnChannelHandler@231] - Zookeeper server is not running, close the connection before starting the TLS handshake
2021-11-08 11:13:02,090 [myid:] - INFO  [main:FourLetterWordMain@94] - connecting to 127.0.0.1 30092
2021-11-08 11:13:02,091 [myid:1] - WARN  [nioEventLoopGroup-37-7:NettyServerCnxnFactory$CnxnChannelHandler@231] - Zookeeper server is not running, close the connection before starting the TLS handshake
2021-11-08 11:13:02,105 [myid:] - INFO  [main:ClientBase@267] - server 127.0.0.1:30092 not up
java.net.SocketException: Software caused connection abort: recv failed
	at java.net.SocketInputStream.socketRead0(Native Method)
	at java.net.SocketInputStream.read(SocketInputStream.java:150)
	at java.net.SocketInputStream.read(SocketInputStream.java:121)
	at sun.nio.cs.StreamDecoder.readBytes(StreamDecoder.java:284)
	at sun.nio.cs.StreamDecoder.implRead(StreamDecoder.java:326)
	at sun.nio.cs.StreamDecoder.read(StreamDecoder.java:178)
	at java.io.InputStreamReader.read(InputStreamReader.java:184)
	at java.io.BufferedReader.fill(BufferedReader.java:161)
	at java.io.BufferedReader.readLine(BufferedReader.java:324)
	at java.io.BufferedReader.readLine(BufferedReader.java:389)
	at org.apache.zookeeper.client.FourLetterWordMain.send4LetterWord(FourLetterWordMain.java:129)
	at org.apache.zookeeper.client.FourLetterWordMain.send4LetterWord(FourLetterWordMain.java:74)
	at org.apache.zookeeper.test.ClientBase.waitForServerUp(ClientBase.java:258)
	at org.apache.zookeeper.test.ClientBase.waitForServerUp(ClientBase.java:249)
	at org.apache.zookeeper.server.quorum.QuorumSSLTest.stopAppendConfigRestartAll(QuorumSSLTest.java:548)
	at org.apache.zookeeper.server.quorum.QuorumSSLTest.testRollingUpgrade(QuorumSSLTest.java:529)
	at sun.reflect.NativeMethodAccessorImpl.invoke0(Native Method)
	at sun.reflect.NativeMethodAccessorImpl.invoke(NativeMethodAccessorImpl.java:62)
	at sun.reflect.DelegatingMethodAccessorImpl.invoke(DelegatingMethodAccessorImpl.java:43)
	at java.lang.reflect.Method.invoke(Method.java:483)
	at org.junit.platform.commons.util.ReflectionUtils.invokeMethod(ReflectionUtils.java:686)
	at org.junit.jupiter.engine.execution.MethodInvocation.proceed(MethodInvocation.java:60)
	at org.junit.jupiter.engine.execution.InvocationInterceptorChain$ValidatingInvocation.proceed(InvocationInterceptorChain.java:131)
	at org.junit.jupiter.engine.extension.TimeoutInvocation.proceed(TimeoutInvocation.java:46)
	at org.junit.jupiter.engine.extension.TimeoutExtension.intercept(TimeoutExtension.java:149)
	at org.junit.jupiter.engine.extension.TimeoutExtension.interceptTestableMethod(TimeoutExtension.java:140)
	at org.junit.jupiter.engine.extension.TimeoutExtension.interceptTestMethod(TimeoutExtension.java:84)
	at org.junit.jupiter.engine.descriptor.TestMethodTestDescriptor$$Lambda$111/1780132728.apply(Unknown Source)
	at org.junit.jupiter.engine.execution.ExecutableInvoker$ReflectiveInterceptorCall.lambda$ofVoidMethod$0(ExecutableInvoker.java:115)
	at org.junit.jupiter.engine.execution.ExecutableInvoker$ReflectiveInterceptorCall$$Lambda$112/1725017993.apply(Unknown Source)
	at org.junit.jupiter.engine.execution.ExecutableInvoker.lambda$invoke$0(ExecutableInvoker.java:105)
	at org.junit.jupiter.engine.execution.ExecutableInvoker$$Lambda$234/64133603.apply(Unknown Source)
	at org.junit.jupiter.engine.execution.InvocationInterceptorChain$InterceptedInvocation.proceed(InvocationInterceptorChain.java:106)
	at org.junit.jupiter.engine.execution.InvocationInterceptorChain.proceed(InvocationInterceptorChain.java:64)
	at org.junit.jupiter.engine.execution.InvocationInterceptorChain.chainAndInvoke(InvocationInterceptorChain.java:45)
	at org.junit.jupiter.engine.execution.InvocationInterceptorChain.invoke(InvocationInterceptorChain.java:37)
	at org.junit.jupiter.engine.execution.ExecutableInvoker.invoke(ExecutableInvoker.java:104)
	at org.junit.jupiter.engine.execution.ExecutableInvoker.invoke(ExecutableInvoker.java:98)
	at org.junit.jupiter.engine.descriptor.TestMethodTestDescriptor.lambda$invokeTestMethod$6(TestMethodTestDescriptor.java:212)
	at org.junit.jupiter.engine.descriptor.TestMethodTestDescriptor$$Lambda$271/224100622.execute(Unknown Source)
	at org.junit.platform.engine.support.hierarchical.ThrowableCollector.execute(ThrowableCollector.java:73)
	at org.junit.jupiter.engine.descriptor.TestMethodTestDescriptor.invokeTestMethod(TestMethodTestDescriptor.java:208)
	at org.junit.jupiter.engine.descriptor.TestMethodTestDescriptor.execute(TestMethodTestDescriptor.java:137)
	at org.junit.jupiter.engine.descriptor.TestMethodTestDescriptor.execute(TestMethodTestDescriptor.java:71)
	at org.junit.platform.engine.support.hierarchical.NodeTestTask.lambda$executeRecursively$5(NodeTestTask.java:135)
	at org.junit.platform.engine.support.hierarchical.NodeTestTask$$Lambda$179/195615004.execute(Unknown Source)
	at org.junit.platform.engine.support.hierarchical.ThrowableCollector.execute(ThrowableCollector.java:73)
	at org.junit.platform.engine.support.hierarchical.NodeTestTask.lambda$executeRecursively$7(NodeTestTask.java:125)
	at org.junit.platform.engine.support.hierarchical.NodeTestTask$$Lambda$178/1890627974.invoke(Unknown Source)
	at org.junit.platform.engine.support.hierarchical.Node.around(Node.java:135)
	at org.junit.platform.engine.support.hierarchical.NodeTestTask.lambda$executeRecursively$8(NodeTestTask.java:123)
	at org.junit.platform.engine.support.hierarchical.NodeTestTask$$Lambda$177/231977479.execute(Unknown Source)
	at org.junit.platform.engine.support.hierarchical.ThrowableCollector.execute(ThrowableCollector.java:73)
	at org.junit.platform.engine.support.hierarchical.NodeTestTask.executeRecursively(NodeTestTask.java:122)
	at org.junit.platform.engine.support.hierarchical.NodeTestTask.execute(NodeTestTask.java:80)
	at org.junit.platform.engine.support.hierarchical.SameThreadHierarchicalTestExecutorService$$Lambda$183/1381713434.accept(Unknown Source)
	at java.util.ArrayList.forEach(ArrayList.java:1249)
	at org.junit.platform.engine.support.hierarchical.SameThreadHierarchicalTestExecutorService.invokeAll(SameThreadHierarchicalTestExecutorService.java:38)
	at org.junit.platform.engine.support.hierarchical.NodeTestTask.lambda$executeRecursively$5(NodeTestTask.java:139)
	at org.junit.platform.engine.support.hierarchical.NodeTestTask$$Lambda$179/195615004.execute(Unknown Source)
	at org.junit.platform.engine.support.hierarchical.ThrowableCollector.execute(ThrowableCollector.java:73)
	at org.junit.platform.engine.support.hierarchical.NodeTestTask.lambda$executeRecursively$7(NodeTestTask.java:125)
	at org.junit.platform.engine.support.hierarchical.NodeTestTask$$Lambda$178/1890627974.invoke(Unknown Source)
	at org.junit.platform.engine.support.hierarchical.Node.around(Node.java:135)
	at org.junit.platform.engine.support.hierarchical.NodeTestTask.lambda$executeRecursively$8(NodeTestTask.java:123)
	at org.junit.platform.engine.support.hierarchical.NodeTestTask$$Lambda$177/231977479.execute(Unknown Source)
	at org.junit.platform.engine.support.hierarchical.ThrowableCollector.execute(ThrowableCollector.java:73)
	at org.junit.platform.engine.support.hierarchical.NodeTestTask.executeRecursively(NodeTestTask.java:122)
	at org.junit.platform.engine.support.hierarchical.NodeTestTask.execute(NodeTestTask.java:80)
	at org.junit.platform.engine.support.hierarchical.SameThreadHierarchicalTestExecutorService$$Lambda$183/1381713434.accept(Unknown Source)
	at java.util.ArrayList.forEach(ArrayList.java:1249)
	at org.junit.platform.engine.support.hierarchical.SameThreadHierarchicalTestExecutorService.invokeAll(SameThreadHierarchicalTestExecutorService.java:38)
	at org.junit.platform.engine.support.hierarchical.NodeTestTask.lambda$executeRecursively$5(NodeTestTask.java:139)
	at org.junit.platform.engine.support.hierarchical.NodeTestTask$$Lambda$179/195615004.execute(Unknown Source)
	at org.junit.platform.engine.support.hierarchical.ThrowableCollector.execute(ThrowableCollector.java:73)
	at org.junit.platform.engine.support.hierarchical.NodeTestTask.lambda$executeRecursively$7(NodeTestTask.java:125)
	at org.junit.platform.engine.support.hierarchical.NodeTestTask$$Lambda$178/1890627974.invoke(Unknown Source)
	at org.junit.platform.engine.support.hierarchical.Node.around(Node.java:135)
	at org.junit.platform.engine.support.hierarchical.NodeTestTask.lambda$executeRecursively$8(NodeTestTask.java:123)
	at org.junit.platform.engine.support.hierarchical.NodeTestTask$$Lambda$177/231977479.execute(Unknown Source)
	at org.junit.platform.engine.support.hierarchical.ThrowableCollector.execute(ThrowableCollector.java:73)
	at org.junit.platform.engine.support.hierarchical.NodeTestTask.executeRecursively(NodeTestTask.java:122)
	at org.junit.platform.engine.support.hierarchical.NodeTestTask.execute(NodeTestTask.java:80)
	at org.junit.platform.engine.support.hierarchical.SameThreadHierarchicalTestExecutorService.submit(SameThreadHierarchicalTestExecutorService.java:32)
	at org.junit.platform.engine.support.hierarchical.HierarchicalTestExecutor.execute(HierarchicalTestExecutor.java:57)
	at org.junit.platform.engine.support.hierarchical.HierarchicalTestEngine.execute(HierarchicalTestEngine.java:51)
	at org.junit.platform.launcher.core.DefaultLauncher.execute(DefaultLauncher.java:248)
	at org.junit.platform.launcher.core.DefaultLauncher.lambda$execute$5(DefaultLauncher.java:211)
	at org.junit.platform.launcher.core.DefaultLauncher$$Lambda$143/233996206.accept(Unknown Source)
	at org.junit.platform.launcher.core.DefaultLauncher.withInterceptedStreams(DefaultLauncher.java:226)
	at org.junit.platform.launcher.core.DefaultLauncher.execute(DefaultLauncher.java:199)
	at org.junit.platform.launcher.core.DefaultLauncher.execute(DefaultLauncher.java:132)
	at org.apache.maven.surefire.junitplatform.JUnitPlatformProvider.invokeAllTests(JUnitPlatformProvider.java:142)
	at org.apache.maven.surefire.junitplatform.JUnitPlatformProvider.invoke(JUnitPlatformProvider.java:113)
	at org.apache.maven.surefire.booter.ForkedBooter.invokeProviderInSameClassLoader(ForkedBooter.java:384)
	at org.apache.maven.surefire.booter.ForkedBooter.runSuitesInProcess(ForkedBooter.java:345)
	at org.apache.maven.surefire.booter.ForkedBooter.execute(ForkedBooter.java:126)
	at org.apache.maven.surefire.booter.ForkedBooter.main(ForkedBooter.java:418)
2021-11-08 11:13:02,370 [myid:] - INFO  [main:FourLetterWordMain@94] - connecting to 127.0.0.1 30092
2021-11-08 11:13:02,372 [myid:1] - WARN  [nioEventLoopGroup-37-8:NettyServerCnxnFactory$CnxnChannelHandler@231] - Zookeeper server is not running, close the connection before starting the TLS handshake
2021-11-08 11:13:02,638 [myid:] - INFO  [main:FourLetterWordMain@94] - connecting to 127.0.0.1 30092
2021-11-08 11:13:02,638 [myid:1] - WARN  [nioEventLoopGroup-37-9:NettyServerCnxnFactory$CnxnChannelHandler@231] - Zookeeper server is not running, close the connection before starting the TLS handshake
2021-11-08 11:13:02,901 [myid:] - INFO  [main:FourLetterWordMain@94] - connecting to 127.0.0.1 30092
2021-11-08 11:13:02,902 [myid:1] - WARN  [nioEventLoopGroup-37-10:NettyServerCnxnFactory$CnxnChannelHandler@231] - Zookeeper server is not running, close the connection before starting the TLS handshake
2021-11-08 11:13:02,916 [myid:] - INFO  [main:ClientBase@267] - server 127.0.0.1:30092 not up
java.net.SocketException: Software caused connection abort: recv failed
	at java.net.SocketInputStream.socketRead0(Native Method)
	at java.net.SocketInputStream.read(SocketInputStream.java:150)
	at java.net.SocketInputStream.read(SocketInputStream.java:121)
	at sun.nio.cs.StreamDecoder.readBytes(StreamDecoder.java:284)
	at sun.nio.cs.StreamDecoder.implRead(StreamDecoder.java:326)
	at sun.nio.cs.StreamDecoder.read(StreamDecoder.java:178)
	at java.io.InputStreamReader.read(InputStreamReader.java:184)
	at java.io.BufferedReader.fill(BufferedReader.java:161)
	at java.io.BufferedReader.readLine(BufferedReader.java:324)
	at java.io.BufferedReader.readLine(BufferedReader.java:389)
	at org.apache.zookeeper.client.FourLetterWordMain.send4LetterWord(FourLetterWordMain.java:129)
	at org.apache.zookeeper.client.FourLetterWordMain.send4LetterWord(FourLetterWordMain.java:74)
	at org.apache.zookeeper.test.ClientBase.waitForServerUp(ClientBase.java:258)
	at org.apache.zookeeper.test.ClientBase.waitForServerUp(ClientBase.java:249)
	at org.apache.zookeeper.server.quorum.QuorumSSLTest.stopAppendConfigRestartAll(QuorumSSLTest.java:548)
	at org.apache.zookeeper.server.quorum.QuorumSSLTest.testRollingUpgrade(QuorumSSLTest.java:529)
	at sun.reflect.NativeMethodAccessorImpl.invoke0(Native Method)
	at sun.reflect.NativeMethodAccessorImpl.invoke(NativeMethodAccessorImpl.java:62)
	at sun.reflect.DelegatingMethodAccessorImpl.invoke(DelegatingMethodAccessorImpl.java:43)
	at java.lang.reflect.Method.invoke(Method.java:483)
	at org.junit.platform.commons.util.ReflectionUtils.invokeMethod(ReflectionUtils.java:686)
	at org.junit.jupiter.engine.execution.MethodInvocation.proceed(MethodInvocation.java:60)
	at org.junit.jupiter.engine.execution.InvocationInterceptorChain$ValidatingInvocation.proceed(InvocationInterceptorChain.java:131)
	at org.junit.jupiter.engine.extension.TimeoutInvocation.proceed(TimeoutInvocation.java:46)
	at org.junit.jupiter.engine.extension.TimeoutExtension.intercept(TimeoutExtension.java:149)
	at org.junit.jupiter.engine.extension.TimeoutExtension.interceptTestableMethod(TimeoutExtension.java:140)
	at org.junit.jupiter.engine.extension.TimeoutExtension.interceptTestMethod(TimeoutExtension.java:84)
	at org.junit.jupiter.engine.descriptor.TestMethodTestDescriptor$$Lambda$111/1780132728.apply(Unknown Source)
	at org.junit.jupiter.engine.execution.ExecutableInvoker$ReflectiveInterceptorCall.lambda$ofVoidMethod$0(ExecutableInvoker.java:115)
	at org.junit.jupiter.engine.execution.ExecutableInvoker$ReflectiveInterceptorCall$$Lambda$112/1725017993.apply(Unknown Source)
	at org.junit.jupiter.engine.execution.ExecutableInvoker.lambda$invoke$0(ExecutableInvoker.java:105)
	at org.junit.jupiter.engine.execution.ExecutableInvoker$$Lambda$234/64133603.apply(Unknown Source)
	at org.junit.jupiter.engine.execution.InvocationInterceptorChain$InterceptedInvocation.proceed(InvocationInterceptorChain.java:106)
	at org.junit.jupiter.engine.execution.InvocationInterceptorChain.proceed(InvocationInterceptorChain.java:64)
	at org.junit.jupiter.engine.execution.InvocationInterceptorChain.chainAndInvoke(InvocationInterceptorChain.java:45)
	at org.junit.jupiter.engine.execution.InvocationInterceptorChain.invoke(InvocationInterceptorChain.java:37)
	at org.junit.jupiter.engine.execution.ExecutableInvoker.invoke(ExecutableInvoker.java:104)
	at org.junit.jupiter.engine.execution.ExecutableInvoker.invoke(ExecutableInvoker.java:98)
	at org.junit.jupiter.engine.descriptor.TestMethodTestDescriptor.lambda$invokeTestMethod$6(TestMethodTestDescriptor.java:212)
	at org.junit.jupiter.engine.descriptor.TestMethodTestDescriptor$$Lambda$271/224100622.execute(Unknown Source)
	at org.junit.platform.engine.support.hierarchical.ThrowableCollector.execute(ThrowableCollector.java:73)
	at org.junit.jupiter.engine.descriptor.TestMethodTestDescriptor.invokeTestMethod(TestMethodTestDescriptor.java:208)
	at org.junit.jupiter.engine.descriptor.TestMethodTestDescriptor.execute(TestMethodTestDescriptor.java:137)
	at org.junit.jupiter.engine.descriptor.TestMethodTestDescriptor.execute(TestMethodTestDescriptor.java:71)
	at org.junit.platform.engine.support.hierarchical.NodeTestTask.lambda$executeRecursively$5(NodeTestTask.java:135)
	at org.junit.platform.engine.support.hierarchical.NodeTestTask$$Lambda$179/195615004.execute(Unknown Source)
	at org.junit.platform.engine.support.hierarchical.ThrowableCollector.execute(ThrowableCollector.java:73)
	at org.junit.platform.engine.support.hierarchical.NodeTestTask.lambda$executeRecursively$7(NodeTestTask.java:125)
	at org.junit.platform.engine.support.hierarchical.NodeTestTask$$Lambda$178/1890627974.invoke(Unknown Source)
	at org.junit.platform.engine.support.hierarchical.Node.around(Node.java:135)
	at org.junit.platform.engine.support.hierarchical.NodeTestTask.lambda$executeRecursively$8(NodeTestTask.java:123)
	at org.junit.platform.engine.support.hierarchical.NodeTestTask$$Lambda$177/231977479.execute(Unknown Source)
	at org.junit.platform.engine.support.hierarchical.ThrowableCollector.execute(ThrowableCollector.java:73)
	at org.junit.platform.engine.support.hierarchical.NodeTestTask.executeRecursively(NodeTestTask.java:122)
	at org.junit.platform.engine.support.hierarchical.NodeTestTask.execute(NodeTestTask.java:80)
	at org.junit.platform.engine.support.hierarchical.SameThreadHierarchicalTestExecutorService$$Lambda$183/1381713434.accept(Unknown Source)
	at java.util.ArrayList.forEach(ArrayList.java:1249)
	at org.junit.platform.engine.support.hierarchical.SameThreadHierarchicalTestExecutorService.invokeAll(SameThreadHierarchicalTestExecutorService.java:38)
	at org.junit.platform.engine.support.hierarchical.NodeTestTask.lambda$executeRecursively$5(NodeTestTask.java:139)
	at org.junit.platform.engine.support.hierarchical.NodeTestTask$$Lambda$179/195615004.execute(Unknown Source)
	at org.junit.platform.engine.support.hierarchical.ThrowableCollector.execute(ThrowableCollector.java:73)
	at org.junit.platform.engine.support.hierarchical.NodeTestTask.lambda$executeRecursively$7(NodeTestTask.java:125)
	at org.junit.platform.engine.support.hierarchical.NodeTestTask$$Lambda$178/1890627974.invoke(Unknown Source)
	at org.junit.platform.engine.support.hierarchical.Node.around(Node.java:135)
	at org.junit.platform.engine.support.hierarchical.NodeTestTask.lambda$executeRecursively$8(NodeTestTask.java:123)
	at org.junit.platform.engine.support.hierarchical.NodeTestTask$$Lambda$177/231977479.execute(Unknown Source)
	at org.junit.platform.engine.support.hierarchical.ThrowableCollector.execute(ThrowableCollector.java:73)
	at org.junit.platform.engine.support.hierarchical.NodeTestTask.executeRecursively(NodeTestTask.java:122)
	at org.junit.platform.engine.support.hierarchical.NodeTestTask.execute(NodeTestTask.java:80)
	at org.junit.platform.engine.support.hierarchical.SameThreadHierarchicalTestExecutorService$$Lambda$183/1381713434.accept(Unknown Source)
	at java.util.ArrayList.forEach(ArrayList.java:1249)
	at org.junit.platform.engine.support.hierarchical.SameThreadHierarchicalTestExecutorService.invokeAll(SameThreadHierarchicalTestExecutorService.java:38)
	at org.junit.platform.engine.support.hierarchical.NodeTestTask.lambda$executeRecursively$5(NodeTestTask.java:139)
	at org.junit.platform.engine.support.hierarchical.NodeTestTask$$Lambda$179/195615004.execute(Unknown Source)
	at org.junit.platform.engine.support.hierarchical.ThrowableCollector.execute(ThrowableCollector.java:73)
	at org.junit.platform.engine.support.hierarchical.NodeTestTask.lambda$executeRecursively$7(NodeTestTask.java:125)
	at org.junit.platform.engine.support.hierarchical.NodeTestTask$$Lambda$178/1890627974.invoke(Unknown Source)
	at org.junit.platform.engine.support.hierarchical.Node.around(Node.java:135)
	at org.junit.platform.engine.support.hierarchical.NodeTestTask.lambda$executeRecursively$8(NodeTestTask.java:123)
	at org.junit.platform.engine.support.hierarchical.NodeTestTask$$Lambda$177/231977479.execute(Unknown Source)
	at org.junit.platform.engine.support.hierarchical.ThrowableCollector.execute(ThrowableCollector.java:73)
	at org.junit.platform.engine.support.hierarchical.NodeTestTask.executeRecursively(NodeTestTask.java:122)
	at org.junit.platform.engine.support.hierarchical.NodeTestTask.execute(NodeTestTask.java:80)
	at org.junit.platform.engine.support.hierarchical.SameThreadHierarchicalTestExecutorService.submit(SameThreadHierarchicalTestExecutorService.java:32)
	at org.junit.platform.engine.support.hierarchical.HierarchicalTestExecutor.execute(HierarchicalTestExecutor.java:57)
	at org.junit.platform.engine.support.hierarchical.HierarchicalTestEngine.execute(HierarchicalTestEngine.java:51)
	at org.junit.platform.launcher.core.DefaultLauncher.execute(DefaultLauncher.java:248)
	at org.junit.platform.launcher.core.DefaultLauncher.lambda$execute$5(DefaultLauncher.java:211)
	at org.junit.platform.launcher.core.DefaultLauncher$$Lambda$143/233996206.accept(Unknown Source)
	at org.junit.platform.launcher.core.DefaultLauncher.withInterceptedStreams(DefaultLauncher.java:226)
	at org.junit.platform.launcher.core.DefaultLauncher.execute(DefaultLauncher.java:199)
	at org.junit.platform.launcher.core.DefaultLauncher.execute(DefaultLauncher.java:132)
	at org.apache.maven.surefire.junitplatform.JUnitPlatformProvider.invokeAllTests(JUnitPlatformProvider.java:142)
	at org.apache.maven.surefire.junitplatform.JUnitPlatformProvider.invoke(JUnitPlatformProvider.java:113)
	at org.apache.maven.surefire.booter.ForkedBooter.invokeProviderInSameClassLoader(ForkedBooter.java:384)
	at org.apache.maven.surefire.booter.ForkedBooter.runSuitesInProcess(ForkedBooter.java:345)
	at org.apache.maven.surefire.booter.ForkedBooter.execute(ForkedBooter.java:126)
	at org.apache.maven.surefire.booter.ForkedBooter.main(ForkedBooter.java:418)
2021-11-08 11:13:03,181 [myid:] - INFO  [main:FourLetterWordMain@94] - connecting to 127.0.0.1 30092
2021-11-08 11:13:03,181 [myid:1] - WARN  [nioEventLoopGroup-37-11:NettyServerCnxnFactory$CnxnChannelHandler@231] - Zookeeper server is not running, close the connection before starting the TLS handshake
2021-11-08 11:13:03,445 [myid:] - INFO  [main:FourLetterWordMain@94] - connecting to 127.0.0.1 30092
2021-11-08 11:13:03,451 [myid:1] - WARN  [nioEventLoopGroup-37-12:NettyServerCnxnFactory$CnxnChannelHandler@231] - Zookeeper server is not running, close the connection before starting the TLS handshake
2021-11-08 11:13:03,461 [myid:] - INFO  [main:ClientBase@267] - server 127.0.0.1:30092 not up
java.net.SocketException: Software caused connection abort: recv failed
	at java.net.SocketInputStream.socketRead0(Native Method)
	at java.net.SocketInputStream.read(SocketInputStream.java:150)
	at java.net.SocketInputStream.read(SocketInputStream.java:121)
	at sun.nio.cs.StreamDecoder.readBytes(StreamDecoder.java:284)
	at sun.nio.cs.StreamDecoder.implRead(StreamDecoder.java:326)
	at sun.nio.cs.StreamDecoder.read(StreamDecoder.java:178)
	at java.io.InputStreamReader.read(InputStreamReader.java:184)
	at java.io.BufferedReader.fill(BufferedReader.java:161)
	at java.io.BufferedReader.readLine(BufferedReader.java:324)
	at java.io.BufferedReader.readLine(BufferedReader.java:389)
	at org.apache.zookeeper.client.FourLetterWordMain.send4LetterWord(FourLetterWordMain.java:129)
	at org.apache.zookeeper.client.FourLetterWordMain.send4LetterWord(FourLetterWordMain.java:74)
	at org.apache.zookeeper.test.ClientBase.waitForServerUp(ClientBase.java:258)
	at org.apache.zookeeper.test.ClientBase.waitForServerUp(ClientBase.java:249)
	at org.apache.zookeeper.server.quorum.QuorumSSLTest.stopAppendConfigRestartAll(QuorumSSLTest.java:548)
	at org.apache.zookeeper.server.quorum.QuorumSSLTest.testRollingUpgrade(QuorumSSLTest.java:529)
	at sun.reflect.NativeMethodAccessorImpl.invoke0(Native Method)
	at sun.reflect.NativeMethodAccessorImpl.invoke(NativeMethodAccessorImpl.java:62)
	at sun.reflect.DelegatingMethodAccessorImpl.invoke(DelegatingMethodAccessorImpl.java:43)
	at java.lang.reflect.Method.invoke(Method.java:483)
	at org.junit.platform.commons.util.ReflectionUtils.invokeMethod(ReflectionUtils.java:686)
	at org.junit.jupiter.engine.execution.MethodInvocation.proceed(MethodInvocation.java:60)
	at org.junit.jupiter.engine.execution.InvocationInterceptorChain$ValidatingInvocation.proceed(InvocationInterceptorChain.java:131)
	at org.junit.jupiter.engine.extension.TimeoutInvocation.proceed(TimeoutInvocation.java:46)
	at org.junit.jupiter.engine.extension.TimeoutExtension.intercept(TimeoutExtension.java:149)
	at org.junit.jupiter.engine.extension.TimeoutExtension.interceptTestableMethod(TimeoutExtension.java:140)
	at org.junit.jupiter.engine.extension.TimeoutExtension.interceptTestMethod(TimeoutExtension.java:84)
	at org.junit.jupiter.engine.descriptor.TestMethodTestDescriptor$$Lambda$111/1780132728.apply(Unknown Source)
	at org.junit.jupiter.engine.execution.ExecutableInvoker$ReflectiveInterceptorCall.lambda$ofVoidMethod$0(ExecutableInvoker.java:115)
	at org.junit.jupiter.engine.execution.ExecutableInvoker$ReflectiveInterceptorCall$$Lambda$112/1725017993.apply(Unknown Source)
	at org.junit.jupiter.engine.execution.ExecutableInvoker.lambda$invoke$0(ExecutableInvoker.java:105)
	at org.junit.jupiter.engine.execution.ExecutableInvoker$$Lambda$234/64133603.apply(Unknown Source)
	at org.junit.jupiter.engine.execution.InvocationInterceptorChain$InterceptedInvocation.proceed(InvocationInterceptorChain.java:106)
	at org.junit.jupiter.engine.execution.InvocationInterceptorChain.proceed(InvocationInterceptorChain.java:64)
	at org.junit.jupiter.engine.execution.InvocationInterceptorChain.chainAndInvoke(InvocationInterceptorChain.java:45)
	at org.junit.jupiter.engine.execution.InvocationInterceptorChain.invoke(InvocationInterceptorChain.java:37)
	at org.junit.jupiter.engine.execution.ExecutableInvoker.invoke(ExecutableInvoker.java:104)
	at org.junit.jupiter.engine.execution.ExecutableInvoker.invoke(ExecutableInvoker.java:98)
	at org.junit.jupiter.engine.descriptor.TestMethodTestDescriptor.lambda$invokeTestMethod$6(TestMethodTestDescriptor.java:212)
	at org.junit.jupiter.engine.descriptor.TestMethodTestDescriptor$$Lambda$271/224100622.execute(Unknown Source)
	at org.junit.platform.engine.support.hierarchical.ThrowableCollector.execute(ThrowableCollector.java:73)
	at org.junit.jupiter.engine.descriptor.TestMethodTestDescriptor.invokeTestMethod(TestMethodTestDescriptor.java:208)
	at org.junit.jupiter.engine.descriptor.TestMethodTestDescriptor.execute(TestMethodTestDescriptor.java:137)
	at org.junit.jupiter.engine.descriptor.TestMethodTestDescriptor.execute(TestMethodTestDescriptor.java:71)
	at org.junit.platform.engine.support.hierarchical.NodeTestTask.lambda$executeRecursively$5(NodeTestTask.java:135)
	at org.junit.platform.engine.support.hierarchical.NodeTestTask$$Lambda$179/195615004.execute(Unknown Source)
	at org.junit.platform.engine.support.hierarchical.ThrowableCollector.execute(ThrowableCollector.java:73)
	at org.junit.platform.engine.support.hierarchical.NodeTestTask.lambda$executeRecursively$7(NodeTestTask.java:125)
	at org.junit.platform.engine.support.hierarchical.NodeTestTask$$Lambda$178/1890627974.invoke(Unknown Source)
	at org.junit.platform.engine.support.hierarchical.Node.around(Node.java:135)
	at org.junit.platform.engine.support.hierarchical.NodeTestTask.lambda$executeRecursively$8(NodeTestTask.java:123)
	at org.junit.platform.engine.support.hierarchical.NodeTestTask$$Lambda$177/231977479.execute(Unknown Source)
	at org.junit.platform.engine.support.hierarchical.ThrowableCollector.execute(ThrowableCollector.java:73)
	at org.junit.platform.engine.support.hierarchical.NodeTestTask.executeRecursively(NodeTestTask.java:122)
	at org.junit.platform.engine.support.hierarchical.NodeTestTask.execute(NodeTestTask.java:80)
	at org.junit.platform.engine.support.hierarchical.SameThreadHierarchicalTestExecutorService$$Lambda$183/1381713434.accept(Unknown Source)
	at java.util.ArrayList.forEach(ArrayList.java:1249)
	at org.junit.platform.engine.support.hierarchical.SameThreadHierarchicalTestExecutorService.invokeAll(SameThreadHierarchicalTestExecutorService.java:38)
	at org.junit.platform.engine.support.hierarchical.NodeTestTask.lambda$executeRecursively$5(NodeTestTask.java:139)
	at org.junit.platform.engine.support.hierarchical.NodeTestTask$$Lambda$179/195615004.execute(Unknown Source)
	at org.junit.platform.engine.support.hierarchical.ThrowableCollector.execute(ThrowableCollector.java:73)
	at org.junit.platform.engine.support.hierarchical.NodeTestTask.lambda$executeRecursively$7(NodeTestTask.java:125)
	at org.junit.platform.engine.support.hierarchical.NodeTestTask$$Lambda$178/1890627974.invoke(Unknown Source)
	at org.junit.platform.engine.support.hierarchical.Node.around(Node.java:135)
	at org.junit.platform.engine.support.hierarchical.NodeTestTask.lambda$executeRecursively$8(NodeTestTask.java:123)
	at org.junit.platform.engine.support.hierarchical.NodeTestTask$$Lambda$177/231977479.execute(Unknown Source)
	at org.junit.platform.engine.support.hierarchical.ThrowableCollector.execute(ThrowableCollector.java:73)
	at org.junit.platform.engine.support.hierarchical.NodeTestTask.executeRecursively(NodeTestTask.java:122)
	at org.junit.platform.engine.support.hierarchical.NodeTestTask.execute(NodeTestTask.java:80)
	at org.junit.platform.engine.support.hierarchical.SameThreadHierarchicalTestExecutorService$$Lambda$183/1381713434.accept(Unknown Source)
	at java.util.ArrayList.forEach(ArrayList.java:1249)
	at org.junit.platform.engine.support.hierarchical.SameThreadHierarchicalTestExecutorService.invokeAll(SameThreadHierarchicalTestExecutorService.java:38)
	at org.junit.platform.engine.support.hierarchical.NodeTestTask.lambda$executeRecursively$5(NodeTestTask.java:139)
	at org.junit.platform.engine.support.hierarchical.NodeTestTask$$Lambda$179/195615004.execute(Unknown Source)
	at org.junit.platform.engine.support.hierarchical.ThrowableCollector.execute(ThrowableCollector.java:73)
	at org.junit.platform.engine.support.hierarchical.NodeTestTask.lambda$executeRecursively$7(NodeTestTask.java:125)
	at org.junit.platform.engine.support.hierarchical.NodeTestTask$$Lambda$178/1890627974.invoke(Unknown Source)
	at org.junit.platform.engine.support.hierarchical.Node.around(Node.java:135)
	at org.junit.platform.engine.support.hierarchical.NodeTestTask.lambda$executeRecursively$8(NodeTestTask.java:123)
	at org.junit.platform.engine.support.hierarchical.NodeTestTask$$Lambda$177/231977479.execute(Unknown Source)
	at org.junit.platform.engine.support.hierarchical.ThrowableCollector.execute(ThrowableCollector.java:73)
	at org.junit.platform.engine.support.hierarchical.NodeTestTask.executeRecursively(NodeTestTask.java:122)
	at org.junit.platform.engine.support.hierarchical.NodeTestTask.execute(NodeTestTask.java:80)
	at org.junit.platform.engine.support.hierarchical.SameThreadHierarchicalTestExecutorService.submit(SameThreadHierarchicalTestExecutorService.java:32)
	at org.junit.platform.engine.support.hierarchical.HierarchicalTestExecutor.execute(HierarchicalTestExecutor.java:57)
	at org.junit.platform.engine.support.hierarchical.HierarchicalTestEngine.execute(HierarchicalTestEngine.java:51)
	at org.junit.platform.launcher.core.DefaultLauncher.execute(DefaultLauncher.java:248)
	at org.junit.platform.launcher.core.DefaultLauncher.lambda$execute$5(DefaultLauncher.java:211)
	at org.junit.platform.launcher.core.DefaultLauncher$$Lambda$143/233996206.accept(Unknown Source)
	at org.junit.platform.launcher.core.DefaultLauncher.withInterceptedStreams(DefaultLauncher.java:226)
	at org.junit.platform.launcher.core.DefaultLauncher.execute(DefaultLauncher.java:199)
	at org.junit.platform.launcher.core.DefaultLauncher.execute(DefaultLauncher.java:132)
	at org.apache.maven.surefire.junitplatform.JUnitPlatformProvider.invokeAllTests(JUnitPlatformProvider.java:142)
	at org.apache.maven.surefire.junitplatform.JUnitPlatformProvider.invoke(JUnitPlatformProvider.java:113)
	at org.apache.maven.surefire.booter.ForkedBooter.invokeProviderInSameClassLoader(ForkedBooter.java:384)
	at org.apache.maven.surefire.booter.ForkedBooter.runSuitesInProcess(ForkedBooter.java:345)
	at org.apache.maven.surefire.booter.ForkedBooter.execute(ForkedBooter.java:126)
	at org.apache.maven.surefire.booter.ForkedBooter.main(ForkedBooter.java:418)
2021-11-08 11:13:03,713 [myid:] - INFO  [main:FourLetterWordMain@94] - connecting to 127.0.0.1 30092
2021-11-08 11:13:03,714 [myid:1] - WARN  [nioEventLoopGroup-37-1:NettyServerCnxnFactory$CnxnChannelHandler@231] - Zookeeper server is not running, close the connection before starting the TLS handshake
2021-11-08 11:13:03,850 [myid:1] - INFO  [QuorumPeer[myid=1](plain=[0:0:0:0:0:0:0:0]:30092)(secure=disabled):FastLeaderElection@984] - Notification time out: 12800
2021-11-08 11:13:03,974 [myid:] - INFO  [main:FourLetterWordMain@94] - connecting to 127.0.0.1 30092
2021-11-08 11:13:03,976 [myid:1] - WARN  [nioEventLoopGroup-37-2:NettyServerCnxnFactory$CnxnChannelHandler@231] - Zookeeper server is not running, close the connection before starting the TLS handshake
2021-11-08 11:13:04,226 [myid:] - INFO  [main:FourLetterWordMain@94] - connecting to 127.0.0.1 30092
2021-11-08 11:13:04,226 [myid:1] - WARN  [nioEventLoopGroup-37-3:NettyServerCnxnFactory$CnxnChannelHandler@231] - Zookeeper server is not running, close the connection before starting the TLS handshake
2021-11-08 11:13:04,494 [myid:] - INFO  [main:FourLetterWordMain@94] - connecting to 127.0.0.1 30092
2021-11-08 11:13:04,494 [myid:1] - WARN  [nioEventLoopGroup-37-4:NettyServerCnxnFactory$CnxnChannelHandler@231] - Zookeeper server is not running, close the connection before starting the TLS handshake
2021-11-08 11:13:04,753 [myid:] - INFO  [main:FourLetterWordMain@94] - connecting to 127.0.0.1 30092
2021-11-08 11:13:04,754 [myid:1] - WARN  [nioEventLoopGroup-37-5:NettyServerCnxnFactory$CnxnChannelHandler@231] - Zookeeper server is not running, close the connection before starting the TLS handshake
2021-11-08 11:13:05,004 [myid:] - INFO  [main:FourLetterWordMain@94] - connecting to 127.0.0.1 30092
2021-11-08 11:13:05,005 [myid:1] - WARN  [nioEventLoopGroup-37-6:NettyServerCnxnFactory$CnxnChannelHandler@231] - Zookeeper server is not running, close the connection before starting the TLS handshake
2021-11-08 11:13:05,270 [myid:] - INFO  [main:FourLetterWordMain@94] - connecting to 127.0.0.1 30092
2021-11-08 11:13:05,270 [myid:1] - WARN  [nioEventLoopGroup-37-7:NettyServerCnxnFactory$CnxnChannelHandler@231] - Zookeeper server is not running, close the connection before starting the TLS handshake
2021-11-08 11:13:05,521 [myid:] - INFO  [main:FourLetterWordMain@94] - connecting to 127.0.0.1 30092
2021-11-08 11:13:05,522 [myid:1] - WARN  [nioEventLoopGroup-37-8:NettyServerCnxnFactory$CnxnChannelHandler@231] - Zookeeper server is not running, close the connection before starting the TLS handshake
2021-11-08 11:13:05,774 [myid:] - INFO  [main:FourLetterWordMain@94] - connecting to 127.0.0.1 30092
2021-11-08 11:13:05,774 [myid:1] - WARN  [nioEventLoopGroup-37-9:NettyServerCnxnFactory$CnxnChannelHandler@231] - Zookeeper server is not running, close the connection before starting the TLS handshake
2021-11-08 11:13:06,026 [myid:] - INFO  [main:FourLetterWordMain@94] - connecting to 127.0.0.1 30092
2021-11-08 11:13:06,026 [myid:1] - WARN  [nioEventLoopGroup-37-10:NettyServerCnxnFactory$CnxnChannelHandler@231] - Zookeeper server is not running, close the connection before starting the TLS handshake
2021-11-08 11:13:06,276 [myid:] - INFO  [main:FourLetterWordMain@94] - connecting to 127.0.0.1 30092
2021-11-08 11:13:06,276 [myid:1] - WARN  [nioEventLoopGroup-37-11:NettyServerCnxnFactory$CnxnChannelHandler@231] - Zookeeper server is not running, close the connection before starting the TLS handshake
2021-11-08 11:13:06,528 [myid:] - INFO  [main:FourLetterWordMain@94] - connecting to 127.0.0.1 30092
2021-11-08 11:13:06,528 [myid:1] - WARN  [nioEventLoopGroup-37-12:NettyServerCnxnFactory$CnxnChannelHandler@231] - Zookeeper server is not running, close the connection before starting the TLS handshake
2021-11-08 11:13:06,785 [myid:] - INFO  [main:FourLetterWordMain@94] - connecting to 127.0.0.1 30092
2021-11-08 11:13:06,786 [myid:1] - WARN  [nioEventLoopGroup-37-1:NettyServerCnxnFactory$CnxnChannelHandler@231] - Zookeeper server is not running, close the connection before starting the TLS handshake
2021-11-08 11:13:07,036 [myid:] - INFO  [main:FourLetterWordMain@94] - connecting to 127.0.0.1 30092
2021-11-08 11:13:07,036 [myid:1] - WARN  [nioEventLoopGroup-37-2:NettyServerCnxnFactory$CnxnChannelHandler@231] - Zookeeper server is not running, close the connection before starting the TLS handshake
2021-11-08 11:13:07,286 [myid:] - INFO  [main:FourLetterWordMain@94] - connecting to 127.0.0.1 30092
2021-11-08 11:13:07,286 [myid:1] - WARN  [nioEventLoopGroup-37-3:NettyServerCnxnFactory$CnxnChannelHandler@231] - Zookeeper server is not running, close the connection before starting the TLS handshake
2021-11-08 11:13:07,538 [myid:] - INFO  [main:FourLetterWordMain@94] - connecting to 127.0.0.1 30092
2021-11-08 11:13:07,540 [myid:1] - WARN  [nioEventLoopGroup-37-4:NettyServerCnxnFactory$CnxnChannelHandler@231] - Zookeeper server is not running, close the connection before starting the TLS handshake
2021-11-08 11:13:07,790 [myid:] - INFO  [main:FourLetterWordMain@94] - connecting to 127.0.0.1 30092
2021-11-08 11:13:07,790 [myid:1] - WARN  [nioEventLoopGroup-37-5:NettyServerCnxnFactory$CnxnChannelHandler@231] - Zookeeper server is not running, close the connection before starting the TLS handshake
2021-11-08 11:13:08,042 [myid:] - INFO  [main:FourLetterWordMain@94] - connecting to 127.0.0.1 30092
2021-11-08 11:13:08,042 [myid:1] - WARN  [nioEventLoopGroup-37-6:NettyServerCnxnFactory$CnxnChannelHandler@231] - Zookeeper server is not running, close the connection before starting the TLS handshake
2021-11-08 11:13:08,053 [myid:] - INFO  [main:ClientBase@267] - server 127.0.0.1:30092 not up
java.net.SocketException: Software caused connection abort: recv failed
	at java.net.SocketInputStream.socketRead0(Native Method)
	at java.net.SocketInputStream.read(SocketInputStream.java:150)
	at java.net.SocketInputStream.read(SocketInputStream.java:121)
	at sun.nio.cs.StreamDecoder.readBytes(StreamDecoder.java:284)
	at sun.nio.cs.StreamDecoder.implRead(StreamDecoder.java:326)
	at sun.nio.cs.StreamDecoder.read(StreamDecoder.java:178)
	at java.io.InputStreamReader.read(InputStreamReader.java:184)
	at java.io.BufferedReader.fill(BufferedReader.java:161)
	at java.io.BufferedReader.readLine(BufferedReader.java:324)
	at java.io.BufferedReader.readLine(BufferedReader.java:389)
	at org.apache.zookeeper.client.FourLetterWordMain.send4LetterWord(FourLetterWordMain.java:129)
	at org.apache.zookeeper.client.FourLetterWordMain.send4LetterWord(FourLetterWordMain.java:74)
	at org.apache.zookeeper.test.ClientBase.waitForServerUp(ClientBase.java:258)
	at org.apache.zookeeper.test.ClientBase.waitForServerUp(ClientBase.java:249)
	at org.apache.zookeeper.server.quorum.QuorumSSLTest.stopAppendConfigRestartAll(QuorumSSLTest.java:548)
	at org.apache.zookeeper.server.quorum.QuorumSSLTest.testRollingUpgrade(QuorumSSLTest.java:529)
	at sun.reflect.NativeMethodAccessorImpl.invoke0(Native Method)
	at sun.reflect.NativeMethodAccessorImpl.invoke(NativeMethodAccessorImpl.java:62)
	at sun.reflect.DelegatingMethodAccessorImpl.invoke(DelegatingMethodAccessorImpl.java:43)
	at java.lang.reflect.Method.invoke(Method.java:483)
	at org.junit.platform.commons.util.ReflectionUtils.invokeMethod(ReflectionUtils.java:686)
	at org.junit.jupiter.engine.execution.MethodInvocation.proceed(MethodInvocation.java:60)
	at org.junit.jupiter.engine.execution.InvocationInterceptorChain$ValidatingInvocation.proceed(InvocationInterceptorChain.java:131)
	at org.junit.jupiter.engine.extension.TimeoutInvocation.proceed(TimeoutInvocation.java:46)
	at org.junit.jupiter.engine.extension.TimeoutExtension.intercept(TimeoutExtension.java:149)
	at org.junit.jupiter.engine.extension.TimeoutExtension.interceptTestableMethod(TimeoutExtension.java:140)
	at org.junit.jupiter.engine.extension.TimeoutExtension.interceptTestMethod(TimeoutExtension.java:84)
	at org.junit.jupiter.engine.descriptor.TestMethodTestDescriptor$$Lambda$111/1780132728.apply(Unknown Source)
	at org.junit.jupiter.engine.execution.ExecutableInvoker$ReflectiveInterceptorCall.lambda$ofVoidMethod$0(ExecutableInvoker.java:115)
	at org.junit.jupiter.engine.execution.ExecutableInvoker$ReflectiveInterceptorCall$$Lambda$112/1725017993.apply(Unknown Source)
	at org.junit.jupiter.engine.execution.ExecutableInvoker.lambda$invoke$0(ExecutableInvoker.java:105)
	at org.junit.jupiter.engine.execution.ExecutableInvoker$$Lambda$234/64133603.apply(Unknown Source)
	at org.junit.jupiter.engine.execution.InvocationInterceptorChain$InterceptedInvocation.proceed(InvocationInterceptorChain.java:106)
	at org.junit.jupiter.engine.execution.InvocationInterceptorChain.proceed(InvocationInterceptorChain.java:64)
	at org.junit.jupiter.engine.execution.InvocationInterceptorChain.chainAndInvoke(InvocationInterceptorChain.java:45)
	at org.junit.jupiter.engine.execution.InvocationInterceptorChain.invoke(InvocationInterceptorChain.java:37)
	at org.junit.jupiter.engine.execution.ExecutableInvoker.invoke(ExecutableInvoker.java:104)
	at org.junit.jupiter.engine.execution.ExecutableInvoker.invoke(ExecutableInvoker.java:98)
	at org.junit.jupiter.engine.descriptor.TestMethodTestDescriptor.lambda$invokeTestMethod$6(TestMethodTestDescriptor.java:212)
	at org.junit.jupiter.engine.descriptor.TestMethodTestDescriptor$$Lambda$271/224100622.execute(Unknown Source)
	at org.junit.platform.engine.support.hierarchical.ThrowableCollector.execute(ThrowableCollector.java:73)
	at org.junit.jupiter.engine.descriptor.TestMethodTestDescriptor.invokeTestMethod(TestMethodTestDescriptor.java:208)
	at org.junit.jupiter.engine.descriptor.TestMethodTestDescriptor.execute(TestMethodTestDescriptor.java:137)
	at org.junit.jupiter.engine.descriptor.TestMethodTestDescriptor.execute(TestMethodTestDescriptor.java:71)
	at org.junit.platform.engine.support.hierarchical.NodeTestTask.lambda$executeRecursively$5(NodeTestTask.java:135)
	at org.junit.platform.engine.support.hierarchical.NodeTestTask$$Lambda$179/195615004.execute(Unknown Source)
	at org.junit.platform.engine.support.hierarchical.ThrowableCollector.execute(ThrowableCollector.java:73)
	at org.junit.platform.engine.support.hierarchical.NodeTestTask.lambda$executeRecursively$7(NodeTestTask.java:125)
	at org.junit.platform.engine.support.hierarchical.NodeTestTask$$Lambda$178/1890627974.invoke(Unknown Source)
	at org.junit.platform.engine.support.hierarchical.Node.around(Node.java:135)
	at org.junit.platform.engine.support.hierarchical.NodeTestTask.lambda$executeRecursively$8(NodeTestTask.java:123)
	at org.junit.platform.engine.support.hierarchical.NodeTestTask$$Lambda$177/231977479.execute(Unknown Source)
	at org.junit.platform.engine.support.hierarchical.ThrowableCollector.execute(ThrowableCollector.java:73)
	at org.junit.platform.engine.support.hierarchical.NodeTestTask.executeRecursively(NodeTestTask.java:122)
	at org.junit.platform.engine.support.hierarchical.NodeTestTask.execute(NodeTestTask.java:80)
	at org.junit.platform.engine.support.hierarchical.SameThreadHierarchicalTestExecutorService$$Lambda$183/1381713434.accept(Unknown Source)
	at java.util.ArrayList.forEach(ArrayList.java:1249)
	at org.junit.platform.engine.support.hierarchical.SameThreadHierarchicalTestExecutorService.invokeAll(SameThreadHierarchicalTestExecutorService.java:38)
	at org.junit.platform.engine.support.hierarchical.NodeTestTask.lambda$executeRecursively$5(NodeTestTask.java:139)
	at org.junit.platform.engine.support.hierarchical.NodeTestTask$$Lambda$179/195615004.execute(Unknown Source)
	at org.junit.platform.engine.support.hierarchical.ThrowableCollector.execute(ThrowableCollector.java:73)
	at org.junit.platform.engine.support.hierarchical.NodeTestTask.lambda$executeRecursively$7(NodeTestTask.java:125)
	at org.junit.platform.engine.support.hierarchical.NodeTestTask$$Lambda$178/1890627974.invoke(Unknown Source)
	at org.junit.platform.engine.support.hierarchical.Node.around(Node.java:135)
	at org.junit.platform.engine.support.hierarchical.NodeTestTask.lambda$executeRecursively$8(NodeTestTask.java:123)
	at org.junit.platform.engine.support.hierarchical.NodeTestTask$$Lambda$177/231977479.execute(Unknown Source)
	at org.junit.platform.engine.support.hierarchical.ThrowableCollector.execute(ThrowableCollector.java:73)
	at org.junit.platform.engine.support.hierarchical.NodeTestTask.executeRecursively(NodeTestTask.java:122)
	at org.junit.platform.engine.support.hierarchical.NodeTestTask.execute(NodeTestTask.java:80)
	at org.junit.platform.engine.support.hierarchical.SameThreadHierarchicalTestExecutorService$$Lambda$183/1381713434.accept(Unknown Source)
	at java.util.ArrayList.forEach(ArrayList.java:1249)
	at org.junit.platform.engine.support.hierarchical.SameThreadHierarchicalTestExecutorService.invokeAll(SameThreadHierarchicalTestExecutorService.java:38)
	at org.junit.platform.engine.support.hierarchical.NodeTestTask.lambda$executeRecursively$5(NodeTestTask.java:139)
	at org.junit.platform.engine.support.hierarchical.NodeTestTask$$Lambda$179/195615004.execute(Unknown Source)
	at org.junit.platform.engine.support.hierarchical.ThrowableCollector.execute(ThrowableCollector.java:73)
	at org.junit.platform.engine.support.hierarchical.NodeTestTask.lambda$executeRecursively$7(NodeTestTask.java:125)
	at org.junit.platform.engine.support.hierarchical.NodeTestTask$$Lambda$178/1890627974.invoke(Unknown Source)
	at org.junit.platform.engine.support.hierarchical.Node.around(Node.java:135)
	at org.junit.platform.engine.support.hierarchical.NodeTestTask.lambda$executeRecursively$8(NodeTestTask.java:123)
	at org.junit.platform.engine.support.hierarchical.NodeTestTask$$Lambda$177/231977479.execute(Unknown Source)
	at org.junit.platform.engine.support.hierarchical.ThrowableCollector.execute(ThrowableCollector.java:73)
	at org.junit.platform.engine.support.hierarchical.NodeTestTask.executeRecursively(NodeTestTask.java:122)
	at org.junit.platform.engine.support.hierarchical.NodeTestTask.execute(NodeTestTask.java:80)
	at org.junit.platform.engine.support.hierarchical.SameThreadHierarchicalTestExecutorService.submit(SameThreadHierarchicalTestExecutorService.java:32)
	at org.junit.platform.engine.support.hierarchical.HierarchicalTestExecutor.execute(HierarchicalTestExecutor.java:57)
	at org.junit.platform.engine.support.hierarchical.HierarchicalTestEngine.execute(HierarchicalTestEngine.java:51)
	at org.junit.platform.launcher.core.DefaultLauncher.execute(DefaultLauncher.java:248)
	at org.junit.platform.launcher.core.DefaultLauncher.lambda$execute$5(DefaultLauncher.java:211)
	at org.junit.platform.launcher.core.DefaultLauncher$$Lambda$143/233996206.accept(Unknown Source)
	at org.junit.platform.launcher.core.DefaultLauncher.withInterceptedStreams(DefaultLauncher.java:226)
	at org.junit.platform.launcher.core.DefaultLauncher.execute(DefaultLauncher.java:199)
	at org.junit.platform.launcher.core.DefaultLauncher.execute(DefaultLauncher.java:132)
	at org.apache.maven.surefire.junitplatform.JUnitPlatformProvider.invokeAllTests(JUnitPlatformProvider.java:142)
	at org.apache.maven.surefire.junitplatform.JUnitPlatformProvider.invoke(JUnitPlatformProvider.java:113)
	at org.apache.maven.surefire.booter.ForkedBooter.invokeProviderInSameClassLoader(ForkedBooter.java:384)
	at org.apache.maven.surefire.booter.ForkedBooter.runSuitesInProcess(ForkedBooter.java:345)
	at org.apache.maven.surefire.booter.ForkedBooter.execute(ForkedBooter.java:126)
	at org.apache.maven.surefire.booter.ForkedBooter.main(ForkedBooter.java:418)
2021-11-08 11:13:08,303 [myid:] - INFO  [main:FourLetterWordMain@94] - connecting to 127.0.0.1 30092
2021-11-08 11:13:08,303 [myid:1] - WARN  [nioEventLoopGroup-37-7:NettyServerCnxnFactory$CnxnChannelHandler@231] - Zookeeper server is not running, close the connection before starting the TLS handshake
2021-11-08 11:13:08,314 [myid:] - INFO  [main:ClientBase@267] - server 127.0.0.1:30092 not up
java.net.SocketException: Software caused connection abort: recv failed
	at java.net.SocketInputStream.socketRead0(Native Method)
	at java.net.SocketInputStream.read(SocketInputStream.java:150)
	at java.net.SocketInputStream.read(SocketInputStream.java:121)
	at sun.nio.cs.StreamDecoder.readBytes(StreamDecoder.java:284)
	at sun.nio.cs.StreamDecoder.implRead(StreamDecoder.java:326)
	at sun.nio.cs.StreamDecoder.read(StreamDecoder.java:178)
	at java.io.InputStreamReader.read(InputStreamReader.java:184)
	at java.io.BufferedReader.fill(BufferedReader.java:161)
	at java.io.BufferedReader.readLine(BufferedReader.java:324)
	at java.io.BufferedReader.readLine(BufferedReader.java:389)
	at org.apache.zookeeper.client.FourLetterWordMain.send4LetterWord(FourLetterWordMain.java:129)
	at org.apache.zookeeper.client.FourLetterWordMain.send4LetterWord(FourLetterWordMain.java:74)
	at org.apache.zookeeper.test.ClientBase.waitForServerUp(ClientBase.java:258)
	at org.apache.zookeeper.test.ClientBase.waitForServerUp(ClientBase.java:249)
	at org.apache.zookeeper.server.quorum.QuorumSSLTest.stopAppendConfigRestartAll(QuorumSSLTest.java:548)
	at org.apache.zookeeper.server.quorum.QuorumSSLTest.testRollingUpgrade(QuorumSSLTest.java:529)
	at sun.reflect.NativeMethodAccessorImpl.invoke0(Native Method)
	at sun.reflect.NativeMethodAccessorImpl.invoke(NativeMethodAccessorImpl.java:62)
	at sun.reflect.DelegatingMethodAccessorImpl.invoke(DelegatingMethodAccessorImpl.java:43)
	at java.lang.reflect.Method.invoke(Method.java:483)
	at org.junit.platform.commons.util.ReflectionUtils.invokeMethod(ReflectionUtils.java:686)
	at org.junit.jupiter.engine.execution.MethodInvocation.proceed(MethodInvocation.java:60)
	at org.junit.jupiter.engine.execution.InvocationInterceptorChain$ValidatingInvocation.proceed(InvocationInterceptorChain.java:131)
	at org.junit.jupiter.engine.extension.TimeoutInvocation.proceed(TimeoutInvocation.java:46)
	at org.junit.jupiter.engine.extension.TimeoutExtension.intercept(TimeoutExtension.java:149)
	at org.junit.jupiter.engine.extension.TimeoutExtension.interceptTestableMethod(TimeoutExtension.java:140)
	at org.junit.jupiter.engine.extension.TimeoutExtension.interceptTestMethod(TimeoutExtension.java:84)
	at org.junit.jupiter.engine.descriptor.TestMethodTestDescriptor$$Lambda$111/1780132728.apply(Unknown Source)
	at org.junit.jupiter.engine.execution.ExecutableInvoker$ReflectiveInterceptorCall.lambda$ofVoidMethod$0(ExecutableInvoker.java:115)
	at org.junit.jupiter.engine.execution.ExecutableInvoker$ReflectiveInterceptorCall$$Lambda$112/1725017993.apply(Unknown Source)
	at org.junit.jupiter.engine.execution.ExecutableInvoker.lambda$invoke$0(ExecutableInvoker.java:105)
	at org.junit.jupiter.engine.execution.ExecutableInvoker$$Lambda$234/64133603.apply(Unknown Source)
	at org.junit.jupiter.engine.execution.InvocationInterceptorChain$InterceptedInvocation.proceed(InvocationInterceptorChain.java:106)
	at org.junit.jupiter.engine.execution.InvocationInterceptorChain.proceed(InvocationInterceptorChain.java:64)
	at org.junit.jupiter.engine.execution.InvocationInterceptorChain.chainAndInvoke(InvocationInterceptorChain.java:45)
	at org.junit.jupiter.engine.execution.InvocationInterceptorChain.invoke(InvocationInterceptorChain.java:37)
	at org.junit.jupiter.engine.execution.ExecutableInvoker.invoke(ExecutableInvoker.java:104)
	at org.junit.jupiter.engine.execution.ExecutableInvoker.invoke(ExecutableInvoker.java:98)
	at org.junit.jupiter.engine.descriptor.TestMethodTestDescriptor.lambda$invokeTestMethod$6(TestMethodTestDescriptor.java:212)
	at org.junit.jupiter.engine.descriptor.TestMethodTestDescriptor$$Lambda$271/224100622.execute(Unknown Source)
	at org.junit.platform.engine.support.hierarchical.ThrowableCollector.execute(ThrowableCollector.java:73)
	at org.junit.jupiter.engine.descriptor.TestMethodTestDescriptor.invokeTestMethod(TestMethodTestDescriptor.java:208)
	at org.junit.jupiter.engine.descriptor.TestMethodTestDescriptor.execute(TestMethodTestDescriptor.java:137)
	at org.junit.jupiter.engine.descriptor.TestMethodTestDescriptor.execute(TestMethodTestDescriptor.java:71)
	at org.junit.platform.engine.support.hierarchical.NodeTestTask.lambda$executeRecursively$5(NodeTestTask.java:135)
	at org.junit.platform.engine.support.hierarchical.NodeTestTask$$Lambda$179/195615004.execute(Unknown Source)
	at org.junit.platform.engine.support.hierarchical.ThrowableCollector.execute(ThrowableCollector.java:73)
	at org.junit.platform.engine.support.hierarchical.NodeTestTask.lambda$executeRecursively$7(NodeTestTask.java:125)
	at org.junit.platform.engine.support.hierarchical.NodeTestTask$$Lambda$178/1890627974.invoke(Unknown Source)
	at org.junit.platform.engine.support.hierarchical.Node.around(Node.java:135)
	at org.junit.platform.engine.support.hierarchical.NodeTestTask.lambda$executeRecursively$8(NodeTestTask.java:123)
	at org.junit.platform.engine.support.hierarchical.NodeTestTask$$Lambda$177/231977479.execute(Unknown Source)
	at org.junit.platform.engine.support.hierarchical.ThrowableCollector.execute(ThrowableCollector.java:73)
	at org.junit.platform.engine.support.hierarchical.NodeTestTask.executeRecursively(NodeTestTask.java:122)
	at org.junit.platform.engine.support.hierarchical.NodeTestTask.execute(NodeTestTask.java:80)
	at org.junit.platform.engine.support.hierarchical.SameThreadHierarchicalTestExecutorService$$Lambda$183/1381713434.accept(Unknown Source)
	at java.util.ArrayList.forEach(ArrayList.java:1249)
	at org.junit.platform.engine.support.hierarchical.SameThreadHierarchicalTestExecutorService.invokeAll(SameThreadHierarchicalTestExecutorService.java:38)
	at org.junit.platform.engine.support.hierarchical.NodeTestTask.lambda$executeRecursively$5(NodeTestTask.java:139)
	at org.junit.platform.engine.support.hierarchical.NodeTestTask$$Lambda$179/195615004.execute(Unknown Source)
	at org.junit.platform.engine.support.hierarchical.ThrowableCollector.execute(ThrowableCollector.java:73)
	at org.junit.platform.engine.support.hierarchical.NodeTestTask.lambda$executeRecursively$7(NodeTestTask.java:125)
	at org.junit.platform.engine.support.hierarchical.NodeTestTask$$Lambda$178/1890627974.invoke(Unknown Source)
	at org.junit.platform.engine.support.hierarchical.Node.around(Node.java:135)
	at org.junit.platform.engine.support.hierarchical.NodeTestTask.lambda$executeRecursively$8(NodeTestTask.java:123)
	at org.junit.platform.engine.support.hierarchical.NodeTestTask$$Lambda$177/231977479.execute(Unknown Source)
	at org.junit.platform.engine.support.hierarchical.ThrowableCollector.execute(ThrowableCollector.java:73)
	at org.junit.platform.engine.support.hierarchical.NodeTestTask.executeRecursively(NodeTestTask.java:122)
	at org.junit.platform.engine.support.hierarchical.NodeTestTask.execute(NodeTestTask.java:80)
	at org.junit.platform.engine.support.hierarchical.SameThreadHierarchicalTestExecutorService$$Lambda$183/1381713434.accept(Unknown Source)
	at java.util.ArrayList.forEach(ArrayList.java:1249)
	at org.junit.platform.engine.support.hierarchical.SameThreadHierarchicalTestExecutorService.invokeAll(SameThreadHierarchicalTestExecutorService.java:38)
	at org.junit.platform.engine.support.hierarchical.NodeTestTask.lambda$executeRecursively$5(NodeTestTask.java:139)
	at org.junit.platform.engine.support.hierarchical.NodeTestTask$$Lambda$179/195615004.execute(Unknown Source)
	at org.junit.platform.engine.support.hierarchical.ThrowableCollector.execute(ThrowableCollector.java:73)
	at org.junit.platform.engine.support.hierarchical.NodeTestTask.lambda$executeRecursively$7(NodeTestTask.java:125)
	at org.junit.platform.engine.support.hierarchical.NodeTestTask$$Lambda$178/1890627974.invoke(Unknown Source)
	at org.junit.platform.engine.support.hierarchical.Node.around(Node.java:135)
	at org.junit.platform.engine.support.hierarchical.NodeTestTask.lambda$executeRecursively$8(NodeTestTask.java:123)
	at org.junit.platform.engine.support.hierarchical.NodeTestTask$$Lambda$177/231977479.execute(Unknown Source)
	at org.junit.platform.engine.support.hierarchical.ThrowableCollector.execute(ThrowableCollector.java:73)
	at org.junit.platform.engine.support.hierarchical.NodeTestTask.executeRecursively(NodeTestTask.java:122)
	at org.junit.platform.engine.support.hierarchical.NodeTestTask.execute(NodeTestTask.java:80)
	at org.junit.platform.engine.support.hierarchical.SameThreadHierarchicalTestExecutorService.submit(SameThreadHierarchicalTestExecutorService.java:32)
	at org.junit.platform.engine.support.hierarchical.HierarchicalTestExecutor.execute(HierarchicalTestExecutor.java:57)
	at org.junit.platform.engine.support.hierarchical.HierarchicalTestEngine.execute(HierarchicalTestEngine.java:51)
	at org.junit.platform.launcher.core.DefaultLauncher.execute(DefaultLauncher.java:248)
	at org.junit.platform.launcher.core.DefaultLauncher.lambda$execute$5(DefaultLauncher.java:211)
	at org.junit.platform.launcher.core.DefaultLauncher$$Lambda$143/233996206.accept(Unknown Source)
	at org.junit.platform.launcher.core.DefaultLauncher.withInterceptedStreams(DefaultLauncher.java:226)
	at org.junit.platform.launcher.core.DefaultLauncher.execute(DefaultLauncher.java:199)
	at org.junit.platform.launcher.core.DefaultLauncher.execute(DefaultLauncher.java:132)
	at org.apache.maven.surefire.junitplatform.JUnitPlatformProvider.invokeAllTests(JUnitPlatformProvider.java:142)
	at org.apache.maven.surefire.junitplatform.JUnitPlatformProvider.invoke(JUnitPlatformProvider.java:113)
	at org.apache.maven.surefire.booter.ForkedBooter.invokeProviderInSameClassLoader(ForkedBooter.java:384)
	at org.apache.maven.surefire.booter.ForkedBooter.runSuitesInProcess(ForkedBooter.java:345)
	at org.apache.maven.surefire.booter.ForkedBooter.execute(ForkedBooter.java:126)
	at org.apache.maven.surefire.booter.ForkedBooter.main(ForkedBooter.java:418)
2021-11-08 11:13:08,565 [myid:] - INFO  [main:FourLetterWordMain@94] - connecting to 127.0.0.1 30092
2021-11-08 11:13:08,565 [myid:1] - WARN  [nioEventLoopGroup-37-8:NettyServerCnxnFactory$CnxnChannelHandler@231] - Zookeeper server is not running, close the connection before starting the TLS handshake
2021-11-08 11:13:08,575 [myid:] - INFO  [main:ClientBase@267] - server 127.0.0.1:30092 not up
java.net.SocketException: Software caused connection abort: recv failed
	at java.net.SocketInputStream.socketRead0(Native Method)
	at java.net.SocketInputStream.read(SocketInputStream.java:150)
	at java.net.SocketInputStream.read(SocketInputStream.java:121)
	at sun.nio.cs.StreamDecoder.readBytes(StreamDecoder.java:284)
	at sun.nio.cs.StreamDecoder.implRead(StreamDecoder.java:326)
	at sun.nio.cs.StreamDecoder.read(StreamDecoder.java:178)
	at java.io.InputStreamReader.read(InputStreamReader.java:184)
	at java.io.BufferedReader.fill(BufferedReader.java:161)
	at java.io.BufferedReader.readLine(BufferedReader.java:324)
	at java.io.BufferedReader.readLine(BufferedReader.java:389)
	at org.apache.zookeeper.client.FourLetterWordMain.send4LetterWord(FourLetterWordMain.java:129)
	at org.apache.zookeeper.client.FourLetterWordMain.send4LetterWord(FourLetterWordMain.java:74)
	at org.apache.zookeeper.test.ClientBase.waitForServerUp(ClientBase.java:258)
	at org.apache.zookeeper.test.ClientBase.waitForServerUp(ClientBase.java:249)
	at org.apache.zookeeper.server.quorum.QuorumSSLTest.stopAppendConfigRestartAll(QuorumSSLTest.java:548)
	at org.apache.zookeeper.server.quorum.QuorumSSLTest.testRollingUpgrade(QuorumSSLTest.java:529)
	at sun.reflect.NativeMethodAccessorImpl.invoke0(Native Method)
	at sun.reflect.NativeMethodAccessorImpl.invoke(NativeMethodAccessorImpl.java:62)
	at sun.reflect.DelegatingMethodAccessorImpl.invoke(DelegatingMethodAccessorImpl.java:43)
	at java.lang.reflect.Method.invoke(Method.java:483)
	at org.junit.platform.commons.util.ReflectionUtils.invokeMethod(ReflectionUtils.java:686)
	at org.junit.jupiter.engine.execution.MethodInvocation.proceed(MethodInvocation.java:60)
	at org.junit.jupiter.engine.execution.InvocationInterceptorChain$ValidatingInvocation.proceed(InvocationInterceptorChain.java:131)
	at org.junit.jupiter.engine.extension.TimeoutInvocation.proceed(TimeoutInvocation.java:46)
	at org.junit.jupiter.engine.extension.TimeoutExtension.intercept(TimeoutExtension.java:149)
	at org.junit.jupiter.engine.extension.TimeoutExtension.interceptTestableMethod(TimeoutExtension.java:140)
	at org.junit.jupiter.engine.extension.TimeoutExtension.interceptTestMethod(TimeoutExtension.java:84)
	at org.junit.jupiter.engine.descriptor.TestMethodTestDescriptor$$Lambda$111/1780132728.apply(Unknown Source)
	at org.junit.jupiter.engine.execution.ExecutableInvoker$ReflectiveInterceptorCall.lambda$ofVoidMethod$0(ExecutableInvoker.java:115)
	at org.junit.jupiter.engine.execution.ExecutableInvoker$ReflectiveInterceptorCall$$Lambda$112/1725017993.apply(Unknown Source)
	at org.junit.jupiter.engine.execution.ExecutableInvoker.lambda$invoke$0(ExecutableInvoker.java:105)
	at org.junit.jupiter.engine.execution.ExecutableInvoker$$Lambda$234/64133603.apply(Unknown Source)
	at org.junit.jupiter.engine.execution.InvocationInterceptorChain$InterceptedInvocation.proceed(InvocationInterceptorChain.java:106)
	at org.junit.jupiter.engine.execution.InvocationInterceptorChain.proceed(InvocationInterceptorChain.java:64)
	at org.junit.jupiter.engine.execution.InvocationInterceptorChain.chainAndInvoke(InvocationInterceptorChain.java:45)
	at org.junit.jupiter.engine.execution.InvocationInterceptorChain.invoke(InvocationInterceptorChain.java:37)
	at org.junit.jupiter.engine.execution.ExecutableInvoker.invoke(ExecutableInvoker.java:104)
	at org.junit.jupiter.engine.execution.ExecutableInvoker.invoke(ExecutableInvoker.java:98)
	at org.junit.jupiter.engine.descriptor.TestMethodTestDescriptor.lambda$invokeTestMethod$6(TestMethodTestDescriptor.java:212)
	at org.junit.jupiter.engine.descriptor.TestMethodTestDescriptor$$Lambda$271/224100622.execute(Unknown Source)
	at org.junit.platform.engine.support.hierarchical.ThrowableCollector.execute(ThrowableCollector.java:73)
	at org.junit.jupiter.engine.descriptor.TestMethodTestDescriptor.invokeTestMethod(TestMethodTestDescriptor.java:208)
	at org.junit.jupiter.engine.descriptor.TestMethodTestDescriptor.execute(TestMethodTestDescriptor.java:137)
	at org.junit.jupiter.engine.descriptor.TestMethodTestDescriptor.execute(TestMethodTestDescriptor.java:71)
	at org.junit.platform.engine.support.hierarchical.NodeTestTask.lambda$executeRecursively$5(NodeTestTask.java:135)
	at org.junit.platform.engine.support.hierarchical.NodeTestTask$$Lambda$179/195615004.execute(Unknown Source)
	at org.junit.platform.engine.support.hierarchical.ThrowableCollector.execute(ThrowableCollector.java:73)
	at org.junit.platform.engine.support.hierarchical.NodeTestTask.lambda$executeRecursively$7(NodeTestTask.java:125)
	at org.junit.platform.engine.support.hierarchical.NodeTestTask$$Lambda$178/1890627974.invoke(Unknown Source)
	at org.junit.platform.engine.support.hierarchical.Node.around(Node.java:135)
	at org.junit.platform.engine.support.hierarchical.NodeTestTask.lambda$executeRecursively$8(NodeTestTask.java:123)
	at org.junit.platform.engine.support.hierarchical.NodeTestTask$$Lambda$177/231977479.execute(Unknown Source)
	at org.junit.platform.engine.support.hierarchical.ThrowableCollector.execute(ThrowableCollector.java:73)
	at org.junit.platform.engine.support.hierarchical.NodeTestTask.executeRecursively(NodeTestTask.java:122)
	at org.junit.platform.engine.support.hierarchical.NodeTestTask.execute(NodeTestTask.java:80)
	at org.junit.platform.engine.support.hierarchical.SameThreadHierarchicalTestExecutorService$$Lambda$183/1381713434.accept(Unknown Source)
	at java.util.ArrayList.forEach(ArrayList.java:1249)
	at org.junit.platform.engine.support.hierarchical.SameThreadHierarchicalTestExecutorService.invokeAll(SameThreadHierarchicalTestExecutorService.java:38)
	at org.junit.platform.engine.support.hierarchical.NodeTestTask.lambda$executeRecursively$5(NodeTestTask.java:139)
	at org.junit.platform.engine.support.hierarchical.NodeTestTask$$Lambda$179/195615004.execute(Unknown Source)
	at org.junit.platform.engine.support.hierarchical.ThrowableCollector.execute(ThrowableCollector.java:73)
	at org.junit.platform.engine.support.hierarchical.NodeTestTask.lambda$executeRecursively$7(NodeTestTask.java:125)
	at org.junit.platform.engine.support.hierarchical.NodeTestTask$$Lambda$178/1890627974.invoke(Unknown Source)
	at org.junit.platform.engine.support.hierarchical.Node.around(Node.java:135)
	at org.junit.platform.engine.support.hierarchical.NodeTestTask.lambda$executeRecursively$8(NodeTestTask.java:123)
	at org.junit.platform.engine.support.hierarchical.NodeTestTask$$Lambda$177/231977479.execute(Unknown Source)
	at org.junit.platform.engine.support.hierarchical.ThrowableCollector.execute(ThrowableCollector.java:73)
	at org.junit.platform.engine.support.hierarchical.NodeTestTask.executeRecursively(NodeTestTask.java:122)
	at org.junit.platform.engine.support.hierarchical.NodeTestTask.execute(NodeTestTask.java:80)
	at org.junit.platform.engine.support.hierarchical.SameThreadHierarchicalTestExecutorService$$Lambda$183/1381713434.accept(Unknown Source)
	at java.util.ArrayList.forEach(ArrayList.java:1249)
	at org.junit.platform.engine.support.hierarchical.SameThreadHierarchicalTestExecutorService.invokeAll(SameThreadHierarchicalTestExecutorService.java:38)
	at org.junit.platform.engine.support.hierarchical.NodeTestTask.lambda$executeRecursively$5(NodeTestTask.java:139)
	at org.junit.platform.engine.support.hierarchical.NodeTestTask$$Lambda$179/195615004.execute(Unknown Source)
	at org.junit.platform.engine.support.hierarchical.ThrowableCollector.execute(ThrowableCollector.java:73)
	at org.junit.platform.engine.support.hierarchical.NodeTestTask.lambda$executeRecursively$7(NodeTestTask.java:125)
	at org.junit.platform.engine.support.hierarchical.NodeTestTask$$Lambda$178/1890627974.invoke(Unknown Source)
	at org.junit.platform.engine.support.hierarchical.Node.around(Node.java:135)
	at org.junit.platform.engine.support.hierarchical.NodeTestTask.lambda$executeRecursively$8(NodeTestTask.java:123)
	at org.junit.platform.engine.support.hierarchical.NodeTestTask$$Lambda$177/231977479.execute(Unknown Source)
	at org.junit.platform.engine.support.hierarchical.ThrowableCollector.execute(ThrowableCollector.java:73)
	at org.junit.platform.engine.support.hierarchical.NodeTestTask.executeRecursively(NodeTestTask.java:122)
	at org.junit.platform.engine.support.hierarchical.NodeTestTask.execute(NodeTestTask.java:80)
	at org.junit.platform.engine.support.hierarchical.SameThreadHierarchicalTestExecutorService.submit(SameThreadHierarchicalTestExecutorService.java:32)
	at org.junit.platform.engine.support.hierarchical.HierarchicalTestExecutor.execute(HierarchicalTestExecutor.java:57)
	at org.junit.platform.engine.support.hierarchical.HierarchicalTestEngine.execute(HierarchicalTestEngine.java:51)
	at org.junit.platform.launcher.core.DefaultLauncher.execute(DefaultLauncher.java:248)
	at org.junit.platform.launcher.core.DefaultLauncher.lambda$execute$5(DefaultLauncher.java:211)
	at org.junit.platform.launcher.core.DefaultLauncher$$Lambda$143/233996206.accept(Unknown Source)
	at org.junit.platform.launcher.core.DefaultLauncher.withInterceptedStreams(DefaultLauncher.java:226)
	at org.junit.platform.launcher.core.DefaultLauncher.execute(DefaultLauncher.java:199)
	at org.junit.platform.launcher.core.DefaultLauncher.execute(DefaultLauncher.java:132)
	at org.apache.maven.surefire.junitplatform.JUnitPlatformProvider.invokeAllTests(JUnitPlatformProvider.java:142)
	at org.apache.maven.surefire.junitplatform.JUnitPlatformProvider.invoke(JUnitPlatformProvider.java:113)
	at org.apache.maven.surefire.booter.ForkedBooter.invokeProviderInSameClassLoader(ForkedBooter.java:384)
	at org.apache.maven.surefire.booter.ForkedBooter.runSuitesInProcess(ForkedBooter.java:345)
	at org.apache.maven.surefire.booter.ForkedBooter.execute(ForkedBooter.java:126)
	at org.apache.maven.surefire.booter.ForkedBooter.main(ForkedBooter.java:418)
2021-11-08 11:13:08,831 [myid:] - INFO  [main:FourLetterWordMain@94] - connecting to 127.0.0.1 30092
2021-11-08 11:13:08,832 [myid:1] - WARN  [nioEventLoopGroup-37-9:NettyServerCnxnFactory$CnxnChannelHandler@231] - Zookeeper server is not running, close the connection before starting the TLS handshake
2021-11-08 11:13:09,082 [myid:] - INFO  [main:FourLetterWordMain@94] - connecting to 127.0.0.1 30092
2021-11-08 11:13:09,082 [myid:1] - WARN  [nioEventLoopGroup-37-10:NettyServerCnxnFactory$CnxnChannelHandler@231] - Zookeeper server is not running, close the connection before starting the TLS handshake
2021-11-08 11:13:09,333 [myid:] - INFO  [main:FourLetterWordMain@94] - connecting to 127.0.0.1 30092
2021-11-08 11:13:09,333 [myid:1] - WARN  [nioEventLoopGroup-37-11:NettyServerCnxnFactory$CnxnChannelHandler@231] - Zookeeper server is not running, close the connection before starting the TLS handshake
2021-11-08 11:13:09,585 [myid:] - INFO  [main:FourLetterWordMain@94] - connecting to 127.0.0.1 30092
2021-11-08 11:13:09,586 [myid:1] - WARN  [nioEventLoopGroup-37-12:NettyServerCnxnFactory$CnxnChannelHandler@231] - Zookeeper server is not running, close the connection before starting the TLS handshake
2021-11-08 11:13:09,836 [myid:] - INFO  [main:FourLetterWordMain@94] - connecting to 127.0.0.1 30092
2021-11-08 11:13:09,836 [myid:1] - WARN  [nioEventLoopGroup-37-1:NettyServerCnxnFactory$CnxnChannelHandler@231] - Zookeeper server is not running, close the connection before starting the TLS handshake
2021-11-08 11:13:10,087 [myid:] - INFO  [main:FourLetterWordMain@94] - connecting to 127.0.0.1 30092
2021-11-08 11:13:10,087 [myid:1] - WARN  [nioEventLoopGroup-37-2:NettyServerCnxnFactory$CnxnChannelHandler@231] - Zookeeper server is not running, close the connection before starting the TLS handshake
2021-11-08 11:13:10,097 [myid:] - INFO  [main:ClientBase@267] - server 127.0.0.1:30092 not up
java.net.SocketException: Software caused connection abort: recv failed
	at java.net.SocketInputStream.socketRead0(Native Method)
	at java.net.SocketInputStream.read(SocketInputStream.java:150)
	at java.net.SocketInputStream.read(SocketInputStream.java:121)
	at sun.nio.cs.StreamDecoder.readBytes(StreamDecoder.java:284)
	at sun.nio.cs.StreamDecoder.implRead(StreamDecoder.java:326)
	at sun.nio.cs.StreamDecoder.read(StreamDecoder.java:178)
	at java.io.InputStreamReader.read(InputStreamReader.java:184)
	at java.io.BufferedReader.fill(BufferedReader.java:161)
	at java.io.BufferedReader.readLine(BufferedReader.java:324)
	at java.io.BufferedReader.readLine(BufferedReader.java:389)
	at org.apache.zookeeper.client.FourLetterWordMain.send4LetterWord(FourLetterWordMain.java:129)
	at org.apache.zookeeper.client.FourLetterWordMain.send4LetterWord(FourLetterWordMain.java:74)
	at org.apache.zookeeper.test.ClientBase.waitForServerUp(ClientBase.java:258)
	at org.apache.zookeeper.test.ClientBase.waitForServerUp(ClientBase.java:249)
	at org.apache.zookeeper.server.quorum.QuorumSSLTest.stopAppendConfigRestartAll(QuorumSSLTest.java:548)
	at org.apache.zookeeper.server.quorum.QuorumSSLTest.testRollingUpgrade(QuorumSSLTest.java:529)
	at sun.reflect.NativeMethodAccessorImpl.invoke0(Native Method)
	at sun.reflect.NativeMethodAccessorImpl.invoke(NativeMethodAccessorImpl.java:62)
	at sun.reflect.DelegatingMethodAccessorImpl.invoke(DelegatingMethodAccessorImpl.java:43)
	at java.lang.reflect.Method.invoke(Method.java:483)
	at org.junit.platform.commons.util.ReflectionUtils.invokeMethod(ReflectionUtils.java:686)
	at org.junit.jupiter.engine.execution.MethodInvocation.proceed(MethodInvocation.java:60)
	at org.junit.jupiter.engine.execution.InvocationInterceptorChain$ValidatingInvocation.proceed(InvocationInterceptorChain.java:131)
	at org.junit.jupiter.engine.extension.TimeoutInvocation.proceed(TimeoutInvocation.java:46)
	at org.junit.jupiter.engine.extension.TimeoutExtension.intercept(TimeoutExtension.java:149)
	at org.junit.jupiter.engine.extension.TimeoutExtension.interceptTestableMethod(TimeoutExtension.java:140)
	at org.junit.jupiter.engine.extension.TimeoutExtension.interceptTestMethod(TimeoutExtension.java:84)
	at org.junit.jupiter.engine.descriptor.TestMethodTestDescriptor$$Lambda$111/1780132728.apply(Unknown Source)
	at org.junit.jupiter.engine.execution.ExecutableInvoker$ReflectiveInterceptorCall.lambda$ofVoidMethod$0(ExecutableInvoker.java:115)
	at org.junit.jupiter.engine.execution.ExecutableInvoker$ReflectiveInterceptorCall$$Lambda$112/1725017993.apply(Unknown Source)
	at org.junit.jupiter.engine.execution.ExecutableInvoker.lambda$invoke$0(ExecutableInvoker.java:105)
	at org.junit.jupiter.engine.execution.ExecutableInvoker$$Lambda$234/64133603.apply(Unknown Source)
	at org.junit.jupiter.engine.execution.InvocationInterceptorChain$InterceptedInvocation.proceed(InvocationInterceptorChain.java:106)
	at org.junit.jupiter.engine.execution.InvocationInterceptorChain.proceed(InvocationInterceptorChain.java:64)
	at org.junit.jupiter.engine.execution.InvocationInterceptorChain.chainAndInvoke(InvocationInterceptorChain.java:45)
	at org.junit.jupiter.engine.execution.InvocationInterceptorChain.invoke(InvocationInterceptorChain.java:37)
	at org.junit.jupiter.engine.execution.ExecutableInvoker.invoke(ExecutableInvoker.java:104)
	at org.junit.jupiter.engine.execution.ExecutableInvoker.invoke(ExecutableInvoker.java:98)
	at org.junit.jupiter.engine.descriptor.TestMethodTestDescriptor.lambda$invokeTestMethod$6(TestMethodTestDescriptor.java:212)
	at org.junit.jupiter.engine.descriptor.TestMethodTestDescriptor$$Lambda$271/224100622.execute(Unknown Source)
	at org.junit.platform.engine.support.hierarchical.ThrowableCollector.execute(ThrowableCollector.java:73)
	at org.junit.jupiter.engine.descriptor.TestMethodTestDescriptor.invokeTestMethod(TestMethodTestDescriptor.java:208)
	at org.junit.jupiter.engine.descriptor.TestMethodTestDescriptor.execute(TestMethodTestDescriptor.java:137)
	at org.junit.jupiter.engine.descriptor.TestMethodTestDescriptor.execute(TestMethodTestDescriptor.java:71)
	at org.junit.platform.engine.support.hierarchical.NodeTestTask.lambda$executeRecursively$5(NodeTestTask.java:135)
	at org.junit.platform.engine.support.hierarchical.NodeTestTask$$Lambda$179/195615004.execute(Unknown Source)
	at org.junit.platform.engine.support.hierarchical.ThrowableCollector.execute(ThrowableCollector.java:73)
	at org.junit.platform.engine.support.hierarchical.NodeTestTask.lambda$executeRecursively$7(NodeTestTask.java:125)
	at org.junit.platform.engine.support.hierarchical.NodeTestTask$$Lambda$178/1890627974.invoke(Unknown Source)
	at org.junit.platform.engine.support.hierarchical.Node.around(Node.java:135)
	at org.junit.platform.engine.support.hierarchical.NodeTestTask.lambda$executeRecursively$8(NodeTestTask.java:123)
	at org.junit.platform.engine.support.hierarchical.NodeTestTask$$Lambda$177/231977479.execute(Unknown Source)
	at org.junit.platform.engine.support.hierarchical.ThrowableCollector.execute(ThrowableCollector.java:73)
	at org.junit.platform.engine.support.hierarchical.NodeTestTask.executeRecursively(NodeTestTask.java:122)
	at org.junit.platform.engine.support.hierarchical.NodeTestTask.execute(NodeTestTask.java:80)
	at org.junit.platform.engine.support.hierarchical.SameThreadHierarchicalTestExecutorService$$Lambda$183/1381713434.accept(Unknown Source)
	at java.util.ArrayList.forEach(ArrayList.java:1249)
	at org.junit.platform.engine.support.hierarchical.SameThreadHierarchicalTestExecutorService.invokeAll(SameThreadHierarchicalTestExecutorService.java:38)
	at org.junit.platform.engine.support.hierarchical.NodeTestTask.lambda$executeRecursively$5(NodeTestTask.java:139)
	at org.junit.platform.engine.support.hierarchical.NodeTestTask$$Lambda$179/195615004.execute(Unknown Source)
	at org.junit.platform.engine.support.hierarchical.ThrowableCollector.execute(ThrowableCollector.java:73)
	at org.junit.platform.engine.support.hierarchical.NodeTestTask.lambda$executeRecursively$7(NodeTestTask.java:125)
	at org.junit.platform.engine.support.hierarchical.NodeTestTask$$Lambda$178/1890627974.invoke(Unknown Source)
	at org.junit.platform.engine.support.hierarchical.Node.around(Node.java:135)
	at org.junit.platform.engine.support.hierarchical.NodeTestTask.lambda$executeRecursively$8(NodeTestTask.java:123)
	at org.junit.platform.engine.support.hierarchical.NodeTestTask$$Lambda$177/231977479.execute(Unknown Source)
	at org.junit.platform.engine.support.hierarchical.ThrowableCollector.execute(ThrowableCollector.java:73)
	at org.junit.platform.engine.support.hierarchical.NodeTestTask.executeRecursively(NodeTestTask.java:122)
	at org.junit.platform.engine.support.hierarchical.NodeTestTask.execute(NodeTestTask.java:80)
	at org.junit.platform.engine.support.hierarchical.SameThreadHierarchicalTestExecutorService$$Lambda$183/1381713434.accept(Unknown Source)
	at java.util.ArrayList.forEach(ArrayList.java:1249)
	at org.junit.platform.engine.support.hierarchical.SameThreadHierarchicalTestExecutorService.invokeAll(SameThreadHierarchicalTestExecutorService.java:38)
	at org.junit.platform.engine.support.hierarchical.NodeTestTask.lambda$executeRecursively$5(NodeTestTask.java:139)
	at org.junit.platform.engine.support.hierarchical.NodeTestTask$$Lambda$179/195615004.execute(Unknown Source)
	at org.junit.platform.engine.support.hierarchical.ThrowableCollector.execute(ThrowableCollector.java:73)
	at org.junit.platform.engine.support.hierarchical.NodeTestTask.lambda$executeRecursively$7(NodeTestTask.java:125)
	at org.junit.platform.engine.support.hierarchical.NodeTestTask$$Lambda$178/1890627974.invoke(Unknown Source)
	at org.junit.platform.engine.support.hierarchical.Node.around(Node.java:135)
	at org.junit.platform.engine.support.hierarchical.NodeTestTask.lambda$executeRecursively$8(NodeTestTask.java:123)
	at org.junit.platform.engine.support.hierarchical.NodeTestTask$$Lambda$177/231977479.execute(Unknown Source)
	at org.junit.platform.engine.support.hierarchical.ThrowableCollector.execute(ThrowableCollector.java:73)
	at org.junit.platform.engine.support.hierarchical.NodeTestTask.executeRecursively(NodeTestTask.java:122)
	at org.junit.platform.engine.support.hierarchical.NodeTestTask.execute(NodeTestTask.java:80)
	at org.junit.platform.engine.support.hierarchical.SameThreadHierarchicalTestExecutorService.submit(SameThreadHierarchicalTestExecutorService.java:32)
	at org.junit.platform.engine.support.hierarchical.HierarchicalTestExecutor.execute(HierarchicalTestExecutor.java:57)
	at org.junit.platform.engine.support.hierarchical.HierarchicalTestEngine.execute(HierarchicalTestEngine.java:51)
	at org.junit.platform.launcher.core.DefaultLauncher.execute(DefaultLauncher.java:248)
	at org.junit.platform.launcher.core.DefaultLauncher.lambda$execute$5(DefaultLauncher.java:211)
	at org.junit.platform.launcher.core.DefaultLauncher$$Lambda$143/233996206.accept(Unknown Source)
	at org.junit.platform.launcher.core.DefaultLauncher.withInterceptedStreams(DefaultLauncher.java:226)
	at org.junit.platform.launcher.core.DefaultLauncher.execute(DefaultLauncher.java:199)
	at org.junit.platform.launcher.core.DefaultLauncher.execute(DefaultLauncher.java:132)
	at org.apache.maven.surefire.junitplatform.JUnitPlatformProvider.invokeAllTests(JUnitPlatformProvider.java:142)
	at org.apache.maven.surefire.junitplatform.JUnitPlatformProvider.invoke(JUnitPlatformProvider.java:113)
	at org.apache.maven.surefire.booter.ForkedBooter.invokeProviderInSameClassLoader(ForkedBooter.java:384)
	at org.apache.maven.surefire.booter.ForkedBooter.runSuitesInProcess(ForkedBooter.java:345)
	at org.apache.maven.surefire.booter.ForkedBooter.execute(ForkedBooter.java:126)
	at org.apache.maven.surefire.booter.ForkedBooter.main(ForkedBooter.java:418)
2021-11-08 11:13:10,347 [myid:] - INFO  [main:FourLetterWordMain@94] - connecting to 127.0.0.1 30092
2021-11-08 11:13:10,347 [myid:1] - WARN  [nioEventLoopGroup-37-3:NettyServerCnxnFactory$CnxnChannelHandler@231] - Zookeeper server is not running, close the connection before starting the TLS handshake
2021-11-08 11:13:10,597 [myid:] - INFO  [main:FourLetterWordMain@94] - connecting to 127.0.0.1 30092
2021-11-08 11:13:10,599 [myid:1] - WARN  [nioEventLoopGroup-37-4:NettyServerCnxnFactory$CnxnChannelHandler@231] - Zookeeper server is not running, close the connection before starting the TLS handshake
2021-11-08 11:13:10,851 [myid:] - INFO  [main:FourLetterWordMain@94] - connecting to 127.0.0.1 30092
2021-11-08 11:13:10,851 [myid:1] - WARN  [nioEventLoopGroup-37-5:NettyServerCnxnFactory$CnxnChannelHandler@231] - Zookeeper server is not running, close the connection before starting the TLS handshake
2021-11-08 11:13:11,102 [myid:] - INFO  [main:FourLetterWordMain@94] - connecting to 127.0.0.1 30092
2021-11-08 11:13:11,103 [myid:1] - WARN  [nioEventLoopGroup-37-6:NettyServerCnxnFactory$CnxnChannelHandler@231] - Zookeeper server is not running, close the connection before starting the TLS handshake
2021-11-08 11:13:11,355 [myid:] - INFO  [main:FourLetterWordMain@94] - connecting to 127.0.0.1 30092
2021-11-08 11:13:11,356 [myid:1] - WARN  [nioEventLoopGroup-37-7:NettyServerCnxnFactory$CnxnChannelHandler@231] - Zookeeper server is not running, close the connection before starting the TLS handshake
2021-11-08 11:13:11,365 [myid:] - INFO  [main:ClientBase@267] - server 127.0.0.1:30092 not up
java.net.SocketException: Software caused connection abort: recv failed
	at java.net.SocketInputStream.socketRead0(Native Method)
	at java.net.SocketInputStream.read(SocketInputStream.java:150)
	at java.net.SocketInputStream.read(SocketInputStream.java:121)
	at sun.nio.cs.StreamDecoder.readBytes(StreamDecoder.java:284)
	at sun.nio.cs.StreamDecoder.implRead(StreamDecoder.java:326)
	at sun.nio.cs.StreamDecoder.read(StreamDecoder.java:178)
	at java.io.InputStreamReader.read(InputStreamReader.java:184)
	at java.io.BufferedReader.fill(BufferedReader.java:161)
	at java.io.BufferedReader.readLine(BufferedReader.java:324)
	at java.io.BufferedReader.readLine(BufferedReader.java:389)
	at org.apache.zookeeper.client.FourLetterWordMain.send4LetterWord(FourLetterWordMain.java:129)
	at org.apache.zookeeper.client.FourLetterWordMain.send4LetterWord(FourLetterWordMain.java:74)
	at org.apache.zookeeper.test.ClientBase.waitForServerUp(ClientBase.java:258)
	at org.apache.zookeeper.test.ClientBase.waitForServerUp(ClientBase.java:249)
	at org.apache.zookeeper.server.quorum.QuorumSSLTest.stopAppendConfigRestartAll(QuorumSSLTest.java:548)
	at org.apache.zookeeper.server.quorum.QuorumSSLTest.testRollingUpgrade(QuorumSSLTest.java:529)
	at sun.reflect.NativeMethodAccessorImpl.invoke0(Native Method)
	at sun.reflect.NativeMethodAccessorImpl.invoke(NativeMethodAccessorImpl.java:62)
	at sun.reflect.DelegatingMethodAccessorImpl.invoke(DelegatingMethodAccessorImpl.java:43)
	at java.lang.reflect.Method.invoke(Method.java:483)
	at org.junit.platform.commons.util.ReflectionUtils.invokeMethod(ReflectionUtils.java:686)
	at org.junit.jupiter.engine.execution.MethodInvocation.proceed(MethodInvocation.java:60)
	at org.junit.jupiter.engine.execution.InvocationInterceptorChain$ValidatingInvocation.proceed(InvocationInterceptorChain.java:131)
	at org.junit.jupiter.engine.extension.TimeoutInvocation.proceed(TimeoutInvocation.java:46)
	at org.junit.jupiter.engine.extension.TimeoutExtension.intercept(TimeoutExtension.java:149)
	at org.junit.jupiter.engine.extension.TimeoutExtension.interceptTestableMethod(TimeoutExtension.java:140)
	at org.junit.jupiter.engine.extension.TimeoutExtension.interceptTestMethod(TimeoutExtension.java:84)
	at org.junit.jupiter.engine.descriptor.TestMethodTestDescriptor$$Lambda$111/1780132728.apply(Unknown Source)
	at org.junit.jupiter.engine.execution.ExecutableInvoker$ReflectiveInterceptorCall.lambda$ofVoidMethod$0(ExecutableInvoker.java:115)
	at org.junit.jupiter.engine.execution.ExecutableInvoker$ReflectiveInterceptorCall$$Lambda$112/1725017993.apply(Unknown Source)
	at org.junit.jupiter.engine.execution.ExecutableInvoker.lambda$invoke$0(ExecutableInvoker.java:105)
	at org.junit.jupiter.engine.execution.ExecutableInvoker$$Lambda$234/64133603.apply(Unknown Source)
	at org.junit.jupiter.engine.execution.InvocationInterceptorChain$InterceptedInvocation.proceed(InvocationInterceptorChain.java:106)
	at org.junit.jupiter.engine.execution.InvocationInterceptorChain.proceed(InvocationInterceptorChain.java:64)
	at org.junit.jupiter.engine.execution.InvocationInterceptorChain.chainAndInvoke(InvocationInterceptorChain.java:45)
	at org.junit.jupiter.engine.execution.InvocationInterceptorChain.invoke(InvocationInterceptorChain.java:37)
	at org.junit.jupiter.engine.execution.ExecutableInvoker.invoke(ExecutableInvoker.java:104)
	at org.junit.jupiter.engine.execution.ExecutableInvoker.invoke(ExecutableInvoker.java:98)
	at org.junit.jupiter.engine.descriptor.TestMethodTestDescriptor.lambda$invokeTestMethod$6(TestMethodTestDescriptor.java:212)
	at org.junit.jupiter.engine.descriptor.TestMethodTestDescriptor$$Lambda$271/224100622.execute(Unknown Source)
	at org.junit.platform.engine.support.hierarchical.ThrowableCollector.execute(ThrowableCollector.java:73)
	at org.junit.jupiter.engine.descriptor.TestMethodTestDescriptor.invokeTestMethod(TestMethodTestDescriptor.java:208)
	at org.junit.jupiter.engine.descriptor.TestMethodTestDescriptor.execute(TestMethodTestDescriptor.java:137)
	at org.junit.jupiter.engine.descriptor.TestMethodTestDescriptor.execute(TestMethodTestDescriptor.java:71)
	at org.junit.platform.engine.support.hierarchical.NodeTestTask.lambda$executeRecursively$5(NodeTestTask.java:135)
	at org.junit.platform.engine.support.hierarchical.NodeTestTask$$Lambda$179/195615004.execute(Unknown Source)
	at org.junit.platform.engine.support.hierarchical.ThrowableCollector.execute(ThrowableCollector.java:73)
	at org.junit.platform.engine.support.hierarchical.NodeTestTask.lambda$executeRecursively$7(NodeTestTask.java:125)
	at org.junit.platform.engine.support.hierarchical.NodeTestTask$$Lambda$178/1890627974.invoke(Unknown Source)
	at org.junit.platform.engine.support.hierarchical.Node.around(Node.java:135)
	at org.junit.platform.engine.support.hierarchical.NodeTestTask.lambda$executeRecursively$8(NodeTestTask.java:123)
	at org.junit.platform.engine.support.hierarchical.NodeTestTask$$Lambda$177/231977479.execute(Unknown Source)
	at org.junit.platform.engine.support.hierarchical.ThrowableCollector.execute(ThrowableCollector.java:73)
	at org.junit.platform.engine.support.hierarchical.NodeTestTask.executeRecursively(NodeTestTask.java:122)
	at org.junit.platform.engine.support.hierarchical.NodeTestTask.execute(NodeTestTask.java:80)
	at org.junit.platform.engine.support.hierarchical.SameThreadHierarchicalTestExecutorService$$Lambda$183/1381713434.accept(Unknown Source)
	at java.util.ArrayList.forEach(ArrayList.java:1249)
	at org.junit.platform.engine.support.hierarchical.SameThreadHierarchicalTestExecutorService.invokeAll(SameThreadHierarchicalTestExecutorService.java:38)
	at org.junit.platform.engine.support.hierarchical.NodeTestTask.lambda$executeRecursively$5(NodeTestTask.java:139)
	at org.junit.platform.engine.support.hierarchical.NodeTestTask$$Lambda$179/195615004.execute(Unknown Source)
	at org.junit.platform.engine.support.hierarchical.ThrowableCollector.execute(ThrowableCollector.java:73)
	at org.junit.platform.engine.support.hierarchical.NodeTestTask.lambda$executeRecursively$7(NodeTestTask.java:125)
	at org.junit.platform.engine.support.hierarchical.NodeTestTask$$Lambda$178/1890627974.invoke(Unknown Source)
	at org.junit.platform.engine.support.hierarchical.Node.around(Node.java:135)
	at org.junit.platform.engine.support.hierarchical.NodeTestTask.lambda$executeRecursively$8(NodeTestTask.java:123)
	at org.junit.platform.engine.support.hierarchical.NodeTestTask$$Lambda$177/231977479.execute(Unknown Source)
	at org.junit.platform.engine.support.hierarchical.ThrowableCollector.execute(ThrowableCollector.java:73)
	at org.junit.platform.engine.support.hierarchical.NodeTestTask.executeRecursively(NodeTestTask.java:122)
	at org.junit.platform.engine.support.hierarchical.NodeTestTask.execute(NodeTestTask.java:80)
	at org.junit.platform.engine.support.hierarchical.SameThreadHierarchicalTestExecutorService$$Lambda$183/1381713434.accept(Unknown Source)
	at java.util.ArrayList.forEach(ArrayList.java:1249)
	at org.junit.platform.engine.support.hierarchical.SameThreadHierarchicalTestExecutorService.invokeAll(SameThreadHierarchicalTestExecutorService.java:38)
	at org.junit.platform.engine.support.hierarchical.NodeTestTask.lambda$executeRecursively$5(NodeTestTask.java:139)
	at org.junit.platform.engine.support.hierarchical.NodeTestTask$$Lambda$179/195615004.execute(Unknown Source)
	at org.junit.platform.engine.support.hierarchical.ThrowableCollector.execute(ThrowableCollector.java:73)
	at org.junit.platform.engine.support.hierarchical.NodeTestTask.lambda$executeRecursively$7(NodeTestTask.java:125)
	at org.junit.platform.engine.support.hierarchical.NodeTestTask$$Lambda$178/1890627974.invoke(Unknown Source)
	at org.junit.platform.engine.support.hierarchical.Node.around(Node.java:135)
	at org.junit.platform.engine.support.hierarchical.NodeTestTask.lambda$executeRecursively$8(NodeTestTask.java:123)
	at org.junit.platform.engine.support.hierarchical.NodeTestTask$$Lambda$177/231977479.execute(Unknown Source)
	at org.junit.platform.engine.support.hierarchical.ThrowableCollector.execute(ThrowableCollector.java:73)
	at org.junit.platform.engine.support.hierarchical.NodeTestTask.executeRecursively(NodeTestTask.java:122)
	at org.junit.platform.engine.support.hierarchical.NodeTestTask.execute(NodeTestTask.java:80)
	at org.junit.platform.engine.support.hierarchical.SameThreadHierarchicalTestExecutorService.submit(SameThreadHierarchicalTestExecutorService.java:32)
	at org.junit.platform.engine.support.hierarchical.HierarchicalTestExecutor.execute(HierarchicalTestExecutor.java:57)
	at org.junit.platform.engine.support.hierarchical.HierarchicalTestEngine.execute(HierarchicalTestEngine.java:51)
	at org.junit.platform.launcher.core.DefaultLauncher.execute(DefaultLauncher.java:248)
	at org.junit.platform.launcher.core.DefaultLauncher.lambda$execute$5(DefaultLauncher.java:211)
	at org.junit.platform.launcher.core.DefaultLauncher$$Lambda$143/233996206.accept(Unknown Source)
	at org.junit.platform.launcher.core.DefaultLauncher.withInterceptedStreams(DefaultLauncher.java:226)
	at org.junit.platform.launcher.core.DefaultLauncher.execute(DefaultLauncher.java:199)
	at org.junit.platform.launcher.core.DefaultLauncher.execute(DefaultLauncher.java:132)
	at org.apache.maven.surefire.junitplatform.JUnitPlatformProvider.invokeAllTests(JUnitPlatformProvider.java:142)
	at org.apache.maven.surefire.junitplatform.JUnitPlatformProvider.invoke(JUnitPlatformProvider.java:113)
	at org.apache.maven.surefire.booter.ForkedBooter.invokeProviderInSameClassLoader(ForkedBooter.java:384)
	at org.apache.maven.surefire.booter.ForkedBooter.runSuitesInProcess(ForkedBooter.java:345)
	at org.apache.maven.surefire.booter.ForkedBooter.execute(ForkedBooter.java:126)
	at org.apache.maven.surefire.booter.ForkedBooter.main(ForkedBooter.java:418)
2021-11-08 11:13:11,615 [myid:] - INFO  [main:FourLetterWordMain@94] - connecting to 127.0.0.1 30092
2021-11-08 11:13:11,615 [myid:1] - WARN  [nioEventLoopGroup-37-8:NettyServerCnxnFactory$CnxnChannelHandler@231] - Zookeeper server is not running, close the connection before starting the TLS handshake
2021-11-08 11:13:11,867 [myid:] - INFO  [main:FourLetterWordMain@94] - connecting to 127.0.0.1 30092
2021-11-08 11:13:11,867 [myid:1] - WARN  [nioEventLoopGroup-37-9:NettyServerCnxnFactory$CnxnChannelHandler@231] - Zookeeper server is not running, close the connection before starting the TLS handshake
2021-11-08 11:13:12,118 [myid:] - INFO  [main:FourLetterWordMain@94] - connecting to 127.0.0.1 30092
2021-11-08 11:13:12,120 [myid:1] - WARN  [nioEventLoopGroup-37-10:NettyServerCnxnFactory$CnxnChannelHandler@231] - Zookeeper server is not running, close the connection before starting the TLS handshake
2021-11-08 11:13:12,372 [myid:] - INFO  [main:FourLetterWordMain@94] - connecting to 127.0.0.1 30092
2021-11-08 11:13:12,372 [myid:1] - WARN  [nioEventLoopGroup-37-11:NettyServerCnxnFactory$CnxnChannelHandler@231] - Zookeeper server is not running, close the connection before starting the TLS handshake
2021-11-08 11:13:12,622 [myid:] - INFO  [main:FourLetterWordMain@94] - connecting to 127.0.0.1 30092
2021-11-08 11:13:12,622 [myid:1] - WARN  [nioEventLoopGroup-37-12:NettyServerCnxnFactory$CnxnChannelHandler@231] - Zookeeper server is not running, close the connection before starting the TLS handshake
2021-11-08 11:13:12,872 [myid:] - INFO  [main:FourLetterWordMain@94] - connecting to 127.0.0.1 30092
2021-11-08 11:13:12,872 [myid:1] - WARN  [nioEventLoopGroup-37-1:NettyServerCnxnFactory$CnxnChannelHandler@231] - Zookeeper server is not running, close the connection before starting the TLS handshake
2021-11-08 11:13:13,123 [myid:] - INFO  [main:FourLetterWordMain@94] - connecting to 127.0.0.1 30092
2021-11-08 11:13:13,123 [myid:1] - WARN  [nioEventLoopGroup-37-2:NettyServerCnxnFactory$CnxnChannelHandler@231] - Zookeeper server is not running, close the connection before starting the TLS handshake
2021-11-08 11:13:13,374 [myid:] - INFO  [main:FourLetterWordMain@94] - connecting to 127.0.0.1 30092
2021-11-08 11:13:13,374 [myid:1] - WARN  [nioEventLoopGroup-37-3:NettyServerCnxnFactory$CnxnChannelHandler@231] - Zookeeper server is not running, close the connection before starting the TLS handshake
2021-11-08 11:13:13,624 [myid:] - INFO  [main:FourLetterWordMain@94] - connecting to 127.0.0.1 30092
2021-11-08 11:13:13,624 [myid:1] - WARN  [nioEventLoopGroup-37-4:NettyServerCnxnFactory$CnxnChannelHandler@231] - Zookeeper server is not running, close the connection before starting the TLS handshake
2021-11-08 11:13:13,635 [myid:] - INFO  [main:ClientBase@267] - server 127.0.0.1:30092 not up
java.net.SocketException: Software caused connection abort: recv failed
	at java.net.SocketInputStream.socketRead0(Native Method)
	at java.net.SocketInputStream.read(SocketInputStream.java:150)
	at java.net.SocketInputStream.read(SocketInputStream.java:121)
	at sun.nio.cs.StreamDecoder.readBytes(StreamDecoder.java:284)
	at sun.nio.cs.StreamDecoder.implRead(StreamDecoder.java:326)
	at sun.nio.cs.StreamDecoder.read(StreamDecoder.java:178)
	at java.io.InputStreamReader.read(InputStreamReader.java:184)
	at java.io.BufferedReader.fill(BufferedReader.java:161)
	at java.io.BufferedReader.readLine(BufferedReader.java:324)
	at java.io.BufferedReader.readLine(BufferedReader.java:389)
	at org.apache.zookeeper.client.FourLetterWordMain.send4LetterWord(FourLetterWordMain.java:129)
	at org.apache.zookeeper.client.FourLetterWordMain.send4LetterWord(FourLetterWordMain.java:74)
	at org.apache.zookeeper.test.ClientBase.waitForServerUp(ClientBase.java:258)
	at org.apache.zookeeper.test.ClientBase.waitForServerUp(ClientBase.java:249)
	at org.apache.zookeeper.server.quorum.QuorumSSLTest.stopAppendConfigRestartAll(QuorumSSLTest.java:548)
	at org.apache.zookeeper.server.quorum.QuorumSSLTest.testRollingUpgrade(QuorumSSLTest.java:529)
	at sun.reflect.NativeMethodAccessorImpl.invoke0(Native Method)
	at sun.reflect.NativeMethodAccessorImpl.invoke(NativeMethodAccessorImpl.java:62)
	at sun.reflect.DelegatingMethodAccessorImpl.invoke(DelegatingMethodAccessorImpl.java:43)
	at java.lang.reflect.Method.invoke(Method.java:483)
	at org.junit.platform.commons.util.ReflectionUtils.invokeMethod(ReflectionUtils.java:686)
	at org.junit.jupiter.engine.execution.MethodInvocation.proceed(MethodInvocation.java:60)
	at org.junit.jupiter.engine.execution.InvocationInterceptorChain$ValidatingInvocation.proceed(InvocationInterceptorChain.java:131)
	at org.junit.jupiter.engine.extension.TimeoutInvocation.proceed(TimeoutInvocation.java:46)
	at org.junit.jupiter.engine.extension.TimeoutExtension.intercept(TimeoutExtension.java:149)
	at org.junit.jupiter.engine.extension.TimeoutExtension.interceptTestableMethod(TimeoutExtension.java:140)
	at org.junit.jupiter.engine.extension.TimeoutExtension.interceptTestMethod(TimeoutExtension.java:84)
	at org.junit.jupiter.engine.descriptor.TestMethodTestDescriptor$$Lambda$111/1780132728.apply(Unknown Source)
	at org.junit.jupiter.engine.execution.ExecutableInvoker$ReflectiveInterceptorCall.lambda$ofVoidMethod$0(ExecutableInvoker.java:115)
	at org.junit.jupiter.engine.execution.ExecutableInvoker$ReflectiveInterceptorCall$$Lambda$112/1725017993.apply(Unknown Source)
	at org.junit.jupiter.engine.execution.ExecutableInvoker.lambda$invoke$0(ExecutableInvoker.java:105)
	at org.junit.jupiter.engine.execution.ExecutableInvoker$$Lambda$234/64133603.apply(Unknown Source)
	at org.junit.jupiter.engine.execution.InvocationInterceptorChain$InterceptedInvocation.proceed(InvocationInterceptorChain.java:106)
	at org.junit.jupiter.engine.execution.InvocationInterceptorChain.proceed(InvocationInterceptorChain.java:64)
	at org.junit.jupiter.engine.execution.InvocationInterceptorChain.chainAndInvoke(InvocationInterceptorChain.java:45)
	at org.junit.jupiter.engine.execution.InvocationInterceptorChain.invoke(InvocationInterceptorChain.java:37)
	at org.junit.jupiter.engine.execution.ExecutableInvoker.invoke(ExecutableInvoker.java:104)
	at org.junit.jupiter.engine.execution.ExecutableInvoker.invoke(ExecutableInvoker.java:98)
	at org.junit.jupiter.engine.descriptor.TestMethodTestDescriptor.lambda$invokeTestMethod$6(TestMethodTestDescriptor.java:212)
	at org.junit.jupiter.engine.descriptor.TestMethodTestDescriptor$$Lambda$271/224100622.execute(Unknown Source)
	at org.junit.platform.engine.support.hierarchical.ThrowableCollector.execute(ThrowableCollector.java:73)
	at org.junit.jupiter.engine.descriptor.TestMethodTestDescriptor.invokeTestMethod(TestMethodTestDescriptor.java:208)
	at org.junit.jupiter.engine.descriptor.TestMethodTestDescriptor.execute(TestMethodTestDescriptor.java:137)
	at org.junit.jupiter.engine.descriptor.TestMethodTestDescriptor.execute(TestMethodTestDescriptor.java:71)
	at org.junit.platform.engine.support.hierarchical.NodeTestTask.lambda$executeRecursively$5(NodeTestTask.java:135)
	at org.junit.platform.engine.support.hierarchical.NodeTestTask$$Lambda$179/195615004.execute(Unknown Source)
	at org.junit.platform.engine.support.hierarchical.ThrowableCollector.execute(ThrowableCollector.java:73)
	at org.junit.platform.engine.support.hierarchical.NodeTestTask.lambda$executeRecursively$7(NodeTestTask.java:125)
	at org.junit.platform.engine.support.hierarchical.NodeTestTask$$Lambda$178/1890627974.invoke(Unknown Source)
	at org.junit.platform.engine.support.hierarchical.Node.around(Node.java:135)
	at org.junit.platform.engine.support.hierarchical.NodeTestTask.lambda$executeRecursively$8(NodeTestTask.java:123)
	at org.junit.platform.engine.support.hierarchical.NodeTestTask$$Lambda$177/231977479.execute(Unknown Source)
	at org.junit.platform.engine.support.hierarchical.ThrowableCollector.execute(ThrowableCollector.java:73)
	at org.junit.platform.engine.support.hierarchical.NodeTestTask.executeRecursively(NodeTestTask.java:122)
	at org.junit.platform.engine.support.hierarchical.NodeTestTask.execute(NodeTestTask.java:80)
	at org.junit.platform.engine.support.hierarchical.SameThreadHierarchicalTestExecutorService$$Lambda$183/1381713434.accept(Unknown Source)
	at java.util.ArrayList.forEach(ArrayList.java:1249)
	at org.junit.platform.engine.support.hierarchical.SameThreadHierarchicalTestExecutorService.invokeAll(SameThreadHierarchicalTestExecutorService.java:38)
	at org.junit.platform.engine.support.hierarchical.NodeTestTask.lambda$executeRecursively$5(NodeTestTask.java:139)
	at org.junit.platform.engine.support.hierarchical.NodeTestTask$$Lambda$179/195615004.execute(Unknown Source)
	at org.junit.platform.engine.support.hierarchical.ThrowableCollector.execute(ThrowableCollector.java:73)
	at org.junit.platform.engine.support.hierarchical.NodeTestTask.lambda$executeRecursively$7(NodeTestTask.java:125)
	at org.junit.platform.engine.support.hierarchical.NodeTestTask$$Lambda$178/1890627974.invoke(Unknown Source)
	at org.junit.platform.engine.support.hierarchical.Node.around(Node.java:135)
	at org.junit.platform.engine.support.hierarchical.NodeTestTask.lambda$executeRecursively$8(NodeTestTask.java:123)
	at org.junit.platform.engine.support.hierarchical.NodeTestTask$$Lambda$177/231977479.execute(Unknown Source)
	at org.junit.platform.engine.support.hierarchical.ThrowableCollector.execute(ThrowableCollector.java:73)
	at org.junit.platform.engine.support.hierarchical.NodeTestTask.executeRecursively(NodeTestTask.java:122)
	at org.junit.platform.engine.support.hierarchical.NodeTestTask.execute(NodeTestTask.java:80)
	at org.junit.platform.engine.support.hierarchical.SameThreadHierarchicalTestExecutorService$$Lambda$183/1381713434.accept(Unknown Source)
	at java.util.ArrayList.forEach(ArrayList.java:1249)
	at org.junit.platform.engine.support.hierarchical.SameThreadHierarchicalTestExecutorService.invokeAll(SameThreadHierarchicalTestExecutorService.java:38)
	at org.junit.platform.engine.support.hierarchical.NodeTestTask.lambda$executeRecursively$5(NodeTestTask.java:139)
	at org.junit.platform.engine.support.hierarchical.NodeTestTask$$Lambda$179/195615004.execute(Unknown Source)
	at org.junit.platform.engine.support.hierarchical.ThrowableCollector.execute(ThrowableCollector.java:73)
	at org.junit.platform.engine.support.hierarchical.NodeTestTask.lambda$executeRecursively$7(NodeTestTask.java:125)
	at org.junit.platform.engine.support.hierarchical.NodeTestTask$$Lambda$178/1890627974.invoke(Unknown Source)
	at org.junit.platform.engine.support.hierarchical.Node.around(Node.java:135)
	at org.junit.platform.engine.support.hierarchical.NodeTestTask.lambda$executeRecursively$8(NodeTestTask.java:123)
	at org.junit.platform.engine.support.hierarchical.NodeTestTask$$Lambda$177/231977479.execute(Unknown Source)
	at org.junit.platform.engine.support.hierarchical.ThrowableCollector.execute(ThrowableCollector.java:73)
	at org.junit.platform.engine.support.hierarchical.NodeTestTask.executeRecursively(NodeTestTask.java:122)
	at org.junit.platform.engine.support.hierarchical.NodeTestTask.execute(NodeTestTask.java:80)
	at org.junit.platform.engine.support.hierarchical.SameThreadHierarchicalTestExecutorService.submit(SameThreadHierarchicalTestExecutorService.java:32)
	at org.junit.platform.engine.support.hierarchical.HierarchicalTestExecutor.execute(HierarchicalTestExecutor.java:57)
	at org.junit.platform.engine.support.hierarchical.HierarchicalTestEngine.execute(HierarchicalTestEngine.java:51)
	at org.junit.platform.launcher.core.DefaultLauncher.execute(DefaultLauncher.java:248)
	at org.junit.platform.launcher.core.DefaultLauncher.lambda$execute$5(DefaultLauncher.java:211)
	at org.junit.platform.launcher.core.DefaultLauncher$$Lambda$143/233996206.accept(Unknown Source)
	at org.junit.platform.launcher.core.DefaultLauncher.withInterceptedStreams(DefaultLauncher.java:226)
	at org.junit.platform.launcher.core.DefaultLauncher.execute(DefaultLauncher.java:199)
	at org.junit.platform.launcher.core.DefaultLauncher.execute(DefaultLauncher.java:132)
	at org.apache.maven.surefire.junitplatform.JUnitPlatformProvider.invokeAllTests(JUnitPlatformProvider.java:142)
	at org.apache.maven.surefire.junitplatform.JUnitPlatformProvider.invoke(JUnitPlatformProvider.java:113)
	at org.apache.maven.surefire.booter.ForkedBooter.invokeProviderInSameClassLoader(ForkedBooter.java:384)
	at org.apache.maven.surefire.booter.ForkedBooter.runSuitesInProcess(ForkedBooter.java:345)
	at org.apache.maven.surefire.booter.ForkedBooter.execute(ForkedBooter.java:126)
	at org.apache.maven.surefire.booter.ForkedBooter.main(ForkedBooter.java:418)
2021-11-08 11:13:13,886 [myid:] - INFO  [main:FourLetterWordMain@94] - connecting to 127.0.0.1 30092
2021-11-08 11:13:13,886 [myid:1] - WARN  [nioEventLoopGroup-37-5:NettyServerCnxnFactory$CnxnChannelHandler@231] - Zookeeper server is not running, close the connection before starting the TLS handshake
2021-11-08 11:13:13,897 [myid:] - INFO  [main:ClientBase@267] - server 127.0.0.1:30092 not up
java.net.SocketException: Software caused connection abort: recv failed
	at java.net.SocketInputStream.socketRead0(Native Method)
	at java.net.SocketInputStream.read(SocketInputStream.java:150)
	at java.net.SocketInputStream.read(SocketInputStream.java:121)
	at sun.nio.cs.StreamDecoder.readBytes(StreamDecoder.java:284)
	at sun.nio.cs.StreamDecoder.implRead(StreamDecoder.java:326)
	at sun.nio.cs.StreamDecoder.read(StreamDecoder.java:178)
	at java.io.InputStreamReader.read(InputStreamReader.java:184)
	at java.io.BufferedReader.fill(BufferedReader.java:161)
	at java.io.BufferedReader.readLine(BufferedReader.java:324)
	at java.io.BufferedReader.readLine(BufferedReader.java:389)
	at org.apache.zookeeper.client.FourLetterWordMain.send4LetterWord(FourLetterWordMain.java:129)
	at org.apache.zookeeper.client.FourLetterWordMain.send4LetterWord(FourLetterWordMain.java:74)
	at org.apache.zookeeper.test.ClientBase.waitForServerUp(ClientBase.java:258)
	at org.apache.zookeeper.test.ClientBase.waitForServerUp(ClientBase.java:249)
	at org.apache.zookeeper.server.quorum.QuorumSSLTest.stopAppendConfigRestartAll(QuorumSSLTest.java:548)
	at org.apache.zookeeper.server.quorum.QuorumSSLTest.testRollingUpgrade(QuorumSSLTest.java:529)
	at sun.reflect.NativeMethodAccessorImpl.invoke0(Native Method)
	at sun.reflect.NativeMethodAccessorImpl.invoke(NativeMethodAccessorImpl.java:62)
	at sun.reflect.DelegatingMethodAccessorImpl.invoke(DelegatingMethodAccessorImpl.java:43)
	at java.lang.reflect.Method.invoke(Method.java:483)
	at org.junit.platform.commons.util.ReflectionUtils.invokeMethod(ReflectionUtils.java:686)
	at org.junit.jupiter.engine.execution.MethodInvocation.proceed(MethodInvocation.java:60)
	at org.junit.jupiter.engine.execution.InvocationInterceptorChain$ValidatingInvocation.proceed(InvocationInterceptorChain.java:131)
	at org.junit.jupiter.engine.extension.TimeoutInvocation.proceed(TimeoutInvocation.java:46)
	at org.junit.jupiter.engine.extension.TimeoutExtension.intercept(TimeoutExtension.java:149)
	at org.junit.jupiter.engine.extension.TimeoutExtension.interceptTestableMethod(TimeoutExtension.java:140)
	at org.junit.jupiter.engine.extension.TimeoutExtension.interceptTestMethod(TimeoutExtension.java:84)
	at org.junit.jupiter.engine.descriptor.TestMethodTestDescriptor$$Lambda$111/1780132728.apply(Unknown Source)
	at org.junit.jupiter.engine.execution.ExecutableInvoker$ReflectiveInterceptorCall.lambda$ofVoidMethod$0(ExecutableInvoker.java:115)
	at org.junit.jupiter.engine.execution.ExecutableInvoker$ReflectiveInterceptorCall$$Lambda$112/1725017993.apply(Unknown Source)
	at org.junit.jupiter.engine.execution.ExecutableInvoker.lambda$invoke$0(ExecutableInvoker.java:105)
	at org.junit.jupiter.engine.execution.ExecutableInvoker$$Lambda$234/64133603.apply(Unknown Source)
	at org.junit.jupiter.engine.execution.InvocationInterceptorChain$InterceptedInvocation.proceed(InvocationInterceptorChain.java:106)
	at org.junit.jupiter.engine.execution.InvocationInterceptorChain.proceed(InvocationInterceptorChain.java:64)
	at org.junit.jupiter.engine.execution.InvocationInterceptorChain.chainAndInvoke(InvocationInterceptorChain.java:45)
	at org.junit.jupiter.engine.execution.InvocationInterceptorChain.invoke(InvocationInterceptorChain.java:37)
	at org.junit.jupiter.engine.execution.ExecutableInvoker.invoke(ExecutableInvoker.java:104)
	at org.junit.jupiter.engine.execution.ExecutableInvoker.invoke(ExecutableInvoker.java:98)
	at org.junit.jupiter.engine.descriptor.TestMethodTestDescriptor.lambda$invokeTestMethod$6(TestMethodTestDescriptor.java:212)
	at org.junit.jupiter.engine.descriptor.TestMethodTestDescriptor$$Lambda$271/224100622.execute(Unknown Source)
	at org.junit.platform.engine.support.hierarchical.ThrowableCollector.execute(ThrowableCollector.java:73)
	at org.junit.jupiter.engine.descriptor.TestMethodTestDescriptor.invokeTestMethod(TestMethodTestDescriptor.java:208)
	at org.junit.jupiter.engine.descriptor.TestMethodTestDescriptor.execute(TestMethodTestDescriptor.java:137)
	at org.junit.jupiter.engine.descriptor.TestMethodTestDescriptor.execute(TestMethodTestDescriptor.java:71)
	at org.junit.platform.engine.support.hierarchical.NodeTestTask.lambda$executeRecursively$5(NodeTestTask.java:135)
	at org.junit.platform.engine.support.hierarchical.NodeTestTask$$Lambda$179/195615004.execute(Unknown Source)
	at org.junit.platform.engine.support.hierarchical.ThrowableCollector.execute(ThrowableCollector.java:73)
	at org.junit.platform.engine.support.hierarchical.NodeTestTask.lambda$executeRecursively$7(NodeTestTask.java:125)
	at org.junit.platform.engine.support.hierarchical.NodeTestTask$$Lambda$178/1890627974.invoke(Unknown Source)
	at org.junit.platform.engine.support.hierarchical.Node.around(Node.java:135)
	at org.junit.platform.engine.support.hierarchical.NodeTestTask.lambda$executeRecursively$8(NodeTestTask.java:123)
	at org.junit.platform.engine.support.hierarchical.NodeTestTask$$Lambda$177/231977479.execute(Unknown Source)
	at org.junit.platform.engine.support.hierarchical.ThrowableCollector.execute(ThrowableCollector.java:73)
	at org.junit.platform.engine.support.hierarchical.NodeTestTask.executeRecursively(NodeTestTask.java:122)
	at org.junit.platform.engine.support.hierarchical.NodeTestTask.execute(NodeTestTask.java:80)
	at org.junit.platform.engine.support.hierarchical.SameThreadHierarchicalTestExecutorService$$Lambda$183/1381713434.accept(Unknown Source)
	at java.util.ArrayList.forEach(ArrayList.java:1249)
	at org.junit.platform.engine.support.hierarchical.SameThreadHierarchicalTestExecutorService.invokeAll(SameThreadHierarchicalTestExecutorService.java:38)
	at org.junit.platform.engine.support.hierarchical.NodeTestTask.lambda$executeRecursively$5(NodeTestTask.java:139)
	at org.junit.platform.engine.support.hierarchical.NodeTestTask$$Lambda$179/195615004.execute(Unknown Source)
	at org.junit.platform.engine.support.hierarchical.ThrowableCollector.execute(ThrowableCollector.java:73)
	at org.junit.platform.engine.support.hierarchical.NodeTestTask.lambda$executeRecursively$7(NodeTestTask.java:125)
	at org.junit.platform.engine.support.hierarchical.NodeTestTask$$Lambda$178/1890627974.invoke(Unknown Source)
	at org.junit.platform.engine.support.hierarchical.Node.around(Node.java:135)
	at org.junit.platform.engine.support.hierarchical.NodeTestTask.lambda$executeRecursively$8(NodeTestTask.java:123)
	at org.junit.platform.engine.support.hierarchical.NodeTestTask$$Lambda$177/231977479.execute(Unknown Source)
	at org.junit.platform.engine.support.hierarchical.ThrowableCollector.execute(ThrowableCollector.java:73)
	at org.junit.platform.engine.support.hierarchical.NodeTestTask.executeRecursively(NodeTestTask.java:122)
	at org.junit.platform.engine.support.hierarchical.NodeTestTask.execute(NodeTestTask.java:80)
	at org.junit.platform.engine.support.hierarchical.SameThreadHierarchicalTestExecutorService$$Lambda$183/1381713434.accept(Unknown Source)
	at java.util.ArrayList.forEach(ArrayList.java:1249)
	at org.junit.platform.engine.support.hierarchical.SameThreadHierarchicalTestExecutorService.invokeAll(SameThreadHierarchicalTestExecutorService.java:38)
	at org.junit.platform.engine.support.hierarchical.NodeTestTask.lambda$executeRecursively$5(NodeTestTask.java:139)
	at org.junit.platform.engine.support.hierarchical.NodeTestTask$$Lambda$179/195615004.execute(Unknown Source)
	at org.junit.platform.engine.support.hierarchical.ThrowableCollector.execute(ThrowableCollector.java:73)
	at org.junit.platform.engine.support.hierarchical.NodeTestTask.lambda$executeRecursively$7(NodeTestTask.java:125)
	at org.junit.platform.engine.support.hierarchical.NodeTestTask$$Lambda$178/1890627974.invoke(Unknown Source)
	at org.junit.platform.engine.support.hierarchical.Node.around(Node.java:135)
	at org.junit.platform.engine.support.hierarchical.NodeTestTask.lambda$executeRecursively$8(NodeTestTask.java:123)
	at org.junit.platform.engine.support.hierarchical.NodeTestTask$$Lambda$177/231977479.execute(Unknown Source)
	at org.junit.platform.engine.support.hierarchical.ThrowableCollector.execute(ThrowableCollector.java:73)
	at org.junit.platform.engine.support.hierarchical.NodeTestTask.executeRecursively(NodeTestTask.java:122)
	at org.junit.platform.engine.support.hierarchical.NodeTestTask.execute(NodeTestTask.java:80)
	at org.junit.platform.engine.support.hierarchical.SameThreadHierarchicalTestExecutorService.submit(SameThreadHierarchicalTestExecutorService.java:32)
	at org.junit.platform.engine.support.hierarchical.HierarchicalTestExecutor.execute(HierarchicalTestExecutor.java:57)
	at org.junit.platform.engine.support.hierarchical.HierarchicalTestEngine.execute(HierarchicalTestEngine.java:51)
	at org.junit.platform.launcher.core.DefaultLauncher.execute(DefaultLauncher.java:248)
	at org.junit.platform.launcher.core.DefaultLauncher.lambda$execute$5(DefaultLauncher.java:211)
	at org.junit.platform.launcher.core.DefaultLauncher$$Lambda$143/233996206.accept(Unknown Source)
	at org.junit.platform.launcher.core.DefaultLauncher.withInterceptedStreams(DefaultLauncher.java:226)
	at org.junit.platform.launcher.core.DefaultLauncher.execute(DefaultLauncher.java:199)
	at org.junit.platform.launcher.core.DefaultLauncher.execute(DefaultLauncher.java:132)
	at org.apache.maven.surefire.junitplatform.JUnitPlatformProvider.invokeAllTests(JUnitPlatformProvider.java:142)
	at org.apache.maven.surefire.junitplatform.JUnitPlatformProvider.invoke(JUnitPlatformProvider.java:113)
	at org.apache.maven.surefire.booter.ForkedBooter.invokeProviderInSameClassLoader(ForkedBooter.java:384)
	at org.apache.maven.surefire.booter.ForkedBooter.runSuitesInProcess(ForkedBooter.java:345)
	at org.apache.maven.surefire.booter.ForkedBooter.execute(ForkedBooter.java:126)
	at org.apache.maven.surefire.booter.ForkedBooter.main(ForkedBooter.java:418)
2021-11-08 11:13:14,148 [myid:] - INFO  [main:FourLetterWordMain@94] - connecting to 127.0.0.1 30092
2021-11-08 11:13:14,148 [myid:1] - WARN  [nioEventLoopGroup-37-6:NettyServerCnxnFactory$CnxnChannelHandler@231] - Zookeeper server is not running, close the connection before starting the TLS handshake
2021-11-08 11:13:14,162 [myid:] - INFO  [main:ClientBase@267] - server 127.0.0.1:30092 not up
java.net.SocketException: Software caused connection abort: recv failed
	at java.net.SocketInputStream.socketRead0(Native Method)
	at java.net.SocketInputStream.read(SocketInputStream.java:150)
	at java.net.SocketInputStream.read(SocketInputStream.java:121)
	at sun.nio.cs.StreamDecoder.readBytes(StreamDecoder.java:284)
	at sun.nio.cs.StreamDecoder.implRead(StreamDecoder.java:326)
	at sun.nio.cs.StreamDecoder.read(StreamDecoder.java:178)
	at java.io.InputStreamReader.read(InputStreamReader.java:184)
	at java.io.BufferedReader.fill(BufferedReader.java:161)
	at java.io.BufferedReader.readLine(BufferedReader.java:324)
	at java.io.BufferedReader.readLine(BufferedReader.java:389)
	at org.apache.zookeeper.client.FourLetterWordMain.send4LetterWord(FourLetterWordMain.java:129)
	at org.apache.zookeeper.client.FourLetterWordMain.send4LetterWord(FourLetterWordMain.java:74)
	at org.apache.zookeeper.test.ClientBase.waitForServerUp(ClientBase.java:258)
	at org.apache.zookeeper.test.ClientBase.waitForServerUp(ClientBase.java:249)
	at org.apache.zookeeper.server.quorum.QuorumSSLTest.stopAppendConfigRestartAll(QuorumSSLTest.java:548)
	at org.apache.zookeeper.server.quorum.QuorumSSLTest.testRollingUpgrade(QuorumSSLTest.java:529)
	at sun.reflect.NativeMethodAccessorImpl.invoke0(Native Method)
	at sun.reflect.NativeMethodAccessorImpl.invoke(NativeMethodAccessorImpl.java:62)
	at sun.reflect.DelegatingMethodAccessorImpl.invoke(DelegatingMethodAccessorImpl.java:43)
	at java.lang.reflect.Method.invoke(Method.java:483)
	at org.junit.platform.commons.util.ReflectionUtils.invokeMethod(ReflectionUtils.java:686)
	at org.junit.jupiter.engine.execution.MethodInvocation.proceed(MethodInvocation.java:60)
	at org.junit.jupiter.engine.execution.InvocationInterceptorChain$ValidatingInvocation.proceed(InvocationInterceptorChain.java:131)
	at org.junit.jupiter.engine.extension.TimeoutInvocation.proceed(TimeoutInvocation.java:46)
	at org.junit.jupiter.engine.extension.TimeoutExtension.intercept(TimeoutExtension.java:149)
	at org.junit.jupiter.engine.extension.TimeoutExtension.interceptTestableMethod(TimeoutExtension.java:140)
	at org.junit.jupiter.engine.extension.TimeoutExtension.interceptTestMethod(TimeoutExtension.java:84)
	at org.junit.jupiter.engine.descriptor.TestMethodTestDescriptor$$Lambda$111/1780132728.apply(Unknown Source)
	at org.junit.jupiter.engine.execution.ExecutableInvoker$ReflectiveInterceptorCall.lambda$ofVoidMethod$0(ExecutableInvoker.java:115)
	at org.junit.jupiter.engine.execution.ExecutableInvoker$ReflectiveInterceptorCall$$Lambda$112/1725017993.apply(Unknown Source)
	at org.junit.jupiter.engine.execution.ExecutableInvoker.lambda$invoke$0(ExecutableInvoker.java:105)
	at org.junit.jupiter.engine.execution.ExecutableInvoker$$Lambda$234/64133603.apply(Unknown Source)
	at org.junit.jupiter.engine.execution.InvocationInterceptorChain$InterceptedInvocation.proceed(InvocationInterceptorChain.java:106)
	at org.junit.jupiter.engine.execution.InvocationInterceptorChain.proceed(InvocationInterceptorChain.java:64)
	at org.junit.jupiter.engine.execution.InvocationInterceptorChain.chainAndInvoke(InvocationInterceptorChain.java:45)
	at org.junit.jupiter.engine.execution.InvocationInterceptorChain.invoke(InvocationInterceptorChain.java:37)
	at org.junit.jupiter.engine.execution.ExecutableInvoker.invoke(ExecutableInvoker.java:104)
	at org.junit.jupiter.engine.execution.ExecutableInvoker.invoke(ExecutableInvoker.java:98)
	at org.junit.jupiter.engine.descriptor.TestMethodTestDescriptor.lambda$invokeTestMethod$6(TestMethodTestDescriptor.java:212)
	at org.junit.jupiter.engine.descriptor.TestMethodTestDescriptor$$Lambda$271/224100622.execute(Unknown Source)
	at org.junit.platform.engine.support.hierarchical.ThrowableCollector.execute(ThrowableCollector.java:73)
	at org.junit.jupiter.engine.descriptor.TestMethodTestDescriptor.invokeTestMethod(TestMethodTestDescriptor.java:208)
	at org.junit.jupiter.engine.descriptor.TestMethodTestDescriptor.execute(TestMethodTestDescriptor.java:137)
	at org.junit.jupiter.engine.descriptor.TestMethodTestDescriptor.execute(TestMethodTestDescriptor.java:71)
	at org.junit.platform.engine.support.hierarchical.NodeTestTask.lambda$executeRecursively$5(NodeTestTask.java:135)
	at org.junit.platform.engine.support.hierarchical.NodeTestTask$$Lambda$179/195615004.execute(Unknown Source)
	at org.junit.platform.engine.support.hierarchical.ThrowableCollector.execute(ThrowableCollector.java:73)
	at org.junit.platform.engine.support.hierarchical.NodeTestTask.lambda$executeRecursively$7(NodeTestTask.java:125)
	at org.junit.platform.engine.support.hierarchical.NodeTestTask$$Lambda$178/1890627974.invoke(Unknown Source)
	at org.junit.platform.engine.support.hierarchical.Node.around(Node.java:135)
	at org.junit.platform.engine.support.hierarchical.NodeTestTask.lambda$executeRecursively$8(NodeTestTask.java:123)
	at org.junit.platform.engine.support.hierarchical.NodeTestTask$$Lambda$177/231977479.execute(Unknown Source)
	at org.junit.platform.engine.support.hierarchical.ThrowableCollector.execute(ThrowableCollector.java:73)
	at org.junit.platform.engine.support.hierarchical.NodeTestTask.executeRecursively(NodeTestTask.java:122)
	at org.junit.platform.engine.support.hierarchical.NodeTestTask.execute(NodeTestTask.java:80)
	at org.junit.platform.engine.support.hierarchical.SameThreadHierarchicalTestExecutorService$$Lambda$183/1381713434.accept(Unknown Source)
	at java.util.ArrayList.forEach(ArrayList.java:1249)
	at org.junit.platform.engine.support.hierarchical.SameThreadHierarchicalTestExecutorService.invokeAll(SameThreadHierarchicalTestExecutorService.java:38)
	at org.junit.platform.engine.support.hierarchical.NodeTestTask.lambda$executeRecursively$5(NodeTestTask.java:139)
	at org.junit.platform.engine.support.hierarchical.NodeTestTask$$Lambda$179/195615004.execute(Unknown Source)
	at org.junit.platform.engine.support.hierarchical.ThrowableCollector.execute(ThrowableCollector.java:73)
	at org.junit.platform.engine.support.hierarchical.NodeTestTask.lambda$executeRecursively$7(NodeTestTask.java:125)
	at org.junit.platform.engine.support.hierarchical.NodeTestTask$$Lambda$178/1890627974.invoke(Unknown Source)
	at org.junit.platform.engine.support.hierarchical.Node.around(Node.java:135)
	at org.junit.platform.engine.support.hierarchical.NodeTestTask.lambda$executeRecursively$8(NodeTestTask.java:123)
	at org.junit.platform.engine.support.hierarchical.NodeTestTask$$Lambda$177/231977479.execute(Unknown Source)
	at org.junit.platform.engine.support.hierarchical.ThrowableCollector.execute(ThrowableCollector.java:73)
	at org.junit.platform.engine.support.hierarchical.NodeTestTask.executeRecursively(NodeTestTask.java:122)
	at org.junit.platform.engine.support.hierarchical.NodeTestTask.execute(NodeTestTask.java:80)
	at org.junit.platform.engine.support.hierarchical.SameThreadHierarchicalTestExecutorService$$Lambda$183/1381713434.accept(Unknown Source)
	at java.util.ArrayList.forEach(ArrayList.java:1249)
	at org.junit.platform.engine.support.hierarchical.SameThreadHierarchicalTestExecutorService.invokeAll(SameThreadHierarchicalTestExecutorService.java:38)
	at org.junit.platform.engine.support.hierarchical.NodeTestTask.lambda$executeRecursively$5(NodeTestTask.java:139)
	at org.junit.platform.engine.support.hierarchical.NodeTestTask$$Lambda$179/195615004.execute(Unknown Source)
	at org.junit.platform.engine.support.hierarchical.ThrowableCollector.execute(ThrowableCollector.java:73)
	at org.junit.platform.engine.support.hierarchical.NodeTestTask.lambda$executeRecursively$7(NodeTestTask.java:125)
	at org.junit.platform.engine.support.hierarchical.NodeTestTask$$Lambda$178/1890627974.invoke(Unknown Source)
	at org.junit.platform.engine.support.hierarchical.Node.around(Node.java:135)
	at org.junit.platform.engine.support.hierarchical.NodeTestTask.lambda$executeRecursively$8(NodeTestTask.java:123)
	at org.junit.platform.engine.support.hierarchical.NodeTestTask$$Lambda$177/231977479.execute(Unknown Source)
	at org.junit.platform.engine.support.hierarchical.ThrowableCollector.execute(ThrowableCollector.java:73)
	at org.junit.platform.engine.support.hierarchical.NodeTestTask.executeRecursively(NodeTestTask.java:122)
	at org.junit.platform.engine.support.hierarchical.NodeTestTask.execute(NodeTestTask.java:80)
	at org.junit.platform.engine.support.hierarchical.SameThreadHierarchicalTestExecutorService.submit(SameThreadHierarchicalTestExecutorService.java:32)
	at org.junit.platform.engine.support.hierarchical.HierarchicalTestExecutor.execute(HierarchicalTestExecutor.java:57)
	at org.junit.platform.engine.support.hierarchical.HierarchicalTestEngine.execute(HierarchicalTestEngine.java:51)
	at org.junit.platform.launcher.core.DefaultLauncher.execute(DefaultLauncher.java:248)
	at org.junit.platform.launcher.core.DefaultLauncher.lambda$execute$5(DefaultLauncher.java:211)
	at org.junit.platform.launcher.core.DefaultLauncher$$Lambda$143/233996206.accept(Unknown Source)
	at org.junit.platform.launcher.core.DefaultLauncher.withInterceptedStreams(DefaultLauncher.java:226)
	at org.junit.platform.launcher.core.DefaultLauncher.execute(DefaultLauncher.java:199)
	at org.junit.platform.launcher.core.DefaultLauncher.execute(DefaultLauncher.java:132)
	at org.apache.maven.surefire.junitplatform.JUnitPlatformProvider.invokeAllTests(JUnitPlatformProvider.java:142)
	at org.apache.maven.surefire.junitplatform.JUnitPlatformProvider.invoke(JUnitPlatformProvider.java:113)
	at org.apache.maven.surefire.booter.ForkedBooter.invokeProviderInSameClassLoader(ForkedBooter.java:384)
	at org.apache.maven.surefire.booter.ForkedBooter.runSuitesInProcess(ForkedBooter.java:345)
	at org.apache.maven.surefire.booter.ForkedBooter.execute(ForkedBooter.java:126)
	at org.apache.maven.surefire.booter.ForkedBooter.main(ForkedBooter.java:418)
2021-11-08 11:13:14,416 [myid:] - INFO  [main:FourLetterWordMain@94] - connecting to 127.0.0.1 30092
2021-11-08 11:13:14,416 [myid:1] - WARN  [nioEventLoopGroup-37-7:NettyServerCnxnFactory$CnxnChannelHandler@231] - Zookeeper server is not running, close the connection before starting the TLS handshake
2021-11-08 11:13:14,668 [myid:] - INFO  [main:FourLetterWordMain@94] - connecting to 127.0.0.1 30092
2021-11-08 11:13:14,668 [myid:1] - WARN  [nioEventLoopGroup-37-8:NettyServerCnxnFactory$CnxnChannelHandler@231] - Zookeeper server is not running, close the connection before starting the TLS handshake
2021-11-08 11:13:14,919 [myid:] - INFO  [main:FourLetterWordMain@94] - connecting to 127.0.0.1 30092
2021-11-08 11:13:14,919 [myid:1] - WARN  [nioEventLoopGroup-37-9:NettyServerCnxnFactory$CnxnChannelHandler@231] - Zookeeper server is not running, close the connection before starting the TLS handshake
2021-11-08 11:13:15,170 [myid:] - INFO  [main:FourLetterWordMain@94] - connecting to 127.0.0.1 30092
2021-11-08 11:13:15,171 [myid:1] - WARN  [nioEventLoopGroup-37-10:NettyServerCnxnFactory$CnxnChannelHandler@231] - Zookeeper server is not running, close the connection before starting the TLS handshake
2021-11-08 11:13:15,422 [myid:] - INFO  [main:FourLetterWordMain@94] - connecting to 127.0.0.1 30092
2021-11-08 11:13:15,422 [myid:1] - WARN  [nioEventLoopGroup-37-11:NettyServerCnxnFactory$CnxnChannelHandler@231] - Zookeeper server is not running, close the connection before starting the TLS handshake
2021-11-08 11:13:15,673 [myid:] - INFO  [main:FourLetterWordMain@94] - connecting to 127.0.0.1 30092
2021-11-08 11:13:15,674 [myid:1] - WARN  [nioEventLoopGroup-37-12:NettyServerCnxnFactory$CnxnChannelHandler@231] - Zookeeper server is not running, close the connection before starting the TLS handshake
2021-11-08 11:13:15,924 [myid:] - INFO  [main:FourLetterWordMain@94] - connecting to 127.0.0.1 30092
2021-11-08 11:13:15,925 [myid:1] - WARN  [nioEventLoopGroup-37-1:NettyServerCnxnFactory$CnxnChannelHandler@231] - Zookeeper server is not running, close the connection before starting the TLS handshake
2021-11-08 11:13:16,175 [myid:] - INFO  [main:FourLetterWordMain@94] - connecting to 127.0.0.1 30092
2021-11-08 11:13:16,175 [myid:1] - WARN  [nioEventLoopGroup-37-2:NettyServerCnxnFactory$CnxnChannelHandler@231] - Zookeeper server is not running, close the connection before starting the TLS handshake
2021-11-08 11:13:16,425 [myid:] - INFO  [main:FourLetterWordMain@94] - connecting to 127.0.0.1 30092
2021-11-08 11:13:16,425 [myid:1] - WARN  [nioEventLoopGroup-37-3:NettyServerCnxnFactory$CnxnChannelHandler@231] - Zookeeper server is not running, close the connection before starting the TLS handshake
2021-11-08 11:13:16,659 [myid:1] - INFO  [QuorumPeer[myid=1](plain=[0:0:0:0:0:0:0:0]:30092)(secure=disabled):FastLeaderElection@984] - Notification time out: 25600
2021-11-08 11:13:16,677 [myid:] - INFO  [main:FourLetterWordMain@94] - connecting to 127.0.0.1 30092
2021-11-08 11:13:16,677 [myid:1] - WARN  [nioEventLoopGroup-37-4:NettyServerCnxnFactory$CnxnChannelHandler@231] - Zookeeper server is not running, close the connection before starting the TLS handshake
2021-11-08 11:13:16,682 [myid:] - INFO  [main:ClientBase@267] - server 127.0.0.1:30092 not up
java.net.SocketException: Software caused connection abort: recv failed
	at java.net.SocketInputStream.socketRead0(Native Method)
	at java.net.SocketInputStream.read(SocketInputStream.java:150)
	at java.net.SocketInputStream.read(SocketInputStream.java:121)
	at sun.nio.cs.StreamDecoder.readBytes(StreamDecoder.java:284)
	at sun.nio.cs.StreamDecoder.implRead(StreamDecoder.java:326)
	at sun.nio.cs.StreamDecoder.read(StreamDecoder.java:178)
	at java.io.InputStreamReader.read(InputStreamReader.java:184)
	at java.io.BufferedReader.fill(BufferedReader.java:161)
	at java.io.BufferedReader.readLine(BufferedReader.java:324)
	at java.io.BufferedReader.readLine(BufferedReader.java:389)
	at org.apache.zookeeper.client.FourLetterWordMain.send4LetterWord(FourLetterWordMain.java:129)
	at org.apache.zookeeper.client.FourLetterWordMain.send4LetterWord(FourLetterWordMain.java:74)
	at org.apache.zookeeper.test.ClientBase.waitForServerUp(ClientBase.java:258)
	at org.apache.zookeeper.test.ClientBase.waitForServerUp(ClientBase.java:249)
	at org.apache.zookeeper.server.quorum.QuorumSSLTest.stopAppendConfigRestartAll(QuorumSSLTest.java:548)
	at org.apache.zookeeper.server.quorum.QuorumSSLTest.testRollingUpgrade(QuorumSSLTest.java:529)
	at sun.reflect.NativeMethodAccessorImpl.invoke0(Native Method)
	at sun.reflect.NativeMethodAccessorImpl.invoke(NativeMethodAccessorImpl.java:62)
	at sun.reflect.DelegatingMethodAccessorImpl.invoke(DelegatingMethodAccessorImpl.java:43)
	at java.lang.reflect.Method.invoke(Method.java:483)
	at org.junit.platform.commons.util.ReflectionUtils.invokeMethod(ReflectionUtils.java:686)
	at org.junit.jupiter.engine.execution.MethodInvocation.proceed(MethodInvocation.java:60)
	at org.junit.jupiter.engine.execution.InvocationInterceptorChain$ValidatingInvocation.proceed(InvocationInterceptorChain.java:131)
	at org.junit.jupiter.engine.extension.TimeoutInvocation.proceed(TimeoutInvocation.java:46)
	at org.junit.jupiter.engine.extension.TimeoutExtension.intercept(TimeoutExtension.java:149)
	at org.junit.jupiter.engine.extension.TimeoutExtension.interceptTestableMethod(TimeoutExtension.java:140)
	at org.junit.jupiter.engine.extension.TimeoutExtension.interceptTestMethod(TimeoutExtension.java:84)
	at org.junit.jupiter.engine.descriptor.TestMethodTestDescriptor$$Lambda$111/1780132728.apply(Unknown Source)
	at org.junit.jupiter.engine.execution.ExecutableInvoker$ReflectiveInterceptorCall.lambda$ofVoidMethod$0(ExecutableInvoker.java:115)
	at org.junit.jupiter.engine.execution.ExecutableInvoker$ReflectiveInterceptorCall$$Lambda$112/1725017993.apply(Unknown Source)
	at org.junit.jupiter.engine.execution.ExecutableInvoker.lambda$invoke$0(ExecutableInvoker.java:105)
	at org.junit.jupiter.engine.execution.ExecutableInvoker$$Lambda$234/64133603.apply(Unknown Source)
	at org.junit.jupiter.engine.execution.InvocationInterceptorChain$InterceptedInvocation.proceed(InvocationInterceptorChain.java:106)
	at org.junit.jupiter.engine.execution.InvocationInterceptorChain.proceed(InvocationInterceptorChain.java:64)
	at org.junit.jupiter.engine.execution.InvocationInterceptorChain.chainAndInvoke(InvocationInterceptorChain.java:45)
	at org.junit.jupiter.engine.execution.InvocationInterceptorChain.invoke(InvocationInterceptorChain.java:37)
	at org.junit.jupiter.engine.execution.ExecutableInvoker.invoke(ExecutableInvoker.java:104)
	at org.junit.jupiter.engine.execution.ExecutableInvoker.invoke(ExecutableInvoker.java:98)
	at org.junit.jupiter.engine.descriptor.TestMethodTestDescriptor.lambda$invokeTestMethod$6(TestMethodTestDescriptor.java:212)
	at org.junit.jupiter.engine.descriptor.TestMethodTestDescriptor$$Lambda$271/224100622.execute(Unknown Source)
	at org.junit.platform.engine.support.hierarchical.ThrowableCollector.execute(ThrowableCollector.java:73)
	at org.junit.jupiter.engine.descriptor.TestMethodTestDescriptor.invokeTestMethod(TestMethodTestDescriptor.java:208)
	at org.junit.jupiter.engine.descriptor.TestMethodTestDescriptor.execute(TestMethodTestDescriptor.java:137)
	at org.junit.jupiter.engine.descriptor.TestMethodTestDescriptor.execute(TestMethodTestDescriptor.java:71)
	at org.junit.platform.engine.support.hierarchical.NodeTestTask.lambda$executeRecursively$5(NodeTestTask.java:135)
	at org.junit.platform.engine.support.hierarchical.NodeTestTask$$Lambda$179/195615004.execute(Unknown Source)
	at org.junit.platform.engine.support.hierarchical.ThrowableCollector.execute(ThrowableCollector.java:73)
	at org.junit.platform.engine.support.hierarchical.NodeTestTask.lambda$executeRecursively$7(NodeTestTask.java:125)
	at org.junit.platform.engine.support.hierarchical.NodeTestTask$$Lambda$178/1890627974.invoke(Unknown Source)
	at org.junit.platform.engine.support.hierarchical.Node.around(Node.java:135)
	at org.junit.platform.engine.support.hierarchical.NodeTestTask.lambda$executeRecursively$8(NodeTestTask.java:123)
	at org.junit.platform.engine.support.hierarchical.NodeTestTask$$Lambda$177/231977479.execute(Unknown Source)
	at org.junit.platform.engine.support.hierarchical.ThrowableCollector.execute(ThrowableCollector.java:73)
	at org.junit.platform.engine.support.hierarchical.NodeTestTask.executeRecursively(NodeTestTask.java:122)
	at org.junit.platform.engine.support.hierarchical.NodeTestTask.execute(NodeTestTask.java:80)
	at org.junit.platform.engine.support.hierarchical.SameThreadHierarchicalTestExecutorService$$Lambda$183/1381713434.accept(Unknown Source)
	at java.util.ArrayList.forEach(ArrayList.java:1249)
	at org.junit.platform.engine.support.hierarchical.SameThreadHierarchicalTestExecutorService.invokeAll(SameThreadHierarchicalTestExecutorService.java:38)
	at org.junit.platform.engine.support.hierarchical.NodeTestTask.lambda$executeRecursively$5(NodeTestTask.java:139)
	at org.junit.platform.engine.support.hierarchical.NodeTestTask$$Lambda$179/195615004.execute(Unknown Source)
	at org.junit.platform.engine.support.hierarchical.ThrowableCollector.execute(ThrowableCollector.java:73)
	at org.junit.platform.engine.support.hierarchical.NodeTestTask.lambda$executeRecursively$7(NodeTestTask.java:125)
	at org.junit.platform.engine.support.hierarchical.NodeTestTask$$Lambda$178/1890627974.invoke(Unknown Source)
	at org.junit.platform.engine.support.hierarchical.Node.around(Node.java:135)
	at org.junit.platform.engine.support.hierarchical.NodeTestTask.lambda$executeRecursively$8(NodeTestTask.java:123)
	at org.junit.platform.engine.support.hierarchical.NodeTestTask$$Lambda$177/231977479.execute(Unknown Source)
	at org.junit.platform.engine.support.hierarchical.ThrowableCollector.execute(ThrowableCollector.java:73)
	at org.junit.platform.engine.support.hierarchical.NodeTestTask.executeRecursively(NodeTestTask.java:122)
	at org.junit.platform.engine.support.hierarchical.NodeTestTask.execute(NodeTestTask.java:80)
	at org.junit.platform.engine.support.hierarchical.SameThreadHierarchicalTestExecutorService$$Lambda$183/1381713434.accept(Unknown Source)
	at java.util.ArrayList.forEach(ArrayList.java:1249)
	at org.junit.platform.engine.support.hierarchical.SameThreadHierarchicalTestExecutorService.invokeAll(SameThreadHierarchicalTestExecutorService.java:38)
	at org.junit.platform.engine.support.hierarchical.NodeTestTask.lambda$executeRecursively$5(NodeTestTask.java:139)
	at org.junit.platform.engine.support.hierarchical.NodeTestTask$$Lambda$179/195615004.execute(Unknown Source)
	at org.junit.platform.engine.support.hierarchical.ThrowableCollector.execute(ThrowableCollector.java:73)
	at org.junit.platform.engine.support.hierarchical.NodeTestTask.lambda$executeRecursively$7(NodeTestTask.java:125)
	at org.junit.platform.engine.support.hierarchical.NodeTestTask$$Lambda$178/1890627974.invoke(Unknown Source)
	at org.junit.platform.engine.support.hierarchical.Node.around(Node.java:135)
	at org.junit.platform.engine.support.hierarchical.NodeTestTask.lambda$executeRecursively$8(NodeTestTask.java:123)
	at org.junit.platform.engine.support.hierarchical.NodeTestTask$$Lambda$177/231977479.execute(Unknown Source)
	at org.junit.platform.engine.support.hierarchical.ThrowableCollector.execute(ThrowableCollector.java:73)
	at org.junit.platform.engine.support.hierarchical.NodeTestTask.executeRecursively(NodeTestTask.java:122)
	at org.junit.platform.engine.support.hierarchical.NodeTestTask.execute(NodeTestTask.java:80)
	at org.junit.platform.engine.support.hierarchical.SameThreadHierarchicalTestExecutorService.submit(SameThreadHierarchicalTestExecutorService.java:32)
	at org.junit.platform.engine.support.hierarchical.HierarchicalTestExecutor.execute(HierarchicalTestExecutor.java:57)
	at org.junit.platform.engine.support.hierarchical.HierarchicalTestEngine.execute(HierarchicalTestEngine.java:51)
	at org.junit.platform.launcher.core.DefaultLauncher.execute(DefaultLauncher.java:248)
	at org.junit.platform.launcher.core.DefaultLauncher.lambda$execute$5(DefaultLauncher.java:211)
	at org.junit.platform.launcher.core.DefaultLauncher$$Lambda$143/233996206.accept(Unknown Source)
	at org.junit.platform.launcher.core.DefaultLauncher.withInterceptedStreams(DefaultLauncher.java:226)
	at org.junit.platform.launcher.core.DefaultLauncher.execute(DefaultLauncher.java:199)
	at org.junit.platform.launcher.core.DefaultLauncher.execute(DefaultLauncher.java:132)
	at org.apache.maven.surefire.junitplatform.JUnitPlatformProvider.invokeAllTests(JUnitPlatformProvider.java:142)
	at org.apache.maven.surefire.junitplatform.JUnitPlatformProvider.invoke(JUnitPlatformProvider.java:113)
	at org.apache.maven.surefire.booter.ForkedBooter.invokeProviderInSameClassLoader(ForkedBooter.java:384)
	at org.apache.maven.surefire.booter.ForkedBooter.runSuitesInProcess(ForkedBooter.java:345)
	at org.apache.maven.surefire.booter.ForkedBooter.execute(ForkedBooter.java:126)
	at org.apache.maven.surefire.booter.ForkedBooter.main(ForkedBooter.java:418)
2021-11-08 11:13:16,934 [myid:] - INFO  [main:FourLetterWordMain@94] - connecting to 127.0.0.1 30092
2021-11-08 11:13:16,935 [myid:1] - WARN  [nioEventLoopGroup-37-5:NettyServerCnxnFactory$CnxnChannelHandler@231] - Zookeeper server is not running, close the connection before starting the TLS handshake
2021-11-08 11:13:17,185 [myid:] - INFO  [main:FourLetterWordMain@94] - connecting to 127.0.0.1 30092
2021-11-08 11:13:17,185 [myid:1] - WARN  [nioEventLoopGroup-37-6:NettyServerCnxnFactory$CnxnChannelHandler@231] - Zookeeper server is not running, close the connection before starting the TLS handshake
2021-11-08 11:13:17,437 [myid:] - INFO  [main:FourLetterWordMain@94] - connecting to 127.0.0.1 30092
2021-11-08 11:13:17,437 [myid:1] - WARN  [nioEventLoopGroup-37-7:NettyServerCnxnFactory$CnxnChannelHandler@231] - Zookeeper server is not running, close the connection before starting the TLS handshake
2021-11-08 11:13:17,687 [myid:] - INFO  [main:FourLetterWordMain@94] - connecting to 127.0.0.1 30092
2021-11-08 11:13:17,687 [myid:1] - WARN  [nioEventLoopGroup-37-8:NettyServerCnxnFactory$CnxnChannelHandler@231] - Zookeeper server is not running, close the connection before starting the TLS handshake
2021-11-08 11:13:17,712 [myid:] - INFO  [main:ClientBase@267] - server 127.0.0.1:30092 not up
java.net.SocketException: Software caused connection abort: recv failed
	at java.net.SocketInputStream.socketRead0(Native Method)
	at java.net.SocketInputStream.read(SocketInputStream.java:150)
	at java.net.SocketInputStream.read(SocketInputStream.java:121)
	at sun.nio.cs.StreamDecoder.readBytes(StreamDecoder.java:284)
	at sun.nio.cs.StreamDecoder.implRead(StreamDecoder.java:326)
	at sun.nio.cs.StreamDecoder.read(StreamDecoder.java:178)
	at java.io.InputStreamReader.read(InputStreamReader.java:184)
	at java.io.BufferedReader.fill(BufferedReader.java:161)
	at java.io.BufferedReader.readLine(BufferedReader.java:324)
	at java.io.BufferedReader.readLine(BufferedReader.java:389)
	at org.apache.zookeeper.client.FourLetterWordMain.send4LetterWord(FourLetterWordMain.java:129)
	at org.apache.zookeeper.client.FourLetterWordMain.send4LetterWord(FourLetterWordMain.java:74)
	at org.apache.zookeeper.test.ClientBase.waitForServerUp(ClientBase.java:258)
	at org.apache.zookeeper.test.ClientBase.waitForServerUp(ClientBase.java:249)
	at org.apache.zookeeper.server.quorum.QuorumSSLTest.stopAppendConfigRestartAll(QuorumSSLTest.java:548)
	at org.apache.zookeeper.server.quorum.QuorumSSLTest.testRollingUpgrade(QuorumSSLTest.java:529)
	at sun.reflect.NativeMethodAccessorImpl.invoke0(Native Method)
	at sun.reflect.NativeMethodAccessorImpl.invoke(NativeMethodAccessorImpl.java:62)
	at sun.reflect.DelegatingMethodAccessorImpl.invoke(DelegatingMethodAccessorImpl.java:43)
	at java.lang.reflect.Method.invoke(Method.java:483)
	at org.junit.platform.commons.util.ReflectionUtils.invokeMethod(ReflectionUtils.java:686)
	at org.junit.jupiter.engine.execution.MethodInvocation.proceed(MethodInvocation.java:60)
	at org.junit.jupiter.engine.execution.InvocationInterceptorChain$ValidatingInvocation.proceed(InvocationInterceptorChain.java:131)
	at org.junit.jupiter.engine.extension.TimeoutInvocation.proceed(TimeoutInvocation.java:46)
	at org.junit.jupiter.engine.extension.TimeoutExtension.intercept(TimeoutExtension.java:149)
	at org.junit.jupiter.engine.extension.TimeoutExtension.interceptTestableMethod(TimeoutExtension.java:140)
	at org.junit.jupiter.engine.extension.TimeoutExtension.interceptTestMethod(TimeoutExtension.java:84)
	at org.junit.jupiter.engine.descriptor.TestMethodTestDescriptor$$Lambda$111/1780132728.apply(Unknown Source)
	at org.junit.jupiter.engine.execution.ExecutableInvoker$ReflectiveInterceptorCall.lambda$ofVoidMethod$0(ExecutableInvoker.java:115)
	at org.junit.jupiter.engine.execution.ExecutableInvoker$ReflectiveInterceptorCall$$Lambda$112/1725017993.apply(Unknown Source)
	at org.junit.jupiter.engine.execution.ExecutableInvoker.lambda$invoke$0(ExecutableInvoker.java:105)
	at org.junit.jupiter.engine.execution.ExecutableInvoker$$Lambda$234/64133603.apply(Unknown Source)
	at org.junit.jupiter.engine.execution.InvocationInterceptorChain$InterceptedInvocation.proceed(InvocationInterceptorChain.java:106)
	at org.junit.jupiter.engine.execution.InvocationInterceptorChain.proceed(InvocationInterceptorChain.java:64)
	at org.junit.jupiter.engine.execution.InvocationInterceptorChain.chainAndInvoke(InvocationInterceptorChain.java:45)
	at org.junit.jupiter.engine.execution.InvocationInterceptorChain.invoke(InvocationInterceptorChain.java:37)
	at org.junit.jupiter.engine.execution.ExecutableInvoker.invoke(ExecutableInvoker.java:104)
	at org.junit.jupiter.engine.execution.ExecutableInvoker.invoke(ExecutableInvoker.java:98)
	at org.junit.jupiter.engine.descriptor.TestMethodTestDescriptor.lambda$invokeTestMethod$6(TestMethodTestDescriptor.java:212)
	at org.junit.jupiter.engine.descriptor.TestMethodTestDescriptor$$Lambda$271/224100622.execute(Unknown Source)
	at org.junit.platform.engine.support.hierarchical.ThrowableCollector.execute(ThrowableCollector.java:73)
	at org.junit.jupiter.engine.descriptor.TestMethodTestDescriptor.invokeTestMethod(TestMethodTestDescriptor.java:208)
	at org.junit.jupiter.engine.descriptor.TestMethodTestDescriptor.execute(TestMethodTestDescriptor.java:137)
	at org.junit.jupiter.engine.descriptor.TestMethodTestDescriptor.execute(TestMethodTestDescriptor.java:71)
	at org.junit.platform.engine.support.hierarchical.NodeTestTask.lambda$executeRecursively$5(NodeTestTask.java:135)
	at org.junit.platform.engine.support.hierarchical.NodeTestTask$$Lambda$179/195615004.execute(Unknown Source)
	at org.junit.platform.engine.support.hierarchical.ThrowableCollector.execute(ThrowableCollector.java:73)
	at org.junit.platform.engine.support.hierarchical.NodeTestTask.lambda$executeRecursively$7(NodeTestTask.java:125)
	at org.junit.platform.engine.support.hierarchical.NodeTestTask$$Lambda$178/1890627974.invoke(Unknown Source)
	at org.junit.platform.engine.support.hierarchical.Node.around(Node.java:135)
	at org.junit.platform.engine.support.hierarchical.NodeTestTask.lambda$executeRecursively$8(NodeTestTask.java:123)
	at org.junit.platform.engine.support.hierarchical.NodeTestTask$$Lambda$177/231977479.execute(Unknown Source)
	at org.junit.platform.engine.support.hierarchical.ThrowableCollector.execute(ThrowableCollector.java:73)
	at org.junit.platform.engine.support.hierarchical.NodeTestTask.executeRecursively(NodeTestTask.java:122)
	at org.junit.platform.engine.support.hierarchical.NodeTestTask.execute(NodeTestTask.java:80)
	at org.junit.platform.engine.support.hierarchical.SameThreadHierarchicalTestExecutorService$$Lambda$183/1381713434.accept(Unknown Source)
	at java.util.ArrayList.forEach(ArrayList.java:1249)
	at org.junit.platform.engine.support.hierarchical.SameThreadHierarchicalTestExecutorService.invokeAll(SameThreadHierarchicalTestExecutorService.java:38)
	at org.junit.platform.engine.support.hierarchical.NodeTestTask.lambda$executeRecursively$5(NodeTestTask.java:139)
	at org.junit.platform.engine.support.hierarchical.NodeTestTask$$Lambda$179/195615004.execute(Unknown Source)
	at org.junit.platform.engine.support.hierarchical.ThrowableCollector.execute(ThrowableCollector.java:73)
	at org.junit.platform.engine.support.hierarchical.NodeTestTask.lambda$executeRecursively$7(NodeTestTask.java:125)
	at org.junit.platform.engine.support.hierarchical.NodeTestTask$$Lambda$178/1890627974.invoke(Unknown Source)
	at org.junit.platform.engine.support.hierarchical.Node.around(Node.java:135)
	at org.junit.platform.engine.support.hierarchical.NodeTestTask.lambda$executeRecursively$8(NodeTestTask.java:123)
	at org.junit.platform.engine.support.hierarchical.NodeTestTask$$Lambda$177/231977479.execute(Unknown Source)
	at org.junit.platform.engine.support.hierarchical.ThrowableCollector.execute(ThrowableCollector.java:73)
	at org.junit.platform.engine.support.hierarchical.NodeTestTask.executeRecursively(NodeTestTask.java:122)
	at org.junit.platform.engine.support.hierarchical.NodeTestTask.execute(NodeTestTask.java:80)
	at org.junit.platform.engine.support.hierarchical.SameThreadHierarchicalTestExecutorService$$Lambda$183/1381713434.accept(Unknown Source)
	at java.util.ArrayList.forEach(ArrayList.java:1249)
	at org.junit.platform.engine.support.hierarchical.SameThreadHierarchicalTestExecutorService.invokeAll(SameThreadHierarchicalTestExecutorService.java:38)
	at org.junit.platform.engine.support.hierarchical.NodeTestTask.lambda$executeRecursively$5(NodeTestTask.java:139)
	at org.junit.platform.engine.support.hierarchical.NodeTestTask$$Lambda$179/195615004.execute(Unknown Source)
	at org.junit.platform.engine.support.hierarchical.ThrowableCollector.execute(ThrowableCollector.java:73)
	at org.junit.platform.engine.support.hierarchical.NodeTestTask.lambda$executeRecursively$7(NodeTestTask.java:125)
	at org.junit.platform.engine.support.hierarchical.NodeTestTask$$Lambda$178/1890627974.invoke(Unknown Source)
	at org.junit.platform.engine.support.hierarchical.Node.around(Node.java:135)
	at org.junit.platform.engine.support.hierarchical.NodeTestTask.lambda$executeRecursively$8(NodeTestTask.java:123)
	at org.junit.platform.engine.support.hierarchical.NodeTestTask$$Lambda$177/231977479.execute(Unknown Source)
	at org.junit.platform.engine.support.hierarchical.ThrowableCollector.execute(ThrowableCollector.java:73)
	at org.junit.platform.engine.support.hierarchical.NodeTestTask.executeRecursively(NodeTestTask.java:122)
	at org.junit.platform.engine.support.hierarchical.NodeTestTask.execute(NodeTestTask.java:80)
	at org.junit.platform.engine.support.hierarchical.SameThreadHierarchicalTestExecutorService.submit(SameThreadHierarchicalTestExecutorService.java:32)
	at org.junit.platform.engine.support.hierarchical.HierarchicalTestExecutor.execute(HierarchicalTestExecutor.java:57)
	at org.junit.platform.engine.support.hierarchical.HierarchicalTestEngine.execute(HierarchicalTestEngine.java:51)
	at org.junit.platform.launcher.core.DefaultLauncher.execute(DefaultLauncher.java:248)
	at org.junit.platform.launcher.core.DefaultLauncher.lambda$execute$5(DefaultLauncher.java:211)
	at org.junit.platform.launcher.core.DefaultLauncher$$Lambda$143/233996206.accept(Unknown Source)
	at org.junit.platform.launcher.core.DefaultLauncher.withInterceptedStreams(DefaultLauncher.java:226)
	at org.junit.platform.launcher.core.DefaultLauncher.execute(DefaultLauncher.java:199)
	at org.junit.platform.launcher.core.DefaultLauncher.execute(DefaultLauncher.java:132)
	at org.apache.maven.surefire.junitplatform.JUnitPlatformProvider.invokeAllTests(JUnitPlatformProvider.java:142)
	at org.apache.maven.surefire.junitplatform.JUnitPlatformProvider.invoke(JUnitPlatformProvider.java:113)
	at org.apache.maven.surefire.booter.ForkedBooter.invokeProviderInSameClassLoader(ForkedBooter.java:384)
	at org.apache.maven.surefire.booter.ForkedBooter.runSuitesInProcess(ForkedBooter.java:345)
	at org.apache.maven.surefire.booter.ForkedBooter.execute(ForkedBooter.java:126)
	at org.apache.maven.surefire.booter.ForkedBooter.main(ForkedBooter.java:418)
2021-11-08 11:13:17,967 [myid:] - INFO  [main:FourLetterWordMain@94] - connecting to 127.0.0.1 30092
2021-11-08 11:13:17,968 [myid:1] - WARN  [nioEventLoopGroup-37-9:NettyServerCnxnFactory$CnxnChannelHandler@231] - Zookeeper server is not running, close the connection before starting the TLS handshake
2021-11-08 11:13:18,219 [myid:] - INFO  [main:FourLetterWordMain@94] - connecting to 127.0.0.1 30092
2021-11-08 11:13:18,222 [myid:1] - WARN  [nioEventLoopGroup-37-10:NettyServerCnxnFactory$CnxnChannelHandler@231] - Zookeeper server is not running, close the connection before starting the TLS handshake
2021-11-08 11:13:18,485 [myid:] - INFO  [main:FourLetterWordMain@94] - connecting to 127.0.0.1 30092
2021-11-08 11:13:18,485 [myid:1] - WARN  [nioEventLoopGroup-37-11:NettyServerCnxnFactory$CnxnChannelHandler@231] - Zookeeper server is not running, close the connection before starting the TLS handshake
2021-11-08 11:13:18,750 [myid:] - INFO  [main:FourLetterWordMain@94] - connecting to 127.0.0.1 30092
2021-11-08 11:13:18,751 [myid:1] - WARN  [nioEventLoopGroup-37-12:NettyServerCnxnFactory$CnxnChannelHandler@231] - Zookeeper server is not running, close the connection before starting the TLS handshake
2021-11-08 11:13:19,001 [myid:] - INFO  [main:FourLetterWordMain@94] - connecting to 127.0.0.1 30092
2021-11-08 11:13:19,001 [myid:1] - WARN  [nioEventLoopGroup-37-1:NettyServerCnxnFactory$CnxnChannelHandler@231] - Zookeeper server is not running, close the connection before starting the TLS handshake
2021-11-08 11:13:19,268 [myid:] - INFO  [main:FourLetterWordMain@94] - connecting to 127.0.0.1 30092
2021-11-08 11:13:19,268 [myid:1] - WARN  [nioEventLoopGroup-37-2:NettyServerCnxnFactory$CnxnChannelHandler@231] - Zookeeper server is not running, close the connection before starting the TLS handshake
2021-11-08 11:13:19,283 [myid:] - INFO  [main:ClientBase@267] - server 127.0.0.1:30092 not up
java.net.SocketException: Software caused connection abort: recv failed
	at java.net.SocketInputStream.socketRead0(Native Method)
	at java.net.SocketInputStream.read(SocketInputStream.java:150)
	at java.net.SocketInputStream.read(SocketInputStream.java:121)
	at sun.nio.cs.StreamDecoder.readBytes(StreamDecoder.java:284)
	at sun.nio.cs.StreamDecoder.implRead(StreamDecoder.java:326)
	at sun.nio.cs.StreamDecoder.read(StreamDecoder.java:178)
	at java.io.InputStreamReader.read(InputStreamReader.java:184)
	at java.io.BufferedReader.fill(BufferedReader.java:161)
	at java.io.BufferedReader.readLine(BufferedReader.java:324)
	at java.io.BufferedReader.readLine(BufferedReader.java:389)
	at org.apache.zookeeper.client.FourLetterWordMain.send4LetterWord(FourLetterWordMain.java:129)
	at org.apache.zookeeper.client.FourLetterWordMain.send4LetterWord(FourLetterWordMain.java:74)
	at org.apache.zookeeper.test.ClientBase.waitForServerUp(ClientBase.java:258)
	at org.apache.zookeeper.test.ClientBase.waitForServerUp(ClientBase.java:249)
	at org.apache.zookeeper.server.quorum.QuorumSSLTest.stopAppendConfigRestartAll(QuorumSSLTest.java:548)
	at org.apache.zookeeper.server.quorum.QuorumSSLTest.testRollingUpgrade(QuorumSSLTest.java:529)
	at sun.reflect.NativeMethodAccessorImpl.invoke0(Native Method)
	at sun.reflect.NativeMethodAccessorImpl.invoke(NativeMethodAccessorImpl.java:62)
	at sun.reflect.DelegatingMethodAccessorImpl.invoke(DelegatingMethodAccessorImpl.java:43)
	at java.lang.reflect.Method.invoke(Method.java:483)
	at org.junit.platform.commons.util.ReflectionUtils.invokeMethod(ReflectionUtils.java:686)
	at org.junit.jupiter.engine.execution.MethodInvocation.proceed(MethodInvocation.java:60)
	at org.junit.jupiter.engine.execution.InvocationInterceptorChain$ValidatingInvocation.proceed(InvocationInterceptorChain.java:131)
	at org.junit.jupiter.engine.extension.TimeoutInvocation.proceed(TimeoutInvocation.java:46)
	at org.junit.jupiter.engine.extension.TimeoutExtension.intercept(TimeoutExtension.java:149)
	at org.junit.jupiter.engine.extension.TimeoutExtension.interceptTestableMethod(TimeoutExtension.java:140)
	at org.junit.jupiter.engine.extension.TimeoutExtension.interceptTestMethod(TimeoutExtension.java:84)
	at org.junit.jupiter.engine.descriptor.TestMethodTestDescriptor$$Lambda$111/1780132728.apply(Unknown Source)
	at org.junit.jupiter.engine.execution.ExecutableInvoker$ReflectiveInterceptorCall.lambda$ofVoidMethod$0(ExecutableInvoker.java:115)
	at org.junit.jupiter.engine.execution.ExecutableInvoker$ReflectiveInterceptorCall$$Lambda$112/1725017993.apply(Unknown Source)
	at org.junit.jupiter.engine.execution.ExecutableInvoker.lambda$invoke$0(ExecutableInvoker.java:105)
	at org.junit.jupiter.engine.execution.ExecutableInvoker$$Lambda$234/64133603.apply(Unknown Source)
	at org.junit.jupiter.engine.execution.InvocationInterceptorChain$InterceptedInvocation.proceed(InvocationInterceptorChain.java:106)
	at org.junit.jupiter.engine.execution.InvocationInterceptorChain.proceed(InvocationInterceptorChain.java:64)
	at org.junit.jupiter.engine.execution.InvocationInterceptorChain.chainAndInvoke(InvocationInterceptorChain.java:45)
	at org.junit.jupiter.engine.execution.InvocationInterceptorChain.invoke(InvocationInterceptorChain.java:37)
	at org.junit.jupiter.engine.execution.ExecutableInvoker.invoke(ExecutableInvoker.java:104)
	at org.junit.jupiter.engine.execution.ExecutableInvoker.invoke(ExecutableInvoker.java:98)
	at org.junit.jupiter.engine.descriptor.TestMethodTestDescriptor.lambda$invokeTestMethod$6(TestMethodTestDescriptor.java:212)
	at org.junit.jupiter.engine.descriptor.TestMethodTestDescriptor$$Lambda$271/224100622.execute(Unknown Source)
	at org.junit.platform.engine.support.hierarchical.ThrowableCollector.execute(ThrowableCollector.java:73)
	at org.junit.jupiter.engine.descriptor.TestMethodTestDescriptor.invokeTestMethod(TestMethodTestDescriptor.java:208)
	at org.junit.jupiter.engine.descriptor.TestMethodTestDescriptor.execute(TestMethodTestDescriptor.java:137)
	at org.junit.jupiter.engine.descriptor.TestMethodTestDescriptor.execute(TestMethodTestDescriptor.java:71)
	at org.junit.platform.engine.support.hierarchical.NodeTestTask.lambda$executeRecursively$5(NodeTestTask.java:135)
	at org.junit.platform.engine.support.hierarchical.NodeTestTask$$Lambda$179/195615004.execute(Unknown Source)
	at org.junit.platform.engine.support.hierarchical.ThrowableCollector.execute(ThrowableCollector.java:73)
	at org.junit.platform.engine.support.hierarchical.NodeTestTask.lambda$executeRecursively$7(NodeTestTask.java:125)
	at org.junit.platform.engine.support.hierarchical.NodeTestTask$$Lambda$178/1890627974.invoke(Unknown Source)
	at org.junit.platform.engine.support.hierarchical.Node.around(Node.java:135)
	at org.junit.platform.engine.support.hierarchical.NodeTestTask.lambda$executeRecursively$8(NodeTestTask.java:123)
	at org.junit.platform.engine.support.hierarchical.NodeTestTask$$Lambda$177/231977479.execute(Unknown Source)
	at org.junit.platform.engine.support.hierarchical.ThrowableCollector.execute(ThrowableCollector.java:73)
	at org.junit.platform.engine.support.hierarchical.NodeTestTask.executeRecursively(NodeTestTask.java:122)
	at org.junit.platform.engine.support.hierarchical.NodeTestTask.execute(NodeTestTask.java:80)
	at org.junit.platform.engine.support.hierarchical.SameThreadHierarchicalTestExecutorService$$Lambda$183/1381713434.accept(Unknown Source)
	at java.util.ArrayList.forEach(ArrayList.java:1249)
	at org.junit.platform.engine.support.hierarchical.SameThreadHierarchicalTestExecutorService.invokeAll(SameThreadHierarchicalTestExecutorService.java:38)
	at org.junit.platform.engine.support.hierarchical.NodeTestTask.lambda$executeRecursively$5(NodeTestTask.java:139)
	at org.junit.platform.engine.support.hierarchical.NodeTestTask$$Lambda$179/195615004.execute(Unknown Source)
	at org.junit.platform.engine.support.hierarchical.ThrowableCollector.execute(ThrowableCollector.java:73)
	at org.junit.platform.engine.support.hierarchical.NodeTestTask.lambda$executeRecursively$7(NodeTestTask.java:125)
	at org.junit.platform.engine.support.hierarchical.NodeTestTask$$Lambda$178/1890627974.invoke(Unknown Source)
	at org.junit.platform.engine.support.hierarchical.Node.around(Node.java:135)
	at org.junit.platform.engine.support.hierarchical.NodeTestTask.lambda$executeRecursively$8(NodeTestTask.java:123)
	at org.junit.platform.engine.support.hierarchical.NodeTestTask$$Lambda$177/231977479.execute(Unknown Source)
	at org.junit.platform.engine.support.hierarchical.ThrowableCollector.execute(ThrowableCollector.java:73)
	at org.junit.platform.engine.support.hierarchical.NodeTestTask.executeRecursively(NodeTestTask.java:122)
	at org.junit.platform.engine.support.hierarchical.NodeTestTask.execute(NodeTestTask.java:80)
	at org.junit.platform.engine.support.hierarchical.SameThreadHierarchicalTestExecutorService$$Lambda$183/1381713434.accept(Unknown Source)
	at java.util.ArrayList.forEach(ArrayList.java:1249)
	at org.junit.platform.engine.support.hierarchical.SameThreadHierarchicalTestExecutorService.invokeAll(SameThreadHierarchicalTestExecutorService.java:38)
	at org.junit.platform.engine.support.hierarchical.NodeTestTask.lambda$executeRecursively$5(NodeTestTask.java:139)
	at org.junit.platform.engine.support.hierarchical.NodeTestTask$$Lambda$179/195615004.execute(Unknown Source)
	at org.junit.platform.engine.support.hierarchical.ThrowableCollector.execute(ThrowableCollector.java:73)
	at org.junit.platform.engine.support.hierarchical.NodeTestTask.lambda$executeRecursively$7(NodeTestTask.java:125)
	at org.junit.platform.engine.support.hierarchical.NodeTestTask$$Lambda$178/1890627974.invoke(Unknown Source)
	at org.junit.platform.engine.support.hierarchical.Node.around(Node.java:135)
	at org.junit.platform.engine.support.hierarchical.NodeTestTask.lambda$executeRecursively$8(NodeTestTask.java:123)
	at org.junit.platform.engine.support.hierarchical.NodeTestTask$$Lambda$177/231977479.execute(Unknown Source)
	at org.junit.platform.engine.support.hierarchical.ThrowableCollector.execute(ThrowableCollector.java:73)
	at org.junit.platform.engine.support.hierarchical.NodeTestTask.executeRecursively(NodeTestTask.java:122)
	at org.junit.platform.engine.support.hierarchical.NodeTestTask.execute(NodeTestTask.java:80)
	at org.junit.platform.engine.support.hierarchical.SameThreadHierarchicalTestExecutorService.submit(SameThreadHierarchicalTestExecutorService.java:32)
	at org.junit.platform.engine.support.hierarchical.HierarchicalTestExecutor.execute(HierarchicalTestExecutor.java:57)
	at org.junit.platform.engine.support.hierarchical.HierarchicalTestEngine.execute(HierarchicalTestEngine.java:51)
	at org.junit.platform.launcher.core.DefaultLauncher.execute(DefaultLauncher.java:248)
	at org.junit.platform.launcher.core.DefaultLauncher.lambda$execute$5(DefaultLauncher.java:211)
	at org.junit.platform.launcher.core.DefaultLauncher$$Lambda$143/233996206.accept(Unknown Source)
	at org.junit.platform.launcher.core.DefaultLauncher.withInterceptedStreams(DefaultLauncher.java:226)
	at org.junit.platform.launcher.core.DefaultLauncher.execute(DefaultLauncher.java:199)
	at org.junit.platform.launcher.core.DefaultLauncher.execute(DefaultLauncher.java:132)
	at org.apache.maven.surefire.junitplatform.JUnitPlatformProvider.invokeAllTests(JUnitPlatformProvider.java:142)
	at org.apache.maven.surefire.junitplatform.JUnitPlatformProvider.invoke(JUnitPlatformProvider.java:113)
	at org.apache.maven.surefire.booter.ForkedBooter.invokeProviderInSameClassLoader(ForkedBooter.java:384)
	at org.apache.maven.surefire.booter.ForkedBooter.runSuitesInProcess(ForkedBooter.java:345)
	at org.apache.maven.surefire.booter.ForkedBooter.execute(ForkedBooter.java:126)
	at org.apache.maven.surefire.booter.ForkedBooter.main(ForkedBooter.java:418)
2021-11-08 11:13:19,546 [myid:] - INFO  [main:FourLetterWordMain@94] - connecting to 127.0.0.1 30092
2021-11-08 11:13:19,546 [myid:1] - WARN  [nioEventLoopGroup-37-3:NettyServerCnxnFactory$CnxnChannelHandler@231] - Zookeeper server is not running, close the connection before starting the TLS handshake
2021-11-08 11:13:19,800 [myid:] - INFO  [main:FourLetterWordMain@94] - connecting to 127.0.0.1 30092
2021-11-08 11:13:19,801 [myid:1] - WARN  [nioEventLoopGroup-37-4:NettyServerCnxnFactory$CnxnChannelHandler@231] - Zookeeper server is not running, close the connection before starting the TLS handshake
2021-11-08 11:13:20,060 [myid:] - INFO  [main:FourLetterWordMain@94] - connecting to 127.0.0.1 30092
2021-11-08 11:13:20,061 [myid:1] - WARN  [nioEventLoopGroup-37-5:NettyServerCnxnFactory$CnxnChannelHandler@231] - Zookeeper server is not running, close the connection before starting the TLS handshake
2021-11-08 11:13:20,312 [myid:] - INFO  [main:FourLetterWordMain@94] - connecting to 127.0.0.1 30092
2021-11-08 11:13:20,312 [myid:1] - WARN  [nioEventLoopGroup-37-6:NettyServerCnxnFactory$CnxnChannelHandler@231] - Zookeeper server is not running, close the connection before starting the TLS handshake
2021-11-08 11:13:20,578 [myid:] - INFO  [main:FourLetterWordMain@94] - connecting to 127.0.0.1 30092
2021-11-08 11:13:20,580 [myid:1] - WARN  [nioEventLoopGroup-37-7:NettyServerCnxnFactory$CnxnChannelHandler@231] - Zookeeper server is not running, close the connection before starting the TLS handshake
2021-11-08 11:13:20,839 [myid:] - INFO  [main:FourLetterWordMain@94] - connecting to 127.0.0.1 30092
2021-11-08 11:13:20,840 [myid:1] - WARN  [nioEventLoopGroup-37-8:NettyServerCnxnFactory$CnxnChannelHandler@231] - Zookeeper server is not running, close the connection before starting the TLS handshake
2021-11-08 11:13:20,840 [myid:] - INFO  [main:QuorumBase@422] - Shutting down quorum peer QuorumPeer[myid=1](plain=[0:0:0:0:0:0:0:0]:30092)(secure=disabled)
2021-11-08 11:13:20,841 [myid:] - INFO  [main:NettyServerCnxnFactory@647] - shutdown called /0:0:0:0:0:0:0:0:30092
2021-11-08 11:13:20,842 [myid:1] - INFO  [QuorumPeerListener:QuorumCnxManager$Listener@980] - Leaving listener
2021-11-08 11:13:20,842 [myid:] - INFO  [main:QuorumBase@426] - Shutting down leader election QuorumPeer[myid=1](plain=[0:0:0:0:0:0:0:0]:30092)(secure=disabled)
2021-11-08 11:13:20,842 [myid:] - INFO  [main:QuorumBase@431] - Waiting for QuorumPeer[myid=1](plain=[0:0:0:0:0:0:0:0]:30092)(secure=disabled) to exit thread
2021-11-08 11:13:20,842 [myid:1] - WARN  [QuorumPeer[myid=1](plain=[0:0:0:0:0:0:0:0]:30092)(secure=disabled):QuorumPeer@1486] - Unexpected exception
java.lang.InterruptedException
	at java.util.concurrent.locks.AbstractQueuedSynchronizer$ConditionObject.reportInterruptAfterWait(AbstractQueuedSynchronizer.java:2014)
	at java.util.concurrent.locks.AbstractQueuedSynchronizer$ConditionObject.awaitNanos(AbstractQueuedSynchronizer.java:2088)
	at java.util.concurrent.LinkedBlockingQueue.poll(LinkedBlockingQueue.java:467)
	at org.apache.zookeeper.server.quorum.FastLeaderElection.lookForLeader(FastLeaderElection.java:966)
	at org.apache.zookeeper.server.quorum.QuorumPeer.run(QuorumPeer.java:1484)
2021-11-08 11:13:20,843 [myid:1] - INFO  [QuorumPeer[myid=1](plain=[0:0:0:0:0:0:0:0]:30092)(secure=disabled):QuorumPeer@915] - Peer state changed: looking
2021-11-08 11:13:20,843 [myid:1] - WARN  [QuorumPeer[myid=1](plain=[0:0:0:0:0:0:0:0]:30092)(secure=disabled):QuorumPeer@1545] - QuorumPeer main thread exited
2021-11-08 11:13:20,843 [myid:] - INFO  [main:QuorumBase@422] - Shutting down quorum peer QuorumPeer[myid=2](plain=[0:0:0:0:0:0:0:0]:30093)(secure=disabled)
2021-11-08 11:13:20,844 [myid:] - INFO  [main:Leader@789] - Shutting down
2021-11-08 11:13:20,844 [myid:] - INFO  [main:Leader@795] - Shutdown called. For the reason quorum Peer shutdown
2021-11-08 11:13:20,844 [myid:] - INFO  [main:ZooKeeperServer@829] - shutting down
2021-11-08 11:13:20,844 [myid:2] - WARN  [LearnerCnxAcceptorHandler-/127.0.0.1:30096:Leader$LearnerCnxAcceptor$LearnerCnxAcceptorHandler@526] - Exception while shutting down acceptor.
java.net.SocketException: socket closed
	at java.net.DualStackPlainSocketImpl.accept0(Native Method)
	at java.net.DualStackPlainSocketImpl.socketAccept(DualStackPlainSocketImpl.java:131)
	at java.net.AbstractPlainSocketImpl.accept(AbstractPlainSocketImpl.java:404)
	at java.net.PlainSocketImpl.accept(PlainSocketImpl.java:199)
	at java.net.ServerSocket.implAccept(ServerSocket.java:545)
	at org.apache.zookeeper.server.quorum.UnifiedServerSocket.accept(UnifiedServerSocket.java:139)
	at org.apache.zookeeper.server.quorum.Leader$LearnerCnxAcceptor$LearnerCnxAcceptorHandler.acceptConnections(Leader.java:513)
	at org.apache.zookeeper.server.quorum.Leader$LearnerCnxAcceptor$LearnerCnxAcceptorHandler.run(Leader.java:496)
	at java.util.concurrent.Executors$RunnableAdapter.call(Executors.java:511)
	at java.util.concurrent.FutureTask.run(FutureTask.java:266)
	at java.util.concurrent.ThreadPoolExecutor.runWorker(ThreadPoolExecutor.java:1142)
	at java.util.concurrent.ThreadPoolExecutor$Worker.run(ThreadPoolExecutor.java:617)
	at java.lang.Thread.run(Thread.java:745)
2021-11-08 11:13:20,844 [myid:] - INFO  [main:RequestThrottler@258] - Shutting down
2021-11-08 11:13:20,845 [myid:2] - INFO  [RequestThrottler:RequestThrottler@219] - Draining request throttler queue
2021-11-08 11:13:20,845 [myid:2] - INFO  [RequestThrottler:RequestThrottler@195] - RequestThrottler shutdown. Dropped 0 requests
2021-11-08 11:13:20,845 [myid:] - INFO  [main:SessionTrackerImpl@252] - Shutting down
2021-11-08 11:13:20,845 [myid:] - INFO  [main:LeaderRequestProcessor@79] - Shutting down
2021-11-08 11:13:20,845 [myid:] - INFO  [main:PrepRequestProcessor@1066] - Shutting down
2021-11-08 11:13:20,846 [myid:] - INFO  [main:ProposalRequestProcessor@95] - Shutting down
2021-11-08 11:13:20,846 [myid:] - INFO  [main:CommitProcessor@632] - Shutting down
2021-11-08 11:13:20,846 [myid:] - INFO  [main:Leader$ToBeAppliedRequestProcessor@1103] - Shutting down
2021-11-08 11:13:20,846 [myid:] - INFO  [main:FinalRequestProcessor@684] - shutdown of request processor complete
2021-11-08 11:13:20,846 [myid:] - INFO  [main:SyncRequestProcessor@255] - Shutting down
2021-11-08 11:13:20,846 [myid:2] - INFO  [SyncThread:2:SyncRequestProcessor@224] - SyncRequestProcessor exited!
2021-11-08 11:13:20,846 [myid:2] - INFO  [ProcessThread(sid:2 cport:-1)::PrepRequestProcessor@161] - PrepRequestProcessor exited loop!
2021-11-08 11:13:20,846 [myid:2] - INFO  [CommitProcessor:2:CommitProcessor@420] - CommitProcessor exited loop!
2021-11-08 11:13:20,847 [myid:] - INFO  [main:LearnerHandler@1155] - Synchronously closing socket to learner 3.
2021-11-08 11:13:20,847 [myid:3] - WARN  [QuorumPeer[myid=3](plain=[0:0:0:0:0:0:0:0]:30094)(secure=disabled):Follower@133] - Exception when following the leader
java.io.EOFException
	at java.io.DataInputStream.readInt(DataInputStream.java:392)
	at org.apache.jute.BinaryInputArchive.readInt(BinaryInputArchive.java:96)
	at org.apache.zookeeper.server.quorum.QuorumPacket.deserialize(QuorumPacket.java:86)
	at org.apache.jute.BinaryInputArchive.readRecord(BinaryInputArchive.java:134)
	at org.apache.zookeeper.server.quorum.Learner.readPacket(Learner.java:225)
	at org.apache.zookeeper.server.quorum.Follower.followLeader(Follower.java:128)
	at org.apache.zookeeper.server.quorum.QuorumPeer.run(QuorumPeer.java:1515)
2021-11-08 11:13:20,848 [myid:] - INFO  [main:NettyServerCnxnFactory@647] - shutdown called /0:0:0:0:0:0:0:0:30093
2021-11-08 11:13:20,848 [myid:2] - ERROR [LearnerHandler-/127.0.0.1:10450:LearnerHandler@715] - Unexpected exception in LearnerHandler: 
java.net.SocketException: Socket Closed
	at java.net.SocketInputStream.socketRead0(Native Method)
	at java.net.SocketInputStream.read(SocketInputStream.java:150)
	at java.net.SocketInputStream.read(SocketInputStream.java:121)
	at java.io.FilterInputStream.read(FilterInputStream.java:133)
	at java.io.PushbackInputStream.read(PushbackInputStream.java:186)
	at org.apache.zookeeper.server.quorum.UnifiedServerSocket$UnifiedInputStream.read(UnifiedServerSocket.java:693)
	at java.io.BufferedInputStream.fill(BufferedInputStream.java:246)
	at java.io.BufferedInputStream.read(BufferedInputStream.java:265)
	at java.io.DataInputStream.readInt(DataInputStream.java:387)
	at org.apache.jute.BinaryInputArchive.readInt(BinaryInputArchive.java:96)
	at org.apache.zookeeper.server.quorum.QuorumPacket.deserialize(QuorumPacket.java:86)
	at org.apache.jute.BinaryInputArchive.readRecord(BinaryInputArchive.java:134)
	at org.apache.zookeeper.server.quorum.LearnerHandler.run(LearnerHandler.java:652)
2021-11-08 11:13:20,848 [myid:2] - WARN  [LearnerHandler-/127.0.0.1:10450:LearnerHandler@731] - ******* GOODBYE /127.0.0.1:10450 ********
2021-11-08 11:13:20,848 [myid:3] - INFO  [QuorumPeer[myid=3](plain=[0:0:0:0:0:0:0:0]:30094)(secure=disabled):Follower@147] - Disconnected from leader (with address: /127.0.0.1:30096). Was connected for 32257ms. Sync state: true
2021-11-08 11:13:20,849 [myid:2] - WARN  [LearnerHandler-/127.0.0.1:10450:LearnerHandler@1045] - Ignoring unexpected exception
java.lang.InterruptedException
	at java.util.concurrent.locks.AbstractQueuedSynchronizer.acquireInterruptibly(AbstractQueuedSynchronizer.java:1220)
	at java.util.concurrent.locks.ReentrantLock.lockInterruptibly(ReentrantLock.java:335)
	at java.util.concurrent.LinkedBlockingQueue.put(LinkedBlockingQueue.java:339)
	at org.apache.zookeeper.server.quorum.LearnerHandler.shutdown(LearnerHandler.java:1043)
	at org.apache.zookeeper.server.quorum.LearnerHandler.run(LearnerHandler.java:733)
2021-11-08 11:13:20,849 [myid:2] - INFO  [QuorumPeerListener:QuorumCnxManager$Listener@980] - Leaving listener
2021-11-08 11:13:20,849 [myid:3] - INFO  [QuorumPeer[myid=3](plain=[0:0:0:0:0:0:0:0]:30094)(secure=disabled):Follower@291] - shutdown Follower
2021-11-08 11:13:20,849 [myid:3] - INFO  [QuorumPeer[myid=3](plain=[0:0:0:0:0:0:0:0]:30094)(secure=disabled):ZooKeeperServer@829] - shutting down
2021-11-08 11:13:20,850 [myid:3] - INFO  [QuorumPeer[myid=3](plain=[0:0:0:0:0:0:0:0]:30094)(secure=disabled):RequestThrottler@258] - Shutting down
2021-11-08 11:13:20,850 [myid:3] - WARN  [RecvWorker:2:QuorumCnxManager$RecvWorker@1397] - Connection broken for id 2, my id = 3
java.io.EOFException
	at java.io.DataInputStream.readInt(DataInputStream.java:392)
	at org.apache.zookeeper.server.quorum.QuorumCnxManager$RecvWorker.run(QuorumCnxManager.java:1385)
2021-11-08 11:13:20,850 [myid:3] - WARN  [RecvWorker:2:QuorumCnxManager$RecvWorker@1403] - Interrupting SendWorker thread from RecvWorker. sid: 2. myId: 3
2021-11-08 11:13:20,849 [myid:2] - WARN  [QuorumPeer[myid=2](plain=[0:0:0:0:0:0:0:0]:30093)(secure=disabled):QuorumPeer@1533] - Unexpected exception
java.lang.InterruptedException
	at java.lang.Object.wait(Native Method)
	at org.apache.zookeeper.server.quorum.Leader.lead(Leader.java:727)
	at org.apache.zookeeper.server.quorum.QuorumPeer.run(QuorumPeer.java:1530)
2021-11-08 11:13:20,851 [myid:2] - INFO  [QuorumPeer[myid=2](plain=[0:0:0:0:0:0:0:0]:30093)(secure=disabled):Leader@789] - Shutting down
2021-11-08 11:13:20,851 [myid:2] - INFO  [QuorumPeer[myid=2](plain=[0:0:0:0:0:0:0:0]:30093)(secure=disabled):QuorumPeer@915] - Peer state changed: looking
2021-11-08 11:13:20,851 [myid:2] - WARN  [QuorumPeer[myid=2](plain=[0:0:0:0:0:0:0:0]:30093)(secure=disabled):QuorumPeer@1563] - PeerState set to LOOKING
2021-11-08 11:13:20,851 [myid:2] - WARN  [QuorumPeer[myid=2](plain=[0:0:0:0:0:0:0:0]:30093)(secure=disabled):QuorumPeer@1545] - QuorumPeer main thread exited
2021-11-08 11:13:20,852 [myid:2] - WARN  [RecvWorker:3:QuorumCnxManager$RecvWorker@1397] - Connection broken for id 3, my id = 2
java.net.SocketException: Socket closed
	at java.net.SocketInputStream.read(SocketInputStream.java:183)
	at java.net.SocketInputStream.read(SocketInputStream.java:121)
	at java.io.FilterInputStream.read(FilterInputStream.java:133)
	at java.io.PushbackInputStream.read(PushbackInputStream.java:186)
	at org.apache.zookeeper.server.quorum.UnifiedServerSocket$UnifiedInputStream.read(UnifiedServerSocket.java:693)
	at java.io.BufferedInputStream.fill(BufferedInputStream.java:246)
	at java.io.BufferedInputStream.read(BufferedInputStream.java:265)
	at java.io.DataInputStream.readInt(DataInputStream.java:387)
	at org.apache.zookeeper.server.quorum.QuorumCnxManager$RecvWorker.run(QuorumCnxManager.java:1385)
2021-11-08 11:13:20,852 [myid:2] - WARN  [RecvWorker:3:QuorumCnxManager$RecvWorker@1403] - Interrupting SendWorker thread from RecvWorker. sid: 3. myId: 2
2021-11-08 11:13:20,851 [myid:2] - WARN  [SendWorker:3:QuorumCnxManager$SendWorker@1283] - Interrupted while waiting for message on queue
java.lang.InterruptedException
	at java.util.concurrent.locks.AbstractQueuedSynchronizer$ConditionObject.reportInterruptAfterWait(AbstractQueuedSynchronizer.java:2014)
	at java.util.concurrent.locks.AbstractQueuedSynchronizer$ConditionObject.awaitNanos(AbstractQueuedSynchronizer.java:2088)
	at org.apache.zookeeper.util.CircularBlockingQueue.poll(CircularBlockingQueue.java:105)
	at org.apache.zookeeper.server.quorum.QuorumCnxManager.pollSendQueue(QuorumCnxManager.java:1448)
	at org.apache.zookeeper.server.quorum.QuorumCnxManager.access$900(QuorumCnxManager.java:99)
	at org.apache.zookeeper.server.quorum.QuorumCnxManager$SendWorker.run(QuorumCnxManager.java:1272)
2021-11-08 11:13:20,851 [myid:3] - INFO  [RequestThrottler:RequestThrottler@219] - Draining request throttler queue
2021-11-08 11:13:20,851 [myid:] - INFO  [main:QuorumBase@426] - Shutting down leader election QuorumPeer[myid=2](plain=[0:0:0:0:0:0:0:0]:30093)(secure=disabled)
2021-11-08 11:13:20,853 [myid:3] - INFO  [RequestThrottler:RequestThrottler@195] - RequestThrottler shutdown. Dropped 0 requests
2021-11-08 11:13:20,853 [myid:3] - INFO  [QuorumPeer[myid=3](plain=[0:0:0:0:0:0:0:0]:30094)(secure=disabled):FollowerRequestProcessor@172] - Shutting down
2021-11-08 11:13:20,853 [myid:3] - INFO  [QuorumPeer[myid=3](plain=[0:0:0:0:0:0:0:0]:30094)(secure=disabled):CommitProcessor@632] - Shutting down
2021-11-08 11:13:20,853 [myid:3] - INFO  [QuorumPeer[myid=3](plain=[0:0:0:0:0:0:0:0]:30094)(secure=disabled):FinalRequestProcessor@684] - shutdown of request processor complete
2021-11-08 11:13:20,853 [myid:3] - INFO  [FollowerRequestProcessor:3:FollowerRequestProcessor@128] - FollowerRequestProcessor exited loop!
2021-11-08 11:13:20,853 [myid:2] - WARN  [SendWorker:3:QuorumCnxManager$SendWorker@1295] - Send worker leaving thread id 3 my id = 2
2021-11-08 11:13:20,852 [myid:3] - WARN  [SendWorker:2:QuorumCnxManager$SendWorker@1283] - Interrupted while waiting for message on queue
java.lang.InterruptedException
	at java.util.concurrent.locks.AbstractQueuedSynchronizer$ConditionObject.reportInterruptAfterWait(AbstractQueuedSynchronizer.java:2014)
	at java.util.concurrent.locks.AbstractQueuedSynchronizer$ConditionObject.awaitNanos(AbstractQueuedSynchronizer.java:2088)
	at org.apache.zookeeper.util.CircularBlockingQueue.poll(CircularBlockingQueue.java:105)
	at org.apache.zookeeper.server.quorum.QuorumCnxManager.pollSendQueue(QuorumCnxManager.java:1448)
	at org.apache.zookeeper.server.quorum.QuorumCnxManager.access$900(QuorumCnxManager.java:99)
	at org.apache.zookeeper.server.quorum.QuorumCnxManager$SendWorker.run(QuorumCnxManager.java:1272)
2021-11-08 11:13:20,854 [myid:3] - INFO  [QuorumPeer[myid=3](plain=[0:0:0:0:0:0:0:0]:30094)(secure=disabled):QuorumPeer@915] - Peer state changed: looking
2021-11-08 11:13:20,854 [myid:3] - WARN  [QuorumPeer[myid=3](plain=[0:0:0:0:0:0:0:0]:30094)(secure=disabled):QuorumPeer@1563] - PeerState set to LOOKING
2021-11-08 11:13:20,854 [myid:3] - INFO  [QuorumPeer[myid=3](plain=[0:0:0:0:0:0:0:0]:30094)(secure=disabled):QuorumPeer@1430] - LOOKING
2021-11-08 11:13:20,854 [myid:3] - INFO  [QuorumPeer[myid=3](plain=[0:0:0:0:0:0:0:0]:30094)(secure=disabled):FastLeaderElection@947] - New election. My id = 3, proposed zxid=0x200000000
2021-11-08 11:13:20,854 [myid:3] - INFO  [CommitProcessor:3:CommitProcessor@420] - CommitProcessor exited loop!
2021-11-08 11:13:20,853 [myid:] - INFO  [main:QuorumBase@431] - Waiting for QuorumPeer[myid=2](plain=[0:0:0:0:0:0:0:0]:30093)(secure=disabled) to exit thread
2021-11-08 11:13:20,855 [myid:] - INFO  [main:QuorumBase@422] - Shutting down quorum peer QuorumPeer[myid=3](plain=[0:0:0:0:0:0:0:0]:30094)(secure=disabled)
2021-11-08 11:13:20,855 [myid:] - INFO  [main:NettyServerCnxnFactory@647] - shutdown called /0:0:0:0:0:0:0:0:30094
2021-11-08 11:13:20,854 [myid:3] - WARN  [SendWorker:2:QuorumCnxManager$SendWorker@1295] - Send worker leaving thread id 2 my id = 3
2021-11-08 11:13:20,857 [myid:3] - INFO  [QuorumPeerListener:QuorumCnxManager$Listener@980] - Leaving listener
2021-11-08 11:13:20,857 [myid:3] - INFO  [WorkerReceiver[myid=3]:FastLeaderElection$Messenger$WorkerReceiver@390] - Notification: my state:LOOKING; n.sid:3, n.state:LOOKING, n.leader:3, n.round:0x3, n.peerEpoch:0x2, n.zxid:0x200000000, message format version:0x2, n.config version:0x0
2021-11-08 11:13:20,857 [myid:3] - WARN  [QuorumPeer[myid=3](plain=[0:0:0:0:0:0:0:0]:30094)(secure=disabled):QuorumPeer@1486] - Unexpected exception
java.lang.InterruptedException
	at java.util.concurrent.locks.AbstractQueuedSynchronizer$ConditionObject.reportInterruptAfterWait(AbstractQueuedSynchronizer.java:2014)
	at java.util.concurrent.locks.AbstractQueuedSynchronizer$ConditionObject.awaitNanos(AbstractQueuedSynchronizer.java:2088)
	at java.util.concurrent.LinkedBlockingQueue.poll(LinkedBlockingQueue.java:467)
	at org.apache.zookeeper.server.quorum.FastLeaderElection.lookForLeader(FastLeaderElection.java:966)
	at org.apache.zookeeper.server.quorum.QuorumPeer.run(QuorumPeer.java:1484)
2021-11-08 11:13:20,860 [myid:3] - INFO  [QuorumPeer[myid=3](plain=[0:0:0:0:0:0:0:0]:30094)(secure=disabled):QuorumPeer@915] - Peer state changed: looking
2021-11-08 11:13:20,860 [myid:3] - WARN  [QuorumPeer[myid=3](plain=[0:0:0:0:0:0:0:0]:30094)(secure=disabled):QuorumPeer@1545] - QuorumPeer main thread exited
2021-11-08 11:13:20,860 [myid:3] - INFO  [WorkerReceiver[myid=3]:FastLeaderElection$Messenger$WorkerReceiver@472] - WorkerReceiver is down
2021-11-08 11:13:20,859 [myid:] - INFO  [main:QuorumBase@426] - Shutting down leader election QuorumPeer[myid=3](plain=[0:0:0:0:0:0:0:0]:30094)(secure=disabled)
2021-11-08 11:13:20,861 [myid:] - INFO  [main:QuorumBase@431] - Waiting for QuorumPeer[myid=3](plain=[0:0:0:0:0:0:0:0]:30094)(secure=disabled) to exit thread
2021-11-08 11:13:20,861 [myid:] - INFO  [main:QuorumPeerTestBase@64] - No servers to shutdown!
2021-11-08 11:13:20,861 [myid:] - INFO  [main:ZKTestCase@82] - FINISHED Optional[public void org.apache.zookeeper.server.quorum.QuorumSSLTest.testRollingUpgrade() throws java.lang.Exception]
]]></system-out>
    <system-err><![CDATA[Exception in thread "QuorumConnectionThread-[myid=1]-2" java.lang.IllegalArgumentException: Cannot support TLS_ECDHE_ECDSA_WITH_AES_256_CBC_SHA384 with currently installed providers
	at sun.security.ssl.CipherSuiteList.<init>(CipherSuiteList.java:92)
	at sun.security.ssl.SSLSocketImpl.setEnabledCipherSuites(SSLSocketImpl.java:2419)
	at javax.net.ssl.SSLSocket.setSSLParameters(SSLSocket.java:650)
	at sun.security.ssl.SSLSocketImpl.setSSLParameters(SSLSocketImpl.java:2544)
	at org.apache.zookeeper.common.SSLContextAndOptions.configureSSLSocket(SSLContextAndOptions.java:125)
	at org.apache.zookeeper.common.SSLContextAndOptions.createSSLSocket(SSLContextAndOptions.java:80)
	at org.apache.zookeeper.common.X509Util.createSSLSocket(X509Util.java:517)
	at org.apache.zookeeper.server.quorum.QuorumCnxManager.initiateConnection(QuorumCnxManager.java:379)
	at org.apache.zookeeper.server.quorum.QuorumCnxManager$QuorumConnectionReqThread.run(QuorumCnxManager.java:458)
	at java.util.concurrent.ThreadPoolExecutor.runWorker(ThreadPoolExecutor.java:1142)
	at java.util.concurrent.ThreadPoolExecutor$Worker.run(ThreadPoolExecutor.java:617)
	at java.lang.Thread.run(Thread.java:745)
Exception in thread "QuorumConnectionThread-[myid=1]-1" java.lang.IllegalArgumentException: Cannot support TLS_ECDHE_ECDSA_WITH_AES_256_CBC_SHA384 with currently installed providers
	at sun.security.ssl.CipherSuiteList.<init>(CipherSuiteList.java:92)
	at sun.security.ssl.SSLSocketImpl.setEnabledCipherSuites(SSLSocketImpl.java:2419)
	at javax.net.ssl.SSLSocket.setSSLParameters(SSLSocket.java:650)
	at sun.security.ssl.SSLSocketImpl.setSSLParameters(SSLSocketImpl.java:2544)
	at org.apache.zookeeper.common.SSLContextAndOptions.configureSSLSocket(SSLContextAndOptions.java:125)
	at org.apache.zookeeper.common.SSLContextAndOptions.createSSLSocket(SSLContextAndOptions.java:80)
	at org.apache.zookeeper.common.X509Util.createSSLSocket(X509Util.java:517)
	at org.apache.zookeeper.server.quorum.QuorumCnxManager.initiateConnection(QuorumCnxManager.java:379)
	at org.apache.zookeeper.server.quorum.QuorumCnxManager$QuorumConnectionReqThread.run(QuorumCnxManager.java:458)
	at java.util.concurrent.ThreadPoolExecutor.runWorker(ThreadPoolExecutor.java:1142)
	at java.util.concurrent.ThreadPoolExecutor$Worker.run(ThreadPoolExecutor.java:617)
	at java.lang.Thread.run(Thread.java:745)
Exception in thread "QuorumConnectionThread-[myid=1]-4" java.lang.IllegalArgumentException: Cannot support TLS_ECDHE_ECDSA_WITH_AES_256_CBC_SHA384 with currently installed providers
	at sun.security.ssl.CipherSuiteList.<init>(CipherSuiteList.java:92)
	at sun.security.ssl.SSLSocketImpl.setEnabledCipherSuites(SSLSocketImpl.java:2419)
	at javax.net.ssl.SSLSocket.setSSLParameters(SSLSocket.java:650)
	at sun.security.ssl.SSLSocketImpl.setSSLParameters(SSLSocketImpl.java:2544)
	at org.apache.zookeeper.common.SSLContextAndOptions.configureSSLSocket(SSLContextAndOptions.java:125)
	at org.apache.zookeeper.common.SSLContextAndOptions.createSSLSocket(SSLContextAndOptions.java:80)
	at org.apache.zookeeper.common.X509Util.createSSLSocket(X509Util.java:517)
	at org.apache.zookeeper.server.quorum.QuorumCnxManager.initiateConnection(QuorumCnxManager.java:379)
	at org.apache.zookeeper.server.quorum.QuorumCnxManager$QuorumConnectionReqThread.run(QuorumCnxManager.java:458)
	at java.util.concurrent.ThreadPoolExecutor.runWorker(ThreadPoolExecutor.java:1142)
	at java.util.concurrent.ThreadPoolExecutor$Worker.run(ThreadPoolExecutor.java:617)
	at java.lang.Thread.run(Thread.java:745)
Exception in thread "QuorumConnectionThread-[myid=1]-5" java.lang.IllegalArgumentException: Cannot support TLS_ECDHE_ECDSA_WITH_AES_256_CBC_SHA384 with currently installed providers
	at sun.security.ssl.CipherSuiteList.<init>(CipherSuiteList.java:92)
	at sun.security.ssl.SSLSocketImpl.setEnabledCipherSuites(SSLSocketImpl.java:2419)
	at javax.net.ssl.SSLSocket.setSSLParameters(SSLSocket.java:650)
	at sun.security.ssl.SSLSocketImpl.setSSLParameters(SSLSocketImpl.java:2544)
	at org.apache.zookeeper.common.SSLContextAndOptions.configureSSLSocket(SSLContextAndOptions.java:125)
	at org.apache.zookeeper.common.SSLContextAndOptions.createSSLSocket(SSLContextAndOptions.java:80)
	at org.apache.zookeeper.common.X509Util.createSSLSocket(X509Util.java:517)
	at org.apache.zookeeper.server.quorum.QuorumCnxManager.initiateConnection(QuorumCnxManager.java:379)
	at org.apache.zookeeper.server.quorum.QuorumCnxManager$QuorumConnectionReqThread.run(QuorumCnxManager.java:458)
	at java.util.concurrent.ThreadPoolExecutor.runWorker(ThreadPoolExecutor.java:1142)
	at java.util.concurrent.ThreadPoolExecutor$Worker.run(ThreadPoolExecutor.java:617)
	at java.lang.Thread.run(Thread.java:745)
Exception in thread "QuorumConnectionThread-[myid=1]-6" java.lang.IllegalArgumentException: Cannot support TLS_ECDHE_ECDSA_WITH_AES_256_CBC_SHA384 with currently installed providers
	at sun.security.ssl.CipherSuiteList.<init>(CipherSuiteList.java:92)
	at sun.security.ssl.SSLSocketImpl.setEnabledCipherSuites(SSLSocketImpl.java:2419)
	at javax.net.ssl.SSLSocket.setSSLParameters(SSLSocket.java:650)
	at sun.security.ssl.SSLSocketImpl.setSSLParameters(SSLSocketImpl.java:2544)
	at org.apache.zookeeper.common.SSLContextAndOptions.configureSSLSocket(SSLContextAndOptions.java:125)
	at org.apache.zookeeper.common.SSLContextAndOptions.createSSLSocket(SSLContextAndOptions.java:80)
	at org.apache.zookeeper.common.X509Util.createSSLSocket(X509Util.java:517)
	at org.apache.zookeeper.server.quorum.QuorumCnxManager.initiateConnection(QuorumCnxManager.java:379)
	at org.apache.zookeeper.server.quorum.QuorumCnxManager$QuorumConnectionReqThread.run(QuorumCnxManager.java:458)
	at java.util.concurrent.ThreadPoolExecutor.runWorker(ThreadPoolExecutor.java:1142)
	at java.util.concurrent.ThreadPoolExecutor$Worker.run(ThreadPoolExecutor.java:617)
	at java.lang.Thread.run(Thread.java:745)
Exception in thread "QuorumConnectionThread-[myid=1]-7" java.lang.IllegalArgumentException: Cannot support TLS_ECDHE_ECDSA_WITH_AES_256_CBC_SHA384 with currently installed providers
	at sun.security.ssl.CipherSuiteList.<init>(CipherSuiteList.java:92)
	at sun.security.ssl.SSLSocketImpl.setEnabledCipherSuites(SSLSocketImpl.java:2419)
	at javax.net.ssl.SSLSocket.setSSLParameters(SSLSocket.java:650)
	at sun.security.ssl.SSLSocketImpl.setSSLParameters(SSLSocketImpl.java:2544)
	at org.apache.zookeeper.common.SSLContextAndOptions.configureSSLSocket(SSLContextAndOptions.java:125)
	at org.apache.zookeeper.common.SSLContextAndOptions.createSSLSocket(SSLContextAndOptions.java:80)
	at org.apache.zookeeper.common.X509Util.createSSLSocket(X509Util.java:517)
	at org.apache.zookeeper.server.quorum.QuorumCnxManager.initiateConnection(QuorumCnxManager.java:379)
	at org.apache.zookeeper.server.quorum.QuorumCnxManager$QuorumConnectionReqThread.run(QuorumCnxManager.java:458)
	at java.util.concurrent.ThreadPoolExecutor.runWorker(ThreadPoolExecutor.java:1142)
	at java.util.concurrent.ThreadPoolExecutor$Worker.run(ThreadPoolExecutor.java:617)
	at java.lang.Thread.run(Thread.java:745)
Exception in thread "QuorumConnectionThread-[myid=1]-9" java.lang.IllegalArgumentException: Cannot support TLS_ECDHE_ECDSA_WITH_AES_256_CBC_SHA384 with currently installed providers
	at sun.security.ssl.CipherSuiteList.<init>(CipherSuiteList.java:92)
	at sun.security.ssl.SSLSocketImpl.setEnabledCipherSuites(SSLSocketImpl.java:2419)
	at javax.net.ssl.SSLSocket.setSSLParameters(SSLSocket.java:650)
	at sun.security.ssl.SSLSocketImpl.setSSLParameters(SSLSocketImpl.java:2544)
	at org.apache.zookeeper.common.SSLContextAndOptions.configureSSLSocket(SSLContextAndOptions.java:125)
	at org.apache.zookeeper.common.SSLContextAndOptions.createSSLSocket(SSLContextAndOptions.java:80)
	at org.apache.zookeeper.common.X509Util.createSSLSocket(X509Util.java:517)
	at org.apache.zookeeper.server.quorum.QuorumCnxManager.initiateConnection(QuorumCnxManager.java:379)
	at org.apache.zookeeper.server.quorum.QuorumCnxManager$QuorumConnectionReqThread.run(QuorumCnxManager.java:458)
	at java.util.concurrent.ThreadPoolExecutor.runWorker(ThreadPoolExecutor.java:1142)
	at java.util.concurrent.ThreadPoolExecutor$Worker.run(ThreadPoolExecutor.java:617)
	at java.lang.Thread.run(Thread.java:745)
Exception in thread "QuorumConnectionThread-[myid=1]-8" java.lang.IllegalArgumentException: Cannot support TLS_ECDHE_ECDSA_WITH_AES_256_CBC_SHA384 with currently installed providers
	at sun.security.ssl.CipherSuiteList.<init>(CipherSuiteList.java:92)
	at sun.security.ssl.SSLSocketImpl.setEnabledCipherSuites(SSLSocketImpl.java:2419)
	at javax.net.ssl.SSLSocket.setSSLParameters(SSLSocket.java:650)
	at sun.security.ssl.SSLSocketImpl.setSSLParameters(SSLSocketImpl.java:2544)
	at org.apache.zookeeper.common.SSLContextAndOptions.configureSSLSocket(SSLContextAndOptions.java:125)
	at org.apache.zookeeper.common.SSLContextAndOptions.createSSLSocket(SSLContextAndOptions.java:80)
	at org.apache.zookeeper.common.X509Util.createSSLSocket(X509Util.java:517)
	at org.apache.zookeeper.server.quorum.QuorumCnxManager.initiateConnection(QuorumCnxManager.java:379)
	at org.apache.zookeeper.server.quorum.QuorumCnxManager$QuorumConnectionReqThread.run(QuorumCnxManager.java:458)
	at java.util.concurrent.ThreadPoolExecutor.runWorker(ThreadPoolExecutor.java:1142)
	at java.util.concurrent.ThreadPoolExecutor$Worker.run(ThreadPoolExecutor.java:617)
	at java.lang.Thread.run(Thread.java:745)
Exception in thread "QuorumConnectionThread-[myid=1]-10" java.lang.IllegalArgumentException: Cannot support TLS_ECDHE_ECDSA_WITH_AES_256_CBC_SHA384 with currently installed providers
	at sun.security.ssl.CipherSuiteList.<init>(CipherSuiteList.java:92)
	at sun.security.ssl.SSLSocketImpl.setEnabledCipherSuites(SSLSocketImpl.java:2419)
	at javax.net.ssl.SSLSocket.setSSLParameters(SSLSocket.java:650)
	at sun.security.ssl.SSLSocketImpl.setSSLParameters(SSLSocketImpl.java:2544)
	at org.apache.zookeeper.common.SSLContextAndOptions.configureSSLSocket(SSLContextAndOptions.java:125)
	at org.apache.zookeeper.common.SSLContextAndOptions.createSSLSocket(SSLContextAndOptions.java:80)
	at org.apache.zookeeper.common.X509Util.createSSLSocket(X509Util.java:517)
	at org.apache.zookeeper.server.quorum.QuorumCnxManager.initiateConnection(QuorumCnxManager.java:379)
	at org.apache.zookeeper.server.quorum.QuorumCnxManager$QuorumConnectionReqThread.run(QuorumCnxManager.java:458)
	at java.util.concurrent.ThreadPoolExecutor.runWorker(ThreadPoolExecutor.java:1142)
	at java.util.concurrent.ThreadPoolExecutor$Worker.run(ThreadPoolExecutor.java:617)
	at java.lang.Thread.run(Thread.java:745)
Exception in thread "QuorumConnectionThread-[myid=1]-11" java.lang.IllegalArgumentException: Cannot support TLS_ECDHE_ECDSA_WITH_AES_256_CBC_SHA384 with currently installed providers
	at sun.security.ssl.CipherSuiteList.<init>(CipherSuiteList.java:92)
	at sun.security.ssl.SSLSocketImpl.setEnabledCipherSuites(SSLSocketImpl.java:2419)
	at javax.net.ssl.SSLSocket.setSSLParameters(SSLSocket.java:650)
	at sun.security.ssl.SSLSocketImpl.setSSLParameters(SSLSocketImpl.java:2544)
	at org.apache.zookeeper.common.SSLContextAndOptions.configureSSLSocket(SSLContextAndOptions.java:125)
	at org.apache.zookeeper.common.SSLContextAndOptions.createSSLSocket(SSLContextAndOptions.java:80)
	at org.apache.zookeeper.common.X509Util.createSSLSocket(X509Util.java:517)
	at org.apache.zookeeper.server.quorum.QuorumCnxManager.initiateConnection(QuorumCnxManager.java:379)
	at org.apache.zookeeper.server.quorum.QuorumCnxManager$QuorumConnectionReqThread.run(QuorumCnxManager.java:458)
	at java.util.concurrent.ThreadPoolExecutor.runWorker(ThreadPoolExecutor.java:1142)
	at java.util.concurrent.ThreadPoolExecutor$Worker.run(ThreadPoolExecutor.java:617)
	at java.lang.Thread.run(Thread.java:745)
Exception in thread "QuorumConnectionThread-[myid=1]-13" java.lang.IllegalArgumentException: Cannot support TLS_ECDHE_ECDSA_WITH_AES_256_CBC_SHA384 with currently installed providers
	at sun.security.ssl.CipherSuiteList.<init>(CipherSuiteList.java:92)
	at sun.security.ssl.SSLSocketImpl.setEnabledCipherSuites(SSLSocketImpl.java:2419)
	at javax.net.ssl.SSLSocket.setSSLParameters(SSLSocket.java:650)
	at sun.security.ssl.SSLSocketImpl.setSSLParameters(SSLSocketImpl.java:2544)
	at org.apache.zookeeper.common.SSLContextAndOptions.configureSSLSocket(SSLContextAndOptions.java:125)
	at org.apache.zookeeper.common.SSLContextAndOptions.createSSLSocket(SSLContextAndOptions.java:80)
	at org.apache.zookeeper.common.X509Util.createSSLSocket(X509Util.java:517)
	at org.apache.zookeeper.server.quorum.QuorumCnxManager.initiateConnection(QuorumCnxManager.java:379)
	at org.apache.zookeeper.server.quorum.QuorumCnxManager$QuorumConnectionReqThread.run(QuorumCnxManager.java:458)
	at java.util.concurrent.ThreadPoolExecutor.runWorker(ThreadPoolExecutor.java:1142)
	at java.util.concurrent.ThreadPoolExecutor$Worker.run(ThreadPoolExecutor.java:617)
	at java.lang.Thread.run(Thread.java:745)
Exception in thread "QuorumConnectionThread-[myid=1]-12" java.lang.IllegalArgumentException: Cannot support TLS_ECDHE_ECDSA_WITH_AES_256_CBC_SHA384 with currently installed providers
	at sun.security.ssl.CipherSuiteList.<init>(CipherSuiteList.java:92)
	at sun.security.ssl.SSLSocketImpl.setEnabledCipherSuites(SSLSocketImpl.java:2419)
	at javax.net.ssl.SSLSocket.setSSLParameters(SSLSocket.java:650)
	at sun.security.ssl.SSLSocketImpl.setSSLParameters(SSLSocketImpl.java:2544)
	at org.apache.zookeeper.common.SSLContextAndOptions.configureSSLSocket(SSLContextAndOptions.java:125)
	at org.apache.zookeeper.common.SSLContextAndOptions.createSSLSocket(SSLContextAndOptions.java:80)
	at org.apache.zookeeper.common.X509Util.createSSLSocket(X509Util.java:517)
	at org.apache.zookeeper.server.quorum.QuorumCnxManager.initiateConnection(QuorumCnxManager.java:379)
	at org.apache.zookeeper.server.quorum.QuorumCnxManager$QuorumConnectionReqThread.run(QuorumCnxManager.java:458)
	at java.util.concurrent.ThreadPoolExecutor.runWorker(ThreadPoolExecutor.java:1142)
	at java.util.concurrent.ThreadPoolExecutor$Worker.run(ThreadPoolExecutor.java:617)
	at java.lang.Thread.run(Thread.java:745)
Exception in thread "QuorumConnectionThread-[myid=1]-15" java.lang.IllegalArgumentException: Cannot support TLS_ECDHE_ECDSA_WITH_AES_256_CBC_SHA384 with currently installed providers
	at sun.security.ssl.CipherSuiteList.<init>(CipherSuiteList.java:92)
	at sun.security.ssl.SSLSocketImpl.setEnabledCipherSuites(SSLSocketImpl.java:2419)
	at javax.net.ssl.SSLSocket.setSSLParameters(SSLSocket.java:650)
	at sun.security.ssl.SSLSocketImpl.setSSLParameters(SSLSocketImpl.java:2544)
	at org.apache.zookeeper.common.SSLContextAndOptions.configureSSLSocket(SSLContextAndOptions.java:125)
	at org.apache.zookeeper.common.SSLContextAndOptions.createSSLSocket(SSLContextAndOptions.java:80)
	at org.apache.zookeeper.common.X509Util.createSSLSocket(X509Util.java:517)
	at org.apache.zookeeper.server.quorum.QuorumCnxManager.initiateConnection(QuorumCnxManager.java:379)
	at org.apache.zookeeper.server.quorum.QuorumCnxManager$QuorumConnectionReqThread.run(QuorumCnxManager.java:458)
	at java.util.concurrent.ThreadPoolExecutor.runWorker(ThreadPoolExecutor.java:1142)
	at java.util.concurrent.ThreadPoolExecutor$Worker.run(ThreadPoolExecutor.java:617)
	at java.lang.Thread.run(Thread.java:745)
Exception in thread "QuorumConnectionThread-[myid=1]-14" java.lang.IllegalArgumentException: Cannot support TLS_ECDHE_ECDSA_WITH_AES_256_CBC_SHA384 with currently installed providers
	at sun.security.ssl.CipherSuiteList.<init>(CipherSuiteList.java:92)
	at sun.security.ssl.SSLSocketImpl.setEnabledCipherSuites(SSLSocketImpl.java:2419)
	at javax.net.ssl.SSLSocket.setSSLParameters(SSLSocket.java:650)
	at sun.security.ssl.SSLSocketImpl.setSSLParameters(SSLSocketImpl.java:2544)
	at org.apache.zookeeper.common.SSLContextAndOptions.configureSSLSocket(SSLContextAndOptions.java:125)
	at org.apache.zookeeper.common.SSLContextAndOptions.createSSLSocket(SSLContextAndOptions.java:80)
	at org.apache.zookeeper.common.X509Util.createSSLSocket(X509Util.java:517)
	at org.apache.zookeeper.server.quorum.QuorumCnxManager.initiateConnection(QuorumCnxManager.java:379)
	at org.apache.zookeeper.server.quorum.QuorumCnxManager$QuorumConnectionReqThread.run(QuorumCnxManager.java:458)
	at java.util.concurrent.ThreadPoolExecutor.runWorker(ThreadPoolExecutor.java:1142)
	at java.util.concurrent.ThreadPoolExecutor$Worker.run(ThreadPoolExecutor.java:617)
	at java.lang.Thread.run(Thread.java:745)
Exception in thread "QuorumConnectionThread-[myid=1]-17" java.lang.IllegalArgumentException: Cannot support TLS_ECDHE_ECDSA_WITH_AES_256_CBC_SHA384 with currently installed providers
	at sun.security.ssl.CipherSuiteList.<init>(CipherSuiteList.java:92)
	at sun.security.ssl.SSLSocketImpl.setEnabledCipherSuites(SSLSocketImpl.java:2419)
	at javax.net.ssl.SSLSocket.setSSLParameters(SSLSocket.java:650)
	at sun.security.ssl.SSLSocketImpl.setSSLParameters(SSLSocketImpl.java:2544)
	at org.apache.zookeeper.common.SSLContextAndOptions.configureSSLSocket(SSLContextAndOptions.java:125)
	at org.apache.zookeeper.common.SSLContextAndOptions.createSSLSocket(SSLContextAndOptions.java:80)
	at org.apache.zookeeper.common.X509Util.createSSLSocket(X509Util.java:517)
	at org.apache.zookeeper.server.quorum.QuorumCnxManager.initiateConnection(QuorumCnxManager.java:379)
	at org.apache.zookeeper.server.quorum.QuorumCnxManager$QuorumConnectionReqThread.run(QuorumCnxManager.java:458)
	at java.util.concurrent.ThreadPoolExecutor.runWorker(ThreadPoolExecutor.java:1142)
	at java.util.concurrent.ThreadPoolExecutor$Worker.run(ThreadPoolExecutor.java:617)
	at java.lang.Thread.run(Thread.java:745)
Exception in thread "QuorumConnectionThread-[myid=1]-16" java.lang.IllegalArgumentException: Cannot support TLS_ECDHE_ECDSA_WITH_AES_256_CBC_SHA384 with currently installed providers
	at sun.security.ssl.CipherSuiteList.<init>(CipherSuiteList.java:92)
	at sun.security.ssl.SSLSocketImpl.setEnabledCipherSuites(SSLSocketImpl.java:2419)
	at javax.net.ssl.SSLSocket.setSSLParameters(SSLSocket.java:650)
	at sun.security.ssl.SSLSocketImpl.setSSLParameters(SSLSocketImpl.java:2544)
	at org.apache.zookeeper.common.SSLContextAndOptions.configureSSLSocket(SSLContextAndOptions.java:125)
	at org.apache.zookeeper.common.SSLContextAndOptions.createSSLSocket(SSLContextAndOptions.java:80)
	at org.apache.zookeeper.common.X509Util.createSSLSocket(X509Util.java:517)
	at org.apache.zookeeper.server.quorum.QuorumCnxManager.initiateConnection(QuorumCnxManager.java:379)
	at org.apache.zookeeper.server.quorum.QuorumCnxManager$QuorumConnectionReqThread.run(QuorumCnxManager.java:458)
	at java.util.concurrent.ThreadPoolExecutor.runWorker(ThreadPoolExecutor.java:1142)
	at java.util.concurrent.ThreadPoolExecutor$Worker.run(ThreadPoolExecutor.java:617)
	at java.lang.Thread.run(Thread.java:745)
]]></system-err>
  </testcase>
  <testcase name="testQuorumSSL" classname="org.apache.zookeeper.server.quorum.QuorumSSLTest" time="39.373">
    <failure message="expected: &lt;true&gt; but was: &lt;false&gt;" type="org.opentest4j.AssertionFailedError"><![CDATA[org.opentest4j.AssertionFailedError: expected: <true> but was: <false>
	at org.apache.zookeeper.server.quorum.QuorumSSLTest.testQuorumSSL(QuorumSSLTest.java:466)
]]></failure>
    <system-out><![CDATA[2021-11-08 11:13:20,863 [myid:] - INFO  [main:ZKTestCase@77] - STARTING Optional[public void org.apache.zookeeper.server.quorum.QuorumSSLTest.testQuorumSSL() throws java.lang.Exception]
2021-11-08 11:13:20,864 [myid:] - INFO  [main:PortAssignment@87] - Assigned port 30101 from range 30072 - 32764.
2021-11-08 11:13:20,864 [myid:] - INFO  [main:PortAssignment@87] - Assigned port 30102 from range 30072 - 32764.
2021-11-08 11:13:20,865 [myid:] - INFO  [main:PortAssignment@87] - Assigned port 30103 from range 30072 - 32764.
2021-11-08 11:13:20,865 [myid:] - INFO  [main:PortAssignment@87] - Assigned port 30104 from range 30072 - 32764.
2021-11-08 11:13:20,865 [myid:] - INFO  [main:PortAssignment@87] - Assigned port 30105 from range 30072 - 32764.
2021-11-08 11:13:20,865 [myid:] - INFO  [main:PortAssignment@87] - Assigned port 30106 from range 30072 - 32764.
2021-11-08 11:13:20,865 [myid:] - INFO  [main:PortAssignment@87] - Assigned port 30107 from range 30072 - 32764.
2021-11-08 11:13:20,866 [myid:] - INFO  [main:PortAssignment@87] - Assigned port 30108 from range 30072 - 32764.
2021-11-08 11:13:20,866 [myid:] - INFO  [main:PortAssignment@87] - Assigned port 30109 from range 30072 - 32764.
2021-11-08 11:13:21,232 [myid:1] - INFO  [WorkerReceiver[myid=1]:FastLeaderElection$Messenger$WorkerReceiver@472] - WorkerReceiver is down
2021-11-08 11:13:21,232 [myid:1] - INFO  [WorkerSender[myid=1]:FastLeaderElection$Messenger$WorkerSender@506] - WorkerSender is down
2021-11-08 11:13:21,611 [myid:2] - INFO  [WorkerSender[myid=2]:FastLeaderElection$Messenger$WorkerSender@506] - WorkerSender is down
2021-11-08 11:13:21,627 [myid:2] - INFO  [WorkerReceiver[myid=2]:FastLeaderElection$Messenger$WorkerReceiver@472] - WorkerReceiver is down
2021-11-08 11:13:21,691 [myid:2] - INFO  [SessionTracker:SessionTrackerImpl@175] - SessionTrackerImpl exited loop!
2021-11-08 11:13:22,878 [myid:3] - WARN  [QuorumConnectionThread-[myid=3]-2:QuorumCnxManager@401] - Cannot open channel to 2 at election address /127.0.0.1:30099
java.net.ConnectException: Connection refused: connect
	at java.net.DualStackPlainSocketImpl.waitForConnect(Native Method)
	at java.net.DualStackPlainSocketImpl.socketConnect(DualStackPlainSocketImpl.java:85)
	at java.net.AbstractPlainSocketImpl.doConnect(AbstractPlainSocketImpl.java:345)
	at java.net.AbstractPlainSocketImpl.connectToAddress(AbstractPlainSocketImpl.java:206)
	at java.net.AbstractPlainSocketImpl.connect(AbstractPlainSocketImpl.java:188)
	at java.net.PlainSocketImpl.connect(PlainSocketImpl.java:172)
	at java.net.SocksSocketImpl.connect(SocksSocketImpl.java:392)
	at java.net.Socket.connect(Socket.java:589)
	at org.apache.zookeeper.server.quorum.QuorumCnxManager.initiateConnection(QuorumCnxManager.java:384)
	at org.apache.zookeeper.server.quorum.QuorumCnxManager$QuorumConnectionReqThread.run(QuorumCnxManager.java:458)
	at java.util.concurrent.ThreadPoolExecutor.runWorker(ThreadPoolExecutor.java:1142)
	at java.util.concurrent.ThreadPoolExecutor$Worker.run(ThreadPoolExecutor.java:617)
	at java.lang.Thread.run(Thread.java:745)
2021-11-08 11:13:22,908 [myid:3] - WARN  [QuorumConnectionThread-[myid=3]-3:QuorumCnxManager@401] - Cannot open channel to 1 at election address /127.0.0.1:30098
java.net.ConnectException: Connection refused: connect
	at java.net.DualStackPlainSocketImpl.waitForConnect(Native Method)
	at java.net.DualStackPlainSocketImpl.socketConnect(DualStackPlainSocketImpl.java:85)
	at java.net.AbstractPlainSocketImpl.doConnect(AbstractPlainSocketImpl.java:345)
	at java.net.AbstractPlainSocketImpl.connectToAddress(AbstractPlainSocketImpl.java:206)
	at java.net.AbstractPlainSocketImpl.connect(AbstractPlainSocketImpl.java:188)
	at java.net.PlainSocketImpl.connect(PlainSocketImpl.java:172)
	at java.net.SocksSocketImpl.connect(SocksSocketImpl.java:392)
	at java.net.Socket.connect(Socket.java:589)
	at org.apache.zookeeper.server.quorum.QuorumCnxManager.initiateConnection(QuorumCnxManager.java:384)
	at org.apache.zookeeper.server.quorum.QuorumCnxManager$QuorumConnectionReqThread.run(QuorumCnxManager.java:458)
	at java.util.concurrent.ThreadPoolExecutor.runWorker(ThreadPoolExecutor.java:1142)
	at java.util.concurrent.ThreadPoolExecutor$Worker.run(ThreadPoolExecutor.java:617)
	at java.lang.Thread.run(Thread.java:745)
2021-11-08 11:13:23,863 [myid:3] - INFO  [WorkerSender[myid=3]:FastLeaderElection$Messenger$WorkerSender@506] - WorkerSender is down
2021-11-08 11:13:29,966 [myid:] - INFO  [main:QuorumPeerTestBase$MainThread@205] - id = 1 tmpDir = D:\mysoft\faiscoGit\myStudy\ZooKeeperLearning\apache-zookeeper-3.7.0\zookeeper-server\target\surefire\test7120088973415526277.junit.dir clientPort = 30101 adminServerPort = 8080
2021-11-08 11:13:29,969 [myid:] - INFO  [main:QuorumPeerTestBase$MainThread@205] - id = 2 tmpDir = D:\mysoft\faiscoGit\myStudy\ZooKeeperLearning\apache-zookeeper-3.7.0\zookeeper-server\target\surefire\test5639509335751406483.junit.dir clientPort = 30102 adminServerPort = 8080
2021-11-08 11:13:29,970 [myid:] - INFO  [main:FourLetterWordMain@94] - connecting to 127.0.0.1 30101
2021-11-08 11:13:29,970 [myid:] - INFO  [Thread-24:QuorumPeerConfig@174] - Reading configuration from: D:\mysoft\faiscoGit\myStudy\ZooKeeperLearning\apache-zookeeper-3.7.0\zookeeper-server\target\surefire\test5639509335751406483.junit.dir\zoo.cfg
2021-11-08 11:13:29,970 [myid:] - INFO  [Thread-23:QuorumPeerConfig@174] - Reading configuration from: D:\mysoft\faiscoGit\myStudy\ZooKeeperLearning\apache-zookeeper-3.7.0\zookeeper-server\target\surefire\test7120088973415526277.junit.dir\zoo.cfg
2021-11-08 11:13:29,970 [myid:] - INFO  [Thread-24:QuorumPeerConfig@444] - clientPortAddress is 0.0.0.0:30102
2021-11-08 11:13:29,971 [myid:] - INFO  [Thread-24:QuorumPeerConfig@448] - secureClientPort is not set
2021-11-08 11:13:29,971 [myid:] - INFO  [Thread-24:QuorumPeerConfig@464] - observerMasterPort is not set
2021-11-08 11:13:29,971 [myid:] - INFO  [Thread-24:QuorumPeerConfig@481] - metricsProvider.className is org.apache.zookeeper.metrics.impl.DefaultMetricsProvider
2021-11-08 11:13:29,970 [myid:] - INFO  [Thread-23:QuorumPeerConfig@444] - clientPortAddress is 0.0.0.0:30101
2021-11-08 11:13:29,971 [myid:] - INFO  [Thread-23:QuorumPeerConfig@448] - secureClientPort is not set
2021-11-08 11:13:29,971 [myid:] - INFO  [Thread-23:QuorumPeerConfig@464] - observerMasterPort is not set
2021-11-08 11:13:29,971 [myid:] - INFO  [Thread-23:QuorumPeerConfig@481] - metricsProvider.className is org.apache.zookeeper.metrics.impl.DefaultMetricsProvider
2021-11-08 11:13:29,971 [myid:2] - INFO  [Thread-24:DatadirCleanupManager@78] - autopurge.snapRetainCount set to 3
2021-11-08 11:13:29,971 [myid:2] - INFO  [Thread-24:DatadirCleanupManager@79] - autopurge.purgeInterval set to 0
2021-11-08 11:13:29,971 [myid:2] - INFO  [Thread-24:DatadirCleanupManager@101] - Purge task is not scheduled.
2021-11-08 11:13:29,971 [myid:2] - INFO  [Thread-24:ManagedUtil@44] - Log4j 1.2 jmx support found and enabled.
2021-11-08 11:13:29,971 [myid:1] - INFO  [Thread-23:DatadirCleanupManager@78] - autopurge.snapRetainCount set to 3
2021-11-08 11:13:29,971 [myid:1] - INFO  [Thread-23:DatadirCleanupManager@79] - autopurge.purgeInterval set to 0
2021-11-08 11:13:29,971 [myid:1] - INFO  [Thread-23:DatadirCleanupManager@101] - Purge task is not scheduled.
2021-11-08 11:13:29,971 [myid:1] - INFO  [Thread-23:ManagedUtil@44] - Log4j 1.2 jmx support found and enabled.
2021-11-08 11:13:29,971 [myid:2] - ERROR [Thread-24:ManagedUtil@109] - Problems while registering log4j 1.2 jmx beans!
javax.management.InstanceAlreadyExistsException: log4j:hierarchy=default
	at com.sun.jmx.mbeanserver.Repository.addMBean(Repository.java:437)
	at com.sun.jmx.interceptor.DefaultMBeanServerInterceptor.registerWithRepository(DefaultMBeanServerInterceptor.java:1898)
	at com.sun.jmx.interceptor.DefaultMBeanServerInterceptor.registerDynamicMBean(DefaultMBeanServerInterceptor.java:966)
	at com.sun.jmx.interceptor.DefaultMBeanServerInterceptor.registerObject(DefaultMBeanServerInterceptor.java:900)
	at com.sun.jmx.interceptor.DefaultMBeanServerInterceptor.registerMBean(DefaultMBeanServerInterceptor.java:324)
	at com.sun.jmx.mbeanserver.JmxMBeanServer.registerMBean(JmxMBeanServer.java:522)
	at org.apache.zookeeper.jmx.ManagedUtil.registerLog4jMBeans(ManagedUtil.java:72)
	at org.apache.zookeeper.server.quorum.QuorumPeerMain.runFromConfig(QuorumPeerMain.java:147)
	at org.apache.zookeeper.server.quorum.QuorumPeerMain.initializeAndRun(QuorumPeerMain.java:137)
	at org.apache.zookeeper.server.quorum.QuorumPeerTestBase$MainThread.run(QuorumPeerTestBase.java:329)
	at java.lang.Thread.run(Thread.java:745)
2021-11-08 11:13:29,971 [myid:1] - ERROR [Thread-23:ManagedUtil@109] - Problems while registering log4j 1.2 jmx beans!
javax.management.InstanceAlreadyExistsException: log4j:hierarchy=default
	at com.sun.jmx.mbeanserver.Repository.addMBean(Repository.java:437)
	at com.sun.jmx.interceptor.DefaultMBeanServerInterceptor.registerWithRepository(DefaultMBeanServerInterceptor.java:1898)
	at com.sun.jmx.interceptor.DefaultMBeanServerInterceptor.registerDynamicMBean(DefaultMBeanServerInterceptor.java:966)
	at com.sun.jmx.interceptor.DefaultMBeanServerInterceptor.registerObject(DefaultMBeanServerInterceptor.java:900)
	at com.sun.jmx.interceptor.DefaultMBeanServerInterceptor.registerMBean(DefaultMBeanServerInterceptor.java:324)
	at com.sun.jmx.mbeanserver.JmxMBeanServer.registerMBean(JmxMBeanServer.java:522)
	at org.apache.zookeeper.jmx.ManagedUtil.registerLog4jMBeans(ManagedUtil.java:72)
	at org.apache.zookeeper.server.quorum.QuorumPeerMain.runFromConfig(QuorumPeerMain.java:147)
	at org.apache.zookeeper.server.quorum.QuorumPeerMain.initializeAndRun(QuorumPeerMain.java:137)
	at org.apache.zookeeper.server.quorum.QuorumPeerTestBase$MainThread.run(QuorumPeerTestBase.java:329)
	at java.lang.Thread.run(Thread.java:745)
2021-11-08 11:13:29,971 [myid:2] - WARN  [Thread-24:QuorumPeerMain@149] - Unable to register log4j JMX control
javax.management.JMException: javax.management.InstanceAlreadyExistsException: log4j:hierarchy=default
	at org.apache.zookeeper.jmx.ManagedUtil.registerLog4jMBeans(ManagedUtil.java:110)
	at org.apache.zookeeper.server.quorum.QuorumPeerMain.runFromConfig(QuorumPeerMain.java:147)
	at org.apache.zookeeper.server.quorum.QuorumPeerMain.initializeAndRun(QuorumPeerMain.java:137)
	at org.apache.zookeeper.server.quorum.QuorumPeerTestBase$MainThread.run(QuorumPeerTestBase.java:329)
	at java.lang.Thread.run(Thread.java:745)
2021-11-08 11:13:29,971 [myid:1] - WARN  [Thread-23:QuorumPeerMain@149] - Unable to register log4j JMX control
javax.management.JMException: javax.management.InstanceAlreadyExistsException: log4j:hierarchy=default
	at org.apache.zookeeper.jmx.ManagedUtil.registerLog4jMBeans(ManagedUtil.java:110)
	at org.apache.zookeeper.server.quorum.QuorumPeerMain.runFromConfig(QuorumPeerMain.java:147)
	at org.apache.zookeeper.server.quorum.QuorumPeerMain.initializeAndRun(QuorumPeerMain.java:137)
	at org.apache.zookeeper.server.quorum.QuorumPeerTestBase$MainThread.run(QuorumPeerTestBase.java:329)
	at java.lang.Thread.run(Thread.java:745)
2021-11-08 11:13:29,971 [myid:1] - INFO  [Thread-23:QuorumPeerMain@152] - Starting quorum peer, myid=1
2021-11-08 11:13:29,971 [myid:2] - INFO  [Thread-24:QuorumPeerMain@152] - Starting quorum peer, myid=2
2021-11-08 11:13:29,971 [myid:1] - INFO  [Thread-23:ServerMetrics@62] - ServerMetrics initialized with provider org.apache.zookeeper.metrics.impl.DefaultMetricsProvider@63d4a6da
2021-11-08 11:13:29,971 [myid:2] - INFO  [Thread-24:ServerMetrics@62] - ServerMetrics initialized with provider org.apache.zookeeper.metrics.impl.DefaultMetricsProvider@57a9841d
2021-11-08 11:13:29,972 [myid:1] - INFO  [Thread-23:DigestAuthenticationProvider@61] - zookeeper.DigestAuthenticationProvider.enabled = true
2021-11-08 11:13:29,972 [myid:2] - INFO  [Thread-24:DigestAuthenticationProvider@61] - zookeeper.DigestAuthenticationProvider.enabled = true
2021-11-08 11:13:29,972 [myid:1] - INFO  [Thread-23:NettyServerCnxnFactory@507] - zookeeper.client.portUnification=false
2021-11-08 11:13:29,972 [myid:1] - INFO  [Thread-23:NettyServerCnxnFactory@519] - zookeeper.netty.advancedFlowControl.enabled = false
2021-11-08 11:13:29,972 [myid:2] - INFO  [Thread-24:NettyServerCnxnFactory@507] - zookeeper.client.portUnification=false
2021-11-08 11:13:29,972 [myid:1] - INFO  [Thread-23:NettyServerCnxnFactory@106] - handshakeThrottlingEnabled = false, zookeeper.netty.server.outstandingHandshake.limit = -1
2021-11-08 11:13:29,972 [myid:2] - INFO  [Thread-24:NettyServerCnxnFactory@519] - zookeeper.netty.advancedFlowControl.enabled = false
2021-11-08 11:13:29,972 [myid:2] - INFO  [Thread-24:NettyServerCnxnFactory@106] - handshakeThrottlingEnabled = false, zookeeper.netty.server.outstandingHandshake.limit = -1
2021-11-08 11:13:30,428 [myid:1] - INFO  [Thread-23:ServerCnxnFactory@169] - Using org.apache.zookeeper.server.NettyServerCnxnFactory as server connection factory
2021-11-08 11:13:30,428 [myid:1] - WARN  [Thread-23:ServerCnxnFactory@309] - maxCnxns is not configured, using default value 0.
2021-11-08 11:13:30,428 [myid:1] - INFO  [Thread-23:NettyServerCnxnFactory@606] - configure org.apache.zookeeper.server.NettyServerCnxnFactory@6e8e84dc secure: false on addr /0.0.0.0:30101
2021-11-08 11:13:30,429 [myid:1] - INFO  [Thread-23:FileTxnSnapLog@124] - zookeeper.snapshot.trust.empty : false
2021-11-08 11:13:30,429 [myid:1] - INFO  [Thread-23:QuorumPeer@1742] - Local sessions disabled
2021-11-08 11:13:30,429 [myid:1] - INFO  [Thread-23:QuorumPeer@1753] - Local session upgrading disabled
2021-11-08 11:13:30,429 [myid:1] - INFO  [Thread-23:QuorumPeer@1720] - tickTime set to 4000
2021-11-08 11:13:30,429 [myid:1] - INFO  [Thread-23:QuorumPeer@1764] - minSessionTimeout set to 8000
2021-11-08 11:13:30,429 [myid:1] - INFO  [Thread-23:QuorumPeer@1775] - maxSessionTimeout set to 80000
2021-11-08 11:13:30,429 [myid:1] - INFO  [Thread-23:QuorumPeer@1800] - initLimit set to 10
2021-11-08 11:13:30,429 [myid:1] - INFO  [Thread-23:QuorumPeer@1987] - syncLimit set to 5
2021-11-08 11:13:30,429 [myid:1] - INFO  [Thread-23:QuorumPeer@2002] - connectToLearnerMasterLimit set to 5
2021-11-08 11:13:30,429 [myid:1] - INFO  [Thread-23:WatchManagerFactory@42] - Using org.apache.zookeeper.server.watch.WatchManager as watch manager
2021-11-08 11:13:30,429 [myid:1] - INFO  [Thread-23:WatchManagerFactory@42] - Using org.apache.zookeeper.server.watch.WatchManager as watch manager
2021-11-08 11:13:30,429 [myid:1] - INFO  [Thread-23:ZKDatabase@133] - zookeeper.snapshotSizeFactor = 0.33
2021-11-08 11:13:30,429 [myid:1] - INFO  [Thread-23:ZKDatabase@153] - zookeeper.commitLogCount=500
2021-11-08 11:13:30,430 [myid:1] - INFO  [Thread-23:QuorumPeer@2064] - Using TLS encrypted quorum communication
2021-11-08 11:13:30,430 [myid:1] - INFO  [Thread-23:QuorumPeer@2072] - Port unification disabled
2021-11-08 11:13:30,430 [myid:1] - INFO  [Thread-23:QuorumPeer@179] - multiAddress.enabled set to false
2021-11-08 11:13:30,430 [myid:1] - INFO  [Thread-23:QuorumPeer@204] - multiAddress.reachabilityCheckEnabled set to true
2021-11-08 11:13:30,430 [myid:1] - INFO  [Thread-23:QuorumPeer@191] - multiAddress.reachabilityCheckTimeoutMs set to 1000
2021-11-08 11:13:30,430 [myid:1] - INFO  [Thread-23:QuorumPeer@2527] - QuorumPeer communication is not secured! (SASL auth disabled)
2021-11-08 11:13:30,430 [myid:1] - INFO  [Thread-23:QuorumPeer@2552] - quorum.cnxn.threads.size set to 20
2021-11-08 11:13:30,430 [myid:1] - INFO  [Thread-23:FileTxnSnapLog@260] - Initialize file found, an empty database will not block voting participation
2021-11-08 11:13:30,430 [myid:1] - INFO  [Thread-23:FileTxnSnapLog@479] - Snapshotting: 0x0 to D:\mysoft\faiscoGit\myStudy\ZooKeeperLearning\apache-zookeeper-3.7.0\zookeeper-server\target\surefire\test7120088973415526277.junit.dir\data\version-2\snapshot.0
2021-11-08 11:13:30,431 [myid:1] - INFO  [Thread-23:ZKDatabase@290] - Snapshot loaded in 1 ms, highest zxid is 0x0, digest is 1371985504
2021-11-08 11:13:30,431 [myid:1] - INFO  [Thread-23:QuorumPeer@1157] - currentEpoch not found! Creating with a reasonable default of 0. This should only happen when you are upgrading your installation
2021-11-08 11:13:30,433 [myid:2] - INFO  [Thread-24:ServerCnxnFactory@169] - Using org.apache.zookeeper.server.NettyServerCnxnFactory as server connection factory
2021-11-08 11:13:30,433 [myid:2] - WARN  [Thread-24:ServerCnxnFactory@309] - maxCnxns is not configured, using default value 0.
2021-11-08 11:13:30,433 [myid:2] - INFO  [Thread-24:NettyServerCnxnFactory@606] - configure org.apache.zookeeper.server.NettyServerCnxnFactory@16b13e51 secure: false on addr /0.0.0.0:30102
2021-11-08 11:13:30,433 [myid:2] - INFO  [Thread-24:FileTxnSnapLog@124] - zookeeper.snapshot.trust.empty : false
2021-11-08 11:13:30,436 [myid:2] - INFO  [Thread-24:QuorumPeer@1742] - Local sessions disabled
2021-11-08 11:13:30,436 [myid:2] - INFO  [Thread-24:QuorumPeer@1753] - Local session upgrading disabled
2021-11-08 11:13:30,436 [myid:2] - INFO  [Thread-24:QuorumPeer@1720] - tickTime set to 4000
2021-11-08 11:13:30,436 [myid:2] - INFO  [Thread-24:QuorumPeer@1764] - minSessionTimeout set to 8000
2021-11-08 11:13:30,436 [myid:2] - INFO  [Thread-24:QuorumPeer@1775] - maxSessionTimeout set to 80000
2021-11-08 11:13:30,436 [myid:2] - INFO  [Thread-24:QuorumPeer@1800] - initLimit set to 10
2021-11-08 11:13:30,437 [myid:2] - INFO  [Thread-24:QuorumPeer@1987] - syncLimit set to 5
2021-11-08 11:13:30,437 [myid:2] - INFO  [Thread-24:QuorumPeer@2002] - connectToLearnerMasterLimit set to 5
2021-11-08 11:13:30,437 [myid:2] - INFO  [Thread-24:WatchManagerFactory@42] - Using org.apache.zookeeper.server.watch.WatchManager as watch manager
2021-11-08 11:13:30,437 [myid:2] - INFO  [Thread-24:WatchManagerFactory@42] - Using org.apache.zookeeper.server.watch.WatchManager as watch manager
2021-11-08 11:13:30,437 [myid:2] - INFO  [Thread-24:ZKDatabase@133] - zookeeper.snapshotSizeFactor = 0.33
2021-11-08 11:13:30,437 [myid:2] - INFO  [Thread-24:ZKDatabase@153] - zookeeper.commitLogCount=500
2021-11-08 11:13:30,437 [myid:2] - INFO  [Thread-24:QuorumPeer@2064] - Using TLS encrypted quorum communication
2021-11-08 11:13:30,437 [myid:2] - INFO  [Thread-24:QuorumPeer@2072] - Port unification disabled
2021-11-08 11:13:30,437 [myid:2] - INFO  [Thread-24:QuorumPeer@179] - multiAddress.enabled set to false
2021-11-08 11:13:30,437 [myid:2] - INFO  [Thread-24:QuorumPeer@204] - multiAddress.reachabilityCheckEnabled set to true
2021-11-08 11:13:30,437 [myid:2] - INFO  [Thread-24:QuorumPeer@191] - multiAddress.reachabilityCheckTimeoutMs set to 1000
2021-11-08 11:13:30,437 [myid:2] - INFO  [Thread-24:QuorumPeer@2527] - QuorumPeer communication is not secured! (SASL auth disabled)
2021-11-08 11:13:30,437 [myid:2] - INFO  [Thread-24:QuorumPeer@2552] - quorum.cnxn.threads.size set to 20
2021-11-08 11:13:30,438 [myid:1] - INFO  [Thread-23:QuorumPeer@1177] - acceptedEpoch not found! Creating with a reasonable default of 0. This should only happen when you are upgrading your installation
2021-11-08 11:13:30,438 [myid:2] - INFO  [Thread-24:FileTxnSnapLog@260] - Initialize file found, an empty database will not block voting participation
2021-11-08 11:13:30,438 [myid:2] - INFO  [Thread-24:FileTxnSnapLog@479] - Snapshotting: 0x0 to D:\mysoft\faiscoGit\myStudy\ZooKeeperLearning\apache-zookeeper-3.7.0\zookeeper-server\target\surefire\test5639509335751406483.junit.dir\data\version-2\snapshot.0
2021-11-08 11:13:30,439 [myid:2] - INFO  [Thread-24:ZKDatabase@290] - Snapshot loaded in 1 ms, highest zxid is 0x0, digest is 1371985504
2021-11-08 11:13:30,439 [myid:2] - INFO  [Thread-24:QuorumPeer@1157] - currentEpoch not found! Creating with a reasonable default of 0. This should only happen when you are upgrading your installation
2021-11-08 11:13:30,441 [myid:1] - INFO  [Thread-23:NettyServerCnxnFactory@695] - binding to port /0.0.0.0:30101
2021-11-08 11:13:30,442 [myid:2] - INFO  [Thread-24:QuorumPeer@1177] - acceptedEpoch not found! Creating with a reasonable default of 0. This should only happen when you are upgrading your installation
2021-11-08 11:13:30,442 [myid:1] - INFO  [Thread-23:NettyServerCnxnFactory@700] - bound to port 30101
2021-11-08 11:13:30,442 [myid:1] - INFO  [Thread-23:QuorumPeer@2569] - Using 20000ms as the quorum cnxn socket timeout
2021-11-08 11:13:30,442 [myid:1] - INFO  [Thread-23:QuorumCnxManager$Listener@924] - Election port bind maximum retries is 3
2021-11-08 11:13:30,442 [myid:1] - INFO  [ListenerHandler-/127.0.0.1:30107:QuorumCnxManager$Listener$ListenerHandler@1128] - Creating TLS-only quorum server socket
2021-11-08 11:13:30,442 [myid:1] - INFO  [QuorumPeer[myid=1](plain=[0:0:0:0:0:0:0:0]:30101)(secure=disabled):QuorumPeer@1430] - LOOKING
2021-11-08 11:13:30,442 [myid:1] - INFO  [ListenerHandler-/127.0.0.1:30107:QuorumCnxManager$Listener$ListenerHandler@1066] - 1 is accepting connections now, my election bind port: /127.0.0.1:30107
2021-11-08 11:13:30,443 [myid:1] - INFO  [QuorumPeer[myid=1](plain=[0:0:0:0:0:0:0:0]:30101)(secure=disabled):FastLeaderElection@947] - New election. My id = 1, proposed zxid=0x0
2021-11-08 11:13:30,443 [myid:1] - INFO  [WorkerReceiver[myid=1]:FastLeaderElection$Messenger$WorkerReceiver@390] - Notification: my state:LOOKING; n.sid:1, n.state:LOOKING, n.leader:1, n.round:0x1, n.peerEpoch:0x0, n.zxid:0x0, message format version:0x2, n.config version:0x0
2021-11-08 11:13:30,445 [myid:2] - INFO  [Thread-24:NettyServerCnxnFactory@695] - binding to port /0.0.0.0:30102
2021-11-08 11:13:30,446 [myid:2] - INFO  [Thread-24:NettyServerCnxnFactory@700] - bound to port 30102
2021-11-08 11:13:30,446 [myid:2] - INFO  [Thread-24:QuorumPeer@2569] - Using 20000ms as the quorum cnxn socket timeout
2021-11-08 11:13:30,446 [myid:2] - INFO  [Thread-24:QuorumCnxManager$Listener@924] - Election port bind maximum retries is 3
2021-11-08 11:13:30,447 [myid:2] - INFO  [ListenerHandler-/127.0.0.1:30108:QuorumCnxManager$Listener$ListenerHandler@1128] - Creating TLS-only quorum server socket
2021-11-08 11:13:30,447 [myid:2] - INFO  [QuorumPeer[myid=2](plain=[0:0:0:0:0:0:0:0]:30102)(secure=disabled):QuorumPeer@1430] - LOOKING
2021-11-08 11:13:30,447 [myid:2] - INFO  [ListenerHandler-/127.0.0.1:30108:QuorumCnxManager$Listener$ListenerHandler@1066] - 2 is accepting connections now, my election bind port: /127.0.0.1:30108
2021-11-08 11:13:30,447 [myid:2] - INFO  [QuorumPeer[myid=2](plain=[0:0:0:0:0:0:0:0]:30102)(secure=disabled):FastLeaderElection@947] - New election. My id = 2, proposed zxid=0x0
2021-11-08 11:13:30,448 [myid:2] - INFO  [WorkerReceiver[myid=2]:FastLeaderElection$Messenger$WorkerReceiver@390] - Notification: my state:LOOKING; n.sid:2, n.state:LOOKING, n.leader:2, n.round:0x1, n.peerEpoch:0x0, n.zxid:0x0, message format version:0x2, n.config version:0x0
2021-11-08 11:13:30,480 [myid:1] - WARN  [nioEventLoopGroup-41-1:NettyServerCnxnFactory$CnxnChannelHandler@231] - Zookeeper server is not running, close the connection before starting the TLS handshake
2021-11-08 11:13:30,650 [myid:1] - INFO  [QuorumPeer[myid=1](plain=[0:0:0:0:0:0:0:0]:30101)(secure=disabled):FastLeaderElection@984] - Notification time out: 400
2021-11-08 11:13:30,654 [myid:2] - INFO  [QuorumPeer[myid=2](plain=[0:0:0:0:0:0:0:0]:30102)(secure=disabled):FastLeaderElection@984] - Notification time out: 400
2021-11-08 11:13:30,743 [myid:] - INFO  [main:FourLetterWordMain@94] - connecting to 127.0.0.1 30101
2021-11-08 11:13:30,744 [myid:1] - WARN  [nioEventLoopGroup-41-2:NettyServerCnxnFactory$CnxnChannelHandler@231] - Zookeeper server is not running, close the connection before starting the TLS handshake
2021-11-08 11:13:31,009 [myid:] - INFO  [main:FourLetterWordMain@94] - connecting to 127.0.0.1 30101
2021-11-08 11:13:31,010 [myid:1] - WARN  [nioEventLoopGroup-41-3:NettyServerCnxnFactory$CnxnChannelHandler@231] - Zookeeper server is not running, close the connection before starting the TLS handshake
2021-11-08 11:13:31,056 [myid:2] - INFO  [QuorumPeer[myid=2](plain=[0:0:0:0:0:0:0:0]:30102)(secure=disabled):FastLeaderElection@984] - Notification time out: 800
2021-11-08 11:13:31,056 [myid:1] - INFO  [QuorumPeer[myid=1](plain=[0:0:0:0:0:0:0:0]:30101)(secure=disabled):FastLeaderElection@984] - Notification time out: 800
2021-11-08 11:13:31,276 [myid:] - INFO  [main:FourLetterWordMain@94] - connecting to 127.0.0.1 30101
2021-11-08 11:13:31,277 [myid:1] - WARN  [nioEventLoopGroup-41-4:NettyServerCnxnFactory$CnxnChannelHandler@231] - Zookeeper server is not running, close the connection before starting the TLS handshake
2021-11-08 11:13:31,528 [myid:] - INFO  [main:FourLetterWordMain@94] - connecting to 127.0.0.1 30101
2021-11-08 11:13:31,530 [myid:1] - WARN  [nioEventLoopGroup-41-5:NettyServerCnxnFactory$CnxnChannelHandler@231] - Zookeeper server is not running, close the connection before starting the TLS handshake
2021-11-08 11:13:31,794 [myid:] - INFO  [main:FourLetterWordMain@94] - connecting to 127.0.0.1 30101
2021-11-08 11:13:31,795 [myid:1] - WARN  [nioEventLoopGroup-41-6:NettyServerCnxnFactory$CnxnChannelHandler@231] - Zookeeper server is not running, close the connection before starting the TLS handshake
2021-11-08 11:13:31,873 [myid:1] - INFO  [QuorumPeer[myid=1](plain=[0:0:0:0:0:0:0:0]:30101)(secure=disabled):FastLeaderElection@984] - Notification time out: 1600
2021-11-08 11:13:31,875 [myid:2] - INFO  [QuorumPeer[myid=2](plain=[0:0:0:0:0:0:0:0]:30102)(secure=disabled):FastLeaderElection@984] - Notification time out: 1600
2021-11-08 11:13:32,056 [myid:] - INFO  [main:FourLetterWordMain@94] - connecting to 127.0.0.1 30101
2021-11-08 11:13:32,059 [myid:1] - WARN  [nioEventLoopGroup-41-7:NettyServerCnxnFactory$CnxnChannelHandler@231] - Zookeeper server is not running, close the connection before starting the TLS handshake
2021-11-08 11:13:32,321 [myid:] - INFO  [main:FourLetterWordMain@94] - connecting to 127.0.0.1 30101
2021-11-08 11:13:32,322 [myid:1] - WARN  [nioEventLoopGroup-41-8:NettyServerCnxnFactory$CnxnChannelHandler@231] - Zookeeper server is not running, close the connection before starting the TLS handshake
2021-11-08 11:13:32,587 [myid:] - INFO  [main:FourLetterWordMain@94] - connecting to 127.0.0.1 30101
2021-11-08 11:13:32,590 [myid:1] - WARN  [nioEventLoopGroup-41-9:NettyServerCnxnFactory$CnxnChannelHandler@231] - Zookeeper server is not running, close the connection before starting the TLS handshake
2021-11-08 11:13:32,853 [myid:] - INFO  [main:FourLetterWordMain@94] - connecting to 127.0.0.1 30101
2021-11-08 11:13:32,854 [myid:1] - WARN  [nioEventLoopGroup-41-10:NettyServerCnxnFactory$CnxnChannelHandler@231] - Zookeeper server is not running, close the connection before starting the TLS handshake
2021-11-08 11:13:33,105 [myid:] - INFO  [main:FourLetterWordMain@94] - connecting to 127.0.0.1 30101
2021-11-08 11:13:33,106 [myid:1] - WARN  [nioEventLoopGroup-41-11:NettyServerCnxnFactory$CnxnChannelHandler@231] - Zookeeper server is not running, close the connection before starting the TLS handshake
2021-11-08 11:13:33,371 [myid:] - INFO  [main:FourLetterWordMain@94] - connecting to 127.0.0.1 30101
2021-11-08 11:13:33,372 [myid:1] - WARN  [nioEventLoopGroup-41-12:NettyServerCnxnFactory$CnxnChannelHandler@231] - Zookeeper server is not running, close the connection before starting the TLS handshake
2021-11-08 11:13:33,480 [myid:1] - INFO  [QuorumPeer[myid=1](plain=[0:0:0:0:0:0:0:0]:30101)(secure=disabled):FastLeaderElection@984] - Notification time out: 3200
2021-11-08 11:13:33,480 [myid:2] - INFO  [QuorumPeer[myid=2](plain=[0:0:0:0:0:0:0:0]:30102)(secure=disabled):FastLeaderElection@984] - Notification time out: 3200
2021-11-08 11:13:33,636 [myid:] - INFO  [main:FourLetterWordMain@94] - connecting to 127.0.0.1 30101
2021-11-08 11:13:33,636 [myid:1] - WARN  [nioEventLoopGroup-41-1:NettyServerCnxnFactory$CnxnChannelHandler@231] - Zookeeper server is not running, close the connection before starting the TLS handshake
2021-11-08 11:13:33,651 [myid:] - INFO  [main:ClientBase@267] - server 127.0.0.1:30101 not up
java.net.SocketException: Software caused connection abort: recv failed
	at java.net.SocketInputStream.socketRead0(Native Method)
	at java.net.SocketInputStream.read(SocketInputStream.java:150)
	at java.net.SocketInputStream.read(SocketInputStream.java:121)
	at sun.nio.cs.StreamDecoder.readBytes(StreamDecoder.java:284)
	at sun.nio.cs.StreamDecoder.implRead(StreamDecoder.java:326)
	at sun.nio.cs.StreamDecoder.read(StreamDecoder.java:178)
	at java.io.InputStreamReader.read(InputStreamReader.java:184)
	at java.io.BufferedReader.fill(BufferedReader.java:161)
	at java.io.BufferedReader.readLine(BufferedReader.java:324)
	at java.io.BufferedReader.readLine(BufferedReader.java:389)
	at org.apache.zookeeper.client.FourLetterWordMain.send4LetterWord(FourLetterWordMain.java:129)
	at org.apache.zookeeper.client.FourLetterWordMain.send4LetterWord(FourLetterWordMain.java:74)
	at org.apache.zookeeper.test.ClientBase.waitForServerUp(ClientBase.java:258)
	at org.apache.zookeeper.test.ClientBase.waitForServerUp(ClientBase.java:249)
	at org.apache.zookeeper.server.quorum.QuorumSSLTest.testQuorumSSL(QuorumSSLTest.java:466)
	at sun.reflect.NativeMethodAccessorImpl.invoke0(Native Method)
	at sun.reflect.NativeMethodAccessorImpl.invoke(NativeMethodAccessorImpl.java:62)
	at sun.reflect.DelegatingMethodAccessorImpl.invoke(DelegatingMethodAccessorImpl.java:43)
	at java.lang.reflect.Method.invoke(Method.java:483)
	at org.junit.platform.commons.util.ReflectionUtils.invokeMethod(ReflectionUtils.java:686)
	at org.junit.jupiter.engine.execution.MethodInvocation.proceed(MethodInvocation.java:60)
	at org.junit.jupiter.engine.execution.InvocationInterceptorChain$ValidatingInvocation.proceed(InvocationInterceptorChain.java:131)
	at org.junit.jupiter.engine.extension.TimeoutInvocation.proceed(TimeoutInvocation.java:46)
	at org.junit.jupiter.engine.extension.TimeoutExtension.intercept(TimeoutExtension.java:149)
	at org.junit.jupiter.engine.extension.TimeoutExtension.interceptTestableMethod(TimeoutExtension.java:140)
	at org.junit.jupiter.engine.extension.TimeoutExtension.interceptTestMethod(TimeoutExtension.java:84)
	at org.junit.jupiter.engine.descriptor.TestMethodTestDescriptor$$Lambda$111/1780132728.apply(Unknown Source)
	at org.junit.jupiter.engine.execution.ExecutableInvoker$ReflectiveInterceptorCall.lambda$ofVoidMethod$0(ExecutableInvoker.java:115)
	at org.junit.jupiter.engine.execution.ExecutableInvoker$ReflectiveInterceptorCall$$Lambda$112/1725017993.apply(Unknown Source)
	at org.junit.jupiter.engine.execution.ExecutableInvoker.lambda$invoke$0(ExecutableInvoker.java:105)
	at org.junit.jupiter.engine.execution.ExecutableInvoker$$Lambda$234/64133603.apply(Unknown Source)
	at org.junit.jupiter.engine.execution.InvocationInterceptorChain$InterceptedInvocation.proceed(InvocationInterceptorChain.java:106)
	at org.junit.jupiter.engine.execution.InvocationInterceptorChain.proceed(InvocationInterceptorChain.java:64)
	at org.junit.jupiter.engine.execution.InvocationInterceptorChain.chainAndInvoke(InvocationInterceptorChain.java:45)
	at org.junit.jupiter.engine.execution.InvocationInterceptorChain.invoke(InvocationInterceptorChain.java:37)
	at org.junit.jupiter.engine.execution.ExecutableInvoker.invoke(ExecutableInvoker.java:104)
	at org.junit.jupiter.engine.execution.ExecutableInvoker.invoke(ExecutableInvoker.java:98)
	at org.junit.jupiter.engine.descriptor.TestMethodTestDescriptor.lambda$invokeTestMethod$6(TestMethodTestDescriptor.java:212)
	at org.junit.jupiter.engine.descriptor.TestMethodTestDescriptor$$Lambda$271/224100622.execute(Unknown Source)
	at org.junit.platform.engine.support.hierarchical.ThrowableCollector.execute(ThrowableCollector.java:73)
	at org.junit.jupiter.engine.descriptor.TestMethodTestDescriptor.invokeTestMethod(TestMethodTestDescriptor.java:208)
	at org.junit.jupiter.engine.descriptor.TestMethodTestDescriptor.execute(TestMethodTestDescriptor.java:137)
	at org.junit.jupiter.engine.descriptor.TestMethodTestDescriptor.execute(TestMethodTestDescriptor.java:71)
	at org.junit.platform.engine.support.hierarchical.NodeTestTask.lambda$executeRecursively$5(NodeTestTask.java:135)
	at org.junit.platform.engine.support.hierarchical.NodeTestTask$$Lambda$179/195615004.execute(Unknown Source)
	at org.junit.platform.engine.support.hierarchical.ThrowableCollector.execute(ThrowableCollector.java:73)
	at org.junit.platform.engine.support.hierarchical.NodeTestTask.lambda$executeRecursively$7(NodeTestTask.java:125)
	at org.junit.platform.engine.support.hierarchical.NodeTestTask$$Lambda$178/1890627974.invoke(Unknown Source)
	at org.junit.platform.engine.support.hierarchical.Node.around(Node.java:135)
	at org.junit.platform.engine.support.hierarchical.NodeTestTask.lambda$executeRecursively$8(NodeTestTask.java:123)
	at org.junit.platform.engine.support.hierarchical.NodeTestTask$$Lambda$177/231977479.execute(Unknown Source)
	at org.junit.platform.engine.support.hierarchical.ThrowableCollector.execute(ThrowableCollector.java:73)
	at org.junit.platform.engine.support.hierarchical.NodeTestTask.executeRecursively(NodeTestTask.java:122)
	at org.junit.platform.engine.support.hierarchical.NodeTestTask.execute(NodeTestTask.java:80)
	at org.junit.platform.engine.support.hierarchical.SameThreadHierarchicalTestExecutorService$$Lambda$183/1381713434.accept(Unknown Source)
	at java.util.ArrayList.forEach(ArrayList.java:1249)
	at org.junit.platform.engine.support.hierarchical.SameThreadHierarchicalTestExecutorService.invokeAll(SameThreadHierarchicalTestExecutorService.java:38)
	at org.junit.platform.engine.support.hierarchical.NodeTestTask.lambda$executeRecursively$5(NodeTestTask.java:139)
	at org.junit.platform.engine.support.hierarchical.NodeTestTask$$Lambda$179/195615004.execute(Unknown Source)
	at org.junit.platform.engine.support.hierarchical.ThrowableCollector.execute(ThrowableCollector.java:73)
	at org.junit.platform.engine.support.hierarchical.NodeTestTask.lambda$executeRecursively$7(NodeTestTask.java:125)
	at org.junit.platform.engine.support.hierarchical.NodeTestTask$$Lambda$178/1890627974.invoke(Unknown Source)
	at org.junit.platform.engine.support.hierarchical.Node.around(Node.java:135)
	at org.junit.platform.engine.support.hierarchical.NodeTestTask.lambda$executeRecursively$8(NodeTestTask.java:123)
	at org.junit.platform.engine.support.hierarchical.NodeTestTask$$Lambda$177/231977479.execute(Unknown Source)
	at org.junit.platform.engine.support.hierarchical.ThrowableCollector.execute(ThrowableCollector.java:73)
	at org.junit.platform.engine.support.hierarchical.NodeTestTask.executeRecursively(NodeTestTask.java:122)
	at org.junit.platform.engine.support.hierarchical.NodeTestTask.execute(NodeTestTask.java:80)
	at org.junit.platform.engine.support.hierarchical.SameThreadHierarchicalTestExecutorService$$Lambda$183/1381713434.accept(Unknown Source)
	at java.util.ArrayList.forEach(ArrayList.java:1249)
	at org.junit.platform.engine.support.hierarchical.SameThreadHierarchicalTestExecutorService.invokeAll(SameThreadHierarchicalTestExecutorService.java:38)
	at org.junit.platform.engine.support.hierarchical.NodeTestTask.lambda$executeRecursively$5(NodeTestTask.java:139)
	at org.junit.platform.engine.support.hierarchical.NodeTestTask$$Lambda$179/195615004.execute(Unknown Source)
	at org.junit.platform.engine.support.hierarchical.ThrowableCollector.execute(ThrowableCollector.java:73)
	at org.junit.platform.engine.support.hierarchical.NodeTestTask.lambda$executeRecursively$7(NodeTestTask.java:125)
	at org.junit.platform.engine.support.hierarchical.NodeTestTask$$Lambda$178/1890627974.invoke(Unknown Source)
	at org.junit.platform.engine.support.hierarchical.Node.around(Node.java:135)
	at org.junit.platform.engine.support.hierarchical.NodeTestTask.lambda$executeRecursively$8(NodeTestTask.java:123)
	at org.junit.platform.engine.support.hierarchical.NodeTestTask$$Lambda$177/231977479.execute(Unknown Source)
	at org.junit.platform.engine.support.hierarchical.ThrowableCollector.execute(ThrowableCollector.java:73)
	at org.junit.platform.engine.support.hierarchical.NodeTestTask.executeRecursively(NodeTestTask.java:122)
	at org.junit.platform.engine.support.hierarchical.NodeTestTask.execute(NodeTestTask.java:80)
	at org.junit.platform.engine.support.hierarchical.SameThreadHierarchicalTestExecutorService.submit(SameThreadHierarchicalTestExecutorService.java:32)
	at org.junit.platform.engine.support.hierarchical.HierarchicalTestExecutor.execute(HierarchicalTestExecutor.java:57)
	at org.junit.platform.engine.support.hierarchical.HierarchicalTestEngine.execute(HierarchicalTestEngine.java:51)
	at org.junit.platform.launcher.core.DefaultLauncher.execute(DefaultLauncher.java:248)
	at org.junit.platform.launcher.core.DefaultLauncher.lambda$execute$5(DefaultLauncher.java:211)
	at org.junit.platform.launcher.core.DefaultLauncher$$Lambda$143/233996206.accept(Unknown Source)
	at org.junit.platform.launcher.core.DefaultLauncher.withInterceptedStreams(DefaultLauncher.java:226)
	at org.junit.platform.launcher.core.DefaultLauncher.execute(DefaultLauncher.java:199)
	at org.junit.platform.launcher.core.DefaultLauncher.execute(DefaultLauncher.java:132)
	at org.apache.maven.surefire.junitplatform.JUnitPlatformProvider.invokeAllTests(JUnitPlatformProvider.java:142)
	at org.apache.maven.surefire.junitplatform.JUnitPlatformProvider.invoke(JUnitPlatformProvider.java:113)
	at org.apache.maven.surefire.booter.ForkedBooter.invokeProviderInSameClassLoader(ForkedBooter.java:384)
	at org.apache.maven.surefire.booter.ForkedBooter.runSuitesInProcess(ForkedBooter.java:345)
	at org.apache.maven.surefire.booter.ForkedBooter.execute(ForkedBooter.java:126)
	at org.apache.maven.surefire.booter.ForkedBooter.main(ForkedBooter.java:418)
2021-11-08 11:13:33,905 [myid:] - INFO  [main:FourLetterWordMain@94] - connecting to 127.0.0.1 30101
2021-11-08 11:13:33,906 [myid:1] - WARN  [nioEventLoopGroup-41-2:NettyServerCnxnFactory$CnxnChannelHandler@231] - Zookeeper server is not running, close the connection before starting the TLS handshake
2021-11-08 11:13:33,921 [myid:] - INFO  [main:ClientBase@267] - server 127.0.0.1:30101 not up
java.net.SocketException: Software caused connection abort: recv failed
	at java.net.SocketInputStream.socketRead0(Native Method)
	at java.net.SocketInputStream.read(SocketInputStream.java:150)
	at java.net.SocketInputStream.read(SocketInputStream.java:121)
	at sun.nio.cs.StreamDecoder.readBytes(StreamDecoder.java:284)
	at sun.nio.cs.StreamDecoder.implRead(StreamDecoder.java:326)
	at sun.nio.cs.StreamDecoder.read(StreamDecoder.java:178)
	at java.io.InputStreamReader.read(InputStreamReader.java:184)
	at java.io.BufferedReader.fill(BufferedReader.java:161)
	at java.io.BufferedReader.readLine(BufferedReader.java:324)
	at java.io.BufferedReader.readLine(BufferedReader.java:389)
	at org.apache.zookeeper.client.FourLetterWordMain.send4LetterWord(FourLetterWordMain.java:129)
	at org.apache.zookeeper.client.FourLetterWordMain.send4LetterWord(FourLetterWordMain.java:74)
	at org.apache.zookeeper.test.ClientBase.waitForServerUp(ClientBase.java:258)
	at org.apache.zookeeper.test.ClientBase.waitForServerUp(ClientBase.java:249)
	at org.apache.zookeeper.server.quorum.QuorumSSLTest.testQuorumSSL(QuorumSSLTest.java:466)
	at sun.reflect.NativeMethodAccessorImpl.invoke0(Native Method)
	at sun.reflect.NativeMethodAccessorImpl.invoke(NativeMethodAccessorImpl.java:62)
	at sun.reflect.DelegatingMethodAccessorImpl.invoke(DelegatingMethodAccessorImpl.java:43)
	at java.lang.reflect.Method.invoke(Method.java:483)
	at org.junit.platform.commons.util.ReflectionUtils.invokeMethod(ReflectionUtils.java:686)
	at org.junit.jupiter.engine.execution.MethodInvocation.proceed(MethodInvocation.java:60)
	at org.junit.jupiter.engine.execution.InvocationInterceptorChain$ValidatingInvocation.proceed(InvocationInterceptorChain.java:131)
	at org.junit.jupiter.engine.extension.TimeoutInvocation.proceed(TimeoutInvocation.java:46)
	at org.junit.jupiter.engine.extension.TimeoutExtension.intercept(TimeoutExtension.java:149)
	at org.junit.jupiter.engine.extension.TimeoutExtension.interceptTestableMethod(TimeoutExtension.java:140)
	at org.junit.jupiter.engine.extension.TimeoutExtension.interceptTestMethod(TimeoutExtension.java:84)
	at org.junit.jupiter.engine.descriptor.TestMethodTestDescriptor$$Lambda$111/1780132728.apply(Unknown Source)
	at org.junit.jupiter.engine.execution.ExecutableInvoker$ReflectiveInterceptorCall.lambda$ofVoidMethod$0(ExecutableInvoker.java:115)
	at org.junit.jupiter.engine.execution.ExecutableInvoker$ReflectiveInterceptorCall$$Lambda$112/1725017993.apply(Unknown Source)
	at org.junit.jupiter.engine.execution.ExecutableInvoker.lambda$invoke$0(ExecutableInvoker.java:105)
	at org.junit.jupiter.engine.execution.ExecutableInvoker$$Lambda$234/64133603.apply(Unknown Source)
	at org.junit.jupiter.engine.execution.InvocationInterceptorChain$InterceptedInvocation.proceed(InvocationInterceptorChain.java:106)
	at org.junit.jupiter.engine.execution.InvocationInterceptorChain.proceed(InvocationInterceptorChain.java:64)
	at org.junit.jupiter.engine.execution.InvocationInterceptorChain.chainAndInvoke(InvocationInterceptorChain.java:45)
	at org.junit.jupiter.engine.execution.InvocationInterceptorChain.invoke(InvocationInterceptorChain.java:37)
	at org.junit.jupiter.engine.execution.ExecutableInvoker.invoke(ExecutableInvoker.java:104)
	at org.junit.jupiter.engine.execution.ExecutableInvoker.invoke(ExecutableInvoker.java:98)
	at org.junit.jupiter.engine.descriptor.TestMethodTestDescriptor.lambda$invokeTestMethod$6(TestMethodTestDescriptor.java:212)
	at org.junit.jupiter.engine.descriptor.TestMethodTestDescriptor$$Lambda$271/224100622.execute(Unknown Source)
	at org.junit.platform.engine.support.hierarchical.ThrowableCollector.execute(ThrowableCollector.java:73)
	at org.junit.jupiter.engine.descriptor.TestMethodTestDescriptor.invokeTestMethod(TestMethodTestDescriptor.java:208)
	at org.junit.jupiter.engine.descriptor.TestMethodTestDescriptor.execute(TestMethodTestDescriptor.java:137)
	at org.junit.jupiter.engine.descriptor.TestMethodTestDescriptor.execute(TestMethodTestDescriptor.java:71)
	at org.junit.platform.engine.support.hierarchical.NodeTestTask.lambda$executeRecursively$5(NodeTestTask.java:135)
	at org.junit.platform.engine.support.hierarchical.NodeTestTask$$Lambda$179/195615004.execute(Unknown Source)
	at org.junit.platform.engine.support.hierarchical.ThrowableCollector.execute(ThrowableCollector.java:73)
	at org.junit.platform.engine.support.hierarchical.NodeTestTask.lambda$executeRecursively$7(NodeTestTask.java:125)
	at org.junit.platform.engine.support.hierarchical.NodeTestTask$$Lambda$178/1890627974.invoke(Unknown Source)
	at org.junit.platform.engine.support.hierarchical.Node.around(Node.java:135)
	at org.junit.platform.engine.support.hierarchical.NodeTestTask.lambda$executeRecursively$8(NodeTestTask.java:123)
	at org.junit.platform.engine.support.hierarchical.NodeTestTask$$Lambda$177/231977479.execute(Unknown Source)
	at org.junit.platform.engine.support.hierarchical.ThrowableCollector.execute(ThrowableCollector.java:73)
	at org.junit.platform.engine.support.hierarchical.NodeTestTask.executeRecursively(NodeTestTask.java:122)
	at org.junit.platform.engine.support.hierarchical.NodeTestTask.execute(NodeTestTask.java:80)
	at org.junit.platform.engine.support.hierarchical.SameThreadHierarchicalTestExecutorService$$Lambda$183/1381713434.accept(Unknown Source)
	at java.util.ArrayList.forEach(ArrayList.java:1249)
	at org.junit.platform.engine.support.hierarchical.SameThreadHierarchicalTestExecutorService.invokeAll(SameThreadHierarchicalTestExecutorService.java:38)
	at org.junit.platform.engine.support.hierarchical.NodeTestTask.lambda$executeRecursively$5(NodeTestTask.java:139)
	at org.junit.platform.engine.support.hierarchical.NodeTestTask$$Lambda$179/195615004.execute(Unknown Source)
	at org.junit.platform.engine.support.hierarchical.ThrowableCollector.execute(ThrowableCollector.java:73)
	at org.junit.platform.engine.support.hierarchical.NodeTestTask.lambda$executeRecursively$7(NodeTestTask.java:125)
	at org.junit.platform.engine.support.hierarchical.NodeTestTask$$Lambda$178/1890627974.invoke(Unknown Source)
	at org.junit.platform.engine.support.hierarchical.Node.around(Node.java:135)
	at org.junit.platform.engine.support.hierarchical.NodeTestTask.lambda$executeRecursively$8(NodeTestTask.java:123)
	at org.junit.platform.engine.support.hierarchical.NodeTestTask$$Lambda$177/231977479.execute(Unknown Source)
	at org.junit.platform.engine.support.hierarchical.ThrowableCollector.execute(ThrowableCollector.java:73)
	at org.junit.platform.engine.support.hierarchical.NodeTestTask.executeRecursively(NodeTestTask.java:122)
	at org.junit.platform.engine.support.hierarchical.NodeTestTask.execute(NodeTestTask.java:80)
	at org.junit.platform.engine.support.hierarchical.SameThreadHierarchicalTestExecutorService$$Lambda$183/1381713434.accept(Unknown Source)
	at java.util.ArrayList.forEach(ArrayList.java:1249)
	at org.junit.platform.engine.support.hierarchical.SameThreadHierarchicalTestExecutorService.invokeAll(SameThreadHierarchicalTestExecutorService.java:38)
	at org.junit.platform.engine.support.hierarchical.NodeTestTask.lambda$executeRecursively$5(NodeTestTask.java:139)
	at org.junit.platform.engine.support.hierarchical.NodeTestTask$$Lambda$179/195615004.execute(Unknown Source)
	at org.junit.platform.engine.support.hierarchical.ThrowableCollector.execute(ThrowableCollector.java:73)
	at org.junit.platform.engine.support.hierarchical.NodeTestTask.lambda$executeRecursively$7(NodeTestTask.java:125)
	at org.junit.platform.engine.support.hierarchical.NodeTestTask$$Lambda$178/1890627974.invoke(Unknown Source)
	at org.junit.platform.engine.support.hierarchical.Node.around(Node.java:135)
	at org.junit.platform.engine.support.hierarchical.NodeTestTask.lambda$executeRecursively$8(NodeTestTask.java:123)
	at org.junit.platform.engine.support.hierarchical.NodeTestTask$$Lambda$177/231977479.execute(Unknown Source)
	at org.junit.platform.engine.support.hierarchical.ThrowableCollector.execute(ThrowableCollector.java:73)
	at org.junit.platform.engine.support.hierarchical.NodeTestTask.executeRecursively(NodeTestTask.java:122)
	at org.junit.platform.engine.support.hierarchical.NodeTestTask.execute(NodeTestTask.java:80)
	at org.junit.platform.engine.support.hierarchical.SameThreadHierarchicalTestExecutorService.submit(SameThreadHierarchicalTestExecutorService.java:32)
	at org.junit.platform.engine.support.hierarchical.HierarchicalTestExecutor.execute(HierarchicalTestExecutor.java:57)
	at org.junit.platform.engine.support.hierarchical.HierarchicalTestEngine.execute(HierarchicalTestEngine.java:51)
	at org.junit.platform.launcher.core.DefaultLauncher.execute(DefaultLauncher.java:248)
	at org.junit.platform.launcher.core.DefaultLauncher.lambda$execute$5(DefaultLauncher.java:211)
	at org.junit.platform.launcher.core.DefaultLauncher$$Lambda$143/233996206.accept(Unknown Source)
	at org.junit.platform.launcher.core.DefaultLauncher.withInterceptedStreams(DefaultLauncher.java:226)
	at org.junit.platform.launcher.core.DefaultLauncher.execute(DefaultLauncher.java:199)
	at org.junit.platform.launcher.core.DefaultLauncher.execute(DefaultLauncher.java:132)
	at org.apache.maven.surefire.junitplatform.JUnitPlatformProvider.invokeAllTests(JUnitPlatformProvider.java:142)
	at org.apache.maven.surefire.junitplatform.JUnitPlatformProvider.invoke(JUnitPlatformProvider.java:113)
	at org.apache.maven.surefire.booter.ForkedBooter.invokeProviderInSameClassLoader(ForkedBooter.java:384)
	at org.apache.maven.surefire.booter.ForkedBooter.runSuitesInProcess(ForkedBooter.java:345)
	at org.apache.maven.surefire.booter.ForkedBooter.execute(ForkedBooter.java:126)
	at org.apache.maven.surefire.booter.ForkedBooter.main(ForkedBooter.java:418)
2021-11-08 11:13:34,186 [myid:] - INFO  [main:FourLetterWordMain@94] - connecting to 127.0.0.1 30101
2021-11-08 11:13:34,187 [myid:1] - WARN  [nioEventLoopGroup-41-3:NettyServerCnxnFactory$CnxnChannelHandler@231] - Zookeeper server is not running, close the connection before starting the TLS handshake
2021-11-08 11:13:34,452 [myid:] - INFO  [main:FourLetterWordMain@94] - connecting to 127.0.0.1 30101
2021-11-08 11:13:34,452 [myid:1] - WARN  [nioEventLoopGroup-41-4:NettyServerCnxnFactory$CnxnChannelHandler@231] - Zookeeper server is not running, close the connection before starting the TLS handshake
2021-11-08 11:13:34,706 [myid:] - INFO  [main:FourLetterWordMain@94] - connecting to 127.0.0.1 30101
2021-11-08 11:13:34,706 [myid:1] - WARN  [nioEventLoopGroup-41-5:NettyServerCnxnFactory$CnxnChannelHandler@231] - Zookeeper server is not running, close the connection before starting the TLS handshake
2021-11-08 11:13:34,957 [myid:] - INFO  [main:FourLetterWordMain@94] - connecting to 127.0.0.1 30101
2021-11-08 11:13:34,958 [myid:1] - WARN  [nioEventLoopGroup-41-6:NettyServerCnxnFactory$CnxnChannelHandler@231] - Zookeeper server is not running, close the connection before starting the TLS handshake
2021-11-08 11:13:35,223 [myid:] - INFO  [main:FourLetterWordMain@94] - connecting to 127.0.0.1 30101
2021-11-08 11:13:35,225 [myid:1] - WARN  [nioEventLoopGroup-41-7:NettyServerCnxnFactory$CnxnChannelHandler@231] - Zookeeper server is not running, close the connection before starting the TLS handshake
2021-11-08 11:13:35,491 [myid:] - INFO  [main:FourLetterWordMain@94] - connecting to 127.0.0.1 30101
2021-11-08 11:13:35,491 [myid:1] - WARN  [nioEventLoopGroup-41-8:NettyServerCnxnFactory$CnxnChannelHandler@231] - Zookeeper server is not running, close the connection before starting the TLS handshake
2021-11-08 11:13:35,757 [myid:] - INFO  [main:FourLetterWordMain@94] - connecting to 127.0.0.1 30101
2021-11-08 11:13:35,757 [myid:1] - WARN  [nioEventLoopGroup-41-9:NettyServerCnxnFactory$CnxnChannelHandler@231] - Zookeeper server is not running, close the connection before starting the TLS handshake
2021-11-08 11:13:36,008 [myid:] - INFO  [main:FourLetterWordMain@94] - connecting to 127.0.0.1 30101
2021-11-08 11:13:36,009 [myid:1] - WARN  [nioEventLoopGroup-41-10:NettyServerCnxnFactory$CnxnChannelHandler@231] - Zookeeper server is not running, close the connection before starting the TLS handshake
2021-11-08 11:13:36,259 [myid:] - INFO  [main:FourLetterWordMain@94] - connecting to 127.0.0.1 30101
2021-11-08 11:13:36,259 [myid:1] - WARN  [nioEventLoopGroup-41-11:NettyServerCnxnFactory$CnxnChannelHandler@231] - Zookeeper server is not running, close the connection before starting the TLS handshake
2021-11-08 11:13:36,275 [myid:] - INFO  [main:ClientBase@267] - server 127.0.0.1:30101 not up
java.net.SocketException: Software caused connection abort: recv failed
	at java.net.SocketInputStream.socketRead0(Native Method)
	at java.net.SocketInputStream.read(SocketInputStream.java:150)
	at java.net.SocketInputStream.read(SocketInputStream.java:121)
	at sun.nio.cs.StreamDecoder.readBytes(StreamDecoder.java:284)
	at sun.nio.cs.StreamDecoder.implRead(StreamDecoder.java:326)
	at sun.nio.cs.StreamDecoder.read(StreamDecoder.java:178)
	at java.io.InputStreamReader.read(InputStreamReader.java:184)
	at java.io.BufferedReader.fill(BufferedReader.java:161)
	at java.io.BufferedReader.readLine(BufferedReader.java:324)
	at java.io.BufferedReader.readLine(BufferedReader.java:389)
	at org.apache.zookeeper.client.FourLetterWordMain.send4LetterWord(FourLetterWordMain.java:129)
	at org.apache.zookeeper.client.FourLetterWordMain.send4LetterWord(FourLetterWordMain.java:74)
	at org.apache.zookeeper.test.ClientBase.waitForServerUp(ClientBase.java:258)
	at org.apache.zookeeper.test.ClientBase.waitForServerUp(ClientBase.java:249)
	at org.apache.zookeeper.server.quorum.QuorumSSLTest.testQuorumSSL(QuorumSSLTest.java:466)
	at sun.reflect.NativeMethodAccessorImpl.invoke0(Native Method)
	at sun.reflect.NativeMethodAccessorImpl.invoke(NativeMethodAccessorImpl.java:62)
	at sun.reflect.DelegatingMethodAccessorImpl.invoke(DelegatingMethodAccessorImpl.java:43)
	at java.lang.reflect.Method.invoke(Method.java:483)
	at org.junit.platform.commons.util.ReflectionUtils.invokeMethod(ReflectionUtils.java:686)
	at org.junit.jupiter.engine.execution.MethodInvocation.proceed(MethodInvocation.java:60)
	at org.junit.jupiter.engine.execution.InvocationInterceptorChain$ValidatingInvocation.proceed(InvocationInterceptorChain.java:131)
	at org.junit.jupiter.engine.extension.TimeoutInvocation.proceed(TimeoutInvocation.java:46)
	at org.junit.jupiter.engine.extension.TimeoutExtension.intercept(TimeoutExtension.java:149)
	at org.junit.jupiter.engine.extension.TimeoutExtension.interceptTestableMethod(TimeoutExtension.java:140)
	at org.junit.jupiter.engine.extension.TimeoutExtension.interceptTestMethod(TimeoutExtension.java:84)
	at org.junit.jupiter.engine.descriptor.TestMethodTestDescriptor$$Lambda$111/1780132728.apply(Unknown Source)
	at org.junit.jupiter.engine.execution.ExecutableInvoker$ReflectiveInterceptorCall.lambda$ofVoidMethod$0(ExecutableInvoker.java:115)
	at org.junit.jupiter.engine.execution.ExecutableInvoker$ReflectiveInterceptorCall$$Lambda$112/1725017993.apply(Unknown Source)
	at org.junit.jupiter.engine.execution.ExecutableInvoker.lambda$invoke$0(ExecutableInvoker.java:105)
	at org.junit.jupiter.engine.execution.ExecutableInvoker$$Lambda$234/64133603.apply(Unknown Source)
	at org.junit.jupiter.engine.execution.InvocationInterceptorChain$InterceptedInvocation.proceed(InvocationInterceptorChain.java:106)
	at org.junit.jupiter.engine.execution.InvocationInterceptorChain.proceed(InvocationInterceptorChain.java:64)
	at org.junit.jupiter.engine.execution.InvocationInterceptorChain.chainAndInvoke(InvocationInterceptorChain.java:45)
	at org.junit.jupiter.engine.execution.InvocationInterceptorChain.invoke(InvocationInterceptorChain.java:37)
	at org.junit.jupiter.engine.execution.ExecutableInvoker.invoke(ExecutableInvoker.java:104)
	at org.junit.jupiter.engine.execution.ExecutableInvoker.invoke(ExecutableInvoker.java:98)
	at org.junit.jupiter.engine.descriptor.TestMethodTestDescriptor.lambda$invokeTestMethod$6(TestMethodTestDescriptor.java:212)
	at org.junit.jupiter.engine.descriptor.TestMethodTestDescriptor$$Lambda$271/224100622.execute(Unknown Source)
	at org.junit.platform.engine.support.hierarchical.ThrowableCollector.execute(ThrowableCollector.java:73)
	at org.junit.jupiter.engine.descriptor.TestMethodTestDescriptor.invokeTestMethod(TestMethodTestDescriptor.java:208)
	at org.junit.jupiter.engine.descriptor.TestMethodTestDescriptor.execute(TestMethodTestDescriptor.java:137)
	at org.junit.jupiter.engine.descriptor.TestMethodTestDescriptor.execute(TestMethodTestDescriptor.java:71)
	at org.junit.platform.engine.support.hierarchical.NodeTestTask.lambda$executeRecursively$5(NodeTestTask.java:135)
	at org.junit.platform.engine.support.hierarchical.NodeTestTask$$Lambda$179/195615004.execute(Unknown Source)
	at org.junit.platform.engine.support.hierarchical.ThrowableCollector.execute(ThrowableCollector.java:73)
	at org.junit.platform.engine.support.hierarchical.NodeTestTask.lambda$executeRecursively$7(NodeTestTask.java:125)
	at org.junit.platform.engine.support.hierarchical.NodeTestTask$$Lambda$178/1890627974.invoke(Unknown Source)
	at org.junit.platform.engine.support.hierarchical.Node.around(Node.java:135)
	at org.junit.platform.engine.support.hierarchical.NodeTestTask.lambda$executeRecursively$8(NodeTestTask.java:123)
	at org.junit.platform.engine.support.hierarchical.NodeTestTask$$Lambda$177/231977479.execute(Unknown Source)
	at org.junit.platform.engine.support.hierarchical.ThrowableCollector.execute(ThrowableCollector.java:73)
	at org.junit.platform.engine.support.hierarchical.NodeTestTask.executeRecursively(NodeTestTask.java:122)
	at org.junit.platform.engine.support.hierarchical.NodeTestTask.execute(NodeTestTask.java:80)
	at org.junit.platform.engine.support.hierarchical.SameThreadHierarchicalTestExecutorService$$Lambda$183/1381713434.accept(Unknown Source)
	at java.util.ArrayList.forEach(ArrayList.java:1249)
	at org.junit.platform.engine.support.hierarchical.SameThreadHierarchicalTestExecutorService.invokeAll(SameThreadHierarchicalTestExecutorService.java:38)
	at org.junit.platform.engine.support.hierarchical.NodeTestTask.lambda$executeRecursively$5(NodeTestTask.java:139)
	at org.junit.platform.engine.support.hierarchical.NodeTestTask$$Lambda$179/195615004.execute(Unknown Source)
	at org.junit.platform.engine.support.hierarchical.ThrowableCollector.execute(ThrowableCollector.java:73)
	at org.junit.platform.engine.support.hierarchical.NodeTestTask.lambda$executeRecursively$7(NodeTestTask.java:125)
	at org.junit.platform.engine.support.hierarchical.NodeTestTask$$Lambda$178/1890627974.invoke(Unknown Source)
	at org.junit.platform.engine.support.hierarchical.Node.around(Node.java:135)
	at org.junit.platform.engine.support.hierarchical.NodeTestTask.lambda$executeRecursively$8(NodeTestTask.java:123)
	at org.junit.platform.engine.support.hierarchical.NodeTestTask$$Lambda$177/231977479.execute(Unknown Source)
	at org.junit.platform.engine.support.hierarchical.ThrowableCollector.execute(ThrowableCollector.java:73)
	at org.junit.platform.engine.support.hierarchical.NodeTestTask.executeRecursively(NodeTestTask.java:122)
	at org.junit.platform.engine.support.hierarchical.NodeTestTask.execute(NodeTestTask.java:80)
	at org.junit.platform.engine.support.hierarchical.SameThreadHierarchicalTestExecutorService$$Lambda$183/1381713434.accept(Unknown Source)
	at java.util.ArrayList.forEach(ArrayList.java:1249)
	at org.junit.platform.engine.support.hierarchical.SameThreadHierarchicalTestExecutorService.invokeAll(SameThreadHierarchicalTestExecutorService.java:38)
	at org.junit.platform.engine.support.hierarchical.NodeTestTask.lambda$executeRecursively$5(NodeTestTask.java:139)
	at org.junit.platform.engine.support.hierarchical.NodeTestTask$$Lambda$179/195615004.execute(Unknown Source)
	at org.junit.platform.engine.support.hierarchical.ThrowableCollector.execute(ThrowableCollector.java:73)
	at org.junit.platform.engine.support.hierarchical.NodeTestTask.lambda$executeRecursively$7(NodeTestTask.java:125)
	at org.junit.platform.engine.support.hierarchical.NodeTestTask$$Lambda$178/1890627974.invoke(Unknown Source)
	at org.junit.platform.engine.support.hierarchical.Node.around(Node.java:135)
	at org.junit.platform.engine.support.hierarchical.NodeTestTask.lambda$executeRecursively$8(NodeTestTask.java:123)
	at org.junit.platform.engine.support.hierarchical.NodeTestTask$$Lambda$177/231977479.execute(Unknown Source)
	at org.junit.platform.engine.support.hierarchical.ThrowableCollector.execute(ThrowableCollector.java:73)
	at org.junit.platform.engine.support.hierarchical.NodeTestTask.executeRecursively(NodeTestTask.java:122)
	at org.junit.platform.engine.support.hierarchical.NodeTestTask.execute(NodeTestTask.java:80)
	at org.junit.platform.engine.support.hierarchical.SameThreadHierarchicalTestExecutorService.submit(SameThreadHierarchicalTestExecutorService.java:32)
	at org.junit.platform.engine.support.hierarchical.HierarchicalTestExecutor.execute(HierarchicalTestExecutor.java:57)
	at org.junit.platform.engine.support.hierarchical.HierarchicalTestEngine.execute(HierarchicalTestEngine.java:51)
	at org.junit.platform.launcher.core.DefaultLauncher.execute(DefaultLauncher.java:248)
	at org.junit.platform.launcher.core.DefaultLauncher.lambda$execute$5(DefaultLauncher.java:211)
	at org.junit.platform.launcher.core.DefaultLauncher$$Lambda$143/233996206.accept(Unknown Source)
	at org.junit.platform.launcher.core.DefaultLauncher.withInterceptedStreams(DefaultLauncher.java:226)
	at org.junit.platform.launcher.core.DefaultLauncher.execute(DefaultLauncher.java:199)
	at org.junit.platform.launcher.core.DefaultLauncher.execute(DefaultLauncher.java:132)
	at org.apache.maven.surefire.junitplatform.JUnitPlatformProvider.invokeAllTests(JUnitPlatformProvider.java:142)
	at org.apache.maven.surefire.junitplatform.JUnitPlatformProvider.invoke(JUnitPlatformProvider.java:113)
	at org.apache.maven.surefire.booter.ForkedBooter.invokeProviderInSameClassLoader(ForkedBooter.java:384)
	at org.apache.maven.surefire.booter.ForkedBooter.runSuitesInProcess(ForkedBooter.java:345)
	at org.apache.maven.surefire.booter.ForkedBooter.execute(ForkedBooter.java:126)
	at org.apache.maven.surefire.booter.ForkedBooter.main(ForkedBooter.java:418)
2021-11-08 11:13:36,528 [myid:] - INFO  [main:FourLetterWordMain@94] - connecting to 127.0.0.1 30101
2021-11-08 11:13:36,529 [myid:1] - WARN  [nioEventLoopGroup-41-12:NettyServerCnxnFactory$CnxnChannelHandler@231] - Zookeeper server is not running, close the connection before starting the TLS handshake
2021-11-08 11:13:36,529 [myid:] - INFO  [main:ClientBase@267] - server 127.0.0.1:30101 not up
java.net.SocketException: Software caused connection abort: recv failed
	at java.net.SocketInputStream.socketRead0(Native Method)
	at java.net.SocketInputStream.read(SocketInputStream.java:150)
	at java.net.SocketInputStream.read(SocketInputStream.java:121)
	at sun.nio.cs.StreamDecoder.readBytes(StreamDecoder.java:284)
	at sun.nio.cs.StreamDecoder.implRead(StreamDecoder.java:326)
	at sun.nio.cs.StreamDecoder.read(StreamDecoder.java:178)
	at java.io.InputStreamReader.read(InputStreamReader.java:184)
	at java.io.BufferedReader.fill(BufferedReader.java:161)
	at java.io.BufferedReader.readLine(BufferedReader.java:324)
	at java.io.BufferedReader.readLine(BufferedReader.java:389)
	at org.apache.zookeeper.client.FourLetterWordMain.send4LetterWord(FourLetterWordMain.java:129)
	at org.apache.zookeeper.client.FourLetterWordMain.send4LetterWord(FourLetterWordMain.java:74)
	at org.apache.zookeeper.test.ClientBase.waitForServerUp(ClientBase.java:258)
	at org.apache.zookeeper.test.ClientBase.waitForServerUp(ClientBase.java:249)
	at org.apache.zookeeper.server.quorum.QuorumSSLTest.testQuorumSSL(QuorumSSLTest.java:466)
	at sun.reflect.NativeMethodAccessorImpl.invoke0(Native Method)
	at sun.reflect.NativeMethodAccessorImpl.invoke(NativeMethodAccessorImpl.java:62)
	at sun.reflect.DelegatingMethodAccessorImpl.invoke(DelegatingMethodAccessorImpl.java:43)
	at java.lang.reflect.Method.invoke(Method.java:483)
	at org.junit.platform.commons.util.ReflectionUtils.invokeMethod(ReflectionUtils.java:686)
	at org.junit.jupiter.engine.execution.MethodInvocation.proceed(MethodInvocation.java:60)
	at org.junit.jupiter.engine.execution.InvocationInterceptorChain$ValidatingInvocation.proceed(InvocationInterceptorChain.java:131)
	at org.junit.jupiter.engine.extension.TimeoutInvocation.proceed(TimeoutInvocation.java:46)
	at org.junit.jupiter.engine.extension.TimeoutExtension.intercept(TimeoutExtension.java:149)
	at org.junit.jupiter.engine.extension.TimeoutExtension.interceptTestableMethod(TimeoutExtension.java:140)
	at org.junit.jupiter.engine.extension.TimeoutExtension.interceptTestMethod(TimeoutExtension.java:84)
	at org.junit.jupiter.engine.descriptor.TestMethodTestDescriptor$$Lambda$111/1780132728.apply(Unknown Source)
	at org.junit.jupiter.engine.execution.ExecutableInvoker$ReflectiveInterceptorCall.lambda$ofVoidMethod$0(ExecutableInvoker.java:115)
	at org.junit.jupiter.engine.execution.ExecutableInvoker$ReflectiveInterceptorCall$$Lambda$112/1725017993.apply(Unknown Source)
	at org.junit.jupiter.engine.execution.ExecutableInvoker.lambda$invoke$0(ExecutableInvoker.java:105)
	at org.junit.jupiter.engine.execution.ExecutableInvoker$$Lambda$234/64133603.apply(Unknown Source)
	at org.junit.jupiter.engine.execution.InvocationInterceptorChain$InterceptedInvocation.proceed(InvocationInterceptorChain.java:106)
	at org.junit.jupiter.engine.execution.InvocationInterceptorChain.proceed(InvocationInterceptorChain.java:64)
	at org.junit.jupiter.engine.execution.InvocationInterceptorChain.chainAndInvoke(InvocationInterceptorChain.java:45)
	at org.junit.jupiter.engine.execution.InvocationInterceptorChain.invoke(InvocationInterceptorChain.java:37)
	at org.junit.jupiter.engine.execution.ExecutableInvoker.invoke(ExecutableInvoker.java:104)
	at org.junit.jupiter.engine.execution.ExecutableInvoker.invoke(ExecutableInvoker.java:98)
	at org.junit.jupiter.engine.descriptor.TestMethodTestDescriptor.lambda$invokeTestMethod$6(TestMethodTestDescriptor.java:212)
	at org.junit.jupiter.engine.descriptor.TestMethodTestDescriptor$$Lambda$271/224100622.execute(Unknown Source)
	at org.junit.platform.engine.support.hierarchical.ThrowableCollector.execute(ThrowableCollector.java:73)
	at org.junit.jupiter.engine.descriptor.TestMethodTestDescriptor.invokeTestMethod(TestMethodTestDescriptor.java:208)
	at org.junit.jupiter.engine.descriptor.TestMethodTestDescriptor.execute(TestMethodTestDescriptor.java:137)
	at org.junit.jupiter.engine.descriptor.TestMethodTestDescriptor.execute(TestMethodTestDescriptor.java:71)
	at org.junit.platform.engine.support.hierarchical.NodeTestTask.lambda$executeRecursively$5(NodeTestTask.java:135)
	at org.junit.platform.engine.support.hierarchical.NodeTestTask$$Lambda$179/195615004.execute(Unknown Source)
	at org.junit.platform.engine.support.hierarchical.ThrowableCollector.execute(ThrowableCollector.java:73)
	at org.junit.platform.engine.support.hierarchical.NodeTestTask.lambda$executeRecursively$7(NodeTestTask.java:125)
	at org.junit.platform.engine.support.hierarchical.NodeTestTask$$Lambda$178/1890627974.invoke(Unknown Source)
	at org.junit.platform.engine.support.hierarchical.Node.around(Node.java:135)
	at org.junit.platform.engine.support.hierarchical.NodeTestTask.lambda$executeRecursively$8(NodeTestTask.java:123)
	at org.junit.platform.engine.support.hierarchical.NodeTestTask$$Lambda$177/231977479.execute(Unknown Source)
	at org.junit.platform.engine.support.hierarchical.ThrowableCollector.execute(ThrowableCollector.java:73)
	at org.junit.platform.engine.support.hierarchical.NodeTestTask.executeRecursively(NodeTestTask.java:122)
	at org.junit.platform.engine.support.hierarchical.NodeTestTask.execute(NodeTestTask.java:80)
	at org.junit.platform.engine.support.hierarchical.SameThreadHierarchicalTestExecutorService$$Lambda$183/1381713434.accept(Unknown Source)
	at java.util.ArrayList.forEach(ArrayList.java:1249)
	at org.junit.platform.engine.support.hierarchical.SameThreadHierarchicalTestExecutorService.invokeAll(SameThreadHierarchicalTestExecutorService.java:38)
	at org.junit.platform.engine.support.hierarchical.NodeTestTask.lambda$executeRecursively$5(NodeTestTask.java:139)
	at org.junit.platform.engine.support.hierarchical.NodeTestTask$$Lambda$179/195615004.execute(Unknown Source)
	at org.junit.platform.engine.support.hierarchical.ThrowableCollector.execute(ThrowableCollector.java:73)
	at org.junit.platform.engine.support.hierarchical.NodeTestTask.lambda$executeRecursively$7(NodeTestTask.java:125)
	at org.junit.platform.engine.support.hierarchical.NodeTestTask$$Lambda$178/1890627974.invoke(Unknown Source)
	at org.junit.platform.engine.support.hierarchical.Node.around(Node.java:135)
	at org.junit.platform.engine.support.hierarchical.NodeTestTask.lambda$executeRecursively$8(NodeTestTask.java:123)
	at org.junit.platform.engine.support.hierarchical.NodeTestTask$$Lambda$177/231977479.execute(Unknown Source)
	at org.junit.platform.engine.support.hierarchical.ThrowableCollector.execute(ThrowableCollector.java:73)
	at org.junit.platform.engine.support.hierarchical.NodeTestTask.executeRecursively(NodeTestTask.java:122)
	at org.junit.platform.engine.support.hierarchical.NodeTestTask.execute(NodeTestTask.java:80)
	at org.junit.platform.engine.support.hierarchical.SameThreadHierarchicalTestExecutorService$$Lambda$183/1381713434.accept(Unknown Source)
	at java.util.ArrayList.forEach(ArrayList.java:1249)
	at org.junit.platform.engine.support.hierarchical.SameThreadHierarchicalTestExecutorService.invokeAll(SameThreadHierarchicalTestExecutorService.java:38)
	at org.junit.platform.engine.support.hierarchical.NodeTestTask.lambda$executeRecursively$5(NodeTestTask.java:139)
	at org.junit.platform.engine.support.hierarchical.NodeTestTask$$Lambda$179/195615004.execute(Unknown Source)
	at org.junit.platform.engine.support.hierarchical.ThrowableCollector.execute(ThrowableCollector.java:73)
	at org.junit.platform.engine.support.hierarchical.NodeTestTask.lambda$executeRecursively$7(NodeTestTask.java:125)
	at org.junit.platform.engine.support.hierarchical.NodeTestTask$$Lambda$178/1890627974.invoke(Unknown Source)
	at org.junit.platform.engine.support.hierarchical.Node.around(Node.java:135)
	at org.junit.platform.engine.support.hierarchical.NodeTestTask.lambda$executeRecursively$8(NodeTestTask.java:123)
	at org.junit.platform.engine.support.hierarchical.NodeTestTask$$Lambda$177/231977479.execute(Unknown Source)
	at org.junit.platform.engine.support.hierarchical.ThrowableCollector.execute(ThrowableCollector.java:73)
	at org.junit.platform.engine.support.hierarchical.NodeTestTask.executeRecursively(NodeTestTask.java:122)
	at org.junit.platform.engine.support.hierarchical.NodeTestTask.execute(NodeTestTask.java:80)
	at org.junit.platform.engine.support.hierarchical.SameThreadHierarchicalTestExecutorService.submit(SameThreadHierarchicalTestExecutorService.java:32)
	at org.junit.platform.engine.support.hierarchical.HierarchicalTestExecutor.execute(HierarchicalTestExecutor.java:57)
	at org.junit.platform.engine.support.hierarchical.HierarchicalTestEngine.execute(HierarchicalTestEngine.java:51)
	at org.junit.platform.launcher.core.DefaultLauncher.execute(DefaultLauncher.java:248)
	at org.junit.platform.launcher.core.DefaultLauncher.lambda$execute$5(DefaultLauncher.java:211)
	at org.junit.platform.launcher.core.DefaultLauncher$$Lambda$143/233996206.accept(Unknown Source)
	at org.junit.platform.launcher.core.DefaultLauncher.withInterceptedStreams(DefaultLauncher.java:226)
	at org.junit.platform.launcher.core.DefaultLauncher.execute(DefaultLauncher.java:199)
	at org.junit.platform.launcher.core.DefaultLauncher.execute(DefaultLauncher.java:132)
	at org.apache.maven.surefire.junitplatform.JUnitPlatformProvider.invokeAllTests(JUnitPlatformProvider.java:142)
	at org.apache.maven.surefire.junitplatform.JUnitPlatformProvider.invoke(JUnitPlatformProvider.java:113)
	at org.apache.maven.surefire.booter.ForkedBooter.invokeProviderInSameClassLoader(ForkedBooter.java:384)
	at org.apache.maven.surefire.booter.ForkedBooter.runSuitesInProcess(ForkedBooter.java:345)
	at org.apache.maven.surefire.booter.ForkedBooter.execute(ForkedBooter.java:126)
	at org.apache.maven.surefire.booter.ForkedBooter.main(ForkedBooter.java:418)
2021-11-08 11:13:36,685 [myid:1] - INFO  [QuorumPeer[myid=1](plain=[0:0:0:0:0:0:0:0]:30101)(secure=disabled):FastLeaderElection@984] - Notification time out: 6400
2021-11-08 11:13:36,686 [myid:2] - INFO  [QuorumPeer[myid=2](plain=[0:0:0:0:0:0:0:0]:30102)(secure=disabled):FastLeaderElection@984] - Notification time out: 6400
2021-11-08 11:13:36,793 [myid:] - INFO  [main:FourLetterWordMain@94] - connecting to 127.0.0.1 30101
2021-11-08 11:13:36,794 [myid:1] - WARN  [nioEventLoopGroup-41-1:NettyServerCnxnFactory$CnxnChannelHandler@231] - Zookeeper server is not running, close the connection before starting the TLS handshake
2021-11-08 11:13:37,049 [myid:] - INFO  [main:FourLetterWordMain@94] - connecting to 127.0.0.1 30101
2021-11-08 11:13:37,050 [myid:1] - WARN  [nioEventLoopGroup-41-2:NettyServerCnxnFactory$CnxnChannelHandler@231] - Zookeeper server is not running, close the connection before starting the TLS handshake
2021-11-08 11:13:37,301 [myid:] - INFO  [main:FourLetterWordMain@94] - connecting to 127.0.0.1 30101
2021-11-08 11:13:37,302 [myid:1] - WARN  [nioEventLoopGroup-41-3:NettyServerCnxnFactory$CnxnChannelHandler@231] - Zookeeper server is not running, close the connection before starting the TLS handshake
2021-11-08 11:13:37,316 [myid:] - INFO  [main:ClientBase@267] - server 127.0.0.1:30101 not up
java.net.SocketException: Software caused connection abort: recv failed
	at java.net.SocketInputStream.socketRead0(Native Method)
	at java.net.SocketInputStream.read(SocketInputStream.java:150)
	at java.net.SocketInputStream.read(SocketInputStream.java:121)
	at sun.nio.cs.StreamDecoder.readBytes(StreamDecoder.java:284)
	at sun.nio.cs.StreamDecoder.implRead(StreamDecoder.java:326)
	at sun.nio.cs.StreamDecoder.read(StreamDecoder.java:178)
	at java.io.InputStreamReader.read(InputStreamReader.java:184)
	at java.io.BufferedReader.fill(BufferedReader.java:161)
	at java.io.BufferedReader.readLine(BufferedReader.java:324)
	at java.io.BufferedReader.readLine(BufferedReader.java:389)
	at org.apache.zookeeper.client.FourLetterWordMain.send4LetterWord(FourLetterWordMain.java:129)
	at org.apache.zookeeper.client.FourLetterWordMain.send4LetterWord(FourLetterWordMain.java:74)
	at org.apache.zookeeper.test.ClientBase.waitForServerUp(ClientBase.java:258)
	at org.apache.zookeeper.test.ClientBase.waitForServerUp(ClientBase.java:249)
	at org.apache.zookeeper.server.quorum.QuorumSSLTest.testQuorumSSL(QuorumSSLTest.java:466)
	at sun.reflect.NativeMethodAccessorImpl.invoke0(Native Method)
	at sun.reflect.NativeMethodAccessorImpl.invoke(NativeMethodAccessorImpl.java:62)
	at sun.reflect.DelegatingMethodAccessorImpl.invoke(DelegatingMethodAccessorImpl.java:43)
	at java.lang.reflect.Method.invoke(Method.java:483)
	at org.junit.platform.commons.util.ReflectionUtils.invokeMethod(ReflectionUtils.java:686)
	at org.junit.jupiter.engine.execution.MethodInvocation.proceed(MethodInvocation.java:60)
	at org.junit.jupiter.engine.execution.InvocationInterceptorChain$ValidatingInvocation.proceed(InvocationInterceptorChain.java:131)
	at org.junit.jupiter.engine.extension.TimeoutInvocation.proceed(TimeoutInvocation.java:46)
	at org.junit.jupiter.engine.extension.TimeoutExtension.intercept(TimeoutExtension.java:149)
	at org.junit.jupiter.engine.extension.TimeoutExtension.interceptTestableMethod(TimeoutExtension.java:140)
	at org.junit.jupiter.engine.extension.TimeoutExtension.interceptTestMethod(TimeoutExtension.java:84)
	at org.junit.jupiter.engine.descriptor.TestMethodTestDescriptor$$Lambda$111/1780132728.apply(Unknown Source)
	at org.junit.jupiter.engine.execution.ExecutableInvoker$ReflectiveInterceptorCall.lambda$ofVoidMethod$0(ExecutableInvoker.java:115)
	at org.junit.jupiter.engine.execution.ExecutableInvoker$ReflectiveInterceptorCall$$Lambda$112/1725017993.apply(Unknown Source)
	at org.junit.jupiter.engine.execution.ExecutableInvoker.lambda$invoke$0(ExecutableInvoker.java:105)
	at org.junit.jupiter.engine.execution.ExecutableInvoker$$Lambda$234/64133603.apply(Unknown Source)
	at org.junit.jupiter.engine.execution.InvocationInterceptorChain$InterceptedInvocation.proceed(InvocationInterceptorChain.java:106)
	at org.junit.jupiter.engine.execution.InvocationInterceptorChain.proceed(InvocationInterceptorChain.java:64)
	at org.junit.jupiter.engine.execution.InvocationInterceptorChain.chainAndInvoke(InvocationInterceptorChain.java:45)
	at org.junit.jupiter.engine.execution.InvocationInterceptorChain.invoke(InvocationInterceptorChain.java:37)
	at org.junit.jupiter.engine.execution.ExecutableInvoker.invoke(ExecutableInvoker.java:104)
	at org.junit.jupiter.engine.execution.ExecutableInvoker.invoke(ExecutableInvoker.java:98)
	at org.junit.jupiter.engine.descriptor.TestMethodTestDescriptor.lambda$invokeTestMethod$6(TestMethodTestDescriptor.java:212)
	at org.junit.jupiter.engine.descriptor.TestMethodTestDescriptor$$Lambda$271/224100622.execute(Unknown Source)
	at org.junit.platform.engine.support.hierarchical.ThrowableCollector.execute(ThrowableCollector.java:73)
	at org.junit.jupiter.engine.descriptor.TestMethodTestDescriptor.invokeTestMethod(TestMethodTestDescriptor.java:208)
	at org.junit.jupiter.engine.descriptor.TestMethodTestDescriptor.execute(TestMethodTestDescriptor.java:137)
	at org.junit.jupiter.engine.descriptor.TestMethodTestDescriptor.execute(TestMethodTestDescriptor.java:71)
	at org.junit.platform.engine.support.hierarchical.NodeTestTask.lambda$executeRecursively$5(NodeTestTask.java:135)
	at org.junit.platform.engine.support.hierarchical.NodeTestTask$$Lambda$179/195615004.execute(Unknown Source)
	at org.junit.platform.engine.support.hierarchical.ThrowableCollector.execute(ThrowableCollector.java:73)
	at org.junit.platform.engine.support.hierarchical.NodeTestTask.lambda$executeRecursively$7(NodeTestTask.java:125)
	at org.junit.platform.engine.support.hierarchical.NodeTestTask$$Lambda$178/1890627974.invoke(Unknown Source)
	at org.junit.platform.engine.support.hierarchical.Node.around(Node.java:135)
	at org.junit.platform.engine.support.hierarchical.NodeTestTask.lambda$executeRecursively$8(NodeTestTask.java:123)
	at org.junit.platform.engine.support.hierarchical.NodeTestTask$$Lambda$177/231977479.execute(Unknown Source)
	at org.junit.platform.engine.support.hierarchical.ThrowableCollector.execute(ThrowableCollector.java:73)
	at org.junit.platform.engine.support.hierarchical.NodeTestTask.executeRecursively(NodeTestTask.java:122)
	at org.junit.platform.engine.support.hierarchical.NodeTestTask.execute(NodeTestTask.java:80)
	at org.junit.platform.engine.support.hierarchical.SameThreadHierarchicalTestExecutorService$$Lambda$183/1381713434.accept(Unknown Source)
	at java.util.ArrayList.forEach(ArrayList.java:1249)
	at org.junit.platform.engine.support.hierarchical.SameThreadHierarchicalTestExecutorService.invokeAll(SameThreadHierarchicalTestExecutorService.java:38)
	at org.junit.platform.engine.support.hierarchical.NodeTestTask.lambda$executeRecursively$5(NodeTestTask.java:139)
	at org.junit.platform.engine.support.hierarchical.NodeTestTask$$Lambda$179/195615004.execute(Unknown Source)
	at org.junit.platform.engine.support.hierarchical.ThrowableCollector.execute(ThrowableCollector.java:73)
	at org.junit.platform.engine.support.hierarchical.NodeTestTask.lambda$executeRecursively$7(NodeTestTask.java:125)
	at org.junit.platform.engine.support.hierarchical.NodeTestTask$$Lambda$178/1890627974.invoke(Unknown Source)
	at org.junit.platform.engine.support.hierarchical.Node.around(Node.java:135)
	at org.junit.platform.engine.support.hierarchical.NodeTestTask.lambda$executeRecursively$8(NodeTestTask.java:123)
	at org.junit.platform.engine.support.hierarchical.NodeTestTask$$Lambda$177/231977479.execute(Unknown Source)
	at org.junit.platform.engine.support.hierarchical.ThrowableCollector.execute(ThrowableCollector.java:73)
	at org.junit.platform.engine.support.hierarchical.NodeTestTask.executeRecursively(NodeTestTask.java:122)
	at org.junit.platform.engine.support.hierarchical.NodeTestTask.execute(NodeTestTask.java:80)
	at org.junit.platform.engine.support.hierarchical.SameThreadHierarchicalTestExecutorService$$Lambda$183/1381713434.accept(Unknown Source)
	at java.util.ArrayList.forEach(ArrayList.java:1249)
	at org.junit.platform.engine.support.hierarchical.SameThreadHierarchicalTestExecutorService.invokeAll(SameThreadHierarchicalTestExecutorService.java:38)
	at org.junit.platform.engine.support.hierarchical.NodeTestTask.lambda$executeRecursively$5(NodeTestTask.java:139)
	at org.junit.platform.engine.support.hierarchical.NodeTestTask$$Lambda$179/195615004.execute(Unknown Source)
	at org.junit.platform.engine.support.hierarchical.ThrowableCollector.execute(ThrowableCollector.java:73)
	at org.junit.platform.engine.support.hierarchical.NodeTestTask.lambda$executeRecursively$7(NodeTestTask.java:125)
	at org.junit.platform.engine.support.hierarchical.NodeTestTask$$Lambda$178/1890627974.invoke(Unknown Source)
	at org.junit.platform.engine.support.hierarchical.Node.around(Node.java:135)
	at org.junit.platform.engine.support.hierarchical.NodeTestTask.lambda$executeRecursively$8(NodeTestTask.java:123)
	at org.junit.platform.engine.support.hierarchical.NodeTestTask$$Lambda$177/231977479.execute(Unknown Source)
	at org.junit.platform.engine.support.hierarchical.ThrowableCollector.execute(ThrowableCollector.java:73)
	at org.junit.platform.engine.support.hierarchical.NodeTestTask.executeRecursively(NodeTestTask.java:122)
	at org.junit.platform.engine.support.hierarchical.NodeTestTask.execute(NodeTestTask.java:80)
	at org.junit.platform.engine.support.hierarchical.SameThreadHierarchicalTestExecutorService.submit(SameThreadHierarchicalTestExecutorService.java:32)
	at org.junit.platform.engine.support.hierarchical.HierarchicalTestExecutor.execute(HierarchicalTestExecutor.java:57)
	at org.junit.platform.engine.support.hierarchical.HierarchicalTestEngine.execute(HierarchicalTestEngine.java:51)
	at org.junit.platform.launcher.core.DefaultLauncher.execute(DefaultLauncher.java:248)
	at org.junit.platform.launcher.core.DefaultLauncher.lambda$execute$5(DefaultLauncher.java:211)
	at org.junit.platform.launcher.core.DefaultLauncher$$Lambda$143/233996206.accept(Unknown Source)
	at org.junit.platform.launcher.core.DefaultLauncher.withInterceptedStreams(DefaultLauncher.java:226)
	at org.junit.platform.launcher.core.DefaultLauncher.execute(DefaultLauncher.java:199)
	at org.junit.platform.launcher.core.DefaultLauncher.execute(DefaultLauncher.java:132)
	at org.apache.maven.surefire.junitplatform.JUnitPlatformProvider.invokeAllTests(JUnitPlatformProvider.java:142)
	at org.apache.maven.surefire.junitplatform.JUnitPlatformProvider.invoke(JUnitPlatformProvider.java:113)
	at org.apache.maven.surefire.booter.ForkedBooter.invokeProviderInSameClassLoader(ForkedBooter.java:384)
	at org.apache.maven.surefire.booter.ForkedBooter.runSuitesInProcess(ForkedBooter.java:345)
	at org.apache.maven.surefire.booter.ForkedBooter.execute(ForkedBooter.java:126)
	at org.apache.maven.surefire.booter.ForkedBooter.main(ForkedBooter.java:418)
2021-11-08 11:13:37,569 [myid:] - INFO  [main:FourLetterWordMain@94] - connecting to 127.0.0.1 30101
2021-11-08 11:13:37,569 [myid:1] - WARN  [nioEventLoopGroup-41-4:NettyServerCnxnFactory$CnxnChannelHandler@231] - Zookeeper server is not running, close the connection before starting the TLS handshake
2021-11-08 11:13:37,832 [myid:] - INFO  [main:FourLetterWordMain@94] - connecting to 127.0.0.1 30101
2021-11-08 11:13:37,833 [myid:1] - WARN  [nioEventLoopGroup-41-5:NettyServerCnxnFactory$CnxnChannelHandler@231] - Zookeeper server is not running, close the connection before starting the TLS handshake
2021-11-08 11:13:38,096 [myid:] - INFO  [main:FourLetterWordMain@94] - connecting to 127.0.0.1 30101
2021-11-08 11:13:38,096 [myid:1] - WARN  [nioEventLoopGroup-41-6:NettyServerCnxnFactory$CnxnChannelHandler@231] - Zookeeper server is not running, close the connection before starting the TLS handshake
2021-11-08 11:13:38,361 [myid:] - INFO  [main:FourLetterWordMain@94] - connecting to 127.0.0.1 30101
2021-11-08 11:13:38,361 [myid:1] - WARN  [nioEventLoopGroup-41-7:NettyServerCnxnFactory$CnxnChannelHandler@231] - Zookeeper server is not running, close the connection before starting the TLS handshake
2021-11-08 11:13:38,612 [myid:] - INFO  [main:FourLetterWordMain@94] - connecting to 127.0.0.1 30101
2021-11-08 11:13:38,612 [myid:1] - WARN  [nioEventLoopGroup-41-8:NettyServerCnxnFactory$CnxnChannelHandler@231] - Zookeeper server is not running, close the connection before starting the TLS handshake
2021-11-08 11:13:38,877 [myid:] - INFO  [main:FourLetterWordMain@94] - connecting to 127.0.0.1 30101
2021-11-08 11:13:38,878 [myid:1] - WARN  [nioEventLoopGroup-41-9:NettyServerCnxnFactory$CnxnChannelHandler@231] - Zookeeper server is not running, close the connection before starting the TLS handshake
2021-11-08 11:13:39,141 [myid:] - INFO  [main:FourLetterWordMain@94] - connecting to 127.0.0.1 30101
2021-11-08 11:13:39,142 [myid:1] - WARN  [nioEventLoopGroup-41-10:NettyServerCnxnFactory$CnxnChannelHandler@231] - Zookeeper server is not running, close the connection before starting the TLS handshake
2021-11-08 11:13:39,392 [myid:] - INFO  [main:FourLetterWordMain@94] - connecting to 127.0.0.1 30101
2021-11-08 11:13:39,392 [myid:1] - WARN  [nioEventLoopGroup-41-11:NettyServerCnxnFactory$CnxnChannelHandler@231] - Zookeeper server is not running, close the connection before starting the TLS handshake
2021-11-08 11:13:39,647 [myid:] - INFO  [main:FourLetterWordMain@94] - connecting to 127.0.0.1 30101
2021-11-08 11:13:39,647 [myid:1] - WARN  [nioEventLoopGroup-41-12:NettyServerCnxnFactory$CnxnChannelHandler@231] - Zookeeper server is not running, close the connection before starting the TLS handshake
2021-11-08 11:13:39,662 [myid:] - INFO  [main:ClientBase@267] - server 127.0.0.1:30101 not up
java.net.SocketException: Software caused connection abort: recv failed
	at java.net.SocketInputStream.socketRead0(Native Method)
	at java.net.SocketInputStream.read(SocketInputStream.java:150)
	at java.net.SocketInputStream.read(SocketInputStream.java:121)
	at sun.nio.cs.StreamDecoder.readBytes(StreamDecoder.java:284)
	at sun.nio.cs.StreamDecoder.implRead(StreamDecoder.java:326)
	at sun.nio.cs.StreamDecoder.read(StreamDecoder.java:178)
	at java.io.InputStreamReader.read(InputStreamReader.java:184)
	at java.io.BufferedReader.fill(BufferedReader.java:161)
	at java.io.BufferedReader.readLine(BufferedReader.java:324)
	at java.io.BufferedReader.readLine(BufferedReader.java:389)
	at org.apache.zookeeper.client.FourLetterWordMain.send4LetterWord(FourLetterWordMain.java:129)
	at org.apache.zookeeper.client.FourLetterWordMain.send4LetterWord(FourLetterWordMain.java:74)
	at org.apache.zookeeper.test.ClientBase.waitForServerUp(ClientBase.java:258)
	at org.apache.zookeeper.test.ClientBase.waitForServerUp(ClientBase.java:249)
	at org.apache.zookeeper.server.quorum.QuorumSSLTest.testQuorumSSL(QuorumSSLTest.java:466)
	at sun.reflect.NativeMethodAccessorImpl.invoke0(Native Method)
	at sun.reflect.NativeMethodAccessorImpl.invoke(NativeMethodAccessorImpl.java:62)
	at sun.reflect.DelegatingMethodAccessorImpl.invoke(DelegatingMethodAccessorImpl.java:43)
	at java.lang.reflect.Method.invoke(Method.java:483)
	at org.junit.platform.commons.util.ReflectionUtils.invokeMethod(ReflectionUtils.java:686)
	at org.junit.jupiter.engine.execution.MethodInvocation.proceed(MethodInvocation.java:60)
	at org.junit.jupiter.engine.execution.InvocationInterceptorChain$ValidatingInvocation.proceed(InvocationInterceptorChain.java:131)
	at org.junit.jupiter.engine.extension.TimeoutInvocation.proceed(TimeoutInvocation.java:46)
	at org.junit.jupiter.engine.extension.TimeoutExtension.intercept(TimeoutExtension.java:149)
	at org.junit.jupiter.engine.extension.TimeoutExtension.interceptTestableMethod(TimeoutExtension.java:140)
	at org.junit.jupiter.engine.extension.TimeoutExtension.interceptTestMethod(TimeoutExtension.java:84)
	at org.junit.jupiter.engine.descriptor.TestMethodTestDescriptor$$Lambda$111/1780132728.apply(Unknown Source)
	at org.junit.jupiter.engine.execution.ExecutableInvoker$ReflectiveInterceptorCall.lambda$ofVoidMethod$0(ExecutableInvoker.java:115)
	at org.junit.jupiter.engine.execution.ExecutableInvoker$ReflectiveInterceptorCall$$Lambda$112/1725017993.apply(Unknown Source)
	at org.junit.jupiter.engine.execution.ExecutableInvoker.lambda$invoke$0(ExecutableInvoker.java:105)
	at org.junit.jupiter.engine.execution.ExecutableInvoker$$Lambda$234/64133603.apply(Unknown Source)
	at org.junit.jupiter.engine.execution.InvocationInterceptorChain$InterceptedInvocation.proceed(InvocationInterceptorChain.java:106)
	at org.junit.jupiter.engine.execution.InvocationInterceptorChain.proceed(InvocationInterceptorChain.java:64)
	at org.junit.jupiter.engine.execution.InvocationInterceptorChain.chainAndInvoke(InvocationInterceptorChain.java:45)
	at org.junit.jupiter.engine.execution.InvocationInterceptorChain.invoke(InvocationInterceptorChain.java:37)
	at org.junit.jupiter.engine.execution.ExecutableInvoker.invoke(ExecutableInvoker.java:104)
	at org.junit.jupiter.engine.execution.ExecutableInvoker.invoke(ExecutableInvoker.java:98)
	at org.junit.jupiter.engine.descriptor.TestMethodTestDescriptor.lambda$invokeTestMethod$6(TestMethodTestDescriptor.java:212)
	at org.junit.jupiter.engine.descriptor.TestMethodTestDescriptor$$Lambda$271/224100622.execute(Unknown Source)
	at org.junit.platform.engine.support.hierarchical.ThrowableCollector.execute(ThrowableCollector.java:73)
	at org.junit.jupiter.engine.descriptor.TestMethodTestDescriptor.invokeTestMethod(TestMethodTestDescriptor.java:208)
	at org.junit.jupiter.engine.descriptor.TestMethodTestDescriptor.execute(TestMethodTestDescriptor.java:137)
	at org.junit.jupiter.engine.descriptor.TestMethodTestDescriptor.execute(TestMethodTestDescriptor.java:71)
	at org.junit.platform.engine.support.hierarchical.NodeTestTask.lambda$executeRecursively$5(NodeTestTask.java:135)
	at org.junit.platform.engine.support.hierarchical.NodeTestTask$$Lambda$179/195615004.execute(Unknown Source)
	at org.junit.platform.engine.support.hierarchical.ThrowableCollector.execute(ThrowableCollector.java:73)
	at org.junit.platform.engine.support.hierarchical.NodeTestTask.lambda$executeRecursively$7(NodeTestTask.java:125)
	at org.junit.platform.engine.support.hierarchical.NodeTestTask$$Lambda$178/1890627974.invoke(Unknown Source)
	at org.junit.platform.engine.support.hierarchical.Node.around(Node.java:135)
	at org.junit.platform.engine.support.hierarchical.NodeTestTask.lambda$executeRecursively$8(NodeTestTask.java:123)
	at org.junit.platform.engine.support.hierarchical.NodeTestTask$$Lambda$177/231977479.execute(Unknown Source)
	at org.junit.platform.engine.support.hierarchical.ThrowableCollector.execute(ThrowableCollector.java:73)
	at org.junit.platform.engine.support.hierarchical.NodeTestTask.executeRecursively(NodeTestTask.java:122)
	at org.junit.platform.engine.support.hierarchical.NodeTestTask.execute(NodeTestTask.java:80)
	at org.junit.platform.engine.support.hierarchical.SameThreadHierarchicalTestExecutorService$$Lambda$183/1381713434.accept(Unknown Source)
	at java.util.ArrayList.forEach(ArrayList.java:1249)
	at org.junit.platform.engine.support.hierarchical.SameThreadHierarchicalTestExecutorService.invokeAll(SameThreadHierarchicalTestExecutorService.java:38)
	at org.junit.platform.engine.support.hierarchical.NodeTestTask.lambda$executeRecursively$5(NodeTestTask.java:139)
	at org.junit.platform.engine.support.hierarchical.NodeTestTask$$Lambda$179/195615004.execute(Unknown Source)
	at org.junit.platform.engine.support.hierarchical.ThrowableCollector.execute(ThrowableCollector.java:73)
	at org.junit.platform.engine.support.hierarchical.NodeTestTask.lambda$executeRecursively$7(NodeTestTask.java:125)
	at org.junit.platform.engine.support.hierarchical.NodeTestTask$$Lambda$178/1890627974.invoke(Unknown Source)
	at org.junit.platform.engine.support.hierarchical.Node.around(Node.java:135)
	at org.junit.platform.engine.support.hierarchical.NodeTestTask.lambda$executeRecursively$8(NodeTestTask.java:123)
	at org.junit.platform.engine.support.hierarchical.NodeTestTask$$Lambda$177/231977479.execute(Unknown Source)
	at org.junit.platform.engine.support.hierarchical.ThrowableCollector.execute(ThrowableCollector.java:73)
	at org.junit.platform.engine.support.hierarchical.NodeTestTask.executeRecursively(NodeTestTask.java:122)
	at org.junit.platform.engine.support.hierarchical.NodeTestTask.execute(NodeTestTask.java:80)
	at org.junit.platform.engine.support.hierarchical.SameThreadHierarchicalTestExecutorService$$Lambda$183/1381713434.accept(Unknown Source)
	at java.util.ArrayList.forEach(ArrayList.java:1249)
	at org.junit.platform.engine.support.hierarchical.SameThreadHierarchicalTestExecutorService.invokeAll(SameThreadHierarchicalTestExecutorService.java:38)
	at org.junit.platform.engine.support.hierarchical.NodeTestTask.lambda$executeRecursively$5(NodeTestTask.java:139)
	at org.junit.platform.engine.support.hierarchical.NodeTestTask$$Lambda$179/195615004.execute(Unknown Source)
	at org.junit.platform.engine.support.hierarchical.ThrowableCollector.execute(ThrowableCollector.java:73)
	at org.junit.platform.engine.support.hierarchical.NodeTestTask.lambda$executeRecursively$7(NodeTestTask.java:125)
	at org.junit.platform.engine.support.hierarchical.NodeTestTask$$Lambda$178/1890627974.invoke(Unknown Source)
	at org.junit.platform.engine.support.hierarchical.Node.around(Node.java:135)
	at org.junit.platform.engine.support.hierarchical.NodeTestTask.lambda$executeRecursively$8(NodeTestTask.java:123)
	at org.junit.platform.engine.support.hierarchical.NodeTestTask$$Lambda$177/231977479.execute(Unknown Source)
	at org.junit.platform.engine.support.hierarchical.ThrowableCollector.execute(ThrowableCollector.java:73)
	at org.junit.platform.engine.support.hierarchical.NodeTestTask.executeRecursively(NodeTestTask.java:122)
	at org.junit.platform.engine.support.hierarchical.NodeTestTask.execute(NodeTestTask.java:80)
	at org.junit.platform.engine.support.hierarchical.SameThreadHierarchicalTestExecutorService.submit(SameThreadHierarchicalTestExecutorService.java:32)
	at org.junit.platform.engine.support.hierarchical.HierarchicalTestExecutor.execute(HierarchicalTestExecutor.java:57)
	at org.junit.platform.engine.support.hierarchical.HierarchicalTestEngine.execute(HierarchicalTestEngine.java:51)
	at org.junit.platform.launcher.core.DefaultLauncher.execute(DefaultLauncher.java:248)
	at org.junit.platform.launcher.core.DefaultLauncher.lambda$execute$5(DefaultLauncher.java:211)
	at org.junit.platform.launcher.core.DefaultLauncher$$Lambda$143/233996206.accept(Unknown Source)
	at org.junit.platform.launcher.core.DefaultLauncher.withInterceptedStreams(DefaultLauncher.java:226)
	at org.junit.platform.launcher.core.DefaultLauncher.execute(DefaultLauncher.java:199)
	at org.junit.platform.launcher.core.DefaultLauncher.execute(DefaultLauncher.java:132)
	at org.apache.maven.surefire.junitplatform.JUnitPlatformProvider.invokeAllTests(JUnitPlatformProvider.java:142)
	at org.apache.maven.surefire.junitplatform.JUnitPlatformProvider.invoke(JUnitPlatformProvider.java:113)
	at org.apache.maven.surefire.booter.ForkedBooter.invokeProviderInSameClassLoader(ForkedBooter.java:384)
	at org.apache.maven.surefire.booter.ForkedBooter.runSuitesInProcess(ForkedBooter.java:345)
	at org.apache.maven.surefire.booter.ForkedBooter.execute(ForkedBooter.java:126)
	at org.apache.maven.surefire.booter.ForkedBooter.main(ForkedBooter.java:418)
2021-11-08 11:13:39,926 [myid:] - INFO  [main:FourLetterWordMain@94] - connecting to 127.0.0.1 30101
2021-11-08 11:13:39,927 [myid:1] - WARN  [nioEventLoopGroup-41-1:NettyServerCnxnFactory$CnxnChannelHandler@231] - Zookeeper server is not running, close the connection before starting the TLS handshake
2021-11-08 11:13:39,942 [myid:] - INFO  [main:ClientBase@267] - server 127.0.0.1:30101 not up
java.net.SocketException: Software caused connection abort: recv failed
	at java.net.SocketInputStream.socketRead0(Native Method)
	at java.net.SocketInputStream.read(SocketInputStream.java:150)
	at java.net.SocketInputStream.read(SocketInputStream.java:121)
	at sun.nio.cs.StreamDecoder.readBytes(StreamDecoder.java:284)
	at sun.nio.cs.StreamDecoder.implRead(StreamDecoder.java:326)
	at sun.nio.cs.StreamDecoder.read(StreamDecoder.java:178)
	at java.io.InputStreamReader.read(InputStreamReader.java:184)
	at java.io.BufferedReader.fill(BufferedReader.java:161)
	at java.io.BufferedReader.readLine(BufferedReader.java:324)
	at java.io.BufferedReader.readLine(BufferedReader.java:389)
	at org.apache.zookeeper.client.FourLetterWordMain.send4LetterWord(FourLetterWordMain.java:129)
	at org.apache.zookeeper.client.FourLetterWordMain.send4LetterWord(FourLetterWordMain.java:74)
	at org.apache.zookeeper.test.ClientBase.waitForServerUp(ClientBase.java:258)
	at org.apache.zookeeper.test.ClientBase.waitForServerUp(ClientBase.java:249)
	at org.apache.zookeeper.server.quorum.QuorumSSLTest.testQuorumSSL(QuorumSSLTest.java:466)
	at sun.reflect.NativeMethodAccessorImpl.invoke0(Native Method)
	at sun.reflect.NativeMethodAccessorImpl.invoke(NativeMethodAccessorImpl.java:62)
	at sun.reflect.DelegatingMethodAccessorImpl.invoke(DelegatingMethodAccessorImpl.java:43)
	at java.lang.reflect.Method.invoke(Method.java:483)
	at org.junit.platform.commons.util.ReflectionUtils.invokeMethod(ReflectionUtils.java:686)
	at org.junit.jupiter.engine.execution.MethodInvocation.proceed(MethodInvocation.java:60)
	at org.junit.jupiter.engine.execution.InvocationInterceptorChain$ValidatingInvocation.proceed(InvocationInterceptorChain.java:131)
	at org.junit.jupiter.engine.extension.TimeoutInvocation.proceed(TimeoutInvocation.java:46)
	at org.junit.jupiter.engine.extension.TimeoutExtension.intercept(TimeoutExtension.java:149)
	at org.junit.jupiter.engine.extension.TimeoutExtension.interceptTestableMethod(TimeoutExtension.java:140)
	at org.junit.jupiter.engine.extension.TimeoutExtension.interceptTestMethod(TimeoutExtension.java:84)
	at org.junit.jupiter.engine.descriptor.TestMethodTestDescriptor$$Lambda$111/1780132728.apply(Unknown Source)
	at org.junit.jupiter.engine.execution.ExecutableInvoker$ReflectiveInterceptorCall.lambda$ofVoidMethod$0(ExecutableInvoker.java:115)
	at org.junit.jupiter.engine.execution.ExecutableInvoker$ReflectiveInterceptorCall$$Lambda$112/1725017993.apply(Unknown Source)
	at org.junit.jupiter.engine.execution.ExecutableInvoker.lambda$invoke$0(ExecutableInvoker.java:105)
	at org.junit.jupiter.engine.execution.ExecutableInvoker$$Lambda$234/64133603.apply(Unknown Source)
	at org.junit.jupiter.engine.execution.InvocationInterceptorChain$InterceptedInvocation.proceed(InvocationInterceptorChain.java:106)
	at org.junit.jupiter.engine.execution.InvocationInterceptorChain.proceed(InvocationInterceptorChain.java:64)
	at org.junit.jupiter.engine.execution.InvocationInterceptorChain.chainAndInvoke(InvocationInterceptorChain.java:45)
	at org.junit.jupiter.engine.execution.InvocationInterceptorChain.invoke(InvocationInterceptorChain.java:37)
	at org.junit.jupiter.engine.execution.ExecutableInvoker.invoke(ExecutableInvoker.java:104)
	at org.junit.jupiter.engine.execution.ExecutableInvoker.invoke(ExecutableInvoker.java:98)
	at org.junit.jupiter.engine.descriptor.TestMethodTestDescriptor.lambda$invokeTestMethod$6(TestMethodTestDescriptor.java:212)
	at org.junit.jupiter.engine.descriptor.TestMethodTestDescriptor$$Lambda$271/224100622.execute(Unknown Source)
	at org.junit.platform.engine.support.hierarchical.ThrowableCollector.execute(ThrowableCollector.java:73)
	at org.junit.jupiter.engine.descriptor.TestMethodTestDescriptor.invokeTestMethod(TestMethodTestDescriptor.java:208)
	at org.junit.jupiter.engine.descriptor.TestMethodTestDescriptor.execute(TestMethodTestDescriptor.java:137)
	at org.junit.jupiter.engine.descriptor.TestMethodTestDescriptor.execute(TestMethodTestDescriptor.java:71)
	at org.junit.platform.engine.support.hierarchical.NodeTestTask.lambda$executeRecursively$5(NodeTestTask.java:135)
	at org.junit.platform.engine.support.hierarchical.NodeTestTask$$Lambda$179/195615004.execute(Unknown Source)
	at org.junit.platform.engine.support.hierarchical.ThrowableCollector.execute(ThrowableCollector.java:73)
	at org.junit.platform.engine.support.hierarchical.NodeTestTask.lambda$executeRecursively$7(NodeTestTask.java:125)
	at org.junit.platform.engine.support.hierarchical.NodeTestTask$$Lambda$178/1890627974.invoke(Unknown Source)
	at org.junit.platform.engine.support.hierarchical.Node.around(Node.java:135)
	at org.junit.platform.engine.support.hierarchical.NodeTestTask.lambda$executeRecursively$8(NodeTestTask.java:123)
	at org.junit.platform.engine.support.hierarchical.NodeTestTask$$Lambda$177/231977479.execute(Unknown Source)
	at org.junit.platform.engine.support.hierarchical.ThrowableCollector.execute(ThrowableCollector.java:73)
	at org.junit.platform.engine.support.hierarchical.NodeTestTask.executeRecursively(NodeTestTask.java:122)
	at org.junit.platform.engine.support.hierarchical.NodeTestTask.execute(NodeTestTask.java:80)
	at org.junit.platform.engine.support.hierarchical.SameThreadHierarchicalTestExecutorService$$Lambda$183/1381713434.accept(Unknown Source)
	at java.util.ArrayList.forEach(ArrayList.java:1249)
	at org.junit.platform.engine.support.hierarchical.SameThreadHierarchicalTestExecutorService.invokeAll(SameThreadHierarchicalTestExecutorService.java:38)
	at org.junit.platform.engine.support.hierarchical.NodeTestTask.lambda$executeRecursively$5(NodeTestTask.java:139)
	at org.junit.platform.engine.support.hierarchical.NodeTestTask$$Lambda$179/195615004.execute(Unknown Source)
	at org.junit.platform.engine.support.hierarchical.ThrowableCollector.execute(ThrowableCollector.java:73)
	at org.junit.platform.engine.support.hierarchical.NodeTestTask.lambda$executeRecursively$7(NodeTestTask.java:125)
	at org.junit.platform.engine.support.hierarchical.NodeTestTask$$Lambda$178/1890627974.invoke(Unknown Source)
	at org.junit.platform.engine.support.hierarchical.Node.around(Node.java:135)
	at org.junit.platform.engine.support.hierarchical.NodeTestTask.lambda$executeRecursively$8(NodeTestTask.java:123)
	at org.junit.platform.engine.support.hierarchical.NodeTestTask$$Lambda$177/231977479.execute(Unknown Source)
	at org.junit.platform.engine.support.hierarchical.ThrowableCollector.execute(ThrowableCollector.java:73)
	at org.junit.platform.engine.support.hierarchical.NodeTestTask.executeRecursively(NodeTestTask.java:122)
	at org.junit.platform.engine.support.hierarchical.NodeTestTask.execute(NodeTestTask.java:80)
	at org.junit.platform.engine.support.hierarchical.SameThreadHierarchicalTestExecutorService$$Lambda$183/1381713434.accept(Unknown Source)
	at java.util.ArrayList.forEach(ArrayList.java:1249)
	at org.junit.platform.engine.support.hierarchical.SameThreadHierarchicalTestExecutorService.invokeAll(SameThreadHierarchicalTestExecutorService.java:38)
	at org.junit.platform.engine.support.hierarchical.NodeTestTask.lambda$executeRecursively$5(NodeTestTask.java:139)
	at org.junit.platform.engine.support.hierarchical.NodeTestTask$$Lambda$179/195615004.execute(Unknown Source)
	at org.junit.platform.engine.support.hierarchical.ThrowableCollector.execute(ThrowableCollector.java:73)
	at org.junit.platform.engine.support.hierarchical.NodeTestTask.lambda$executeRecursively$7(NodeTestTask.java:125)
	at org.junit.platform.engine.support.hierarchical.NodeTestTask$$Lambda$178/1890627974.invoke(Unknown Source)
	at org.junit.platform.engine.support.hierarchical.Node.around(Node.java:135)
	at org.junit.platform.engine.support.hierarchical.NodeTestTask.lambda$executeRecursively$8(NodeTestTask.java:123)
	at org.junit.platform.engine.support.hierarchical.NodeTestTask$$Lambda$177/231977479.execute(Unknown Source)
	at org.junit.platform.engine.support.hierarchical.ThrowableCollector.execute(ThrowableCollector.java:73)
	at org.junit.platform.engine.support.hierarchical.NodeTestTask.executeRecursively(NodeTestTask.java:122)
	at org.junit.platform.engine.support.hierarchical.NodeTestTask.execute(NodeTestTask.java:80)
	at org.junit.platform.engine.support.hierarchical.SameThreadHierarchicalTestExecutorService.submit(SameThreadHierarchicalTestExecutorService.java:32)
	at org.junit.platform.engine.support.hierarchical.HierarchicalTestExecutor.execute(HierarchicalTestExecutor.java:57)
	at org.junit.platform.engine.support.hierarchical.HierarchicalTestEngine.execute(HierarchicalTestEngine.java:51)
	at org.junit.platform.launcher.core.DefaultLauncher.execute(DefaultLauncher.java:248)
	at org.junit.platform.launcher.core.DefaultLauncher.lambda$execute$5(DefaultLauncher.java:211)
	at org.junit.platform.launcher.core.DefaultLauncher$$Lambda$143/233996206.accept(Unknown Source)
	at org.junit.platform.launcher.core.DefaultLauncher.withInterceptedStreams(DefaultLauncher.java:226)
	at org.junit.platform.launcher.core.DefaultLauncher.execute(DefaultLauncher.java:199)
	at org.junit.platform.launcher.core.DefaultLauncher.execute(DefaultLauncher.java:132)
	at org.apache.maven.surefire.junitplatform.JUnitPlatformProvider.invokeAllTests(JUnitPlatformProvider.java:142)
	at org.apache.maven.surefire.junitplatform.JUnitPlatformProvider.invoke(JUnitPlatformProvider.java:113)
	at org.apache.maven.surefire.booter.ForkedBooter.invokeProviderInSameClassLoader(ForkedBooter.java:384)
	at org.apache.maven.surefire.booter.ForkedBooter.runSuitesInProcess(ForkedBooter.java:345)
	at org.apache.maven.surefire.booter.ForkedBooter.execute(ForkedBooter.java:126)
	at org.apache.maven.surefire.booter.ForkedBooter.main(ForkedBooter.java:418)
2021-11-08 11:13:40,207 [myid:] - INFO  [main:FourLetterWordMain@94] - connecting to 127.0.0.1 30101
2021-11-08 11:13:40,209 [myid:1] - WARN  [nioEventLoopGroup-41-2:NettyServerCnxnFactory$CnxnChannelHandler@231] - Zookeeper server is not running, close the connection before starting the TLS handshake
2021-11-08 11:13:40,473 [myid:] - INFO  [main:FourLetterWordMain@94] - connecting to 127.0.0.1 30101
2021-11-08 11:13:40,473 [myid:1] - WARN  [nioEventLoopGroup-41-3:NettyServerCnxnFactory$CnxnChannelHandler@231] - Zookeeper server is not running, close the connection before starting the TLS handshake
2021-11-08 11:13:40,739 [myid:] - INFO  [main:FourLetterWordMain@94] - connecting to 127.0.0.1 30101
2021-11-08 11:13:40,739 [myid:1] - WARN  [nioEventLoopGroup-41-4:NettyServerCnxnFactory$CnxnChannelHandler@231] - Zookeeper server is not running, close the connection before starting the TLS handshake
2021-11-08 11:13:41,004 [myid:] - INFO  [main:FourLetterWordMain@94] - connecting to 127.0.0.1 30101
2021-11-08 11:13:41,004 [myid:1] - WARN  [nioEventLoopGroup-41-5:NettyServerCnxnFactory$CnxnChannelHandler@231] - Zookeeper server is not running, close the connection before starting the TLS handshake
2021-11-08 11:13:41,268 [myid:] - INFO  [main:FourLetterWordMain@94] - connecting to 127.0.0.1 30101
2021-11-08 11:13:41,270 [myid:1] - WARN  [nioEventLoopGroup-41-6:NettyServerCnxnFactory$CnxnChannelHandler@231] - Zookeeper server is not running, close the connection before starting the TLS handshake
2021-11-08 11:13:41,535 [myid:] - INFO  [main:FourLetterWordMain@94] - connecting to 127.0.0.1 30101
2021-11-08 11:13:41,535 [myid:1] - WARN  [nioEventLoopGroup-41-7:NettyServerCnxnFactory$CnxnChannelHandler@231] - Zookeeper server is not running, close the connection before starting the TLS handshake
2021-11-08 11:13:41,551 [myid:] - INFO  [main:ClientBase@267] - server 127.0.0.1:30101 not up
java.net.SocketException: Software caused connection abort: recv failed
	at java.net.SocketInputStream.socketRead0(Native Method)
	at java.net.SocketInputStream.read(SocketInputStream.java:150)
	at java.net.SocketInputStream.read(SocketInputStream.java:121)
	at sun.nio.cs.StreamDecoder.readBytes(StreamDecoder.java:284)
	at sun.nio.cs.StreamDecoder.implRead(StreamDecoder.java:326)
	at sun.nio.cs.StreamDecoder.read(StreamDecoder.java:178)
	at java.io.InputStreamReader.read(InputStreamReader.java:184)
	at java.io.BufferedReader.fill(BufferedReader.java:161)
	at java.io.BufferedReader.readLine(BufferedReader.java:324)
	at java.io.BufferedReader.readLine(BufferedReader.java:389)
	at org.apache.zookeeper.client.FourLetterWordMain.send4LetterWord(FourLetterWordMain.java:129)
	at org.apache.zookeeper.client.FourLetterWordMain.send4LetterWord(FourLetterWordMain.java:74)
	at org.apache.zookeeper.test.ClientBase.waitForServerUp(ClientBase.java:258)
	at org.apache.zookeeper.test.ClientBase.waitForServerUp(ClientBase.java:249)
	at org.apache.zookeeper.server.quorum.QuorumSSLTest.testQuorumSSL(QuorumSSLTest.java:466)
	at sun.reflect.NativeMethodAccessorImpl.invoke0(Native Method)
	at sun.reflect.NativeMethodAccessorImpl.invoke(NativeMethodAccessorImpl.java:62)
	at sun.reflect.DelegatingMethodAccessorImpl.invoke(DelegatingMethodAccessorImpl.java:43)
	at java.lang.reflect.Method.invoke(Method.java:483)
	at org.junit.platform.commons.util.ReflectionUtils.invokeMethod(ReflectionUtils.java:686)
	at org.junit.jupiter.engine.execution.MethodInvocation.proceed(MethodInvocation.java:60)
	at org.junit.jupiter.engine.execution.InvocationInterceptorChain$ValidatingInvocation.proceed(InvocationInterceptorChain.java:131)
	at org.junit.jupiter.engine.extension.TimeoutInvocation.proceed(TimeoutInvocation.java:46)
	at org.junit.jupiter.engine.extension.TimeoutExtension.intercept(TimeoutExtension.java:149)
	at org.junit.jupiter.engine.extension.TimeoutExtension.interceptTestableMethod(TimeoutExtension.java:140)
	at org.junit.jupiter.engine.extension.TimeoutExtension.interceptTestMethod(TimeoutExtension.java:84)
	at org.junit.jupiter.engine.descriptor.TestMethodTestDescriptor$$Lambda$111/1780132728.apply(Unknown Source)
	at org.junit.jupiter.engine.execution.ExecutableInvoker$ReflectiveInterceptorCall.lambda$ofVoidMethod$0(ExecutableInvoker.java:115)
	at org.junit.jupiter.engine.execution.ExecutableInvoker$ReflectiveInterceptorCall$$Lambda$112/1725017993.apply(Unknown Source)
	at org.junit.jupiter.engine.execution.ExecutableInvoker.lambda$invoke$0(ExecutableInvoker.java:105)
	at org.junit.jupiter.engine.execution.ExecutableInvoker$$Lambda$234/64133603.apply(Unknown Source)
	at org.junit.jupiter.engine.execution.InvocationInterceptorChain$InterceptedInvocation.proceed(InvocationInterceptorChain.java:106)
	at org.junit.jupiter.engine.execution.InvocationInterceptorChain.proceed(InvocationInterceptorChain.java:64)
	at org.junit.jupiter.engine.execution.InvocationInterceptorChain.chainAndInvoke(InvocationInterceptorChain.java:45)
	at org.junit.jupiter.engine.execution.InvocationInterceptorChain.invoke(InvocationInterceptorChain.java:37)
	at org.junit.jupiter.engine.execution.ExecutableInvoker.invoke(ExecutableInvoker.java:104)
	at org.junit.jupiter.engine.execution.ExecutableInvoker.invoke(ExecutableInvoker.java:98)
	at org.junit.jupiter.engine.descriptor.TestMethodTestDescriptor.lambda$invokeTestMethod$6(TestMethodTestDescriptor.java:212)
	at org.junit.jupiter.engine.descriptor.TestMethodTestDescriptor$$Lambda$271/224100622.execute(Unknown Source)
	at org.junit.platform.engine.support.hierarchical.ThrowableCollector.execute(ThrowableCollector.java:73)
	at org.junit.jupiter.engine.descriptor.TestMethodTestDescriptor.invokeTestMethod(TestMethodTestDescriptor.java:208)
	at org.junit.jupiter.engine.descriptor.TestMethodTestDescriptor.execute(TestMethodTestDescriptor.java:137)
	at org.junit.jupiter.engine.descriptor.TestMethodTestDescriptor.execute(TestMethodTestDescriptor.java:71)
	at org.junit.platform.engine.support.hierarchical.NodeTestTask.lambda$executeRecursively$5(NodeTestTask.java:135)
	at org.junit.platform.engine.support.hierarchical.NodeTestTask$$Lambda$179/195615004.execute(Unknown Source)
	at org.junit.platform.engine.support.hierarchical.ThrowableCollector.execute(ThrowableCollector.java:73)
	at org.junit.platform.engine.support.hierarchical.NodeTestTask.lambda$executeRecursively$7(NodeTestTask.java:125)
	at org.junit.platform.engine.support.hierarchical.NodeTestTask$$Lambda$178/1890627974.invoke(Unknown Source)
	at org.junit.platform.engine.support.hierarchical.Node.around(Node.java:135)
	at org.junit.platform.engine.support.hierarchical.NodeTestTask.lambda$executeRecursively$8(NodeTestTask.java:123)
	at org.junit.platform.engine.support.hierarchical.NodeTestTask$$Lambda$177/231977479.execute(Unknown Source)
	at org.junit.platform.engine.support.hierarchical.ThrowableCollector.execute(ThrowableCollector.java:73)
	at org.junit.platform.engine.support.hierarchical.NodeTestTask.executeRecursively(NodeTestTask.java:122)
	at org.junit.platform.engine.support.hierarchical.NodeTestTask.execute(NodeTestTask.java:80)
	at org.junit.platform.engine.support.hierarchical.SameThreadHierarchicalTestExecutorService$$Lambda$183/1381713434.accept(Unknown Source)
	at java.util.ArrayList.forEach(ArrayList.java:1249)
	at org.junit.platform.engine.support.hierarchical.SameThreadHierarchicalTestExecutorService.invokeAll(SameThreadHierarchicalTestExecutorService.java:38)
	at org.junit.platform.engine.support.hierarchical.NodeTestTask.lambda$executeRecursively$5(NodeTestTask.java:139)
	at org.junit.platform.engine.support.hierarchical.NodeTestTask$$Lambda$179/195615004.execute(Unknown Source)
	at org.junit.platform.engine.support.hierarchical.ThrowableCollector.execute(ThrowableCollector.java:73)
	at org.junit.platform.engine.support.hierarchical.NodeTestTask.lambda$executeRecursively$7(NodeTestTask.java:125)
	at org.junit.platform.engine.support.hierarchical.NodeTestTask$$Lambda$178/1890627974.invoke(Unknown Source)
	at org.junit.platform.engine.support.hierarchical.Node.around(Node.java:135)
	at org.junit.platform.engine.support.hierarchical.NodeTestTask.lambda$executeRecursively$8(NodeTestTask.java:123)
	at org.junit.platform.engine.support.hierarchical.NodeTestTask$$Lambda$177/231977479.execute(Unknown Source)
	at org.junit.platform.engine.support.hierarchical.ThrowableCollector.execute(ThrowableCollector.java:73)
	at org.junit.platform.engine.support.hierarchical.NodeTestTask.executeRecursively(NodeTestTask.java:122)
	at org.junit.platform.engine.support.hierarchical.NodeTestTask.execute(NodeTestTask.java:80)
	at org.junit.platform.engine.support.hierarchical.SameThreadHierarchicalTestExecutorService$$Lambda$183/1381713434.accept(Unknown Source)
	at java.util.ArrayList.forEach(ArrayList.java:1249)
	at org.junit.platform.engine.support.hierarchical.SameThreadHierarchicalTestExecutorService.invokeAll(SameThreadHierarchicalTestExecutorService.java:38)
	at org.junit.platform.engine.support.hierarchical.NodeTestTask.lambda$executeRecursively$5(NodeTestTask.java:139)
	at org.junit.platform.engine.support.hierarchical.NodeTestTask$$Lambda$179/195615004.execute(Unknown Source)
	at org.junit.platform.engine.support.hierarchical.ThrowableCollector.execute(ThrowableCollector.java:73)
	at org.junit.platform.engine.support.hierarchical.NodeTestTask.lambda$executeRecursively$7(NodeTestTask.java:125)
	at org.junit.platform.engine.support.hierarchical.NodeTestTask$$Lambda$178/1890627974.invoke(Unknown Source)
	at org.junit.platform.engine.support.hierarchical.Node.around(Node.java:135)
	at org.junit.platform.engine.support.hierarchical.NodeTestTask.lambda$executeRecursively$8(NodeTestTask.java:123)
	at org.junit.platform.engine.support.hierarchical.NodeTestTask$$Lambda$177/231977479.execute(Unknown Source)
	at org.junit.platform.engine.support.hierarchical.ThrowableCollector.execute(ThrowableCollector.java:73)
	at org.junit.platform.engine.support.hierarchical.NodeTestTask.executeRecursively(NodeTestTask.java:122)
	at org.junit.platform.engine.support.hierarchical.NodeTestTask.execute(NodeTestTask.java:80)
	at org.junit.platform.engine.support.hierarchical.SameThreadHierarchicalTestExecutorService.submit(SameThreadHierarchicalTestExecutorService.java:32)
	at org.junit.platform.engine.support.hierarchical.HierarchicalTestExecutor.execute(HierarchicalTestExecutor.java:57)
	at org.junit.platform.engine.support.hierarchical.HierarchicalTestEngine.execute(HierarchicalTestEngine.java:51)
	at org.junit.platform.launcher.core.DefaultLauncher.execute(DefaultLauncher.java:248)
	at org.junit.platform.launcher.core.DefaultLauncher.lambda$execute$5(DefaultLauncher.java:211)
	at org.junit.platform.launcher.core.DefaultLauncher$$Lambda$143/233996206.accept(Unknown Source)
	at org.junit.platform.launcher.core.DefaultLauncher.withInterceptedStreams(DefaultLauncher.java:226)
	at org.junit.platform.launcher.core.DefaultLauncher.execute(DefaultLauncher.java:199)
	at org.junit.platform.launcher.core.DefaultLauncher.execute(DefaultLauncher.java:132)
	at org.apache.maven.surefire.junitplatform.JUnitPlatformProvider.invokeAllTests(JUnitPlatformProvider.java:142)
	at org.apache.maven.surefire.junitplatform.JUnitPlatformProvider.invoke(JUnitPlatformProvider.java:113)
	at org.apache.maven.surefire.booter.ForkedBooter.invokeProviderInSameClassLoader(ForkedBooter.java:384)
	at org.apache.maven.surefire.booter.ForkedBooter.runSuitesInProcess(ForkedBooter.java:345)
	at org.apache.maven.surefire.booter.ForkedBooter.execute(ForkedBooter.java:126)
	at org.apache.maven.surefire.booter.ForkedBooter.main(ForkedBooter.java:418)
2021-11-08 11:13:41,816 [myid:] - INFO  [main:FourLetterWordMain@94] - connecting to 127.0.0.1 30101
2021-11-08 11:13:41,817 [myid:1] - WARN  [nioEventLoopGroup-41-8:NettyServerCnxnFactory$CnxnChannelHandler@231] - Zookeeper server is not running, close the connection before starting the TLS handshake
2021-11-08 11:13:41,831 [myid:] - INFO  [main:ClientBase@267] - server 127.0.0.1:30101 not up
java.net.SocketException: Software caused connection abort: recv failed
	at java.net.SocketInputStream.socketRead0(Native Method)
	at java.net.SocketInputStream.read(SocketInputStream.java:150)
	at java.net.SocketInputStream.read(SocketInputStream.java:121)
	at sun.nio.cs.StreamDecoder.readBytes(StreamDecoder.java:284)
	at sun.nio.cs.StreamDecoder.implRead(StreamDecoder.java:326)
	at sun.nio.cs.StreamDecoder.read(StreamDecoder.java:178)
	at java.io.InputStreamReader.read(InputStreamReader.java:184)
	at java.io.BufferedReader.fill(BufferedReader.java:161)
	at java.io.BufferedReader.readLine(BufferedReader.java:324)
	at java.io.BufferedReader.readLine(BufferedReader.java:389)
	at org.apache.zookeeper.client.FourLetterWordMain.send4LetterWord(FourLetterWordMain.java:129)
	at org.apache.zookeeper.client.FourLetterWordMain.send4LetterWord(FourLetterWordMain.java:74)
	at org.apache.zookeeper.test.ClientBase.waitForServerUp(ClientBase.java:258)
	at org.apache.zookeeper.test.ClientBase.waitForServerUp(ClientBase.java:249)
	at org.apache.zookeeper.server.quorum.QuorumSSLTest.testQuorumSSL(QuorumSSLTest.java:466)
	at sun.reflect.NativeMethodAccessorImpl.invoke0(Native Method)
	at sun.reflect.NativeMethodAccessorImpl.invoke(NativeMethodAccessorImpl.java:62)
	at sun.reflect.DelegatingMethodAccessorImpl.invoke(DelegatingMethodAccessorImpl.java:43)
	at java.lang.reflect.Method.invoke(Method.java:483)
	at org.junit.platform.commons.util.ReflectionUtils.invokeMethod(ReflectionUtils.java:686)
	at org.junit.jupiter.engine.execution.MethodInvocation.proceed(MethodInvocation.java:60)
	at org.junit.jupiter.engine.execution.InvocationInterceptorChain$ValidatingInvocation.proceed(InvocationInterceptorChain.java:131)
	at org.junit.jupiter.engine.extension.TimeoutInvocation.proceed(TimeoutInvocation.java:46)
	at org.junit.jupiter.engine.extension.TimeoutExtension.intercept(TimeoutExtension.java:149)
	at org.junit.jupiter.engine.extension.TimeoutExtension.interceptTestableMethod(TimeoutExtension.java:140)
	at org.junit.jupiter.engine.extension.TimeoutExtension.interceptTestMethod(TimeoutExtension.java:84)
	at org.junit.jupiter.engine.descriptor.TestMethodTestDescriptor$$Lambda$111/1780132728.apply(Unknown Source)
	at org.junit.jupiter.engine.execution.ExecutableInvoker$ReflectiveInterceptorCall.lambda$ofVoidMethod$0(ExecutableInvoker.java:115)
	at org.junit.jupiter.engine.execution.ExecutableInvoker$ReflectiveInterceptorCall$$Lambda$112/1725017993.apply(Unknown Source)
	at org.junit.jupiter.engine.execution.ExecutableInvoker.lambda$invoke$0(ExecutableInvoker.java:105)
	at org.junit.jupiter.engine.execution.ExecutableInvoker$$Lambda$234/64133603.apply(Unknown Source)
	at org.junit.jupiter.engine.execution.InvocationInterceptorChain$InterceptedInvocation.proceed(InvocationInterceptorChain.java:106)
	at org.junit.jupiter.engine.execution.InvocationInterceptorChain.proceed(InvocationInterceptorChain.java:64)
	at org.junit.jupiter.engine.execution.InvocationInterceptorChain.chainAndInvoke(InvocationInterceptorChain.java:45)
	at org.junit.jupiter.engine.execution.InvocationInterceptorChain.invoke(InvocationInterceptorChain.java:37)
	at org.junit.jupiter.engine.execution.ExecutableInvoker.invoke(ExecutableInvoker.java:104)
	at org.junit.jupiter.engine.execution.ExecutableInvoker.invoke(ExecutableInvoker.java:98)
	at org.junit.jupiter.engine.descriptor.TestMethodTestDescriptor.lambda$invokeTestMethod$6(TestMethodTestDescriptor.java:212)
	at org.junit.jupiter.engine.descriptor.TestMethodTestDescriptor$$Lambda$271/224100622.execute(Unknown Source)
	at org.junit.platform.engine.support.hierarchical.ThrowableCollector.execute(ThrowableCollector.java:73)
	at org.junit.jupiter.engine.descriptor.TestMethodTestDescriptor.invokeTestMethod(TestMethodTestDescriptor.java:208)
	at org.junit.jupiter.engine.descriptor.TestMethodTestDescriptor.execute(TestMethodTestDescriptor.java:137)
	at org.junit.jupiter.engine.descriptor.TestMethodTestDescriptor.execute(TestMethodTestDescriptor.java:71)
	at org.junit.platform.engine.support.hierarchical.NodeTestTask.lambda$executeRecursively$5(NodeTestTask.java:135)
	at org.junit.platform.engine.support.hierarchical.NodeTestTask$$Lambda$179/195615004.execute(Unknown Source)
	at org.junit.platform.engine.support.hierarchical.ThrowableCollector.execute(ThrowableCollector.java:73)
	at org.junit.platform.engine.support.hierarchical.NodeTestTask.lambda$executeRecursively$7(NodeTestTask.java:125)
	at org.junit.platform.engine.support.hierarchical.NodeTestTask$$Lambda$178/1890627974.invoke(Unknown Source)
	at org.junit.platform.engine.support.hierarchical.Node.around(Node.java:135)
	at org.junit.platform.engine.support.hierarchical.NodeTestTask.lambda$executeRecursively$8(NodeTestTask.java:123)
	at org.junit.platform.engine.support.hierarchical.NodeTestTask$$Lambda$177/231977479.execute(Unknown Source)
	at org.junit.platform.engine.support.hierarchical.ThrowableCollector.execute(ThrowableCollector.java:73)
	at org.junit.platform.engine.support.hierarchical.NodeTestTask.executeRecursively(NodeTestTask.java:122)
	at org.junit.platform.engine.support.hierarchical.NodeTestTask.execute(NodeTestTask.java:80)
	at org.junit.platform.engine.support.hierarchical.SameThreadHierarchicalTestExecutorService$$Lambda$183/1381713434.accept(Unknown Source)
	at java.util.ArrayList.forEach(ArrayList.java:1249)
	at org.junit.platform.engine.support.hierarchical.SameThreadHierarchicalTestExecutorService.invokeAll(SameThreadHierarchicalTestExecutorService.java:38)
	at org.junit.platform.engine.support.hierarchical.NodeTestTask.lambda$executeRecursively$5(NodeTestTask.java:139)
	at org.junit.platform.engine.support.hierarchical.NodeTestTask$$Lambda$179/195615004.execute(Unknown Source)
	at org.junit.platform.engine.support.hierarchical.ThrowableCollector.execute(ThrowableCollector.java:73)
	at org.junit.platform.engine.support.hierarchical.NodeTestTask.lambda$executeRecursively$7(NodeTestTask.java:125)
	at org.junit.platform.engine.support.hierarchical.NodeTestTask$$Lambda$178/1890627974.invoke(Unknown Source)
	at org.junit.platform.engine.support.hierarchical.Node.around(Node.java:135)
	at org.junit.platform.engine.support.hierarchical.NodeTestTask.lambda$executeRecursively$8(NodeTestTask.java:123)
	at org.junit.platform.engine.support.hierarchical.NodeTestTask$$Lambda$177/231977479.execute(Unknown Source)
	at org.junit.platform.engine.support.hierarchical.ThrowableCollector.execute(ThrowableCollector.java:73)
	at org.junit.platform.engine.support.hierarchical.NodeTestTask.executeRecursively(NodeTestTask.java:122)
	at org.junit.platform.engine.support.hierarchical.NodeTestTask.execute(NodeTestTask.java:80)
	at org.junit.platform.engine.support.hierarchical.SameThreadHierarchicalTestExecutorService$$Lambda$183/1381713434.accept(Unknown Source)
	at java.util.ArrayList.forEach(ArrayList.java:1249)
	at org.junit.platform.engine.support.hierarchical.SameThreadHierarchicalTestExecutorService.invokeAll(SameThreadHierarchicalTestExecutorService.java:38)
	at org.junit.platform.engine.support.hierarchical.NodeTestTask.lambda$executeRecursively$5(NodeTestTask.java:139)
	at org.junit.platform.engine.support.hierarchical.NodeTestTask$$Lambda$179/195615004.execute(Unknown Source)
	at org.junit.platform.engine.support.hierarchical.ThrowableCollector.execute(ThrowableCollector.java:73)
	at org.junit.platform.engine.support.hierarchical.NodeTestTask.lambda$executeRecursively$7(NodeTestTask.java:125)
	at org.junit.platform.engine.support.hierarchical.NodeTestTask$$Lambda$178/1890627974.invoke(Unknown Source)
	at org.junit.platform.engine.support.hierarchical.Node.around(Node.java:135)
	at org.junit.platform.engine.support.hierarchical.NodeTestTask.lambda$executeRecursively$8(NodeTestTask.java:123)
	at org.junit.platform.engine.support.hierarchical.NodeTestTask$$Lambda$177/231977479.execute(Unknown Source)
	at org.junit.platform.engine.support.hierarchical.ThrowableCollector.execute(ThrowableCollector.java:73)
	at org.junit.platform.engine.support.hierarchical.NodeTestTask.executeRecursively(NodeTestTask.java:122)
	at org.junit.platform.engine.support.hierarchical.NodeTestTask.execute(NodeTestTask.java:80)
	at org.junit.platform.engine.support.hierarchical.SameThreadHierarchicalTestExecutorService.submit(SameThreadHierarchicalTestExecutorService.java:32)
	at org.junit.platform.engine.support.hierarchical.HierarchicalTestExecutor.execute(HierarchicalTestExecutor.java:57)
	at org.junit.platform.engine.support.hierarchical.HierarchicalTestEngine.execute(HierarchicalTestEngine.java:51)
	at org.junit.platform.launcher.core.DefaultLauncher.execute(DefaultLauncher.java:248)
	at org.junit.platform.launcher.core.DefaultLauncher.lambda$execute$5(DefaultLauncher.java:211)
	at org.junit.platform.launcher.core.DefaultLauncher$$Lambda$143/233996206.accept(Unknown Source)
	at org.junit.platform.launcher.core.DefaultLauncher.withInterceptedStreams(DefaultLauncher.java:226)
	at org.junit.platform.launcher.core.DefaultLauncher.execute(DefaultLauncher.java:199)
	at org.junit.platform.launcher.core.DefaultLauncher.execute(DefaultLauncher.java:132)
	at org.apache.maven.surefire.junitplatform.JUnitPlatformProvider.invokeAllTests(JUnitPlatformProvider.java:142)
	at org.apache.maven.surefire.junitplatform.JUnitPlatformProvider.invoke(JUnitPlatformProvider.java:113)
	at org.apache.maven.surefire.booter.ForkedBooter.invokeProviderInSameClassLoader(ForkedBooter.java:384)
	at org.apache.maven.surefire.booter.ForkedBooter.runSuitesInProcess(ForkedBooter.java:345)
	at org.apache.maven.surefire.booter.ForkedBooter.execute(ForkedBooter.java:126)
	at org.apache.maven.surefire.booter.ForkedBooter.main(ForkedBooter.java:418)
2021-11-08 11:13:42,096 [myid:] - INFO  [main:FourLetterWordMain@94] - connecting to 127.0.0.1 30101
2021-11-08 11:13:42,096 [myid:1] - WARN  [nioEventLoopGroup-41-9:NettyServerCnxnFactory$CnxnChannelHandler@231] - Zookeeper server is not running, close the connection before starting the TLS handshake
2021-11-08 11:13:42,363 [myid:] - INFO  [main:FourLetterWordMain@94] - connecting to 127.0.0.1 30101
2021-11-08 11:13:42,364 [myid:1] - WARN  [nioEventLoopGroup-41-10:NettyServerCnxnFactory$CnxnChannelHandler@231] - Zookeeper server is not running, close the connection before starting the TLS handshake
2021-11-08 11:13:42,628 [myid:] - INFO  [main:FourLetterWordMain@94] - connecting to 127.0.0.1 30101
2021-11-08 11:13:42,628 [myid:1] - WARN  [nioEventLoopGroup-41-11:NettyServerCnxnFactory$CnxnChannelHandler@231] - Zookeeper server is not running, close the connection before starting the TLS handshake
2021-11-08 11:13:42,894 [myid:] - INFO  [main:FourLetterWordMain@94] - connecting to 127.0.0.1 30101
2021-11-08 11:13:42,894 [myid:1] - WARN  [nioEventLoopGroup-41-12:NettyServerCnxnFactory$CnxnChannelHandler@231] - Zookeeper server is not running, close the connection before starting the TLS handshake
2021-11-08 11:13:43,098 [myid:2] - INFO  [QuorumPeer[myid=2](plain=[0:0:0:0:0:0:0:0]:30102)(secure=disabled):FastLeaderElection@984] - Notification time out: 12800
2021-11-08 11:13:43,100 [myid:1] - INFO  [QuorumPeer[myid=1](plain=[0:0:0:0:0:0:0:0]:30101)(secure=disabled):FastLeaderElection@984] - Notification time out: 12800
2021-11-08 11:13:43,158 [myid:] - INFO  [main:FourLetterWordMain@94] - connecting to 127.0.0.1 30101
2021-11-08 11:13:43,159 [myid:1] - WARN  [nioEventLoopGroup-41-1:NettyServerCnxnFactory$CnxnChannelHandler@231] - Zookeeper server is not running, close the connection before starting the TLS handshake
2021-11-08 11:13:43,424 [myid:] - INFO  [main:FourLetterWordMain@94] - connecting to 127.0.0.1 30101
2021-11-08 11:13:43,425 [myid:1] - WARN  [nioEventLoopGroup-41-2:NettyServerCnxnFactory$CnxnChannelHandler@231] - Zookeeper server is not running, close the connection before starting the TLS handshake
2021-11-08 11:13:43,440 [myid:] - INFO  [main:ClientBase@267] - server 127.0.0.1:30101 not up
java.net.SocketException: Software caused connection abort: recv failed
	at java.net.SocketInputStream.socketRead0(Native Method)
	at java.net.SocketInputStream.read(SocketInputStream.java:150)
	at java.net.SocketInputStream.read(SocketInputStream.java:121)
	at sun.nio.cs.StreamDecoder.readBytes(StreamDecoder.java:284)
	at sun.nio.cs.StreamDecoder.implRead(StreamDecoder.java:326)
	at sun.nio.cs.StreamDecoder.read(StreamDecoder.java:178)
	at java.io.InputStreamReader.read(InputStreamReader.java:184)
	at java.io.BufferedReader.fill(BufferedReader.java:161)
	at java.io.BufferedReader.readLine(BufferedReader.java:324)
	at java.io.BufferedReader.readLine(BufferedReader.java:389)
	at org.apache.zookeeper.client.FourLetterWordMain.send4LetterWord(FourLetterWordMain.java:129)
	at org.apache.zookeeper.client.FourLetterWordMain.send4LetterWord(FourLetterWordMain.java:74)
	at org.apache.zookeeper.test.ClientBase.waitForServerUp(ClientBase.java:258)
	at org.apache.zookeeper.test.ClientBase.waitForServerUp(ClientBase.java:249)
	at org.apache.zookeeper.server.quorum.QuorumSSLTest.testQuorumSSL(QuorumSSLTest.java:466)
	at sun.reflect.NativeMethodAccessorImpl.invoke0(Native Method)
	at sun.reflect.NativeMethodAccessorImpl.invoke(NativeMethodAccessorImpl.java:62)
	at sun.reflect.DelegatingMethodAccessorImpl.invoke(DelegatingMethodAccessorImpl.java:43)
	at java.lang.reflect.Method.invoke(Method.java:483)
	at org.junit.platform.commons.util.ReflectionUtils.invokeMethod(ReflectionUtils.java:686)
	at org.junit.jupiter.engine.execution.MethodInvocation.proceed(MethodInvocation.java:60)
	at org.junit.jupiter.engine.execution.InvocationInterceptorChain$ValidatingInvocation.proceed(InvocationInterceptorChain.java:131)
	at org.junit.jupiter.engine.extension.TimeoutInvocation.proceed(TimeoutInvocation.java:46)
	at org.junit.jupiter.engine.extension.TimeoutExtension.intercept(TimeoutExtension.java:149)
	at org.junit.jupiter.engine.extension.TimeoutExtension.interceptTestableMethod(TimeoutExtension.java:140)
	at org.junit.jupiter.engine.extension.TimeoutExtension.interceptTestMethod(TimeoutExtension.java:84)
	at org.junit.jupiter.engine.descriptor.TestMethodTestDescriptor$$Lambda$111/1780132728.apply(Unknown Source)
	at org.junit.jupiter.engine.execution.ExecutableInvoker$ReflectiveInterceptorCall.lambda$ofVoidMethod$0(ExecutableInvoker.java:115)
	at org.junit.jupiter.engine.execution.ExecutableInvoker$ReflectiveInterceptorCall$$Lambda$112/1725017993.apply(Unknown Source)
	at org.junit.jupiter.engine.execution.ExecutableInvoker.lambda$invoke$0(ExecutableInvoker.java:105)
	at org.junit.jupiter.engine.execution.ExecutableInvoker$$Lambda$234/64133603.apply(Unknown Source)
	at org.junit.jupiter.engine.execution.InvocationInterceptorChain$InterceptedInvocation.proceed(InvocationInterceptorChain.java:106)
	at org.junit.jupiter.engine.execution.InvocationInterceptorChain.proceed(InvocationInterceptorChain.java:64)
	at org.junit.jupiter.engine.execution.InvocationInterceptorChain.chainAndInvoke(InvocationInterceptorChain.java:45)
	at org.junit.jupiter.engine.execution.InvocationInterceptorChain.invoke(InvocationInterceptorChain.java:37)
	at org.junit.jupiter.engine.execution.ExecutableInvoker.invoke(ExecutableInvoker.java:104)
	at org.junit.jupiter.engine.execution.ExecutableInvoker.invoke(ExecutableInvoker.java:98)
	at org.junit.jupiter.engine.descriptor.TestMethodTestDescriptor.lambda$invokeTestMethod$6(TestMethodTestDescriptor.java:212)
	at org.junit.jupiter.engine.descriptor.TestMethodTestDescriptor$$Lambda$271/224100622.execute(Unknown Source)
	at org.junit.platform.engine.support.hierarchical.ThrowableCollector.execute(ThrowableCollector.java:73)
	at org.junit.jupiter.engine.descriptor.TestMethodTestDescriptor.invokeTestMethod(TestMethodTestDescriptor.java:208)
	at org.junit.jupiter.engine.descriptor.TestMethodTestDescriptor.execute(TestMethodTestDescriptor.java:137)
	at org.junit.jupiter.engine.descriptor.TestMethodTestDescriptor.execute(TestMethodTestDescriptor.java:71)
	at org.junit.platform.engine.support.hierarchical.NodeTestTask.lambda$executeRecursively$5(NodeTestTask.java:135)
	at org.junit.platform.engine.support.hierarchical.NodeTestTask$$Lambda$179/195615004.execute(Unknown Source)
	at org.junit.platform.engine.support.hierarchical.ThrowableCollector.execute(ThrowableCollector.java:73)
	at org.junit.platform.engine.support.hierarchical.NodeTestTask.lambda$executeRecursively$7(NodeTestTask.java:125)
	at org.junit.platform.engine.support.hierarchical.NodeTestTask$$Lambda$178/1890627974.invoke(Unknown Source)
	at org.junit.platform.engine.support.hierarchical.Node.around(Node.java:135)
	at org.junit.platform.engine.support.hierarchical.NodeTestTask.lambda$executeRecursively$8(NodeTestTask.java:123)
	at org.junit.platform.engine.support.hierarchical.NodeTestTask$$Lambda$177/231977479.execute(Unknown Source)
	at org.junit.platform.engine.support.hierarchical.ThrowableCollector.execute(ThrowableCollector.java:73)
	at org.junit.platform.engine.support.hierarchical.NodeTestTask.executeRecursively(NodeTestTask.java:122)
	at org.junit.platform.engine.support.hierarchical.NodeTestTask.execute(NodeTestTask.java:80)
	at org.junit.platform.engine.support.hierarchical.SameThreadHierarchicalTestExecutorService$$Lambda$183/1381713434.accept(Unknown Source)
	at java.util.ArrayList.forEach(ArrayList.java:1249)
	at org.junit.platform.engine.support.hierarchical.SameThreadHierarchicalTestExecutorService.invokeAll(SameThreadHierarchicalTestExecutorService.java:38)
	at org.junit.platform.engine.support.hierarchical.NodeTestTask.lambda$executeRecursively$5(NodeTestTask.java:139)
	at org.junit.platform.engine.support.hierarchical.NodeTestTask$$Lambda$179/195615004.execute(Unknown Source)
	at org.junit.platform.engine.support.hierarchical.ThrowableCollector.execute(ThrowableCollector.java:73)
	at org.junit.platform.engine.support.hierarchical.NodeTestTask.lambda$executeRecursively$7(NodeTestTask.java:125)
	at org.junit.platform.engine.support.hierarchical.NodeTestTask$$Lambda$178/1890627974.invoke(Unknown Source)
	at org.junit.platform.engine.support.hierarchical.Node.around(Node.java:135)
	at org.junit.platform.engine.support.hierarchical.NodeTestTask.lambda$executeRecursively$8(NodeTestTask.java:123)
	at org.junit.platform.engine.support.hierarchical.NodeTestTask$$Lambda$177/231977479.execute(Unknown Source)
	at org.junit.platform.engine.support.hierarchical.ThrowableCollector.execute(ThrowableCollector.java:73)
	at org.junit.platform.engine.support.hierarchical.NodeTestTask.executeRecursively(NodeTestTask.java:122)
	at org.junit.platform.engine.support.hierarchical.NodeTestTask.execute(NodeTestTask.java:80)
	at org.junit.platform.engine.support.hierarchical.SameThreadHierarchicalTestExecutorService$$Lambda$183/1381713434.accept(Unknown Source)
	at java.util.ArrayList.forEach(ArrayList.java:1249)
	at org.junit.platform.engine.support.hierarchical.SameThreadHierarchicalTestExecutorService.invokeAll(SameThreadHierarchicalTestExecutorService.java:38)
	at org.junit.platform.engine.support.hierarchical.NodeTestTask.lambda$executeRecursively$5(NodeTestTask.java:139)
	at org.junit.platform.engine.support.hierarchical.NodeTestTask$$Lambda$179/195615004.execute(Unknown Source)
	at org.junit.platform.engine.support.hierarchical.ThrowableCollector.execute(ThrowableCollector.java:73)
	at org.junit.platform.engine.support.hierarchical.NodeTestTask.lambda$executeRecursively$7(NodeTestTask.java:125)
	at org.junit.platform.engine.support.hierarchical.NodeTestTask$$Lambda$178/1890627974.invoke(Unknown Source)
	at org.junit.platform.engine.support.hierarchical.Node.around(Node.java:135)
	at org.junit.platform.engine.support.hierarchical.NodeTestTask.lambda$executeRecursively$8(NodeTestTask.java:123)
	at org.junit.platform.engine.support.hierarchical.NodeTestTask$$Lambda$177/231977479.execute(Unknown Source)
	at org.junit.platform.engine.support.hierarchical.ThrowableCollector.execute(ThrowableCollector.java:73)
	at org.junit.platform.engine.support.hierarchical.NodeTestTask.executeRecursively(NodeTestTask.java:122)
	at org.junit.platform.engine.support.hierarchical.NodeTestTask.execute(NodeTestTask.java:80)
	at org.junit.platform.engine.support.hierarchical.SameThreadHierarchicalTestExecutorService.submit(SameThreadHierarchicalTestExecutorService.java:32)
	at org.junit.platform.engine.support.hierarchical.HierarchicalTestExecutor.execute(HierarchicalTestExecutor.java:57)
	at org.junit.platform.engine.support.hierarchical.HierarchicalTestEngine.execute(HierarchicalTestEngine.java:51)
	at org.junit.platform.launcher.core.DefaultLauncher.execute(DefaultLauncher.java:248)
	at org.junit.platform.launcher.core.DefaultLauncher.lambda$execute$5(DefaultLauncher.java:211)
	at org.junit.platform.launcher.core.DefaultLauncher$$Lambda$143/233996206.accept(Unknown Source)
	at org.junit.platform.launcher.core.DefaultLauncher.withInterceptedStreams(DefaultLauncher.java:226)
	at org.junit.platform.launcher.core.DefaultLauncher.execute(DefaultLauncher.java:199)
	at org.junit.platform.launcher.core.DefaultLauncher.execute(DefaultLauncher.java:132)
	at org.apache.maven.surefire.junitplatform.JUnitPlatformProvider.invokeAllTests(JUnitPlatformProvider.java:142)
	at org.apache.maven.surefire.junitplatform.JUnitPlatformProvider.invoke(JUnitPlatformProvider.java:113)
	at org.apache.maven.surefire.booter.ForkedBooter.invokeProviderInSameClassLoader(ForkedBooter.java:384)
	at org.apache.maven.surefire.booter.ForkedBooter.runSuitesInProcess(ForkedBooter.java:345)
	at org.apache.maven.surefire.booter.ForkedBooter.execute(ForkedBooter.java:126)
	at org.apache.maven.surefire.booter.ForkedBooter.main(ForkedBooter.java:418)
2021-11-08 11:13:43,704 [myid:] - INFO  [main:FourLetterWordMain@94] - connecting to 127.0.0.1 30101
2021-11-08 11:13:43,705 [myid:1] - WARN  [nioEventLoopGroup-41-3:NettyServerCnxnFactory$CnxnChannelHandler@231] - Zookeeper server is not running, close the connection before starting the TLS handshake
2021-11-08 11:13:43,957 [myid:] - INFO  [main:FourLetterWordMain@94] - connecting to 127.0.0.1 30101
2021-11-08 11:13:43,957 [myid:1] - WARN  [nioEventLoopGroup-41-4:NettyServerCnxnFactory$CnxnChannelHandler@231] - Zookeeper server is not running, close the connection before starting the TLS handshake
2021-11-08 11:13:44,208 [myid:] - INFO  [main:FourLetterWordMain@94] - connecting to 127.0.0.1 30101
2021-11-08 11:13:44,208 [myid:1] - WARN  [nioEventLoopGroup-41-5:NettyServerCnxnFactory$CnxnChannelHandler@231] - Zookeeper server is not running, close the connection before starting the TLS handshake
2021-11-08 11:13:44,460 [myid:] - INFO  [main:FourLetterWordMain@94] - connecting to 127.0.0.1 30101
2021-11-08 11:13:44,460 [myid:1] - WARN  [nioEventLoopGroup-41-6:NettyServerCnxnFactory$CnxnChannelHandler@231] - Zookeeper server is not running, close the connection before starting the TLS handshake
2021-11-08 11:13:44,711 [myid:] - INFO  [main:FourLetterWordMain@94] - connecting to 127.0.0.1 30101
2021-11-08 11:13:44,711 [myid:1] - WARN  [nioEventLoopGroup-41-7:NettyServerCnxnFactory$CnxnChannelHandler@231] - Zookeeper server is not running, close the connection before starting the TLS handshake
2021-11-08 11:13:44,977 [myid:] - INFO  [main:FourLetterWordMain@94] - connecting to 127.0.0.1 30101
2021-11-08 11:13:44,977 [myid:1] - WARN  [nioEventLoopGroup-41-8:NettyServerCnxnFactory$CnxnChannelHandler@231] - Zookeeper server is not running, close the connection before starting the TLS handshake
2021-11-08 11:13:45,229 [myid:] - INFO  [main:FourLetterWordMain@94] - connecting to 127.0.0.1 30101
2021-11-08 11:13:45,229 [myid:1] - WARN  [nioEventLoopGroup-41-9:NettyServerCnxnFactory$CnxnChannelHandler@231] - Zookeeper server is not running, close the connection before starting the TLS handshake
2021-11-08 11:13:45,490 [myid:] - INFO  [main:FourLetterWordMain@94] - connecting to 127.0.0.1 30101
2021-11-08 11:13:45,492 [myid:1] - WARN  [nioEventLoopGroup-41-10:NettyServerCnxnFactory$CnxnChannelHandler@231] - Zookeeper server is not running, close the connection before starting the TLS handshake
2021-11-08 11:13:45,755 [myid:] - INFO  [main:FourLetterWordMain@94] - connecting to 127.0.0.1 30101
2021-11-08 11:13:45,755 [myid:1] - WARN  [nioEventLoopGroup-41-11:NettyServerCnxnFactory$CnxnChannelHandler@231] - Zookeeper server is not running, close the connection before starting the TLS handshake
2021-11-08 11:13:46,019 [myid:] - INFO  [main:FourLetterWordMain@94] - connecting to 127.0.0.1 30101
2021-11-08 11:13:46,020 [myid:1] - WARN  [nioEventLoopGroup-41-12:NettyServerCnxnFactory$CnxnChannelHandler@231] - Zookeeper server is not running, close the connection before starting the TLS handshake
2021-11-08 11:13:46,286 [myid:] - INFO  [main:FourLetterWordMain@94] - connecting to 127.0.0.1 30101
2021-11-08 11:13:46,286 [myid:1] - WARN  [nioEventLoopGroup-41-1:NettyServerCnxnFactory$CnxnChannelHandler@231] - Zookeeper server is not running, close the connection before starting the TLS handshake
2021-11-08 11:13:46,552 [myid:] - INFO  [main:FourLetterWordMain@94] - connecting to 127.0.0.1 30101
2021-11-08 11:13:46,552 [myid:1] - WARN  [nioEventLoopGroup-41-2:NettyServerCnxnFactory$CnxnChannelHandler@231] - Zookeeper server is not running, close the connection before starting the TLS handshake
2021-11-08 11:13:46,806 [myid:] - INFO  [main:FourLetterWordMain@94] - connecting to 127.0.0.1 30101
2021-11-08 11:13:46,806 [myid:1] - WARN  [nioEventLoopGroup-41-3:NettyServerCnxnFactory$CnxnChannelHandler@231] - Zookeeper server is not running, close the connection before starting the TLS handshake
2021-11-08 11:13:47,057 [myid:] - INFO  [main:FourLetterWordMain@94] - connecting to 127.0.0.1 30101
2021-11-08 11:13:47,058 [myid:1] - WARN  [nioEventLoopGroup-41-4:NettyServerCnxnFactory$CnxnChannelHandler@231] - Zookeeper server is not running, close the connection before starting the TLS handshake
2021-11-08 11:13:47,321 [myid:] - INFO  [main:FourLetterWordMain@94] - connecting to 127.0.0.1 30101
2021-11-08 11:13:47,322 [myid:1] - WARN  [nioEventLoopGroup-41-5:NettyServerCnxnFactory$CnxnChannelHandler@231] - Zookeeper server is not running, close the connection before starting the TLS handshake
2021-11-08 11:13:47,575 [myid:] - INFO  [main:FourLetterWordMain@94] - connecting to 127.0.0.1 30101
2021-11-08 11:13:47,575 [myid:1] - WARN  [nioEventLoopGroup-41-6:NettyServerCnxnFactory$CnxnChannelHandler@231] - Zookeeper server is not running, close the connection before starting the TLS handshake
2021-11-08 11:13:47,826 [myid:] - INFO  [main:FourLetterWordMain@94] - connecting to 127.0.0.1 30101
2021-11-08 11:13:47,826 [myid:1] - WARN  [nioEventLoopGroup-41-7:NettyServerCnxnFactory$CnxnChannelHandler@231] - Zookeeper server is not running, close the connection before starting the TLS handshake
2021-11-08 11:13:48,091 [myid:] - INFO  [main:FourLetterWordMain@94] - connecting to 127.0.0.1 30101
2021-11-08 11:13:48,091 [myid:1] - WARN  [nioEventLoopGroup-41-8:NettyServerCnxnFactory$CnxnChannelHandler@231] - Zookeeper server is not running, close the connection before starting the TLS handshake
2021-11-08 11:13:48,357 [myid:] - INFO  [main:FourLetterWordMain@94] - connecting to 127.0.0.1 30101
2021-11-08 11:13:48,357 [myid:1] - WARN  [nioEventLoopGroup-41-9:NettyServerCnxnFactory$CnxnChannelHandler@231] - Zookeeper server is not running, close the connection before starting the TLS handshake
2021-11-08 11:13:48,608 [myid:] - INFO  [main:FourLetterWordMain@94] - connecting to 127.0.0.1 30101
2021-11-08 11:13:48,609 [myid:1] - WARN  [nioEventLoopGroup-41-10:NettyServerCnxnFactory$CnxnChannelHandler@231] - Zookeeper server is not running, close the connection before starting the TLS handshake
2021-11-08 11:13:48,870 [myid:] - INFO  [main:FourLetterWordMain@94] - connecting to 127.0.0.1 30101
2021-11-08 11:13:48,870 [myid:1] - WARN  [nioEventLoopGroup-41-11:NettyServerCnxnFactory$CnxnChannelHandler@231] - Zookeeper server is not running, close the connection before starting the TLS handshake
2021-11-08 11:13:49,124 [myid:] - INFO  [main:FourLetterWordMain@94] - connecting to 127.0.0.1 30101
2021-11-08 11:13:49,125 [myid:1] - WARN  [nioEventLoopGroup-41-12:NettyServerCnxnFactory$CnxnChannelHandler@231] - Zookeeper server is not running, close the connection before starting the TLS handshake
2021-11-08 11:13:49,389 [myid:] - INFO  [main:FourLetterWordMain@94] - connecting to 127.0.0.1 30101
2021-11-08 11:13:49,389 [myid:1] - WARN  [nioEventLoopGroup-41-1:NettyServerCnxnFactory$CnxnChannelHandler@231] - Zookeeper server is not running, close the connection before starting the TLS handshake
2021-11-08 11:13:49,654 [myid:] - INFO  [main:FourLetterWordMain@94] - connecting to 127.0.0.1 30101
2021-11-08 11:13:49,654 [myid:1] - WARN  [nioEventLoopGroup-41-2:NettyServerCnxnFactory$CnxnChannelHandler@231] - Zookeeper server is not running, close the connection before starting the TLS handshake
2021-11-08 11:13:49,920 [myid:] - INFO  [main:FourLetterWordMain@94] - connecting to 127.0.0.1 30101
2021-11-08 11:13:49,921 [myid:1] - WARN  [nioEventLoopGroup-41-3:NettyServerCnxnFactory$CnxnChannelHandler@231] - Zookeeper server is not running, close the connection before starting the TLS handshake
2021-11-08 11:13:50,199 [myid:] - INFO  [main:FourLetterWordMain@94] - connecting to 127.0.0.1 30101
2021-11-08 11:13:50,200 [myid:1] - WARN  [nioEventLoopGroup-41-4:NettyServerCnxnFactory$CnxnChannelHandler@231] - Zookeeper server is not running, close the connection before starting the TLS handshake
2021-11-08 11:13:50,465 [myid:] - INFO  [main:FourLetterWordMain@94] - connecting to 127.0.0.1 30101
2021-11-08 11:13:50,466 [myid:1] - WARN  [nioEventLoopGroup-41-5:NettyServerCnxnFactory$CnxnChannelHandler@231] - Zookeeper server is not running, close the connection before starting the TLS handshake
2021-11-08 11:13:50,729 [myid:] - INFO  [main:FourLetterWordMain@94] - connecting to 127.0.0.1 30101
2021-11-08 11:13:50,730 [myid:1] - WARN  [nioEventLoopGroup-41-6:NettyServerCnxnFactory$CnxnChannelHandler@231] - Zookeeper server is not running, close the connection before starting the TLS handshake
2021-11-08 11:13:50,981 [myid:] - INFO  [main:FourLetterWordMain@94] - connecting to 127.0.0.1 30101
2021-11-08 11:13:50,982 [myid:1] - WARN  [nioEventLoopGroup-41-7:NettyServerCnxnFactory$CnxnChannelHandler@231] - Zookeeper server is not running, close the connection before starting the TLS handshake
2021-11-08 11:13:51,232 [myid:] - INFO  [main:FourLetterWordMain@94] - connecting to 127.0.0.1 30101
2021-11-08 11:13:51,232 [myid:1] - WARN  [nioEventLoopGroup-41-8:NettyServerCnxnFactory$CnxnChannelHandler@231] - Zookeeper server is not running, close the connection before starting the TLS handshake
2021-11-08 11:13:51,485 [myid:] - INFO  [main:FourLetterWordMain@94] - connecting to 127.0.0.1 30101
2021-11-08 11:13:51,486 [myid:1] - WARN  [nioEventLoopGroup-41-9:NettyServerCnxnFactory$CnxnChannelHandler@231] - Zookeeper server is not running, close the connection before starting the TLS handshake
2021-11-08 11:13:51,486 [myid:] - INFO  [main:ClientBase@267] - server 127.0.0.1:30101 not up
java.net.SocketException: Software caused connection abort: recv failed
	at java.net.SocketInputStream.socketRead0(Native Method)
	at java.net.SocketInputStream.read(SocketInputStream.java:150)
	at java.net.SocketInputStream.read(SocketInputStream.java:121)
	at sun.nio.cs.StreamDecoder.readBytes(StreamDecoder.java:284)
	at sun.nio.cs.StreamDecoder.implRead(StreamDecoder.java:326)
	at sun.nio.cs.StreamDecoder.read(StreamDecoder.java:178)
	at java.io.InputStreamReader.read(InputStreamReader.java:184)
	at java.io.BufferedReader.fill(BufferedReader.java:161)
	at java.io.BufferedReader.readLine(BufferedReader.java:324)
	at java.io.BufferedReader.readLine(BufferedReader.java:389)
	at org.apache.zookeeper.client.FourLetterWordMain.send4LetterWord(FourLetterWordMain.java:129)
	at org.apache.zookeeper.client.FourLetterWordMain.send4LetterWord(FourLetterWordMain.java:74)
	at org.apache.zookeeper.test.ClientBase.waitForServerUp(ClientBase.java:258)
	at org.apache.zookeeper.test.ClientBase.waitForServerUp(ClientBase.java:249)
	at org.apache.zookeeper.server.quorum.QuorumSSLTest.testQuorumSSL(QuorumSSLTest.java:466)
	at sun.reflect.NativeMethodAccessorImpl.invoke0(Native Method)
	at sun.reflect.NativeMethodAccessorImpl.invoke(NativeMethodAccessorImpl.java:62)
	at sun.reflect.DelegatingMethodAccessorImpl.invoke(DelegatingMethodAccessorImpl.java:43)
	at java.lang.reflect.Method.invoke(Method.java:483)
	at org.junit.platform.commons.util.ReflectionUtils.invokeMethod(ReflectionUtils.java:686)
	at org.junit.jupiter.engine.execution.MethodInvocation.proceed(MethodInvocation.java:60)
	at org.junit.jupiter.engine.execution.InvocationInterceptorChain$ValidatingInvocation.proceed(InvocationInterceptorChain.java:131)
	at org.junit.jupiter.engine.extension.TimeoutInvocation.proceed(TimeoutInvocation.java:46)
	at org.junit.jupiter.engine.extension.TimeoutExtension.intercept(TimeoutExtension.java:149)
	at org.junit.jupiter.engine.extension.TimeoutExtension.interceptTestableMethod(TimeoutExtension.java:140)
	at org.junit.jupiter.engine.extension.TimeoutExtension.interceptTestMethod(TimeoutExtension.java:84)
	at org.junit.jupiter.engine.descriptor.TestMethodTestDescriptor$$Lambda$111/1780132728.apply(Unknown Source)
	at org.junit.jupiter.engine.execution.ExecutableInvoker$ReflectiveInterceptorCall.lambda$ofVoidMethod$0(ExecutableInvoker.java:115)
	at org.junit.jupiter.engine.execution.ExecutableInvoker$ReflectiveInterceptorCall$$Lambda$112/1725017993.apply(Unknown Source)
	at org.junit.jupiter.engine.execution.ExecutableInvoker.lambda$invoke$0(ExecutableInvoker.java:105)
	at org.junit.jupiter.engine.execution.ExecutableInvoker$$Lambda$234/64133603.apply(Unknown Source)
	at org.junit.jupiter.engine.execution.InvocationInterceptorChain$InterceptedInvocation.proceed(InvocationInterceptorChain.java:106)
	at org.junit.jupiter.engine.execution.InvocationInterceptorChain.proceed(InvocationInterceptorChain.java:64)
	at org.junit.jupiter.engine.execution.InvocationInterceptorChain.chainAndInvoke(InvocationInterceptorChain.java:45)
	at org.junit.jupiter.engine.execution.InvocationInterceptorChain.invoke(InvocationInterceptorChain.java:37)
	at org.junit.jupiter.engine.execution.ExecutableInvoker.invoke(ExecutableInvoker.java:104)
	at org.junit.jupiter.engine.execution.ExecutableInvoker.invoke(ExecutableInvoker.java:98)
	at org.junit.jupiter.engine.descriptor.TestMethodTestDescriptor.lambda$invokeTestMethod$6(TestMethodTestDescriptor.java:212)
	at org.junit.jupiter.engine.descriptor.TestMethodTestDescriptor$$Lambda$271/224100622.execute(Unknown Source)
	at org.junit.platform.engine.support.hierarchical.ThrowableCollector.execute(ThrowableCollector.java:73)
	at org.junit.jupiter.engine.descriptor.TestMethodTestDescriptor.invokeTestMethod(TestMethodTestDescriptor.java:208)
	at org.junit.jupiter.engine.descriptor.TestMethodTestDescriptor.execute(TestMethodTestDescriptor.java:137)
	at org.junit.jupiter.engine.descriptor.TestMethodTestDescriptor.execute(TestMethodTestDescriptor.java:71)
	at org.junit.platform.engine.support.hierarchical.NodeTestTask.lambda$executeRecursively$5(NodeTestTask.java:135)
	at org.junit.platform.engine.support.hierarchical.NodeTestTask$$Lambda$179/195615004.execute(Unknown Source)
	at org.junit.platform.engine.support.hierarchical.ThrowableCollector.execute(ThrowableCollector.java:73)
	at org.junit.platform.engine.support.hierarchical.NodeTestTask.lambda$executeRecursively$7(NodeTestTask.java:125)
	at org.junit.platform.engine.support.hierarchical.NodeTestTask$$Lambda$178/1890627974.invoke(Unknown Source)
	at org.junit.platform.engine.support.hierarchical.Node.around(Node.java:135)
	at org.junit.platform.engine.support.hierarchical.NodeTestTask.lambda$executeRecursively$8(NodeTestTask.java:123)
	at org.junit.platform.engine.support.hierarchical.NodeTestTask$$Lambda$177/231977479.execute(Unknown Source)
	at org.junit.platform.engine.support.hierarchical.ThrowableCollector.execute(ThrowableCollector.java:73)
	at org.junit.platform.engine.support.hierarchical.NodeTestTask.executeRecursively(NodeTestTask.java:122)
	at org.junit.platform.engine.support.hierarchical.NodeTestTask.execute(NodeTestTask.java:80)
	at org.junit.platform.engine.support.hierarchical.SameThreadHierarchicalTestExecutorService$$Lambda$183/1381713434.accept(Unknown Source)
	at java.util.ArrayList.forEach(ArrayList.java:1249)
	at org.junit.platform.engine.support.hierarchical.SameThreadHierarchicalTestExecutorService.invokeAll(SameThreadHierarchicalTestExecutorService.java:38)
	at org.junit.platform.engine.support.hierarchical.NodeTestTask.lambda$executeRecursively$5(NodeTestTask.java:139)
	at org.junit.platform.engine.support.hierarchical.NodeTestTask$$Lambda$179/195615004.execute(Unknown Source)
	at org.junit.platform.engine.support.hierarchical.ThrowableCollector.execute(ThrowableCollector.java:73)
	at org.junit.platform.engine.support.hierarchical.NodeTestTask.lambda$executeRecursively$7(NodeTestTask.java:125)
	at org.junit.platform.engine.support.hierarchical.NodeTestTask$$Lambda$178/1890627974.invoke(Unknown Source)
	at org.junit.platform.engine.support.hierarchical.Node.around(Node.java:135)
	at org.junit.platform.engine.support.hierarchical.NodeTestTask.lambda$executeRecursively$8(NodeTestTask.java:123)
	at org.junit.platform.engine.support.hierarchical.NodeTestTask$$Lambda$177/231977479.execute(Unknown Source)
	at org.junit.platform.engine.support.hierarchical.ThrowableCollector.execute(ThrowableCollector.java:73)
	at org.junit.platform.engine.support.hierarchical.NodeTestTask.executeRecursively(NodeTestTask.java:122)
	at org.junit.platform.engine.support.hierarchical.NodeTestTask.execute(NodeTestTask.java:80)
	at org.junit.platform.engine.support.hierarchical.SameThreadHierarchicalTestExecutorService$$Lambda$183/1381713434.accept(Unknown Source)
	at java.util.ArrayList.forEach(ArrayList.java:1249)
	at org.junit.platform.engine.support.hierarchical.SameThreadHierarchicalTestExecutorService.invokeAll(SameThreadHierarchicalTestExecutorService.java:38)
	at org.junit.platform.engine.support.hierarchical.NodeTestTask.lambda$executeRecursively$5(NodeTestTask.java:139)
	at org.junit.platform.engine.support.hierarchical.NodeTestTask$$Lambda$179/195615004.execute(Unknown Source)
	at org.junit.platform.engine.support.hierarchical.ThrowableCollector.execute(ThrowableCollector.java:73)
	at org.junit.platform.engine.support.hierarchical.NodeTestTask.lambda$executeRecursively$7(NodeTestTask.java:125)
	at org.junit.platform.engine.support.hierarchical.NodeTestTask$$Lambda$178/1890627974.invoke(Unknown Source)
	at org.junit.platform.engine.support.hierarchical.Node.around(Node.java:135)
	at org.junit.platform.engine.support.hierarchical.NodeTestTask.lambda$executeRecursively$8(NodeTestTask.java:123)
	at org.junit.platform.engine.support.hierarchical.NodeTestTask$$Lambda$177/231977479.execute(Unknown Source)
	at org.junit.platform.engine.support.hierarchical.ThrowableCollector.execute(ThrowableCollector.java:73)
	at org.junit.platform.engine.support.hierarchical.NodeTestTask.executeRecursively(NodeTestTask.java:122)
	at org.junit.platform.engine.support.hierarchical.NodeTestTask.execute(NodeTestTask.java:80)
	at org.junit.platform.engine.support.hierarchical.SameThreadHierarchicalTestExecutorService.submit(SameThreadHierarchicalTestExecutorService.java:32)
	at org.junit.platform.engine.support.hierarchical.HierarchicalTestExecutor.execute(HierarchicalTestExecutor.java:57)
	at org.junit.platform.engine.support.hierarchical.HierarchicalTestEngine.execute(HierarchicalTestEngine.java:51)
	at org.junit.platform.launcher.core.DefaultLauncher.execute(DefaultLauncher.java:248)
	at org.junit.platform.launcher.core.DefaultLauncher.lambda$execute$5(DefaultLauncher.java:211)
	at org.junit.platform.launcher.core.DefaultLauncher$$Lambda$143/233996206.accept(Unknown Source)
	at org.junit.platform.launcher.core.DefaultLauncher.withInterceptedStreams(DefaultLauncher.java:226)
	at org.junit.platform.launcher.core.DefaultLauncher.execute(DefaultLauncher.java:199)
	at org.junit.platform.launcher.core.DefaultLauncher.execute(DefaultLauncher.java:132)
	at org.apache.maven.surefire.junitplatform.JUnitPlatformProvider.invokeAllTests(JUnitPlatformProvider.java:142)
	at org.apache.maven.surefire.junitplatform.JUnitPlatformProvider.invoke(JUnitPlatformProvider.java:113)
	at org.apache.maven.surefire.booter.ForkedBooter.invokeProviderInSameClassLoader(ForkedBooter.java:384)
	at org.apache.maven.surefire.booter.ForkedBooter.runSuitesInProcess(ForkedBooter.java:345)
	at org.apache.maven.surefire.booter.ForkedBooter.execute(ForkedBooter.java:126)
	at org.apache.maven.surefire.booter.ForkedBooter.main(ForkedBooter.java:418)
2021-11-08 11:13:51,751 [myid:] - INFO  [main:FourLetterWordMain@94] - connecting to 127.0.0.1 30101
2021-11-08 11:13:51,754 [myid:1] - WARN  [nioEventLoopGroup-41-10:NettyServerCnxnFactory$CnxnChannelHandler@231] - Zookeeper server is not running, close the connection before starting the TLS handshake
2021-11-08 11:13:52,015 [myid:] - INFO  [main:FourLetterWordMain@94] - connecting to 127.0.0.1 30101
2021-11-08 11:13:52,015 [myid:1] - WARN  [nioEventLoopGroup-41-11:NettyServerCnxnFactory$CnxnChannelHandler@231] - Zookeeper server is not running, close the connection before starting the TLS handshake
2021-11-08 11:13:52,280 [myid:] - INFO  [main:FourLetterWordMain@94] - connecting to 127.0.0.1 30101
2021-11-08 11:13:52,280 [myid:1] - WARN  [nioEventLoopGroup-41-12:NettyServerCnxnFactory$CnxnChannelHandler@231] - Zookeeper server is not running, close the connection before starting the TLS handshake
2021-11-08 11:13:52,533 [myid:] - INFO  [main:FourLetterWordMain@94] - connecting to 127.0.0.1 30101
2021-11-08 11:13:52,533 [myid:1] - WARN  [nioEventLoopGroup-41-1:NettyServerCnxnFactory$CnxnChannelHandler@231] - Zookeeper server is not running, close the connection before starting the TLS handshake
2021-11-08 11:13:52,798 [myid:] - INFO  [main:FourLetterWordMain@94] - connecting to 127.0.0.1 30101
2021-11-08 11:13:52,798 [myid:1] - WARN  [nioEventLoopGroup-41-2:NettyServerCnxnFactory$CnxnChannelHandler@231] - Zookeeper server is not running, close the connection before starting the TLS handshake
2021-11-08 11:13:53,062 [myid:] - INFO  [main:FourLetterWordMain@94] - connecting to 127.0.0.1 30101
2021-11-08 11:13:53,063 [myid:1] - WARN  [nioEventLoopGroup-41-3:NettyServerCnxnFactory$CnxnChannelHandler@231] - Zookeeper server is not running, close the connection before starting the TLS handshake
2021-11-08 11:13:53,327 [myid:] - INFO  [main:FourLetterWordMain@94] - connecting to 127.0.0.1 30101
2021-11-08 11:13:53,328 [myid:1] - WARN  [nioEventLoopGroup-41-4:NettyServerCnxnFactory$CnxnChannelHandler@231] - Zookeeper server is not running, close the connection before starting the TLS handshake
2021-11-08 11:13:53,578 [myid:] - INFO  [main:FourLetterWordMain@94] - connecting to 127.0.0.1 30101
2021-11-08 11:13:53,578 [myid:1] - WARN  [nioEventLoopGroup-41-5:NettyServerCnxnFactory$CnxnChannelHandler@231] - Zookeeper server is not running, close the connection before starting the TLS handshake
2021-11-08 11:13:53,841 [myid:] - INFO  [main:FourLetterWordMain@94] - connecting to 127.0.0.1 30101
2021-11-08 11:13:53,841 [myid:1] - WARN  [nioEventLoopGroup-41-6:NettyServerCnxnFactory$CnxnChannelHandler@231] - Zookeeper server is not running, close the connection before starting the TLS handshake
2021-11-08 11:13:54,107 [myid:] - INFO  [main:FourLetterWordMain@94] - connecting to 127.0.0.1 30101
2021-11-08 11:13:54,107 [myid:1] - WARN  [nioEventLoopGroup-41-7:NettyServerCnxnFactory$CnxnChannelHandler@231] - Zookeeper server is not running, close the connection before starting the TLS handshake
2021-11-08 11:13:54,358 [myid:] - INFO  [main:FourLetterWordMain@94] - connecting to 127.0.0.1 30101
2021-11-08 11:13:54,360 [myid:1] - WARN  [nioEventLoopGroup-41-8:NettyServerCnxnFactory$CnxnChannelHandler@231] - Zookeeper server is not running, close the connection before starting the TLS handshake
2021-11-08 11:13:54,611 [myid:] - INFO  [main:FourLetterWordMain@94] - connecting to 127.0.0.1 30101
2021-11-08 11:13:54,611 [myid:1] - WARN  [nioEventLoopGroup-41-9:NettyServerCnxnFactory$CnxnChannelHandler@231] - Zookeeper server is not running, close the connection before starting the TLS handshake
2021-11-08 11:13:54,879 [myid:] - INFO  [main:FourLetterWordMain@94] - connecting to 127.0.0.1 30101
2021-11-08 11:13:54,879 [myid:1] - WARN  [nioEventLoopGroup-41-10:NettyServerCnxnFactory$CnxnChannelHandler@231] - Zookeeper server is not running, close the connection before starting the TLS handshake
2021-11-08 11:13:55,142 [myid:] - INFO  [main:FourLetterWordMain@94] - connecting to 127.0.0.1 30101
2021-11-08 11:13:55,142 [myid:1] - WARN  [nioEventLoopGroup-41-11:NettyServerCnxnFactory$CnxnChannelHandler@231] - Zookeeper server is not running, close the connection before starting the TLS handshake
2021-11-08 11:13:55,395 [myid:] - INFO  [main:FourLetterWordMain@94] - connecting to 127.0.0.1 30101
2021-11-08 11:13:55,395 [myid:1] - WARN  [nioEventLoopGroup-41-12:NettyServerCnxnFactory$CnxnChannelHandler@231] - Zookeeper server is not running, close the connection before starting the TLS handshake
2021-11-08 11:13:55,648 [myid:] - INFO  [main:FourLetterWordMain@94] - connecting to 127.0.0.1 30101
2021-11-08 11:13:55,648 [myid:1] - WARN  [nioEventLoopGroup-41-1:NettyServerCnxnFactory$CnxnChannelHandler@231] - Zookeeper server is not running, close the connection before starting the TLS handshake
2021-11-08 11:13:55,901 [myid:] - INFO  [main:FourLetterWordMain@94] - connecting to 127.0.0.1 30101
2021-11-08 11:13:55,902 [myid:1] - WARN  [nioEventLoopGroup-41-2:NettyServerCnxnFactory$CnxnChannelHandler@231] - Zookeeper server is not running, close the connection before starting the TLS handshake
2021-11-08 11:13:55,902 [myid:2] - INFO  [QuorumPeer[myid=2](plain=[0:0:0:0:0:0:0:0]:30102)(secure=disabled):FastLeaderElection@984] - Notification time out: 25600
2021-11-08 11:13:55,922 [myid:1] - INFO  [QuorumPeer[myid=1](plain=[0:0:0:0:0:0:0:0]:30101)(secure=disabled):FastLeaderElection@984] - Notification time out: 25600
2021-11-08 11:13:56,165 [myid:] - INFO  [main:FourLetterWordMain@94] - connecting to 127.0.0.1 30101
2021-11-08 11:13:56,165 [myid:1] - WARN  [nioEventLoopGroup-41-3:NettyServerCnxnFactory$CnxnChannelHandler@231] - Zookeeper server is not running, close the connection before starting the TLS handshake
2021-11-08 11:13:56,417 [myid:] - INFO  [main:FourLetterWordMain@94] - connecting to 127.0.0.1 30101
2021-11-08 11:13:56,418 [myid:1] - WARN  [nioEventLoopGroup-41-4:NettyServerCnxnFactory$CnxnChannelHandler@231] - Zookeeper server is not running, close the connection before starting the TLS handshake
2021-11-08 11:13:56,679 [myid:] - INFO  [main:FourLetterWordMain@94] - connecting to 127.0.0.1 30101
2021-11-08 11:13:56,680 [myid:1] - WARN  [nioEventLoopGroup-41-5:NettyServerCnxnFactory$CnxnChannelHandler@231] - Zookeeper server is not running, close the connection before starting the TLS handshake
2021-11-08 11:13:56,945 [myid:] - INFO  [main:FourLetterWordMain@94] - connecting to 127.0.0.1 30101
2021-11-08 11:13:56,946 [myid:1] - WARN  [nioEventLoopGroup-41-6:NettyServerCnxnFactory$CnxnChannelHandler@231] - Zookeeper server is not running, close the connection before starting the TLS handshake
2021-11-08 11:13:57,211 [myid:] - INFO  [main:FourLetterWordMain@94] - connecting to 127.0.0.1 30101
2021-11-08 11:13:57,212 [myid:1] - WARN  [nioEventLoopGroup-41-7:NettyServerCnxnFactory$CnxnChannelHandler@231] - Zookeeper server is not running, close the connection before starting the TLS handshake
2021-11-08 11:13:57,504 [myid:] - INFO  [main:FourLetterWordMain@94] - connecting to 127.0.0.1 30101
2021-11-08 11:13:57,505 [myid:1] - WARN  [nioEventLoopGroup-41-8:NettyServerCnxnFactory$CnxnChannelHandler@231] - Zookeeper server is not running, close the connection before starting the TLS handshake
2021-11-08 11:13:57,769 [myid:] - INFO  [main:FourLetterWordMain@94] - connecting to 127.0.0.1 30101
2021-11-08 11:13:57,769 [myid:1] - WARN  [nioEventLoopGroup-41-9:NettyServerCnxnFactory$CnxnChannelHandler@231] - Zookeeper server is not running, close the connection before starting the TLS handshake
2021-11-08 11:13:58,039 [myid:] - INFO  [main:FourLetterWordMain@94] - connecting to 127.0.0.1 30101
2021-11-08 11:13:58,040 [myid:1] - WARN  [nioEventLoopGroup-41-10:NettyServerCnxnFactory$CnxnChannelHandler@231] - Zookeeper server is not running, close the connection before starting the TLS handshake
2021-11-08 11:13:58,296 [myid:] - INFO  [main:FourLetterWordMain@94] - connecting to 127.0.0.1 30101
2021-11-08 11:13:58,296 [myid:1] - WARN  [nioEventLoopGroup-41-11:NettyServerCnxnFactory$CnxnChannelHandler@231] - Zookeeper server is not running, close the connection before starting the TLS handshake
2021-11-08 11:13:58,559 [myid:] - INFO  [main:FourLetterWordMain@94] - connecting to 127.0.0.1 30101
2021-11-08 11:13:58,560 [myid:1] - WARN  [nioEventLoopGroup-41-12:NettyServerCnxnFactory$CnxnChannelHandler@231] - Zookeeper server is not running, close the connection before starting the TLS handshake
2021-11-08 11:13:58,828 [myid:] - INFO  [main:FourLetterWordMain@94] - connecting to 127.0.0.1 30101
2021-11-08 11:13:58,829 [myid:1] - WARN  [nioEventLoopGroup-41-1:NettyServerCnxnFactory$CnxnChannelHandler@231] - Zookeeper server is not running, close the connection before starting the TLS handshake
2021-11-08 11:13:59,099 [myid:] - INFO  [main:FourLetterWordMain@94] - connecting to 127.0.0.1 30101
2021-11-08 11:13:59,100 [myid:1] - WARN  [nioEventLoopGroup-41-2:NettyServerCnxnFactory$CnxnChannelHandler@231] - Zookeeper server is not running, close the connection before starting the TLS handshake
2021-11-08 11:13:59,365 [myid:] - INFO  [main:FourLetterWordMain@94] - connecting to 127.0.0.1 30101
2021-11-08 11:13:59,366 [myid:1] - WARN  [nioEventLoopGroup-41-3:NettyServerCnxnFactory$CnxnChannelHandler@231] - Zookeeper server is not running, close the connection before starting the TLS handshake
2021-11-08 11:13:59,367 [myid:] - INFO  [main:ClientBase@267] - server 127.0.0.1:30101 not up
java.net.SocketException: Software caused connection abort: recv failed
	at java.net.SocketInputStream.socketRead0(Native Method)
	at java.net.SocketInputStream.read(SocketInputStream.java:150)
	at java.net.SocketInputStream.read(SocketInputStream.java:121)
	at sun.nio.cs.StreamDecoder.readBytes(StreamDecoder.java:284)
	at sun.nio.cs.StreamDecoder.implRead(StreamDecoder.java:326)
	at sun.nio.cs.StreamDecoder.read(StreamDecoder.java:178)
	at java.io.InputStreamReader.read(InputStreamReader.java:184)
	at java.io.BufferedReader.fill(BufferedReader.java:161)
	at java.io.BufferedReader.readLine(BufferedReader.java:324)
	at java.io.BufferedReader.readLine(BufferedReader.java:389)
	at org.apache.zookeeper.client.FourLetterWordMain.send4LetterWord(FourLetterWordMain.java:129)
	at org.apache.zookeeper.client.FourLetterWordMain.send4LetterWord(FourLetterWordMain.java:74)
	at org.apache.zookeeper.test.ClientBase.waitForServerUp(ClientBase.java:258)
	at org.apache.zookeeper.test.ClientBase.waitForServerUp(ClientBase.java:249)
	at org.apache.zookeeper.server.quorum.QuorumSSLTest.testQuorumSSL(QuorumSSLTest.java:466)
	at sun.reflect.NativeMethodAccessorImpl.invoke0(Native Method)
	at sun.reflect.NativeMethodAccessorImpl.invoke(NativeMethodAccessorImpl.java:62)
	at sun.reflect.DelegatingMethodAccessorImpl.invoke(DelegatingMethodAccessorImpl.java:43)
	at java.lang.reflect.Method.invoke(Method.java:483)
	at org.junit.platform.commons.util.ReflectionUtils.invokeMethod(ReflectionUtils.java:686)
	at org.junit.jupiter.engine.execution.MethodInvocation.proceed(MethodInvocation.java:60)
	at org.junit.jupiter.engine.execution.InvocationInterceptorChain$ValidatingInvocation.proceed(InvocationInterceptorChain.java:131)
	at org.junit.jupiter.engine.extension.TimeoutInvocation.proceed(TimeoutInvocation.java:46)
	at org.junit.jupiter.engine.extension.TimeoutExtension.intercept(TimeoutExtension.java:149)
	at org.junit.jupiter.engine.extension.TimeoutExtension.interceptTestableMethod(TimeoutExtension.java:140)
	at org.junit.jupiter.engine.extension.TimeoutExtension.interceptTestMethod(TimeoutExtension.java:84)
	at org.junit.jupiter.engine.descriptor.TestMethodTestDescriptor$$Lambda$111/1780132728.apply(Unknown Source)
	at org.junit.jupiter.engine.execution.ExecutableInvoker$ReflectiveInterceptorCall.lambda$ofVoidMethod$0(ExecutableInvoker.java:115)
	at org.junit.jupiter.engine.execution.ExecutableInvoker$ReflectiveInterceptorCall$$Lambda$112/1725017993.apply(Unknown Source)
	at org.junit.jupiter.engine.execution.ExecutableInvoker.lambda$invoke$0(ExecutableInvoker.java:105)
	at org.junit.jupiter.engine.execution.ExecutableInvoker$$Lambda$234/64133603.apply(Unknown Source)
	at org.junit.jupiter.engine.execution.InvocationInterceptorChain$InterceptedInvocation.proceed(InvocationInterceptorChain.java:106)
	at org.junit.jupiter.engine.execution.InvocationInterceptorChain.proceed(InvocationInterceptorChain.java:64)
	at org.junit.jupiter.engine.execution.InvocationInterceptorChain.chainAndInvoke(InvocationInterceptorChain.java:45)
	at org.junit.jupiter.engine.execution.InvocationInterceptorChain.invoke(InvocationInterceptorChain.java:37)
	at org.junit.jupiter.engine.execution.ExecutableInvoker.invoke(ExecutableInvoker.java:104)
	at org.junit.jupiter.engine.execution.ExecutableInvoker.invoke(ExecutableInvoker.java:98)
	at org.junit.jupiter.engine.descriptor.TestMethodTestDescriptor.lambda$invokeTestMethod$6(TestMethodTestDescriptor.java:212)
	at org.junit.jupiter.engine.descriptor.TestMethodTestDescriptor$$Lambda$271/224100622.execute(Unknown Source)
	at org.junit.platform.engine.support.hierarchical.ThrowableCollector.execute(ThrowableCollector.java:73)
	at org.junit.jupiter.engine.descriptor.TestMethodTestDescriptor.invokeTestMethod(TestMethodTestDescriptor.java:208)
	at org.junit.jupiter.engine.descriptor.TestMethodTestDescriptor.execute(TestMethodTestDescriptor.java:137)
	at org.junit.jupiter.engine.descriptor.TestMethodTestDescriptor.execute(TestMethodTestDescriptor.java:71)
	at org.junit.platform.engine.support.hierarchical.NodeTestTask.lambda$executeRecursively$5(NodeTestTask.java:135)
	at org.junit.platform.engine.support.hierarchical.NodeTestTask$$Lambda$179/195615004.execute(Unknown Source)
	at org.junit.platform.engine.support.hierarchical.ThrowableCollector.execute(ThrowableCollector.java:73)
	at org.junit.platform.engine.support.hierarchical.NodeTestTask.lambda$executeRecursively$7(NodeTestTask.java:125)
	at org.junit.platform.engine.support.hierarchical.NodeTestTask$$Lambda$178/1890627974.invoke(Unknown Source)
	at org.junit.platform.engine.support.hierarchical.Node.around(Node.java:135)
	at org.junit.platform.engine.support.hierarchical.NodeTestTask.lambda$executeRecursively$8(NodeTestTask.java:123)
	at org.junit.platform.engine.support.hierarchical.NodeTestTask$$Lambda$177/231977479.execute(Unknown Source)
	at org.junit.platform.engine.support.hierarchical.ThrowableCollector.execute(ThrowableCollector.java:73)
	at org.junit.platform.engine.support.hierarchical.NodeTestTask.executeRecursively(NodeTestTask.java:122)
	at org.junit.platform.engine.support.hierarchical.NodeTestTask.execute(NodeTestTask.java:80)
	at org.junit.platform.engine.support.hierarchical.SameThreadHierarchicalTestExecutorService$$Lambda$183/1381713434.accept(Unknown Source)
	at java.util.ArrayList.forEach(ArrayList.java:1249)
	at org.junit.platform.engine.support.hierarchical.SameThreadHierarchicalTestExecutorService.invokeAll(SameThreadHierarchicalTestExecutorService.java:38)
	at org.junit.platform.engine.support.hierarchical.NodeTestTask.lambda$executeRecursively$5(NodeTestTask.java:139)
	at org.junit.platform.engine.support.hierarchical.NodeTestTask$$Lambda$179/195615004.execute(Unknown Source)
	at org.junit.platform.engine.support.hierarchical.ThrowableCollector.execute(ThrowableCollector.java:73)
	at org.junit.platform.engine.support.hierarchical.NodeTestTask.lambda$executeRecursively$7(NodeTestTask.java:125)
	at org.junit.platform.engine.support.hierarchical.NodeTestTask$$Lambda$178/1890627974.invoke(Unknown Source)
	at org.junit.platform.engine.support.hierarchical.Node.around(Node.java:135)
	at org.junit.platform.engine.support.hierarchical.NodeTestTask.lambda$executeRecursively$8(NodeTestTask.java:123)
	at org.junit.platform.engine.support.hierarchical.NodeTestTask$$Lambda$177/231977479.execute(Unknown Source)
	at org.junit.platform.engine.support.hierarchical.ThrowableCollector.execute(ThrowableCollector.java:73)
	at org.junit.platform.engine.support.hierarchical.NodeTestTask.executeRecursively(NodeTestTask.java:122)
	at org.junit.platform.engine.support.hierarchical.NodeTestTask.execute(NodeTestTask.java:80)
	at org.junit.platform.engine.support.hierarchical.SameThreadHierarchicalTestExecutorService$$Lambda$183/1381713434.accept(Unknown Source)
	at java.util.ArrayList.forEach(ArrayList.java:1249)
	at org.junit.platform.engine.support.hierarchical.SameThreadHierarchicalTestExecutorService.invokeAll(SameThreadHierarchicalTestExecutorService.java:38)
	at org.junit.platform.engine.support.hierarchical.NodeTestTask.lambda$executeRecursively$5(NodeTestTask.java:139)
	at org.junit.platform.engine.support.hierarchical.NodeTestTask$$Lambda$179/195615004.execute(Unknown Source)
	at org.junit.platform.engine.support.hierarchical.ThrowableCollector.execute(ThrowableCollector.java:73)
	at org.junit.platform.engine.support.hierarchical.NodeTestTask.lambda$executeRecursively$7(NodeTestTask.java:125)
	at org.junit.platform.engine.support.hierarchical.NodeTestTask$$Lambda$178/1890627974.invoke(Unknown Source)
	at org.junit.platform.engine.support.hierarchical.Node.around(Node.java:135)
	at org.junit.platform.engine.support.hierarchical.NodeTestTask.lambda$executeRecursively$8(NodeTestTask.java:123)
	at org.junit.platform.engine.support.hierarchical.NodeTestTask$$Lambda$177/231977479.execute(Unknown Source)
	at org.junit.platform.engine.support.hierarchical.ThrowableCollector.execute(ThrowableCollector.java:73)
	at org.junit.platform.engine.support.hierarchical.NodeTestTask.executeRecursively(NodeTestTask.java:122)
	at org.junit.platform.engine.support.hierarchical.NodeTestTask.execute(NodeTestTask.java:80)
	at org.junit.platform.engine.support.hierarchical.SameThreadHierarchicalTestExecutorService.submit(SameThreadHierarchicalTestExecutorService.java:32)
	at org.junit.platform.engine.support.hierarchical.HierarchicalTestExecutor.execute(HierarchicalTestExecutor.java:57)
	at org.junit.platform.engine.support.hierarchical.HierarchicalTestEngine.execute(HierarchicalTestEngine.java:51)
	at org.junit.platform.launcher.core.DefaultLauncher.execute(DefaultLauncher.java:248)
	at org.junit.platform.launcher.core.DefaultLauncher.lambda$execute$5(DefaultLauncher.java:211)
	at org.junit.platform.launcher.core.DefaultLauncher$$Lambda$143/233996206.accept(Unknown Source)
	at org.junit.platform.launcher.core.DefaultLauncher.withInterceptedStreams(DefaultLauncher.java:226)
	at org.junit.platform.launcher.core.DefaultLauncher.execute(DefaultLauncher.java:199)
	at org.junit.platform.launcher.core.DefaultLauncher.execute(DefaultLauncher.java:132)
	at org.apache.maven.surefire.junitplatform.JUnitPlatformProvider.invokeAllTests(JUnitPlatformProvider.java:142)
	at org.apache.maven.surefire.junitplatform.JUnitPlatformProvider.invoke(JUnitPlatformProvider.java:113)
	at org.apache.maven.surefire.booter.ForkedBooter.invokeProviderInSameClassLoader(ForkedBooter.java:384)
	at org.apache.maven.surefire.booter.ForkedBooter.runSuitesInProcess(ForkedBooter.java:345)
	at org.apache.maven.surefire.booter.ForkedBooter.execute(ForkedBooter.java:126)
	at org.apache.maven.surefire.booter.ForkedBooter.main(ForkedBooter.java:418)
2021-11-08 11:13:59,635 [myid:] - INFO  [main:FourLetterWordMain@94] - connecting to 127.0.0.1 30101
2021-11-08 11:13:59,635 [myid:1] - WARN  [nioEventLoopGroup-41-4:NettyServerCnxnFactory$CnxnChannelHandler@231] - Zookeeper server is not running, close the connection before starting the TLS handshake
2021-11-08 11:13:59,897 [myid:] - INFO  [main:FourLetterWordMain@94] - connecting to 127.0.0.1 30101
2021-11-08 11:13:59,900 [myid:1] - WARN  [nioEventLoopGroup-41-5:NettyServerCnxnFactory$CnxnChannelHandler@231] - Zookeeper server is not running, close the connection before starting the TLS handshake
2021-11-08 11:14:00,154 [myid:] - INFO  [main:FourLetterWordMain@94] - connecting to 127.0.0.1 30101
2021-11-08 11:14:00,154 [myid:1] - WARN  [nioEventLoopGroup-41-6:NettyServerCnxnFactory$CnxnChannelHandler@231] - Zookeeper server is not running, close the connection before starting the TLS handshake
2021-11-08 11:14:00,155 [myid:] - INFO  [main:ClientBase@267] - server 127.0.0.1:30101 not up
java.net.SocketException: Software caused connection abort: recv failed
	at java.net.SocketInputStream.socketRead0(Native Method)
	at java.net.SocketInputStream.read(SocketInputStream.java:150)
	at java.net.SocketInputStream.read(SocketInputStream.java:121)
	at sun.nio.cs.StreamDecoder.readBytes(StreamDecoder.java:284)
	at sun.nio.cs.StreamDecoder.implRead(StreamDecoder.java:326)
	at sun.nio.cs.StreamDecoder.read(StreamDecoder.java:178)
	at java.io.InputStreamReader.read(InputStreamReader.java:184)
	at java.io.BufferedReader.fill(BufferedReader.java:161)
	at java.io.BufferedReader.readLine(BufferedReader.java:324)
	at java.io.BufferedReader.readLine(BufferedReader.java:389)
	at org.apache.zookeeper.client.FourLetterWordMain.send4LetterWord(FourLetterWordMain.java:129)
	at org.apache.zookeeper.client.FourLetterWordMain.send4LetterWord(FourLetterWordMain.java:74)
	at org.apache.zookeeper.test.ClientBase.waitForServerUp(ClientBase.java:258)
	at org.apache.zookeeper.test.ClientBase.waitForServerUp(ClientBase.java:249)
	at org.apache.zookeeper.server.quorum.QuorumSSLTest.testQuorumSSL(QuorumSSLTest.java:466)
	at sun.reflect.NativeMethodAccessorImpl.invoke0(Native Method)
	at sun.reflect.NativeMethodAccessorImpl.invoke(NativeMethodAccessorImpl.java:62)
	at sun.reflect.DelegatingMethodAccessorImpl.invoke(DelegatingMethodAccessorImpl.java:43)
	at java.lang.reflect.Method.invoke(Method.java:483)
	at org.junit.platform.commons.util.ReflectionUtils.invokeMethod(ReflectionUtils.java:686)
	at org.junit.jupiter.engine.execution.MethodInvocation.proceed(MethodInvocation.java:60)
	at org.junit.jupiter.engine.execution.InvocationInterceptorChain$ValidatingInvocation.proceed(InvocationInterceptorChain.java:131)
	at org.junit.jupiter.engine.extension.TimeoutInvocation.proceed(TimeoutInvocation.java:46)
	at org.junit.jupiter.engine.extension.TimeoutExtension.intercept(TimeoutExtension.java:149)
	at org.junit.jupiter.engine.extension.TimeoutExtension.interceptTestableMethod(TimeoutExtension.java:140)
	at org.junit.jupiter.engine.extension.TimeoutExtension.interceptTestMethod(TimeoutExtension.java:84)
	at org.junit.jupiter.engine.descriptor.TestMethodTestDescriptor$$Lambda$111/1780132728.apply(Unknown Source)
	at org.junit.jupiter.engine.execution.ExecutableInvoker$ReflectiveInterceptorCall.lambda$ofVoidMethod$0(ExecutableInvoker.java:115)
	at org.junit.jupiter.engine.execution.ExecutableInvoker$ReflectiveInterceptorCall$$Lambda$112/1725017993.apply(Unknown Source)
	at org.junit.jupiter.engine.execution.ExecutableInvoker.lambda$invoke$0(ExecutableInvoker.java:105)
	at org.junit.jupiter.engine.execution.ExecutableInvoker$$Lambda$234/64133603.apply(Unknown Source)
	at org.junit.jupiter.engine.execution.InvocationInterceptorChain$InterceptedInvocation.proceed(InvocationInterceptorChain.java:106)
	at org.junit.jupiter.engine.execution.InvocationInterceptorChain.proceed(InvocationInterceptorChain.java:64)
	at org.junit.jupiter.engine.execution.InvocationInterceptorChain.chainAndInvoke(InvocationInterceptorChain.java:45)
	at org.junit.jupiter.engine.execution.InvocationInterceptorChain.invoke(InvocationInterceptorChain.java:37)
	at org.junit.jupiter.engine.execution.ExecutableInvoker.invoke(ExecutableInvoker.java:104)
	at org.junit.jupiter.engine.execution.ExecutableInvoker.invoke(ExecutableInvoker.java:98)
	at org.junit.jupiter.engine.descriptor.TestMethodTestDescriptor.lambda$invokeTestMethod$6(TestMethodTestDescriptor.java:212)
	at org.junit.jupiter.engine.descriptor.TestMethodTestDescriptor$$Lambda$271/224100622.execute(Unknown Source)
	at org.junit.platform.engine.support.hierarchical.ThrowableCollector.execute(ThrowableCollector.java:73)
	at org.junit.jupiter.engine.descriptor.TestMethodTestDescriptor.invokeTestMethod(TestMethodTestDescriptor.java:208)
	at org.junit.jupiter.engine.descriptor.TestMethodTestDescriptor.execute(TestMethodTestDescriptor.java:137)
	at org.junit.jupiter.engine.descriptor.TestMethodTestDescriptor.execute(TestMethodTestDescriptor.java:71)
	at org.junit.platform.engine.support.hierarchical.NodeTestTask.lambda$executeRecursively$5(NodeTestTask.java:135)
	at org.junit.platform.engine.support.hierarchical.NodeTestTask$$Lambda$179/195615004.execute(Unknown Source)
	at org.junit.platform.engine.support.hierarchical.ThrowableCollector.execute(ThrowableCollector.java:73)
	at org.junit.platform.engine.support.hierarchical.NodeTestTask.lambda$executeRecursively$7(NodeTestTask.java:125)
	at org.junit.platform.engine.support.hierarchical.NodeTestTask$$Lambda$178/1890627974.invoke(Unknown Source)
	at org.junit.platform.engine.support.hierarchical.Node.around(Node.java:135)
	at org.junit.platform.engine.support.hierarchical.NodeTestTask.lambda$executeRecursively$8(NodeTestTask.java:123)
	at org.junit.platform.engine.support.hierarchical.NodeTestTask$$Lambda$177/231977479.execute(Unknown Source)
	at org.junit.platform.engine.support.hierarchical.ThrowableCollector.execute(ThrowableCollector.java:73)
	at org.junit.platform.engine.support.hierarchical.NodeTestTask.executeRecursively(NodeTestTask.java:122)
	at org.junit.platform.engine.support.hierarchical.NodeTestTask.execute(NodeTestTask.java:80)
	at org.junit.platform.engine.support.hierarchical.SameThreadHierarchicalTestExecutorService$$Lambda$183/1381713434.accept(Unknown Source)
	at java.util.ArrayList.forEach(ArrayList.java:1249)
	at org.junit.platform.engine.support.hierarchical.SameThreadHierarchicalTestExecutorService.invokeAll(SameThreadHierarchicalTestExecutorService.java:38)
	at org.junit.platform.engine.support.hierarchical.NodeTestTask.lambda$executeRecursively$5(NodeTestTask.java:139)
	at org.junit.platform.engine.support.hierarchical.NodeTestTask$$Lambda$179/195615004.execute(Unknown Source)
	at org.junit.platform.engine.support.hierarchical.ThrowableCollector.execute(ThrowableCollector.java:73)
	at org.junit.platform.engine.support.hierarchical.NodeTestTask.lambda$executeRecursively$7(NodeTestTask.java:125)
	at org.junit.platform.engine.support.hierarchical.NodeTestTask$$Lambda$178/1890627974.invoke(Unknown Source)
	at org.junit.platform.engine.support.hierarchical.Node.around(Node.java:135)
	at org.junit.platform.engine.support.hierarchical.NodeTestTask.lambda$executeRecursively$8(NodeTestTask.java:123)
	at org.junit.platform.engine.support.hierarchical.NodeTestTask$$Lambda$177/231977479.execute(Unknown Source)
	at org.junit.platform.engine.support.hierarchical.ThrowableCollector.execute(ThrowableCollector.java:73)
	at org.junit.platform.engine.support.hierarchical.NodeTestTask.executeRecursively(NodeTestTask.java:122)
	at org.junit.platform.engine.support.hierarchical.NodeTestTask.execute(NodeTestTask.java:80)
	at org.junit.platform.engine.support.hierarchical.SameThreadHierarchicalTestExecutorService$$Lambda$183/1381713434.accept(Unknown Source)
	at java.util.ArrayList.forEach(ArrayList.java:1249)
	at org.junit.platform.engine.support.hierarchical.SameThreadHierarchicalTestExecutorService.invokeAll(SameThreadHierarchicalTestExecutorService.java:38)
	at org.junit.platform.engine.support.hierarchical.NodeTestTask.lambda$executeRecursively$5(NodeTestTask.java:139)
	at org.junit.platform.engine.support.hierarchical.NodeTestTask$$Lambda$179/195615004.execute(Unknown Source)
	at org.junit.platform.engine.support.hierarchical.ThrowableCollector.execute(ThrowableCollector.java:73)
	at org.junit.platform.engine.support.hierarchical.NodeTestTask.lambda$executeRecursively$7(NodeTestTask.java:125)
	at org.junit.platform.engine.support.hierarchical.NodeTestTask$$Lambda$178/1890627974.invoke(Unknown Source)
	at org.junit.platform.engine.support.hierarchical.Node.around(Node.java:135)
	at org.junit.platform.engine.support.hierarchical.NodeTestTask.lambda$executeRecursively$8(NodeTestTask.java:123)
	at org.junit.platform.engine.support.hierarchical.NodeTestTask$$Lambda$177/231977479.execute(Unknown Source)
	at org.junit.platform.engine.support.hierarchical.ThrowableCollector.execute(ThrowableCollector.java:73)
	at org.junit.platform.engine.support.hierarchical.NodeTestTask.executeRecursively(NodeTestTask.java:122)
	at org.junit.platform.engine.support.hierarchical.NodeTestTask.execute(NodeTestTask.java:80)
	at org.junit.platform.engine.support.hierarchical.SameThreadHierarchicalTestExecutorService.submit(SameThreadHierarchicalTestExecutorService.java:32)
	at org.junit.platform.engine.support.hierarchical.HierarchicalTestExecutor.execute(HierarchicalTestExecutor.java:57)
	at org.junit.platform.engine.support.hierarchical.HierarchicalTestEngine.execute(HierarchicalTestEngine.java:51)
	at org.junit.platform.launcher.core.DefaultLauncher.execute(DefaultLauncher.java:248)
	at org.junit.platform.launcher.core.DefaultLauncher.lambda$execute$5(DefaultLauncher.java:211)
	at org.junit.platform.launcher.core.DefaultLauncher$$Lambda$143/233996206.accept(Unknown Source)
	at org.junit.platform.launcher.core.DefaultLauncher.withInterceptedStreams(DefaultLauncher.java:226)
	at org.junit.platform.launcher.core.DefaultLauncher.execute(DefaultLauncher.java:199)
	at org.junit.platform.launcher.core.DefaultLauncher.execute(DefaultLauncher.java:132)
	at org.apache.maven.surefire.junitplatform.JUnitPlatformProvider.invokeAllTests(JUnitPlatformProvider.java:142)
	at org.apache.maven.surefire.junitplatform.JUnitPlatformProvider.invoke(JUnitPlatformProvider.java:113)
	at org.apache.maven.surefire.booter.ForkedBooter.invokeProviderInSameClassLoader(ForkedBooter.java:384)
	at org.apache.maven.surefire.booter.ForkedBooter.runSuitesInProcess(ForkedBooter.java:345)
	at org.apache.maven.surefire.booter.ForkedBooter.execute(ForkedBooter.java:126)
	at org.apache.maven.surefire.booter.ForkedBooter.main(ForkedBooter.java:418)
2021-11-08 11:14:00,156 [myid:] - INFO  [main:QuorumBase@422] - Shutting down quorum peer QuorumPeer[myid=1](plain=[0:0:0:0:0:0:0:0]:30101)(secure=disabled)
2021-11-08 11:14:00,156 [myid:] - INFO  [main:NettyServerCnxnFactory@647] - shutdown called /0:0:0:0:0:0:0:0:30101
2021-11-08 11:14:00,173 [myid:1] - WARN  [QuorumPeer[myid=1](plain=[0:0:0:0:0:0:0:0]:30101)(secure=disabled):QuorumPeer@1486] - Unexpected exception
java.lang.InterruptedException
	at java.util.concurrent.locks.AbstractQueuedSynchronizer$ConditionObject.reportInterruptAfterWait(AbstractQueuedSynchronizer.java:2014)
	at java.util.concurrent.locks.AbstractQueuedSynchronizer$ConditionObject.awaitNanos(AbstractQueuedSynchronizer.java:2088)
	at java.util.concurrent.LinkedBlockingQueue.poll(LinkedBlockingQueue.java:467)
	at org.apache.zookeeper.server.quorum.FastLeaderElection.lookForLeader(FastLeaderElection.java:966)
	at org.apache.zookeeper.server.quorum.QuorumPeer.run(QuorumPeer.java:1484)
2021-11-08 11:14:00,180 [myid:1] - INFO  [QuorumPeer[myid=1](plain=[0:0:0:0:0:0:0:0]:30101)(secure=disabled):QuorumPeer@915] - Peer state changed: looking
2021-11-08 11:14:00,180 [myid:1] - WARN  [QuorumPeer[myid=1](plain=[0:0:0:0:0:0:0:0]:30101)(secure=disabled):QuorumPeer@1545] - QuorumPeer main thread exited
2021-11-08 11:14:00,188 [myid:1] - INFO  [QuorumPeerListener:QuorumCnxManager$Listener@980] - Leaving listener
2021-11-08 11:14:00,225 [myid:] - INFO  [main:QuorumBase@426] - Shutting down leader election QuorumPeer[myid=1](plain=[0:0:0:0:0:0:0:0]:30101)(secure=disabled)
2021-11-08 11:14:00,225 [myid:] - INFO  [main:QuorumBase@431] - Waiting for QuorumPeer[myid=1](plain=[0:0:0:0:0:0:0:0]:30101)(secure=disabled) to exit thread
2021-11-08 11:14:00,225 [myid:] - INFO  [main:QuorumBase@422] - Shutting down quorum peer QuorumPeer[myid=2](plain=[0:0:0:0:0:0:0:0]:30102)(secure=disabled)
2021-11-08 11:14:00,225 [myid:] - INFO  [main:NettyServerCnxnFactory@647] - shutdown called /0:0:0:0:0:0:0:0:30102
2021-11-08 11:14:00,230 [myid:2] - INFO  [QuorumPeerListener:QuorumCnxManager$Listener@980] - Leaving listener
2021-11-08 11:14:00,231 [myid:] - INFO  [main:QuorumBase@426] - Shutting down leader election QuorumPeer[myid=2](plain=[0:0:0:0:0:0:0:0]:30102)(secure=disabled)
2021-11-08 11:14:00,231 [myid:] - INFO  [main:QuorumBase@431] - Waiting for QuorumPeer[myid=2](plain=[0:0:0:0:0:0:0:0]:30102)(secure=disabled) to exit thread
2021-11-08 11:14:00,232 [myid:2] - WARN  [QuorumPeer[myid=2](plain=[0:0:0:0:0:0:0:0]:30102)(secure=disabled):QuorumPeer@1486] - Unexpected exception
java.lang.InterruptedException
	at java.util.concurrent.locks.AbstractQueuedSynchronizer$ConditionObject.reportInterruptAfterWait(AbstractQueuedSynchronizer.java:2014)
	at java.util.concurrent.locks.AbstractQueuedSynchronizer$ConditionObject.awaitNanos(AbstractQueuedSynchronizer.java:2088)
	at java.util.concurrent.LinkedBlockingQueue.poll(LinkedBlockingQueue.java:467)
	at org.apache.zookeeper.server.quorum.FastLeaderElection.lookForLeader(FastLeaderElection.java:966)
	at org.apache.zookeeper.server.quorum.QuorumPeer.run(QuorumPeer.java:1484)
2021-11-08 11:14:00,232 [myid:2] - INFO  [QuorumPeer[myid=2](plain=[0:0:0:0:0:0:0:0]:30102)(secure=disabled):QuorumPeer@915] - Peer state changed: looking
2021-11-08 11:14:00,232 [myid:2] - WARN  [QuorumPeer[myid=2](plain=[0:0:0:0:0:0:0:0]:30102)(secure=disabled):QuorumPeer@1545] - QuorumPeer main thread exited
2021-11-08 11:14:00,233 [myid:] - INFO  [main:QuorumPeerTestBase@64] - No servers to shutdown!
2021-11-08 11:14:00,234 [myid:] - INFO  [main:ZKTestCase@82] - FINISHED Optional[public void org.apache.zookeeper.server.quorum.QuorumSSLTest.testQuorumSSL() throws java.lang.Exception]
]]></system-out>
    <system-err><![CDATA[Exception in thread "QuorumConnectionThread-[myid=1]-1" java.lang.IllegalArgumentException: Cannot support TLS_ECDHE_ECDSA_WITH_AES_256_CBC_SHA384 with currently installed providers
	at sun.security.ssl.CipherSuiteList.<init>(CipherSuiteList.java:92)
	at sun.security.ssl.SSLSocketImpl.setEnabledCipherSuites(SSLSocketImpl.java:2419)
	at javax.net.ssl.SSLSocket.setSSLParameters(SSLSocket.java:650)
	at sun.security.ssl.SSLSocketImpl.setSSLParameters(SSLSocketImpl.java:2544)
	at org.apache.zookeeper.common.SSLContextAndOptions.configureSSLSocket(SSLContextAndOptions.java:125)
	at org.apache.zookeeper.common.SSLContextAndOptions.createSSLSocket(SSLContextAndOptions.java:80)
	at org.apache.zookeeper.common.X509Util.createSSLSocket(X509Util.java:517)
	at org.apache.zookeeper.server.quorum.QuorumCnxManager.initiateConnection(QuorumCnxManager.java:379)
	at org.apache.zookeeper.server.quorum.QuorumCnxManager$QuorumConnectionReqThread.run(QuorumCnxManager.java:458)
	at java.util.concurrent.ThreadPoolExecutor.runWorker(ThreadPoolExecutor.java:1142)
	at java.util.concurrent.ThreadPoolExecutor$Worker.run(ThreadPoolExecutor.java:617)
	at java.lang.Thread.run(Thread.java:745)
Exception in thread "QuorumConnectionThread-[myid=1]-2" java.lang.IllegalArgumentException: Cannot support TLS_ECDHE_ECDSA_WITH_AES_256_CBC_SHA384 with currently installed providers
	at sun.security.ssl.CipherSuiteList.<init>(CipherSuiteList.java:92)
	at sun.security.ssl.SSLSocketImpl.setEnabledCipherSuites(SSLSocketImpl.java:2419)
	at javax.net.ssl.SSLSocket.setSSLParameters(SSLSocket.java:650)
	at sun.security.ssl.SSLSocketImpl.setSSLParameters(SSLSocketImpl.java:2544)
	at org.apache.zookeeper.common.SSLContextAndOptions.configureSSLSocket(SSLContextAndOptions.java:125)
	at org.apache.zookeeper.common.SSLContextAndOptions.createSSLSocket(SSLContextAndOptions.java:80)
	at org.apache.zookeeper.common.X509Util.createSSLSocket(X509Util.java:517)
	at org.apache.zookeeper.server.quorum.QuorumCnxManager.initiateConnection(QuorumCnxManager.java:379)
	at org.apache.zookeeper.server.quorum.QuorumCnxManager$QuorumConnectionReqThread.run(QuorumCnxManager.java:458)
	at java.util.concurrent.ThreadPoolExecutor.runWorker(ThreadPoolExecutor.java:1142)
	at java.util.concurrent.ThreadPoolExecutor$Worker.run(ThreadPoolExecutor.java:617)
	at java.lang.Thread.run(Thread.java:745)
Exception in thread "QuorumConnectionThread-[myid=2]-1" java.lang.IllegalArgumentException: Cannot support TLS_ECDHE_ECDSA_WITH_AES_256_CBC_SHA384 with currently installed providers
	at sun.security.ssl.CipherSuiteList.<init>(CipherSuiteList.java:92)
	at sun.security.ssl.SSLSocketImpl.setEnabledCipherSuites(SSLSocketImpl.java:2419)
	at javax.net.ssl.SSLSocket.setSSLParameters(SSLSocket.java:650)
	at sun.security.ssl.SSLSocketImpl.setSSLParameters(SSLSocketImpl.java:2544)
	at org.apache.zookeeper.common.SSLContextAndOptions.configureSSLSocket(SSLContextAndOptions.java:125)
	at org.apache.zookeeper.common.SSLContextAndOptions.createSSLSocket(SSLContextAndOptions.java:80)
	at org.apache.zookeeper.common.X509Util.createSSLSocket(X509Util.java:517)
	at org.apache.zookeeper.server.quorum.QuorumCnxManager.initiateConnection(QuorumCnxManager.java:379)
	at org.apache.zookeeper.server.quorum.QuorumCnxManager$QuorumConnectionReqThread.run(QuorumCnxManager.java:458)
	at java.util.concurrent.ThreadPoolExecutor.runWorker(ThreadPoolExecutor.java:1142)
	at java.util.concurrent.ThreadPoolExecutor$Worker.run(ThreadPoolExecutor.java:617)
	at java.lang.Thread.run(Thread.java:745)
Exception in thread "QuorumConnectionThread-[myid=2]-2" java.lang.IllegalArgumentException: Cannot support TLS_ECDHE_ECDSA_WITH_AES_256_CBC_SHA384 with currently installed providers
	at sun.security.ssl.CipherSuiteList.<init>(CipherSuiteList.java:92)
	at sun.security.ssl.SSLSocketImpl.setEnabledCipherSuites(SSLSocketImpl.java:2419)
	at javax.net.ssl.SSLSocket.setSSLParameters(SSLSocket.java:650)
	at sun.security.ssl.SSLSocketImpl.setSSLParameters(SSLSocketImpl.java:2544)
	at org.apache.zookeeper.common.SSLContextAndOptions.configureSSLSocket(SSLContextAndOptions.java:125)
	at org.apache.zookeeper.common.SSLContextAndOptions.createSSLSocket(SSLContextAndOptions.java:80)
	at org.apache.zookeeper.common.X509Util.createSSLSocket(X509Util.java:517)
	at org.apache.zookeeper.server.quorum.QuorumCnxManager.initiateConnection(QuorumCnxManager.java:379)
	at org.apache.zookeeper.server.quorum.QuorumCnxManager$QuorumConnectionReqThread.run(QuorumCnxManager.java:458)
	at java.util.concurrent.ThreadPoolExecutor.runWorker(ThreadPoolExecutor.java:1142)
	at java.util.concurrent.ThreadPoolExecutor$Worker.run(ThreadPoolExecutor.java:617)
	at java.lang.Thread.run(Thread.java:745)
Exception in thread "QuorumConnectionThread-[myid=1]-4" java.lang.IllegalArgumentException: Cannot support TLS_ECDHE_ECDSA_WITH_AES_256_CBC_SHA384 with currently installed providers
	at sun.security.ssl.CipherSuiteList.<init>(CipherSuiteList.java:92)
	at sun.security.ssl.SSLSocketImpl.setEnabledCipherSuites(SSLSocketImpl.java:2419)
	at javax.net.ssl.SSLSocket.setSSLParameters(SSLSocket.java:650)
	at sun.security.ssl.SSLSocketImpl.setSSLParameters(SSLSocketImpl.java:2544)
	at org.apache.zookeeper.common.SSLContextAndOptions.configureSSLSocket(SSLContextAndOptions.java:125)
	at org.apache.zookeeper.common.SSLContextAndOptions.createSSLSocket(SSLContextAndOptions.java:80)
	at org.apache.zookeeper.common.X509Util.createSSLSocket(X509Util.java:517)
	at org.apache.zookeeper.server.quorum.QuorumCnxManager.initiateConnection(QuorumCnxManager.java:379)
	at org.apache.zookeeper.server.quorum.QuorumCnxManager$QuorumConnectionReqThread.run(QuorumCnxManager.java:458)
	at java.util.concurrent.ThreadPoolExecutor.runWorker(ThreadPoolExecutor.java:1142)
	at java.util.concurrent.ThreadPoolExecutor$Worker.run(ThreadPoolExecutor.java:617)
	at java.lang.Thread.run(Thread.java:745)
Exception in thread "QuorumConnectionThread-[myid=1]-5" java.lang.IllegalArgumentException: Cannot support TLS_ECDHE_ECDSA_WITH_AES_256_CBC_SHA384 with currently installed providers
	at sun.security.ssl.CipherSuiteList.<init>(CipherSuiteList.java:92)
	at sun.security.ssl.SSLSocketImpl.setEnabledCipherSuites(SSLSocketImpl.java:2419)
	at javax.net.ssl.SSLSocket.setSSLParameters(SSLSocket.java:650)
	at sun.security.ssl.SSLSocketImpl.setSSLParameters(SSLSocketImpl.java:2544)
	at org.apache.zookeeper.common.SSLContextAndOptions.configureSSLSocket(SSLContextAndOptions.java:125)
	at org.apache.zookeeper.common.SSLContextAndOptions.createSSLSocket(SSLContextAndOptions.java:80)
	at org.apache.zookeeper.common.X509Util.createSSLSocket(X509Util.java:517)
	at org.apache.zookeeper.server.quorum.QuorumCnxManager.initiateConnection(QuorumCnxManager.java:379)
	at org.apache.zookeeper.server.quorum.QuorumCnxManager$QuorumConnectionReqThread.run(QuorumCnxManager.java:458)
	at java.util.concurrent.ThreadPoolExecutor.runWorker(ThreadPoolExecutor.java:1142)
	at java.util.concurrent.ThreadPoolExecutor$Worker.run(ThreadPoolExecutor.java:617)
	at java.lang.Thread.run(Thread.java:745)
Exception in thread "QuorumConnectionThread-[myid=2]-3" java.lang.IllegalArgumentException: Cannot support TLS_ECDHE_ECDSA_WITH_AES_256_CBC_SHA384 with currently installed providers
	at sun.security.ssl.CipherSuiteList.<init>(CipherSuiteList.java:92)
	at sun.security.ssl.SSLSocketImpl.setEnabledCipherSuites(SSLSocketImpl.java:2419)
	at javax.net.ssl.SSLSocket.setSSLParameters(SSLSocket.java:650)
	at sun.security.ssl.SSLSocketImpl.setSSLParameters(SSLSocketImpl.java:2544)
	at org.apache.zookeeper.common.SSLContextAndOptions.configureSSLSocket(SSLContextAndOptions.java:125)
	at org.apache.zookeeper.common.SSLContextAndOptions.createSSLSocket(SSLContextAndOptions.java:80)
	at org.apache.zookeeper.common.X509Util.createSSLSocket(X509Util.java:517)
	at org.apache.zookeeper.server.quorum.QuorumCnxManager.initiateConnection(QuorumCnxManager.java:379)
	at org.apache.zookeeper.server.quorum.QuorumCnxManager$QuorumConnectionReqThread.run(QuorumCnxManager.java:458)
	at java.util.concurrent.ThreadPoolExecutor.runWorker(ThreadPoolExecutor.java:1142)
	at java.util.concurrent.ThreadPoolExecutor$Worker.run(ThreadPoolExecutor.java:617)
	at java.lang.Thread.run(Thread.java:745)
Exception in thread "QuorumConnectionThread-[myid=2]-5" java.lang.IllegalArgumentException: Cannot support TLS_ECDHE_ECDSA_WITH_AES_256_CBC_SHA384 with currently installed providers
	at sun.security.ssl.CipherSuiteList.<init>(CipherSuiteList.java:92)
	at sun.security.ssl.SSLSocketImpl.setEnabledCipherSuites(SSLSocketImpl.java:2419)
	at javax.net.ssl.SSLSocket.setSSLParameters(SSLSocket.java:650)
	at sun.security.ssl.SSLSocketImpl.setSSLParameters(SSLSocketImpl.java:2544)
	at org.apache.zookeeper.common.SSLContextAndOptions.configureSSLSocket(SSLContextAndOptions.java:125)
	at org.apache.zookeeper.common.SSLContextAndOptions.createSSLSocket(SSLContextAndOptions.java:80)
	at org.apache.zookeeper.common.X509Util.createSSLSocket(X509Util.java:517)
	at org.apache.zookeeper.server.quorum.QuorumCnxManager.initiateConnection(QuorumCnxManager.java:379)
	at org.apache.zookeeper.server.quorum.QuorumCnxManager$QuorumConnectionReqThread.run(QuorumCnxManager.java:458)
	at java.util.concurrent.ThreadPoolExecutor.runWorker(ThreadPoolExecutor.java:1142)
	at java.util.concurrent.ThreadPoolExecutor$Worker.run(ThreadPoolExecutor.java:617)
	at java.lang.Thread.run(Thread.java:745)
Exception in thread "QuorumConnectionThread-[myid=1]-7" java.lang.IllegalArgumentException: Cannot support TLS_ECDHE_ECDSA_WITH_AES_256_CBC_SHA384 with currently installed providers
	at sun.security.ssl.CipherSuiteList.<init>(CipherSuiteList.java:92)
	at sun.security.ssl.SSLSocketImpl.setEnabledCipherSuites(SSLSocketImpl.java:2419)
	at javax.net.ssl.SSLSocket.setSSLParameters(SSLSocket.java:650)
	at sun.security.ssl.SSLSocketImpl.setSSLParameters(SSLSocketImpl.java:2544)
	at org.apache.zookeeper.common.SSLContextAndOptions.configureSSLSocket(SSLContextAndOptions.java:125)
	at org.apache.zookeeper.common.SSLContextAndOptions.createSSLSocket(SSLContextAndOptions.java:80)
	at org.apache.zookeeper.common.X509Util.createSSLSocket(X509Util.java:517)
	at org.apache.zookeeper.server.quorum.QuorumCnxManager.initiateConnection(QuorumCnxManager.java:379)
	at org.apache.zookeeper.server.quorum.QuorumCnxManager$QuorumConnectionReqThread.run(QuorumCnxManager.java:458)
	at java.util.concurrent.ThreadPoolExecutor.runWorker(ThreadPoolExecutor.java:1142)
	at java.util.concurrent.ThreadPoolExecutor$Worker.run(ThreadPoolExecutor.java:617)
	at java.lang.Thread.run(Thread.java:745)
Exception in thread "QuorumConnectionThread-[myid=1]-6" java.lang.IllegalArgumentException: Cannot support TLS_ECDHE_ECDSA_WITH_AES_256_CBC_SHA384 with currently installed providers
	at sun.security.ssl.CipherSuiteList.<init>(CipherSuiteList.java:92)
	at sun.security.ssl.SSLSocketImpl.setEnabledCipherSuites(SSLSocketImpl.java:2419)
	at javax.net.ssl.SSLSocket.setSSLParameters(SSLSocket.java:650)
	at sun.security.ssl.SSLSocketImpl.setSSLParameters(SSLSocketImpl.java:2544)
	at org.apache.zookeeper.common.SSLContextAndOptions.configureSSLSocket(SSLContextAndOptions.java:125)
	at org.apache.zookeeper.common.SSLContextAndOptions.createSSLSocket(SSLContextAndOptions.java:80)
	at org.apache.zookeeper.common.X509Util.createSSLSocket(X509Util.java:517)
	at org.apache.zookeeper.server.quorum.QuorumCnxManager.initiateConnection(QuorumCnxManager.java:379)
	at org.apache.zookeeper.server.quorum.QuorumCnxManager$QuorumConnectionReqThread.run(QuorumCnxManager.java:458)
	at java.util.concurrent.ThreadPoolExecutor.runWorker(ThreadPoolExecutor.java:1142)
	at java.util.concurrent.ThreadPoolExecutor$Worker.run(ThreadPoolExecutor.java:617)
	at java.lang.Thread.run(Thread.java:745)
Exception in thread "QuorumConnectionThread-[myid=2]-7" java.lang.IllegalArgumentException: Cannot support TLS_ECDHE_ECDSA_WITH_AES_256_CBC_SHA384 with currently installed providers
	at sun.security.ssl.CipherSuiteList.<init>(CipherSuiteList.java:92)
	at sun.security.ssl.SSLSocketImpl.setEnabledCipherSuites(SSLSocketImpl.java:2419)
	at javax.net.ssl.SSLSocket.setSSLParameters(SSLSocket.java:650)
	at sun.security.ssl.SSLSocketImpl.setSSLParameters(SSLSocketImpl.java:2544)
	at org.apache.zookeeper.common.SSLContextAndOptions.configureSSLSocket(SSLContextAndOptions.java:125)
	at org.apache.zookeeper.common.SSLContextAndOptions.createSSLSocket(SSLContextAndOptions.java:80)
	at org.apache.zookeeper.common.X509Util.createSSLSocket(X509Util.java:517)
	at org.apache.zookeeper.server.quorum.QuorumCnxManager.initiateConnection(QuorumCnxManager.java:379)
	at org.apache.zookeeper.server.quorum.QuorumCnxManager$QuorumConnectionReqThread.run(QuorumCnxManager.java:458)
	at java.util.concurrent.ThreadPoolExecutor.runWorker(ThreadPoolExecutor.java:1142)
	at java.util.concurrent.ThreadPoolExecutor$Worker.run(ThreadPoolExecutor.java:617)
	at java.lang.Thread.run(Thread.java:745)
Exception in thread "QuorumConnectionThread-[myid=2]-6" java.lang.IllegalArgumentException: Cannot support TLS_ECDHE_ECDSA_WITH_AES_256_CBC_SHA384 with currently installed providers
	at sun.security.ssl.CipherSuiteList.<init>(CipherSuiteList.java:92)
	at sun.security.ssl.SSLSocketImpl.setEnabledCipherSuites(SSLSocketImpl.java:2419)
	at javax.net.ssl.SSLSocket.setSSLParameters(SSLSocket.java:650)
	at sun.security.ssl.SSLSocketImpl.setSSLParameters(SSLSocketImpl.java:2544)
	at org.apache.zookeeper.common.SSLContextAndOptions.configureSSLSocket(SSLContextAndOptions.java:125)
	at org.apache.zookeeper.common.SSLContextAndOptions.createSSLSocket(SSLContextAndOptions.java:80)
	at org.apache.zookeeper.common.X509Util.createSSLSocket(X509Util.java:517)
	at org.apache.zookeeper.server.quorum.QuorumCnxManager.initiateConnection(QuorumCnxManager.java:379)
	at org.apache.zookeeper.server.quorum.QuorumCnxManager$QuorumConnectionReqThread.run(QuorumCnxManager.java:458)
	at java.util.concurrent.ThreadPoolExecutor.runWorker(ThreadPoolExecutor.java:1142)
	at java.util.concurrent.ThreadPoolExecutor$Worker.run(ThreadPoolExecutor.java:617)
	at java.lang.Thread.run(Thread.java:745)
Exception in thread "QuorumConnectionThread-[myid=1]-9" java.lang.IllegalArgumentException: Cannot support TLS_ECDHE_ECDSA_WITH_AES_256_CBC_SHA384 with currently installed providers
	at sun.security.ssl.CipherSuiteList.<init>(CipherSuiteList.java:92)
	at sun.security.ssl.SSLSocketImpl.setEnabledCipherSuites(SSLSocketImpl.java:2419)
	at javax.net.ssl.SSLSocket.setSSLParameters(SSLSocket.java:650)
	at sun.security.ssl.SSLSocketImpl.setSSLParameters(SSLSocketImpl.java:2544)
	at org.apache.zookeeper.common.SSLContextAndOptions.configureSSLSocket(SSLContextAndOptions.java:125)
	at org.apache.zookeeper.common.SSLContextAndOptions.createSSLSocket(SSLContextAndOptions.java:80)
	at org.apache.zookeeper.common.X509Util.createSSLSocket(X509Util.java:517)
	at org.apache.zookeeper.server.quorum.QuorumCnxManager.initiateConnection(QuorumCnxManager.java:379)
	at org.apache.zookeeper.server.quorum.QuorumCnxManager$QuorumConnectionReqThread.run(QuorumCnxManager.java:458)
	at java.util.concurrent.ThreadPoolExecutor.runWorker(ThreadPoolExecutor.java:1142)
	at java.util.concurrent.ThreadPoolExecutor$Worker.run(ThreadPoolExecutor.java:617)
	at java.lang.Thread.run(Thread.java:745)
Exception in thread "QuorumConnectionThread-[myid=1]-8" java.lang.IllegalArgumentException: Cannot support TLS_ECDHE_ECDSA_WITH_AES_256_CBC_SHA384 with currently installed providers
	at sun.security.ssl.CipherSuiteList.<init>(CipherSuiteList.java:92)
	at sun.security.ssl.SSLSocketImpl.setEnabledCipherSuites(SSLSocketImpl.java:2419)
	at javax.net.ssl.SSLSocket.setSSLParameters(SSLSocket.java:650)
	at sun.security.ssl.SSLSocketImpl.setSSLParameters(SSLSocketImpl.java:2544)
	at org.apache.zookeeper.common.SSLContextAndOptions.configureSSLSocket(SSLContextAndOptions.java:125)
	at org.apache.zookeeper.common.SSLContextAndOptions.createSSLSocket(SSLContextAndOptions.java:80)
	at org.apache.zookeeper.common.X509Util.createSSLSocket(X509Util.java:517)
	at org.apache.zookeeper.server.quorum.QuorumCnxManager.initiateConnection(QuorumCnxManager.java:379)
	at org.apache.zookeeper.server.quorum.QuorumCnxManager$QuorumConnectionReqThread.run(QuorumCnxManager.java:458)
	at java.util.concurrent.ThreadPoolExecutor.runWorker(ThreadPoolExecutor.java:1142)
	at java.util.concurrent.ThreadPoolExecutor$Worker.run(ThreadPoolExecutor.java:617)
	at java.lang.Thread.run(Thread.java:745)
Exception in thread "QuorumConnectionThread-[myid=2]-9" java.lang.IllegalArgumentException: Cannot support TLS_ECDHE_ECDSA_WITH_AES_256_CBC_SHA384 with currently installed providers
	at sun.security.ssl.CipherSuiteList.<init>(CipherSuiteList.java:92)
	at sun.security.ssl.SSLSocketImpl.setEnabledCipherSuites(SSLSocketImpl.java:2419)
	at javax.net.ssl.SSLSocket.setSSLParameters(SSLSocket.java:650)
	at sun.security.ssl.SSLSocketImpl.setSSLParameters(SSLSocketImpl.java:2544)
	at org.apache.zookeeper.common.SSLContextAndOptions.configureSSLSocket(SSLContextAndOptions.java:125)
	at org.apache.zookeeper.common.SSLContextAndOptions.createSSLSocket(SSLContextAndOptions.java:80)
	at org.apache.zookeeper.common.X509Util.createSSLSocket(X509Util.java:517)
	at org.apache.zookeeper.server.quorum.QuorumCnxManager.initiateConnection(QuorumCnxManager.java:379)
	at org.apache.zookeeper.server.quorum.QuorumCnxManager$QuorumConnectionReqThread.run(QuorumCnxManager.java:458)
	at java.util.concurrent.ThreadPoolExecutor.runWorker(ThreadPoolExecutor.java:1142)
	at java.util.concurrent.ThreadPoolExecutor$Worker.run(ThreadPoolExecutor.java:617)
	at java.lang.Thread.run(Thread.java:745)
Exception in thread "QuorumConnectionThread-[myid=2]-8" java.lang.IllegalArgumentException: Cannot support TLS_ECDHE_ECDSA_WITH_AES_256_CBC_SHA384 with currently installed providers
	at sun.security.ssl.CipherSuiteList.<init>(CipherSuiteList.java:92)
	at sun.security.ssl.SSLSocketImpl.setEnabledCipherSuites(SSLSocketImpl.java:2419)
	at javax.net.ssl.SSLSocket.setSSLParameters(SSLSocket.java:650)
	at sun.security.ssl.SSLSocketImpl.setSSLParameters(SSLSocketImpl.java:2544)
	at org.apache.zookeeper.common.SSLContextAndOptions.configureSSLSocket(SSLContextAndOptions.java:125)
	at org.apache.zookeeper.common.SSLContextAndOptions.createSSLSocket(SSLContextAndOptions.java:80)
	at org.apache.zookeeper.common.X509Util.createSSLSocket(X509Util.java:517)
	at org.apache.zookeeper.server.quorum.QuorumCnxManager.initiateConnection(QuorumCnxManager.java:379)
	at org.apache.zookeeper.server.quorum.QuorumCnxManager$QuorumConnectionReqThread.run(QuorumCnxManager.java:458)
	at java.util.concurrent.ThreadPoolExecutor.runWorker(ThreadPoolExecutor.java:1142)
	at java.util.concurrent.ThreadPoolExecutor$Worker.run(ThreadPoolExecutor.java:617)
	at java.lang.Thread.run(Thread.java:745)
Exception in thread "QuorumConnectionThread-[myid=1]-11" java.lang.IllegalArgumentException: Cannot support TLS_ECDHE_ECDSA_WITH_AES_256_CBC_SHA384 with currently installed providers
	at sun.security.ssl.CipherSuiteList.<init>(CipherSuiteList.java:92)
	at sun.security.ssl.SSLSocketImpl.setEnabledCipherSuites(SSLSocketImpl.java:2419)
	at javax.net.ssl.SSLSocket.setSSLParameters(SSLSocket.java:650)
	at sun.security.ssl.SSLSocketImpl.setSSLParameters(SSLSocketImpl.java:2544)
	at org.apache.zookeeper.common.SSLContextAndOptions.configureSSLSocket(SSLContextAndOptions.java:125)
	at org.apache.zookeeper.common.SSLContextAndOptions.createSSLSocket(SSLContextAndOptions.java:80)
	at org.apache.zookeeper.common.X509Util.createSSLSocket(X509Util.java:517)
	at org.apache.zookeeper.server.quorum.QuorumCnxManager.initiateConnection(QuorumCnxManager.java:379)
	at org.apache.zookeeper.server.quorum.QuorumCnxManager$QuorumConnectionReqThread.run(QuorumCnxManager.java:458)
	at java.util.concurrent.ThreadPoolExecutor.runWorker(ThreadPoolExecutor.java:1142)
	at java.util.concurrent.ThreadPoolExecutor$Worker.run(ThreadPoolExecutor.java:617)
	at java.lang.Thread.run(Thread.java:745)
Exception in thread "QuorumConnectionThread-[myid=1]-10" java.lang.IllegalArgumentException: Cannot support TLS_ECDHE_ECDSA_WITH_AES_256_CBC_SHA384 with currently installed providers
	at sun.security.ssl.CipherSuiteList.<init>(CipherSuiteList.java:92)
	at sun.security.ssl.SSLSocketImpl.setEnabledCipherSuites(SSLSocketImpl.java:2419)
	at javax.net.ssl.SSLSocket.setSSLParameters(SSLSocket.java:650)
	at sun.security.ssl.SSLSocketImpl.setSSLParameters(SSLSocketImpl.java:2544)
	at org.apache.zookeeper.common.SSLContextAndOptions.configureSSLSocket(SSLContextAndOptions.java:125)
	at org.apache.zookeeper.common.SSLContextAndOptions.createSSLSocket(SSLContextAndOptions.java:80)
	at org.apache.zookeeper.common.X509Util.createSSLSocket(X509Util.java:517)
	at org.apache.zookeeper.server.quorum.QuorumCnxManager.initiateConnection(QuorumCnxManager.java:379)
	at org.apache.zookeeper.server.quorum.QuorumCnxManager$QuorumConnectionReqThread.run(QuorumCnxManager.java:458)
	at java.util.concurrent.ThreadPoolExecutor.runWorker(ThreadPoolExecutor.java:1142)
	at java.util.concurrent.ThreadPoolExecutor$Worker.run(ThreadPoolExecutor.java:617)
	at java.lang.Thread.run(Thread.java:745)
Exception in thread "QuorumConnectionThread-[myid=2]-11" java.lang.IllegalArgumentException: Cannot support TLS_ECDHE_ECDSA_WITH_AES_256_CBC_SHA384 with currently installed providers
	at sun.security.ssl.CipherSuiteList.<init>(CipherSuiteList.java:92)
	at sun.security.ssl.SSLSocketImpl.setEnabledCipherSuites(SSLSocketImpl.java:2419)
	at javax.net.ssl.SSLSocket.setSSLParameters(SSLSocket.java:650)
	at sun.security.ssl.SSLSocketImpl.setSSLParameters(SSLSocketImpl.java:2544)
	at org.apache.zookeeper.common.SSLContextAndOptions.configureSSLSocket(SSLContextAndOptions.java:125)
	at org.apache.zookeeper.common.SSLContextAndOptions.createSSLSocket(SSLContextAndOptions.java:80)
	at org.apache.zookeeper.common.X509Util.createSSLSocket(X509Util.java:517)
	at org.apache.zookeeper.server.quorum.QuorumCnxManager.initiateConnection(QuorumCnxManager.java:379)
	at org.apache.zookeeper.server.quorum.QuorumCnxManager$QuorumConnectionReqThread.run(QuorumCnxManager.java:458)
	at java.util.concurrent.ThreadPoolExecutor.runWorker(ThreadPoolExecutor.java:1142)
	at java.util.concurrent.ThreadPoolExecutor$Worker.run(ThreadPoolExecutor.java:617)
	at java.lang.Thread.run(Thread.java:745)
Exception in thread "QuorumConnectionThread-[myid=2]-10" java.lang.IllegalArgumentException: Cannot support TLS_ECDHE_ECDSA_WITH_AES_256_CBC_SHA384 with currently installed providers
	at sun.security.ssl.CipherSuiteList.<init>(CipherSuiteList.java:92)
	at sun.security.ssl.SSLSocketImpl.setEnabledCipherSuites(SSLSocketImpl.java:2419)
	at javax.net.ssl.SSLSocket.setSSLParameters(SSLSocket.java:650)
	at sun.security.ssl.SSLSocketImpl.setSSLParameters(SSLSocketImpl.java:2544)
	at org.apache.zookeeper.common.SSLContextAndOptions.configureSSLSocket(SSLContextAndOptions.java:125)
	at org.apache.zookeeper.common.SSLContextAndOptions.createSSLSocket(SSLContextAndOptions.java:80)
	at org.apache.zookeeper.common.X509Util.createSSLSocket(X509Util.java:517)
	at org.apache.zookeeper.server.quorum.QuorumCnxManager.initiateConnection(QuorumCnxManager.java:379)
	at org.apache.zookeeper.server.quorum.QuorumCnxManager$QuorumConnectionReqThread.run(QuorumCnxManager.java:458)
	at java.util.concurrent.ThreadPoolExecutor.runWorker(ThreadPoolExecutor.java:1142)
	at java.util.concurrent.ThreadPoolExecutor$Worker.run(ThreadPoolExecutor.java:617)
	at java.lang.Thread.run(Thread.java:745)
Exception in thread "QuorumConnectionThread-[myid=1]-13" java.lang.IllegalArgumentException: Cannot support TLS_ECDHE_ECDSA_WITH_AES_256_CBC_SHA384 with currently installed providers
	at sun.security.ssl.CipherSuiteList.<init>(CipherSuiteList.java:92)
	at sun.security.ssl.SSLSocketImpl.setEnabledCipherSuites(SSLSocketImpl.java:2419)
	at javax.net.ssl.SSLSocket.setSSLParameters(SSLSocket.java:650)
	at sun.security.ssl.SSLSocketImpl.setSSLParameters(SSLSocketImpl.java:2544)
	at org.apache.zookeeper.common.SSLContextAndOptions.configureSSLSocket(SSLContextAndOptions.java:125)
	at org.apache.zookeeper.common.SSLContextAndOptions.createSSLSocket(SSLContextAndOptions.java:80)
	at org.apache.zookeeper.common.X509Util.createSSLSocket(X509Util.java:517)
	at org.apache.zookeeper.server.quorum.QuorumCnxManager.initiateConnection(QuorumCnxManager.java:379)
	at org.apache.zookeeper.server.quorum.QuorumCnxManager$QuorumConnectionReqThread.run(QuorumCnxManager.java:458)
	at java.util.concurrent.ThreadPoolExecutor.runWorker(ThreadPoolExecutor.java:1142)
	at java.util.concurrent.ThreadPoolExecutor$Worker.run(ThreadPoolExecutor.java:617)
	at java.lang.Thread.run(Thread.java:745)
Exception in thread "QuorumConnectionThread-[myid=1]-12" java.lang.IllegalArgumentException: Cannot support TLS_ECDHE_ECDSA_WITH_AES_256_CBC_SHA384 with currently installed providers
	at sun.security.ssl.CipherSuiteList.<init>(CipherSuiteList.java:92)
	at sun.security.ssl.SSLSocketImpl.setEnabledCipherSuites(SSLSocketImpl.java:2419)
	at javax.net.ssl.SSLSocket.setSSLParameters(SSLSocket.java:650)
	at sun.security.ssl.SSLSocketImpl.setSSLParameters(SSLSocketImpl.java:2544)
	at org.apache.zookeeper.common.SSLContextAndOptions.configureSSLSocket(SSLContextAndOptions.java:125)
	at org.apache.zookeeper.common.SSLContextAndOptions.createSSLSocket(SSLContextAndOptions.java:80)
	at org.apache.zookeeper.common.X509Util.createSSLSocket(X509Util.java:517)
	at org.apache.zookeeper.server.quorum.QuorumCnxManager.initiateConnection(QuorumCnxManager.java:379)
	at org.apache.zookeeper.server.quorum.QuorumCnxManager$QuorumConnectionReqThread.run(QuorumCnxManager.java:458)
	at java.util.concurrent.ThreadPoolExecutor.runWorker(ThreadPoolExecutor.java:1142)
	at java.util.concurrent.ThreadPoolExecutor$Worker.run(ThreadPoolExecutor.java:617)
	at java.lang.Thread.run(Thread.java:745)
Exception in thread "QuorumConnectionThread-[myid=2]-13" java.lang.IllegalArgumentException: Cannot support TLS_ECDHE_ECDSA_WITH_AES_256_CBC_SHA384 with currently installed providers
	at sun.security.ssl.CipherSuiteList.<init>(CipherSuiteList.java:92)
	at sun.security.ssl.SSLSocketImpl.setEnabledCipherSuites(SSLSocketImpl.java:2419)
	at javax.net.ssl.SSLSocket.setSSLParameters(SSLSocket.java:650)
	at sun.security.ssl.SSLSocketImpl.setSSLParameters(SSLSocketImpl.java:2544)
	at org.apache.zookeeper.common.SSLContextAndOptions.configureSSLSocket(SSLContextAndOptions.java:125)
	at org.apache.zookeeper.common.SSLContextAndOptions.createSSLSocket(SSLContextAndOptions.java:80)
	at org.apache.zookeeper.common.X509Util.createSSLSocket(X509Util.java:517)
	at org.apache.zookeeper.server.quorum.QuorumCnxManager.initiateConnection(QuorumCnxManager.java:379)
	at org.apache.zookeeper.server.quorum.QuorumCnxManager$QuorumConnectionReqThread.run(QuorumCnxManager.java:458)
	at java.util.concurrent.ThreadPoolExecutor.runWorker(ThreadPoolExecutor.java:1142)
	at java.util.concurrent.ThreadPoolExecutor$Worker.run(ThreadPoolExecutor.java:617)
	at java.lang.Thread.run(Thread.java:745)
Exception in thread "QuorumConnectionThread-[myid=2]-12" java.lang.IllegalArgumentException: Cannot support TLS_ECDHE_ECDSA_WITH_AES_256_CBC_SHA384 with currently installed providers
	at sun.security.ssl.CipherSuiteList.<init>(CipherSuiteList.java:92)
	at sun.security.ssl.SSLSocketImpl.setEnabledCipherSuites(SSLSocketImpl.java:2419)
	at javax.net.ssl.SSLSocket.setSSLParameters(SSLSocket.java:650)
	at sun.security.ssl.SSLSocketImpl.setSSLParameters(SSLSocketImpl.java:2544)
	at org.apache.zookeeper.common.SSLContextAndOptions.configureSSLSocket(SSLContextAndOptions.java:125)
	at org.apache.zookeeper.common.SSLContextAndOptions.createSSLSocket(SSLContextAndOptions.java:80)
	at org.apache.zookeeper.common.X509Util.createSSLSocket(X509Util.java:517)
	at org.apache.zookeeper.server.quorum.QuorumCnxManager.initiateConnection(QuorumCnxManager.java:379)
	at org.apache.zookeeper.server.quorum.QuorumCnxManager$QuorumConnectionReqThread.run(QuorumCnxManager.java:458)
	at java.util.concurrent.ThreadPoolExecutor.runWorker(ThreadPoolExecutor.java:1142)
	at java.util.concurrent.ThreadPoolExecutor$Worker.run(ThreadPoolExecutor.java:617)
	at java.lang.Thread.run(Thread.java:745)
Exception in thread "QuorumConnectionThread-[myid=2]-14" java.lang.IllegalArgumentException: Cannot support TLS_ECDHE_ECDSA_WITH_AES_256_CBC_SHA384 with currently installed providers
	at sun.security.ssl.CipherSuiteList.<init>(CipherSuiteList.java:92)
	at sun.security.ssl.SSLSocketImpl.setEnabledCipherSuites(SSLSocketImpl.java:2419)
	at javax.net.ssl.SSLSocket.setSSLParameters(SSLSocket.java:650)
	at sun.security.ssl.SSLSocketImpl.setSSLParameters(SSLSocketImpl.java:2544)
	at org.apache.zookeeper.common.SSLContextAndOptions.configureSSLSocket(SSLContextAndOptions.java:125)
	at org.apache.zookeeper.common.SSLContextAndOptions.createSSLSocket(SSLContextAndOptions.java:80)
	at org.apache.zookeeper.common.X509Util.createSSLSocket(X509Util.java:517)
	at org.apache.zookeeper.server.quorum.QuorumCnxManager.initiateConnection(QuorumCnxManager.java:379)
	at org.apache.zookeeper.server.quorum.QuorumCnxManager$QuorumConnectionReqThread.run(QuorumCnxManager.java:458)
	at java.util.concurrent.ThreadPoolExecutor.runWorker(ThreadPoolExecutor.java:1142)
	at java.util.concurrent.ThreadPoolExecutor$Worker.run(ThreadPoolExecutor.java:617)
	at java.lang.Thread.run(Thread.java:745)
Exception in thread "QuorumConnectionThread-[myid=2]-15" java.lang.IllegalArgumentException: Cannot support TLS_ECDHE_ECDSA_WITH_AES_256_CBC_SHA384 with currently installed providers
	at sun.security.ssl.CipherSuiteList.<init>(CipherSuiteList.java:92)
	at sun.security.ssl.SSLSocketImpl.setEnabledCipherSuites(SSLSocketImpl.java:2419)
	at javax.net.ssl.SSLSocket.setSSLParameters(SSLSocket.java:650)
	at sun.security.ssl.SSLSocketImpl.setSSLParameters(SSLSocketImpl.java:2544)
	at org.apache.zookeeper.common.SSLContextAndOptions.configureSSLSocket(SSLContextAndOptions.java:125)
	at org.apache.zookeeper.common.SSLContextAndOptions.createSSLSocket(SSLContextAndOptions.java:80)
	at org.apache.zookeeper.common.X509Util.createSSLSocket(X509Util.java:517)
	at org.apache.zookeeper.server.quorum.QuorumCnxManager.initiateConnection(QuorumCnxManager.java:379)
	at org.apache.zookeeper.server.quorum.QuorumCnxManager$QuorumConnectionReqThread.run(QuorumCnxManager.java:458)
	at java.util.concurrent.ThreadPoolExecutor.runWorker(ThreadPoolExecutor.java:1142)
	at java.util.concurrent.ThreadPoolExecutor$Worker.run(ThreadPoolExecutor.java:617)
	at java.lang.Thread.run(Thread.java:745)
Exception in thread "QuorumConnectionThread-[myid=1]-14" java.lang.IllegalArgumentException: Cannot support TLS_ECDHE_ECDSA_WITH_AES_256_CBC_SHA384 with currently installed providers
	at sun.security.ssl.CipherSuiteList.<init>(CipherSuiteList.java:92)
	at sun.security.ssl.SSLSocketImpl.setEnabledCipherSuites(SSLSocketImpl.java:2419)
	at javax.net.ssl.SSLSocket.setSSLParameters(SSLSocket.java:650)
	at sun.security.ssl.SSLSocketImpl.setSSLParameters(SSLSocketImpl.java:2544)
	at org.apache.zookeeper.common.SSLContextAndOptions.configureSSLSocket(SSLContextAndOptions.java:125)
	at org.apache.zookeeper.common.SSLContextAndOptions.createSSLSocket(SSLContextAndOptions.java:80)
	at org.apache.zookeeper.common.X509Util.createSSLSocket(X509Util.java:517)
	at org.apache.zookeeper.server.quorum.QuorumCnxManager.initiateConnection(QuorumCnxManager.java:379)
	at org.apache.zookeeper.server.quorum.QuorumCnxManager$QuorumConnectionReqThread.run(QuorumCnxManager.java:458)
	at java.util.concurrent.ThreadPoolExecutor.runWorker(ThreadPoolExecutor.java:1142)
	at java.util.concurrent.ThreadPoolExecutor$Worker.run(ThreadPoolExecutor.java:617)
	at java.lang.Thread.run(Thread.java:745)
Exception in thread "QuorumConnectionThread-[myid=1]-15" java.lang.IllegalArgumentException: Cannot support TLS_ECDHE_ECDSA_WITH_AES_256_CBC_SHA384 with currently installed providers
	at sun.security.ssl.CipherSuiteList.<init>(CipherSuiteList.java:92)
	at sun.security.ssl.SSLSocketImpl.setEnabledCipherSuites(SSLSocketImpl.java:2419)
	at javax.net.ssl.SSLSocket.setSSLParameters(SSLSocket.java:650)
	at sun.security.ssl.SSLSocketImpl.setSSLParameters(SSLSocketImpl.java:2544)
	at org.apache.zookeeper.common.SSLContextAndOptions.configureSSLSocket(SSLContextAndOptions.java:125)
	at org.apache.zookeeper.common.SSLContextAndOptions.createSSLSocket(SSLContextAndOptions.java:80)
	at org.apache.zookeeper.common.X509Util.createSSLSocket(X509Util.java:517)
	at org.apache.zookeeper.server.quorum.QuorumCnxManager.initiateConnection(QuorumCnxManager.java:379)
	at org.apache.zookeeper.server.quorum.QuorumCnxManager$QuorumConnectionReqThread.run(QuorumCnxManager.java:458)
	at java.util.concurrent.ThreadPoolExecutor.runWorker(ThreadPoolExecutor.java:1142)
	at java.util.concurrent.ThreadPoolExecutor$Worker.run(ThreadPoolExecutor.java:617)
	at java.lang.Thread.run(Thread.java:745)
Exception in thread "QuorumConnectionThread-[myid=2]-17" java.lang.IllegalArgumentException: Cannot support TLS_ECDHE_ECDSA_WITH_AES_256_CBC_SHA384 with currently installed providers
	at sun.security.ssl.CipherSuiteList.<init>(CipherSuiteList.java:92)
	at sun.security.ssl.SSLSocketImpl.setEnabledCipherSuites(SSLSocketImpl.java:2419)
	at javax.net.ssl.SSLSocket.setSSLParameters(SSLSocket.java:650)
	at sun.security.ssl.SSLSocketImpl.setSSLParameters(SSLSocketImpl.java:2544)
	at org.apache.zookeeper.common.SSLContextAndOptions.configureSSLSocket(SSLContextAndOptions.java:125)
	at org.apache.zookeeper.common.SSLContextAndOptions.createSSLSocket(SSLContextAndOptions.java:80)
	at org.apache.zookeeper.common.X509Util.createSSLSocket(X509Util.java:517)
	at org.apache.zookeeper.server.quorum.QuorumCnxManager.initiateConnection(QuorumCnxManager.java:379)
	at org.apache.zookeeper.server.quorum.QuorumCnxManager$QuorumConnectionReqThread.run(QuorumCnxManager.java:458)
	at java.util.concurrent.ThreadPoolExecutor.runWorker(ThreadPoolExecutor.java:1142)
	at java.util.concurrent.ThreadPoolExecutor$Worker.run(ThreadPoolExecutor.java:617)
	at java.lang.Thread.run(Thread.java:745)
Exception in thread "QuorumConnectionThread-[myid=2]-16" java.lang.IllegalArgumentException: Cannot support TLS_ECDHE_ECDSA_WITH_AES_256_CBC_SHA384 with currently installed providers
	at sun.security.ssl.CipherSuiteList.<init>(CipherSuiteList.java:92)
	at sun.security.ssl.SSLSocketImpl.setEnabledCipherSuites(SSLSocketImpl.java:2419)
	at javax.net.ssl.SSLSocket.setSSLParameters(SSLSocket.java:650)
	at sun.security.ssl.SSLSocketImpl.setSSLParameters(SSLSocketImpl.java:2544)
	at org.apache.zookeeper.common.SSLContextAndOptions.configureSSLSocket(SSLContextAndOptions.java:125)
	at org.apache.zookeeper.common.SSLContextAndOptions.createSSLSocket(SSLContextAndOptions.java:80)
	at org.apache.zookeeper.common.X509Util.createSSLSocket(X509Util.java:517)
	at org.apache.zookeeper.server.quorum.QuorumCnxManager.initiateConnection(QuorumCnxManager.java:379)
	at org.apache.zookeeper.server.quorum.QuorumCnxManager$QuorumConnectionReqThread.run(QuorumCnxManager.java:458)
	at java.util.concurrent.ThreadPoolExecutor.runWorker(ThreadPoolExecutor.java:1142)
	at java.util.concurrent.ThreadPoolExecutor$Worker.run(ThreadPoolExecutor.java:617)
	at java.lang.Thread.run(Thread.java:745)
Exception in thread "QuorumConnectionThread-[myid=1]-17" java.lang.IllegalArgumentException: Cannot support TLS_ECDHE_ECDSA_WITH_AES_256_CBC_SHA384 with currently installed providers
	at sun.security.ssl.CipherSuiteList.<init>(CipherSuiteList.java:92)
	at sun.security.ssl.SSLSocketImpl.setEnabledCipherSuites(SSLSocketImpl.java:2419)
	at javax.net.ssl.SSLSocket.setSSLParameters(SSLSocket.java:650)
	at sun.security.ssl.SSLSocketImpl.setSSLParameters(SSLSocketImpl.java:2544)
	at org.apache.zookeeper.common.SSLContextAndOptions.configureSSLSocket(SSLContextAndOptions.java:125)
	at org.apache.zookeeper.common.SSLContextAndOptions.createSSLSocket(SSLContextAndOptions.java:80)
	at org.apache.zookeeper.common.X509Util.createSSLSocket(X509Util.java:517)
	at org.apache.zookeeper.server.quorum.QuorumCnxManager.initiateConnection(QuorumCnxManager.java:379)
	at org.apache.zookeeper.server.quorum.QuorumCnxManager$QuorumConnectionReqThread.run(QuorumCnxManager.java:458)
	at java.util.concurrent.ThreadPoolExecutor.runWorker(ThreadPoolExecutor.java:1142)
	at java.util.concurrent.ThreadPoolExecutor$Worker.run(ThreadPoolExecutor.java:617)
	at java.lang.Thread.run(Thread.java:745)
Exception in thread "QuorumConnectionThread-[myid=1]-16" java.lang.IllegalArgumentException: Cannot support TLS_ECDHE_ECDSA_WITH_AES_256_CBC_SHA384 with currently installed providers
	at sun.security.ssl.CipherSuiteList.<init>(CipherSuiteList.java:92)
	at sun.security.ssl.SSLSocketImpl.setEnabledCipherSuites(SSLSocketImpl.java:2419)
	at javax.net.ssl.SSLSocket.setSSLParameters(SSLSocket.java:650)
	at sun.security.ssl.SSLSocketImpl.setSSLParameters(SSLSocketImpl.java:2544)
	at org.apache.zookeeper.common.SSLContextAndOptions.configureSSLSocket(SSLContextAndOptions.java:125)
	at org.apache.zookeeper.common.SSLContextAndOptions.createSSLSocket(SSLContextAndOptions.java:80)
	at org.apache.zookeeper.common.X509Util.createSSLSocket(X509Util.java:517)
	at org.apache.zookeeper.server.quorum.QuorumCnxManager.initiateConnection(QuorumCnxManager.java:379)
	at org.apache.zookeeper.server.quorum.QuorumCnxManager$QuorumConnectionReqThread.run(QuorumCnxManager.java:458)
	at java.util.concurrent.ThreadPoolExecutor.runWorker(ThreadPoolExecutor.java:1142)
	at java.util.concurrent.ThreadPoolExecutor$Worker.run(ThreadPoolExecutor.java:617)
	at java.lang.Thread.run(Thread.java:745)
]]></system-err>
  </testcase>
  <testcase name="testHostnameVerificationWithValidIpAddressAndInvalidHostname" classname="org.apache.zookeeper.server.quorum.QuorumSSLTest" time="44.931">
    <failure message="expected: &lt;true&gt; but was: &lt;false&gt;" type="org.opentest4j.AssertionFailedError"><![CDATA[org.opentest4j.AssertionFailedError: expected: <true> but was: <false>
	at org.apache.zookeeper.server.quorum.QuorumSSLTest.testHostnameVerification(QuorumSSLTest.java:671)
	at org.apache.zookeeper.server.quorum.QuorumSSLTest.testHostnameVerificationWithValidIpAddressAndInvalidHostname(QuorumSSLTest.java:654)
]]></failure>
    <system-out><![CDATA[2021-11-08 11:14:00,235 [myid:] - INFO  [main:ZKTestCase@77] - STARTING Optional[public void org.apache.zookeeper.server.quorum.QuorumSSLTest.testHostnameVerificationWithValidIpAddressAndInvalidHostname() throws java.lang.Exception]
2021-11-08 11:14:00,245 [myid:] - INFO  [main:PortAssignment@87] - Assigned port 30110 from range 30072 - 32764.
2021-11-08 11:14:00,245 [myid:] - INFO  [main:PortAssignment@87] - Assigned port 30111 from range 30072 - 32764.
2021-11-08 11:14:00,246 [myid:] - INFO  [main:PortAssignment@87] - Assigned port 30112 from range 30072 - 32764.
2021-11-08 11:14:00,246 [myid:] - INFO  [main:PortAssignment@87] - Assigned port 30113 from range 30072 - 32764.
2021-11-08 11:14:00,247 [myid:] - INFO  [main:PortAssignment@87] - Assigned port 30114 from range 30072 - 32764.
2021-11-08 11:14:00,247 [myid:] - INFO  [main:PortAssignment@87] - Assigned port 30115 from range 30072 - 32764.
2021-11-08 11:14:00,247 [myid:] - INFO  [main:PortAssignment@87] - Assigned port 30116 from range 30072 - 32764.
2021-11-08 11:14:00,248 [myid:] - INFO  [main:PortAssignment@87] - Assigned port 30117 from range 30072 - 32764.
2021-11-08 11:14:00,248 [myid:] - INFO  [main:PortAssignment@87] - Assigned port 30118 from range 30072 - 32764.
2021-11-08 11:14:00,546 [myid:2] - INFO  [WorkerSender[myid=2]:FastLeaderElection$Messenger$WorkerSender@506] - WorkerSender is down
2021-11-08 11:14:00,580 [myid:2] - INFO  [WorkerReceiver[myid=2]:FastLeaderElection$Messenger$WorkerReceiver@472] - WorkerReceiver is down
2021-11-08 11:14:00,580 [myid:1] - INFO  [WorkerReceiver[myid=1]:FastLeaderElection$Messenger$WorkerReceiver@472] - WorkerReceiver is down
2021-11-08 11:14:00,580 [myid:1] - INFO  [WorkerSender[myid=1]:FastLeaderElection$Messenger$WorkerSender@506] - WorkerSender is down
2021-11-08 11:14:14,921 [myid:] - INFO  [main:QuorumPeerTestBase$MainThread@205] - id = 1 tmpDir = D:\mysoft\faiscoGit\myStudy\ZooKeeperLearning\apache-zookeeper-3.7.0\zookeeper-server\target\surefire\test9069883331998718032.junit.dir clientPort = 30110 adminServerPort = 8080
2021-11-08 11:14:14,924 [myid:] - INFO  [main:QuorumPeerTestBase$MainThread@205] - id = 2 tmpDir = D:\mysoft\faiscoGit\myStudy\ZooKeeperLearning\apache-zookeeper-3.7.0\zookeeper-server\target\surefire\test6548427447137427725.junit.dir clientPort = 30111 adminServerPort = 8080
2021-11-08 11:14:14,925 [myid:] - INFO  [main:FourLetterWordMain@94] - connecting to 127.0.0.1 30110
2021-11-08 11:14:14,926 [myid:] - INFO  [Thread-25:QuorumPeerConfig@174] - Reading configuration from: D:\mysoft\faiscoGit\myStudy\ZooKeeperLearning\apache-zookeeper-3.7.0\zookeeper-server\target\surefire\test9069883331998718032.junit.dir\zoo.cfg
2021-11-08 11:14:14,926 [myid:] - INFO  [Thread-26:QuorumPeerConfig@174] - Reading configuration from: D:\mysoft\faiscoGit\myStudy\ZooKeeperLearning\apache-zookeeper-3.7.0\zookeeper-server\target\surefire\test6548427447137427725.junit.dir\zoo.cfg
2021-11-08 11:14:14,926 [myid:] - INFO  [Thread-25:QuorumPeerConfig@444] - clientPortAddress is 0.0.0.0:30110
2021-11-08 11:14:14,926 [myid:] - INFO  [Thread-25:QuorumPeerConfig@448] - secureClientPort is not set
2021-11-08 11:14:14,926 [myid:] - INFO  [Thread-26:QuorumPeerConfig@444] - clientPortAddress is 0.0.0.0:30111
2021-11-08 11:14:14,926 [myid:] - INFO  [Thread-26:QuorumPeerConfig@448] - secureClientPort is not set
2021-11-08 11:14:14,926 [myid:] - INFO  [Thread-26:QuorumPeerConfig@464] - observerMasterPort is not set
2021-11-08 11:14:14,926 [myid:] - INFO  [Thread-26:QuorumPeerConfig@481] - metricsProvider.className is org.apache.zookeeper.metrics.impl.DefaultMetricsProvider
2021-11-08 11:14:14,926 [myid:] - INFO  [Thread-25:QuorumPeerConfig@464] - observerMasterPort is not set
2021-11-08 11:14:14,926 [myid:] - INFO  [Thread-25:QuorumPeerConfig@481] - metricsProvider.className is org.apache.zookeeper.metrics.impl.DefaultMetricsProvider
2021-11-08 11:14:14,926 [myid:2] - INFO  [Thread-26:DatadirCleanupManager@78] - autopurge.snapRetainCount set to 3
2021-11-08 11:14:14,926 [myid:2] - INFO  [Thread-26:DatadirCleanupManager@79] - autopurge.purgeInterval set to 0
2021-11-08 11:14:14,926 [myid:2] - INFO  [Thread-26:DatadirCleanupManager@101] - Purge task is not scheduled.
2021-11-08 11:14:14,926 [myid:2] - INFO  [Thread-26:ManagedUtil@44] - Log4j 1.2 jmx support found and enabled.
2021-11-08 11:14:14,927 [myid:1] - INFO  [Thread-25:DatadirCleanupManager@78] - autopurge.snapRetainCount set to 3
2021-11-08 11:14:14,927 [myid:1] - INFO  [Thread-25:DatadirCleanupManager@79] - autopurge.purgeInterval set to 0
2021-11-08 11:14:14,927 [myid:1] - INFO  [Thread-25:DatadirCleanupManager@101] - Purge task is not scheduled.
2021-11-08 11:14:14,927 [myid:1] - INFO  [Thread-25:ManagedUtil@44] - Log4j 1.2 jmx support found and enabled.
2021-11-08 11:14:14,927 [myid:2] - ERROR [Thread-26:ManagedUtil@109] - Problems while registering log4j 1.2 jmx beans!
javax.management.InstanceAlreadyExistsException: log4j:hierarchy=default
	at com.sun.jmx.mbeanserver.Repository.addMBean(Repository.java:437)
	at com.sun.jmx.interceptor.DefaultMBeanServerInterceptor.registerWithRepository(DefaultMBeanServerInterceptor.java:1898)
	at com.sun.jmx.interceptor.DefaultMBeanServerInterceptor.registerDynamicMBean(DefaultMBeanServerInterceptor.java:966)
	at com.sun.jmx.interceptor.DefaultMBeanServerInterceptor.registerObject(DefaultMBeanServerInterceptor.java:900)
	at com.sun.jmx.interceptor.DefaultMBeanServerInterceptor.registerMBean(DefaultMBeanServerInterceptor.java:324)
	at com.sun.jmx.mbeanserver.JmxMBeanServer.registerMBean(JmxMBeanServer.java:522)
	at org.apache.zookeeper.jmx.ManagedUtil.registerLog4jMBeans(ManagedUtil.java:72)
	at org.apache.zookeeper.server.quorum.QuorumPeerMain.runFromConfig(QuorumPeerMain.java:147)
	at org.apache.zookeeper.server.quorum.QuorumPeerMain.initializeAndRun(QuorumPeerMain.java:137)
	at org.apache.zookeeper.server.quorum.QuorumPeerTestBase$MainThread.run(QuorumPeerTestBase.java:329)
	at java.lang.Thread.run(Thread.java:745)
2021-11-08 11:14:14,927 [myid:2] - WARN  [Thread-26:QuorumPeerMain@149] - Unable to register log4j JMX control
javax.management.JMException: javax.management.InstanceAlreadyExistsException: log4j:hierarchy=default
	at org.apache.zookeeper.jmx.ManagedUtil.registerLog4jMBeans(ManagedUtil.java:110)
	at org.apache.zookeeper.server.quorum.QuorumPeerMain.runFromConfig(QuorumPeerMain.java:147)
	at org.apache.zookeeper.server.quorum.QuorumPeerMain.initializeAndRun(QuorumPeerMain.java:137)
	at org.apache.zookeeper.server.quorum.QuorumPeerTestBase$MainThread.run(QuorumPeerTestBase.java:329)
	at java.lang.Thread.run(Thread.java:745)
2021-11-08 11:14:14,927 [myid:2] - INFO  [Thread-26:QuorumPeerMain@152] - Starting quorum peer, myid=2
2021-11-08 11:14:14,927 [myid:1] - ERROR [Thread-25:ManagedUtil@109] - Problems while registering log4j 1.2 jmx beans!
javax.management.InstanceAlreadyExistsException: log4j:hierarchy=default
	at com.sun.jmx.mbeanserver.Repository.addMBean(Repository.java:437)
	at com.sun.jmx.interceptor.DefaultMBeanServerInterceptor.registerWithRepository(DefaultMBeanServerInterceptor.java:1898)
	at com.sun.jmx.interceptor.DefaultMBeanServerInterceptor.registerDynamicMBean(DefaultMBeanServerInterceptor.java:966)
	at com.sun.jmx.interceptor.DefaultMBeanServerInterceptor.registerObject(DefaultMBeanServerInterceptor.java:900)
	at com.sun.jmx.interceptor.DefaultMBeanServerInterceptor.registerMBean(DefaultMBeanServerInterceptor.java:324)
	at com.sun.jmx.mbeanserver.JmxMBeanServer.registerMBean(JmxMBeanServer.java:522)
	at org.apache.zookeeper.jmx.ManagedUtil.registerLog4jMBeans(ManagedUtil.java:72)
	at org.apache.zookeeper.server.quorum.QuorumPeerMain.runFromConfig(QuorumPeerMain.java:147)
	at org.apache.zookeeper.server.quorum.QuorumPeerMain.initializeAndRun(QuorumPeerMain.java:137)
	at org.apache.zookeeper.server.quorum.QuorumPeerTestBase$MainThread.run(QuorumPeerTestBase.java:329)
	at java.lang.Thread.run(Thread.java:745)
2021-11-08 11:14:14,927 [myid:1] - WARN  [Thread-25:QuorumPeerMain@149] - Unable to register log4j JMX control
javax.management.JMException: javax.management.InstanceAlreadyExistsException: log4j:hierarchy=default
	at org.apache.zookeeper.jmx.ManagedUtil.registerLog4jMBeans(ManagedUtil.java:110)
	at org.apache.zookeeper.server.quorum.QuorumPeerMain.runFromConfig(QuorumPeerMain.java:147)
	at org.apache.zookeeper.server.quorum.QuorumPeerMain.initializeAndRun(QuorumPeerMain.java:137)
	at org.apache.zookeeper.server.quorum.QuorumPeerTestBase$MainThread.run(QuorumPeerTestBase.java:329)
	at java.lang.Thread.run(Thread.java:745)
2021-11-08 11:14:14,927 [myid:1] - INFO  [Thread-25:QuorumPeerMain@152] - Starting quorum peer, myid=1
2021-11-08 11:14:14,927 [myid:2] - INFO  [Thread-26:ServerMetrics@62] - ServerMetrics initialized with provider org.apache.zookeeper.metrics.impl.DefaultMetricsProvider@45cc4fd6
2021-11-08 11:14:14,927 [myid:1] - INFO  [Thread-25:ServerMetrics@62] - ServerMetrics initialized with provider org.apache.zookeeper.metrics.impl.DefaultMetricsProvider@1d01a199
2021-11-08 11:14:14,927 [myid:2] - INFO  [Thread-26:DigestAuthenticationProvider@61] - zookeeper.DigestAuthenticationProvider.enabled = true
2021-11-08 11:14:14,927 [myid:1] - INFO  [Thread-25:DigestAuthenticationProvider@61] - zookeeper.DigestAuthenticationProvider.enabled = true
2021-11-08 11:14:14,927 [myid:2] - INFO  [Thread-26:NettyServerCnxnFactory@507] - zookeeper.client.portUnification=false
2021-11-08 11:14:14,927 [myid:2] - INFO  [Thread-26:NettyServerCnxnFactory@519] - zookeeper.netty.advancedFlowControl.enabled = false
2021-11-08 11:14:14,928 [myid:2] - INFO  [Thread-26:NettyServerCnxnFactory@106] - handshakeThrottlingEnabled = false, zookeeper.netty.server.outstandingHandshake.limit = -1
2021-11-08 11:14:14,928 [myid:1] - INFO  [Thread-25:NettyServerCnxnFactory@507] - zookeeper.client.portUnification=false
2021-11-08 11:14:14,928 [myid:1] - INFO  [Thread-25:NettyServerCnxnFactory@519] - zookeeper.netty.advancedFlowControl.enabled = false
2021-11-08 11:14:14,928 [myid:1] - INFO  [Thread-25:NettyServerCnxnFactory@106] - handshakeThrottlingEnabled = false, zookeeper.netty.server.outstandingHandshake.limit = -1
2021-11-08 11:14:15,623 [myid:1] - INFO  [Thread-25:ServerCnxnFactory@169] - Using org.apache.zookeeper.server.NettyServerCnxnFactory as server connection factory
2021-11-08 11:14:15,623 [myid:1] - WARN  [Thread-25:ServerCnxnFactory@309] - maxCnxns is not configured, using default value 0.
2021-11-08 11:14:15,623 [myid:1] - INFO  [Thread-25:NettyServerCnxnFactory@606] - configure org.apache.zookeeper.server.NettyServerCnxnFactory@54a5bc7f secure: false on addr /0.0.0.0:30110
2021-11-08 11:14:15,624 [myid:1] - INFO  [Thread-25:FileTxnSnapLog@124] - zookeeper.snapshot.trust.empty : false
2021-11-08 11:14:15,624 [myid:1] - INFO  [Thread-25:QuorumPeer@1742] - Local sessions disabled
2021-11-08 11:14:15,624 [myid:1] - INFO  [Thread-25:QuorumPeer@1753] - Local session upgrading disabled
2021-11-08 11:14:15,624 [myid:1] - INFO  [Thread-25:QuorumPeer@1720] - tickTime set to 4000
2021-11-08 11:14:15,624 [myid:1] - INFO  [Thread-25:QuorumPeer@1764] - minSessionTimeout set to 8000
2021-11-08 11:14:15,624 [myid:1] - INFO  [Thread-25:QuorumPeer@1775] - maxSessionTimeout set to 80000
2021-11-08 11:14:15,624 [myid:1] - INFO  [Thread-25:QuorumPeer@1800] - initLimit set to 10
2021-11-08 11:14:15,624 [myid:1] - INFO  [Thread-25:QuorumPeer@1987] - syncLimit set to 5
2021-11-08 11:14:15,624 [myid:1] - INFO  [Thread-25:QuorumPeer@2002] - connectToLearnerMasterLimit set to 5
2021-11-08 11:14:15,624 [myid:1] - INFO  [Thread-25:WatchManagerFactory@42] - Using org.apache.zookeeper.server.watch.WatchManager as watch manager
2021-11-08 11:14:15,624 [myid:1] - INFO  [Thread-25:WatchManagerFactory@42] - Using org.apache.zookeeper.server.watch.WatchManager as watch manager
2021-11-08 11:14:15,624 [myid:1] - INFO  [Thread-25:ZKDatabase@133] - zookeeper.snapshotSizeFactor = 0.33
2021-11-08 11:14:15,624 [myid:1] - INFO  [Thread-25:ZKDatabase@153] - zookeeper.commitLogCount=500
2021-11-08 11:14:15,624 [myid:1] - INFO  [Thread-25:QuorumPeer@2064] - Using TLS encrypted quorum communication
2021-11-08 11:14:15,625 [myid:1] - INFO  [Thread-25:QuorumPeer@2072] - Port unification disabled
2021-11-08 11:14:15,625 [myid:1] - INFO  [Thread-25:QuorumPeer@179] - multiAddress.enabled set to false
2021-11-08 11:14:15,625 [myid:1] - INFO  [Thread-25:QuorumPeer@204] - multiAddress.reachabilityCheckEnabled set to true
2021-11-08 11:14:15,625 [myid:1] - INFO  [Thread-25:QuorumPeer@191] - multiAddress.reachabilityCheckTimeoutMs set to 1000
2021-11-08 11:14:15,625 [myid:1] - INFO  [Thread-25:QuorumPeer@2527] - QuorumPeer communication is not secured! (SASL auth disabled)
2021-11-08 11:14:15,625 [myid:1] - INFO  [Thread-25:QuorumPeer@2552] - quorum.cnxn.threads.size set to 20
2021-11-08 11:14:15,625 [myid:1] - INFO  [Thread-25:FileTxnSnapLog@260] - Initialize file found, an empty database will not block voting participation
2021-11-08 11:14:15,625 [myid:1] - INFO  [Thread-25:FileTxnSnapLog@479] - Snapshotting: 0x0 to D:\mysoft\faiscoGit\myStudy\ZooKeeperLearning\apache-zookeeper-3.7.0\zookeeper-server\target\surefire\test9069883331998718032.junit.dir\data\version-2\snapshot.0
2021-11-08 11:14:15,626 [myid:1] - INFO  [Thread-25:ZKDatabase@290] - Snapshot loaded in 1 ms, highest zxid is 0x0, digest is 1371985504
2021-11-08 11:14:15,626 [myid:1] - INFO  [Thread-25:QuorumPeer@1157] - currentEpoch not found! Creating with a reasonable default of 0. This should only happen when you are upgrading your installation
2021-11-08 11:14:15,632 [myid:1] - INFO  [Thread-25:QuorumPeer@1177] - acceptedEpoch not found! Creating with a reasonable default of 0. This should only happen when you are upgrading your installation
2021-11-08 11:14:15,635 [myid:1] - INFO  [Thread-25:NettyServerCnxnFactory@695] - binding to port /0.0.0.0:30110
2021-11-08 11:14:15,636 [myid:1] - INFO  [Thread-25:NettyServerCnxnFactory@700] - bound to port 30110
2021-11-08 11:14:15,636 [myid:1] - INFO  [Thread-25:QuorumPeer@2569] - Using 20000ms as the quorum cnxn socket timeout
2021-11-08 11:14:15,636 [myid:1] - INFO  [Thread-25:QuorumCnxManager$Listener@924] - Election port bind maximum retries is 3
2021-11-08 11:14:15,636 [myid:1] - INFO  [ListenerHandler-/127.0.0.1:30116:QuorumCnxManager$Listener$ListenerHandler@1128] - Creating TLS-only quorum server socket
2021-11-08 11:14:15,636 [myid:1] - INFO  [QuorumPeer[myid=1](plain=[0:0:0:0:0:0:0:0]:30110)(secure=disabled):QuorumPeer@1430] - LOOKING
2021-11-08 11:14:15,636 [myid:1] - INFO  [ListenerHandler-/127.0.0.1:30116:QuorumCnxManager$Listener$ListenerHandler@1066] - 1 is accepting connections now, my election bind port: /127.0.0.1:30116
2021-11-08 11:14:15,636 [myid:1] - INFO  [QuorumPeer[myid=1](plain=[0:0:0:0:0:0:0:0]:30110)(secure=disabled):FastLeaderElection@947] - New election. My id = 1, proposed zxid=0x0
2021-11-08 11:14:15,637 [myid:1] - INFO  [WorkerReceiver[myid=1]:FastLeaderElection$Messenger$WorkerReceiver@390] - Notification: my state:LOOKING; n.sid:1, n.state:LOOKING, n.leader:1, n.round:0x1, n.peerEpoch:0x0, n.zxid:0x0, message format version:0x2, n.config version:0x0
2021-11-08 11:14:15,652 [myid:2] - INFO  [Thread-26:ServerCnxnFactory@169] - Using org.apache.zookeeper.server.NettyServerCnxnFactory as server connection factory
2021-11-08 11:14:15,652 [myid:2] - WARN  [Thread-26:ServerCnxnFactory@309] - maxCnxns is not configured, using default value 0.
2021-11-08 11:14:15,652 [myid:2] - INFO  [Thread-26:NettyServerCnxnFactory@606] - configure org.apache.zookeeper.server.NettyServerCnxnFactory@27c67ea2 secure: false on addr /0.0.0.0:30111
2021-11-08 11:14:15,652 [myid:2] - INFO  [Thread-26:FileTxnSnapLog@124] - zookeeper.snapshot.trust.empty : false
2021-11-08 11:14:15,652 [myid:2] - INFO  [Thread-26:QuorumPeer@1742] - Local sessions disabled
2021-11-08 11:14:15,652 [myid:2] - INFO  [Thread-26:QuorumPeer@1753] - Local session upgrading disabled
2021-11-08 11:14:15,652 [myid:2] - INFO  [Thread-26:QuorumPeer@1720] - tickTime set to 4000
2021-11-08 11:14:15,652 [myid:2] - INFO  [Thread-26:QuorumPeer@1764] - minSessionTimeout set to 8000
2021-11-08 11:14:15,652 [myid:2] - INFO  [Thread-26:QuorumPeer@1775] - maxSessionTimeout set to 80000
2021-11-08 11:14:15,652 [myid:2] - INFO  [Thread-26:QuorumPeer@1800] - initLimit set to 10
2021-11-08 11:14:15,652 [myid:2] - INFO  [Thread-26:QuorumPeer@1987] - syncLimit set to 5
2021-11-08 11:14:15,652 [myid:2] - INFO  [Thread-26:QuorumPeer@2002] - connectToLearnerMasterLimit set to 5
2021-11-08 11:14:15,653 [myid:2] - INFO  [Thread-26:WatchManagerFactory@42] - Using org.apache.zookeeper.server.watch.WatchManager as watch manager
2021-11-08 11:14:15,653 [myid:2] - INFO  [Thread-26:WatchManagerFactory@42] - Using org.apache.zookeeper.server.watch.WatchManager as watch manager
2021-11-08 11:14:15,655 [myid:2] - INFO  [Thread-26:ZKDatabase@133] - zookeeper.snapshotSizeFactor = 0.33
2021-11-08 11:14:15,655 [myid:2] - INFO  [Thread-26:ZKDatabase@153] - zookeeper.commitLogCount=500
2021-11-08 11:14:15,655 [myid:2] - INFO  [Thread-26:QuorumPeer@2064] - Using TLS encrypted quorum communication
2021-11-08 11:14:15,655 [myid:2] - INFO  [Thread-26:QuorumPeer@2072] - Port unification disabled
2021-11-08 11:14:15,655 [myid:2] - INFO  [Thread-26:QuorumPeer@179] - multiAddress.enabled set to false
2021-11-08 11:14:15,655 [myid:2] - INFO  [Thread-26:QuorumPeer@204] - multiAddress.reachabilityCheckEnabled set to true
2021-11-08 11:14:15,655 [myid:2] - INFO  [Thread-26:QuorumPeer@191] - multiAddress.reachabilityCheckTimeoutMs set to 1000
2021-11-08 11:14:15,655 [myid:2] - INFO  [Thread-26:QuorumPeer@2527] - QuorumPeer communication is not secured! (SASL auth disabled)
2021-11-08 11:14:15,655 [myid:2] - INFO  [Thread-26:QuorumPeer@2552] - quorum.cnxn.threads.size set to 20
2021-11-08 11:14:15,656 [myid:2] - INFO  [Thread-26:FileTxnSnapLog@260] - Initialize file found, an empty database will not block voting participation
2021-11-08 11:14:15,656 [myid:2] - INFO  [Thread-26:FileTxnSnapLog@479] - Snapshotting: 0x0 to D:\mysoft\faiscoGit\myStudy\ZooKeeperLearning\apache-zookeeper-3.7.0\zookeeper-server\target\surefire\test6548427447137427725.junit.dir\data\version-2\snapshot.0
2021-11-08 11:14:15,656 [myid:2] - INFO  [Thread-26:ZKDatabase@290] - Snapshot loaded in 1 ms, highest zxid is 0x0, digest is 1371985504
2021-11-08 11:14:15,656 [myid:2] - INFO  [Thread-26:QuorumPeer@1157] - currentEpoch not found! Creating with a reasonable default of 0. This should only happen when you are upgrading your installation
2021-11-08 11:14:15,659 [myid:2] - INFO  [Thread-26:QuorumPeer@1177] - acceptedEpoch not found! Creating with a reasonable default of 0. This should only happen when you are upgrading your installation
2021-11-08 11:14:15,661 [myid:2] - INFO  [Thread-26:NettyServerCnxnFactory@695] - binding to port /0.0.0.0:30111
2021-11-08 11:14:15,662 [myid:2] - INFO  [Thread-26:NettyServerCnxnFactory@700] - bound to port 30111
2021-11-08 11:14:15,662 [myid:2] - INFO  [Thread-26:QuorumPeer@2569] - Using 20000ms as the quorum cnxn socket timeout
2021-11-08 11:14:15,662 [myid:2] - INFO  [Thread-26:QuorumCnxManager$Listener@924] - Election port bind maximum retries is 3
2021-11-08 11:14:15,663 [myid:2] - INFO  [ListenerHandler-/127.0.0.1:30117:QuorumCnxManager$Listener$ListenerHandler@1128] - Creating TLS-only quorum server socket
2021-11-08 11:14:15,663 [myid:2] - INFO  [QuorumPeer[myid=2](plain=[0:0:0:0:0:0:0:0]:30111)(secure=disabled):QuorumPeer@1430] - LOOKING
2021-11-08 11:14:15,663 [myid:2] - INFO  [ListenerHandler-/127.0.0.1:30117:QuorumCnxManager$Listener$ListenerHandler@1066] - 2 is accepting connections now, my election bind port: /127.0.0.1:30117
2021-11-08 11:14:15,663 [myid:2] - INFO  [QuorumPeer[myid=2](plain=[0:0:0:0:0:0:0:0]:30111)(secure=disabled):FastLeaderElection@947] - New election. My id = 2, proposed zxid=0x0
2021-11-08 11:14:15,663 [myid:2] - INFO  [WorkerReceiver[myid=2]:FastLeaderElection$Messenger$WorkerReceiver@390] - Notification: my state:LOOKING; n.sid:2, n.state:LOOKING, n.leader:2, n.round:0x1, n.peerEpoch:0x0, n.zxid:0x0, message format version:0x2, n.config version:0x0
2021-11-08 11:14:15,838 [myid:1] - INFO  [QuorumPeer[myid=1](plain=[0:0:0:0:0:0:0:0]:30110)(secure=disabled):FastLeaderElection@984] - Notification time out: 400
2021-11-08 11:14:15,870 [myid:2] - INFO  [QuorumPeer[myid=2](plain=[0:0:0:0:0:0:0:0]:30111)(secure=disabled):FastLeaderElection@984] - Notification time out: 400
2021-11-08 11:14:15,935 [myid:1] - WARN  [nioEventLoopGroup-47-1:NettyServerCnxnFactory$CnxnChannelHandler@231] - Zookeeper server is not running, close the connection before starting the TLS handshake
2021-11-08 11:14:16,186 [myid:] - INFO  [main:FourLetterWordMain@94] - connecting to 127.0.0.1 30110
2021-11-08 11:14:16,187 [myid:1] - WARN  [nioEventLoopGroup-47-2:NettyServerCnxnFactory$CnxnChannelHandler@231] - Zookeeper server is not running, close the connection before starting the TLS handshake
2021-11-08 11:14:16,250 [myid:1] - INFO  [QuorumPeer[myid=1](plain=[0:0:0:0:0:0:0:0]:30110)(secure=disabled):FastLeaderElection@984] - Notification time out: 800
2021-11-08 11:14:16,282 [myid:2] - INFO  [QuorumPeer[myid=2](plain=[0:0:0:0:0:0:0:0]:30111)(secure=disabled):FastLeaderElection@984] - Notification time out: 800
2021-11-08 11:14:16,440 [myid:] - INFO  [main:FourLetterWordMain@94] - connecting to 127.0.0.1 30110
2021-11-08 11:14:16,442 [myid:1] - WARN  [nioEventLoopGroup-47-3:NettyServerCnxnFactory$CnxnChannelHandler@231] - Zookeeper server is not running, close the connection before starting the TLS handshake
2021-11-08 11:14:16,695 [myid:] - INFO  [main:FourLetterWordMain@94] - connecting to 127.0.0.1 30110
2021-11-08 11:14:16,696 [myid:1] - WARN  [nioEventLoopGroup-47-4:NettyServerCnxnFactory$CnxnChannelHandler@231] - Zookeeper server is not running, close the connection before starting the TLS handshake
2021-11-08 11:14:16,948 [myid:] - INFO  [main:FourLetterWordMain@94] - connecting to 127.0.0.1 30110
2021-11-08 11:14:16,949 [myid:1] - WARN  [nioEventLoopGroup-47-5:NettyServerCnxnFactory$CnxnChannelHandler@231] - Zookeeper server is not running, close the connection before starting the TLS handshake
2021-11-08 11:14:17,063 [myid:1] - INFO  [QuorumPeer[myid=1](plain=[0:0:0:0:0:0:0:0]:30110)(secure=disabled):FastLeaderElection@984] - Notification time out: 1600
2021-11-08 11:14:17,092 [myid:2] - INFO  [QuorumPeer[myid=2](plain=[0:0:0:0:0:0:0:0]:30111)(secure=disabled):FastLeaderElection@984] - Notification time out: 1600
2021-11-08 11:14:17,223 [myid:] - INFO  [main:FourLetterWordMain@94] - connecting to 127.0.0.1 30110
2021-11-08 11:14:17,227 [myid:1] - WARN  [nioEventLoopGroup-47-6:NettyServerCnxnFactory$CnxnChannelHandler@231] - Zookeeper server is not running, close the connection before starting the TLS handshake
2021-11-08 11:14:17,493 [myid:] - INFO  [main:FourLetterWordMain@94] - connecting to 127.0.0.1 30110
2021-11-08 11:14:17,498 [myid:1] - WARN  [nioEventLoopGroup-47-7:NettyServerCnxnFactory$CnxnChannelHandler@231] - Zookeeper server is not running, close the connection before starting the TLS handshake
2021-11-08 11:14:17,762 [myid:] - INFO  [main:FourLetterWordMain@94] - connecting to 127.0.0.1 30110
2021-11-08 11:14:17,766 [myid:1] - WARN  [nioEventLoopGroup-47-8:NettyServerCnxnFactory$CnxnChannelHandler@231] - Zookeeper server is not running, close the connection before starting the TLS handshake
2021-11-08 11:14:18,030 [myid:] - INFO  [main:FourLetterWordMain@94] - connecting to 127.0.0.1 30110
2021-11-08 11:14:18,031 [myid:1] - WARN  [nioEventLoopGroup-47-9:NettyServerCnxnFactory$CnxnChannelHandler@231] - Zookeeper server is not running, close the connection before starting the TLS handshake
2021-11-08 11:14:18,293 [myid:] - INFO  [main:FourLetterWordMain@94] - connecting to 127.0.0.1 30110
2021-11-08 11:14:18,295 [myid:1] - WARN  [nioEventLoopGroup-47-10:NettyServerCnxnFactory$CnxnChannelHandler@231] - Zookeeper server is not running, close the connection before starting the TLS handshake
2021-11-08 11:14:18,558 [myid:] - INFO  [main:FourLetterWordMain@94] - connecting to 127.0.0.1 30110
2021-11-08 11:14:18,562 [myid:1] - WARN  [nioEventLoopGroup-47-11:NettyServerCnxnFactory$CnxnChannelHandler@231] - Zookeeper server is not running, close the connection before starting the TLS handshake
2021-11-08 11:14:18,679 [myid:1] - INFO  [QuorumPeer[myid=1](plain=[0:0:0:0:0:0:0:0]:30110)(secure=disabled):FastLeaderElection@984] - Notification time out: 3200
2021-11-08 11:14:18,694 [myid:2] - INFO  [QuorumPeer[myid=2](plain=[0:0:0:0:0:0:0:0]:30111)(secure=disabled):FastLeaderElection@984] - Notification time out: 3200
2021-11-08 11:14:18,819 [myid:] - INFO  [main:FourLetterWordMain@94] - connecting to 127.0.0.1 30110
2021-11-08 11:14:18,820 [myid:1] - WARN  [nioEventLoopGroup-47-12:NettyServerCnxnFactory$CnxnChannelHandler@231] - Zookeeper server is not running, close the connection before starting the TLS handshake
2021-11-08 11:14:19,074 [myid:] - INFO  [main:FourLetterWordMain@94] - connecting to 127.0.0.1 30110
2021-11-08 11:14:19,074 [myid:1] - WARN  [nioEventLoopGroup-47-1:NettyServerCnxnFactory$CnxnChannelHandler@231] - Zookeeper server is not running, close the connection before starting the TLS handshake
2021-11-08 11:14:19,326 [myid:] - INFO  [main:FourLetterWordMain@94] - connecting to 127.0.0.1 30110
2021-11-08 11:14:19,327 [myid:1] - WARN  [nioEventLoopGroup-47-2:NettyServerCnxnFactory$CnxnChannelHandler@231] - Zookeeper server is not running, close the connection before starting the TLS handshake
2021-11-08 11:14:19,577 [myid:] - INFO  [main:FourLetterWordMain@94] - connecting to 127.0.0.1 30110
2021-11-08 11:14:19,577 [myid:1] - WARN  [nioEventLoopGroup-47-3:NettyServerCnxnFactory$CnxnChannelHandler@231] - Zookeeper server is not running, close the connection before starting the TLS handshake
2021-11-08 11:14:19,843 [myid:] - INFO  [main:FourLetterWordMain@94] - connecting to 127.0.0.1 30110
2021-11-08 11:14:19,843 [myid:1] - WARN  [nioEventLoopGroup-47-4:NettyServerCnxnFactory$CnxnChannelHandler@231] - Zookeeper server is not running, close the connection before starting the TLS handshake
2021-11-08 11:14:20,109 [myid:] - INFO  [main:FourLetterWordMain@94] - connecting to 127.0.0.1 30110
2021-11-08 11:14:20,110 [myid:1] - WARN  [nioEventLoopGroup-47-5:NettyServerCnxnFactory$CnxnChannelHandler@231] - Zookeeper server is not running, close the connection before starting the TLS handshake
2021-11-08 11:14:20,426 [myid:] - INFO  [main:FourLetterWordMain@94] - connecting to 127.0.0.1 30110
2021-11-08 11:14:20,426 [myid:1] - WARN  [nioEventLoopGroup-47-6:NettyServerCnxnFactory$CnxnChannelHandler@231] - Zookeeper server is not running, close the connection before starting the TLS handshake
2021-11-08 11:14:20,680 [myid:] - INFO  [main:FourLetterWordMain@94] - connecting to 127.0.0.1 30110
2021-11-08 11:14:20,681 [myid:1] - WARN  [nioEventLoopGroup-47-7:NettyServerCnxnFactory$CnxnChannelHandler@231] - Zookeeper server is not running, close the connection before starting the TLS handshake
2021-11-08 11:14:20,946 [myid:] - INFO  [main:FourLetterWordMain@94] - connecting to 127.0.0.1 30110
2021-11-08 11:14:20,946 [myid:1] - WARN  [nioEventLoopGroup-47-8:NettyServerCnxnFactory$CnxnChannelHandler@231] - Zookeeper server is not running, close the connection before starting the TLS handshake
2021-11-08 11:14:21,197 [myid:] - INFO  [main:FourLetterWordMain@94] - connecting to 127.0.0.1 30110
2021-11-08 11:14:21,197 [myid:1] - WARN  [nioEventLoopGroup-47-9:NettyServerCnxnFactory$CnxnChannelHandler@231] - Zookeeper server is not running, close the connection before starting the TLS handshake
2021-11-08 11:14:21,454 [myid:] - INFO  [main:FourLetterWordMain@94] - connecting to 127.0.0.1 30110
2021-11-08 11:14:21,455 [myid:1] - WARN  [nioEventLoopGroup-47-10:NettyServerCnxnFactory$CnxnChannelHandler@231] - Zookeeper server is not running, close the connection before starting the TLS handshake
2021-11-08 11:14:21,711 [myid:] - INFO  [main:FourLetterWordMain@94] - connecting to 127.0.0.1 30110
2021-11-08 11:14:21,712 [myid:1] - WARN  [nioEventLoopGroup-47-11:NettyServerCnxnFactory$CnxnChannelHandler@231] - Zookeeper server is not running, close the connection before starting the TLS handshake
2021-11-08 11:14:21,712 [myid:] - INFO  [main:ClientBase@267] - server 127.0.0.1:30110 not up
java.net.SocketException: Software caused connection abort: recv failed
	at java.net.SocketInputStream.socketRead0(Native Method)
	at java.net.SocketInputStream.read(SocketInputStream.java:150)
	at java.net.SocketInputStream.read(SocketInputStream.java:121)
	at sun.nio.cs.StreamDecoder.readBytes(StreamDecoder.java:284)
	at sun.nio.cs.StreamDecoder.implRead(StreamDecoder.java:326)
	at sun.nio.cs.StreamDecoder.read(StreamDecoder.java:178)
	at java.io.InputStreamReader.read(InputStreamReader.java:184)
	at java.io.BufferedReader.fill(BufferedReader.java:161)
	at java.io.BufferedReader.readLine(BufferedReader.java:324)
	at java.io.BufferedReader.readLine(BufferedReader.java:389)
	at org.apache.zookeeper.client.FourLetterWordMain.send4LetterWord(FourLetterWordMain.java:129)
	at org.apache.zookeeper.client.FourLetterWordMain.send4LetterWord(FourLetterWordMain.java:74)
	at org.apache.zookeeper.test.ClientBase.waitForServerUp(ClientBase.java:258)
	at org.apache.zookeeper.test.ClientBase.waitForServerUp(ClientBase.java:249)
	at org.apache.zookeeper.server.quorum.QuorumSSLTest.testHostnameVerification(QuorumSSLTest.java:671)
	at org.apache.zookeeper.server.quorum.QuorumSSLTest.testHostnameVerificationWithValidIpAddressAndInvalidHostname(QuorumSSLTest.java:654)
	at sun.reflect.NativeMethodAccessorImpl.invoke0(Native Method)
	at sun.reflect.NativeMethodAccessorImpl.invoke(NativeMethodAccessorImpl.java:62)
	at sun.reflect.DelegatingMethodAccessorImpl.invoke(DelegatingMethodAccessorImpl.java:43)
	at java.lang.reflect.Method.invoke(Method.java:483)
	at org.junit.platform.commons.util.ReflectionUtils.invokeMethod(ReflectionUtils.java:686)
	at org.junit.jupiter.engine.execution.MethodInvocation.proceed(MethodInvocation.java:60)
	at org.junit.jupiter.engine.execution.InvocationInterceptorChain$ValidatingInvocation.proceed(InvocationInterceptorChain.java:131)
	at org.junit.jupiter.engine.extension.TimeoutInvocation.proceed(TimeoutInvocation.java:46)
	at org.junit.jupiter.engine.extension.TimeoutExtension.intercept(TimeoutExtension.java:149)
	at org.junit.jupiter.engine.extension.TimeoutExtension.interceptTestableMethod(TimeoutExtension.java:140)
	at org.junit.jupiter.engine.extension.TimeoutExtension.interceptTestMethod(TimeoutExtension.java:84)
	at org.junit.jupiter.engine.descriptor.TestMethodTestDescriptor$$Lambda$111/1780132728.apply(Unknown Source)
	at org.junit.jupiter.engine.execution.ExecutableInvoker$ReflectiveInterceptorCall.lambda$ofVoidMethod$0(ExecutableInvoker.java:115)
	at org.junit.jupiter.engine.execution.ExecutableInvoker$ReflectiveInterceptorCall$$Lambda$112/1725017993.apply(Unknown Source)
	at org.junit.jupiter.engine.execution.ExecutableInvoker.lambda$invoke$0(ExecutableInvoker.java:105)
	at org.junit.jupiter.engine.execution.ExecutableInvoker$$Lambda$234/64133603.apply(Unknown Source)
	at org.junit.jupiter.engine.execution.InvocationInterceptorChain$InterceptedInvocation.proceed(InvocationInterceptorChain.java:106)
	at org.junit.jupiter.engine.execution.InvocationInterceptorChain.proceed(InvocationInterceptorChain.java:64)
	at org.junit.jupiter.engine.execution.InvocationInterceptorChain.chainAndInvoke(InvocationInterceptorChain.java:45)
	at org.junit.jupiter.engine.execution.InvocationInterceptorChain.invoke(InvocationInterceptorChain.java:37)
	at org.junit.jupiter.engine.execution.ExecutableInvoker.invoke(ExecutableInvoker.java:104)
	at org.junit.jupiter.engine.execution.ExecutableInvoker.invoke(ExecutableInvoker.java:98)
	at org.junit.jupiter.engine.descriptor.TestMethodTestDescriptor.lambda$invokeTestMethod$6(TestMethodTestDescriptor.java:212)
	at org.junit.jupiter.engine.descriptor.TestMethodTestDescriptor$$Lambda$271/224100622.execute(Unknown Source)
	at org.junit.platform.engine.support.hierarchical.ThrowableCollector.execute(ThrowableCollector.java:73)
	at org.junit.jupiter.engine.descriptor.TestMethodTestDescriptor.invokeTestMethod(TestMethodTestDescriptor.java:208)
	at org.junit.jupiter.engine.descriptor.TestMethodTestDescriptor.execute(TestMethodTestDescriptor.java:137)
	at org.junit.jupiter.engine.descriptor.TestMethodTestDescriptor.execute(TestMethodTestDescriptor.java:71)
	at org.junit.platform.engine.support.hierarchical.NodeTestTask.lambda$executeRecursively$5(NodeTestTask.java:135)
	at org.junit.platform.engine.support.hierarchical.NodeTestTask$$Lambda$179/195615004.execute(Unknown Source)
	at org.junit.platform.engine.support.hierarchical.ThrowableCollector.execute(ThrowableCollector.java:73)
	at org.junit.platform.engine.support.hierarchical.NodeTestTask.lambda$executeRecursively$7(NodeTestTask.java:125)
	at org.junit.platform.engine.support.hierarchical.NodeTestTask$$Lambda$178/1890627974.invoke(Unknown Source)
	at org.junit.platform.engine.support.hierarchical.Node.around(Node.java:135)
	at org.junit.platform.engine.support.hierarchical.NodeTestTask.lambda$executeRecursively$8(NodeTestTask.java:123)
	at org.junit.platform.engine.support.hierarchical.NodeTestTask$$Lambda$177/231977479.execute(Unknown Source)
	at org.junit.platform.engine.support.hierarchical.ThrowableCollector.execute(ThrowableCollector.java:73)
	at org.junit.platform.engine.support.hierarchical.NodeTestTask.executeRecursively(NodeTestTask.java:122)
	at org.junit.platform.engine.support.hierarchical.NodeTestTask.execute(NodeTestTask.java:80)
	at org.junit.platform.engine.support.hierarchical.SameThreadHierarchicalTestExecutorService$$Lambda$183/1381713434.accept(Unknown Source)
	at java.util.ArrayList.forEach(ArrayList.java:1249)
	at org.junit.platform.engine.support.hierarchical.SameThreadHierarchicalTestExecutorService.invokeAll(SameThreadHierarchicalTestExecutorService.java:38)
	at org.junit.platform.engine.support.hierarchical.NodeTestTask.lambda$executeRecursively$5(NodeTestTask.java:139)
	at org.junit.platform.engine.support.hierarchical.NodeTestTask$$Lambda$179/195615004.execute(Unknown Source)
	at org.junit.platform.engine.support.hierarchical.ThrowableCollector.execute(ThrowableCollector.java:73)
	at org.junit.platform.engine.support.hierarchical.NodeTestTask.lambda$executeRecursively$7(NodeTestTask.java:125)
	at org.junit.platform.engine.support.hierarchical.NodeTestTask$$Lambda$178/1890627974.invoke(Unknown Source)
	at org.junit.platform.engine.support.hierarchical.Node.around(Node.java:135)
	at org.junit.platform.engine.support.hierarchical.NodeTestTask.lambda$executeRecursively$8(NodeTestTask.java:123)
	at org.junit.platform.engine.support.hierarchical.NodeTestTask$$Lambda$177/231977479.execute(Unknown Source)
	at org.junit.platform.engine.support.hierarchical.ThrowableCollector.execute(ThrowableCollector.java:73)
	at org.junit.platform.engine.support.hierarchical.NodeTestTask.executeRecursively(NodeTestTask.java:122)
	at org.junit.platform.engine.support.hierarchical.NodeTestTask.execute(NodeTestTask.java:80)
	at org.junit.platform.engine.support.hierarchical.SameThreadHierarchicalTestExecutorService$$Lambda$183/1381713434.accept(Unknown Source)
	at java.util.ArrayList.forEach(ArrayList.java:1249)
	at org.junit.platform.engine.support.hierarchical.SameThreadHierarchicalTestExecutorService.invokeAll(SameThreadHierarchicalTestExecutorService.java:38)
	at org.junit.platform.engine.support.hierarchical.NodeTestTask.lambda$executeRecursively$5(NodeTestTask.java:139)
	at org.junit.platform.engine.support.hierarchical.NodeTestTask$$Lambda$179/195615004.execute(Unknown Source)
	at org.junit.platform.engine.support.hierarchical.ThrowableCollector.execute(ThrowableCollector.java:73)
	at org.junit.platform.engine.support.hierarchical.NodeTestTask.lambda$executeRecursively$7(NodeTestTask.java:125)
	at org.junit.platform.engine.support.hierarchical.NodeTestTask$$Lambda$178/1890627974.invoke(Unknown Source)
	at org.junit.platform.engine.support.hierarchical.Node.around(Node.java:135)
	at org.junit.platform.engine.support.hierarchical.NodeTestTask.lambda$executeRecursively$8(NodeTestTask.java:123)
	at org.junit.platform.engine.support.hierarchical.NodeTestTask$$Lambda$177/231977479.execute(Unknown Source)
	at org.junit.platform.engine.support.hierarchical.ThrowableCollector.execute(ThrowableCollector.java:73)
	at org.junit.platform.engine.support.hierarchical.NodeTestTask.executeRecursively(NodeTestTask.java:122)
	at org.junit.platform.engine.support.hierarchical.NodeTestTask.execute(NodeTestTask.java:80)
	at org.junit.platform.engine.support.hierarchical.SameThreadHierarchicalTestExecutorService.submit(SameThreadHierarchicalTestExecutorService.java:32)
	at org.junit.platform.engine.support.hierarchical.HierarchicalTestExecutor.execute(HierarchicalTestExecutor.java:57)
	at org.junit.platform.engine.support.hierarchical.HierarchicalTestEngine.execute(HierarchicalTestEngine.java:51)
	at org.junit.platform.launcher.core.DefaultLauncher.execute(DefaultLauncher.java:248)
	at org.junit.platform.launcher.core.DefaultLauncher.lambda$execute$5(DefaultLauncher.java:211)
	at org.junit.platform.launcher.core.DefaultLauncher$$Lambda$143/233996206.accept(Unknown Source)
	at org.junit.platform.launcher.core.DefaultLauncher.withInterceptedStreams(DefaultLauncher.java:226)
	at org.junit.platform.launcher.core.DefaultLauncher.execute(DefaultLauncher.java:199)
	at org.junit.platform.launcher.core.DefaultLauncher.execute(DefaultLauncher.java:132)
	at org.apache.maven.surefire.junitplatform.JUnitPlatformProvider.invokeAllTests(JUnitPlatformProvider.java:142)
	at org.apache.maven.surefire.junitplatform.JUnitPlatformProvider.invoke(JUnitPlatformProvider.java:113)
	at org.apache.maven.surefire.booter.ForkedBooter.invokeProviderInSameClassLoader(ForkedBooter.java:384)
	at org.apache.maven.surefire.booter.ForkedBooter.runSuitesInProcess(ForkedBooter.java:345)
	at org.apache.maven.surefire.booter.ForkedBooter.execute(ForkedBooter.java:126)
	at org.apache.maven.surefire.booter.ForkedBooter.main(ForkedBooter.java:418)
2021-11-08 11:14:21,887 [myid:1] - INFO  [QuorumPeer[myid=1](plain=[0:0:0:0:0:0:0:0]:30110)(secure=disabled):FastLeaderElection@984] - Notification time out: 6400
2021-11-08 11:14:21,964 [myid:2] - INFO  [QuorumPeer[myid=2](plain=[0:0:0:0:0:0:0:0]:30111)(secure=disabled):FastLeaderElection@984] - Notification time out: 6400
2021-11-08 11:14:21,985 [myid:] - INFO  [main:FourLetterWordMain@94] - connecting to 127.0.0.1 30110
2021-11-08 11:14:21,985 [myid:1] - WARN  [nioEventLoopGroup-47-12:NettyServerCnxnFactory$CnxnChannelHandler@231] - Zookeeper server is not running, close the connection before starting the TLS handshake
2021-11-08 11:14:21,986 [myid:] - INFO  [main:ClientBase@267] - server 127.0.0.1:30110 not up
java.net.SocketException: Software caused connection abort: recv failed
	at java.net.SocketInputStream.socketRead0(Native Method)
	at java.net.SocketInputStream.read(SocketInputStream.java:150)
	at java.net.SocketInputStream.read(SocketInputStream.java:121)
	at sun.nio.cs.StreamDecoder.readBytes(StreamDecoder.java:284)
	at sun.nio.cs.StreamDecoder.implRead(StreamDecoder.java:326)
	at sun.nio.cs.StreamDecoder.read(StreamDecoder.java:178)
	at java.io.InputStreamReader.read(InputStreamReader.java:184)
	at java.io.BufferedReader.fill(BufferedReader.java:161)
	at java.io.BufferedReader.readLine(BufferedReader.java:324)
	at java.io.BufferedReader.readLine(BufferedReader.java:389)
	at org.apache.zookeeper.client.FourLetterWordMain.send4LetterWord(FourLetterWordMain.java:129)
	at org.apache.zookeeper.client.FourLetterWordMain.send4LetterWord(FourLetterWordMain.java:74)
	at org.apache.zookeeper.test.ClientBase.waitForServerUp(ClientBase.java:258)
	at org.apache.zookeeper.test.ClientBase.waitForServerUp(ClientBase.java:249)
	at org.apache.zookeeper.server.quorum.QuorumSSLTest.testHostnameVerification(QuorumSSLTest.java:671)
	at org.apache.zookeeper.server.quorum.QuorumSSLTest.testHostnameVerificationWithValidIpAddressAndInvalidHostname(QuorumSSLTest.java:654)
	at sun.reflect.NativeMethodAccessorImpl.invoke0(Native Method)
	at sun.reflect.NativeMethodAccessorImpl.invoke(NativeMethodAccessorImpl.java:62)
	at sun.reflect.DelegatingMethodAccessorImpl.invoke(DelegatingMethodAccessorImpl.java:43)
	at java.lang.reflect.Method.invoke(Method.java:483)
	at org.junit.platform.commons.util.ReflectionUtils.invokeMethod(ReflectionUtils.java:686)
	at org.junit.jupiter.engine.execution.MethodInvocation.proceed(MethodInvocation.java:60)
	at org.junit.jupiter.engine.execution.InvocationInterceptorChain$ValidatingInvocation.proceed(InvocationInterceptorChain.java:131)
	at org.junit.jupiter.engine.extension.TimeoutInvocation.proceed(TimeoutInvocation.java:46)
	at org.junit.jupiter.engine.extension.TimeoutExtension.intercept(TimeoutExtension.java:149)
	at org.junit.jupiter.engine.extension.TimeoutExtension.interceptTestableMethod(TimeoutExtension.java:140)
	at org.junit.jupiter.engine.extension.TimeoutExtension.interceptTestMethod(TimeoutExtension.java:84)
	at org.junit.jupiter.engine.descriptor.TestMethodTestDescriptor$$Lambda$111/1780132728.apply(Unknown Source)
	at org.junit.jupiter.engine.execution.ExecutableInvoker$ReflectiveInterceptorCall.lambda$ofVoidMethod$0(ExecutableInvoker.java:115)
	at org.junit.jupiter.engine.execution.ExecutableInvoker$ReflectiveInterceptorCall$$Lambda$112/1725017993.apply(Unknown Source)
	at org.junit.jupiter.engine.execution.ExecutableInvoker.lambda$invoke$0(ExecutableInvoker.java:105)
	at org.junit.jupiter.engine.execution.ExecutableInvoker$$Lambda$234/64133603.apply(Unknown Source)
	at org.junit.jupiter.engine.execution.InvocationInterceptorChain$InterceptedInvocation.proceed(InvocationInterceptorChain.java:106)
	at org.junit.jupiter.engine.execution.InvocationInterceptorChain.proceed(InvocationInterceptorChain.java:64)
	at org.junit.jupiter.engine.execution.InvocationInterceptorChain.chainAndInvoke(InvocationInterceptorChain.java:45)
	at org.junit.jupiter.engine.execution.InvocationInterceptorChain.invoke(InvocationInterceptorChain.java:37)
	at org.junit.jupiter.engine.execution.ExecutableInvoker.invoke(ExecutableInvoker.java:104)
	at org.junit.jupiter.engine.execution.ExecutableInvoker.invoke(ExecutableInvoker.java:98)
	at org.junit.jupiter.engine.descriptor.TestMethodTestDescriptor.lambda$invokeTestMethod$6(TestMethodTestDescriptor.java:212)
	at org.junit.jupiter.engine.descriptor.TestMethodTestDescriptor$$Lambda$271/224100622.execute(Unknown Source)
	at org.junit.platform.engine.support.hierarchical.ThrowableCollector.execute(ThrowableCollector.java:73)
	at org.junit.jupiter.engine.descriptor.TestMethodTestDescriptor.invokeTestMethod(TestMethodTestDescriptor.java:208)
	at org.junit.jupiter.engine.descriptor.TestMethodTestDescriptor.execute(TestMethodTestDescriptor.java:137)
	at org.junit.jupiter.engine.descriptor.TestMethodTestDescriptor.execute(TestMethodTestDescriptor.java:71)
	at org.junit.platform.engine.support.hierarchical.NodeTestTask.lambda$executeRecursively$5(NodeTestTask.java:135)
	at org.junit.platform.engine.support.hierarchical.NodeTestTask$$Lambda$179/195615004.execute(Unknown Source)
	at org.junit.platform.engine.support.hierarchical.ThrowableCollector.execute(ThrowableCollector.java:73)
	at org.junit.platform.engine.support.hierarchical.NodeTestTask.lambda$executeRecursively$7(NodeTestTask.java:125)
	at org.junit.platform.engine.support.hierarchical.NodeTestTask$$Lambda$178/1890627974.invoke(Unknown Source)
	at org.junit.platform.engine.support.hierarchical.Node.around(Node.java:135)
	at org.junit.platform.engine.support.hierarchical.NodeTestTask.lambda$executeRecursively$8(NodeTestTask.java:123)
	at org.junit.platform.engine.support.hierarchical.NodeTestTask$$Lambda$177/231977479.execute(Unknown Source)
	at org.junit.platform.engine.support.hierarchical.ThrowableCollector.execute(ThrowableCollector.java:73)
	at org.junit.platform.engine.support.hierarchical.NodeTestTask.executeRecursively(NodeTestTask.java:122)
	at org.junit.platform.engine.support.hierarchical.NodeTestTask.execute(NodeTestTask.java:80)
	at org.junit.platform.engine.support.hierarchical.SameThreadHierarchicalTestExecutorService$$Lambda$183/1381713434.accept(Unknown Source)
	at java.util.ArrayList.forEach(ArrayList.java:1249)
	at org.junit.platform.engine.support.hierarchical.SameThreadHierarchicalTestExecutorService.invokeAll(SameThreadHierarchicalTestExecutorService.java:38)
	at org.junit.platform.engine.support.hierarchical.NodeTestTask.lambda$executeRecursively$5(NodeTestTask.java:139)
	at org.junit.platform.engine.support.hierarchical.NodeTestTask$$Lambda$179/195615004.execute(Unknown Source)
	at org.junit.platform.engine.support.hierarchical.ThrowableCollector.execute(ThrowableCollector.java:73)
	at org.junit.platform.engine.support.hierarchical.NodeTestTask.lambda$executeRecursively$7(NodeTestTask.java:125)
	at org.junit.platform.engine.support.hierarchical.NodeTestTask$$Lambda$178/1890627974.invoke(Unknown Source)
	at org.junit.platform.engine.support.hierarchical.Node.around(Node.java:135)
	at org.junit.platform.engine.support.hierarchical.NodeTestTask.lambda$executeRecursively$8(NodeTestTask.java:123)
	at org.junit.platform.engine.support.hierarchical.NodeTestTask$$Lambda$177/231977479.execute(Unknown Source)
	at org.junit.platform.engine.support.hierarchical.ThrowableCollector.execute(ThrowableCollector.java:73)
	at org.junit.platform.engine.support.hierarchical.NodeTestTask.executeRecursively(NodeTestTask.java:122)
	at org.junit.platform.engine.support.hierarchical.NodeTestTask.execute(NodeTestTask.java:80)
	at org.junit.platform.engine.support.hierarchical.SameThreadHierarchicalTestExecutorService$$Lambda$183/1381713434.accept(Unknown Source)
	at java.util.ArrayList.forEach(ArrayList.java:1249)
	at org.junit.platform.engine.support.hierarchical.SameThreadHierarchicalTestExecutorService.invokeAll(SameThreadHierarchicalTestExecutorService.java:38)
	at org.junit.platform.engine.support.hierarchical.NodeTestTask.lambda$executeRecursively$5(NodeTestTask.java:139)
	at org.junit.platform.engine.support.hierarchical.NodeTestTask$$Lambda$179/195615004.execute(Unknown Source)
	at org.junit.platform.engine.support.hierarchical.ThrowableCollector.execute(ThrowableCollector.java:73)
	at org.junit.platform.engine.support.hierarchical.NodeTestTask.lambda$executeRecursively$7(NodeTestTask.java:125)
	at org.junit.platform.engine.support.hierarchical.NodeTestTask$$Lambda$178/1890627974.invoke(Unknown Source)
	at org.junit.platform.engine.support.hierarchical.Node.around(Node.java:135)
	at org.junit.platform.engine.support.hierarchical.NodeTestTask.lambda$executeRecursively$8(NodeTestTask.java:123)
	at org.junit.platform.engine.support.hierarchical.NodeTestTask$$Lambda$177/231977479.execute(Unknown Source)
	at org.junit.platform.engine.support.hierarchical.ThrowableCollector.execute(ThrowableCollector.java:73)
	at org.junit.platform.engine.support.hierarchical.NodeTestTask.executeRecursively(NodeTestTask.java:122)
	at org.junit.platform.engine.support.hierarchical.NodeTestTask.execute(NodeTestTask.java:80)
	at org.junit.platform.engine.support.hierarchical.SameThreadHierarchicalTestExecutorService.submit(SameThreadHierarchicalTestExecutorService.java:32)
	at org.junit.platform.engine.support.hierarchical.HierarchicalTestExecutor.execute(HierarchicalTestExecutor.java:57)
	at org.junit.platform.engine.support.hierarchical.HierarchicalTestEngine.execute(HierarchicalTestEngine.java:51)
	at org.junit.platform.launcher.core.DefaultLauncher.execute(DefaultLauncher.java:248)
	at org.junit.platform.launcher.core.DefaultLauncher.lambda$execute$5(DefaultLauncher.java:211)
	at org.junit.platform.launcher.core.DefaultLauncher$$Lambda$143/233996206.accept(Unknown Source)
	at org.junit.platform.launcher.core.DefaultLauncher.withInterceptedStreams(DefaultLauncher.java:226)
	at org.junit.platform.launcher.core.DefaultLauncher.execute(DefaultLauncher.java:199)
	at org.junit.platform.launcher.core.DefaultLauncher.execute(DefaultLauncher.java:132)
	at org.apache.maven.surefire.junitplatform.JUnitPlatformProvider.invokeAllTests(JUnitPlatformProvider.java:142)
	at org.apache.maven.surefire.junitplatform.JUnitPlatformProvider.invoke(JUnitPlatformProvider.java:113)
	at org.apache.maven.surefire.booter.ForkedBooter.invokeProviderInSameClassLoader(ForkedBooter.java:384)
	at org.apache.maven.surefire.booter.ForkedBooter.runSuitesInProcess(ForkedBooter.java:345)
	at org.apache.maven.surefire.booter.ForkedBooter.execute(ForkedBooter.java:126)
	at org.apache.maven.surefire.booter.ForkedBooter.main(ForkedBooter.java:418)
2021-11-08 11:14:22,244 [myid:] - INFO  [main:FourLetterWordMain@94] - connecting to 127.0.0.1 30110
2021-11-08 11:14:22,245 [myid:1] - WARN  [nioEventLoopGroup-47-1:NettyServerCnxnFactory$CnxnChannelHandler@231] - Zookeeper server is not running, close the connection before starting the TLS handshake
2021-11-08 11:14:22,529 [myid:] - INFO  [main:FourLetterWordMain@94] - connecting to 127.0.0.1 30110
2021-11-08 11:14:22,530 [myid:1] - WARN  [nioEventLoopGroup-47-2:NettyServerCnxnFactory$CnxnChannelHandler@231] - Zookeeper server is not running, close the connection before starting the TLS handshake
2021-11-08 11:14:22,870 [myid:] - INFO  [main:FourLetterWordMain@94] - connecting to 127.0.0.1 30110
2021-11-08 11:14:22,871 [myid:1] - WARN  [nioEventLoopGroup-47-3:NettyServerCnxnFactory$CnxnChannelHandler@231] - Zookeeper server is not running, close the connection before starting the TLS handshake
2021-11-08 11:14:22,871 [myid:] - INFO  [main:ClientBase@267] - server 127.0.0.1:30110 not up
java.net.SocketException: Software caused connection abort: recv failed
	at java.net.SocketInputStream.socketRead0(Native Method)
	at java.net.SocketInputStream.read(SocketInputStream.java:150)
	at java.net.SocketInputStream.read(SocketInputStream.java:121)
	at sun.nio.cs.StreamDecoder.readBytes(StreamDecoder.java:284)
	at sun.nio.cs.StreamDecoder.implRead(StreamDecoder.java:326)
	at sun.nio.cs.StreamDecoder.read(StreamDecoder.java:178)
	at java.io.InputStreamReader.read(InputStreamReader.java:184)
	at java.io.BufferedReader.fill(BufferedReader.java:161)
	at java.io.BufferedReader.readLine(BufferedReader.java:324)
	at java.io.BufferedReader.readLine(BufferedReader.java:389)
	at org.apache.zookeeper.client.FourLetterWordMain.send4LetterWord(FourLetterWordMain.java:129)
	at org.apache.zookeeper.client.FourLetterWordMain.send4LetterWord(FourLetterWordMain.java:74)
	at org.apache.zookeeper.test.ClientBase.waitForServerUp(ClientBase.java:258)
	at org.apache.zookeeper.test.ClientBase.waitForServerUp(ClientBase.java:249)
	at org.apache.zookeeper.server.quorum.QuorumSSLTest.testHostnameVerification(QuorumSSLTest.java:671)
	at org.apache.zookeeper.server.quorum.QuorumSSLTest.testHostnameVerificationWithValidIpAddressAndInvalidHostname(QuorumSSLTest.java:654)
	at sun.reflect.NativeMethodAccessorImpl.invoke0(Native Method)
	at sun.reflect.NativeMethodAccessorImpl.invoke(NativeMethodAccessorImpl.java:62)
	at sun.reflect.DelegatingMethodAccessorImpl.invoke(DelegatingMethodAccessorImpl.java:43)
	at java.lang.reflect.Method.invoke(Method.java:483)
	at org.junit.platform.commons.util.ReflectionUtils.invokeMethod(ReflectionUtils.java:686)
	at org.junit.jupiter.engine.execution.MethodInvocation.proceed(MethodInvocation.java:60)
	at org.junit.jupiter.engine.execution.InvocationInterceptorChain$ValidatingInvocation.proceed(InvocationInterceptorChain.java:131)
	at org.junit.jupiter.engine.extension.TimeoutInvocation.proceed(TimeoutInvocation.java:46)
	at org.junit.jupiter.engine.extension.TimeoutExtension.intercept(TimeoutExtension.java:149)
	at org.junit.jupiter.engine.extension.TimeoutExtension.interceptTestableMethod(TimeoutExtension.java:140)
	at org.junit.jupiter.engine.extension.TimeoutExtension.interceptTestMethod(TimeoutExtension.java:84)
	at org.junit.jupiter.engine.descriptor.TestMethodTestDescriptor$$Lambda$111/1780132728.apply(Unknown Source)
	at org.junit.jupiter.engine.execution.ExecutableInvoker$ReflectiveInterceptorCall.lambda$ofVoidMethod$0(ExecutableInvoker.java:115)
	at org.junit.jupiter.engine.execution.ExecutableInvoker$ReflectiveInterceptorCall$$Lambda$112/1725017993.apply(Unknown Source)
	at org.junit.jupiter.engine.execution.ExecutableInvoker.lambda$invoke$0(ExecutableInvoker.java:105)
	at org.junit.jupiter.engine.execution.ExecutableInvoker$$Lambda$234/64133603.apply(Unknown Source)
	at org.junit.jupiter.engine.execution.InvocationInterceptorChain$InterceptedInvocation.proceed(InvocationInterceptorChain.java:106)
	at org.junit.jupiter.engine.execution.InvocationInterceptorChain.proceed(InvocationInterceptorChain.java:64)
	at org.junit.jupiter.engine.execution.InvocationInterceptorChain.chainAndInvoke(InvocationInterceptorChain.java:45)
	at org.junit.jupiter.engine.execution.InvocationInterceptorChain.invoke(InvocationInterceptorChain.java:37)
	at org.junit.jupiter.engine.execution.ExecutableInvoker.invoke(ExecutableInvoker.java:104)
	at org.junit.jupiter.engine.execution.ExecutableInvoker.invoke(ExecutableInvoker.java:98)
	at org.junit.jupiter.engine.descriptor.TestMethodTestDescriptor.lambda$invokeTestMethod$6(TestMethodTestDescriptor.java:212)
	at org.junit.jupiter.engine.descriptor.TestMethodTestDescriptor$$Lambda$271/224100622.execute(Unknown Source)
	at org.junit.platform.engine.support.hierarchical.ThrowableCollector.execute(ThrowableCollector.java:73)
	at org.junit.jupiter.engine.descriptor.TestMethodTestDescriptor.invokeTestMethod(TestMethodTestDescriptor.java:208)
	at org.junit.jupiter.engine.descriptor.TestMethodTestDescriptor.execute(TestMethodTestDescriptor.java:137)
	at org.junit.jupiter.engine.descriptor.TestMethodTestDescriptor.execute(TestMethodTestDescriptor.java:71)
	at org.junit.platform.engine.support.hierarchical.NodeTestTask.lambda$executeRecursively$5(NodeTestTask.java:135)
	at org.junit.platform.engine.support.hierarchical.NodeTestTask$$Lambda$179/195615004.execute(Unknown Source)
	at org.junit.platform.engine.support.hierarchical.ThrowableCollector.execute(ThrowableCollector.java:73)
	at org.junit.platform.engine.support.hierarchical.NodeTestTask.lambda$executeRecursively$7(NodeTestTask.java:125)
	at org.junit.platform.engine.support.hierarchical.NodeTestTask$$Lambda$178/1890627974.invoke(Unknown Source)
	at org.junit.platform.engine.support.hierarchical.Node.around(Node.java:135)
	at org.junit.platform.engine.support.hierarchical.NodeTestTask.lambda$executeRecursively$8(NodeTestTask.java:123)
	at org.junit.platform.engine.support.hierarchical.NodeTestTask$$Lambda$177/231977479.execute(Unknown Source)
	at org.junit.platform.engine.support.hierarchical.ThrowableCollector.execute(ThrowableCollector.java:73)
	at org.junit.platform.engine.support.hierarchical.NodeTestTask.executeRecursively(NodeTestTask.java:122)
	at org.junit.platform.engine.support.hierarchical.NodeTestTask.execute(NodeTestTask.java:80)
	at org.junit.platform.engine.support.hierarchical.SameThreadHierarchicalTestExecutorService$$Lambda$183/1381713434.accept(Unknown Source)
	at java.util.ArrayList.forEach(ArrayList.java:1249)
	at org.junit.platform.engine.support.hierarchical.SameThreadHierarchicalTestExecutorService.invokeAll(SameThreadHierarchicalTestExecutorService.java:38)
	at org.junit.platform.engine.support.hierarchical.NodeTestTask.lambda$executeRecursively$5(NodeTestTask.java:139)
	at org.junit.platform.engine.support.hierarchical.NodeTestTask$$Lambda$179/195615004.execute(Unknown Source)
	at org.junit.platform.engine.support.hierarchical.ThrowableCollector.execute(ThrowableCollector.java:73)
	at org.junit.platform.engine.support.hierarchical.NodeTestTask.lambda$executeRecursively$7(NodeTestTask.java:125)
	at org.junit.platform.engine.support.hierarchical.NodeTestTask$$Lambda$178/1890627974.invoke(Unknown Source)
	at org.junit.platform.engine.support.hierarchical.Node.around(Node.java:135)
	at org.junit.platform.engine.support.hierarchical.NodeTestTask.lambda$executeRecursively$8(NodeTestTask.java:123)
	at org.junit.platform.engine.support.hierarchical.NodeTestTask$$Lambda$177/231977479.execute(Unknown Source)
	at org.junit.platform.engine.support.hierarchical.ThrowableCollector.execute(ThrowableCollector.java:73)
	at org.junit.platform.engine.support.hierarchical.NodeTestTask.executeRecursively(NodeTestTask.java:122)
	at org.junit.platform.engine.support.hierarchical.NodeTestTask.execute(NodeTestTask.java:80)
	at org.junit.platform.engine.support.hierarchical.SameThreadHierarchicalTestExecutorService$$Lambda$183/1381713434.accept(Unknown Source)
	at java.util.ArrayList.forEach(ArrayList.java:1249)
	at org.junit.platform.engine.support.hierarchical.SameThreadHierarchicalTestExecutorService.invokeAll(SameThreadHierarchicalTestExecutorService.java:38)
	at org.junit.platform.engine.support.hierarchical.NodeTestTask.lambda$executeRecursively$5(NodeTestTask.java:139)
	at org.junit.platform.engine.support.hierarchical.NodeTestTask$$Lambda$179/195615004.execute(Unknown Source)
	at org.junit.platform.engine.support.hierarchical.ThrowableCollector.execute(ThrowableCollector.java:73)
	at org.junit.platform.engine.support.hierarchical.NodeTestTask.lambda$executeRecursively$7(NodeTestTask.java:125)
	at org.junit.platform.engine.support.hierarchical.NodeTestTask$$Lambda$178/1890627974.invoke(Unknown Source)
	at org.junit.platform.engine.support.hierarchical.Node.around(Node.java:135)
	at org.junit.platform.engine.support.hierarchical.NodeTestTask.lambda$executeRecursively$8(NodeTestTask.java:123)
	at org.junit.platform.engine.support.hierarchical.NodeTestTask$$Lambda$177/231977479.execute(Unknown Source)
	at org.junit.platform.engine.support.hierarchical.ThrowableCollector.execute(ThrowableCollector.java:73)
	at org.junit.platform.engine.support.hierarchical.NodeTestTask.executeRecursively(NodeTestTask.java:122)
	at org.junit.platform.engine.support.hierarchical.NodeTestTask.execute(NodeTestTask.java:80)
	at org.junit.platform.engine.support.hierarchical.SameThreadHierarchicalTestExecutorService.submit(SameThreadHierarchicalTestExecutorService.java:32)
	at org.junit.platform.engine.support.hierarchical.HierarchicalTestExecutor.execute(HierarchicalTestExecutor.java:57)
	at org.junit.platform.engine.support.hierarchical.HierarchicalTestEngine.execute(HierarchicalTestEngine.java:51)
	at org.junit.platform.launcher.core.DefaultLauncher.execute(DefaultLauncher.java:248)
	at org.junit.platform.launcher.core.DefaultLauncher.lambda$execute$5(DefaultLauncher.java:211)
	at org.junit.platform.launcher.core.DefaultLauncher$$Lambda$143/233996206.accept(Unknown Source)
	at org.junit.platform.launcher.core.DefaultLauncher.withInterceptedStreams(DefaultLauncher.java:226)
	at org.junit.platform.launcher.core.DefaultLauncher.execute(DefaultLauncher.java:199)
	at org.junit.platform.launcher.core.DefaultLauncher.execute(DefaultLauncher.java:132)
	at org.apache.maven.surefire.junitplatform.JUnitPlatformProvider.invokeAllTests(JUnitPlatformProvider.java:142)
	at org.apache.maven.surefire.junitplatform.JUnitPlatformProvider.invoke(JUnitPlatformProvider.java:113)
	at org.apache.maven.surefire.booter.ForkedBooter.invokeProviderInSameClassLoader(ForkedBooter.java:384)
	at org.apache.maven.surefire.booter.ForkedBooter.runSuitesInProcess(ForkedBooter.java:345)
	at org.apache.maven.surefire.booter.ForkedBooter.execute(ForkedBooter.java:126)
	at org.apache.maven.surefire.booter.ForkedBooter.main(ForkedBooter.java:418)
2021-11-08 11:14:23,159 [myid:] - INFO  [main:FourLetterWordMain@94] - connecting to 127.0.0.1 30110
2021-11-08 11:14:23,160 [myid:1] - WARN  [nioEventLoopGroup-47-4:NettyServerCnxnFactory$CnxnChannelHandler@231] - Zookeeper server is not running, close the connection before starting the TLS handshake
2021-11-08 11:14:23,426 [myid:] - INFO  [main:FourLetterWordMain@94] - connecting to 127.0.0.1 30110
2021-11-08 11:14:23,428 [myid:1] - WARN  [nioEventLoopGroup-47-5:NettyServerCnxnFactory$CnxnChannelHandler@231] - Zookeeper server is not running, close the connection before starting the TLS handshake
2021-11-08 11:14:23,683 [myid:] - INFO  [main:FourLetterWordMain@94] - connecting to 127.0.0.1 30110
2021-11-08 11:14:23,684 [myid:1] - WARN  [nioEventLoopGroup-47-6:NettyServerCnxnFactory$CnxnChannelHandler@231] - Zookeeper server is not running, close the connection before starting the TLS handshake
2021-11-08 11:14:23,947 [myid:] - INFO  [main:FourLetterWordMain@94] - connecting to 127.0.0.1 30110
2021-11-08 11:14:23,948 [myid:1] - WARN  [nioEventLoopGroup-47-7:NettyServerCnxnFactory$CnxnChannelHandler@231] - Zookeeper server is not running, close the connection before starting the TLS handshake
2021-11-08 11:14:24,214 [myid:] - INFO  [main:FourLetterWordMain@94] - connecting to 127.0.0.1 30110
2021-11-08 11:14:24,215 [myid:1] - WARN  [nioEventLoopGroup-47-8:NettyServerCnxnFactory$CnxnChannelHandler@231] - Zookeeper server is not running, close the connection before starting the TLS handshake
2021-11-08 11:14:24,480 [myid:] - INFO  [main:FourLetterWordMain@94] - connecting to 127.0.0.1 30110
2021-11-08 11:14:24,480 [myid:1] - WARN  [nioEventLoopGroup-47-9:NettyServerCnxnFactory$CnxnChannelHandler@231] - Zookeeper server is not running, close the connection before starting the TLS handshake
2021-11-08 11:14:24,734 [myid:] - INFO  [main:FourLetterWordMain@94] - connecting to 127.0.0.1 30110
2021-11-08 11:14:24,734 [myid:1] - WARN  [nioEventLoopGroup-47-10:NettyServerCnxnFactory$CnxnChannelHandler@231] - Zookeeper server is not running, close the connection before starting the TLS handshake
2021-11-08 11:14:24,989 [myid:] - INFO  [main:FourLetterWordMain@94] - connecting to 127.0.0.1 30110
2021-11-08 11:14:24,989 [myid:1] - WARN  [nioEventLoopGroup-47-11:NettyServerCnxnFactory$CnxnChannelHandler@231] - Zookeeper server is not running, close the connection before starting the TLS handshake
2021-11-08 11:14:25,240 [myid:] - INFO  [main:FourLetterWordMain@94] - connecting to 127.0.0.1 30110
2021-11-08 11:14:25,240 [myid:1] - WARN  [nioEventLoopGroup-47-12:NettyServerCnxnFactory$CnxnChannelHandler@231] - Zookeeper server is not running, close the connection before starting the TLS handshake
2021-11-08 11:14:25,496 [myid:] - INFO  [main:FourLetterWordMain@94] - connecting to 127.0.0.1 30110
2021-11-08 11:14:25,496 [myid:1] - WARN  [nioEventLoopGroup-47-1:NettyServerCnxnFactory$CnxnChannelHandler@231] - Zookeeper server is not running, close the connection before starting the TLS handshake
2021-11-08 11:14:25,760 [myid:] - INFO  [main:FourLetterWordMain@94] - connecting to 127.0.0.1 30110
2021-11-08 11:14:25,760 [myid:1] - WARN  [nioEventLoopGroup-47-2:NettyServerCnxnFactory$CnxnChannelHandler@231] - Zookeeper server is not running, close the connection before starting the TLS handshake
2021-11-08 11:14:26,026 [myid:] - INFO  [main:FourLetterWordMain@94] - connecting to 127.0.0.1 30110
2021-11-08 11:14:26,026 [myid:1] - WARN  [nioEventLoopGroup-47-3:NettyServerCnxnFactory$CnxnChannelHandler@231] - Zookeeper server is not running, close the connection before starting the TLS handshake
2021-11-08 11:14:26,278 [myid:] - INFO  [main:FourLetterWordMain@94] - connecting to 127.0.0.1 30110
2021-11-08 11:14:26,279 [myid:1] - WARN  [nioEventLoopGroup-47-4:NettyServerCnxnFactory$CnxnChannelHandler@231] - Zookeeper server is not running, close the connection before starting the TLS handshake
2021-11-08 11:14:26,529 [myid:] - INFO  [main:FourLetterWordMain@94] - connecting to 127.0.0.1 30110
2021-11-08 11:14:26,529 [myid:1] - WARN  [nioEventLoopGroup-47-5:NettyServerCnxnFactory$CnxnChannelHandler@231] - Zookeeper server is not running, close the connection before starting the TLS handshake
2021-11-08 11:14:26,781 [myid:] - INFO  [main:FourLetterWordMain@94] - connecting to 127.0.0.1 30110
2021-11-08 11:14:26,782 [myid:1] - WARN  [nioEventLoopGroup-47-6:NettyServerCnxnFactory$CnxnChannelHandler@231] - Zookeeper server is not running, close the connection before starting the TLS handshake
2021-11-08 11:14:27,034 [myid:] - INFO  [main:FourLetterWordMain@94] - connecting to 127.0.0.1 30110
2021-11-08 11:14:27,035 [myid:1] - WARN  [nioEventLoopGroup-47-7:NettyServerCnxnFactory$CnxnChannelHandler@231] - Zookeeper server is not running, close the connection before starting the TLS handshake
2021-11-08 11:14:27,039 [myid:] - INFO  [main:ClientBase@267] - server 127.0.0.1:30110 not up
java.net.SocketException: Software caused connection abort: recv failed
	at java.net.SocketInputStream.socketRead0(Native Method)
	at java.net.SocketInputStream.read(SocketInputStream.java:150)
	at java.net.SocketInputStream.read(SocketInputStream.java:121)
	at sun.nio.cs.StreamDecoder.readBytes(StreamDecoder.java:284)
	at sun.nio.cs.StreamDecoder.implRead(StreamDecoder.java:326)
	at sun.nio.cs.StreamDecoder.read(StreamDecoder.java:178)
	at java.io.InputStreamReader.read(InputStreamReader.java:184)
	at java.io.BufferedReader.fill(BufferedReader.java:161)
	at java.io.BufferedReader.readLine(BufferedReader.java:324)
	at java.io.BufferedReader.readLine(BufferedReader.java:389)
	at org.apache.zookeeper.client.FourLetterWordMain.send4LetterWord(FourLetterWordMain.java:129)
	at org.apache.zookeeper.client.FourLetterWordMain.send4LetterWord(FourLetterWordMain.java:74)
	at org.apache.zookeeper.test.ClientBase.waitForServerUp(ClientBase.java:258)
	at org.apache.zookeeper.test.ClientBase.waitForServerUp(ClientBase.java:249)
	at org.apache.zookeeper.server.quorum.QuorumSSLTest.testHostnameVerification(QuorumSSLTest.java:671)
	at org.apache.zookeeper.server.quorum.QuorumSSLTest.testHostnameVerificationWithValidIpAddressAndInvalidHostname(QuorumSSLTest.java:654)
	at sun.reflect.NativeMethodAccessorImpl.invoke0(Native Method)
	at sun.reflect.NativeMethodAccessorImpl.invoke(NativeMethodAccessorImpl.java:62)
	at sun.reflect.DelegatingMethodAccessorImpl.invoke(DelegatingMethodAccessorImpl.java:43)
	at java.lang.reflect.Method.invoke(Method.java:483)
	at org.junit.platform.commons.util.ReflectionUtils.invokeMethod(ReflectionUtils.java:686)
	at org.junit.jupiter.engine.execution.MethodInvocation.proceed(MethodInvocation.java:60)
	at org.junit.jupiter.engine.execution.InvocationInterceptorChain$ValidatingInvocation.proceed(InvocationInterceptorChain.java:131)
	at org.junit.jupiter.engine.extension.TimeoutInvocation.proceed(TimeoutInvocation.java:46)
	at org.junit.jupiter.engine.extension.TimeoutExtension.intercept(TimeoutExtension.java:149)
	at org.junit.jupiter.engine.extension.TimeoutExtension.interceptTestableMethod(TimeoutExtension.java:140)
	at org.junit.jupiter.engine.extension.TimeoutExtension.interceptTestMethod(TimeoutExtension.java:84)
	at org.junit.jupiter.engine.descriptor.TestMethodTestDescriptor$$Lambda$111/1780132728.apply(Unknown Source)
	at org.junit.jupiter.engine.execution.ExecutableInvoker$ReflectiveInterceptorCall.lambda$ofVoidMethod$0(ExecutableInvoker.java:115)
	at org.junit.jupiter.engine.execution.ExecutableInvoker$ReflectiveInterceptorCall$$Lambda$112/1725017993.apply(Unknown Source)
	at org.junit.jupiter.engine.execution.ExecutableInvoker.lambda$invoke$0(ExecutableInvoker.java:105)
	at org.junit.jupiter.engine.execution.ExecutableInvoker$$Lambda$234/64133603.apply(Unknown Source)
	at org.junit.jupiter.engine.execution.InvocationInterceptorChain$InterceptedInvocation.proceed(InvocationInterceptorChain.java:106)
	at org.junit.jupiter.engine.execution.InvocationInterceptorChain.proceed(InvocationInterceptorChain.java:64)
	at org.junit.jupiter.engine.execution.InvocationInterceptorChain.chainAndInvoke(InvocationInterceptorChain.java:45)
	at org.junit.jupiter.engine.execution.InvocationInterceptorChain.invoke(InvocationInterceptorChain.java:37)
	at org.junit.jupiter.engine.execution.ExecutableInvoker.invoke(ExecutableInvoker.java:104)
	at org.junit.jupiter.engine.execution.ExecutableInvoker.invoke(ExecutableInvoker.java:98)
	at org.junit.jupiter.engine.descriptor.TestMethodTestDescriptor.lambda$invokeTestMethod$6(TestMethodTestDescriptor.java:212)
	at org.junit.jupiter.engine.descriptor.TestMethodTestDescriptor$$Lambda$271/224100622.execute(Unknown Source)
	at org.junit.platform.engine.support.hierarchical.ThrowableCollector.execute(ThrowableCollector.java:73)
	at org.junit.jupiter.engine.descriptor.TestMethodTestDescriptor.invokeTestMethod(TestMethodTestDescriptor.java:208)
	at org.junit.jupiter.engine.descriptor.TestMethodTestDescriptor.execute(TestMethodTestDescriptor.java:137)
	at org.junit.jupiter.engine.descriptor.TestMethodTestDescriptor.execute(TestMethodTestDescriptor.java:71)
	at org.junit.platform.engine.support.hierarchical.NodeTestTask.lambda$executeRecursively$5(NodeTestTask.java:135)
	at org.junit.platform.engine.support.hierarchical.NodeTestTask$$Lambda$179/195615004.execute(Unknown Source)
	at org.junit.platform.engine.support.hierarchical.ThrowableCollector.execute(ThrowableCollector.java:73)
	at org.junit.platform.engine.support.hierarchical.NodeTestTask.lambda$executeRecursively$7(NodeTestTask.java:125)
	at org.junit.platform.engine.support.hierarchical.NodeTestTask$$Lambda$178/1890627974.invoke(Unknown Source)
	at org.junit.platform.engine.support.hierarchical.Node.around(Node.java:135)
	at org.junit.platform.engine.support.hierarchical.NodeTestTask.lambda$executeRecursively$8(NodeTestTask.java:123)
	at org.junit.platform.engine.support.hierarchical.NodeTestTask$$Lambda$177/231977479.execute(Unknown Source)
	at org.junit.platform.engine.support.hierarchical.ThrowableCollector.execute(ThrowableCollector.java:73)
	at org.junit.platform.engine.support.hierarchical.NodeTestTask.executeRecursively(NodeTestTask.java:122)
	at org.junit.platform.engine.support.hierarchical.NodeTestTask.execute(NodeTestTask.java:80)
	at org.junit.platform.engine.support.hierarchical.SameThreadHierarchicalTestExecutorService$$Lambda$183/1381713434.accept(Unknown Source)
	at java.util.ArrayList.forEach(ArrayList.java:1249)
	at org.junit.platform.engine.support.hierarchical.SameThreadHierarchicalTestExecutorService.invokeAll(SameThreadHierarchicalTestExecutorService.java:38)
	at org.junit.platform.engine.support.hierarchical.NodeTestTask.lambda$executeRecursively$5(NodeTestTask.java:139)
	at org.junit.platform.engine.support.hierarchical.NodeTestTask$$Lambda$179/195615004.execute(Unknown Source)
	at org.junit.platform.engine.support.hierarchical.ThrowableCollector.execute(ThrowableCollector.java:73)
	at org.junit.platform.engine.support.hierarchical.NodeTestTask.lambda$executeRecursively$7(NodeTestTask.java:125)
	at org.junit.platform.engine.support.hierarchical.NodeTestTask$$Lambda$178/1890627974.invoke(Unknown Source)
	at org.junit.platform.engine.support.hierarchical.Node.around(Node.java:135)
	at org.junit.platform.engine.support.hierarchical.NodeTestTask.lambda$executeRecursively$8(NodeTestTask.java:123)
	at org.junit.platform.engine.support.hierarchical.NodeTestTask$$Lambda$177/231977479.execute(Unknown Source)
	at org.junit.platform.engine.support.hierarchical.ThrowableCollector.execute(ThrowableCollector.java:73)
	at org.junit.platform.engine.support.hierarchical.NodeTestTask.executeRecursively(NodeTestTask.java:122)
	at org.junit.platform.engine.support.hierarchical.NodeTestTask.execute(NodeTestTask.java:80)
	at org.junit.platform.engine.support.hierarchical.SameThreadHierarchicalTestExecutorService$$Lambda$183/1381713434.accept(Unknown Source)
	at java.util.ArrayList.forEach(ArrayList.java:1249)
	at org.junit.platform.engine.support.hierarchical.SameThreadHierarchicalTestExecutorService.invokeAll(SameThreadHierarchicalTestExecutorService.java:38)
	at org.junit.platform.engine.support.hierarchical.NodeTestTask.lambda$executeRecursively$5(NodeTestTask.java:139)
	at org.junit.platform.engine.support.hierarchical.NodeTestTask$$Lambda$179/195615004.execute(Unknown Source)
	at org.junit.platform.engine.support.hierarchical.ThrowableCollector.execute(ThrowableCollector.java:73)
	at org.junit.platform.engine.support.hierarchical.NodeTestTask.lambda$executeRecursively$7(NodeTestTask.java:125)
	at org.junit.platform.engine.support.hierarchical.NodeTestTask$$Lambda$178/1890627974.invoke(Unknown Source)
	at org.junit.platform.engine.support.hierarchical.Node.around(Node.java:135)
	at org.junit.platform.engine.support.hierarchical.NodeTestTask.lambda$executeRecursively$8(NodeTestTask.java:123)
	at org.junit.platform.engine.support.hierarchical.NodeTestTask$$Lambda$177/231977479.execute(Unknown Source)
	at org.junit.platform.engine.support.hierarchical.ThrowableCollector.execute(ThrowableCollector.java:73)
	at org.junit.platform.engine.support.hierarchical.NodeTestTask.executeRecursively(NodeTestTask.java:122)
	at org.junit.platform.engine.support.hierarchical.NodeTestTask.execute(NodeTestTask.java:80)
	at org.junit.platform.engine.support.hierarchical.SameThreadHierarchicalTestExecutorService.submit(SameThreadHierarchicalTestExecutorService.java:32)
	at org.junit.platform.engine.support.hierarchical.HierarchicalTestExecutor.execute(HierarchicalTestExecutor.java:57)
	at org.junit.platform.engine.support.hierarchical.HierarchicalTestEngine.execute(HierarchicalTestEngine.java:51)
	at org.junit.platform.launcher.core.DefaultLauncher.execute(DefaultLauncher.java:248)
	at org.junit.platform.launcher.core.DefaultLauncher.lambda$execute$5(DefaultLauncher.java:211)
	at org.junit.platform.launcher.core.DefaultLauncher$$Lambda$143/233996206.accept(Unknown Source)
	at org.junit.platform.launcher.core.DefaultLauncher.withInterceptedStreams(DefaultLauncher.java:226)
	at org.junit.platform.launcher.core.DefaultLauncher.execute(DefaultLauncher.java:199)
	at org.junit.platform.launcher.core.DefaultLauncher.execute(DefaultLauncher.java:132)
	at org.apache.maven.surefire.junitplatform.JUnitPlatformProvider.invokeAllTests(JUnitPlatformProvider.java:142)
	at org.apache.maven.surefire.junitplatform.JUnitPlatformProvider.invoke(JUnitPlatformProvider.java:113)
	at org.apache.maven.surefire.booter.ForkedBooter.invokeProviderInSameClassLoader(ForkedBooter.java:384)
	at org.apache.maven.surefire.booter.ForkedBooter.runSuitesInProcess(ForkedBooter.java:345)
	at org.apache.maven.surefire.booter.ForkedBooter.execute(ForkedBooter.java:126)
	at org.apache.maven.surefire.booter.ForkedBooter.main(ForkedBooter.java:418)
2021-11-08 11:14:27,301 [myid:] - INFO  [main:FourLetterWordMain@94] - connecting to 127.0.0.1 30110
2021-11-08 11:14:27,302 [myid:1] - WARN  [nioEventLoopGroup-47-8:NettyServerCnxnFactory$CnxnChannelHandler@231] - Zookeeper server is not running, close the connection before starting the TLS handshake
2021-11-08 11:14:27,566 [myid:] - INFO  [main:FourLetterWordMain@94] - connecting to 127.0.0.1 30110
2021-11-08 11:14:27,566 [myid:1] - WARN  [nioEventLoopGroup-47-9:NettyServerCnxnFactory$CnxnChannelHandler@231] - Zookeeper server is not running, close the connection before starting the TLS handshake
2021-11-08 11:14:27,818 [myid:] - INFO  [main:FourLetterWordMain@94] - connecting to 127.0.0.1 30110
2021-11-08 11:14:27,819 [myid:1] - WARN  [nioEventLoopGroup-47-10:NettyServerCnxnFactory$CnxnChannelHandler@231] - Zookeeper server is not running, close the connection before starting the TLS handshake
2021-11-08 11:14:27,819 [myid:] - INFO  [main:ClientBase@267] - server 127.0.0.1:30110 not up
java.net.SocketException: Software caused connection abort: recv failed
	at java.net.SocketInputStream.socketRead0(Native Method)
	at java.net.SocketInputStream.read(SocketInputStream.java:150)
	at java.net.SocketInputStream.read(SocketInputStream.java:121)
	at sun.nio.cs.StreamDecoder.readBytes(StreamDecoder.java:284)
	at sun.nio.cs.StreamDecoder.implRead(StreamDecoder.java:326)
	at sun.nio.cs.StreamDecoder.read(StreamDecoder.java:178)
	at java.io.InputStreamReader.read(InputStreamReader.java:184)
	at java.io.BufferedReader.fill(BufferedReader.java:161)
	at java.io.BufferedReader.readLine(BufferedReader.java:324)
	at java.io.BufferedReader.readLine(BufferedReader.java:389)
	at org.apache.zookeeper.client.FourLetterWordMain.send4LetterWord(FourLetterWordMain.java:129)
	at org.apache.zookeeper.client.FourLetterWordMain.send4LetterWord(FourLetterWordMain.java:74)
	at org.apache.zookeeper.test.ClientBase.waitForServerUp(ClientBase.java:258)
	at org.apache.zookeeper.test.ClientBase.waitForServerUp(ClientBase.java:249)
	at org.apache.zookeeper.server.quorum.QuorumSSLTest.testHostnameVerification(QuorumSSLTest.java:671)
	at org.apache.zookeeper.server.quorum.QuorumSSLTest.testHostnameVerificationWithValidIpAddressAndInvalidHostname(QuorumSSLTest.java:654)
	at sun.reflect.NativeMethodAccessorImpl.invoke0(Native Method)
	at sun.reflect.NativeMethodAccessorImpl.invoke(NativeMethodAccessorImpl.java:62)
	at sun.reflect.DelegatingMethodAccessorImpl.invoke(DelegatingMethodAccessorImpl.java:43)
	at java.lang.reflect.Method.invoke(Method.java:483)
	at org.junit.platform.commons.util.ReflectionUtils.invokeMethod(ReflectionUtils.java:686)
	at org.junit.jupiter.engine.execution.MethodInvocation.proceed(MethodInvocation.java:60)
	at org.junit.jupiter.engine.execution.InvocationInterceptorChain$ValidatingInvocation.proceed(InvocationInterceptorChain.java:131)
	at org.junit.jupiter.engine.extension.TimeoutInvocation.proceed(TimeoutInvocation.java:46)
	at org.junit.jupiter.engine.extension.TimeoutExtension.intercept(TimeoutExtension.java:149)
	at org.junit.jupiter.engine.extension.TimeoutExtension.interceptTestableMethod(TimeoutExtension.java:140)
	at org.junit.jupiter.engine.extension.TimeoutExtension.interceptTestMethod(TimeoutExtension.java:84)
	at org.junit.jupiter.engine.descriptor.TestMethodTestDescriptor$$Lambda$111/1780132728.apply(Unknown Source)
	at org.junit.jupiter.engine.execution.ExecutableInvoker$ReflectiveInterceptorCall.lambda$ofVoidMethod$0(ExecutableInvoker.java:115)
	at org.junit.jupiter.engine.execution.ExecutableInvoker$ReflectiveInterceptorCall$$Lambda$112/1725017993.apply(Unknown Source)
	at org.junit.jupiter.engine.execution.ExecutableInvoker.lambda$invoke$0(ExecutableInvoker.java:105)
	at org.junit.jupiter.engine.execution.ExecutableInvoker$$Lambda$234/64133603.apply(Unknown Source)
	at org.junit.jupiter.engine.execution.InvocationInterceptorChain$InterceptedInvocation.proceed(InvocationInterceptorChain.java:106)
	at org.junit.jupiter.engine.execution.InvocationInterceptorChain.proceed(InvocationInterceptorChain.java:64)
	at org.junit.jupiter.engine.execution.InvocationInterceptorChain.chainAndInvoke(InvocationInterceptorChain.java:45)
	at org.junit.jupiter.engine.execution.InvocationInterceptorChain.invoke(InvocationInterceptorChain.java:37)
	at org.junit.jupiter.engine.execution.ExecutableInvoker.invoke(ExecutableInvoker.java:104)
	at org.junit.jupiter.engine.execution.ExecutableInvoker.invoke(ExecutableInvoker.java:98)
	at org.junit.jupiter.engine.descriptor.TestMethodTestDescriptor.lambda$invokeTestMethod$6(TestMethodTestDescriptor.java:212)
	at org.junit.jupiter.engine.descriptor.TestMethodTestDescriptor$$Lambda$271/224100622.execute(Unknown Source)
	at org.junit.platform.engine.support.hierarchical.ThrowableCollector.execute(ThrowableCollector.java:73)
	at org.junit.jupiter.engine.descriptor.TestMethodTestDescriptor.invokeTestMethod(TestMethodTestDescriptor.java:208)
	at org.junit.jupiter.engine.descriptor.TestMethodTestDescriptor.execute(TestMethodTestDescriptor.java:137)
	at org.junit.jupiter.engine.descriptor.TestMethodTestDescriptor.execute(TestMethodTestDescriptor.java:71)
	at org.junit.platform.engine.support.hierarchical.NodeTestTask.lambda$executeRecursively$5(NodeTestTask.java:135)
	at org.junit.platform.engine.support.hierarchical.NodeTestTask$$Lambda$179/195615004.execute(Unknown Source)
	at org.junit.platform.engine.support.hierarchical.ThrowableCollector.execute(ThrowableCollector.java:73)
	at org.junit.platform.engine.support.hierarchical.NodeTestTask.lambda$executeRecursively$7(NodeTestTask.java:125)
	at org.junit.platform.engine.support.hierarchical.NodeTestTask$$Lambda$178/1890627974.invoke(Unknown Source)
	at org.junit.platform.engine.support.hierarchical.Node.around(Node.java:135)
	at org.junit.platform.engine.support.hierarchical.NodeTestTask.lambda$executeRecursively$8(NodeTestTask.java:123)
	at org.junit.platform.engine.support.hierarchical.NodeTestTask$$Lambda$177/231977479.execute(Unknown Source)
	at org.junit.platform.engine.support.hierarchical.ThrowableCollector.execute(ThrowableCollector.java:73)
	at org.junit.platform.engine.support.hierarchical.NodeTestTask.executeRecursively(NodeTestTask.java:122)
	at org.junit.platform.engine.support.hierarchical.NodeTestTask.execute(NodeTestTask.java:80)
	at org.junit.platform.engine.support.hierarchical.SameThreadHierarchicalTestExecutorService$$Lambda$183/1381713434.accept(Unknown Source)
	at java.util.ArrayList.forEach(ArrayList.java:1249)
	at org.junit.platform.engine.support.hierarchical.SameThreadHierarchicalTestExecutorService.invokeAll(SameThreadHierarchicalTestExecutorService.java:38)
	at org.junit.platform.engine.support.hierarchical.NodeTestTask.lambda$executeRecursively$5(NodeTestTask.java:139)
	at org.junit.platform.engine.support.hierarchical.NodeTestTask$$Lambda$179/195615004.execute(Unknown Source)
	at org.junit.platform.engine.support.hierarchical.ThrowableCollector.execute(ThrowableCollector.java:73)
	at org.junit.platform.engine.support.hierarchical.NodeTestTask.lambda$executeRecursively$7(NodeTestTask.java:125)
	at org.junit.platform.engine.support.hierarchical.NodeTestTask$$Lambda$178/1890627974.invoke(Unknown Source)
	at org.junit.platform.engine.support.hierarchical.Node.around(Node.java:135)
	at org.junit.platform.engine.support.hierarchical.NodeTestTask.lambda$executeRecursively$8(NodeTestTask.java:123)
	at org.junit.platform.engine.support.hierarchical.NodeTestTask$$Lambda$177/231977479.execute(Unknown Source)
	at org.junit.platform.engine.support.hierarchical.ThrowableCollector.execute(ThrowableCollector.java:73)
	at org.junit.platform.engine.support.hierarchical.NodeTestTask.executeRecursively(NodeTestTask.java:122)
	at org.junit.platform.engine.support.hierarchical.NodeTestTask.execute(NodeTestTask.java:80)
	at org.junit.platform.engine.support.hierarchical.SameThreadHierarchicalTestExecutorService$$Lambda$183/1381713434.accept(Unknown Source)
	at java.util.ArrayList.forEach(ArrayList.java:1249)
	at org.junit.platform.engine.support.hierarchical.SameThreadHierarchicalTestExecutorService.invokeAll(SameThreadHierarchicalTestExecutorService.java:38)
	at org.junit.platform.engine.support.hierarchical.NodeTestTask.lambda$executeRecursively$5(NodeTestTask.java:139)
	at org.junit.platform.engine.support.hierarchical.NodeTestTask$$Lambda$179/195615004.execute(Unknown Source)
	at org.junit.platform.engine.support.hierarchical.ThrowableCollector.execute(ThrowableCollector.java:73)
	at org.junit.platform.engine.support.hierarchical.NodeTestTask.lambda$executeRecursively$7(NodeTestTask.java:125)
	at org.junit.platform.engine.support.hierarchical.NodeTestTask$$Lambda$178/1890627974.invoke(Unknown Source)
	at org.junit.platform.engine.support.hierarchical.Node.around(Node.java:135)
	at org.junit.platform.engine.support.hierarchical.NodeTestTask.lambda$executeRecursively$8(NodeTestTask.java:123)
	at org.junit.platform.engine.support.hierarchical.NodeTestTask$$Lambda$177/231977479.execute(Unknown Source)
	at org.junit.platform.engine.support.hierarchical.ThrowableCollector.execute(ThrowableCollector.java:73)
	at org.junit.platform.engine.support.hierarchical.NodeTestTask.executeRecursively(NodeTestTask.java:122)
	at org.junit.platform.engine.support.hierarchical.NodeTestTask.execute(NodeTestTask.java:80)
	at org.junit.platform.engine.support.hierarchical.SameThreadHierarchicalTestExecutorService.submit(SameThreadHierarchicalTestExecutorService.java:32)
	at org.junit.platform.engine.support.hierarchical.HierarchicalTestExecutor.execute(HierarchicalTestExecutor.java:57)
	at org.junit.platform.engine.support.hierarchical.HierarchicalTestEngine.execute(HierarchicalTestEngine.java:51)
	at org.junit.platform.launcher.core.DefaultLauncher.execute(DefaultLauncher.java:248)
	at org.junit.platform.launcher.core.DefaultLauncher.lambda$execute$5(DefaultLauncher.java:211)
	at org.junit.platform.launcher.core.DefaultLauncher$$Lambda$143/233996206.accept(Unknown Source)
	at org.junit.platform.launcher.core.DefaultLauncher.withInterceptedStreams(DefaultLauncher.java:226)
	at org.junit.platform.launcher.core.DefaultLauncher.execute(DefaultLauncher.java:199)
	at org.junit.platform.launcher.core.DefaultLauncher.execute(DefaultLauncher.java:132)
	at org.apache.maven.surefire.junitplatform.JUnitPlatformProvider.invokeAllTests(JUnitPlatformProvider.java:142)
	at org.apache.maven.surefire.junitplatform.JUnitPlatformProvider.invoke(JUnitPlatformProvider.java:113)
	at org.apache.maven.surefire.booter.ForkedBooter.invokeProviderInSameClassLoader(ForkedBooter.java:384)
	at org.apache.maven.surefire.booter.ForkedBooter.runSuitesInProcess(ForkedBooter.java:345)
	at org.apache.maven.surefire.booter.ForkedBooter.execute(ForkedBooter.java:126)
	at org.apache.maven.surefire.booter.ForkedBooter.main(ForkedBooter.java:418)
2021-11-08 11:14:28,070 [myid:] - INFO  [main:FourLetterWordMain@94] - connecting to 127.0.0.1 30110
2021-11-08 11:14:28,071 [myid:1] - WARN  [nioEventLoopGroup-47-11:NettyServerCnxnFactory$CnxnChannelHandler@231] - Zookeeper server is not running, close the connection before starting the TLS handshake
2021-11-08 11:14:28,294 [myid:1] - INFO  [QuorumPeer[myid=1](plain=[0:0:0:0:0:0:0:0]:30110)(secure=disabled):FastLeaderElection@984] - Notification time out: 12800
2021-11-08 11:14:28,326 [myid:] - INFO  [main:FourLetterWordMain@94] - connecting to 127.0.0.1 30110
2021-11-08 11:14:28,327 [myid:1] - WARN  [nioEventLoopGroup-47-12:NettyServerCnxnFactory$CnxnChannelHandler@231] - Zookeeper server is not running, close the connection before starting the TLS handshake
2021-11-08 11:14:28,375 [myid:2] - INFO  [QuorumPeer[myid=2](plain=[0:0:0:0:0:0:0:0]:30111)(secure=disabled):FastLeaderElection@984] - Notification time out: 12800
2021-11-08 11:14:28,591 [myid:] - INFO  [main:FourLetterWordMain@94] - connecting to 127.0.0.1 30110
2021-11-08 11:14:28,592 [myid:1] - WARN  [nioEventLoopGroup-47-1:NettyServerCnxnFactory$CnxnChannelHandler@231] - Zookeeper server is not running, close the connection before starting the TLS handshake
2021-11-08 11:14:28,592 [myid:] - INFO  [main:ClientBase@267] - server 127.0.0.1:30110 not up
java.net.SocketException: Software caused connection abort: recv failed
	at java.net.SocketInputStream.socketRead0(Native Method)
	at java.net.SocketInputStream.read(SocketInputStream.java:150)
	at java.net.SocketInputStream.read(SocketInputStream.java:121)
	at sun.nio.cs.StreamDecoder.readBytes(StreamDecoder.java:284)
	at sun.nio.cs.StreamDecoder.implRead(StreamDecoder.java:326)
	at sun.nio.cs.StreamDecoder.read(StreamDecoder.java:178)
	at java.io.InputStreamReader.read(InputStreamReader.java:184)
	at java.io.BufferedReader.fill(BufferedReader.java:161)
	at java.io.BufferedReader.readLine(BufferedReader.java:324)
	at java.io.BufferedReader.readLine(BufferedReader.java:389)
	at org.apache.zookeeper.client.FourLetterWordMain.send4LetterWord(FourLetterWordMain.java:129)
	at org.apache.zookeeper.client.FourLetterWordMain.send4LetterWord(FourLetterWordMain.java:74)
	at org.apache.zookeeper.test.ClientBase.waitForServerUp(ClientBase.java:258)
	at org.apache.zookeeper.test.ClientBase.waitForServerUp(ClientBase.java:249)
	at org.apache.zookeeper.server.quorum.QuorumSSLTest.testHostnameVerification(QuorumSSLTest.java:671)
	at org.apache.zookeeper.server.quorum.QuorumSSLTest.testHostnameVerificationWithValidIpAddressAndInvalidHostname(QuorumSSLTest.java:654)
	at sun.reflect.NativeMethodAccessorImpl.invoke0(Native Method)
	at sun.reflect.NativeMethodAccessorImpl.invoke(NativeMethodAccessorImpl.java:62)
	at sun.reflect.DelegatingMethodAccessorImpl.invoke(DelegatingMethodAccessorImpl.java:43)
	at java.lang.reflect.Method.invoke(Method.java:483)
	at org.junit.platform.commons.util.ReflectionUtils.invokeMethod(ReflectionUtils.java:686)
	at org.junit.jupiter.engine.execution.MethodInvocation.proceed(MethodInvocation.java:60)
	at org.junit.jupiter.engine.execution.InvocationInterceptorChain$ValidatingInvocation.proceed(InvocationInterceptorChain.java:131)
	at org.junit.jupiter.engine.extension.TimeoutInvocation.proceed(TimeoutInvocation.java:46)
	at org.junit.jupiter.engine.extension.TimeoutExtension.intercept(TimeoutExtension.java:149)
	at org.junit.jupiter.engine.extension.TimeoutExtension.interceptTestableMethod(TimeoutExtension.java:140)
	at org.junit.jupiter.engine.extension.TimeoutExtension.interceptTestMethod(TimeoutExtension.java:84)
	at org.junit.jupiter.engine.descriptor.TestMethodTestDescriptor$$Lambda$111/1780132728.apply(Unknown Source)
	at org.junit.jupiter.engine.execution.ExecutableInvoker$ReflectiveInterceptorCall.lambda$ofVoidMethod$0(ExecutableInvoker.java:115)
	at org.junit.jupiter.engine.execution.ExecutableInvoker$ReflectiveInterceptorCall$$Lambda$112/1725017993.apply(Unknown Source)
	at org.junit.jupiter.engine.execution.ExecutableInvoker.lambda$invoke$0(ExecutableInvoker.java:105)
	at org.junit.jupiter.engine.execution.ExecutableInvoker$$Lambda$234/64133603.apply(Unknown Source)
	at org.junit.jupiter.engine.execution.InvocationInterceptorChain$InterceptedInvocation.proceed(InvocationInterceptorChain.java:106)
	at org.junit.jupiter.engine.execution.InvocationInterceptorChain.proceed(InvocationInterceptorChain.java:64)
	at org.junit.jupiter.engine.execution.InvocationInterceptorChain.chainAndInvoke(InvocationInterceptorChain.java:45)
	at org.junit.jupiter.engine.execution.InvocationInterceptorChain.invoke(InvocationInterceptorChain.java:37)
	at org.junit.jupiter.engine.execution.ExecutableInvoker.invoke(ExecutableInvoker.java:104)
	at org.junit.jupiter.engine.execution.ExecutableInvoker.invoke(ExecutableInvoker.java:98)
	at org.junit.jupiter.engine.descriptor.TestMethodTestDescriptor.lambda$invokeTestMethod$6(TestMethodTestDescriptor.java:212)
	at org.junit.jupiter.engine.descriptor.TestMethodTestDescriptor$$Lambda$271/224100622.execute(Unknown Source)
	at org.junit.platform.engine.support.hierarchical.ThrowableCollector.execute(ThrowableCollector.java:73)
	at org.junit.jupiter.engine.descriptor.TestMethodTestDescriptor.invokeTestMethod(TestMethodTestDescriptor.java:208)
	at org.junit.jupiter.engine.descriptor.TestMethodTestDescriptor.execute(TestMethodTestDescriptor.java:137)
	at org.junit.jupiter.engine.descriptor.TestMethodTestDescriptor.execute(TestMethodTestDescriptor.java:71)
	at org.junit.platform.engine.support.hierarchical.NodeTestTask.lambda$executeRecursively$5(NodeTestTask.java:135)
	at org.junit.platform.engine.support.hierarchical.NodeTestTask$$Lambda$179/195615004.execute(Unknown Source)
	at org.junit.platform.engine.support.hierarchical.ThrowableCollector.execute(ThrowableCollector.java:73)
	at org.junit.platform.engine.support.hierarchical.NodeTestTask.lambda$executeRecursively$7(NodeTestTask.java:125)
	at org.junit.platform.engine.support.hierarchical.NodeTestTask$$Lambda$178/1890627974.invoke(Unknown Source)
	at org.junit.platform.engine.support.hierarchical.Node.around(Node.java:135)
	at org.junit.platform.engine.support.hierarchical.NodeTestTask.lambda$executeRecursively$8(NodeTestTask.java:123)
	at org.junit.platform.engine.support.hierarchical.NodeTestTask$$Lambda$177/231977479.execute(Unknown Source)
	at org.junit.platform.engine.support.hierarchical.ThrowableCollector.execute(ThrowableCollector.java:73)
	at org.junit.platform.engine.support.hierarchical.NodeTestTask.executeRecursively(NodeTestTask.java:122)
	at org.junit.platform.engine.support.hierarchical.NodeTestTask.execute(NodeTestTask.java:80)
	at org.junit.platform.engine.support.hierarchical.SameThreadHierarchicalTestExecutorService$$Lambda$183/1381713434.accept(Unknown Source)
	at java.util.ArrayList.forEach(ArrayList.java:1249)
	at org.junit.platform.engine.support.hierarchical.SameThreadHierarchicalTestExecutorService.invokeAll(SameThreadHierarchicalTestExecutorService.java:38)
	at org.junit.platform.engine.support.hierarchical.NodeTestTask.lambda$executeRecursively$5(NodeTestTask.java:139)
	at org.junit.platform.engine.support.hierarchical.NodeTestTask$$Lambda$179/195615004.execute(Unknown Source)
	at org.junit.platform.engine.support.hierarchical.ThrowableCollector.execute(ThrowableCollector.java:73)
	at org.junit.platform.engine.support.hierarchical.NodeTestTask.lambda$executeRecursively$7(NodeTestTask.java:125)
	at org.junit.platform.engine.support.hierarchical.NodeTestTask$$Lambda$178/1890627974.invoke(Unknown Source)
	at org.junit.platform.engine.support.hierarchical.Node.around(Node.java:135)
	at org.junit.platform.engine.support.hierarchical.NodeTestTask.lambda$executeRecursively$8(NodeTestTask.java:123)
	at org.junit.platform.engine.support.hierarchical.NodeTestTask$$Lambda$177/231977479.execute(Unknown Source)
	at org.junit.platform.engine.support.hierarchical.ThrowableCollector.execute(ThrowableCollector.java:73)
	at org.junit.platform.engine.support.hierarchical.NodeTestTask.executeRecursively(NodeTestTask.java:122)
	at org.junit.platform.engine.support.hierarchical.NodeTestTask.execute(NodeTestTask.java:80)
	at org.junit.platform.engine.support.hierarchical.SameThreadHierarchicalTestExecutorService$$Lambda$183/1381713434.accept(Unknown Source)
	at java.util.ArrayList.forEach(ArrayList.java:1249)
	at org.junit.platform.engine.support.hierarchical.SameThreadHierarchicalTestExecutorService.invokeAll(SameThreadHierarchicalTestExecutorService.java:38)
	at org.junit.platform.engine.support.hierarchical.NodeTestTask.lambda$executeRecursively$5(NodeTestTask.java:139)
	at org.junit.platform.engine.support.hierarchical.NodeTestTask$$Lambda$179/195615004.execute(Unknown Source)
	at org.junit.platform.engine.support.hierarchical.ThrowableCollector.execute(ThrowableCollector.java:73)
	at org.junit.platform.engine.support.hierarchical.NodeTestTask.lambda$executeRecursively$7(NodeTestTask.java:125)
	at org.junit.platform.engine.support.hierarchical.NodeTestTask$$Lambda$178/1890627974.invoke(Unknown Source)
	at org.junit.platform.engine.support.hierarchical.Node.around(Node.java:135)
	at org.junit.platform.engine.support.hierarchical.NodeTestTask.lambda$executeRecursively$8(NodeTestTask.java:123)
	at org.junit.platform.engine.support.hierarchical.NodeTestTask$$Lambda$177/231977479.execute(Unknown Source)
	at org.junit.platform.engine.support.hierarchical.ThrowableCollector.execute(ThrowableCollector.java:73)
	at org.junit.platform.engine.support.hierarchical.NodeTestTask.executeRecursively(NodeTestTask.java:122)
	at org.junit.platform.engine.support.hierarchical.NodeTestTask.execute(NodeTestTask.java:80)
	at org.junit.platform.engine.support.hierarchical.SameThreadHierarchicalTestExecutorService.submit(SameThreadHierarchicalTestExecutorService.java:32)
	at org.junit.platform.engine.support.hierarchical.HierarchicalTestExecutor.execute(HierarchicalTestExecutor.java:57)
	at org.junit.platform.engine.support.hierarchical.HierarchicalTestEngine.execute(HierarchicalTestEngine.java:51)
	at org.junit.platform.launcher.core.DefaultLauncher.execute(DefaultLauncher.java:248)
	at org.junit.platform.launcher.core.DefaultLauncher.lambda$execute$5(DefaultLauncher.java:211)
	at org.junit.platform.launcher.core.DefaultLauncher$$Lambda$143/233996206.accept(Unknown Source)
	at org.junit.platform.launcher.core.DefaultLauncher.withInterceptedStreams(DefaultLauncher.java:226)
	at org.junit.platform.launcher.core.DefaultLauncher.execute(DefaultLauncher.java:199)
	at org.junit.platform.launcher.core.DefaultLauncher.execute(DefaultLauncher.java:132)
	at org.apache.maven.surefire.junitplatform.JUnitPlatformProvider.invokeAllTests(JUnitPlatformProvider.java:142)
	at org.apache.maven.surefire.junitplatform.JUnitPlatformProvider.invoke(JUnitPlatformProvider.java:113)
	at org.apache.maven.surefire.booter.ForkedBooter.invokeProviderInSameClassLoader(ForkedBooter.java:384)
	at org.apache.maven.surefire.booter.ForkedBooter.runSuitesInProcess(ForkedBooter.java:345)
	at org.apache.maven.surefire.booter.ForkedBooter.execute(ForkedBooter.java:126)
	at org.apache.maven.surefire.booter.ForkedBooter.main(ForkedBooter.java:418)
2021-11-08 11:14:28,854 [myid:] - INFO  [main:FourLetterWordMain@94] - connecting to 127.0.0.1 30110
2021-11-08 11:14:28,855 [myid:1] - WARN  [nioEventLoopGroup-47-2:NettyServerCnxnFactory$CnxnChannelHandler@231] - Zookeeper server is not running, close the connection before starting the TLS handshake
2021-11-08 11:14:29,120 [myid:] - INFO  [main:FourLetterWordMain@94] - connecting to 127.0.0.1 30110
2021-11-08 11:14:29,121 [myid:1] - WARN  [nioEventLoopGroup-47-3:NettyServerCnxnFactory$CnxnChannelHandler@231] - Zookeeper server is not running, close the connection before starting the TLS handshake
2021-11-08 11:14:29,374 [myid:] - INFO  [main:FourLetterWordMain@94] - connecting to 127.0.0.1 30110
2021-11-08 11:14:29,374 [myid:1] - WARN  [nioEventLoopGroup-47-4:NettyServerCnxnFactory$CnxnChannelHandler@231] - Zookeeper server is not running, close the connection before starting the TLS handshake
2021-11-08 11:14:29,625 [myid:] - INFO  [main:FourLetterWordMain@94] - connecting to 127.0.0.1 30110
2021-11-08 11:14:29,626 [myid:1] - WARN  [nioEventLoopGroup-47-5:NettyServerCnxnFactory$CnxnChannelHandler@231] - Zookeeper server is not running, close the connection before starting the TLS handshake
2021-11-08 11:14:29,876 [myid:] - INFO  [main:FourLetterWordMain@94] - connecting to 127.0.0.1 30110
2021-11-08 11:14:29,877 [myid:1] - WARN  [nioEventLoopGroup-47-6:NettyServerCnxnFactory$CnxnChannelHandler@231] - Zookeeper server is not running, close the connection before starting the TLS handshake
2021-11-08 11:14:30,142 [myid:] - INFO  [main:FourLetterWordMain@94] - connecting to 127.0.0.1 30110
2021-11-08 11:14:30,142 [myid:1] - WARN  [nioEventLoopGroup-47-7:NettyServerCnxnFactory$CnxnChannelHandler@231] - Zookeeper server is not running, close the connection before starting the TLS handshake
2021-11-08 11:14:30,157 [myid:] - INFO  [main:ClientBase@267] - server 127.0.0.1:30110 not up
java.net.SocketException: Software caused connection abort: recv failed
	at java.net.SocketInputStream.socketRead0(Native Method)
	at java.net.SocketInputStream.read(SocketInputStream.java:150)
	at java.net.SocketInputStream.read(SocketInputStream.java:121)
	at sun.nio.cs.StreamDecoder.readBytes(StreamDecoder.java:284)
	at sun.nio.cs.StreamDecoder.implRead(StreamDecoder.java:326)
	at sun.nio.cs.StreamDecoder.read(StreamDecoder.java:178)
	at java.io.InputStreamReader.read(InputStreamReader.java:184)
	at java.io.BufferedReader.fill(BufferedReader.java:161)
	at java.io.BufferedReader.readLine(BufferedReader.java:324)
	at java.io.BufferedReader.readLine(BufferedReader.java:389)
	at org.apache.zookeeper.client.FourLetterWordMain.send4LetterWord(FourLetterWordMain.java:129)
	at org.apache.zookeeper.client.FourLetterWordMain.send4LetterWord(FourLetterWordMain.java:74)
	at org.apache.zookeeper.test.ClientBase.waitForServerUp(ClientBase.java:258)
	at org.apache.zookeeper.test.ClientBase.waitForServerUp(ClientBase.java:249)
	at org.apache.zookeeper.server.quorum.QuorumSSLTest.testHostnameVerification(QuorumSSLTest.java:671)
	at org.apache.zookeeper.server.quorum.QuorumSSLTest.testHostnameVerificationWithValidIpAddressAndInvalidHostname(QuorumSSLTest.java:654)
	at sun.reflect.NativeMethodAccessorImpl.invoke0(Native Method)
	at sun.reflect.NativeMethodAccessorImpl.invoke(NativeMethodAccessorImpl.java:62)
	at sun.reflect.DelegatingMethodAccessorImpl.invoke(DelegatingMethodAccessorImpl.java:43)
	at java.lang.reflect.Method.invoke(Method.java:483)
	at org.junit.platform.commons.util.ReflectionUtils.invokeMethod(ReflectionUtils.java:686)
	at org.junit.jupiter.engine.execution.MethodInvocation.proceed(MethodInvocation.java:60)
	at org.junit.jupiter.engine.execution.InvocationInterceptorChain$ValidatingInvocation.proceed(InvocationInterceptorChain.java:131)
	at org.junit.jupiter.engine.extension.TimeoutInvocation.proceed(TimeoutInvocation.java:46)
	at org.junit.jupiter.engine.extension.TimeoutExtension.intercept(TimeoutExtension.java:149)
	at org.junit.jupiter.engine.extension.TimeoutExtension.interceptTestableMethod(TimeoutExtension.java:140)
	at org.junit.jupiter.engine.extension.TimeoutExtension.interceptTestMethod(TimeoutExtension.java:84)
	at org.junit.jupiter.engine.descriptor.TestMethodTestDescriptor$$Lambda$111/1780132728.apply(Unknown Source)
	at org.junit.jupiter.engine.execution.ExecutableInvoker$ReflectiveInterceptorCall.lambda$ofVoidMethod$0(ExecutableInvoker.java:115)
	at org.junit.jupiter.engine.execution.ExecutableInvoker$ReflectiveInterceptorCall$$Lambda$112/1725017993.apply(Unknown Source)
	at org.junit.jupiter.engine.execution.ExecutableInvoker.lambda$invoke$0(ExecutableInvoker.java:105)
	at org.junit.jupiter.engine.execution.ExecutableInvoker$$Lambda$234/64133603.apply(Unknown Source)
	at org.junit.jupiter.engine.execution.InvocationInterceptorChain$InterceptedInvocation.proceed(InvocationInterceptorChain.java:106)
	at org.junit.jupiter.engine.execution.InvocationInterceptorChain.proceed(InvocationInterceptorChain.java:64)
	at org.junit.jupiter.engine.execution.InvocationInterceptorChain.chainAndInvoke(InvocationInterceptorChain.java:45)
	at org.junit.jupiter.engine.execution.InvocationInterceptorChain.invoke(InvocationInterceptorChain.java:37)
	at org.junit.jupiter.engine.execution.ExecutableInvoker.invoke(ExecutableInvoker.java:104)
	at org.junit.jupiter.engine.execution.ExecutableInvoker.invoke(ExecutableInvoker.java:98)
	at org.junit.jupiter.engine.descriptor.TestMethodTestDescriptor.lambda$invokeTestMethod$6(TestMethodTestDescriptor.java:212)
	at org.junit.jupiter.engine.descriptor.TestMethodTestDescriptor$$Lambda$271/224100622.execute(Unknown Source)
	at org.junit.platform.engine.support.hierarchical.ThrowableCollector.execute(ThrowableCollector.java:73)
	at org.junit.jupiter.engine.descriptor.TestMethodTestDescriptor.invokeTestMethod(TestMethodTestDescriptor.java:208)
	at org.junit.jupiter.engine.descriptor.TestMethodTestDescriptor.execute(TestMethodTestDescriptor.java:137)
	at org.junit.jupiter.engine.descriptor.TestMethodTestDescriptor.execute(TestMethodTestDescriptor.java:71)
	at org.junit.platform.engine.support.hierarchical.NodeTestTask.lambda$executeRecursively$5(NodeTestTask.java:135)
	at org.junit.platform.engine.support.hierarchical.NodeTestTask$$Lambda$179/195615004.execute(Unknown Source)
	at org.junit.platform.engine.support.hierarchical.ThrowableCollector.execute(ThrowableCollector.java:73)
	at org.junit.platform.engine.support.hierarchical.NodeTestTask.lambda$executeRecursively$7(NodeTestTask.java:125)
	at org.junit.platform.engine.support.hierarchical.NodeTestTask$$Lambda$178/1890627974.invoke(Unknown Source)
	at org.junit.platform.engine.support.hierarchical.Node.around(Node.java:135)
	at org.junit.platform.engine.support.hierarchical.NodeTestTask.lambda$executeRecursively$8(NodeTestTask.java:123)
	at org.junit.platform.engine.support.hierarchical.NodeTestTask$$Lambda$177/231977479.execute(Unknown Source)
	at org.junit.platform.engine.support.hierarchical.ThrowableCollector.execute(ThrowableCollector.java:73)
	at org.junit.platform.engine.support.hierarchical.NodeTestTask.executeRecursively(NodeTestTask.java:122)
	at org.junit.platform.engine.support.hierarchical.NodeTestTask.execute(NodeTestTask.java:80)
	at org.junit.platform.engine.support.hierarchical.SameThreadHierarchicalTestExecutorService$$Lambda$183/1381713434.accept(Unknown Source)
	at java.util.ArrayList.forEach(ArrayList.java:1249)
	at org.junit.platform.engine.support.hierarchical.SameThreadHierarchicalTestExecutorService.invokeAll(SameThreadHierarchicalTestExecutorService.java:38)
	at org.junit.platform.engine.support.hierarchical.NodeTestTask.lambda$executeRecursively$5(NodeTestTask.java:139)
	at org.junit.platform.engine.support.hierarchical.NodeTestTask$$Lambda$179/195615004.execute(Unknown Source)
	at org.junit.platform.engine.support.hierarchical.ThrowableCollector.execute(ThrowableCollector.java:73)
	at org.junit.platform.engine.support.hierarchical.NodeTestTask.lambda$executeRecursively$7(NodeTestTask.java:125)
	at org.junit.platform.engine.support.hierarchical.NodeTestTask$$Lambda$178/1890627974.invoke(Unknown Source)
	at org.junit.platform.engine.support.hierarchical.Node.around(Node.java:135)
	at org.junit.platform.engine.support.hierarchical.NodeTestTask.lambda$executeRecursively$8(NodeTestTask.java:123)
	at org.junit.platform.engine.support.hierarchical.NodeTestTask$$Lambda$177/231977479.execute(Unknown Source)
	at org.junit.platform.engine.support.hierarchical.ThrowableCollector.execute(ThrowableCollector.java:73)
	at org.junit.platform.engine.support.hierarchical.NodeTestTask.executeRecursively(NodeTestTask.java:122)
	at org.junit.platform.engine.support.hierarchical.NodeTestTask.execute(NodeTestTask.java:80)
	at org.junit.platform.engine.support.hierarchical.SameThreadHierarchicalTestExecutorService$$Lambda$183/1381713434.accept(Unknown Source)
	at java.util.ArrayList.forEach(ArrayList.java:1249)
	at org.junit.platform.engine.support.hierarchical.SameThreadHierarchicalTestExecutorService.invokeAll(SameThreadHierarchicalTestExecutorService.java:38)
	at org.junit.platform.engine.support.hierarchical.NodeTestTask.lambda$executeRecursively$5(NodeTestTask.java:139)
	at org.junit.platform.engine.support.hierarchical.NodeTestTask$$Lambda$179/195615004.execute(Unknown Source)
	at org.junit.platform.engine.support.hierarchical.ThrowableCollector.execute(ThrowableCollector.java:73)
	at org.junit.platform.engine.support.hierarchical.NodeTestTask.lambda$executeRecursively$7(NodeTestTask.java:125)
	at org.junit.platform.engine.support.hierarchical.NodeTestTask$$Lambda$178/1890627974.invoke(Unknown Source)
	at org.junit.platform.engine.support.hierarchical.Node.around(Node.java:135)
	at org.junit.platform.engine.support.hierarchical.NodeTestTask.lambda$executeRecursively$8(NodeTestTask.java:123)
	at org.junit.platform.engine.support.hierarchical.NodeTestTask$$Lambda$177/231977479.execute(Unknown Source)
	at org.junit.platform.engine.support.hierarchical.ThrowableCollector.execute(ThrowableCollector.java:73)
	at org.junit.platform.engine.support.hierarchical.NodeTestTask.executeRecursively(NodeTestTask.java:122)
	at org.junit.platform.engine.support.hierarchical.NodeTestTask.execute(NodeTestTask.java:80)
	at org.junit.platform.engine.support.hierarchical.SameThreadHierarchicalTestExecutorService.submit(SameThreadHierarchicalTestExecutorService.java:32)
	at org.junit.platform.engine.support.hierarchical.HierarchicalTestExecutor.execute(HierarchicalTestExecutor.java:57)
	at org.junit.platform.engine.support.hierarchical.HierarchicalTestEngine.execute(HierarchicalTestEngine.java:51)
	at org.junit.platform.launcher.core.DefaultLauncher.execute(DefaultLauncher.java:248)
	at org.junit.platform.launcher.core.DefaultLauncher.lambda$execute$5(DefaultLauncher.java:211)
	at org.junit.platform.launcher.core.DefaultLauncher$$Lambda$143/233996206.accept(Unknown Source)
	at org.junit.platform.launcher.core.DefaultLauncher.withInterceptedStreams(DefaultLauncher.java:226)
	at org.junit.platform.launcher.core.DefaultLauncher.execute(DefaultLauncher.java:199)
	at org.junit.platform.launcher.core.DefaultLauncher.execute(DefaultLauncher.java:132)
	at org.apache.maven.surefire.junitplatform.JUnitPlatformProvider.invokeAllTests(JUnitPlatformProvider.java:142)
	at org.apache.maven.surefire.junitplatform.JUnitPlatformProvider.invoke(JUnitPlatformProvider.java:113)
	at org.apache.maven.surefire.booter.ForkedBooter.invokeProviderInSameClassLoader(ForkedBooter.java:384)
	at org.apache.maven.surefire.booter.ForkedBooter.runSuitesInProcess(ForkedBooter.java:345)
	at org.apache.maven.surefire.booter.ForkedBooter.execute(ForkedBooter.java:126)
	at org.apache.maven.surefire.booter.ForkedBooter.main(ForkedBooter.java:418)
2021-11-08 11:14:30,420 [myid:] - INFO  [main:FourLetterWordMain@94] - connecting to 127.0.0.1 30110
2021-11-08 11:14:30,421 [myid:1] - WARN  [nioEventLoopGroup-47-8:NettyServerCnxnFactory$CnxnChannelHandler@231] - Zookeeper server is not running, close the connection before starting the TLS handshake
2021-11-08 11:14:30,685 [myid:] - INFO  [main:FourLetterWordMain@94] - connecting to 127.0.0.1 30110
2021-11-08 11:14:30,686 [myid:1] - WARN  [nioEventLoopGroup-47-9:NettyServerCnxnFactory$CnxnChannelHandler@231] - Zookeeper server is not running, close the connection before starting the TLS handshake
2021-11-08 11:14:30,949 [myid:] - INFO  [main:FourLetterWordMain@94] - connecting to 127.0.0.1 30110
2021-11-08 11:14:30,949 [myid:1] - WARN  [nioEventLoopGroup-47-10:NettyServerCnxnFactory$CnxnChannelHandler@231] - Zookeeper server is not running, close the connection before starting the TLS handshake
2021-11-08 11:14:30,950 [myid:] - INFO  [main:ClientBase@267] - server 127.0.0.1:30110 not up
java.net.SocketException: Software caused connection abort: recv failed
	at java.net.SocketInputStream.socketRead0(Native Method)
	at java.net.SocketInputStream.read(SocketInputStream.java:150)
	at java.net.SocketInputStream.read(SocketInputStream.java:121)
	at sun.nio.cs.StreamDecoder.readBytes(StreamDecoder.java:284)
	at sun.nio.cs.StreamDecoder.implRead(StreamDecoder.java:326)
	at sun.nio.cs.StreamDecoder.read(StreamDecoder.java:178)
	at java.io.InputStreamReader.read(InputStreamReader.java:184)
	at java.io.BufferedReader.fill(BufferedReader.java:161)
	at java.io.BufferedReader.readLine(BufferedReader.java:324)
	at java.io.BufferedReader.readLine(BufferedReader.java:389)
	at org.apache.zookeeper.client.FourLetterWordMain.send4LetterWord(FourLetterWordMain.java:129)
	at org.apache.zookeeper.client.FourLetterWordMain.send4LetterWord(FourLetterWordMain.java:74)
	at org.apache.zookeeper.test.ClientBase.waitForServerUp(ClientBase.java:258)
	at org.apache.zookeeper.test.ClientBase.waitForServerUp(ClientBase.java:249)
	at org.apache.zookeeper.server.quorum.QuorumSSLTest.testHostnameVerification(QuorumSSLTest.java:671)
	at org.apache.zookeeper.server.quorum.QuorumSSLTest.testHostnameVerificationWithValidIpAddressAndInvalidHostname(QuorumSSLTest.java:654)
	at sun.reflect.NativeMethodAccessorImpl.invoke0(Native Method)
	at sun.reflect.NativeMethodAccessorImpl.invoke(NativeMethodAccessorImpl.java:62)
	at sun.reflect.DelegatingMethodAccessorImpl.invoke(DelegatingMethodAccessorImpl.java:43)
	at java.lang.reflect.Method.invoke(Method.java:483)
	at org.junit.platform.commons.util.ReflectionUtils.invokeMethod(ReflectionUtils.java:686)
	at org.junit.jupiter.engine.execution.MethodInvocation.proceed(MethodInvocation.java:60)
	at org.junit.jupiter.engine.execution.InvocationInterceptorChain$ValidatingInvocation.proceed(InvocationInterceptorChain.java:131)
	at org.junit.jupiter.engine.extension.TimeoutInvocation.proceed(TimeoutInvocation.java:46)
	at org.junit.jupiter.engine.extension.TimeoutExtension.intercept(TimeoutExtension.java:149)
	at org.junit.jupiter.engine.extension.TimeoutExtension.interceptTestableMethod(TimeoutExtension.java:140)
	at org.junit.jupiter.engine.extension.TimeoutExtension.interceptTestMethod(TimeoutExtension.java:84)
	at org.junit.jupiter.engine.descriptor.TestMethodTestDescriptor$$Lambda$111/1780132728.apply(Unknown Source)
	at org.junit.jupiter.engine.execution.ExecutableInvoker$ReflectiveInterceptorCall.lambda$ofVoidMethod$0(ExecutableInvoker.java:115)
	at org.junit.jupiter.engine.execution.ExecutableInvoker$ReflectiveInterceptorCall$$Lambda$112/1725017993.apply(Unknown Source)
	at org.junit.jupiter.engine.execution.ExecutableInvoker.lambda$invoke$0(ExecutableInvoker.java:105)
	at org.junit.jupiter.engine.execution.ExecutableInvoker$$Lambda$234/64133603.apply(Unknown Source)
	at org.junit.jupiter.engine.execution.InvocationInterceptorChain$InterceptedInvocation.proceed(InvocationInterceptorChain.java:106)
	at org.junit.jupiter.engine.execution.InvocationInterceptorChain.proceed(InvocationInterceptorChain.java:64)
	at org.junit.jupiter.engine.execution.InvocationInterceptorChain.chainAndInvoke(InvocationInterceptorChain.java:45)
	at org.junit.jupiter.engine.execution.InvocationInterceptorChain.invoke(InvocationInterceptorChain.java:37)
	at org.junit.jupiter.engine.execution.ExecutableInvoker.invoke(ExecutableInvoker.java:104)
	at org.junit.jupiter.engine.execution.ExecutableInvoker.invoke(ExecutableInvoker.java:98)
	at org.junit.jupiter.engine.descriptor.TestMethodTestDescriptor.lambda$invokeTestMethod$6(TestMethodTestDescriptor.java:212)
	at org.junit.jupiter.engine.descriptor.TestMethodTestDescriptor$$Lambda$271/224100622.execute(Unknown Source)
	at org.junit.platform.engine.support.hierarchical.ThrowableCollector.execute(ThrowableCollector.java:73)
	at org.junit.jupiter.engine.descriptor.TestMethodTestDescriptor.invokeTestMethod(TestMethodTestDescriptor.java:208)
	at org.junit.jupiter.engine.descriptor.TestMethodTestDescriptor.execute(TestMethodTestDescriptor.java:137)
	at org.junit.jupiter.engine.descriptor.TestMethodTestDescriptor.execute(TestMethodTestDescriptor.java:71)
	at org.junit.platform.engine.support.hierarchical.NodeTestTask.lambda$executeRecursively$5(NodeTestTask.java:135)
	at org.junit.platform.engine.support.hierarchical.NodeTestTask$$Lambda$179/195615004.execute(Unknown Source)
	at org.junit.platform.engine.support.hierarchical.ThrowableCollector.execute(ThrowableCollector.java:73)
	at org.junit.platform.engine.support.hierarchical.NodeTestTask.lambda$executeRecursively$7(NodeTestTask.java:125)
	at org.junit.platform.engine.support.hierarchical.NodeTestTask$$Lambda$178/1890627974.invoke(Unknown Source)
	at org.junit.platform.engine.support.hierarchical.Node.around(Node.java:135)
	at org.junit.platform.engine.support.hierarchical.NodeTestTask.lambda$executeRecursively$8(NodeTestTask.java:123)
	at org.junit.platform.engine.support.hierarchical.NodeTestTask$$Lambda$177/231977479.execute(Unknown Source)
	at org.junit.platform.engine.support.hierarchical.ThrowableCollector.execute(ThrowableCollector.java:73)
	at org.junit.platform.engine.support.hierarchical.NodeTestTask.executeRecursively(NodeTestTask.java:122)
	at org.junit.platform.engine.support.hierarchical.NodeTestTask.execute(NodeTestTask.java:80)
	at org.junit.platform.engine.support.hierarchical.SameThreadHierarchicalTestExecutorService$$Lambda$183/1381713434.accept(Unknown Source)
	at java.util.ArrayList.forEach(ArrayList.java:1249)
	at org.junit.platform.engine.support.hierarchical.SameThreadHierarchicalTestExecutorService.invokeAll(SameThreadHierarchicalTestExecutorService.java:38)
	at org.junit.platform.engine.support.hierarchical.NodeTestTask.lambda$executeRecursively$5(NodeTestTask.java:139)
	at org.junit.platform.engine.support.hierarchical.NodeTestTask$$Lambda$179/195615004.execute(Unknown Source)
	at org.junit.platform.engine.support.hierarchical.ThrowableCollector.execute(ThrowableCollector.java:73)
	at org.junit.platform.engine.support.hierarchical.NodeTestTask.lambda$executeRecursively$7(NodeTestTask.java:125)
	at org.junit.platform.engine.support.hierarchical.NodeTestTask$$Lambda$178/1890627974.invoke(Unknown Source)
	at org.junit.platform.engine.support.hierarchical.Node.around(Node.java:135)
	at org.junit.platform.engine.support.hierarchical.NodeTestTask.lambda$executeRecursively$8(NodeTestTask.java:123)
	at org.junit.platform.engine.support.hierarchical.NodeTestTask$$Lambda$177/231977479.execute(Unknown Source)
	at org.junit.platform.engine.support.hierarchical.ThrowableCollector.execute(ThrowableCollector.java:73)
	at org.junit.platform.engine.support.hierarchical.NodeTestTask.executeRecursively(NodeTestTask.java:122)
	at org.junit.platform.engine.support.hierarchical.NodeTestTask.execute(NodeTestTask.java:80)
	at org.junit.platform.engine.support.hierarchical.SameThreadHierarchicalTestExecutorService$$Lambda$183/1381713434.accept(Unknown Source)
	at java.util.ArrayList.forEach(ArrayList.java:1249)
	at org.junit.platform.engine.support.hierarchical.SameThreadHierarchicalTestExecutorService.invokeAll(SameThreadHierarchicalTestExecutorService.java:38)
	at org.junit.platform.engine.support.hierarchical.NodeTestTask.lambda$executeRecursively$5(NodeTestTask.java:139)
	at org.junit.platform.engine.support.hierarchical.NodeTestTask$$Lambda$179/195615004.execute(Unknown Source)
	at org.junit.platform.engine.support.hierarchical.ThrowableCollector.execute(ThrowableCollector.java:73)
	at org.junit.platform.engine.support.hierarchical.NodeTestTask.lambda$executeRecursively$7(NodeTestTask.java:125)
	at org.junit.platform.engine.support.hierarchical.NodeTestTask$$Lambda$178/1890627974.invoke(Unknown Source)
	at org.junit.platform.engine.support.hierarchical.Node.around(Node.java:135)
	at org.junit.platform.engine.support.hierarchical.NodeTestTask.lambda$executeRecursively$8(NodeTestTask.java:123)
	at org.junit.platform.engine.support.hierarchical.NodeTestTask$$Lambda$177/231977479.execute(Unknown Source)
	at org.junit.platform.engine.support.hierarchical.ThrowableCollector.execute(ThrowableCollector.java:73)
	at org.junit.platform.engine.support.hierarchical.NodeTestTask.executeRecursively(NodeTestTask.java:122)
	at org.junit.platform.engine.support.hierarchical.NodeTestTask.execute(NodeTestTask.java:80)
	at org.junit.platform.engine.support.hierarchical.SameThreadHierarchicalTestExecutorService.submit(SameThreadHierarchicalTestExecutorService.java:32)
	at org.junit.platform.engine.support.hierarchical.HierarchicalTestExecutor.execute(HierarchicalTestExecutor.java:57)
	at org.junit.platform.engine.support.hierarchical.HierarchicalTestEngine.execute(HierarchicalTestEngine.java:51)
	at org.junit.platform.launcher.core.DefaultLauncher.execute(DefaultLauncher.java:248)
	at org.junit.platform.launcher.core.DefaultLauncher.lambda$execute$5(DefaultLauncher.java:211)
	at org.junit.platform.launcher.core.DefaultLauncher$$Lambda$143/233996206.accept(Unknown Source)
	at org.junit.platform.launcher.core.DefaultLauncher.withInterceptedStreams(DefaultLauncher.java:226)
	at org.junit.platform.launcher.core.DefaultLauncher.execute(DefaultLauncher.java:199)
	at org.junit.platform.launcher.core.DefaultLauncher.execute(DefaultLauncher.java:132)
	at org.apache.maven.surefire.junitplatform.JUnitPlatformProvider.invokeAllTests(JUnitPlatformProvider.java:142)
	at org.apache.maven.surefire.junitplatform.JUnitPlatformProvider.invoke(JUnitPlatformProvider.java:113)
	at org.apache.maven.surefire.booter.ForkedBooter.invokeProviderInSameClassLoader(ForkedBooter.java:384)
	at org.apache.maven.surefire.booter.ForkedBooter.runSuitesInProcess(ForkedBooter.java:345)
	at org.apache.maven.surefire.booter.ForkedBooter.execute(ForkedBooter.java:126)
	at org.apache.maven.surefire.booter.ForkedBooter.main(ForkedBooter.java:418)
2021-11-08 11:14:31,214 [myid:] - INFO  [main:FourLetterWordMain@94] - connecting to 127.0.0.1 30110
2021-11-08 11:14:31,215 [myid:1] - WARN  [nioEventLoopGroup-47-11:NettyServerCnxnFactory$CnxnChannelHandler@231] - Zookeeper server is not running, close the connection before starting the TLS handshake
2021-11-08 11:14:31,215 [myid:] - INFO  [main:ClientBase@267] - server 127.0.0.1:30110 not up
java.net.SocketException: Software caused connection abort: recv failed
	at java.net.SocketInputStream.socketRead0(Native Method)
	at java.net.SocketInputStream.read(SocketInputStream.java:150)
	at java.net.SocketInputStream.read(SocketInputStream.java:121)
	at sun.nio.cs.StreamDecoder.readBytes(StreamDecoder.java:284)
	at sun.nio.cs.StreamDecoder.implRead(StreamDecoder.java:326)
	at sun.nio.cs.StreamDecoder.read(StreamDecoder.java:178)
	at java.io.InputStreamReader.read(InputStreamReader.java:184)
	at java.io.BufferedReader.fill(BufferedReader.java:161)
	at java.io.BufferedReader.readLine(BufferedReader.java:324)
	at java.io.BufferedReader.readLine(BufferedReader.java:389)
	at org.apache.zookeeper.client.FourLetterWordMain.send4LetterWord(FourLetterWordMain.java:129)
	at org.apache.zookeeper.client.FourLetterWordMain.send4LetterWord(FourLetterWordMain.java:74)
	at org.apache.zookeeper.test.ClientBase.waitForServerUp(ClientBase.java:258)
	at org.apache.zookeeper.test.ClientBase.waitForServerUp(ClientBase.java:249)
	at org.apache.zookeeper.server.quorum.QuorumSSLTest.testHostnameVerification(QuorumSSLTest.java:671)
	at org.apache.zookeeper.server.quorum.QuorumSSLTest.testHostnameVerificationWithValidIpAddressAndInvalidHostname(QuorumSSLTest.java:654)
	at sun.reflect.NativeMethodAccessorImpl.invoke0(Native Method)
	at sun.reflect.NativeMethodAccessorImpl.invoke(NativeMethodAccessorImpl.java:62)
	at sun.reflect.DelegatingMethodAccessorImpl.invoke(DelegatingMethodAccessorImpl.java:43)
	at java.lang.reflect.Method.invoke(Method.java:483)
	at org.junit.platform.commons.util.ReflectionUtils.invokeMethod(ReflectionUtils.java:686)
	at org.junit.jupiter.engine.execution.MethodInvocation.proceed(MethodInvocation.java:60)
	at org.junit.jupiter.engine.execution.InvocationInterceptorChain$ValidatingInvocation.proceed(InvocationInterceptorChain.java:131)
	at org.junit.jupiter.engine.extension.TimeoutInvocation.proceed(TimeoutInvocation.java:46)
	at org.junit.jupiter.engine.extension.TimeoutExtension.intercept(TimeoutExtension.java:149)
	at org.junit.jupiter.engine.extension.TimeoutExtension.interceptTestableMethod(TimeoutExtension.java:140)
	at org.junit.jupiter.engine.extension.TimeoutExtension.interceptTestMethod(TimeoutExtension.java:84)
	at org.junit.jupiter.engine.descriptor.TestMethodTestDescriptor$$Lambda$111/1780132728.apply(Unknown Source)
	at org.junit.jupiter.engine.execution.ExecutableInvoker$ReflectiveInterceptorCall.lambda$ofVoidMethod$0(ExecutableInvoker.java:115)
	at org.junit.jupiter.engine.execution.ExecutableInvoker$ReflectiveInterceptorCall$$Lambda$112/1725017993.apply(Unknown Source)
	at org.junit.jupiter.engine.execution.ExecutableInvoker.lambda$invoke$0(ExecutableInvoker.java:105)
	at org.junit.jupiter.engine.execution.ExecutableInvoker$$Lambda$234/64133603.apply(Unknown Source)
	at org.junit.jupiter.engine.execution.InvocationInterceptorChain$InterceptedInvocation.proceed(InvocationInterceptorChain.java:106)
	at org.junit.jupiter.engine.execution.InvocationInterceptorChain.proceed(InvocationInterceptorChain.java:64)
	at org.junit.jupiter.engine.execution.InvocationInterceptorChain.chainAndInvoke(InvocationInterceptorChain.java:45)
	at org.junit.jupiter.engine.execution.InvocationInterceptorChain.invoke(InvocationInterceptorChain.java:37)
	at org.junit.jupiter.engine.execution.ExecutableInvoker.invoke(ExecutableInvoker.java:104)
	at org.junit.jupiter.engine.execution.ExecutableInvoker.invoke(ExecutableInvoker.java:98)
	at org.junit.jupiter.engine.descriptor.TestMethodTestDescriptor.lambda$invokeTestMethod$6(TestMethodTestDescriptor.java:212)
	at org.junit.jupiter.engine.descriptor.TestMethodTestDescriptor$$Lambda$271/224100622.execute(Unknown Source)
	at org.junit.platform.engine.support.hierarchical.ThrowableCollector.execute(ThrowableCollector.java:73)
	at org.junit.jupiter.engine.descriptor.TestMethodTestDescriptor.invokeTestMethod(TestMethodTestDescriptor.java:208)
	at org.junit.jupiter.engine.descriptor.TestMethodTestDescriptor.execute(TestMethodTestDescriptor.java:137)
	at org.junit.jupiter.engine.descriptor.TestMethodTestDescriptor.execute(TestMethodTestDescriptor.java:71)
	at org.junit.platform.engine.support.hierarchical.NodeTestTask.lambda$executeRecursively$5(NodeTestTask.java:135)
	at org.junit.platform.engine.support.hierarchical.NodeTestTask$$Lambda$179/195615004.execute(Unknown Source)
	at org.junit.platform.engine.support.hierarchical.ThrowableCollector.execute(ThrowableCollector.java:73)
	at org.junit.platform.engine.support.hierarchical.NodeTestTask.lambda$executeRecursively$7(NodeTestTask.java:125)
	at org.junit.platform.engine.support.hierarchical.NodeTestTask$$Lambda$178/1890627974.invoke(Unknown Source)
	at org.junit.platform.engine.support.hierarchical.Node.around(Node.java:135)
	at org.junit.platform.engine.support.hierarchical.NodeTestTask.lambda$executeRecursively$8(NodeTestTask.java:123)
	at org.junit.platform.engine.support.hierarchical.NodeTestTask$$Lambda$177/231977479.execute(Unknown Source)
	at org.junit.platform.engine.support.hierarchical.ThrowableCollector.execute(ThrowableCollector.java:73)
	at org.junit.platform.engine.support.hierarchical.NodeTestTask.executeRecursively(NodeTestTask.java:122)
	at org.junit.platform.engine.support.hierarchical.NodeTestTask.execute(NodeTestTask.java:80)
	at org.junit.platform.engine.support.hierarchical.SameThreadHierarchicalTestExecutorService$$Lambda$183/1381713434.accept(Unknown Source)
	at java.util.ArrayList.forEach(ArrayList.java:1249)
	at org.junit.platform.engine.support.hierarchical.SameThreadHierarchicalTestExecutorService.invokeAll(SameThreadHierarchicalTestExecutorService.java:38)
	at org.junit.platform.engine.support.hierarchical.NodeTestTask.lambda$executeRecursively$5(NodeTestTask.java:139)
	at org.junit.platform.engine.support.hierarchical.NodeTestTask$$Lambda$179/195615004.execute(Unknown Source)
	at org.junit.platform.engine.support.hierarchical.ThrowableCollector.execute(ThrowableCollector.java:73)
	at org.junit.platform.engine.support.hierarchical.NodeTestTask.lambda$executeRecursively$7(NodeTestTask.java:125)
	at org.junit.platform.engine.support.hierarchical.NodeTestTask$$Lambda$178/1890627974.invoke(Unknown Source)
	at org.junit.platform.engine.support.hierarchical.Node.around(Node.java:135)
	at org.junit.platform.engine.support.hierarchical.NodeTestTask.lambda$executeRecursively$8(NodeTestTask.java:123)
	at org.junit.platform.engine.support.hierarchical.NodeTestTask$$Lambda$177/231977479.execute(Unknown Source)
	at org.junit.platform.engine.support.hierarchical.ThrowableCollector.execute(ThrowableCollector.java:73)
	at org.junit.platform.engine.support.hierarchical.NodeTestTask.executeRecursively(NodeTestTask.java:122)
	at org.junit.platform.engine.support.hierarchical.NodeTestTask.execute(NodeTestTask.java:80)
	at org.junit.platform.engine.support.hierarchical.SameThreadHierarchicalTestExecutorService$$Lambda$183/1381713434.accept(Unknown Source)
	at java.util.ArrayList.forEach(ArrayList.java:1249)
	at org.junit.platform.engine.support.hierarchical.SameThreadHierarchicalTestExecutorService.invokeAll(SameThreadHierarchicalTestExecutorService.java:38)
	at org.junit.platform.engine.support.hierarchical.NodeTestTask.lambda$executeRecursively$5(NodeTestTask.java:139)
	at org.junit.platform.engine.support.hierarchical.NodeTestTask$$Lambda$179/195615004.execute(Unknown Source)
	at org.junit.platform.engine.support.hierarchical.ThrowableCollector.execute(ThrowableCollector.java:73)
	at org.junit.platform.engine.support.hierarchical.NodeTestTask.lambda$executeRecursively$7(NodeTestTask.java:125)
	at org.junit.platform.engine.support.hierarchical.NodeTestTask$$Lambda$178/1890627974.invoke(Unknown Source)
	at org.junit.platform.engine.support.hierarchical.Node.around(Node.java:135)
	at org.junit.platform.engine.support.hierarchical.NodeTestTask.lambda$executeRecursively$8(NodeTestTask.java:123)
	at org.junit.platform.engine.support.hierarchical.NodeTestTask$$Lambda$177/231977479.execute(Unknown Source)
	at org.junit.platform.engine.support.hierarchical.ThrowableCollector.execute(ThrowableCollector.java:73)
	at org.junit.platform.engine.support.hierarchical.NodeTestTask.executeRecursively(NodeTestTask.java:122)
	at org.junit.platform.engine.support.hierarchical.NodeTestTask.execute(NodeTestTask.java:80)
	at org.junit.platform.engine.support.hierarchical.SameThreadHierarchicalTestExecutorService.submit(SameThreadHierarchicalTestExecutorService.java:32)
	at org.junit.platform.engine.support.hierarchical.HierarchicalTestExecutor.execute(HierarchicalTestExecutor.java:57)
	at org.junit.platform.engine.support.hierarchical.HierarchicalTestEngine.execute(HierarchicalTestEngine.java:51)
	at org.junit.platform.launcher.core.DefaultLauncher.execute(DefaultLauncher.java:248)
	at org.junit.platform.launcher.core.DefaultLauncher.lambda$execute$5(DefaultLauncher.java:211)
	at org.junit.platform.launcher.core.DefaultLauncher$$Lambda$143/233996206.accept(Unknown Source)
	at org.junit.platform.launcher.core.DefaultLauncher.withInterceptedStreams(DefaultLauncher.java:226)
	at org.junit.platform.launcher.core.DefaultLauncher.execute(DefaultLauncher.java:199)
	at org.junit.platform.launcher.core.DefaultLauncher.execute(DefaultLauncher.java:132)
	at org.apache.maven.surefire.junitplatform.JUnitPlatformProvider.invokeAllTests(JUnitPlatformProvider.java:142)
	at org.apache.maven.surefire.junitplatform.JUnitPlatformProvider.invoke(JUnitPlatformProvider.java:113)
	at org.apache.maven.surefire.booter.ForkedBooter.invokeProviderInSameClassLoader(ForkedBooter.java:384)
	at org.apache.maven.surefire.booter.ForkedBooter.runSuitesInProcess(ForkedBooter.java:345)
	at org.apache.maven.surefire.booter.ForkedBooter.execute(ForkedBooter.java:126)
	at org.apache.maven.surefire.booter.ForkedBooter.main(ForkedBooter.java:418)
2021-11-08 11:14:31,465 [myid:] - INFO  [main:FourLetterWordMain@94] - connecting to 127.0.0.1 30110
2021-11-08 11:14:31,466 [myid:1] - WARN  [nioEventLoopGroup-47-12:NettyServerCnxnFactory$CnxnChannelHandler@231] - Zookeeper server is not running, close the connection before starting the TLS handshake
2021-11-08 11:14:31,731 [myid:] - INFO  [main:FourLetterWordMain@94] - connecting to 127.0.0.1 30110
2021-11-08 11:14:31,731 [myid:1] - WARN  [nioEventLoopGroup-47-1:NettyServerCnxnFactory$CnxnChannelHandler@231] - Zookeeper server is not running, close the connection before starting the TLS handshake
2021-11-08 11:14:31,731 [myid:] - INFO  [main:ClientBase@267] - server 127.0.0.1:30110 not up
java.net.SocketException: Software caused connection abort: recv failed
	at java.net.SocketInputStream.socketRead0(Native Method)
	at java.net.SocketInputStream.read(SocketInputStream.java:150)
	at java.net.SocketInputStream.read(SocketInputStream.java:121)
	at sun.nio.cs.StreamDecoder.readBytes(StreamDecoder.java:284)
	at sun.nio.cs.StreamDecoder.implRead(StreamDecoder.java:326)
	at sun.nio.cs.StreamDecoder.read(StreamDecoder.java:178)
	at java.io.InputStreamReader.read(InputStreamReader.java:184)
	at java.io.BufferedReader.fill(BufferedReader.java:161)
	at java.io.BufferedReader.readLine(BufferedReader.java:324)
	at java.io.BufferedReader.readLine(BufferedReader.java:389)
	at org.apache.zookeeper.client.FourLetterWordMain.send4LetterWord(FourLetterWordMain.java:129)
	at org.apache.zookeeper.client.FourLetterWordMain.send4LetterWord(FourLetterWordMain.java:74)
	at org.apache.zookeeper.test.ClientBase.waitForServerUp(ClientBase.java:258)
	at org.apache.zookeeper.test.ClientBase.waitForServerUp(ClientBase.java:249)
	at org.apache.zookeeper.server.quorum.QuorumSSLTest.testHostnameVerification(QuorumSSLTest.java:671)
	at org.apache.zookeeper.server.quorum.QuorumSSLTest.testHostnameVerificationWithValidIpAddressAndInvalidHostname(QuorumSSLTest.java:654)
	at sun.reflect.NativeMethodAccessorImpl.invoke0(Native Method)
	at sun.reflect.NativeMethodAccessorImpl.invoke(NativeMethodAccessorImpl.java:62)
	at sun.reflect.DelegatingMethodAccessorImpl.invoke(DelegatingMethodAccessorImpl.java:43)
	at java.lang.reflect.Method.invoke(Method.java:483)
	at org.junit.platform.commons.util.ReflectionUtils.invokeMethod(ReflectionUtils.java:686)
	at org.junit.jupiter.engine.execution.MethodInvocation.proceed(MethodInvocation.java:60)
	at org.junit.jupiter.engine.execution.InvocationInterceptorChain$ValidatingInvocation.proceed(InvocationInterceptorChain.java:131)
	at org.junit.jupiter.engine.extension.TimeoutInvocation.proceed(TimeoutInvocation.java:46)
	at org.junit.jupiter.engine.extension.TimeoutExtension.intercept(TimeoutExtension.java:149)
	at org.junit.jupiter.engine.extension.TimeoutExtension.interceptTestableMethod(TimeoutExtension.java:140)
	at org.junit.jupiter.engine.extension.TimeoutExtension.interceptTestMethod(TimeoutExtension.java:84)
	at org.junit.jupiter.engine.descriptor.TestMethodTestDescriptor$$Lambda$111/1780132728.apply(Unknown Source)
	at org.junit.jupiter.engine.execution.ExecutableInvoker$ReflectiveInterceptorCall.lambda$ofVoidMethod$0(ExecutableInvoker.java:115)
	at org.junit.jupiter.engine.execution.ExecutableInvoker$ReflectiveInterceptorCall$$Lambda$112/1725017993.apply(Unknown Source)
	at org.junit.jupiter.engine.execution.ExecutableInvoker.lambda$invoke$0(ExecutableInvoker.java:105)
	at org.junit.jupiter.engine.execution.ExecutableInvoker$$Lambda$234/64133603.apply(Unknown Source)
	at org.junit.jupiter.engine.execution.InvocationInterceptorChain$InterceptedInvocation.proceed(InvocationInterceptorChain.java:106)
	at org.junit.jupiter.engine.execution.InvocationInterceptorChain.proceed(InvocationInterceptorChain.java:64)
	at org.junit.jupiter.engine.execution.InvocationInterceptorChain.chainAndInvoke(InvocationInterceptorChain.java:45)
	at org.junit.jupiter.engine.execution.InvocationInterceptorChain.invoke(InvocationInterceptorChain.java:37)
	at org.junit.jupiter.engine.execution.ExecutableInvoker.invoke(ExecutableInvoker.java:104)
	at org.junit.jupiter.engine.execution.ExecutableInvoker.invoke(ExecutableInvoker.java:98)
	at org.junit.jupiter.engine.descriptor.TestMethodTestDescriptor.lambda$invokeTestMethod$6(TestMethodTestDescriptor.java:212)
	at org.junit.jupiter.engine.descriptor.TestMethodTestDescriptor$$Lambda$271/224100622.execute(Unknown Source)
	at org.junit.platform.engine.support.hierarchical.ThrowableCollector.execute(ThrowableCollector.java:73)
	at org.junit.jupiter.engine.descriptor.TestMethodTestDescriptor.invokeTestMethod(TestMethodTestDescriptor.java:208)
	at org.junit.jupiter.engine.descriptor.TestMethodTestDescriptor.execute(TestMethodTestDescriptor.java:137)
	at org.junit.jupiter.engine.descriptor.TestMethodTestDescriptor.execute(TestMethodTestDescriptor.java:71)
	at org.junit.platform.engine.support.hierarchical.NodeTestTask.lambda$executeRecursively$5(NodeTestTask.java:135)
	at org.junit.platform.engine.support.hierarchical.NodeTestTask$$Lambda$179/195615004.execute(Unknown Source)
	at org.junit.platform.engine.support.hierarchical.ThrowableCollector.execute(ThrowableCollector.java:73)
	at org.junit.platform.engine.support.hierarchical.NodeTestTask.lambda$executeRecursively$7(NodeTestTask.java:125)
	at org.junit.platform.engine.support.hierarchical.NodeTestTask$$Lambda$178/1890627974.invoke(Unknown Source)
	at org.junit.platform.engine.support.hierarchical.Node.around(Node.java:135)
	at org.junit.platform.engine.support.hierarchical.NodeTestTask.lambda$executeRecursively$8(NodeTestTask.java:123)
	at org.junit.platform.engine.support.hierarchical.NodeTestTask$$Lambda$177/231977479.execute(Unknown Source)
	at org.junit.platform.engine.support.hierarchical.ThrowableCollector.execute(ThrowableCollector.java:73)
	at org.junit.platform.engine.support.hierarchical.NodeTestTask.executeRecursively(NodeTestTask.java:122)
	at org.junit.platform.engine.support.hierarchical.NodeTestTask.execute(NodeTestTask.java:80)
	at org.junit.platform.engine.support.hierarchical.SameThreadHierarchicalTestExecutorService$$Lambda$183/1381713434.accept(Unknown Source)
	at java.util.ArrayList.forEach(ArrayList.java:1249)
	at org.junit.platform.engine.support.hierarchical.SameThreadHierarchicalTestExecutorService.invokeAll(SameThreadHierarchicalTestExecutorService.java:38)
	at org.junit.platform.engine.support.hierarchical.NodeTestTask.lambda$executeRecursively$5(NodeTestTask.java:139)
	at org.junit.platform.engine.support.hierarchical.NodeTestTask$$Lambda$179/195615004.execute(Unknown Source)
	at org.junit.platform.engine.support.hierarchical.ThrowableCollector.execute(ThrowableCollector.java:73)
	at org.junit.platform.engine.support.hierarchical.NodeTestTask.lambda$executeRecursively$7(NodeTestTask.java:125)
	at org.junit.platform.engine.support.hierarchical.NodeTestTask$$Lambda$178/1890627974.invoke(Unknown Source)
	at org.junit.platform.engine.support.hierarchical.Node.around(Node.java:135)
	at org.junit.platform.engine.support.hierarchical.NodeTestTask.lambda$executeRecursively$8(NodeTestTask.java:123)
	at org.junit.platform.engine.support.hierarchical.NodeTestTask$$Lambda$177/231977479.execute(Unknown Source)
	at org.junit.platform.engine.support.hierarchical.ThrowableCollector.execute(ThrowableCollector.java:73)
	at org.junit.platform.engine.support.hierarchical.NodeTestTask.executeRecursively(NodeTestTask.java:122)
	at org.junit.platform.engine.support.hierarchical.NodeTestTask.execute(NodeTestTask.java:80)
	at org.junit.platform.engine.support.hierarchical.SameThreadHierarchicalTestExecutorService$$Lambda$183/1381713434.accept(Unknown Source)
	at java.util.ArrayList.forEach(ArrayList.java:1249)
	at org.junit.platform.engine.support.hierarchical.SameThreadHierarchicalTestExecutorService.invokeAll(SameThreadHierarchicalTestExecutorService.java:38)
	at org.junit.platform.engine.support.hierarchical.NodeTestTask.lambda$executeRecursively$5(NodeTestTask.java:139)
	at org.junit.platform.engine.support.hierarchical.NodeTestTask$$Lambda$179/195615004.execute(Unknown Source)
	at org.junit.platform.engine.support.hierarchical.ThrowableCollector.execute(ThrowableCollector.java:73)
	at org.junit.platform.engine.support.hierarchical.NodeTestTask.lambda$executeRecursively$7(NodeTestTask.java:125)
	at org.junit.platform.engine.support.hierarchical.NodeTestTask$$Lambda$178/1890627974.invoke(Unknown Source)
	at org.junit.platform.engine.support.hierarchical.Node.around(Node.java:135)
	at org.junit.platform.engine.support.hierarchical.NodeTestTask.lambda$executeRecursively$8(NodeTestTask.java:123)
	at org.junit.platform.engine.support.hierarchical.NodeTestTask$$Lambda$177/231977479.execute(Unknown Source)
	at org.junit.platform.engine.support.hierarchical.ThrowableCollector.execute(ThrowableCollector.java:73)
	at org.junit.platform.engine.support.hierarchical.NodeTestTask.executeRecursively(NodeTestTask.java:122)
	at org.junit.platform.engine.support.hierarchical.NodeTestTask.execute(NodeTestTask.java:80)
	at org.junit.platform.engine.support.hierarchical.SameThreadHierarchicalTestExecutorService.submit(SameThreadHierarchicalTestExecutorService.java:32)
	at org.junit.platform.engine.support.hierarchical.HierarchicalTestExecutor.execute(HierarchicalTestExecutor.java:57)
	at org.junit.platform.engine.support.hierarchical.HierarchicalTestEngine.execute(HierarchicalTestEngine.java:51)
	at org.junit.platform.launcher.core.DefaultLauncher.execute(DefaultLauncher.java:248)
	at org.junit.platform.launcher.core.DefaultLauncher.lambda$execute$5(DefaultLauncher.java:211)
	at org.junit.platform.launcher.core.DefaultLauncher$$Lambda$143/233996206.accept(Unknown Source)
	at org.junit.platform.launcher.core.DefaultLauncher.withInterceptedStreams(DefaultLauncher.java:226)
	at org.junit.platform.launcher.core.DefaultLauncher.execute(DefaultLauncher.java:199)
	at org.junit.platform.launcher.core.DefaultLauncher.execute(DefaultLauncher.java:132)
	at org.apache.maven.surefire.junitplatform.JUnitPlatformProvider.invokeAllTests(JUnitPlatformProvider.java:142)
	at org.apache.maven.surefire.junitplatform.JUnitPlatformProvider.invoke(JUnitPlatformProvider.java:113)
	at org.apache.maven.surefire.booter.ForkedBooter.invokeProviderInSameClassLoader(ForkedBooter.java:384)
	at org.apache.maven.surefire.booter.ForkedBooter.runSuitesInProcess(ForkedBooter.java:345)
	at org.apache.maven.surefire.booter.ForkedBooter.execute(ForkedBooter.java:126)
	at org.apache.maven.surefire.booter.ForkedBooter.main(ForkedBooter.java:418)
2021-11-08 11:14:31,995 [myid:] - INFO  [main:FourLetterWordMain@94] - connecting to 127.0.0.1 30110
2021-11-08 11:14:31,997 [myid:1] - WARN  [nioEventLoopGroup-47-2:NettyServerCnxnFactory$CnxnChannelHandler@231] - Zookeeper server is not running, close the connection before starting the TLS handshake
2021-11-08 11:14:32,259 [myid:] - INFO  [main:FourLetterWordMain@94] - connecting to 127.0.0.1 30110
2021-11-08 11:14:32,260 [myid:1] - WARN  [nioEventLoopGroup-47-3:NettyServerCnxnFactory$CnxnChannelHandler@231] - Zookeeper server is not running, close the connection before starting the TLS handshake
2021-11-08 11:14:32,510 [myid:] - INFO  [main:FourLetterWordMain@94] - connecting to 127.0.0.1 30110
2021-11-08 11:14:32,512 [myid:1] - WARN  [nioEventLoopGroup-47-4:NettyServerCnxnFactory$CnxnChannelHandler@231] - Zookeeper server is not running, close the connection before starting the TLS handshake
2021-11-08 11:14:32,777 [myid:] - INFO  [main:FourLetterWordMain@94] - connecting to 127.0.0.1 30110
2021-11-08 11:14:32,779 [myid:1] - WARN  [nioEventLoopGroup-47-5:NettyServerCnxnFactory$CnxnChannelHandler@231] - Zookeeper server is not running, close the connection before starting the TLS handshake
2021-11-08 11:14:33,043 [myid:] - INFO  [main:FourLetterWordMain@94] - connecting to 127.0.0.1 30110
2021-11-08 11:14:33,043 [myid:1] - WARN  [nioEventLoopGroup-47-6:NettyServerCnxnFactory$CnxnChannelHandler@231] - Zookeeper server is not running, close the connection before starting the TLS handshake
2021-11-08 11:14:33,059 [myid:] - INFO  [main:ClientBase@267] - server 127.0.0.1:30110 not up
java.net.SocketException: Software caused connection abort: recv failed
	at java.net.SocketInputStream.socketRead0(Native Method)
	at java.net.SocketInputStream.read(SocketInputStream.java:150)
	at java.net.SocketInputStream.read(SocketInputStream.java:121)
	at sun.nio.cs.StreamDecoder.readBytes(StreamDecoder.java:284)
	at sun.nio.cs.StreamDecoder.implRead(StreamDecoder.java:326)
	at sun.nio.cs.StreamDecoder.read(StreamDecoder.java:178)
	at java.io.InputStreamReader.read(InputStreamReader.java:184)
	at java.io.BufferedReader.fill(BufferedReader.java:161)
	at java.io.BufferedReader.readLine(BufferedReader.java:324)
	at java.io.BufferedReader.readLine(BufferedReader.java:389)
	at org.apache.zookeeper.client.FourLetterWordMain.send4LetterWord(FourLetterWordMain.java:129)
	at org.apache.zookeeper.client.FourLetterWordMain.send4LetterWord(FourLetterWordMain.java:74)
	at org.apache.zookeeper.test.ClientBase.waitForServerUp(ClientBase.java:258)
	at org.apache.zookeeper.test.ClientBase.waitForServerUp(ClientBase.java:249)
	at org.apache.zookeeper.server.quorum.QuorumSSLTest.testHostnameVerification(QuorumSSLTest.java:671)
	at org.apache.zookeeper.server.quorum.QuorumSSLTest.testHostnameVerificationWithValidIpAddressAndInvalidHostname(QuorumSSLTest.java:654)
	at sun.reflect.NativeMethodAccessorImpl.invoke0(Native Method)
	at sun.reflect.NativeMethodAccessorImpl.invoke(NativeMethodAccessorImpl.java:62)
	at sun.reflect.DelegatingMethodAccessorImpl.invoke(DelegatingMethodAccessorImpl.java:43)
	at java.lang.reflect.Method.invoke(Method.java:483)
	at org.junit.platform.commons.util.ReflectionUtils.invokeMethod(ReflectionUtils.java:686)
	at org.junit.jupiter.engine.execution.MethodInvocation.proceed(MethodInvocation.java:60)
	at org.junit.jupiter.engine.execution.InvocationInterceptorChain$ValidatingInvocation.proceed(InvocationInterceptorChain.java:131)
	at org.junit.jupiter.engine.extension.TimeoutInvocation.proceed(TimeoutInvocation.java:46)
	at org.junit.jupiter.engine.extension.TimeoutExtension.intercept(TimeoutExtension.java:149)
	at org.junit.jupiter.engine.extension.TimeoutExtension.interceptTestableMethod(TimeoutExtension.java:140)
	at org.junit.jupiter.engine.extension.TimeoutExtension.interceptTestMethod(TimeoutExtension.java:84)
	at org.junit.jupiter.engine.descriptor.TestMethodTestDescriptor$$Lambda$111/1780132728.apply(Unknown Source)
	at org.junit.jupiter.engine.execution.ExecutableInvoker$ReflectiveInterceptorCall.lambda$ofVoidMethod$0(ExecutableInvoker.java:115)
	at org.junit.jupiter.engine.execution.ExecutableInvoker$ReflectiveInterceptorCall$$Lambda$112/1725017993.apply(Unknown Source)
	at org.junit.jupiter.engine.execution.ExecutableInvoker.lambda$invoke$0(ExecutableInvoker.java:105)
	at org.junit.jupiter.engine.execution.ExecutableInvoker$$Lambda$234/64133603.apply(Unknown Source)
	at org.junit.jupiter.engine.execution.InvocationInterceptorChain$InterceptedInvocation.proceed(InvocationInterceptorChain.java:106)
	at org.junit.jupiter.engine.execution.InvocationInterceptorChain.proceed(InvocationInterceptorChain.java:64)
	at org.junit.jupiter.engine.execution.InvocationInterceptorChain.chainAndInvoke(InvocationInterceptorChain.java:45)
	at org.junit.jupiter.engine.execution.InvocationInterceptorChain.invoke(InvocationInterceptorChain.java:37)
	at org.junit.jupiter.engine.execution.ExecutableInvoker.invoke(ExecutableInvoker.java:104)
	at org.junit.jupiter.engine.execution.ExecutableInvoker.invoke(ExecutableInvoker.java:98)
	at org.junit.jupiter.engine.descriptor.TestMethodTestDescriptor.lambda$invokeTestMethod$6(TestMethodTestDescriptor.java:212)
	at org.junit.jupiter.engine.descriptor.TestMethodTestDescriptor$$Lambda$271/224100622.execute(Unknown Source)
	at org.junit.platform.engine.support.hierarchical.ThrowableCollector.execute(ThrowableCollector.java:73)
	at org.junit.jupiter.engine.descriptor.TestMethodTestDescriptor.invokeTestMethod(TestMethodTestDescriptor.java:208)
	at org.junit.jupiter.engine.descriptor.TestMethodTestDescriptor.execute(TestMethodTestDescriptor.java:137)
	at org.junit.jupiter.engine.descriptor.TestMethodTestDescriptor.execute(TestMethodTestDescriptor.java:71)
	at org.junit.platform.engine.support.hierarchical.NodeTestTask.lambda$executeRecursively$5(NodeTestTask.java:135)
	at org.junit.platform.engine.support.hierarchical.NodeTestTask$$Lambda$179/195615004.execute(Unknown Source)
	at org.junit.platform.engine.support.hierarchical.ThrowableCollector.execute(ThrowableCollector.java:73)
	at org.junit.platform.engine.support.hierarchical.NodeTestTask.lambda$executeRecursively$7(NodeTestTask.java:125)
	at org.junit.platform.engine.support.hierarchical.NodeTestTask$$Lambda$178/1890627974.invoke(Unknown Source)
	at org.junit.platform.engine.support.hierarchical.Node.around(Node.java:135)
	at org.junit.platform.engine.support.hierarchical.NodeTestTask.lambda$executeRecursively$8(NodeTestTask.java:123)
	at org.junit.platform.engine.support.hierarchical.NodeTestTask$$Lambda$177/231977479.execute(Unknown Source)
	at org.junit.platform.engine.support.hierarchical.ThrowableCollector.execute(ThrowableCollector.java:73)
	at org.junit.platform.engine.support.hierarchical.NodeTestTask.executeRecursively(NodeTestTask.java:122)
	at org.junit.platform.engine.support.hierarchical.NodeTestTask.execute(NodeTestTask.java:80)
	at org.junit.platform.engine.support.hierarchical.SameThreadHierarchicalTestExecutorService$$Lambda$183/1381713434.accept(Unknown Source)
	at java.util.ArrayList.forEach(ArrayList.java:1249)
	at org.junit.platform.engine.support.hierarchical.SameThreadHierarchicalTestExecutorService.invokeAll(SameThreadHierarchicalTestExecutorService.java:38)
	at org.junit.platform.engine.support.hierarchical.NodeTestTask.lambda$executeRecursively$5(NodeTestTask.java:139)
	at org.junit.platform.engine.support.hierarchical.NodeTestTask$$Lambda$179/195615004.execute(Unknown Source)
	at org.junit.platform.engine.support.hierarchical.ThrowableCollector.execute(ThrowableCollector.java:73)
	at org.junit.platform.engine.support.hierarchical.NodeTestTask.lambda$executeRecursively$7(NodeTestTask.java:125)
	at org.junit.platform.engine.support.hierarchical.NodeTestTask$$Lambda$178/1890627974.invoke(Unknown Source)
	at org.junit.platform.engine.support.hierarchical.Node.around(Node.java:135)
	at org.junit.platform.engine.support.hierarchical.NodeTestTask.lambda$executeRecursively$8(NodeTestTask.java:123)
	at org.junit.platform.engine.support.hierarchical.NodeTestTask$$Lambda$177/231977479.execute(Unknown Source)
	at org.junit.platform.engine.support.hierarchical.ThrowableCollector.execute(ThrowableCollector.java:73)
	at org.junit.platform.engine.support.hierarchical.NodeTestTask.executeRecursively(NodeTestTask.java:122)
	at org.junit.platform.engine.support.hierarchical.NodeTestTask.execute(NodeTestTask.java:80)
	at org.junit.platform.engine.support.hierarchical.SameThreadHierarchicalTestExecutorService$$Lambda$183/1381713434.accept(Unknown Source)
	at java.util.ArrayList.forEach(ArrayList.java:1249)
	at org.junit.platform.engine.support.hierarchical.SameThreadHierarchicalTestExecutorService.invokeAll(SameThreadHierarchicalTestExecutorService.java:38)
	at org.junit.platform.engine.support.hierarchical.NodeTestTask.lambda$executeRecursively$5(NodeTestTask.java:139)
	at org.junit.platform.engine.support.hierarchical.NodeTestTask$$Lambda$179/195615004.execute(Unknown Source)
	at org.junit.platform.engine.support.hierarchical.ThrowableCollector.execute(ThrowableCollector.java:73)
	at org.junit.platform.engine.support.hierarchical.NodeTestTask.lambda$executeRecursively$7(NodeTestTask.java:125)
	at org.junit.platform.engine.support.hierarchical.NodeTestTask$$Lambda$178/1890627974.invoke(Unknown Source)
	at org.junit.platform.engine.support.hierarchical.Node.around(Node.java:135)
	at org.junit.platform.engine.support.hierarchical.NodeTestTask.lambda$executeRecursively$8(NodeTestTask.java:123)
	at org.junit.platform.engine.support.hierarchical.NodeTestTask$$Lambda$177/231977479.execute(Unknown Source)
	at org.junit.platform.engine.support.hierarchical.ThrowableCollector.execute(ThrowableCollector.java:73)
	at org.junit.platform.engine.support.hierarchical.NodeTestTask.executeRecursively(NodeTestTask.java:122)
	at org.junit.platform.engine.support.hierarchical.NodeTestTask.execute(NodeTestTask.java:80)
	at org.junit.platform.engine.support.hierarchical.SameThreadHierarchicalTestExecutorService.submit(SameThreadHierarchicalTestExecutorService.java:32)
	at org.junit.platform.engine.support.hierarchical.HierarchicalTestExecutor.execute(HierarchicalTestExecutor.java:57)
	at org.junit.platform.engine.support.hierarchical.HierarchicalTestEngine.execute(HierarchicalTestEngine.java:51)
	at org.junit.platform.launcher.core.DefaultLauncher.execute(DefaultLauncher.java:248)
	at org.junit.platform.launcher.core.DefaultLauncher.lambda$execute$5(DefaultLauncher.java:211)
	at org.junit.platform.launcher.core.DefaultLauncher$$Lambda$143/233996206.accept(Unknown Source)
	at org.junit.platform.launcher.core.DefaultLauncher.withInterceptedStreams(DefaultLauncher.java:226)
	at org.junit.platform.launcher.core.DefaultLauncher.execute(DefaultLauncher.java:199)
	at org.junit.platform.launcher.core.DefaultLauncher.execute(DefaultLauncher.java:132)
	at org.apache.maven.surefire.junitplatform.JUnitPlatformProvider.invokeAllTests(JUnitPlatformProvider.java:142)
	at org.apache.maven.surefire.junitplatform.JUnitPlatformProvider.invoke(JUnitPlatformProvider.java:113)
	at org.apache.maven.surefire.booter.ForkedBooter.invokeProviderInSameClassLoader(ForkedBooter.java:384)
	at org.apache.maven.surefire.booter.ForkedBooter.runSuitesInProcess(ForkedBooter.java:345)
	at org.apache.maven.surefire.booter.ForkedBooter.execute(ForkedBooter.java:126)
	at org.apache.maven.surefire.booter.ForkedBooter.main(ForkedBooter.java:418)
2021-11-08 11:14:33,322 [myid:] - INFO  [main:FourLetterWordMain@94] - connecting to 127.0.0.1 30110
2021-11-08 11:14:33,323 [myid:1] - WARN  [nioEventLoopGroup-47-7:NettyServerCnxnFactory$CnxnChannelHandler@231] - Zookeeper server is not running, close the connection before starting the TLS handshake
2021-11-08 11:14:33,589 [myid:] - INFO  [main:FourLetterWordMain@94] - connecting to 127.0.0.1 30110
2021-11-08 11:14:33,590 [myid:1] - WARN  [nioEventLoopGroup-47-8:NettyServerCnxnFactory$CnxnChannelHandler@231] - Zookeeper server is not running, close the connection before starting the TLS handshake
2021-11-08 11:14:33,855 [myid:] - INFO  [main:FourLetterWordMain@94] - connecting to 127.0.0.1 30110
2021-11-08 11:14:33,856 [myid:1] - WARN  [nioEventLoopGroup-47-9:NettyServerCnxnFactory$CnxnChannelHandler@231] - Zookeeper server is not running, close the connection before starting the TLS handshake
2021-11-08 11:14:34,119 [myid:] - INFO  [main:FourLetterWordMain@94] - connecting to 127.0.0.1 30110
2021-11-08 11:14:34,119 [myid:1] - WARN  [nioEventLoopGroup-47-10:NettyServerCnxnFactory$CnxnChannelHandler@231] - Zookeeper server is not running, close the connection before starting the TLS handshake
2021-11-08 11:14:34,384 [myid:] - INFO  [main:FourLetterWordMain@94] - connecting to 127.0.0.1 30110
2021-11-08 11:14:34,384 [myid:1] - WARN  [nioEventLoopGroup-47-11:NettyServerCnxnFactory$CnxnChannelHandler@231] - Zookeeper server is not running, close the connection before starting the TLS handshake
2021-11-08 11:14:34,635 [myid:] - INFO  [main:FourLetterWordMain@94] - connecting to 127.0.0.1 30110
2021-11-08 11:14:34,635 [myid:1] - WARN  [nioEventLoopGroup-47-12:NettyServerCnxnFactory$CnxnChannelHandler@231] - Zookeeper server is not running, close the connection before starting the TLS handshake
2021-11-08 11:14:34,902 [myid:] - INFO  [main:FourLetterWordMain@94] - connecting to 127.0.0.1 30110
2021-11-08 11:14:34,902 [myid:1] - WARN  [nioEventLoopGroup-47-1:NettyServerCnxnFactory$CnxnChannelHandler@231] - Zookeeper server is not running, close the connection before starting the TLS handshake
2021-11-08 11:14:35,155 [myid:] - INFO  [main:FourLetterWordMain@94] - connecting to 127.0.0.1 30110
2021-11-08 11:14:35,155 [myid:1] - WARN  [nioEventLoopGroup-47-2:NettyServerCnxnFactory$CnxnChannelHandler@231] - Zookeeper server is not running, close the connection before starting the TLS handshake
2021-11-08 11:14:35,421 [myid:] - INFO  [main:FourLetterWordMain@94] - connecting to 127.0.0.1 30110
2021-11-08 11:14:35,421 [myid:1] - WARN  [nioEventLoopGroup-47-3:NettyServerCnxnFactory$CnxnChannelHandler@231] - Zookeeper server is not running, close the connection before starting the TLS handshake
2021-11-08 11:14:35,685 [myid:] - INFO  [main:FourLetterWordMain@94] - connecting to 127.0.0.1 30110
2021-11-08 11:14:35,685 [myid:1] - WARN  [nioEventLoopGroup-47-4:NettyServerCnxnFactory$CnxnChannelHandler@231] - Zookeeper server is not running, close the connection before starting the TLS handshake
2021-11-08 11:14:35,938 [myid:] - INFO  [main:FourLetterWordMain@94] - connecting to 127.0.0.1 30110
2021-11-08 11:14:35,939 [myid:1] - WARN  [nioEventLoopGroup-47-5:NettyServerCnxnFactory$CnxnChannelHandler@231] - Zookeeper server is not running, close the connection before starting the TLS handshake
2021-11-08 11:14:36,203 [myid:] - INFO  [main:FourLetterWordMain@94] - connecting to 127.0.0.1 30110
2021-11-08 11:14:36,203 [myid:1] - WARN  [nioEventLoopGroup-47-6:NettyServerCnxnFactory$CnxnChannelHandler@231] - Zookeeper server is not running, close the connection before starting the TLS handshake
2021-11-08 11:14:36,454 [myid:] - INFO  [main:FourLetterWordMain@94] - connecting to 127.0.0.1 30110
2021-11-08 11:14:36,454 [myid:1] - WARN  [nioEventLoopGroup-47-7:NettyServerCnxnFactory$CnxnChannelHandler@231] - Zookeeper server is not running, close the connection before starting the TLS handshake
2021-11-08 11:14:36,469 [myid:] - INFO  [main:ClientBase@267] - server 127.0.0.1:30110 not up
java.net.SocketException: Software caused connection abort: recv failed
	at java.net.SocketInputStream.socketRead0(Native Method)
	at java.net.SocketInputStream.read(SocketInputStream.java:150)
	at java.net.SocketInputStream.read(SocketInputStream.java:121)
	at sun.nio.cs.StreamDecoder.readBytes(StreamDecoder.java:284)
	at sun.nio.cs.StreamDecoder.implRead(StreamDecoder.java:326)
	at sun.nio.cs.StreamDecoder.read(StreamDecoder.java:178)
	at java.io.InputStreamReader.read(InputStreamReader.java:184)
	at java.io.BufferedReader.fill(BufferedReader.java:161)
	at java.io.BufferedReader.readLine(BufferedReader.java:324)
	at java.io.BufferedReader.readLine(BufferedReader.java:389)
	at org.apache.zookeeper.client.FourLetterWordMain.send4LetterWord(FourLetterWordMain.java:129)
	at org.apache.zookeeper.client.FourLetterWordMain.send4LetterWord(FourLetterWordMain.java:74)
	at org.apache.zookeeper.test.ClientBase.waitForServerUp(ClientBase.java:258)
	at org.apache.zookeeper.test.ClientBase.waitForServerUp(ClientBase.java:249)
	at org.apache.zookeeper.server.quorum.QuorumSSLTest.testHostnameVerification(QuorumSSLTest.java:671)
	at org.apache.zookeeper.server.quorum.QuorumSSLTest.testHostnameVerificationWithValidIpAddressAndInvalidHostname(QuorumSSLTest.java:654)
	at sun.reflect.NativeMethodAccessorImpl.invoke0(Native Method)
	at sun.reflect.NativeMethodAccessorImpl.invoke(NativeMethodAccessorImpl.java:62)
	at sun.reflect.DelegatingMethodAccessorImpl.invoke(DelegatingMethodAccessorImpl.java:43)
	at java.lang.reflect.Method.invoke(Method.java:483)
	at org.junit.platform.commons.util.ReflectionUtils.invokeMethod(ReflectionUtils.java:686)
	at org.junit.jupiter.engine.execution.MethodInvocation.proceed(MethodInvocation.java:60)
	at org.junit.jupiter.engine.execution.InvocationInterceptorChain$ValidatingInvocation.proceed(InvocationInterceptorChain.java:131)
	at org.junit.jupiter.engine.extension.TimeoutInvocation.proceed(TimeoutInvocation.java:46)
	at org.junit.jupiter.engine.extension.TimeoutExtension.intercept(TimeoutExtension.java:149)
	at org.junit.jupiter.engine.extension.TimeoutExtension.interceptTestableMethod(TimeoutExtension.java:140)
	at org.junit.jupiter.engine.extension.TimeoutExtension.interceptTestMethod(TimeoutExtension.java:84)
	at org.junit.jupiter.engine.descriptor.TestMethodTestDescriptor$$Lambda$111/1780132728.apply(Unknown Source)
	at org.junit.jupiter.engine.execution.ExecutableInvoker$ReflectiveInterceptorCall.lambda$ofVoidMethod$0(ExecutableInvoker.java:115)
	at org.junit.jupiter.engine.execution.ExecutableInvoker$ReflectiveInterceptorCall$$Lambda$112/1725017993.apply(Unknown Source)
	at org.junit.jupiter.engine.execution.ExecutableInvoker.lambda$invoke$0(ExecutableInvoker.java:105)
	at org.junit.jupiter.engine.execution.ExecutableInvoker$$Lambda$234/64133603.apply(Unknown Source)
	at org.junit.jupiter.engine.execution.InvocationInterceptorChain$InterceptedInvocation.proceed(InvocationInterceptorChain.java:106)
	at org.junit.jupiter.engine.execution.InvocationInterceptorChain.proceed(InvocationInterceptorChain.java:64)
	at org.junit.jupiter.engine.execution.InvocationInterceptorChain.chainAndInvoke(InvocationInterceptorChain.java:45)
	at org.junit.jupiter.engine.execution.InvocationInterceptorChain.invoke(InvocationInterceptorChain.java:37)
	at org.junit.jupiter.engine.execution.ExecutableInvoker.invoke(ExecutableInvoker.java:104)
	at org.junit.jupiter.engine.execution.ExecutableInvoker.invoke(ExecutableInvoker.java:98)
	at org.junit.jupiter.engine.descriptor.TestMethodTestDescriptor.lambda$invokeTestMethod$6(TestMethodTestDescriptor.java:212)
	at org.junit.jupiter.engine.descriptor.TestMethodTestDescriptor$$Lambda$271/224100622.execute(Unknown Source)
	at org.junit.platform.engine.support.hierarchical.ThrowableCollector.execute(ThrowableCollector.java:73)
	at org.junit.jupiter.engine.descriptor.TestMethodTestDescriptor.invokeTestMethod(TestMethodTestDescriptor.java:208)
	at org.junit.jupiter.engine.descriptor.TestMethodTestDescriptor.execute(TestMethodTestDescriptor.java:137)
	at org.junit.jupiter.engine.descriptor.TestMethodTestDescriptor.execute(TestMethodTestDescriptor.java:71)
	at org.junit.platform.engine.support.hierarchical.NodeTestTask.lambda$executeRecursively$5(NodeTestTask.java:135)
	at org.junit.platform.engine.support.hierarchical.NodeTestTask$$Lambda$179/195615004.execute(Unknown Source)
	at org.junit.platform.engine.support.hierarchical.ThrowableCollector.execute(ThrowableCollector.java:73)
	at org.junit.platform.engine.support.hierarchical.NodeTestTask.lambda$executeRecursively$7(NodeTestTask.java:125)
	at org.junit.platform.engine.support.hierarchical.NodeTestTask$$Lambda$178/1890627974.invoke(Unknown Source)
	at org.junit.platform.engine.support.hierarchical.Node.around(Node.java:135)
	at org.junit.platform.engine.support.hierarchical.NodeTestTask.lambda$executeRecursively$8(NodeTestTask.java:123)
	at org.junit.platform.engine.support.hierarchical.NodeTestTask$$Lambda$177/231977479.execute(Unknown Source)
	at org.junit.platform.engine.support.hierarchical.ThrowableCollector.execute(ThrowableCollector.java:73)
	at org.junit.platform.engine.support.hierarchical.NodeTestTask.executeRecursively(NodeTestTask.java:122)
	at org.junit.platform.engine.support.hierarchical.NodeTestTask.execute(NodeTestTask.java:80)
	at org.junit.platform.engine.support.hierarchical.SameThreadHierarchicalTestExecutorService$$Lambda$183/1381713434.accept(Unknown Source)
	at java.util.ArrayList.forEach(ArrayList.java:1249)
	at org.junit.platform.engine.support.hierarchical.SameThreadHierarchicalTestExecutorService.invokeAll(SameThreadHierarchicalTestExecutorService.java:38)
	at org.junit.platform.engine.support.hierarchical.NodeTestTask.lambda$executeRecursively$5(NodeTestTask.java:139)
	at org.junit.platform.engine.support.hierarchical.NodeTestTask$$Lambda$179/195615004.execute(Unknown Source)
	at org.junit.platform.engine.support.hierarchical.ThrowableCollector.execute(ThrowableCollector.java:73)
	at org.junit.platform.engine.support.hierarchical.NodeTestTask.lambda$executeRecursively$7(NodeTestTask.java:125)
	at org.junit.platform.engine.support.hierarchical.NodeTestTask$$Lambda$178/1890627974.invoke(Unknown Source)
	at org.junit.platform.engine.support.hierarchical.Node.around(Node.java:135)
	at org.junit.platform.engine.support.hierarchical.NodeTestTask.lambda$executeRecursively$8(NodeTestTask.java:123)
	at org.junit.platform.engine.support.hierarchical.NodeTestTask$$Lambda$177/231977479.execute(Unknown Source)
	at org.junit.platform.engine.support.hierarchical.ThrowableCollector.execute(ThrowableCollector.java:73)
	at org.junit.platform.engine.support.hierarchical.NodeTestTask.executeRecursively(NodeTestTask.java:122)
	at org.junit.platform.engine.support.hierarchical.NodeTestTask.execute(NodeTestTask.java:80)
	at org.junit.platform.engine.support.hierarchical.SameThreadHierarchicalTestExecutorService$$Lambda$183/1381713434.accept(Unknown Source)
	at java.util.ArrayList.forEach(ArrayList.java:1249)
	at org.junit.platform.engine.support.hierarchical.SameThreadHierarchicalTestExecutorService.invokeAll(SameThreadHierarchicalTestExecutorService.java:38)
	at org.junit.platform.engine.support.hierarchical.NodeTestTask.lambda$executeRecursively$5(NodeTestTask.java:139)
	at org.junit.platform.engine.support.hierarchical.NodeTestTask$$Lambda$179/195615004.execute(Unknown Source)
	at org.junit.platform.engine.support.hierarchical.ThrowableCollector.execute(ThrowableCollector.java:73)
	at org.junit.platform.engine.support.hierarchical.NodeTestTask.lambda$executeRecursively$7(NodeTestTask.java:125)
	at org.junit.platform.engine.support.hierarchical.NodeTestTask$$Lambda$178/1890627974.invoke(Unknown Source)
	at org.junit.platform.engine.support.hierarchical.Node.around(Node.java:135)
	at org.junit.platform.engine.support.hierarchical.NodeTestTask.lambda$executeRecursively$8(NodeTestTask.java:123)
	at org.junit.platform.engine.support.hierarchical.NodeTestTask$$Lambda$177/231977479.execute(Unknown Source)
	at org.junit.platform.engine.support.hierarchical.ThrowableCollector.execute(ThrowableCollector.java:73)
	at org.junit.platform.engine.support.hierarchical.NodeTestTask.executeRecursively(NodeTestTask.java:122)
	at org.junit.platform.engine.support.hierarchical.NodeTestTask.execute(NodeTestTask.java:80)
	at org.junit.platform.engine.support.hierarchical.SameThreadHierarchicalTestExecutorService.submit(SameThreadHierarchicalTestExecutorService.java:32)
	at org.junit.platform.engine.support.hierarchical.HierarchicalTestExecutor.execute(HierarchicalTestExecutor.java:57)
	at org.junit.platform.engine.support.hierarchical.HierarchicalTestEngine.execute(HierarchicalTestEngine.java:51)
	at org.junit.platform.launcher.core.DefaultLauncher.execute(DefaultLauncher.java:248)
	at org.junit.platform.launcher.core.DefaultLauncher.lambda$execute$5(DefaultLauncher.java:211)
	at org.junit.platform.launcher.core.DefaultLauncher$$Lambda$143/233996206.accept(Unknown Source)
	at org.junit.platform.launcher.core.DefaultLauncher.withInterceptedStreams(DefaultLauncher.java:226)
	at org.junit.platform.launcher.core.DefaultLauncher.execute(DefaultLauncher.java:199)
	at org.junit.platform.launcher.core.DefaultLauncher.execute(DefaultLauncher.java:132)
	at org.apache.maven.surefire.junitplatform.JUnitPlatformProvider.invokeAllTests(JUnitPlatformProvider.java:142)
	at org.apache.maven.surefire.junitplatform.JUnitPlatformProvider.invoke(JUnitPlatformProvider.java:113)
	at org.apache.maven.surefire.booter.ForkedBooter.invokeProviderInSameClassLoader(ForkedBooter.java:384)
	at org.apache.maven.surefire.booter.ForkedBooter.runSuitesInProcess(ForkedBooter.java:345)
	at org.apache.maven.surefire.booter.ForkedBooter.execute(ForkedBooter.java:126)
	at org.apache.maven.surefire.booter.ForkedBooter.main(ForkedBooter.java:418)
2021-11-08 11:14:36,721 [myid:] - INFO  [main:FourLetterWordMain@94] - connecting to 127.0.0.1 30110
2021-11-08 11:14:36,721 [myid:1] - WARN  [nioEventLoopGroup-47-8:NettyServerCnxnFactory$CnxnChannelHandler@231] - Zookeeper server is not running, close the connection before starting the TLS handshake
2021-11-08 11:14:36,737 [myid:] - INFO  [main:ClientBase@267] - server 127.0.0.1:30110 not up
java.net.SocketException: Software caused connection abort: recv failed
	at java.net.SocketInputStream.socketRead0(Native Method)
	at java.net.SocketInputStream.read(SocketInputStream.java:150)
	at java.net.SocketInputStream.read(SocketInputStream.java:121)
	at sun.nio.cs.StreamDecoder.readBytes(StreamDecoder.java:284)
	at sun.nio.cs.StreamDecoder.implRead(StreamDecoder.java:326)
	at sun.nio.cs.StreamDecoder.read(StreamDecoder.java:178)
	at java.io.InputStreamReader.read(InputStreamReader.java:184)
	at java.io.BufferedReader.fill(BufferedReader.java:161)
	at java.io.BufferedReader.readLine(BufferedReader.java:324)
	at java.io.BufferedReader.readLine(BufferedReader.java:389)
	at org.apache.zookeeper.client.FourLetterWordMain.send4LetterWord(FourLetterWordMain.java:129)
	at org.apache.zookeeper.client.FourLetterWordMain.send4LetterWord(FourLetterWordMain.java:74)
	at org.apache.zookeeper.test.ClientBase.waitForServerUp(ClientBase.java:258)
	at org.apache.zookeeper.test.ClientBase.waitForServerUp(ClientBase.java:249)
	at org.apache.zookeeper.server.quorum.QuorumSSLTest.testHostnameVerification(QuorumSSLTest.java:671)
	at org.apache.zookeeper.server.quorum.QuorumSSLTest.testHostnameVerificationWithValidIpAddressAndInvalidHostname(QuorumSSLTest.java:654)
	at sun.reflect.NativeMethodAccessorImpl.invoke0(Native Method)
	at sun.reflect.NativeMethodAccessorImpl.invoke(NativeMethodAccessorImpl.java:62)
	at sun.reflect.DelegatingMethodAccessorImpl.invoke(DelegatingMethodAccessorImpl.java:43)
	at java.lang.reflect.Method.invoke(Method.java:483)
	at org.junit.platform.commons.util.ReflectionUtils.invokeMethod(ReflectionUtils.java:686)
	at org.junit.jupiter.engine.execution.MethodInvocation.proceed(MethodInvocation.java:60)
	at org.junit.jupiter.engine.execution.InvocationInterceptorChain$ValidatingInvocation.proceed(InvocationInterceptorChain.java:131)
	at org.junit.jupiter.engine.extension.TimeoutInvocation.proceed(TimeoutInvocation.java:46)
	at org.junit.jupiter.engine.extension.TimeoutExtension.intercept(TimeoutExtension.java:149)
	at org.junit.jupiter.engine.extension.TimeoutExtension.interceptTestableMethod(TimeoutExtension.java:140)
	at org.junit.jupiter.engine.extension.TimeoutExtension.interceptTestMethod(TimeoutExtension.java:84)
	at org.junit.jupiter.engine.descriptor.TestMethodTestDescriptor$$Lambda$111/1780132728.apply(Unknown Source)
	at org.junit.jupiter.engine.execution.ExecutableInvoker$ReflectiveInterceptorCall.lambda$ofVoidMethod$0(ExecutableInvoker.java:115)
	at org.junit.jupiter.engine.execution.ExecutableInvoker$ReflectiveInterceptorCall$$Lambda$112/1725017993.apply(Unknown Source)
	at org.junit.jupiter.engine.execution.ExecutableInvoker.lambda$invoke$0(ExecutableInvoker.java:105)
	at org.junit.jupiter.engine.execution.ExecutableInvoker$$Lambda$234/64133603.apply(Unknown Source)
	at org.junit.jupiter.engine.execution.InvocationInterceptorChain$InterceptedInvocation.proceed(InvocationInterceptorChain.java:106)
	at org.junit.jupiter.engine.execution.InvocationInterceptorChain.proceed(InvocationInterceptorChain.java:64)
	at org.junit.jupiter.engine.execution.InvocationInterceptorChain.chainAndInvoke(InvocationInterceptorChain.java:45)
	at org.junit.jupiter.engine.execution.InvocationInterceptorChain.invoke(InvocationInterceptorChain.java:37)
	at org.junit.jupiter.engine.execution.ExecutableInvoker.invoke(ExecutableInvoker.java:104)
	at org.junit.jupiter.engine.execution.ExecutableInvoker.invoke(ExecutableInvoker.java:98)
	at org.junit.jupiter.engine.descriptor.TestMethodTestDescriptor.lambda$invokeTestMethod$6(TestMethodTestDescriptor.java:212)
	at org.junit.jupiter.engine.descriptor.TestMethodTestDescriptor$$Lambda$271/224100622.execute(Unknown Source)
	at org.junit.platform.engine.support.hierarchical.ThrowableCollector.execute(ThrowableCollector.java:73)
	at org.junit.jupiter.engine.descriptor.TestMethodTestDescriptor.invokeTestMethod(TestMethodTestDescriptor.java:208)
	at org.junit.jupiter.engine.descriptor.TestMethodTestDescriptor.execute(TestMethodTestDescriptor.java:137)
	at org.junit.jupiter.engine.descriptor.TestMethodTestDescriptor.execute(TestMethodTestDescriptor.java:71)
	at org.junit.platform.engine.support.hierarchical.NodeTestTask.lambda$executeRecursively$5(NodeTestTask.java:135)
	at org.junit.platform.engine.support.hierarchical.NodeTestTask$$Lambda$179/195615004.execute(Unknown Source)
	at org.junit.platform.engine.support.hierarchical.ThrowableCollector.execute(ThrowableCollector.java:73)
	at org.junit.platform.engine.support.hierarchical.NodeTestTask.lambda$executeRecursively$7(NodeTestTask.java:125)
	at org.junit.platform.engine.support.hierarchical.NodeTestTask$$Lambda$178/1890627974.invoke(Unknown Source)
	at org.junit.platform.engine.support.hierarchical.Node.around(Node.java:135)
	at org.junit.platform.engine.support.hierarchical.NodeTestTask.lambda$executeRecursively$8(NodeTestTask.java:123)
	at org.junit.platform.engine.support.hierarchical.NodeTestTask$$Lambda$177/231977479.execute(Unknown Source)
	at org.junit.platform.engine.support.hierarchical.ThrowableCollector.execute(ThrowableCollector.java:73)
	at org.junit.platform.engine.support.hierarchical.NodeTestTask.executeRecursively(NodeTestTask.java:122)
	at org.junit.platform.engine.support.hierarchical.NodeTestTask.execute(NodeTestTask.java:80)
	at org.junit.platform.engine.support.hierarchical.SameThreadHierarchicalTestExecutorService$$Lambda$183/1381713434.accept(Unknown Source)
	at java.util.ArrayList.forEach(ArrayList.java:1249)
	at org.junit.platform.engine.support.hierarchical.SameThreadHierarchicalTestExecutorService.invokeAll(SameThreadHierarchicalTestExecutorService.java:38)
	at org.junit.platform.engine.support.hierarchical.NodeTestTask.lambda$executeRecursively$5(NodeTestTask.java:139)
	at org.junit.platform.engine.support.hierarchical.NodeTestTask$$Lambda$179/195615004.execute(Unknown Source)
	at org.junit.platform.engine.support.hierarchical.ThrowableCollector.execute(ThrowableCollector.java:73)
	at org.junit.platform.engine.support.hierarchical.NodeTestTask.lambda$executeRecursively$7(NodeTestTask.java:125)
	at org.junit.platform.engine.support.hierarchical.NodeTestTask$$Lambda$178/1890627974.invoke(Unknown Source)
	at org.junit.platform.engine.support.hierarchical.Node.around(Node.java:135)
	at org.junit.platform.engine.support.hierarchical.NodeTestTask.lambda$executeRecursively$8(NodeTestTask.java:123)
	at org.junit.platform.engine.support.hierarchical.NodeTestTask$$Lambda$177/231977479.execute(Unknown Source)
	at org.junit.platform.engine.support.hierarchical.ThrowableCollector.execute(ThrowableCollector.java:73)
	at org.junit.platform.engine.support.hierarchical.NodeTestTask.executeRecursively(NodeTestTask.java:122)
	at org.junit.platform.engine.support.hierarchical.NodeTestTask.execute(NodeTestTask.java:80)
	at org.junit.platform.engine.support.hierarchical.SameThreadHierarchicalTestExecutorService$$Lambda$183/1381713434.accept(Unknown Source)
	at java.util.ArrayList.forEach(ArrayList.java:1249)
	at org.junit.platform.engine.support.hierarchical.SameThreadHierarchicalTestExecutorService.invokeAll(SameThreadHierarchicalTestExecutorService.java:38)
	at org.junit.platform.engine.support.hierarchical.NodeTestTask.lambda$executeRecursively$5(NodeTestTask.java:139)
	at org.junit.platform.engine.support.hierarchical.NodeTestTask$$Lambda$179/195615004.execute(Unknown Source)
	at org.junit.platform.engine.support.hierarchical.ThrowableCollector.execute(ThrowableCollector.java:73)
	at org.junit.platform.engine.support.hierarchical.NodeTestTask.lambda$executeRecursively$7(NodeTestTask.java:125)
	at org.junit.platform.engine.support.hierarchical.NodeTestTask$$Lambda$178/1890627974.invoke(Unknown Source)
	at org.junit.platform.engine.support.hierarchical.Node.around(Node.java:135)
	at org.junit.platform.engine.support.hierarchical.NodeTestTask.lambda$executeRecursively$8(NodeTestTask.java:123)
	at org.junit.platform.engine.support.hierarchical.NodeTestTask$$Lambda$177/231977479.execute(Unknown Source)
	at org.junit.platform.engine.support.hierarchical.ThrowableCollector.execute(ThrowableCollector.java:73)
	at org.junit.platform.engine.support.hierarchical.NodeTestTask.executeRecursively(NodeTestTask.java:122)
	at org.junit.platform.engine.support.hierarchical.NodeTestTask.execute(NodeTestTask.java:80)
	at org.junit.platform.engine.support.hierarchical.SameThreadHierarchicalTestExecutorService.submit(SameThreadHierarchicalTestExecutorService.java:32)
	at org.junit.platform.engine.support.hierarchical.HierarchicalTestExecutor.execute(HierarchicalTestExecutor.java:57)
	at org.junit.platform.engine.support.hierarchical.HierarchicalTestEngine.execute(HierarchicalTestEngine.java:51)
	at org.junit.platform.launcher.core.DefaultLauncher.execute(DefaultLauncher.java:248)
	at org.junit.platform.launcher.core.DefaultLauncher.lambda$execute$5(DefaultLauncher.java:211)
	at org.junit.platform.launcher.core.DefaultLauncher$$Lambda$143/233996206.accept(Unknown Source)
	at org.junit.platform.launcher.core.DefaultLauncher.withInterceptedStreams(DefaultLauncher.java:226)
	at org.junit.platform.launcher.core.DefaultLauncher.execute(DefaultLauncher.java:199)
	at org.junit.platform.launcher.core.DefaultLauncher.execute(DefaultLauncher.java:132)
	at org.apache.maven.surefire.junitplatform.JUnitPlatformProvider.invokeAllTests(JUnitPlatformProvider.java:142)
	at org.apache.maven.surefire.junitplatform.JUnitPlatformProvider.invoke(JUnitPlatformProvider.java:113)
	at org.apache.maven.surefire.booter.ForkedBooter.invokeProviderInSameClassLoader(ForkedBooter.java:384)
	at org.apache.maven.surefire.booter.ForkedBooter.runSuitesInProcess(ForkedBooter.java:345)
	at org.apache.maven.surefire.booter.ForkedBooter.execute(ForkedBooter.java:126)
	at org.apache.maven.surefire.booter.ForkedBooter.main(ForkedBooter.java:418)
2021-11-08 11:14:36,988 [myid:] - INFO  [main:FourLetterWordMain@94] - connecting to 127.0.0.1 30110
2021-11-08 11:14:36,988 [myid:1] - WARN  [nioEventLoopGroup-47-9:NettyServerCnxnFactory$CnxnChannelHandler@231] - Zookeeper server is not running, close the connection before starting the TLS handshake
2021-11-08 11:14:37,242 [myid:] - INFO  [main:FourLetterWordMain@94] - connecting to 127.0.0.1 30110
2021-11-08 11:14:37,242 [myid:1] - WARN  [nioEventLoopGroup-47-10:NettyServerCnxnFactory$CnxnChannelHandler@231] - Zookeeper server is not running, close the connection before starting the TLS handshake
2021-11-08 11:14:37,496 [myid:] - INFO  [main:FourLetterWordMain@94] - connecting to 127.0.0.1 30110
2021-11-08 11:14:37,496 [myid:1] - WARN  [nioEventLoopGroup-47-11:NettyServerCnxnFactory$CnxnChannelHandler@231] - Zookeeper server is not running, close the connection before starting the TLS handshake
2021-11-08 11:14:37,757 [myid:] - INFO  [main:FourLetterWordMain@94] - connecting to 127.0.0.1 30110
2021-11-08 11:14:37,757 [myid:1] - WARN  [nioEventLoopGroup-47-12:NettyServerCnxnFactory$CnxnChannelHandler@231] - Zookeeper server is not running, close the connection before starting the TLS handshake
2021-11-08 11:14:38,023 [myid:] - INFO  [main:FourLetterWordMain@94] - connecting to 127.0.0.1 30110
2021-11-08 11:14:38,025 [myid:1] - WARN  [nioEventLoopGroup-47-1:NettyServerCnxnFactory$CnxnChannelHandler@231] - Zookeeper server is not running, close the connection before starting the TLS handshake
2021-11-08 11:14:38,286 [myid:] - INFO  [main:FourLetterWordMain@94] - connecting to 127.0.0.1 30110
2021-11-08 11:14:38,287 [myid:1] - WARN  [nioEventLoopGroup-47-2:NettyServerCnxnFactory$CnxnChannelHandler@231] - Zookeeper server is not running, close the connection before starting the TLS handshake
2021-11-08 11:14:38,550 [myid:] - INFO  [main:FourLetterWordMain@94] - connecting to 127.0.0.1 30110
2021-11-08 11:14:38,552 [myid:1] - WARN  [nioEventLoopGroup-47-3:NettyServerCnxnFactory$CnxnChannelHandler@231] - Zookeeper server is not running, close the connection before starting the TLS handshake
2021-11-08 11:14:38,817 [myid:] - INFO  [main:FourLetterWordMain@94] - connecting to 127.0.0.1 30110
2021-11-08 11:14:38,817 [myid:1] - WARN  [nioEventLoopGroup-47-4:NettyServerCnxnFactory$CnxnChannelHandler@231] - Zookeeper server is not running, close the connection before starting the TLS handshake
2021-11-08 11:14:39,080 [myid:] - INFO  [main:FourLetterWordMain@94] - connecting to 127.0.0.1 30110
2021-11-08 11:14:39,080 [myid:1] - WARN  [nioEventLoopGroup-47-5:NettyServerCnxnFactory$CnxnChannelHandler@231] - Zookeeper server is not running, close the connection before starting the TLS handshake
2021-11-08 11:14:39,332 [myid:] - INFO  [main:FourLetterWordMain@94] - connecting to 127.0.0.1 30110
2021-11-08 11:14:39,333 [myid:1] - WARN  [nioEventLoopGroup-47-6:NettyServerCnxnFactory$CnxnChannelHandler@231] - Zookeeper server is not running, close the connection before starting the TLS handshake
2021-11-08 11:14:39,597 [myid:] - INFO  [main:FourLetterWordMain@94] - connecting to 127.0.0.1 30110
2021-11-08 11:14:39,597 [myid:1] - WARN  [nioEventLoopGroup-47-7:NettyServerCnxnFactory$CnxnChannelHandler@231] - Zookeeper server is not running, close the connection before starting the TLS handshake
2021-11-08 11:14:39,863 [myid:] - INFO  [main:FourLetterWordMain@94] - connecting to 127.0.0.1 30110
2021-11-08 11:14:39,863 [myid:1] - WARN  [nioEventLoopGroup-47-8:NettyServerCnxnFactory$CnxnChannelHandler@231] - Zookeeper server is not running, close the connection before starting the TLS handshake
2021-11-08 11:14:39,879 [myid:] - INFO  [main:ClientBase@267] - server 127.0.0.1:30110 not up
java.net.SocketException: Software caused connection abort: recv failed
	at java.net.SocketInputStream.socketRead0(Native Method)
	at java.net.SocketInputStream.read(SocketInputStream.java:150)
	at java.net.SocketInputStream.read(SocketInputStream.java:121)
	at sun.nio.cs.StreamDecoder.readBytes(StreamDecoder.java:284)
	at sun.nio.cs.StreamDecoder.implRead(StreamDecoder.java:326)
	at sun.nio.cs.StreamDecoder.read(StreamDecoder.java:178)
	at java.io.InputStreamReader.read(InputStreamReader.java:184)
	at java.io.BufferedReader.fill(BufferedReader.java:161)
	at java.io.BufferedReader.readLine(BufferedReader.java:324)
	at java.io.BufferedReader.readLine(BufferedReader.java:389)
	at org.apache.zookeeper.client.FourLetterWordMain.send4LetterWord(FourLetterWordMain.java:129)
	at org.apache.zookeeper.client.FourLetterWordMain.send4LetterWord(FourLetterWordMain.java:74)
	at org.apache.zookeeper.test.ClientBase.waitForServerUp(ClientBase.java:258)
	at org.apache.zookeeper.test.ClientBase.waitForServerUp(ClientBase.java:249)
	at org.apache.zookeeper.server.quorum.QuorumSSLTest.testHostnameVerification(QuorumSSLTest.java:671)
	at org.apache.zookeeper.server.quorum.QuorumSSLTest.testHostnameVerificationWithValidIpAddressAndInvalidHostname(QuorumSSLTest.java:654)
	at sun.reflect.NativeMethodAccessorImpl.invoke0(Native Method)
	at sun.reflect.NativeMethodAccessorImpl.invoke(NativeMethodAccessorImpl.java:62)
	at sun.reflect.DelegatingMethodAccessorImpl.invoke(DelegatingMethodAccessorImpl.java:43)
	at java.lang.reflect.Method.invoke(Method.java:483)
	at org.junit.platform.commons.util.ReflectionUtils.invokeMethod(ReflectionUtils.java:686)
	at org.junit.jupiter.engine.execution.MethodInvocation.proceed(MethodInvocation.java:60)
	at org.junit.jupiter.engine.execution.InvocationInterceptorChain$ValidatingInvocation.proceed(InvocationInterceptorChain.java:131)
	at org.junit.jupiter.engine.extension.TimeoutInvocation.proceed(TimeoutInvocation.java:46)
	at org.junit.jupiter.engine.extension.TimeoutExtension.intercept(TimeoutExtension.java:149)
	at org.junit.jupiter.engine.extension.TimeoutExtension.interceptTestableMethod(TimeoutExtension.java:140)
	at org.junit.jupiter.engine.extension.TimeoutExtension.interceptTestMethod(TimeoutExtension.java:84)
	at org.junit.jupiter.engine.descriptor.TestMethodTestDescriptor$$Lambda$111/1780132728.apply(Unknown Source)
	at org.junit.jupiter.engine.execution.ExecutableInvoker$ReflectiveInterceptorCall.lambda$ofVoidMethod$0(ExecutableInvoker.java:115)
	at org.junit.jupiter.engine.execution.ExecutableInvoker$ReflectiveInterceptorCall$$Lambda$112/1725017993.apply(Unknown Source)
	at org.junit.jupiter.engine.execution.ExecutableInvoker.lambda$invoke$0(ExecutableInvoker.java:105)
	at org.junit.jupiter.engine.execution.ExecutableInvoker$$Lambda$234/64133603.apply(Unknown Source)
	at org.junit.jupiter.engine.execution.InvocationInterceptorChain$InterceptedInvocation.proceed(InvocationInterceptorChain.java:106)
	at org.junit.jupiter.engine.execution.InvocationInterceptorChain.proceed(InvocationInterceptorChain.java:64)
	at org.junit.jupiter.engine.execution.InvocationInterceptorChain.chainAndInvoke(InvocationInterceptorChain.java:45)
	at org.junit.jupiter.engine.execution.InvocationInterceptorChain.invoke(InvocationInterceptorChain.java:37)
	at org.junit.jupiter.engine.execution.ExecutableInvoker.invoke(ExecutableInvoker.java:104)
	at org.junit.jupiter.engine.execution.ExecutableInvoker.invoke(ExecutableInvoker.java:98)
	at org.junit.jupiter.engine.descriptor.TestMethodTestDescriptor.lambda$invokeTestMethod$6(TestMethodTestDescriptor.java:212)
	at org.junit.jupiter.engine.descriptor.TestMethodTestDescriptor$$Lambda$271/224100622.execute(Unknown Source)
	at org.junit.platform.engine.support.hierarchical.ThrowableCollector.execute(ThrowableCollector.java:73)
	at org.junit.jupiter.engine.descriptor.TestMethodTestDescriptor.invokeTestMethod(TestMethodTestDescriptor.java:208)
	at org.junit.jupiter.engine.descriptor.TestMethodTestDescriptor.execute(TestMethodTestDescriptor.java:137)
	at org.junit.jupiter.engine.descriptor.TestMethodTestDescriptor.execute(TestMethodTestDescriptor.java:71)
	at org.junit.platform.engine.support.hierarchical.NodeTestTask.lambda$executeRecursively$5(NodeTestTask.java:135)
	at org.junit.platform.engine.support.hierarchical.NodeTestTask$$Lambda$179/195615004.execute(Unknown Source)
	at org.junit.platform.engine.support.hierarchical.ThrowableCollector.execute(ThrowableCollector.java:73)
	at org.junit.platform.engine.support.hierarchical.NodeTestTask.lambda$executeRecursively$7(NodeTestTask.java:125)
	at org.junit.platform.engine.support.hierarchical.NodeTestTask$$Lambda$178/1890627974.invoke(Unknown Source)
	at org.junit.platform.engine.support.hierarchical.Node.around(Node.java:135)
	at org.junit.platform.engine.support.hierarchical.NodeTestTask.lambda$executeRecursively$8(NodeTestTask.java:123)
	at org.junit.platform.engine.support.hierarchical.NodeTestTask$$Lambda$177/231977479.execute(Unknown Source)
	at org.junit.platform.engine.support.hierarchical.ThrowableCollector.execute(ThrowableCollector.java:73)
	at org.junit.platform.engine.support.hierarchical.NodeTestTask.executeRecursively(NodeTestTask.java:122)
	at org.junit.platform.engine.support.hierarchical.NodeTestTask.execute(NodeTestTask.java:80)
	at org.junit.platform.engine.support.hierarchical.SameThreadHierarchicalTestExecutorService$$Lambda$183/1381713434.accept(Unknown Source)
	at java.util.ArrayList.forEach(ArrayList.java:1249)
	at org.junit.platform.engine.support.hierarchical.SameThreadHierarchicalTestExecutorService.invokeAll(SameThreadHierarchicalTestExecutorService.java:38)
	at org.junit.platform.engine.support.hierarchical.NodeTestTask.lambda$executeRecursively$5(NodeTestTask.java:139)
	at org.junit.platform.engine.support.hierarchical.NodeTestTask$$Lambda$179/195615004.execute(Unknown Source)
	at org.junit.platform.engine.support.hierarchical.ThrowableCollector.execute(ThrowableCollector.java:73)
	at org.junit.platform.engine.support.hierarchical.NodeTestTask.lambda$executeRecursively$7(NodeTestTask.java:125)
	at org.junit.platform.engine.support.hierarchical.NodeTestTask$$Lambda$178/1890627974.invoke(Unknown Source)
	at org.junit.platform.engine.support.hierarchical.Node.around(Node.java:135)
	at org.junit.platform.engine.support.hierarchical.NodeTestTask.lambda$executeRecursively$8(NodeTestTask.java:123)
	at org.junit.platform.engine.support.hierarchical.NodeTestTask$$Lambda$177/231977479.execute(Unknown Source)
	at org.junit.platform.engine.support.hierarchical.ThrowableCollector.execute(ThrowableCollector.java:73)
	at org.junit.platform.engine.support.hierarchical.NodeTestTask.executeRecursively(NodeTestTask.java:122)
	at org.junit.platform.engine.support.hierarchical.NodeTestTask.execute(NodeTestTask.java:80)
	at org.junit.platform.engine.support.hierarchical.SameThreadHierarchicalTestExecutorService$$Lambda$183/1381713434.accept(Unknown Source)
	at java.util.ArrayList.forEach(ArrayList.java:1249)
	at org.junit.platform.engine.support.hierarchical.SameThreadHierarchicalTestExecutorService.invokeAll(SameThreadHierarchicalTestExecutorService.java:38)
	at org.junit.platform.engine.support.hierarchical.NodeTestTask.lambda$executeRecursively$5(NodeTestTask.java:139)
	at org.junit.platform.engine.support.hierarchical.NodeTestTask$$Lambda$179/195615004.execute(Unknown Source)
	at org.junit.platform.engine.support.hierarchical.ThrowableCollector.execute(ThrowableCollector.java:73)
	at org.junit.platform.engine.support.hierarchical.NodeTestTask.lambda$executeRecursively$7(NodeTestTask.java:125)
	at org.junit.platform.engine.support.hierarchical.NodeTestTask$$Lambda$178/1890627974.invoke(Unknown Source)
	at org.junit.platform.engine.support.hierarchical.Node.around(Node.java:135)
	at org.junit.platform.engine.support.hierarchical.NodeTestTask.lambda$executeRecursively$8(NodeTestTask.java:123)
	at org.junit.platform.engine.support.hierarchical.NodeTestTask$$Lambda$177/231977479.execute(Unknown Source)
	at org.junit.platform.engine.support.hierarchical.ThrowableCollector.execute(ThrowableCollector.java:73)
	at org.junit.platform.engine.support.hierarchical.NodeTestTask.executeRecursively(NodeTestTask.java:122)
	at org.junit.platform.engine.support.hierarchical.NodeTestTask.execute(NodeTestTask.java:80)
	at org.junit.platform.engine.support.hierarchical.SameThreadHierarchicalTestExecutorService.submit(SameThreadHierarchicalTestExecutorService.java:32)
	at org.junit.platform.engine.support.hierarchical.HierarchicalTestExecutor.execute(HierarchicalTestExecutor.java:57)
	at org.junit.platform.engine.support.hierarchical.HierarchicalTestEngine.execute(HierarchicalTestEngine.java:51)
	at org.junit.platform.launcher.core.DefaultLauncher.execute(DefaultLauncher.java:248)
	at org.junit.platform.launcher.core.DefaultLauncher.lambda$execute$5(DefaultLauncher.java:211)
	at org.junit.platform.launcher.core.DefaultLauncher$$Lambda$143/233996206.accept(Unknown Source)
	at org.junit.platform.launcher.core.DefaultLauncher.withInterceptedStreams(DefaultLauncher.java:226)
	at org.junit.platform.launcher.core.DefaultLauncher.execute(DefaultLauncher.java:199)
	at org.junit.platform.launcher.core.DefaultLauncher.execute(DefaultLauncher.java:132)
	at org.apache.maven.surefire.junitplatform.JUnitPlatformProvider.invokeAllTests(JUnitPlatformProvider.java:142)
	at org.apache.maven.surefire.junitplatform.JUnitPlatformProvider.invoke(JUnitPlatformProvider.java:113)
	at org.apache.maven.surefire.booter.ForkedBooter.invokeProviderInSameClassLoader(ForkedBooter.java:384)
	at org.apache.maven.surefire.booter.ForkedBooter.runSuitesInProcess(ForkedBooter.java:345)
	at org.apache.maven.surefire.booter.ForkedBooter.execute(ForkedBooter.java:126)
	at org.apache.maven.surefire.booter.ForkedBooter.main(ForkedBooter.java:418)
2021-11-08 11:14:40,132 [myid:] - INFO  [main:FourLetterWordMain@94] - connecting to 127.0.0.1 30110
2021-11-08 11:14:40,134 [myid:1] - WARN  [nioEventLoopGroup-47-9:NettyServerCnxnFactory$CnxnChannelHandler@231] - Zookeeper server is not running, close the connection before starting the TLS handshake
2021-11-08 11:14:40,400 [myid:] - INFO  [main:FourLetterWordMain@94] - connecting to 127.0.0.1 30110
2021-11-08 11:14:40,400 [myid:1] - WARN  [nioEventLoopGroup-47-10:NettyServerCnxnFactory$CnxnChannelHandler@231] - Zookeeper server is not running, close the connection before starting the TLS handshake
2021-11-08 11:14:40,415 [myid:] - INFO  [main:ClientBase@267] - server 127.0.0.1:30110 not up
java.net.SocketException: Software caused connection abort: recv failed
	at java.net.SocketInputStream.socketRead0(Native Method)
	at java.net.SocketInputStream.read(SocketInputStream.java:150)
	at java.net.SocketInputStream.read(SocketInputStream.java:121)
	at sun.nio.cs.StreamDecoder.readBytes(StreamDecoder.java:284)
	at sun.nio.cs.StreamDecoder.implRead(StreamDecoder.java:326)
	at sun.nio.cs.StreamDecoder.read(StreamDecoder.java:178)
	at java.io.InputStreamReader.read(InputStreamReader.java:184)
	at java.io.BufferedReader.fill(BufferedReader.java:161)
	at java.io.BufferedReader.readLine(BufferedReader.java:324)
	at java.io.BufferedReader.readLine(BufferedReader.java:389)
	at org.apache.zookeeper.client.FourLetterWordMain.send4LetterWord(FourLetterWordMain.java:129)
	at org.apache.zookeeper.client.FourLetterWordMain.send4LetterWord(FourLetterWordMain.java:74)
	at org.apache.zookeeper.test.ClientBase.waitForServerUp(ClientBase.java:258)
	at org.apache.zookeeper.test.ClientBase.waitForServerUp(ClientBase.java:249)
	at org.apache.zookeeper.server.quorum.QuorumSSLTest.testHostnameVerification(QuorumSSLTest.java:671)
	at org.apache.zookeeper.server.quorum.QuorumSSLTest.testHostnameVerificationWithValidIpAddressAndInvalidHostname(QuorumSSLTest.java:654)
	at sun.reflect.NativeMethodAccessorImpl.invoke0(Native Method)
	at sun.reflect.NativeMethodAccessorImpl.invoke(NativeMethodAccessorImpl.java:62)
	at sun.reflect.DelegatingMethodAccessorImpl.invoke(DelegatingMethodAccessorImpl.java:43)
	at java.lang.reflect.Method.invoke(Method.java:483)
	at org.junit.platform.commons.util.ReflectionUtils.invokeMethod(ReflectionUtils.java:686)
	at org.junit.jupiter.engine.execution.MethodInvocation.proceed(MethodInvocation.java:60)
	at org.junit.jupiter.engine.execution.InvocationInterceptorChain$ValidatingInvocation.proceed(InvocationInterceptorChain.java:131)
	at org.junit.jupiter.engine.extension.TimeoutInvocation.proceed(TimeoutInvocation.java:46)
	at org.junit.jupiter.engine.extension.TimeoutExtension.intercept(TimeoutExtension.java:149)
	at org.junit.jupiter.engine.extension.TimeoutExtension.interceptTestableMethod(TimeoutExtension.java:140)
	at org.junit.jupiter.engine.extension.TimeoutExtension.interceptTestMethod(TimeoutExtension.java:84)
	at org.junit.jupiter.engine.descriptor.TestMethodTestDescriptor$$Lambda$111/1780132728.apply(Unknown Source)
	at org.junit.jupiter.engine.execution.ExecutableInvoker$ReflectiveInterceptorCall.lambda$ofVoidMethod$0(ExecutableInvoker.java:115)
	at org.junit.jupiter.engine.execution.ExecutableInvoker$ReflectiveInterceptorCall$$Lambda$112/1725017993.apply(Unknown Source)
	at org.junit.jupiter.engine.execution.ExecutableInvoker.lambda$invoke$0(ExecutableInvoker.java:105)
	at org.junit.jupiter.engine.execution.ExecutableInvoker$$Lambda$234/64133603.apply(Unknown Source)
	at org.junit.jupiter.engine.execution.InvocationInterceptorChain$InterceptedInvocation.proceed(InvocationInterceptorChain.java:106)
	at org.junit.jupiter.engine.execution.InvocationInterceptorChain.proceed(InvocationInterceptorChain.java:64)
	at org.junit.jupiter.engine.execution.InvocationInterceptorChain.chainAndInvoke(InvocationInterceptorChain.java:45)
	at org.junit.jupiter.engine.execution.InvocationInterceptorChain.invoke(InvocationInterceptorChain.java:37)
	at org.junit.jupiter.engine.execution.ExecutableInvoker.invoke(ExecutableInvoker.java:104)
	at org.junit.jupiter.engine.execution.ExecutableInvoker.invoke(ExecutableInvoker.java:98)
	at org.junit.jupiter.engine.descriptor.TestMethodTestDescriptor.lambda$invokeTestMethod$6(TestMethodTestDescriptor.java:212)
	at org.junit.jupiter.engine.descriptor.TestMethodTestDescriptor$$Lambda$271/224100622.execute(Unknown Source)
	at org.junit.platform.engine.support.hierarchical.ThrowableCollector.execute(ThrowableCollector.java:73)
	at org.junit.jupiter.engine.descriptor.TestMethodTestDescriptor.invokeTestMethod(TestMethodTestDescriptor.java:208)
	at org.junit.jupiter.engine.descriptor.TestMethodTestDescriptor.execute(TestMethodTestDescriptor.java:137)
	at org.junit.jupiter.engine.descriptor.TestMethodTestDescriptor.execute(TestMethodTestDescriptor.java:71)
	at org.junit.platform.engine.support.hierarchical.NodeTestTask.lambda$executeRecursively$5(NodeTestTask.java:135)
	at org.junit.platform.engine.support.hierarchical.NodeTestTask$$Lambda$179/195615004.execute(Unknown Source)
	at org.junit.platform.engine.support.hierarchical.ThrowableCollector.execute(ThrowableCollector.java:73)
	at org.junit.platform.engine.support.hierarchical.NodeTestTask.lambda$executeRecursively$7(NodeTestTask.java:125)
	at org.junit.platform.engine.support.hierarchical.NodeTestTask$$Lambda$178/1890627974.invoke(Unknown Source)
	at org.junit.platform.engine.support.hierarchical.Node.around(Node.java:135)
	at org.junit.platform.engine.support.hierarchical.NodeTestTask.lambda$executeRecursively$8(NodeTestTask.java:123)
	at org.junit.platform.engine.support.hierarchical.NodeTestTask$$Lambda$177/231977479.execute(Unknown Source)
	at org.junit.platform.engine.support.hierarchical.ThrowableCollector.execute(ThrowableCollector.java:73)
	at org.junit.platform.engine.support.hierarchical.NodeTestTask.executeRecursively(NodeTestTask.java:122)
	at org.junit.platform.engine.support.hierarchical.NodeTestTask.execute(NodeTestTask.java:80)
	at org.junit.platform.engine.support.hierarchical.SameThreadHierarchicalTestExecutorService$$Lambda$183/1381713434.accept(Unknown Source)
	at java.util.ArrayList.forEach(ArrayList.java:1249)
	at org.junit.platform.engine.support.hierarchical.SameThreadHierarchicalTestExecutorService.invokeAll(SameThreadHierarchicalTestExecutorService.java:38)
	at org.junit.platform.engine.support.hierarchical.NodeTestTask.lambda$executeRecursively$5(NodeTestTask.java:139)
	at org.junit.platform.engine.support.hierarchical.NodeTestTask$$Lambda$179/195615004.execute(Unknown Source)
	at org.junit.platform.engine.support.hierarchical.ThrowableCollector.execute(ThrowableCollector.java:73)
	at org.junit.platform.engine.support.hierarchical.NodeTestTask.lambda$executeRecursively$7(NodeTestTask.java:125)
	at org.junit.platform.engine.support.hierarchical.NodeTestTask$$Lambda$178/1890627974.invoke(Unknown Source)
	at org.junit.platform.engine.support.hierarchical.Node.around(Node.java:135)
	at org.junit.platform.engine.support.hierarchical.NodeTestTask.lambda$executeRecursively$8(NodeTestTask.java:123)
	at org.junit.platform.engine.support.hierarchical.NodeTestTask$$Lambda$177/231977479.execute(Unknown Source)
	at org.junit.platform.engine.support.hierarchical.ThrowableCollector.execute(ThrowableCollector.java:73)
	at org.junit.platform.engine.support.hierarchical.NodeTestTask.executeRecursively(NodeTestTask.java:122)
	at org.junit.platform.engine.support.hierarchical.NodeTestTask.execute(NodeTestTask.java:80)
	at org.junit.platform.engine.support.hierarchical.SameThreadHierarchicalTestExecutorService$$Lambda$183/1381713434.accept(Unknown Source)
	at java.util.ArrayList.forEach(ArrayList.java:1249)
	at org.junit.platform.engine.support.hierarchical.SameThreadHierarchicalTestExecutorService.invokeAll(SameThreadHierarchicalTestExecutorService.java:38)
	at org.junit.platform.engine.support.hierarchical.NodeTestTask.lambda$executeRecursively$5(NodeTestTask.java:139)
	at org.junit.platform.engine.support.hierarchical.NodeTestTask$$Lambda$179/195615004.execute(Unknown Source)
	at org.junit.platform.engine.support.hierarchical.ThrowableCollector.execute(ThrowableCollector.java:73)
	at org.junit.platform.engine.support.hierarchical.NodeTestTask.lambda$executeRecursively$7(NodeTestTask.java:125)
	at org.junit.platform.engine.support.hierarchical.NodeTestTask$$Lambda$178/1890627974.invoke(Unknown Source)
	at org.junit.platform.engine.support.hierarchical.Node.around(Node.java:135)
	at org.junit.platform.engine.support.hierarchical.NodeTestTask.lambda$executeRecursively$8(NodeTestTask.java:123)
	at org.junit.platform.engine.support.hierarchical.NodeTestTask$$Lambda$177/231977479.execute(Unknown Source)
	at org.junit.platform.engine.support.hierarchical.ThrowableCollector.execute(ThrowableCollector.java:73)
	at org.junit.platform.engine.support.hierarchical.NodeTestTask.executeRecursively(NodeTestTask.java:122)
	at org.junit.platform.engine.support.hierarchical.NodeTestTask.execute(NodeTestTask.java:80)
	at org.junit.platform.engine.support.hierarchical.SameThreadHierarchicalTestExecutorService.submit(SameThreadHierarchicalTestExecutorService.java:32)
	at org.junit.platform.engine.support.hierarchical.HierarchicalTestExecutor.execute(HierarchicalTestExecutor.java:57)
	at org.junit.platform.engine.support.hierarchical.HierarchicalTestEngine.execute(HierarchicalTestEngine.java:51)
	at org.junit.platform.launcher.core.DefaultLauncher.execute(DefaultLauncher.java:248)
	at org.junit.platform.launcher.core.DefaultLauncher.lambda$execute$5(DefaultLauncher.java:211)
	at org.junit.platform.launcher.core.DefaultLauncher$$Lambda$143/233996206.accept(Unknown Source)
	at org.junit.platform.launcher.core.DefaultLauncher.withInterceptedStreams(DefaultLauncher.java:226)
	at org.junit.platform.launcher.core.DefaultLauncher.execute(DefaultLauncher.java:199)
	at org.junit.platform.launcher.core.DefaultLauncher.execute(DefaultLauncher.java:132)
	at org.apache.maven.surefire.junitplatform.JUnitPlatformProvider.invokeAllTests(JUnitPlatformProvider.java:142)
	at org.apache.maven.surefire.junitplatform.JUnitPlatformProvider.invoke(JUnitPlatformProvider.java:113)
	at org.apache.maven.surefire.booter.ForkedBooter.invokeProviderInSameClassLoader(ForkedBooter.java:384)
	at org.apache.maven.surefire.booter.ForkedBooter.runSuitesInProcess(ForkedBooter.java:345)
	at org.apache.maven.surefire.booter.ForkedBooter.execute(ForkedBooter.java:126)
	at org.apache.maven.surefire.booter.ForkedBooter.main(ForkedBooter.java:418)
2021-11-08 11:14:40,667 [myid:] - INFO  [main:FourLetterWordMain@94] - connecting to 127.0.0.1 30110
2021-11-08 11:14:40,668 [myid:1] - WARN  [nioEventLoopGroup-47-11:NettyServerCnxnFactory$CnxnChannelHandler@231] - Zookeeper server is not running, close the connection before starting the TLS handshake
2021-11-08 11:14:40,930 [myid:] - INFO  [main:FourLetterWordMain@94] - connecting to 127.0.0.1 30110
2021-11-08 11:14:40,931 [myid:1] - WARN  [nioEventLoopGroup-47-12:NettyServerCnxnFactory$CnxnChannelHandler@231] - Zookeeper server is not running, close the connection before starting the TLS handshake
2021-11-08 11:14:41,106 [myid:1] - INFO  [QuorumPeer[myid=1](plain=[0:0:0:0:0:0:0:0]:30110)(secure=disabled):FastLeaderElection@984] - Notification time out: 25600
2021-11-08 11:14:41,183 [myid:] - INFO  [main:FourLetterWordMain@94] - connecting to 127.0.0.1 30110
2021-11-08 11:14:41,183 [myid:1] - WARN  [nioEventLoopGroup-47-1:NettyServerCnxnFactory$CnxnChannelHandler@231] - Zookeeper server is not running, close the connection before starting the TLS handshake
2021-11-08 11:14:41,184 [myid:2] - INFO  [QuorumPeer[myid=2](plain=[0:0:0:0:0:0:0:0]:30111)(secure=disabled):FastLeaderElection@984] - Notification time out: 25600
2021-11-08 11:14:41,446 [myid:] - INFO  [main:FourLetterWordMain@94] - connecting to 127.0.0.1 30110
2021-11-08 11:14:41,448 [myid:1] - WARN  [nioEventLoopGroup-47-2:NettyServerCnxnFactory$CnxnChannelHandler@231] - Zookeeper server is not running, close the connection before starting the TLS handshake
2021-11-08 11:14:41,698 [myid:] - INFO  [main:FourLetterWordMain@94] - connecting to 127.0.0.1 30110
2021-11-08 11:14:41,699 [myid:1] - WARN  [nioEventLoopGroup-47-3:NettyServerCnxnFactory$CnxnChannelHandler@231] - Zookeeper server is not running, close the connection before starting the TLS handshake
2021-11-08 11:14:41,714 [myid:] - INFO  [main:ClientBase@267] - server 127.0.0.1:30110 not up
java.net.SocketException: Software caused connection abort: recv failed
	at java.net.SocketInputStream.socketRead0(Native Method)
	at java.net.SocketInputStream.read(SocketInputStream.java:150)
	at java.net.SocketInputStream.read(SocketInputStream.java:121)
	at sun.nio.cs.StreamDecoder.readBytes(StreamDecoder.java:284)
	at sun.nio.cs.StreamDecoder.implRead(StreamDecoder.java:326)
	at sun.nio.cs.StreamDecoder.read(StreamDecoder.java:178)
	at java.io.InputStreamReader.read(InputStreamReader.java:184)
	at java.io.BufferedReader.fill(BufferedReader.java:161)
	at java.io.BufferedReader.readLine(BufferedReader.java:324)
	at java.io.BufferedReader.readLine(BufferedReader.java:389)
	at org.apache.zookeeper.client.FourLetterWordMain.send4LetterWord(FourLetterWordMain.java:129)
	at org.apache.zookeeper.client.FourLetterWordMain.send4LetterWord(FourLetterWordMain.java:74)
	at org.apache.zookeeper.test.ClientBase.waitForServerUp(ClientBase.java:258)
	at org.apache.zookeeper.test.ClientBase.waitForServerUp(ClientBase.java:249)
	at org.apache.zookeeper.server.quorum.QuorumSSLTest.testHostnameVerification(QuorumSSLTest.java:671)
	at org.apache.zookeeper.server.quorum.QuorumSSLTest.testHostnameVerificationWithValidIpAddressAndInvalidHostname(QuorumSSLTest.java:654)
	at sun.reflect.NativeMethodAccessorImpl.invoke0(Native Method)
	at sun.reflect.NativeMethodAccessorImpl.invoke(NativeMethodAccessorImpl.java:62)
	at sun.reflect.DelegatingMethodAccessorImpl.invoke(DelegatingMethodAccessorImpl.java:43)
	at java.lang.reflect.Method.invoke(Method.java:483)
	at org.junit.platform.commons.util.ReflectionUtils.invokeMethod(ReflectionUtils.java:686)
	at org.junit.jupiter.engine.execution.MethodInvocation.proceed(MethodInvocation.java:60)
	at org.junit.jupiter.engine.execution.InvocationInterceptorChain$ValidatingInvocation.proceed(InvocationInterceptorChain.java:131)
	at org.junit.jupiter.engine.extension.TimeoutInvocation.proceed(TimeoutInvocation.java:46)
	at org.junit.jupiter.engine.extension.TimeoutExtension.intercept(TimeoutExtension.java:149)
	at org.junit.jupiter.engine.extension.TimeoutExtension.interceptTestableMethod(TimeoutExtension.java:140)
	at org.junit.jupiter.engine.extension.TimeoutExtension.interceptTestMethod(TimeoutExtension.java:84)
	at org.junit.jupiter.engine.descriptor.TestMethodTestDescriptor$$Lambda$111/1780132728.apply(Unknown Source)
	at org.junit.jupiter.engine.execution.ExecutableInvoker$ReflectiveInterceptorCall.lambda$ofVoidMethod$0(ExecutableInvoker.java:115)
	at org.junit.jupiter.engine.execution.ExecutableInvoker$ReflectiveInterceptorCall$$Lambda$112/1725017993.apply(Unknown Source)
	at org.junit.jupiter.engine.execution.ExecutableInvoker.lambda$invoke$0(ExecutableInvoker.java:105)
	at org.junit.jupiter.engine.execution.ExecutableInvoker$$Lambda$234/64133603.apply(Unknown Source)
	at org.junit.jupiter.engine.execution.InvocationInterceptorChain$InterceptedInvocation.proceed(InvocationInterceptorChain.java:106)
	at org.junit.jupiter.engine.execution.InvocationInterceptorChain.proceed(InvocationInterceptorChain.java:64)
	at org.junit.jupiter.engine.execution.InvocationInterceptorChain.chainAndInvoke(InvocationInterceptorChain.java:45)
	at org.junit.jupiter.engine.execution.InvocationInterceptorChain.invoke(InvocationInterceptorChain.java:37)
	at org.junit.jupiter.engine.execution.ExecutableInvoker.invoke(ExecutableInvoker.java:104)
	at org.junit.jupiter.engine.execution.ExecutableInvoker.invoke(ExecutableInvoker.java:98)
	at org.junit.jupiter.engine.descriptor.TestMethodTestDescriptor.lambda$invokeTestMethod$6(TestMethodTestDescriptor.java:212)
	at org.junit.jupiter.engine.descriptor.TestMethodTestDescriptor$$Lambda$271/224100622.execute(Unknown Source)
	at org.junit.platform.engine.support.hierarchical.ThrowableCollector.execute(ThrowableCollector.java:73)
	at org.junit.jupiter.engine.descriptor.TestMethodTestDescriptor.invokeTestMethod(TestMethodTestDescriptor.java:208)
	at org.junit.jupiter.engine.descriptor.TestMethodTestDescriptor.execute(TestMethodTestDescriptor.java:137)
	at org.junit.jupiter.engine.descriptor.TestMethodTestDescriptor.execute(TestMethodTestDescriptor.java:71)
	at org.junit.platform.engine.support.hierarchical.NodeTestTask.lambda$executeRecursively$5(NodeTestTask.java:135)
	at org.junit.platform.engine.support.hierarchical.NodeTestTask$$Lambda$179/195615004.execute(Unknown Source)
	at org.junit.platform.engine.support.hierarchical.ThrowableCollector.execute(ThrowableCollector.java:73)
	at org.junit.platform.engine.support.hierarchical.NodeTestTask.lambda$executeRecursively$7(NodeTestTask.java:125)
	at org.junit.platform.engine.support.hierarchical.NodeTestTask$$Lambda$178/1890627974.invoke(Unknown Source)
	at org.junit.platform.engine.support.hierarchical.Node.around(Node.java:135)
	at org.junit.platform.engine.support.hierarchical.NodeTestTask.lambda$executeRecursively$8(NodeTestTask.java:123)
	at org.junit.platform.engine.support.hierarchical.NodeTestTask$$Lambda$177/231977479.execute(Unknown Source)
	at org.junit.platform.engine.support.hierarchical.ThrowableCollector.execute(ThrowableCollector.java:73)
	at org.junit.platform.engine.support.hierarchical.NodeTestTask.executeRecursively(NodeTestTask.java:122)
	at org.junit.platform.engine.support.hierarchical.NodeTestTask.execute(NodeTestTask.java:80)
	at org.junit.platform.engine.support.hierarchical.SameThreadHierarchicalTestExecutorService$$Lambda$183/1381713434.accept(Unknown Source)
	at java.util.ArrayList.forEach(ArrayList.java:1249)
	at org.junit.platform.engine.support.hierarchical.SameThreadHierarchicalTestExecutorService.invokeAll(SameThreadHierarchicalTestExecutorService.java:38)
	at org.junit.platform.engine.support.hierarchical.NodeTestTask.lambda$executeRecursively$5(NodeTestTask.java:139)
	at org.junit.platform.engine.support.hierarchical.NodeTestTask$$Lambda$179/195615004.execute(Unknown Source)
	at org.junit.platform.engine.support.hierarchical.ThrowableCollector.execute(ThrowableCollector.java:73)
	at org.junit.platform.engine.support.hierarchical.NodeTestTask.lambda$executeRecursively$7(NodeTestTask.java:125)
	at org.junit.platform.engine.support.hierarchical.NodeTestTask$$Lambda$178/1890627974.invoke(Unknown Source)
	at org.junit.platform.engine.support.hierarchical.Node.around(Node.java:135)
	at org.junit.platform.engine.support.hierarchical.NodeTestTask.lambda$executeRecursively$8(NodeTestTask.java:123)
	at org.junit.platform.engine.support.hierarchical.NodeTestTask$$Lambda$177/231977479.execute(Unknown Source)
	at org.junit.platform.engine.support.hierarchical.ThrowableCollector.execute(ThrowableCollector.java:73)
	at org.junit.platform.engine.support.hierarchical.NodeTestTask.executeRecursively(NodeTestTask.java:122)
	at org.junit.platform.engine.support.hierarchical.NodeTestTask.execute(NodeTestTask.java:80)
	at org.junit.platform.engine.support.hierarchical.SameThreadHierarchicalTestExecutorService$$Lambda$183/1381713434.accept(Unknown Source)
	at java.util.ArrayList.forEach(ArrayList.java:1249)
	at org.junit.platform.engine.support.hierarchical.SameThreadHierarchicalTestExecutorService.invokeAll(SameThreadHierarchicalTestExecutorService.java:38)
	at org.junit.platform.engine.support.hierarchical.NodeTestTask.lambda$executeRecursively$5(NodeTestTask.java:139)
	at org.junit.platform.engine.support.hierarchical.NodeTestTask$$Lambda$179/195615004.execute(Unknown Source)
	at org.junit.platform.engine.support.hierarchical.ThrowableCollector.execute(ThrowableCollector.java:73)
	at org.junit.platform.engine.support.hierarchical.NodeTestTask.lambda$executeRecursively$7(NodeTestTask.java:125)
	at org.junit.platform.engine.support.hierarchical.NodeTestTask$$Lambda$178/1890627974.invoke(Unknown Source)
	at org.junit.platform.engine.support.hierarchical.Node.around(Node.java:135)
	at org.junit.platform.engine.support.hierarchical.NodeTestTask.lambda$executeRecursively$8(NodeTestTask.java:123)
	at org.junit.platform.engine.support.hierarchical.NodeTestTask$$Lambda$177/231977479.execute(Unknown Source)
	at org.junit.platform.engine.support.hierarchical.ThrowableCollector.execute(ThrowableCollector.java:73)
	at org.junit.platform.engine.support.hierarchical.NodeTestTask.executeRecursively(NodeTestTask.java:122)
	at org.junit.platform.engine.support.hierarchical.NodeTestTask.execute(NodeTestTask.java:80)
	at org.junit.platform.engine.support.hierarchical.SameThreadHierarchicalTestExecutorService.submit(SameThreadHierarchicalTestExecutorService.java:32)
	at org.junit.platform.engine.support.hierarchical.HierarchicalTestExecutor.execute(HierarchicalTestExecutor.java:57)
	at org.junit.platform.engine.support.hierarchical.HierarchicalTestEngine.execute(HierarchicalTestEngine.java:51)
	at org.junit.platform.launcher.core.DefaultLauncher.execute(DefaultLauncher.java:248)
	at org.junit.platform.launcher.core.DefaultLauncher.lambda$execute$5(DefaultLauncher.java:211)
	at org.junit.platform.launcher.core.DefaultLauncher$$Lambda$143/233996206.accept(Unknown Source)
	at org.junit.platform.launcher.core.DefaultLauncher.withInterceptedStreams(DefaultLauncher.java:226)
	at org.junit.platform.launcher.core.DefaultLauncher.execute(DefaultLauncher.java:199)
	at org.junit.platform.launcher.core.DefaultLauncher.execute(DefaultLauncher.java:132)
	at org.apache.maven.surefire.junitplatform.JUnitPlatformProvider.invokeAllTests(JUnitPlatformProvider.java:142)
	at org.apache.maven.surefire.junitplatform.JUnitPlatformProvider.invoke(JUnitPlatformProvider.java:113)
	at org.apache.maven.surefire.booter.ForkedBooter.invokeProviderInSameClassLoader(ForkedBooter.java:384)
	at org.apache.maven.surefire.booter.ForkedBooter.runSuitesInProcess(ForkedBooter.java:345)
	at org.apache.maven.surefire.booter.ForkedBooter.execute(ForkedBooter.java:126)
	at org.apache.maven.surefire.booter.ForkedBooter.main(ForkedBooter.java:418)
2021-11-08 11:14:41,980 [myid:] - INFO  [main:FourLetterWordMain@94] - connecting to 127.0.0.1 30110
2021-11-08 11:14:41,982 [myid:1] - WARN  [nioEventLoopGroup-47-4:NettyServerCnxnFactory$CnxnChannelHandler@231] - Zookeeper server is not running, close the connection before starting the TLS handshake
2021-11-08 11:14:42,247 [myid:] - INFO  [main:FourLetterWordMain@94] - connecting to 127.0.0.1 30110
2021-11-08 11:14:42,247 [myid:1] - WARN  [nioEventLoopGroup-47-5:NettyServerCnxnFactory$CnxnChannelHandler@231] - Zookeeper server is not running, close the connection before starting the TLS handshake
2021-11-08 11:14:42,513 [myid:] - INFO  [main:FourLetterWordMain@94] - connecting to 127.0.0.1 30110
2021-11-08 11:14:42,513 [myid:1] - WARN  [nioEventLoopGroup-47-6:NettyServerCnxnFactory$CnxnChannelHandler@231] - Zookeeper server is not running, close the connection before starting the TLS handshake
2021-11-08 11:14:42,528 [myid:] - INFO  [main:ClientBase@267] - server 127.0.0.1:30110 not up
java.net.SocketException: Software caused connection abort: recv failed
	at java.net.SocketInputStream.socketRead0(Native Method)
	at java.net.SocketInputStream.read(SocketInputStream.java:150)
	at java.net.SocketInputStream.read(SocketInputStream.java:121)
	at sun.nio.cs.StreamDecoder.readBytes(StreamDecoder.java:284)
	at sun.nio.cs.StreamDecoder.implRead(StreamDecoder.java:326)
	at sun.nio.cs.StreamDecoder.read(StreamDecoder.java:178)
	at java.io.InputStreamReader.read(InputStreamReader.java:184)
	at java.io.BufferedReader.fill(BufferedReader.java:161)
	at java.io.BufferedReader.readLine(BufferedReader.java:324)
	at java.io.BufferedReader.readLine(BufferedReader.java:389)
	at org.apache.zookeeper.client.FourLetterWordMain.send4LetterWord(FourLetterWordMain.java:129)
	at org.apache.zookeeper.client.FourLetterWordMain.send4LetterWord(FourLetterWordMain.java:74)
	at org.apache.zookeeper.test.ClientBase.waitForServerUp(ClientBase.java:258)
	at org.apache.zookeeper.test.ClientBase.waitForServerUp(ClientBase.java:249)
	at org.apache.zookeeper.server.quorum.QuorumSSLTest.testHostnameVerification(QuorumSSLTest.java:671)
	at org.apache.zookeeper.server.quorum.QuorumSSLTest.testHostnameVerificationWithValidIpAddressAndInvalidHostname(QuorumSSLTest.java:654)
	at sun.reflect.NativeMethodAccessorImpl.invoke0(Native Method)
	at sun.reflect.NativeMethodAccessorImpl.invoke(NativeMethodAccessorImpl.java:62)
	at sun.reflect.DelegatingMethodAccessorImpl.invoke(DelegatingMethodAccessorImpl.java:43)
	at java.lang.reflect.Method.invoke(Method.java:483)
	at org.junit.platform.commons.util.ReflectionUtils.invokeMethod(ReflectionUtils.java:686)
	at org.junit.jupiter.engine.execution.MethodInvocation.proceed(MethodInvocation.java:60)
	at org.junit.jupiter.engine.execution.InvocationInterceptorChain$ValidatingInvocation.proceed(InvocationInterceptorChain.java:131)
	at org.junit.jupiter.engine.extension.TimeoutInvocation.proceed(TimeoutInvocation.java:46)
	at org.junit.jupiter.engine.extension.TimeoutExtension.intercept(TimeoutExtension.java:149)
	at org.junit.jupiter.engine.extension.TimeoutExtension.interceptTestableMethod(TimeoutExtension.java:140)
	at org.junit.jupiter.engine.extension.TimeoutExtension.interceptTestMethod(TimeoutExtension.java:84)
	at org.junit.jupiter.engine.descriptor.TestMethodTestDescriptor$$Lambda$111/1780132728.apply(Unknown Source)
	at org.junit.jupiter.engine.execution.ExecutableInvoker$ReflectiveInterceptorCall.lambda$ofVoidMethod$0(ExecutableInvoker.java:115)
	at org.junit.jupiter.engine.execution.ExecutableInvoker$ReflectiveInterceptorCall$$Lambda$112/1725017993.apply(Unknown Source)
	at org.junit.jupiter.engine.execution.ExecutableInvoker.lambda$invoke$0(ExecutableInvoker.java:105)
	at org.junit.jupiter.engine.execution.ExecutableInvoker$$Lambda$234/64133603.apply(Unknown Source)
	at org.junit.jupiter.engine.execution.InvocationInterceptorChain$InterceptedInvocation.proceed(InvocationInterceptorChain.java:106)
	at org.junit.jupiter.engine.execution.InvocationInterceptorChain.proceed(InvocationInterceptorChain.java:64)
	at org.junit.jupiter.engine.execution.InvocationInterceptorChain.chainAndInvoke(InvocationInterceptorChain.java:45)
	at org.junit.jupiter.engine.execution.InvocationInterceptorChain.invoke(InvocationInterceptorChain.java:37)
	at org.junit.jupiter.engine.execution.ExecutableInvoker.invoke(ExecutableInvoker.java:104)
	at org.junit.jupiter.engine.execution.ExecutableInvoker.invoke(ExecutableInvoker.java:98)
	at org.junit.jupiter.engine.descriptor.TestMethodTestDescriptor.lambda$invokeTestMethod$6(TestMethodTestDescriptor.java:212)
	at org.junit.jupiter.engine.descriptor.TestMethodTestDescriptor$$Lambda$271/224100622.execute(Unknown Source)
	at org.junit.platform.engine.support.hierarchical.ThrowableCollector.execute(ThrowableCollector.java:73)
	at org.junit.jupiter.engine.descriptor.TestMethodTestDescriptor.invokeTestMethod(TestMethodTestDescriptor.java:208)
	at org.junit.jupiter.engine.descriptor.TestMethodTestDescriptor.execute(TestMethodTestDescriptor.java:137)
	at org.junit.jupiter.engine.descriptor.TestMethodTestDescriptor.execute(TestMethodTestDescriptor.java:71)
	at org.junit.platform.engine.support.hierarchical.NodeTestTask.lambda$executeRecursively$5(NodeTestTask.java:135)
	at org.junit.platform.engine.support.hierarchical.NodeTestTask$$Lambda$179/195615004.execute(Unknown Source)
	at org.junit.platform.engine.support.hierarchical.ThrowableCollector.execute(ThrowableCollector.java:73)
	at org.junit.platform.engine.support.hierarchical.NodeTestTask.lambda$executeRecursively$7(NodeTestTask.java:125)
	at org.junit.platform.engine.support.hierarchical.NodeTestTask$$Lambda$178/1890627974.invoke(Unknown Source)
	at org.junit.platform.engine.support.hierarchical.Node.around(Node.java:135)
	at org.junit.platform.engine.support.hierarchical.NodeTestTask.lambda$executeRecursively$8(NodeTestTask.java:123)
	at org.junit.platform.engine.support.hierarchical.NodeTestTask$$Lambda$177/231977479.execute(Unknown Source)
	at org.junit.platform.engine.support.hierarchical.ThrowableCollector.execute(ThrowableCollector.java:73)
	at org.junit.platform.engine.support.hierarchical.NodeTestTask.executeRecursively(NodeTestTask.java:122)
	at org.junit.platform.engine.support.hierarchical.NodeTestTask.execute(NodeTestTask.java:80)
	at org.junit.platform.engine.support.hierarchical.SameThreadHierarchicalTestExecutorService$$Lambda$183/1381713434.accept(Unknown Source)
	at java.util.ArrayList.forEach(ArrayList.java:1249)
	at org.junit.platform.engine.support.hierarchical.SameThreadHierarchicalTestExecutorService.invokeAll(SameThreadHierarchicalTestExecutorService.java:38)
	at org.junit.platform.engine.support.hierarchical.NodeTestTask.lambda$executeRecursively$5(NodeTestTask.java:139)
	at org.junit.platform.engine.support.hierarchical.NodeTestTask$$Lambda$179/195615004.execute(Unknown Source)
	at org.junit.platform.engine.support.hierarchical.ThrowableCollector.execute(ThrowableCollector.java:73)
	at org.junit.platform.engine.support.hierarchical.NodeTestTask.lambda$executeRecursively$7(NodeTestTask.java:125)
	at org.junit.platform.engine.support.hierarchical.NodeTestTask$$Lambda$178/1890627974.invoke(Unknown Source)
	at org.junit.platform.engine.support.hierarchical.Node.around(Node.java:135)
	at org.junit.platform.engine.support.hierarchical.NodeTestTask.lambda$executeRecursively$8(NodeTestTask.java:123)
	at org.junit.platform.engine.support.hierarchical.NodeTestTask$$Lambda$177/231977479.execute(Unknown Source)
	at org.junit.platform.engine.support.hierarchical.ThrowableCollector.execute(ThrowableCollector.java:73)
	at org.junit.platform.engine.support.hierarchical.NodeTestTask.executeRecursively(NodeTestTask.java:122)
	at org.junit.platform.engine.support.hierarchical.NodeTestTask.execute(NodeTestTask.java:80)
	at org.junit.platform.engine.support.hierarchical.SameThreadHierarchicalTestExecutorService$$Lambda$183/1381713434.accept(Unknown Source)
	at java.util.ArrayList.forEach(ArrayList.java:1249)
	at org.junit.platform.engine.support.hierarchical.SameThreadHierarchicalTestExecutorService.invokeAll(SameThreadHierarchicalTestExecutorService.java:38)
	at org.junit.platform.engine.support.hierarchical.NodeTestTask.lambda$executeRecursively$5(NodeTestTask.java:139)
	at org.junit.platform.engine.support.hierarchical.NodeTestTask$$Lambda$179/195615004.execute(Unknown Source)
	at org.junit.platform.engine.support.hierarchical.ThrowableCollector.execute(ThrowableCollector.java:73)
	at org.junit.platform.engine.support.hierarchical.NodeTestTask.lambda$executeRecursively$7(NodeTestTask.java:125)
	at org.junit.platform.engine.support.hierarchical.NodeTestTask$$Lambda$178/1890627974.invoke(Unknown Source)
	at org.junit.platform.engine.support.hierarchical.Node.around(Node.java:135)
	at org.junit.platform.engine.support.hierarchical.NodeTestTask.lambda$executeRecursively$8(NodeTestTask.java:123)
	at org.junit.platform.engine.support.hierarchical.NodeTestTask$$Lambda$177/231977479.execute(Unknown Source)
	at org.junit.platform.engine.support.hierarchical.ThrowableCollector.execute(ThrowableCollector.java:73)
	at org.junit.platform.engine.support.hierarchical.NodeTestTask.executeRecursively(NodeTestTask.java:122)
	at org.junit.platform.engine.support.hierarchical.NodeTestTask.execute(NodeTestTask.java:80)
	at org.junit.platform.engine.support.hierarchical.SameThreadHierarchicalTestExecutorService.submit(SameThreadHierarchicalTestExecutorService.java:32)
	at org.junit.platform.engine.support.hierarchical.HierarchicalTestExecutor.execute(HierarchicalTestExecutor.java:57)
	at org.junit.platform.engine.support.hierarchical.HierarchicalTestEngine.execute(HierarchicalTestEngine.java:51)
	at org.junit.platform.launcher.core.DefaultLauncher.execute(DefaultLauncher.java:248)
	at org.junit.platform.launcher.core.DefaultLauncher.lambda$execute$5(DefaultLauncher.java:211)
	at org.junit.platform.launcher.core.DefaultLauncher$$Lambda$143/233996206.accept(Unknown Source)
	at org.junit.platform.launcher.core.DefaultLauncher.withInterceptedStreams(DefaultLauncher.java:226)
	at org.junit.platform.launcher.core.DefaultLauncher.execute(DefaultLauncher.java:199)
	at org.junit.platform.launcher.core.DefaultLauncher.execute(DefaultLauncher.java:132)
	at org.apache.maven.surefire.junitplatform.JUnitPlatformProvider.invokeAllTests(JUnitPlatformProvider.java:142)
	at org.apache.maven.surefire.junitplatform.JUnitPlatformProvider.invoke(JUnitPlatformProvider.java:113)
	at org.apache.maven.surefire.booter.ForkedBooter.invokeProviderInSameClassLoader(ForkedBooter.java:384)
	at org.apache.maven.surefire.booter.ForkedBooter.runSuitesInProcess(ForkedBooter.java:345)
	at org.apache.maven.surefire.booter.ForkedBooter.execute(ForkedBooter.java:126)
	at org.apache.maven.surefire.booter.ForkedBooter.main(ForkedBooter.java:418)
2021-11-08 11:14:42,792 [myid:] - INFO  [main:FourLetterWordMain@94] - connecting to 127.0.0.1 30110
2021-11-08 11:14:42,792 [myid:1] - WARN  [nioEventLoopGroup-47-7:NettyServerCnxnFactory$CnxnChannelHandler@231] - Zookeeper server is not running, close the connection before starting the TLS handshake
2021-11-08 11:14:43,043 [myid:] - INFO  [main:FourLetterWordMain@94] - connecting to 127.0.0.1 30110
2021-11-08 11:14:43,045 [myid:1] - WARN  [nioEventLoopGroup-47-8:NettyServerCnxnFactory$CnxnChannelHandler@231] - Zookeeper server is not running, close the connection before starting the TLS handshake
2021-11-08 11:14:43,307 [myid:] - INFO  [main:FourLetterWordMain@94] - connecting to 127.0.0.1 30110
2021-11-08 11:14:43,307 [myid:1] - WARN  [nioEventLoopGroup-47-9:NettyServerCnxnFactory$CnxnChannelHandler@231] - Zookeeper server is not running, close the connection before starting the TLS handshake
2021-11-08 11:14:43,559 [myid:] - INFO  [main:FourLetterWordMain@94] - connecting to 127.0.0.1 30110
2021-11-08 11:14:43,560 [myid:1] - WARN  [nioEventLoopGroup-47-10:NettyServerCnxnFactory$CnxnChannelHandler@231] - Zookeeper server is not running, close the connection before starting the TLS handshake
2021-11-08 11:14:43,810 [myid:] - INFO  [main:FourLetterWordMain@94] - connecting to 127.0.0.1 30110
2021-11-08 11:14:43,811 [myid:1] - WARN  [nioEventLoopGroup-47-11:NettyServerCnxnFactory$CnxnChannelHandler@231] - Zookeeper server is not running, close the connection before starting the TLS handshake
2021-11-08 11:14:43,825 [myid:] - INFO  [main:ClientBase@267] - server 127.0.0.1:30110 not up
java.net.SocketException: Software caused connection abort: recv failed
	at java.net.SocketInputStream.socketRead0(Native Method)
	at java.net.SocketInputStream.read(SocketInputStream.java:150)
	at java.net.SocketInputStream.read(SocketInputStream.java:121)
	at sun.nio.cs.StreamDecoder.readBytes(StreamDecoder.java:284)
	at sun.nio.cs.StreamDecoder.implRead(StreamDecoder.java:326)
	at sun.nio.cs.StreamDecoder.read(StreamDecoder.java:178)
	at java.io.InputStreamReader.read(InputStreamReader.java:184)
	at java.io.BufferedReader.fill(BufferedReader.java:161)
	at java.io.BufferedReader.readLine(BufferedReader.java:324)
	at java.io.BufferedReader.readLine(BufferedReader.java:389)
	at org.apache.zookeeper.client.FourLetterWordMain.send4LetterWord(FourLetterWordMain.java:129)
	at org.apache.zookeeper.client.FourLetterWordMain.send4LetterWord(FourLetterWordMain.java:74)
	at org.apache.zookeeper.test.ClientBase.waitForServerUp(ClientBase.java:258)
	at org.apache.zookeeper.test.ClientBase.waitForServerUp(ClientBase.java:249)
	at org.apache.zookeeper.server.quorum.QuorumSSLTest.testHostnameVerification(QuorumSSLTest.java:671)
	at org.apache.zookeeper.server.quorum.QuorumSSLTest.testHostnameVerificationWithValidIpAddressAndInvalidHostname(QuorumSSLTest.java:654)
	at sun.reflect.NativeMethodAccessorImpl.invoke0(Native Method)
	at sun.reflect.NativeMethodAccessorImpl.invoke(NativeMethodAccessorImpl.java:62)
	at sun.reflect.DelegatingMethodAccessorImpl.invoke(DelegatingMethodAccessorImpl.java:43)
	at java.lang.reflect.Method.invoke(Method.java:483)
	at org.junit.platform.commons.util.ReflectionUtils.invokeMethod(ReflectionUtils.java:686)
	at org.junit.jupiter.engine.execution.MethodInvocation.proceed(MethodInvocation.java:60)
	at org.junit.jupiter.engine.execution.InvocationInterceptorChain$ValidatingInvocation.proceed(InvocationInterceptorChain.java:131)
	at org.junit.jupiter.engine.extension.TimeoutInvocation.proceed(TimeoutInvocation.java:46)
	at org.junit.jupiter.engine.extension.TimeoutExtension.intercept(TimeoutExtension.java:149)
	at org.junit.jupiter.engine.extension.TimeoutExtension.interceptTestableMethod(TimeoutExtension.java:140)
	at org.junit.jupiter.engine.extension.TimeoutExtension.interceptTestMethod(TimeoutExtension.java:84)
	at org.junit.jupiter.engine.descriptor.TestMethodTestDescriptor$$Lambda$111/1780132728.apply(Unknown Source)
	at org.junit.jupiter.engine.execution.ExecutableInvoker$ReflectiveInterceptorCall.lambda$ofVoidMethod$0(ExecutableInvoker.java:115)
	at org.junit.jupiter.engine.execution.ExecutableInvoker$ReflectiveInterceptorCall$$Lambda$112/1725017993.apply(Unknown Source)
	at org.junit.jupiter.engine.execution.ExecutableInvoker.lambda$invoke$0(ExecutableInvoker.java:105)
	at org.junit.jupiter.engine.execution.ExecutableInvoker$$Lambda$234/64133603.apply(Unknown Source)
	at org.junit.jupiter.engine.execution.InvocationInterceptorChain$InterceptedInvocation.proceed(InvocationInterceptorChain.java:106)
	at org.junit.jupiter.engine.execution.InvocationInterceptorChain.proceed(InvocationInterceptorChain.java:64)
	at org.junit.jupiter.engine.execution.InvocationInterceptorChain.chainAndInvoke(InvocationInterceptorChain.java:45)
	at org.junit.jupiter.engine.execution.InvocationInterceptorChain.invoke(InvocationInterceptorChain.java:37)
	at org.junit.jupiter.engine.execution.ExecutableInvoker.invoke(ExecutableInvoker.java:104)
	at org.junit.jupiter.engine.execution.ExecutableInvoker.invoke(ExecutableInvoker.java:98)
	at org.junit.jupiter.engine.descriptor.TestMethodTestDescriptor.lambda$invokeTestMethod$6(TestMethodTestDescriptor.java:212)
	at org.junit.jupiter.engine.descriptor.TestMethodTestDescriptor$$Lambda$271/224100622.execute(Unknown Source)
	at org.junit.platform.engine.support.hierarchical.ThrowableCollector.execute(ThrowableCollector.java:73)
	at org.junit.jupiter.engine.descriptor.TestMethodTestDescriptor.invokeTestMethod(TestMethodTestDescriptor.java:208)
	at org.junit.jupiter.engine.descriptor.TestMethodTestDescriptor.execute(TestMethodTestDescriptor.java:137)
	at org.junit.jupiter.engine.descriptor.TestMethodTestDescriptor.execute(TestMethodTestDescriptor.java:71)
	at org.junit.platform.engine.support.hierarchical.NodeTestTask.lambda$executeRecursively$5(NodeTestTask.java:135)
	at org.junit.platform.engine.support.hierarchical.NodeTestTask$$Lambda$179/195615004.execute(Unknown Source)
	at org.junit.platform.engine.support.hierarchical.ThrowableCollector.execute(ThrowableCollector.java:73)
	at org.junit.platform.engine.support.hierarchical.NodeTestTask.lambda$executeRecursively$7(NodeTestTask.java:125)
	at org.junit.platform.engine.support.hierarchical.NodeTestTask$$Lambda$178/1890627974.invoke(Unknown Source)
	at org.junit.platform.engine.support.hierarchical.Node.around(Node.java:135)
	at org.junit.platform.engine.support.hierarchical.NodeTestTask.lambda$executeRecursively$8(NodeTestTask.java:123)
	at org.junit.platform.engine.support.hierarchical.NodeTestTask$$Lambda$177/231977479.execute(Unknown Source)
	at org.junit.platform.engine.support.hierarchical.ThrowableCollector.execute(ThrowableCollector.java:73)
	at org.junit.platform.engine.support.hierarchical.NodeTestTask.executeRecursively(NodeTestTask.java:122)
	at org.junit.platform.engine.support.hierarchical.NodeTestTask.execute(NodeTestTask.java:80)
	at org.junit.platform.engine.support.hierarchical.SameThreadHierarchicalTestExecutorService$$Lambda$183/1381713434.accept(Unknown Source)
	at java.util.ArrayList.forEach(ArrayList.java:1249)
	at org.junit.platform.engine.support.hierarchical.SameThreadHierarchicalTestExecutorService.invokeAll(SameThreadHierarchicalTestExecutorService.java:38)
	at org.junit.platform.engine.support.hierarchical.NodeTestTask.lambda$executeRecursively$5(NodeTestTask.java:139)
	at org.junit.platform.engine.support.hierarchical.NodeTestTask$$Lambda$179/195615004.execute(Unknown Source)
	at org.junit.platform.engine.support.hierarchical.ThrowableCollector.execute(ThrowableCollector.java:73)
	at org.junit.platform.engine.support.hierarchical.NodeTestTask.lambda$executeRecursively$7(NodeTestTask.java:125)
	at org.junit.platform.engine.support.hierarchical.NodeTestTask$$Lambda$178/1890627974.invoke(Unknown Source)
	at org.junit.platform.engine.support.hierarchical.Node.around(Node.java:135)
	at org.junit.platform.engine.support.hierarchical.NodeTestTask.lambda$executeRecursively$8(NodeTestTask.java:123)
	at org.junit.platform.engine.support.hierarchical.NodeTestTask$$Lambda$177/231977479.execute(Unknown Source)
	at org.junit.platform.engine.support.hierarchical.ThrowableCollector.execute(ThrowableCollector.java:73)
	at org.junit.platform.engine.support.hierarchical.NodeTestTask.executeRecursively(NodeTestTask.java:122)
	at org.junit.platform.engine.support.hierarchical.NodeTestTask.execute(NodeTestTask.java:80)
	at org.junit.platform.engine.support.hierarchical.SameThreadHierarchicalTestExecutorService$$Lambda$183/1381713434.accept(Unknown Source)
	at java.util.ArrayList.forEach(ArrayList.java:1249)
	at org.junit.platform.engine.support.hierarchical.SameThreadHierarchicalTestExecutorService.invokeAll(SameThreadHierarchicalTestExecutorService.java:38)
	at org.junit.platform.engine.support.hierarchical.NodeTestTask.lambda$executeRecursively$5(NodeTestTask.java:139)
	at org.junit.platform.engine.support.hierarchical.NodeTestTask$$Lambda$179/195615004.execute(Unknown Source)
	at org.junit.platform.engine.support.hierarchical.ThrowableCollector.execute(ThrowableCollector.java:73)
	at org.junit.platform.engine.support.hierarchical.NodeTestTask.lambda$executeRecursively$7(NodeTestTask.java:125)
	at org.junit.platform.engine.support.hierarchical.NodeTestTask$$Lambda$178/1890627974.invoke(Unknown Source)
	at org.junit.platform.engine.support.hierarchical.Node.around(Node.java:135)
	at org.junit.platform.engine.support.hierarchical.NodeTestTask.lambda$executeRecursively$8(NodeTestTask.java:123)
	at org.junit.platform.engine.support.hierarchical.NodeTestTask$$Lambda$177/231977479.execute(Unknown Source)
	at org.junit.platform.engine.support.hierarchical.ThrowableCollector.execute(ThrowableCollector.java:73)
	at org.junit.platform.engine.support.hierarchical.NodeTestTask.executeRecursively(NodeTestTask.java:122)
	at org.junit.platform.engine.support.hierarchical.NodeTestTask.execute(NodeTestTask.java:80)
	at org.junit.platform.engine.support.hierarchical.SameThreadHierarchicalTestExecutorService.submit(SameThreadHierarchicalTestExecutorService.java:32)
	at org.junit.platform.engine.support.hierarchical.HierarchicalTestExecutor.execute(HierarchicalTestExecutor.java:57)
	at org.junit.platform.engine.support.hierarchical.HierarchicalTestEngine.execute(HierarchicalTestEngine.java:51)
	at org.junit.platform.launcher.core.DefaultLauncher.execute(DefaultLauncher.java:248)
	at org.junit.platform.launcher.core.DefaultLauncher.lambda$execute$5(DefaultLauncher.java:211)
	at org.junit.platform.launcher.core.DefaultLauncher$$Lambda$143/233996206.accept(Unknown Source)
	at org.junit.platform.launcher.core.DefaultLauncher.withInterceptedStreams(DefaultLauncher.java:226)
	at org.junit.platform.launcher.core.DefaultLauncher.execute(DefaultLauncher.java:199)
	at org.junit.platform.launcher.core.DefaultLauncher.execute(DefaultLauncher.java:132)
	at org.apache.maven.surefire.junitplatform.JUnitPlatformProvider.invokeAllTests(JUnitPlatformProvider.java:142)
	at org.apache.maven.surefire.junitplatform.JUnitPlatformProvider.invoke(JUnitPlatformProvider.java:113)
	at org.apache.maven.surefire.booter.ForkedBooter.invokeProviderInSameClassLoader(ForkedBooter.java:384)
	at org.apache.maven.surefire.booter.ForkedBooter.runSuitesInProcess(ForkedBooter.java:345)
	at org.apache.maven.surefire.booter.ForkedBooter.execute(ForkedBooter.java:126)
	at org.apache.maven.surefire.booter.ForkedBooter.main(ForkedBooter.java:418)
2021-11-08 11:14:44,077 [myid:] - INFO  [main:FourLetterWordMain@94] - connecting to 127.0.0.1 30110
2021-11-08 11:14:44,078 [myid:1] - WARN  [nioEventLoopGroup-47-12:NettyServerCnxnFactory$CnxnChannelHandler@231] - Zookeeper server is not running, close the connection before starting the TLS handshake
2021-11-08 11:14:44,329 [myid:] - INFO  [main:FourLetterWordMain@94] - connecting to 127.0.0.1 30110
2021-11-08 11:14:44,329 [myid:1] - WARN  [nioEventLoopGroup-47-1:NettyServerCnxnFactory$CnxnChannelHandler@231] - Zookeeper server is not running, close the connection before starting the TLS handshake
2021-11-08 11:14:44,345 [myid:] - INFO  [main:ClientBase@267] - server 127.0.0.1:30110 not up
java.net.SocketException: Software caused connection abort: recv failed
	at java.net.SocketInputStream.socketRead0(Native Method)
	at java.net.SocketInputStream.read(SocketInputStream.java:150)
	at java.net.SocketInputStream.read(SocketInputStream.java:121)
	at sun.nio.cs.StreamDecoder.readBytes(StreamDecoder.java:284)
	at sun.nio.cs.StreamDecoder.implRead(StreamDecoder.java:326)
	at sun.nio.cs.StreamDecoder.read(StreamDecoder.java:178)
	at java.io.InputStreamReader.read(InputStreamReader.java:184)
	at java.io.BufferedReader.fill(BufferedReader.java:161)
	at java.io.BufferedReader.readLine(BufferedReader.java:324)
	at java.io.BufferedReader.readLine(BufferedReader.java:389)
	at org.apache.zookeeper.client.FourLetterWordMain.send4LetterWord(FourLetterWordMain.java:129)
	at org.apache.zookeeper.client.FourLetterWordMain.send4LetterWord(FourLetterWordMain.java:74)
	at org.apache.zookeeper.test.ClientBase.waitForServerUp(ClientBase.java:258)
	at org.apache.zookeeper.test.ClientBase.waitForServerUp(ClientBase.java:249)
	at org.apache.zookeeper.server.quorum.QuorumSSLTest.testHostnameVerification(QuorumSSLTest.java:671)
	at org.apache.zookeeper.server.quorum.QuorumSSLTest.testHostnameVerificationWithValidIpAddressAndInvalidHostname(QuorumSSLTest.java:654)
	at sun.reflect.NativeMethodAccessorImpl.invoke0(Native Method)
	at sun.reflect.NativeMethodAccessorImpl.invoke(NativeMethodAccessorImpl.java:62)
	at sun.reflect.DelegatingMethodAccessorImpl.invoke(DelegatingMethodAccessorImpl.java:43)
	at java.lang.reflect.Method.invoke(Method.java:483)
	at org.junit.platform.commons.util.ReflectionUtils.invokeMethod(ReflectionUtils.java:686)
	at org.junit.jupiter.engine.execution.MethodInvocation.proceed(MethodInvocation.java:60)
	at org.junit.jupiter.engine.execution.InvocationInterceptorChain$ValidatingInvocation.proceed(InvocationInterceptorChain.java:131)
	at org.junit.jupiter.engine.extension.TimeoutInvocation.proceed(TimeoutInvocation.java:46)
	at org.junit.jupiter.engine.extension.TimeoutExtension.intercept(TimeoutExtension.java:149)
	at org.junit.jupiter.engine.extension.TimeoutExtension.interceptTestableMethod(TimeoutExtension.java:140)
	at org.junit.jupiter.engine.extension.TimeoutExtension.interceptTestMethod(TimeoutExtension.java:84)
	at org.junit.jupiter.engine.descriptor.TestMethodTestDescriptor$$Lambda$111/1780132728.apply(Unknown Source)
	at org.junit.jupiter.engine.execution.ExecutableInvoker$ReflectiveInterceptorCall.lambda$ofVoidMethod$0(ExecutableInvoker.java:115)
	at org.junit.jupiter.engine.execution.ExecutableInvoker$ReflectiveInterceptorCall$$Lambda$112/1725017993.apply(Unknown Source)
	at org.junit.jupiter.engine.execution.ExecutableInvoker.lambda$invoke$0(ExecutableInvoker.java:105)
	at org.junit.jupiter.engine.execution.ExecutableInvoker$$Lambda$234/64133603.apply(Unknown Source)
	at org.junit.jupiter.engine.execution.InvocationInterceptorChain$InterceptedInvocation.proceed(InvocationInterceptorChain.java:106)
	at org.junit.jupiter.engine.execution.InvocationInterceptorChain.proceed(InvocationInterceptorChain.java:64)
	at org.junit.jupiter.engine.execution.InvocationInterceptorChain.chainAndInvoke(InvocationInterceptorChain.java:45)
	at org.junit.jupiter.engine.execution.InvocationInterceptorChain.invoke(InvocationInterceptorChain.java:37)
	at org.junit.jupiter.engine.execution.ExecutableInvoker.invoke(ExecutableInvoker.java:104)
	at org.junit.jupiter.engine.execution.ExecutableInvoker.invoke(ExecutableInvoker.java:98)
	at org.junit.jupiter.engine.descriptor.TestMethodTestDescriptor.lambda$invokeTestMethod$6(TestMethodTestDescriptor.java:212)
	at org.junit.jupiter.engine.descriptor.TestMethodTestDescriptor$$Lambda$271/224100622.execute(Unknown Source)
	at org.junit.platform.engine.support.hierarchical.ThrowableCollector.execute(ThrowableCollector.java:73)
	at org.junit.jupiter.engine.descriptor.TestMethodTestDescriptor.invokeTestMethod(TestMethodTestDescriptor.java:208)
	at org.junit.jupiter.engine.descriptor.TestMethodTestDescriptor.execute(TestMethodTestDescriptor.java:137)
	at org.junit.jupiter.engine.descriptor.TestMethodTestDescriptor.execute(TestMethodTestDescriptor.java:71)
	at org.junit.platform.engine.support.hierarchical.NodeTestTask.lambda$executeRecursively$5(NodeTestTask.java:135)
	at org.junit.platform.engine.support.hierarchical.NodeTestTask$$Lambda$179/195615004.execute(Unknown Source)
	at org.junit.platform.engine.support.hierarchical.ThrowableCollector.execute(ThrowableCollector.java:73)
	at org.junit.platform.engine.support.hierarchical.NodeTestTask.lambda$executeRecursively$7(NodeTestTask.java:125)
	at org.junit.platform.engine.support.hierarchical.NodeTestTask$$Lambda$178/1890627974.invoke(Unknown Source)
	at org.junit.platform.engine.support.hierarchical.Node.around(Node.java:135)
	at org.junit.platform.engine.support.hierarchical.NodeTestTask.lambda$executeRecursively$8(NodeTestTask.java:123)
	at org.junit.platform.engine.support.hierarchical.NodeTestTask$$Lambda$177/231977479.execute(Unknown Source)
	at org.junit.platform.engine.support.hierarchical.ThrowableCollector.execute(ThrowableCollector.java:73)
	at org.junit.platform.engine.support.hierarchical.NodeTestTask.executeRecursively(NodeTestTask.java:122)
	at org.junit.platform.engine.support.hierarchical.NodeTestTask.execute(NodeTestTask.java:80)
	at org.junit.platform.engine.support.hierarchical.SameThreadHierarchicalTestExecutorService$$Lambda$183/1381713434.accept(Unknown Source)
	at java.util.ArrayList.forEach(ArrayList.java:1249)
	at org.junit.platform.engine.support.hierarchical.SameThreadHierarchicalTestExecutorService.invokeAll(SameThreadHierarchicalTestExecutorService.java:38)
	at org.junit.platform.engine.support.hierarchical.NodeTestTask.lambda$executeRecursively$5(NodeTestTask.java:139)
	at org.junit.platform.engine.support.hierarchical.NodeTestTask$$Lambda$179/195615004.execute(Unknown Source)
	at org.junit.platform.engine.support.hierarchical.ThrowableCollector.execute(ThrowableCollector.java:73)
	at org.junit.platform.engine.support.hierarchical.NodeTestTask.lambda$executeRecursively$7(NodeTestTask.java:125)
	at org.junit.platform.engine.support.hierarchical.NodeTestTask$$Lambda$178/1890627974.invoke(Unknown Source)
	at org.junit.platform.engine.support.hierarchical.Node.around(Node.java:135)
	at org.junit.platform.engine.support.hierarchical.NodeTestTask.lambda$executeRecursively$8(NodeTestTask.java:123)
	at org.junit.platform.engine.support.hierarchical.NodeTestTask$$Lambda$177/231977479.execute(Unknown Source)
	at org.junit.platform.engine.support.hierarchical.ThrowableCollector.execute(ThrowableCollector.java:73)
	at org.junit.platform.engine.support.hierarchical.NodeTestTask.executeRecursively(NodeTestTask.java:122)
	at org.junit.platform.engine.support.hierarchical.NodeTestTask.execute(NodeTestTask.java:80)
	at org.junit.platform.engine.support.hierarchical.SameThreadHierarchicalTestExecutorService$$Lambda$183/1381713434.accept(Unknown Source)
	at java.util.ArrayList.forEach(ArrayList.java:1249)
	at org.junit.platform.engine.support.hierarchical.SameThreadHierarchicalTestExecutorService.invokeAll(SameThreadHierarchicalTestExecutorService.java:38)
	at org.junit.platform.engine.support.hierarchical.NodeTestTask.lambda$executeRecursively$5(NodeTestTask.java:139)
	at org.junit.platform.engine.support.hierarchical.NodeTestTask$$Lambda$179/195615004.execute(Unknown Source)
	at org.junit.platform.engine.support.hierarchical.ThrowableCollector.execute(ThrowableCollector.java:73)
	at org.junit.platform.engine.support.hierarchical.NodeTestTask.lambda$executeRecursively$7(NodeTestTask.java:125)
	at org.junit.platform.engine.support.hierarchical.NodeTestTask$$Lambda$178/1890627974.invoke(Unknown Source)
	at org.junit.platform.engine.support.hierarchical.Node.around(Node.java:135)
	at org.junit.platform.engine.support.hierarchical.NodeTestTask.lambda$executeRecursively$8(NodeTestTask.java:123)
	at org.junit.platform.engine.support.hierarchical.NodeTestTask$$Lambda$177/231977479.execute(Unknown Source)
	at org.junit.platform.engine.support.hierarchical.ThrowableCollector.execute(ThrowableCollector.java:73)
	at org.junit.platform.engine.support.hierarchical.NodeTestTask.executeRecursively(NodeTestTask.java:122)
	at org.junit.platform.engine.support.hierarchical.NodeTestTask.execute(NodeTestTask.java:80)
	at org.junit.platform.engine.support.hierarchical.SameThreadHierarchicalTestExecutorService.submit(SameThreadHierarchicalTestExecutorService.java:32)
	at org.junit.platform.engine.support.hierarchical.HierarchicalTestExecutor.execute(HierarchicalTestExecutor.java:57)
	at org.junit.platform.engine.support.hierarchical.HierarchicalTestEngine.execute(HierarchicalTestEngine.java:51)
	at org.junit.platform.launcher.core.DefaultLauncher.execute(DefaultLauncher.java:248)
	at org.junit.platform.launcher.core.DefaultLauncher.lambda$execute$5(DefaultLauncher.java:211)
	at org.junit.platform.launcher.core.DefaultLauncher$$Lambda$143/233996206.accept(Unknown Source)
	at org.junit.platform.launcher.core.DefaultLauncher.withInterceptedStreams(DefaultLauncher.java:226)
	at org.junit.platform.launcher.core.DefaultLauncher.execute(DefaultLauncher.java:199)
	at org.junit.platform.launcher.core.DefaultLauncher.execute(DefaultLauncher.java:132)
	at org.apache.maven.surefire.junitplatform.JUnitPlatformProvider.invokeAllTests(JUnitPlatformProvider.java:142)
	at org.apache.maven.surefire.junitplatform.JUnitPlatformProvider.invoke(JUnitPlatformProvider.java:113)
	at org.apache.maven.surefire.booter.ForkedBooter.invokeProviderInSameClassLoader(ForkedBooter.java:384)
	at org.apache.maven.surefire.booter.ForkedBooter.runSuitesInProcess(ForkedBooter.java:345)
	at org.apache.maven.surefire.booter.ForkedBooter.execute(ForkedBooter.java:126)
	at org.apache.maven.surefire.booter.ForkedBooter.main(ForkedBooter.java:418)
2021-11-08 11:14:44,610 [myid:] - INFO  [main:FourLetterWordMain@94] - connecting to 127.0.0.1 30110
2021-11-08 11:14:44,611 [myid:1] - WARN  [nioEventLoopGroup-47-2:NettyServerCnxnFactory$CnxnChannelHandler@231] - Zookeeper server is not running, close the connection before starting the TLS handshake
2021-11-08 11:14:44,875 [myid:] - INFO  [main:FourLetterWordMain@94] - connecting to 127.0.0.1 30110
2021-11-08 11:14:44,875 [myid:1] - WARN  [nioEventLoopGroup-47-3:NettyServerCnxnFactory$CnxnChannelHandler@231] - Zookeeper server is not running, close the connection before starting the TLS handshake
2021-11-08 11:14:44,891 [myid:] - INFO  [main:ClientBase@267] - server 127.0.0.1:30110 not up
java.net.SocketException: Software caused connection abort: recv failed
	at java.net.SocketInputStream.socketRead0(Native Method)
	at java.net.SocketInputStream.read(SocketInputStream.java:150)
	at java.net.SocketInputStream.read(SocketInputStream.java:121)
	at sun.nio.cs.StreamDecoder.readBytes(StreamDecoder.java:284)
	at sun.nio.cs.StreamDecoder.implRead(StreamDecoder.java:326)
	at sun.nio.cs.StreamDecoder.read(StreamDecoder.java:178)
	at java.io.InputStreamReader.read(InputStreamReader.java:184)
	at java.io.BufferedReader.fill(BufferedReader.java:161)
	at java.io.BufferedReader.readLine(BufferedReader.java:324)
	at java.io.BufferedReader.readLine(BufferedReader.java:389)
	at org.apache.zookeeper.client.FourLetterWordMain.send4LetterWord(FourLetterWordMain.java:129)
	at org.apache.zookeeper.client.FourLetterWordMain.send4LetterWord(FourLetterWordMain.java:74)
	at org.apache.zookeeper.test.ClientBase.waitForServerUp(ClientBase.java:258)
	at org.apache.zookeeper.test.ClientBase.waitForServerUp(ClientBase.java:249)
	at org.apache.zookeeper.server.quorum.QuorumSSLTest.testHostnameVerification(QuorumSSLTest.java:671)
	at org.apache.zookeeper.server.quorum.QuorumSSLTest.testHostnameVerificationWithValidIpAddressAndInvalidHostname(QuorumSSLTest.java:654)
	at sun.reflect.NativeMethodAccessorImpl.invoke0(Native Method)
	at sun.reflect.NativeMethodAccessorImpl.invoke(NativeMethodAccessorImpl.java:62)
	at sun.reflect.DelegatingMethodAccessorImpl.invoke(DelegatingMethodAccessorImpl.java:43)
	at java.lang.reflect.Method.invoke(Method.java:483)
	at org.junit.platform.commons.util.ReflectionUtils.invokeMethod(ReflectionUtils.java:686)
	at org.junit.jupiter.engine.execution.MethodInvocation.proceed(MethodInvocation.java:60)
	at org.junit.jupiter.engine.execution.InvocationInterceptorChain$ValidatingInvocation.proceed(InvocationInterceptorChain.java:131)
	at org.junit.jupiter.engine.extension.TimeoutInvocation.proceed(TimeoutInvocation.java:46)
	at org.junit.jupiter.engine.extension.TimeoutExtension.intercept(TimeoutExtension.java:149)
	at org.junit.jupiter.engine.extension.TimeoutExtension.interceptTestableMethod(TimeoutExtension.java:140)
	at org.junit.jupiter.engine.extension.TimeoutExtension.interceptTestMethod(TimeoutExtension.java:84)
	at org.junit.jupiter.engine.descriptor.TestMethodTestDescriptor$$Lambda$111/1780132728.apply(Unknown Source)
	at org.junit.jupiter.engine.execution.ExecutableInvoker$ReflectiveInterceptorCall.lambda$ofVoidMethod$0(ExecutableInvoker.java:115)
	at org.junit.jupiter.engine.execution.ExecutableInvoker$ReflectiveInterceptorCall$$Lambda$112/1725017993.apply(Unknown Source)
	at org.junit.jupiter.engine.execution.ExecutableInvoker.lambda$invoke$0(ExecutableInvoker.java:105)
	at org.junit.jupiter.engine.execution.ExecutableInvoker$$Lambda$234/64133603.apply(Unknown Source)
	at org.junit.jupiter.engine.execution.InvocationInterceptorChain$InterceptedInvocation.proceed(InvocationInterceptorChain.java:106)
	at org.junit.jupiter.engine.execution.InvocationInterceptorChain.proceed(InvocationInterceptorChain.java:64)
	at org.junit.jupiter.engine.execution.InvocationInterceptorChain.chainAndInvoke(InvocationInterceptorChain.java:45)
	at org.junit.jupiter.engine.execution.InvocationInterceptorChain.invoke(InvocationInterceptorChain.java:37)
	at org.junit.jupiter.engine.execution.ExecutableInvoker.invoke(ExecutableInvoker.java:104)
	at org.junit.jupiter.engine.execution.ExecutableInvoker.invoke(ExecutableInvoker.java:98)
	at org.junit.jupiter.engine.descriptor.TestMethodTestDescriptor.lambda$invokeTestMethod$6(TestMethodTestDescriptor.java:212)
	at org.junit.jupiter.engine.descriptor.TestMethodTestDescriptor$$Lambda$271/224100622.execute(Unknown Source)
	at org.junit.platform.engine.support.hierarchical.ThrowableCollector.execute(ThrowableCollector.java:73)
	at org.junit.jupiter.engine.descriptor.TestMethodTestDescriptor.invokeTestMethod(TestMethodTestDescriptor.java:208)
	at org.junit.jupiter.engine.descriptor.TestMethodTestDescriptor.execute(TestMethodTestDescriptor.java:137)
	at org.junit.jupiter.engine.descriptor.TestMethodTestDescriptor.execute(TestMethodTestDescriptor.java:71)
	at org.junit.platform.engine.support.hierarchical.NodeTestTask.lambda$executeRecursively$5(NodeTestTask.java:135)
	at org.junit.platform.engine.support.hierarchical.NodeTestTask$$Lambda$179/195615004.execute(Unknown Source)
	at org.junit.platform.engine.support.hierarchical.ThrowableCollector.execute(ThrowableCollector.java:73)
	at org.junit.platform.engine.support.hierarchical.NodeTestTask.lambda$executeRecursively$7(NodeTestTask.java:125)
	at org.junit.platform.engine.support.hierarchical.NodeTestTask$$Lambda$178/1890627974.invoke(Unknown Source)
	at org.junit.platform.engine.support.hierarchical.Node.around(Node.java:135)
	at org.junit.platform.engine.support.hierarchical.NodeTestTask.lambda$executeRecursively$8(NodeTestTask.java:123)
	at org.junit.platform.engine.support.hierarchical.NodeTestTask$$Lambda$177/231977479.execute(Unknown Source)
	at org.junit.platform.engine.support.hierarchical.ThrowableCollector.execute(ThrowableCollector.java:73)
	at org.junit.platform.engine.support.hierarchical.NodeTestTask.executeRecursively(NodeTestTask.java:122)
	at org.junit.platform.engine.support.hierarchical.NodeTestTask.execute(NodeTestTask.java:80)
	at org.junit.platform.engine.support.hierarchical.SameThreadHierarchicalTestExecutorService$$Lambda$183/1381713434.accept(Unknown Source)
	at java.util.ArrayList.forEach(ArrayList.java:1249)
	at org.junit.platform.engine.support.hierarchical.SameThreadHierarchicalTestExecutorService.invokeAll(SameThreadHierarchicalTestExecutorService.java:38)
	at org.junit.platform.engine.support.hierarchical.NodeTestTask.lambda$executeRecursively$5(NodeTestTask.java:139)
	at org.junit.platform.engine.support.hierarchical.NodeTestTask$$Lambda$179/195615004.execute(Unknown Source)
	at org.junit.platform.engine.support.hierarchical.ThrowableCollector.execute(ThrowableCollector.java:73)
	at org.junit.platform.engine.support.hierarchical.NodeTestTask.lambda$executeRecursively$7(NodeTestTask.java:125)
	at org.junit.platform.engine.support.hierarchical.NodeTestTask$$Lambda$178/1890627974.invoke(Unknown Source)
	at org.junit.platform.engine.support.hierarchical.Node.around(Node.java:135)
	at org.junit.platform.engine.support.hierarchical.NodeTestTask.lambda$executeRecursively$8(NodeTestTask.java:123)
	at org.junit.platform.engine.support.hierarchical.NodeTestTask$$Lambda$177/231977479.execute(Unknown Source)
	at org.junit.platform.engine.support.hierarchical.ThrowableCollector.execute(ThrowableCollector.java:73)
	at org.junit.platform.engine.support.hierarchical.NodeTestTask.executeRecursively(NodeTestTask.java:122)
	at org.junit.platform.engine.support.hierarchical.NodeTestTask.execute(NodeTestTask.java:80)
	at org.junit.platform.engine.support.hierarchical.SameThreadHierarchicalTestExecutorService$$Lambda$183/1381713434.accept(Unknown Source)
	at java.util.ArrayList.forEach(ArrayList.java:1249)
	at org.junit.platform.engine.support.hierarchical.SameThreadHierarchicalTestExecutorService.invokeAll(SameThreadHierarchicalTestExecutorService.java:38)
	at org.junit.platform.engine.support.hierarchical.NodeTestTask.lambda$executeRecursively$5(NodeTestTask.java:139)
	at org.junit.platform.engine.support.hierarchical.NodeTestTask$$Lambda$179/195615004.execute(Unknown Source)
	at org.junit.platform.engine.support.hierarchical.ThrowableCollector.execute(ThrowableCollector.java:73)
	at org.junit.platform.engine.support.hierarchical.NodeTestTask.lambda$executeRecursively$7(NodeTestTask.java:125)
	at org.junit.platform.engine.support.hierarchical.NodeTestTask$$Lambda$178/1890627974.invoke(Unknown Source)
	at org.junit.platform.engine.support.hierarchical.Node.around(Node.java:135)
	at org.junit.platform.engine.support.hierarchical.NodeTestTask.lambda$executeRecursively$8(NodeTestTask.java:123)
	at org.junit.platform.engine.support.hierarchical.NodeTestTask$$Lambda$177/231977479.execute(Unknown Source)
	at org.junit.platform.engine.support.hierarchical.ThrowableCollector.execute(ThrowableCollector.java:73)
	at org.junit.platform.engine.support.hierarchical.NodeTestTask.executeRecursively(NodeTestTask.java:122)
	at org.junit.platform.engine.support.hierarchical.NodeTestTask.execute(NodeTestTask.java:80)
	at org.junit.platform.engine.support.hierarchical.SameThreadHierarchicalTestExecutorService.submit(SameThreadHierarchicalTestExecutorService.java:32)
	at org.junit.platform.engine.support.hierarchical.HierarchicalTestExecutor.execute(HierarchicalTestExecutor.java:57)
	at org.junit.platform.engine.support.hierarchical.HierarchicalTestEngine.execute(HierarchicalTestEngine.java:51)
	at org.junit.platform.launcher.core.DefaultLauncher.execute(DefaultLauncher.java:248)
	at org.junit.platform.launcher.core.DefaultLauncher.lambda$execute$5(DefaultLauncher.java:211)
	at org.junit.platform.launcher.core.DefaultLauncher$$Lambda$143/233996206.accept(Unknown Source)
	at org.junit.platform.launcher.core.DefaultLauncher.withInterceptedStreams(DefaultLauncher.java:226)
	at org.junit.platform.launcher.core.DefaultLauncher.execute(DefaultLauncher.java:199)
	at org.junit.platform.launcher.core.DefaultLauncher.execute(DefaultLauncher.java:132)
	at org.apache.maven.surefire.junitplatform.JUnitPlatformProvider.invokeAllTests(JUnitPlatformProvider.java:142)
	at org.apache.maven.surefire.junitplatform.JUnitPlatformProvider.invoke(JUnitPlatformProvider.java:113)
	at org.apache.maven.surefire.booter.ForkedBooter.invokeProviderInSameClassLoader(ForkedBooter.java:384)
	at org.apache.maven.surefire.booter.ForkedBooter.runSuitesInProcess(ForkedBooter.java:345)
	at org.apache.maven.surefire.booter.ForkedBooter.execute(ForkedBooter.java:126)
	at org.apache.maven.surefire.booter.ForkedBooter.main(ForkedBooter.java:418)
2021-11-08 11:14:45,155 [myid:] - INFO  [main:FourLetterWordMain@94] - connecting to 127.0.0.1 30110
2021-11-08 11:14:45,155 [myid:1] - WARN  [nioEventLoopGroup-47-4:NettyServerCnxnFactory$CnxnChannelHandler@231] - Zookeeper server is not running, close the connection before starting the TLS handshake
2021-11-08 11:14:45,156 [myid:] - INFO  [main:QuorumBase@422] - Shutting down quorum peer QuorumPeer[myid=1](plain=[0:0:0:0:0:0:0:0]:30110)(secure=disabled)
2021-11-08 11:14:45,156 [myid:] - INFO  [main:NettyServerCnxnFactory@647] - shutdown called /0:0:0:0:0:0:0:0:30110
2021-11-08 11:14:45,158 [myid:1] - INFO  [QuorumPeerListener:QuorumCnxManager$Listener@980] - Leaving listener
2021-11-08 11:14:45,158 [myid:1] - WARN  [QuorumPeer[myid=1](plain=[0:0:0:0:0:0:0:0]:30110)(secure=disabled):QuorumPeer@1486] - Unexpected exception
java.lang.InterruptedException
	at java.util.concurrent.locks.AbstractQueuedSynchronizer$ConditionObject.reportInterruptAfterWait(AbstractQueuedSynchronizer.java:2014)
	at java.util.concurrent.locks.AbstractQueuedSynchronizer$ConditionObject.awaitNanos(AbstractQueuedSynchronizer.java:2088)
	at java.util.concurrent.LinkedBlockingQueue.poll(LinkedBlockingQueue.java:467)
	at org.apache.zookeeper.server.quorum.FastLeaderElection.lookForLeader(FastLeaderElection.java:966)
	at org.apache.zookeeper.server.quorum.QuorumPeer.run(QuorumPeer.java:1484)
2021-11-08 11:14:45,158 [myid:1] - INFO  [QuorumPeer[myid=1](plain=[0:0:0:0:0:0:0:0]:30110)(secure=disabled):QuorumPeer@915] - Peer state changed: looking
2021-11-08 11:14:45,159 [myid:1] - WARN  [QuorumPeer[myid=1](plain=[0:0:0:0:0:0:0:0]:30110)(secure=disabled):QuorumPeer@1545] - QuorumPeer main thread exited
2021-11-08 11:14:45,159 [myid:] - INFO  [main:QuorumBase@426] - Shutting down leader election QuorumPeer[myid=1](plain=[0:0:0:0:0:0:0:0]:30110)(secure=disabled)
2021-11-08 11:14:45,159 [myid:] - INFO  [main:QuorumBase@431] - Waiting for QuorumPeer[myid=1](plain=[0:0:0:0:0:0:0:0]:30110)(secure=disabled) to exit thread
2021-11-08 11:14:45,160 [myid:] - INFO  [main:QuorumBase@422] - Shutting down quorum peer QuorumPeer[myid=2](plain=[0:0:0:0:0:0:0:0]:30111)(secure=disabled)
2021-11-08 11:14:45,160 [myid:] - INFO  [main:NettyServerCnxnFactory@647] - shutdown called /0:0:0:0:0:0:0:0:30111
2021-11-08 11:14:45,161 [myid:2] - WARN  [QuorumPeer[myid=2](plain=[0:0:0:0:0:0:0:0]:30111)(secure=disabled):QuorumPeer@1486] - Unexpected exception
java.lang.InterruptedException
	at java.util.concurrent.locks.AbstractQueuedSynchronizer$ConditionObject.reportInterruptAfterWait(AbstractQueuedSynchronizer.java:2014)
	at java.util.concurrent.locks.AbstractQueuedSynchronizer$ConditionObject.awaitNanos(AbstractQueuedSynchronizer.java:2088)
	at java.util.concurrent.LinkedBlockingQueue.poll(LinkedBlockingQueue.java:467)
	at org.apache.zookeeper.server.quorum.FastLeaderElection.lookForLeader(FastLeaderElection.java:966)
	at org.apache.zookeeper.server.quorum.QuorumPeer.run(QuorumPeer.java:1484)
2021-11-08 11:14:45,162 [myid:2] - INFO  [QuorumPeer[myid=2](plain=[0:0:0:0:0:0:0:0]:30111)(secure=disabled):QuorumPeer@915] - Peer state changed: looking
2021-11-08 11:14:45,162 [myid:2] - WARN  [QuorumPeer[myid=2](plain=[0:0:0:0:0:0:0:0]:30111)(secure=disabled):QuorumPeer@1545] - QuorumPeer main thread exited
2021-11-08 11:14:45,161 [myid:2] - INFO  [QuorumPeerListener:QuorumCnxManager$Listener@980] - Leaving listener
2021-11-08 11:14:45,164 [myid:] - INFO  [main:QuorumBase@426] - Shutting down leader election QuorumPeer[myid=2](plain=[0:0:0:0:0:0:0:0]:30111)(secure=disabled)
2021-11-08 11:14:45,164 [myid:] - INFO  [main:QuorumBase@431] - Waiting for QuorumPeer[myid=2](plain=[0:0:0:0:0:0:0:0]:30111)(secure=disabled) to exit thread
2021-11-08 11:14:45,165 [myid:] - INFO  [main:QuorumPeerTestBase@64] - No servers to shutdown!
2021-11-08 11:14:45,165 [myid:] - INFO  [main:ZKTestCase@82] - FINISHED Optional[public void org.apache.zookeeper.server.quorum.QuorumSSLTest.testHostnameVerificationWithValidIpAddressAndInvalidHostname() throws java.lang.Exception]
]]></system-out>
    <system-err><![CDATA[Exception in thread "QuorumConnectionThread-[myid=1]-2" java.lang.IllegalArgumentException: Cannot support TLS_ECDHE_ECDSA_WITH_AES_256_CBC_SHA384 with currently installed providers
	at sun.security.ssl.CipherSuiteList.<init>(CipherSuiteList.java:92)
	at sun.security.ssl.SSLSocketImpl.setEnabledCipherSuites(SSLSocketImpl.java:2419)
	at javax.net.ssl.SSLSocket.setSSLParameters(SSLSocket.java:650)
	at sun.security.ssl.SSLSocketImpl.setSSLParameters(SSLSocketImpl.java:2544)
	at org.apache.zookeeper.common.SSLContextAndOptions.configureSSLSocket(SSLContextAndOptions.java:125)
	at org.apache.zookeeper.common.SSLContextAndOptions.createSSLSocket(SSLContextAndOptions.java:80)
	at org.apache.zookeeper.common.X509Util.createSSLSocket(X509Util.java:517)
	at org.apache.zookeeper.server.quorum.QuorumCnxManager.initiateConnection(QuorumCnxManager.java:379)
	at org.apache.zookeeper.server.quorum.QuorumCnxManager$QuorumConnectionReqThread.run(QuorumCnxManager.java:458)
	at java.util.concurrent.ThreadPoolExecutor.runWorker(ThreadPoolExecutor.java:1142)
	at java.util.concurrent.ThreadPoolExecutor$Worker.run(ThreadPoolExecutor.java:617)
	at java.lang.Thread.run(Thread.java:745)
Exception in thread "QuorumConnectionThread-[myid=1]-1" java.lang.IllegalArgumentException: Cannot support TLS_ECDHE_ECDSA_WITH_AES_256_CBC_SHA384 with currently installed providers
	at sun.security.ssl.CipherSuiteList.<init>(CipherSuiteList.java:92)
	at sun.security.ssl.SSLSocketImpl.setEnabledCipherSuites(SSLSocketImpl.java:2419)
	at javax.net.ssl.SSLSocket.setSSLParameters(SSLSocket.java:650)
	at sun.security.ssl.SSLSocketImpl.setSSLParameters(SSLSocketImpl.java:2544)
	at org.apache.zookeeper.common.SSLContextAndOptions.configureSSLSocket(SSLContextAndOptions.java:125)
	at org.apache.zookeeper.common.SSLContextAndOptions.createSSLSocket(SSLContextAndOptions.java:80)
	at org.apache.zookeeper.common.X509Util.createSSLSocket(X509Util.java:517)
	at org.apache.zookeeper.server.quorum.QuorumCnxManager.initiateConnection(QuorumCnxManager.java:379)
	at org.apache.zookeeper.server.quorum.QuorumCnxManager$QuorumConnectionReqThread.run(QuorumCnxManager.java:458)
	at java.util.concurrent.ThreadPoolExecutor.runWorker(ThreadPoolExecutor.java:1142)
	at java.util.concurrent.ThreadPoolExecutor$Worker.run(ThreadPoolExecutor.java:617)
	at java.lang.Thread.run(Thread.java:745)
Exception in thread "QuorumConnectionThread-[myid=2]-1" java.lang.IllegalArgumentException: Cannot support TLS_ECDHE_ECDSA_WITH_AES_256_CBC_SHA384 with currently installed providers
	at sun.security.ssl.CipherSuiteList.<init>(CipherSuiteList.java:92)
	at sun.security.ssl.SSLSocketImpl.setEnabledCipherSuites(SSLSocketImpl.java:2419)
	at javax.net.ssl.SSLSocket.setSSLParameters(SSLSocket.java:650)
	at sun.security.ssl.SSLSocketImpl.setSSLParameters(SSLSocketImpl.java:2544)
	at org.apache.zookeeper.common.SSLContextAndOptions.configureSSLSocket(SSLContextAndOptions.java:125)
	at org.apache.zookeeper.common.SSLContextAndOptions.createSSLSocket(SSLContextAndOptions.java:80)
	at org.apache.zookeeper.common.X509Util.createSSLSocket(X509Util.java:517)
	at org.apache.zookeeper.server.quorum.QuorumCnxManager.initiateConnection(QuorumCnxManager.java:379)
	at org.apache.zookeeper.server.quorum.QuorumCnxManager$QuorumConnectionReqThread.run(QuorumCnxManager.java:458)
	at java.util.concurrent.ThreadPoolExecutor.runWorker(ThreadPoolExecutor.java:1142)
	at java.util.concurrent.ThreadPoolExecutor$Worker.run(ThreadPoolExecutor.java:617)
	at java.lang.Thread.run(Thread.java:745)
Exception in thread "QuorumConnectionThread-[myid=2]-2" java.lang.IllegalArgumentException: Cannot support TLS_ECDHE_ECDSA_WITH_AES_256_CBC_SHA384 with currently installed providers
	at sun.security.ssl.CipherSuiteList.<init>(CipherSuiteList.java:92)
	at sun.security.ssl.SSLSocketImpl.setEnabledCipherSuites(SSLSocketImpl.java:2419)
	at javax.net.ssl.SSLSocket.setSSLParameters(SSLSocket.java:650)
	at sun.security.ssl.SSLSocketImpl.setSSLParameters(SSLSocketImpl.java:2544)
	at org.apache.zookeeper.common.SSLContextAndOptions.configureSSLSocket(SSLContextAndOptions.java:125)
	at org.apache.zookeeper.common.SSLContextAndOptions.createSSLSocket(SSLContextAndOptions.java:80)
	at org.apache.zookeeper.common.X509Util.createSSLSocket(X509Util.java:517)
	at org.apache.zookeeper.server.quorum.QuorumCnxManager.initiateConnection(QuorumCnxManager.java:379)
	at org.apache.zookeeper.server.quorum.QuorumCnxManager$QuorumConnectionReqThread.run(QuorumCnxManager.java:458)
	at java.util.concurrent.ThreadPoolExecutor.runWorker(ThreadPoolExecutor.java:1142)
	at java.util.concurrent.ThreadPoolExecutor$Worker.run(ThreadPoolExecutor.java:617)
	at java.lang.Thread.run(Thread.java:745)
Exception in thread "QuorumConnectionThread-[myid=1]-4" java.lang.IllegalArgumentException: Cannot support TLS_ECDHE_ECDSA_WITH_AES_256_CBC_SHA384 with currently installed providers
	at sun.security.ssl.CipherSuiteList.<init>(CipherSuiteList.java:92)
	at sun.security.ssl.SSLSocketImpl.setEnabledCipherSuites(SSLSocketImpl.java:2419)
	at javax.net.ssl.SSLSocket.setSSLParameters(SSLSocket.java:650)
	at sun.security.ssl.SSLSocketImpl.setSSLParameters(SSLSocketImpl.java:2544)
	at org.apache.zookeeper.common.SSLContextAndOptions.configureSSLSocket(SSLContextAndOptions.java:125)
	at org.apache.zookeeper.common.SSLContextAndOptions.createSSLSocket(SSLContextAndOptions.java:80)
	at org.apache.zookeeper.common.X509Util.createSSLSocket(X509Util.java:517)
	at org.apache.zookeeper.server.quorum.QuorumCnxManager.initiateConnection(QuorumCnxManager.java:379)
	at org.apache.zookeeper.server.quorum.QuorumCnxManager$QuorumConnectionReqThread.run(QuorumCnxManager.java:458)
	at java.util.concurrent.ThreadPoolExecutor.runWorker(ThreadPoolExecutor.java:1142)
	at java.util.concurrent.ThreadPoolExecutor$Worker.run(ThreadPoolExecutor.java:617)
	at java.lang.Thread.run(Thread.java:745)
Exception in thread "QuorumConnectionThread-[myid=1]-5" java.lang.IllegalArgumentException: Cannot support TLS_ECDHE_ECDSA_WITH_AES_256_CBC_SHA384 with currently installed providers
	at sun.security.ssl.CipherSuiteList.<init>(CipherSuiteList.java:92)
	at sun.security.ssl.SSLSocketImpl.setEnabledCipherSuites(SSLSocketImpl.java:2419)
	at javax.net.ssl.SSLSocket.setSSLParameters(SSLSocket.java:650)
	at sun.security.ssl.SSLSocketImpl.setSSLParameters(SSLSocketImpl.java:2544)
	at org.apache.zookeeper.common.SSLContextAndOptions.configureSSLSocket(SSLContextAndOptions.java:125)
	at org.apache.zookeeper.common.SSLContextAndOptions.createSSLSocket(SSLContextAndOptions.java:80)
	at org.apache.zookeeper.common.X509Util.createSSLSocket(X509Util.java:517)
	at org.apache.zookeeper.server.quorum.QuorumCnxManager.initiateConnection(QuorumCnxManager.java:379)
	at org.apache.zookeeper.server.quorum.QuorumCnxManager$QuorumConnectionReqThread.run(QuorumCnxManager.java:458)
	at java.util.concurrent.ThreadPoolExecutor.runWorker(ThreadPoolExecutor.java:1142)
	at java.util.concurrent.ThreadPoolExecutor$Worker.run(ThreadPoolExecutor.java:617)
	at java.lang.Thread.run(Thread.java:745)
Exception in thread "QuorumConnectionThread-[myid=2]-4" java.lang.IllegalArgumentException: Cannot support TLS_ECDHE_ECDSA_WITH_AES_256_CBC_SHA384 with currently installed providers
	at sun.security.ssl.CipherSuiteList.<init>(CipherSuiteList.java:92)
	at sun.security.ssl.SSLSocketImpl.setEnabledCipherSuites(SSLSocketImpl.java:2419)
	at javax.net.ssl.SSLSocket.setSSLParameters(SSLSocket.java:650)
	at sun.security.ssl.SSLSocketImpl.setSSLParameters(SSLSocketImpl.java:2544)
	at org.apache.zookeeper.common.SSLContextAndOptions.configureSSLSocket(SSLContextAndOptions.java:125)
	at org.apache.zookeeper.common.SSLContextAndOptions.createSSLSocket(SSLContextAndOptions.java:80)
	at org.apache.zookeeper.common.X509Util.createSSLSocket(X509Util.java:517)
	at org.apache.zookeeper.server.quorum.QuorumCnxManager.initiateConnection(QuorumCnxManager.java:379)
	at org.apache.zookeeper.server.quorum.QuorumCnxManager$QuorumConnectionReqThread.run(QuorumCnxManager.java:458)
	at java.util.concurrent.ThreadPoolExecutor.runWorker(ThreadPoolExecutor.java:1142)
	at java.util.concurrent.ThreadPoolExecutor$Worker.run(ThreadPoolExecutor.java:617)
	at java.lang.Thread.run(Thread.java:745)
Exception in thread "QuorumConnectionThread-[myid=2]-5" java.lang.IllegalArgumentException: Cannot support TLS_ECDHE_ECDSA_WITH_AES_256_CBC_SHA384 with currently installed providers
	at sun.security.ssl.CipherSuiteList.<init>(CipherSuiteList.java:92)
	at sun.security.ssl.SSLSocketImpl.setEnabledCipherSuites(SSLSocketImpl.java:2419)
	at javax.net.ssl.SSLSocket.setSSLParameters(SSLSocket.java:650)
	at sun.security.ssl.SSLSocketImpl.setSSLParameters(SSLSocketImpl.java:2544)
	at org.apache.zookeeper.common.SSLContextAndOptions.configureSSLSocket(SSLContextAndOptions.java:125)
	at org.apache.zookeeper.common.SSLContextAndOptions.createSSLSocket(SSLContextAndOptions.java:80)
	at org.apache.zookeeper.common.X509Util.createSSLSocket(X509Util.java:517)
	at org.apache.zookeeper.server.quorum.QuorumCnxManager.initiateConnection(QuorumCnxManager.java:379)
	at org.apache.zookeeper.server.quorum.QuorumCnxManager$QuorumConnectionReqThread.run(QuorumCnxManager.java:458)
	at java.util.concurrent.ThreadPoolExecutor.runWorker(ThreadPoolExecutor.java:1142)
	at java.util.concurrent.ThreadPoolExecutor$Worker.run(ThreadPoolExecutor.java:617)
	at java.lang.Thread.run(Thread.java:745)
Exception in thread "QuorumConnectionThread-[myid=1]-7" java.lang.IllegalArgumentException: Cannot support TLS_ECDHE_ECDSA_WITH_AES_256_CBC_SHA384 with currently installed providers
	at sun.security.ssl.CipherSuiteList.<init>(CipherSuiteList.java:92)
	at sun.security.ssl.SSLSocketImpl.setEnabledCipherSuites(SSLSocketImpl.java:2419)
	at javax.net.ssl.SSLSocket.setSSLParameters(SSLSocket.java:650)
	at sun.security.ssl.SSLSocketImpl.setSSLParameters(SSLSocketImpl.java:2544)
	at org.apache.zookeeper.common.SSLContextAndOptions.configureSSLSocket(SSLContextAndOptions.java:125)
	at org.apache.zookeeper.common.SSLContextAndOptions.createSSLSocket(SSLContextAndOptions.java:80)
	at org.apache.zookeeper.common.X509Util.createSSLSocket(X509Util.java:517)
	at org.apache.zookeeper.server.quorum.QuorumCnxManager.initiateConnection(QuorumCnxManager.java:379)
	at org.apache.zookeeper.server.quorum.QuorumCnxManager$QuorumConnectionReqThread.run(QuorumCnxManager.java:458)
	at java.util.concurrent.ThreadPoolExecutor.runWorker(ThreadPoolExecutor.java:1142)
	at java.util.concurrent.ThreadPoolExecutor$Worker.run(ThreadPoolExecutor.java:617)
	at java.lang.Thread.run(Thread.java:745)
Exception in thread "QuorumConnectionThread-[myid=1]-6" java.lang.IllegalArgumentException: Cannot support TLS_ECDHE_ECDSA_WITH_AES_256_CBC_SHA384 with currently installed providers
	at sun.security.ssl.CipherSuiteList.<init>(CipherSuiteList.java:92)
	at sun.security.ssl.SSLSocketImpl.setEnabledCipherSuites(SSLSocketImpl.java:2419)
	at javax.net.ssl.SSLSocket.setSSLParameters(SSLSocket.java:650)
	at sun.security.ssl.SSLSocketImpl.setSSLParameters(SSLSocketImpl.java:2544)
	at org.apache.zookeeper.common.SSLContextAndOptions.configureSSLSocket(SSLContextAndOptions.java:125)
	at org.apache.zookeeper.common.SSLContextAndOptions.createSSLSocket(SSLContextAndOptions.java:80)
	at org.apache.zookeeper.common.X509Util.createSSLSocket(X509Util.java:517)
	at org.apache.zookeeper.server.quorum.QuorumCnxManager.initiateConnection(QuorumCnxManager.java:379)
	at org.apache.zookeeper.server.quorum.QuorumCnxManager$QuorumConnectionReqThread.run(QuorumCnxManager.java:458)
	at java.util.concurrent.ThreadPoolExecutor.runWorker(ThreadPoolExecutor.java:1142)
	at java.util.concurrent.ThreadPoolExecutor$Worker.run(ThreadPoolExecutor.java:617)
	at java.lang.Thread.run(Thread.java:745)
Exception in thread "QuorumConnectionThread-[myid=2]-7" java.lang.IllegalArgumentException: Cannot support TLS_ECDHE_ECDSA_WITH_AES_256_CBC_SHA384 with currently installed providers
	at sun.security.ssl.CipherSuiteList.<init>(CipherSuiteList.java:92)
	at sun.security.ssl.SSLSocketImpl.setEnabledCipherSuites(SSLSocketImpl.java:2419)
	at javax.net.ssl.SSLSocket.setSSLParameters(SSLSocket.java:650)
	at sun.security.ssl.SSLSocketImpl.setSSLParameters(SSLSocketImpl.java:2544)
	at org.apache.zookeeper.common.SSLContextAndOptions.configureSSLSocket(SSLContextAndOptions.java:125)
	at org.apache.zookeeper.common.SSLContextAndOptions.createSSLSocket(SSLContextAndOptions.java:80)
	at org.apache.zookeeper.common.X509Util.createSSLSocket(X509Util.java:517)
	at org.apache.zookeeper.server.quorum.QuorumCnxManager.initiateConnection(QuorumCnxManager.java:379)
	at org.apache.zookeeper.server.quorum.QuorumCnxManager$QuorumConnectionReqThread.run(QuorumCnxManager.java:458)
	at java.util.concurrent.ThreadPoolExecutor.runWorker(ThreadPoolExecutor.java:1142)
	at java.util.concurrent.ThreadPoolExecutor$Worker.run(ThreadPoolExecutor.java:617)
	at java.lang.Thread.run(Thread.java:745)
Exception in thread "QuorumConnectionThread-[myid=2]-6" java.lang.IllegalArgumentException: Cannot support TLS_ECDHE_ECDSA_WITH_AES_256_CBC_SHA384 with currently installed providers
	at sun.security.ssl.CipherSuiteList.<init>(CipherSuiteList.java:92)
	at sun.security.ssl.SSLSocketImpl.setEnabledCipherSuites(SSLSocketImpl.java:2419)
	at javax.net.ssl.SSLSocket.setSSLParameters(SSLSocket.java:650)
	at sun.security.ssl.SSLSocketImpl.setSSLParameters(SSLSocketImpl.java:2544)
	at org.apache.zookeeper.common.SSLContextAndOptions.configureSSLSocket(SSLContextAndOptions.java:125)
	at org.apache.zookeeper.common.SSLContextAndOptions.createSSLSocket(SSLContextAndOptions.java:80)
	at org.apache.zookeeper.common.X509Util.createSSLSocket(X509Util.java:517)
	at org.apache.zookeeper.server.quorum.QuorumCnxManager.initiateConnection(QuorumCnxManager.java:379)
	at org.apache.zookeeper.server.quorum.QuorumCnxManager$QuorumConnectionReqThread.run(QuorumCnxManager.java:458)
	at java.util.concurrent.ThreadPoolExecutor.runWorker(ThreadPoolExecutor.java:1142)
	at java.util.concurrent.ThreadPoolExecutor$Worker.run(ThreadPoolExecutor.java:617)
	at java.lang.Thread.run(Thread.java:745)
Exception in thread "QuorumConnectionThread-[myid=1]-8" java.lang.IllegalArgumentException: Cannot support TLS_ECDHE_ECDSA_WITH_AES_256_CBC_SHA384 with currently installed providers
	at sun.security.ssl.CipherSuiteList.<init>(CipherSuiteList.java:92)
	at sun.security.ssl.SSLSocketImpl.setEnabledCipherSuites(SSLSocketImpl.java:2419)
	at javax.net.ssl.SSLSocket.setSSLParameters(SSLSocket.java:650)
	at sun.security.ssl.SSLSocketImpl.setSSLParameters(SSLSocketImpl.java:2544)
	at org.apache.zookeeper.common.SSLContextAndOptions.configureSSLSocket(SSLContextAndOptions.java:125)
	at org.apache.zookeeper.common.SSLContextAndOptions.createSSLSocket(SSLContextAndOptions.java:80)
	at org.apache.zookeeper.common.X509Util.createSSLSocket(X509Util.java:517)
	at org.apache.zookeeper.server.quorum.QuorumCnxManager.initiateConnection(QuorumCnxManager.java:379)
	at org.apache.zookeeper.server.quorum.QuorumCnxManager$QuorumConnectionReqThread.run(QuorumCnxManager.java:458)
	at java.util.concurrent.ThreadPoolExecutor.runWorker(ThreadPoolExecutor.java:1142)
	at java.util.concurrent.ThreadPoolExecutor$Worker.run(ThreadPoolExecutor.java:617)
	at java.lang.Thread.run(Thread.java:745)
Exception in thread "QuorumConnectionThread-[myid=1]-9" java.lang.IllegalArgumentException: Cannot support TLS_ECDHE_ECDSA_WITH_AES_256_CBC_SHA384 with currently installed providers
	at sun.security.ssl.CipherSuiteList.<init>(CipherSuiteList.java:92)
	at sun.security.ssl.SSLSocketImpl.setEnabledCipherSuites(SSLSocketImpl.java:2419)
	at javax.net.ssl.SSLSocket.setSSLParameters(SSLSocket.java:650)
	at sun.security.ssl.SSLSocketImpl.setSSLParameters(SSLSocketImpl.java:2544)
	at org.apache.zookeeper.common.SSLContextAndOptions.configureSSLSocket(SSLContextAndOptions.java:125)
	at org.apache.zookeeper.common.SSLContextAndOptions.createSSLSocket(SSLContextAndOptions.java:80)
	at org.apache.zookeeper.common.X509Util.createSSLSocket(X509Util.java:517)
	at org.apache.zookeeper.server.quorum.QuorumCnxManager.initiateConnection(QuorumCnxManager.java:379)
	at org.apache.zookeeper.server.quorum.QuorumCnxManager$QuorumConnectionReqThread.run(QuorumCnxManager.java:458)
	at java.util.concurrent.ThreadPoolExecutor.runWorker(ThreadPoolExecutor.java:1142)
	at java.util.concurrent.ThreadPoolExecutor$Worker.run(ThreadPoolExecutor.java:617)
	at java.lang.Thread.run(Thread.java:745)
Exception in thread "QuorumConnectionThread-[myid=2]-9" java.lang.IllegalArgumentException: Cannot support TLS_ECDHE_ECDSA_WITH_AES_256_CBC_SHA384 with currently installed providers
	at sun.security.ssl.CipherSuiteList.<init>(CipherSuiteList.java:92)
	at sun.security.ssl.SSLSocketImpl.setEnabledCipherSuites(SSLSocketImpl.java:2419)
	at javax.net.ssl.SSLSocket.setSSLParameters(SSLSocket.java:650)
	at sun.security.ssl.SSLSocketImpl.setSSLParameters(SSLSocketImpl.java:2544)
	at org.apache.zookeeper.common.SSLContextAndOptions.configureSSLSocket(SSLContextAndOptions.java:125)
	at org.apache.zookeeper.common.SSLContextAndOptions.createSSLSocket(SSLContextAndOptions.java:80)
	at org.apache.zookeeper.common.X509Util.createSSLSocket(X509Util.java:517)
	at org.apache.zookeeper.server.quorum.QuorumCnxManager.initiateConnection(QuorumCnxManager.java:379)
	at org.apache.zookeeper.server.quorum.QuorumCnxManager$QuorumConnectionReqThread.run(QuorumCnxManager.java:458)
	at java.util.concurrent.ThreadPoolExecutor.runWorker(ThreadPoolExecutor.java:1142)
	at java.util.concurrent.ThreadPoolExecutor$Worker.run(ThreadPoolExecutor.java:617)
	at java.lang.Thread.run(Thread.java:745)
Exception in thread "QuorumConnectionThread-[myid=2]-8" java.lang.IllegalArgumentException: Cannot support TLS_ECDHE_ECDSA_WITH_AES_256_CBC_SHA384 with currently installed providers
	at sun.security.ssl.CipherSuiteList.<init>(CipherSuiteList.java:92)
	at sun.security.ssl.SSLSocketImpl.setEnabledCipherSuites(SSLSocketImpl.java:2419)
	at javax.net.ssl.SSLSocket.setSSLParameters(SSLSocket.java:650)
	at sun.security.ssl.SSLSocketImpl.setSSLParameters(SSLSocketImpl.java:2544)
	at org.apache.zookeeper.common.SSLContextAndOptions.configureSSLSocket(SSLContextAndOptions.java:125)
	at org.apache.zookeeper.common.SSLContextAndOptions.createSSLSocket(SSLContextAndOptions.java:80)
	at org.apache.zookeeper.common.X509Util.createSSLSocket(X509Util.java:517)
	at org.apache.zookeeper.server.quorum.QuorumCnxManager.initiateConnection(QuorumCnxManager.java:379)
	at org.apache.zookeeper.server.quorum.QuorumCnxManager$QuorumConnectionReqThread.run(QuorumCnxManager.java:458)
	at java.util.concurrent.ThreadPoolExecutor.runWorker(ThreadPoolExecutor.java:1142)
	at java.util.concurrent.ThreadPoolExecutor$Worker.run(ThreadPoolExecutor.java:617)
	at java.lang.Thread.run(Thread.java:745)
Exception in thread "QuorumConnectionThread-[myid=1]-11" java.lang.IllegalArgumentException: Cannot support TLS_ECDHE_ECDSA_WITH_AES_256_CBC_SHA384 with currently installed providers
	at sun.security.ssl.CipherSuiteList.<init>(CipherSuiteList.java:92)
	at sun.security.ssl.SSLSocketImpl.setEnabledCipherSuites(SSLSocketImpl.java:2419)
	at javax.net.ssl.SSLSocket.setSSLParameters(SSLSocket.java:650)
	at sun.security.ssl.SSLSocketImpl.setSSLParameters(SSLSocketImpl.java:2544)
	at org.apache.zookeeper.common.SSLContextAndOptions.configureSSLSocket(SSLContextAndOptions.java:125)
	at org.apache.zookeeper.common.SSLContextAndOptions.createSSLSocket(SSLContextAndOptions.java:80)
	at org.apache.zookeeper.common.X509Util.createSSLSocket(X509Util.java:517)
	at org.apache.zookeeper.server.quorum.QuorumCnxManager.initiateConnection(QuorumCnxManager.java:379)
	at org.apache.zookeeper.server.quorum.QuorumCnxManager$QuorumConnectionReqThread.run(QuorumCnxManager.java:458)
	at java.util.concurrent.ThreadPoolExecutor.runWorker(ThreadPoolExecutor.java:1142)
	at java.util.concurrent.ThreadPoolExecutor$Worker.run(ThreadPoolExecutor.java:617)
	at java.lang.Thread.run(Thread.java:745)
Exception in thread "QuorumConnectionThread-[myid=1]-10" java.lang.IllegalArgumentException: Cannot support TLS_ECDHE_ECDSA_WITH_AES_256_CBC_SHA384 with currently installed providers
	at sun.security.ssl.CipherSuiteList.<init>(CipherSuiteList.java:92)
	at sun.security.ssl.SSLSocketImpl.setEnabledCipherSuites(SSLSocketImpl.java:2419)
	at javax.net.ssl.SSLSocket.setSSLParameters(SSLSocket.java:650)
	at sun.security.ssl.SSLSocketImpl.setSSLParameters(SSLSocketImpl.java:2544)
	at org.apache.zookeeper.common.SSLContextAndOptions.configureSSLSocket(SSLContextAndOptions.java:125)
	at org.apache.zookeeper.common.SSLContextAndOptions.createSSLSocket(SSLContextAndOptions.java:80)
	at org.apache.zookeeper.common.X509Util.createSSLSocket(X509Util.java:517)
	at org.apache.zookeeper.server.quorum.QuorumCnxManager.initiateConnection(QuorumCnxManager.java:379)
	at org.apache.zookeeper.server.quorum.QuorumCnxManager$QuorumConnectionReqThread.run(QuorumCnxManager.java:458)
	at java.util.concurrent.ThreadPoolExecutor.runWorker(ThreadPoolExecutor.java:1142)
	at java.util.concurrent.ThreadPoolExecutor$Worker.run(ThreadPoolExecutor.java:617)
	at java.lang.Thread.run(Thread.java:745)
Exception in thread "QuorumConnectionThread-[myid=2]-11" java.lang.IllegalArgumentException: Cannot support TLS_ECDHE_ECDSA_WITH_AES_256_CBC_SHA384 with currently installed providers
	at sun.security.ssl.CipherSuiteList.<init>(CipherSuiteList.java:92)
	at sun.security.ssl.SSLSocketImpl.setEnabledCipherSuites(SSLSocketImpl.java:2419)
	at javax.net.ssl.SSLSocket.setSSLParameters(SSLSocket.java:650)
	at sun.security.ssl.SSLSocketImpl.setSSLParameters(SSLSocketImpl.java:2544)
	at org.apache.zookeeper.common.SSLContextAndOptions.configureSSLSocket(SSLContextAndOptions.java:125)
	at org.apache.zookeeper.common.SSLContextAndOptions.createSSLSocket(SSLContextAndOptions.java:80)
	at org.apache.zookeeper.common.X509Util.createSSLSocket(X509Util.java:517)
	at org.apache.zookeeper.server.quorum.QuorumCnxManager.initiateConnection(QuorumCnxManager.java:379)
	at org.apache.zookeeper.server.quorum.QuorumCnxManager$QuorumConnectionReqThread.run(QuorumCnxManager.java:458)
	at java.util.concurrent.ThreadPoolExecutor.runWorker(ThreadPoolExecutor.java:1142)
	at java.util.concurrent.ThreadPoolExecutor$Worker.run(ThreadPoolExecutor.java:617)
	at java.lang.Thread.run(Thread.java:745)
Exception in thread "QuorumConnectionThread-[myid=2]-10" java.lang.IllegalArgumentException: Cannot support TLS_ECDHE_ECDSA_WITH_AES_256_CBC_SHA384 with currently installed providers
	at sun.security.ssl.CipherSuiteList.<init>(CipherSuiteList.java:92)
	at sun.security.ssl.SSLSocketImpl.setEnabledCipherSuites(SSLSocketImpl.java:2419)
	at javax.net.ssl.SSLSocket.setSSLParameters(SSLSocket.java:650)
	at sun.security.ssl.SSLSocketImpl.setSSLParameters(SSLSocketImpl.java:2544)
	at org.apache.zookeeper.common.SSLContextAndOptions.configureSSLSocket(SSLContextAndOptions.java:125)
	at org.apache.zookeeper.common.SSLContextAndOptions.createSSLSocket(SSLContextAndOptions.java:80)
	at org.apache.zookeeper.common.X509Util.createSSLSocket(X509Util.java:517)
	at org.apache.zookeeper.server.quorum.QuorumCnxManager.initiateConnection(QuorumCnxManager.java:379)
	at org.apache.zookeeper.server.quorum.QuorumCnxManager$QuorumConnectionReqThread.run(QuorumCnxManager.java:458)
	at java.util.concurrent.ThreadPoolExecutor.runWorker(ThreadPoolExecutor.java:1142)
	at java.util.concurrent.ThreadPoolExecutor$Worker.run(ThreadPoolExecutor.java:617)
	at java.lang.Thread.run(Thread.java:745)
Exception in thread "QuorumConnectionThread-[myid=1]-13" java.lang.IllegalArgumentException: Cannot support TLS_ECDHE_ECDSA_WITH_AES_256_CBC_SHA384 with currently installed providers
	at sun.security.ssl.CipherSuiteList.<init>(CipherSuiteList.java:92)
	at sun.security.ssl.SSLSocketImpl.setEnabledCipherSuites(SSLSocketImpl.java:2419)
	at javax.net.ssl.SSLSocket.setSSLParameters(SSLSocket.java:650)
	at sun.security.ssl.SSLSocketImpl.setSSLParameters(SSLSocketImpl.java:2544)
	at org.apache.zookeeper.common.SSLContextAndOptions.configureSSLSocket(SSLContextAndOptions.java:125)
	at org.apache.zookeeper.common.SSLContextAndOptions.createSSLSocket(SSLContextAndOptions.java:80)
	at org.apache.zookeeper.common.X509Util.createSSLSocket(X509Util.java:517)
	at org.apache.zookeeper.server.quorum.QuorumCnxManager.initiateConnection(QuorumCnxManager.java:379)
	at org.apache.zookeeper.server.quorum.QuorumCnxManager$QuorumConnectionReqThread.run(QuorumCnxManager.java:458)
	at java.util.concurrent.ThreadPoolExecutor.runWorker(ThreadPoolExecutor.java:1142)
	at java.util.concurrent.ThreadPoolExecutor$Worker.run(ThreadPoolExecutor.java:617)
	at java.lang.Thread.run(Thread.java:745)
Exception in thread "QuorumConnectionThread-[myid=1]-12" java.lang.IllegalArgumentException: Cannot support TLS_ECDHE_ECDSA_WITH_AES_256_CBC_SHA384 with currently installed providers
	at sun.security.ssl.CipherSuiteList.<init>(CipherSuiteList.java:92)
	at sun.security.ssl.SSLSocketImpl.setEnabledCipherSuites(SSLSocketImpl.java:2419)
	at javax.net.ssl.SSLSocket.setSSLParameters(SSLSocket.java:650)
	at sun.security.ssl.SSLSocketImpl.setSSLParameters(SSLSocketImpl.java:2544)
	at org.apache.zookeeper.common.SSLContextAndOptions.configureSSLSocket(SSLContextAndOptions.java:125)
	at org.apache.zookeeper.common.SSLContextAndOptions.createSSLSocket(SSLContextAndOptions.java:80)
	at org.apache.zookeeper.common.X509Util.createSSLSocket(X509Util.java:517)
	at org.apache.zookeeper.server.quorum.QuorumCnxManager.initiateConnection(QuorumCnxManager.java:379)
	at org.apache.zookeeper.server.quorum.QuorumCnxManager$QuorumConnectionReqThread.run(QuorumCnxManager.java:458)
	at java.util.concurrent.ThreadPoolExecutor.runWorker(ThreadPoolExecutor.java:1142)
	at java.util.concurrent.ThreadPoolExecutor$Worker.run(ThreadPoolExecutor.java:617)
	at java.lang.Thread.run(Thread.java:745)
Exception in thread "QuorumConnectionThread-[myid=2]-12" java.lang.IllegalArgumentException: Cannot support TLS_ECDHE_ECDSA_WITH_AES_256_CBC_SHA384 with currently installed providers
	at sun.security.ssl.CipherSuiteList.<init>(CipherSuiteList.java:92)
	at sun.security.ssl.SSLSocketImpl.setEnabledCipherSuites(SSLSocketImpl.java:2419)
	at javax.net.ssl.SSLSocket.setSSLParameters(SSLSocket.java:650)
	at sun.security.ssl.SSLSocketImpl.setSSLParameters(SSLSocketImpl.java:2544)
	at org.apache.zookeeper.common.SSLContextAndOptions.configureSSLSocket(SSLContextAndOptions.java:125)
	at org.apache.zookeeper.common.SSLContextAndOptions.createSSLSocket(SSLContextAndOptions.java:80)
	at org.apache.zookeeper.common.X509Util.createSSLSocket(X509Util.java:517)
	at org.apache.zookeeper.server.quorum.QuorumCnxManager.initiateConnection(QuorumCnxManager.java:379)
	at org.apache.zookeeper.server.quorum.QuorumCnxManager$QuorumConnectionReqThread.run(QuorumCnxManager.java:458)
	at java.util.concurrent.ThreadPoolExecutor.runWorker(ThreadPoolExecutor.java:1142)
	at java.util.concurrent.ThreadPoolExecutor$Worker.run(ThreadPoolExecutor.java:617)
	at java.lang.Thread.run(Thread.java:745)
Exception in thread "QuorumConnectionThread-[myid=2]-13" java.lang.IllegalArgumentException: Cannot support TLS_ECDHE_ECDSA_WITH_AES_256_CBC_SHA384 with currently installed providers
	at sun.security.ssl.CipherSuiteList.<init>(CipherSuiteList.java:92)
	at sun.security.ssl.SSLSocketImpl.setEnabledCipherSuites(SSLSocketImpl.java:2419)
	at javax.net.ssl.SSLSocket.setSSLParameters(SSLSocket.java:650)
	at sun.security.ssl.SSLSocketImpl.setSSLParameters(SSLSocketImpl.java:2544)
	at org.apache.zookeeper.common.SSLContextAndOptions.configureSSLSocket(SSLContextAndOptions.java:125)
	at org.apache.zookeeper.common.SSLContextAndOptions.createSSLSocket(SSLContextAndOptions.java:80)
	at org.apache.zookeeper.common.X509Util.createSSLSocket(X509Util.java:517)
	at org.apache.zookeeper.server.quorum.QuorumCnxManager.initiateConnection(QuorumCnxManager.java:379)
	at org.apache.zookeeper.server.quorum.QuorumCnxManager$QuorumConnectionReqThread.run(QuorumCnxManager.java:458)
	at java.util.concurrent.ThreadPoolExecutor.runWorker(ThreadPoolExecutor.java:1142)
	at java.util.concurrent.ThreadPoolExecutor$Worker.run(ThreadPoolExecutor.java:617)
	at java.lang.Thread.run(Thread.java:745)
Exception in thread "QuorumConnectionThread-[myid=1]-15" java.lang.IllegalArgumentException: Cannot support TLS_ECDHE_ECDSA_WITH_AES_256_CBC_SHA384 with currently installed providers
	at sun.security.ssl.CipherSuiteList.<init>(CipherSuiteList.java:92)
	at sun.security.ssl.SSLSocketImpl.setEnabledCipherSuites(SSLSocketImpl.java:2419)
	at javax.net.ssl.SSLSocket.setSSLParameters(SSLSocket.java:650)
	at sun.security.ssl.SSLSocketImpl.setSSLParameters(SSLSocketImpl.java:2544)
	at org.apache.zookeeper.common.SSLContextAndOptions.configureSSLSocket(SSLContextAndOptions.java:125)
	at org.apache.zookeeper.common.SSLContextAndOptions.createSSLSocket(SSLContextAndOptions.java:80)
	at org.apache.zookeeper.common.X509Util.createSSLSocket(X509Util.java:517)
	at org.apache.zookeeper.server.quorum.QuorumCnxManager.initiateConnection(QuorumCnxManager.java:379)
	at org.apache.zookeeper.server.quorum.QuorumCnxManager$QuorumConnectionReqThread.run(QuorumCnxManager.java:458)
	at java.util.concurrent.ThreadPoolExecutor.runWorker(ThreadPoolExecutor.java:1142)
	at java.util.concurrent.ThreadPoolExecutor$Worker.run(ThreadPoolExecutor.java:617)
	at java.lang.Thread.run(Thread.java:745)
Exception in thread "QuorumConnectionThread-[myid=1]-14" java.lang.IllegalArgumentException: Cannot support TLS_ECDHE_ECDSA_WITH_AES_256_CBC_SHA384 with currently installed providers
	at sun.security.ssl.CipherSuiteList.<init>(CipherSuiteList.java:92)
	at sun.security.ssl.SSLSocketImpl.setEnabledCipherSuites(SSLSocketImpl.java:2419)
	at javax.net.ssl.SSLSocket.setSSLParameters(SSLSocket.java:650)
	at sun.security.ssl.SSLSocketImpl.setSSLParameters(SSLSocketImpl.java:2544)
	at org.apache.zookeeper.common.SSLContextAndOptions.configureSSLSocket(SSLContextAndOptions.java:125)
	at org.apache.zookeeper.common.SSLContextAndOptions.createSSLSocket(SSLContextAndOptions.java:80)
	at org.apache.zookeeper.common.X509Util.createSSLSocket(X509Util.java:517)
	at org.apache.zookeeper.server.quorum.QuorumCnxManager.initiateConnection(QuorumCnxManager.java:379)
	at org.apache.zookeeper.server.quorum.QuorumCnxManager$QuorumConnectionReqThread.run(QuorumCnxManager.java:458)
	at java.util.concurrent.ThreadPoolExecutor.runWorker(ThreadPoolExecutor.java:1142)
	at java.util.concurrent.ThreadPoolExecutor$Worker.run(ThreadPoolExecutor.java:617)
	at java.lang.Thread.run(Thread.java:745)
Exception in thread "QuorumConnectionThread-[myid=2]-15" java.lang.IllegalArgumentException: Cannot support TLS_ECDHE_ECDSA_WITH_AES_256_CBC_SHA384 with currently installed providers
	at sun.security.ssl.CipherSuiteList.<init>(CipherSuiteList.java:92)
	at sun.security.ssl.SSLSocketImpl.setEnabledCipherSuites(SSLSocketImpl.java:2419)
	at javax.net.ssl.SSLSocket.setSSLParameters(SSLSocket.java:650)
	at sun.security.ssl.SSLSocketImpl.setSSLParameters(SSLSocketImpl.java:2544)
	at org.apache.zookeeper.common.SSLContextAndOptions.configureSSLSocket(SSLContextAndOptions.java:125)
	at org.apache.zookeeper.common.SSLContextAndOptions.createSSLSocket(SSLContextAndOptions.java:80)
	at org.apache.zookeeper.common.X509Util.createSSLSocket(X509Util.java:517)
	at org.apache.zookeeper.server.quorum.QuorumCnxManager.initiateConnection(QuorumCnxManager.java:379)
	at org.apache.zookeeper.server.quorum.QuorumCnxManager$QuorumConnectionReqThread.run(QuorumCnxManager.java:458)
	at java.util.concurrent.ThreadPoolExecutor.runWorker(ThreadPoolExecutor.java:1142)
	at java.util.concurrent.ThreadPoolExecutor$Worker.run(ThreadPoolExecutor.java:617)
	at java.lang.Thread.run(Thread.java:745)
Exception in thread "QuorumConnectionThread-[myid=2]-14" java.lang.IllegalArgumentException: Cannot support TLS_ECDHE_ECDSA_WITH_AES_256_CBC_SHA384 with currently installed providers
	at sun.security.ssl.CipherSuiteList.<init>(CipherSuiteList.java:92)
	at sun.security.ssl.SSLSocketImpl.setEnabledCipherSuites(SSLSocketImpl.java:2419)
	at javax.net.ssl.SSLSocket.setSSLParameters(SSLSocket.java:650)
	at sun.security.ssl.SSLSocketImpl.setSSLParameters(SSLSocketImpl.java:2544)
	at org.apache.zookeeper.common.SSLContextAndOptions.configureSSLSocket(SSLContextAndOptions.java:125)
	at org.apache.zookeeper.common.SSLContextAndOptions.createSSLSocket(SSLContextAndOptions.java:80)
	at org.apache.zookeeper.common.X509Util.createSSLSocket(X509Util.java:517)
	at org.apache.zookeeper.server.quorum.QuorumCnxManager.initiateConnection(QuorumCnxManager.java:379)
	at org.apache.zookeeper.server.quorum.QuorumCnxManager$QuorumConnectionReqThread.run(QuorumCnxManager.java:458)
	at java.util.concurrent.ThreadPoolExecutor.runWorker(ThreadPoolExecutor.java:1142)
	at java.util.concurrent.ThreadPoolExecutor$Worker.run(ThreadPoolExecutor.java:617)
	at java.lang.Thread.run(Thread.java:745)
Exception in thread "QuorumConnectionThread-[myid=1]-17" java.lang.IllegalArgumentException: Cannot support TLS_ECDHE_ECDSA_WITH_AES_256_CBC_SHA384 with currently installed providers
	at sun.security.ssl.CipherSuiteList.<init>(CipherSuiteList.java:92)
	at sun.security.ssl.SSLSocketImpl.setEnabledCipherSuites(SSLSocketImpl.java:2419)
	at javax.net.ssl.SSLSocket.setSSLParameters(SSLSocket.java:650)
	at sun.security.ssl.SSLSocketImpl.setSSLParameters(SSLSocketImpl.java:2544)
	at org.apache.zookeeper.common.SSLContextAndOptions.configureSSLSocket(SSLContextAndOptions.java:125)
	at org.apache.zookeeper.common.SSLContextAndOptions.createSSLSocket(SSLContextAndOptions.java:80)
	at org.apache.zookeeper.common.X509Util.createSSLSocket(X509Util.java:517)
	at org.apache.zookeeper.server.quorum.QuorumCnxManager.initiateConnection(QuorumCnxManager.java:379)
	at org.apache.zookeeper.server.quorum.QuorumCnxManager$QuorumConnectionReqThread.run(QuorumCnxManager.java:458)
	at java.util.concurrent.ThreadPoolExecutor.runWorker(ThreadPoolExecutor.java:1142)
	at java.util.concurrent.ThreadPoolExecutor$Worker.run(ThreadPoolExecutor.java:617)
	at java.lang.Thread.run(Thread.java:745)
Exception in thread "QuorumConnectionThread-[myid=1]-16" java.lang.IllegalArgumentException: Cannot support TLS_ECDHE_ECDSA_WITH_AES_256_CBC_SHA384 with currently installed providers
	at sun.security.ssl.CipherSuiteList.<init>(CipherSuiteList.java:92)
	at sun.security.ssl.SSLSocketImpl.setEnabledCipherSuites(SSLSocketImpl.java:2419)
	at javax.net.ssl.SSLSocket.setSSLParameters(SSLSocket.java:650)
	at sun.security.ssl.SSLSocketImpl.setSSLParameters(SSLSocketImpl.java:2544)
	at org.apache.zookeeper.common.SSLContextAndOptions.configureSSLSocket(SSLContextAndOptions.java:125)
	at org.apache.zookeeper.common.SSLContextAndOptions.createSSLSocket(SSLContextAndOptions.java:80)
	at org.apache.zookeeper.common.X509Util.createSSLSocket(X509Util.java:517)
	at org.apache.zookeeper.server.quorum.QuorumCnxManager.initiateConnection(QuorumCnxManager.java:379)
	at org.apache.zookeeper.server.quorum.QuorumCnxManager$QuorumConnectionReqThread.run(QuorumCnxManager.java:458)
	at java.util.concurrent.ThreadPoolExecutor.runWorker(ThreadPoolExecutor.java:1142)
	at java.util.concurrent.ThreadPoolExecutor$Worker.run(ThreadPoolExecutor.java:617)
	at java.lang.Thread.run(Thread.java:745)
Exception in thread "QuorumConnectionThread-[myid=2]-17" java.lang.IllegalArgumentException: Cannot support TLS_ECDHE_ECDSA_WITH_AES_256_CBC_SHA384 with currently installed providers
	at sun.security.ssl.CipherSuiteList.<init>(CipherSuiteList.java:92)
	at sun.security.ssl.SSLSocketImpl.setEnabledCipherSuites(SSLSocketImpl.java:2419)
	at javax.net.ssl.SSLSocket.setSSLParameters(SSLSocket.java:650)
	at sun.security.ssl.SSLSocketImpl.setSSLParameters(SSLSocketImpl.java:2544)
	at org.apache.zookeeper.common.SSLContextAndOptions.configureSSLSocket(SSLContextAndOptions.java:125)
	at org.apache.zookeeper.common.SSLContextAndOptions.createSSLSocket(SSLContextAndOptions.java:80)
	at org.apache.zookeeper.common.X509Util.createSSLSocket(X509Util.java:517)
	at org.apache.zookeeper.server.quorum.QuorumCnxManager.initiateConnection(QuorumCnxManager.java:379)
	at org.apache.zookeeper.server.quorum.QuorumCnxManager$QuorumConnectionReqThread.run(QuorumCnxManager.java:458)
	at java.util.concurrent.ThreadPoolExecutor.runWorker(ThreadPoolExecutor.java:1142)
	at java.util.concurrent.ThreadPoolExecutor$Worker.run(ThreadPoolExecutor.java:617)
	at java.lang.Thread.run(Thread.java:745)
Exception in thread "QuorumConnectionThread-[myid=2]-16" java.lang.IllegalArgumentException: Cannot support TLS_ECDHE_ECDSA_WITH_AES_256_CBC_SHA384 with currently installed providers
	at sun.security.ssl.CipherSuiteList.<init>(CipherSuiteList.java:92)
	at sun.security.ssl.SSLSocketImpl.setEnabledCipherSuites(SSLSocketImpl.java:2419)
	at javax.net.ssl.SSLSocket.setSSLParameters(SSLSocket.java:650)
	at sun.security.ssl.SSLSocketImpl.setSSLParameters(SSLSocketImpl.java:2544)
	at org.apache.zookeeper.common.SSLContextAndOptions.configureSSLSocket(SSLContextAndOptions.java:125)
	at org.apache.zookeeper.common.SSLContextAndOptions.createSSLSocket(SSLContextAndOptions.java:80)
	at org.apache.zookeeper.common.X509Util.createSSLSocket(X509Util.java:517)
	at org.apache.zookeeper.server.quorum.QuorumCnxManager.initiateConnection(QuorumCnxManager.java:379)
	at org.apache.zookeeper.server.quorum.QuorumCnxManager$QuorumConnectionReqThread.run(QuorumCnxManager.java:458)
	at java.util.concurrent.ThreadPoolExecutor.runWorker(ThreadPoolExecutor.java:1142)
	at java.util.concurrent.ThreadPoolExecutor$Worker.run(ThreadPoolExecutor.java:617)
	at java.lang.Thread.run(Thread.java:745)
]]></system-err>
  </testcase>
  <testcase name="testQuorumSSLWithMultipleAddresses" classname="org.apache.zookeeper.server.quorum.QuorumSSLTest" time="49.184">
    <failure message="expected: &lt;true&gt; but was: &lt;false&gt;" type="org.opentest4j.AssertionFailedError"><![CDATA[org.opentest4j.AssertionFailedError: expected: <true> but was: <false>
	at org.apache.zookeeper.server.quorum.QuorumSSLTest.testQuorumSSLWithMultipleAddresses(QuorumSSLTest.java:491)
]]></failure>
    <system-out><![CDATA[2021-11-08 11:14:45,168 [myid:] - INFO  [main:ZKTestCase@77] - STARTING Optional[public void org.apache.zookeeper.server.quorum.QuorumSSLTest.testQuorumSSLWithMultipleAddresses() throws java.lang.Exception]
2021-11-08 11:14:45,176 [myid:] - INFO  [main:PortAssignment@87] - Assigned port 30119 from range 30072 - 32764.
2021-11-08 11:14:45,176 [myid:] - INFO  [main:PortAssignment@87] - Assigned port 30120 from range 30072 - 32764.
2021-11-08 11:14:45,176 [myid:] - INFO  [main:PortAssignment@87] - Assigned port 30121 from range 30072 - 32764.
2021-11-08 11:14:45,176 [myid:] - INFO  [main:PortAssignment@87] - Assigned port 30122 from range 30072 - 32764.
2021-11-08 11:14:45,177 [myid:] - INFO  [main:PortAssignment@87] - Assigned port 30123 from range 30072 - 32764.
2021-11-08 11:14:45,177 [myid:] - INFO  [main:PortAssignment@87] - Assigned port 30124 from range 30072 - 32764.
2021-11-08 11:14:45,177 [myid:] - INFO  [main:PortAssignment@87] - Assigned port 30125 from range 30072 - 32764.
2021-11-08 11:14:45,177 [myid:] - INFO  [main:PortAssignment@87] - Assigned port 30126 from range 30072 - 32764.
2021-11-08 11:14:45,178 [myid:] - INFO  [main:PortAssignment@87] - Assigned port 30127 from range 30072 - 32764.
2021-11-08 11:14:45,710 [myid:1] - INFO  [WorkerReceiver[myid=1]:FastLeaderElection$Messenger$WorkerReceiver@472] - WorkerReceiver is down
2021-11-08 11:14:45,710 [myid:1] - INFO  [WorkerSender[myid=1]:FastLeaderElection$Messenger$WorkerSender@506] - WorkerSender is down
2021-11-08 11:14:45,742 [myid:2] - INFO  [WorkerReceiver[myid=2]:FastLeaderElection$Messenger$WorkerReceiver@472] - WorkerReceiver is down
2021-11-08 11:14:45,742 [myid:2] - INFO  [WorkerSender[myid=2]:FastLeaderElection$Messenger$WorkerSender@506] - WorkerSender is down
2021-11-08 11:15:04,283 [myid:] - INFO  [main:PortAssignment@87] - Assigned port 30128 from range 30072 - 32764.
2021-11-08 11:15:04,283 [myid:] - INFO  [main:PortAssignment@87] - Assigned port 30129 from range 30072 - 32764.
2021-11-08 11:15:04,283 [myid:] - INFO  [main:PortAssignment@87] - Assigned port 30130 from range 30072 - 32764.
2021-11-08 11:15:04,283 [myid:] - INFO  [main:PortAssignment@87] - Assigned port 30131 from range 30072 - 32764.
2021-11-08 11:15:04,284 [myid:] - INFO  [main:PortAssignment@87] - Assigned port 30132 from range 30072 - 32764.
2021-11-08 11:15:04,284 [myid:] - INFO  [main:PortAssignment@87] - Assigned port 30133 from range 30072 - 32764.
2021-11-08 11:15:04,284 [myid:] - INFO  [main:PortAssignment@87] - Assigned port 30134 from range 30072 - 32764.
2021-11-08 11:15:04,284 [myid:] - INFO  [main:PortAssignment@87] - Assigned port 30135 from range 30072 - 32764.
2021-11-08 11:15:04,284 [myid:] - INFO  [main:PortAssignment@87] - Assigned port 30136 from range 30072 - 32764.
2021-11-08 11:15:04,285 [myid:] - INFO  [main:PortAssignment@87] - Assigned port 30137 from range 30072 - 32764.
2021-11-08 11:15:04,285 [myid:] - INFO  [main:PortAssignment@87] - Assigned port 30138 from range 30072 - 32764.
2021-11-08 11:15:04,285 [myid:] - INFO  [main:PortAssignment@87] - Assigned port 30139 from range 30072 - 32764.
2021-11-08 11:15:04,287 [myid:] - INFO  [main:QuorumPeerTestBase$MainThread@205] - id = 1 tmpDir = D:\mysoft\faiscoGit\myStudy\ZooKeeperLearning\apache-zookeeper-3.7.0\zookeeper-server\target\surefire\test5355260539709424085.junit.dir clientPort = 30119 adminServerPort = 8080
2021-11-08 11:15:04,290 [myid:] - INFO  [main:QuorumPeerTestBase$MainThread@205] - id = 2 tmpDir = D:\mysoft\faiscoGit\myStudy\ZooKeeperLearning\apache-zookeeper-3.7.0\zookeeper-server\target\surefire\test3891755326023459021.junit.dir clientPort = 30120 adminServerPort = 8080
2021-11-08 11:15:04,292 [myid:] - INFO  [main:FourLetterWordMain@94] - connecting to 127.0.0.1 30119
2021-11-08 11:15:04,292 [myid:] - INFO  [Thread-27:QuorumPeerConfig@174] - Reading configuration from: D:\mysoft\faiscoGit\myStudy\ZooKeeperLearning\apache-zookeeper-3.7.0\zookeeper-server\target\surefire\test5355260539709424085.junit.dir\zoo.cfg
2021-11-08 11:15:04,293 [myid:] - INFO  [Thread-27:QuorumPeerConfig@444] - clientPortAddress is 0.0.0.0:30119
2021-11-08 11:15:04,293 [myid:] - INFO  [Thread-27:QuorumPeerConfig@448] - secureClientPort is not set
2021-11-08 11:15:04,293 [myid:] - INFO  [Thread-27:QuorumPeerConfig@464] - observerMasterPort is not set
2021-11-08 11:15:04,293 [myid:] - INFO  [Thread-27:QuorumPeerConfig@481] - metricsProvider.className is org.apache.zookeeper.metrics.impl.DefaultMetricsProvider
2021-11-08 11:15:04,294 [myid:1] - INFO  [Thread-27:DatadirCleanupManager@78] - autopurge.snapRetainCount set to 3
2021-11-08 11:15:04,294 [myid:1] - INFO  [Thread-27:DatadirCleanupManager@79] - autopurge.purgeInterval set to 0
2021-11-08 11:15:04,294 [myid:1] - INFO  [Thread-27:DatadirCleanupManager@101] - Purge task is not scheduled.
2021-11-08 11:15:04,294 [myid:1] - INFO  [Thread-27:ManagedUtil@44] - Log4j 1.2 jmx support found and enabled.
2021-11-08 11:15:04,294 [myid:1] - ERROR [Thread-27:ManagedUtil@109] - Problems while registering log4j 1.2 jmx beans!
javax.management.InstanceAlreadyExistsException: log4j:hierarchy=default
	at com.sun.jmx.mbeanserver.Repository.addMBean(Repository.java:437)
	at com.sun.jmx.interceptor.DefaultMBeanServerInterceptor.registerWithRepository(DefaultMBeanServerInterceptor.java:1898)
	at com.sun.jmx.interceptor.DefaultMBeanServerInterceptor.registerDynamicMBean(DefaultMBeanServerInterceptor.java:966)
	at com.sun.jmx.interceptor.DefaultMBeanServerInterceptor.registerObject(DefaultMBeanServerInterceptor.java:900)
	at com.sun.jmx.interceptor.DefaultMBeanServerInterceptor.registerMBean(DefaultMBeanServerInterceptor.java:324)
	at com.sun.jmx.mbeanserver.JmxMBeanServer.registerMBean(JmxMBeanServer.java:522)
	at org.apache.zookeeper.jmx.ManagedUtil.registerLog4jMBeans(ManagedUtil.java:72)
	at org.apache.zookeeper.server.quorum.QuorumPeerMain.runFromConfig(QuorumPeerMain.java:147)
	at org.apache.zookeeper.server.quorum.QuorumPeerMain.initializeAndRun(QuorumPeerMain.java:137)
	at org.apache.zookeeper.server.quorum.QuorumPeerTestBase$MainThread.run(QuorumPeerTestBase.java:329)
	at java.lang.Thread.run(Thread.java:745)
2021-11-08 11:15:04,294 [myid:1] - WARN  [Thread-27:QuorumPeerMain@149] - Unable to register log4j JMX control
javax.management.JMException: javax.management.InstanceAlreadyExistsException: log4j:hierarchy=default
	at org.apache.zookeeper.jmx.ManagedUtil.registerLog4jMBeans(ManagedUtil.java:110)
	at org.apache.zookeeper.server.quorum.QuorumPeerMain.runFromConfig(QuorumPeerMain.java:147)
	at org.apache.zookeeper.server.quorum.QuorumPeerMain.initializeAndRun(QuorumPeerMain.java:137)
	at org.apache.zookeeper.server.quorum.QuorumPeerTestBase$MainThread.run(QuorumPeerTestBase.java:329)
	at java.lang.Thread.run(Thread.java:745)
2021-11-08 11:15:04,294 [myid:1] - INFO  [Thread-27:QuorumPeerMain@152] - Starting quorum peer, myid=1
2021-11-08 11:15:04,294 [myid:1] - INFO  [Thread-27:ServerMetrics@62] - ServerMetrics initialized with provider org.apache.zookeeper.metrics.impl.DefaultMetricsProvider@6d7fe8b7
2021-11-08 11:15:04,295 [myid:1] - INFO  [Thread-27:DigestAuthenticationProvider@61] - zookeeper.DigestAuthenticationProvider.enabled = true
2021-11-08 11:15:04,295 [myid:1] - INFO  [Thread-27:NettyServerCnxnFactory@507] - zookeeper.client.portUnification=false
2021-11-08 11:15:04,295 [myid:1] - INFO  [Thread-27:NettyServerCnxnFactory@519] - zookeeper.netty.advancedFlowControl.enabled = false
2021-11-08 11:15:04,295 [myid:1] - INFO  [Thread-27:NettyServerCnxnFactory@106] - handshakeThrottlingEnabled = false, zookeeper.netty.server.outstandingHandshake.limit = -1
2021-11-08 11:15:04,299 [myid:] - INFO  [Thread-28:QuorumPeerConfig@174] - Reading configuration from: D:\mysoft\faiscoGit\myStudy\ZooKeeperLearning\apache-zookeeper-3.7.0\zookeeper-server\target\surefire\test3891755326023459021.junit.dir\zoo.cfg
2021-11-08 11:15:04,300 [myid:] - INFO  [Thread-28:QuorumPeerConfig@444] - clientPortAddress is 0.0.0.0:30120
2021-11-08 11:15:04,300 [myid:] - INFO  [Thread-28:QuorumPeerConfig@448] - secureClientPort is not set
2021-11-08 11:15:04,300 [myid:] - INFO  [Thread-28:QuorumPeerConfig@464] - observerMasterPort is not set
2021-11-08 11:15:04,301 [myid:] - INFO  [Thread-28:QuorumPeerConfig@481] - metricsProvider.className is org.apache.zookeeper.metrics.impl.DefaultMetricsProvider
2021-11-08 11:15:04,301 [myid:2] - INFO  [Thread-28:DatadirCleanupManager@78] - autopurge.snapRetainCount set to 3
2021-11-08 11:15:04,301 [myid:2] - INFO  [Thread-28:DatadirCleanupManager@79] - autopurge.purgeInterval set to 0
2021-11-08 11:15:04,301 [myid:2] - INFO  [Thread-28:DatadirCleanupManager@101] - Purge task is not scheduled.
2021-11-08 11:15:04,301 [myid:2] - INFO  [Thread-28:ManagedUtil@44] - Log4j 1.2 jmx support found and enabled.
2021-11-08 11:15:04,302 [myid:2] - ERROR [Thread-28:ManagedUtil@109] - Problems while registering log4j 1.2 jmx beans!
javax.management.InstanceAlreadyExistsException: log4j:hierarchy=default
	at com.sun.jmx.mbeanserver.Repository.addMBean(Repository.java:437)
	at com.sun.jmx.interceptor.DefaultMBeanServerInterceptor.registerWithRepository(DefaultMBeanServerInterceptor.java:1898)
	at com.sun.jmx.interceptor.DefaultMBeanServerInterceptor.registerDynamicMBean(DefaultMBeanServerInterceptor.java:966)
	at com.sun.jmx.interceptor.DefaultMBeanServerInterceptor.registerObject(DefaultMBeanServerInterceptor.java:900)
	at com.sun.jmx.interceptor.DefaultMBeanServerInterceptor.registerMBean(DefaultMBeanServerInterceptor.java:324)
	at com.sun.jmx.mbeanserver.JmxMBeanServer.registerMBean(JmxMBeanServer.java:522)
	at org.apache.zookeeper.jmx.ManagedUtil.registerLog4jMBeans(ManagedUtil.java:72)
	at org.apache.zookeeper.server.quorum.QuorumPeerMain.runFromConfig(QuorumPeerMain.java:147)
	at org.apache.zookeeper.server.quorum.QuorumPeerMain.initializeAndRun(QuorumPeerMain.java:137)
	at org.apache.zookeeper.server.quorum.QuorumPeerTestBase$MainThread.run(QuorumPeerTestBase.java:329)
	at java.lang.Thread.run(Thread.java:745)
2021-11-08 11:15:04,302 [myid:2] - WARN  [Thread-28:QuorumPeerMain@149] - Unable to register log4j JMX control
javax.management.JMException: javax.management.InstanceAlreadyExistsException: log4j:hierarchy=default
	at org.apache.zookeeper.jmx.ManagedUtil.registerLog4jMBeans(ManagedUtil.java:110)
	at org.apache.zookeeper.server.quorum.QuorumPeerMain.runFromConfig(QuorumPeerMain.java:147)
	at org.apache.zookeeper.server.quorum.QuorumPeerMain.initializeAndRun(QuorumPeerMain.java:137)
	at org.apache.zookeeper.server.quorum.QuorumPeerTestBase$MainThread.run(QuorumPeerTestBase.java:329)
	at java.lang.Thread.run(Thread.java:745)
2021-11-08 11:15:04,302 [myid:2] - INFO  [Thread-28:QuorumPeerMain@152] - Starting quorum peer, myid=2
2021-11-08 11:15:04,302 [myid:2] - INFO  [Thread-28:ServerMetrics@62] - ServerMetrics initialized with provider org.apache.zookeeper.metrics.impl.DefaultMetricsProvider@34a71ea
2021-11-08 11:15:04,302 [myid:2] - INFO  [Thread-28:DigestAuthenticationProvider@61] - zookeeper.DigestAuthenticationProvider.enabled = true
2021-11-08 11:15:04,302 [myid:2] - INFO  [Thread-28:NettyServerCnxnFactory@507] - zookeeper.client.portUnification=false
2021-11-08 11:15:04,302 [myid:2] - INFO  [Thread-28:NettyServerCnxnFactory@519] - zookeeper.netty.advancedFlowControl.enabled = false
2021-11-08 11:15:04,302 [myid:2] - INFO  [Thread-28:NettyServerCnxnFactory@106] - handshakeThrottlingEnabled = false, zookeeper.netty.server.outstandingHandshake.limit = -1
2021-11-08 11:15:04,845 [myid:1] - INFO  [Thread-27:ServerCnxnFactory@169] - Using org.apache.zookeeper.server.NettyServerCnxnFactory as server connection factory
2021-11-08 11:15:04,845 [myid:1] - WARN  [Thread-27:ServerCnxnFactory@309] - maxCnxns is not configured, using default value 0.
2021-11-08 11:15:04,845 [myid:1] - INFO  [Thread-27:NettyServerCnxnFactory@606] - configure org.apache.zookeeper.server.NettyServerCnxnFactory@6a355379 secure: false on addr /0.0.0.0:30119
2021-11-08 11:15:04,845 [myid:1] - INFO  [Thread-27:FileTxnSnapLog@124] - zookeeper.snapshot.trust.empty : false
2021-11-08 11:15:04,846 [myid:1] - INFO  [Thread-27:QuorumPeer@1742] - Local sessions disabled
2021-11-08 11:15:04,846 [myid:1] - INFO  [Thread-27:QuorumPeer@1753] - Local session upgrading disabled
2021-11-08 11:15:04,846 [myid:1] - INFO  [Thread-27:QuorumPeer@1720] - tickTime set to 4000
2021-11-08 11:15:04,846 [myid:1] - INFO  [Thread-27:QuorumPeer@1764] - minSessionTimeout set to 8000
2021-11-08 11:15:04,846 [myid:1] - INFO  [Thread-27:QuorumPeer@1775] - maxSessionTimeout set to 80000
2021-11-08 11:15:04,846 [myid:1] - INFO  [Thread-27:QuorumPeer@1800] - initLimit set to 10
2021-11-08 11:15:04,846 [myid:1] - INFO  [Thread-27:QuorumPeer@1987] - syncLimit set to 5
2021-11-08 11:15:04,846 [myid:1] - INFO  [Thread-27:QuorumPeer@2002] - connectToLearnerMasterLimit set to 5
2021-11-08 11:15:04,846 [myid:1] - INFO  [Thread-27:WatchManagerFactory@42] - Using org.apache.zookeeper.server.watch.WatchManager as watch manager
2021-11-08 11:15:04,846 [myid:1] - INFO  [Thread-27:WatchManagerFactory@42] - Using org.apache.zookeeper.server.watch.WatchManager as watch manager
2021-11-08 11:15:04,846 [myid:1] - INFO  [Thread-27:ZKDatabase@133] - zookeeper.snapshotSizeFactor = 0.33
2021-11-08 11:15:04,846 [myid:1] - INFO  [Thread-27:ZKDatabase@153] - zookeeper.commitLogCount=500
2021-11-08 11:15:04,846 [myid:1] - INFO  [Thread-27:QuorumPeer@2064] - Using TLS encrypted quorum communication
2021-11-08 11:15:04,847 [myid:1] - INFO  [Thread-27:QuorumPeer@2072] - Port unification disabled
2021-11-08 11:15:04,847 [myid:1] - INFO  [Thread-27:QuorumPeer@179] - multiAddress.enabled set to true
2021-11-08 11:15:04,847 [myid:1] - INFO  [Thread-27:QuorumPeer@204] - multiAddress.reachabilityCheckEnabled set to true
2021-11-08 11:15:04,847 [myid:1] - INFO  [Thread-27:QuorumPeer@191] - multiAddress.reachabilityCheckTimeoutMs set to 1000
2021-11-08 11:15:04,847 [myid:1] - INFO  [Thread-27:QuorumPeer@2527] - QuorumPeer communication is not secured! (SASL auth disabled)
2021-11-08 11:15:04,847 [myid:1] - INFO  [Thread-27:QuorumPeer@2552] - quorum.cnxn.threads.size set to 20
2021-11-08 11:15:04,847 [myid:1] - INFO  [Thread-27:FileTxnSnapLog@260] - Initialize file found, an empty database will not block voting participation
2021-11-08 11:15:04,847 [myid:1] - INFO  [Thread-27:FileTxnSnapLog@479] - Snapshotting: 0x0 to D:\mysoft\faiscoGit\myStudy\ZooKeeperLearning\apache-zookeeper-3.7.0\zookeeper-server\target\surefire\test5355260539709424085.junit.dir\data\version-2\snapshot.0
2021-11-08 11:15:04,848 [myid:1] - INFO  [Thread-27:ZKDatabase@290] - Snapshot loaded in 1 ms, highest zxid is 0x0, digest is 1371985504
2021-11-08 11:15:04,848 [myid:1] - INFO  [Thread-27:QuorumPeer@1157] - currentEpoch not found! Creating with a reasonable default of 0. This should only happen when you are upgrading your installation
2021-11-08 11:15:04,851 [myid:1] - INFO  [Thread-27:QuorumPeer@1177] - acceptedEpoch not found! Creating with a reasonable default of 0. This should only happen when you are upgrading your installation
2021-11-08 11:15:04,854 [myid:1] - INFO  [Thread-27:NettyServerCnxnFactory@695] - binding to port /0.0.0.0:30119
2021-11-08 11:15:04,856 [myid:1] - INFO  [Thread-27:NettyServerCnxnFactory@700] - bound to port 30119
2021-11-08 11:15:04,856 [myid:1] - INFO  [Thread-27:QuorumPeer@2569] - Using 20000ms as the quorum cnxn socket timeout
2021-11-08 11:15:04,856 [myid:1] - INFO  [Thread-27:QuorumCnxManager$Listener@924] - Election port bind maximum retries is 3
2021-11-08 11:15:04,857 [myid:1] - INFO  [QuorumPeer[myid=1](plain=[0:0:0:0:0:0:0:0]:30119)(secure=disabled):QuorumPeer@1430] - LOOKING
2021-11-08 11:15:04,858 [myid:1] - INFO  [QuorumPeer[myid=1](plain=[0:0:0:0:0:0:0:0]:30119)(secure=disabled):FastLeaderElection@947] - New election. My id = 1, proposed zxid=0x0
2021-11-08 11:15:04,859 [myid:1] - INFO  [WorkerReceiver[myid=1]:FastLeaderElection$Messenger$WorkerReceiver@390] - Notification: my state:LOOKING; n.sid:1, n.state:LOOKING, n.leader:1, n.round:0x1, n.peerEpoch:0x0, n.zxid:0x0, message format version:0x2, n.config version:0x0
2021-11-08 11:15:04,862 [myid:1] - INFO  [ListenerHandler-/127.0.0.1:30134:QuorumCnxManager$Listener$ListenerHandler@1128] - Creating TLS-only quorum server socket
2021-11-08 11:15:04,862 [myid:1] - INFO  [ListenerHandler-/127.0.0.1:30135:QuorumCnxManager$Listener$ListenerHandler@1128] - Creating TLS-only quorum server socket
2021-11-08 11:15:04,862 [myid:1] - INFO  [ListenerHandler-/127.0.0.1:30134:QuorumCnxManager$Listener$ListenerHandler@1066] - 1 is accepting connections now, my election bind port: /127.0.0.1:30134
2021-11-08 11:15:04,862 [myid:1] - INFO  [ListenerHandler-/127.0.0.1:30135:QuorumCnxManager$Listener$ListenerHandler@1066] - 1 is accepting connections now, my election bind port: /127.0.0.1:30135
2021-11-08 11:15:04,877 [myid:2] - INFO  [Thread-28:ServerCnxnFactory@169] - Using org.apache.zookeeper.server.NettyServerCnxnFactory as server connection factory
2021-11-08 11:15:04,877 [myid:2] - WARN  [Thread-28:ServerCnxnFactory@309] - maxCnxns is not configured, using default value 0.
2021-11-08 11:15:04,877 [myid:2] - INFO  [Thread-28:NettyServerCnxnFactory@606] - configure org.apache.zookeeper.server.NettyServerCnxnFactory@6bcac7e4 secure: false on addr /0.0.0.0:30120
2021-11-08 11:15:04,877 [myid:2] - INFO  [Thread-28:FileTxnSnapLog@124] - zookeeper.snapshot.trust.empty : false
2021-11-08 11:15:04,878 [myid:2] - INFO  [Thread-28:QuorumPeer@1742] - Local sessions disabled
2021-11-08 11:15:04,878 [myid:2] - INFO  [Thread-28:QuorumPeer@1753] - Local session upgrading disabled
2021-11-08 11:15:04,878 [myid:2] - INFO  [Thread-28:QuorumPeer@1720] - tickTime set to 4000
2021-11-08 11:15:04,878 [myid:2] - INFO  [Thread-28:QuorumPeer@1764] - minSessionTimeout set to 8000
2021-11-08 11:15:04,878 [myid:2] - INFO  [Thread-28:QuorumPeer@1775] - maxSessionTimeout set to 80000
2021-11-08 11:15:04,878 [myid:2] - INFO  [Thread-28:QuorumPeer@1800] - initLimit set to 10
2021-11-08 11:15:04,878 [myid:2] - INFO  [Thread-28:QuorumPeer@1987] - syncLimit set to 5
2021-11-08 11:15:04,878 [myid:2] - INFO  [Thread-28:QuorumPeer@2002] - connectToLearnerMasterLimit set to 5
2021-11-08 11:15:04,879 [myid:2] - INFO  [Thread-28:WatchManagerFactory@42] - Using org.apache.zookeeper.server.watch.WatchManager as watch manager
2021-11-08 11:15:04,879 [myid:2] - INFO  [Thread-28:WatchManagerFactory@42] - Using org.apache.zookeeper.server.watch.WatchManager as watch manager
2021-11-08 11:15:04,880 [myid:2] - INFO  [Thread-28:ZKDatabase@133] - zookeeper.snapshotSizeFactor = 0.33
2021-11-08 11:15:04,880 [myid:2] - INFO  [Thread-28:ZKDatabase@153] - zookeeper.commitLogCount=500
2021-11-08 11:15:04,880 [myid:2] - INFO  [Thread-28:QuorumPeer@2064] - Using TLS encrypted quorum communication
2021-11-08 11:15:04,880 [myid:2] - INFO  [Thread-28:QuorumPeer@2072] - Port unification disabled
2021-11-08 11:15:04,881 [myid:2] - INFO  [Thread-28:QuorumPeer@179] - multiAddress.enabled set to true
2021-11-08 11:15:04,881 [myid:2] - INFO  [Thread-28:QuorumPeer@204] - multiAddress.reachabilityCheckEnabled set to true
2021-11-08 11:15:04,881 [myid:2] - INFO  [Thread-28:QuorumPeer@191] - multiAddress.reachabilityCheckTimeoutMs set to 1000
2021-11-08 11:15:04,881 [myid:2] - INFO  [Thread-28:QuorumPeer@2527] - QuorumPeer communication is not secured! (SASL auth disabled)
2021-11-08 11:15:04,881 [myid:2] - INFO  [Thread-28:QuorumPeer@2552] - quorum.cnxn.threads.size set to 20
2021-11-08 11:15:04,881 [myid:2] - INFO  [Thread-28:FileTxnSnapLog@260] - Initialize file found, an empty database will not block voting participation
2021-11-08 11:15:04,882 [myid:2] - INFO  [Thread-28:FileTxnSnapLog@479] - Snapshotting: 0x0 to D:\mysoft\faiscoGit\myStudy\ZooKeeperLearning\apache-zookeeper-3.7.0\zookeeper-server\target\surefire\test3891755326023459021.junit.dir\data\version-2\snapshot.0
2021-11-08 11:15:04,882 [myid:2] - INFO  [Thread-28:ZKDatabase@290] - Snapshot loaded in 1 ms, highest zxid is 0x0, digest is 1371985504
2021-11-08 11:15:04,882 [myid:2] - INFO  [Thread-28:QuorumPeer@1157] - currentEpoch not found! Creating with a reasonable default of 0. This should only happen when you are upgrading your installation
2021-11-08 11:15:04,886 [myid:2] - INFO  [Thread-28:QuorumPeer@1177] - acceptedEpoch not found! Creating with a reasonable default of 0. This should only happen when you are upgrading your installation
2021-11-08 11:15:04,889 [myid:2] - INFO  [Thread-28:NettyServerCnxnFactory@695] - binding to port /0.0.0.0:30120
2021-11-08 11:15:04,889 [myid:2] - INFO  [Thread-28:NettyServerCnxnFactory@700] - bound to port 30120
2021-11-08 11:15:04,890 [myid:2] - INFO  [Thread-28:QuorumPeer@2569] - Using 20000ms as the quorum cnxn socket timeout
2021-11-08 11:15:04,890 [myid:2] - INFO  [Thread-28:QuorumCnxManager$Listener@924] - Election port bind maximum retries is 3
2021-11-08 11:15:04,892 [myid:2] - INFO  [QuorumPeer[myid=2](plain=[0:0:0:0:0:0:0:0]:30120)(secure=disabled):QuorumPeer@1430] - LOOKING
2021-11-08 11:15:04,892 [myid:2] - INFO  [QuorumPeer[myid=2](plain=[0:0:0:0:0:0:0:0]:30120)(secure=disabled):FastLeaderElection@947] - New election. My id = 2, proposed zxid=0x0
2021-11-08 11:15:04,893 [myid:2] - INFO  [ListenerHandler-/127.0.0.1:30137:QuorumCnxManager$Listener$ListenerHandler@1128] - Creating TLS-only quorum server socket
2021-11-08 11:15:04,893 [myid:2] - INFO  [ListenerHandler-/127.0.0.1:30137:QuorumCnxManager$Listener$ListenerHandler@1066] - 2 is accepting connections now, my election bind port: /127.0.0.1:30137
2021-11-08 11:15:04,894 [myid:2] - INFO  [ListenerHandler-/127.0.0.1:30136:QuorumCnxManager$Listener$ListenerHandler@1128] - Creating TLS-only quorum server socket
2021-11-08 11:15:04,894 [myid:2] - INFO  [ListenerHandler-/127.0.0.1:30136:QuorumCnxManager$Listener$ListenerHandler@1066] - 2 is accepting connections now, my election bind port: /127.0.0.1:30136
2021-11-08 11:15:04,894 [myid:2] - INFO  [WorkerReceiver[myid=2]:FastLeaderElection$Messenger$WorkerReceiver@390] - Notification: my state:LOOKING; n.sid:2, n.state:LOOKING, n.leader:2, n.round:0x1, n.peerEpoch:0x0, n.zxid:0x0, message format version:0x2, n.config version:0x0
2021-11-08 11:15:05,059 [myid:1] - INFO  [QuorumPeer[myid=1](plain=[0:0:0:0:0:0:0:0]:30119)(secure=disabled):FastLeaderElection@984] - Notification time out: 400
2021-11-08 11:15:05,107 [myid:2] - INFO  [QuorumPeer[myid=2](plain=[0:0:0:0:0:0:0:0]:30120)(secure=disabled):FastLeaderElection@984] - Notification time out: 400
2021-11-08 11:15:05,309 [myid:1] - WARN  [nioEventLoopGroup-53-1:NettyServerCnxnFactory$CnxnChannelHandler@231] - Zookeeper server is not running, close the connection before starting the TLS handshake
2021-11-08 11:15:05,462 [myid:1] - INFO  [QuorumPeer[myid=1](plain=[0:0:0:0:0:0:0:0]:30119)(secure=disabled):FastLeaderElection@984] - Notification time out: 800
2021-11-08 11:15:05,509 [myid:2] - INFO  [QuorumPeer[myid=2](plain=[0:0:0:0:0:0:0:0]:30120)(secure=disabled):FastLeaderElection@984] - Notification time out: 800
2021-11-08 11:15:05,571 [myid:] - INFO  [main:FourLetterWordMain@94] - connecting to 127.0.0.1 30119
2021-11-08 11:15:05,572 [myid:1] - WARN  [nioEventLoopGroup-53-2:NettyServerCnxnFactory$CnxnChannelHandler@231] - Zookeeper server is not running, close the connection before starting the TLS handshake
2021-11-08 11:15:05,833 [myid:] - INFO  [main:FourLetterWordMain@94] - connecting to 127.0.0.1 30119
2021-11-08 11:15:05,834 [myid:1] - WARN  [nioEventLoopGroup-53-3:NettyServerCnxnFactory$CnxnChannelHandler@231] - Zookeeper server is not running, close the connection before starting the TLS handshake
2021-11-08 11:15:06,095 [myid:] - INFO  [main:FourLetterWordMain@94] - connecting to 127.0.0.1 30119
2021-11-08 11:15:06,096 [myid:1] - WARN  [nioEventLoopGroup-53-4:NettyServerCnxnFactory$CnxnChannelHandler@231] - Zookeeper server is not running, close the connection before starting the TLS handshake
2021-11-08 11:15:06,268 [myid:1] - INFO  [QuorumPeer[myid=1](plain=[0:0:0:0:0:0:0:0]:30119)(secure=disabled):FastLeaderElection@984] - Notification time out: 1600
2021-11-08 11:15:06,314 [myid:2] - INFO  [QuorumPeer[myid=2](plain=[0:0:0:0:0:0:0:0]:30120)(secure=disabled):FastLeaderElection@984] - Notification time out: 1600
2021-11-08 11:15:06,360 [myid:] - INFO  [main:FourLetterWordMain@94] - connecting to 127.0.0.1 30119
2021-11-08 11:15:06,362 [myid:1] - WARN  [nioEventLoopGroup-53-5:NettyServerCnxnFactory$CnxnChannelHandler@231] - Zookeeper server is not running, close the connection before starting the TLS handshake
2021-11-08 11:15:06,624 [myid:] - INFO  [main:FourLetterWordMain@94] - connecting to 127.0.0.1 30119
2021-11-08 11:15:06,625 [myid:1] - WARN  [nioEventLoopGroup-53-6:NettyServerCnxnFactory$CnxnChannelHandler@231] - Zookeeper server is not running, close the connection before starting the TLS handshake
2021-11-08 11:15:06,889 [myid:] - INFO  [main:FourLetterWordMain@94] - connecting to 127.0.0.1 30119
2021-11-08 11:15:06,890 [myid:1] - WARN  [nioEventLoopGroup-53-7:NettyServerCnxnFactory$CnxnChannelHandler@231] - Zookeeper server is not running, close the connection before starting the TLS handshake
2021-11-08 11:15:07,152 [myid:] - INFO  [main:FourLetterWordMain@94] - connecting to 127.0.0.1 30119
2021-11-08 11:15:07,153 [myid:1] - WARN  [nioEventLoopGroup-53-8:NettyServerCnxnFactory$CnxnChannelHandler@231] - Zookeeper server is not running, close the connection before starting the TLS handshake
2021-11-08 11:15:07,407 [myid:] - INFO  [main:FourLetterWordMain@94] - connecting to 127.0.0.1 30119
2021-11-08 11:15:07,408 [myid:1] - WARN  [nioEventLoopGroup-53-9:NettyServerCnxnFactory$CnxnChannelHandler@231] - Zookeeper server is not running, close the connection before starting the TLS handshake
2021-11-08 11:15:07,659 [myid:] - INFO  [main:FourLetterWordMain@94] - connecting to 127.0.0.1 30119
2021-11-08 11:15:07,660 [myid:1] - WARN  [nioEventLoopGroup-53-10:NettyServerCnxnFactory$CnxnChannelHandler@231] - Zookeeper server is not running, close the connection before starting the TLS handshake
2021-11-08 11:15:07,879 [myid:1] - INFO  [QuorumPeer[myid=1](plain=[0:0:0:0:0:0:0:0]:30119)(secure=disabled):FastLeaderElection@984] - Notification time out: 3200
2021-11-08 11:15:07,924 [myid:] - INFO  [main:FourLetterWordMain@94] - connecting to 127.0.0.1 30119
2021-11-08 11:15:07,925 [myid:2] - INFO  [QuorumPeer[myid=2](plain=[0:0:0:0:0:0:0:0]:30120)(secure=disabled):FastLeaderElection@984] - Notification time out: 3200
2021-11-08 11:15:07,925 [myid:1] - WARN  [nioEventLoopGroup-53-11:NettyServerCnxnFactory$CnxnChannelHandler@231] - Zookeeper server is not running, close the connection before starting the TLS handshake
2021-11-08 11:15:08,175 [myid:] - INFO  [main:FourLetterWordMain@94] - connecting to 127.0.0.1 30119
2021-11-08 11:15:08,176 [myid:1] - WARN  [nioEventLoopGroup-53-12:NettyServerCnxnFactory$CnxnChannelHandler@231] - Zookeeper server is not running, close the connection before starting the TLS handshake
2021-11-08 11:15:08,440 [myid:] - INFO  [main:FourLetterWordMain@94] - connecting to 127.0.0.1 30119
2021-11-08 11:15:08,440 [myid:1] - WARN  [nioEventLoopGroup-53-1:NettyServerCnxnFactory$CnxnChannelHandler@231] - Zookeeper server is not running, close the connection before starting the TLS handshake
2021-11-08 11:15:08,704 [myid:] - INFO  [main:FourLetterWordMain@94] - connecting to 127.0.0.1 30119
2021-11-08 11:15:08,704 [myid:1] - WARN  [nioEventLoopGroup-53-2:NettyServerCnxnFactory$CnxnChannelHandler@231] - Zookeeper server is not running, close the connection before starting the TLS handshake
2021-11-08 11:15:08,970 [myid:] - INFO  [main:FourLetterWordMain@94] - connecting to 127.0.0.1 30119
2021-11-08 11:15:08,970 [myid:1] - WARN  [nioEventLoopGroup-53-3:NettyServerCnxnFactory$CnxnChannelHandler@231] - Zookeeper server is not running, close the connection before starting the TLS handshake
2021-11-08 11:15:09,238 [myid:] - INFO  [main:FourLetterWordMain@94] - connecting to 127.0.0.1 30119
2021-11-08 11:15:09,239 [myid:1] - WARN  [nioEventLoopGroup-53-4:NettyServerCnxnFactory$CnxnChannelHandler@231] - Zookeeper server is not running, close the connection before starting the TLS handshake
2021-11-08 11:15:09,496 [myid:] - INFO  [main:FourLetterWordMain@94] - connecting to 127.0.0.1 30119
2021-11-08 11:15:09,497 [myid:1] - WARN  [nioEventLoopGroup-53-5:NettyServerCnxnFactory$CnxnChannelHandler@231] - Zookeeper server is not running, close the connection before starting the TLS handshake
2021-11-08 11:15:09,498 [myid:] - INFO  [main:ClientBase@267] - server 127.0.0.1:30119 not up
java.net.SocketException: Software caused connection abort: recv failed
	at java.net.SocketInputStream.socketRead0(Native Method)
	at java.net.SocketInputStream.read(SocketInputStream.java:150)
	at java.net.SocketInputStream.read(SocketInputStream.java:121)
	at sun.nio.cs.StreamDecoder.readBytes(StreamDecoder.java:284)
	at sun.nio.cs.StreamDecoder.implRead(StreamDecoder.java:326)
	at sun.nio.cs.StreamDecoder.read(StreamDecoder.java:178)
	at java.io.InputStreamReader.read(InputStreamReader.java:184)
	at java.io.BufferedReader.fill(BufferedReader.java:161)
	at java.io.BufferedReader.readLine(BufferedReader.java:324)
	at java.io.BufferedReader.readLine(BufferedReader.java:389)
	at org.apache.zookeeper.client.FourLetterWordMain.send4LetterWord(FourLetterWordMain.java:129)
	at org.apache.zookeeper.client.FourLetterWordMain.send4LetterWord(FourLetterWordMain.java:74)
	at org.apache.zookeeper.test.ClientBase.waitForServerUp(ClientBase.java:258)
	at org.apache.zookeeper.test.ClientBase.waitForServerUp(ClientBase.java:249)
	at org.apache.zookeeper.server.quorum.QuorumSSLTest.testQuorumSSLWithMultipleAddresses(QuorumSSLTest.java:491)
	at sun.reflect.NativeMethodAccessorImpl.invoke0(Native Method)
	at sun.reflect.NativeMethodAccessorImpl.invoke(NativeMethodAccessorImpl.java:62)
	at sun.reflect.DelegatingMethodAccessorImpl.invoke(DelegatingMethodAccessorImpl.java:43)
	at java.lang.reflect.Method.invoke(Method.java:483)
	at org.junit.platform.commons.util.ReflectionUtils.invokeMethod(ReflectionUtils.java:686)
	at org.junit.jupiter.engine.execution.MethodInvocation.proceed(MethodInvocation.java:60)
	at org.junit.jupiter.engine.execution.InvocationInterceptorChain$ValidatingInvocation.proceed(InvocationInterceptorChain.java:131)
	at org.junit.jupiter.engine.extension.TimeoutInvocation.proceed(TimeoutInvocation.java:46)
	at org.junit.jupiter.engine.extension.TimeoutExtension.intercept(TimeoutExtension.java:149)
	at org.junit.jupiter.engine.extension.TimeoutExtension.interceptTestableMethod(TimeoutExtension.java:140)
	at org.junit.jupiter.engine.extension.TimeoutExtension.interceptTestMethod(TimeoutExtension.java:84)
	at org.junit.jupiter.engine.descriptor.TestMethodTestDescriptor$$Lambda$111/1780132728.apply(Unknown Source)
	at org.junit.jupiter.engine.execution.ExecutableInvoker$ReflectiveInterceptorCall.lambda$ofVoidMethod$0(ExecutableInvoker.java:115)
	at org.junit.jupiter.engine.execution.ExecutableInvoker$ReflectiveInterceptorCall$$Lambda$112/1725017993.apply(Unknown Source)
	at org.junit.jupiter.engine.execution.ExecutableInvoker.lambda$invoke$0(ExecutableInvoker.java:105)
	at org.junit.jupiter.engine.execution.ExecutableInvoker$$Lambda$234/64133603.apply(Unknown Source)
	at org.junit.jupiter.engine.execution.InvocationInterceptorChain$InterceptedInvocation.proceed(InvocationInterceptorChain.java:106)
	at org.junit.jupiter.engine.execution.InvocationInterceptorChain.proceed(InvocationInterceptorChain.java:64)
	at org.junit.jupiter.engine.execution.InvocationInterceptorChain.chainAndInvoke(InvocationInterceptorChain.java:45)
	at org.junit.jupiter.engine.execution.InvocationInterceptorChain.invoke(InvocationInterceptorChain.java:37)
	at org.junit.jupiter.engine.execution.ExecutableInvoker.invoke(ExecutableInvoker.java:104)
	at org.junit.jupiter.engine.execution.ExecutableInvoker.invoke(ExecutableInvoker.java:98)
	at org.junit.jupiter.engine.descriptor.TestMethodTestDescriptor.lambda$invokeTestMethod$6(TestMethodTestDescriptor.java:212)
	at org.junit.jupiter.engine.descriptor.TestMethodTestDescriptor$$Lambda$271/224100622.execute(Unknown Source)
	at org.junit.platform.engine.support.hierarchical.ThrowableCollector.execute(ThrowableCollector.java:73)
	at org.junit.jupiter.engine.descriptor.TestMethodTestDescriptor.invokeTestMethod(TestMethodTestDescriptor.java:208)
	at org.junit.jupiter.engine.descriptor.TestMethodTestDescriptor.execute(TestMethodTestDescriptor.java:137)
	at org.junit.jupiter.engine.descriptor.TestMethodTestDescriptor.execute(TestMethodTestDescriptor.java:71)
	at org.junit.platform.engine.support.hierarchical.NodeTestTask.lambda$executeRecursively$5(NodeTestTask.java:135)
	at org.junit.platform.engine.support.hierarchical.NodeTestTask$$Lambda$179/195615004.execute(Unknown Source)
	at org.junit.platform.engine.support.hierarchical.ThrowableCollector.execute(ThrowableCollector.java:73)
	at org.junit.platform.engine.support.hierarchical.NodeTestTask.lambda$executeRecursively$7(NodeTestTask.java:125)
	at org.junit.platform.engine.support.hierarchical.NodeTestTask$$Lambda$178/1890627974.invoke(Unknown Source)
	at org.junit.platform.engine.support.hierarchical.Node.around(Node.java:135)
	at org.junit.platform.engine.support.hierarchical.NodeTestTask.lambda$executeRecursively$8(NodeTestTask.java:123)
	at org.junit.platform.engine.support.hierarchical.NodeTestTask$$Lambda$177/231977479.execute(Unknown Source)
	at org.junit.platform.engine.support.hierarchical.ThrowableCollector.execute(ThrowableCollector.java:73)
	at org.junit.platform.engine.support.hierarchical.NodeTestTask.executeRecursively(NodeTestTask.java:122)
	at org.junit.platform.engine.support.hierarchical.NodeTestTask.execute(NodeTestTask.java:80)
	at org.junit.platform.engine.support.hierarchical.SameThreadHierarchicalTestExecutorService$$Lambda$183/1381713434.accept(Unknown Source)
	at java.util.ArrayList.forEach(ArrayList.java:1249)
	at org.junit.platform.engine.support.hierarchical.SameThreadHierarchicalTestExecutorService.invokeAll(SameThreadHierarchicalTestExecutorService.java:38)
	at org.junit.platform.engine.support.hierarchical.NodeTestTask.lambda$executeRecursively$5(NodeTestTask.java:139)
	at org.junit.platform.engine.support.hierarchical.NodeTestTask$$Lambda$179/195615004.execute(Unknown Source)
	at org.junit.platform.engine.support.hierarchical.ThrowableCollector.execute(ThrowableCollector.java:73)
	at org.junit.platform.engine.support.hierarchical.NodeTestTask.lambda$executeRecursively$7(NodeTestTask.java:125)
	at org.junit.platform.engine.support.hierarchical.NodeTestTask$$Lambda$178/1890627974.invoke(Unknown Source)
	at org.junit.platform.engine.support.hierarchical.Node.around(Node.java:135)
	at org.junit.platform.engine.support.hierarchical.NodeTestTask.lambda$executeRecursively$8(NodeTestTask.java:123)
	at org.junit.platform.engine.support.hierarchical.NodeTestTask$$Lambda$177/231977479.execute(Unknown Source)
	at org.junit.platform.engine.support.hierarchical.ThrowableCollector.execute(ThrowableCollector.java:73)
	at org.junit.platform.engine.support.hierarchical.NodeTestTask.executeRecursively(NodeTestTask.java:122)
	at org.junit.platform.engine.support.hierarchical.NodeTestTask.execute(NodeTestTask.java:80)
	at org.junit.platform.engine.support.hierarchical.SameThreadHierarchicalTestExecutorService$$Lambda$183/1381713434.accept(Unknown Source)
	at java.util.ArrayList.forEach(ArrayList.java:1249)
	at org.junit.platform.engine.support.hierarchical.SameThreadHierarchicalTestExecutorService.invokeAll(SameThreadHierarchicalTestExecutorService.java:38)
	at org.junit.platform.engine.support.hierarchical.NodeTestTask.lambda$executeRecursively$5(NodeTestTask.java:139)
	at org.junit.platform.engine.support.hierarchical.NodeTestTask$$Lambda$179/195615004.execute(Unknown Source)
	at org.junit.platform.engine.support.hierarchical.ThrowableCollector.execute(ThrowableCollector.java:73)
	at org.junit.platform.engine.support.hierarchical.NodeTestTask.lambda$executeRecursively$7(NodeTestTask.java:125)
	at org.junit.platform.engine.support.hierarchical.NodeTestTask$$Lambda$178/1890627974.invoke(Unknown Source)
	at org.junit.platform.engine.support.hierarchical.Node.around(Node.java:135)
	at org.junit.platform.engine.support.hierarchical.NodeTestTask.lambda$executeRecursively$8(NodeTestTask.java:123)
	at org.junit.platform.engine.support.hierarchical.NodeTestTask$$Lambda$177/231977479.execute(Unknown Source)
	at org.junit.platform.engine.support.hierarchical.ThrowableCollector.execute(ThrowableCollector.java:73)
	at org.junit.platform.engine.support.hierarchical.NodeTestTask.executeRecursively(NodeTestTask.java:122)
	at org.junit.platform.engine.support.hierarchical.NodeTestTask.execute(NodeTestTask.java:80)
	at org.junit.platform.engine.support.hierarchical.SameThreadHierarchicalTestExecutorService.submit(SameThreadHierarchicalTestExecutorService.java:32)
	at org.junit.platform.engine.support.hierarchical.HierarchicalTestExecutor.execute(HierarchicalTestExecutor.java:57)
	at org.junit.platform.engine.support.hierarchical.HierarchicalTestEngine.execute(HierarchicalTestEngine.java:51)
	at org.junit.platform.launcher.core.DefaultLauncher.execute(DefaultLauncher.java:248)
	at org.junit.platform.launcher.core.DefaultLauncher.lambda$execute$5(DefaultLauncher.java:211)
	at org.junit.platform.launcher.core.DefaultLauncher$$Lambda$143/233996206.accept(Unknown Source)
	at org.junit.platform.launcher.core.DefaultLauncher.withInterceptedStreams(DefaultLauncher.java:226)
	at org.junit.platform.launcher.core.DefaultLauncher.execute(DefaultLauncher.java:199)
	at org.junit.platform.launcher.core.DefaultLauncher.execute(DefaultLauncher.java:132)
	at org.apache.maven.surefire.junitplatform.JUnitPlatformProvider.invokeAllTests(JUnitPlatformProvider.java:142)
	at org.apache.maven.surefire.junitplatform.JUnitPlatformProvider.invoke(JUnitPlatformProvider.java:113)
	at org.apache.maven.surefire.booter.ForkedBooter.invokeProviderInSameClassLoader(ForkedBooter.java:384)
	at org.apache.maven.surefire.booter.ForkedBooter.runSuitesInProcess(ForkedBooter.java:345)
	at org.apache.maven.surefire.booter.ForkedBooter.execute(ForkedBooter.java:126)
	at org.apache.maven.surefire.booter.ForkedBooter.main(ForkedBooter.java:418)
2021-11-08 11:15:09,760 [myid:] - INFO  [main:FourLetterWordMain@94] - connecting to 127.0.0.1 30119
2021-11-08 11:15:09,760 [myid:1] - WARN  [nioEventLoopGroup-53-6:NettyServerCnxnFactory$CnxnChannelHandler@231] - Zookeeper server is not running, close the connection before starting the TLS handshake
2021-11-08 11:15:10,025 [myid:] - INFO  [main:FourLetterWordMain@94] - connecting to 127.0.0.1 30119
2021-11-08 11:15:10,025 [myid:1] - WARN  [nioEventLoopGroup-53-7:NettyServerCnxnFactory$CnxnChannelHandler@231] - Zookeeper server is not running, close the connection before starting the TLS handshake
2021-11-08 11:15:10,276 [myid:] - INFO  [main:FourLetterWordMain@94] - connecting to 127.0.0.1 30119
2021-11-08 11:15:10,276 [myid:1] - WARN  [nioEventLoopGroup-53-8:NettyServerCnxnFactory$CnxnChannelHandler@231] - Zookeeper server is not running, close the connection before starting the TLS handshake
2021-11-08 11:15:10,540 [myid:] - INFO  [main:FourLetterWordMain@94] - connecting to 127.0.0.1 30119
2021-11-08 11:15:10,540 [myid:1] - WARN  [nioEventLoopGroup-53-9:NettyServerCnxnFactory$CnxnChannelHandler@231] - Zookeeper server is not running, close the connection before starting the TLS handshake
2021-11-08 11:15:10,805 [myid:] - INFO  [main:FourLetterWordMain@94] - connecting to 127.0.0.1 30119
2021-11-08 11:15:10,808 [myid:1] - WARN  [nioEventLoopGroup-53-10:NettyServerCnxnFactory$CnxnChannelHandler@231] - Zookeeper server is not running, close the connection before starting the TLS handshake
2021-11-08 11:15:11,069 [myid:] - INFO  [main:FourLetterWordMain@94] - connecting to 127.0.0.1 30119
2021-11-08 11:15:11,070 [myid:1] - WARN  [nioEventLoopGroup-53-11:NettyServerCnxnFactory$CnxnChannelHandler@231] - Zookeeper server is not running, close the connection before starting the TLS handshake
2021-11-08 11:15:11,085 [myid:1] - INFO  [QuorumPeer[myid=1](plain=[0:0:0:0:0:0:0:0]:30119)(secure=disabled):FastLeaderElection@984] - Notification time out: 6400
2021-11-08 11:15:11,135 [myid:2] - INFO  [QuorumPeer[myid=2](plain=[0:0:0:0:0:0:0:0]:30120)(secure=disabled):FastLeaderElection@984] - Notification time out: 6400
2021-11-08 11:15:11,334 [myid:] - INFO  [main:FourLetterWordMain@94] - connecting to 127.0.0.1 30119
2021-11-08 11:15:11,335 [myid:1] - WARN  [nioEventLoopGroup-53-12:NettyServerCnxnFactory$CnxnChannelHandler@231] - Zookeeper server is not running, close the connection before starting the TLS handshake
2021-11-08 11:15:11,588 [myid:] - INFO  [main:FourLetterWordMain@94] - connecting to 127.0.0.1 30119
2021-11-08 11:15:11,589 [myid:1] - WARN  [nioEventLoopGroup-53-1:NettyServerCnxnFactory$CnxnChannelHandler@231] - Zookeeper server is not running, close the connection before starting the TLS handshake
2021-11-08 11:15:11,840 [myid:] - INFO  [main:FourLetterWordMain@94] - connecting to 127.0.0.1 30119
2021-11-08 11:15:11,841 [myid:1] - WARN  [nioEventLoopGroup-53-2:NettyServerCnxnFactory$CnxnChannelHandler@231] - Zookeeper server is not running, close the connection before starting the TLS handshake
2021-11-08 11:15:12,105 [myid:] - INFO  [main:FourLetterWordMain@94] - connecting to 127.0.0.1 30119
2021-11-08 11:15:12,106 [myid:1] - WARN  [nioEventLoopGroup-53-3:NettyServerCnxnFactory$CnxnChannelHandler@231] - Zookeeper server is not running, close the connection before starting the TLS handshake
2021-11-08 11:15:12,359 [myid:] - INFO  [main:FourLetterWordMain@94] - connecting to 127.0.0.1 30119
2021-11-08 11:15:12,360 [myid:1] - WARN  [nioEventLoopGroup-53-4:NettyServerCnxnFactory$CnxnChannelHandler@231] - Zookeeper server is not running, close the connection before starting the TLS handshake
2021-11-08 11:15:12,625 [myid:] - INFO  [main:FourLetterWordMain@94] - connecting to 127.0.0.1 30119
2021-11-08 11:15:12,626 [myid:1] - WARN  [nioEventLoopGroup-53-5:NettyServerCnxnFactory$CnxnChannelHandler@231] - Zookeeper server is not running, close the connection before starting the TLS handshake
2021-11-08 11:15:12,890 [myid:] - INFO  [main:FourLetterWordMain@94] - connecting to 127.0.0.1 30119
2021-11-08 11:15:12,890 [myid:1] - WARN  [nioEventLoopGroup-53-6:NettyServerCnxnFactory$CnxnChannelHandler@231] - Zookeeper server is not running, close the connection before starting the TLS handshake
2021-11-08 11:15:12,905 [myid:] - INFO  [main:ClientBase@267] - server 127.0.0.1:30119 not up
java.net.SocketException: Software caused connection abort: recv failed
	at java.net.SocketInputStream.socketRead0(Native Method)
	at java.net.SocketInputStream.read(SocketInputStream.java:150)
	at java.net.SocketInputStream.read(SocketInputStream.java:121)
	at sun.nio.cs.StreamDecoder.readBytes(StreamDecoder.java:284)
	at sun.nio.cs.StreamDecoder.implRead(StreamDecoder.java:326)
	at sun.nio.cs.StreamDecoder.read(StreamDecoder.java:178)
	at java.io.InputStreamReader.read(InputStreamReader.java:184)
	at java.io.BufferedReader.fill(BufferedReader.java:161)
	at java.io.BufferedReader.readLine(BufferedReader.java:324)
	at java.io.BufferedReader.readLine(BufferedReader.java:389)
	at org.apache.zookeeper.client.FourLetterWordMain.send4LetterWord(FourLetterWordMain.java:129)
	at org.apache.zookeeper.client.FourLetterWordMain.send4LetterWord(FourLetterWordMain.java:74)
	at org.apache.zookeeper.test.ClientBase.waitForServerUp(ClientBase.java:258)
	at org.apache.zookeeper.test.ClientBase.waitForServerUp(ClientBase.java:249)
	at org.apache.zookeeper.server.quorum.QuorumSSLTest.testQuorumSSLWithMultipleAddresses(QuorumSSLTest.java:491)
	at sun.reflect.NativeMethodAccessorImpl.invoke0(Native Method)
	at sun.reflect.NativeMethodAccessorImpl.invoke(NativeMethodAccessorImpl.java:62)
	at sun.reflect.DelegatingMethodAccessorImpl.invoke(DelegatingMethodAccessorImpl.java:43)
	at java.lang.reflect.Method.invoke(Method.java:483)
	at org.junit.platform.commons.util.ReflectionUtils.invokeMethod(ReflectionUtils.java:686)
	at org.junit.jupiter.engine.execution.MethodInvocation.proceed(MethodInvocation.java:60)
	at org.junit.jupiter.engine.execution.InvocationInterceptorChain$ValidatingInvocation.proceed(InvocationInterceptorChain.java:131)
	at org.junit.jupiter.engine.extension.TimeoutInvocation.proceed(TimeoutInvocation.java:46)
	at org.junit.jupiter.engine.extension.TimeoutExtension.intercept(TimeoutExtension.java:149)
	at org.junit.jupiter.engine.extension.TimeoutExtension.interceptTestableMethod(TimeoutExtension.java:140)
	at org.junit.jupiter.engine.extension.TimeoutExtension.interceptTestMethod(TimeoutExtension.java:84)
	at org.junit.jupiter.engine.descriptor.TestMethodTestDescriptor$$Lambda$111/1780132728.apply(Unknown Source)
	at org.junit.jupiter.engine.execution.ExecutableInvoker$ReflectiveInterceptorCall.lambda$ofVoidMethod$0(ExecutableInvoker.java:115)
	at org.junit.jupiter.engine.execution.ExecutableInvoker$ReflectiveInterceptorCall$$Lambda$112/1725017993.apply(Unknown Source)
	at org.junit.jupiter.engine.execution.ExecutableInvoker.lambda$invoke$0(ExecutableInvoker.java:105)
	at org.junit.jupiter.engine.execution.ExecutableInvoker$$Lambda$234/64133603.apply(Unknown Source)
	at org.junit.jupiter.engine.execution.InvocationInterceptorChain$InterceptedInvocation.proceed(InvocationInterceptorChain.java:106)
	at org.junit.jupiter.engine.execution.InvocationInterceptorChain.proceed(InvocationInterceptorChain.java:64)
	at org.junit.jupiter.engine.execution.InvocationInterceptorChain.chainAndInvoke(InvocationInterceptorChain.java:45)
	at org.junit.jupiter.engine.execution.InvocationInterceptorChain.invoke(InvocationInterceptorChain.java:37)
	at org.junit.jupiter.engine.execution.ExecutableInvoker.invoke(ExecutableInvoker.java:104)
	at org.junit.jupiter.engine.execution.ExecutableInvoker.invoke(ExecutableInvoker.java:98)
	at org.junit.jupiter.engine.descriptor.TestMethodTestDescriptor.lambda$invokeTestMethod$6(TestMethodTestDescriptor.java:212)
	at org.junit.jupiter.engine.descriptor.TestMethodTestDescriptor$$Lambda$271/224100622.execute(Unknown Source)
	at org.junit.platform.engine.support.hierarchical.ThrowableCollector.execute(ThrowableCollector.java:73)
	at org.junit.jupiter.engine.descriptor.TestMethodTestDescriptor.invokeTestMethod(TestMethodTestDescriptor.java:208)
	at org.junit.jupiter.engine.descriptor.TestMethodTestDescriptor.execute(TestMethodTestDescriptor.java:137)
	at org.junit.jupiter.engine.descriptor.TestMethodTestDescriptor.execute(TestMethodTestDescriptor.java:71)
	at org.junit.platform.engine.support.hierarchical.NodeTestTask.lambda$executeRecursively$5(NodeTestTask.java:135)
	at org.junit.platform.engine.support.hierarchical.NodeTestTask$$Lambda$179/195615004.execute(Unknown Source)
	at org.junit.platform.engine.support.hierarchical.ThrowableCollector.execute(ThrowableCollector.java:73)
	at org.junit.platform.engine.support.hierarchical.NodeTestTask.lambda$executeRecursively$7(NodeTestTask.java:125)
	at org.junit.platform.engine.support.hierarchical.NodeTestTask$$Lambda$178/1890627974.invoke(Unknown Source)
	at org.junit.platform.engine.support.hierarchical.Node.around(Node.java:135)
	at org.junit.platform.engine.support.hierarchical.NodeTestTask.lambda$executeRecursively$8(NodeTestTask.java:123)
	at org.junit.platform.engine.support.hierarchical.NodeTestTask$$Lambda$177/231977479.execute(Unknown Source)
	at org.junit.platform.engine.support.hierarchical.ThrowableCollector.execute(ThrowableCollector.java:73)
	at org.junit.platform.engine.support.hierarchical.NodeTestTask.executeRecursively(NodeTestTask.java:122)
	at org.junit.platform.engine.support.hierarchical.NodeTestTask.execute(NodeTestTask.java:80)
	at org.junit.platform.engine.support.hierarchical.SameThreadHierarchicalTestExecutorService$$Lambda$183/1381713434.accept(Unknown Source)
	at java.util.ArrayList.forEach(ArrayList.java:1249)
	at org.junit.platform.engine.support.hierarchical.SameThreadHierarchicalTestExecutorService.invokeAll(SameThreadHierarchicalTestExecutorService.java:38)
	at org.junit.platform.engine.support.hierarchical.NodeTestTask.lambda$executeRecursively$5(NodeTestTask.java:139)
	at org.junit.platform.engine.support.hierarchical.NodeTestTask$$Lambda$179/195615004.execute(Unknown Source)
	at org.junit.platform.engine.support.hierarchical.ThrowableCollector.execute(ThrowableCollector.java:73)
	at org.junit.platform.engine.support.hierarchical.NodeTestTask.lambda$executeRecursively$7(NodeTestTask.java:125)
	at org.junit.platform.engine.support.hierarchical.NodeTestTask$$Lambda$178/1890627974.invoke(Unknown Source)
	at org.junit.platform.engine.support.hierarchical.Node.around(Node.java:135)
	at org.junit.platform.engine.support.hierarchical.NodeTestTask.lambda$executeRecursively$8(NodeTestTask.java:123)
	at org.junit.platform.engine.support.hierarchical.NodeTestTask$$Lambda$177/231977479.execute(Unknown Source)
	at org.junit.platform.engine.support.hierarchical.ThrowableCollector.execute(ThrowableCollector.java:73)
	at org.junit.platform.engine.support.hierarchical.NodeTestTask.executeRecursively(NodeTestTask.java:122)
	at org.junit.platform.engine.support.hierarchical.NodeTestTask.execute(NodeTestTask.java:80)
	at org.junit.platform.engine.support.hierarchical.SameThreadHierarchicalTestExecutorService$$Lambda$183/1381713434.accept(Unknown Source)
	at java.util.ArrayList.forEach(ArrayList.java:1249)
	at org.junit.platform.engine.support.hierarchical.SameThreadHierarchicalTestExecutorService.invokeAll(SameThreadHierarchicalTestExecutorService.java:38)
	at org.junit.platform.engine.support.hierarchical.NodeTestTask.lambda$executeRecursively$5(NodeTestTask.java:139)
	at org.junit.platform.engine.support.hierarchical.NodeTestTask$$Lambda$179/195615004.execute(Unknown Source)
	at org.junit.platform.engine.support.hierarchical.ThrowableCollector.execute(ThrowableCollector.java:73)
	at org.junit.platform.engine.support.hierarchical.NodeTestTask.lambda$executeRecursively$7(NodeTestTask.java:125)
	at org.junit.platform.engine.support.hierarchical.NodeTestTask$$Lambda$178/1890627974.invoke(Unknown Source)
	at org.junit.platform.engine.support.hierarchical.Node.around(Node.java:135)
	at org.junit.platform.engine.support.hierarchical.NodeTestTask.lambda$executeRecursively$8(NodeTestTask.java:123)
	at org.junit.platform.engine.support.hierarchical.NodeTestTask$$Lambda$177/231977479.execute(Unknown Source)
	at org.junit.platform.engine.support.hierarchical.ThrowableCollector.execute(ThrowableCollector.java:73)
	at org.junit.platform.engine.support.hierarchical.NodeTestTask.executeRecursively(NodeTestTask.java:122)
	at org.junit.platform.engine.support.hierarchical.NodeTestTask.execute(NodeTestTask.java:80)
	at org.junit.platform.engine.support.hierarchical.SameThreadHierarchicalTestExecutorService.submit(SameThreadHierarchicalTestExecutorService.java:32)
	at org.junit.platform.engine.support.hierarchical.HierarchicalTestExecutor.execute(HierarchicalTestExecutor.java:57)
	at org.junit.platform.engine.support.hierarchical.HierarchicalTestEngine.execute(HierarchicalTestEngine.java:51)
	at org.junit.platform.launcher.core.DefaultLauncher.execute(DefaultLauncher.java:248)
	at org.junit.platform.launcher.core.DefaultLauncher.lambda$execute$5(DefaultLauncher.java:211)
	at org.junit.platform.launcher.core.DefaultLauncher$$Lambda$143/233996206.accept(Unknown Source)
	at org.junit.platform.launcher.core.DefaultLauncher.withInterceptedStreams(DefaultLauncher.java:226)
	at org.junit.platform.launcher.core.DefaultLauncher.execute(DefaultLauncher.java:199)
	at org.junit.platform.launcher.core.DefaultLauncher.execute(DefaultLauncher.java:132)
	at org.apache.maven.surefire.junitplatform.JUnitPlatformProvider.invokeAllTests(JUnitPlatformProvider.java:142)
	at org.apache.maven.surefire.junitplatform.JUnitPlatformProvider.invoke(JUnitPlatformProvider.java:113)
	at org.apache.maven.surefire.booter.ForkedBooter.invokeProviderInSameClassLoader(ForkedBooter.java:384)
	at org.apache.maven.surefire.booter.ForkedBooter.runSuitesInProcess(ForkedBooter.java:345)
	at org.apache.maven.surefire.booter.ForkedBooter.execute(ForkedBooter.java:126)
	at org.apache.maven.surefire.booter.ForkedBooter.main(ForkedBooter.java:418)
2021-11-08 11:15:13,156 [myid:] - INFO  [main:FourLetterWordMain@94] - connecting to 127.0.0.1 30119
2021-11-08 11:15:13,157 [myid:1] - WARN  [nioEventLoopGroup-53-7:NettyServerCnxnFactory$CnxnChannelHandler@231] - Zookeeper server is not running, close the connection before starting the TLS handshake
2021-11-08 11:15:13,409 [myid:] - INFO  [main:FourLetterWordMain@94] - connecting to 127.0.0.1 30119
2021-11-08 11:15:13,411 [myid:1] - WARN  [nioEventLoopGroup-53-8:NettyServerCnxnFactory$CnxnChannelHandler@231] - Zookeeper server is not running, close the connection before starting the TLS handshake
2021-11-08 11:15:13,679 [myid:] - INFO  [main:FourLetterWordMain@94] - connecting to 127.0.0.1 30119
2021-11-08 11:15:13,679 [myid:1] - WARN  [nioEventLoopGroup-53-9:NettyServerCnxnFactory$CnxnChannelHandler@231] - Zookeeper server is not running, close the connection before starting the TLS handshake
2021-11-08 11:15:13,931 [myid:] - INFO  [main:FourLetterWordMain@94] - connecting to 127.0.0.1 30119
2021-11-08 11:15:13,931 [myid:1] - WARN  [nioEventLoopGroup-53-10:NettyServerCnxnFactory$CnxnChannelHandler@231] - Zookeeper server is not running, close the connection before starting the TLS handshake
2021-11-08 11:15:14,183 [myid:] - INFO  [main:FourLetterWordMain@94] - connecting to 127.0.0.1 30119
2021-11-08 11:15:14,184 [myid:1] - WARN  [nioEventLoopGroup-53-11:NettyServerCnxnFactory$CnxnChannelHandler@231] - Zookeeper server is not running, close the connection before starting the TLS handshake
2021-11-08 11:15:14,449 [myid:] - INFO  [main:FourLetterWordMain@94] - connecting to 127.0.0.1 30119
2021-11-08 11:15:14,451 [myid:1] - WARN  [nioEventLoopGroup-53-12:NettyServerCnxnFactory$CnxnChannelHandler@231] - Zookeeper server is not running, close the connection before starting the TLS handshake
2021-11-08 11:15:14,714 [myid:] - INFO  [main:FourLetterWordMain@94] - connecting to 127.0.0.1 30119
2021-11-08 11:15:14,715 [myid:1] - WARN  [nioEventLoopGroup-53-1:NettyServerCnxnFactory$CnxnChannelHandler@231] - Zookeeper server is not running, close the connection before starting the TLS handshake
2021-11-08 11:15:14,980 [myid:] - INFO  [main:FourLetterWordMain@94] - connecting to 127.0.0.1 30119
2021-11-08 11:15:14,982 [myid:1] - WARN  [nioEventLoopGroup-53-2:NettyServerCnxnFactory$CnxnChannelHandler@231] - Zookeeper server is not running, close the connection before starting the TLS handshake
2021-11-08 11:15:15,244 [myid:] - INFO  [main:FourLetterWordMain@94] - connecting to 127.0.0.1 30119
2021-11-08 11:15:15,245 [myid:1] - WARN  [nioEventLoopGroup-53-3:NettyServerCnxnFactory$CnxnChannelHandler@231] - Zookeeper server is not running, close the connection before starting the TLS handshake
2021-11-08 11:15:15,260 [myid:] - INFO  [main:ClientBase@267] - server 127.0.0.1:30119 not up
java.net.SocketException: Software caused connection abort: recv failed
	at java.net.SocketInputStream.socketRead0(Native Method)
	at java.net.SocketInputStream.read(SocketInputStream.java:150)
	at java.net.SocketInputStream.read(SocketInputStream.java:121)
	at sun.nio.cs.StreamDecoder.readBytes(StreamDecoder.java:284)
	at sun.nio.cs.StreamDecoder.implRead(StreamDecoder.java:326)
	at sun.nio.cs.StreamDecoder.read(StreamDecoder.java:178)
	at java.io.InputStreamReader.read(InputStreamReader.java:184)
	at java.io.BufferedReader.fill(BufferedReader.java:161)
	at java.io.BufferedReader.readLine(BufferedReader.java:324)
	at java.io.BufferedReader.readLine(BufferedReader.java:389)
	at org.apache.zookeeper.client.FourLetterWordMain.send4LetterWord(FourLetterWordMain.java:129)
	at org.apache.zookeeper.client.FourLetterWordMain.send4LetterWord(FourLetterWordMain.java:74)
	at org.apache.zookeeper.test.ClientBase.waitForServerUp(ClientBase.java:258)
	at org.apache.zookeeper.test.ClientBase.waitForServerUp(ClientBase.java:249)
	at org.apache.zookeeper.server.quorum.QuorumSSLTest.testQuorumSSLWithMultipleAddresses(QuorumSSLTest.java:491)
	at sun.reflect.NativeMethodAccessorImpl.invoke0(Native Method)
	at sun.reflect.NativeMethodAccessorImpl.invoke(NativeMethodAccessorImpl.java:62)
	at sun.reflect.DelegatingMethodAccessorImpl.invoke(DelegatingMethodAccessorImpl.java:43)
	at java.lang.reflect.Method.invoke(Method.java:483)
	at org.junit.platform.commons.util.ReflectionUtils.invokeMethod(ReflectionUtils.java:686)
	at org.junit.jupiter.engine.execution.MethodInvocation.proceed(MethodInvocation.java:60)
	at org.junit.jupiter.engine.execution.InvocationInterceptorChain$ValidatingInvocation.proceed(InvocationInterceptorChain.java:131)
	at org.junit.jupiter.engine.extension.TimeoutInvocation.proceed(TimeoutInvocation.java:46)
	at org.junit.jupiter.engine.extension.TimeoutExtension.intercept(TimeoutExtension.java:149)
	at org.junit.jupiter.engine.extension.TimeoutExtension.interceptTestableMethod(TimeoutExtension.java:140)
	at org.junit.jupiter.engine.extension.TimeoutExtension.interceptTestMethod(TimeoutExtension.java:84)
	at org.junit.jupiter.engine.descriptor.TestMethodTestDescriptor$$Lambda$111/1780132728.apply(Unknown Source)
	at org.junit.jupiter.engine.execution.ExecutableInvoker$ReflectiveInterceptorCall.lambda$ofVoidMethod$0(ExecutableInvoker.java:115)
	at org.junit.jupiter.engine.execution.ExecutableInvoker$ReflectiveInterceptorCall$$Lambda$112/1725017993.apply(Unknown Source)
	at org.junit.jupiter.engine.execution.ExecutableInvoker.lambda$invoke$0(ExecutableInvoker.java:105)
	at org.junit.jupiter.engine.execution.ExecutableInvoker$$Lambda$234/64133603.apply(Unknown Source)
	at org.junit.jupiter.engine.execution.InvocationInterceptorChain$InterceptedInvocation.proceed(InvocationInterceptorChain.java:106)
	at org.junit.jupiter.engine.execution.InvocationInterceptorChain.proceed(InvocationInterceptorChain.java:64)
	at org.junit.jupiter.engine.execution.InvocationInterceptorChain.chainAndInvoke(InvocationInterceptorChain.java:45)
	at org.junit.jupiter.engine.execution.InvocationInterceptorChain.invoke(InvocationInterceptorChain.java:37)
	at org.junit.jupiter.engine.execution.ExecutableInvoker.invoke(ExecutableInvoker.java:104)
	at org.junit.jupiter.engine.execution.ExecutableInvoker.invoke(ExecutableInvoker.java:98)
	at org.junit.jupiter.engine.descriptor.TestMethodTestDescriptor.lambda$invokeTestMethod$6(TestMethodTestDescriptor.java:212)
	at org.junit.jupiter.engine.descriptor.TestMethodTestDescriptor$$Lambda$271/224100622.execute(Unknown Source)
	at org.junit.platform.engine.support.hierarchical.ThrowableCollector.execute(ThrowableCollector.java:73)
	at org.junit.jupiter.engine.descriptor.TestMethodTestDescriptor.invokeTestMethod(TestMethodTestDescriptor.java:208)
	at org.junit.jupiter.engine.descriptor.TestMethodTestDescriptor.execute(TestMethodTestDescriptor.java:137)
	at org.junit.jupiter.engine.descriptor.TestMethodTestDescriptor.execute(TestMethodTestDescriptor.java:71)
	at org.junit.platform.engine.support.hierarchical.NodeTestTask.lambda$executeRecursively$5(NodeTestTask.java:135)
	at org.junit.platform.engine.support.hierarchical.NodeTestTask$$Lambda$179/195615004.execute(Unknown Source)
	at org.junit.platform.engine.support.hierarchical.ThrowableCollector.execute(ThrowableCollector.java:73)
	at org.junit.platform.engine.support.hierarchical.NodeTestTask.lambda$executeRecursively$7(NodeTestTask.java:125)
	at org.junit.platform.engine.support.hierarchical.NodeTestTask$$Lambda$178/1890627974.invoke(Unknown Source)
	at org.junit.platform.engine.support.hierarchical.Node.around(Node.java:135)
	at org.junit.platform.engine.support.hierarchical.NodeTestTask.lambda$executeRecursively$8(NodeTestTask.java:123)
	at org.junit.platform.engine.support.hierarchical.NodeTestTask$$Lambda$177/231977479.execute(Unknown Source)
	at org.junit.platform.engine.support.hierarchical.ThrowableCollector.execute(ThrowableCollector.java:73)
	at org.junit.platform.engine.support.hierarchical.NodeTestTask.executeRecursively(NodeTestTask.java:122)
	at org.junit.platform.engine.support.hierarchical.NodeTestTask.execute(NodeTestTask.java:80)
	at org.junit.platform.engine.support.hierarchical.SameThreadHierarchicalTestExecutorService$$Lambda$183/1381713434.accept(Unknown Source)
	at java.util.ArrayList.forEach(ArrayList.java:1249)
	at org.junit.platform.engine.support.hierarchical.SameThreadHierarchicalTestExecutorService.invokeAll(SameThreadHierarchicalTestExecutorService.java:38)
	at org.junit.platform.engine.support.hierarchical.NodeTestTask.lambda$executeRecursively$5(NodeTestTask.java:139)
	at org.junit.platform.engine.support.hierarchical.NodeTestTask$$Lambda$179/195615004.execute(Unknown Source)
	at org.junit.platform.engine.support.hierarchical.ThrowableCollector.execute(ThrowableCollector.java:73)
	at org.junit.platform.engine.support.hierarchical.NodeTestTask.lambda$executeRecursively$7(NodeTestTask.java:125)
	at org.junit.platform.engine.support.hierarchical.NodeTestTask$$Lambda$178/1890627974.invoke(Unknown Source)
	at org.junit.platform.engine.support.hierarchical.Node.around(Node.java:135)
	at org.junit.platform.engine.support.hierarchical.NodeTestTask.lambda$executeRecursively$8(NodeTestTask.java:123)
	at org.junit.platform.engine.support.hierarchical.NodeTestTask$$Lambda$177/231977479.execute(Unknown Source)
	at org.junit.platform.engine.support.hierarchical.ThrowableCollector.execute(ThrowableCollector.java:73)
	at org.junit.platform.engine.support.hierarchical.NodeTestTask.executeRecursively(NodeTestTask.java:122)
	at org.junit.platform.engine.support.hierarchical.NodeTestTask.execute(NodeTestTask.java:80)
	at org.junit.platform.engine.support.hierarchical.SameThreadHierarchicalTestExecutorService$$Lambda$183/1381713434.accept(Unknown Source)
	at java.util.ArrayList.forEach(ArrayList.java:1249)
	at org.junit.platform.engine.support.hierarchical.SameThreadHierarchicalTestExecutorService.invokeAll(SameThreadHierarchicalTestExecutorService.java:38)
	at org.junit.platform.engine.support.hierarchical.NodeTestTask.lambda$executeRecursively$5(NodeTestTask.java:139)
	at org.junit.platform.engine.support.hierarchical.NodeTestTask$$Lambda$179/195615004.execute(Unknown Source)
	at org.junit.platform.engine.support.hierarchical.ThrowableCollector.execute(ThrowableCollector.java:73)
	at org.junit.platform.engine.support.hierarchical.NodeTestTask.lambda$executeRecursively$7(NodeTestTask.java:125)
	at org.junit.platform.engine.support.hierarchical.NodeTestTask$$Lambda$178/1890627974.invoke(Unknown Source)
	at org.junit.platform.engine.support.hierarchical.Node.around(Node.java:135)
	at org.junit.platform.engine.support.hierarchical.NodeTestTask.lambda$executeRecursively$8(NodeTestTask.java:123)
	at org.junit.platform.engine.support.hierarchical.NodeTestTask$$Lambda$177/231977479.execute(Unknown Source)
	at org.junit.platform.engine.support.hierarchical.ThrowableCollector.execute(ThrowableCollector.java:73)
	at org.junit.platform.engine.support.hierarchical.NodeTestTask.executeRecursively(NodeTestTask.java:122)
	at org.junit.platform.engine.support.hierarchical.NodeTestTask.execute(NodeTestTask.java:80)
	at org.junit.platform.engine.support.hierarchical.SameThreadHierarchicalTestExecutorService.submit(SameThreadHierarchicalTestExecutorService.java:32)
	at org.junit.platform.engine.support.hierarchical.HierarchicalTestExecutor.execute(HierarchicalTestExecutor.java:57)
	at org.junit.platform.engine.support.hierarchical.HierarchicalTestEngine.execute(HierarchicalTestEngine.java:51)
	at org.junit.platform.launcher.core.DefaultLauncher.execute(DefaultLauncher.java:248)
	at org.junit.platform.launcher.core.DefaultLauncher.lambda$execute$5(DefaultLauncher.java:211)
	at org.junit.platform.launcher.core.DefaultLauncher$$Lambda$143/233996206.accept(Unknown Source)
	at org.junit.platform.launcher.core.DefaultLauncher.withInterceptedStreams(DefaultLauncher.java:226)
	at org.junit.platform.launcher.core.DefaultLauncher.execute(DefaultLauncher.java:199)
	at org.junit.platform.launcher.core.DefaultLauncher.execute(DefaultLauncher.java:132)
	at org.apache.maven.surefire.junitplatform.JUnitPlatformProvider.invokeAllTests(JUnitPlatformProvider.java:142)
	at org.apache.maven.surefire.junitplatform.JUnitPlatformProvider.invoke(JUnitPlatformProvider.java:113)
	at org.apache.maven.surefire.booter.ForkedBooter.invokeProviderInSameClassLoader(ForkedBooter.java:384)
	at org.apache.maven.surefire.booter.ForkedBooter.runSuitesInProcess(ForkedBooter.java:345)
	at org.apache.maven.surefire.booter.ForkedBooter.execute(ForkedBooter.java:126)
	at org.apache.maven.surefire.booter.ForkedBooter.main(ForkedBooter.java:418)
2021-11-08 11:15:15,512 [myid:] - INFO  [main:FourLetterWordMain@94] - connecting to 127.0.0.1 30119
2021-11-08 11:15:15,513 [myid:1] - WARN  [nioEventLoopGroup-53-4:NettyServerCnxnFactory$CnxnChannelHandler@231] - Zookeeper server is not running, close the connection before starting the TLS handshake
2021-11-08 11:15:15,763 [myid:] - INFO  [main:FourLetterWordMain@94] - connecting to 127.0.0.1 30119
2021-11-08 11:15:15,763 [myid:1] - WARN  [nioEventLoopGroup-53-5:NettyServerCnxnFactory$CnxnChannelHandler@231] - Zookeeper server is not running, close the connection before starting the TLS handshake
2021-11-08 11:15:16,014 [myid:] - INFO  [main:FourLetterWordMain@94] - connecting to 127.0.0.1 30119
2021-11-08 11:15:16,014 [myid:1] - WARN  [nioEventLoopGroup-53-6:NettyServerCnxnFactory$CnxnChannelHandler@231] - Zookeeper server is not running, close the connection before starting the TLS handshake
2021-11-08 11:15:16,266 [myid:] - INFO  [main:FourLetterWordMain@94] - connecting to 127.0.0.1 30119
2021-11-08 11:15:16,266 [myid:1] - WARN  [nioEventLoopGroup-53-7:NettyServerCnxnFactory$CnxnChannelHandler@231] - Zookeeper server is not running, close the connection before starting the TLS handshake
2021-11-08 11:15:16,532 [myid:] - INFO  [main:FourLetterWordMain@94] - connecting to 127.0.0.1 30119
2021-11-08 11:15:16,532 [myid:1] - WARN  [nioEventLoopGroup-53-8:NettyServerCnxnFactory$CnxnChannelHandler@231] - Zookeeper server is not running, close the connection before starting the TLS handshake
2021-11-08 11:15:16,783 [myid:] - INFO  [main:FourLetterWordMain@94] - connecting to 127.0.0.1 30119
2021-11-08 11:15:16,784 [myid:1] - WARN  [nioEventLoopGroup-53-9:NettyServerCnxnFactory$CnxnChannelHandler@231] - Zookeeper server is not running, close the connection before starting the TLS handshake
2021-11-08 11:15:17,047 [myid:] - INFO  [main:FourLetterWordMain@94] - connecting to 127.0.0.1 30119
2021-11-08 11:15:17,049 [myid:1] - WARN  [nioEventLoopGroup-53-10:NettyServerCnxnFactory$CnxnChannelHandler@231] - Zookeeper server is not running, close the connection before starting the TLS handshake
2021-11-08 11:15:17,309 [myid:] - INFO  [main:FourLetterWordMain@94] - connecting to 127.0.0.1 30119
2021-11-08 11:15:17,310 [myid:1] - WARN  [nioEventLoopGroup-53-11:NettyServerCnxnFactory$CnxnChannelHandler@231] - Zookeeper server is not running, close the connection before starting the TLS handshake
2021-11-08 11:15:17,497 [myid:1] - INFO  [QuorumPeer[myid=1](plain=[0:0:0:0:0:0:0:0]:30119)(secure=disabled):FastLeaderElection@984] - Notification time out: 12800
2021-11-08 11:15:17,544 [myid:2] - INFO  [QuorumPeer[myid=2](plain=[0:0:0:0:0:0:0:0]:30120)(secure=disabled):FastLeaderElection@984] - Notification time out: 12800
2021-11-08 11:15:17,575 [myid:] - INFO  [main:FourLetterWordMain@94] - connecting to 127.0.0.1 30119
2021-11-08 11:15:17,577 [myid:1] - WARN  [nioEventLoopGroup-53-12:NettyServerCnxnFactory$CnxnChannelHandler@231] - Zookeeper server is not running, close the connection before starting the TLS handshake
2021-11-08 11:15:17,828 [myid:] - INFO  [main:FourLetterWordMain@94] - connecting to 127.0.0.1 30119
2021-11-08 11:15:17,828 [myid:1] - WARN  [nioEventLoopGroup-53-1:NettyServerCnxnFactory$CnxnChannelHandler@231] - Zookeeper server is not running, close the connection before starting the TLS handshake
2021-11-08 11:15:18,079 [myid:] - INFO  [main:FourLetterWordMain@94] - connecting to 127.0.0.1 30119
2021-11-08 11:15:18,079 [myid:1] - WARN  [nioEventLoopGroup-53-2:NettyServerCnxnFactory$CnxnChannelHandler@231] - Zookeeper server is not running, close the connection before starting the TLS handshake
2021-11-08 11:15:18,342 [myid:] - INFO  [main:FourLetterWordMain@94] - connecting to 127.0.0.1 30119
2021-11-08 11:15:18,343 [myid:1] - WARN  [nioEventLoopGroup-53-3:NettyServerCnxnFactory$CnxnChannelHandler@231] - Zookeeper server is not running, close the connection before starting the TLS handshake
2021-11-08 11:15:18,594 [myid:] - INFO  [main:FourLetterWordMain@94] - connecting to 127.0.0.1 30119
2021-11-08 11:15:18,594 [myid:1] - WARN  [nioEventLoopGroup-53-4:NettyServerCnxnFactory$CnxnChannelHandler@231] - Zookeeper server is not running, close the connection before starting the TLS handshake
2021-11-08 11:15:18,610 [myid:] - INFO  [main:ClientBase@267] - server 127.0.0.1:30119 not up
java.net.SocketException: Software caused connection abort: recv failed
	at java.net.SocketInputStream.socketRead0(Native Method)
	at java.net.SocketInputStream.read(SocketInputStream.java:150)
	at java.net.SocketInputStream.read(SocketInputStream.java:121)
	at sun.nio.cs.StreamDecoder.readBytes(StreamDecoder.java:284)
	at sun.nio.cs.StreamDecoder.implRead(StreamDecoder.java:326)
	at sun.nio.cs.StreamDecoder.read(StreamDecoder.java:178)
	at java.io.InputStreamReader.read(InputStreamReader.java:184)
	at java.io.BufferedReader.fill(BufferedReader.java:161)
	at java.io.BufferedReader.readLine(BufferedReader.java:324)
	at java.io.BufferedReader.readLine(BufferedReader.java:389)
	at org.apache.zookeeper.client.FourLetterWordMain.send4LetterWord(FourLetterWordMain.java:129)
	at org.apache.zookeeper.client.FourLetterWordMain.send4LetterWord(FourLetterWordMain.java:74)
	at org.apache.zookeeper.test.ClientBase.waitForServerUp(ClientBase.java:258)
	at org.apache.zookeeper.test.ClientBase.waitForServerUp(ClientBase.java:249)
	at org.apache.zookeeper.server.quorum.QuorumSSLTest.testQuorumSSLWithMultipleAddresses(QuorumSSLTest.java:491)
	at sun.reflect.NativeMethodAccessorImpl.invoke0(Native Method)
	at sun.reflect.NativeMethodAccessorImpl.invoke(NativeMethodAccessorImpl.java:62)
	at sun.reflect.DelegatingMethodAccessorImpl.invoke(DelegatingMethodAccessorImpl.java:43)
	at java.lang.reflect.Method.invoke(Method.java:483)
	at org.junit.platform.commons.util.ReflectionUtils.invokeMethod(ReflectionUtils.java:686)
	at org.junit.jupiter.engine.execution.MethodInvocation.proceed(MethodInvocation.java:60)
	at org.junit.jupiter.engine.execution.InvocationInterceptorChain$ValidatingInvocation.proceed(InvocationInterceptorChain.java:131)
	at org.junit.jupiter.engine.extension.TimeoutInvocation.proceed(TimeoutInvocation.java:46)
	at org.junit.jupiter.engine.extension.TimeoutExtension.intercept(TimeoutExtension.java:149)
	at org.junit.jupiter.engine.extension.TimeoutExtension.interceptTestableMethod(TimeoutExtension.java:140)
	at org.junit.jupiter.engine.extension.TimeoutExtension.interceptTestMethod(TimeoutExtension.java:84)
	at org.junit.jupiter.engine.descriptor.TestMethodTestDescriptor$$Lambda$111/1780132728.apply(Unknown Source)
	at org.junit.jupiter.engine.execution.ExecutableInvoker$ReflectiveInterceptorCall.lambda$ofVoidMethod$0(ExecutableInvoker.java:115)
	at org.junit.jupiter.engine.execution.ExecutableInvoker$ReflectiveInterceptorCall$$Lambda$112/1725017993.apply(Unknown Source)
	at org.junit.jupiter.engine.execution.ExecutableInvoker.lambda$invoke$0(ExecutableInvoker.java:105)
	at org.junit.jupiter.engine.execution.ExecutableInvoker$$Lambda$234/64133603.apply(Unknown Source)
	at org.junit.jupiter.engine.execution.InvocationInterceptorChain$InterceptedInvocation.proceed(InvocationInterceptorChain.java:106)
	at org.junit.jupiter.engine.execution.InvocationInterceptorChain.proceed(InvocationInterceptorChain.java:64)
	at org.junit.jupiter.engine.execution.InvocationInterceptorChain.chainAndInvoke(InvocationInterceptorChain.java:45)
	at org.junit.jupiter.engine.execution.InvocationInterceptorChain.invoke(InvocationInterceptorChain.java:37)
	at org.junit.jupiter.engine.execution.ExecutableInvoker.invoke(ExecutableInvoker.java:104)
	at org.junit.jupiter.engine.execution.ExecutableInvoker.invoke(ExecutableInvoker.java:98)
	at org.junit.jupiter.engine.descriptor.TestMethodTestDescriptor.lambda$invokeTestMethod$6(TestMethodTestDescriptor.java:212)
	at org.junit.jupiter.engine.descriptor.TestMethodTestDescriptor$$Lambda$271/224100622.execute(Unknown Source)
	at org.junit.platform.engine.support.hierarchical.ThrowableCollector.execute(ThrowableCollector.java:73)
	at org.junit.jupiter.engine.descriptor.TestMethodTestDescriptor.invokeTestMethod(TestMethodTestDescriptor.java:208)
	at org.junit.jupiter.engine.descriptor.TestMethodTestDescriptor.execute(TestMethodTestDescriptor.java:137)
	at org.junit.jupiter.engine.descriptor.TestMethodTestDescriptor.execute(TestMethodTestDescriptor.java:71)
	at org.junit.platform.engine.support.hierarchical.NodeTestTask.lambda$executeRecursively$5(NodeTestTask.java:135)
	at org.junit.platform.engine.support.hierarchical.NodeTestTask$$Lambda$179/195615004.execute(Unknown Source)
	at org.junit.platform.engine.support.hierarchical.ThrowableCollector.execute(ThrowableCollector.java:73)
	at org.junit.platform.engine.support.hierarchical.NodeTestTask.lambda$executeRecursively$7(NodeTestTask.java:125)
	at org.junit.platform.engine.support.hierarchical.NodeTestTask$$Lambda$178/1890627974.invoke(Unknown Source)
	at org.junit.platform.engine.support.hierarchical.Node.around(Node.java:135)
	at org.junit.platform.engine.support.hierarchical.NodeTestTask.lambda$executeRecursively$8(NodeTestTask.java:123)
	at org.junit.platform.engine.support.hierarchical.NodeTestTask$$Lambda$177/231977479.execute(Unknown Source)
	at org.junit.platform.engine.support.hierarchical.ThrowableCollector.execute(ThrowableCollector.java:73)
	at org.junit.platform.engine.support.hierarchical.NodeTestTask.executeRecursively(NodeTestTask.java:122)
	at org.junit.platform.engine.support.hierarchical.NodeTestTask.execute(NodeTestTask.java:80)
	at org.junit.platform.engine.support.hierarchical.SameThreadHierarchicalTestExecutorService$$Lambda$183/1381713434.accept(Unknown Source)
	at java.util.ArrayList.forEach(ArrayList.java:1249)
	at org.junit.platform.engine.support.hierarchical.SameThreadHierarchicalTestExecutorService.invokeAll(SameThreadHierarchicalTestExecutorService.java:38)
	at org.junit.platform.engine.support.hierarchical.NodeTestTask.lambda$executeRecursively$5(NodeTestTask.java:139)
	at org.junit.platform.engine.support.hierarchical.NodeTestTask$$Lambda$179/195615004.execute(Unknown Source)
	at org.junit.platform.engine.support.hierarchical.ThrowableCollector.execute(ThrowableCollector.java:73)
	at org.junit.platform.engine.support.hierarchical.NodeTestTask.lambda$executeRecursively$7(NodeTestTask.java:125)
	at org.junit.platform.engine.support.hierarchical.NodeTestTask$$Lambda$178/1890627974.invoke(Unknown Source)
	at org.junit.platform.engine.support.hierarchical.Node.around(Node.java:135)
	at org.junit.platform.engine.support.hierarchical.NodeTestTask.lambda$executeRecursively$8(NodeTestTask.java:123)
	at org.junit.platform.engine.support.hierarchical.NodeTestTask$$Lambda$177/231977479.execute(Unknown Source)
	at org.junit.platform.engine.support.hierarchical.ThrowableCollector.execute(ThrowableCollector.java:73)
	at org.junit.platform.engine.support.hierarchical.NodeTestTask.executeRecursively(NodeTestTask.java:122)
	at org.junit.platform.engine.support.hierarchical.NodeTestTask.execute(NodeTestTask.java:80)
	at org.junit.platform.engine.support.hierarchical.SameThreadHierarchicalTestExecutorService$$Lambda$183/1381713434.accept(Unknown Source)
	at java.util.ArrayList.forEach(ArrayList.java:1249)
	at org.junit.platform.engine.support.hierarchical.SameThreadHierarchicalTestExecutorService.invokeAll(SameThreadHierarchicalTestExecutorService.java:38)
	at org.junit.platform.engine.support.hierarchical.NodeTestTask.lambda$executeRecursively$5(NodeTestTask.java:139)
	at org.junit.platform.engine.support.hierarchical.NodeTestTask$$Lambda$179/195615004.execute(Unknown Source)
	at org.junit.platform.engine.support.hierarchical.ThrowableCollector.execute(ThrowableCollector.java:73)
	at org.junit.platform.engine.support.hierarchical.NodeTestTask.lambda$executeRecursively$7(NodeTestTask.java:125)
	at org.junit.platform.engine.support.hierarchical.NodeTestTask$$Lambda$178/1890627974.invoke(Unknown Source)
	at org.junit.platform.engine.support.hierarchical.Node.around(Node.java:135)
	at org.junit.platform.engine.support.hierarchical.NodeTestTask.lambda$executeRecursively$8(NodeTestTask.java:123)
	at org.junit.platform.engine.support.hierarchical.NodeTestTask$$Lambda$177/231977479.execute(Unknown Source)
	at org.junit.platform.engine.support.hierarchical.ThrowableCollector.execute(ThrowableCollector.java:73)
	at org.junit.platform.engine.support.hierarchical.NodeTestTask.executeRecursively(NodeTestTask.java:122)
	at org.junit.platform.engine.support.hierarchical.NodeTestTask.execute(NodeTestTask.java:80)
	at org.junit.platform.engine.support.hierarchical.SameThreadHierarchicalTestExecutorService.submit(SameThreadHierarchicalTestExecutorService.java:32)
	at org.junit.platform.engine.support.hierarchical.HierarchicalTestExecutor.execute(HierarchicalTestExecutor.java:57)
	at org.junit.platform.engine.support.hierarchical.HierarchicalTestEngine.execute(HierarchicalTestEngine.java:51)
	at org.junit.platform.launcher.core.DefaultLauncher.execute(DefaultLauncher.java:248)
	at org.junit.platform.launcher.core.DefaultLauncher.lambda$execute$5(DefaultLauncher.java:211)
	at org.junit.platform.launcher.core.DefaultLauncher$$Lambda$143/233996206.accept(Unknown Source)
	at org.junit.platform.launcher.core.DefaultLauncher.withInterceptedStreams(DefaultLauncher.java:226)
	at org.junit.platform.launcher.core.DefaultLauncher.execute(DefaultLauncher.java:199)
	at org.junit.platform.launcher.core.DefaultLauncher.execute(DefaultLauncher.java:132)
	at org.apache.maven.surefire.junitplatform.JUnitPlatformProvider.invokeAllTests(JUnitPlatformProvider.java:142)
	at org.apache.maven.surefire.junitplatform.JUnitPlatformProvider.invoke(JUnitPlatformProvider.java:113)
	at org.apache.maven.surefire.booter.ForkedBooter.invokeProviderInSameClassLoader(ForkedBooter.java:384)
	at org.apache.maven.surefire.booter.ForkedBooter.runSuitesInProcess(ForkedBooter.java:345)
	at org.apache.maven.surefire.booter.ForkedBooter.execute(ForkedBooter.java:126)
	at org.apache.maven.surefire.booter.ForkedBooter.main(ForkedBooter.java:418)
2021-11-08 11:15:18,873 [myid:] - INFO  [main:FourLetterWordMain@94] - connecting to 127.0.0.1 30119
2021-11-08 11:15:18,874 [myid:1] - WARN  [nioEventLoopGroup-53-5:NettyServerCnxnFactory$CnxnChannelHandler@231] - Zookeeper server is not running, close the connection before starting the TLS handshake
2021-11-08 11:15:19,139 [myid:] - INFO  [main:FourLetterWordMain@94] - connecting to 127.0.0.1 30119
2021-11-08 11:15:19,139 [myid:1] - WARN  [nioEventLoopGroup-53-6:NettyServerCnxnFactory$CnxnChannelHandler@231] - Zookeeper server is not running, close the connection before starting the TLS handshake
2021-11-08 11:15:19,404 [myid:] - INFO  [main:FourLetterWordMain@94] - connecting to 127.0.0.1 30119
2021-11-08 11:15:19,404 [myid:1] - WARN  [nioEventLoopGroup-53-7:NettyServerCnxnFactory$CnxnChannelHandler@231] - Zookeeper server is not running, close the connection before starting the TLS handshake
2021-11-08 11:15:19,420 [myid:] - INFO  [main:ClientBase@267] - server 127.0.0.1:30119 not up
java.net.SocketException: Software caused connection abort: recv failed
	at java.net.SocketInputStream.socketRead0(Native Method)
	at java.net.SocketInputStream.read(SocketInputStream.java:150)
	at java.net.SocketInputStream.read(SocketInputStream.java:121)
	at sun.nio.cs.StreamDecoder.readBytes(StreamDecoder.java:284)
	at sun.nio.cs.StreamDecoder.implRead(StreamDecoder.java:326)
	at sun.nio.cs.StreamDecoder.read(StreamDecoder.java:178)
	at java.io.InputStreamReader.read(InputStreamReader.java:184)
	at java.io.BufferedReader.fill(BufferedReader.java:161)
	at java.io.BufferedReader.readLine(BufferedReader.java:324)
	at java.io.BufferedReader.readLine(BufferedReader.java:389)
	at org.apache.zookeeper.client.FourLetterWordMain.send4LetterWord(FourLetterWordMain.java:129)
	at org.apache.zookeeper.client.FourLetterWordMain.send4LetterWord(FourLetterWordMain.java:74)
	at org.apache.zookeeper.test.ClientBase.waitForServerUp(ClientBase.java:258)
	at org.apache.zookeeper.test.ClientBase.waitForServerUp(ClientBase.java:249)
	at org.apache.zookeeper.server.quorum.QuorumSSLTest.testQuorumSSLWithMultipleAddresses(QuorumSSLTest.java:491)
	at sun.reflect.NativeMethodAccessorImpl.invoke0(Native Method)
	at sun.reflect.NativeMethodAccessorImpl.invoke(NativeMethodAccessorImpl.java:62)
	at sun.reflect.DelegatingMethodAccessorImpl.invoke(DelegatingMethodAccessorImpl.java:43)
	at java.lang.reflect.Method.invoke(Method.java:483)
	at org.junit.platform.commons.util.ReflectionUtils.invokeMethod(ReflectionUtils.java:686)
	at org.junit.jupiter.engine.execution.MethodInvocation.proceed(MethodInvocation.java:60)
	at org.junit.jupiter.engine.execution.InvocationInterceptorChain$ValidatingInvocation.proceed(InvocationInterceptorChain.java:131)
	at org.junit.jupiter.engine.extension.TimeoutInvocation.proceed(TimeoutInvocation.java:46)
	at org.junit.jupiter.engine.extension.TimeoutExtension.intercept(TimeoutExtension.java:149)
	at org.junit.jupiter.engine.extension.TimeoutExtension.interceptTestableMethod(TimeoutExtension.java:140)
	at org.junit.jupiter.engine.extension.TimeoutExtension.interceptTestMethod(TimeoutExtension.java:84)
	at org.junit.jupiter.engine.descriptor.TestMethodTestDescriptor$$Lambda$111/1780132728.apply(Unknown Source)
	at org.junit.jupiter.engine.execution.ExecutableInvoker$ReflectiveInterceptorCall.lambda$ofVoidMethod$0(ExecutableInvoker.java:115)
	at org.junit.jupiter.engine.execution.ExecutableInvoker$ReflectiveInterceptorCall$$Lambda$112/1725017993.apply(Unknown Source)
	at org.junit.jupiter.engine.execution.ExecutableInvoker.lambda$invoke$0(ExecutableInvoker.java:105)
	at org.junit.jupiter.engine.execution.ExecutableInvoker$$Lambda$234/64133603.apply(Unknown Source)
	at org.junit.jupiter.engine.execution.InvocationInterceptorChain$InterceptedInvocation.proceed(InvocationInterceptorChain.java:106)
	at org.junit.jupiter.engine.execution.InvocationInterceptorChain.proceed(InvocationInterceptorChain.java:64)
	at org.junit.jupiter.engine.execution.InvocationInterceptorChain.chainAndInvoke(InvocationInterceptorChain.java:45)
	at org.junit.jupiter.engine.execution.InvocationInterceptorChain.invoke(InvocationInterceptorChain.java:37)
	at org.junit.jupiter.engine.execution.ExecutableInvoker.invoke(ExecutableInvoker.java:104)
	at org.junit.jupiter.engine.execution.ExecutableInvoker.invoke(ExecutableInvoker.java:98)
	at org.junit.jupiter.engine.descriptor.TestMethodTestDescriptor.lambda$invokeTestMethod$6(TestMethodTestDescriptor.java:212)
	at org.junit.jupiter.engine.descriptor.TestMethodTestDescriptor$$Lambda$271/224100622.execute(Unknown Source)
	at org.junit.platform.engine.support.hierarchical.ThrowableCollector.execute(ThrowableCollector.java:73)
	at org.junit.jupiter.engine.descriptor.TestMethodTestDescriptor.invokeTestMethod(TestMethodTestDescriptor.java:208)
	at org.junit.jupiter.engine.descriptor.TestMethodTestDescriptor.execute(TestMethodTestDescriptor.java:137)
	at org.junit.jupiter.engine.descriptor.TestMethodTestDescriptor.execute(TestMethodTestDescriptor.java:71)
	at org.junit.platform.engine.support.hierarchical.NodeTestTask.lambda$executeRecursively$5(NodeTestTask.java:135)
	at org.junit.platform.engine.support.hierarchical.NodeTestTask$$Lambda$179/195615004.execute(Unknown Source)
	at org.junit.platform.engine.support.hierarchical.ThrowableCollector.execute(ThrowableCollector.java:73)
	at org.junit.platform.engine.support.hierarchical.NodeTestTask.lambda$executeRecursively$7(NodeTestTask.java:125)
	at org.junit.platform.engine.support.hierarchical.NodeTestTask$$Lambda$178/1890627974.invoke(Unknown Source)
	at org.junit.platform.engine.support.hierarchical.Node.around(Node.java:135)
	at org.junit.platform.engine.support.hierarchical.NodeTestTask.lambda$executeRecursively$8(NodeTestTask.java:123)
	at org.junit.platform.engine.support.hierarchical.NodeTestTask$$Lambda$177/231977479.execute(Unknown Source)
	at org.junit.platform.engine.support.hierarchical.ThrowableCollector.execute(ThrowableCollector.java:73)
	at org.junit.platform.engine.support.hierarchical.NodeTestTask.executeRecursively(NodeTestTask.java:122)
	at org.junit.platform.engine.support.hierarchical.NodeTestTask.execute(NodeTestTask.java:80)
	at org.junit.platform.engine.support.hierarchical.SameThreadHierarchicalTestExecutorService$$Lambda$183/1381713434.accept(Unknown Source)
	at java.util.ArrayList.forEach(ArrayList.java:1249)
	at org.junit.platform.engine.support.hierarchical.SameThreadHierarchicalTestExecutorService.invokeAll(SameThreadHierarchicalTestExecutorService.java:38)
	at org.junit.platform.engine.support.hierarchical.NodeTestTask.lambda$executeRecursively$5(NodeTestTask.java:139)
	at org.junit.platform.engine.support.hierarchical.NodeTestTask$$Lambda$179/195615004.execute(Unknown Source)
	at org.junit.platform.engine.support.hierarchical.ThrowableCollector.execute(ThrowableCollector.java:73)
	at org.junit.platform.engine.support.hierarchical.NodeTestTask.lambda$executeRecursively$7(NodeTestTask.java:125)
	at org.junit.platform.engine.support.hierarchical.NodeTestTask$$Lambda$178/1890627974.invoke(Unknown Source)
	at org.junit.platform.engine.support.hierarchical.Node.around(Node.java:135)
	at org.junit.platform.engine.support.hierarchical.NodeTestTask.lambda$executeRecursively$8(NodeTestTask.java:123)
	at org.junit.platform.engine.support.hierarchical.NodeTestTask$$Lambda$177/231977479.execute(Unknown Source)
	at org.junit.platform.engine.support.hierarchical.ThrowableCollector.execute(ThrowableCollector.java:73)
	at org.junit.platform.engine.support.hierarchical.NodeTestTask.executeRecursively(NodeTestTask.java:122)
	at org.junit.platform.engine.support.hierarchical.NodeTestTask.execute(NodeTestTask.java:80)
	at org.junit.platform.engine.support.hierarchical.SameThreadHierarchicalTestExecutorService$$Lambda$183/1381713434.accept(Unknown Source)
	at java.util.ArrayList.forEach(ArrayList.java:1249)
	at org.junit.platform.engine.support.hierarchical.SameThreadHierarchicalTestExecutorService.invokeAll(SameThreadHierarchicalTestExecutorService.java:38)
	at org.junit.platform.engine.support.hierarchical.NodeTestTask.lambda$executeRecursively$5(NodeTestTask.java:139)
	at org.junit.platform.engine.support.hierarchical.NodeTestTask$$Lambda$179/195615004.execute(Unknown Source)
	at org.junit.platform.engine.support.hierarchical.ThrowableCollector.execute(ThrowableCollector.java:73)
	at org.junit.platform.engine.support.hierarchical.NodeTestTask.lambda$executeRecursively$7(NodeTestTask.java:125)
	at org.junit.platform.engine.support.hierarchical.NodeTestTask$$Lambda$178/1890627974.invoke(Unknown Source)
	at org.junit.platform.engine.support.hierarchical.Node.around(Node.java:135)
	at org.junit.platform.engine.support.hierarchical.NodeTestTask.lambda$executeRecursively$8(NodeTestTask.java:123)
	at org.junit.platform.engine.support.hierarchical.NodeTestTask$$Lambda$177/231977479.execute(Unknown Source)
	at org.junit.platform.engine.support.hierarchical.ThrowableCollector.execute(ThrowableCollector.java:73)
	at org.junit.platform.engine.support.hierarchical.NodeTestTask.executeRecursively(NodeTestTask.java:122)
	at org.junit.platform.engine.support.hierarchical.NodeTestTask.execute(NodeTestTask.java:80)
	at org.junit.platform.engine.support.hierarchical.SameThreadHierarchicalTestExecutorService.submit(SameThreadHierarchicalTestExecutorService.java:32)
	at org.junit.platform.engine.support.hierarchical.HierarchicalTestExecutor.execute(HierarchicalTestExecutor.java:57)
	at org.junit.platform.engine.support.hierarchical.HierarchicalTestEngine.execute(HierarchicalTestEngine.java:51)
	at org.junit.platform.launcher.core.DefaultLauncher.execute(DefaultLauncher.java:248)
	at org.junit.platform.launcher.core.DefaultLauncher.lambda$execute$5(DefaultLauncher.java:211)
	at org.junit.platform.launcher.core.DefaultLauncher$$Lambda$143/233996206.accept(Unknown Source)
	at org.junit.platform.launcher.core.DefaultLauncher.withInterceptedStreams(DefaultLauncher.java:226)
	at org.junit.platform.launcher.core.DefaultLauncher.execute(DefaultLauncher.java:199)
	at org.junit.platform.launcher.core.DefaultLauncher.execute(DefaultLauncher.java:132)
	at org.apache.maven.surefire.junitplatform.JUnitPlatformProvider.invokeAllTests(JUnitPlatformProvider.java:142)
	at org.apache.maven.surefire.junitplatform.JUnitPlatformProvider.invoke(JUnitPlatformProvider.java:113)
	at org.apache.maven.surefire.booter.ForkedBooter.invokeProviderInSameClassLoader(ForkedBooter.java:384)
	at org.apache.maven.surefire.booter.ForkedBooter.runSuitesInProcess(ForkedBooter.java:345)
	at org.apache.maven.surefire.booter.ForkedBooter.execute(ForkedBooter.java:126)
	at org.apache.maven.surefire.booter.ForkedBooter.main(ForkedBooter.java:418)
2021-11-08 11:15:19,683 [myid:] - INFO  [main:FourLetterWordMain@94] - connecting to 127.0.0.1 30119
2021-11-08 11:15:19,683 [myid:1] - WARN  [nioEventLoopGroup-53-8:NettyServerCnxnFactory$CnxnChannelHandler@231] - Zookeeper server is not running, close the connection before starting the TLS handshake
2021-11-08 11:15:19,948 [myid:] - INFO  [main:FourLetterWordMain@94] - connecting to 127.0.0.1 30119
2021-11-08 11:15:19,948 [myid:1] - WARN  [nioEventLoopGroup-53-9:NettyServerCnxnFactory$CnxnChannelHandler@231] - Zookeeper server is not running, close the connection before starting the TLS handshake
2021-11-08 11:15:20,199 [myid:] - INFO  [main:FourLetterWordMain@94] - connecting to 127.0.0.1 30119
2021-11-08 11:15:20,199 [myid:1] - WARN  [nioEventLoopGroup-53-10:NettyServerCnxnFactory$CnxnChannelHandler@231] - Zookeeper server is not running, close the connection before starting the TLS handshake
2021-11-08 11:15:20,215 [myid:] - INFO  [main:ClientBase@267] - server 127.0.0.1:30119 not up
java.net.SocketException: Software caused connection abort: recv failed
	at java.net.SocketInputStream.socketRead0(Native Method)
	at java.net.SocketInputStream.read(SocketInputStream.java:150)
	at java.net.SocketInputStream.read(SocketInputStream.java:121)
	at sun.nio.cs.StreamDecoder.readBytes(StreamDecoder.java:284)
	at sun.nio.cs.StreamDecoder.implRead(StreamDecoder.java:326)
	at sun.nio.cs.StreamDecoder.read(StreamDecoder.java:178)
	at java.io.InputStreamReader.read(InputStreamReader.java:184)
	at java.io.BufferedReader.fill(BufferedReader.java:161)
	at java.io.BufferedReader.readLine(BufferedReader.java:324)
	at java.io.BufferedReader.readLine(BufferedReader.java:389)
	at org.apache.zookeeper.client.FourLetterWordMain.send4LetterWord(FourLetterWordMain.java:129)
	at org.apache.zookeeper.client.FourLetterWordMain.send4LetterWord(FourLetterWordMain.java:74)
	at org.apache.zookeeper.test.ClientBase.waitForServerUp(ClientBase.java:258)
	at org.apache.zookeeper.test.ClientBase.waitForServerUp(ClientBase.java:249)
	at org.apache.zookeeper.server.quorum.QuorumSSLTest.testQuorumSSLWithMultipleAddresses(QuorumSSLTest.java:491)
	at sun.reflect.NativeMethodAccessorImpl.invoke0(Native Method)
	at sun.reflect.NativeMethodAccessorImpl.invoke(NativeMethodAccessorImpl.java:62)
	at sun.reflect.DelegatingMethodAccessorImpl.invoke(DelegatingMethodAccessorImpl.java:43)
	at java.lang.reflect.Method.invoke(Method.java:483)
	at org.junit.platform.commons.util.ReflectionUtils.invokeMethod(ReflectionUtils.java:686)
	at org.junit.jupiter.engine.execution.MethodInvocation.proceed(MethodInvocation.java:60)
	at org.junit.jupiter.engine.execution.InvocationInterceptorChain$ValidatingInvocation.proceed(InvocationInterceptorChain.java:131)
	at org.junit.jupiter.engine.extension.TimeoutInvocation.proceed(TimeoutInvocation.java:46)
	at org.junit.jupiter.engine.extension.TimeoutExtension.intercept(TimeoutExtension.java:149)
	at org.junit.jupiter.engine.extension.TimeoutExtension.interceptTestableMethod(TimeoutExtension.java:140)
	at org.junit.jupiter.engine.extension.TimeoutExtension.interceptTestMethod(TimeoutExtension.java:84)
	at org.junit.jupiter.engine.descriptor.TestMethodTestDescriptor$$Lambda$111/1780132728.apply(Unknown Source)
	at org.junit.jupiter.engine.execution.ExecutableInvoker$ReflectiveInterceptorCall.lambda$ofVoidMethod$0(ExecutableInvoker.java:115)
	at org.junit.jupiter.engine.execution.ExecutableInvoker$ReflectiveInterceptorCall$$Lambda$112/1725017993.apply(Unknown Source)
	at org.junit.jupiter.engine.execution.ExecutableInvoker.lambda$invoke$0(ExecutableInvoker.java:105)
	at org.junit.jupiter.engine.execution.ExecutableInvoker$$Lambda$234/64133603.apply(Unknown Source)
	at org.junit.jupiter.engine.execution.InvocationInterceptorChain$InterceptedInvocation.proceed(InvocationInterceptorChain.java:106)
	at org.junit.jupiter.engine.execution.InvocationInterceptorChain.proceed(InvocationInterceptorChain.java:64)
	at org.junit.jupiter.engine.execution.InvocationInterceptorChain.chainAndInvoke(InvocationInterceptorChain.java:45)
	at org.junit.jupiter.engine.execution.InvocationInterceptorChain.invoke(InvocationInterceptorChain.java:37)
	at org.junit.jupiter.engine.execution.ExecutableInvoker.invoke(ExecutableInvoker.java:104)
	at org.junit.jupiter.engine.execution.ExecutableInvoker.invoke(ExecutableInvoker.java:98)
	at org.junit.jupiter.engine.descriptor.TestMethodTestDescriptor.lambda$invokeTestMethod$6(TestMethodTestDescriptor.java:212)
	at org.junit.jupiter.engine.descriptor.TestMethodTestDescriptor$$Lambda$271/224100622.execute(Unknown Source)
	at org.junit.platform.engine.support.hierarchical.ThrowableCollector.execute(ThrowableCollector.java:73)
	at org.junit.jupiter.engine.descriptor.TestMethodTestDescriptor.invokeTestMethod(TestMethodTestDescriptor.java:208)
	at org.junit.jupiter.engine.descriptor.TestMethodTestDescriptor.execute(TestMethodTestDescriptor.java:137)
	at org.junit.jupiter.engine.descriptor.TestMethodTestDescriptor.execute(TestMethodTestDescriptor.java:71)
	at org.junit.platform.engine.support.hierarchical.NodeTestTask.lambda$executeRecursively$5(NodeTestTask.java:135)
	at org.junit.platform.engine.support.hierarchical.NodeTestTask$$Lambda$179/195615004.execute(Unknown Source)
	at org.junit.platform.engine.support.hierarchical.ThrowableCollector.execute(ThrowableCollector.java:73)
	at org.junit.platform.engine.support.hierarchical.NodeTestTask.lambda$executeRecursively$7(NodeTestTask.java:125)
	at org.junit.platform.engine.support.hierarchical.NodeTestTask$$Lambda$178/1890627974.invoke(Unknown Source)
	at org.junit.platform.engine.support.hierarchical.Node.around(Node.java:135)
	at org.junit.platform.engine.support.hierarchical.NodeTestTask.lambda$executeRecursively$8(NodeTestTask.java:123)
	at org.junit.platform.engine.support.hierarchical.NodeTestTask$$Lambda$177/231977479.execute(Unknown Source)
	at org.junit.platform.engine.support.hierarchical.ThrowableCollector.execute(ThrowableCollector.java:73)
	at org.junit.platform.engine.support.hierarchical.NodeTestTask.executeRecursively(NodeTestTask.java:122)
	at org.junit.platform.engine.support.hierarchical.NodeTestTask.execute(NodeTestTask.java:80)
	at org.junit.platform.engine.support.hierarchical.SameThreadHierarchicalTestExecutorService$$Lambda$183/1381713434.accept(Unknown Source)
	at java.util.ArrayList.forEach(ArrayList.java:1249)
	at org.junit.platform.engine.support.hierarchical.SameThreadHierarchicalTestExecutorService.invokeAll(SameThreadHierarchicalTestExecutorService.java:38)
	at org.junit.platform.engine.support.hierarchical.NodeTestTask.lambda$executeRecursively$5(NodeTestTask.java:139)
	at org.junit.platform.engine.support.hierarchical.NodeTestTask$$Lambda$179/195615004.execute(Unknown Source)
	at org.junit.platform.engine.support.hierarchical.ThrowableCollector.execute(ThrowableCollector.java:73)
	at org.junit.platform.engine.support.hierarchical.NodeTestTask.lambda$executeRecursively$7(NodeTestTask.java:125)
	at org.junit.platform.engine.support.hierarchical.NodeTestTask$$Lambda$178/1890627974.invoke(Unknown Source)
	at org.junit.platform.engine.support.hierarchical.Node.around(Node.java:135)
	at org.junit.platform.engine.support.hierarchical.NodeTestTask.lambda$executeRecursively$8(NodeTestTask.java:123)
	at org.junit.platform.engine.support.hierarchical.NodeTestTask$$Lambda$177/231977479.execute(Unknown Source)
	at org.junit.platform.engine.support.hierarchical.ThrowableCollector.execute(ThrowableCollector.java:73)
	at org.junit.platform.engine.support.hierarchical.NodeTestTask.executeRecursively(NodeTestTask.java:122)
	at org.junit.platform.engine.support.hierarchical.NodeTestTask.execute(NodeTestTask.java:80)
	at org.junit.platform.engine.support.hierarchical.SameThreadHierarchicalTestExecutorService$$Lambda$183/1381713434.accept(Unknown Source)
	at java.util.ArrayList.forEach(ArrayList.java:1249)
	at org.junit.platform.engine.support.hierarchical.SameThreadHierarchicalTestExecutorService.invokeAll(SameThreadHierarchicalTestExecutorService.java:38)
	at org.junit.platform.engine.support.hierarchical.NodeTestTask.lambda$executeRecursively$5(NodeTestTask.java:139)
	at org.junit.platform.engine.support.hierarchical.NodeTestTask$$Lambda$179/195615004.execute(Unknown Source)
	at org.junit.platform.engine.support.hierarchical.ThrowableCollector.execute(ThrowableCollector.java:73)
	at org.junit.platform.engine.support.hierarchical.NodeTestTask.lambda$executeRecursively$7(NodeTestTask.java:125)
	at org.junit.platform.engine.support.hierarchical.NodeTestTask$$Lambda$178/1890627974.invoke(Unknown Source)
	at org.junit.platform.engine.support.hierarchical.Node.around(Node.java:135)
	at org.junit.platform.engine.support.hierarchical.NodeTestTask.lambda$executeRecursively$8(NodeTestTask.java:123)
	at org.junit.platform.engine.support.hierarchical.NodeTestTask$$Lambda$177/231977479.execute(Unknown Source)
	at org.junit.platform.engine.support.hierarchical.ThrowableCollector.execute(ThrowableCollector.java:73)
	at org.junit.platform.engine.support.hierarchical.NodeTestTask.executeRecursively(NodeTestTask.java:122)
	at org.junit.platform.engine.support.hierarchical.NodeTestTask.execute(NodeTestTask.java:80)
	at org.junit.platform.engine.support.hierarchical.SameThreadHierarchicalTestExecutorService.submit(SameThreadHierarchicalTestExecutorService.java:32)
	at org.junit.platform.engine.support.hierarchical.HierarchicalTestExecutor.execute(HierarchicalTestExecutor.java:57)
	at org.junit.platform.engine.support.hierarchical.HierarchicalTestEngine.execute(HierarchicalTestEngine.java:51)
	at org.junit.platform.launcher.core.DefaultLauncher.execute(DefaultLauncher.java:248)
	at org.junit.platform.launcher.core.DefaultLauncher.lambda$execute$5(DefaultLauncher.java:211)
	at org.junit.platform.launcher.core.DefaultLauncher$$Lambda$143/233996206.accept(Unknown Source)
	at org.junit.platform.launcher.core.DefaultLauncher.withInterceptedStreams(DefaultLauncher.java:226)
	at org.junit.platform.launcher.core.DefaultLauncher.execute(DefaultLauncher.java:199)
	at org.junit.platform.launcher.core.DefaultLauncher.execute(DefaultLauncher.java:132)
	at org.apache.maven.surefire.junitplatform.JUnitPlatformProvider.invokeAllTests(JUnitPlatformProvider.java:142)
	at org.apache.maven.surefire.junitplatform.JUnitPlatformProvider.invoke(JUnitPlatformProvider.java:113)
	at org.apache.maven.surefire.booter.ForkedBooter.invokeProviderInSameClassLoader(ForkedBooter.java:384)
	at org.apache.maven.surefire.booter.ForkedBooter.runSuitesInProcess(ForkedBooter.java:345)
	at org.apache.maven.surefire.booter.ForkedBooter.execute(ForkedBooter.java:126)
	at org.apache.maven.surefire.booter.ForkedBooter.main(ForkedBooter.java:418)
2021-11-08 11:15:20,466 [myid:] - INFO  [main:FourLetterWordMain@94] - connecting to 127.0.0.1 30119
2021-11-08 11:15:20,471 [myid:1] - WARN  [nioEventLoopGroup-53-11:NettyServerCnxnFactory$CnxnChannelHandler@231] - Zookeeper server is not running, close the connection before starting the TLS handshake
2021-11-08 11:15:20,472 [myid:] - INFO  [main:ClientBase@267] - server 127.0.0.1:30119 not up
java.net.SocketException: Software caused connection abort: recv failed
	at java.net.SocketInputStream.socketRead0(Native Method)
	at java.net.SocketInputStream.read(SocketInputStream.java:150)
	at java.net.SocketInputStream.read(SocketInputStream.java:121)
	at sun.nio.cs.StreamDecoder.readBytes(StreamDecoder.java:284)
	at sun.nio.cs.StreamDecoder.implRead(StreamDecoder.java:326)
	at sun.nio.cs.StreamDecoder.read(StreamDecoder.java:178)
	at java.io.InputStreamReader.read(InputStreamReader.java:184)
	at java.io.BufferedReader.fill(BufferedReader.java:161)
	at java.io.BufferedReader.readLine(BufferedReader.java:324)
	at java.io.BufferedReader.readLine(BufferedReader.java:389)
	at org.apache.zookeeper.client.FourLetterWordMain.send4LetterWord(FourLetterWordMain.java:129)
	at org.apache.zookeeper.client.FourLetterWordMain.send4LetterWord(FourLetterWordMain.java:74)
	at org.apache.zookeeper.test.ClientBase.waitForServerUp(ClientBase.java:258)
	at org.apache.zookeeper.test.ClientBase.waitForServerUp(ClientBase.java:249)
	at org.apache.zookeeper.server.quorum.QuorumSSLTest.testQuorumSSLWithMultipleAddresses(QuorumSSLTest.java:491)
	at sun.reflect.NativeMethodAccessorImpl.invoke0(Native Method)
	at sun.reflect.NativeMethodAccessorImpl.invoke(NativeMethodAccessorImpl.java:62)
	at sun.reflect.DelegatingMethodAccessorImpl.invoke(DelegatingMethodAccessorImpl.java:43)
	at java.lang.reflect.Method.invoke(Method.java:483)
	at org.junit.platform.commons.util.ReflectionUtils.invokeMethod(ReflectionUtils.java:686)
	at org.junit.jupiter.engine.execution.MethodInvocation.proceed(MethodInvocation.java:60)
	at org.junit.jupiter.engine.execution.InvocationInterceptorChain$ValidatingInvocation.proceed(InvocationInterceptorChain.java:131)
	at org.junit.jupiter.engine.extension.TimeoutInvocation.proceed(TimeoutInvocation.java:46)
	at org.junit.jupiter.engine.extension.TimeoutExtension.intercept(TimeoutExtension.java:149)
	at org.junit.jupiter.engine.extension.TimeoutExtension.interceptTestableMethod(TimeoutExtension.java:140)
	at org.junit.jupiter.engine.extension.TimeoutExtension.interceptTestMethod(TimeoutExtension.java:84)
	at org.junit.jupiter.engine.descriptor.TestMethodTestDescriptor$$Lambda$111/1780132728.apply(Unknown Source)
	at org.junit.jupiter.engine.execution.ExecutableInvoker$ReflectiveInterceptorCall.lambda$ofVoidMethod$0(ExecutableInvoker.java:115)
	at org.junit.jupiter.engine.execution.ExecutableInvoker$ReflectiveInterceptorCall$$Lambda$112/1725017993.apply(Unknown Source)
	at org.junit.jupiter.engine.execution.ExecutableInvoker.lambda$invoke$0(ExecutableInvoker.java:105)
	at org.junit.jupiter.engine.execution.ExecutableInvoker$$Lambda$234/64133603.apply(Unknown Source)
	at org.junit.jupiter.engine.execution.InvocationInterceptorChain$InterceptedInvocation.proceed(InvocationInterceptorChain.java:106)
	at org.junit.jupiter.engine.execution.InvocationInterceptorChain.proceed(InvocationInterceptorChain.java:64)
	at org.junit.jupiter.engine.execution.InvocationInterceptorChain.chainAndInvoke(InvocationInterceptorChain.java:45)
	at org.junit.jupiter.engine.execution.InvocationInterceptorChain.invoke(InvocationInterceptorChain.java:37)
	at org.junit.jupiter.engine.execution.ExecutableInvoker.invoke(ExecutableInvoker.java:104)
	at org.junit.jupiter.engine.execution.ExecutableInvoker.invoke(ExecutableInvoker.java:98)
	at org.junit.jupiter.engine.descriptor.TestMethodTestDescriptor.lambda$invokeTestMethod$6(TestMethodTestDescriptor.java:212)
	at org.junit.jupiter.engine.descriptor.TestMethodTestDescriptor$$Lambda$271/224100622.execute(Unknown Source)
	at org.junit.platform.engine.support.hierarchical.ThrowableCollector.execute(ThrowableCollector.java:73)
	at org.junit.jupiter.engine.descriptor.TestMethodTestDescriptor.invokeTestMethod(TestMethodTestDescriptor.java:208)
	at org.junit.jupiter.engine.descriptor.TestMethodTestDescriptor.execute(TestMethodTestDescriptor.java:137)
	at org.junit.jupiter.engine.descriptor.TestMethodTestDescriptor.execute(TestMethodTestDescriptor.java:71)
	at org.junit.platform.engine.support.hierarchical.NodeTestTask.lambda$executeRecursively$5(NodeTestTask.java:135)
	at org.junit.platform.engine.support.hierarchical.NodeTestTask$$Lambda$179/195615004.execute(Unknown Source)
	at org.junit.platform.engine.support.hierarchical.ThrowableCollector.execute(ThrowableCollector.java:73)
	at org.junit.platform.engine.support.hierarchical.NodeTestTask.lambda$executeRecursively$7(NodeTestTask.java:125)
	at org.junit.platform.engine.support.hierarchical.NodeTestTask$$Lambda$178/1890627974.invoke(Unknown Source)
	at org.junit.platform.engine.support.hierarchical.Node.around(Node.java:135)
	at org.junit.platform.engine.support.hierarchical.NodeTestTask.lambda$executeRecursively$8(NodeTestTask.java:123)
	at org.junit.platform.engine.support.hierarchical.NodeTestTask$$Lambda$177/231977479.execute(Unknown Source)
	at org.junit.platform.engine.support.hierarchical.ThrowableCollector.execute(ThrowableCollector.java:73)
	at org.junit.platform.engine.support.hierarchical.NodeTestTask.executeRecursively(NodeTestTask.java:122)
	at org.junit.platform.engine.support.hierarchical.NodeTestTask.execute(NodeTestTask.java:80)
	at org.junit.platform.engine.support.hierarchical.SameThreadHierarchicalTestExecutorService$$Lambda$183/1381713434.accept(Unknown Source)
	at java.util.ArrayList.forEach(ArrayList.java:1249)
	at org.junit.platform.engine.support.hierarchical.SameThreadHierarchicalTestExecutorService.invokeAll(SameThreadHierarchicalTestExecutorService.java:38)
	at org.junit.platform.engine.support.hierarchical.NodeTestTask.lambda$executeRecursively$5(NodeTestTask.java:139)
	at org.junit.platform.engine.support.hierarchical.NodeTestTask$$Lambda$179/195615004.execute(Unknown Source)
	at org.junit.platform.engine.support.hierarchical.ThrowableCollector.execute(ThrowableCollector.java:73)
	at org.junit.platform.engine.support.hierarchical.NodeTestTask.lambda$executeRecursively$7(NodeTestTask.java:125)
	at org.junit.platform.engine.support.hierarchical.NodeTestTask$$Lambda$178/1890627974.invoke(Unknown Source)
	at org.junit.platform.engine.support.hierarchical.Node.around(Node.java:135)
	at org.junit.platform.engine.support.hierarchical.NodeTestTask.lambda$executeRecursively$8(NodeTestTask.java:123)
	at org.junit.platform.engine.support.hierarchical.NodeTestTask$$Lambda$177/231977479.execute(Unknown Source)
	at org.junit.platform.engine.support.hierarchical.ThrowableCollector.execute(ThrowableCollector.java:73)
	at org.junit.platform.engine.support.hierarchical.NodeTestTask.executeRecursively(NodeTestTask.java:122)
	at org.junit.platform.engine.support.hierarchical.NodeTestTask.execute(NodeTestTask.java:80)
	at org.junit.platform.engine.support.hierarchical.SameThreadHierarchicalTestExecutorService$$Lambda$183/1381713434.accept(Unknown Source)
	at java.util.ArrayList.forEach(ArrayList.java:1249)
	at org.junit.platform.engine.support.hierarchical.SameThreadHierarchicalTestExecutorService.invokeAll(SameThreadHierarchicalTestExecutorService.java:38)
	at org.junit.platform.engine.support.hierarchical.NodeTestTask.lambda$executeRecursively$5(NodeTestTask.java:139)
	at org.junit.platform.engine.support.hierarchical.NodeTestTask$$Lambda$179/195615004.execute(Unknown Source)
	at org.junit.platform.engine.support.hierarchical.ThrowableCollector.execute(ThrowableCollector.java:73)
	at org.junit.platform.engine.support.hierarchical.NodeTestTask.lambda$executeRecursively$7(NodeTestTask.java:125)
	at org.junit.platform.engine.support.hierarchical.NodeTestTask$$Lambda$178/1890627974.invoke(Unknown Source)
	at org.junit.platform.engine.support.hierarchical.Node.around(Node.java:135)
	at org.junit.platform.engine.support.hierarchical.NodeTestTask.lambda$executeRecursively$8(NodeTestTask.java:123)
	at org.junit.platform.engine.support.hierarchical.NodeTestTask$$Lambda$177/231977479.execute(Unknown Source)
	at org.junit.platform.engine.support.hierarchical.ThrowableCollector.execute(ThrowableCollector.java:73)
	at org.junit.platform.engine.support.hierarchical.NodeTestTask.executeRecursively(NodeTestTask.java:122)
	at org.junit.platform.engine.support.hierarchical.NodeTestTask.execute(NodeTestTask.java:80)
	at org.junit.platform.engine.support.hierarchical.SameThreadHierarchicalTestExecutorService.submit(SameThreadHierarchicalTestExecutorService.java:32)
	at org.junit.platform.engine.support.hierarchical.HierarchicalTestExecutor.execute(HierarchicalTestExecutor.java:57)
	at org.junit.platform.engine.support.hierarchical.HierarchicalTestEngine.execute(HierarchicalTestEngine.java:51)
	at org.junit.platform.launcher.core.DefaultLauncher.execute(DefaultLauncher.java:248)
	at org.junit.platform.launcher.core.DefaultLauncher.lambda$execute$5(DefaultLauncher.java:211)
	at org.junit.platform.launcher.core.DefaultLauncher$$Lambda$143/233996206.accept(Unknown Source)
	at org.junit.platform.launcher.core.DefaultLauncher.withInterceptedStreams(DefaultLauncher.java:226)
	at org.junit.platform.launcher.core.DefaultLauncher.execute(DefaultLauncher.java:199)
	at org.junit.platform.launcher.core.DefaultLauncher.execute(DefaultLauncher.java:132)
	at org.apache.maven.surefire.junitplatform.JUnitPlatformProvider.invokeAllTests(JUnitPlatformProvider.java:142)
	at org.apache.maven.surefire.junitplatform.JUnitPlatformProvider.invoke(JUnitPlatformProvider.java:113)
	at org.apache.maven.surefire.booter.ForkedBooter.invokeProviderInSameClassLoader(ForkedBooter.java:384)
	at org.apache.maven.surefire.booter.ForkedBooter.runSuitesInProcess(ForkedBooter.java:345)
	at org.apache.maven.surefire.booter.ForkedBooter.execute(ForkedBooter.java:126)
	at org.apache.maven.surefire.booter.ForkedBooter.main(ForkedBooter.java:418)
2021-11-08 11:15:20,737 [myid:] - INFO  [main:FourLetterWordMain@94] - connecting to 127.0.0.1 30119
2021-11-08 11:15:20,737 [myid:1] - WARN  [nioEventLoopGroup-53-12:NettyServerCnxnFactory$CnxnChannelHandler@231] - Zookeeper server is not running, close the connection before starting the TLS handshake
2021-11-08 11:15:21,001 [myid:] - INFO  [main:FourLetterWordMain@94] - connecting to 127.0.0.1 30119
2021-11-08 11:15:21,002 [myid:1] - WARN  [nioEventLoopGroup-53-1:NettyServerCnxnFactory$CnxnChannelHandler@231] - Zookeeper server is not running, close the connection before starting the TLS handshake
2021-11-08 11:15:21,266 [myid:] - INFO  [main:FourLetterWordMain@94] - connecting to 127.0.0.1 30119
2021-11-08 11:15:21,267 [myid:1] - WARN  [nioEventLoopGroup-53-2:NettyServerCnxnFactory$CnxnChannelHandler@231] - Zookeeper server is not running, close the connection before starting the TLS handshake
2021-11-08 11:15:21,531 [myid:] - INFO  [main:FourLetterWordMain@94] - connecting to 127.0.0.1 30119
2021-11-08 11:15:21,531 [myid:1] - WARN  [nioEventLoopGroup-53-3:NettyServerCnxnFactory$CnxnChannelHandler@231] - Zookeeper server is not running, close the connection before starting the TLS handshake
2021-11-08 11:15:21,784 [myid:] - INFO  [main:FourLetterWordMain@94] - connecting to 127.0.0.1 30119
2021-11-08 11:15:21,784 [myid:1] - WARN  [nioEventLoopGroup-53-4:NettyServerCnxnFactory$CnxnChannelHandler@231] - Zookeeper server is not running, close the connection before starting the TLS handshake
2021-11-08 11:15:22,039 [myid:] - INFO  [main:FourLetterWordMain@94] - connecting to 127.0.0.1 30119
2021-11-08 11:15:22,039 [myid:1] - WARN  [nioEventLoopGroup-53-5:NettyServerCnxnFactory$CnxnChannelHandler@231] - Zookeeper server is not running, close the connection before starting the TLS handshake
2021-11-08 11:15:22,290 [myid:] - INFO  [main:FourLetterWordMain@94] - connecting to 127.0.0.1 30119
2021-11-08 11:15:22,290 [myid:1] - WARN  [nioEventLoopGroup-53-6:NettyServerCnxnFactory$CnxnChannelHandler@231] - Zookeeper server is not running, close the connection before starting the TLS handshake
2021-11-08 11:15:22,551 [myid:] - INFO  [main:FourLetterWordMain@94] - connecting to 127.0.0.1 30119
2021-11-08 11:15:22,551 [myid:1] - WARN  [nioEventLoopGroup-53-7:NettyServerCnxnFactory$CnxnChannelHandler@231] - Zookeeper server is not running, close the connection before starting the TLS handshake
2021-11-08 11:15:22,804 [myid:] - INFO  [main:FourLetterWordMain@94] - connecting to 127.0.0.1 30119
2021-11-08 11:15:22,806 [myid:1] - WARN  [nioEventLoopGroup-53-8:NettyServerCnxnFactory$CnxnChannelHandler@231] - Zookeeper server is not running, close the connection before starting the TLS handshake
2021-11-08 11:15:23,072 [myid:] - INFO  [main:FourLetterWordMain@94] - connecting to 127.0.0.1 30119
2021-11-08 11:15:23,074 [myid:1] - WARN  [nioEventLoopGroup-53-9:NettyServerCnxnFactory$CnxnChannelHandler@231] - Zookeeper server is not running, close the connection before starting the TLS handshake
2021-11-08 11:15:23,340 [myid:] - INFO  [main:FourLetterWordMain@94] - connecting to 127.0.0.1 30119
2021-11-08 11:15:23,341 [myid:1] - WARN  [nioEventLoopGroup-53-10:NettyServerCnxnFactory$CnxnChannelHandler@231] - Zookeeper server is not running, close the connection before starting the TLS handshake
2021-11-08 11:15:23,593 [myid:] - INFO  [main:FourLetterWordMain@94] - connecting to 127.0.0.1 30119
2021-11-08 11:15:23,595 [myid:1] - WARN  [nioEventLoopGroup-53-11:NettyServerCnxnFactory$CnxnChannelHandler@231] - Zookeeper server is not running, close the connection before starting the TLS handshake
2021-11-08 11:15:23,858 [myid:] - INFO  [main:FourLetterWordMain@94] - connecting to 127.0.0.1 30119
2021-11-08 11:15:23,858 [myid:1] - WARN  [nioEventLoopGroup-53-12:NettyServerCnxnFactory$CnxnChannelHandler@231] - Zookeeper server is not running, close the connection before starting the TLS handshake
2021-11-08 11:15:24,123 [myid:] - INFO  [main:FourLetterWordMain@94] - connecting to 127.0.0.1 30119
2021-11-08 11:15:24,123 [myid:1] - WARN  [nioEventLoopGroup-53-1:NettyServerCnxnFactory$CnxnChannelHandler@231] - Zookeeper server is not running, close the connection before starting the TLS handshake
2021-11-08 11:15:24,377 [myid:] - INFO  [main:FourLetterWordMain@94] - connecting to 127.0.0.1 30119
2021-11-08 11:15:24,378 [myid:1] - WARN  [nioEventLoopGroup-53-2:NettyServerCnxnFactory$CnxnChannelHandler@231] - Zookeeper server is not running, close the connection before starting the TLS handshake
2021-11-08 11:15:24,393 [myid:] - INFO  [main:ClientBase@267] - server 127.0.0.1:30119 not up
java.net.SocketException: Software caused connection abort: recv failed
	at java.net.SocketInputStream.socketRead0(Native Method)
	at java.net.SocketInputStream.read(SocketInputStream.java:150)
	at java.net.SocketInputStream.read(SocketInputStream.java:121)
	at sun.nio.cs.StreamDecoder.readBytes(StreamDecoder.java:284)
	at sun.nio.cs.StreamDecoder.implRead(StreamDecoder.java:326)
	at sun.nio.cs.StreamDecoder.read(StreamDecoder.java:178)
	at java.io.InputStreamReader.read(InputStreamReader.java:184)
	at java.io.BufferedReader.fill(BufferedReader.java:161)
	at java.io.BufferedReader.readLine(BufferedReader.java:324)
	at java.io.BufferedReader.readLine(BufferedReader.java:389)
	at org.apache.zookeeper.client.FourLetterWordMain.send4LetterWord(FourLetterWordMain.java:129)
	at org.apache.zookeeper.client.FourLetterWordMain.send4LetterWord(FourLetterWordMain.java:74)
	at org.apache.zookeeper.test.ClientBase.waitForServerUp(ClientBase.java:258)
	at org.apache.zookeeper.test.ClientBase.waitForServerUp(ClientBase.java:249)
	at org.apache.zookeeper.server.quorum.QuorumSSLTest.testQuorumSSLWithMultipleAddresses(QuorumSSLTest.java:491)
	at sun.reflect.NativeMethodAccessorImpl.invoke0(Native Method)
	at sun.reflect.NativeMethodAccessorImpl.invoke(NativeMethodAccessorImpl.java:62)
	at sun.reflect.DelegatingMethodAccessorImpl.invoke(DelegatingMethodAccessorImpl.java:43)
	at java.lang.reflect.Method.invoke(Method.java:483)
	at org.junit.platform.commons.util.ReflectionUtils.invokeMethod(ReflectionUtils.java:686)
	at org.junit.jupiter.engine.execution.MethodInvocation.proceed(MethodInvocation.java:60)
	at org.junit.jupiter.engine.execution.InvocationInterceptorChain$ValidatingInvocation.proceed(InvocationInterceptorChain.java:131)
	at org.junit.jupiter.engine.extension.TimeoutInvocation.proceed(TimeoutInvocation.java:46)
	at org.junit.jupiter.engine.extension.TimeoutExtension.intercept(TimeoutExtension.java:149)
	at org.junit.jupiter.engine.extension.TimeoutExtension.interceptTestableMethod(TimeoutExtension.java:140)
	at org.junit.jupiter.engine.extension.TimeoutExtension.interceptTestMethod(TimeoutExtension.java:84)
	at org.junit.jupiter.engine.descriptor.TestMethodTestDescriptor$$Lambda$111/1780132728.apply(Unknown Source)
	at org.junit.jupiter.engine.execution.ExecutableInvoker$ReflectiveInterceptorCall.lambda$ofVoidMethod$0(ExecutableInvoker.java:115)
	at org.junit.jupiter.engine.execution.ExecutableInvoker$ReflectiveInterceptorCall$$Lambda$112/1725017993.apply(Unknown Source)
	at org.junit.jupiter.engine.execution.ExecutableInvoker.lambda$invoke$0(ExecutableInvoker.java:105)
	at org.junit.jupiter.engine.execution.ExecutableInvoker$$Lambda$234/64133603.apply(Unknown Source)
	at org.junit.jupiter.engine.execution.InvocationInterceptorChain$InterceptedInvocation.proceed(InvocationInterceptorChain.java:106)
	at org.junit.jupiter.engine.execution.InvocationInterceptorChain.proceed(InvocationInterceptorChain.java:64)
	at org.junit.jupiter.engine.execution.InvocationInterceptorChain.chainAndInvoke(InvocationInterceptorChain.java:45)
	at org.junit.jupiter.engine.execution.InvocationInterceptorChain.invoke(InvocationInterceptorChain.java:37)
	at org.junit.jupiter.engine.execution.ExecutableInvoker.invoke(ExecutableInvoker.java:104)
	at org.junit.jupiter.engine.execution.ExecutableInvoker.invoke(ExecutableInvoker.java:98)
	at org.junit.jupiter.engine.descriptor.TestMethodTestDescriptor.lambda$invokeTestMethod$6(TestMethodTestDescriptor.java:212)
	at org.junit.jupiter.engine.descriptor.TestMethodTestDescriptor$$Lambda$271/224100622.execute(Unknown Source)
	at org.junit.platform.engine.support.hierarchical.ThrowableCollector.execute(ThrowableCollector.java:73)
	at org.junit.jupiter.engine.descriptor.TestMethodTestDescriptor.invokeTestMethod(TestMethodTestDescriptor.java:208)
	at org.junit.jupiter.engine.descriptor.TestMethodTestDescriptor.execute(TestMethodTestDescriptor.java:137)
	at org.junit.jupiter.engine.descriptor.TestMethodTestDescriptor.execute(TestMethodTestDescriptor.java:71)
	at org.junit.platform.engine.support.hierarchical.NodeTestTask.lambda$executeRecursively$5(NodeTestTask.java:135)
	at org.junit.platform.engine.support.hierarchical.NodeTestTask$$Lambda$179/195615004.execute(Unknown Source)
	at org.junit.platform.engine.support.hierarchical.ThrowableCollector.execute(ThrowableCollector.java:73)
	at org.junit.platform.engine.support.hierarchical.NodeTestTask.lambda$executeRecursively$7(NodeTestTask.java:125)
	at org.junit.platform.engine.support.hierarchical.NodeTestTask$$Lambda$178/1890627974.invoke(Unknown Source)
	at org.junit.platform.engine.support.hierarchical.Node.around(Node.java:135)
	at org.junit.platform.engine.support.hierarchical.NodeTestTask.lambda$executeRecursively$8(NodeTestTask.java:123)
	at org.junit.platform.engine.support.hierarchical.NodeTestTask$$Lambda$177/231977479.execute(Unknown Source)
	at org.junit.platform.engine.support.hierarchical.ThrowableCollector.execute(ThrowableCollector.java:73)
	at org.junit.platform.engine.support.hierarchical.NodeTestTask.executeRecursively(NodeTestTask.java:122)
	at org.junit.platform.engine.support.hierarchical.NodeTestTask.execute(NodeTestTask.java:80)
	at org.junit.platform.engine.support.hierarchical.SameThreadHierarchicalTestExecutorService$$Lambda$183/1381713434.accept(Unknown Source)
	at java.util.ArrayList.forEach(ArrayList.java:1249)
	at org.junit.platform.engine.support.hierarchical.SameThreadHierarchicalTestExecutorService.invokeAll(SameThreadHierarchicalTestExecutorService.java:38)
	at org.junit.platform.engine.support.hierarchical.NodeTestTask.lambda$executeRecursively$5(NodeTestTask.java:139)
	at org.junit.platform.engine.support.hierarchical.NodeTestTask$$Lambda$179/195615004.execute(Unknown Source)
	at org.junit.platform.engine.support.hierarchical.ThrowableCollector.execute(ThrowableCollector.java:73)
	at org.junit.platform.engine.support.hierarchical.NodeTestTask.lambda$executeRecursively$7(NodeTestTask.java:125)
	at org.junit.platform.engine.support.hierarchical.NodeTestTask$$Lambda$178/1890627974.invoke(Unknown Source)
	at org.junit.platform.engine.support.hierarchical.Node.around(Node.java:135)
	at org.junit.platform.engine.support.hierarchical.NodeTestTask.lambda$executeRecursively$8(NodeTestTask.java:123)
	at org.junit.platform.engine.support.hierarchical.NodeTestTask$$Lambda$177/231977479.execute(Unknown Source)
	at org.junit.platform.engine.support.hierarchical.ThrowableCollector.execute(ThrowableCollector.java:73)
	at org.junit.platform.engine.support.hierarchical.NodeTestTask.executeRecursively(NodeTestTask.java:122)
	at org.junit.platform.engine.support.hierarchical.NodeTestTask.execute(NodeTestTask.java:80)
	at org.junit.platform.engine.support.hierarchical.SameThreadHierarchicalTestExecutorService$$Lambda$183/1381713434.accept(Unknown Source)
	at java.util.ArrayList.forEach(ArrayList.java:1249)
	at org.junit.platform.engine.support.hierarchical.SameThreadHierarchicalTestExecutorService.invokeAll(SameThreadHierarchicalTestExecutorService.java:38)
	at org.junit.platform.engine.support.hierarchical.NodeTestTask.lambda$executeRecursively$5(NodeTestTask.java:139)
	at org.junit.platform.engine.support.hierarchical.NodeTestTask$$Lambda$179/195615004.execute(Unknown Source)
	at org.junit.platform.engine.support.hierarchical.ThrowableCollector.execute(ThrowableCollector.java:73)
	at org.junit.platform.engine.support.hierarchical.NodeTestTask.lambda$executeRecursively$7(NodeTestTask.java:125)
	at org.junit.platform.engine.support.hierarchical.NodeTestTask$$Lambda$178/1890627974.invoke(Unknown Source)
	at org.junit.platform.engine.support.hierarchical.Node.around(Node.java:135)
	at org.junit.platform.engine.support.hierarchical.NodeTestTask.lambda$executeRecursively$8(NodeTestTask.java:123)
	at org.junit.platform.engine.support.hierarchical.NodeTestTask$$Lambda$177/231977479.execute(Unknown Source)
	at org.junit.platform.engine.support.hierarchical.ThrowableCollector.execute(ThrowableCollector.java:73)
	at org.junit.platform.engine.support.hierarchical.NodeTestTask.executeRecursively(NodeTestTask.java:122)
	at org.junit.platform.engine.support.hierarchical.NodeTestTask.execute(NodeTestTask.java:80)
	at org.junit.platform.engine.support.hierarchical.SameThreadHierarchicalTestExecutorService.submit(SameThreadHierarchicalTestExecutorService.java:32)
	at org.junit.platform.engine.support.hierarchical.HierarchicalTestExecutor.execute(HierarchicalTestExecutor.java:57)
	at org.junit.platform.engine.support.hierarchical.HierarchicalTestEngine.execute(HierarchicalTestEngine.java:51)
	at org.junit.platform.launcher.core.DefaultLauncher.execute(DefaultLauncher.java:248)
	at org.junit.platform.launcher.core.DefaultLauncher.lambda$execute$5(DefaultLauncher.java:211)
	at org.junit.platform.launcher.core.DefaultLauncher$$Lambda$143/233996206.accept(Unknown Source)
	at org.junit.platform.launcher.core.DefaultLauncher.withInterceptedStreams(DefaultLauncher.java:226)
	at org.junit.platform.launcher.core.DefaultLauncher.execute(DefaultLauncher.java:199)
	at org.junit.platform.launcher.core.DefaultLauncher.execute(DefaultLauncher.java:132)
	at org.apache.maven.surefire.junitplatform.JUnitPlatformProvider.invokeAllTests(JUnitPlatformProvider.java:142)
	at org.apache.maven.surefire.junitplatform.JUnitPlatformProvider.invoke(JUnitPlatformProvider.java:113)
	at org.apache.maven.surefire.booter.ForkedBooter.invokeProviderInSameClassLoader(ForkedBooter.java:384)
	at org.apache.maven.surefire.booter.ForkedBooter.runSuitesInProcess(ForkedBooter.java:345)
	at org.apache.maven.surefire.booter.ForkedBooter.execute(ForkedBooter.java:126)
	at org.apache.maven.surefire.booter.ForkedBooter.main(ForkedBooter.java:418)
2021-11-08 11:15:24,644 [myid:] - INFO  [main:FourLetterWordMain@94] - connecting to 127.0.0.1 30119
2021-11-08 11:15:24,645 [myid:1] - WARN  [nioEventLoopGroup-53-3:NettyServerCnxnFactory$CnxnChannelHandler@231] - Zookeeper server is not running, close the connection before starting the TLS handshake
2021-11-08 11:15:24,908 [myid:] - INFO  [main:FourLetterWordMain@94] - connecting to 127.0.0.1 30119
2021-11-08 11:15:24,910 [myid:1] - WARN  [nioEventLoopGroup-53-4:NettyServerCnxnFactory$CnxnChannelHandler@231] - Zookeeper server is not running, close the connection before starting the TLS handshake
2021-11-08 11:15:25,174 [myid:] - INFO  [main:FourLetterWordMain@94] - connecting to 127.0.0.1 30119
2021-11-08 11:15:25,175 [myid:1] - WARN  [nioEventLoopGroup-53-5:NettyServerCnxnFactory$CnxnChannelHandler@231] - Zookeeper server is not running, close the connection before starting the TLS handshake
2021-11-08 11:15:25,429 [myid:] - INFO  [main:FourLetterWordMain@94] - connecting to 127.0.0.1 30119
2021-11-08 11:15:25,429 [myid:1] - WARN  [nioEventLoopGroup-53-6:NettyServerCnxnFactory$CnxnChannelHandler@231] - Zookeeper server is not running, close the connection before starting the TLS handshake
2021-11-08 11:15:25,684 [myid:] - INFO  [main:FourLetterWordMain@94] - connecting to 127.0.0.1 30119
2021-11-08 11:15:25,684 [myid:1] - WARN  [nioEventLoopGroup-53-7:NettyServerCnxnFactory$CnxnChannelHandler@231] - Zookeeper server is not running, close the connection before starting the TLS handshake
2021-11-08 11:15:25,949 [myid:] - INFO  [main:FourLetterWordMain@94] - connecting to 127.0.0.1 30119
2021-11-08 11:15:25,949 [myid:1] - WARN  [nioEventLoopGroup-53-8:NettyServerCnxnFactory$CnxnChannelHandler@231] - Zookeeper server is not running, close the connection before starting the TLS handshake
2021-11-08 11:15:26,216 [myid:] - INFO  [main:FourLetterWordMain@94] - connecting to 127.0.0.1 30119
2021-11-08 11:15:26,216 [myid:1] - WARN  [nioEventLoopGroup-53-9:NettyServerCnxnFactory$CnxnChannelHandler@231] - Zookeeper server is not running, close the connection before starting the TLS handshake
2021-11-08 11:15:26,232 [myid:] - INFO  [main:ClientBase@267] - server 127.0.0.1:30119 not up
java.net.SocketException: Software caused connection abort: recv failed
	at java.net.SocketInputStream.socketRead0(Native Method)
	at java.net.SocketInputStream.read(SocketInputStream.java:150)
	at java.net.SocketInputStream.read(SocketInputStream.java:121)
	at sun.nio.cs.StreamDecoder.readBytes(StreamDecoder.java:284)
	at sun.nio.cs.StreamDecoder.implRead(StreamDecoder.java:326)
	at sun.nio.cs.StreamDecoder.read(StreamDecoder.java:178)
	at java.io.InputStreamReader.read(InputStreamReader.java:184)
	at java.io.BufferedReader.fill(BufferedReader.java:161)
	at java.io.BufferedReader.readLine(BufferedReader.java:324)
	at java.io.BufferedReader.readLine(BufferedReader.java:389)
	at org.apache.zookeeper.client.FourLetterWordMain.send4LetterWord(FourLetterWordMain.java:129)
	at org.apache.zookeeper.client.FourLetterWordMain.send4LetterWord(FourLetterWordMain.java:74)
	at org.apache.zookeeper.test.ClientBase.waitForServerUp(ClientBase.java:258)
	at org.apache.zookeeper.test.ClientBase.waitForServerUp(ClientBase.java:249)
	at org.apache.zookeeper.server.quorum.QuorumSSLTest.testQuorumSSLWithMultipleAddresses(QuorumSSLTest.java:491)
	at sun.reflect.NativeMethodAccessorImpl.invoke0(Native Method)
	at sun.reflect.NativeMethodAccessorImpl.invoke(NativeMethodAccessorImpl.java:62)
	at sun.reflect.DelegatingMethodAccessorImpl.invoke(DelegatingMethodAccessorImpl.java:43)
	at java.lang.reflect.Method.invoke(Method.java:483)
	at org.junit.platform.commons.util.ReflectionUtils.invokeMethod(ReflectionUtils.java:686)
	at org.junit.jupiter.engine.execution.MethodInvocation.proceed(MethodInvocation.java:60)
	at org.junit.jupiter.engine.execution.InvocationInterceptorChain$ValidatingInvocation.proceed(InvocationInterceptorChain.java:131)
	at org.junit.jupiter.engine.extension.TimeoutInvocation.proceed(TimeoutInvocation.java:46)
	at org.junit.jupiter.engine.extension.TimeoutExtension.intercept(TimeoutExtension.java:149)
	at org.junit.jupiter.engine.extension.TimeoutExtension.interceptTestableMethod(TimeoutExtension.java:140)
	at org.junit.jupiter.engine.extension.TimeoutExtension.interceptTestMethod(TimeoutExtension.java:84)
	at org.junit.jupiter.engine.descriptor.TestMethodTestDescriptor$$Lambda$111/1780132728.apply(Unknown Source)
	at org.junit.jupiter.engine.execution.ExecutableInvoker$ReflectiveInterceptorCall.lambda$ofVoidMethod$0(ExecutableInvoker.java:115)
	at org.junit.jupiter.engine.execution.ExecutableInvoker$ReflectiveInterceptorCall$$Lambda$112/1725017993.apply(Unknown Source)
	at org.junit.jupiter.engine.execution.ExecutableInvoker.lambda$invoke$0(ExecutableInvoker.java:105)
	at org.junit.jupiter.engine.execution.ExecutableInvoker$$Lambda$234/64133603.apply(Unknown Source)
	at org.junit.jupiter.engine.execution.InvocationInterceptorChain$InterceptedInvocation.proceed(InvocationInterceptorChain.java:106)
	at org.junit.jupiter.engine.execution.InvocationInterceptorChain.proceed(InvocationInterceptorChain.java:64)
	at org.junit.jupiter.engine.execution.InvocationInterceptorChain.chainAndInvoke(InvocationInterceptorChain.java:45)
	at org.junit.jupiter.engine.execution.InvocationInterceptorChain.invoke(InvocationInterceptorChain.java:37)
	at org.junit.jupiter.engine.execution.ExecutableInvoker.invoke(ExecutableInvoker.java:104)
	at org.junit.jupiter.engine.execution.ExecutableInvoker.invoke(ExecutableInvoker.java:98)
	at org.junit.jupiter.engine.descriptor.TestMethodTestDescriptor.lambda$invokeTestMethod$6(TestMethodTestDescriptor.java:212)
	at org.junit.jupiter.engine.descriptor.TestMethodTestDescriptor$$Lambda$271/224100622.execute(Unknown Source)
	at org.junit.platform.engine.support.hierarchical.ThrowableCollector.execute(ThrowableCollector.java:73)
	at org.junit.jupiter.engine.descriptor.TestMethodTestDescriptor.invokeTestMethod(TestMethodTestDescriptor.java:208)
	at org.junit.jupiter.engine.descriptor.TestMethodTestDescriptor.execute(TestMethodTestDescriptor.java:137)
	at org.junit.jupiter.engine.descriptor.TestMethodTestDescriptor.execute(TestMethodTestDescriptor.java:71)
	at org.junit.platform.engine.support.hierarchical.NodeTestTask.lambda$executeRecursively$5(NodeTestTask.java:135)
	at org.junit.platform.engine.support.hierarchical.NodeTestTask$$Lambda$179/195615004.execute(Unknown Source)
	at org.junit.platform.engine.support.hierarchical.ThrowableCollector.execute(ThrowableCollector.java:73)
	at org.junit.platform.engine.support.hierarchical.NodeTestTask.lambda$executeRecursively$7(NodeTestTask.java:125)
	at org.junit.platform.engine.support.hierarchical.NodeTestTask$$Lambda$178/1890627974.invoke(Unknown Source)
	at org.junit.platform.engine.support.hierarchical.Node.around(Node.java:135)
	at org.junit.platform.engine.support.hierarchical.NodeTestTask.lambda$executeRecursively$8(NodeTestTask.java:123)
	at org.junit.platform.engine.support.hierarchical.NodeTestTask$$Lambda$177/231977479.execute(Unknown Source)
	at org.junit.platform.engine.support.hierarchical.ThrowableCollector.execute(ThrowableCollector.java:73)
	at org.junit.platform.engine.support.hierarchical.NodeTestTask.executeRecursively(NodeTestTask.java:122)
	at org.junit.platform.engine.support.hierarchical.NodeTestTask.execute(NodeTestTask.java:80)
	at org.junit.platform.engine.support.hierarchical.SameThreadHierarchicalTestExecutorService$$Lambda$183/1381713434.accept(Unknown Source)
	at java.util.ArrayList.forEach(ArrayList.java:1249)
	at org.junit.platform.engine.support.hierarchical.SameThreadHierarchicalTestExecutorService.invokeAll(SameThreadHierarchicalTestExecutorService.java:38)
	at org.junit.platform.engine.support.hierarchical.NodeTestTask.lambda$executeRecursively$5(NodeTestTask.java:139)
	at org.junit.platform.engine.support.hierarchical.NodeTestTask$$Lambda$179/195615004.execute(Unknown Source)
	at org.junit.platform.engine.support.hierarchical.ThrowableCollector.execute(ThrowableCollector.java:73)
	at org.junit.platform.engine.support.hierarchical.NodeTestTask.lambda$executeRecursively$7(NodeTestTask.java:125)
	at org.junit.platform.engine.support.hierarchical.NodeTestTask$$Lambda$178/1890627974.invoke(Unknown Source)
	at org.junit.platform.engine.support.hierarchical.Node.around(Node.java:135)
	at org.junit.platform.engine.support.hierarchical.NodeTestTask.lambda$executeRecursively$8(NodeTestTask.java:123)
	at org.junit.platform.engine.support.hierarchical.NodeTestTask$$Lambda$177/231977479.execute(Unknown Source)
	at org.junit.platform.engine.support.hierarchical.ThrowableCollector.execute(ThrowableCollector.java:73)
	at org.junit.platform.engine.support.hierarchical.NodeTestTask.executeRecursively(NodeTestTask.java:122)
	at org.junit.platform.engine.support.hierarchical.NodeTestTask.execute(NodeTestTask.java:80)
	at org.junit.platform.engine.support.hierarchical.SameThreadHierarchicalTestExecutorService$$Lambda$183/1381713434.accept(Unknown Source)
	at java.util.ArrayList.forEach(ArrayList.java:1249)
	at org.junit.platform.engine.support.hierarchical.SameThreadHierarchicalTestExecutorService.invokeAll(SameThreadHierarchicalTestExecutorService.java:38)
	at org.junit.platform.engine.support.hierarchical.NodeTestTask.lambda$executeRecursively$5(NodeTestTask.java:139)
	at org.junit.platform.engine.support.hierarchical.NodeTestTask$$Lambda$179/195615004.execute(Unknown Source)
	at org.junit.platform.engine.support.hierarchical.ThrowableCollector.execute(ThrowableCollector.java:73)
	at org.junit.platform.engine.support.hierarchical.NodeTestTask.lambda$executeRecursively$7(NodeTestTask.java:125)
	at org.junit.platform.engine.support.hierarchical.NodeTestTask$$Lambda$178/1890627974.invoke(Unknown Source)
	at org.junit.platform.engine.support.hierarchical.Node.around(Node.java:135)
	at org.junit.platform.engine.support.hierarchical.NodeTestTask.lambda$executeRecursively$8(NodeTestTask.java:123)
	at org.junit.platform.engine.support.hierarchical.NodeTestTask$$Lambda$177/231977479.execute(Unknown Source)
	at org.junit.platform.engine.support.hierarchical.ThrowableCollector.execute(ThrowableCollector.java:73)
	at org.junit.platform.engine.support.hierarchical.NodeTestTask.executeRecursively(NodeTestTask.java:122)
	at org.junit.platform.engine.support.hierarchical.NodeTestTask.execute(NodeTestTask.java:80)
	at org.junit.platform.engine.support.hierarchical.SameThreadHierarchicalTestExecutorService.submit(SameThreadHierarchicalTestExecutorService.java:32)
	at org.junit.platform.engine.support.hierarchical.HierarchicalTestExecutor.execute(HierarchicalTestExecutor.java:57)
	at org.junit.platform.engine.support.hierarchical.HierarchicalTestEngine.execute(HierarchicalTestEngine.java:51)
	at org.junit.platform.launcher.core.DefaultLauncher.execute(DefaultLauncher.java:248)
	at org.junit.platform.launcher.core.DefaultLauncher.lambda$execute$5(DefaultLauncher.java:211)
	at org.junit.platform.launcher.core.DefaultLauncher$$Lambda$143/233996206.accept(Unknown Source)
	at org.junit.platform.launcher.core.DefaultLauncher.withInterceptedStreams(DefaultLauncher.java:226)
	at org.junit.platform.launcher.core.DefaultLauncher.execute(DefaultLauncher.java:199)
	at org.junit.platform.launcher.core.DefaultLauncher.execute(DefaultLauncher.java:132)
	at org.apache.maven.surefire.junitplatform.JUnitPlatformProvider.invokeAllTests(JUnitPlatformProvider.java:142)
	at org.apache.maven.surefire.junitplatform.JUnitPlatformProvider.invoke(JUnitPlatformProvider.java:113)
	at org.apache.maven.surefire.booter.ForkedBooter.invokeProviderInSameClassLoader(ForkedBooter.java:384)
	at org.apache.maven.surefire.booter.ForkedBooter.runSuitesInProcess(ForkedBooter.java:345)
	at org.apache.maven.surefire.booter.ForkedBooter.execute(ForkedBooter.java:126)
	at org.apache.maven.surefire.booter.ForkedBooter.main(ForkedBooter.java:418)
2021-11-08 11:15:26,508 [myid:] - INFO  [main:FourLetterWordMain@94] - connecting to 127.0.0.1 30119
2021-11-08 11:15:26,509 [myid:1] - WARN  [nioEventLoopGroup-53-10:NettyServerCnxnFactory$CnxnChannelHandler@231] - Zookeeper server is not running, close the connection before starting the TLS handshake
2021-11-08 11:15:26,764 [myid:] - INFO  [main:FourLetterWordMain@94] - connecting to 127.0.0.1 30119
2021-11-08 11:15:26,764 [myid:1] - WARN  [nioEventLoopGroup-53-11:NettyServerCnxnFactory$CnxnChannelHandler@231] - Zookeeper server is not running, close the connection before starting the TLS handshake
2021-11-08 11:15:27,027 [myid:] - INFO  [main:FourLetterWordMain@94] - connecting to 127.0.0.1 30119
2021-11-08 11:15:27,027 [myid:1] - WARN  [nioEventLoopGroup-53-12:NettyServerCnxnFactory$CnxnChannelHandler@231] - Zookeeper server is not running, close the connection before starting the TLS handshake
2021-11-08 11:15:27,043 [myid:] - INFO  [main:ClientBase@267] - server 127.0.0.1:30119 not up
java.net.SocketException: Software caused connection abort: recv failed
	at java.net.SocketInputStream.socketRead0(Native Method)
	at java.net.SocketInputStream.read(SocketInputStream.java:150)
	at java.net.SocketInputStream.read(SocketInputStream.java:121)
	at sun.nio.cs.StreamDecoder.readBytes(StreamDecoder.java:284)
	at sun.nio.cs.StreamDecoder.implRead(StreamDecoder.java:326)
	at sun.nio.cs.StreamDecoder.read(StreamDecoder.java:178)
	at java.io.InputStreamReader.read(InputStreamReader.java:184)
	at java.io.BufferedReader.fill(BufferedReader.java:161)
	at java.io.BufferedReader.readLine(BufferedReader.java:324)
	at java.io.BufferedReader.readLine(BufferedReader.java:389)
	at org.apache.zookeeper.client.FourLetterWordMain.send4LetterWord(FourLetterWordMain.java:129)
	at org.apache.zookeeper.client.FourLetterWordMain.send4LetterWord(FourLetterWordMain.java:74)
	at org.apache.zookeeper.test.ClientBase.waitForServerUp(ClientBase.java:258)
	at org.apache.zookeeper.test.ClientBase.waitForServerUp(ClientBase.java:249)
	at org.apache.zookeeper.server.quorum.QuorumSSLTest.testQuorumSSLWithMultipleAddresses(QuorumSSLTest.java:491)
	at sun.reflect.NativeMethodAccessorImpl.invoke0(Native Method)
	at sun.reflect.NativeMethodAccessorImpl.invoke(NativeMethodAccessorImpl.java:62)
	at sun.reflect.DelegatingMethodAccessorImpl.invoke(DelegatingMethodAccessorImpl.java:43)
	at java.lang.reflect.Method.invoke(Method.java:483)
	at org.junit.platform.commons.util.ReflectionUtils.invokeMethod(ReflectionUtils.java:686)
	at org.junit.jupiter.engine.execution.MethodInvocation.proceed(MethodInvocation.java:60)
	at org.junit.jupiter.engine.execution.InvocationInterceptorChain$ValidatingInvocation.proceed(InvocationInterceptorChain.java:131)
	at org.junit.jupiter.engine.extension.TimeoutInvocation.proceed(TimeoutInvocation.java:46)
	at org.junit.jupiter.engine.extension.TimeoutExtension.intercept(TimeoutExtension.java:149)
	at org.junit.jupiter.engine.extension.TimeoutExtension.interceptTestableMethod(TimeoutExtension.java:140)
	at org.junit.jupiter.engine.extension.TimeoutExtension.interceptTestMethod(TimeoutExtension.java:84)
	at org.junit.jupiter.engine.descriptor.TestMethodTestDescriptor$$Lambda$111/1780132728.apply(Unknown Source)
	at org.junit.jupiter.engine.execution.ExecutableInvoker$ReflectiveInterceptorCall.lambda$ofVoidMethod$0(ExecutableInvoker.java:115)
	at org.junit.jupiter.engine.execution.ExecutableInvoker$ReflectiveInterceptorCall$$Lambda$112/1725017993.apply(Unknown Source)
	at org.junit.jupiter.engine.execution.ExecutableInvoker.lambda$invoke$0(ExecutableInvoker.java:105)
	at org.junit.jupiter.engine.execution.ExecutableInvoker$$Lambda$234/64133603.apply(Unknown Source)
	at org.junit.jupiter.engine.execution.InvocationInterceptorChain$InterceptedInvocation.proceed(InvocationInterceptorChain.java:106)
	at org.junit.jupiter.engine.execution.InvocationInterceptorChain.proceed(InvocationInterceptorChain.java:64)
	at org.junit.jupiter.engine.execution.InvocationInterceptorChain.chainAndInvoke(InvocationInterceptorChain.java:45)
	at org.junit.jupiter.engine.execution.InvocationInterceptorChain.invoke(InvocationInterceptorChain.java:37)
	at org.junit.jupiter.engine.execution.ExecutableInvoker.invoke(ExecutableInvoker.java:104)
	at org.junit.jupiter.engine.execution.ExecutableInvoker.invoke(ExecutableInvoker.java:98)
	at org.junit.jupiter.engine.descriptor.TestMethodTestDescriptor.lambda$invokeTestMethod$6(TestMethodTestDescriptor.java:212)
	at org.junit.jupiter.engine.descriptor.TestMethodTestDescriptor$$Lambda$271/224100622.execute(Unknown Source)
	at org.junit.platform.engine.support.hierarchical.ThrowableCollector.execute(ThrowableCollector.java:73)
	at org.junit.jupiter.engine.descriptor.TestMethodTestDescriptor.invokeTestMethod(TestMethodTestDescriptor.java:208)
	at org.junit.jupiter.engine.descriptor.TestMethodTestDescriptor.execute(TestMethodTestDescriptor.java:137)
	at org.junit.jupiter.engine.descriptor.TestMethodTestDescriptor.execute(TestMethodTestDescriptor.java:71)
	at org.junit.platform.engine.support.hierarchical.NodeTestTask.lambda$executeRecursively$5(NodeTestTask.java:135)
	at org.junit.platform.engine.support.hierarchical.NodeTestTask$$Lambda$179/195615004.execute(Unknown Source)
	at org.junit.platform.engine.support.hierarchical.ThrowableCollector.execute(ThrowableCollector.java:73)
	at org.junit.platform.engine.support.hierarchical.NodeTestTask.lambda$executeRecursively$7(NodeTestTask.java:125)
	at org.junit.platform.engine.support.hierarchical.NodeTestTask$$Lambda$178/1890627974.invoke(Unknown Source)
	at org.junit.platform.engine.support.hierarchical.Node.around(Node.java:135)
	at org.junit.platform.engine.support.hierarchical.NodeTestTask.lambda$executeRecursively$8(NodeTestTask.java:123)
	at org.junit.platform.engine.support.hierarchical.NodeTestTask$$Lambda$177/231977479.execute(Unknown Source)
	at org.junit.platform.engine.support.hierarchical.ThrowableCollector.execute(ThrowableCollector.java:73)
	at org.junit.platform.engine.support.hierarchical.NodeTestTask.executeRecursively(NodeTestTask.java:122)
	at org.junit.platform.engine.support.hierarchical.NodeTestTask.execute(NodeTestTask.java:80)
	at org.junit.platform.engine.support.hierarchical.SameThreadHierarchicalTestExecutorService$$Lambda$183/1381713434.accept(Unknown Source)
	at java.util.ArrayList.forEach(ArrayList.java:1249)
	at org.junit.platform.engine.support.hierarchical.SameThreadHierarchicalTestExecutorService.invokeAll(SameThreadHierarchicalTestExecutorService.java:38)
	at org.junit.platform.engine.support.hierarchical.NodeTestTask.lambda$executeRecursively$5(NodeTestTask.java:139)
	at org.junit.platform.engine.support.hierarchical.NodeTestTask$$Lambda$179/195615004.execute(Unknown Source)
	at org.junit.platform.engine.support.hierarchical.ThrowableCollector.execute(ThrowableCollector.java:73)
	at org.junit.platform.engine.support.hierarchical.NodeTestTask.lambda$executeRecursively$7(NodeTestTask.java:125)
	at org.junit.platform.engine.support.hierarchical.NodeTestTask$$Lambda$178/1890627974.invoke(Unknown Source)
	at org.junit.platform.engine.support.hierarchical.Node.around(Node.java:135)
	at org.junit.platform.engine.support.hierarchical.NodeTestTask.lambda$executeRecursively$8(NodeTestTask.java:123)
	at org.junit.platform.engine.support.hierarchical.NodeTestTask$$Lambda$177/231977479.execute(Unknown Source)
	at org.junit.platform.engine.support.hierarchical.ThrowableCollector.execute(ThrowableCollector.java:73)
	at org.junit.platform.engine.support.hierarchical.NodeTestTask.executeRecursively(NodeTestTask.java:122)
	at org.junit.platform.engine.support.hierarchical.NodeTestTask.execute(NodeTestTask.java:80)
	at org.junit.platform.engine.support.hierarchical.SameThreadHierarchicalTestExecutorService$$Lambda$183/1381713434.accept(Unknown Source)
	at java.util.ArrayList.forEach(ArrayList.java:1249)
	at org.junit.platform.engine.support.hierarchical.SameThreadHierarchicalTestExecutorService.invokeAll(SameThreadHierarchicalTestExecutorService.java:38)
	at org.junit.platform.engine.support.hierarchical.NodeTestTask.lambda$executeRecursively$5(NodeTestTask.java:139)
	at org.junit.platform.engine.support.hierarchical.NodeTestTask$$Lambda$179/195615004.execute(Unknown Source)
	at org.junit.platform.engine.support.hierarchical.ThrowableCollector.execute(ThrowableCollector.java:73)
	at org.junit.platform.engine.support.hierarchical.NodeTestTask.lambda$executeRecursively$7(NodeTestTask.java:125)
	at org.junit.platform.engine.support.hierarchical.NodeTestTask$$Lambda$178/1890627974.invoke(Unknown Source)
	at org.junit.platform.engine.support.hierarchical.Node.around(Node.java:135)
	at org.junit.platform.engine.support.hierarchical.NodeTestTask.lambda$executeRecursively$8(NodeTestTask.java:123)
	at org.junit.platform.engine.support.hierarchical.NodeTestTask$$Lambda$177/231977479.execute(Unknown Source)
	at org.junit.platform.engine.support.hierarchical.ThrowableCollector.execute(ThrowableCollector.java:73)
	at org.junit.platform.engine.support.hierarchical.NodeTestTask.executeRecursively(NodeTestTask.java:122)
	at org.junit.platform.engine.support.hierarchical.NodeTestTask.execute(NodeTestTask.java:80)
	at org.junit.platform.engine.support.hierarchical.SameThreadHierarchicalTestExecutorService.submit(SameThreadHierarchicalTestExecutorService.java:32)
	at org.junit.platform.engine.support.hierarchical.HierarchicalTestExecutor.execute(HierarchicalTestExecutor.java:57)
	at org.junit.platform.engine.support.hierarchical.HierarchicalTestEngine.execute(HierarchicalTestEngine.java:51)
	at org.junit.platform.launcher.core.DefaultLauncher.execute(DefaultLauncher.java:248)
	at org.junit.platform.launcher.core.DefaultLauncher.lambda$execute$5(DefaultLauncher.java:211)
	at org.junit.platform.launcher.core.DefaultLauncher$$Lambda$143/233996206.accept(Unknown Source)
	at org.junit.platform.launcher.core.DefaultLauncher.withInterceptedStreams(DefaultLauncher.java:226)
	at org.junit.platform.launcher.core.DefaultLauncher.execute(DefaultLauncher.java:199)
	at org.junit.platform.launcher.core.DefaultLauncher.execute(DefaultLauncher.java:132)
	at org.apache.maven.surefire.junitplatform.JUnitPlatformProvider.invokeAllTests(JUnitPlatformProvider.java:142)
	at org.apache.maven.surefire.junitplatform.JUnitPlatformProvider.invoke(JUnitPlatformProvider.java:113)
	at org.apache.maven.surefire.booter.ForkedBooter.invokeProviderInSameClassLoader(ForkedBooter.java:384)
	at org.apache.maven.surefire.booter.ForkedBooter.runSuitesInProcess(ForkedBooter.java:345)
	at org.apache.maven.surefire.booter.ForkedBooter.execute(ForkedBooter.java:126)
	at org.apache.maven.surefire.booter.ForkedBooter.main(ForkedBooter.java:418)
2021-11-08 11:15:27,308 [myid:] - INFO  [main:FourLetterWordMain@94] - connecting to 127.0.0.1 30119
2021-11-08 11:15:27,309 [myid:1] - WARN  [nioEventLoopGroup-53-1:NettyServerCnxnFactory$CnxnChannelHandler@231] - Zookeeper server is not running, close the connection before starting the TLS handshake
2021-11-08 11:15:27,574 [myid:] - INFO  [main:FourLetterWordMain@94] - connecting to 127.0.0.1 30119
2021-11-08 11:15:27,575 [myid:1] - WARN  [nioEventLoopGroup-53-2:NettyServerCnxnFactory$CnxnChannelHandler@231] - Zookeeper server is not running, close the connection before starting the TLS handshake
2021-11-08 11:15:27,826 [myid:] - INFO  [main:FourLetterWordMain@94] - connecting to 127.0.0.1 30119
2021-11-08 11:15:27,826 [myid:1] - WARN  [nioEventLoopGroup-53-3:NettyServerCnxnFactory$CnxnChannelHandler@231] - Zookeeper server is not running, close the connection before starting the TLS handshake
2021-11-08 11:15:27,841 [myid:] - INFO  [main:ClientBase@267] - server 127.0.0.1:30119 not up
java.net.SocketException: Software caused connection abort: recv failed
	at java.net.SocketInputStream.socketRead0(Native Method)
	at java.net.SocketInputStream.read(SocketInputStream.java:150)
	at java.net.SocketInputStream.read(SocketInputStream.java:121)
	at sun.nio.cs.StreamDecoder.readBytes(StreamDecoder.java:284)
	at sun.nio.cs.StreamDecoder.implRead(StreamDecoder.java:326)
	at sun.nio.cs.StreamDecoder.read(StreamDecoder.java:178)
	at java.io.InputStreamReader.read(InputStreamReader.java:184)
	at java.io.BufferedReader.fill(BufferedReader.java:161)
	at java.io.BufferedReader.readLine(BufferedReader.java:324)
	at java.io.BufferedReader.readLine(BufferedReader.java:389)
	at org.apache.zookeeper.client.FourLetterWordMain.send4LetterWord(FourLetterWordMain.java:129)
	at org.apache.zookeeper.client.FourLetterWordMain.send4LetterWord(FourLetterWordMain.java:74)
	at org.apache.zookeeper.test.ClientBase.waitForServerUp(ClientBase.java:258)
	at org.apache.zookeeper.test.ClientBase.waitForServerUp(ClientBase.java:249)
	at org.apache.zookeeper.server.quorum.QuorumSSLTest.testQuorumSSLWithMultipleAddresses(QuorumSSLTest.java:491)
	at sun.reflect.NativeMethodAccessorImpl.invoke0(Native Method)
	at sun.reflect.NativeMethodAccessorImpl.invoke(NativeMethodAccessorImpl.java:62)
	at sun.reflect.DelegatingMethodAccessorImpl.invoke(DelegatingMethodAccessorImpl.java:43)
	at java.lang.reflect.Method.invoke(Method.java:483)
	at org.junit.platform.commons.util.ReflectionUtils.invokeMethod(ReflectionUtils.java:686)
	at org.junit.jupiter.engine.execution.MethodInvocation.proceed(MethodInvocation.java:60)
	at org.junit.jupiter.engine.execution.InvocationInterceptorChain$ValidatingInvocation.proceed(InvocationInterceptorChain.java:131)
	at org.junit.jupiter.engine.extension.TimeoutInvocation.proceed(TimeoutInvocation.java:46)
	at org.junit.jupiter.engine.extension.TimeoutExtension.intercept(TimeoutExtension.java:149)
	at org.junit.jupiter.engine.extension.TimeoutExtension.interceptTestableMethod(TimeoutExtension.java:140)
	at org.junit.jupiter.engine.extension.TimeoutExtension.interceptTestMethod(TimeoutExtension.java:84)
	at org.junit.jupiter.engine.descriptor.TestMethodTestDescriptor$$Lambda$111/1780132728.apply(Unknown Source)
	at org.junit.jupiter.engine.execution.ExecutableInvoker$ReflectiveInterceptorCall.lambda$ofVoidMethod$0(ExecutableInvoker.java:115)
	at org.junit.jupiter.engine.execution.ExecutableInvoker$ReflectiveInterceptorCall$$Lambda$112/1725017993.apply(Unknown Source)
	at org.junit.jupiter.engine.execution.ExecutableInvoker.lambda$invoke$0(ExecutableInvoker.java:105)
	at org.junit.jupiter.engine.execution.ExecutableInvoker$$Lambda$234/64133603.apply(Unknown Source)
	at org.junit.jupiter.engine.execution.InvocationInterceptorChain$InterceptedInvocation.proceed(InvocationInterceptorChain.java:106)
	at org.junit.jupiter.engine.execution.InvocationInterceptorChain.proceed(InvocationInterceptorChain.java:64)
	at org.junit.jupiter.engine.execution.InvocationInterceptorChain.chainAndInvoke(InvocationInterceptorChain.java:45)
	at org.junit.jupiter.engine.execution.InvocationInterceptorChain.invoke(InvocationInterceptorChain.java:37)
	at org.junit.jupiter.engine.execution.ExecutableInvoker.invoke(ExecutableInvoker.java:104)
	at org.junit.jupiter.engine.execution.ExecutableInvoker.invoke(ExecutableInvoker.java:98)
	at org.junit.jupiter.engine.descriptor.TestMethodTestDescriptor.lambda$invokeTestMethod$6(TestMethodTestDescriptor.java:212)
	at org.junit.jupiter.engine.descriptor.TestMethodTestDescriptor$$Lambda$271/224100622.execute(Unknown Source)
	at org.junit.platform.engine.support.hierarchical.ThrowableCollector.execute(ThrowableCollector.java:73)
	at org.junit.jupiter.engine.descriptor.TestMethodTestDescriptor.invokeTestMethod(TestMethodTestDescriptor.java:208)
	at org.junit.jupiter.engine.descriptor.TestMethodTestDescriptor.execute(TestMethodTestDescriptor.java:137)
	at org.junit.jupiter.engine.descriptor.TestMethodTestDescriptor.execute(TestMethodTestDescriptor.java:71)
	at org.junit.platform.engine.support.hierarchical.NodeTestTask.lambda$executeRecursively$5(NodeTestTask.java:135)
	at org.junit.platform.engine.support.hierarchical.NodeTestTask$$Lambda$179/195615004.execute(Unknown Source)
	at org.junit.platform.engine.support.hierarchical.ThrowableCollector.execute(ThrowableCollector.java:73)
	at org.junit.platform.engine.support.hierarchical.NodeTestTask.lambda$executeRecursively$7(NodeTestTask.java:125)
	at org.junit.platform.engine.support.hierarchical.NodeTestTask$$Lambda$178/1890627974.invoke(Unknown Source)
	at org.junit.platform.engine.support.hierarchical.Node.around(Node.java:135)
	at org.junit.platform.engine.support.hierarchical.NodeTestTask.lambda$executeRecursively$8(NodeTestTask.java:123)
	at org.junit.platform.engine.support.hierarchical.NodeTestTask$$Lambda$177/231977479.execute(Unknown Source)
	at org.junit.platform.engine.support.hierarchical.ThrowableCollector.execute(ThrowableCollector.java:73)
	at org.junit.platform.engine.support.hierarchical.NodeTestTask.executeRecursively(NodeTestTask.java:122)
	at org.junit.platform.engine.support.hierarchical.NodeTestTask.execute(NodeTestTask.java:80)
	at org.junit.platform.engine.support.hierarchical.SameThreadHierarchicalTestExecutorService$$Lambda$183/1381713434.accept(Unknown Source)
	at java.util.ArrayList.forEach(ArrayList.java:1249)
	at org.junit.platform.engine.support.hierarchical.SameThreadHierarchicalTestExecutorService.invokeAll(SameThreadHierarchicalTestExecutorService.java:38)
	at org.junit.platform.engine.support.hierarchical.NodeTestTask.lambda$executeRecursively$5(NodeTestTask.java:139)
	at org.junit.platform.engine.support.hierarchical.NodeTestTask$$Lambda$179/195615004.execute(Unknown Source)
	at org.junit.platform.engine.support.hierarchical.ThrowableCollector.execute(ThrowableCollector.java:73)
	at org.junit.platform.engine.support.hierarchical.NodeTestTask.lambda$executeRecursively$7(NodeTestTask.java:125)
	at org.junit.platform.engine.support.hierarchical.NodeTestTask$$Lambda$178/1890627974.invoke(Unknown Source)
	at org.junit.platform.engine.support.hierarchical.Node.around(Node.java:135)
	at org.junit.platform.engine.support.hierarchical.NodeTestTask.lambda$executeRecursively$8(NodeTestTask.java:123)
	at org.junit.platform.engine.support.hierarchical.NodeTestTask$$Lambda$177/231977479.execute(Unknown Source)
	at org.junit.platform.engine.support.hierarchical.ThrowableCollector.execute(ThrowableCollector.java:73)
	at org.junit.platform.engine.support.hierarchical.NodeTestTask.executeRecursively(NodeTestTask.java:122)
	at org.junit.platform.engine.support.hierarchical.NodeTestTask.execute(NodeTestTask.java:80)
	at org.junit.platform.engine.support.hierarchical.SameThreadHierarchicalTestExecutorService$$Lambda$183/1381713434.accept(Unknown Source)
	at java.util.ArrayList.forEach(ArrayList.java:1249)
	at org.junit.platform.engine.support.hierarchical.SameThreadHierarchicalTestExecutorService.invokeAll(SameThreadHierarchicalTestExecutorService.java:38)
	at org.junit.platform.engine.support.hierarchical.NodeTestTask.lambda$executeRecursively$5(NodeTestTask.java:139)
	at org.junit.platform.engine.support.hierarchical.NodeTestTask$$Lambda$179/195615004.execute(Unknown Source)
	at org.junit.platform.engine.support.hierarchical.ThrowableCollector.execute(ThrowableCollector.java:73)
	at org.junit.platform.engine.support.hierarchical.NodeTestTask.lambda$executeRecursively$7(NodeTestTask.java:125)
	at org.junit.platform.engine.support.hierarchical.NodeTestTask$$Lambda$178/1890627974.invoke(Unknown Source)
	at org.junit.platform.engine.support.hierarchical.Node.around(Node.java:135)
	at org.junit.platform.engine.support.hierarchical.NodeTestTask.lambda$executeRecursively$8(NodeTestTask.java:123)
	at org.junit.platform.engine.support.hierarchical.NodeTestTask$$Lambda$177/231977479.execute(Unknown Source)
	at org.junit.platform.engine.support.hierarchical.ThrowableCollector.execute(ThrowableCollector.java:73)
	at org.junit.platform.engine.support.hierarchical.NodeTestTask.executeRecursively(NodeTestTask.java:122)
	at org.junit.platform.engine.support.hierarchical.NodeTestTask.execute(NodeTestTask.java:80)
	at org.junit.platform.engine.support.hierarchical.SameThreadHierarchicalTestExecutorService.submit(SameThreadHierarchicalTestExecutorService.java:32)
	at org.junit.platform.engine.support.hierarchical.HierarchicalTestExecutor.execute(HierarchicalTestExecutor.java:57)
	at org.junit.platform.engine.support.hierarchical.HierarchicalTestEngine.execute(HierarchicalTestEngine.java:51)
	at org.junit.platform.launcher.core.DefaultLauncher.execute(DefaultLauncher.java:248)
	at org.junit.platform.launcher.core.DefaultLauncher.lambda$execute$5(DefaultLauncher.java:211)
	at org.junit.platform.launcher.core.DefaultLauncher$$Lambda$143/233996206.accept(Unknown Source)
	at org.junit.platform.launcher.core.DefaultLauncher.withInterceptedStreams(DefaultLauncher.java:226)
	at org.junit.platform.launcher.core.DefaultLauncher.execute(DefaultLauncher.java:199)
	at org.junit.platform.launcher.core.DefaultLauncher.execute(DefaultLauncher.java:132)
	at org.apache.maven.surefire.junitplatform.JUnitPlatformProvider.invokeAllTests(JUnitPlatformProvider.java:142)
	at org.apache.maven.surefire.junitplatform.JUnitPlatformProvider.invoke(JUnitPlatformProvider.java:113)
	at org.apache.maven.surefire.booter.ForkedBooter.invokeProviderInSameClassLoader(ForkedBooter.java:384)
	at org.apache.maven.surefire.booter.ForkedBooter.runSuitesInProcess(ForkedBooter.java:345)
	at org.apache.maven.surefire.booter.ForkedBooter.execute(ForkedBooter.java:126)
	at org.apache.maven.surefire.booter.ForkedBooter.main(ForkedBooter.java:418)
2021-11-08 11:15:28,092 [myid:] - INFO  [main:FourLetterWordMain@94] - connecting to 127.0.0.1 30119
2021-11-08 11:15:28,093 [myid:1] - WARN  [nioEventLoopGroup-53-4:NettyServerCnxnFactory$CnxnChannelHandler@231] - Zookeeper server is not running, close the connection before starting the TLS handshake
2021-11-08 11:15:28,345 [myid:] - INFO  [main:FourLetterWordMain@94] - connecting to 127.0.0.1 30119
2021-11-08 11:15:28,345 [myid:1] - WARN  [nioEventLoopGroup-53-5:NettyServerCnxnFactory$CnxnChannelHandler@231] - Zookeeper server is not running, close the connection before starting the TLS handshake
2021-11-08 11:15:28,597 [myid:] - INFO  [main:FourLetterWordMain@94] - connecting to 127.0.0.1 30119
2021-11-08 11:15:28,597 [myid:1] - WARN  [nioEventLoopGroup-53-6:NettyServerCnxnFactory$CnxnChannelHandler@231] - Zookeeper server is not running, close the connection before starting the TLS handshake
2021-11-08 11:15:28,849 [myid:] - INFO  [main:FourLetterWordMain@94] - connecting to 127.0.0.1 30119
2021-11-08 11:15:28,849 [myid:1] - WARN  [nioEventLoopGroup-53-7:NettyServerCnxnFactory$CnxnChannelHandler@231] - Zookeeper server is not running, close the connection before starting the TLS handshake
2021-11-08 11:15:29,101 [myid:] - INFO  [main:FourLetterWordMain@94] - connecting to 127.0.0.1 30119
2021-11-08 11:15:29,101 [myid:1] - WARN  [nioEventLoopGroup-53-8:NettyServerCnxnFactory$CnxnChannelHandler@231] - Zookeeper server is not running, close the connection before starting the TLS handshake
2021-11-08 11:15:29,355 [myid:] - INFO  [main:FourLetterWordMain@94] - connecting to 127.0.0.1 30119
2021-11-08 11:15:29,356 [myid:1] - WARN  [nioEventLoopGroup-53-9:NettyServerCnxnFactory$CnxnChannelHandler@231] - Zookeeper server is not running, close the connection before starting the TLS handshake
2021-11-08 11:15:29,607 [myid:] - INFO  [main:FourLetterWordMain@94] - connecting to 127.0.0.1 30119
2021-11-08 11:15:29,607 [myid:1] - WARN  [nioEventLoopGroup-53-10:NettyServerCnxnFactory$CnxnChannelHandler@231] - Zookeeper server is not running, close the connection before starting the TLS handshake
2021-11-08 11:15:29,860 [myid:] - INFO  [main:FourLetterWordMain@94] - connecting to 127.0.0.1 30119
2021-11-08 11:15:29,860 [myid:1] - WARN  [nioEventLoopGroup-53-11:NettyServerCnxnFactory$CnxnChannelHandler@231] - Zookeeper server is not running, close the connection before starting the TLS handshake
2021-11-08 11:15:29,876 [myid:] - INFO  [main:ClientBase@267] - server 127.0.0.1:30119 not up
java.net.SocketException: Software caused connection abort: recv failed
	at java.net.SocketInputStream.socketRead0(Native Method)
	at java.net.SocketInputStream.read(SocketInputStream.java:150)
	at java.net.SocketInputStream.read(SocketInputStream.java:121)
	at sun.nio.cs.StreamDecoder.readBytes(StreamDecoder.java:284)
	at sun.nio.cs.StreamDecoder.implRead(StreamDecoder.java:326)
	at sun.nio.cs.StreamDecoder.read(StreamDecoder.java:178)
	at java.io.InputStreamReader.read(InputStreamReader.java:184)
	at java.io.BufferedReader.fill(BufferedReader.java:161)
	at java.io.BufferedReader.readLine(BufferedReader.java:324)
	at java.io.BufferedReader.readLine(BufferedReader.java:389)
	at org.apache.zookeeper.client.FourLetterWordMain.send4LetterWord(FourLetterWordMain.java:129)
	at org.apache.zookeeper.client.FourLetterWordMain.send4LetterWord(FourLetterWordMain.java:74)
	at org.apache.zookeeper.test.ClientBase.waitForServerUp(ClientBase.java:258)
	at org.apache.zookeeper.test.ClientBase.waitForServerUp(ClientBase.java:249)
	at org.apache.zookeeper.server.quorum.QuorumSSLTest.testQuorumSSLWithMultipleAddresses(QuorumSSLTest.java:491)
	at sun.reflect.NativeMethodAccessorImpl.invoke0(Native Method)
	at sun.reflect.NativeMethodAccessorImpl.invoke(NativeMethodAccessorImpl.java:62)
	at sun.reflect.DelegatingMethodAccessorImpl.invoke(DelegatingMethodAccessorImpl.java:43)
	at java.lang.reflect.Method.invoke(Method.java:483)
	at org.junit.platform.commons.util.ReflectionUtils.invokeMethod(ReflectionUtils.java:686)
	at org.junit.jupiter.engine.execution.MethodInvocation.proceed(MethodInvocation.java:60)
	at org.junit.jupiter.engine.execution.InvocationInterceptorChain$ValidatingInvocation.proceed(InvocationInterceptorChain.java:131)
	at org.junit.jupiter.engine.extension.TimeoutInvocation.proceed(TimeoutInvocation.java:46)
	at org.junit.jupiter.engine.extension.TimeoutExtension.intercept(TimeoutExtension.java:149)
	at org.junit.jupiter.engine.extension.TimeoutExtension.interceptTestableMethod(TimeoutExtension.java:140)
	at org.junit.jupiter.engine.extension.TimeoutExtension.interceptTestMethod(TimeoutExtension.java:84)
	at org.junit.jupiter.engine.descriptor.TestMethodTestDescriptor$$Lambda$111/1780132728.apply(Unknown Source)
	at org.junit.jupiter.engine.execution.ExecutableInvoker$ReflectiveInterceptorCall.lambda$ofVoidMethod$0(ExecutableInvoker.java:115)
	at org.junit.jupiter.engine.execution.ExecutableInvoker$ReflectiveInterceptorCall$$Lambda$112/1725017993.apply(Unknown Source)
	at org.junit.jupiter.engine.execution.ExecutableInvoker.lambda$invoke$0(ExecutableInvoker.java:105)
	at org.junit.jupiter.engine.execution.ExecutableInvoker$$Lambda$234/64133603.apply(Unknown Source)
	at org.junit.jupiter.engine.execution.InvocationInterceptorChain$InterceptedInvocation.proceed(InvocationInterceptorChain.java:106)
	at org.junit.jupiter.engine.execution.InvocationInterceptorChain.proceed(InvocationInterceptorChain.java:64)
	at org.junit.jupiter.engine.execution.InvocationInterceptorChain.chainAndInvoke(InvocationInterceptorChain.java:45)
	at org.junit.jupiter.engine.execution.InvocationInterceptorChain.invoke(InvocationInterceptorChain.java:37)
	at org.junit.jupiter.engine.execution.ExecutableInvoker.invoke(ExecutableInvoker.java:104)
	at org.junit.jupiter.engine.execution.ExecutableInvoker.invoke(ExecutableInvoker.java:98)
	at org.junit.jupiter.engine.descriptor.TestMethodTestDescriptor.lambda$invokeTestMethod$6(TestMethodTestDescriptor.java:212)
	at org.junit.jupiter.engine.descriptor.TestMethodTestDescriptor$$Lambda$271/224100622.execute(Unknown Source)
	at org.junit.platform.engine.support.hierarchical.ThrowableCollector.execute(ThrowableCollector.java:73)
	at org.junit.jupiter.engine.descriptor.TestMethodTestDescriptor.invokeTestMethod(TestMethodTestDescriptor.java:208)
	at org.junit.jupiter.engine.descriptor.TestMethodTestDescriptor.execute(TestMethodTestDescriptor.java:137)
	at org.junit.jupiter.engine.descriptor.TestMethodTestDescriptor.execute(TestMethodTestDescriptor.java:71)
	at org.junit.platform.engine.support.hierarchical.NodeTestTask.lambda$executeRecursively$5(NodeTestTask.java:135)
	at org.junit.platform.engine.support.hierarchical.NodeTestTask$$Lambda$179/195615004.execute(Unknown Source)
	at org.junit.platform.engine.support.hierarchical.ThrowableCollector.execute(ThrowableCollector.java:73)
	at org.junit.platform.engine.support.hierarchical.NodeTestTask.lambda$executeRecursively$7(NodeTestTask.java:125)
	at org.junit.platform.engine.support.hierarchical.NodeTestTask$$Lambda$178/1890627974.invoke(Unknown Source)
	at org.junit.platform.engine.support.hierarchical.Node.around(Node.java:135)
	at org.junit.platform.engine.support.hierarchical.NodeTestTask.lambda$executeRecursively$8(NodeTestTask.java:123)
	at org.junit.platform.engine.support.hierarchical.NodeTestTask$$Lambda$177/231977479.execute(Unknown Source)
	at org.junit.platform.engine.support.hierarchical.ThrowableCollector.execute(ThrowableCollector.java:73)
	at org.junit.platform.engine.support.hierarchical.NodeTestTask.executeRecursively(NodeTestTask.java:122)
	at org.junit.platform.engine.support.hierarchical.NodeTestTask.execute(NodeTestTask.java:80)
	at org.junit.platform.engine.support.hierarchical.SameThreadHierarchicalTestExecutorService$$Lambda$183/1381713434.accept(Unknown Source)
	at java.util.ArrayList.forEach(ArrayList.java:1249)
	at org.junit.platform.engine.support.hierarchical.SameThreadHierarchicalTestExecutorService.invokeAll(SameThreadHierarchicalTestExecutorService.java:38)
	at org.junit.platform.engine.support.hierarchical.NodeTestTask.lambda$executeRecursively$5(NodeTestTask.java:139)
	at org.junit.platform.engine.support.hierarchical.NodeTestTask$$Lambda$179/195615004.execute(Unknown Source)
	at org.junit.platform.engine.support.hierarchical.ThrowableCollector.execute(ThrowableCollector.java:73)
	at org.junit.platform.engine.support.hierarchical.NodeTestTask.lambda$executeRecursively$7(NodeTestTask.java:125)
	at org.junit.platform.engine.support.hierarchical.NodeTestTask$$Lambda$178/1890627974.invoke(Unknown Source)
	at org.junit.platform.engine.support.hierarchical.Node.around(Node.java:135)
	at org.junit.platform.engine.support.hierarchical.NodeTestTask.lambda$executeRecursively$8(NodeTestTask.java:123)
	at org.junit.platform.engine.support.hierarchical.NodeTestTask$$Lambda$177/231977479.execute(Unknown Source)
	at org.junit.platform.engine.support.hierarchical.ThrowableCollector.execute(ThrowableCollector.java:73)
	at org.junit.platform.engine.support.hierarchical.NodeTestTask.executeRecursively(NodeTestTask.java:122)
	at org.junit.platform.engine.support.hierarchical.NodeTestTask.execute(NodeTestTask.java:80)
	at org.junit.platform.engine.support.hierarchical.SameThreadHierarchicalTestExecutorService$$Lambda$183/1381713434.accept(Unknown Source)
	at java.util.ArrayList.forEach(ArrayList.java:1249)
	at org.junit.platform.engine.support.hierarchical.SameThreadHierarchicalTestExecutorService.invokeAll(SameThreadHierarchicalTestExecutorService.java:38)
	at org.junit.platform.engine.support.hierarchical.NodeTestTask.lambda$executeRecursively$5(NodeTestTask.java:139)
	at org.junit.platform.engine.support.hierarchical.NodeTestTask$$Lambda$179/195615004.execute(Unknown Source)
	at org.junit.platform.engine.support.hierarchical.ThrowableCollector.execute(ThrowableCollector.java:73)
	at org.junit.platform.engine.support.hierarchical.NodeTestTask.lambda$executeRecursively$7(NodeTestTask.java:125)
	at org.junit.platform.engine.support.hierarchical.NodeTestTask$$Lambda$178/1890627974.invoke(Unknown Source)
	at org.junit.platform.engine.support.hierarchical.Node.around(Node.java:135)
	at org.junit.platform.engine.support.hierarchical.NodeTestTask.lambda$executeRecursively$8(NodeTestTask.java:123)
	at org.junit.platform.engine.support.hierarchical.NodeTestTask$$Lambda$177/231977479.execute(Unknown Source)
	at org.junit.platform.engine.support.hierarchical.ThrowableCollector.execute(ThrowableCollector.java:73)
	at org.junit.platform.engine.support.hierarchical.NodeTestTask.executeRecursively(NodeTestTask.java:122)
	at org.junit.platform.engine.support.hierarchical.NodeTestTask.execute(NodeTestTask.java:80)
	at org.junit.platform.engine.support.hierarchical.SameThreadHierarchicalTestExecutorService.submit(SameThreadHierarchicalTestExecutorService.java:32)
	at org.junit.platform.engine.support.hierarchical.HierarchicalTestExecutor.execute(HierarchicalTestExecutor.java:57)
	at org.junit.platform.engine.support.hierarchical.HierarchicalTestEngine.execute(HierarchicalTestEngine.java:51)
	at org.junit.platform.launcher.core.DefaultLauncher.execute(DefaultLauncher.java:248)
	at org.junit.platform.launcher.core.DefaultLauncher.lambda$execute$5(DefaultLauncher.java:211)
	at org.junit.platform.launcher.core.DefaultLauncher$$Lambda$143/233996206.accept(Unknown Source)
	at org.junit.platform.launcher.core.DefaultLauncher.withInterceptedStreams(DefaultLauncher.java:226)
	at org.junit.platform.launcher.core.DefaultLauncher.execute(DefaultLauncher.java:199)
	at org.junit.platform.launcher.core.DefaultLauncher.execute(DefaultLauncher.java:132)
	at org.apache.maven.surefire.junitplatform.JUnitPlatformProvider.invokeAllTests(JUnitPlatformProvider.java:142)
	at org.apache.maven.surefire.junitplatform.JUnitPlatformProvider.invoke(JUnitPlatformProvider.java:113)
	at org.apache.maven.surefire.booter.ForkedBooter.invokeProviderInSameClassLoader(ForkedBooter.java:384)
	at org.apache.maven.surefire.booter.ForkedBooter.runSuitesInProcess(ForkedBooter.java:345)
	at org.apache.maven.surefire.booter.ForkedBooter.execute(ForkedBooter.java:126)
	at org.apache.maven.surefire.booter.ForkedBooter.main(ForkedBooter.java:418)
2021-11-08 11:15:30,128 [myid:] - INFO  [main:FourLetterWordMain@94] - connecting to 127.0.0.1 30119
2021-11-08 11:15:30,129 [myid:1] - WARN  [nioEventLoopGroup-53-12:NettyServerCnxnFactory$CnxnChannelHandler@231] - Zookeeper server is not running, close the connection before starting the TLS handshake
2021-11-08 11:15:30,303 [myid:1] - INFO  [QuorumPeer[myid=1](plain=[0:0:0:0:0:0:0:0]:30119)(secure=disabled):FastLeaderElection@984] - Notification time out: 25600
2021-11-08 11:15:30,351 [myid:2] - INFO  [QuorumPeer[myid=2](plain=[0:0:0:0:0:0:0:0]:30120)(secure=disabled):FastLeaderElection@984] - Notification time out: 25600
2021-11-08 11:15:30,382 [myid:] - INFO  [main:FourLetterWordMain@94] - connecting to 127.0.0.1 30119
2021-11-08 11:15:30,382 [myid:1] - WARN  [nioEventLoopGroup-53-1:NettyServerCnxnFactory$CnxnChannelHandler@231] - Zookeeper server is not running, close the connection before starting the TLS handshake
2021-11-08 11:15:30,647 [myid:] - INFO  [main:FourLetterWordMain@94] - connecting to 127.0.0.1 30119
2021-11-08 11:15:30,647 [myid:1] - WARN  [nioEventLoopGroup-53-2:NettyServerCnxnFactory$CnxnChannelHandler@231] - Zookeeper server is not running, close the connection before starting the TLS handshake
2021-11-08 11:15:30,911 [myid:] - INFO  [main:FourLetterWordMain@94] - connecting to 127.0.0.1 30119
2021-11-08 11:15:30,911 [myid:1] - WARN  [nioEventLoopGroup-53-3:NettyServerCnxnFactory$CnxnChannelHandler@231] - Zookeeper server is not running, close the connection before starting the TLS handshake
2021-11-08 11:15:31,176 [myid:] - INFO  [main:FourLetterWordMain@94] - connecting to 127.0.0.1 30119
2021-11-08 11:15:31,176 [myid:1] - WARN  [nioEventLoopGroup-53-4:NettyServerCnxnFactory$CnxnChannelHandler@231] - Zookeeper server is not running, close the connection before starting the TLS handshake
2021-11-08 11:15:31,441 [myid:] - INFO  [main:FourLetterWordMain@94] - connecting to 127.0.0.1 30119
2021-11-08 11:15:31,442 [myid:1] - WARN  [nioEventLoopGroup-53-5:NettyServerCnxnFactory$CnxnChannelHandler@231] - Zookeeper server is not running, close the connection before starting the TLS handshake
2021-11-08 11:15:31,693 [myid:] - INFO  [main:FourLetterWordMain@94] - connecting to 127.0.0.1 30119
2021-11-08 11:15:31,693 [myid:1] - WARN  [nioEventLoopGroup-53-6:NettyServerCnxnFactory$CnxnChannelHandler@231] - Zookeeper server is not running, close the connection before starting the TLS handshake
2021-11-08 11:15:31,709 [myid:] - INFO  [main:ClientBase@267] - server 127.0.0.1:30119 not up
java.net.SocketException: Software caused connection abort: recv failed
	at java.net.SocketInputStream.socketRead0(Native Method)
	at java.net.SocketInputStream.read(SocketInputStream.java:150)
	at java.net.SocketInputStream.read(SocketInputStream.java:121)
	at sun.nio.cs.StreamDecoder.readBytes(StreamDecoder.java:284)
	at sun.nio.cs.StreamDecoder.implRead(StreamDecoder.java:326)
	at sun.nio.cs.StreamDecoder.read(StreamDecoder.java:178)
	at java.io.InputStreamReader.read(InputStreamReader.java:184)
	at java.io.BufferedReader.fill(BufferedReader.java:161)
	at java.io.BufferedReader.readLine(BufferedReader.java:324)
	at java.io.BufferedReader.readLine(BufferedReader.java:389)
	at org.apache.zookeeper.client.FourLetterWordMain.send4LetterWord(FourLetterWordMain.java:129)
	at org.apache.zookeeper.client.FourLetterWordMain.send4LetterWord(FourLetterWordMain.java:74)
	at org.apache.zookeeper.test.ClientBase.waitForServerUp(ClientBase.java:258)
	at org.apache.zookeeper.test.ClientBase.waitForServerUp(ClientBase.java:249)
	at org.apache.zookeeper.server.quorum.QuorumSSLTest.testQuorumSSLWithMultipleAddresses(QuorumSSLTest.java:491)
	at sun.reflect.NativeMethodAccessorImpl.invoke0(Native Method)
	at sun.reflect.NativeMethodAccessorImpl.invoke(NativeMethodAccessorImpl.java:62)
	at sun.reflect.DelegatingMethodAccessorImpl.invoke(DelegatingMethodAccessorImpl.java:43)
	at java.lang.reflect.Method.invoke(Method.java:483)
	at org.junit.platform.commons.util.ReflectionUtils.invokeMethod(ReflectionUtils.java:686)
	at org.junit.jupiter.engine.execution.MethodInvocation.proceed(MethodInvocation.java:60)
	at org.junit.jupiter.engine.execution.InvocationInterceptorChain$ValidatingInvocation.proceed(InvocationInterceptorChain.java:131)
	at org.junit.jupiter.engine.extension.TimeoutInvocation.proceed(TimeoutInvocation.java:46)
	at org.junit.jupiter.engine.extension.TimeoutExtension.intercept(TimeoutExtension.java:149)
	at org.junit.jupiter.engine.extension.TimeoutExtension.interceptTestableMethod(TimeoutExtension.java:140)
	at org.junit.jupiter.engine.extension.TimeoutExtension.interceptTestMethod(TimeoutExtension.java:84)
	at org.junit.jupiter.engine.descriptor.TestMethodTestDescriptor$$Lambda$111/1780132728.apply(Unknown Source)
	at org.junit.jupiter.engine.execution.ExecutableInvoker$ReflectiveInterceptorCall.lambda$ofVoidMethod$0(ExecutableInvoker.java:115)
	at org.junit.jupiter.engine.execution.ExecutableInvoker$ReflectiveInterceptorCall$$Lambda$112/1725017993.apply(Unknown Source)
	at org.junit.jupiter.engine.execution.ExecutableInvoker.lambda$invoke$0(ExecutableInvoker.java:105)
	at org.junit.jupiter.engine.execution.ExecutableInvoker$$Lambda$234/64133603.apply(Unknown Source)
	at org.junit.jupiter.engine.execution.InvocationInterceptorChain$InterceptedInvocation.proceed(InvocationInterceptorChain.java:106)
	at org.junit.jupiter.engine.execution.InvocationInterceptorChain.proceed(InvocationInterceptorChain.java:64)
	at org.junit.jupiter.engine.execution.InvocationInterceptorChain.chainAndInvoke(InvocationInterceptorChain.java:45)
	at org.junit.jupiter.engine.execution.InvocationInterceptorChain.invoke(InvocationInterceptorChain.java:37)
	at org.junit.jupiter.engine.execution.ExecutableInvoker.invoke(ExecutableInvoker.java:104)
	at org.junit.jupiter.engine.execution.ExecutableInvoker.invoke(ExecutableInvoker.java:98)
	at org.junit.jupiter.engine.descriptor.TestMethodTestDescriptor.lambda$invokeTestMethod$6(TestMethodTestDescriptor.java:212)
	at org.junit.jupiter.engine.descriptor.TestMethodTestDescriptor$$Lambda$271/224100622.execute(Unknown Source)
	at org.junit.platform.engine.support.hierarchical.ThrowableCollector.execute(ThrowableCollector.java:73)
	at org.junit.jupiter.engine.descriptor.TestMethodTestDescriptor.invokeTestMethod(TestMethodTestDescriptor.java:208)
	at org.junit.jupiter.engine.descriptor.TestMethodTestDescriptor.execute(TestMethodTestDescriptor.java:137)
	at org.junit.jupiter.engine.descriptor.TestMethodTestDescriptor.execute(TestMethodTestDescriptor.java:71)
	at org.junit.platform.engine.support.hierarchical.NodeTestTask.lambda$executeRecursively$5(NodeTestTask.java:135)
	at org.junit.platform.engine.support.hierarchical.NodeTestTask$$Lambda$179/195615004.execute(Unknown Source)
	at org.junit.platform.engine.support.hierarchical.ThrowableCollector.execute(ThrowableCollector.java:73)
	at org.junit.platform.engine.support.hierarchical.NodeTestTask.lambda$executeRecursively$7(NodeTestTask.java:125)
	at org.junit.platform.engine.support.hierarchical.NodeTestTask$$Lambda$178/1890627974.invoke(Unknown Source)
	at org.junit.platform.engine.support.hierarchical.Node.around(Node.java:135)
	at org.junit.platform.engine.support.hierarchical.NodeTestTask.lambda$executeRecursively$8(NodeTestTask.java:123)
	at org.junit.platform.engine.support.hierarchical.NodeTestTask$$Lambda$177/231977479.execute(Unknown Source)
	at org.junit.platform.engine.support.hierarchical.ThrowableCollector.execute(ThrowableCollector.java:73)
	at org.junit.platform.engine.support.hierarchical.NodeTestTask.executeRecursively(NodeTestTask.java:122)
	at org.junit.platform.engine.support.hierarchical.NodeTestTask.execute(NodeTestTask.java:80)
	at org.junit.platform.engine.support.hierarchical.SameThreadHierarchicalTestExecutorService$$Lambda$183/1381713434.accept(Unknown Source)
	at java.util.ArrayList.forEach(ArrayList.java:1249)
	at org.junit.platform.engine.support.hierarchical.SameThreadHierarchicalTestExecutorService.invokeAll(SameThreadHierarchicalTestExecutorService.java:38)
	at org.junit.platform.engine.support.hierarchical.NodeTestTask.lambda$executeRecursively$5(NodeTestTask.java:139)
	at org.junit.platform.engine.support.hierarchical.NodeTestTask$$Lambda$179/195615004.execute(Unknown Source)
	at org.junit.platform.engine.support.hierarchical.ThrowableCollector.execute(ThrowableCollector.java:73)
	at org.junit.platform.engine.support.hierarchical.NodeTestTask.lambda$executeRecursively$7(NodeTestTask.java:125)
	at org.junit.platform.engine.support.hierarchical.NodeTestTask$$Lambda$178/1890627974.invoke(Unknown Source)
	at org.junit.platform.engine.support.hierarchical.Node.around(Node.java:135)
	at org.junit.platform.engine.support.hierarchical.NodeTestTask.lambda$executeRecursively$8(NodeTestTask.java:123)
	at org.junit.platform.engine.support.hierarchical.NodeTestTask$$Lambda$177/231977479.execute(Unknown Source)
	at org.junit.platform.engine.support.hierarchical.ThrowableCollector.execute(ThrowableCollector.java:73)
	at org.junit.platform.engine.support.hierarchical.NodeTestTask.executeRecursively(NodeTestTask.java:122)
	at org.junit.platform.engine.support.hierarchical.NodeTestTask.execute(NodeTestTask.java:80)
	at org.junit.platform.engine.support.hierarchical.SameThreadHierarchicalTestExecutorService$$Lambda$183/1381713434.accept(Unknown Source)
	at java.util.ArrayList.forEach(ArrayList.java:1249)
	at org.junit.platform.engine.support.hierarchical.SameThreadHierarchicalTestExecutorService.invokeAll(SameThreadHierarchicalTestExecutorService.java:38)
	at org.junit.platform.engine.support.hierarchical.NodeTestTask.lambda$executeRecursively$5(NodeTestTask.java:139)
	at org.junit.platform.engine.support.hierarchical.NodeTestTask$$Lambda$179/195615004.execute(Unknown Source)
	at org.junit.platform.engine.support.hierarchical.ThrowableCollector.execute(ThrowableCollector.java:73)
	at org.junit.platform.engine.support.hierarchical.NodeTestTask.lambda$executeRecursively$7(NodeTestTask.java:125)
	at org.junit.platform.engine.support.hierarchical.NodeTestTask$$Lambda$178/1890627974.invoke(Unknown Source)
	at org.junit.platform.engine.support.hierarchical.Node.around(Node.java:135)
	at org.junit.platform.engine.support.hierarchical.NodeTestTask.lambda$executeRecursively$8(NodeTestTask.java:123)
	at org.junit.platform.engine.support.hierarchical.NodeTestTask$$Lambda$177/231977479.execute(Unknown Source)
	at org.junit.platform.engine.support.hierarchical.ThrowableCollector.execute(ThrowableCollector.java:73)
	at org.junit.platform.engine.support.hierarchical.NodeTestTask.executeRecursively(NodeTestTask.java:122)
	at org.junit.platform.engine.support.hierarchical.NodeTestTask.execute(NodeTestTask.java:80)
	at org.junit.platform.engine.support.hierarchical.SameThreadHierarchicalTestExecutorService.submit(SameThreadHierarchicalTestExecutorService.java:32)
	at org.junit.platform.engine.support.hierarchical.HierarchicalTestExecutor.execute(HierarchicalTestExecutor.java:57)
	at org.junit.platform.engine.support.hierarchical.HierarchicalTestEngine.execute(HierarchicalTestEngine.java:51)
	at org.junit.platform.launcher.core.DefaultLauncher.execute(DefaultLauncher.java:248)
	at org.junit.platform.launcher.core.DefaultLauncher.lambda$execute$5(DefaultLauncher.java:211)
	at org.junit.platform.launcher.core.DefaultLauncher$$Lambda$143/233996206.accept(Unknown Source)
	at org.junit.platform.launcher.core.DefaultLauncher.withInterceptedStreams(DefaultLauncher.java:226)
	at org.junit.platform.launcher.core.DefaultLauncher.execute(DefaultLauncher.java:199)
	at org.junit.platform.launcher.core.DefaultLauncher.execute(DefaultLauncher.java:132)
	at org.apache.maven.surefire.junitplatform.JUnitPlatformProvider.invokeAllTests(JUnitPlatformProvider.java:142)
	at org.apache.maven.surefire.junitplatform.JUnitPlatformProvider.invoke(JUnitPlatformProvider.java:113)
	at org.apache.maven.surefire.booter.ForkedBooter.invokeProviderInSameClassLoader(ForkedBooter.java:384)
	at org.apache.maven.surefire.booter.ForkedBooter.runSuitesInProcess(ForkedBooter.java:345)
	at org.apache.maven.surefire.booter.ForkedBooter.execute(ForkedBooter.java:126)
	at org.apache.maven.surefire.booter.ForkedBooter.main(ForkedBooter.java:418)
2021-11-08 11:15:31,973 [myid:] - INFO  [main:FourLetterWordMain@94] - connecting to 127.0.0.1 30119
2021-11-08 11:15:31,973 [myid:1] - WARN  [nioEventLoopGroup-53-7:NettyServerCnxnFactory$CnxnChannelHandler@231] - Zookeeper server is not running, close the connection before starting the TLS handshake
2021-11-08 11:15:32,237 [myid:] - INFO  [main:FourLetterWordMain@94] - connecting to 127.0.0.1 30119
2021-11-08 11:15:32,237 [myid:1] - WARN  [nioEventLoopGroup-53-8:NettyServerCnxnFactory$CnxnChannelHandler@231] - Zookeeper server is not running, close the connection before starting the TLS handshake
2021-11-08 11:15:32,254 [myid:] - INFO  [main:ClientBase@267] - server 127.0.0.1:30119 not up
java.net.SocketException: Software caused connection abort: recv failed
	at java.net.SocketInputStream.socketRead0(Native Method)
	at java.net.SocketInputStream.read(SocketInputStream.java:150)
	at java.net.SocketInputStream.read(SocketInputStream.java:121)
	at sun.nio.cs.StreamDecoder.readBytes(StreamDecoder.java:284)
	at sun.nio.cs.StreamDecoder.implRead(StreamDecoder.java:326)
	at sun.nio.cs.StreamDecoder.read(StreamDecoder.java:178)
	at java.io.InputStreamReader.read(InputStreamReader.java:184)
	at java.io.BufferedReader.fill(BufferedReader.java:161)
	at java.io.BufferedReader.readLine(BufferedReader.java:324)
	at java.io.BufferedReader.readLine(BufferedReader.java:389)
	at org.apache.zookeeper.client.FourLetterWordMain.send4LetterWord(FourLetterWordMain.java:129)
	at org.apache.zookeeper.client.FourLetterWordMain.send4LetterWord(FourLetterWordMain.java:74)
	at org.apache.zookeeper.test.ClientBase.waitForServerUp(ClientBase.java:258)
	at org.apache.zookeeper.test.ClientBase.waitForServerUp(ClientBase.java:249)
	at org.apache.zookeeper.server.quorum.QuorumSSLTest.testQuorumSSLWithMultipleAddresses(QuorumSSLTest.java:491)
	at sun.reflect.NativeMethodAccessorImpl.invoke0(Native Method)
	at sun.reflect.NativeMethodAccessorImpl.invoke(NativeMethodAccessorImpl.java:62)
	at sun.reflect.DelegatingMethodAccessorImpl.invoke(DelegatingMethodAccessorImpl.java:43)
	at java.lang.reflect.Method.invoke(Method.java:483)
	at org.junit.platform.commons.util.ReflectionUtils.invokeMethod(ReflectionUtils.java:686)
	at org.junit.jupiter.engine.execution.MethodInvocation.proceed(MethodInvocation.java:60)
	at org.junit.jupiter.engine.execution.InvocationInterceptorChain$ValidatingInvocation.proceed(InvocationInterceptorChain.java:131)
	at org.junit.jupiter.engine.extension.TimeoutInvocation.proceed(TimeoutInvocation.java:46)
	at org.junit.jupiter.engine.extension.TimeoutExtension.intercept(TimeoutExtension.java:149)
	at org.junit.jupiter.engine.extension.TimeoutExtension.interceptTestableMethod(TimeoutExtension.java:140)
	at org.junit.jupiter.engine.extension.TimeoutExtension.interceptTestMethod(TimeoutExtension.java:84)
	at org.junit.jupiter.engine.descriptor.TestMethodTestDescriptor$$Lambda$111/1780132728.apply(Unknown Source)
	at org.junit.jupiter.engine.execution.ExecutableInvoker$ReflectiveInterceptorCall.lambda$ofVoidMethod$0(ExecutableInvoker.java:115)
	at org.junit.jupiter.engine.execution.ExecutableInvoker$ReflectiveInterceptorCall$$Lambda$112/1725017993.apply(Unknown Source)
	at org.junit.jupiter.engine.execution.ExecutableInvoker.lambda$invoke$0(ExecutableInvoker.java:105)
	at org.junit.jupiter.engine.execution.ExecutableInvoker$$Lambda$234/64133603.apply(Unknown Source)
	at org.junit.jupiter.engine.execution.InvocationInterceptorChain$InterceptedInvocation.proceed(InvocationInterceptorChain.java:106)
	at org.junit.jupiter.engine.execution.InvocationInterceptorChain.proceed(InvocationInterceptorChain.java:64)
	at org.junit.jupiter.engine.execution.InvocationInterceptorChain.chainAndInvoke(InvocationInterceptorChain.java:45)
	at org.junit.jupiter.engine.execution.InvocationInterceptorChain.invoke(InvocationInterceptorChain.java:37)
	at org.junit.jupiter.engine.execution.ExecutableInvoker.invoke(ExecutableInvoker.java:104)
	at org.junit.jupiter.engine.execution.ExecutableInvoker.invoke(ExecutableInvoker.java:98)
	at org.junit.jupiter.engine.descriptor.TestMethodTestDescriptor.lambda$invokeTestMethod$6(TestMethodTestDescriptor.java:212)
	at org.junit.jupiter.engine.descriptor.TestMethodTestDescriptor$$Lambda$271/224100622.execute(Unknown Source)
	at org.junit.platform.engine.support.hierarchical.ThrowableCollector.execute(ThrowableCollector.java:73)
	at org.junit.jupiter.engine.descriptor.TestMethodTestDescriptor.invokeTestMethod(TestMethodTestDescriptor.java:208)
	at org.junit.jupiter.engine.descriptor.TestMethodTestDescriptor.execute(TestMethodTestDescriptor.java:137)
	at org.junit.jupiter.engine.descriptor.TestMethodTestDescriptor.execute(TestMethodTestDescriptor.java:71)
	at org.junit.platform.engine.support.hierarchical.NodeTestTask.lambda$executeRecursively$5(NodeTestTask.java:135)
	at org.junit.platform.engine.support.hierarchical.NodeTestTask$$Lambda$179/195615004.execute(Unknown Source)
	at org.junit.platform.engine.support.hierarchical.ThrowableCollector.execute(ThrowableCollector.java:73)
	at org.junit.platform.engine.support.hierarchical.NodeTestTask.lambda$executeRecursively$7(NodeTestTask.java:125)
	at org.junit.platform.engine.support.hierarchical.NodeTestTask$$Lambda$178/1890627974.invoke(Unknown Source)
	at org.junit.platform.engine.support.hierarchical.Node.around(Node.java:135)
	at org.junit.platform.engine.support.hierarchical.NodeTestTask.lambda$executeRecursively$8(NodeTestTask.java:123)
	at org.junit.platform.engine.support.hierarchical.NodeTestTask$$Lambda$177/231977479.execute(Unknown Source)
	at org.junit.platform.engine.support.hierarchical.ThrowableCollector.execute(ThrowableCollector.java:73)
	at org.junit.platform.engine.support.hierarchical.NodeTestTask.executeRecursively(NodeTestTask.java:122)
	at org.junit.platform.engine.support.hierarchical.NodeTestTask.execute(NodeTestTask.java:80)
	at org.junit.platform.engine.support.hierarchical.SameThreadHierarchicalTestExecutorService$$Lambda$183/1381713434.accept(Unknown Source)
	at java.util.ArrayList.forEach(ArrayList.java:1249)
	at org.junit.platform.engine.support.hierarchical.SameThreadHierarchicalTestExecutorService.invokeAll(SameThreadHierarchicalTestExecutorService.java:38)
	at org.junit.platform.engine.support.hierarchical.NodeTestTask.lambda$executeRecursively$5(NodeTestTask.java:139)
	at org.junit.platform.engine.support.hierarchical.NodeTestTask$$Lambda$179/195615004.execute(Unknown Source)
	at org.junit.platform.engine.support.hierarchical.ThrowableCollector.execute(ThrowableCollector.java:73)
	at org.junit.platform.engine.support.hierarchical.NodeTestTask.lambda$executeRecursively$7(NodeTestTask.java:125)
	at org.junit.platform.engine.support.hierarchical.NodeTestTask$$Lambda$178/1890627974.invoke(Unknown Source)
	at org.junit.platform.engine.support.hierarchical.Node.around(Node.java:135)
	at org.junit.platform.engine.support.hierarchical.NodeTestTask.lambda$executeRecursively$8(NodeTestTask.java:123)
	at org.junit.platform.engine.support.hierarchical.NodeTestTask$$Lambda$177/231977479.execute(Unknown Source)
	at org.junit.platform.engine.support.hierarchical.ThrowableCollector.execute(ThrowableCollector.java:73)
	at org.junit.platform.engine.support.hierarchical.NodeTestTask.executeRecursively(NodeTestTask.java:122)
	at org.junit.platform.engine.support.hierarchical.NodeTestTask.execute(NodeTestTask.java:80)
	at org.junit.platform.engine.support.hierarchical.SameThreadHierarchicalTestExecutorService$$Lambda$183/1381713434.accept(Unknown Source)
	at java.util.ArrayList.forEach(ArrayList.java:1249)
	at org.junit.platform.engine.support.hierarchical.SameThreadHierarchicalTestExecutorService.invokeAll(SameThreadHierarchicalTestExecutorService.java:38)
	at org.junit.platform.engine.support.hierarchical.NodeTestTask.lambda$executeRecursively$5(NodeTestTask.java:139)
	at org.junit.platform.engine.support.hierarchical.NodeTestTask$$Lambda$179/195615004.execute(Unknown Source)
	at org.junit.platform.engine.support.hierarchical.ThrowableCollector.execute(ThrowableCollector.java:73)
	at org.junit.platform.engine.support.hierarchical.NodeTestTask.lambda$executeRecursively$7(NodeTestTask.java:125)
	at org.junit.platform.engine.support.hierarchical.NodeTestTask$$Lambda$178/1890627974.invoke(Unknown Source)
	at org.junit.platform.engine.support.hierarchical.Node.around(Node.java:135)
	at org.junit.platform.engine.support.hierarchical.NodeTestTask.lambda$executeRecursively$8(NodeTestTask.java:123)
	at org.junit.platform.engine.support.hierarchical.NodeTestTask$$Lambda$177/231977479.execute(Unknown Source)
	at org.junit.platform.engine.support.hierarchical.ThrowableCollector.execute(ThrowableCollector.java:73)
	at org.junit.platform.engine.support.hierarchical.NodeTestTask.executeRecursively(NodeTestTask.java:122)
	at org.junit.platform.engine.support.hierarchical.NodeTestTask.execute(NodeTestTask.java:80)
	at org.junit.platform.engine.support.hierarchical.SameThreadHierarchicalTestExecutorService.submit(SameThreadHierarchicalTestExecutorService.java:32)
	at org.junit.platform.engine.support.hierarchical.HierarchicalTestExecutor.execute(HierarchicalTestExecutor.java:57)
	at org.junit.platform.engine.support.hierarchical.HierarchicalTestEngine.execute(HierarchicalTestEngine.java:51)
	at org.junit.platform.launcher.core.DefaultLauncher.execute(DefaultLauncher.java:248)
	at org.junit.platform.launcher.core.DefaultLauncher.lambda$execute$5(DefaultLauncher.java:211)
	at org.junit.platform.launcher.core.DefaultLauncher$$Lambda$143/233996206.accept(Unknown Source)
	at org.junit.platform.launcher.core.DefaultLauncher.withInterceptedStreams(DefaultLauncher.java:226)
	at org.junit.platform.launcher.core.DefaultLauncher.execute(DefaultLauncher.java:199)
	at org.junit.platform.launcher.core.DefaultLauncher.execute(DefaultLauncher.java:132)
	at org.apache.maven.surefire.junitplatform.JUnitPlatformProvider.invokeAllTests(JUnitPlatformProvider.java:142)
	at org.apache.maven.surefire.junitplatform.JUnitPlatformProvider.invoke(JUnitPlatformProvider.java:113)
	at org.apache.maven.surefire.booter.ForkedBooter.invokeProviderInSameClassLoader(ForkedBooter.java:384)
	at org.apache.maven.surefire.booter.ForkedBooter.runSuitesInProcess(ForkedBooter.java:345)
	at org.apache.maven.surefire.booter.ForkedBooter.execute(ForkedBooter.java:126)
	at org.apache.maven.surefire.booter.ForkedBooter.main(ForkedBooter.java:418)
2021-11-08 11:15:32,518 [myid:] - INFO  [main:FourLetterWordMain@94] - connecting to 127.0.0.1 30119
2021-11-08 11:15:32,518 [myid:1] - WARN  [nioEventLoopGroup-53-9:NettyServerCnxnFactory$CnxnChannelHandler@231] - Zookeeper server is not running, close the connection before starting the TLS handshake
2021-11-08 11:15:32,782 [myid:] - INFO  [main:FourLetterWordMain@94] - connecting to 127.0.0.1 30119
2021-11-08 11:15:32,784 [myid:1] - WARN  [nioEventLoopGroup-53-10:NettyServerCnxnFactory$CnxnChannelHandler@231] - Zookeeper server is not running, close the connection before starting the TLS handshake
2021-11-08 11:15:33,049 [myid:] - INFO  [main:FourLetterWordMain@94] - connecting to 127.0.0.1 30119
2021-11-08 11:15:33,049 [myid:1] - WARN  [nioEventLoopGroup-53-11:NettyServerCnxnFactory$CnxnChannelHandler@231] - Zookeeper server is not running, close the connection before starting the TLS handshake
2021-11-08 11:15:33,314 [myid:] - INFO  [main:FourLetterWordMain@94] - connecting to 127.0.0.1 30119
2021-11-08 11:15:33,314 [myid:1] - WARN  [nioEventLoopGroup-53-12:NettyServerCnxnFactory$CnxnChannelHandler@231] - Zookeeper server is not running, close the connection before starting the TLS handshake
2021-11-08 11:15:33,565 [myid:] - INFO  [main:FourLetterWordMain@94] - connecting to 127.0.0.1 30119
2021-11-08 11:15:33,565 [myid:1] - WARN  [nioEventLoopGroup-53-1:NettyServerCnxnFactory$CnxnChannelHandler@231] - Zookeeper server is not running, close the connection before starting the TLS handshake
2021-11-08 11:15:33,831 [myid:] - INFO  [main:FourLetterWordMain@94] - connecting to 127.0.0.1 30119
2021-11-08 11:15:33,832 [myid:1] - WARN  [nioEventLoopGroup-53-2:NettyServerCnxnFactory$CnxnChannelHandler@231] - Zookeeper server is not running, close the connection before starting the TLS handshake
2021-11-08 11:15:34,093 [myid:] - INFO  [main:FourLetterWordMain@94] - connecting to 127.0.0.1 30119
2021-11-08 11:15:34,093 [myid:1] - WARN  [nioEventLoopGroup-53-3:NettyServerCnxnFactory$CnxnChannelHandler@231] - Zookeeper server is not running, close the connection before starting the TLS handshake
2021-11-08 11:15:34,345 [myid:] - INFO  [main:FourLetterWordMain@94] - connecting to 127.0.0.1 30119
2021-11-08 11:15:34,345 [myid:1] - WARN  [nioEventLoopGroup-53-4:NettyServerCnxnFactory$CnxnChannelHandler@231] - Zookeeper server is not running, close the connection before starting the TLS handshake
2021-11-08 11:15:34,346 [myid:] - INFO  [main:QuorumBase@422] - Shutting down quorum peer QuorumPeer[myid=1](plain=[0:0:0:0:0:0:0:0]:30119)(secure=disabled)
2021-11-08 11:15:34,346 [myid:] - INFO  [main:NettyServerCnxnFactory@647] - shutdown called /0:0:0:0:0:0:0:0:30119
2021-11-08 11:15:34,348 [myid:1] - INFO  [QuorumPeerListener:QuorumCnxManager$Listener@980] - Leaving listener
2021-11-08 11:15:34,348 [myid:1] - WARN  [QuorumPeer[myid=1](plain=[0:0:0:0:0:0:0:0]:30119)(secure=disabled):QuorumPeer@1486] - Unexpected exception
java.lang.InterruptedException
	at java.util.concurrent.locks.AbstractQueuedSynchronizer$ConditionObject.reportInterruptAfterWait(AbstractQueuedSynchronizer.java:2014)
	at java.util.concurrent.locks.AbstractQueuedSynchronizer$ConditionObject.awaitNanos(AbstractQueuedSynchronizer.java:2088)
	at java.util.concurrent.LinkedBlockingQueue.poll(LinkedBlockingQueue.java:467)
	at org.apache.zookeeper.server.quorum.FastLeaderElection.lookForLeader(FastLeaderElection.java:966)
	at org.apache.zookeeper.server.quorum.QuorumPeer.run(QuorumPeer.java:1484)
2021-11-08 11:15:34,348 [myid:] - INFO  [main:QuorumBase@426] - Shutting down leader election QuorumPeer[myid=1](plain=[0:0:0:0:0:0:0:0]:30119)(secure=disabled)
2021-11-08 11:15:34,348 [myid:1] - INFO  [QuorumPeer[myid=1](plain=[0:0:0:0:0:0:0:0]:30119)(secure=disabled):QuorumPeer@915] - Peer state changed: looking
2021-11-08 11:15:34,349 [myid:1] - WARN  [QuorumPeer[myid=1](plain=[0:0:0:0:0:0:0:0]:30119)(secure=disabled):QuorumPeer@1545] - QuorumPeer main thread exited
2021-11-08 11:15:34,348 [myid:] - INFO  [main:QuorumBase@431] - Waiting for QuorumPeer[myid=1](plain=[0:0:0:0:0:0:0:0]:30119)(secure=disabled) to exit thread
2021-11-08 11:15:34,349 [myid:] - INFO  [main:QuorumBase@422] - Shutting down quorum peer QuorumPeer[myid=2](plain=[0:0:0:0:0:0:0:0]:30120)(secure=disabled)
2021-11-08 11:15:34,349 [myid:] - INFO  [main:NettyServerCnxnFactory@647] - shutdown called /0:0:0:0:0:0:0:0:30120
2021-11-08 11:15:34,350 [myid:2] - INFO  [QuorumPeerListener:QuorumCnxManager$Listener@980] - Leaving listener
2021-11-08 11:15:34,350 [myid:2] - WARN  [QuorumPeer[myid=2](plain=[0:0:0:0:0:0:0:0]:30120)(secure=disabled):QuorumPeer@1486] - Unexpected exception
java.lang.InterruptedException
	at java.util.concurrent.locks.AbstractQueuedSynchronizer$ConditionObject.reportInterruptAfterWait(AbstractQueuedSynchronizer.java:2014)
	at java.util.concurrent.locks.AbstractQueuedSynchronizer$ConditionObject.awaitNanos(AbstractQueuedSynchronizer.java:2088)
	at java.util.concurrent.LinkedBlockingQueue.poll(LinkedBlockingQueue.java:467)
	at org.apache.zookeeper.server.quorum.FastLeaderElection.lookForLeader(FastLeaderElection.java:966)
	at org.apache.zookeeper.server.quorum.QuorumPeer.run(QuorumPeer.java:1484)
2021-11-08 11:15:34,350 [myid:] - INFO  [main:QuorumBase@426] - Shutting down leader election QuorumPeer[myid=2](plain=[0:0:0:0:0:0:0:0]:30120)(secure=disabled)
2021-11-08 11:15:34,350 [myid:2] - INFO  [QuorumPeer[myid=2](plain=[0:0:0:0:0:0:0:0]:30120)(secure=disabled):QuorumPeer@915] - Peer state changed: looking
2021-11-08 11:15:34,351 [myid:2] - WARN  [QuorumPeer[myid=2](plain=[0:0:0:0:0:0:0:0]:30120)(secure=disabled):QuorumPeer@1545] - QuorumPeer main thread exited
2021-11-08 11:15:34,351 [myid:] - INFO  [main:QuorumBase@431] - Waiting for QuorumPeer[myid=2](plain=[0:0:0:0:0:0:0:0]:30120)(secure=disabled) to exit thread
2021-11-08 11:15:34,351 [myid:] - INFO  [main:QuorumPeerTestBase@64] - No servers to shutdown!
2021-11-08 11:15:34,351 [myid:] - INFO  [main:ZKTestCase@82] - FINISHED Optional[public void org.apache.zookeeper.server.quorum.QuorumSSLTest.testQuorumSSLWithMultipleAddresses() throws java.lang.Exception]
]]></system-out>
    <system-err><![CDATA[Exception in thread "QuorumConnectionThread-[myid=1]-1" java.lang.IllegalArgumentException: Cannot support TLS_ECDHE_ECDSA_WITH_AES_256_CBC_SHA384 with currently installed providers
	at sun.security.ssl.CipherSuiteList.<init>(CipherSuiteList.java:92)
	at sun.security.ssl.SSLSocketImpl.setEnabledCipherSuites(SSLSocketImpl.java:2419)
	at javax.net.ssl.SSLSocket.setSSLParameters(SSLSocket.java:650)
	at sun.security.ssl.SSLSocketImpl.setSSLParameters(SSLSocketImpl.java:2544)
	at org.apache.zookeeper.common.SSLContextAndOptions.configureSSLSocket(SSLContextAndOptions.java:125)
	at org.apache.zookeeper.common.SSLContextAndOptions.createSSLSocket(SSLContextAndOptions.java:80)
	at org.apache.zookeeper.common.X509Util.createSSLSocket(X509Util.java:517)
	at org.apache.zookeeper.server.quorum.QuorumCnxManager.initiateConnection(QuorumCnxManager.java:379)
	at org.apache.zookeeper.server.quorum.QuorumCnxManager$QuorumConnectionReqThread.run(QuorumCnxManager.java:458)
	at java.util.concurrent.ThreadPoolExecutor.runWorker(ThreadPoolExecutor.java:1142)
	at java.util.concurrent.ThreadPoolExecutor$Worker.run(ThreadPoolExecutor.java:617)
	at java.lang.Thread.run(Thread.java:745)
Exception in thread "QuorumConnectionThread-[myid=1]-2" java.lang.IllegalArgumentException: Cannot support TLS_ECDHE_ECDSA_WITH_AES_256_CBC_SHA384 with currently installed providers
	at sun.security.ssl.CipherSuiteList.<init>(CipherSuiteList.java:92)
	at sun.security.ssl.SSLSocketImpl.setEnabledCipherSuites(SSLSocketImpl.java:2419)
	at javax.net.ssl.SSLSocket.setSSLParameters(SSLSocket.java:650)
	at sun.security.ssl.SSLSocketImpl.setSSLParameters(SSLSocketImpl.java:2544)
	at org.apache.zookeeper.common.SSLContextAndOptions.configureSSLSocket(SSLContextAndOptions.java:125)
	at org.apache.zookeeper.common.SSLContextAndOptions.createSSLSocket(SSLContextAndOptions.java:80)
	at org.apache.zookeeper.common.X509Util.createSSLSocket(X509Util.java:517)
	at org.apache.zookeeper.server.quorum.QuorumCnxManager.initiateConnection(QuorumCnxManager.java:379)
	at org.apache.zookeeper.server.quorum.QuorumCnxManager$QuorumConnectionReqThread.run(QuorumCnxManager.java:458)
	at java.util.concurrent.ThreadPoolExecutor.runWorker(ThreadPoolExecutor.java:1142)
	at java.util.concurrent.ThreadPoolExecutor$Worker.run(ThreadPoolExecutor.java:617)
	at java.lang.Thread.run(Thread.java:745)
Exception in thread "QuorumConnectionThread-[myid=2]-2" java.lang.IllegalArgumentException: Cannot support TLS_ECDHE_ECDSA_WITH_AES_256_CBC_SHA384 with currently installed providers
	at sun.security.ssl.CipherSuiteList.<init>(CipherSuiteList.java:92)
	at sun.security.ssl.SSLSocketImpl.setEnabledCipherSuites(SSLSocketImpl.java:2419)
	at javax.net.ssl.SSLSocket.setSSLParameters(SSLSocket.java:650)
	at sun.security.ssl.SSLSocketImpl.setSSLParameters(SSLSocketImpl.java:2544)
	at org.apache.zookeeper.common.SSLContextAndOptions.configureSSLSocket(SSLContextAndOptions.java:125)
	at org.apache.zookeeper.common.SSLContextAndOptions.createSSLSocket(SSLContextAndOptions.java:80)
	at org.apache.zookeeper.common.X509Util.createSSLSocket(X509Util.java:517)
	at org.apache.zookeeper.server.quorum.QuorumCnxManager.initiateConnection(QuorumCnxManager.java:379)
	at org.apache.zookeeper.server.quorum.QuorumCnxManager$QuorumConnectionReqThread.run(QuorumCnxManager.java:458)
	at java.util.concurrent.ThreadPoolExecutor.runWorker(ThreadPoolExecutor.java:1142)
	at java.util.concurrent.ThreadPoolExecutor$Worker.run(ThreadPoolExecutor.java:617)
	at java.lang.Thread.run(Thread.java:745)
Exception in thread "QuorumConnectionThread-[myid=2]-1" java.lang.IllegalArgumentException: Cannot support TLS_ECDHE_ECDSA_WITH_AES_256_CBC_SHA384 with currently installed providers
	at sun.security.ssl.CipherSuiteList.<init>(CipherSuiteList.java:92)
	at sun.security.ssl.SSLSocketImpl.setEnabledCipherSuites(SSLSocketImpl.java:2419)
	at javax.net.ssl.SSLSocket.setSSLParameters(SSLSocket.java:650)
	at sun.security.ssl.SSLSocketImpl.setSSLParameters(SSLSocketImpl.java:2544)
	at org.apache.zookeeper.common.SSLContextAndOptions.configureSSLSocket(SSLContextAndOptions.java:125)
	at org.apache.zookeeper.common.SSLContextAndOptions.createSSLSocket(SSLContextAndOptions.java:80)
	at org.apache.zookeeper.common.X509Util.createSSLSocket(X509Util.java:517)
	at org.apache.zookeeper.server.quorum.QuorumCnxManager.initiateConnection(QuorumCnxManager.java:379)
	at org.apache.zookeeper.server.quorum.QuorumCnxManager$QuorumConnectionReqThread.run(QuorumCnxManager.java:458)
	at java.util.concurrent.ThreadPoolExecutor.runWorker(ThreadPoolExecutor.java:1142)
	at java.util.concurrent.ThreadPoolExecutor$Worker.run(ThreadPoolExecutor.java:617)
	at java.lang.Thread.run(Thread.java:745)
Exception in thread "QuorumConnectionThread-[myid=1]-4" java.lang.IllegalArgumentException: Cannot support TLS_ECDHE_ECDSA_WITH_AES_256_CBC_SHA384 with currently installed providers
	at sun.security.ssl.CipherSuiteList.<init>(CipherSuiteList.java:92)
	at sun.security.ssl.SSLSocketImpl.setEnabledCipherSuites(SSLSocketImpl.java:2419)
	at javax.net.ssl.SSLSocket.setSSLParameters(SSLSocket.java:650)
	at sun.security.ssl.SSLSocketImpl.setSSLParameters(SSLSocketImpl.java:2544)
	at org.apache.zookeeper.common.SSLContextAndOptions.configureSSLSocket(SSLContextAndOptions.java:125)
	at org.apache.zookeeper.common.SSLContextAndOptions.createSSLSocket(SSLContextAndOptions.java:80)
	at org.apache.zookeeper.common.X509Util.createSSLSocket(X509Util.java:517)
	at org.apache.zookeeper.server.quorum.QuorumCnxManager.initiateConnection(QuorumCnxManager.java:379)
	at org.apache.zookeeper.server.quorum.QuorumCnxManager$QuorumConnectionReqThread.run(QuorumCnxManager.java:458)
	at java.util.concurrent.ThreadPoolExecutor.runWorker(ThreadPoolExecutor.java:1142)
	at java.util.concurrent.ThreadPoolExecutor$Worker.run(ThreadPoolExecutor.java:617)
	at java.lang.Thread.run(Thread.java:745)
Exception in thread "QuorumConnectionThread-[myid=1]-5" java.lang.IllegalArgumentException: Cannot support TLS_ECDHE_ECDSA_WITH_AES_256_CBC_SHA384 with currently installed providers
	at sun.security.ssl.CipherSuiteList.<init>(CipherSuiteList.java:92)
	at sun.security.ssl.SSLSocketImpl.setEnabledCipherSuites(SSLSocketImpl.java:2419)
	at javax.net.ssl.SSLSocket.setSSLParameters(SSLSocket.java:650)
	at sun.security.ssl.SSLSocketImpl.setSSLParameters(SSLSocketImpl.java:2544)
	at org.apache.zookeeper.common.SSLContextAndOptions.configureSSLSocket(SSLContextAndOptions.java:125)
	at org.apache.zookeeper.common.SSLContextAndOptions.createSSLSocket(SSLContextAndOptions.java:80)
	at org.apache.zookeeper.common.X509Util.createSSLSocket(X509Util.java:517)
	at org.apache.zookeeper.server.quorum.QuorumCnxManager.initiateConnection(QuorumCnxManager.java:379)
	at org.apache.zookeeper.server.quorum.QuorumCnxManager$QuorumConnectionReqThread.run(QuorumCnxManager.java:458)
	at java.util.concurrent.ThreadPoolExecutor.runWorker(ThreadPoolExecutor.java:1142)
	at java.util.concurrent.ThreadPoolExecutor$Worker.run(ThreadPoolExecutor.java:617)
	at java.lang.Thread.run(Thread.java:745)
Exception in thread "QuorumConnectionThread-[myid=2]-5" java.lang.IllegalArgumentException: Cannot support TLS_ECDHE_ECDSA_WITH_AES_256_CBC_SHA384 with currently installed providers
	at sun.security.ssl.CipherSuiteList.<init>(CipherSuiteList.java:92)
	at sun.security.ssl.SSLSocketImpl.setEnabledCipherSuites(SSLSocketImpl.java:2419)
	at javax.net.ssl.SSLSocket.setSSLParameters(SSLSocket.java:650)
	at sun.security.ssl.SSLSocketImpl.setSSLParameters(SSLSocketImpl.java:2544)
	at org.apache.zookeeper.common.SSLContextAndOptions.configureSSLSocket(SSLContextAndOptions.java:125)
	at org.apache.zookeeper.common.SSLContextAndOptions.createSSLSocket(SSLContextAndOptions.java:80)
	at org.apache.zookeeper.common.X509Util.createSSLSocket(X509Util.java:517)
	at org.apache.zookeeper.server.quorum.QuorumCnxManager.initiateConnection(QuorumCnxManager.java:379)
	at org.apache.zookeeper.server.quorum.QuorumCnxManager$QuorumConnectionReqThread.run(QuorumCnxManager.java:458)
	at java.util.concurrent.ThreadPoolExecutor.runWorker(ThreadPoolExecutor.java:1142)
	at java.util.concurrent.ThreadPoolExecutor$Worker.run(ThreadPoolExecutor.java:617)
	at java.lang.Thread.run(Thread.java:745)
Exception in thread "QuorumConnectionThread-[myid=2]-4" java.lang.IllegalArgumentException: Cannot support TLS_ECDHE_ECDSA_WITH_AES_256_CBC_SHA384 with currently installed providers
	at sun.security.ssl.CipherSuiteList.<init>(CipherSuiteList.java:92)
	at sun.security.ssl.SSLSocketImpl.setEnabledCipherSuites(SSLSocketImpl.java:2419)
	at javax.net.ssl.SSLSocket.setSSLParameters(SSLSocket.java:650)
	at sun.security.ssl.SSLSocketImpl.setSSLParameters(SSLSocketImpl.java:2544)
	at org.apache.zookeeper.common.SSLContextAndOptions.configureSSLSocket(SSLContextAndOptions.java:125)
	at org.apache.zookeeper.common.SSLContextAndOptions.createSSLSocket(SSLContextAndOptions.java:80)
	at org.apache.zookeeper.common.X509Util.createSSLSocket(X509Util.java:517)
	at org.apache.zookeeper.server.quorum.QuorumCnxManager.initiateConnection(QuorumCnxManager.java:379)
	at org.apache.zookeeper.server.quorum.QuorumCnxManager$QuorumConnectionReqThread.run(QuorumCnxManager.java:458)
	at java.util.concurrent.ThreadPoolExecutor.runWorker(ThreadPoolExecutor.java:1142)
	at java.util.concurrent.ThreadPoolExecutor$Worker.run(ThreadPoolExecutor.java:617)
	at java.lang.Thread.run(Thread.java:745)
Exception in thread "QuorumConnectionThread-[myid=1]-6" java.lang.IllegalArgumentException: Cannot support TLS_ECDHE_ECDSA_WITH_AES_256_CBC_SHA384 with currently installed providers
	at sun.security.ssl.CipherSuiteList.<init>(CipherSuiteList.java:92)
	at sun.security.ssl.SSLSocketImpl.setEnabledCipherSuites(SSLSocketImpl.java:2419)
	at javax.net.ssl.SSLSocket.setSSLParameters(SSLSocket.java:650)
	at sun.security.ssl.SSLSocketImpl.setSSLParameters(SSLSocketImpl.java:2544)
	at org.apache.zookeeper.common.SSLContextAndOptions.configureSSLSocket(SSLContextAndOptions.java:125)
	at org.apache.zookeeper.common.SSLContextAndOptions.createSSLSocket(SSLContextAndOptions.java:80)
	at org.apache.zookeeper.common.X509Util.createSSLSocket(X509Util.java:517)
	at org.apache.zookeeper.server.quorum.QuorumCnxManager.initiateConnection(QuorumCnxManager.java:379)
	at org.apache.zookeeper.server.quorum.QuorumCnxManager$QuorumConnectionReqThread.run(QuorumCnxManager.java:458)
	at java.util.concurrent.ThreadPoolExecutor.runWorker(ThreadPoolExecutor.java:1142)
	at java.util.concurrent.ThreadPoolExecutor$Worker.run(ThreadPoolExecutor.java:617)
	at java.lang.Thread.run(Thread.java:745)
Exception in thread "QuorumConnectionThread-[myid=1]-7" java.lang.IllegalArgumentException: Cannot support TLS_ECDHE_ECDSA_WITH_AES_256_CBC_SHA384 with currently installed providers
	at sun.security.ssl.CipherSuiteList.<init>(CipherSuiteList.java:92)
	at sun.security.ssl.SSLSocketImpl.setEnabledCipherSuites(SSLSocketImpl.java:2419)
	at javax.net.ssl.SSLSocket.setSSLParameters(SSLSocket.java:650)
	at sun.security.ssl.SSLSocketImpl.setSSLParameters(SSLSocketImpl.java:2544)
	at org.apache.zookeeper.common.SSLContextAndOptions.configureSSLSocket(SSLContextAndOptions.java:125)
	at org.apache.zookeeper.common.SSLContextAndOptions.createSSLSocket(SSLContextAndOptions.java:80)
	at org.apache.zookeeper.common.X509Util.createSSLSocket(X509Util.java:517)
	at org.apache.zookeeper.server.quorum.QuorumCnxManager.initiateConnection(QuorumCnxManager.java:379)
	at org.apache.zookeeper.server.quorum.QuorumCnxManager$QuorumConnectionReqThread.run(QuorumCnxManager.java:458)
	at java.util.concurrent.ThreadPoolExecutor.runWorker(ThreadPoolExecutor.java:1142)
	at java.util.concurrent.ThreadPoolExecutor$Worker.run(ThreadPoolExecutor.java:617)
	at java.lang.Thread.run(Thread.java:745)
Exception in thread "QuorumConnectionThread-[myid=2]-7" java.lang.IllegalArgumentException: Cannot support TLS_ECDHE_ECDSA_WITH_AES_256_CBC_SHA384 with currently installed providers
	at sun.security.ssl.CipherSuiteList.<init>(CipherSuiteList.java:92)
	at sun.security.ssl.SSLSocketImpl.setEnabledCipherSuites(SSLSocketImpl.java:2419)
	at javax.net.ssl.SSLSocket.setSSLParameters(SSLSocket.java:650)
	at sun.security.ssl.SSLSocketImpl.setSSLParameters(SSLSocketImpl.java:2544)
	at org.apache.zookeeper.common.SSLContextAndOptions.configureSSLSocket(SSLContextAndOptions.java:125)
	at org.apache.zookeeper.common.SSLContextAndOptions.createSSLSocket(SSLContextAndOptions.java:80)
	at org.apache.zookeeper.common.X509Util.createSSLSocket(X509Util.java:517)
	at org.apache.zookeeper.server.quorum.QuorumCnxManager.initiateConnection(QuorumCnxManager.java:379)
	at org.apache.zookeeper.server.quorum.QuorumCnxManager$QuorumConnectionReqThread.run(QuorumCnxManager.java:458)
	at java.util.concurrent.ThreadPoolExecutor.runWorker(ThreadPoolExecutor.java:1142)
	at java.util.concurrent.ThreadPoolExecutor$Worker.run(ThreadPoolExecutor.java:617)
	at java.lang.Thread.run(Thread.java:745)
Exception in thread "QuorumConnectionThread-[myid=2]-6" java.lang.IllegalArgumentException: Cannot support TLS_ECDHE_ECDSA_WITH_AES_256_CBC_SHA384 with currently installed providers
	at sun.security.ssl.CipherSuiteList.<init>(CipherSuiteList.java:92)
	at sun.security.ssl.SSLSocketImpl.setEnabledCipherSuites(SSLSocketImpl.java:2419)
	at javax.net.ssl.SSLSocket.setSSLParameters(SSLSocket.java:650)
	at sun.security.ssl.SSLSocketImpl.setSSLParameters(SSLSocketImpl.java:2544)
	at org.apache.zookeeper.common.SSLContextAndOptions.configureSSLSocket(SSLContextAndOptions.java:125)
	at org.apache.zookeeper.common.SSLContextAndOptions.createSSLSocket(SSLContextAndOptions.java:80)
	at org.apache.zookeeper.common.X509Util.createSSLSocket(X509Util.java:517)
	at org.apache.zookeeper.server.quorum.QuorumCnxManager.initiateConnection(QuorumCnxManager.java:379)
	at org.apache.zookeeper.server.quorum.QuorumCnxManager$QuorumConnectionReqThread.run(QuorumCnxManager.java:458)
	at java.util.concurrent.ThreadPoolExecutor.runWorker(ThreadPoolExecutor.java:1142)
	at java.util.concurrent.ThreadPoolExecutor$Worker.run(ThreadPoolExecutor.java:617)
	at java.lang.Thread.run(Thread.java:745)
Exception in thread "QuorumConnectionThread-[myid=1]-9" java.lang.IllegalArgumentException: Cannot support TLS_ECDHE_ECDSA_WITH_AES_256_CBC_SHA384 with currently installed providers
	at sun.security.ssl.CipherSuiteList.<init>(CipherSuiteList.java:92)
	at sun.security.ssl.SSLSocketImpl.setEnabledCipherSuites(SSLSocketImpl.java:2419)
	at javax.net.ssl.SSLSocket.setSSLParameters(SSLSocket.java:650)
	at sun.security.ssl.SSLSocketImpl.setSSLParameters(SSLSocketImpl.java:2544)
	at org.apache.zookeeper.common.SSLContextAndOptions.configureSSLSocket(SSLContextAndOptions.java:125)
	at org.apache.zookeeper.common.SSLContextAndOptions.createSSLSocket(SSLContextAndOptions.java:80)
	at org.apache.zookeeper.common.X509Util.createSSLSocket(X509Util.java:517)
	at org.apache.zookeeper.server.quorum.QuorumCnxManager.initiateConnection(QuorumCnxManager.java:379)
	at org.apache.zookeeper.server.quorum.QuorumCnxManager$QuorumConnectionReqThread.run(QuorumCnxManager.java:458)
	at java.util.concurrent.ThreadPoolExecutor.runWorker(ThreadPoolExecutor.java:1142)
	at java.util.concurrent.ThreadPoolExecutor$Worker.run(ThreadPoolExecutor.java:617)
	at java.lang.Thread.run(Thread.java:745)
Exception in thread "QuorumConnectionThread-[myid=1]-8" java.lang.IllegalArgumentException: Cannot support TLS_ECDHE_ECDSA_WITH_AES_256_CBC_SHA384 with currently installed providers
	at sun.security.ssl.CipherSuiteList.<init>(CipherSuiteList.java:92)
	at sun.security.ssl.SSLSocketImpl.setEnabledCipherSuites(SSLSocketImpl.java:2419)
	at javax.net.ssl.SSLSocket.setSSLParameters(SSLSocket.java:650)
	at sun.security.ssl.SSLSocketImpl.setSSLParameters(SSLSocketImpl.java:2544)
	at org.apache.zookeeper.common.SSLContextAndOptions.configureSSLSocket(SSLContextAndOptions.java:125)
	at org.apache.zookeeper.common.SSLContextAndOptions.createSSLSocket(SSLContextAndOptions.java:80)
	at org.apache.zookeeper.common.X509Util.createSSLSocket(X509Util.java:517)
	at org.apache.zookeeper.server.quorum.QuorumCnxManager.initiateConnection(QuorumCnxManager.java:379)
	at org.apache.zookeeper.server.quorum.QuorumCnxManager$QuorumConnectionReqThread.run(QuorumCnxManager.java:458)
	at java.util.concurrent.ThreadPoolExecutor.runWorker(ThreadPoolExecutor.java:1142)
	at java.util.concurrent.ThreadPoolExecutor$Worker.run(ThreadPoolExecutor.java:617)
	at java.lang.Thread.run(Thread.java:745)
Exception in thread "QuorumConnectionThread-[myid=2]-9" java.lang.IllegalArgumentException: Cannot support TLS_ECDHE_ECDSA_WITH_AES_256_CBC_SHA384 with currently installed providers
	at sun.security.ssl.CipherSuiteList.<init>(CipherSuiteList.java:92)
	at sun.security.ssl.SSLSocketImpl.setEnabledCipherSuites(SSLSocketImpl.java:2419)
	at javax.net.ssl.SSLSocket.setSSLParameters(SSLSocket.java:650)
	at sun.security.ssl.SSLSocketImpl.setSSLParameters(SSLSocketImpl.java:2544)
	at org.apache.zookeeper.common.SSLContextAndOptions.configureSSLSocket(SSLContextAndOptions.java:125)
	at org.apache.zookeeper.common.SSLContextAndOptions.createSSLSocket(SSLContextAndOptions.java:80)
	at org.apache.zookeeper.common.X509Util.createSSLSocket(X509Util.java:517)
	at org.apache.zookeeper.server.quorum.QuorumCnxManager.initiateConnection(QuorumCnxManager.java:379)
	at org.apache.zookeeper.server.quorum.QuorumCnxManager$QuorumConnectionReqThread.run(QuorumCnxManager.java:458)
	at java.util.concurrent.ThreadPoolExecutor.runWorker(ThreadPoolExecutor.java:1142)
	at java.util.concurrent.ThreadPoolExecutor$Worker.run(ThreadPoolExecutor.java:617)
	at java.lang.Thread.run(Thread.java:745)
Exception in thread "QuorumConnectionThread-[myid=2]-8" java.lang.IllegalArgumentException: Cannot support TLS_ECDHE_ECDSA_WITH_AES_256_CBC_SHA384 with currently installed providers
	at sun.security.ssl.CipherSuiteList.<init>(CipherSuiteList.java:92)
	at sun.security.ssl.SSLSocketImpl.setEnabledCipherSuites(SSLSocketImpl.java:2419)
	at javax.net.ssl.SSLSocket.setSSLParameters(SSLSocket.java:650)
	at sun.security.ssl.SSLSocketImpl.setSSLParameters(SSLSocketImpl.java:2544)
	at org.apache.zookeeper.common.SSLContextAndOptions.configureSSLSocket(SSLContextAndOptions.java:125)
	at org.apache.zookeeper.common.SSLContextAndOptions.createSSLSocket(SSLContextAndOptions.java:80)
	at org.apache.zookeeper.common.X509Util.createSSLSocket(X509Util.java:517)
	at org.apache.zookeeper.server.quorum.QuorumCnxManager.initiateConnection(QuorumCnxManager.java:379)
	at org.apache.zookeeper.server.quorum.QuorumCnxManager$QuorumConnectionReqThread.run(QuorumCnxManager.java:458)
	at java.util.concurrent.ThreadPoolExecutor.runWorker(ThreadPoolExecutor.java:1142)
	at java.util.concurrent.ThreadPoolExecutor$Worker.run(ThreadPoolExecutor.java:617)
	at java.lang.Thread.run(Thread.java:745)
Exception in thread "QuorumConnectionThread-[myid=1]-11" java.lang.IllegalArgumentException: Cannot support TLS_ECDHE_ECDSA_WITH_AES_256_CBC_SHA384 with currently installed providers
	at sun.security.ssl.CipherSuiteList.<init>(CipherSuiteList.java:92)
	at sun.security.ssl.SSLSocketImpl.setEnabledCipherSuites(SSLSocketImpl.java:2419)
	at javax.net.ssl.SSLSocket.setSSLParameters(SSLSocket.java:650)
	at sun.security.ssl.SSLSocketImpl.setSSLParameters(SSLSocketImpl.java:2544)
	at org.apache.zookeeper.common.SSLContextAndOptions.configureSSLSocket(SSLContextAndOptions.java:125)
	at org.apache.zookeeper.common.SSLContextAndOptions.createSSLSocket(SSLContextAndOptions.java:80)
	at org.apache.zookeeper.common.X509Util.createSSLSocket(X509Util.java:517)
	at org.apache.zookeeper.server.quorum.QuorumCnxManager.initiateConnection(QuorumCnxManager.java:379)
	at org.apache.zookeeper.server.quorum.QuorumCnxManager$QuorumConnectionReqThread.run(QuorumCnxManager.java:458)
	at java.util.concurrent.ThreadPoolExecutor.runWorker(ThreadPoolExecutor.java:1142)
	at java.util.concurrent.ThreadPoolExecutor$Worker.run(ThreadPoolExecutor.java:617)
	at java.lang.Thread.run(Thread.java:745)
Exception in thread "QuorumConnectionThread-[myid=1]-10" java.lang.IllegalArgumentException: Cannot support TLS_ECDHE_ECDSA_WITH_AES_256_CBC_SHA384 with currently installed providers
	at sun.security.ssl.CipherSuiteList.<init>(CipherSuiteList.java:92)
	at sun.security.ssl.SSLSocketImpl.setEnabledCipherSuites(SSLSocketImpl.java:2419)
	at javax.net.ssl.SSLSocket.setSSLParameters(SSLSocket.java:650)
	at sun.security.ssl.SSLSocketImpl.setSSLParameters(SSLSocketImpl.java:2544)
	at org.apache.zookeeper.common.SSLContextAndOptions.configureSSLSocket(SSLContextAndOptions.java:125)
	at org.apache.zookeeper.common.SSLContextAndOptions.createSSLSocket(SSLContextAndOptions.java:80)
	at org.apache.zookeeper.common.X509Util.createSSLSocket(X509Util.java:517)
	at org.apache.zookeeper.server.quorum.QuorumCnxManager.initiateConnection(QuorumCnxManager.java:379)
	at org.apache.zookeeper.server.quorum.QuorumCnxManager$QuorumConnectionReqThread.run(QuorumCnxManager.java:458)
	at java.util.concurrent.ThreadPoolExecutor.runWorker(ThreadPoolExecutor.java:1142)
	at java.util.concurrent.ThreadPoolExecutor$Worker.run(ThreadPoolExecutor.java:617)
	at java.lang.Thread.run(Thread.java:745)
Exception in thread "QuorumConnectionThread-[myid=2]-11" java.lang.IllegalArgumentException: Cannot support TLS_ECDHE_ECDSA_WITH_AES_256_CBC_SHA384 with currently installed providers
	at sun.security.ssl.CipherSuiteList.<init>(CipherSuiteList.java:92)
	at sun.security.ssl.SSLSocketImpl.setEnabledCipherSuites(SSLSocketImpl.java:2419)
	at javax.net.ssl.SSLSocket.setSSLParameters(SSLSocket.java:650)
	at sun.security.ssl.SSLSocketImpl.setSSLParameters(SSLSocketImpl.java:2544)
	at org.apache.zookeeper.common.SSLContextAndOptions.configureSSLSocket(SSLContextAndOptions.java:125)
	at org.apache.zookeeper.common.SSLContextAndOptions.createSSLSocket(SSLContextAndOptions.java:80)
	at org.apache.zookeeper.common.X509Util.createSSLSocket(X509Util.java:517)
	at org.apache.zookeeper.server.quorum.QuorumCnxManager.initiateConnection(QuorumCnxManager.java:379)
	at org.apache.zookeeper.server.quorum.QuorumCnxManager$QuorumConnectionReqThread.run(QuorumCnxManager.java:458)
	at java.util.concurrent.ThreadPoolExecutor.runWorker(ThreadPoolExecutor.java:1142)
	at java.util.concurrent.ThreadPoolExecutor$Worker.run(ThreadPoolExecutor.java:617)
	at java.lang.Thread.run(Thread.java:745)
Exception in thread "QuorumConnectionThread-[myid=2]-10" java.lang.IllegalArgumentException: Cannot support TLS_ECDHE_ECDSA_WITH_AES_256_CBC_SHA384 with currently installed providers
	at sun.security.ssl.CipherSuiteList.<init>(CipherSuiteList.java:92)
	at sun.security.ssl.SSLSocketImpl.setEnabledCipherSuites(SSLSocketImpl.java:2419)
	at javax.net.ssl.SSLSocket.setSSLParameters(SSLSocket.java:650)
	at sun.security.ssl.SSLSocketImpl.setSSLParameters(SSLSocketImpl.java:2544)
	at org.apache.zookeeper.common.SSLContextAndOptions.configureSSLSocket(SSLContextAndOptions.java:125)
	at org.apache.zookeeper.common.SSLContextAndOptions.createSSLSocket(SSLContextAndOptions.java:80)
	at org.apache.zookeeper.common.X509Util.createSSLSocket(X509Util.java:517)
	at org.apache.zookeeper.server.quorum.QuorumCnxManager.initiateConnection(QuorumCnxManager.java:379)
	at org.apache.zookeeper.server.quorum.QuorumCnxManager$QuorumConnectionReqThread.run(QuorumCnxManager.java:458)
	at java.util.concurrent.ThreadPoolExecutor.runWorker(ThreadPoolExecutor.java:1142)
	at java.util.concurrent.ThreadPoolExecutor$Worker.run(ThreadPoolExecutor.java:617)
	at java.lang.Thread.run(Thread.java:745)
Exception in thread "QuorumConnectionThread-[myid=1]-13" java.lang.IllegalArgumentException: Cannot support TLS_ECDHE_ECDSA_WITH_AES_256_CBC_SHA384 with currently installed providers
	at sun.security.ssl.CipherSuiteList.<init>(CipherSuiteList.java:92)
	at sun.security.ssl.SSLSocketImpl.setEnabledCipherSuites(SSLSocketImpl.java:2419)
	at javax.net.ssl.SSLSocket.setSSLParameters(SSLSocket.java:650)
	at sun.security.ssl.SSLSocketImpl.setSSLParameters(SSLSocketImpl.java:2544)
	at org.apache.zookeeper.common.SSLContextAndOptions.configureSSLSocket(SSLContextAndOptions.java:125)
	at org.apache.zookeeper.common.SSLContextAndOptions.createSSLSocket(SSLContextAndOptions.java:80)
	at org.apache.zookeeper.common.X509Util.createSSLSocket(X509Util.java:517)
	at org.apache.zookeeper.server.quorum.QuorumCnxManager.initiateConnection(QuorumCnxManager.java:379)
	at org.apache.zookeeper.server.quorum.QuorumCnxManager$QuorumConnectionReqThread.run(QuorumCnxManager.java:458)
	at java.util.concurrent.ThreadPoolExecutor.runWorker(ThreadPoolExecutor.java:1142)
	at java.util.concurrent.ThreadPoolExecutor$Worker.run(ThreadPoolExecutor.java:617)
	at java.lang.Thread.run(Thread.java:745)
Exception in thread "QuorumConnectionThread-[myid=1]-12" java.lang.IllegalArgumentException: Cannot support TLS_ECDHE_ECDSA_WITH_AES_256_CBC_SHA384 with currently installed providers
	at sun.security.ssl.CipherSuiteList.<init>(CipherSuiteList.java:92)
	at sun.security.ssl.SSLSocketImpl.setEnabledCipherSuites(SSLSocketImpl.java:2419)
	at javax.net.ssl.SSLSocket.setSSLParameters(SSLSocket.java:650)
	at sun.security.ssl.SSLSocketImpl.setSSLParameters(SSLSocketImpl.java:2544)
	at org.apache.zookeeper.common.SSLContextAndOptions.configureSSLSocket(SSLContextAndOptions.java:125)
	at org.apache.zookeeper.common.SSLContextAndOptions.createSSLSocket(SSLContextAndOptions.java:80)
	at org.apache.zookeeper.common.X509Util.createSSLSocket(X509Util.java:517)
	at org.apache.zookeeper.server.quorum.QuorumCnxManager.initiateConnection(QuorumCnxManager.java:379)
	at org.apache.zookeeper.server.quorum.QuorumCnxManager$QuorumConnectionReqThread.run(QuorumCnxManager.java:458)
	at java.util.concurrent.ThreadPoolExecutor.runWorker(ThreadPoolExecutor.java:1142)
	at java.util.concurrent.ThreadPoolExecutor$Worker.run(ThreadPoolExecutor.java:617)
	at java.lang.Thread.run(Thread.java:745)
Exception in thread "QuorumConnectionThread-[myid=2]-12" java.lang.IllegalArgumentException: Cannot support TLS_ECDHE_ECDSA_WITH_AES_256_CBC_SHA384 with currently installed providers
	at sun.security.ssl.CipherSuiteList.<init>(CipherSuiteList.java:92)
	at sun.security.ssl.SSLSocketImpl.setEnabledCipherSuites(SSLSocketImpl.java:2419)
	at javax.net.ssl.SSLSocket.setSSLParameters(SSLSocket.java:650)
	at sun.security.ssl.SSLSocketImpl.setSSLParameters(SSLSocketImpl.java:2544)
	at org.apache.zookeeper.common.SSLContextAndOptions.configureSSLSocket(SSLContextAndOptions.java:125)
	at org.apache.zookeeper.common.SSLContextAndOptions.createSSLSocket(SSLContextAndOptions.java:80)
	at org.apache.zookeeper.common.X509Util.createSSLSocket(X509Util.java:517)
	at org.apache.zookeeper.server.quorum.QuorumCnxManager.initiateConnection(QuorumCnxManager.java:379)
	at org.apache.zookeeper.server.quorum.QuorumCnxManager$QuorumConnectionReqThread.run(QuorumCnxManager.java:458)
	at java.util.concurrent.ThreadPoolExecutor.runWorker(ThreadPoolExecutor.java:1142)
	at java.util.concurrent.ThreadPoolExecutor$Worker.run(ThreadPoolExecutor.java:617)
	at java.lang.Thread.run(Thread.java:745)
Exception in thread "QuorumConnectionThread-[myid=2]-13" java.lang.IllegalArgumentException: Cannot support TLS_ECDHE_ECDSA_WITH_AES_256_CBC_SHA384 with currently installed providers
	at sun.security.ssl.CipherSuiteList.<init>(CipherSuiteList.java:92)
	at sun.security.ssl.SSLSocketImpl.setEnabledCipherSuites(SSLSocketImpl.java:2419)
	at javax.net.ssl.SSLSocket.setSSLParameters(SSLSocket.java:650)
	at sun.security.ssl.SSLSocketImpl.setSSLParameters(SSLSocketImpl.java:2544)
	at org.apache.zookeeper.common.SSLContextAndOptions.configureSSLSocket(SSLContextAndOptions.java:125)
	at org.apache.zookeeper.common.SSLContextAndOptions.createSSLSocket(SSLContextAndOptions.java:80)
	at org.apache.zookeeper.common.X509Util.createSSLSocket(X509Util.java:517)
	at org.apache.zookeeper.server.quorum.QuorumCnxManager.initiateConnection(QuorumCnxManager.java:379)
	at org.apache.zookeeper.server.quorum.QuorumCnxManager$QuorumConnectionReqThread.run(QuorumCnxManager.java:458)
	at java.util.concurrent.ThreadPoolExecutor.runWorker(ThreadPoolExecutor.java:1142)
	at java.util.concurrent.ThreadPoolExecutor$Worker.run(ThreadPoolExecutor.java:617)
	at java.lang.Thread.run(Thread.java:745)
Exception in thread "QuorumConnectionThread-[myid=1]-15" java.lang.IllegalArgumentException: Cannot support TLS_ECDHE_ECDSA_WITH_AES_256_CBC_SHA384 with currently installed providers
	at sun.security.ssl.CipherSuiteList.<init>(CipherSuiteList.java:92)
	at sun.security.ssl.SSLSocketImpl.setEnabledCipherSuites(SSLSocketImpl.java:2419)
	at javax.net.ssl.SSLSocket.setSSLParameters(SSLSocket.java:650)
	at sun.security.ssl.SSLSocketImpl.setSSLParameters(SSLSocketImpl.java:2544)
	at org.apache.zookeeper.common.SSLContextAndOptions.configureSSLSocket(SSLContextAndOptions.java:125)
	at org.apache.zookeeper.common.SSLContextAndOptions.createSSLSocket(SSLContextAndOptions.java:80)
	at org.apache.zookeeper.common.X509Util.createSSLSocket(X509Util.java:517)
	at org.apache.zookeeper.server.quorum.QuorumCnxManager.initiateConnection(QuorumCnxManager.java:379)
	at org.apache.zookeeper.server.quorum.QuorumCnxManager$QuorumConnectionReqThread.run(QuorumCnxManager.java:458)
	at java.util.concurrent.ThreadPoolExecutor.runWorker(ThreadPoolExecutor.java:1142)
	at java.util.concurrent.ThreadPoolExecutor$Worker.run(ThreadPoolExecutor.java:617)
	at java.lang.Thread.run(Thread.java:745)
Exception in thread "QuorumConnectionThread-[myid=1]-14" java.lang.IllegalArgumentException: Cannot support TLS_ECDHE_ECDSA_WITH_AES_256_CBC_SHA384 with currently installed providers
	at sun.security.ssl.CipherSuiteList.<init>(CipherSuiteList.java:92)
	at sun.security.ssl.SSLSocketImpl.setEnabledCipherSuites(SSLSocketImpl.java:2419)
	at javax.net.ssl.SSLSocket.setSSLParameters(SSLSocket.java:650)
	at sun.security.ssl.SSLSocketImpl.setSSLParameters(SSLSocketImpl.java:2544)
	at org.apache.zookeeper.common.SSLContextAndOptions.configureSSLSocket(SSLContextAndOptions.java:125)
	at org.apache.zookeeper.common.SSLContextAndOptions.createSSLSocket(SSLContextAndOptions.java:80)
	at org.apache.zookeeper.common.X509Util.createSSLSocket(X509Util.java:517)
	at org.apache.zookeeper.server.quorum.QuorumCnxManager.initiateConnection(QuorumCnxManager.java:379)
	at org.apache.zookeeper.server.quorum.QuorumCnxManager$QuorumConnectionReqThread.run(QuorumCnxManager.java:458)
	at java.util.concurrent.ThreadPoolExecutor.runWorker(ThreadPoolExecutor.java:1142)
	at java.util.concurrent.ThreadPoolExecutor$Worker.run(ThreadPoolExecutor.java:617)
	at java.lang.Thread.run(Thread.java:745)
Exception in thread "QuorumConnectionThread-[myid=2]-15" java.lang.IllegalArgumentException: Cannot support TLS_ECDHE_ECDSA_WITH_AES_256_CBC_SHA384 with currently installed providers
	at sun.security.ssl.CipherSuiteList.<init>(CipherSuiteList.java:92)
	at sun.security.ssl.SSLSocketImpl.setEnabledCipherSuites(SSLSocketImpl.java:2419)
	at javax.net.ssl.SSLSocket.setSSLParameters(SSLSocket.java:650)
	at sun.security.ssl.SSLSocketImpl.setSSLParameters(SSLSocketImpl.java:2544)
	at org.apache.zookeeper.common.SSLContextAndOptions.configureSSLSocket(SSLContextAndOptions.java:125)
	at org.apache.zookeeper.common.SSLContextAndOptions.createSSLSocket(SSLContextAndOptions.java:80)
	at org.apache.zookeeper.common.X509Util.createSSLSocket(X509Util.java:517)
	at org.apache.zookeeper.server.quorum.QuorumCnxManager.initiateConnection(QuorumCnxManager.java:379)
	at org.apache.zookeeper.server.quorum.QuorumCnxManager$QuorumConnectionReqThread.run(QuorumCnxManager.java:458)
	at java.util.concurrent.ThreadPoolExecutor.runWorker(ThreadPoolExecutor.java:1142)
	at java.util.concurrent.ThreadPoolExecutor$Worker.run(ThreadPoolExecutor.java:617)
	at java.lang.Thread.run(Thread.java:745)
Exception in thread "QuorumConnectionThread-[myid=2]-14" java.lang.IllegalArgumentException: Cannot support TLS_ECDHE_ECDSA_WITH_AES_256_CBC_SHA384 with currently installed providers
	at sun.security.ssl.CipherSuiteList.<init>(CipherSuiteList.java:92)
	at sun.security.ssl.SSLSocketImpl.setEnabledCipherSuites(SSLSocketImpl.java:2419)
	at javax.net.ssl.SSLSocket.setSSLParameters(SSLSocket.java:650)
	at sun.security.ssl.SSLSocketImpl.setSSLParameters(SSLSocketImpl.java:2544)
	at org.apache.zookeeper.common.SSLContextAndOptions.configureSSLSocket(SSLContextAndOptions.java:125)
	at org.apache.zookeeper.common.SSLContextAndOptions.createSSLSocket(SSLContextAndOptions.java:80)
	at org.apache.zookeeper.common.X509Util.createSSLSocket(X509Util.java:517)
	at org.apache.zookeeper.server.quorum.QuorumCnxManager.initiateConnection(QuorumCnxManager.java:379)
	at org.apache.zookeeper.server.quorum.QuorumCnxManager$QuorumConnectionReqThread.run(QuorumCnxManager.java:458)
	at java.util.concurrent.ThreadPoolExecutor.runWorker(ThreadPoolExecutor.java:1142)
	at java.util.concurrent.ThreadPoolExecutor$Worker.run(ThreadPoolExecutor.java:617)
	at java.lang.Thread.run(Thread.java:745)
Exception in thread "QuorumConnectionThread-[myid=1]-17" java.lang.IllegalArgumentException: Cannot support TLS_ECDHE_ECDSA_WITH_AES_256_CBC_SHA384 with currently installed providers
	at sun.security.ssl.CipherSuiteList.<init>(CipherSuiteList.java:92)
	at sun.security.ssl.SSLSocketImpl.setEnabledCipherSuites(SSLSocketImpl.java:2419)
	at javax.net.ssl.SSLSocket.setSSLParameters(SSLSocket.java:650)
	at sun.security.ssl.SSLSocketImpl.setSSLParameters(SSLSocketImpl.java:2544)
	at org.apache.zookeeper.common.SSLContextAndOptions.configureSSLSocket(SSLContextAndOptions.java:125)
	at org.apache.zookeeper.common.SSLContextAndOptions.createSSLSocket(SSLContextAndOptions.java:80)
	at org.apache.zookeeper.common.X509Util.createSSLSocket(X509Util.java:517)
	at org.apache.zookeeper.server.quorum.QuorumCnxManager.initiateConnection(QuorumCnxManager.java:379)
	at org.apache.zookeeper.server.quorum.QuorumCnxManager$QuorumConnectionReqThread.run(QuorumCnxManager.java:458)
	at java.util.concurrent.ThreadPoolExecutor.runWorker(ThreadPoolExecutor.java:1142)
	at java.util.concurrent.ThreadPoolExecutor$Worker.run(ThreadPoolExecutor.java:617)
	at java.lang.Thread.run(Thread.java:745)
Exception in thread "QuorumConnectionThread-[myid=1]-16" java.lang.IllegalArgumentException: Cannot support TLS_ECDHE_ECDSA_WITH_AES_256_CBC_SHA384 with currently installed providers
	at sun.security.ssl.CipherSuiteList.<init>(CipherSuiteList.java:92)
	at sun.security.ssl.SSLSocketImpl.setEnabledCipherSuites(SSLSocketImpl.java:2419)
	at javax.net.ssl.SSLSocket.setSSLParameters(SSLSocket.java:650)
	at sun.security.ssl.SSLSocketImpl.setSSLParameters(SSLSocketImpl.java:2544)
	at org.apache.zookeeper.common.SSLContextAndOptions.configureSSLSocket(SSLContextAndOptions.java:125)
	at org.apache.zookeeper.common.SSLContextAndOptions.createSSLSocket(SSLContextAndOptions.java:80)
	at org.apache.zookeeper.common.X509Util.createSSLSocket(X509Util.java:517)
	at org.apache.zookeeper.server.quorum.QuorumCnxManager.initiateConnection(QuorumCnxManager.java:379)
	at org.apache.zookeeper.server.quorum.QuorumCnxManager$QuorumConnectionReqThread.run(QuorumCnxManager.java:458)
	at java.util.concurrent.ThreadPoolExecutor.runWorker(ThreadPoolExecutor.java:1142)
	at java.util.concurrent.ThreadPoolExecutor$Worker.run(ThreadPoolExecutor.java:617)
	at java.lang.Thread.run(Thread.java:745)
Exception in thread "QuorumConnectionThread-[myid=2]-17" java.lang.IllegalArgumentException: Cannot support TLS_ECDHE_ECDSA_WITH_AES_256_CBC_SHA384 with currently installed providers
	at sun.security.ssl.CipherSuiteList.<init>(CipherSuiteList.java:92)
	at sun.security.ssl.SSLSocketImpl.setEnabledCipherSuites(SSLSocketImpl.java:2419)
	at javax.net.ssl.SSLSocket.setSSLParameters(SSLSocket.java:650)
	at sun.security.ssl.SSLSocketImpl.setSSLParameters(SSLSocketImpl.java:2544)
	at org.apache.zookeeper.common.SSLContextAndOptions.configureSSLSocket(SSLContextAndOptions.java:125)
	at org.apache.zookeeper.common.SSLContextAndOptions.createSSLSocket(SSLContextAndOptions.java:80)
	at org.apache.zookeeper.common.X509Util.createSSLSocket(X509Util.java:517)
	at org.apache.zookeeper.server.quorum.QuorumCnxManager.initiateConnection(QuorumCnxManager.java:379)
	at org.apache.zookeeper.server.quorum.QuorumCnxManager$QuorumConnectionReqThread.run(QuorumCnxManager.java:458)
	at java.util.concurrent.ThreadPoolExecutor.runWorker(ThreadPoolExecutor.java:1142)
	at java.util.concurrent.ThreadPoolExecutor$Worker.run(ThreadPoolExecutor.java:617)
	at java.lang.Thread.run(Thread.java:745)
Exception in thread "QuorumConnectionThread-[myid=2]-16" java.lang.IllegalArgumentException: Cannot support TLS_ECDHE_ECDSA_WITH_AES_256_CBC_SHA384 with currently installed providers
	at sun.security.ssl.CipherSuiteList.<init>(CipherSuiteList.java:92)
	at sun.security.ssl.SSLSocketImpl.setEnabledCipherSuites(SSLSocketImpl.java:2419)
	at javax.net.ssl.SSLSocket.setSSLParameters(SSLSocket.java:650)
	at sun.security.ssl.SSLSocketImpl.setSSLParameters(SSLSocketImpl.java:2544)
	at org.apache.zookeeper.common.SSLContextAndOptions.configureSSLSocket(SSLContextAndOptions.java:125)
	at org.apache.zookeeper.common.SSLContextAndOptions.createSSLSocket(SSLContextAndOptions.java:80)
	at org.apache.zookeeper.common.X509Util.createSSLSocket(X509Util.java:517)
	at org.apache.zookeeper.server.quorum.QuorumCnxManager.initiateConnection(QuorumCnxManager.java:379)
	at org.apache.zookeeper.server.quorum.QuorumCnxManager$QuorumConnectionReqThread.run(QuorumCnxManager.java:458)
	at java.util.concurrent.ThreadPoolExecutor.runWorker(ThreadPoolExecutor.java:1142)
	at java.util.concurrent.ThreadPoolExecutor$Worker.run(ThreadPoolExecutor.java:617)
	at java.lang.Thread.run(Thread.java:745)
]]></system-err>
  </testcase>
  <testcase name="testHostnameVerificationWithInvalidHostname" classname="org.apache.zookeeper.server.quorum.QuorumSSLTest" time="41.134">
    <failure message="expected: &lt;true&gt; but was: &lt;false&gt;" type="org.opentest4j.AssertionFailedError"><![CDATA[org.opentest4j.AssertionFailedError: expected: <true> but was: <false>
	at org.apache.zookeeper.server.quorum.QuorumSSLTest.testHostnameVerification(QuorumSSLTest.java:671)
	at org.apache.zookeeper.server.quorum.QuorumSSLTest.testHostnameVerificationWithInvalidHostname(QuorumSSLTest.java:566)
]]></failure>
    <system-out><![CDATA[2021-11-08 11:15:34,353 [myid:] - INFO  [main:ZKTestCase@77] - STARTING Optional[public void org.apache.zookeeper.server.quorum.QuorumSSLTest.testHostnameVerificationWithInvalidHostname() throws java.lang.Exception]
2021-11-08 11:15:34,354 [myid:] - INFO  [main:PortAssignment@87] - Assigned port 30140 from range 30072 - 32764.
2021-11-08 11:15:34,355 [myid:] - INFO  [main:PortAssignment@87] - Assigned port 30141 from range 30072 - 32764.
2021-11-08 11:15:34,355 [myid:] - INFO  [main:PortAssignment@87] - Assigned port 30142 from range 30072 - 32764.
2021-11-08 11:15:34,355 [myid:] - INFO  [main:PortAssignment@87] - Assigned port 30143 from range 30072 - 32764.
2021-11-08 11:15:34,355 [myid:] - INFO  [main:PortAssignment@87] - Assigned port 30144 from range 30072 - 32764.
2021-11-08 11:15:34,355 [myid:] - INFO  [main:PortAssignment@87] - Assigned port 30145 from range 30072 - 32764.
2021-11-08 11:15:34,356 [myid:] - INFO  [main:PortAssignment@87] - Assigned port 30146 from range 30072 - 32764.
2021-11-08 11:15:34,356 [myid:] - INFO  [main:PortAssignment@87] - Assigned port 30147 from range 30072 - 32764.
2021-11-08 11:15:34,356 [myid:] - INFO  [main:PortAssignment@87] - Assigned port 30148 from range 30072 - 32764.
2021-11-08 11:15:34,939 [myid:1] - INFO  [WorkerSender[myid=1]:FastLeaderElection$Messenger$WorkerSender@506] - WorkerSender is down
2021-11-08 11:15:34,940 [myid:1] - INFO  [WorkerReceiver[myid=1]:FastLeaderElection$Messenger$WorkerReceiver@472] - WorkerReceiver is down
2021-11-08 11:15:34,972 [myid:2] - INFO  [WorkerSender[myid=2]:FastLeaderElection$Messenger$WorkerSender@506] - WorkerSender is down
2021-11-08 11:15:35,032 [myid:2] - INFO  [WorkerReceiver[myid=2]:FastLeaderElection$Messenger$WorkerReceiver@472] - WorkerReceiver is down
2021-11-08 11:15:45,376 [myid:] - INFO  [main:QuorumPeerTestBase$MainThread@205] - id = 1 tmpDir = D:\mysoft\faiscoGit\myStudy\ZooKeeperLearning\apache-zookeeper-3.7.0\zookeeper-server\target\surefire\test1672900443579388280.junit.dir clientPort = 30140 adminServerPort = 8080
2021-11-08 11:15:45,379 [myid:] - INFO  [main:QuorumPeerTestBase$MainThread@205] - id = 2 tmpDir = D:\mysoft\faiscoGit\myStudy\ZooKeeperLearning\apache-zookeeper-3.7.0\zookeeper-server\target\surefire\test8241262678550735954.junit.dir clientPort = 30141 adminServerPort = 8080
2021-11-08 11:15:45,381 [myid:] - INFO  [main:FourLetterWordMain@94] - connecting to 127.0.0.1 30140
2021-11-08 11:15:45,381 [myid:] - INFO  [Thread-30:QuorumPeerConfig@174] - Reading configuration from: D:\mysoft\faiscoGit\myStudy\ZooKeeperLearning\apache-zookeeper-3.7.0\zookeeper-server\target\surefire\test8241262678550735954.junit.dir\zoo.cfg
2021-11-08 11:15:45,381 [myid:] - INFO  [Thread-29:QuorumPeerConfig@174] - Reading configuration from: D:\mysoft\faiscoGit\myStudy\ZooKeeperLearning\apache-zookeeper-3.7.0\zookeeper-server\target\surefire\test1672900443579388280.junit.dir\zoo.cfg
2021-11-08 11:15:45,381 [myid:] - INFO  [Thread-30:QuorumPeerConfig@444] - clientPortAddress is 0.0.0.0:30141
2021-11-08 11:15:45,381 [myid:] - INFO  [Thread-30:QuorumPeerConfig@448] - secureClientPort is not set
2021-11-08 11:15:45,381 [myid:] - INFO  [Thread-30:QuorumPeerConfig@464] - observerMasterPort is not set
2021-11-08 11:15:45,381 [myid:] - INFO  [Thread-30:QuorumPeerConfig@481] - metricsProvider.className is org.apache.zookeeper.metrics.impl.DefaultMetricsProvider
2021-11-08 11:15:45,381 [myid:] - INFO  [Thread-29:QuorumPeerConfig@444] - clientPortAddress is 0.0.0.0:30140
2021-11-08 11:15:45,381 [myid:] - INFO  [Thread-29:QuorumPeerConfig@448] - secureClientPort is not set
2021-11-08 11:15:45,381 [myid:] - INFO  [Thread-29:QuorumPeerConfig@464] - observerMasterPort is not set
2021-11-08 11:15:45,381 [myid:] - INFO  [Thread-29:QuorumPeerConfig@481] - metricsProvider.className is org.apache.zookeeper.metrics.impl.DefaultMetricsProvider
2021-11-08 11:15:45,382 [myid:2] - INFO  [Thread-30:DatadirCleanupManager@78] - autopurge.snapRetainCount set to 3
2021-11-08 11:15:45,382 [myid:2] - INFO  [Thread-30:DatadirCleanupManager@79] - autopurge.purgeInterval set to 0
2021-11-08 11:15:45,382 [myid:2] - INFO  [Thread-30:DatadirCleanupManager@101] - Purge task is not scheduled.
2021-11-08 11:15:45,382 [myid:2] - INFO  [Thread-30:ManagedUtil@44] - Log4j 1.2 jmx support found and enabled.
2021-11-08 11:15:45,382 [myid:1] - INFO  [Thread-29:DatadirCleanupManager@78] - autopurge.snapRetainCount set to 3
2021-11-08 11:15:45,382 [myid:1] - INFO  [Thread-29:DatadirCleanupManager@79] - autopurge.purgeInterval set to 0
2021-11-08 11:15:45,382 [myid:1] - INFO  [Thread-29:DatadirCleanupManager@101] - Purge task is not scheduled.
2021-11-08 11:15:45,382 [myid:1] - INFO  [Thread-29:ManagedUtil@44] - Log4j 1.2 jmx support found and enabled.
2021-11-08 11:15:45,382 [myid:2] - ERROR [Thread-30:ManagedUtil@109] - Problems while registering log4j 1.2 jmx beans!
javax.management.InstanceAlreadyExistsException: log4j:hierarchy=default
	at com.sun.jmx.mbeanserver.Repository.addMBean(Repository.java:437)
	at com.sun.jmx.interceptor.DefaultMBeanServerInterceptor.registerWithRepository(DefaultMBeanServerInterceptor.java:1898)
	at com.sun.jmx.interceptor.DefaultMBeanServerInterceptor.registerDynamicMBean(DefaultMBeanServerInterceptor.java:966)
	at com.sun.jmx.interceptor.DefaultMBeanServerInterceptor.registerObject(DefaultMBeanServerInterceptor.java:900)
	at com.sun.jmx.interceptor.DefaultMBeanServerInterceptor.registerMBean(DefaultMBeanServerInterceptor.java:324)
	at com.sun.jmx.mbeanserver.JmxMBeanServer.registerMBean(JmxMBeanServer.java:522)
	at org.apache.zookeeper.jmx.ManagedUtil.registerLog4jMBeans(ManagedUtil.java:72)
	at org.apache.zookeeper.server.quorum.QuorumPeerMain.runFromConfig(QuorumPeerMain.java:147)
	at org.apache.zookeeper.server.quorum.QuorumPeerMain.initializeAndRun(QuorumPeerMain.java:137)
	at org.apache.zookeeper.server.quorum.QuorumPeerTestBase$MainThread.run(QuorumPeerTestBase.java:329)
	at java.lang.Thread.run(Thread.java:745)
2021-11-08 11:15:45,382 [myid:1] - ERROR [Thread-29:ManagedUtil@109] - Problems while registering log4j 1.2 jmx beans!
javax.management.InstanceAlreadyExistsException: log4j:hierarchy=default
	at com.sun.jmx.mbeanserver.Repository.addMBean(Repository.java:437)
	at com.sun.jmx.interceptor.DefaultMBeanServerInterceptor.registerWithRepository(DefaultMBeanServerInterceptor.java:1898)
	at com.sun.jmx.interceptor.DefaultMBeanServerInterceptor.registerDynamicMBean(DefaultMBeanServerInterceptor.java:966)
	at com.sun.jmx.interceptor.DefaultMBeanServerInterceptor.registerObject(DefaultMBeanServerInterceptor.java:900)
	at com.sun.jmx.interceptor.DefaultMBeanServerInterceptor.registerMBean(DefaultMBeanServerInterceptor.java:324)
	at com.sun.jmx.mbeanserver.JmxMBeanServer.registerMBean(JmxMBeanServer.java:522)
	at org.apache.zookeeper.jmx.ManagedUtil.registerLog4jMBeans(ManagedUtil.java:72)
	at org.apache.zookeeper.server.quorum.QuorumPeerMain.runFromConfig(QuorumPeerMain.java:147)
	at org.apache.zookeeper.server.quorum.QuorumPeerMain.initializeAndRun(QuorumPeerMain.java:137)
	at org.apache.zookeeper.server.quorum.QuorumPeerTestBase$MainThread.run(QuorumPeerTestBase.java:329)
	at java.lang.Thread.run(Thread.java:745)
2021-11-08 11:15:45,382 [myid:2] - WARN  [Thread-30:QuorumPeerMain@149] - Unable to register log4j JMX control
javax.management.JMException: javax.management.InstanceAlreadyExistsException: log4j:hierarchy=default
	at org.apache.zookeeper.jmx.ManagedUtil.registerLog4jMBeans(ManagedUtil.java:110)
	at org.apache.zookeeper.server.quorum.QuorumPeerMain.runFromConfig(QuorumPeerMain.java:147)
	at org.apache.zookeeper.server.quorum.QuorumPeerMain.initializeAndRun(QuorumPeerMain.java:137)
	at org.apache.zookeeper.server.quorum.QuorumPeerTestBase$MainThread.run(QuorumPeerTestBase.java:329)
	at java.lang.Thread.run(Thread.java:745)
2021-11-08 11:15:45,382 [myid:2] - INFO  [Thread-30:QuorumPeerMain@152] - Starting quorum peer, myid=2
2021-11-08 11:15:45,382 [myid:1] - WARN  [Thread-29:QuorumPeerMain@149] - Unable to register log4j JMX control
javax.management.JMException: javax.management.InstanceAlreadyExistsException: log4j:hierarchy=default
	at org.apache.zookeeper.jmx.ManagedUtil.registerLog4jMBeans(ManagedUtil.java:110)
	at org.apache.zookeeper.server.quorum.QuorumPeerMain.runFromConfig(QuorumPeerMain.java:147)
	at org.apache.zookeeper.server.quorum.QuorumPeerMain.initializeAndRun(QuorumPeerMain.java:137)
	at org.apache.zookeeper.server.quorum.QuorumPeerTestBase$MainThread.run(QuorumPeerTestBase.java:329)
	at java.lang.Thread.run(Thread.java:745)
2021-11-08 11:15:45,383 [myid:1] - INFO  [Thread-29:QuorumPeerMain@152] - Starting quorum peer, myid=1
2021-11-08 11:15:45,383 [myid:1] - INFO  [Thread-29:ServerMetrics@62] - ServerMetrics initialized with provider org.apache.zookeeper.metrics.impl.DefaultMetricsProvider@23af1ae7
2021-11-08 11:15:45,382 [myid:2] - INFO  [Thread-30:ServerMetrics@62] - ServerMetrics initialized with provider org.apache.zookeeper.metrics.impl.DefaultMetricsProvider@71d05096
2021-11-08 11:15:45,383 [myid:1] - INFO  [Thread-29:DigestAuthenticationProvider@61] - zookeeper.DigestAuthenticationProvider.enabled = true
2021-11-08 11:15:45,383 [myid:2] - INFO  [Thread-30:DigestAuthenticationProvider@61] - zookeeper.DigestAuthenticationProvider.enabled = true
2021-11-08 11:15:45,383 [myid:1] - INFO  [Thread-29:NettyServerCnxnFactory@507] - zookeeper.client.portUnification=false
2021-11-08 11:15:45,383 [myid:1] - INFO  [Thread-29:NettyServerCnxnFactory@519] - zookeeper.netty.advancedFlowControl.enabled = false
2021-11-08 11:15:45,383 [myid:1] - INFO  [Thread-29:NettyServerCnxnFactory@106] - handshakeThrottlingEnabled = false, zookeeper.netty.server.outstandingHandshake.limit = -1
2021-11-08 11:15:45,383 [myid:2] - INFO  [Thread-30:NettyServerCnxnFactory@507] - zookeeper.client.portUnification=false
2021-11-08 11:15:45,383 [myid:2] - INFO  [Thread-30:NettyServerCnxnFactory@519] - zookeeper.netty.advancedFlowControl.enabled = false
2021-11-08 11:15:45,383 [myid:2] - INFO  [Thread-30:NettyServerCnxnFactory@106] - handshakeThrottlingEnabled = false, zookeeper.netty.server.outstandingHandshake.limit = -1
2021-11-08 11:15:45,957 [myid:1] - INFO  [Thread-29:ServerCnxnFactory@169] - Using org.apache.zookeeper.server.NettyServerCnxnFactory as server connection factory
2021-11-08 11:15:45,958 [myid:1] - WARN  [Thread-29:ServerCnxnFactory@309] - maxCnxns is not configured, using default value 0.
2021-11-08 11:15:45,958 [myid:1] - INFO  [Thread-29:NettyServerCnxnFactory@606] - configure org.apache.zookeeper.server.NettyServerCnxnFactory@9a4d1cf secure: false on addr /0.0.0.0:30140
2021-11-08 11:15:45,958 [myid:1] - INFO  [Thread-29:FileTxnSnapLog@124] - zookeeper.snapshot.trust.empty : false
2021-11-08 11:15:45,958 [myid:1] - INFO  [Thread-29:QuorumPeer@1742] - Local sessions disabled
2021-11-08 11:15:45,958 [myid:1] - INFO  [Thread-29:QuorumPeer@1753] - Local session upgrading disabled
2021-11-08 11:15:45,958 [myid:1] - INFO  [Thread-29:QuorumPeer@1720] - tickTime set to 4000
2021-11-08 11:15:45,958 [myid:1] - INFO  [Thread-29:QuorumPeer@1764] - minSessionTimeout set to 8000
2021-11-08 11:15:45,958 [myid:1] - INFO  [Thread-29:QuorumPeer@1775] - maxSessionTimeout set to 80000
2021-11-08 11:15:45,958 [myid:1] - INFO  [Thread-29:QuorumPeer@1800] - initLimit set to 10
2021-11-08 11:15:45,958 [myid:1] - INFO  [Thread-29:QuorumPeer@1987] - syncLimit set to 5
2021-11-08 11:15:45,958 [myid:1] - INFO  [Thread-29:QuorumPeer@2002] - connectToLearnerMasterLimit set to 5
2021-11-08 11:15:45,958 [myid:2] - INFO  [Thread-30:ServerCnxnFactory@169] - Using org.apache.zookeeper.server.NettyServerCnxnFactory as server connection factory
2021-11-08 11:15:45,958 [myid:2] - WARN  [Thread-30:ServerCnxnFactory@309] - maxCnxns is not configured, using default value 0.
2021-11-08 11:15:45,958 [myid:1] - INFO  [Thread-29:WatchManagerFactory@42] - Using org.apache.zookeeper.server.watch.WatchManager as watch manager
2021-11-08 11:15:45,958 [myid:2] - INFO  [Thread-30:NettyServerCnxnFactory@606] - configure org.apache.zookeeper.server.NettyServerCnxnFactory@61f90189 secure: false on addr /0.0.0.0:30141
2021-11-08 11:15:45,958 [myid:1] - INFO  [Thread-29:WatchManagerFactory@42] - Using org.apache.zookeeper.server.watch.WatchManager as watch manager
2021-11-08 11:15:45,958 [myid:2] - INFO  [Thread-30:FileTxnSnapLog@124] - zookeeper.snapshot.trust.empty : false
2021-11-08 11:15:45,959 [myid:1] - INFO  [Thread-29:ZKDatabase@133] - zookeeper.snapshotSizeFactor = 0.33
2021-11-08 11:15:45,959 [myid:1] - INFO  [Thread-29:ZKDatabase@153] - zookeeper.commitLogCount=500
2021-11-08 11:15:45,959 [myid:1] - INFO  [Thread-29:QuorumPeer@2064] - Using TLS encrypted quorum communication
2021-11-08 11:15:45,959 [myid:1] - INFO  [Thread-29:QuorumPeer@2072] - Port unification disabled
2021-11-08 11:15:45,959 [myid:1] - INFO  [Thread-29:QuorumPeer@179] - multiAddress.enabled set to false
2021-11-08 11:15:45,959 [myid:2] - INFO  [Thread-30:QuorumPeer@1742] - Local sessions disabled
2021-11-08 11:15:45,959 [myid:1] - INFO  [Thread-29:QuorumPeer@204] - multiAddress.reachabilityCheckEnabled set to true
2021-11-08 11:15:45,959 [myid:2] - INFO  [Thread-30:QuorumPeer@1753] - Local session upgrading disabled
2021-11-08 11:15:45,959 [myid:1] - INFO  [Thread-29:QuorumPeer@191] - multiAddress.reachabilityCheckTimeoutMs set to 1000
2021-11-08 11:15:45,959 [myid:1] - INFO  [Thread-29:QuorumPeer@2527] - QuorumPeer communication is not secured! (SASL auth disabled)
2021-11-08 11:15:45,959 [myid:2] - INFO  [Thread-30:QuorumPeer@1720] - tickTime set to 4000
2021-11-08 11:15:45,959 [myid:1] - INFO  [Thread-29:QuorumPeer@2552] - quorum.cnxn.threads.size set to 20
2021-11-08 11:15:45,959 [myid:2] - INFO  [Thread-30:QuorumPeer@1764] - minSessionTimeout set to 8000
2021-11-08 11:15:45,959 [myid:2] - INFO  [Thread-30:QuorumPeer@1775] - maxSessionTimeout set to 80000
2021-11-08 11:15:45,959 [myid:2] - INFO  [Thread-30:QuorumPeer@1800] - initLimit set to 10
2021-11-08 11:15:45,959 [myid:2] - INFO  [Thread-30:QuorumPeer@1987] - syncLimit set to 5
2021-11-08 11:15:45,959 [myid:2] - INFO  [Thread-30:QuorumPeer@2002] - connectToLearnerMasterLimit set to 5
2021-11-08 11:15:45,959 [myid:2] - INFO  [Thread-30:WatchManagerFactory@42] - Using org.apache.zookeeper.server.watch.WatchManager as watch manager
2021-11-08 11:15:45,959 [myid:2] - INFO  [Thread-30:WatchManagerFactory@42] - Using org.apache.zookeeper.server.watch.WatchManager as watch manager
2021-11-08 11:15:45,959 [myid:2] - INFO  [Thread-30:ZKDatabase@133] - zookeeper.snapshotSizeFactor = 0.33
2021-11-08 11:15:45,959 [myid:2] - INFO  [Thread-30:ZKDatabase@153] - zookeeper.commitLogCount=500
2021-11-08 11:15:45,959 [myid:1] - INFO  [Thread-29:FileTxnSnapLog@260] - Initialize file found, an empty database will not block voting participation
2021-11-08 11:15:45,960 [myid:1] - INFO  [Thread-29:FileTxnSnapLog@479] - Snapshotting: 0x0 to D:\mysoft\faiscoGit\myStudy\ZooKeeperLearning\apache-zookeeper-3.7.0\zookeeper-server\target\surefire\test1672900443579388280.junit.dir\data\version-2\snapshot.0
2021-11-08 11:15:45,960 [myid:2] - INFO  [Thread-30:QuorumPeer@2064] - Using TLS encrypted quorum communication
2021-11-08 11:15:45,960 [myid:2] - INFO  [Thread-30:QuorumPeer@2072] - Port unification disabled
2021-11-08 11:15:45,960 [myid:2] - INFO  [Thread-30:QuorumPeer@179] - multiAddress.enabled set to false
2021-11-08 11:15:45,960 [myid:2] - INFO  [Thread-30:QuorumPeer@204] - multiAddress.reachabilityCheckEnabled set to true
2021-11-08 11:15:45,960 [myid:2] - INFO  [Thread-30:QuorumPeer@191] - multiAddress.reachabilityCheckTimeoutMs set to 1000
2021-11-08 11:15:45,960 [myid:2] - INFO  [Thread-30:QuorumPeer@2527] - QuorumPeer communication is not secured! (SASL auth disabled)
2021-11-08 11:15:45,960 [myid:2] - INFO  [Thread-30:QuorumPeer@2552] - quorum.cnxn.threads.size set to 20
2021-11-08 11:15:45,960 [myid:1] - INFO  [Thread-29:ZKDatabase@290] - Snapshot loaded in 1 ms, highest zxid is 0x0, digest is 1371985504
2021-11-08 11:15:45,960 [myid:1] - INFO  [Thread-29:QuorumPeer@1157] - currentEpoch not found! Creating with a reasonable default of 0. This should only happen when you are upgrading your installation
2021-11-08 11:15:45,960 [myid:2] - INFO  [Thread-30:FileTxnSnapLog@260] - Initialize file found, an empty database will not block voting participation
2021-11-08 11:15:45,961 [myid:2] - INFO  [Thread-30:FileTxnSnapLog@479] - Snapshotting: 0x0 to D:\mysoft\faiscoGit\myStudy\ZooKeeperLearning\apache-zookeeper-3.7.0\zookeeper-server\target\surefire\test8241262678550735954.junit.dir\data\version-2\snapshot.0
2021-11-08 11:15:45,965 [myid:2] - INFO  [Thread-30:ZKDatabase@290] - Snapshot loaded in 5 ms, highest zxid is 0x0, digest is 1371985504
2021-11-08 11:15:45,965 [myid:2] - INFO  [Thread-30:QuorumPeer@1157] - currentEpoch not found! Creating with a reasonable default of 0. This should only happen when you are upgrading your installation
2021-11-08 11:15:45,967 [myid:1] - INFO  [Thread-29:QuorumPeer@1177] - acceptedEpoch not found! Creating with a reasonable default of 0. This should only happen when you are upgrading your installation
2021-11-08 11:15:45,969 [myid:2] - INFO  [Thread-30:QuorumPeer@1177] - acceptedEpoch not found! Creating with a reasonable default of 0. This should only happen when you are upgrading your installation
2021-11-08 11:15:45,970 [myid:1] - INFO  [Thread-29:NettyServerCnxnFactory@695] - binding to port /0.0.0.0:30140
2021-11-08 11:15:45,971 [myid:1] - INFO  [Thread-29:NettyServerCnxnFactory@700] - bound to port 30140
2021-11-08 11:15:45,971 [myid:1] - INFO  [Thread-29:QuorumPeer@2569] - Using 20000ms as the quorum cnxn socket timeout
2021-11-08 11:15:45,971 [myid:1] - INFO  [Thread-29:QuorumCnxManager$Listener@924] - Election port bind maximum retries is 3
2021-11-08 11:15:45,972 [myid:2] - INFO  [Thread-30:NettyServerCnxnFactory@695] - binding to port /0.0.0.0:30141
2021-11-08 11:15:45,972 [myid:1] - INFO  [ListenerHandler-/127.0.0.1:30146:QuorumCnxManager$Listener$ListenerHandler@1128] - Creating TLS-only quorum server socket
2021-11-08 11:15:45,973 [myid:1] - INFO  [ListenerHandler-/127.0.0.1:30146:QuorumCnxManager$Listener$ListenerHandler@1066] - 1 is accepting connections now, my election bind port: /127.0.0.1:30146
2021-11-08 11:15:45,973 [myid:1] - INFO  [QuorumPeer[myid=1](plain=[0:0:0:0:0:0:0:0]:30140)(secure=disabled):QuorumPeer@1430] - LOOKING
2021-11-08 11:15:45,973 [myid:1] - INFO  [QuorumPeer[myid=1](plain=[0:0:0:0:0:0:0:0]:30140)(secure=disabled):FastLeaderElection@947] - New election. My id = 1, proposed zxid=0x0
2021-11-08 11:15:45,973 [myid:2] - INFO  [Thread-30:NettyServerCnxnFactory@700] - bound to port 30141
2021-11-08 11:15:45,973 [myid:2] - INFO  [Thread-30:QuorumPeer@2569] - Using 20000ms as the quorum cnxn socket timeout
2021-11-08 11:15:45,973 [myid:2] - INFO  [Thread-30:QuorumCnxManager$Listener@924] - Election port bind maximum retries is 3
2021-11-08 11:15:45,974 [myid:1] - INFO  [WorkerReceiver[myid=1]:FastLeaderElection$Messenger$WorkerReceiver@390] - Notification: my state:LOOKING; n.sid:1, n.state:LOOKING, n.leader:1, n.round:0x1, n.peerEpoch:0x0, n.zxid:0x0, message format version:0x2, n.config version:0x0
2021-11-08 11:15:45,974 [myid:2] - INFO  [ListenerHandler-/127.0.0.1:30147:QuorumCnxManager$Listener$ListenerHandler@1128] - Creating TLS-only quorum server socket
2021-11-08 11:15:45,974 [myid:2] - INFO  [QuorumPeer[myid=2](plain=[0:0:0:0:0:0:0:0]:30141)(secure=disabled):QuorumPeer@1430] - LOOKING
2021-11-08 11:15:45,974 [myid:2] - INFO  [ListenerHandler-/127.0.0.1:30147:QuorumCnxManager$Listener$ListenerHandler@1066] - 2 is accepting connections now, my election bind port: /127.0.0.1:30147
2021-11-08 11:15:45,974 [myid:2] - INFO  [QuorumPeer[myid=2](plain=[0:0:0:0:0:0:0:0]:30141)(secure=disabled):FastLeaderElection@947] - New election. My id = 2, proposed zxid=0x0
2021-11-08 11:15:45,975 [myid:2] - INFO  [WorkerReceiver[myid=2]:FastLeaderElection$Messenger$WorkerReceiver@390] - Notification: my state:LOOKING; n.sid:2, n.state:LOOKING, n.leader:2, n.round:0x1, n.peerEpoch:0x0, n.zxid:0x0, message format version:0x2, n.config version:0x0
2021-11-08 11:15:46,189 [myid:2] - INFO  [QuorumPeer[myid=2](plain=[0:0:0:0:0:0:0:0]:30141)(secure=disabled):FastLeaderElection@984] - Notification time out: 400
2021-11-08 11:15:46,189 [myid:1] - INFO  [QuorumPeer[myid=1](plain=[0:0:0:0:0:0:0:0]:30140)(secure=disabled):FastLeaderElection@984] - Notification time out: 400
2021-11-08 11:15:46,402 [myid:1] - WARN  [nioEventLoopGroup-59-1:NettyServerCnxnFactory$CnxnChannelHandler@231] - Zookeeper server is not running, close the connection before starting the TLS handshake
2021-11-08 11:15:46,604 [myid:2] - INFO  [QuorumPeer[myid=2](plain=[0:0:0:0:0:0:0:0]:30141)(secure=disabled):FastLeaderElection@984] - Notification time out: 800
2021-11-08 11:15:46,604 [myid:1] - INFO  [QuorumPeer[myid=1](plain=[0:0:0:0:0:0:0:0]:30140)(secure=disabled):FastLeaderElection@984] - Notification time out: 800
2021-11-08 11:15:46,667 [myid:] - INFO  [main:FourLetterWordMain@94] - connecting to 127.0.0.1 30140
2021-11-08 11:15:46,668 [myid:1] - WARN  [nioEventLoopGroup-59-2:NettyServerCnxnFactory$CnxnChannelHandler@231] - Zookeeper server is not running, close the connection before starting the TLS handshake
2021-11-08 11:15:46,932 [myid:] - INFO  [main:FourLetterWordMain@94] - connecting to 127.0.0.1 30140
2021-11-08 11:15:46,933 [myid:1] - WARN  [nioEventLoopGroup-59-3:NettyServerCnxnFactory$CnxnChannelHandler@231] - Zookeeper server is not running, close the connection before starting the TLS handshake
2021-11-08 11:15:46,948 [myid:] - INFO  [main:ClientBase@267] - server 127.0.0.1:30140 not up
java.net.SocketException: Software caused connection abort: recv failed
	at java.net.SocketInputStream.socketRead0(Native Method)
	at java.net.SocketInputStream.read(SocketInputStream.java:150)
	at java.net.SocketInputStream.read(SocketInputStream.java:121)
	at sun.nio.cs.StreamDecoder.readBytes(StreamDecoder.java:284)
	at sun.nio.cs.StreamDecoder.implRead(StreamDecoder.java:326)
	at sun.nio.cs.StreamDecoder.read(StreamDecoder.java:178)
	at java.io.InputStreamReader.read(InputStreamReader.java:184)
	at java.io.BufferedReader.fill(BufferedReader.java:161)
	at java.io.BufferedReader.readLine(BufferedReader.java:324)
	at java.io.BufferedReader.readLine(BufferedReader.java:389)
	at org.apache.zookeeper.client.FourLetterWordMain.send4LetterWord(FourLetterWordMain.java:129)
	at org.apache.zookeeper.client.FourLetterWordMain.send4LetterWord(FourLetterWordMain.java:74)
	at org.apache.zookeeper.test.ClientBase.waitForServerUp(ClientBase.java:258)
	at org.apache.zookeeper.test.ClientBase.waitForServerUp(ClientBase.java:249)
	at org.apache.zookeeper.server.quorum.QuorumSSLTest.testHostnameVerification(QuorumSSLTest.java:671)
	at org.apache.zookeeper.server.quorum.QuorumSSLTest.testHostnameVerificationWithInvalidHostname(QuorumSSLTest.java:566)
	at sun.reflect.NativeMethodAccessorImpl.invoke0(Native Method)
	at sun.reflect.NativeMethodAccessorImpl.invoke(NativeMethodAccessorImpl.java:62)
	at sun.reflect.DelegatingMethodAccessorImpl.invoke(DelegatingMethodAccessorImpl.java:43)
	at java.lang.reflect.Method.invoke(Method.java:483)
	at org.junit.platform.commons.util.ReflectionUtils.invokeMethod(ReflectionUtils.java:686)
	at org.junit.jupiter.engine.execution.MethodInvocation.proceed(MethodInvocation.java:60)
	at org.junit.jupiter.engine.execution.InvocationInterceptorChain$ValidatingInvocation.proceed(InvocationInterceptorChain.java:131)
	at org.junit.jupiter.engine.extension.TimeoutInvocation.proceed(TimeoutInvocation.java:46)
	at org.junit.jupiter.engine.extension.TimeoutExtension.intercept(TimeoutExtension.java:149)
	at org.junit.jupiter.engine.extension.TimeoutExtension.interceptTestableMethod(TimeoutExtension.java:140)
	at org.junit.jupiter.engine.extension.TimeoutExtension.interceptTestMethod(TimeoutExtension.java:84)
	at org.junit.jupiter.engine.descriptor.TestMethodTestDescriptor$$Lambda$111/1780132728.apply(Unknown Source)
	at org.junit.jupiter.engine.execution.ExecutableInvoker$ReflectiveInterceptorCall.lambda$ofVoidMethod$0(ExecutableInvoker.java:115)
	at org.junit.jupiter.engine.execution.ExecutableInvoker$ReflectiveInterceptorCall$$Lambda$112/1725017993.apply(Unknown Source)
	at org.junit.jupiter.engine.execution.ExecutableInvoker.lambda$invoke$0(ExecutableInvoker.java:105)
	at org.junit.jupiter.engine.execution.ExecutableInvoker$$Lambda$234/64133603.apply(Unknown Source)
	at org.junit.jupiter.engine.execution.InvocationInterceptorChain$InterceptedInvocation.proceed(InvocationInterceptorChain.java:106)
	at org.junit.jupiter.engine.execution.InvocationInterceptorChain.proceed(InvocationInterceptorChain.java:64)
	at org.junit.jupiter.engine.execution.InvocationInterceptorChain.chainAndInvoke(InvocationInterceptorChain.java:45)
	at org.junit.jupiter.engine.execution.InvocationInterceptorChain.invoke(InvocationInterceptorChain.java:37)
	at org.junit.jupiter.engine.execution.ExecutableInvoker.invoke(ExecutableInvoker.java:104)
	at org.junit.jupiter.engine.execution.ExecutableInvoker.invoke(ExecutableInvoker.java:98)
	at org.junit.jupiter.engine.descriptor.TestMethodTestDescriptor.lambda$invokeTestMethod$6(TestMethodTestDescriptor.java:212)
	at org.junit.jupiter.engine.descriptor.TestMethodTestDescriptor$$Lambda$271/224100622.execute(Unknown Source)
	at org.junit.platform.engine.support.hierarchical.ThrowableCollector.execute(ThrowableCollector.java:73)
	at org.junit.jupiter.engine.descriptor.TestMethodTestDescriptor.invokeTestMethod(TestMethodTestDescriptor.java:208)
	at org.junit.jupiter.engine.descriptor.TestMethodTestDescriptor.execute(TestMethodTestDescriptor.java:137)
	at org.junit.jupiter.engine.descriptor.TestMethodTestDescriptor.execute(TestMethodTestDescriptor.java:71)
	at org.junit.platform.engine.support.hierarchical.NodeTestTask.lambda$executeRecursively$5(NodeTestTask.java:135)
	at org.junit.platform.engine.support.hierarchical.NodeTestTask$$Lambda$179/195615004.execute(Unknown Source)
	at org.junit.platform.engine.support.hierarchical.ThrowableCollector.execute(ThrowableCollector.java:73)
	at org.junit.platform.engine.support.hierarchical.NodeTestTask.lambda$executeRecursively$7(NodeTestTask.java:125)
	at org.junit.platform.engine.support.hierarchical.NodeTestTask$$Lambda$178/1890627974.invoke(Unknown Source)
	at org.junit.platform.engine.support.hierarchical.Node.around(Node.java:135)
	at org.junit.platform.engine.support.hierarchical.NodeTestTask.lambda$executeRecursively$8(NodeTestTask.java:123)
	at org.junit.platform.engine.support.hierarchical.NodeTestTask$$Lambda$177/231977479.execute(Unknown Source)
	at org.junit.platform.engine.support.hierarchical.ThrowableCollector.execute(ThrowableCollector.java:73)
	at org.junit.platform.engine.support.hierarchical.NodeTestTask.executeRecursively(NodeTestTask.java:122)
	at org.junit.platform.engine.support.hierarchical.NodeTestTask.execute(NodeTestTask.java:80)
	at org.junit.platform.engine.support.hierarchical.SameThreadHierarchicalTestExecutorService$$Lambda$183/1381713434.accept(Unknown Source)
	at java.util.ArrayList.forEach(ArrayList.java:1249)
	at org.junit.platform.engine.support.hierarchical.SameThreadHierarchicalTestExecutorService.invokeAll(SameThreadHierarchicalTestExecutorService.java:38)
	at org.junit.platform.engine.support.hierarchical.NodeTestTask.lambda$executeRecursively$5(NodeTestTask.java:139)
	at org.junit.platform.engine.support.hierarchical.NodeTestTask$$Lambda$179/195615004.execute(Unknown Source)
	at org.junit.platform.engine.support.hierarchical.ThrowableCollector.execute(ThrowableCollector.java:73)
	at org.junit.platform.engine.support.hierarchical.NodeTestTask.lambda$executeRecursively$7(NodeTestTask.java:125)
	at org.junit.platform.engine.support.hierarchical.NodeTestTask$$Lambda$178/1890627974.invoke(Unknown Source)
	at org.junit.platform.engine.support.hierarchical.Node.around(Node.java:135)
	at org.junit.platform.engine.support.hierarchical.NodeTestTask.lambda$executeRecursively$8(NodeTestTask.java:123)
	at org.junit.platform.engine.support.hierarchical.NodeTestTask$$Lambda$177/231977479.execute(Unknown Source)
	at org.junit.platform.engine.support.hierarchical.ThrowableCollector.execute(ThrowableCollector.java:73)
	at org.junit.platform.engine.support.hierarchical.NodeTestTask.executeRecursively(NodeTestTask.java:122)
	at org.junit.platform.engine.support.hierarchical.NodeTestTask.execute(NodeTestTask.java:80)
	at org.junit.platform.engine.support.hierarchical.SameThreadHierarchicalTestExecutorService$$Lambda$183/1381713434.accept(Unknown Source)
	at java.util.ArrayList.forEach(ArrayList.java:1249)
	at org.junit.platform.engine.support.hierarchical.SameThreadHierarchicalTestExecutorService.invokeAll(SameThreadHierarchicalTestExecutorService.java:38)
	at org.junit.platform.engine.support.hierarchical.NodeTestTask.lambda$executeRecursively$5(NodeTestTask.java:139)
	at org.junit.platform.engine.support.hierarchical.NodeTestTask$$Lambda$179/195615004.execute(Unknown Source)
	at org.junit.platform.engine.support.hierarchical.ThrowableCollector.execute(ThrowableCollector.java:73)
	at org.junit.platform.engine.support.hierarchical.NodeTestTask.lambda$executeRecursively$7(NodeTestTask.java:125)
	at org.junit.platform.engine.support.hierarchical.NodeTestTask$$Lambda$178/1890627974.invoke(Unknown Source)
	at org.junit.platform.engine.support.hierarchical.Node.around(Node.java:135)
	at org.junit.platform.engine.support.hierarchical.NodeTestTask.lambda$executeRecursively$8(NodeTestTask.java:123)
	at org.junit.platform.engine.support.hierarchical.NodeTestTask$$Lambda$177/231977479.execute(Unknown Source)
	at org.junit.platform.engine.support.hierarchical.ThrowableCollector.execute(ThrowableCollector.java:73)
	at org.junit.platform.engine.support.hierarchical.NodeTestTask.executeRecursively(NodeTestTask.java:122)
	at org.junit.platform.engine.support.hierarchical.NodeTestTask.execute(NodeTestTask.java:80)
	at org.junit.platform.engine.support.hierarchical.SameThreadHierarchicalTestExecutorService.submit(SameThreadHierarchicalTestExecutorService.java:32)
	at org.junit.platform.engine.support.hierarchical.HierarchicalTestExecutor.execute(HierarchicalTestExecutor.java:57)
	at org.junit.platform.engine.support.hierarchical.HierarchicalTestEngine.execute(HierarchicalTestEngine.java:51)
	at org.junit.platform.launcher.core.DefaultLauncher.execute(DefaultLauncher.java:248)
	at org.junit.platform.launcher.core.DefaultLauncher.lambda$execute$5(DefaultLauncher.java:211)
	at org.junit.platform.launcher.core.DefaultLauncher$$Lambda$143/233996206.accept(Unknown Source)
	at org.junit.platform.launcher.core.DefaultLauncher.withInterceptedStreams(DefaultLauncher.java:226)
	at org.junit.platform.launcher.core.DefaultLauncher.execute(DefaultLauncher.java:199)
	at org.junit.platform.launcher.core.DefaultLauncher.execute(DefaultLauncher.java:132)
	at org.apache.maven.surefire.junitplatform.JUnitPlatformProvider.invokeAllTests(JUnitPlatformProvider.java:142)
	at org.apache.maven.surefire.junitplatform.JUnitPlatformProvider.invoke(JUnitPlatformProvider.java:113)
	at org.apache.maven.surefire.booter.ForkedBooter.invokeProviderInSameClassLoader(ForkedBooter.java:384)
	at org.apache.maven.surefire.booter.ForkedBooter.runSuitesInProcess(ForkedBooter.java:345)
	at org.apache.maven.surefire.booter.ForkedBooter.execute(ForkedBooter.java:126)
	at org.apache.maven.surefire.booter.ForkedBooter.main(ForkedBooter.java:418)
2021-11-08 11:15:47,198 [myid:] - INFO  [main:FourLetterWordMain@94] - connecting to 127.0.0.1 30140
2021-11-08 11:15:47,199 [myid:1] - WARN  [nioEventLoopGroup-59-4:NettyServerCnxnFactory$CnxnChannelHandler@231] - Zookeeper server is not running, close the connection before starting the TLS handshake
2021-11-08 11:15:47,418 [myid:2] - INFO  [QuorumPeer[myid=2](plain=[0:0:0:0:0:0:0:0]:30141)(secure=disabled):FastLeaderElection@984] - Notification time out: 1600
2021-11-08 11:15:47,419 [myid:1] - INFO  [QuorumPeer[myid=1](plain=[0:0:0:0:0:0:0:0]:30140)(secure=disabled):FastLeaderElection@984] - Notification time out: 1600
2021-11-08 11:15:47,450 [myid:] - INFO  [main:FourLetterWordMain@94] - connecting to 127.0.0.1 30140
2021-11-08 11:15:47,451 [myid:1] - WARN  [nioEventLoopGroup-59-5:NettyServerCnxnFactory$CnxnChannelHandler@231] - Zookeeper server is not running, close the connection before starting the TLS handshake
2021-11-08 11:15:47,715 [myid:] - INFO  [main:FourLetterWordMain@94] - connecting to 127.0.0.1 30140
2021-11-08 11:15:47,718 [myid:1] - WARN  [nioEventLoopGroup-59-6:NettyServerCnxnFactory$CnxnChannelHandler@231] - Zookeeper server is not running, close the connection before starting the TLS handshake
2021-11-08 11:15:47,979 [myid:] - INFO  [main:FourLetterWordMain@94] - connecting to 127.0.0.1 30140
2021-11-08 11:15:47,980 [myid:1] - WARN  [nioEventLoopGroup-59-7:NettyServerCnxnFactory$CnxnChannelHandler@231] - Zookeeper server is not running, close the connection before starting the TLS handshake
2021-11-08 11:15:48,244 [myid:] - INFO  [main:FourLetterWordMain@94] - connecting to 127.0.0.1 30140
2021-11-08 11:15:48,245 [myid:1] - WARN  [nioEventLoopGroup-59-8:NettyServerCnxnFactory$CnxnChannelHandler@231] - Zookeeper server is not running, close the connection before starting the TLS handshake
2021-11-08 11:15:48,510 [myid:] - INFO  [main:FourLetterWordMain@94] - connecting to 127.0.0.1 30140
2021-11-08 11:15:48,511 [myid:1] - WARN  [nioEventLoopGroup-59-9:NettyServerCnxnFactory$CnxnChannelHandler@231] - Zookeeper server is not running, close the connection before starting the TLS handshake
2021-11-08 11:15:48,526 [myid:] - INFO  [main:ClientBase@267] - server 127.0.0.1:30140 not up
java.net.SocketException: Software caused connection abort: recv failed
	at java.net.SocketInputStream.socketRead0(Native Method)
	at java.net.SocketInputStream.read(SocketInputStream.java:150)
	at java.net.SocketInputStream.read(SocketInputStream.java:121)
	at sun.nio.cs.StreamDecoder.readBytes(StreamDecoder.java:284)
	at sun.nio.cs.StreamDecoder.implRead(StreamDecoder.java:326)
	at sun.nio.cs.StreamDecoder.read(StreamDecoder.java:178)
	at java.io.InputStreamReader.read(InputStreamReader.java:184)
	at java.io.BufferedReader.fill(BufferedReader.java:161)
	at java.io.BufferedReader.readLine(BufferedReader.java:324)
	at java.io.BufferedReader.readLine(BufferedReader.java:389)
	at org.apache.zookeeper.client.FourLetterWordMain.send4LetterWord(FourLetterWordMain.java:129)
	at org.apache.zookeeper.client.FourLetterWordMain.send4LetterWord(FourLetterWordMain.java:74)
	at org.apache.zookeeper.test.ClientBase.waitForServerUp(ClientBase.java:258)
	at org.apache.zookeeper.test.ClientBase.waitForServerUp(ClientBase.java:249)
	at org.apache.zookeeper.server.quorum.QuorumSSLTest.testHostnameVerification(QuorumSSLTest.java:671)
	at org.apache.zookeeper.server.quorum.QuorumSSLTest.testHostnameVerificationWithInvalidHostname(QuorumSSLTest.java:566)
	at sun.reflect.NativeMethodAccessorImpl.invoke0(Native Method)
	at sun.reflect.NativeMethodAccessorImpl.invoke(NativeMethodAccessorImpl.java:62)
	at sun.reflect.DelegatingMethodAccessorImpl.invoke(DelegatingMethodAccessorImpl.java:43)
	at java.lang.reflect.Method.invoke(Method.java:483)
	at org.junit.platform.commons.util.ReflectionUtils.invokeMethod(ReflectionUtils.java:686)
	at org.junit.jupiter.engine.execution.MethodInvocation.proceed(MethodInvocation.java:60)
	at org.junit.jupiter.engine.execution.InvocationInterceptorChain$ValidatingInvocation.proceed(InvocationInterceptorChain.java:131)
	at org.junit.jupiter.engine.extension.TimeoutInvocation.proceed(TimeoutInvocation.java:46)
	at org.junit.jupiter.engine.extension.TimeoutExtension.intercept(TimeoutExtension.java:149)
	at org.junit.jupiter.engine.extension.TimeoutExtension.interceptTestableMethod(TimeoutExtension.java:140)
	at org.junit.jupiter.engine.extension.TimeoutExtension.interceptTestMethod(TimeoutExtension.java:84)
	at org.junit.jupiter.engine.descriptor.TestMethodTestDescriptor$$Lambda$111/1780132728.apply(Unknown Source)
	at org.junit.jupiter.engine.execution.ExecutableInvoker$ReflectiveInterceptorCall.lambda$ofVoidMethod$0(ExecutableInvoker.java:115)
	at org.junit.jupiter.engine.execution.ExecutableInvoker$ReflectiveInterceptorCall$$Lambda$112/1725017993.apply(Unknown Source)
	at org.junit.jupiter.engine.execution.ExecutableInvoker.lambda$invoke$0(ExecutableInvoker.java:105)
	at org.junit.jupiter.engine.execution.ExecutableInvoker$$Lambda$234/64133603.apply(Unknown Source)
	at org.junit.jupiter.engine.execution.InvocationInterceptorChain$InterceptedInvocation.proceed(InvocationInterceptorChain.java:106)
	at org.junit.jupiter.engine.execution.InvocationInterceptorChain.proceed(InvocationInterceptorChain.java:64)
	at org.junit.jupiter.engine.execution.InvocationInterceptorChain.chainAndInvoke(InvocationInterceptorChain.java:45)
	at org.junit.jupiter.engine.execution.InvocationInterceptorChain.invoke(InvocationInterceptorChain.java:37)
	at org.junit.jupiter.engine.execution.ExecutableInvoker.invoke(ExecutableInvoker.java:104)
	at org.junit.jupiter.engine.execution.ExecutableInvoker.invoke(ExecutableInvoker.java:98)
	at org.junit.jupiter.engine.descriptor.TestMethodTestDescriptor.lambda$invokeTestMethod$6(TestMethodTestDescriptor.java:212)
	at org.junit.jupiter.engine.descriptor.TestMethodTestDescriptor$$Lambda$271/224100622.execute(Unknown Source)
	at org.junit.platform.engine.support.hierarchical.ThrowableCollector.execute(ThrowableCollector.java:73)
	at org.junit.jupiter.engine.descriptor.TestMethodTestDescriptor.invokeTestMethod(TestMethodTestDescriptor.java:208)
	at org.junit.jupiter.engine.descriptor.TestMethodTestDescriptor.execute(TestMethodTestDescriptor.java:137)
	at org.junit.jupiter.engine.descriptor.TestMethodTestDescriptor.execute(TestMethodTestDescriptor.java:71)
	at org.junit.platform.engine.support.hierarchical.NodeTestTask.lambda$executeRecursively$5(NodeTestTask.java:135)
	at org.junit.platform.engine.support.hierarchical.NodeTestTask$$Lambda$179/195615004.execute(Unknown Source)
	at org.junit.platform.engine.support.hierarchical.ThrowableCollector.execute(ThrowableCollector.java:73)
	at org.junit.platform.engine.support.hierarchical.NodeTestTask.lambda$executeRecursively$7(NodeTestTask.java:125)
	at org.junit.platform.engine.support.hierarchical.NodeTestTask$$Lambda$178/1890627974.invoke(Unknown Source)
	at org.junit.platform.engine.support.hierarchical.Node.around(Node.java:135)
	at org.junit.platform.engine.support.hierarchical.NodeTestTask.lambda$executeRecursively$8(NodeTestTask.java:123)
	at org.junit.platform.engine.support.hierarchical.NodeTestTask$$Lambda$177/231977479.execute(Unknown Source)
	at org.junit.platform.engine.support.hierarchical.ThrowableCollector.execute(ThrowableCollector.java:73)
	at org.junit.platform.engine.support.hierarchical.NodeTestTask.executeRecursively(NodeTestTask.java:122)
	at org.junit.platform.engine.support.hierarchical.NodeTestTask.execute(NodeTestTask.java:80)
	at org.junit.platform.engine.support.hierarchical.SameThreadHierarchicalTestExecutorService$$Lambda$183/1381713434.accept(Unknown Source)
	at java.util.ArrayList.forEach(ArrayList.java:1249)
	at org.junit.platform.engine.support.hierarchical.SameThreadHierarchicalTestExecutorService.invokeAll(SameThreadHierarchicalTestExecutorService.java:38)
	at org.junit.platform.engine.support.hierarchical.NodeTestTask.lambda$executeRecursively$5(NodeTestTask.java:139)
	at org.junit.platform.engine.support.hierarchical.NodeTestTask$$Lambda$179/195615004.execute(Unknown Source)
	at org.junit.platform.engine.support.hierarchical.ThrowableCollector.execute(ThrowableCollector.java:73)
	at org.junit.platform.engine.support.hierarchical.NodeTestTask.lambda$executeRecursively$7(NodeTestTask.java:125)
	at org.junit.platform.engine.support.hierarchical.NodeTestTask$$Lambda$178/1890627974.invoke(Unknown Source)
	at org.junit.platform.engine.support.hierarchical.Node.around(Node.java:135)
	at org.junit.platform.engine.support.hierarchical.NodeTestTask.lambda$executeRecursively$8(NodeTestTask.java:123)
	at org.junit.platform.engine.support.hierarchical.NodeTestTask$$Lambda$177/231977479.execute(Unknown Source)
	at org.junit.platform.engine.support.hierarchical.ThrowableCollector.execute(ThrowableCollector.java:73)
	at org.junit.platform.engine.support.hierarchical.NodeTestTask.executeRecursively(NodeTestTask.java:122)
	at org.junit.platform.engine.support.hierarchical.NodeTestTask.execute(NodeTestTask.java:80)
	at org.junit.platform.engine.support.hierarchical.SameThreadHierarchicalTestExecutorService$$Lambda$183/1381713434.accept(Unknown Source)
	at java.util.ArrayList.forEach(ArrayList.java:1249)
	at org.junit.platform.engine.support.hierarchical.SameThreadHierarchicalTestExecutorService.invokeAll(SameThreadHierarchicalTestExecutorService.java:38)
	at org.junit.platform.engine.support.hierarchical.NodeTestTask.lambda$executeRecursively$5(NodeTestTask.java:139)
	at org.junit.platform.engine.support.hierarchical.NodeTestTask$$Lambda$179/195615004.execute(Unknown Source)
	at org.junit.platform.engine.support.hierarchical.ThrowableCollector.execute(ThrowableCollector.java:73)
	at org.junit.platform.engine.support.hierarchical.NodeTestTask.lambda$executeRecursively$7(NodeTestTask.java:125)
	at org.junit.platform.engine.support.hierarchical.NodeTestTask$$Lambda$178/1890627974.invoke(Unknown Source)
	at org.junit.platform.engine.support.hierarchical.Node.around(Node.java:135)
	at org.junit.platform.engine.support.hierarchical.NodeTestTask.lambda$executeRecursively$8(NodeTestTask.java:123)
	at org.junit.platform.engine.support.hierarchical.NodeTestTask$$Lambda$177/231977479.execute(Unknown Source)
	at org.junit.platform.engine.support.hierarchical.ThrowableCollector.execute(ThrowableCollector.java:73)
	at org.junit.platform.engine.support.hierarchical.NodeTestTask.executeRecursively(NodeTestTask.java:122)
	at org.junit.platform.engine.support.hierarchical.NodeTestTask.execute(NodeTestTask.java:80)
	at org.junit.platform.engine.support.hierarchical.SameThreadHierarchicalTestExecutorService.submit(SameThreadHierarchicalTestExecutorService.java:32)
	at org.junit.platform.engine.support.hierarchical.HierarchicalTestExecutor.execute(HierarchicalTestExecutor.java:57)
	at org.junit.platform.engine.support.hierarchical.HierarchicalTestEngine.execute(HierarchicalTestEngine.java:51)
	at org.junit.platform.launcher.core.DefaultLauncher.execute(DefaultLauncher.java:248)
	at org.junit.platform.launcher.core.DefaultLauncher.lambda$execute$5(DefaultLauncher.java:211)
	at org.junit.platform.launcher.core.DefaultLauncher$$Lambda$143/233996206.accept(Unknown Source)
	at org.junit.platform.launcher.core.DefaultLauncher.withInterceptedStreams(DefaultLauncher.java:226)
	at org.junit.platform.launcher.core.DefaultLauncher.execute(DefaultLauncher.java:199)
	at org.junit.platform.launcher.core.DefaultLauncher.execute(DefaultLauncher.java:132)
	at org.apache.maven.surefire.junitplatform.JUnitPlatformProvider.invokeAllTests(JUnitPlatformProvider.java:142)
	at org.apache.maven.surefire.junitplatform.JUnitPlatformProvider.invoke(JUnitPlatformProvider.java:113)
	at org.apache.maven.surefire.booter.ForkedBooter.invokeProviderInSameClassLoader(ForkedBooter.java:384)
	at org.apache.maven.surefire.booter.ForkedBooter.runSuitesInProcess(ForkedBooter.java:345)
	at org.apache.maven.surefire.booter.ForkedBooter.execute(ForkedBooter.java:126)
	at org.apache.maven.surefire.booter.ForkedBooter.main(ForkedBooter.java:418)
2021-11-08 11:15:48,776 [myid:] - INFO  [main:FourLetterWordMain@94] - connecting to 127.0.0.1 30140
2021-11-08 11:15:48,779 [myid:1] - WARN  [nioEventLoopGroup-59-10:NettyServerCnxnFactory$CnxnChannelHandler@231] - Zookeeper server is not running, close the connection before starting the TLS handshake
2021-11-08 11:15:49,026 [myid:2] - INFO  [QuorumPeer[myid=2](plain=[0:0:0:0:0:0:0:0]:30141)(secure=disabled):FastLeaderElection@984] - Notification time out: 3200
2021-11-08 11:15:49,026 [myid:1] - INFO  [QuorumPeer[myid=1](plain=[0:0:0:0:0:0:0:0]:30140)(secure=disabled):FastLeaderElection@984] - Notification time out: 3200
2021-11-08 11:15:49,042 [myid:] - INFO  [main:FourLetterWordMain@94] - connecting to 127.0.0.1 30140
2021-11-08 11:15:49,043 [myid:1] - WARN  [nioEventLoopGroup-59-11:NettyServerCnxnFactory$CnxnChannelHandler@231] - Zookeeper server is not running, close the connection before starting the TLS handshake
2021-11-08 11:15:49,307 [myid:] - INFO  [main:FourLetterWordMain@94] - connecting to 127.0.0.1 30140
2021-11-08 11:15:49,308 [myid:1] - WARN  [nioEventLoopGroup-59-12:NettyServerCnxnFactory$CnxnChannelHandler@231] - Zookeeper server is not running, close the connection before starting the TLS handshake
2021-11-08 11:15:49,572 [myid:] - INFO  [main:FourLetterWordMain@94] - connecting to 127.0.0.1 30140
2021-11-08 11:15:49,574 [myid:1] - WARN  [nioEventLoopGroup-59-1:NettyServerCnxnFactory$CnxnChannelHandler@231] - Zookeeper server is not running, close the connection before starting the TLS handshake
2021-11-08 11:15:49,837 [myid:] - INFO  [main:FourLetterWordMain@94] - connecting to 127.0.0.1 30140
2021-11-08 11:15:49,837 [myid:1] - WARN  [nioEventLoopGroup-59-2:NettyServerCnxnFactory$CnxnChannelHandler@231] - Zookeeper server is not running, close the connection before starting the TLS handshake
2021-11-08 11:15:50,101 [myid:] - INFO  [main:FourLetterWordMain@94] - connecting to 127.0.0.1 30140
2021-11-08 11:15:50,101 [myid:1] - WARN  [nioEventLoopGroup-59-3:NettyServerCnxnFactory$CnxnChannelHandler@231] - Zookeeper server is not running, close the connection before starting the TLS handshake
2021-11-08 11:15:50,365 [myid:] - INFO  [main:FourLetterWordMain@94] - connecting to 127.0.0.1 30140
2021-11-08 11:15:50,365 [myid:1] - WARN  [nioEventLoopGroup-59-4:NettyServerCnxnFactory$CnxnChannelHandler@231] - Zookeeper server is not running, close the connection before starting the TLS handshake
2021-11-08 11:15:50,618 [myid:] - INFO  [main:FourLetterWordMain@94] - connecting to 127.0.0.1 30140
2021-11-08 11:15:50,619 [myid:1] - WARN  [nioEventLoopGroup-59-5:NettyServerCnxnFactory$CnxnChannelHandler@231] - Zookeeper server is not running, close the connection before starting the TLS handshake
2021-11-08 11:15:50,880 [myid:] - INFO  [main:FourLetterWordMain@94] - connecting to 127.0.0.1 30140
2021-11-08 11:15:50,880 [myid:1] - WARN  [nioEventLoopGroup-59-6:NettyServerCnxnFactory$CnxnChannelHandler@231] - Zookeeper server is not running, close the connection before starting the TLS handshake
2021-11-08 11:15:51,131 [myid:] - INFO  [main:FourLetterWordMain@94] - connecting to 127.0.0.1 30140
2021-11-08 11:15:51,131 [myid:1] - WARN  [nioEventLoopGroup-59-7:NettyServerCnxnFactory$CnxnChannelHandler@231] - Zookeeper server is not running, close the connection before starting the TLS handshake
2021-11-08 11:15:51,147 [myid:] - INFO  [main:ClientBase@267] - server 127.0.0.1:30140 not up
java.net.SocketException: Software caused connection abort: recv failed
	at java.net.SocketInputStream.socketRead0(Native Method)
	at java.net.SocketInputStream.read(SocketInputStream.java:150)
	at java.net.SocketInputStream.read(SocketInputStream.java:121)
	at sun.nio.cs.StreamDecoder.readBytes(StreamDecoder.java:284)
	at sun.nio.cs.StreamDecoder.implRead(StreamDecoder.java:326)
	at sun.nio.cs.StreamDecoder.read(StreamDecoder.java:178)
	at java.io.InputStreamReader.read(InputStreamReader.java:184)
	at java.io.BufferedReader.fill(BufferedReader.java:161)
	at java.io.BufferedReader.readLine(BufferedReader.java:324)
	at java.io.BufferedReader.readLine(BufferedReader.java:389)
	at org.apache.zookeeper.client.FourLetterWordMain.send4LetterWord(FourLetterWordMain.java:129)
	at org.apache.zookeeper.client.FourLetterWordMain.send4LetterWord(FourLetterWordMain.java:74)
	at org.apache.zookeeper.test.ClientBase.waitForServerUp(ClientBase.java:258)
	at org.apache.zookeeper.test.ClientBase.waitForServerUp(ClientBase.java:249)
	at org.apache.zookeeper.server.quorum.QuorumSSLTest.testHostnameVerification(QuorumSSLTest.java:671)
	at org.apache.zookeeper.server.quorum.QuorumSSLTest.testHostnameVerificationWithInvalidHostname(QuorumSSLTest.java:566)
	at sun.reflect.NativeMethodAccessorImpl.invoke0(Native Method)
	at sun.reflect.NativeMethodAccessorImpl.invoke(NativeMethodAccessorImpl.java:62)
	at sun.reflect.DelegatingMethodAccessorImpl.invoke(DelegatingMethodAccessorImpl.java:43)
	at java.lang.reflect.Method.invoke(Method.java:483)
	at org.junit.platform.commons.util.ReflectionUtils.invokeMethod(ReflectionUtils.java:686)
	at org.junit.jupiter.engine.execution.MethodInvocation.proceed(MethodInvocation.java:60)
	at org.junit.jupiter.engine.execution.InvocationInterceptorChain$ValidatingInvocation.proceed(InvocationInterceptorChain.java:131)
	at org.junit.jupiter.engine.extension.TimeoutInvocation.proceed(TimeoutInvocation.java:46)
	at org.junit.jupiter.engine.extension.TimeoutExtension.intercept(TimeoutExtension.java:149)
	at org.junit.jupiter.engine.extension.TimeoutExtension.interceptTestableMethod(TimeoutExtension.java:140)
	at org.junit.jupiter.engine.extension.TimeoutExtension.interceptTestMethod(TimeoutExtension.java:84)
	at org.junit.jupiter.engine.descriptor.TestMethodTestDescriptor$$Lambda$111/1780132728.apply(Unknown Source)
	at org.junit.jupiter.engine.execution.ExecutableInvoker$ReflectiveInterceptorCall.lambda$ofVoidMethod$0(ExecutableInvoker.java:115)
	at org.junit.jupiter.engine.execution.ExecutableInvoker$ReflectiveInterceptorCall$$Lambda$112/1725017993.apply(Unknown Source)
	at org.junit.jupiter.engine.execution.ExecutableInvoker.lambda$invoke$0(ExecutableInvoker.java:105)
	at org.junit.jupiter.engine.execution.ExecutableInvoker$$Lambda$234/64133603.apply(Unknown Source)
	at org.junit.jupiter.engine.execution.InvocationInterceptorChain$InterceptedInvocation.proceed(InvocationInterceptorChain.java:106)
	at org.junit.jupiter.engine.execution.InvocationInterceptorChain.proceed(InvocationInterceptorChain.java:64)
	at org.junit.jupiter.engine.execution.InvocationInterceptorChain.chainAndInvoke(InvocationInterceptorChain.java:45)
	at org.junit.jupiter.engine.execution.InvocationInterceptorChain.invoke(InvocationInterceptorChain.java:37)
	at org.junit.jupiter.engine.execution.ExecutableInvoker.invoke(ExecutableInvoker.java:104)
	at org.junit.jupiter.engine.execution.ExecutableInvoker.invoke(ExecutableInvoker.java:98)
	at org.junit.jupiter.engine.descriptor.TestMethodTestDescriptor.lambda$invokeTestMethod$6(TestMethodTestDescriptor.java:212)
	at org.junit.jupiter.engine.descriptor.TestMethodTestDescriptor$$Lambda$271/224100622.execute(Unknown Source)
	at org.junit.platform.engine.support.hierarchical.ThrowableCollector.execute(ThrowableCollector.java:73)
	at org.junit.jupiter.engine.descriptor.TestMethodTestDescriptor.invokeTestMethod(TestMethodTestDescriptor.java:208)
	at org.junit.jupiter.engine.descriptor.TestMethodTestDescriptor.execute(TestMethodTestDescriptor.java:137)
	at org.junit.jupiter.engine.descriptor.TestMethodTestDescriptor.execute(TestMethodTestDescriptor.java:71)
	at org.junit.platform.engine.support.hierarchical.NodeTestTask.lambda$executeRecursively$5(NodeTestTask.java:135)
	at org.junit.platform.engine.support.hierarchical.NodeTestTask$$Lambda$179/195615004.execute(Unknown Source)
	at org.junit.platform.engine.support.hierarchical.ThrowableCollector.execute(ThrowableCollector.java:73)
	at org.junit.platform.engine.support.hierarchical.NodeTestTask.lambda$executeRecursively$7(NodeTestTask.java:125)
	at org.junit.platform.engine.support.hierarchical.NodeTestTask$$Lambda$178/1890627974.invoke(Unknown Source)
	at org.junit.platform.engine.support.hierarchical.Node.around(Node.java:135)
	at org.junit.platform.engine.support.hierarchical.NodeTestTask.lambda$executeRecursively$8(NodeTestTask.java:123)
	at org.junit.platform.engine.support.hierarchical.NodeTestTask$$Lambda$177/231977479.execute(Unknown Source)
	at org.junit.platform.engine.support.hierarchical.ThrowableCollector.execute(ThrowableCollector.java:73)
	at org.junit.platform.engine.support.hierarchical.NodeTestTask.executeRecursively(NodeTestTask.java:122)
	at org.junit.platform.engine.support.hierarchical.NodeTestTask.execute(NodeTestTask.java:80)
	at org.junit.platform.engine.support.hierarchical.SameThreadHierarchicalTestExecutorService$$Lambda$183/1381713434.accept(Unknown Source)
	at java.util.ArrayList.forEach(ArrayList.java:1249)
	at org.junit.platform.engine.support.hierarchical.SameThreadHierarchicalTestExecutorService.invokeAll(SameThreadHierarchicalTestExecutorService.java:38)
	at org.junit.platform.engine.support.hierarchical.NodeTestTask.lambda$executeRecursively$5(NodeTestTask.java:139)
	at org.junit.platform.engine.support.hierarchical.NodeTestTask$$Lambda$179/195615004.execute(Unknown Source)
	at org.junit.platform.engine.support.hierarchical.ThrowableCollector.execute(ThrowableCollector.java:73)
	at org.junit.platform.engine.support.hierarchical.NodeTestTask.lambda$executeRecursively$7(NodeTestTask.java:125)
	at org.junit.platform.engine.support.hierarchical.NodeTestTask$$Lambda$178/1890627974.invoke(Unknown Source)
	at org.junit.platform.engine.support.hierarchical.Node.around(Node.java:135)
	at org.junit.platform.engine.support.hierarchical.NodeTestTask.lambda$executeRecursively$8(NodeTestTask.java:123)
	at org.junit.platform.engine.support.hierarchical.NodeTestTask$$Lambda$177/231977479.execute(Unknown Source)
	at org.junit.platform.engine.support.hierarchical.ThrowableCollector.execute(ThrowableCollector.java:73)
	at org.junit.platform.engine.support.hierarchical.NodeTestTask.executeRecursively(NodeTestTask.java:122)
	at org.junit.platform.engine.support.hierarchical.NodeTestTask.execute(NodeTestTask.java:80)
	at org.junit.platform.engine.support.hierarchical.SameThreadHierarchicalTestExecutorService$$Lambda$183/1381713434.accept(Unknown Source)
	at java.util.ArrayList.forEach(ArrayList.java:1249)
	at org.junit.platform.engine.support.hierarchical.SameThreadHierarchicalTestExecutorService.invokeAll(SameThreadHierarchicalTestExecutorService.java:38)
	at org.junit.platform.engine.support.hierarchical.NodeTestTask.lambda$executeRecursively$5(NodeTestTask.java:139)
	at org.junit.platform.engine.support.hierarchical.NodeTestTask$$Lambda$179/195615004.execute(Unknown Source)
	at org.junit.platform.engine.support.hierarchical.ThrowableCollector.execute(ThrowableCollector.java:73)
	at org.junit.platform.engine.support.hierarchical.NodeTestTask.lambda$executeRecursively$7(NodeTestTask.java:125)
	at org.junit.platform.engine.support.hierarchical.NodeTestTask$$Lambda$178/1890627974.invoke(Unknown Source)
	at org.junit.platform.engine.support.hierarchical.Node.around(Node.java:135)
	at org.junit.platform.engine.support.hierarchical.NodeTestTask.lambda$executeRecursively$8(NodeTestTask.java:123)
	at org.junit.platform.engine.support.hierarchical.NodeTestTask$$Lambda$177/231977479.execute(Unknown Source)
	at org.junit.platform.engine.support.hierarchical.ThrowableCollector.execute(ThrowableCollector.java:73)
	at org.junit.platform.engine.support.hierarchical.NodeTestTask.executeRecursively(NodeTestTask.java:122)
	at org.junit.platform.engine.support.hierarchical.NodeTestTask.execute(NodeTestTask.java:80)
	at org.junit.platform.engine.support.hierarchical.SameThreadHierarchicalTestExecutorService.submit(SameThreadHierarchicalTestExecutorService.java:32)
	at org.junit.platform.engine.support.hierarchical.HierarchicalTestExecutor.execute(HierarchicalTestExecutor.java:57)
	at org.junit.platform.engine.support.hierarchical.HierarchicalTestEngine.execute(HierarchicalTestEngine.java:51)
	at org.junit.platform.launcher.core.DefaultLauncher.execute(DefaultLauncher.java:248)
	at org.junit.platform.launcher.core.DefaultLauncher.lambda$execute$5(DefaultLauncher.java:211)
	at org.junit.platform.launcher.core.DefaultLauncher$$Lambda$143/233996206.accept(Unknown Source)
	at org.junit.platform.launcher.core.DefaultLauncher.withInterceptedStreams(DefaultLauncher.java:226)
	at org.junit.platform.launcher.core.DefaultLauncher.execute(DefaultLauncher.java:199)
	at org.junit.platform.launcher.core.DefaultLauncher.execute(DefaultLauncher.java:132)
	at org.apache.maven.surefire.junitplatform.JUnitPlatformProvider.invokeAllTests(JUnitPlatformProvider.java:142)
	at org.apache.maven.surefire.junitplatform.JUnitPlatformProvider.invoke(JUnitPlatformProvider.java:113)
	at org.apache.maven.surefire.booter.ForkedBooter.invokeProviderInSameClassLoader(ForkedBooter.java:384)
	at org.apache.maven.surefire.booter.ForkedBooter.runSuitesInProcess(ForkedBooter.java:345)
	at org.apache.maven.surefire.booter.ForkedBooter.execute(ForkedBooter.java:126)
	at org.apache.maven.surefire.booter.ForkedBooter.main(ForkedBooter.java:418)
2021-11-08 11:15:51,400 [myid:] - INFO  [main:FourLetterWordMain@94] - connecting to 127.0.0.1 30140
2021-11-08 11:15:51,400 [myid:1] - WARN  [nioEventLoopGroup-59-8:NettyServerCnxnFactory$CnxnChannelHandler@231] - Zookeeper server is not running, close the connection before starting the TLS handshake
2021-11-08 11:15:51,664 [myid:] - INFO  [main:FourLetterWordMain@94] - connecting to 127.0.0.1 30140
2021-11-08 11:15:51,665 [myid:1] - WARN  [nioEventLoopGroup-59-9:NettyServerCnxnFactory$CnxnChannelHandler@231] - Zookeeper server is not running, close the connection before starting the TLS handshake
2021-11-08 11:15:51,915 [myid:] - INFO  [main:FourLetterWordMain@94] - connecting to 127.0.0.1 30140
2021-11-08 11:15:51,915 [myid:1] - WARN  [nioEventLoopGroup-59-10:NettyServerCnxnFactory$CnxnChannelHandler@231] - Zookeeper server is not running, close the connection before starting the TLS handshake
2021-11-08 11:15:52,179 [myid:] - INFO  [main:FourLetterWordMain@94] - connecting to 127.0.0.1 30140
2021-11-08 11:15:52,180 [myid:1] - WARN  [nioEventLoopGroup-59-11:NettyServerCnxnFactory$CnxnChannelHandler@231] - Zookeeper server is not running, close the connection before starting the TLS handshake
2021-11-08 11:15:52,240 [myid:2] - INFO  [QuorumPeer[myid=2](plain=[0:0:0:0:0:0:0:0]:30141)(secure=disabled):FastLeaderElection@984] - Notification time out: 6400
2021-11-08 11:15:52,241 [myid:1] - INFO  [QuorumPeer[myid=1](plain=[0:0:0:0:0:0:0:0]:30140)(secure=disabled):FastLeaderElection@984] - Notification time out: 6400
2021-11-08 11:15:52,445 [myid:] - INFO  [main:FourLetterWordMain@94] - connecting to 127.0.0.1 30140
2021-11-08 11:15:52,445 [myid:1] - WARN  [nioEventLoopGroup-59-12:NettyServerCnxnFactory$CnxnChannelHandler@231] - Zookeeper server is not running, close the connection before starting the TLS handshake
2021-11-08 11:15:52,710 [myid:] - INFO  [main:FourLetterWordMain@94] - connecting to 127.0.0.1 30140
2021-11-08 11:15:52,710 [myid:1] - WARN  [nioEventLoopGroup-59-1:NettyServerCnxnFactory$CnxnChannelHandler@231] - Zookeeper server is not running, close the connection before starting the TLS handshake
2021-11-08 11:15:52,973 [myid:] - INFO  [main:FourLetterWordMain@94] - connecting to 127.0.0.1 30140
2021-11-08 11:15:52,973 [myid:1] - WARN  [nioEventLoopGroup-59-2:NettyServerCnxnFactory$CnxnChannelHandler@231] - Zookeeper server is not running, close the connection before starting the TLS handshake
2021-11-08 11:15:53,225 [myid:] - INFO  [main:FourLetterWordMain@94] - connecting to 127.0.0.1 30140
2021-11-08 11:15:53,226 [myid:1] - WARN  [nioEventLoopGroup-59-3:NettyServerCnxnFactory$CnxnChannelHandler@231] - Zookeeper server is not running, close the connection before starting the TLS handshake
2021-11-08 11:15:53,487 [myid:] - INFO  [main:FourLetterWordMain@94] - connecting to 127.0.0.1 30140
2021-11-08 11:15:53,487 [myid:1] - WARN  [nioEventLoopGroup-59-4:NettyServerCnxnFactory$CnxnChannelHandler@231] - Zookeeper server is not running, close the connection before starting the TLS handshake
2021-11-08 11:15:53,751 [myid:] - INFO  [main:FourLetterWordMain@94] - connecting to 127.0.0.1 30140
2021-11-08 11:15:53,753 [myid:1] - WARN  [nioEventLoopGroup-59-5:NettyServerCnxnFactory$CnxnChannelHandler@231] - Zookeeper server is not running, close the connection before starting the TLS handshake
2021-11-08 11:15:54,015 [myid:] - INFO  [main:FourLetterWordMain@94] - connecting to 127.0.0.1 30140
2021-11-08 11:15:54,020 [myid:1] - WARN  [nioEventLoopGroup-59-6:NettyServerCnxnFactory$CnxnChannelHandler@231] - Zookeeper server is not running, close the connection before starting the TLS handshake
2021-11-08 11:15:54,281 [myid:] - INFO  [main:FourLetterWordMain@94] - connecting to 127.0.0.1 30140
2021-11-08 11:15:54,283 [myid:1] - WARN  [nioEventLoopGroup-59-7:NettyServerCnxnFactory$CnxnChannelHandler@231] - Zookeeper server is not running, close the connection before starting the TLS handshake
2021-11-08 11:15:54,533 [myid:] - INFO  [main:FourLetterWordMain@94] - connecting to 127.0.0.1 30140
2021-11-08 11:15:54,533 [myid:1] - WARN  [nioEventLoopGroup-59-8:NettyServerCnxnFactory$CnxnChannelHandler@231] - Zookeeper server is not running, close the connection before starting the TLS handshake
2021-11-08 11:15:54,548 [myid:] - INFO  [main:ClientBase@267] - server 127.0.0.1:30140 not up
java.net.SocketException: Software caused connection abort: recv failed
	at java.net.SocketInputStream.socketRead0(Native Method)
	at java.net.SocketInputStream.read(SocketInputStream.java:150)
	at java.net.SocketInputStream.read(SocketInputStream.java:121)
	at sun.nio.cs.StreamDecoder.readBytes(StreamDecoder.java:284)
	at sun.nio.cs.StreamDecoder.implRead(StreamDecoder.java:326)
	at sun.nio.cs.StreamDecoder.read(StreamDecoder.java:178)
	at java.io.InputStreamReader.read(InputStreamReader.java:184)
	at java.io.BufferedReader.fill(BufferedReader.java:161)
	at java.io.BufferedReader.readLine(BufferedReader.java:324)
	at java.io.BufferedReader.readLine(BufferedReader.java:389)
	at org.apache.zookeeper.client.FourLetterWordMain.send4LetterWord(FourLetterWordMain.java:129)
	at org.apache.zookeeper.client.FourLetterWordMain.send4LetterWord(FourLetterWordMain.java:74)
	at org.apache.zookeeper.test.ClientBase.waitForServerUp(ClientBase.java:258)
	at org.apache.zookeeper.test.ClientBase.waitForServerUp(ClientBase.java:249)
	at org.apache.zookeeper.server.quorum.QuorumSSLTest.testHostnameVerification(QuorumSSLTest.java:671)
	at org.apache.zookeeper.server.quorum.QuorumSSLTest.testHostnameVerificationWithInvalidHostname(QuorumSSLTest.java:566)
	at sun.reflect.NativeMethodAccessorImpl.invoke0(Native Method)
	at sun.reflect.NativeMethodAccessorImpl.invoke(NativeMethodAccessorImpl.java:62)
	at sun.reflect.DelegatingMethodAccessorImpl.invoke(DelegatingMethodAccessorImpl.java:43)
	at java.lang.reflect.Method.invoke(Method.java:483)
	at org.junit.platform.commons.util.ReflectionUtils.invokeMethod(ReflectionUtils.java:686)
	at org.junit.jupiter.engine.execution.MethodInvocation.proceed(MethodInvocation.java:60)
	at org.junit.jupiter.engine.execution.InvocationInterceptorChain$ValidatingInvocation.proceed(InvocationInterceptorChain.java:131)
	at org.junit.jupiter.engine.extension.TimeoutInvocation.proceed(TimeoutInvocation.java:46)
	at org.junit.jupiter.engine.extension.TimeoutExtension.intercept(TimeoutExtension.java:149)
	at org.junit.jupiter.engine.extension.TimeoutExtension.interceptTestableMethod(TimeoutExtension.java:140)
	at org.junit.jupiter.engine.extension.TimeoutExtension.interceptTestMethod(TimeoutExtension.java:84)
	at org.junit.jupiter.engine.descriptor.TestMethodTestDescriptor$$Lambda$111/1780132728.apply(Unknown Source)
	at org.junit.jupiter.engine.execution.ExecutableInvoker$ReflectiveInterceptorCall.lambda$ofVoidMethod$0(ExecutableInvoker.java:115)
	at org.junit.jupiter.engine.execution.ExecutableInvoker$ReflectiveInterceptorCall$$Lambda$112/1725017993.apply(Unknown Source)
	at org.junit.jupiter.engine.execution.ExecutableInvoker.lambda$invoke$0(ExecutableInvoker.java:105)
	at org.junit.jupiter.engine.execution.ExecutableInvoker$$Lambda$234/64133603.apply(Unknown Source)
	at org.junit.jupiter.engine.execution.InvocationInterceptorChain$InterceptedInvocation.proceed(InvocationInterceptorChain.java:106)
	at org.junit.jupiter.engine.execution.InvocationInterceptorChain.proceed(InvocationInterceptorChain.java:64)
	at org.junit.jupiter.engine.execution.InvocationInterceptorChain.chainAndInvoke(InvocationInterceptorChain.java:45)
	at org.junit.jupiter.engine.execution.InvocationInterceptorChain.invoke(InvocationInterceptorChain.java:37)
	at org.junit.jupiter.engine.execution.ExecutableInvoker.invoke(ExecutableInvoker.java:104)
	at org.junit.jupiter.engine.execution.ExecutableInvoker.invoke(ExecutableInvoker.java:98)
	at org.junit.jupiter.engine.descriptor.TestMethodTestDescriptor.lambda$invokeTestMethod$6(TestMethodTestDescriptor.java:212)
	at org.junit.jupiter.engine.descriptor.TestMethodTestDescriptor$$Lambda$271/224100622.execute(Unknown Source)
	at org.junit.platform.engine.support.hierarchical.ThrowableCollector.execute(ThrowableCollector.java:73)
	at org.junit.jupiter.engine.descriptor.TestMethodTestDescriptor.invokeTestMethod(TestMethodTestDescriptor.java:208)
	at org.junit.jupiter.engine.descriptor.TestMethodTestDescriptor.execute(TestMethodTestDescriptor.java:137)
	at org.junit.jupiter.engine.descriptor.TestMethodTestDescriptor.execute(TestMethodTestDescriptor.java:71)
	at org.junit.platform.engine.support.hierarchical.NodeTestTask.lambda$executeRecursively$5(NodeTestTask.java:135)
	at org.junit.platform.engine.support.hierarchical.NodeTestTask$$Lambda$179/195615004.execute(Unknown Source)
	at org.junit.platform.engine.support.hierarchical.ThrowableCollector.execute(ThrowableCollector.java:73)
	at org.junit.platform.engine.support.hierarchical.NodeTestTask.lambda$executeRecursively$7(NodeTestTask.java:125)
	at org.junit.platform.engine.support.hierarchical.NodeTestTask$$Lambda$178/1890627974.invoke(Unknown Source)
	at org.junit.platform.engine.support.hierarchical.Node.around(Node.java:135)
	at org.junit.platform.engine.support.hierarchical.NodeTestTask.lambda$executeRecursively$8(NodeTestTask.java:123)
	at org.junit.platform.engine.support.hierarchical.NodeTestTask$$Lambda$177/231977479.execute(Unknown Source)
	at org.junit.platform.engine.support.hierarchical.ThrowableCollector.execute(ThrowableCollector.java:73)
	at org.junit.platform.engine.support.hierarchical.NodeTestTask.executeRecursively(NodeTestTask.java:122)
	at org.junit.platform.engine.support.hierarchical.NodeTestTask.execute(NodeTestTask.java:80)
	at org.junit.platform.engine.support.hierarchical.SameThreadHierarchicalTestExecutorService$$Lambda$183/1381713434.accept(Unknown Source)
	at java.util.ArrayList.forEach(ArrayList.java:1249)
	at org.junit.platform.engine.support.hierarchical.SameThreadHierarchicalTestExecutorService.invokeAll(SameThreadHierarchicalTestExecutorService.java:38)
	at org.junit.platform.engine.support.hierarchical.NodeTestTask.lambda$executeRecursively$5(NodeTestTask.java:139)
	at org.junit.platform.engine.support.hierarchical.NodeTestTask$$Lambda$179/195615004.execute(Unknown Source)
	at org.junit.platform.engine.support.hierarchical.ThrowableCollector.execute(ThrowableCollector.java:73)
	at org.junit.platform.engine.support.hierarchical.NodeTestTask.lambda$executeRecursively$7(NodeTestTask.java:125)
	at org.junit.platform.engine.support.hierarchical.NodeTestTask$$Lambda$178/1890627974.invoke(Unknown Source)
	at org.junit.platform.engine.support.hierarchical.Node.around(Node.java:135)
	at org.junit.platform.engine.support.hierarchical.NodeTestTask.lambda$executeRecursively$8(NodeTestTask.java:123)
	at org.junit.platform.engine.support.hierarchical.NodeTestTask$$Lambda$177/231977479.execute(Unknown Source)
	at org.junit.platform.engine.support.hierarchical.ThrowableCollector.execute(ThrowableCollector.java:73)
	at org.junit.platform.engine.support.hierarchical.NodeTestTask.executeRecursively(NodeTestTask.java:122)
	at org.junit.platform.engine.support.hierarchical.NodeTestTask.execute(NodeTestTask.java:80)
	at org.junit.platform.engine.support.hierarchical.SameThreadHierarchicalTestExecutorService$$Lambda$183/1381713434.accept(Unknown Source)
	at java.util.ArrayList.forEach(ArrayList.java:1249)
	at org.junit.platform.engine.support.hierarchical.SameThreadHierarchicalTestExecutorService.invokeAll(SameThreadHierarchicalTestExecutorService.java:38)
	at org.junit.platform.engine.support.hierarchical.NodeTestTask.lambda$executeRecursively$5(NodeTestTask.java:139)
	at org.junit.platform.engine.support.hierarchical.NodeTestTask$$Lambda$179/195615004.execute(Unknown Source)
	at org.junit.platform.engine.support.hierarchical.ThrowableCollector.execute(ThrowableCollector.java:73)
	at org.junit.platform.engine.support.hierarchical.NodeTestTask.lambda$executeRecursively$7(NodeTestTask.java:125)
	at org.junit.platform.engine.support.hierarchical.NodeTestTask$$Lambda$178/1890627974.invoke(Unknown Source)
	at org.junit.platform.engine.support.hierarchical.Node.around(Node.java:135)
	at org.junit.platform.engine.support.hierarchical.NodeTestTask.lambda$executeRecursively$8(NodeTestTask.java:123)
	at org.junit.platform.engine.support.hierarchical.NodeTestTask$$Lambda$177/231977479.execute(Unknown Source)
	at org.junit.platform.engine.support.hierarchical.ThrowableCollector.execute(ThrowableCollector.java:73)
	at org.junit.platform.engine.support.hierarchical.NodeTestTask.executeRecursively(NodeTestTask.java:122)
	at org.junit.platform.engine.support.hierarchical.NodeTestTask.execute(NodeTestTask.java:80)
	at org.junit.platform.engine.support.hierarchical.SameThreadHierarchicalTestExecutorService.submit(SameThreadHierarchicalTestExecutorService.java:32)
	at org.junit.platform.engine.support.hierarchical.HierarchicalTestExecutor.execute(HierarchicalTestExecutor.java:57)
	at org.junit.platform.engine.support.hierarchical.HierarchicalTestEngine.execute(HierarchicalTestEngine.java:51)
	at org.junit.platform.launcher.core.DefaultLauncher.execute(DefaultLauncher.java:248)
	at org.junit.platform.launcher.core.DefaultLauncher.lambda$execute$5(DefaultLauncher.java:211)
	at org.junit.platform.launcher.core.DefaultLauncher$$Lambda$143/233996206.accept(Unknown Source)
	at org.junit.platform.launcher.core.DefaultLauncher.withInterceptedStreams(DefaultLauncher.java:226)
	at org.junit.platform.launcher.core.DefaultLauncher.execute(DefaultLauncher.java:199)
	at org.junit.platform.launcher.core.DefaultLauncher.execute(DefaultLauncher.java:132)
	at org.apache.maven.surefire.junitplatform.JUnitPlatformProvider.invokeAllTests(JUnitPlatformProvider.java:142)
	at org.apache.maven.surefire.junitplatform.JUnitPlatformProvider.invoke(JUnitPlatformProvider.java:113)
	at org.apache.maven.surefire.booter.ForkedBooter.invokeProviderInSameClassLoader(ForkedBooter.java:384)
	at org.apache.maven.surefire.booter.ForkedBooter.runSuitesInProcess(ForkedBooter.java:345)
	at org.apache.maven.surefire.booter.ForkedBooter.execute(ForkedBooter.java:126)
	at org.apache.maven.surefire.booter.ForkedBooter.main(ForkedBooter.java:418)
2021-11-08 11:15:54,813 [myid:] - INFO  [main:FourLetterWordMain@94] - connecting to 127.0.0.1 30140
2021-11-08 11:15:54,814 [myid:1] - WARN  [nioEventLoopGroup-59-9:NettyServerCnxnFactory$CnxnChannelHandler@231] - Zookeeper server is not running, close the connection before starting the TLS handshake
2021-11-08 11:15:54,829 [myid:] - INFO  [main:ClientBase@267] - server 127.0.0.1:30140 not up
java.net.SocketException: Software caused connection abort: recv failed
	at java.net.SocketInputStream.socketRead0(Native Method)
	at java.net.SocketInputStream.read(SocketInputStream.java:150)
	at java.net.SocketInputStream.read(SocketInputStream.java:121)
	at sun.nio.cs.StreamDecoder.readBytes(StreamDecoder.java:284)
	at sun.nio.cs.StreamDecoder.implRead(StreamDecoder.java:326)
	at sun.nio.cs.StreamDecoder.read(StreamDecoder.java:178)
	at java.io.InputStreamReader.read(InputStreamReader.java:184)
	at java.io.BufferedReader.fill(BufferedReader.java:161)
	at java.io.BufferedReader.readLine(BufferedReader.java:324)
	at java.io.BufferedReader.readLine(BufferedReader.java:389)
	at org.apache.zookeeper.client.FourLetterWordMain.send4LetterWord(FourLetterWordMain.java:129)
	at org.apache.zookeeper.client.FourLetterWordMain.send4LetterWord(FourLetterWordMain.java:74)
	at org.apache.zookeeper.test.ClientBase.waitForServerUp(ClientBase.java:258)
	at org.apache.zookeeper.test.ClientBase.waitForServerUp(ClientBase.java:249)
	at org.apache.zookeeper.server.quorum.QuorumSSLTest.testHostnameVerification(QuorumSSLTest.java:671)
	at org.apache.zookeeper.server.quorum.QuorumSSLTest.testHostnameVerificationWithInvalidHostname(QuorumSSLTest.java:566)
	at sun.reflect.NativeMethodAccessorImpl.invoke0(Native Method)
	at sun.reflect.NativeMethodAccessorImpl.invoke(NativeMethodAccessorImpl.java:62)
	at sun.reflect.DelegatingMethodAccessorImpl.invoke(DelegatingMethodAccessorImpl.java:43)
	at java.lang.reflect.Method.invoke(Method.java:483)
	at org.junit.platform.commons.util.ReflectionUtils.invokeMethod(ReflectionUtils.java:686)
	at org.junit.jupiter.engine.execution.MethodInvocation.proceed(MethodInvocation.java:60)
	at org.junit.jupiter.engine.execution.InvocationInterceptorChain$ValidatingInvocation.proceed(InvocationInterceptorChain.java:131)
	at org.junit.jupiter.engine.extension.TimeoutInvocation.proceed(TimeoutInvocation.java:46)
	at org.junit.jupiter.engine.extension.TimeoutExtension.intercept(TimeoutExtension.java:149)
	at org.junit.jupiter.engine.extension.TimeoutExtension.interceptTestableMethod(TimeoutExtension.java:140)
	at org.junit.jupiter.engine.extension.TimeoutExtension.interceptTestMethod(TimeoutExtension.java:84)
	at org.junit.jupiter.engine.descriptor.TestMethodTestDescriptor$$Lambda$111/1780132728.apply(Unknown Source)
	at org.junit.jupiter.engine.execution.ExecutableInvoker$ReflectiveInterceptorCall.lambda$ofVoidMethod$0(ExecutableInvoker.java:115)
	at org.junit.jupiter.engine.execution.ExecutableInvoker$ReflectiveInterceptorCall$$Lambda$112/1725017993.apply(Unknown Source)
	at org.junit.jupiter.engine.execution.ExecutableInvoker.lambda$invoke$0(ExecutableInvoker.java:105)
	at org.junit.jupiter.engine.execution.ExecutableInvoker$$Lambda$234/64133603.apply(Unknown Source)
	at org.junit.jupiter.engine.execution.InvocationInterceptorChain$InterceptedInvocation.proceed(InvocationInterceptorChain.java:106)
	at org.junit.jupiter.engine.execution.InvocationInterceptorChain.proceed(InvocationInterceptorChain.java:64)
	at org.junit.jupiter.engine.execution.InvocationInterceptorChain.chainAndInvoke(InvocationInterceptorChain.java:45)
	at org.junit.jupiter.engine.execution.InvocationInterceptorChain.invoke(InvocationInterceptorChain.java:37)
	at org.junit.jupiter.engine.execution.ExecutableInvoker.invoke(ExecutableInvoker.java:104)
	at org.junit.jupiter.engine.execution.ExecutableInvoker.invoke(ExecutableInvoker.java:98)
	at org.junit.jupiter.engine.descriptor.TestMethodTestDescriptor.lambda$invokeTestMethod$6(TestMethodTestDescriptor.java:212)
	at org.junit.jupiter.engine.descriptor.TestMethodTestDescriptor$$Lambda$271/224100622.execute(Unknown Source)
	at org.junit.platform.engine.support.hierarchical.ThrowableCollector.execute(ThrowableCollector.java:73)
	at org.junit.jupiter.engine.descriptor.TestMethodTestDescriptor.invokeTestMethod(TestMethodTestDescriptor.java:208)
	at org.junit.jupiter.engine.descriptor.TestMethodTestDescriptor.execute(TestMethodTestDescriptor.java:137)
	at org.junit.jupiter.engine.descriptor.TestMethodTestDescriptor.execute(TestMethodTestDescriptor.java:71)
	at org.junit.platform.engine.support.hierarchical.NodeTestTask.lambda$executeRecursively$5(NodeTestTask.java:135)
	at org.junit.platform.engine.support.hierarchical.NodeTestTask$$Lambda$179/195615004.execute(Unknown Source)
	at org.junit.platform.engine.support.hierarchical.ThrowableCollector.execute(ThrowableCollector.java:73)
	at org.junit.platform.engine.support.hierarchical.NodeTestTask.lambda$executeRecursively$7(NodeTestTask.java:125)
	at org.junit.platform.engine.support.hierarchical.NodeTestTask$$Lambda$178/1890627974.invoke(Unknown Source)
	at org.junit.platform.engine.support.hierarchical.Node.around(Node.java:135)
	at org.junit.platform.engine.support.hierarchical.NodeTestTask.lambda$executeRecursively$8(NodeTestTask.java:123)
	at org.junit.platform.engine.support.hierarchical.NodeTestTask$$Lambda$177/231977479.execute(Unknown Source)
	at org.junit.platform.engine.support.hierarchical.ThrowableCollector.execute(ThrowableCollector.java:73)
	at org.junit.platform.engine.support.hierarchical.NodeTestTask.executeRecursively(NodeTestTask.java:122)
	at org.junit.platform.engine.support.hierarchical.NodeTestTask.execute(NodeTestTask.java:80)
	at org.junit.platform.engine.support.hierarchical.SameThreadHierarchicalTestExecutorService$$Lambda$183/1381713434.accept(Unknown Source)
	at java.util.ArrayList.forEach(ArrayList.java:1249)
	at org.junit.platform.engine.support.hierarchical.SameThreadHierarchicalTestExecutorService.invokeAll(SameThreadHierarchicalTestExecutorService.java:38)
	at org.junit.platform.engine.support.hierarchical.NodeTestTask.lambda$executeRecursively$5(NodeTestTask.java:139)
	at org.junit.platform.engine.support.hierarchical.NodeTestTask$$Lambda$179/195615004.execute(Unknown Source)
	at org.junit.platform.engine.support.hierarchical.ThrowableCollector.execute(ThrowableCollector.java:73)
	at org.junit.platform.engine.support.hierarchical.NodeTestTask.lambda$executeRecursively$7(NodeTestTask.java:125)
	at org.junit.platform.engine.support.hierarchical.NodeTestTask$$Lambda$178/1890627974.invoke(Unknown Source)
	at org.junit.platform.engine.support.hierarchical.Node.around(Node.java:135)
	at org.junit.platform.engine.support.hierarchical.NodeTestTask.lambda$executeRecursively$8(NodeTestTask.java:123)
	at org.junit.platform.engine.support.hierarchical.NodeTestTask$$Lambda$177/231977479.execute(Unknown Source)
	at org.junit.platform.engine.support.hierarchical.ThrowableCollector.execute(ThrowableCollector.java:73)
	at org.junit.platform.engine.support.hierarchical.NodeTestTask.executeRecursively(NodeTestTask.java:122)
	at org.junit.platform.engine.support.hierarchical.NodeTestTask.execute(NodeTestTask.java:80)
	at org.junit.platform.engine.support.hierarchical.SameThreadHierarchicalTestExecutorService$$Lambda$183/1381713434.accept(Unknown Source)
	at java.util.ArrayList.forEach(ArrayList.java:1249)
	at org.junit.platform.engine.support.hierarchical.SameThreadHierarchicalTestExecutorService.invokeAll(SameThreadHierarchicalTestExecutorService.java:38)
	at org.junit.platform.engine.support.hierarchical.NodeTestTask.lambda$executeRecursively$5(NodeTestTask.java:139)
	at org.junit.platform.engine.support.hierarchical.NodeTestTask$$Lambda$179/195615004.execute(Unknown Source)
	at org.junit.platform.engine.support.hierarchical.ThrowableCollector.execute(ThrowableCollector.java:73)
	at org.junit.platform.engine.support.hierarchical.NodeTestTask.lambda$executeRecursively$7(NodeTestTask.java:125)
	at org.junit.platform.engine.support.hierarchical.NodeTestTask$$Lambda$178/1890627974.invoke(Unknown Source)
	at org.junit.platform.engine.support.hierarchical.Node.around(Node.java:135)
	at org.junit.platform.engine.support.hierarchical.NodeTestTask.lambda$executeRecursively$8(NodeTestTask.java:123)
	at org.junit.platform.engine.support.hierarchical.NodeTestTask$$Lambda$177/231977479.execute(Unknown Source)
	at org.junit.platform.engine.support.hierarchical.ThrowableCollector.execute(ThrowableCollector.java:73)
	at org.junit.platform.engine.support.hierarchical.NodeTestTask.executeRecursively(NodeTestTask.java:122)
	at org.junit.platform.engine.support.hierarchical.NodeTestTask.execute(NodeTestTask.java:80)
	at org.junit.platform.engine.support.hierarchical.SameThreadHierarchicalTestExecutorService.submit(SameThreadHierarchicalTestExecutorService.java:32)
	at org.junit.platform.engine.support.hierarchical.HierarchicalTestExecutor.execute(HierarchicalTestExecutor.java:57)
	at org.junit.platform.engine.support.hierarchical.HierarchicalTestEngine.execute(HierarchicalTestEngine.java:51)
	at org.junit.platform.launcher.core.DefaultLauncher.execute(DefaultLauncher.java:248)
	at org.junit.platform.launcher.core.DefaultLauncher.lambda$execute$5(DefaultLauncher.java:211)
	at org.junit.platform.launcher.core.DefaultLauncher$$Lambda$143/233996206.accept(Unknown Source)
	at org.junit.platform.launcher.core.DefaultLauncher.withInterceptedStreams(DefaultLauncher.java:226)
	at org.junit.platform.launcher.core.DefaultLauncher.execute(DefaultLauncher.java:199)
	at org.junit.platform.launcher.core.DefaultLauncher.execute(DefaultLauncher.java:132)
	at org.apache.maven.surefire.junitplatform.JUnitPlatformProvider.invokeAllTests(JUnitPlatformProvider.java:142)
	at org.apache.maven.surefire.junitplatform.JUnitPlatformProvider.invoke(JUnitPlatformProvider.java:113)
	at org.apache.maven.surefire.booter.ForkedBooter.invokeProviderInSameClassLoader(ForkedBooter.java:384)
	at org.apache.maven.surefire.booter.ForkedBooter.runSuitesInProcess(ForkedBooter.java:345)
	at org.apache.maven.surefire.booter.ForkedBooter.execute(ForkedBooter.java:126)
	at org.apache.maven.surefire.booter.ForkedBooter.main(ForkedBooter.java:418)
2021-11-08 11:15:55,094 [myid:] - INFO  [main:FourLetterWordMain@94] - connecting to 127.0.0.1 30140
2021-11-08 11:15:55,094 [myid:1] - WARN  [nioEventLoopGroup-59-10:NettyServerCnxnFactory$CnxnChannelHandler@231] - Zookeeper server is not running, close the connection before starting the TLS handshake
2021-11-08 11:15:55,110 [myid:] - INFO  [main:ClientBase@267] - server 127.0.0.1:30140 not up
java.net.SocketException: Software caused connection abort: recv failed
	at java.net.SocketInputStream.socketRead0(Native Method)
	at java.net.SocketInputStream.read(SocketInputStream.java:150)
	at java.net.SocketInputStream.read(SocketInputStream.java:121)
	at sun.nio.cs.StreamDecoder.readBytes(StreamDecoder.java:284)
	at sun.nio.cs.StreamDecoder.implRead(StreamDecoder.java:326)
	at sun.nio.cs.StreamDecoder.read(StreamDecoder.java:178)
	at java.io.InputStreamReader.read(InputStreamReader.java:184)
	at java.io.BufferedReader.fill(BufferedReader.java:161)
	at java.io.BufferedReader.readLine(BufferedReader.java:324)
	at java.io.BufferedReader.readLine(BufferedReader.java:389)
	at org.apache.zookeeper.client.FourLetterWordMain.send4LetterWord(FourLetterWordMain.java:129)
	at org.apache.zookeeper.client.FourLetterWordMain.send4LetterWord(FourLetterWordMain.java:74)
	at org.apache.zookeeper.test.ClientBase.waitForServerUp(ClientBase.java:258)
	at org.apache.zookeeper.test.ClientBase.waitForServerUp(ClientBase.java:249)
	at org.apache.zookeeper.server.quorum.QuorumSSLTest.testHostnameVerification(QuorumSSLTest.java:671)
	at org.apache.zookeeper.server.quorum.QuorumSSLTest.testHostnameVerificationWithInvalidHostname(QuorumSSLTest.java:566)
	at sun.reflect.NativeMethodAccessorImpl.invoke0(Native Method)
	at sun.reflect.NativeMethodAccessorImpl.invoke(NativeMethodAccessorImpl.java:62)
	at sun.reflect.DelegatingMethodAccessorImpl.invoke(DelegatingMethodAccessorImpl.java:43)
	at java.lang.reflect.Method.invoke(Method.java:483)
	at org.junit.platform.commons.util.ReflectionUtils.invokeMethod(ReflectionUtils.java:686)
	at org.junit.jupiter.engine.execution.MethodInvocation.proceed(MethodInvocation.java:60)
	at org.junit.jupiter.engine.execution.InvocationInterceptorChain$ValidatingInvocation.proceed(InvocationInterceptorChain.java:131)
	at org.junit.jupiter.engine.extension.TimeoutInvocation.proceed(TimeoutInvocation.java:46)
	at org.junit.jupiter.engine.extension.TimeoutExtension.intercept(TimeoutExtension.java:149)
	at org.junit.jupiter.engine.extension.TimeoutExtension.interceptTestableMethod(TimeoutExtension.java:140)
	at org.junit.jupiter.engine.extension.TimeoutExtension.interceptTestMethod(TimeoutExtension.java:84)
	at org.junit.jupiter.engine.descriptor.TestMethodTestDescriptor$$Lambda$111/1780132728.apply(Unknown Source)
	at org.junit.jupiter.engine.execution.ExecutableInvoker$ReflectiveInterceptorCall.lambda$ofVoidMethod$0(ExecutableInvoker.java:115)
	at org.junit.jupiter.engine.execution.ExecutableInvoker$ReflectiveInterceptorCall$$Lambda$112/1725017993.apply(Unknown Source)
	at org.junit.jupiter.engine.execution.ExecutableInvoker.lambda$invoke$0(ExecutableInvoker.java:105)
	at org.junit.jupiter.engine.execution.ExecutableInvoker$$Lambda$234/64133603.apply(Unknown Source)
	at org.junit.jupiter.engine.execution.InvocationInterceptorChain$InterceptedInvocation.proceed(InvocationInterceptorChain.java:106)
	at org.junit.jupiter.engine.execution.InvocationInterceptorChain.proceed(InvocationInterceptorChain.java:64)
	at org.junit.jupiter.engine.execution.InvocationInterceptorChain.chainAndInvoke(InvocationInterceptorChain.java:45)
	at org.junit.jupiter.engine.execution.InvocationInterceptorChain.invoke(InvocationInterceptorChain.java:37)
	at org.junit.jupiter.engine.execution.ExecutableInvoker.invoke(ExecutableInvoker.java:104)
	at org.junit.jupiter.engine.execution.ExecutableInvoker.invoke(ExecutableInvoker.java:98)
	at org.junit.jupiter.engine.descriptor.TestMethodTestDescriptor.lambda$invokeTestMethod$6(TestMethodTestDescriptor.java:212)
	at org.junit.jupiter.engine.descriptor.TestMethodTestDescriptor$$Lambda$271/224100622.execute(Unknown Source)
	at org.junit.platform.engine.support.hierarchical.ThrowableCollector.execute(ThrowableCollector.java:73)
	at org.junit.jupiter.engine.descriptor.TestMethodTestDescriptor.invokeTestMethod(TestMethodTestDescriptor.java:208)
	at org.junit.jupiter.engine.descriptor.TestMethodTestDescriptor.execute(TestMethodTestDescriptor.java:137)
	at org.junit.jupiter.engine.descriptor.TestMethodTestDescriptor.execute(TestMethodTestDescriptor.java:71)
	at org.junit.platform.engine.support.hierarchical.NodeTestTask.lambda$executeRecursively$5(NodeTestTask.java:135)
	at org.junit.platform.engine.support.hierarchical.NodeTestTask$$Lambda$179/195615004.execute(Unknown Source)
	at org.junit.platform.engine.support.hierarchical.ThrowableCollector.execute(ThrowableCollector.java:73)
	at org.junit.platform.engine.support.hierarchical.NodeTestTask.lambda$executeRecursively$7(NodeTestTask.java:125)
	at org.junit.platform.engine.support.hierarchical.NodeTestTask$$Lambda$178/1890627974.invoke(Unknown Source)
	at org.junit.platform.engine.support.hierarchical.Node.around(Node.java:135)
	at org.junit.platform.engine.support.hierarchical.NodeTestTask.lambda$executeRecursively$8(NodeTestTask.java:123)
	at org.junit.platform.engine.support.hierarchical.NodeTestTask$$Lambda$177/231977479.execute(Unknown Source)
	at org.junit.platform.engine.support.hierarchical.ThrowableCollector.execute(ThrowableCollector.java:73)
	at org.junit.platform.engine.support.hierarchical.NodeTestTask.executeRecursively(NodeTestTask.java:122)
	at org.junit.platform.engine.support.hierarchical.NodeTestTask.execute(NodeTestTask.java:80)
	at org.junit.platform.engine.support.hierarchical.SameThreadHierarchicalTestExecutorService$$Lambda$183/1381713434.accept(Unknown Source)
	at java.util.ArrayList.forEach(ArrayList.java:1249)
	at org.junit.platform.engine.support.hierarchical.SameThreadHierarchicalTestExecutorService.invokeAll(SameThreadHierarchicalTestExecutorService.java:38)
	at org.junit.platform.engine.support.hierarchical.NodeTestTask.lambda$executeRecursively$5(NodeTestTask.java:139)
	at org.junit.platform.engine.support.hierarchical.NodeTestTask$$Lambda$179/195615004.execute(Unknown Source)
	at org.junit.platform.engine.support.hierarchical.ThrowableCollector.execute(ThrowableCollector.java:73)
	at org.junit.platform.engine.support.hierarchical.NodeTestTask.lambda$executeRecursively$7(NodeTestTask.java:125)
	at org.junit.platform.engine.support.hierarchical.NodeTestTask$$Lambda$178/1890627974.invoke(Unknown Source)
	at org.junit.platform.engine.support.hierarchical.Node.around(Node.java:135)
	at org.junit.platform.engine.support.hierarchical.NodeTestTask.lambda$executeRecursively$8(NodeTestTask.java:123)
	at org.junit.platform.engine.support.hierarchical.NodeTestTask$$Lambda$177/231977479.execute(Unknown Source)
	at org.junit.platform.engine.support.hierarchical.ThrowableCollector.execute(ThrowableCollector.java:73)
	at org.junit.platform.engine.support.hierarchical.NodeTestTask.executeRecursively(NodeTestTask.java:122)
	at org.junit.platform.engine.support.hierarchical.NodeTestTask.execute(NodeTestTask.java:80)
	at org.junit.platform.engine.support.hierarchical.SameThreadHierarchicalTestExecutorService$$Lambda$183/1381713434.accept(Unknown Source)
	at java.util.ArrayList.forEach(ArrayList.java:1249)
	at org.junit.platform.engine.support.hierarchical.SameThreadHierarchicalTestExecutorService.invokeAll(SameThreadHierarchicalTestExecutorService.java:38)
	at org.junit.platform.engine.support.hierarchical.NodeTestTask.lambda$executeRecursively$5(NodeTestTask.java:139)
	at org.junit.platform.engine.support.hierarchical.NodeTestTask$$Lambda$179/195615004.execute(Unknown Source)
	at org.junit.platform.engine.support.hierarchical.ThrowableCollector.execute(ThrowableCollector.java:73)
	at org.junit.platform.engine.support.hierarchical.NodeTestTask.lambda$executeRecursively$7(NodeTestTask.java:125)
	at org.junit.platform.engine.support.hierarchical.NodeTestTask$$Lambda$178/1890627974.invoke(Unknown Source)
	at org.junit.platform.engine.support.hierarchical.Node.around(Node.java:135)
	at org.junit.platform.engine.support.hierarchical.NodeTestTask.lambda$executeRecursively$8(NodeTestTask.java:123)
	at org.junit.platform.engine.support.hierarchical.NodeTestTask$$Lambda$177/231977479.execute(Unknown Source)
	at org.junit.platform.engine.support.hierarchical.ThrowableCollector.execute(ThrowableCollector.java:73)
	at org.junit.platform.engine.support.hierarchical.NodeTestTask.executeRecursively(NodeTestTask.java:122)
	at org.junit.platform.engine.support.hierarchical.NodeTestTask.execute(NodeTestTask.java:80)
	at org.junit.platform.engine.support.hierarchical.SameThreadHierarchicalTestExecutorService.submit(SameThreadHierarchicalTestExecutorService.java:32)
	at org.junit.platform.engine.support.hierarchical.HierarchicalTestExecutor.execute(HierarchicalTestExecutor.java:57)
	at org.junit.platform.engine.support.hierarchical.HierarchicalTestEngine.execute(HierarchicalTestEngine.java:51)
	at org.junit.platform.launcher.core.DefaultLauncher.execute(DefaultLauncher.java:248)
	at org.junit.platform.launcher.core.DefaultLauncher.lambda$execute$5(DefaultLauncher.java:211)
	at org.junit.platform.launcher.core.DefaultLauncher$$Lambda$143/233996206.accept(Unknown Source)
	at org.junit.platform.launcher.core.DefaultLauncher.withInterceptedStreams(DefaultLauncher.java:226)
	at org.junit.platform.launcher.core.DefaultLauncher.execute(DefaultLauncher.java:199)
	at org.junit.platform.launcher.core.DefaultLauncher.execute(DefaultLauncher.java:132)
	at org.apache.maven.surefire.junitplatform.JUnitPlatformProvider.invokeAllTests(JUnitPlatformProvider.java:142)
	at org.apache.maven.surefire.junitplatform.JUnitPlatformProvider.invoke(JUnitPlatformProvider.java:113)
	at org.apache.maven.surefire.booter.ForkedBooter.invokeProviderInSameClassLoader(ForkedBooter.java:384)
	at org.apache.maven.surefire.booter.ForkedBooter.runSuitesInProcess(ForkedBooter.java:345)
	at org.apache.maven.surefire.booter.ForkedBooter.execute(ForkedBooter.java:126)
	at org.apache.maven.surefire.booter.ForkedBooter.main(ForkedBooter.java:418)
2021-11-08 11:15:55,375 [myid:] - INFO  [main:FourLetterWordMain@94] - connecting to 127.0.0.1 30140
2021-11-08 11:15:55,377 [myid:1] - WARN  [nioEventLoopGroup-59-11:NettyServerCnxnFactory$CnxnChannelHandler@231] - Zookeeper server is not running, close the connection before starting the TLS handshake
2021-11-08 11:15:55,642 [myid:] - INFO  [main:FourLetterWordMain@94] - connecting to 127.0.0.1 30140
2021-11-08 11:15:55,642 [myid:1] - WARN  [nioEventLoopGroup-59-12:NettyServerCnxnFactory$CnxnChannelHandler@231] - Zookeeper server is not running, close the connection before starting the TLS handshake
2021-11-08 11:15:55,658 [myid:] - INFO  [main:ClientBase@267] - server 127.0.0.1:30140 not up
java.net.SocketException: Software caused connection abort: recv failed
	at java.net.SocketInputStream.socketRead0(Native Method)
	at java.net.SocketInputStream.read(SocketInputStream.java:150)
	at java.net.SocketInputStream.read(SocketInputStream.java:121)
	at sun.nio.cs.StreamDecoder.readBytes(StreamDecoder.java:284)
	at sun.nio.cs.StreamDecoder.implRead(StreamDecoder.java:326)
	at sun.nio.cs.StreamDecoder.read(StreamDecoder.java:178)
	at java.io.InputStreamReader.read(InputStreamReader.java:184)
	at java.io.BufferedReader.fill(BufferedReader.java:161)
	at java.io.BufferedReader.readLine(BufferedReader.java:324)
	at java.io.BufferedReader.readLine(BufferedReader.java:389)
	at org.apache.zookeeper.client.FourLetterWordMain.send4LetterWord(FourLetterWordMain.java:129)
	at org.apache.zookeeper.client.FourLetterWordMain.send4LetterWord(FourLetterWordMain.java:74)
	at org.apache.zookeeper.test.ClientBase.waitForServerUp(ClientBase.java:258)
	at org.apache.zookeeper.test.ClientBase.waitForServerUp(ClientBase.java:249)
	at org.apache.zookeeper.server.quorum.QuorumSSLTest.testHostnameVerification(QuorumSSLTest.java:671)
	at org.apache.zookeeper.server.quorum.QuorumSSLTest.testHostnameVerificationWithInvalidHostname(QuorumSSLTest.java:566)
	at sun.reflect.NativeMethodAccessorImpl.invoke0(Native Method)
	at sun.reflect.NativeMethodAccessorImpl.invoke(NativeMethodAccessorImpl.java:62)
	at sun.reflect.DelegatingMethodAccessorImpl.invoke(DelegatingMethodAccessorImpl.java:43)
	at java.lang.reflect.Method.invoke(Method.java:483)
	at org.junit.platform.commons.util.ReflectionUtils.invokeMethod(ReflectionUtils.java:686)
	at org.junit.jupiter.engine.execution.MethodInvocation.proceed(MethodInvocation.java:60)
	at org.junit.jupiter.engine.execution.InvocationInterceptorChain$ValidatingInvocation.proceed(InvocationInterceptorChain.java:131)
	at org.junit.jupiter.engine.extension.TimeoutInvocation.proceed(TimeoutInvocation.java:46)
	at org.junit.jupiter.engine.extension.TimeoutExtension.intercept(TimeoutExtension.java:149)
	at org.junit.jupiter.engine.extension.TimeoutExtension.interceptTestableMethod(TimeoutExtension.java:140)
	at org.junit.jupiter.engine.extension.TimeoutExtension.interceptTestMethod(TimeoutExtension.java:84)
	at org.junit.jupiter.engine.descriptor.TestMethodTestDescriptor$$Lambda$111/1780132728.apply(Unknown Source)
	at org.junit.jupiter.engine.execution.ExecutableInvoker$ReflectiveInterceptorCall.lambda$ofVoidMethod$0(ExecutableInvoker.java:115)
	at org.junit.jupiter.engine.execution.ExecutableInvoker$ReflectiveInterceptorCall$$Lambda$112/1725017993.apply(Unknown Source)
	at org.junit.jupiter.engine.execution.ExecutableInvoker.lambda$invoke$0(ExecutableInvoker.java:105)
	at org.junit.jupiter.engine.execution.ExecutableInvoker$$Lambda$234/64133603.apply(Unknown Source)
	at org.junit.jupiter.engine.execution.InvocationInterceptorChain$InterceptedInvocation.proceed(InvocationInterceptorChain.java:106)
	at org.junit.jupiter.engine.execution.InvocationInterceptorChain.proceed(InvocationInterceptorChain.java:64)
	at org.junit.jupiter.engine.execution.InvocationInterceptorChain.chainAndInvoke(InvocationInterceptorChain.java:45)
	at org.junit.jupiter.engine.execution.InvocationInterceptorChain.invoke(InvocationInterceptorChain.java:37)
	at org.junit.jupiter.engine.execution.ExecutableInvoker.invoke(ExecutableInvoker.java:104)
	at org.junit.jupiter.engine.execution.ExecutableInvoker.invoke(ExecutableInvoker.java:98)
	at org.junit.jupiter.engine.descriptor.TestMethodTestDescriptor.lambda$invokeTestMethod$6(TestMethodTestDescriptor.java:212)
	at org.junit.jupiter.engine.descriptor.TestMethodTestDescriptor$$Lambda$271/224100622.execute(Unknown Source)
	at org.junit.platform.engine.support.hierarchical.ThrowableCollector.execute(ThrowableCollector.java:73)
	at org.junit.jupiter.engine.descriptor.TestMethodTestDescriptor.invokeTestMethod(TestMethodTestDescriptor.java:208)
	at org.junit.jupiter.engine.descriptor.TestMethodTestDescriptor.execute(TestMethodTestDescriptor.java:137)
	at org.junit.jupiter.engine.descriptor.TestMethodTestDescriptor.execute(TestMethodTestDescriptor.java:71)
	at org.junit.platform.engine.support.hierarchical.NodeTestTask.lambda$executeRecursively$5(NodeTestTask.java:135)
	at org.junit.platform.engine.support.hierarchical.NodeTestTask$$Lambda$179/195615004.execute(Unknown Source)
	at org.junit.platform.engine.support.hierarchical.ThrowableCollector.execute(ThrowableCollector.java:73)
	at org.junit.platform.engine.support.hierarchical.NodeTestTask.lambda$executeRecursively$7(NodeTestTask.java:125)
	at org.junit.platform.engine.support.hierarchical.NodeTestTask$$Lambda$178/1890627974.invoke(Unknown Source)
	at org.junit.platform.engine.support.hierarchical.Node.around(Node.java:135)
	at org.junit.platform.engine.support.hierarchical.NodeTestTask.lambda$executeRecursively$8(NodeTestTask.java:123)
	at org.junit.platform.engine.support.hierarchical.NodeTestTask$$Lambda$177/231977479.execute(Unknown Source)
	at org.junit.platform.engine.support.hierarchical.ThrowableCollector.execute(ThrowableCollector.java:73)
	at org.junit.platform.engine.support.hierarchical.NodeTestTask.executeRecursively(NodeTestTask.java:122)
	at org.junit.platform.engine.support.hierarchical.NodeTestTask.execute(NodeTestTask.java:80)
	at org.junit.platform.engine.support.hierarchical.SameThreadHierarchicalTestExecutorService$$Lambda$183/1381713434.accept(Unknown Source)
	at java.util.ArrayList.forEach(ArrayList.java:1249)
	at org.junit.platform.engine.support.hierarchical.SameThreadHierarchicalTestExecutorService.invokeAll(SameThreadHierarchicalTestExecutorService.java:38)
	at org.junit.platform.engine.support.hierarchical.NodeTestTask.lambda$executeRecursively$5(NodeTestTask.java:139)
	at org.junit.platform.engine.support.hierarchical.NodeTestTask$$Lambda$179/195615004.execute(Unknown Source)
	at org.junit.platform.engine.support.hierarchical.ThrowableCollector.execute(ThrowableCollector.java:73)
	at org.junit.platform.engine.support.hierarchical.NodeTestTask.lambda$executeRecursively$7(NodeTestTask.java:125)
	at org.junit.platform.engine.support.hierarchical.NodeTestTask$$Lambda$178/1890627974.invoke(Unknown Source)
	at org.junit.platform.engine.support.hierarchical.Node.around(Node.java:135)
	at org.junit.platform.engine.support.hierarchical.NodeTestTask.lambda$executeRecursively$8(NodeTestTask.java:123)
	at org.junit.platform.engine.support.hierarchical.NodeTestTask$$Lambda$177/231977479.execute(Unknown Source)
	at org.junit.platform.engine.support.hierarchical.ThrowableCollector.execute(ThrowableCollector.java:73)
	at org.junit.platform.engine.support.hierarchical.NodeTestTask.executeRecursively(NodeTestTask.java:122)
	at org.junit.platform.engine.support.hierarchical.NodeTestTask.execute(NodeTestTask.java:80)
	at org.junit.platform.engine.support.hierarchical.SameThreadHierarchicalTestExecutorService$$Lambda$183/1381713434.accept(Unknown Source)
	at java.util.ArrayList.forEach(ArrayList.java:1249)
	at org.junit.platform.engine.support.hierarchical.SameThreadHierarchicalTestExecutorService.invokeAll(SameThreadHierarchicalTestExecutorService.java:38)
	at org.junit.platform.engine.support.hierarchical.NodeTestTask.lambda$executeRecursively$5(NodeTestTask.java:139)
	at org.junit.platform.engine.support.hierarchical.NodeTestTask$$Lambda$179/195615004.execute(Unknown Source)
	at org.junit.platform.engine.support.hierarchical.ThrowableCollector.execute(ThrowableCollector.java:73)
	at org.junit.platform.engine.support.hierarchical.NodeTestTask.lambda$executeRecursively$7(NodeTestTask.java:125)
	at org.junit.platform.engine.support.hierarchical.NodeTestTask$$Lambda$178/1890627974.invoke(Unknown Source)
	at org.junit.platform.engine.support.hierarchical.Node.around(Node.java:135)
	at org.junit.platform.engine.support.hierarchical.NodeTestTask.lambda$executeRecursively$8(NodeTestTask.java:123)
	at org.junit.platform.engine.support.hierarchical.NodeTestTask$$Lambda$177/231977479.execute(Unknown Source)
	at org.junit.platform.engine.support.hierarchical.ThrowableCollector.execute(ThrowableCollector.java:73)
	at org.junit.platform.engine.support.hierarchical.NodeTestTask.executeRecursively(NodeTestTask.java:122)
	at org.junit.platform.engine.support.hierarchical.NodeTestTask.execute(NodeTestTask.java:80)
	at org.junit.platform.engine.support.hierarchical.SameThreadHierarchicalTestExecutorService.submit(SameThreadHierarchicalTestExecutorService.java:32)
	at org.junit.platform.engine.support.hierarchical.HierarchicalTestExecutor.execute(HierarchicalTestExecutor.java:57)
	at org.junit.platform.engine.support.hierarchical.HierarchicalTestEngine.execute(HierarchicalTestEngine.java:51)
	at org.junit.platform.launcher.core.DefaultLauncher.execute(DefaultLauncher.java:248)
	at org.junit.platform.launcher.core.DefaultLauncher.lambda$execute$5(DefaultLauncher.java:211)
	at org.junit.platform.launcher.core.DefaultLauncher$$Lambda$143/233996206.accept(Unknown Source)
	at org.junit.platform.launcher.core.DefaultLauncher.withInterceptedStreams(DefaultLauncher.java:226)
	at org.junit.platform.launcher.core.DefaultLauncher.execute(DefaultLauncher.java:199)
	at org.junit.platform.launcher.core.DefaultLauncher.execute(DefaultLauncher.java:132)
	at org.apache.maven.surefire.junitplatform.JUnitPlatformProvider.invokeAllTests(JUnitPlatformProvider.java:142)
	at org.apache.maven.surefire.junitplatform.JUnitPlatformProvider.invoke(JUnitPlatformProvider.java:113)
	at org.apache.maven.surefire.booter.ForkedBooter.invokeProviderInSameClassLoader(ForkedBooter.java:384)
	at org.apache.maven.surefire.booter.ForkedBooter.runSuitesInProcess(ForkedBooter.java:345)
	at org.apache.maven.surefire.booter.ForkedBooter.execute(ForkedBooter.java:126)
	at org.apache.maven.surefire.booter.ForkedBooter.main(ForkedBooter.java:418)
2021-11-08 11:15:55,923 [myid:] - INFO  [main:FourLetterWordMain@94] - connecting to 127.0.0.1 30140
2021-11-08 11:15:55,924 [myid:1] - WARN  [nioEventLoopGroup-59-1:NettyServerCnxnFactory$CnxnChannelHandler@231] - Zookeeper server is not running, close the connection before starting the TLS handshake
2021-11-08 11:15:55,924 [myid:] - INFO  [main:ClientBase@267] - server 127.0.0.1:30140 not up
java.net.SocketException: Software caused connection abort: recv failed
	at java.net.SocketInputStream.socketRead0(Native Method)
	at java.net.SocketInputStream.read(SocketInputStream.java:150)
	at java.net.SocketInputStream.read(SocketInputStream.java:121)
	at sun.nio.cs.StreamDecoder.readBytes(StreamDecoder.java:284)
	at sun.nio.cs.StreamDecoder.implRead(StreamDecoder.java:326)
	at sun.nio.cs.StreamDecoder.read(StreamDecoder.java:178)
	at java.io.InputStreamReader.read(InputStreamReader.java:184)
	at java.io.BufferedReader.fill(BufferedReader.java:161)
	at java.io.BufferedReader.readLine(BufferedReader.java:324)
	at java.io.BufferedReader.readLine(BufferedReader.java:389)
	at org.apache.zookeeper.client.FourLetterWordMain.send4LetterWord(FourLetterWordMain.java:129)
	at org.apache.zookeeper.client.FourLetterWordMain.send4LetterWord(FourLetterWordMain.java:74)
	at org.apache.zookeeper.test.ClientBase.waitForServerUp(ClientBase.java:258)
	at org.apache.zookeeper.test.ClientBase.waitForServerUp(ClientBase.java:249)
	at org.apache.zookeeper.server.quorum.QuorumSSLTest.testHostnameVerification(QuorumSSLTest.java:671)
	at org.apache.zookeeper.server.quorum.QuorumSSLTest.testHostnameVerificationWithInvalidHostname(QuorumSSLTest.java:566)
	at sun.reflect.NativeMethodAccessorImpl.invoke0(Native Method)
	at sun.reflect.NativeMethodAccessorImpl.invoke(NativeMethodAccessorImpl.java:62)
	at sun.reflect.DelegatingMethodAccessorImpl.invoke(DelegatingMethodAccessorImpl.java:43)
	at java.lang.reflect.Method.invoke(Method.java:483)
	at org.junit.platform.commons.util.ReflectionUtils.invokeMethod(ReflectionUtils.java:686)
	at org.junit.jupiter.engine.execution.MethodInvocation.proceed(MethodInvocation.java:60)
	at org.junit.jupiter.engine.execution.InvocationInterceptorChain$ValidatingInvocation.proceed(InvocationInterceptorChain.java:131)
	at org.junit.jupiter.engine.extension.TimeoutInvocation.proceed(TimeoutInvocation.java:46)
	at org.junit.jupiter.engine.extension.TimeoutExtension.intercept(TimeoutExtension.java:149)
	at org.junit.jupiter.engine.extension.TimeoutExtension.interceptTestableMethod(TimeoutExtension.java:140)
	at org.junit.jupiter.engine.extension.TimeoutExtension.interceptTestMethod(TimeoutExtension.java:84)
	at org.junit.jupiter.engine.descriptor.TestMethodTestDescriptor$$Lambda$111/1780132728.apply(Unknown Source)
	at org.junit.jupiter.engine.execution.ExecutableInvoker$ReflectiveInterceptorCall.lambda$ofVoidMethod$0(ExecutableInvoker.java:115)
	at org.junit.jupiter.engine.execution.ExecutableInvoker$ReflectiveInterceptorCall$$Lambda$112/1725017993.apply(Unknown Source)
	at org.junit.jupiter.engine.execution.ExecutableInvoker.lambda$invoke$0(ExecutableInvoker.java:105)
	at org.junit.jupiter.engine.execution.ExecutableInvoker$$Lambda$234/64133603.apply(Unknown Source)
	at org.junit.jupiter.engine.execution.InvocationInterceptorChain$InterceptedInvocation.proceed(InvocationInterceptorChain.java:106)
	at org.junit.jupiter.engine.execution.InvocationInterceptorChain.proceed(InvocationInterceptorChain.java:64)
	at org.junit.jupiter.engine.execution.InvocationInterceptorChain.chainAndInvoke(InvocationInterceptorChain.java:45)
	at org.junit.jupiter.engine.execution.InvocationInterceptorChain.invoke(InvocationInterceptorChain.java:37)
	at org.junit.jupiter.engine.execution.ExecutableInvoker.invoke(ExecutableInvoker.java:104)
	at org.junit.jupiter.engine.execution.ExecutableInvoker.invoke(ExecutableInvoker.java:98)
	at org.junit.jupiter.engine.descriptor.TestMethodTestDescriptor.lambda$invokeTestMethod$6(TestMethodTestDescriptor.java:212)
	at org.junit.jupiter.engine.descriptor.TestMethodTestDescriptor$$Lambda$271/224100622.execute(Unknown Source)
	at org.junit.platform.engine.support.hierarchical.ThrowableCollector.execute(ThrowableCollector.java:73)
	at org.junit.jupiter.engine.descriptor.TestMethodTestDescriptor.invokeTestMethod(TestMethodTestDescriptor.java:208)
	at org.junit.jupiter.engine.descriptor.TestMethodTestDescriptor.execute(TestMethodTestDescriptor.java:137)
	at org.junit.jupiter.engine.descriptor.TestMethodTestDescriptor.execute(TestMethodTestDescriptor.java:71)
	at org.junit.platform.engine.support.hierarchical.NodeTestTask.lambda$executeRecursively$5(NodeTestTask.java:135)
	at org.junit.platform.engine.support.hierarchical.NodeTestTask$$Lambda$179/195615004.execute(Unknown Source)
	at org.junit.platform.engine.support.hierarchical.ThrowableCollector.execute(ThrowableCollector.java:73)
	at org.junit.platform.engine.support.hierarchical.NodeTestTask.lambda$executeRecursively$7(NodeTestTask.java:125)
	at org.junit.platform.engine.support.hierarchical.NodeTestTask$$Lambda$178/1890627974.invoke(Unknown Source)
	at org.junit.platform.engine.support.hierarchical.Node.around(Node.java:135)
	at org.junit.platform.engine.support.hierarchical.NodeTestTask.lambda$executeRecursively$8(NodeTestTask.java:123)
	at org.junit.platform.engine.support.hierarchical.NodeTestTask$$Lambda$177/231977479.execute(Unknown Source)
	at org.junit.platform.engine.support.hierarchical.ThrowableCollector.execute(ThrowableCollector.java:73)
	at org.junit.platform.engine.support.hierarchical.NodeTestTask.executeRecursively(NodeTestTask.java:122)
	at org.junit.platform.engine.support.hierarchical.NodeTestTask.execute(NodeTestTask.java:80)
	at org.junit.platform.engine.support.hierarchical.SameThreadHierarchicalTestExecutorService$$Lambda$183/1381713434.accept(Unknown Source)
	at java.util.ArrayList.forEach(ArrayList.java:1249)
	at org.junit.platform.engine.support.hierarchical.SameThreadHierarchicalTestExecutorService.invokeAll(SameThreadHierarchicalTestExecutorService.java:38)
	at org.junit.platform.engine.support.hierarchical.NodeTestTask.lambda$executeRecursively$5(NodeTestTask.java:139)
	at org.junit.platform.engine.support.hierarchical.NodeTestTask$$Lambda$179/195615004.execute(Unknown Source)
	at org.junit.platform.engine.support.hierarchical.ThrowableCollector.execute(ThrowableCollector.java:73)
	at org.junit.platform.engine.support.hierarchical.NodeTestTask.lambda$executeRecursively$7(NodeTestTask.java:125)
	at org.junit.platform.engine.support.hierarchical.NodeTestTask$$Lambda$178/1890627974.invoke(Unknown Source)
	at org.junit.platform.engine.support.hierarchical.Node.around(Node.java:135)
	at org.junit.platform.engine.support.hierarchical.NodeTestTask.lambda$executeRecursively$8(NodeTestTask.java:123)
	at org.junit.platform.engine.support.hierarchical.NodeTestTask$$Lambda$177/231977479.execute(Unknown Source)
	at org.junit.platform.engine.support.hierarchical.ThrowableCollector.execute(ThrowableCollector.java:73)
	at org.junit.platform.engine.support.hierarchical.NodeTestTask.executeRecursively(NodeTestTask.java:122)
	at org.junit.platform.engine.support.hierarchical.NodeTestTask.execute(NodeTestTask.java:80)
	at org.junit.platform.engine.support.hierarchical.SameThreadHierarchicalTestExecutorService$$Lambda$183/1381713434.accept(Unknown Source)
	at java.util.ArrayList.forEach(ArrayList.java:1249)
	at org.junit.platform.engine.support.hierarchical.SameThreadHierarchicalTestExecutorService.invokeAll(SameThreadHierarchicalTestExecutorService.java:38)
	at org.junit.platform.engine.support.hierarchical.NodeTestTask.lambda$executeRecursively$5(NodeTestTask.java:139)
	at org.junit.platform.engine.support.hierarchical.NodeTestTask$$Lambda$179/195615004.execute(Unknown Source)
	at org.junit.platform.engine.support.hierarchical.ThrowableCollector.execute(ThrowableCollector.java:73)
	at org.junit.platform.engine.support.hierarchical.NodeTestTask.lambda$executeRecursively$7(NodeTestTask.java:125)
	at org.junit.platform.engine.support.hierarchical.NodeTestTask$$Lambda$178/1890627974.invoke(Unknown Source)
	at org.junit.platform.engine.support.hierarchical.Node.around(Node.java:135)
	at org.junit.platform.engine.support.hierarchical.NodeTestTask.lambda$executeRecursively$8(NodeTestTask.java:123)
	at org.junit.platform.engine.support.hierarchical.NodeTestTask$$Lambda$177/231977479.execute(Unknown Source)
	at org.junit.platform.engine.support.hierarchical.ThrowableCollector.execute(ThrowableCollector.java:73)
	at org.junit.platform.engine.support.hierarchical.NodeTestTask.executeRecursively(NodeTestTask.java:122)
	at org.junit.platform.engine.support.hierarchical.NodeTestTask.execute(NodeTestTask.java:80)
	at org.junit.platform.engine.support.hierarchical.SameThreadHierarchicalTestExecutorService.submit(SameThreadHierarchicalTestExecutorService.java:32)
	at org.junit.platform.engine.support.hierarchical.HierarchicalTestExecutor.execute(HierarchicalTestExecutor.java:57)
	at org.junit.platform.engine.support.hierarchical.HierarchicalTestEngine.execute(HierarchicalTestEngine.java:51)
	at org.junit.platform.launcher.core.DefaultLauncher.execute(DefaultLauncher.java:248)
	at org.junit.platform.launcher.core.DefaultLauncher.lambda$execute$5(DefaultLauncher.java:211)
	at org.junit.platform.launcher.core.DefaultLauncher$$Lambda$143/233996206.accept(Unknown Source)
	at org.junit.platform.launcher.core.DefaultLauncher.withInterceptedStreams(DefaultLauncher.java:226)
	at org.junit.platform.launcher.core.DefaultLauncher.execute(DefaultLauncher.java:199)
	at org.junit.platform.launcher.core.DefaultLauncher.execute(DefaultLauncher.java:132)
	at org.apache.maven.surefire.junitplatform.JUnitPlatformProvider.invokeAllTests(JUnitPlatformProvider.java:142)
	at org.apache.maven.surefire.junitplatform.JUnitPlatformProvider.invoke(JUnitPlatformProvider.java:113)
	at org.apache.maven.surefire.booter.ForkedBooter.invokeProviderInSameClassLoader(ForkedBooter.java:384)
	at org.apache.maven.surefire.booter.ForkedBooter.runSuitesInProcess(ForkedBooter.java:345)
	at org.apache.maven.surefire.booter.ForkedBooter.execute(ForkedBooter.java:126)
	at org.apache.maven.surefire.booter.ForkedBooter.main(ForkedBooter.java:418)
2021-11-08 11:15:56,184 [myid:] - INFO  [main:FourLetterWordMain@94] - connecting to 127.0.0.1 30140
2021-11-08 11:15:56,184 [myid:1] - WARN  [nioEventLoopGroup-59-2:NettyServerCnxnFactory$CnxnChannelHandler@231] - Zookeeper server is not running, close the connection before starting the TLS handshake
2021-11-08 11:15:56,449 [myid:] - INFO  [main:FourLetterWordMain@94] - connecting to 127.0.0.1 30140
2021-11-08 11:15:56,449 [myid:1] - WARN  [nioEventLoopGroup-59-3:NettyServerCnxnFactory$CnxnChannelHandler@231] - Zookeeper server is not running, close the connection before starting the TLS handshake
2021-11-08 11:15:56,715 [myid:] - INFO  [main:FourLetterWordMain@94] - connecting to 127.0.0.1 30140
2021-11-08 11:15:56,715 [myid:1] - WARN  [nioEventLoopGroup-59-4:NettyServerCnxnFactory$CnxnChannelHandler@231] - Zookeeper server is not running, close the connection before starting the TLS handshake
2021-11-08 11:15:56,979 [myid:] - INFO  [main:FourLetterWordMain@94] - connecting to 127.0.0.1 30140
2021-11-08 11:15:56,979 [myid:1] - WARN  [nioEventLoopGroup-59-5:NettyServerCnxnFactory$CnxnChannelHandler@231] - Zookeeper server is not running, close the connection before starting the TLS handshake
2021-11-08 11:15:57,230 [myid:] - INFO  [main:FourLetterWordMain@94] - connecting to 127.0.0.1 30140
2021-11-08 11:15:57,231 [myid:1] - WARN  [nioEventLoopGroup-59-6:NettyServerCnxnFactory$CnxnChannelHandler@231] - Zookeeper server is not running, close the connection before starting the TLS handshake
2021-11-08 11:15:57,245 [myid:] - INFO  [main:ClientBase@267] - server 127.0.0.1:30140 not up
java.net.SocketException: Software caused connection abort: recv failed
	at java.net.SocketInputStream.socketRead0(Native Method)
	at java.net.SocketInputStream.read(SocketInputStream.java:150)
	at java.net.SocketInputStream.read(SocketInputStream.java:121)
	at sun.nio.cs.StreamDecoder.readBytes(StreamDecoder.java:284)
	at sun.nio.cs.StreamDecoder.implRead(StreamDecoder.java:326)
	at sun.nio.cs.StreamDecoder.read(StreamDecoder.java:178)
	at java.io.InputStreamReader.read(InputStreamReader.java:184)
	at java.io.BufferedReader.fill(BufferedReader.java:161)
	at java.io.BufferedReader.readLine(BufferedReader.java:324)
	at java.io.BufferedReader.readLine(BufferedReader.java:389)
	at org.apache.zookeeper.client.FourLetterWordMain.send4LetterWord(FourLetterWordMain.java:129)
	at org.apache.zookeeper.client.FourLetterWordMain.send4LetterWord(FourLetterWordMain.java:74)
	at org.apache.zookeeper.test.ClientBase.waitForServerUp(ClientBase.java:258)
	at org.apache.zookeeper.test.ClientBase.waitForServerUp(ClientBase.java:249)
	at org.apache.zookeeper.server.quorum.QuorumSSLTest.testHostnameVerification(QuorumSSLTest.java:671)
	at org.apache.zookeeper.server.quorum.QuorumSSLTest.testHostnameVerificationWithInvalidHostname(QuorumSSLTest.java:566)
	at sun.reflect.NativeMethodAccessorImpl.invoke0(Native Method)
	at sun.reflect.NativeMethodAccessorImpl.invoke(NativeMethodAccessorImpl.java:62)
	at sun.reflect.DelegatingMethodAccessorImpl.invoke(DelegatingMethodAccessorImpl.java:43)
	at java.lang.reflect.Method.invoke(Method.java:483)
	at org.junit.platform.commons.util.ReflectionUtils.invokeMethod(ReflectionUtils.java:686)
	at org.junit.jupiter.engine.execution.MethodInvocation.proceed(MethodInvocation.java:60)
	at org.junit.jupiter.engine.execution.InvocationInterceptorChain$ValidatingInvocation.proceed(InvocationInterceptorChain.java:131)
	at org.junit.jupiter.engine.extension.TimeoutInvocation.proceed(TimeoutInvocation.java:46)
	at org.junit.jupiter.engine.extension.TimeoutExtension.intercept(TimeoutExtension.java:149)
	at org.junit.jupiter.engine.extension.TimeoutExtension.interceptTestableMethod(TimeoutExtension.java:140)
	at org.junit.jupiter.engine.extension.TimeoutExtension.interceptTestMethod(TimeoutExtension.java:84)
	at org.junit.jupiter.engine.descriptor.TestMethodTestDescriptor$$Lambda$111/1780132728.apply(Unknown Source)
	at org.junit.jupiter.engine.execution.ExecutableInvoker$ReflectiveInterceptorCall.lambda$ofVoidMethod$0(ExecutableInvoker.java:115)
	at org.junit.jupiter.engine.execution.ExecutableInvoker$ReflectiveInterceptorCall$$Lambda$112/1725017993.apply(Unknown Source)
	at org.junit.jupiter.engine.execution.ExecutableInvoker.lambda$invoke$0(ExecutableInvoker.java:105)
	at org.junit.jupiter.engine.execution.ExecutableInvoker$$Lambda$234/64133603.apply(Unknown Source)
	at org.junit.jupiter.engine.execution.InvocationInterceptorChain$InterceptedInvocation.proceed(InvocationInterceptorChain.java:106)
	at org.junit.jupiter.engine.execution.InvocationInterceptorChain.proceed(InvocationInterceptorChain.java:64)
	at org.junit.jupiter.engine.execution.InvocationInterceptorChain.chainAndInvoke(InvocationInterceptorChain.java:45)
	at org.junit.jupiter.engine.execution.InvocationInterceptorChain.invoke(InvocationInterceptorChain.java:37)
	at org.junit.jupiter.engine.execution.ExecutableInvoker.invoke(ExecutableInvoker.java:104)
	at org.junit.jupiter.engine.execution.ExecutableInvoker.invoke(ExecutableInvoker.java:98)
	at org.junit.jupiter.engine.descriptor.TestMethodTestDescriptor.lambda$invokeTestMethod$6(TestMethodTestDescriptor.java:212)
	at org.junit.jupiter.engine.descriptor.TestMethodTestDescriptor$$Lambda$271/224100622.execute(Unknown Source)
	at org.junit.platform.engine.support.hierarchical.ThrowableCollector.execute(ThrowableCollector.java:73)
	at org.junit.jupiter.engine.descriptor.TestMethodTestDescriptor.invokeTestMethod(TestMethodTestDescriptor.java:208)
	at org.junit.jupiter.engine.descriptor.TestMethodTestDescriptor.execute(TestMethodTestDescriptor.java:137)
	at org.junit.jupiter.engine.descriptor.TestMethodTestDescriptor.execute(TestMethodTestDescriptor.java:71)
	at org.junit.platform.engine.support.hierarchical.NodeTestTask.lambda$executeRecursively$5(NodeTestTask.java:135)
	at org.junit.platform.engine.support.hierarchical.NodeTestTask$$Lambda$179/195615004.execute(Unknown Source)
	at org.junit.platform.engine.support.hierarchical.ThrowableCollector.execute(ThrowableCollector.java:73)
	at org.junit.platform.engine.support.hierarchical.NodeTestTask.lambda$executeRecursively$7(NodeTestTask.java:125)
	at org.junit.platform.engine.support.hierarchical.NodeTestTask$$Lambda$178/1890627974.invoke(Unknown Source)
	at org.junit.platform.engine.support.hierarchical.Node.around(Node.java:135)
	at org.junit.platform.engine.support.hierarchical.NodeTestTask.lambda$executeRecursively$8(NodeTestTask.java:123)
	at org.junit.platform.engine.support.hierarchical.NodeTestTask$$Lambda$177/231977479.execute(Unknown Source)
	at org.junit.platform.engine.support.hierarchical.ThrowableCollector.execute(ThrowableCollector.java:73)
	at org.junit.platform.engine.support.hierarchical.NodeTestTask.executeRecursively(NodeTestTask.java:122)
	at org.junit.platform.engine.support.hierarchical.NodeTestTask.execute(NodeTestTask.java:80)
	at org.junit.platform.engine.support.hierarchical.SameThreadHierarchicalTestExecutorService$$Lambda$183/1381713434.accept(Unknown Source)
	at java.util.ArrayList.forEach(ArrayList.java:1249)
	at org.junit.platform.engine.support.hierarchical.SameThreadHierarchicalTestExecutorService.invokeAll(SameThreadHierarchicalTestExecutorService.java:38)
	at org.junit.platform.engine.support.hierarchical.NodeTestTask.lambda$executeRecursively$5(NodeTestTask.java:139)
	at org.junit.platform.engine.support.hierarchical.NodeTestTask$$Lambda$179/195615004.execute(Unknown Source)
	at org.junit.platform.engine.support.hierarchical.ThrowableCollector.execute(ThrowableCollector.java:73)
	at org.junit.platform.engine.support.hierarchical.NodeTestTask.lambda$executeRecursively$7(NodeTestTask.java:125)
	at org.junit.platform.engine.support.hierarchical.NodeTestTask$$Lambda$178/1890627974.invoke(Unknown Source)
	at org.junit.platform.engine.support.hierarchical.Node.around(Node.java:135)
	at org.junit.platform.engine.support.hierarchical.NodeTestTask.lambda$executeRecursively$8(NodeTestTask.java:123)
	at org.junit.platform.engine.support.hierarchical.NodeTestTask$$Lambda$177/231977479.execute(Unknown Source)
	at org.junit.platform.engine.support.hierarchical.ThrowableCollector.execute(ThrowableCollector.java:73)
	at org.junit.platform.engine.support.hierarchical.NodeTestTask.executeRecursively(NodeTestTask.java:122)
	at org.junit.platform.engine.support.hierarchical.NodeTestTask.execute(NodeTestTask.java:80)
	at org.junit.platform.engine.support.hierarchical.SameThreadHierarchicalTestExecutorService$$Lambda$183/1381713434.accept(Unknown Source)
	at java.util.ArrayList.forEach(ArrayList.java:1249)
	at org.junit.platform.engine.support.hierarchical.SameThreadHierarchicalTestExecutorService.invokeAll(SameThreadHierarchicalTestExecutorService.java:38)
	at org.junit.platform.engine.support.hierarchical.NodeTestTask.lambda$executeRecursively$5(NodeTestTask.java:139)
	at org.junit.platform.engine.support.hierarchical.NodeTestTask$$Lambda$179/195615004.execute(Unknown Source)
	at org.junit.platform.engine.support.hierarchical.ThrowableCollector.execute(ThrowableCollector.java:73)
	at org.junit.platform.engine.support.hierarchical.NodeTestTask.lambda$executeRecursively$7(NodeTestTask.java:125)
	at org.junit.platform.engine.support.hierarchical.NodeTestTask$$Lambda$178/1890627974.invoke(Unknown Source)
	at org.junit.platform.engine.support.hierarchical.Node.around(Node.java:135)
	at org.junit.platform.engine.support.hierarchical.NodeTestTask.lambda$executeRecursively$8(NodeTestTask.java:123)
	at org.junit.platform.engine.support.hierarchical.NodeTestTask$$Lambda$177/231977479.execute(Unknown Source)
	at org.junit.platform.engine.support.hierarchical.ThrowableCollector.execute(ThrowableCollector.java:73)
	at org.junit.platform.engine.support.hierarchical.NodeTestTask.executeRecursively(NodeTestTask.java:122)
	at org.junit.platform.engine.support.hierarchical.NodeTestTask.execute(NodeTestTask.java:80)
	at org.junit.platform.engine.support.hierarchical.SameThreadHierarchicalTestExecutorService.submit(SameThreadHierarchicalTestExecutorService.java:32)
	at org.junit.platform.engine.support.hierarchical.HierarchicalTestExecutor.execute(HierarchicalTestExecutor.java:57)
	at org.junit.platform.engine.support.hierarchical.HierarchicalTestEngine.execute(HierarchicalTestEngine.java:51)
	at org.junit.platform.launcher.core.DefaultLauncher.execute(DefaultLauncher.java:248)
	at org.junit.platform.launcher.core.DefaultLauncher.lambda$execute$5(DefaultLauncher.java:211)
	at org.junit.platform.launcher.core.DefaultLauncher$$Lambda$143/233996206.accept(Unknown Source)
	at org.junit.platform.launcher.core.DefaultLauncher.withInterceptedStreams(DefaultLauncher.java:226)
	at org.junit.platform.launcher.core.DefaultLauncher.execute(DefaultLauncher.java:199)
	at org.junit.platform.launcher.core.DefaultLauncher.execute(DefaultLauncher.java:132)
	at org.apache.maven.surefire.junitplatform.JUnitPlatformProvider.invokeAllTests(JUnitPlatformProvider.java:142)
	at org.apache.maven.surefire.junitplatform.JUnitPlatformProvider.invoke(JUnitPlatformProvider.java:113)
	at org.apache.maven.surefire.booter.ForkedBooter.invokeProviderInSameClassLoader(ForkedBooter.java:384)
	at org.apache.maven.surefire.booter.ForkedBooter.runSuitesInProcess(ForkedBooter.java:345)
	at org.apache.maven.surefire.booter.ForkedBooter.execute(ForkedBooter.java:126)
	at org.apache.maven.surefire.booter.ForkedBooter.main(ForkedBooter.java:418)
2021-11-08 11:15:57,497 [myid:] - INFO  [main:FourLetterWordMain@94] - connecting to 127.0.0.1 30140
2021-11-08 11:15:57,498 [myid:1] - WARN  [nioEventLoopGroup-59-7:NettyServerCnxnFactory$CnxnChannelHandler@231] - Zookeeper server is not running, close the connection before starting the TLS handshake
2021-11-08 11:15:57,762 [myid:] - INFO  [main:FourLetterWordMain@94] - connecting to 127.0.0.1 30140
2021-11-08 11:15:57,762 [myid:1] - WARN  [nioEventLoopGroup-59-8:NettyServerCnxnFactory$CnxnChannelHandler@231] - Zookeeper server is not running, close the connection before starting the TLS handshake
2021-11-08 11:15:58,026 [myid:] - INFO  [main:FourLetterWordMain@94] - connecting to 127.0.0.1 30140
2021-11-08 11:15:58,026 [myid:1] - WARN  [nioEventLoopGroup-59-9:NettyServerCnxnFactory$CnxnChannelHandler@231] - Zookeeper server is not running, close the connection before starting the TLS handshake
2021-11-08 11:15:58,280 [myid:] - INFO  [main:FourLetterWordMain@94] - connecting to 127.0.0.1 30140
2021-11-08 11:15:58,280 [myid:1] - WARN  [nioEventLoopGroup-59-10:NettyServerCnxnFactory$CnxnChannelHandler@231] - Zookeeper server is not running, close the connection before starting the TLS handshake
2021-11-08 11:15:58,546 [myid:] - INFO  [main:FourLetterWordMain@94] - connecting to 127.0.0.1 30140
2021-11-08 11:15:58,546 [myid:1] - WARN  [nioEventLoopGroup-59-11:NettyServerCnxnFactory$CnxnChannelHandler@231] - Zookeeper server is not running, close the connection before starting the TLS handshake
2021-11-08 11:15:58,657 [myid:2] - INFO  [QuorumPeer[myid=2](plain=[0:0:0:0:0:0:0:0]:30141)(secure=disabled):FastLeaderElection@984] - Notification time out: 12800
2021-11-08 11:15:58,657 [myid:1] - INFO  [QuorumPeer[myid=1](plain=[0:0:0:0:0:0:0:0]:30140)(secure=disabled):FastLeaderElection@984] - Notification time out: 12800
2021-11-08 11:15:58,799 [myid:] - INFO  [main:FourLetterWordMain@94] - connecting to 127.0.0.1 30140
2021-11-08 11:15:58,799 [myid:1] - WARN  [nioEventLoopGroup-59-12:NettyServerCnxnFactory$CnxnChannelHandler@231] - Zookeeper server is not running, close the connection before starting the TLS handshake
2021-11-08 11:15:59,050 [myid:] - INFO  [main:FourLetterWordMain@94] - connecting to 127.0.0.1 30140
2021-11-08 11:15:59,050 [myid:1] - WARN  [nioEventLoopGroup-59-1:NettyServerCnxnFactory$CnxnChannelHandler@231] - Zookeeper server is not running, close the connection before starting the TLS handshake
2021-11-08 11:15:59,066 [myid:] - INFO  [main:ClientBase@267] - server 127.0.0.1:30140 not up
java.net.SocketException: Software caused connection abort: recv failed
	at java.net.SocketInputStream.socketRead0(Native Method)
	at java.net.SocketInputStream.read(SocketInputStream.java:150)
	at java.net.SocketInputStream.read(SocketInputStream.java:121)
	at sun.nio.cs.StreamDecoder.readBytes(StreamDecoder.java:284)
	at sun.nio.cs.StreamDecoder.implRead(StreamDecoder.java:326)
	at sun.nio.cs.StreamDecoder.read(StreamDecoder.java:178)
	at java.io.InputStreamReader.read(InputStreamReader.java:184)
	at java.io.BufferedReader.fill(BufferedReader.java:161)
	at java.io.BufferedReader.readLine(BufferedReader.java:324)
	at java.io.BufferedReader.readLine(BufferedReader.java:389)
	at org.apache.zookeeper.client.FourLetterWordMain.send4LetterWord(FourLetterWordMain.java:129)
	at org.apache.zookeeper.client.FourLetterWordMain.send4LetterWord(FourLetterWordMain.java:74)
	at org.apache.zookeeper.test.ClientBase.waitForServerUp(ClientBase.java:258)
	at org.apache.zookeeper.test.ClientBase.waitForServerUp(ClientBase.java:249)
	at org.apache.zookeeper.server.quorum.QuorumSSLTest.testHostnameVerification(QuorumSSLTest.java:671)
	at org.apache.zookeeper.server.quorum.QuorumSSLTest.testHostnameVerificationWithInvalidHostname(QuorumSSLTest.java:566)
	at sun.reflect.NativeMethodAccessorImpl.invoke0(Native Method)
	at sun.reflect.NativeMethodAccessorImpl.invoke(NativeMethodAccessorImpl.java:62)
	at sun.reflect.DelegatingMethodAccessorImpl.invoke(DelegatingMethodAccessorImpl.java:43)
	at java.lang.reflect.Method.invoke(Method.java:483)
	at org.junit.platform.commons.util.ReflectionUtils.invokeMethod(ReflectionUtils.java:686)
	at org.junit.jupiter.engine.execution.MethodInvocation.proceed(MethodInvocation.java:60)
	at org.junit.jupiter.engine.execution.InvocationInterceptorChain$ValidatingInvocation.proceed(InvocationInterceptorChain.java:131)
	at org.junit.jupiter.engine.extension.TimeoutInvocation.proceed(TimeoutInvocation.java:46)
	at org.junit.jupiter.engine.extension.TimeoutExtension.intercept(TimeoutExtension.java:149)
	at org.junit.jupiter.engine.extension.TimeoutExtension.interceptTestableMethod(TimeoutExtension.java:140)
	at org.junit.jupiter.engine.extension.TimeoutExtension.interceptTestMethod(TimeoutExtension.java:84)
	at org.junit.jupiter.engine.descriptor.TestMethodTestDescriptor$$Lambda$111/1780132728.apply(Unknown Source)
	at org.junit.jupiter.engine.execution.ExecutableInvoker$ReflectiveInterceptorCall.lambda$ofVoidMethod$0(ExecutableInvoker.java:115)
	at org.junit.jupiter.engine.execution.ExecutableInvoker$ReflectiveInterceptorCall$$Lambda$112/1725017993.apply(Unknown Source)
	at org.junit.jupiter.engine.execution.ExecutableInvoker.lambda$invoke$0(ExecutableInvoker.java:105)
	at org.junit.jupiter.engine.execution.ExecutableInvoker$$Lambda$234/64133603.apply(Unknown Source)
	at org.junit.jupiter.engine.execution.InvocationInterceptorChain$InterceptedInvocation.proceed(InvocationInterceptorChain.java:106)
	at org.junit.jupiter.engine.execution.InvocationInterceptorChain.proceed(InvocationInterceptorChain.java:64)
	at org.junit.jupiter.engine.execution.InvocationInterceptorChain.chainAndInvoke(InvocationInterceptorChain.java:45)
	at org.junit.jupiter.engine.execution.InvocationInterceptorChain.invoke(InvocationInterceptorChain.java:37)
	at org.junit.jupiter.engine.execution.ExecutableInvoker.invoke(ExecutableInvoker.java:104)
	at org.junit.jupiter.engine.execution.ExecutableInvoker.invoke(ExecutableInvoker.java:98)
	at org.junit.jupiter.engine.descriptor.TestMethodTestDescriptor.lambda$invokeTestMethod$6(TestMethodTestDescriptor.java:212)
	at org.junit.jupiter.engine.descriptor.TestMethodTestDescriptor$$Lambda$271/224100622.execute(Unknown Source)
	at org.junit.platform.engine.support.hierarchical.ThrowableCollector.execute(ThrowableCollector.java:73)
	at org.junit.jupiter.engine.descriptor.TestMethodTestDescriptor.invokeTestMethod(TestMethodTestDescriptor.java:208)
	at org.junit.jupiter.engine.descriptor.TestMethodTestDescriptor.execute(TestMethodTestDescriptor.java:137)
	at org.junit.jupiter.engine.descriptor.TestMethodTestDescriptor.execute(TestMethodTestDescriptor.java:71)
	at org.junit.platform.engine.support.hierarchical.NodeTestTask.lambda$executeRecursively$5(NodeTestTask.java:135)
	at org.junit.platform.engine.support.hierarchical.NodeTestTask$$Lambda$179/195615004.execute(Unknown Source)
	at org.junit.platform.engine.support.hierarchical.ThrowableCollector.execute(ThrowableCollector.java:73)
	at org.junit.platform.engine.support.hierarchical.NodeTestTask.lambda$executeRecursively$7(NodeTestTask.java:125)
	at org.junit.platform.engine.support.hierarchical.NodeTestTask$$Lambda$178/1890627974.invoke(Unknown Source)
	at org.junit.platform.engine.support.hierarchical.Node.around(Node.java:135)
	at org.junit.platform.engine.support.hierarchical.NodeTestTask.lambda$executeRecursively$8(NodeTestTask.java:123)
	at org.junit.platform.engine.support.hierarchical.NodeTestTask$$Lambda$177/231977479.execute(Unknown Source)
	at org.junit.platform.engine.support.hierarchical.ThrowableCollector.execute(ThrowableCollector.java:73)
	at org.junit.platform.engine.support.hierarchical.NodeTestTask.executeRecursively(NodeTestTask.java:122)
	at org.junit.platform.engine.support.hierarchical.NodeTestTask.execute(NodeTestTask.java:80)
	at org.junit.platform.engine.support.hierarchical.SameThreadHierarchicalTestExecutorService$$Lambda$183/1381713434.accept(Unknown Source)
	at java.util.ArrayList.forEach(ArrayList.java:1249)
	at org.junit.platform.engine.support.hierarchical.SameThreadHierarchicalTestExecutorService.invokeAll(SameThreadHierarchicalTestExecutorService.java:38)
	at org.junit.platform.engine.support.hierarchical.NodeTestTask.lambda$executeRecursively$5(NodeTestTask.java:139)
	at org.junit.platform.engine.support.hierarchical.NodeTestTask$$Lambda$179/195615004.execute(Unknown Source)
	at org.junit.platform.engine.support.hierarchical.ThrowableCollector.execute(ThrowableCollector.java:73)
	at org.junit.platform.engine.support.hierarchical.NodeTestTask.lambda$executeRecursively$7(NodeTestTask.java:125)
	at org.junit.platform.engine.support.hierarchical.NodeTestTask$$Lambda$178/1890627974.invoke(Unknown Source)
	at org.junit.platform.engine.support.hierarchical.Node.around(Node.java:135)
	at org.junit.platform.engine.support.hierarchical.NodeTestTask.lambda$executeRecursively$8(NodeTestTask.java:123)
	at org.junit.platform.engine.support.hierarchical.NodeTestTask$$Lambda$177/231977479.execute(Unknown Source)
	at org.junit.platform.engine.support.hierarchical.ThrowableCollector.execute(ThrowableCollector.java:73)
	at org.junit.platform.engine.support.hierarchical.NodeTestTask.executeRecursively(NodeTestTask.java:122)
	at org.junit.platform.engine.support.hierarchical.NodeTestTask.execute(NodeTestTask.java:80)
	at org.junit.platform.engine.support.hierarchical.SameThreadHierarchicalTestExecutorService$$Lambda$183/1381713434.accept(Unknown Source)
	at java.util.ArrayList.forEach(ArrayList.java:1249)
	at org.junit.platform.engine.support.hierarchical.SameThreadHierarchicalTestExecutorService.invokeAll(SameThreadHierarchicalTestExecutorService.java:38)
	at org.junit.platform.engine.support.hierarchical.NodeTestTask.lambda$executeRecursively$5(NodeTestTask.java:139)
	at org.junit.platform.engine.support.hierarchical.NodeTestTask$$Lambda$179/195615004.execute(Unknown Source)
	at org.junit.platform.engine.support.hierarchical.ThrowableCollector.execute(ThrowableCollector.java:73)
	at org.junit.platform.engine.support.hierarchical.NodeTestTask.lambda$executeRecursively$7(NodeTestTask.java:125)
	at org.junit.platform.engine.support.hierarchical.NodeTestTask$$Lambda$178/1890627974.invoke(Unknown Source)
	at org.junit.platform.engine.support.hierarchical.Node.around(Node.java:135)
	at org.junit.platform.engine.support.hierarchical.NodeTestTask.lambda$executeRecursively$8(NodeTestTask.java:123)
	at org.junit.platform.engine.support.hierarchical.NodeTestTask$$Lambda$177/231977479.execute(Unknown Source)
	at org.junit.platform.engine.support.hierarchical.ThrowableCollector.execute(ThrowableCollector.java:73)
	at org.junit.platform.engine.support.hierarchical.NodeTestTask.executeRecursively(NodeTestTask.java:122)
	at org.junit.platform.engine.support.hierarchical.NodeTestTask.execute(NodeTestTask.java:80)
	at org.junit.platform.engine.support.hierarchical.SameThreadHierarchicalTestExecutorService.submit(SameThreadHierarchicalTestExecutorService.java:32)
	at org.junit.platform.engine.support.hierarchical.HierarchicalTestExecutor.execute(HierarchicalTestExecutor.java:57)
	at org.junit.platform.engine.support.hierarchical.HierarchicalTestEngine.execute(HierarchicalTestEngine.java:51)
	at org.junit.platform.launcher.core.DefaultLauncher.execute(DefaultLauncher.java:248)
	at org.junit.platform.launcher.core.DefaultLauncher.lambda$execute$5(DefaultLauncher.java:211)
	at org.junit.platform.launcher.core.DefaultLauncher$$Lambda$143/233996206.accept(Unknown Source)
	at org.junit.platform.launcher.core.DefaultLauncher.withInterceptedStreams(DefaultLauncher.java:226)
	at org.junit.platform.launcher.core.DefaultLauncher.execute(DefaultLauncher.java:199)
	at org.junit.platform.launcher.core.DefaultLauncher.execute(DefaultLauncher.java:132)
	at org.apache.maven.surefire.junitplatform.JUnitPlatformProvider.invokeAllTests(JUnitPlatformProvider.java:142)
	at org.apache.maven.surefire.junitplatform.JUnitPlatformProvider.invoke(JUnitPlatformProvider.java:113)
	at org.apache.maven.surefire.booter.ForkedBooter.invokeProviderInSameClassLoader(ForkedBooter.java:384)
	at org.apache.maven.surefire.booter.ForkedBooter.runSuitesInProcess(ForkedBooter.java:345)
	at org.apache.maven.surefire.booter.ForkedBooter.execute(ForkedBooter.java:126)
	at org.apache.maven.surefire.booter.ForkedBooter.main(ForkedBooter.java:418)
2021-11-08 11:15:59,318 [myid:] - INFO  [main:FourLetterWordMain@94] - connecting to 127.0.0.1 30140
2021-11-08 11:15:59,318 [myid:1] - WARN  [nioEventLoopGroup-59-2:NettyServerCnxnFactory$CnxnChannelHandler@231] - Zookeeper server is not running, close the connection before starting the TLS handshake
2021-11-08 11:15:59,334 [myid:] - INFO  [main:ClientBase@267] - server 127.0.0.1:30140 not up
java.net.SocketException: Software caused connection abort: recv failed
	at java.net.SocketInputStream.socketRead0(Native Method)
	at java.net.SocketInputStream.read(SocketInputStream.java:150)
	at java.net.SocketInputStream.read(SocketInputStream.java:121)
	at sun.nio.cs.StreamDecoder.readBytes(StreamDecoder.java:284)
	at sun.nio.cs.StreamDecoder.implRead(StreamDecoder.java:326)
	at sun.nio.cs.StreamDecoder.read(StreamDecoder.java:178)
	at java.io.InputStreamReader.read(InputStreamReader.java:184)
	at java.io.BufferedReader.fill(BufferedReader.java:161)
	at java.io.BufferedReader.readLine(BufferedReader.java:324)
	at java.io.BufferedReader.readLine(BufferedReader.java:389)
	at org.apache.zookeeper.client.FourLetterWordMain.send4LetterWord(FourLetterWordMain.java:129)
	at org.apache.zookeeper.client.FourLetterWordMain.send4LetterWord(FourLetterWordMain.java:74)
	at org.apache.zookeeper.test.ClientBase.waitForServerUp(ClientBase.java:258)
	at org.apache.zookeeper.test.ClientBase.waitForServerUp(ClientBase.java:249)
	at org.apache.zookeeper.server.quorum.QuorumSSLTest.testHostnameVerification(QuorumSSLTest.java:671)
	at org.apache.zookeeper.server.quorum.QuorumSSLTest.testHostnameVerificationWithInvalidHostname(QuorumSSLTest.java:566)
	at sun.reflect.NativeMethodAccessorImpl.invoke0(Native Method)
	at sun.reflect.NativeMethodAccessorImpl.invoke(NativeMethodAccessorImpl.java:62)
	at sun.reflect.DelegatingMethodAccessorImpl.invoke(DelegatingMethodAccessorImpl.java:43)
	at java.lang.reflect.Method.invoke(Method.java:483)
	at org.junit.platform.commons.util.ReflectionUtils.invokeMethod(ReflectionUtils.java:686)
	at org.junit.jupiter.engine.execution.MethodInvocation.proceed(MethodInvocation.java:60)
	at org.junit.jupiter.engine.execution.InvocationInterceptorChain$ValidatingInvocation.proceed(InvocationInterceptorChain.java:131)
	at org.junit.jupiter.engine.extension.TimeoutInvocation.proceed(TimeoutInvocation.java:46)
	at org.junit.jupiter.engine.extension.TimeoutExtension.intercept(TimeoutExtension.java:149)
	at org.junit.jupiter.engine.extension.TimeoutExtension.interceptTestableMethod(TimeoutExtension.java:140)
	at org.junit.jupiter.engine.extension.TimeoutExtension.interceptTestMethod(TimeoutExtension.java:84)
	at org.junit.jupiter.engine.descriptor.TestMethodTestDescriptor$$Lambda$111/1780132728.apply(Unknown Source)
	at org.junit.jupiter.engine.execution.ExecutableInvoker$ReflectiveInterceptorCall.lambda$ofVoidMethod$0(ExecutableInvoker.java:115)
	at org.junit.jupiter.engine.execution.ExecutableInvoker$ReflectiveInterceptorCall$$Lambda$112/1725017993.apply(Unknown Source)
	at org.junit.jupiter.engine.execution.ExecutableInvoker.lambda$invoke$0(ExecutableInvoker.java:105)
	at org.junit.jupiter.engine.execution.ExecutableInvoker$$Lambda$234/64133603.apply(Unknown Source)
	at org.junit.jupiter.engine.execution.InvocationInterceptorChain$InterceptedInvocation.proceed(InvocationInterceptorChain.java:106)
	at org.junit.jupiter.engine.execution.InvocationInterceptorChain.proceed(InvocationInterceptorChain.java:64)
	at org.junit.jupiter.engine.execution.InvocationInterceptorChain.chainAndInvoke(InvocationInterceptorChain.java:45)
	at org.junit.jupiter.engine.execution.InvocationInterceptorChain.invoke(InvocationInterceptorChain.java:37)
	at org.junit.jupiter.engine.execution.ExecutableInvoker.invoke(ExecutableInvoker.java:104)
	at org.junit.jupiter.engine.execution.ExecutableInvoker.invoke(ExecutableInvoker.java:98)
	at org.junit.jupiter.engine.descriptor.TestMethodTestDescriptor.lambda$invokeTestMethod$6(TestMethodTestDescriptor.java:212)
	at org.junit.jupiter.engine.descriptor.TestMethodTestDescriptor$$Lambda$271/224100622.execute(Unknown Source)
	at org.junit.platform.engine.support.hierarchical.ThrowableCollector.execute(ThrowableCollector.java:73)
	at org.junit.jupiter.engine.descriptor.TestMethodTestDescriptor.invokeTestMethod(TestMethodTestDescriptor.java:208)
	at org.junit.jupiter.engine.descriptor.TestMethodTestDescriptor.execute(TestMethodTestDescriptor.java:137)
	at org.junit.jupiter.engine.descriptor.TestMethodTestDescriptor.execute(TestMethodTestDescriptor.java:71)
	at org.junit.platform.engine.support.hierarchical.NodeTestTask.lambda$executeRecursively$5(NodeTestTask.java:135)
	at org.junit.platform.engine.support.hierarchical.NodeTestTask$$Lambda$179/195615004.execute(Unknown Source)
	at org.junit.platform.engine.support.hierarchical.ThrowableCollector.execute(ThrowableCollector.java:73)
	at org.junit.platform.engine.support.hierarchical.NodeTestTask.lambda$executeRecursively$7(NodeTestTask.java:125)
	at org.junit.platform.engine.support.hierarchical.NodeTestTask$$Lambda$178/1890627974.invoke(Unknown Source)
	at org.junit.platform.engine.support.hierarchical.Node.around(Node.java:135)
	at org.junit.platform.engine.support.hierarchical.NodeTestTask.lambda$executeRecursively$8(NodeTestTask.java:123)
	at org.junit.platform.engine.support.hierarchical.NodeTestTask$$Lambda$177/231977479.execute(Unknown Source)
	at org.junit.platform.engine.support.hierarchical.ThrowableCollector.execute(ThrowableCollector.java:73)
	at org.junit.platform.engine.support.hierarchical.NodeTestTask.executeRecursively(NodeTestTask.java:122)
	at org.junit.platform.engine.support.hierarchical.NodeTestTask.execute(NodeTestTask.java:80)
	at org.junit.platform.engine.support.hierarchical.SameThreadHierarchicalTestExecutorService$$Lambda$183/1381713434.accept(Unknown Source)
	at java.util.ArrayList.forEach(ArrayList.java:1249)
	at org.junit.platform.engine.support.hierarchical.SameThreadHierarchicalTestExecutorService.invokeAll(SameThreadHierarchicalTestExecutorService.java:38)
	at org.junit.platform.engine.support.hierarchical.NodeTestTask.lambda$executeRecursively$5(NodeTestTask.java:139)
	at org.junit.platform.engine.support.hierarchical.NodeTestTask$$Lambda$179/195615004.execute(Unknown Source)
	at org.junit.platform.engine.support.hierarchical.ThrowableCollector.execute(ThrowableCollector.java:73)
	at org.junit.platform.engine.support.hierarchical.NodeTestTask.lambda$executeRecursively$7(NodeTestTask.java:125)
	at org.junit.platform.engine.support.hierarchical.NodeTestTask$$Lambda$178/1890627974.invoke(Unknown Source)
	at org.junit.platform.engine.support.hierarchical.Node.around(Node.java:135)
	at org.junit.platform.engine.support.hierarchical.NodeTestTask.lambda$executeRecursively$8(NodeTestTask.java:123)
	at org.junit.platform.engine.support.hierarchical.NodeTestTask$$Lambda$177/231977479.execute(Unknown Source)
	at org.junit.platform.engine.support.hierarchical.ThrowableCollector.execute(ThrowableCollector.java:73)
	at org.junit.platform.engine.support.hierarchical.NodeTestTask.executeRecursively(NodeTestTask.java:122)
	at org.junit.platform.engine.support.hierarchical.NodeTestTask.execute(NodeTestTask.java:80)
	at org.junit.platform.engine.support.hierarchical.SameThreadHierarchicalTestExecutorService$$Lambda$183/1381713434.accept(Unknown Source)
	at java.util.ArrayList.forEach(ArrayList.java:1249)
	at org.junit.platform.engine.support.hierarchical.SameThreadHierarchicalTestExecutorService.invokeAll(SameThreadHierarchicalTestExecutorService.java:38)
	at org.junit.platform.engine.support.hierarchical.NodeTestTask.lambda$executeRecursively$5(NodeTestTask.java:139)
	at org.junit.platform.engine.support.hierarchical.NodeTestTask$$Lambda$179/195615004.execute(Unknown Source)
	at org.junit.platform.engine.support.hierarchical.ThrowableCollector.execute(ThrowableCollector.java:73)
	at org.junit.platform.engine.support.hierarchical.NodeTestTask.lambda$executeRecursively$7(NodeTestTask.java:125)
	at org.junit.platform.engine.support.hierarchical.NodeTestTask$$Lambda$178/1890627974.invoke(Unknown Source)
	at org.junit.platform.engine.support.hierarchical.Node.around(Node.java:135)
	at org.junit.platform.engine.support.hierarchical.NodeTestTask.lambda$executeRecursively$8(NodeTestTask.java:123)
	at org.junit.platform.engine.support.hierarchical.NodeTestTask$$Lambda$177/231977479.execute(Unknown Source)
	at org.junit.platform.engine.support.hierarchical.ThrowableCollector.execute(ThrowableCollector.java:73)
	at org.junit.platform.engine.support.hierarchical.NodeTestTask.executeRecursively(NodeTestTask.java:122)
	at org.junit.platform.engine.support.hierarchical.NodeTestTask.execute(NodeTestTask.java:80)
	at org.junit.platform.engine.support.hierarchical.SameThreadHierarchicalTestExecutorService.submit(SameThreadHierarchicalTestExecutorService.java:32)
	at org.junit.platform.engine.support.hierarchical.HierarchicalTestExecutor.execute(HierarchicalTestExecutor.java:57)
	at org.junit.platform.engine.support.hierarchical.HierarchicalTestEngine.execute(HierarchicalTestEngine.java:51)
	at org.junit.platform.launcher.core.DefaultLauncher.execute(DefaultLauncher.java:248)
	at org.junit.platform.launcher.core.DefaultLauncher.lambda$execute$5(DefaultLauncher.java:211)
	at org.junit.platform.launcher.core.DefaultLauncher$$Lambda$143/233996206.accept(Unknown Source)
	at org.junit.platform.launcher.core.DefaultLauncher.withInterceptedStreams(DefaultLauncher.java:226)
	at org.junit.platform.launcher.core.DefaultLauncher.execute(DefaultLauncher.java:199)
	at org.junit.platform.launcher.core.DefaultLauncher.execute(DefaultLauncher.java:132)
	at org.apache.maven.surefire.junitplatform.JUnitPlatformProvider.invokeAllTests(JUnitPlatformProvider.java:142)
	at org.apache.maven.surefire.junitplatform.JUnitPlatformProvider.invoke(JUnitPlatformProvider.java:113)
	at org.apache.maven.surefire.booter.ForkedBooter.invokeProviderInSameClassLoader(ForkedBooter.java:384)
	at org.apache.maven.surefire.booter.ForkedBooter.runSuitesInProcess(ForkedBooter.java:345)
	at org.apache.maven.surefire.booter.ForkedBooter.execute(ForkedBooter.java:126)
	at org.apache.maven.surefire.booter.ForkedBooter.main(ForkedBooter.java:418)
2021-11-08 11:15:59,586 [myid:] - INFO  [main:FourLetterWordMain@94] - connecting to 127.0.0.1 30140
2021-11-08 11:15:59,586 [myid:1] - WARN  [nioEventLoopGroup-59-3:NettyServerCnxnFactory$CnxnChannelHandler@231] - Zookeeper server is not running, close the connection before starting the TLS handshake
2021-11-08 11:15:59,602 [myid:] - INFO  [main:ClientBase@267] - server 127.0.0.1:30140 not up
java.net.SocketException: Software caused connection abort: recv failed
	at java.net.SocketInputStream.socketRead0(Native Method)
	at java.net.SocketInputStream.read(SocketInputStream.java:150)
	at java.net.SocketInputStream.read(SocketInputStream.java:121)
	at sun.nio.cs.StreamDecoder.readBytes(StreamDecoder.java:284)
	at sun.nio.cs.StreamDecoder.implRead(StreamDecoder.java:326)
	at sun.nio.cs.StreamDecoder.read(StreamDecoder.java:178)
	at java.io.InputStreamReader.read(InputStreamReader.java:184)
	at java.io.BufferedReader.fill(BufferedReader.java:161)
	at java.io.BufferedReader.readLine(BufferedReader.java:324)
	at java.io.BufferedReader.readLine(BufferedReader.java:389)
	at org.apache.zookeeper.client.FourLetterWordMain.send4LetterWord(FourLetterWordMain.java:129)
	at org.apache.zookeeper.client.FourLetterWordMain.send4LetterWord(FourLetterWordMain.java:74)
	at org.apache.zookeeper.test.ClientBase.waitForServerUp(ClientBase.java:258)
	at org.apache.zookeeper.test.ClientBase.waitForServerUp(ClientBase.java:249)
	at org.apache.zookeeper.server.quorum.QuorumSSLTest.testHostnameVerification(QuorumSSLTest.java:671)
	at org.apache.zookeeper.server.quorum.QuorumSSLTest.testHostnameVerificationWithInvalidHostname(QuorumSSLTest.java:566)
	at sun.reflect.NativeMethodAccessorImpl.invoke0(Native Method)
	at sun.reflect.NativeMethodAccessorImpl.invoke(NativeMethodAccessorImpl.java:62)
	at sun.reflect.DelegatingMethodAccessorImpl.invoke(DelegatingMethodAccessorImpl.java:43)
	at java.lang.reflect.Method.invoke(Method.java:483)
	at org.junit.platform.commons.util.ReflectionUtils.invokeMethod(ReflectionUtils.java:686)
	at org.junit.jupiter.engine.execution.MethodInvocation.proceed(MethodInvocation.java:60)
	at org.junit.jupiter.engine.execution.InvocationInterceptorChain$ValidatingInvocation.proceed(InvocationInterceptorChain.java:131)
	at org.junit.jupiter.engine.extension.TimeoutInvocation.proceed(TimeoutInvocation.java:46)
	at org.junit.jupiter.engine.extension.TimeoutExtension.intercept(TimeoutExtension.java:149)
	at org.junit.jupiter.engine.extension.TimeoutExtension.interceptTestableMethod(TimeoutExtension.java:140)
	at org.junit.jupiter.engine.extension.TimeoutExtension.interceptTestMethod(TimeoutExtension.java:84)
	at org.junit.jupiter.engine.descriptor.TestMethodTestDescriptor$$Lambda$111/1780132728.apply(Unknown Source)
	at org.junit.jupiter.engine.execution.ExecutableInvoker$ReflectiveInterceptorCall.lambda$ofVoidMethod$0(ExecutableInvoker.java:115)
	at org.junit.jupiter.engine.execution.ExecutableInvoker$ReflectiveInterceptorCall$$Lambda$112/1725017993.apply(Unknown Source)
	at org.junit.jupiter.engine.execution.ExecutableInvoker.lambda$invoke$0(ExecutableInvoker.java:105)
	at org.junit.jupiter.engine.execution.ExecutableInvoker$$Lambda$234/64133603.apply(Unknown Source)
	at org.junit.jupiter.engine.execution.InvocationInterceptorChain$InterceptedInvocation.proceed(InvocationInterceptorChain.java:106)
	at org.junit.jupiter.engine.execution.InvocationInterceptorChain.proceed(InvocationInterceptorChain.java:64)
	at org.junit.jupiter.engine.execution.InvocationInterceptorChain.chainAndInvoke(InvocationInterceptorChain.java:45)
	at org.junit.jupiter.engine.execution.InvocationInterceptorChain.invoke(InvocationInterceptorChain.java:37)
	at org.junit.jupiter.engine.execution.ExecutableInvoker.invoke(ExecutableInvoker.java:104)
	at org.junit.jupiter.engine.execution.ExecutableInvoker.invoke(ExecutableInvoker.java:98)
	at org.junit.jupiter.engine.descriptor.TestMethodTestDescriptor.lambda$invokeTestMethod$6(TestMethodTestDescriptor.java:212)
	at org.junit.jupiter.engine.descriptor.TestMethodTestDescriptor$$Lambda$271/224100622.execute(Unknown Source)
	at org.junit.platform.engine.support.hierarchical.ThrowableCollector.execute(ThrowableCollector.java:73)
	at org.junit.jupiter.engine.descriptor.TestMethodTestDescriptor.invokeTestMethod(TestMethodTestDescriptor.java:208)
	at org.junit.jupiter.engine.descriptor.TestMethodTestDescriptor.execute(TestMethodTestDescriptor.java:137)
	at org.junit.jupiter.engine.descriptor.TestMethodTestDescriptor.execute(TestMethodTestDescriptor.java:71)
	at org.junit.platform.engine.support.hierarchical.NodeTestTask.lambda$executeRecursively$5(NodeTestTask.java:135)
	at org.junit.platform.engine.support.hierarchical.NodeTestTask$$Lambda$179/195615004.execute(Unknown Source)
	at org.junit.platform.engine.support.hierarchical.ThrowableCollector.execute(ThrowableCollector.java:73)
	at org.junit.platform.engine.support.hierarchical.NodeTestTask.lambda$executeRecursively$7(NodeTestTask.java:125)
	at org.junit.platform.engine.support.hierarchical.NodeTestTask$$Lambda$178/1890627974.invoke(Unknown Source)
	at org.junit.platform.engine.support.hierarchical.Node.around(Node.java:135)
	at org.junit.platform.engine.support.hierarchical.NodeTestTask.lambda$executeRecursively$8(NodeTestTask.java:123)
	at org.junit.platform.engine.support.hierarchical.NodeTestTask$$Lambda$177/231977479.execute(Unknown Source)
	at org.junit.platform.engine.support.hierarchical.ThrowableCollector.execute(ThrowableCollector.java:73)
	at org.junit.platform.engine.support.hierarchical.NodeTestTask.executeRecursively(NodeTestTask.java:122)
	at org.junit.platform.engine.support.hierarchical.NodeTestTask.execute(NodeTestTask.java:80)
	at org.junit.platform.engine.support.hierarchical.SameThreadHierarchicalTestExecutorService$$Lambda$183/1381713434.accept(Unknown Source)
	at java.util.ArrayList.forEach(ArrayList.java:1249)
	at org.junit.platform.engine.support.hierarchical.SameThreadHierarchicalTestExecutorService.invokeAll(SameThreadHierarchicalTestExecutorService.java:38)
	at org.junit.platform.engine.support.hierarchical.NodeTestTask.lambda$executeRecursively$5(NodeTestTask.java:139)
	at org.junit.platform.engine.support.hierarchical.NodeTestTask$$Lambda$179/195615004.execute(Unknown Source)
	at org.junit.platform.engine.support.hierarchical.ThrowableCollector.execute(ThrowableCollector.java:73)
	at org.junit.platform.engine.support.hierarchical.NodeTestTask.lambda$executeRecursively$7(NodeTestTask.java:125)
	at org.junit.platform.engine.support.hierarchical.NodeTestTask$$Lambda$178/1890627974.invoke(Unknown Source)
	at org.junit.platform.engine.support.hierarchical.Node.around(Node.java:135)
	at org.junit.platform.engine.support.hierarchical.NodeTestTask.lambda$executeRecursively$8(NodeTestTask.java:123)
	at org.junit.platform.engine.support.hierarchical.NodeTestTask$$Lambda$177/231977479.execute(Unknown Source)
	at org.junit.platform.engine.support.hierarchical.ThrowableCollector.execute(ThrowableCollector.java:73)
	at org.junit.platform.engine.support.hierarchical.NodeTestTask.executeRecursively(NodeTestTask.java:122)
	at org.junit.platform.engine.support.hierarchical.NodeTestTask.execute(NodeTestTask.java:80)
	at org.junit.platform.engine.support.hierarchical.SameThreadHierarchicalTestExecutorService$$Lambda$183/1381713434.accept(Unknown Source)
	at java.util.ArrayList.forEach(ArrayList.java:1249)
	at org.junit.platform.engine.support.hierarchical.SameThreadHierarchicalTestExecutorService.invokeAll(SameThreadHierarchicalTestExecutorService.java:38)
	at org.junit.platform.engine.support.hierarchical.NodeTestTask.lambda$executeRecursively$5(NodeTestTask.java:139)
	at org.junit.platform.engine.support.hierarchical.NodeTestTask$$Lambda$179/195615004.execute(Unknown Source)
	at org.junit.platform.engine.support.hierarchical.ThrowableCollector.execute(ThrowableCollector.java:73)
	at org.junit.platform.engine.support.hierarchical.NodeTestTask.lambda$executeRecursively$7(NodeTestTask.java:125)
	at org.junit.platform.engine.support.hierarchical.NodeTestTask$$Lambda$178/1890627974.invoke(Unknown Source)
	at org.junit.platform.engine.support.hierarchical.Node.around(Node.java:135)
	at org.junit.platform.engine.support.hierarchical.NodeTestTask.lambda$executeRecursively$8(NodeTestTask.java:123)
	at org.junit.platform.engine.support.hierarchical.NodeTestTask$$Lambda$177/231977479.execute(Unknown Source)
	at org.junit.platform.engine.support.hierarchical.ThrowableCollector.execute(ThrowableCollector.java:73)
	at org.junit.platform.engine.support.hierarchical.NodeTestTask.executeRecursively(NodeTestTask.java:122)
	at org.junit.platform.engine.support.hierarchical.NodeTestTask.execute(NodeTestTask.java:80)
	at org.junit.platform.engine.support.hierarchical.SameThreadHierarchicalTestExecutorService.submit(SameThreadHierarchicalTestExecutorService.java:32)
	at org.junit.platform.engine.support.hierarchical.HierarchicalTestExecutor.execute(HierarchicalTestExecutor.java:57)
	at org.junit.platform.engine.support.hierarchical.HierarchicalTestEngine.execute(HierarchicalTestEngine.java:51)
	at org.junit.platform.launcher.core.DefaultLauncher.execute(DefaultLauncher.java:248)
	at org.junit.platform.launcher.core.DefaultLauncher.lambda$execute$5(DefaultLauncher.java:211)
	at org.junit.platform.launcher.core.DefaultLauncher$$Lambda$143/233996206.accept(Unknown Source)
	at org.junit.platform.launcher.core.DefaultLauncher.withInterceptedStreams(DefaultLauncher.java:226)
	at org.junit.platform.launcher.core.DefaultLauncher.execute(DefaultLauncher.java:199)
	at org.junit.platform.launcher.core.DefaultLauncher.execute(DefaultLauncher.java:132)
	at org.apache.maven.surefire.junitplatform.JUnitPlatformProvider.invokeAllTests(JUnitPlatformProvider.java:142)
	at org.apache.maven.surefire.junitplatform.JUnitPlatformProvider.invoke(JUnitPlatformProvider.java:113)
	at org.apache.maven.surefire.booter.ForkedBooter.invokeProviderInSameClassLoader(ForkedBooter.java:384)
	at org.apache.maven.surefire.booter.ForkedBooter.runSuitesInProcess(ForkedBooter.java:345)
	at org.apache.maven.surefire.booter.ForkedBooter.execute(ForkedBooter.java:126)
	at org.apache.maven.surefire.booter.ForkedBooter.main(ForkedBooter.java:418)
2021-11-08 11:15:59,855 [myid:] - INFO  [main:FourLetterWordMain@94] - connecting to 127.0.0.1 30140
2021-11-08 11:15:59,857 [myid:1] - WARN  [nioEventLoopGroup-59-4:NettyServerCnxnFactory$CnxnChannelHandler@231] - Zookeeper server is not running, close the connection before starting the TLS handshake
2021-11-08 11:16:00,119 [myid:] - INFO  [main:FourLetterWordMain@94] - connecting to 127.0.0.1 30140
2021-11-08 11:16:00,119 [myid:1] - WARN  [nioEventLoopGroup-59-5:NettyServerCnxnFactory$CnxnChannelHandler@231] - Zookeeper server is not running, close the connection before starting the TLS handshake
2021-11-08 11:16:00,371 [myid:] - INFO  [main:FourLetterWordMain@94] - connecting to 127.0.0.1 30140
2021-11-08 11:16:00,372 [myid:1] - WARN  [nioEventLoopGroup-59-6:NettyServerCnxnFactory$CnxnChannelHandler@231] - Zookeeper server is not running, close the connection before starting the TLS handshake
2021-11-08 11:16:00,635 [myid:] - INFO  [main:FourLetterWordMain@94] - connecting to 127.0.0.1 30140
2021-11-08 11:16:00,635 [myid:1] - WARN  [nioEventLoopGroup-59-7:NettyServerCnxnFactory$CnxnChannelHandler@231] - Zookeeper server is not running, close the connection before starting the TLS handshake
2021-11-08 11:16:00,651 [myid:] - INFO  [main:ClientBase@267] - server 127.0.0.1:30140 not up
java.net.SocketException: Software caused connection abort: recv failed
	at java.net.SocketInputStream.socketRead0(Native Method)
	at java.net.SocketInputStream.read(SocketInputStream.java:150)
	at java.net.SocketInputStream.read(SocketInputStream.java:121)
	at sun.nio.cs.StreamDecoder.readBytes(StreamDecoder.java:284)
	at sun.nio.cs.StreamDecoder.implRead(StreamDecoder.java:326)
	at sun.nio.cs.StreamDecoder.read(StreamDecoder.java:178)
	at java.io.InputStreamReader.read(InputStreamReader.java:184)
	at java.io.BufferedReader.fill(BufferedReader.java:161)
	at java.io.BufferedReader.readLine(BufferedReader.java:324)
	at java.io.BufferedReader.readLine(BufferedReader.java:389)
	at org.apache.zookeeper.client.FourLetterWordMain.send4LetterWord(FourLetterWordMain.java:129)
	at org.apache.zookeeper.client.FourLetterWordMain.send4LetterWord(FourLetterWordMain.java:74)
	at org.apache.zookeeper.test.ClientBase.waitForServerUp(ClientBase.java:258)
	at org.apache.zookeeper.test.ClientBase.waitForServerUp(ClientBase.java:249)
	at org.apache.zookeeper.server.quorum.QuorumSSLTest.testHostnameVerification(QuorumSSLTest.java:671)
	at org.apache.zookeeper.server.quorum.QuorumSSLTest.testHostnameVerificationWithInvalidHostname(QuorumSSLTest.java:566)
	at sun.reflect.NativeMethodAccessorImpl.invoke0(Native Method)
	at sun.reflect.NativeMethodAccessorImpl.invoke(NativeMethodAccessorImpl.java:62)
	at sun.reflect.DelegatingMethodAccessorImpl.invoke(DelegatingMethodAccessorImpl.java:43)
	at java.lang.reflect.Method.invoke(Method.java:483)
	at org.junit.platform.commons.util.ReflectionUtils.invokeMethod(ReflectionUtils.java:686)
	at org.junit.jupiter.engine.execution.MethodInvocation.proceed(MethodInvocation.java:60)
	at org.junit.jupiter.engine.execution.InvocationInterceptorChain$ValidatingInvocation.proceed(InvocationInterceptorChain.java:131)
	at org.junit.jupiter.engine.extension.TimeoutInvocation.proceed(TimeoutInvocation.java:46)
	at org.junit.jupiter.engine.extension.TimeoutExtension.intercept(TimeoutExtension.java:149)
	at org.junit.jupiter.engine.extension.TimeoutExtension.interceptTestableMethod(TimeoutExtension.java:140)
	at org.junit.jupiter.engine.extension.TimeoutExtension.interceptTestMethod(TimeoutExtension.java:84)
	at org.junit.jupiter.engine.descriptor.TestMethodTestDescriptor$$Lambda$111/1780132728.apply(Unknown Source)
	at org.junit.jupiter.engine.execution.ExecutableInvoker$ReflectiveInterceptorCall.lambda$ofVoidMethod$0(ExecutableInvoker.java:115)
	at org.junit.jupiter.engine.execution.ExecutableInvoker$ReflectiveInterceptorCall$$Lambda$112/1725017993.apply(Unknown Source)
	at org.junit.jupiter.engine.execution.ExecutableInvoker.lambda$invoke$0(ExecutableInvoker.java:105)
	at org.junit.jupiter.engine.execution.ExecutableInvoker$$Lambda$234/64133603.apply(Unknown Source)
	at org.junit.jupiter.engine.execution.InvocationInterceptorChain$InterceptedInvocation.proceed(InvocationInterceptorChain.java:106)
	at org.junit.jupiter.engine.execution.InvocationInterceptorChain.proceed(InvocationInterceptorChain.java:64)
	at org.junit.jupiter.engine.execution.InvocationInterceptorChain.chainAndInvoke(InvocationInterceptorChain.java:45)
	at org.junit.jupiter.engine.execution.InvocationInterceptorChain.invoke(InvocationInterceptorChain.java:37)
	at org.junit.jupiter.engine.execution.ExecutableInvoker.invoke(ExecutableInvoker.java:104)
	at org.junit.jupiter.engine.execution.ExecutableInvoker.invoke(ExecutableInvoker.java:98)
	at org.junit.jupiter.engine.descriptor.TestMethodTestDescriptor.lambda$invokeTestMethod$6(TestMethodTestDescriptor.java:212)
	at org.junit.jupiter.engine.descriptor.TestMethodTestDescriptor$$Lambda$271/224100622.execute(Unknown Source)
	at org.junit.platform.engine.support.hierarchical.ThrowableCollector.execute(ThrowableCollector.java:73)
	at org.junit.jupiter.engine.descriptor.TestMethodTestDescriptor.invokeTestMethod(TestMethodTestDescriptor.java:208)
	at org.junit.jupiter.engine.descriptor.TestMethodTestDescriptor.execute(TestMethodTestDescriptor.java:137)
	at org.junit.jupiter.engine.descriptor.TestMethodTestDescriptor.execute(TestMethodTestDescriptor.java:71)
	at org.junit.platform.engine.support.hierarchical.NodeTestTask.lambda$executeRecursively$5(NodeTestTask.java:135)
	at org.junit.platform.engine.support.hierarchical.NodeTestTask$$Lambda$179/195615004.execute(Unknown Source)
	at org.junit.platform.engine.support.hierarchical.ThrowableCollector.execute(ThrowableCollector.java:73)
	at org.junit.platform.engine.support.hierarchical.NodeTestTask.lambda$executeRecursively$7(NodeTestTask.java:125)
	at org.junit.platform.engine.support.hierarchical.NodeTestTask$$Lambda$178/1890627974.invoke(Unknown Source)
	at org.junit.platform.engine.support.hierarchical.Node.around(Node.java:135)
	at org.junit.platform.engine.support.hierarchical.NodeTestTask.lambda$executeRecursively$8(NodeTestTask.java:123)
	at org.junit.platform.engine.support.hierarchical.NodeTestTask$$Lambda$177/231977479.execute(Unknown Source)
	at org.junit.platform.engine.support.hierarchical.ThrowableCollector.execute(ThrowableCollector.java:73)
	at org.junit.platform.engine.support.hierarchical.NodeTestTask.executeRecursively(NodeTestTask.java:122)
	at org.junit.platform.engine.support.hierarchical.NodeTestTask.execute(NodeTestTask.java:80)
	at org.junit.platform.engine.support.hierarchical.SameThreadHierarchicalTestExecutorService$$Lambda$183/1381713434.accept(Unknown Source)
	at java.util.ArrayList.forEach(ArrayList.java:1249)
	at org.junit.platform.engine.support.hierarchical.SameThreadHierarchicalTestExecutorService.invokeAll(SameThreadHierarchicalTestExecutorService.java:38)
	at org.junit.platform.engine.support.hierarchical.NodeTestTask.lambda$executeRecursively$5(NodeTestTask.java:139)
	at org.junit.platform.engine.support.hierarchical.NodeTestTask$$Lambda$179/195615004.execute(Unknown Source)
	at org.junit.platform.engine.support.hierarchical.ThrowableCollector.execute(ThrowableCollector.java:73)
	at org.junit.platform.engine.support.hierarchical.NodeTestTask.lambda$executeRecursively$7(NodeTestTask.java:125)
	at org.junit.platform.engine.support.hierarchical.NodeTestTask$$Lambda$178/1890627974.invoke(Unknown Source)
	at org.junit.platform.engine.support.hierarchical.Node.around(Node.java:135)
	at org.junit.platform.engine.support.hierarchical.NodeTestTask.lambda$executeRecursively$8(NodeTestTask.java:123)
	at org.junit.platform.engine.support.hierarchical.NodeTestTask$$Lambda$177/231977479.execute(Unknown Source)
	at org.junit.platform.engine.support.hierarchical.ThrowableCollector.execute(ThrowableCollector.java:73)
	at org.junit.platform.engine.support.hierarchical.NodeTestTask.executeRecursively(NodeTestTask.java:122)
	at org.junit.platform.engine.support.hierarchical.NodeTestTask.execute(NodeTestTask.java:80)
	at org.junit.platform.engine.support.hierarchical.SameThreadHierarchicalTestExecutorService$$Lambda$183/1381713434.accept(Unknown Source)
	at java.util.ArrayList.forEach(ArrayList.java:1249)
	at org.junit.platform.engine.support.hierarchical.SameThreadHierarchicalTestExecutorService.invokeAll(SameThreadHierarchicalTestExecutorService.java:38)
	at org.junit.platform.engine.support.hierarchical.NodeTestTask.lambda$executeRecursively$5(NodeTestTask.java:139)
	at org.junit.platform.engine.support.hierarchical.NodeTestTask$$Lambda$179/195615004.execute(Unknown Source)
	at org.junit.platform.engine.support.hierarchical.ThrowableCollector.execute(ThrowableCollector.java:73)
	at org.junit.platform.engine.support.hierarchical.NodeTestTask.lambda$executeRecursively$7(NodeTestTask.java:125)
	at org.junit.platform.engine.support.hierarchical.NodeTestTask$$Lambda$178/1890627974.invoke(Unknown Source)
	at org.junit.platform.engine.support.hierarchical.Node.around(Node.java:135)
	at org.junit.platform.engine.support.hierarchical.NodeTestTask.lambda$executeRecursively$8(NodeTestTask.java:123)
	at org.junit.platform.engine.support.hierarchical.NodeTestTask$$Lambda$177/231977479.execute(Unknown Source)
	at org.junit.platform.engine.support.hierarchical.ThrowableCollector.execute(ThrowableCollector.java:73)
	at org.junit.platform.engine.support.hierarchical.NodeTestTask.executeRecursively(NodeTestTask.java:122)
	at org.junit.platform.engine.support.hierarchical.NodeTestTask.execute(NodeTestTask.java:80)
	at org.junit.platform.engine.support.hierarchical.SameThreadHierarchicalTestExecutorService.submit(SameThreadHierarchicalTestExecutorService.java:32)
	at org.junit.platform.engine.support.hierarchical.HierarchicalTestExecutor.execute(HierarchicalTestExecutor.java:57)
	at org.junit.platform.engine.support.hierarchical.HierarchicalTestEngine.execute(HierarchicalTestEngine.java:51)
	at org.junit.platform.launcher.core.DefaultLauncher.execute(DefaultLauncher.java:248)
	at org.junit.platform.launcher.core.DefaultLauncher.lambda$execute$5(DefaultLauncher.java:211)
	at org.junit.platform.launcher.core.DefaultLauncher$$Lambda$143/233996206.accept(Unknown Source)
	at org.junit.platform.launcher.core.DefaultLauncher.withInterceptedStreams(DefaultLauncher.java:226)
	at org.junit.platform.launcher.core.DefaultLauncher.execute(DefaultLauncher.java:199)
	at org.junit.platform.launcher.core.DefaultLauncher.execute(DefaultLauncher.java:132)
	at org.apache.maven.surefire.junitplatform.JUnitPlatformProvider.invokeAllTests(JUnitPlatformProvider.java:142)
	at org.apache.maven.surefire.junitplatform.JUnitPlatformProvider.invoke(JUnitPlatformProvider.java:113)
	at org.apache.maven.surefire.booter.ForkedBooter.invokeProviderInSameClassLoader(ForkedBooter.java:384)
	at org.apache.maven.surefire.booter.ForkedBooter.runSuitesInProcess(ForkedBooter.java:345)
	at org.apache.maven.surefire.booter.ForkedBooter.execute(ForkedBooter.java:126)
	at org.apache.maven.surefire.booter.ForkedBooter.main(ForkedBooter.java:418)
2021-11-08 11:16:00,903 [myid:] - INFO  [main:FourLetterWordMain@94] - connecting to 127.0.0.1 30140
2021-11-08 11:16:00,905 [myid:1] - WARN  [nioEventLoopGroup-59-8:NettyServerCnxnFactory$CnxnChannelHandler@231] - Zookeeper server is not running, close the connection before starting the TLS handshake
2021-11-08 11:16:01,169 [myid:] - INFO  [main:FourLetterWordMain@94] - connecting to 127.0.0.1 30140
2021-11-08 11:16:01,170 [myid:1] - WARN  [nioEventLoopGroup-59-9:NettyServerCnxnFactory$CnxnChannelHandler@231] - Zookeeper server is not running, close the connection before starting the TLS handshake
2021-11-08 11:16:01,422 [myid:] - INFO  [main:FourLetterWordMain@94] - connecting to 127.0.0.1 30140
2021-11-08 11:16:01,422 [myid:1] - WARN  [nioEventLoopGroup-59-10:NettyServerCnxnFactory$CnxnChannelHandler@231] - Zookeeper server is not running, close the connection before starting the TLS handshake
2021-11-08 11:16:01,437 [myid:] - INFO  [main:ClientBase@267] - server 127.0.0.1:30140 not up
java.net.SocketException: Software caused connection abort: recv failed
	at java.net.SocketInputStream.socketRead0(Native Method)
	at java.net.SocketInputStream.read(SocketInputStream.java:150)
	at java.net.SocketInputStream.read(SocketInputStream.java:121)
	at sun.nio.cs.StreamDecoder.readBytes(StreamDecoder.java:284)
	at sun.nio.cs.StreamDecoder.implRead(StreamDecoder.java:326)
	at sun.nio.cs.StreamDecoder.read(StreamDecoder.java:178)
	at java.io.InputStreamReader.read(InputStreamReader.java:184)
	at java.io.BufferedReader.fill(BufferedReader.java:161)
	at java.io.BufferedReader.readLine(BufferedReader.java:324)
	at java.io.BufferedReader.readLine(BufferedReader.java:389)
	at org.apache.zookeeper.client.FourLetterWordMain.send4LetterWord(FourLetterWordMain.java:129)
	at org.apache.zookeeper.client.FourLetterWordMain.send4LetterWord(FourLetterWordMain.java:74)
	at org.apache.zookeeper.test.ClientBase.waitForServerUp(ClientBase.java:258)
	at org.apache.zookeeper.test.ClientBase.waitForServerUp(ClientBase.java:249)
	at org.apache.zookeeper.server.quorum.QuorumSSLTest.testHostnameVerification(QuorumSSLTest.java:671)
	at org.apache.zookeeper.server.quorum.QuorumSSLTest.testHostnameVerificationWithInvalidHostname(QuorumSSLTest.java:566)
	at sun.reflect.NativeMethodAccessorImpl.invoke0(Native Method)
	at sun.reflect.NativeMethodAccessorImpl.invoke(NativeMethodAccessorImpl.java:62)
	at sun.reflect.DelegatingMethodAccessorImpl.invoke(DelegatingMethodAccessorImpl.java:43)
	at java.lang.reflect.Method.invoke(Method.java:483)
	at org.junit.platform.commons.util.ReflectionUtils.invokeMethod(ReflectionUtils.java:686)
	at org.junit.jupiter.engine.execution.MethodInvocation.proceed(MethodInvocation.java:60)
	at org.junit.jupiter.engine.execution.InvocationInterceptorChain$ValidatingInvocation.proceed(InvocationInterceptorChain.java:131)
	at org.junit.jupiter.engine.extension.TimeoutInvocation.proceed(TimeoutInvocation.java:46)
	at org.junit.jupiter.engine.extension.TimeoutExtension.intercept(TimeoutExtension.java:149)
	at org.junit.jupiter.engine.extension.TimeoutExtension.interceptTestableMethod(TimeoutExtension.java:140)
	at org.junit.jupiter.engine.extension.TimeoutExtension.interceptTestMethod(TimeoutExtension.java:84)
	at org.junit.jupiter.engine.descriptor.TestMethodTestDescriptor$$Lambda$111/1780132728.apply(Unknown Source)
	at org.junit.jupiter.engine.execution.ExecutableInvoker$ReflectiveInterceptorCall.lambda$ofVoidMethod$0(ExecutableInvoker.java:115)
	at org.junit.jupiter.engine.execution.ExecutableInvoker$ReflectiveInterceptorCall$$Lambda$112/1725017993.apply(Unknown Source)
	at org.junit.jupiter.engine.execution.ExecutableInvoker.lambda$invoke$0(ExecutableInvoker.java:105)
	at org.junit.jupiter.engine.execution.ExecutableInvoker$$Lambda$234/64133603.apply(Unknown Source)
	at org.junit.jupiter.engine.execution.InvocationInterceptorChain$InterceptedInvocation.proceed(InvocationInterceptorChain.java:106)
	at org.junit.jupiter.engine.execution.InvocationInterceptorChain.proceed(InvocationInterceptorChain.java:64)
	at org.junit.jupiter.engine.execution.InvocationInterceptorChain.chainAndInvoke(InvocationInterceptorChain.java:45)
	at org.junit.jupiter.engine.execution.InvocationInterceptorChain.invoke(InvocationInterceptorChain.java:37)
	at org.junit.jupiter.engine.execution.ExecutableInvoker.invoke(ExecutableInvoker.java:104)
	at org.junit.jupiter.engine.execution.ExecutableInvoker.invoke(ExecutableInvoker.java:98)
	at org.junit.jupiter.engine.descriptor.TestMethodTestDescriptor.lambda$invokeTestMethod$6(TestMethodTestDescriptor.java:212)
	at org.junit.jupiter.engine.descriptor.TestMethodTestDescriptor$$Lambda$271/224100622.execute(Unknown Source)
	at org.junit.platform.engine.support.hierarchical.ThrowableCollector.execute(ThrowableCollector.java:73)
	at org.junit.jupiter.engine.descriptor.TestMethodTestDescriptor.invokeTestMethod(TestMethodTestDescriptor.java:208)
	at org.junit.jupiter.engine.descriptor.TestMethodTestDescriptor.execute(TestMethodTestDescriptor.java:137)
	at org.junit.jupiter.engine.descriptor.TestMethodTestDescriptor.execute(TestMethodTestDescriptor.java:71)
	at org.junit.platform.engine.support.hierarchical.NodeTestTask.lambda$executeRecursively$5(NodeTestTask.java:135)
	at org.junit.platform.engine.support.hierarchical.NodeTestTask$$Lambda$179/195615004.execute(Unknown Source)
	at org.junit.platform.engine.support.hierarchical.ThrowableCollector.execute(ThrowableCollector.java:73)
	at org.junit.platform.engine.support.hierarchical.NodeTestTask.lambda$executeRecursively$7(NodeTestTask.java:125)
	at org.junit.platform.engine.support.hierarchical.NodeTestTask$$Lambda$178/1890627974.invoke(Unknown Source)
	at org.junit.platform.engine.support.hierarchical.Node.around(Node.java:135)
	at org.junit.platform.engine.support.hierarchical.NodeTestTask.lambda$executeRecursively$8(NodeTestTask.java:123)
	at org.junit.platform.engine.support.hierarchical.NodeTestTask$$Lambda$177/231977479.execute(Unknown Source)
	at org.junit.platform.engine.support.hierarchical.ThrowableCollector.execute(ThrowableCollector.java:73)
	at org.junit.platform.engine.support.hierarchical.NodeTestTask.executeRecursively(NodeTestTask.java:122)
	at org.junit.platform.engine.support.hierarchical.NodeTestTask.execute(NodeTestTask.java:80)
	at org.junit.platform.engine.support.hierarchical.SameThreadHierarchicalTestExecutorService$$Lambda$183/1381713434.accept(Unknown Source)
	at java.util.ArrayList.forEach(ArrayList.java:1249)
	at org.junit.platform.engine.support.hierarchical.SameThreadHierarchicalTestExecutorService.invokeAll(SameThreadHierarchicalTestExecutorService.java:38)
	at org.junit.platform.engine.support.hierarchical.NodeTestTask.lambda$executeRecursively$5(NodeTestTask.java:139)
	at org.junit.platform.engine.support.hierarchical.NodeTestTask$$Lambda$179/195615004.execute(Unknown Source)
	at org.junit.platform.engine.support.hierarchical.ThrowableCollector.execute(ThrowableCollector.java:73)
	at org.junit.platform.engine.support.hierarchical.NodeTestTask.lambda$executeRecursively$7(NodeTestTask.java:125)
	at org.junit.platform.engine.support.hierarchical.NodeTestTask$$Lambda$178/1890627974.invoke(Unknown Source)
	at org.junit.platform.engine.support.hierarchical.Node.around(Node.java:135)
	at org.junit.platform.engine.support.hierarchical.NodeTestTask.lambda$executeRecursively$8(NodeTestTask.java:123)
	at org.junit.platform.engine.support.hierarchical.NodeTestTask$$Lambda$177/231977479.execute(Unknown Source)
	at org.junit.platform.engine.support.hierarchical.ThrowableCollector.execute(ThrowableCollector.java:73)
	at org.junit.platform.engine.support.hierarchical.NodeTestTask.executeRecursively(NodeTestTask.java:122)
	at org.junit.platform.engine.support.hierarchical.NodeTestTask.execute(NodeTestTask.java:80)
	at org.junit.platform.engine.support.hierarchical.SameThreadHierarchicalTestExecutorService$$Lambda$183/1381713434.accept(Unknown Source)
	at java.util.ArrayList.forEach(ArrayList.java:1249)
	at org.junit.platform.engine.support.hierarchical.SameThreadHierarchicalTestExecutorService.invokeAll(SameThreadHierarchicalTestExecutorService.java:38)
	at org.junit.platform.engine.support.hierarchical.NodeTestTask.lambda$executeRecursively$5(NodeTestTask.java:139)
	at org.junit.platform.engine.support.hierarchical.NodeTestTask$$Lambda$179/195615004.execute(Unknown Source)
	at org.junit.platform.engine.support.hierarchical.ThrowableCollector.execute(ThrowableCollector.java:73)
	at org.junit.platform.engine.support.hierarchical.NodeTestTask.lambda$executeRecursively$7(NodeTestTask.java:125)
	at org.junit.platform.engine.support.hierarchical.NodeTestTask$$Lambda$178/1890627974.invoke(Unknown Source)
	at org.junit.platform.engine.support.hierarchical.Node.around(Node.java:135)
	at org.junit.platform.engine.support.hierarchical.NodeTestTask.lambda$executeRecursively$8(NodeTestTask.java:123)
	at org.junit.platform.engine.support.hierarchical.NodeTestTask$$Lambda$177/231977479.execute(Unknown Source)
	at org.junit.platform.engine.support.hierarchical.ThrowableCollector.execute(ThrowableCollector.java:73)
	at org.junit.platform.engine.support.hierarchical.NodeTestTask.executeRecursively(NodeTestTask.java:122)
	at org.junit.platform.engine.support.hierarchical.NodeTestTask.execute(NodeTestTask.java:80)
	at org.junit.platform.engine.support.hierarchical.SameThreadHierarchicalTestExecutorService.submit(SameThreadHierarchicalTestExecutorService.java:32)
	at org.junit.platform.engine.support.hierarchical.HierarchicalTestExecutor.execute(HierarchicalTestExecutor.java:57)
	at org.junit.platform.engine.support.hierarchical.HierarchicalTestEngine.execute(HierarchicalTestEngine.java:51)
	at org.junit.platform.launcher.core.DefaultLauncher.execute(DefaultLauncher.java:248)
	at org.junit.platform.launcher.core.DefaultLauncher.lambda$execute$5(DefaultLauncher.java:211)
	at org.junit.platform.launcher.core.DefaultLauncher$$Lambda$143/233996206.accept(Unknown Source)
	at org.junit.platform.launcher.core.DefaultLauncher.withInterceptedStreams(DefaultLauncher.java:226)
	at org.junit.platform.launcher.core.DefaultLauncher.execute(DefaultLauncher.java:199)
	at org.junit.platform.launcher.core.DefaultLauncher.execute(DefaultLauncher.java:132)
	at org.apache.maven.surefire.junitplatform.JUnitPlatformProvider.invokeAllTests(JUnitPlatformProvider.java:142)
	at org.apache.maven.surefire.junitplatform.JUnitPlatformProvider.invoke(JUnitPlatformProvider.java:113)
	at org.apache.maven.surefire.booter.ForkedBooter.invokeProviderInSameClassLoader(ForkedBooter.java:384)
	at org.apache.maven.surefire.booter.ForkedBooter.runSuitesInProcess(ForkedBooter.java:345)
	at org.apache.maven.surefire.booter.ForkedBooter.execute(ForkedBooter.java:126)
	at org.apache.maven.surefire.booter.ForkedBooter.main(ForkedBooter.java:418)
2021-11-08 11:16:01,744 [myid:] - INFO  [main:FourLetterWordMain@94] - connecting to 127.0.0.1 30140
2021-11-08 11:16:01,745 [myid:1] - WARN  [nioEventLoopGroup-59-11:NettyServerCnxnFactory$CnxnChannelHandler@231] - Zookeeper server is not running, close the connection before starting the TLS handshake
2021-11-08 11:16:01,745 [myid:] - INFO  [main:ClientBase@267] - server 127.0.0.1:30140 not up
java.net.SocketException: Software caused connection abort: recv failed
	at java.net.SocketInputStream.socketRead0(Native Method)
	at java.net.SocketInputStream.read(SocketInputStream.java:150)
	at java.net.SocketInputStream.read(SocketInputStream.java:121)
	at sun.nio.cs.StreamDecoder.readBytes(StreamDecoder.java:284)
	at sun.nio.cs.StreamDecoder.implRead(StreamDecoder.java:326)
	at sun.nio.cs.StreamDecoder.read(StreamDecoder.java:178)
	at java.io.InputStreamReader.read(InputStreamReader.java:184)
	at java.io.BufferedReader.fill(BufferedReader.java:161)
	at java.io.BufferedReader.readLine(BufferedReader.java:324)
	at java.io.BufferedReader.readLine(BufferedReader.java:389)
	at org.apache.zookeeper.client.FourLetterWordMain.send4LetterWord(FourLetterWordMain.java:129)
	at org.apache.zookeeper.client.FourLetterWordMain.send4LetterWord(FourLetterWordMain.java:74)
	at org.apache.zookeeper.test.ClientBase.waitForServerUp(ClientBase.java:258)
	at org.apache.zookeeper.test.ClientBase.waitForServerUp(ClientBase.java:249)
	at org.apache.zookeeper.server.quorum.QuorumSSLTest.testHostnameVerification(QuorumSSLTest.java:671)
	at org.apache.zookeeper.server.quorum.QuorumSSLTest.testHostnameVerificationWithInvalidHostname(QuorumSSLTest.java:566)
	at sun.reflect.NativeMethodAccessorImpl.invoke0(Native Method)
	at sun.reflect.NativeMethodAccessorImpl.invoke(NativeMethodAccessorImpl.java:62)
	at sun.reflect.DelegatingMethodAccessorImpl.invoke(DelegatingMethodAccessorImpl.java:43)
	at java.lang.reflect.Method.invoke(Method.java:483)
	at org.junit.platform.commons.util.ReflectionUtils.invokeMethod(ReflectionUtils.java:686)
	at org.junit.jupiter.engine.execution.MethodInvocation.proceed(MethodInvocation.java:60)
	at org.junit.jupiter.engine.execution.InvocationInterceptorChain$ValidatingInvocation.proceed(InvocationInterceptorChain.java:131)
	at org.junit.jupiter.engine.extension.TimeoutInvocation.proceed(TimeoutInvocation.java:46)
	at org.junit.jupiter.engine.extension.TimeoutExtension.intercept(TimeoutExtension.java:149)
	at org.junit.jupiter.engine.extension.TimeoutExtension.interceptTestableMethod(TimeoutExtension.java:140)
	at org.junit.jupiter.engine.extension.TimeoutExtension.interceptTestMethod(TimeoutExtension.java:84)
	at org.junit.jupiter.engine.descriptor.TestMethodTestDescriptor$$Lambda$111/1780132728.apply(Unknown Source)
	at org.junit.jupiter.engine.execution.ExecutableInvoker$ReflectiveInterceptorCall.lambda$ofVoidMethod$0(ExecutableInvoker.java:115)
	at org.junit.jupiter.engine.execution.ExecutableInvoker$ReflectiveInterceptorCall$$Lambda$112/1725017993.apply(Unknown Source)
	at org.junit.jupiter.engine.execution.ExecutableInvoker.lambda$invoke$0(ExecutableInvoker.java:105)
	at org.junit.jupiter.engine.execution.ExecutableInvoker$$Lambda$234/64133603.apply(Unknown Source)
	at org.junit.jupiter.engine.execution.InvocationInterceptorChain$InterceptedInvocation.proceed(InvocationInterceptorChain.java:106)
	at org.junit.jupiter.engine.execution.InvocationInterceptorChain.proceed(InvocationInterceptorChain.java:64)
	at org.junit.jupiter.engine.execution.InvocationInterceptorChain.chainAndInvoke(InvocationInterceptorChain.java:45)
	at org.junit.jupiter.engine.execution.InvocationInterceptorChain.invoke(InvocationInterceptorChain.java:37)
	at org.junit.jupiter.engine.execution.ExecutableInvoker.invoke(ExecutableInvoker.java:104)
	at org.junit.jupiter.engine.execution.ExecutableInvoker.invoke(ExecutableInvoker.java:98)
	at org.junit.jupiter.engine.descriptor.TestMethodTestDescriptor.lambda$invokeTestMethod$6(TestMethodTestDescriptor.java:212)
	at org.junit.jupiter.engine.descriptor.TestMethodTestDescriptor$$Lambda$271/224100622.execute(Unknown Source)
	at org.junit.platform.engine.support.hierarchical.ThrowableCollector.execute(ThrowableCollector.java:73)
	at org.junit.jupiter.engine.descriptor.TestMethodTestDescriptor.invokeTestMethod(TestMethodTestDescriptor.java:208)
	at org.junit.jupiter.engine.descriptor.TestMethodTestDescriptor.execute(TestMethodTestDescriptor.java:137)
	at org.junit.jupiter.engine.descriptor.TestMethodTestDescriptor.execute(TestMethodTestDescriptor.java:71)
	at org.junit.platform.engine.support.hierarchical.NodeTestTask.lambda$executeRecursively$5(NodeTestTask.java:135)
	at org.junit.platform.engine.support.hierarchical.NodeTestTask$$Lambda$179/195615004.execute(Unknown Source)
	at org.junit.platform.engine.support.hierarchical.ThrowableCollector.execute(ThrowableCollector.java:73)
	at org.junit.platform.engine.support.hierarchical.NodeTestTask.lambda$executeRecursively$7(NodeTestTask.java:125)
	at org.junit.platform.engine.support.hierarchical.NodeTestTask$$Lambda$178/1890627974.invoke(Unknown Source)
	at org.junit.platform.engine.support.hierarchical.Node.around(Node.java:135)
	at org.junit.platform.engine.support.hierarchical.NodeTestTask.lambda$executeRecursively$8(NodeTestTask.java:123)
	at org.junit.platform.engine.support.hierarchical.NodeTestTask$$Lambda$177/231977479.execute(Unknown Source)
	at org.junit.platform.engine.support.hierarchical.ThrowableCollector.execute(ThrowableCollector.java:73)
	at org.junit.platform.engine.support.hierarchical.NodeTestTask.executeRecursively(NodeTestTask.java:122)
	at org.junit.platform.engine.support.hierarchical.NodeTestTask.execute(NodeTestTask.java:80)
	at org.junit.platform.engine.support.hierarchical.SameThreadHierarchicalTestExecutorService$$Lambda$183/1381713434.accept(Unknown Source)
	at java.util.ArrayList.forEach(ArrayList.java:1249)
	at org.junit.platform.engine.support.hierarchical.SameThreadHierarchicalTestExecutorService.invokeAll(SameThreadHierarchicalTestExecutorService.java:38)
	at org.junit.platform.engine.support.hierarchical.NodeTestTask.lambda$executeRecursively$5(NodeTestTask.java:139)
	at org.junit.platform.engine.support.hierarchical.NodeTestTask$$Lambda$179/195615004.execute(Unknown Source)
	at org.junit.platform.engine.support.hierarchical.ThrowableCollector.execute(ThrowableCollector.java:73)
	at org.junit.platform.engine.support.hierarchical.NodeTestTask.lambda$executeRecursively$7(NodeTestTask.java:125)
	at org.junit.platform.engine.support.hierarchical.NodeTestTask$$Lambda$178/1890627974.invoke(Unknown Source)
	at org.junit.platform.engine.support.hierarchical.Node.around(Node.java:135)
	at org.junit.platform.engine.support.hierarchical.NodeTestTask.lambda$executeRecursively$8(NodeTestTask.java:123)
	at org.junit.platform.engine.support.hierarchical.NodeTestTask$$Lambda$177/231977479.execute(Unknown Source)
	at org.junit.platform.engine.support.hierarchical.ThrowableCollector.execute(ThrowableCollector.java:73)
	at org.junit.platform.engine.support.hierarchical.NodeTestTask.executeRecursively(NodeTestTask.java:122)
	at org.junit.platform.engine.support.hierarchical.NodeTestTask.execute(NodeTestTask.java:80)
	at org.junit.platform.engine.support.hierarchical.SameThreadHierarchicalTestExecutorService$$Lambda$183/1381713434.accept(Unknown Source)
	at java.util.ArrayList.forEach(ArrayList.java:1249)
	at org.junit.platform.engine.support.hierarchical.SameThreadHierarchicalTestExecutorService.invokeAll(SameThreadHierarchicalTestExecutorService.java:38)
	at org.junit.platform.engine.support.hierarchical.NodeTestTask.lambda$executeRecursively$5(NodeTestTask.java:139)
	at org.junit.platform.engine.support.hierarchical.NodeTestTask$$Lambda$179/195615004.execute(Unknown Source)
	at org.junit.platform.engine.support.hierarchical.ThrowableCollector.execute(ThrowableCollector.java:73)
	at org.junit.platform.engine.support.hierarchical.NodeTestTask.lambda$executeRecursively$7(NodeTestTask.java:125)
	at org.junit.platform.engine.support.hierarchical.NodeTestTask$$Lambda$178/1890627974.invoke(Unknown Source)
	at org.junit.platform.engine.support.hierarchical.Node.around(Node.java:135)
	at org.junit.platform.engine.support.hierarchical.NodeTestTask.lambda$executeRecursively$8(NodeTestTask.java:123)
	at org.junit.platform.engine.support.hierarchical.NodeTestTask$$Lambda$177/231977479.execute(Unknown Source)
	at org.junit.platform.engine.support.hierarchical.ThrowableCollector.execute(ThrowableCollector.java:73)
	at org.junit.platform.engine.support.hierarchical.NodeTestTask.executeRecursively(NodeTestTask.java:122)
	at org.junit.platform.engine.support.hierarchical.NodeTestTask.execute(NodeTestTask.java:80)
	at org.junit.platform.engine.support.hierarchical.SameThreadHierarchicalTestExecutorService.submit(SameThreadHierarchicalTestExecutorService.java:32)
	at org.junit.platform.engine.support.hierarchical.HierarchicalTestExecutor.execute(HierarchicalTestExecutor.java:57)
	at org.junit.platform.engine.support.hierarchical.HierarchicalTestEngine.execute(HierarchicalTestEngine.java:51)
	at org.junit.platform.launcher.core.DefaultLauncher.execute(DefaultLauncher.java:248)
	at org.junit.platform.launcher.core.DefaultLauncher.lambda$execute$5(DefaultLauncher.java:211)
	at org.junit.platform.launcher.core.DefaultLauncher$$Lambda$143/233996206.accept(Unknown Source)
	at org.junit.platform.launcher.core.DefaultLauncher.withInterceptedStreams(DefaultLauncher.java:226)
	at org.junit.platform.launcher.core.DefaultLauncher.execute(DefaultLauncher.java:199)
	at org.junit.platform.launcher.core.DefaultLauncher.execute(DefaultLauncher.java:132)
	at org.apache.maven.surefire.junitplatform.JUnitPlatformProvider.invokeAllTests(JUnitPlatformProvider.java:142)
	at org.apache.maven.surefire.junitplatform.JUnitPlatformProvider.invoke(JUnitPlatformProvider.java:113)
	at org.apache.maven.surefire.booter.ForkedBooter.invokeProviderInSameClassLoader(ForkedBooter.java:384)
	at org.apache.maven.surefire.booter.ForkedBooter.runSuitesInProcess(ForkedBooter.java:345)
	at org.apache.maven.surefire.booter.ForkedBooter.execute(ForkedBooter.java:126)
	at org.apache.maven.surefire.booter.ForkedBooter.main(ForkedBooter.java:418)
2021-11-08 11:16:02,003 [myid:] - INFO  [main:FourLetterWordMain@94] - connecting to 127.0.0.1 30140
2021-11-08 11:16:02,004 [myid:1] - WARN  [nioEventLoopGroup-59-12:NettyServerCnxnFactory$CnxnChannelHandler@231] - Zookeeper server is not running, close the connection before starting the TLS handshake
2021-11-08 11:16:02,269 [myid:] - INFO  [main:FourLetterWordMain@94] - connecting to 127.0.0.1 30140
2021-11-08 11:16:02,271 [myid:1] - WARN  [nioEventLoopGroup-59-1:NettyServerCnxnFactory$CnxnChannelHandler@231] - Zookeeper server is not running, close the connection before starting the TLS handshake
2021-11-08 11:16:02,537 [myid:] - INFO  [main:FourLetterWordMain@94] - connecting to 127.0.0.1 30140
2021-11-08 11:16:02,538 [myid:1] - WARN  [nioEventLoopGroup-59-2:NettyServerCnxnFactory$CnxnChannelHandler@231] - Zookeeper server is not running, close the connection before starting the TLS handshake
2021-11-08 11:16:02,790 [myid:] - INFO  [main:FourLetterWordMain@94] - connecting to 127.0.0.1 30140
2021-11-08 11:16:02,792 [myid:1] - WARN  [nioEventLoopGroup-59-3:NettyServerCnxnFactory$CnxnChannelHandler@231] - Zookeeper server is not running, close the connection before starting the TLS handshake
2021-11-08 11:16:03,043 [myid:] - INFO  [main:FourLetterWordMain@94] - connecting to 127.0.0.1 30140
2021-11-08 11:16:03,044 [myid:1] - WARN  [nioEventLoopGroup-59-4:NettyServerCnxnFactory$CnxnChannelHandler@231] - Zookeeper server is not running, close the connection before starting the TLS handshake
2021-11-08 11:16:03,309 [myid:] - INFO  [main:FourLetterWordMain@94] - connecting to 127.0.0.1 30140
2021-11-08 11:16:03,310 [myid:1] - WARN  [nioEventLoopGroup-59-5:NettyServerCnxnFactory$CnxnChannelHandler@231] - Zookeeper server is not running, close the connection before starting the TLS handshake
2021-11-08 11:16:03,574 [myid:] - INFO  [main:FourLetterWordMain@94] - connecting to 127.0.0.1 30140
2021-11-08 11:16:03,575 [myid:1] - WARN  [nioEventLoopGroup-59-6:NettyServerCnxnFactory$CnxnChannelHandler@231] - Zookeeper server is not running, close the connection before starting the TLS handshake
2021-11-08 11:16:03,828 [myid:] - INFO  [main:FourLetterWordMain@94] - connecting to 127.0.0.1 30140
2021-11-08 11:16:03,829 [myid:1] - WARN  [nioEventLoopGroup-59-7:NettyServerCnxnFactory$CnxnChannelHandler@231] - Zookeeper server is not running, close the connection before starting the TLS handshake
2021-11-08 11:16:04,091 [myid:] - INFO  [main:FourLetterWordMain@94] - connecting to 127.0.0.1 30140
2021-11-08 11:16:04,091 [myid:1] - WARN  [nioEventLoopGroup-59-8:NettyServerCnxnFactory$CnxnChannelHandler@231] - Zookeeper server is not running, close the connection before starting the TLS handshake
2021-11-08 11:16:04,344 [myid:] - INFO  [main:FourLetterWordMain@94] - connecting to 127.0.0.1 30140
2021-11-08 11:16:04,345 [myid:1] - WARN  [nioEventLoopGroup-59-9:NettyServerCnxnFactory$CnxnChannelHandler@231] - Zookeeper server is not running, close the connection before starting the TLS handshake
2021-11-08 11:16:04,360 [myid:] - INFO  [main:ClientBase@267] - server 127.0.0.1:30140 not up
java.net.SocketException: Software caused connection abort: recv failed
	at java.net.SocketInputStream.socketRead0(Native Method)
	at java.net.SocketInputStream.read(SocketInputStream.java:150)
	at java.net.SocketInputStream.read(SocketInputStream.java:121)
	at sun.nio.cs.StreamDecoder.readBytes(StreamDecoder.java:284)
	at sun.nio.cs.StreamDecoder.implRead(StreamDecoder.java:326)
	at sun.nio.cs.StreamDecoder.read(StreamDecoder.java:178)
	at java.io.InputStreamReader.read(InputStreamReader.java:184)
	at java.io.BufferedReader.fill(BufferedReader.java:161)
	at java.io.BufferedReader.readLine(BufferedReader.java:324)
	at java.io.BufferedReader.readLine(BufferedReader.java:389)
	at org.apache.zookeeper.client.FourLetterWordMain.send4LetterWord(FourLetterWordMain.java:129)
	at org.apache.zookeeper.client.FourLetterWordMain.send4LetterWord(FourLetterWordMain.java:74)
	at org.apache.zookeeper.test.ClientBase.waitForServerUp(ClientBase.java:258)
	at org.apache.zookeeper.test.ClientBase.waitForServerUp(ClientBase.java:249)
	at org.apache.zookeeper.server.quorum.QuorumSSLTest.testHostnameVerification(QuorumSSLTest.java:671)
	at org.apache.zookeeper.server.quorum.QuorumSSLTest.testHostnameVerificationWithInvalidHostname(QuorumSSLTest.java:566)
	at sun.reflect.NativeMethodAccessorImpl.invoke0(Native Method)
	at sun.reflect.NativeMethodAccessorImpl.invoke(NativeMethodAccessorImpl.java:62)
	at sun.reflect.DelegatingMethodAccessorImpl.invoke(DelegatingMethodAccessorImpl.java:43)
	at java.lang.reflect.Method.invoke(Method.java:483)
	at org.junit.platform.commons.util.ReflectionUtils.invokeMethod(ReflectionUtils.java:686)
	at org.junit.jupiter.engine.execution.MethodInvocation.proceed(MethodInvocation.java:60)
	at org.junit.jupiter.engine.execution.InvocationInterceptorChain$ValidatingInvocation.proceed(InvocationInterceptorChain.java:131)
	at org.junit.jupiter.engine.extension.TimeoutInvocation.proceed(TimeoutInvocation.java:46)
	at org.junit.jupiter.engine.extension.TimeoutExtension.intercept(TimeoutExtension.java:149)
	at org.junit.jupiter.engine.extension.TimeoutExtension.interceptTestableMethod(TimeoutExtension.java:140)
	at org.junit.jupiter.engine.extension.TimeoutExtension.interceptTestMethod(TimeoutExtension.java:84)
	at org.junit.jupiter.engine.descriptor.TestMethodTestDescriptor$$Lambda$111/1780132728.apply(Unknown Source)
	at org.junit.jupiter.engine.execution.ExecutableInvoker$ReflectiveInterceptorCall.lambda$ofVoidMethod$0(ExecutableInvoker.java:115)
	at org.junit.jupiter.engine.execution.ExecutableInvoker$ReflectiveInterceptorCall$$Lambda$112/1725017993.apply(Unknown Source)
	at org.junit.jupiter.engine.execution.ExecutableInvoker.lambda$invoke$0(ExecutableInvoker.java:105)
	at org.junit.jupiter.engine.execution.ExecutableInvoker$$Lambda$234/64133603.apply(Unknown Source)
	at org.junit.jupiter.engine.execution.InvocationInterceptorChain$InterceptedInvocation.proceed(InvocationInterceptorChain.java:106)
	at org.junit.jupiter.engine.execution.InvocationInterceptorChain.proceed(InvocationInterceptorChain.java:64)
	at org.junit.jupiter.engine.execution.InvocationInterceptorChain.chainAndInvoke(InvocationInterceptorChain.java:45)
	at org.junit.jupiter.engine.execution.InvocationInterceptorChain.invoke(InvocationInterceptorChain.java:37)
	at org.junit.jupiter.engine.execution.ExecutableInvoker.invoke(ExecutableInvoker.java:104)
	at org.junit.jupiter.engine.execution.ExecutableInvoker.invoke(ExecutableInvoker.java:98)
	at org.junit.jupiter.engine.descriptor.TestMethodTestDescriptor.lambda$invokeTestMethod$6(TestMethodTestDescriptor.java:212)
	at org.junit.jupiter.engine.descriptor.TestMethodTestDescriptor$$Lambda$271/224100622.execute(Unknown Source)
	at org.junit.platform.engine.support.hierarchical.ThrowableCollector.execute(ThrowableCollector.java:73)
	at org.junit.jupiter.engine.descriptor.TestMethodTestDescriptor.invokeTestMethod(TestMethodTestDescriptor.java:208)
	at org.junit.jupiter.engine.descriptor.TestMethodTestDescriptor.execute(TestMethodTestDescriptor.java:137)
	at org.junit.jupiter.engine.descriptor.TestMethodTestDescriptor.execute(TestMethodTestDescriptor.java:71)
	at org.junit.platform.engine.support.hierarchical.NodeTestTask.lambda$executeRecursively$5(NodeTestTask.java:135)
	at org.junit.platform.engine.support.hierarchical.NodeTestTask$$Lambda$179/195615004.execute(Unknown Source)
	at org.junit.platform.engine.support.hierarchical.ThrowableCollector.execute(ThrowableCollector.java:73)
	at org.junit.platform.engine.support.hierarchical.NodeTestTask.lambda$executeRecursively$7(NodeTestTask.java:125)
	at org.junit.platform.engine.support.hierarchical.NodeTestTask$$Lambda$178/1890627974.invoke(Unknown Source)
	at org.junit.platform.engine.support.hierarchical.Node.around(Node.java:135)
	at org.junit.platform.engine.support.hierarchical.NodeTestTask.lambda$executeRecursively$8(NodeTestTask.java:123)
	at org.junit.platform.engine.support.hierarchical.NodeTestTask$$Lambda$177/231977479.execute(Unknown Source)
	at org.junit.platform.engine.support.hierarchical.ThrowableCollector.execute(ThrowableCollector.java:73)
	at org.junit.platform.engine.support.hierarchical.NodeTestTask.executeRecursively(NodeTestTask.java:122)
	at org.junit.platform.engine.support.hierarchical.NodeTestTask.execute(NodeTestTask.java:80)
	at org.junit.platform.engine.support.hierarchical.SameThreadHierarchicalTestExecutorService$$Lambda$183/1381713434.accept(Unknown Source)
	at java.util.ArrayList.forEach(ArrayList.java:1249)
	at org.junit.platform.engine.support.hierarchical.SameThreadHierarchicalTestExecutorService.invokeAll(SameThreadHierarchicalTestExecutorService.java:38)
	at org.junit.platform.engine.support.hierarchical.NodeTestTask.lambda$executeRecursively$5(NodeTestTask.java:139)
	at org.junit.platform.engine.support.hierarchical.NodeTestTask$$Lambda$179/195615004.execute(Unknown Source)
	at org.junit.platform.engine.support.hierarchical.ThrowableCollector.execute(ThrowableCollector.java:73)
	at org.junit.platform.engine.support.hierarchical.NodeTestTask.lambda$executeRecursively$7(NodeTestTask.java:125)
	at org.junit.platform.engine.support.hierarchical.NodeTestTask$$Lambda$178/1890627974.invoke(Unknown Source)
	at org.junit.platform.engine.support.hierarchical.Node.around(Node.java:135)
	at org.junit.platform.engine.support.hierarchical.NodeTestTask.lambda$executeRecursively$8(NodeTestTask.java:123)
	at org.junit.platform.engine.support.hierarchical.NodeTestTask$$Lambda$177/231977479.execute(Unknown Source)
	at org.junit.platform.engine.support.hierarchical.ThrowableCollector.execute(ThrowableCollector.java:73)
	at org.junit.platform.engine.support.hierarchical.NodeTestTask.executeRecursively(NodeTestTask.java:122)
	at org.junit.platform.engine.support.hierarchical.NodeTestTask.execute(NodeTestTask.java:80)
	at org.junit.platform.engine.support.hierarchical.SameThreadHierarchicalTestExecutorService$$Lambda$183/1381713434.accept(Unknown Source)
	at java.util.ArrayList.forEach(ArrayList.java:1249)
	at org.junit.platform.engine.support.hierarchical.SameThreadHierarchicalTestExecutorService.invokeAll(SameThreadHierarchicalTestExecutorService.java:38)
	at org.junit.platform.engine.support.hierarchical.NodeTestTask.lambda$executeRecursively$5(NodeTestTask.java:139)
	at org.junit.platform.engine.support.hierarchical.NodeTestTask$$Lambda$179/195615004.execute(Unknown Source)
	at org.junit.platform.engine.support.hierarchical.ThrowableCollector.execute(ThrowableCollector.java:73)
	at org.junit.platform.engine.support.hierarchical.NodeTestTask.lambda$executeRecursively$7(NodeTestTask.java:125)
	at org.junit.platform.engine.support.hierarchical.NodeTestTask$$Lambda$178/1890627974.invoke(Unknown Source)
	at org.junit.platform.engine.support.hierarchical.Node.around(Node.java:135)
	at org.junit.platform.engine.support.hierarchical.NodeTestTask.lambda$executeRecursively$8(NodeTestTask.java:123)
	at org.junit.platform.engine.support.hierarchical.NodeTestTask$$Lambda$177/231977479.execute(Unknown Source)
	at org.junit.platform.engine.support.hierarchical.ThrowableCollector.execute(ThrowableCollector.java:73)
	at org.junit.platform.engine.support.hierarchical.NodeTestTask.executeRecursively(NodeTestTask.java:122)
	at org.junit.platform.engine.support.hierarchical.NodeTestTask.execute(NodeTestTask.java:80)
	at org.junit.platform.engine.support.hierarchical.SameThreadHierarchicalTestExecutorService.submit(SameThreadHierarchicalTestExecutorService.java:32)
	at org.junit.platform.engine.support.hierarchical.HierarchicalTestExecutor.execute(HierarchicalTestExecutor.java:57)
	at org.junit.platform.engine.support.hierarchical.HierarchicalTestEngine.execute(HierarchicalTestEngine.java:51)
	at org.junit.platform.launcher.core.DefaultLauncher.execute(DefaultLauncher.java:248)
	at org.junit.platform.launcher.core.DefaultLauncher.lambda$execute$5(DefaultLauncher.java:211)
	at org.junit.platform.launcher.core.DefaultLauncher$$Lambda$143/233996206.accept(Unknown Source)
	at org.junit.platform.launcher.core.DefaultLauncher.withInterceptedStreams(DefaultLauncher.java:226)
	at org.junit.platform.launcher.core.DefaultLauncher.execute(DefaultLauncher.java:199)
	at org.junit.platform.launcher.core.DefaultLauncher.execute(DefaultLauncher.java:132)
	at org.apache.maven.surefire.junitplatform.JUnitPlatformProvider.invokeAllTests(JUnitPlatformProvider.java:142)
	at org.apache.maven.surefire.junitplatform.JUnitPlatformProvider.invoke(JUnitPlatformProvider.java:113)
	at org.apache.maven.surefire.booter.ForkedBooter.invokeProviderInSameClassLoader(ForkedBooter.java:384)
	at org.apache.maven.surefire.booter.ForkedBooter.runSuitesInProcess(ForkedBooter.java:345)
	at org.apache.maven.surefire.booter.ForkedBooter.execute(ForkedBooter.java:126)
	at org.apache.maven.surefire.booter.ForkedBooter.main(ForkedBooter.java:418)
2021-11-08 11:16:04,614 [myid:] - INFO  [main:FourLetterWordMain@94] - connecting to 127.0.0.1 30140
2021-11-08 11:16:04,615 [myid:1] - WARN  [nioEventLoopGroup-59-10:NettyServerCnxnFactory$CnxnChannelHandler@231] - Zookeeper server is not running, close the connection before starting the TLS handshake
2021-11-08 11:16:04,880 [myid:] - INFO  [main:FourLetterWordMain@94] - connecting to 127.0.0.1 30140
2021-11-08 11:16:04,880 [myid:1] - WARN  [nioEventLoopGroup-59-11:NettyServerCnxnFactory$CnxnChannelHandler@231] - Zookeeper server is not running, close the connection before starting the TLS handshake
2021-11-08 11:16:05,145 [myid:] - INFO  [main:FourLetterWordMain@94] - connecting to 127.0.0.1 30140
2021-11-08 11:16:05,145 [myid:1] - WARN  [nioEventLoopGroup-59-12:NettyServerCnxnFactory$CnxnChannelHandler@231] - Zookeeper server is not running, close the connection before starting the TLS handshake
2021-11-08 11:16:05,397 [myid:] - INFO  [main:FourLetterWordMain@94] - connecting to 127.0.0.1 30140
2021-11-08 11:16:05,397 [myid:1] - WARN  [nioEventLoopGroup-59-1:NettyServerCnxnFactory$CnxnChannelHandler@231] - Zookeeper server is not running, close the connection before starting the TLS handshake
2021-11-08 11:16:05,661 [myid:] - INFO  [main:FourLetterWordMain@94] - connecting to 127.0.0.1 30140
2021-11-08 11:16:05,662 [myid:1] - WARN  [nioEventLoopGroup-59-2:NettyServerCnxnFactory$CnxnChannelHandler@231] - Zookeeper server is not running, close the connection before starting the TLS handshake
2021-11-08 11:16:05,928 [myid:] - INFO  [main:FourLetterWordMain@94] - connecting to 127.0.0.1 30140
2021-11-08 11:16:05,928 [myid:1] - WARN  [nioEventLoopGroup-59-3:NettyServerCnxnFactory$CnxnChannelHandler@231] - Zookeeper server is not running, close the connection before starting the TLS handshake
2021-11-08 11:16:06,191 [myid:] - INFO  [main:FourLetterWordMain@94] - connecting to 127.0.0.1 30140
2021-11-08 11:16:06,191 [myid:1] - WARN  [nioEventLoopGroup-59-4:NettyServerCnxnFactory$CnxnChannelHandler@231] - Zookeeper server is not running, close the connection before starting the TLS handshake
2021-11-08 11:16:06,455 [myid:] - INFO  [main:FourLetterWordMain@94] - connecting to 127.0.0.1 30140
2021-11-08 11:16:06,456 [myid:1] - WARN  [nioEventLoopGroup-59-5:NettyServerCnxnFactory$CnxnChannelHandler@231] - Zookeeper server is not running, close the connection before starting the TLS handshake
2021-11-08 11:16:06,471 [myid:] - INFO  [main:ClientBase@267] - server 127.0.0.1:30140 not up
java.net.SocketException: Software caused connection abort: recv failed
	at java.net.SocketInputStream.socketRead0(Native Method)
	at java.net.SocketInputStream.read(SocketInputStream.java:150)
	at java.net.SocketInputStream.read(SocketInputStream.java:121)
	at sun.nio.cs.StreamDecoder.readBytes(StreamDecoder.java:284)
	at sun.nio.cs.StreamDecoder.implRead(StreamDecoder.java:326)
	at sun.nio.cs.StreamDecoder.read(StreamDecoder.java:178)
	at java.io.InputStreamReader.read(InputStreamReader.java:184)
	at java.io.BufferedReader.fill(BufferedReader.java:161)
	at java.io.BufferedReader.readLine(BufferedReader.java:324)
	at java.io.BufferedReader.readLine(BufferedReader.java:389)
	at org.apache.zookeeper.client.FourLetterWordMain.send4LetterWord(FourLetterWordMain.java:129)
	at org.apache.zookeeper.client.FourLetterWordMain.send4LetterWord(FourLetterWordMain.java:74)
	at org.apache.zookeeper.test.ClientBase.waitForServerUp(ClientBase.java:258)
	at org.apache.zookeeper.test.ClientBase.waitForServerUp(ClientBase.java:249)
	at org.apache.zookeeper.server.quorum.QuorumSSLTest.testHostnameVerification(QuorumSSLTest.java:671)
	at org.apache.zookeeper.server.quorum.QuorumSSLTest.testHostnameVerificationWithInvalidHostname(QuorumSSLTest.java:566)
	at sun.reflect.NativeMethodAccessorImpl.invoke0(Native Method)
	at sun.reflect.NativeMethodAccessorImpl.invoke(NativeMethodAccessorImpl.java:62)
	at sun.reflect.DelegatingMethodAccessorImpl.invoke(DelegatingMethodAccessorImpl.java:43)
	at java.lang.reflect.Method.invoke(Method.java:483)
	at org.junit.platform.commons.util.ReflectionUtils.invokeMethod(ReflectionUtils.java:686)
	at org.junit.jupiter.engine.execution.MethodInvocation.proceed(MethodInvocation.java:60)
	at org.junit.jupiter.engine.execution.InvocationInterceptorChain$ValidatingInvocation.proceed(InvocationInterceptorChain.java:131)
	at org.junit.jupiter.engine.extension.TimeoutInvocation.proceed(TimeoutInvocation.java:46)
	at org.junit.jupiter.engine.extension.TimeoutExtension.intercept(TimeoutExtension.java:149)
	at org.junit.jupiter.engine.extension.TimeoutExtension.interceptTestableMethod(TimeoutExtension.java:140)
	at org.junit.jupiter.engine.extension.TimeoutExtension.interceptTestMethod(TimeoutExtension.java:84)
	at org.junit.jupiter.engine.descriptor.TestMethodTestDescriptor$$Lambda$111/1780132728.apply(Unknown Source)
	at org.junit.jupiter.engine.execution.ExecutableInvoker$ReflectiveInterceptorCall.lambda$ofVoidMethod$0(ExecutableInvoker.java:115)
	at org.junit.jupiter.engine.execution.ExecutableInvoker$ReflectiveInterceptorCall$$Lambda$112/1725017993.apply(Unknown Source)
	at org.junit.jupiter.engine.execution.ExecutableInvoker.lambda$invoke$0(ExecutableInvoker.java:105)
	at org.junit.jupiter.engine.execution.ExecutableInvoker$$Lambda$234/64133603.apply(Unknown Source)
	at org.junit.jupiter.engine.execution.InvocationInterceptorChain$InterceptedInvocation.proceed(InvocationInterceptorChain.java:106)
	at org.junit.jupiter.engine.execution.InvocationInterceptorChain.proceed(InvocationInterceptorChain.java:64)
	at org.junit.jupiter.engine.execution.InvocationInterceptorChain.chainAndInvoke(InvocationInterceptorChain.java:45)
	at org.junit.jupiter.engine.execution.InvocationInterceptorChain.invoke(InvocationInterceptorChain.java:37)
	at org.junit.jupiter.engine.execution.ExecutableInvoker.invoke(ExecutableInvoker.java:104)
	at org.junit.jupiter.engine.execution.ExecutableInvoker.invoke(ExecutableInvoker.java:98)
	at org.junit.jupiter.engine.descriptor.TestMethodTestDescriptor.lambda$invokeTestMethod$6(TestMethodTestDescriptor.java:212)
	at org.junit.jupiter.engine.descriptor.TestMethodTestDescriptor$$Lambda$271/224100622.execute(Unknown Source)
	at org.junit.platform.engine.support.hierarchical.ThrowableCollector.execute(ThrowableCollector.java:73)
	at org.junit.jupiter.engine.descriptor.TestMethodTestDescriptor.invokeTestMethod(TestMethodTestDescriptor.java:208)
	at org.junit.jupiter.engine.descriptor.TestMethodTestDescriptor.execute(TestMethodTestDescriptor.java:137)
	at org.junit.jupiter.engine.descriptor.TestMethodTestDescriptor.execute(TestMethodTestDescriptor.java:71)
	at org.junit.platform.engine.support.hierarchical.NodeTestTask.lambda$executeRecursively$5(NodeTestTask.java:135)
	at org.junit.platform.engine.support.hierarchical.NodeTestTask$$Lambda$179/195615004.execute(Unknown Source)
	at org.junit.platform.engine.support.hierarchical.ThrowableCollector.execute(ThrowableCollector.java:73)
	at org.junit.platform.engine.support.hierarchical.NodeTestTask.lambda$executeRecursively$7(NodeTestTask.java:125)
	at org.junit.platform.engine.support.hierarchical.NodeTestTask$$Lambda$178/1890627974.invoke(Unknown Source)
	at org.junit.platform.engine.support.hierarchical.Node.around(Node.java:135)
	at org.junit.platform.engine.support.hierarchical.NodeTestTask.lambda$executeRecursively$8(NodeTestTask.java:123)
	at org.junit.platform.engine.support.hierarchical.NodeTestTask$$Lambda$177/231977479.execute(Unknown Source)
	at org.junit.platform.engine.support.hierarchical.ThrowableCollector.execute(ThrowableCollector.java:73)
	at org.junit.platform.engine.support.hierarchical.NodeTestTask.executeRecursively(NodeTestTask.java:122)
	at org.junit.platform.engine.support.hierarchical.NodeTestTask.execute(NodeTestTask.java:80)
	at org.junit.platform.engine.support.hierarchical.SameThreadHierarchicalTestExecutorService$$Lambda$183/1381713434.accept(Unknown Source)
	at java.util.ArrayList.forEach(ArrayList.java:1249)
	at org.junit.platform.engine.support.hierarchical.SameThreadHierarchicalTestExecutorService.invokeAll(SameThreadHierarchicalTestExecutorService.java:38)
	at org.junit.platform.engine.support.hierarchical.NodeTestTask.lambda$executeRecursively$5(NodeTestTask.java:139)
	at org.junit.platform.engine.support.hierarchical.NodeTestTask$$Lambda$179/195615004.execute(Unknown Source)
	at org.junit.platform.engine.support.hierarchical.ThrowableCollector.execute(ThrowableCollector.java:73)
	at org.junit.platform.engine.support.hierarchical.NodeTestTask.lambda$executeRecursively$7(NodeTestTask.java:125)
	at org.junit.platform.engine.support.hierarchical.NodeTestTask$$Lambda$178/1890627974.invoke(Unknown Source)
	at org.junit.platform.engine.support.hierarchical.Node.around(Node.java:135)
	at org.junit.platform.engine.support.hierarchical.NodeTestTask.lambda$executeRecursively$8(NodeTestTask.java:123)
	at org.junit.platform.engine.support.hierarchical.NodeTestTask$$Lambda$177/231977479.execute(Unknown Source)
	at org.junit.platform.engine.support.hierarchical.ThrowableCollector.execute(ThrowableCollector.java:73)
	at org.junit.platform.engine.support.hierarchical.NodeTestTask.executeRecursively(NodeTestTask.java:122)
	at org.junit.platform.engine.support.hierarchical.NodeTestTask.execute(NodeTestTask.java:80)
	at org.junit.platform.engine.support.hierarchical.SameThreadHierarchicalTestExecutorService$$Lambda$183/1381713434.accept(Unknown Source)
	at java.util.ArrayList.forEach(ArrayList.java:1249)
	at org.junit.platform.engine.support.hierarchical.SameThreadHierarchicalTestExecutorService.invokeAll(SameThreadHierarchicalTestExecutorService.java:38)
	at org.junit.platform.engine.support.hierarchical.NodeTestTask.lambda$executeRecursively$5(NodeTestTask.java:139)
	at org.junit.platform.engine.support.hierarchical.NodeTestTask$$Lambda$179/195615004.execute(Unknown Source)
	at org.junit.platform.engine.support.hierarchical.ThrowableCollector.execute(ThrowableCollector.java:73)
	at org.junit.platform.engine.support.hierarchical.NodeTestTask.lambda$executeRecursively$7(NodeTestTask.java:125)
	at org.junit.platform.engine.support.hierarchical.NodeTestTask$$Lambda$178/1890627974.invoke(Unknown Source)
	at org.junit.platform.engine.support.hierarchical.Node.around(Node.java:135)
	at org.junit.platform.engine.support.hierarchical.NodeTestTask.lambda$executeRecursively$8(NodeTestTask.java:123)
	at org.junit.platform.engine.support.hierarchical.NodeTestTask$$Lambda$177/231977479.execute(Unknown Source)
	at org.junit.platform.engine.support.hierarchical.ThrowableCollector.execute(ThrowableCollector.java:73)
	at org.junit.platform.engine.support.hierarchical.NodeTestTask.executeRecursively(NodeTestTask.java:122)
	at org.junit.platform.engine.support.hierarchical.NodeTestTask.execute(NodeTestTask.java:80)
	at org.junit.platform.engine.support.hierarchical.SameThreadHierarchicalTestExecutorService.submit(SameThreadHierarchicalTestExecutorService.java:32)
	at org.junit.platform.engine.support.hierarchical.HierarchicalTestExecutor.execute(HierarchicalTestExecutor.java:57)
	at org.junit.platform.engine.support.hierarchical.HierarchicalTestEngine.execute(HierarchicalTestEngine.java:51)
	at org.junit.platform.launcher.core.DefaultLauncher.execute(DefaultLauncher.java:248)
	at org.junit.platform.launcher.core.DefaultLauncher.lambda$execute$5(DefaultLauncher.java:211)
	at org.junit.platform.launcher.core.DefaultLauncher$$Lambda$143/233996206.accept(Unknown Source)
	at org.junit.platform.launcher.core.DefaultLauncher.withInterceptedStreams(DefaultLauncher.java:226)
	at org.junit.platform.launcher.core.DefaultLauncher.execute(DefaultLauncher.java:199)
	at org.junit.platform.launcher.core.DefaultLauncher.execute(DefaultLauncher.java:132)
	at org.apache.maven.surefire.junitplatform.JUnitPlatformProvider.invokeAllTests(JUnitPlatformProvider.java:142)
	at org.apache.maven.surefire.junitplatform.JUnitPlatformProvider.invoke(JUnitPlatformProvider.java:113)
	at org.apache.maven.surefire.booter.ForkedBooter.invokeProviderInSameClassLoader(ForkedBooter.java:384)
	at org.apache.maven.surefire.booter.ForkedBooter.runSuitesInProcess(ForkedBooter.java:345)
	at org.apache.maven.surefire.booter.ForkedBooter.execute(ForkedBooter.java:126)
	at org.apache.maven.surefire.booter.ForkedBooter.main(ForkedBooter.java:418)
2021-11-08 11:16:06,726 [myid:] - INFO  [main:FourLetterWordMain@94] - connecting to 127.0.0.1 30140
2021-11-08 11:16:06,726 [myid:1] - WARN  [nioEventLoopGroup-59-6:NettyServerCnxnFactory$CnxnChannelHandler@231] - Zookeeper server is not running, close the connection before starting the TLS handshake
2021-11-08 11:16:06,990 [myid:] - INFO  [main:FourLetterWordMain@94] - connecting to 127.0.0.1 30140
2021-11-08 11:16:06,990 [myid:1] - WARN  [nioEventLoopGroup-59-7:NettyServerCnxnFactory$CnxnChannelHandler@231] - Zookeeper server is not running, close the connection before starting the TLS handshake
2021-11-08 11:16:07,005 [myid:] - INFO  [main:ClientBase@267] - server 127.0.0.1:30140 not up
java.net.SocketException: Software caused connection abort: recv failed
	at java.net.SocketInputStream.socketRead0(Native Method)
	at java.net.SocketInputStream.read(SocketInputStream.java:150)
	at java.net.SocketInputStream.read(SocketInputStream.java:121)
	at sun.nio.cs.StreamDecoder.readBytes(StreamDecoder.java:284)
	at sun.nio.cs.StreamDecoder.implRead(StreamDecoder.java:326)
	at sun.nio.cs.StreamDecoder.read(StreamDecoder.java:178)
	at java.io.InputStreamReader.read(InputStreamReader.java:184)
	at java.io.BufferedReader.fill(BufferedReader.java:161)
	at java.io.BufferedReader.readLine(BufferedReader.java:324)
	at java.io.BufferedReader.readLine(BufferedReader.java:389)
	at org.apache.zookeeper.client.FourLetterWordMain.send4LetterWord(FourLetterWordMain.java:129)
	at org.apache.zookeeper.client.FourLetterWordMain.send4LetterWord(FourLetterWordMain.java:74)
	at org.apache.zookeeper.test.ClientBase.waitForServerUp(ClientBase.java:258)
	at org.apache.zookeeper.test.ClientBase.waitForServerUp(ClientBase.java:249)
	at org.apache.zookeeper.server.quorum.QuorumSSLTest.testHostnameVerification(QuorumSSLTest.java:671)
	at org.apache.zookeeper.server.quorum.QuorumSSLTest.testHostnameVerificationWithInvalidHostname(QuorumSSLTest.java:566)
	at sun.reflect.NativeMethodAccessorImpl.invoke0(Native Method)
	at sun.reflect.NativeMethodAccessorImpl.invoke(NativeMethodAccessorImpl.java:62)
	at sun.reflect.DelegatingMethodAccessorImpl.invoke(DelegatingMethodAccessorImpl.java:43)
	at java.lang.reflect.Method.invoke(Method.java:483)
	at org.junit.platform.commons.util.ReflectionUtils.invokeMethod(ReflectionUtils.java:686)
	at org.junit.jupiter.engine.execution.MethodInvocation.proceed(MethodInvocation.java:60)
	at org.junit.jupiter.engine.execution.InvocationInterceptorChain$ValidatingInvocation.proceed(InvocationInterceptorChain.java:131)
	at org.junit.jupiter.engine.extension.TimeoutInvocation.proceed(TimeoutInvocation.java:46)
	at org.junit.jupiter.engine.extension.TimeoutExtension.intercept(TimeoutExtension.java:149)
	at org.junit.jupiter.engine.extension.TimeoutExtension.interceptTestableMethod(TimeoutExtension.java:140)
	at org.junit.jupiter.engine.extension.TimeoutExtension.interceptTestMethod(TimeoutExtension.java:84)
	at org.junit.jupiter.engine.descriptor.TestMethodTestDescriptor$$Lambda$111/1780132728.apply(Unknown Source)
	at org.junit.jupiter.engine.execution.ExecutableInvoker$ReflectiveInterceptorCall.lambda$ofVoidMethod$0(ExecutableInvoker.java:115)
	at org.junit.jupiter.engine.execution.ExecutableInvoker$ReflectiveInterceptorCall$$Lambda$112/1725017993.apply(Unknown Source)
	at org.junit.jupiter.engine.execution.ExecutableInvoker.lambda$invoke$0(ExecutableInvoker.java:105)
	at org.junit.jupiter.engine.execution.ExecutableInvoker$$Lambda$234/64133603.apply(Unknown Source)
	at org.junit.jupiter.engine.execution.InvocationInterceptorChain$InterceptedInvocation.proceed(InvocationInterceptorChain.java:106)
	at org.junit.jupiter.engine.execution.InvocationInterceptorChain.proceed(InvocationInterceptorChain.java:64)
	at org.junit.jupiter.engine.execution.InvocationInterceptorChain.chainAndInvoke(InvocationInterceptorChain.java:45)
	at org.junit.jupiter.engine.execution.InvocationInterceptorChain.invoke(InvocationInterceptorChain.java:37)
	at org.junit.jupiter.engine.execution.ExecutableInvoker.invoke(ExecutableInvoker.java:104)
	at org.junit.jupiter.engine.execution.ExecutableInvoker.invoke(ExecutableInvoker.java:98)
	at org.junit.jupiter.engine.descriptor.TestMethodTestDescriptor.lambda$invokeTestMethod$6(TestMethodTestDescriptor.java:212)
	at org.junit.jupiter.engine.descriptor.TestMethodTestDescriptor$$Lambda$271/224100622.execute(Unknown Source)
	at org.junit.platform.engine.support.hierarchical.ThrowableCollector.execute(ThrowableCollector.java:73)
	at org.junit.jupiter.engine.descriptor.TestMethodTestDescriptor.invokeTestMethod(TestMethodTestDescriptor.java:208)
	at org.junit.jupiter.engine.descriptor.TestMethodTestDescriptor.execute(TestMethodTestDescriptor.java:137)
	at org.junit.jupiter.engine.descriptor.TestMethodTestDescriptor.execute(TestMethodTestDescriptor.java:71)
	at org.junit.platform.engine.support.hierarchical.NodeTestTask.lambda$executeRecursively$5(NodeTestTask.java:135)
	at org.junit.platform.engine.support.hierarchical.NodeTestTask$$Lambda$179/195615004.execute(Unknown Source)
	at org.junit.platform.engine.support.hierarchical.ThrowableCollector.execute(ThrowableCollector.java:73)
	at org.junit.platform.engine.support.hierarchical.NodeTestTask.lambda$executeRecursively$7(NodeTestTask.java:125)
	at org.junit.platform.engine.support.hierarchical.NodeTestTask$$Lambda$178/1890627974.invoke(Unknown Source)
	at org.junit.platform.engine.support.hierarchical.Node.around(Node.java:135)
	at org.junit.platform.engine.support.hierarchical.NodeTestTask.lambda$executeRecursively$8(NodeTestTask.java:123)
	at org.junit.platform.engine.support.hierarchical.NodeTestTask$$Lambda$177/231977479.execute(Unknown Source)
	at org.junit.platform.engine.support.hierarchical.ThrowableCollector.execute(ThrowableCollector.java:73)
	at org.junit.platform.engine.support.hierarchical.NodeTestTask.executeRecursively(NodeTestTask.java:122)
	at org.junit.platform.engine.support.hierarchical.NodeTestTask.execute(NodeTestTask.java:80)
	at org.junit.platform.engine.support.hierarchical.SameThreadHierarchicalTestExecutorService$$Lambda$183/1381713434.accept(Unknown Source)
	at java.util.ArrayList.forEach(ArrayList.java:1249)
	at org.junit.platform.engine.support.hierarchical.SameThreadHierarchicalTestExecutorService.invokeAll(SameThreadHierarchicalTestExecutorService.java:38)
	at org.junit.platform.engine.support.hierarchical.NodeTestTask.lambda$executeRecursively$5(NodeTestTask.java:139)
	at org.junit.platform.engine.support.hierarchical.NodeTestTask$$Lambda$179/195615004.execute(Unknown Source)
	at org.junit.platform.engine.support.hierarchical.ThrowableCollector.execute(ThrowableCollector.java:73)
	at org.junit.platform.engine.support.hierarchical.NodeTestTask.lambda$executeRecursively$7(NodeTestTask.java:125)
	at org.junit.platform.engine.support.hierarchical.NodeTestTask$$Lambda$178/1890627974.invoke(Unknown Source)
	at org.junit.platform.engine.support.hierarchical.Node.around(Node.java:135)
	at org.junit.platform.engine.support.hierarchical.NodeTestTask.lambda$executeRecursively$8(NodeTestTask.java:123)
	at org.junit.platform.engine.support.hierarchical.NodeTestTask$$Lambda$177/231977479.execute(Unknown Source)
	at org.junit.platform.engine.support.hierarchical.ThrowableCollector.execute(ThrowableCollector.java:73)
	at org.junit.platform.engine.support.hierarchical.NodeTestTask.executeRecursively(NodeTestTask.java:122)
	at org.junit.platform.engine.support.hierarchical.NodeTestTask.execute(NodeTestTask.java:80)
	at org.junit.platform.engine.support.hierarchical.SameThreadHierarchicalTestExecutorService$$Lambda$183/1381713434.accept(Unknown Source)
	at java.util.ArrayList.forEach(ArrayList.java:1249)
	at org.junit.platform.engine.support.hierarchical.SameThreadHierarchicalTestExecutorService.invokeAll(SameThreadHierarchicalTestExecutorService.java:38)
	at org.junit.platform.engine.support.hierarchical.NodeTestTask.lambda$executeRecursively$5(NodeTestTask.java:139)
	at org.junit.platform.engine.support.hierarchical.NodeTestTask$$Lambda$179/195615004.execute(Unknown Source)
	at org.junit.platform.engine.support.hierarchical.ThrowableCollector.execute(ThrowableCollector.java:73)
	at org.junit.platform.engine.support.hierarchical.NodeTestTask.lambda$executeRecursively$7(NodeTestTask.java:125)
	at org.junit.platform.engine.support.hierarchical.NodeTestTask$$Lambda$178/1890627974.invoke(Unknown Source)
	at org.junit.platform.engine.support.hierarchical.Node.around(Node.java:135)
	at org.junit.platform.engine.support.hierarchical.NodeTestTask.lambda$executeRecursively$8(NodeTestTask.java:123)
	at org.junit.platform.engine.support.hierarchical.NodeTestTask$$Lambda$177/231977479.execute(Unknown Source)
	at org.junit.platform.engine.support.hierarchical.ThrowableCollector.execute(ThrowableCollector.java:73)
	at org.junit.platform.engine.support.hierarchical.NodeTestTask.executeRecursively(NodeTestTask.java:122)
	at org.junit.platform.engine.support.hierarchical.NodeTestTask.execute(NodeTestTask.java:80)
	at org.junit.platform.engine.support.hierarchical.SameThreadHierarchicalTestExecutorService.submit(SameThreadHierarchicalTestExecutorService.java:32)
	at org.junit.platform.engine.support.hierarchical.HierarchicalTestExecutor.execute(HierarchicalTestExecutor.java:57)
	at org.junit.platform.engine.support.hierarchical.HierarchicalTestEngine.execute(HierarchicalTestEngine.java:51)
	at org.junit.platform.launcher.core.DefaultLauncher.execute(DefaultLauncher.java:248)
	at org.junit.platform.launcher.core.DefaultLauncher.lambda$execute$5(DefaultLauncher.java:211)
	at org.junit.platform.launcher.core.DefaultLauncher$$Lambda$143/233996206.accept(Unknown Source)
	at org.junit.platform.launcher.core.DefaultLauncher.withInterceptedStreams(DefaultLauncher.java:226)
	at org.junit.platform.launcher.core.DefaultLauncher.execute(DefaultLauncher.java:199)
	at org.junit.platform.launcher.core.DefaultLauncher.execute(DefaultLauncher.java:132)
	at org.apache.maven.surefire.junitplatform.JUnitPlatformProvider.invokeAllTests(JUnitPlatformProvider.java:142)
	at org.apache.maven.surefire.junitplatform.JUnitPlatformProvider.invoke(JUnitPlatformProvider.java:113)
	at org.apache.maven.surefire.booter.ForkedBooter.invokeProviderInSameClassLoader(ForkedBooter.java:384)
	at org.apache.maven.surefire.booter.ForkedBooter.runSuitesInProcess(ForkedBooter.java:345)
	at org.apache.maven.surefire.booter.ForkedBooter.execute(ForkedBooter.java:126)
	at org.apache.maven.surefire.booter.ForkedBooter.main(ForkedBooter.java:418)
2021-11-08 11:16:07,255 [myid:] - INFO  [main:FourLetterWordMain@94] - connecting to 127.0.0.1 30140
2021-11-08 11:16:07,256 [myid:1] - WARN  [nioEventLoopGroup-59-8:NettyServerCnxnFactory$CnxnChannelHandler@231] - Zookeeper server is not running, close the connection before starting the TLS handshake
2021-11-08 11:16:07,508 [myid:] - INFO  [main:FourLetterWordMain@94] - connecting to 127.0.0.1 30140
2021-11-08 11:16:07,508 [myid:1] - WARN  [nioEventLoopGroup-59-9:NettyServerCnxnFactory$CnxnChannelHandler@231] - Zookeeper server is not running, close the connection before starting the TLS handshake
2021-11-08 11:16:07,758 [myid:] - INFO  [main:FourLetterWordMain@94] - connecting to 127.0.0.1 30140
2021-11-08 11:16:07,758 [myid:1] - WARN  [nioEventLoopGroup-59-10:NettyServerCnxnFactory$CnxnChannelHandler@231] - Zookeeper server is not running, close the connection before starting the TLS handshake
2021-11-08 11:16:08,023 [myid:] - INFO  [main:FourLetterWordMain@94] - connecting to 127.0.0.1 30140
2021-11-08 11:16:08,025 [myid:1] - WARN  [nioEventLoopGroup-59-11:NettyServerCnxnFactory$CnxnChannelHandler@231] - Zookeeper server is not running, close the connection before starting the TLS handshake
2021-11-08 11:16:08,291 [myid:] - INFO  [main:FourLetterWordMain@94] - connecting to 127.0.0.1 30140
2021-11-08 11:16:08,291 [myid:1] - WARN  [nioEventLoopGroup-59-12:NettyServerCnxnFactory$CnxnChannelHandler@231] - Zookeeper server is not running, close the connection before starting the TLS handshake
2021-11-08 11:16:08,544 [myid:] - INFO  [main:FourLetterWordMain@94] - connecting to 127.0.0.1 30140
2021-11-08 11:16:08,546 [myid:1] - WARN  [nioEventLoopGroup-59-1:NettyServerCnxnFactory$CnxnChannelHandler@231] - Zookeeper server is not running, close the connection before starting the TLS handshake
2021-11-08 11:16:08,807 [myid:] - INFO  [main:FourLetterWordMain@94] - connecting to 127.0.0.1 30140
2021-11-08 11:16:08,808 [myid:1] - WARN  [nioEventLoopGroup-59-2:NettyServerCnxnFactory$CnxnChannelHandler@231] - Zookeeper server is not running, close the connection before starting the TLS handshake
2021-11-08 11:16:08,822 [myid:] - INFO  [main:ClientBase@267] - server 127.0.0.1:30140 not up
java.net.SocketException: Software caused connection abort: recv failed
	at java.net.SocketInputStream.socketRead0(Native Method)
	at java.net.SocketInputStream.read(SocketInputStream.java:150)
	at java.net.SocketInputStream.read(SocketInputStream.java:121)
	at sun.nio.cs.StreamDecoder.readBytes(StreamDecoder.java:284)
	at sun.nio.cs.StreamDecoder.implRead(StreamDecoder.java:326)
	at sun.nio.cs.StreamDecoder.read(StreamDecoder.java:178)
	at java.io.InputStreamReader.read(InputStreamReader.java:184)
	at java.io.BufferedReader.fill(BufferedReader.java:161)
	at java.io.BufferedReader.readLine(BufferedReader.java:324)
	at java.io.BufferedReader.readLine(BufferedReader.java:389)
	at org.apache.zookeeper.client.FourLetterWordMain.send4LetterWord(FourLetterWordMain.java:129)
	at org.apache.zookeeper.client.FourLetterWordMain.send4LetterWord(FourLetterWordMain.java:74)
	at org.apache.zookeeper.test.ClientBase.waitForServerUp(ClientBase.java:258)
	at org.apache.zookeeper.test.ClientBase.waitForServerUp(ClientBase.java:249)
	at org.apache.zookeeper.server.quorum.QuorumSSLTest.testHostnameVerification(QuorumSSLTest.java:671)
	at org.apache.zookeeper.server.quorum.QuorumSSLTest.testHostnameVerificationWithInvalidHostname(QuorumSSLTest.java:566)
	at sun.reflect.NativeMethodAccessorImpl.invoke0(Native Method)
	at sun.reflect.NativeMethodAccessorImpl.invoke(NativeMethodAccessorImpl.java:62)
	at sun.reflect.DelegatingMethodAccessorImpl.invoke(DelegatingMethodAccessorImpl.java:43)
	at java.lang.reflect.Method.invoke(Method.java:483)
	at org.junit.platform.commons.util.ReflectionUtils.invokeMethod(ReflectionUtils.java:686)
	at org.junit.jupiter.engine.execution.MethodInvocation.proceed(MethodInvocation.java:60)
	at org.junit.jupiter.engine.execution.InvocationInterceptorChain$ValidatingInvocation.proceed(InvocationInterceptorChain.java:131)
	at org.junit.jupiter.engine.extension.TimeoutInvocation.proceed(TimeoutInvocation.java:46)
	at org.junit.jupiter.engine.extension.TimeoutExtension.intercept(TimeoutExtension.java:149)
	at org.junit.jupiter.engine.extension.TimeoutExtension.interceptTestableMethod(TimeoutExtension.java:140)
	at org.junit.jupiter.engine.extension.TimeoutExtension.interceptTestMethod(TimeoutExtension.java:84)
	at org.junit.jupiter.engine.descriptor.TestMethodTestDescriptor$$Lambda$111/1780132728.apply(Unknown Source)
	at org.junit.jupiter.engine.execution.ExecutableInvoker$ReflectiveInterceptorCall.lambda$ofVoidMethod$0(ExecutableInvoker.java:115)
	at org.junit.jupiter.engine.execution.ExecutableInvoker$ReflectiveInterceptorCall$$Lambda$112/1725017993.apply(Unknown Source)
	at org.junit.jupiter.engine.execution.ExecutableInvoker.lambda$invoke$0(ExecutableInvoker.java:105)
	at org.junit.jupiter.engine.execution.ExecutableInvoker$$Lambda$234/64133603.apply(Unknown Source)
	at org.junit.jupiter.engine.execution.InvocationInterceptorChain$InterceptedInvocation.proceed(InvocationInterceptorChain.java:106)
	at org.junit.jupiter.engine.execution.InvocationInterceptorChain.proceed(InvocationInterceptorChain.java:64)
	at org.junit.jupiter.engine.execution.InvocationInterceptorChain.chainAndInvoke(InvocationInterceptorChain.java:45)
	at org.junit.jupiter.engine.execution.InvocationInterceptorChain.invoke(InvocationInterceptorChain.java:37)
	at org.junit.jupiter.engine.execution.ExecutableInvoker.invoke(ExecutableInvoker.java:104)
	at org.junit.jupiter.engine.execution.ExecutableInvoker.invoke(ExecutableInvoker.java:98)
	at org.junit.jupiter.engine.descriptor.TestMethodTestDescriptor.lambda$invokeTestMethod$6(TestMethodTestDescriptor.java:212)
	at org.junit.jupiter.engine.descriptor.TestMethodTestDescriptor$$Lambda$271/224100622.execute(Unknown Source)
	at org.junit.platform.engine.support.hierarchical.ThrowableCollector.execute(ThrowableCollector.java:73)
	at org.junit.jupiter.engine.descriptor.TestMethodTestDescriptor.invokeTestMethod(TestMethodTestDescriptor.java:208)
	at org.junit.jupiter.engine.descriptor.TestMethodTestDescriptor.execute(TestMethodTestDescriptor.java:137)
	at org.junit.jupiter.engine.descriptor.TestMethodTestDescriptor.execute(TestMethodTestDescriptor.java:71)
	at org.junit.platform.engine.support.hierarchical.NodeTestTask.lambda$executeRecursively$5(NodeTestTask.java:135)
	at org.junit.platform.engine.support.hierarchical.NodeTestTask$$Lambda$179/195615004.execute(Unknown Source)
	at org.junit.platform.engine.support.hierarchical.ThrowableCollector.execute(ThrowableCollector.java:73)
	at org.junit.platform.engine.support.hierarchical.NodeTestTask.lambda$executeRecursively$7(NodeTestTask.java:125)
	at org.junit.platform.engine.support.hierarchical.NodeTestTask$$Lambda$178/1890627974.invoke(Unknown Source)
	at org.junit.platform.engine.support.hierarchical.Node.around(Node.java:135)
	at org.junit.platform.engine.support.hierarchical.NodeTestTask.lambda$executeRecursively$8(NodeTestTask.java:123)
	at org.junit.platform.engine.support.hierarchical.NodeTestTask$$Lambda$177/231977479.execute(Unknown Source)
	at org.junit.platform.engine.support.hierarchical.ThrowableCollector.execute(ThrowableCollector.java:73)
	at org.junit.platform.engine.support.hierarchical.NodeTestTask.executeRecursively(NodeTestTask.java:122)
	at org.junit.platform.engine.support.hierarchical.NodeTestTask.execute(NodeTestTask.java:80)
	at org.junit.platform.engine.support.hierarchical.SameThreadHierarchicalTestExecutorService$$Lambda$183/1381713434.accept(Unknown Source)
	at java.util.ArrayList.forEach(ArrayList.java:1249)
	at org.junit.platform.engine.support.hierarchical.SameThreadHierarchicalTestExecutorService.invokeAll(SameThreadHierarchicalTestExecutorService.java:38)
	at org.junit.platform.engine.support.hierarchical.NodeTestTask.lambda$executeRecursively$5(NodeTestTask.java:139)
	at org.junit.platform.engine.support.hierarchical.NodeTestTask$$Lambda$179/195615004.execute(Unknown Source)
	at org.junit.platform.engine.support.hierarchical.ThrowableCollector.execute(ThrowableCollector.java:73)
	at org.junit.platform.engine.support.hierarchical.NodeTestTask.lambda$executeRecursively$7(NodeTestTask.java:125)
	at org.junit.platform.engine.support.hierarchical.NodeTestTask$$Lambda$178/1890627974.invoke(Unknown Source)
	at org.junit.platform.engine.support.hierarchical.Node.around(Node.java:135)
	at org.junit.platform.engine.support.hierarchical.NodeTestTask.lambda$executeRecursively$8(NodeTestTask.java:123)
	at org.junit.platform.engine.support.hierarchical.NodeTestTask$$Lambda$177/231977479.execute(Unknown Source)
	at org.junit.platform.engine.support.hierarchical.ThrowableCollector.execute(ThrowableCollector.java:73)
	at org.junit.platform.engine.support.hierarchical.NodeTestTask.executeRecursively(NodeTestTask.java:122)
	at org.junit.platform.engine.support.hierarchical.NodeTestTask.execute(NodeTestTask.java:80)
	at org.junit.platform.engine.support.hierarchical.SameThreadHierarchicalTestExecutorService$$Lambda$183/1381713434.accept(Unknown Source)
	at java.util.ArrayList.forEach(ArrayList.java:1249)
	at org.junit.platform.engine.support.hierarchical.SameThreadHierarchicalTestExecutorService.invokeAll(SameThreadHierarchicalTestExecutorService.java:38)
	at org.junit.platform.engine.support.hierarchical.NodeTestTask.lambda$executeRecursively$5(NodeTestTask.java:139)
	at org.junit.platform.engine.support.hierarchical.NodeTestTask$$Lambda$179/195615004.execute(Unknown Source)
	at org.junit.platform.engine.support.hierarchical.ThrowableCollector.execute(ThrowableCollector.java:73)
	at org.junit.platform.engine.support.hierarchical.NodeTestTask.lambda$executeRecursively$7(NodeTestTask.java:125)
	at org.junit.platform.engine.support.hierarchical.NodeTestTask$$Lambda$178/1890627974.invoke(Unknown Source)
	at org.junit.platform.engine.support.hierarchical.Node.around(Node.java:135)
	at org.junit.platform.engine.support.hierarchical.NodeTestTask.lambda$executeRecursively$8(NodeTestTask.java:123)
	at org.junit.platform.engine.support.hierarchical.NodeTestTask$$Lambda$177/231977479.execute(Unknown Source)
	at org.junit.platform.engine.support.hierarchical.ThrowableCollector.execute(ThrowableCollector.java:73)
	at org.junit.platform.engine.support.hierarchical.NodeTestTask.executeRecursively(NodeTestTask.java:122)
	at org.junit.platform.engine.support.hierarchical.NodeTestTask.execute(NodeTestTask.java:80)
	at org.junit.platform.engine.support.hierarchical.SameThreadHierarchicalTestExecutorService.submit(SameThreadHierarchicalTestExecutorService.java:32)
	at org.junit.platform.engine.support.hierarchical.HierarchicalTestExecutor.execute(HierarchicalTestExecutor.java:57)
	at org.junit.platform.engine.support.hierarchical.HierarchicalTestEngine.execute(HierarchicalTestEngine.java:51)
	at org.junit.platform.launcher.core.DefaultLauncher.execute(DefaultLauncher.java:248)
	at org.junit.platform.launcher.core.DefaultLauncher.lambda$execute$5(DefaultLauncher.java:211)
	at org.junit.platform.launcher.core.DefaultLauncher$$Lambda$143/233996206.accept(Unknown Source)
	at org.junit.platform.launcher.core.DefaultLauncher.withInterceptedStreams(DefaultLauncher.java:226)
	at org.junit.platform.launcher.core.DefaultLauncher.execute(DefaultLauncher.java:199)
	at org.junit.platform.launcher.core.DefaultLauncher.execute(DefaultLauncher.java:132)
	at org.apache.maven.surefire.junitplatform.JUnitPlatformProvider.invokeAllTests(JUnitPlatformProvider.java:142)
	at org.apache.maven.surefire.junitplatform.JUnitPlatformProvider.invoke(JUnitPlatformProvider.java:113)
	at org.apache.maven.surefire.booter.ForkedBooter.invokeProviderInSameClassLoader(ForkedBooter.java:384)
	at org.apache.maven.surefire.booter.ForkedBooter.runSuitesInProcess(ForkedBooter.java:345)
	at org.apache.maven.surefire.booter.ForkedBooter.execute(ForkedBooter.java:126)
	at org.apache.maven.surefire.booter.ForkedBooter.main(ForkedBooter.java:418)
2021-11-08 11:16:09,086 [myid:] - INFO  [main:FourLetterWordMain@94] - connecting to 127.0.0.1 30140
2021-11-08 11:16:09,087 [myid:1] - WARN  [nioEventLoopGroup-59-3:NettyServerCnxnFactory$CnxnChannelHandler@231] - Zookeeper server is not running, close the connection before starting the TLS handshake
2021-11-08 11:16:09,352 [myid:] - INFO  [main:FourLetterWordMain@94] - connecting to 127.0.0.1 30140
2021-11-08 11:16:09,352 [myid:1] - WARN  [nioEventLoopGroup-59-4:NettyServerCnxnFactory$CnxnChannelHandler@231] - Zookeeper server is not running, close the connection before starting the TLS handshake
2021-11-08 11:16:09,618 [myid:] - INFO  [main:FourLetterWordMain@94] - connecting to 127.0.0.1 30140
2021-11-08 11:16:09,619 [myid:1] - WARN  [nioEventLoopGroup-59-5:NettyServerCnxnFactory$CnxnChannelHandler@231] - Zookeeper server is not running, close the connection before starting the TLS handshake
2021-11-08 11:16:09,634 [myid:] - INFO  [main:ClientBase@267] - server 127.0.0.1:30140 not up
java.net.SocketException: Software caused connection abort: recv failed
	at java.net.SocketInputStream.socketRead0(Native Method)
	at java.net.SocketInputStream.read(SocketInputStream.java:150)
	at java.net.SocketInputStream.read(SocketInputStream.java:121)
	at sun.nio.cs.StreamDecoder.readBytes(StreamDecoder.java:284)
	at sun.nio.cs.StreamDecoder.implRead(StreamDecoder.java:326)
	at sun.nio.cs.StreamDecoder.read(StreamDecoder.java:178)
	at java.io.InputStreamReader.read(InputStreamReader.java:184)
	at java.io.BufferedReader.fill(BufferedReader.java:161)
	at java.io.BufferedReader.readLine(BufferedReader.java:324)
	at java.io.BufferedReader.readLine(BufferedReader.java:389)
	at org.apache.zookeeper.client.FourLetterWordMain.send4LetterWord(FourLetterWordMain.java:129)
	at org.apache.zookeeper.client.FourLetterWordMain.send4LetterWord(FourLetterWordMain.java:74)
	at org.apache.zookeeper.test.ClientBase.waitForServerUp(ClientBase.java:258)
	at org.apache.zookeeper.test.ClientBase.waitForServerUp(ClientBase.java:249)
	at org.apache.zookeeper.server.quorum.QuorumSSLTest.testHostnameVerification(QuorumSSLTest.java:671)
	at org.apache.zookeeper.server.quorum.QuorumSSLTest.testHostnameVerificationWithInvalidHostname(QuorumSSLTest.java:566)
	at sun.reflect.NativeMethodAccessorImpl.invoke0(Native Method)
	at sun.reflect.NativeMethodAccessorImpl.invoke(NativeMethodAccessorImpl.java:62)
	at sun.reflect.DelegatingMethodAccessorImpl.invoke(DelegatingMethodAccessorImpl.java:43)
	at java.lang.reflect.Method.invoke(Method.java:483)
	at org.junit.platform.commons.util.ReflectionUtils.invokeMethod(ReflectionUtils.java:686)
	at org.junit.jupiter.engine.execution.MethodInvocation.proceed(MethodInvocation.java:60)
	at org.junit.jupiter.engine.execution.InvocationInterceptorChain$ValidatingInvocation.proceed(InvocationInterceptorChain.java:131)
	at org.junit.jupiter.engine.extension.TimeoutInvocation.proceed(TimeoutInvocation.java:46)
	at org.junit.jupiter.engine.extension.TimeoutExtension.intercept(TimeoutExtension.java:149)
	at org.junit.jupiter.engine.extension.TimeoutExtension.interceptTestableMethod(TimeoutExtension.java:140)
	at org.junit.jupiter.engine.extension.TimeoutExtension.interceptTestMethod(TimeoutExtension.java:84)
	at org.junit.jupiter.engine.descriptor.TestMethodTestDescriptor$$Lambda$111/1780132728.apply(Unknown Source)
	at org.junit.jupiter.engine.execution.ExecutableInvoker$ReflectiveInterceptorCall.lambda$ofVoidMethod$0(ExecutableInvoker.java:115)
	at org.junit.jupiter.engine.execution.ExecutableInvoker$ReflectiveInterceptorCall$$Lambda$112/1725017993.apply(Unknown Source)
	at org.junit.jupiter.engine.execution.ExecutableInvoker.lambda$invoke$0(ExecutableInvoker.java:105)
	at org.junit.jupiter.engine.execution.ExecutableInvoker$$Lambda$234/64133603.apply(Unknown Source)
	at org.junit.jupiter.engine.execution.InvocationInterceptorChain$InterceptedInvocation.proceed(InvocationInterceptorChain.java:106)
	at org.junit.jupiter.engine.execution.InvocationInterceptorChain.proceed(InvocationInterceptorChain.java:64)
	at org.junit.jupiter.engine.execution.InvocationInterceptorChain.chainAndInvoke(InvocationInterceptorChain.java:45)
	at org.junit.jupiter.engine.execution.InvocationInterceptorChain.invoke(InvocationInterceptorChain.java:37)
	at org.junit.jupiter.engine.execution.ExecutableInvoker.invoke(ExecutableInvoker.java:104)
	at org.junit.jupiter.engine.execution.ExecutableInvoker.invoke(ExecutableInvoker.java:98)
	at org.junit.jupiter.engine.descriptor.TestMethodTestDescriptor.lambda$invokeTestMethod$6(TestMethodTestDescriptor.java:212)
	at org.junit.jupiter.engine.descriptor.TestMethodTestDescriptor$$Lambda$271/224100622.execute(Unknown Source)
	at org.junit.platform.engine.support.hierarchical.ThrowableCollector.execute(ThrowableCollector.java:73)
	at org.junit.jupiter.engine.descriptor.TestMethodTestDescriptor.invokeTestMethod(TestMethodTestDescriptor.java:208)
	at org.junit.jupiter.engine.descriptor.TestMethodTestDescriptor.execute(TestMethodTestDescriptor.java:137)
	at org.junit.jupiter.engine.descriptor.TestMethodTestDescriptor.execute(TestMethodTestDescriptor.java:71)
	at org.junit.platform.engine.support.hierarchical.NodeTestTask.lambda$executeRecursively$5(NodeTestTask.java:135)
	at org.junit.platform.engine.support.hierarchical.NodeTestTask$$Lambda$179/195615004.execute(Unknown Source)
	at org.junit.platform.engine.support.hierarchical.ThrowableCollector.execute(ThrowableCollector.java:73)
	at org.junit.platform.engine.support.hierarchical.NodeTestTask.lambda$executeRecursively$7(NodeTestTask.java:125)
	at org.junit.platform.engine.support.hierarchical.NodeTestTask$$Lambda$178/1890627974.invoke(Unknown Source)
	at org.junit.platform.engine.support.hierarchical.Node.around(Node.java:135)
	at org.junit.platform.engine.support.hierarchical.NodeTestTask.lambda$executeRecursively$8(NodeTestTask.java:123)
	at org.junit.platform.engine.support.hierarchical.NodeTestTask$$Lambda$177/231977479.execute(Unknown Source)
	at org.junit.platform.engine.support.hierarchical.ThrowableCollector.execute(ThrowableCollector.java:73)
	at org.junit.platform.engine.support.hierarchical.NodeTestTask.executeRecursively(NodeTestTask.java:122)
	at org.junit.platform.engine.support.hierarchical.NodeTestTask.execute(NodeTestTask.java:80)
	at org.junit.platform.engine.support.hierarchical.SameThreadHierarchicalTestExecutorService$$Lambda$183/1381713434.accept(Unknown Source)
	at java.util.ArrayList.forEach(ArrayList.java:1249)
	at org.junit.platform.engine.support.hierarchical.SameThreadHierarchicalTestExecutorService.invokeAll(SameThreadHierarchicalTestExecutorService.java:38)
	at org.junit.platform.engine.support.hierarchical.NodeTestTask.lambda$executeRecursively$5(NodeTestTask.java:139)
	at org.junit.platform.engine.support.hierarchical.NodeTestTask$$Lambda$179/195615004.execute(Unknown Source)
	at org.junit.platform.engine.support.hierarchical.ThrowableCollector.execute(ThrowableCollector.java:73)
	at org.junit.platform.engine.support.hierarchical.NodeTestTask.lambda$executeRecursively$7(NodeTestTask.java:125)
	at org.junit.platform.engine.support.hierarchical.NodeTestTask$$Lambda$178/1890627974.invoke(Unknown Source)
	at org.junit.platform.engine.support.hierarchical.Node.around(Node.java:135)
	at org.junit.platform.engine.support.hierarchical.NodeTestTask.lambda$executeRecursively$8(NodeTestTask.java:123)
	at org.junit.platform.engine.support.hierarchical.NodeTestTask$$Lambda$177/231977479.execute(Unknown Source)
	at org.junit.platform.engine.support.hierarchical.ThrowableCollector.execute(ThrowableCollector.java:73)
	at org.junit.platform.engine.support.hierarchical.NodeTestTask.executeRecursively(NodeTestTask.java:122)
	at org.junit.platform.engine.support.hierarchical.NodeTestTask.execute(NodeTestTask.java:80)
	at org.junit.platform.engine.support.hierarchical.SameThreadHierarchicalTestExecutorService$$Lambda$183/1381713434.accept(Unknown Source)
	at java.util.ArrayList.forEach(ArrayList.java:1249)
	at org.junit.platform.engine.support.hierarchical.SameThreadHierarchicalTestExecutorService.invokeAll(SameThreadHierarchicalTestExecutorService.java:38)
	at org.junit.platform.engine.support.hierarchical.NodeTestTask.lambda$executeRecursively$5(NodeTestTask.java:139)
	at org.junit.platform.engine.support.hierarchical.NodeTestTask$$Lambda$179/195615004.execute(Unknown Source)
	at org.junit.platform.engine.support.hierarchical.ThrowableCollector.execute(ThrowableCollector.java:73)
	at org.junit.platform.engine.support.hierarchical.NodeTestTask.lambda$executeRecursively$7(NodeTestTask.java:125)
	at org.junit.platform.engine.support.hierarchical.NodeTestTask$$Lambda$178/1890627974.invoke(Unknown Source)
	at org.junit.platform.engine.support.hierarchical.Node.around(Node.java:135)
	at org.junit.platform.engine.support.hierarchical.NodeTestTask.lambda$executeRecursively$8(NodeTestTask.java:123)
	at org.junit.platform.engine.support.hierarchical.NodeTestTask$$Lambda$177/231977479.execute(Unknown Source)
	at org.junit.platform.engine.support.hierarchical.ThrowableCollector.execute(ThrowableCollector.java:73)
	at org.junit.platform.engine.support.hierarchical.NodeTestTask.executeRecursively(NodeTestTask.java:122)
	at org.junit.platform.engine.support.hierarchical.NodeTestTask.execute(NodeTestTask.java:80)
	at org.junit.platform.engine.support.hierarchical.SameThreadHierarchicalTestExecutorService.submit(SameThreadHierarchicalTestExecutorService.java:32)
	at org.junit.platform.engine.support.hierarchical.HierarchicalTestExecutor.execute(HierarchicalTestExecutor.java:57)
	at org.junit.platform.engine.support.hierarchical.HierarchicalTestEngine.execute(HierarchicalTestEngine.java:51)
	at org.junit.platform.launcher.core.DefaultLauncher.execute(DefaultLauncher.java:248)
	at org.junit.platform.launcher.core.DefaultLauncher.lambda$execute$5(DefaultLauncher.java:211)
	at org.junit.platform.launcher.core.DefaultLauncher$$Lambda$143/233996206.accept(Unknown Source)
	at org.junit.platform.launcher.core.DefaultLauncher.withInterceptedStreams(DefaultLauncher.java:226)
	at org.junit.platform.launcher.core.DefaultLauncher.execute(DefaultLauncher.java:199)
	at org.junit.platform.launcher.core.DefaultLauncher.execute(DefaultLauncher.java:132)
	at org.apache.maven.surefire.junitplatform.JUnitPlatformProvider.invokeAllTests(JUnitPlatformProvider.java:142)
	at org.apache.maven.surefire.junitplatform.JUnitPlatformProvider.invoke(JUnitPlatformProvider.java:113)
	at org.apache.maven.surefire.booter.ForkedBooter.invokeProviderInSameClassLoader(ForkedBooter.java:384)
	at org.apache.maven.surefire.booter.ForkedBooter.runSuitesInProcess(ForkedBooter.java:345)
	at org.apache.maven.surefire.booter.ForkedBooter.execute(ForkedBooter.java:126)
	at org.apache.maven.surefire.booter.ForkedBooter.main(ForkedBooter.java:418)
2021-11-08 11:16:09,897 [myid:] - INFO  [main:FourLetterWordMain@94] - connecting to 127.0.0.1 30140
2021-11-08 11:16:09,898 [myid:1] - WARN  [nioEventLoopGroup-59-6:NettyServerCnxnFactory$CnxnChannelHandler@231] - Zookeeper server is not running, close the connection before starting the TLS handshake
2021-11-08 11:16:10,160 [myid:] - INFO  [main:FourLetterWordMain@94] - connecting to 127.0.0.1 30140
2021-11-08 11:16:10,160 [myid:1] - WARN  [nioEventLoopGroup-59-7:NettyServerCnxnFactory$CnxnChannelHandler@231] - Zookeeper server is not running, close the connection before starting the TLS handshake
2021-11-08 11:16:10,413 [myid:] - INFO  [main:FourLetterWordMain@94] - connecting to 127.0.0.1 30140
2021-11-08 11:16:10,413 [myid:1] - WARN  [nioEventLoopGroup-59-8:NettyServerCnxnFactory$CnxnChannelHandler@231] - Zookeeper server is not running, close the connection before starting the TLS handshake
2021-11-08 11:16:10,665 [myid:] - INFO  [main:FourLetterWordMain@94] - connecting to 127.0.0.1 30140
2021-11-08 11:16:10,665 [myid:1] - WARN  [nioEventLoopGroup-59-9:NettyServerCnxnFactory$CnxnChannelHandler@231] - Zookeeper server is not running, close the connection before starting the TLS handshake
2021-11-08 11:16:10,681 [myid:] - INFO  [main:ClientBase@267] - server 127.0.0.1:30140 not up
java.net.SocketException: Software caused connection abort: recv failed
	at java.net.SocketInputStream.socketRead0(Native Method)
	at java.net.SocketInputStream.read(SocketInputStream.java:150)
	at java.net.SocketInputStream.read(SocketInputStream.java:121)
	at sun.nio.cs.StreamDecoder.readBytes(StreamDecoder.java:284)
	at sun.nio.cs.StreamDecoder.implRead(StreamDecoder.java:326)
	at sun.nio.cs.StreamDecoder.read(StreamDecoder.java:178)
	at java.io.InputStreamReader.read(InputStreamReader.java:184)
	at java.io.BufferedReader.fill(BufferedReader.java:161)
	at java.io.BufferedReader.readLine(BufferedReader.java:324)
	at java.io.BufferedReader.readLine(BufferedReader.java:389)
	at org.apache.zookeeper.client.FourLetterWordMain.send4LetterWord(FourLetterWordMain.java:129)
	at org.apache.zookeeper.client.FourLetterWordMain.send4LetterWord(FourLetterWordMain.java:74)
	at org.apache.zookeeper.test.ClientBase.waitForServerUp(ClientBase.java:258)
	at org.apache.zookeeper.test.ClientBase.waitForServerUp(ClientBase.java:249)
	at org.apache.zookeeper.server.quorum.QuorumSSLTest.testHostnameVerification(QuorumSSLTest.java:671)
	at org.apache.zookeeper.server.quorum.QuorumSSLTest.testHostnameVerificationWithInvalidHostname(QuorumSSLTest.java:566)
	at sun.reflect.NativeMethodAccessorImpl.invoke0(Native Method)
	at sun.reflect.NativeMethodAccessorImpl.invoke(NativeMethodAccessorImpl.java:62)
	at sun.reflect.DelegatingMethodAccessorImpl.invoke(DelegatingMethodAccessorImpl.java:43)
	at java.lang.reflect.Method.invoke(Method.java:483)
	at org.junit.platform.commons.util.ReflectionUtils.invokeMethod(ReflectionUtils.java:686)
	at org.junit.jupiter.engine.execution.MethodInvocation.proceed(MethodInvocation.java:60)
	at org.junit.jupiter.engine.execution.InvocationInterceptorChain$ValidatingInvocation.proceed(InvocationInterceptorChain.java:131)
	at org.junit.jupiter.engine.extension.TimeoutInvocation.proceed(TimeoutInvocation.java:46)
	at org.junit.jupiter.engine.extension.TimeoutExtension.intercept(TimeoutExtension.java:149)
	at org.junit.jupiter.engine.extension.TimeoutExtension.interceptTestableMethod(TimeoutExtension.java:140)
	at org.junit.jupiter.engine.extension.TimeoutExtension.interceptTestMethod(TimeoutExtension.java:84)
	at org.junit.jupiter.engine.descriptor.TestMethodTestDescriptor$$Lambda$111/1780132728.apply(Unknown Source)
	at org.junit.jupiter.engine.execution.ExecutableInvoker$ReflectiveInterceptorCall.lambda$ofVoidMethod$0(ExecutableInvoker.java:115)
	at org.junit.jupiter.engine.execution.ExecutableInvoker$ReflectiveInterceptorCall$$Lambda$112/1725017993.apply(Unknown Source)
	at org.junit.jupiter.engine.execution.ExecutableInvoker.lambda$invoke$0(ExecutableInvoker.java:105)
	at org.junit.jupiter.engine.execution.ExecutableInvoker$$Lambda$234/64133603.apply(Unknown Source)
	at org.junit.jupiter.engine.execution.InvocationInterceptorChain$InterceptedInvocation.proceed(InvocationInterceptorChain.java:106)
	at org.junit.jupiter.engine.execution.InvocationInterceptorChain.proceed(InvocationInterceptorChain.java:64)
	at org.junit.jupiter.engine.execution.InvocationInterceptorChain.chainAndInvoke(InvocationInterceptorChain.java:45)
	at org.junit.jupiter.engine.execution.InvocationInterceptorChain.invoke(InvocationInterceptorChain.java:37)
	at org.junit.jupiter.engine.execution.ExecutableInvoker.invoke(ExecutableInvoker.java:104)
	at org.junit.jupiter.engine.execution.ExecutableInvoker.invoke(ExecutableInvoker.java:98)
	at org.junit.jupiter.engine.descriptor.TestMethodTestDescriptor.lambda$invokeTestMethod$6(TestMethodTestDescriptor.java:212)
	at org.junit.jupiter.engine.descriptor.TestMethodTestDescriptor$$Lambda$271/224100622.execute(Unknown Source)
	at org.junit.platform.engine.support.hierarchical.ThrowableCollector.execute(ThrowableCollector.java:73)
	at org.junit.jupiter.engine.descriptor.TestMethodTestDescriptor.invokeTestMethod(TestMethodTestDescriptor.java:208)
	at org.junit.jupiter.engine.descriptor.TestMethodTestDescriptor.execute(TestMethodTestDescriptor.java:137)
	at org.junit.jupiter.engine.descriptor.TestMethodTestDescriptor.execute(TestMethodTestDescriptor.java:71)
	at org.junit.platform.engine.support.hierarchical.NodeTestTask.lambda$executeRecursively$5(NodeTestTask.java:135)
	at org.junit.platform.engine.support.hierarchical.NodeTestTask$$Lambda$179/195615004.execute(Unknown Source)
	at org.junit.platform.engine.support.hierarchical.ThrowableCollector.execute(ThrowableCollector.java:73)
	at org.junit.platform.engine.support.hierarchical.NodeTestTask.lambda$executeRecursively$7(NodeTestTask.java:125)
	at org.junit.platform.engine.support.hierarchical.NodeTestTask$$Lambda$178/1890627974.invoke(Unknown Source)
	at org.junit.platform.engine.support.hierarchical.Node.around(Node.java:135)
	at org.junit.platform.engine.support.hierarchical.NodeTestTask.lambda$executeRecursively$8(NodeTestTask.java:123)
	at org.junit.platform.engine.support.hierarchical.NodeTestTask$$Lambda$177/231977479.execute(Unknown Source)
	at org.junit.platform.engine.support.hierarchical.ThrowableCollector.execute(ThrowableCollector.java:73)
	at org.junit.platform.engine.support.hierarchical.NodeTestTask.executeRecursively(NodeTestTask.java:122)
	at org.junit.platform.engine.support.hierarchical.NodeTestTask.execute(NodeTestTask.java:80)
	at org.junit.platform.engine.support.hierarchical.SameThreadHierarchicalTestExecutorService$$Lambda$183/1381713434.accept(Unknown Source)
	at java.util.ArrayList.forEach(ArrayList.java:1249)
	at org.junit.platform.engine.support.hierarchical.SameThreadHierarchicalTestExecutorService.invokeAll(SameThreadHierarchicalTestExecutorService.java:38)
	at org.junit.platform.engine.support.hierarchical.NodeTestTask.lambda$executeRecursively$5(NodeTestTask.java:139)
	at org.junit.platform.engine.support.hierarchical.NodeTestTask$$Lambda$179/195615004.execute(Unknown Source)
	at org.junit.platform.engine.support.hierarchical.ThrowableCollector.execute(ThrowableCollector.java:73)
	at org.junit.platform.engine.support.hierarchical.NodeTestTask.lambda$executeRecursively$7(NodeTestTask.java:125)
	at org.junit.platform.engine.support.hierarchical.NodeTestTask$$Lambda$178/1890627974.invoke(Unknown Source)
	at org.junit.platform.engine.support.hierarchical.Node.around(Node.java:135)
	at org.junit.platform.engine.support.hierarchical.NodeTestTask.lambda$executeRecursively$8(NodeTestTask.java:123)
	at org.junit.platform.engine.support.hierarchical.NodeTestTask$$Lambda$177/231977479.execute(Unknown Source)
	at org.junit.platform.engine.support.hierarchical.ThrowableCollector.execute(ThrowableCollector.java:73)
	at org.junit.platform.engine.support.hierarchical.NodeTestTask.executeRecursively(NodeTestTask.java:122)
	at org.junit.platform.engine.support.hierarchical.NodeTestTask.execute(NodeTestTask.java:80)
	at org.junit.platform.engine.support.hierarchical.SameThreadHierarchicalTestExecutorService$$Lambda$183/1381713434.accept(Unknown Source)
	at java.util.ArrayList.forEach(ArrayList.java:1249)
	at org.junit.platform.engine.support.hierarchical.SameThreadHierarchicalTestExecutorService.invokeAll(SameThreadHierarchicalTestExecutorService.java:38)
	at org.junit.platform.engine.support.hierarchical.NodeTestTask.lambda$executeRecursively$5(NodeTestTask.java:139)
	at org.junit.platform.engine.support.hierarchical.NodeTestTask$$Lambda$179/195615004.execute(Unknown Source)
	at org.junit.platform.engine.support.hierarchical.ThrowableCollector.execute(ThrowableCollector.java:73)
	at org.junit.platform.engine.support.hierarchical.NodeTestTask.lambda$executeRecursively$7(NodeTestTask.java:125)
	at org.junit.platform.engine.support.hierarchical.NodeTestTask$$Lambda$178/1890627974.invoke(Unknown Source)
	at org.junit.platform.engine.support.hierarchical.Node.around(Node.java:135)
	at org.junit.platform.engine.support.hierarchical.NodeTestTask.lambda$executeRecursively$8(NodeTestTask.java:123)
	at org.junit.platform.engine.support.hierarchical.NodeTestTask$$Lambda$177/231977479.execute(Unknown Source)
	at org.junit.platform.engine.support.hierarchical.ThrowableCollector.execute(ThrowableCollector.java:73)
	at org.junit.platform.engine.support.hierarchical.NodeTestTask.executeRecursively(NodeTestTask.java:122)
	at org.junit.platform.engine.support.hierarchical.NodeTestTask.execute(NodeTestTask.java:80)
	at org.junit.platform.engine.support.hierarchical.SameThreadHierarchicalTestExecutorService.submit(SameThreadHierarchicalTestExecutorService.java:32)
	at org.junit.platform.engine.support.hierarchical.HierarchicalTestExecutor.execute(HierarchicalTestExecutor.java:57)
	at org.junit.platform.engine.support.hierarchical.HierarchicalTestEngine.execute(HierarchicalTestEngine.java:51)
	at org.junit.platform.launcher.core.DefaultLauncher.execute(DefaultLauncher.java:248)
	at org.junit.platform.launcher.core.DefaultLauncher.lambda$execute$5(DefaultLauncher.java:211)
	at org.junit.platform.launcher.core.DefaultLauncher$$Lambda$143/233996206.accept(Unknown Source)
	at org.junit.platform.launcher.core.DefaultLauncher.withInterceptedStreams(DefaultLauncher.java:226)
	at org.junit.platform.launcher.core.DefaultLauncher.execute(DefaultLauncher.java:199)
	at org.junit.platform.launcher.core.DefaultLauncher.execute(DefaultLauncher.java:132)
	at org.apache.maven.surefire.junitplatform.JUnitPlatformProvider.invokeAllTests(JUnitPlatformProvider.java:142)
	at org.apache.maven.surefire.junitplatform.JUnitPlatformProvider.invoke(JUnitPlatformProvider.java:113)
	at org.apache.maven.surefire.booter.ForkedBooter.invokeProviderInSameClassLoader(ForkedBooter.java:384)
	at org.apache.maven.surefire.booter.ForkedBooter.runSuitesInProcess(ForkedBooter.java:345)
	at org.apache.maven.surefire.booter.ForkedBooter.execute(ForkedBooter.java:126)
	at org.apache.maven.surefire.booter.ForkedBooter.main(ForkedBooter.java:418)
2021-11-08 11:16:10,945 [myid:] - INFO  [main:FourLetterWordMain@94] - connecting to 127.0.0.1 30140
2021-11-08 11:16:10,946 [myid:1] - WARN  [nioEventLoopGroup-59-10:NettyServerCnxnFactory$CnxnChannelHandler@231] - Zookeeper server is not running, close the connection before starting the TLS handshake
2021-11-08 11:16:11,210 [myid:] - INFO  [main:FourLetterWordMain@94] - connecting to 127.0.0.1 30140
2021-11-08 11:16:11,212 [myid:1] - WARN  [nioEventLoopGroup-59-11:NettyServerCnxnFactory$CnxnChannelHandler@231] - Zookeeper server is not running, close the connection before starting the TLS handshake
2021-11-08 11:16:11,459 [myid:2] - INFO  [QuorumPeer[myid=2](plain=[0:0:0:0:0:0:0:0]:30141)(secure=disabled):FastLeaderElection@984] - Notification time out: 25600
2021-11-08 11:16:11,459 [myid:1] - INFO  [QuorumPeer[myid=1](plain=[0:0:0:0:0:0:0:0]:30140)(secure=disabled):FastLeaderElection@984] - Notification time out: 25600
2021-11-08 11:16:11,474 [myid:] - INFO  [main:FourLetterWordMain@94] - connecting to 127.0.0.1 30140
2021-11-08 11:16:11,474 [myid:1] - WARN  [nioEventLoopGroup-59-12:NettyServerCnxnFactory$CnxnChannelHandler@231] - Zookeeper server is not running, close the connection before starting the TLS handshake
2021-11-08 11:16:11,726 [myid:] - INFO  [main:FourLetterWordMain@94] - connecting to 127.0.0.1 30140
2021-11-08 11:16:11,726 [myid:1] - WARN  [nioEventLoopGroup-59-1:NettyServerCnxnFactory$CnxnChannelHandler@231] - Zookeeper server is not running, close the connection before starting the TLS handshake
2021-11-08 11:16:11,989 [myid:] - INFO  [main:FourLetterWordMain@94] - connecting to 127.0.0.1 30140
2021-11-08 11:16:11,989 [myid:1] - WARN  [nioEventLoopGroup-59-2:NettyServerCnxnFactory$CnxnChannelHandler@231] - Zookeeper server is not running, close the connection before starting the TLS handshake
2021-11-08 11:16:11,990 [myid:] - INFO  [main:ClientBase@267] - server 127.0.0.1:30140 not up
java.net.SocketException: Software caused connection abort: recv failed
	at java.net.SocketInputStream.socketRead0(Native Method)
	at java.net.SocketInputStream.read(SocketInputStream.java:150)
	at java.net.SocketInputStream.read(SocketInputStream.java:121)
	at sun.nio.cs.StreamDecoder.readBytes(StreamDecoder.java:284)
	at sun.nio.cs.StreamDecoder.implRead(StreamDecoder.java:326)
	at sun.nio.cs.StreamDecoder.read(StreamDecoder.java:178)
	at java.io.InputStreamReader.read(InputStreamReader.java:184)
	at java.io.BufferedReader.fill(BufferedReader.java:161)
	at java.io.BufferedReader.readLine(BufferedReader.java:324)
	at java.io.BufferedReader.readLine(BufferedReader.java:389)
	at org.apache.zookeeper.client.FourLetterWordMain.send4LetterWord(FourLetterWordMain.java:129)
	at org.apache.zookeeper.client.FourLetterWordMain.send4LetterWord(FourLetterWordMain.java:74)
	at org.apache.zookeeper.test.ClientBase.waitForServerUp(ClientBase.java:258)
	at org.apache.zookeeper.test.ClientBase.waitForServerUp(ClientBase.java:249)
	at org.apache.zookeeper.server.quorum.QuorumSSLTest.testHostnameVerification(QuorumSSLTest.java:671)
	at org.apache.zookeeper.server.quorum.QuorumSSLTest.testHostnameVerificationWithInvalidHostname(QuorumSSLTest.java:566)
	at sun.reflect.NativeMethodAccessorImpl.invoke0(Native Method)
	at sun.reflect.NativeMethodAccessorImpl.invoke(NativeMethodAccessorImpl.java:62)
	at sun.reflect.DelegatingMethodAccessorImpl.invoke(DelegatingMethodAccessorImpl.java:43)
	at java.lang.reflect.Method.invoke(Method.java:483)
	at org.junit.platform.commons.util.ReflectionUtils.invokeMethod(ReflectionUtils.java:686)
	at org.junit.jupiter.engine.execution.MethodInvocation.proceed(MethodInvocation.java:60)
	at org.junit.jupiter.engine.execution.InvocationInterceptorChain$ValidatingInvocation.proceed(InvocationInterceptorChain.java:131)
	at org.junit.jupiter.engine.extension.TimeoutInvocation.proceed(TimeoutInvocation.java:46)
	at org.junit.jupiter.engine.extension.TimeoutExtension.intercept(TimeoutExtension.java:149)
	at org.junit.jupiter.engine.extension.TimeoutExtension.interceptTestableMethod(TimeoutExtension.java:140)
	at org.junit.jupiter.engine.extension.TimeoutExtension.interceptTestMethod(TimeoutExtension.java:84)
	at org.junit.jupiter.engine.descriptor.TestMethodTestDescriptor$$Lambda$111/1780132728.apply(Unknown Source)
	at org.junit.jupiter.engine.execution.ExecutableInvoker$ReflectiveInterceptorCall.lambda$ofVoidMethod$0(ExecutableInvoker.java:115)
	at org.junit.jupiter.engine.execution.ExecutableInvoker$ReflectiveInterceptorCall$$Lambda$112/1725017993.apply(Unknown Source)
	at org.junit.jupiter.engine.execution.ExecutableInvoker.lambda$invoke$0(ExecutableInvoker.java:105)
	at org.junit.jupiter.engine.execution.ExecutableInvoker$$Lambda$234/64133603.apply(Unknown Source)
	at org.junit.jupiter.engine.execution.InvocationInterceptorChain$InterceptedInvocation.proceed(InvocationInterceptorChain.java:106)
	at org.junit.jupiter.engine.execution.InvocationInterceptorChain.proceed(InvocationInterceptorChain.java:64)
	at org.junit.jupiter.engine.execution.InvocationInterceptorChain.chainAndInvoke(InvocationInterceptorChain.java:45)
	at org.junit.jupiter.engine.execution.InvocationInterceptorChain.invoke(InvocationInterceptorChain.java:37)
	at org.junit.jupiter.engine.execution.ExecutableInvoker.invoke(ExecutableInvoker.java:104)
	at org.junit.jupiter.engine.execution.ExecutableInvoker.invoke(ExecutableInvoker.java:98)
	at org.junit.jupiter.engine.descriptor.TestMethodTestDescriptor.lambda$invokeTestMethod$6(TestMethodTestDescriptor.java:212)
	at org.junit.jupiter.engine.descriptor.TestMethodTestDescriptor$$Lambda$271/224100622.execute(Unknown Source)
	at org.junit.platform.engine.support.hierarchical.ThrowableCollector.execute(ThrowableCollector.java:73)
	at org.junit.jupiter.engine.descriptor.TestMethodTestDescriptor.invokeTestMethod(TestMethodTestDescriptor.java:208)
	at org.junit.jupiter.engine.descriptor.TestMethodTestDescriptor.execute(TestMethodTestDescriptor.java:137)
	at org.junit.jupiter.engine.descriptor.TestMethodTestDescriptor.execute(TestMethodTestDescriptor.java:71)
	at org.junit.platform.engine.support.hierarchical.NodeTestTask.lambda$executeRecursively$5(NodeTestTask.java:135)
	at org.junit.platform.engine.support.hierarchical.NodeTestTask$$Lambda$179/195615004.execute(Unknown Source)
	at org.junit.platform.engine.support.hierarchical.ThrowableCollector.execute(ThrowableCollector.java:73)
	at org.junit.platform.engine.support.hierarchical.NodeTestTask.lambda$executeRecursively$7(NodeTestTask.java:125)
	at org.junit.platform.engine.support.hierarchical.NodeTestTask$$Lambda$178/1890627974.invoke(Unknown Source)
	at org.junit.platform.engine.support.hierarchical.Node.around(Node.java:135)
	at org.junit.platform.engine.support.hierarchical.NodeTestTask.lambda$executeRecursively$8(NodeTestTask.java:123)
	at org.junit.platform.engine.support.hierarchical.NodeTestTask$$Lambda$177/231977479.execute(Unknown Source)
	at org.junit.platform.engine.support.hierarchical.ThrowableCollector.execute(ThrowableCollector.java:73)
	at org.junit.platform.engine.support.hierarchical.NodeTestTask.executeRecursively(NodeTestTask.java:122)
	at org.junit.platform.engine.support.hierarchical.NodeTestTask.execute(NodeTestTask.java:80)
	at org.junit.platform.engine.support.hierarchical.SameThreadHierarchicalTestExecutorService$$Lambda$183/1381713434.accept(Unknown Source)
	at java.util.ArrayList.forEach(ArrayList.java:1249)
	at org.junit.platform.engine.support.hierarchical.SameThreadHierarchicalTestExecutorService.invokeAll(SameThreadHierarchicalTestExecutorService.java:38)
	at org.junit.platform.engine.support.hierarchical.NodeTestTask.lambda$executeRecursively$5(NodeTestTask.java:139)
	at org.junit.platform.engine.support.hierarchical.NodeTestTask$$Lambda$179/195615004.execute(Unknown Source)
	at org.junit.platform.engine.support.hierarchical.ThrowableCollector.execute(ThrowableCollector.java:73)
	at org.junit.platform.engine.support.hierarchical.NodeTestTask.lambda$executeRecursively$7(NodeTestTask.java:125)
	at org.junit.platform.engine.support.hierarchical.NodeTestTask$$Lambda$178/1890627974.invoke(Unknown Source)
	at org.junit.platform.engine.support.hierarchical.Node.around(Node.java:135)
	at org.junit.platform.engine.support.hierarchical.NodeTestTask.lambda$executeRecursively$8(NodeTestTask.java:123)
	at org.junit.platform.engine.support.hierarchical.NodeTestTask$$Lambda$177/231977479.execute(Unknown Source)
	at org.junit.platform.engine.support.hierarchical.ThrowableCollector.execute(ThrowableCollector.java:73)
	at org.junit.platform.engine.support.hierarchical.NodeTestTask.executeRecursively(NodeTestTask.java:122)
	at org.junit.platform.engine.support.hierarchical.NodeTestTask.execute(NodeTestTask.java:80)
	at org.junit.platform.engine.support.hierarchical.SameThreadHierarchicalTestExecutorService$$Lambda$183/1381713434.accept(Unknown Source)
	at java.util.ArrayList.forEach(ArrayList.java:1249)
	at org.junit.platform.engine.support.hierarchical.SameThreadHierarchicalTestExecutorService.invokeAll(SameThreadHierarchicalTestExecutorService.java:38)
	at org.junit.platform.engine.support.hierarchical.NodeTestTask.lambda$executeRecursively$5(NodeTestTask.java:139)
	at org.junit.platform.engine.support.hierarchical.NodeTestTask$$Lambda$179/195615004.execute(Unknown Source)
	at org.junit.platform.engine.support.hierarchical.ThrowableCollector.execute(ThrowableCollector.java:73)
	at org.junit.platform.engine.support.hierarchical.NodeTestTask.lambda$executeRecursively$7(NodeTestTask.java:125)
	at org.junit.platform.engine.support.hierarchical.NodeTestTask$$Lambda$178/1890627974.invoke(Unknown Source)
	at org.junit.platform.engine.support.hierarchical.Node.around(Node.java:135)
	at org.junit.platform.engine.support.hierarchical.NodeTestTask.lambda$executeRecursively$8(NodeTestTask.java:123)
	at org.junit.platform.engine.support.hierarchical.NodeTestTask$$Lambda$177/231977479.execute(Unknown Source)
	at org.junit.platform.engine.support.hierarchical.ThrowableCollector.execute(ThrowableCollector.java:73)
	at org.junit.platform.engine.support.hierarchical.NodeTestTask.executeRecursively(NodeTestTask.java:122)
	at org.junit.platform.engine.support.hierarchical.NodeTestTask.execute(NodeTestTask.java:80)
	at org.junit.platform.engine.support.hierarchical.SameThreadHierarchicalTestExecutorService.submit(SameThreadHierarchicalTestExecutorService.java:32)
	at org.junit.platform.engine.support.hierarchical.HierarchicalTestExecutor.execute(HierarchicalTestExecutor.java:57)
	at org.junit.platform.engine.support.hierarchical.HierarchicalTestEngine.execute(HierarchicalTestEngine.java:51)
	at org.junit.platform.launcher.core.DefaultLauncher.execute(DefaultLauncher.java:248)
	at org.junit.platform.launcher.core.DefaultLauncher.lambda$execute$5(DefaultLauncher.java:211)
	at org.junit.platform.launcher.core.DefaultLauncher$$Lambda$143/233996206.accept(Unknown Source)
	at org.junit.platform.launcher.core.DefaultLauncher.withInterceptedStreams(DefaultLauncher.java:226)
	at org.junit.platform.launcher.core.DefaultLauncher.execute(DefaultLauncher.java:199)
	at org.junit.platform.launcher.core.DefaultLauncher.execute(DefaultLauncher.java:132)
	at org.apache.maven.surefire.junitplatform.JUnitPlatformProvider.invokeAllTests(JUnitPlatformProvider.java:142)
	at org.apache.maven.surefire.junitplatform.JUnitPlatformProvider.invoke(JUnitPlatformProvider.java:113)
	at org.apache.maven.surefire.booter.ForkedBooter.invokeProviderInSameClassLoader(ForkedBooter.java:384)
	at org.apache.maven.surefire.booter.ForkedBooter.runSuitesInProcess(ForkedBooter.java:345)
	at org.apache.maven.surefire.booter.ForkedBooter.execute(ForkedBooter.java:126)
	at org.apache.maven.surefire.booter.ForkedBooter.main(ForkedBooter.java:418)
2021-11-08 11:16:12,252 [myid:] - INFO  [main:FourLetterWordMain@94] - connecting to 127.0.0.1 30140
2021-11-08 11:16:12,253 [myid:1] - WARN  [nioEventLoopGroup-59-3:NettyServerCnxnFactory$CnxnChannelHandler@231] - Zookeeper server is not running, close the connection before starting the TLS handshake
2021-11-08 11:16:12,518 [myid:] - INFO  [main:FourLetterWordMain@94] - connecting to 127.0.0.1 30140
2021-11-08 11:16:12,520 [myid:1] - WARN  [nioEventLoopGroup-59-4:NettyServerCnxnFactory$CnxnChannelHandler@231] - Zookeeper server is not running, close the connection before starting the TLS handshake
2021-11-08 11:16:12,783 [myid:] - INFO  [main:FourLetterWordMain@94] - connecting to 127.0.0.1 30140
2021-11-08 11:16:12,785 [myid:1] - WARN  [nioEventLoopGroup-59-5:NettyServerCnxnFactory$CnxnChannelHandler@231] - Zookeeper server is not running, close the connection before starting the TLS handshake
2021-11-08 11:16:13,047 [myid:] - INFO  [main:FourLetterWordMain@94] - connecting to 127.0.0.1 30140
2021-11-08 11:16:13,047 [myid:1] - WARN  [nioEventLoopGroup-59-6:NettyServerCnxnFactory$CnxnChannelHandler@231] - Zookeeper server is not running, close the connection before starting the TLS handshake
2021-11-08 11:16:13,063 [myid:] - INFO  [main:ClientBase@267] - server 127.0.0.1:30140 not up
java.net.SocketException: Software caused connection abort: recv failed
	at java.net.SocketInputStream.socketRead0(Native Method)
	at java.net.SocketInputStream.read(SocketInputStream.java:150)
	at java.net.SocketInputStream.read(SocketInputStream.java:121)
	at sun.nio.cs.StreamDecoder.readBytes(StreamDecoder.java:284)
	at sun.nio.cs.StreamDecoder.implRead(StreamDecoder.java:326)
	at sun.nio.cs.StreamDecoder.read(StreamDecoder.java:178)
	at java.io.InputStreamReader.read(InputStreamReader.java:184)
	at java.io.BufferedReader.fill(BufferedReader.java:161)
	at java.io.BufferedReader.readLine(BufferedReader.java:324)
	at java.io.BufferedReader.readLine(BufferedReader.java:389)
	at org.apache.zookeeper.client.FourLetterWordMain.send4LetterWord(FourLetterWordMain.java:129)
	at org.apache.zookeeper.client.FourLetterWordMain.send4LetterWord(FourLetterWordMain.java:74)
	at org.apache.zookeeper.test.ClientBase.waitForServerUp(ClientBase.java:258)
	at org.apache.zookeeper.test.ClientBase.waitForServerUp(ClientBase.java:249)
	at org.apache.zookeeper.server.quorum.QuorumSSLTest.testHostnameVerification(QuorumSSLTest.java:671)
	at org.apache.zookeeper.server.quorum.QuorumSSLTest.testHostnameVerificationWithInvalidHostname(QuorumSSLTest.java:566)
	at sun.reflect.NativeMethodAccessorImpl.invoke0(Native Method)
	at sun.reflect.NativeMethodAccessorImpl.invoke(NativeMethodAccessorImpl.java:62)
	at sun.reflect.DelegatingMethodAccessorImpl.invoke(DelegatingMethodAccessorImpl.java:43)
	at java.lang.reflect.Method.invoke(Method.java:483)
	at org.junit.platform.commons.util.ReflectionUtils.invokeMethod(ReflectionUtils.java:686)
	at org.junit.jupiter.engine.execution.MethodInvocation.proceed(MethodInvocation.java:60)
	at org.junit.jupiter.engine.execution.InvocationInterceptorChain$ValidatingInvocation.proceed(InvocationInterceptorChain.java:131)
	at org.junit.jupiter.engine.extension.TimeoutInvocation.proceed(TimeoutInvocation.java:46)
	at org.junit.jupiter.engine.extension.TimeoutExtension.intercept(TimeoutExtension.java:149)
	at org.junit.jupiter.engine.extension.TimeoutExtension.interceptTestableMethod(TimeoutExtension.java:140)
	at org.junit.jupiter.engine.extension.TimeoutExtension.interceptTestMethod(TimeoutExtension.java:84)
	at org.junit.jupiter.engine.descriptor.TestMethodTestDescriptor$$Lambda$111/1780132728.apply(Unknown Source)
	at org.junit.jupiter.engine.execution.ExecutableInvoker$ReflectiveInterceptorCall.lambda$ofVoidMethod$0(ExecutableInvoker.java:115)
	at org.junit.jupiter.engine.execution.ExecutableInvoker$ReflectiveInterceptorCall$$Lambda$112/1725017993.apply(Unknown Source)
	at org.junit.jupiter.engine.execution.ExecutableInvoker.lambda$invoke$0(ExecutableInvoker.java:105)
	at org.junit.jupiter.engine.execution.ExecutableInvoker$$Lambda$234/64133603.apply(Unknown Source)
	at org.junit.jupiter.engine.execution.InvocationInterceptorChain$InterceptedInvocation.proceed(InvocationInterceptorChain.java:106)
	at org.junit.jupiter.engine.execution.InvocationInterceptorChain.proceed(InvocationInterceptorChain.java:64)
	at org.junit.jupiter.engine.execution.InvocationInterceptorChain.chainAndInvoke(InvocationInterceptorChain.java:45)
	at org.junit.jupiter.engine.execution.InvocationInterceptorChain.invoke(InvocationInterceptorChain.java:37)
	at org.junit.jupiter.engine.execution.ExecutableInvoker.invoke(ExecutableInvoker.java:104)
	at org.junit.jupiter.engine.execution.ExecutableInvoker.invoke(ExecutableInvoker.java:98)
	at org.junit.jupiter.engine.descriptor.TestMethodTestDescriptor.lambda$invokeTestMethod$6(TestMethodTestDescriptor.java:212)
	at org.junit.jupiter.engine.descriptor.TestMethodTestDescriptor$$Lambda$271/224100622.execute(Unknown Source)
	at org.junit.platform.engine.support.hierarchical.ThrowableCollector.execute(ThrowableCollector.java:73)
	at org.junit.jupiter.engine.descriptor.TestMethodTestDescriptor.invokeTestMethod(TestMethodTestDescriptor.java:208)
	at org.junit.jupiter.engine.descriptor.TestMethodTestDescriptor.execute(TestMethodTestDescriptor.java:137)
	at org.junit.jupiter.engine.descriptor.TestMethodTestDescriptor.execute(TestMethodTestDescriptor.java:71)
	at org.junit.platform.engine.support.hierarchical.NodeTestTask.lambda$executeRecursively$5(NodeTestTask.java:135)
	at org.junit.platform.engine.support.hierarchical.NodeTestTask$$Lambda$179/195615004.execute(Unknown Source)
	at org.junit.platform.engine.support.hierarchical.ThrowableCollector.execute(ThrowableCollector.java:73)
	at org.junit.platform.engine.support.hierarchical.NodeTestTask.lambda$executeRecursively$7(NodeTestTask.java:125)
	at org.junit.platform.engine.support.hierarchical.NodeTestTask$$Lambda$178/1890627974.invoke(Unknown Source)
	at org.junit.platform.engine.support.hierarchical.Node.around(Node.java:135)
	at org.junit.platform.engine.support.hierarchical.NodeTestTask.lambda$executeRecursively$8(NodeTestTask.java:123)
	at org.junit.platform.engine.support.hierarchical.NodeTestTask$$Lambda$177/231977479.execute(Unknown Source)
	at org.junit.platform.engine.support.hierarchical.ThrowableCollector.execute(ThrowableCollector.java:73)
	at org.junit.platform.engine.support.hierarchical.NodeTestTask.executeRecursively(NodeTestTask.java:122)
	at org.junit.platform.engine.support.hierarchical.NodeTestTask.execute(NodeTestTask.java:80)
	at org.junit.platform.engine.support.hierarchical.SameThreadHierarchicalTestExecutorService$$Lambda$183/1381713434.accept(Unknown Source)
	at java.util.ArrayList.forEach(ArrayList.java:1249)
	at org.junit.platform.engine.support.hierarchical.SameThreadHierarchicalTestExecutorService.invokeAll(SameThreadHierarchicalTestExecutorService.java:38)
	at org.junit.platform.engine.support.hierarchical.NodeTestTask.lambda$executeRecursively$5(NodeTestTask.java:139)
	at org.junit.platform.engine.support.hierarchical.NodeTestTask$$Lambda$179/195615004.execute(Unknown Source)
	at org.junit.platform.engine.support.hierarchical.ThrowableCollector.execute(ThrowableCollector.java:73)
	at org.junit.platform.engine.support.hierarchical.NodeTestTask.lambda$executeRecursively$7(NodeTestTask.java:125)
	at org.junit.platform.engine.support.hierarchical.NodeTestTask$$Lambda$178/1890627974.invoke(Unknown Source)
	at org.junit.platform.engine.support.hierarchical.Node.around(Node.java:135)
	at org.junit.platform.engine.support.hierarchical.NodeTestTask.lambda$executeRecursively$8(NodeTestTask.java:123)
	at org.junit.platform.engine.support.hierarchical.NodeTestTask$$Lambda$177/231977479.execute(Unknown Source)
	at org.junit.platform.engine.support.hierarchical.ThrowableCollector.execute(ThrowableCollector.java:73)
	at org.junit.platform.engine.support.hierarchical.NodeTestTask.executeRecursively(NodeTestTask.java:122)
	at org.junit.platform.engine.support.hierarchical.NodeTestTask.execute(NodeTestTask.java:80)
	at org.junit.platform.engine.support.hierarchical.SameThreadHierarchicalTestExecutorService$$Lambda$183/1381713434.accept(Unknown Source)
	at java.util.ArrayList.forEach(ArrayList.java:1249)
	at org.junit.platform.engine.support.hierarchical.SameThreadHierarchicalTestExecutorService.invokeAll(SameThreadHierarchicalTestExecutorService.java:38)
	at org.junit.platform.engine.support.hierarchical.NodeTestTask.lambda$executeRecursively$5(NodeTestTask.java:139)
	at org.junit.platform.engine.support.hierarchical.NodeTestTask$$Lambda$179/195615004.execute(Unknown Source)
	at org.junit.platform.engine.support.hierarchical.ThrowableCollector.execute(ThrowableCollector.java:73)
	at org.junit.platform.engine.support.hierarchical.NodeTestTask.lambda$executeRecursively$7(NodeTestTask.java:125)
	at org.junit.platform.engine.support.hierarchical.NodeTestTask$$Lambda$178/1890627974.invoke(Unknown Source)
	at org.junit.platform.engine.support.hierarchical.Node.around(Node.java:135)
	at org.junit.platform.engine.support.hierarchical.NodeTestTask.lambda$executeRecursively$8(NodeTestTask.java:123)
	at org.junit.platform.engine.support.hierarchical.NodeTestTask$$Lambda$177/231977479.execute(Unknown Source)
	at org.junit.platform.engine.support.hierarchical.ThrowableCollector.execute(ThrowableCollector.java:73)
	at org.junit.platform.engine.support.hierarchical.NodeTestTask.executeRecursively(NodeTestTask.java:122)
	at org.junit.platform.engine.support.hierarchical.NodeTestTask.execute(NodeTestTask.java:80)
	at org.junit.platform.engine.support.hierarchical.SameThreadHierarchicalTestExecutorService.submit(SameThreadHierarchicalTestExecutorService.java:32)
	at org.junit.platform.engine.support.hierarchical.HierarchicalTestExecutor.execute(HierarchicalTestExecutor.java:57)
	at org.junit.platform.engine.support.hierarchical.HierarchicalTestEngine.execute(HierarchicalTestEngine.java:51)
	at org.junit.platform.launcher.core.DefaultLauncher.execute(DefaultLauncher.java:248)
	at org.junit.platform.launcher.core.DefaultLauncher.lambda$execute$5(DefaultLauncher.java:211)
	at org.junit.platform.launcher.core.DefaultLauncher$$Lambda$143/233996206.accept(Unknown Source)
	at org.junit.platform.launcher.core.DefaultLauncher.withInterceptedStreams(DefaultLauncher.java:226)
	at org.junit.platform.launcher.core.DefaultLauncher.execute(DefaultLauncher.java:199)
	at org.junit.platform.launcher.core.DefaultLauncher.execute(DefaultLauncher.java:132)
	at org.apache.maven.surefire.junitplatform.JUnitPlatformProvider.invokeAllTests(JUnitPlatformProvider.java:142)
	at org.apache.maven.surefire.junitplatform.JUnitPlatformProvider.invoke(JUnitPlatformProvider.java:113)
	at org.apache.maven.surefire.booter.ForkedBooter.invokeProviderInSameClassLoader(ForkedBooter.java:384)
	at org.apache.maven.surefire.booter.ForkedBooter.runSuitesInProcess(ForkedBooter.java:345)
	at org.apache.maven.surefire.booter.ForkedBooter.execute(ForkedBooter.java:126)
	at org.apache.maven.surefire.booter.ForkedBooter.main(ForkedBooter.java:418)
2021-11-08 11:16:13,329 [myid:] - INFO  [main:FourLetterWordMain@94] - connecting to 127.0.0.1 30140
2021-11-08 11:16:13,330 [myid:1] - WARN  [nioEventLoopGroup-59-7:NettyServerCnxnFactory$CnxnChannelHandler@231] - Zookeeper server is not running, close the connection before starting the TLS handshake
2021-11-08 11:16:13,595 [myid:] - INFO  [main:FourLetterWordMain@94] - connecting to 127.0.0.1 30140
2021-11-08 11:16:13,596 [myid:1] - WARN  [nioEventLoopGroup-59-8:NettyServerCnxnFactory$CnxnChannelHandler@231] - Zookeeper server is not running, close the connection before starting the TLS handshake
2021-11-08 11:16:13,858 [myid:] - INFO  [main:FourLetterWordMain@94] - connecting to 127.0.0.1 30140
2021-11-08 11:16:13,858 [myid:1] - WARN  [nioEventLoopGroup-59-9:NettyServerCnxnFactory$CnxnChannelHandler@231] - Zookeeper server is not running, close the connection before starting the TLS handshake
2021-11-08 11:16:14,120 [myid:] - INFO  [main:FourLetterWordMain@94] - connecting to 127.0.0.1 30140
2021-11-08 11:16:14,122 [myid:1] - WARN  [nioEventLoopGroup-59-10:NettyServerCnxnFactory$CnxnChannelHandler@231] - Zookeeper server is not running, close the connection before starting the TLS handshake
2021-11-08 11:16:14,386 [myid:] - INFO  [main:FourLetterWordMain@94] - connecting to 127.0.0.1 30140
2021-11-08 11:16:14,386 [myid:1] - WARN  [nioEventLoopGroup-59-11:NettyServerCnxnFactory$CnxnChannelHandler@231] - Zookeeper server is not running, close the connection before starting the TLS handshake
2021-11-08 11:16:14,402 [myid:] - INFO  [main:ClientBase@267] - server 127.0.0.1:30140 not up
java.net.SocketException: Software caused connection abort: recv failed
	at java.net.SocketInputStream.socketRead0(Native Method)
	at java.net.SocketInputStream.read(SocketInputStream.java:150)
	at java.net.SocketInputStream.read(SocketInputStream.java:121)
	at sun.nio.cs.StreamDecoder.readBytes(StreamDecoder.java:284)
	at sun.nio.cs.StreamDecoder.implRead(StreamDecoder.java:326)
	at sun.nio.cs.StreamDecoder.read(StreamDecoder.java:178)
	at java.io.InputStreamReader.read(InputStreamReader.java:184)
	at java.io.BufferedReader.fill(BufferedReader.java:161)
	at java.io.BufferedReader.readLine(BufferedReader.java:324)
	at java.io.BufferedReader.readLine(BufferedReader.java:389)
	at org.apache.zookeeper.client.FourLetterWordMain.send4LetterWord(FourLetterWordMain.java:129)
	at org.apache.zookeeper.client.FourLetterWordMain.send4LetterWord(FourLetterWordMain.java:74)
	at org.apache.zookeeper.test.ClientBase.waitForServerUp(ClientBase.java:258)
	at org.apache.zookeeper.test.ClientBase.waitForServerUp(ClientBase.java:249)
	at org.apache.zookeeper.server.quorum.QuorumSSLTest.testHostnameVerification(QuorumSSLTest.java:671)
	at org.apache.zookeeper.server.quorum.QuorumSSLTest.testHostnameVerificationWithInvalidHostname(QuorumSSLTest.java:566)
	at sun.reflect.NativeMethodAccessorImpl.invoke0(Native Method)
	at sun.reflect.NativeMethodAccessorImpl.invoke(NativeMethodAccessorImpl.java:62)
	at sun.reflect.DelegatingMethodAccessorImpl.invoke(DelegatingMethodAccessorImpl.java:43)
	at java.lang.reflect.Method.invoke(Method.java:483)
	at org.junit.platform.commons.util.ReflectionUtils.invokeMethod(ReflectionUtils.java:686)
	at org.junit.jupiter.engine.execution.MethodInvocation.proceed(MethodInvocation.java:60)
	at org.junit.jupiter.engine.execution.InvocationInterceptorChain$ValidatingInvocation.proceed(InvocationInterceptorChain.java:131)
	at org.junit.jupiter.engine.extension.TimeoutInvocation.proceed(TimeoutInvocation.java:46)
	at org.junit.jupiter.engine.extension.TimeoutExtension.intercept(TimeoutExtension.java:149)
	at org.junit.jupiter.engine.extension.TimeoutExtension.interceptTestableMethod(TimeoutExtension.java:140)
	at org.junit.jupiter.engine.extension.TimeoutExtension.interceptTestMethod(TimeoutExtension.java:84)
	at org.junit.jupiter.engine.descriptor.TestMethodTestDescriptor$$Lambda$111/1780132728.apply(Unknown Source)
	at org.junit.jupiter.engine.execution.ExecutableInvoker$ReflectiveInterceptorCall.lambda$ofVoidMethod$0(ExecutableInvoker.java:115)
	at org.junit.jupiter.engine.execution.ExecutableInvoker$ReflectiveInterceptorCall$$Lambda$112/1725017993.apply(Unknown Source)
	at org.junit.jupiter.engine.execution.ExecutableInvoker.lambda$invoke$0(ExecutableInvoker.java:105)
	at org.junit.jupiter.engine.execution.ExecutableInvoker$$Lambda$234/64133603.apply(Unknown Source)
	at org.junit.jupiter.engine.execution.InvocationInterceptorChain$InterceptedInvocation.proceed(InvocationInterceptorChain.java:106)
	at org.junit.jupiter.engine.execution.InvocationInterceptorChain.proceed(InvocationInterceptorChain.java:64)
	at org.junit.jupiter.engine.execution.InvocationInterceptorChain.chainAndInvoke(InvocationInterceptorChain.java:45)
	at org.junit.jupiter.engine.execution.InvocationInterceptorChain.invoke(InvocationInterceptorChain.java:37)
	at org.junit.jupiter.engine.execution.ExecutableInvoker.invoke(ExecutableInvoker.java:104)
	at org.junit.jupiter.engine.execution.ExecutableInvoker.invoke(ExecutableInvoker.java:98)
	at org.junit.jupiter.engine.descriptor.TestMethodTestDescriptor.lambda$invokeTestMethod$6(TestMethodTestDescriptor.java:212)
	at org.junit.jupiter.engine.descriptor.TestMethodTestDescriptor$$Lambda$271/224100622.execute(Unknown Source)
	at org.junit.platform.engine.support.hierarchical.ThrowableCollector.execute(ThrowableCollector.java:73)
	at org.junit.jupiter.engine.descriptor.TestMethodTestDescriptor.invokeTestMethod(TestMethodTestDescriptor.java:208)
	at org.junit.jupiter.engine.descriptor.TestMethodTestDescriptor.execute(TestMethodTestDescriptor.java:137)
	at org.junit.jupiter.engine.descriptor.TestMethodTestDescriptor.execute(TestMethodTestDescriptor.java:71)
	at org.junit.platform.engine.support.hierarchical.NodeTestTask.lambda$executeRecursively$5(NodeTestTask.java:135)
	at org.junit.platform.engine.support.hierarchical.NodeTestTask$$Lambda$179/195615004.execute(Unknown Source)
	at org.junit.platform.engine.support.hierarchical.ThrowableCollector.execute(ThrowableCollector.java:73)
	at org.junit.platform.engine.support.hierarchical.NodeTestTask.lambda$executeRecursively$7(NodeTestTask.java:125)
	at org.junit.platform.engine.support.hierarchical.NodeTestTask$$Lambda$178/1890627974.invoke(Unknown Source)
	at org.junit.platform.engine.support.hierarchical.Node.around(Node.java:135)
	at org.junit.platform.engine.support.hierarchical.NodeTestTask.lambda$executeRecursively$8(NodeTestTask.java:123)
	at org.junit.platform.engine.support.hierarchical.NodeTestTask$$Lambda$177/231977479.execute(Unknown Source)
	at org.junit.platform.engine.support.hierarchical.ThrowableCollector.execute(ThrowableCollector.java:73)
	at org.junit.platform.engine.support.hierarchical.NodeTestTask.executeRecursively(NodeTestTask.java:122)
	at org.junit.platform.engine.support.hierarchical.NodeTestTask.execute(NodeTestTask.java:80)
	at org.junit.platform.engine.support.hierarchical.SameThreadHierarchicalTestExecutorService$$Lambda$183/1381713434.accept(Unknown Source)
	at java.util.ArrayList.forEach(ArrayList.java:1249)
	at org.junit.platform.engine.support.hierarchical.SameThreadHierarchicalTestExecutorService.invokeAll(SameThreadHierarchicalTestExecutorService.java:38)
	at org.junit.platform.engine.support.hierarchical.NodeTestTask.lambda$executeRecursively$5(NodeTestTask.java:139)
	at org.junit.platform.engine.support.hierarchical.NodeTestTask$$Lambda$179/195615004.execute(Unknown Source)
	at org.junit.platform.engine.support.hierarchical.ThrowableCollector.execute(ThrowableCollector.java:73)
	at org.junit.platform.engine.support.hierarchical.NodeTestTask.lambda$executeRecursively$7(NodeTestTask.java:125)
	at org.junit.platform.engine.support.hierarchical.NodeTestTask$$Lambda$178/1890627974.invoke(Unknown Source)
	at org.junit.platform.engine.support.hierarchical.Node.around(Node.java:135)
	at org.junit.platform.engine.support.hierarchical.NodeTestTask.lambda$executeRecursively$8(NodeTestTask.java:123)
	at org.junit.platform.engine.support.hierarchical.NodeTestTask$$Lambda$177/231977479.execute(Unknown Source)
	at org.junit.platform.engine.support.hierarchical.ThrowableCollector.execute(ThrowableCollector.java:73)
	at org.junit.platform.engine.support.hierarchical.NodeTestTask.executeRecursively(NodeTestTask.java:122)
	at org.junit.platform.engine.support.hierarchical.NodeTestTask.execute(NodeTestTask.java:80)
	at org.junit.platform.engine.support.hierarchical.SameThreadHierarchicalTestExecutorService$$Lambda$183/1381713434.accept(Unknown Source)
	at java.util.ArrayList.forEach(ArrayList.java:1249)
	at org.junit.platform.engine.support.hierarchical.SameThreadHierarchicalTestExecutorService.invokeAll(SameThreadHierarchicalTestExecutorService.java:38)
	at org.junit.platform.engine.support.hierarchical.NodeTestTask.lambda$executeRecursively$5(NodeTestTask.java:139)
	at org.junit.platform.engine.support.hierarchical.NodeTestTask$$Lambda$179/195615004.execute(Unknown Source)
	at org.junit.platform.engine.support.hierarchical.ThrowableCollector.execute(ThrowableCollector.java:73)
	at org.junit.platform.engine.support.hierarchical.NodeTestTask.lambda$executeRecursively$7(NodeTestTask.java:125)
	at org.junit.platform.engine.support.hierarchical.NodeTestTask$$Lambda$178/1890627974.invoke(Unknown Source)
	at org.junit.platform.engine.support.hierarchical.Node.around(Node.java:135)
	at org.junit.platform.engine.support.hierarchical.NodeTestTask.lambda$executeRecursively$8(NodeTestTask.java:123)
	at org.junit.platform.engine.support.hierarchical.NodeTestTask$$Lambda$177/231977479.execute(Unknown Source)
	at org.junit.platform.engine.support.hierarchical.ThrowableCollector.execute(ThrowableCollector.java:73)
	at org.junit.platform.engine.support.hierarchical.NodeTestTask.executeRecursively(NodeTestTask.java:122)
	at org.junit.platform.engine.support.hierarchical.NodeTestTask.execute(NodeTestTask.java:80)
	at org.junit.platform.engine.support.hierarchical.SameThreadHierarchicalTestExecutorService.submit(SameThreadHierarchicalTestExecutorService.java:32)
	at org.junit.platform.engine.support.hierarchical.HierarchicalTestExecutor.execute(HierarchicalTestExecutor.java:57)
	at org.junit.platform.engine.support.hierarchical.HierarchicalTestEngine.execute(HierarchicalTestEngine.java:51)
	at org.junit.platform.launcher.core.DefaultLauncher.execute(DefaultLauncher.java:248)
	at org.junit.platform.launcher.core.DefaultLauncher.lambda$execute$5(DefaultLauncher.java:211)
	at org.junit.platform.launcher.core.DefaultLauncher$$Lambda$143/233996206.accept(Unknown Source)
	at org.junit.platform.launcher.core.DefaultLauncher.withInterceptedStreams(DefaultLauncher.java:226)
	at org.junit.platform.launcher.core.DefaultLauncher.execute(DefaultLauncher.java:199)
	at org.junit.platform.launcher.core.DefaultLauncher.execute(DefaultLauncher.java:132)
	at org.apache.maven.surefire.junitplatform.JUnitPlatformProvider.invokeAllTests(JUnitPlatformProvider.java:142)
	at org.apache.maven.surefire.junitplatform.JUnitPlatformProvider.invoke(JUnitPlatformProvider.java:113)
	at org.apache.maven.surefire.booter.ForkedBooter.invokeProviderInSameClassLoader(ForkedBooter.java:384)
	at org.apache.maven.surefire.booter.ForkedBooter.runSuitesInProcess(ForkedBooter.java:345)
	at org.apache.maven.surefire.booter.ForkedBooter.execute(ForkedBooter.java:126)
	at org.apache.maven.surefire.booter.ForkedBooter.main(ForkedBooter.java:418)
2021-11-08 11:16:14,655 [myid:] - INFO  [main:FourLetterWordMain@94] - connecting to 127.0.0.1 30140
2021-11-08 11:16:14,657 [myid:1] - WARN  [nioEventLoopGroup-59-12:NettyServerCnxnFactory$CnxnChannelHandler@231] - Zookeeper server is not running, close the connection before starting the TLS handshake
2021-11-08 11:16:14,921 [myid:] - INFO  [main:FourLetterWordMain@94] - connecting to 127.0.0.1 30140
2021-11-08 11:16:14,921 [myid:1] - WARN  [nioEventLoopGroup-59-1:NettyServerCnxnFactory$CnxnChannelHandler@231] - Zookeeper server is not running, close the connection before starting the TLS handshake
2021-11-08 11:16:15,185 [myid:] - INFO  [main:FourLetterWordMain@94] - connecting to 127.0.0.1 30140
2021-11-08 11:16:15,185 [myid:1] - WARN  [nioEventLoopGroup-59-2:NettyServerCnxnFactory$CnxnChannelHandler@231] - Zookeeper server is not running, close the connection before starting the TLS handshake
2021-11-08 11:16:15,449 [myid:] - INFO  [main:FourLetterWordMain@94] - connecting to 127.0.0.1 30140
2021-11-08 11:16:15,449 [myid:1] - WARN  [nioEventLoopGroup-59-3:NettyServerCnxnFactory$CnxnChannelHandler@231] - Zookeeper server is not running, close the connection before starting the TLS handshake
2021-11-08 11:16:15,450 [myid:] - INFO  [main:QuorumBase@422] - Shutting down quorum peer QuorumPeer[myid=1](plain=[0:0:0:0:0:0:0:0]:30140)(secure=disabled)
2021-11-08 11:16:15,450 [myid:] - INFO  [main:NettyServerCnxnFactory@647] - shutdown called /0:0:0:0:0:0:0:0:30140
2021-11-08 11:16:15,459 [myid:1] - INFO  [QuorumPeerListener:QuorumCnxManager$Listener@980] - Leaving listener
2021-11-08 11:16:15,459 [myid:] - INFO  [main:QuorumBase@426] - Shutting down leader election QuorumPeer[myid=1](plain=[0:0:0:0:0:0:0:0]:30140)(secure=disabled)
2021-11-08 11:16:15,459 [myid:] - INFO  [main:QuorumBase@431] - Waiting for QuorumPeer[myid=1](plain=[0:0:0:0:0:0:0:0]:30140)(secure=disabled) to exit thread
2021-11-08 11:16:15,459 [myid:1] - WARN  [QuorumPeer[myid=1](plain=[0:0:0:0:0:0:0:0]:30140)(secure=disabled):QuorumPeer@1486] - Unexpected exception
java.lang.InterruptedException
	at java.util.concurrent.locks.AbstractQueuedSynchronizer$ConditionObject.reportInterruptAfterWait(AbstractQueuedSynchronizer.java:2014)
	at java.util.concurrent.locks.AbstractQueuedSynchronizer$ConditionObject.awaitNanos(AbstractQueuedSynchronizer.java:2088)
	at java.util.concurrent.LinkedBlockingQueue.poll(LinkedBlockingQueue.java:467)
	at org.apache.zookeeper.server.quorum.FastLeaderElection.lookForLeader(FastLeaderElection.java:966)
	at org.apache.zookeeper.server.quorum.QuorumPeer.run(QuorumPeer.java:1484)
2021-11-08 11:16:15,461 [myid:1] - INFO  [QuorumPeer[myid=1](plain=[0:0:0:0:0:0:0:0]:30140)(secure=disabled):QuorumPeer@915] - Peer state changed: looking
2021-11-08 11:16:15,461 [myid:1] - WARN  [QuorumPeer[myid=1](plain=[0:0:0:0:0:0:0:0]:30140)(secure=disabled):QuorumPeer@1545] - QuorumPeer main thread exited
2021-11-08 11:16:15,462 [myid:] - INFO  [main:QuorumBase@422] - Shutting down quorum peer QuorumPeer[myid=2](plain=[0:0:0:0:0:0:0:0]:30141)(secure=disabled)
2021-11-08 11:16:15,463 [myid:] - INFO  [main:NettyServerCnxnFactory@647] - shutdown called /0:0:0:0:0:0:0:0:30141
2021-11-08 11:16:15,481 [myid:2] - INFO  [QuorumPeerListener:QuorumCnxManager$Listener@980] - Leaving listener
2021-11-08 11:16:15,482 [myid:2] - WARN  [QuorumPeer[myid=2](plain=[0:0:0:0:0:0:0:0]:30141)(secure=disabled):QuorumPeer@1486] - Unexpected exception
java.lang.InterruptedException
	at java.util.concurrent.locks.AbstractQueuedSynchronizer$ConditionObject.reportInterruptAfterWait(AbstractQueuedSynchronizer.java:2014)
	at java.util.concurrent.locks.AbstractQueuedSynchronizer$ConditionObject.awaitNanos(AbstractQueuedSynchronizer.java:2088)
	at java.util.concurrent.LinkedBlockingQueue.poll(LinkedBlockingQueue.java:467)
	at org.apache.zookeeper.server.quorum.FastLeaderElection.lookForLeader(FastLeaderElection.java:966)
	at org.apache.zookeeper.server.quorum.QuorumPeer.run(QuorumPeer.java:1484)
2021-11-08 11:16:15,483 [myid:] - INFO  [main:QuorumBase@426] - Shutting down leader election QuorumPeer[myid=2](plain=[0:0:0:0:0:0:0:0]:30141)(secure=disabled)
2021-11-08 11:16:15,484 [myid:] - INFO  [main:QuorumBase@431] - Waiting for QuorumPeer[myid=2](plain=[0:0:0:0:0:0:0:0]:30141)(secure=disabled) to exit thread
2021-11-08 11:16:15,484 [myid:2] - INFO  [QuorumPeer[myid=2](plain=[0:0:0:0:0:0:0:0]:30141)(secure=disabled):QuorumPeer@915] - Peer state changed: looking
2021-11-08 11:16:15,484 [myid:2] - WARN  [QuorumPeer[myid=2](plain=[0:0:0:0:0:0:0:0]:30141)(secure=disabled):QuorumPeer@1545] - QuorumPeer main thread exited
2021-11-08 11:16:15,485 [myid:] - INFO  [main:QuorumPeerTestBase@64] - No servers to shutdown!
2021-11-08 11:16:15,485 [myid:] - INFO  [main:ZKTestCase@82] - FINISHED Optional[public void org.apache.zookeeper.server.quorum.QuorumSSLTest.testHostnameVerificationWithInvalidHostname() throws java.lang.Exception]
]]></system-out>
    <system-err><![CDATA[Exception in thread "QuorumConnectionThread-[myid=1]-1" java.lang.IllegalArgumentException: Cannot support TLS_ECDHE_ECDSA_WITH_AES_256_CBC_SHA384 with currently installed providers
	at sun.security.ssl.CipherSuiteList.<init>(CipherSuiteList.java:92)
	at sun.security.ssl.SSLSocketImpl.setEnabledCipherSuites(SSLSocketImpl.java:2419)
	at javax.net.ssl.SSLSocket.setSSLParameters(SSLSocket.java:650)
	at sun.security.ssl.SSLSocketImpl.setSSLParameters(SSLSocketImpl.java:2544)
	at org.apache.zookeeper.common.SSLContextAndOptions.configureSSLSocket(SSLContextAndOptions.java:125)
	at org.apache.zookeeper.common.SSLContextAndOptions.createSSLSocket(SSLContextAndOptions.java:80)
	at org.apache.zookeeper.common.X509Util.createSSLSocket(X509Util.java:517)
	at org.apache.zookeeper.server.quorum.QuorumCnxManager.initiateConnection(QuorumCnxManager.java:379)
	at org.apache.zookeeper.server.quorum.QuorumCnxManager$QuorumConnectionReqThread.run(QuorumCnxManager.java:458)
	at java.util.concurrent.ThreadPoolExecutor.runWorker(ThreadPoolExecutor.java:1142)
	at java.util.concurrent.ThreadPoolExecutor$Worker.run(ThreadPoolExecutor.java:617)
	at java.lang.Thread.run(Thread.java:745)
Exception in thread "QuorumConnectionThread-[myid=1]-2" java.lang.IllegalArgumentException: Cannot support TLS_ECDHE_ECDSA_WITH_AES_256_CBC_SHA384 with currently installed providers
	at sun.security.ssl.CipherSuiteList.<init>(CipherSuiteList.java:92)
	at sun.security.ssl.SSLSocketImpl.setEnabledCipherSuites(SSLSocketImpl.java:2419)
	at javax.net.ssl.SSLSocket.setSSLParameters(SSLSocket.java:650)
	at sun.security.ssl.SSLSocketImpl.setSSLParameters(SSLSocketImpl.java:2544)
	at org.apache.zookeeper.common.SSLContextAndOptions.configureSSLSocket(SSLContextAndOptions.java:125)
	at org.apache.zookeeper.common.SSLContextAndOptions.createSSLSocket(SSLContextAndOptions.java:80)
	at org.apache.zookeeper.common.X509Util.createSSLSocket(X509Util.java:517)
	at org.apache.zookeeper.server.quorum.QuorumCnxManager.initiateConnection(QuorumCnxManager.java:379)
	at org.apache.zookeeper.server.quorum.QuorumCnxManager$QuorumConnectionReqThread.run(QuorumCnxManager.java:458)
	at java.util.concurrent.ThreadPoolExecutor.runWorker(ThreadPoolExecutor.java:1142)
	at java.util.concurrent.ThreadPoolExecutor$Worker.run(ThreadPoolExecutor.java:617)
	at java.lang.Thread.run(Thread.java:745)
Exception in thread "QuorumConnectionThread-[myid=2]-2" java.lang.IllegalArgumentException: Cannot support TLS_ECDHE_ECDSA_WITH_AES_256_CBC_SHA384 with currently installed providers
	at sun.security.ssl.CipherSuiteList.<init>(CipherSuiteList.java:92)
	at sun.security.ssl.SSLSocketImpl.setEnabledCipherSuites(SSLSocketImpl.java:2419)
	at javax.net.ssl.SSLSocket.setSSLParameters(SSLSocket.java:650)
	at sun.security.ssl.SSLSocketImpl.setSSLParameters(SSLSocketImpl.java:2544)
	at org.apache.zookeeper.common.SSLContextAndOptions.configureSSLSocket(SSLContextAndOptions.java:125)
	at org.apache.zookeeper.common.SSLContextAndOptions.createSSLSocket(SSLContextAndOptions.java:80)
	at org.apache.zookeeper.common.X509Util.createSSLSocket(X509Util.java:517)
	at org.apache.zookeeper.server.quorum.QuorumCnxManager.initiateConnection(QuorumCnxManager.java:379)
	at org.apache.zookeeper.server.quorum.QuorumCnxManager$QuorumConnectionReqThread.run(QuorumCnxManager.java:458)
	at java.util.concurrent.ThreadPoolExecutor.runWorker(ThreadPoolExecutor.java:1142)
	at java.util.concurrent.ThreadPoolExecutor$Worker.run(ThreadPoolExecutor.java:617)
	at java.lang.Thread.run(Thread.java:745)
Exception in thread "QuorumConnectionThread-[myid=2]-1" java.lang.IllegalArgumentException: Cannot support TLS_ECDHE_ECDSA_WITH_AES_256_CBC_SHA384 with currently installed providers
	at sun.security.ssl.CipherSuiteList.<init>(CipherSuiteList.java:92)
	at sun.security.ssl.SSLSocketImpl.setEnabledCipherSuites(SSLSocketImpl.java:2419)
	at javax.net.ssl.SSLSocket.setSSLParameters(SSLSocket.java:650)
	at sun.security.ssl.SSLSocketImpl.setSSLParameters(SSLSocketImpl.java:2544)
	at org.apache.zookeeper.common.SSLContextAndOptions.configureSSLSocket(SSLContextAndOptions.java:125)
	at org.apache.zookeeper.common.SSLContextAndOptions.createSSLSocket(SSLContextAndOptions.java:80)
	at org.apache.zookeeper.common.X509Util.createSSLSocket(X509Util.java:517)
	at org.apache.zookeeper.server.quorum.QuorumCnxManager.initiateConnection(QuorumCnxManager.java:379)
	at org.apache.zookeeper.server.quorum.QuorumCnxManager$QuorumConnectionReqThread.run(QuorumCnxManager.java:458)
	at java.util.concurrent.ThreadPoolExecutor.runWorker(ThreadPoolExecutor.java:1142)
	at java.util.concurrent.ThreadPoolExecutor$Worker.run(ThreadPoolExecutor.java:617)
	at java.lang.Thread.run(Thread.java:745)
Exception in thread "QuorumConnectionThread-[myid=2]-4" java.lang.IllegalArgumentException: Cannot support TLS_ECDHE_ECDSA_WITH_AES_256_CBC_SHA384 with currently installed providers
	at sun.security.ssl.CipherSuiteList.<init>(CipherSuiteList.java:92)
	at sun.security.ssl.SSLSocketImpl.setEnabledCipherSuites(SSLSocketImpl.java:2419)
	at javax.net.ssl.SSLSocket.setSSLParameters(SSLSocket.java:650)
	at sun.security.ssl.SSLSocketImpl.setSSLParameters(SSLSocketImpl.java:2544)
	at org.apache.zookeeper.common.SSLContextAndOptions.configureSSLSocket(SSLContextAndOptions.java:125)
	at org.apache.zookeeper.common.SSLContextAndOptions.createSSLSocket(SSLContextAndOptions.java:80)
	at org.apache.zookeeper.common.X509Util.createSSLSocket(X509Util.java:517)
	at org.apache.zookeeper.server.quorum.QuorumCnxManager.initiateConnection(QuorumCnxManager.java:379)
	at org.apache.zookeeper.server.quorum.QuorumCnxManager$QuorumConnectionReqThread.run(QuorumCnxManager.java:458)
	at java.util.concurrent.ThreadPoolExecutor.runWorker(ThreadPoolExecutor.java:1142)
	at java.util.concurrent.ThreadPoolExecutor$Worker.run(ThreadPoolExecutor.java:617)
	at java.lang.Thread.run(Thread.java:745)
Exception in thread "QuorumConnectionThread-[myid=1]-4" java.lang.IllegalArgumentException: Cannot support TLS_ECDHE_ECDSA_WITH_AES_256_CBC_SHA384 with currently installed providers
	at sun.security.ssl.CipherSuiteList.<init>(CipherSuiteList.java:92)
	at sun.security.ssl.SSLSocketImpl.setEnabledCipherSuites(SSLSocketImpl.java:2419)
	at javax.net.ssl.SSLSocket.setSSLParameters(SSLSocket.java:650)
	at sun.security.ssl.SSLSocketImpl.setSSLParameters(SSLSocketImpl.java:2544)
	at org.apache.zookeeper.common.SSLContextAndOptions.configureSSLSocket(SSLContextAndOptions.java:125)
	at org.apache.zookeeper.common.SSLContextAndOptions.createSSLSocket(SSLContextAndOptions.java:80)
	at org.apache.zookeeper.common.X509Util.createSSLSocket(X509Util.java:517)
	at org.apache.zookeeper.server.quorum.QuorumCnxManager.initiateConnection(QuorumCnxManager.java:379)
	at org.apache.zookeeper.server.quorum.QuorumCnxManager$QuorumConnectionReqThread.run(QuorumCnxManager.java:458)
	at java.util.concurrent.ThreadPoolExecutor.runWorker(ThreadPoolExecutor.java:1142)
	at java.util.concurrent.ThreadPoolExecutor$Worker.run(ThreadPoolExecutor.java:617)
	at java.lang.Thread.run(Thread.java:745)
Exception in thread "QuorumConnectionThread-[myid=2]-5" java.lang.IllegalArgumentException: Cannot support TLS_ECDHE_ECDSA_WITH_AES_256_CBC_SHA384 with currently installed providers
	at sun.security.ssl.CipherSuiteList.<init>(CipherSuiteList.java:92)
	at sun.security.ssl.SSLSocketImpl.setEnabledCipherSuites(SSLSocketImpl.java:2419)
	at javax.net.ssl.SSLSocket.setSSLParameters(SSLSocket.java:650)
	at sun.security.ssl.SSLSocketImpl.setSSLParameters(SSLSocketImpl.java:2544)
	at org.apache.zookeeper.common.SSLContextAndOptions.configureSSLSocket(SSLContextAndOptions.java:125)
	at org.apache.zookeeper.common.SSLContextAndOptions.createSSLSocket(SSLContextAndOptions.java:80)
	at org.apache.zookeeper.common.X509Util.createSSLSocket(X509Util.java:517)
	at org.apache.zookeeper.server.quorum.QuorumCnxManager.initiateConnection(QuorumCnxManager.java:379)
	at org.apache.zookeeper.server.quorum.QuorumCnxManager$QuorumConnectionReqThread.run(QuorumCnxManager.java:458)
	at java.util.concurrent.ThreadPoolExecutor.runWorker(ThreadPoolExecutor.java:1142)
	at java.util.concurrent.ThreadPoolExecutor$Worker.run(ThreadPoolExecutor.java:617)
	at java.lang.Thread.run(Thread.java:745)
Exception in thread "QuorumConnectionThread-[myid=1]-5" java.lang.IllegalArgumentException: Cannot support TLS_ECDHE_ECDSA_WITH_AES_256_CBC_SHA384 with currently installed providers
	at sun.security.ssl.CipherSuiteList.<init>(CipherSuiteList.java:92)
	at sun.security.ssl.SSLSocketImpl.setEnabledCipherSuites(SSLSocketImpl.java:2419)
	at javax.net.ssl.SSLSocket.setSSLParameters(SSLSocket.java:650)
	at sun.security.ssl.SSLSocketImpl.setSSLParameters(SSLSocketImpl.java:2544)
	at org.apache.zookeeper.common.SSLContextAndOptions.configureSSLSocket(SSLContextAndOptions.java:125)
	at org.apache.zookeeper.common.SSLContextAndOptions.createSSLSocket(SSLContextAndOptions.java:80)
	at org.apache.zookeeper.common.X509Util.createSSLSocket(X509Util.java:517)
	at org.apache.zookeeper.server.quorum.QuorumCnxManager.initiateConnection(QuorumCnxManager.java:379)
	at org.apache.zookeeper.server.quorum.QuorumCnxManager$QuorumConnectionReqThread.run(QuorumCnxManager.java:458)
	at java.util.concurrent.ThreadPoolExecutor.runWorker(ThreadPoolExecutor.java:1142)
	at java.util.concurrent.ThreadPoolExecutor$Worker.run(ThreadPoolExecutor.java:617)
	at java.lang.Thread.run(Thread.java:745)
Exception in thread "QuorumConnectionThread-[myid=1]-7" java.lang.IllegalArgumentException: Cannot support TLS_ECDHE_ECDSA_WITH_AES_256_CBC_SHA384 with currently installed providers
	at sun.security.ssl.CipherSuiteList.<init>(CipherSuiteList.java:92)
	at sun.security.ssl.SSLSocketImpl.setEnabledCipherSuites(SSLSocketImpl.java:2419)
	at javax.net.ssl.SSLSocket.setSSLParameters(SSLSocket.java:650)
	at sun.security.ssl.SSLSocketImpl.setSSLParameters(SSLSocketImpl.java:2544)
	at org.apache.zookeeper.common.SSLContextAndOptions.configureSSLSocket(SSLContextAndOptions.java:125)
	at org.apache.zookeeper.common.SSLContextAndOptions.createSSLSocket(SSLContextAndOptions.java:80)
	at org.apache.zookeeper.common.X509Util.createSSLSocket(X509Util.java:517)
	at org.apache.zookeeper.server.quorum.QuorumCnxManager.initiateConnection(QuorumCnxManager.java:379)
	at org.apache.zookeeper.server.quorum.QuorumCnxManager$QuorumConnectionReqThread.run(QuorumCnxManager.java:458)
	at java.util.concurrent.ThreadPoolExecutor.runWorker(ThreadPoolExecutor.java:1142)
	at java.util.concurrent.ThreadPoolExecutor$Worker.run(ThreadPoolExecutor.java:617)
	at java.lang.Thread.run(Thread.java:745)
Exception in thread "QuorumConnectionThread-[myid=2]-6" java.lang.IllegalArgumentException: Cannot support TLS_ECDHE_ECDSA_WITH_AES_256_CBC_SHA384 with currently installed providers
	at sun.security.ssl.CipherSuiteList.<init>(CipherSuiteList.java:92)
	at sun.security.ssl.SSLSocketImpl.setEnabledCipherSuites(SSLSocketImpl.java:2419)
	at javax.net.ssl.SSLSocket.setSSLParameters(SSLSocket.java:650)
	at sun.security.ssl.SSLSocketImpl.setSSLParameters(SSLSocketImpl.java:2544)
	at org.apache.zookeeper.common.SSLContextAndOptions.configureSSLSocket(SSLContextAndOptions.java:125)
	at org.apache.zookeeper.common.SSLContextAndOptions.createSSLSocket(SSLContextAndOptions.java:80)
	at org.apache.zookeeper.common.X509Util.createSSLSocket(X509Util.java:517)
	at org.apache.zookeeper.server.quorum.QuorumCnxManager.initiateConnection(QuorumCnxManager.java:379)
	at org.apache.zookeeper.server.quorum.QuorumCnxManager$QuorumConnectionReqThread.run(QuorumCnxManager.java:458)
	at java.util.concurrent.ThreadPoolExecutor.runWorker(ThreadPoolExecutor.java:1142)
	at java.util.concurrent.ThreadPoolExecutor$Worker.run(ThreadPoolExecutor.java:617)
	at java.lang.Thread.run(Thread.java:745)
Exception in thread "QuorumConnectionThread-[myid=1]-6" java.lang.IllegalArgumentException: Cannot support TLS_ECDHE_ECDSA_WITH_AES_256_CBC_SHA384 with currently installed providers
	at sun.security.ssl.CipherSuiteList.<init>(CipherSuiteList.java:92)
	at sun.security.ssl.SSLSocketImpl.setEnabledCipherSuites(SSLSocketImpl.java:2419)
	at javax.net.ssl.SSLSocket.setSSLParameters(SSLSocket.java:650)
	at sun.security.ssl.SSLSocketImpl.setSSLParameters(SSLSocketImpl.java:2544)
	at org.apache.zookeeper.common.SSLContextAndOptions.configureSSLSocket(SSLContextAndOptions.java:125)
	at org.apache.zookeeper.common.SSLContextAndOptions.createSSLSocket(SSLContextAndOptions.java:80)
	at org.apache.zookeeper.common.X509Util.createSSLSocket(X509Util.java:517)
	at org.apache.zookeeper.server.quorum.QuorumCnxManager.initiateConnection(QuorumCnxManager.java:379)
	at org.apache.zookeeper.server.quorum.QuorumCnxManager$QuorumConnectionReqThread.run(QuorumCnxManager.java:458)
	at java.util.concurrent.ThreadPoolExecutor.runWorker(ThreadPoolExecutor.java:1142)
	at java.util.concurrent.ThreadPoolExecutor$Worker.run(ThreadPoolExecutor.java:617)
	at java.lang.Thread.run(Thread.java:745)
Exception in thread "QuorumConnectionThread-[myid=2]-7" java.lang.IllegalArgumentException: Cannot support TLS_ECDHE_ECDSA_WITH_AES_256_CBC_SHA384 with currently installed providers
	at sun.security.ssl.CipherSuiteList.<init>(CipherSuiteList.java:92)
	at sun.security.ssl.SSLSocketImpl.setEnabledCipherSuites(SSLSocketImpl.java:2419)
	at javax.net.ssl.SSLSocket.setSSLParameters(SSLSocket.java:650)
	at sun.security.ssl.SSLSocketImpl.setSSLParameters(SSLSocketImpl.java:2544)
	at org.apache.zookeeper.common.SSLContextAndOptions.configureSSLSocket(SSLContextAndOptions.java:125)
	at org.apache.zookeeper.common.SSLContextAndOptions.createSSLSocket(SSLContextAndOptions.java:80)
	at org.apache.zookeeper.common.X509Util.createSSLSocket(X509Util.java:517)
	at org.apache.zookeeper.server.quorum.QuorumCnxManager.initiateConnection(QuorumCnxManager.java:379)
	at org.apache.zookeeper.server.quorum.QuorumCnxManager$QuorumConnectionReqThread.run(QuorumCnxManager.java:458)
	at java.util.concurrent.ThreadPoolExecutor.runWorker(ThreadPoolExecutor.java:1142)
	at java.util.concurrent.ThreadPoolExecutor$Worker.run(ThreadPoolExecutor.java:617)
	at java.lang.Thread.run(Thread.java:745)
Exception in thread "QuorumConnectionThread-[myid=1]-9" java.lang.IllegalArgumentException: Cannot support TLS_ECDHE_ECDSA_WITH_AES_256_CBC_SHA384 with currently installed providers
	at sun.security.ssl.CipherSuiteList.<init>(CipherSuiteList.java:92)
	at sun.security.ssl.SSLSocketImpl.setEnabledCipherSuites(SSLSocketImpl.java:2419)
	at javax.net.ssl.SSLSocket.setSSLParameters(SSLSocket.java:650)
	at sun.security.ssl.SSLSocketImpl.setSSLParameters(SSLSocketImpl.java:2544)
	at org.apache.zookeeper.common.SSLContextAndOptions.configureSSLSocket(SSLContextAndOptions.java:125)
	at org.apache.zookeeper.common.SSLContextAndOptions.createSSLSocket(SSLContextAndOptions.java:80)
	at org.apache.zookeeper.common.X509Util.createSSLSocket(X509Util.java:517)
	at org.apache.zookeeper.server.quorum.QuorumCnxManager.initiateConnection(QuorumCnxManager.java:379)
	at org.apache.zookeeper.server.quorum.QuorumCnxManager$QuorumConnectionReqThread.run(QuorumCnxManager.java:458)
	at java.util.concurrent.ThreadPoolExecutor.runWorker(ThreadPoolExecutor.java:1142)
	at java.util.concurrent.ThreadPoolExecutor$Worker.run(ThreadPoolExecutor.java:617)
	at java.lang.Thread.run(Thread.java:745)
Exception in thread "QuorumConnectionThread-[myid=2]-9" java.lang.IllegalArgumentException: Cannot support TLS_ECDHE_ECDSA_WITH_AES_256_CBC_SHA384 with currently installed providers
	at sun.security.ssl.CipherSuiteList.<init>(CipherSuiteList.java:92)
	at sun.security.ssl.SSLSocketImpl.setEnabledCipherSuites(SSLSocketImpl.java:2419)
	at javax.net.ssl.SSLSocket.setSSLParameters(SSLSocket.java:650)
	at sun.security.ssl.SSLSocketImpl.setSSLParameters(SSLSocketImpl.java:2544)
	at org.apache.zookeeper.common.SSLContextAndOptions.configureSSLSocket(SSLContextAndOptions.java:125)
	at org.apache.zookeeper.common.SSLContextAndOptions.createSSLSocket(SSLContextAndOptions.java:80)
	at org.apache.zookeeper.common.X509Util.createSSLSocket(X509Util.java:517)
	at org.apache.zookeeper.server.quorum.QuorumCnxManager.initiateConnection(QuorumCnxManager.java:379)
	at org.apache.zookeeper.server.quorum.QuorumCnxManager$QuorumConnectionReqThread.run(QuorumCnxManager.java:458)
	at java.util.concurrent.ThreadPoolExecutor.runWorker(ThreadPoolExecutor.java:1142)
	at java.util.concurrent.ThreadPoolExecutor$Worker.run(ThreadPoolExecutor.java:617)
	at java.lang.Thread.run(Thread.java:745)
Exception in thread "QuorumConnectionThread-[myid=2]-8" java.lang.IllegalArgumentException: Cannot support TLS_ECDHE_ECDSA_WITH_AES_256_CBC_SHA384 with currently installed providers
	at sun.security.ssl.CipherSuiteList.<init>(CipherSuiteList.java:92)
	at sun.security.ssl.SSLSocketImpl.setEnabledCipherSuites(SSLSocketImpl.java:2419)
	at javax.net.ssl.SSLSocket.setSSLParameters(SSLSocket.java:650)
	at sun.security.ssl.SSLSocketImpl.setSSLParameters(SSLSocketImpl.java:2544)
	at org.apache.zookeeper.common.SSLContextAndOptions.configureSSLSocket(SSLContextAndOptions.java:125)
	at org.apache.zookeeper.common.SSLContextAndOptions.createSSLSocket(SSLContextAndOptions.java:80)
	at org.apache.zookeeper.common.X509Util.createSSLSocket(X509Util.java:517)
	at org.apache.zookeeper.server.quorum.QuorumCnxManager.initiateConnection(QuorumCnxManager.java:379)
	at org.apache.zookeeper.server.quorum.QuorumCnxManager$QuorumConnectionReqThread.run(QuorumCnxManager.java:458)
	at java.util.concurrent.ThreadPoolExecutor.runWorker(ThreadPoolExecutor.java:1142)
	at java.util.concurrent.ThreadPoolExecutor$Worker.run(ThreadPoolExecutor.java:617)
	at java.lang.Thread.run(Thread.java:745)
Exception in thread "QuorumConnectionThread-[myid=1]-8" java.lang.IllegalArgumentException: Cannot support TLS_ECDHE_ECDSA_WITH_AES_256_CBC_SHA384 with currently installed providers
	at sun.security.ssl.CipherSuiteList.<init>(CipherSuiteList.java:92)
	at sun.security.ssl.SSLSocketImpl.setEnabledCipherSuites(SSLSocketImpl.java:2419)
	at javax.net.ssl.SSLSocket.setSSLParameters(SSLSocket.java:650)
	at sun.security.ssl.SSLSocketImpl.setSSLParameters(SSLSocketImpl.java:2544)
	at org.apache.zookeeper.common.SSLContextAndOptions.configureSSLSocket(SSLContextAndOptions.java:125)
	at org.apache.zookeeper.common.SSLContextAndOptions.createSSLSocket(SSLContextAndOptions.java:80)
	at org.apache.zookeeper.common.X509Util.createSSLSocket(X509Util.java:517)
	at org.apache.zookeeper.server.quorum.QuorumCnxManager.initiateConnection(QuorumCnxManager.java:379)
	at org.apache.zookeeper.server.quorum.QuorumCnxManager$QuorumConnectionReqThread.run(QuorumCnxManager.java:458)
	at java.util.concurrent.ThreadPoolExecutor.runWorker(ThreadPoolExecutor.java:1142)
	at java.util.concurrent.ThreadPoolExecutor$Worker.run(ThreadPoolExecutor.java:617)
	at java.lang.Thread.run(Thread.java:745)
Exception in thread "QuorumConnectionThread-[myid=2]-11" java.lang.IllegalArgumentException: Cannot support TLS_ECDHE_ECDSA_WITH_AES_256_CBC_SHA384 with currently installed providers
	at sun.security.ssl.CipherSuiteList.<init>(CipherSuiteList.java:92)
	at sun.security.ssl.SSLSocketImpl.setEnabledCipherSuites(SSLSocketImpl.java:2419)
	at javax.net.ssl.SSLSocket.setSSLParameters(SSLSocket.java:650)
	at sun.security.ssl.SSLSocketImpl.setSSLParameters(SSLSocketImpl.java:2544)
	at org.apache.zookeeper.common.SSLContextAndOptions.configureSSLSocket(SSLContextAndOptions.java:125)
	at org.apache.zookeeper.common.SSLContextAndOptions.createSSLSocket(SSLContextAndOptions.java:80)
	at org.apache.zookeeper.common.X509Util.createSSLSocket(X509Util.java:517)
	at org.apache.zookeeper.server.quorum.QuorumCnxManager.initiateConnection(QuorumCnxManager.java:379)
	at org.apache.zookeeper.server.quorum.QuorumCnxManager$QuorumConnectionReqThread.run(QuorumCnxManager.java:458)
	at java.util.concurrent.ThreadPoolExecutor.runWorker(ThreadPoolExecutor.java:1142)
	at java.util.concurrent.ThreadPoolExecutor$Worker.run(ThreadPoolExecutor.java:617)
	at java.lang.Thread.run(Thread.java:745)
Exception in thread "QuorumConnectionThread-[myid=1]-10" java.lang.IllegalArgumentException: Cannot support TLS_ECDHE_ECDSA_WITH_AES_256_CBC_SHA384 with currently installed providers
	at sun.security.ssl.CipherSuiteList.<init>(CipherSuiteList.java:92)
	at sun.security.ssl.SSLSocketImpl.setEnabledCipherSuites(SSLSocketImpl.java:2419)
	at javax.net.ssl.SSLSocket.setSSLParameters(SSLSocket.java:650)
	at sun.security.ssl.SSLSocketImpl.setSSLParameters(SSLSocketImpl.java:2544)
	at org.apache.zookeeper.common.SSLContextAndOptions.configureSSLSocket(SSLContextAndOptions.java:125)
	at org.apache.zookeeper.common.SSLContextAndOptions.createSSLSocket(SSLContextAndOptions.java:80)
	at org.apache.zookeeper.common.X509Util.createSSLSocket(X509Util.java:517)
	at org.apache.zookeeper.server.quorum.QuorumCnxManager.initiateConnection(QuorumCnxManager.java:379)
	at org.apache.zookeeper.server.quorum.QuorumCnxManager$QuorumConnectionReqThread.run(QuorumCnxManager.java:458)
	at java.util.concurrent.ThreadPoolExecutor.runWorker(ThreadPoolExecutor.java:1142)
	at java.util.concurrent.ThreadPoolExecutor$Worker.run(ThreadPoolExecutor.java:617)
	at java.lang.Thread.run(Thread.java:745)
Exception in thread "QuorumConnectionThread-[myid=1]-11" java.lang.IllegalArgumentException: Cannot support TLS_ECDHE_ECDSA_WITH_AES_256_CBC_SHA384 with currently installed providers
	at sun.security.ssl.CipherSuiteList.<init>(CipherSuiteList.java:92)
	at sun.security.ssl.SSLSocketImpl.setEnabledCipherSuites(SSLSocketImpl.java:2419)
	at javax.net.ssl.SSLSocket.setSSLParameters(SSLSocket.java:650)
	at sun.security.ssl.SSLSocketImpl.setSSLParameters(SSLSocketImpl.java:2544)
	at org.apache.zookeeper.common.SSLContextAndOptions.configureSSLSocket(SSLContextAndOptions.java:125)
	at org.apache.zookeeper.common.SSLContextAndOptions.createSSLSocket(SSLContextAndOptions.java:80)
	at org.apache.zookeeper.common.X509Util.createSSLSocket(X509Util.java:517)
	at org.apache.zookeeper.server.quorum.QuorumCnxManager.initiateConnection(QuorumCnxManager.java:379)
	at org.apache.zookeeper.server.quorum.QuorumCnxManager$QuorumConnectionReqThread.run(QuorumCnxManager.java:458)
	at java.util.concurrent.ThreadPoolExecutor.runWorker(ThreadPoolExecutor.java:1142)
	at java.util.concurrent.ThreadPoolExecutor$Worker.run(ThreadPoolExecutor.java:617)
	at java.lang.Thread.run(Thread.java:745)
Exception in thread "QuorumConnectionThread-[myid=2]-10" java.lang.IllegalArgumentException: Cannot support TLS_ECDHE_ECDSA_WITH_AES_256_CBC_SHA384 with currently installed providers
	at sun.security.ssl.CipherSuiteList.<init>(CipherSuiteList.java:92)
	at sun.security.ssl.SSLSocketImpl.setEnabledCipherSuites(SSLSocketImpl.java:2419)
	at javax.net.ssl.SSLSocket.setSSLParameters(SSLSocket.java:650)
	at sun.security.ssl.SSLSocketImpl.setSSLParameters(SSLSocketImpl.java:2544)
	at org.apache.zookeeper.common.SSLContextAndOptions.configureSSLSocket(SSLContextAndOptions.java:125)
	at org.apache.zookeeper.common.SSLContextAndOptions.createSSLSocket(SSLContextAndOptions.java:80)
	at org.apache.zookeeper.common.X509Util.createSSLSocket(X509Util.java:517)
	at org.apache.zookeeper.server.quorum.QuorumCnxManager.initiateConnection(QuorumCnxManager.java:379)
	at org.apache.zookeeper.server.quorum.QuorumCnxManager$QuorumConnectionReqThread.run(QuorumCnxManager.java:458)
	at java.util.concurrent.ThreadPoolExecutor.runWorker(ThreadPoolExecutor.java:1142)
	at java.util.concurrent.ThreadPoolExecutor$Worker.run(ThreadPoolExecutor.java:617)
	at java.lang.Thread.run(Thread.java:745)
Exception in thread "QuorumConnectionThread-[myid=2]-13" java.lang.IllegalArgumentException: Cannot support TLS_ECDHE_ECDSA_WITH_AES_256_CBC_SHA384 with currently installed providers
	at sun.security.ssl.CipherSuiteList.<init>(CipherSuiteList.java:92)
	at sun.security.ssl.SSLSocketImpl.setEnabledCipherSuites(SSLSocketImpl.java:2419)
	at javax.net.ssl.SSLSocket.setSSLParameters(SSLSocket.java:650)
	at sun.security.ssl.SSLSocketImpl.setSSLParameters(SSLSocketImpl.java:2544)
	at org.apache.zookeeper.common.SSLContextAndOptions.configureSSLSocket(SSLContextAndOptions.java:125)
	at org.apache.zookeeper.common.SSLContextAndOptions.createSSLSocket(SSLContextAndOptions.java:80)
	at org.apache.zookeeper.common.X509Util.createSSLSocket(X509Util.java:517)
	at org.apache.zookeeper.server.quorum.QuorumCnxManager.initiateConnection(QuorumCnxManager.java:379)
	at org.apache.zookeeper.server.quorum.QuorumCnxManager$QuorumConnectionReqThread.run(QuorumCnxManager.java:458)
	at java.util.concurrent.ThreadPoolExecutor.runWorker(ThreadPoolExecutor.java:1142)
	at java.util.concurrent.ThreadPoolExecutor$Worker.run(ThreadPoolExecutor.java:617)
	at java.lang.Thread.run(Thread.java:745)
Exception in thread "QuorumConnectionThread-[myid=1]-12" Exception in thread "QuorumConnectionThread-[myid=2]-12" java.lang.IllegalArgumentException: Cannot support TLS_ECDHE_ECDSA_WITH_AES_256_CBC_SHA384 with currently installed providers
	at sun.security.ssl.CipherSuiteList.<init>(CipherSuiteList.java:92)
	at sun.security.ssl.SSLSocketImpl.setEnabledCipherSuites(SSLSocketImpl.java:2419)
	at javax.net.ssl.SSLSocket.setSSLParameters(SSLSocket.java:650)
	at sun.security.ssl.SSLSocketImpl.setSSLParameters(SSLSocketImpl.java:2544)
	at org.apache.zookeeper.common.SSLContextAndOptions.configureSSLSocket(SSLContextAndOptions.java:125)
	at org.apache.zookeeper.common.SSLContextAndOptions.createSSLSocket(SSLContextAndOptions.java:80)
	at org.apache.zookeeper.common.X509Util.createSSLSocket(X509Util.java:517)
	at org.apache.zookeeper.server.quorum.QuorumCnxManager.initiateConnection(QuorumCnxManager.java:379)
	at org.apache.zookeeper.server.quorum.QuorumCnxManager$QuorumConnectionReqThread.run(QuorumCnxManager.java:458)
	at java.util.concurrent.ThreadPoolExecutor.runWorker(ThreadPoolExecutor.java:1142)
	at java.util.concurrent.ThreadPoolExecutor$Worker.run(ThreadPoolExecutor.java:617)
	at java.lang.Thread.run(Thread.java:745)
Exception in thread "QuorumConnectionThread-[myid=1]-13" java.lang.IllegalArgumentException: Cannot support TLS_ECDHE_ECDSA_WITH_AES_256_CBC_SHA384 with currently installed providers
	at sun.security.ssl.CipherSuiteList.<init>(CipherSuiteList.java:92)
	at sun.security.ssl.SSLSocketImpl.setEnabledCipherSuites(SSLSocketImpl.java:2419)
	at javax.net.ssl.SSLSocket.setSSLParameters(SSLSocket.java:650)
	at sun.security.ssl.SSLSocketImpl.setSSLParameters(SSLSocketImpl.java:2544)
	at org.apache.zookeeper.common.SSLContextAndOptions.configureSSLSocket(SSLContextAndOptions.java:125)
	at org.apache.zookeeper.common.SSLContextAndOptions.createSSLSocket(SSLContextAndOptions.java:80)
	at org.apache.zookeeper.common.X509Util.createSSLSocket(X509Util.java:517)
	at org.apache.zookeeper.server.quorum.QuorumCnxManager.initiateConnection(QuorumCnxManager.java:379)
	at org.apache.zookeeper.server.quorum.QuorumCnxManager$QuorumConnectionReqThread.run(QuorumCnxManager.java:458)
	at java.util.concurrent.ThreadPoolExecutor.runWorker(ThreadPoolExecutor.java:1142)
	at java.util.concurrent.ThreadPoolExecutor$Worker.run(ThreadPoolExecutor.java:617)
	at java.lang.Thread.run(Thread.java:745)
java.lang.IllegalArgumentException: Cannot support TLS_ECDHE_ECDSA_WITH_AES_256_CBC_SHA384 with currently installed providers
	at sun.security.ssl.CipherSuiteList.<init>(CipherSuiteList.java:92)
	at sun.security.ssl.SSLSocketImpl.setEnabledCipherSuites(SSLSocketImpl.java:2419)
	at javax.net.ssl.SSLSocket.setSSLParameters(SSLSocket.java:650)
	at sun.security.ssl.SSLSocketImpl.setSSLParameters(SSLSocketImpl.java:2544)
	at org.apache.zookeeper.common.SSLContextAndOptions.configureSSLSocket(SSLContextAndOptions.java:125)
	at org.apache.zookeeper.common.SSLContextAndOptions.createSSLSocket(SSLContextAndOptions.java:80)
	at org.apache.zookeeper.common.X509Util.createSSLSocket(X509Util.java:517)
	at org.apache.zookeeper.server.quorum.QuorumCnxManager.initiateConnection(QuorumCnxManager.java:379)
	at org.apache.zookeeper.server.quorum.QuorumCnxManager$QuorumConnectionReqThread.run(QuorumCnxManager.java:458)
	at java.util.concurrent.ThreadPoolExecutor.runWorker(ThreadPoolExecutor.java:1142)
	at java.util.concurrent.ThreadPoolExecutor$Worker.run(ThreadPoolExecutor.java:617)
	at java.lang.Thread.run(Thread.java:745)
Exception in thread "QuorumConnectionThread-[myid=2]-15" java.lang.IllegalArgumentException: Cannot support TLS_ECDHE_ECDSA_WITH_AES_256_CBC_SHA384 with currently installed providers
	at sun.security.ssl.CipherSuiteList.<init>(CipherSuiteList.java:92)
	at sun.security.ssl.SSLSocketImpl.setEnabledCipherSuites(SSLSocketImpl.java:2419)
	at javax.net.ssl.SSLSocket.setSSLParameters(SSLSocket.java:650)
	at sun.security.ssl.SSLSocketImpl.setSSLParameters(SSLSocketImpl.java:2544)
	at org.apache.zookeeper.common.SSLContextAndOptions.configureSSLSocket(SSLContextAndOptions.java:125)
	at org.apache.zookeeper.common.SSLContextAndOptions.createSSLSocket(SSLContextAndOptions.java:80)
	at org.apache.zookeeper.common.X509Util.createSSLSocket(X509Util.java:517)
	at org.apache.zookeeper.server.quorum.QuorumCnxManager.initiateConnection(QuorumCnxManager.java:379)
	at org.apache.zookeeper.server.quorum.QuorumCnxManager$QuorumConnectionReqThread.run(QuorumCnxManager.java:458)
	at java.util.concurrent.ThreadPoolExecutor.runWorker(ThreadPoolExecutor.java:1142)
	at java.util.concurrent.ThreadPoolExecutor$Worker.run(ThreadPoolExecutor.java:617)
	at java.lang.Thread.run(Thread.java:745)
Exception in thread "QuorumConnectionThread-[myid=1]-15" java.lang.IllegalArgumentException: Cannot support TLS_ECDHE_ECDSA_WITH_AES_256_CBC_SHA384 with currently installed providers
	at sun.security.ssl.CipherSuiteList.<init>(CipherSuiteList.java:92)
	at sun.security.ssl.SSLSocketImpl.setEnabledCipherSuites(SSLSocketImpl.java:2419)
	at javax.net.ssl.SSLSocket.setSSLParameters(SSLSocket.java:650)
	at sun.security.ssl.SSLSocketImpl.setSSLParameters(SSLSocketImpl.java:2544)
	at org.apache.zookeeper.common.SSLContextAndOptions.configureSSLSocket(SSLContextAndOptions.java:125)
	at org.apache.zookeeper.common.SSLContextAndOptions.createSSLSocket(SSLContextAndOptions.java:80)
	at org.apache.zookeeper.common.X509Util.createSSLSocket(X509Util.java:517)
	at org.apache.zookeeper.server.quorum.QuorumCnxManager.initiateConnection(QuorumCnxManager.java:379)
	at org.apache.zookeeper.server.quorum.QuorumCnxManager$QuorumConnectionReqThread.run(QuorumCnxManager.java:458)
	at java.util.concurrent.ThreadPoolExecutor.runWorker(ThreadPoolExecutor.java:1142)
	at java.util.concurrent.ThreadPoolExecutor$Worker.run(ThreadPoolExecutor.java:617)
	at java.lang.Thread.run(Thread.java:745)
Exception in thread "QuorumConnectionThread-[myid=2]-14" java.lang.IllegalArgumentException: Cannot support TLS_ECDHE_ECDSA_WITH_AES_256_CBC_SHA384 with currently installed providers
	at sun.security.ssl.CipherSuiteList.<init>(CipherSuiteList.java:92)
	at sun.security.ssl.SSLSocketImpl.setEnabledCipherSuites(SSLSocketImpl.java:2419)
	at javax.net.ssl.SSLSocket.setSSLParameters(SSLSocket.java:650)
	at sun.security.ssl.SSLSocketImpl.setSSLParameters(SSLSocketImpl.java:2544)
	at org.apache.zookeeper.common.SSLContextAndOptions.configureSSLSocket(SSLContextAndOptions.java:125)
	at org.apache.zookeeper.common.SSLContextAndOptions.createSSLSocket(SSLContextAndOptions.java:80)
	at org.apache.zookeeper.common.X509Util.createSSLSocket(X509Util.java:517)
	at org.apache.zookeeper.server.quorum.QuorumCnxManager.initiateConnection(QuorumCnxManager.java:379)
	at org.apache.zookeeper.server.quorum.QuorumCnxManager$QuorumConnectionReqThread.run(QuorumCnxManager.java:458)
	at java.util.concurrent.ThreadPoolExecutor.runWorker(ThreadPoolExecutor.java:1142)
	at java.util.concurrent.ThreadPoolExecutor$Worker.run(ThreadPoolExecutor.java:617)
	at java.lang.Thread.run(Thread.java:745)
Exception in thread "QuorumConnectionThread-[myid=1]-14" java.lang.IllegalArgumentException: Cannot support TLS_ECDHE_ECDSA_WITH_AES_256_CBC_SHA384 with currently installed providers
	at sun.security.ssl.CipherSuiteList.<init>(CipherSuiteList.java:92)
	at sun.security.ssl.SSLSocketImpl.setEnabledCipherSuites(SSLSocketImpl.java:2419)
	at javax.net.ssl.SSLSocket.setSSLParameters(SSLSocket.java:650)
	at sun.security.ssl.SSLSocketImpl.setSSLParameters(SSLSocketImpl.java:2544)
	at org.apache.zookeeper.common.SSLContextAndOptions.configureSSLSocket(SSLContextAndOptions.java:125)
	at org.apache.zookeeper.common.SSLContextAndOptions.createSSLSocket(SSLContextAndOptions.java:80)
	at org.apache.zookeeper.common.X509Util.createSSLSocket(X509Util.java:517)
	at org.apache.zookeeper.server.quorum.QuorumCnxManager.initiateConnection(QuorumCnxManager.java:379)
	at org.apache.zookeeper.server.quorum.QuorumCnxManager$QuorumConnectionReqThread.run(QuorumCnxManager.java:458)
	at java.util.concurrent.ThreadPoolExecutor.runWorker(ThreadPoolExecutor.java:1142)
	at java.util.concurrent.ThreadPoolExecutor$Worker.run(ThreadPoolExecutor.java:617)
	at java.lang.Thread.run(Thread.java:745)
Exception in thread "QuorumConnectionThread-[myid=1]-17" java.lang.IllegalArgumentException: Cannot support TLS_ECDHE_ECDSA_WITH_AES_256_CBC_SHA384 with currently installed providers
	at sun.security.ssl.CipherSuiteList.<init>(CipherSuiteList.java:92)
	at sun.security.ssl.SSLSocketImpl.setEnabledCipherSuites(SSLSocketImpl.java:2419)
	at javax.net.ssl.SSLSocket.setSSLParameters(SSLSocket.java:650)
	at sun.security.ssl.SSLSocketImpl.setSSLParameters(SSLSocketImpl.java:2544)
	at org.apache.zookeeper.common.SSLContextAndOptions.configureSSLSocket(SSLContextAndOptions.java:125)
	at org.apache.zookeeper.common.SSLContextAndOptions.createSSLSocket(SSLContextAndOptions.java:80)
	at org.apache.zookeeper.common.X509Util.createSSLSocket(X509Util.java:517)
	at org.apache.zookeeper.server.quorum.QuorumCnxManager.initiateConnection(QuorumCnxManager.java:379)
	at org.apache.zookeeper.server.quorum.QuorumCnxManager$QuorumConnectionReqThread.run(QuorumCnxManager.java:458)
	at java.util.concurrent.ThreadPoolExecutor.runWorker(ThreadPoolExecutor.java:1142)
	at java.util.concurrent.ThreadPoolExecutor$Worker.run(ThreadPoolExecutor.java:617)
	at java.lang.Thread.run(Thread.java:745)
Exception in thread "QuorumConnectionThread-[myid=2]-17" java.lang.IllegalArgumentException: Cannot support TLS_ECDHE_ECDSA_WITH_AES_256_CBC_SHA384 with currently installed providers
	at sun.security.ssl.CipherSuiteList.<init>(CipherSuiteList.java:92)
	at sun.security.ssl.SSLSocketImpl.setEnabledCipherSuites(SSLSocketImpl.java:2419)
	at javax.net.ssl.SSLSocket.setSSLParameters(SSLSocket.java:650)
	at sun.security.ssl.SSLSocketImpl.setSSLParameters(SSLSocketImpl.java:2544)
	at org.apache.zookeeper.common.SSLContextAndOptions.configureSSLSocket(SSLContextAndOptions.java:125)
	at org.apache.zookeeper.common.SSLContextAndOptions.createSSLSocket(SSLContextAndOptions.java:80)
	at org.apache.zookeeper.common.X509Util.createSSLSocket(X509Util.java:517)
	at org.apache.zookeeper.server.quorum.QuorumCnxManager.initiateConnection(QuorumCnxManager.java:379)
	at org.apache.zookeeper.server.quorum.QuorumCnxManager$QuorumConnectionReqThread.run(QuorumCnxManager.java:458)
	at java.util.concurrent.ThreadPoolExecutor.runWorker(ThreadPoolExecutor.java:1142)
	at java.util.concurrent.ThreadPoolExecutor$Worker.run(ThreadPoolExecutor.java:617)
	at java.lang.Thread.run(Thread.java:745)
Exception in thread "QuorumConnectionThread-[myid=1]-16" java.lang.IllegalArgumentException: Cannot support TLS_ECDHE_ECDSA_WITH_AES_256_CBC_SHA384 with currently installed providers
	at sun.security.ssl.CipherSuiteList.<init>(CipherSuiteList.java:92)
	at sun.security.ssl.SSLSocketImpl.setEnabledCipherSuites(SSLSocketImpl.java:2419)
	at javax.net.ssl.SSLSocket.setSSLParameters(SSLSocket.java:650)
	at sun.security.ssl.SSLSocketImpl.setSSLParameters(SSLSocketImpl.java:2544)
	at org.apache.zookeeper.common.SSLContextAndOptions.configureSSLSocket(SSLContextAndOptions.java:125)
	at org.apache.zookeeper.common.SSLContextAndOptions.createSSLSocket(SSLContextAndOptions.java:80)
	at org.apache.zookeeper.common.X509Util.createSSLSocket(X509Util.java:517)
	at org.apache.zookeeper.server.quorum.QuorumCnxManager.initiateConnection(QuorumCnxManager.java:379)
	at org.apache.zookeeper.server.quorum.QuorumCnxManager$QuorumConnectionReqThread.run(QuorumCnxManager.java:458)
	at java.util.concurrent.ThreadPoolExecutor.runWorker(ThreadPoolExecutor.java:1142)
	at java.util.concurrent.ThreadPoolExecutor$Worker.run(ThreadPoolExecutor.java:617)
	at java.lang.Thread.run(Thread.java:745)
Exception in thread "QuorumConnectionThread-[myid=2]-16" java.lang.IllegalArgumentException: Cannot support TLS_ECDHE_ECDSA_WITH_AES_256_CBC_SHA384 with currently installed providers
	at sun.security.ssl.CipherSuiteList.<init>(CipherSuiteList.java:92)
	at sun.security.ssl.SSLSocketImpl.setEnabledCipherSuites(SSLSocketImpl.java:2419)
	at javax.net.ssl.SSLSocket.setSSLParameters(SSLSocket.java:650)
	at sun.security.ssl.SSLSocketImpl.setSSLParameters(SSLSocketImpl.java:2544)
	at org.apache.zookeeper.common.SSLContextAndOptions.configureSSLSocket(SSLContextAndOptions.java:125)
	at org.apache.zookeeper.common.SSLContextAndOptions.createSSLSocket(SSLContextAndOptions.java:80)
	at org.apache.zookeeper.common.X509Util.createSSLSocket(X509Util.java:517)
	at org.apache.zookeeper.server.quorum.QuorumCnxManager.initiateConnection(QuorumCnxManager.java:379)
	at org.apache.zookeeper.server.quorum.QuorumCnxManager$QuorumConnectionReqThread.run(QuorumCnxManager.java:458)
	at java.util.concurrent.ThreadPoolExecutor.runWorker(ThreadPoolExecutor.java:1142)
	at java.util.concurrent.ThreadPoolExecutor$Worker.run(ThreadPoolExecutor.java:617)
	at java.lang.Thread.run(Thread.java:745)
]]></system-err>
  </testcase>
  <testcase name="testHostnameVerificationWithInvalidIpAddressAndValidHostname" classname="org.apache.zookeeper.server.quorum.QuorumSSLTest" time="37.219">
    <failure message="expected: &lt;true&gt; but was: &lt;false&gt;" type="org.opentest4j.AssertionFailedError"><![CDATA[org.opentest4j.AssertionFailedError: expected: <true> but was: <false>
	at org.apache.zookeeper.server.quorum.QuorumSSLTest.testHostnameVerification(QuorumSSLTest.java:671)
	at org.apache.zookeeper.server.quorum.QuorumSSLTest.testHostnameVerificationWithInvalidIpAddressAndValidHostname(QuorumSSLTest.java:637)
]]></failure>
    <system-out><![CDATA[2021-11-08 11:16:15,486 [myid:] - INFO  [main:ZKTestCase@77] - STARTING Optional[public void org.apache.zookeeper.server.quorum.QuorumSSLTest.testHostnameVerificationWithInvalidIpAddressAndValidHostname() throws java.lang.Exception]
2021-11-08 11:16:15,487 [myid:] - INFO  [main:PortAssignment@87] - Assigned port 30149 from range 30072 - 32764.
2021-11-08 11:16:15,488 [myid:] - INFO  [main:PortAssignment@87] - Assigned port 30150 from range 30072 - 32764.
2021-11-08 11:16:15,488 [myid:] - INFO  [main:PortAssignment@87] - Assigned port 30151 from range 30072 - 32764.
2021-11-08 11:16:15,488 [myid:] - INFO  [main:PortAssignment@87] - Assigned port 30152 from range 30072 - 32764.
2021-11-08 11:16:15,488 [myid:] - INFO  [main:PortAssignment@87] - Assigned port 30153 from range 30072 - 32764.
2021-11-08 11:16:15,489 [myid:] - INFO  [main:PortAssignment@87] - Assigned port 30154 from range 30072 - 32764.
2021-11-08 11:16:15,489 [myid:] - INFO  [main:PortAssignment@87] - Assigned port 30155 from range 30072 - 32764.
2021-11-08 11:16:15,489 [myid:] - INFO  [main:PortAssignment@87] - Assigned port 30156 from range 30072 - 32764.
2021-11-08 11:16:15,489 [myid:] - INFO  [main:PortAssignment@87] - Assigned port 30157 from range 30072 - 32764.
2021-11-08 11:16:16,055 [myid:1] - INFO  [WorkerSender[myid=1]:FastLeaderElection$Messenger$WorkerSender@506] - WorkerSender is down
2021-11-08 11:16:16,056 [myid:2] - INFO  [WorkerSender[myid=2]:FastLeaderElection$Messenger$WorkerSender@506] - WorkerSender is down
2021-11-08 11:16:16,066 [myid:2] - INFO  [WorkerReceiver[myid=2]:FastLeaderElection$Messenger$WorkerReceiver@472] - WorkerReceiver is down
2021-11-08 11:16:16,066 [myid:1] - INFO  [WorkerReceiver[myid=1]:FastLeaderElection$Messenger$WorkerReceiver@472] - WorkerReceiver is down
2021-11-08 11:16:22,622 [myid:] - INFO  [main:QuorumPeerTestBase$MainThread@205] - id = 1 tmpDir = D:\mysoft\faiscoGit\myStudy\ZooKeeperLearning\apache-zookeeper-3.7.0\zookeeper-server\target\surefire\test4919983071784308284.junit.dir clientPort = 30149 adminServerPort = 8080
2021-11-08 11:16:22,625 [myid:] - INFO  [main:QuorumPeerTestBase$MainThread@205] - id = 2 tmpDir = D:\mysoft\faiscoGit\myStudy\ZooKeeperLearning\apache-zookeeper-3.7.0\zookeeper-server\target\surefire\test6644802912751653216.junit.dir clientPort = 30150 adminServerPort = 8080
2021-11-08 11:16:22,627 [myid:] - INFO  [main:FourLetterWordMain@94] - connecting to 127.0.0.1 30149
2021-11-08 11:16:22,627 [myid:] - INFO  [Thread-31:QuorumPeerConfig@174] - Reading configuration from: D:\mysoft\faiscoGit\myStudy\ZooKeeperLearning\apache-zookeeper-3.7.0\zookeeper-server\target\surefire\test4919983071784308284.junit.dir\zoo.cfg
2021-11-08 11:16:22,627 [myid:] - INFO  [Thread-32:QuorumPeerConfig@174] - Reading configuration from: D:\mysoft\faiscoGit\myStudy\ZooKeeperLearning\apache-zookeeper-3.7.0\zookeeper-server\target\surefire\test6644802912751653216.junit.dir\zoo.cfg
2021-11-08 11:16:22,627 [myid:] - INFO  [Thread-32:QuorumPeerConfig@444] - clientPortAddress is 0.0.0.0:30150
2021-11-08 11:16:22,627 [myid:] - INFO  [Thread-31:QuorumPeerConfig@444] - clientPortAddress is 0.0.0.0:30149
2021-11-08 11:16:22,627 [myid:] - INFO  [Thread-31:QuorumPeerConfig@448] - secureClientPort is not set
2021-11-08 11:16:22,627 [myid:] - INFO  [Thread-31:QuorumPeerConfig@464] - observerMasterPort is not set
2021-11-08 11:16:22,627 [myid:] - INFO  [Thread-31:QuorumPeerConfig@481] - metricsProvider.className is org.apache.zookeeper.metrics.impl.DefaultMetricsProvider
2021-11-08 11:16:22,627 [myid:] - INFO  [Thread-32:QuorumPeerConfig@448] - secureClientPort is not set
2021-11-08 11:16:22,627 [myid:] - INFO  [Thread-32:QuorumPeerConfig@464] - observerMasterPort is not set
2021-11-08 11:16:22,627 [myid:] - INFO  [Thread-32:QuorumPeerConfig@481] - metricsProvider.className is org.apache.zookeeper.metrics.impl.DefaultMetricsProvider
2021-11-08 11:16:22,628 [myid:1] - INFO  [Thread-31:DatadirCleanupManager@78] - autopurge.snapRetainCount set to 3
2021-11-08 11:16:22,628 [myid:1] - INFO  [Thread-31:DatadirCleanupManager@79] - autopurge.purgeInterval set to 0
2021-11-08 11:16:22,628 [myid:1] - INFO  [Thread-31:DatadirCleanupManager@101] - Purge task is not scheduled.
2021-11-08 11:16:22,628 [myid:1] - INFO  [Thread-31:ManagedUtil@44] - Log4j 1.2 jmx support found and enabled.
2021-11-08 11:16:22,628 [myid:2] - INFO  [Thread-32:DatadirCleanupManager@78] - autopurge.snapRetainCount set to 3
2021-11-08 11:16:22,628 [myid:2] - INFO  [Thread-32:DatadirCleanupManager@79] - autopurge.purgeInterval set to 0
2021-11-08 11:16:22,628 [myid:2] - INFO  [Thread-32:DatadirCleanupManager@101] - Purge task is not scheduled.
2021-11-08 11:16:22,628 [myid:1] - ERROR [Thread-31:ManagedUtil@109] - Problems while registering log4j 1.2 jmx beans!
javax.management.InstanceAlreadyExistsException: log4j:hierarchy=default
	at com.sun.jmx.mbeanserver.Repository.addMBean(Repository.java:437)
	at com.sun.jmx.interceptor.DefaultMBeanServerInterceptor.registerWithRepository(DefaultMBeanServerInterceptor.java:1898)
	at com.sun.jmx.interceptor.DefaultMBeanServerInterceptor.registerDynamicMBean(DefaultMBeanServerInterceptor.java:966)
	at com.sun.jmx.interceptor.DefaultMBeanServerInterceptor.registerObject(DefaultMBeanServerInterceptor.java:900)
	at com.sun.jmx.interceptor.DefaultMBeanServerInterceptor.registerMBean(DefaultMBeanServerInterceptor.java:324)
	at com.sun.jmx.mbeanserver.JmxMBeanServer.registerMBean(JmxMBeanServer.java:522)
	at org.apache.zookeeper.jmx.ManagedUtil.registerLog4jMBeans(ManagedUtil.java:72)
	at org.apache.zookeeper.server.quorum.QuorumPeerMain.runFromConfig(QuorumPeerMain.java:147)
	at org.apache.zookeeper.server.quorum.QuorumPeerMain.initializeAndRun(QuorumPeerMain.java:137)
	at org.apache.zookeeper.server.quorum.QuorumPeerTestBase$MainThread.run(QuorumPeerTestBase.java:329)
	at java.lang.Thread.run(Thread.java:745)
2021-11-08 11:16:22,629 [myid:1] - WARN  [Thread-31:QuorumPeerMain@149] - Unable to register log4j JMX control
javax.management.JMException: javax.management.InstanceAlreadyExistsException: log4j:hierarchy=default
	at org.apache.zookeeper.jmx.ManagedUtil.registerLog4jMBeans(ManagedUtil.java:110)
	at org.apache.zookeeper.server.quorum.QuorumPeerMain.runFromConfig(QuorumPeerMain.java:147)
	at org.apache.zookeeper.server.quorum.QuorumPeerMain.initializeAndRun(QuorumPeerMain.java:137)
	at org.apache.zookeeper.server.quorum.QuorumPeerTestBase$MainThread.run(QuorumPeerTestBase.java:329)
	at java.lang.Thread.run(Thread.java:745)
2021-11-08 11:16:22,628 [myid:2] - INFO  [Thread-32:ManagedUtil@44] - Log4j 1.2 jmx support found and enabled.
2021-11-08 11:16:22,629 [myid:1] - INFO  [Thread-31:QuorumPeerMain@152] - Starting quorum peer, myid=1
2021-11-08 11:16:22,629 [myid:2] - ERROR [Thread-32:ManagedUtil@109] - Problems while registering log4j 1.2 jmx beans!
javax.management.InstanceAlreadyExistsException: log4j:hierarchy=default
	at com.sun.jmx.mbeanserver.Repository.addMBean(Repository.java:437)
	at com.sun.jmx.interceptor.DefaultMBeanServerInterceptor.registerWithRepository(DefaultMBeanServerInterceptor.java:1898)
	at com.sun.jmx.interceptor.DefaultMBeanServerInterceptor.registerDynamicMBean(DefaultMBeanServerInterceptor.java:966)
	at com.sun.jmx.interceptor.DefaultMBeanServerInterceptor.registerObject(DefaultMBeanServerInterceptor.java:900)
	at com.sun.jmx.interceptor.DefaultMBeanServerInterceptor.registerMBean(DefaultMBeanServerInterceptor.java:324)
	at com.sun.jmx.mbeanserver.JmxMBeanServer.registerMBean(JmxMBeanServer.java:522)
	at org.apache.zookeeper.jmx.ManagedUtil.registerLog4jMBeans(ManagedUtil.java:72)
	at org.apache.zookeeper.server.quorum.QuorumPeerMain.runFromConfig(QuorumPeerMain.java:147)
	at org.apache.zookeeper.server.quorum.QuorumPeerMain.initializeAndRun(QuorumPeerMain.java:137)
	at org.apache.zookeeper.server.quorum.QuorumPeerTestBase$MainThread.run(QuorumPeerTestBase.java:329)
	at java.lang.Thread.run(Thread.java:745)
2021-11-08 11:16:22,629 [myid:1] - INFO  [Thread-31:ServerMetrics@62] - ServerMetrics initialized with provider org.apache.zookeeper.metrics.impl.DefaultMetricsProvider@1397db88
2021-11-08 11:16:22,629 [myid:2] - WARN  [Thread-32:QuorumPeerMain@149] - Unable to register log4j JMX control
javax.management.JMException: javax.management.InstanceAlreadyExistsException: log4j:hierarchy=default
	at org.apache.zookeeper.jmx.ManagedUtil.registerLog4jMBeans(ManagedUtil.java:110)
	at org.apache.zookeeper.server.quorum.QuorumPeerMain.runFromConfig(QuorumPeerMain.java:147)
	at org.apache.zookeeper.server.quorum.QuorumPeerMain.initializeAndRun(QuorumPeerMain.java:137)
	at org.apache.zookeeper.server.quorum.QuorumPeerTestBase$MainThread.run(QuorumPeerTestBase.java:329)
	at java.lang.Thread.run(Thread.java:745)
2021-11-08 11:16:22,629 [myid:2] - INFO  [Thread-32:QuorumPeerMain@152] - Starting quorum peer, myid=2
2021-11-08 11:16:22,629 [myid:2] - INFO  [Thread-32:ServerMetrics@62] - ServerMetrics initialized with provider org.apache.zookeeper.metrics.impl.DefaultMetricsProvider@6a248c54
2021-11-08 11:16:22,629 [myid:1] - INFO  [Thread-31:DigestAuthenticationProvider@61] - zookeeper.DigestAuthenticationProvider.enabled = true
2021-11-08 11:16:22,629 [myid:2] - INFO  [Thread-32:DigestAuthenticationProvider@61] - zookeeper.DigestAuthenticationProvider.enabled = true
2021-11-08 11:16:22,629 [myid:1] - INFO  [Thread-31:NettyServerCnxnFactory@507] - zookeeper.client.portUnification=false
2021-11-08 11:16:22,629 [myid:2] - INFO  [Thread-32:NettyServerCnxnFactory@507] - zookeeper.client.portUnification=false
2021-11-08 11:16:22,630 [myid:1] - INFO  [Thread-31:NettyServerCnxnFactory@519] - zookeeper.netty.advancedFlowControl.enabled = false
2021-11-08 11:16:22,630 [myid:2] - INFO  [Thread-32:NettyServerCnxnFactory@519] - zookeeper.netty.advancedFlowControl.enabled = false
2021-11-08 11:16:22,630 [myid:2] - INFO  [Thread-32:NettyServerCnxnFactory@106] - handshakeThrottlingEnabled = false, zookeeper.netty.server.outstandingHandshake.limit = -1
2021-11-08 11:16:22,630 [myid:1] - INFO  [Thread-31:NettyServerCnxnFactory@106] - handshakeThrottlingEnabled = false, zookeeper.netty.server.outstandingHandshake.limit = -1
2021-11-08 11:16:23,042 [myid:2] - INFO  [Thread-32:ServerCnxnFactory@169] - Using org.apache.zookeeper.server.NettyServerCnxnFactory as server connection factory
2021-11-08 11:16:23,042 [myid:2] - WARN  [Thread-32:ServerCnxnFactory@309] - maxCnxns is not configured, using default value 0.
2021-11-08 11:16:23,042 [myid:2] - INFO  [Thread-32:NettyServerCnxnFactory@606] - configure org.apache.zookeeper.server.NettyServerCnxnFactory@1e8b4426 secure: false on addr /0.0.0.0:30150
2021-11-08 11:16:23,042 [myid:2] - INFO  [Thread-32:FileTxnSnapLog@124] - zookeeper.snapshot.trust.empty : false
2021-11-08 11:16:23,042 [myid:1] - INFO  [Thread-31:ServerCnxnFactory@169] - Using org.apache.zookeeper.server.NettyServerCnxnFactory as server connection factory
2021-11-08 11:16:23,042 [myid:1] - WARN  [Thread-31:ServerCnxnFactory@309] - maxCnxns is not configured, using default value 0.
2021-11-08 11:16:23,042 [myid:1] - INFO  [Thread-31:NettyServerCnxnFactory@606] - configure org.apache.zookeeper.server.NettyServerCnxnFactory@27dfe10e secure: false on addr /0.0.0.0:30149
2021-11-08 11:16:23,042 [myid:1] - INFO  [Thread-31:FileTxnSnapLog@124] - zookeeper.snapshot.trust.empty : false
2021-11-08 11:16:23,047 [myid:1] - INFO  [Thread-31:QuorumPeer@1742] - Local sessions disabled
2021-11-08 11:16:23,047 [myid:1] - INFO  [Thread-31:QuorumPeer@1753] - Local session upgrading disabled
2021-11-08 11:16:23,047 [myid:2] - INFO  [Thread-32:QuorumPeer@1742] - Local sessions disabled
2021-11-08 11:16:23,047 [myid:2] - INFO  [Thread-32:QuorumPeer@1753] - Local session upgrading disabled
2021-11-08 11:16:23,047 [myid:2] - INFO  [Thread-32:QuorumPeer@1720] - tickTime set to 4000
2021-11-08 11:16:23,047 [myid:2] - INFO  [Thread-32:QuorumPeer@1764] - minSessionTimeout set to 8000
2021-11-08 11:16:23,047 [myid:2] - INFO  [Thread-32:QuorumPeer@1775] - maxSessionTimeout set to 80000
2021-11-08 11:16:23,047 [myid:2] - INFO  [Thread-32:QuorumPeer@1800] - initLimit set to 10
2021-11-08 11:16:23,047 [myid:2] - INFO  [Thread-32:QuorumPeer@1987] - syncLimit set to 5
2021-11-08 11:16:23,047 [myid:2] - INFO  [Thread-32:QuorumPeer@2002] - connectToLearnerMasterLimit set to 5
2021-11-08 11:16:23,047 [myid:1] - INFO  [Thread-31:QuorumPeer@1720] - tickTime set to 4000
2021-11-08 11:16:23,048 [myid:1] - INFO  [Thread-31:QuorumPeer@1764] - minSessionTimeout set to 8000
2021-11-08 11:16:23,048 [myid:1] - INFO  [Thread-31:QuorumPeer@1775] - maxSessionTimeout set to 80000
2021-11-08 11:16:23,048 [myid:1] - INFO  [Thread-31:QuorumPeer@1800] - initLimit set to 10
2021-11-08 11:16:23,048 [myid:1] - INFO  [Thread-31:QuorumPeer@1987] - syncLimit set to 5
2021-11-08 11:16:23,048 [myid:1] - INFO  [Thread-31:QuorumPeer@2002] - connectToLearnerMasterLimit set to 5
2021-11-08 11:16:23,048 [myid:2] - INFO  [Thread-32:WatchManagerFactory@42] - Using org.apache.zookeeper.server.watch.WatchManager as watch manager
2021-11-08 11:16:23,048 [myid:2] - INFO  [Thread-32:WatchManagerFactory@42] - Using org.apache.zookeeper.server.watch.WatchManager as watch manager
2021-11-08 11:16:23,048 [myid:1] - INFO  [Thread-31:WatchManagerFactory@42] - Using org.apache.zookeeper.server.watch.WatchManager as watch manager
2021-11-08 11:16:23,048 [myid:2] - INFO  [Thread-32:ZKDatabase@133] - zookeeper.snapshotSizeFactor = 0.33
2021-11-08 11:16:23,049 [myid:2] - INFO  [Thread-32:ZKDatabase@153] - zookeeper.commitLogCount=500
2021-11-08 11:16:23,048 [myid:1] - INFO  [Thread-31:WatchManagerFactory@42] - Using org.apache.zookeeper.server.watch.WatchManager as watch manager
2021-11-08 11:16:23,049 [myid:1] - INFO  [Thread-31:ZKDatabase@133] - zookeeper.snapshotSizeFactor = 0.33
2021-11-08 11:16:23,049 [myid:1] - INFO  [Thread-31:ZKDatabase@153] - zookeeper.commitLogCount=500
2021-11-08 11:16:23,049 [myid:2] - INFO  [Thread-32:QuorumPeer@2064] - Using TLS encrypted quorum communication
2021-11-08 11:16:23,049 [myid:2] - INFO  [Thread-32:QuorumPeer@2072] - Port unification disabled
2021-11-08 11:16:23,049 [myid:2] - INFO  [Thread-32:QuorumPeer@179] - multiAddress.enabled set to false
2021-11-08 11:16:23,049 [myid:2] - INFO  [Thread-32:QuorumPeer@204] - multiAddress.reachabilityCheckEnabled set to true
2021-11-08 11:16:23,049 [myid:2] - INFO  [Thread-32:QuorumPeer@191] - multiAddress.reachabilityCheckTimeoutMs set to 1000
2021-11-08 11:16:23,050 [myid:2] - INFO  [Thread-32:QuorumPeer@2527] - QuorumPeer communication is not secured! (SASL auth disabled)
2021-11-08 11:16:23,050 [myid:2] - INFO  [Thread-32:QuorumPeer@2552] - quorum.cnxn.threads.size set to 20
2021-11-08 11:16:23,050 [myid:1] - INFO  [Thread-31:QuorumPeer@2064] - Using TLS encrypted quorum communication
2021-11-08 11:16:23,050 [myid:1] - INFO  [Thread-31:QuorumPeer@2072] - Port unification disabled
2021-11-08 11:16:23,050 [myid:1] - INFO  [Thread-31:QuorumPeer@179] - multiAddress.enabled set to false
2021-11-08 11:16:23,050 [myid:1] - INFO  [Thread-31:QuorumPeer@204] - multiAddress.reachabilityCheckEnabled set to true
2021-11-08 11:16:23,050 [myid:1] - INFO  [Thread-31:QuorumPeer@191] - multiAddress.reachabilityCheckTimeoutMs set to 1000
2021-11-08 11:16:23,050 [myid:1] - INFO  [Thread-31:QuorumPeer@2527] - QuorumPeer communication is not secured! (SASL auth disabled)
2021-11-08 11:16:23,050 [myid:1] - INFO  [Thread-31:QuorumPeer@2552] - quorum.cnxn.threads.size set to 20
2021-11-08 11:16:23,050 [myid:2] - INFO  [Thread-32:FileTxnSnapLog@260] - Initialize file found, an empty database will not block voting participation
2021-11-08 11:16:23,051 [myid:2] - INFO  [Thread-32:FileTxnSnapLog@479] - Snapshotting: 0x0 to D:\mysoft\faiscoGit\myStudy\ZooKeeperLearning\apache-zookeeper-3.7.0\zookeeper-server\target\surefire\test6644802912751653216.junit.dir\data\version-2\snapshot.0
2021-11-08 11:16:23,051 [myid:1] - INFO  [Thread-31:FileTxnSnapLog@260] - Initialize file found, an empty database will not block voting participation
2021-11-08 11:16:23,051 [myid:1] - INFO  [Thread-31:FileTxnSnapLog@479] - Snapshotting: 0x0 to D:\mysoft\faiscoGit\myStudy\ZooKeeperLearning\apache-zookeeper-3.7.0\zookeeper-server\target\surefire\test4919983071784308284.junit.dir\data\version-2\snapshot.0
2021-11-08 11:16:23,052 [myid:2] - INFO  [Thread-32:ZKDatabase@290] - Snapshot loaded in 2 ms, highest zxid is 0x0, digest is 1371985504
2021-11-08 11:16:23,052 [myid:2] - INFO  [Thread-32:QuorumPeer@1157] - currentEpoch not found! Creating with a reasonable default of 0. This should only happen when you are upgrading your installation
2021-11-08 11:16:23,053 [myid:1] - INFO  [Thread-31:ZKDatabase@290] - Snapshot loaded in 3 ms, highest zxid is 0x0, digest is 1371985504
2021-11-08 11:16:23,053 [myid:1] - INFO  [Thread-31:QuorumPeer@1157] - currentEpoch not found! Creating with a reasonable default of 0. This should only happen when you are upgrading your installation
2021-11-08 11:16:23,057 [myid:2] - INFO  [Thread-32:QuorumPeer@1177] - acceptedEpoch not found! Creating with a reasonable default of 0. This should only happen when you are upgrading your installation
2021-11-08 11:16:23,058 [myid:1] - INFO  [Thread-31:QuorumPeer@1177] - acceptedEpoch not found! Creating with a reasonable default of 0. This should only happen when you are upgrading your installation
2021-11-08 11:16:23,061 [myid:2] - INFO  [Thread-32:NettyServerCnxnFactory@695] - binding to port /0.0.0.0:30150
2021-11-08 11:16:23,062 [myid:1] - INFO  [Thread-31:NettyServerCnxnFactory@695] - binding to port /0.0.0.0:30149
2021-11-08 11:16:23,062 [myid:2] - INFO  [Thread-32:NettyServerCnxnFactory@700] - bound to port 30150
2021-11-08 11:16:23,062 [myid:2] - INFO  [Thread-32:QuorumPeer@2569] - Using 20000ms as the quorum cnxn socket timeout
2021-11-08 11:16:23,062 [myid:2] - INFO  [Thread-32:QuorumCnxManager$Listener@924] - Election port bind maximum retries is 3
2021-11-08 11:16:23,063 [myid:2] - INFO  [ListenerHandler-/127.0.0.1:30156:QuorumCnxManager$Listener$ListenerHandler@1128] - Creating TLS-only quorum server socket
2021-11-08 11:16:23,063 [myid:1] - INFO  [Thread-31:NettyServerCnxnFactory@700] - bound to port 30149
2021-11-08 11:16:23,063 [myid:2] - INFO  [QuorumPeer[myid=2](plain=[0:0:0:0:0:0:0:0]:30150)(secure=disabled):QuorumPeer@1430] - LOOKING
2021-11-08 11:16:23,063 [myid:1] - INFO  [Thread-31:QuorumPeer@2569] - Using 20000ms as the quorum cnxn socket timeout
2021-11-08 11:16:23,063 [myid:2] - INFO  [ListenerHandler-/127.0.0.1:30156:QuorumCnxManager$Listener$ListenerHandler@1066] - 2 is accepting connections now, my election bind port: /127.0.0.1:30156
2021-11-08 11:16:23,063 [myid:1] - INFO  [Thread-31:QuorumCnxManager$Listener@924] - Election port bind maximum retries is 3
2021-11-08 11:16:23,063 [myid:2] - INFO  [QuorumPeer[myid=2](plain=[0:0:0:0:0:0:0:0]:30150)(secure=disabled):FastLeaderElection@947] - New election. My id = 2, proposed zxid=0x0
2021-11-08 11:16:23,064 [myid:1] - INFO  [ListenerHandler-/127.0.0.1:30155:QuorumCnxManager$Listener$ListenerHandler@1128] - Creating TLS-only quorum server socket
2021-11-08 11:16:23,064 [myid:1] - INFO  [ListenerHandler-/127.0.0.1:30155:QuorumCnxManager$Listener$ListenerHandler@1066] - 1 is accepting connections now, my election bind port: /127.0.0.1:30155
2021-11-08 11:16:23,064 [myid:2] - INFO  [WorkerReceiver[myid=2]:FastLeaderElection$Messenger$WorkerReceiver@390] - Notification: my state:LOOKING; n.sid:2, n.state:LOOKING, n.leader:2, n.round:0x1, n.peerEpoch:0x0, n.zxid:0x0, message format version:0x2, n.config version:0x0
2021-11-08 11:16:23,064 [myid:1] - INFO  [QuorumPeer[myid=1](plain=[0:0:0:0:0:0:0:0]:30149)(secure=disabled):QuorumPeer@1430] - LOOKING
2021-11-08 11:16:23,065 [myid:1] - INFO  [QuorumPeer[myid=1](plain=[0:0:0:0:0:0:0:0]:30149)(secure=disabled):FastLeaderElection@947] - New election. My id = 1, proposed zxid=0x0
2021-11-08 11:16:23,066 [myid:1] - INFO  [WorkerReceiver[myid=1]:FastLeaderElection$Messenger$WorkerReceiver@390] - Notification: my state:LOOKING; n.sid:1, n.state:LOOKING, n.leader:1, n.round:0x1, n.peerEpoch:0x0, n.zxid:0x0, message format version:0x2, n.config version:0x0
2021-11-08 11:16:23,133 [myid:1] - WARN  [nioEventLoopGroup-67-1:NettyServerCnxnFactory$CnxnChannelHandler@231] - Zookeeper server is not running, close the connection before starting the TLS handshake
2021-11-08 11:16:23,272 [myid:2] - INFO  [QuorumPeer[myid=2](plain=[0:0:0:0:0:0:0:0]:30150)(secure=disabled):FastLeaderElection@984] - Notification time out: 400
2021-11-08 11:16:23,272 [myid:1] - INFO  [QuorumPeer[myid=1](plain=[0:0:0:0:0:0:0:0]:30149)(secure=disabled):FastLeaderElection@984] - Notification time out: 400
2021-11-08 11:16:23,396 [myid:] - INFO  [main:FourLetterWordMain@94] - connecting to 127.0.0.1 30149
2021-11-08 11:16:23,397 [myid:1] - WARN  [nioEventLoopGroup-67-2:NettyServerCnxnFactory$CnxnChannelHandler@231] - Zookeeper server is not running, close the connection before starting the TLS handshake
2021-11-08 11:16:23,647 [myid:] - INFO  [main:FourLetterWordMain@94] - connecting to 127.0.0.1 30149
2021-11-08 11:16:23,648 [myid:1] - WARN  [nioEventLoopGroup-67-3:NettyServerCnxnFactory$CnxnChannelHandler@231] - Zookeeper server is not running, close the connection before starting the TLS handshake
2021-11-08 11:16:23,679 [myid:2] - INFO  [QuorumPeer[myid=2](plain=[0:0:0:0:0:0:0:0]:30150)(secure=disabled):FastLeaderElection@984] - Notification time out: 800
2021-11-08 11:16:23,680 [myid:1] - INFO  [QuorumPeer[myid=1](plain=[0:0:0:0:0:0:0:0]:30149)(secure=disabled):FastLeaderElection@984] - Notification time out: 800
2021-11-08 11:16:23,911 [myid:] - INFO  [main:FourLetterWordMain@94] - connecting to 127.0.0.1 30149
2021-11-08 11:16:23,914 [myid:1] - WARN  [nioEventLoopGroup-67-4:NettyServerCnxnFactory$CnxnChannelHandler@231] - Zookeeper server is not running, close the connection before starting the TLS handshake
2021-11-08 11:16:24,175 [myid:] - INFO  [main:FourLetterWordMain@94] - connecting to 127.0.0.1 30149
2021-11-08 11:16:24,176 [myid:1] - WARN  [nioEventLoopGroup-67-5:NettyServerCnxnFactory$CnxnChannelHandler@231] - Zookeeper server is not running, close the connection before starting the TLS handshake
2021-11-08 11:16:24,438 [myid:] - INFO  [main:FourLetterWordMain@94] - connecting to 127.0.0.1 30149
2021-11-08 11:16:24,442 [myid:1] - WARN  [nioEventLoopGroup-67-6:NettyServerCnxnFactory$CnxnChannelHandler@231] - Zookeeper server is not running, close the connection before starting the TLS handshake
2021-11-08 11:16:24,485 [myid:1] - INFO  [QuorumPeer[myid=1](plain=[0:0:0:0:0:0:0:0]:30149)(secure=disabled):FastLeaderElection@984] - Notification time out: 1600
2021-11-08 11:16:24,487 [myid:2] - INFO  [QuorumPeer[myid=2](plain=[0:0:0:0:0:0:0:0]:30150)(secure=disabled):FastLeaderElection@984] - Notification time out: 1600
2021-11-08 11:16:24,705 [myid:] - INFO  [main:FourLetterWordMain@94] - connecting to 127.0.0.1 30149
2021-11-08 11:16:24,706 [myid:1] - WARN  [nioEventLoopGroup-67-7:NettyServerCnxnFactory$CnxnChannelHandler@231] - Zookeeper server is not running, close the connection before starting the TLS handshake
2021-11-08 11:16:24,721 [myid:] - INFO  [main:ClientBase@267] - server 127.0.0.1:30149 not up
java.net.SocketException: Software caused connection abort: recv failed
	at java.net.SocketInputStream.socketRead0(Native Method)
	at java.net.SocketInputStream.read(SocketInputStream.java:150)
	at java.net.SocketInputStream.read(SocketInputStream.java:121)
	at sun.nio.cs.StreamDecoder.readBytes(StreamDecoder.java:284)
	at sun.nio.cs.StreamDecoder.implRead(StreamDecoder.java:326)
	at sun.nio.cs.StreamDecoder.read(StreamDecoder.java:178)
	at java.io.InputStreamReader.read(InputStreamReader.java:184)
	at java.io.BufferedReader.fill(BufferedReader.java:161)
	at java.io.BufferedReader.readLine(BufferedReader.java:324)
	at java.io.BufferedReader.readLine(BufferedReader.java:389)
	at org.apache.zookeeper.client.FourLetterWordMain.send4LetterWord(FourLetterWordMain.java:129)
	at org.apache.zookeeper.client.FourLetterWordMain.send4LetterWord(FourLetterWordMain.java:74)
	at org.apache.zookeeper.test.ClientBase.waitForServerUp(ClientBase.java:258)
	at org.apache.zookeeper.test.ClientBase.waitForServerUp(ClientBase.java:249)
	at org.apache.zookeeper.server.quorum.QuorumSSLTest.testHostnameVerification(QuorumSSLTest.java:671)
	at org.apache.zookeeper.server.quorum.QuorumSSLTest.testHostnameVerificationWithInvalidIpAddressAndValidHostname(QuorumSSLTest.java:637)
	at sun.reflect.NativeMethodAccessorImpl.invoke0(Native Method)
	at sun.reflect.NativeMethodAccessorImpl.invoke(NativeMethodAccessorImpl.java:62)
	at sun.reflect.DelegatingMethodAccessorImpl.invoke(DelegatingMethodAccessorImpl.java:43)
	at java.lang.reflect.Method.invoke(Method.java:483)
	at org.junit.platform.commons.util.ReflectionUtils.invokeMethod(ReflectionUtils.java:686)
	at org.junit.jupiter.engine.execution.MethodInvocation.proceed(MethodInvocation.java:60)
	at org.junit.jupiter.engine.execution.InvocationInterceptorChain$ValidatingInvocation.proceed(InvocationInterceptorChain.java:131)
	at org.junit.jupiter.engine.extension.TimeoutInvocation.proceed(TimeoutInvocation.java:46)
	at org.junit.jupiter.engine.extension.TimeoutExtension.intercept(TimeoutExtension.java:149)
	at org.junit.jupiter.engine.extension.TimeoutExtension.interceptTestableMethod(TimeoutExtension.java:140)
	at org.junit.jupiter.engine.extension.TimeoutExtension.interceptTestMethod(TimeoutExtension.java:84)
	at org.junit.jupiter.engine.descriptor.TestMethodTestDescriptor$$Lambda$111/1780132728.apply(Unknown Source)
	at org.junit.jupiter.engine.execution.ExecutableInvoker$ReflectiveInterceptorCall.lambda$ofVoidMethod$0(ExecutableInvoker.java:115)
	at org.junit.jupiter.engine.execution.ExecutableInvoker$ReflectiveInterceptorCall$$Lambda$112/1725017993.apply(Unknown Source)
	at org.junit.jupiter.engine.execution.ExecutableInvoker.lambda$invoke$0(ExecutableInvoker.java:105)
	at org.junit.jupiter.engine.execution.ExecutableInvoker$$Lambda$234/64133603.apply(Unknown Source)
	at org.junit.jupiter.engine.execution.InvocationInterceptorChain$InterceptedInvocation.proceed(InvocationInterceptorChain.java:106)
	at org.junit.jupiter.engine.execution.InvocationInterceptorChain.proceed(InvocationInterceptorChain.java:64)
	at org.junit.jupiter.engine.execution.InvocationInterceptorChain.chainAndInvoke(InvocationInterceptorChain.java:45)
	at org.junit.jupiter.engine.execution.InvocationInterceptorChain.invoke(InvocationInterceptorChain.java:37)
	at org.junit.jupiter.engine.execution.ExecutableInvoker.invoke(ExecutableInvoker.java:104)
	at org.junit.jupiter.engine.execution.ExecutableInvoker.invoke(ExecutableInvoker.java:98)
	at org.junit.jupiter.engine.descriptor.TestMethodTestDescriptor.lambda$invokeTestMethod$6(TestMethodTestDescriptor.java:212)
	at org.junit.jupiter.engine.descriptor.TestMethodTestDescriptor$$Lambda$271/224100622.execute(Unknown Source)
	at org.junit.platform.engine.support.hierarchical.ThrowableCollector.execute(ThrowableCollector.java:73)
	at org.junit.jupiter.engine.descriptor.TestMethodTestDescriptor.invokeTestMethod(TestMethodTestDescriptor.java:208)
	at org.junit.jupiter.engine.descriptor.TestMethodTestDescriptor.execute(TestMethodTestDescriptor.java:137)
	at org.junit.jupiter.engine.descriptor.TestMethodTestDescriptor.execute(TestMethodTestDescriptor.java:71)
	at org.junit.platform.engine.support.hierarchical.NodeTestTask.lambda$executeRecursively$5(NodeTestTask.java:135)
	at org.junit.platform.engine.support.hierarchical.NodeTestTask$$Lambda$179/195615004.execute(Unknown Source)
	at org.junit.platform.engine.support.hierarchical.ThrowableCollector.execute(ThrowableCollector.java:73)
	at org.junit.platform.engine.support.hierarchical.NodeTestTask.lambda$executeRecursively$7(NodeTestTask.java:125)
	at org.junit.platform.engine.support.hierarchical.NodeTestTask$$Lambda$178/1890627974.invoke(Unknown Source)
	at org.junit.platform.engine.support.hierarchical.Node.around(Node.java:135)
	at org.junit.platform.engine.support.hierarchical.NodeTestTask.lambda$executeRecursively$8(NodeTestTask.java:123)
	at org.junit.platform.engine.support.hierarchical.NodeTestTask$$Lambda$177/231977479.execute(Unknown Source)
	at org.junit.platform.engine.support.hierarchical.ThrowableCollector.execute(ThrowableCollector.java:73)
	at org.junit.platform.engine.support.hierarchical.NodeTestTask.executeRecursively(NodeTestTask.java:122)
	at org.junit.platform.engine.support.hierarchical.NodeTestTask.execute(NodeTestTask.java:80)
	at org.junit.platform.engine.support.hierarchical.SameThreadHierarchicalTestExecutorService$$Lambda$183/1381713434.accept(Unknown Source)
	at java.util.ArrayList.forEach(ArrayList.java:1249)
	at org.junit.platform.engine.support.hierarchical.SameThreadHierarchicalTestExecutorService.invokeAll(SameThreadHierarchicalTestExecutorService.java:38)
	at org.junit.platform.engine.support.hierarchical.NodeTestTask.lambda$executeRecursively$5(NodeTestTask.java:139)
	at org.junit.platform.engine.support.hierarchical.NodeTestTask$$Lambda$179/195615004.execute(Unknown Source)
	at org.junit.platform.engine.support.hierarchical.ThrowableCollector.execute(ThrowableCollector.java:73)
	at org.junit.platform.engine.support.hierarchical.NodeTestTask.lambda$executeRecursively$7(NodeTestTask.java:125)
	at org.junit.platform.engine.support.hierarchical.NodeTestTask$$Lambda$178/1890627974.invoke(Unknown Source)
	at org.junit.platform.engine.support.hierarchical.Node.around(Node.java:135)
	at org.junit.platform.engine.support.hierarchical.NodeTestTask.lambda$executeRecursively$8(NodeTestTask.java:123)
	at org.junit.platform.engine.support.hierarchical.NodeTestTask$$Lambda$177/231977479.execute(Unknown Source)
	at org.junit.platform.engine.support.hierarchical.ThrowableCollector.execute(ThrowableCollector.java:73)
	at org.junit.platform.engine.support.hierarchical.NodeTestTask.executeRecursively(NodeTestTask.java:122)
	at org.junit.platform.engine.support.hierarchical.NodeTestTask.execute(NodeTestTask.java:80)
	at org.junit.platform.engine.support.hierarchical.SameThreadHierarchicalTestExecutorService$$Lambda$183/1381713434.accept(Unknown Source)
	at java.util.ArrayList.forEach(ArrayList.java:1249)
	at org.junit.platform.engine.support.hierarchical.SameThreadHierarchicalTestExecutorService.invokeAll(SameThreadHierarchicalTestExecutorService.java:38)
	at org.junit.platform.engine.support.hierarchical.NodeTestTask.lambda$executeRecursively$5(NodeTestTask.java:139)
	at org.junit.platform.engine.support.hierarchical.NodeTestTask$$Lambda$179/195615004.execute(Unknown Source)
	at org.junit.platform.engine.support.hierarchical.ThrowableCollector.execute(ThrowableCollector.java:73)
	at org.junit.platform.engine.support.hierarchical.NodeTestTask.lambda$executeRecursively$7(NodeTestTask.java:125)
	at org.junit.platform.engine.support.hierarchical.NodeTestTask$$Lambda$178/1890627974.invoke(Unknown Source)
	at org.junit.platform.engine.support.hierarchical.Node.around(Node.java:135)
	at org.junit.platform.engine.support.hierarchical.NodeTestTask.lambda$executeRecursively$8(NodeTestTask.java:123)
	at org.junit.platform.engine.support.hierarchical.NodeTestTask$$Lambda$177/231977479.execute(Unknown Source)
	at org.junit.platform.engine.support.hierarchical.ThrowableCollector.execute(ThrowableCollector.java:73)
	at org.junit.platform.engine.support.hierarchical.NodeTestTask.executeRecursively(NodeTestTask.java:122)
	at org.junit.platform.engine.support.hierarchical.NodeTestTask.execute(NodeTestTask.java:80)
	at org.junit.platform.engine.support.hierarchical.SameThreadHierarchicalTestExecutorService.submit(SameThreadHierarchicalTestExecutorService.java:32)
	at org.junit.platform.engine.support.hierarchical.HierarchicalTestExecutor.execute(HierarchicalTestExecutor.java:57)
	at org.junit.platform.engine.support.hierarchical.HierarchicalTestEngine.execute(HierarchicalTestEngine.java:51)
	at org.junit.platform.launcher.core.DefaultLauncher.execute(DefaultLauncher.java:248)
	at org.junit.platform.launcher.core.DefaultLauncher.lambda$execute$5(DefaultLauncher.java:211)
	at org.junit.platform.launcher.core.DefaultLauncher$$Lambda$143/233996206.accept(Unknown Source)
	at org.junit.platform.launcher.core.DefaultLauncher.withInterceptedStreams(DefaultLauncher.java:226)
	at org.junit.platform.launcher.core.DefaultLauncher.execute(DefaultLauncher.java:199)
	at org.junit.platform.launcher.core.DefaultLauncher.execute(DefaultLauncher.java:132)
	at org.apache.maven.surefire.junitplatform.JUnitPlatformProvider.invokeAllTests(JUnitPlatformProvider.java:142)
	at org.apache.maven.surefire.junitplatform.JUnitPlatformProvider.invoke(JUnitPlatformProvider.java:113)
	at org.apache.maven.surefire.booter.ForkedBooter.invokeProviderInSameClassLoader(ForkedBooter.java:384)
	at org.apache.maven.surefire.booter.ForkedBooter.runSuitesInProcess(ForkedBooter.java:345)
	at org.apache.maven.surefire.booter.ForkedBooter.execute(ForkedBooter.java:126)
	at org.apache.maven.surefire.booter.ForkedBooter.main(ForkedBooter.java:418)
2021-11-08 11:16:24,971 [myid:] - INFO  [main:FourLetterWordMain@94] - connecting to 127.0.0.1 30149
2021-11-08 11:16:24,971 [myid:1] - WARN  [nioEventLoopGroup-67-8:NettyServerCnxnFactory$CnxnChannelHandler@231] - Zookeeper server is not running, close the connection before starting the TLS handshake
2021-11-08 11:16:25,232 [myid:] - INFO  [main:FourLetterWordMain@94] - connecting to 127.0.0.1 30149
2021-11-08 11:16:25,233 [myid:1] - WARN  [nioEventLoopGroup-67-9:NettyServerCnxnFactory$CnxnChannelHandler@231] - Zookeeper server is not running, close the connection before starting the TLS handshake
2021-11-08 11:16:25,483 [myid:] - INFO  [main:FourLetterWordMain@94] - connecting to 127.0.0.1 30149
2021-11-08 11:16:25,484 [myid:1] - WARN  [nioEventLoopGroup-67-10:NettyServerCnxnFactory$CnxnChannelHandler@231] - Zookeeper server is not running, close the connection before starting the TLS handshake
2021-11-08 11:16:25,734 [myid:] - INFO  [main:FourLetterWordMain@94] - connecting to 127.0.0.1 30149
2021-11-08 11:16:25,735 [myid:1] - WARN  [nioEventLoopGroup-67-11:NettyServerCnxnFactory$CnxnChannelHandler@231] - Zookeeper server is not running, close the connection before starting the TLS handshake
2021-11-08 11:16:26,001 [myid:] - INFO  [main:FourLetterWordMain@94] - connecting to 127.0.0.1 30149
2021-11-08 11:16:26,004 [myid:1] - WARN  [nioEventLoopGroup-67-12:NettyServerCnxnFactory$CnxnChannelHandler@231] - Zookeeper server is not running, close the connection before starting the TLS handshake
2021-11-08 11:16:26,102 [myid:1] - INFO  [QuorumPeer[myid=1](plain=[0:0:0:0:0:0:0:0]:30149)(secure=disabled):FastLeaderElection@984] - Notification time out: 3200
2021-11-08 11:16:26,104 [myid:2] - INFO  [QuorumPeer[myid=2](plain=[0:0:0:0:0:0:0:0]:30150)(secure=disabled):FastLeaderElection@984] - Notification time out: 3200
2021-11-08 11:16:26,266 [myid:] - INFO  [main:FourLetterWordMain@94] - connecting to 127.0.0.1 30149
2021-11-08 11:16:26,266 [myid:1] - WARN  [nioEventLoopGroup-67-1:NettyServerCnxnFactory$CnxnChannelHandler@231] - Zookeeper server is not running, close the connection before starting the TLS handshake
2021-11-08 11:16:26,531 [myid:] - INFO  [main:FourLetterWordMain@94] - connecting to 127.0.0.1 30149
2021-11-08 11:16:26,531 [myid:1] - WARN  [nioEventLoopGroup-67-2:NettyServerCnxnFactory$CnxnChannelHandler@231] - Zookeeper server is not running, close the connection before starting the TLS handshake
2021-11-08 11:16:26,783 [myid:] - INFO  [main:FourLetterWordMain@94] - connecting to 127.0.0.1 30149
2021-11-08 11:16:26,783 [myid:1] - WARN  [nioEventLoopGroup-67-3:NettyServerCnxnFactory$CnxnChannelHandler@231] - Zookeeper server is not running, close the connection before starting the TLS handshake
2021-11-08 11:16:26,799 [myid:] - INFO  [main:ClientBase@267] - server 127.0.0.1:30149 not up
java.net.SocketException: Software caused connection abort: recv failed
	at java.net.SocketInputStream.socketRead0(Native Method)
	at java.net.SocketInputStream.read(SocketInputStream.java:150)
	at java.net.SocketInputStream.read(SocketInputStream.java:121)
	at sun.nio.cs.StreamDecoder.readBytes(StreamDecoder.java:284)
	at sun.nio.cs.StreamDecoder.implRead(StreamDecoder.java:326)
	at sun.nio.cs.StreamDecoder.read(StreamDecoder.java:178)
	at java.io.InputStreamReader.read(InputStreamReader.java:184)
	at java.io.BufferedReader.fill(BufferedReader.java:161)
	at java.io.BufferedReader.readLine(BufferedReader.java:324)
	at java.io.BufferedReader.readLine(BufferedReader.java:389)
	at org.apache.zookeeper.client.FourLetterWordMain.send4LetterWord(FourLetterWordMain.java:129)
	at org.apache.zookeeper.client.FourLetterWordMain.send4LetterWord(FourLetterWordMain.java:74)
	at org.apache.zookeeper.test.ClientBase.waitForServerUp(ClientBase.java:258)
	at org.apache.zookeeper.test.ClientBase.waitForServerUp(ClientBase.java:249)
	at org.apache.zookeeper.server.quorum.QuorumSSLTest.testHostnameVerification(QuorumSSLTest.java:671)
	at org.apache.zookeeper.server.quorum.QuorumSSLTest.testHostnameVerificationWithInvalidIpAddressAndValidHostname(QuorumSSLTest.java:637)
	at sun.reflect.NativeMethodAccessorImpl.invoke0(Native Method)
	at sun.reflect.NativeMethodAccessorImpl.invoke(NativeMethodAccessorImpl.java:62)
	at sun.reflect.DelegatingMethodAccessorImpl.invoke(DelegatingMethodAccessorImpl.java:43)
	at java.lang.reflect.Method.invoke(Method.java:483)
	at org.junit.platform.commons.util.ReflectionUtils.invokeMethod(ReflectionUtils.java:686)
	at org.junit.jupiter.engine.execution.MethodInvocation.proceed(MethodInvocation.java:60)
	at org.junit.jupiter.engine.execution.InvocationInterceptorChain$ValidatingInvocation.proceed(InvocationInterceptorChain.java:131)
	at org.junit.jupiter.engine.extension.TimeoutInvocation.proceed(TimeoutInvocation.java:46)
	at org.junit.jupiter.engine.extension.TimeoutExtension.intercept(TimeoutExtension.java:149)
	at org.junit.jupiter.engine.extension.TimeoutExtension.interceptTestableMethod(TimeoutExtension.java:140)
	at org.junit.jupiter.engine.extension.TimeoutExtension.interceptTestMethod(TimeoutExtension.java:84)
	at org.junit.jupiter.engine.descriptor.TestMethodTestDescriptor$$Lambda$111/1780132728.apply(Unknown Source)
	at org.junit.jupiter.engine.execution.ExecutableInvoker$ReflectiveInterceptorCall.lambda$ofVoidMethod$0(ExecutableInvoker.java:115)
	at org.junit.jupiter.engine.execution.ExecutableInvoker$ReflectiveInterceptorCall$$Lambda$112/1725017993.apply(Unknown Source)
	at org.junit.jupiter.engine.execution.ExecutableInvoker.lambda$invoke$0(ExecutableInvoker.java:105)
	at org.junit.jupiter.engine.execution.ExecutableInvoker$$Lambda$234/64133603.apply(Unknown Source)
	at org.junit.jupiter.engine.execution.InvocationInterceptorChain$InterceptedInvocation.proceed(InvocationInterceptorChain.java:106)
	at org.junit.jupiter.engine.execution.InvocationInterceptorChain.proceed(InvocationInterceptorChain.java:64)
	at org.junit.jupiter.engine.execution.InvocationInterceptorChain.chainAndInvoke(InvocationInterceptorChain.java:45)
	at org.junit.jupiter.engine.execution.InvocationInterceptorChain.invoke(InvocationInterceptorChain.java:37)
	at org.junit.jupiter.engine.execution.ExecutableInvoker.invoke(ExecutableInvoker.java:104)
	at org.junit.jupiter.engine.execution.ExecutableInvoker.invoke(ExecutableInvoker.java:98)
	at org.junit.jupiter.engine.descriptor.TestMethodTestDescriptor.lambda$invokeTestMethod$6(TestMethodTestDescriptor.java:212)
	at org.junit.jupiter.engine.descriptor.TestMethodTestDescriptor$$Lambda$271/224100622.execute(Unknown Source)
	at org.junit.platform.engine.support.hierarchical.ThrowableCollector.execute(ThrowableCollector.java:73)
	at org.junit.jupiter.engine.descriptor.TestMethodTestDescriptor.invokeTestMethod(TestMethodTestDescriptor.java:208)
	at org.junit.jupiter.engine.descriptor.TestMethodTestDescriptor.execute(TestMethodTestDescriptor.java:137)
	at org.junit.jupiter.engine.descriptor.TestMethodTestDescriptor.execute(TestMethodTestDescriptor.java:71)
	at org.junit.platform.engine.support.hierarchical.NodeTestTask.lambda$executeRecursively$5(NodeTestTask.java:135)
	at org.junit.platform.engine.support.hierarchical.NodeTestTask$$Lambda$179/195615004.execute(Unknown Source)
	at org.junit.platform.engine.support.hierarchical.ThrowableCollector.execute(ThrowableCollector.java:73)
	at org.junit.platform.engine.support.hierarchical.NodeTestTask.lambda$executeRecursively$7(NodeTestTask.java:125)
	at org.junit.platform.engine.support.hierarchical.NodeTestTask$$Lambda$178/1890627974.invoke(Unknown Source)
	at org.junit.platform.engine.support.hierarchical.Node.around(Node.java:135)
	at org.junit.platform.engine.support.hierarchical.NodeTestTask.lambda$executeRecursively$8(NodeTestTask.java:123)
	at org.junit.platform.engine.support.hierarchical.NodeTestTask$$Lambda$177/231977479.execute(Unknown Source)
	at org.junit.platform.engine.support.hierarchical.ThrowableCollector.execute(ThrowableCollector.java:73)
	at org.junit.platform.engine.support.hierarchical.NodeTestTask.executeRecursively(NodeTestTask.java:122)
	at org.junit.platform.engine.support.hierarchical.NodeTestTask.execute(NodeTestTask.java:80)
	at org.junit.platform.engine.support.hierarchical.SameThreadHierarchicalTestExecutorService$$Lambda$183/1381713434.accept(Unknown Source)
	at java.util.ArrayList.forEach(ArrayList.java:1249)
	at org.junit.platform.engine.support.hierarchical.SameThreadHierarchicalTestExecutorService.invokeAll(SameThreadHierarchicalTestExecutorService.java:38)
	at org.junit.platform.engine.support.hierarchical.NodeTestTask.lambda$executeRecursively$5(NodeTestTask.java:139)
	at org.junit.platform.engine.support.hierarchical.NodeTestTask$$Lambda$179/195615004.execute(Unknown Source)
	at org.junit.platform.engine.support.hierarchical.ThrowableCollector.execute(ThrowableCollector.java:73)
	at org.junit.platform.engine.support.hierarchical.NodeTestTask.lambda$executeRecursively$7(NodeTestTask.java:125)
	at org.junit.platform.engine.support.hierarchical.NodeTestTask$$Lambda$178/1890627974.invoke(Unknown Source)
	at org.junit.platform.engine.support.hierarchical.Node.around(Node.java:135)
	at org.junit.platform.engine.support.hierarchical.NodeTestTask.lambda$executeRecursively$8(NodeTestTask.java:123)
	at org.junit.platform.engine.support.hierarchical.NodeTestTask$$Lambda$177/231977479.execute(Unknown Source)
	at org.junit.platform.engine.support.hierarchical.ThrowableCollector.execute(ThrowableCollector.java:73)
	at org.junit.platform.engine.support.hierarchical.NodeTestTask.executeRecursively(NodeTestTask.java:122)
	at org.junit.platform.engine.support.hierarchical.NodeTestTask.execute(NodeTestTask.java:80)
	at org.junit.platform.engine.support.hierarchical.SameThreadHierarchicalTestExecutorService$$Lambda$183/1381713434.accept(Unknown Source)
	at java.util.ArrayList.forEach(ArrayList.java:1249)
	at org.junit.platform.engine.support.hierarchical.SameThreadHierarchicalTestExecutorService.invokeAll(SameThreadHierarchicalTestExecutorService.java:38)
	at org.junit.platform.engine.support.hierarchical.NodeTestTask.lambda$executeRecursively$5(NodeTestTask.java:139)
	at org.junit.platform.engine.support.hierarchical.NodeTestTask$$Lambda$179/195615004.execute(Unknown Source)
	at org.junit.platform.engine.support.hierarchical.ThrowableCollector.execute(ThrowableCollector.java:73)
	at org.junit.platform.engine.support.hierarchical.NodeTestTask.lambda$executeRecursively$7(NodeTestTask.java:125)
	at org.junit.platform.engine.support.hierarchical.NodeTestTask$$Lambda$178/1890627974.invoke(Unknown Source)
	at org.junit.platform.engine.support.hierarchical.Node.around(Node.java:135)
	at org.junit.platform.engine.support.hierarchical.NodeTestTask.lambda$executeRecursively$8(NodeTestTask.java:123)
	at org.junit.platform.engine.support.hierarchical.NodeTestTask$$Lambda$177/231977479.execute(Unknown Source)
	at org.junit.platform.engine.support.hierarchical.ThrowableCollector.execute(ThrowableCollector.java:73)
	at org.junit.platform.engine.support.hierarchical.NodeTestTask.executeRecursively(NodeTestTask.java:122)
	at org.junit.platform.engine.support.hierarchical.NodeTestTask.execute(NodeTestTask.java:80)
	at org.junit.platform.engine.support.hierarchical.SameThreadHierarchicalTestExecutorService.submit(SameThreadHierarchicalTestExecutorService.java:32)
	at org.junit.platform.engine.support.hierarchical.HierarchicalTestExecutor.execute(HierarchicalTestExecutor.java:57)
	at org.junit.platform.engine.support.hierarchical.HierarchicalTestEngine.execute(HierarchicalTestEngine.java:51)
	at org.junit.platform.launcher.core.DefaultLauncher.execute(DefaultLauncher.java:248)
	at org.junit.platform.launcher.core.DefaultLauncher.lambda$execute$5(DefaultLauncher.java:211)
	at org.junit.platform.launcher.core.DefaultLauncher$$Lambda$143/233996206.accept(Unknown Source)
	at org.junit.platform.launcher.core.DefaultLauncher.withInterceptedStreams(DefaultLauncher.java:226)
	at org.junit.platform.launcher.core.DefaultLauncher.execute(DefaultLauncher.java:199)
	at org.junit.platform.launcher.core.DefaultLauncher.execute(DefaultLauncher.java:132)
	at org.apache.maven.surefire.junitplatform.JUnitPlatformProvider.invokeAllTests(JUnitPlatformProvider.java:142)
	at org.apache.maven.surefire.junitplatform.JUnitPlatformProvider.invoke(JUnitPlatformProvider.java:113)
	at org.apache.maven.surefire.booter.ForkedBooter.invokeProviderInSameClassLoader(ForkedBooter.java:384)
	at org.apache.maven.surefire.booter.ForkedBooter.runSuitesInProcess(ForkedBooter.java:345)
	at org.apache.maven.surefire.booter.ForkedBooter.execute(ForkedBooter.java:126)
	at org.apache.maven.surefire.booter.ForkedBooter.main(ForkedBooter.java:418)
2021-11-08 11:16:27,065 [myid:] - INFO  [main:FourLetterWordMain@94] - connecting to 127.0.0.1 30149
2021-11-08 11:16:27,065 [myid:1] - WARN  [nioEventLoopGroup-67-4:NettyServerCnxnFactory$CnxnChannelHandler@231] - Zookeeper server is not running, close the connection before starting the TLS handshake
2021-11-08 11:16:27,327 [myid:] - INFO  [main:FourLetterWordMain@94] - connecting to 127.0.0.1 30149
2021-11-08 11:16:27,328 [myid:1] - WARN  [nioEventLoopGroup-67-5:NettyServerCnxnFactory$CnxnChannelHandler@231] - Zookeeper server is not running, close the connection before starting the TLS handshake
2021-11-08 11:16:27,578 [myid:] - INFO  [main:FourLetterWordMain@94] - connecting to 127.0.0.1 30149
2021-11-08 11:16:27,579 [myid:1] - WARN  [nioEventLoopGroup-67-6:NettyServerCnxnFactory$CnxnChannelHandler@231] - Zookeeper server is not running, close the connection before starting the TLS handshake
2021-11-08 11:16:27,843 [myid:] - INFO  [main:FourLetterWordMain@94] - connecting to 127.0.0.1 30149
2021-11-08 11:16:27,843 [myid:1] - WARN  [nioEventLoopGroup-67-7:NettyServerCnxnFactory$CnxnChannelHandler@231] - Zookeeper server is not running, close the connection before starting the TLS handshake
2021-11-08 11:16:28,109 [myid:] - INFO  [main:FourLetterWordMain@94] - connecting to 127.0.0.1 30149
2021-11-08 11:16:28,111 [myid:1] - WARN  [nioEventLoopGroup-67-8:NettyServerCnxnFactory$CnxnChannelHandler@231] - Zookeeper server is not running, close the connection before starting the TLS handshake
2021-11-08 11:16:28,374 [myid:] - INFO  [main:FourLetterWordMain@94] - connecting to 127.0.0.1 30149
2021-11-08 11:16:28,374 [myid:1] - WARN  [nioEventLoopGroup-67-9:NettyServerCnxnFactory$CnxnChannelHandler@231] - Zookeeper server is not running, close the connection before starting the TLS handshake
2021-11-08 11:16:28,625 [myid:] - INFO  [main:FourLetterWordMain@94] - connecting to 127.0.0.1 30149
2021-11-08 11:16:28,625 [myid:1] - WARN  [nioEventLoopGroup-67-10:NettyServerCnxnFactory$CnxnChannelHandler@231] - Zookeeper server is not running, close the connection before starting the TLS handshake
2021-11-08 11:16:28,639 [myid:] - INFO  [main:ClientBase@267] - server 127.0.0.1:30149 not up
java.net.SocketException: Software caused connection abort: recv failed
	at java.net.SocketInputStream.socketRead0(Native Method)
	at java.net.SocketInputStream.read(SocketInputStream.java:150)
	at java.net.SocketInputStream.read(SocketInputStream.java:121)
	at sun.nio.cs.StreamDecoder.readBytes(StreamDecoder.java:284)
	at sun.nio.cs.StreamDecoder.implRead(StreamDecoder.java:326)
	at sun.nio.cs.StreamDecoder.read(StreamDecoder.java:178)
	at java.io.InputStreamReader.read(InputStreamReader.java:184)
	at java.io.BufferedReader.fill(BufferedReader.java:161)
	at java.io.BufferedReader.readLine(BufferedReader.java:324)
	at java.io.BufferedReader.readLine(BufferedReader.java:389)
	at org.apache.zookeeper.client.FourLetterWordMain.send4LetterWord(FourLetterWordMain.java:129)
	at org.apache.zookeeper.client.FourLetterWordMain.send4LetterWord(FourLetterWordMain.java:74)
	at org.apache.zookeeper.test.ClientBase.waitForServerUp(ClientBase.java:258)
	at org.apache.zookeeper.test.ClientBase.waitForServerUp(ClientBase.java:249)
	at org.apache.zookeeper.server.quorum.QuorumSSLTest.testHostnameVerification(QuorumSSLTest.java:671)
	at org.apache.zookeeper.server.quorum.QuorumSSLTest.testHostnameVerificationWithInvalidIpAddressAndValidHostname(QuorumSSLTest.java:637)
	at sun.reflect.NativeMethodAccessorImpl.invoke0(Native Method)
	at sun.reflect.NativeMethodAccessorImpl.invoke(NativeMethodAccessorImpl.java:62)
	at sun.reflect.DelegatingMethodAccessorImpl.invoke(DelegatingMethodAccessorImpl.java:43)
	at java.lang.reflect.Method.invoke(Method.java:483)
	at org.junit.platform.commons.util.ReflectionUtils.invokeMethod(ReflectionUtils.java:686)
	at org.junit.jupiter.engine.execution.MethodInvocation.proceed(MethodInvocation.java:60)
	at org.junit.jupiter.engine.execution.InvocationInterceptorChain$ValidatingInvocation.proceed(InvocationInterceptorChain.java:131)
	at org.junit.jupiter.engine.extension.TimeoutInvocation.proceed(TimeoutInvocation.java:46)
	at org.junit.jupiter.engine.extension.TimeoutExtension.intercept(TimeoutExtension.java:149)
	at org.junit.jupiter.engine.extension.TimeoutExtension.interceptTestableMethod(TimeoutExtension.java:140)
	at org.junit.jupiter.engine.extension.TimeoutExtension.interceptTestMethod(TimeoutExtension.java:84)
	at org.junit.jupiter.engine.descriptor.TestMethodTestDescriptor$$Lambda$111/1780132728.apply(Unknown Source)
	at org.junit.jupiter.engine.execution.ExecutableInvoker$ReflectiveInterceptorCall.lambda$ofVoidMethod$0(ExecutableInvoker.java:115)
	at org.junit.jupiter.engine.execution.ExecutableInvoker$ReflectiveInterceptorCall$$Lambda$112/1725017993.apply(Unknown Source)
	at org.junit.jupiter.engine.execution.ExecutableInvoker.lambda$invoke$0(ExecutableInvoker.java:105)
	at org.junit.jupiter.engine.execution.ExecutableInvoker$$Lambda$234/64133603.apply(Unknown Source)
	at org.junit.jupiter.engine.execution.InvocationInterceptorChain$InterceptedInvocation.proceed(InvocationInterceptorChain.java:106)
	at org.junit.jupiter.engine.execution.InvocationInterceptorChain.proceed(InvocationInterceptorChain.java:64)
	at org.junit.jupiter.engine.execution.InvocationInterceptorChain.chainAndInvoke(InvocationInterceptorChain.java:45)
	at org.junit.jupiter.engine.execution.InvocationInterceptorChain.invoke(InvocationInterceptorChain.java:37)
	at org.junit.jupiter.engine.execution.ExecutableInvoker.invoke(ExecutableInvoker.java:104)
	at org.junit.jupiter.engine.execution.ExecutableInvoker.invoke(ExecutableInvoker.java:98)
	at org.junit.jupiter.engine.descriptor.TestMethodTestDescriptor.lambda$invokeTestMethod$6(TestMethodTestDescriptor.java:212)
	at org.junit.jupiter.engine.descriptor.TestMethodTestDescriptor$$Lambda$271/224100622.execute(Unknown Source)
	at org.junit.platform.engine.support.hierarchical.ThrowableCollector.execute(ThrowableCollector.java:73)
	at org.junit.jupiter.engine.descriptor.TestMethodTestDescriptor.invokeTestMethod(TestMethodTestDescriptor.java:208)
	at org.junit.jupiter.engine.descriptor.TestMethodTestDescriptor.execute(TestMethodTestDescriptor.java:137)
	at org.junit.jupiter.engine.descriptor.TestMethodTestDescriptor.execute(TestMethodTestDescriptor.java:71)
	at org.junit.platform.engine.support.hierarchical.NodeTestTask.lambda$executeRecursively$5(NodeTestTask.java:135)
	at org.junit.platform.engine.support.hierarchical.NodeTestTask$$Lambda$179/195615004.execute(Unknown Source)
	at org.junit.platform.engine.support.hierarchical.ThrowableCollector.execute(ThrowableCollector.java:73)
	at org.junit.platform.engine.support.hierarchical.NodeTestTask.lambda$executeRecursively$7(NodeTestTask.java:125)
	at org.junit.platform.engine.support.hierarchical.NodeTestTask$$Lambda$178/1890627974.invoke(Unknown Source)
	at org.junit.platform.engine.support.hierarchical.Node.around(Node.java:135)
	at org.junit.platform.engine.support.hierarchical.NodeTestTask.lambda$executeRecursively$8(NodeTestTask.java:123)
	at org.junit.platform.engine.support.hierarchical.NodeTestTask$$Lambda$177/231977479.execute(Unknown Source)
	at org.junit.platform.engine.support.hierarchical.ThrowableCollector.execute(ThrowableCollector.java:73)
	at org.junit.platform.engine.support.hierarchical.NodeTestTask.executeRecursively(NodeTestTask.java:122)
	at org.junit.platform.engine.support.hierarchical.NodeTestTask.execute(NodeTestTask.java:80)
	at org.junit.platform.engine.support.hierarchical.SameThreadHierarchicalTestExecutorService$$Lambda$183/1381713434.accept(Unknown Source)
	at java.util.ArrayList.forEach(ArrayList.java:1249)
	at org.junit.platform.engine.support.hierarchical.SameThreadHierarchicalTestExecutorService.invokeAll(SameThreadHierarchicalTestExecutorService.java:38)
	at org.junit.platform.engine.support.hierarchical.NodeTestTask.lambda$executeRecursively$5(NodeTestTask.java:139)
	at org.junit.platform.engine.support.hierarchical.NodeTestTask$$Lambda$179/195615004.execute(Unknown Source)
	at org.junit.platform.engine.support.hierarchical.ThrowableCollector.execute(ThrowableCollector.java:73)
	at org.junit.platform.engine.support.hierarchical.NodeTestTask.lambda$executeRecursively$7(NodeTestTask.java:125)
	at org.junit.platform.engine.support.hierarchical.NodeTestTask$$Lambda$178/1890627974.invoke(Unknown Source)
	at org.junit.platform.engine.support.hierarchical.Node.around(Node.java:135)
	at org.junit.platform.engine.support.hierarchical.NodeTestTask.lambda$executeRecursively$8(NodeTestTask.java:123)
	at org.junit.platform.engine.support.hierarchical.NodeTestTask$$Lambda$177/231977479.execute(Unknown Source)
	at org.junit.platform.engine.support.hierarchical.ThrowableCollector.execute(ThrowableCollector.java:73)
	at org.junit.platform.engine.support.hierarchical.NodeTestTask.executeRecursively(NodeTestTask.java:122)
	at org.junit.platform.engine.support.hierarchical.NodeTestTask.execute(NodeTestTask.java:80)
	at org.junit.platform.engine.support.hierarchical.SameThreadHierarchicalTestExecutorService$$Lambda$183/1381713434.accept(Unknown Source)
	at java.util.ArrayList.forEach(ArrayList.java:1249)
	at org.junit.platform.engine.support.hierarchical.SameThreadHierarchicalTestExecutorService.invokeAll(SameThreadHierarchicalTestExecutorService.java:38)
	at org.junit.platform.engine.support.hierarchical.NodeTestTask.lambda$executeRecursively$5(NodeTestTask.java:139)
	at org.junit.platform.engine.support.hierarchical.NodeTestTask$$Lambda$179/195615004.execute(Unknown Source)
	at org.junit.platform.engine.support.hierarchical.ThrowableCollector.execute(ThrowableCollector.java:73)
	at org.junit.platform.engine.support.hierarchical.NodeTestTask.lambda$executeRecursively$7(NodeTestTask.java:125)
	at org.junit.platform.engine.support.hierarchical.NodeTestTask$$Lambda$178/1890627974.invoke(Unknown Source)
	at org.junit.platform.engine.support.hierarchical.Node.around(Node.java:135)
	at org.junit.platform.engine.support.hierarchical.NodeTestTask.lambda$executeRecursively$8(NodeTestTask.java:123)
	at org.junit.platform.engine.support.hierarchical.NodeTestTask$$Lambda$177/231977479.execute(Unknown Source)
	at org.junit.platform.engine.support.hierarchical.ThrowableCollector.execute(ThrowableCollector.java:73)
	at org.junit.platform.engine.support.hierarchical.NodeTestTask.executeRecursively(NodeTestTask.java:122)
	at org.junit.platform.engine.support.hierarchical.NodeTestTask.execute(NodeTestTask.java:80)
	at org.junit.platform.engine.support.hierarchical.SameThreadHierarchicalTestExecutorService.submit(SameThreadHierarchicalTestExecutorService.java:32)
	at org.junit.platform.engine.support.hierarchical.HierarchicalTestExecutor.execute(HierarchicalTestExecutor.java:57)
	at org.junit.platform.engine.support.hierarchical.HierarchicalTestEngine.execute(HierarchicalTestEngine.java:51)
	at org.junit.platform.launcher.core.DefaultLauncher.execute(DefaultLauncher.java:248)
	at org.junit.platform.launcher.core.DefaultLauncher.lambda$execute$5(DefaultLauncher.java:211)
	at org.junit.platform.launcher.core.DefaultLauncher$$Lambda$143/233996206.accept(Unknown Source)
	at org.junit.platform.launcher.core.DefaultLauncher.withInterceptedStreams(DefaultLauncher.java:226)
	at org.junit.platform.launcher.core.DefaultLauncher.execute(DefaultLauncher.java:199)
	at org.junit.platform.launcher.core.DefaultLauncher.execute(DefaultLauncher.java:132)
	at org.apache.maven.surefire.junitplatform.JUnitPlatformProvider.invokeAllTests(JUnitPlatformProvider.java:142)
	at org.apache.maven.surefire.junitplatform.JUnitPlatformProvider.invoke(JUnitPlatformProvider.java:113)
	at org.apache.maven.surefire.booter.ForkedBooter.invokeProviderInSameClassLoader(ForkedBooter.java:384)
	at org.apache.maven.surefire.booter.ForkedBooter.runSuitesInProcess(ForkedBooter.java:345)
	at org.apache.maven.surefire.booter.ForkedBooter.execute(ForkedBooter.java:126)
	at org.apache.maven.surefire.booter.ForkedBooter.main(ForkedBooter.java:418)
2021-11-08 11:16:28,892 [myid:] - INFO  [main:FourLetterWordMain@94] - connecting to 127.0.0.1 30149
2021-11-08 11:16:28,893 [myid:1] - WARN  [nioEventLoopGroup-67-11:NettyServerCnxnFactory$CnxnChannelHandler@231] - Zookeeper server is not running, close the connection before starting the TLS handshake
2021-11-08 11:16:29,157 [myid:] - INFO  [main:FourLetterWordMain@94] - connecting to 127.0.0.1 30149
2021-11-08 11:16:29,158 [myid:1] - WARN  [nioEventLoopGroup-67-12:NettyServerCnxnFactory$CnxnChannelHandler@231] - Zookeeper server is not running, close the connection before starting the TLS handshake
2021-11-08 11:16:29,313 [myid:2] - INFO  [QuorumPeer[myid=2](plain=[0:0:0:0:0:0:0:0]:30150)(secure=disabled):FastLeaderElection@984] - Notification time out: 6400
2021-11-08 11:16:29,314 [myid:1] - INFO  [QuorumPeer[myid=1](plain=[0:0:0:0:0:0:0:0]:30149)(secure=disabled):FastLeaderElection@984] - Notification time out: 6400
2021-11-08 11:16:29,422 [myid:] - INFO  [main:FourLetterWordMain@94] - connecting to 127.0.0.1 30149
2021-11-08 11:16:29,423 [myid:1] - WARN  [nioEventLoopGroup-67-1:NettyServerCnxnFactory$CnxnChannelHandler@231] - Zookeeper server is not running, close the connection before starting the TLS handshake
2021-11-08 11:16:29,437 [myid:] - INFO  [main:ClientBase@267] - server 127.0.0.1:30149 not up
java.net.SocketException: Software caused connection abort: recv failed
	at java.net.SocketInputStream.socketRead0(Native Method)
	at java.net.SocketInputStream.read(SocketInputStream.java:150)
	at java.net.SocketInputStream.read(SocketInputStream.java:121)
	at sun.nio.cs.StreamDecoder.readBytes(StreamDecoder.java:284)
	at sun.nio.cs.StreamDecoder.implRead(StreamDecoder.java:326)
	at sun.nio.cs.StreamDecoder.read(StreamDecoder.java:178)
	at java.io.InputStreamReader.read(InputStreamReader.java:184)
	at java.io.BufferedReader.fill(BufferedReader.java:161)
	at java.io.BufferedReader.readLine(BufferedReader.java:324)
	at java.io.BufferedReader.readLine(BufferedReader.java:389)
	at org.apache.zookeeper.client.FourLetterWordMain.send4LetterWord(FourLetterWordMain.java:129)
	at org.apache.zookeeper.client.FourLetterWordMain.send4LetterWord(FourLetterWordMain.java:74)
	at org.apache.zookeeper.test.ClientBase.waitForServerUp(ClientBase.java:258)
	at org.apache.zookeeper.test.ClientBase.waitForServerUp(ClientBase.java:249)
	at org.apache.zookeeper.server.quorum.QuorumSSLTest.testHostnameVerification(QuorumSSLTest.java:671)
	at org.apache.zookeeper.server.quorum.QuorumSSLTest.testHostnameVerificationWithInvalidIpAddressAndValidHostname(QuorumSSLTest.java:637)
	at sun.reflect.NativeMethodAccessorImpl.invoke0(Native Method)
	at sun.reflect.NativeMethodAccessorImpl.invoke(NativeMethodAccessorImpl.java:62)
	at sun.reflect.DelegatingMethodAccessorImpl.invoke(DelegatingMethodAccessorImpl.java:43)
	at java.lang.reflect.Method.invoke(Method.java:483)
	at org.junit.platform.commons.util.ReflectionUtils.invokeMethod(ReflectionUtils.java:686)
	at org.junit.jupiter.engine.execution.MethodInvocation.proceed(MethodInvocation.java:60)
	at org.junit.jupiter.engine.execution.InvocationInterceptorChain$ValidatingInvocation.proceed(InvocationInterceptorChain.java:131)
	at org.junit.jupiter.engine.extension.TimeoutInvocation.proceed(TimeoutInvocation.java:46)
	at org.junit.jupiter.engine.extension.TimeoutExtension.intercept(TimeoutExtension.java:149)
	at org.junit.jupiter.engine.extension.TimeoutExtension.interceptTestableMethod(TimeoutExtension.java:140)
	at org.junit.jupiter.engine.extension.TimeoutExtension.interceptTestMethod(TimeoutExtension.java:84)
	at org.junit.jupiter.engine.descriptor.TestMethodTestDescriptor$$Lambda$111/1780132728.apply(Unknown Source)
	at org.junit.jupiter.engine.execution.ExecutableInvoker$ReflectiveInterceptorCall.lambda$ofVoidMethod$0(ExecutableInvoker.java:115)
	at org.junit.jupiter.engine.execution.ExecutableInvoker$ReflectiveInterceptorCall$$Lambda$112/1725017993.apply(Unknown Source)
	at org.junit.jupiter.engine.execution.ExecutableInvoker.lambda$invoke$0(ExecutableInvoker.java:105)
	at org.junit.jupiter.engine.execution.ExecutableInvoker$$Lambda$234/64133603.apply(Unknown Source)
	at org.junit.jupiter.engine.execution.InvocationInterceptorChain$InterceptedInvocation.proceed(InvocationInterceptorChain.java:106)
	at org.junit.jupiter.engine.execution.InvocationInterceptorChain.proceed(InvocationInterceptorChain.java:64)
	at org.junit.jupiter.engine.execution.InvocationInterceptorChain.chainAndInvoke(InvocationInterceptorChain.java:45)
	at org.junit.jupiter.engine.execution.InvocationInterceptorChain.invoke(InvocationInterceptorChain.java:37)
	at org.junit.jupiter.engine.execution.ExecutableInvoker.invoke(ExecutableInvoker.java:104)
	at org.junit.jupiter.engine.execution.ExecutableInvoker.invoke(ExecutableInvoker.java:98)
	at org.junit.jupiter.engine.descriptor.TestMethodTestDescriptor.lambda$invokeTestMethod$6(TestMethodTestDescriptor.java:212)
	at org.junit.jupiter.engine.descriptor.TestMethodTestDescriptor$$Lambda$271/224100622.execute(Unknown Source)
	at org.junit.platform.engine.support.hierarchical.ThrowableCollector.execute(ThrowableCollector.java:73)
	at org.junit.jupiter.engine.descriptor.TestMethodTestDescriptor.invokeTestMethod(TestMethodTestDescriptor.java:208)
	at org.junit.jupiter.engine.descriptor.TestMethodTestDescriptor.execute(TestMethodTestDescriptor.java:137)
	at org.junit.jupiter.engine.descriptor.TestMethodTestDescriptor.execute(TestMethodTestDescriptor.java:71)
	at org.junit.platform.engine.support.hierarchical.NodeTestTask.lambda$executeRecursively$5(NodeTestTask.java:135)
	at org.junit.platform.engine.support.hierarchical.NodeTestTask$$Lambda$179/195615004.execute(Unknown Source)
	at org.junit.platform.engine.support.hierarchical.ThrowableCollector.execute(ThrowableCollector.java:73)
	at org.junit.platform.engine.support.hierarchical.NodeTestTask.lambda$executeRecursively$7(NodeTestTask.java:125)
	at org.junit.platform.engine.support.hierarchical.NodeTestTask$$Lambda$178/1890627974.invoke(Unknown Source)
	at org.junit.platform.engine.support.hierarchical.Node.around(Node.java:135)
	at org.junit.platform.engine.support.hierarchical.NodeTestTask.lambda$executeRecursively$8(NodeTestTask.java:123)
	at org.junit.platform.engine.support.hierarchical.NodeTestTask$$Lambda$177/231977479.execute(Unknown Source)
	at org.junit.platform.engine.support.hierarchical.ThrowableCollector.execute(ThrowableCollector.java:73)
	at org.junit.platform.engine.support.hierarchical.NodeTestTask.executeRecursively(NodeTestTask.java:122)
	at org.junit.platform.engine.support.hierarchical.NodeTestTask.execute(NodeTestTask.java:80)
	at org.junit.platform.engine.support.hierarchical.SameThreadHierarchicalTestExecutorService$$Lambda$183/1381713434.accept(Unknown Source)
	at java.util.ArrayList.forEach(ArrayList.java:1249)
	at org.junit.platform.engine.support.hierarchical.SameThreadHierarchicalTestExecutorService.invokeAll(SameThreadHierarchicalTestExecutorService.java:38)
	at org.junit.platform.engine.support.hierarchical.NodeTestTask.lambda$executeRecursively$5(NodeTestTask.java:139)
	at org.junit.platform.engine.support.hierarchical.NodeTestTask$$Lambda$179/195615004.execute(Unknown Source)
	at org.junit.platform.engine.support.hierarchical.ThrowableCollector.execute(ThrowableCollector.java:73)
	at org.junit.platform.engine.support.hierarchical.NodeTestTask.lambda$executeRecursively$7(NodeTestTask.java:125)
	at org.junit.platform.engine.support.hierarchical.NodeTestTask$$Lambda$178/1890627974.invoke(Unknown Source)
	at org.junit.platform.engine.support.hierarchical.Node.around(Node.java:135)
	at org.junit.platform.engine.support.hierarchical.NodeTestTask.lambda$executeRecursively$8(NodeTestTask.java:123)
	at org.junit.platform.engine.support.hierarchical.NodeTestTask$$Lambda$177/231977479.execute(Unknown Source)
	at org.junit.platform.engine.support.hierarchical.ThrowableCollector.execute(ThrowableCollector.java:73)
	at org.junit.platform.engine.support.hierarchical.NodeTestTask.executeRecursively(NodeTestTask.java:122)
	at org.junit.platform.engine.support.hierarchical.NodeTestTask.execute(NodeTestTask.java:80)
	at org.junit.platform.engine.support.hierarchical.SameThreadHierarchicalTestExecutorService$$Lambda$183/1381713434.accept(Unknown Source)
	at java.util.ArrayList.forEach(ArrayList.java:1249)
	at org.junit.platform.engine.support.hierarchical.SameThreadHierarchicalTestExecutorService.invokeAll(SameThreadHierarchicalTestExecutorService.java:38)
	at org.junit.platform.engine.support.hierarchical.NodeTestTask.lambda$executeRecursively$5(NodeTestTask.java:139)
	at org.junit.platform.engine.support.hierarchical.NodeTestTask$$Lambda$179/195615004.execute(Unknown Source)
	at org.junit.platform.engine.support.hierarchical.ThrowableCollector.execute(ThrowableCollector.java:73)
	at org.junit.platform.engine.support.hierarchical.NodeTestTask.lambda$executeRecursively$7(NodeTestTask.java:125)
	at org.junit.platform.engine.support.hierarchical.NodeTestTask$$Lambda$178/1890627974.invoke(Unknown Source)
	at org.junit.platform.engine.support.hierarchical.Node.around(Node.java:135)
	at org.junit.platform.engine.support.hierarchical.NodeTestTask.lambda$executeRecursively$8(NodeTestTask.java:123)
	at org.junit.platform.engine.support.hierarchical.NodeTestTask$$Lambda$177/231977479.execute(Unknown Source)
	at org.junit.platform.engine.support.hierarchical.ThrowableCollector.execute(ThrowableCollector.java:73)
	at org.junit.platform.engine.support.hierarchical.NodeTestTask.executeRecursively(NodeTestTask.java:122)
	at org.junit.platform.engine.support.hierarchical.NodeTestTask.execute(NodeTestTask.java:80)
	at org.junit.platform.engine.support.hierarchical.SameThreadHierarchicalTestExecutorService.submit(SameThreadHierarchicalTestExecutorService.java:32)
	at org.junit.platform.engine.support.hierarchical.HierarchicalTestExecutor.execute(HierarchicalTestExecutor.java:57)
	at org.junit.platform.engine.support.hierarchical.HierarchicalTestEngine.execute(HierarchicalTestEngine.java:51)
	at org.junit.platform.launcher.core.DefaultLauncher.execute(DefaultLauncher.java:248)
	at org.junit.platform.launcher.core.DefaultLauncher.lambda$execute$5(DefaultLauncher.java:211)
	at org.junit.platform.launcher.core.DefaultLauncher$$Lambda$143/233996206.accept(Unknown Source)
	at org.junit.platform.launcher.core.DefaultLauncher.withInterceptedStreams(DefaultLauncher.java:226)
	at org.junit.platform.launcher.core.DefaultLauncher.execute(DefaultLauncher.java:199)
	at org.junit.platform.launcher.core.DefaultLauncher.execute(DefaultLauncher.java:132)
	at org.apache.maven.surefire.junitplatform.JUnitPlatformProvider.invokeAllTests(JUnitPlatformProvider.java:142)
	at org.apache.maven.surefire.junitplatform.JUnitPlatformProvider.invoke(JUnitPlatformProvider.java:113)
	at org.apache.maven.surefire.booter.ForkedBooter.invokeProviderInSameClassLoader(ForkedBooter.java:384)
	at org.apache.maven.surefire.booter.ForkedBooter.runSuitesInProcess(ForkedBooter.java:345)
	at org.apache.maven.surefire.booter.ForkedBooter.execute(ForkedBooter.java:126)
	at org.apache.maven.surefire.booter.ForkedBooter.main(ForkedBooter.java:418)
2021-11-08 11:16:29,689 [myid:] - INFO  [main:FourLetterWordMain@94] - connecting to 127.0.0.1 30149
2021-11-08 11:16:29,690 [myid:1] - WARN  [nioEventLoopGroup-67-2:NettyServerCnxnFactory$CnxnChannelHandler@231] - Zookeeper server is not running, close the connection before starting the TLS handshake
2021-11-08 11:16:29,941 [myid:] - INFO  [main:FourLetterWordMain@94] - connecting to 127.0.0.1 30149
2021-11-08 11:16:29,941 [myid:1] - WARN  [nioEventLoopGroup-67-3:NettyServerCnxnFactory$CnxnChannelHandler@231] - Zookeeper server is not running, close the connection before starting the TLS handshake
2021-11-08 11:16:30,202 [myid:] - INFO  [main:FourLetterWordMain@94] - connecting to 127.0.0.1 30149
2021-11-08 11:16:30,203 [myid:1] - WARN  [nioEventLoopGroup-67-4:NettyServerCnxnFactory$CnxnChannelHandler@231] - Zookeeper server is not running, close the connection before starting the TLS handshake
2021-11-08 11:16:30,218 [myid:] - INFO  [main:ClientBase@267] - server 127.0.0.1:30149 not up
java.net.SocketException: Software caused connection abort: recv failed
	at java.net.SocketInputStream.socketRead0(Native Method)
	at java.net.SocketInputStream.read(SocketInputStream.java:150)
	at java.net.SocketInputStream.read(SocketInputStream.java:121)
	at sun.nio.cs.StreamDecoder.readBytes(StreamDecoder.java:284)
	at sun.nio.cs.StreamDecoder.implRead(StreamDecoder.java:326)
	at sun.nio.cs.StreamDecoder.read(StreamDecoder.java:178)
	at java.io.InputStreamReader.read(InputStreamReader.java:184)
	at java.io.BufferedReader.fill(BufferedReader.java:161)
	at java.io.BufferedReader.readLine(BufferedReader.java:324)
	at java.io.BufferedReader.readLine(BufferedReader.java:389)
	at org.apache.zookeeper.client.FourLetterWordMain.send4LetterWord(FourLetterWordMain.java:129)
	at org.apache.zookeeper.client.FourLetterWordMain.send4LetterWord(FourLetterWordMain.java:74)
	at org.apache.zookeeper.test.ClientBase.waitForServerUp(ClientBase.java:258)
	at org.apache.zookeeper.test.ClientBase.waitForServerUp(ClientBase.java:249)
	at org.apache.zookeeper.server.quorum.QuorumSSLTest.testHostnameVerification(QuorumSSLTest.java:671)
	at org.apache.zookeeper.server.quorum.QuorumSSLTest.testHostnameVerificationWithInvalidIpAddressAndValidHostname(QuorumSSLTest.java:637)
	at sun.reflect.NativeMethodAccessorImpl.invoke0(Native Method)
	at sun.reflect.NativeMethodAccessorImpl.invoke(NativeMethodAccessorImpl.java:62)
	at sun.reflect.DelegatingMethodAccessorImpl.invoke(DelegatingMethodAccessorImpl.java:43)
	at java.lang.reflect.Method.invoke(Method.java:483)
	at org.junit.platform.commons.util.ReflectionUtils.invokeMethod(ReflectionUtils.java:686)
	at org.junit.jupiter.engine.execution.MethodInvocation.proceed(MethodInvocation.java:60)
	at org.junit.jupiter.engine.execution.InvocationInterceptorChain$ValidatingInvocation.proceed(InvocationInterceptorChain.java:131)
	at org.junit.jupiter.engine.extension.TimeoutInvocation.proceed(TimeoutInvocation.java:46)
	at org.junit.jupiter.engine.extension.TimeoutExtension.intercept(TimeoutExtension.java:149)
	at org.junit.jupiter.engine.extension.TimeoutExtension.interceptTestableMethod(TimeoutExtension.java:140)
	at org.junit.jupiter.engine.extension.TimeoutExtension.interceptTestMethod(TimeoutExtension.java:84)
	at org.junit.jupiter.engine.descriptor.TestMethodTestDescriptor$$Lambda$111/1780132728.apply(Unknown Source)
	at org.junit.jupiter.engine.execution.ExecutableInvoker$ReflectiveInterceptorCall.lambda$ofVoidMethod$0(ExecutableInvoker.java:115)
	at org.junit.jupiter.engine.execution.ExecutableInvoker$ReflectiveInterceptorCall$$Lambda$112/1725017993.apply(Unknown Source)
	at org.junit.jupiter.engine.execution.ExecutableInvoker.lambda$invoke$0(ExecutableInvoker.java:105)
	at org.junit.jupiter.engine.execution.ExecutableInvoker$$Lambda$234/64133603.apply(Unknown Source)
	at org.junit.jupiter.engine.execution.InvocationInterceptorChain$InterceptedInvocation.proceed(InvocationInterceptorChain.java:106)
	at org.junit.jupiter.engine.execution.InvocationInterceptorChain.proceed(InvocationInterceptorChain.java:64)
	at org.junit.jupiter.engine.execution.InvocationInterceptorChain.chainAndInvoke(InvocationInterceptorChain.java:45)
	at org.junit.jupiter.engine.execution.InvocationInterceptorChain.invoke(InvocationInterceptorChain.java:37)
	at org.junit.jupiter.engine.execution.ExecutableInvoker.invoke(ExecutableInvoker.java:104)
	at org.junit.jupiter.engine.execution.ExecutableInvoker.invoke(ExecutableInvoker.java:98)
	at org.junit.jupiter.engine.descriptor.TestMethodTestDescriptor.lambda$invokeTestMethod$6(TestMethodTestDescriptor.java:212)
	at org.junit.jupiter.engine.descriptor.TestMethodTestDescriptor$$Lambda$271/224100622.execute(Unknown Source)
	at org.junit.platform.engine.support.hierarchical.ThrowableCollector.execute(ThrowableCollector.java:73)
	at org.junit.jupiter.engine.descriptor.TestMethodTestDescriptor.invokeTestMethod(TestMethodTestDescriptor.java:208)
	at org.junit.jupiter.engine.descriptor.TestMethodTestDescriptor.execute(TestMethodTestDescriptor.java:137)
	at org.junit.jupiter.engine.descriptor.TestMethodTestDescriptor.execute(TestMethodTestDescriptor.java:71)
	at org.junit.platform.engine.support.hierarchical.NodeTestTask.lambda$executeRecursively$5(NodeTestTask.java:135)
	at org.junit.platform.engine.support.hierarchical.NodeTestTask$$Lambda$179/195615004.execute(Unknown Source)
	at org.junit.platform.engine.support.hierarchical.ThrowableCollector.execute(ThrowableCollector.java:73)
	at org.junit.platform.engine.support.hierarchical.NodeTestTask.lambda$executeRecursively$7(NodeTestTask.java:125)
	at org.junit.platform.engine.support.hierarchical.NodeTestTask$$Lambda$178/1890627974.invoke(Unknown Source)
	at org.junit.platform.engine.support.hierarchical.Node.around(Node.java:135)
	at org.junit.platform.engine.support.hierarchical.NodeTestTask.lambda$executeRecursively$8(NodeTestTask.java:123)
	at org.junit.platform.engine.support.hierarchical.NodeTestTask$$Lambda$177/231977479.execute(Unknown Source)
	at org.junit.platform.engine.support.hierarchical.ThrowableCollector.execute(ThrowableCollector.java:73)
	at org.junit.platform.engine.support.hierarchical.NodeTestTask.executeRecursively(NodeTestTask.java:122)
	at org.junit.platform.engine.support.hierarchical.NodeTestTask.execute(NodeTestTask.java:80)
	at org.junit.platform.engine.support.hierarchical.SameThreadHierarchicalTestExecutorService$$Lambda$183/1381713434.accept(Unknown Source)
	at java.util.ArrayList.forEach(ArrayList.java:1249)
	at org.junit.platform.engine.support.hierarchical.SameThreadHierarchicalTestExecutorService.invokeAll(SameThreadHierarchicalTestExecutorService.java:38)
	at org.junit.platform.engine.support.hierarchical.NodeTestTask.lambda$executeRecursively$5(NodeTestTask.java:139)
	at org.junit.platform.engine.support.hierarchical.NodeTestTask$$Lambda$179/195615004.execute(Unknown Source)
	at org.junit.platform.engine.support.hierarchical.ThrowableCollector.execute(ThrowableCollector.java:73)
	at org.junit.platform.engine.support.hierarchical.NodeTestTask.lambda$executeRecursively$7(NodeTestTask.java:125)
	at org.junit.platform.engine.support.hierarchical.NodeTestTask$$Lambda$178/1890627974.invoke(Unknown Source)
	at org.junit.platform.engine.support.hierarchical.Node.around(Node.java:135)
	at org.junit.platform.engine.support.hierarchical.NodeTestTask.lambda$executeRecursively$8(NodeTestTask.java:123)
	at org.junit.platform.engine.support.hierarchical.NodeTestTask$$Lambda$177/231977479.execute(Unknown Source)
	at org.junit.platform.engine.support.hierarchical.ThrowableCollector.execute(ThrowableCollector.java:73)
	at org.junit.platform.engine.support.hierarchical.NodeTestTask.executeRecursively(NodeTestTask.java:122)
	at org.junit.platform.engine.support.hierarchical.NodeTestTask.execute(NodeTestTask.java:80)
	at org.junit.platform.engine.support.hierarchical.SameThreadHierarchicalTestExecutorService$$Lambda$183/1381713434.accept(Unknown Source)
	at java.util.ArrayList.forEach(ArrayList.java:1249)
	at org.junit.platform.engine.support.hierarchical.SameThreadHierarchicalTestExecutorService.invokeAll(SameThreadHierarchicalTestExecutorService.java:38)
	at org.junit.platform.engine.support.hierarchical.NodeTestTask.lambda$executeRecursively$5(NodeTestTask.java:139)
	at org.junit.platform.engine.support.hierarchical.NodeTestTask$$Lambda$179/195615004.execute(Unknown Source)
	at org.junit.platform.engine.support.hierarchical.ThrowableCollector.execute(ThrowableCollector.java:73)
	at org.junit.platform.engine.support.hierarchical.NodeTestTask.lambda$executeRecursively$7(NodeTestTask.java:125)
	at org.junit.platform.engine.support.hierarchical.NodeTestTask$$Lambda$178/1890627974.invoke(Unknown Source)
	at org.junit.platform.engine.support.hierarchical.Node.around(Node.java:135)
	at org.junit.platform.engine.support.hierarchical.NodeTestTask.lambda$executeRecursively$8(NodeTestTask.java:123)
	at org.junit.platform.engine.support.hierarchical.NodeTestTask$$Lambda$177/231977479.execute(Unknown Source)
	at org.junit.platform.engine.support.hierarchical.ThrowableCollector.execute(ThrowableCollector.java:73)
	at org.junit.platform.engine.support.hierarchical.NodeTestTask.executeRecursively(NodeTestTask.java:122)
	at org.junit.platform.engine.support.hierarchical.NodeTestTask.execute(NodeTestTask.java:80)
	at org.junit.platform.engine.support.hierarchical.SameThreadHierarchicalTestExecutorService.submit(SameThreadHierarchicalTestExecutorService.java:32)
	at org.junit.platform.engine.support.hierarchical.HierarchicalTestExecutor.execute(HierarchicalTestExecutor.java:57)
	at org.junit.platform.engine.support.hierarchical.HierarchicalTestEngine.execute(HierarchicalTestEngine.java:51)
	at org.junit.platform.launcher.core.DefaultLauncher.execute(DefaultLauncher.java:248)
	at org.junit.platform.launcher.core.DefaultLauncher.lambda$execute$5(DefaultLauncher.java:211)
	at org.junit.platform.launcher.core.DefaultLauncher$$Lambda$143/233996206.accept(Unknown Source)
	at org.junit.platform.launcher.core.DefaultLauncher.withInterceptedStreams(DefaultLauncher.java:226)
	at org.junit.platform.launcher.core.DefaultLauncher.execute(DefaultLauncher.java:199)
	at org.junit.platform.launcher.core.DefaultLauncher.execute(DefaultLauncher.java:132)
	at org.apache.maven.surefire.junitplatform.JUnitPlatformProvider.invokeAllTests(JUnitPlatformProvider.java:142)
	at org.apache.maven.surefire.junitplatform.JUnitPlatformProvider.invoke(JUnitPlatformProvider.java:113)
	at org.apache.maven.surefire.booter.ForkedBooter.invokeProviderInSameClassLoader(ForkedBooter.java:384)
	at org.apache.maven.surefire.booter.ForkedBooter.runSuitesInProcess(ForkedBooter.java:345)
	at org.apache.maven.surefire.booter.ForkedBooter.execute(ForkedBooter.java:126)
	at org.apache.maven.surefire.booter.ForkedBooter.main(ForkedBooter.java:418)
2021-11-08 11:16:30,470 [myid:] - INFO  [main:FourLetterWordMain@94] - connecting to 127.0.0.1 30149
2021-11-08 11:16:30,471 [myid:1] - WARN  [nioEventLoopGroup-67-5:NettyServerCnxnFactory$CnxnChannelHandler@231] - Zookeeper server is not running, close the connection before starting the TLS handshake
2021-11-08 11:16:30,734 [myid:] - INFO  [main:FourLetterWordMain@94] - connecting to 127.0.0.1 30149
2021-11-08 11:16:30,734 [myid:1] - WARN  [nioEventLoopGroup-67-6:NettyServerCnxnFactory$CnxnChannelHandler@231] - Zookeeper server is not running, close the connection before starting the TLS handshake
2021-11-08 11:16:31,000 [myid:] - INFO  [main:FourLetterWordMain@94] - connecting to 127.0.0.1 30149
2021-11-08 11:16:31,001 [myid:1] - WARN  [nioEventLoopGroup-67-7:NettyServerCnxnFactory$CnxnChannelHandler@231] - Zookeeper server is not running, close the connection before starting the TLS handshake
2021-11-08 11:16:31,251 [myid:] - INFO  [main:FourLetterWordMain@94] - connecting to 127.0.0.1 30149
2021-11-08 11:16:31,253 [myid:1] - WARN  [nioEventLoopGroup-67-8:NettyServerCnxnFactory$CnxnChannelHandler@231] - Zookeeper server is not running, close the connection before starting the TLS handshake
2021-11-08 11:16:31,516 [myid:] - INFO  [main:FourLetterWordMain@94] - connecting to 127.0.0.1 30149
2021-11-08 11:16:31,517 [myid:1] - WARN  [nioEventLoopGroup-67-9:NettyServerCnxnFactory$CnxnChannelHandler@231] - Zookeeper server is not running, close the connection before starting the TLS handshake
2021-11-08 11:16:31,767 [myid:] - INFO  [main:FourLetterWordMain@94] - connecting to 127.0.0.1 30149
2021-11-08 11:16:31,767 [myid:1] - WARN  [nioEventLoopGroup-67-10:NettyServerCnxnFactory$CnxnChannelHandler@231] - Zookeeper server is not running, close the connection before starting the TLS handshake
2021-11-08 11:16:32,032 [myid:] - INFO  [main:FourLetterWordMain@94] - connecting to 127.0.0.1 30149
2021-11-08 11:16:32,032 [myid:1] - WARN  [nioEventLoopGroup-67-11:NettyServerCnxnFactory$CnxnChannelHandler@231] - Zookeeper server is not running, close the connection before starting the TLS handshake
2021-11-08 11:16:32,297 [myid:] - INFO  [main:FourLetterWordMain@94] - connecting to 127.0.0.1 30149
2021-11-08 11:16:32,297 [myid:1] - WARN  [nioEventLoopGroup-67-12:NettyServerCnxnFactory$CnxnChannelHandler@231] - Zookeeper server is not running, close the connection before starting the TLS handshake
2021-11-08 11:16:32,560 [myid:] - INFO  [main:FourLetterWordMain@94] - connecting to 127.0.0.1 30149
2021-11-08 11:16:32,561 [myid:1] - WARN  [nioEventLoopGroup-67-1:NettyServerCnxnFactory$CnxnChannelHandler@231] - Zookeeper server is not running, close the connection before starting the TLS handshake
2021-11-08 11:16:32,814 [myid:] - INFO  [main:FourLetterWordMain@94] - connecting to 127.0.0.1 30149
2021-11-08 11:16:32,815 [myid:1] - WARN  [nioEventLoopGroup-67-2:NettyServerCnxnFactory$CnxnChannelHandler@231] - Zookeeper server is not running, close the connection before starting the TLS handshake
2021-11-08 11:16:33,065 [myid:] - INFO  [main:FourLetterWordMain@94] - connecting to 127.0.0.1 30149
2021-11-08 11:16:33,066 [myid:1] - WARN  [nioEventLoopGroup-67-3:NettyServerCnxnFactory$CnxnChannelHandler@231] - Zookeeper server is not running, close the connection before starting the TLS handshake
2021-11-08 11:16:33,332 [myid:] - INFO  [main:FourLetterWordMain@94] - connecting to 127.0.0.1 30149
2021-11-08 11:16:33,332 [myid:1] - WARN  [nioEventLoopGroup-67-4:NettyServerCnxnFactory$CnxnChannelHandler@231] - Zookeeper server is not running, close the connection before starting the TLS handshake
2021-11-08 11:16:33,347 [myid:] - INFO  [main:ClientBase@267] - server 127.0.0.1:30149 not up
java.net.SocketException: Software caused connection abort: recv failed
	at java.net.SocketInputStream.socketRead0(Native Method)
	at java.net.SocketInputStream.read(SocketInputStream.java:150)
	at java.net.SocketInputStream.read(SocketInputStream.java:121)
	at sun.nio.cs.StreamDecoder.readBytes(StreamDecoder.java:284)
	at sun.nio.cs.StreamDecoder.implRead(StreamDecoder.java:326)
	at sun.nio.cs.StreamDecoder.read(StreamDecoder.java:178)
	at java.io.InputStreamReader.read(InputStreamReader.java:184)
	at java.io.BufferedReader.fill(BufferedReader.java:161)
	at java.io.BufferedReader.readLine(BufferedReader.java:324)
	at java.io.BufferedReader.readLine(BufferedReader.java:389)
	at org.apache.zookeeper.client.FourLetterWordMain.send4LetterWord(FourLetterWordMain.java:129)
	at org.apache.zookeeper.client.FourLetterWordMain.send4LetterWord(FourLetterWordMain.java:74)
	at org.apache.zookeeper.test.ClientBase.waitForServerUp(ClientBase.java:258)
	at org.apache.zookeeper.test.ClientBase.waitForServerUp(ClientBase.java:249)
	at org.apache.zookeeper.server.quorum.QuorumSSLTest.testHostnameVerification(QuorumSSLTest.java:671)
	at org.apache.zookeeper.server.quorum.QuorumSSLTest.testHostnameVerificationWithInvalidIpAddressAndValidHostname(QuorumSSLTest.java:637)
	at sun.reflect.NativeMethodAccessorImpl.invoke0(Native Method)
	at sun.reflect.NativeMethodAccessorImpl.invoke(NativeMethodAccessorImpl.java:62)
	at sun.reflect.DelegatingMethodAccessorImpl.invoke(DelegatingMethodAccessorImpl.java:43)
	at java.lang.reflect.Method.invoke(Method.java:483)
	at org.junit.platform.commons.util.ReflectionUtils.invokeMethod(ReflectionUtils.java:686)
	at org.junit.jupiter.engine.execution.MethodInvocation.proceed(MethodInvocation.java:60)
	at org.junit.jupiter.engine.execution.InvocationInterceptorChain$ValidatingInvocation.proceed(InvocationInterceptorChain.java:131)
	at org.junit.jupiter.engine.extension.TimeoutInvocation.proceed(TimeoutInvocation.java:46)
	at org.junit.jupiter.engine.extension.TimeoutExtension.intercept(TimeoutExtension.java:149)
	at org.junit.jupiter.engine.extension.TimeoutExtension.interceptTestableMethod(TimeoutExtension.java:140)
	at org.junit.jupiter.engine.extension.TimeoutExtension.interceptTestMethod(TimeoutExtension.java:84)
	at org.junit.jupiter.engine.descriptor.TestMethodTestDescriptor$$Lambda$111/1780132728.apply(Unknown Source)
	at org.junit.jupiter.engine.execution.ExecutableInvoker$ReflectiveInterceptorCall.lambda$ofVoidMethod$0(ExecutableInvoker.java:115)
	at org.junit.jupiter.engine.execution.ExecutableInvoker$ReflectiveInterceptorCall$$Lambda$112/1725017993.apply(Unknown Source)
	at org.junit.jupiter.engine.execution.ExecutableInvoker.lambda$invoke$0(ExecutableInvoker.java:105)
	at org.junit.jupiter.engine.execution.ExecutableInvoker$$Lambda$234/64133603.apply(Unknown Source)
	at org.junit.jupiter.engine.execution.InvocationInterceptorChain$InterceptedInvocation.proceed(InvocationInterceptorChain.java:106)
	at org.junit.jupiter.engine.execution.InvocationInterceptorChain.proceed(InvocationInterceptorChain.java:64)
	at org.junit.jupiter.engine.execution.InvocationInterceptorChain.chainAndInvoke(InvocationInterceptorChain.java:45)
	at org.junit.jupiter.engine.execution.InvocationInterceptorChain.invoke(InvocationInterceptorChain.java:37)
	at org.junit.jupiter.engine.execution.ExecutableInvoker.invoke(ExecutableInvoker.java:104)
	at org.junit.jupiter.engine.execution.ExecutableInvoker.invoke(ExecutableInvoker.java:98)
	at org.junit.jupiter.engine.descriptor.TestMethodTestDescriptor.lambda$invokeTestMethod$6(TestMethodTestDescriptor.java:212)
	at org.junit.jupiter.engine.descriptor.TestMethodTestDescriptor$$Lambda$271/224100622.execute(Unknown Source)
	at org.junit.platform.engine.support.hierarchical.ThrowableCollector.execute(ThrowableCollector.java:73)
	at org.junit.jupiter.engine.descriptor.TestMethodTestDescriptor.invokeTestMethod(TestMethodTestDescriptor.java:208)
	at org.junit.jupiter.engine.descriptor.TestMethodTestDescriptor.execute(TestMethodTestDescriptor.java:137)
	at org.junit.jupiter.engine.descriptor.TestMethodTestDescriptor.execute(TestMethodTestDescriptor.java:71)
	at org.junit.platform.engine.support.hierarchical.NodeTestTask.lambda$executeRecursively$5(NodeTestTask.java:135)
	at org.junit.platform.engine.support.hierarchical.NodeTestTask$$Lambda$179/195615004.execute(Unknown Source)
	at org.junit.platform.engine.support.hierarchical.ThrowableCollector.execute(ThrowableCollector.java:73)
	at org.junit.platform.engine.support.hierarchical.NodeTestTask.lambda$executeRecursively$7(NodeTestTask.java:125)
	at org.junit.platform.engine.support.hierarchical.NodeTestTask$$Lambda$178/1890627974.invoke(Unknown Source)
	at org.junit.platform.engine.support.hierarchical.Node.around(Node.java:135)
	at org.junit.platform.engine.support.hierarchical.NodeTestTask.lambda$executeRecursively$8(NodeTestTask.java:123)
	at org.junit.platform.engine.support.hierarchical.NodeTestTask$$Lambda$177/231977479.execute(Unknown Source)
	at org.junit.platform.engine.support.hierarchical.ThrowableCollector.execute(ThrowableCollector.java:73)
	at org.junit.platform.engine.support.hierarchical.NodeTestTask.executeRecursively(NodeTestTask.java:122)
	at org.junit.platform.engine.support.hierarchical.NodeTestTask.execute(NodeTestTask.java:80)
	at org.junit.platform.engine.support.hierarchical.SameThreadHierarchicalTestExecutorService$$Lambda$183/1381713434.accept(Unknown Source)
	at java.util.ArrayList.forEach(ArrayList.java:1249)
	at org.junit.platform.engine.support.hierarchical.SameThreadHierarchicalTestExecutorService.invokeAll(SameThreadHierarchicalTestExecutorService.java:38)
	at org.junit.platform.engine.support.hierarchical.NodeTestTask.lambda$executeRecursively$5(NodeTestTask.java:139)
	at org.junit.platform.engine.support.hierarchical.NodeTestTask$$Lambda$179/195615004.execute(Unknown Source)
	at org.junit.platform.engine.support.hierarchical.ThrowableCollector.execute(ThrowableCollector.java:73)
	at org.junit.platform.engine.support.hierarchical.NodeTestTask.lambda$executeRecursively$7(NodeTestTask.java:125)
	at org.junit.platform.engine.support.hierarchical.NodeTestTask$$Lambda$178/1890627974.invoke(Unknown Source)
	at org.junit.platform.engine.support.hierarchical.Node.around(Node.java:135)
	at org.junit.platform.engine.support.hierarchical.NodeTestTask.lambda$executeRecursively$8(NodeTestTask.java:123)
	at org.junit.platform.engine.support.hierarchical.NodeTestTask$$Lambda$177/231977479.execute(Unknown Source)
	at org.junit.platform.engine.support.hierarchical.ThrowableCollector.execute(ThrowableCollector.java:73)
	at org.junit.platform.engine.support.hierarchical.NodeTestTask.executeRecursively(NodeTestTask.java:122)
	at org.junit.platform.engine.support.hierarchical.NodeTestTask.execute(NodeTestTask.java:80)
	at org.junit.platform.engine.support.hierarchical.SameThreadHierarchicalTestExecutorService$$Lambda$183/1381713434.accept(Unknown Source)
	at java.util.ArrayList.forEach(ArrayList.java:1249)
	at org.junit.platform.engine.support.hierarchical.SameThreadHierarchicalTestExecutorService.invokeAll(SameThreadHierarchicalTestExecutorService.java:38)
	at org.junit.platform.engine.support.hierarchical.NodeTestTask.lambda$executeRecursively$5(NodeTestTask.java:139)
	at org.junit.platform.engine.support.hierarchical.NodeTestTask$$Lambda$179/195615004.execute(Unknown Source)
	at org.junit.platform.engine.support.hierarchical.ThrowableCollector.execute(ThrowableCollector.java:73)
	at org.junit.platform.engine.support.hierarchical.NodeTestTask.lambda$executeRecursively$7(NodeTestTask.java:125)
	at org.junit.platform.engine.support.hierarchical.NodeTestTask$$Lambda$178/1890627974.invoke(Unknown Source)
	at org.junit.platform.engine.support.hierarchical.Node.around(Node.java:135)
	at org.junit.platform.engine.support.hierarchical.NodeTestTask.lambda$executeRecursively$8(NodeTestTask.java:123)
	at org.junit.platform.engine.support.hierarchical.NodeTestTask$$Lambda$177/231977479.execute(Unknown Source)
	at org.junit.platform.engine.support.hierarchical.ThrowableCollector.execute(ThrowableCollector.java:73)
	at org.junit.platform.engine.support.hierarchical.NodeTestTask.executeRecursively(NodeTestTask.java:122)
	at org.junit.platform.engine.support.hierarchical.NodeTestTask.execute(NodeTestTask.java:80)
	at org.junit.platform.engine.support.hierarchical.SameThreadHierarchicalTestExecutorService.submit(SameThreadHierarchicalTestExecutorService.java:32)
	at org.junit.platform.engine.support.hierarchical.HierarchicalTestExecutor.execute(HierarchicalTestExecutor.java:57)
	at org.junit.platform.engine.support.hierarchical.HierarchicalTestEngine.execute(HierarchicalTestEngine.java:51)
	at org.junit.platform.launcher.core.DefaultLauncher.execute(DefaultLauncher.java:248)
	at org.junit.platform.launcher.core.DefaultLauncher.lambda$execute$5(DefaultLauncher.java:211)
	at org.junit.platform.launcher.core.DefaultLauncher$$Lambda$143/233996206.accept(Unknown Source)
	at org.junit.platform.launcher.core.DefaultLauncher.withInterceptedStreams(DefaultLauncher.java:226)
	at org.junit.platform.launcher.core.DefaultLauncher.execute(DefaultLauncher.java:199)
	at org.junit.platform.launcher.core.DefaultLauncher.execute(DefaultLauncher.java:132)
	at org.apache.maven.surefire.junitplatform.JUnitPlatformProvider.invokeAllTests(JUnitPlatformProvider.java:142)
	at org.apache.maven.surefire.junitplatform.JUnitPlatformProvider.invoke(JUnitPlatformProvider.java:113)
	at org.apache.maven.surefire.booter.ForkedBooter.invokeProviderInSameClassLoader(ForkedBooter.java:384)
	at org.apache.maven.surefire.booter.ForkedBooter.runSuitesInProcess(ForkedBooter.java:345)
	at org.apache.maven.surefire.booter.ForkedBooter.execute(ForkedBooter.java:126)
	at org.apache.maven.surefire.booter.ForkedBooter.main(ForkedBooter.java:418)
2021-11-08 11:16:33,598 [myid:] - INFO  [main:FourLetterWordMain@94] - connecting to 127.0.0.1 30149
2021-11-08 11:16:33,600 [myid:1] - WARN  [nioEventLoopGroup-67-5:NettyServerCnxnFactory$CnxnChannelHandler@231] - Zookeeper server is not running, close the connection before starting the TLS handshake
2021-11-08 11:16:33,863 [myid:] - INFO  [main:FourLetterWordMain@94] - connecting to 127.0.0.1 30149
2021-11-08 11:16:33,863 [myid:1] - WARN  [nioEventLoopGroup-67-6:NettyServerCnxnFactory$CnxnChannelHandler@231] - Zookeeper server is not running, close the connection before starting the TLS handshake
2021-11-08 11:16:33,864 [myid:] - INFO  [main:ClientBase@267] - server 127.0.0.1:30149 not up
java.net.SocketException: Software caused connection abort: recv failed
	at java.net.SocketInputStream.socketRead0(Native Method)
	at java.net.SocketInputStream.read(SocketInputStream.java:150)
	at java.net.SocketInputStream.read(SocketInputStream.java:121)
	at sun.nio.cs.StreamDecoder.readBytes(StreamDecoder.java:284)
	at sun.nio.cs.StreamDecoder.implRead(StreamDecoder.java:326)
	at sun.nio.cs.StreamDecoder.read(StreamDecoder.java:178)
	at java.io.InputStreamReader.read(InputStreamReader.java:184)
	at java.io.BufferedReader.fill(BufferedReader.java:161)
	at java.io.BufferedReader.readLine(BufferedReader.java:324)
	at java.io.BufferedReader.readLine(BufferedReader.java:389)
	at org.apache.zookeeper.client.FourLetterWordMain.send4LetterWord(FourLetterWordMain.java:129)
	at org.apache.zookeeper.client.FourLetterWordMain.send4LetterWord(FourLetterWordMain.java:74)
	at org.apache.zookeeper.test.ClientBase.waitForServerUp(ClientBase.java:258)
	at org.apache.zookeeper.test.ClientBase.waitForServerUp(ClientBase.java:249)
	at org.apache.zookeeper.server.quorum.QuorumSSLTest.testHostnameVerification(QuorumSSLTest.java:671)
	at org.apache.zookeeper.server.quorum.QuorumSSLTest.testHostnameVerificationWithInvalidIpAddressAndValidHostname(QuorumSSLTest.java:637)
	at sun.reflect.NativeMethodAccessorImpl.invoke0(Native Method)
	at sun.reflect.NativeMethodAccessorImpl.invoke(NativeMethodAccessorImpl.java:62)
	at sun.reflect.DelegatingMethodAccessorImpl.invoke(DelegatingMethodAccessorImpl.java:43)
	at java.lang.reflect.Method.invoke(Method.java:483)
	at org.junit.platform.commons.util.ReflectionUtils.invokeMethod(ReflectionUtils.java:686)
	at org.junit.jupiter.engine.execution.MethodInvocation.proceed(MethodInvocation.java:60)
	at org.junit.jupiter.engine.execution.InvocationInterceptorChain$ValidatingInvocation.proceed(InvocationInterceptorChain.java:131)
	at org.junit.jupiter.engine.extension.TimeoutInvocation.proceed(TimeoutInvocation.java:46)
	at org.junit.jupiter.engine.extension.TimeoutExtension.intercept(TimeoutExtension.java:149)
	at org.junit.jupiter.engine.extension.TimeoutExtension.interceptTestableMethod(TimeoutExtension.java:140)
	at org.junit.jupiter.engine.extension.TimeoutExtension.interceptTestMethod(TimeoutExtension.java:84)
	at org.junit.jupiter.engine.descriptor.TestMethodTestDescriptor$$Lambda$111/1780132728.apply(Unknown Source)
	at org.junit.jupiter.engine.execution.ExecutableInvoker$ReflectiveInterceptorCall.lambda$ofVoidMethod$0(ExecutableInvoker.java:115)
	at org.junit.jupiter.engine.execution.ExecutableInvoker$ReflectiveInterceptorCall$$Lambda$112/1725017993.apply(Unknown Source)
	at org.junit.jupiter.engine.execution.ExecutableInvoker.lambda$invoke$0(ExecutableInvoker.java:105)
	at org.junit.jupiter.engine.execution.ExecutableInvoker$$Lambda$234/64133603.apply(Unknown Source)
	at org.junit.jupiter.engine.execution.InvocationInterceptorChain$InterceptedInvocation.proceed(InvocationInterceptorChain.java:106)
	at org.junit.jupiter.engine.execution.InvocationInterceptorChain.proceed(InvocationInterceptorChain.java:64)
	at org.junit.jupiter.engine.execution.InvocationInterceptorChain.chainAndInvoke(InvocationInterceptorChain.java:45)
	at org.junit.jupiter.engine.execution.InvocationInterceptorChain.invoke(InvocationInterceptorChain.java:37)
	at org.junit.jupiter.engine.execution.ExecutableInvoker.invoke(ExecutableInvoker.java:104)
	at org.junit.jupiter.engine.execution.ExecutableInvoker.invoke(ExecutableInvoker.java:98)
	at org.junit.jupiter.engine.descriptor.TestMethodTestDescriptor.lambda$invokeTestMethod$6(TestMethodTestDescriptor.java:212)
	at org.junit.jupiter.engine.descriptor.TestMethodTestDescriptor$$Lambda$271/224100622.execute(Unknown Source)
	at org.junit.platform.engine.support.hierarchical.ThrowableCollector.execute(ThrowableCollector.java:73)
	at org.junit.jupiter.engine.descriptor.TestMethodTestDescriptor.invokeTestMethod(TestMethodTestDescriptor.java:208)
	at org.junit.jupiter.engine.descriptor.TestMethodTestDescriptor.execute(TestMethodTestDescriptor.java:137)
	at org.junit.jupiter.engine.descriptor.TestMethodTestDescriptor.execute(TestMethodTestDescriptor.java:71)
	at org.junit.platform.engine.support.hierarchical.NodeTestTask.lambda$executeRecursively$5(NodeTestTask.java:135)
	at org.junit.platform.engine.support.hierarchical.NodeTestTask$$Lambda$179/195615004.execute(Unknown Source)
	at org.junit.platform.engine.support.hierarchical.ThrowableCollector.execute(ThrowableCollector.java:73)
	at org.junit.platform.engine.support.hierarchical.NodeTestTask.lambda$executeRecursively$7(NodeTestTask.java:125)
	at org.junit.platform.engine.support.hierarchical.NodeTestTask$$Lambda$178/1890627974.invoke(Unknown Source)
	at org.junit.platform.engine.support.hierarchical.Node.around(Node.java:135)
	at org.junit.platform.engine.support.hierarchical.NodeTestTask.lambda$executeRecursively$8(NodeTestTask.java:123)
	at org.junit.platform.engine.support.hierarchical.NodeTestTask$$Lambda$177/231977479.execute(Unknown Source)
	at org.junit.platform.engine.support.hierarchical.ThrowableCollector.execute(ThrowableCollector.java:73)
	at org.junit.platform.engine.support.hierarchical.NodeTestTask.executeRecursively(NodeTestTask.java:122)
	at org.junit.platform.engine.support.hierarchical.NodeTestTask.execute(NodeTestTask.java:80)
	at org.junit.platform.engine.support.hierarchical.SameThreadHierarchicalTestExecutorService$$Lambda$183/1381713434.accept(Unknown Source)
	at java.util.ArrayList.forEach(ArrayList.java:1249)
	at org.junit.platform.engine.support.hierarchical.SameThreadHierarchicalTestExecutorService.invokeAll(SameThreadHierarchicalTestExecutorService.java:38)
	at org.junit.platform.engine.support.hierarchical.NodeTestTask.lambda$executeRecursively$5(NodeTestTask.java:139)
	at org.junit.platform.engine.support.hierarchical.NodeTestTask$$Lambda$179/195615004.execute(Unknown Source)
	at org.junit.platform.engine.support.hierarchical.ThrowableCollector.execute(ThrowableCollector.java:73)
	at org.junit.platform.engine.support.hierarchical.NodeTestTask.lambda$executeRecursively$7(NodeTestTask.java:125)
	at org.junit.platform.engine.support.hierarchical.NodeTestTask$$Lambda$178/1890627974.invoke(Unknown Source)
	at org.junit.platform.engine.support.hierarchical.Node.around(Node.java:135)
	at org.junit.platform.engine.support.hierarchical.NodeTestTask.lambda$executeRecursively$8(NodeTestTask.java:123)
	at org.junit.platform.engine.support.hierarchical.NodeTestTask$$Lambda$177/231977479.execute(Unknown Source)
	at org.junit.platform.engine.support.hierarchical.ThrowableCollector.execute(ThrowableCollector.java:73)
	at org.junit.platform.engine.support.hierarchical.NodeTestTask.executeRecursively(NodeTestTask.java:122)
	at org.junit.platform.engine.support.hierarchical.NodeTestTask.execute(NodeTestTask.java:80)
	at org.junit.platform.engine.support.hierarchical.SameThreadHierarchicalTestExecutorService$$Lambda$183/1381713434.accept(Unknown Source)
	at java.util.ArrayList.forEach(ArrayList.java:1249)
	at org.junit.platform.engine.support.hierarchical.SameThreadHierarchicalTestExecutorService.invokeAll(SameThreadHierarchicalTestExecutorService.java:38)
	at org.junit.platform.engine.support.hierarchical.NodeTestTask.lambda$executeRecursively$5(NodeTestTask.java:139)
	at org.junit.platform.engine.support.hierarchical.NodeTestTask$$Lambda$179/195615004.execute(Unknown Source)
	at org.junit.platform.engine.support.hierarchical.ThrowableCollector.execute(ThrowableCollector.java:73)
	at org.junit.platform.engine.support.hierarchical.NodeTestTask.lambda$executeRecursively$7(NodeTestTask.java:125)
	at org.junit.platform.engine.support.hierarchical.NodeTestTask$$Lambda$178/1890627974.invoke(Unknown Source)
	at org.junit.platform.engine.support.hierarchical.Node.around(Node.java:135)
	at org.junit.platform.engine.support.hierarchical.NodeTestTask.lambda$executeRecursively$8(NodeTestTask.java:123)
	at org.junit.platform.engine.support.hierarchical.NodeTestTask$$Lambda$177/231977479.execute(Unknown Source)
	at org.junit.platform.engine.support.hierarchical.ThrowableCollector.execute(ThrowableCollector.java:73)
	at org.junit.platform.engine.support.hierarchical.NodeTestTask.executeRecursively(NodeTestTask.java:122)
	at org.junit.platform.engine.support.hierarchical.NodeTestTask.execute(NodeTestTask.java:80)
	at org.junit.platform.engine.support.hierarchical.SameThreadHierarchicalTestExecutorService.submit(SameThreadHierarchicalTestExecutorService.java:32)
	at org.junit.platform.engine.support.hierarchical.HierarchicalTestExecutor.execute(HierarchicalTestExecutor.java:57)
	at org.junit.platform.engine.support.hierarchical.HierarchicalTestEngine.execute(HierarchicalTestEngine.java:51)
	at org.junit.platform.launcher.core.DefaultLauncher.execute(DefaultLauncher.java:248)
	at org.junit.platform.launcher.core.DefaultLauncher.lambda$execute$5(DefaultLauncher.java:211)
	at org.junit.platform.launcher.core.DefaultLauncher$$Lambda$143/233996206.accept(Unknown Source)
	at org.junit.platform.launcher.core.DefaultLauncher.withInterceptedStreams(DefaultLauncher.java:226)
	at org.junit.platform.launcher.core.DefaultLauncher.execute(DefaultLauncher.java:199)
	at org.junit.platform.launcher.core.DefaultLauncher.execute(DefaultLauncher.java:132)
	at org.apache.maven.surefire.junitplatform.JUnitPlatformProvider.invokeAllTests(JUnitPlatformProvider.java:142)
	at org.apache.maven.surefire.junitplatform.JUnitPlatformProvider.invoke(JUnitPlatformProvider.java:113)
	at org.apache.maven.surefire.booter.ForkedBooter.invokeProviderInSameClassLoader(ForkedBooter.java:384)
	at org.apache.maven.surefire.booter.ForkedBooter.runSuitesInProcess(ForkedBooter.java:345)
	at org.apache.maven.surefire.booter.ForkedBooter.execute(ForkedBooter.java:126)
	at org.apache.maven.surefire.booter.ForkedBooter.main(ForkedBooter.java:418)
2021-11-08 11:16:34,127 [myid:] - INFO  [main:FourLetterWordMain@94] - connecting to 127.0.0.1 30149
2021-11-08 11:16:34,128 [myid:1] - WARN  [nioEventLoopGroup-67-7:NettyServerCnxnFactory$CnxnChannelHandler@231] - Zookeeper server is not running, close the connection before starting the TLS handshake
2021-11-08 11:16:34,142 [myid:] - INFO  [main:ClientBase@267] - server 127.0.0.1:30149 not up
java.net.SocketException: Software caused connection abort: recv failed
	at java.net.SocketInputStream.socketRead0(Native Method)
	at java.net.SocketInputStream.read(SocketInputStream.java:150)
	at java.net.SocketInputStream.read(SocketInputStream.java:121)
	at sun.nio.cs.StreamDecoder.readBytes(StreamDecoder.java:284)
	at sun.nio.cs.StreamDecoder.implRead(StreamDecoder.java:326)
	at sun.nio.cs.StreamDecoder.read(StreamDecoder.java:178)
	at java.io.InputStreamReader.read(InputStreamReader.java:184)
	at java.io.BufferedReader.fill(BufferedReader.java:161)
	at java.io.BufferedReader.readLine(BufferedReader.java:324)
	at java.io.BufferedReader.readLine(BufferedReader.java:389)
	at org.apache.zookeeper.client.FourLetterWordMain.send4LetterWord(FourLetterWordMain.java:129)
	at org.apache.zookeeper.client.FourLetterWordMain.send4LetterWord(FourLetterWordMain.java:74)
	at org.apache.zookeeper.test.ClientBase.waitForServerUp(ClientBase.java:258)
	at org.apache.zookeeper.test.ClientBase.waitForServerUp(ClientBase.java:249)
	at org.apache.zookeeper.server.quorum.QuorumSSLTest.testHostnameVerification(QuorumSSLTest.java:671)
	at org.apache.zookeeper.server.quorum.QuorumSSLTest.testHostnameVerificationWithInvalidIpAddressAndValidHostname(QuorumSSLTest.java:637)
	at sun.reflect.NativeMethodAccessorImpl.invoke0(Native Method)
	at sun.reflect.NativeMethodAccessorImpl.invoke(NativeMethodAccessorImpl.java:62)
	at sun.reflect.DelegatingMethodAccessorImpl.invoke(DelegatingMethodAccessorImpl.java:43)
	at java.lang.reflect.Method.invoke(Method.java:483)
	at org.junit.platform.commons.util.ReflectionUtils.invokeMethod(ReflectionUtils.java:686)
	at org.junit.jupiter.engine.execution.MethodInvocation.proceed(MethodInvocation.java:60)
	at org.junit.jupiter.engine.execution.InvocationInterceptorChain$ValidatingInvocation.proceed(InvocationInterceptorChain.java:131)
	at org.junit.jupiter.engine.extension.TimeoutInvocation.proceed(TimeoutInvocation.java:46)
	at org.junit.jupiter.engine.extension.TimeoutExtension.intercept(TimeoutExtension.java:149)
	at org.junit.jupiter.engine.extension.TimeoutExtension.interceptTestableMethod(TimeoutExtension.java:140)
	at org.junit.jupiter.engine.extension.TimeoutExtension.interceptTestMethod(TimeoutExtension.java:84)
	at org.junit.jupiter.engine.descriptor.TestMethodTestDescriptor$$Lambda$111/1780132728.apply(Unknown Source)
	at org.junit.jupiter.engine.execution.ExecutableInvoker$ReflectiveInterceptorCall.lambda$ofVoidMethod$0(ExecutableInvoker.java:115)
	at org.junit.jupiter.engine.execution.ExecutableInvoker$ReflectiveInterceptorCall$$Lambda$112/1725017993.apply(Unknown Source)
	at org.junit.jupiter.engine.execution.ExecutableInvoker.lambda$invoke$0(ExecutableInvoker.java:105)
	at org.junit.jupiter.engine.execution.ExecutableInvoker$$Lambda$234/64133603.apply(Unknown Source)
	at org.junit.jupiter.engine.execution.InvocationInterceptorChain$InterceptedInvocation.proceed(InvocationInterceptorChain.java:106)
	at org.junit.jupiter.engine.execution.InvocationInterceptorChain.proceed(InvocationInterceptorChain.java:64)
	at org.junit.jupiter.engine.execution.InvocationInterceptorChain.chainAndInvoke(InvocationInterceptorChain.java:45)
	at org.junit.jupiter.engine.execution.InvocationInterceptorChain.invoke(InvocationInterceptorChain.java:37)
	at org.junit.jupiter.engine.execution.ExecutableInvoker.invoke(ExecutableInvoker.java:104)
	at org.junit.jupiter.engine.execution.ExecutableInvoker.invoke(ExecutableInvoker.java:98)
	at org.junit.jupiter.engine.descriptor.TestMethodTestDescriptor.lambda$invokeTestMethod$6(TestMethodTestDescriptor.java:212)
	at org.junit.jupiter.engine.descriptor.TestMethodTestDescriptor$$Lambda$271/224100622.execute(Unknown Source)
	at org.junit.platform.engine.support.hierarchical.ThrowableCollector.execute(ThrowableCollector.java:73)
	at org.junit.jupiter.engine.descriptor.TestMethodTestDescriptor.invokeTestMethod(TestMethodTestDescriptor.java:208)
	at org.junit.jupiter.engine.descriptor.TestMethodTestDescriptor.execute(TestMethodTestDescriptor.java:137)
	at org.junit.jupiter.engine.descriptor.TestMethodTestDescriptor.execute(TestMethodTestDescriptor.java:71)
	at org.junit.platform.engine.support.hierarchical.NodeTestTask.lambda$executeRecursively$5(NodeTestTask.java:135)
	at org.junit.platform.engine.support.hierarchical.NodeTestTask$$Lambda$179/195615004.execute(Unknown Source)
	at org.junit.platform.engine.support.hierarchical.ThrowableCollector.execute(ThrowableCollector.java:73)
	at org.junit.platform.engine.support.hierarchical.NodeTestTask.lambda$executeRecursively$7(NodeTestTask.java:125)
	at org.junit.platform.engine.support.hierarchical.NodeTestTask$$Lambda$178/1890627974.invoke(Unknown Source)
	at org.junit.platform.engine.support.hierarchical.Node.around(Node.java:135)
	at org.junit.platform.engine.support.hierarchical.NodeTestTask.lambda$executeRecursively$8(NodeTestTask.java:123)
	at org.junit.platform.engine.support.hierarchical.NodeTestTask$$Lambda$177/231977479.execute(Unknown Source)
	at org.junit.platform.engine.support.hierarchical.ThrowableCollector.execute(ThrowableCollector.java:73)
	at org.junit.platform.engine.support.hierarchical.NodeTestTask.executeRecursively(NodeTestTask.java:122)
	at org.junit.platform.engine.support.hierarchical.NodeTestTask.execute(NodeTestTask.java:80)
	at org.junit.platform.engine.support.hierarchical.SameThreadHierarchicalTestExecutorService$$Lambda$183/1381713434.accept(Unknown Source)
	at java.util.ArrayList.forEach(ArrayList.java:1249)
	at org.junit.platform.engine.support.hierarchical.SameThreadHierarchicalTestExecutorService.invokeAll(SameThreadHierarchicalTestExecutorService.java:38)
	at org.junit.platform.engine.support.hierarchical.NodeTestTask.lambda$executeRecursively$5(NodeTestTask.java:139)
	at org.junit.platform.engine.support.hierarchical.NodeTestTask$$Lambda$179/195615004.execute(Unknown Source)
	at org.junit.platform.engine.support.hierarchical.ThrowableCollector.execute(ThrowableCollector.java:73)
	at org.junit.platform.engine.support.hierarchical.NodeTestTask.lambda$executeRecursively$7(NodeTestTask.java:125)
	at org.junit.platform.engine.support.hierarchical.NodeTestTask$$Lambda$178/1890627974.invoke(Unknown Source)
	at org.junit.platform.engine.support.hierarchical.Node.around(Node.java:135)
	at org.junit.platform.engine.support.hierarchical.NodeTestTask.lambda$executeRecursively$8(NodeTestTask.java:123)
	at org.junit.platform.engine.support.hierarchical.NodeTestTask$$Lambda$177/231977479.execute(Unknown Source)
	at org.junit.platform.engine.support.hierarchical.ThrowableCollector.execute(ThrowableCollector.java:73)
	at org.junit.platform.engine.support.hierarchical.NodeTestTask.executeRecursively(NodeTestTask.java:122)
	at org.junit.platform.engine.support.hierarchical.NodeTestTask.execute(NodeTestTask.java:80)
	at org.junit.platform.engine.support.hierarchical.SameThreadHierarchicalTestExecutorService$$Lambda$183/1381713434.accept(Unknown Source)
	at java.util.ArrayList.forEach(ArrayList.java:1249)
	at org.junit.platform.engine.support.hierarchical.SameThreadHierarchicalTestExecutorService.invokeAll(SameThreadHierarchicalTestExecutorService.java:38)
	at org.junit.platform.engine.support.hierarchical.NodeTestTask.lambda$executeRecursively$5(NodeTestTask.java:139)
	at org.junit.platform.engine.support.hierarchical.NodeTestTask$$Lambda$179/195615004.execute(Unknown Source)
	at org.junit.platform.engine.support.hierarchical.ThrowableCollector.execute(ThrowableCollector.java:73)
	at org.junit.platform.engine.support.hierarchical.NodeTestTask.lambda$executeRecursively$7(NodeTestTask.java:125)
	at org.junit.platform.engine.support.hierarchical.NodeTestTask$$Lambda$178/1890627974.invoke(Unknown Source)
	at org.junit.platform.engine.support.hierarchical.Node.around(Node.java:135)
	at org.junit.platform.engine.support.hierarchical.NodeTestTask.lambda$executeRecursively$8(NodeTestTask.java:123)
	at org.junit.platform.engine.support.hierarchical.NodeTestTask$$Lambda$177/231977479.execute(Unknown Source)
	at org.junit.platform.engine.support.hierarchical.ThrowableCollector.execute(ThrowableCollector.java:73)
	at org.junit.platform.engine.support.hierarchical.NodeTestTask.executeRecursively(NodeTestTask.java:122)
	at org.junit.platform.engine.support.hierarchical.NodeTestTask.execute(NodeTestTask.java:80)
	at org.junit.platform.engine.support.hierarchical.SameThreadHierarchicalTestExecutorService.submit(SameThreadHierarchicalTestExecutorService.java:32)
	at org.junit.platform.engine.support.hierarchical.HierarchicalTestExecutor.execute(HierarchicalTestExecutor.java:57)
	at org.junit.platform.engine.support.hierarchical.HierarchicalTestEngine.execute(HierarchicalTestEngine.java:51)
	at org.junit.platform.launcher.core.DefaultLauncher.execute(DefaultLauncher.java:248)
	at org.junit.platform.launcher.core.DefaultLauncher.lambda$execute$5(DefaultLauncher.java:211)
	at org.junit.platform.launcher.core.DefaultLauncher$$Lambda$143/233996206.accept(Unknown Source)
	at org.junit.platform.launcher.core.DefaultLauncher.withInterceptedStreams(DefaultLauncher.java:226)
	at org.junit.platform.launcher.core.DefaultLauncher.execute(DefaultLauncher.java:199)
	at org.junit.platform.launcher.core.DefaultLauncher.execute(DefaultLauncher.java:132)
	at org.apache.maven.surefire.junitplatform.JUnitPlatformProvider.invokeAllTests(JUnitPlatformProvider.java:142)
	at org.apache.maven.surefire.junitplatform.JUnitPlatformProvider.invoke(JUnitPlatformProvider.java:113)
	at org.apache.maven.surefire.booter.ForkedBooter.invokeProviderInSameClassLoader(ForkedBooter.java:384)
	at org.apache.maven.surefire.booter.ForkedBooter.runSuitesInProcess(ForkedBooter.java:345)
	at org.apache.maven.surefire.booter.ForkedBooter.execute(ForkedBooter.java:126)
	at org.apache.maven.surefire.booter.ForkedBooter.main(ForkedBooter.java:418)
2021-11-08 11:16:34,395 [myid:] - INFO  [main:FourLetterWordMain@94] - connecting to 127.0.0.1 30149
2021-11-08 11:16:34,396 [myid:1] - WARN  [nioEventLoopGroup-67-8:NettyServerCnxnFactory$CnxnChannelHandler@231] - Zookeeper server is not running, close the connection before starting the TLS handshake
2021-11-08 11:16:34,660 [myid:] - INFO  [main:FourLetterWordMain@94] - connecting to 127.0.0.1 30149
2021-11-08 11:16:34,660 [myid:1] - WARN  [nioEventLoopGroup-67-9:NettyServerCnxnFactory$CnxnChannelHandler@231] - Zookeeper server is not running, close the connection before starting the TLS handshake
2021-11-08 11:16:34,926 [myid:] - INFO  [main:FourLetterWordMain@94] - connecting to 127.0.0.1 30149
2021-11-08 11:16:34,926 [myid:1] - WARN  [nioEventLoopGroup-67-10:NettyServerCnxnFactory$CnxnChannelHandler@231] - Zookeeper server is not running, close the connection before starting the TLS handshake
2021-11-08 11:16:34,942 [myid:] - INFO  [main:ClientBase@267] - server 127.0.0.1:30149 not up
java.net.SocketException: Software caused connection abort: recv failed
	at java.net.SocketInputStream.socketRead0(Native Method)
	at java.net.SocketInputStream.read(SocketInputStream.java:150)
	at java.net.SocketInputStream.read(SocketInputStream.java:121)
	at sun.nio.cs.StreamDecoder.readBytes(StreamDecoder.java:284)
	at sun.nio.cs.StreamDecoder.implRead(StreamDecoder.java:326)
	at sun.nio.cs.StreamDecoder.read(StreamDecoder.java:178)
	at java.io.InputStreamReader.read(InputStreamReader.java:184)
	at java.io.BufferedReader.fill(BufferedReader.java:161)
	at java.io.BufferedReader.readLine(BufferedReader.java:324)
	at java.io.BufferedReader.readLine(BufferedReader.java:389)
	at org.apache.zookeeper.client.FourLetterWordMain.send4LetterWord(FourLetterWordMain.java:129)
	at org.apache.zookeeper.client.FourLetterWordMain.send4LetterWord(FourLetterWordMain.java:74)
	at org.apache.zookeeper.test.ClientBase.waitForServerUp(ClientBase.java:258)
	at org.apache.zookeeper.test.ClientBase.waitForServerUp(ClientBase.java:249)
	at org.apache.zookeeper.server.quorum.QuorumSSLTest.testHostnameVerification(QuorumSSLTest.java:671)
	at org.apache.zookeeper.server.quorum.QuorumSSLTest.testHostnameVerificationWithInvalidIpAddressAndValidHostname(QuorumSSLTest.java:637)
	at sun.reflect.NativeMethodAccessorImpl.invoke0(Native Method)
	at sun.reflect.NativeMethodAccessorImpl.invoke(NativeMethodAccessorImpl.java:62)
	at sun.reflect.DelegatingMethodAccessorImpl.invoke(DelegatingMethodAccessorImpl.java:43)
	at java.lang.reflect.Method.invoke(Method.java:483)
	at org.junit.platform.commons.util.ReflectionUtils.invokeMethod(ReflectionUtils.java:686)
	at org.junit.jupiter.engine.execution.MethodInvocation.proceed(MethodInvocation.java:60)
	at org.junit.jupiter.engine.execution.InvocationInterceptorChain$ValidatingInvocation.proceed(InvocationInterceptorChain.java:131)
	at org.junit.jupiter.engine.extension.TimeoutInvocation.proceed(TimeoutInvocation.java:46)
	at org.junit.jupiter.engine.extension.TimeoutExtension.intercept(TimeoutExtension.java:149)
	at org.junit.jupiter.engine.extension.TimeoutExtension.interceptTestableMethod(TimeoutExtension.java:140)
	at org.junit.jupiter.engine.extension.TimeoutExtension.interceptTestMethod(TimeoutExtension.java:84)
	at org.junit.jupiter.engine.descriptor.TestMethodTestDescriptor$$Lambda$111/1780132728.apply(Unknown Source)
	at org.junit.jupiter.engine.execution.ExecutableInvoker$ReflectiveInterceptorCall.lambda$ofVoidMethod$0(ExecutableInvoker.java:115)
	at org.junit.jupiter.engine.execution.ExecutableInvoker$ReflectiveInterceptorCall$$Lambda$112/1725017993.apply(Unknown Source)
	at org.junit.jupiter.engine.execution.ExecutableInvoker.lambda$invoke$0(ExecutableInvoker.java:105)
	at org.junit.jupiter.engine.execution.ExecutableInvoker$$Lambda$234/64133603.apply(Unknown Source)
	at org.junit.jupiter.engine.execution.InvocationInterceptorChain$InterceptedInvocation.proceed(InvocationInterceptorChain.java:106)
	at org.junit.jupiter.engine.execution.InvocationInterceptorChain.proceed(InvocationInterceptorChain.java:64)
	at org.junit.jupiter.engine.execution.InvocationInterceptorChain.chainAndInvoke(InvocationInterceptorChain.java:45)
	at org.junit.jupiter.engine.execution.InvocationInterceptorChain.invoke(InvocationInterceptorChain.java:37)
	at org.junit.jupiter.engine.execution.ExecutableInvoker.invoke(ExecutableInvoker.java:104)
	at org.junit.jupiter.engine.execution.ExecutableInvoker.invoke(ExecutableInvoker.java:98)
	at org.junit.jupiter.engine.descriptor.TestMethodTestDescriptor.lambda$invokeTestMethod$6(TestMethodTestDescriptor.java:212)
	at org.junit.jupiter.engine.descriptor.TestMethodTestDescriptor$$Lambda$271/224100622.execute(Unknown Source)
	at org.junit.platform.engine.support.hierarchical.ThrowableCollector.execute(ThrowableCollector.java:73)
	at org.junit.jupiter.engine.descriptor.TestMethodTestDescriptor.invokeTestMethod(TestMethodTestDescriptor.java:208)
	at org.junit.jupiter.engine.descriptor.TestMethodTestDescriptor.execute(TestMethodTestDescriptor.java:137)
	at org.junit.jupiter.engine.descriptor.TestMethodTestDescriptor.execute(TestMethodTestDescriptor.java:71)
	at org.junit.platform.engine.support.hierarchical.NodeTestTask.lambda$executeRecursively$5(NodeTestTask.java:135)
	at org.junit.platform.engine.support.hierarchical.NodeTestTask$$Lambda$179/195615004.execute(Unknown Source)
	at org.junit.platform.engine.support.hierarchical.ThrowableCollector.execute(ThrowableCollector.java:73)
	at org.junit.platform.engine.support.hierarchical.NodeTestTask.lambda$executeRecursively$7(NodeTestTask.java:125)
	at org.junit.platform.engine.support.hierarchical.NodeTestTask$$Lambda$178/1890627974.invoke(Unknown Source)
	at org.junit.platform.engine.support.hierarchical.Node.around(Node.java:135)
	at org.junit.platform.engine.support.hierarchical.NodeTestTask.lambda$executeRecursively$8(NodeTestTask.java:123)
	at org.junit.platform.engine.support.hierarchical.NodeTestTask$$Lambda$177/231977479.execute(Unknown Source)
	at org.junit.platform.engine.support.hierarchical.ThrowableCollector.execute(ThrowableCollector.java:73)
	at org.junit.platform.engine.support.hierarchical.NodeTestTask.executeRecursively(NodeTestTask.java:122)
	at org.junit.platform.engine.support.hierarchical.NodeTestTask.execute(NodeTestTask.java:80)
	at org.junit.platform.engine.support.hierarchical.SameThreadHierarchicalTestExecutorService$$Lambda$183/1381713434.accept(Unknown Source)
	at java.util.ArrayList.forEach(ArrayList.java:1249)
	at org.junit.platform.engine.support.hierarchical.SameThreadHierarchicalTestExecutorService.invokeAll(SameThreadHierarchicalTestExecutorService.java:38)
	at org.junit.platform.engine.support.hierarchical.NodeTestTask.lambda$executeRecursively$5(NodeTestTask.java:139)
	at org.junit.platform.engine.support.hierarchical.NodeTestTask$$Lambda$179/195615004.execute(Unknown Source)
	at org.junit.platform.engine.support.hierarchical.ThrowableCollector.execute(ThrowableCollector.java:73)
	at org.junit.platform.engine.support.hierarchical.NodeTestTask.lambda$executeRecursively$7(NodeTestTask.java:125)
	at org.junit.platform.engine.support.hierarchical.NodeTestTask$$Lambda$178/1890627974.invoke(Unknown Source)
	at org.junit.platform.engine.support.hierarchical.Node.around(Node.java:135)
	at org.junit.platform.engine.support.hierarchical.NodeTestTask.lambda$executeRecursively$8(NodeTestTask.java:123)
	at org.junit.platform.engine.support.hierarchical.NodeTestTask$$Lambda$177/231977479.execute(Unknown Source)
	at org.junit.platform.engine.support.hierarchical.ThrowableCollector.execute(ThrowableCollector.java:73)
	at org.junit.platform.engine.support.hierarchical.NodeTestTask.executeRecursively(NodeTestTask.java:122)
	at org.junit.platform.engine.support.hierarchical.NodeTestTask.execute(NodeTestTask.java:80)
	at org.junit.platform.engine.support.hierarchical.SameThreadHierarchicalTestExecutorService$$Lambda$183/1381713434.accept(Unknown Source)
	at java.util.ArrayList.forEach(ArrayList.java:1249)
	at org.junit.platform.engine.support.hierarchical.SameThreadHierarchicalTestExecutorService.invokeAll(SameThreadHierarchicalTestExecutorService.java:38)
	at org.junit.platform.engine.support.hierarchical.NodeTestTask.lambda$executeRecursively$5(NodeTestTask.java:139)
	at org.junit.platform.engine.support.hierarchical.NodeTestTask$$Lambda$179/195615004.execute(Unknown Source)
	at org.junit.platform.engine.support.hierarchical.ThrowableCollector.execute(ThrowableCollector.java:73)
	at org.junit.platform.engine.support.hierarchical.NodeTestTask.lambda$executeRecursively$7(NodeTestTask.java:125)
	at org.junit.platform.engine.support.hierarchical.NodeTestTask$$Lambda$178/1890627974.invoke(Unknown Source)
	at org.junit.platform.engine.support.hierarchical.Node.around(Node.java:135)
	at org.junit.platform.engine.support.hierarchical.NodeTestTask.lambda$executeRecursively$8(NodeTestTask.java:123)
	at org.junit.platform.engine.support.hierarchical.NodeTestTask$$Lambda$177/231977479.execute(Unknown Source)
	at org.junit.platform.engine.support.hierarchical.ThrowableCollector.execute(ThrowableCollector.java:73)
	at org.junit.platform.engine.support.hierarchical.NodeTestTask.executeRecursively(NodeTestTask.java:122)
	at org.junit.platform.engine.support.hierarchical.NodeTestTask.execute(NodeTestTask.java:80)
	at org.junit.platform.engine.support.hierarchical.SameThreadHierarchicalTestExecutorService.submit(SameThreadHierarchicalTestExecutorService.java:32)
	at org.junit.platform.engine.support.hierarchical.HierarchicalTestExecutor.execute(HierarchicalTestExecutor.java:57)
	at org.junit.platform.engine.support.hierarchical.HierarchicalTestEngine.execute(HierarchicalTestEngine.java:51)
	at org.junit.platform.launcher.core.DefaultLauncher.execute(DefaultLauncher.java:248)
	at org.junit.platform.launcher.core.DefaultLauncher.lambda$execute$5(DefaultLauncher.java:211)
	at org.junit.platform.launcher.core.DefaultLauncher$$Lambda$143/233996206.accept(Unknown Source)
	at org.junit.platform.launcher.core.DefaultLauncher.withInterceptedStreams(DefaultLauncher.java:226)
	at org.junit.platform.launcher.core.DefaultLauncher.execute(DefaultLauncher.java:199)
	at org.junit.platform.launcher.core.DefaultLauncher.execute(DefaultLauncher.java:132)
	at org.apache.maven.surefire.junitplatform.JUnitPlatformProvider.invokeAllTests(JUnitPlatformProvider.java:142)
	at org.apache.maven.surefire.junitplatform.JUnitPlatformProvider.invoke(JUnitPlatformProvider.java:113)
	at org.apache.maven.surefire.booter.ForkedBooter.invokeProviderInSameClassLoader(ForkedBooter.java:384)
	at org.apache.maven.surefire.booter.ForkedBooter.runSuitesInProcess(ForkedBooter.java:345)
	at org.apache.maven.surefire.booter.ForkedBooter.execute(ForkedBooter.java:126)
	at org.apache.maven.surefire.booter.ForkedBooter.main(ForkedBooter.java:418)
2021-11-08 11:16:35,195 [myid:] - INFO  [main:FourLetterWordMain@94] - connecting to 127.0.0.1 30149
2021-11-08 11:16:35,195 [myid:1] - WARN  [nioEventLoopGroup-67-11:NettyServerCnxnFactory$CnxnChannelHandler@231] - Zookeeper server is not running, close the connection before starting the TLS handshake
2021-11-08 11:16:35,211 [myid:] - INFO  [main:ClientBase@267] - server 127.0.0.1:30149 not up
java.net.SocketException: Software caused connection abort: recv failed
	at java.net.SocketInputStream.socketRead0(Native Method)
	at java.net.SocketInputStream.read(SocketInputStream.java:150)
	at java.net.SocketInputStream.read(SocketInputStream.java:121)
	at sun.nio.cs.StreamDecoder.readBytes(StreamDecoder.java:284)
	at sun.nio.cs.StreamDecoder.implRead(StreamDecoder.java:326)
	at sun.nio.cs.StreamDecoder.read(StreamDecoder.java:178)
	at java.io.InputStreamReader.read(InputStreamReader.java:184)
	at java.io.BufferedReader.fill(BufferedReader.java:161)
	at java.io.BufferedReader.readLine(BufferedReader.java:324)
	at java.io.BufferedReader.readLine(BufferedReader.java:389)
	at org.apache.zookeeper.client.FourLetterWordMain.send4LetterWord(FourLetterWordMain.java:129)
	at org.apache.zookeeper.client.FourLetterWordMain.send4LetterWord(FourLetterWordMain.java:74)
	at org.apache.zookeeper.test.ClientBase.waitForServerUp(ClientBase.java:258)
	at org.apache.zookeeper.test.ClientBase.waitForServerUp(ClientBase.java:249)
	at org.apache.zookeeper.server.quorum.QuorumSSLTest.testHostnameVerification(QuorumSSLTest.java:671)
	at org.apache.zookeeper.server.quorum.QuorumSSLTest.testHostnameVerificationWithInvalidIpAddressAndValidHostname(QuorumSSLTest.java:637)
	at sun.reflect.NativeMethodAccessorImpl.invoke0(Native Method)
	at sun.reflect.NativeMethodAccessorImpl.invoke(NativeMethodAccessorImpl.java:62)
	at sun.reflect.DelegatingMethodAccessorImpl.invoke(DelegatingMethodAccessorImpl.java:43)
	at java.lang.reflect.Method.invoke(Method.java:483)
	at org.junit.platform.commons.util.ReflectionUtils.invokeMethod(ReflectionUtils.java:686)
	at org.junit.jupiter.engine.execution.MethodInvocation.proceed(MethodInvocation.java:60)
	at org.junit.jupiter.engine.execution.InvocationInterceptorChain$ValidatingInvocation.proceed(InvocationInterceptorChain.java:131)
	at org.junit.jupiter.engine.extension.TimeoutInvocation.proceed(TimeoutInvocation.java:46)
	at org.junit.jupiter.engine.extension.TimeoutExtension.intercept(TimeoutExtension.java:149)
	at org.junit.jupiter.engine.extension.TimeoutExtension.interceptTestableMethod(TimeoutExtension.java:140)
	at org.junit.jupiter.engine.extension.TimeoutExtension.interceptTestMethod(TimeoutExtension.java:84)
	at org.junit.jupiter.engine.descriptor.TestMethodTestDescriptor$$Lambda$111/1780132728.apply(Unknown Source)
	at org.junit.jupiter.engine.execution.ExecutableInvoker$ReflectiveInterceptorCall.lambda$ofVoidMethod$0(ExecutableInvoker.java:115)
	at org.junit.jupiter.engine.execution.ExecutableInvoker$ReflectiveInterceptorCall$$Lambda$112/1725017993.apply(Unknown Source)
	at org.junit.jupiter.engine.execution.ExecutableInvoker.lambda$invoke$0(ExecutableInvoker.java:105)
	at org.junit.jupiter.engine.execution.ExecutableInvoker$$Lambda$234/64133603.apply(Unknown Source)
	at org.junit.jupiter.engine.execution.InvocationInterceptorChain$InterceptedInvocation.proceed(InvocationInterceptorChain.java:106)
	at org.junit.jupiter.engine.execution.InvocationInterceptorChain.proceed(InvocationInterceptorChain.java:64)
	at org.junit.jupiter.engine.execution.InvocationInterceptorChain.chainAndInvoke(InvocationInterceptorChain.java:45)
	at org.junit.jupiter.engine.execution.InvocationInterceptorChain.invoke(InvocationInterceptorChain.java:37)
	at org.junit.jupiter.engine.execution.ExecutableInvoker.invoke(ExecutableInvoker.java:104)
	at org.junit.jupiter.engine.execution.ExecutableInvoker.invoke(ExecutableInvoker.java:98)
	at org.junit.jupiter.engine.descriptor.TestMethodTestDescriptor.lambda$invokeTestMethod$6(TestMethodTestDescriptor.java:212)
	at org.junit.jupiter.engine.descriptor.TestMethodTestDescriptor$$Lambda$271/224100622.execute(Unknown Source)
	at org.junit.platform.engine.support.hierarchical.ThrowableCollector.execute(ThrowableCollector.java:73)
	at org.junit.jupiter.engine.descriptor.TestMethodTestDescriptor.invokeTestMethod(TestMethodTestDescriptor.java:208)
	at org.junit.jupiter.engine.descriptor.TestMethodTestDescriptor.execute(TestMethodTestDescriptor.java:137)
	at org.junit.jupiter.engine.descriptor.TestMethodTestDescriptor.execute(TestMethodTestDescriptor.java:71)
	at org.junit.platform.engine.support.hierarchical.NodeTestTask.lambda$executeRecursively$5(NodeTestTask.java:135)
	at org.junit.platform.engine.support.hierarchical.NodeTestTask$$Lambda$179/195615004.execute(Unknown Source)
	at org.junit.platform.engine.support.hierarchical.ThrowableCollector.execute(ThrowableCollector.java:73)
	at org.junit.platform.engine.support.hierarchical.NodeTestTask.lambda$executeRecursively$7(NodeTestTask.java:125)
	at org.junit.platform.engine.support.hierarchical.NodeTestTask$$Lambda$178/1890627974.invoke(Unknown Source)
	at org.junit.platform.engine.support.hierarchical.Node.around(Node.java:135)
	at org.junit.platform.engine.support.hierarchical.NodeTestTask.lambda$executeRecursively$8(NodeTestTask.java:123)
	at org.junit.platform.engine.support.hierarchical.NodeTestTask$$Lambda$177/231977479.execute(Unknown Source)
	at org.junit.platform.engine.support.hierarchical.ThrowableCollector.execute(ThrowableCollector.java:73)
	at org.junit.platform.engine.support.hierarchical.NodeTestTask.executeRecursively(NodeTestTask.java:122)
	at org.junit.platform.engine.support.hierarchical.NodeTestTask.execute(NodeTestTask.java:80)
	at org.junit.platform.engine.support.hierarchical.SameThreadHierarchicalTestExecutorService$$Lambda$183/1381713434.accept(Unknown Source)
	at java.util.ArrayList.forEach(ArrayList.java:1249)
	at org.junit.platform.engine.support.hierarchical.SameThreadHierarchicalTestExecutorService.invokeAll(SameThreadHierarchicalTestExecutorService.java:38)
	at org.junit.platform.engine.support.hierarchical.NodeTestTask.lambda$executeRecursively$5(NodeTestTask.java:139)
	at org.junit.platform.engine.support.hierarchical.NodeTestTask$$Lambda$179/195615004.execute(Unknown Source)
	at org.junit.platform.engine.support.hierarchical.ThrowableCollector.execute(ThrowableCollector.java:73)
	at org.junit.platform.engine.support.hierarchical.NodeTestTask.lambda$executeRecursively$7(NodeTestTask.java:125)
	at org.junit.platform.engine.support.hierarchical.NodeTestTask$$Lambda$178/1890627974.invoke(Unknown Source)
	at org.junit.platform.engine.support.hierarchical.Node.around(Node.java:135)
	at org.junit.platform.engine.support.hierarchical.NodeTestTask.lambda$executeRecursively$8(NodeTestTask.java:123)
	at org.junit.platform.engine.support.hierarchical.NodeTestTask$$Lambda$177/231977479.execute(Unknown Source)
	at org.junit.platform.engine.support.hierarchical.ThrowableCollector.execute(ThrowableCollector.java:73)
	at org.junit.platform.engine.support.hierarchical.NodeTestTask.executeRecursively(NodeTestTask.java:122)
	at org.junit.platform.engine.support.hierarchical.NodeTestTask.execute(NodeTestTask.java:80)
	at org.junit.platform.engine.support.hierarchical.SameThreadHierarchicalTestExecutorService$$Lambda$183/1381713434.accept(Unknown Source)
	at java.util.ArrayList.forEach(ArrayList.java:1249)
	at org.junit.platform.engine.support.hierarchical.SameThreadHierarchicalTestExecutorService.invokeAll(SameThreadHierarchicalTestExecutorService.java:38)
	at org.junit.platform.engine.support.hierarchical.NodeTestTask.lambda$executeRecursively$5(NodeTestTask.java:139)
	at org.junit.platform.engine.support.hierarchical.NodeTestTask$$Lambda$179/195615004.execute(Unknown Source)
	at org.junit.platform.engine.support.hierarchical.ThrowableCollector.execute(ThrowableCollector.java:73)
	at org.junit.platform.engine.support.hierarchical.NodeTestTask.lambda$executeRecursively$7(NodeTestTask.java:125)
	at org.junit.platform.engine.support.hierarchical.NodeTestTask$$Lambda$178/1890627974.invoke(Unknown Source)
	at org.junit.platform.engine.support.hierarchical.Node.around(Node.java:135)
	at org.junit.platform.engine.support.hierarchical.NodeTestTask.lambda$executeRecursively$8(NodeTestTask.java:123)
	at org.junit.platform.engine.support.hierarchical.NodeTestTask$$Lambda$177/231977479.execute(Unknown Source)
	at org.junit.platform.engine.support.hierarchical.ThrowableCollector.execute(ThrowableCollector.java:73)
	at org.junit.platform.engine.support.hierarchical.NodeTestTask.executeRecursively(NodeTestTask.java:122)
	at org.junit.platform.engine.support.hierarchical.NodeTestTask.execute(NodeTestTask.java:80)
	at org.junit.platform.engine.support.hierarchical.SameThreadHierarchicalTestExecutorService.submit(SameThreadHierarchicalTestExecutorService.java:32)
	at org.junit.platform.engine.support.hierarchical.HierarchicalTestExecutor.execute(HierarchicalTestExecutor.java:57)
	at org.junit.platform.engine.support.hierarchical.HierarchicalTestEngine.execute(HierarchicalTestEngine.java:51)
	at org.junit.platform.launcher.core.DefaultLauncher.execute(DefaultLauncher.java:248)
	at org.junit.platform.launcher.core.DefaultLauncher.lambda$execute$5(DefaultLauncher.java:211)
	at org.junit.platform.launcher.core.DefaultLauncher$$Lambda$143/233996206.accept(Unknown Source)
	at org.junit.platform.launcher.core.DefaultLauncher.withInterceptedStreams(DefaultLauncher.java:226)
	at org.junit.platform.launcher.core.DefaultLauncher.execute(DefaultLauncher.java:199)
	at org.junit.platform.launcher.core.DefaultLauncher.execute(DefaultLauncher.java:132)
	at org.apache.maven.surefire.junitplatform.JUnitPlatformProvider.invokeAllTests(JUnitPlatformProvider.java:142)
	at org.apache.maven.surefire.junitplatform.JUnitPlatformProvider.invoke(JUnitPlatformProvider.java:113)
	at org.apache.maven.surefire.booter.ForkedBooter.invokeProviderInSameClassLoader(ForkedBooter.java:384)
	at org.apache.maven.surefire.booter.ForkedBooter.runSuitesInProcess(ForkedBooter.java:345)
	at org.apache.maven.surefire.booter.ForkedBooter.execute(ForkedBooter.java:126)
	at org.apache.maven.surefire.booter.ForkedBooter.main(ForkedBooter.java:418)
2021-11-08 11:16:35,462 [myid:] - INFO  [main:FourLetterWordMain@94] - connecting to 127.0.0.1 30149
2021-11-08 11:16:35,462 [myid:1] - WARN  [nioEventLoopGroup-67-12:NettyServerCnxnFactory$CnxnChannelHandler@231] - Zookeeper server is not running, close the connection before starting the TLS handshake
2021-11-08 11:16:35,726 [myid:] - INFO  [main:FourLetterWordMain@94] - connecting to 127.0.0.1 30149
2021-11-08 11:16:35,726 [myid:1] - WARN  [nioEventLoopGroup-67-1:NettyServerCnxnFactory$CnxnChannelHandler@231] - Zookeeper server is not running, close the connection before starting the TLS handshake
2021-11-08 11:16:35,727 [myid:1] - INFO  [QuorumPeer[myid=1](plain=[0:0:0:0:0:0:0:0]:30149)(secure=disabled):FastLeaderElection@984] - Notification time out: 12800
2021-11-08 11:16:35,727 [myid:2] - INFO  [QuorumPeer[myid=2](plain=[0:0:0:0:0:0:0:0]:30150)(secure=disabled):FastLeaderElection@984] - Notification time out: 12800
2021-11-08 11:16:35,991 [myid:] - INFO  [main:FourLetterWordMain@94] - connecting to 127.0.0.1 30149
2021-11-08 11:16:35,991 [myid:1] - WARN  [nioEventLoopGroup-67-2:NettyServerCnxnFactory$CnxnChannelHandler@231] - Zookeeper server is not running, close the connection before starting the TLS handshake
2021-11-08 11:16:36,244 [myid:] - INFO  [main:FourLetterWordMain@94] - connecting to 127.0.0.1 30149
2021-11-08 11:16:36,246 [myid:1] - WARN  [nioEventLoopGroup-67-3:NettyServerCnxnFactory$CnxnChannelHandler@231] - Zookeeper server is not running, close the connection before starting the TLS handshake
2021-11-08 11:16:36,509 [myid:] - INFO  [main:FourLetterWordMain@94] - connecting to 127.0.0.1 30149
2021-11-08 11:16:36,509 [myid:1] - WARN  [nioEventLoopGroup-67-4:NettyServerCnxnFactory$CnxnChannelHandler@231] - Zookeeper server is not running, close the connection before starting the TLS handshake
2021-11-08 11:16:36,760 [myid:] - INFO  [main:FourLetterWordMain@94] - connecting to 127.0.0.1 30149
2021-11-08 11:16:36,762 [myid:1] - WARN  [nioEventLoopGroup-67-5:NettyServerCnxnFactory$CnxnChannelHandler@231] - Zookeeper server is not running, close the connection before starting the TLS handshake
2021-11-08 11:16:37,026 [myid:] - INFO  [main:FourLetterWordMain@94] - connecting to 127.0.0.1 30149
2021-11-08 11:16:37,026 [myid:1] - WARN  [nioEventLoopGroup-67-6:NettyServerCnxnFactory$CnxnChannelHandler@231] - Zookeeper server is not running, close the connection before starting the TLS handshake
2021-11-08 11:16:37,277 [myid:] - INFO  [main:FourLetterWordMain@94] - connecting to 127.0.0.1 30149
2021-11-08 11:16:37,277 [myid:1] - WARN  [nioEventLoopGroup-67-7:NettyServerCnxnFactory$CnxnChannelHandler@231] - Zookeeper server is not running, close the connection before starting the TLS handshake
2021-11-08 11:16:37,293 [myid:] - INFO  [main:ClientBase@267] - server 127.0.0.1:30149 not up
java.net.SocketException: Software caused connection abort: recv failed
	at java.net.SocketInputStream.socketRead0(Native Method)
	at java.net.SocketInputStream.read(SocketInputStream.java:150)
	at java.net.SocketInputStream.read(SocketInputStream.java:121)
	at sun.nio.cs.StreamDecoder.readBytes(StreamDecoder.java:284)
	at sun.nio.cs.StreamDecoder.implRead(StreamDecoder.java:326)
	at sun.nio.cs.StreamDecoder.read(StreamDecoder.java:178)
	at java.io.InputStreamReader.read(InputStreamReader.java:184)
	at java.io.BufferedReader.fill(BufferedReader.java:161)
	at java.io.BufferedReader.readLine(BufferedReader.java:324)
	at java.io.BufferedReader.readLine(BufferedReader.java:389)
	at org.apache.zookeeper.client.FourLetterWordMain.send4LetterWord(FourLetterWordMain.java:129)
	at org.apache.zookeeper.client.FourLetterWordMain.send4LetterWord(FourLetterWordMain.java:74)
	at org.apache.zookeeper.test.ClientBase.waitForServerUp(ClientBase.java:258)
	at org.apache.zookeeper.test.ClientBase.waitForServerUp(ClientBase.java:249)
	at org.apache.zookeeper.server.quorum.QuorumSSLTest.testHostnameVerification(QuorumSSLTest.java:671)
	at org.apache.zookeeper.server.quorum.QuorumSSLTest.testHostnameVerificationWithInvalidIpAddressAndValidHostname(QuorumSSLTest.java:637)
	at sun.reflect.NativeMethodAccessorImpl.invoke0(Native Method)
	at sun.reflect.NativeMethodAccessorImpl.invoke(NativeMethodAccessorImpl.java:62)
	at sun.reflect.DelegatingMethodAccessorImpl.invoke(DelegatingMethodAccessorImpl.java:43)
	at java.lang.reflect.Method.invoke(Method.java:483)
	at org.junit.platform.commons.util.ReflectionUtils.invokeMethod(ReflectionUtils.java:686)
	at org.junit.jupiter.engine.execution.MethodInvocation.proceed(MethodInvocation.java:60)
	at org.junit.jupiter.engine.execution.InvocationInterceptorChain$ValidatingInvocation.proceed(InvocationInterceptorChain.java:131)
	at org.junit.jupiter.engine.extension.TimeoutInvocation.proceed(TimeoutInvocation.java:46)
	at org.junit.jupiter.engine.extension.TimeoutExtension.intercept(TimeoutExtension.java:149)
	at org.junit.jupiter.engine.extension.TimeoutExtension.interceptTestableMethod(TimeoutExtension.java:140)
	at org.junit.jupiter.engine.extension.TimeoutExtension.interceptTestMethod(TimeoutExtension.java:84)
	at org.junit.jupiter.engine.descriptor.TestMethodTestDescriptor$$Lambda$111/1780132728.apply(Unknown Source)
	at org.junit.jupiter.engine.execution.ExecutableInvoker$ReflectiveInterceptorCall.lambda$ofVoidMethod$0(ExecutableInvoker.java:115)
	at org.junit.jupiter.engine.execution.ExecutableInvoker$ReflectiveInterceptorCall$$Lambda$112/1725017993.apply(Unknown Source)
	at org.junit.jupiter.engine.execution.ExecutableInvoker.lambda$invoke$0(ExecutableInvoker.java:105)
	at org.junit.jupiter.engine.execution.ExecutableInvoker$$Lambda$234/64133603.apply(Unknown Source)
	at org.junit.jupiter.engine.execution.InvocationInterceptorChain$InterceptedInvocation.proceed(InvocationInterceptorChain.java:106)
	at org.junit.jupiter.engine.execution.InvocationInterceptorChain.proceed(InvocationInterceptorChain.java:64)
	at org.junit.jupiter.engine.execution.InvocationInterceptorChain.chainAndInvoke(InvocationInterceptorChain.java:45)
	at org.junit.jupiter.engine.execution.InvocationInterceptorChain.invoke(InvocationInterceptorChain.java:37)
	at org.junit.jupiter.engine.execution.ExecutableInvoker.invoke(ExecutableInvoker.java:104)
	at org.junit.jupiter.engine.execution.ExecutableInvoker.invoke(ExecutableInvoker.java:98)
	at org.junit.jupiter.engine.descriptor.TestMethodTestDescriptor.lambda$invokeTestMethod$6(TestMethodTestDescriptor.java:212)
	at org.junit.jupiter.engine.descriptor.TestMethodTestDescriptor$$Lambda$271/224100622.execute(Unknown Source)
	at org.junit.platform.engine.support.hierarchical.ThrowableCollector.execute(ThrowableCollector.java:73)
	at org.junit.jupiter.engine.descriptor.TestMethodTestDescriptor.invokeTestMethod(TestMethodTestDescriptor.java:208)
	at org.junit.jupiter.engine.descriptor.TestMethodTestDescriptor.execute(TestMethodTestDescriptor.java:137)
	at org.junit.jupiter.engine.descriptor.TestMethodTestDescriptor.execute(TestMethodTestDescriptor.java:71)
	at org.junit.platform.engine.support.hierarchical.NodeTestTask.lambda$executeRecursively$5(NodeTestTask.java:135)
	at org.junit.platform.engine.support.hierarchical.NodeTestTask$$Lambda$179/195615004.execute(Unknown Source)
	at org.junit.platform.engine.support.hierarchical.ThrowableCollector.execute(ThrowableCollector.java:73)
	at org.junit.platform.engine.support.hierarchical.NodeTestTask.lambda$executeRecursively$7(NodeTestTask.java:125)
	at org.junit.platform.engine.support.hierarchical.NodeTestTask$$Lambda$178/1890627974.invoke(Unknown Source)
	at org.junit.platform.engine.support.hierarchical.Node.around(Node.java:135)
	at org.junit.platform.engine.support.hierarchical.NodeTestTask.lambda$executeRecursively$8(NodeTestTask.java:123)
	at org.junit.platform.engine.support.hierarchical.NodeTestTask$$Lambda$177/231977479.execute(Unknown Source)
	at org.junit.platform.engine.support.hierarchical.ThrowableCollector.execute(ThrowableCollector.java:73)
	at org.junit.platform.engine.support.hierarchical.NodeTestTask.executeRecursively(NodeTestTask.java:122)
	at org.junit.platform.engine.support.hierarchical.NodeTestTask.execute(NodeTestTask.java:80)
	at org.junit.platform.engine.support.hierarchical.SameThreadHierarchicalTestExecutorService$$Lambda$183/1381713434.accept(Unknown Source)
	at java.util.ArrayList.forEach(ArrayList.java:1249)
	at org.junit.platform.engine.support.hierarchical.SameThreadHierarchicalTestExecutorService.invokeAll(SameThreadHierarchicalTestExecutorService.java:38)
	at org.junit.platform.engine.support.hierarchical.NodeTestTask.lambda$executeRecursively$5(NodeTestTask.java:139)
	at org.junit.platform.engine.support.hierarchical.NodeTestTask$$Lambda$179/195615004.execute(Unknown Source)
	at org.junit.platform.engine.support.hierarchical.ThrowableCollector.execute(ThrowableCollector.java:73)
	at org.junit.platform.engine.support.hierarchical.NodeTestTask.lambda$executeRecursively$7(NodeTestTask.java:125)
	at org.junit.platform.engine.support.hierarchical.NodeTestTask$$Lambda$178/1890627974.invoke(Unknown Source)
	at org.junit.platform.engine.support.hierarchical.Node.around(Node.java:135)
	at org.junit.platform.engine.support.hierarchical.NodeTestTask.lambda$executeRecursively$8(NodeTestTask.java:123)
	at org.junit.platform.engine.support.hierarchical.NodeTestTask$$Lambda$177/231977479.execute(Unknown Source)
	at org.junit.platform.engine.support.hierarchical.ThrowableCollector.execute(ThrowableCollector.java:73)
	at org.junit.platform.engine.support.hierarchical.NodeTestTask.executeRecursively(NodeTestTask.java:122)
	at org.junit.platform.engine.support.hierarchical.NodeTestTask.execute(NodeTestTask.java:80)
	at org.junit.platform.engine.support.hierarchical.SameThreadHierarchicalTestExecutorService$$Lambda$183/1381713434.accept(Unknown Source)
	at java.util.ArrayList.forEach(ArrayList.java:1249)
	at org.junit.platform.engine.support.hierarchical.SameThreadHierarchicalTestExecutorService.invokeAll(SameThreadHierarchicalTestExecutorService.java:38)
	at org.junit.platform.engine.support.hierarchical.NodeTestTask.lambda$executeRecursively$5(NodeTestTask.java:139)
	at org.junit.platform.engine.support.hierarchical.NodeTestTask$$Lambda$179/195615004.execute(Unknown Source)
	at org.junit.platform.engine.support.hierarchical.ThrowableCollector.execute(ThrowableCollector.java:73)
	at org.junit.platform.engine.support.hierarchical.NodeTestTask.lambda$executeRecursively$7(NodeTestTask.java:125)
	at org.junit.platform.engine.support.hierarchical.NodeTestTask$$Lambda$178/1890627974.invoke(Unknown Source)
	at org.junit.platform.engine.support.hierarchical.Node.around(Node.java:135)
	at org.junit.platform.engine.support.hierarchical.NodeTestTask.lambda$executeRecursively$8(NodeTestTask.java:123)
	at org.junit.platform.engine.support.hierarchical.NodeTestTask$$Lambda$177/231977479.execute(Unknown Source)
	at org.junit.platform.engine.support.hierarchical.ThrowableCollector.execute(ThrowableCollector.java:73)
	at org.junit.platform.engine.support.hierarchical.NodeTestTask.executeRecursively(NodeTestTask.java:122)
	at org.junit.platform.engine.support.hierarchical.NodeTestTask.execute(NodeTestTask.java:80)
	at org.junit.platform.engine.support.hierarchical.SameThreadHierarchicalTestExecutorService.submit(SameThreadHierarchicalTestExecutorService.java:32)
	at org.junit.platform.engine.support.hierarchical.HierarchicalTestExecutor.execute(HierarchicalTestExecutor.java:57)
	at org.junit.platform.engine.support.hierarchical.HierarchicalTestEngine.execute(HierarchicalTestEngine.java:51)
	at org.junit.platform.launcher.core.DefaultLauncher.execute(DefaultLauncher.java:248)
	at org.junit.platform.launcher.core.DefaultLauncher.lambda$execute$5(DefaultLauncher.java:211)
	at org.junit.platform.launcher.core.DefaultLauncher$$Lambda$143/233996206.accept(Unknown Source)
	at org.junit.platform.launcher.core.DefaultLauncher.withInterceptedStreams(DefaultLauncher.java:226)
	at org.junit.platform.launcher.core.DefaultLauncher.execute(DefaultLauncher.java:199)
	at org.junit.platform.launcher.core.DefaultLauncher.execute(DefaultLauncher.java:132)
	at org.apache.maven.surefire.junitplatform.JUnitPlatformProvider.invokeAllTests(JUnitPlatformProvider.java:142)
	at org.apache.maven.surefire.junitplatform.JUnitPlatformProvider.invoke(JUnitPlatformProvider.java:113)
	at org.apache.maven.surefire.booter.ForkedBooter.invokeProviderInSameClassLoader(ForkedBooter.java:384)
	at org.apache.maven.surefire.booter.ForkedBooter.runSuitesInProcess(ForkedBooter.java:345)
	at org.apache.maven.surefire.booter.ForkedBooter.execute(ForkedBooter.java:126)
	at org.apache.maven.surefire.booter.ForkedBooter.main(ForkedBooter.java:418)
2021-11-08 11:16:37,547 [myid:] - INFO  [main:FourLetterWordMain@94] - connecting to 127.0.0.1 30149
2021-11-08 11:16:37,547 [myid:1] - WARN  [nioEventLoopGroup-67-8:NettyServerCnxnFactory$CnxnChannelHandler@231] - Zookeeper server is not running, close the connection before starting the TLS handshake
2021-11-08 11:16:37,563 [myid:] - INFO  [main:ClientBase@267] - server 127.0.0.1:30149 not up
java.net.SocketException: Software caused connection abort: recv failed
	at java.net.SocketInputStream.socketRead0(Native Method)
	at java.net.SocketInputStream.read(SocketInputStream.java:150)
	at java.net.SocketInputStream.read(SocketInputStream.java:121)
	at sun.nio.cs.StreamDecoder.readBytes(StreamDecoder.java:284)
	at sun.nio.cs.StreamDecoder.implRead(StreamDecoder.java:326)
	at sun.nio.cs.StreamDecoder.read(StreamDecoder.java:178)
	at java.io.InputStreamReader.read(InputStreamReader.java:184)
	at java.io.BufferedReader.fill(BufferedReader.java:161)
	at java.io.BufferedReader.readLine(BufferedReader.java:324)
	at java.io.BufferedReader.readLine(BufferedReader.java:389)
	at org.apache.zookeeper.client.FourLetterWordMain.send4LetterWord(FourLetterWordMain.java:129)
	at org.apache.zookeeper.client.FourLetterWordMain.send4LetterWord(FourLetterWordMain.java:74)
	at org.apache.zookeeper.test.ClientBase.waitForServerUp(ClientBase.java:258)
	at org.apache.zookeeper.test.ClientBase.waitForServerUp(ClientBase.java:249)
	at org.apache.zookeeper.server.quorum.QuorumSSLTest.testHostnameVerification(QuorumSSLTest.java:671)
	at org.apache.zookeeper.server.quorum.QuorumSSLTest.testHostnameVerificationWithInvalidIpAddressAndValidHostname(QuorumSSLTest.java:637)
	at sun.reflect.NativeMethodAccessorImpl.invoke0(Native Method)
	at sun.reflect.NativeMethodAccessorImpl.invoke(NativeMethodAccessorImpl.java:62)
	at sun.reflect.DelegatingMethodAccessorImpl.invoke(DelegatingMethodAccessorImpl.java:43)
	at java.lang.reflect.Method.invoke(Method.java:483)
	at org.junit.platform.commons.util.ReflectionUtils.invokeMethod(ReflectionUtils.java:686)
	at org.junit.jupiter.engine.execution.MethodInvocation.proceed(MethodInvocation.java:60)
	at org.junit.jupiter.engine.execution.InvocationInterceptorChain$ValidatingInvocation.proceed(InvocationInterceptorChain.java:131)
	at org.junit.jupiter.engine.extension.TimeoutInvocation.proceed(TimeoutInvocation.java:46)
	at org.junit.jupiter.engine.extension.TimeoutExtension.intercept(TimeoutExtension.java:149)
	at org.junit.jupiter.engine.extension.TimeoutExtension.interceptTestableMethod(TimeoutExtension.java:140)
	at org.junit.jupiter.engine.extension.TimeoutExtension.interceptTestMethod(TimeoutExtension.java:84)
	at org.junit.jupiter.engine.descriptor.TestMethodTestDescriptor$$Lambda$111/1780132728.apply(Unknown Source)
	at org.junit.jupiter.engine.execution.ExecutableInvoker$ReflectiveInterceptorCall.lambda$ofVoidMethod$0(ExecutableInvoker.java:115)
	at org.junit.jupiter.engine.execution.ExecutableInvoker$ReflectiveInterceptorCall$$Lambda$112/1725017993.apply(Unknown Source)
	at org.junit.jupiter.engine.execution.ExecutableInvoker.lambda$invoke$0(ExecutableInvoker.java:105)
	at org.junit.jupiter.engine.execution.ExecutableInvoker$$Lambda$234/64133603.apply(Unknown Source)
	at org.junit.jupiter.engine.execution.InvocationInterceptorChain$InterceptedInvocation.proceed(InvocationInterceptorChain.java:106)
	at org.junit.jupiter.engine.execution.InvocationInterceptorChain.proceed(InvocationInterceptorChain.java:64)
	at org.junit.jupiter.engine.execution.InvocationInterceptorChain.chainAndInvoke(InvocationInterceptorChain.java:45)
	at org.junit.jupiter.engine.execution.InvocationInterceptorChain.invoke(InvocationInterceptorChain.java:37)
	at org.junit.jupiter.engine.execution.ExecutableInvoker.invoke(ExecutableInvoker.java:104)
	at org.junit.jupiter.engine.execution.ExecutableInvoker.invoke(ExecutableInvoker.java:98)
	at org.junit.jupiter.engine.descriptor.TestMethodTestDescriptor.lambda$invokeTestMethod$6(TestMethodTestDescriptor.java:212)
	at org.junit.jupiter.engine.descriptor.TestMethodTestDescriptor$$Lambda$271/224100622.execute(Unknown Source)
	at org.junit.platform.engine.support.hierarchical.ThrowableCollector.execute(ThrowableCollector.java:73)
	at org.junit.jupiter.engine.descriptor.TestMethodTestDescriptor.invokeTestMethod(TestMethodTestDescriptor.java:208)
	at org.junit.jupiter.engine.descriptor.TestMethodTestDescriptor.execute(TestMethodTestDescriptor.java:137)
	at org.junit.jupiter.engine.descriptor.TestMethodTestDescriptor.execute(TestMethodTestDescriptor.java:71)
	at org.junit.platform.engine.support.hierarchical.NodeTestTask.lambda$executeRecursively$5(NodeTestTask.java:135)
	at org.junit.platform.engine.support.hierarchical.NodeTestTask$$Lambda$179/195615004.execute(Unknown Source)
	at org.junit.platform.engine.support.hierarchical.ThrowableCollector.execute(ThrowableCollector.java:73)
	at org.junit.platform.engine.support.hierarchical.NodeTestTask.lambda$executeRecursively$7(NodeTestTask.java:125)
	at org.junit.platform.engine.support.hierarchical.NodeTestTask$$Lambda$178/1890627974.invoke(Unknown Source)
	at org.junit.platform.engine.support.hierarchical.Node.around(Node.java:135)
	at org.junit.platform.engine.support.hierarchical.NodeTestTask.lambda$executeRecursively$8(NodeTestTask.java:123)
	at org.junit.platform.engine.support.hierarchical.NodeTestTask$$Lambda$177/231977479.execute(Unknown Source)
	at org.junit.platform.engine.support.hierarchical.ThrowableCollector.execute(ThrowableCollector.java:73)
	at org.junit.platform.engine.support.hierarchical.NodeTestTask.executeRecursively(NodeTestTask.java:122)
	at org.junit.platform.engine.support.hierarchical.NodeTestTask.execute(NodeTestTask.java:80)
	at org.junit.platform.engine.support.hierarchical.SameThreadHierarchicalTestExecutorService$$Lambda$183/1381713434.accept(Unknown Source)
	at java.util.ArrayList.forEach(ArrayList.java:1249)
	at org.junit.platform.engine.support.hierarchical.SameThreadHierarchicalTestExecutorService.invokeAll(SameThreadHierarchicalTestExecutorService.java:38)
	at org.junit.platform.engine.support.hierarchical.NodeTestTask.lambda$executeRecursively$5(NodeTestTask.java:139)
	at org.junit.platform.engine.support.hierarchical.NodeTestTask$$Lambda$179/195615004.execute(Unknown Source)
	at org.junit.platform.engine.support.hierarchical.ThrowableCollector.execute(ThrowableCollector.java:73)
	at org.junit.platform.engine.support.hierarchical.NodeTestTask.lambda$executeRecursively$7(NodeTestTask.java:125)
	at org.junit.platform.engine.support.hierarchical.NodeTestTask$$Lambda$178/1890627974.invoke(Unknown Source)
	at org.junit.platform.engine.support.hierarchical.Node.around(Node.java:135)
	at org.junit.platform.engine.support.hierarchical.NodeTestTask.lambda$executeRecursively$8(NodeTestTask.java:123)
	at org.junit.platform.engine.support.hierarchical.NodeTestTask$$Lambda$177/231977479.execute(Unknown Source)
	at org.junit.platform.engine.support.hierarchical.ThrowableCollector.execute(ThrowableCollector.java:73)
	at org.junit.platform.engine.support.hierarchical.NodeTestTask.executeRecursively(NodeTestTask.java:122)
	at org.junit.platform.engine.support.hierarchical.NodeTestTask.execute(NodeTestTask.java:80)
	at org.junit.platform.engine.support.hierarchical.SameThreadHierarchicalTestExecutorService$$Lambda$183/1381713434.accept(Unknown Source)
	at java.util.ArrayList.forEach(ArrayList.java:1249)
	at org.junit.platform.engine.support.hierarchical.SameThreadHierarchicalTestExecutorService.invokeAll(SameThreadHierarchicalTestExecutorService.java:38)
	at org.junit.platform.engine.support.hierarchical.NodeTestTask.lambda$executeRecursively$5(NodeTestTask.java:139)
	at org.junit.platform.engine.support.hierarchical.NodeTestTask$$Lambda$179/195615004.execute(Unknown Source)
	at org.junit.platform.engine.support.hierarchical.ThrowableCollector.execute(ThrowableCollector.java:73)
	at org.junit.platform.engine.support.hierarchical.NodeTestTask.lambda$executeRecursively$7(NodeTestTask.java:125)
	at org.junit.platform.engine.support.hierarchical.NodeTestTask$$Lambda$178/1890627974.invoke(Unknown Source)
	at org.junit.platform.engine.support.hierarchical.Node.around(Node.java:135)
	at org.junit.platform.engine.support.hierarchical.NodeTestTask.lambda$executeRecursively$8(NodeTestTask.java:123)
	at org.junit.platform.engine.support.hierarchical.NodeTestTask$$Lambda$177/231977479.execute(Unknown Source)
	at org.junit.platform.engine.support.hierarchical.ThrowableCollector.execute(ThrowableCollector.java:73)
	at org.junit.platform.engine.support.hierarchical.NodeTestTask.executeRecursively(NodeTestTask.java:122)
	at org.junit.platform.engine.support.hierarchical.NodeTestTask.execute(NodeTestTask.java:80)
	at org.junit.platform.engine.support.hierarchical.SameThreadHierarchicalTestExecutorService.submit(SameThreadHierarchicalTestExecutorService.java:32)
	at org.junit.platform.engine.support.hierarchical.HierarchicalTestExecutor.execute(HierarchicalTestExecutor.java:57)
	at org.junit.platform.engine.support.hierarchical.HierarchicalTestEngine.execute(HierarchicalTestEngine.java:51)
	at org.junit.platform.launcher.core.DefaultLauncher.execute(DefaultLauncher.java:248)
	at org.junit.platform.launcher.core.DefaultLauncher.lambda$execute$5(DefaultLauncher.java:211)
	at org.junit.platform.launcher.core.DefaultLauncher$$Lambda$143/233996206.accept(Unknown Source)
	at org.junit.platform.launcher.core.DefaultLauncher.withInterceptedStreams(DefaultLauncher.java:226)
	at org.junit.platform.launcher.core.DefaultLauncher.execute(DefaultLauncher.java:199)
	at org.junit.platform.launcher.core.DefaultLauncher.execute(DefaultLauncher.java:132)
	at org.apache.maven.surefire.junitplatform.JUnitPlatformProvider.invokeAllTests(JUnitPlatformProvider.java:142)
	at org.apache.maven.surefire.junitplatform.JUnitPlatformProvider.invoke(JUnitPlatformProvider.java:113)
	at org.apache.maven.surefire.booter.ForkedBooter.invokeProviderInSameClassLoader(ForkedBooter.java:384)
	at org.apache.maven.surefire.booter.ForkedBooter.runSuitesInProcess(ForkedBooter.java:345)
	at org.apache.maven.surefire.booter.ForkedBooter.execute(ForkedBooter.java:126)
	at org.apache.maven.surefire.booter.ForkedBooter.main(ForkedBooter.java:418)
2021-11-08 11:16:37,817 [myid:] - INFO  [main:FourLetterWordMain@94] - connecting to 127.0.0.1 30149
2021-11-08 11:16:37,817 [myid:1] - WARN  [nioEventLoopGroup-67-9:NettyServerCnxnFactory$CnxnChannelHandler@231] - Zookeeper server is not running, close the connection before starting the TLS handshake
2021-11-08 11:16:38,082 [myid:] - INFO  [main:FourLetterWordMain@94] - connecting to 127.0.0.1 30149
2021-11-08 11:16:38,083 [myid:1] - WARN  [nioEventLoopGroup-67-10:NettyServerCnxnFactory$CnxnChannelHandler@231] - Zookeeper server is not running, close the connection before starting the TLS handshake
2021-11-08 11:16:38,344 [myid:] - INFO  [main:FourLetterWordMain@94] - connecting to 127.0.0.1 30149
2021-11-08 11:16:38,344 [myid:1] - WARN  [nioEventLoopGroup-67-11:NettyServerCnxnFactory$CnxnChannelHandler@231] - Zookeeper server is not running, close the connection before starting the TLS handshake
2021-11-08 11:16:38,599 [myid:] - INFO  [main:FourLetterWordMain@94] - connecting to 127.0.0.1 30149
2021-11-08 11:16:38,600 [myid:1] - WARN  [nioEventLoopGroup-67-12:NettyServerCnxnFactory$CnxnChannelHandler@231] - Zookeeper server is not running, close the connection before starting the TLS handshake
2021-11-08 11:16:38,864 [myid:] - INFO  [main:FourLetterWordMain@94] - connecting to 127.0.0.1 30149
2021-11-08 11:16:38,864 [myid:1] - WARN  [nioEventLoopGroup-67-1:NettyServerCnxnFactory$CnxnChannelHandler@231] - Zookeeper server is not running, close the connection before starting the TLS handshake
2021-11-08 11:16:38,879 [myid:] - INFO  [main:ClientBase@267] - server 127.0.0.1:30149 not up
java.net.SocketException: Software caused connection abort: recv failed
	at java.net.SocketInputStream.socketRead0(Native Method)
	at java.net.SocketInputStream.read(SocketInputStream.java:150)
	at java.net.SocketInputStream.read(SocketInputStream.java:121)
	at sun.nio.cs.StreamDecoder.readBytes(StreamDecoder.java:284)
	at sun.nio.cs.StreamDecoder.implRead(StreamDecoder.java:326)
	at sun.nio.cs.StreamDecoder.read(StreamDecoder.java:178)
	at java.io.InputStreamReader.read(InputStreamReader.java:184)
	at java.io.BufferedReader.fill(BufferedReader.java:161)
	at java.io.BufferedReader.readLine(BufferedReader.java:324)
	at java.io.BufferedReader.readLine(BufferedReader.java:389)
	at org.apache.zookeeper.client.FourLetterWordMain.send4LetterWord(FourLetterWordMain.java:129)
	at org.apache.zookeeper.client.FourLetterWordMain.send4LetterWord(FourLetterWordMain.java:74)
	at org.apache.zookeeper.test.ClientBase.waitForServerUp(ClientBase.java:258)
	at org.apache.zookeeper.test.ClientBase.waitForServerUp(ClientBase.java:249)
	at org.apache.zookeeper.server.quorum.QuorumSSLTest.testHostnameVerification(QuorumSSLTest.java:671)
	at org.apache.zookeeper.server.quorum.QuorumSSLTest.testHostnameVerificationWithInvalidIpAddressAndValidHostname(QuorumSSLTest.java:637)
	at sun.reflect.NativeMethodAccessorImpl.invoke0(Native Method)
	at sun.reflect.NativeMethodAccessorImpl.invoke(NativeMethodAccessorImpl.java:62)
	at sun.reflect.DelegatingMethodAccessorImpl.invoke(DelegatingMethodAccessorImpl.java:43)
	at java.lang.reflect.Method.invoke(Method.java:483)
	at org.junit.platform.commons.util.ReflectionUtils.invokeMethod(ReflectionUtils.java:686)
	at org.junit.jupiter.engine.execution.MethodInvocation.proceed(MethodInvocation.java:60)
	at org.junit.jupiter.engine.execution.InvocationInterceptorChain$ValidatingInvocation.proceed(InvocationInterceptorChain.java:131)
	at org.junit.jupiter.engine.extension.TimeoutInvocation.proceed(TimeoutInvocation.java:46)
	at org.junit.jupiter.engine.extension.TimeoutExtension.intercept(TimeoutExtension.java:149)
	at org.junit.jupiter.engine.extension.TimeoutExtension.interceptTestableMethod(TimeoutExtension.java:140)
	at org.junit.jupiter.engine.extension.TimeoutExtension.interceptTestMethod(TimeoutExtension.java:84)
	at org.junit.jupiter.engine.descriptor.TestMethodTestDescriptor$$Lambda$111/1780132728.apply(Unknown Source)
	at org.junit.jupiter.engine.execution.ExecutableInvoker$ReflectiveInterceptorCall.lambda$ofVoidMethod$0(ExecutableInvoker.java:115)
	at org.junit.jupiter.engine.execution.ExecutableInvoker$ReflectiveInterceptorCall$$Lambda$112/1725017993.apply(Unknown Source)
	at org.junit.jupiter.engine.execution.ExecutableInvoker.lambda$invoke$0(ExecutableInvoker.java:105)
	at org.junit.jupiter.engine.execution.ExecutableInvoker$$Lambda$234/64133603.apply(Unknown Source)
	at org.junit.jupiter.engine.execution.InvocationInterceptorChain$InterceptedInvocation.proceed(InvocationInterceptorChain.java:106)
	at org.junit.jupiter.engine.execution.InvocationInterceptorChain.proceed(InvocationInterceptorChain.java:64)
	at org.junit.jupiter.engine.execution.InvocationInterceptorChain.chainAndInvoke(InvocationInterceptorChain.java:45)
	at org.junit.jupiter.engine.execution.InvocationInterceptorChain.invoke(InvocationInterceptorChain.java:37)
	at org.junit.jupiter.engine.execution.ExecutableInvoker.invoke(ExecutableInvoker.java:104)
	at org.junit.jupiter.engine.execution.ExecutableInvoker.invoke(ExecutableInvoker.java:98)
	at org.junit.jupiter.engine.descriptor.TestMethodTestDescriptor.lambda$invokeTestMethod$6(TestMethodTestDescriptor.java:212)
	at org.junit.jupiter.engine.descriptor.TestMethodTestDescriptor$$Lambda$271/224100622.execute(Unknown Source)
	at org.junit.platform.engine.support.hierarchical.ThrowableCollector.execute(ThrowableCollector.java:73)
	at org.junit.jupiter.engine.descriptor.TestMethodTestDescriptor.invokeTestMethod(TestMethodTestDescriptor.java:208)
	at org.junit.jupiter.engine.descriptor.TestMethodTestDescriptor.execute(TestMethodTestDescriptor.java:137)
	at org.junit.jupiter.engine.descriptor.TestMethodTestDescriptor.execute(TestMethodTestDescriptor.java:71)
	at org.junit.platform.engine.support.hierarchical.NodeTestTask.lambda$executeRecursively$5(NodeTestTask.java:135)
	at org.junit.platform.engine.support.hierarchical.NodeTestTask$$Lambda$179/195615004.execute(Unknown Source)
	at org.junit.platform.engine.support.hierarchical.ThrowableCollector.execute(ThrowableCollector.java:73)
	at org.junit.platform.engine.support.hierarchical.NodeTestTask.lambda$executeRecursively$7(NodeTestTask.java:125)
	at org.junit.platform.engine.support.hierarchical.NodeTestTask$$Lambda$178/1890627974.invoke(Unknown Source)
	at org.junit.platform.engine.support.hierarchical.Node.around(Node.java:135)
	at org.junit.platform.engine.support.hierarchical.NodeTestTask.lambda$executeRecursively$8(NodeTestTask.java:123)
	at org.junit.platform.engine.support.hierarchical.NodeTestTask$$Lambda$177/231977479.execute(Unknown Source)
	at org.junit.platform.engine.support.hierarchical.ThrowableCollector.execute(ThrowableCollector.java:73)
	at org.junit.platform.engine.support.hierarchical.NodeTestTask.executeRecursively(NodeTestTask.java:122)
	at org.junit.platform.engine.support.hierarchical.NodeTestTask.execute(NodeTestTask.java:80)
	at org.junit.platform.engine.support.hierarchical.SameThreadHierarchicalTestExecutorService$$Lambda$183/1381713434.accept(Unknown Source)
	at java.util.ArrayList.forEach(ArrayList.java:1249)
	at org.junit.platform.engine.support.hierarchical.SameThreadHierarchicalTestExecutorService.invokeAll(SameThreadHierarchicalTestExecutorService.java:38)
	at org.junit.platform.engine.support.hierarchical.NodeTestTask.lambda$executeRecursively$5(NodeTestTask.java:139)
	at org.junit.platform.engine.support.hierarchical.NodeTestTask$$Lambda$179/195615004.execute(Unknown Source)
	at org.junit.platform.engine.support.hierarchical.ThrowableCollector.execute(ThrowableCollector.java:73)
	at org.junit.platform.engine.support.hierarchical.NodeTestTask.lambda$executeRecursively$7(NodeTestTask.java:125)
	at org.junit.platform.engine.support.hierarchical.NodeTestTask$$Lambda$178/1890627974.invoke(Unknown Source)
	at org.junit.platform.engine.support.hierarchical.Node.around(Node.java:135)
	at org.junit.platform.engine.support.hierarchical.NodeTestTask.lambda$executeRecursively$8(NodeTestTask.java:123)
	at org.junit.platform.engine.support.hierarchical.NodeTestTask$$Lambda$177/231977479.execute(Unknown Source)
	at org.junit.platform.engine.support.hierarchical.ThrowableCollector.execute(ThrowableCollector.java:73)
	at org.junit.platform.engine.support.hierarchical.NodeTestTask.executeRecursively(NodeTestTask.java:122)
	at org.junit.platform.engine.support.hierarchical.NodeTestTask.execute(NodeTestTask.java:80)
	at org.junit.platform.engine.support.hierarchical.SameThreadHierarchicalTestExecutorService$$Lambda$183/1381713434.accept(Unknown Source)
	at java.util.ArrayList.forEach(ArrayList.java:1249)
	at org.junit.platform.engine.support.hierarchical.SameThreadHierarchicalTestExecutorService.invokeAll(SameThreadHierarchicalTestExecutorService.java:38)
	at org.junit.platform.engine.support.hierarchical.NodeTestTask.lambda$executeRecursively$5(NodeTestTask.java:139)
	at org.junit.platform.engine.support.hierarchical.NodeTestTask$$Lambda$179/195615004.execute(Unknown Source)
	at org.junit.platform.engine.support.hierarchical.ThrowableCollector.execute(ThrowableCollector.java:73)
	at org.junit.platform.engine.support.hierarchical.NodeTestTask.lambda$executeRecursively$7(NodeTestTask.java:125)
	at org.junit.platform.engine.support.hierarchical.NodeTestTask$$Lambda$178/1890627974.invoke(Unknown Source)
	at org.junit.platform.engine.support.hierarchical.Node.around(Node.java:135)
	at org.junit.platform.engine.support.hierarchical.NodeTestTask.lambda$executeRecursively$8(NodeTestTask.java:123)
	at org.junit.platform.engine.support.hierarchical.NodeTestTask$$Lambda$177/231977479.execute(Unknown Source)
	at org.junit.platform.engine.support.hierarchical.ThrowableCollector.execute(ThrowableCollector.java:73)
	at org.junit.platform.engine.support.hierarchical.NodeTestTask.executeRecursively(NodeTestTask.java:122)
	at org.junit.platform.engine.support.hierarchical.NodeTestTask.execute(NodeTestTask.java:80)
	at org.junit.platform.engine.support.hierarchical.SameThreadHierarchicalTestExecutorService.submit(SameThreadHierarchicalTestExecutorService.java:32)
	at org.junit.platform.engine.support.hierarchical.HierarchicalTestExecutor.execute(HierarchicalTestExecutor.java:57)
	at org.junit.platform.engine.support.hierarchical.HierarchicalTestEngine.execute(HierarchicalTestEngine.java:51)
	at org.junit.platform.launcher.core.DefaultLauncher.execute(DefaultLauncher.java:248)
	at org.junit.platform.launcher.core.DefaultLauncher.lambda$execute$5(DefaultLauncher.java:211)
	at org.junit.platform.launcher.core.DefaultLauncher$$Lambda$143/233996206.accept(Unknown Source)
	at org.junit.platform.launcher.core.DefaultLauncher.withInterceptedStreams(DefaultLauncher.java:226)
	at org.junit.platform.launcher.core.DefaultLauncher.execute(DefaultLauncher.java:199)
	at org.junit.platform.launcher.core.DefaultLauncher.execute(DefaultLauncher.java:132)
	at org.apache.maven.surefire.junitplatform.JUnitPlatformProvider.invokeAllTests(JUnitPlatformProvider.java:142)
	at org.apache.maven.surefire.junitplatform.JUnitPlatformProvider.invoke(JUnitPlatformProvider.java:113)
	at org.apache.maven.surefire.booter.ForkedBooter.invokeProviderInSameClassLoader(ForkedBooter.java:384)
	at org.apache.maven.surefire.booter.ForkedBooter.runSuitesInProcess(ForkedBooter.java:345)
	at org.apache.maven.surefire.booter.ForkedBooter.execute(ForkedBooter.java:126)
	at org.apache.maven.surefire.booter.ForkedBooter.main(ForkedBooter.java:418)
2021-11-08 11:16:39,129 [myid:] - INFO  [main:FourLetterWordMain@94] - connecting to 127.0.0.1 30149
2021-11-08 11:16:39,130 [myid:1] - WARN  [nioEventLoopGroup-67-2:NettyServerCnxnFactory$CnxnChannelHandler@231] - Zookeeper server is not running, close the connection before starting the TLS handshake
2021-11-08 11:16:39,393 [myid:] - INFO  [main:FourLetterWordMain@94] - connecting to 127.0.0.1 30149
2021-11-08 11:16:39,393 [myid:1] - WARN  [nioEventLoopGroup-67-3:NettyServerCnxnFactory$CnxnChannelHandler@231] - Zookeeper server is not running, close the connection before starting the TLS handshake
2021-11-08 11:16:39,409 [myid:] - INFO  [main:ClientBase@267] - server 127.0.0.1:30149 not up
java.net.SocketException: Software caused connection abort: recv failed
	at java.net.SocketInputStream.socketRead0(Native Method)
	at java.net.SocketInputStream.read(SocketInputStream.java:150)
	at java.net.SocketInputStream.read(SocketInputStream.java:121)
	at sun.nio.cs.StreamDecoder.readBytes(StreamDecoder.java:284)
	at sun.nio.cs.StreamDecoder.implRead(StreamDecoder.java:326)
	at sun.nio.cs.StreamDecoder.read(StreamDecoder.java:178)
	at java.io.InputStreamReader.read(InputStreamReader.java:184)
	at java.io.BufferedReader.fill(BufferedReader.java:161)
	at java.io.BufferedReader.readLine(BufferedReader.java:324)
	at java.io.BufferedReader.readLine(BufferedReader.java:389)
	at org.apache.zookeeper.client.FourLetterWordMain.send4LetterWord(FourLetterWordMain.java:129)
	at org.apache.zookeeper.client.FourLetterWordMain.send4LetterWord(FourLetterWordMain.java:74)
	at org.apache.zookeeper.test.ClientBase.waitForServerUp(ClientBase.java:258)
	at org.apache.zookeeper.test.ClientBase.waitForServerUp(ClientBase.java:249)
	at org.apache.zookeeper.server.quorum.QuorumSSLTest.testHostnameVerification(QuorumSSLTest.java:671)
	at org.apache.zookeeper.server.quorum.QuorumSSLTest.testHostnameVerificationWithInvalidIpAddressAndValidHostname(QuorumSSLTest.java:637)
	at sun.reflect.NativeMethodAccessorImpl.invoke0(Native Method)
	at sun.reflect.NativeMethodAccessorImpl.invoke(NativeMethodAccessorImpl.java:62)
	at sun.reflect.DelegatingMethodAccessorImpl.invoke(DelegatingMethodAccessorImpl.java:43)
	at java.lang.reflect.Method.invoke(Method.java:483)
	at org.junit.platform.commons.util.ReflectionUtils.invokeMethod(ReflectionUtils.java:686)
	at org.junit.jupiter.engine.execution.MethodInvocation.proceed(MethodInvocation.java:60)
	at org.junit.jupiter.engine.execution.InvocationInterceptorChain$ValidatingInvocation.proceed(InvocationInterceptorChain.java:131)
	at org.junit.jupiter.engine.extension.TimeoutInvocation.proceed(TimeoutInvocation.java:46)
	at org.junit.jupiter.engine.extension.TimeoutExtension.intercept(TimeoutExtension.java:149)
	at org.junit.jupiter.engine.extension.TimeoutExtension.interceptTestableMethod(TimeoutExtension.java:140)
	at org.junit.jupiter.engine.extension.TimeoutExtension.interceptTestMethod(TimeoutExtension.java:84)
	at org.junit.jupiter.engine.descriptor.TestMethodTestDescriptor$$Lambda$111/1780132728.apply(Unknown Source)
	at org.junit.jupiter.engine.execution.ExecutableInvoker$ReflectiveInterceptorCall.lambda$ofVoidMethod$0(ExecutableInvoker.java:115)
	at org.junit.jupiter.engine.execution.ExecutableInvoker$ReflectiveInterceptorCall$$Lambda$112/1725017993.apply(Unknown Source)
	at org.junit.jupiter.engine.execution.ExecutableInvoker.lambda$invoke$0(ExecutableInvoker.java:105)
	at org.junit.jupiter.engine.execution.ExecutableInvoker$$Lambda$234/64133603.apply(Unknown Source)
	at org.junit.jupiter.engine.execution.InvocationInterceptorChain$InterceptedInvocation.proceed(InvocationInterceptorChain.java:106)
	at org.junit.jupiter.engine.execution.InvocationInterceptorChain.proceed(InvocationInterceptorChain.java:64)
	at org.junit.jupiter.engine.execution.InvocationInterceptorChain.chainAndInvoke(InvocationInterceptorChain.java:45)
	at org.junit.jupiter.engine.execution.InvocationInterceptorChain.invoke(InvocationInterceptorChain.java:37)
	at org.junit.jupiter.engine.execution.ExecutableInvoker.invoke(ExecutableInvoker.java:104)
	at org.junit.jupiter.engine.execution.ExecutableInvoker.invoke(ExecutableInvoker.java:98)
	at org.junit.jupiter.engine.descriptor.TestMethodTestDescriptor.lambda$invokeTestMethod$6(TestMethodTestDescriptor.java:212)
	at org.junit.jupiter.engine.descriptor.TestMethodTestDescriptor$$Lambda$271/224100622.execute(Unknown Source)
	at org.junit.platform.engine.support.hierarchical.ThrowableCollector.execute(ThrowableCollector.java:73)
	at org.junit.jupiter.engine.descriptor.TestMethodTestDescriptor.invokeTestMethod(TestMethodTestDescriptor.java:208)
	at org.junit.jupiter.engine.descriptor.TestMethodTestDescriptor.execute(TestMethodTestDescriptor.java:137)
	at org.junit.jupiter.engine.descriptor.TestMethodTestDescriptor.execute(TestMethodTestDescriptor.java:71)
	at org.junit.platform.engine.support.hierarchical.NodeTestTask.lambda$executeRecursively$5(NodeTestTask.java:135)
	at org.junit.platform.engine.support.hierarchical.NodeTestTask$$Lambda$179/195615004.execute(Unknown Source)
	at org.junit.platform.engine.support.hierarchical.ThrowableCollector.execute(ThrowableCollector.java:73)
	at org.junit.platform.engine.support.hierarchical.NodeTestTask.lambda$executeRecursively$7(NodeTestTask.java:125)
	at org.junit.platform.engine.support.hierarchical.NodeTestTask$$Lambda$178/1890627974.invoke(Unknown Source)
	at org.junit.platform.engine.support.hierarchical.Node.around(Node.java:135)
	at org.junit.platform.engine.support.hierarchical.NodeTestTask.lambda$executeRecursively$8(NodeTestTask.java:123)
	at org.junit.platform.engine.support.hierarchical.NodeTestTask$$Lambda$177/231977479.execute(Unknown Source)
	at org.junit.platform.engine.support.hierarchical.ThrowableCollector.execute(ThrowableCollector.java:73)
	at org.junit.platform.engine.support.hierarchical.NodeTestTask.executeRecursively(NodeTestTask.java:122)
	at org.junit.platform.engine.support.hierarchical.NodeTestTask.execute(NodeTestTask.java:80)
	at org.junit.platform.engine.support.hierarchical.SameThreadHierarchicalTestExecutorService$$Lambda$183/1381713434.accept(Unknown Source)
	at java.util.ArrayList.forEach(ArrayList.java:1249)
	at org.junit.platform.engine.support.hierarchical.SameThreadHierarchicalTestExecutorService.invokeAll(SameThreadHierarchicalTestExecutorService.java:38)
	at org.junit.platform.engine.support.hierarchical.NodeTestTask.lambda$executeRecursively$5(NodeTestTask.java:139)
	at org.junit.platform.engine.support.hierarchical.NodeTestTask$$Lambda$179/195615004.execute(Unknown Source)
	at org.junit.platform.engine.support.hierarchical.ThrowableCollector.execute(ThrowableCollector.java:73)
	at org.junit.platform.engine.support.hierarchical.NodeTestTask.lambda$executeRecursively$7(NodeTestTask.java:125)
	at org.junit.platform.engine.support.hierarchical.NodeTestTask$$Lambda$178/1890627974.invoke(Unknown Source)
	at org.junit.platform.engine.support.hierarchical.Node.around(Node.java:135)
	at org.junit.platform.engine.support.hierarchical.NodeTestTask.lambda$executeRecursively$8(NodeTestTask.java:123)
	at org.junit.platform.engine.support.hierarchical.NodeTestTask$$Lambda$177/231977479.execute(Unknown Source)
	at org.junit.platform.engine.support.hierarchical.ThrowableCollector.execute(ThrowableCollector.java:73)
	at org.junit.platform.engine.support.hierarchical.NodeTestTask.executeRecursively(NodeTestTask.java:122)
	at org.junit.platform.engine.support.hierarchical.NodeTestTask.execute(NodeTestTask.java:80)
	at org.junit.platform.engine.support.hierarchical.SameThreadHierarchicalTestExecutorService$$Lambda$183/1381713434.accept(Unknown Source)
	at java.util.ArrayList.forEach(ArrayList.java:1249)
	at org.junit.platform.engine.support.hierarchical.SameThreadHierarchicalTestExecutorService.invokeAll(SameThreadHierarchicalTestExecutorService.java:38)
	at org.junit.platform.engine.support.hierarchical.NodeTestTask.lambda$executeRecursively$5(NodeTestTask.java:139)
	at org.junit.platform.engine.support.hierarchical.NodeTestTask$$Lambda$179/195615004.execute(Unknown Source)
	at org.junit.platform.engine.support.hierarchical.ThrowableCollector.execute(ThrowableCollector.java:73)
	at org.junit.platform.engine.support.hierarchical.NodeTestTask.lambda$executeRecursively$7(NodeTestTask.java:125)
	at org.junit.platform.engine.support.hierarchical.NodeTestTask$$Lambda$178/1890627974.invoke(Unknown Source)
	at org.junit.platform.engine.support.hierarchical.Node.around(Node.java:135)
	at org.junit.platform.engine.support.hierarchical.NodeTestTask.lambda$executeRecursively$8(NodeTestTask.java:123)
	at org.junit.platform.engine.support.hierarchical.NodeTestTask$$Lambda$177/231977479.execute(Unknown Source)
	at org.junit.platform.engine.support.hierarchical.ThrowableCollector.execute(ThrowableCollector.java:73)
	at org.junit.platform.engine.support.hierarchical.NodeTestTask.executeRecursively(NodeTestTask.java:122)
	at org.junit.platform.engine.support.hierarchical.NodeTestTask.execute(NodeTestTask.java:80)
	at org.junit.platform.engine.support.hierarchical.SameThreadHierarchicalTestExecutorService.submit(SameThreadHierarchicalTestExecutorService.java:32)
	at org.junit.platform.engine.support.hierarchical.HierarchicalTestExecutor.execute(HierarchicalTestExecutor.java:57)
	at org.junit.platform.engine.support.hierarchical.HierarchicalTestEngine.execute(HierarchicalTestEngine.java:51)
	at org.junit.platform.launcher.core.DefaultLauncher.execute(DefaultLauncher.java:248)
	at org.junit.platform.launcher.core.DefaultLauncher.lambda$execute$5(DefaultLauncher.java:211)
	at org.junit.platform.launcher.core.DefaultLauncher$$Lambda$143/233996206.accept(Unknown Source)
	at org.junit.platform.launcher.core.DefaultLauncher.withInterceptedStreams(DefaultLauncher.java:226)
	at org.junit.platform.launcher.core.DefaultLauncher.execute(DefaultLauncher.java:199)
	at org.junit.platform.launcher.core.DefaultLauncher.execute(DefaultLauncher.java:132)
	at org.apache.maven.surefire.junitplatform.JUnitPlatformProvider.invokeAllTests(JUnitPlatformProvider.java:142)
	at org.apache.maven.surefire.junitplatform.JUnitPlatformProvider.invoke(JUnitPlatformProvider.java:113)
	at org.apache.maven.surefire.booter.ForkedBooter.invokeProviderInSameClassLoader(ForkedBooter.java:384)
	at org.apache.maven.surefire.booter.ForkedBooter.runSuitesInProcess(ForkedBooter.java:345)
	at org.apache.maven.surefire.booter.ForkedBooter.execute(ForkedBooter.java:126)
	at org.apache.maven.surefire.booter.ForkedBooter.main(ForkedBooter.java:418)
2021-11-08 11:16:39,662 [myid:] - INFO  [main:FourLetterWordMain@94] - connecting to 127.0.0.1 30149
2021-11-08 11:16:39,663 [myid:1] - WARN  [nioEventLoopGroup-67-4:NettyServerCnxnFactory$CnxnChannelHandler@231] - Zookeeper server is not running, close the connection before starting the TLS handshake
2021-11-08 11:16:39,926 [myid:] - INFO  [main:FourLetterWordMain@94] - connecting to 127.0.0.1 30149
2021-11-08 11:16:39,927 [myid:1] - WARN  [nioEventLoopGroup-67-5:NettyServerCnxnFactory$CnxnChannelHandler@231] - Zookeeper server is not running, close the connection before starting the TLS handshake
2021-11-08 11:16:40,178 [myid:] - INFO  [main:FourLetterWordMain@94] - connecting to 127.0.0.1 30149
2021-11-08 11:16:40,179 [myid:1] - WARN  [nioEventLoopGroup-67-6:NettyServerCnxnFactory$CnxnChannelHandler@231] - Zookeeper server is not running, close the connection before starting the TLS handshake
2021-11-08 11:16:40,440 [myid:] - INFO  [main:FourLetterWordMain@94] - connecting to 127.0.0.1 30149
2021-11-08 11:16:40,440 [myid:1] - WARN  [nioEventLoopGroup-67-7:NettyServerCnxnFactory$CnxnChannelHandler@231] - Zookeeper server is not running, close the connection before starting the TLS handshake
2021-11-08 11:16:40,691 [myid:] - INFO  [main:FourLetterWordMain@94] - connecting to 127.0.0.1 30149
2021-11-08 11:16:40,691 [myid:1] - WARN  [nioEventLoopGroup-67-8:NettyServerCnxnFactory$CnxnChannelHandler@231] - Zookeeper server is not running, close the connection before starting the TLS handshake
2021-11-08 11:16:40,956 [myid:] - INFO  [main:FourLetterWordMain@94] - connecting to 127.0.0.1 30149
2021-11-08 11:16:40,956 [myid:1] - WARN  [nioEventLoopGroup-67-9:NettyServerCnxnFactory$CnxnChannelHandler@231] - Zookeeper server is not running, close the connection before starting the TLS handshake
2021-11-08 11:16:41,222 [myid:] - INFO  [main:FourLetterWordMain@94] - connecting to 127.0.0.1 30149
2021-11-08 11:16:41,224 [myid:1] - WARN  [nioEventLoopGroup-67-10:NettyServerCnxnFactory$CnxnChannelHandler@231] - Zookeeper server is not running, close the connection before starting the TLS handshake
2021-11-08 11:16:41,488 [myid:] - INFO  [main:FourLetterWordMain@94] - connecting to 127.0.0.1 30149
2021-11-08 11:16:41,489 [myid:1] - WARN  [nioEventLoopGroup-67-11:NettyServerCnxnFactory$CnxnChannelHandler@231] - Zookeeper server is not running, close the connection before starting the TLS handshake
2021-11-08 11:16:41,755 [myid:] - INFO  [main:FourLetterWordMain@94] - connecting to 127.0.0.1 30149
2021-11-08 11:16:41,757 [myid:1] - WARN  [nioEventLoopGroup-67-12:NettyServerCnxnFactory$CnxnChannelHandler@231] - Zookeeper server is not running, close the connection before starting the TLS handshake
2021-11-08 11:16:42,016 [myid:] - INFO  [main:FourLetterWordMain@94] - connecting to 127.0.0.1 30149
2021-11-08 11:16:42,016 [myid:1] - WARN  [nioEventLoopGroup-67-1:NettyServerCnxnFactory$CnxnChannelHandler@231] - Zookeeper server is not running, close the connection before starting the TLS handshake
2021-11-08 11:16:42,282 [myid:] - INFO  [main:FourLetterWordMain@94] - connecting to 127.0.0.1 30149
2021-11-08 11:16:42,282 [myid:1] - WARN  [nioEventLoopGroup-67-2:NettyServerCnxnFactory$CnxnChannelHandler@231] - Zookeeper server is not running, close the connection before starting the TLS handshake
2021-11-08 11:16:42,545 [myid:] - INFO  [main:FourLetterWordMain@94] - connecting to 127.0.0.1 30149
2021-11-08 11:16:42,546 [myid:1] - WARN  [nioEventLoopGroup-67-3:NettyServerCnxnFactory$CnxnChannelHandler@231] - Zookeeper server is not running, close the connection before starting the TLS handshake
2021-11-08 11:16:42,813 [myid:] - INFO  [main:FourLetterWordMain@94] - connecting to 127.0.0.1 30149
2021-11-08 11:16:42,814 [myid:1] - WARN  [nioEventLoopGroup-67-4:NettyServerCnxnFactory$CnxnChannelHandler@231] - Zookeeper server is not running, close the connection before starting the TLS handshake
2021-11-08 11:16:43,075 [myid:] - INFO  [main:FourLetterWordMain@94] - connecting to 127.0.0.1 30149
2021-11-08 11:16:43,075 [myid:1] - WARN  [nioEventLoopGroup-67-5:NettyServerCnxnFactory$CnxnChannelHandler@231] - Zookeeper server is not running, close the connection before starting the TLS handshake
2021-11-08 11:16:43,076 [myid:] - INFO  [main:ClientBase@267] - server 127.0.0.1:30149 not up
java.net.SocketException: Software caused connection abort: recv failed
	at java.net.SocketInputStream.socketRead0(Native Method)
	at java.net.SocketInputStream.read(SocketInputStream.java:150)
	at java.net.SocketInputStream.read(SocketInputStream.java:121)
	at sun.nio.cs.StreamDecoder.readBytes(StreamDecoder.java:284)
	at sun.nio.cs.StreamDecoder.implRead(StreamDecoder.java:326)
	at sun.nio.cs.StreamDecoder.read(StreamDecoder.java:178)
	at java.io.InputStreamReader.read(InputStreamReader.java:184)
	at java.io.BufferedReader.fill(BufferedReader.java:161)
	at java.io.BufferedReader.readLine(BufferedReader.java:324)
	at java.io.BufferedReader.readLine(BufferedReader.java:389)
	at org.apache.zookeeper.client.FourLetterWordMain.send4LetterWord(FourLetterWordMain.java:129)
	at org.apache.zookeeper.client.FourLetterWordMain.send4LetterWord(FourLetterWordMain.java:74)
	at org.apache.zookeeper.test.ClientBase.waitForServerUp(ClientBase.java:258)
	at org.apache.zookeeper.test.ClientBase.waitForServerUp(ClientBase.java:249)
	at org.apache.zookeeper.server.quorum.QuorumSSLTest.testHostnameVerification(QuorumSSLTest.java:671)
	at org.apache.zookeeper.server.quorum.QuorumSSLTest.testHostnameVerificationWithInvalidIpAddressAndValidHostname(QuorumSSLTest.java:637)
	at sun.reflect.NativeMethodAccessorImpl.invoke0(Native Method)
	at sun.reflect.NativeMethodAccessorImpl.invoke(NativeMethodAccessorImpl.java:62)
	at sun.reflect.DelegatingMethodAccessorImpl.invoke(DelegatingMethodAccessorImpl.java:43)
	at java.lang.reflect.Method.invoke(Method.java:483)
	at org.junit.platform.commons.util.ReflectionUtils.invokeMethod(ReflectionUtils.java:686)
	at org.junit.jupiter.engine.execution.MethodInvocation.proceed(MethodInvocation.java:60)
	at org.junit.jupiter.engine.execution.InvocationInterceptorChain$ValidatingInvocation.proceed(InvocationInterceptorChain.java:131)
	at org.junit.jupiter.engine.extension.TimeoutInvocation.proceed(TimeoutInvocation.java:46)
	at org.junit.jupiter.engine.extension.TimeoutExtension.intercept(TimeoutExtension.java:149)
	at org.junit.jupiter.engine.extension.TimeoutExtension.interceptTestableMethod(TimeoutExtension.java:140)
	at org.junit.jupiter.engine.extension.TimeoutExtension.interceptTestMethod(TimeoutExtension.java:84)
	at org.junit.jupiter.engine.descriptor.TestMethodTestDescriptor$$Lambda$111/1780132728.apply(Unknown Source)
	at org.junit.jupiter.engine.execution.ExecutableInvoker$ReflectiveInterceptorCall.lambda$ofVoidMethod$0(ExecutableInvoker.java:115)
	at org.junit.jupiter.engine.execution.ExecutableInvoker$ReflectiveInterceptorCall$$Lambda$112/1725017993.apply(Unknown Source)
	at org.junit.jupiter.engine.execution.ExecutableInvoker.lambda$invoke$0(ExecutableInvoker.java:105)
	at org.junit.jupiter.engine.execution.ExecutableInvoker$$Lambda$234/64133603.apply(Unknown Source)
	at org.junit.jupiter.engine.execution.InvocationInterceptorChain$InterceptedInvocation.proceed(InvocationInterceptorChain.java:106)
	at org.junit.jupiter.engine.execution.InvocationInterceptorChain.proceed(InvocationInterceptorChain.java:64)
	at org.junit.jupiter.engine.execution.InvocationInterceptorChain.chainAndInvoke(InvocationInterceptorChain.java:45)
	at org.junit.jupiter.engine.execution.InvocationInterceptorChain.invoke(InvocationInterceptorChain.java:37)
	at org.junit.jupiter.engine.execution.ExecutableInvoker.invoke(ExecutableInvoker.java:104)
	at org.junit.jupiter.engine.execution.ExecutableInvoker.invoke(ExecutableInvoker.java:98)
	at org.junit.jupiter.engine.descriptor.TestMethodTestDescriptor.lambda$invokeTestMethod$6(TestMethodTestDescriptor.java:212)
	at org.junit.jupiter.engine.descriptor.TestMethodTestDescriptor$$Lambda$271/224100622.execute(Unknown Source)
	at org.junit.platform.engine.support.hierarchical.ThrowableCollector.execute(ThrowableCollector.java:73)
	at org.junit.jupiter.engine.descriptor.TestMethodTestDescriptor.invokeTestMethod(TestMethodTestDescriptor.java:208)
	at org.junit.jupiter.engine.descriptor.TestMethodTestDescriptor.execute(TestMethodTestDescriptor.java:137)
	at org.junit.jupiter.engine.descriptor.TestMethodTestDescriptor.execute(TestMethodTestDescriptor.java:71)
	at org.junit.platform.engine.support.hierarchical.NodeTestTask.lambda$executeRecursively$5(NodeTestTask.java:135)
	at org.junit.platform.engine.support.hierarchical.NodeTestTask$$Lambda$179/195615004.execute(Unknown Source)
	at org.junit.platform.engine.support.hierarchical.ThrowableCollector.execute(ThrowableCollector.java:73)
	at org.junit.platform.engine.support.hierarchical.NodeTestTask.lambda$executeRecursively$7(NodeTestTask.java:125)
	at org.junit.platform.engine.support.hierarchical.NodeTestTask$$Lambda$178/1890627974.invoke(Unknown Source)
	at org.junit.platform.engine.support.hierarchical.Node.around(Node.java:135)
	at org.junit.platform.engine.support.hierarchical.NodeTestTask.lambda$executeRecursively$8(NodeTestTask.java:123)
	at org.junit.platform.engine.support.hierarchical.NodeTestTask$$Lambda$177/231977479.execute(Unknown Source)
	at org.junit.platform.engine.support.hierarchical.ThrowableCollector.execute(ThrowableCollector.java:73)
	at org.junit.platform.engine.support.hierarchical.NodeTestTask.executeRecursively(NodeTestTask.java:122)
	at org.junit.platform.engine.support.hierarchical.NodeTestTask.execute(NodeTestTask.java:80)
	at org.junit.platform.engine.support.hierarchical.SameThreadHierarchicalTestExecutorService$$Lambda$183/1381713434.accept(Unknown Source)
	at java.util.ArrayList.forEach(ArrayList.java:1249)
	at org.junit.platform.engine.support.hierarchical.SameThreadHierarchicalTestExecutorService.invokeAll(SameThreadHierarchicalTestExecutorService.java:38)
	at org.junit.platform.engine.support.hierarchical.NodeTestTask.lambda$executeRecursively$5(NodeTestTask.java:139)
	at org.junit.platform.engine.support.hierarchical.NodeTestTask$$Lambda$179/195615004.execute(Unknown Source)
	at org.junit.platform.engine.support.hierarchical.ThrowableCollector.execute(ThrowableCollector.java:73)
	at org.junit.platform.engine.support.hierarchical.NodeTestTask.lambda$executeRecursively$7(NodeTestTask.java:125)
	at org.junit.platform.engine.support.hierarchical.NodeTestTask$$Lambda$178/1890627974.invoke(Unknown Source)
	at org.junit.platform.engine.support.hierarchical.Node.around(Node.java:135)
	at org.junit.platform.engine.support.hierarchical.NodeTestTask.lambda$executeRecursively$8(NodeTestTask.java:123)
	at org.junit.platform.engine.support.hierarchical.NodeTestTask$$Lambda$177/231977479.execute(Unknown Source)
	at org.junit.platform.engine.support.hierarchical.ThrowableCollector.execute(ThrowableCollector.java:73)
	at org.junit.platform.engine.support.hierarchical.NodeTestTask.executeRecursively(NodeTestTask.java:122)
	at org.junit.platform.engine.support.hierarchical.NodeTestTask.execute(NodeTestTask.java:80)
	at org.junit.platform.engine.support.hierarchical.SameThreadHierarchicalTestExecutorService$$Lambda$183/1381713434.accept(Unknown Source)
	at java.util.ArrayList.forEach(ArrayList.java:1249)
	at org.junit.platform.engine.support.hierarchical.SameThreadHierarchicalTestExecutorService.invokeAll(SameThreadHierarchicalTestExecutorService.java:38)
	at org.junit.platform.engine.support.hierarchical.NodeTestTask.lambda$executeRecursively$5(NodeTestTask.java:139)
	at org.junit.platform.engine.support.hierarchical.NodeTestTask$$Lambda$179/195615004.execute(Unknown Source)
	at org.junit.platform.engine.support.hierarchical.ThrowableCollector.execute(ThrowableCollector.java:73)
	at org.junit.platform.engine.support.hierarchical.NodeTestTask.lambda$executeRecursively$7(NodeTestTask.java:125)
	at org.junit.platform.engine.support.hierarchical.NodeTestTask$$Lambda$178/1890627974.invoke(Unknown Source)
	at org.junit.platform.engine.support.hierarchical.Node.around(Node.java:135)
	at org.junit.platform.engine.support.hierarchical.NodeTestTask.lambda$executeRecursively$8(NodeTestTask.java:123)
	at org.junit.platform.engine.support.hierarchical.NodeTestTask$$Lambda$177/231977479.execute(Unknown Source)
	at org.junit.platform.engine.support.hierarchical.ThrowableCollector.execute(ThrowableCollector.java:73)
	at org.junit.platform.engine.support.hierarchical.NodeTestTask.executeRecursively(NodeTestTask.java:122)
	at org.junit.platform.engine.support.hierarchical.NodeTestTask.execute(NodeTestTask.java:80)
	at org.junit.platform.engine.support.hierarchical.SameThreadHierarchicalTestExecutorService.submit(SameThreadHierarchicalTestExecutorService.java:32)
	at org.junit.platform.engine.support.hierarchical.HierarchicalTestExecutor.execute(HierarchicalTestExecutor.java:57)
	at org.junit.platform.engine.support.hierarchical.HierarchicalTestEngine.execute(HierarchicalTestEngine.java:51)
	at org.junit.platform.launcher.core.DefaultLauncher.execute(DefaultLauncher.java:248)
	at org.junit.platform.launcher.core.DefaultLauncher.lambda$execute$5(DefaultLauncher.java:211)
	at org.junit.platform.launcher.core.DefaultLauncher$$Lambda$143/233996206.accept(Unknown Source)
	at org.junit.platform.launcher.core.DefaultLauncher.withInterceptedStreams(DefaultLauncher.java:226)
	at org.junit.platform.launcher.core.DefaultLauncher.execute(DefaultLauncher.java:199)
	at org.junit.platform.launcher.core.DefaultLauncher.execute(DefaultLauncher.java:132)
	at org.apache.maven.surefire.junitplatform.JUnitPlatformProvider.invokeAllTests(JUnitPlatformProvider.java:142)
	at org.apache.maven.surefire.junitplatform.JUnitPlatformProvider.invoke(JUnitPlatformProvider.java:113)
	at org.apache.maven.surefire.booter.ForkedBooter.invokeProviderInSameClassLoader(ForkedBooter.java:384)
	at org.apache.maven.surefire.booter.ForkedBooter.runSuitesInProcess(ForkedBooter.java:345)
	at org.apache.maven.surefire.booter.ForkedBooter.execute(ForkedBooter.java:126)
	at org.apache.maven.surefire.booter.ForkedBooter.main(ForkedBooter.java:418)
2021-11-08 11:16:43,371 [myid:] - INFO  [main:FourLetterWordMain@94] - connecting to 127.0.0.1 30149
2021-11-08 11:16:43,371 [myid:1] - WARN  [nioEventLoopGroup-67-6:NettyServerCnxnFactory$CnxnChannelHandler@231] - Zookeeper server is not running, close the connection before starting the TLS handshake
2021-11-08 11:16:43,672 [myid:] - INFO  [main:FourLetterWordMain@94] - connecting to 127.0.0.1 30149
2021-11-08 11:16:43,713 [myid:1] - WARN  [nioEventLoopGroup-67-7:NettyServerCnxnFactory$CnxnChannelHandler@231] - Zookeeper server is not running, close the connection before starting the TLS handshake
2021-11-08 11:16:43,975 [myid:] - INFO  [main:FourLetterWordMain@94] - connecting to 127.0.0.1 30149
2021-11-08 11:16:43,975 [myid:1] - WARN  [nioEventLoopGroup-67-8:NettyServerCnxnFactory$CnxnChannelHandler@231] - Zookeeper server is not running, close the connection before starting the TLS handshake
2021-11-08 11:16:44,240 [myid:] - INFO  [main:FourLetterWordMain@94] - connecting to 127.0.0.1 30149
2021-11-08 11:16:44,240 [myid:1] - WARN  [nioEventLoopGroup-67-9:NettyServerCnxnFactory$CnxnChannelHandler@231] - Zookeeper server is not running, close the connection before starting the TLS handshake
2021-11-08 11:16:44,495 [myid:] - INFO  [main:FourLetterWordMain@94] - connecting to 127.0.0.1 30149
2021-11-08 11:16:44,496 [myid:1] - WARN  [nioEventLoopGroup-67-10:NettyServerCnxnFactory$CnxnChannelHandler@231] - Zookeeper server is not running, close the connection before starting the TLS handshake
2021-11-08 11:16:44,763 [myid:] - INFO  [main:FourLetterWordMain@94] - connecting to 127.0.0.1 30149
2021-11-08 11:16:44,764 [myid:1] - WARN  [nioEventLoopGroup-67-11:NettyServerCnxnFactory$CnxnChannelHandler@231] - Zookeeper server is not running, close the connection before starting the TLS handshake
2021-11-08 11:16:45,024 [myid:] - INFO  [main:FourLetterWordMain@94] - connecting to 127.0.0.1 30149
2021-11-08 11:16:45,025 [myid:1] - WARN  [nioEventLoopGroup-67-12:NettyServerCnxnFactory$CnxnChannelHandler@231] - Zookeeper server is not running, close the connection before starting the TLS handshake
2021-11-08 11:16:45,289 [myid:] - INFO  [main:FourLetterWordMain@94] - connecting to 127.0.0.1 30149
2021-11-08 11:16:45,289 [myid:1] - WARN  [nioEventLoopGroup-67-1:NettyServerCnxnFactory$CnxnChannelHandler@231] - Zookeeper server is not running, close the connection before starting the TLS handshake
2021-11-08 11:16:45,555 [myid:] - INFO  [main:FourLetterWordMain@94] - connecting to 127.0.0.1 30149
2021-11-08 11:16:45,558 [myid:1] - WARN  [nioEventLoopGroup-67-2:NettyServerCnxnFactory$CnxnChannelHandler@231] - Zookeeper server is not running, close the connection before starting the TLS handshake
2021-11-08 11:16:45,825 [myid:] - INFO  [main:FourLetterWordMain@94] - connecting to 127.0.0.1 30149
2021-11-08 11:16:45,826 [myid:1] - WARN  [nioEventLoopGroup-67-3:NettyServerCnxnFactory$CnxnChannelHandler@231] - Zookeeper server is not running, close the connection before starting the TLS handshake
2021-11-08 11:16:46,084 [myid:] - INFO  [main:FourLetterWordMain@94] - connecting to 127.0.0.1 30149
2021-11-08 11:16:46,084 [myid:1] - WARN  [nioEventLoopGroup-67-4:NettyServerCnxnFactory$CnxnChannelHandler@231] - Zookeeper server is not running, close the connection before starting the TLS handshake
2021-11-08 11:16:46,350 [myid:] - INFO  [main:FourLetterWordMain@94] - connecting to 127.0.0.1 30149
2021-11-08 11:16:46,351 [myid:1] - WARN  [nioEventLoopGroup-67-5:NettyServerCnxnFactory$CnxnChannelHandler@231] - Zookeeper server is not running, close the connection before starting the TLS handshake
2021-11-08 11:16:46,617 [myid:] - INFO  [main:FourLetterWordMain@94] - connecting to 127.0.0.1 30149
2021-11-08 11:16:46,617 [myid:1] - WARN  [nioEventLoopGroup-67-6:NettyServerCnxnFactory$CnxnChannelHandler@231] - Zookeeper server is not running, close the connection before starting the TLS handshake
2021-11-08 11:16:46,868 [myid:] - INFO  [main:FourLetterWordMain@94] - connecting to 127.0.0.1 30149
2021-11-08 11:16:46,869 [myid:1] - WARN  [nioEventLoopGroup-67-7:NettyServerCnxnFactory$CnxnChannelHandler@231] - Zookeeper server is not running, close the connection before starting the TLS handshake
2021-11-08 11:16:47,133 [myid:] - INFO  [main:FourLetterWordMain@94] - connecting to 127.0.0.1 30149
2021-11-08 11:16:47,133 [myid:1] - WARN  [nioEventLoopGroup-67-8:NettyServerCnxnFactory$CnxnChannelHandler@231] - Zookeeper server is not running, close the connection before starting the TLS handshake
2021-11-08 11:16:47,399 [myid:] - INFO  [main:FourLetterWordMain@94] - connecting to 127.0.0.1 30149
2021-11-08 11:16:47,399 [myid:1] - WARN  [nioEventLoopGroup-67-9:NettyServerCnxnFactory$CnxnChannelHandler@231] - Zookeeper server is not running, close the connection before starting the TLS handshake
2021-11-08 11:16:47,660 [myid:] - INFO  [main:FourLetterWordMain@94] - connecting to 127.0.0.1 30149
2021-11-08 11:16:47,662 [myid:1] - WARN  [nioEventLoopGroup-67-10:NettyServerCnxnFactory$CnxnChannelHandler@231] - Zookeeper server is not running, close the connection before starting the TLS handshake
2021-11-08 11:16:47,927 [myid:] - INFO  [main:FourLetterWordMain@94] - connecting to 127.0.0.1 30149
2021-11-08 11:16:47,927 [myid:1] - WARN  [nioEventLoopGroup-67-11:NettyServerCnxnFactory$CnxnChannelHandler@231] - Zookeeper server is not running, close the connection before starting the TLS handshake
2021-11-08 11:16:47,943 [myid:] - INFO  [main:ClientBase@267] - server 127.0.0.1:30149 not up
java.net.SocketException: Software caused connection abort: recv failed
	at java.net.SocketInputStream.socketRead0(Native Method)
	at java.net.SocketInputStream.read(SocketInputStream.java:150)
	at java.net.SocketInputStream.read(SocketInputStream.java:121)
	at sun.nio.cs.StreamDecoder.readBytes(StreamDecoder.java:284)
	at sun.nio.cs.StreamDecoder.implRead(StreamDecoder.java:326)
	at sun.nio.cs.StreamDecoder.read(StreamDecoder.java:178)
	at java.io.InputStreamReader.read(InputStreamReader.java:184)
	at java.io.BufferedReader.fill(BufferedReader.java:161)
	at java.io.BufferedReader.readLine(BufferedReader.java:324)
	at java.io.BufferedReader.readLine(BufferedReader.java:389)
	at org.apache.zookeeper.client.FourLetterWordMain.send4LetterWord(FourLetterWordMain.java:129)
	at org.apache.zookeeper.client.FourLetterWordMain.send4LetterWord(FourLetterWordMain.java:74)
	at org.apache.zookeeper.test.ClientBase.waitForServerUp(ClientBase.java:258)
	at org.apache.zookeeper.test.ClientBase.waitForServerUp(ClientBase.java:249)
	at org.apache.zookeeper.server.quorum.QuorumSSLTest.testHostnameVerification(QuorumSSLTest.java:671)
	at org.apache.zookeeper.server.quorum.QuorumSSLTest.testHostnameVerificationWithInvalidIpAddressAndValidHostname(QuorumSSLTest.java:637)
	at sun.reflect.NativeMethodAccessorImpl.invoke0(Native Method)
	at sun.reflect.NativeMethodAccessorImpl.invoke(NativeMethodAccessorImpl.java:62)
	at sun.reflect.DelegatingMethodAccessorImpl.invoke(DelegatingMethodAccessorImpl.java:43)
	at java.lang.reflect.Method.invoke(Method.java:483)
	at org.junit.platform.commons.util.ReflectionUtils.invokeMethod(ReflectionUtils.java:686)
	at org.junit.jupiter.engine.execution.MethodInvocation.proceed(MethodInvocation.java:60)
	at org.junit.jupiter.engine.execution.InvocationInterceptorChain$ValidatingInvocation.proceed(InvocationInterceptorChain.java:131)
	at org.junit.jupiter.engine.extension.TimeoutInvocation.proceed(TimeoutInvocation.java:46)
	at org.junit.jupiter.engine.extension.TimeoutExtension.intercept(TimeoutExtension.java:149)
	at org.junit.jupiter.engine.extension.TimeoutExtension.interceptTestableMethod(TimeoutExtension.java:140)
	at org.junit.jupiter.engine.extension.TimeoutExtension.interceptTestMethod(TimeoutExtension.java:84)
	at org.junit.jupiter.engine.descriptor.TestMethodTestDescriptor$$Lambda$111/1780132728.apply(Unknown Source)
	at org.junit.jupiter.engine.execution.ExecutableInvoker$ReflectiveInterceptorCall.lambda$ofVoidMethod$0(ExecutableInvoker.java:115)
	at org.junit.jupiter.engine.execution.ExecutableInvoker$ReflectiveInterceptorCall$$Lambda$112/1725017993.apply(Unknown Source)
	at org.junit.jupiter.engine.execution.ExecutableInvoker.lambda$invoke$0(ExecutableInvoker.java:105)
	at org.junit.jupiter.engine.execution.ExecutableInvoker$$Lambda$234/64133603.apply(Unknown Source)
	at org.junit.jupiter.engine.execution.InvocationInterceptorChain$InterceptedInvocation.proceed(InvocationInterceptorChain.java:106)
	at org.junit.jupiter.engine.execution.InvocationInterceptorChain.proceed(InvocationInterceptorChain.java:64)
	at org.junit.jupiter.engine.execution.InvocationInterceptorChain.chainAndInvoke(InvocationInterceptorChain.java:45)
	at org.junit.jupiter.engine.execution.InvocationInterceptorChain.invoke(InvocationInterceptorChain.java:37)
	at org.junit.jupiter.engine.execution.ExecutableInvoker.invoke(ExecutableInvoker.java:104)
	at org.junit.jupiter.engine.execution.ExecutableInvoker.invoke(ExecutableInvoker.java:98)
	at org.junit.jupiter.engine.descriptor.TestMethodTestDescriptor.lambda$invokeTestMethod$6(TestMethodTestDescriptor.java:212)
	at org.junit.jupiter.engine.descriptor.TestMethodTestDescriptor$$Lambda$271/224100622.execute(Unknown Source)
	at org.junit.platform.engine.support.hierarchical.ThrowableCollector.execute(ThrowableCollector.java:73)
	at org.junit.jupiter.engine.descriptor.TestMethodTestDescriptor.invokeTestMethod(TestMethodTestDescriptor.java:208)
	at org.junit.jupiter.engine.descriptor.TestMethodTestDescriptor.execute(TestMethodTestDescriptor.java:137)
	at org.junit.jupiter.engine.descriptor.TestMethodTestDescriptor.execute(TestMethodTestDescriptor.java:71)
	at org.junit.platform.engine.support.hierarchical.NodeTestTask.lambda$executeRecursively$5(NodeTestTask.java:135)
	at org.junit.platform.engine.support.hierarchical.NodeTestTask$$Lambda$179/195615004.execute(Unknown Source)
	at org.junit.platform.engine.support.hierarchical.ThrowableCollector.execute(ThrowableCollector.java:73)
	at org.junit.platform.engine.support.hierarchical.NodeTestTask.lambda$executeRecursively$7(NodeTestTask.java:125)
	at org.junit.platform.engine.support.hierarchical.NodeTestTask$$Lambda$178/1890627974.invoke(Unknown Source)
	at org.junit.platform.engine.support.hierarchical.Node.around(Node.java:135)
	at org.junit.platform.engine.support.hierarchical.NodeTestTask.lambda$executeRecursively$8(NodeTestTask.java:123)
	at org.junit.platform.engine.support.hierarchical.NodeTestTask$$Lambda$177/231977479.execute(Unknown Source)
	at org.junit.platform.engine.support.hierarchical.ThrowableCollector.execute(ThrowableCollector.java:73)
	at org.junit.platform.engine.support.hierarchical.NodeTestTask.executeRecursively(NodeTestTask.java:122)
	at org.junit.platform.engine.support.hierarchical.NodeTestTask.execute(NodeTestTask.java:80)
	at org.junit.platform.engine.support.hierarchical.SameThreadHierarchicalTestExecutorService$$Lambda$183/1381713434.accept(Unknown Source)
	at java.util.ArrayList.forEach(ArrayList.java:1249)
	at org.junit.platform.engine.support.hierarchical.SameThreadHierarchicalTestExecutorService.invokeAll(SameThreadHierarchicalTestExecutorService.java:38)
	at org.junit.platform.engine.support.hierarchical.NodeTestTask.lambda$executeRecursively$5(NodeTestTask.java:139)
	at org.junit.platform.engine.support.hierarchical.NodeTestTask$$Lambda$179/195615004.execute(Unknown Source)
	at org.junit.platform.engine.support.hierarchical.ThrowableCollector.execute(ThrowableCollector.java:73)
	at org.junit.platform.engine.support.hierarchical.NodeTestTask.lambda$executeRecursively$7(NodeTestTask.java:125)
	at org.junit.platform.engine.support.hierarchical.NodeTestTask$$Lambda$178/1890627974.invoke(Unknown Source)
	at org.junit.platform.engine.support.hierarchical.Node.around(Node.java:135)
	at org.junit.platform.engine.support.hierarchical.NodeTestTask.lambda$executeRecursively$8(NodeTestTask.java:123)
	at org.junit.platform.engine.support.hierarchical.NodeTestTask$$Lambda$177/231977479.execute(Unknown Source)
	at org.junit.platform.engine.support.hierarchical.ThrowableCollector.execute(ThrowableCollector.java:73)
	at org.junit.platform.engine.support.hierarchical.NodeTestTask.executeRecursively(NodeTestTask.java:122)
	at org.junit.platform.engine.support.hierarchical.NodeTestTask.execute(NodeTestTask.java:80)
	at org.junit.platform.engine.support.hierarchical.SameThreadHierarchicalTestExecutorService$$Lambda$183/1381713434.accept(Unknown Source)
	at java.util.ArrayList.forEach(ArrayList.java:1249)
	at org.junit.platform.engine.support.hierarchical.SameThreadHierarchicalTestExecutorService.invokeAll(SameThreadHierarchicalTestExecutorService.java:38)
	at org.junit.platform.engine.support.hierarchical.NodeTestTask.lambda$executeRecursively$5(NodeTestTask.java:139)
	at org.junit.platform.engine.support.hierarchical.NodeTestTask$$Lambda$179/195615004.execute(Unknown Source)
	at org.junit.platform.engine.support.hierarchical.ThrowableCollector.execute(ThrowableCollector.java:73)
	at org.junit.platform.engine.support.hierarchical.NodeTestTask.lambda$executeRecursively$7(NodeTestTask.java:125)
	at org.junit.platform.engine.support.hierarchical.NodeTestTask$$Lambda$178/1890627974.invoke(Unknown Source)
	at org.junit.platform.engine.support.hierarchical.Node.around(Node.java:135)
	at org.junit.platform.engine.support.hierarchical.NodeTestTask.lambda$executeRecursively$8(NodeTestTask.java:123)
	at org.junit.platform.engine.support.hierarchical.NodeTestTask$$Lambda$177/231977479.execute(Unknown Source)
	at org.junit.platform.engine.support.hierarchical.ThrowableCollector.execute(ThrowableCollector.java:73)
	at org.junit.platform.engine.support.hierarchical.NodeTestTask.executeRecursively(NodeTestTask.java:122)
	at org.junit.platform.engine.support.hierarchical.NodeTestTask.execute(NodeTestTask.java:80)
	at org.junit.platform.engine.support.hierarchical.SameThreadHierarchicalTestExecutorService.submit(SameThreadHierarchicalTestExecutorService.java:32)
	at org.junit.platform.engine.support.hierarchical.HierarchicalTestExecutor.execute(HierarchicalTestExecutor.java:57)
	at org.junit.platform.engine.support.hierarchical.HierarchicalTestEngine.execute(HierarchicalTestEngine.java:51)
	at org.junit.platform.launcher.core.DefaultLauncher.execute(DefaultLauncher.java:248)
	at org.junit.platform.launcher.core.DefaultLauncher.lambda$execute$5(DefaultLauncher.java:211)
	at org.junit.platform.launcher.core.DefaultLauncher$$Lambda$143/233996206.accept(Unknown Source)
	at org.junit.platform.launcher.core.DefaultLauncher.withInterceptedStreams(DefaultLauncher.java:226)
	at org.junit.platform.launcher.core.DefaultLauncher.execute(DefaultLauncher.java:199)
	at org.junit.platform.launcher.core.DefaultLauncher.execute(DefaultLauncher.java:132)
	at org.apache.maven.surefire.junitplatform.JUnitPlatformProvider.invokeAllTests(JUnitPlatformProvider.java:142)
	at org.apache.maven.surefire.junitplatform.JUnitPlatformProvider.invoke(JUnitPlatformProvider.java:113)
	at org.apache.maven.surefire.booter.ForkedBooter.invokeProviderInSameClassLoader(ForkedBooter.java:384)
	at org.apache.maven.surefire.booter.ForkedBooter.runSuitesInProcess(ForkedBooter.java:345)
	at org.apache.maven.surefire.booter.ForkedBooter.execute(ForkedBooter.java:126)
	at org.apache.maven.surefire.booter.ForkedBooter.main(ForkedBooter.java:418)
2021-11-08 11:16:48,207 [myid:] - INFO  [main:FourLetterWordMain@94] - connecting to 127.0.0.1 30149
2021-11-08 11:16:48,208 [myid:1] - WARN  [nioEventLoopGroup-67-12:NettyServerCnxnFactory$CnxnChannelHandler@231] - Zookeeper server is not running, close the connection before starting the TLS handshake
2021-11-08 11:16:48,471 [myid:] - INFO  [main:FourLetterWordMain@94] - connecting to 127.0.0.1 30149
2021-11-08 11:16:48,471 [myid:1] - WARN  [nioEventLoopGroup-67-1:NettyServerCnxnFactory$CnxnChannelHandler@231] - Zookeeper server is not running, close the connection before starting the TLS handshake
2021-11-08 11:16:48,535 [myid:2] - INFO  [QuorumPeer[myid=2](plain=[0:0:0:0:0:0:0:0]:30150)(secure=disabled):FastLeaderElection@984] - Notification time out: 25600
2021-11-08 11:16:48,535 [myid:1] - INFO  [QuorumPeer[myid=1](plain=[0:0:0:0:0:0:0:0]:30149)(secure=disabled):FastLeaderElection@984] - Notification time out: 25600
2021-11-08 11:16:48,736 [myid:] - INFO  [main:FourLetterWordMain@94] - connecting to 127.0.0.1 30149
2021-11-08 11:16:48,738 [myid:1] - WARN  [nioEventLoopGroup-67-2:NettyServerCnxnFactory$CnxnChannelHandler@231] - Zookeeper server is not running, close the connection before starting the TLS handshake
2021-11-08 11:16:49,001 [myid:] - INFO  [main:FourLetterWordMain@94] - connecting to 127.0.0.1 30149
2021-11-08 11:16:49,001 [myid:1] - WARN  [nioEventLoopGroup-67-3:NettyServerCnxnFactory$CnxnChannelHandler@231] - Zookeeper server is not running, close the connection before starting the TLS handshake
2021-11-08 11:16:49,265 [myid:] - INFO  [main:FourLetterWordMain@94] - connecting to 127.0.0.1 30149
2021-11-08 11:16:49,265 [myid:1] - WARN  [nioEventLoopGroup-67-4:NettyServerCnxnFactory$CnxnChannelHandler@231] - Zookeeper server is not running, close the connection before starting the TLS handshake
2021-11-08 11:16:49,526 [myid:] - INFO  [main:FourLetterWordMain@94] - connecting to 127.0.0.1 30149
2021-11-08 11:16:49,526 [myid:1] - WARN  [nioEventLoopGroup-67-5:NettyServerCnxnFactory$CnxnChannelHandler@231] - Zookeeper server is not running, close the connection before starting the TLS handshake
2021-11-08 11:16:49,790 [myid:] - INFO  [main:FourLetterWordMain@94] - connecting to 127.0.0.1 30149
2021-11-08 11:16:49,790 [myid:1] - WARN  [nioEventLoopGroup-67-6:NettyServerCnxnFactory$CnxnChannelHandler@231] - Zookeeper server is not running, close the connection before starting the TLS handshake
2021-11-08 11:16:50,056 [myid:] - INFO  [main:FourLetterWordMain@94] - connecting to 127.0.0.1 30149
2021-11-08 11:16:50,056 [myid:1] - WARN  [nioEventLoopGroup-67-7:NettyServerCnxnFactory$CnxnChannelHandler@231] - Zookeeper server is not running, close the connection before starting the TLS handshake
2021-11-08 11:16:50,321 [myid:] - INFO  [main:FourLetterWordMain@94] - connecting to 127.0.0.1 30149
2021-11-08 11:16:50,321 [myid:1] - WARN  [nioEventLoopGroup-67-8:NettyServerCnxnFactory$CnxnChannelHandler@231] - Zookeeper server is not running, close the connection before starting the TLS handshake
2021-11-08 11:16:50,587 [myid:] - INFO  [main:FourLetterWordMain@94] - connecting to 127.0.0.1 30149
2021-11-08 11:16:50,587 [myid:1] - WARN  [nioEventLoopGroup-67-9:NettyServerCnxnFactory$CnxnChannelHandler@231] - Zookeeper server is not running, close the connection before starting the TLS handshake
2021-11-08 11:16:50,853 [myid:] - INFO  [main:FourLetterWordMain@94] - connecting to 127.0.0.1 30149
2021-11-08 11:16:50,853 [myid:1] - WARN  [nioEventLoopGroup-67-10:NettyServerCnxnFactory$CnxnChannelHandler@231] - Zookeeper server is not running, close the connection before starting the TLS handshake
2021-11-08 11:16:51,105 [myid:] - INFO  [main:FourLetterWordMain@94] - connecting to 127.0.0.1 30149
2021-11-08 11:16:51,106 [myid:1] - WARN  [nioEventLoopGroup-67-11:NettyServerCnxnFactory$CnxnChannelHandler@231] - Zookeeper server is not running, close the connection before starting the TLS handshake
2021-11-08 11:16:51,371 [myid:] - INFO  [main:FourLetterWordMain@94] - connecting to 127.0.0.1 30149
2021-11-08 11:16:51,372 [myid:1] - WARN  [nioEventLoopGroup-67-12:NettyServerCnxnFactory$CnxnChannelHandler@231] - Zookeeper server is not running, close the connection before starting the TLS handshake
2021-11-08 11:16:51,624 [myid:] - INFO  [main:FourLetterWordMain@94] - connecting to 127.0.0.1 30149
2021-11-08 11:16:51,624 [myid:1] - WARN  [nioEventLoopGroup-67-1:NettyServerCnxnFactory$CnxnChannelHandler@231] - Zookeeper server is not running, close the connection before starting the TLS handshake
2021-11-08 11:16:51,886 [myid:] - INFO  [main:FourLetterWordMain@94] - connecting to 127.0.0.1 30149
2021-11-08 11:16:51,886 [myid:1] - WARN  [nioEventLoopGroup-67-2:NettyServerCnxnFactory$CnxnChannelHandler@231] - Zookeeper server is not running, close the connection before starting the TLS handshake
2021-11-08 11:16:51,902 [myid:] - INFO  [main:ClientBase@267] - server 127.0.0.1:30149 not up
java.net.SocketException: Software caused connection abort: recv failed
	at java.net.SocketInputStream.socketRead0(Native Method)
	at java.net.SocketInputStream.read(SocketInputStream.java:150)
	at java.net.SocketInputStream.read(SocketInputStream.java:121)
	at sun.nio.cs.StreamDecoder.readBytes(StreamDecoder.java:284)
	at sun.nio.cs.StreamDecoder.implRead(StreamDecoder.java:326)
	at sun.nio.cs.StreamDecoder.read(StreamDecoder.java:178)
	at java.io.InputStreamReader.read(InputStreamReader.java:184)
	at java.io.BufferedReader.fill(BufferedReader.java:161)
	at java.io.BufferedReader.readLine(BufferedReader.java:324)
	at java.io.BufferedReader.readLine(BufferedReader.java:389)
	at org.apache.zookeeper.client.FourLetterWordMain.send4LetterWord(FourLetterWordMain.java:129)
	at org.apache.zookeeper.client.FourLetterWordMain.send4LetterWord(FourLetterWordMain.java:74)
	at org.apache.zookeeper.test.ClientBase.waitForServerUp(ClientBase.java:258)
	at org.apache.zookeeper.test.ClientBase.waitForServerUp(ClientBase.java:249)
	at org.apache.zookeeper.server.quorum.QuorumSSLTest.testHostnameVerification(QuorumSSLTest.java:671)
	at org.apache.zookeeper.server.quorum.QuorumSSLTest.testHostnameVerificationWithInvalidIpAddressAndValidHostname(QuorumSSLTest.java:637)
	at sun.reflect.NativeMethodAccessorImpl.invoke0(Native Method)
	at sun.reflect.NativeMethodAccessorImpl.invoke(NativeMethodAccessorImpl.java:62)
	at sun.reflect.DelegatingMethodAccessorImpl.invoke(DelegatingMethodAccessorImpl.java:43)
	at java.lang.reflect.Method.invoke(Method.java:483)
	at org.junit.platform.commons.util.ReflectionUtils.invokeMethod(ReflectionUtils.java:686)
	at org.junit.jupiter.engine.execution.MethodInvocation.proceed(MethodInvocation.java:60)
	at org.junit.jupiter.engine.execution.InvocationInterceptorChain$ValidatingInvocation.proceed(InvocationInterceptorChain.java:131)
	at org.junit.jupiter.engine.extension.TimeoutInvocation.proceed(TimeoutInvocation.java:46)
	at org.junit.jupiter.engine.extension.TimeoutExtension.intercept(TimeoutExtension.java:149)
	at org.junit.jupiter.engine.extension.TimeoutExtension.interceptTestableMethod(TimeoutExtension.java:140)
	at org.junit.jupiter.engine.extension.TimeoutExtension.interceptTestMethod(TimeoutExtension.java:84)
	at org.junit.jupiter.engine.descriptor.TestMethodTestDescriptor$$Lambda$111/1780132728.apply(Unknown Source)
	at org.junit.jupiter.engine.execution.ExecutableInvoker$ReflectiveInterceptorCall.lambda$ofVoidMethod$0(ExecutableInvoker.java:115)
	at org.junit.jupiter.engine.execution.ExecutableInvoker$ReflectiveInterceptorCall$$Lambda$112/1725017993.apply(Unknown Source)
	at org.junit.jupiter.engine.execution.ExecutableInvoker.lambda$invoke$0(ExecutableInvoker.java:105)
	at org.junit.jupiter.engine.execution.ExecutableInvoker$$Lambda$234/64133603.apply(Unknown Source)
	at org.junit.jupiter.engine.execution.InvocationInterceptorChain$InterceptedInvocation.proceed(InvocationInterceptorChain.java:106)
	at org.junit.jupiter.engine.execution.InvocationInterceptorChain.proceed(InvocationInterceptorChain.java:64)
	at org.junit.jupiter.engine.execution.InvocationInterceptorChain.chainAndInvoke(InvocationInterceptorChain.java:45)
	at org.junit.jupiter.engine.execution.InvocationInterceptorChain.invoke(InvocationInterceptorChain.java:37)
	at org.junit.jupiter.engine.execution.ExecutableInvoker.invoke(ExecutableInvoker.java:104)
	at org.junit.jupiter.engine.execution.ExecutableInvoker.invoke(ExecutableInvoker.java:98)
	at org.junit.jupiter.engine.descriptor.TestMethodTestDescriptor.lambda$invokeTestMethod$6(TestMethodTestDescriptor.java:212)
	at org.junit.jupiter.engine.descriptor.TestMethodTestDescriptor$$Lambda$271/224100622.execute(Unknown Source)
	at org.junit.platform.engine.support.hierarchical.ThrowableCollector.execute(ThrowableCollector.java:73)
	at org.junit.jupiter.engine.descriptor.TestMethodTestDescriptor.invokeTestMethod(TestMethodTestDescriptor.java:208)
	at org.junit.jupiter.engine.descriptor.TestMethodTestDescriptor.execute(TestMethodTestDescriptor.java:137)
	at org.junit.jupiter.engine.descriptor.TestMethodTestDescriptor.execute(TestMethodTestDescriptor.java:71)
	at org.junit.platform.engine.support.hierarchical.NodeTestTask.lambda$executeRecursively$5(NodeTestTask.java:135)
	at org.junit.platform.engine.support.hierarchical.NodeTestTask$$Lambda$179/195615004.execute(Unknown Source)
	at org.junit.platform.engine.support.hierarchical.ThrowableCollector.execute(ThrowableCollector.java:73)
	at org.junit.platform.engine.support.hierarchical.NodeTestTask.lambda$executeRecursively$7(NodeTestTask.java:125)
	at org.junit.platform.engine.support.hierarchical.NodeTestTask$$Lambda$178/1890627974.invoke(Unknown Source)
	at org.junit.platform.engine.support.hierarchical.Node.around(Node.java:135)
	at org.junit.platform.engine.support.hierarchical.NodeTestTask.lambda$executeRecursively$8(NodeTestTask.java:123)
	at org.junit.platform.engine.support.hierarchical.NodeTestTask$$Lambda$177/231977479.execute(Unknown Source)
	at org.junit.platform.engine.support.hierarchical.ThrowableCollector.execute(ThrowableCollector.java:73)
	at org.junit.platform.engine.support.hierarchical.NodeTestTask.executeRecursively(NodeTestTask.java:122)
	at org.junit.platform.engine.support.hierarchical.NodeTestTask.execute(NodeTestTask.java:80)
	at org.junit.platform.engine.support.hierarchical.SameThreadHierarchicalTestExecutorService$$Lambda$183/1381713434.accept(Unknown Source)
	at java.util.ArrayList.forEach(ArrayList.java:1249)
	at org.junit.platform.engine.support.hierarchical.SameThreadHierarchicalTestExecutorService.invokeAll(SameThreadHierarchicalTestExecutorService.java:38)
	at org.junit.platform.engine.support.hierarchical.NodeTestTask.lambda$executeRecursively$5(NodeTestTask.java:139)
	at org.junit.platform.engine.support.hierarchical.NodeTestTask$$Lambda$179/195615004.execute(Unknown Source)
	at org.junit.platform.engine.support.hierarchical.ThrowableCollector.execute(ThrowableCollector.java:73)
	at org.junit.platform.engine.support.hierarchical.NodeTestTask.lambda$executeRecursively$7(NodeTestTask.java:125)
	at org.junit.platform.engine.support.hierarchical.NodeTestTask$$Lambda$178/1890627974.invoke(Unknown Source)
	at org.junit.platform.engine.support.hierarchical.Node.around(Node.java:135)
	at org.junit.platform.engine.support.hierarchical.NodeTestTask.lambda$executeRecursively$8(NodeTestTask.java:123)
	at org.junit.platform.engine.support.hierarchical.NodeTestTask$$Lambda$177/231977479.execute(Unknown Source)
	at org.junit.platform.engine.support.hierarchical.ThrowableCollector.execute(ThrowableCollector.java:73)
	at org.junit.platform.engine.support.hierarchical.NodeTestTask.executeRecursively(NodeTestTask.java:122)
	at org.junit.platform.engine.support.hierarchical.NodeTestTask.execute(NodeTestTask.java:80)
	at org.junit.platform.engine.support.hierarchical.SameThreadHierarchicalTestExecutorService$$Lambda$183/1381713434.accept(Unknown Source)
	at java.util.ArrayList.forEach(ArrayList.java:1249)
	at org.junit.platform.engine.support.hierarchical.SameThreadHierarchicalTestExecutorService.invokeAll(SameThreadHierarchicalTestExecutorService.java:38)
	at org.junit.platform.engine.support.hierarchical.NodeTestTask.lambda$executeRecursively$5(NodeTestTask.java:139)
	at org.junit.platform.engine.support.hierarchical.NodeTestTask$$Lambda$179/195615004.execute(Unknown Source)
	at org.junit.platform.engine.support.hierarchical.ThrowableCollector.execute(ThrowableCollector.java:73)
	at org.junit.platform.engine.support.hierarchical.NodeTestTask.lambda$executeRecursively$7(NodeTestTask.java:125)
	at org.junit.platform.engine.support.hierarchical.NodeTestTask$$Lambda$178/1890627974.invoke(Unknown Source)
	at org.junit.platform.engine.support.hierarchical.Node.around(Node.java:135)
	at org.junit.platform.engine.support.hierarchical.NodeTestTask.lambda$executeRecursively$8(NodeTestTask.java:123)
	at org.junit.platform.engine.support.hierarchical.NodeTestTask$$Lambda$177/231977479.execute(Unknown Source)
	at org.junit.platform.engine.support.hierarchical.ThrowableCollector.execute(ThrowableCollector.java:73)
	at org.junit.platform.engine.support.hierarchical.NodeTestTask.executeRecursively(NodeTestTask.java:122)
	at org.junit.platform.engine.support.hierarchical.NodeTestTask.execute(NodeTestTask.java:80)
	at org.junit.platform.engine.support.hierarchical.SameThreadHierarchicalTestExecutorService.submit(SameThreadHierarchicalTestExecutorService.java:32)
	at org.junit.platform.engine.support.hierarchical.HierarchicalTestExecutor.execute(HierarchicalTestExecutor.java:57)
	at org.junit.platform.engine.support.hierarchical.HierarchicalTestEngine.execute(HierarchicalTestEngine.java:51)
	at org.junit.platform.launcher.core.DefaultLauncher.execute(DefaultLauncher.java:248)
	at org.junit.platform.launcher.core.DefaultLauncher.lambda$execute$5(DefaultLauncher.java:211)
	at org.junit.platform.launcher.core.DefaultLauncher$$Lambda$143/233996206.accept(Unknown Source)
	at org.junit.platform.launcher.core.DefaultLauncher.withInterceptedStreams(DefaultLauncher.java:226)
	at org.junit.platform.launcher.core.DefaultLauncher.execute(DefaultLauncher.java:199)
	at org.junit.platform.launcher.core.DefaultLauncher.execute(DefaultLauncher.java:132)
	at org.apache.maven.surefire.junitplatform.JUnitPlatformProvider.invokeAllTests(JUnitPlatformProvider.java:142)
	at org.apache.maven.surefire.junitplatform.JUnitPlatformProvider.invoke(JUnitPlatformProvider.java:113)
	at org.apache.maven.surefire.booter.ForkedBooter.invokeProviderInSameClassLoader(ForkedBooter.java:384)
	at org.apache.maven.surefire.booter.ForkedBooter.runSuitesInProcess(ForkedBooter.java:345)
	at org.apache.maven.surefire.booter.ForkedBooter.execute(ForkedBooter.java:126)
	at org.apache.maven.surefire.booter.ForkedBooter.main(ForkedBooter.java:418)
2021-11-08 11:16:52,167 [myid:] - INFO  [main:FourLetterWordMain@94] - connecting to 127.0.0.1 30149
2021-11-08 11:16:52,167 [myid:1] - WARN  [nioEventLoopGroup-67-3:NettyServerCnxnFactory$CnxnChannelHandler@231] - Zookeeper server is not running, close the connection before starting the TLS handshake
2021-11-08 11:16:52,433 [myid:] - INFO  [main:FourLetterWordMain@94] - connecting to 127.0.0.1 30149
2021-11-08 11:16:52,433 [myid:1] - WARN  [nioEventLoopGroup-67-4:NettyServerCnxnFactory$CnxnChannelHandler@231] - Zookeeper server is not running, close the connection before starting the TLS handshake
2021-11-08 11:16:52,699 [myid:] - INFO  [main:FourLetterWordMain@94] - connecting to 127.0.0.1 30149
2021-11-08 11:16:52,699 [myid:1] - WARN  [nioEventLoopGroup-67-5:NettyServerCnxnFactory$CnxnChannelHandler@231] - Zookeeper server is not running, close the connection before starting the TLS handshake
2021-11-08 11:16:52,700 [myid:] - INFO  [main:QuorumBase@422] - Shutting down quorum peer QuorumPeer[myid=1](plain=[0:0:0:0:0:0:0:0]:30149)(secure=disabled)
2021-11-08 11:16:52,700 [myid:] - INFO  [main:NettyServerCnxnFactory@647] - shutdown called /0:0:0:0:0:0:0:0:30149
2021-11-08 11:16:52,701 [myid:1] - INFO  [QuorumPeerListener:QuorumCnxManager$Listener@980] - Leaving listener
2021-11-08 11:16:52,701 [myid:1] - WARN  [QuorumPeer[myid=1](plain=[0:0:0:0:0:0:0:0]:30149)(secure=disabled):QuorumPeer@1486] - Unexpected exception
java.lang.InterruptedException
	at java.util.concurrent.locks.AbstractQueuedSynchronizer$ConditionObject.reportInterruptAfterWait(AbstractQueuedSynchronizer.java:2014)
	at java.util.concurrent.locks.AbstractQueuedSynchronizer$ConditionObject.awaitNanos(AbstractQueuedSynchronizer.java:2088)
	at java.util.concurrent.LinkedBlockingQueue.poll(LinkedBlockingQueue.java:467)
	at org.apache.zookeeper.server.quorum.FastLeaderElection.lookForLeader(FastLeaderElection.java:966)
	at org.apache.zookeeper.server.quorum.QuorumPeer.run(QuorumPeer.java:1484)
2021-11-08 11:16:52,702 [myid:] - INFO  [main:QuorumBase@426] - Shutting down leader election QuorumPeer[myid=1](plain=[0:0:0:0:0:0:0:0]:30149)(secure=disabled)
2021-11-08 11:16:52,702 [myid:1] - INFO  [QuorumPeer[myid=1](plain=[0:0:0:0:0:0:0:0]:30149)(secure=disabled):QuorumPeer@915] - Peer state changed: looking
2021-11-08 11:16:52,703 [myid:1] - WARN  [QuorumPeer[myid=1](plain=[0:0:0:0:0:0:0:0]:30149)(secure=disabled):QuorumPeer@1545] - QuorumPeer main thread exited
2021-11-08 11:16:52,703 [myid:] - INFO  [main:QuorumBase@431] - Waiting for QuorumPeer[myid=1](plain=[0:0:0:0:0:0:0:0]:30149)(secure=disabled) to exit thread
2021-11-08 11:16:52,703 [myid:] - INFO  [main:QuorumBase@422] - Shutting down quorum peer QuorumPeer[myid=2](plain=[0:0:0:0:0:0:0:0]:30150)(secure=disabled)
2021-11-08 11:16:52,703 [myid:] - INFO  [main:NettyServerCnxnFactory@647] - shutdown called /0:0:0:0:0:0:0:0:30150
2021-11-08 11:16:52,703 [myid:2] - WARN  [QuorumPeer[myid=2](plain=[0:0:0:0:0:0:0:0]:30150)(secure=disabled):QuorumPeer@1486] - Unexpected exception
java.lang.InterruptedException
	at java.util.concurrent.locks.AbstractQueuedSynchronizer$ConditionObject.reportInterruptAfterWait(AbstractQueuedSynchronizer.java:2014)
	at java.util.concurrent.locks.AbstractQueuedSynchronizer$ConditionObject.awaitNanos(AbstractQueuedSynchronizer.java:2088)
	at java.util.concurrent.LinkedBlockingQueue.poll(LinkedBlockingQueue.java:467)
	at org.apache.zookeeper.server.quorum.FastLeaderElection.lookForLeader(FastLeaderElection.java:966)
	at org.apache.zookeeper.server.quorum.QuorumPeer.run(QuorumPeer.java:1484)
2021-11-08 11:16:52,704 [myid:2] - INFO  [QuorumPeerListener:QuorumCnxManager$Listener@980] - Leaving listener
2021-11-08 11:16:52,704 [myid:2] - INFO  [QuorumPeer[myid=2](plain=[0:0:0:0:0:0:0:0]:30150)(secure=disabled):QuorumPeer@915] - Peer state changed: looking
2021-11-08 11:16:52,704 [myid:] - INFO  [main:QuorumBase@426] - Shutting down leader election QuorumPeer[myid=2](plain=[0:0:0:0:0:0:0:0]:30150)(secure=disabled)
2021-11-08 11:16:52,704 [myid:2] - WARN  [QuorumPeer[myid=2](plain=[0:0:0:0:0:0:0:0]:30150)(secure=disabled):QuorumPeer@1545] - QuorumPeer main thread exited
2021-11-08 11:16:52,704 [myid:] - INFO  [main:QuorumBase@431] - Waiting for QuorumPeer[myid=2](plain=[0:0:0:0:0:0:0:0]:30150)(secure=disabled) to exit thread
2021-11-08 11:16:52,704 [myid:] - INFO  [main:QuorumPeerTestBase@64] - No servers to shutdown!
2021-11-08 11:16:52,704 [myid:] - INFO  [main:ZKTestCase@82] - FINISHED Optional[public void org.apache.zookeeper.server.quorum.QuorumSSLTest.testHostnameVerificationWithInvalidIpAddressAndValidHostname() throws java.lang.Exception]
]]></system-out>
    <system-err><![CDATA[Exception in thread "QuorumConnectionThread-[myid=2]-1" java.lang.IllegalArgumentException: Cannot support TLS_ECDHE_ECDSA_WITH_AES_256_CBC_SHA384 with currently installed providers
	at sun.security.ssl.CipherSuiteList.<init>(CipherSuiteList.java:92)
	at sun.security.ssl.SSLSocketImpl.setEnabledCipherSuites(SSLSocketImpl.java:2419)
	at javax.net.ssl.SSLSocket.setSSLParameters(SSLSocket.java:650)
	at sun.security.ssl.SSLSocketImpl.setSSLParameters(SSLSocketImpl.java:2544)
	at org.apache.zookeeper.common.SSLContextAndOptions.configureSSLSocket(SSLContextAndOptions.java:125)
	at org.apache.zookeeper.common.SSLContextAndOptions.createSSLSocket(SSLContextAndOptions.java:80)
	at org.apache.zookeeper.common.X509Util.createSSLSocket(X509Util.java:517)
	at org.apache.zookeeper.server.quorum.QuorumCnxManager.initiateConnection(QuorumCnxManager.java:379)
	at org.apache.zookeeper.server.quorum.QuorumCnxManager$QuorumConnectionReqThread.run(QuorumCnxManager.java:458)
	at java.util.concurrent.ThreadPoolExecutor.runWorker(ThreadPoolExecutor.java:1142)
	at java.util.concurrent.ThreadPoolExecutor$Worker.run(ThreadPoolExecutor.java:617)
	at java.lang.Thread.run(Thread.java:745)
Exception in thread "QuorumConnectionThread-[myid=2]-2" java.lang.IllegalArgumentException: Cannot support TLS_ECDHE_ECDSA_WITH_AES_256_CBC_SHA384 with currently installed providers
	at sun.security.ssl.CipherSuiteList.<init>(CipherSuiteList.java:92)
	at sun.security.ssl.SSLSocketImpl.setEnabledCipherSuites(SSLSocketImpl.java:2419)
	at javax.net.ssl.SSLSocket.setSSLParameters(SSLSocket.java:650)
	at sun.security.ssl.SSLSocketImpl.setSSLParameters(SSLSocketImpl.java:2544)
	at org.apache.zookeeper.common.SSLContextAndOptions.configureSSLSocket(SSLContextAndOptions.java:125)
	at org.apache.zookeeper.common.SSLContextAndOptions.createSSLSocket(SSLContextAndOptions.java:80)
	at org.apache.zookeeper.common.X509Util.createSSLSocket(X509Util.java:517)
	at org.apache.zookeeper.server.quorum.QuorumCnxManager.initiateConnection(QuorumCnxManager.java:379)
	at org.apache.zookeeper.server.quorum.QuorumCnxManager$QuorumConnectionReqThread.run(QuorumCnxManager.java:458)
	at java.util.concurrent.ThreadPoolExecutor.runWorker(ThreadPoolExecutor.java:1142)
	at java.util.concurrent.ThreadPoolExecutor$Worker.run(ThreadPoolExecutor.java:617)
	at java.lang.Thread.run(Thread.java:745)
Exception in thread "QuorumConnectionThread-[myid=1]-1" java.lang.IllegalArgumentException: Cannot support TLS_ECDHE_ECDSA_WITH_AES_256_CBC_SHA384 with currently installed providers
	at sun.security.ssl.CipherSuiteList.<init>(CipherSuiteList.java:92)
	at sun.security.ssl.SSLSocketImpl.setEnabledCipherSuites(SSLSocketImpl.java:2419)
	at javax.net.ssl.SSLSocket.setSSLParameters(SSLSocket.java:650)
	at sun.security.ssl.SSLSocketImpl.setSSLParameters(SSLSocketImpl.java:2544)
	at org.apache.zookeeper.common.SSLContextAndOptions.configureSSLSocket(SSLContextAndOptions.java:125)
	at org.apache.zookeeper.common.SSLContextAndOptions.createSSLSocket(SSLContextAndOptions.java:80)
	at org.apache.zookeeper.common.X509Util.createSSLSocket(X509Util.java:517)
	at org.apache.zookeeper.server.quorum.QuorumCnxManager.initiateConnection(QuorumCnxManager.java:379)
	at org.apache.zookeeper.server.quorum.QuorumCnxManager$QuorumConnectionReqThread.run(QuorumCnxManager.java:458)
	at java.util.concurrent.ThreadPoolExecutor.runWorker(ThreadPoolExecutor.java:1142)
	at java.util.concurrent.ThreadPoolExecutor$Worker.run(ThreadPoolExecutor.java:617)
	at java.lang.Thread.run(Thread.java:745)
Exception in thread "QuorumConnectionThread-[myid=1]-2" java.lang.IllegalArgumentException: Cannot support TLS_ECDHE_ECDSA_WITH_AES_256_CBC_SHA384 with currently installed providers
	at sun.security.ssl.CipherSuiteList.<init>(CipherSuiteList.java:92)
	at sun.security.ssl.SSLSocketImpl.setEnabledCipherSuites(SSLSocketImpl.java:2419)
	at javax.net.ssl.SSLSocket.setSSLParameters(SSLSocket.java:650)
	at sun.security.ssl.SSLSocketImpl.setSSLParameters(SSLSocketImpl.java:2544)
	at org.apache.zookeeper.common.SSLContextAndOptions.configureSSLSocket(SSLContextAndOptions.java:125)
	at org.apache.zookeeper.common.SSLContextAndOptions.createSSLSocket(SSLContextAndOptions.java:80)
	at org.apache.zookeeper.common.X509Util.createSSLSocket(X509Util.java:517)
	at org.apache.zookeeper.server.quorum.QuorumCnxManager.initiateConnection(QuorumCnxManager.java:379)
	at org.apache.zookeeper.server.quorum.QuorumCnxManager$QuorumConnectionReqThread.run(QuorumCnxManager.java:458)
	at java.util.concurrent.ThreadPoolExecutor.runWorker(ThreadPoolExecutor.java:1142)
	at java.util.concurrent.ThreadPoolExecutor$Worker.run(ThreadPoolExecutor.java:617)
	at java.lang.Thread.run(Thread.java:745)
Exception in thread "QuorumConnectionThread-[myid=2]-4" java.lang.IllegalArgumentException: Cannot support TLS_ECDHE_ECDSA_WITH_AES_256_CBC_SHA384 with currently installed providers
	at sun.security.ssl.CipherSuiteList.<init>(CipherSuiteList.java:92)
	at sun.security.ssl.SSLSocketImpl.setEnabledCipherSuites(SSLSocketImpl.java:2419)
	at javax.net.ssl.SSLSocket.setSSLParameters(SSLSocket.java:650)
	at sun.security.ssl.SSLSocketImpl.setSSLParameters(SSLSocketImpl.java:2544)
	at org.apache.zookeeper.common.SSLContextAndOptions.configureSSLSocket(SSLContextAndOptions.java:125)
	at org.apache.zookeeper.common.SSLContextAndOptions.createSSLSocket(SSLContextAndOptions.java:80)
	at org.apache.zookeeper.common.X509Util.createSSLSocket(X509Util.java:517)
	at org.apache.zookeeper.server.quorum.QuorumCnxManager.initiateConnection(QuorumCnxManager.java:379)
	at org.apache.zookeeper.server.quorum.QuorumCnxManager$QuorumConnectionReqThread.run(QuorumCnxManager.java:458)
	at java.util.concurrent.ThreadPoolExecutor.runWorker(ThreadPoolExecutor.java:1142)
	at java.util.concurrent.ThreadPoolExecutor$Worker.run(ThreadPoolExecutor.java:617)
	at java.lang.Thread.run(Thread.java:745)
Exception in thread "QuorumConnectionThread-[myid=1]-4" java.lang.IllegalArgumentException: Cannot support TLS_ECDHE_ECDSA_WITH_AES_256_CBC_SHA384 with currently installed providers
	at sun.security.ssl.CipherSuiteList.<init>(CipherSuiteList.java:92)
	at sun.security.ssl.SSLSocketImpl.setEnabledCipherSuites(SSLSocketImpl.java:2419)
	at javax.net.ssl.SSLSocket.setSSLParameters(SSLSocket.java:650)
	at sun.security.ssl.SSLSocketImpl.setSSLParameters(SSLSocketImpl.java:2544)
	at org.apache.zookeeper.common.SSLContextAndOptions.configureSSLSocket(SSLContextAndOptions.java:125)
	at org.apache.zookeeper.common.SSLContextAndOptions.createSSLSocket(SSLContextAndOptions.java:80)
	at org.apache.zookeeper.common.X509Util.createSSLSocket(X509Util.java:517)
	at org.apache.zookeeper.server.quorum.QuorumCnxManager.initiateConnection(QuorumCnxManager.java:379)
	at org.apache.zookeeper.server.quorum.QuorumCnxManager$QuorumConnectionReqThread.run(QuorumCnxManager.java:458)
	at java.util.concurrent.ThreadPoolExecutor.runWorker(ThreadPoolExecutor.java:1142)
	at java.util.concurrent.ThreadPoolExecutor$Worker.run(ThreadPoolExecutor.java:617)
	at java.lang.Thread.run(Thread.java:745)
Exception in thread "QuorumConnectionThread-[myid=2]-5" java.lang.IllegalArgumentException: Cannot support TLS_ECDHE_ECDSA_WITH_AES_256_CBC_SHA384 with currently installed providers
	at sun.security.ssl.CipherSuiteList.<init>(CipherSuiteList.java:92)
	at sun.security.ssl.SSLSocketImpl.setEnabledCipherSuites(SSLSocketImpl.java:2419)
	at javax.net.ssl.SSLSocket.setSSLParameters(SSLSocket.java:650)
	at sun.security.ssl.SSLSocketImpl.setSSLParameters(SSLSocketImpl.java:2544)
	at org.apache.zookeeper.common.SSLContextAndOptions.configureSSLSocket(SSLContextAndOptions.java:125)
	at org.apache.zookeeper.common.SSLContextAndOptions.createSSLSocket(SSLContextAndOptions.java:80)
	at org.apache.zookeeper.common.X509Util.createSSLSocket(X509Util.java:517)
	at org.apache.zookeeper.server.quorum.QuorumCnxManager.initiateConnection(QuorumCnxManager.java:379)
	at org.apache.zookeeper.server.quorum.QuorumCnxManager$QuorumConnectionReqThread.run(QuorumCnxManager.java:458)
	at java.util.concurrent.ThreadPoolExecutor.runWorker(ThreadPoolExecutor.java:1142)
	at java.util.concurrent.ThreadPoolExecutor$Worker.run(ThreadPoolExecutor.java:617)
	at java.lang.Thread.run(Thread.java:745)
Exception in thread "QuorumConnectionThread-[myid=1]-5" java.lang.IllegalArgumentException: Cannot support TLS_ECDHE_ECDSA_WITH_AES_256_CBC_SHA384 with currently installed providers
	at sun.security.ssl.CipherSuiteList.<init>(CipherSuiteList.java:92)
	at sun.security.ssl.SSLSocketImpl.setEnabledCipherSuites(SSLSocketImpl.java:2419)
	at javax.net.ssl.SSLSocket.setSSLParameters(SSLSocket.java:650)
	at sun.security.ssl.SSLSocketImpl.setSSLParameters(SSLSocketImpl.java:2544)
	at org.apache.zookeeper.common.SSLContextAndOptions.configureSSLSocket(SSLContextAndOptions.java:125)
	at org.apache.zookeeper.common.SSLContextAndOptions.createSSLSocket(SSLContextAndOptions.java:80)
	at org.apache.zookeeper.common.X509Util.createSSLSocket(X509Util.java:517)
	at org.apache.zookeeper.server.quorum.QuorumCnxManager.initiateConnection(QuorumCnxManager.java:379)
	at org.apache.zookeeper.server.quorum.QuorumCnxManager$QuorumConnectionReqThread.run(QuorumCnxManager.java:458)
	at java.util.concurrent.ThreadPoolExecutor.runWorker(ThreadPoolExecutor.java:1142)
	at java.util.concurrent.ThreadPoolExecutor$Worker.run(ThreadPoolExecutor.java:617)
	at java.lang.Thread.run(Thread.java:745)
Exception in thread "QuorumConnectionThread-[myid=1]-7" java.lang.IllegalArgumentException: Cannot support TLS_ECDHE_ECDSA_WITH_AES_256_CBC_SHA384 with currently installed providers
	at sun.security.ssl.CipherSuiteList.<init>(CipherSuiteList.java:92)
	at sun.security.ssl.SSLSocketImpl.setEnabledCipherSuites(SSLSocketImpl.java:2419)
	at javax.net.ssl.SSLSocket.setSSLParameters(SSLSocket.java:650)
	at sun.security.ssl.SSLSocketImpl.setSSLParameters(SSLSocketImpl.java:2544)
	at org.apache.zookeeper.common.SSLContextAndOptions.configureSSLSocket(SSLContextAndOptions.java:125)
	at org.apache.zookeeper.common.SSLContextAndOptions.createSSLSocket(SSLContextAndOptions.java:80)
	at org.apache.zookeeper.common.X509Util.createSSLSocket(X509Util.java:517)
	at org.apache.zookeeper.server.quorum.QuorumCnxManager.initiateConnection(QuorumCnxManager.java:379)
	at org.apache.zookeeper.server.quorum.QuorumCnxManager$QuorumConnectionReqThread.run(QuorumCnxManager.java:458)
	at java.util.concurrent.ThreadPoolExecutor.runWorker(ThreadPoolExecutor.java:1142)
	at java.util.concurrent.ThreadPoolExecutor$Worker.run(ThreadPoolExecutor.java:617)
	at java.lang.Thread.run(Thread.java:745)
Exception in thread "QuorumConnectionThread-[myid=2]-7" java.lang.IllegalArgumentException: Cannot support TLS_ECDHE_ECDSA_WITH_AES_256_CBC_SHA384 with currently installed providers
	at sun.security.ssl.CipherSuiteList.<init>(CipherSuiteList.java:92)
	at sun.security.ssl.SSLSocketImpl.setEnabledCipherSuites(SSLSocketImpl.java:2419)
	at javax.net.ssl.SSLSocket.setSSLParameters(SSLSocket.java:650)
	at sun.security.ssl.SSLSocketImpl.setSSLParameters(SSLSocketImpl.java:2544)
	at org.apache.zookeeper.common.SSLContextAndOptions.configureSSLSocket(SSLContextAndOptions.java:125)
	at org.apache.zookeeper.common.SSLContextAndOptions.createSSLSocket(SSLContextAndOptions.java:80)
	at org.apache.zookeeper.common.X509Util.createSSLSocket(X509Util.java:517)
	at org.apache.zookeeper.server.quorum.QuorumCnxManager.initiateConnection(QuorumCnxManager.java:379)
	at org.apache.zookeeper.server.quorum.QuorumCnxManager$QuorumConnectionReqThread.run(QuorumCnxManager.java:458)
	at java.util.concurrent.ThreadPoolExecutor.runWorker(ThreadPoolExecutor.java:1142)
	at java.util.concurrent.ThreadPoolExecutor$Worker.run(ThreadPoolExecutor.java:617)
	at java.lang.Thread.run(Thread.java:745)
Exception in thread "QuorumConnectionThread-[myid=2]-6" java.lang.IllegalArgumentException: Cannot support TLS_ECDHE_ECDSA_WITH_AES_256_CBC_SHA384 with currently installed providers
	at sun.security.ssl.CipherSuiteList.<init>(CipherSuiteList.java:92)
	at sun.security.ssl.SSLSocketImpl.setEnabledCipherSuites(SSLSocketImpl.java:2419)
	at javax.net.ssl.SSLSocket.setSSLParameters(SSLSocket.java:650)
	at sun.security.ssl.SSLSocketImpl.setSSLParameters(SSLSocketImpl.java:2544)
	at org.apache.zookeeper.common.SSLContextAndOptions.configureSSLSocket(SSLContextAndOptions.java:125)
	at org.apache.zookeeper.common.SSLContextAndOptions.createSSLSocket(SSLContextAndOptions.java:80)
	at org.apache.zookeeper.common.X509Util.createSSLSocket(X509Util.java:517)
	at org.apache.zookeeper.server.quorum.QuorumCnxManager.initiateConnection(QuorumCnxManager.java:379)
	at org.apache.zookeeper.server.quorum.QuorumCnxManager$QuorumConnectionReqThread.run(QuorumCnxManager.java:458)
	at java.util.concurrent.ThreadPoolExecutor.runWorker(ThreadPoolExecutor.java:1142)
	at java.util.concurrent.ThreadPoolExecutor$Worker.run(ThreadPoolExecutor.java:617)
	at java.lang.Thread.run(Thread.java:745)
Exception in thread "QuorumConnectionThread-[myid=1]-6" java.lang.IllegalArgumentException: Cannot support TLS_ECDHE_ECDSA_WITH_AES_256_CBC_SHA384 with currently installed providers
	at sun.security.ssl.CipherSuiteList.<init>(CipherSuiteList.java:92)
	at sun.security.ssl.SSLSocketImpl.setEnabledCipherSuites(SSLSocketImpl.java:2419)
	at javax.net.ssl.SSLSocket.setSSLParameters(SSLSocket.java:650)
	at sun.security.ssl.SSLSocketImpl.setSSLParameters(SSLSocketImpl.java:2544)
	at org.apache.zookeeper.common.SSLContextAndOptions.configureSSLSocket(SSLContextAndOptions.java:125)
	at org.apache.zookeeper.common.SSLContextAndOptions.createSSLSocket(SSLContextAndOptions.java:80)
	at org.apache.zookeeper.common.X509Util.createSSLSocket(X509Util.java:517)
	at org.apache.zookeeper.server.quorum.QuorumCnxManager.initiateConnection(QuorumCnxManager.java:379)
	at org.apache.zookeeper.server.quorum.QuorumCnxManager$QuorumConnectionReqThread.run(QuorumCnxManager.java:458)
	at java.util.concurrent.ThreadPoolExecutor.runWorker(ThreadPoolExecutor.java:1142)
	at java.util.concurrent.ThreadPoolExecutor$Worker.run(ThreadPoolExecutor.java:617)
	at java.lang.Thread.run(Thread.java:745)
Exception in thread "QuorumConnectionThread-[myid=1]-8" java.lang.IllegalArgumentException: Cannot support TLS_ECDHE_ECDSA_WITH_AES_256_CBC_SHA384 with currently installed providers
	at sun.security.ssl.CipherSuiteList.<init>(CipherSuiteList.java:92)
	at sun.security.ssl.SSLSocketImpl.setEnabledCipherSuites(SSLSocketImpl.java:2419)
	at javax.net.ssl.SSLSocket.setSSLParameters(SSLSocket.java:650)
	at sun.security.ssl.SSLSocketImpl.setSSLParameters(SSLSocketImpl.java:2544)
	at org.apache.zookeeper.common.SSLContextAndOptions.configureSSLSocket(SSLContextAndOptions.java:125)
	at org.apache.zookeeper.common.SSLContextAndOptions.createSSLSocket(SSLContextAndOptions.java:80)
	at org.apache.zookeeper.common.X509Util.createSSLSocket(X509Util.java:517)
	at org.apache.zookeeper.server.quorum.QuorumCnxManager.initiateConnection(QuorumCnxManager.java:379)
	at org.apache.zookeeper.server.quorum.QuorumCnxManager$QuorumConnectionReqThread.run(QuorumCnxManager.java:458)
	at java.util.concurrent.ThreadPoolExecutor.runWorker(ThreadPoolExecutor.java:1142)
	at java.util.concurrent.ThreadPoolExecutor$Worker.run(ThreadPoolExecutor.java:617)
	at java.lang.Thread.run(Thread.java:745)
Exception in thread "QuorumConnectionThread-[myid=2]-9" java.lang.IllegalArgumentException: Cannot support TLS_ECDHE_ECDSA_WITH_AES_256_CBC_SHA384 with currently installed providers
	at sun.security.ssl.CipherSuiteList.<init>(CipherSuiteList.java:92)
	at sun.security.ssl.SSLSocketImpl.setEnabledCipherSuites(SSLSocketImpl.java:2419)
	at javax.net.ssl.SSLSocket.setSSLParameters(SSLSocket.java:650)
	at sun.security.ssl.SSLSocketImpl.setSSLParameters(SSLSocketImpl.java:2544)
	at org.apache.zookeeper.common.SSLContextAndOptions.configureSSLSocket(SSLContextAndOptions.java:125)
	at org.apache.zookeeper.common.SSLContextAndOptions.createSSLSocket(SSLContextAndOptions.java:80)
	at org.apache.zookeeper.common.X509Util.createSSLSocket(X509Util.java:517)
	at org.apache.zookeeper.server.quorum.QuorumCnxManager.initiateConnection(QuorumCnxManager.java:379)
	at org.apache.zookeeper.server.quorum.QuorumCnxManager$QuorumConnectionReqThread.run(QuorumCnxManager.java:458)
	at java.util.concurrent.ThreadPoolExecutor.runWorker(ThreadPoolExecutor.java:1142)
	at java.util.concurrent.ThreadPoolExecutor$Worker.run(ThreadPoolExecutor.java:617)
	at java.lang.Thread.run(Thread.java:745)
Exception in thread "QuorumConnectionThread-[myid=1]-9" java.lang.IllegalArgumentException: Cannot support TLS_ECDHE_ECDSA_WITH_AES_256_CBC_SHA384 with currently installed providers
	at sun.security.ssl.CipherSuiteList.<init>(CipherSuiteList.java:92)
	at sun.security.ssl.SSLSocketImpl.setEnabledCipherSuites(SSLSocketImpl.java:2419)
	at javax.net.ssl.SSLSocket.setSSLParameters(SSLSocket.java:650)
	at sun.security.ssl.SSLSocketImpl.setSSLParameters(SSLSocketImpl.java:2544)
	at org.apache.zookeeper.common.SSLContextAndOptions.configureSSLSocket(SSLContextAndOptions.java:125)
	at org.apache.zookeeper.common.SSLContextAndOptions.createSSLSocket(SSLContextAndOptions.java:80)
	at org.apache.zookeeper.common.X509Util.createSSLSocket(X509Util.java:517)
	at org.apache.zookeeper.server.quorum.QuorumCnxManager.initiateConnection(QuorumCnxManager.java:379)
	at org.apache.zookeeper.server.quorum.QuorumCnxManager$QuorumConnectionReqThread.run(QuorumCnxManager.java:458)
	at java.util.concurrent.ThreadPoolExecutor.runWorker(ThreadPoolExecutor.java:1142)
	at java.util.concurrent.ThreadPoolExecutor$Worker.run(ThreadPoolExecutor.java:617)
	at java.lang.Thread.run(Thread.java:745)
Exception in thread "QuorumConnectionThread-[myid=2]-8" java.lang.IllegalArgumentException: Cannot support TLS_ECDHE_ECDSA_WITH_AES_256_CBC_SHA384 with currently installed providers
	at sun.security.ssl.CipherSuiteList.<init>(CipherSuiteList.java:92)
	at sun.security.ssl.SSLSocketImpl.setEnabledCipherSuites(SSLSocketImpl.java:2419)
	at javax.net.ssl.SSLSocket.setSSLParameters(SSLSocket.java:650)
	at sun.security.ssl.SSLSocketImpl.setSSLParameters(SSLSocketImpl.java:2544)
	at org.apache.zookeeper.common.SSLContextAndOptions.configureSSLSocket(SSLContextAndOptions.java:125)
	at org.apache.zookeeper.common.SSLContextAndOptions.createSSLSocket(SSLContextAndOptions.java:80)
	at org.apache.zookeeper.common.X509Util.createSSLSocket(X509Util.java:517)
	at org.apache.zookeeper.server.quorum.QuorumCnxManager.initiateConnection(QuorumCnxManager.java:379)
	at org.apache.zookeeper.server.quorum.QuorumCnxManager$QuorumConnectionReqThread.run(QuorumCnxManager.java:458)
	at java.util.concurrent.ThreadPoolExecutor.runWorker(ThreadPoolExecutor.java:1142)
	at java.util.concurrent.ThreadPoolExecutor$Worker.run(ThreadPoolExecutor.java:617)
	at java.lang.Thread.run(Thread.java:745)
Exception in thread "QuorumConnectionThread-[myid=1]-11" java.lang.IllegalArgumentException: Cannot support TLS_ECDHE_ECDSA_WITH_AES_256_CBC_SHA384 with currently installed providers
	at sun.security.ssl.CipherSuiteList.<init>(CipherSuiteList.java:92)
	at sun.security.ssl.SSLSocketImpl.setEnabledCipherSuites(SSLSocketImpl.java:2419)
	at javax.net.ssl.SSLSocket.setSSLParameters(SSLSocket.java:650)
	at sun.security.ssl.SSLSocketImpl.setSSLParameters(SSLSocketImpl.java:2544)
	at org.apache.zookeeper.common.SSLContextAndOptions.configureSSLSocket(SSLContextAndOptions.java:125)
	at org.apache.zookeeper.common.SSLContextAndOptions.createSSLSocket(SSLContextAndOptions.java:80)
	at org.apache.zookeeper.common.X509Util.createSSLSocket(X509Util.java:517)
	at org.apache.zookeeper.server.quorum.QuorumCnxManager.initiateConnection(QuorumCnxManager.java:379)
	at org.apache.zookeeper.server.quorum.QuorumCnxManager$QuorumConnectionReqThread.run(QuorumCnxManager.java:458)
	at java.util.concurrent.ThreadPoolExecutor.runWorker(ThreadPoolExecutor.java:1142)
	at java.util.concurrent.ThreadPoolExecutor$Worker.run(ThreadPoolExecutor.java:617)
	at java.lang.Thread.run(Thread.java:745)
Exception in thread "QuorumConnectionThread-[myid=1]-10" java.lang.IllegalArgumentException: Cannot support TLS_ECDHE_ECDSA_WITH_AES_256_CBC_SHA384 with currently installed providers
	at sun.security.ssl.CipherSuiteList.<init>(CipherSuiteList.java:92)
	at sun.security.ssl.SSLSocketImpl.setEnabledCipherSuites(SSLSocketImpl.java:2419)
	at javax.net.ssl.SSLSocket.setSSLParameters(SSLSocket.java:650)
	at sun.security.ssl.SSLSocketImpl.setSSLParameters(SSLSocketImpl.java:2544)
	at org.apache.zookeeper.common.SSLContextAndOptions.configureSSLSocket(SSLContextAndOptions.java:125)
	at org.apache.zookeeper.common.SSLContextAndOptions.createSSLSocket(SSLContextAndOptions.java:80)
	at org.apache.zookeeper.common.X509Util.createSSLSocket(X509Util.java:517)
	at org.apache.zookeeper.server.quorum.QuorumCnxManager.initiateConnection(QuorumCnxManager.java:379)
	at org.apache.zookeeper.server.quorum.QuorumCnxManager$QuorumConnectionReqThread.run(QuorumCnxManager.java:458)
	at java.util.concurrent.ThreadPoolExecutor.runWorker(ThreadPoolExecutor.java:1142)
	at java.util.concurrent.ThreadPoolExecutor$Worker.run(ThreadPoolExecutor.java:617)
	at java.lang.Thread.run(Thread.java:745)
Exception in thread "QuorumConnectionThread-[myid=2]-11" java.lang.IllegalArgumentException: Cannot support TLS_ECDHE_ECDSA_WITH_AES_256_CBC_SHA384 with currently installed providers
	at sun.security.ssl.CipherSuiteList.<init>(CipherSuiteList.java:92)
	at sun.security.ssl.SSLSocketImpl.setEnabledCipherSuites(SSLSocketImpl.java:2419)
	at javax.net.ssl.SSLSocket.setSSLParameters(SSLSocket.java:650)
	at sun.security.ssl.SSLSocketImpl.setSSLParameters(SSLSocketImpl.java:2544)
	at org.apache.zookeeper.common.SSLContextAndOptions.configureSSLSocket(SSLContextAndOptions.java:125)
	at org.apache.zookeeper.common.SSLContextAndOptions.createSSLSocket(SSLContextAndOptions.java:80)
	at org.apache.zookeeper.common.X509Util.createSSLSocket(X509Util.java:517)
	at org.apache.zookeeper.server.quorum.QuorumCnxManager.initiateConnection(QuorumCnxManager.java:379)
	at org.apache.zookeeper.server.quorum.QuorumCnxManager$QuorumConnectionReqThread.run(QuorumCnxManager.java:458)
	at java.util.concurrent.ThreadPoolExecutor.runWorker(ThreadPoolExecutor.java:1142)
	at java.util.concurrent.ThreadPoolExecutor$Worker.run(ThreadPoolExecutor.java:617)
	at java.lang.Thread.run(Thread.java:745)
Exception in thread "QuorumConnectionThread-[myid=2]-10" java.lang.IllegalArgumentException: Cannot support TLS_ECDHE_ECDSA_WITH_AES_256_CBC_SHA384 with currently installed providers
	at sun.security.ssl.CipherSuiteList.<init>(CipherSuiteList.java:92)
	at sun.security.ssl.SSLSocketImpl.setEnabledCipherSuites(SSLSocketImpl.java:2419)
	at javax.net.ssl.SSLSocket.setSSLParameters(SSLSocket.java:650)
	at sun.security.ssl.SSLSocketImpl.setSSLParameters(SSLSocketImpl.java:2544)
	at org.apache.zookeeper.common.SSLContextAndOptions.configureSSLSocket(SSLContextAndOptions.java:125)
	at org.apache.zookeeper.common.SSLContextAndOptions.createSSLSocket(SSLContextAndOptions.java:80)
	at org.apache.zookeeper.common.X509Util.createSSLSocket(X509Util.java:517)
	at org.apache.zookeeper.server.quorum.QuorumCnxManager.initiateConnection(QuorumCnxManager.java:379)
	at org.apache.zookeeper.server.quorum.QuorumCnxManager$QuorumConnectionReqThread.run(QuorumCnxManager.java:458)
	at java.util.concurrent.ThreadPoolExecutor.runWorker(ThreadPoolExecutor.java:1142)
	at java.util.concurrent.ThreadPoolExecutor$Worker.run(ThreadPoolExecutor.java:617)
	at java.lang.Thread.run(Thread.java:745)
Exception in thread "QuorumConnectionThread-[myid=2]-13" java.lang.IllegalArgumentException: Cannot support TLS_ECDHE_ECDSA_WITH_AES_256_CBC_SHA384 with currently installed providers
	at sun.security.ssl.CipherSuiteList.<init>(CipherSuiteList.java:92)
	at sun.security.ssl.SSLSocketImpl.setEnabledCipherSuites(SSLSocketImpl.java:2419)
	at javax.net.ssl.SSLSocket.setSSLParameters(SSLSocket.java:650)
	at sun.security.ssl.SSLSocketImpl.setSSLParameters(SSLSocketImpl.java:2544)
	at org.apache.zookeeper.common.SSLContextAndOptions.configureSSLSocket(SSLContextAndOptions.java:125)
	at org.apache.zookeeper.common.SSLContextAndOptions.createSSLSocket(SSLContextAndOptions.java:80)
	at org.apache.zookeeper.common.X509Util.createSSLSocket(X509Util.java:517)
	at org.apache.zookeeper.server.quorum.QuorumCnxManager.initiateConnection(QuorumCnxManager.java:379)
	at org.apache.zookeeper.server.quorum.QuorumCnxManager$QuorumConnectionReqThread.run(QuorumCnxManager.java:458)
	at java.util.concurrent.ThreadPoolExecutor.runWorker(ThreadPoolExecutor.java:1142)
	at java.util.concurrent.ThreadPoolExecutor$Worker.run(ThreadPoolExecutor.java:617)
	at java.lang.Thread.run(Thread.java:745)
Exception in thread "QuorumConnectionThread-[myid=1]-12" java.lang.IllegalArgumentException: Cannot support TLS_ECDHE_ECDSA_WITH_AES_256_CBC_SHA384 with currently installed providers
	at sun.security.ssl.CipherSuiteList.<init>(CipherSuiteList.java:92)
	at sun.security.ssl.SSLSocketImpl.setEnabledCipherSuites(SSLSocketImpl.java:2419)
	at javax.net.ssl.SSLSocket.setSSLParameters(SSLSocket.java:650)
	at sun.security.ssl.SSLSocketImpl.setSSLParameters(SSLSocketImpl.java:2544)
	at org.apache.zookeeper.common.SSLContextAndOptions.configureSSLSocket(SSLContextAndOptions.java:125)
	at org.apache.zookeeper.common.SSLContextAndOptions.createSSLSocket(SSLContextAndOptions.java:80)
	at org.apache.zookeeper.common.X509Util.createSSLSocket(X509Util.java:517)
	at org.apache.zookeeper.server.quorum.QuorumCnxManager.initiateConnection(QuorumCnxManager.java:379)
	at org.apache.zookeeper.server.quorum.QuorumCnxManager$QuorumConnectionReqThread.run(QuorumCnxManager.java:458)
	at java.util.concurrent.ThreadPoolExecutor.runWorker(ThreadPoolExecutor.java:1142)
	at java.util.concurrent.ThreadPoolExecutor$Worker.run(ThreadPoolExecutor.java:617)
	at java.lang.Thread.run(Thread.java:745)
Exception in thread "QuorumConnectionThread-[myid=2]-12" java.lang.IllegalArgumentException: Cannot support TLS_ECDHE_ECDSA_WITH_AES_256_CBC_SHA384 with currently installed providers
	at sun.security.ssl.CipherSuiteList.<init>(CipherSuiteList.java:92)
	at sun.security.ssl.SSLSocketImpl.setEnabledCipherSuites(SSLSocketImpl.java:2419)
	at javax.net.ssl.SSLSocket.setSSLParameters(SSLSocket.java:650)
	at sun.security.ssl.SSLSocketImpl.setSSLParameters(SSLSocketImpl.java:2544)
	at org.apache.zookeeper.common.SSLContextAndOptions.configureSSLSocket(SSLContextAndOptions.java:125)
	at org.apache.zookeeper.common.SSLContextAndOptions.createSSLSocket(SSLContextAndOptions.java:80)
	at org.apache.zookeeper.common.X509Util.createSSLSocket(X509Util.java:517)
	at org.apache.zookeeper.server.quorum.QuorumCnxManager.initiateConnection(QuorumCnxManager.java:379)
	at org.apache.zookeeper.server.quorum.QuorumCnxManager$QuorumConnectionReqThread.run(QuorumCnxManager.java:458)
	at java.util.concurrent.ThreadPoolExecutor.runWorker(ThreadPoolExecutor.java:1142)
	at java.util.concurrent.ThreadPoolExecutor$Worker.run(ThreadPoolExecutor.java:617)
	at java.lang.Thread.run(Thread.java:745)
Exception in thread "QuorumConnectionThread-[myid=1]-13" java.lang.IllegalArgumentException: Cannot support TLS_ECDHE_ECDSA_WITH_AES_256_CBC_SHA384 with currently installed providers
	at sun.security.ssl.CipherSuiteList.<init>(CipherSuiteList.java:92)
	at sun.security.ssl.SSLSocketImpl.setEnabledCipherSuites(SSLSocketImpl.java:2419)
	at javax.net.ssl.SSLSocket.setSSLParameters(SSLSocket.java:650)
	at sun.security.ssl.SSLSocketImpl.setSSLParameters(SSLSocketImpl.java:2544)
	at org.apache.zookeeper.common.SSLContextAndOptions.configureSSLSocket(SSLContextAndOptions.java:125)
	at org.apache.zookeeper.common.SSLContextAndOptions.createSSLSocket(SSLContextAndOptions.java:80)
	at org.apache.zookeeper.common.X509Util.createSSLSocket(X509Util.java:517)
	at org.apache.zookeeper.server.quorum.QuorumCnxManager.initiateConnection(QuorumCnxManager.java:379)
	at org.apache.zookeeper.server.quorum.QuorumCnxManager$QuorumConnectionReqThread.run(QuorumCnxManager.java:458)
	at java.util.concurrent.ThreadPoolExecutor.runWorker(ThreadPoolExecutor.java:1142)
	at java.util.concurrent.ThreadPoolExecutor$Worker.run(ThreadPoolExecutor.java:617)
	at java.lang.Thread.run(Thread.java:745)
Exception in thread "QuorumConnectionThread-[myid=1]-14" java.lang.IllegalArgumentException: Cannot support TLS_ECDHE_ECDSA_WITH_AES_256_CBC_SHA384 with currently installed providers
	at sun.security.ssl.CipherSuiteList.<init>(CipherSuiteList.java:92)
	at sun.security.ssl.SSLSocketImpl.setEnabledCipherSuites(SSLSocketImpl.java:2419)
	at javax.net.ssl.SSLSocket.setSSLParameters(SSLSocket.java:650)
	at sun.security.ssl.SSLSocketImpl.setSSLParameters(SSLSocketImpl.java:2544)
	at org.apache.zookeeper.common.SSLContextAndOptions.configureSSLSocket(SSLContextAndOptions.java:125)
	at org.apache.zookeeper.common.SSLContextAndOptions.createSSLSocket(SSLContextAndOptions.java:80)
	at org.apache.zookeeper.common.X509Util.createSSLSocket(X509Util.java:517)
	at org.apache.zookeeper.server.quorum.QuorumCnxManager.initiateConnection(QuorumCnxManager.java:379)
	at org.apache.zookeeper.server.quorum.QuorumCnxManager$QuorumConnectionReqThread.run(QuorumCnxManager.java:458)
	at java.util.concurrent.ThreadPoolExecutor.runWorker(ThreadPoolExecutor.java:1142)
	at java.util.concurrent.ThreadPoolExecutor$Worker.run(ThreadPoolExecutor.java:617)
	at java.lang.Thread.run(Thread.java:745)
Exception in thread "QuorumConnectionThread-[myid=1]-15" java.lang.IllegalArgumentException: Cannot support TLS_ECDHE_ECDSA_WITH_AES_256_CBC_SHA384 with currently installed providers
	at sun.security.ssl.CipherSuiteList.<init>(CipherSuiteList.java:92)
	at sun.security.ssl.SSLSocketImpl.setEnabledCipherSuites(SSLSocketImpl.java:2419)
	at javax.net.ssl.SSLSocket.setSSLParameters(SSLSocket.java:650)
	at sun.security.ssl.SSLSocketImpl.setSSLParameters(SSLSocketImpl.java:2544)
	at org.apache.zookeeper.common.SSLContextAndOptions.configureSSLSocket(SSLContextAndOptions.java:125)
	at org.apache.zookeeper.common.SSLContextAndOptions.createSSLSocket(SSLContextAndOptions.java:80)
	at org.apache.zookeeper.common.X509Util.createSSLSocket(X509Util.java:517)
	at org.apache.zookeeper.server.quorum.QuorumCnxManager.initiateConnection(QuorumCnxManager.java:379)
	at org.apache.zookeeper.server.quorum.QuorumCnxManager$QuorumConnectionReqThread.run(QuorumCnxManager.java:458)
	at java.util.concurrent.ThreadPoolExecutor.runWorker(ThreadPoolExecutor.java:1142)
	at java.util.concurrent.ThreadPoolExecutor$Worker.run(ThreadPoolExecutor.java:617)
	at java.lang.Thread.run(Thread.java:745)
Exception in thread "QuorumConnectionThread-[myid=2]-14" java.lang.IllegalArgumentException: Cannot support TLS_ECDHE_ECDSA_WITH_AES_256_CBC_SHA384 with currently installed providers
	at sun.security.ssl.CipherSuiteList.<init>(CipherSuiteList.java:92)
	at sun.security.ssl.SSLSocketImpl.setEnabledCipherSuites(SSLSocketImpl.java:2419)
	at javax.net.ssl.SSLSocket.setSSLParameters(SSLSocket.java:650)
	at sun.security.ssl.SSLSocketImpl.setSSLParameters(SSLSocketImpl.java:2544)
	at org.apache.zookeeper.common.SSLContextAndOptions.configureSSLSocket(SSLContextAndOptions.java:125)
	at org.apache.zookeeper.common.SSLContextAndOptions.createSSLSocket(SSLContextAndOptions.java:80)
	at org.apache.zookeeper.common.X509Util.createSSLSocket(X509Util.java:517)
	at org.apache.zookeeper.server.quorum.QuorumCnxManager.initiateConnection(QuorumCnxManager.java:379)
	at org.apache.zookeeper.server.quorum.QuorumCnxManager$QuorumConnectionReqThread.run(QuorumCnxManager.java:458)
	at java.util.concurrent.ThreadPoolExecutor.runWorker(ThreadPoolExecutor.java:1142)
	at java.util.concurrent.ThreadPoolExecutor$Worker.run(ThreadPoolExecutor.java:617)
	at java.lang.Thread.run(Thread.java:745)
Exception in thread "QuorumConnectionThread-[myid=2]-15" java.lang.IllegalArgumentException: Cannot support TLS_ECDHE_ECDSA_WITH_AES_256_CBC_SHA384 with currently installed providers
	at sun.security.ssl.CipherSuiteList.<init>(CipherSuiteList.java:92)
	at sun.security.ssl.SSLSocketImpl.setEnabledCipherSuites(SSLSocketImpl.java:2419)
	at javax.net.ssl.SSLSocket.setSSLParameters(SSLSocket.java:650)
	at sun.security.ssl.SSLSocketImpl.setSSLParameters(SSLSocketImpl.java:2544)
	at org.apache.zookeeper.common.SSLContextAndOptions.configureSSLSocket(SSLContextAndOptions.java:125)
	at org.apache.zookeeper.common.SSLContextAndOptions.createSSLSocket(SSLContextAndOptions.java:80)
	at org.apache.zookeeper.common.X509Util.createSSLSocket(X509Util.java:517)
	at org.apache.zookeeper.server.quorum.QuorumCnxManager.initiateConnection(QuorumCnxManager.java:379)
	at org.apache.zookeeper.server.quorum.QuorumCnxManager$QuorumConnectionReqThread.run(QuorumCnxManager.java:458)
	at java.util.concurrent.ThreadPoolExecutor.runWorker(ThreadPoolExecutor.java:1142)
	at java.util.concurrent.ThreadPoolExecutor$Worker.run(ThreadPoolExecutor.java:617)
	at java.lang.Thread.run(Thread.java:745)
Exception in thread "QuorumConnectionThread-[myid=2]-16" java.lang.IllegalArgumentException: Cannot support TLS_ECDHE_ECDSA_WITH_AES_256_CBC_SHA384 with currently installed providers
	at sun.security.ssl.CipherSuiteList.<init>(CipherSuiteList.java:92)
	at sun.security.ssl.SSLSocketImpl.setEnabledCipherSuites(SSLSocketImpl.java:2419)
	at javax.net.ssl.SSLSocket.setSSLParameters(SSLSocket.java:650)
	at sun.security.ssl.SSLSocketImpl.setSSLParameters(SSLSocketImpl.java:2544)
	at org.apache.zookeeper.common.SSLContextAndOptions.configureSSLSocket(SSLContextAndOptions.java:125)
	at org.apache.zookeeper.common.SSLContextAndOptions.createSSLSocket(SSLContextAndOptions.java:80)
	at org.apache.zookeeper.common.X509Util.createSSLSocket(X509Util.java:517)
	at org.apache.zookeeper.server.quorum.QuorumCnxManager.initiateConnection(QuorumCnxManager.java:379)
	at org.apache.zookeeper.server.quorum.QuorumCnxManager$QuorumConnectionReqThread.run(QuorumCnxManager.java:458)
	at java.util.concurrent.ThreadPoolExecutor.runWorker(ThreadPoolExecutor.java:1142)
	at java.util.concurrent.ThreadPoolExecutor$Worker.run(ThreadPoolExecutor.java:617)
	at java.lang.Thread.run(Thread.java:745)
Exception in thread "QuorumConnectionThread-[myid=2]-17" java.lang.IllegalArgumentException: Cannot support TLS_ECDHE_ECDSA_WITH_AES_256_CBC_SHA384 with currently installed providers
	at sun.security.ssl.CipherSuiteList.<init>(CipherSuiteList.java:92)
	at sun.security.ssl.SSLSocketImpl.setEnabledCipherSuites(SSLSocketImpl.java:2419)
	at javax.net.ssl.SSLSocket.setSSLParameters(SSLSocket.java:650)
	at sun.security.ssl.SSLSocketImpl.setSSLParameters(SSLSocketImpl.java:2544)
	at org.apache.zookeeper.common.SSLContextAndOptions.configureSSLSocket(SSLContextAndOptions.java:125)
	at org.apache.zookeeper.common.SSLContextAndOptions.createSSLSocket(SSLContextAndOptions.java:80)
	at org.apache.zookeeper.common.X509Util.createSSLSocket(X509Util.java:517)
	at org.apache.zookeeper.server.quorum.QuorumCnxManager.initiateConnection(QuorumCnxManager.java:379)
	at org.apache.zookeeper.server.quorum.QuorumCnxManager$QuorumConnectionReqThread.run(QuorumCnxManager.java:458)
	at java.util.concurrent.ThreadPoolExecutor.runWorker(ThreadPoolExecutor.java:1142)
	at java.util.concurrent.ThreadPoolExecutor$Worker.run(ThreadPoolExecutor.java:617)
	at java.lang.Thread.run(Thread.java:745)
Exception in thread "QuorumConnectionThread-[myid=1]-17" java.lang.IllegalArgumentException: Cannot support TLS_ECDHE_ECDSA_WITH_AES_256_CBC_SHA384 with currently installed providers
	at sun.security.ssl.CipherSuiteList.<init>(CipherSuiteList.java:92)
	at sun.security.ssl.SSLSocketImpl.setEnabledCipherSuites(SSLSocketImpl.java:2419)
	at javax.net.ssl.SSLSocket.setSSLParameters(SSLSocket.java:650)
	at sun.security.ssl.SSLSocketImpl.setSSLParameters(SSLSocketImpl.java:2544)
	at org.apache.zookeeper.common.SSLContextAndOptions.configureSSLSocket(SSLContextAndOptions.java:125)
	at org.apache.zookeeper.common.SSLContextAndOptions.createSSLSocket(SSLContextAndOptions.java:80)
	at org.apache.zookeeper.common.X509Util.createSSLSocket(X509Util.java:517)
	at org.apache.zookeeper.server.quorum.QuorumCnxManager.initiateConnection(QuorumCnxManager.java:379)
	at org.apache.zookeeper.server.quorum.QuorumCnxManager$QuorumConnectionReqThread.run(QuorumCnxManager.java:458)
	at java.util.concurrent.ThreadPoolExecutor.runWorker(ThreadPoolExecutor.java:1142)
	at java.util.concurrent.ThreadPoolExecutor$Worker.run(ThreadPoolExecutor.java:617)
	at java.lang.Thread.run(Thread.java:745)
Exception in thread "QuorumConnectionThread-[myid=1]-16" java.lang.IllegalArgumentException: Cannot support TLS_ECDHE_ECDSA_WITH_AES_256_CBC_SHA384 with currently installed providers
	at sun.security.ssl.CipherSuiteList.<init>(CipherSuiteList.java:92)
	at sun.security.ssl.SSLSocketImpl.setEnabledCipherSuites(SSLSocketImpl.java:2419)
	at javax.net.ssl.SSLSocket.setSSLParameters(SSLSocket.java:650)
	at sun.security.ssl.SSLSocketImpl.setSSLParameters(SSLSocketImpl.java:2544)
	at org.apache.zookeeper.common.SSLContextAndOptions.configureSSLSocket(SSLContextAndOptions.java:125)
	at org.apache.zookeeper.common.SSLContextAndOptions.createSSLSocket(SSLContextAndOptions.java:80)
	at org.apache.zookeeper.common.X509Util.createSSLSocket(X509Util.java:517)
	at org.apache.zookeeper.server.quorum.QuorumCnxManager.initiateConnection(QuorumCnxManager.java:379)
	at org.apache.zookeeper.server.quorum.QuorumCnxManager$QuorumConnectionReqThread.run(QuorumCnxManager.java:458)
	at java.util.concurrent.ThreadPoolExecutor.runWorker(ThreadPoolExecutor.java:1142)
	at java.util.concurrent.ThreadPoolExecutor$Worker.run(ThreadPoolExecutor.java:617)
	at java.lang.Thread.run(Thread.java:745)
]]></system-err>
  </testcase>
  <testcase name="testCertificateRevocationList" classname="org.apache.zookeeper.server.quorum.QuorumSSLTest" time="34.897">
    <failure message="expected: &lt;true&gt; but was: &lt;false&gt;" type="org.opentest4j.AssertionFailedError"><![CDATA[org.opentest4j.AssertionFailedError: expected: <true> but was: <false>
	at org.apache.zookeeper.server.quorum.QuorumSSLTest.testCertificateRevocationList(QuorumSSLTest.java:716)
]]></failure>
    <system-out><![CDATA[2021-11-08 11:16:52,705 [myid:] - INFO  [main:ZKTestCase@77] - STARTING Optional[public void org.apache.zookeeper.server.quorum.QuorumSSLTest.testCertificateRevocationList() throws java.lang.Exception]
2021-11-08 11:16:52,710 [myid:] - INFO  [main:PortAssignment@87] - Assigned port 30158 from range 30072 - 32764.
2021-11-08 11:16:52,710 [myid:] - INFO  [main:PortAssignment@87] - Assigned port 30159 from range 30072 - 32764.
2021-11-08 11:16:52,711 [myid:] - INFO  [main:PortAssignment@87] - Assigned port 30160 from range 30072 - 32764.
2021-11-08 11:16:52,711 [myid:] - INFO  [main:PortAssignment@87] - Assigned port 30161 from range 30072 - 32764.
2021-11-08 11:16:52,711 [myid:] - INFO  [main:PortAssignment@87] - Assigned port 30162 from range 30072 - 32764.
2021-11-08 11:16:52,711 [myid:] - INFO  [main:PortAssignment@87] - Assigned port 30163 from range 30072 - 32764.
2021-11-08 11:16:52,712 [myid:] - INFO  [main:PortAssignment@87] - Assigned port 30164 from range 30072 - 32764.
2021-11-08 11:16:52,712 [myid:] - INFO  [main:PortAssignment@87] - Assigned port 30165 from range 30072 - 32764.
2021-11-08 11:16:52,712 [myid:] - INFO  [main:PortAssignment@87] - Assigned port 30166 from range 30072 - 32764.
2021-11-08 11:16:53,244 [myid:2] - INFO  [WorkerReceiver[myid=2]:FastLeaderElection$Messenger$WorkerReceiver@472] - WorkerReceiver is down
2021-11-08 11:16:53,244 [myid:1] - INFO  [WorkerReceiver[myid=1]:FastLeaderElection$Messenger$WorkerReceiver@472] - WorkerReceiver is down
2021-11-08 11:16:53,244 [myid:2] - INFO  [WorkerSender[myid=2]:FastLeaderElection$Messenger$WorkerSender@506] - WorkerSender is down
2021-11-08 11:16:53,244 [myid:1] - INFO  [WorkerSender[myid=1]:FastLeaderElection$Messenger$WorkerSender@506] - WorkerSender is down
2021-11-08 11:16:57,323 [myid:] - INFO  [main:QuorumPeerTestBase$MainThread@205] - id = 1 tmpDir = D:\mysoft\faiscoGit\myStudy\ZooKeeperLearning\apache-zookeeper-3.7.0\zookeeper-server\target\surefire\test5249930883544879468.junit.dir clientPort = 30158 adminServerPort = 8080
2021-11-08 11:16:57,325 [myid:] - INFO  [main:QuorumPeerTestBase$MainThread@205] - id = 2 tmpDir = D:\mysoft\faiscoGit\myStudy\ZooKeeperLearning\apache-zookeeper-3.7.0\zookeeper-server\target\surefire\test826661096623398437.junit.dir clientPort = 30159 adminServerPort = 8080
2021-11-08 11:16:57,327 [myid:] - INFO  [main:FourLetterWordMain@94] - connecting to 127.0.0.1 30158
2021-11-08 11:16:57,327 [myid:] - INFO  [Thread-34:QuorumPeerConfig@174] - Reading configuration from: D:\mysoft\faiscoGit\myStudy\ZooKeeperLearning\apache-zookeeper-3.7.0\zookeeper-server\target\surefire\test826661096623398437.junit.dir\zoo.cfg
2021-11-08 11:16:57,327 [myid:] - INFO  [Thread-33:QuorumPeerConfig@174] - Reading configuration from: D:\mysoft\faiscoGit\myStudy\ZooKeeperLearning\apache-zookeeper-3.7.0\zookeeper-server\target\surefire\test5249930883544879468.junit.dir\zoo.cfg
2021-11-08 11:16:57,328 [myid:] - INFO  [Thread-33:QuorumPeerConfig@444] - clientPortAddress is 0.0.0.0:30158
2021-11-08 11:16:57,328 [myid:] - INFO  [Thread-33:QuorumPeerConfig@448] - secureClientPort is not set
2021-11-08 11:16:57,328 [myid:] - INFO  [Thread-33:QuorumPeerConfig@464] - observerMasterPort is not set
2021-11-08 11:16:57,328 [myid:] - INFO  [Thread-34:QuorumPeerConfig@444] - clientPortAddress is 0.0.0.0:30159
2021-11-08 11:16:57,328 [myid:] - INFO  [Thread-34:QuorumPeerConfig@448] - secureClientPort is not set
2021-11-08 11:16:57,328 [myid:] - INFO  [Thread-34:QuorumPeerConfig@464] - observerMasterPort is not set
2021-11-08 11:16:57,328 [myid:] - INFO  [Thread-33:QuorumPeerConfig@481] - metricsProvider.className is org.apache.zookeeper.metrics.impl.DefaultMetricsProvider
2021-11-08 11:16:57,328 [myid:] - INFO  [Thread-34:QuorumPeerConfig@481] - metricsProvider.className is org.apache.zookeeper.metrics.impl.DefaultMetricsProvider
2021-11-08 11:16:57,328 [myid:1] - INFO  [Thread-33:DatadirCleanupManager@78] - autopurge.snapRetainCount set to 3
2021-11-08 11:16:57,328 [myid:1] - INFO  [Thread-33:DatadirCleanupManager@79] - autopurge.purgeInterval set to 0
2021-11-08 11:16:57,328 [myid:1] - INFO  [Thread-33:DatadirCleanupManager@101] - Purge task is not scheduled.
2021-11-08 11:16:57,328 [myid:2] - INFO  [Thread-34:DatadirCleanupManager@78] - autopurge.snapRetainCount set to 3
2021-11-08 11:16:57,328 [myid:1] - INFO  [Thread-33:ManagedUtil@44] - Log4j 1.2 jmx support found and enabled.
2021-11-08 11:16:57,328 [myid:2] - INFO  [Thread-34:DatadirCleanupManager@79] - autopurge.purgeInterval set to 0
2021-11-08 11:16:57,328 [myid:2] - INFO  [Thread-34:DatadirCleanupManager@101] - Purge task is not scheduled.
2021-11-08 11:16:57,328 [myid:2] - INFO  [Thread-34:ManagedUtil@44] - Log4j 1.2 jmx support found and enabled.
2021-11-08 11:16:57,328 [myid:1] - ERROR [Thread-33:ManagedUtil@109] - Problems while registering log4j 1.2 jmx beans!
javax.management.InstanceAlreadyExistsException: log4j:hierarchy=default
	at com.sun.jmx.mbeanserver.Repository.addMBean(Repository.java:437)
	at com.sun.jmx.interceptor.DefaultMBeanServerInterceptor.registerWithRepository(DefaultMBeanServerInterceptor.java:1898)
	at com.sun.jmx.interceptor.DefaultMBeanServerInterceptor.registerDynamicMBean(DefaultMBeanServerInterceptor.java:966)
	at com.sun.jmx.interceptor.DefaultMBeanServerInterceptor.registerObject(DefaultMBeanServerInterceptor.java:900)
	at com.sun.jmx.interceptor.DefaultMBeanServerInterceptor.registerMBean(DefaultMBeanServerInterceptor.java:324)
	at com.sun.jmx.mbeanserver.JmxMBeanServer.registerMBean(JmxMBeanServer.java:522)
	at org.apache.zookeeper.jmx.ManagedUtil.registerLog4jMBeans(ManagedUtil.java:72)
	at org.apache.zookeeper.server.quorum.QuorumPeerMain.runFromConfig(QuorumPeerMain.java:147)
	at org.apache.zookeeper.server.quorum.QuorumPeerMain.initializeAndRun(QuorumPeerMain.java:137)
	at org.apache.zookeeper.server.quorum.QuorumPeerTestBase$MainThread.run(QuorumPeerTestBase.java:329)
	at java.lang.Thread.run(Thread.java:745)
2021-11-08 11:16:57,328 [myid:2] - ERROR [Thread-34:ManagedUtil@109] - Problems while registering log4j 1.2 jmx beans!
javax.management.InstanceAlreadyExistsException: log4j:hierarchy=default
	at com.sun.jmx.mbeanserver.Repository.addMBean(Repository.java:437)
	at com.sun.jmx.interceptor.DefaultMBeanServerInterceptor.registerWithRepository(DefaultMBeanServerInterceptor.java:1898)
	at com.sun.jmx.interceptor.DefaultMBeanServerInterceptor.registerDynamicMBean(DefaultMBeanServerInterceptor.java:966)
	at com.sun.jmx.interceptor.DefaultMBeanServerInterceptor.registerObject(DefaultMBeanServerInterceptor.java:900)
	at com.sun.jmx.interceptor.DefaultMBeanServerInterceptor.registerMBean(DefaultMBeanServerInterceptor.java:324)
	at com.sun.jmx.mbeanserver.JmxMBeanServer.registerMBean(JmxMBeanServer.java:522)
	at org.apache.zookeeper.jmx.ManagedUtil.registerLog4jMBeans(ManagedUtil.java:72)
	at org.apache.zookeeper.server.quorum.QuorumPeerMain.runFromConfig(QuorumPeerMain.java:147)
	at org.apache.zookeeper.server.quorum.QuorumPeerMain.initializeAndRun(QuorumPeerMain.java:137)
	at org.apache.zookeeper.server.quorum.QuorumPeerTestBase$MainThread.run(QuorumPeerTestBase.java:329)
	at java.lang.Thread.run(Thread.java:745)
2021-11-08 11:16:57,328 [myid:1] - WARN  [Thread-33:QuorumPeerMain@149] - Unable to register log4j JMX control
javax.management.JMException: javax.management.InstanceAlreadyExistsException: log4j:hierarchy=default
	at org.apache.zookeeper.jmx.ManagedUtil.registerLog4jMBeans(ManagedUtil.java:110)
	at org.apache.zookeeper.server.quorum.QuorumPeerMain.runFromConfig(QuorumPeerMain.java:147)
	at org.apache.zookeeper.server.quorum.QuorumPeerMain.initializeAndRun(QuorumPeerMain.java:137)
	at org.apache.zookeeper.server.quorum.QuorumPeerTestBase$MainThread.run(QuorumPeerTestBase.java:329)
	at java.lang.Thread.run(Thread.java:745)
2021-11-08 11:16:57,329 [myid:2] - WARN  [Thread-34:QuorumPeerMain@149] - Unable to register log4j JMX control
javax.management.JMException: javax.management.InstanceAlreadyExistsException: log4j:hierarchy=default
	at org.apache.zookeeper.jmx.ManagedUtil.registerLog4jMBeans(ManagedUtil.java:110)
	at org.apache.zookeeper.server.quorum.QuorumPeerMain.runFromConfig(QuorumPeerMain.java:147)
	at org.apache.zookeeper.server.quorum.QuorumPeerMain.initializeAndRun(QuorumPeerMain.java:137)
	at org.apache.zookeeper.server.quorum.QuorumPeerTestBase$MainThread.run(QuorumPeerTestBase.java:329)
	at java.lang.Thread.run(Thread.java:745)
2021-11-08 11:16:57,329 [myid:1] - INFO  [Thread-33:QuorumPeerMain@152] - Starting quorum peer, myid=1
2021-11-08 11:16:57,329 [myid:2] - INFO  [Thread-34:QuorumPeerMain@152] - Starting quorum peer, myid=2
2021-11-08 11:16:57,329 [myid:1] - INFO  [Thread-33:ServerMetrics@62] - ServerMetrics initialized with provider org.apache.zookeeper.metrics.impl.DefaultMetricsProvider@a627e19
2021-11-08 11:16:57,329 [myid:2] - INFO  [Thread-34:ServerMetrics@62] - ServerMetrics initialized with provider org.apache.zookeeper.metrics.impl.DefaultMetricsProvider@6019e9cc
2021-11-08 11:16:57,329 [myid:1] - INFO  [Thread-33:DigestAuthenticationProvider@61] - zookeeper.DigestAuthenticationProvider.enabled = true
2021-11-08 11:16:57,329 [myid:2] - INFO  [Thread-34:DigestAuthenticationProvider@61] - zookeeper.DigestAuthenticationProvider.enabled = true
2021-11-08 11:16:57,329 [myid:1] - INFO  [Thread-33:NettyServerCnxnFactory@507] - zookeeper.client.portUnification=false
2021-11-08 11:16:57,329 [myid:1] - INFO  [Thread-33:NettyServerCnxnFactory@519] - zookeeper.netty.advancedFlowControl.enabled = false
2021-11-08 11:16:57,329 [myid:2] - INFO  [Thread-34:NettyServerCnxnFactory@507] - zookeeper.client.portUnification=false
2021-11-08 11:16:57,329 [myid:1] - INFO  [Thread-33:NettyServerCnxnFactory@106] - handshakeThrottlingEnabled = false, zookeeper.netty.server.outstandingHandshake.limit = -1
2021-11-08 11:16:57,329 [myid:2] - INFO  [Thread-34:NettyServerCnxnFactory@519] - zookeeper.netty.advancedFlowControl.enabled = false
2021-11-08 11:16:57,329 [myid:2] - INFO  [Thread-34:NettyServerCnxnFactory@106] - handshakeThrottlingEnabled = false, zookeeper.netty.server.outstandingHandshake.limit = -1
2021-11-08 11:16:57,765 [myid:1] - INFO  [Thread-33:ServerCnxnFactory@169] - Using org.apache.zookeeper.server.NettyServerCnxnFactory as server connection factory
2021-11-08 11:16:57,765 [myid:2] - INFO  [Thread-34:ServerCnxnFactory@169] - Using org.apache.zookeeper.server.NettyServerCnxnFactory as server connection factory
2021-11-08 11:16:57,765 [myid:1] - WARN  [Thread-33:ServerCnxnFactory@309] - maxCnxns is not configured, using default value 0.
2021-11-08 11:16:57,765 [myid:2] - WARN  [Thread-34:ServerCnxnFactory@309] - maxCnxns is not configured, using default value 0.
2021-11-08 11:16:57,765 [myid:1] - INFO  [Thread-33:NettyServerCnxnFactory@606] - configure org.apache.zookeeper.server.NettyServerCnxnFactory@2569f327 secure: false on addr /0.0.0.0:30158
2021-11-08 11:16:57,765 [myid:2] - INFO  [Thread-34:NettyServerCnxnFactory@606] - configure org.apache.zookeeper.server.NettyServerCnxnFactory@58023dc0 secure: false on addr /0.0.0.0:30159
2021-11-08 11:16:57,765 [myid:1] - INFO  [Thread-33:FileTxnSnapLog@124] - zookeeper.snapshot.trust.empty : false
2021-11-08 11:16:57,765 [myid:2] - INFO  [Thread-34:FileTxnSnapLog@124] - zookeeper.snapshot.trust.empty : false
2021-11-08 11:16:57,766 [myid:1] - INFO  [Thread-33:QuorumPeer@1742] - Local sessions disabled
2021-11-08 11:16:57,766 [myid:1] - INFO  [Thread-33:QuorumPeer@1753] - Local session upgrading disabled
2021-11-08 11:16:57,766 [myid:1] - INFO  [Thread-33:QuorumPeer@1720] - tickTime set to 4000
2021-11-08 11:16:57,766 [myid:1] - INFO  [Thread-33:QuorumPeer@1764] - minSessionTimeout set to 8000
2021-11-08 11:16:57,766 [myid:1] - INFO  [Thread-33:QuorumPeer@1775] - maxSessionTimeout set to 80000
2021-11-08 11:16:57,766 [myid:1] - INFO  [Thread-33:QuorumPeer@1800] - initLimit set to 10
2021-11-08 11:16:57,766 [myid:1] - INFO  [Thread-33:QuorumPeer@1987] - syncLimit set to 5
2021-11-08 11:16:57,766 [myid:1] - INFO  [Thread-33:QuorumPeer@2002] - connectToLearnerMasterLimit set to 5
2021-11-08 11:16:57,766 [myid:2] - INFO  [Thread-34:QuorumPeer@1742] - Local sessions disabled
2021-11-08 11:16:57,766 [myid:2] - INFO  [Thread-34:QuorumPeer@1753] - Local session upgrading disabled
2021-11-08 11:16:57,766 [myid:2] - INFO  [Thread-34:QuorumPeer@1720] - tickTime set to 4000
2021-11-08 11:16:57,766 [myid:2] - INFO  [Thread-34:QuorumPeer@1764] - minSessionTimeout set to 8000
2021-11-08 11:16:57,766 [myid:2] - INFO  [Thread-34:QuorumPeer@1775] - maxSessionTimeout set to 80000
2021-11-08 11:16:57,766 [myid:2] - INFO  [Thread-34:QuorumPeer@1800] - initLimit set to 10
2021-11-08 11:16:57,766 [myid:2] - INFO  [Thread-34:QuorumPeer@1987] - syncLimit set to 5
2021-11-08 11:16:57,766 [myid:2] - INFO  [Thread-34:QuorumPeer@2002] - connectToLearnerMasterLimit set to 5
2021-11-08 11:16:57,766 [myid:1] - INFO  [Thread-33:WatchManagerFactory@42] - Using org.apache.zookeeper.server.watch.WatchManager as watch manager
2021-11-08 11:16:57,766 [myid:1] - INFO  [Thread-33:WatchManagerFactory@42] - Using org.apache.zookeeper.server.watch.WatchManager as watch manager
2021-11-08 11:16:57,766 [myid:2] - INFO  [Thread-34:WatchManagerFactory@42] - Using org.apache.zookeeper.server.watch.WatchManager as watch manager
2021-11-08 11:16:57,766 [myid:1] - INFO  [Thread-33:ZKDatabase@133] - zookeeper.snapshotSizeFactor = 0.33
2021-11-08 11:16:57,766 [myid:2] - INFO  [Thread-34:WatchManagerFactory@42] - Using org.apache.zookeeper.server.watch.WatchManager as watch manager
2021-11-08 11:16:57,766 [myid:1] - INFO  [Thread-33:ZKDatabase@153] - zookeeper.commitLogCount=500
2021-11-08 11:16:57,766 [myid:2] - INFO  [Thread-34:ZKDatabase@133] - zookeeper.snapshotSizeFactor = 0.33
2021-11-08 11:16:57,766 [myid:2] - INFO  [Thread-34:ZKDatabase@153] - zookeeper.commitLogCount=500
2021-11-08 11:16:57,766 [myid:1] - INFO  [Thread-33:QuorumPeer@2064] - Using TLS encrypted quorum communication
2021-11-08 11:16:57,767 [myid:2] - INFO  [Thread-34:QuorumPeer@2064] - Using TLS encrypted quorum communication
2021-11-08 11:16:57,767 [myid:2] - INFO  [Thread-34:QuorumPeer@2072] - Port unification disabled
2021-11-08 11:16:57,767 [myid:1] - INFO  [Thread-33:QuorumPeer@2072] - Port unification disabled
2021-11-08 11:16:57,767 [myid:2] - INFO  [Thread-34:QuorumPeer@179] - multiAddress.enabled set to false
2021-11-08 11:16:57,767 [myid:1] - INFO  [Thread-33:QuorumPeer@179] - multiAddress.enabled set to false
2021-11-08 11:16:57,767 [myid:2] - INFO  [Thread-34:QuorumPeer@204] - multiAddress.reachabilityCheckEnabled set to true
2021-11-08 11:16:57,767 [myid:1] - INFO  [Thread-33:QuorumPeer@204] - multiAddress.reachabilityCheckEnabled set to true
2021-11-08 11:16:57,767 [myid:2] - INFO  [Thread-34:QuorumPeer@191] - multiAddress.reachabilityCheckTimeoutMs set to 1000
2021-11-08 11:16:57,767 [myid:2] - INFO  [Thread-34:QuorumPeer@2527] - QuorumPeer communication is not secured! (SASL auth disabled)
2021-11-08 11:16:57,767 [myid:1] - INFO  [Thread-33:QuorumPeer@191] - multiAddress.reachabilityCheckTimeoutMs set to 1000
2021-11-08 11:16:57,767 [myid:1] - INFO  [Thread-33:QuorumPeer@2527] - QuorumPeer communication is not secured! (SASL auth disabled)
2021-11-08 11:16:57,767 [myid:2] - INFO  [Thread-34:QuorumPeer@2552] - quorum.cnxn.threads.size set to 20
2021-11-08 11:16:57,767 [myid:1] - INFO  [Thread-33:QuorumPeer@2552] - quorum.cnxn.threads.size set to 20
2021-11-08 11:16:57,767 [myid:1] - INFO  [Thread-33:FileTxnSnapLog@260] - Initialize file found, an empty database will not block voting participation
2021-11-08 11:16:57,767 [myid:2] - INFO  [Thread-34:FileTxnSnapLog@260] - Initialize file found, an empty database will not block voting participation
2021-11-08 11:16:57,767 [myid:1] - INFO  [Thread-33:FileTxnSnapLog@479] - Snapshotting: 0x0 to D:\mysoft\faiscoGit\myStudy\ZooKeeperLearning\apache-zookeeper-3.7.0\zookeeper-server\target\surefire\test5249930883544879468.junit.dir\data\version-2\snapshot.0
2021-11-08 11:16:57,767 [myid:2] - INFO  [Thread-34:FileTxnSnapLog@479] - Snapshotting: 0x0 to D:\mysoft\faiscoGit\myStudy\ZooKeeperLearning\apache-zookeeper-3.7.0\zookeeper-server\target\surefire\test826661096623398437.junit.dir\data\version-2\snapshot.0
2021-11-08 11:16:57,768 [myid:1] - INFO  [Thread-33:ZKDatabase@290] - Snapshot loaded in 1 ms, highest zxid is 0x0, digest is 1371985504
2021-11-08 11:16:57,768 [myid:2] - INFO  [Thread-34:ZKDatabase@290] - Snapshot loaded in 1 ms, highest zxid is 0x0, digest is 1371985504
2021-11-08 11:16:57,768 [myid:1] - INFO  [Thread-33:QuorumPeer@1157] - currentEpoch not found! Creating with a reasonable default of 0. This should only happen when you are upgrading your installation
2021-11-08 11:16:57,768 [myid:2] - INFO  [Thread-34:QuorumPeer@1157] - currentEpoch not found! Creating with a reasonable default of 0. This should only happen when you are upgrading your installation
2021-11-08 11:16:57,771 [myid:2] - INFO  [Thread-34:QuorumPeer@1177] - acceptedEpoch not found! Creating with a reasonable default of 0. This should only happen when you are upgrading your installation
2021-11-08 11:16:57,772 [myid:1] - INFO  [Thread-33:QuorumPeer@1177] - acceptedEpoch not found! Creating with a reasonable default of 0. This should only happen when you are upgrading your installation
2021-11-08 11:16:57,774 [myid:2] - INFO  [Thread-34:NettyServerCnxnFactory@695] - binding to port /0.0.0.0:30159
2021-11-08 11:16:57,775 [myid:2] - INFO  [Thread-34:NettyServerCnxnFactory@700] - bound to port 30159
2021-11-08 11:16:57,775 [myid:1] - INFO  [Thread-33:NettyServerCnxnFactory@695] - binding to port /0.0.0.0:30158
2021-11-08 11:16:57,775 [myid:2] - INFO  [Thread-34:QuorumPeer@2569] - Using 20000ms as the quorum cnxn socket timeout
2021-11-08 11:16:57,775 [myid:2] - INFO  [Thread-34:QuorumCnxManager$Listener@924] - Election port bind maximum retries is 3
2021-11-08 11:16:57,776 [myid:2] - INFO  [QuorumPeer[myid=2](plain=[0:0:0:0:0:0:0:0]:30159)(secure=disabled):QuorumPeer@1430] - LOOKING
2021-11-08 11:16:57,776 [myid:1] - INFO  [Thread-33:NettyServerCnxnFactory@700] - bound to port 30158
2021-11-08 11:16:57,776 [myid:2] - INFO  [QuorumPeer[myid=2](plain=[0:0:0:0:0:0:0:0]:30159)(secure=disabled):FastLeaderElection@947] - New election. My id = 2, proposed zxid=0x0
2021-11-08 11:16:57,776 [myid:2] - INFO  [ListenerHandler-/127.0.0.1:30165:QuorumCnxManager$Listener$ListenerHandler@1128] - Creating TLS-only quorum server socket
2021-11-08 11:16:57,776 [myid:1] - INFO  [Thread-33:QuorumPeer@2569] - Using 20000ms as the quorum cnxn socket timeout
2021-11-08 11:16:57,776 [myid:1] - INFO  [Thread-33:QuorumCnxManager$Listener@924] - Election port bind maximum retries is 3
2021-11-08 11:16:57,776 [myid:2] - INFO  [ListenerHandler-/127.0.0.1:30165:QuorumCnxManager$Listener$ListenerHandler@1066] - 2 is accepting connections now, my election bind port: /127.0.0.1:30165
2021-11-08 11:16:57,777 [myid:2] - INFO  [WorkerReceiver[myid=2]:FastLeaderElection$Messenger$WorkerReceiver@390] - Notification: my state:LOOKING; n.sid:2, n.state:LOOKING, n.leader:2, n.round:0x1, n.peerEpoch:0x0, n.zxid:0x0, message format version:0x2, n.config version:0x0
2021-11-08 11:16:57,778 [myid:1] - INFO  [QuorumPeer[myid=1](plain=[0:0:0:0:0:0:0:0]:30158)(secure=disabled):QuorumPeer@1430] - LOOKING
2021-11-08 11:16:57,778 [myid:1] - INFO  [QuorumPeer[myid=1](plain=[0:0:0:0:0:0:0:0]:30158)(secure=disabled):FastLeaderElection@947] - New election. My id = 1, proposed zxid=0x0
2021-11-08 11:16:57,779 [myid:1] - INFO  [ListenerHandler-/127.0.0.1:30164:QuorumCnxManager$Listener$ListenerHandler@1128] - Creating TLS-only quorum server socket
2021-11-08 11:16:57,779 [myid:1] - INFO  [ListenerHandler-/127.0.0.1:30164:QuorumCnxManager$Listener$ListenerHandler@1066] - 1 is accepting connections now, my election bind port: /127.0.0.1:30164
2021-11-08 11:16:57,779 [myid:1] - INFO  [WorkerReceiver[myid=1]:FastLeaderElection$Messenger$WorkerReceiver@390] - Notification: my state:LOOKING; n.sid:1, n.state:LOOKING, n.leader:1, n.round:0x1, n.peerEpoch:0x0, n.zxid:0x0, message format version:0x2, n.config version:0x0
2021-11-08 11:16:57,836 [myid:1] - WARN  [nioEventLoopGroup-72-1:NettyServerCnxnFactory$CnxnChannelHandler@231] - Zookeeper server is not running, close the connection before starting the TLS handshake
2021-11-08 11:16:57,991 [myid:1] - INFO  [QuorumPeer[myid=1](plain=[0:0:0:0:0:0:0:0]:30158)(secure=disabled):FastLeaderElection@984] - Notification time out: 400
2021-11-08 11:16:57,991 [myid:2] - INFO  [QuorumPeer[myid=2](plain=[0:0:0:0:0:0:0:0]:30159)(secure=disabled):FastLeaderElection@984] - Notification time out: 400
2021-11-08 11:16:58,101 [myid:] - INFO  [main:FourLetterWordMain@94] - connecting to 127.0.0.1 30158
2021-11-08 11:16:58,102 [myid:1] - WARN  [nioEventLoopGroup-72-2:NettyServerCnxnFactory$CnxnChannelHandler@231] - Zookeeper server is not running, close the connection before starting the TLS handshake
2021-11-08 11:16:58,117 [myid:] - INFO  [main:ClientBase@267] - server 127.0.0.1:30158 not up
java.net.SocketException: Software caused connection abort: recv failed
	at java.net.SocketInputStream.socketRead0(Native Method)
	at java.net.SocketInputStream.read(SocketInputStream.java:150)
	at java.net.SocketInputStream.read(SocketInputStream.java:121)
	at sun.nio.cs.StreamDecoder.readBytes(StreamDecoder.java:284)
	at sun.nio.cs.StreamDecoder.implRead(StreamDecoder.java:326)
	at sun.nio.cs.StreamDecoder.read(StreamDecoder.java:178)
	at java.io.InputStreamReader.read(InputStreamReader.java:184)
	at java.io.BufferedReader.fill(BufferedReader.java:161)
	at java.io.BufferedReader.readLine(BufferedReader.java:324)
	at java.io.BufferedReader.readLine(BufferedReader.java:389)
	at org.apache.zookeeper.client.FourLetterWordMain.send4LetterWord(FourLetterWordMain.java:129)
	at org.apache.zookeeper.client.FourLetterWordMain.send4LetterWord(FourLetterWordMain.java:74)
	at org.apache.zookeeper.test.ClientBase.waitForServerUp(ClientBase.java:258)
	at org.apache.zookeeper.test.ClientBase.waitForServerUp(ClientBase.java:249)
	at org.apache.zookeeper.server.quorum.QuorumSSLTest.testCertificateRevocationList(QuorumSSLTest.java:716)
	at sun.reflect.NativeMethodAccessorImpl.invoke0(Native Method)
	at sun.reflect.NativeMethodAccessorImpl.invoke(NativeMethodAccessorImpl.java:62)
	at sun.reflect.DelegatingMethodAccessorImpl.invoke(DelegatingMethodAccessorImpl.java:43)
	at java.lang.reflect.Method.invoke(Method.java:483)
	at org.junit.platform.commons.util.ReflectionUtils.invokeMethod(ReflectionUtils.java:686)
	at org.junit.jupiter.engine.execution.MethodInvocation.proceed(MethodInvocation.java:60)
	at org.junit.jupiter.engine.execution.InvocationInterceptorChain$ValidatingInvocation.proceed(InvocationInterceptorChain.java:131)
	at org.junit.jupiter.engine.extension.TimeoutInvocation.proceed(TimeoutInvocation.java:46)
	at org.junit.jupiter.engine.extension.TimeoutExtension.intercept(TimeoutExtension.java:149)
	at org.junit.jupiter.engine.extension.TimeoutExtension.interceptTestableMethod(TimeoutExtension.java:140)
	at org.junit.jupiter.engine.extension.TimeoutExtension.interceptTestMethod(TimeoutExtension.java:84)
	at org.junit.jupiter.engine.descriptor.TestMethodTestDescriptor$$Lambda$111/1780132728.apply(Unknown Source)
	at org.junit.jupiter.engine.execution.ExecutableInvoker$ReflectiveInterceptorCall.lambda$ofVoidMethod$0(ExecutableInvoker.java:115)
	at org.junit.jupiter.engine.execution.ExecutableInvoker$ReflectiveInterceptorCall$$Lambda$112/1725017993.apply(Unknown Source)
	at org.junit.jupiter.engine.execution.ExecutableInvoker.lambda$invoke$0(ExecutableInvoker.java:105)
	at org.junit.jupiter.engine.execution.ExecutableInvoker$$Lambda$234/64133603.apply(Unknown Source)
	at org.junit.jupiter.engine.execution.InvocationInterceptorChain$InterceptedInvocation.proceed(InvocationInterceptorChain.java:106)
	at org.junit.jupiter.engine.execution.InvocationInterceptorChain.proceed(InvocationInterceptorChain.java:64)
	at org.junit.jupiter.engine.execution.InvocationInterceptorChain.chainAndInvoke(InvocationInterceptorChain.java:45)
	at org.junit.jupiter.engine.execution.InvocationInterceptorChain.invoke(InvocationInterceptorChain.java:37)
	at org.junit.jupiter.engine.execution.ExecutableInvoker.invoke(ExecutableInvoker.java:104)
	at org.junit.jupiter.engine.execution.ExecutableInvoker.invoke(ExecutableInvoker.java:98)
	at org.junit.jupiter.engine.descriptor.TestMethodTestDescriptor.lambda$invokeTestMethod$6(TestMethodTestDescriptor.java:212)
	at org.junit.jupiter.engine.descriptor.TestMethodTestDescriptor$$Lambda$271/224100622.execute(Unknown Source)
	at org.junit.platform.engine.support.hierarchical.ThrowableCollector.execute(ThrowableCollector.java:73)
	at org.junit.jupiter.engine.descriptor.TestMethodTestDescriptor.invokeTestMethod(TestMethodTestDescriptor.java:208)
	at org.junit.jupiter.engine.descriptor.TestMethodTestDescriptor.execute(TestMethodTestDescriptor.java:137)
	at org.junit.jupiter.engine.descriptor.TestMethodTestDescriptor.execute(TestMethodTestDescriptor.java:71)
	at org.junit.platform.engine.support.hierarchical.NodeTestTask.lambda$executeRecursively$5(NodeTestTask.java:135)
	at org.junit.platform.engine.support.hierarchical.NodeTestTask$$Lambda$179/195615004.execute(Unknown Source)
	at org.junit.platform.engine.support.hierarchical.ThrowableCollector.execute(ThrowableCollector.java:73)
	at org.junit.platform.engine.support.hierarchical.NodeTestTask.lambda$executeRecursively$7(NodeTestTask.java:125)
	at org.junit.platform.engine.support.hierarchical.NodeTestTask$$Lambda$178/1890627974.invoke(Unknown Source)
	at org.junit.platform.engine.support.hierarchical.Node.around(Node.java:135)
	at org.junit.platform.engine.support.hierarchical.NodeTestTask.lambda$executeRecursively$8(NodeTestTask.java:123)
	at org.junit.platform.engine.support.hierarchical.NodeTestTask$$Lambda$177/231977479.execute(Unknown Source)
	at org.junit.platform.engine.support.hierarchical.ThrowableCollector.execute(ThrowableCollector.java:73)
	at org.junit.platform.engine.support.hierarchical.NodeTestTask.executeRecursively(NodeTestTask.java:122)
	at org.junit.platform.engine.support.hierarchical.NodeTestTask.execute(NodeTestTask.java:80)
	at org.junit.platform.engine.support.hierarchical.SameThreadHierarchicalTestExecutorService$$Lambda$183/1381713434.accept(Unknown Source)
	at java.util.ArrayList.forEach(ArrayList.java:1249)
	at org.junit.platform.engine.support.hierarchical.SameThreadHierarchicalTestExecutorService.invokeAll(SameThreadHierarchicalTestExecutorService.java:38)
	at org.junit.platform.engine.support.hierarchical.NodeTestTask.lambda$executeRecursively$5(NodeTestTask.java:139)
	at org.junit.platform.engine.support.hierarchical.NodeTestTask$$Lambda$179/195615004.execute(Unknown Source)
	at org.junit.platform.engine.support.hierarchical.ThrowableCollector.execute(ThrowableCollector.java:73)
	at org.junit.platform.engine.support.hierarchical.NodeTestTask.lambda$executeRecursively$7(NodeTestTask.java:125)
	at org.junit.platform.engine.support.hierarchical.NodeTestTask$$Lambda$178/1890627974.invoke(Unknown Source)
	at org.junit.platform.engine.support.hierarchical.Node.around(Node.java:135)
	at org.junit.platform.engine.support.hierarchical.NodeTestTask.lambda$executeRecursively$8(NodeTestTask.java:123)
	at org.junit.platform.engine.support.hierarchical.NodeTestTask$$Lambda$177/231977479.execute(Unknown Source)
	at org.junit.platform.engine.support.hierarchical.ThrowableCollector.execute(ThrowableCollector.java:73)
	at org.junit.platform.engine.support.hierarchical.NodeTestTask.executeRecursively(NodeTestTask.java:122)
	at org.junit.platform.engine.support.hierarchical.NodeTestTask.execute(NodeTestTask.java:80)
	at org.junit.platform.engine.support.hierarchical.SameThreadHierarchicalTestExecutorService$$Lambda$183/1381713434.accept(Unknown Source)
	at java.util.ArrayList.forEach(ArrayList.java:1249)
	at org.junit.platform.engine.support.hierarchical.SameThreadHierarchicalTestExecutorService.invokeAll(SameThreadHierarchicalTestExecutorService.java:38)
	at org.junit.platform.engine.support.hierarchical.NodeTestTask.lambda$executeRecursively$5(NodeTestTask.java:139)
	at org.junit.platform.engine.support.hierarchical.NodeTestTask$$Lambda$179/195615004.execute(Unknown Source)
	at org.junit.platform.engine.support.hierarchical.ThrowableCollector.execute(ThrowableCollector.java:73)
	at org.junit.platform.engine.support.hierarchical.NodeTestTask.lambda$executeRecursively$7(NodeTestTask.java:125)
	at org.junit.platform.engine.support.hierarchical.NodeTestTask$$Lambda$178/1890627974.invoke(Unknown Source)
	at org.junit.platform.engine.support.hierarchical.Node.around(Node.java:135)
	at org.junit.platform.engine.support.hierarchical.NodeTestTask.lambda$executeRecursively$8(NodeTestTask.java:123)
	at org.junit.platform.engine.support.hierarchical.NodeTestTask$$Lambda$177/231977479.execute(Unknown Source)
	at org.junit.platform.engine.support.hierarchical.ThrowableCollector.execute(ThrowableCollector.java:73)
	at org.junit.platform.engine.support.hierarchical.NodeTestTask.executeRecursively(NodeTestTask.java:122)
	at org.junit.platform.engine.support.hierarchical.NodeTestTask.execute(NodeTestTask.java:80)
	at org.junit.platform.engine.support.hierarchical.SameThreadHierarchicalTestExecutorService.submit(SameThreadHierarchicalTestExecutorService.java:32)
	at org.junit.platform.engine.support.hierarchical.HierarchicalTestExecutor.execute(HierarchicalTestExecutor.java:57)
	at org.junit.platform.engine.support.hierarchical.HierarchicalTestEngine.execute(HierarchicalTestEngine.java:51)
	at org.junit.platform.launcher.core.DefaultLauncher.execute(DefaultLauncher.java:248)
	at org.junit.platform.launcher.core.DefaultLauncher.lambda$execute$5(DefaultLauncher.java:211)
	at org.junit.platform.launcher.core.DefaultLauncher$$Lambda$143/233996206.accept(Unknown Source)
	at org.junit.platform.launcher.core.DefaultLauncher.withInterceptedStreams(DefaultLauncher.java:226)
	at org.junit.platform.launcher.core.DefaultLauncher.execute(DefaultLauncher.java:199)
	at org.junit.platform.launcher.core.DefaultLauncher.execute(DefaultLauncher.java:132)
	at org.apache.maven.surefire.junitplatform.JUnitPlatformProvider.invokeAllTests(JUnitPlatformProvider.java:142)
	at org.apache.maven.surefire.junitplatform.JUnitPlatformProvider.invoke(JUnitPlatformProvider.java:113)
	at org.apache.maven.surefire.booter.ForkedBooter.invokeProviderInSameClassLoader(ForkedBooter.java:384)
	at org.apache.maven.surefire.booter.ForkedBooter.runSuitesInProcess(ForkedBooter.java:345)
	at org.apache.maven.surefire.booter.ForkedBooter.execute(ForkedBooter.java:126)
	at org.apache.maven.surefire.booter.ForkedBooter.main(ForkedBooter.java:418)
2021-11-08 11:16:58,382 [myid:] - INFO  [main:FourLetterWordMain@94] - connecting to 127.0.0.1 30158
2021-11-08 11:16:58,385 [myid:1] - WARN  [nioEventLoopGroup-72-3:NettyServerCnxnFactory$CnxnChannelHandler@231] - Zookeeper server is not running, close the connection before starting the TLS handshake
2021-11-08 11:16:58,398 [myid:1] - INFO  [QuorumPeer[myid=1](plain=[0:0:0:0:0:0:0:0]:30158)(secure=disabled):FastLeaderElection@984] - Notification time out: 800
2021-11-08 11:16:58,398 [myid:2] - INFO  [QuorumPeer[myid=2](plain=[0:0:0:0:0:0:0:0]:30159)(secure=disabled):FastLeaderElection@984] - Notification time out: 800
2021-11-08 11:16:58,650 [myid:] - INFO  [main:FourLetterWordMain@94] - connecting to 127.0.0.1 30158
2021-11-08 11:16:58,651 [myid:1] - WARN  [nioEventLoopGroup-72-4:NettyServerCnxnFactory$CnxnChannelHandler@231] - Zookeeper server is not running, close the connection before starting the TLS handshake
2021-11-08 11:16:58,915 [myid:] - INFO  [main:FourLetterWordMain@94] - connecting to 127.0.0.1 30158
2021-11-08 11:16:58,916 [myid:1] - WARN  [nioEventLoopGroup-72-5:NettyServerCnxnFactory$CnxnChannelHandler@231] - Zookeeper server is not running, close the connection before starting the TLS handshake
2021-11-08 11:16:59,168 [myid:] - INFO  [main:FourLetterWordMain@94] - connecting to 127.0.0.1 30158
2021-11-08 11:16:59,169 [myid:1] - WARN  [nioEventLoopGroup-72-6:NettyServerCnxnFactory$CnxnChannelHandler@231] - Zookeeper server is not running, close the connection before starting the TLS handshake
2021-11-08 11:16:59,214 [myid:2] - INFO  [QuorumPeer[myid=2](plain=[0:0:0:0:0:0:0:0]:30159)(secure=disabled):FastLeaderElection@984] - Notification time out: 1600
2021-11-08 11:16:59,214 [myid:1] - INFO  [QuorumPeer[myid=1](plain=[0:0:0:0:0:0:0:0]:30158)(secure=disabled):FastLeaderElection@984] - Notification time out: 1600
2021-11-08 11:16:59,429 [myid:] - INFO  [main:FourLetterWordMain@94] - connecting to 127.0.0.1 30158
2021-11-08 11:16:59,430 [myid:1] - WARN  [nioEventLoopGroup-72-7:NettyServerCnxnFactory$CnxnChannelHandler@231] - Zookeeper server is not running, close the connection before starting the TLS handshake
2021-11-08 11:16:59,445 [myid:] - INFO  [main:ClientBase@267] - server 127.0.0.1:30158 not up
java.net.SocketException: Software caused connection abort: recv failed
	at java.net.SocketInputStream.socketRead0(Native Method)
	at java.net.SocketInputStream.read(SocketInputStream.java:150)
	at java.net.SocketInputStream.read(SocketInputStream.java:121)
	at sun.nio.cs.StreamDecoder.readBytes(StreamDecoder.java:284)
	at sun.nio.cs.StreamDecoder.implRead(StreamDecoder.java:326)
	at sun.nio.cs.StreamDecoder.read(StreamDecoder.java:178)
	at java.io.InputStreamReader.read(InputStreamReader.java:184)
	at java.io.BufferedReader.fill(BufferedReader.java:161)
	at java.io.BufferedReader.readLine(BufferedReader.java:324)
	at java.io.BufferedReader.readLine(BufferedReader.java:389)
	at org.apache.zookeeper.client.FourLetterWordMain.send4LetterWord(FourLetterWordMain.java:129)
	at org.apache.zookeeper.client.FourLetterWordMain.send4LetterWord(FourLetterWordMain.java:74)
	at org.apache.zookeeper.test.ClientBase.waitForServerUp(ClientBase.java:258)
	at org.apache.zookeeper.test.ClientBase.waitForServerUp(ClientBase.java:249)
	at org.apache.zookeeper.server.quorum.QuorumSSLTest.testCertificateRevocationList(QuorumSSLTest.java:716)
	at sun.reflect.NativeMethodAccessorImpl.invoke0(Native Method)
	at sun.reflect.NativeMethodAccessorImpl.invoke(NativeMethodAccessorImpl.java:62)
	at sun.reflect.DelegatingMethodAccessorImpl.invoke(DelegatingMethodAccessorImpl.java:43)
	at java.lang.reflect.Method.invoke(Method.java:483)
	at org.junit.platform.commons.util.ReflectionUtils.invokeMethod(ReflectionUtils.java:686)
	at org.junit.jupiter.engine.execution.MethodInvocation.proceed(MethodInvocation.java:60)
	at org.junit.jupiter.engine.execution.InvocationInterceptorChain$ValidatingInvocation.proceed(InvocationInterceptorChain.java:131)
	at org.junit.jupiter.engine.extension.TimeoutInvocation.proceed(TimeoutInvocation.java:46)
	at org.junit.jupiter.engine.extension.TimeoutExtension.intercept(TimeoutExtension.java:149)
	at org.junit.jupiter.engine.extension.TimeoutExtension.interceptTestableMethod(TimeoutExtension.java:140)
	at org.junit.jupiter.engine.extension.TimeoutExtension.interceptTestMethod(TimeoutExtension.java:84)
	at org.junit.jupiter.engine.descriptor.TestMethodTestDescriptor$$Lambda$111/1780132728.apply(Unknown Source)
	at org.junit.jupiter.engine.execution.ExecutableInvoker$ReflectiveInterceptorCall.lambda$ofVoidMethod$0(ExecutableInvoker.java:115)
	at org.junit.jupiter.engine.execution.ExecutableInvoker$ReflectiveInterceptorCall$$Lambda$112/1725017993.apply(Unknown Source)
	at org.junit.jupiter.engine.execution.ExecutableInvoker.lambda$invoke$0(ExecutableInvoker.java:105)
	at org.junit.jupiter.engine.execution.ExecutableInvoker$$Lambda$234/64133603.apply(Unknown Source)
	at org.junit.jupiter.engine.execution.InvocationInterceptorChain$InterceptedInvocation.proceed(InvocationInterceptorChain.java:106)
	at org.junit.jupiter.engine.execution.InvocationInterceptorChain.proceed(InvocationInterceptorChain.java:64)
	at org.junit.jupiter.engine.execution.InvocationInterceptorChain.chainAndInvoke(InvocationInterceptorChain.java:45)
	at org.junit.jupiter.engine.execution.InvocationInterceptorChain.invoke(InvocationInterceptorChain.java:37)
	at org.junit.jupiter.engine.execution.ExecutableInvoker.invoke(ExecutableInvoker.java:104)
	at org.junit.jupiter.engine.execution.ExecutableInvoker.invoke(ExecutableInvoker.java:98)
	at org.junit.jupiter.engine.descriptor.TestMethodTestDescriptor.lambda$invokeTestMethod$6(TestMethodTestDescriptor.java:212)
	at org.junit.jupiter.engine.descriptor.TestMethodTestDescriptor$$Lambda$271/224100622.execute(Unknown Source)
	at org.junit.platform.engine.support.hierarchical.ThrowableCollector.execute(ThrowableCollector.java:73)
	at org.junit.jupiter.engine.descriptor.TestMethodTestDescriptor.invokeTestMethod(TestMethodTestDescriptor.java:208)
	at org.junit.jupiter.engine.descriptor.TestMethodTestDescriptor.execute(TestMethodTestDescriptor.java:137)
	at org.junit.jupiter.engine.descriptor.TestMethodTestDescriptor.execute(TestMethodTestDescriptor.java:71)
	at org.junit.platform.engine.support.hierarchical.NodeTestTask.lambda$executeRecursively$5(NodeTestTask.java:135)
	at org.junit.platform.engine.support.hierarchical.NodeTestTask$$Lambda$179/195615004.execute(Unknown Source)
	at org.junit.platform.engine.support.hierarchical.ThrowableCollector.execute(ThrowableCollector.java:73)
	at org.junit.platform.engine.support.hierarchical.NodeTestTask.lambda$executeRecursively$7(NodeTestTask.java:125)
	at org.junit.platform.engine.support.hierarchical.NodeTestTask$$Lambda$178/1890627974.invoke(Unknown Source)
	at org.junit.platform.engine.support.hierarchical.Node.around(Node.java:135)
	at org.junit.platform.engine.support.hierarchical.NodeTestTask.lambda$executeRecursively$8(NodeTestTask.java:123)
	at org.junit.platform.engine.support.hierarchical.NodeTestTask$$Lambda$177/231977479.execute(Unknown Source)
	at org.junit.platform.engine.support.hierarchical.ThrowableCollector.execute(ThrowableCollector.java:73)
	at org.junit.platform.engine.support.hierarchical.NodeTestTask.executeRecursively(NodeTestTask.java:122)
	at org.junit.platform.engine.support.hierarchical.NodeTestTask.execute(NodeTestTask.java:80)
	at org.junit.platform.engine.support.hierarchical.SameThreadHierarchicalTestExecutorService$$Lambda$183/1381713434.accept(Unknown Source)
	at java.util.ArrayList.forEach(ArrayList.java:1249)
	at org.junit.platform.engine.support.hierarchical.SameThreadHierarchicalTestExecutorService.invokeAll(SameThreadHierarchicalTestExecutorService.java:38)
	at org.junit.platform.engine.support.hierarchical.NodeTestTask.lambda$executeRecursively$5(NodeTestTask.java:139)
	at org.junit.platform.engine.support.hierarchical.NodeTestTask$$Lambda$179/195615004.execute(Unknown Source)
	at org.junit.platform.engine.support.hierarchical.ThrowableCollector.execute(ThrowableCollector.java:73)
	at org.junit.platform.engine.support.hierarchical.NodeTestTask.lambda$executeRecursively$7(NodeTestTask.java:125)
	at org.junit.platform.engine.support.hierarchical.NodeTestTask$$Lambda$178/1890627974.invoke(Unknown Source)
	at org.junit.platform.engine.support.hierarchical.Node.around(Node.java:135)
	at org.junit.platform.engine.support.hierarchical.NodeTestTask.lambda$executeRecursively$8(NodeTestTask.java:123)
	at org.junit.platform.engine.support.hierarchical.NodeTestTask$$Lambda$177/231977479.execute(Unknown Source)
	at org.junit.platform.engine.support.hierarchical.ThrowableCollector.execute(ThrowableCollector.java:73)
	at org.junit.platform.engine.support.hierarchical.NodeTestTask.executeRecursively(NodeTestTask.java:122)
	at org.junit.platform.engine.support.hierarchical.NodeTestTask.execute(NodeTestTask.java:80)
	at org.junit.platform.engine.support.hierarchical.SameThreadHierarchicalTestExecutorService$$Lambda$183/1381713434.accept(Unknown Source)
	at java.util.ArrayList.forEach(ArrayList.java:1249)
	at org.junit.platform.engine.support.hierarchical.SameThreadHierarchicalTestExecutorService.invokeAll(SameThreadHierarchicalTestExecutorService.java:38)
	at org.junit.platform.engine.support.hierarchical.NodeTestTask.lambda$executeRecursively$5(NodeTestTask.java:139)
	at org.junit.platform.engine.support.hierarchical.NodeTestTask$$Lambda$179/195615004.execute(Unknown Source)
	at org.junit.platform.engine.support.hierarchical.ThrowableCollector.execute(ThrowableCollector.java:73)
	at org.junit.platform.engine.support.hierarchical.NodeTestTask.lambda$executeRecursively$7(NodeTestTask.java:125)
	at org.junit.platform.engine.support.hierarchical.NodeTestTask$$Lambda$178/1890627974.invoke(Unknown Source)
	at org.junit.platform.engine.support.hierarchical.Node.around(Node.java:135)
	at org.junit.platform.engine.support.hierarchical.NodeTestTask.lambda$executeRecursively$8(NodeTestTask.java:123)
	at org.junit.platform.engine.support.hierarchical.NodeTestTask$$Lambda$177/231977479.execute(Unknown Source)
	at org.junit.platform.engine.support.hierarchical.ThrowableCollector.execute(ThrowableCollector.java:73)
	at org.junit.platform.engine.support.hierarchical.NodeTestTask.executeRecursively(NodeTestTask.java:122)
	at org.junit.platform.engine.support.hierarchical.NodeTestTask.execute(NodeTestTask.java:80)
	at org.junit.platform.engine.support.hierarchical.SameThreadHierarchicalTestExecutorService.submit(SameThreadHierarchicalTestExecutorService.java:32)
	at org.junit.platform.engine.support.hierarchical.HierarchicalTestExecutor.execute(HierarchicalTestExecutor.java:57)
	at org.junit.platform.engine.support.hierarchical.HierarchicalTestEngine.execute(HierarchicalTestEngine.java:51)
	at org.junit.platform.launcher.core.DefaultLauncher.execute(DefaultLauncher.java:248)
	at org.junit.platform.launcher.core.DefaultLauncher.lambda$execute$5(DefaultLauncher.java:211)
	at org.junit.platform.launcher.core.DefaultLauncher$$Lambda$143/233996206.accept(Unknown Source)
	at org.junit.platform.launcher.core.DefaultLauncher.withInterceptedStreams(DefaultLauncher.java:226)
	at org.junit.platform.launcher.core.DefaultLauncher.execute(DefaultLauncher.java:199)
	at org.junit.platform.launcher.core.DefaultLauncher.execute(DefaultLauncher.java:132)
	at org.apache.maven.surefire.junitplatform.JUnitPlatformProvider.invokeAllTests(JUnitPlatformProvider.java:142)
	at org.apache.maven.surefire.junitplatform.JUnitPlatformProvider.invoke(JUnitPlatformProvider.java:113)
	at org.apache.maven.surefire.booter.ForkedBooter.invokeProviderInSameClassLoader(ForkedBooter.java:384)
	at org.apache.maven.surefire.booter.ForkedBooter.runSuitesInProcess(ForkedBooter.java:345)
	at org.apache.maven.surefire.booter.ForkedBooter.execute(ForkedBooter.java:126)
	at org.apache.maven.surefire.booter.ForkedBooter.main(ForkedBooter.java:418)
2021-11-08 11:16:59,697 [myid:] - INFO  [main:FourLetterWordMain@94] - connecting to 127.0.0.1 30158
2021-11-08 11:16:59,698 [myid:1] - WARN  [nioEventLoopGroup-72-8:NettyServerCnxnFactory$CnxnChannelHandler@231] - Zookeeper server is not running, close the connection before starting the TLS handshake
2021-11-08 11:16:59,963 [myid:] - INFO  [main:FourLetterWordMain@94] - connecting to 127.0.0.1 30158
2021-11-08 11:16:59,964 [myid:1] - WARN  [nioEventLoopGroup-72-9:NettyServerCnxnFactory$CnxnChannelHandler@231] - Zookeeper server is not running, close the connection before starting the TLS handshake
2021-11-08 11:16:59,979 [myid:] - INFO  [main:ClientBase@267] - server 127.0.0.1:30158 not up
java.net.SocketException: Software caused connection abort: recv failed
	at java.net.SocketInputStream.socketRead0(Native Method)
	at java.net.SocketInputStream.read(SocketInputStream.java:150)
	at java.net.SocketInputStream.read(SocketInputStream.java:121)
	at sun.nio.cs.StreamDecoder.readBytes(StreamDecoder.java:284)
	at sun.nio.cs.StreamDecoder.implRead(StreamDecoder.java:326)
	at sun.nio.cs.StreamDecoder.read(StreamDecoder.java:178)
	at java.io.InputStreamReader.read(InputStreamReader.java:184)
	at java.io.BufferedReader.fill(BufferedReader.java:161)
	at java.io.BufferedReader.readLine(BufferedReader.java:324)
	at java.io.BufferedReader.readLine(BufferedReader.java:389)
	at org.apache.zookeeper.client.FourLetterWordMain.send4LetterWord(FourLetterWordMain.java:129)
	at org.apache.zookeeper.client.FourLetterWordMain.send4LetterWord(FourLetterWordMain.java:74)
	at org.apache.zookeeper.test.ClientBase.waitForServerUp(ClientBase.java:258)
	at org.apache.zookeeper.test.ClientBase.waitForServerUp(ClientBase.java:249)
	at org.apache.zookeeper.server.quorum.QuorumSSLTest.testCertificateRevocationList(QuorumSSLTest.java:716)
	at sun.reflect.NativeMethodAccessorImpl.invoke0(Native Method)
	at sun.reflect.NativeMethodAccessorImpl.invoke(NativeMethodAccessorImpl.java:62)
	at sun.reflect.DelegatingMethodAccessorImpl.invoke(DelegatingMethodAccessorImpl.java:43)
	at java.lang.reflect.Method.invoke(Method.java:483)
	at org.junit.platform.commons.util.ReflectionUtils.invokeMethod(ReflectionUtils.java:686)
	at org.junit.jupiter.engine.execution.MethodInvocation.proceed(MethodInvocation.java:60)
	at org.junit.jupiter.engine.execution.InvocationInterceptorChain$ValidatingInvocation.proceed(InvocationInterceptorChain.java:131)
	at org.junit.jupiter.engine.extension.TimeoutInvocation.proceed(TimeoutInvocation.java:46)
	at org.junit.jupiter.engine.extension.TimeoutExtension.intercept(TimeoutExtension.java:149)
	at org.junit.jupiter.engine.extension.TimeoutExtension.interceptTestableMethod(TimeoutExtension.java:140)
	at org.junit.jupiter.engine.extension.TimeoutExtension.interceptTestMethod(TimeoutExtension.java:84)
	at org.junit.jupiter.engine.descriptor.TestMethodTestDescriptor$$Lambda$111/1780132728.apply(Unknown Source)
	at org.junit.jupiter.engine.execution.ExecutableInvoker$ReflectiveInterceptorCall.lambda$ofVoidMethod$0(ExecutableInvoker.java:115)
	at org.junit.jupiter.engine.execution.ExecutableInvoker$ReflectiveInterceptorCall$$Lambda$112/1725017993.apply(Unknown Source)
	at org.junit.jupiter.engine.execution.ExecutableInvoker.lambda$invoke$0(ExecutableInvoker.java:105)
	at org.junit.jupiter.engine.execution.ExecutableInvoker$$Lambda$234/64133603.apply(Unknown Source)
	at org.junit.jupiter.engine.execution.InvocationInterceptorChain$InterceptedInvocation.proceed(InvocationInterceptorChain.java:106)
	at org.junit.jupiter.engine.execution.InvocationInterceptorChain.proceed(InvocationInterceptorChain.java:64)
	at org.junit.jupiter.engine.execution.InvocationInterceptorChain.chainAndInvoke(InvocationInterceptorChain.java:45)
	at org.junit.jupiter.engine.execution.InvocationInterceptorChain.invoke(InvocationInterceptorChain.java:37)
	at org.junit.jupiter.engine.execution.ExecutableInvoker.invoke(ExecutableInvoker.java:104)
	at org.junit.jupiter.engine.execution.ExecutableInvoker.invoke(ExecutableInvoker.java:98)
	at org.junit.jupiter.engine.descriptor.TestMethodTestDescriptor.lambda$invokeTestMethod$6(TestMethodTestDescriptor.java:212)
	at org.junit.jupiter.engine.descriptor.TestMethodTestDescriptor$$Lambda$271/224100622.execute(Unknown Source)
	at org.junit.platform.engine.support.hierarchical.ThrowableCollector.execute(ThrowableCollector.java:73)
	at org.junit.jupiter.engine.descriptor.TestMethodTestDescriptor.invokeTestMethod(TestMethodTestDescriptor.java:208)
	at org.junit.jupiter.engine.descriptor.TestMethodTestDescriptor.execute(TestMethodTestDescriptor.java:137)
	at org.junit.jupiter.engine.descriptor.TestMethodTestDescriptor.execute(TestMethodTestDescriptor.java:71)
	at org.junit.platform.engine.support.hierarchical.NodeTestTask.lambda$executeRecursively$5(NodeTestTask.java:135)
	at org.junit.platform.engine.support.hierarchical.NodeTestTask$$Lambda$179/195615004.execute(Unknown Source)
	at org.junit.platform.engine.support.hierarchical.ThrowableCollector.execute(ThrowableCollector.java:73)
	at org.junit.platform.engine.support.hierarchical.NodeTestTask.lambda$executeRecursively$7(NodeTestTask.java:125)
	at org.junit.platform.engine.support.hierarchical.NodeTestTask$$Lambda$178/1890627974.invoke(Unknown Source)
	at org.junit.platform.engine.support.hierarchical.Node.around(Node.java:135)
	at org.junit.platform.engine.support.hierarchical.NodeTestTask.lambda$executeRecursively$8(NodeTestTask.java:123)
	at org.junit.platform.engine.support.hierarchical.NodeTestTask$$Lambda$177/231977479.execute(Unknown Source)
	at org.junit.platform.engine.support.hierarchical.ThrowableCollector.execute(ThrowableCollector.java:73)
	at org.junit.platform.engine.support.hierarchical.NodeTestTask.executeRecursively(NodeTestTask.java:122)
	at org.junit.platform.engine.support.hierarchical.NodeTestTask.execute(NodeTestTask.java:80)
	at org.junit.platform.engine.support.hierarchical.SameThreadHierarchicalTestExecutorService$$Lambda$183/1381713434.accept(Unknown Source)
	at java.util.ArrayList.forEach(ArrayList.java:1249)
	at org.junit.platform.engine.support.hierarchical.SameThreadHierarchicalTestExecutorService.invokeAll(SameThreadHierarchicalTestExecutorService.java:38)
	at org.junit.platform.engine.support.hierarchical.NodeTestTask.lambda$executeRecursively$5(NodeTestTask.java:139)
	at org.junit.platform.engine.support.hierarchical.NodeTestTask$$Lambda$179/195615004.execute(Unknown Source)
	at org.junit.platform.engine.support.hierarchical.ThrowableCollector.execute(ThrowableCollector.java:73)
	at org.junit.platform.engine.support.hierarchical.NodeTestTask.lambda$executeRecursively$7(NodeTestTask.java:125)
	at org.junit.platform.engine.support.hierarchical.NodeTestTask$$Lambda$178/1890627974.invoke(Unknown Source)
	at org.junit.platform.engine.support.hierarchical.Node.around(Node.java:135)
	at org.junit.platform.engine.support.hierarchical.NodeTestTask.lambda$executeRecursively$8(NodeTestTask.java:123)
	at org.junit.platform.engine.support.hierarchical.NodeTestTask$$Lambda$177/231977479.execute(Unknown Source)
	at org.junit.platform.engine.support.hierarchical.ThrowableCollector.execute(ThrowableCollector.java:73)
	at org.junit.platform.engine.support.hierarchical.NodeTestTask.executeRecursively(NodeTestTask.java:122)
	at org.junit.platform.engine.support.hierarchical.NodeTestTask.execute(NodeTestTask.java:80)
	at org.junit.platform.engine.support.hierarchical.SameThreadHierarchicalTestExecutorService$$Lambda$183/1381713434.accept(Unknown Source)
	at java.util.ArrayList.forEach(ArrayList.java:1249)
	at org.junit.platform.engine.support.hierarchical.SameThreadHierarchicalTestExecutorService.invokeAll(SameThreadHierarchicalTestExecutorService.java:38)
	at org.junit.platform.engine.support.hierarchical.NodeTestTask.lambda$executeRecursively$5(NodeTestTask.java:139)
	at org.junit.platform.engine.support.hierarchical.NodeTestTask$$Lambda$179/195615004.execute(Unknown Source)
	at org.junit.platform.engine.support.hierarchical.ThrowableCollector.execute(ThrowableCollector.java:73)
	at org.junit.platform.engine.support.hierarchical.NodeTestTask.lambda$executeRecursively$7(NodeTestTask.java:125)
	at org.junit.platform.engine.support.hierarchical.NodeTestTask$$Lambda$178/1890627974.invoke(Unknown Source)
	at org.junit.platform.engine.support.hierarchical.Node.around(Node.java:135)
	at org.junit.platform.engine.support.hierarchical.NodeTestTask.lambda$executeRecursively$8(NodeTestTask.java:123)
	at org.junit.platform.engine.support.hierarchical.NodeTestTask$$Lambda$177/231977479.execute(Unknown Source)
	at org.junit.platform.engine.support.hierarchical.ThrowableCollector.execute(ThrowableCollector.java:73)
	at org.junit.platform.engine.support.hierarchical.NodeTestTask.executeRecursively(NodeTestTask.java:122)
	at org.junit.platform.engine.support.hierarchical.NodeTestTask.execute(NodeTestTask.java:80)
	at org.junit.platform.engine.support.hierarchical.SameThreadHierarchicalTestExecutorService.submit(SameThreadHierarchicalTestExecutorService.java:32)
	at org.junit.platform.engine.support.hierarchical.HierarchicalTestExecutor.execute(HierarchicalTestExecutor.java:57)
	at org.junit.platform.engine.support.hierarchical.HierarchicalTestEngine.execute(HierarchicalTestEngine.java:51)
	at org.junit.platform.launcher.core.DefaultLauncher.execute(DefaultLauncher.java:248)
	at org.junit.platform.launcher.core.DefaultLauncher.lambda$execute$5(DefaultLauncher.java:211)
	at org.junit.platform.launcher.core.DefaultLauncher$$Lambda$143/233996206.accept(Unknown Source)
	at org.junit.platform.launcher.core.DefaultLauncher.withInterceptedStreams(DefaultLauncher.java:226)
	at org.junit.platform.launcher.core.DefaultLauncher.execute(DefaultLauncher.java:199)
	at org.junit.platform.launcher.core.DefaultLauncher.execute(DefaultLauncher.java:132)
	at org.apache.maven.surefire.junitplatform.JUnitPlatformProvider.invokeAllTests(JUnitPlatformProvider.java:142)
	at org.apache.maven.surefire.junitplatform.JUnitPlatformProvider.invoke(JUnitPlatformProvider.java:113)
	at org.apache.maven.surefire.booter.ForkedBooter.invokeProviderInSameClassLoader(ForkedBooter.java:384)
	at org.apache.maven.surefire.booter.ForkedBooter.runSuitesInProcess(ForkedBooter.java:345)
	at org.apache.maven.surefire.booter.ForkedBooter.execute(ForkedBooter.java:126)
	at org.apache.maven.surefire.booter.ForkedBooter.main(ForkedBooter.java:418)
2021-11-08 11:17:00,244 [myid:] - INFO  [main:FourLetterWordMain@94] - connecting to 127.0.0.1 30158
2021-11-08 11:17:00,245 [myid:1] - WARN  [nioEventLoopGroup-72-10:NettyServerCnxnFactory$CnxnChannelHandler@231] - Zookeeper server is not running, close the connection before starting the TLS handshake
2021-11-08 11:17:00,495 [myid:] - INFO  [main:FourLetterWordMain@94] - connecting to 127.0.0.1 30158
2021-11-08 11:17:00,498 [myid:1] - WARN  [nioEventLoopGroup-72-11:NettyServerCnxnFactory$CnxnChannelHandler@231] - Zookeeper server is not running, close the connection before starting the TLS handshake
2021-11-08 11:17:00,760 [myid:] - INFO  [main:FourLetterWordMain@94] - connecting to 127.0.0.1 30158
2021-11-08 11:17:00,761 [myid:1] - WARN  [nioEventLoopGroup-72-12:NettyServerCnxnFactory$CnxnChannelHandler@231] - Zookeeper server is not running, close the connection before starting the TLS handshake
2021-11-08 11:17:00,820 [myid:1] - INFO  [QuorumPeer[myid=1](plain=[0:0:0:0:0:0:0:0]:30158)(secure=disabled):FastLeaderElection@984] - Notification time out: 3200
2021-11-08 11:17:00,821 [myid:2] - INFO  [QuorumPeer[myid=2](plain=[0:0:0:0:0:0:0:0]:30159)(secure=disabled):FastLeaderElection@984] - Notification time out: 3200
2021-11-08 11:17:01,024 [myid:] - INFO  [main:FourLetterWordMain@94] - connecting to 127.0.0.1 30158
2021-11-08 11:17:01,026 [myid:1] - WARN  [nioEventLoopGroup-72-1:NettyServerCnxnFactory$CnxnChannelHandler@231] - Zookeeper server is not running, close the connection before starting the TLS handshake
2021-11-08 11:17:01,292 [myid:] - INFO  [main:FourLetterWordMain@94] - connecting to 127.0.0.1 30158
2021-11-08 11:17:01,292 [myid:1] - WARN  [nioEventLoopGroup-72-2:NettyServerCnxnFactory$CnxnChannelHandler@231] - Zookeeper server is not running, close the connection before starting the TLS handshake
2021-11-08 11:17:01,557 [myid:] - INFO  [main:FourLetterWordMain@94] - connecting to 127.0.0.1 30158
2021-11-08 11:17:01,559 [myid:1] - WARN  [nioEventLoopGroup-72-3:NettyServerCnxnFactory$CnxnChannelHandler@231] - Zookeeper server is not running, close the connection before starting the TLS handshake
2021-11-08 11:17:01,812 [myid:] - INFO  [main:FourLetterWordMain@94] - connecting to 127.0.0.1 30158
2021-11-08 11:17:01,812 [myid:1] - WARN  [nioEventLoopGroup-72-4:NettyServerCnxnFactory$CnxnChannelHandler@231] - Zookeeper server is not running, close the connection before starting the TLS handshake
2021-11-08 11:17:02,062 [myid:] - INFO  [main:FourLetterWordMain@94] - connecting to 127.0.0.1 30158
2021-11-08 11:17:02,063 [myid:1] - WARN  [nioEventLoopGroup-72-5:NettyServerCnxnFactory$CnxnChannelHandler@231] - Zookeeper server is not running, close the connection before starting the TLS handshake
2021-11-08 11:17:02,314 [myid:] - INFO  [main:FourLetterWordMain@94] - connecting to 127.0.0.1 30158
2021-11-08 11:17:02,314 [myid:1] - WARN  [nioEventLoopGroup-72-6:NettyServerCnxnFactory$CnxnChannelHandler@231] - Zookeeper server is not running, close the connection before starting the TLS handshake
2021-11-08 11:17:02,577 [myid:] - INFO  [main:FourLetterWordMain@94] - connecting to 127.0.0.1 30158
2021-11-08 11:17:02,578 [myid:1] - WARN  [nioEventLoopGroup-72-7:NettyServerCnxnFactory$CnxnChannelHandler@231] - Zookeeper server is not running, close the connection before starting the TLS handshake
2021-11-08 11:17:02,593 [myid:] - INFO  [main:ClientBase@267] - server 127.0.0.1:30158 not up
java.net.SocketException: Software caused connection abort: recv failed
	at java.net.SocketInputStream.socketRead0(Native Method)
	at java.net.SocketInputStream.read(SocketInputStream.java:150)
	at java.net.SocketInputStream.read(SocketInputStream.java:121)
	at sun.nio.cs.StreamDecoder.readBytes(StreamDecoder.java:284)
	at sun.nio.cs.StreamDecoder.implRead(StreamDecoder.java:326)
	at sun.nio.cs.StreamDecoder.read(StreamDecoder.java:178)
	at java.io.InputStreamReader.read(InputStreamReader.java:184)
	at java.io.BufferedReader.fill(BufferedReader.java:161)
	at java.io.BufferedReader.readLine(BufferedReader.java:324)
	at java.io.BufferedReader.readLine(BufferedReader.java:389)
	at org.apache.zookeeper.client.FourLetterWordMain.send4LetterWord(FourLetterWordMain.java:129)
	at org.apache.zookeeper.client.FourLetterWordMain.send4LetterWord(FourLetterWordMain.java:74)
	at org.apache.zookeeper.test.ClientBase.waitForServerUp(ClientBase.java:258)
	at org.apache.zookeeper.test.ClientBase.waitForServerUp(ClientBase.java:249)
	at org.apache.zookeeper.server.quorum.QuorumSSLTest.testCertificateRevocationList(QuorumSSLTest.java:716)
	at sun.reflect.NativeMethodAccessorImpl.invoke0(Native Method)
	at sun.reflect.NativeMethodAccessorImpl.invoke(NativeMethodAccessorImpl.java:62)
	at sun.reflect.DelegatingMethodAccessorImpl.invoke(DelegatingMethodAccessorImpl.java:43)
	at java.lang.reflect.Method.invoke(Method.java:483)
	at org.junit.platform.commons.util.ReflectionUtils.invokeMethod(ReflectionUtils.java:686)
	at org.junit.jupiter.engine.execution.MethodInvocation.proceed(MethodInvocation.java:60)
	at org.junit.jupiter.engine.execution.InvocationInterceptorChain$ValidatingInvocation.proceed(InvocationInterceptorChain.java:131)
	at org.junit.jupiter.engine.extension.TimeoutInvocation.proceed(TimeoutInvocation.java:46)
	at org.junit.jupiter.engine.extension.TimeoutExtension.intercept(TimeoutExtension.java:149)
	at org.junit.jupiter.engine.extension.TimeoutExtension.interceptTestableMethod(TimeoutExtension.java:140)
	at org.junit.jupiter.engine.extension.TimeoutExtension.interceptTestMethod(TimeoutExtension.java:84)
	at org.junit.jupiter.engine.descriptor.TestMethodTestDescriptor$$Lambda$111/1780132728.apply(Unknown Source)
	at org.junit.jupiter.engine.execution.ExecutableInvoker$ReflectiveInterceptorCall.lambda$ofVoidMethod$0(ExecutableInvoker.java:115)
	at org.junit.jupiter.engine.execution.ExecutableInvoker$ReflectiveInterceptorCall$$Lambda$112/1725017993.apply(Unknown Source)
	at org.junit.jupiter.engine.execution.ExecutableInvoker.lambda$invoke$0(ExecutableInvoker.java:105)
	at org.junit.jupiter.engine.execution.ExecutableInvoker$$Lambda$234/64133603.apply(Unknown Source)
	at org.junit.jupiter.engine.execution.InvocationInterceptorChain$InterceptedInvocation.proceed(InvocationInterceptorChain.java:106)
	at org.junit.jupiter.engine.execution.InvocationInterceptorChain.proceed(InvocationInterceptorChain.java:64)
	at org.junit.jupiter.engine.execution.InvocationInterceptorChain.chainAndInvoke(InvocationInterceptorChain.java:45)
	at org.junit.jupiter.engine.execution.InvocationInterceptorChain.invoke(InvocationInterceptorChain.java:37)
	at org.junit.jupiter.engine.execution.ExecutableInvoker.invoke(ExecutableInvoker.java:104)
	at org.junit.jupiter.engine.execution.ExecutableInvoker.invoke(ExecutableInvoker.java:98)
	at org.junit.jupiter.engine.descriptor.TestMethodTestDescriptor.lambda$invokeTestMethod$6(TestMethodTestDescriptor.java:212)
	at org.junit.jupiter.engine.descriptor.TestMethodTestDescriptor$$Lambda$271/224100622.execute(Unknown Source)
	at org.junit.platform.engine.support.hierarchical.ThrowableCollector.execute(ThrowableCollector.java:73)
	at org.junit.jupiter.engine.descriptor.TestMethodTestDescriptor.invokeTestMethod(TestMethodTestDescriptor.java:208)
	at org.junit.jupiter.engine.descriptor.TestMethodTestDescriptor.execute(TestMethodTestDescriptor.java:137)
	at org.junit.jupiter.engine.descriptor.TestMethodTestDescriptor.execute(TestMethodTestDescriptor.java:71)
	at org.junit.platform.engine.support.hierarchical.NodeTestTask.lambda$executeRecursively$5(NodeTestTask.java:135)
	at org.junit.platform.engine.support.hierarchical.NodeTestTask$$Lambda$179/195615004.execute(Unknown Source)
	at org.junit.platform.engine.support.hierarchical.ThrowableCollector.execute(ThrowableCollector.java:73)
	at org.junit.platform.engine.support.hierarchical.NodeTestTask.lambda$executeRecursively$7(NodeTestTask.java:125)
	at org.junit.platform.engine.support.hierarchical.NodeTestTask$$Lambda$178/1890627974.invoke(Unknown Source)
	at org.junit.platform.engine.support.hierarchical.Node.around(Node.java:135)
	at org.junit.platform.engine.support.hierarchical.NodeTestTask.lambda$executeRecursively$8(NodeTestTask.java:123)
	at org.junit.platform.engine.support.hierarchical.NodeTestTask$$Lambda$177/231977479.execute(Unknown Source)
	at org.junit.platform.engine.support.hierarchical.ThrowableCollector.execute(ThrowableCollector.java:73)
	at org.junit.platform.engine.support.hierarchical.NodeTestTask.executeRecursively(NodeTestTask.java:122)
	at org.junit.platform.engine.support.hierarchical.NodeTestTask.execute(NodeTestTask.java:80)
	at org.junit.platform.engine.support.hierarchical.SameThreadHierarchicalTestExecutorService$$Lambda$183/1381713434.accept(Unknown Source)
	at java.util.ArrayList.forEach(ArrayList.java:1249)
	at org.junit.platform.engine.support.hierarchical.SameThreadHierarchicalTestExecutorService.invokeAll(SameThreadHierarchicalTestExecutorService.java:38)
	at org.junit.platform.engine.support.hierarchical.NodeTestTask.lambda$executeRecursively$5(NodeTestTask.java:139)
	at org.junit.platform.engine.support.hierarchical.NodeTestTask$$Lambda$179/195615004.execute(Unknown Source)
	at org.junit.platform.engine.support.hierarchical.ThrowableCollector.execute(ThrowableCollector.java:73)
	at org.junit.platform.engine.support.hierarchical.NodeTestTask.lambda$executeRecursively$7(NodeTestTask.java:125)
	at org.junit.platform.engine.support.hierarchical.NodeTestTask$$Lambda$178/1890627974.invoke(Unknown Source)
	at org.junit.platform.engine.support.hierarchical.Node.around(Node.java:135)
	at org.junit.platform.engine.support.hierarchical.NodeTestTask.lambda$executeRecursively$8(NodeTestTask.java:123)
	at org.junit.platform.engine.support.hierarchical.NodeTestTask$$Lambda$177/231977479.execute(Unknown Source)
	at org.junit.platform.engine.support.hierarchical.ThrowableCollector.execute(ThrowableCollector.java:73)
	at org.junit.platform.engine.support.hierarchical.NodeTestTask.executeRecursively(NodeTestTask.java:122)
	at org.junit.platform.engine.support.hierarchical.NodeTestTask.execute(NodeTestTask.java:80)
	at org.junit.platform.engine.support.hierarchical.SameThreadHierarchicalTestExecutorService$$Lambda$183/1381713434.accept(Unknown Source)
	at java.util.ArrayList.forEach(ArrayList.java:1249)
	at org.junit.platform.engine.support.hierarchical.SameThreadHierarchicalTestExecutorService.invokeAll(SameThreadHierarchicalTestExecutorService.java:38)
	at org.junit.platform.engine.support.hierarchical.NodeTestTask.lambda$executeRecursively$5(NodeTestTask.java:139)
	at org.junit.platform.engine.support.hierarchical.NodeTestTask$$Lambda$179/195615004.execute(Unknown Source)
	at org.junit.platform.engine.support.hierarchical.ThrowableCollector.execute(ThrowableCollector.java:73)
	at org.junit.platform.engine.support.hierarchical.NodeTestTask.lambda$executeRecursively$7(NodeTestTask.java:125)
	at org.junit.platform.engine.support.hierarchical.NodeTestTask$$Lambda$178/1890627974.invoke(Unknown Source)
	at org.junit.platform.engine.support.hierarchical.Node.around(Node.java:135)
	at org.junit.platform.engine.support.hierarchical.NodeTestTask.lambda$executeRecursively$8(NodeTestTask.java:123)
	at org.junit.platform.engine.support.hierarchical.NodeTestTask$$Lambda$177/231977479.execute(Unknown Source)
	at org.junit.platform.engine.support.hierarchical.ThrowableCollector.execute(ThrowableCollector.java:73)
	at org.junit.platform.engine.support.hierarchical.NodeTestTask.executeRecursively(NodeTestTask.java:122)
	at org.junit.platform.engine.support.hierarchical.NodeTestTask.execute(NodeTestTask.java:80)
	at org.junit.platform.engine.support.hierarchical.SameThreadHierarchicalTestExecutorService.submit(SameThreadHierarchicalTestExecutorService.java:32)
	at org.junit.platform.engine.support.hierarchical.HierarchicalTestExecutor.execute(HierarchicalTestExecutor.java:57)
	at org.junit.platform.engine.support.hierarchical.HierarchicalTestEngine.execute(HierarchicalTestEngine.java:51)
	at org.junit.platform.launcher.core.DefaultLauncher.execute(DefaultLauncher.java:248)
	at org.junit.platform.launcher.core.DefaultLauncher.lambda$execute$5(DefaultLauncher.java:211)
	at org.junit.platform.launcher.core.DefaultLauncher$$Lambda$143/233996206.accept(Unknown Source)
	at org.junit.platform.launcher.core.DefaultLauncher.withInterceptedStreams(DefaultLauncher.java:226)
	at org.junit.platform.launcher.core.DefaultLauncher.execute(DefaultLauncher.java:199)
	at org.junit.platform.launcher.core.DefaultLauncher.execute(DefaultLauncher.java:132)
	at org.apache.maven.surefire.junitplatform.JUnitPlatformProvider.invokeAllTests(JUnitPlatformProvider.java:142)
	at org.apache.maven.surefire.junitplatform.JUnitPlatformProvider.invoke(JUnitPlatformProvider.java:113)
	at org.apache.maven.surefire.booter.ForkedBooter.invokeProviderInSameClassLoader(ForkedBooter.java:384)
	at org.apache.maven.surefire.booter.ForkedBooter.runSuitesInProcess(ForkedBooter.java:345)
	at org.apache.maven.surefire.booter.ForkedBooter.execute(ForkedBooter.java:126)
	at org.apache.maven.surefire.booter.ForkedBooter.main(ForkedBooter.java:418)
2021-11-08 11:17:02,845 [myid:] - INFO  [main:FourLetterWordMain@94] - connecting to 127.0.0.1 30158
2021-11-08 11:17:02,845 [myid:1] - WARN  [nioEventLoopGroup-72-8:NettyServerCnxnFactory$CnxnChannelHandler@231] - Zookeeper server is not running, close the connection before starting the TLS handshake
2021-11-08 11:17:03,107 [myid:] - INFO  [main:FourLetterWordMain@94] - connecting to 127.0.0.1 30158
2021-11-08 11:17:03,109 [myid:1] - WARN  [nioEventLoopGroup-72-9:NettyServerCnxnFactory$CnxnChannelHandler@231] - Zookeeper server is not running, close the connection before starting the TLS handshake
2021-11-08 11:17:03,374 [myid:] - INFO  [main:FourLetterWordMain@94] - connecting to 127.0.0.1 30158
2021-11-08 11:17:03,374 [myid:1] - WARN  [nioEventLoopGroup-72-10:NettyServerCnxnFactory$CnxnChannelHandler@231] - Zookeeper server is not running, close the connection before starting the TLS handshake
2021-11-08 11:17:03,625 [myid:] - INFO  [main:FourLetterWordMain@94] - connecting to 127.0.0.1 30158
2021-11-08 11:17:03,625 [myid:1] - WARN  [nioEventLoopGroup-72-11:NettyServerCnxnFactory$CnxnChannelHandler@231] - Zookeeper server is not running, close the connection before starting the TLS handshake
2021-11-08 11:17:03,640 [myid:] - INFO  [main:ClientBase@267] - server 127.0.0.1:30158 not up
java.net.SocketException: Software caused connection abort: recv failed
	at java.net.SocketInputStream.socketRead0(Native Method)
	at java.net.SocketInputStream.read(SocketInputStream.java:150)
	at java.net.SocketInputStream.read(SocketInputStream.java:121)
	at sun.nio.cs.StreamDecoder.readBytes(StreamDecoder.java:284)
	at sun.nio.cs.StreamDecoder.implRead(StreamDecoder.java:326)
	at sun.nio.cs.StreamDecoder.read(StreamDecoder.java:178)
	at java.io.InputStreamReader.read(InputStreamReader.java:184)
	at java.io.BufferedReader.fill(BufferedReader.java:161)
	at java.io.BufferedReader.readLine(BufferedReader.java:324)
	at java.io.BufferedReader.readLine(BufferedReader.java:389)
	at org.apache.zookeeper.client.FourLetterWordMain.send4LetterWord(FourLetterWordMain.java:129)
	at org.apache.zookeeper.client.FourLetterWordMain.send4LetterWord(FourLetterWordMain.java:74)
	at org.apache.zookeeper.test.ClientBase.waitForServerUp(ClientBase.java:258)
	at org.apache.zookeeper.test.ClientBase.waitForServerUp(ClientBase.java:249)
	at org.apache.zookeeper.server.quorum.QuorumSSLTest.testCertificateRevocationList(QuorumSSLTest.java:716)
	at sun.reflect.NativeMethodAccessorImpl.invoke0(Native Method)
	at sun.reflect.NativeMethodAccessorImpl.invoke(NativeMethodAccessorImpl.java:62)
	at sun.reflect.DelegatingMethodAccessorImpl.invoke(DelegatingMethodAccessorImpl.java:43)
	at java.lang.reflect.Method.invoke(Method.java:483)
	at org.junit.platform.commons.util.ReflectionUtils.invokeMethod(ReflectionUtils.java:686)
	at org.junit.jupiter.engine.execution.MethodInvocation.proceed(MethodInvocation.java:60)
	at org.junit.jupiter.engine.execution.InvocationInterceptorChain$ValidatingInvocation.proceed(InvocationInterceptorChain.java:131)
	at org.junit.jupiter.engine.extension.TimeoutInvocation.proceed(TimeoutInvocation.java:46)
	at org.junit.jupiter.engine.extension.TimeoutExtension.intercept(TimeoutExtension.java:149)
	at org.junit.jupiter.engine.extension.TimeoutExtension.interceptTestableMethod(TimeoutExtension.java:140)
	at org.junit.jupiter.engine.extension.TimeoutExtension.interceptTestMethod(TimeoutExtension.java:84)
	at org.junit.jupiter.engine.descriptor.TestMethodTestDescriptor$$Lambda$111/1780132728.apply(Unknown Source)
	at org.junit.jupiter.engine.execution.ExecutableInvoker$ReflectiveInterceptorCall.lambda$ofVoidMethod$0(ExecutableInvoker.java:115)
	at org.junit.jupiter.engine.execution.ExecutableInvoker$ReflectiveInterceptorCall$$Lambda$112/1725017993.apply(Unknown Source)
	at org.junit.jupiter.engine.execution.ExecutableInvoker.lambda$invoke$0(ExecutableInvoker.java:105)
	at org.junit.jupiter.engine.execution.ExecutableInvoker$$Lambda$234/64133603.apply(Unknown Source)
	at org.junit.jupiter.engine.execution.InvocationInterceptorChain$InterceptedInvocation.proceed(InvocationInterceptorChain.java:106)
	at org.junit.jupiter.engine.execution.InvocationInterceptorChain.proceed(InvocationInterceptorChain.java:64)
	at org.junit.jupiter.engine.execution.InvocationInterceptorChain.chainAndInvoke(InvocationInterceptorChain.java:45)
	at org.junit.jupiter.engine.execution.InvocationInterceptorChain.invoke(InvocationInterceptorChain.java:37)
	at org.junit.jupiter.engine.execution.ExecutableInvoker.invoke(ExecutableInvoker.java:104)
	at org.junit.jupiter.engine.execution.ExecutableInvoker.invoke(ExecutableInvoker.java:98)
	at org.junit.jupiter.engine.descriptor.TestMethodTestDescriptor.lambda$invokeTestMethod$6(TestMethodTestDescriptor.java:212)
	at org.junit.jupiter.engine.descriptor.TestMethodTestDescriptor$$Lambda$271/224100622.execute(Unknown Source)
	at org.junit.platform.engine.support.hierarchical.ThrowableCollector.execute(ThrowableCollector.java:73)
	at org.junit.jupiter.engine.descriptor.TestMethodTestDescriptor.invokeTestMethod(TestMethodTestDescriptor.java:208)
	at org.junit.jupiter.engine.descriptor.TestMethodTestDescriptor.execute(TestMethodTestDescriptor.java:137)
	at org.junit.jupiter.engine.descriptor.TestMethodTestDescriptor.execute(TestMethodTestDescriptor.java:71)
	at org.junit.platform.engine.support.hierarchical.NodeTestTask.lambda$executeRecursively$5(NodeTestTask.java:135)
	at org.junit.platform.engine.support.hierarchical.NodeTestTask$$Lambda$179/195615004.execute(Unknown Source)
	at org.junit.platform.engine.support.hierarchical.ThrowableCollector.execute(ThrowableCollector.java:73)
	at org.junit.platform.engine.support.hierarchical.NodeTestTask.lambda$executeRecursively$7(NodeTestTask.java:125)
	at org.junit.platform.engine.support.hierarchical.NodeTestTask$$Lambda$178/1890627974.invoke(Unknown Source)
	at org.junit.platform.engine.support.hierarchical.Node.around(Node.java:135)
	at org.junit.platform.engine.support.hierarchical.NodeTestTask.lambda$executeRecursively$8(NodeTestTask.java:123)
	at org.junit.platform.engine.support.hierarchical.NodeTestTask$$Lambda$177/231977479.execute(Unknown Source)
	at org.junit.platform.engine.support.hierarchical.ThrowableCollector.execute(ThrowableCollector.java:73)
	at org.junit.platform.engine.support.hierarchical.NodeTestTask.executeRecursively(NodeTestTask.java:122)
	at org.junit.platform.engine.support.hierarchical.NodeTestTask.execute(NodeTestTask.java:80)
	at org.junit.platform.engine.support.hierarchical.SameThreadHierarchicalTestExecutorService$$Lambda$183/1381713434.accept(Unknown Source)
	at java.util.ArrayList.forEach(ArrayList.java:1249)
	at org.junit.platform.engine.support.hierarchical.SameThreadHierarchicalTestExecutorService.invokeAll(SameThreadHierarchicalTestExecutorService.java:38)
	at org.junit.platform.engine.support.hierarchical.NodeTestTask.lambda$executeRecursively$5(NodeTestTask.java:139)
	at org.junit.platform.engine.support.hierarchical.NodeTestTask$$Lambda$179/195615004.execute(Unknown Source)
	at org.junit.platform.engine.support.hierarchical.ThrowableCollector.execute(ThrowableCollector.java:73)
	at org.junit.platform.engine.support.hierarchical.NodeTestTask.lambda$executeRecursively$7(NodeTestTask.java:125)
	at org.junit.platform.engine.support.hierarchical.NodeTestTask$$Lambda$178/1890627974.invoke(Unknown Source)
	at org.junit.platform.engine.support.hierarchical.Node.around(Node.java:135)
	at org.junit.platform.engine.support.hierarchical.NodeTestTask.lambda$executeRecursively$8(NodeTestTask.java:123)
	at org.junit.platform.engine.support.hierarchical.NodeTestTask$$Lambda$177/231977479.execute(Unknown Source)
	at org.junit.platform.engine.support.hierarchical.ThrowableCollector.execute(ThrowableCollector.java:73)
	at org.junit.platform.engine.support.hierarchical.NodeTestTask.executeRecursively(NodeTestTask.java:122)
	at org.junit.platform.engine.support.hierarchical.NodeTestTask.execute(NodeTestTask.java:80)
	at org.junit.platform.engine.support.hierarchical.SameThreadHierarchicalTestExecutorService$$Lambda$183/1381713434.accept(Unknown Source)
	at java.util.ArrayList.forEach(ArrayList.java:1249)
	at org.junit.platform.engine.support.hierarchical.SameThreadHierarchicalTestExecutorService.invokeAll(SameThreadHierarchicalTestExecutorService.java:38)
	at org.junit.platform.engine.support.hierarchical.NodeTestTask.lambda$executeRecursively$5(NodeTestTask.java:139)
	at org.junit.platform.engine.support.hierarchical.NodeTestTask$$Lambda$179/195615004.execute(Unknown Source)
	at org.junit.platform.engine.support.hierarchical.ThrowableCollector.execute(ThrowableCollector.java:73)
	at org.junit.platform.engine.support.hierarchical.NodeTestTask.lambda$executeRecursively$7(NodeTestTask.java:125)
	at org.junit.platform.engine.support.hierarchical.NodeTestTask$$Lambda$178/1890627974.invoke(Unknown Source)
	at org.junit.platform.engine.support.hierarchical.Node.around(Node.java:135)
	at org.junit.platform.engine.support.hierarchical.NodeTestTask.lambda$executeRecursively$8(NodeTestTask.java:123)
	at org.junit.platform.engine.support.hierarchical.NodeTestTask$$Lambda$177/231977479.execute(Unknown Source)
	at org.junit.platform.engine.support.hierarchical.ThrowableCollector.execute(ThrowableCollector.java:73)
	at org.junit.platform.engine.support.hierarchical.NodeTestTask.executeRecursively(NodeTestTask.java:122)
	at org.junit.platform.engine.support.hierarchical.NodeTestTask.execute(NodeTestTask.java:80)
	at org.junit.platform.engine.support.hierarchical.SameThreadHierarchicalTestExecutorService.submit(SameThreadHierarchicalTestExecutorService.java:32)
	at org.junit.platform.engine.support.hierarchical.HierarchicalTestExecutor.execute(HierarchicalTestExecutor.java:57)
	at org.junit.platform.engine.support.hierarchical.HierarchicalTestEngine.execute(HierarchicalTestEngine.java:51)
	at org.junit.platform.launcher.core.DefaultLauncher.execute(DefaultLauncher.java:248)
	at org.junit.platform.launcher.core.DefaultLauncher.lambda$execute$5(DefaultLauncher.java:211)
	at org.junit.platform.launcher.core.DefaultLauncher$$Lambda$143/233996206.accept(Unknown Source)
	at org.junit.platform.launcher.core.DefaultLauncher.withInterceptedStreams(DefaultLauncher.java:226)
	at org.junit.platform.launcher.core.DefaultLauncher.execute(DefaultLauncher.java:199)
	at org.junit.platform.launcher.core.DefaultLauncher.execute(DefaultLauncher.java:132)
	at org.apache.maven.surefire.junitplatform.JUnitPlatformProvider.invokeAllTests(JUnitPlatformProvider.java:142)
	at org.apache.maven.surefire.junitplatform.JUnitPlatformProvider.invoke(JUnitPlatformProvider.java:113)
	at org.apache.maven.surefire.booter.ForkedBooter.invokeProviderInSameClassLoader(ForkedBooter.java:384)
	at org.apache.maven.surefire.booter.ForkedBooter.runSuitesInProcess(ForkedBooter.java:345)
	at org.apache.maven.surefire.booter.ForkedBooter.execute(ForkedBooter.java:126)
	at org.apache.maven.surefire.booter.ForkedBooter.main(ForkedBooter.java:418)
2021-11-08 11:17:03,904 [myid:] - INFO  [main:FourLetterWordMain@94] - connecting to 127.0.0.1 30158
2021-11-08 11:17:03,904 [myid:1] - WARN  [nioEventLoopGroup-72-12:NettyServerCnxnFactory$CnxnChannelHandler@231] - Zookeeper server is not running, close the connection before starting the TLS handshake
2021-11-08 11:17:04,029 [myid:2] - INFO  [QuorumPeer[myid=2](plain=[0:0:0:0:0:0:0:0]:30159)(secure=disabled):FastLeaderElection@984] - Notification time out: 6400
2021-11-08 11:17:04,029 [myid:1] - INFO  [QuorumPeer[myid=1](plain=[0:0:0:0:0:0:0:0]:30158)(secure=disabled):FastLeaderElection@984] - Notification time out: 6400
2021-11-08 11:17:04,168 [myid:] - INFO  [main:FourLetterWordMain@94] - connecting to 127.0.0.1 30158
2021-11-08 11:17:04,168 [myid:1] - WARN  [nioEventLoopGroup-72-1:NettyServerCnxnFactory$CnxnChannelHandler@231] - Zookeeper server is not running, close the connection before starting the TLS handshake
2021-11-08 11:17:04,183 [myid:] - INFO  [main:ClientBase@267] - server 127.0.0.1:30158 not up
java.net.SocketException: Software caused connection abort: recv failed
	at java.net.SocketInputStream.socketRead0(Native Method)
	at java.net.SocketInputStream.read(SocketInputStream.java:150)
	at java.net.SocketInputStream.read(SocketInputStream.java:121)
	at sun.nio.cs.StreamDecoder.readBytes(StreamDecoder.java:284)
	at sun.nio.cs.StreamDecoder.implRead(StreamDecoder.java:326)
	at sun.nio.cs.StreamDecoder.read(StreamDecoder.java:178)
	at java.io.InputStreamReader.read(InputStreamReader.java:184)
	at java.io.BufferedReader.fill(BufferedReader.java:161)
	at java.io.BufferedReader.readLine(BufferedReader.java:324)
	at java.io.BufferedReader.readLine(BufferedReader.java:389)
	at org.apache.zookeeper.client.FourLetterWordMain.send4LetterWord(FourLetterWordMain.java:129)
	at org.apache.zookeeper.client.FourLetterWordMain.send4LetterWord(FourLetterWordMain.java:74)
	at org.apache.zookeeper.test.ClientBase.waitForServerUp(ClientBase.java:258)
	at org.apache.zookeeper.test.ClientBase.waitForServerUp(ClientBase.java:249)
	at org.apache.zookeeper.server.quorum.QuorumSSLTest.testCertificateRevocationList(QuorumSSLTest.java:716)
	at sun.reflect.NativeMethodAccessorImpl.invoke0(Native Method)
	at sun.reflect.NativeMethodAccessorImpl.invoke(NativeMethodAccessorImpl.java:62)
	at sun.reflect.DelegatingMethodAccessorImpl.invoke(DelegatingMethodAccessorImpl.java:43)
	at java.lang.reflect.Method.invoke(Method.java:483)
	at org.junit.platform.commons.util.ReflectionUtils.invokeMethod(ReflectionUtils.java:686)
	at org.junit.jupiter.engine.execution.MethodInvocation.proceed(MethodInvocation.java:60)
	at org.junit.jupiter.engine.execution.InvocationInterceptorChain$ValidatingInvocation.proceed(InvocationInterceptorChain.java:131)
	at org.junit.jupiter.engine.extension.TimeoutInvocation.proceed(TimeoutInvocation.java:46)
	at org.junit.jupiter.engine.extension.TimeoutExtension.intercept(TimeoutExtension.java:149)
	at org.junit.jupiter.engine.extension.TimeoutExtension.interceptTestableMethod(TimeoutExtension.java:140)
	at org.junit.jupiter.engine.extension.TimeoutExtension.interceptTestMethod(TimeoutExtension.java:84)
	at org.junit.jupiter.engine.descriptor.TestMethodTestDescriptor$$Lambda$111/1780132728.apply(Unknown Source)
	at org.junit.jupiter.engine.execution.ExecutableInvoker$ReflectiveInterceptorCall.lambda$ofVoidMethod$0(ExecutableInvoker.java:115)
	at org.junit.jupiter.engine.execution.ExecutableInvoker$ReflectiveInterceptorCall$$Lambda$112/1725017993.apply(Unknown Source)
	at org.junit.jupiter.engine.execution.ExecutableInvoker.lambda$invoke$0(ExecutableInvoker.java:105)
	at org.junit.jupiter.engine.execution.ExecutableInvoker$$Lambda$234/64133603.apply(Unknown Source)
	at org.junit.jupiter.engine.execution.InvocationInterceptorChain$InterceptedInvocation.proceed(InvocationInterceptorChain.java:106)
	at org.junit.jupiter.engine.execution.InvocationInterceptorChain.proceed(InvocationInterceptorChain.java:64)
	at org.junit.jupiter.engine.execution.InvocationInterceptorChain.chainAndInvoke(InvocationInterceptorChain.java:45)
	at org.junit.jupiter.engine.execution.InvocationInterceptorChain.invoke(InvocationInterceptorChain.java:37)
	at org.junit.jupiter.engine.execution.ExecutableInvoker.invoke(ExecutableInvoker.java:104)
	at org.junit.jupiter.engine.execution.ExecutableInvoker.invoke(ExecutableInvoker.java:98)
	at org.junit.jupiter.engine.descriptor.TestMethodTestDescriptor.lambda$invokeTestMethod$6(TestMethodTestDescriptor.java:212)
	at org.junit.jupiter.engine.descriptor.TestMethodTestDescriptor$$Lambda$271/224100622.execute(Unknown Source)
	at org.junit.platform.engine.support.hierarchical.ThrowableCollector.execute(ThrowableCollector.java:73)
	at org.junit.jupiter.engine.descriptor.TestMethodTestDescriptor.invokeTestMethod(TestMethodTestDescriptor.java:208)
	at org.junit.jupiter.engine.descriptor.TestMethodTestDescriptor.execute(TestMethodTestDescriptor.java:137)
	at org.junit.jupiter.engine.descriptor.TestMethodTestDescriptor.execute(TestMethodTestDescriptor.java:71)
	at org.junit.platform.engine.support.hierarchical.NodeTestTask.lambda$executeRecursively$5(NodeTestTask.java:135)
	at org.junit.platform.engine.support.hierarchical.NodeTestTask$$Lambda$179/195615004.execute(Unknown Source)
	at org.junit.platform.engine.support.hierarchical.ThrowableCollector.execute(ThrowableCollector.java:73)
	at org.junit.platform.engine.support.hierarchical.NodeTestTask.lambda$executeRecursively$7(NodeTestTask.java:125)
	at org.junit.platform.engine.support.hierarchical.NodeTestTask$$Lambda$178/1890627974.invoke(Unknown Source)
	at org.junit.platform.engine.support.hierarchical.Node.around(Node.java:135)
	at org.junit.platform.engine.support.hierarchical.NodeTestTask.lambda$executeRecursively$8(NodeTestTask.java:123)
	at org.junit.platform.engine.support.hierarchical.NodeTestTask$$Lambda$177/231977479.execute(Unknown Source)
	at org.junit.platform.engine.support.hierarchical.ThrowableCollector.execute(ThrowableCollector.java:73)
	at org.junit.platform.engine.support.hierarchical.NodeTestTask.executeRecursively(NodeTestTask.java:122)
	at org.junit.platform.engine.support.hierarchical.NodeTestTask.execute(NodeTestTask.java:80)
	at org.junit.platform.engine.support.hierarchical.SameThreadHierarchicalTestExecutorService$$Lambda$183/1381713434.accept(Unknown Source)
	at java.util.ArrayList.forEach(ArrayList.java:1249)
	at org.junit.platform.engine.support.hierarchical.SameThreadHierarchicalTestExecutorService.invokeAll(SameThreadHierarchicalTestExecutorService.java:38)
	at org.junit.platform.engine.support.hierarchical.NodeTestTask.lambda$executeRecursively$5(NodeTestTask.java:139)
	at org.junit.platform.engine.support.hierarchical.NodeTestTask$$Lambda$179/195615004.execute(Unknown Source)
	at org.junit.platform.engine.support.hierarchical.ThrowableCollector.execute(ThrowableCollector.java:73)
	at org.junit.platform.engine.support.hierarchical.NodeTestTask.lambda$executeRecursively$7(NodeTestTask.java:125)
	at org.junit.platform.engine.support.hierarchical.NodeTestTask$$Lambda$178/1890627974.invoke(Unknown Source)
	at org.junit.platform.engine.support.hierarchical.Node.around(Node.java:135)
	at org.junit.platform.engine.support.hierarchical.NodeTestTask.lambda$executeRecursively$8(NodeTestTask.java:123)
	at org.junit.platform.engine.support.hierarchical.NodeTestTask$$Lambda$177/231977479.execute(Unknown Source)
	at org.junit.platform.engine.support.hierarchical.ThrowableCollector.execute(ThrowableCollector.java:73)
	at org.junit.platform.engine.support.hierarchical.NodeTestTask.executeRecursively(NodeTestTask.java:122)
	at org.junit.platform.engine.support.hierarchical.NodeTestTask.execute(NodeTestTask.java:80)
	at org.junit.platform.engine.support.hierarchical.SameThreadHierarchicalTestExecutorService$$Lambda$183/1381713434.accept(Unknown Source)
	at java.util.ArrayList.forEach(ArrayList.java:1249)
	at org.junit.platform.engine.support.hierarchical.SameThreadHierarchicalTestExecutorService.invokeAll(SameThreadHierarchicalTestExecutorService.java:38)
	at org.junit.platform.engine.support.hierarchical.NodeTestTask.lambda$executeRecursively$5(NodeTestTask.java:139)
	at org.junit.platform.engine.support.hierarchical.NodeTestTask$$Lambda$179/195615004.execute(Unknown Source)
	at org.junit.platform.engine.support.hierarchical.ThrowableCollector.execute(ThrowableCollector.java:73)
	at org.junit.platform.engine.support.hierarchical.NodeTestTask.lambda$executeRecursively$7(NodeTestTask.java:125)
	at org.junit.platform.engine.support.hierarchical.NodeTestTask$$Lambda$178/1890627974.invoke(Unknown Source)
	at org.junit.platform.engine.support.hierarchical.Node.around(Node.java:135)
	at org.junit.platform.engine.support.hierarchical.NodeTestTask.lambda$executeRecursively$8(NodeTestTask.java:123)
	at org.junit.platform.engine.support.hierarchical.NodeTestTask$$Lambda$177/231977479.execute(Unknown Source)
	at org.junit.platform.engine.support.hierarchical.ThrowableCollector.execute(ThrowableCollector.java:73)
	at org.junit.platform.engine.support.hierarchical.NodeTestTask.executeRecursively(NodeTestTask.java:122)
	at org.junit.platform.engine.support.hierarchical.NodeTestTask.execute(NodeTestTask.java:80)
	at org.junit.platform.engine.support.hierarchical.SameThreadHierarchicalTestExecutorService.submit(SameThreadHierarchicalTestExecutorService.java:32)
	at org.junit.platform.engine.support.hierarchical.HierarchicalTestExecutor.execute(HierarchicalTestExecutor.java:57)
	at org.junit.platform.engine.support.hierarchical.HierarchicalTestEngine.execute(HierarchicalTestEngine.java:51)
	at org.junit.platform.launcher.core.DefaultLauncher.execute(DefaultLauncher.java:248)
	at org.junit.platform.launcher.core.DefaultLauncher.lambda$execute$5(DefaultLauncher.java:211)
	at org.junit.platform.launcher.core.DefaultLauncher$$Lambda$143/233996206.accept(Unknown Source)
	at org.junit.platform.launcher.core.DefaultLauncher.withInterceptedStreams(DefaultLauncher.java:226)
	at org.junit.platform.launcher.core.DefaultLauncher.execute(DefaultLauncher.java:199)
	at org.junit.platform.launcher.core.DefaultLauncher.execute(DefaultLauncher.java:132)
	at org.apache.maven.surefire.junitplatform.JUnitPlatformProvider.invokeAllTests(JUnitPlatformProvider.java:142)
	at org.apache.maven.surefire.junitplatform.JUnitPlatformProvider.invoke(JUnitPlatformProvider.java:113)
	at org.apache.maven.surefire.booter.ForkedBooter.invokeProviderInSameClassLoader(ForkedBooter.java:384)
	at org.apache.maven.surefire.booter.ForkedBooter.runSuitesInProcess(ForkedBooter.java:345)
	at org.apache.maven.surefire.booter.ForkedBooter.execute(ForkedBooter.java:126)
	at org.apache.maven.surefire.booter.ForkedBooter.main(ForkedBooter.java:418)
2021-11-08 11:17:04,447 [myid:] - INFO  [main:FourLetterWordMain@94] - connecting to 127.0.0.1 30158
2021-11-08 11:17:04,448 [myid:1] - WARN  [nioEventLoopGroup-72-2:NettyServerCnxnFactory$CnxnChannelHandler@231] - Zookeeper server is not running, close the connection before starting the TLS handshake
2021-11-08 11:17:04,713 [myid:] - INFO  [main:FourLetterWordMain@94] - connecting to 127.0.0.1 30158
2021-11-08 11:17:04,713 [myid:1] - WARN  [nioEventLoopGroup-72-3:NettyServerCnxnFactory$CnxnChannelHandler@231] - Zookeeper server is not running, close the connection before starting the TLS handshake
2021-11-08 11:17:04,729 [myid:] - INFO  [main:ClientBase@267] - server 127.0.0.1:30158 not up
java.net.SocketException: Software caused connection abort: recv failed
	at java.net.SocketInputStream.socketRead0(Native Method)
	at java.net.SocketInputStream.read(SocketInputStream.java:150)
	at java.net.SocketInputStream.read(SocketInputStream.java:121)
	at sun.nio.cs.StreamDecoder.readBytes(StreamDecoder.java:284)
	at sun.nio.cs.StreamDecoder.implRead(StreamDecoder.java:326)
	at sun.nio.cs.StreamDecoder.read(StreamDecoder.java:178)
	at java.io.InputStreamReader.read(InputStreamReader.java:184)
	at java.io.BufferedReader.fill(BufferedReader.java:161)
	at java.io.BufferedReader.readLine(BufferedReader.java:324)
	at java.io.BufferedReader.readLine(BufferedReader.java:389)
	at org.apache.zookeeper.client.FourLetterWordMain.send4LetterWord(FourLetterWordMain.java:129)
	at org.apache.zookeeper.client.FourLetterWordMain.send4LetterWord(FourLetterWordMain.java:74)
	at org.apache.zookeeper.test.ClientBase.waitForServerUp(ClientBase.java:258)
	at org.apache.zookeeper.test.ClientBase.waitForServerUp(ClientBase.java:249)
	at org.apache.zookeeper.server.quorum.QuorumSSLTest.testCertificateRevocationList(QuorumSSLTest.java:716)
	at sun.reflect.NativeMethodAccessorImpl.invoke0(Native Method)
	at sun.reflect.NativeMethodAccessorImpl.invoke(NativeMethodAccessorImpl.java:62)
	at sun.reflect.DelegatingMethodAccessorImpl.invoke(DelegatingMethodAccessorImpl.java:43)
	at java.lang.reflect.Method.invoke(Method.java:483)
	at org.junit.platform.commons.util.ReflectionUtils.invokeMethod(ReflectionUtils.java:686)
	at org.junit.jupiter.engine.execution.MethodInvocation.proceed(MethodInvocation.java:60)
	at org.junit.jupiter.engine.execution.InvocationInterceptorChain$ValidatingInvocation.proceed(InvocationInterceptorChain.java:131)
	at org.junit.jupiter.engine.extension.TimeoutInvocation.proceed(TimeoutInvocation.java:46)
	at org.junit.jupiter.engine.extension.TimeoutExtension.intercept(TimeoutExtension.java:149)
	at org.junit.jupiter.engine.extension.TimeoutExtension.interceptTestableMethod(TimeoutExtension.java:140)
	at org.junit.jupiter.engine.extension.TimeoutExtension.interceptTestMethod(TimeoutExtension.java:84)
	at org.junit.jupiter.engine.descriptor.TestMethodTestDescriptor$$Lambda$111/1780132728.apply(Unknown Source)
	at org.junit.jupiter.engine.execution.ExecutableInvoker$ReflectiveInterceptorCall.lambda$ofVoidMethod$0(ExecutableInvoker.java:115)
	at org.junit.jupiter.engine.execution.ExecutableInvoker$ReflectiveInterceptorCall$$Lambda$112/1725017993.apply(Unknown Source)
	at org.junit.jupiter.engine.execution.ExecutableInvoker.lambda$invoke$0(ExecutableInvoker.java:105)
	at org.junit.jupiter.engine.execution.ExecutableInvoker$$Lambda$234/64133603.apply(Unknown Source)
	at org.junit.jupiter.engine.execution.InvocationInterceptorChain$InterceptedInvocation.proceed(InvocationInterceptorChain.java:106)
	at org.junit.jupiter.engine.execution.InvocationInterceptorChain.proceed(InvocationInterceptorChain.java:64)
	at org.junit.jupiter.engine.execution.InvocationInterceptorChain.chainAndInvoke(InvocationInterceptorChain.java:45)
	at org.junit.jupiter.engine.execution.InvocationInterceptorChain.invoke(InvocationInterceptorChain.java:37)
	at org.junit.jupiter.engine.execution.ExecutableInvoker.invoke(ExecutableInvoker.java:104)
	at org.junit.jupiter.engine.execution.ExecutableInvoker.invoke(ExecutableInvoker.java:98)
	at org.junit.jupiter.engine.descriptor.TestMethodTestDescriptor.lambda$invokeTestMethod$6(TestMethodTestDescriptor.java:212)
	at org.junit.jupiter.engine.descriptor.TestMethodTestDescriptor$$Lambda$271/224100622.execute(Unknown Source)
	at org.junit.platform.engine.support.hierarchical.ThrowableCollector.execute(ThrowableCollector.java:73)
	at org.junit.jupiter.engine.descriptor.TestMethodTestDescriptor.invokeTestMethod(TestMethodTestDescriptor.java:208)
	at org.junit.jupiter.engine.descriptor.TestMethodTestDescriptor.execute(TestMethodTestDescriptor.java:137)
	at org.junit.jupiter.engine.descriptor.TestMethodTestDescriptor.execute(TestMethodTestDescriptor.java:71)
	at org.junit.platform.engine.support.hierarchical.NodeTestTask.lambda$executeRecursively$5(NodeTestTask.java:135)
	at org.junit.platform.engine.support.hierarchical.NodeTestTask$$Lambda$179/195615004.execute(Unknown Source)
	at org.junit.platform.engine.support.hierarchical.ThrowableCollector.execute(ThrowableCollector.java:73)
	at org.junit.platform.engine.support.hierarchical.NodeTestTask.lambda$executeRecursively$7(NodeTestTask.java:125)
	at org.junit.platform.engine.support.hierarchical.NodeTestTask$$Lambda$178/1890627974.invoke(Unknown Source)
	at org.junit.platform.engine.support.hierarchical.Node.around(Node.java:135)
	at org.junit.platform.engine.support.hierarchical.NodeTestTask.lambda$executeRecursively$8(NodeTestTask.java:123)
	at org.junit.platform.engine.support.hierarchical.NodeTestTask$$Lambda$177/231977479.execute(Unknown Source)
	at org.junit.platform.engine.support.hierarchical.ThrowableCollector.execute(ThrowableCollector.java:73)
	at org.junit.platform.engine.support.hierarchical.NodeTestTask.executeRecursively(NodeTestTask.java:122)
	at org.junit.platform.engine.support.hierarchical.NodeTestTask.execute(NodeTestTask.java:80)
	at org.junit.platform.engine.support.hierarchical.SameThreadHierarchicalTestExecutorService$$Lambda$183/1381713434.accept(Unknown Source)
	at java.util.ArrayList.forEach(ArrayList.java:1249)
	at org.junit.platform.engine.support.hierarchical.SameThreadHierarchicalTestExecutorService.invokeAll(SameThreadHierarchicalTestExecutorService.java:38)
	at org.junit.platform.engine.support.hierarchical.NodeTestTask.lambda$executeRecursively$5(NodeTestTask.java:139)
	at org.junit.platform.engine.support.hierarchical.NodeTestTask$$Lambda$179/195615004.execute(Unknown Source)
	at org.junit.platform.engine.support.hierarchical.ThrowableCollector.execute(ThrowableCollector.java:73)
	at org.junit.platform.engine.support.hierarchical.NodeTestTask.lambda$executeRecursively$7(NodeTestTask.java:125)
	at org.junit.platform.engine.support.hierarchical.NodeTestTask$$Lambda$178/1890627974.invoke(Unknown Source)
	at org.junit.platform.engine.support.hierarchical.Node.around(Node.java:135)
	at org.junit.platform.engine.support.hierarchical.NodeTestTask.lambda$executeRecursively$8(NodeTestTask.java:123)
	at org.junit.platform.engine.support.hierarchical.NodeTestTask$$Lambda$177/231977479.execute(Unknown Source)
	at org.junit.platform.engine.support.hierarchical.ThrowableCollector.execute(ThrowableCollector.java:73)
	at org.junit.platform.engine.support.hierarchical.NodeTestTask.executeRecursively(NodeTestTask.java:122)
	at org.junit.platform.engine.support.hierarchical.NodeTestTask.execute(NodeTestTask.java:80)
	at org.junit.platform.engine.support.hierarchical.SameThreadHierarchicalTestExecutorService$$Lambda$183/1381713434.accept(Unknown Source)
	at java.util.ArrayList.forEach(ArrayList.java:1249)
	at org.junit.platform.engine.support.hierarchical.SameThreadHierarchicalTestExecutorService.invokeAll(SameThreadHierarchicalTestExecutorService.java:38)
	at org.junit.platform.engine.support.hierarchical.NodeTestTask.lambda$executeRecursively$5(NodeTestTask.java:139)
	at org.junit.platform.engine.support.hierarchical.NodeTestTask$$Lambda$179/195615004.execute(Unknown Source)
	at org.junit.platform.engine.support.hierarchical.ThrowableCollector.execute(ThrowableCollector.java:73)
	at org.junit.platform.engine.support.hierarchical.NodeTestTask.lambda$executeRecursively$7(NodeTestTask.java:125)
	at org.junit.platform.engine.support.hierarchical.NodeTestTask$$Lambda$178/1890627974.invoke(Unknown Source)
	at org.junit.platform.engine.support.hierarchical.Node.around(Node.java:135)
	at org.junit.platform.engine.support.hierarchical.NodeTestTask.lambda$executeRecursively$8(NodeTestTask.java:123)
	at org.junit.platform.engine.support.hierarchical.NodeTestTask$$Lambda$177/231977479.execute(Unknown Source)
	at org.junit.platform.engine.support.hierarchical.ThrowableCollector.execute(ThrowableCollector.java:73)
	at org.junit.platform.engine.support.hierarchical.NodeTestTask.executeRecursively(NodeTestTask.java:122)
	at org.junit.platform.engine.support.hierarchical.NodeTestTask.execute(NodeTestTask.java:80)
	at org.junit.platform.engine.support.hierarchical.SameThreadHierarchicalTestExecutorService.submit(SameThreadHierarchicalTestExecutorService.java:32)
	at org.junit.platform.engine.support.hierarchical.HierarchicalTestExecutor.execute(HierarchicalTestExecutor.java:57)
	at org.junit.platform.engine.support.hierarchical.HierarchicalTestEngine.execute(HierarchicalTestEngine.java:51)
	at org.junit.platform.launcher.core.DefaultLauncher.execute(DefaultLauncher.java:248)
	at org.junit.platform.launcher.core.DefaultLauncher.lambda$execute$5(DefaultLauncher.java:211)
	at org.junit.platform.launcher.core.DefaultLauncher$$Lambda$143/233996206.accept(Unknown Source)
	at org.junit.platform.launcher.core.DefaultLauncher.withInterceptedStreams(DefaultLauncher.java:226)
	at org.junit.platform.launcher.core.DefaultLauncher.execute(DefaultLauncher.java:199)
	at org.junit.platform.launcher.core.DefaultLauncher.execute(DefaultLauncher.java:132)
	at org.apache.maven.surefire.junitplatform.JUnitPlatformProvider.invokeAllTests(JUnitPlatformProvider.java:142)
	at org.apache.maven.surefire.junitplatform.JUnitPlatformProvider.invoke(JUnitPlatformProvider.java:113)
	at org.apache.maven.surefire.booter.ForkedBooter.invokeProviderInSameClassLoader(ForkedBooter.java:384)
	at org.apache.maven.surefire.booter.ForkedBooter.runSuitesInProcess(ForkedBooter.java:345)
	at org.apache.maven.surefire.booter.ForkedBooter.execute(ForkedBooter.java:126)
	at org.apache.maven.surefire.booter.ForkedBooter.main(ForkedBooter.java:418)
2021-11-08 11:17:04,992 [myid:] - INFO  [main:FourLetterWordMain@94] - connecting to 127.0.0.1 30158
2021-11-08 11:17:04,992 [myid:1] - WARN  [nioEventLoopGroup-72-4:NettyServerCnxnFactory$CnxnChannelHandler@231] - Zookeeper server is not running, close the connection before starting the TLS handshake
2021-11-08 11:17:05,246 [myid:] - INFO  [main:FourLetterWordMain@94] - connecting to 127.0.0.1 30158
2021-11-08 11:17:05,246 [myid:1] - WARN  [nioEventLoopGroup-72-5:NettyServerCnxnFactory$CnxnChannelHandler@231] - Zookeeper server is not running, close the connection before starting the TLS handshake
2021-11-08 11:17:05,498 [myid:] - INFO  [main:FourLetterWordMain@94] - connecting to 127.0.0.1 30158
2021-11-08 11:17:05,500 [myid:1] - WARN  [nioEventLoopGroup-72-6:NettyServerCnxnFactory$CnxnChannelHandler@231] - Zookeeper server is not running, close the connection before starting the TLS handshake
2021-11-08 11:17:05,763 [myid:] - INFO  [main:FourLetterWordMain@94] - connecting to 127.0.0.1 30158
2021-11-08 11:17:05,763 [myid:1] - WARN  [nioEventLoopGroup-72-7:NettyServerCnxnFactory$CnxnChannelHandler@231] - Zookeeper server is not running, close the connection before starting the TLS handshake
2021-11-08 11:17:05,779 [myid:] - INFO  [main:ClientBase@267] - server 127.0.0.1:30158 not up
java.net.SocketException: Software caused connection abort: recv failed
	at java.net.SocketInputStream.socketRead0(Native Method)
	at java.net.SocketInputStream.read(SocketInputStream.java:150)
	at java.net.SocketInputStream.read(SocketInputStream.java:121)
	at sun.nio.cs.StreamDecoder.readBytes(StreamDecoder.java:284)
	at sun.nio.cs.StreamDecoder.implRead(StreamDecoder.java:326)
	at sun.nio.cs.StreamDecoder.read(StreamDecoder.java:178)
	at java.io.InputStreamReader.read(InputStreamReader.java:184)
	at java.io.BufferedReader.fill(BufferedReader.java:161)
	at java.io.BufferedReader.readLine(BufferedReader.java:324)
	at java.io.BufferedReader.readLine(BufferedReader.java:389)
	at org.apache.zookeeper.client.FourLetterWordMain.send4LetterWord(FourLetterWordMain.java:129)
	at org.apache.zookeeper.client.FourLetterWordMain.send4LetterWord(FourLetterWordMain.java:74)
	at org.apache.zookeeper.test.ClientBase.waitForServerUp(ClientBase.java:258)
	at org.apache.zookeeper.test.ClientBase.waitForServerUp(ClientBase.java:249)
	at org.apache.zookeeper.server.quorum.QuorumSSLTest.testCertificateRevocationList(QuorumSSLTest.java:716)
	at sun.reflect.NativeMethodAccessorImpl.invoke0(Native Method)
	at sun.reflect.NativeMethodAccessorImpl.invoke(NativeMethodAccessorImpl.java:62)
	at sun.reflect.DelegatingMethodAccessorImpl.invoke(DelegatingMethodAccessorImpl.java:43)
	at java.lang.reflect.Method.invoke(Method.java:483)
	at org.junit.platform.commons.util.ReflectionUtils.invokeMethod(ReflectionUtils.java:686)
	at org.junit.jupiter.engine.execution.MethodInvocation.proceed(MethodInvocation.java:60)
	at org.junit.jupiter.engine.execution.InvocationInterceptorChain$ValidatingInvocation.proceed(InvocationInterceptorChain.java:131)
	at org.junit.jupiter.engine.extension.TimeoutInvocation.proceed(TimeoutInvocation.java:46)
	at org.junit.jupiter.engine.extension.TimeoutExtension.intercept(TimeoutExtension.java:149)
	at org.junit.jupiter.engine.extension.TimeoutExtension.interceptTestableMethod(TimeoutExtension.java:140)
	at org.junit.jupiter.engine.extension.TimeoutExtension.interceptTestMethod(TimeoutExtension.java:84)
	at org.junit.jupiter.engine.descriptor.TestMethodTestDescriptor$$Lambda$111/1780132728.apply(Unknown Source)
	at org.junit.jupiter.engine.execution.ExecutableInvoker$ReflectiveInterceptorCall.lambda$ofVoidMethod$0(ExecutableInvoker.java:115)
	at org.junit.jupiter.engine.execution.ExecutableInvoker$ReflectiveInterceptorCall$$Lambda$112/1725017993.apply(Unknown Source)
	at org.junit.jupiter.engine.execution.ExecutableInvoker.lambda$invoke$0(ExecutableInvoker.java:105)
	at org.junit.jupiter.engine.execution.ExecutableInvoker$$Lambda$234/64133603.apply(Unknown Source)
	at org.junit.jupiter.engine.execution.InvocationInterceptorChain$InterceptedInvocation.proceed(InvocationInterceptorChain.java:106)
	at org.junit.jupiter.engine.execution.InvocationInterceptorChain.proceed(InvocationInterceptorChain.java:64)
	at org.junit.jupiter.engine.execution.InvocationInterceptorChain.chainAndInvoke(InvocationInterceptorChain.java:45)
	at org.junit.jupiter.engine.execution.InvocationInterceptorChain.invoke(InvocationInterceptorChain.java:37)
	at org.junit.jupiter.engine.execution.ExecutableInvoker.invoke(ExecutableInvoker.java:104)
	at org.junit.jupiter.engine.execution.ExecutableInvoker.invoke(ExecutableInvoker.java:98)
	at org.junit.jupiter.engine.descriptor.TestMethodTestDescriptor.lambda$invokeTestMethod$6(TestMethodTestDescriptor.java:212)
	at org.junit.jupiter.engine.descriptor.TestMethodTestDescriptor$$Lambda$271/224100622.execute(Unknown Source)
	at org.junit.platform.engine.support.hierarchical.ThrowableCollector.execute(ThrowableCollector.java:73)
	at org.junit.jupiter.engine.descriptor.TestMethodTestDescriptor.invokeTestMethod(TestMethodTestDescriptor.java:208)
	at org.junit.jupiter.engine.descriptor.TestMethodTestDescriptor.execute(TestMethodTestDescriptor.java:137)
	at org.junit.jupiter.engine.descriptor.TestMethodTestDescriptor.execute(TestMethodTestDescriptor.java:71)
	at org.junit.platform.engine.support.hierarchical.NodeTestTask.lambda$executeRecursively$5(NodeTestTask.java:135)
	at org.junit.platform.engine.support.hierarchical.NodeTestTask$$Lambda$179/195615004.execute(Unknown Source)
	at org.junit.platform.engine.support.hierarchical.ThrowableCollector.execute(ThrowableCollector.java:73)
	at org.junit.platform.engine.support.hierarchical.NodeTestTask.lambda$executeRecursively$7(NodeTestTask.java:125)
	at org.junit.platform.engine.support.hierarchical.NodeTestTask$$Lambda$178/1890627974.invoke(Unknown Source)
	at org.junit.platform.engine.support.hierarchical.Node.around(Node.java:135)
	at org.junit.platform.engine.support.hierarchical.NodeTestTask.lambda$executeRecursively$8(NodeTestTask.java:123)
	at org.junit.platform.engine.support.hierarchical.NodeTestTask$$Lambda$177/231977479.execute(Unknown Source)
	at org.junit.platform.engine.support.hierarchical.ThrowableCollector.execute(ThrowableCollector.java:73)
	at org.junit.platform.engine.support.hierarchical.NodeTestTask.executeRecursively(NodeTestTask.java:122)
	at org.junit.platform.engine.support.hierarchical.NodeTestTask.execute(NodeTestTask.java:80)
	at org.junit.platform.engine.support.hierarchical.SameThreadHierarchicalTestExecutorService$$Lambda$183/1381713434.accept(Unknown Source)
	at java.util.ArrayList.forEach(ArrayList.java:1249)
	at org.junit.platform.engine.support.hierarchical.SameThreadHierarchicalTestExecutorService.invokeAll(SameThreadHierarchicalTestExecutorService.java:38)
	at org.junit.platform.engine.support.hierarchical.NodeTestTask.lambda$executeRecursively$5(NodeTestTask.java:139)
	at org.junit.platform.engine.support.hierarchical.NodeTestTask$$Lambda$179/195615004.execute(Unknown Source)
	at org.junit.platform.engine.support.hierarchical.ThrowableCollector.execute(ThrowableCollector.java:73)
	at org.junit.platform.engine.support.hierarchical.NodeTestTask.lambda$executeRecursively$7(NodeTestTask.java:125)
	at org.junit.platform.engine.support.hierarchical.NodeTestTask$$Lambda$178/1890627974.invoke(Unknown Source)
	at org.junit.platform.engine.support.hierarchical.Node.around(Node.java:135)
	at org.junit.platform.engine.support.hierarchical.NodeTestTask.lambda$executeRecursively$8(NodeTestTask.java:123)
	at org.junit.platform.engine.support.hierarchical.NodeTestTask$$Lambda$177/231977479.execute(Unknown Source)
	at org.junit.platform.engine.support.hierarchical.ThrowableCollector.execute(ThrowableCollector.java:73)
	at org.junit.platform.engine.support.hierarchical.NodeTestTask.executeRecursively(NodeTestTask.java:122)
	at org.junit.platform.engine.support.hierarchical.NodeTestTask.execute(NodeTestTask.java:80)
	at org.junit.platform.engine.support.hierarchical.SameThreadHierarchicalTestExecutorService$$Lambda$183/1381713434.accept(Unknown Source)
	at java.util.ArrayList.forEach(ArrayList.java:1249)
	at org.junit.platform.engine.support.hierarchical.SameThreadHierarchicalTestExecutorService.invokeAll(SameThreadHierarchicalTestExecutorService.java:38)
	at org.junit.platform.engine.support.hierarchical.NodeTestTask.lambda$executeRecursively$5(NodeTestTask.java:139)
	at org.junit.platform.engine.support.hierarchical.NodeTestTask$$Lambda$179/195615004.execute(Unknown Source)
	at org.junit.platform.engine.support.hierarchical.ThrowableCollector.execute(ThrowableCollector.java:73)
	at org.junit.platform.engine.support.hierarchical.NodeTestTask.lambda$executeRecursively$7(NodeTestTask.java:125)
	at org.junit.platform.engine.support.hierarchical.NodeTestTask$$Lambda$178/1890627974.invoke(Unknown Source)
	at org.junit.platform.engine.support.hierarchical.Node.around(Node.java:135)
	at org.junit.platform.engine.support.hierarchical.NodeTestTask.lambda$executeRecursively$8(NodeTestTask.java:123)
	at org.junit.platform.engine.support.hierarchical.NodeTestTask$$Lambda$177/231977479.execute(Unknown Source)
	at org.junit.platform.engine.support.hierarchical.ThrowableCollector.execute(ThrowableCollector.java:73)
	at org.junit.platform.engine.support.hierarchical.NodeTestTask.executeRecursively(NodeTestTask.java:122)
	at org.junit.platform.engine.support.hierarchical.NodeTestTask.execute(NodeTestTask.java:80)
	at org.junit.platform.engine.support.hierarchical.SameThreadHierarchicalTestExecutorService.submit(SameThreadHierarchicalTestExecutorService.java:32)
	at org.junit.platform.engine.support.hierarchical.HierarchicalTestExecutor.execute(HierarchicalTestExecutor.java:57)
	at org.junit.platform.engine.support.hierarchical.HierarchicalTestEngine.execute(HierarchicalTestEngine.java:51)
	at org.junit.platform.launcher.core.DefaultLauncher.execute(DefaultLauncher.java:248)
	at org.junit.platform.launcher.core.DefaultLauncher.lambda$execute$5(DefaultLauncher.java:211)
	at org.junit.platform.launcher.core.DefaultLauncher$$Lambda$143/233996206.accept(Unknown Source)
	at org.junit.platform.launcher.core.DefaultLauncher.withInterceptedStreams(DefaultLauncher.java:226)
	at org.junit.platform.launcher.core.DefaultLauncher.execute(DefaultLauncher.java:199)
	at org.junit.platform.launcher.core.DefaultLauncher.execute(DefaultLauncher.java:132)
	at org.apache.maven.surefire.junitplatform.JUnitPlatformProvider.invokeAllTests(JUnitPlatformProvider.java:142)
	at org.apache.maven.surefire.junitplatform.JUnitPlatformProvider.invoke(JUnitPlatformProvider.java:113)
	at org.apache.maven.surefire.booter.ForkedBooter.invokeProviderInSameClassLoader(ForkedBooter.java:384)
	at org.apache.maven.surefire.booter.ForkedBooter.runSuitesInProcess(ForkedBooter.java:345)
	at org.apache.maven.surefire.booter.ForkedBooter.execute(ForkedBooter.java:126)
	at org.apache.maven.surefire.booter.ForkedBooter.main(ForkedBooter.java:418)
2021-11-08 11:17:06,044 [myid:] - INFO  [main:FourLetterWordMain@94] - connecting to 127.0.0.1 30158
2021-11-08 11:17:06,045 [myid:1] - WARN  [nioEventLoopGroup-72-8:NettyServerCnxnFactory$CnxnChannelHandler@231] - Zookeeper server is not running, close the connection before starting the TLS handshake
2021-11-08 11:17:06,308 [myid:] - INFO  [main:FourLetterWordMain@94] - connecting to 127.0.0.1 30158
2021-11-08 11:17:06,308 [myid:1] - WARN  [nioEventLoopGroup-72-9:NettyServerCnxnFactory$CnxnChannelHandler@231] - Zookeeper server is not running, close the connection before starting the TLS handshake
2021-11-08 11:17:06,573 [myid:] - INFO  [main:FourLetterWordMain@94] - connecting to 127.0.0.1 30158
2021-11-08 11:17:06,575 [myid:1] - WARN  [nioEventLoopGroup-72-10:NettyServerCnxnFactory$CnxnChannelHandler@231] - Zookeeper server is not running, close the connection before starting the TLS handshake
2021-11-08 11:17:06,839 [myid:] - INFO  [main:FourLetterWordMain@94] - connecting to 127.0.0.1 30158
2021-11-08 11:17:06,839 [myid:1] - WARN  [nioEventLoopGroup-72-11:NettyServerCnxnFactory$CnxnChannelHandler@231] - Zookeeper server is not running, close the connection before starting the TLS handshake
2021-11-08 11:17:06,855 [myid:] - INFO  [main:ClientBase@267] - server 127.0.0.1:30158 not up
java.net.SocketException: Software caused connection abort: recv failed
	at java.net.SocketInputStream.socketRead0(Native Method)
	at java.net.SocketInputStream.read(SocketInputStream.java:150)
	at java.net.SocketInputStream.read(SocketInputStream.java:121)
	at sun.nio.cs.StreamDecoder.readBytes(StreamDecoder.java:284)
	at sun.nio.cs.StreamDecoder.implRead(StreamDecoder.java:326)
	at sun.nio.cs.StreamDecoder.read(StreamDecoder.java:178)
	at java.io.InputStreamReader.read(InputStreamReader.java:184)
	at java.io.BufferedReader.fill(BufferedReader.java:161)
	at java.io.BufferedReader.readLine(BufferedReader.java:324)
	at java.io.BufferedReader.readLine(BufferedReader.java:389)
	at org.apache.zookeeper.client.FourLetterWordMain.send4LetterWord(FourLetterWordMain.java:129)
	at org.apache.zookeeper.client.FourLetterWordMain.send4LetterWord(FourLetterWordMain.java:74)
	at org.apache.zookeeper.test.ClientBase.waitForServerUp(ClientBase.java:258)
	at org.apache.zookeeper.test.ClientBase.waitForServerUp(ClientBase.java:249)
	at org.apache.zookeeper.server.quorum.QuorumSSLTest.testCertificateRevocationList(QuorumSSLTest.java:716)
	at sun.reflect.NativeMethodAccessorImpl.invoke0(Native Method)
	at sun.reflect.NativeMethodAccessorImpl.invoke(NativeMethodAccessorImpl.java:62)
	at sun.reflect.DelegatingMethodAccessorImpl.invoke(DelegatingMethodAccessorImpl.java:43)
	at java.lang.reflect.Method.invoke(Method.java:483)
	at org.junit.platform.commons.util.ReflectionUtils.invokeMethod(ReflectionUtils.java:686)
	at org.junit.jupiter.engine.execution.MethodInvocation.proceed(MethodInvocation.java:60)
	at org.junit.jupiter.engine.execution.InvocationInterceptorChain$ValidatingInvocation.proceed(InvocationInterceptorChain.java:131)
	at org.junit.jupiter.engine.extension.TimeoutInvocation.proceed(TimeoutInvocation.java:46)
	at org.junit.jupiter.engine.extension.TimeoutExtension.intercept(TimeoutExtension.java:149)
	at org.junit.jupiter.engine.extension.TimeoutExtension.interceptTestableMethod(TimeoutExtension.java:140)
	at org.junit.jupiter.engine.extension.TimeoutExtension.interceptTestMethod(TimeoutExtension.java:84)
	at org.junit.jupiter.engine.descriptor.TestMethodTestDescriptor$$Lambda$111/1780132728.apply(Unknown Source)
	at org.junit.jupiter.engine.execution.ExecutableInvoker$ReflectiveInterceptorCall.lambda$ofVoidMethod$0(ExecutableInvoker.java:115)
	at org.junit.jupiter.engine.execution.ExecutableInvoker$ReflectiveInterceptorCall$$Lambda$112/1725017993.apply(Unknown Source)
	at org.junit.jupiter.engine.execution.ExecutableInvoker.lambda$invoke$0(ExecutableInvoker.java:105)
	at org.junit.jupiter.engine.execution.ExecutableInvoker$$Lambda$234/64133603.apply(Unknown Source)
	at org.junit.jupiter.engine.execution.InvocationInterceptorChain$InterceptedInvocation.proceed(InvocationInterceptorChain.java:106)
	at org.junit.jupiter.engine.execution.InvocationInterceptorChain.proceed(InvocationInterceptorChain.java:64)
	at org.junit.jupiter.engine.execution.InvocationInterceptorChain.chainAndInvoke(InvocationInterceptorChain.java:45)
	at org.junit.jupiter.engine.execution.InvocationInterceptorChain.invoke(InvocationInterceptorChain.java:37)
	at org.junit.jupiter.engine.execution.ExecutableInvoker.invoke(ExecutableInvoker.java:104)
	at org.junit.jupiter.engine.execution.ExecutableInvoker.invoke(ExecutableInvoker.java:98)
	at org.junit.jupiter.engine.descriptor.TestMethodTestDescriptor.lambda$invokeTestMethod$6(TestMethodTestDescriptor.java:212)
	at org.junit.jupiter.engine.descriptor.TestMethodTestDescriptor$$Lambda$271/224100622.execute(Unknown Source)
	at org.junit.platform.engine.support.hierarchical.ThrowableCollector.execute(ThrowableCollector.java:73)
	at org.junit.jupiter.engine.descriptor.TestMethodTestDescriptor.invokeTestMethod(TestMethodTestDescriptor.java:208)
	at org.junit.jupiter.engine.descriptor.TestMethodTestDescriptor.execute(TestMethodTestDescriptor.java:137)
	at org.junit.jupiter.engine.descriptor.TestMethodTestDescriptor.execute(TestMethodTestDescriptor.java:71)
	at org.junit.platform.engine.support.hierarchical.NodeTestTask.lambda$executeRecursively$5(NodeTestTask.java:135)
	at org.junit.platform.engine.support.hierarchical.NodeTestTask$$Lambda$179/195615004.execute(Unknown Source)
	at org.junit.platform.engine.support.hierarchical.ThrowableCollector.execute(ThrowableCollector.java:73)
	at org.junit.platform.engine.support.hierarchical.NodeTestTask.lambda$executeRecursively$7(NodeTestTask.java:125)
	at org.junit.platform.engine.support.hierarchical.NodeTestTask$$Lambda$178/1890627974.invoke(Unknown Source)
	at org.junit.platform.engine.support.hierarchical.Node.around(Node.java:135)
	at org.junit.platform.engine.support.hierarchical.NodeTestTask.lambda$executeRecursively$8(NodeTestTask.java:123)
	at org.junit.platform.engine.support.hierarchical.NodeTestTask$$Lambda$177/231977479.execute(Unknown Source)
	at org.junit.platform.engine.support.hierarchical.ThrowableCollector.execute(ThrowableCollector.java:73)
	at org.junit.platform.engine.support.hierarchical.NodeTestTask.executeRecursively(NodeTestTask.java:122)
	at org.junit.platform.engine.support.hierarchical.NodeTestTask.execute(NodeTestTask.java:80)
	at org.junit.platform.engine.support.hierarchical.SameThreadHierarchicalTestExecutorService$$Lambda$183/1381713434.accept(Unknown Source)
	at java.util.ArrayList.forEach(ArrayList.java:1249)
	at org.junit.platform.engine.support.hierarchical.SameThreadHierarchicalTestExecutorService.invokeAll(SameThreadHierarchicalTestExecutorService.java:38)
	at org.junit.platform.engine.support.hierarchical.NodeTestTask.lambda$executeRecursively$5(NodeTestTask.java:139)
	at org.junit.platform.engine.support.hierarchical.NodeTestTask$$Lambda$179/195615004.execute(Unknown Source)
	at org.junit.platform.engine.support.hierarchical.ThrowableCollector.execute(ThrowableCollector.java:73)
	at org.junit.platform.engine.support.hierarchical.NodeTestTask.lambda$executeRecursively$7(NodeTestTask.java:125)
	at org.junit.platform.engine.support.hierarchical.NodeTestTask$$Lambda$178/1890627974.invoke(Unknown Source)
	at org.junit.platform.engine.support.hierarchical.Node.around(Node.java:135)
	at org.junit.platform.engine.support.hierarchical.NodeTestTask.lambda$executeRecursively$8(NodeTestTask.java:123)
	at org.junit.platform.engine.support.hierarchical.NodeTestTask$$Lambda$177/231977479.execute(Unknown Source)
	at org.junit.platform.engine.support.hierarchical.ThrowableCollector.execute(ThrowableCollector.java:73)
	at org.junit.platform.engine.support.hierarchical.NodeTestTask.executeRecursively(NodeTestTask.java:122)
	at org.junit.platform.engine.support.hierarchical.NodeTestTask.execute(NodeTestTask.java:80)
	at org.junit.platform.engine.support.hierarchical.SameThreadHierarchicalTestExecutorService$$Lambda$183/1381713434.accept(Unknown Source)
	at java.util.ArrayList.forEach(ArrayList.java:1249)
	at org.junit.platform.engine.support.hierarchical.SameThreadHierarchicalTestExecutorService.invokeAll(SameThreadHierarchicalTestExecutorService.java:38)
	at org.junit.platform.engine.support.hierarchical.NodeTestTask.lambda$executeRecursively$5(NodeTestTask.java:139)
	at org.junit.platform.engine.support.hierarchical.NodeTestTask$$Lambda$179/195615004.execute(Unknown Source)
	at org.junit.platform.engine.support.hierarchical.ThrowableCollector.execute(ThrowableCollector.java:73)
	at org.junit.platform.engine.support.hierarchical.NodeTestTask.lambda$executeRecursively$7(NodeTestTask.java:125)
	at org.junit.platform.engine.support.hierarchical.NodeTestTask$$Lambda$178/1890627974.invoke(Unknown Source)
	at org.junit.platform.engine.support.hierarchical.Node.around(Node.java:135)
	at org.junit.platform.engine.support.hierarchical.NodeTestTask.lambda$executeRecursively$8(NodeTestTask.java:123)
	at org.junit.platform.engine.support.hierarchical.NodeTestTask$$Lambda$177/231977479.execute(Unknown Source)
	at org.junit.platform.engine.support.hierarchical.ThrowableCollector.execute(ThrowableCollector.java:73)
	at org.junit.platform.engine.support.hierarchical.NodeTestTask.executeRecursively(NodeTestTask.java:122)
	at org.junit.platform.engine.support.hierarchical.NodeTestTask.execute(NodeTestTask.java:80)
	at org.junit.platform.engine.support.hierarchical.SameThreadHierarchicalTestExecutorService.submit(SameThreadHierarchicalTestExecutorService.java:32)
	at org.junit.platform.engine.support.hierarchical.HierarchicalTestExecutor.execute(HierarchicalTestExecutor.java:57)
	at org.junit.platform.engine.support.hierarchical.HierarchicalTestEngine.execute(HierarchicalTestEngine.java:51)
	at org.junit.platform.launcher.core.DefaultLauncher.execute(DefaultLauncher.java:248)
	at org.junit.platform.launcher.core.DefaultLauncher.lambda$execute$5(DefaultLauncher.java:211)
	at org.junit.platform.launcher.core.DefaultLauncher$$Lambda$143/233996206.accept(Unknown Source)
	at org.junit.platform.launcher.core.DefaultLauncher.withInterceptedStreams(DefaultLauncher.java:226)
	at org.junit.platform.launcher.core.DefaultLauncher.execute(DefaultLauncher.java:199)
	at org.junit.platform.launcher.core.DefaultLauncher.execute(DefaultLauncher.java:132)
	at org.apache.maven.surefire.junitplatform.JUnitPlatformProvider.invokeAllTests(JUnitPlatformProvider.java:142)
	at org.apache.maven.surefire.junitplatform.JUnitPlatformProvider.invoke(JUnitPlatformProvider.java:113)
	at org.apache.maven.surefire.booter.ForkedBooter.invokeProviderInSameClassLoader(ForkedBooter.java:384)
	at org.apache.maven.surefire.booter.ForkedBooter.runSuitesInProcess(ForkedBooter.java:345)
	at org.apache.maven.surefire.booter.ForkedBooter.execute(ForkedBooter.java:126)
	at org.apache.maven.surefire.booter.ForkedBooter.main(ForkedBooter.java:418)
2021-11-08 11:17:07,121 [myid:] - INFO  [main:FourLetterWordMain@94] - connecting to 127.0.0.1 30158
2021-11-08 11:17:07,121 [myid:1] - WARN  [nioEventLoopGroup-72-12:NettyServerCnxnFactory$CnxnChannelHandler@231] - Zookeeper server is not running, close the connection before starting the TLS handshake
2021-11-08 11:17:07,136 [myid:] - INFO  [main:ClientBase@267] - server 127.0.0.1:30158 not up
java.net.SocketException: Software caused connection abort: recv failed
	at java.net.SocketInputStream.socketRead0(Native Method)
	at java.net.SocketInputStream.read(SocketInputStream.java:150)
	at java.net.SocketInputStream.read(SocketInputStream.java:121)
	at sun.nio.cs.StreamDecoder.readBytes(StreamDecoder.java:284)
	at sun.nio.cs.StreamDecoder.implRead(StreamDecoder.java:326)
	at sun.nio.cs.StreamDecoder.read(StreamDecoder.java:178)
	at java.io.InputStreamReader.read(InputStreamReader.java:184)
	at java.io.BufferedReader.fill(BufferedReader.java:161)
	at java.io.BufferedReader.readLine(BufferedReader.java:324)
	at java.io.BufferedReader.readLine(BufferedReader.java:389)
	at org.apache.zookeeper.client.FourLetterWordMain.send4LetterWord(FourLetterWordMain.java:129)
	at org.apache.zookeeper.client.FourLetterWordMain.send4LetterWord(FourLetterWordMain.java:74)
	at org.apache.zookeeper.test.ClientBase.waitForServerUp(ClientBase.java:258)
	at org.apache.zookeeper.test.ClientBase.waitForServerUp(ClientBase.java:249)
	at org.apache.zookeeper.server.quorum.QuorumSSLTest.testCertificateRevocationList(QuorumSSLTest.java:716)
	at sun.reflect.NativeMethodAccessorImpl.invoke0(Native Method)
	at sun.reflect.NativeMethodAccessorImpl.invoke(NativeMethodAccessorImpl.java:62)
	at sun.reflect.DelegatingMethodAccessorImpl.invoke(DelegatingMethodAccessorImpl.java:43)
	at java.lang.reflect.Method.invoke(Method.java:483)
	at org.junit.platform.commons.util.ReflectionUtils.invokeMethod(ReflectionUtils.java:686)
	at org.junit.jupiter.engine.execution.MethodInvocation.proceed(MethodInvocation.java:60)
	at org.junit.jupiter.engine.execution.InvocationInterceptorChain$ValidatingInvocation.proceed(InvocationInterceptorChain.java:131)
	at org.junit.jupiter.engine.extension.TimeoutInvocation.proceed(TimeoutInvocation.java:46)
	at org.junit.jupiter.engine.extension.TimeoutExtension.intercept(TimeoutExtension.java:149)
	at org.junit.jupiter.engine.extension.TimeoutExtension.interceptTestableMethod(TimeoutExtension.java:140)
	at org.junit.jupiter.engine.extension.TimeoutExtension.interceptTestMethod(TimeoutExtension.java:84)
	at org.junit.jupiter.engine.descriptor.TestMethodTestDescriptor$$Lambda$111/1780132728.apply(Unknown Source)
	at org.junit.jupiter.engine.execution.ExecutableInvoker$ReflectiveInterceptorCall.lambda$ofVoidMethod$0(ExecutableInvoker.java:115)
	at org.junit.jupiter.engine.execution.ExecutableInvoker$ReflectiveInterceptorCall$$Lambda$112/1725017993.apply(Unknown Source)
	at org.junit.jupiter.engine.execution.ExecutableInvoker.lambda$invoke$0(ExecutableInvoker.java:105)
	at org.junit.jupiter.engine.execution.ExecutableInvoker$$Lambda$234/64133603.apply(Unknown Source)
	at org.junit.jupiter.engine.execution.InvocationInterceptorChain$InterceptedInvocation.proceed(InvocationInterceptorChain.java:106)
	at org.junit.jupiter.engine.execution.InvocationInterceptorChain.proceed(InvocationInterceptorChain.java:64)
	at org.junit.jupiter.engine.execution.InvocationInterceptorChain.chainAndInvoke(InvocationInterceptorChain.java:45)
	at org.junit.jupiter.engine.execution.InvocationInterceptorChain.invoke(InvocationInterceptorChain.java:37)
	at org.junit.jupiter.engine.execution.ExecutableInvoker.invoke(ExecutableInvoker.java:104)
	at org.junit.jupiter.engine.execution.ExecutableInvoker.invoke(ExecutableInvoker.java:98)
	at org.junit.jupiter.engine.descriptor.TestMethodTestDescriptor.lambda$invokeTestMethod$6(TestMethodTestDescriptor.java:212)
	at org.junit.jupiter.engine.descriptor.TestMethodTestDescriptor$$Lambda$271/224100622.execute(Unknown Source)
	at org.junit.platform.engine.support.hierarchical.ThrowableCollector.execute(ThrowableCollector.java:73)
	at org.junit.jupiter.engine.descriptor.TestMethodTestDescriptor.invokeTestMethod(TestMethodTestDescriptor.java:208)
	at org.junit.jupiter.engine.descriptor.TestMethodTestDescriptor.execute(TestMethodTestDescriptor.java:137)
	at org.junit.jupiter.engine.descriptor.TestMethodTestDescriptor.execute(TestMethodTestDescriptor.java:71)
	at org.junit.platform.engine.support.hierarchical.NodeTestTask.lambda$executeRecursively$5(NodeTestTask.java:135)
	at org.junit.platform.engine.support.hierarchical.NodeTestTask$$Lambda$179/195615004.execute(Unknown Source)
	at org.junit.platform.engine.support.hierarchical.ThrowableCollector.execute(ThrowableCollector.java:73)
	at org.junit.platform.engine.support.hierarchical.NodeTestTask.lambda$executeRecursively$7(NodeTestTask.java:125)
	at org.junit.platform.engine.support.hierarchical.NodeTestTask$$Lambda$178/1890627974.invoke(Unknown Source)
	at org.junit.platform.engine.support.hierarchical.Node.around(Node.java:135)
	at org.junit.platform.engine.support.hierarchical.NodeTestTask.lambda$executeRecursively$8(NodeTestTask.java:123)
	at org.junit.platform.engine.support.hierarchical.NodeTestTask$$Lambda$177/231977479.execute(Unknown Source)
	at org.junit.platform.engine.support.hierarchical.ThrowableCollector.execute(ThrowableCollector.java:73)
	at org.junit.platform.engine.support.hierarchical.NodeTestTask.executeRecursively(NodeTestTask.java:122)
	at org.junit.platform.engine.support.hierarchical.NodeTestTask.execute(NodeTestTask.java:80)
	at org.junit.platform.engine.support.hierarchical.SameThreadHierarchicalTestExecutorService$$Lambda$183/1381713434.accept(Unknown Source)
	at java.util.ArrayList.forEach(ArrayList.java:1249)
	at org.junit.platform.engine.support.hierarchical.SameThreadHierarchicalTestExecutorService.invokeAll(SameThreadHierarchicalTestExecutorService.java:38)
	at org.junit.platform.engine.support.hierarchical.NodeTestTask.lambda$executeRecursively$5(NodeTestTask.java:139)
	at org.junit.platform.engine.support.hierarchical.NodeTestTask$$Lambda$179/195615004.execute(Unknown Source)
	at org.junit.platform.engine.support.hierarchical.ThrowableCollector.execute(ThrowableCollector.java:73)
	at org.junit.platform.engine.support.hierarchical.NodeTestTask.lambda$executeRecursively$7(NodeTestTask.java:125)
	at org.junit.platform.engine.support.hierarchical.NodeTestTask$$Lambda$178/1890627974.invoke(Unknown Source)
	at org.junit.platform.engine.support.hierarchical.Node.around(Node.java:135)
	at org.junit.platform.engine.support.hierarchical.NodeTestTask.lambda$executeRecursively$8(NodeTestTask.java:123)
	at org.junit.platform.engine.support.hierarchical.NodeTestTask$$Lambda$177/231977479.execute(Unknown Source)
	at org.junit.platform.engine.support.hierarchical.ThrowableCollector.execute(ThrowableCollector.java:73)
	at org.junit.platform.engine.support.hierarchical.NodeTestTask.executeRecursively(NodeTestTask.java:122)
	at org.junit.platform.engine.support.hierarchical.NodeTestTask.execute(NodeTestTask.java:80)
	at org.junit.platform.engine.support.hierarchical.SameThreadHierarchicalTestExecutorService$$Lambda$183/1381713434.accept(Unknown Source)
	at java.util.ArrayList.forEach(ArrayList.java:1249)
	at org.junit.platform.engine.support.hierarchical.SameThreadHierarchicalTestExecutorService.invokeAll(SameThreadHierarchicalTestExecutorService.java:38)
	at org.junit.platform.engine.support.hierarchical.NodeTestTask.lambda$executeRecursively$5(NodeTestTask.java:139)
	at org.junit.platform.engine.support.hierarchical.NodeTestTask$$Lambda$179/195615004.execute(Unknown Source)
	at org.junit.platform.engine.support.hierarchical.ThrowableCollector.execute(ThrowableCollector.java:73)
	at org.junit.platform.engine.support.hierarchical.NodeTestTask.lambda$executeRecursively$7(NodeTestTask.java:125)
	at org.junit.platform.engine.support.hierarchical.NodeTestTask$$Lambda$178/1890627974.invoke(Unknown Source)
	at org.junit.platform.engine.support.hierarchical.Node.around(Node.java:135)
	at org.junit.platform.engine.support.hierarchical.NodeTestTask.lambda$executeRecursively$8(NodeTestTask.java:123)
	at org.junit.platform.engine.support.hierarchical.NodeTestTask$$Lambda$177/231977479.execute(Unknown Source)
	at org.junit.platform.engine.support.hierarchical.ThrowableCollector.execute(ThrowableCollector.java:73)
	at org.junit.platform.engine.support.hierarchical.NodeTestTask.executeRecursively(NodeTestTask.java:122)
	at org.junit.platform.engine.support.hierarchical.NodeTestTask.execute(NodeTestTask.java:80)
	at org.junit.platform.engine.support.hierarchical.SameThreadHierarchicalTestExecutorService.submit(SameThreadHierarchicalTestExecutorService.java:32)
	at org.junit.platform.engine.support.hierarchical.HierarchicalTestExecutor.execute(HierarchicalTestExecutor.java:57)
	at org.junit.platform.engine.support.hierarchical.HierarchicalTestEngine.execute(HierarchicalTestEngine.java:51)
	at org.junit.platform.launcher.core.DefaultLauncher.execute(DefaultLauncher.java:248)
	at org.junit.platform.launcher.core.DefaultLauncher.lambda$execute$5(DefaultLauncher.java:211)
	at org.junit.platform.launcher.core.DefaultLauncher$$Lambda$143/233996206.accept(Unknown Source)
	at org.junit.platform.launcher.core.DefaultLauncher.withInterceptedStreams(DefaultLauncher.java:226)
	at org.junit.platform.launcher.core.DefaultLauncher.execute(DefaultLauncher.java:199)
	at org.junit.platform.launcher.core.DefaultLauncher.execute(DefaultLauncher.java:132)
	at org.apache.maven.surefire.junitplatform.JUnitPlatformProvider.invokeAllTests(JUnitPlatformProvider.java:142)
	at org.apache.maven.surefire.junitplatform.JUnitPlatformProvider.invoke(JUnitPlatformProvider.java:113)
	at org.apache.maven.surefire.booter.ForkedBooter.invokeProviderInSameClassLoader(ForkedBooter.java:384)
	at org.apache.maven.surefire.booter.ForkedBooter.runSuitesInProcess(ForkedBooter.java:345)
	at org.apache.maven.surefire.booter.ForkedBooter.execute(ForkedBooter.java:126)
	at org.apache.maven.surefire.booter.ForkedBooter.main(ForkedBooter.java:418)
2021-11-08 11:17:07,387 [myid:] - INFO  [main:FourLetterWordMain@94] - connecting to 127.0.0.1 30158
2021-11-08 11:17:07,388 [myid:1] - WARN  [nioEventLoopGroup-72-1:NettyServerCnxnFactory$CnxnChannelHandler@231] - Zookeeper server is not running, close the connection before starting the TLS handshake
2021-11-08 11:17:07,403 [myid:] - INFO  [main:ClientBase@267] - server 127.0.0.1:30158 not up
java.net.SocketException: Software caused connection abort: recv failed
	at java.net.SocketInputStream.socketRead0(Native Method)
	at java.net.SocketInputStream.read(SocketInputStream.java:150)
	at java.net.SocketInputStream.read(SocketInputStream.java:121)
	at sun.nio.cs.StreamDecoder.readBytes(StreamDecoder.java:284)
	at sun.nio.cs.StreamDecoder.implRead(StreamDecoder.java:326)
	at sun.nio.cs.StreamDecoder.read(StreamDecoder.java:178)
	at java.io.InputStreamReader.read(InputStreamReader.java:184)
	at java.io.BufferedReader.fill(BufferedReader.java:161)
	at java.io.BufferedReader.readLine(BufferedReader.java:324)
	at java.io.BufferedReader.readLine(BufferedReader.java:389)
	at org.apache.zookeeper.client.FourLetterWordMain.send4LetterWord(FourLetterWordMain.java:129)
	at org.apache.zookeeper.client.FourLetterWordMain.send4LetterWord(FourLetterWordMain.java:74)
	at org.apache.zookeeper.test.ClientBase.waitForServerUp(ClientBase.java:258)
	at org.apache.zookeeper.test.ClientBase.waitForServerUp(ClientBase.java:249)
	at org.apache.zookeeper.server.quorum.QuorumSSLTest.testCertificateRevocationList(QuorumSSLTest.java:716)
	at sun.reflect.NativeMethodAccessorImpl.invoke0(Native Method)
	at sun.reflect.NativeMethodAccessorImpl.invoke(NativeMethodAccessorImpl.java:62)
	at sun.reflect.DelegatingMethodAccessorImpl.invoke(DelegatingMethodAccessorImpl.java:43)
	at java.lang.reflect.Method.invoke(Method.java:483)
	at org.junit.platform.commons.util.ReflectionUtils.invokeMethod(ReflectionUtils.java:686)
	at org.junit.jupiter.engine.execution.MethodInvocation.proceed(MethodInvocation.java:60)
	at org.junit.jupiter.engine.execution.InvocationInterceptorChain$ValidatingInvocation.proceed(InvocationInterceptorChain.java:131)
	at org.junit.jupiter.engine.extension.TimeoutInvocation.proceed(TimeoutInvocation.java:46)
	at org.junit.jupiter.engine.extension.TimeoutExtension.intercept(TimeoutExtension.java:149)
	at org.junit.jupiter.engine.extension.TimeoutExtension.interceptTestableMethod(TimeoutExtension.java:140)
	at org.junit.jupiter.engine.extension.TimeoutExtension.interceptTestMethod(TimeoutExtension.java:84)
	at org.junit.jupiter.engine.descriptor.TestMethodTestDescriptor$$Lambda$111/1780132728.apply(Unknown Source)
	at org.junit.jupiter.engine.execution.ExecutableInvoker$ReflectiveInterceptorCall.lambda$ofVoidMethod$0(ExecutableInvoker.java:115)
	at org.junit.jupiter.engine.execution.ExecutableInvoker$ReflectiveInterceptorCall$$Lambda$112/1725017993.apply(Unknown Source)
	at org.junit.jupiter.engine.execution.ExecutableInvoker.lambda$invoke$0(ExecutableInvoker.java:105)
	at org.junit.jupiter.engine.execution.ExecutableInvoker$$Lambda$234/64133603.apply(Unknown Source)
	at org.junit.jupiter.engine.execution.InvocationInterceptorChain$InterceptedInvocation.proceed(InvocationInterceptorChain.java:106)
	at org.junit.jupiter.engine.execution.InvocationInterceptorChain.proceed(InvocationInterceptorChain.java:64)
	at org.junit.jupiter.engine.execution.InvocationInterceptorChain.chainAndInvoke(InvocationInterceptorChain.java:45)
	at org.junit.jupiter.engine.execution.InvocationInterceptorChain.invoke(InvocationInterceptorChain.java:37)
	at org.junit.jupiter.engine.execution.ExecutableInvoker.invoke(ExecutableInvoker.java:104)
	at org.junit.jupiter.engine.execution.ExecutableInvoker.invoke(ExecutableInvoker.java:98)
	at org.junit.jupiter.engine.descriptor.TestMethodTestDescriptor.lambda$invokeTestMethod$6(TestMethodTestDescriptor.java:212)
	at org.junit.jupiter.engine.descriptor.TestMethodTestDescriptor$$Lambda$271/224100622.execute(Unknown Source)
	at org.junit.platform.engine.support.hierarchical.ThrowableCollector.execute(ThrowableCollector.java:73)
	at org.junit.jupiter.engine.descriptor.TestMethodTestDescriptor.invokeTestMethod(TestMethodTestDescriptor.java:208)
	at org.junit.jupiter.engine.descriptor.TestMethodTestDescriptor.execute(TestMethodTestDescriptor.java:137)
	at org.junit.jupiter.engine.descriptor.TestMethodTestDescriptor.execute(TestMethodTestDescriptor.java:71)
	at org.junit.platform.engine.support.hierarchical.NodeTestTask.lambda$executeRecursively$5(NodeTestTask.java:135)
	at org.junit.platform.engine.support.hierarchical.NodeTestTask$$Lambda$179/195615004.execute(Unknown Source)
	at org.junit.platform.engine.support.hierarchical.ThrowableCollector.execute(ThrowableCollector.java:73)
	at org.junit.platform.engine.support.hierarchical.NodeTestTask.lambda$executeRecursively$7(NodeTestTask.java:125)
	at org.junit.platform.engine.support.hierarchical.NodeTestTask$$Lambda$178/1890627974.invoke(Unknown Source)
	at org.junit.platform.engine.support.hierarchical.Node.around(Node.java:135)
	at org.junit.platform.engine.support.hierarchical.NodeTestTask.lambda$executeRecursively$8(NodeTestTask.java:123)
	at org.junit.platform.engine.support.hierarchical.NodeTestTask$$Lambda$177/231977479.execute(Unknown Source)
	at org.junit.platform.engine.support.hierarchical.ThrowableCollector.execute(ThrowableCollector.java:73)
	at org.junit.platform.engine.support.hierarchical.NodeTestTask.executeRecursively(NodeTestTask.java:122)
	at org.junit.platform.engine.support.hierarchical.NodeTestTask.execute(NodeTestTask.java:80)
	at org.junit.platform.engine.support.hierarchical.SameThreadHierarchicalTestExecutorService$$Lambda$183/1381713434.accept(Unknown Source)
	at java.util.ArrayList.forEach(ArrayList.java:1249)
	at org.junit.platform.engine.support.hierarchical.SameThreadHierarchicalTestExecutorService.invokeAll(SameThreadHierarchicalTestExecutorService.java:38)
	at org.junit.platform.engine.support.hierarchical.NodeTestTask.lambda$executeRecursively$5(NodeTestTask.java:139)
	at org.junit.platform.engine.support.hierarchical.NodeTestTask$$Lambda$179/195615004.execute(Unknown Source)
	at org.junit.platform.engine.support.hierarchical.ThrowableCollector.execute(ThrowableCollector.java:73)
	at org.junit.platform.engine.support.hierarchical.NodeTestTask.lambda$executeRecursively$7(NodeTestTask.java:125)
	at org.junit.platform.engine.support.hierarchical.NodeTestTask$$Lambda$178/1890627974.invoke(Unknown Source)
	at org.junit.platform.engine.support.hierarchical.Node.around(Node.java:135)
	at org.junit.platform.engine.support.hierarchical.NodeTestTask.lambda$executeRecursively$8(NodeTestTask.java:123)
	at org.junit.platform.engine.support.hierarchical.NodeTestTask$$Lambda$177/231977479.execute(Unknown Source)
	at org.junit.platform.engine.support.hierarchical.ThrowableCollector.execute(ThrowableCollector.java:73)
	at org.junit.platform.engine.support.hierarchical.NodeTestTask.executeRecursively(NodeTestTask.java:122)
	at org.junit.platform.engine.support.hierarchical.NodeTestTask.execute(NodeTestTask.java:80)
	at org.junit.platform.engine.support.hierarchical.SameThreadHierarchicalTestExecutorService$$Lambda$183/1381713434.accept(Unknown Source)
	at java.util.ArrayList.forEach(ArrayList.java:1249)
	at org.junit.platform.engine.support.hierarchical.SameThreadHierarchicalTestExecutorService.invokeAll(SameThreadHierarchicalTestExecutorService.java:38)
	at org.junit.platform.engine.support.hierarchical.NodeTestTask.lambda$executeRecursively$5(NodeTestTask.java:139)
	at org.junit.platform.engine.support.hierarchical.NodeTestTask$$Lambda$179/195615004.execute(Unknown Source)
	at org.junit.platform.engine.support.hierarchical.ThrowableCollector.execute(ThrowableCollector.java:73)
	at org.junit.platform.engine.support.hierarchical.NodeTestTask.lambda$executeRecursively$7(NodeTestTask.java:125)
	at org.junit.platform.engine.support.hierarchical.NodeTestTask$$Lambda$178/1890627974.invoke(Unknown Source)
	at org.junit.platform.engine.support.hierarchical.Node.around(Node.java:135)
	at org.junit.platform.engine.support.hierarchical.NodeTestTask.lambda$executeRecursively$8(NodeTestTask.java:123)
	at org.junit.platform.engine.support.hierarchical.NodeTestTask$$Lambda$177/231977479.execute(Unknown Source)
	at org.junit.platform.engine.support.hierarchical.ThrowableCollector.execute(ThrowableCollector.java:73)
	at org.junit.platform.engine.support.hierarchical.NodeTestTask.executeRecursively(NodeTestTask.java:122)
	at org.junit.platform.engine.support.hierarchical.NodeTestTask.execute(NodeTestTask.java:80)
	at org.junit.platform.engine.support.hierarchical.SameThreadHierarchicalTestExecutorService.submit(SameThreadHierarchicalTestExecutorService.java:32)
	at org.junit.platform.engine.support.hierarchical.HierarchicalTestExecutor.execute(HierarchicalTestExecutor.java:57)
	at org.junit.platform.engine.support.hierarchical.HierarchicalTestEngine.execute(HierarchicalTestEngine.java:51)
	at org.junit.platform.launcher.core.DefaultLauncher.execute(DefaultLauncher.java:248)
	at org.junit.platform.launcher.core.DefaultLauncher.lambda$execute$5(DefaultLauncher.java:211)
	at org.junit.platform.launcher.core.DefaultLauncher$$Lambda$143/233996206.accept(Unknown Source)
	at org.junit.platform.launcher.core.DefaultLauncher.withInterceptedStreams(DefaultLauncher.java:226)
	at org.junit.platform.launcher.core.DefaultLauncher.execute(DefaultLauncher.java:199)
	at org.junit.platform.launcher.core.DefaultLauncher.execute(DefaultLauncher.java:132)
	at org.apache.maven.surefire.junitplatform.JUnitPlatformProvider.invokeAllTests(JUnitPlatformProvider.java:142)
	at org.apache.maven.surefire.junitplatform.JUnitPlatformProvider.invoke(JUnitPlatformProvider.java:113)
	at org.apache.maven.surefire.booter.ForkedBooter.invokeProviderInSameClassLoader(ForkedBooter.java:384)
	at org.apache.maven.surefire.booter.ForkedBooter.runSuitesInProcess(ForkedBooter.java:345)
	at org.apache.maven.surefire.booter.ForkedBooter.execute(ForkedBooter.java:126)
	at org.apache.maven.surefire.booter.ForkedBooter.main(ForkedBooter.java:418)
2021-11-08 11:17:07,666 [myid:] - INFO  [main:FourLetterWordMain@94] - connecting to 127.0.0.1 30158
2021-11-08 11:17:07,668 [myid:1] - WARN  [nioEventLoopGroup-72-2:NettyServerCnxnFactory$CnxnChannelHandler@231] - Zookeeper server is not running, close the connection before starting the TLS handshake
2021-11-08 11:17:07,929 [myid:] - INFO  [main:FourLetterWordMain@94] - connecting to 127.0.0.1 30158
2021-11-08 11:17:07,929 [myid:1] - WARN  [nioEventLoopGroup-72-3:NettyServerCnxnFactory$CnxnChannelHandler@231] - Zookeeper server is not running, close the connection before starting the TLS handshake
2021-11-08 11:17:08,180 [myid:] - INFO  [main:FourLetterWordMain@94] - connecting to 127.0.0.1 30158
2021-11-08 11:17:08,180 [myid:1] - WARN  [nioEventLoopGroup-72-4:NettyServerCnxnFactory$CnxnChannelHandler@231] - Zookeeper server is not running, close the connection before starting the TLS handshake
2021-11-08 11:17:08,196 [myid:] - INFO  [main:ClientBase@267] - server 127.0.0.1:30158 not up
java.net.SocketException: Software caused connection abort: recv failed
	at java.net.SocketInputStream.socketRead0(Native Method)
	at java.net.SocketInputStream.read(SocketInputStream.java:150)
	at java.net.SocketInputStream.read(SocketInputStream.java:121)
	at sun.nio.cs.StreamDecoder.readBytes(StreamDecoder.java:284)
	at sun.nio.cs.StreamDecoder.implRead(StreamDecoder.java:326)
	at sun.nio.cs.StreamDecoder.read(StreamDecoder.java:178)
	at java.io.InputStreamReader.read(InputStreamReader.java:184)
	at java.io.BufferedReader.fill(BufferedReader.java:161)
	at java.io.BufferedReader.readLine(BufferedReader.java:324)
	at java.io.BufferedReader.readLine(BufferedReader.java:389)
	at org.apache.zookeeper.client.FourLetterWordMain.send4LetterWord(FourLetterWordMain.java:129)
	at org.apache.zookeeper.client.FourLetterWordMain.send4LetterWord(FourLetterWordMain.java:74)
	at org.apache.zookeeper.test.ClientBase.waitForServerUp(ClientBase.java:258)
	at org.apache.zookeeper.test.ClientBase.waitForServerUp(ClientBase.java:249)
	at org.apache.zookeeper.server.quorum.QuorumSSLTest.testCertificateRevocationList(QuorumSSLTest.java:716)
	at sun.reflect.NativeMethodAccessorImpl.invoke0(Native Method)
	at sun.reflect.NativeMethodAccessorImpl.invoke(NativeMethodAccessorImpl.java:62)
	at sun.reflect.DelegatingMethodAccessorImpl.invoke(DelegatingMethodAccessorImpl.java:43)
	at java.lang.reflect.Method.invoke(Method.java:483)
	at org.junit.platform.commons.util.ReflectionUtils.invokeMethod(ReflectionUtils.java:686)
	at org.junit.jupiter.engine.execution.MethodInvocation.proceed(MethodInvocation.java:60)
	at org.junit.jupiter.engine.execution.InvocationInterceptorChain$ValidatingInvocation.proceed(InvocationInterceptorChain.java:131)
	at org.junit.jupiter.engine.extension.TimeoutInvocation.proceed(TimeoutInvocation.java:46)
	at org.junit.jupiter.engine.extension.TimeoutExtension.intercept(TimeoutExtension.java:149)
	at org.junit.jupiter.engine.extension.TimeoutExtension.interceptTestableMethod(TimeoutExtension.java:140)
	at org.junit.jupiter.engine.extension.TimeoutExtension.interceptTestMethod(TimeoutExtension.java:84)
	at org.junit.jupiter.engine.descriptor.TestMethodTestDescriptor$$Lambda$111/1780132728.apply(Unknown Source)
	at org.junit.jupiter.engine.execution.ExecutableInvoker$ReflectiveInterceptorCall.lambda$ofVoidMethod$0(ExecutableInvoker.java:115)
	at org.junit.jupiter.engine.execution.ExecutableInvoker$ReflectiveInterceptorCall$$Lambda$112/1725017993.apply(Unknown Source)
	at org.junit.jupiter.engine.execution.ExecutableInvoker.lambda$invoke$0(ExecutableInvoker.java:105)
	at org.junit.jupiter.engine.execution.ExecutableInvoker$$Lambda$234/64133603.apply(Unknown Source)
	at org.junit.jupiter.engine.execution.InvocationInterceptorChain$InterceptedInvocation.proceed(InvocationInterceptorChain.java:106)
	at org.junit.jupiter.engine.execution.InvocationInterceptorChain.proceed(InvocationInterceptorChain.java:64)
	at org.junit.jupiter.engine.execution.InvocationInterceptorChain.chainAndInvoke(InvocationInterceptorChain.java:45)
	at org.junit.jupiter.engine.execution.InvocationInterceptorChain.invoke(InvocationInterceptorChain.java:37)
	at org.junit.jupiter.engine.execution.ExecutableInvoker.invoke(ExecutableInvoker.java:104)
	at org.junit.jupiter.engine.execution.ExecutableInvoker.invoke(ExecutableInvoker.java:98)
	at org.junit.jupiter.engine.descriptor.TestMethodTestDescriptor.lambda$invokeTestMethod$6(TestMethodTestDescriptor.java:212)
	at org.junit.jupiter.engine.descriptor.TestMethodTestDescriptor$$Lambda$271/224100622.execute(Unknown Source)
	at org.junit.platform.engine.support.hierarchical.ThrowableCollector.execute(ThrowableCollector.java:73)
	at org.junit.jupiter.engine.descriptor.TestMethodTestDescriptor.invokeTestMethod(TestMethodTestDescriptor.java:208)
	at org.junit.jupiter.engine.descriptor.TestMethodTestDescriptor.execute(TestMethodTestDescriptor.java:137)
	at org.junit.jupiter.engine.descriptor.TestMethodTestDescriptor.execute(TestMethodTestDescriptor.java:71)
	at org.junit.platform.engine.support.hierarchical.NodeTestTask.lambda$executeRecursively$5(NodeTestTask.java:135)
	at org.junit.platform.engine.support.hierarchical.NodeTestTask$$Lambda$179/195615004.execute(Unknown Source)
	at org.junit.platform.engine.support.hierarchical.ThrowableCollector.execute(ThrowableCollector.java:73)
	at org.junit.platform.engine.support.hierarchical.NodeTestTask.lambda$executeRecursively$7(NodeTestTask.java:125)
	at org.junit.platform.engine.support.hierarchical.NodeTestTask$$Lambda$178/1890627974.invoke(Unknown Source)
	at org.junit.platform.engine.support.hierarchical.Node.around(Node.java:135)
	at org.junit.platform.engine.support.hierarchical.NodeTestTask.lambda$executeRecursively$8(NodeTestTask.java:123)
	at org.junit.platform.engine.support.hierarchical.NodeTestTask$$Lambda$177/231977479.execute(Unknown Source)
	at org.junit.platform.engine.support.hierarchical.ThrowableCollector.execute(ThrowableCollector.java:73)
	at org.junit.platform.engine.support.hierarchical.NodeTestTask.executeRecursively(NodeTestTask.java:122)
	at org.junit.platform.engine.support.hierarchical.NodeTestTask.execute(NodeTestTask.java:80)
	at org.junit.platform.engine.support.hierarchical.SameThreadHierarchicalTestExecutorService$$Lambda$183/1381713434.accept(Unknown Source)
	at java.util.ArrayList.forEach(ArrayList.java:1249)
	at org.junit.platform.engine.support.hierarchical.SameThreadHierarchicalTestExecutorService.invokeAll(SameThreadHierarchicalTestExecutorService.java:38)
	at org.junit.platform.engine.support.hierarchical.NodeTestTask.lambda$executeRecursively$5(NodeTestTask.java:139)
	at org.junit.platform.engine.support.hierarchical.NodeTestTask$$Lambda$179/195615004.execute(Unknown Source)
	at org.junit.platform.engine.support.hierarchical.ThrowableCollector.execute(ThrowableCollector.java:73)
	at org.junit.platform.engine.support.hierarchical.NodeTestTask.lambda$executeRecursively$7(NodeTestTask.java:125)
	at org.junit.platform.engine.support.hierarchical.NodeTestTask$$Lambda$178/1890627974.invoke(Unknown Source)
	at org.junit.platform.engine.support.hierarchical.Node.around(Node.java:135)
	at org.junit.platform.engine.support.hierarchical.NodeTestTask.lambda$executeRecursively$8(NodeTestTask.java:123)
	at org.junit.platform.engine.support.hierarchical.NodeTestTask$$Lambda$177/231977479.execute(Unknown Source)
	at org.junit.platform.engine.support.hierarchical.ThrowableCollector.execute(ThrowableCollector.java:73)
	at org.junit.platform.engine.support.hierarchical.NodeTestTask.executeRecursively(NodeTestTask.java:122)
	at org.junit.platform.engine.support.hierarchical.NodeTestTask.execute(NodeTestTask.java:80)
	at org.junit.platform.engine.support.hierarchical.SameThreadHierarchicalTestExecutorService$$Lambda$183/1381713434.accept(Unknown Source)
	at java.util.ArrayList.forEach(ArrayList.java:1249)
	at org.junit.platform.engine.support.hierarchical.SameThreadHierarchicalTestExecutorService.invokeAll(SameThreadHierarchicalTestExecutorService.java:38)
	at org.junit.platform.engine.support.hierarchical.NodeTestTask.lambda$executeRecursively$5(NodeTestTask.java:139)
	at org.junit.platform.engine.support.hierarchical.NodeTestTask$$Lambda$179/195615004.execute(Unknown Source)
	at org.junit.platform.engine.support.hierarchical.ThrowableCollector.execute(ThrowableCollector.java:73)
	at org.junit.platform.engine.support.hierarchical.NodeTestTask.lambda$executeRecursively$7(NodeTestTask.java:125)
	at org.junit.platform.engine.support.hierarchical.NodeTestTask$$Lambda$178/1890627974.invoke(Unknown Source)
	at org.junit.platform.engine.support.hierarchical.Node.around(Node.java:135)
	at org.junit.platform.engine.support.hierarchical.NodeTestTask.lambda$executeRecursively$8(NodeTestTask.java:123)
	at org.junit.platform.engine.support.hierarchical.NodeTestTask$$Lambda$177/231977479.execute(Unknown Source)
	at org.junit.platform.engine.support.hierarchical.ThrowableCollector.execute(ThrowableCollector.java:73)
	at org.junit.platform.engine.support.hierarchical.NodeTestTask.executeRecursively(NodeTestTask.java:122)
	at org.junit.platform.engine.support.hierarchical.NodeTestTask.execute(NodeTestTask.java:80)
	at org.junit.platform.engine.support.hierarchical.SameThreadHierarchicalTestExecutorService.submit(SameThreadHierarchicalTestExecutorService.java:32)
	at org.junit.platform.engine.support.hierarchical.HierarchicalTestExecutor.execute(HierarchicalTestExecutor.java:57)
	at org.junit.platform.engine.support.hierarchical.HierarchicalTestEngine.execute(HierarchicalTestEngine.java:51)
	at org.junit.platform.launcher.core.DefaultLauncher.execute(DefaultLauncher.java:248)
	at org.junit.platform.launcher.core.DefaultLauncher.lambda$execute$5(DefaultLauncher.java:211)
	at org.junit.platform.launcher.core.DefaultLauncher$$Lambda$143/233996206.accept(Unknown Source)
	at org.junit.platform.launcher.core.DefaultLauncher.withInterceptedStreams(DefaultLauncher.java:226)
	at org.junit.platform.launcher.core.DefaultLauncher.execute(DefaultLauncher.java:199)
	at org.junit.platform.launcher.core.DefaultLauncher.execute(DefaultLauncher.java:132)
	at org.apache.maven.surefire.junitplatform.JUnitPlatformProvider.invokeAllTests(JUnitPlatformProvider.java:142)
	at org.apache.maven.surefire.junitplatform.JUnitPlatformProvider.invoke(JUnitPlatformProvider.java:113)
	at org.apache.maven.surefire.booter.ForkedBooter.invokeProviderInSameClassLoader(ForkedBooter.java:384)
	at org.apache.maven.surefire.booter.ForkedBooter.runSuitesInProcess(ForkedBooter.java:345)
	at org.apache.maven.surefire.booter.ForkedBooter.execute(ForkedBooter.java:126)
	at org.apache.maven.surefire.booter.ForkedBooter.main(ForkedBooter.java:418)
2021-11-08 11:17:08,459 [myid:] - INFO  [main:FourLetterWordMain@94] - connecting to 127.0.0.1 30158
2021-11-08 11:17:08,459 [myid:1] - WARN  [nioEventLoopGroup-72-5:NettyServerCnxnFactory$CnxnChannelHandler@231] - Zookeeper server is not running, close the connection before starting the TLS handshake
2021-11-08 11:17:08,712 [myid:] - INFO  [main:FourLetterWordMain@94] - connecting to 127.0.0.1 30158
2021-11-08 11:17:08,712 [myid:1] - WARN  [nioEventLoopGroup-72-6:NettyServerCnxnFactory$CnxnChannelHandler@231] - Zookeeper server is not running, close the connection before starting the TLS handshake
2021-11-08 11:17:08,978 [myid:] - INFO  [main:FourLetterWordMain@94] - connecting to 127.0.0.1 30158
2021-11-08 11:17:08,978 [myid:1] - WARN  [nioEventLoopGroup-72-7:NettyServerCnxnFactory$CnxnChannelHandler@231] - Zookeeper server is not running, close the connection before starting the TLS handshake
2021-11-08 11:17:09,244 [myid:] - INFO  [main:FourLetterWordMain@94] - connecting to 127.0.0.1 30158
2021-11-08 11:17:09,246 [myid:1] - WARN  [nioEventLoopGroup-72-8:NettyServerCnxnFactory$CnxnChannelHandler@231] - Zookeeper server is not running, close the connection before starting the TLS handshake
2021-11-08 11:17:09,498 [myid:] - INFO  [main:FourLetterWordMain@94] - connecting to 127.0.0.1 30158
2021-11-08 11:17:09,498 [myid:1] - WARN  [nioEventLoopGroup-72-9:NettyServerCnxnFactory$CnxnChannelHandler@231] - Zookeeper server is not running, close the connection before starting the TLS handshake
2021-11-08 11:17:09,763 [myid:] - INFO  [main:FourLetterWordMain@94] - connecting to 127.0.0.1 30158
2021-11-08 11:17:09,763 [myid:1] - WARN  [nioEventLoopGroup-72-10:NettyServerCnxnFactory$CnxnChannelHandler@231] - Zookeeper server is not running, close the connection before starting the TLS handshake
2021-11-08 11:17:09,779 [myid:] - INFO  [main:ClientBase@267] - server 127.0.0.1:30158 not up
java.net.SocketException: Software caused connection abort: recv failed
	at java.net.SocketInputStream.socketRead0(Native Method)
	at java.net.SocketInputStream.read(SocketInputStream.java:150)
	at java.net.SocketInputStream.read(SocketInputStream.java:121)
	at sun.nio.cs.StreamDecoder.readBytes(StreamDecoder.java:284)
	at sun.nio.cs.StreamDecoder.implRead(StreamDecoder.java:326)
	at sun.nio.cs.StreamDecoder.read(StreamDecoder.java:178)
	at java.io.InputStreamReader.read(InputStreamReader.java:184)
	at java.io.BufferedReader.fill(BufferedReader.java:161)
	at java.io.BufferedReader.readLine(BufferedReader.java:324)
	at java.io.BufferedReader.readLine(BufferedReader.java:389)
	at org.apache.zookeeper.client.FourLetterWordMain.send4LetterWord(FourLetterWordMain.java:129)
	at org.apache.zookeeper.client.FourLetterWordMain.send4LetterWord(FourLetterWordMain.java:74)
	at org.apache.zookeeper.test.ClientBase.waitForServerUp(ClientBase.java:258)
	at org.apache.zookeeper.test.ClientBase.waitForServerUp(ClientBase.java:249)
	at org.apache.zookeeper.server.quorum.QuorumSSLTest.testCertificateRevocationList(QuorumSSLTest.java:716)
	at sun.reflect.NativeMethodAccessorImpl.invoke0(Native Method)
	at sun.reflect.NativeMethodAccessorImpl.invoke(NativeMethodAccessorImpl.java:62)
	at sun.reflect.DelegatingMethodAccessorImpl.invoke(DelegatingMethodAccessorImpl.java:43)
	at java.lang.reflect.Method.invoke(Method.java:483)
	at org.junit.platform.commons.util.ReflectionUtils.invokeMethod(ReflectionUtils.java:686)
	at org.junit.jupiter.engine.execution.MethodInvocation.proceed(MethodInvocation.java:60)
	at org.junit.jupiter.engine.execution.InvocationInterceptorChain$ValidatingInvocation.proceed(InvocationInterceptorChain.java:131)
	at org.junit.jupiter.engine.extension.TimeoutInvocation.proceed(TimeoutInvocation.java:46)
	at org.junit.jupiter.engine.extension.TimeoutExtension.intercept(TimeoutExtension.java:149)
	at org.junit.jupiter.engine.extension.TimeoutExtension.interceptTestableMethod(TimeoutExtension.java:140)
	at org.junit.jupiter.engine.extension.TimeoutExtension.interceptTestMethod(TimeoutExtension.java:84)
	at org.junit.jupiter.engine.descriptor.TestMethodTestDescriptor$$Lambda$111/1780132728.apply(Unknown Source)
	at org.junit.jupiter.engine.execution.ExecutableInvoker$ReflectiveInterceptorCall.lambda$ofVoidMethod$0(ExecutableInvoker.java:115)
	at org.junit.jupiter.engine.execution.ExecutableInvoker$ReflectiveInterceptorCall$$Lambda$112/1725017993.apply(Unknown Source)
	at org.junit.jupiter.engine.execution.ExecutableInvoker.lambda$invoke$0(ExecutableInvoker.java:105)
	at org.junit.jupiter.engine.execution.ExecutableInvoker$$Lambda$234/64133603.apply(Unknown Source)
	at org.junit.jupiter.engine.execution.InvocationInterceptorChain$InterceptedInvocation.proceed(InvocationInterceptorChain.java:106)
	at org.junit.jupiter.engine.execution.InvocationInterceptorChain.proceed(InvocationInterceptorChain.java:64)
	at org.junit.jupiter.engine.execution.InvocationInterceptorChain.chainAndInvoke(InvocationInterceptorChain.java:45)
	at org.junit.jupiter.engine.execution.InvocationInterceptorChain.invoke(InvocationInterceptorChain.java:37)
	at org.junit.jupiter.engine.execution.ExecutableInvoker.invoke(ExecutableInvoker.java:104)
	at org.junit.jupiter.engine.execution.ExecutableInvoker.invoke(ExecutableInvoker.java:98)
	at org.junit.jupiter.engine.descriptor.TestMethodTestDescriptor.lambda$invokeTestMethod$6(TestMethodTestDescriptor.java:212)
	at org.junit.jupiter.engine.descriptor.TestMethodTestDescriptor$$Lambda$271/224100622.execute(Unknown Source)
	at org.junit.platform.engine.support.hierarchical.ThrowableCollector.execute(ThrowableCollector.java:73)
	at org.junit.jupiter.engine.descriptor.TestMethodTestDescriptor.invokeTestMethod(TestMethodTestDescriptor.java:208)
	at org.junit.jupiter.engine.descriptor.TestMethodTestDescriptor.execute(TestMethodTestDescriptor.java:137)
	at org.junit.jupiter.engine.descriptor.TestMethodTestDescriptor.execute(TestMethodTestDescriptor.java:71)
	at org.junit.platform.engine.support.hierarchical.NodeTestTask.lambda$executeRecursively$5(NodeTestTask.java:135)
	at org.junit.platform.engine.support.hierarchical.NodeTestTask$$Lambda$179/195615004.execute(Unknown Source)
	at org.junit.platform.engine.support.hierarchical.ThrowableCollector.execute(ThrowableCollector.java:73)
	at org.junit.platform.engine.support.hierarchical.NodeTestTask.lambda$executeRecursively$7(NodeTestTask.java:125)
	at org.junit.platform.engine.support.hierarchical.NodeTestTask$$Lambda$178/1890627974.invoke(Unknown Source)
	at org.junit.platform.engine.support.hierarchical.Node.around(Node.java:135)
	at org.junit.platform.engine.support.hierarchical.NodeTestTask.lambda$executeRecursively$8(NodeTestTask.java:123)
	at org.junit.platform.engine.support.hierarchical.NodeTestTask$$Lambda$177/231977479.execute(Unknown Source)
	at org.junit.platform.engine.support.hierarchical.ThrowableCollector.execute(ThrowableCollector.java:73)
	at org.junit.platform.engine.support.hierarchical.NodeTestTask.executeRecursively(NodeTestTask.java:122)
	at org.junit.platform.engine.support.hierarchical.NodeTestTask.execute(NodeTestTask.java:80)
	at org.junit.platform.engine.support.hierarchical.SameThreadHierarchicalTestExecutorService$$Lambda$183/1381713434.accept(Unknown Source)
	at java.util.ArrayList.forEach(ArrayList.java:1249)
	at org.junit.platform.engine.support.hierarchical.SameThreadHierarchicalTestExecutorService.invokeAll(SameThreadHierarchicalTestExecutorService.java:38)
	at org.junit.platform.engine.support.hierarchical.NodeTestTask.lambda$executeRecursively$5(NodeTestTask.java:139)
	at org.junit.platform.engine.support.hierarchical.NodeTestTask$$Lambda$179/195615004.execute(Unknown Source)
	at org.junit.platform.engine.support.hierarchical.ThrowableCollector.execute(ThrowableCollector.java:73)
	at org.junit.platform.engine.support.hierarchical.NodeTestTask.lambda$executeRecursively$7(NodeTestTask.java:125)
	at org.junit.platform.engine.support.hierarchical.NodeTestTask$$Lambda$178/1890627974.invoke(Unknown Source)
	at org.junit.platform.engine.support.hierarchical.Node.around(Node.java:135)
	at org.junit.platform.engine.support.hierarchical.NodeTestTask.lambda$executeRecursively$8(NodeTestTask.java:123)
	at org.junit.platform.engine.support.hierarchical.NodeTestTask$$Lambda$177/231977479.execute(Unknown Source)
	at org.junit.platform.engine.support.hierarchical.ThrowableCollector.execute(ThrowableCollector.java:73)
	at org.junit.platform.engine.support.hierarchical.NodeTestTask.executeRecursively(NodeTestTask.java:122)
	at org.junit.platform.engine.support.hierarchical.NodeTestTask.execute(NodeTestTask.java:80)
	at org.junit.platform.engine.support.hierarchical.SameThreadHierarchicalTestExecutorService$$Lambda$183/1381713434.accept(Unknown Source)
	at java.util.ArrayList.forEach(ArrayList.java:1249)
	at org.junit.platform.engine.support.hierarchical.SameThreadHierarchicalTestExecutorService.invokeAll(SameThreadHierarchicalTestExecutorService.java:38)
	at org.junit.platform.engine.support.hierarchical.NodeTestTask.lambda$executeRecursively$5(NodeTestTask.java:139)
	at org.junit.platform.engine.support.hierarchical.NodeTestTask$$Lambda$179/195615004.execute(Unknown Source)
	at org.junit.platform.engine.support.hierarchical.ThrowableCollector.execute(ThrowableCollector.java:73)
	at org.junit.platform.engine.support.hierarchical.NodeTestTask.lambda$executeRecursively$7(NodeTestTask.java:125)
	at org.junit.platform.engine.support.hierarchical.NodeTestTask$$Lambda$178/1890627974.invoke(Unknown Source)
	at org.junit.platform.engine.support.hierarchical.Node.around(Node.java:135)
	at org.junit.platform.engine.support.hierarchical.NodeTestTask.lambda$executeRecursively$8(NodeTestTask.java:123)
	at org.junit.platform.engine.support.hierarchical.NodeTestTask$$Lambda$177/231977479.execute(Unknown Source)
	at org.junit.platform.engine.support.hierarchical.ThrowableCollector.execute(ThrowableCollector.java:73)
	at org.junit.platform.engine.support.hierarchical.NodeTestTask.executeRecursively(NodeTestTask.java:122)
	at org.junit.platform.engine.support.hierarchical.NodeTestTask.execute(NodeTestTask.java:80)
	at org.junit.platform.engine.support.hierarchical.SameThreadHierarchicalTestExecutorService.submit(SameThreadHierarchicalTestExecutorService.java:32)
	at org.junit.platform.engine.support.hierarchical.HierarchicalTestExecutor.execute(HierarchicalTestExecutor.java:57)
	at org.junit.platform.engine.support.hierarchical.HierarchicalTestEngine.execute(HierarchicalTestEngine.java:51)
	at org.junit.platform.launcher.core.DefaultLauncher.execute(DefaultLauncher.java:248)
	at org.junit.platform.launcher.core.DefaultLauncher.lambda$execute$5(DefaultLauncher.java:211)
	at org.junit.platform.launcher.core.DefaultLauncher$$Lambda$143/233996206.accept(Unknown Source)
	at org.junit.platform.launcher.core.DefaultLauncher.withInterceptedStreams(DefaultLauncher.java:226)
	at org.junit.platform.launcher.core.DefaultLauncher.execute(DefaultLauncher.java:199)
	at org.junit.platform.launcher.core.DefaultLauncher.execute(DefaultLauncher.java:132)
	at org.apache.maven.surefire.junitplatform.JUnitPlatformProvider.invokeAllTests(JUnitPlatformProvider.java:142)
	at org.apache.maven.surefire.junitplatform.JUnitPlatformProvider.invoke(JUnitPlatformProvider.java:113)
	at org.apache.maven.surefire.booter.ForkedBooter.invokeProviderInSameClassLoader(ForkedBooter.java:384)
	at org.apache.maven.surefire.booter.ForkedBooter.runSuitesInProcess(ForkedBooter.java:345)
	at org.apache.maven.surefire.booter.ForkedBooter.execute(ForkedBooter.java:126)
	at org.apache.maven.surefire.booter.ForkedBooter.main(ForkedBooter.java:418)
2021-11-08 11:17:10,032 [myid:] - INFO  [main:FourLetterWordMain@94] - connecting to 127.0.0.1 30158
2021-11-08 11:17:10,032 [myid:1] - WARN  [nioEventLoopGroup-72-11:NettyServerCnxnFactory$CnxnChannelHandler@231] - Zookeeper server is not running, close the connection before starting the TLS handshake
2021-11-08 11:17:10,297 [myid:] - INFO  [main:FourLetterWordMain@94] - connecting to 127.0.0.1 30158
2021-11-08 11:17:10,299 [myid:1] - WARN  [nioEventLoopGroup-72-12:NettyServerCnxnFactory$CnxnChannelHandler@231] - Zookeeper server is not running, close the connection before starting the TLS handshake
2021-11-08 11:17:10,435 [myid:2] - INFO  [QuorumPeer[myid=2](plain=[0:0:0:0:0:0:0:0]:30159)(secure=disabled):FastLeaderElection@984] - Notification time out: 12800
2021-11-08 11:17:10,435 [myid:1] - INFO  [QuorumPeer[myid=1](plain=[0:0:0:0:0:0:0:0]:30158)(secure=disabled):FastLeaderElection@984] - Notification time out: 12800
2021-11-08 11:17:10,558 [myid:] - INFO  [main:FourLetterWordMain@94] - connecting to 127.0.0.1 30158
2021-11-08 11:17:10,558 [myid:1] - WARN  [nioEventLoopGroup-72-1:NettyServerCnxnFactory$CnxnChannelHandler@231] - Zookeeper server is not running, close the connection before starting the TLS handshake
2021-11-08 11:17:10,824 [myid:] - INFO  [main:FourLetterWordMain@94] - connecting to 127.0.0.1 30158
2021-11-08 11:17:10,824 [myid:1] - WARN  [nioEventLoopGroup-72-2:NettyServerCnxnFactory$CnxnChannelHandler@231] - Zookeeper server is not running, close the connection before starting the TLS handshake
2021-11-08 11:17:11,088 [myid:] - INFO  [main:FourLetterWordMain@94] - connecting to 127.0.0.1 30158
2021-11-08 11:17:11,088 [myid:1] - WARN  [nioEventLoopGroup-72-3:NettyServerCnxnFactory$CnxnChannelHandler@231] - Zookeeper server is not running, close the connection before starting the TLS handshake
2021-11-08 11:17:11,339 [myid:] - INFO  [main:FourLetterWordMain@94] - connecting to 127.0.0.1 30158
2021-11-08 11:17:11,339 [myid:1] - WARN  [nioEventLoopGroup-72-4:NettyServerCnxnFactory$CnxnChannelHandler@231] - Zookeeper server is not running, close the connection before starting the TLS handshake
2021-11-08 11:17:11,590 [myid:] - INFO  [main:FourLetterWordMain@94] - connecting to 127.0.0.1 30158
2021-11-08 11:17:11,590 [myid:1] - WARN  [nioEventLoopGroup-72-5:NettyServerCnxnFactory$CnxnChannelHandler@231] - Zookeeper server is not running, close the connection before starting the TLS handshake
2021-11-08 11:17:11,854 [myid:] - INFO  [main:FourLetterWordMain@94] - connecting to 127.0.0.1 30158
2021-11-08 11:17:11,855 [myid:1] - WARN  [nioEventLoopGroup-72-6:NettyServerCnxnFactory$CnxnChannelHandler@231] - Zookeeper server is not running, close the connection before starting the TLS handshake
2021-11-08 11:17:12,118 [myid:] - INFO  [main:FourLetterWordMain@94] - connecting to 127.0.0.1 30158
2021-11-08 11:17:12,118 [myid:1] - WARN  [nioEventLoopGroup-72-7:NettyServerCnxnFactory$CnxnChannelHandler@231] - Zookeeper server is not running, close the connection before starting the TLS handshake
2021-11-08 11:17:12,382 [myid:] - INFO  [main:FourLetterWordMain@94] - connecting to 127.0.0.1 30158
2021-11-08 11:17:12,382 [myid:1] - WARN  [nioEventLoopGroup-72-8:NettyServerCnxnFactory$CnxnChannelHandler@231] - Zookeeper server is not running, close the connection before starting the TLS handshake
2021-11-08 11:17:12,646 [myid:] - INFO  [main:FourLetterWordMain@94] - connecting to 127.0.0.1 30158
2021-11-08 11:17:12,646 [myid:1] - WARN  [nioEventLoopGroup-72-9:NettyServerCnxnFactory$CnxnChannelHandler@231] - Zookeeper server is not running, close the connection before starting the TLS handshake
2021-11-08 11:17:12,662 [myid:] - INFO  [main:ClientBase@267] - server 127.0.0.1:30158 not up
java.net.SocketException: Software caused connection abort: recv failed
	at java.net.SocketInputStream.socketRead0(Native Method)
	at java.net.SocketInputStream.read(SocketInputStream.java:150)
	at java.net.SocketInputStream.read(SocketInputStream.java:121)
	at sun.nio.cs.StreamDecoder.readBytes(StreamDecoder.java:284)
	at sun.nio.cs.StreamDecoder.implRead(StreamDecoder.java:326)
	at sun.nio.cs.StreamDecoder.read(StreamDecoder.java:178)
	at java.io.InputStreamReader.read(InputStreamReader.java:184)
	at java.io.BufferedReader.fill(BufferedReader.java:161)
	at java.io.BufferedReader.readLine(BufferedReader.java:324)
	at java.io.BufferedReader.readLine(BufferedReader.java:389)
	at org.apache.zookeeper.client.FourLetterWordMain.send4LetterWord(FourLetterWordMain.java:129)
	at org.apache.zookeeper.client.FourLetterWordMain.send4LetterWord(FourLetterWordMain.java:74)
	at org.apache.zookeeper.test.ClientBase.waitForServerUp(ClientBase.java:258)
	at org.apache.zookeeper.test.ClientBase.waitForServerUp(ClientBase.java:249)
	at org.apache.zookeeper.server.quorum.QuorumSSLTest.testCertificateRevocationList(QuorumSSLTest.java:716)
	at sun.reflect.NativeMethodAccessorImpl.invoke0(Native Method)
	at sun.reflect.NativeMethodAccessorImpl.invoke(NativeMethodAccessorImpl.java:62)
	at sun.reflect.DelegatingMethodAccessorImpl.invoke(DelegatingMethodAccessorImpl.java:43)
	at java.lang.reflect.Method.invoke(Method.java:483)
	at org.junit.platform.commons.util.ReflectionUtils.invokeMethod(ReflectionUtils.java:686)
	at org.junit.jupiter.engine.execution.MethodInvocation.proceed(MethodInvocation.java:60)
	at org.junit.jupiter.engine.execution.InvocationInterceptorChain$ValidatingInvocation.proceed(InvocationInterceptorChain.java:131)
	at org.junit.jupiter.engine.extension.TimeoutInvocation.proceed(TimeoutInvocation.java:46)
	at org.junit.jupiter.engine.extension.TimeoutExtension.intercept(TimeoutExtension.java:149)
	at org.junit.jupiter.engine.extension.TimeoutExtension.interceptTestableMethod(TimeoutExtension.java:140)
	at org.junit.jupiter.engine.extension.TimeoutExtension.interceptTestMethod(TimeoutExtension.java:84)
	at org.junit.jupiter.engine.descriptor.TestMethodTestDescriptor$$Lambda$111/1780132728.apply(Unknown Source)
	at org.junit.jupiter.engine.execution.ExecutableInvoker$ReflectiveInterceptorCall.lambda$ofVoidMethod$0(ExecutableInvoker.java:115)
	at org.junit.jupiter.engine.execution.ExecutableInvoker$ReflectiveInterceptorCall$$Lambda$112/1725017993.apply(Unknown Source)
	at org.junit.jupiter.engine.execution.ExecutableInvoker.lambda$invoke$0(ExecutableInvoker.java:105)
	at org.junit.jupiter.engine.execution.ExecutableInvoker$$Lambda$234/64133603.apply(Unknown Source)
	at org.junit.jupiter.engine.execution.InvocationInterceptorChain$InterceptedInvocation.proceed(InvocationInterceptorChain.java:106)
	at org.junit.jupiter.engine.execution.InvocationInterceptorChain.proceed(InvocationInterceptorChain.java:64)
	at org.junit.jupiter.engine.execution.InvocationInterceptorChain.chainAndInvoke(InvocationInterceptorChain.java:45)
	at org.junit.jupiter.engine.execution.InvocationInterceptorChain.invoke(InvocationInterceptorChain.java:37)
	at org.junit.jupiter.engine.execution.ExecutableInvoker.invoke(ExecutableInvoker.java:104)
	at org.junit.jupiter.engine.execution.ExecutableInvoker.invoke(ExecutableInvoker.java:98)
	at org.junit.jupiter.engine.descriptor.TestMethodTestDescriptor.lambda$invokeTestMethod$6(TestMethodTestDescriptor.java:212)
	at org.junit.jupiter.engine.descriptor.TestMethodTestDescriptor$$Lambda$271/224100622.execute(Unknown Source)
	at org.junit.platform.engine.support.hierarchical.ThrowableCollector.execute(ThrowableCollector.java:73)
	at org.junit.jupiter.engine.descriptor.TestMethodTestDescriptor.invokeTestMethod(TestMethodTestDescriptor.java:208)
	at org.junit.jupiter.engine.descriptor.TestMethodTestDescriptor.execute(TestMethodTestDescriptor.java:137)
	at org.junit.jupiter.engine.descriptor.TestMethodTestDescriptor.execute(TestMethodTestDescriptor.java:71)
	at org.junit.platform.engine.support.hierarchical.NodeTestTask.lambda$executeRecursively$5(NodeTestTask.java:135)
	at org.junit.platform.engine.support.hierarchical.NodeTestTask$$Lambda$179/195615004.execute(Unknown Source)
	at org.junit.platform.engine.support.hierarchical.ThrowableCollector.execute(ThrowableCollector.java:73)
	at org.junit.platform.engine.support.hierarchical.NodeTestTask.lambda$executeRecursively$7(NodeTestTask.java:125)
	at org.junit.platform.engine.support.hierarchical.NodeTestTask$$Lambda$178/1890627974.invoke(Unknown Source)
	at org.junit.platform.engine.support.hierarchical.Node.around(Node.java:135)
	at org.junit.platform.engine.support.hierarchical.NodeTestTask.lambda$executeRecursively$8(NodeTestTask.java:123)
	at org.junit.platform.engine.support.hierarchical.NodeTestTask$$Lambda$177/231977479.execute(Unknown Source)
	at org.junit.platform.engine.support.hierarchical.ThrowableCollector.execute(ThrowableCollector.java:73)
	at org.junit.platform.engine.support.hierarchical.NodeTestTask.executeRecursively(NodeTestTask.java:122)
	at org.junit.platform.engine.support.hierarchical.NodeTestTask.execute(NodeTestTask.java:80)
	at org.junit.platform.engine.support.hierarchical.SameThreadHierarchicalTestExecutorService$$Lambda$183/1381713434.accept(Unknown Source)
	at java.util.ArrayList.forEach(ArrayList.java:1249)
	at org.junit.platform.engine.support.hierarchical.SameThreadHierarchicalTestExecutorService.invokeAll(SameThreadHierarchicalTestExecutorService.java:38)
	at org.junit.platform.engine.support.hierarchical.NodeTestTask.lambda$executeRecursively$5(NodeTestTask.java:139)
	at org.junit.platform.engine.support.hierarchical.NodeTestTask$$Lambda$179/195615004.execute(Unknown Source)
	at org.junit.platform.engine.support.hierarchical.ThrowableCollector.execute(ThrowableCollector.java:73)
	at org.junit.platform.engine.support.hierarchical.NodeTestTask.lambda$executeRecursively$7(NodeTestTask.java:125)
	at org.junit.platform.engine.support.hierarchical.NodeTestTask$$Lambda$178/1890627974.invoke(Unknown Source)
	at org.junit.platform.engine.support.hierarchical.Node.around(Node.java:135)
	at org.junit.platform.engine.support.hierarchical.NodeTestTask.lambda$executeRecursively$8(NodeTestTask.java:123)
	at org.junit.platform.engine.support.hierarchical.NodeTestTask$$Lambda$177/231977479.execute(Unknown Source)
	at org.junit.platform.engine.support.hierarchical.ThrowableCollector.execute(ThrowableCollector.java:73)
	at org.junit.platform.engine.support.hierarchical.NodeTestTask.executeRecursively(NodeTestTask.java:122)
	at org.junit.platform.engine.support.hierarchical.NodeTestTask.execute(NodeTestTask.java:80)
	at org.junit.platform.engine.support.hierarchical.SameThreadHierarchicalTestExecutorService$$Lambda$183/1381713434.accept(Unknown Source)
	at java.util.ArrayList.forEach(ArrayList.java:1249)
	at org.junit.platform.engine.support.hierarchical.SameThreadHierarchicalTestExecutorService.invokeAll(SameThreadHierarchicalTestExecutorService.java:38)
	at org.junit.platform.engine.support.hierarchical.NodeTestTask.lambda$executeRecursively$5(NodeTestTask.java:139)
	at org.junit.platform.engine.support.hierarchical.NodeTestTask$$Lambda$179/195615004.execute(Unknown Source)
	at org.junit.platform.engine.support.hierarchical.ThrowableCollector.execute(ThrowableCollector.java:73)
	at org.junit.platform.engine.support.hierarchical.NodeTestTask.lambda$executeRecursively$7(NodeTestTask.java:125)
	at org.junit.platform.engine.support.hierarchical.NodeTestTask$$Lambda$178/1890627974.invoke(Unknown Source)
	at org.junit.platform.engine.support.hierarchical.Node.around(Node.java:135)
	at org.junit.platform.engine.support.hierarchical.NodeTestTask.lambda$executeRecursively$8(NodeTestTask.java:123)
	at org.junit.platform.engine.support.hierarchical.NodeTestTask$$Lambda$177/231977479.execute(Unknown Source)
	at org.junit.platform.engine.support.hierarchical.ThrowableCollector.execute(ThrowableCollector.java:73)
	at org.junit.platform.engine.support.hierarchical.NodeTestTask.executeRecursively(NodeTestTask.java:122)
	at org.junit.platform.engine.support.hierarchical.NodeTestTask.execute(NodeTestTask.java:80)
	at org.junit.platform.engine.support.hierarchical.SameThreadHierarchicalTestExecutorService.submit(SameThreadHierarchicalTestExecutorService.java:32)
	at org.junit.platform.engine.support.hierarchical.HierarchicalTestExecutor.execute(HierarchicalTestExecutor.java:57)
	at org.junit.platform.engine.support.hierarchical.HierarchicalTestEngine.execute(HierarchicalTestEngine.java:51)
	at org.junit.platform.launcher.core.DefaultLauncher.execute(DefaultLauncher.java:248)
	at org.junit.platform.launcher.core.DefaultLauncher.lambda$execute$5(DefaultLauncher.java:211)
	at org.junit.platform.launcher.core.DefaultLauncher$$Lambda$143/233996206.accept(Unknown Source)
	at org.junit.platform.launcher.core.DefaultLauncher.withInterceptedStreams(DefaultLauncher.java:226)
	at org.junit.platform.launcher.core.DefaultLauncher.execute(DefaultLauncher.java:199)
	at org.junit.platform.launcher.core.DefaultLauncher.execute(DefaultLauncher.java:132)
	at org.apache.maven.surefire.junitplatform.JUnitPlatformProvider.invokeAllTests(JUnitPlatformProvider.java:142)
	at org.apache.maven.surefire.junitplatform.JUnitPlatformProvider.invoke(JUnitPlatformProvider.java:113)
	at org.apache.maven.surefire.booter.ForkedBooter.invokeProviderInSameClassLoader(ForkedBooter.java:384)
	at org.apache.maven.surefire.booter.ForkedBooter.runSuitesInProcess(ForkedBooter.java:345)
	at org.apache.maven.surefire.booter.ForkedBooter.execute(ForkedBooter.java:126)
	at org.apache.maven.surefire.booter.ForkedBooter.main(ForkedBooter.java:418)
2021-11-08 11:17:12,929 [myid:] - INFO  [main:FourLetterWordMain@94] - connecting to 127.0.0.1 30158
2021-11-08 11:17:12,930 [myid:1] - WARN  [nioEventLoopGroup-72-10:NettyServerCnxnFactory$CnxnChannelHandler@231] - Zookeeper server is not running, close the connection before starting the TLS handshake
2021-11-08 11:17:13,192 [myid:] - INFO  [main:FourLetterWordMain@94] - connecting to 127.0.0.1 30158
2021-11-08 11:17:13,192 [myid:1] - WARN  [nioEventLoopGroup-72-11:NettyServerCnxnFactory$CnxnChannelHandler@231] - Zookeeper server is not running, close the connection before starting the TLS handshake
2021-11-08 11:17:13,444 [myid:] - INFO  [main:FourLetterWordMain@94] - connecting to 127.0.0.1 30158
2021-11-08 11:17:13,445 [myid:1] - WARN  [nioEventLoopGroup-72-12:NettyServerCnxnFactory$CnxnChannelHandler@231] - Zookeeper server is not running, close the connection before starting the TLS handshake
2021-11-08 11:17:13,697 [myid:] - INFO  [main:FourLetterWordMain@94] - connecting to 127.0.0.1 30158
2021-11-08 11:17:13,697 [myid:1] - WARN  [nioEventLoopGroup-72-1:NettyServerCnxnFactory$CnxnChannelHandler@231] - Zookeeper server is not running, close the connection before starting the TLS handshake
2021-11-08 11:17:13,961 [myid:] - INFO  [main:FourLetterWordMain@94] - connecting to 127.0.0.1 30158
2021-11-08 11:17:13,961 [myid:1] - WARN  [nioEventLoopGroup-72-2:NettyServerCnxnFactory$CnxnChannelHandler@231] - Zookeeper server is not running, close the connection before starting the TLS handshake
2021-11-08 11:17:13,976 [myid:] - INFO  [main:ClientBase@267] - server 127.0.0.1:30158 not up
java.net.SocketException: Software caused connection abort: recv failed
	at java.net.SocketInputStream.socketRead0(Native Method)
	at java.net.SocketInputStream.read(SocketInputStream.java:150)
	at java.net.SocketInputStream.read(SocketInputStream.java:121)
	at sun.nio.cs.StreamDecoder.readBytes(StreamDecoder.java:284)
	at sun.nio.cs.StreamDecoder.implRead(StreamDecoder.java:326)
	at sun.nio.cs.StreamDecoder.read(StreamDecoder.java:178)
	at java.io.InputStreamReader.read(InputStreamReader.java:184)
	at java.io.BufferedReader.fill(BufferedReader.java:161)
	at java.io.BufferedReader.readLine(BufferedReader.java:324)
	at java.io.BufferedReader.readLine(BufferedReader.java:389)
	at org.apache.zookeeper.client.FourLetterWordMain.send4LetterWord(FourLetterWordMain.java:129)
	at org.apache.zookeeper.client.FourLetterWordMain.send4LetterWord(FourLetterWordMain.java:74)
	at org.apache.zookeeper.test.ClientBase.waitForServerUp(ClientBase.java:258)
	at org.apache.zookeeper.test.ClientBase.waitForServerUp(ClientBase.java:249)
	at org.apache.zookeeper.server.quorum.QuorumSSLTest.testCertificateRevocationList(QuorumSSLTest.java:716)
	at sun.reflect.NativeMethodAccessorImpl.invoke0(Native Method)
	at sun.reflect.NativeMethodAccessorImpl.invoke(NativeMethodAccessorImpl.java:62)
	at sun.reflect.DelegatingMethodAccessorImpl.invoke(DelegatingMethodAccessorImpl.java:43)
	at java.lang.reflect.Method.invoke(Method.java:483)
	at org.junit.platform.commons.util.ReflectionUtils.invokeMethod(ReflectionUtils.java:686)
	at org.junit.jupiter.engine.execution.MethodInvocation.proceed(MethodInvocation.java:60)
	at org.junit.jupiter.engine.execution.InvocationInterceptorChain$ValidatingInvocation.proceed(InvocationInterceptorChain.java:131)
	at org.junit.jupiter.engine.extension.TimeoutInvocation.proceed(TimeoutInvocation.java:46)
	at org.junit.jupiter.engine.extension.TimeoutExtension.intercept(TimeoutExtension.java:149)
	at org.junit.jupiter.engine.extension.TimeoutExtension.interceptTestableMethod(TimeoutExtension.java:140)
	at org.junit.jupiter.engine.extension.TimeoutExtension.interceptTestMethod(TimeoutExtension.java:84)
	at org.junit.jupiter.engine.descriptor.TestMethodTestDescriptor$$Lambda$111/1780132728.apply(Unknown Source)
	at org.junit.jupiter.engine.execution.ExecutableInvoker$ReflectiveInterceptorCall.lambda$ofVoidMethod$0(ExecutableInvoker.java:115)
	at org.junit.jupiter.engine.execution.ExecutableInvoker$ReflectiveInterceptorCall$$Lambda$112/1725017993.apply(Unknown Source)
	at org.junit.jupiter.engine.execution.ExecutableInvoker.lambda$invoke$0(ExecutableInvoker.java:105)
	at org.junit.jupiter.engine.execution.ExecutableInvoker$$Lambda$234/64133603.apply(Unknown Source)
	at org.junit.jupiter.engine.execution.InvocationInterceptorChain$InterceptedInvocation.proceed(InvocationInterceptorChain.java:106)
	at org.junit.jupiter.engine.execution.InvocationInterceptorChain.proceed(InvocationInterceptorChain.java:64)
	at org.junit.jupiter.engine.execution.InvocationInterceptorChain.chainAndInvoke(InvocationInterceptorChain.java:45)
	at org.junit.jupiter.engine.execution.InvocationInterceptorChain.invoke(InvocationInterceptorChain.java:37)
	at org.junit.jupiter.engine.execution.ExecutableInvoker.invoke(ExecutableInvoker.java:104)
	at org.junit.jupiter.engine.execution.ExecutableInvoker.invoke(ExecutableInvoker.java:98)
	at org.junit.jupiter.engine.descriptor.TestMethodTestDescriptor.lambda$invokeTestMethod$6(TestMethodTestDescriptor.java:212)
	at org.junit.jupiter.engine.descriptor.TestMethodTestDescriptor$$Lambda$271/224100622.execute(Unknown Source)
	at org.junit.platform.engine.support.hierarchical.ThrowableCollector.execute(ThrowableCollector.java:73)
	at org.junit.jupiter.engine.descriptor.TestMethodTestDescriptor.invokeTestMethod(TestMethodTestDescriptor.java:208)
	at org.junit.jupiter.engine.descriptor.TestMethodTestDescriptor.execute(TestMethodTestDescriptor.java:137)
	at org.junit.jupiter.engine.descriptor.TestMethodTestDescriptor.execute(TestMethodTestDescriptor.java:71)
	at org.junit.platform.engine.support.hierarchical.NodeTestTask.lambda$executeRecursively$5(NodeTestTask.java:135)
	at org.junit.platform.engine.support.hierarchical.NodeTestTask$$Lambda$179/195615004.execute(Unknown Source)
	at org.junit.platform.engine.support.hierarchical.ThrowableCollector.execute(ThrowableCollector.java:73)
	at org.junit.platform.engine.support.hierarchical.NodeTestTask.lambda$executeRecursively$7(NodeTestTask.java:125)
	at org.junit.platform.engine.support.hierarchical.NodeTestTask$$Lambda$178/1890627974.invoke(Unknown Source)
	at org.junit.platform.engine.support.hierarchical.Node.around(Node.java:135)
	at org.junit.platform.engine.support.hierarchical.NodeTestTask.lambda$executeRecursively$8(NodeTestTask.java:123)
	at org.junit.platform.engine.support.hierarchical.NodeTestTask$$Lambda$177/231977479.execute(Unknown Source)
	at org.junit.platform.engine.support.hierarchical.ThrowableCollector.execute(ThrowableCollector.java:73)
	at org.junit.platform.engine.support.hierarchical.NodeTestTask.executeRecursively(NodeTestTask.java:122)
	at org.junit.platform.engine.support.hierarchical.NodeTestTask.execute(NodeTestTask.java:80)
	at org.junit.platform.engine.support.hierarchical.SameThreadHierarchicalTestExecutorService$$Lambda$183/1381713434.accept(Unknown Source)
	at java.util.ArrayList.forEach(ArrayList.java:1249)
	at org.junit.platform.engine.support.hierarchical.SameThreadHierarchicalTestExecutorService.invokeAll(SameThreadHierarchicalTestExecutorService.java:38)
	at org.junit.platform.engine.support.hierarchical.NodeTestTask.lambda$executeRecursively$5(NodeTestTask.java:139)
	at org.junit.platform.engine.support.hierarchical.NodeTestTask$$Lambda$179/195615004.execute(Unknown Source)
	at org.junit.platform.engine.support.hierarchical.ThrowableCollector.execute(ThrowableCollector.java:73)
	at org.junit.platform.engine.support.hierarchical.NodeTestTask.lambda$executeRecursively$7(NodeTestTask.java:125)
	at org.junit.platform.engine.support.hierarchical.NodeTestTask$$Lambda$178/1890627974.invoke(Unknown Source)
	at org.junit.platform.engine.support.hierarchical.Node.around(Node.java:135)
	at org.junit.platform.engine.support.hierarchical.NodeTestTask.lambda$executeRecursively$8(NodeTestTask.java:123)
	at org.junit.platform.engine.support.hierarchical.NodeTestTask$$Lambda$177/231977479.execute(Unknown Source)
	at org.junit.platform.engine.support.hierarchical.ThrowableCollector.execute(ThrowableCollector.java:73)
	at org.junit.platform.engine.support.hierarchical.NodeTestTask.executeRecursively(NodeTestTask.java:122)
	at org.junit.platform.engine.support.hierarchical.NodeTestTask.execute(NodeTestTask.java:80)
	at org.junit.platform.engine.support.hierarchical.SameThreadHierarchicalTestExecutorService$$Lambda$183/1381713434.accept(Unknown Source)
	at java.util.ArrayList.forEach(ArrayList.java:1249)
	at org.junit.platform.engine.support.hierarchical.SameThreadHierarchicalTestExecutorService.invokeAll(SameThreadHierarchicalTestExecutorService.java:38)
	at org.junit.platform.engine.support.hierarchical.NodeTestTask.lambda$executeRecursively$5(NodeTestTask.java:139)
	at org.junit.platform.engine.support.hierarchical.NodeTestTask$$Lambda$179/195615004.execute(Unknown Source)
	at org.junit.platform.engine.support.hierarchical.ThrowableCollector.execute(ThrowableCollector.java:73)
	at org.junit.platform.engine.support.hierarchical.NodeTestTask.lambda$executeRecursively$7(NodeTestTask.java:125)
	at org.junit.platform.engine.support.hierarchical.NodeTestTask$$Lambda$178/1890627974.invoke(Unknown Source)
	at org.junit.platform.engine.support.hierarchical.Node.around(Node.java:135)
	at org.junit.platform.engine.support.hierarchical.NodeTestTask.lambda$executeRecursively$8(NodeTestTask.java:123)
	at org.junit.platform.engine.support.hierarchical.NodeTestTask$$Lambda$177/231977479.execute(Unknown Source)
	at org.junit.platform.engine.support.hierarchical.ThrowableCollector.execute(ThrowableCollector.java:73)
	at org.junit.platform.engine.support.hierarchical.NodeTestTask.executeRecursively(NodeTestTask.java:122)
	at org.junit.platform.engine.support.hierarchical.NodeTestTask.execute(NodeTestTask.java:80)
	at org.junit.platform.engine.support.hierarchical.SameThreadHierarchicalTestExecutorService.submit(SameThreadHierarchicalTestExecutorService.java:32)
	at org.junit.platform.engine.support.hierarchical.HierarchicalTestExecutor.execute(HierarchicalTestExecutor.java:57)
	at org.junit.platform.engine.support.hierarchical.HierarchicalTestEngine.execute(HierarchicalTestEngine.java:51)
	at org.junit.platform.launcher.core.DefaultLauncher.execute(DefaultLauncher.java:248)
	at org.junit.platform.launcher.core.DefaultLauncher.lambda$execute$5(DefaultLauncher.java:211)
	at org.junit.platform.launcher.core.DefaultLauncher$$Lambda$143/233996206.accept(Unknown Source)
	at org.junit.platform.launcher.core.DefaultLauncher.withInterceptedStreams(DefaultLauncher.java:226)
	at org.junit.platform.launcher.core.DefaultLauncher.execute(DefaultLauncher.java:199)
	at org.junit.platform.launcher.core.DefaultLauncher.execute(DefaultLauncher.java:132)
	at org.apache.maven.surefire.junitplatform.JUnitPlatformProvider.invokeAllTests(JUnitPlatformProvider.java:142)
	at org.apache.maven.surefire.junitplatform.JUnitPlatformProvider.invoke(JUnitPlatformProvider.java:113)
	at org.apache.maven.surefire.booter.ForkedBooter.invokeProviderInSameClassLoader(ForkedBooter.java:384)
	at org.apache.maven.surefire.booter.ForkedBooter.runSuitesInProcess(ForkedBooter.java:345)
	at org.apache.maven.surefire.booter.ForkedBooter.execute(ForkedBooter.java:126)
	at org.apache.maven.surefire.booter.ForkedBooter.main(ForkedBooter.java:418)
2021-11-08 11:17:14,228 [myid:] - INFO  [main:FourLetterWordMain@94] - connecting to 127.0.0.1 30158
2021-11-08 11:17:14,229 [myid:1] - WARN  [nioEventLoopGroup-72-3:NettyServerCnxnFactory$CnxnChannelHandler@231] - Zookeeper server is not running, close the connection before starting the TLS handshake
2021-11-08 11:17:14,482 [myid:] - INFO  [main:FourLetterWordMain@94] - connecting to 127.0.0.1 30158
2021-11-08 11:17:14,483 [myid:1] - WARN  [nioEventLoopGroup-72-4:NettyServerCnxnFactory$CnxnChannelHandler@231] - Zookeeper server is not running, close the connection before starting the TLS handshake
2021-11-08 11:17:14,736 [myid:] - INFO  [main:FourLetterWordMain@94] - connecting to 127.0.0.1 30158
2021-11-08 11:17:14,737 [myid:1] - WARN  [nioEventLoopGroup-72-5:NettyServerCnxnFactory$CnxnChannelHandler@231] - Zookeeper server is not running, close the connection before starting the TLS handshake
2021-11-08 11:17:14,987 [myid:] - INFO  [main:FourLetterWordMain@94] - connecting to 127.0.0.1 30158
2021-11-08 11:17:14,988 [myid:1] - WARN  [nioEventLoopGroup-72-6:NettyServerCnxnFactory$CnxnChannelHandler@231] - Zookeeper server is not running, close the connection before starting the TLS handshake
2021-11-08 11:17:15,249 [myid:] - INFO  [main:FourLetterWordMain@94] - connecting to 127.0.0.1 30158
2021-11-08 11:17:15,250 [myid:1] - WARN  [nioEventLoopGroup-72-7:NettyServerCnxnFactory$CnxnChannelHandler@231] - Zookeeper server is not running, close the connection before starting the TLS handshake
2021-11-08 11:17:15,264 [myid:] - INFO  [main:ClientBase@267] - server 127.0.0.1:30158 not up
java.net.SocketException: Software caused connection abort: recv failed
	at java.net.SocketInputStream.socketRead0(Native Method)
	at java.net.SocketInputStream.read(SocketInputStream.java:150)
	at java.net.SocketInputStream.read(SocketInputStream.java:121)
	at sun.nio.cs.StreamDecoder.readBytes(StreamDecoder.java:284)
	at sun.nio.cs.StreamDecoder.implRead(StreamDecoder.java:326)
	at sun.nio.cs.StreamDecoder.read(StreamDecoder.java:178)
	at java.io.InputStreamReader.read(InputStreamReader.java:184)
	at java.io.BufferedReader.fill(BufferedReader.java:161)
	at java.io.BufferedReader.readLine(BufferedReader.java:324)
	at java.io.BufferedReader.readLine(BufferedReader.java:389)
	at org.apache.zookeeper.client.FourLetterWordMain.send4LetterWord(FourLetterWordMain.java:129)
	at org.apache.zookeeper.client.FourLetterWordMain.send4LetterWord(FourLetterWordMain.java:74)
	at org.apache.zookeeper.test.ClientBase.waitForServerUp(ClientBase.java:258)
	at org.apache.zookeeper.test.ClientBase.waitForServerUp(ClientBase.java:249)
	at org.apache.zookeeper.server.quorum.QuorumSSLTest.testCertificateRevocationList(QuorumSSLTest.java:716)
	at sun.reflect.NativeMethodAccessorImpl.invoke0(Native Method)
	at sun.reflect.NativeMethodAccessorImpl.invoke(NativeMethodAccessorImpl.java:62)
	at sun.reflect.DelegatingMethodAccessorImpl.invoke(DelegatingMethodAccessorImpl.java:43)
	at java.lang.reflect.Method.invoke(Method.java:483)
	at org.junit.platform.commons.util.ReflectionUtils.invokeMethod(ReflectionUtils.java:686)
	at org.junit.jupiter.engine.execution.MethodInvocation.proceed(MethodInvocation.java:60)
	at org.junit.jupiter.engine.execution.InvocationInterceptorChain$ValidatingInvocation.proceed(InvocationInterceptorChain.java:131)
	at org.junit.jupiter.engine.extension.TimeoutInvocation.proceed(TimeoutInvocation.java:46)
	at org.junit.jupiter.engine.extension.TimeoutExtension.intercept(TimeoutExtension.java:149)
	at org.junit.jupiter.engine.extension.TimeoutExtension.interceptTestableMethod(TimeoutExtension.java:140)
	at org.junit.jupiter.engine.extension.TimeoutExtension.interceptTestMethod(TimeoutExtension.java:84)
	at org.junit.jupiter.engine.descriptor.TestMethodTestDescriptor$$Lambda$111/1780132728.apply(Unknown Source)
	at org.junit.jupiter.engine.execution.ExecutableInvoker$ReflectiveInterceptorCall.lambda$ofVoidMethod$0(ExecutableInvoker.java:115)
	at org.junit.jupiter.engine.execution.ExecutableInvoker$ReflectiveInterceptorCall$$Lambda$112/1725017993.apply(Unknown Source)
	at org.junit.jupiter.engine.execution.ExecutableInvoker.lambda$invoke$0(ExecutableInvoker.java:105)
	at org.junit.jupiter.engine.execution.ExecutableInvoker$$Lambda$234/64133603.apply(Unknown Source)
	at org.junit.jupiter.engine.execution.InvocationInterceptorChain$InterceptedInvocation.proceed(InvocationInterceptorChain.java:106)
	at org.junit.jupiter.engine.execution.InvocationInterceptorChain.proceed(InvocationInterceptorChain.java:64)
	at org.junit.jupiter.engine.execution.InvocationInterceptorChain.chainAndInvoke(InvocationInterceptorChain.java:45)
	at org.junit.jupiter.engine.execution.InvocationInterceptorChain.invoke(InvocationInterceptorChain.java:37)
	at org.junit.jupiter.engine.execution.ExecutableInvoker.invoke(ExecutableInvoker.java:104)
	at org.junit.jupiter.engine.execution.ExecutableInvoker.invoke(ExecutableInvoker.java:98)
	at org.junit.jupiter.engine.descriptor.TestMethodTestDescriptor.lambda$invokeTestMethod$6(TestMethodTestDescriptor.java:212)
	at org.junit.jupiter.engine.descriptor.TestMethodTestDescriptor$$Lambda$271/224100622.execute(Unknown Source)
	at org.junit.platform.engine.support.hierarchical.ThrowableCollector.execute(ThrowableCollector.java:73)
	at org.junit.jupiter.engine.descriptor.TestMethodTestDescriptor.invokeTestMethod(TestMethodTestDescriptor.java:208)
	at org.junit.jupiter.engine.descriptor.TestMethodTestDescriptor.execute(TestMethodTestDescriptor.java:137)
	at org.junit.jupiter.engine.descriptor.TestMethodTestDescriptor.execute(TestMethodTestDescriptor.java:71)
	at org.junit.platform.engine.support.hierarchical.NodeTestTask.lambda$executeRecursively$5(NodeTestTask.java:135)
	at org.junit.platform.engine.support.hierarchical.NodeTestTask$$Lambda$179/195615004.execute(Unknown Source)
	at org.junit.platform.engine.support.hierarchical.ThrowableCollector.execute(ThrowableCollector.java:73)
	at org.junit.platform.engine.support.hierarchical.NodeTestTask.lambda$executeRecursively$7(NodeTestTask.java:125)
	at org.junit.platform.engine.support.hierarchical.NodeTestTask$$Lambda$178/1890627974.invoke(Unknown Source)
	at org.junit.platform.engine.support.hierarchical.Node.around(Node.java:135)
	at org.junit.platform.engine.support.hierarchical.NodeTestTask.lambda$executeRecursively$8(NodeTestTask.java:123)
	at org.junit.platform.engine.support.hierarchical.NodeTestTask$$Lambda$177/231977479.execute(Unknown Source)
	at org.junit.platform.engine.support.hierarchical.ThrowableCollector.execute(ThrowableCollector.java:73)
	at org.junit.platform.engine.support.hierarchical.NodeTestTask.executeRecursively(NodeTestTask.java:122)
	at org.junit.platform.engine.support.hierarchical.NodeTestTask.execute(NodeTestTask.java:80)
	at org.junit.platform.engine.support.hierarchical.SameThreadHierarchicalTestExecutorService$$Lambda$183/1381713434.accept(Unknown Source)
	at java.util.ArrayList.forEach(ArrayList.java:1249)
	at org.junit.platform.engine.support.hierarchical.SameThreadHierarchicalTestExecutorService.invokeAll(SameThreadHierarchicalTestExecutorService.java:38)
	at org.junit.platform.engine.support.hierarchical.NodeTestTask.lambda$executeRecursively$5(NodeTestTask.java:139)
	at org.junit.platform.engine.support.hierarchical.NodeTestTask$$Lambda$179/195615004.execute(Unknown Source)
	at org.junit.platform.engine.support.hierarchical.ThrowableCollector.execute(ThrowableCollector.java:73)
	at org.junit.platform.engine.support.hierarchical.NodeTestTask.lambda$executeRecursively$7(NodeTestTask.java:125)
	at org.junit.platform.engine.support.hierarchical.NodeTestTask$$Lambda$178/1890627974.invoke(Unknown Source)
	at org.junit.platform.engine.support.hierarchical.Node.around(Node.java:135)
	at org.junit.platform.engine.support.hierarchical.NodeTestTask.lambda$executeRecursively$8(NodeTestTask.java:123)
	at org.junit.platform.engine.support.hierarchical.NodeTestTask$$Lambda$177/231977479.execute(Unknown Source)
	at org.junit.platform.engine.support.hierarchical.ThrowableCollector.execute(ThrowableCollector.java:73)
	at org.junit.platform.engine.support.hierarchical.NodeTestTask.executeRecursively(NodeTestTask.java:122)
	at org.junit.platform.engine.support.hierarchical.NodeTestTask.execute(NodeTestTask.java:80)
	at org.junit.platform.engine.support.hierarchical.SameThreadHierarchicalTestExecutorService$$Lambda$183/1381713434.accept(Unknown Source)
	at java.util.ArrayList.forEach(ArrayList.java:1249)
	at org.junit.platform.engine.support.hierarchical.SameThreadHierarchicalTestExecutorService.invokeAll(SameThreadHierarchicalTestExecutorService.java:38)
	at org.junit.platform.engine.support.hierarchical.NodeTestTask.lambda$executeRecursively$5(NodeTestTask.java:139)
	at org.junit.platform.engine.support.hierarchical.NodeTestTask$$Lambda$179/195615004.execute(Unknown Source)
	at org.junit.platform.engine.support.hierarchical.ThrowableCollector.execute(ThrowableCollector.java:73)
	at org.junit.platform.engine.support.hierarchical.NodeTestTask.lambda$executeRecursively$7(NodeTestTask.java:125)
	at org.junit.platform.engine.support.hierarchical.NodeTestTask$$Lambda$178/1890627974.invoke(Unknown Source)
	at org.junit.platform.engine.support.hierarchical.Node.around(Node.java:135)
	at org.junit.platform.engine.support.hierarchical.NodeTestTask.lambda$executeRecursively$8(NodeTestTask.java:123)
	at org.junit.platform.engine.support.hierarchical.NodeTestTask$$Lambda$177/231977479.execute(Unknown Source)
	at org.junit.platform.engine.support.hierarchical.ThrowableCollector.execute(ThrowableCollector.java:73)
	at org.junit.platform.engine.support.hierarchical.NodeTestTask.executeRecursively(NodeTestTask.java:122)
	at org.junit.platform.engine.support.hierarchical.NodeTestTask.execute(NodeTestTask.java:80)
	at org.junit.platform.engine.support.hierarchical.SameThreadHierarchicalTestExecutorService.submit(SameThreadHierarchicalTestExecutorService.java:32)
	at org.junit.platform.engine.support.hierarchical.HierarchicalTestExecutor.execute(HierarchicalTestExecutor.java:57)
	at org.junit.platform.engine.support.hierarchical.HierarchicalTestEngine.execute(HierarchicalTestEngine.java:51)
	at org.junit.platform.launcher.core.DefaultLauncher.execute(DefaultLauncher.java:248)
	at org.junit.platform.launcher.core.DefaultLauncher.lambda$execute$5(DefaultLauncher.java:211)
	at org.junit.platform.launcher.core.DefaultLauncher$$Lambda$143/233996206.accept(Unknown Source)
	at org.junit.platform.launcher.core.DefaultLauncher.withInterceptedStreams(DefaultLauncher.java:226)
	at org.junit.platform.launcher.core.DefaultLauncher.execute(DefaultLauncher.java:199)
	at org.junit.platform.launcher.core.DefaultLauncher.execute(DefaultLauncher.java:132)
	at org.apache.maven.surefire.junitplatform.JUnitPlatformProvider.invokeAllTests(JUnitPlatformProvider.java:142)
	at org.apache.maven.surefire.junitplatform.JUnitPlatformProvider.invoke(JUnitPlatformProvider.java:113)
	at org.apache.maven.surefire.booter.ForkedBooter.invokeProviderInSameClassLoader(ForkedBooter.java:384)
	at org.apache.maven.surefire.booter.ForkedBooter.runSuitesInProcess(ForkedBooter.java:345)
	at org.apache.maven.surefire.booter.ForkedBooter.execute(ForkedBooter.java:126)
	at org.apache.maven.surefire.booter.ForkedBooter.main(ForkedBooter.java:418)
2021-11-08 11:17:15,530 [myid:] - INFO  [main:FourLetterWordMain@94] - connecting to 127.0.0.1 30158
2021-11-08 11:17:15,530 [myid:1] - WARN  [nioEventLoopGroup-72-8:NettyServerCnxnFactory$CnxnChannelHandler@231] - Zookeeper server is not running, close the connection before starting the TLS handshake
2021-11-08 11:17:15,795 [myid:] - INFO  [main:FourLetterWordMain@94] - connecting to 127.0.0.1 30158
2021-11-08 11:17:15,795 [myid:1] - WARN  [nioEventLoopGroup-72-9:NettyServerCnxnFactory$CnxnChannelHandler@231] - Zookeeper server is not running, close the connection before starting the TLS handshake
2021-11-08 11:17:16,049 [myid:] - INFO  [main:FourLetterWordMain@94] - connecting to 127.0.0.1 30158
2021-11-08 11:17:16,050 [myid:1] - WARN  [nioEventLoopGroup-72-10:NettyServerCnxnFactory$CnxnChannelHandler@231] - Zookeeper server is not running, close the connection before starting the TLS handshake
2021-11-08 11:17:16,314 [myid:] - INFO  [main:FourLetterWordMain@94] - connecting to 127.0.0.1 30158
2021-11-08 11:17:16,315 [myid:1] - WARN  [nioEventLoopGroup-72-11:NettyServerCnxnFactory$CnxnChannelHandler@231] - Zookeeper server is not running, close the connection before starting the TLS handshake
2021-11-08 11:17:16,577 [myid:] - INFO  [main:FourLetterWordMain@94] - connecting to 127.0.0.1 30158
2021-11-08 11:17:16,577 [myid:1] - WARN  [nioEventLoopGroup-72-12:NettyServerCnxnFactory$CnxnChannelHandler@231] - Zookeeper server is not running, close the connection before starting the TLS handshake
2021-11-08 11:17:16,828 [myid:] - INFO  [main:FourLetterWordMain@94] - connecting to 127.0.0.1 30158
2021-11-08 11:17:16,829 [myid:1] - WARN  [nioEventLoopGroup-72-1:NettyServerCnxnFactory$CnxnChannelHandler@231] - Zookeeper server is not running, close the connection before starting the TLS handshake
2021-11-08 11:17:16,844 [myid:] - INFO  [main:ClientBase@267] - server 127.0.0.1:30158 not up
java.net.SocketException: Software caused connection abort: recv failed
	at java.net.SocketInputStream.socketRead0(Native Method)
	at java.net.SocketInputStream.read(SocketInputStream.java:150)
	at java.net.SocketInputStream.read(SocketInputStream.java:121)
	at sun.nio.cs.StreamDecoder.readBytes(StreamDecoder.java:284)
	at sun.nio.cs.StreamDecoder.implRead(StreamDecoder.java:326)
	at sun.nio.cs.StreamDecoder.read(StreamDecoder.java:178)
	at java.io.InputStreamReader.read(InputStreamReader.java:184)
	at java.io.BufferedReader.fill(BufferedReader.java:161)
	at java.io.BufferedReader.readLine(BufferedReader.java:324)
	at java.io.BufferedReader.readLine(BufferedReader.java:389)
	at org.apache.zookeeper.client.FourLetterWordMain.send4LetterWord(FourLetterWordMain.java:129)
	at org.apache.zookeeper.client.FourLetterWordMain.send4LetterWord(FourLetterWordMain.java:74)
	at org.apache.zookeeper.test.ClientBase.waitForServerUp(ClientBase.java:258)
	at org.apache.zookeeper.test.ClientBase.waitForServerUp(ClientBase.java:249)
	at org.apache.zookeeper.server.quorum.QuorumSSLTest.testCertificateRevocationList(QuorumSSLTest.java:716)
	at sun.reflect.NativeMethodAccessorImpl.invoke0(Native Method)
	at sun.reflect.NativeMethodAccessorImpl.invoke(NativeMethodAccessorImpl.java:62)
	at sun.reflect.DelegatingMethodAccessorImpl.invoke(DelegatingMethodAccessorImpl.java:43)
	at java.lang.reflect.Method.invoke(Method.java:483)
	at org.junit.platform.commons.util.ReflectionUtils.invokeMethod(ReflectionUtils.java:686)
	at org.junit.jupiter.engine.execution.MethodInvocation.proceed(MethodInvocation.java:60)
	at org.junit.jupiter.engine.execution.InvocationInterceptorChain$ValidatingInvocation.proceed(InvocationInterceptorChain.java:131)
	at org.junit.jupiter.engine.extension.TimeoutInvocation.proceed(TimeoutInvocation.java:46)
	at org.junit.jupiter.engine.extension.TimeoutExtension.intercept(TimeoutExtension.java:149)
	at org.junit.jupiter.engine.extension.TimeoutExtension.interceptTestableMethod(TimeoutExtension.java:140)
	at org.junit.jupiter.engine.extension.TimeoutExtension.interceptTestMethod(TimeoutExtension.java:84)
	at org.junit.jupiter.engine.descriptor.TestMethodTestDescriptor$$Lambda$111/1780132728.apply(Unknown Source)
	at org.junit.jupiter.engine.execution.ExecutableInvoker$ReflectiveInterceptorCall.lambda$ofVoidMethod$0(ExecutableInvoker.java:115)
	at org.junit.jupiter.engine.execution.ExecutableInvoker$ReflectiveInterceptorCall$$Lambda$112/1725017993.apply(Unknown Source)
	at org.junit.jupiter.engine.execution.ExecutableInvoker.lambda$invoke$0(ExecutableInvoker.java:105)
	at org.junit.jupiter.engine.execution.ExecutableInvoker$$Lambda$234/64133603.apply(Unknown Source)
	at org.junit.jupiter.engine.execution.InvocationInterceptorChain$InterceptedInvocation.proceed(InvocationInterceptorChain.java:106)
	at org.junit.jupiter.engine.execution.InvocationInterceptorChain.proceed(InvocationInterceptorChain.java:64)
	at org.junit.jupiter.engine.execution.InvocationInterceptorChain.chainAndInvoke(InvocationInterceptorChain.java:45)
	at org.junit.jupiter.engine.execution.InvocationInterceptorChain.invoke(InvocationInterceptorChain.java:37)
	at org.junit.jupiter.engine.execution.ExecutableInvoker.invoke(ExecutableInvoker.java:104)
	at org.junit.jupiter.engine.execution.ExecutableInvoker.invoke(ExecutableInvoker.java:98)
	at org.junit.jupiter.engine.descriptor.TestMethodTestDescriptor.lambda$invokeTestMethod$6(TestMethodTestDescriptor.java:212)
	at org.junit.jupiter.engine.descriptor.TestMethodTestDescriptor$$Lambda$271/224100622.execute(Unknown Source)
	at org.junit.platform.engine.support.hierarchical.ThrowableCollector.execute(ThrowableCollector.java:73)
	at org.junit.jupiter.engine.descriptor.TestMethodTestDescriptor.invokeTestMethod(TestMethodTestDescriptor.java:208)
	at org.junit.jupiter.engine.descriptor.TestMethodTestDescriptor.execute(TestMethodTestDescriptor.java:137)
	at org.junit.jupiter.engine.descriptor.TestMethodTestDescriptor.execute(TestMethodTestDescriptor.java:71)
	at org.junit.platform.engine.support.hierarchical.NodeTestTask.lambda$executeRecursively$5(NodeTestTask.java:135)
	at org.junit.platform.engine.support.hierarchical.NodeTestTask$$Lambda$179/195615004.execute(Unknown Source)
	at org.junit.platform.engine.support.hierarchical.ThrowableCollector.execute(ThrowableCollector.java:73)
	at org.junit.platform.engine.support.hierarchical.NodeTestTask.lambda$executeRecursively$7(NodeTestTask.java:125)
	at org.junit.platform.engine.support.hierarchical.NodeTestTask$$Lambda$178/1890627974.invoke(Unknown Source)
	at org.junit.platform.engine.support.hierarchical.Node.around(Node.java:135)
	at org.junit.platform.engine.support.hierarchical.NodeTestTask.lambda$executeRecursively$8(NodeTestTask.java:123)
	at org.junit.platform.engine.support.hierarchical.NodeTestTask$$Lambda$177/231977479.execute(Unknown Source)
	at org.junit.platform.engine.support.hierarchical.ThrowableCollector.execute(ThrowableCollector.java:73)
	at org.junit.platform.engine.support.hierarchical.NodeTestTask.executeRecursively(NodeTestTask.java:122)
	at org.junit.platform.engine.support.hierarchical.NodeTestTask.execute(NodeTestTask.java:80)
	at org.junit.platform.engine.support.hierarchical.SameThreadHierarchicalTestExecutorService$$Lambda$183/1381713434.accept(Unknown Source)
	at java.util.ArrayList.forEach(ArrayList.java:1249)
	at org.junit.platform.engine.support.hierarchical.SameThreadHierarchicalTestExecutorService.invokeAll(SameThreadHierarchicalTestExecutorService.java:38)
	at org.junit.platform.engine.support.hierarchical.NodeTestTask.lambda$executeRecursively$5(NodeTestTask.java:139)
	at org.junit.platform.engine.support.hierarchical.NodeTestTask$$Lambda$179/195615004.execute(Unknown Source)
	at org.junit.platform.engine.support.hierarchical.ThrowableCollector.execute(ThrowableCollector.java:73)
	at org.junit.platform.engine.support.hierarchical.NodeTestTask.lambda$executeRecursively$7(NodeTestTask.java:125)
	at org.junit.platform.engine.support.hierarchical.NodeTestTask$$Lambda$178/1890627974.invoke(Unknown Source)
	at org.junit.platform.engine.support.hierarchical.Node.around(Node.java:135)
	at org.junit.platform.engine.support.hierarchical.NodeTestTask.lambda$executeRecursively$8(NodeTestTask.java:123)
	at org.junit.platform.engine.support.hierarchical.NodeTestTask$$Lambda$177/231977479.execute(Unknown Source)
	at org.junit.platform.engine.support.hierarchical.ThrowableCollector.execute(ThrowableCollector.java:73)
	at org.junit.platform.engine.support.hierarchical.NodeTestTask.executeRecursively(NodeTestTask.java:122)
	at org.junit.platform.engine.support.hierarchical.NodeTestTask.execute(NodeTestTask.java:80)
	at org.junit.platform.engine.support.hierarchical.SameThreadHierarchicalTestExecutorService$$Lambda$183/1381713434.accept(Unknown Source)
	at java.util.ArrayList.forEach(ArrayList.java:1249)
	at org.junit.platform.engine.support.hierarchical.SameThreadHierarchicalTestExecutorService.invokeAll(SameThreadHierarchicalTestExecutorService.java:38)
	at org.junit.platform.engine.support.hierarchical.NodeTestTask.lambda$executeRecursively$5(NodeTestTask.java:139)
	at org.junit.platform.engine.support.hierarchical.NodeTestTask$$Lambda$179/195615004.execute(Unknown Source)
	at org.junit.platform.engine.support.hierarchical.ThrowableCollector.execute(ThrowableCollector.java:73)
	at org.junit.platform.engine.support.hierarchical.NodeTestTask.lambda$executeRecursively$7(NodeTestTask.java:125)
	at org.junit.platform.engine.support.hierarchical.NodeTestTask$$Lambda$178/1890627974.invoke(Unknown Source)
	at org.junit.platform.engine.support.hierarchical.Node.around(Node.java:135)
	at org.junit.platform.engine.support.hierarchical.NodeTestTask.lambda$executeRecursively$8(NodeTestTask.java:123)
	at org.junit.platform.engine.support.hierarchical.NodeTestTask$$Lambda$177/231977479.execute(Unknown Source)
	at org.junit.platform.engine.support.hierarchical.ThrowableCollector.execute(ThrowableCollector.java:73)
	at org.junit.platform.engine.support.hierarchical.NodeTestTask.executeRecursively(NodeTestTask.java:122)
	at org.junit.platform.engine.support.hierarchical.NodeTestTask.execute(NodeTestTask.java:80)
	at org.junit.platform.engine.support.hierarchical.SameThreadHierarchicalTestExecutorService.submit(SameThreadHierarchicalTestExecutorService.java:32)
	at org.junit.platform.engine.support.hierarchical.HierarchicalTestExecutor.execute(HierarchicalTestExecutor.java:57)
	at org.junit.platform.engine.support.hierarchical.HierarchicalTestEngine.execute(HierarchicalTestEngine.java:51)
	at org.junit.platform.launcher.core.DefaultLauncher.execute(DefaultLauncher.java:248)
	at org.junit.platform.launcher.core.DefaultLauncher.lambda$execute$5(DefaultLauncher.java:211)
	at org.junit.platform.launcher.core.DefaultLauncher$$Lambda$143/233996206.accept(Unknown Source)
	at org.junit.platform.launcher.core.DefaultLauncher.withInterceptedStreams(DefaultLauncher.java:226)
	at org.junit.platform.launcher.core.DefaultLauncher.execute(DefaultLauncher.java:199)
	at org.junit.platform.launcher.core.DefaultLauncher.execute(DefaultLauncher.java:132)
	at org.apache.maven.surefire.junitplatform.JUnitPlatformProvider.invokeAllTests(JUnitPlatformProvider.java:142)
	at org.apache.maven.surefire.junitplatform.JUnitPlatformProvider.invoke(JUnitPlatformProvider.java:113)
	at org.apache.maven.surefire.booter.ForkedBooter.invokeProviderInSameClassLoader(ForkedBooter.java:384)
	at org.apache.maven.surefire.booter.ForkedBooter.runSuitesInProcess(ForkedBooter.java:345)
	at org.apache.maven.surefire.booter.ForkedBooter.execute(ForkedBooter.java:126)
	at org.apache.maven.surefire.booter.ForkedBooter.main(ForkedBooter.java:418)
2021-11-08 11:17:17,096 [myid:] - INFO  [main:FourLetterWordMain@94] - connecting to 127.0.0.1 30158
2021-11-08 11:17:17,099 [myid:1] - WARN  [nioEventLoopGroup-72-2:NettyServerCnxnFactory$CnxnChannelHandler@231] - Zookeeper server is not running, close the connection before starting the TLS handshake
2021-11-08 11:17:17,099 [myid:] - INFO  [main:ClientBase@267] - server 127.0.0.1:30158 not up
java.net.SocketException: Software caused connection abort: recv failed
	at java.net.SocketInputStream.socketRead0(Native Method)
	at java.net.SocketInputStream.read(SocketInputStream.java:150)
	at java.net.SocketInputStream.read(SocketInputStream.java:121)
	at sun.nio.cs.StreamDecoder.readBytes(StreamDecoder.java:284)
	at sun.nio.cs.StreamDecoder.implRead(StreamDecoder.java:326)
	at sun.nio.cs.StreamDecoder.read(StreamDecoder.java:178)
	at java.io.InputStreamReader.read(InputStreamReader.java:184)
	at java.io.BufferedReader.fill(BufferedReader.java:161)
	at java.io.BufferedReader.readLine(BufferedReader.java:324)
	at java.io.BufferedReader.readLine(BufferedReader.java:389)
	at org.apache.zookeeper.client.FourLetterWordMain.send4LetterWord(FourLetterWordMain.java:129)
	at org.apache.zookeeper.client.FourLetterWordMain.send4LetterWord(FourLetterWordMain.java:74)
	at org.apache.zookeeper.test.ClientBase.waitForServerUp(ClientBase.java:258)
	at org.apache.zookeeper.test.ClientBase.waitForServerUp(ClientBase.java:249)
	at org.apache.zookeeper.server.quorum.QuorumSSLTest.testCertificateRevocationList(QuorumSSLTest.java:716)
	at sun.reflect.NativeMethodAccessorImpl.invoke0(Native Method)
	at sun.reflect.NativeMethodAccessorImpl.invoke(NativeMethodAccessorImpl.java:62)
	at sun.reflect.DelegatingMethodAccessorImpl.invoke(DelegatingMethodAccessorImpl.java:43)
	at java.lang.reflect.Method.invoke(Method.java:483)
	at org.junit.platform.commons.util.ReflectionUtils.invokeMethod(ReflectionUtils.java:686)
	at org.junit.jupiter.engine.execution.MethodInvocation.proceed(MethodInvocation.java:60)
	at org.junit.jupiter.engine.execution.InvocationInterceptorChain$ValidatingInvocation.proceed(InvocationInterceptorChain.java:131)
	at org.junit.jupiter.engine.extension.TimeoutInvocation.proceed(TimeoutInvocation.java:46)
	at org.junit.jupiter.engine.extension.TimeoutExtension.intercept(TimeoutExtension.java:149)
	at org.junit.jupiter.engine.extension.TimeoutExtension.interceptTestableMethod(TimeoutExtension.java:140)
	at org.junit.jupiter.engine.extension.TimeoutExtension.interceptTestMethod(TimeoutExtension.java:84)
	at org.junit.jupiter.engine.descriptor.TestMethodTestDescriptor$$Lambda$111/1780132728.apply(Unknown Source)
	at org.junit.jupiter.engine.execution.ExecutableInvoker$ReflectiveInterceptorCall.lambda$ofVoidMethod$0(ExecutableInvoker.java:115)
	at org.junit.jupiter.engine.execution.ExecutableInvoker$ReflectiveInterceptorCall$$Lambda$112/1725017993.apply(Unknown Source)
	at org.junit.jupiter.engine.execution.ExecutableInvoker.lambda$invoke$0(ExecutableInvoker.java:105)
	at org.junit.jupiter.engine.execution.ExecutableInvoker$$Lambda$234/64133603.apply(Unknown Source)
	at org.junit.jupiter.engine.execution.InvocationInterceptorChain$InterceptedInvocation.proceed(InvocationInterceptorChain.java:106)
	at org.junit.jupiter.engine.execution.InvocationInterceptorChain.proceed(InvocationInterceptorChain.java:64)
	at org.junit.jupiter.engine.execution.InvocationInterceptorChain.chainAndInvoke(InvocationInterceptorChain.java:45)
	at org.junit.jupiter.engine.execution.InvocationInterceptorChain.invoke(InvocationInterceptorChain.java:37)
	at org.junit.jupiter.engine.execution.ExecutableInvoker.invoke(ExecutableInvoker.java:104)
	at org.junit.jupiter.engine.execution.ExecutableInvoker.invoke(ExecutableInvoker.java:98)
	at org.junit.jupiter.engine.descriptor.TestMethodTestDescriptor.lambda$invokeTestMethod$6(TestMethodTestDescriptor.java:212)
	at org.junit.jupiter.engine.descriptor.TestMethodTestDescriptor$$Lambda$271/224100622.execute(Unknown Source)
	at org.junit.platform.engine.support.hierarchical.ThrowableCollector.execute(ThrowableCollector.java:73)
	at org.junit.jupiter.engine.descriptor.TestMethodTestDescriptor.invokeTestMethod(TestMethodTestDescriptor.java:208)
	at org.junit.jupiter.engine.descriptor.TestMethodTestDescriptor.execute(TestMethodTestDescriptor.java:137)
	at org.junit.jupiter.engine.descriptor.TestMethodTestDescriptor.execute(TestMethodTestDescriptor.java:71)
	at org.junit.platform.engine.support.hierarchical.NodeTestTask.lambda$executeRecursively$5(NodeTestTask.java:135)
	at org.junit.platform.engine.support.hierarchical.NodeTestTask$$Lambda$179/195615004.execute(Unknown Source)
	at org.junit.platform.engine.support.hierarchical.ThrowableCollector.execute(ThrowableCollector.java:73)
	at org.junit.platform.engine.support.hierarchical.NodeTestTask.lambda$executeRecursively$7(NodeTestTask.java:125)
	at org.junit.platform.engine.support.hierarchical.NodeTestTask$$Lambda$178/1890627974.invoke(Unknown Source)
	at org.junit.platform.engine.support.hierarchical.Node.around(Node.java:135)
	at org.junit.platform.engine.support.hierarchical.NodeTestTask.lambda$executeRecursively$8(NodeTestTask.java:123)
	at org.junit.platform.engine.support.hierarchical.NodeTestTask$$Lambda$177/231977479.execute(Unknown Source)
	at org.junit.platform.engine.support.hierarchical.ThrowableCollector.execute(ThrowableCollector.java:73)
	at org.junit.platform.engine.support.hierarchical.NodeTestTask.executeRecursively(NodeTestTask.java:122)
	at org.junit.platform.engine.support.hierarchical.NodeTestTask.execute(NodeTestTask.java:80)
	at org.junit.platform.engine.support.hierarchical.SameThreadHierarchicalTestExecutorService$$Lambda$183/1381713434.accept(Unknown Source)
	at java.util.ArrayList.forEach(ArrayList.java:1249)
	at org.junit.platform.engine.support.hierarchical.SameThreadHierarchicalTestExecutorService.invokeAll(SameThreadHierarchicalTestExecutorService.java:38)
	at org.junit.platform.engine.support.hierarchical.NodeTestTask.lambda$executeRecursively$5(NodeTestTask.java:139)
	at org.junit.platform.engine.support.hierarchical.NodeTestTask$$Lambda$179/195615004.execute(Unknown Source)
	at org.junit.platform.engine.support.hierarchical.ThrowableCollector.execute(ThrowableCollector.java:73)
	at org.junit.platform.engine.support.hierarchical.NodeTestTask.lambda$executeRecursively$7(NodeTestTask.java:125)
	at org.junit.platform.engine.support.hierarchical.NodeTestTask$$Lambda$178/1890627974.invoke(Unknown Source)
	at org.junit.platform.engine.support.hierarchical.Node.around(Node.java:135)
	at org.junit.platform.engine.support.hierarchical.NodeTestTask.lambda$executeRecursively$8(NodeTestTask.java:123)
	at org.junit.platform.engine.support.hierarchical.NodeTestTask$$Lambda$177/231977479.execute(Unknown Source)
	at org.junit.platform.engine.support.hierarchical.ThrowableCollector.execute(ThrowableCollector.java:73)
	at org.junit.platform.engine.support.hierarchical.NodeTestTask.executeRecursively(NodeTestTask.java:122)
	at org.junit.platform.engine.support.hierarchical.NodeTestTask.execute(NodeTestTask.java:80)
	at org.junit.platform.engine.support.hierarchical.SameThreadHierarchicalTestExecutorService$$Lambda$183/1381713434.accept(Unknown Source)
	at java.util.ArrayList.forEach(ArrayList.java:1249)
	at org.junit.platform.engine.support.hierarchical.SameThreadHierarchicalTestExecutorService.invokeAll(SameThreadHierarchicalTestExecutorService.java:38)
	at org.junit.platform.engine.support.hierarchical.NodeTestTask.lambda$executeRecursively$5(NodeTestTask.java:139)
	at org.junit.platform.engine.support.hierarchical.NodeTestTask$$Lambda$179/195615004.execute(Unknown Source)
	at org.junit.platform.engine.support.hierarchical.ThrowableCollector.execute(ThrowableCollector.java:73)
	at org.junit.platform.engine.support.hierarchical.NodeTestTask.lambda$executeRecursively$7(NodeTestTask.java:125)
	at org.junit.platform.engine.support.hierarchical.NodeTestTask$$Lambda$178/1890627974.invoke(Unknown Source)
	at org.junit.platform.engine.support.hierarchical.Node.around(Node.java:135)
	at org.junit.platform.engine.support.hierarchical.NodeTestTask.lambda$executeRecursively$8(NodeTestTask.java:123)
	at org.junit.platform.engine.support.hierarchical.NodeTestTask$$Lambda$177/231977479.execute(Unknown Source)
	at org.junit.platform.engine.support.hierarchical.ThrowableCollector.execute(ThrowableCollector.java:73)
	at org.junit.platform.engine.support.hierarchical.NodeTestTask.executeRecursively(NodeTestTask.java:122)
	at org.junit.platform.engine.support.hierarchical.NodeTestTask.execute(NodeTestTask.java:80)
	at org.junit.platform.engine.support.hierarchical.SameThreadHierarchicalTestExecutorService.submit(SameThreadHierarchicalTestExecutorService.java:32)
	at org.junit.platform.engine.support.hierarchical.HierarchicalTestExecutor.execute(HierarchicalTestExecutor.java:57)
	at org.junit.platform.engine.support.hierarchical.HierarchicalTestEngine.execute(HierarchicalTestEngine.java:51)
	at org.junit.platform.launcher.core.DefaultLauncher.execute(DefaultLauncher.java:248)
	at org.junit.platform.launcher.core.DefaultLauncher.lambda$execute$5(DefaultLauncher.java:211)
	at org.junit.platform.launcher.core.DefaultLauncher$$Lambda$143/233996206.accept(Unknown Source)
	at org.junit.platform.launcher.core.DefaultLauncher.withInterceptedStreams(DefaultLauncher.java:226)
	at org.junit.platform.launcher.core.DefaultLauncher.execute(DefaultLauncher.java:199)
	at org.junit.platform.launcher.core.DefaultLauncher.execute(DefaultLauncher.java:132)
	at org.apache.maven.surefire.junitplatform.JUnitPlatformProvider.invokeAllTests(JUnitPlatformProvider.java:142)
	at org.apache.maven.surefire.junitplatform.JUnitPlatformProvider.invoke(JUnitPlatformProvider.java:113)
	at org.apache.maven.surefire.booter.ForkedBooter.invokeProviderInSameClassLoader(ForkedBooter.java:384)
	at org.apache.maven.surefire.booter.ForkedBooter.runSuitesInProcess(ForkedBooter.java:345)
	at org.apache.maven.surefire.booter.ForkedBooter.execute(ForkedBooter.java:126)
	at org.apache.maven.surefire.booter.ForkedBooter.main(ForkedBooter.java:418)
2021-11-08 11:17:17,358 [myid:] - INFO  [main:FourLetterWordMain@94] - connecting to 127.0.0.1 30158
2021-11-08 11:17:17,360 [myid:1] - WARN  [nioEventLoopGroup-72-3:NettyServerCnxnFactory$CnxnChannelHandler@231] - Zookeeper server is not running, close the connection before starting the TLS handshake
2021-11-08 11:17:17,625 [myid:] - INFO  [main:FourLetterWordMain@94] - connecting to 127.0.0.1 30158
2021-11-08 11:17:17,626 [myid:1] - WARN  [nioEventLoopGroup-72-4:NettyServerCnxnFactory$CnxnChannelHandler@231] - Zookeeper server is not running, close the connection before starting the TLS handshake
2021-11-08 11:17:17,891 [myid:] - INFO  [main:FourLetterWordMain@94] - connecting to 127.0.0.1 30158
2021-11-08 11:17:17,891 [myid:1] - WARN  [nioEventLoopGroup-72-5:NettyServerCnxnFactory$CnxnChannelHandler@231] - Zookeeper server is not running, close the connection before starting the TLS handshake
2021-11-08 11:17:17,906 [myid:] - INFO  [main:ClientBase@267] - server 127.0.0.1:30158 not up
java.net.SocketException: Software caused connection abort: recv failed
	at java.net.SocketInputStream.socketRead0(Native Method)
	at java.net.SocketInputStream.read(SocketInputStream.java:150)
	at java.net.SocketInputStream.read(SocketInputStream.java:121)
	at sun.nio.cs.StreamDecoder.readBytes(StreamDecoder.java:284)
	at sun.nio.cs.StreamDecoder.implRead(StreamDecoder.java:326)
	at sun.nio.cs.StreamDecoder.read(StreamDecoder.java:178)
	at java.io.InputStreamReader.read(InputStreamReader.java:184)
	at java.io.BufferedReader.fill(BufferedReader.java:161)
	at java.io.BufferedReader.readLine(BufferedReader.java:324)
	at java.io.BufferedReader.readLine(BufferedReader.java:389)
	at org.apache.zookeeper.client.FourLetterWordMain.send4LetterWord(FourLetterWordMain.java:129)
	at org.apache.zookeeper.client.FourLetterWordMain.send4LetterWord(FourLetterWordMain.java:74)
	at org.apache.zookeeper.test.ClientBase.waitForServerUp(ClientBase.java:258)
	at org.apache.zookeeper.test.ClientBase.waitForServerUp(ClientBase.java:249)
	at org.apache.zookeeper.server.quorum.QuorumSSLTest.testCertificateRevocationList(QuorumSSLTest.java:716)
	at sun.reflect.NativeMethodAccessorImpl.invoke0(Native Method)
	at sun.reflect.NativeMethodAccessorImpl.invoke(NativeMethodAccessorImpl.java:62)
	at sun.reflect.DelegatingMethodAccessorImpl.invoke(DelegatingMethodAccessorImpl.java:43)
	at java.lang.reflect.Method.invoke(Method.java:483)
	at org.junit.platform.commons.util.ReflectionUtils.invokeMethod(ReflectionUtils.java:686)
	at org.junit.jupiter.engine.execution.MethodInvocation.proceed(MethodInvocation.java:60)
	at org.junit.jupiter.engine.execution.InvocationInterceptorChain$ValidatingInvocation.proceed(InvocationInterceptorChain.java:131)
	at org.junit.jupiter.engine.extension.TimeoutInvocation.proceed(TimeoutInvocation.java:46)
	at org.junit.jupiter.engine.extension.TimeoutExtension.intercept(TimeoutExtension.java:149)
	at org.junit.jupiter.engine.extension.TimeoutExtension.interceptTestableMethod(TimeoutExtension.java:140)
	at org.junit.jupiter.engine.extension.TimeoutExtension.interceptTestMethod(TimeoutExtension.java:84)
	at org.junit.jupiter.engine.descriptor.TestMethodTestDescriptor$$Lambda$111/1780132728.apply(Unknown Source)
	at org.junit.jupiter.engine.execution.ExecutableInvoker$ReflectiveInterceptorCall.lambda$ofVoidMethod$0(ExecutableInvoker.java:115)
	at org.junit.jupiter.engine.execution.ExecutableInvoker$ReflectiveInterceptorCall$$Lambda$112/1725017993.apply(Unknown Source)
	at org.junit.jupiter.engine.execution.ExecutableInvoker.lambda$invoke$0(ExecutableInvoker.java:105)
	at org.junit.jupiter.engine.execution.ExecutableInvoker$$Lambda$234/64133603.apply(Unknown Source)
	at org.junit.jupiter.engine.execution.InvocationInterceptorChain$InterceptedInvocation.proceed(InvocationInterceptorChain.java:106)
	at org.junit.jupiter.engine.execution.InvocationInterceptorChain.proceed(InvocationInterceptorChain.java:64)
	at org.junit.jupiter.engine.execution.InvocationInterceptorChain.chainAndInvoke(InvocationInterceptorChain.java:45)
	at org.junit.jupiter.engine.execution.InvocationInterceptorChain.invoke(InvocationInterceptorChain.java:37)
	at org.junit.jupiter.engine.execution.ExecutableInvoker.invoke(ExecutableInvoker.java:104)
	at org.junit.jupiter.engine.execution.ExecutableInvoker.invoke(ExecutableInvoker.java:98)
	at org.junit.jupiter.engine.descriptor.TestMethodTestDescriptor.lambda$invokeTestMethod$6(TestMethodTestDescriptor.java:212)
	at org.junit.jupiter.engine.descriptor.TestMethodTestDescriptor$$Lambda$271/224100622.execute(Unknown Source)
	at org.junit.platform.engine.support.hierarchical.ThrowableCollector.execute(ThrowableCollector.java:73)
	at org.junit.jupiter.engine.descriptor.TestMethodTestDescriptor.invokeTestMethod(TestMethodTestDescriptor.java:208)
	at org.junit.jupiter.engine.descriptor.TestMethodTestDescriptor.execute(TestMethodTestDescriptor.java:137)
	at org.junit.jupiter.engine.descriptor.TestMethodTestDescriptor.execute(TestMethodTestDescriptor.java:71)
	at org.junit.platform.engine.support.hierarchical.NodeTestTask.lambda$executeRecursively$5(NodeTestTask.java:135)
	at org.junit.platform.engine.support.hierarchical.NodeTestTask$$Lambda$179/195615004.execute(Unknown Source)
	at org.junit.platform.engine.support.hierarchical.ThrowableCollector.execute(ThrowableCollector.java:73)
	at org.junit.platform.engine.support.hierarchical.NodeTestTask.lambda$executeRecursively$7(NodeTestTask.java:125)
	at org.junit.platform.engine.support.hierarchical.NodeTestTask$$Lambda$178/1890627974.invoke(Unknown Source)
	at org.junit.platform.engine.support.hierarchical.Node.around(Node.java:135)
	at org.junit.platform.engine.support.hierarchical.NodeTestTask.lambda$executeRecursively$8(NodeTestTask.java:123)
	at org.junit.platform.engine.support.hierarchical.NodeTestTask$$Lambda$177/231977479.execute(Unknown Source)
	at org.junit.platform.engine.support.hierarchical.ThrowableCollector.execute(ThrowableCollector.java:73)
	at org.junit.platform.engine.support.hierarchical.NodeTestTask.executeRecursively(NodeTestTask.java:122)
	at org.junit.platform.engine.support.hierarchical.NodeTestTask.execute(NodeTestTask.java:80)
	at org.junit.platform.engine.support.hierarchical.SameThreadHierarchicalTestExecutorService$$Lambda$183/1381713434.accept(Unknown Source)
	at java.util.ArrayList.forEach(ArrayList.java:1249)
	at org.junit.platform.engine.support.hierarchical.SameThreadHierarchicalTestExecutorService.invokeAll(SameThreadHierarchicalTestExecutorService.java:38)
	at org.junit.platform.engine.support.hierarchical.NodeTestTask.lambda$executeRecursively$5(NodeTestTask.java:139)
	at org.junit.platform.engine.support.hierarchical.NodeTestTask$$Lambda$179/195615004.execute(Unknown Source)
	at org.junit.platform.engine.support.hierarchical.ThrowableCollector.execute(ThrowableCollector.java:73)
	at org.junit.platform.engine.support.hierarchical.NodeTestTask.lambda$executeRecursively$7(NodeTestTask.java:125)
	at org.junit.platform.engine.support.hierarchical.NodeTestTask$$Lambda$178/1890627974.invoke(Unknown Source)
	at org.junit.platform.engine.support.hierarchical.Node.around(Node.java:135)
	at org.junit.platform.engine.support.hierarchical.NodeTestTask.lambda$executeRecursively$8(NodeTestTask.java:123)
	at org.junit.platform.engine.support.hierarchical.NodeTestTask$$Lambda$177/231977479.execute(Unknown Source)
	at org.junit.platform.engine.support.hierarchical.ThrowableCollector.execute(ThrowableCollector.java:73)
	at org.junit.platform.engine.support.hierarchical.NodeTestTask.executeRecursively(NodeTestTask.java:122)
	at org.junit.platform.engine.support.hierarchical.NodeTestTask.execute(NodeTestTask.java:80)
	at org.junit.platform.engine.support.hierarchical.SameThreadHierarchicalTestExecutorService$$Lambda$183/1381713434.accept(Unknown Source)
	at java.util.ArrayList.forEach(ArrayList.java:1249)
	at org.junit.platform.engine.support.hierarchical.SameThreadHierarchicalTestExecutorService.invokeAll(SameThreadHierarchicalTestExecutorService.java:38)
	at org.junit.platform.engine.support.hierarchical.NodeTestTask.lambda$executeRecursively$5(NodeTestTask.java:139)
	at org.junit.platform.engine.support.hierarchical.NodeTestTask$$Lambda$179/195615004.execute(Unknown Source)
	at org.junit.platform.engine.support.hierarchical.ThrowableCollector.execute(ThrowableCollector.java:73)
	at org.junit.platform.engine.support.hierarchical.NodeTestTask.lambda$executeRecursively$7(NodeTestTask.java:125)
	at org.junit.platform.engine.support.hierarchical.NodeTestTask$$Lambda$178/1890627974.invoke(Unknown Source)
	at org.junit.platform.engine.support.hierarchical.Node.around(Node.java:135)
	at org.junit.platform.engine.support.hierarchical.NodeTestTask.lambda$executeRecursively$8(NodeTestTask.java:123)
	at org.junit.platform.engine.support.hierarchical.NodeTestTask$$Lambda$177/231977479.execute(Unknown Source)
	at org.junit.platform.engine.support.hierarchical.ThrowableCollector.execute(ThrowableCollector.java:73)
	at org.junit.platform.engine.support.hierarchical.NodeTestTask.executeRecursively(NodeTestTask.java:122)
	at org.junit.platform.engine.support.hierarchical.NodeTestTask.execute(NodeTestTask.java:80)
	at org.junit.platform.engine.support.hierarchical.SameThreadHierarchicalTestExecutorService.submit(SameThreadHierarchicalTestExecutorService.java:32)
	at org.junit.platform.engine.support.hierarchical.HierarchicalTestExecutor.execute(HierarchicalTestExecutor.java:57)
	at org.junit.platform.engine.support.hierarchical.HierarchicalTestEngine.execute(HierarchicalTestEngine.java:51)
	at org.junit.platform.launcher.core.DefaultLauncher.execute(DefaultLauncher.java:248)
	at org.junit.platform.launcher.core.DefaultLauncher.lambda$execute$5(DefaultLauncher.java:211)
	at org.junit.platform.launcher.core.DefaultLauncher$$Lambda$143/233996206.accept(Unknown Source)
	at org.junit.platform.launcher.core.DefaultLauncher.withInterceptedStreams(DefaultLauncher.java:226)
	at org.junit.platform.launcher.core.DefaultLauncher.execute(DefaultLauncher.java:199)
	at org.junit.platform.launcher.core.DefaultLauncher.execute(DefaultLauncher.java:132)
	at org.apache.maven.surefire.junitplatform.JUnitPlatformProvider.invokeAllTests(JUnitPlatformProvider.java:142)
	at org.apache.maven.surefire.junitplatform.JUnitPlatformProvider.invoke(JUnitPlatformProvider.java:113)
	at org.apache.maven.surefire.booter.ForkedBooter.invokeProviderInSameClassLoader(ForkedBooter.java:384)
	at org.apache.maven.surefire.booter.ForkedBooter.runSuitesInProcess(ForkedBooter.java:345)
	at org.apache.maven.surefire.booter.ForkedBooter.execute(ForkedBooter.java:126)
	at org.apache.maven.surefire.booter.ForkedBooter.main(ForkedBooter.java:418)
2021-11-08 11:17:18,169 [myid:] - INFO  [main:FourLetterWordMain@94] - connecting to 127.0.0.1 30158
2021-11-08 11:17:18,170 [myid:1] - WARN  [nioEventLoopGroup-72-6:NettyServerCnxnFactory$CnxnChannelHandler@231] - Zookeeper server is not running, close the connection before starting the TLS handshake
2021-11-08 11:17:18,436 [myid:] - INFO  [main:FourLetterWordMain@94] - connecting to 127.0.0.1 30158
2021-11-08 11:17:18,436 [myid:1] - WARN  [nioEventLoopGroup-72-7:NettyServerCnxnFactory$CnxnChannelHandler@231] - Zookeeper server is not running, close the connection before starting the TLS handshake
2021-11-08 11:17:18,688 [myid:] - INFO  [main:FourLetterWordMain@94] - connecting to 127.0.0.1 30158
2021-11-08 11:17:18,688 [myid:1] - WARN  [nioEventLoopGroup-72-8:NettyServerCnxnFactory$CnxnChannelHandler@231] - Zookeeper server is not running, close the connection before starting the TLS handshake
2021-11-08 11:17:18,950 [myid:] - INFO  [main:FourLetterWordMain@94] - connecting to 127.0.0.1 30158
2021-11-08 11:17:18,950 [myid:1] - WARN  [nioEventLoopGroup-72-9:NettyServerCnxnFactory$CnxnChannelHandler@231] - Zookeeper server is not running, close the connection before starting the TLS handshake
2021-11-08 11:17:19,203 [myid:] - INFO  [main:FourLetterWordMain@94] - connecting to 127.0.0.1 30158
2021-11-08 11:17:19,203 [myid:1] - WARN  [nioEventLoopGroup-72-10:NettyServerCnxnFactory$CnxnChannelHandler@231] - Zookeeper server is not running, close the connection before starting the TLS handshake
2021-11-08 11:17:19,468 [myid:] - INFO  [main:FourLetterWordMain@94] - connecting to 127.0.0.1 30158
2021-11-08 11:17:19,468 [myid:1] - WARN  [nioEventLoopGroup-72-11:NettyServerCnxnFactory$CnxnChannelHandler@231] - Zookeeper server is not running, close the connection before starting the TLS handshake
2021-11-08 11:17:19,732 [myid:] - INFO  [main:FourLetterWordMain@94] - connecting to 127.0.0.1 30158
2021-11-08 11:17:19,732 [myid:1] - WARN  [nioEventLoopGroup-72-12:NettyServerCnxnFactory$CnxnChannelHandler@231] - Zookeeper server is not running, close the connection before starting the TLS handshake
2021-11-08 11:17:19,995 [myid:] - INFO  [main:FourLetterWordMain@94] - connecting to 127.0.0.1 30158
2021-11-08 11:17:19,995 [myid:1] - WARN  [nioEventLoopGroup-72-1:NettyServerCnxnFactory$CnxnChannelHandler@231] - Zookeeper server is not running, close the connection before starting the TLS handshake
2021-11-08 11:17:20,246 [myid:] - INFO  [main:FourLetterWordMain@94] - connecting to 127.0.0.1 30158
2021-11-08 11:17:20,246 [myid:1] - WARN  [nioEventLoopGroup-72-2:NettyServerCnxnFactory$CnxnChannelHandler@231] - Zookeeper server is not running, close the connection before starting the TLS handshake
2021-11-08 11:17:20,499 [myid:] - INFO  [main:FourLetterWordMain@94] - connecting to 127.0.0.1 30158
2021-11-08 11:17:20,499 [myid:1] - WARN  [nioEventLoopGroup-72-3:NettyServerCnxnFactory$CnxnChannelHandler@231] - Zookeeper server is not running, close the connection before starting the TLS handshake
2021-11-08 11:17:20,750 [myid:] - INFO  [main:FourLetterWordMain@94] - connecting to 127.0.0.1 30158
2021-11-08 11:17:20,750 [myid:1] - WARN  [nioEventLoopGroup-72-4:NettyServerCnxnFactory$CnxnChannelHandler@231] - Zookeeper server is not running, close the connection before starting the TLS handshake
2021-11-08 11:17:21,003 [myid:] - INFO  [main:FourLetterWordMain@94] - connecting to 127.0.0.1 30158
2021-11-08 11:17:21,003 [myid:1] - WARN  [nioEventLoopGroup-72-5:NettyServerCnxnFactory$CnxnChannelHandler@231] - Zookeeper server is not running, close the connection before starting the TLS handshake
2021-11-08 11:17:21,257 [myid:] - INFO  [main:FourLetterWordMain@94] - connecting to 127.0.0.1 30158
2021-11-08 11:17:21,258 [myid:1] - WARN  [nioEventLoopGroup-72-6:NettyServerCnxnFactory$CnxnChannelHandler@231] - Zookeeper server is not running, close the connection before starting the TLS handshake
2021-11-08 11:17:21,258 [myid:] - INFO  [main:ClientBase@267] - server 127.0.0.1:30158 not up
java.net.SocketException: Software caused connection abort: recv failed
	at java.net.SocketInputStream.socketRead0(Native Method)
	at java.net.SocketInputStream.read(SocketInputStream.java:150)
	at java.net.SocketInputStream.read(SocketInputStream.java:121)
	at sun.nio.cs.StreamDecoder.readBytes(StreamDecoder.java:284)
	at sun.nio.cs.StreamDecoder.implRead(StreamDecoder.java:326)
	at sun.nio.cs.StreamDecoder.read(StreamDecoder.java:178)
	at java.io.InputStreamReader.read(InputStreamReader.java:184)
	at java.io.BufferedReader.fill(BufferedReader.java:161)
	at java.io.BufferedReader.readLine(BufferedReader.java:324)
	at java.io.BufferedReader.readLine(BufferedReader.java:389)
	at org.apache.zookeeper.client.FourLetterWordMain.send4LetterWord(FourLetterWordMain.java:129)
	at org.apache.zookeeper.client.FourLetterWordMain.send4LetterWord(FourLetterWordMain.java:74)
	at org.apache.zookeeper.test.ClientBase.waitForServerUp(ClientBase.java:258)
	at org.apache.zookeeper.test.ClientBase.waitForServerUp(ClientBase.java:249)
	at org.apache.zookeeper.server.quorum.QuorumSSLTest.testCertificateRevocationList(QuorumSSLTest.java:716)
	at sun.reflect.NativeMethodAccessorImpl.invoke0(Native Method)
	at sun.reflect.NativeMethodAccessorImpl.invoke(NativeMethodAccessorImpl.java:62)
	at sun.reflect.DelegatingMethodAccessorImpl.invoke(DelegatingMethodAccessorImpl.java:43)
	at java.lang.reflect.Method.invoke(Method.java:483)
	at org.junit.platform.commons.util.ReflectionUtils.invokeMethod(ReflectionUtils.java:686)
	at org.junit.jupiter.engine.execution.MethodInvocation.proceed(MethodInvocation.java:60)
	at org.junit.jupiter.engine.execution.InvocationInterceptorChain$ValidatingInvocation.proceed(InvocationInterceptorChain.java:131)
	at org.junit.jupiter.engine.extension.TimeoutInvocation.proceed(TimeoutInvocation.java:46)
	at org.junit.jupiter.engine.extension.TimeoutExtension.intercept(TimeoutExtension.java:149)
	at org.junit.jupiter.engine.extension.TimeoutExtension.interceptTestableMethod(TimeoutExtension.java:140)
	at org.junit.jupiter.engine.extension.TimeoutExtension.interceptTestMethod(TimeoutExtension.java:84)
	at org.junit.jupiter.engine.descriptor.TestMethodTestDescriptor$$Lambda$111/1780132728.apply(Unknown Source)
	at org.junit.jupiter.engine.execution.ExecutableInvoker$ReflectiveInterceptorCall.lambda$ofVoidMethod$0(ExecutableInvoker.java:115)
	at org.junit.jupiter.engine.execution.ExecutableInvoker$ReflectiveInterceptorCall$$Lambda$112/1725017993.apply(Unknown Source)
	at org.junit.jupiter.engine.execution.ExecutableInvoker.lambda$invoke$0(ExecutableInvoker.java:105)
	at org.junit.jupiter.engine.execution.ExecutableInvoker$$Lambda$234/64133603.apply(Unknown Source)
	at org.junit.jupiter.engine.execution.InvocationInterceptorChain$InterceptedInvocation.proceed(InvocationInterceptorChain.java:106)
	at org.junit.jupiter.engine.execution.InvocationInterceptorChain.proceed(InvocationInterceptorChain.java:64)
	at org.junit.jupiter.engine.execution.InvocationInterceptorChain.chainAndInvoke(InvocationInterceptorChain.java:45)
	at org.junit.jupiter.engine.execution.InvocationInterceptorChain.invoke(InvocationInterceptorChain.java:37)
	at org.junit.jupiter.engine.execution.ExecutableInvoker.invoke(ExecutableInvoker.java:104)
	at org.junit.jupiter.engine.execution.ExecutableInvoker.invoke(ExecutableInvoker.java:98)
	at org.junit.jupiter.engine.descriptor.TestMethodTestDescriptor.lambda$invokeTestMethod$6(TestMethodTestDescriptor.java:212)
	at org.junit.jupiter.engine.descriptor.TestMethodTestDescriptor$$Lambda$271/224100622.execute(Unknown Source)
	at org.junit.platform.engine.support.hierarchical.ThrowableCollector.execute(ThrowableCollector.java:73)
	at org.junit.jupiter.engine.descriptor.TestMethodTestDescriptor.invokeTestMethod(TestMethodTestDescriptor.java:208)
	at org.junit.jupiter.engine.descriptor.TestMethodTestDescriptor.execute(TestMethodTestDescriptor.java:137)
	at org.junit.jupiter.engine.descriptor.TestMethodTestDescriptor.execute(TestMethodTestDescriptor.java:71)
	at org.junit.platform.engine.support.hierarchical.NodeTestTask.lambda$executeRecursively$5(NodeTestTask.java:135)
	at org.junit.platform.engine.support.hierarchical.NodeTestTask$$Lambda$179/195615004.execute(Unknown Source)
	at org.junit.platform.engine.support.hierarchical.ThrowableCollector.execute(ThrowableCollector.java:73)
	at org.junit.platform.engine.support.hierarchical.NodeTestTask.lambda$executeRecursively$7(NodeTestTask.java:125)
	at org.junit.platform.engine.support.hierarchical.NodeTestTask$$Lambda$178/1890627974.invoke(Unknown Source)
	at org.junit.platform.engine.support.hierarchical.Node.around(Node.java:135)
	at org.junit.platform.engine.support.hierarchical.NodeTestTask.lambda$executeRecursively$8(NodeTestTask.java:123)
	at org.junit.platform.engine.support.hierarchical.NodeTestTask$$Lambda$177/231977479.execute(Unknown Source)
	at org.junit.platform.engine.support.hierarchical.ThrowableCollector.execute(ThrowableCollector.java:73)
	at org.junit.platform.engine.support.hierarchical.NodeTestTask.executeRecursively(NodeTestTask.java:122)
	at org.junit.platform.engine.support.hierarchical.NodeTestTask.execute(NodeTestTask.java:80)
	at org.junit.platform.engine.support.hierarchical.SameThreadHierarchicalTestExecutorService$$Lambda$183/1381713434.accept(Unknown Source)
	at java.util.ArrayList.forEach(ArrayList.java:1249)
	at org.junit.platform.engine.support.hierarchical.SameThreadHierarchicalTestExecutorService.invokeAll(SameThreadHierarchicalTestExecutorService.java:38)
	at org.junit.platform.engine.support.hierarchical.NodeTestTask.lambda$executeRecursively$5(NodeTestTask.java:139)
	at org.junit.platform.engine.support.hierarchical.NodeTestTask$$Lambda$179/195615004.execute(Unknown Source)
	at org.junit.platform.engine.support.hierarchical.ThrowableCollector.execute(ThrowableCollector.java:73)
	at org.junit.platform.engine.support.hierarchical.NodeTestTask.lambda$executeRecursively$7(NodeTestTask.java:125)
	at org.junit.platform.engine.support.hierarchical.NodeTestTask$$Lambda$178/1890627974.invoke(Unknown Source)
	at org.junit.platform.engine.support.hierarchical.Node.around(Node.java:135)
	at org.junit.platform.engine.support.hierarchical.NodeTestTask.lambda$executeRecursively$8(NodeTestTask.java:123)
	at org.junit.platform.engine.support.hierarchical.NodeTestTask$$Lambda$177/231977479.execute(Unknown Source)
	at org.junit.platform.engine.support.hierarchical.ThrowableCollector.execute(ThrowableCollector.java:73)
	at org.junit.platform.engine.support.hierarchical.NodeTestTask.executeRecursively(NodeTestTask.java:122)
	at org.junit.platform.engine.support.hierarchical.NodeTestTask.execute(NodeTestTask.java:80)
	at org.junit.platform.engine.support.hierarchical.SameThreadHierarchicalTestExecutorService$$Lambda$183/1381713434.accept(Unknown Source)
	at java.util.ArrayList.forEach(ArrayList.java:1249)
	at org.junit.platform.engine.support.hierarchical.SameThreadHierarchicalTestExecutorService.invokeAll(SameThreadHierarchicalTestExecutorService.java:38)
	at org.junit.platform.engine.support.hierarchical.NodeTestTask.lambda$executeRecursively$5(NodeTestTask.java:139)
	at org.junit.platform.engine.support.hierarchical.NodeTestTask$$Lambda$179/195615004.execute(Unknown Source)
	at org.junit.platform.engine.support.hierarchical.ThrowableCollector.execute(ThrowableCollector.java:73)
	at org.junit.platform.engine.support.hierarchical.NodeTestTask.lambda$executeRecursively$7(NodeTestTask.java:125)
	at org.junit.platform.engine.support.hierarchical.NodeTestTask$$Lambda$178/1890627974.invoke(Unknown Source)
	at org.junit.platform.engine.support.hierarchical.Node.around(Node.java:135)
	at org.junit.platform.engine.support.hierarchical.NodeTestTask.lambda$executeRecursively$8(NodeTestTask.java:123)
	at org.junit.platform.engine.support.hierarchical.NodeTestTask$$Lambda$177/231977479.execute(Unknown Source)
	at org.junit.platform.engine.support.hierarchical.ThrowableCollector.execute(ThrowableCollector.java:73)
	at org.junit.platform.engine.support.hierarchical.NodeTestTask.executeRecursively(NodeTestTask.java:122)
	at org.junit.platform.engine.support.hierarchical.NodeTestTask.execute(NodeTestTask.java:80)
	at org.junit.platform.engine.support.hierarchical.SameThreadHierarchicalTestExecutorService.submit(SameThreadHierarchicalTestExecutorService.java:32)
	at org.junit.platform.engine.support.hierarchical.HierarchicalTestExecutor.execute(HierarchicalTestExecutor.java:57)
	at org.junit.platform.engine.support.hierarchical.HierarchicalTestEngine.execute(HierarchicalTestEngine.java:51)
	at org.junit.platform.launcher.core.DefaultLauncher.execute(DefaultLauncher.java:248)
	at org.junit.platform.launcher.core.DefaultLauncher.lambda$execute$5(DefaultLauncher.java:211)
	at org.junit.platform.launcher.core.DefaultLauncher$$Lambda$143/233996206.accept(Unknown Source)
	at org.junit.platform.launcher.core.DefaultLauncher.withInterceptedStreams(DefaultLauncher.java:226)
	at org.junit.platform.launcher.core.DefaultLauncher.execute(DefaultLauncher.java:199)
	at org.junit.platform.launcher.core.DefaultLauncher.execute(DefaultLauncher.java:132)
	at org.apache.maven.surefire.junitplatform.JUnitPlatformProvider.invokeAllTests(JUnitPlatformProvider.java:142)
	at org.apache.maven.surefire.junitplatform.JUnitPlatformProvider.invoke(JUnitPlatformProvider.java:113)
	at org.apache.maven.surefire.booter.ForkedBooter.invokeProviderInSameClassLoader(ForkedBooter.java:384)
	at org.apache.maven.surefire.booter.ForkedBooter.runSuitesInProcess(ForkedBooter.java:345)
	at org.apache.maven.surefire.booter.ForkedBooter.execute(ForkedBooter.java:126)
	at org.apache.maven.surefire.booter.ForkedBooter.main(ForkedBooter.java:418)
2021-11-08 11:17:21,520 [myid:] - INFO  [main:FourLetterWordMain@94] - connecting to 127.0.0.1 30158
2021-11-08 11:17:21,520 [myid:1] - WARN  [nioEventLoopGroup-72-7:NettyServerCnxnFactory$CnxnChannelHandler@231] - Zookeeper server is not running, close the connection before starting the TLS handshake
2021-11-08 11:17:21,770 [myid:] - INFO  [main:FourLetterWordMain@94] - connecting to 127.0.0.1 30158
2021-11-08 11:17:21,772 [myid:1] - WARN  [nioEventLoopGroup-72-8:NettyServerCnxnFactory$CnxnChannelHandler@231] - Zookeeper server is not running, close the connection before starting the TLS handshake
2021-11-08 11:17:22,035 [myid:] - INFO  [main:FourLetterWordMain@94] - connecting to 127.0.0.1 30158
2021-11-08 11:17:22,036 [myid:1] - WARN  [nioEventLoopGroup-72-9:NettyServerCnxnFactory$CnxnChannelHandler@231] - Zookeeper server is not running, close the connection before starting the TLS handshake
2021-11-08 11:17:22,051 [myid:] - INFO  [main:ClientBase@267] - server 127.0.0.1:30158 not up
java.net.SocketException: Software caused connection abort: recv failed
	at java.net.SocketInputStream.socketRead0(Native Method)
	at java.net.SocketInputStream.read(SocketInputStream.java:150)
	at java.net.SocketInputStream.read(SocketInputStream.java:121)
	at sun.nio.cs.StreamDecoder.readBytes(StreamDecoder.java:284)
	at sun.nio.cs.StreamDecoder.implRead(StreamDecoder.java:326)
	at sun.nio.cs.StreamDecoder.read(StreamDecoder.java:178)
	at java.io.InputStreamReader.read(InputStreamReader.java:184)
	at java.io.BufferedReader.fill(BufferedReader.java:161)
	at java.io.BufferedReader.readLine(BufferedReader.java:324)
	at java.io.BufferedReader.readLine(BufferedReader.java:389)
	at org.apache.zookeeper.client.FourLetterWordMain.send4LetterWord(FourLetterWordMain.java:129)
	at org.apache.zookeeper.client.FourLetterWordMain.send4LetterWord(FourLetterWordMain.java:74)
	at org.apache.zookeeper.test.ClientBase.waitForServerUp(ClientBase.java:258)
	at org.apache.zookeeper.test.ClientBase.waitForServerUp(ClientBase.java:249)
	at org.apache.zookeeper.server.quorum.QuorumSSLTest.testCertificateRevocationList(QuorumSSLTest.java:716)
	at sun.reflect.NativeMethodAccessorImpl.invoke0(Native Method)
	at sun.reflect.NativeMethodAccessorImpl.invoke(NativeMethodAccessorImpl.java:62)
	at sun.reflect.DelegatingMethodAccessorImpl.invoke(DelegatingMethodAccessorImpl.java:43)
	at java.lang.reflect.Method.invoke(Method.java:483)
	at org.junit.platform.commons.util.ReflectionUtils.invokeMethod(ReflectionUtils.java:686)
	at org.junit.jupiter.engine.execution.MethodInvocation.proceed(MethodInvocation.java:60)
	at org.junit.jupiter.engine.execution.InvocationInterceptorChain$ValidatingInvocation.proceed(InvocationInterceptorChain.java:131)
	at org.junit.jupiter.engine.extension.TimeoutInvocation.proceed(TimeoutInvocation.java:46)
	at org.junit.jupiter.engine.extension.TimeoutExtension.intercept(TimeoutExtension.java:149)
	at org.junit.jupiter.engine.extension.TimeoutExtension.interceptTestableMethod(TimeoutExtension.java:140)
	at org.junit.jupiter.engine.extension.TimeoutExtension.interceptTestMethod(TimeoutExtension.java:84)
	at org.junit.jupiter.engine.descriptor.TestMethodTestDescriptor$$Lambda$111/1780132728.apply(Unknown Source)
	at org.junit.jupiter.engine.execution.ExecutableInvoker$ReflectiveInterceptorCall.lambda$ofVoidMethod$0(ExecutableInvoker.java:115)
	at org.junit.jupiter.engine.execution.ExecutableInvoker$ReflectiveInterceptorCall$$Lambda$112/1725017993.apply(Unknown Source)
	at org.junit.jupiter.engine.execution.ExecutableInvoker.lambda$invoke$0(ExecutableInvoker.java:105)
	at org.junit.jupiter.engine.execution.ExecutableInvoker$$Lambda$234/64133603.apply(Unknown Source)
	at org.junit.jupiter.engine.execution.InvocationInterceptorChain$InterceptedInvocation.proceed(InvocationInterceptorChain.java:106)
	at org.junit.jupiter.engine.execution.InvocationInterceptorChain.proceed(InvocationInterceptorChain.java:64)
	at org.junit.jupiter.engine.execution.InvocationInterceptorChain.chainAndInvoke(InvocationInterceptorChain.java:45)
	at org.junit.jupiter.engine.execution.InvocationInterceptorChain.invoke(InvocationInterceptorChain.java:37)
	at org.junit.jupiter.engine.execution.ExecutableInvoker.invoke(ExecutableInvoker.java:104)
	at org.junit.jupiter.engine.execution.ExecutableInvoker.invoke(ExecutableInvoker.java:98)
	at org.junit.jupiter.engine.descriptor.TestMethodTestDescriptor.lambda$invokeTestMethod$6(TestMethodTestDescriptor.java:212)
	at org.junit.jupiter.engine.descriptor.TestMethodTestDescriptor$$Lambda$271/224100622.execute(Unknown Source)
	at org.junit.platform.engine.support.hierarchical.ThrowableCollector.execute(ThrowableCollector.java:73)
	at org.junit.jupiter.engine.descriptor.TestMethodTestDescriptor.invokeTestMethod(TestMethodTestDescriptor.java:208)
	at org.junit.jupiter.engine.descriptor.TestMethodTestDescriptor.execute(TestMethodTestDescriptor.java:137)
	at org.junit.jupiter.engine.descriptor.TestMethodTestDescriptor.execute(TestMethodTestDescriptor.java:71)
	at org.junit.platform.engine.support.hierarchical.NodeTestTask.lambda$executeRecursively$5(NodeTestTask.java:135)
	at org.junit.platform.engine.support.hierarchical.NodeTestTask$$Lambda$179/195615004.execute(Unknown Source)
	at org.junit.platform.engine.support.hierarchical.ThrowableCollector.execute(ThrowableCollector.java:73)
	at org.junit.platform.engine.support.hierarchical.NodeTestTask.lambda$executeRecursively$7(NodeTestTask.java:125)
	at org.junit.platform.engine.support.hierarchical.NodeTestTask$$Lambda$178/1890627974.invoke(Unknown Source)
	at org.junit.platform.engine.support.hierarchical.Node.around(Node.java:135)
	at org.junit.platform.engine.support.hierarchical.NodeTestTask.lambda$executeRecursively$8(NodeTestTask.java:123)
	at org.junit.platform.engine.support.hierarchical.NodeTestTask$$Lambda$177/231977479.execute(Unknown Source)
	at org.junit.platform.engine.support.hierarchical.ThrowableCollector.execute(ThrowableCollector.java:73)
	at org.junit.platform.engine.support.hierarchical.NodeTestTask.executeRecursively(NodeTestTask.java:122)
	at org.junit.platform.engine.support.hierarchical.NodeTestTask.execute(NodeTestTask.java:80)
	at org.junit.platform.engine.support.hierarchical.SameThreadHierarchicalTestExecutorService$$Lambda$183/1381713434.accept(Unknown Source)
	at java.util.ArrayList.forEach(ArrayList.java:1249)
	at org.junit.platform.engine.support.hierarchical.SameThreadHierarchicalTestExecutorService.invokeAll(SameThreadHierarchicalTestExecutorService.java:38)
	at org.junit.platform.engine.support.hierarchical.NodeTestTask.lambda$executeRecursively$5(NodeTestTask.java:139)
	at org.junit.platform.engine.support.hierarchical.NodeTestTask$$Lambda$179/195615004.execute(Unknown Source)
	at org.junit.platform.engine.support.hierarchical.ThrowableCollector.execute(ThrowableCollector.java:73)
	at org.junit.platform.engine.support.hierarchical.NodeTestTask.lambda$executeRecursively$7(NodeTestTask.java:125)
	at org.junit.platform.engine.support.hierarchical.NodeTestTask$$Lambda$178/1890627974.invoke(Unknown Source)
	at org.junit.platform.engine.support.hierarchical.Node.around(Node.java:135)
	at org.junit.platform.engine.support.hierarchical.NodeTestTask.lambda$executeRecursively$8(NodeTestTask.java:123)
	at org.junit.platform.engine.support.hierarchical.NodeTestTask$$Lambda$177/231977479.execute(Unknown Source)
	at org.junit.platform.engine.support.hierarchical.ThrowableCollector.execute(ThrowableCollector.java:73)
	at org.junit.platform.engine.support.hierarchical.NodeTestTask.executeRecursively(NodeTestTask.java:122)
	at org.junit.platform.engine.support.hierarchical.NodeTestTask.execute(NodeTestTask.java:80)
	at org.junit.platform.engine.support.hierarchical.SameThreadHierarchicalTestExecutorService$$Lambda$183/1381713434.accept(Unknown Source)
	at java.util.ArrayList.forEach(ArrayList.java:1249)
	at org.junit.platform.engine.support.hierarchical.SameThreadHierarchicalTestExecutorService.invokeAll(SameThreadHierarchicalTestExecutorService.java:38)
	at org.junit.platform.engine.support.hierarchical.NodeTestTask.lambda$executeRecursively$5(NodeTestTask.java:139)
	at org.junit.platform.engine.support.hierarchical.NodeTestTask$$Lambda$179/195615004.execute(Unknown Source)
	at org.junit.platform.engine.support.hierarchical.ThrowableCollector.execute(ThrowableCollector.java:73)
	at org.junit.platform.engine.support.hierarchical.NodeTestTask.lambda$executeRecursively$7(NodeTestTask.java:125)
	at org.junit.platform.engine.support.hierarchical.NodeTestTask$$Lambda$178/1890627974.invoke(Unknown Source)
	at org.junit.platform.engine.support.hierarchical.Node.around(Node.java:135)
	at org.junit.platform.engine.support.hierarchical.NodeTestTask.lambda$executeRecursively$8(NodeTestTask.java:123)
	at org.junit.platform.engine.support.hierarchical.NodeTestTask$$Lambda$177/231977479.execute(Unknown Source)
	at org.junit.platform.engine.support.hierarchical.ThrowableCollector.execute(ThrowableCollector.java:73)
	at org.junit.platform.engine.support.hierarchical.NodeTestTask.executeRecursively(NodeTestTask.java:122)
	at org.junit.platform.engine.support.hierarchical.NodeTestTask.execute(NodeTestTask.java:80)
	at org.junit.platform.engine.support.hierarchical.SameThreadHierarchicalTestExecutorService.submit(SameThreadHierarchicalTestExecutorService.java:32)
	at org.junit.platform.engine.support.hierarchical.HierarchicalTestExecutor.execute(HierarchicalTestExecutor.java:57)
	at org.junit.platform.engine.support.hierarchical.HierarchicalTestEngine.execute(HierarchicalTestEngine.java:51)
	at org.junit.platform.launcher.core.DefaultLauncher.execute(DefaultLauncher.java:248)
	at org.junit.platform.launcher.core.DefaultLauncher.lambda$execute$5(DefaultLauncher.java:211)
	at org.junit.platform.launcher.core.DefaultLauncher$$Lambda$143/233996206.accept(Unknown Source)
	at org.junit.platform.launcher.core.DefaultLauncher.withInterceptedStreams(DefaultLauncher.java:226)
	at org.junit.platform.launcher.core.DefaultLauncher.execute(DefaultLauncher.java:199)
	at org.junit.platform.launcher.core.DefaultLauncher.execute(DefaultLauncher.java:132)
	at org.apache.maven.surefire.junitplatform.JUnitPlatformProvider.invokeAllTests(JUnitPlatformProvider.java:142)
	at org.apache.maven.surefire.junitplatform.JUnitPlatformProvider.invoke(JUnitPlatformProvider.java:113)
	at org.apache.maven.surefire.booter.ForkedBooter.invokeProviderInSameClassLoader(ForkedBooter.java:384)
	at org.apache.maven.surefire.booter.ForkedBooter.runSuitesInProcess(ForkedBooter.java:345)
	at org.apache.maven.surefire.booter.ForkedBooter.execute(ForkedBooter.java:126)
	at org.apache.maven.surefire.booter.ForkedBooter.main(ForkedBooter.java:418)
2021-11-08 11:17:22,302 [myid:] - INFO  [main:FourLetterWordMain@94] - connecting to 127.0.0.1 30158
2021-11-08 11:17:22,304 [myid:1] - WARN  [nioEventLoopGroup-72-10:NettyServerCnxnFactory$CnxnChannelHandler@231] - Zookeeper server is not running, close the connection before starting the TLS handshake
2021-11-08 11:17:22,566 [myid:] - INFO  [main:FourLetterWordMain@94] - connecting to 127.0.0.1 30158
2021-11-08 11:17:22,566 [myid:1] - WARN  [nioEventLoopGroup-72-11:NettyServerCnxnFactory$CnxnChannelHandler@231] - Zookeeper server is not running, close the connection before starting the TLS handshake
2021-11-08 11:17:22,582 [myid:] - INFO  [main:ClientBase@267] - server 127.0.0.1:30158 not up
java.net.SocketException: Software caused connection abort: recv failed
	at java.net.SocketInputStream.socketRead0(Native Method)
	at java.net.SocketInputStream.read(SocketInputStream.java:150)
	at java.net.SocketInputStream.read(SocketInputStream.java:121)
	at sun.nio.cs.StreamDecoder.readBytes(StreamDecoder.java:284)
	at sun.nio.cs.StreamDecoder.implRead(StreamDecoder.java:326)
	at sun.nio.cs.StreamDecoder.read(StreamDecoder.java:178)
	at java.io.InputStreamReader.read(InputStreamReader.java:184)
	at java.io.BufferedReader.fill(BufferedReader.java:161)
	at java.io.BufferedReader.readLine(BufferedReader.java:324)
	at java.io.BufferedReader.readLine(BufferedReader.java:389)
	at org.apache.zookeeper.client.FourLetterWordMain.send4LetterWord(FourLetterWordMain.java:129)
	at org.apache.zookeeper.client.FourLetterWordMain.send4LetterWord(FourLetterWordMain.java:74)
	at org.apache.zookeeper.test.ClientBase.waitForServerUp(ClientBase.java:258)
	at org.apache.zookeeper.test.ClientBase.waitForServerUp(ClientBase.java:249)
	at org.apache.zookeeper.server.quorum.QuorumSSLTest.testCertificateRevocationList(QuorumSSLTest.java:716)
	at sun.reflect.NativeMethodAccessorImpl.invoke0(Native Method)
	at sun.reflect.NativeMethodAccessorImpl.invoke(NativeMethodAccessorImpl.java:62)
	at sun.reflect.DelegatingMethodAccessorImpl.invoke(DelegatingMethodAccessorImpl.java:43)
	at java.lang.reflect.Method.invoke(Method.java:483)
	at org.junit.platform.commons.util.ReflectionUtils.invokeMethod(ReflectionUtils.java:686)
	at org.junit.jupiter.engine.execution.MethodInvocation.proceed(MethodInvocation.java:60)
	at org.junit.jupiter.engine.execution.InvocationInterceptorChain$ValidatingInvocation.proceed(InvocationInterceptorChain.java:131)
	at org.junit.jupiter.engine.extension.TimeoutInvocation.proceed(TimeoutInvocation.java:46)
	at org.junit.jupiter.engine.extension.TimeoutExtension.intercept(TimeoutExtension.java:149)
	at org.junit.jupiter.engine.extension.TimeoutExtension.interceptTestableMethod(TimeoutExtension.java:140)
	at org.junit.jupiter.engine.extension.TimeoutExtension.interceptTestMethod(TimeoutExtension.java:84)
	at org.junit.jupiter.engine.descriptor.TestMethodTestDescriptor$$Lambda$111/1780132728.apply(Unknown Source)
	at org.junit.jupiter.engine.execution.ExecutableInvoker$ReflectiveInterceptorCall.lambda$ofVoidMethod$0(ExecutableInvoker.java:115)
	at org.junit.jupiter.engine.execution.ExecutableInvoker$ReflectiveInterceptorCall$$Lambda$112/1725017993.apply(Unknown Source)
	at org.junit.jupiter.engine.execution.ExecutableInvoker.lambda$invoke$0(ExecutableInvoker.java:105)
	at org.junit.jupiter.engine.execution.ExecutableInvoker$$Lambda$234/64133603.apply(Unknown Source)
	at org.junit.jupiter.engine.execution.InvocationInterceptorChain$InterceptedInvocation.proceed(InvocationInterceptorChain.java:106)
	at org.junit.jupiter.engine.execution.InvocationInterceptorChain.proceed(InvocationInterceptorChain.java:64)
	at org.junit.jupiter.engine.execution.InvocationInterceptorChain.chainAndInvoke(InvocationInterceptorChain.java:45)
	at org.junit.jupiter.engine.execution.InvocationInterceptorChain.invoke(InvocationInterceptorChain.java:37)
	at org.junit.jupiter.engine.execution.ExecutableInvoker.invoke(ExecutableInvoker.java:104)
	at org.junit.jupiter.engine.execution.ExecutableInvoker.invoke(ExecutableInvoker.java:98)
	at org.junit.jupiter.engine.descriptor.TestMethodTestDescriptor.lambda$invokeTestMethod$6(TestMethodTestDescriptor.java:212)
	at org.junit.jupiter.engine.descriptor.TestMethodTestDescriptor$$Lambda$271/224100622.execute(Unknown Source)
	at org.junit.platform.engine.support.hierarchical.ThrowableCollector.execute(ThrowableCollector.java:73)
	at org.junit.jupiter.engine.descriptor.TestMethodTestDescriptor.invokeTestMethod(TestMethodTestDescriptor.java:208)
	at org.junit.jupiter.engine.descriptor.TestMethodTestDescriptor.execute(TestMethodTestDescriptor.java:137)
	at org.junit.jupiter.engine.descriptor.TestMethodTestDescriptor.execute(TestMethodTestDescriptor.java:71)
	at org.junit.platform.engine.support.hierarchical.NodeTestTask.lambda$executeRecursively$5(NodeTestTask.java:135)
	at org.junit.platform.engine.support.hierarchical.NodeTestTask$$Lambda$179/195615004.execute(Unknown Source)
	at org.junit.platform.engine.support.hierarchical.ThrowableCollector.execute(ThrowableCollector.java:73)
	at org.junit.platform.engine.support.hierarchical.NodeTestTask.lambda$executeRecursively$7(NodeTestTask.java:125)
	at org.junit.platform.engine.support.hierarchical.NodeTestTask$$Lambda$178/1890627974.invoke(Unknown Source)
	at org.junit.platform.engine.support.hierarchical.Node.around(Node.java:135)
	at org.junit.platform.engine.support.hierarchical.NodeTestTask.lambda$executeRecursively$8(NodeTestTask.java:123)
	at org.junit.platform.engine.support.hierarchical.NodeTestTask$$Lambda$177/231977479.execute(Unknown Source)
	at org.junit.platform.engine.support.hierarchical.ThrowableCollector.execute(ThrowableCollector.java:73)
	at org.junit.platform.engine.support.hierarchical.NodeTestTask.executeRecursively(NodeTestTask.java:122)
	at org.junit.platform.engine.support.hierarchical.NodeTestTask.execute(NodeTestTask.java:80)
	at org.junit.platform.engine.support.hierarchical.SameThreadHierarchicalTestExecutorService$$Lambda$183/1381713434.accept(Unknown Source)
	at java.util.ArrayList.forEach(ArrayList.java:1249)
	at org.junit.platform.engine.support.hierarchical.SameThreadHierarchicalTestExecutorService.invokeAll(SameThreadHierarchicalTestExecutorService.java:38)
	at org.junit.platform.engine.support.hierarchical.NodeTestTask.lambda$executeRecursively$5(NodeTestTask.java:139)
	at org.junit.platform.engine.support.hierarchical.NodeTestTask$$Lambda$179/195615004.execute(Unknown Source)
	at org.junit.platform.engine.support.hierarchical.ThrowableCollector.execute(ThrowableCollector.java:73)
	at org.junit.platform.engine.support.hierarchical.NodeTestTask.lambda$executeRecursively$7(NodeTestTask.java:125)
	at org.junit.platform.engine.support.hierarchical.NodeTestTask$$Lambda$178/1890627974.invoke(Unknown Source)
	at org.junit.platform.engine.support.hierarchical.Node.around(Node.java:135)
	at org.junit.platform.engine.support.hierarchical.NodeTestTask.lambda$executeRecursively$8(NodeTestTask.java:123)
	at org.junit.platform.engine.support.hierarchical.NodeTestTask$$Lambda$177/231977479.execute(Unknown Source)
	at org.junit.platform.engine.support.hierarchical.ThrowableCollector.execute(ThrowableCollector.java:73)
	at org.junit.platform.engine.support.hierarchical.NodeTestTask.executeRecursively(NodeTestTask.java:122)
	at org.junit.platform.engine.support.hierarchical.NodeTestTask.execute(NodeTestTask.java:80)
	at org.junit.platform.engine.support.hierarchical.SameThreadHierarchicalTestExecutorService$$Lambda$183/1381713434.accept(Unknown Source)
	at java.util.ArrayList.forEach(ArrayList.java:1249)
	at org.junit.platform.engine.support.hierarchical.SameThreadHierarchicalTestExecutorService.invokeAll(SameThreadHierarchicalTestExecutorService.java:38)
	at org.junit.platform.engine.support.hierarchical.NodeTestTask.lambda$executeRecursively$5(NodeTestTask.java:139)
	at org.junit.platform.engine.support.hierarchical.NodeTestTask$$Lambda$179/195615004.execute(Unknown Source)
	at org.junit.platform.engine.support.hierarchical.ThrowableCollector.execute(ThrowableCollector.java:73)
	at org.junit.platform.engine.support.hierarchical.NodeTestTask.lambda$executeRecursively$7(NodeTestTask.java:125)
	at org.junit.platform.engine.support.hierarchical.NodeTestTask$$Lambda$178/1890627974.invoke(Unknown Source)
	at org.junit.platform.engine.support.hierarchical.Node.around(Node.java:135)
	at org.junit.platform.engine.support.hierarchical.NodeTestTask.lambda$executeRecursively$8(NodeTestTask.java:123)
	at org.junit.platform.engine.support.hierarchical.NodeTestTask$$Lambda$177/231977479.execute(Unknown Source)
	at org.junit.platform.engine.support.hierarchical.ThrowableCollector.execute(ThrowableCollector.java:73)
	at org.junit.platform.engine.support.hierarchical.NodeTestTask.executeRecursively(NodeTestTask.java:122)
	at org.junit.platform.engine.support.hierarchical.NodeTestTask.execute(NodeTestTask.java:80)
	at org.junit.platform.engine.support.hierarchical.SameThreadHierarchicalTestExecutorService.submit(SameThreadHierarchicalTestExecutorService.java:32)
	at org.junit.platform.engine.support.hierarchical.HierarchicalTestExecutor.execute(HierarchicalTestExecutor.java:57)
	at org.junit.platform.engine.support.hierarchical.HierarchicalTestEngine.execute(HierarchicalTestEngine.java:51)
	at org.junit.platform.launcher.core.DefaultLauncher.execute(DefaultLauncher.java:248)
	at org.junit.platform.launcher.core.DefaultLauncher.lambda$execute$5(DefaultLauncher.java:211)
	at org.junit.platform.launcher.core.DefaultLauncher$$Lambda$143/233996206.accept(Unknown Source)
	at org.junit.platform.launcher.core.DefaultLauncher.withInterceptedStreams(DefaultLauncher.java:226)
	at org.junit.platform.launcher.core.DefaultLauncher.execute(DefaultLauncher.java:199)
	at org.junit.platform.launcher.core.DefaultLauncher.execute(DefaultLauncher.java:132)
	at org.apache.maven.surefire.junitplatform.JUnitPlatformProvider.invokeAllTests(JUnitPlatformProvider.java:142)
	at org.apache.maven.surefire.junitplatform.JUnitPlatformProvider.invoke(JUnitPlatformProvider.java:113)
	at org.apache.maven.surefire.booter.ForkedBooter.invokeProviderInSameClassLoader(ForkedBooter.java:384)
	at org.apache.maven.surefire.booter.ForkedBooter.runSuitesInProcess(ForkedBooter.java:345)
	at org.apache.maven.surefire.booter.ForkedBooter.execute(ForkedBooter.java:126)
	at org.apache.maven.surefire.booter.ForkedBooter.main(ForkedBooter.java:418)
2021-11-08 11:17:22,833 [myid:] - INFO  [main:FourLetterWordMain@94] - connecting to 127.0.0.1 30158
2021-11-08 11:17:22,835 [myid:1] - WARN  [nioEventLoopGroup-72-12:NettyServerCnxnFactory$CnxnChannelHandler@231] - Zookeeper server is not running, close the connection before starting the TLS handshake
2021-11-08 11:17:23,099 [myid:] - INFO  [main:FourLetterWordMain@94] - connecting to 127.0.0.1 30158
2021-11-08 11:17:23,099 [myid:1] - WARN  [nioEventLoopGroup-72-1:NettyServerCnxnFactory$CnxnChannelHandler@231] - Zookeeper server is not running, close the connection before starting the TLS handshake
2021-11-08 11:17:23,243 [myid:1] - INFO  [QuorumPeer[myid=1](plain=[0:0:0:0:0:0:0:0]:30158)(secure=disabled):FastLeaderElection@984] - Notification time out: 25600
2021-11-08 11:17:23,243 [myid:2] - INFO  [QuorumPeer[myid=2](plain=[0:0:0:0:0:0:0:0]:30159)(secure=disabled):FastLeaderElection@984] - Notification time out: 25600
2021-11-08 11:17:23,354 [myid:] - INFO  [main:FourLetterWordMain@94] - connecting to 127.0.0.1 30158
2021-11-08 11:17:23,356 [myid:1] - WARN  [nioEventLoopGroup-72-2:NettyServerCnxnFactory$CnxnChannelHandler@231] - Zookeeper server is not running, close the connection before starting the TLS handshake
2021-11-08 11:17:23,620 [myid:] - INFO  [main:FourLetterWordMain@94] - connecting to 127.0.0.1 30158
2021-11-08 11:17:23,620 [myid:1] - WARN  [nioEventLoopGroup-72-3:NettyServerCnxnFactory$CnxnChannelHandler@231] - Zookeeper server is not running, close the connection before starting the TLS handshake
2021-11-08 11:17:23,884 [myid:] - INFO  [main:FourLetterWordMain@94] - connecting to 127.0.0.1 30158
2021-11-08 11:17:23,884 [myid:1] - WARN  [nioEventLoopGroup-72-4:NettyServerCnxnFactory$CnxnChannelHandler@231] - Zookeeper server is not running, close the connection before starting the TLS handshake
2021-11-08 11:17:23,899 [myid:] - INFO  [main:ClientBase@267] - server 127.0.0.1:30158 not up
java.net.SocketException: Software caused connection abort: recv failed
	at java.net.SocketInputStream.socketRead0(Native Method)
	at java.net.SocketInputStream.read(SocketInputStream.java:150)
	at java.net.SocketInputStream.read(SocketInputStream.java:121)
	at sun.nio.cs.StreamDecoder.readBytes(StreamDecoder.java:284)
	at sun.nio.cs.StreamDecoder.implRead(StreamDecoder.java:326)
	at sun.nio.cs.StreamDecoder.read(StreamDecoder.java:178)
	at java.io.InputStreamReader.read(InputStreamReader.java:184)
	at java.io.BufferedReader.fill(BufferedReader.java:161)
	at java.io.BufferedReader.readLine(BufferedReader.java:324)
	at java.io.BufferedReader.readLine(BufferedReader.java:389)
	at org.apache.zookeeper.client.FourLetterWordMain.send4LetterWord(FourLetterWordMain.java:129)
	at org.apache.zookeeper.client.FourLetterWordMain.send4LetterWord(FourLetterWordMain.java:74)
	at org.apache.zookeeper.test.ClientBase.waitForServerUp(ClientBase.java:258)
	at org.apache.zookeeper.test.ClientBase.waitForServerUp(ClientBase.java:249)
	at org.apache.zookeeper.server.quorum.QuorumSSLTest.testCertificateRevocationList(QuorumSSLTest.java:716)
	at sun.reflect.NativeMethodAccessorImpl.invoke0(Native Method)
	at sun.reflect.NativeMethodAccessorImpl.invoke(NativeMethodAccessorImpl.java:62)
	at sun.reflect.DelegatingMethodAccessorImpl.invoke(DelegatingMethodAccessorImpl.java:43)
	at java.lang.reflect.Method.invoke(Method.java:483)
	at org.junit.platform.commons.util.ReflectionUtils.invokeMethod(ReflectionUtils.java:686)
	at org.junit.jupiter.engine.execution.MethodInvocation.proceed(MethodInvocation.java:60)
	at org.junit.jupiter.engine.execution.InvocationInterceptorChain$ValidatingInvocation.proceed(InvocationInterceptorChain.java:131)
	at org.junit.jupiter.engine.extension.TimeoutInvocation.proceed(TimeoutInvocation.java:46)
	at org.junit.jupiter.engine.extension.TimeoutExtension.intercept(TimeoutExtension.java:149)
	at org.junit.jupiter.engine.extension.TimeoutExtension.interceptTestableMethod(TimeoutExtension.java:140)
	at org.junit.jupiter.engine.extension.TimeoutExtension.interceptTestMethod(TimeoutExtension.java:84)
	at org.junit.jupiter.engine.descriptor.TestMethodTestDescriptor$$Lambda$111/1780132728.apply(Unknown Source)
	at org.junit.jupiter.engine.execution.ExecutableInvoker$ReflectiveInterceptorCall.lambda$ofVoidMethod$0(ExecutableInvoker.java:115)
	at org.junit.jupiter.engine.execution.ExecutableInvoker$ReflectiveInterceptorCall$$Lambda$112/1725017993.apply(Unknown Source)
	at org.junit.jupiter.engine.execution.ExecutableInvoker.lambda$invoke$0(ExecutableInvoker.java:105)
	at org.junit.jupiter.engine.execution.ExecutableInvoker$$Lambda$234/64133603.apply(Unknown Source)
	at org.junit.jupiter.engine.execution.InvocationInterceptorChain$InterceptedInvocation.proceed(InvocationInterceptorChain.java:106)
	at org.junit.jupiter.engine.execution.InvocationInterceptorChain.proceed(InvocationInterceptorChain.java:64)
	at org.junit.jupiter.engine.execution.InvocationInterceptorChain.chainAndInvoke(InvocationInterceptorChain.java:45)
	at org.junit.jupiter.engine.execution.InvocationInterceptorChain.invoke(InvocationInterceptorChain.java:37)
	at org.junit.jupiter.engine.execution.ExecutableInvoker.invoke(ExecutableInvoker.java:104)
	at org.junit.jupiter.engine.execution.ExecutableInvoker.invoke(ExecutableInvoker.java:98)
	at org.junit.jupiter.engine.descriptor.TestMethodTestDescriptor.lambda$invokeTestMethod$6(TestMethodTestDescriptor.java:212)
	at org.junit.jupiter.engine.descriptor.TestMethodTestDescriptor$$Lambda$271/224100622.execute(Unknown Source)
	at org.junit.platform.engine.support.hierarchical.ThrowableCollector.execute(ThrowableCollector.java:73)
	at org.junit.jupiter.engine.descriptor.TestMethodTestDescriptor.invokeTestMethod(TestMethodTestDescriptor.java:208)
	at org.junit.jupiter.engine.descriptor.TestMethodTestDescriptor.execute(TestMethodTestDescriptor.java:137)
	at org.junit.jupiter.engine.descriptor.TestMethodTestDescriptor.execute(TestMethodTestDescriptor.java:71)
	at org.junit.platform.engine.support.hierarchical.NodeTestTask.lambda$executeRecursively$5(NodeTestTask.java:135)
	at org.junit.platform.engine.support.hierarchical.NodeTestTask$$Lambda$179/195615004.execute(Unknown Source)
	at org.junit.platform.engine.support.hierarchical.ThrowableCollector.execute(ThrowableCollector.java:73)
	at org.junit.platform.engine.support.hierarchical.NodeTestTask.lambda$executeRecursively$7(NodeTestTask.java:125)
	at org.junit.platform.engine.support.hierarchical.NodeTestTask$$Lambda$178/1890627974.invoke(Unknown Source)
	at org.junit.platform.engine.support.hierarchical.Node.around(Node.java:135)
	at org.junit.platform.engine.support.hierarchical.NodeTestTask.lambda$executeRecursively$8(NodeTestTask.java:123)
	at org.junit.platform.engine.support.hierarchical.NodeTestTask$$Lambda$177/231977479.execute(Unknown Source)
	at org.junit.platform.engine.support.hierarchical.ThrowableCollector.execute(ThrowableCollector.java:73)
	at org.junit.platform.engine.support.hierarchical.NodeTestTask.executeRecursively(NodeTestTask.java:122)
	at org.junit.platform.engine.support.hierarchical.NodeTestTask.execute(NodeTestTask.java:80)
	at org.junit.platform.engine.support.hierarchical.SameThreadHierarchicalTestExecutorService$$Lambda$183/1381713434.accept(Unknown Source)
	at java.util.ArrayList.forEach(ArrayList.java:1249)
	at org.junit.platform.engine.support.hierarchical.SameThreadHierarchicalTestExecutorService.invokeAll(SameThreadHierarchicalTestExecutorService.java:38)
	at org.junit.platform.engine.support.hierarchical.NodeTestTask.lambda$executeRecursively$5(NodeTestTask.java:139)
	at org.junit.platform.engine.support.hierarchical.NodeTestTask$$Lambda$179/195615004.execute(Unknown Source)
	at org.junit.platform.engine.support.hierarchical.ThrowableCollector.execute(ThrowableCollector.java:73)
	at org.junit.platform.engine.support.hierarchical.NodeTestTask.lambda$executeRecursively$7(NodeTestTask.java:125)
	at org.junit.platform.engine.support.hierarchical.NodeTestTask$$Lambda$178/1890627974.invoke(Unknown Source)
	at org.junit.platform.engine.support.hierarchical.Node.around(Node.java:135)
	at org.junit.platform.engine.support.hierarchical.NodeTestTask.lambda$executeRecursively$8(NodeTestTask.java:123)
	at org.junit.platform.engine.support.hierarchical.NodeTestTask$$Lambda$177/231977479.execute(Unknown Source)
	at org.junit.platform.engine.support.hierarchical.ThrowableCollector.execute(ThrowableCollector.java:73)
	at org.junit.platform.engine.support.hierarchical.NodeTestTask.executeRecursively(NodeTestTask.java:122)
	at org.junit.platform.engine.support.hierarchical.NodeTestTask.execute(NodeTestTask.java:80)
	at org.junit.platform.engine.support.hierarchical.SameThreadHierarchicalTestExecutorService$$Lambda$183/1381713434.accept(Unknown Source)
	at java.util.ArrayList.forEach(ArrayList.java:1249)
	at org.junit.platform.engine.support.hierarchical.SameThreadHierarchicalTestExecutorService.invokeAll(SameThreadHierarchicalTestExecutorService.java:38)
	at org.junit.platform.engine.support.hierarchical.NodeTestTask.lambda$executeRecursively$5(NodeTestTask.java:139)
	at org.junit.platform.engine.support.hierarchical.NodeTestTask$$Lambda$179/195615004.execute(Unknown Source)
	at org.junit.platform.engine.support.hierarchical.ThrowableCollector.execute(ThrowableCollector.java:73)
	at org.junit.platform.engine.support.hierarchical.NodeTestTask.lambda$executeRecursively$7(NodeTestTask.java:125)
	at org.junit.platform.engine.support.hierarchical.NodeTestTask$$Lambda$178/1890627974.invoke(Unknown Source)
	at org.junit.platform.engine.support.hierarchical.Node.around(Node.java:135)
	at org.junit.platform.engine.support.hierarchical.NodeTestTask.lambda$executeRecursively$8(NodeTestTask.java:123)
	at org.junit.platform.engine.support.hierarchical.NodeTestTask$$Lambda$177/231977479.execute(Unknown Source)
	at org.junit.platform.engine.support.hierarchical.ThrowableCollector.execute(ThrowableCollector.java:73)
	at org.junit.platform.engine.support.hierarchical.NodeTestTask.executeRecursively(NodeTestTask.java:122)
	at org.junit.platform.engine.support.hierarchical.NodeTestTask.execute(NodeTestTask.java:80)
	at org.junit.platform.engine.support.hierarchical.SameThreadHierarchicalTestExecutorService.submit(SameThreadHierarchicalTestExecutorService.java:32)
	at org.junit.platform.engine.support.hierarchical.HierarchicalTestExecutor.execute(HierarchicalTestExecutor.java:57)
	at org.junit.platform.engine.support.hierarchical.HierarchicalTestEngine.execute(HierarchicalTestEngine.java:51)
	at org.junit.platform.launcher.core.DefaultLauncher.execute(DefaultLauncher.java:248)
	at org.junit.platform.launcher.core.DefaultLauncher.lambda$execute$5(DefaultLauncher.java:211)
	at org.junit.platform.launcher.core.DefaultLauncher$$Lambda$143/233996206.accept(Unknown Source)
	at org.junit.platform.launcher.core.DefaultLauncher.withInterceptedStreams(DefaultLauncher.java:226)
	at org.junit.platform.launcher.core.DefaultLauncher.execute(DefaultLauncher.java:199)
	at org.junit.platform.launcher.core.DefaultLauncher.execute(DefaultLauncher.java:132)
	at org.apache.maven.surefire.junitplatform.JUnitPlatformProvider.invokeAllTests(JUnitPlatformProvider.java:142)
	at org.apache.maven.surefire.junitplatform.JUnitPlatformProvider.invoke(JUnitPlatformProvider.java:113)
	at org.apache.maven.surefire.booter.ForkedBooter.invokeProviderInSameClassLoader(ForkedBooter.java:384)
	at org.apache.maven.surefire.booter.ForkedBooter.runSuitesInProcess(ForkedBooter.java:345)
	at org.apache.maven.surefire.booter.ForkedBooter.execute(ForkedBooter.java:126)
	at org.apache.maven.surefire.booter.ForkedBooter.main(ForkedBooter.java:418)
2021-11-08 11:17:24,166 [myid:] - INFO  [main:FourLetterWordMain@94] - connecting to 127.0.0.1 30158
2021-11-08 11:17:24,166 [myid:1] - WARN  [nioEventLoopGroup-72-5:NettyServerCnxnFactory$CnxnChannelHandler@231] - Zookeeper server is not running, close the connection before starting the TLS handshake
2021-11-08 11:17:24,419 [myid:] - INFO  [main:FourLetterWordMain@94] - connecting to 127.0.0.1 30158
2021-11-08 11:17:24,421 [myid:1] - WARN  [nioEventLoopGroup-72-6:NettyServerCnxnFactory$CnxnChannelHandler@231] - Zookeeper server is not running, close the connection before starting the TLS handshake
2021-11-08 11:17:24,682 [myid:] - INFO  [main:FourLetterWordMain@94] - connecting to 127.0.0.1 30158
2021-11-08 11:17:24,682 [myid:1] - WARN  [nioEventLoopGroup-72-7:NettyServerCnxnFactory$CnxnChannelHandler@231] - Zookeeper server is not running, close the connection before starting the TLS handshake
2021-11-08 11:17:24,933 [myid:] - INFO  [main:FourLetterWordMain@94] - connecting to 127.0.0.1 30158
2021-11-08 11:17:24,935 [myid:1] - WARN  [nioEventLoopGroup-72-8:NettyServerCnxnFactory$CnxnChannelHandler@231] - Zookeeper server is not running, close the connection before starting the TLS handshake
2021-11-08 11:17:25,195 [myid:] - INFO  [main:FourLetterWordMain@94] - connecting to 127.0.0.1 30158
2021-11-08 11:17:25,196 [myid:1] - WARN  [nioEventLoopGroup-72-9:NettyServerCnxnFactory$CnxnChannelHandler@231] - Zookeeper server is not running, close the connection before starting the TLS handshake
2021-11-08 11:17:25,461 [myid:] - INFO  [main:FourLetterWordMain@94] - connecting to 127.0.0.1 30158
2021-11-08 11:17:25,461 [myid:1] - WARN  [nioEventLoopGroup-72-10:NettyServerCnxnFactory$CnxnChannelHandler@231] - Zookeeper server is not running, close the connection before starting the TLS handshake
2021-11-08 11:17:25,476 [myid:] - INFO  [main:ClientBase@267] - server 127.0.0.1:30158 not up
java.net.SocketException: Software caused connection abort: recv failed
	at java.net.SocketInputStream.socketRead0(Native Method)
	at java.net.SocketInputStream.read(SocketInputStream.java:150)
	at java.net.SocketInputStream.read(SocketInputStream.java:121)
	at sun.nio.cs.StreamDecoder.readBytes(StreamDecoder.java:284)
	at sun.nio.cs.StreamDecoder.implRead(StreamDecoder.java:326)
	at sun.nio.cs.StreamDecoder.read(StreamDecoder.java:178)
	at java.io.InputStreamReader.read(InputStreamReader.java:184)
	at java.io.BufferedReader.fill(BufferedReader.java:161)
	at java.io.BufferedReader.readLine(BufferedReader.java:324)
	at java.io.BufferedReader.readLine(BufferedReader.java:389)
	at org.apache.zookeeper.client.FourLetterWordMain.send4LetterWord(FourLetterWordMain.java:129)
	at org.apache.zookeeper.client.FourLetterWordMain.send4LetterWord(FourLetterWordMain.java:74)
	at org.apache.zookeeper.test.ClientBase.waitForServerUp(ClientBase.java:258)
	at org.apache.zookeeper.test.ClientBase.waitForServerUp(ClientBase.java:249)
	at org.apache.zookeeper.server.quorum.QuorumSSLTest.testCertificateRevocationList(QuorumSSLTest.java:716)
	at sun.reflect.NativeMethodAccessorImpl.invoke0(Native Method)
	at sun.reflect.NativeMethodAccessorImpl.invoke(NativeMethodAccessorImpl.java:62)
	at sun.reflect.DelegatingMethodAccessorImpl.invoke(DelegatingMethodAccessorImpl.java:43)
	at java.lang.reflect.Method.invoke(Method.java:483)
	at org.junit.platform.commons.util.ReflectionUtils.invokeMethod(ReflectionUtils.java:686)
	at org.junit.jupiter.engine.execution.MethodInvocation.proceed(MethodInvocation.java:60)
	at org.junit.jupiter.engine.execution.InvocationInterceptorChain$ValidatingInvocation.proceed(InvocationInterceptorChain.java:131)
	at org.junit.jupiter.engine.extension.TimeoutInvocation.proceed(TimeoutInvocation.java:46)
	at org.junit.jupiter.engine.extension.TimeoutExtension.intercept(TimeoutExtension.java:149)
	at org.junit.jupiter.engine.extension.TimeoutExtension.interceptTestableMethod(TimeoutExtension.java:140)
	at org.junit.jupiter.engine.extension.TimeoutExtension.interceptTestMethod(TimeoutExtension.java:84)
	at org.junit.jupiter.engine.descriptor.TestMethodTestDescriptor$$Lambda$111/1780132728.apply(Unknown Source)
	at org.junit.jupiter.engine.execution.ExecutableInvoker$ReflectiveInterceptorCall.lambda$ofVoidMethod$0(ExecutableInvoker.java:115)
	at org.junit.jupiter.engine.execution.ExecutableInvoker$ReflectiveInterceptorCall$$Lambda$112/1725017993.apply(Unknown Source)
	at org.junit.jupiter.engine.execution.ExecutableInvoker.lambda$invoke$0(ExecutableInvoker.java:105)
	at org.junit.jupiter.engine.execution.ExecutableInvoker$$Lambda$234/64133603.apply(Unknown Source)
	at org.junit.jupiter.engine.execution.InvocationInterceptorChain$InterceptedInvocation.proceed(InvocationInterceptorChain.java:106)
	at org.junit.jupiter.engine.execution.InvocationInterceptorChain.proceed(InvocationInterceptorChain.java:64)
	at org.junit.jupiter.engine.execution.InvocationInterceptorChain.chainAndInvoke(InvocationInterceptorChain.java:45)
	at org.junit.jupiter.engine.execution.InvocationInterceptorChain.invoke(InvocationInterceptorChain.java:37)
	at org.junit.jupiter.engine.execution.ExecutableInvoker.invoke(ExecutableInvoker.java:104)
	at org.junit.jupiter.engine.execution.ExecutableInvoker.invoke(ExecutableInvoker.java:98)
	at org.junit.jupiter.engine.descriptor.TestMethodTestDescriptor.lambda$invokeTestMethod$6(TestMethodTestDescriptor.java:212)
	at org.junit.jupiter.engine.descriptor.TestMethodTestDescriptor$$Lambda$271/224100622.execute(Unknown Source)
	at org.junit.platform.engine.support.hierarchical.ThrowableCollector.execute(ThrowableCollector.java:73)
	at org.junit.jupiter.engine.descriptor.TestMethodTestDescriptor.invokeTestMethod(TestMethodTestDescriptor.java:208)
	at org.junit.jupiter.engine.descriptor.TestMethodTestDescriptor.execute(TestMethodTestDescriptor.java:137)
	at org.junit.jupiter.engine.descriptor.TestMethodTestDescriptor.execute(TestMethodTestDescriptor.java:71)
	at org.junit.platform.engine.support.hierarchical.NodeTestTask.lambda$executeRecursively$5(NodeTestTask.java:135)
	at org.junit.platform.engine.support.hierarchical.NodeTestTask$$Lambda$179/195615004.execute(Unknown Source)
	at org.junit.platform.engine.support.hierarchical.ThrowableCollector.execute(ThrowableCollector.java:73)
	at org.junit.platform.engine.support.hierarchical.NodeTestTask.lambda$executeRecursively$7(NodeTestTask.java:125)
	at org.junit.platform.engine.support.hierarchical.NodeTestTask$$Lambda$178/1890627974.invoke(Unknown Source)
	at org.junit.platform.engine.support.hierarchical.Node.around(Node.java:135)
	at org.junit.platform.engine.support.hierarchical.NodeTestTask.lambda$executeRecursively$8(NodeTestTask.java:123)
	at org.junit.platform.engine.support.hierarchical.NodeTestTask$$Lambda$177/231977479.execute(Unknown Source)
	at org.junit.platform.engine.support.hierarchical.ThrowableCollector.execute(ThrowableCollector.java:73)
	at org.junit.platform.engine.support.hierarchical.NodeTestTask.executeRecursively(NodeTestTask.java:122)
	at org.junit.platform.engine.support.hierarchical.NodeTestTask.execute(NodeTestTask.java:80)
	at org.junit.platform.engine.support.hierarchical.SameThreadHierarchicalTestExecutorService$$Lambda$183/1381713434.accept(Unknown Source)
	at java.util.ArrayList.forEach(ArrayList.java:1249)
	at org.junit.platform.engine.support.hierarchical.SameThreadHierarchicalTestExecutorService.invokeAll(SameThreadHierarchicalTestExecutorService.java:38)
	at org.junit.platform.engine.support.hierarchical.NodeTestTask.lambda$executeRecursively$5(NodeTestTask.java:139)
	at org.junit.platform.engine.support.hierarchical.NodeTestTask$$Lambda$179/195615004.execute(Unknown Source)
	at org.junit.platform.engine.support.hierarchical.ThrowableCollector.execute(ThrowableCollector.java:73)
	at org.junit.platform.engine.support.hierarchical.NodeTestTask.lambda$executeRecursively$7(NodeTestTask.java:125)
	at org.junit.platform.engine.support.hierarchical.NodeTestTask$$Lambda$178/1890627974.invoke(Unknown Source)
	at org.junit.platform.engine.support.hierarchical.Node.around(Node.java:135)
	at org.junit.platform.engine.support.hierarchical.NodeTestTask.lambda$executeRecursively$8(NodeTestTask.java:123)
	at org.junit.platform.engine.support.hierarchical.NodeTestTask$$Lambda$177/231977479.execute(Unknown Source)
	at org.junit.platform.engine.support.hierarchical.ThrowableCollector.execute(ThrowableCollector.java:73)
	at org.junit.platform.engine.support.hierarchical.NodeTestTask.executeRecursively(NodeTestTask.java:122)
	at org.junit.platform.engine.support.hierarchical.NodeTestTask.execute(NodeTestTask.java:80)
	at org.junit.platform.engine.support.hierarchical.SameThreadHierarchicalTestExecutorService$$Lambda$183/1381713434.accept(Unknown Source)
	at java.util.ArrayList.forEach(ArrayList.java:1249)
	at org.junit.platform.engine.support.hierarchical.SameThreadHierarchicalTestExecutorService.invokeAll(SameThreadHierarchicalTestExecutorService.java:38)
	at org.junit.platform.engine.support.hierarchical.NodeTestTask.lambda$executeRecursively$5(NodeTestTask.java:139)
	at org.junit.platform.engine.support.hierarchical.NodeTestTask$$Lambda$179/195615004.execute(Unknown Source)
	at org.junit.platform.engine.support.hierarchical.ThrowableCollector.execute(ThrowableCollector.java:73)
	at org.junit.platform.engine.support.hierarchical.NodeTestTask.lambda$executeRecursively$7(NodeTestTask.java:125)
	at org.junit.platform.engine.support.hierarchical.NodeTestTask$$Lambda$178/1890627974.invoke(Unknown Source)
	at org.junit.platform.engine.support.hierarchical.Node.around(Node.java:135)
	at org.junit.platform.engine.support.hierarchical.NodeTestTask.lambda$executeRecursively$8(NodeTestTask.java:123)
	at org.junit.platform.engine.support.hierarchical.NodeTestTask$$Lambda$177/231977479.execute(Unknown Source)
	at org.junit.platform.engine.support.hierarchical.ThrowableCollector.execute(ThrowableCollector.java:73)
	at org.junit.platform.engine.support.hierarchical.NodeTestTask.executeRecursively(NodeTestTask.java:122)
	at org.junit.platform.engine.support.hierarchical.NodeTestTask.execute(NodeTestTask.java:80)
	at org.junit.platform.engine.support.hierarchical.SameThreadHierarchicalTestExecutorService.submit(SameThreadHierarchicalTestExecutorService.java:32)
	at org.junit.platform.engine.support.hierarchical.HierarchicalTestExecutor.execute(HierarchicalTestExecutor.java:57)
	at org.junit.platform.engine.support.hierarchical.HierarchicalTestEngine.execute(HierarchicalTestEngine.java:51)
	at org.junit.platform.launcher.core.DefaultLauncher.execute(DefaultLauncher.java:248)
	at org.junit.platform.launcher.core.DefaultLauncher.lambda$execute$5(DefaultLauncher.java:211)
	at org.junit.platform.launcher.core.DefaultLauncher$$Lambda$143/233996206.accept(Unknown Source)
	at org.junit.platform.launcher.core.DefaultLauncher.withInterceptedStreams(DefaultLauncher.java:226)
	at org.junit.platform.launcher.core.DefaultLauncher.execute(DefaultLauncher.java:199)
	at org.junit.platform.launcher.core.DefaultLauncher.execute(DefaultLauncher.java:132)
	at org.apache.maven.surefire.junitplatform.JUnitPlatformProvider.invokeAllTests(JUnitPlatformProvider.java:142)
	at org.apache.maven.surefire.junitplatform.JUnitPlatformProvider.invoke(JUnitPlatformProvider.java:113)
	at org.apache.maven.surefire.booter.ForkedBooter.invokeProviderInSameClassLoader(ForkedBooter.java:384)
	at org.apache.maven.surefire.booter.ForkedBooter.runSuitesInProcess(ForkedBooter.java:345)
	at org.apache.maven.surefire.booter.ForkedBooter.execute(ForkedBooter.java:126)
	at org.apache.maven.surefire.booter.ForkedBooter.main(ForkedBooter.java:418)
2021-11-08 11:17:25,741 [myid:] - INFO  [main:FourLetterWordMain@94] - connecting to 127.0.0.1 30158
2021-11-08 11:17:25,741 [myid:1] - WARN  [nioEventLoopGroup-72-11:NettyServerCnxnFactory$CnxnChannelHandler@231] - Zookeeper server is not running, close the connection before starting the TLS handshake
2021-11-08 11:17:25,994 [myid:] - INFO  [main:FourLetterWordMain@94] - connecting to 127.0.0.1 30158
2021-11-08 11:17:25,995 [myid:1] - WARN  [nioEventLoopGroup-72-12:NettyServerCnxnFactory$CnxnChannelHandler@231] - Zookeeper server is not running, close the connection before starting the TLS handshake
2021-11-08 11:17:26,010 [myid:] - INFO  [main:ClientBase@267] - server 127.0.0.1:30158 not up
java.net.SocketException: Software caused connection abort: recv failed
	at java.net.SocketInputStream.socketRead0(Native Method)
	at java.net.SocketInputStream.read(SocketInputStream.java:150)
	at java.net.SocketInputStream.read(SocketInputStream.java:121)
	at sun.nio.cs.StreamDecoder.readBytes(StreamDecoder.java:284)
	at sun.nio.cs.StreamDecoder.implRead(StreamDecoder.java:326)
	at sun.nio.cs.StreamDecoder.read(StreamDecoder.java:178)
	at java.io.InputStreamReader.read(InputStreamReader.java:184)
	at java.io.BufferedReader.fill(BufferedReader.java:161)
	at java.io.BufferedReader.readLine(BufferedReader.java:324)
	at java.io.BufferedReader.readLine(BufferedReader.java:389)
	at org.apache.zookeeper.client.FourLetterWordMain.send4LetterWord(FourLetterWordMain.java:129)
	at org.apache.zookeeper.client.FourLetterWordMain.send4LetterWord(FourLetterWordMain.java:74)
	at org.apache.zookeeper.test.ClientBase.waitForServerUp(ClientBase.java:258)
	at org.apache.zookeeper.test.ClientBase.waitForServerUp(ClientBase.java:249)
	at org.apache.zookeeper.server.quorum.QuorumSSLTest.testCertificateRevocationList(QuorumSSLTest.java:716)
	at sun.reflect.NativeMethodAccessorImpl.invoke0(Native Method)
	at sun.reflect.NativeMethodAccessorImpl.invoke(NativeMethodAccessorImpl.java:62)
	at sun.reflect.DelegatingMethodAccessorImpl.invoke(DelegatingMethodAccessorImpl.java:43)
	at java.lang.reflect.Method.invoke(Method.java:483)
	at org.junit.platform.commons.util.ReflectionUtils.invokeMethod(ReflectionUtils.java:686)
	at org.junit.jupiter.engine.execution.MethodInvocation.proceed(MethodInvocation.java:60)
	at org.junit.jupiter.engine.execution.InvocationInterceptorChain$ValidatingInvocation.proceed(InvocationInterceptorChain.java:131)
	at org.junit.jupiter.engine.extension.TimeoutInvocation.proceed(TimeoutInvocation.java:46)
	at org.junit.jupiter.engine.extension.TimeoutExtension.intercept(TimeoutExtension.java:149)
	at org.junit.jupiter.engine.extension.TimeoutExtension.interceptTestableMethod(TimeoutExtension.java:140)
	at org.junit.jupiter.engine.extension.TimeoutExtension.interceptTestMethod(TimeoutExtension.java:84)
	at org.junit.jupiter.engine.descriptor.TestMethodTestDescriptor$$Lambda$111/1780132728.apply(Unknown Source)
	at org.junit.jupiter.engine.execution.ExecutableInvoker$ReflectiveInterceptorCall.lambda$ofVoidMethod$0(ExecutableInvoker.java:115)
	at org.junit.jupiter.engine.execution.ExecutableInvoker$ReflectiveInterceptorCall$$Lambda$112/1725017993.apply(Unknown Source)
	at org.junit.jupiter.engine.execution.ExecutableInvoker.lambda$invoke$0(ExecutableInvoker.java:105)
	at org.junit.jupiter.engine.execution.ExecutableInvoker$$Lambda$234/64133603.apply(Unknown Source)
	at org.junit.jupiter.engine.execution.InvocationInterceptorChain$InterceptedInvocation.proceed(InvocationInterceptorChain.java:106)
	at org.junit.jupiter.engine.execution.InvocationInterceptorChain.proceed(InvocationInterceptorChain.java:64)
	at org.junit.jupiter.engine.execution.InvocationInterceptorChain.chainAndInvoke(InvocationInterceptorChain.java:45)
	at org.junit.jupiter.engine.execution.InvocationInterceptorChain.invoke(InvocationInterceptorChain.java:37)
	at org.junit.jupiter.engine.execution.ExecutableInvoker.invoke(ExecutableInvoker.java:104)
	at org.junit.jupiter.engine.execution.ExecutableInvoker.invoke(ExecutableInvoker.java:98)
	at org.junit.jupiter.engine.descriptor.TestMethodTestDescriptor.lambda$invokeTestMethod$6(TestMethodTestDescriptor.java:212)
	at org.junit.jupiter.engine.descriptor.TestMethodTestDescriptor$$Lambda$271/224100622.execute(Unknown Source)
	at org.junit.platform.engine.support.hierarchical.ThrowableCollector.execute(ThrowableCollector.java:73)
	at org.junit.jupiter.engine.descriptor.TestMethodTestDescriptor.invokeTestMethod(TestMethodTestDescriptor.java:208)
	at org.junit.jupiter.engine.descriptor.TestMethodTestDescriptor.execute(TestMethodTestDescriptor.java:137)
	at org.junit.jupiter.engine.descriptor.TestMethodTestDescriptor.execute(TestMethodTestDescriptor.java:71)
	at org.junit.platform.engine.support.hierarchical.NodeTestTask.lambda$executeRecursively$5(NodeTestTask.java:135)
	at org.junit.platform.engine.support.hierarchical.NodeTestTask$$Lambda$179/195615004.execute(Unknown Source)
	at org.junit.platform.engine.support.hierarchical.ThrowableCollector.execute(ThrowableCollector.java:73)
	at org.junit.platform.engine.support.hierarchical.NodeTestTask.lambda$executeRecursively$7(NodeTestTask.java:125)
	at org.junit.platform.engine.support.hierarchical.NodeTestTask$$Lambda$178/1890627974.invoke(Unknown Source)
	at org.junit.platform.engine.support.hierarchical.Node.around(Node.java:135)
	at org.junit.platform.engine.support.hierarchical.NodeTestTask.lambda$executeRecursively$8(NodeTestTask.java:123)
	at org.junit.platform.engine.support.hierarchical.NodeTestTask$$Lambda$177/231977479.execute(Unknown Source)
	at org.junit.platform.engine.support.hierarchical.ThrowableCollector.execute(ThrowableCollector.java:73)
	at org.junit.platform.engine.support.hierarchical.NodeTestTask.executeRecursively(NodeTestTask.java:122)
	at org.junit.platform.engine.support.hierarchical.NodeTestTask.execute(NodeTestTask.java:80)
	at org.junit.platform.engine.support.hierarchical.SameThreadHierarchicalTestExecutorService$$Lambda$183/1381713434.accept(Unknown Source)
	at java.util.ArrayList.forEach(ArrayList.java:1249)
	at org.junit.platform.engine.support.hierarchical.SameThreadHierarchicalTestExecutorService.invokeAll(SameThreadHierarchicalTestExecutorService.java:38)
	at org.junit.platform.engine.support.hierarchical.NodeTestTask.lambda$executeRecursively$5(NodeTestTask.java:139)
	at org.junit.platform.engine.support.hierarchical.NodeTestTask$$Lambda$179/195615004.execute(Unknown Source)
	at org.junit.platform.engine.support.hierarchical.ThrowableCollector.execute(ThrowableCollector.java:73)
	at org.junit.platform.engine.support.hierarchical.NodeTestTask.lambda$executeRecursively$7(NodeTestTask.java:125)
	at org.junit.platform.engine.support.hierarchical.NodeTestTask$$Lambda$178/1890627974.invoke(Unknown Source)
	at org.junit.platform.engine.support.hierarchical.Node.around(Node.java:135)
	at org.junit.platform.engine.support.hierarchical.NodeTestTask.lambda$executeRecursively$8(NodeTestTask.java:123)
	at org.junit.platform.engine.support.hierarchical.NodeTestTask$$Lambda$177/231977479.execute(Unknown Source)
	at org.junit.platform.engine.support.hierarchical.ThrowableCollector.execute(ThrowableCollector.java:73)
	at org.junit.platform.engine.support.hierarchical.NodeTestTask.executeRecursively(NodeTestTask.java:122)
	at org.junit.platform.engine.support.hierarchical.NodeTestTask.execute(NodeTestTask.java:80)
	at org.junit.platform.engine.support.hierarchical.SameThreadHierarchicalTestExecutorService$$Lambda$183/1381713434.accept(Unknown Source)
	at java.util.ArrayList.forEach(ArrayList.java:1249)
	at org.junit.platform.engine.support.hierarchical.SameThreadHierarchicalTestExecutorService.invokeAll(SameThreadHierarchicalTestExecutorService.java:38)
	at org.junit.platform.engine.support.hierarchical.NodeTestTask.lambda$executeRecursively$5(NodeTestTask.java:139)
	at org.junit.platform.engine.support.hierarchical.NodeTestTask$$Lambda$179/195615004.execute(Unknown Source)
	at org.junit.platform.engine.support.hierarchical.ThrowableCollector.execute(ThrowableCollector.java:73)
	at org.junit.platform.engine.support.hierarchical.NodeTestTask.lambda$executeRecursively$7(NodeTestTask.java:125)
	at org.junit.platform.engine.support.hierarchical.NodeTestTask$$Lambda$178/1890627974.invoke(Unknown Source)
	at org.junit.platform.engine.support.hierarchical.Node.around(Node.java:135)
	at org.junit.platform.engine.support.hierarchical.NodeTestTask.lambda$executeRecursively$8(NodeTestTask.java:123)
	at org.junit.platform.engine.support.hierarchical.NodeTestTask$$Lambda$177/231977479.execute(Unknown Source)
	at org.junit.platform.engine.support.hierarchical.ThrowableCollector.execute(ThrowableCollector.java:73)
	at org.junit.platform.engine.support.hierarchical.NodeTestTask.executeRecursively(NodeTestTask.java:122)
	at org.junit.platform.engine.support.hierarchical.NodeTestTask.execute(NodeTestTask.java:80)
	at org.junit.platform.engine.support.hierarchical.SameThreadHierarchicalTestExecutorService.submit(SameThreadHierarchicalTestExecutorService.java:32)
	at org.junit.platform.engine.support.hierarchical.HierarchicalTestExecutor.execute(HierarchicalTestExecutor.java:57)
	at org.junit.platform.engine.support.hierarchical.HierarchicalTestEngine.execute(HierarchicalTestEngine.java:51)
	at org.junit.platform.launcher.core.DefaultLauncher.execute(DefaultLauncher.java:248)
	at org.junit.platform.launcher.core.DefaultLauncher.lambda$execute$5(DefaultLauncher.java:211)
	at org.junit.platform.launcher.core.DefaultLauncher$$Lambda$143/233996206.accept(Unknown Source)
	at org.junit.platform.launcher.core.DefaultLauncher.withInterceptedStreams(DefaultLauncher.java:226)
	at org.junit.platform.launcher.core.DefaultLauncher.execute(DefaultLauncher.java:199)
	at org.junit.platform.launcher.core.DefaultLauncher.execute(DefaultLauncher.java:132)
	at org.apache.maven.surefire.junitplatform.JUnitPlatformProvider.invokeAllTests(JUnitPlatformProvider.java:142)
	at org.apache.maven.surefire.junitplatform.JUnitPlatformProvider.invoke(JUnitPlatformProvider.java:113)
	at org.apache.maven.surefire.booter.ForkedBooter.invokeProviderInSameClassLoader(ForkedBooter.java:384)
	at org.apache.maven.surefire.booter.ForkedBooter.runSuitesInProcess(ForkedBooter.java:345)
	at org.apache.maven.surefire.booter.ForkedBooter.execute(ForkedBooter.java:126)
	at org.apache.maven.surefire.booter.ForkedBooter.main(ForkedBooter.java:418)
2021-11-08 11:17:26,273 [myid:] - INFO  [main:FourLetterWordMain@94] - connecting to 127.0.0.1 30158
2021-11-08 11:17:26,274 [myid:1] - WARN  [nioEventLoopGroup-72-1:NettyServerCnxnFactory$CnxnChannelHandler@231] - Zookeeper server is not running, close the connection before starting the TLS handshake
2021-11-08 11:17:26,288 [myid:] - INFO  [main:ClientBase@267] - server 127.0.0.1:30158 not up
java.net.SocketException: Software caused connection abort: recv failed
	at java.net.SocketInputStream.socketRead0(Native Method)
	at java.net.SocketInputStream.read(SocketInputStream.java:150)
	at java.net.SocketInputStream.read(SocketInputStream.java:121)
	at sun.nio.cs.StreamDecoder.readBytes(StreamDecoder.java:284)
	at sun.nio.cs.StreamDecoder.implRead(StreamDecoder.java:326)
	at sun.nio.cs.StreamDecoder.read(StreamDecoder.java:178)
	at java.io.InputStreamReader.read(InputStreamReader.java:184)
	at java.io.BufferedReader.fill(BufferedReader.java:161)
	at java.io.BufferedReader.readLine(BufferedReader.java:324)
	at java.io.BufferedReader.readLine(BufferedReader.java:389)
	at org.apache.zookeeper.client.FourLetterWordMain.send4LetterWord(FourLetterWordMain.java:129)
	at org.apache.zookeeper.client.FourLetterWordMain.send4LetterWord(FourLetterWordMain.java:74)
	at org.apache.zookeeper.test.ClientBase.waitForServerUp(ClientBase.java:258)
	at org.apache.zookeeper.test.ClientBase.waitForServerUp(ClientBase.java:249)
	at org.apache.zookeeper.server.quorum.QuorumSSLTest.testCertificateRevocationList(QuorumSSLTest.java:716)
	at sun.reflect.NativeMethodAccessorImpl.invoke0(Native Method)
	at sun.reflect.NativeMethodAccessorImpl.invoke(NativeMethodAccessorImpl.java:62)
	at sun.reflect.DelegatingMethodAccessorImpl.invoke(DelegatingMethodAccessorImpl.java:43)
	at java.lang.reflect.Method.invoke(Method.java:483)
	at org.junit.platform.commons.util.ReflectionUtils.invokeMethod(ReflectionUtils.java:686)
	at org.junit.jupiter.engine.execution.MethodInvocation.proceed(MethodInvocation.java:60)
	at org.junit.jupiter.engine.execution.InvocationInterceptorChain$ValidatingInvocation.proceed(InvocationInterceptorChain.java:131)
	at org.junit.jupiter.engine.extension.TimeoutInvocation.proceed(TimeoutInvocation.java:46)
	at org.junit.jupiter.engine.extension.TimeoutExtension.intercept(TimeoutExtension.java:149)
	at org.junit.jupiter.engine.extension.TimeoutExtension.interceptTestableMethod(TimeoutExtension.java:140)
	at org.junit.jupiter.engine.extension.TimeoutExtension.interceptTestMethod(TimeoutExtension.java:84)
	at org.junit.jupiter.engine.descriptor.TestMethodTestDescriptor$$Lambda$111/1780132728.apply(Unknown Source)
	at org.junit.jupiter.engine.execution.ExecutableInvoker$ReflectiveInterceptorCall.lambda$ofVoidMethod$0(ExecutableInvoker.java:115)
	at org.junit.jupiter.engine.execution.ExecutableInvoker$ReflectiveInterceptorCall$$Lambda$112/1725017993.apply(Unknown Source)
	at org.junit.jupiter.engine.execution.ExecutableInvoker.lambda$invoke$0(ExecutableInvoker.java:105)
	at org.junit.jupiter.engine.execution.ExecutableInvoker$$Lambda$234/64133603.apply(Unknown Source)
	at org.junit.jupiter.engine.execution.InvocationInterceptorChain$InterceptedInvocation.proceed(InvocationInterceptorChain.java:106)
	at org.junit.jupiter.engine.execution.InvocationInterceptorChain.proceed(InvocationInterceptorChain.java:64)
	at org.junit.jupiter.engine.execution.InvocationInterceptorChain.chainAndInvoke(InvocationInterceptorChain.java:45)
	at org.junit.jupiter.engine.execution.InvocationInterceptorChain.invoke(InvocationInterceptorChain.java:37)
	at org.junit.jupiter.engine.execution.ExecutableInvoker.invoke(ExecutableInvoker.java:104)
	at org.junit.jupiter.engine.execution.ExecutableInvoker.invoke(ExecutableInvoker.java:98)
	at org.junit.jupiter.engine.descriptor.TestMethodTestDescriptor.lambda$invokeTestMethod$6(TestMethodTestDescriptor.java:212)
	at org.junit.jupiter.engine.descriptor.TestMethodTestDescriptor$$Lambda$271/224100622.execute(Unknown Source)
	at org.junit.platform.engine.support.hierarchical.ThrowableCollector.execute(ThrowableCollector.java:73)
	at org.junit.jupiter.engine.descriptor.TestMethodTestDescriptor.invokeTestMethod(TestMethodTestDescriptor.java:208)
	at org.junit.jupiter.engine.descriptor.TestMethodTestDescriptor.execute(TestMethodTestDescriptor.java:137)
	at org.junit.jupiter.engine.descriptor.TestMethodTestDescriptor.execute(TestMethodTestDescriptor.java:71)
	at org.junit.platform.engine.support.hierarchical.NodeTestTask.lambda$executeRecursively$5(NodeTestTask.java:135)
	at org.junit.platform.engine.support.hierarchical.NodeTestTask$$Lambda$179/195615004.execute(Unknown Source)
	at org.junit.platform.engine.support.hierarchical.ThrowableCollector.execute(ThrowableCollector.java:73)
	at org.junit.platform.engine.support.hierarchical.NodeTestTask.lambda$executeRecursively$7(NodeTestTask.java:125)
	at org.junit.platform.engine.support.hierarchical.NodeTestTask$$Lambda$178/1890627974.invoke(Unknown Source)
	at org.junit.platform.engine.support.hierarchical.Node.around(Node.java:135)
	at org.junit.platform.engine.support.hierarchical.NodeTestTask.lambda$executeRecursively$8(NodeTestTask.java:123)
	at org.junit.platform.engine.support.hierarchical.NodeTestTask$$Lambda$177/231977479.execute(Unknown Source)
	at org.junit.platform.engine.support.hierarchical.ThrowableCollector.execute(ThrowableCollector.java:73)
	at org.junit.platform.engine.support.hierarchical.NodeTestTask.executeRecursively(NodeTestTask.java:122)
	at org.junit.platform.engine.support.hierarchical.NodeTestTask.execute(NodeTestTask.java:80)
	at org.junit.platform.engine.support.hierarchical.SameThreadHierarchicalTestExecutorService$$Lambda$183/1381713434.accept(Unknown Source)
	at java.util.ArrayList.forEach(ArrayList.java:1249)
	at org.junit.platform.engine.support.hierarchical.SameThreadHierarchicalTestExecutorService.invokeAll(SameThreadHierarchicalTestExecutorService.java:38)
	at org.junit.platform.engine.support.hierarchical.NodeTestTask.lambda$executeRecursively$5(NodeTestTask.java:139)
	at org.junit.platform.engine.support.hierarchical.NodeTestTask$$Lambda$179/195615004.execute(Unknown Source)
	at org.junit.platform.engine.support.hierarchical.ThrowableCollector.execute(ThrowableCollector.java:73)
	at org.junit.platform.engine.support.hierarchical.NodeTestTask.lambda$executeRecursively$7(NodeTestTask.java:125)
	at org.junit.platform.engine.support.hierarchical.NodeTestTask$$Lambda$178/1890627974.invoke(Unknown Source)
	at org.junit.platform.engine.support.hierarchical.Node.around(Node.java:135)
	at org.junit.platform.engine.support.hierarchical.NodeTestTask.lambda$executeRecursively$8(NodeTestTask.java:123)
	at org.junit.platform.engine.support.hierarchical.NodeTestTask$$Lambda$177/231977479.execute(Unknown Source)
	at org.junit.platform.engine.support.hierarchical.ThrowableCollector.execute(ThrowableCollector.java:73)
	at org.junit.platform.engine.support.hierarchical.NodeTestTask.executeRecursively(NodeTestTask.java:122)
	at org.junit.platform.engine.support.hierarchical.NodeTestTask.execute(NodeTestTask.java:80)
	at org.junit.platform.engine.support.hierarchical.SameThreadHierarchicalTestExecutorService$$Lambda$183/1381713434.accept(Unknown Source)
	at java.util.ArrayList.forEach(ArrayList.java:1249)
	at org.junit.platform.engine.support.hierarchical.SameThreadHierarchicalTestExecutorService.invokeAll(SameThreadHierarchicalTestExecutorService.java:38)
	at org.junit.platform.engine.support.hierarchical.NodeTestTask.lambda$executeRecursively$5(NodeTestTask.java:139)
	at org.junit.platform.engine.support.hierarchical.NodeTestTask$$Lambda$179/195615004.execute(Unknown Source)
	at org.junit.platform.engine.support.hierarchical.ThrowableCollector.execute(ThrowableCollector.java:73)
	at org.junit.platform.engine.support.hierarchical.NodeTestTask.lambda$executeRecursively$7(NodeTestTask.java:125)
	at org.junit.platform.engine.support.hierarchical.NodeTestTask$$Lambda$178/1890627974.invoke(Unknown Source)
	at org.junit.platform.engine.support.hierarchical.Node.around(Node.java:135)
	at org.junit.platform.engine.support.hierarchical.NodeTestTask.lambda$executeRecursively$8(NodeTestTask.java:123)
	at org.junit.platform.engine.support.hierarchical.NodeTestTask$$Lambda$177/231977479.execute(Unknown Source)
	at org.junit.platform.engine.support.hierarchical.ThrowableCollector.execute(ThrowableCollector.java:73)
	at org.junit.platform.engine.support.hierarchical.NodeTestTask.executeRecursively(NodeTestTask.java:122)
	at org.junit.platform.engine.support.hierarchical.NodeTestTask.execute(NodeTestTask.java:80)
	at org.junit.platform.engine.support.hierarchical.SameThreadHierarchicalTestExecutorService.submit(SameThreadHierarchicalTestExecutorService.java:32)
	at org.junit.platform.engine.support.hierarchical.HierarchicalTestExecutor.execute(HierarchicalTestExecutor.java:57)
	at org.junit.platform.engine.support.hierarchical.HierarchicalTestEngine.execute(HierarchicalTestEngine.java:51)
	at org.junit.platform.launcher.core.DefaultLauncher.execute(DefaultLauncher.java:248)
	at org.junit.platform.launcher.core.DefaultLauncher.lambda$execute$5(DefaultLauncher.java:211)
	at org.junit.platform.launcher.core.DefaultLauncher$$Lambda$143/233996206.accept(Unknown Source)
	at org.junit.platform.launcher.core.DefaultLauncher.withInterceptedStreams(DefaultLauncher.java:226)
	at org.junit.platform.launcher.core.DefaultLauncher.execute(DefaultLauncher.java:199)
	at org.junit.platform.launcher.core.DefaultLauncher.execute(DefaultLauncher.java:132)
	at org.apache.maven.surefire.junitplatform.JUnitPlatformProvider.invokeAllTests(JUnitPlatformProvider.java:142)
	at org.apache.maven.surefire.junitplatform.JUnitPlatformProvider.invoke(JUnitPlatformProvider.java:113)
	at org.apache.maven.surefire.booter.ForkedBooter.invokeProviderInSameClassLoader(ForkedBooter.java:384)
	at org.apache.maven.surefire.booter.ForkedBooter.runSuitesInProcess(ForkedBooter.java:345)
	at org.apache.maven.surefire.booter.ForkedBooter.execute(ForkedBooter.java:126)
	at org.apache.maven.surefire.booter.ForkedBooter.main(ForkedBooter.java:418)
2021-11-08 11:17:26,540 [myid:] - INFO  [main:FourLetterWordMain@94] - connecting to 127.0.0.1 30158
2021-11-08 11:17:26,540 [myid:1] - WARN  [nioEventLoopGroup-72-2:NettyServerCnxnFactory$CnxnChannelHandler@231] - Zookeeper server is not running, close the connection before starting the TLS handshake
2021-11-08 11:17:26,792 [myid:] - INFO  [main:FourLetterWordMain@94] - connecting to 127.0.0.1 30158
2021-11-08 11:17:26,793 [myid:1] - WARN  [nioEventLoopGroup-72-3:NettyServerCnxnFactory$CnxnChannelHandler@231] - Zookeeper server is not running, close the connection before starting the TLS handshake
2021-11-08 11:17:26,794 [myid:] - INFO  [main:ClientBase@267] - server 127.0.0.1:30158 not up
java.net.SocketException: Software caused connection abort: recv failed
	at java.net.SocketInputStream.socketRead0(Native Method)
	at java.net.SocketInputStream.read(SocketInputStream.java:150)
	at java.net.SocketInputStream.read(SocketInputStream.java:121)
	at sun.nio.cs.StreamDecoder.readBytes(StreamDecoder.java:284)
	at sun.nio.cs.StreamDecoder.implRead(StreamDecoder.java:326)
	at sun.nio.cs.StreamDecoder.read(StreamDecoder.java:178)
	at java.io.InputStreamReader.read(InputStreamReader.java:184)
	at java.io.BufferedReader.fill(BufferedReader.java:161)
	at java.io.BufferedReader.readLine(BufferedReader.java:324)
	at java.io.BufferedReader.readLine(BufferedReader.java:389)
	at org.apache.zookeeper.client.FourLetterWordMain.send4LetterWord(FourLetterWordMain.java:129)
	at org.apache.zookeeper.client.FourLetterWordMain.send4LetterWord(FourLetterWordMain.java:74)
	at org.apache.zookeeper.test.ClientBase.waitForServerUp(ClientBase.java:258)
	at org.apache.zookeeper.test.ClientBase.waitForServerUp(ClientBase.java:249)
	at org.apache.zookeeper.server.quorum.QuorumSSLTest.testCertificateRevocationList(QuorumSSLTest.java:716)
	at sun.reflect.NativeMethodAccessorImpl.invoke0(Native Method)
	at sun.reflect.NativeMethodAccessorImpl.invoke(NativeMethodAccessorImpl.java:62)
	at sun.reflect.DelegatingMethodAccessorImpl.invoke(DelegatingMethodAccessorImpl.java:43)
	at java.lang.reflect.Method.invoke(Method.java:483)
	at org.junit.platform.commons.util.ReflectionUtils.invokeMethod(ReflectionUtils.java:686)
	at org.junit.jupiter.engine.execution.MethodInvocation.proceed(MethodInvocation.java:60)
	at org.junit.jupiter.engine.execution.InvocationInterceptorChain$ValidatingInvocation.proceed(InvocationInterceptorChain.java:131)
	at org.junit.jupiter.engine.extension.TimeoutInvocation.proceed(TimeoutInvocation.java:46)
	at org.junit.jupiter.engine.extension.TimeoutExtension.intercept(TimeoutExtension.java:149)
	at org.junit.jupiter.engine.extension.TimeoutExtension.interceptTestableMethod(TimeoutExtension.java:140)
	at org.junit.jupiter.engine.extension.TimeoutExtension.interceptTestMethod(TimeoutExtension.java:84)
	at org.junit.jupiter.engine.descriptor.TestMethodTestDescriptor$$Lambda$111/1780132728.apply(Unknown Source)
	at org.junit.jupiter.engine.execution.ExecutableInvoker$ReflectiveInterceptorCall.lambda$ofVoidMethod$0(ExecutableInvoker.java:115)
	at org.junit.jupiter.engine.execution.ExecutableInvoker$ReflectiveInterceptorCall$$Lambda$112/1725017993.apply(Unknown Source)
	at org.junit.jupiter.engine.execution.ExecutableInvoker.lambda$invoke$0(ExecutableInvoker.java:105)
	at org.junit.jupiter.engine.execution.ExecutableInvoker$$Lambda$234/64133603.apply(Unknown Source)
	at org.junit.jupiter.engine.execution.InvocationInterceptorChain$InterceptedInvocation.proceed(InvocationInterceptorChain.java:106)
	at org.junit.jupiter.engine.execution.InvocationInterceptorChain.proceed(InvocationInterceptorChain.java:64)
	at org.junit.jupiter.engine.execution.InvocationInterceptorChain.chainAndInvoke(InvocationInterceptorChain.java:45)
	at org.junit.jupiter.engine.execution.InvocationInterceptorChain.invoke(InvocationInterceptorChain.java:37)
	at org.junit.jupiter.engine.execution.ExecutableInvoker.invoke(ExecutableInvoker.java:104)
	at org.junit.jupiter.engine.execution.ExecutableInvoker.invoke(ExecutableInvoker.java:98)
	at org.junit.jupiter.engine.descriptor.TestMethodTestDescriptor.lambda$invokeTestMethod$6(TestMethodTestDescriptor.java:212)
	at org.junit.jupiter.engine.descriptor.TestMethodTestDescriptor$$Lambda$271/224100622.execute(Unknown Source)
	at org.junit.platform.engine.support.hierarchical.ThrowableCollector.execute(ThrowableCollector.java:73)
	at org.junit.jupiter.engine.descriptor.TestMethodTestDescriptor.invokeTestMethod(TestMethodTestDescriptor.java:208)
	at org.junit.jupiter.engine.descriptor.TestMethodTestDescriptor.execute(TestMethodTestDescriptor.java:137)
	at org.junit.jupiter.engine.descriptor.TestMethodTestDescriptor.execute(TestMethodTestDescriptor.java:71)
	at org.junit.platform.engine.support.hierarchical.NodeTestTask.lambda$executeRecursively$5(NodeTestTask.java:135)
	at org.junit.platform.engine.support.hierarchical.NodeTestTask$$Lambda$179/195615004.execute(Unknown Source)
	at org.junit.platform.engine.support.hierarchical.ThrowableCollector.execute(ThrowableCollector.java:73)
	at org.junit.platform.engine.support.hierarchical.NodeTestTask.lambda$executeRecursively$7(NodeTestTask.java:125)
	at org.junit.platform.engine.support.hierarchical.NodeTestTask$$Lambda$178/1890627974.invoke(Unknown Source)
	at org.junit.platform.engine.support.hierarchical.Node.around(Node.java:135)
	at org.junit.platform.engine.support.hierarchical.NodeTestTask.lambda$executeRecursively$8(NodeTestTask.java:123)
	at org.junit.platform.engine.support.hierarchical.NodeTestTask$$Lambda$177/231977479.execute(Unknown Source)
	at org.junit.platform.engine.support.hierarchical.ThrowableCollector.execute(ThrowableCollector.java:73)
	at org.junit.platform.engine.support.hierarchical.NodeTestTask.executeRecursively(NodeTestTask.java:122)
	at org.junit.platform.engine.support.hierarchical.NodeTestTask.execute(NodeTestTask.java:80)
	at org.junit.platform.engine.support.hierarchical.SameThreadHierarchicalTestExecutorService$$Lambda$183/1381713434.accept(Unknown Source)
	at java.util.ArrayList.forEach(ArrayList.java:1249)
	at org.junit.platform.engine.support.hierarchical.SameThreadHierarchicalTestExecutorService.invokeAll(SameThreadHierarchicalTestExecutorService.java:38)
	at org.junit.platform.engine.support.hierarchical.NodeTestTask.lambda$executeRecursively$5(NodeTestTask.java:139)
	at org.junit.platform.engine.support.hierarchical.NodeTestTask$$Lambda$179/195615004.execute(Unknown Source)
	at org.junit.platform.engine.support.hierarchical.ThrowableCollector.execute(ThrowableCollector.java:73)
	at org.junit.platform.engine.support.hierarchical.NodeTestTask.lambda$executeRecursively$7(NodeTestTask.java:125)
	at org.junit.platform.engine.support.hierarchical.NodeTestTask$$Lambda$178/1890627974.invoke(Unknown Source)
	at org.junit.platform.engine.support.hierarchical.Node.around(Node.java:135)
	at org.junit.platform.engine.support.hierarchical.NodeTestTask.lambda$executeRecursively$8(NodeTestTask.java:123)
	at org.junit.platform.engine.support.hierarchical.NodeTestTask$$Lambda$177/231977479.execute(Unknown Source)
	at org.junit.platform.engine.support.hierarchical.ThrowableCollector.execute(ThrowableCollector.java:73)
	at org.junit.platform.engine.support.hierarchical.NodeTestTask.executeRecursively(NodeTestTask.java:122)
	at org.junit.platform.engine.support.hierarchical.NodeTestTask.execute(NodeTestTask.java:80)
	at org.junit.platform.engine.support.hierarchical.SameThreadHierarchicalTestExecutorService$$Lambda$183/1381713434.accept(Unknown Source)
	at java.util.ArrayList.forEach(ArrayList.java:1249)
	at org.junit.platform.engine.support.hierarchical.SameThreadHierarchicalTestExecutorService.invokeAll(SameThreadHierarchicalTestExecutorService.java:38)
	at org.junit.platform.engine.support.hierarchical.NodeTestTask.lambda$executeRecursively$5(NodeTestTask.java:139)
	at org.junit.platform.engine.support.hierarchical.NodeTestTask$$Lambda$179/195615004.execute(Unknown Source)
	at org.junit.platform.engine.support.hierarchical.ThrowableCollector.execute(ThrowableCollector.java:73)
	at org.junit.platform.engine.support.hierarchical.NodeTestTask.lambda$executeRecursively$7(NodeTestTask.java:125)
	at org.junit.platform.engine.support.hierarchical.NodeTestTask$$Lambda$178/1890627974.invoke(Unknown Source)
	at org.junit.platform.engine.support.hierarchical.Node.around(Node.java:135)
	at org.junit.platform.engine.support.hierarchical.NodeTestTask.lambda$executeRecursively$8(NodeTestTask.java:123)
	at org.junit.platform.engine.support.hierarchical.NodeTestTask$$Lambda$177/231977479.execute(Unknown Source)
	at org.junit.platform.engine.support.hierarchical.ThrowableCollector.execute(ThrowableCollector.java:73)
	at org.junit.platform.engine.support.hierarchical.NodeTestTask.executeRecursively(NodeTestTask.java:122)
	at org.junit.platform.engine.support.hierarchical.NodeTestTask.execute(NodeTestTask.java:80)
	at org.junit.platform.engine.support.hierarchical.SameThreadHierarchicalTestExecutorService.submit(SameThreadHierarchicalTestExecutorService.java:32)
	at org.junit.platform.engine.support.hierarchical.HierarchicalTestExecutor.execute(HierarchicalTestExecutor.java:57)
	at org.junit.platform.engine.support.hierarchical.HierarchicalTestEngine.execute(HierarchicalTestEngine.java:51)
	at org.junit.platform.launcher.core.DefaultLauncher.execute(DefaultLauncher.java:248)
	at org.junit.platform.launcher.core.DefaultLauncher.lambda$execute$5(DefaultLauncher.java:211)
	at org.junit.platform.launcher.core.DefaultLauncher$$Lambda$143/233996206.accept(Unknown Source)
	at org.junit.platform.launcher.core.DefaultLauncher.withInterceptedStreams(DefaultLauncher.java:226)
	at org.junit.platform.launcher.core.DefaultLauncher.execute(DefaultLauncher.java:199)
	at org.junit.platform.launcher.core.DefaultLauncher.execute(DefaultLauncher.java:132)
	at org.apache.maven.surefire.junitplatform.JUnitPlatformProvider.invokeAllTests(JUnitPlatformProvider.java:142)
	at org.apache.maven.surefire.junitplatform.JUnitPlatformProvider.invoke(JUnitPlatformProvider.java:113)
	at org.apache.maven.surefire.booter.ForkedBooter.invokeProviderInSameClassLoader(ForkedBooter.java:384)
	at org.apache.maven.surefire.booter.ForkedBooter.runSuitesInProcess(ForkedBooter.java:345)
	at org.apache.maven.surefire.booter.ForkedBooter.execute(ForkedBooter.java:126)
	at org.apache.maven.surefire.booter.ForkedBooter.main(ForkedBooter.java:418)
2021-11-08 11:17:27,056 [myid:] - INFO  [main:FourLetterWordMain@94] - connecting to 127.0.0.1 30158
2021-11-08 11:17:27,057 [myid:1] - WARN  [nioEventLoopGroup-72-4:NettyServerCnxnFactory$CnxnChannelHandler@231] - Zookeeper server is not running, close the connection before starting the TLS handshake
2021-11-08 11:17:27,057 [myid:] - INFO  [main:ClientBase@267] - server 127.0.0.1:30158 not up
java.net.SocketException: Software caused connection abort: recv failed
	at java.net.SocketInputStream.socketRead0(Native Method)
	at java.net.SocketInputStream.read(SocketInputStream.java:150)
	at java.net.SocketInputStream.read(SocketInputStream.java:121)
	at sun.nio.cs.StreamDecoder.readBytes(StreamDecoder.java:284)
	at sun.nio.cs.StreamDecoder.implRead(StreamDecoder.java:326)
	at sun.nio.cs.StreamDecoder.read(StreamDecoder.java:178)
	at java.io.InputStreamReader.read(InputStreamReader.java:184)
	at java.io.BufferedReader.fill(BufferedReader.java:161)
	at java.io.BufferedReader.readLine(BufferedReader.java:324)
	at java.io.BufferedReader.readLine(BufferedReader.java:389)
	at org.apache.zookeeper.client.FourLetterWordMain.send4LetterWord(FourLetterWordMain.java:129)
	at org.apache.zookeeper.client.FourLetterWordMain.send4LetterWord(FourLetterWordMain.java:74)
	at org.apache.zookeeper.test.ClientBase.waitForServerUp(ClientBase.java:258)
	at org.apache.zookeeper.test.ClientBase.waitForServerUp(ClientBase.java:249)
	at org.apache.zookeeper.server.quorum.QuorumSSLTest.testCertificateRevocationList(QuorumSSLTest.java:716)
	at sun.reflect.NativeMethodAccessorImpl.invoke0(Native Method)
	at sun.reflect.NativeMethodAccessorImpl.invoke(NativeMethodAccessorImpl.java:62)
	at sun.reflect.DelegatingMethodAccessorImpl.invoke(DelegatingMethodAccessorImpl.java:43)
	at java.lang.reflect.Method.invoke(Method.java:483)
	at org.junit.platform.commons.util.ReflectionUtils.invokeMethod(ReflectionUtils.java:686)
	at org.junit.jupiter.engine.execution.MethodInvocation.proceed(MethodInvocation.java:60)
	at org.junit.jupiter.engine.execution.InvocationInterceptorChain$ValidatingInvocation.proceed(InvocationInterceptorChain.java:131)
	at org.junit.jupiter.engine.extension.TimeoutInvocation.proceed(TimeoutInvocation.java:46)
	at org.junit.jupiter.engine.extension.TimeoutExtension.intercept(TimeoutExtension.java:149)
	at org.junit.jupiter.engine.extension.TimeoutExtension.interceptTestableMethod(TimeoutExtension.java:140)
	at org.junit.jupiter.engine.extension.TimeoutExtension.interceptTestMethod(TimeoutExtension.java:84)
	at org.junit.jupiter.engine.descriptor.TestMethodTestDescriptor$$Lambda$111/1780132728.apply(Unknown Source)
	at org.junit.jupiter.engine.execution.ExecutableInvoker$ReflectiveInterceptorCall.lambda$ofVoidMethod$0(ExecutableInvoker.java:115)
	at org.junit.jupiter.engine.execution.ExecutableInvoker$ReflectiveInterceptorCall$$Lambda$112/1725017993.apply(Unknown Source)
	at org.junit.jupiter.engine.execution.ExecutableInvoker.lambda$invoke$0(ExecutableInvoker.java:105)
	at org.junit.jupiter.engine.execution.ExecutableInvoker$$Lambda$234/64133603.apply(Unknown Source)
	at org.junit.jupiter.engine.execution.InvocationInterceptorChain$InterceptedInvocation.proceed(InvocationInterceptorChain.java:106)
	at org.junit.jupiter.engine.execution.InvocationInterceptorChain.proceed(InvocationInterceptorChain.java:64)
	at org.junit.jupiter.engine.execution.InvocationInterceptorChain.chainAndInvoke(InvocationInterceptorChain.java:45)
	at org.junit.jupiter.engine.execution.InvocationInterceptorChain.invoke(InvocationInterceptorChain.java:37)
	at org.junit.jupiter.engine.execution.ExecutableInvoker.invoke(ExecutableInvoker.java:104)
	at org.junit.jupiter.engine.execution.ExecutableInvoker.invoke(ExecutableInvoker.java:98)
	at org.junit.jupiter.engine.descriptor.TestMethodTestDescriptor.lambda$invokeTestMethod$6(TestMethodTestDescriptor.java:212)
	at org.junit.jupiter.engine.descriptor.TestMethodTestDescriptor$$Lambda$271/224100622.execute(Unknown Source)
	at org.junit.platform.engine.support.hierarchical.ThrowableCollector.execute(ThrowableCollector.java:73)
	at org.junit.jupiter.engine.descriptor.TestMethodTestDescriptor.invokeTestMethod(TestMethodTestDescriptor.java:208)
	at org.junit.jupiter.engine.descriptor.TestMethodTestDescriptor.execute(TestMethodTestDescriptor.java:137)
	at org.junit.jupiter.engine.descriptor.TestMethodTestDescriptor.execute(TestMethodTestDescriptor.java:71)
	at org.junit.platform.engine.support.hierarchical.NodeTestTask.lambda$executeRecursively$5(NodeTestTask.java:135)
	at org.junit.platform.engine.support.hierarchical.NodeTestTask$$Lambda$179/195615004.execute(Unknown Source)
	at org.junit.platform.engine.support.hierarchical.ThrowableCollector.execute(ThrowableCollector.java:73)
	at org.junit.platform.engine.support.hierarchical.NodeTestTask.lambda$executeRecursively$7(NodeTestTask.java:125)
	at org.junit.platform.engine.support.hierarchical.NodeTestTask$$Lambda$178/1890627974.invoke(Unknown Source)
	at org.junit.platform.engine.support.hierarchical.Node.around(Node.java:135)
	at org.junit.platform.engine.support.hierarchical.NodeTestTask.lambda$executeRecursively$8(NodeTestTask.java:123)
	at org.junit.platform.engine.support.hierarchical.NodeTestTask$$Lambda$177/231977479.execute(Unknown Source)
	at org.junit.platform.engine.support.hierarchical.ThrowableCollector.execute(ThrowableCollector.java:73)
	at org.junit.platform.engine.support.hierarchical.NodeTestTask.executeRecursively(NodeTestTask.java:122)
	at org.junit.platform.engine.support.hierarchical.NodeTestTask.execute(NodeTestTask.java:80)
	at org.junit.platform.engine.support.hierarchical.SameThreadHierarchicalTestExecutorService$$Lambda$183/1381713434.accept(Unknown Source)
	at java.util.ArrayList.forEach(ArrayList.java:1249)
	at org.junit.platform.engine.support.hierarchical.SameThreadHierarchicalTestExecutorService.invokeAll(SameThreadHierarchicalTestExecutorService.java:38)
	at org.junit.platform.engine.support.hierarchical.NodeTestTask.lambda$executeRecursively$5(NodeTestTask.java:139)
	at org.junit.platform.engine.support.hierarchical.NodeTestTask$$Lambda$179/195615004.execute(Unknown Source)
	at org.junit.platform.engine.support.hierarchical.ThrowableCollector.execute(ThrowableCollector.java:73)
	at org.junit.platform.engine.support.hierarchical.NodeTestTask.lambda$executeRecursively$7(NodeTestTask.java:125)
	at org.junit.platform.engine.support.hierarchical.NodeTestTask$$Lambda$178/1890627974.invoke(Unknown Source)
	at org.junit.platform.engine.support.hierarchical.Node.around(Node.java:135)
	at org.junit.platform.engine.support.hierarchical.NodeTestTask.lambda$executeRecursively$8(NodeTestTask.java:123)
	at org.junit.platform.engine.support.hierarchical.NodeTestTask$$Lambda$177/231977479.execute(Unknown Source)
	at org.junit.platform.engine.support.hierarchical.ThrowableCollector.execute(ThrowableCollector.java:73)
	at org.junit.platform.engine.support.hierarchical.NodeTestTask.executeRecursively(NodeTestTask.java:122)
	at org.junit.platform.engine.support.hierarchical.NodeTestTask.execute(NodeTestTask.java:80)
	at org.junit.platform.engine.support.hierarchical.SameThreadHierarchicalTestExecutorService$$Lambda$183/1381713434.accept(Unknown Source)
	at java.util.ArrayList.forEach(ArrayList.java:1249)
	at org.junit.platform.engine.support.hierarchical.SameThreadHierarchicalTestExecutorService.invokeAll(SameThreadHierarchicalTestExecutorService.java:38)
	at org.junit.platform.engine.support.hierarchical.NodeTestTask.lambda$executeRecursively$5(NodeTestTask.java:139)
	at org.junit.platform.engine.support.hierarchical.NodeTestTask$$Lambda$179/195615004.execute(Unknown Source)
	at org.junit.platform.engine.support.hierarchical.ThrowableCollector.execute(ThrowableCollector.java:73)
	at org.junit.platform.engine.support.hierarchical.NodeTestTask.lambda$executeRecursively$7(NodeTestTask.java:125)
	at org.junit.platform.engine.support.hierarchical.NodeTestTask$$Lambda$178/1890627974.invoke(Unknown Source)
	at org.junit.platform.engine.support.hierarchical.Node.around(Node.java:135)
	at org.junit.platform.engine.support.hierarchical.NodeTestTask.lambda$executeRecursively$8(NodeTestTask.java:123)
	at org.junit.platform.engine.support.hierarchical.NodeTestTask$$Lambda$177/231977479.execute(Unknown Source)
	at org.junit.platform.engine.support.hierarchical.ThrowableCollector.execute(ThrowableCollector.java:73)
	at org.junit.platform.engine.support.hierarchical.NodeTestTask.executeRecursively(NodeTestTask.java:122)
	at org.junit.platform.engine.support.hierarchical.NodeTestTask.execute(NodeTestTask.java:80)
	at org.junit.platform.engine.support.hierarchical.SameThreadHierarchicalTestExecutorService.submit(SameThreadHierarchicalTestExecutorService.java:32)
	at org.junit.platform.engine.support.hierarchical.HierarchicalTestExecutor.execute(HierarchicalTestExecutor.java:57)
	at org.junit.platform.engine.support.hierarchical.HierarchicalTestEngine.execute(HierarchicalTestEngine.java:51)
	at org.junit.platform.launcher.core.DefaultLauncher.execute(DefaultLauncher.java:248)
	at org.junit.platform.launcher.core.DefaultLauncher.lambda$execute$5(DefaultLauncher.java:211)
	at org.junit.platform.launcher.core.DefaultLauncher$$Lambda$143/233996206.accept(Unknown Source)
	at org.junit.platform.launcher.core.DefaultLauncher.withInterceptedStreams(DefaultLauncher.java:226)
	at org.junit.platform.launcher.core.DefaultLauncher.execute(DefaultLauncher.java:199)
	at org.junit.platform.launcher.core.DefaultLauncher.execute(DefaultLauncher.java:132)
	at org.apache.maven.surefire.junitplatform.JUnitPlatformProvider.invokeAllTests(JUnitPlatformProvider.java:142)
	at org.apache.maven.surefire.junitplatform.JUnitPlatformProvider.invoke(JUnitPlatformProvider.java:113)
	at org.apache.maven.surefire.booter.ForkedBooter.invokeProviderInSameClassLoader(ForkedBooter.java:384)
	at org.apache.maven.surefire.booter.ForkedBooter.runSuitesInProcess(ForkedBooter.java:345)
	at org.apache.maven.surefire.booter.ForkedBooter.execute(ForkedBooter.java:126)
	at org.apache.maven.surefire.booter.ForkedBooter.main(ForkedBooter.java:418)
2021-11-08 11:17:27,320 [myid:] - INFO  [main:FourLetterWordMain@94] - connecting to 127.0.0.1 30158
2021-11-08 11:17:27,320 [myid:1] - WARN  [nioEventLoopGroup-72-5:NettyServerCnxnFactory$CnxnChannelHandler@231] - Zookeeper server is not running, close the connection before starting the TLS handshake
2021-11-08 11:17:27,584 [myid:] - INFO  [main:FourLetterWordMain@94] - connecting to 127.0.0.1 30158
2021-11-08 11:17:27,586 [myid:1] - WARN  [nioEventLoopGroup-72-6:NettyServerCnxnFactory$CnxnChannelHandler@231] - Zookeeper server is not running, close the connection before starting the TLS handshake
2021-11-08 11:17:27,588 [myid:] - INFO  [main:QuorumBase@422] - Shutting down quorum peer QuorumPeer[myid=1](plain=[0:0:0:0:0:0:0:0]:30158)(secure=disabled)
2021-11-08 11:17:27,588 [myid:] - INFO  [main:NettyServerCnxnFactory@647] - shutdown called /0:0:0:0:0:0:0:0:30158
2021-11-08 11:17:27,591 [myid:1] - INFO  [QuorumPeerListener:QuorumCnxManager$Listener@980] - Leaving listener
2021-11-08 11:17:27,591 [myid:1] - WARN  [QuorumPeer[myid=1](plain=[0:0:0:0:0:0:0:0]:30158)(secure=disabled):QuorumPeer@1486] - Unexpected exception
java.lang.InterruptedException
	at java.util.concurrent.locks.AbstractQueuedSynchronizer$ConditionObject.reportInterruptAfterWait(AbstractQueuedSynchronizer.java:2014)
	at java.util.concurrent.locks.AbstractQueuedSynchronizer$ConditionObject.awaitNanos(AbstractQueuedSynchronizer.java:2088)
	at java.util.concurrent.LinkedBlockingQueue.poll(LinkedBlockingQueue.java:467)
	at org.apache.zookeeper.server.quorum.FastLeaderElection.lookForLeader(FastLeaderElection.java:966)
	at org.apache.zookeeper.server.quorum.QuorumPeer.run(QuorumPeer.java:1484)
2021-11-08 11:17:27,592 [myid:] - INFO  [main:QuorumBase@426] - Shutting down leader election QuorumPeer[myid=1](plain=[0:0:0:0:0:0:0:0]:30158)(secure=disabled)
2021-11-08 11:17:27,593 [myid:] - INFO  [main:QuorumBase@431] - Waiting for QuorumPeer[myid=1](plain=[0:0:0:0:0:0:0:0]:30158)(secure=disabled) to exit thread
2021-11-08 11:17:27,592 [myid:1] - INFO  [QuorumPeer[myid=1](plain=[0:0:0:0:0:0:0:0]:30158)(secure=disabled):QuorumPeer@915] - Peer state changed: looking
2021-11-08 11:17:27,594 [myid:1] - WARN  [QuorumPeer[myid=1](plain=[0:0:0:0:0:0:0:0]:30158)(secure=disabled):QuorumPeer@1545] - QuorumPeer main thread exited
2021-11-08 11:17:27,595 [myid:] - INFO  [main:QuorumBase@422] - Shutting down quorum peer QuorumPeer[myid=2](plain=[0:0:0:0:0:0:0:0]:30159)(secure=disabled)
2021-11-08 11:17:27,595 [myid:] - INFO  [main:NettyServerCnxnFactory@647] - shutdown called /0:0:0:0:0:0:0:0:30159
2021-11-08 11:17:27,596 [myid:2] - WARN  [QuorumPeer[myid=2](plain=[0:0:0:0:0:0:0:0]:30159)(secure=disabled):QuorumPeer@1486] - Unexpected exception
java.lang.InterruptedException
	at java.util.concurrent.locks.AbstractQueuedSynchronizer$ConditionObject.reportInterruptAfterWait(AbstractQueuedSynchronizer.java:2014)
	at java.util.concurrent.locks.AbstractQueuedSynchronizer$ConditionObject.awaitNanos(AbstractQueuedSynchronizer.java:2088)
	at java.util.concurrent.LinkedBlockingQueue.poll(LinkedBlockingQueue.java:467)
	at org.apache.zookeeper.server.quorum.FastLeaderElection.lookForLeader(FastLeaderElection.java:966)
	at org.apache.zookeeper.server.quorum.QuorumPeer.run(QuorumPeer.java:1484)
2021-11-08 11:17:27,597 [myid:2] - INFO  [QuorumPeerListener:QuorumCnxManager$Listener@980] - Leaving listener
2021-11-08 11:17:27,597 [myid:2] - INFO  [QuorumPeer[myid=2](plain=[0:0:0:0:0:0:0:0]:30159)(secure=disabled):QuorumPeer@915] - Peer state changed: looking
2021-11-08 11:17:27,597 [myid:2] - WARN  [QuorumPeer[myid=2](plain=[0:0:0:0:0:0:0:0]:30159)(secure=disabled):QuorumPeer@1545] - QuorumPeer main thread exited
2021-11-08 11:17:27,600 [myid:] - INFO  [main:QuorumBase@426] - Shutting down leader election QuorumPeer[myid=2](plain=[0:0:0:0:0:0:0:0]:30159)(secure=disabled)
2021-11-08 11:17:27,600 [myid:] - INFO  [main:QuorumBase@431] - Waiting for QuorumPeer[myid=2](plain=[0:0:0:0:0:0:0:0]:30159)(secure=disabled) to exit thread
2021-11-08 11:17:27,601 [myid:] - INFO  [main:QuorumPeerTestBase@64] - No servers to shutdown!
2021-11-08 11:17:27,601 [myid:] - INFO  [main:ZKTestCase@82] - FINISHED Optional[public void org.apache.zookeeper.server.quorum.QuorumSSLTest.testCertificateRevocationList() throws java.lang.Exception]
]]></system-out>
    <system-err><![CDATA[Exception in thread "QuorumConnectionThread-[myid=2]-1" java.lang.IllegalArgumentException: Cannot support TLS_ECDHE_ECDSA_WITH_AES_256_CBC_SHA384 with currently installed providers
	at sun.security.ssl.CipherSuiteList.<init>(CipherSuiteList.java:92)
	at sun.security.ssl.SSLSocketImpl.setEnabledCipherSuites(SSLSocketImpl.java:2419)
	at javax.net.ssl.SSLSocket.setSSLParameters(SSLSocket.java:650)
	at sun.security.ssl.SSLSocketImpl.setSSLParameters(SSLSocketImpl.java:2544)
	at org.apache.zookeeper.common.SSLContextAndOptions.configureSSLSocket(SSLContextAndOptions.java:125)
	at org.apache.zookeeper.common.SSLContextAndOptions.createSSLSocket(SSLContextAndOptions.java:80)
	at org.apache.zookeeper.common.X509Util.createSSLSocket(X509Util.java:517)
	at org.apache.zookeeper.server.quorum.QuorumCnxManager.initiateConnection(QuorumCnxManager.java:379)
	at org.apache.zookeeper.server.quorum.QuorumCnxManager$QuorumConnectionReqThread.run(QuorumCnxManager.java:458)
	at java.util.concurrent.ThreadPoolExecutor.runWorker(ThreadPoolExecutor.java:1142)
	at java.util.concurrent.ThreadPoolExecutor$Worker.run(ThreadPoolExecutor.java:617)
	at java.lang.Thread.run(Thread.java:745)
Exception in thread "QuorumConnectionThread-[myid=2]-2" java.lang.IllegalArgumentException: Cannot support TLS_ECDHE_ECDSA_WITH_AES_256_CBC_SHA384 with currently installed providers
	at sun.security.ssl.CipherSuiteList.<init>(CipherSuiteList.java:92)
	at sun.security.ssl.SSLSocketImpl.setEnabledCipherSuites(SSLSocketImpl.java:2419)
	at javax.net.ssl.SSLSocket.setSSLParameters(SSLSocket.java:650)
	at sun.security.ssl.SSLSocketImpl.setSSLParameters(SSLSocketImpl.java:2544)
	at org.apache.zookeeper.common.SSLContextAndOptions.configureSSLSocket(SSLContextAndOptions.java:125)
	at org.apache.zookeeper.common.SSLContextAndOptions.createSSLSocket(SSLContextAndOptions.java:80)
	at org.apache.zookeeper.common.X509Util.createSSLSocket(X509Util.java:517)
	at org.apache.zookeeper.server.quorum.QuorumCnxManager.initiateConnection(QuorumCnxManager.java:379)
	at org.apache.zookeeper.server.quorum.QuorumCnxManager$QuorumConnectionReqThread.run(QuorumCnxManager.java:458)
	at java.util.concurrent.ThreadPoolExecutor.runWorker(ThreadPoolExecutor.java:1142)
	at java.util.concurrent.ThreadPoolExecutor$Worker.run(ThreadPoolExecutor.java:617)
	at java.lang.Thread.run(Thread.java:745)
Exception in thread "QuorumConnectionThread-[myid=1]-2" java.lang.IllegalArgumentException: Cannot support TLS_ECDHE_ECDSA_WITH_AES_256_CBC_SHA384 with currently installed providers
	at sun.security.ssl.CipherSuiteList.<init>(CipherSuiteList.java:92)
	at sun.security.ssl.SSLSocketImpl.setEnabledCipherSuites(SSLSocketImpl.java:2419)
	at javax.net.ssl.SSLSocket.setSSLParameters(SSLSocket.java:650)
	at sun.security.ssl.SSLSocketImpl.setSSLParameters(SSLSocketImpl.java:2544)
	at org.apache.zookeeper.common.SSLContextAndOptions.configureSSLSocket(SSLContextAndOptions.java:125)
	at org.apache.zookeeper.common.SSLContextAndOptions.createSSLSocket(SSLContextAndOptions.java:80)
	at org.apache.zookeeper.common.X509Util.createSSLSocket(X509Util.java:517)
	at org.apache.zookeeper.server.quorum.QuorumCnxManager.initiateConnection(QuorumCnxManager.java:379)
	at org.apache.zookeeper.server.quorum.QuorumCnxManager$QuorumConnectionReqThread.run(QuorumCnxManager.java:458)
	at java.util.concurrent.ThreadPoolExecutor.runWorker(ThreadPoolExecutor.java:1142)
	at java.util.concurrent.ThreadPoolExecutor$Worker.run(ThreadPoolExecutor.java:617)
	at java.lang.Thread.run(Thread.java:745)
Exception in thread "QuorumConnectionThread-[myid=1]-1" java.lang.IllegalArgumentException: Cannot support TLS_ECDHE_ECDSA_WITH_AES_256_CBC_SHA384 with currently installed providers
	at sun.security.ssl.CipherSuiteList.<init>(CipherSuiteList.java:92)
	at sun.security.ssl.SSLSocketImpl.setEnabledCipherSuites(SSLSocketImpl.java:2419)
	at javax.net.ssl.SSLSocket.setSSLParameters(SSLSocket.java:650)
	at sun.security.ssl.SSLSocketImpl.setSSLParameters(SSLSocketImpl.java:2544)
	at org.apache.zookeeper.common.SSLContextAndOptions.configureSSLSocket(SSLContextAndOptions.java:125)
	at org.apache.zookeeper.common.SSLContextAndOptions.createSSLSocket(SSLContextAndOptions.java:80)
	at org.apache.zookeeper.common.X509Util.createSSLSocket(X509Util.java:517)
	at org.apache.zookeeper.server.quorum.QuorumCnxManager.initiateConnection(QuorumCnxManager.java:379)
	at org.apache.zookeeper.server.quorum.QuorumCnxManager$QuorumConnectionReqThread.run(QuorumCnxManager.java:458)
	at java.util.concurrent.ThreadPoolExecutor.runWorker(ThreadPoolExecutor.java:1142)
	at java.util.concurrent.ThreadPoolExecutor$Worker.run(ThreadPoolExecutor.java:617)
	at java.lang.Thread.run(Thread.java:745)
Exception in thread "QuorumConnectionThread-[myid=2]-4" java.lang.IllegalArgumentException: Cannot support TLS_ECDHE_ECDSA_WITH_AES_256_CBC_SHA384 with currently installed providers
	at sun.security.ssl.CipherSuiteList.<init>(CipherSuiteList.java:92)
	at sun.security.ssl.SSLSocketImpl.setEnabledCipherSuites(SSLSocketImpl.java:2419)
	at javax.net.ssl.SSLSocket.setSSLParameters(SSLSocket.java:650)
	at sun.security.ssl.SSLSocketImpl.setSSLParameters(SSLSocketImpl.java:2544)
	at org.apache.zookeeper.common.SSLContextAndOptions.configureSSLSocket(SSLContextAndOptions.java:125)
	at org.apache.zookeeper.common.SSLContextAndOptions.createSSLSocket(SSLContextAndOptions.java:80)
	at org.apache.zookeeper.common.X509Util.createSSLSocket(X509Util.java:517)
	at org.apache.zookeeper.server.quorum.QuorumCnxManager.initiateConnection(QuorumCnxManager.java:379)
	at org.apache.zookeeper.server.quorum.QuorumCnxManager$QuorumConnectionReqThread.run(QuorumCnxManager.java:458)
	at java.util.concurrent.ThreadPoolExecutor.runWorker(ThreadPoolExecutor.java:1142)
	at java.util.concurrent.ThreadPoolExecutor$Worker.run(ThreadPoolExecutor.java:617)
	at java.lang.Thread.run(Thread.java:745)
Exception in thread "QuorumConnectionThread-[myid=1]-4" java.lang.IllegalArgumentException: Cannot support TLS_ECDHE_ECDSA_WITH_AES_256_CBC_SHA384 with currently installed providers
	at sun.security.ssl.CipherSuiteList.<init>(CipherSuiteList.java:92)
	at sun.security.ssl.SSLSocketImpl.setEnabledCipherSuites(SSLSocketImpl.java:2419)
	at javax.net.ssl.SSLSocket.setSSLParameters(SSLSocket.java:650)
	at sun.security.ssl.SSLSocketImpl.setSSLParameters(SSLSocketImpl.java:2544)
	at org.apache.zookeeper.common.SSLContextAndOptions.configureSSLSocket(SSLContextAndOptions.java:125)
	at org.apache.zookeeper.common.SSLContextAndOptions.createSSLSocket(SSLContextAndOptions.java:80)
	at org.apache.zookeeper.common.X509Util.createSSLSocket(X509Util.java:517)
	at org.apache.zookeeper.server.quorum.QuorumCnxManager.initiateConnection(QuorumCnxManager.java:379)
	at org.apache.zookeeper.server.quorum.QuorumCnxManager$QuorumConnectionReqThread.run(QuorumCnxManager.java:458)
	at java.util.concurrent.ThreadPoolExecutor.runWorker(ThreadPoolExecutor.java:1142)
	at java.util.concurrent.ThreadPoolExecutor$Worker.run(ThreadPoolExecutor.java:617)
	at java.lang.Thread.run(Thread.java:745)
Exception in thread "QuorumConnectionThread-[myid=1]-5" java.lang.IllegalArgumentException: Cannot support TLS_ECDHE_ECDSA_WITH_AES_256_CBC_SHA384 with currently installed providers
	at sun.security.ssl.CipherSuiteList.<init>(CipherSuiteList.java:92)
	at sun.security.ssl.SSLSocketImpl.setEnabledCipherSuites(SSLSocketImpl.java:2419)
	at javax.net.ssl.SSLSocket.setSSLParameters(SSLSocket.java:650)
	at sun.security.ssl.SSLSocketImpl.setSSLParameters(SSLSocketImpl.java:2544)
	at org.apache.zookeeper.common.SSLContextAndOptions.configureSSLSocket(SSLContextAndOptions.java:125)
	at org.apache.zookeeper.common.SSLContextAndOptions.createSSLSocket(SSLContextAndOptions.java:80)
	at org.apache.zookeeper.common.X509Util.createSSLSocket(X509Util.java:517)
	at org.apache.zookeeper.server.quorum.QuorumCnxManager.initiateConnection(QuorumCnxManager.java:379)
	at org.apache.zookeeper.server.quorum.QuorumCnxManager$QuorumConnectionReqThread.run(QuorumCnxManager.java:458)
	at java.util.concurrent.ThreadPoolExecutor.runWorker(ThreadPoolExecutor.java:1142)
	at java.util.concurrent.ThreadPoolExecutor$Worker.run(ThreadPoolExecutor.java:617)
	at java.lang.Thread.run(Thread.java:745)
Exception in thread "QuorumConnectionThread-[myid=2]-5" java.lang.IllegalArgumentException: Cannot support TLS_ECDHE_ECDSA_WITH_AES_256_CBC_SHA384 with currently installed providers
	at sun.security.ssl.CipherSuiteList.<init>(CipherSuiteList.java:92)
	at sun.security.ssl.SSLSocketImpl.setEnabledCipherSuites(SSLSocketImpl.java:2419)
	at javax.net.ssl.SSLSocket.setSSLParameters(SSLSocket.java:650)
	at sun.security.ssl.SSLSocketImpl.setSSLParameters(SSLSocketImpl.java:2544)
	at org.apache.zookeeper.common.SSLContextAndOptions.configureSSLSocket(SSLContextAndOptions.java:125)
	at org.apache.zookeeper.common.SSLContextAndOptions.createSSLSocket(SSLContextAndOptions.java:80)
	at org.apache.zookeeper.common.X509Util.createSSLSocket(X509Util.java:517)
	at org.apache.zookeeper.server.quorum.QuorumCnxManager.initiateConnection(QuorumCnxManager.java:379)
	at org.apache.zookeeper.server.quorum.QuorumCnxManager$QuorumConnectionReqThread.run(QuorumCnxManager.java:458)
	at java.util.concurrent.ThreadPoolExecutor.runWorker(ThreadPoolExecutor.java:1142)
	at java.util.concurrent.ThreadPoolExecutor$Worker.run(ThreadPoolExecutor.java:617)
	at java.lang.Thread.run(Thread.java:745)
Exception in thread "QuorumConnectionThread-[myid=1]-6" java.lang.IllegalArgumentException: Cannot support TLS_ECDHE_ECDSA_WITH_AES_256_CBC_SHA384 with currently installed providers
	at sun.security.ssl.CipherSuiteList.<init>(CipherSuiteList.java:92)
	at sun.security.ssl.SSLSocketImpl.setEnabledCipherSuites(SSLSocketImpl.java:2419)
	at javax.net.ssl.SSLSocket.setSSLParameters(SSLSocket.java:650)
	at sun.security.ssl.SSLSocketImpl.setSSLParameters(SSLSocketImpl.java:2544)
	at org.apache.zookeeper.common.SSLContextAndOptions.configureSSLSocket(SSLContextAndOptions.java:125)
	at org.apache.zookeeper.common.SSLContextAndOptions.createSSLSocket(SSLContextAndOptions.java:80)
	at org.apache.zookeeper.common.X509Util.createSSLSocket(X509Util.java:517)
	at org.apache.zookeeper.server.quorum.QuorumCnxManager.initiateConnection(QuorumCnxManager.java:379)
	at org.apache.zookeeper.server.quorum.QuorumCnxManager$QuorumConnectionReqThread.run(QuorumCnxManager.java:458)
	at java.util.concurrent.ThreadPoolExecutor.runWorker(ThreadPoolExecutor.java:1142)
	at java.util.concurrent.ThreadPoolExecutor$Worker.run(ThreadPoolExecutor.java:617)
	at java.lang.Thread.run(Thread.java:745)
Exception in thread "QuorumConnectionThread-[myid=2]-6" java.lang.IllegalArgumentException: Cannot support TLS_ECDHE_ECDSA_WITH_AES_256_CBC_SHA384 with currently installed providers
	at sun.security.ssl.CipherSuiteList.<init>(CipherSuiteList.java:92)
	at sun.security.ssl.SSLSocketImpl.setEnabledCipherSuites(SSLSocketImpl.java:2419)
	at javax.net.ssl.SSLSocket.setSSLParameters(SSLSocket.java:650)
	at sun.security.ssl.SSLSocketImpl.setSSLParameters(SSLSocketImpl.java:2544)
	at org.apache.zookeeper.common.SSLContextAndOptions.configureSSLSocket(SSLContextAndOptions.java:125)
	at org.apache.zookeeper.common.SSLContextAndOptions.createSSLSocket(SSLContextAndOptions.java:80)
	at org.apache.zookeeper.common.X509Util.createSSLSocket(X509Util.java:517)
	at org.apache.zookeeper.server.quorum.QuorumCnxManager.initiateConnection(QuorumCnxManager.java:379)
	at org.apache.zookeeper.server.quorum.QuorumCnxManager$QuorumConnectionReqThread.run(QuorumCnxManager.java:458)
	at java.util.concurrent.ThreadPoolExecutor.runWorker(ThreadPoolExecutor.java:1142)
	at java.util.concurrent.ThreadPoolExecutor$Worker.run(ThreadPoolExecutor.java:617)
	at java.lang.Thread.run(Thread.java:745)
Exception in thread "QuorumConnectionThread-[myid=1]-7" java.lang.IllegalArgumentException: Cannot support TLS_ECDHE_ECDSA_WITH_AES_256_CBC_SHA384 with currently installed providers
	at sun.security.ssl.CipherSuiteList.<init>(CipherSuiteList.java:92)
	at sun.security.ssl.SSLSocketImpl.setEnabledCipherSuites(SSLSocketImpl.java:2419)
	at javax.net.ssl.SSLSocket.setSSLParameters(SSLSocket.java:650)
	at sun.security.ssl.SSLSocketImpl.setSSLParameters(SSLSocketImpl.java:2544)
	at org.apache.zookeeper.common.SSLContextAndOptions.configureSSLSocket(SSLContextAndOptions.java:125)
	at org.apache.zookeeper.common.SSLContextAndOptions.createSSLSocket(SSLContextAndOptions.java:80)
	at org.apache.zookeeper.common.X509Util.createSSLSocket(X509Util.java:517)
	at org.apache.zookeeper.server.quorum.QuorumCnxManager.initiateConnection(QuorumCnxManager.java:379)
	at org.apache.zookeeper.server.quorum.QuorumCnxManager$QuorumConnectionReqThread.run(QuorumCnxManager.java:458)
	at java.util.concurrent.ThreadPoolExecutor.runWorker(ThreadPoolExecutor.java:1142)
	at java.util.concurrent.ThreadPoolExecutor$Worker.run(ThreadPoolExecutor.java:617)
	at java.lang.Thread.run(Thread.java:745)
Exception in thread "QuorumConnectionThread-[myid=2]-7" java.lang.IllegalArgumentException: Cannot support TLS_ECDHE_ECDSA_WITH_AES_256_CBC_SHA384 with currently installed providers
	at sun.security.ssl.CipherSuiteList.<init>(CipherSuiteList.java:92)
	at sun.security.ssl.SSLSocketImpl.setEnabledCipherSuites(SSLSocketImpl.java:2419)
	at javax.net.ssl.SSLSocket.setSSLParameters(SSLSocket.java:650)
	at sun.security.ssl.SSLSocketImpl.setSSLParameters(SSLSocketImpl.java:2544)
	at org.apache.zookeeper.common.SSLContextAndOptions.configureSSLSocket(SSLContextAndOptions.java:125)
	at org.apache.zookeeper.common.SSLContextAndOptions.createSSLSocket(SSLContextAndOptions.java:80)
	at org.apache.zookeeper.common.X509Util.createSSLSocket(X509Util.java:517)
	at org.apache.zookeeper.server.quorum.QuorumCnxManager.initiateConnection(QuorumCnxManager.java:379)
	at org.apache.zookeeper.server.quorum.QuorumCnxManager$QuorumConnectionReqThread.run(QuorumCnxManager.java:458)
	at java.util.concurrent.ThreadPoolExecutor.runWorker(ThreadPoolExecutor.java:1142)
	at java.util.concurrent.ThreadPoolExecutor$Worker.run(ThreadPoolExecutor.java:617)
	at java.lang.Thread.run(Thread.java:745)
Exception in thread "QuorumConnectionThread-[myid=2]-8" java.lang.IllegalArgumentException: Cannot support TLS_ECDHE_ECDSA_WITH_AES_256_CBC_SHA384 with currently installed providers
	at sun.security.ssl.CipherSuiteList.<init>(CipherSuiteList.java:92)
	at sun.security.ssl.SSLSocketImpl.setEnabledCipherSuites(SSLSocketImpl.java:2419)
	at javax.net.ssl.SSLSocket.setSSLParameters(SSLSocket.java:650)
	at sun.security.ssl.SSLSocketImpl.setSSLParameters(SSLSocketImpl.java:2544)
	at org.apache.zookeeper.common.SSLContextAndOptions.configureSSLSocket(SSLContextAndOptions.java:125)
	at org.apache.zookeeper.common.SSLContextAndOptions.createSSLSocket(SSLContextAndOptions.java:80)
	at org.apache.zookeeper.common.X509Util.createSSLSocket(X509Util.java:517)
	at org.apache.zookeeper.server.quorum.QuorumCnxManager.initiateConnection(QuorumCnxManager.java:379)
	at org.apache.zookeeper.server.quorum.QuorumCnxManager$QuorumConnectionReqThread.run(QuorumCnxManager.java:458)
	at java.util.concurrent.ThreadPoolExecutor.runWorker(ThreadPoolExecutor.java:1142)
	at java.util.concurrent.ThreadPoolExecutor$Worker.run(ThreadPoolExecutor.java:617)
	at java.lang.Thread.run(Thread.java:745)
Exception in thread "QuorumConnectionThread-[myid=1]-8" java.lang.IllegalArgumentException: Cannot support TLS_ECDHE_ECDSA_WITH_AES_256_CBC_SHA384 with currently installed providers
	at sun.security.ssl.CipherSuiteList.<init>(CipherSuiteList.java:92)
	at sun.security.ssl.SSLSocketImpl.setEnabledCipherSuites(SSLSocketImpl.java:2419)
	at javax.net.ssl.SSLSocket.setSSLParameters(SSLSocket.java:650)
	at sun.security.ssl.SSLSocketImpl.setSSLParameters(SSLSocketImpl.java:2544)
	at org.apache.zookeeper.common.SSLContextAndOptions.configureSSLSocket(SSLContextAndOptions.java:125)
	at org.apache.zookeeper.common.SSLContextAndOptions.createSSLSocket(SSLContextAndOptions.java:80)
	at org.apache.zookeeper.common.X509Util.createSSLSocket(X509Util.java:517)
	at org.apache.zookeeper.server.quorum.QuorumCnxManager.initiateConnection(QuorumCnxManager.java:379)
	at org.apache.zookeeper.server.quorum.QuorumCnxManager$QuorumConnectionReqThread.run(QuorumCnxManager.java:458)
	at java.util.concurrent.ThreadPoolExecutor.runWorker(ThreadPoolExecutor.java:1142)
	at java.util.concurrent.ThreadPoolExecutor$Worker.run(ThreadPoolExecutor.java:617)
	at java.lang.Thread.run(Thread.java:745)
Exception in thread "QuorumConnectionThread-[myid=1]-9" java.lang.IllegalArgumentException: Cannot support TLS_ECDHE_ECDSA_WITH_AES_256_CBC_SHA384 with currently installed providers
	at sun.security.ssl.CipherSuiteList.<init>(CipherSuiteList.java:92)
	at sun.security.ssl.SSLSocketImpl.setEnabledCipherSuites(SSLSocketImpl.java:2419)
	at javax.net.ssl.SSLSocket.setSSLParameters(SSLSocket.java:650)
	at sun.security.ssl.SSLSocketImpl.setSSLParameters(SSLSocketImpl.java:2544)
	at org.apache.zookeeper.common.SSLContextAndOptions.configureSSLSocket(SSLContextAndOptions.java:125)
	at org.apache.zookeeper.common.SSLContextAndOptions.createSSLSocket(SSLContextAndOptions.java:80)
	at org.apache.zookeeper.common.X509Util.createSSLSocket(X509Util.java:517)
	at org.apache.zookeeper.server.quorum.QuorumCnxManager.initiateConnection(QuorumCnxManager.java:379)
	at org.apache.zookeeper.server.quorum.QuorumCnxManager$QuorumConnectionReqThread.run(QuorumCnxManager.java:458)
	at java.util.concurrent.ThreadPoolExecutor.runWorker(ThreadPoolExecutor.java:1142)
	at java.util.concurrent.ThreadPoolExecutor$Worker.run(ThreadPoolExecutor.java:617)
	at java.lang.Thread.run(Thread.java:745)
Exception in thread "QuorumConnectionThread-[myid=2]-9" java.lang.IllegalArgumentException: Cannot support TLS_ECDHE_ECDSA_WITH_AES_256_CBC_SHA384 with currently installed providers
	at sun.security.ssl.CipherSuiteList.<init>(CipherSuiteList.java:92)
	at sun.security.ssl.SSLSocketImpl.setEnabledCipherSuites(SSLSocketImpl.java:2419)
	at javax.net.ssl.SSLSocket.setSSLParameters(SSLSocket.java:650)
	at sun.security.ssl.SSLSocketImpl.setSSLParameters(SSLSocketImpl.java:2544)
	at org.apache.zookeeper.common.SSLContextAndOptions.configureSSLSocket(SSLContextAndOptions.java:125)
	at org.apache.zookeeper.common.SSLContextAndOptions.createSSLSocket(SSLContextAndOptions.java:80)
	at org.apache.zookeeper.common.X509Util.createSSLSocket(X509Util.java:517)
	at org.apache.zookeeper.server.quorum.QuorumCnxManager.initiateConnection(QuorumCnxManager.java:379)
	at org.apache.zookeeper.server.quorum.QuorumCnxManager$QuorumConnectionReqThread.run(QuorumCnxManager.java:458)
	at java.util.concurrent.ThreadPoolExecutor.runWorker(ThreadPoolExecutor.java:1142)
	at java.util.concurrent.ThreadPoolExecutor$Worker.run(ThreadPoolExecutor.java:617)
	at java.lang.Thread.run(Thread.java:745)
Exception in thread "QuorumConnectionThread-[myid=1]-11" java.lang.IllegalArgumentException: Cannot support TLS_ECDHE_ECDSA_WITH_AES_256_CBC_SHA384 with currently installed providers
	at sun.security.ssl.CipherSuiteList.<init>(CipherSuiteList.java:92)
	at sun.security.ssl.SSLSocketImpl.setEnabledCipherSuites(SSLSocketImpl.java:2419)
	at javax.net.ssl.SSLSocket.setSSLParameters(SSLSocket.java:650)
	at sun.security.ssl.SSLSocketImpl.setSSLParameters(SSLSocketImpl.java:2544)
	at org.apache.zookeeper.common.SSLContextAndOptions.configureSSLSocket(SSLContextAndOptions.java:125)
	at org.apache.zookeeper.common.SSLContextAndOptions.createSSLSocket(SSLContextAndOptions.java:80)
	at org.apache.zookeeper.common.X509Util.createSSLSocket(X509Util.java:517)
	at org.apache.zookeeper.server.quorum.QuorumCnxManager.initiateConnection(QuorumCnxManager.java:379)
	at org.apache.zookeeper.server.quorum.QuorumCnxManager$QuorumConnectionReqThread.run(QuorumCnxManager.java:458)
	at java.util.concurrent.ThreadPoolExecutor.runWorker(ThreadPoolExecutor.java:1142)
	at java.util.concurrent.ThreadPoolExecutor$Worker.run(ThreadPoolExecutor.java:617)
	at java.lang.Thread.run(Thread.java:745)
Exception in thread "QuorumConnectionThread-[myid=1]-10" java.lang.IllegalArgumentException: Cannot support TLS_ECDHE_ECDSA_WITH_AES_256_CBC_SHA384 with currently installed providers
	at sun.security.ssl.CipherSuiteList.<init>(CipherSuiteList.java:92)
	at sun.security.ssl.SSLSocketImpl.setEnabledCipherSuites(SSLSocketImpl.java:2419)
	at javax.net.ssl.SSLSocket.setSSLParameters(SSLSocket.java:650)
	at sun.security.ssl.SSLSocketImpl.setSSLParameters(SSLSocketImpl.java:2544)
	at org.apache.zookeeper.common.SSLContextAndOptions.configureSSLSocket(SSLContextAndOptions.java:125)
	at org.apache.zookeeper.common.SSLContextAndOptions.createSSLSocket(SSLContextAndOptions.java:80)
	at org.apache.zookeeper.common.X509Util.createSSLSocket(X509Util.java:517)
	at org.apache.zookeeper.server.quorum.QuorumCnxManager.initiateConnection(QuorumCnxManager.java:379)
	at org.apache.zookeeper.server.quorum.QuorumCnxManager$QuorumConnectionReqThread.run(QuorumCnxManager.java:458)
	at java.util.concurrent.ThreadPoolExecutor.runWorker(ThreadPoolExecutor.java:1142)
	at java.util.concurrent.ThreadPoolExecutor$Worker.run(ThreadPoolExecutor.java:617)
	at java.lang.Thread.run(Thread.java:745)
Exception in thread "QuorumConnectionThread-[myid=2]-11" java.lang.IllegalArgumentException: Cannot support TLS_ECDHE_ECDSA_WITH_AES_256_CBC_SHA384 with currently installed providers
	at sun.security.ssl.CipherSuiteList.<init>(CipherSuiteList.java:92)
	at sun.security.ssl.SSLSocketImpl.setEnabledCipherSuites(SSLSocketImpl.java:2419)
	at javax.net.ssl.SSLSocket.setSSLParameters(SSLSocket.java:650)
	at sun.security.ssl.SSLSocketImpl.setSSLParameters(SSLSocketImpl.java:2544)
	at org.apache.zookeeper.common.SSLContextAndOptions.configureSSLSocket(SSLContextAndOptions.java:125)
	at org.apache.zookeeper.common.SSLContextAndOptions.createSSLSocket(SSLContextAndOptions.java:80)
	at org.apache.zookeeper.common.X509Util.createSSLSocket(X509Util.java:517)
	at org.apache.zookeeper.server.quorum.QuorumCnxManager.initiateConnection(QuorumCnxManager.java:379)
	at org.apache.zookeeper.server.quorum.QuorumCnxManager$QuorumConnectionReqThread.run(QuorumCnxManager.java:458)
	at java.util.concurrent.ThreadPoolExecutor.runWorker(ThreadPoolExecutor.java:1142)
	at java.util.concurrent.ThreadPoolExecutor$Worker.run(ThreadPoolExecutor.java:617)
	at java.lang.Thread.run(Thread.java:745)
Exception in thread "QuorumConnectionThread-[myid=2]-10" java.lang.IllegalArgumentException: Cannot support TLS_ECDHE_ECDSA_WITH_AES_256_CBC_SHA384 with currently installed providers
	at sun.security.ssl.CipherSuiteList.<init>(CipherSuiteList.java:92)
	at sun.security.ssl.SSLSocketImpl.setEnabledCipherSuites(SSLSocketImpl.java:2419)
	at javax.net.ssl.SSLSocket.setSSLParameters(SSLSocket.java:650)
	at sun.security.ssl.SSLSocketImpl.setSSLParameters(SSLSocketImpl.java:2544)
	at org.apache.zookeeper.common.SSLContextAndOptions.configureSSLSocket(SSLContextAndOptions.java:125)
	at org.apache.zookeeper.common.SSLContextAndOptions.createSSLSocket(SSLContextAndOptions.java:80)
	at org.apache.zookeeper.common.X509Util.createSSLSocket(X509Util.java:517)
	at org.apache.zookeeper.server.quorum.QuorumCnxManager.initiateConnection(QuorumCnxManager.java:379)
	at org.apache.zookeeper.server.quorum.QuorumCnxManager$QuorumConnectionReqThread.run(QuorumCnxManager.java:458)
	at java.util.concurrent.ThreadPoolExecutor.runWorker(ThreadPoolExecutor.java:1142)
	at java.util.concurrent.ThreadPoolExecutor$Worker.run(ThreadPoolExecutor.java:617)
	at java.lang.Thread.run(Thread.java:745)
Exception in thread "QuorumConnectionThread-[myid=1]-13" java.lang.IllegalArgumentException: Cannot support TLS_ECDHE_ECDSA_WITH_AES_256_CBC_SHA384 with currently installed providers
	at sun.security.ssl.CipherSuiteList.<init>(CipherSuiteList.java:92)
	at sun.security.ssl.SSLSocketImpl.setEnabledCipherSuites(SSLSocketImpl.java:2419)
	at javax.net.ssl.SSLSocket.setSSLParameters(SSLSocket.java:650)
	at sun.security.ssl.SSLSocketImpl.setSSLParameters(SSLSocketImpl.java:2544)
	at org.apache.zookeeper.common.SSLContextAndOptions.configureSSLSocket(SSLContextAndOptions.java:125)
	at org.apache.zookeeper.common.SSLContextAndOptions.createSSLSocket(SSLContextAndOptions.java:80)
	at org.apache.zookeeper.common.X509Util.createSSLSocket(X509Util.java:517)
	at org.apache.zookeeper.server.quorum.QuorumCnxManager.initiateConnection(QuorumCnxManager.java:379)
	at org.apache.zookeeper.server.quorum.QuorumCnxManager$QuorumConnectionReqThread.run(QuorumCnxManager.java:458)
	at java.util.concurrent.ThreadPoolExecutor.runWorker(ThreadPoolExecutor.java:1142)
	at java.util.concurrent.ThreadPoolExecutor$Worker.run(ThreadPoolExecutor.java:617)
	at java.lang.Thread.run(Thread.java:745)
Exception in thread "QuorumConnectionThread-[myid=2]-13" java.lang.IllegalArgumentException: Cannot support TLS_ECDHE_ECDSA_WITH_AES_256_CBC_SHA384 with currently installed providers
	at sun.security.ssl.CipherSuiteList.<init>(CipherSuiteList.java:92)
	at sun.security.ssl.SSLSocketImpl.setEnabledCipherSuites(SSLSocketImpl.java:2419)
	at javax.net.ssl.SSLSocket.setSSLParameters(SSLSocket.java:650)
	at sun.security.ssl.SSLSocketImpl.setSSLParameters(SSLSocketImpl.java:2544)
	at org.apache.zookeeper.common.SSLContextAndOptions.configureSSLSocket(SSLContextAndOptions.java:125)
	at org.apache.zookeeper.common.SSLContextAndOptions.createSSLSocket(SSLContextAndOptions.java:80)
	at org.apache.zookeeper.common.X509Util.createSSLSocket(X509Util.java:517)
	at org.apache.zookeeper.server.quorum.QuorumCnxManager.initiateConnection(QuorumCnxManager.java:379)
	at org.apache.zookeeper.server.quorum.QuorumCnxManager$QuorumConnectionReqThread.run(QuorumCnxManager.java:458)
	at java.util.concurrent.ThreadPoolExecutor.runWorker(ThreadPoolExecutor.java:1142)
	at java.util.concurrent.ThreadPoolExecutor$Worker.run(ThreadPoolExecutor.java:617)
	at java.lang.Thread.run(Thread.java:745)
Exception in thread "QuorumConnectionThread-[myid=1]-12" java.lang.IllegalArgumentException: Cannot support TLS_ECDHE_ECDSA_WITH_AES_256_CBC_SHA384 with currently installed providers
	at sun.security.ssl.CipherSuiteList.<init>(CipherSuiteList.java:92)
	at sun.security.ssl.SSLSocketImpl.setEnabledCipherSuites(SSLSocketImpl.java:2419)
	at javax.net.ssl.SSLSocket.setSSLParameters(SSLSocket.java:650)
	at sun.security.ssl.SSLSocketImpl.setSSLParameters(SSLSocketImpl.java:2544)
	at org.apache.zookeeper.common.SSLContextAndOptions.configureSSLSocket(SSLContextAndOptions.java:125)
	at org.apache.zookeeper.common.SSLContextAndOptions.createSSLSocket(SSLContextAndOptions.java:80)
	at org.apache.zookeeper.common.X509Util.createSSLSocket(X509Util.java:517)
	at org.apache.zookeeper.server.quorum.QuorumCnxManager.initiateConnection(QuorumCnxManager.java:379)
	at org.apache.zookeeper.server.quorum.QuorumCnxManager$QuorumConnectionReqThread.run(QuorumCnxManager.java:458)
	at java.util.concurrent.ThreadPoolExecutor.runWorker(ThreadPoolExecutor.java:1142)
	at java.util.concurrent.ThreadPoolExecutor$Worker.run(ThreadPoolExecutor.java:617)
	at java.lang.Thread.run(Thread.java:745)
Exception in thread "QuorumConnectionThread-[myid=2]-12" java.lang.IllegalArgumentException: Cannot support TLS_ECDHE_ECDSA_WITH_AES_256_CBC_SHA384 with currently installed providers
	at sun.security.ssl.CipherSuiteList.<init>(CipherSuiteList.java:92)
	at sun.security.ssl.SSLSocketImpl.setEnabledCipherSuites(SSLSocketImpl.java:2419)
	at javax.net.ssl.SSLSocket.setSSLParameters(SSLSocket.java:650)
	at sun.security.ssl.SSLSocketImpl.setSSLParameters(SSLSocketImpl.java:2544)
	at org.apache.zookeeper.common.SSLContextAndOptions.configureSSLSocket(SSLContextAndOptions.java:125)
	at org.apache.zookeeper.common.SSLContextAndOptions.createSSLSocket(SSLContextAndOptions.java:80)
	at org.apache.zookeeper.common.X509Util.createSSLSocket(X509Util.java:517)
	at org.apache.zookeeper.server.quorum.QuorumCnxManager.initiateConnection(QuorumCnxManager.java:379)
	at org.apache.zookeeper.server.quorum.QuorumCnxManager$QuorumConnectionReqThread.run(QuorumCnxManager.java:458)
	at java.util.concurrent.ThreadPoolExecutor.runWorker(ThreadPoolExecutor.java:1142)
	at java.util.concurrent.ThreadPoolExecutor$Worker.run(ThreadPoolExecutor.java:617)
	at java.lang.Thread.run(Thread.java:745)
Exception in thread "QuorumConnectionThread-[myid=2]-15" java.lang.IllegalArgumentException: Cannot support TLS_ECDHE_ECDSA_WITH_AES_256_CBC_SHA384 with currently installed providers
	at sun.security.ssl.CipherSuiteList.<init>(CipherSuiteList.java:92)
	at sun.security.ssl.SSLSocketImpl.setEnabledCipherSuites(SSLSocketImpl.java:2419)
	at javax.net.ssl.SSLSocket.setSSLParameters(SSLSocket.java:650)
	at sun.security.ssl.SSLSocketImpl.setSSLParameters(SSLSocketImpl.java:2544)
	at org.apache.zookeeper.common.SSLContextAndOptions.configureSSLSocket(SSLContextAndOptions.java:125)
	at org.apache.zookeeper.common.SSLContextAndOptions.createSSLSocket(SSLContextAndOptions.java:80)
	at org.apache.zookeeper.common.X509Util.createSSLSocket(X509Util.java:517)
	at org.apache.zookeeper.server.quorum.QuorumCnxManager.initiateConnection(QuorumCnxManager.java:379)
	at org.apache.zookeeper.server.quorum.QuorumCnxManager$QuorumConnectionReqThread.run(QuorumCnxManager.java:458)
	at java.util.concurrent.ThreadPoolExecutor.runWorker(ThreadPoolExecutor.java:1142)
	at java.util.concurrent.ThreadPoolExecutor$Worker.run(ThreadPoolExecutor.java:617)
	at java.lang.Thread.run(Thread.java:745)
Exception in thread "QuorumConnectionThread-[myid=1]-14" java.lang.IllegalArgumentException: Cannot support TLS_ECDHE_ECDSA_WITH_AES_256_CBC_SHA384 with currently installed providers
	at sun.security.ssl.CipherSuiteList.<init>(CipherSuiteList.java:92)
	at sun.security.ssl.SSLSocketImpl.setEnabledCipherSuites(SSLSocketImpl.java:2419)
	at javax.net.ssl.SSLSocket.setSSLParameters(SSLSocket.java:650)
	at sun.security.ssl.SSLSocketImpl.setSSLParameters(SSLSocketImpl.java:2544)
	at org.apache.zookeeper.common.SSLContextAndOptions.configureSSLSocket(SSLContextAndOptions.java:125)
	at org.apache.zookeeper.common.SSLContextAndOptions.createSSLSocket(SSLContextAndOptions.java:80)
	at org.apache.zookeeper.common.X509Util.createSSLSocket(X509Util.java:517)
	at org.apache.zookeeper.server.quorum.QuorumCnxManager.initiateConnection(QuorumCnxManager.java:379)
	at org.apache.zookeeper.server.quorum.QuorumCnxManager$QuorumConnectionReqThread.run(QuorumCnxManager.java:458)
	at java.util.concurrent.ThreadPoolExecutor.runWorker(ThreadPoolExecutor.java:1142)
	at java.util.concurrent.ThreadPoolExecutor$Worker.run(ThreadPoolExecutor.java:617)
	at java.lang.Thread.run(Thread.java:745)
Exception in thread "QuorumConnectionThread-[myid=1]-15" java.lang.IllegalArgumentException: Cannot support TLS_ECDHE_ECDSA_WITH_AES_256_CBC_SHA384 with currently installed providers
	at sun.security.ssl.CipherSuiteList.<init>(CipherSuiteList.java:92)
	at sun.security.ssl.SSLSocketImpl.setEnabledCipherSuites(SSLSocketImpl.java:2419)
	at javax.net.ssl.SSLSocket.setSSLParameters(SSLSocket.java:650)
	at sun.security.ssl.SSLSocketImpl.setSSLParameters(SSLSocketImpl.java:2544)
	at org.apache.zookeeper.common.SSLContextAndOptions.configureSSLSocket(SSLContextAndOptions.java:125)
	at org.apache.zookeeper.common.SSLContextAndOptions.createSSLSocket(SSLContextAndOptions.java:80)
	at org.apache.zookeeper.common.X509Util.createSSLSocket(X509Util.java:517)
	at org.apache.zookeeper.server.quorum.QuorumCnxManager.initiateConnection(QuorumCnxManager.java:379)
	at org.apache.zookeeper.server.quorum.QuorumCnxManager$QuorumConnectionReqThread.run(QuorumCnxManager.java:458)
	at java.util.concurrent.ThreadPoolExecutor.runWorker(ThreadPoolExecutor.java:1142)
	at java.util.concurrent.ThreadPoolExecutor$Worker.run(ThreadPoolExecutor.java:617)
	at java.lang.Thread.run(Thread.java:745)
Exception in thread "QuorumConnectionThread-[myid=2]-14" java.lang.IllegalArgumentException: Cannot support TLS_ECDHE_ECDSA_WITH_AES_256_CBC_SHA384 with currently installed providers
	at sun.security.ssl.CipherSuiteList.<init>(CipherSuiteList.java:92)
	at sun.security.ssl.SSLSocketImpl.setEnabledCipherSuites(SSLSocketImpl.java:2419)
	at javax.net.ssl.SSLSocket.setSSLParameters(SSLSocket.java:650)
	at sun.security.ssl.SSLSocketImpl.setSSLParameters(SSLSocketImpl.java:2544)
	at org.apache.zookeeper.common.SSLContextAndOptions.configureSSLSocket(SSLContextAndOptions.java:125)
	at org.apache.zookeeper.common.SSLContextAndOptions.createSSLSocket(SSLContextAndOptions.java:80)
	at org.apache.zookeeper.common.X509Util.createSSLSocket(X509Util.java:517)
	at org.apache.zookeeper.server.quorum.QuorumCnxManager.initiateConnection(QuorumCnxManager.java:379)
	at org.apache.zookeeper.server.quorum.QuorumCnxManager$QuorumConnectionReqThread.run(QuorumCnxManager.java:458)
	at java.util.concurrent.ThreadPoolExecutor.runWorker(ThreadPoolExecutor.java:1142)
	at java.util.concurrent.ThreadPoolExecutor$Worker.run(ThreadPoolExecutor.java:617)
	at java.lang.Thread.run(Thread.java:745)
Exception in thread "QuorumConnectionThread-[myid=1]-16" java.lang.IllegalArgumentException: Cannot support TLS_ECDHE_ECDSA_WITH_AES_256_CBC_SHA384 with currently installed providers
	at sun.security.ssl.CipherSuiteList.<init>(CipherSuiteList.java:92)
	at sun.security.ssl.SSLSocketImpl.setEnabledCipherSuites(SSLSocketImpl.java:2419)
	at javax.net.ssl.SSLSocket.setSSLParameters(SSLSocket.java:650)
	at sun.security.ssl.SSLSocketImpl.setSSLParameters(SSLSocketImpl.java:2544)
	at org.apache.zookeeper.common.SSLContextAndOptions.configureSSLSocket(SSLContextAndOptions.java:125)
	at org.apache.zookeeper.common.SSLContextAndOptions.createSSLSocket(SSLContextAndOptions.java:80)
	at org.apache.zookeeper.common.X509Util.createSSLSocket(X509Util.java:517)
	at org.apache.zookeeper.server.quorum.QuorumCnxManager.initiateConnection(QuorumCnxManager.java:379)
	at org.apache.zookeeper.server.quorum.QuorumCnxManager$QuorumConnectionReqThread.run(QuorumCnxManager.java:458)
	at java.util.concurrent.ThreadPoolExecutor.runWorker(ThreadPoolExecutor.java:1142)
	at java.util.concurrent.ThreadPoolExecutor$Worker.run(ThreadPoolExecutor.java:617)
	at java.lang.Thread.run(Thread.java:745)
Exception in thread "QuorumConnectionThread-[myid=2]-17" java.lang.IllegalArgumentException: Cannot support TLS_ECDHE_ECDSA_WITH_AES_256_CBC_SHA384 with currently installed providers
	at sun.security.ssl.CipherSuiteList.<init>(CipherSuiteList.java:92)
	at sun.security.ssl.SSLSocketImpl.setEnabledCipherSuites(SSLSocketImpl.java:2419)
	at javax.net.ssl.SSLSocket.setSSLParameters(SSLSocket.java:650)
	at sun.security.ssl.SSLSocketImpl.setSSLParameters(SSLSocketImpl.java:2544)
	at org.apache.zookeeper.common.SSLContextAndOptions.configureSSLSocket(SSLContextAndOptions.java:125)
	at org.apache.zookeeper.common.SSLContextAndOptions.createSSLSocket(SSLContextAndOptions.java:80)
	at org.apache.zookeeper.common.X509Util.createSSLSocket(X509Util.java:517)
	at org.apache.zookeeper.server.quorum.QuorumCnxManager.initiateConnection(QuorumCnxManager.java:379)
	at org.apache.zookeeper.server.quorum.QuorumCnxManager$QuorumConnectionReqThread.run(QuorumCnxManager.java:458)
	at java.util.concurrent.ThreadPoolExecutor.runWorker(ThreadPoolExecutor.java:1142)
	at java.util.concurrent.ThreadPoolExecutor$Worker.run(ThreadPoolExecutor.java:617)
	at java.lang.Thread.run(Thread.java:745)
Exception in thread "QuorumConnectionThread-[myid=1]-17" java.lang.IllegalArgumentException: Cannot support TLS_ECDHE_ECDSA_WITH_AES_256_CBC_SHA384 with currently installed providers
	at sun.security.ssl.CipherSuiteList.<init>(CipherSuiteList.java:92)
	at sun.security.ssl.SSLSocketImpl.setEnabledCipherSuites(SSLSocketImpl.java:2419)
	at javax.net.ssl.SSLSocket.setSSLParameters(SSLSocket.java:650)
	at sun.security.ssl.SSLSocketImpl.setSSLParameters(SSLSocketImpl.java:2544)
	at org.apache.zookeeper.common.SSLContextAndOptions.configureSSLSocket(SSLContextAndOptions.java:125)
	at org.apache.zookeeper.common.SSLContextAndOptions.createSSLSocket(SSLContextAndOptions.java:80)
	at org.apache.zookeeper.common.X509Util.createSSLSocket(X509Util.java:517)
	at org.apache.zookeeper.server.quorum.QuorumCnxManager.initiateConnection(QuorumCnxManager.java:379)
	at org.apache.zookeeper.server.quorum.QuorumCnxManager$QuorumConnectionReqThread.run(QuorumCnxManager.java:458)
	at java.util.concurrent.ThreadPoolExecutor.runWorker(ThreadPoolExecutor.java:1142)
	at java.util.concurrent.ThreadPoolExecutor$Worker.run(ThreadPoolExecutor.java:617)
	at java.lang.Thread.run(Thread.java:745)
Exception in thread "QuorumConnectionThread-[myid=2]-16" java.lang.IllegalArgumentException: Cannot support TLS_ECDHE_ECDSA_WITH_AES_256_CBC_SHA384 with currently installed providers
	at sun.security.ssl.CipherSuiteList.<init>(CipherSuiteList.java:92)
	at sun.security.ssl.SSLSocketImpl.setEnabledCipherSuites(SSLSocketImpl.java:2419)
	at javax.net.ssl.SSLSocket.setSSLParameters(SSLSocket.java:650)
	at sun.security.ssl.SSLSocketImpl.setSSLParameters(SSLSocketImpl.java:2544)
	at org.apache.zookeeper.common.SSLContextAndOptions.configureSSLSocket(SSLContextAndOptions.java:125)
	at org.apache.zookeeper.common.SSLContextAndOptions.createSSLSocket(SSLContextAndOptions.java:80)
	at org.apache.zookeeper.common.X509Util.createSSLSocket(X509Util.java:517)
	at org.apache.zookeeper.server.quorum.QuorumCnxManager.initiateConnection(QuorumCnxManager.java:379)
	at org.apache.zookeeper.server.quorum.QuorumCnxManager$QuorumConnectionReqThread.run(QuorumCnxManager.java:458)
	at java.util.concurrent.ThreadPoolExecutor.runWorker(ThreadPoolExecutor.java:1142)
	at java.util.concurrent.ThreadPoolExecutor$Worker.run(ThreadPoolExecutor.java:617)
	at java.lang.Thread.run(Thread.java:745)
]]></system-err>
  </testcase>
  <testcase name="testHostnameVerificationForInvalidMultiAddressServerConfig" classname="org.apache.zookeeper.server.quorum.QuorumSSLTest" time="35.569">
    <failure message="expected: &lt;true&gt; but was: &lt;false&gt;" type="org.opentest4j.AssertionFailedError"><![CDATA[org.opentest4j.AssertionFailedError: expected: <true> but was: <false>
	at org.apache.zookeeper.server.quorum.QuorumSSLTest.testHostnameVerification(QuorumSSLTest.java:671)
	at org.apache.zookeeper.server.quorum.QuorumSSLTest.testHostnameVerificationForInvalidMultiAddressServerConfig(QuorumSSLTest.java:620)
]]></failure>
    <system-out><![CDATA[2021-11-08 11:17:27,604 [myid:] - INFO  [main:ZKTestCase@77] - STARTING Optional[public void org.apache.zookeeper.server.quorum.QuorumSSLTest.testHostnameVerificationForInvalidMultiAddressServerConfig() throws java.lang.Exception]
2021-11-08 11:17:27,609 [myid:] - INFO  [main:PortAssignment@87] - Assigned port 30167 from range 30072 - 32764.
2021-11-08 11:17:27,610 [myid:] - INFO  [main:PortAssignment@87] - Assigned port 30168 from range 30072 - 32764.
2021-11-08 11:17:27,610 [myid:] - INFO  [main:PortAssignment@87] - Assigned port 30169 from range 30072 - 32764.
2021-11-08 11:17:27,610 [myid:] - INFO  [main:PortAssignment@87] - Assigned port 30170 from range 30072 - 32764.
2021-11-08 11:17:27,611 [myid:] - INFO  [main:PortAssignment@87] - Assigned port 30171 from range 30072 - 32764.
2021-11-08 11:17:27,611 [myid:] - INFO  [main:PortAssignment@87] - Assigned port 30172 from range 30072 - 32764.
2021-11-08 11:17:27,611 [myid:] - INFO  [main:PortAssignment@87] - Assigned port 30173 from range 30072 - 32764.
2021-11-08 11:17:27,612 [myid:] - INFO  [main:PortAssignment@87] - Assigned port 30174 from range 30072 - 32764.
2021-11-08 11:17:27,612 [myid:] - INFO  [main:PortAssignment@87] - Assigned port 30175 from range 30072 - 32764.
2021-11-08 11:17:27,867 [myid:2] - INFO  [WorkerReceiver[myid=2]:FastLeaderElection$Messenger$WorkerReceiver@472] - WorkerReceiver is down
2021-11-08 11:17:27,867 [myid:1] - INFO  [WorkerSender[myid=1]:FastLeaderElection$Messenger$WorkerSender@506] - WorkerSender is down
2021-11-08 11:17:27,867 [myid:2] - INFO  [WorkerSender[myid=2]:FastLeaderElection$Messenger$WorkerSender@506] - WorkerSender is down
2021-11-08 11:17:27,867 [myid:1] - INFO  [WorkerReceiver[myid=1]:FastLeaderElection$Messenger$WorkerReceiver@472] - WorkerReceiver is down
2021-11-08 11:17:32,880 [myid:] - INFO  [main:PortAssignment@87] - Assigned port 30176 from range 30072 - 32764.
2021-11-08 11:17:32,880 [myid:] - INFO  [main:PortAssignment@87] - Assigned port 30177 from range 30072 - 32764.
2021-11-08 11:17:32,881 [myid:] - INFO  [main:PortAssignment@87] - Assigned port 30178 from range 30072 - 32764.
2021-11-08 11:17:32,881 [myid:] - INFO  [main:PortAssignment@87] - Assigned port 30179 from range 30072 - 32764.
2021-11-08 11:17:32,881 [myid:] - INFO  [main:PortAssignment@87] - Assigned port 30180 from range 30072 - 32764.
2021-11-08 11:17:32,881 [myid:] - INFO  [main:PortAssignment@87] - Assigned port 30181 from range 30072 - 32764.
2021-11-08 11:17:32,881 [myid:] - INFO  [main:PortAssignment@87] - Assigned port 30182 from range 30072 - 32764.
2021-11-08 11:17:32,881 [myid:] - INFO  [main:PortAssignment@87] - Assigned port 30183 from range 30072 - 32764.
2021-11-08 11:17:32,882 [myid:] - INFO  [main:PortAssignment@87] - Assigned port 30184 from range 30072 - 32764.
2021-11-08 11:17:32,882 [myid:] - INFO  [main:PortAssignment@87] - Assigned port 30185 from range 30072 - 32764.
2021-11-08 11:17:32,882 [myid:] - INFO  [main:PortAssignment@87] - Assigned port 30186 from range 30072 - 32764.
2021-11-08 11:17:32,882 [myid:] - INFO  [main:PortAssignment@87] - Assigned port 30187 from range 30072 - 32764.
2021-11-08 11:17:32,918 [myid:] - INFO  [main:QuorumPeerTestBase$MainThread@205] - id = 1 tmpDir = D:\mysoft\faiscoGit\myStudy\ZooKeeperLearning\apache-zookeeper-3.7.0\zookeeper-server\target\surefire\test8171851442057336778.junit.dir clientPort = 30167 adminServerPort = 8080
2021-11-08 11:17:32,920 [myid:] - INFO  [main:QuorumPeerTestBase$MainThread@205] - id = 2 tmpDir = D:\mysoft\faiscoGit\myStudy\ZooKeeperLearning\apache-zookeeper-3.7.0\zookeeper-server\target\surefire\test2019371569631345437.junit.dir clientPort = 30168 adminServerPort = 8080
2021-11-08 11:17:32,922 [myid:] - INFO  [main:FourLetterWordMain@94] - connecting to 127.0.0.1 30167
2021-11-08 11:17:32,922 [myid:] - INFO  [Thread-35:QuorumPeerConfig@174] - Reading configuration from: D:\mysoft\faiscoGit\myStudy\ZooKeeperLearning\apache-zookeeper-3.7.0\zookeeper-server\target\surefire\test8171851442057336778.junit.dir\zoo.cfg
2021-11-08 11:17:32,922 [myid:] - INFO  [Thread-36:QuorumPeerConfig@174] - Reading configuration from: D:\mysoft\faiscoGit\myStudy\ZooKeeperLearning\apache-zookeeper-3.7.0\zookeeper-server\target\surefire\test2019371569631345437.junit.dir\zoo.cfg
2021-11-08 11:17:32,923 [myid:] - INFO  [Thread-35:QuorumPeerConfig@444] - clientPortAddress is 0.0.0.0:30167
2021-11-08 11:17:32,923 [myid:] - INFO  [Thread-35:QuorumPeerConfig@448] - secureClientPort is not set
2021-11-08 11:17:32,923 [myid:] - INFO  [Thread-35:QuorumPeerConfig@464] - observerMasterPort is not set
2021-11-08 11:17:32,923 [myid:] - INFO  [Thread-35:QuorumPeerConfig@481] - metricsProvider.className is org.apache.zookeeper.metrics.impl.DefaultMetricsProvider
2021-11-08 11:17:32,923 [myid:] - INFO  [Thread-36:QuorumPeerConfig@444] - clientPortAddress is 0.0.0.0:30168
2021-11-08 11:17:32,923 [myid:] - INFO  [Thread-36:QuorumPeerConfig@448] - secureClientPort is not set
2021-11-08 11:17:32,923 [myid:] - INFO  [Thread-36:QuorumPeerConfig@464] - observerMasterPort is not set
2021-11-08 11:17:32,923 [myid:] - INFO  [Thread-36:QuorumPeerConfig@481] - metricsProvider.className is org.apache.zookeeper.metrics.impl.DefaultMetricsProvider
2021-11-08 11:17:32,923 [myid:1] - INFO  [Thread-35:DatadirCleanupManager@78] - autopurge.snapRetainCount set to 3
2021-11-08 11:17:32,923 [myid:1] - INFO  [Thread-35:DatadirCleanupManager@79] - autopurge.purgeInterval set to 0
2021-11-08 11:17:32,923 [myid:1] - INFO  [Thread-35:DatadirCleanupManager@101] - Purge task is not scheduled.
2021-11-08 11:17:32,923 [myid:2] - INFO  [Thread-36:DatadirCleanupManager@78] - autopurge.snapRetainCount set to 3
2021-11-08 11:17:32,923 [myid:2] - INFO  [Thread-36:DatadirCleanupManager@79] - autopurge.purgeInterval set to 0
2021-11-08 11:17:32,923 [myid:2] - INFO  [Thread-36:DatadirCleanupManager@101] - Purge task is not scheduled.
2021-11-08 11:17:32,923 [myid:1] - INFO  [Thread-35:ManagedUtil@44] - Log4j 1.2 jmx support found and enabled.
2021-11-08 11:17:32,923 [myid:2] - INFO  [Thread-36:ManagedUtil@44] - Log4j 1.2 jmx support found and enabled.
2021-11-08 11:17:32,923 [myid:1] - ERROR [Thread-35:ManagedUtil@109] - Problems while registering log4j 1.2 jmx beans!
javax.management.InstanceAlreadyExistsException: log4j:hierarchy=default
	at com.sun.jmx.mbeanserver.Repository.addMBean(Repository.java:437)
	at com.sun.jmx.interceptor.DefaultMBeanServerInterceptor.registerWithRepository(DefaultMBeanServerInterceptor.java:1898)
	at com.sun.jmx.interceptor.DefaultMBeanServerInterceptor.registerDynamicMBean(DefaultMBeanServerInterceptor.java:966)
	at com.sun.jmx.interceptor.DefaultMBeanServerInterceptor.registerObject(DefaultMBeanServerInterceptor.java:900)
	at com.sun.jmx.interceptor.DefaultMBeanServerInterceptor.registerMBean(DefaultMBeanServerInterceptor.java:324)
	at com.sun.jmx.mbeanserver.JmxMBeanServer.registerMBean(JmxMBeanServer.java:522)
	at org.apache.zookeeper.jmx.ManagedUtil.registerLog4jMBeans(ManagedUtil.java:72)
	at org.apache.zookeeper.server.quorum.QuorumPeerMain.runFromConfig(QuorumPeerMain.java:147)
	at org.apache.zookeeper.server.quorum.QuorumPeerMain.initializeAndRun(QuorumPeerMain.java:137)
	at org.apache.zookeeper.server.quorum.QuorumPeerTestBase$MainThread.run(QuorumPeerTestBase.java:329)
	at java.lang.Thread.run(Thread.java:745)
2021-11-08 11:17:32,923 [myid:2] - ERROR [Thread-36:ManagedUtil@109] - Problems while registering log4j 1.2 jmx beans!
javax.management.InstanceAlreadyExistsException: log4j:hierarchy=default
	at com.sun.jmx.mbeanserver.Repository.addMBean(Repository.java:437)
	at com.sun.jmx.interceptor.DefaultMBeanServerInterceptor.registerWithRepository(DefaultMBeanServerInterceptor.java:1898)
	at com.sun.jmx.interceptor.DefaultMBeanServerInterceptor.registerDynamicMBean(DefaultMBeanServerInterceptor.java:966)
	at com.sun.jmx.interceptor.DefaultMBeanServerInterceptor.registerObject(DefaultMBeanServerInterceptor.java:900)
	at com.sun.jmx.interceptor.DefaultMBeanServerInterceptor.registerMBean(DefaultMBeanServerInterceptor.java:324)
	at com.sun.jmx.mbeanserver.JmxMBeanServer.registerMBean(JmxMBeanServer.java:522)
	at org.apache.zookeeper.jmx.ManagedUtil.registerLog4jMBeans(ManagedUtil.java:72)
	at org.apache.zookeeper.server.quorum.QuorumPeerMain.runFromConfig(QuorumPeerMain.java:147)
	at org.apache.zookeeper.server.quorum.QuorumPeerMain.initializeAndRun(QuorumPeerMain.java:137)
	at org.apache.zookeeper.server.quorum.QuorumPeerTestBase$MainThread.run(QuorumPeerTestBase.java:329)
	at java.lang.Thread.run(Thread.java:745)
2021-11-08 11:17:32,923 [myid:1] - WARN  [Thread-35:QuorumPeerMain@149] - Unable to register log4j JMX control
javax.management.JMException: javax.management.InstanceAlreadyExistsException: log4j:hierarchy=default
	at org.apache.zookeeper.jmx.ManagedUtil.registerLog4jMBeans(ManagedUtil.java:110)
	at org.apache.zookeeper.server.quorum.QuorumPeerMain.runFromConfig(QuorumPeerMain.java:147)
	at org.apache.zookeeper.server.quorum.QuorumPeerMain.initializeAndRun(QuorumPeerMain.java:137)
	at org.apache.zookeeper.server.quorum.QuorumPeerTestBase$MainThread.run(QuorumPeerTestBase.java:329)
	at java.lang.Thread.run(Thread.java:745)
2021-11-08 11:17:32,924 [myid:2] - WARN  [Thread-36:QuorumPeerMain@149] - Unable to register log4j JMX control
javax.management.JMException: javax.management.InstanceAlreadyExistsException: log4j:hierarchy=default
	at org.apache.zookeeper.jmx.ManagedUtil.registerLog4jMBeans(ManagedUtil.java:110)
	at org.apache.zookeeper.server.quorum.QuorumPeerMain.runFromConfig(QuorumPeerMain.java:147)
	at org.apache.zookeeper.server.quorum.QuorumPeerMain.initializeAndRun(QuorumPeerMain.java:137)
	at org.apache.zookeeper.server.quorum.QuorumPeerTestBase$MainThread.run(QuorumPeerTestBase.java:329)
	at java.lang.Thread.run(Thread.java:745)
2021-11-08 11:17:32,924 [myid:1] - INFO  [Thread-35:QuorumPeerMain@152] - Starting quorum peer, myid=1
2021-11-08 11:17:32,924 [myid:2] - INFO  [Thread-36:QuorumPeerMain@152] - Starting quorum peer, myid=2
2021-11-08 11:17:32,924 [myid:1] - INFO  [Thread-35:ServerMetrics@62] - ServerMetrics initialized with provider org.apache.zookeeper.metrics.impl.DefaultMetricsProvider@75105677
2021-11-08 11:17:32,924 [myid:2] - INFO  [Thread-36:ServerMetrics@62] - ServerMetrics initialized with provider org.apache.zookeeper.metrics.impl.DefaultMetricsProvider@38e13f63
2021-11-08 11:17:32,924 [myid:1] - INFO  [Thread-35:DigestAuthenticationProvider@61] - zookeeper.DigestAuthenticationProvider.enabled = true
2021-11-08 11:17:32,924 [myid:2] - INFO  [Thread-36:DigestAuthenticationProvider@61] - zookeeper.DigestAuthenticationProvider.enabled = true
2021-11-08 11:17:32,924 [myid:1] - INFO  [Thread-35:NettyServerCnxnFactory@507] - zookeeper.client.portUnification=false
2021-11-08 11:17:32,924 [myid:1] - INFO  [Thread-35:NettyServerCnxnFactory@519] - zookeeper.netty.advancedFlowControl.enabled = false
2021-11-08 11:17:32,924 [myid:2] - INFO  [Thread-36:NettyServerCnxnFactory@507] - zookeeper.client.portUnification=false
2021-11-08 11:17:32,924 [myid:1] - INFO  [Thread-35:NettyServerCnxnFactory@106] - handshakeThrottlingEnabled = false, zookeeper.netty.server.outstandingHandshake.limit = -1
2021-11-08 11:17:32,924 [myid:2] - INFO  [Thread-36:NettyServerCnxnFactory@519] - zookeeper.netty.advancedFlowControl.enabled = false
2021-11-08 11:17:32,924 [myid:2] - INFO  [Thread-36:NettyServerCnxnFactory@106] - handshakeThrottlingEnabled = false, zookeeper.netty.server.outstandingHandshake.limit = -1
2021-11-08 11:17:33,371 [myid:1] - INFO  [Thread-35:ServerCnxnFactory@169] - Using org.apache.zookeeper.server.NettyServerCnxnFactory as server connection factory
2021-11-08 11:17:33,371 [myid:2] - INFO  [Thread-36:ServerCnxnFactory@169] - Using org.apache.zookeeper.server.NettyServerCnxnFactory as server connection factory
2021-11-08 11:17:33,371 [myid:1] - WARN  [Thread-35:ServerCnxnFactory@309] - maxCnxns is not configured, using default value 0.
2021-11-08 11:17:33,371 [myid:2] - WARN  [Thread-36:ServerCnxnFactory@309] - maxCnxns is not configured, using default value 0.
2021-11-08 11:17:33,371 [myid:1] - INFO  [Thread-35:NettyServerCnxnFactory@606] - configure org.apache.zookeeper.server.NettyServerCnxnFactory@2a9ed5df secure: false on addr /0.0.0.0:30167
2021-11-08 11:17:33,371 [myid:2] - INFO  [Thread-36:NettyServerCnxnFactory@606] - configure org.apache.zookeeper.server.NettyServerCnxnFactory@5546f956 secure: false on addr /0.0.0.0:30168
2021-11-08 11:17:33,371 [myid:1] - INFO  [Thread-35:FileTxnSnapLog@124] - zookeeper.snapshot.trust.empty : false
2021-11-08 11:17:33,371 [myid:2] - INFO  [Thread-36:FileTxnSnapLog@124] - zookeeper.snapshot.trust.empty : false
2021-11-08 11:17:33,372 [myid:1] - INFO  [Thread-35:QuorumPeer@1742] - Local sessions disabled
2021-11-08 11:17:33,372 [myid:1] - INFO  [Thread-35:QuorumPeer@1753] - Local session upgrading disabled
2021-11-08 11:17:33,372 [myid:2] - INFO  [Thread-36:QuorumPeer@1742] - Local sessions disabled
2021-11-08 11:17:33,372 [myid:1] - INFO  [Thread-35:QuorumPeer@1720] - tickTime set to 4000
2021-11-08 11:17:33,372 [myid:2] - INFO  [Thread-36:QuorumPeer@1753] - Local session upgrading disabled
2021-11-08 11:17:33,372 [myid:1] - INFO  [Thread-35:QuorumPeer@1764] - minSessionTimeout set to 8000
2021-11-08 11:17:33,372 [myid:2] - INFO  [Thread-36:QuorumPeer@1720] - tickTime set to 4000
2021-11-08 11:17:33,372 [myid:1] - INFO  [Thread-35:QuorumPeer@1775] - maxSessionTimeout set to 80000
2021-11-08 11:17:33,372 [myid:2] - INFO  [Thread-36:QuorumPeer@1764] - minSessionTimeout set to 8000
2021-11-08 11:17:33,372 [myid:1] - INFO  [Thread-35:QuorumPeer@1800] - initLimit set to 10
2021-11-08 11:17:33,372 [myid:2] - INFO  [Thread-36:QuorumPeer@1775] - maxSessionTimeout set to 80000
2021-11-08 11:17:33,372 [myid:1] - INFO  [Thread-35:QuorumPeer@1987] - syncLimit set to 5
2021-11-08 11:17:33,372 [myid:2] - INFO  [Thread-36:QuorumPeer@1800] - initLimit set to 10
2021-11-08 11:17:33,372 [myid:1] - INFO  [Thread-35:QuorumPeer@2002] - connectToLearnerMasterLimit set to 5
2021-11-08 11:17:33,372 [myid:2] - INFO  [Thread-36:QuorumPeer@1987] - syncLimit set to 5
2021-11-08 11:17:33,372 [myid:2] - INFO  [Thread-36:QuorumPeer@2002] - connectToLearnerMasterLimit set to 5
2021-11-08 11:17:33,372 [myid:1] - INFO  [Thread-35:WatchManagerFactory@42] - Using org.apache.zookeeper.server.watch.WatchManager as watch manager
2021-11-08 11:17:33,372 [myid:2] - INFO  [Thread-36:WatchManagerFactory@42] - Using org.apache.zookeeper.server.watch.WatchManager as watch manager
2021-11-08 11:17:33,372 [myid:1] - INFO  [Thread-35:WatchManagerFactory@42] - Using org.apache.zookeeper.server.watch.WatchManager as watch manager
2021-11-08 11:17:33,372 [myid:2] - INFO  [Thread-36:WatchManagerFactory@42] - Using org.apache.zookeeper.server.watch.WatchManager as watch manager
2021-11-08 11:17:33,373 [myid:1] - INFO  [Thread-35:ZKDatabase@133] - zookeeper.snapshotSizeFactor = 0.33
2021-11-08 11:17:33,373 [myid:2] - INFO  [Thread-36:ZKDatabase@133] - zookeeper.snapshotSizeFactor = 0.33
2021-11-08 11:17:33,373 [myid:1] - INFO  [Thread-35:ZKDatabase@153] - zookeeper.commitLogCount=500
2021-11-08 11:17:33,373 [myid:2] - INFO  [Thread-36:ZKDatabase@153] - zookeeper.commitLogCount=500
2021-11-08 11:17:33,373 [myid:1] - INFO  [Thread-35:QuorumPeer@2064] - Using TLS encrypted quorum communication
2021-11-08 11:17:33,373 [myid:1] - INFO  [Thread-35:QuorumPeer@2072] - Port unification disabled
2021-11-08 11:17:33,373 [myid:2] - INFO  [Thread-36:QuorumPeer@2064] - Using TLS encrypted quorum communication
2021-11-08 11:17:33,373 [myid:1] - INFO  [Thread-35:QuorumPeer@179] - multiAddress.enabled set to true
2021-11-08 11:17:33,373 [myid:2] - INFO  [Thread-36:QuorumPeer@2072] - Port unification disabled
2021-11-08 11:17:33,373 [myid:1] - INFO  [Thread-35:QuorumPeer@204] - multiAddress.reachabilityCheckEnabled set to true
2021-11-08 11:17:33,373 [myid:2] - INFO  [Thread-36:QuorumPeer@179] - multiAddress.enabled set to true
2021-11-08 11:17:33,373 [myid:1] - INFO  [Thread-35:QuorumPeer@191] - multiAddress.reachabilityCheckTimeoutMs set to 1000
2021-11-08 11:17:33,373 [myid:1] - INFO  [Thread-35:QuorumPeer@2527] - QuorumPeer communication is not secured! (SASL auth disabled)
2021-11-08 11:17:33,373 [myid:2] - INFO  [Thread-36:QuorumPeer@204] - multiAddress.reachabilityCheckEnabled set to true
2021-11-08 11:17:33,373 [myid:1] - INFO  [Thread-35:QuorumPeer@2552] - quorum.cnxn.threads.size set to 20
2021-11-08 11:17:33,373 [myid:2] - INFO  [Thread-36:QuorumPeer@191] - multiAddress.reachabilityCheckTimeoutMs set to 1000
2021-11-08 11:17:33,374 [myid:2] - INFO  [Thread-36:QuorumPeer@2527] - QuorumPeer communication is not secured! (SASL auth disabled)
2021-11-08 11:17:33,374 [myid:2] - INFO  [Thread-36:QuorumPeer@2552] - quorum.cnxn.threads.size set to 20
2021-11-08 11:17:33,374 [myid:1] - INFO  [Thread-35:FileTxnSnapLog@260] - Initialize file found, an empty database will not block voting participation
2021-11-08 11:17:33,374 [myid:2] - INFO  [Thread-36:FileTxnSnapLog@260] - Initialize file found, an empty database will not block voting participation
2021-11-08 11:17:33,374 [myid:1] - INFO  [Thread-35:FileTxnSnapLog@479] - Snapshotting: 0x0 to D:\mysoft\faiscoGit\myStudy\ZooKeeperLearning\apache-zookeeper-3.7.0\zookeeper-server\target\surefire\test8171851442057336778.junit.dir\data\version-2\snapshot.0
2021-11-08 11:17:33,374 [myid:2] - INFO  [Thread-36:FileTxnSnapLog@479] - Snapshotting: 0x0 to D:\mysoft\faiscoGit\myStudy\ZooKeeperLearning\apache-zookeeper-3.7.0\zookeeper-server\target\surefire\test2019371569631345437.junit.dir\data\version-2\snapshot.0
2021-11-08 11:17:33,375 [myid:2] - INFO  [Thread-36:ZKDatabase@290] - Snapshot loaded in 1 ms, highest zxid is 0x0, digest is 1371985504
2021-11-08 11:17:33,375 [myid:1] - INFO  [Thread-35:ZKDatabase@290] - Snapshot loaded in 1 ms, highest zxid is 0x0, digest is 1371985504
2021-11-08 11:17:33,375 [myid:2] - INFO  [Thread-36:QuorumPeer@1157] - currentEpoch not found! Creating with a reasonable default of 0. This should only happen when you are upgrading your installation
2021-11-08 11:17:33,375 [myid:1] - INFO  [Thread-35:QuorumPeer@1157] - currentEpoch not found! Creating with a reasonable default of 0. This should only happen when you are upgrading your installation
2021-11-08 11:17:33,378 [myid:2] - INFO  [Thread-36:QuorumPeer@1177] - acceptedEpoch not found! Creating with a reasonable default of 0. This should only happen when you are upgrading your installation
2021-11-08 11:17:33,379 [myid:1] - INFO  [Thread-35:QuorumPeer@1177] - acceptedEpoch not found! Creating with a reasonable default of 0. This should only happen when you are upgrading your installation
2021-11-08 11:17:33,381 [myid:2] - INFO  [Thread-36:NettyServerCnxnFactory@695] - binding to port /0.0.0.0:30168
2021-11-08 11:17:33,382 [myid:2] - INFO  [Thread-36:NettyServerCnxnFactory@700] - bound to port 30168
2021-11-08 11:17:33,382 [myid:1] - INFO  [Thread-35:NettyServerCnxnFactory@695] - binding to port /0.0.0.0:30167
2021-11-08 11:17:33,382 [myid:2] - INFO  [Thread-36:QuorumPeer@2569] - Using 20000ms as the quorum cnxn socket timeout
2021-11-08 11:17:33,382 [myid:2] - INFO  [Thread-36:QuorumCnxManager$Listener@924] - Election port bind maximum retries is 3
2021-11-08 11:17:33,382 [myid:2] - INFO  [ListenerHandler-/127.0.0.1:30184:QuorumCnxManager$Listener$ListenerHandler@1128] - Creating TLS-only quorum server socket
2021-11-08 11:17:33,382 [myid:2] - INFO  [ListenerHandler-/127.0.0.1:30185:QuorumCnxManager$Listener$ListenerHandler@1128] - Creating TLS-only quorum server socket
2021-11-08 11:17:33,382 [myid:2] - INFO  [QuorumPeer[myid=2](plain=[0:0:0:0:0:0:0:0]:30168)(secure=disabled):QuorumPeer@1430] - LOOKING
2021-11-08 11:17:33,382 [myid:1] - INFO  [Thread-35:NettyServerCnxnFactory@700] - bound to port 30167
2021-11-08 11:17:33,382 [myid:1] - INFO  [Thread-35:QuorumPeer@2569] - Using 20000ms as the quorum cnxn socket timeout
2021-11-08 11:17:33,382 [myid:2] - INFO  [QuorumPeer[myid=2](plain=[0:0:0:0:0:0:0:0]:30168)(secure=disabled):FastLeaderElection@947] - New election. My id = 2, proposed zxid=0x0
2021-11-08 11:17:33,382 [myid:1] - INFO  [Thread-35:QuorumCnxManager$Listener@924] - Election port bind maximum retries is 3
2021-11-08 11:17:33,382 [myid:2] - INFO  [ListenerHandler-/127.0.0.1:30185:QuorumCnxManager$Listener$ListenerHandler@1066] - 2 is accepting connections now, my election bind port: /127.0.0.1:30185
2021-11-08 11:17:33,383 [myid:2] - INFO  [WorkerReceiver[myid=2]:FastLeaderElection$Messenger$WorkerReceiver@390] - Notification: my state:LOOKING; n.sid:2, n.state:LOOKING, n.leader:2, n.round:0x1, n.peerEpoch:0x0, n.zxid:0x0, message format version:0x2, n.config version:0x0
2021-11-08 11:17:33,383 [myid:2] - INFO  [ListenerHandler-/127.0.0.1:30184:QuorumCnxManager$Listener$ListenerHandler@1066] - 2 is accepting connections now, my election bind port: /127.0.0.1:30184
2021-11-08 11:17:33,383 [myid:1] - INFO  [ListenerHandler-/127.0.0.1:30183:QuorumCnxManager$Listener$ListenerHandler@1128] - Creating TLS-only quorum server socket
2021-11-08 11:17:33,383 [myid:1] - INFO  [ListenerHandler-/127.0.0.1:30182:QuorumCnxManager$Listener$ListenerHandler@1128] - Creating TLS-only quorum server socket
2021-11-08 11:17:33,383 [myid:1] - INFO  [ListenerHandler-/127.0.0.1:30182:QuorumCnxManager$Listener$ListenerHandler@1066] - 1 is accepting connections now, my election bind port: /127.0.0.1:30182
2021-11-08 11:17:33,383 [myid:1] - INFO  [ListenerHandler-/127.0.0.1:30183:QuorumCnxManager$Listener$ListenerHandler@1066] - 1 is accepting connections now, my election bind port: /127.0.0.1:30183
2021-11-08 11:17:33,384 [myid:1] - INFO  [QuorumPeer[myid=1](plain=[0:0:0:0:0:0:0:0]:30167)(secure=disabled):QuorumPeer@1430] - LOOKING
2021-11-08 11:17:33,384 [myid:1] - INFO  [QuorumPeer[myid=1](plain=[0:0:0:0:0:0:0:0]:30167)(secure=disabled):FastLeaderElection@947] - New election. My id = 1, proposed zxid=0x0
2021-11-08 11:17:33,386 [myid:1] - INFO  [WorkerReceiver[myid=1]:FastLeaderElection$Messenger$WorkerReceiver@390] - Notification: my state:LOOKING; n.sid:1, n.state:LOOKING, n.leader:1, n.round:0x1, n.peerEpoch:0x0, n.zxid:0x0, message format version:0x2, n.config version:0x0
2021-11-08 11:17:33,429 [myid:1] - WARN  [nioEventLoopGroup-79-1:NettyServerCnxnFactory$CnxnChannelHandler@231] - Zookeeper server is not running, close the connection before starting the TLS handshake
2021-11-08 11:17:33,590 [myid:2] - INFO  [QuorumPeer[myid=2](plain=[0:0:0:0:0:0:0:0]:30168)(secure=disabled):FastLeaderElection@984] - Notification time out: 400
2021-11-08 11:17:33,591 [myid:1] - INFO  [QuorumPeer[myid=1](plain=[0:0:0:0:0:0:0:0]:30167)(secure=disabled):FastLeaderElection@984] - Notification time out: 400
2021-11-08 11:17:33,681 [myid:] - INFO  [main:FourLetterWordMain@94] - connecting to 127.0.0.1 30167
2021-11-08 11:17:33,682 [myid:1] - WARN  [nioEventLoopGroup-79-2:NettyServerCnxnFactory$CnxnChannelHandler@231] - Zookeeper server is not running, close the connection before starting the TLS handshake
2021-11-08 11:17:33,697 [myid:] - INFO  [main:ClientBase@267] - server 127.0.0.1:30167 not up
java.net.SocketException: Software caused connection abort: recv failed
	at java.net.SocketInputStream.socketRead0(Native Method)
	at java.net.SocketInputStream.read(SocketInputStream.java:150)
	at java.net.SocketInputStream.read(SocketInputStream.java:121)
	at sun.nio.cs.StreamDecoder.readBytes(StreamDecoder.java:284)
	at sun.nio.cs.StreamDecoder.implRead(StreamDecoder.java:326)
	at sun.nio.cs.StreamDecoder.read(StreamDecoder.java:178)
	at java.io.InputStreamReader.read(InputStreamReader.java:184)
	at java.io.BufferedReader.fill(BufferedReader.java:161)
	at java.io.BufferedReader.readLine(BufferedReader.java:324)
	at java.io.BufferedReader.readLine(BufferedReader.java:389)
	at org.apache.zookeeper.client.FourLetterWordMain.send4LetterWord(FourLetterWordMain.java:129)
	at org.apache.zookeeper.client.FourLetterWordMain.send4LetterWord(FourLetterWordMain.java:74)
	at org.apache.zookeeper.test.ClientBase.waitForServerUp(ClientBase.java:258)
	at org.apache.zookeeper.test.ClientBase.waitForServerUp(ClientBase.java:249)
	at org.apache.zookeeper.server.quorum.QuorumSSLTest.testHostnameVerification(QuorumSSLTest.java:671)
	at org.apache.zookeeper.server.quorum.QuorumSSLTest.testHostnameVerificationForInvalidMultiAddressServerConfig(QuorumSSLTest.java:620)
	at sun.reflect.NativeMethodAccessorImpl.invoke0(Native Method)
	at sun.reflect.NativeMethodAccessorImpl.invoke(NativeMethodAccessorImpl.java:62)
	at sun.reflect.DelegatingMethodAccessorImpl.invoke(DelegatingMethodAccessorImpl.java:43)
	at java.lang.reflect.Method.invoke(Method.java:483)
	at org.junit.platform.commons.util.ReflectionUtils.invokeMethod(ReflectionUtils.java:686)
	at org.junit.jupiter.engine.execution.MethodInvocation.proceed(MethodInvocation.java:60)
	at org.junit.jupiter.engine.execution.InvocationInterceptorChain$ValidatingInvocation.proceed(InvocationInterceptorChain.java:131)
	at org.junit.jupiter.engine.extension.TimeoutInvocation.proceed(TimeoutInvocation.java:46)
	at org.junit.jupiter.engine.extension.TimeoutExtension.intercept(TimeoutExtension.java:149)
	at org.junit.jupiter.engine.extension.TimeoutExtension.interceptTestableMethod(TimeoutExtension.java:140)
	at org.junit.jupiter.engine.extension.TimeoutExtension.interceptTestMethod(TimeoutExtension.java:84)
	at org.junit.jupiter.engine.descriptor.TestMethodTestDescriptor$$Lambda$111/1780132728.apply(Unknown Source)
	at org.junit.jupiter.engine.execution.ExecutableInvoker$ReflectiveInterceptorCall.lambda$ofVoidMethod$0(ExecutableInvoker.java:115)
	at org.junit.jupiter.engine.execution.ExecutableInvoker$ReflectiveInterceptorCall$$Lambda$112/1725017993.apply(Unknown Source)
	at org.junit.jupiter.engine.execution.ExecutableInvoker.lambda$invoke$0(ExecutableInvoker.java:105)
	at org.junit.jupiter.engine.execution.ExecutableInvoker$$Lambda$234/64133603.apply(Unknown Source)
	at org.junit.jupiter.engine.execution.InvocationInterceptorChain$InterceptedInvocation.proceed(InvocationInterceptorChain.java:106)
	at org.junit.jupiter.engine.execution.InvocationInterceptorChain.proceed(InvocationInterceptorChain.java:64)
	at org.junit.jupiter.engine.execution.InvocationInterceptorChain.chainAndInvoke(InvocationInterceptorChain.java:45)
	at org.junit.jupiter.engine.execution.InvocationInterceptorChain.invoke(InvocationInterceptorChain.java:37)
	at org.junit.jupiter.engine.execution.ExecutableInvoker.invoke(ExecutableInvoker.java:104)
	at org.junit.jupiter.engine.execution.ExecutableInvoker.invoke(ExecutableInvoker.java:98)
	at org.junit.jupiter.engine.descriptor.TestMethodTestDescriptor.lambda$invokeTestMethod$6(TestMethodTestDescriptor.java:212)
	at org.junit.jupiter.engine.descriptor.TestMethodTestDescriptor$$Lambda$271/224100622.execute(Unknown Source)
	at org.junit.platform.engine.support.hierarchical.ThrowableCollector.execute(ThrowableCollector.java:73)
	at org.junit.jupiter.engine.descriptor.TestMethodTestDescriptor.invokeTestMethod(TestMethodTestDescriptor.java:208)
	at org.junit.jupiter.engine.descriptor.TestMethodTestDescriptor.execute(TestMethodTestDescriptor.java:137)
	at org.junit.jupiter.engine.descriptor.TestMethodTestDescriptor.execute(TestMethodTestDescriptor.java:71)
	at org.junit.platform.engine.support.hierarchical.NodeTestTask.lambda$executeRecursively$5(NodeTestTask.java:135)
	at org.junit.platform.engine.support.hierarchical.NodeTestTask$$Lambda$179/195615004.execute(Unknown Source)
	at org.junit.platform.engine.support.hierarchical.ThrowableCollector.execute(ThrowableCollector.java:73)
	at org.junit.platform.engine.support.hierarchical.NodeTestTask.lambda$executeRecursively$7(NodeTestTask.java:125)
	at org.junit.platform.engine.support.hierarchical.NodeTestTask$$Lambda$178/1890627974.invoke(Unknown Source)
	at org.junit.platform.engine.support.hierarchical.Node.around(Node.java:135)
	at org.junit.platform.engine.support.hierarchical.NodeTestTask.lambda$executeRecursively$8(NodeTestTask.java:123)
	at org.junit.platform.engine.support.hierarchical.NodeTestTask$$Lambda$177/231977479.execute(Unknown Source)
	at org.junit.platform.engine.support.hierarchical.ThrowableCollector.execute(ThrowableCollector.java:73)
	at org.junit.platform.engine.support.hierarchical.NodeTestTask.executeRecursively(NodeTestTask.java:122)
	at org.junit.platform.engine.support.hierarchical.NodeTestTask.execute(NodeTestTask.java:80)
	at org.junit.platform.engine.support.hierarchical.SameThreadHierarchicalTestExecutorService$$Lambda$183/1381713434.accept(Unknown Source)
	at java.util.ArrayList.forEach(ArrayList.java:1249)
	at org.junit.platform.engine.support.hierarchical.SameThreadHierarchicalTestExecutorService.invokeAll(SameThreadHierarchicalTestExecutorService.java:38)
	at org.junit.platform.engine.support.hierarchical.NodeTestTask.lambda$executeRecursively$5(NodeTestTask.java:139)
	at org.junit.platform.engine.support.hierarchical.NodeTestTask$$Lambda$179/195615004.execute(Unknown Source)
	at org.junit.platform.engine.support.hierarchical.ThrowableCollector.execute(ThrowableCollector.java:73)
	at org.junit.platform.engine.support.hierarchical.NodeTestTask.lambda$executeRecursively$7(NodeTestTask.java:125)
	at org.junit.platform.engine.support.hierarchical.NodeTestTask$$Lambda$178/1890627974.invoke(Unknown Source)
	at org.junit.platform.engine.support.hierarchical.Node.around(Node.java:135)
	at org.junit.platform.engine.support.hierarchical.NodeTestTask.lambda$executeRecursively$8(NodeTestTask.java:123)
	at org.junit.platform.engine.support.hierarchical.NodeTestTask$$Lambda$177/231977479.execute(Unknown Source)
	at org.junit.platform.engine.support.hierarchical.ThrowableCollector.execute(ThrowableCollector.java:73)
	at org.junit.platform.engine.support.hierarchical.NodeTestTask.executeRecursively(NodeTestTask.java:122)
	at org.junit.platform.engine.support.hierarchical.NodeTestTask.execute(NodeTestTask.java:80)
	at org.junit.platform.engine.support.hierarchical.SameThreadHierarchicalTestExecutorService$$Lambda$183/1381713434.accept(Unknown Source)
	at java.util.ArrayList.forEach(ArrayList.java:1249)
	at org.junit.platform.engine.support.hierarchical.SameThreadHierarchicalTestExecutorService.invokeAll(SameThreadHierarchicalTestExecutorService.java:38)
	at org.junit.platform.engine.support.hierarchical.NodeTestTask.lambda$executeRecursively$5(NodeTestTask.java:139)
	at org.junit.platform.engine.support.hierarchical.NodeTestTask$$Lambda$179/195615004.execute(Unknown Source)
	at org.junit.platform.engine.support.hierarchical.ThrowableCollector.execute(ThrowableCollector.java:73)
	at org.junit.platform.engine.support.hierarchical.NodeTestTask.lambda$executeRecursively$7(NodeTestTask.java:125)
	at org.junit.platform.engine.support.hierarchical.NodeTestTask$$Lambda$178/1890627974.invoke(Unknown Source)
	at org.junit.platform.engine.support.hierarchical.Node.around(Node.java:135)
	at org.junit.platform.engine.support.hierarchical.NodeTestTask.lambda$executeRecursively$8(NodeTestTask.java:123)
	at org.junit.platform.engine.support.hierarchical.NodeTestTask$$Lambda$177/231977479.execute(Unknown Source)
	at org.junit.platform.engine.support.hierarchical.ThrowableCollector.execute(ThrowableCollector.java:73)
	at org.junit.platform.engine.support.hierarchical.NodeTestTask.executeRecursively(NodeTestTask.java:122)
	at org.junit.platform.engine.support.hierarchical.NodeTestTask.execute(NodeTestTask.java:80)
	at org.junit.platform.engine.support.hierarchical.SameThreadHierarchicalTestExecutorService.submit(SameThreadHierarchicalTestExecutorService.java:32)
	at org.junit.platform.engine.support.hierarchical.HierarchicalTestExecutor.execute(HierarchicalTestExecutor.java:57)
	at org.junit.platform.engine.support.hierarchical.HierarchicalTestEngine.execute(HierarchicalTestEngine.java:51)
	at org.junit.platform.launcher.core.DefaultLauncher.execute(DefaultLauncher.java:248)
	at org.junit.platform.launcher.core.DefaultLauncher.lambda$execute$5(DefaultLauncher.java:211)
	at org.junit.platform.launcher.core.DefaultLauncher$$Lambda$143/233996206.accept(Unknown Source)
	at org.junit.platform.launcher.core.DefaultLauncher.withInterceptedStreams(DefaultLauncher.java:226)
	at org.junit.platform.launcher.core.DefaultLauncher.execute(DefaultLauncher.java:199)
	at org.junit.platform.launcher.core.DefaultLauncher.execute(DefaultLauncher.java:132)
	at org.apache.maven.surefire.junitplatform.JUnitPlatformProvider.invokeAllTests(JUnitPlatformProvider.java:142)
	at org.apache.maven.surefire.junitplatform.JUnitPlatformProvider.invoke(JUnitPlatformProvider.java:113)
	at org.apache.maven.surefire.booter.ForkedBooter.invokeProviderInSameClassLoader(ForkedBooter.java:384)
	at org.apache.maven.surefire.booter.ForkedBooter.runSuitesInProcess(ForkedBooter.java:345)
	at org.apache.maven.surefire.booter.ForkedBooter.execute(ForkedBooter.java:126)
	at org.apache.maven.surefire.booter.ForkedBooter.main(ForkedBooter.java:418)
2021-11-08 11:17:33,962 [myid:] - INFO  [main:FourLetterWordMain@94] - connecting to 127.0.0.1 30167
2021-11-08 11:17:33,963 [myid:1] - WARN  [nioEventLoopGroup-79-3:NettyServerCnxnFactory$CnxnChannelHandler@231] - Zookeeper server is not running, close the connection before starting the TLS handshake
2021-11-08 11:17:33,978 [myid:] - INFO  [main:ClientBase@267] - server 127.0.0.1:30167 not up
java.net.SocketException: Software caused connection abort: recv failed
	at java.net.SocketInputStream.socketRead0(Native Method)
	at java.net.SocketInputStream.read(SocketInputStream.java:150)
	at java.net.SocketInputStream.read(SocketInputStream.java:121)
	at sun.nio.cs.StreamDecoder.readBytes(StreamDecoder.java:284)
	at sun.nio.cs.StreamDecoder.implRead(StreamDecoder.java:326)
	at sun.nio.cs.StreamDecoder.read(StreamDecoder.java:178)
	at java.io.InputStreamReader.read(InputStreamReader.java:184)
	at java.io.BufferedReader.fill(BufferedReader.java:161)
	at java.io.BufferedReader.readLine(BufferedReader.java:324)
	at java.io.BufferedReader.readLine(BufferedReader.java:389)
	at org.apache.zookeeper.client.FourLetterWordMain.send4LetterWord(FourLetterWordMain.java:129)
	at org.apache.zookeeper.client.FourLetterWordMain.send4LetterWord(FourLetterWordMain.java:74)
	at org.apache.zookeeper.test.ClientBase.waitForServerUp(ClientBase.java:258)
	at org.apache.zookeeper.test.ClientBase.waitForServerUp(ClientBase.java:249)
	at org.apache.zookeeper.server.quorum.QuorumSSLTest.testHostnameVerification(QuorumSSLTest.java:671)
	at org.apache.zookeeper.server.quorum.QuorumSSLTest.testHostnameVerificationForInvalidMultiAddressServerConfig(QuorumSSLTest.java:620)
	at sun.reflect.NativeMethodAccessorImpl.invoke0(Native Method)
	at sun.reflect.NativeMethodAccessorImpl.invoke(NativeMethodAccessorImpl.java:62)
	at sun.reflect.DelegatingMethodAccessorImpl.invoke(DelegatingMethodAccessorImpl.java:43)
	at java.lang.reflect.Method.invoke(Method.java:483)
	at org.junit.platform.commons.util.ReflectionUtils.invokeMethod(ReflectionUtils.java:686)
	at org.junit.jupiter.engine.execution.MethodInvocation.proceed(MethodInvocation.java:60)
	at org.junit.jupiter.engine.execution.InvocationInterceptorChain$ValidatingInvocation.proceed(InvocationInterceptorChain.java:131)
	at org.junit.jupiter.engine.extension.TimeoutInvocation.proceed(TimeoutInvocation.java:46)
	at org.junit.jupiter.engine.extension.TimeoutExtension.intercept(TimeoutExtension.java:149)
	at org.junit.jupiter.engine.extension.TimeoutExtension.interceptTestableMethod(TimeoutExtension.java:140)
	at org.junit.jupiter.engine.extension.TimeoutExtension.interceptTestMethod(TimeoutExtension.java:84)
	at org.junit.jupiter.engine.descriptor.TestMethodTestDescriptor$$Lambda$111/1780132728.apply(Unknown Source)
	at org.junit.jupiter.engine.execution.ExecutableInvoker$ReflectiveInterceptorCall.lambda$ofVoidMethod$0(ExecutableInvoker.java:115)
	at org.junit.jupiter.engine.execution.ExecutableInvoker$ReflectiveInterceptorCall$$Lambda$112/1725017993.apply(Unknown Source)
	at org.junit.jupiter.engine.execution.ExecutableInvoker.lambda$invoke$0(ExecutableInvoker.java:105)
	at org.junit.jupiter.engine.execution.ExecutableInvoker$$Lambda$234/64133603.apply(Unknown Source)
	at org.junit.jupiter.engine.execution.InvocationInterceptorChain$InterceptedInvocation.proceed(InvocationInterceptorChain.java:106)
	at org.junit.jupiter.engine.execution.InvocationInterceptorChain.proceed(InvocationInterceptorChain.java:64)
	at org.junit.jupiter.engine.execution.InvocationInterceptorChain.chainAndInvoke(InvocationInterceptorChain.java:45)
	at org.junit.jupiter.engine.execution.InvocationInterceptorChain.invoke(InvocationInterceptorChain.java:37)
	at org.junit.jupiter.engine.execution.ExecutableInvoker.invoke(ExecutableInvoker.java:104)
	at org.junit.jupiter.engine.execution.ExecutableInvoker.invoke(ExecutableInvoker.java:98)
	at org.junit.jupiter.engine.descriptor.TestMethodTestDescriptor.lambda$invokeTestMethod$6(TestMethodTestDescriptor.java:212)
	at org.junit.jupiter.engine.descriptor.TestMethodTestDescriptor$$Lambda$271/224100622.execute(Unknown Source)
	at org.junit.platform.engine.support.hierarchical.ThrowableCollector.execute(ThrowableCollector.java:73)
	at org.junit.jupiter.engine.descriptor.TestMethodTestDescriptor.invokeTestMethod(TestMethodTestDescriptor.java:208)
	at org.junit.jupiter.engine.descriptor.TestMethodTestDescriptor.execute(TestMethodTestDescriptor.java:137)
	at org.junit.jupiter.engine.descriptor.TestMethodTestDescriptor.execute(TestMethodTestDescriptor.java:71)
	at org.junit.platform.engine.support.hierarchical.NodeTestTask.lambda$executeRecursively$5(NodeTestTask.java:135)
	at org.junit.platform.engine.support.hierarchical.NodeTestTask$$Lambda$179/195615004.execute(Unknown Source)
	at org.junit.platform.engine.support.hierarchical.ThrowableCollector.execute(ThrowableCollector.java:73)
	at org.junit.platform.engine.support.hierarchical.NodeTestTask.lambda$executeRecursively$7(NodeTestTask.java:125)
	at org.junit.platform.engine.support.hierarchical.NodeTestTask$$Lambda$178/1890627974.invoke(Unknown Source)
	at org.junit.platform.engine.support.hierarchical.Node.around(Node.java:135)
	at org.junit.platform.engine.support.hierarchical.NodeTestTask.lambda$executeRecursively$8(NodeTestTask.java:123)
	at org.junit.platform.engine.support.hierarchical.NodeTestTask$$Lambda$177/231977479.execute(Unknown Source)
	at org.junit.platform.engine.support.hierarchical.ThrowableCollector.execute(ThrowableCollector.java:73)
	at org.junit.platform.engine.support.hierarchical.NodeTestTask.executeRecursively(NodeTestTask.java:122)
	at org.junit.platform.engine.support.hierarchical.NodeTestTask.execute(NodeTestTask.java:80)
	at org.junit.platform.engine.support.hierarchical.SameThreadHierarchicalTestExecutorService$$Lambda$183/1381713434.accept(Unknown Source)
	at java.util.ArrayList.forEach(ArrayList.java:1249)
	at org.junit.platform.engine.support.hierarchical.SameThreadHierarchicalTestExecutorService.invokeAll(SameThreadHierarchicalTestExecutorService.java:38)
	at org.junit.platform.engine.support.hierarchical.NodeTestTask.lambda$executeRecursively$5(NodeTestTask.java:139)
	at org.junit.platform.engine.support.hierarchical.NodeTestTask$$Lambda$179/195615004.execute(Unknown Source)
	at org.junit.platform.engine.support.hierarchical.ThrowableCollector.execute(ThrowableCollector.java:73)
	at org.junit.platform.engine.support.hierarchical.NodeTestTask.lambda$executeRecursively$7(NodeTestTask.java:125)
	at org.junit.platform.engine.support.hierarchical.NodeTestTask$$Lambda$178/1890627974.invoke(Unknown Source)
	at org.junit.platform.engine.support.hierarchical.Node.around(Node.java:135)
	at org.junit.platform.engine.support.hierarchical.NodeTestTask.lambda$executeRecursively$8(NodeTestTask.java:123)
	at org.junit.platform.engine.support.hierarchical.NodeTestTask$$Lambda$177/231977479.execute(Unknown Source)
	at org.junit.platform.engine.support.hierarchical.ThrowableCollector.execute(ThrowableCollector.java:73)
	at org.junit.platform.engine.support.hierarchical.NodeTestTask.executeRecursively(NodeTestTask.java:122)
	at org.junit.platform.engine.support.hierarchical.NodeTestTask.execute(NodeTestTask.java:80)
	at org.junit.platform.engine.support.hierarchical.SameThreadHierarchicalTestExecutorService$$Lambda$183/1381713434.accept(Unknown Source)
	at java.util.ArrayList.forEach(ArrayList.java:1249)
	at org.junit.platform.engine.support.hierarchical.SameThreadHierarchicalTestExecutorService.invokeAll(SameThreadHierarchicalTestExecutorService.java:38)
	at org.junit.platform.engine.support.hierarchical.NodeTestTask.lambda$executeRecursively$5(NodeTestTask.java:139)
	at org.junit.platform.engine.support.hierarchical.NodeTestTask$$Lambda$179/195615004.execute(Unknown Source)
	at org.junit.platform.engine.support.hierarchical.ThrowableCollector.execute(ThrowableCollector.java:73)
	at org.junit.platform.engine.support.hierarchical.NodeTestTask.lambda$executeRecursively$7(NodeTestTask.java:125)
	at org.junit.platform.engine.support.hierarchical.NodeTestTask$$Lambda$178/1890627974.invoke(Unknown Source)
	at org.junit.platform.engine.support.hierarchical.Node.around(Node.java:135)
	at org.junit.platform.engine.support.hierarchical.NodeTestTask.lambda$executeRecursively$8(NodeTestTask.java:123)
	at org.junit.platform.engine.support.hierarchical.NodeTestTask$$Lambda$177/231977479.execute(Unknown Source)
	at org.junit.platform.engine.support.hierarchical.ThrowableCollector.execute(ThrowableCollector.java:73)
	at org.junit.platform.engine.support.hierarchical.NodeTestTask.executeRecursively(NodeTestTask.java:122)
	at org.junit.platform.engine.support.hierarchical.NodeTestTask.execute(NodeTestTask.java:80)
	at org.junit.platform.engine.support.hierarchical.SameThreadHierarchicalTestExecutorService.submit(SameThreadHierarchicalTestExecutorService.java:32)
	at org.junit.platform.engine.support.hierarchical.HierarchicalTestExecutor.execute(HierarchicalTestExecutor.java:57)
	at org.junit.platform.engine.support.hierarchical.HierarchicalTestEngine.execute(HierarchicalTestEngine.java:51)
	at org.junit.platform.launcher.core.DefaultLauncher.execute(DefaultLauncher.java:248)
	at org.junit.platform.launcher.core.DefaultLauncher.lambda$execute$5(DefaultLauncher.java:211)
	at org.junit.platform.launcher.core.DefaultLauncher$$Lambda$143/233996206.accept(Unknown Source)
	at org.junit.platform.launcher.core.DefaultLauncher.withInterceptedStreams(DefaultLauncher.java:226)
	at org.junit.platform.launcher.core.DefaultLauncher.execute(DefaultLauncher.java:199)
	at org.junit.platform.launcher.core.DefaultLauncher.execute(DefaultLauncher.java:132)
	at org.apache.maven.surefire.junitplatform.JUnitPlatformProvider.invokeAllTests(JUnitPlatformProvider.java:142)
	at org.apache.maven.surefire.junitplatform.JUnitPlatformProvider.invoke(JUnitPlatformProvider.java:113)
	at org.apache.maven.surefire.booter.ForkedBooter.invokeProviderInSameClassLoader(ForkedBooter.java:384)
	at org.apache.maven.surefire.booter.ForkedBooter.runSuitesInProcess(ForkedBooter.java:345)
	at org.apache.maven.surefire.booter.ForkedBooter.execute(ForkedBooter.java:126)
	at org.apache.maven.surefire.booter.ForkedBooter.main(ForkedBooter.java:418)
2021-11-08 11:17:33,994 [myid:2] - INFO  [QuorumPeer[myid=2](plain=[0:0:0:0:0:0:0:0]:30168)(secure=disabled):FastLeaderElection@984] - Notification time out: 800
2021-11-08 11:17:33,994 [myid:1] - INFO  [QuorumPeer[myid=1](plain=[0:0:0:0:0:0:0:0]:30167)(secure=disabled):FastLeaderElection@984] - Notification time out: 800
2021-11-08 11:17:34,229 [myid:] - INFO  [main:FourLetterWordMain@94] - connecting to 127.0.0.1 30167
2021-11-08 11:17:34,230 [myid:1] - WARN  [nioEventLoopGroup-79-4:NettyServerCnxnFactory$CnxnChannelHandler@231] - Zookeeper server is not running, close the connection before starting the TLS handshake
2021-11-08 11:17:34,483 [myid:] - INFO  [main:FourLetterWordMain@94] - connecting to 127.0.0.1 30167
2021-11-08 11:17:34,484 [myid:1] - WARN  [nioEventLoopGroup-79-5:NettyServerCnxnFactory$CnxnChannelHandler@231] - Zookeeper server is not running, close the connection before starting the TLS handshake
2021-11-08 11:17:34,748 [myid:] - INFO  [main:FourLetterWordMain@94] - connecting to 127.0.0.1 30167
2021-11-08 11:17:34,749 [myid:1] - WARN  [nioEventLoopGroup-79-6:NettyServerCnxnFactory$CnxnChannelHandler@231] - Zookeeper server is not running, close the connection before starting the TLS handshake
2021-11-08 11:17:34,795 [myid:2] - INFO  [QuorumPeer[myid=2](plain=[0:0:0:0:0:0:0:0]:30168)(secure=disabled):FastLeaderElection@984] - Notification time out: 1600
2021-11-08 11:17:34,796 [myid:1] - INFO  [QuorumPeer[myid=1](plain=[0:0:0:0:0:0:0:0]:30167)(secure=disabled):FastLeaderElection@984] - Notification time out: 1600
2021-11-08 11:17:35,001 [myid:] - INFO  [main:FourLetterWordMain@94] - connecting to 127.0.0.1 30167
2021-11-08 11:17:35,002 [myid:1] - WARN  [nioEventLoopGroup-79-7:NettyServerCnxnFactory$CnxnChannelHandler@231] - Zookeeper server is not running, close the connection before starting the TLS handshake
2021-11-08 11:17:35,266 [myid:] - INFO  [main:FourLetterWordMain@94] - connecting to 127.0.0.1 30167
2021-11-08 11:17:35,267 [myid:1] - WARN  [nioEventLoopGroup-79-8:NettyServerCnxnFactory$CnxnChannelHandler@231] - Zookeeper server is not running, close the connection before starting the TLS handshake
2021-11-08 11:17:35,518 [myid:] - INFO  [main:FourLetterWordMain@94] - connecting to 127.0.0.1 30167
2021-11-08 11:17:35,519 [myid:1] - WARN  [nioEventLoopGroup-79-9:NettyServerCnxnFactory$CnxnChannelHandler@231] - Zookeeper server is not running, close the connection before starting the TLS handshake
2021-11-08 11:17:35,771 [myid:] - INFO  [main:FourLetterWordMain@94] - connecting to 127.0.0.1 30167
2021-11-08 11:17:35,772 [myid:1] - WARN  [nioEventLoopGroup-79-10:NettyServerCnxnFactory$CnxnChannelHandler@231] - Zookeeper server is not running, close the connection before starting the TLS handshake
2021-11-08 11:17:35,786 [myid:] - INFO  [main:ClientBase@267] - server 127.0.0.1:30167 not up
java.net.SocketException: Software caused connection abort: recv failed
	at java.net.SocketInputStream.socketRead0(Native Method)
	at java.net.SocketInputStream.read(SocketInputStream.java:150)
	at java.net.SocketInputStream.read(SocketInputStream.java:121)
	at sun.nio.cs.StreamDecoder.readBytes(StreamDecoder.java:284)
	at sun.nio.cs.StreamDecoder.implRead(StreamDecoder.java:326)
	at sun.nio.cs.StreamDecoder.read(StreamDecoder.java:178)
	at java.io.InputStreamReader.read(InputStreamReader.java:184)
	at java.io.BufferedReader.fill(BufferedReader.java:161)
	at java.io.BufferedReader.readLine(BufferedReader.java:324)
	at java.io.BufferedReader.readLine(BufferedReader.java:389)
	at org.apache.zookeeper.client.FourLetterWordMain.send4LetterWord(FourLetterWordMain.java:129)
	at org.apache.zookeeper.client.FourLetterWordMain.send4LetterWord(FourLetterWordMain.java:74)
	at org.apache.zookeeper.test.ClientBase.waitForServerUp(ClientBase.java:258)
	at org.apache.zookeeper.test.ClientBase.waitForServerUp(ClientBase.java:249)
	at org.apache.zookeeper.server.quorum.QuorumSSLTest.testHostnameVerification(QuorumSSLTest.java:671)
	at org.apache.zookeeper.server.quorum.QuorumSSLTest.testHostnameVerificationForInvalidMultiAddressServerConfig(QuorumSSLTest.java:620)
	at sun.reflect.NativeMethodAccessorImpl.invoke0(Native Method)
	at sun.reflect.NativeMethodAccessorImpl.invoke(NativeMethodAccessorImpl.java:62)
	at sun.reflect.DelegatingMethodAccessorImpl.invoke(DelegatingMethodAccessorImpl.java:43)
	at java.lang.reflect.Method.invoke(Method.java:483)
	at org.junit.platform.commons.util.ReflectionUtils.invokeMethod(ReflectionUtils.java:686)
	at org.junit.jupiter.engine.execution.MethodInvocation.proceed(MethodInvocation.java:60)
	at org.junit.jupiter.engine.execution.InvocationInterceptorChain$ValidatingInvocation.proceed(InvocationInterceptorChain.java:131)
	at org.junit.jupiter.engine.extension.TimeoutInvocation.proceed(TimeoutInvocation.java:46)
	at org.junit.jupiter.engine.extension.TimeoutExtension.intercept(TimeoutExtension.java:149)
	at org.junit.jupiter.engine.extension.TimeoutExtension.interceptTestableMethod(TimeoutExtension.java:140)
	at org.junit.jupiter.engine.extension.TimeoutExtension.interceptTestMethod(TimeoutExtension.java:84)
	at org.junit.jupiter.engine.descriptor.TestMethodTestDescriptor$$Lambda$111/1780132728.apply(Unknown Source)
	at org.junit.jupiter.engine.execution.ExecutableInvoker$ReflectiveInterceptorCall.lambda$ofVoidMethod$0(ExecutableInvoker.java:115)
	at org.junit.jupiter.engine.execution.ExecutableInvoker$ReflectiveInterceptorCall$$Lambda$112/1725017993.apply(Unknown Source)
	at org.junit.jupiter.engine.execution.ExecutableInvoker.lambda$invoke$0(ExecutableInvoker.java:105)
	at org.junit.jupiter.engine.execution.ExecutableInvoker$$Lambda$234/64133603.apply(Unknown Source)
	at org.junit.jupiter.engine.execution.InvocationInterceptorChain$InterceptedInvocation.proceed(InvocationInterceptorChain.java:106)
	at org.junit.jupiter.engine.execution.InvocationInterceptorChain.proceed(InvocationInterceptorChain.java:64)
	at org.junit.jupiter.engine.execution.InvocationInterceptorChain.chainAndInvoke(InvocationInterceptorChain.java:45)
	at org.junit.jupiter.engine.execution.InvocationInterceptorChain.invoke(InvocationInterceptorChain.java:37)
	at org.junit.jupiter.engine.execution.ExecutableInvoker.invoke(ExecutableInvoker.java:104)
	at org.junit.jupiter.engine.execution.ExecutableInvoker.invoke(ExecutableInvoker.java:98)
	at org.junit.jupiter.engine.descriptor.TestMethodTestDescriptor.lambda$invokeTestMethod$6(TestMethodTestDescriptor.java:212)
	at org.junit.jupiter.engine.descriptor.TestMethodTestDescriptor$$Lambda$271/224100622.execute(Unknown Source)
	at org.junit.platform.engine.support.hierarchical.ThrowableCollector.execute(ThrowableCollector.java:73)
	at org.junit.jupiter.engine.descriptor.TestMethodTestDescriptor.invokeTestMethod(TestMethodTestDescriptor.java:208)
	at org.junit.jupiter.engine.descriptor.TestMethodTestDescriptor.execute(TestMethodTestDescriptor.java:137)
	at org.junit.jupiter.engine.descriptor.TestMethodTestDescriptor.execute(TestMethodTestDescriptor.java:71)
	at org.junit.platform.engine.support.hierarchical.NodeTestTask.lambda$executeRecursively$5(NodeTestTask.java:135)
	at org.junit.platform.engine.support.hierarchical.NodeTestTask$$Lambda$179/195615004.execute(Unknown Source)
	at org.junit.platform.engine.support.hierarchical.ThrowableCollector.execute(ThrowableCollector.java:73)
	at org.junit.platform.engine.support.hierarchical.NodeTestTask.lambda$executeRecursively$7(NodeTestTask.java:125)
	at org.junit.platform.engine.support.hierarchical.NodeTestTask$$Lambda$178/1890627974.invoke(Unknown Source)
	at org.junit.platform.engine.support.hierarchical.Node.around(Node.java:135)
	at org.junit.platform.engine.support.hierarchical.NodeTestTask.lambda$executeRecursively$8(NodeTestTask.java:123)
	at org.junit.platform.engine.support.hierarchical.NodeTestTask$$Lambda$177/231977479.execute(Unknown Source)
	at org.junit.platform.engine.support.hierarchical.ThrowableCollector.execute(ThrowableCollector.java:73)
	at org.junit.platform.engine.support.hierarchical.NodeTestTask.executeRecursively(NodeTestTask.java:122)
	at org.junit.platform.engine.support.hierarchical.NodeTestTask.execute(NodeTestTask.java:80)
	at org.junit.platform.engine.support.hierarchical.SameThreadHierarchicalTestExecutorService$$Lambda$183/1381713434.accept(Unknown Source)
	at java.util.ArrayList.forEach(ArrayList.java:1249)
	at org.junit.platform.engine.support.hierarchical.SameThreadHierarchicalTestExecutorService.invokeAll(SameThreadHierarchicalTestExecutorService.java:38)
	at org.junit.platform.engine.support.hierarchical.NodeTestTask.lambda$executeRecursively$5(NodeTestTask.java:139)
	at org.junit.platform.engine.support.hierarchical.NodeTestTask$$Lambda$179/195615004.execute(Unknown Source)
	at org.junit.platform.engine.support.hierarchical.ThrowableCollector.execute(ThrowableCollector.java:73)
	at org.junit.platform.engine.support.hierarchical.NodeTestTask.lambda$executeRecursively$7(NodeTestTask.java:125)
	at org.junit.platform.engine.support.hierarchical.NodeTestTask$$Lambda$178/1890627974.invoke(Unknown Source)
	at org.junit.platform.engine.support.hierarchical.Node.around(Node.java:135)
	at org.junit.platform.engine.support.hierarchical.NodeTestTask.lambda$executeRecursively$8(NodeTestTask.java:123)
	at org.junit.platform.engine.support.hierarchical.NodeTestTask$$Lambda$177/231977479.execute(Unknown Source)
	at org.junit.platform.engine.support.hierarchical.ThrowableCollector.execute(ThrowableCollector.java:73)
	at org.junit.platform.engine.support.hierarchical.NodeTestTask.executeRecursively(NodeTestTask.java:122)
	at org.junit.platform.engine.support.hierarchical.NodeTestTask.execute(NodeTestTask.java:80)
	at org.junit.platform.engine.support.hierarchical.SameThreadHierarchicalTestExecutorService$$Lambda$183/1381713434.accept(Unknown Source)
	at java.util.ArrayList.forEach(ArrayList.java:1249)
	at org.junit.platform.engine.support.hierarchical.SameThreadHierarchicalTestExecutorService.invokeAll(SameThreadHierarchicalTestExecutorService.java:38)
	at org.junit.platform.engine.support.hierarchical.NodeTestTask.lambda$executeRecursively$5(NodeTestTask.java:139)
	at org.junit.platform.engine.support.hierarchical.NodeTestTask$$Lambda$179/195615004.execute(Unknown Source)
	at org.junit.platform.engine.support.hierarchical.ThrowableCollector.execute(ThrowableCollector.java:73)
	at org.junit.platform.engine.support.hierarchical.NodeTestTask.lambda$executeRecursively$7(NodeTestTask.java:125)
	at org.junit.platform.engine.support.hierarchical.NodeTestTask$$Lambda$178/1890627974.invoke(Unknown Source)
	at org.junit.platform.engine.support.hierarchical.Node.around(Node.java:135)
	at org.junit.platform.engine.support.hierarchical.NodeTestTask.lambda$executeRecursively$8(NodeTestTask.java:123)
	at org.junit.platform.engine.support.hierarchical.NodeTestTask$$Lambda$177/231977479.execute(Unknown Source)
	at org.junit.platform.engine.support.hierarchical.ThrowableCollector.execute(ThrowableCollector.java:73)
	at org.junit.platform.engine.support.hierarchical.NodeTestTask.executeRecursively(NodeTestTask.java:122)
	at org.junit.platform.engine.support.hierarchical.NodeTestTask.execute(NodeTestTask.java:80)
	at org.junit.platform.engine.support.hierarchical.SameThreadHierarchicalTestExecutorService.submit(SameThreadHierarchicalTestExecutorService.java:32)
	at org.junit.platform.engine.support.hierarchical.HierarchicalTestExecutor.execute(HierarchicalTestExecutor.java:57)
	at org.junit.platform.engine.support.hierarchical.HierarchicalTestEngine.execute(HierarchicalTestEngine.java:51)
	at org.junit.platform.launcher.core.DefaultLauncher.execute(DefaultLauncher.java:248)
	at org.junit.platform.launcher.core.DefaultLauncher.lambda$execute$5(DefaultLauncher.java:211)
	at org.junit.platform.launcher.core.DefaultLauncher$$Lambda$143/233996206.accept(Unknown Source)
	at org.junit.platform.launcher.core.DefaultLauncher.withInterceptedStreams(DefaultLauncher.java:226)
	at org.junit.platform.launcher.core.DefaultLauncher.execute(DefaultLauncher.java:199)
	at org.junit.platform.launcher.core.DefaultLauncher.execute(DefaultLauncher.java:132)
	at org.apache.maven.surefire.junitplatform.JUnitPlatformProvider.invokeAllTests(JUnitPlatformProvider.java:142)
	at org.apache.maven.surefire.junitplatform.JUnitPlatformProvider.invoke(JUnitPlatformProvider.java:113)
	at org.apache.maven.surefire.booter.ForkedBooter.invokeProviderInSameClassLoader(ForkedBooter.java:384)
	at org.apache.maven.surefire.booter.ForkedBooter.runSuitesInProcess(ForkedBooter.java:345)
	at org.apache.maven.surefire.booter.ForkedBooter.execute(ForkedBooter.java:126)
	at org.apache.maven.surefire.booter.ForkedBooter.main(ForkedBooter.java:418)
2021-11-08 11:17:36,052 [myid:] - INFO  [main:FourLetterWordMain@94] - connecting to 127.0.0.1 30167
2021-11-08 11:17:36,053 [myid:1] - WARN  [nioEventLoopGroup-79-11:NettyServerCnxnFactory$CnxnChannelHandler@231] - Zookeeper server is not running, close the connection before starting the TLS handshake
2021-11-08 11:17:36,068 [myid:] - INFO  [main:ClientBase@267] - server 127.0.0.1:30167 not up
java.net.SocketException: Software caused connection abort: recv failed
	at java.net.SocketInputStream.socketRead0(Native Method)
	at java.net.SocketInputStream.read(SocketInputStream.java:150)
	at java.net.SocketInputStream.read(SocketInputStream.java:121)
	at sun.nio.cs.StreamDecoder.readBytes(StreamDecoder.java:284)
	at sun.nio.cs.StreamDecoder.implRead(StreamDecoder.java:326)
	at sun.nio.cs.StreamDecoder.read(StreamDecoder.java:178)
	at java.io.InputStreamReader.read(InputStreamReader.java:184)
	at java.io.BufferedReader.fill(BufferedReader.java:161)
	at java.io.BufferedReader.readLine(BufferedReader.java:324)
	at java.io.BufferedReader.readLine(BufferedReader.java:389)
	at org.apache.zookeeper.client.FourLetterWordMain.send4LetterWord(FourLetterWordMain.java:129)
	at org.apache.zookeeper.client.FourLetterWordMain.send4LetterWord(FourLetterWordMain.java:74)
	at org.apache.zookeeper.test.ClientBase.waitForServerUp(ClientBase.java:258)
	at org.apache.zookeeper.test.ClientBase.waitForServerUp(ClientBase.java:249)
	at org.apache.zookeeper.server.quorum.QuorumSSLTest.testHostnameVerification(QuorumSSLTest.java:671)
	at org.apache.zookeeper.server.quorum.QuorumSSLTest.testHostnameVerificationForInvalidMultiAddressServerConfig(QuorumSSLTest.java:620)
	at sun.reflect.NativeMethodAccessorImpl.invoke0(Native Method)
	at sun.reflect.NativeMethodAccessorImpl.invoke(NativeMethodAccessorImpl.java:62)
	at sun.reflect.DelegatingMethodAccessorImpl.invoke(DelegatingMethodAccessorImpl.java:43)
	at java.lang.reflect.Method.invoke(Method.java:483)
	at org.junit.platform.commons.util.ReflectionUtils.invokeMethod(ReflectionUtils.java:686)
	at org.junit.jupiter.engine.execution.MethodInvocation.proceed(MethodInvocation.java:60)
	at org.junit.jupiter.engine.execution.InvocationInterceptorChain$ValidatingInvocation.proceed(InvocationInterceptorChain.java:131)
	at org.junit.jupiter.engine.extension.TimeoutInvocation.proceed(TimeoutInvocation.java:46)
	at org.junit.jupiter.engine.extension.TimeoutExtension.intercept(TimeoutExtension.java:149)
	at org.junit.jupiter.engine.extension.TimeoutExtension.interceptTestableMethod(TimeoutExtension.java:140)
	at org.junit.jupiter.engine.extension.TimeoutExtension.interceptTestMethod(TimeoutExtension.java:84)
	at org.junit.jupiter.engine.descriptor.TestMethodTestDescriptor$$Lambda$111/1780132728.apply(Unknown Source)
	at org.junit.jupiter.engine.execution.ExecutableInvoker$ReflectiveInterceptorCall.lambda$ofVoidMethod$0(ExecutableInvoker.java:115)
	at org.junit.jupiter.engine.execution.ExecutableInvoker$ReflectiveInterceptorCall$$Lambda$112/1725017993.apply(Unknown Source)
	at org.junit.jupiter.engine.execution.ExecutableInvoker.lambda$invoke$0(ExecutableInvoker.java:105)
	at org.junit.jupiter.engine.execution.ExecutableInvoker$$Lambda$234/64133603.apply(Unknown Source)
	at org.junit.jupiter.engine.execution.InvocationInterceptorChain$InterceptedInvocation.proceed(InvocationInterceptorChain.java:106)
	at org.junit.jupiter.engine.execution.InvocationInterceptorChain.proceed(InvocationInterceptorChain.java:64)
	at org.junit.jupiter.engine.execution.InvocationInterceptorChain.chainAndInvoke(InvocationInterceptorChain.java:45)
	at org.junit.jupiter.engine.execution.InvocationInterceptorChain.invoke(InvocationInterceptorChain.java:37)
	at org.junit.jupiter.engine.execution.ExecutableInvoker.invoke(ExecutableInvoker.java:104)
	at org.junit.jupiter.engine.execution.ExecutableInvoker.invoke(ExecutableInvoker.java:98)
	at org.junit.jupiter.engine.descriptor.TestMethodTestDescriptor.lambda$invokeTestMethod$6(TestMethodTestDescriptor.java:212)
	at org.junit.jupiter.engine.descriptor.TestMethodTestDescriptor$$Lambda$271/224100622.execute(Unknown Source)
	at org.junit.platform.engine.support.hierarchical.ThrowableCollector.execute(ThrowableCollector.java:73)
	at org.junit.jupiter.engine.descriptor.TestMethodTestDescriptor.invokeTestMethod(TestMethodTestDescriptor.java:208)
	at org.junit.jupiter.engine.descriptor.TestMethodTestDescriptor.execute(TestMethodTestDescriptor.java:137)
	at org.junit.jupiter.engine.descriptor.TestMethodTestDescriptor.execute(TestMethodTestDescriptor.java:71)
	at org.junit.platform.engine.support.hierarchical.NodeTestTask.lambda$executeRecursively$5(NodeTestTask.java:135)
	at org.junit.platform.engine.support.hierarchical.NodeTestTask$$Lambda$179/195615004.execute(Unknown Source)
	at org.junit.platform.engine.support.hierarchical.ThrowableCollector.execute(ThrowableCollector.java:73)
	at org.junit.platform.engine.support.hierarchical.NodeTestTask.lambda$executeRecursively$7(NodeTestTask.java:125)
	at org.junit.platform.engine.support.hierarchical.NodeTestTask$$Lambda$178/1890627974.invoke(Unknown Source)
	at org.junit.platform.engine.support.hierarchical.Node.around(Node.java:135)
	at org.junit.platform.engine.support.hierarchical.NodeTestTask.lambda$executeRecursively$8(NodeTestTask.java:123)
	at org.junit.platform.engine.support.hierarchical.NodeTestTask$$Lambda$177/231977479.execute(Unknown Source)
	at org.junit.platform.engine.support.hierarchical.ThrowableCollector.execute(ThrowableCollector.java:73)
	at org.junit.platform.engine.support.hierarchical.NodeTestTask.executeRecursively(NodeTestTask.java:122)
	at org.junit.platform.engine.support.hierarchical.NodeTestTask.execute(NodeTestTask.java:80)
	at org.junit.platform.engine.support.hierarchical.SameThreadHierarchicalTestExecutorService$$Lambda$183/1381713434.accept(Unknown Source)
	at java.util.ArrayList.forEach(ArrayList.java:1249)
	at org.junit.platform.engine.support.hierarchical.SameThreadHierarchicalTestExecutorService.invokeAll(SameThreadHierarchicalTestExecutorService.java:38)
	at org.junit.platform.engine.support.hierarchical.NodeTestTask.lambda$executeRecursively$5(NodeTestTask.java:139)
	at org.junit.platform.engine.support.hierarchical.NodeTestTask$$Lambda$179/195615004.execute(Unknown Source)
	at org.junit.platform.engine.support.hierarchical.ThrowableCollector.execute(ThrowableCollector.java:73)
	at org.junit.platform.engine.support.hierarchical.NodeTestTask.lambda$executeRecursively$7(NodeTestTask.java:125)
	at org.junit.platform.engine.support.hierarchical.NodeTestTask$$Lambda$178/1890627974.invoke(Unknown Source)
	at org.junit.platform.engine.support.hierarchical.Node.around(Node.java:135)
	at org.junit.platform.engine.support.hierarchical.NodeTestTask.lambda$executeRecursively$8(NodeTestTask.java:123)
	at org.junit.platform.engine.support.hierarchical.NodeTestTask$$Lambda$177/231977479.execute(Unknown Source)
	at org.junit.platform.engine.support.hierarchical.ThrowableCollector.execute(ThrowableCollector.java:73)
	at org.junit.platform.engine.support.hierarchical.NodeTestTask.executeRecursively(NodeTestTask.java:122)
	at org.junit.platform.engine.support.hierarchical.NodeTestTask.execute(NodeTestTask.java:80)
	at org.junit.platform.engine.support.hierarchical.SameThreadHierarchicalTestExecutorService$$Lambda$183/1381713434.accept(Unknown Source)
	at java.util.ArrayList.forEach(ArrayList.java:1249)
	at org.junit.platform.engine.support.hierarchical.SameThreadHierarchicalTestExecutorService.invokeAll(SameThreadHierarchicalTestExecutorService.java:38)
	at org.junit.platform.engine.support.hierarchical.NodeTestTask.lambda$executeRecursively$5(NodeTestTask.java:139)
	at org.junit.platform.engine.support.hierarchical.NodeTestTask$$Lambda$179/195615004.execute(Unknown Source)
	at org.junit.platform.engine.support.hierarchical.ThrowableCollector.execute(ThrowableCollector.java:73)
	at org.junit.platform.engine.support.hierarchical.NodeTestTask.lambda$executeRecursively$7(NodeTestTask.java:125)
	at org.junit.platform.engine.support.hierarchical.NodeTestTask$$Lambda$178/1890627974.invoke(Unknown Source)
	at org.junit.platform.engine.support.hierarchical.Node.around(Node.java:135)
	at org.junit.platform.engine.support.hierarchical.NodeTestTask.lambda$executeRecursively$8(NodeTestTask.java:123)
	at org.junit.platform.engine.support.hierarchical.NodeTestTask$$Lambda$177/231977479.execute(Unknown Source)
	at org.junit.platform.engine.support.hierarchical.ThrowableCollector.execute(ThrowableCollector.java:73)
	at org.junit.platform.engine.support.hierarchical.NodeTestTask.executeRecursively(NodeTestTask.java:122)
	at org.junit.platform.engine.support.hierarchical.NodeTestTask.execute(NodeTestTask.java:80)
	at org.junit.platform.engine.support.hierarchical.SameThreadHierarchicalTestExecutorService.submit(SameThreadHierarchicalTestExecutorService.java:32)
	at org.junit.platform.engine.support.hierarchical.HierarchicalTestExecutor.execute(HierarchicalTestExecutor.java:57)
	at org.junit.platform.engine.support.hierarchical.HierarchicalTestEngine.execute(HierarchicalTestEngine.java:51)
	at org.junit.platform.launcher.core.DefaultLauncher.execute(DefaultLauncher.java:248)
	at org.junit.platform.launcher.core.DefaultLauncher.lambda$execute$5(DefaultLauncher.java:211)
	at org.junit.platform.launcher.core.DefaultLauncher$$Lambda$143/233996206.accept(Unknown Source)
	at org.junit.platform.launcher.core.DefaultLauncher.withInterceptedStreams(DefaultLauncher.java:226)
	at org.junit.platform.launcher.core.DefaultLauncher.execute(DefaultLauncher.java:199)
	at org.junit.platform.launcher.core.DefaultLauncher.execute(DefaultLauncher.java:132)
	at org.apache.maven.surefire.junitplatform.JUnitPlatformProvider.invokeAllTests(JUnitPlatformProvider.java:142)
	at org.apache.maven.surefire.junitplatform.JUnitPlatformProvider.invoke(JUnitPlatformProvider.java:113)
	at org.apache.maven.surefire.booter.ForkedBooter.invokeProviderInSameClassLoader(ForkedBooter.java:384)
	at org.apache.maven.surefire.booter.ForkedBooter.runSuitesInProcess(ForkedBooter.java:345)
	at org.apache.maven.surefire.booter.ForkedBooter.execute(ForkedBooter.java:126)
	at org.apache.maven.surefire.booter.ForkedBooter.main(ForkedBooter.java:418)
2021-11-08 11:17:36,321 [myid:] - INFO  [main:FourLetterWordMain@94] - connecting to 127.0.0.1 30167
2021-11-08 11:17:36,322 [myid:1] - WARN  [nioEventLoopGroup-79-12:NettyServerCnxnFactory$CnxnChannelHandler@231] - Zookeeper server is not running, close the connection before starting the TLS handshake
2021-11-08 11:17:36,401 [myid:2] - INFO  [QuorumPeer[myid=2](plain=[0:0:0:0:0:0:0:0]:30168)(secure=disabled):FastLeaderElection@984] - Notification time out: 3200
2021-11-08 11:17:36,401 [myid:1] - INFO  [QuorumPeer[myid=1](plain=[0:0:0:0:0:0:0:0]:30167)(secure=disabled):FastLeaderElection@984] - Notification time out: 3200
2021-11-08 11:17:36,573 [myid:] - INFO  [main:FourLetterWordMain@94] - connecting to 127.0.0.1 30167
2021-11-08 11:17:36,573 [myid:1] - WARN  [nioEventLoopGroup-79-1:NettyServerCnxnFactory$CnxnChannelHandler@231] - Zookeeper server is not running, close the connection before starting the TLS handshake
2021-11-08 11:17:36,837 [myid:] - INFO  [main:FourLetterWordMain@94] - connecting to 127.0.0.1 30167
2021-11-08 11:17:36,837 [myid:1] - WARN  [nioEventLoopGroup-79-2:NettyServerCnxnFactory$CnxnChannelHandler@231] - Zookeeper server is not running, close the connection before starting the TLS handshake
2021-11-08 11:17:37,089 [myid:] - INFO  [main:FourLetterWordMain@94] - connecting to 127.0.0.1 30167
2021-11-08 11:17:37,089 [myid:1] - WARN  [nioEventLoopGroup-79-3:NettyServerCnxnFactory$CnxnChannelHandler@231] - Zookeeper server is not running, close the connection before starting the TLS handshake
2021-11-08 11:17:37,353 [myid:] - INFO  [main:FourLetterWordMain@94] - connecting to 127.0.0.1 30167
2021-11-08 11:17:37,354 [myid:1] - WARN  [nioEventLoopGroup-79-4:NettyServerCnxnFactory$CnxnChannelHandler@231] - Zookeeper server is not running, close the connection before starting the TLS handshake
2021-11-08 11:17:37,370 [myid:] - INFO  [main:ClientBase@267] - server 127.0.0.1:30167 not up
java.net.SocketException: Software caused connection abort: recv failed
	at java.net.SocketInputStream.socketRead0(Native Method)
	at java.net.SocketInputStream.read(SocketInputStream.java:150)
	at java.net.SocketInputStream.read(SocketInputStream.java:121)
	at sun.nio.cs.StreamDecoder.readBytes(StreamDecoder.java:284)
	at sun.nio.cs.StreamDecoder.implRead(StreamDecoder.java:326)
	at sun.nio.cs.StreamDecoder.read(StreamDecoder.java:178)
	at java.io.InputStreamReader.read(InputStreamReader.java:184)
	at java.io.BufferedReader.fill(BufferedReader.java:161)
	at java.io.BufferedReader.readLine(BufferedReader.java:324)
	at java.io.BufferedReader.readLine(BufferedReader.java:389)
	at org.apache.zookeeper.client.FourLetterWordMain.send4LetterWord(FourLetterWordMain.java:129)
	at org.apache.zookeeper.client.FourLetterWordMain.send4LetterWord(FourLetterWordMain.java:74)
	at org.apache.zookeeper.test.ClientBase.waitForServerUp(ClientBase.java:258)
	at org.apache.zookeeper.test.ClientBase.waitForServerUp(ClientBase.java:249)
	at org.apache.zookeeper.server.quorum.QuorumSSLTest.testHostnameVerification(QuorumSSLTest.java:671)
	at org.apache.zookeeper.server.quorum.QuorumSSLTest.testHostnameVerificationForInvalidMultiAddressServerConfig(QuorumSSLTest.java:620)
	at sun.reflect.NativeMethodAccessorImpl.invoke0(Native Method)
	at sun.reflect.NativeMethodAccessorImpl.invoke(NativeMethodAccessorImpl.java:62)
	at sun.reflect.DelegatingMethodAccessorImpl.invoke(DelegatingMethodAccessorImpl.java:43)
	at java.lang.reflect.Method.invoke(Method.java:483)
	at org.junit.platform.commons.util.ReflectionUtils.invokeMethod(ReflectionUtils.java:686)
	at org.junit.jupiter.engine.execution.MethodInvocation.proceed(MethodInvocation.java:60)
	at org.junit.jupiter.engine.execution.InvocationInterceptorChain$ValidatingInvocation.proceed(InvocationInterceptorChain.java:131)
	at org.junit.jupiter.engine.extension.TimeoutInvocation.proceed(TimeoutInvocation.java:46)
	at org.junit.jupiter.engine.extension.TimeoutExtension.intercept(TimeoutExtension.java:149)
	at org.junit.jupiter.engine.extension.TimeoutExtension.interceptTestableMethod(TimeoutExtension.java:140)
	at org.junit.jupiter.engine.extension.TimeoutExtension.interceptTestMethod(TimeoutExtension.java:84)
	at org.junit.jupiter.engine.descriptor.TestMethodTestDescriptor$$Lambda$111/1780132728.apply(Unknown Source)
	at org.junit.jupiter.engine.execution.ExecutableInvoker$ReflectiveInterceptorCall.lambda$ofVoidMethod$0(ExecutableInvoker.java:115)
	at org.junit.jupiter.engine.execution.ExecutableInvoker$ReflectiveInterceptorCall$$Lambda$112/1725017993.apply(Unknown Source)
	at org.junit.jupiter.engine.execution.ExecutableInvoker.lambda$invoke$0(ExecutableInvoker.java:105)
	at org.junit.jupiter.engine.execution.ExecutableInvoker$$Lambda$234/64133603.apply(Unknown Source)
	at org.junit.jupiter.engine.execution.InvocationInterceptorChain$InterceptedInvocation.proceed(InvocationInterceptorChain.java:106)
	at org.junit.jupiter.engine.execution.InvocationInterceptorChain.proceed(InvocationInterceptorChain.java:64)
	at org.junit.jupiter.engine.execution.InvocationInterceptorChain.chainAndInvoke(InvocationInterceptorChain.java:45)
	at org.junit.jupiter.engine.execution.InvocationInterceptorChain.invoke(InvocationInterceptorChain.java:37)
	at org.junit.jupiter.engine.execution.ExecutableInvoker.invoke(ExecutableInvoker.java:104)
	at org.junit.jupiter.engine.execution.ExecutableInvoker.invoke(ExecutableInvoker.java:98)
	at org.junit.jupiter.engine.descriptor.TestMethodTestDescriptor.lambda$invokeTestMethod$6(TestMethodTestDescriptor.java:212)
	at org.junit.jupiter.engine.descriptor.TestMethodTestDescriptor$$Lambda$271/224100622.execute(Unknown Source)
	at org.junit.platform.engine.support.hierarchical.ThrowableCollector.execute(ThrowableCollector.java:73)
	at org.junit.jupiter.engine.descriptor.TestMethodTestDescriptor.invokeTestMethod(TestMethodTestDescriptor.java:208)
	at org.junit.jupiter.engine.descriptor.TestMethodTestDescriptor.execute(TestMethodTestDescriptor.java:137)
	at org.junit.jupiter.engine.descriptor.TestMethodTestDescriptor.execute(TestMethodTestDescriptor.java:71)
	at org.junit.platform.engine.support.hierarchical.NodeTestTask.lambda$executeRecursively$5(NodeTestTask.java:135)
	at org.junit.platform.engine.support.hierarchical.NodeTestTask$$Lambda$179/195615004.execute(Unknown Source)
	at org.junit.platform.engine.support.hierarchical.ThrowableCollector.execute(ThrowableCollector.java:73)
	at org.junit.platform.engine.support.hierarchical.NodeTestTask.lambda$executeRecursively$7(NodeTestTask.java:125)
	at org.junit.platform.engine.support.hierarchical.NodeTestTask$$Lambda$178/1890627974.invoke(Unknown Source)
	at org.junit.platform.engine.support.hierarchical.Node.around(Node.java:135)
	at org.junit.platform.engine.support.hierarchical.NodeTestTask.lambda$executeRecursively$8(NodeTestTask.java:123)
	at org.junit.platform.engine.support.hierarchical.NodeTestTask$$Lambda$177/231977479.execute(Unknown Source)
	at org.junit.platform.engine.support.hierarchical.ThrowableCollector.execute(ThrowableCollector.java:73)
	at org.junit.platform.engine.support.hierarchical.NodeTestTask.executeRecursively(NodeTestTask.java:122)
	at org.junit.platform.engine.support.hierarchical.NodeTestTask.execute(NodeTestTask.java:80)
	at org.junit.platform.engine.support.hierarchical.SameThreadHierarchicalTestExecutorService$$Lambda$183/1381713434.accept(Unknown Source)
	at java.util.ArrayList.forEach(ArrayList.java:1249)
	at org.junit.platform.engine.support.hierarchical.SameThreadHierarchicalTestExecutorService.invokeAll(SameThreadHierarchicalTestExecutorService.java:38)
	at org.junit.platform.engine.support.hierarchical.NodeTestTask.lambda$executeRecursively$5(NodeTestTask.java:139)
	at org.junit.platform.engine.support.hierarchical.NodeTestTask$$Lambda$179/195615004.execute(Unknown Source)
	at org.junit.platform.engine.support.hierarchical.ThrowableCollector.execute(ThrowableCollector.java:73)
	at org.junit.platform.engine.support.hierarchical.NodeTestTask.lambda$executeRecursively$7(NodeTestTask.java:125)
	at org.junit.platform.engine.support.hierarchical.NodeTestTask$$Lambda$178/1890627974.invoke(Unknown Source)
	at org.junit.platform.engine.support.hierarchical.Node.around(Node.java:135)
	at org.junit.platform.engine.support.hierarchical.NodeTestTask.lambda$executeRecursively$8(NodeTestTask.java:123)
	at org.junit.platform.engine.support.hierarchical.NodeTestTask$$Lambda$177/231977479.execute(Unknown Source)
	at org.junit.platform.engine.support.hierarchical.ThrowableCollector.execute(ThrowableCollector.java:73)
	at org.junit.platform.engine.support.hierarchical.NodeTestTask.executeRecursively(NodeTestTask.java:122)
	at org.junit.platform.engine.support.hierarchical.NodeTestTask.execute(NodeTestTask.java:80)
	at org.junit.platform.engine.support.hierarchical.SameThreadHierarchicalTestExecutorService$$Lambda$183/1381713434.accept(Unknown Source)
	at java.util.ArrayList.forEach(ArrayList.java:1249)
	at org.junit.platform.engine.support.hierarchical.SameThreadHierarchicalTestExecutorService.invokeAll(SameThreadHierarchicalTestExecutorService.java:38)
	at org.junit.platform.engine.support.hierarchical.NodeTestTask.lambda$executeRecursively$5(NodeTestTask.java:139)
	at org.junit.platform.engine.support.hierarchical.NodeTestTask$$Lambda$179/195615004.execute(Unknown Source)
	at org.junit.platform.engine.support.hierarchical.ThrowableCollector.execute(ThrowableCollector.java:73)
	at org.junit.platform.engine.support.hierarchical.NodeTestTask.lambda$executeRecursively$7(NodeTestTask.java:125)
	at org.junit.platform.engine.support.hierarchical.NodeTestTask$$Lambda$178/1890627974.invoke(Unknown Source)
	at org.junit.platform.engine.support.hierarchical.Node.around(Node.java:135)
	at org.junit.platform.engine.support.hierarchical.NodeTestTask.lambda$executeRecursively$8(NodeTestTask.java:123)
	at org.junit.platform.engine.support.hierarchical.NodeTestTask$$Lambda$177/231977479.execute(Unknown Source)
	at org.junit.platform.engine.support.hierarchical.ThrowableCollector.execute(ThrowableCollector.java:73)
	at org.junit.platform.engine.support.hierarchical.NodeTestTask.executeRecursively(NodeTestTask.java:122)
	at org.junit.platform.engine.support.hierarchical.NodeTestTask.execute(NodeTestTask.java:80)
	at org.junit.platform.engine.support.hierarchical.SameThreadHierarchicalTestExecutorService.submit(SameThreadHierarchicalTestExecutorService.java:32)
	at org.junit.platform.engine.support.hierarchical.HierarchicalTestExecutor.execute(HierarchicalTestExecutor.java:57)
	at org.junit.platform.engine.support.hierarchical.HierarchicalTestEngine.execute(HierarchicalTestEngine.java:51)
	at org.junit.platform.launcher.core.DefaultLauncher.execute(DefaultLauncher.java:248)
	at org.junit.platform.launcher.core.DefaultLauncher.lambda$execute$5(DefaultLauncher.java:211)
	at org.junit.platform.launcher.core.DefaultLauncher$$Lambda$143/233996206.accept(Unknown Source)
	at org.junit.platform.launcher.core.DefaultLauncher.withInterceptedStreams(DefaultLauncher.java:226)
	at org.junit.platform.launcher.core.DefaultLauncher.execute(DefaultLauncher.java:199)
	at org.junit.platform.launcher.core.DefaultLauncher.execute(DefaultLauncher.java:132)
	at org.apache.maven.surefire.junitplatform.JUnitPlatformProvider.invokeAllTests(JUnitPlatformProvider.java:142)
	at org.apache.maven.surefire.junitplatform.JUnitPlatformProvider.invoke(JUnitPlatformProvider.java:113)
	at org.apache.maven.surefire.booter.ForkedBooter.invokeProviderInSameClassLoader(ForkedBooter.java:384)
	at org.apache.maven.surefire.booter.ForkedBooter.runSuitesInProcess(ForkedBooter.java:345)
	at org.apache.maven.surefire.booter.ForkedBooter.execute(ForkedBooter.java:126)
	at org.apache.maven.surefire.booter.ForkedBooter.main(ForkedBooter.java:418)
2021-11-08 11:17:37,621 [myid:] - INFO  [main:FourLetterWordMain@94] - connecting to 127.0.0.1 30167
2021-11-08 11:17:37,621 [myid:1] - WARN  [nioEventLoopGroup-79-5:NettyServerCnxnFactory$CnxnChannelHandler@231] - Zookeeper server is not running, close the connection before starting the TLS handshake
2021-11-08 11:17:37,882 [myid:] - INFO  [main:FourLetterWordMain@94] - connecting to 127.0.0.1 30167
2021-11-08 11:17:37,882 [myid:1] - WARN  [nioEventLoopGroup-79-6:NettyServerCnxnFactory$CnxnChannelHandler@231] - Zookeeper server is not running, close the connection before starting the TLS handshake
2021-11-08 11:17:38,134 [myid:] - INFO  [main:FourLetterWordMain@94] - connecting to 127.0.0.1 30167
2021-11-08 11:17:38,135 [myid:1] - WARN  [nioEventLoopGroup-79-7:NettyServerCnxnFactory$CnxnChannelHandler@231] - Zookeeper server is not running, close the connection before starting the TLS handshake
2021-11-08 11:17:38,150 [myid:] - INFO  [main:ClientBase@267] - server 127.0.0.1:30167 not up
java.net.SocketException: Software caused connection abort: recv failed
	at java.net.SocketInputStream.socketRead0(Native Method)
	at java.net.SocketInputStream.read(SocketInputStream.java:150)
	at java.net.SocketInputStream.read(SocketInputStream.java:121)
	at sun.nio.cs.StreamDecoder.readBytes(StreamDecoder.java:284)
	at sun.nio.cs.StreamDecoder.implRead(StreamDecoder.java:326)
	at sun.nio.cs.StreamDecoder.read(StreamDecoder.java:178)
	at java.io.InputStreamReader.read(InputStreamReader.java:184)
	at java.io.BufferedReader.fill(BufferedReader.java:161)
	at java.io.BufferedReader.readLine(BufferedReader.java:324)
	at java.io.BufferedReader.readLine(BufferedReader.java:389)
	at org.apache.zookeeper.client.FourLetterWordMain.send4LetterWord(FourLetterWordMain.java:129)
	at org.apache.zookeeper.client.FourLetterWordMain.send4LetterWord(FourLetterWordMain.java:74)
	at org.apache.zookeeper.test.ClientBase.waitForServerUp(ClientBase.java:258)
	at org.apache.zookeeper.test.ClientBase.waitForServerUp(ClientBase.java:249)
	at org.apache.zookeeper.server.quorum.QuorumSSLTest.testHostnameVerification(QuorumSSLTest.java:671)
	at org.apache.zookeeper.server.quorum.QuorumSSLTest.testHostnameVerificationForInvalidMultiAddressServerConfig(QuorumSSLTest.java:620)
	at sun.reflect.NativeMethodAccessorImpl.invoke0(Native Method)
	at sun.reflect.NativeMethodAccessorImpl.invoke(NativeMethodAccessorImpl.java:62)
	at sun.reflect.DelegatingMethodAccessorImpl.invoke(DelegatingMethodAccessorImpl.java:43)
	at java.lang.reflect.Method.invoke(Method.java:483)
	at org.junit.platform.commons.util.ReflectionUtils.invokeMethod(ReflectionUtils.java:686)
	at org.junit.jupiter.engine.execution.MethodInvocation.proceed(MethodInvocation.java:60)
	at org.junit.jupiter.engine.execution.InvocationInterceptorChain$ValidatingInvocation.proceed(InvocationInterceptorChain.java:131)
	at org.junit.jupiter.engine.extension.TimeoutInvocation.proceed(TimeoutInvocation.java:46)
	at org.junit.jupiter.engine.extension.TimeoutExtension.intercept(TimeoutExtension.java:149)
	at org.junit.jupiter.engine.extension.TimeoutExtension.interceptTestableMethod(TimeoutExtension.java:140)
	at org.junit.jupiter.engine.extension.TimeoutExtension.interceptTestMethod(TimeoutExtension.java:84)
	at org.junit.jupiter.engine.descriptor.TestMethodTestDescriptor$$Lambda$111/1780132728.apply(Unknown Source)
	at org.junit.jupiter.engine.execution.ExecutableInvoker$ReflectiveInterceptorCall.lambda$ofVoidMethod$0(ExecutableInvoker.java:115)
	at org.junit.jupiter.engine.execution.ExecutableInvoker$ReflectiveInterceptorCall$$Lambda$112/1725017993.apply(Unknown Source)
	at org.junit.jupiter.engine.execution.ExecutableInvoker.lambda$invoke$0(ExecutableInvoker.java:105)
	at org.junit.jupiter.engine.execution.ExecutableInvoker$$Lambda$234/64133603.apply(Unknown Source)
	at org.junit.jupiter.engine.execution.InvocationInterceptorChain$InterceptedInvocation.proceed(InvocationInterceptorChain.java:106)
	at org.junit.jupiter.engine.execution.InvocationInterceptorChain.proceed(InvocationInterceptorChain.java:64)
	at org.junit.jupiter.engine.execution.InvocationInterceptorChain.chainAndInvoke(InvocationInterceptorChain.java:45)
	at org.junit.jupiter.engine.execution.InvocationInterceptorChain.invoke(InvocationInterceptorChain.java:37)
	at org.junit.jupiter.engine.execution.ExecutableInvoker.invoke(ExecutableInvoker.java:104)
	at org.junit.jupiter.engine.execution.ExecutableInvoker.invoke(ExecutableInvoker.java:98)
	at org.junit.jupiter.engine.descriptor.TestMethodTestDescriptor.lambda$invokeTestMethod$6(TestMethodTestDescriptor.java:212)
	at org.junit.jupiter.engine.descriptor.TestMethodTestDescriptor$$Lambda$271/224100622.execute(Unknown Source)
	at org.junit.platform.engine.support.hierarchical.ThrowableCollector.execute(ThrowableCollector.java:73)
	at org.junit.jupiter.engine.descriptor.TestMethodTestDescriptor.invokeTestMethod(TestMethodTestDescriptor.java:208)
	at org.junit.jupiter.engine.descriptor.TestMethodTestDescriptor.execute(TestMethodTestDescriptor.java:137)
	at org.junit.jupiter.engine.descriptor.TestMethodTestDescriptor.execute(TestMethodTestDescriptor.java:71)
	at org.junit.platform.engine.support.hierarchical.NodeTestTask.lambda$executeRecursively$5(NodeTestTask.java:135)
	at org.junit.platform.engine.support.hierarchical.NodeTestTask$$Lambda$179/195615004.execute(Unknown Source)
	at org.junit.platform.engine.support.hierarchical.ThrowableCollector.execute(ThrowableCollector.java:73)
	at org.junit.platform.engine.support.hierarchical.NodeTestTask.lambda$executeRecursively$7(NodeTestTask.java:125)
	at org.junit.platform.engine.support.hierarchical.NodeTestTask$$Lambda$178/1890627974.invoke(Unknown Source)
	at org.junit.platform.engine.support.hierarchical.Node.around(Node.java:135)
	at org.junit.platform.engine.support.hierarchical.NodeTestTask.lambda$executeRecursively$8(NodeTestTask.java:123)
	at org.junit.platform.engine.support.hierarchical.NodeTestTask$$Lambda$177/231977479.execute(Unknown Source)
	at org.junit.platform.engine.support.hierarchical.ThrowableCollector.execute(ThrowableCollector.java:73)
	at org.junit.platform.engine.support.hierarchical.NodeTestTask.executeRecursively(NodeTestTask.java:122)
	at org.junit.platform.engine.support.hierarchical.NodeTestTask.execute(NodeTestTask.java:80)
	at org.junit.platform.engine.support.hierarchical.SameThreadHierarchicalTestExecutorService$$Lambda$183/1381713434.accept(Unknown Source)
	at java.util.ArrayList.forEach(ArrayList.java:1249)
	at org.junit.platform.engine.support.hierarchical.SameThreadHierarchicalTestExecutorService.invokeAll(SameThreadHierarchicalTestExecutorService.java:38)
	at org.junit.platform.engine.support.hierarchical.NodeTestTask.lambda$executeRecursively$5(NodeTestTask.java:139)
	at org.junit.platform.engine.support.hierarchical.NodeTestTask$$Lambda$179/195615004.execute(Unknown Source)
	at org.junit.platform.engine.support.hierarchical.ThrowableCollector.execute(ThrowableCollector.java:73)
	at org.junit.platform.engine.support.hierarchical.NodeTestTask.lambda$executeRecursively$7(NodeTestTask.java:125)
	at org.junit.platform.engine.support.hierarchical.NodeTestTask$$Lambda$178/1890627974.invoke(Unknown Source)
	at org.junit.platform.engine.support.hierarchical.Node.around(Node.java:135)
	at org.junit.platform.engine.support.hierarchical.NodeTestTask.lambda$executeRecursively$8(NodeTestTask.java:123)
	at org.junit.platform.engine.support.hierarchical.NodeTestTask$$Lambda$177/231977479.execute(Unknown Source)
	at org.junit.platform.engine.support.hierarchical.ThrowableCollector.execute(ThrowableCollector.java:73)
	at org.junit.platform.engine.support.hierarchical.NodeTestTask.executeRecursively(NodeTestTask.java:122)
	at org.junit.platform.engine.support.hierarchical.NodeTestTask.execute(NodeTestTask.java:80)
	at org.junit.platform.engine.support.hierarchical.SameThreadHierarchicalTestExecutorService$$Lambda$183/1381713434.accept(Unknown Source)
	at java.util.ArrayList.forEach(ArrayList.java:1249)
	at org.junit.platform.engine.support.hierarchical.SameThreadHierarchicalTestExecutorService.invokeAll(SameThreadHierarchicalTestExecutorService.java:38)
	at org.junit.platform.engine.support.hierarchical.NodeTestTask.lambda$executeRecursively$5(NodeTestTask.java:139)
	at org.junit.platform.engine.support.hierarchical.NodeTestTask$$Lambda$179/195615004.execute(Unknown Source)
	at org.junit.platform.engine.support.hierarchical.ThrowableCollector.execute(ThrowableCollector.java:73)
	at org.junit.platform.engine.support.hierarchical.NodeTestTask.lambda$executeRecursively$7(NodeTestTask.java:125)
	at org.junit.platform.engine.support.hierarchical.NodeTestTask$$Lambda$178/1890627974.invoke(Unknown Source)
	at org.junit.platform.engine.support.hierarchical.Node.around(Node.java:135)
	at org.junit.platform.engine.support.hierarchical.NodeTestTask.lambda$executeRecursively$8(NodeTestTask.java:123)
	at org.junit.platform.engine.support.hierarchical.NodeTestTask$$Lambda$177/231977479.execute(Unknown Source)
	at org.junit.platform.engine.support.hierarchical.ThrowableCollector.execute(ThrowableCollector.java:73)
	at org.junit.platform.engine.support.hierarchical.NodeTestTask.executeRecursively(NodeTestTask.java:122)
	at org.junit.platform.engine.support.hierarchical.NodeTestTask.execute(NodeTestTask.java:80)
	at org.junit.platform.engine.support.hierarchical.SameThreadHierarchicalTestExecutorService.submit(SameThreadHierarchicalTestExecutorService.java:32)
	at org.junit.platform.engine.support.hierarchical.HierarchicalTestExecutor.execute(HierarchicalTestExecutor.java:57)
	at org.junit.platform.engine.support.hierarchical.HierarchicalTestEngine.execute(HierarchicalTestEngine.java:51)
	at org.junit.platform.launcher.core.DefaultLauncher.execute(DefaultLauncher.java:248)
	at org.junit.platform.launcher.core.DefaultLauncher.lambda$execute$5(DefaultLauncher.java:211)
	at org.junit.platform.launcher.core.DefaultLauncher$$Lambda$143/233996206.accept(Unknown Source)
	at org.junit.platform.launcher.core.DefaultLauncher.withInterceptedStreams(DefaultLauncher.java:226)
	at org.junit.platform.launcher.core.DefaultLauncher.execute(DefaultLauncher.java:199)
	at org.junit.platform.launcher.core.DefaultLauncher.execute(DefaultLauncher.java:132)
	at org.apache.maven.surefire.junitplatform.JUnitPlatformProvider.invokeAllTests(JUnitPlatformProvider.java:142)
	at org.apache.maven.surefire.junitplatform.JUnitPlatformProvider.invoke(JUnitPlatformProvider.java:113)
	at org.apache.maven.surefire.booter.ForkedBooter.invokeProviderInSameClassLoader(ForkedBooter.java:384)
	at org.apache.maven.surefire.booter.ForkedBooter.runSuitesInProcess(ForkedBooter.java:345)
	at org.apache.maven.surefire.booter.ForkedBooter.execute(ForkedBooter.java:126)
	at org.apache.maven.surefire.booter.ForkedBooter.main(ForkedBooter.java:418)
2021-11-08 11:17:38,415 [myid:] - INFO  [main:FourLetterWordMain@94] - connecting to 127.0.0.1 30167
2021-11-08 11:17:38,416 [myid:1] - WARN  [nioEventLoopGroup-79-8:NettyServerCnxnFactory$CnxnChannelHandler@231] - Zookeeper server is not running, close the connection before starting the TLS handshake
2021-11-08 11:17:38,679 [myid:] - INFO  [main:FourLetterWordMain@94] - connecting to 127.0.0.1 30167
2021-11-08 11:17:38,679 [myid:1] - WARN  [nioEventLoopGroup-79-9:NettyServerCnxnFactory$CnxnChannelHandler@231] - Zookeeper server is not running, close the connection before starting the TLS handshake
2021-11-08 11:17:38,945 [myid:] - INFO  [main:FourLetterWordMain@94] - connecting to 127.0.0.1 30167
2021-11-08 11:17:38,946 [myid:1] - WARN  [nioEventLoopGroup-79-10:NettyServerCnxnFactory$CnxnChannelHandler@231] - Zookeeper server is not running, close the connection before starting the TLS handshake
2021-11-08 11:17:39,211 [myid:] - INFO  [main:FourLetterWordMain@94] - connecting to 127.0.0.1 30167
2021-11-08 11:17:39,213 [myid:1] - WARN  [nioEventLoopGroup-79-11:NettyServerCnxnFactory$CnxnChannelHandler@231] - Zookeeper server is not running, close the connection before starting the TLS handshake
2021-11-08 11:17:39,476 [myid:] - INFO  [main:FourLetterWordMain@94] - connecting to 127.0.0.1 30167
2021-11-08 11:17:39,477 [myid:1] - WARN  [nioEventLoopGroup-79-12:NettyServerCnxnFactory$CnxnChannelHandler@231] - Zookeeper server is not running, close the connection before starting the TLS handshake
2021-11-08 11:17:39,617 [myid:1] - INFO  [QuorumPeer[myid=1](plain=[0:0:0:0:0:0:0:0]:30167)(secure=disabled):FastLeaderElection@984] - Notification time out: 6400
2021-11-08 11:17:39,617 [myid:2] - INFO  [QuorumPeer[myid=2](plain=[0:0:0:0:0:0:0:0]:30168)(secure=disabled):FastLeaderElection@984] - Notification time out: 6400
2021-11-08 11:17:39,742 [myid:] - INFO  [main:FourLetterWordMain@94] - connecting to 127.0.0.1 30167
2021-11-08 11:17:39,742 [myid:1] - WARN  [nioEventLoopGroup-79-1:NettyServerCnxnFactory$CnxnChannelHandler@231] - Zookeeper server is not running, close the connection before starting the TLS handshake
2021-11-08 11:17:39,757 [myid:] - INFO  [main:ClientBase@267] - server 127.0.0.1:30167 not up
java.net.SocketException: Software caused connection abort: recv failed
	at java.net.SocketInputStream.socketRead0(Native Method)
	at java.net.SocketInputStream.read(SocketInputStream.java:150)
	at java.net.SocketInputStream.read(SocketInputStream.java:121)
	at sun.nio.cs.StreamDecoder.readBytes(StreamDecoder.java:284)
	at sun.nio.cs.StreamDecoder.implRead(StreamDecoder.java:326)
	at sun.nio.cs.StreamDecoder.read(StreamDecoder.java:178)
	at java.io.InputStreamReader.read(InputStreamReader.java:184)
	at java.io.BufferedReader.fill(BufferedReader.java:161)
	at java.io.BufferedReader.readLine(BufferedReader.java:324)
	at java.io.BufferedReader.readLine(BufferedReader.java:389)
	at org.apache.zookeeper.client.FourLetterWordMain.send4LetterWord(FourLetterWordMain.java:129)
	at org.apache.zookeeper.client.FourLetterWordMain.send4LetterWord(FourLetterWordMain.java:74)
	at org.apache.zookeeper.test.ClientBase.waitForServerUp(ClientBase.java:258)
	at org.apache.zookeeper.test.ClientBase.waitForServerUp(ClientBase.java:249)
	at org.apache.zookeeper.server.quorum.QuorumSSLTest.testHostnameVerification(QuorumSSLTest.java:671)
	at org.apache.zookeeper.server.quorum.QuorumSSLTest.testHostnameVerificationForInvalidMultiAddressServerConfig(QuorumSSLTest.java:620)
	at sun.reflect.NativeMethodAccessorImpl.invoke0(Native Method)
	at sun.reflect.NativeMethodAccessorImpl.invoke(NativeMethodAccessorImpl.java:62)
	at sun.reflect.DelegatingMethodAccessorImpl.invoke(DelegatingMethodAccessorImpl.java:43)
	at java.lang.reflect.Method.invoke(Method.java:483)
	at org.junit.platform.commons.util.ReflectionUtils.invokeMethod(ReflectionUtils.java:686)
	at org.junit.jupiter.engine.execution.MethodInvocation.proceed(MethodInvocation.java:60)
	at org.junit.jupiter.engine.execution.InvocationInterceptorChain$ValidatingInvocation.proceed(InvocationInterceptorChain.java:131)
	at org.junit.jupiter.engine.extension.TimeoutInvocation.proceed(TimeoutInvocation.java:46)
	at org.junit.jupiter.engine.extension.TimeoutExtension.intercept(TimeoutExtension.java:149)
	at org.junit.jupiter.engine.extension.TimeoutExtension.interceptTestableMethod(TimeoutExtension.java:140)
	at org.junit.jupiter.engine.extension.TimeoutExtension.interceptTestMethod(TimeoutExtension.java:84)
	at org.junit.jupiter.engine.descriptor.TestMethodTestDescriptor$$Lambda$111/1780132728.apply(Unknown Source)
	at org.junit.jupiter.engine.execution.ExecutableInvoker$ReflectiveInterceptorCall.lambda$ofVoidMethod$0(ExecutableInvoker.java:115)
	at org.junit.jupiter.engine.execution.ExecutableInvoker$ReflectiveInterceptorCall$$Lambda$112/1725017993.apply(Unknown Source)
	at org.junit.jupiter.engine.execution.ExecutableInvoker.lambda$invoke$0(ExecutableInvoker.java:105)
	at org.junit.jupiter.engine.execution.ExecutableInvoker$$Lambda$234/64133603.apply(Unknown Source)
	at org.junit.jupiter.engine.execution.InvocationInterceptorChain$InterceptedInvocation.proceed(InvocationInterceptorChain.java:106)
	at org.junit.jupiter.engine.execution.InvocationInterceptorChain.proceed(InvocationInterceptorChain.java:64)
	at org.junit.jupiter.engine.execution.InvocationInterceptorChain.chainAndInvoke(InvocationInterceptorChain.java:45)
	at org.junit.jupiter.engine.execution.InvocationInterceptorChain.invoke(InvocationInterceptorChain.java:37)
	at org.junit.jupiter.engine.execution.ExecutableInvoker.invoke(ExecutableInvoker.java:104)
	at org.junit.jupiter.engine.execution.ExecutableInvoker.invoke(ExecutableInvoker.java:98)
	at org.junit.jupiter.engine.descriptor.TestMethodTestDescriptor.lambda$invokeTestMethod$6(TestMethodTestDescriptor.java:212)
	at org.junit.jupiter.engine.descriptor.TestMethodTestDescriptor$$Lambda$271/224100622.execute(Unknown Source)
	at org.junit.platform.engine.support.hierarchical.ThrowableCollector.execute(ThrowableCollector.java:73)
	at org.junit.jupiter.engine.descriptor.TestMethodTestDescriptor.invokeTestMethod(TestMethodTestDescriptor.java:208)
	at org.junit.jupiter.engine.descriptor.TestMethodTestDescriptor.execute(TestMethodTestDescriptor.java:137)
	at org.junit.jupiter.engine.descriptor.TestMethodTestDescriptor.execute(TestMethodTestDescriptor.java:71)
	at org.junit.platform.engine.support.hierarchical.NodeTestTask.lambda$executeRecursively$5(NodeTestTask.java:135)
	at org.junit.platform.engine.support.hierarchical.NodeTestTask$$Lambda$179/195615004.execute(Unknown Source)
	at org.junit.platform.engine.support.hierarchical.ThrowableCollector.execute(ThrowableCollector.java:73)
	at org.junit.platform.engine.support.hierarchical.NodeTestTask.lambda$executeRecursively$7(NodeTestTask.java:125)
	at org.junit.platform.engine.support.hierarchical.NodeTestTask$$Lambda$178/1890627974.invoke(Unknown Source)
	at org.junit.platform.engine.support.hierarchical.Node.around(Node.java:135)
	at org.junit.platform.engine.support.hierarchical.NodeTestTask.lambda$executeRecursively$8(NodeTestTask.java:123)
	at org.junit.platform.engine.support.hierarchical.NodeTestTask$$Lambda$177/231977479.execute(Unknown Source)
	at org.junit.platform.engine.support.hierarchical.ThrowableCollector.execute(ThrowableCollector.java:73)
	at org.junit.platform.engine.support.hierarchical.NodeTestTask.executeRecursively(NodeTestTask.java:122)
	at org.junit.platform.engine.support.hierarchical.NodeTestTask.execute(NodeTestTask.java:80)
	at org.junit.platform.engine.support.hierarchical.SameThreadHierarchicalTestExecutorService$$Lambda$183/1381713434.accept(Unknown Source)
	at java.util.ArrayList.forEach(ArrayList.java:1249)
	at org.junit.platform.engine.support.hierarchical.SameThreadHierarchicalTestExecutorService.invokeAll(SameThreadHierarchicalTestExecutorService.java:38)
	at org.junit.platform.engine.support.hierarchical.NodeTestTask.lambda$executeRecursively$5(NodeTestTask.java:139)
	at org.junit.platform.engine.support.hierarchical.NodeTestTask$$Lambda$179/195615004.execute(Unknown Source)
	at org.junit.platform.engine.support.hierarchical.ThrowableCollector.execute(ThrowableCollector.java:73)
	at org.junit.platform.engine.support.hierarchical.NodeTestTask.lambda$executeRecursively$7(NodeTestTask.java:125)
	at org.junit.platform.engine.support.hierarchical.NodeTestTask$$Lambda$178/1890627974.invoke(Unknown Source)
	at org.junit.platform.engine.support.hierarchical.Node.around(Node.java:135)
	at org.junit.platform.engine.support.hierarchical.NodeTestTask.lambda$executeRecursively$8(NodeTestTask.java:123)
	at org.junit.platform.engine.support.hierarchical.NodeTestTask$$Lambda$177/231977479.execute(Unknown Source)
	at org.junit.platform.engine.support.hierarchical.ThrowableCollector.execute(ThrowableCollector.java:73)
	at org.junit.platform.engine.support.hierarchical.NodeTestTask.executeRecursively(NodeTestTask.java:122)
	at org.junit.platform.engine.support.hierarchical.NodeTestTask.execute(NodeTestTask.java:80)
	at org.junit.platform.engine.support.hierarchical.SameThreadHierarchicalTestExecutorService$$Lambda$183/1381713434.accept(Unknown Source)
	at java.util.ArrayList.forEach(ArrayList.java:1249)
	at org.junit.platform.engine.support.hierarchical.SameThreadHierarchicalTestExecutorService.invokeAll(SameThreadHierarchicalTestExecutorService.java:38)
	at org.junit.platform.engine.support.hierarchical.NodeTestTask.lambda$executeRecursively$5(NodeTestTask.java:139)
	at org.junit.platform.engine.support.hierarchical.NodeTestTask$$Lambda$179/195615004.execute(Unknown Source)
	at org.junit.platform.engine.support.hierarchical.ThrowableCollector.execute(ThrowableCollector.java:73)
	at org.junit.platform.engine.support.hierarchical.NodeTestTask.lambda$executeRecursively$7(NodeTestTask.java:125)
	at org.junit.platform.engine.support.hierarchical.NodeTestTask$$Lambda$178/1890627974.invoke(Unknown Source)
	at org.junit.platform.engine.support.hierarchical.Node.around(Node.java:135)
	at org.junit.platform.engine.support.hierarchical.NodeTestTask.lambda$executeRecursively$8(NodeTestTask.java:123)
	at org.junit.platform.engine.support.hierarchical.NodeTestTask$$Lambda$177/231977479.execute(Unknown Source)
	at org.junit.platform.engine.support.hierarchical.ThrowableCollector.execute(ThrowableCollector.java:73)
	at org.junit.platform.engine.support.hierarchical.NodeTestTask.executeRecursively(NodeTestTask.java:122)
	at org.junit.platform.engine.support.hierarchical.NodeTestTask.execute(NodeTestTask.java:80)
	at org.junit.platform.engine.support.hierarchical.SameThreadHierarchicalTestExecutorService.submit(SameThreadHierarchicalTestExecutorService.java:32)
	at org.junit.platform.engine.support.hierarchical.HierarchicalTestExecutor.execute(HierarchicalTestExecutor.java:57)
	at org.junit.platform.engine.support.hierarchical.HierarchicalTestEngine.execute(HierarchicalTestEngine.java:51)
	at org.junit.platform.launcher.core.DefaultLauncher.execute(DefaultLauncher.java:248)
	at org.junit.platform.launcher.core.DefaultLauncher.lambda$execute$5(DefaultLauncher.java:211)
	at org.junit.platform.launcher.core.DefaultLauncher$$Lambda$143/233996206.accept(Unknown Source)
	at org.junit.platform.launcher.core.DefaultLauncher.withInterceptedStreams(DefaultLauncher.java:226)
	at org.junit.platform.launcher.core.DefaultLauncher.execute(DefaultLauncher.java:199)
	at org.junit.platform.launcher.core.DefaultLauncher.execute(DefaultLauncher.java:132)
	at org.apache.maven.surefire.junitplatform.JUnitPlatformProvider.invokeAllTests(JUnitPlatformProvider.java:142)
	at org.apache.maven.surefire.junitplatform.JUnitPlatformProvider.invoke(JUnitPlatformProvider.java:113)
	at org.apache.maven.surefire.booter.ForkedBooter.invokeProviderInSameClassLoader(ForkedBooter.java:384)
	at org.apache.maven.surefire.booter.ForkedBooter.runSuitesInProcess(ForkedBooter.java:345)
	at org.apache.maven.surefire.booter.ForkedBooter.execute(ForkedBooter.java:126)
	at org.apache.maven.surefire.booter.ForkedBooter.main(ForkedBooter.java:418)
2021-11-08 11:17:40,008 [myid:] - INFO  [main:FourLetterWordMain@94] - connecting to 127.0.0.1 30167
2021-11-08 11:17:40,008 [myid:1] - WARN  [nioEventLoopGroup-79-2:NettyServerCnxnFactory$CnxnChannelHandler@231] - Zookeeper server is not running, close the connection before starting the TLS handshake
2021-11-08 11:17:40,269 [myid:] - INFO  [main:FourLetterWordMain@94] - connecting to 127.0.0.1 30167
2021-11-08 11:17:40,271 [myid:1] - WARN  [nioEventLoopGroup-79-3:NettyServerCnxnFactory$CnxnChannelHandler@231] - Zookeeper server is not running, close the connection before starting the TLS handshake
2021-11-08 11:17:40,533 [myid:] - INFO  [main:FourLetterWordMain@94] - connecting to 127.0.0.1 30167
2021-11-08 11:17:40,533 [myid:1] - WARN  [nioEventLoopGroup-79-4:NettyServerCnxnFactory$CnxnChannelHandler@231] - Zookeeper server is not running, close the connection before starting the TLS handshake
2021-11-08 11:17:40,786 [myid:] - INFO  [main:FourLetterWordMain@94] - connecting to 127.0.0.1 30167
2021-11-08 11:17:40,786 [myid:1] - WARN  [nioEventLoopGroup-79-5:NettyServerCnxnFactory$CnxnChannelHandler@231] - Zookeeper server is not running, close the connection before starting the TLS handshake
2021-11-08 11:17:41,051 [myid:] - INFO  [main:FourLetterWordMain@94] - connecting to 127.0.0.1 30167
2021-11-08 11:17:41,051 [myid:1] - WARN  [nioEventLoopGroup-79-6:NettyServerCnxnFactory$CnxnChannelHandler@231] - Zookeeper server is not running, close the connection before starting the TLS handshake
2021-11-08 11:17:41,302 [myid:] - INFO  [main:FourLetterWordMain@94] - connecting to 127.0.0.1 30167
2021-11-08 11:17:41,303 [myid:1] - WARN  [nioEventLoopGroup-79-7:NettyServerCnxnFactory$CnxnChannelHandler@231] - Zookeeper server is not running, close the connection before starting the TLS handshake
2021-11-08 11:17:41,318 [myid:] - INFO  [main:ClientBase@267] - server 127.0.0.1:30167 not up
java.net.SocketException: Software caused connection abort: recv failed
	at java.net.SocketInputStream.socketRead0(Native Method)
	at java.net.SocketInputStream.read(SocketInputStream.java:150)
	at java.net.SocketInputStream.read(SocketInputStream.java:121)
	at sun.nio.cs.StreamDecoder.readBytes(StreamDecoder.java:284)
	at sun.nio.cs.StreamDecoder.implRead(StreamDecoder.java:326)
	at sun.nio.cs.StreamDecoder.read(StreamDecoder.java:178)
	at java.io.InputStreamReader.read(InputStreamReader.java:184)
	at java.io.BufferedReader.fill(BufferedReader.java:161)
	at java.io.BufferedReader.readLine(BufferedReader.java:324)
	at java.io.BufferedReader.readLine(BufferedReader.java:389)
	at org.apache.zookeeper.client.FourLetterWordMain.send4LetterWord(FourLetterWordMain.java:129)
	at org.apache.zookeeper.client.FourLetterWordMain.send4LetterWord(FourLetterWordMain.java:74)
	at org.apache.zookeeper.test.ClientBase.waitForServerUp(ClientBase.java:258)
	at org.apache.zookeeper.test.ClientBase.waitForServerUp(ClientBase.java:249)
	at org.apache.zookeeper.server.quorum.QuorumSSLTest.testHostnameVerification(QuorumSSLTest.java:671)
	at org.apache.zookeeper.server.quorum.QuorumSSLTest.testHostnameVerificationForInvalidMultiAddressServerConfig(QuorumSSLTest.java:620)
	at sun.reflect.NativeMethodAccessorImpl.invoke0(Native Method)
	at sun.reflect.NativeMethodAccessorImpl.invoke(NativeMethodAccessorImpl.java:62)
	at sun.reflect.DelegatingMethodAccessorImpl.invoke(DelegatingMethodAccessorImpl.java:43)
	at java.lang.reflect.Method.invoke(Method.java:483)
	at org.junit.platform.commons.util.ReflectionUtils.invokeMethod(ReflectionUtils.java:686)
	at org.junit.jupiter.engine.execution.MethodInvocation.proceed(MethodInvocation.java:60)
	at org.junit.jupiter.engine.execution.InvocationInterceptorChain$ValidatingInvocation.proceed(InvocationInterceptorChain.java:131)
	at org.junit.jupiter.engine.extension.TimeoutInvocation.proceed(TimeoutInvocation.java:46)
	at org.junit.jupiter.engine.extension.TimeoutExtension.intercept(TimeoutExtension.java:149)
	at org.junit.jupiter.engine.extension.TimeoutExtension.interceptTestableMethod(TimeoutExtension.java:140)
	at org.junit.jupiter.engine.extension.TimeoutExtension.interceptTestMethod(TimeoutExtension.java:84)
	at org.junit.jupiter.engine.descriptor.TestMethodTestDescriptor$$Lambda$111/1780132728.apply(Unknown Source)
	at org.junit.jupiter.engine.execution.ExecutableInvoker$ReflectiveInterceptorCall.lambda$ofVoidMethod$0(ExecutableInvoker.java:115)
	at org.junit.jupiter.engine.execution.ExecutableInvoker$ReflectiveInterceptorCall$$Lambda$112/1725017993.apply(Unknown Source)
	at org.junit.jupiter.engine.execution.ExecutableInvoker.lambda$invoke$0(ExecutableInvoker.java:105)
	at org.junit.jupiter.engine.execution.ExecutableInvoker$$Lambda$234/64133603.apply(Unknown Source)
	at org.junit.jupiter.engine.execution.InvocationInterceptorChain$InterceptedInvocation.proceed(InvocationInterceptorChain.java:106)
	at org.junit.jupiter.engine.execution.InvocationInterceptorChain.proceed(InvocationInterceptorChain.java:64)
	at org.junit.jupiter.engine.execution.InvocationInterceptorChain.chainAndInvoke(InvocationInterceptorChain.java:45)
	at org.junit.jupiter.engine.execution.InvocationInterceptorChain.invoke(InvocationInterceptorChain.java:37)
	at org.junit.jupiter.engine.execution.ExecutableInvoker.invoke(ExecutableInvoker.java:104)
	at org.junit.jupiter.engine.execution.ExecutableInvoker.invoke(ExecutableInvoker.java:98)
	at org.junit.jupiter.engine.descriptor.TestMethodTestDescriptor.lambda$invokeTestMethod$6(TestMethodTestDescriptor.java:212)
	at org.junit.jupiter.engine.descriptor.TestMethodTestDescriptor$$Lambda$271/224100622.execute(Unknown Source)
	at org.junit.platform.engine.support.hierarchical.ThrowableCollector.execute(ThrowableCollector.java:73)
	at org.junit.jupiter.engine.descriptor.TestMethodTestDescriptor.invokeTestMethod(TestMethodTestDescriptor.java:208)
	at org.junit.jupiter.engine.descriptor.TestMethodTestDescriptor.execute(TestMethodTestDescriptor.java:137)
	at org.junit.jupiter.engine.descriptor.TestMethodTestDescriptor.execute(TestMethodTestDescriptor.java:71)
	at org.junit.platform.engine.support.hierarchical.NodeTestTask.lambda$executeRecursively$5(NodeTestTask.java:135)
	at org.junit.platform.engine.support.hierarchical.NodeTestTask$$Lambda$179/195615004.execute(Unknown Source)
	at org.junit.platform.engine.support.hierarchical.ThrowableCollector.execute(ThrowableCollector.java:73)
	at org.junit.platform.engine.support.hierarchical.NodeTestTask.lambda$executeRecursively$7(NodeTestTask.java:125)
	at org.junit.platform.engine.support.hierarchical.NodeTestTask$$Lambda$178/1890627974.invoke(Unknown Source)
	at org.junit.platform.engine.support.hierarchical.Node.around(Node.java:135)
	at org.junit.platform.engine.support.hierarchical.NodeTestTask.lambda$executeRecursively$8(NodeTestTask.java:123)
	at org.junit.platform.engine.support.hierarchical.NodeTestTask$$Lambda$177/231977479.execute(Unknown Source)
	at org.junit.platform.engine.support.hierarchical.ThrowableCollector.execute(ThrowableCollector.java:73)
	at org.junit.platform.engine.support.hierarchical.NodeTestTask.executeRecursively(NodeTestTask.java:122)
	at org.junit.platform.engine.support.hierarchical.NodeTestTask.execute(NodeTestTask.java:80)
	at org.junit.platform.engine.support.hierarchical.SameThreadHierarchicalTestExecutorService$$Lambda$183/1381713434.accept(Unknown Source)
	at java.util.ArrayList.forEach(ArrayList.java:1249)
	at org.junit.platform.engine.support.hierarchical.SameThreadHierarchicalTestExecutorService.invokeAll(SameThreadHierarchicalTestExecutorService.java:38)
	at org.junit.platform.engine.support.hierarchical.NodeTestTask.lambda$executeRecursively$5(NodeTestTask.java:139)
	at org.junit.platform.engine.support.hierarchical.NodeTestTask$$Lambda$179/195615004.execute(Unknown Source)
	at org.junit.platform.engine.support.hierarchical.ThrowableCollector.execute(ThrowableCollector.java:73)
	at org.junit.platform.engine.support.hierarchical.NodeTestTask.lambda$executeRecursively$7(NodeTestTask.java:125)
	at org.junit.platform.engine.support.hierarchical.NodeTestTask$$Lambda$178/1890627974.invoke(Unknown Source)
	at org.junit.platform.engine.support.hierarchical.Node.around(Node.java:135)
	at org.junit.platform.engine.support.hierarchical.NodeTestTask.lambda$executeRecursively$8(NodeTestTask.java:123)
	at org.junit.platform.engine.support.hierarchical.NodeTestTask$$Lambda$177/231977479.execute(Unknown Source)
	at org.junit.platform.engine.support.hierarchical.ThrowableCollector.execute(ThrowableCollector.java:73)
	at org.junit.platform.engine.support.hierarchical.NodeTestTask.executeRecursively(NodeTestTask.java:122)
	at org.junit.platform.engine.support.hierarchical.NodeTestTask.execute(NodeTestTask.java:80)
	at org.junit.platform.engine.support.hierarchical.SameThreadHierarchicalTestExecutorService$$Lambda$183/1381713434.accept(Unknown Source)
	at java.util.ArrayList.forEach(ArrayList.java:1249)
	at org.junit.platform.engine.support.hierarchical.SameThreadHierarchicalTestExecutorService.invokeAll(SameThreadHierarchicalTestExecutorService.java:38)
	at org.junit.platform.engine.support.hierarchical.NodeTestTask.lambda$executeRecursively$5(NodeTestTask.java:139)
	at org.junit.platform.engine.support.hierarchical.NodeTestTask$$Lambda$179/195615004.execute(Unknown Source)
	at org.junit.platform.engine.support.hierarchical.ThrowableCollector.execute(ThrowableCollector.java:73)
	at org.junit.platform.engine.support.hierarchical.NodeTestTask.lambda$executeRecursively$7(NodeTestTask.java:125)
	at org.junit.platform.engine.support.hierarchical.NodeTestTask$$Lambda$178/1890627974.invoke(Unknown Source)
	at org.junit.platform.engine.support.hierarchical.Node.around(Node.java:135)
	at org.junit.platform.engine.support.hierarchical.NodeTestTask.lambda$executeRecursively$8(NodeTestTask.java:123)
	at org.junit.platform.engine.support.hierarchical.NodeTestTask$$Lambda$177/231977479.execute(Unknown Source)
	at org.junit.platform.engine.support.hierarchical.ThrowableCollector.execute(ThrowableCollector.java:73)
	at org.junit.platform.engine.support.hierarchical.NodeTestTask.executeRecursively(NodeTestTask.java:122)
	at org.junit.platform.engine.support.hierarchical.NodeTestTask.execute(NodeTestTask.java:80)
	at org.junit.platform.engine.support.hierarchical.SameThreadHierarchicalTestExecutorService.submit(SameThreadHierarchicalTestExecutorService.java:32)
	at org.junit.platform.engine.support.hierarchical.HierarchicalTestExecutor.execute(HierarchicalTestExecutor.java:57)
	at org.junit.platform.engine.support.hierarchical.HierarchicalTestEngine.execute(HierarchicalTestEngine.java:51)
	at org.junit.platform.launcher.core.DefaultLauncher.execute(DefaultLauncher.java:248)
	at org.junit.platform.launcher.core.DefaultLauncher.lambda$execute$5(DefaultLauncher.java:211)
	at org.junit.platform.launcher.core.DefaultLauncher$$Lambda$143/233996206.accept(Unknown Source)
	at org.junit.platform.launcher.core.DefaultLauncher.withInterceptedStreams(DefaultLauncher.java:226)
	at org.junit.platform.launcher.core.DefaultLauncher.execute(DefaultLauncher.java:199)
	at org.junit.platform.launcher.core.DefaultLauncher.execute(DefaultLauncher.java:132)
	at org.apache.maven.surefire.junitplatform.JUnitPlatformProvider.invokeAllTests(JUnitPlatformProvider.java:142)
	at org.apache.maven.surefire.junitplatform.JUnitPlatformProvider.invoke(JUnitPlatformProvider.java:113)
	at org.apache.maven.surefire.booter.ForkedBooter.invokeProviderInSameClassLoader(ForkedBooter.java:384)
	at org.apache.maven.surefire.booter.ForkedBooter.runSuitesInProcess(ForkedBooter.java:345)
	at org.apache.maven.surefire.booter.ForkedBooter.execute(ForkedBooter.java:126)
	at org.apache.maven.surefire.booter.ForkedBooter.main(ForkedBooter.java:418)
2021-11-08 11:17:41,569 [myid:] - INFO  [main:FourLetterWordMain@94] - connecting to 127.0.0.1 30167
2021-11-08 11:17:41,569 [myid:1] - WARN  [nioEventLoopGroup-79-8:NettyServerCnxnFactory$CnxnChannelHandler@231] - Zookeeper server is not running, close the connection before starting the TLS handshake
2021-11-08 11:17:41,586 [myid:] - INFO  [main:ClientBase@267] - server 127.0.0.1:30167 not up
java.net.SocketException: Software caused connection abort: recv failed
	at java.net.SocketInputStream.socketRead0(Native Method)
	at java.net.SocketInputStream.read(SocketInputStream.java:150)
	at java.net.SocketInputStream.read(SocketInputStream.java:121)
	at sun.nio.cs.StreamDecoder.readBytes(StreamDecoder.java:284)
	at sun.nio.cs.StreamDecoder.implRead(StreamDecoder.java:326)
	at sun.nio.cs.StreamDecoder.read(StreamDecoder.java:178)
	at java.io.InputStreamReader.read(InputStreamReader.java:184)
	at java.io.BufferedReader.fill(BufferedReader.java:161)
	at java.io.BufferedReader.readLine(BufferedReader.java:324)
	at java.io.BufferedReader.readLine(BufferedReader.java:389)
	at org.apache.zookeeper.client.FourLetterWordMain.send4LetterWord(FourLetterWordMain.java:129)
	at org.apache.zookeeper.client.FourLetterWordMain.send4LetterWord(FourLetterWordMain.java:74)
	at org.apache.zookeeper.test.ClientBase.waitForServerUp(ClientBase.java:258)
	at org.apache.zookeeper.test.ClientBase.waitForServerUp(ClientBase.java:249)
	at org.apache.zookeeper.server.quorum.QuorumSSLTest.testHostnameVerification(QuorumSSLTest.java:671)
	at org.apache.zookeeper.server.quorum.QuorumSSLTest.testHostnameVerificationForInvalidMultiAddressServerConfig(QuorumSSLTest.java:620)
	at sun.reflect.NativeMethodAccessorImpl.invoke0(Native Method)
	at sun.reflect.NativeMethodAccessorImpl.invoke(NativeMethodAccessorImpl.java:62)
	at sun.reflect.DelegatingMethodAccessorImpl.invoke(DelegatingMethodAccessorImpl.java:43)
	at java.lang.reflect.Method.invoke(Method.java:483)
	at org.junit.platform.commons.util.ReflectionUtils.invokeMethod(ReflectionUtils.java:686)
	at org.junit.jupiter.engine.execution.MethodInvocation.proceed(MethodInvocation.java:60)
	at org.junit.jupiter.engine.execution.InvocationInterceptorChain$ValidatingInvocation.proceed(InvocationInterceptorChain.java:131)
	at org.junit.jupiter.engine.extension.TimeoutInvocation.proceed(TimeoutInvocation.java:46)
	at org.junit.jupiter.engine.extension.TimeoutExtension.intercept(TimeoutExtension.java:149)
	at org.junit.jupiter.engine.extension.TimeoutExtension.interceptTestableMethod(TimeoutExtension.java:140)
	at org.junit.jupiter.engine.extension.TimeoutExtension.interceptTestMethod(TimeoutExtension.java:84)
	at org.junit.jupiter.engine.descriptor.TestMethodTestDescriptor$$Lambda$111/1780132728.apply(Unknown Source)
	at org.junit.jupiter.engine.execution.ExecutableInvoker$ReflectiveInterceptorCall.lambda$ofVoidMethod$0(ExecutableInvoker.java:115)
	at org.junit.jupiter.engine.execution.ExecutableInvoker$ReflectiveInterceptorCall$$Lambda$112/1725017993.apply(Unknown Source)
	at org.junit.jupiter.engine.execution.ExecutableInvoker.lambda$invoke$0(ExecutableInvoker.java:105)
	at org.junit.jupiter.engine.execution.ExecutableInvoker$$Lambda$234/64133603.apply(Unknown Source)
	at org.junit.jupiter.engine.execution.InvocationInterceptorChain$InterceptedInvocation.proceed(InvocationInterceptorChain.java:106)
	at org.junit.jupiter.engine.execution.InvocationInterceptorChain.proceed(InvocationInterceptorChain.java:64)
	at org.junit.jupiter.engine.execution.InvocationInterceptorChain.chainAndInvoke(InvocationInterceptorChain.java:45)
	at org.junit.jupiter.engine.execution.InvocationInterceptorChain.invoke(InvocationInterceptorChain.java:37)
	at org.junit.jupiter.engine.execution.ExecutableInvoker.invoke(ExecutableInvoker.java:104)
	at org.junit.jupiter.engine.execution.ExecutableInvoker.invoke(ExecutableInvoker.java:98)
	at org.junit.jupiter.engine.descriptor.TestMethodTestDescriptor.lambda$invokeTestMethod$6(TestMethodTestDescriptor.java:212)
	at org.junit.jupiter.engine.descriptor.TestMethodTestDescriptor$$Lambda$271/224100622.execute(Unknown Source)
	at org.junit.platform.engine.support.hierarchical.ThrowableCollector.execute(ThrowableCollector.java:73)
	at org.junit.jupiter.engine.descriptor.TestMethodTestDescriptor.invokeTestMethod(TestMethodTestDescriptor.java:208)
	at org.junit.jupiter.engine.descriptor.TestMethodTestDescriptor.execute(TestMethodTestDescriptor.java:137)
	at org.junit.jupiter.engine.descriptor.TestMethodTestDescriptor.execute(TestMethodTestDescriptor.java:71)
	at org.junit.platform.engine.support.hierarchical.NodeTestTask.lambda$executeRecursively$5(NodeTestTask.java:135)
	at org.junit.platform.engine.support.hierarchical.NodeTestTask$$Lambda$179/195615004.execute(Unknown Source)
	at org.junit.platform.engine.support.hierarchical.ThrowableCollector.execute(ThrowableCollector.java:73)
	at org.junit.platform.engine.support.hierarchical.NodeTestTask.lambda$executeRecursively$7(NodeTestTask.java:125)
	at org.junit.platform.engine.support.hierarchical.NodeTestTask$$Lambda$178/1890627974.invoke(Unknown Source)
	at org.junit.platform.engine.support.hierarchical.Node.around(Node.java:135)
	at org.junit.platform.engine.support.hierarchical.NodeTestTask.lambda$executeRecursively$8(NodeTestTask.java:123)
	at org.junit.platform.engine.support.hierarchical.NodeTestTask$$Lambda$177/231977479.execute(Unknown Source)
	at org.junit.platform.engine.support.hierarchical.ThrowableCollector.execute(ThrowableCollector.java:73)
	at org.junit.platform.engine.support.hierarchical.NodeTestTask.executeRecursively(NodeTestTask.java:122)
	at org.junit.platform.engine.support.hierarchical.NodeTestTask.execute(NodeTestTask.java:80)
	at org.junit.platform.engine.support.hierarchical.SameThreadHierarchicalTestExecutorService$$Lambda$183/1381713434.accept(Unknown Source)
	at java.util.ArrayList.forEach(ArrayList.java:1249)
	at org.junit.platform.engine.support.hierarchical.SameThreadHierarchicalTestExecutorService.invokeAll(SameThreadHierarchicalTestExecutorService.java:38)
	at org.junit.platform.engine.support.hierarchical.NodeTestTask.lambda$executeRecursively$5(NodeTestTask.java:139)
	at org.junit.platform.engine.support.hierarchical.NodeTestTask$$Lambda$179/195615004.execute(Unknown Source)
	at org.junit.platform.engine.support.hierarchical.ThrowableCollector.execute(ThrowableCollector.java:73)
	at org.junit.platform.engine.support.hierarchical.NodeTestTask.lambda$executeRecursively$7(NodeTestTask.java:125)
	at org.junit.platform.engine.support.hierarchical.NodeTestTask$$Lambda$178/1890627974.invoke(Unknown Source)
	at org.junit.platform.engine.support.hierarchical.Node.around(Node.java:135)
	at org.junit.platform.engine.support.hierarchical.NodeTestTask.lambda$executeRecursively$8(NodeTestTask.java:123)
	at org.junit.platform.engine.support.hierarchical.NodeTestTask$$Lambda$177/231977479.execute(Unknown Source)
	at org.junit.platform.engine.support.hierarchical.ThrowableCollector.execute(ThrowableCollector.java:73)
	at org.junit.platform.engine.support.hierarchical.NodeTestTask.executeRecursively(NodeTestTask.java:122)
	at org.junit.platform.engine.support.hierarchical.NodeTestTask.execute(NodeTestTask.java:80)
	at org.junit.platform.engine.support.hierarchical.SameThreadHierarchicalTestExecutorService$$Lambda$183/1381713434.accept(Unknown Source)
	at java.util.ArrayList.forEach(ArrayList.java:1249)
	at org.junit.platform.engine.support.hierarchical.SameThreadHierarchicalTestExecutorService.invokeAll(SameThreadHierarchicalTestExecutorService.java:38)
	at org.junit.platform.engine.support.hierarchical.NodeTestTask.lambda$executeRecursively$5(NodeTestTask.java:139)
	at org.junit.platform.engine.support.hierarchical.NodeTestTask$$Lambda$179/195615004.execute(Unknown Source)
	at org.junit.platform.engine.support.hierarchical.ThrowableCollector.execute(ThrowableCollector.java:73)
	at org.junit.platform.engine.support.hierarchical.NodeTestTask.lambda$executeRecursively$7(NodeTestTask.java:125)
	at org.junit.platform.engine.support.hierarchical.NodeTestTask$$Lambda$178/1890627974.invoke(Unknown Source)
	at org.junit.platform.engine.support.hierarchical.Node.around(Node.java:135)
	at org.junit.platform.engine.support.hierarchical.NodeTestTask.lambda$executeRecursively$8(NodeTestTask.java:123)
	at org.junit.platform.engine.support.hierarchical.NodeTestTask$$Lambda$177/231977479.execute(Unknown Source)
	at org.junit.platform.engine.support.hierarchical.ThrowableCollector.execute(ThrowableCollector.java:73)
	at org.junit.platform.engine.support.hierarchical.NodeTestTask.executeRecursively(NodeTestTask.java:122)
	at org.junit.platform.engine.support.hierarchical.NodeTestTask.execute(NodeTestTask.java:80)
	at org.junit.platform.engine.support.hierarchical.SameThreadHierarchicalTestExecutorService.submit(SameThreadHierarchicalTestExecutorService.java:32)
	at org.junit.platform.engine.support.hierarchical.HierarchicalTestExecutor.execute(HierarchicalTestExecutor.java:57)
	at org.junit.platform.engine.support.hierarchical.HierarchicalTestEngine.execute(HierarchicalTestEngine.java:51)
	at org.junit.platform.launcher.core.DefaultLauncher.execute(DefaultLauncher.java:248)
	at org.junit.platform.launcher.core.DefaultLauncher.lambda$execute$5(DefaultLauncher.java:211)
	at org.junit.platform.launcher.core.DefaultLauncher$$Lambda$143/233996206.accept(Unknown Source)
	at org.junit.platform.launcher.core.DefaultLauncher.withInterceptedStreams(DefaultLauncher.java:226)
	at org.junit.platform.launcher.core.DefaultLauncher.execute(DefaultLauncher.java:199)
	at org.junit.platform.launcher.core.DefaultLauncher.execute(DefaultLauncher.java:132)
	at org.apache.maven.surefire.junitplatform.JUnitPlatformProvider.invokeAllTests(JUnitPlatformProvider.java:142)
	at org.apache.maven.surefire.junitplatform.JUnitPlatformProvider.invoke(JUnitPlatformProvider.java:113)
	at org.apache.maven.surefire.booter.ForkedBooter.invokeProviderInSameClassLoader(ForkedBooter.java:384)
	at org.apache.maven.surefire.booter.ForkedBooter.runSuitesInProcess(ForkedBooter.java:345)
	at org.apache.maven.surefire.booter.ForkedBooter.execute(ForkedBooter.java:126)
	at org.apache.maven.surefire.booter.ForkedBooter.main(ForkedBooter.java:418)
2021-11-08 11:17:41,849 [myid:] - INFO  [main:FourLetterWordMain@94] - connecting to 127.0.0.1 30167
2021-11-08 11:17:41,850 [myid:1] - WARN  [nioEventLoopGroup-79-9:NettyServerCnxnFactory$CnxnChannelHandler@231] - Zookeeper server is not running, close the connection before starting the TLS handshake
2021-11-08 11:17:42,116 [myid:] - INFO  [main:FourLetterWordMain@94] - connecting to 127.0.0.1 30167
2021-11-08 11:17:42,116 [myid:1] - WARN  [nioEventLoopGroup-79-10:NettyServerCnxnFactory$CnxnChannelHandler@231] - Zookeeper server is not running, close the connection before starting the TLS handshake
2021-11-08 11:17:42,368 [myid:] - INFO  [main:FourLetterWordMain@94] - connecting to 127.0.0.1 30167
2021-11-08 11:17:42,368 [myid:1] - WARN  [nioEventLoopGroup-79-11:NettyServerCnxnFactory$CnxnChannelHandler@231] - Zookeeper server is not running, close the connection before starting the TLS handshake
2021-11-08 11:17:42,633 [myid:] - INFO  [main:FourLetterWordMain@94] - connecting to 127.0.0.1 30167
2021-11-08 11:17:42,633 [myid:1] - WARN  [nioEventLoopGroup-79-12:NettyServerCnxnFactory$CnxnChannelHandler@231] - Zookeeper server is not running, close the connection before starting the TLS handshake
2021-11-08 11:17:42,649 [myid:] - INFO  [main:ClientBase@267] - server 127.0.0.1:30167 not up
java.net.SocketException: Software caused connection abort: recv failed
	at java.net.SocketInputStream.socketRead0(Native Method)
	at java.net.SocketInputStream.read(SocketInputStream.java:150)
	at java.net.SocketInputStream.read(SocketInputStream.java:121)
	at sun.nio.cs.StreamDecoder.readBytes(StreamDecoder.java:284)
	at sun.nio.cs.StreamDecoder.implRead(StreamDecoder.java:326)
	at sun.nio.cs.StreamDecoder.read(StreamDecoder.java:178)
	at java.io.InputStreamReader.read(InputStreamReader.java:184)
	at java.io.BufferedReader.fill(BufferedReader.java:161)
	at java.io.BufferedReader.readLine(BufferedReader.java:324)
	at java.io.BufferedReader.readLine(BufferedReader.java:389)
	at org.apache.zookeeper.client.FourLetterWordMain.send4LetterWord(FourLetterWordMain.java:129)
	at org.apache.zookeeper.client.FourLetterWordMain.send4LetterWord(FourLetterWordMain.java:74)
	at org.apache.zookeeper.test.ClientBase.waitForServerUp(ClientBase.java:258)
	at org.apache.zookeeper.test.ClientBase.waitForServerUp(ClientBase.java:249)
	at org.apache.zookeeper.server.quorum.QuorumSSLTest.testHostnameVerification(QuorumSSLTest.java:671)
	at org.apache.zookeeper.server.quorum.QuorumSSLTest.testHostnameVerificationForInvalidMultiAddressServerConfig(QuorumSSLTest.java:620)
	at sun.reflect.NativeMethodAccessorImpl.invoke0(Native Method)
	at sun.reflect.NativeMethodAccessorImpl.invoke(NativeMethodAccessorImpl.java:62)
	at sun.reflect.DelegatingMethodAccessorImpl.invoke(DelegatingMethodAccessorImpl.java:43)
	at java.lang.reflect.Method.invoke(Method.java:483)
	at org.junit.platform.commons.util.ReflectionUtils.invokeMethod(ReflectionUtils.java:686)
	at org.junit.jupiter.engine.execution.MethodInvocation.proceed(MethodInvocation.java:60)
	at org.junit.jupiter.engine.execution.InvocationInterceptorChain$ValidatingInvocation.proceed(InvocationInterceptorChain.java:131)
	at org.junit.jupiter.engine.extension.TimeoutInvocation.proceed(TimeoutInvocation.java:46)
	at org.junit.jupiter.engine.extension.TimeoutExtension.intercept(TimeoutExtension.java:149)
	at org.junit.jupiter.engine.extension.TimeoutExtension.interceptTestableMethod(TimeoutExtension.java:140)
	at org.junit.jupiter.engine.extension.TimeoutExtension.interceptTestMethod(TimeoutExtension.java:84)
	at org.junit.jupiter.engine.descriptor.TestMethodTestDescriptor$$Lambda$111/1780132728.apply(Unknown Source)
	at org.junit.jupiter.engine.execution.ExecutableInvoker$ReflectiveInterceptorCall.lambda$ofVoidMethod$0(ExecutableInvoker.java:115)
	at org.junit.jupiter.engine.execution.ExecutableInvoker$ReflectiveInterceptorCall$$Lambda$112/1725017993.apply(Unknown Source)
	at org.junit.jupiter.engine.execution.ExecutableInvoker.lambda$invoke$0(ExecutableInvoker.java:105)
	at org.junit.jupiter.engine.execution.ExecutableInvoker$$Lambda$234/64133603.apply(Unknown Source)
	at org.junit.jupiter.engine.execution.InvocationInterceptorChain$InterceptedInvocation.proceed(InvocationInterceptorChain.java:106)
	at org.junit.jupiter.engine.execution.InvocationInterceptorChain.proceed(InvocationInterceptorChain.java:64)
	at org.junit.jupiter.engine.execution.InvocationInterceptorChain.chainAndInvoke(InvocationInterceptorChain.java:45)
	at org.junit.jupiter.engine.execution.InvocationInterceptorChain.invoke(InvocationInterceptorChain.java:37)
	at org.junit.jupiter.engine.execution.ExecutableInvoker.invoke(ExecutableInvoker.java:104)
	at org.junit.jupiter.engine.execution.ExecutableInvoker.invoke(ExecutableInvoker.java:98)
	at org.junit.jupiter.engine.descriptor.TestMethodTestDescriptor.lambda$invokeTestMethod$6(TestMethodTestDescriptor.java:212)
	at org.junit.jupiter.engine.descriptor.TestMethodTestDescriptor$$Lambda$271/224100622.execute(Unknown Source)
	at org.junit.platform.engine.support.hierarchical.ThrowableCollector.execute(ThrowableCollector.java:73)
	at org.junit.jupiter.engine.descriptor.TestMethodTestDescriptor.invokeTestMethod(TestMethodTestDescriptor.java:208)
	at org.junit.jupiter.engine.descriptor.TestMethodTestDescriptor.execute(TestMethodTestDescriptor.java:137)
	at org.junit.jupiter.engine.descriptor.TestMethodTestDescriptor.execute(TestMethodTestDescriptor.java:71)
	at org.junit.platform.engine.support.hierarchical.NodeTestTask.lambda$executeRecursively$5(NodeTestTask.java:135)
	at org.junit.platform.engine.support.hierarchical.NodeTestTask$$Lambda$179/195615004.execute(Unknown Source)
	at org.junit.platform.engine.support.hierarchical.ThrowableCollector.execute(ThrowableCollector.java:73)
	at org.junit.platform.engine.support.hierarchical.NodeTestTask.lambda$executeRecursively$7(NodeTestTask.java:125)
	at org.junit.platform.engine.support.hierarchical.NodeTestTask$$Lambda$178/1890627974.invoke(Unknown Source)
	at org.junit.platform.engine.support.hierarchical.Node.around(Node.java:135)
	at org.junit.platform.engine.support.hierarchical.NodeTestTask.lambda$executeRecursively$8(NodeTestTask.java:123)
	at org.junit.platform.engine.support.hierarchical.NodeTestTask$$Lambda$177/231977479.execute(Unknown Source)
	at org.junit.platform.engine.support.hierarchical.ThrowableCollector.execute(ThrowableCollector.java:73)
	at org.junit.platform.engine.support.hierarchical.NodeTestTask.executeRecursively(NodeTestTask.java:122)
	at org.junit.platform.engine.support.hierarchical.NodeTestTask.execute(NodeTestTask.java:80)
	at org.junit.platform.engine.support.hierarchical.SameThreadHierarchicalTestExecutorService$$Lambda$183/1381713434.accept(Unknown Source)
	at java.util.ArrayList.forEach(ArrayList.java:1249)
	at org.junit.platform.engine.support.hierarchical.SameThreadHierarchicalTestExecutorService.invokeAll(SameThreadHierarchicalTestExecutorService.java:38)
	at org.junit.platform.engine.support.hierarchical.NodeTestTask.lambda$executeRecursively$5(NodeTestTask.java:139)
	at org.junit.platform.engine.support.hierarchical.NodeTestTask$$Lambda$179/195615004.execute(Unknown Source)
	at org.junit.platform.engine.support.hierarchical.ThrowableCollector.execute(ThrowableCollector.java:73)
	at org.junit.platform.engine.support.hierarchical.NodeTestTask.lambda$executeRecursively$7(NodeTestTask.java:125)
	at org.junit.platform.engine.support.hierarchical.NodeTestTask$$Lambda$178/1890627974.invoke(Unknown Source)
	at org.junit.platform.engine.support.hierarchical.Node.around(Node.java:135)
	at org.junit.platform.engine.support.hierarchical.NodeTestTask.lambda$executeRecursively$8(NodeTestTask.java:123)
	at org.junit.platform.engine.support.hierarchical.NodeTestTask$$Lambda$177/231977479.execute(Unknown Source)
	at org.junit.platform.engine.support.hierarchical.ThrowableCollector.execute(ThrowableCollector.java:73)
	at org.junit.platform.engine.support.hierarchical.NodeTestTask.executeRecursively(NodeTestTask.java:122)
	at org.junit.platform.engine.support.hierarchical.NodeTestTask.execute(NodeTestTask.java:80)
	at org.junit.platform.engine.support.hierarchical.SameThreadHierarchicalTestExecutorService$$Lambda$183/1381713434.accept(Unknown Source)
	at java.util.ArrayList.forEach(ArrayList.java:1249)
	at org.junit.platform.engine.support.hierarchical.SameThreadHierarchicalTestExecutorService.invokeAll(SameThreadHierarchicalTestExecutorService.java:38)
	at org.junit.platform.engine.support.hierarchical.NodeTestTask.lambda$executeRecursively$5(NodeTestTask.java:139)
	at org.junit.platform.engine.support.hierarchical.NodeTestTask$$Lambda$179/195615004.execute(Unknown Source)
	at org.junit.platform.engine.support.hierarchical.ThrowableCollector.execute(ThrowableCollector.java:73)
	at org.junit.platform.engine.support.hierarchical.NodeTestTask.lambda$executeRecursively$7(NodeTestTask.java:125)
	at org.junit.platform.engine.support.hierarchical.NodeTestTask$$Lambda$178/1890627974.invoke(Unknown Source)
	at org.junit.platform.engine.support.hierarchical.Node.around(Node.java:135)
	at org.junit.platform.engine.support.hierarchical.NodeTestTask.lambda$executeRecursively$8(NodeTestTask.java:123)
	at org.junit.platform.engine.support.hierarchical.NodeTestTask$$Lambda$177/231977479.execute(Unknown Source)
	at org.junit.platform.engine.support.hierarchical.ThrowableCollector.execute(ThrowableCollector.java:73)
	at org.junit.platform.engine.support.hierarchical.NodeTestTask.executeRecursively(NodeTestTask.java:122)
	at org.junit.platform.engine.support.hierarchical.NodeTestTask.execute(NodeTestTask.java:80)
	at org.junit.platform.engine.support.hierarchical.SameThreadHierarchicalTestExecutorService.submit(SameThreadHierarchicalTestExecutorService.java:32)
	at org.junit.platform.engine.support.hierarchical.HierarchicalTestExecutor.execute(HierarchicalTestExecutor.java:57)
	at org.junit.platform.engine.support.hierarchical.HierarchicalTestEngine.execute(HierarchicalTestEngine.java:51)
	at org.junit.platform.launcher.core.DefaultLauncher.execute(DefaultLauncher.java:248)
	at org.junit.platform.launcher.core.DefaultLauncher.lambda$execute$5(DefaultLauncher.java:211)
	at org.junit.platform.launcher.core.DefaultLauncher$$Lambda$143/233996206.accept(Unknown Source)
	at org.junit.platform.launcher.core.DefaultLauncher.withInterceptedStreams(DefaultLauncher.java:226)
	at org.junit.platform.launcher.core.DefaultLauncher.execute(DefaultLauncher.java:199)
	at org.junit.platform.launcher.core.DefaultLauncher.execute(DefaultLauncher.java:132)
	at org.apache.maven.surefire.junitplatform.JUnitPlatformProvider.invokeAllTests(JUnitPlatformProvider.java:142)
	at org.apache.maven.surefire.junitplatform.JUnitPlatformProvider.invoke(JUnitPlatformProvider.java:113)
	at org.apache.maven.surefire.booter.ForkedBooter.invokeProviderInSameClassLoader(ForkedBooter.java:384)
	at org.apache.maven.surefire.booter.ForkedBooter.runSuitesInProcess(ForkedBooter.java:345)
	at org.apache.maven.surefire.booter.ForkedBooter.execute(ForkedBooter.java:126)
	at org.apache.maven.surefire.booter.ForkedBooter.main(ForkedBooter.java:418)
2021-11-08 11:17:42,913 [myid:] - INFO  [main:FourLetterWordMain@94] - connecting to 127.0.0.1 30167
2021-11-08 11:17:42,914 [myid:1] - WARN  [nioEventLoopGroup-79-1:NettyServerCnxnFactory$CnxnChannelHandler@231] - Zookeeper server is not running, close the connection before starting the TLS handshake
2021-11-08 11:17:43,167 [myid:] - INFO  [main:FourLetterWordMain@94] - connecting to 127.0.0.1 30167
2021-11-08 11:17:43,167 [myid:1] - WARN  [nioEventLoopGroup-79-2:NettyServerCnxnFactory$CnxnChannelHandler@231] - Zookeeper server is not running, close the connection before starting the TLS handshake
2021-11-08 11:17:43,419 [myid:] - INFO  [main:FourLetterWordMain@94] - connecting to 127.0.0.1 30167
2021-11-08 11:17:43,421 [myid:1] - WARN  [nioEventLoopGroup-79-3:NettyServerCnxnFactory$CnxnChannelHandler@231] - Zookeeper server is not running, close the connection before starting the TLS handshake
2021-11-08 11:17:43,684 [myid:] - INFO  [main:FourLetterWordMain@94] - connecting to 127.0.0.1 30167
2021-11-08 11:17:43,684 [myid:1] - WARN  [nioEventLoopGroup-79-4:NettyServerCnxnFactory$CnxnChannelHandler@231] - Zookeeper server is not running, close the connection before starting the TLS handshake
2021-11-08 11:17:43,949 [myid:] - INFO  [main:FourLetterWordMain@94] - connecting to 127.0.0.1 30167
2021-11-08 11:17:43,949 [myid:1] - WARN  [nioEventLoopGroup-79-5:NettyServerCnxnFactory$CnxnChannelHandler@231] - Zookeeper server is not running, close the connection before starting the TLS handshake
2021-11-08 11:17:44,200 [myid:] - INFO  [main:FourLetterWordMain@94] - connecting to 127.0.0.1 30167
2021-11-08 11:17:44,201 [myid:1] - WARN  [nioEventLoopGroup-79-6:NettyServerCnxnFactory$CnxnChannelHandler@231] - Zookeeper server is not running, close the connection before starting the TLS handshake
2021-11-08 11:17:44,453 [myid:] - INFO  [main:FourLetterWordMain@94] - connecting to 127.0.0.1 30167
2021-11-08 11:17:44,453 [myid:1] - WARN  [nioEventLoopGroup-79-7:NettyServerCnxnFactory$CnxnChannelHandler@231] - Zookeeper server is not running, close the connection before starting the TLS handshake
2021-11-08 11:17:44,718 [myid:] - INFO  [main:FourLetterWordMain@94] - connecting to 127.0.0.1 30167
2021-11-08 11:17:44,718 [myid:1] - WARN  [nioEventLoopGroup-79-8:NettyServerCnxnFactory$CnxnChannelHandler@231] - Zookeeper server is not running, close the connection before starting the TLS handshake
2021-11-08 11:17:44,968 [myid:] - INFO  [main:FourLetterWordMain@94] - connecting to 127.0.0.1 30167
2021-11-08 11:17:44,969 [myid:1] - WARN  [nioEventLoopGroup-79-9:NettyServerCnxnFactory$CnxnChannelHandler@231] - Zookeeper server is not running, close the connection before starting the TLS handshake
2021-11-08 11:17:44,984 [myid:] - INFO  [main:ClientBase@267] - server 127.0.0.1:30167 not up
java.net.SocketException: Software caused connection abort: recv failed
	at java.net.SocketInputStream.socketRead0(Native Method)
	at java.net.SocketInputStream.read(SocketInputStream.java:150)
	at java.net.SocketInputStream.read(SocketInputStream.java:121)
	at sun.nio.cs.StreamDecoder.readBytes(StreamDecoder.java:284)
	at sun.nio.cs.StreamDecoder.implRead(StreamDecoder.java:326)
	at sun.nio.cs.StreamDecoder.read(StreamDecoder.java:178)
	at java.io.InputStreamReader.read(InputStreamReader.java:184)
	at java.io.BufferedReader.fill(BufferedReader.java:161)
	at java.io.BufferedReader.readLine(BufferedReader.java:324)
	at java.io.BufferedReader.readLine(BufferedReader.java:389)
	at org.apache.zookeeper.client.FourLetterWordMain.send4LetterWord(FourLetterWordMain.java:129)
	at org.apache.zookeeper.client.FourLetterWordMain.send4LetterWord(FourLetterWordMain.java:74)
	at org.apache.zookeeper.test.ClientBase.waitForServerUp(ClientBase.java:258)
	at org.apache.zookeeper.test.ClientBase.waitForServerUp(ClientBase.java:249)
	at org.apache.zookeeper.server.quorum.QuorumSSLTest.testHostnameVerification(QuorumSSLTest.java:671)
	at org.apache.zookeeper.server.quorum.QuorumSSLTest.testHostnameVerificationForInvalidMultiAddressServerConfig(QuorumSSLTest.java:620)
	at sun.reflect.NativeMethodAccessorImpl.invoke0(Native Method)
	at sun.reflect.NativeMethodAccessorImpl.invoke(NativeMethodAccessorImpl.java:62)
	at sun.reflect.DelegatingMethodAccessorImpl.invoke(DelegatingMethodAccessorImpl.java:43)
	at java.lang.reflect.Method.invoke(Method.java:483)
	at org.junit.platform.commons.util.ReflectionUtils.invokeMethod(ReflectionUtils.java:686)
	at org.junit.jupiter.engine.execution.MethodInvocation.proceed(MethodInvocation.java:60)
	at org.junit.jupiter.engine.execution.InvocationInterceptorChain$ValidatingInvocation.proceed(InvocationInterceptorChain.java:131)
	at org.junit.jupiter.engine.extension.TimeoutInvocation.proceed(TimeoutInvocation.java:46)
	at org.junit.jupiter.engine.extension.TimeoutExtension.intercept(TimeoutExtension.java:149)
	at org.junit.jupiter.engine.extension.TimeoutExtension.interceptTestableMethod(TimeoutExtension.java:140)
	at org.junit.jupiter.engine.extension.TimeoutExtension.interceptTestMethod(TimeoutExtension.java:84)
	at org.junit.jupiter.engine.descriptor.TestMethodTestDescriptor$$Lambda$111/1780132728.apply(Unknown Source)
	at org.junit.jupiter.engine.execution.ExecutableInvoker$ReflectiveInterceptorCall.lambda$ofVoidMethod$0(ExecutableInvoker.java:115)
	at org.junit.jupiter.engine.execution.ExecutableInvoker$ReflectiveInterceptorCall$$Lambda$112/1725017993.apply(Unknown Source)
	at org.junit.jupiter.engine.execution.ExecutableInvoker.lambda$invoke$0(ExecutableInvoker.java:105)
	at org.junit.jupiter.engine.execution.ExecutableInvoker$$Lambda$234/64133603.apply(Unknown Source)
	at org.junit.jupiter.engine.execution.InvocationInterceptorChain$InterceptedInvocation.proceed(InvocationInterceptorChain.java:106)
	at org.junit.jupiter.engine.execution.InvocationInterceptorChain.proceed(InvocationInterceptorChain.java:64)
	at org.junit.jupiter.engine.execution.InvocationInterceptorChain.chainAndInvoke(InvocationInterceptorChain.java:45)
	at org.junit.jupiter.engine.execution.InvocationInterceptorChain.invoke(InvocationInterceptorChain.java:37)
	at org.junit.jupiter.engine.execution.ExecutableInvoker.invoke(ExecutableInvoker.java:104)
	at org.junit.jupiter.engine.execution.ExecutableInvoker.invoke(ExecutableInvoker.java:98)
	at org.junit.jupiter.engine.descriptor.TestMethodTestDescriptor.lambda$invokeTestMethod$6(TestMethodTestDescriptor.java:212)
	at org.junit.jupiter.engine.descriptor.TestMethodTestDescriptor$$Lambda$271/224100622.execute(Unknown Source)
	at org.junit.platform.engine.support.hierarchical.ThrowableCollector.execute(ThrowableCollector.java:73)
	at org.junit.jupiter.engine.descriptor.TestMethodTestDescriptor.invokeTestMethod(TestMethodTestDescriptor.java:208)
	at org.junit.jupiter.engine.descriptor.TestMethodTestDescriptor.execute(TestMethodTestDescriptor.java:137)
	at org.junit.jupiter.engine.descriptor.TestMethodTestDescriptor.execute(TestMethodTestDescriptor.java:71)
	at org.junit.platform.engine.support.hierarchical.NodeTestTask.lambda$executeRecursively$5(NodeTestTask.java:135)
	at org.junit.platform.engine.support.hierarchical.NodeTestTask$$Lambda$179/195615004.execute(Unknown Source)
	at org.junit.platform.engine.support.hierarchical.ThrowableCollector.execute(ThrowableCollector.java:73)
	at org.junit.platform.engine.support.hierarchical.NodeTestTask.lambda$executeRecursively$7(NodeTestTask.java:125)
	at org.junit.platform.engine.support.hierarchical.NodeTestTask$$Lambda$178/1890627974.invoke(Unknown Source)
	at org.junit.platform.engine.support.hierarchical.Node.around(Node.java:135)
	at org.junit.platform.engine.support.hierarchical.NodeTestTask.lambda$executeRecursively$8(NodeTestTask.java:123)
	at org.junit.platform.engine.support.hierarchical.NodeTestTask$$Lambda$177/231977479.execute(Unknown Source)
	at org.junit.platform.engine.support.hierarchical.ThrowableCollector.execute(ThrowableCollector.java:73)
	at org.junit.platform.engine.support.hierarchical.NodeTestTask.executeRecursively(NodeTestTask.java:122)
	at org.junit.platform.engine.support.hierarchical.NodeTestTask.execute(NodeTestTask.java:80)
	at org.junit.platform.engine.support.hierarchical.SameThreadHierarchicalTestExecutorService$$Lambda$183/1381713434.accept(Unknown Source)
	at java.util.ArrayList.forEach(ArrayList.java:1249)
	at org.junit.platform.engine.support.hierarchical.SameThreadHierarchicalTestExecutorService.invokeAll(SameThreadHierarchicalTestExecutorService.java:38)
	at org.junit.platform.engine.support.hierarchical.NodeTestTask.lambda$executeRecursively$5(NodeTestTask.java:139)
	at org.junit.platform.engine.support.hierarchical.NodeTestTask$$Lambda$179/195615004.execute(Unknown Source)
	at org.junit.platform.engine.support.hierarchical.ThrowableCollector.execute(ThrowableCollector.java:73)
	at org.junit.platform.engine.support.hierarchical.NodeTestTask.lambda$executeRecursively$7(NodeTestTask.java:125)
	at org.junit.platform.engine.support.hierarchical.NodeTestTask$$Lambda$178/1890627974.invoke(Unknown Source)
	at org.junit.platform.engine.support.hierarchical.Node.around(Node.java:135)
	at org.junit.platform.engine.support.hierarchical.NodeTestTask.lambda$executeRecursively$8(NodeTestTask.java:123)
	at org.junit.platform.engine.support.hierarchical.NodeTestTask$$Lambda$177/231977479.execute(Unknown Source)
	at org.junit.platform.engine.support.hierarchical.ThrowableCollector.execute(ThrowableCollector.java:73)
	at org.junit.platform.engine.support.hierarchical.NodeTestTask.executeRecursively(NodeTestTask.java:122)
	at org.junit.platform.engine.support.hierarchical.NodeTestTask.execute(NodeTestTask.java:80)
	at org.junit.platform.engine.support.hierarchical.SameThreadHierarchicalTestExecutorService$$Lambda$183/1381713434.accept(Unknown Source)
	at java.util.ArrayList.forEach(ArrayList.java:1249)
	at org.junit.platform.engine.support.hierarchical.SameThreadHierarchicalTestExecutorService.invokeAll(SameThreadHierarchicalTestExecutorService.java:38)
	at org.junit.platform.engine.support.hierarchical.NodeTestTask.lambda$executeRecursively$5(NodeTestTask.java:139)
	at org.junit.platform.engine.support.hierarchical.NodeTestTask$$Lambda$179/195615004.execute(Unknown Source)
	at org.junit.platform.engine.support.hierarchical.ThrowableCollector.execute(ThrowableCollector.java:73)
	at org.junit.platform.engine.support.hierarchical.NodeTestTask.lambda$executeRecursively$7(NodeTestTask.java:125)
	at org.junit.platform.engine.support.hierarchical.NodeTestTask$$Lambda$178/1890627974.invoke(Unknown Source)
	at org.junit.platform.engine.support.hierarchical.Node.around(Node.java:135)
	at org.junit.platform.engine.support.hierarchical.NodeTestTask.lambda$executeRecursively$8(NodeTestTask.java:123)
	at org.junit.platform.engine.support.hierarchical.NodeTestTask$$Lambda$177/231977479.execute(Unknown Source)
	at org.junit.platform.engine.support.hierarchical.ThrowableCollector.execute(ThrowableCollector.java:73)
	at org.junit.platform.engine.support.hierarchical.NodeTestTask.executeRecursively(NodeTestTask.java:122)
	at org.junit.platform.engine.support.hierarchical.NodeTestTask.execute(NodeTestTask.java:80)
	at org.junit.platform.engine.support.hierarchical.SameThreadHierarchicalTestExecutorService.submit(SameThreadHierarchicalTestExecutorService.java:32)
	at org.junit.platform.engine.support.hierarchical.HierarchicalTestExecutor.execute(HierarchicalTestExecutor.java:57)
	at org.junit.platform.engine.support.hierarchical.HierarchicalTestEngine.execute(HierarchicalTestEngine.java:51)
	at org.junit.platform.launcher.core.DefaultLauncher.execute(DefaultLauncher.java:248)
	at org.junit.platform.launcher.core.DefaultLauncher.lambda$execute$5(DefaultLauncher.java:211)
	at org.junit.platform.launcher.core.DefaultLauncher$$Lambda$143/233996206.accept(Unknown Source)
	at org.junit.platform.launcher.core.DefaultLauncher.withInterceptedStreams(DefaultLauncher.java:226)
	at org.junit.platform.launcher.core.DefaultLauncher.execute(DefaultLauncher.java:199)
	at org.junit.platform.launcher.core.DefaultLauncher.execute(DefaultLauncher.java:132)
	at org.apache.maven.surefire.junitplatform.JUnitPlatformProvider.invokeAllTests(JUnitPlatformProvider.java:142)
	at org.apache.maven.surefire.junitplatform.JUnitPlatformProvider.invoke(JUnitPlatformProvider.java:113)
	at org.apache.maven.surefire.booter.ForkedBooter.invokeProviderInSameClassLoader(ForkedBooter.java:384)
	at org.apache.maven.surefire.booter.ForkedBooter.runSuitesInProcess(ForkedBooter.java:345)
	at org.apache.maven.surefire.booter.ForkedBooter.execute(ForkedBooter.java:126)
	at org.apache.maven.surefire.booter.ForkedBooter.main(ForkedBooter.java:418)
2021-11-08 11:17:45,234 [myid:] - INFO  [main:FourLetterWordMain@94] - connecting to 127.0.0.1 30167
2021-11-08 11:17:45,235 [myid:1] - WARN  [nioEventLoopGroup-79-10:NettyServerCnxnFactory$CnxnChannelHandler@231] - Zookeeper server is not running, close the connection before starting the TLS handshake
2021-11-08 11:17:45,496 [myid:] - INFO  [main:FourLetterWordMain@94] - connecting to 127.0.0.1 30167
2021-11-08 11:17:45,498 [myid:1] - WARN  [nioEventLoopGroup-79-11:NettyServerCnxnFactory$CnxnChannelHandler@231] - Zookeeper server is not running, close the connection before starting the TLS handshake
2021-11-08 11:17:45,761 [myid:] - INFO  [main:FourLetterWordMain@94] - connecting to 127.0.0.1 30167
2021-11-08 11:17:45,762 [myid:1] - WARN  [nioEventLoopGroup-79-12:NettyServerCnxnFactory$CnxnChannelHandler@231] - Zookeeper server is not running, close the connection before starting the TLS handshake
2021-11-08 11:17:46,014 [myid:] - INFO  [main:FourLetterWordMain@94] - connecting to 127.0.0.1 30167
2021-11-08 11:17:46,014 [myid:1] - WARN  [nioEventLoopGroup-79-1:NettyServerCnxnFactory$CnxnChannelHandler@231] - Zookeeper server is not running, close the connection before starting the TLS handshake
2021-11-08 11:17:46,030 [myid:2] - INFO  [QuorumPeer[myid=2](plain=[0:0:0:0:0:0:0:0]:30168)(secure=disabled):FastLeaderElection@984] - Notification time out: 12800
2021-11-08 11:17:46,032 [myid:1] - INFO  [QuorumPeer[myid=1](plain=[0:0:0:0:0:0:0:0]:30167)(secure=disabled):FastLeaderElection@984] - Notification time out: 12800
2021-11-08 11:17:46,265 [myid:] - INFO  [main:FourLetterWordMain@94] - connecting to 127.0.0.1 30167
2021-11-08 11:17:46,267 [myid:1] - WARN  [nioEventLoopGroup-79-2:NettyServerCnxnFactory$CnxnChannelHandler@231] - Zookeeper server is not running, close the connection before starting the TLS handshake
2021-11-08 11:17:46,532 [myid:] - INFO  [main:FourLetterWordMain@94] - connecting to 127.0.0.1 30167
2021-11-08 11:17:46,532 [myid:1] - WARN  [nioEventLoopGroup-79-3:NettyServerCnxnFactory$CnxnChannelHandler@231] - Zookeeper server is not running, close the connection before starting the TLS handshake
2021-11-08 11:17:46,785 [myid:] - INFO  [main:FourLetterWordMain@94] - connecting to 127.0.0.1 30167
2021-11-08 11:17:46,787 [myid:1] - WARN  [nioEventLoopGroup-79-4:NettyServerCnxnFactory$CnxnChannelHandler@231] - Zookeeper server is not running, close the connection before starting the TLS handshake
2021-11-08 11:17:47,050 [myid:] - INFO  [main:FourLetterWordMain@94] - connecting to 127.0.0.1 30167
2021-11-08 11:17:47,050 [myid:1] - WARN  [nioEventLoopGroup-79-5:NettyServerCnxnFactory$CnxnChannelHandler@231] - Zookeeper server is not running, close the connection before starting the TLS handshake
2021-11-08 11:17:47,302 [myid:] - INFO  [main:FourLetterWordMain@94] - connecting to 127.0.0.1 30167
2021-11-08 11:17:47,302 [myid:1] - WARN  [nioEventLoopGroup-79-6:NettyServerCnxnFactory$CnxnChannelHandler@231] - Zookeeper server is not running, close the connection before starting the TLS handshake
2021-11-08 11:17:47,565 [myid:] - INFO  [main:FourLetterWordMain@94] - connecting to 127.0.0.1 30167
2021-11-08 11:17:47,565 [myid:1] - WARN  [nioEventLoopGroup-79-7:NettyServerCnxnFactory$CnxnChannelHandler@231] - Zookeeper server is not running, close the connection before starting the TLS handshake
2021-11-08 11:17:47,816 [myid:] - INFO  [main:FourLetterWordMain@94] - connecting to 127.0.0.1 30167
2021-11-08 11:17:47,816 [myid:1] - WARN  [nioEventLoopGroup-79-8:NettyServerCnxnFactory$CnxnChannelHandler@231] - Zookeeper server is not running, close the connection before starting the TLS handshake
2021-11-08 11:17:47,832 [myid:] - INFO  [main:ClientBase@267] - server 127.0.0.1:30167 not up
java.net.SocketException: Software caused connection abort: recv failed
	at java.net.SocketInputStream.socketRead0(Native Method)
	at java.net.SocketInputStream.read(SocketInputStream.java:150)
	at java.net.SocketInputStream.read(SocketInputStream.java:121)
	at sun.nio.cs.StreamDecoder.readBytes(StreamDecoder.java:284)
	at sun.nio.cs.StreamDecoder.implRead(StreamDecoder.java:326)
	at sun.nio.cs.StreamDecoder.read(StreamDecoder.java:178)
	at java.io.InputStreamReader.read(InputStreamReader.java:184)
	at java.io.BufferedReader.fill(BufferedReader.java:161)
	at java.io.BufferedReader.readLine(BufferedReader.java:324)
	at java.io.BufferedReader.readLine(BufferedReader.java:389)
	at org.apache.zookeeper.client.FourLetterWordMain.send4LetterWord(FourLetterWordMain.java:129)
	at org.apache.zookeeper.client.FourLetterWordMain.send4LetterWord(FourLetterWordMain.java:74)
	at org.apache.zookeeper.test.ClientBase.waitForServerUp(ClientBase.java:258)
	at org.apache.zookeeper.test.ClientBase.waitForServerUp(ClientBase.java:249)
	at org.apache.zookeeper.server.quorum.QuorumSSLTest.testHostnameVerification(QuorumSSLTest.java:671)
	at org.apache.zookeeper.server.quorum.QuorumSSLTest.testHostnameVerificationForInvalidMultiAddressServerConfig(QuorumSSLTest.java:620)
	at sun.reflect.NativeMethodAccessorImpl.invoke0(Native Method)
	at sun.reflect.NativeMethodAccessorImpl.invoke(NativeMethodAccessorImpl.java:62)
	at sun.reflect.DelegatingMethodAccessorImpl.invoke(DelegatingMethodAccessorImpl.java:43)
	at java.lang.reflect.Method.invoke(Method.java:483)
	at org.junit.platform.commons.util.ReflectionUtils.invokeMethod(ReflectionUtils.java:686)
	at org.junit.jupiter.engine.execution.MethodInvocation.proceed(MethodInvocation.java:60)
	at org.junit.jupiter.engine.execution.InvocationInterceptorChain$ValidatingInvocation.proceed(InvocationInterceptorChain.java:131)
	at org.junit.jupiter.engine.extension.TimeoutInvocation.proceed(TimeoutInvocation.java:46)
	at org.junit.jupiter.engine.extension.TimeoutExtension.intercept(TimeoutExtension.java:149)
	at org.junit.jupiter.engine.extension.TimeoutExtension.interceptTestableMethod(TimeoutExtension.java:140)
	at org.junit.jupiter.engine.extension.TimeoutExtension.interceptTestMethod(TimeoutExtension.java:84)
	at org.junit.jupiter.engine.descriptor.TestMethodTestDescriptor$$Lambda$111/1780132728.apply(Unknown Source)
	at org.junit.jupiter.engine.execution.ExecutableInvoker$ReflectiveInterceptorCall.lambda$ofVoidMethod$0(ExecutableInvoker.java:115)
	at org.junit.jupiter.engine.execution.ExecutableInvoker$ReflectiveInterceptorCall$$Lambda$112/1725017993.apply(Unknown Source)
	at org.junit.jupiter.engine.execution.ExecutableInvoker.lambda$invoke$0(ExecutableInvoker.java:105)
	at org.junit.jupiter.engine.execution.ExecutableInvoker$$Lambda$234/64133603.apply(Unknown Source)
	at org.junit.jupiter.engine.execution.InvocationInterceptorChain$InterceptedInvocation.proceed(InvocationInterceptorChain.java:106)
	at org.junit.jupiter.engine.execution.InvocationInterceptorChain.proceed(InvocationInterceptorChain.java:64)
	at org.junit.jupiter.engine.execution.InvocationInterceptorChain.chainAndInvoke(InvocationInterceptorChain.java:45)
	at org.junit.jupiter.engine.execution.InvocationInterceptorChain.invoke(InvocationInterceptorChain.java:37)
	at org.junit.jupiter.engine.execution.ExecutableInvoker.invoke(ExecutableInvoker.java:104)
	at org.junit.jupiter.engine.execution.ExecutableInvoker.invoke(ExecutableInvoker.java:98)
	at org.junit.jupiter.engine.descriptor.TestMethodTestDescriptor.lambda$invokeTestMethod$6(TestMethodTestDescriptor.java:212)
	at org.junit.jupiter.engine.descriptor.TestMethodTestDescriptor$$Lambda$271/224100622.execute(Unknown Source)
	at org.junit.platform.engine.support.hierarchical.ThrowableCollector.execute(ThrowableCollector.java:73)
	at org.junit.jupiter.engine.descriptor.TestMethodTestDescriptor.invokeTestMethod(TestMethodTestDescriptor.java:208)
	at org.junit.jupiter.engine.descriptor.TestMethodTestDescriptor.execute(TestMethodTestDescriptor.java:137)
	at org.junit.jupiter.engine.descriptor.TestMethodTestDescriptor.execute(TestMethodTestDescriptor.java:71)
	at org.junit.platform.engine.support.hierarchical.NodeTestTask.lambda$executeRecursively$5(NodeTestTask.java:135)
	at org.junit.platform.engine.support.hierarchical.NodeTestTask$$Lambda$179/195615004.execute(Unknown Source)
	at org.junit.platform.engine.support.hierarchical.ThrowableCollector.execute(ThrowableCollector.java:73)
	at org.junit.platform.engine.support.hierarchical.NodeTestTask.lambda$executeRecursively$7(NodeTestTask.java:125)
	at org.junit.platform.engine.support.hierarchical.NodeTestTask$$Lambda$178/1890627974.invoke(Unknown Source)
	at org.junit.platform.engine.support.hierarchical.Node.around(Node.java:135)
	at org.junit.platform.engine.support.hierarchical.NodeTestTask.lambda$executeRecursively$8(NodeTestTask.java:123)
	at org.junit.platform.engine.support.hierarchical.NodeTestTask$$Lambda$177/231977479.execute(Unknown Source)
	at org.junit.platform.engine.support.hierarchical.ThrowableCollector.execute(ThrowableCollector.java:73)
	at org.junit.platform.engine.support.hierarchical.NodeTestTask.executeRecursively(NodeTestTask.java:122)
	at org.junit.platform.engine.support.hierarchical.NodeTestTask.execute(NodeTestTask.java:80)
	at org.junit.platform.engine.support.hierarchical.SameThreadHierarchicalTestExecutorService$$Lambda$183/1381713434.accept(Unknown Source)
	at java.util.ArrayList.forEach(ArrayList.java:1249)
	at org.junit.platform.engine.support.hierarchical.SameThreadHierarchicalTestExecutorService.invokeAll(SameThreadHierarchicalTestExecutorService.java:38)
	at org.junit.platform.engine.support.hierarchical.NodeTestTask.lambda$executeRecursively$5(NodeTestTask.java:139)
	at org.junit.platform.engine.support.hierarchical.NodeTestTask$$Lambda$179/195615004.execute(Unknown Source)
	at org.junit.platform.engine.support.hierarchical.ThrowableCollector.execute(ThrowableCollector.java:73)
	at org.junit.platform.engine.support.hierarchical.NodeTestTask.lambda$executeRecursively$7(NodeTestTask.java:125)
	at org.junit.platform.engine.support.hierarchical.NodeTestTask$$Lambda$178/1890627974.invoke(Unknown Source)
	at org.junit.platform.engine.support.hierarchical.Node.around(Node.java:135)
	at org.junit.platform.engine.support.hierarchical.NodeTestTask.lambda$executeRecursively$8(NodeTestTask.java:123)
	at org.junit.platform.engine.support.hierarchical.NodeTestTask$$Lambda$177/231977479.execute(Unknown Source)
	at org.junit.platform.engine.support.hierarchical.ThrowableCollector.execute(ThrowableCollector.java:73)
	at org.junit.platform.engine.support.hierarchical.NodeTestTask.executeRecursively(NodeTestTask.java:122)
	at org.junit.platform.engine.support.hierarchical.NodeTestTask.execute(NodeTestTask.java:80)
	at org.junit.platform.engine.support.hierarchical.SameThreadHierarchicalTestExecutorService$$Lambda$183/1381713434.accept(Unknown Source)
	at java.util.ArrayList.forEach(ArrayList.java:1249)
	at org.junit.platform.engine.support.hierarchical.SameThreadHierarchicalTestExecutorService.invokeAll(SameThreadHierarchicalTestExecutorService.java:38)
	at org.junit.platform.engine.support.hierarchical.NodeTestTask.lambda$executeRecursively$5(NodeTestTask.java:139)
	at org.junit.platform.engine.support.hierarchical.NodeTestTask$$Lambda$179/195615004.execute(Unknown Source)
	at org.junit.platform.engine.support.hierarchical.ThrowableCollector.execute(ThrowableCollector.java:73)
	at org.junit.platform.engine.support.hierarchical.NodeTestTask.lambda$executeRecursively$7(NodeTestTask.java:125)
	at org.junit.platform.engine.support.hierarchical.NodeTestTask$$Lambda$178/1890627974.invoke(Unknown Source)
	at org.junit.platform.engine.support.hierarchical.Node.around(Node.java:135)
	at org.junit.platform.engine.support.hierarchical.NodeTestTask.lambda$executeRecursively$8(NodeTestTask.java:123)
	at org.junit.platform.engine.support.hierarchical.NodeTestTask$$Lambda$177/231977479.execute(Unknown Source)
	at org.junit.platform.engine.support.hierarchical.ThrowableCollector.execute(ThrowableCollector.java:73)
	at org.junit.platform.engine.support.hierarchical.NodeTestTask.executeRecursively(NodeTestTask.java:122)
	at org.junit.platform.engine.support.hierarchical.NodeTestTask.execute(NodeTestTask.java:80)
	at org.junit.platform.engine.support.hierarchical.SameThreadHierarchicalTestExecutorService.submit(SameThreadHierarchicalTestExecutorService.java:32)
	at org.junit.platform.engine.support.hierarchical.HierarchicalTestExecutor.execute(HierarchicalTestExecutor.java:57)
	at org.junit.platform.engine.support.hierarchical.HierarchicalTestEngine.execute(HierarchicalTestEngine.java:51)
	at org.junit.platform.launcher.core.DefaultLauncher.execute(DefaultLauncher.java:248)
	at org.junit.platform.launcher.core.DefaultLauncher.lambda$execute$5(DefaultLauncher.java:211)
	at org.junit.platform.launcher.core.DefaultLauncher$$Lambda$143/233996206.accept(Unknown Source)
	at org.junit.platform.launcher.core.DefaultLauncher.withInterceptedStreams(DefaultLauncher.java:226)
	at org.junit.platform.launcher.core.DefaultLauncher.execute(DefaultLauncher.java:199)
	at org.junit.platform.launcher.core.DefaultLauncher.execute(DefaultLauncher.java:132)
	at org.apache.maven.surefire.junitplatform.JUnitPlatformProvider.invokeAllTests(JUnitPlatformProvider.java:142)
	at org.apache.maven.surefire.junitplatform.JUnitPlatformProvider.invoke(JUnitPlatformProvider.java:113)
	at org.apache.maven.surefire.booter.ForkedBooter.invokeProviderInSameClassLoader(ForkedBooter.java:384)
	at org.apache.maven.surefire.booter.ForkedBooter.runSuitesInProcess(ForkedBooter.java:345)
	at org.apache.maven.surefire.booter.ForkedBooter.execute(ForkedBooter.java:126)
	at org.apache.maven.surefire.booter.ForkedBooter.main(ForkedBooter.java:418)
2021-11-08 11:17:48,096 [myid:] - INFO  [main:FourLetterWordMain@94] - connecting to 127.0.0.1 30167
2021-11-08 11:17:48,097 [myid:1] - WARN  [nioEventLoopGroup-79-9:NettyServerCnxnFactory$CnxnChannelHandler@231] - Zookeeper server is not running, close the connection before starting the TLS handshake
2021-11-08 11:17:48,359 [myid:] - INFO  [main:FourLetterWordMain@94] - connecting to 127.0.0.1 30167
2021-11-08 11:17:48,361 [myid:1] - WARN  [nioEventLoopGroup-79-10:NettyServerCnxnFactory$CnxnChannelHandler@231] - Zookeeper server is not running, close the connection before starting the TLS handshake
2021-11-08 11:17:48,611 [myid:] - INFO  [main:FourLetterWordMain@94] - connecting to 127.0.0.1 30167
2021-11-08 11:17:48,611 [myid:1] - WARN  [nioEventLoopGroup-79-11:NettyServerCnxnFactory$CnxnChannelHandler@231] - Zookeeper server is not running, close the connection before starting the TLS handshake
2021-11-08 11:17:48,862 [myid:] - INFO  [main:FourLetterWordMain@94] - connecting to 127.0.0.1 30167
2021-11-08 11:17:48,862 [myid:1] - WARN  [nioEventLoopGroup-79-12:NettyServerCnxnFactory$CnxnChannelHandler@231] - Zookeeper server is not running, close the connection before starting the TLS handshake
2021-11-08 11:17:49,114 [myid:] - INFO  [main:FourLetterWordMain@94] - connecting to 127.0.0.1 30167
2021-11-08 11:17:49,114 [myid:1] - WARN  [nioEventLoopGroup-79-1:NettyServerCnxnFactory$CnxnChannelHandler@231] - Zookeeper server is not running, close the connection before starting the TLS handshake
2021-11-08 11:17:49,379 [myid:] - INFO  [main:FourLetterWordMain@94] - connecting to 127.0.0.1 30167
2021-11-08 11:17:49,379 [myid:1] - WARN  [nioEventLoopGroup-79-2:NettyServerCnxnFactory$CnxnChannelHandler@231] - Zookeeper server is not running, close the connection before starting the TLS handshake
2021-11-08 11:17:49,642 [myid:] - INFO  [main:FourLetterWordMain@94] - connecting to 127.0.0.1 30167
2021-11-08 11:17:49,642 [myid:1] - WARN  [nioEventLoopGroup-79-3:NettyServerCnxnFactory$CnxnChannelHandler@231] - Zookeeper server is not running, close the connection before starting the TLS handshake
2021-11-08 11:17:49,658 [myid:] - INFO  [main:ClientBase@267] - server 127.0.0.1:30167 not up
java.net.SocketException: Software caused connection abort: recv failed
	at java.net.SocketInputStream.socketRead0(Native Method)
	at java.net.SocketInputStream.read(SocketInputStream.java:150)
	at java.net.SocketInputStream.read(SocketInputStream.java:121)
	at sun.nio.cs.StreamDecoder.readBytes(StreamDecoder.java:284)
	at sun.nio.cs.StreamDecoder.implRead(StreamDecoder.java:326)
	at sun.nio.cs.StreamDecoder.read(StreamDecoder.java:178)
	at java.io.InputStreamReader.read(InputStreamReader.java:184)
	at java.io.BufferedReader.fill(BufferedReader.java:161)
	at java.io.BufferedReader.readLine(BufferedReader.java:324)
	at java.io.BufferedReader.readLine(BufferedReader.java:389)
	at org.apache.zookeeper.client.FourLetterWordMain.send4LetterWord(FourLetterWordMain.java:129)
	at org.apache.zookeeper.client.FourLetterWordMain.send4LetterWord(FourLetterWordMain.java:74)
	at org.apache.zookeeper.test.ClientBase.waitForServerUp(ClientBase.java:258)
	at org.apache.zookeeper.test.ClientBase.waitForServerUp(ClientBase.java:249)
	at org.apache.zookeeper.server.quorum.QuorumSSLTest.testHostnameVerification(QuorumSSLTest.java:671)
	at org.apache.zookeeper.server.quorum.QuorumSSLTest.testHostnameVerificationForInvalidMultiAddressServerConfig(QuorumSSLTest.java:620)
	at sun.reflect.NativeMethodAccessorImpl.invoke0(Native Method)
	at sun.reflect.NativeMethodAccessorImpl.invoke(NativeMethodAccessorImpl.java:62)
	at sun.reflect.DelegatingMethodAccessorImpl.invoke(DelegatingMethodAccessorImpl.java:43)
	at java.lang.reflect.Method.invoke(Method.java:483)
	at org.junit.platform.commons.util.ReflectionUtils.invokeMethod(ReflectionUtils.java:686)
	at org.junit.jupiter.engine.execution.MethodInvocation.proceed(MethodInvocation.java:60)
	at org.junit.jupiter.engine.execution.InvocationInterceptorChain$ValidatingInvocation.proceed(InvocationInterceptorChain.java:131)
	at org.junit.jupiter.engine.extension.TimeoutInvocation.proceed(TimeoutInvocation.java:46)
	at org.junit.jupiter.engine.extension.TimeoutExtension.intercept(TimeoutExtension.java:149)
	at org.junit.jupiter.engine.extension.TimeoutExtension.interceptTestableMethod(TimeoutExtension.java:140)
	at org.junit.jupiter.engine.extension.TimeoutExtension.interceptTestMethod(TimeoutExtension.java:84)
	at org.junit.jupiter.engine.descriptor.TestMethodTestDescriptor$$Lambda$111/1780132728.apply(Unknown Source)
	at org.junit.jupiter.engine.execution.ExecutableInvoker$ReflectiveInterceptorCall.lambda$ofVoidMethod$0(ExecutableInvoker.java:115)
	at org.junit.jupiter.engine.execution.ExecutableInvoker$ReflectiveInterceptorCall$$Lambda$112/1725017993.apply(Unknown Source)
	at org.junit.jupiter.engine.execution.ExecutableInvoker.lambda$invoke$0(ExecutableInvoker.java:105)
	at org.junit.jupiter.engine.execution.ExecutableInvoker$$Lambda$234/64133603.apply(Unknown Source)
	at org.junit.jupiter.engine.execution.InvocationInterceptorChain$InterceptedInvocation.proceed(InvocationInterceptorChain.java:106)
	at org.junit.jupiter.engine.execution.InvocationInterceptorChain.proceed(InvocationInterceptorChain.java:64)
	at org.junit.jupiter.engine.execution.InvocationInterceptorChain.chainAndInvoke(InvocationInterceptorChain.java:45)
	at org.junit.jupiter.engine.execution.InvocationInterceptorChain.invoke(InvocationInterceptorChain.java:37)
	at org.junit.jupiter.engine.execution.ExecutableInvoker.invoke(ExecutableInvoker.java:104)
	at org.junit.jupiter.engine.execution.ExecutableInvoker.invoke(ExecutableInvoker.java:98)
	at org.junit.jupiter.engine.descriptor.TestMethodTestDescriptor.lambda$invokeTestMethod$6(TestMethodTestDescriptor.java:212)
	at org.junit.jupiter.engine.descriptor.TestMethodTestDescriptor$$Lambda$271/224100622.execute(Unknown Source)
	at org.junit.platform.engine.support.hierarchical.ThrowableCollector.execute(ThrowableCollector.java:73)
	at org.junit.jupiter.engine.descriptor.TestMethodTestDescriptor.invokeTestMethod(TestMethodTestDescriptor.java:208)
	at org.junit.jupiter.engine.descriptor.TestMethodTestDescriptor.execute(TestMethodTestDescriptor.java:137)
	at org.junit.jupiter.engine.descriptor.TestMethodTestDescriptor.execute(TestMethodTestDescriptor.java:71)
	at org.junit.platform.engine.support.hierarchical.NodeTestTask.lambda$executeRecursively$5(NodeTestTask.java:135)
	at org.junit.platform.engine.support.hierarchical.NodeTestTask$$Lambda$179/195615004.execute(Unknown Source)
	at org.junit.platform.engine.support.hierarchical.ThrowableCollector.execute(ThrowableCollector.java:73)
	at org.junit.platform.engine.support.hierarchical.NodeTestTask.lambda$executeRecursively$7(NodeTestTask.java:125)
	at org.junit.platform.engine.support.hierarchical.NodeTestTask$$Lambda$178/1890627974.invoke(Unknown Source)
	at org.junit.platform.engine.support.hierarchical.Node.around(Node.java:135)
	at org.junit.platform.engine.support.hierarchical.NodeTestTask.lambda$executeRecursively$8(NodeTestTask.java:123)
	at org.junit.platform.engine.support.hierarchical.NodeTestTask$$Lambda$177/231977479.execute(Unknown Source)
	at org.junit.platform.engine.support.hierarchical.ThrowableCollector.execute(ThrowableCollector.java:73)
	at org.junit.platform.engine.support.hierarchical.NodeTestTask.executeRecursively(NodeTestTask.java:122)
	at org.junit.platform.engine.support.hierarchical.NodeTestTask.execute(NodeTestTask.java:80)
	at org.junit.platform.engine.support.hierarchical.SameThreadHierarchicalTestExecutorService$$Lambda$183/1381713434.accept(Unknown Source)
	at java.util.ArrayList.forEach(ArrayList.java:1249)
	at org.junit.platform.engine.support.hierarchical.SameThreadHierarchicalTestExecutorService.invokeAll(SameThreadHierarchicalTestExecutorService.java:38)
	at org.junit.platform.engine.support.hierarchical.NodeTestTask.lambda$executeRecursively$5(NodeTestTask.java:139)
	at org.junit.platform.engine.support.hierarchical.NodeTestTask$$Lambda$179/195615004.execute(Unknown Source)
	at org.junit.platform.engine.support.hierarchical.ThrowableCollector.execute(ThrowableCollector.java:73)
	at org.junit.platform.engine.support.hierarchical.NodeTestTask.lambda$executeRecursively$7(NodeTestTask.java:125)
	at org.junit.platform.engine.support.hierarchical.NodeTestTask$$Lambda$178/1890627974.invoke(Unknown Source)
	at org.junit.platform.engine.support.hierarchical.Node.around(Node.java:135)
	at org.junit.platform.engine.support.hierarchical.NodeTestTask.lambda$executeRecursively$8(NodeTestTask.java:123)
	at org.junit.platform.engine.support.hierarchical.NodeTestTask$$Lambda$177/231977479.execute(Unknown Source)
	at org.junit.platform.engine.support.hierarchical.ThrowableCollector.execute(ThrowableCollector.java:73)
	at org.junit.platform.engine.support.hierarchical.NodeTestTask.executeRecursively(NodeTestTask.java:122)
	at org.junit.platform.engine.support.hierarchical.NodeTestTask.execute(NodeTestTask.java:80)
	at org.junit.platform.engine.support.hierarchical.SameThreadHierarchicalTestExecutorService$$Lambda$183/1381713434.accept(Unknown Source)
	at java.util.ArrayList.forEach(ArrayList.java:1249)
	at org.junit.platform.engine.support.hierarchical.SameThreadHierarchicalTestExecutorService.invokeAll(SameThreadHierarchicalTestExecutorService.java:38)
	at org.junit.platform.engine.support.hierarchical.NodeTestTask.lambda$executeRecursively$5(NodeTestTask.java:139)
	at org.junit.platform.engine.support.hierarchical.NodeTestTask$$Lambda$179/195615004.execute(Unknown Source)
	at org.junit.platform.engine.support.hierarchical.ThrowableCollector.execute(ThrowableCollector.java:73)
	at org.junit.platform.engine.support.hierarchical.NodeTestTask.lambda$executeRecursively$7(NodeTestTask.java:125)
	at org.junit.platform.engine.support.hierarchical.NodeTestTask$$Lambda$178/1890627974.invoke(Unknown Source)
	at org.junit.platform.engine.support.hierarchical.Node.around(Node.java:135)
	at org.junit.platform.engine.support.hierarchical.NodeTestTask.lambda$executeRecursively$8(NodeTestTask.java:123)
	at org.junit.platform.engine.support.hierarchical.NodeTestTask$$Lambda$177/231977479.execute(Unknown Source)
	at org.junit.platform.engine.support.hierarchical.ThrowableCollector.execute(ThrowableCollector.java:73)
	at org.junit.platform.engine.support.hierarchical.NodeTestTask.executeRecursively(NodeTestTask.java:122)
	at org.junit.platform.engine.support.hierarchical.NodeTestTask.execute(NodeTestTask.java:80)
	at org.junit.platform.engine.support.hierarchical.SameThreadHierarchicalTestExecutorService.submit(SameThreadHierarchicalTestExecutorService.java:32)
	at org.junit.platform.engine.support.hierarchical.HierarchicalTestExecutor.execute(HierarchicalTestExecutor.java:57)
	at org.junit.platform.engine.support.hierarchical.HierarchicalTestEngine.execute(HierarchicalTestEngine.java:51)
	at org.junit.platform.launcher.core.DefaultLauncher.execute(DefaultLauncher.java:248)
	at org.junit.platform.launcher.core.DefaultLauncher.lambda$execute$5(DefaultLauncher.java:211)
	at org.junit.platform.launcher.core.DefaultLauncher$$Lambda$143/233996206.accept(Unknown Source)
	at org.junit.platform.launcher.core.DefaultLauncher.withInterceptedStreams(DefaultLauncher.java:226)
	at org.junit.platform.launcher.core.DefaultLauncher.execute(DefaultLauncher.java:199)
	at org.junit.platform.launcher.core.DefaultLauncher.execute(DefaultLauncher.java:132)
	at org.apache.maven.surefire.junitplatform.JUnitPlatformProvider.invokeAllTests(JUnitPlatformProvider.java:142)
	at org.apache.maven.surefire.junitplatform.JUnitPlatformProvider.invoke(JUnitPlatformProvider.java:113)
	at org.apache.maven.surefire.booter.ForkedBooter.invokeProviderInSameClassLoader(ForkedBooter.java:384)
	at org.apache.maven.surefire.booter.ForkedBooter.runSuitesInProcess(ForkedBooter.java:345)
	at org.apache.maven.surefire.booter.ForkedBooter.execute(ForkedBooter.java:126)
	at org.apache.maven.surefire.booter.ForkedBooter.main(ForkedBooter.java:418)
2021-11-08 11:17:49,910 [myid:] - INFO  [main:FourLetterWordMain@94] - connecting to 127.0.0.1 30167
2021-11-08 11:17:49,911 [myid:1] - WARN  [nioEventLoopGroup-79-4:NettyServerCnxnFactory$CnxnChannelHandler@231] - Zookeeper server is not running, close the connection before starting the TLS handshake
2021-11-08 11:17:50,174 [myid:] - INFO  [main:FourLetterWordMain@94] - connecting to 127.0.0.1 30167
2021-11-08 11:17:50,175 [myid:1] - WARN  [nioEventLoopGroup-79-5:NettyServerCnxnFactory$CnxnChannelHandler@231] - Zookeeper server is not running, close the connection before starting the TLS handshake
2021-11-08 11:17:50,175 [myid:] - INFO  [main:ClientBase@267] - server 127.0.0.1:30167 not up
java.net.SocketException: Software caused connection abort: recv failed
	at java.net.SocketInputStream.socketRead0(Native Method)
	at java.net.SocketInputStream.read(SocketInputStream.java:150)
	at java.net.SocketInputStream.read(SocketInputStream.java:121)
	at sun.nio.cs.StreamDecoder.readBytes(StreamDecoder.java:284)
	at sun.nio.cs.StreamDecoder.implRead(StreamDecoder.java:326)
	at sun.nio.cs.StreamDecoder.read(StreamDecoder.java:178)
	at java.io.InputStreamReader.read(InputStreamReader.java:184)
	at java.io.BufferedReader.fill(BufferedReader.java:161)
	at java.io.BufferedReader.readLine(BufferedReader.java:324)
	at java.io.BufferedReader.readLine(BufferedReader.java:389)
	at org.apache.zookeeper.client.FourLetterWordMain.send4LetterWord(FourLetterWordMain.java:129)
	at org.apache.zookeeper.client.FourLetterWordMain.send4LetterWord(FourLetterWordMain.java:74)
	at org.apache.zookeeper.test.ClientBase.waitForServerUp(ClientBase.java:258)
	at org.apache.zookeeper.test.ClientBase.waitForServerUp(ClientBase.java:249)
	at org.apache.zookeeper.server.quorum.QuorumSSLTest.testHostnameVerification(QuorumSSLTest.java:671)
	at org.apache.zookeeper.server.quorum.QuorumSSLTest.testHostnameVerificationForInvalidMultiAddressServerConfig(QuorumSSLTest.java:620)
	at sun.reflect.NativeMethodAccessorImpl.invoke0(Native Method)
	at sun.reflect.NativeMethodAccessorImpl.invoke(NativeMethodAccessorImpl.java:62)
	at sun.reflect.DelegatingMethodAccessorImpl.invoke(DelegatingMethodAccessorImpl.java:43)
	at java.lang.reflect.Method.invoke(Method.java:483)
	at org.junit.platform.commons.util.ReflectionUtils.invokeMethod(ReflectionUtils.java:686)
	at org.junit.jupiter.engine.execution.MethodInvocation.proceed(MethodInvocation.java:60)
	at org.junit.jupiter.engine.execution.InvocationInterceptorChain$ValidatingInvocation.proceed(InvocationInterceptorChain.java:131)
	at org.junit.jupiter.engine.extension.TimeoutInvocation.proceed(TimeoutInvocation.java:46)
	at org.junit.jupiter.engine.extension.TimeoutExtension.intercept(TimeoutExtension.java:149)
	at org.junit.jupiter.engine.extension.TimeoutExtension.interceptTestableMethod(TimeoutExtension.java:140)
	at org.junit.jupiter.engine.extension.TimeoutExtension.interceptTestMethod(TimeoutExtension.java:84)
	at org.junit.jupiter.engine.descriptor.TestMethodTestDescriptor$$Lambda$111/1780132728.apply(Unknown Source)
	at org.junit.jupiter.engine.execution.ExecutableInvoker$ReflectiveInterceptorCall.lambda$ofVoidMethod$0(ExecutableInvoker.java:115)
	at org.junit.jupiter.engine.execution.ExecutableInvoker$ReflectiveInterceptorCall$$Lambda$112/1725017993.apply(Unknown Source)
	at org.junit.jupiter.engine.execution.ExecutableInvoker.lambda$invoke$0(ExecutableInvoker.java:105)
	at org.junit.jupiter.engine.execution.ExecutableInvoker$$Lambda$234/64133603.apply(Unknown Source)
	at org.junit.jupiter.engine.execution.InvocationInterceptorChain$InterceptedInvocation.proceed(InvocationInterceptorChain.java:106)
	at org.junit.jupiter.engine.execution.InvocationInterceptorChain.proceed(InvocationInterceptorChain.java:64)
	at org.junit.jupiter.engine.execution.InvocationInterceptorChain.chainAndInvoke(InvocationInterceptorChain.java:45)
	at org.junit.jupiter.engine.execution.InvocationInterceptorChain.invoke(InvocationInterceptorChain.java:37)
	at org.junit.jupiter.engine.execution.ExecutableInvoker.invoke(ExecutableInvoker.java:104)
	at org.junit.jupiter.engine.execution.ExecutableInvoker.invoke(ExecutableInvoker.java:98)
	at org.junit.jupiter.engine.descriptor.TestMethodTestDescriptor.lambda$invokeTestMethod$6(TestMethodTestDescriptor.java:212)
	at org.junit.jupiter.engine.descriptor.TestMethodTestDescriptor$$Lambda$271/224100622.execute(Unknown Source)
	at org.junit.platform.engine.support.hierarchical.ThrowableCollector.execute(ThrowableCollector.java:73)
	at org.junit.jupiter.engine.descriptor.TestMethodTestDescriptor.invokeTestMethod(TestMethodTestDescriptor.java:208)
	at org.junit.jupiter.engine.descriptor.TestMethodTestDescriptor.execute(TestMethodTestDescriptor.java:137)
	at org.junit.jupiter.engine.descriptor.TestMethodTestDescriptor.execute(TestMethodTestDescriptor.java:71)
	at org.junit.platform.engine.support.hierarchical.NodeTestTask.lambda$executeRecursively$5(NodeTestTask.java:135)
	at org.junit.platform.engine.support.hierarchical.NodeTestTask$$Lambda$179/195615004.execute(Unknown Source)
	at org.junit.platform.engine.support.hierarchical.ThrowableCollector.execute(ThrowableCollector.java:73)
	at org.junit.platform.engine.support.hierarchical.NodeTestTask.lambda$executeRecursively$7(NodeTestTask.java:125)
	at org.junit.platform.engine.support.hierarchical.NodeTestTask$$Lambda$178/1890627974.invoke(Unknown Source)
	at org.junit.platform.engine.support.hierarchical.Node.around(Node.java:135)
	at org.junit.platform.engine.support.hierarchical.NodeTestTask.lambda$executeRecursively$8(NodeTestTask.java:123)
	at org.junit.platform.engine.support.hierarchical.NodeTestTask$$Lambda$177/231977479.execute(Unknown Source)
	at org.junit.platform.engine.support.hierarchical.ThrowableCollector.execute(ThrowableCollector.java:73)
	at org.junit.platform.engine.support.hierarchical.NodeTestTask.executeRecursively(NodeTestTask.java:122)
	at org.junit.platform.engine.support.hierarchical.NodeTestTask.execute(NodeTestTask.java:80)
	at org.junit.platform.engine.support.hierarchical.SameThreadHierarchicalTestExecutorService$$Lambda$183/1381713434.accept(Unknown Source)
	at java.util.ArrayList.forEach(ArrayList.java:1249)
	at org.junit.platform.engine.support.hierarchical.SameThreadHierarchicalTestExecutorService.invokeAll(SameThreadHierarchicalTestExecutorService.java:38)
	at org.junit.platform.engine.support.hierarchical.NodeTestTask.lambda$executeRecursively$5(NodeTestTask.java:139)
	at org.junit.platform.engine.support.hierarchical.NodeTestTask$$Lambda$179/195615004.execute(Unknown Source)
	at org.junit.platform.engine.support.hierarchical.ThrowableCollector.execute(ThrowableCollector.java:73)
	at org.junit.platform.engine.support.hierarchical.NodeTestTask.lambda$executeRecursively$7(NodeTestTask.java:125)
	at org.junit.platform.engine.support.hierarchical.NodeTestTask$$Lambda$178/1890627974.invoke(Unknown Source)
	at org.junit.platform.engine.support.hierarchical.Node.around(Node.java:135)
	at org.junit.platform.engine.support.hierarchical.NodeTestTask.lambda$executeRecursively$8(NodeTestTask.java:123)
	at org.junit.platform.engine.support.hierarchical.NodeTestTask$$Lambda$177/231977479.execute(Unknown Source)
	at org.junit.platform.engine.support.hierarchical.ThrowableCollector.execute(ThrowableCollector.java:73)
	at org.junit.platform.engine.support.hierarchical.NodeTestTask.executeRecursively(NodeTestTask.java:122)
	at org.junit.platform.engine.support.hierarchical.NodeTestTask.execute(NodeTestTask.java:80)
	at org.junit.platform.engine.support.hierarchical.SameThreadHierarchicalTestExecutorService$$Lambda$183/1381713434.accept(Unknown Source)
	at java.util.ArrayList.forEach(ArrayList.java:1249)
	at org.junit.platform.engine.support.hierarchical.SameThreadHierarchicalTestExecutorService.invokeAll(SameThreadHierarchicalTestExecutorService.java:38)
	at org.junit.platform.engine.support.hierarchical.NodeTestTask.lambda$executeRecursively$5(NodeTestTask.java:139)
	at org.junit.platform.engine.support.hierarchical.NodeTestTask$$Lambda$179/195615004.execute(Unknown Source)
	at org.junit.platform.engine.support.hierarchical.ThrowableCollector.execute(ThrowableCollector.java:73)
	at org.junit.platform.engine.support.hierarchical.NodeTestTask.lambda$executeRecursively$7(NodeTestTask.java:125)
	at org.junit.platform.engine.support.hierarchical.NodeTestTask$$Lambda$178/1890627974.invoke(Unknown Source)
	at org.junit.platform.engine.support.hierarchical.Node.around(Node.java:135)
	at org.junit.platform.engine.support.hierarchical.NodeTestTask.lambda$executeRecursively$8(NodeTestTask.java:123)
	at org.junit.platform.engine.support.hierarchical.NodeTestTask$$Lambda$177/231977479.execute(Unknown Source)
	at org.junit.platform.engine.support.hierarchical.ThrowableCollector.execute(ThrowableCollector.java:73)
	at org.junit.platform.engine.support.hierarchical.NodeTestTask.executeRecursively(NodeTestTask.java:122)
	at org.junit.platform.engine.support.hierarchical.NodeTestTask.execute(NodeTestTask.java:80)
	at org.junit.platform.engine.support.hierarchical.SameThreadHierarchicalTestExecutorService.submit(SameThreadHierarchicalTestExecutorService.java:32)
	at org.junit.platform.engine.support.hierarchical.HierarchicalTestExecutor.execute(HierarchicalTestExecutor.java:57)
	at org.junit.platform.engine.support.hierarchical.HierarchicalTestEngine.execute(HierarchicalTestEngine.java:51)
	at org.junit.platform.launcher.core.DefaultLauncher.execute(DefaultLauncher.java:248)
	at org.junit.platform.launcher.core.DefaultLauncher.lambda$execute$5(DefaultLauncher.java:211)
	at org.junit.platform.launcher.core.DefaultLauncher$$Lambda$143/233996206.accept(Unknown Source)
	at org.junit.platform.launcher.core.DefaultLauncher.withInterceptedStreams(DefaultLauncher.java:226)
	at org.junit.platform.launcher.core.DefaultLauncher.execute(DefaultLauncher.java:199)
	at org.junit.platform.launcher.core.DefaultLauncher.execute(DefaultLauncher.java:132)
	at org.apache.maven.surefire.junitplatform.JUnitPlatformProvider.invokeAllTests(JUnitPlatformProvider.java:142)
	at org.apache.maven.surefire.junitplatform.JUnitPlatformProvider.invoke(JUnitPlatformProvider.java:113)
	at org.apache.maven.surefire.booter.ForkedBooter.invokeProviderInSameClassLoader(ForkedBooter.java:384)
	at org.apache.maven.surefire.booter.ForkedBooter.runSuitesInProcess(ForkedBooter.java:345)
	at org.apache.maven.surefire.booter.ForkedBooter.execute(ForkedBooter.java:126)
	at org.apache.maven.surefire.booter.ForkedBooter.main(ForkedBooter.java:418)
2021-11-08 11:17:50,439 [myid:] - INFO  [main:FourLetterWordMain@94] - connecting to 127.0.0.1 30167
2021-11-08 11:17:50,441 [myid:1] - WARN  [nioEventLoopGroup-79-6:NettyServerCnxnFactory$CnxnChannelHandler@231] - Zookeeper server is not running, close the connection before starting the TLS handshake
2021-11-08 11:17:50,707 [myid:] - INFO  [main:FourLetterWordMain@94] - connecting to 127.0.0.1 30167
2021-11-08 11:17:50,707 [myid:1] - WARN  [nioEventLoopGroup-79-7:NettyServerCnxnFactory$CnxnChannelHandler@231] - Zookeeper server is not running, close the connection before starting the TLS handshake
2021-11-08 11:17:50,722 [myid:] - INFO  [main:ClientBase@267] - server 127.0.0.1:30167 not up
java.net.SocketException: Software caused connection abort: recv failed
	at java.net.SocketInputStream.socketRead0(Native Method)
	at java.net.SocketInputStream.read(SocketInputStream.java:150)
	at java.net.SocketInputStream.read(SocketInputStream.java:121)
	at sun.nio.cs.StreamDecoder.readBytes(StreamDecoder.java:284)
	at sun.nio.cs.StreamDecoder.implRead(StreamDecoder.java:326)
	at sun.nio.cs.StreamDecoder.read(StreamDecoder.java:178)
	at java.io.InputStreamReader.read(InputStreamReader.java:184)
	at java.io.BufferedReader.fill(BufferedReader.java:161)
	at java.io.BufferedReader.readLine(BufferedReader.java:324)
	at java.io.BufferedReader.readLine(BufferedReader.java:389)
	at org.apache.zookeeper.client.FourLetterWordMain.send4LetterWord(FourLetterWordMain.java:129)
	at org.apache.zookeeper.client.FourLetterWordMain.send4LetterWord(FourLetterWordMain.java:74)
	at org.apache.zookeeper.test.ClientBase.waitForServerUp(ClientBase.java:258)
	at org.apache.zookeeper.test.ClientBase.waitForServerUp(ClientBase.java:249)
	at org.apache.zookeeper.server.quorum.QuorumSSLTest.testHostnameVerification(QuorumSSLTest.java:671)
	at org.apache.zookeeper.server.quorum.QuorumSSLTest.testHostnameVerificationForInvalidMultiAddressServerConfig(QuorumSSLTest.java:620)
	at sun.reflect.NativeMethodAccessorImpl.invoke0(Native Method)
	at sun.reflect.NativeMethodAccessorImpl.invoke(NativeMethodAccessorImpl.java:62)
	at sun.reflect.DelegatingMethodAccessorImpl.invoke(DelegatingMethodAccessorImpl.java:43)
	at java.lang.reflect.Method.invoke(Method.java:483)
	at org.junit.platform.commons.util.ReflectionUtils.invokeMethod(ReflectionUtils.java:686)
	at org.junit.jupiter.engine.execution.MethodInvocation.proceed(MethodInvocation.java:60)
	at org.junit.jupiter.engine.execution.InvocationInterceptorChain$ValidatingInvocation.proceed(InvocationInterceptorChain.java:131)
	at org.junit.jupiter.engine.extension.TimeoutInvocation.proceed(TimeoutInvocation.java:46)
	at org.junit.jupiter.engine.extension.TimeoutExtension.intercept(TimeoutExtension.java:149)
	at org.junit.jupiter.engine.extension.TimeoutExtension.interceptTestableMethod(TimeoutExtension.java:140)
	at org.junit.jupiter.engine.extension.TimeoutExtension.interceptTestMethod(TimeoutExtension.java:84)
	at org.junit.jupiter.engine.descriptor.TestMethodTestDescriptor$$Lambda$111/1780132728.apply(Unknown Source)
	at org.junit.jupiter.engine.execution.ExecutableInvoker$ReflectiveInterceptorCall.lambda$ofVoidMethod$0(ExecutableInvoker.java:115)
	at org.junit.jupiter.engine.execution.ExecutableInvoker$ReflectiveInterceptorCall$$Lambda$112/1725017993.apply(Unknown Source)
	at org.junit.jupiter.engine.execution.ExecutableInvoker.lambda$invoke$0(ExecutableInvoker.java:105)
	at org.junit.jupiter.engine.execution.ExecutableInvoker$$Lambda$234/64133603.apply(Unknown Source)
	at org.junit.jupiter.engine.execution.InvocationInterceptorChain$InterceptedInvocation.proceed(InvocationInterceptorChain.java:106)
	at org.junit.jupiter.engine.execution.InvocationInterceptorChain.proceed(InvocationInterceptorChain.java:64)
	at org.junit.jupiter.engine.execution.InvocationInterceptorChain.chainAndInvoke(InvocationInterceptorChain.java:45)
	at org.junit.jupiter.engine.execution.InvocationInterceptorChain.invoke(InvocationInterceptorChain.java:37)
	at org.junit.jupiter.engine.execution.ExecutableInvoker.invoke(ExecutableInvoker.java:104)
	at org.junit.jupiter.engine.execution.ExecutableInvoker.invoke(ExecutableInvoker.java:98)
	at org.junit.jupiter.engine.descriptor.TestMethodTestDescriptor.lambda$invokeTestMethod$6(TestMethodTestDescriptor.java:212)
	at org.junit.jupiter.engine.descriptor.TestMethodTestDescriptor$$Lambda$271/224100622.execute(Unknown Source)
	at org.junit.platform.engine.support.hierarchical.ThrowableCollector.execute(ThrowableCollector.java:73)
	at org.junit.jupiter.engine.descriptor.TestMethodTestDescriptor.invokeTestMethod(TestMethodTestDescriptor.java:208)
	at org.junit.jupiter.engine.descriptor.TestMethodTestDescriptor.execute(TestMethodTestDescriptor.java:137)
	at org.junit.jupiter.engine.descriptor.TestMethodTestDescriptor.execute(TestMethodTestDescriptor.java:71)
	at org.junit.platform.engine.support.hierarchical.NodeTestTask.lambda$executeRecursively$5(NodeTestTask.java:135)
	at org.junit.platform.engine.support.hierarchical.NodeTestTask$$Lambda$179/195615004.execute(Unknown Source)
	at org.junit.platform.engine.support.hierarchical.ThrowableCollector.execute(ThrowableCollector.java:73)
	at org.junit.platform.engine.support.hierarchical.NodeTestTask.lambda$executeRecursively$7(NodeTestTask.java:125)
	at org.junit.platform.engine.support.hierarchical.NodeTestTask$$Lambda$178/1890627974.invoke(Unknown Source)
	at org.junit.platform.engine.support.hierarchical.Node.around(Node.java:135)
	at org.junit.platform.engine.support.hierarchical.NodeTestTask.lambda$executeRecursively$8(NodeTestTask.java:123)
	at org.junit.platform.engine.support.hierarchical.NodeTestTask$$Lambda$177/231977479.execute(Unknown Source)
	at org.junit.platform.engine.support.hierarchical.ThrowableCollector.execute(ThrowableCollector.java:73)
	at org.junit.platform.engine.support.hierarchical.NodeTestTask.executeRecursively(NodeTestTask.java:122)
	at org.junit.platform.engine.support.hierarchical.NodeTestTask.execute(NodeTestTask.java:80)
	at org.junit.platform.engine.support.hierarchical.SameThreadHierarchicalTestExecutorService$$Lambda$183/1381713434.accept(Unknown Source)
	at java.util.ArrayList.forEach(ArrayList.java:1249)
	at org.junit.platform.engine.support.hierarchical.SameThreadHierarchicalTestExecutorService.invokeAll(SameThreadHierarchicalTestExecutorService.java:38)
	at org.junit.platform.engine.support.hierarchical.NodeTestTask.lambda$executeRecursively$5(NodeTestTask.java:139)
	at org.junit.platform.engine.support.hierarchical.NodeTestTask$$Lambda$179/195615004.execute(Unknown Source)
	at org.junit.platform.engine.support.hierarchical.ThrowableCollector.execute(ThrowableCollector.java:73)
	at org.junit.platform.engine.support.hierarchical.NodeTestTask.lambda$executeRecursively$7(NodeTestTask.java:125)
	at org.junit.platform.engine.support.hierarchical.NodeTestTask$$Lambda$178/1890627974.invoke(Unknown Source)
	at org.junit.platform.engine.support.hierarchical.Node.around(Node.java:135)
	at org.junit.platform.engine.support.hierarchical.NodeTestTask.lambda$executeRecursively$8(NodeTestTask.java:123)
	at org.junit.platform.engine.support.hierarchical.NodeTestTask$$Lambda$177/231977479.execute(Unknown Source)
	at org.junit.platform.engine.support.hierarchical.ThrowableCollector.execute(ThrowableCollector.java:73)
	at org.junit.platform.engine.support.hierarchical.NodeTestTask.executeRecursively(NodeTestTask.java:122)
	at org.junit.platform.engine.support.hierarchical.NodeTestTask.execute(NodeTestTask.java:80)
	at org.junit.platform.engine.support.hierarchical.SameThreadHierarchicalTestExecutorService$$Lambda$183/1381713434.accept(Unknown Source)
	at java.util.ArrayList.forEach(ArrayList.java:1249)
	at org.junit.platform.engine.support.hierarchical.SameThreadHierarchicalTestExecutorService.invokeAll(SameThreadHierarchicalTestExecutorService.java:38)
	at org.junit.platform.engine.support.hierarchical.NodeTestTask.lambda$executeRecursively$5(NodeTestTask.java:139)
	at org.junit.platform.engine.support.hierarchical.NodeTestTask$$Lambda$179/195615004.execute(Unknown Source)
	at org.junit.platform.engine.support.hierarchical.ThrowableCollector.execute(ThrowableCollector.java:73)
	at org.junit.platform.engine.support.hierarchical.NodeTestTask.lambda$executeRecursively$7(NodeTestTask.java:125)
	at org.junit.platform.engine.support.hierarchical.NodeTestTask$$Lambda$178/1890627974.invoke(Unknown Source)
	at org.junit.platform.engine.support.hierarchical.Node.around(Node.java:135)
	at org.junit.platform.engine.support.hierarchical.NodeTestTask.lambda$executeRecursively$8(NodeTestTask.java:123)
	at org.junit.platform.engine.support.hierarchical.NodeTestTask$$Lambda$177/231977479.execute(Unknown Source)
	at org.junit.platform.engine.support.hierarchical.ThrowableCollector.execute(ThrowableCollector.java:73)
	at org.junit.platform.engine.support.hierarchical.NodeTestTask.executeRecursively(NodeTestTask.java:122)
	at org.junit.platform.engine.support.hierarchical.NodeTestTask.execute(NodeTestTask.java:80)
	at org.junit.platform.engine.support.hierarchical.SameThreadHierarchicalTestExecutorService.submit(SameThreadHierarchicalTestExecutorService.java:32)
	at org.junit.platform.engine.support.hierarchical.HierarchicalTestExecutor.execute(HierarchicalTestExecutor.java:57)
	at org.junit.platform.engine.support.hierarchical.HierarchicalTestEngine.execute(HierarchicalTestEngine.java:51)
	at org.junit.platform.launcher.core.DefaultLauncher.execute(DefaultLauncher.java:248)
	at org.junit.platform.launcher.core.DefaultLauncher.lambda$execute$5(DefaultLauncher.java:211)
	at org.junit.platform.launcher.core.DefaultLauncher$$Lambda$143/233996206.accept(Unknown Source)
	at org.junit.platform.launcher.core.DefaultLauncher.withInterceptedStreams(DefaultLauncher.java:226)
	at org.junit.platform.launcher.core.DefaultLauncher.execute(DefaultLauncher.java:199)
	at org.junit.platform.launcher.core.DefaultLauncher.execute(DefaultLauncher.java:132)
	at org.apache.maven.surefire.junitplatform.JUnitPlatformProvider.invokeAllTests(JUnitPlatformProvider.java:142)
	at org.apache.maven.surefire.junitplatform.JUnitPlatformProvider.invoke(JUnitPlatformProvider.java:113)
	at org.apache.maven.surefire.booter.ForkedBooter.invokeProviderInSameClassLoader(ForkedBooter.java:384)
	at org.apache.maven.surefire.booter.ForkedBooter.runSuitesInProcess(ForkedBooter.java:345)
	at org.apache.maven.surefire.booter.ForkedBooter.execute(ForkedBooter.java:126)
	at org.apache.maven.surefire.booter.ForkedBooter.main(ForkedBooter.java:418)
2021-11-08 11:17:50,972 [myid:] - INFO  [main:FourLetterWordMain@94] - connecting to 127.0.0.1 30167
2021-11-08 11:17:50,972 [myid:1] - WARN  [nioEventLoopGroup-79-8:NettyServerCnxnFactory$CnxnChannelHandler@231] - Zookeeper server is not running, close the connection before starting the TLS handshake
2021-11-08 11:17:50,989 [myid:] - INFO  [main:ClientBase@267] - server 127.0.0.1:30167 not up
java.net.SocketException: Software caused connection abort: recv failed
	at java.net.SocketInputStream.socketRead0(Native Method)
	at java.net.SocketInputStream.read(SocketInputStream.java:150)
	at java.net.SocketInputStream.read(SocketInputStream.java:121)
	at sun.nio.cs.StreamDecoder.readBytes(StreamDecoder.java:284)
	at sun.nio.cs.StreamDecoder.implRead(StreamDecoder.java:326)
	at sun.nio.cs.StreamDecoder.read(StreamDecoder.java:178)
	at java.io.InputStreamReader.read(InputStreamReader.java:184)
	at java.io.BufferedReader.fill(BufferedReader.java:161)
	at java.io.BufferedReader.readLine(BufferedReader.java:324)
	at java.io.BufferedReader.readLine(BufferedReader.java:389)
	at org.apache.zookeeper.client.FourLetterWordMain.send4LetterWord(FourLetterWordMain.java:129)
	at org.apache.zookeeper.client.FourLetterWordMain.send4LetterWord(FourLetterWordMain.java:74)
	at org.apache.zookeeper.test.ClientBase.waitForServerUp(ClientBase.java:258)
	at org.apache.zookeeper.test.ClientBase.waitForServerUp(ClientBase.java:249)
	at org.apache.zookeeper.server.quorum.QuorumSSLTest.testHostnameVerification(QuorumSSLTest.java:671)
	at org.apache.zookeeper.server.quorum.QuorumSSLTest.testHostnameVerificationForInvalidMultiAddressServerConfig(QuorumSSLTest.java:620)
	at sun.reflect.NativeMethodAccessorImpl.invoke0(Native Method)
	at sun.reflect.NativeMethodAccessorImpl.invoke(NativeMethodAccessorImpl.java:62)
	at sun.reflect.DelegatingMethodAccessorImpl.invoke(DelegatingMethodAccessorImpl.java:43)
	at java.lang.reflect.Method.invoke(Method.java:483)
	at org.junit.platform.commons.util.ReflectionUtils.invokeMethod(ReflectionUtils.java:686)
	at org.junit.jupiter.engine.execution.MethodInvocation.proceed(MethodInvocation.java:60)
	at org.junit.jupiter.engine.execution.InvocationInterceptorChain$ValidatingInvocation.proceed(InvocationInterceptorChain.java:131)
	at org.junit.jupiter.engine.extension.TimeoutInvocation.proceed(TimeoutInvocation.java:46)
	at org.junit.jupiter.engine.extension.TimeoutExtension.intercept(TimeoutExtension.java:149)
	at org.junit.jupiter.engine.extension.TimeoutExtension.interceptTestableMethod(TimeoutExtension.java:140)
	at org.junit.jupiter.engine.extension.TimeoutExtension.interceptTestMethod(TimeoutExtension.java:84)
	at org.junit.jupiter.engine.descriptor.TestMethodTestDescriptor$$Lambda$111/1780132728.apply(Unknown Source)
	at org.junit.jupiter.engine.execution.ExecutableInvoker$ReflectiveInterceptorCall.lambda$ofVoidMethod$0(ExecutableInvoker.java:115)
	at org.junit.jupiter.engine.execution.ExecutableInvoker$ReflectiveInterceptorCall$$Lambda$112/1725017993.apply(Unknown Source)
	at org.junit.jupiter.engine.execution.ExecutableInvoker.lambda$invoke$0(ExecutableInvoker.java:105)
	at org.junit.jupiter.engine.execution.ExecutableInvoker$$Lambda$234/64133603.apply(Unknown Source)
	at org.junit.jupiter.engine.execution.InvocationInterceptorChain$InterceptedInvocation.proceed(InvocationInterceptorChain.java:106)
	at org.junit.jupiter.engine.execution.InvocationInterceptorChain.proceed(InvocationInterceptorChain.java:64)
	at org.junit.jupiter.engine.execution.InvocationInterceptorChain.chainAndInvoke(InvocationInterceptorChain.java:45)
	at org.junit.jupiter.engine.execution.InvocationInterceptorChain.invoke(InvocationInterceptorChain.java:37)
	at org.junit.jupiter.engine.execution.ExecutableInvoker.invoke(ExecutableInvoker.java:104)
	at org.junit.jupiter.engine.execution.ExecutableInvoker.invoke(ExecutableInvoker.java:98)
	at org.junit.jupiter.engine.descriptor.TestMethodTestDescriptor.lambda$invokeTestMethod$6(TestMethodTestDescriptor.java:212)
	at org.junit.jupiter.engine.descriptor.TestMethodTestDescriptor$$Lambda$271/224100622.execute(Unknown Source)
	at org.junit.platform.engine.support.hierarchical.ThrowableCollector.execute(ThrowableCollector.java:73)
	at org.junit.jupiter.engine.descriptor.TestMethodTestDescriptor.invokeTestMethod(TestMethodTestDescriptor.java:208)
	at org.junit.jupiter.engine.descriptor.TestMethodTestDescriptor.execute(TestMethodTestDescriptor.java:137)
	at org.junit.jupiter.engine.descriptor.TestMethodTestDescriptor.execute(TestMethodTestDescriptor.java:71)
	at org.junit.platform.engine.support.hierarchical.NodeTestTask.lambda$executeRecursively$5(NodeTestTask.java:135)
	at org.junit.platform.engine.support.hierarchical.NodeTestTask$$Lambda$179/195615004.execute(Unknown Source)
	at org.junit.platform.engine.support.hierarchical.ThrowableCollector.execute(ThrowableCollector.java:73)
	at org.junit.platform.engine.support.hierarchical.NodeTestTask.lambda$executeRecursively$7(NodeTestTask.java:125)
	at org.junit.platform.engine.support.hierarchical.NodeTestTask$$Lambda$178/1890627974.invoke(Unknown Source)
	at org.junit.platform.engine.support.hierarchical.Node.around(Node.java:135)
	at org.junit.platform.engine.support.hierarchical.NodeTestTask.lambda$executeRecursively$8(NodeTestTask.java:123)
	at org.junit.platform.engine.support.hierarchical.NodeTestTask$$Lambda$177/231977479.execute(Unknown Source)
	at org.junit.platform.engine.support.hierarchical.ThrowableCollector.execute(ThrowableCollector.java:73)
	at org.junit.platform.engine.support.hierarchical.NodeTestTask.executeRecursively(NodeTestTask.java:122)
	at org.junit.platform.engine.support.hierarchical.NodeTestTask.execute(NodeTestTask.java:80)
	at org.junit.platform.engine.support.hierarchical.SameThreadHierarchicalTestExecutorService$$Lambda$183/1381713434.accept(Unknown Source)
	at java.util.ArrayList.forEach(ArrayList.java:1249)
	at org.junit.platform.engine.support.hierarchical.SameThreadHierarchicalTestExecutorService.invokeAll(SameThreadHierarchicalTestExecutorService.java:38)
	at org.junit.platform.engine.support.hierarchical.NodeTestTask.lambda$executeRecursively$5(NodeTestTask.java:139)
	at org.junit.platform.engine.support.hierarchical.NodeTestTask$$Lambda$179/195615004.execute(Unknown Source)
	at org.junit.platform.engine.support.hierarchical.ThrowableCollector.execute(ThrowableCollector.java:73)
	at org.junit.platform.engine.support.hierarchical.NodeTestTask.lambda$executeRecursively$7(NodeTestTask.java:125)
	at org.junit.platform.engine.support.hierarchical.NodeTestTask$$Lambda$178/1890627974.invoke(Unknown Source)
	at org.junit.platform.engine.support.hierarchical.Node.around(Node.java:135)
	at org.junit.platform.engine.support.hierarchical.NodeTestTask.lambda$executeRecursively$8(NodeTestTask.java:123)
	at org.junit.platform.engine.support.hierarchical.NodeTestTask$$Lambda$177/231977479.execute(Unknown Source)
	at org.junit.platform.engine.support.hierarchical.ThrowableCollector.execute(ThrowableCollector.java:73)
	at org.junit.platform.engine.support.hierarchical.NodeTestTask.executeRecursively(NodeTestTask.java:122)
	at org.junit.platform.engine.support.hierarchical.NodeTestTask.execute(NodeTestTask.java:80)
	at org.junit.platform.engine.support.hierarchical.SameThreadHierarchicalTestExecutorService$$Lambda$183/1381713434.accept(Unknown Source)
	at java.util.ArrayList.forEach(ArrayList.java:1249)
	at org.junit.platform.engine.support.hierarchical.SameThreadHierarchicalTestExecutorService.invokeAll(SameThreadHierarchicalTestExecutorService.java:38)
	at org.junit.platform.engine.support.hierarchical.NodeTestTask.lambda$executeRecursively$5(NodeTestTask.java:139)
	at org.junit.platform.engine.support.hierarchical.NodeTestTask$$Lambda$179/195615004.execute(Unknown Source)
	at org.junit.platform.engine.support.hierarchical.ThrowableCollector.execute(ThrowableCollector.java:73)
	at org.junit.platform.engine.support.hierarchical.NodeTestTask.lambda$executeRecursively$7(NodeTestTask.java:125)
	at org.junit.platform.engine.support.hierarchical.NodeTestTask$$Lambda$178/1890627974.invoke(Unknown Source)
	at org.junit.platform.engine.support.hierarchical.Node.around(Node.java:135)
	at org.junit.platform.engine.support.hierarchical.NodeTestTask.lambda$executeRecursively$8(NodeTestTask.java:123)
	at org.junit.platform.engine.support.hierarchical.NodeTestTask$$Lambda$177/231977479.execute(Unknown Source)
	at org.junit.platform.engine.support.hierarchical.ThrowableCollector.execute(ThrowableCollector.java:73)
	at org.junit.platform.engine.support.hierarchical.NodeTestTask.executeRecursively(NodeTestTask.java:122)
	at org.junit.platform.engine.support.hierarchical.NodeTestTask.execute(NodeTestTask.java:80)
	at org.junit.platform.engine.support.hierarchical.SameThreadHierarchicalTestExecutorService.submit(SameThreadHierarchicalTestExecutorService.java:32)
	at org.junit.platform.engine.support.hierarchical.HierarchicalTestExecutor.execute(HierarchicalTestExecutor.java:57)
	at org.junit.platform.engine.support.hierarchical.HierarchicalTestEngine.execute(HierarchicalTestEngine.java:51)
	at org.junit.platform.launcher.core.DefaultLauncher.execute(DefaultLauncher.java:248)
	at org.junit.platform.launcher.core.DefaultLauncher.lambda$execute$5(DefaultLauncher.java:211)
	at org.junit.platform.launcher.core.DefaultLauncher$$Lambda$143/233996206.accept(Unknown Source)
	at org.junit.platform.launcher.core.DefaultLauncher.withInterceptedStreams(DefaultLauncher.java:226)
	at org.junit.platform.launcher.core.DefaultLauncher.execute(DefaultLauncher.java:199)
	at org.junit.platform.launcher.core.DefaultLauncher.execute(DefaultLauncher.java:132)
	at org.apache.maven.surefire.junitplatform.JUnitPlatformProvider.invokeAllTests(JUnitPlatformProvider.java:142)
	at org.apache.maven.surefire.junitplatform.JUnitPlatformProvider.invoke(JUnitPlatformProvider.java:113)
	at org.apache.maven.surefire.booter.ForkedBooter.invokeProviderInSameClassLoader(ForkedBooter.java:384)
	at org.apache.maven.surefire.booter.ForkedBooter.runSuitesInProcess(ForkedBooter.java:345)
	at org.apache.maven.surefire.booter.ForkedBooter.execute(ForkedBooter.java:126)
	at org.apache.maven.surefire.booter.ForkedBooter.main(ForkedBooter.java:418)
2021-11-08 11:17:51,242 [myid:] - INFO  [main:FourLetterWordMain@94] - connecting to 127.0.0.1 30167
2021-11-08 11:17:51,243 [myid:1] - WARN  [nioEventLoopGroup-79-9:NettyServerCnxnFactory$CnxnChannelHandler@231] - Zookeeper server is not running, close the connection before starting the TLS handshake
2021-11-08 11:17:51,494 [myid:] - INFO  [main:FourLetterWordMain@94] - connecting to 127.0.0.1 30167
2021-11-08 11:17:51,496 [myid:1] - WARN  [nioEventLoopGroup-79-10:NettyServerCnxnFactory$CnxnChannelHandler@231] - Zookeeper server is not running, close the connection before starting the TLS handshake
2021-11-08 11:17:51,760 [myid:] - INFO  [main:FourLetterWordMain@94] - connecting to 127.0.0.1 30167
2021-11-08 11:17:51,761 [myid:1] - WARN  [nioEventLoopGroup-79-11:NettyServerCnxnFactory$CnxnChannelHandler@231] - Zookeeper server is not running, close the connection before starting the TLS handshake
2021-11-08 11:17:52,025 [myid:] - INFO  [main:FourLetterWordMain@94] - connecting to 127.0.0.1 30167
2021-11-08 11:17:52,026 [myid:1] - WARN  [nioEventLoopGroup-79-12:NettyServerCnxnFactory$CnxnChannelHandler@231] - Zookeeper server is not running, close the connection before starting the TLS handshake
2021-11-08 11:17:52,041 [myid:] - INFO  [main:ClientBase@267] - server 127.0.0.1:30167 not up
java.net.SocketException: Software caused connection abort: recv failed
	at java.net.SocketInputStream.socketRead0(Native Method)
	at java.net.SocketInputStream.read(SocketInputStream.java:150)
	at java.net.SocketInputStream.read(SocketInputStream.java:121)
	at sun.nio.cs.StreamDecoder.readBytes(StreamDecoder.java:284)
	at sun.nio.cs.StreamDecoder.implRead(StreamDecoder.java:326)
	at sun.nio.cs.StreamDecoder.read(StreamDecoder.java:178)
	at java.io.InputStreamReader.read(InputStreamReader.java:184)
	at java.io.BufferedReader.fill(BufferedReader.java:161)
	at java.io.BufferedReader.readLine(BufferedReader.java:324)
	at java.io.BufferedReader.readLine(BufferedReader.java:389)
	at org.apache.zookeeper.client.FourLetterWordMain.send4LetterWord(FourLetterWordMain.java:129)
	at org.apache.zookeeper.client.FourLetterWordMain.send4LetterWord(FourLetterWordMain.java:74)
	at org.apache.zookeeper.test.ClientBase.waitForServerUp(ClientBase.java:258)
	at org.apache.zookeeper.test.ClientBase.waitForServerUp(ClientBase.java:249)
	at org.apache.zookeeper.server.quorum.QuorumSSLTest.testHostnameVerification(QuorumSSLTest.java:671)
	at org.apache.zookeeper.server.quorum.QuorumSSLTest.testHostnameVerificationForInvalidMultiAddressServerConfig(QuorumSSLTest.java:620)
	at sun.reflect.NativeMethodAccessorImpl.invoke0(Native Method)
	at sun.reflect.NativeMethodAccessorImpl.invoke(NativeMethodAccessorImpl.java:62)
	at sun.reflect.DelegatingMethodAccessorImpl.invoke(DelegatingMethodAccessorImpl.java:43)
	at java.lang.reflect.Method.invoke(Method.java:483)
	at org.junit.platform.commons.util.ReflectionUtils.invokeMethod(ReflectionUtils.java:686)
	at org.junit.jupiter.engine.execution.MethodInvocation.proceed(MethodInvocation.java:60)
	at org.junit.jupiter.engine.execution.InvocationInterceptorChain$ValidatingInvocation.proceed(InvocationInterceptorChain.java:131)
	at org.junit.jupiter.engine.extension.TimeoutInvocation.proceed(TimeoutInvocation.java:46)
	at org.junit.jupiter.engine.extension.TimeoutExtension.intercept(TimeoutExtension.java:149)
	at org.junit.jupiter.engine.extension.TimeoutExtension.interceptTestableMethod(TimeoutExtension.java:140)
	at org.junit.jupiter.engine.extension.TimeoutExtension.interceptTestMethod(TimeoutExtension.java:84)
	at org.junit.jupiter.engine.descriptor.TestMethodTestDescriptor$$Lambda$111/1780132728.apply(Unknown Source)
	at org.junit.jupiter.engine.execution.ExecutableInvoker$ReflectiveInterceptorCall.lambda$ofVoidMethod$0(ExecutableInvoker.java:115)
	at org.junit.jupiter.engine.execution.ExecutableInvoker$ReflectiveInterceptorCall$$Lambda$112/1725017993.apply(Unknown Source)
	at org.junit.jupiter.engine.execution.ExecutableInvoker.lambda$invoke$0(ExecutableInvoker.java:105)
	at org.junit.jupiter.engine.execution.ExecutableInvoker$$Lambda$234/64133603.apply(Unknown Source)
	at org.junit.jupiter.engine.execution.InvocationInterceptorChain$InterceptedInvocation.proceed(InvocationInterceptorChain.java:106)
	at org.junit.jupiter.engine.execution.InvocationInterceptorChain.proceed(InvocationInterceptorChain.java:64)
	at org.junit.jupiter.engine.execution.InvocationInterceptorChain.chainAndInvoke(InvocationInterceptorChain.java:45)
	at org.junit.jupiter.engine.execution.InvocationInterceptorChain.invoke(InvocationInterceptorChain.java:37)
	at org.junit.jupiter.engine.execution.ExecutableInvoker.invoke(ExecutableInvoker.java:104)
	at org.junit.jupiter.engine.execution.ExecutableInvoker.invoke(ExecutableInvoker.java:98)
	at org.junit.jupiter.engine.descriptor.TestMethodTestDescriptor.lambda$invokeTestMethod$6(TestMethodTestDescriptor.java:212)
	at org.junit.jupiter.engine.descriptor.TestMethodTestDescriptor$$Lambda$271/224100622.execute(Unknown Source)
	at org.junit.platform.engine.support.hierarchical.ThrowableCollector.execute(ThrowableCollector.java:73)
	at org.junit.jupiter.engine.descriptor.TestMethodTestDescriptor.invokeTestMethod(TestMethodTestDescriptor.java:208)
	at org.junit.jupiter.engine.descriptor.TestMethodTestDescriptor.execute(TestMethodTestDescriptor.java:137)
	at org.junit.jupiter.engine.descriptor.TestMethodTestDescriptor.execute(TestMethodTestDescriptor.java:71)
	at org.junit.platform.engine.support.hierarchical.NodeTestTask.lambda$executeRecursively$5(NodeTestTask.java:135)
	at org.junit.platform.engine.support.hierarchical.NodeTestTask$$Lambda$179/195615004.execute(Unknown Source)
	at org.junit.platform.engine.support.hierarchical.ThrowableCollector.execute(ThrowableCollector.java:73)
	at org.junit.platform.engine.support.hierarchical.NodeTestTask.lambda$executeRecursively$7(NodeTestTask.java:125)
	at org.junit.platform.engine.support.hierarchical.NodeTestTask$$Lambda$178/1890627974.invoke(Unknown Source)
	at org.junit.platform.engine.support.hierarchical.Node.around(Node.java:135)
	at org.junit.platform.engine.support.hierarchical.NodeTestTask.lambda$executeRecursively$8(NodeTestTask.java:123)
	at org.junit.platform.engine.support.hierarchical.NodeTestTask$$Lambda$177/231977479.execute(Unknown Source)
	at org.junit.platform.engine.support.hierarchical.ThrowableCollector.execute(ThrowableCollector.java:73)
	at org.junit.platform.engine.support.hierarchical.NodeTestTask.executeRecursively(NodeTestTask.java:122)
	at org.junit.platform.engine.support.hierarchical.NodeTestTask.execute(NodeTestTask.java:80)
	at org.junit.platform.engine.support.hierarchical.SameThreadHierarchicalTestExecutorService$$Lambda$183/1381713434.accept(Unknown Source)
	at java.util.ArrayList.forEach(ArrayList.java:1249)
	at org.junit.platform.engine.support.hierarchical.SameThreadHierarchicalTestExecutorService.invokeAll(SameThreadHierarchicalTestExecutorService.java:38)
	at org.junit.platform.engine.support.hierarchical.NodeTestTask.lambda$executeRecursively$5(NodeTestTask.java:139)
	at org.junit.platform.engine.support.hierarchical.NodeTestTask$$Lambda$179/195615004.execute(Unknown Source)
	at org.junit.platform.engine.support.hierarchical.ThrowableCollector.execute(ThrowableCollector.java:73)
	at org.junit.platform.engine.support.hierarchical.NodeTestTask.lambda$executeRecursively$7(NodeTestTask.java:125)
	at org.junit.platform.engine.support.hierarchical.NodeTestTask$$Lambda$178/1890627974.invoke(Unknown Source)
	at org.junit.platform.engine.support.hierarchical.Node.around(Node.java:135)
	at org.junit.platform.engine.support.hierarchical.NodeTestTask.lambda$executeRecursively$8(NodeTestTask.java:123)
	at org.junit.platform.engine.support.hierarchical.NodeTestTask$$Lambda$177/231977479.execute(Unknown Source)
	at org.junit.platform.engine.support.hierarchical.ThrowableCollector.execute(ThrowableCollector.java:73)
	at org.junit.platform.engine.support.hierarchical.NodeTestTask.executeRecursively(NodeTestTask.java:122)
	at org.junit.platform.engine.support.hierarchical.NodeTestTask.execute(NodeTestTask.java:80)
	at org.junit.platform.engine.support.hierarchical.SameThreadHierarchicalTestExecutorService$$Lambda$183/1381713434.accept(Unknown Source)
	at java.util.ArrayList.forEach(ArrayList.java:1249)
	at org.junit.platform.engine.support.hierarchical.SameThreadHierarchicalTestExecutorService.invokeAll(SameThreadHierarchicalTestExecutorService.java:38)
	at org.junit.platform.engine.support.hierarchical.NodeTestTask.lambda$executeRecursively$5(NodeTestTask.java:139)
	at org.junit.platform.engine.support.hierarchical.NodeTestTask$$Lambda$179/195615004.execute(Unknown Source)
	at org.junit.platform.engine.support.hierarchical.ThrowableCollector.execute(ThrowableCollector.java:73)
	at org.junit.platform.engine.support.hierarchical.NodeTestTask.lambda$executeRecursively$7(NodeTestTask.java:125)
	at org.junit.platform.engine.support.hierarchical.NodeTestTask$$Lambda$178/1890627974.invoke(Unknown Source)
	at org.junit.platform.engine.support.hierarchical.Node.around(Node.java:135)
	at org.junit.platform.engine.support.hierarchical.NodeTestTask.lambda$executeRecursively$8(NodeTestTask.java:123)
	at org.junit.platform.engine.support.hierarchical.NodeTestTask$$Lambda$177/231977479.execute(Unknown Source)
	at org.junit.platform.engine.support.hierarchical.ThrowableCollector.execute(ThrowableCollector.java:73)
	at org.junit.platform.engine.support.hierarchical.NodeTestTask.executeRecursively(NodeTestTask.java:122)
	at org.junit.platform.engine.support.hierarchical.NodeTestTask.execute(NodeTestTask.java:80)
	at org.junit.platform.engine.support.hierarchical.SameThreadHierarchicalTestExecutorService.submit(SameThreadHierarchicalTestExecutorService.java:32)
	at org.junit.platform.engine.support.hierarchical.HierarchicalTestExecutor.execute(HierarchicalTestExecutor.java:57)
	at org.junit.platform.engine.support.hierarchical.HierarchicalTestEngine.execute(HierarchicalTestEngine.java:51)
	at org.junit.platform.launcher.core.DefaultLauncher.execute(DefaultLauncher.java:248)
	at org.junit.platform.launcher.core.DefaultLauncher.lambda$execute$5(DefaultLauncher.java:211)
	at org.junit.platform.launcher.core.DefaultLauncher$$Lambda$143/233996206.accept(Unknown Source)
	at org.junit.platform.launcher.core.DefaultLauncher.withInterceptedStreams(DefaultLauncher.java:226)
	at org.junit.platform.launcher.core.DefaultLauncher.execute(DefaultLauncher.java:199)
	at org.junit.platform.launcher.core.DefaultLauncher.execute(DefaultLauncher.java:132)
	at org.apache.maven.surefire.junitplatform.JUnitPlatformProvider.invokeAllTests(JUnitPlatformProvider.java:142)
	at org.apache.maven.surefire.junitplatform.JUnitPlatformProvider.invoke(JUnitPlatformProvider.java:113)
	at org.apache.maven.surefire.booter.ForkedBooter.invokeProviderInSameClassLoader(ForkedBooter.java:384)
	at org.apache.maven.surefire.booter.ForkedBooter.runSuitesInProcess(ForkedBooter.java:345)
	at org.apache.maven.surefire.booter.ForkedBooter.execute(ForkedBooter.java:126)
	at org.apache.maven.surefire.booter.ForkedBooter.main(ForkedBooter.java:418)
2021-11-08 11:17:52,292 [myid:] - INFO  [main:FourLetterWordMain@94] - connecting to 127.0.0.1 30167
2021-11-08 11:17:52,292 [myid:1] - WARN  [nioEventLoopGroup-79-1:NettyServerCnxnFactory$CnxnChannelHandler@231] - Zookeeper server is not running, close the connection before starting the TLS handshake
2021-11-08 11:17:52,544 [myid:] - INFO  [main:FourLetterWordMain@94] - connecting to 127.0.0.1 30167
2021-11-08 11:17:52,545 [myid:1] - WARN  [nioEventLoopGroup-79-2:NettyServerCnxnFactory$CnxnChannelHandler@231] - Zookeeper server is not running, close the connection before starting the TLS handshake
2021-11-08 11:17:52,810 [myid:] - INFO  [main:FourLetterWordMain@94] - connecting to 127.0.0.1 30167
2021-11-08 11:17:52,810 [myid:1] - WARN  [nioEventLoopGroup-79-3:NettyServerCnxnFactory$CnxnChannelHandler@231] - Zookeeper server is not running, close the connection before starting the TLS handshake
2021-11-08 11:17:53,060 [myid:] - INFO  [main:FourLetterWordMain@94] - connecting to 127.0.0.1 30167
2021-11-08 11:17:53,060 [myid:1] - WARN  [nioEventLoopGroup-79-4:NettyServerCnxnFactory$CnxnChannelHandler@231] - Zookeeper server is not running, close the connection before starting the TLS handshake
2021-11-08 11:17:53,322 [myid:] - INFO  [main:FourLetterWordMain@94] - connecting to 127.0.0.1 30167
2021-11-08 11:17:53,322 [myid:1] - WARN  [nioEventLoopGroup-79-5:NettyServerCnxnFactory$CnxnChannelHandler@231] - Zookeeper server is not running, close the connection before starting the TLS handshake
2021-11-08 11:17:53,589 [myid:] - INFO  [main:FourLetterWordMain@94] - connecting to 127.0.0.1 30167
2021-11-08 11:17:53,589 [myid:1] - WARN  [nioEventLoopGroup-79-6:NettyServerCnxnFactory$CnxnChannelHandler@231] - Zookeeper server is not running, close the connection before starting the TLS handshake
2021-11-08 11:17:53,844 [myid:] - INFO  [main:FourLetterWordMain@94] - connecting to 127.0.0.1 30167
2021-11-08 11:17:53,844 [myid:1] - WARN  [nioEventLoopGroup-79-7:NettyServerCnxnFactory$CnxnChannelHandler@231] - Zookeeper server is not running, close the connection before starting the TLS handshake
2021-11-08 11:17:53,860 [myid:] - INFO  [main:ClientBase@267] - server 127.0.0.1:30167 not up
java.net.SocketException: Software caused connection abort: recv failed
	at java.net.SocketInputStream.socketRead0(Native Method)
	at java.net.SocketInputStream.read(SocketInputStream.java:150)
	at java.net.SocketInputStream.read(SocketInputStream.java:121)
	at sun.nio.cs.StreamDecoder.readBytes(StreamDecoder.java:284)
	at sun.nio.cs.StreamDecoder.implRead(StreamDecoder.java:326)
	at sun.nio.cs.StreamDecoder.read(StreamDecoder.java:178)
	at java.io.InputStreamReader.read(InputStreamReader.java:184)
	at java.io.BufferedReader.fill(BufferedReader.java:161)
	at java.io.BufferedReader.readLine(BufferedReader.java:324)
	at java.io.BufferedReader.readLine(BufferedReader.java:389)
	at org.apache.zookeeper.client.FourLetterWordMain.send4LetterWord(FourLetterWordMain.java:129)
	at org.apache.zookeeper.client.FourLetterWordMain.send4LetterWord(FourLetterWordMain.java:74)
	at org.apache.zookeeper.test.ClientBase.waitForServerUp(ClientBase.java:258)
	at org.apache.zookeeper.test.ClientBase.waitForServerUp(ClientBase.java:249)
	at org.apache.zookeeper.server.quorum.QuorumSSLTest.testHostnameVerification(QuorumSSLTest.java:671)
	at org.apache.zookeeper.server.quorum.QuorumSSLTest.testHostnameVerificationForInvalidMultiAddressServerConfig(QuorumSSLTest.java:620)
	at sun.reflect.NativeMethodAccessorImpl.invoke0(Native Method)
	at sun.reflect.NativeMethodAccessorImpl.invoke(NativeMethodAccessorImpl.java:62)
	at sun.reflect.DelegatingMethodAccessorImpl.invoke(DelegatingMethodAccessorImpl.java:43)
	at java.lang.reflect.Method.invoke(Method.java:483)
	at org.junit.platform.commons.util.ReflectionUtils.invokeMethod(ReflectionUtils.java:686)
	at org.junit.jupiter.engine.execution.MethodInvocation.proceed(MethodInvocation.java:60)
	at org.junit.jupiter.engine.execution.InvocationInterceptorChain$ValidatingInvocation.proceed(InvocationInterceptorChain.java:131)
	at org.junit.jupiter.engine.extension.TimeoutInvocation.proceed(TimeoutInvocation.java:46)
	at org.junit.jupiter.engine.extension.TimeoutExtension.intercept(TimeoutExtension.java:149)
	at org.junit.jupiter.engine.extension.TimeoutExtension.interceptTestableMethod(TimeoutExtension.java:140)
	at org.junit.jupiter.engine.extension.TimeoutExtension.interceptTestMethod(TimeoutExtension.java:84)
	at org.junit.jupiter.engine.descriptor.TestMethodTestDescriptor$$Lambda$111/1780132728.apply(Unknown Source)
	at org.junit.jupiter.engine.execution.ExecutableInvoker$ReflectiveInterceptorCall.lambda$ofVoidMethod$0(ExecutableInvoker.java:115)
	at org.junit.jupiter.engine.execution.ExecutableInvoker$ReflectiveInterceptorCall$$Lambda$112/1725017993.apply(Unknown Source)
	at org.junit.jupiter.engine.execution.ExecutableInvoker.lambda$invoke$0(ExecutableInvoker.java:105)
	at org.junit.jupiter.engine.execution.ExecutableInvoker$$Lambda$234/64133603.apply(Unknown Source)
	at org.junit.jupiter.engine.execution.InvocationInterceptorChain$InterceptedInvocation.proceed(InvocationInterceptorChain.java:106)
	at org.junit.jupiter.engine.execution.InvocationInterceptorChain.proceed(InvocationInterceptorChain.java:64)
	at org.junit.jupiter.engine.execution.InvocationInterceptorChain.chainAndInvoke(InvocationInterceptorChain.java:45)
	at org.junit.jupiter.engine.execution.InvocationInterceptorChain.invoke(InvocationInterceptorChain.java:37)
	at org.junit.jupiter.engine.execution.ExecutableInvoker.invoke(ExecutableInvoker.java:104)
	at org.junit.jupiter.engine.execution.ExecutableInvoker.invoke(ExecutableInvoker.java:98)
	at org.junit.jupiter.engine.descriptor.TestMethodTestDescriptor.lambda$invokeTestMethod$6(TestMethodTestDescriptor.java:212)
	at org.junit.jupiter.engine.descriptor.TestMethodTestDescriptor$$Lambda$271/224100622.execute(Unknown Source)
	at org.junit.platform.engine.support.hierarchical.ThrowableCollector.execute(ThrowableCollector.java:73)
	at org.junit.jupiter.engine.descriptor.TestMethodTestDescriptor.invokeTestMethod(TestMethodTestDescriptor.java:208)
	at org.junit.jupiter.engine.descriptor.TestMethodTestDescriptor.execute(TestMethodTestDescriptor.java:137)
	at org.junit.jupiter.engine.descriptor.TestMethodTestDescriptor.execute(TestMethodTestDescriptor.java:71)
	at org.junit.platform.engine.support.hierarchical.NodeTestTask.lambda$executeRecursively$5(NodeTestTask.java:135)
	at org.junit.platform.engine.support.hierarchical.NodeTestTask$$Lambda$179/195615004.execute(Unknown Source)
	at org.junit.platform.engine.support.hierarchical.ThrowableCollector.execute(ThrowableCollector.java:73)
	at org.junit.platform.engine.support.hierarchical.NodeTestTask.lambda$executeRecursively$7(NodeTestTask.java:125)
	at org.junit.platform.engine.support.hierarchical.NodeTestTask$$Lambda$178/1890627974.invoke(Unknown Source)
	at org.junit.platform.engine.support.hierarchical.Node.around(Node.java:135)
	at org.junit.platform.engine.support.hierarchical.NodeTestTask.lambda$executeRecursively$8(NodeTestTask.java:123)
	at org.junit.platform.engine.support.hierarchical.NodeTestTask$$Lambda$177/231977479.execute(Unknown Source)
	at org.junit.platform.engine.support.hierarchical.ThrowableCollector.execute(ThrowableCollector.java:73)
	at org.junit.platform.engine.support.hierarchical.NodeTestTask.executeRecursively(NodeTestTask.java:122)
	at org.junit.platform.engine.support.hierarchical.NodeTestTask.execute(NodeTestTask.java:80)
	at org.junit.platform.engine.support.hierarchical.SameThreadHierarchicalTestExecutorService$$Lambda$183/1381713434.accept(Unknown Source)
	at java.util.ArrayList.forEach(ArrayList.java:1249)
	at org.junit.platform.engine.support.hierarchical.SameThreadHierarchicalTestExecutorService.invokeAll(SameThreadHierarchicalTestExecutorService.java:38)
	at org.junit.platform.engine.support.hierarchical.NodeTestTask.lambda$executeRecursively$5(NodeTestTask.java:139)
	at org.junit.platform.engine.support.hierarchical.NodeTestTask$$Lambda$179/195615004.execute(Unknown Source)
	at org.junit.platform.engine.support.hierarchical.ThrowableCollector.execute(ThrowableCollector.java:73)
	at org.junit.platform.engine.support.hierarchical.NodeTestTask.lambda$executeRecursively$7(NodeTestTask.java:125)
	at org.junit.platform.engine.support.hierarchical.NodeTestTask$$Lambda$178/1890627974.invoke(Unknown Source)
	at org.junit.platform.engine.support.hierarchical.Node.around(Node.java:135)
	at org.junit.platform.engine.support.hierarchical.NodeTestTask.lambda$executeRecursively$8(NodeTestTask.java:123)
	at org.junit.platform.engine.support.hierarchical.NodeTestTask$$Lambda$177/231977479.execute(Unknown Source)
	at org.junit.platform.engine.support.hierarchical.ThrowableCollector.execute(ThrowableCollector.java:73)
	at org.junit.platform.engine.support.hierarchical.NodeTestTask.executeRecursively(NodeTestTask.java:122)
	at org.junit.platform.engine.support.hierarchical.NodeTestTask.execute(NodeTestTask.java:80)
	at org.junit.platform.engine.support.hierarchical.SameThreadHierarchicalTestExecutorService$$Lambda$183/1381713434.accept(Unknown Source)
	at java.util.ArrayList.forEach(ArrayList.java:1249)
	at org.junit.platform.engine.support.hierarchical.SameThreadHierarchicalTestExecutorService.invokeAll(SameThreadHierarchicalTestExecutorService.java:38)
	at org.junit.platform.engine.support.hierarchical.NodeTestTask.lambda$executeRecursively$5(NodeTestTask.java:139)
	at org.junit.platform.engine.support.hierarchical.NodeTestTask$$Lambda$179/195615004.execute(Unknown Source)
	at org.junit.platform.engine.support.hierarchical.ThrowableCollector.execute(ThrowableCollector.java:73)
	at org.junit.platform.engine.support.hierarchical.NodeTestTask.lambda$executeRecursively$7(NodeTestTask.java:125)
	at org.junit.platform.engine.support.hierarchical.NodeTestTask$$Lambda$178/1890627974.invoke(Unknown Source)
	at org.junit.platform.engine.support.hierarchical.Node.around(Node.java:135)
	at org.junit.platform.engine.support.hierarchical.NodeTestTask.lambda$executeRecursively$8(NodeTestTask.java:123)
	at org.junit.platform.engine.support.hierarchical.NodeTestTask$$Lambda$177/231977479.execute(Unknown Source)
	at org.junit.platform.engine.support.hierarchical.ThrowableCollector.execute(ThrowableCollector.java:73)
	at org.junit.platform.engine.support.hierarchical.NodeTestTask.executeRecursively(NodeTestTask.java:122)
	at org.junit.platform.engine.support.hierarchical.NodeTestTask.execute(NodeTestTask.java:80)
	at org.junit.platform.engine.support.hierarchical.SameThreadHierarchicalTestExecutorService.submit(SameThreadHierarchicalTestExecutorService.java:32)
	at org.junit.platform.engine.support.hierarchical.HierarchicalTestExecutor.execute(HierarchicalTestExecutor.java:57)
	at org.junit.platform.engine.support.hierarchical.HierarchicalTestEngine.execute(HierarchicalTestEngine.java:51)
	at org.junit.platform.launcher.core.DefaultLauncher.execute(DefaultLauncher.java:248)
	at org.junit.platform.launcher.core.DefaultLauncher.lambda$execute$5(DefaultLauncher.java:211)
	at org.junit.platform.launcher.core.DefaultLauncher$$Lambda$143/233996206.accept(Unknown Source)
	at org.junit.platform.launcher.core.DefaultLauncher.withInterceptedStreams(DefaultLauncher.java:226)
	at org.junit.platform.launcher.core.DefaultLauncher.execute(DefaultLauncher.java:199)
	at org.junit.platform.launcher.core.DefaultLauncher.execute(DefaultLauncher.java:132)
	at org.apache.maven.surefire.junitplatform.JUnitPlatformProvider.invokeAllTests(JUnitPlatformProvider.java:142)
	at org.apache.maven.surefire.junitplatform.JUnitPlatformProvider.invoke(JUnitPlatformProvider.java:113)
	at org.apache.maven.surefire.booter.ForkedBooter.invokeProviderInSameClassLoader(ForkedBooter.java:384)
	at org.apache.maven.surefire.booter.ForkedBooter.runSuitesInProcess(ForkedBooter.java:345)
	at org.apache.maven.surefire.booter.ForkedBooter.execute(ForkedBooter.java:126)
	at org.apache.maven.surefire.booter.ForkedBooter.main(ForkedBooter.java:418)
2021-11-08 11:17:54,123 [myid:] - INFO  [main:FourLetterWordMain@94] - connecting to 127.0.0.1 30167
2021-11-08 11:17:54,125 [myid:1] - WARN  [nioEventLoopGroup-79-8:NettyServerCnxnFactory$CnxnChannelHandler@231] - Zookeeper server is not running, close the connection before starting the TLS handshake
2021-11-08 11:17:54,389 [myid:] - INFO  [main:FourLetterWordMain@94] - connecting to 127.0.0.1 30167
2021-11-08 11:17:54,390 [myid:1] - WARN  [nioEventLoopGroup-79-9:NettyServerCnxnFactory$CnxnChannelHandler@231] - Zookeeper server is not running, close the connection before starting the TLS handshake
2021-11-08 11:17:54,641 [myid:] - INFO  [main:FourLetterWordMain@94] - connecting to 127.0.0.1 30167
2021-11-08 11:17:54,643 [myid:1] - WARN  [nioEventLoopGroup-79-10:NettyServerCnxnFactory$CnxnChannelHandler@231] - Zookeeper server is not running, close the connection before starting the TLS handshake
2021-11-08 11:17:54,909 [myid:] - INFO  [main:FourLetterWordMain@94] - connecting to 127.0.0.1 30167
2021-11-08 11:17:54,909 [myid:1] - WARN  [nioEventLoopGroup-79-11:NettyServerCnxnFactory$CnxnChannelHandler@231] - Zookeeper server is not running, close the connection before starting the TLS handshake
2021-11-08 11:17:54,925 [myid:] - INFO  [main:ClientBase@267] - server 127.0.0.1:30167 not up
java.net.SocketException: Software caused connection abort: recv failed
	at java.net.SocketInputStream.socketRead0(Native Method)
	at java.net.SocketInputStream.read(SocketInputStream.java:150)
	at java.net.SocketInputStream.read(SocketInputStream.java:121)
	at sun.nio.cs.StreamDecoder.readBytes(StreamDecoder.java:284)
	at sun.nio.cs.StreamDecoder.implRead(StreamDecoder.java:326)
	at sun.nio.cs.StreamDecoder.read(StreamDecoder.java:178)
	at java.io.InputStreamReader.read(InputStreamReader.java:184)
	at java.io.BufferedReader.fill(BufferedReader.java:161)
	at java.io.BufferedReader.readLine(BufferedReader.java:324)
	at java.io.BufferedReader.readLine(BufferedReader.java:389)
	at org.apache.zookeeper.client.FourLetterWordMain.send4LetterWord(FourLetterWordMain.java:129)
	at org.apache.zookeeper.client.FourLetterWordMain.send4LetterWord(FourLetterWordMain.java:74)
	at org.apache.zookeeper.test.ClientBase.waitForServerUp(ClientBase.java:258)
	at org.apache.zookeeper.test.ClientBase.waitForServerUp(ClientBase.java:249)
	at org.apache.zookeeper.server.quorum.QuorumSSLTest.testHostnameVerification(QuorumSSLTest.java:671)
	at org.apache.zookeeper.server.quorum.QuorumSSLTest.testHostnameVerificationForInvalidMultiAddressServerConfig(QuorumSSLTest.java:620)
	at sun.reflect.NativeMethodAccessorImpl.invoke0(Native Method)
	at sun.reflect.NativeMethodAccessorImpl.invoke(NativeMethodAccessorImpl.java:62)
	at sun.reflect.DelegatingMethodAccessorImpl.invoke(DelegatingMethodAccessorImpl.java:43)
	at java.lang.reflect.Method.invoke(Method.java:483)
	at org.junit.platform.commons.util.ReflectionUtils.invokeMethod(ReflectionUtils.java:686)
	at org.junit.jupiter.engine.execution.MethodInvocation.proceed(MethodInvocation.java:60)
	at org.junit.jupiter.engine.execution.InvocationInterceptorChain$ValidatingInvocation.proceed(InvocationInterceptorChain.java:131)
	at org.junit.jupiter.engine.extension.TimeoutInvocation.proceed(TimeoutInvocation.java:46)
	at org.junit.jupiter.engine.extension.TimeoutExtension.intercept(TimeoutExtension.java:149)
	at org.junit.jupiter.engine.extension.TimeoutExtension.interceptTestableMethod(TimeoutExtension.java:140)
	at org.junit.jupiter.engine.extension.TimeoutExtension.interceptTestMethod(TimeoutExtension.java:84)
	at org.junit.jupiter.engine.descriptor.TestMethodTestDescriptor$$Lambda$111/1780132728.apply(Unknown Source)
	at org.junit.jupiter.engine.execution.ExecutableInvoker$ReflectiveInterceptorCall.lambda$ofVoidMethod$0(ExecutableInvoker.java:115)
	at org.junit.jupiter.engine.execution.ExecutableInvoker$ReflectiveInterceptorCall$$Lambda$112/1725017993.apply(Unknown Source)
	at org.junit.jupiter.engine.execution.ExecutableInvoker.lambda$invoke$0(ExecutableInvoker.java:105)
	at org.junit.jupiter.engine.execution.ExecutableInvoker$$Lambda$234/64133603.apply(Unknown Source)
	at org.junit.jupiter.engine.execution.InvocationInterceptorChain$InterceptedInvocation.proceed(InvocationInterceptorChain.java:106)
	at org.junit.jupiter.engine.execution.InvocationInterceptorChain.proceed(InvocationInterceptorChain.java:64)
	at org.junit.jupiter.engine.execution.InvocationInterceptorChain.chainAndInvoke(InvocationInterceptorChain.java:45)
	at org.junit.jupiter.engine.execution.InvocationInterceptorChain.invoke(InvocationInterceptorChain.java:37)
	at org.junit.jupiter.engine.execution.ExecutableInvoker.invoke(ExecutableInvoker.java:104)
	at org.junit.jupiter.engine.execution.ExecutableInvoker.invoke(ExecutableInvoker.java:98)
	at org.junit.jupiter.engine.descriptor.TestMethodTestDescriptor.lambda$invokeTestMethod$6(TestMethodTestDescriptor.java:212)
	at org.junit.jupiter.engine.descriptor.TestMethodTestDescriptor$$Lambda$271/224100622.execute(Unknown Source)
	at org.junit.platform.engine.support.hierarchical.ThrowableCollector.execute(ThrowableCollector.java:73)
	at org.junit.jupiter.engine.descriptor.TestMethodTestDescriptor.invokeTestMethod(TestMethodTestDescriptor.java:208)
	at org.junit.jupiter.engine.descriptor.TestMethodTestDescriptor.execute(TestMethodTestDescriptor.java:137)
	at org.junit.jupiter.engine.descriptor.TestMethodTestDescriptor.execute(TestMethodTestDescriptor.java:71)
	at org.junit.platform.engine.support.hierarchical.NodeTestTask.lambda$executeRecursively$5(NodeTestTask.java:135)
	at org.junit.platform.engine.support.hierarchical.NodeTestTask$$Lambda$179/195615004.execute(Unknown Source)
	at org.junit.platform.engine.support.hierarchical.ThrowableCollector.execute(ThrowableCollector.java:73)
	at org.junit.platform.engine.support.hierarchical.NodeTestTask.lambda$executeRecursively$7(NodeTestTask.java:125)
	at org.junit.platform.engine.support.hierarchical.NodeTestTask$$Lambda$178/1890627974.invoke(Unknown Source)
	at org.junit.platform.engine.support.hierarchical.Node.around(Node.java:135)
	at org.junit.platform.engine.support.hierarchical.NodeTestTask.lambda$executeRecursively$8(NodeTestTask.java:123)
	at org.junit.platform.engine.support.hierarchical.NodeTestTask$$Lambda$177/231977479.execute(Unknown Source)
	at org.junit.platform.engine.support.hierarchical.ThrowableCollector.execute(ThrowableCollector.java:73)
	at org.junit.platform.engine.support.hierarchical.NodeTestTask.executeRecursively(NodeTestTask.java:122)
	at org.junit.platform.engine.support.hierarchical.NodeTestTask.execute(NodeTestTask.java:80)
	at org.junit.platform.engine.support.hierarchical.SameThreadHierarchicalTestExecutorService$$Lambda$183/1381713434.accept(Unknown Source)
	at java.util.ArrayList.forEach(ArrayList.java:1249)
	at org.junit.platform.engine.support.hierarchical.SameThreadHierarchicalTestExecutorService.invokeAll(SameThreadHierarchicalTestExecutorService.java:38)
	at org.junit.platform.engine.support.hierarchical.NodeTestTask.lambda$executeRecursively$5(NodeTestTask.java:139)
	at org.junit.platform.engine.support.hierarchical.NodeTestTask$$Lambda$179/195615004.execute(Unknown Source)
	at org.junit.platform.engine.support.hierarchical.ThrowableCollector.execute(ThrowableCollector.java:73)
	at org.junit.platform.engine.support.hierarchical.NodeTestTask.lambda$executeRecursively$7(NodeTestTask.java:125)
	at org.junit.platform.engine.support.hierarchical.NodeTestTask$$Lambda$178/1890627974.invoke(Unknown Source)
	at org.junit.platform.engine.support.hierarchical.Node.around(Node.java:135)
	at org.junit.platform.engine.support.hierarchical.NodeTestTask.lambda$executeRecursively$8(NodeTestTask.java:123)
	at org.junit.platform.engine.support.hierarchical.NodeTestTask$$Lambda$177/231977479.execute(Unknown Source)
	at org.junit.platform.engine.support.hierarchical.ThrowableCollector.execute(ThrowableCollector.java:73)
	at org.junit.platform.engine.support.hierarchical.NodeTestTask.executeRecursively(NodeTestTask.java:122)
	at org.junit.platform.engine.support.hierarchical.NodeTestTask.execute(NodeTestTask.java:80)
	at org.junit.platform.engine.support.hierarchical.SameThreadHierarchicalTestExecutorService$$Lambda$183/1381713434.accept(Unknown Source)
	at java.util.ArrayList.forEach(ArrayList.java:1249)
	at org.junit.platform.engine.support.hierarchical.SameThreadHierarchicalTestExecutorService.invokeAll(SameThreadHierarchicalTestExecutorService.java:38)
	at org.junit.platform.engine.support.hierarchical.NodeTestTask.lambda$executeRecursively$5(NodeTestTask.java:139)
	at org.junit.platform.engine.support.hierarchical.NodeTestTask$$Lambda$179/195615004.execute(Unknown Source)
	at org.junit.platform.engine.support.hierarchical.ThrowableCollector.execute(ThrowableCollector.java:73)
	at org.junit.platform.engine.support.hierarchical.NodeTestTask.lambda$executeRecursively$7(NodeTestTask.java:125)
	at org.junit.platform.engine.support.hierarchical.NodeTestTask$$Lambda$178/1890627974.invoke(Unknown Source)
	at org.junit.platform.engine.support.hierarchical.Node.around(Node.java:135)
	at org.junit.platform.engine.support.hierarchical.NodeTestTask.lambda$executeRecursively$8(NodeTestTask.java:123)
	at org.junit.platform.engine.support.hierarchical.NodeTestTask$$Lambda$177/231977479.execute(Unknown Source)
	at org.junit.platform.engine.support.hierarchical.ThrowableCollector.execute(ThrowableCollector.java:73)
	at org.junit.platform.engine.support.hierarchical.NodeTestTask.executeRecursively(NodeTestTask.java:122)
	at org.junit.platform.engine.support.hierarchical.NodeTestTask.execute(NodeTestTask.java:80)
	at org.junit.platform.engine.support.hierarchical.SameThreadHierarchicalTestExecutorService.submit(SameThreadHierarchicalTestExecutorService.java:32)
	at org.junit.platform.engine.support.hierarchical.HierarchicalTestExecutor.execute(HierarchicalTestExecutor.java:57)
	at org.junit.platform.engine.support.hierarchical.HierarchicalTestEngine.execute(HierarchicalTestEngine.java:51)
	at org.junit.platform.launcher.core.DefaultLauncher.execute(DefaultLauncher.java:248)
	at org.junit.platform.launcher.core.DefaultLauncher.lambda$execute$5(DefaultLauncher.java:211)
	at org.junit.platform.launcher.core.DefaultLauncher$$Lambda$143/233996206.accept(Unknown Source)
	at org.junit.platform.launcher.core.DefaultLauncher.withInterceptedStreams(DefaultLauncher.java:226)
	at org.junit.platform.launcher.core.DefaultLauncher.execute(DefaultLauncher.java:199)
	at org.junit.platform.launcher.core.DefaultLauncher.execute(DefaultLauncher.java:132)
	at org.apache.maven.surefire.junitplatform.JUnitPlatformProvider.invokeAllTests(JUnitPlatformProvider.java:142)
	at org.apache.maven.surefire.junitplatform.JUnitPlatformProvider.invoke(JUnitPlatformProvider.java:113)
	at org.apache.maven.surefire.booter.ForkedBooter.invokeProviderInSameClassLoader(ForkedBooter.java:384)
	at org.apache.maven.surefire.booter.ForkedBooter.runSuitesInProcess(ForkedBooter.java:345)
	at org.apache.maven.surefire.booter.ForkedBooter.execute(ForkedBooter.java:126)
	at org.apache.maven.surefire.booter.ForkedBooter.main(ForkedBooter.java:418)
2021-11-08 11:17:55,191 [myid:] - INFO  [main:FourLetterWordMain@94] - connecting to 127.0.0.1 30167
2021-11-08 11:17:55,192 [myid:1] - WARN  [nioEventLoopGroup-79-12:NettyServerCnxnFactory$CnxnChannelHandler@231] - Zookeeper server is not running, close the connection before starting the TLS handshake
2021-11-08 11:17:55,192 [myid:] - INFO  [main:ClientBase@267] - server 127.0.0.1:30167 not up
java.net.SocketException: Software caused connection abort: recv failed
	at java.net.SocketInputStream.socketRead0(Native Method)
	at java.net.SocketInputStream.read(SocketInputStream.java:150)
	at java.net.SocketInputStream.read(SocketInputStream.java:121)
	at sun.nio.cs.StreamDecoder.readBytes(StreamDecoder.java:284)
	at sun.nio.cs.StreamDecoder.implRead(StreamDecoder.java:326)
	at sun.nio.cs.StreamDecoder.read(StreamDecoder.java:178)
	at java.io.InputStreamReader.read(InputStreamReader.java:184)
	at java.io.BufferedReader.fill(BufferedReader.java:161)
	at java.io.BufferedReader.readLine(BufferedReader.java:324)
	at java.io.BufferedReader.readLine(BufferedReader.java:389)
	at org.apache.zookeeper.client.FourLetterWordMain.send4LetterWord(FourLetterWordMain.java:129)
	at org.apache.zookeeper.client.FourLetterWordMain.send4LetterWord(FourLetterWordMain.java:74)
	at org.apache.zookeeper.test.ClientBase.waitForServerUp(ClientBase.java:258)
	at org.apache.zookeeper.test.ClientBase.waitForServerUp(ClientBase.java:249)
	at org.apache.zookeeper.server.quorum.QuorumSSLTest.testHostnameVerification(QuorumSSLTest.java:671)
	at org.apache.zookeeper.server.quorum.QuorumSSLTest.testHostnameVerificationForInvalidMultiAddressServerConfig(QuorumSSLTest.java:620)
	at sun.reflect.NativeMethodAccessorImpl.invoke0(Native Method)
	at sun.reflect.NativeMethodAccessorImpl.invoke(NativeMethodAccessorImpl.java:62)
	at sun.reflect.DelegatingMethodAccessorImpl.invoke(DelegatingMethodAccessorImpl.java:43)
	at java.lang.reflect.Method.invoke(Method.java:483)
	at org.junit.platform.commons.util.ReflectionUtils.invokeMethod(ReflectionUtils.java:686)
	at org.junit.jupiter.engine.execution.MethodInvocation.proceed(MethodInvocation.java:60)
	at org.junit.jupiter.engine.execution.InvocationInterceptorChain$ValidatingInvocation.proceed(InvocationInterceptorChain.java:131)
	at org.junit.jupiter.engine.extension.TimeoutInvocation.proceed(TimeoutInvocation.java:46)
	at org.junit.jupiter.engine.extension.TimeoutExtension.intercept(TimeoutExtension.java:149)
	at org.junit.jupiter.engine.extension.TimeoutExtension.interceptTestableMethod(TimeoutExtension.java:140)
	at org.junit.jupiter.engine.extension.TimeoutExtension.interceptTestMethod(TimeoutExtension.java:84)
	at org.junit.jupiter.engine.descriptor.TestMethodTestDescriptor$$Lambda$111/1780132728.apply(Unknown Source)
	at org.junit.jupiter.engine.execution.ExecutableInvoker$ReflectiveInterceptorCall.lambda$ofVoidMethod$0(ExecutableInvoker.java:115)
	at org.junit.jupiter.engine.execution.ExecutableInvoker$ReflectiveInterceptorCall$$Lambda$112/1725017993.apply(Unknown Source)
	at org.junit.jupiter.engine.execution.ExecutableInvoker.lambda$invoke$0(ExecutableInvoker.java:105)
	at org.junit.jupiter.engine.execution.ExecutableInvoker$$Lambda$234/64133603.apply(Unknown Source)
	at org.junit.jupiter.engine.execution.InvocationInterceptorChain$InterceptedInvocation.proceed(InvocationInterceptorChain.java:106)
	at org.junit.jupiter.engine.execution.InvocationInterceptorChain.proceed(InvocationInterceptorChain.java:64)
	at org.junit.jupiter.engine.execution.InvocationInterceptorChain.chainAndInvoke(InvocationInterceptorChain.java:45)
	at org.junit.jupiter.engine.execution.InvocationInterceptorChain.invoke(InvocationInterceptorChain.java:37)
	at org.junit.jupiter.engine.execution.ExecutableInvoker.invoke(ExecutableInvoker.java:104)
	at org.junit.jupiter.engine.execution.ExecutableInvoker.invoke(ExecutableInvoker.java:98)
	at org.junit.jupiter.engine.descriptor.TestMethodTestDescriptor.lambda$invokeTestMethod$6(TestMethodTestDescriptor.java:212)
	at org.junit.jupiter.engine.descriptor.TestMethodTestDescriptor$$Lambda$271/224100622.execute(Unknown Source)
	at org.junit.platform.engine.support.hierarchical.ThrowableCollector.execute(ThrowableCollector.java:73)
	at org.junit.jupiter.engine.descriptor.TestMethodTestDescriptor.invokeTestMethod(TestMethodTestDescriptor.java:208)
	at org.junit.jupiter.engine.descriptor.TestMethodTestDescriptor.execute(TestMethodTestDescriptor.java:137)
	at org.junit.jupiter.engine.descriptor.TestMethodTestDescriptor.execute(TestMethodTestDescriptor.java:71)
	at org.junit.platform.engine.support.hierarchical.NodeTestTask.lambda$executeRecursively$5(NodeTestTask.java:135)
	at org.junit.platform.engine.support.hierarchical.NodeTestTask$$Lambda$179/195615004.execute(Unknown Source)
	at org.junit.platform.engine.support.hierarchical.ThrowableCollector.execute(ThrowableCollector.java:73)
	at org.junit.platform.engine.support.hierarchical.NodeTestTask.lambda$executeRecursively$7(NodeTestTask.java:125)
	at org.junit.platform.engine.support.hierarchical.NodeTestTask$$Lambda$178/1890627974.invoke(Unknown Source)
	at org.junit.platform.engine.support.hierarchical.Node.around(Node.java:135)
	at org.junit.platform.engine.support.hierarchical.NodeTestTask.lambda$executeRecursively$8(NodeTestTask.java:123)
	at org.junit.platform.engine.support.hierarchical.NodeTestTask$$Lambda$177/231977479.execute(Unknown Source)
	at org.junit.platform.engine.support.hierarchical.ThrowableCollector.execute(ThrowableCollector.java:73)
	at org.junit.platform.engine.support.hierarchical.NodeTestTask.executeRecursively(NodeTestTask.java:122)
	at org.junit.platform.engine.support.hierarchical.NodeTestTask.execute(NodeTestTask.java:80)
	at org.junit.platform.engine.support.hierarchical.SameThreadHierarchicalTestExecutorService$$Lambda$183/1381713434.accept(Unknown Source)
	at java.util.ArrayList.forEach(ArrayList.java:1249)
	at org.junit.platform.engine.support.hierarchical.SameThreadHierarchicalTestExecutorService.invokeAll(SameThreadHierarchicalTestExecutorService.java:38)
	at org.junit.platform.engine.support.hierarchical.NodeTestTask.lambda$executeRecursively$5(NodeTestTask.java:139)
	at org.junit.platform.engine.support.hierarchical.NodeTestTask$$Lambda$179/195615004.execute(Unknown Source)
	at org.junit.platform.engine.support.hierarchical.ThrowableCollector.execute(ThrowableCollector.java:73)
	at org.junit.platform.engine.support.hierarchical.NodeTestTask.lambda$executeRecursively$7(NodeTestTask.java:125)
	at org.junit.platform.engine.support.hierarchical.NodeTestTask$$Lambda$178/1890627974.invoke(Unknown Source)
	at org.junit.platform.engine.support.hierarchical.Node.around(Node.java:135)
	at org.junit.platform.engine.support.hierarchical.NodeTestTask.lambda$executeRecursively$8(NodeTestTask.java:123)
	at org.junit.platform.engine.support.hierarchical.NodeTestTask$$Lambda$177/231977479.execute(Unknown Source)
	at org.junit.platform.engine.support.hierarchical.ThrowableCollector.execute(ThrowableCollector.java:73)
	at org.junit.platform.engine.support.hierarchical.NodeTestTask.executeRecursively(NodeTestTask.java:122)
	at org.junit.platform.engine.support.hierarchical.NodeTestTask.execute(NodeTestTask.java:80)
	at org.junit.platform.engine.support.hierarchical.SameThreadHierarchicalTestExecutorService$$Lambda$183/1381713434.accept(Unknown Source)
	at java.util.ArrayList.forEach(ArrayList.java:1249)
	at org.junit.platform.engine.support.hierarchical.SameThreadHierarchicalTestExecutorService.invokeAll(SameThreadHierarchicalTestExecutorService.java:38)
	at org.junit.platform.engine.support.hierarchical.NodeTestTask.lambda$executeRecursively$5(NodeTestTask.java:139)
	at org.junit.platform.engine.support.hierarchical.NodeTestTask$$Lambda$179/195615004.execute(Unknown Source)
	at org.junit.platform.engine.support.hierarchical.ThrowableCollector.execute(ThrowableCollector.java:73)
	at org.junit.platform.engine.support.hierarchical.NodeTestTask.lambda$executeRecursively$7(NodeTestTask.java:125)
	at org.junit.platform.engine.support.hierarchical.NodeTestTask$$Lambda$178/1890627974.invoke(Unknown Source)
	at org.junit.platform.engine.support.hierarchical.Node.around(Node.java:135)
	at org.junit.platform.engine.support.hierarchical.NodeTestTask.lambda$executeRecursively$8(NodeTestTask.java:123)
	at org.junit.platform.engine.support.hierarchical.NodeTestTask$$Lambda$177/231977479.execute(Unknown Source)
	at org.junit.platform.engine.support.hierarchical.ThrowableCollector.execute(ThrowableCollector.java:73)
	at org.junit.platform.engine.support.hierarchical.NodeTestTask.executeRecursively(NodeTestTask.java:122)
	at org.junit.platform.engine.support.hierarchical.NodeTestTask.execute(NodeTestTask.java:80)
	at org.junit.platform.engine.support.hierarchical.SameThreadHierarchicalTestExecutorService.submit(SameThreadHierarchicalTestExecutorService.java:32)
	at org.junit.platform.engine.support.hierarchical.HierarchicalTestExecutor.execute(HierarchicalTestExecutor.java:57)
	at org.junit.platform.engine.support.hierarchical.HierarchicalTestEngine.execute(HierarchicalTestEngine.java:51)
	at org.junit.platform.launcher.core.DefaultLauncher.execute(DefaultLauncher.java:248)
	at org.junit.platform.launcher.core.DefaultLauncher.lambda$execute$5(DefaultLauncher.java:211)
	at org.junit.platform.launcher.core.DefaultLauncher$$Lambda$143/233996206.accept(Unknown Source)
	at org.junit.platform.launcher.core.DefaultLauncher.withInterceptedStreams(DefaultLauncher.java:226)
	at org.junit.platform.launcher.core.DefaultLauncher.execute(DefaultLauncher.java:199)
	at org.junit.platform.launcher.core.DefaultLauncher.execute(DefaultLauncher.java:132)
	at org.apache.maven.surefire.junitplatform.JUnitPlatformProvider.invokeAllTests(JUnitPlatformProvider.java:142)
	at org.apache.maven.surefire.junitplatform.JUnitPlatformProvider.invoke(JUnitPlatformProvider.java:113)
	at org.apache.maven.surefire.booter.ForkedBooter.invokeProviderInSameClassLoader(ForkedBooter.java:384)
	at org.apache.maven.surefire.booter.ForkedBooter.runSuitesInProcess(ForkedBooter.java:345)
	at org.apache.maven.surefire.booter.ForkedBooter.execute(ForkedBooter.java:126)
	at org.apache.maven.surefire.booter.ForkedBooter.main(ForkedBooter.java:418)
2021-11-08 11:17:55,455 [myid:] - INFO  [main:FourLetterWordMain@94] - connecting to 127.0.0.1 30167
2021-11-08 11:17:55,455 [myid:1] - WARN  [nioEventLoopGroup-79-1:NettyServerCnxnFactory$CnxnChannelHandler@231] - Zookeeper server is not running, close the connection before starting the TLS handshake
2021-11-08 11:17:55,720 [myid:] - INFO  [main:FourLetterWordMain@94] - connecting to 127.0.0.1 30167
2021-11-08 11:17:55,720 [myid:1] - WARN  [nioEventLoopGroup-79-2:NettyServerCnxnFactory$CnxnChannelHandler@231] - Zookeeper server is not running, close the connection before starting the TLS handshake
2021-11-08 11:17:55,735 [myid:] - INFO  [main:ClientBase@267] - server 127.0.0.1:30167 not up
java.net.SocketException: Software caused connection abort: recv failed
	at java.net.SocketInputStream.socketRead0(Native Method)
	at java.net.SocketInputStream.read(SocketInputStream.java:150)
	at java.net.SocketInputStream.read(SocketInputStream.java:121)
	at sun.nio.cs.StreamDecoder.readBytes(StreamDecoder.java:284)
	at sun.nio.cs.StreamDecoder.implRead(StreamDecoder.java:326)
	at sun.nio.cs.StreamDecoder.read(StreamDecoder.java:178)
	at java.io.InputStreamReader.read(InputStreamReader.java:184)
	at java.io.BufferedReader.fill(BufferedReader.java:161)
	at java.io.BufferedReader.readLine(BufferedReader.java:324)
	at java.io.BufferedReader.readLine(BufferedReader.java:389)
	at org.apache.zookeeper.client.FourLetterWordMain.send4LetterWord(FourLetterWordMain.java:129)
	at org.apache.zookeeper.client.FourLetterWordMain.send4LetterWord(FourLetterWordMain.java:74)
	at org.apache.zookeeper.test.ClientBase.waitForServerUp(ClientBase.java:258)
	at org.apache.zookeeper.test.ClientBase.waitForServerUp(ClientBase.java:249)
	at org.apache.zookeeper.server.quorum.QuorumSSLTest.testHostnameVerification(QuorumSSLTest.java:671)
	at org.apache.zookeeper.server.quorum.QuorumSSLTest.testHostnameVerificationForInvalidMultiAddressServerConfig(QuorumSSLTest.java:620)
	at sun.reflect.NativeMethodAccessorImpl.invoke0(Native Method)
	at sun.reflect.NativeMethodAccessorImpl.invoke(NativeMethodAccessorImpl.java:62)
	at sun.reflect.DelegatingMethodAccessorImpl.invoke(DelegatingMethodAccessorImpl.java:43)
	at java.lang.reflect.Method.invoke(Method.java:483)
	at org.junit.platform.commons.util.ReflectionUtils.invokeMethod(ReflectionUtils.java:686)
	at org.junit.jupiter.engine.execution.MethodInvocation.proceed(MethodInvocation.java:60)
	at org.junit.jupiter.engine.execution.InvocationInterceptorChain$ValidatingInvocation.proceed(InvocationInterceptorChain.java:131)
	at org.junit.jupiter.engine.extension.TimeoutInvocation.proceed(TimeoutInvocation.java:46)
	at org.junit.jupiter.engine.extension.TimeoutExtension.intercept(TimeoutExtension.java:149)
	at org.junit.jupiter.engine.extension.TimeoutExtension.interceptTestableMethod(TimeoutExtension.java:140)
	at org.junit.jupiter.engine.extension.TimeoutExtension.interceptTestMethod(TimeoutExtension.java:84)
	at org.junit.jupiter.engine.descriptor.TestMethodTestDescriptor$$Lambda$111/1780132728.apply(Unknown Source)
	at org.junit.jupiter.engine.execution.ExecutableInvoker$ReflectiveInterceptorCall.lambda$ofVoidMethod$0(ExecutableInvoker.java:115)
	at org.junit.jupiter.engine.execution.ExecutableInvoker$ReflectiveInterceptorCall$$Lambda$112/1725017993.apply(Unknown Source)
	at org.junit.jupiter.engine.execution.ExecutableInvoker.lambda$invoke$0(ExecutableInvoker.java:105)
	at org.junit.jupiter.engine.execution.ExecutableInvoker$$Lambda$234/64133603.apply(Unknown Source)
	at org.junit.jupiter.engine.execution.InvocationInterceptorChain$InterceptedInvocation.proceed(InvocationInterceptorChain.java:106)
	at org.junit.jupiter.engine.execution.InvocationInterceptorChain.proceed(InvocationInterceptorChain.java:64)
	at org.junit.jupiter.engine.execution.InvocationInterceptorChain.chainAndInvoke(InvocationInterceptorChain.java:45)
	at org.junit.jupiter.engine.execution.InvocationInterceptorChain.invoke(InvocationInterceptorChain.java:37)
	at org.junit.jupiter.engine.execution.ExecutableInvoker.invoke(ExecutableInvoker.java:104)
	at org.junit.jupiter.engine.execution.ExecutableInvoker.invoke(ExecutableInvoker.java:98)
	at org.junit.jupiter.engine.descriptor.TestMethodTestDescriptor.lambda$invokeTestMethod$6(TestMethodTestDescriptor.java:212)
	at org.junit.jupiter.engine.descriptor.TestMethodTestDescriptor$$Lambda$271/224100622.execute(Unknown Source)
	at org.junit.platform.engine.support.hierarchical.ThrowableCollector.execute(ThrowableCollector.java:73)
	at org.junit.jupiter.engine.descriptor.TestMethodTestDescriptor.invokeTestMethod(TestMethodTestDescriptor.java:208)
	at org.junit.jupiter.engine.descriptor.TestMethodTestDescriptor.execute(TestMethodTestDescriptor.java:137)
	at org.junit.jupiter.engine.descriptor.TestMethodTestDescriptor.execute(TestMethodTestDescriptor.java:71)
	at org.junit.platform.engine.support.hierarchical.NodeTestTask.lambda$executeRecursively$5(NodeTestTask.java:135)
	at org.junit.platform.engine.support.hierarchical.NodeTestTask$$Lambda$179/195615004.execute(Unknown Source)
	at org.junit.platform.engine.support.hierarchical.ThrowableCollector.execute(ThrowableCollector.java:73)
	at org.junit.platform.engine.support.hierarchical.NodeTestTask.lambda$executeRecursively$7(NodeTestTask.java:125)
	at org.junit.platform.engine.support.hierarchical.NodeTestTask$$Lambda$178/1890627974.invoke(Unknown Source)
	at org.junit.platform.engine.support.hierarchical.Node.around(Node.java:135)
	at org.junit.platform.engine.support.hierarchical.NodeTestTask.lambda$executeRecursively$8(NodeTestTask.java:123)
	at org.junit.platform.engine.support.hierarchical.NodeTestTask$$Lambda$177/231977479.execute(Unknown Source)
	at org.junit.platform.engine.support.hierarchical.ThrowableCollector.execute(ThrowableCollector.java:73)
	at org.junit.platform.engine.support.hierarchical.NodeTestTask.executeRecursively(NodeTestTask.java:122)
	at org.junit.platform.engine.support.hierarchical.NodeTestTask.execute(NodeTestTask.java:80)
	at org.junit.platform.engine.support.hierarchical.SameThreadHierarchicalTestExecutorService$$Lambda$183/1381713434.accept(Unknown Source)
	at java.util.ArrayList.forEach(ArrayList.java:1249)
	at org.junit.platform.engine.support.hierarchical.SameThreadHierarchicalTestExecutorService.invokeAll(SameThreadHierarchicalTestExecutorService.java:38)
	at org.junit.platform.engine.support.hierarchical.NodeTestTask.lambda$executeRecursively$5(NodeTestTask.java:139)
	at org.junit.platform.engine.support.hierarchical.NodeTestTask$$Lambda$179/195615004.execute(Unknown Source)
	at org.junit.platform.engine.support.hierarchical.ThrowableCollector.execute(ThrowableCollector.java:73)
	at org.junit.platform.engine.support.hierarchical.NodeTestTask.lambda$executeRecursively$7(NodeTestTask.java:125)
	at org.junit.platform.engine.support.hierarchical.NodeTestTask$$Lambda$178/1890627974.invoke(Unknown Source)
	at org.junit.platform.engine.support.hierarchical.Node.around(Node.java:135)
	at org.junit.platform.engine.support.hierarchical.NodeTestTask.lambda$executeRecursively$8(NodeTestTask.java:123)
	at org.junit.platform.engine.support.hierarchical.NodeTestTask$$Lambda$177/231977479.execute(Unknown Source)
	at org.junit.platform.engine.support.hierarchical.ThrowableCollector.execute(ThrowableCollector.java:73)
	at org.junit.platform.engine.support.hierarchical.NodeTestTask.executeRecursively(NodeTestTask.java:122)
	at org.junit.platform.engine.support.hierarchical.NodeTestTask.execute(NodeTestTask.java:80)
	at org.junit.platform.engine.support.hierarchical.SameThreadHierarchicalTestExecutorService$$Lambda$183/1381713434.accept(Unknown Source)
	at java.util.ArrayList.forEach(ArrayList.java:1249)
	at org.junit.platform.engine.support.hierarchical.SameThreadHierarchicalTestExecutorService.invokeAll(SameThreadHierarchicalTestExecutorService.java:38)
	at org.junit.platform.engine.support.hierarchical.NodeTestTask.lambda$executeRecursively$5(NodeTestTask.java:139)
	at org.junit.platform.engine.support.hierarchical.NodeTestTask$$Lambda$179/195615004.execute(Unknown Source)
	at org.junit.platform.engine.support.hierarchical.ThrowableCollector.execute(ThrowableCollector.java:73)
	at org.junit.platform.engine.support.hierarchical.NodeTestTask.lambda$executeRecursively$7(NodeTestTask.java:125)
	at org.junit.platform.engine.support.hierarchical.NodeTestTask$$Lambda$178/1890627974.invoke(Unknown Source)
	at org.junit.platform.engine.support.hierarchical.Node.around(Node.java:135)
	at org.junit.platform.engine.support.hierarchical.NodeTestTask.lambda$executeRecursively$8(NodeTestTask.java:123)
	at org.junit.platform.engine.support.hierarchical.NodeTestTask$$Lambda$177/231977479.execute(Unknown Source)
	at org.junit.platform.engine.support.hierarchical.ThrowableCollector.execute(ThrowableCollector.java:73)
	at org.junit.platform.engine.support.hierarchical.NodeTestTask.executeRecursively(NodeTestTask.java:122)
	at org.junit.platform.engine.support.hierarchical.NodeTestTask.execute(NodeTestTask.java:80)
	at org.junit.platform.engine.support.hierarchical.SameThreadHierarchicalTestExecutorService.submit(SameThreadHierarchicalTestExecutorService.java:32)
	at org.junit.platform.engine.support.hierarchical.HierarchicalTestExecutor.execute(HierarchicalTestExecutor.java:57)
	at org.junit.platform.engine.support.hierarchical.HierarchicalTestEngine.execute(HierarchicalTestEngine.java:51)
	at org.junit.platform.launcher.core.DefaultLauncher.execute(DefaultLauncher.java:248)
	at org.junit.platform.launcher.core.DefaultLauncher.lambda$execute$5(DefaultLauncher.java:211)
	at org.junit.platform.launcher.core.DefaultLauncher$$Lambda$143/233996206.accept(Unknown Source)
	at org.junit.platform.launcher.core.DefaultLauncher.withInterceptedStreams(DefaultLauncher.java:226)
	at org.junit.platform.launcher.core.DefaultLauncher.execute(DefaultLauncher.java:199)
	at org.junit.platform.launcher.core.DefaultLauncher.execute(DefaultLauncher.java:132)
	at org.apache.maven.surefire.junitplatform.JUnitPlatformProvider.invokeAllTests(JUnitPlatformProvider.java:142)
	at org.apache.maven.surefire.junitplatform.JUnitPlatformProvider.invoke(JUnitPlatformProvider.java:113)
	at org.apache.maven.surefire.booter.ForkedBooter.invokeProviderInSameClassLoader(ForkedBooter.java:384)
	at org.apache.maven.surefire.booter.ForkedBooter.runSuitesInProcess(ForkedBooter.java:345)
	at org.apache.maven.surefire.booter.ForkedBooter.execute(ForkedBooter.java:126)
	at org.apache.maven.surefire.booter.ForkedBooter.main(ForkedBooter.java:418)
2021-11-08 11:17:55,999 [myid:] - INFO  [main:FourLetterWordMain@94] - connecting to 127.0.0.1 30167
2021-11-08 11:17:55,999 [myid:1] - WARN  [nioEventLoopGroup-79-3:NettyServerCnxnFactory$CnxnChannelHandler@231] - Zookeeper server is not running, close the connection before starting the TLS handshake
2021-11-08 11:17:56,015 [myid:] - INFO  [main:ClientBase@267] - server 127.0.0.1:30167 not up
java.net.SocketException: Software caused connection abort: recv failed
	at java.net.SocketInputStream.socketRead0(Native Method)
	at java.net.SocketInputStream.read(SocketInputStream.java:150)
	at java.net.SocketInputStream.read(SocketInputStream.java:121)
	at sun.nio.cs.StreamDecoder.readBytes(StreamDecoder.java:284)
	at sun.nio.cs.StreamDecoder.implRead(StreamDecoder.java:326)
	at sun.nio.cs.StreamDecoder.read(StreamDecoder.java:178)
	at java.io.InputStreamReader.read(InputStreamReader.java:184)
	at java.io.BufferedReader.fill(BufferedReader.java:161)
	at java.io.BufferedReader.readLine(BufferedReader.java:324)
	at java.io.BufferedReader.readLine(BufferedReader.java:389)
	at org.apache.zookeeper.client.FourLetterWordMain.send4LetterWord(FourLetterWordMain.java:129)
	at org.apache.zookeeper.client.FourLetterWordMain.send4LetterWord(FourLetterWordMain.java:74)
	at org.apache.zookeeper.test.ClientBase.waitForServerUp(ClientBase.java:258)
	at org.apache.zookeeper.test.ClientBase.waitForServerUp(ClientBase.java:249)
	at org.apache.zookeeper.server.quorum.QuorumSSLTest.testHostnameVerification(QuorumSSLTest.java:671)
	at org.apache.zookeeper.server.quorum.QuorumSSLTest.testHostnameVerificationForInvalidMultiAddressServerConfig(QuorumSSLTest.java:620)
	at sun.reflect.NativeMethodAccessorImpl.invoke0(Native Method)
	at sun.reflect.NativeMethodAccessorImpl.invoke(NativeMethodAccessorImpl.java:62)
	at sun.reflect.DelegatingMethodAccessorImpl.invoke(DelegatingMethodAccessorImpl.java:43)
	at java.lang.reflect.Method.invoke(Method.java:483)
	at org.junit.platform.commons.util.ReflectionUtils.invokeMethod(ReflectionUtils.java:686)
	at org.junit.jupiter.engine.execution.MethodInvocation.proceed(MethodInvocation.java:60)
	at org.junit.jupiter.engine.execution.InvocationInterceptorChain$ValidatingInvocation.proceed(InvocationInterceptorChain.java:131)
	at org.junit.jupiter.engine.extension.TimeoutInvocation.proceed(TimeoutInvocation.java:46)
	at org.junit.jupiter.engine.extension.TimeoutExtension.intercept(TimeoutExtension.java:149)
	at org.junit.jupiter.engine.extension.TimeoutExtension.interceptTestableMethod(TimeoutExtension.java:140)
	at org.junit.jupiter.engine.extension.TimeoutExtension.interceptTestMethod(TimeoutExtension.java:84)
	at org.junit.jupiter.engine.descriptor.TestMethodTestDescriptor$$Lambda$111/1780132728.apply(Unknown Source)
	at org.junit.jupiter.engine.execution.ExecutableInvoker$ReflectiveInterceptorCall.lambda$ofVoidMethod$0(ExecutableInvoker.java:115)
	at org.junit.jupiter.engine.execution.ExecutableInvoker$ReflectiveInterceptorCall$$Lambda$112/1725017993.apply(Unknown Source)
	at org.junit.jupiter.engine.execution.ExecutableInvoker.lambda$invoke$0(ExecutableInvoker.java:105)
	at org.junit.jupiter.engine.execution.ExecutableInvoker$$Lambda$234/64133603.apply(Unknown Source)
	at org.junit.jupiter.engine.execution.InvocationInterceptorChain$InterceptedInvocation.proceed(InvocationInterceptorChain.java:106)
	at org.junit.jupiter.engine.execution.InvocationInterceptorChain.proceed(InvocationInterceptorChain.java:64)
	at org.junit.jupiter.engine.execution.InvocationInterceptorChain.chainAndInvoke(InvocationInterceptorChain.java:45)
	at org.junit.jupiter.engine.execution.InvocationInterceptorChain.invoke(InvocationInterceptorChain.java:37)
	at org.junit.jupiter.engine.execution.ExecutableInvoker.invoke(ExecutableInvoker.java:104)
	at org.junit.jupiter.engine.execution.ExecutableInvoker.invoke(ExecutableInvoker.java:98)
	at org.junit.jupiter.engine.descriptor.TestMethodTestDescriptor.lambda$invokeTestMethod$6(TestMethodTestDescriptor.java:212)
	at org.junit.jupiter.engine.descriptor.TestMethodTestDescriptor$$Lambda$271/224100622.execute(Unknown Source)
	at org.junit.platform.engine.support.hierarchical.ThrowableCollector.execute(ThrowableCollector.java:73)
	at org.junit.jupiter.engine.descriptor.TestMethodTestDescriptor.invokeTestMethod(TestMethodTestDescriptor.java:208)
	at org.junit.jupiter.engine.descriptor.TestMethodTestDescriptor.execute(TestMethodTestDescriptor.java:137)
	at org.junit.jupiter.engine.descriptor.TestMethodTestDescriptor.execute(TestMethodTestDescriptor.java:71)
	at org.junit.platform.engine.support.hierarchical.NodeTestTask.lambda$executeRecursively$5(NodeTestTask.java:135)
	at org.junit.platform.engine.support.hierarchical.NodeTestTask$$Lambda$179/195615004.execute(Unknown Source)
	at org.junit.platform.engine.support.hierarchical.ThrowableCollector.execute(ThrowableCollector.java:73)
	at org.junit.platform.engine.support.hierarchical.NodeTestTask.lambda$executeRecursively$7(NodeTestTask.java:125)
	at org.junit.platform.engine.support.hierarchical.NodeTestTask$$Lambda$178/1890627974.invoke(Unknown Source)
	at org.junit.platform.engine.support.hierarchical.Node.around(Node.java:135)
	at org.junit.platform.engine.support.hierarchical.NodeTestTask.lambda$executeRecursively$8(NodeTestTask.java:123)
	at org.junit.platform.engine.support.hierarchical.NodeTestTask$$Lambda$177/231977479.execute(Unknown Source)
	at org.junit.platform.engine.support.hierarchical.ThrowableCollector.execute(ThrowableCollector.java:73)
	at org.junit.platform.engine.support.hierarchical.NodeTestTask.executeRecursively(NodeTestTask.java:122)
	at org.junit.platform.engine.support.hierarchical.NodeTestTask.execute(NodeTestTask.java:80)
	at org.junit.platform.engine.support.hierarchical.SameThreadHierarchicalTestExecutorService$$Lambda$183/1381713434.accept(Unknown Source)
	at java.util.ArrayList.forEach(ArrayList.java:1249)
	at org.junit.platform.engine.support.hierarchical.SameThreadHierarchicalTestExecutorService.invokeAll(SameThreadHierarchicalTestExecutorService.java:38)
	at org.junit.platform.engine.support.hierarchical.NodeTestTask.lambda$executeRecursively$5(NodeTestTask.java:139)
	at org.junit.platform.engine.support.hierarchical.NodeTestTask$$Lambda$179/195615004.execute(Unknown Source)
	at org.junit.platform.engine.support.hierarchical.ThrowableCollector.execute(ThrowableCollector.java:73)
	at org.junit.platform.engine.support.hierarchical.NodeTestTask.lambda$executeRecursively$7(NodeTestTask.java:125)
	at org.junit.platform.engine.support.hierarchical.NodeTestTask$$Lambda$178/1890627974.invoke(Unknown Source)
	at org.junit.platform.engine.support.hierarchical.Node.around(Node.java:135)
	at org.junit.platform.engine.support.hierarchical.NodeTestTask.lambda$executeRecursively$8(NodeTestTask.java:123)
	at org.junit.platform.engine.support.hierarchical.NodeTestTask$$Lambda$177/231977479.execute(Unknown Source)
	at org.junit.platform.engine.support.hierarchical.ThrowableCollector.execute(ThrowableCollector.java:73)
	at org.junit.platform.engine.support.hierarchical.NodeTestTask.executeRecursively(NodeTestTask.java:122)
	at org.junit.platform.engine.support.hierarchical.NodeTestTask.execute(NodeTestTask.java:80)
	at org.junit.platform.engine.support.hierarchical.SameThreadHierarchicalTestExecutorService$$Lambda$183/1381713434.accept(Unknown Source)
	at java.util.ArrayList.forEach(ArrayList.java:1249)
	at org.junit.platform.engine.support.hierarchical.SameThreadHierarchicalTestExecutorService.invokeAll(SameThreadHierarchicalTestExecutorService.java:38)
	at org.junit.platform.engine.support.hierarchical.NodeTestTask.lambda$executeRecursively$5(NodeTestTask.java:139)
	at org.junit.platform.engine.support.hierarchical.NodeTestTask$$Lambda$179/195615004.execute(Unknown Source)
	at org.junit.platform.engine.support.hierarchical.ThrowableCollector.execute(ThrowableCollector.java:73)
	at org.junit.platform.engine.support.hierarchical.NodeTestTask.lambda$executeRecursively$7(NodeTestTask.java:125)
	at org.junit.platform.engine.support.hierarchical.NodeTestTask$$Lambda$178/1890627974.invoke(Unknown Source)
	at org.junit.platform.engine.support.hierarchical.Node.around(Node.java:135)
	at org.junit.platform.engine.support.hierarchical.NodeTestTask.lambda$executeRecursively$8(NodeTestTask.java:123)
	at org.junit.platform.engine.support.hierarchical.NodeTestTask$$Lambda$177/231977479.execute(Unknown Source)
	at org.junit.platform.engine.support.hierarchical.ThrowableCollector.execute(ThrowableCollector.java:73)
	at org.junit.platform.engine.support.hierarchical.NodeTestTask.executeRecursively(NodeTestTask.java:122)
	at org.junit.platform.engine.support.hierarchical.NodeTestTask.execute(NodeTestTask.java:80)
	at org.junit.platform.engine.support.hierarchical.SameThreadHierarchicalTestExecutorService.submit(SameThreadHierarchicalTestExecutorService.java:32)
	at org.junit.platform.engine.support.hierarchical.HierarchicalTestExecutor.execute(HierarchicalTestExecutor.java:57)
	at org.junit.platform.engine.support.hierarchical.HierarchicalTestEngine.execute(HierarchicalTestEngine.java:51)
	at org.junit.platform.launcher.core.DefaultLauncher.execute(DefaultLauncher.java:248)
	at org.junit.platform.launcher.core.DefaultLauncher.lambda$execute$5(DefaultLauncher.java:211)
	at org.junit.platform.launcher.core.DefaultLauncher$$Lambda$143/233996206.accept(Unknown Source)
	at org.junit.platform.launcher.core.DefaultLauncher.withInterceptedStreams(DefaultLauncher.java:226)
	at org.junit.platform.launcher.core.DefaultLauncher.execute(DefaultLauncher.java:199)
	at org.junit.platform.launcher.core.DefaultLauncher.execute(DefaultLauncher.java:132)
	at org.apache.maven.surefire.junitplatform.JUnitPlatformProvider.invokeAllTests(JUnitPlatformProvider.java:142)
	at org.apache.maven.surefire.junitplatform.JUnitPlatformProvider.invoke(JUnitPlatformProvider.java:113)
	at org.apache.maven.surefire.booter.ForkedBooter.invokeProviderInSameClassLoader(ForkedBooter.java:384)
	at org.apache.maven.surefire.booter.ForkedBooter.runSuitesInProcess(ForkedBooter.java:345)
	at org.apache.maven.surefire.booter.ForkedBooter.execute(ForkedBooter.java:126)
	at org.apache.maven.surefire.booter.ForkedBooter.main(ForkedBooter.java:418)
2021-11-08 11:17:56,279 [myid:] - INFO  [main:FourLetterWordMain@94] - connecting to 127.0.0.1 30167
2021-11-08 11:17:56,280 [myid:1] - WARN  [nioEventLoopGroup-79-4:NettyServerCnxnFactory$CnxnChannelHandler@231] - Zookeeper server is not running, close the connection before starting the TLS handshake
2021-11-08 11:17:56,531 [myid:] - INFO  [main:FourLetterWordMain@94] - connecting to 127.0.0.1 30167
2021-11-08 11:17:56,531 [myid:1] - WARN  [nioEventLoopGroup-79-5:NettyServerCnxnFactory$CnxnChannelHandler@231] - Zookeeper server is not running, close the connection before starting the TLS handshake
2021-11-08 11:17:56,795 [myid:] - INFO  [main:FourLetterWordMain@94] - connecting to 127.0.0.1 30167
2021-11-08 11:17:56,797 [myid:1] - WARN  [nioEventLoopGroup-79-6:NettyServerCnxnFactory$CnxnChannelHandler@231] - Zookeeper server is not running, close the connection before starting the TLS handshake
2021-11-08 11:17:57,058 [myid:] - INFO  [main:FourLetterWordMain@94] - connecting to 127.0.0.1 30167
2021-11-08 11:17:57,058 [myid:1] - WARN  [nioEventLoopGroup-79-7:NettyServerCnxnFactory$CnxnChannelHandler@231] - Zookeeper server is not running, close the connection before starting the TLS handshake
2021-11-08 11:17:57,074 [myid:] - INFO  [main:ClientBase@267] - server 127.0.0.1:30167 not up
java.net.SocketException: Software caused connection abort: recv failed
	at java.net.SocketInputStream.socketRead0(Native Method)
	at java.net.SocketInputStream.read(SocketInputStream.java:150)
	at java.net.SocketInputStream.read(SocketInputStream.java:121)
	at sun.nio.cs.StreamDecoder.readBytes(StreamDecoder.java:284)
	at sun.nio.cs.StreamDecoder.implRead(StreamDecoder.java:326)
	at sun.nio.cs.StreamDecoder.read(StreamDecoder.java:178)
	at java.io.InputStreamReader.read(InputStreamReader.java:184)
	at java.io.BufferedReader.fill(BufferedReader.java:161)
	at java.io.BufferedReader.readLine(BufferedReader.java:324)
	at java.io.BufferedReader.readLine(BufferedReader.java:389)
	at org.apache.zookeeper.client.FourLetterWordMain.send4LetterWord(FourLetterWordMain.java:129)
	at org.apache.zookeeper.client.FourLetterWordMain.send4LetterWord(FourLetterWordMain.java:74)
	at org.apache.zookeeper.test.ClientBase.waitForServerUp(ClientBase.java:258)
	at org.apache.zookeeper.test.ClientBase.waitForServerUp(ClientBase.java:249)
	at org.apache.zookeeper.server.quorum.QuorumSSLTest.testHostnameVerification(QuorumSSLTest.java:671)
	at org.apache.zookeeper.server.quorum.QuorumSSLTest.testHostnameVerificationForInvalidMultiAddressServerConfig(QuorumSSLTest.java:620)
	at sun.reflect.NativeMethodAccessorImpl.invoke0(Native Method)
	at sun.reflect.NativeMethodAccessorImpl.invoke(NativeMethodAccessorImpl.java:62)
	at sun.reflect.DelegatingMethodAccessorImpl.invoke(DelegatingMethodAccessorImpl.java:43)
	at java.lang.reflect.Method.invoke(Method.java:483)
	at org.junit.platform.commons.util.ReflectionUtils.invokeMethod(ReflectionUtils.java:686)
	at org.junit.jupiter.engine.execution.MethodInvocation.proceed(MethodInvocation.java:60)
	at org.junit.jupiter.engine.execution.InvocationInterceptorChain$ValidatingInvocation.proceed(InvocationInterceptorChain.java:131)
	at org.junit.jupiter.engine.extension.TimeoutInvocation.proceed(TimeoutInvocation.java:46)
	at org.junit.jupiter.engine.extension.TimeoutExtension.intercept(TimeoutExtension.java:149)
	at org.junit.jupiter.engine.extension.TimeoutExtension.interceptTestableMethod(TimeoutExtension.java:140)
	at org.junit.jupiter.engine.extension.TimeoutExtension.interceptTestMethod(TimeoutExtension.java:84)
	at org.junit.jupiter.engine.descriptor.TestMethodTestDescriptor$$Lambda$111/1780132728.apply(Unknown Source)
	at org.junit.jupiter.engine.execution.ExecutableInvoker$ReflectiveInterceptorCall.lambda$ofVoidMethod$0(ExecutableInvoker.java:115)
	at org.junit.jupiter.engine.execution.ExecutableInvoker$ReflectiveInterceptorCall$$Lambda$112/1725017993.apply(Unknown Source)
	at org.junit.jupiter.engine.execution.ExecutableInvoker.lambda$invoke$0(ExecutableInvoker.java:105)
	at org.junit.jupiter.engine.execution.ExecutableInvoker$$Lambda$234/64133603.apply(Unknown Source)
	at org.junit.jupiter.engine.execution.InvocationInterceptorChain$InterceptedInvocation.proceed(InvocationInterceptorChain.java:106)
	at org.junit.jupiter.engine.execution.InvocationInterceptorChain.proceed(InvocationInterceptorChain.java:64)
	at org.junit.jupiter.engine.execution.InvocationInterceptorChain.chainAndInvoke(InvocationInterceptorChain.java:45)
	at org.junit.jupiter.engine.execution.InvocationInterceptorChain.invoke(InvocationInterceptorChain.java:37)
	at org.junit.jupiter.engine.execution.ExecutableInvoker.invoke(ExecutableInvoker.java:104)
	at org.junit.jupiter.engine.execution.ExecutableInvoker.invoke(ExecutableInvoker.java:98)
	at org.junit.jupiter.engine.descriptor.TestMethodTestDescriptor.lambda$invokeTestMethod$6(TestMethodTestDescriptor.java:212)
	at org.junit.jupiter.engine.descriptor.TestMethodTestDescriptor$$Lambda$271/224100622.execute(Unknown Source)
	at org.junit.platform.engine.support.hierarchical.ThrowableCollector.execute(ThrowableCollector.java:73)
	at org.junit.jupiter.engine.descriptor.TestMethodTestDescriptor.invokeTestMethod(TestMethodTestDescriptor.java:208)
	at org.junit.jupiter.engine.descriptor.TestMethodTestDescriptor.execute(TestMethodTestDescriptor.java:137)
	at org.junit.jupiter.engine.descriptor.TestMethodTestDescriptor.execute(TestMethodTestDescriptor.java:71)
	at org.junit.platform.engine.support.hierarchical.NodeTestTask.lambda$executeRecursively$5(NodeTestTask.java:135)
	at org.junit.platform.engine.support.hierarchical.NodeTestTask$$Lambda$179/195615004.execute(Unknown Source)
	at org.junit.platform.engine.support.hierarchical.ThrowableCollector.execute(ThrowableCollector.java:73)
	at org.junit.platform.engine.support.hierarchical.NodeTestTask.lambda$executeRecursively$7(NodeTestTask.java:125)
	at org.junit.platform.engine.support.hierarchical.NodeTestTask$$Lambda$178/1890627974.invoke(Unknown Source)
	at org.junit.platform.engine.support.hierarchical.Node.around(Node.java:135)
	at org.junit.platform.engine.support.hierarchical.NodeTestTask.lambda$executeRecursively$8(NodeTestTask.java:123)
	at org.junit.platform.engine.support.hierarchical.NodeTestTask$$Lambda$177/231977479.execute(Unknown Source)
	at org.junit.platform.engine.support.hierarchical.ThrowableCollector.execute(ThrowableCollector.java:73)
	at org.junit.platform.engine.support.hierarchical.NodeTestTask.executeRecursively(NodeTestTask.java:122)
	at org.junit.platform.engine.support.hierarchical.NodeTestTask.execute(NodeTestTask.java:80)
	at org.junit.platform.engine.support.hierarchical.SameThreadHierarchicalTestExecutorService$$Lambda$183/1381713434.accept(Unknown Source)
	at java.util.ArrayList.forEach(ArrayList.java:1249)
	at org.junit.platform.engine.support.hierarchical.SameThreadHierarchicalTestExecutorService.invokeAll(SameThreadHierarchicalTestExecutorService.java:38)
	at org.junit.platform.engine.support.hierarchical.NodeTestTask.lambda$executeRecursively$5(NodeTestTask.java:139)
	at org.junit.platform.engine.support.hierarchical.NodeTestTask$$Lambda$179/195615004.execute(Unknown Source)
	at org.junit.platform.engine.support.hierarchical.ThrowableCollector.execute(ThrowableCollector.java:73)
	at org.junit.platform.engine.support.hierarchical.NodeTestTask.lambda$executeRecursively$7(NodeTestTask.java:125)
	at org.junit.platform.engine.support.hierarchical.NodeTestTask$$Lambda$178/1890627974.invoke(Unknown Source)
	at org.junit.platform.engine.support.hierarchical.Node.around(Node.java:135)
	at org.junit.platform.engine.support.hierarchical.NodeTestTask.lambda$executeRecursively$8(NodeTestTask.java:123)
	at org.junit.platform.engine.support.hierarchical.NodeTestTask$$Lambda$177/231977479.execute(Unknown Source)
	at org.junit.platform.engine.support.hierarchical.ThrowableCollector.execute(ThrowableCollector.java:73)
	at org.junit.platform.engine.support.hierarchical.NodeTestTask.executeRecursively(NodeTestTask.java:122)
	at org.junit.platform.engine.support.hierarchical.NodeTestTask.execute(NodeTestTask.java:80)
	at org.junit.platform.engine.support.hierarchical.SameThreadHierarchicalTestExecutorService$$Lambda$183/1381713434.accept(Unknown Source)
	at java.util.ArrayList.forEach(ArrayList.java:1249)
	at org.junit.platform.engine.support.hierarchical.SameThreadHierarchicalTestExecutorService.invokeAll(SameThreadHierarchicalTestExecutorService.java:38)
	at org.junit.platform.engine.support.hierarchical.NodeTestTask.lambda$executeRecursively$5(NodeTestTask.java:139)
	at org.junit.platform.engine.support.hierarchical.NodeTestTask$$Lambda$179/195615004.execute(Unknown Source)
	at org.junit.platform.engine.support.hierarchical.ThrowableCollector.execute(ThrowableCollector.java:73)
	at org.junit.platform.engine.support.hierarchical.NodeTestTask.lambda$executeRecursively$7(NodeTestTask.java:125)
	at org.junit.platform.engine.support.hierarchical.NodeTestTask$$Lambda$178/1890627974.invoke(Unknown Source)
	at org.junit.platform.engine.support.hierarchical.Node.around(Node.java:135)
	at org.junit.platform.engine.support.hierarchical.NodeTestTask.lambda$executeRecursively$8(NodeTestTask.java:123)
	at org.junit.platform.engine.support.hierarchical.NodeTestTask$$Lambda$177/231977479.execute(Unknown Source)
	at org.junit.platform.engine.support.hierarchical.ThrowableCollector.execute(ThrowableCollector.java:73)
	at org.junit.platform.engine.support.hierarchical.NodeTestTask.executeRecursively(NodeTestTask.java:122)
	at org.junit.platform.engine.support.hierarchical.NodeTestTask.execute(NodeTestTask.java:80)
	at org.junit.platform.engine.support.hierarchical.SameThreadHierarchicalTestExecutorService.submit(SameThreadHierarchicalTestExecutorService.java:32)
	at org.junit.platform.engine.support.hierarchical.HierarchicalTestExecutor.execute(HierarchicalTestExecutor.java:57)
	at org.junit.platform.engine.support.hierarchical.HierarchicalTestEngine.execute(HierarchicalTestEngine.java:51)
	at org.junit.platform.launcher.core.DefaultLauncher.execute(DefaultLauncher.java:248)
	at org.junit.platform.launcher.core.DefaultLauncher.lambda$execute$5(DefaultLauncher.java:211)
	at org.junit.platform.launcher.core.DefaultLauncher$$Lambda$143/233996206.accept(Unknown Source)
	at org.junit.platform.launcher.core.DefaultLauncher.withInterceptedStreams(DefaultLauncher.java:226)
	at org.junit.platform.launcher.core.DefaultLauncher.execute(DefaultLauncher.java:199)
	at org.junit.platform.launcher.core.DefaultLauncher.execute(DefaultLauncher.java:132)
	at org.apache.maven.surefire.junitplatform.JUnitPlatformProvider.invokeAllTests(JUnitPlatformProvider.java:142)
	at org.apache.maven.surefire.junitplatform.JUnitPlatformProvider.invoke(JUnitPlatformProvider.java:113)
	at org.apache.maven.surefire.booter.ForkedBooter.invokeProviderInSameClassLoader(ForkedBooter.java:384)
	at org.apache.maven.surefire.booter.ForkedBooter.runSuitesInProcess(ForkedBooter.java:345)
	at org.apache.maven.surefire.booter.ForkedBooter.execute(ForkedBooter.java:126)
	at org.apache.maven.surefire.booter.ForkedBooter.main(ForkedBooter.java:418)
2021-11-08 11:17:57,338 [myid:] - INFO  [main:FourLetterWordMain@94] - connecting to 127.0.0.1 30167
2021-11-08 11:17:57,339 [myid:1] - WARN  [nioEventLoopGroup-79-8:NettyServerCnxnFactory$CnxnChannelHandler@231] - Zookeeper server is not running, close the connection before starting the TLS handshake
2021-11-08 11:17:57,603 [myid:] - INFO  [main:FourLetterWordMain@94] - connecting to 127.0.0.1 30167
2021-11-08 11:17:57,603 [myid:1] - WARN  [nioEventLoopGroup-79-9:NettyServerCnxnFactory$CnxnChannelHandler@231] - Zookeeper server is not running, close the connection before starting the TLS handshake
2021-11-08 11:17:57,867 [myid:] - INFO  [main:FourLetterWordMain@94] - connecting to 127.0.0.1 30167
2021-11-08 11:17:57,868 [myid:1] - WARN  [nioEventLoopGroup-79-10:NettyServerCnxnFactory$CnxnChannelHandler@231] - Zookeeper server is not running, close the connection before starting the TLS handshake
2021-11-08 11:17:57,883 [myid:] - INFO  [main:ClientBase@267] - server 127.0.0.1:30167 not up
java.net.SocketException: Software caused connection abort: recv failed
	at java.net.SocketInputStream.socketRead0(Native Method)
	at java.net.SocketInputStream.read(SocketInputStream.java:150)
	at java.net.SocketInputStream.read(SocketInputStream.java:121)
	at sun.nio.cs.StreamDecoder.readBytes(StreamDecoder.java:284)
	at sun.nio.cs.StreamDecoder.implRead(StreamDecoder.java:326)
	at sun.nio.cs.StreamDecoder.read(StreamDecoder.java:178)
	at java.io.InputStreamReader.read(InputStreamReader.java:184)
	at java.io.BufferedReader.fill(BufferedReader.java:161)
	at java.io.BufferedReader.readLine(BufferedReader.java:324)
	at java.io.BufferedReader.readLine(BufferedReader.java:389)
	at org.apache.zookeeper.client.FourLetterWordMain.send4LetterWord(FourLetterWordMain.java:129)
	at org.apache.zookeeper.client.FourLetterWordMain.send4LetterWord(FourLetterWordMain.java:74)
	at org.apache.zookeeper.test.ClientBase.waitForServerUp(ClientBase.java:258)
	at org.apache.zookeeper.test.ClientBase.waitForServerUp(ClientBase.java:249)
	at org.apache.zookeeper.server.quorum.QuorumSSLTest.testHostnameVerification(QuorumSSLTest.java:671)
	at org.apache.zookeeper.server.quorum.QuorumSSLTest.testHostnameVerificationForInvalidMultiAddressServerConfig(QuorumSSLTest.java:620)
	at sun.reflect.NativeMethodAccessorImpl.invoke0(Native Method)
	at sun.reflect.NativeMethodAccessorImpl.invoke(NativeMethodAccessorImpl.java:62)
	at sun.reflect.DelegatingMethodAccessorImpl.invoke(DelegatingMethodAccessorImpl.java:43)
	at java.lang.reflect.Method.invoke(Method.java:483)
	at org.junit.platform.commons.util.ReflectionUtils.invokeMethod(ReflectionUtils.java:686)
	at org.junit.jupiter.engine.execution.MethodInvocation.proceed(MethodInvocation.java:60)
	at org.junit.jupiter.engine.execution.InvocationInterceptorChain$ValidatingInvocation.proceed(InvocationInterceptorChain.java:131)
	at org.junit.jupiter.engine.extension.TimeoutInvocation.proceed(TimeoutInvocation.java:46)
	at org.junit.jupiter.engine.extension.TimeoutExtension.intercept(TimeoutExtension.java:149)
	at org.junit.jupiter.engine.extension.TimeoutExtension.interceptTestableMethod(TimeoutExtension.java:140)
	at org.junit.jupiter.engine.extension.TimeoutExtension.interceptTestMethod(TimeoutExtension.java:84)
	at org.junit.jupiter.engine.descriptor.TestMethodTestDescriptor$$Lambda$111/1780132728.apply(Unknown Source)
	at org.junit.jupiter.engine.execution.ExecutableInvoker$ReflectiveInterceptorCall.lambda$ofVoidMethod$0(ExecutableInvoker.java:115)
	at org.junit.jupiter.engine.execution.ExecutableInvoker$ReflectiveInterceptorCall$$Lambda$112/1725017993.apply(Unknown Source)
	at org.junit.jupiter.engine.execution.ExecutableInvoker.lambda$invoke$0(ExecutableInvoker.java:105)
	at org.junit.jupiter.engine.execution.ExecutableInvoker$$Lambda$234/64133603.apply(Unknown Source)
	at org.junit.jupiter.engine.execution.InvocationInterceptorChain$InterceptedInvocation.proceed(InvocationInterceptorChain.java:106)
	at org.junit.jupiter.engine.execution.InvocationInterceptorChain.proceed(InvocationInterceptorChain.java:64)
	at org.junit.jupiter.engine.execution.InvocationInterceptorChain.chainAndInvoke(InvocationInterceptorChain.java:45)
	at org.junit.jupiter.engine.execution.InvocationInterceptorChain.invoke(InvocationInterceptorChain.java:37)
	at org.junit.jupiter.engine.execution.ExecutableInvoker.invoke(ExecutableInvoker.java:104)
	at org.junit.jupiter.engine.execution.ExecutableInvoker.invoke(ExecutableInvoker.java:98)
	at org.junit.jupiter.engine.descriptor.TestMethodTestDescriptor.lambda$invokeTestMethod$6(TestMethodTestDescriptor.java:212)
	at org.junit.jupiter.engine.descriptor.TestMethodTestDescriptor$$Lambda$271/224100622.execute(Unknown Source)
	at org.junit.platform.engine.support.hierarchical.ThrowableCollector.execute(ThrowableCollector.java:73)
	at org.junit.jupiter.engine.descriptor.TestMethodTestDescriptor.invokeTestMethod(TestMethodTestDescriptor.java:208)
	at org.junit.jupiter.engine.descriptor.TestMethodTestDescriptor.execute(TestMethodTestDescriptor.java:137)
	at org.junit.jupiter.engine.descriptor.TestMethodTestDescriptor.execute(TestMethodTestDescriptor.java:71)
	at org.junit.platform.engine.support.hierarchical.NodeTestTask.lambda$executeRecursively$5(NodeTestTask.java:135)
	at org.junit.platform.engine.support.hierarchical.NodeTestTask$$Lambda$179/195615004.execute(Unknown Source)
	at org.junit.platform.engine.support.hierarchical.ThrowableCollector.execute(ThrowableCollector.java:73)
	at org.junit.platform.engine.support.hierarchical.NodeTestTask.lambda$executeRecursively$7(NodeTestTask.java:125)
	at org.junit.platform.engine.support.hierarchical.NodeTestTask$$Lambda$178/1890627974.invoke(Unknown Source)
	at org.junit.platform.engine.support.hierarchical.Node.around(Node.java:135)
	at org.junit.platform.engine.support.hierarchical.NodeTestTask.lambda$executeRecursively$8(NodeTestTask.java:123)
	at org.junit.platform.engine.support.hierarchical.NodeTestTask$$Lambda$177/231977479.execute(Unknown Source)
	at org.junit.platform.engine.support.hierarchical.ThrowableCollector.execute(ThrowableCollector.java:73)
	at org.junit.platform.engine.support.hierarchical.NodeTestTask.executeRecursively(NodeTestTask.java:122)
	at org.junit.platform.engine.support.hierarchical.NodeTestTask.execute(NodeTestTask.java:80)
	at org.junit.platform.engine.support.hierarchical.SameThreadHierarchicalTestExecutorService$$Lambda$183/1381713434.accept(Unknown Source)
	at java.util.ArrayList.forEach(ArrayList.java:1249)
	at org.junit.platform.engine.support.hierarchical.SameThreadHierarchicalTestExecutorService.invokeAll(SameThreadHierarchicalTestExecutorService.java:38)
	at org.junit.platform.engine.support.hierarchical.NodeTestTask.lambda$executeRecursively$5(NodeTestTask.java:139)
	at org.junit.platform.engine.support.hierarchical.NodeTestTask$$Lambda$179/195615004.execute(Unknown Source)
	at org.junit.platform.engine.support.hierarchical.ThrowableCollector.execute(ThrowableCollector.java:73)
	at org.junit.platform.engine.support.hierarchical.NodeTestTask.lambda$executeRecursively$7(NodeTestTask.java:125)
	at org.junit.platform.engine.support.hierarchical.NodeTestTask$$Lambda$178/1890627974.invoke(Unknown Source)
	at org.junit.platform.engine.support.hierarchical.Node.around(Node.java:135)
	at org.junit.platform.engine.support.hierarchical.NodeTestTask.lambda$executeRecursively$8(NodeTestTask.java:123)
	at org.junit.platform.engine.support.hierarchical.NodeTestTask$$Lambda$177/231977479.execute(Unknown Source)
	at org.junit.platform.engine.support.hierarchical.ThrowableCollector.execute(ThrowableCollector.java:73)
	at org.junit.platform.engine.support.hierarchical.NodeTestTask.executeRecursively(NodeTestTask.java:122)
	at org.junit.platform.engine.support.hierarchical.NodeTestTask.execute(NodeTestTask.java:80)
	at org.junit.platform.engine.support.hierarchical.SameThreadHierarchicalTestExecutorService$$Lambda$183/1381713434.accept(Unknown Source)
	at java.util.ArrayList.forEach(ArrayList.java:1249)
	at org.junit.platform.engine.support.hierarchical.SameThreadHierarchicalTestExecutorService.invokeAll(SameThreadHierarchicalTestExecutorService.java:38)
	at org.junit.platform.engine.support.hierarchical.NodeTestTask.lambda$executeRecursively$5(NodeTestTask.java:139)
	at org.junit.platform.engine.support.hierarchical.NodeTestTask$$Lambda$179/195615004.execute(Unknown Source)
	at org.junit.platform.engine.support.hierarchical.ThrowableCollector.execute(ThrowableCollector.java:73)
	at org.junit.platform.engine.support.hierarchical.NodeTestTask.lambda$executeRecursively$7(NodeTestTask.java:125)
	at org.junit.platform.engine.support.hierarchical.NodeTestTask$$Lambda$178/1890627974.invoke(Unknown Source)
	at org.junit.platform.engine.support.hierarchical.Node.around(Node.java:135)
	at org.junit.platform.engine.support.hierarchical.NodeTestTask.lambda$executeRecursively$8(NodeTestTask.java:123)
	at org.junit.platform.engine.support.hierarchical.NodeTestTask$$Lambda$177/231977479.execute(Unknown Source)
	at org.junit.platform.engine.support.hierarchical.ThrowableCollector.execute(ThrowableCollector.java:73)
	at org.junit.platform.engine.support.hierarchical.NodeTestTask.executeRecursively(NodeTestTask.java:122)
	at org.junit.platform.engine.support.hierarchical.NodeTestTask.execute(NodeTestTask.java:80)
	at org.junit.platform.engine.support.hierarchical.SameThreadHierarchicalTestExecutorService.submit(SameThreadHierarchicalTestExecutorService.java:32)
	at org.junit.platform.engine.support.hierarchical.HierarchicalTestExecutor.execute(HierarchicalTestExecutor.java:57)
	at org.junit.platform.engine.support.hierarchical.HierarchicalTestEngine.execute(HierarchicalTestEngine.java:51)
	at org.junit.platform.launcher.core.DefaultLauncher.execute(DefaultLauncher.java:248)
	at org.junit.platform.launcher.core.DefaultLauncher.lambda$execute$5(DefaultLauncher.java:211)
	at org.junit.platform.launcher.core.DefaultLauncher$$Lambda$143/233996206.accept(Unknown Source)
	at org.junit.platform.launcher.core.DefaultLauncher.withInterceptedStreams(DefaultLauncher.java:226)
	at org.junit.platform.launcher.core.DefaultLauncher.execute(DefaultLauncher.java:199)
	at org.junit.platform.launcher.core.DefaultLauncher.execute(DefaultLauncher.java:132)
	at org.apache.maven.surefire.junitplatform.JUnitPlatformProvider.invokeAllTests(JUnitPlatformProvider.java:142)
	at org.apache.maven.surefire.junitplatform.JUnitPlatformProvider.invoke(JUnitPlatformProvider.java:113)
	at org.apache.maven.surefire.booter.ForkedBooter.invokeProviderInSameClassLoader(ForkedBooter.java:384)
	at org.apache.maven.surefire.booter.ForkedBooter.runSuitesInProcess(ForkedBooter.java:345)
	at org.apache.maven.surefire.booter.ForkedBooter.execute(ForkedBooter.java:126)
	at org.apache.maven.surefire.booter.ForkedBooter.main(ForkedBooter.java:418)
2021-11-08 11:17:58,134 [myid:] - INFO  [main:FourLetterWordMain@94] - connecting to 127.0.0.1 30167
2021-11-08 11:17:58,135 [myid:1] - WARN  [nioEventLoopGroup-79-11:NettyServerCnxnFactory$CnxnChannelHandler@231] - Zookeeper server is not running, close the connection before starting the TLS handshake
2021-11-08 11:17:58,398 [myid:] - INFO  [main:FourLetterWordMain@94] - connecting to 127.0.0.1 30167
2021-11-08 11:17:58,399 [myid:1] - WARN  [nioEventLoopGroup-79-12:NettyServerCnxnFactory$CnxnChannelHandler@231] - Zookeeper server is not running, close the connection before starting the TLS handshake
2021-11-08 11:17:58,663 [myid:] - INFO  [main:FourLetterWordMain@94] - connecting to 127.0.0.1 30167
2021-11-08 11:17:58,663 [myid:1] - WARN  [nioEventLoopGroup-79-1:NettyServerCnxnFactory$CnxnChannelHandler@231] - Zookeeper server is not running, close the connection before starting the TLS handshake
2021-11-08 11:17:58,836 [myid:2] - INFO  [QuorumPeer[myid=2](plain=[0:0:0:0:0:0:0:0]:30168)(secure=disabled):FastLeaderElection@984] - Notification time out: 25600
2021-11-08 11:17:58,840 [myid:1] - INFO  [QuorumPeer[myid=1](plain=[0:0:0:0:0:0:0:0]:30167)(secure=disabled):FastLeaderElection@984] - Notification time out: 25600
2021-11-08 11:17:58,929 [myid:] - INFO  [main:FourLetterWordMain@94] - connecting to 127.0.0.1 30167
2021-11-08 11:17:58,929 [myid:1] - WARN  [nioEventLoopGroup-79-2:NettyServerCnxnFactory$CnxnChannelHandler@231] - Zookeeper server is not running, close the connection before starting the TLS handshake
2021-11-08 11:17:59,180 [myid:] - INFO  [main:FourLetterWordMain@94] - connecting to 127.0.0.1 30167
2021-11-08 11:17:59,181 [myid:1] - WARN  [nioEventLoopGroup-79-3:NettyServerCnxnFactory$CnxnChannelHandler@231] - Zookeeper server is not running, close the connection before starting the TLS handshake
2021-11-08 11:17:59,196 [myid:] - INFO  [main:ClientBase@267] - server 127.0.0.1:30167 not up
java.net.SocketException: Software caused connection abort: recv failed
	at java.net.SocketInputStream.socketRead0(Native Method)
	at java.net.SocketInputStream.read(SocketInputStream.java:150)
	at java.net.SocketInputStream.read(SocketInputStream.java:121)
	at sun.nio.cs.StreamDecoder.readBytes(StreamDecoder.java:284)
	at sun.nio.cs.StreamDecoder.implRead(StreamDecoder.java:326)
	at sun.nio.cs.StreamDecoder.read(StreamDecoder.java:178)
	at java.io.InputStreamReader.read(InputStreamReader.java:184)
	at java.io.BufferedReader.fill(BufferedReader.java:161)
	at java.io.BufferedReader.readLine(BufferedReader.java:324)
	at java.io.BufferedReader.readLine(BufferedReader.java:389)
	at org.apache.zookeeper.client.FourLetterWordMain.send4LetterWord(FourLetterWordMain.java:129)
	at org.apache.zookeeper.client.FourLetterWordMain.send4LetterWord(FourLetterWordMain.java:74)
	at org.apache.zookeeper.test.ClientBase.waitForServerUp(ClientBase.java:258)
	at org.apache.zookeeper.test.ClientBase.waitForServerUp(ClientBase.java:249)
	at org.apache.zookeeper.server.quorum.QuorumSSLTest.testHostnameVerification(QuorumSSLTest.java:671)
	at org.apache.zookeeper.server.quorum.QuorumSSLTest.testHostnameVerificationForInvalidMultiAddressServerConfig(QuorumSSLTest.java:620)
	at sun.reflect.NativeMethodAccessorImpl.invoke0(Native Method)
	at sun.reflect.NativeMethodAccessorImpl.invoke(NativeMethodAccessorImpl.java:62)
	at sun.reflect.DelegatingMethodAccessorImpl.invoke(DelegatingMethodAccessorImpl.java:43)
	at java.lang.reflect.Method.invoke(Method.java:483)
	at org.junit.platform.commons.util.ReflectionUtils.invokeMethod(ReflectionUtils.java:686)
	at org.junit.jupiter.engine.execution.MethodInvocation.proceed(MethodInvocation.java:60)
	at org.junit.jupiter.engine.execution.InvocationInterceptorChain$ValidatingInvocation.proceed(InvocationInterceptorChain.java:131)
	at org.junit.jupiter.engine.extension.TimeoutInvocation.proceed(TimeoutInvocation.java:46)
	at org.junit.jupiter.engine.extension.TimeoutExtension.intercept(TimeoutExtension.java:149)
	at org.junit.jupiter.engine.extension.TimeoutExtension.interceptTestableMethod(TimeoutExtension.java:140)
	at org.junit.jupiter.engine.extension.TimeoutExtension.interceptTestMethod(TimeoutExtension.java:84)
	at org.junit.jupiter.engine.descriptor.TestMethodTestDescriptor$$Lambda$111/1780132728.apply(Unknown Source)
	at org.junit.jupiter.engine.execution.ExecutableInvoker$ReflectiveInterceptorCall.lambda$ofVoidMethod$0(ExecutableInvoker.java:115)
	at org.junit.jupiter.engine.execution.ExecutableInvoker$ReflectiveInterceptorCall$$Lambda$112/1725017993.apply(Unknown Source)
	at org.junit.jupiter.engine.execution.ExecutableInvoker.lambda$invoke$0(ExecutableInvoker.java:105)
	at org.junit.jupiter.engine.execution.ExecutableInvoker$$Lambda$234/64133603.apply(Unknown Source)
	at org.junit.jupiter.engine.execution.InvocationInterceptorChain$InterceptedInvocation.proceed(InvocationInterceptorChain.java:106)
	at org.junit.jupiter.engine.execution.InvocationInterceptorChain.proceed(InvocationInterceptorChain.java:64)
	at org.junit.jupiter.engine.execution.InvocationInterceptorChain.chainAndInvoke(InvocationInterceptorChain.java:45)
	at org.junit.jupiter.engine.execution.InvocationInterceptorChain.invoke(InvocationInterceptorChain.java:37)
	at org.junit.jupiter.engine.execution.ExecutableInvoker.invoke(ExecutableInvoker.java:104)
	at org.junit.jupiter.engine.execution.ExecutableInvoker.invoke(ExecutableInvoker.java:98)
	at org.junit.jupiter.engine.descriptor.TestMethodTestDescriptor.lambda$invokeTestMethod$6(TestMethodTestDescriptor.java:212)
	at org.junit.jupiter.engine.descriptor.TestMethodTestDescriptor$$Lambda$271/224100622.execute(Unknown Source)
	at org.junit.platform.engine.support.hierarchical.ThrowableCollector.execute(ThrowableCollector.java:73)
	at org.junit.jupiter.engine.descriptor.TestMethodTestDescriptor.invokeTestMethod(TestMethodTestDescriptor.java:208)
	at org.junit.jupiter.engine.descriptor.TestMethodTestDescriptor.execute(TestMethodTestDescriptor.java:137)
	at org.junit.jupiter.engine.descriptor.TestMethodTestDescriptor.execute(TestMethodTestDescriptor.java:71)
	at org.junit.platform.engine.support.hierarchical.NodeTestTask.lambda$executeRecursively$5(NodeTestTask.java:135)
	at org.junit.platform.engine.support.hierarchical.NodeTestTask$$Lambda$179/195615004.execute(Unknown Source)
	at org.junit.platform.engine.support.hierarchical.ThrowableCollector.execute(ThrowableCollector.java:73)
	at org.junit.platform.engine.support.hierarchical.NodeTestTask.lambda$executeRecursively$7(NodeTestTask.java:125)
	at org.junit.platform.engine.support.hierarchical.NodeTestTask$$Lambda$178/1890627974.invoke(Unknown Source)
	at org.junit.platform.engine.support.hierarchical.Node.around(Node.java:135)
	at org.junit.platform.engine.support.hierarchical.NodeTestTask.lambda$executeRecursively$8(NodeTestTask.java:123)
	at org.junit.platform.engine.support.hierarchical.NodeTestTask$$Lambda$177/231977479.execute(Unknown Source)
	at org.junit.platform.engine.support.hierarchical.ThrowableCollector.execute(ThrowableCollector.java:73)
	at org.junit.platform.engine.support.hierarchical.NodeTestTask.executeRecursively(NodeTestTask.java:122)
	at org.junit.platform.engine.support.hierarchical.NodeTestTask.execute(NodeTestTask.java:80)
	at org.junit.platform.engine.support.hierarchical.SameThreadHierarchicalTestExecutorService$$Lambda$183/1381713434.accept(Unknown Source)
	at java.util.ArrayList.forEach(ArrayList.java:1249)
	at org.junit.platform.engine.support.hierarchical.SameThreadHierarchicalTestExecutorService.invokeAll(SameThreadHierarchicalTestExecutorService.java:38)
	at org.junit.platform.engine.support.hierarchical.NodeTestTask.lambda$executeRecursively$5(NodeTestTask.java:139)
	at org.junit.platform.engine.support.hierarchical.NodeTestTask$$Lambda$179/195615004.execute(Unknown Source)
	at org.junit.platform.engine.support.hierarchical.ThrowableCollector.execute(ThrowableCollector.java:73)
	at org.junit.platform.engine.support.hierarchical.NodeTestTask.lambda$executeRecursively$7(NodeTestTask.java:125)
	at org.junit.platform.engine.support.hierarchical.NodeTestTask$$Lambda$178/1890627974.invoke(Unknown Source)
	at org.junit.platform.engine.support.hierarchical.Node.around(Node.java:135)
	at org.junit.platform.engine.support.hierarchical.NodeTestTask.lambda$executeRecursively$8(NodeTestTask.java:123)
	at org.junit.platform.engine.support.hierarchical.NodeTestTask$$Lambda$177/231977479.execute(Unknown Source)
	at org.junit.platform.engine.support.hierarchical.ThrowableCollector.execute(ThrowableCollector.java:73)
	at org.junit.platform.engine.support.hierarchical.NodeTestTask.executeRecursively(NodeTestTask.java:122)
	at org.junit.platform.engine.support.hierarchical.NodeTestTask.execute(NodeTestTask.java:80)
	at org.junit.platform.engine.support.hierarchical.SameThreadHierarchicalTestExecutorService$$Lambda$183/1381713434.accept(Unknown Source)
	at java.util.ArrayList.forEach(ArrayList.java:1249)
	at org.junit.platform.engine.support.hierarchical.SameThreadHierarchicalTestExecutorService.invokeAll(SameThreadHierarchicalTestExecutorService.java:38)
	at org.junit.platform.engine.support.hierarchical.NodeTestTask.lambda$executeRecursively$5(NodeTestTask.java:139)
	at org.junit.platform.engine.support.hierarchical.NodeTestTask$$Lambda$179/195615004.execute(Unknown Source)
	at org.junit.platform.engine.support.hierarchical.ThrowableCollector.execute(ThrowableCollector.java:73)
	at org.junit.platform.engine.support.hierarchical.NodeTestTask.lambda$executeRecursively$7(NodeTestTask.java:125)
	at org.junit.platform.engine.support.hierarchical.NodeTestTask$$Lambda$178/1890627974.invoke(Unknown Source)
	at org.junit.platform.engine.support.hierarchical.Node.around(Node.java:135)
	at org.junit.platform.engine.support.hierarchical.NodeTestTask.lambda$executeRecursively$8(NodeTestTask.java:123)
	at org.junit.platform.engine.support.hierarchical.NodeTestTask$$Lambda$177/231977479.execute(Unknown Source)
	at org.junit.platform.engine.support.hierarchical.ThrowableCollector.execute(ThrowableCollector.java:73)
	at org.junit.platform.engine.support.hierarchical.NodeTestTask.executeRecursively(NodeTestTask.java:122)
	at org.junit.platform.engine.support.hierarchical.NodeTestTask.execute(NodeTestTask.java:80)
	at org.junit.platform.engine.support.hierarchical.SameThreadHierarchicalTestExecutorService.submit(SameThreadHierarchicalTestExecutorService.java:32)
	at org.junit.platform.engine.support.hierarchical.HierarchicalTestExecutor.execute(HierarchicalTestExecutor.java:57)
	at org.junit.platform.engine.support.hierarchical.HierarchicalTestEngine.execute(HierarchicalTestEngine.java:51)
	at org.junit.platform.launcher.core.DefaultLauncher.execute(DefaultLauncher.java:248)
	at org.junit.platform.launcher.core.DefaultLauncher.lambda$execute$5(DefaultLauncher.java:211)
	at org.junit.platform.launcher.core.DefaultLauncher$$Lambda$143/233996206.accept(Unknown Source)
	at org.junit.platform.launcher.core.DefaultLauncher.withInterceptedStreams(DefaultLauncher.java:226)
	at org.junit.platform.launcher.core.DefaultLauncher.execute(DefaultLauncher.java:199)
	at org.junit.platform.launcher.core.DefaultLauncher.execute(DefaultLauncher.java:132)
	at org.apache.maven.surefire.junitplatform.JUnitPlatformProvider.invokeAllTests(JUnitPlatformProvider.java:142)
	at org.apache.maven.surefire.junitplatform.JUnitPlatformProvider.invoke(JUnitPlatformProvider.java:113)
	at org.apache.maven.surefire.booter.ForkedBooter.invokeProviderInSameClassLoader(ForkedBooter.java:384)
	at org.apache.maven.surefire.booter.ForkedBooter.runSuitesInProcess(ForkedBooter.java:345)
	at org.apache.maven.surefire.booter.ForkedBooter.execute(ForkedBooter.java:126)
	at org.apache.maven.surefire.booter.ForkedBooter.main(ForkedBooter.java:418)
2021-11-08 11:17:59,461 [myid:] - INFO  [main:FourLetterWordMain@94] - connecting to 127.0.0.1 30167
2021-11-08 11:17:59,461 [myid:1] - WARN  [nioEventLoopGroup-79-4:NettyServerCnxnFactory$CnxnChannelHandler@231] - Zookeeper server is not running, close the connection before starting the TLS handshake
2021-11-08 11:17:59,725 [myid:] - INFO  [main:FourLetterWordMain@94] - connecting to 127.0.0.1 30167
2021-11-08 11:17:59,725 [myid:1] - WARN  [nioEventLoopGroup-79-5:NettyServerCnxnFactory$CnxnChannelHandler@231] - Zookeeper server is not running, close the connection before starting the TLS handshake
2021-11-08 11:17:59,993 [myid:] - INFO  [main:FourLetterWordMain@94] - connecting to 127.0.0.1 30167
2021-11-08 11:17:59,994 [myid:1] - WARN  [nioEventLoopGroup-79-6:NettyServerCnxnFactory$CnxnChannelHandler@231] - Zookeeper server is not running, close the connection before starting the TLS handshake
2021-11-08 11:18:00,255 [myid:] - INFO  [main:FourLetterWordMain@94] - connecting to 127.0.0.1 30167
2021-11-08 11:18:00,255 [myid:1] - WARN  [nioEventLoopGroup-79-7:NettyServerCnxnFactory$CnxnChannelHandler@231] - Zookeeper server is not running, close the connection before starting the TLS handshake
2021-11-08 11:18:00,506 [myid:] - INFO  [main:FourLetterWordMain@94] - connecting to 127.0.0.1 30167
2021-11-08 11:18:00,506 [myid:1] - WARN  [nioEventLoopGroup-79-8:NettyServerCnxnFactory$CnxnChannelHandler@231] - Zookeeper server is not running, close the connection before starting the TLS handshake
2021-11-08 11:18:00,521 [myid:] - INFO  [main:ClientBase@267] - server 127.0.0.1:30167 not up
java.net.SocketException: Software caused connection abort: recv failed
	at java.net.SocketInputStream.socketRead0(Native Method)
	at java.net.SocketInputStream.read(SocketInputStream.java:150)
	at java.net.SocketInputStream.read(SocketInputStream.java:121)
	at sun.nio.cs.StreamDecoder.readBytes(StreamDecoder.java:284)
	at sun.nio.cs.StreamDecoder.implRead(StreamDecoder.java:326)
	at sun.nio.cs.StreamDecoder.read(StreamDecoder.java:178)
	at java.io.InputStreamReader.read(InputStreamReader.java:184)
	at java.io.BufferedReader.fill(BufferedReader.java:161)
	at java.io.BufferedReader.readLine(BufferedReader.java:324)
	at java.io.BufferedReader.readLine(BufferedReader.java:389)
	at org.apache.zookeeper.client.FourLetterWordMain.send4LetterWord(FourLetterWordMain.java:129)
	at org.apache.zookeeper.client.FourLetterWordMain.send4LetterWord(FourLetterWordMain.java:74)
	at org.apache.zookeeper.test.ClientBase.waitForServerUp(ClientBase.java:258)
	at org.apache.zookeeper.test.ClientBase.waitForServerUp(ClientBase.java:249)
	at org.apache.zookeeper.server.quorum.QuorumSSLTest.testHostnameVerification(QuorumSSLTest.java:671)
	at org.apache.zookeeper.server.quorum.QuorumSSLTest.testHostnameVerificationForInvalidMultiAddressServerConfig(QuorumSSLTest.java:620)
	at sun.reflect.NativeMethodAccessorImpl.invoke0(Native Method)
	at sun.reflect.NativeMethodAccessorImpl.invoke(NativeMethodAccessorImpl.java:62)
	at sun.reflect.DelegatingMethodAccessorImpl.invoke(DelegatingMethodAccessorImpl.java:43)
	at java.lang.reflect.Method.invoke(Method.java:483)
	at org.junit.platform.commons.util.ReflectionUtils.invokeMethod(ReflectionUtils.java:686)
	at org.junit.jupiter.engine.execution.MethodInvocation.proceed(MethodInvocation.java:60)
	at org.junit.jupiter.engine.execution.InvocationInterceptorChain$ValidatingInvocation.proceed(InvocationInterceptorChain.java:131)
	at org.junit.jupiter.engine.extension.TimeoutInvocation.proceed(TimeoutInvocation.java:46)
	at org.junit.jupiter.engine.extension.TimeoutExtension.intercept(TimeoutExtension.java:149)
	at org.junit.jupiter.engine.extension.TimeoutExtension.interceptTestableMethod(TimeoutExtension.java:140)
	at org.junit.jupiter.engine.extension.TimeoutExtension.interceptTestMethod(TimeoutExtension.java:84)
	at org.junit.jupiter.engine.descriptor.TestMethodTestDescriptor$$Lambda$111/1780132728.apply(Unknown Source)
	at org.junit.jupiter.engine.execution.ExecutableInvoker$ReflectiveInterceptorCall.lambda$ofVoidMethod$0(ExecutableInvoker.java:115)
	at org.junit.jupiter.engine.execution.ExecutableInvoker$ReflectiveInterceptorCall$$Lambda$112/1725017993.apply(Unknown Source)
	at org.junit.jupiter.engine.execution.ExecutableInvoker.lambda$invoke$0(ExecutableInvoker.java:105)
	at org.junit.jupiter.engine.execution.ExecutableInvoker$$Lambda$234/64133603.apply(Unknown Source)
	at org.junit.jupiter.engine.execution.InvocationInterceptorChain$InterceptedInvocation.proceed(InvocationInterceptorChain.java:106)
	at org.junit.jupiter.engine.execution.InvocationInterceptorChain.proceed(InvocationInterceptorChain.java:64)
	at org.junit.jupiter.engine.execution.InvocationInterceptorChain.chainAndInvoke(InvocationInterceptorChain.java:45)
	at org.junit.jupiter.engine.execution.InvocationInterceptorChain.invoke(InvocationInterceptorChain.java:37)
	at org.junit.jupiter.engine.execution.ExecutableInvoker.invoke(ExecutableInvoker.java:104)
	at org.junit.jupiter.engine.execution.ExecutableInvoker.invoke(ExecutableInvoker.java:98)
	at org.junit.jupiter.engine.descriptor.TestMethodTestDescriptor.lambda$invokeTestMethod$6(TestMethodTestDescriptor.java:212)
	at org.junit.jupiter.engine.descriptor.TestMethodTestDescriptor$$Lambda$271/224100622.execute(Unknown Source)
	at org.junit.platform.engine.support.hierarchical.ThrowableCollector.execute(ThrowableCollector.java:73)
	at org.junit.jupiter.engine.descriptor.TestMethodTestDescriptor.invokeTestMethod(TestMethodTestDescriptor.java:208)
	at org.junit.jupiter.engine.descriptor.TestMethodTestDescriptor.execute(TestMethodTestDescriptor.java:137)
	at org.junit.jupiter.engine.descriptor.TestMethodTestDescriptor.execute(TestMethodTestDescriptor.java:71)
	at org.junit.platform.engine.support.hierarchical.NodeTestTask.lambda$executeRecursively$5(NodeTestTask.java:135)
	at org.junit.platform.engine.support.hierarchical.NodeTestTask$$Lambda$179/195615004.execute(Unknown Source)
	at org.junit.platform.engine.support.hierarchical.ThrowableCollector.execute(ThrowableCollector.java:73)
	at org.junit.platform.engine.support.hierarchical.NodeTestTask.lambda$executeRecursively$7(NodeTestTask.java:125)
	at org.junit.platform.engine.support.hierarchical.NodeTestTask$$Lambda$178/1890627974.invoke(Unknown Source)
	at org.junit.platform.engine.support.hierarchical.Node.around(Node.java:135)
	at org.junit.platform.engine.support.hierarchical.NodeTestTask.lambda$executeRecursively$8(NodeTestTask.java:123)
	at org.junit.platform.engine.support.hierarchical.NodeTestTask$$Lambda$177/231977479.execute(Unknown Source)
	at org.junit.platform.engine.support.hierarchical.ThrowableCollector.execute(ThrowableCollector.java:73)
	at org.junit.platform.engine.support.hierarchical.NodeTestTask.executeRecursively(NodeTestTask.java:122)
	at org.junit.platform.engine.support.hierarchical.NodeTestTask.execute(NodeTestTask.java:80)
	at org.junit.platform.engine.support.hierarchical.SameThreadHierarchicalTestExecutorService$$Lambda$183/1381713434.accept(Unknown Source)
	at java.util.ArrayList.forEach(ArrayList.java:1249)
	at org.junit.platform.engine.support.hierarchical.SameThreadHierarchicalTestExecutorService.invokeAll(SameThreadHierarchicalTestExecutorService.java:38)
	at org.junit.platform.engine.support.hierarchical.NodeTestTask.lambda$executeRecursively$5(NodeTestTask.java:139)
	at org.junit.platform.engine.support.hierarchical.NodeTestTask$$Lambda$179/195615004.execute(Unknown Source)
	at org.junit.platform.engine.support.hierarchical.ThrowableCollector.execute(ThrowableCollector.java:73)
	at org.junit.platform.engine.support.hierarchical.NodeTestTask.lambda$executeRecursively$7(NodeTestTask.java:125)
	at org.junit.platform.engine.support.hierarchical.NodeTestTask$$Lambda$178/1890627974.invoke(Unknown Source)
	at org.junit.platform.engine.support.hierarchical.Node.around(Node.java:135)
	at org.junit.platform.engine.support.hierarchical.NodeTestTask.lambda$executeRecursively$8(NodeTestTask.java:123)
	at org.junit.platform.engine.support.hierarchical.NodeTestTask$$Lambda$177/231977479.execute(Unknown Source)
	at org.junit.platform.engine.support.hierarchical.ThrowableCollector.execute(ThrowableCollector.java:73)
	at org.junit.platform.engine.support.hierarchical.NodeTestTask.executeRecursively(NodeTestTask.java:122)
	at org.junit.platform.engine.support.hierarchical.NodeTestTask.execute(NodeTestTask.java:80)
	at org.junit.platform.engine.support.hierarchical.SameThreadHierarchicalTestExecutorService$$Lambda$183/1381713434.accept(Unknown Source)
	at java.util.ArrayList.forEach(ArrayList.java:1249)
	at org.junit.platform.engine.support.hierarchical.SameThreadHierarchicalTestExecutorService.invokeAll(SameThreadHierarchicalTestExecutorService.java:38)
	at org.junit.platform.engine.support.hierarchical.NodeTestTask.lambda$executeRecursively$5(NodeTestTask.java:139)
	at org.junit.platform.engine.support.hierarchical.NodeTestTask$$Lambda$179/195615004.execute(Unknown Source)
	at org.junit.platform.engine.support.hierarchical.ThrowableCollector.execute(ThrowableCollector.java:73)
	at org.junit.platform.engine.support.hierarchical.NodeTestTask.lambda$executeRecursively$7(NodeTestTask.java:125)
	at org.junit.platform.engine.support.hierarchical.NodeTestTask$$Lambda$178/1890627974.invoke(Unknown Source)
	at org.junit.platform.engine.support.hierarchical.Node.around(Node.java:135)
	at org.junit.platform.engine.support.hierarchical.NodeTestTask.lambda$executeRecursively$8(NodeTestTask.java:123)
	at org.junit.platform.engine.support.hierarchical.NodeTestTask$$Lambda$177/231977479.execute(Unknown Source)
	at org.junit.platform.engine.support.hierarchical.ThrowableCollector.execute(ThrowableCollector.java:73)
	at org.junit.platform.engine.support.hierarchical.NodeTestTask.executeRecursively(NodeTestTask.java:122)
	at org.junit.platform.engine.support.hierarchical.NodeTestTask.execute(NodeTestTask.java:80)
	at org.junit.platform.engine.support.hierarchical.SameThreadHierarchicalTestExecutorService.submit(SameThreadHierarchicalTestExecutorService.java:32)
	at org.junit.platform.engine.support.hierarchical.HierarchicalTestExecutor.execute(HierarchicalTestExecutor.java:57)
	at org.junit.platform.engine.support.hierarchical.HierarchicalTestEngine.execute(HierarchicalTestEngine.java:51)
	at org.junit.platform.launcher.core.DefaultLauncher.execute(DefaultLauncher.java:248)
	at org.junit.platform.launcher.core.DefaultLauncher.lambda$execute$5(DefaultLauncher.java:211)
	at org.junit.platform.launcher.core.DefaultLauncher$$Lambda$143/233996206.accept(Unknown Source)
	at org.junit.platform.launcher.core.DefaultLauncher.withInterceptedStreams(DefaultLauncher.java:226)
	at org.junit.platform.launcher.core.DefaultLauncher.execute(DefaultLauncher.java:199)
	at org.junit.platform.launcher.core.DefaultLauncher.execute(DefaultLauncher.java:132)
	at org.apache.maven.surefire.junitplatform.JUnitPlatformProvider.invokeAllTests(JUnitPlatformProvider.java:142)
	at org.apache.maven.surefire.junitplatform.JUnitPlatformProvider.invoke(JUnitPlatformProvider.java:113)
	at org.apache.maven.surefire.booter.ForkedBooter.invokeProviderInSameClassLoader(ForkedBooter.java:384)
	at org.apache.maven.surefire.booter.ForkedBooter.runSuitesInProcess(ForkedBooter.java:345)
	at org.apache.maven.surefire.booter.ForkedBooter.execute(ForkedBooter.java:126)
	at org.apache.maven.surefire.booter.ForkedBooter.main(ForkedBooter.java:418)
2021-11-08 11:18:00,786 [myid:] - INFO  [main:FourLetterWordMain@94] - connecting to 127.0.0.1 30167
2021-11-08 11:18:00,786 [myid:1] - WARN  [nioEventLoopGroup-79-9:NettyServerCnxnFactory$CnxnChannelHandler@231] - Zookeeper server is not running, close the connection before starting the TLS handshake
2021-11-08 11:18:01,037 [myid:] - INFO  [main:FourLetterWordMain@94] - connecting to 127.0.0.1 30167
2021-11-08 11:18:01,038 [myid:1] - WARN  [nioEventLoopGroup-79-10:NettyServerCnxnFactory$CnxnChannelHandler@231] - Zookeeper server is not running, close the connection before starting the TLS handshake
2021-11-08 11:18:01,289 [myid:] - INFO  [main:FourLetterWordMain@94] - connecting to 127.0.0.1 30167
2021-11-08 11:18:01,291 [myid:1] - WARN  [nioEventLoopGroup-79-11:NettyServerCnxnFactory$CnxnChannelHandler@231] - Zookeeper server is not running, close the connection before starting the TLS handshake
2021-11-08 11:18:01,556 [myid:] - INFO  [main:FourLetterWordMain@94] - connecting to 127.0.0.1 30167
2021-11-08 11:18:01,556 [myid:1] - WARN  [nioEventLoopGroup-79-12:NettyServerCnxnFactory$CnxnChannelHandler@231] - Zookeeper server is not running, close the connection before starting the TLS handshake
2021-11-08 11:18:01,822 [myid:] - INFO  [main:FourLetterWordMain@94] - connecting to 127.0.0.1 30167
2021-11-08 11:18:01,822 [myid:1] - WARN  [nioEventLoopGroup-79-1:NettyServerCnxnFactory$CnxnChannelHandler@231] - Zookeeper server is not running, close the connection before starting the TLS handshake
2021-11-08 11:18:02,079 [myid:] - INFO  [main:FourLetterWordMain@94] - connecting to 127.0.0.1 30167
2021-11-08 11:18:02,079 [myid:1] - WARN  [nioEventLoopGroup-79-2:NettyServerCnxnFactory$CnxnChannelHandler@231] - Zookeeper server is not running, close the connection before starting the TLS handshake
2021-11-08 11:18:02,341 [myid:] - INFO  [main:FourLetterWordMain@94] - connecting to 127.0.0.1 30167
2021-11-08 11:18:02,342 [myid:1] - WARN  [nioEventLoopGroup-79-3:NettyServerCnxnFactory$CnxnChannelHandler@231] - Zookeeper server is not running, close the connection before starting the TLS handshake
2021-11-08 11:18:02,607 [myid:] - INFO  [main:FourLetterWordMain@94] - connecting to 127.0.0.1 30167
2021-11-08 11:18:02,607 [myid:1] - WARN  [nioEventLoopGroup-79-4:NettyServerCnxnFactory$CnxnChannelHandler@231] - Zookeeper server is not running, close the connection before starting the TLS handshake
2021-11-08 11:18:02,623 [myid:] - INFO  [main:ClientBase@267] - server 127.0.0.1:30167 not up
java.net.SocketException: Software caused connection abort: recv failed
	at java.net.SocketInputStream.socketRead0(Native Method)
	at java.net.SocketInputStream.read(SocketInputStream.java:150)
	at java.net.SocketInputStream.read(SocketInputStream.java:121)
	at sun.nio.cs.StreamDecoder.readBytes(StreamDecoder.java:284)
	at sun.nio.cs.StreamDecoder.implRead(StreamDecoder.java:326)
	at sun.nio.cs.StreamDecoder.read(StreamDecoder.java:178)
	at java.io.InputStreamReader.read(InputStreamReader.java:184)
	at java.io.BufferedReader.fill(BufferedReader.java:161)
	at java.io.BufferedReader.readLine(BufferedReader.java:324)
	at java.io.BufferedReader.readLine(BufferedReader.java:389)
	at org.apache.zookeeper.client.FourLetterWordMain.send4LetterWord(FourLetterWordMain.java:129)
	at org.apache.zookeeper.client.FourLetterWordMain.send4LetterWord(FourLetterWordMain.java:74)
	at org.apache.zookeeper.test.ClientBase.waitForServerUp(ClientBase.java:258)
	at org.apache.zookeeper.test.ClientBase.waitForServerUp(ClientBase.java:249)
	at org.apache.zookeeper.server.quorum.QuorumSSLTest.testHostnameVerification(QuorumSSLTest.java:671)
	at org.apache.zookeeper.server.quorum.QuorumSSLTest.testHostnameVerificationForInvalidMultiAddressServerConfig(QuorumSSLTest.java:620)
	at sun.reflect.NativeMethodAccessorImpl.invoke0(Native Method)
	at sun.reflect.NativeMethodAccessorImpl.invoke(NativeMethodAccessorImpl.java:62)
	at sun.reflect.DelegatingMethodAccessorImpl.invoke(DelegatingMethodAccessorImpl.java:43)
	at java.lang.reflect.Method.invoke(Method.java:483)
	at org.junit.platform.commons.util.ReflectionUtils.invokeMethod(ReflectionUtils.java:686)
	at org.junit.jupiter.engine.execution.MethodInvocation.proceed(MethodInvocation.java:60)
	at org.junit.jupiter.engine.execution.InvocationInterceptorChain$ValidatingInvocation.proceed(InvocationInterceptorChain.java:131)
	at org.junit.jupiter.engine.extension.TimeoutInvocation.proceed(TimeoutInvocation.java:46)
	at org.junit.jupiter.engine.extension.TimeoutExtension.intercept(TimeoutExtension.java:149)
	at org.junit.jupiter.engine.extension.TimeoutExtension.interceptTestableMethod(TimeoutExtension.java:140)
	at org.junit.jupiter.engine.extension.TimeoutExtension.interceptTestMethod(TimeoutExtension.java:84)
	at org.junit.jupiter.engine.descriptor.TestMethodTestDescriptor$$Lambda$111/1780132728.apply(Unknown Source)
	at org.junit.jupiter.engine.execution.ExecutableInvoker$ReflectiveInterceptorCall.lambda$ofVoidMethod$0(ExecutableInvoker.java:115)
	at org.junit.jupiter.engine.execution.ExecutableInvoker$ReflectiveInterceptorCall$$Lambda$112/1725017993.apply(Unknown Source)
	at org.junit.jupiter.engine.execution.ExecutableInvoker.lambda$invoke$0(ExecutableInvoker.java:105)
	at org.junit.jupiter.engine.execution.ExecutableInvoker$$Lambda$234/64133603.apply(Unknown Source)
	at org.junit.jupiter.engine.execution.InvocationInterceptorChain$InterceptedInvocation.proceed(InvocationInterceptorChain.java:106)
	at org.junit.jupiter.engine.execution.InvocationInterceptorChain.proceed(InvocationInterceptorChain.java:64)
	at org.junit.jupiter.engine.execution.InvocationInterceptorChain.chainAndInvoke(InvocationInterceptorChain.java:45)
	at org.junit.jupiter.engine.execution.InvocationInterceptorChain.invoke(InvocationInterceptorChain.java:37)
	at org.junit.jupiter.engine.execution.ExecutableInvoker.invoke(ExecutableInvoker.java:104)
	at org.junit.jupiter.engine.execution.ExecutableInvoker.invoke(ExecutableInvoker.java:98)
	at org.junit.jupiter.engine.descriptor.TestMethodTestDescriptor.lambda$invokeTestMethod$6(TestMethodTestDescriptor.java:212)
	at org.junit.jupiter.engine.descriptor.TestMethodTestDescriptor$$Lambda$271/224100622.execute(Unknown Source)
	at org.junit.platform.engine.support.hierarchical.ThrowableCollector.execute(ThrowableCollector.java:73)
	at org.junit.jupiter.engine.descriptor.TestMethodTestDescriptor.invokeTestMethod(TestMethodTestDescriptor.java:208)
	at org.junit.jupiter.engine.descriptor.TestMethodTestDescriptor.execute(TestMethodTestDescriptor.java:137)
	at org.junit.jupiter.engine.descriptor.TestMethodTestDescriptor.execute(TestMethodTestDescriptor.java:71)
	at org.junit.platform.engine.support.hierarchical.NodeTestTask.lambda$executeRecursively$5(NodeTestTask.java:135)
	at org.junit.platform.engine.support.hierarchical.NodeTestTask$$Lambda$179/195615004.execute(Unknown Source)
	at org.junit.platform.engine.support.hierarchical.ThrowableCollector.execute(ThrowableCollector.java:73)
	at org.junit.platform.engine.support.hierarchical.NodeTestTask.lambda$executeRecursively$7(NodeTestTask.java:125)
	at org.junit.platform.engine.support.hierarchical.NodeTestTask$$Lambda$178/1890627974.invoke(Unknown Source)
	at org.junit.platform.engine.support.hierarchical.Node.around(Node.java:135)
	at org.junit.platform.engine.support.hierarchical.NodeTestTask.lambda$executeRecursively$8(NodeTestTask.java:123)
	at org.junit.platform.engine.support.hierarchical.NodeTestTask$$Lambda$177/231977479.execute(Unknown Source)
	at org.junit.platform.engine.support.hierarchical.ThrowableCollector.execute(ThrowableCollector.java:73)
	at org.junit.platform.engine.support.hierarchical.NodeTestTask.executeRecursively(NodeTestTask.java:122)
	at org.junit.platform.engine.support.hierarchical.NodeTestTask.execute(NodeTestTask.java:80)
	at org.junit.platform.engine.support.hierarchical.SameThreadHierarchicalTestExecutorService$$Lambda$183/1381713434.accept(Unknown Source)
	at java.util.ArrayList.forEach(ArrayList.java:1249)
	at org.junit.platform.engine.support.hierarchical.SameThreadHierarchicalTestExecutorService.invokeAll(SameThreadHierarchicalTestExecutorService.java:38)
	at org.junit.platform.engine.support.hierarchical.NodeTestTask.lambda$executeRecursively$5(NodeTestTask.java:139)
	at org.junit.platform.engine.support.hierarchical.NodeTestTask$$Lambda$179/195615004.execute(Unknown Source)
	at org.junit.platform.engine.support.hierarchical.ThrowableCollector.execute(ThrowableCollector.java:73)
	at org.junit.platform.engine.support.hierarchical.NodeTestTask.lambda$executeRecursively$7(NodeTestTask.java:125)
	at org.junit.platform.engine.support.hierarchical.NodeTestTask$$Lambda$178/1890627974.invoke(Unknown Source)
	at org.junit.platform.engine.support.hierarchical.Node.around(Node.java:135)
	at org.junit.platform.engine.support.hierarchical.NodeTestTask.lambda$executeRecursively$8(NodeTestTask.java:123)
	at org.junit.platform.engine.support.hierarchical.NodeTestTask$$Lambda$177/231977479.execute(Unknown Source)
	at org.junit.platform.engine.support.hierarchical.ThrowableCollector.execute(ThrowableCollector.java:73)
	at org.junit.platform.engine.support.hierarchical.NodeTestTask.executeRecursively(NodeTestTask.java:122)
	at org.junit.platform.engine.support.hierarchical.NodeTestTask.execute(NodeTestTask.java:80)
	at org.junit.platform.engine.support.hierarchical.SameThreadHierarchicalTestExecutorService$$Lambda$183/1381713434.accept(Unknown Source)
	at java.util.ArrayList.forEach(ArrayList.java:1249)
	at org.junit.platform.engine.support.hierarchical.SameThreadHierarchicalTestExecutorService.invokeAll(SameThreadHierarchicalTestExecutorService.java:38)
	at org.junit.platform.engine.support.hierarchical.NodeTestTask.lambda$executeRecursively$5(NodeTestTask.java:139)
	at org.junit.platform.engine.support.hierarchical.NodeTestTask$$Lambda$179/195615004.execute(Unknown Source)
	at org.junit.platform.engine.support.hierarchical.ThrowableCollector.execute(ThrowableCollector.java:73)
	at org.junit.platform.engine.support.hierarchical.NodeTestTask.lambda$executeRecursively$7(NodeTestTask.java:125)
	at org.junit.platform.engine.support.hierarchical.NodeTestTask$$Lambda$178/1890627974.invoke(Unknown Source)
	at org.junit.platform.engine.support.hierarchical.Node.around(Node.java:135)
	at org.junit.platform.engine.support.hierarchical.NodeTestTask.lambda$executeRecursively$8(NodeTestTask.java:123)
	at org.junit.platform.engine.support.hierarchical.NodeTestTask$$Lambda$177/231977479.execute(Unknown Source)
	at org.junit.platform.engine.support.hierarchical.ThrowableCollector.execute(ThrowableCollector.java:73)
	at org.junit.platform.engine.support.hierarchical.NodeTestTask.executeRecursively(NodeTestTask.java:122)
	at org.junit.platform.engine.support.hierarchical.NodeTestTask.execute(NodeTestTask.java:80)
	at org.junit.platform.engine.support.hierarchical.SameThreadHierarchicalTestExecutorService.submit(SameThreadHierarchicalTestExecutorService.java:32)
	at org.junit.platform.engine.support.hierarchical.HierarchicalTestExecutor.execute(HierarchicalTestExecutor.java:57)
	at org.junit.platform.engine.support.hierarchical.HierarchicalTestEngine.execute(HierarchicalTestEngine.java:51)
	at org.junit.platform.launcher.core.DefaultLauncher.execute(DefaultLauncher.java:248)
	at org.junit.platform.launcher.core.DefaultLauncher.lambda$execute$5(DefaultLauncher.java:211)
	at org.junit.platform.launcher.core.DefaultLauncher$$Lambda$143/233996206.accept(Unknown Source)
	at org.junit.platform.launcher.core.DefaultLauncher.withInterceptedStreams(DefaultLauncher.java:226)
	at org.junit.platform.launcher.core.DefaultLauncher.execute(DefaultLauncher.java:199)
	at org.junit.platform.launcher.core.DefaultLauncher.execute(DefaultLauncher.java:132)
	at org.apache.maven.surefire.junitplatform.JUnitPlatformProvider.invokeAllTests(JUnitPlatformProvider.java:142)
	at org.apache.maven.surefire.junitplatform.JUnitPlatformProvider.invoke(JUnitPlatformProvider.java:113)
	at org.apache.maven.surefire.booter.ForkedBooter.invokeProviderInSameClassLoader(ForkedBooter.java:384)
	at org.apache.maven.surefire.booter.ForkedBooter.runSuitesInProcess(ForkedBooter.java:345)
	at org.apache.maven.surefire.booter.ForkedBooter.execute(ForkedBooter.java:126)
	at org.apache.maven.surefire.booter.ForkedBooter.main(ForkedBooter.java:418)
2021-11-08 11:18:02,888 [myid:] - INFO  [main:FourLetterWordMain@94] - connecting to 127.0.0.1 30167
2021-11-08 11:18:02,890 [myid:1] - WARN  [nioEventLoopGroup-79-5:NettyServerCnxnFactory$CnxnChannelHandler@231] - Zookeeper server is not running, close the connection before starting the TLS handshake
2021-11-08 11:18:03,153 [myid:] - INFO  [main:FourLetterWordMain@94] - connecting to 127.0.0.1 30167
2021-11-08 11:18:03,153 [myid:1] - WARN  [nioEventLoopGroup-79-6:NettyServerCnxnFactory$CnxnChannelHandler@231] - Zookeeper server is not running, close the connection before starting the TLS handshake
2021-11-08 11:18:03,154 [myid:] - INFO  [main:QuorumBase@422] - Shutting down quorum peer QuorumPeer[myid=1](plain=[0:0:0:0:0:0:0:0]:30167)(secure=disabled)
2021-11-08 11:18:03,154 [myid:] - INFO  [main:NettyServerCnxnFactory@647] - shutdown called /0:0:0:0:0:0:0:0:30167
2021-11-08 11:18:03,155 [myid:1] - INFO  [QuorumPeerListener:QuorumCnxManager$Listener@980] - Leaving listener
2021-11-08 11:18:03,155 [myid:1] - WARN  [QuorumPeer[myid=1](plain=[0:0:0:0:0:0:0:0]:30167)(secure=disabled):QuorumPeer@1486] - Unexpected exception
java.lang.InterruptedException
	at java.util.concurrent.locks.AbstractQueuedSynchronizer$ConditionObject.reportInterruptAfterWait(AbstractQueuedSynchronizer.java:2014)
	at java.util.concurrent.locks.AbstractQueuedSynchronizer$ConditionObject.awaitNanos(AbstractQueuedSynchronizer.java:2088)
	at java.util.concurrent.LinkedBlockingQueue.poll(LinkedBlockingQueue.java:467)
	at org.apache.zookeeper.server.quorum.FastLeaderElection.lookForLeader(FastLeaderElection.java:966)
	at org.apache.zookeeper.server.quorum.QuorumPeer.run(QuorumPeer.java:1484)
2021-11-08 11:18:03,156 [myid:] - INFO  [main:QuorumBase@426] - Shutting down leader election QuorumPeer[myid=1](plain=[0:0:0:0:0:0:0:0]:30167)(secure=disabled)
2021-11-08 11:18:03,156 [myid:1] - INFO  [QuorumPeer[myid=1](plain=[0:0:0:0:0:0:0:0]:30167)(secure=disabled):QuorumPeer@915] - Peer state changed: looking
2021-11-08 11:18:03,156 [myid:1] - WARN  [QuorumPeer[myid=1](plain=[0:0:0:0:0:0:0:0]:30167)(secure=disabled):QuorumPeer@1545] - QuorumPeer main thread exited
2021-11-08 11:18:03,156 [myid:] - INFO  [main:QuorumBase@431] - Waiting for QuorumPeer[myid=1](plain=[0:0:0:0:0:0:0:0]:30167)(secure=disabled) to exit thread
2021-11-08 11:18:03,156 [myid:] - INFO  [main:QuorumBase@422] - Shutting down quorum peer QuorumPeer[myid=2](plain=[0:0:0:0:0:0:0:0]:30168)(secure=disabled)
2021-11-08 11:18:03,156 [myid:] - INFO  [main:NettyServerCnxnFactory@647] - shutdown called /0:0:0:0:0:0:0:0:30168
2021-11-08 11:18:03,160 [myid:2] - WARN  [QuorumPeer[myid=2](plain=[0:0:0:0:0:0:0:0]:30168)(secure=disabled):QuorumPeer@1486] - Unexpected exception
java.lang.InterruptedException
	at java.util.concurrent.locks.AbstractQueuedSynchronizer$ConditionObject.reportInterruptAfterWait(AbstractQueuedSynchronizer.java:2014)
	at java.util.concurrent.locks.AbstractQueuedSynchronizer$ConditionObject.awaitNanos(AbstractQueuedSynchronizer.java:2088)
	at java.util.concurrent.LinkedBlockingQueue.poll(LinkedBlockingQueue.java:467)
	at org.apache.zookeeper.server.quorum.FastLeaderElection.lookForLeader(FastLeaderElection.java:966)
	at org.apache.zookeeper.server.quorum.QuorumPeer.run(QuorumPeer.java:1484)
2021-11-08 11:18:03,169 [myid:2] - INFO  [QuorumPeer[myid=2](plain=[0:0:0:0:0:0:0:0]:30168)(secure=disabled):QuorumPeer@915] - Peer state changed: looking
2021-11-08 11:18:03,160 [myid:2] - INFO  [QuorumPeerListener:QuorumCnxManager$Listener@980] - Leaving listener
2021-11-08 11:18:03,169 [myid:2] - WARN  [QuorumPeer[myid=2](plain=[0:0:0:0:0:0:0:0]:30168)(secure=disabled):QuorumPeer@1545] - QuorumPeer main thread exited
2021-11-08 11:18:03,170 [myid:] - INFO  [main:QuorumBase@426] - Shutting down leader election QuorumPeer[myid=2](plain=[0:0:0:0:0:0:0:0]:30168)(secure=disabled)
2021-11-08 11:18:03,170 [myid:] - INFO  [main:QuorumBase@431] - Waiting for QuorumPeer[myid=2](plain=[0:0:0:0:0:0:0:0]:30168)(secure=disabled) to exit thread
2021-11-08 11:18:03,171 [myid:] - INFO  [main:QuorumPeerTestBase@64] - No servers to shutdown!
2021-11-08 11:18:03,171 [myid:] - INFO  [main:ZKTestCase@82] - FINISHED Optional[public void org.apache.zookeeper.server.quorum.QuorumSSLTest.testHostnameVerificationForInvalidMultiAddressServerConfig() throws java.lang.Exception]
]]></system-out>
    <system-err><![CDATA[Exception in thread "QuorumConnectionThread-[myid=2]-2" java.lang.IllegalArgumentException: Cannot support TLS_ECDHE_ECDSA_WITH_AES_256_CBC_SHA384 with currently installed providers
	at sun.security.ssl.CipherSuiteList.<init>(CipherSuiteList.java:92)
	at sun.security.ssl.SSLSocketImpl.setEnabledCipherSuites(SSLSocketImpl.java:2419)
	at javax.net.ssl.SSLSocket.setSSLParameters(SSLSocket.java:650)
	at sun.security.ssl.SSLSocketImpl.setSSLParameters(SSLSocketImpl.java:2544)
	at org.apache.zookeeper.common.SSLContextAndOptions.configureSSLSocket(SSLContextAndOptions.java:125)
	at org.apache.zookeeper.common.SSLContextAndOptions.createSSLSocket(SSLContextAndOptions.java:80)
	at org.apache.zookeeper.common.X509Util.createSSLSocket(X509Util.java:517)
	at org.apache.zookeeper.server.quorum.QuorumCnxManager.initiateConnection(QuorumCnxManager.java:379)
	at org.apache.zookeeper.server.quorum.QuorumCnxManager$QuorumConnectionReqThread.run(QuorumCnxManager.java:458)
	at java.util.concurrent.ThreadPoolExecutor.runWorker(ThreadPoolExecutor.java:1142)
	at java.util.concurrent.ThreadPoolExecutor$Worker.run(ThreadPoolExecutor.java:617)
	at java.lang.Thread.run(Thread.java:745)
Exception in thread "QuorumConnectionThread-[myid=2]-1" java.lang.IllegalArgumentException: Cannot support TLS_ECDHE_ECDSA_WITH_AES_256_CBC_SHA384 with currently installed providers
	at sun.security.ssl.CipherSuiteList.<init>(CipherSuiteList.java:92)
	at sun.security.ssl.SSLSocketImpl.setEnabledCipherSuites(SSLSocketImpl.java:2419)
	at javax.net.ssl.SSLSocket.setSSLParameters(SSLSocket.java:650)
	at sun.security.ssl.SSLSocketImpl.setSSLParameters(SSLSocketImpl.java:2544)
	at org.apache.zookeeper.common.SSLContextAndOptions.configureSSLSocket(SSLContextAndOptions.java:125)
	at org.apache.zookeeper.common.SSLContextAndOptions.createSSLSocket(SSLContextAndOptions.java:80)
	at org.apache.zookeeper.common.X509Util.createSSLSocket(X509Util.java:517)
	at org.apache.zookeeper.server.quorum.QuorumCnxManager.initiateConnection(QuorumCnxManager.java:379)
	at org.apache.zookeeper.server.quorum.QuorumCnxManager$QuorumConnectionReqThread.run(QuorumCnxManager.java:458)
	at java.util.concurrent.ThreadPoolExecutor.runWorker(ThreadPoolExecutor.java:1142)
	at java.util.concurrent.ThreadPoolExecutor$Worker.run(ThreadPoolExecutor.java:617)
	at java.lang.Thread.run(Thread.java:745)
Exception in thread "QuorumConnectionThread-[myid=1]-1" java.lang.IllegalArgumentException: Cannot support TLS_ECDHE_ECDSA_WITH_AES_256_CBC_SHA384 with currently installed providers
	at sun.security.ssl.CipherSuiteList.<init>(CipherSuiteList.java:92)
	at sun.security.ssl.SSLSocketImpl.setEnabledCipherSuites(SSLSocketImpl.java:2419)
	at javax.net.ssl.SSLSocket.setSSLParameters(SSLSocket.java:650)
	at sun.security.ssl.SSLSocketImpl.setSSLParameters(SSLSocketImpl.java:2544)
	at org.apache.zookeeper.common.SSLContextAndOptions.configureSSLSocket(SSLContextAndOptions.java:125)
	at org.apache.zookeeper.common.SSLContextAndOptions.createSSLSocket(SSLContextAndOptions.java:80)
	at org.apache.zookeeper.common.X509Util.createSSLSocket(X509Util.java:517)
	at org.apache.zookeeper.server.quorum.QuorumCnxManager.initiateConnection(QuorumCnxManager.java:379)
	at org.apache.zookeeper.server.quorum.QuorumCnxManager$QuorumConnectionReqThread.run(QuorumCnxManager.java:458)
	at java.util.concurrent.ThreadPoolExecutor.runWorker(ThreadPoolExecutor.java:1142)
	at java.util.concurrent.ThreadPoolExecutor$Worker.run(ThreadPoolExecutor.java:617)
	at java.lang.Thread.run(Thread.java:745)
Exception in thread "QuorumConnectionThread-[myid=1]-2" java.lang.IllegalArgumentException: Cannot support TLS_ECDHE_ECDSA_WITH_AES_256_CBC_SHA384 with currently installed providers
	at sun.security.ssl.CipherSuiteList.<init>(CipherSuiteList.java:92)
	at sun.security.ssl.SSLSocketImpl.setEnabledCipherSuites(SSLSocketImpl.java:2419)
	at javax.net.ssl.SSLSocket.setSSLParameters(SSLSocket.java:650)
	at sun.security.ssl.SSLSocketImpl.setSSLParameters(SSLSocketImpl.java:2544)
	at org.apache.zookeeper.common.SSLContextAndOptions.configureSSLSocket(SSLContextAndOptions.java:125)
	at org.apache.zookeeper.common.SSLContextAndOptions.createSSLSocket(SSLContextAndOptions.java:80)
	at org.apache.zookeeper.common.X509Util.createSSLSocket(X509Util.java:517)
	at org.apache.zookeeper.server.quorum.QuorumCnxManager.initiateConnection(QuorumCnxManager.java:379)
	at org.apache.zookeeper.server.quorum.QuorumCnxManager$QuorumConnectionReqThread.run(QuorumCnxManager.java:458)
	at java.util.concurrent.ThreadPoolExecutor.runWorker(ThreadPoolExecutor.java:1142)
	at java.util.concurrent.ThreadPoolExecutor$Worker.run(ThreadPoolExecutor.java:617)
	at java.lang.Thread.run(Thread.java:745)
Exception in thread "QuorumConnectionThread-[myid=2]-5" java.lang.IllegalArgumentException: Cannot support TLS_ECDHE_ECDSA_WITH_AES_256_CBC_SHA384 with currently installed providers
	at sun.security.ssl.CipherSuiteList.<init>(CipherSuiteList.java:92)
	at sun.security.ssl.SSLSocketImpl.setEnabledCipherSuites(SSLSocketImpl.java:2419)
	at javax.net.ssl.SSLSocket.setSSLParameters(SSLSocket.java:650)
	at sun.security.ssl.SSLSocketImpl.setSSLParameters(SSLSocketImpl.java:2544)
	at org.apache.zookeeper.common.SSLContextAndOptions.configureSSLSocket(SSLContextAndOptions.java:125)
	at org.apache.zookeeper.common.SSLContextAndOptions.createSSLSocket(SSLContextAndOptions.java:80)
	at org.apache.zookeeper.common.X509Util.createSSLSocket(X509Util.java:517)
	at org.apache.zookeeper.server.quorum.QuorumCnxManager.initiateConnection(QuorumCnxManager.java:379)
	at org.apache.zookeeper.server.quorum.QuorumCnxManager$QuorumConnectionReqThread.run(QuorumCnxManager.java:458)
	at java.util.concurrent.ThreadPoolExecutor.runWorker(ThreadPoolExecutor.java:1142)
	at java.util.concurrent.ThreadPoolExecutor$Worker.run(ThreadPoolExecutor.java:617)
	at java.lang.Thread.run(Thread.java:745)
Exception in thread "QuorumConnectionThread-[myid=1]-5" java.lang.IllegalArgumentException: Cannot support TLS_ECDHE_ECDSA_WITH_AES_256_CBC_SHA384 with currently installed providers
	at sun.security.ssl.CipherSuiteList.<init>(CipherSuiteList.java:92)
	at sun.security.ssl.SSLSocketImpl.setEnabledCipherSuites(SSLSocketImpl.java:2419)
	at javax.net.ssl.SSLSocket.setSSLParameters(SSLSocket.java:650)
	at sun.security.ssl.SSLSocketImpl.setSSLParameters(SSLSocketImpl.java:2544)
	at org.apache.zookeeper.common.SSLContextAndOptions.configureSSLSocket(SSLContextAndOptions.java:125)
	at org.apache.zookeeper.common.SSLContextAndOptions.createSSLSocket(SSLContextAndOptions.java:80)
	at org.apache.zookeeper.common.X509Util.createSSLSocket(X509Util.java:517)
	at org.apache.zookeeper.server.quorum.QuorumCnxManager.initiateConnection(QuorumCnxManager.java:379)
	at org.apache.zookeeper.server.quorum.QuorumCnxManager$QuorumConnectionReqThread.run(QuorumCnxManager.java:458)
	at java.util.concurrent.ThreadPoolExecutor.runWorker(ThreadPoolExecutor.java:1142)
	at java.util.concurrent.ThreadPoolExecutor$Worker.run(ThreadPoolExecutor.java:617)
	at java.lang.Thread.run(Thread.java:745)
Exception in thread "QuorumConnectionThread-[myid=2]-4" java.lang.IllegalArgumentException: Cannot support TLS_ECDHE_ECDSA_WITH_AES_256_CBC_SHA384 with currently installed providers
	at sun.security.ssl.CipherSuiteList.<init>(CipherSuiteList.java:92)
	at sun.security.ssl.SSLSocketImpl.setEnabledCipherSuites(SSLSocketImpl.java:2419)
	at javax.net.ssl.SSLSocket.setSSLParameters(SSLSocket.java:650)
	at sun.security.ssl.SSLSocketImpl.setSSLParameters(SSLSocketImpl.java:2544)
	at org.apache.zookeeper.common.SSLContextAndOptions.configureSSLSocket(SSLContextAndOptions.java:125)
	at org.apache.zookeeper.common.SSLContextAndOptions.createSSLSocket(SSLContextAndOptions.java:80)
	at org.apache.zookeeper.common.X509Util.createSSLSocket(X509Util.java:517)
	at org.apache.zookeeper.server.quorum.QuorumCnxManager.initiateConnection(QuorumCnxManager.java:379)
	at org.apache.zookeeper.server.quorum.QuorumCnxManager$QuorumConnectionReqThread.run(QuorumCnxManager.java:458)
	at java.util.concurrent.ThreadPoolExecutor.runWorker(ThreadPoolExecutor.java:1142)
	at java.util.concurrent.ThreadPoolExecutor$Worker.run(ThreadPoolExecutor.java:617)
	at java.lang.Thread.run(Thread.java:745)
Exception in thread "QuorumConnectionThread-[myid=1]-4" java.lang.IllegalArgumentException: Cannot support TLS_ECDHE_ECDSA_WITH_AES_256_CBC_SHA384 with currently installed providers
	at sun.security.ssl.CipherSuiteList.<init>(CipherSuiteList.java:92)
	at sun.security.ssl.SSLSocketImpl.setEnabledCipherSuites(SSLSocketImpl.java:2419)
	at javax.net.ssl.SSLSocket.setSSLParameters(SSLSocket.java:650)
	at sun.security.ssl.SSLSocketImpl.setSSLParameters(SSLSocketImpl.java:2544)
	at org.apache.zookeeper.common.SSLContextAndOptions.configureSSLSocket(SSLContextAndOptions.java:125)
	at org.apache.zookeeper.common.SSLContextAndOptions.createSSLSocket(SSLContextAndOptions.java:80)
	at org.apache.zookeeper.common.X509Util.createSSLSocket(X509Util.java:517)
	at org.apache.zookeeper.server.quorum.QuorumCnxManager.initiateConnection(QuorumCnxManager.java:379)
	at org.apache.zookeeper.server.quorum.QuorumCnxManager$QuorumConnectionReqThread.run(QuorumCnxManager.java:458)
	at java.util.concurrent.ThreadPoolExecutor.runWorker(ThreadPoolExecutor.java:1142)
	at java.util.concurrent.ThreadPoolExecutor$Worker.run(ThreadPoolExecutor.java:617)
	at java.lang.Thread.run(Thread.java:745)
Exception in thread "QuorumConnectionThread-[myid=1]-7" java.lang.IllegalArgumentException: Cannot support TLS_ECDHE_ECDSA_WITH_AES_256_CBC_SHA384 with currently installed providers
	at sun.security.ssl.CipherSuiteList.<init>(CipherSuiteList.java:92)
	at sun.security.ssl.SSLSocketImpl.setEnabledCipherSuites(SSLSocketImpl.java:2419)
	at javax.net.ssl.SSLSocket.setSSLParameters(SSLSocket.java:650)
	at sun.security.ssl.SSLSocketImpl.setSSLParameters(SSLSocketImpl.java:2544)
	at org.apache.zookeeper.common.SSLContextAndOptions.configureSSLSocket(SSLContextAndOptions.java:125)
	at org.apache.zookeeper.common.SSLContextAndOptions.createSSLSocket(SSLContextAndOptions.java:80)
	at org.apache.zookeeper.common.X509Util.createSSLSocket(X509Util.java:517)
	at org.apache.zookeeper.server.quorum.QuorumCnxManager.initiateConnection(QuorumCnxManager.java:379)
	at org.apache.zookeeper.server.quorum.QuorumCnxManager$QuorumConnectionReqThread.run(QuorumCnxManager.java:458)
	at java.util.concurrent.ThreadPoolExecutor.runWorker(ThreadPoolExecutor.java:1142)
	at java.util.concurrent.ThreadPoolExecutor$Worker.run(ThreadPoolExecutor.java:617)
	at java.lang.Thread.run(Thread.java:745)
Exception in thread "QuorumConnectionThread-[myid=1]-6" java.lang.IllegalArgumentException: Cannot support TLS_ECDHE_ECDSA_WITH_AES_256_CBC_SHA384 with currently installed providers
	at sun.security.ssl.CipherSuiteList.<init>(CipherSuiteList.java:92)
	at sun.security.ssl.SSLSocketImpl.setEnabledCipherSuites(SSLSocketImpl.java:2419)
	at javax.net.ssl.SSLSocket.setSSLParameters(SSLSocket.java:650)
	at sun.security.ssl.SSLSocketImpl.setSSLParameters(SSLSocketImpl.java:2544)
	at org.apache.zookeeper.common.SSLContextAndOptions.configureSSLSocket(SSLContextAndOptions.java:125)
	at org.apache.zookeeper.common.SSLContextAndOptions.createSSLSocket(SSLContextAndOptions.java:80)
	at org.apache.zookeeper.common.X509Util.createSSLSocket(X509Util.java:517)
	at org.apache.zookeeper.server.quorum.QuorumCnxManager.initiateConnection(QuorumCnxManager.java:379)
	at org.apache.zookeeper.server.quorum.QuorumCnxManager$QuorumConnectionReqThread.run(QuorumCnxManager.java:458)
	at java.util.concurrent.ThreadPoolExecutor.runWorker(ThreadPoolExecutor.java:1142)
	at java.util.concurrent.ThreadPoolExecutor$Worker.run(ThreadPoolExecutor.java:617)
	at java.lang.Thread.run(Thread.java:745)
Exception in thread "QuorumConnectionThread-[myid=2]-7" java.lang.IllegalArgumentException: Cannot support TLS_ECDHE_ECDSA_WITH_AES_256_CBC_SHA384 with currently installed providers
	at sun.security.ssl.CipherSuiteList.<init>(CipherSuiteList.java:92)
	at sun.security.ssl.SSLSocketImpl.setEnabledCipherSuites(SSLSocketImpl.java:2419)
	at javax.net.ssl.SSLSocket.setSSLParameters(SSLSocket.java:650)
	at sun.security.ssl.SSLSocketImpl.setSSLParameters(SSLSocketImpl.java:2544)
	at org.apache.zookeeper.common.SSLContextAndOptions.configureSSLSocket(SSLContextAndOptions.java:125)
	at org.apache.zookeeper.common.SSLContextAndOptions.createSSLSocket(SSLContextAndOptions.java:80)
	at org.apache.zookeeper.common.X509Util.createSSLSocket(X509Util.java:517)
	at org.apache.zookeeper.server.quorum.QuorumCnxManager.initiateConnection(QuorumCnxManager.java:379)
	at org.apache.zookeeper.server.quorum.QuorumCnxManager$QuorumConnectionReqThread.run(QuorumCnxManager.java:458)
	at java.util.concurrent.ThreadPoolExecutor.runWorker(ThreadPoolExecutor.java:1142)
	at java.util.concurrent.ThreadPoolExecutor$Worker.run(ThreadPoolExecutor.java:617)
	at java.lang.Thread.run(Thread.java:745)
Exception in thread "QuorumConnectionThread-[myid=2]-6" java.lang.IllegalArgumentException: Cannot support TLS_ECDHE_ECDSA_WITH_AES_256_CBC_SHA384 with currently installed providers
	at sun.security.ssl.CipherSuiteList.<init>(CipherSuiteList.java:92)
	at sun.security.ssl.SSLSocketImpl.setEnabledCipherSuites(SSLSocketImpl.java:2419)
	at javax.net.ssl.SSLSocket.setSSLParameters(SSLSocket.java:650)
	at sun.security.ssl.SSLSocketImpl.setSSLParameters(SSLSocketImpl.java:2544)
	at org.apache.zookeeper.common.SSLContextAndOptions.configureSSLSocket(SSLContextAndOptions.java:125)
	at org.apache.zookeeper.common.SSLContextAndOptions.createSSLSocket(SSLContextAndOptions.java:80)
	at org.apache.zookeeper.common.X509Util.createSSLSocket(X509Util.java:517)
	at org.apache.zookeeper.server.quorum.QuorumCnxManager.initiateConnection(QuorumCnxManager.java:379)
	at org.apache.zookeeper.server.quorum.QuorumCnxManager$QuorumConnectionReqThread.run(QuorumCnxManager.java:458)
	at java.util.concurrent.ThreadPoolExecutor.runWorker(ThreadPoolExecutor.java:1142)
	at java.util.concurrent.ThreadPoolExecutor$Worker.run(ThreadPoolExecutor.java:617)
	at java.lang.Thread.run(Thread.java:745)
Exception in thread "QuorumConnectionThread-[myid=2]-9" java.lang.IllegalArgumentException: Cannot support TLS_ECDHE_ECDSA_WITH_AES_256_CBC_SHA384 with currently installed providers
	at sun.security.ssl.CipherSuiteList.<init>(CipherSuiteList.java:92)
	at sun.security.ssl.SSLSocketImpl.setEnabledCipherSuites(SSLSocketImpl.java:2419)
	at javax.net.ssl.SSLSocket.setSSLParameters(SSLSocket.java:650)
	at sun.security.ssl.SSLSocketImpl.setSSLParameters(SSLSocketImpl.java:2544)
	at org.apache.zookeeper.common.SSLContextAndOptions.configureSSLSocket(SSLContextAndOptions.java:125)
	at org.apache.zookeeper.common.SSLContextAndOptions.createSSLSocket(SSLContextAndOptions.java:80)
	at org.apache.zookeeper.common.X509Util.createSSLSocket(X509Util.java:517)
	at org.apache.zookeeper.server.quorum.QuorumCnxManager.initiateConnection(QuorumCnxManager.java:379)
	at org.apache.zookeeper.server.quorum.QuorumCnxManager$QuorumConnectionReqThread.run(QuorumCnxManager.java:458)
	at java.util.concurrent.ThreadPoolExecutor.runWorker(ThreadPoolExecutor.java:1142)
	at java.util.concurrent.ThreadPoolExecutor$Worker.run(ThreadPoolExecutor.java:617)
	at java.lang.Thread.run(Thread.java:745)
Exception in thread "QuorumConnectionThread-[myid=2]-8" java.lang.IllegalArgumentException: Cannot support TLS_ECDHE_ECDSA_WITH_AES_256_CBC_SHA384 with currently installed providers
	at sun.security.ssl.CipherSuiteList.<init>(CipherSuiteList.java:92)
	at sun.security.ssl.SSLSocketImpl.setEnabledCipherSuites(SSLSocketImpl.java:2419)
	at javax.net.ssl.SSLSocket.setSSLParameters(SSLSocket.java:650)
	at sun.security.ssl.SSLSocketImpl.setSSLParameters(SSLSocketImpl.java:2544)
	at org.apache.zookeeper.common.SSLContextAndOptions.configureSSLSocket(SSLContextAndOptions.java:125)
	at org.apache.zookeeper.common.SSLContextAndOptions.createSSLSocket(SSLContextAndOptions.java:80)
	at org.apache.zookeeper.common.X509Util.createSSLSocket(X509Util.java:517)
	at org.apache.zookeeper.server.quorum.QuorumCnxManager.initiateConnection(QuorumCnxManager.java:379)
	at org.apache.zookeeper.server.quorum.QuorumCnxManager$QuorumConnectionReqThread.run(QuorumCnxManager.java:458)
	at java.util.concurrent.ThreadPoolExecutor.runWorker(ThreadPoolExecutor.java:1142)
	at java.util.concurrent.ThreadPoolExecutor$Worker.run(ThreadPoolExecutor.java:617)
	at java.lang.Thread.run(Thread.java:745)
Exception in thread "QuorumConnectionThread-[myid=1]-8" java.lang.IllegalArgumentException: Cannot support TLS_ECDHE_ECDSA_WITH_AES_256_CBC_SHA384 with currently installed providers
	at sun.security.ssl.CipherSuiteList.<init>(CipherSuiteList.java:92)
	at sun.security.ssl.SSLSocketImpl.setEnabledCipherSuites(SSLSocketImpl.java:2419)
	at javax.net.ssl.SSLSocket.setSSLParameters(SSLSocket.java:650)
	at sun.security.ssl.SSLSocketImpl.setSSLParameters(SSLSocketImpl.java:2544)
	at org.apache.zookeeper.common.SSLContextAndOptions.configureSSLSocket(SSLContextAndOptions.java:125)
	at org.apache.zookeeper.common.SSLContextAndOptions.createSSLSocket(SSLContextAndOptions.java:80)
	at org.apache.zookeeper.common.X509Util.createSSLSocket(X509Util.java:517)
	at org.apache.zookeeper.server.quorum.QuorumCnxManager.initiateConnection(QuorumCnxManager.java:379)
	at org.apache.zookeeper.server.quorum.QuorumCnxManager$QuorumConnectionReqThread.run(QuorumCnxManager.java:458)
	at java.util.concurrent.ThreadPoolExecutor.runWorker(ThreadPoolExecutor.java:1142)
	at java.util.concurrent.ThreadPoolExecutor$Worker.run(ThreadPoolExecutor.java:617)
	at java.lang.Thread.run(Thread.java:745)
Exception in thread "QuorumConnectionThread-[myid=1]-9" java.lang.IllegalArgumentException: Cannot support TLS_ECDHE_ECDSA_WITH_AES_256_CBC_SHA384 with currently installed providers
	at sun.security.ssl.CipherSuiteList.<init>(CipherSuiteList.java:92)
	at sun.security.ssl.SSLSocketImpl.setEnabledCipherSuites(SSLSocketImpl.java:2419)
	at javax.net.ssl.SSLSocket.setSSLParameters(SSLSocket.java:650)
	at sun.security.ssl.SSLSocketImpl.setSSLParameters(SSLSocketImpl.java:2544)
	at org.apache.zookeeper.common.SSLContextAndOptions.configureSSLSocket(SSLContextAndOptions.java:125)
	at org.apache.zookeeper.common.SSLContextAndOptions.createSSLSocket(SSLContextAndOptions.java:80)
	at org.apache.zookeeper.common.X509Util.createSSLSocket(X509Util.java:517)
	at org.apache.zookeeper.server.quorum.QuorumCnxManager.initiateConnection(QuorumCnxManager.java:379)
	at org.apache.zookeeper.server.quorum.QuorumCnxManager$QuorumConnectionReqThread.run(QuorumCnxManager.java:458)
	at java.util.concurrent.ThreadPoolExecutor.runWorker(ThreadPoolExecutor.java:1142)
	at java.util.concurrent.ThreadPoolExecutor$Worker.run(ThreadPoolExecutor.java:617)
	at java.lang.Thread.run(Thread.java:745)
Exception in thread "QuorumConnectionThread-[myid=1]-11" java.lang.IllegalArgumentException: Cannot support TLS_ECDHE_ECDSA_WITH_AES_256_CBC_SHA384 with currently installed providers
	at sun.security.ssl.CipherSuiteList.<init>(CipherSuiteList.java:92)
	at sun.security.ssl.SSLSocketImpl.setEnabledCipherSuites(SSLSocketImpl.java:2419)
	at javax.net.ssl.SSLSocket.setSSLParameters(SSLSocket.java:650)
	at sun.security.ssl.SSLSocketImpl.setSSLParameters(SSLSocketImpl.java:2544)
	at org.apache.zookeeper.common.SSLContextAndOptions.configureSSLSocket(SSLContextAndOptions.java:125)
	at org.apache.zookeeper.common.SSLContextAndOptions.createSSLSocket(SSLContextAndOptions.java:80)
	at org.apache.zookeeper.common.X509Util.createSSLSocket(X509Util.java:517)
	at org.apache.zookeeper.server.quorum.QuorumCnxManager.initiateConnection(QuorumCnxManager.java:379)
	at org.apache.zookeeper.server.quorum.QuorumCnxManager$QuorumConnectionReqThread.run(QuorumCnxManager.java:458)
	at java.util.concurrent.ThreadPoolExecutor.runWorker(ThreadPoolExecutor.java:1142)
	at java.util.concurrent.ThreadPoolExecutor$Worker.run(ThreadPoolExecutor.java:617)
	at java.lang.Thread.run(Thread.java:745)
Exception in thread "QuorumConnectionThread-[myid=2]-10" java.lang.IllegalArgumentException: Cannot support TLS_ECDHE_ECDSA_WITH_AES_256_CBC_SHA384 with currently installed providers
	at sun.security.ssl.CipherSuiteList.<init>(CipherSuiteList.java:92)
	at sun.security.ssl.SSLSocketImpl.setEnabledCipherSuites(SSLSocketImpl.java:2419)
	at javax.net.ssl.SSLSocket.setSSLParameters(SSLSocket.java:650)
	at sun.security.ssl.SSLSocketImpl.setSSLParameters(SSLSocketImpl.java:2544)
	at org.apache.zookeeper.common.SSLContextAndOptions.configureSSLSocket(SSLContextAndOptions.java:125)
	at org.apache.zookeeper.common.SSLContextAndOptions.createSSLSocket(SSLContextAndOptions.java:80)
	at org.apache.zookeeper.common.X509Util.createSSLSocket(X509Util.java:517)
	at org.apache.zookeeper.server.quorum.QuorumCnxManager.initiateConnection(QuorumCnxManager.java:379)
	at org.apache.zookeeper.server.quorum.QuorumCnxManager$QuorumConnectionReqThread.run(QuorumCnxManager.java:458)
	at java.util.concurrent.ThreadPoolExecutor.runWorker(ThreadPoolExecutor.java:1142)
	at java.util.concurrent.ThreadPoolExecutor$Worker.run(ThreadPoolExecutor.java:617)
	at java.lang.Thread.run(Thread.java:745)
Exception in thread "QuorumConnectionThread-[myid=2]-11" java.lang.IllegalArgumentException: Cannot support TLS_ECDHE_ECDSA_WITH_AES_256_CBC_SHA384 with currently installed providers
	at sun.security.ssl.CipherSuiteList.<init>(CipherSuiteList.java:92)
	at sun.security.ssl.SSLSocketImpl.setEnabledCipherSuites(SSLSocketImpl.java:2419)
	at javax.net.ssl.SSLSocket.setSSLParameters(SSLSocket.java:650)
	at sun.security.ssl.SSLSocketImpl.setSSLParameters(SSLSocketImpl.java:2544)
	at org.apache.zookeeper.common.SSLContextAndOptions.configureSSLSocket(SSLContextAndOptions.java:125)
	at org.apache.zookeeper.common.SSLContextAndOptions.createSSLSocket(SSLContextAndOptions.java:80)
	at org.apache.zookeeper.common.X509Util.createSSLSocket(X509Util.java:517)
	at org.apache.zookeeper.server.quorum.QuorumCnxManager.initiateConnection(QuorumCnxManager.java:379)
	at org.apache.zookeeper.server.quorum.QuorumCnxManager$QuorumConnectionReqThread.run(QuorumCnxManager.java:458)
	at java.util.concurrent.ThreadPoolExecutor.runWorker(ThreadPoolExecutor.java:1142)
	at java.util.concurrent.ThreadPoolExecutor$Worker.run(ThreadPoolExecutor.java:617)
	at java.lang.Thread.run(Thread.java:745)
Exception in thread "QuorumConnectionThread-[myid=1]-10" java.lang.IllegalArgumentException: Cannot support TLS_ECDHE_ECDSA_WITH_AES_256_CBC_SHA384 with currently installed providers
	at sun.security.ssl.CipherSuiteList.<init>(CipherSuiteList.java:92)
	at sun.security.ssl.SSLSocketImpl.setEnabledCipherSuites(SSLSocketImpl.java:2419)
	at javax.net.ssl.SSLSocket.setSSLParameters(SSLSocket.java:650)
	at sun.security.ssl.SSLSocketImpl.setSSLParameters(SSLSocketImpl.java:2544)
	at org.apache.zookeeper.common.SSLContextAndOptions.configureSSLSocket(SSLContextAndOptions.java:125)
	at org.apache.zookeeper.common.SSLContextAndOptions.createSSLSocket(SSLContextAndOptions.java:80)
	at org.apache.zookeeper.common.X509Util.createSSLSocket(X509Util.java:517)
	at org.apache.zookeeper.server.quorum.QuorumCnxManager.initiateConnection(QuorumCnxManager.java:379)
	at org.apache.zookeeper.server.quorum.QuorumCnxManager$QuorumConnectionReqThread.run(QuorumCnxManager.java:458)
	at java.util.concurrent.ThreadPoolExecutor.runWorker(ThreadPoolExecutor.java:1142)
	at java.util.concurrent.ThreadPoolExecutor$Worker.run(ThreadPoolExecutor.java:617)
	at java.lang.Thread.run(Thread.java:745)
Exception in thread "QuorumConnectionThread-[myid=1]-13" java.lang.IllegalArgumentException: Cannot support TLS_ECDHE_ECDSA_WITH_AES_256_CBC_SHA384 with currently installed providers
	at sun.security.ssl.CipherSuiteList.<init>(CipherSuiteList.java:92)
	at sun.security.ssl.SSLSocketImpl.setEnabledCipherSuites(SSLSocketImpl.java:2419)
	at javax.net.ssl.SSLSocket.setSSLParameters(SSLSocket.java:650)
	at sun.security.ssl.SSLSocketImpl.setSSLParameters(SSLSocketImpl.java:2544)
	at org.apache.zookeeper.common.SSLContextAndOptions.configureSSLSocket(SSLContextAndOptions.java:125)
	at org.apache.zookeeper.common.SSLContextAndOptions.createSSLSocket(SSLContextAndOptions.java:80)
	at org.apache.zookeeper.common.X509Util.createSSLSocket(X509Util.java:517)
	at org.apache.zookeeper.server.quorum.QuorumCnxManager.initiateConnection(QuorumCnxManager.java:379)
	at org.apache.zookeeper.server.quorum.QuorumCnxManager$QuorumConnectionReqThread.run(QuorumCnxManager.java:458)
	at java.util.concurrent.ThreadPoolExecutor.runWorker(ThreadPoolExecutor.java:1142)
	at java.util.concurrent.ThreadPoolExecutor$Worker.run(ThreadPoolExecutor.java:617)
	at java.lang.Thread.run(Thread.java:745)
Exception in thread "QuorumConnectionThread-[myid=1]-12" java.lang.IllegalArgumentException: Cannot support TLS_ECDHE_ECDSA_WITH_AES_256_CBC_SHA384 with currently installed providers
	at sun.security.ssl.CipherSuiteList.<init>(CipherSuiteList.java:92)
	at sun.security.ssl.SSLSocketImpl.setEnabledCipherSuites(SSLSocketImpl.java:2419)
	at javax.net.ssl.SSLSocket.setSSLParameters(SSLSocket.java:650)
	at sun.security.ssl.SSLSocketImpl.setSSLParameters(SSLSocketImpl.java:2544)
	at org.apache.zookeeper.common.SSLContextAndOptions.configureSSLSocket(SSLContextAndOptions.java:125)
	at org.apache.zookeeper.common.SSLContextAndOptions.createSSLSocket(SSLContextAndOptions.java:80)
	at org.apache.zookeeper.common.X509Util.createSSLSocket(X509Util.java:517)
	at org.apache.zookeeper.server.quorum.QuorumCnxManager.initiateConnection(QuorumCnxManager.java:379)
	at org.apache.zookeeper.server.quorum.QuorumCnxManager$QuorumConnectionReqThread.run(QuorumCnxManager.java:458)
	at java.util.concurrent.ThreadPoolExecutor.runWorker(ThreadPoolExecutor.java:1142)
	at java.util.concurrent.ThreadPoolExecutor$Worker.run(ThreadPoolExecutor.java:617)
	at java.lang.Thread.run(Thread.java:745)
Exception in thread "QuorumConnectionThread-[myid=2]-13" java.lang.IllegalArgumentException: Cannot support TLS_ECDHE_ECDSA_WITH_AES_256_CBC_SHA384 with currently installed providers
	at sun.security.ssl.CipherSuiteList.<init>(CipherSuiteList.java:92)
	at sun.security.ssl.SSLSocketImpl.setEnabledCipherSuites(SSLSocketImpl.java:2419)
	at javax.net.ssl.SSLSocket.setSSLParameters(SSLSocket.java:650)
	at sun.security.ssl.SSLSocketImpl.setSSLParameters(SSLSocketImpl.java:2544)
	at org.apache.zookeeper.common.SSLContextAndOptions.configureSSLSocket(SSLContextAndOptions.java:125)
	at org.apache.zookeeper.common.SSLContextAndOptions.createSSLSocket(SSLContextAndOptions.java:80)
	at org.apache.zookeeper.common.X509Util.createSSLSocket(X509Util.java:517)
	at org.apache.zookeeper.server.quorum.QuorumCnxManager.initiateConnection(QuorumCnxManager.java:379)
	at org.apache.zookeeper.server.quorum.QuorumCnxManager$QuorumConnectionReqThread.run(QuorumCnxManager.java:458)
	at java.util.concurrent.ThreadPoolExecutor.runWorker(ThreadPoolExecutor.java:1142)
	at java.util.concurrent.ThreadPoolExecutor$Worker.run(ThreadPoolExecutor.java:617)
	at java.lang.Thread.run(Thread.java:745)
Exception in thread "QuorumConnectionThread-[myid=2]-12" java.lang.IllegalArgumentException: Cannot support TLS_ECDHE_ECDSA_WITH_AES_256_CBC_SHA384 with currently installed providers
	at sun.security.ssl.CipherSuiteList.<init>(CipherSuiteList.java:92)
	at sun.security.ssl.SSLSocketImpl.setEnabledCipherSuites(SSLSocketImpl.java:2419)
	at javax.net.ssl.SSLSocket.setSSLParameters(SSLSocket.java:650)
	at sun.security.ssl.SSLSocketImpl.setSSLParameters(SSLSocketImpl.java:2544)
	at org.apache.zookeeper.common.SSLContextAndOptions.configureSSLSocket(SSLContextAndOptions.java:125)
	at org.apache.zookeeper.common.SSLContextAndOptions.createSSLSocket(SSLContextAndOptions.java:80)
	at org.apache.zookeeper.common.X509Util.createSSLSocket(X509Util.java:517)
	at org.apache.zookeeper.server.quorum.QuorumCnxManager.initiateConnection(QuorumCnxManager.java:379)
	at org.apache.zookeeper.server.quorum.QuorumCnxManager$QuorumConnectionReqThread.run(QuorumCnxManager.java:458)
	at java.util.concurrent.ThreadPoolExecutor.runWorker(ThreadPoolExecutor.java:1142)
	at java.util.concurrent.ThreadPoolExecutor$Worker.run(ThreadPoolExecutor.java:617)
	at java.lang.Thread.run(Thread.java:745)
Exception in thread "QuorumConnectionThread-[myid=2]-15" java.lang.IllegalArgumentException: Cannot support TLS_ECDHE_ECDSA_WITH_AES_256_CBC_SHA384 with currently installed providers
	at sun.security.ssl.CipherSuiteList.<init>(CipherSuiteList.java:92)
	at sun.security.ssl.SSLSocketImpl.setEnabledCipherSuites(SSLSocketImpl.java:2419)
	at javax.net.ssl.SSLSocket.setSSLParameters(SSLSocket.java:650)
	at sun.security.ssl.SSLSocketImpl.setSSLParameters(SSLSocketImpl.java:2544)
	at org.apache.zookeeper.common.SSLContextAndOptions.configureSSLSocket(SSLContextAndOptions.java:125)
	at org.apache.zookeeper.common.SSLContextAndOptions.createSSLSocket(SSLContextAndOptions.java:80)
	at org.apache.zookeeper.common.X509Util.createSSLSocket(X509Util.java:517)
	at org.apache.zookeeper.server.quorum.QuorumCnxManager.initiateConnection(QuorumCnxManager.java:379)
	at org.apache.zookeeper.server.quorum.QuorumCnxManager$QuorumConnectionReqThread.run(QuorumCnxManager.java:458)
	at java.util.concurrent.ThreadPoolExecutor.runWorker(ThreadPoolExecutor.java:1142)
	at java.util.concurrent.ThreadPoolExecutor$Worker.run(ThreadPoolExecutor.java:617)
	at java.lang.Thread.run(Thread.java:745)
Exception in thread "QuorumConnectionThread-[myid=2]-14" java.lang.IllegalArgumentException: Cannot support TLS_ECDHE_ECDSA_WITH_AES_256_CBC_SHA384 with currently installed providers
	at sun.security.ssl.CipherSuiteList.<init>(CipherSuiteList.java:92)
	at sun.security.ssl.SSLSocketImpl.setEnabledCipherSuites(SSLSocketImpl.java:2419)
	at javax.net.ssl.SSLSocket.setSSLParameters(SSLSocket.java:650)
	at sun.security.ssl.SSLSocketImpl.setSSLParameters(SSLSocketImpl.java:2544)
	at org.apache.zookeeper.common.SSLContextAndOptions.configureSSLSocket(SSLContextAndOptions.java:125)
	at org.apache.zookeeper.common.SSLContextAndOptions.createSSLSocket(SSLContextAndOptions.java:80)
	at org.apache.zookeeper.common.X509Util.createSSLSocket(X509Util.java:517)
	at org.apache.zookeeper.server.quorum.QuorumCnxManager.initiateConnection(QuorumCnxManager.java:379)
	at org.apache.zookeeper.server.quorum.QuorumCnxManager$QuorumConnectionReqThread.run(QuorumCnxManager.java:458)
	at java.util.concurrent.ThreadPoolExecutor.runWorker(ThreadPoolExecutor.java:1142)
	at java.util.concurrent.ThreadPoolExecutor$Worker.run(ThreadPoolExecutor.java:617)
	at java.lang.Thread.run(Thread.java:745)
Exception in thread "QuorumConnectionThread-[myid=1]-15" java.lang.IllegalArgumentException: Cannot support TLS_ECDHE_ECDSA_WITH_AES_256_CBC_SHA384 with currently installed providers
	at sun.security.ssl.CipherSuiteList.<init>(CipherSuiteList.java:92)
	at sun.security.ssl.SSLSocketImpl.setEnabledCipherSuites(SSLSocketImpl.java:2419)
	at javax.net.ssl.SSLSocket.setSSLParameters(SSLSocket.java:650)
	at sun.security.ssl.SSLSocketImpl.setSSLParameters(SSLSocketImpl.java:2544)
	at org.apache.zookeeper.common.SSLContextAndOptions.configureSSLSocket(SSLContextAndOptions.java:125)
	at org.apache.zookeeper.common.SSLContextAndOptions.createSSLSocket(SSLContextAndOptions.java:80)
	at org.apache.zookeeper.common.X509Util.createSSLSocket(X509Util.java:517)
	at org.apache.zookeeper.server.quorum.QuorumCnxManager.initiateConnection(QuorumCnxManager.java:379)
	at org.apache.zookeeper.server.quorum.QuorumCnxManager$QuorumConnectionReqThread.run(QuorumCnxManager.java:458)
	at java.util.concurrent.ThreadPoolExecutor.runWorker(ThreadPoolExecutor.java:1142)
	at java.util.concurrent.ThreadPoolExecutor$Worker.run(ThreadPoolExecutor.java:617)
	at java.lang.Thread.run(Thread.java:745)
Exception in thread "QuorumConnectionThread-[myid=1]-14" java.lang.IllegalArgumentException: Cannot support TLS_ECDHE_ECDSA_WITH_AES_256_CBC_SHA384 with currently installed providers
	at sun.security.ssl.CipherSuiteList.<init>(CipherSuiteList.java:92)
	at sun.security.ssl.SSLSocketImpl.setEnabledCipherSuites(SSLSocketImpl.java:2419)
	at javax.net.ssl.SSLSocket.setSSLParameters(SSLSocket.java:650)
	at sun.security.ssl.SSLSocketImpl.setSSLParameters(SSLSocketImpl.java:2544)
	at org.apache.zookeeper.common.SSLContextAndOptions.configureSSLSocket(SSLContextAndOptions.java:125)
	at org.apache.zookeeper.common.SSLContextAndOptions.createSSLSocket(SSLContextAndOptions.java:80)
	at org.apache.zookeeper.common.X509Util.createSSLSocket(X509Util.java:517)
	at org.apache.zookeeper.server.quorum.QuorumCnxManager.initiateConnection(QuorumCnxManager.java:379)
	at org.apache.zookeeper.server.quorum.QuorumCnxManager$QuorumConnectionReqThread.run(QuorumCnxManager.java:458)
	at java.util.concurrent.ThreadPoolExecutor.runWorker(ThreadPoolExecutor.java:1142)
	at java.util.concurrent.ThreadPoolExecutor$Worker.run(ThreadPoolExecutor.java:617)
	at java.lang.Thread.run(Thread.java:745)
Exception in thread "QuorumConnectionThread-[myid=2]-17" java.lang.IllegalArgumentException: Cannot support TLS_ECDHE_ECDSA_WITH_AES_256_CBC_SHA384 with currently installed providers
	at sun.security.ssl.CipherSuiteList.<init>(CipherSuiteList.java:92)
	at sun.security.ssl.SSLSocketImpl.setEnabledCipherSuites(SSLSocketImpl.java:2419)
	at javax.net.ssl.SSLSocket.setSSLParameters(SSLSocket.java:650)
	at sun.security.ssl.SSLSocketImpl.setSSLParameters(SSLSocketImpl.java:2544)
	at org.apache.zookeeper.common.SSLContextAndOptions.configureSSLSocket(SSLContextAndOptions.java:125)
	at org.apache.zookeeper.common.SSLContextAndOptions.createSSLSocket(SSLContextAndOptions.java:80)
	at org.apache.zookeeper.common.X509Util.createSSLSocket(X509Util.java:517)
	at org.apache.zookeeper.server.quorum.QuorumCnxManager.initiateConnection(QuorumCnxManager.java:379)
	at org.apache.zookeeper.server.quorum.QuorumCnxManager$QuorumConnectionReqThread.run(QuorumCnxManager.java:458)
	at java.util.concurrent.ThreadPoolExecutor.runWorker(ThreadPoolExecutor.java:1142)
	at java.util.concurrent.ThreadPoolExecutor$Worker.run(ThreadPoolExecutor.java:617)
	at java.lang.Thread.run(Thread.java:745)
Exception in thread "QuorumConnectionThread-[myid=2]-16" java.lang.IllegalArgumentException: Cannot support TLS_ECDHE_ECDSA_WITH_AES_256_CBC_SHA384 with currently installed providers
	at sun.security.ssl.CipherSuiteList.<init>(CipherSuiteList.java:92)
	at sun.security.ssl.SSLSocketImpl.setEnabledCipherSuites(SSLSocketImpl.java:2419)
	at javax.net.ssl.SSLSocket.setSSLParameters(SSLSocket.java:650)
	at sun.security.ssl.SSLSocketImpl.setSSLParameters(SSLSocketImpl.java:2544)
	at org.apache.zookeeper.common.SSLContextAndOptions.configureSSLSocket(SSLContextAndOptions.java:125)
	at org.apache.zookeeper.common.SSLContextAndOptions.createSSLSocket(SSLContextAndOptions.java:80)
	at org.apache.zookeeper.common.X509Util.createSSLSocket(X509Util.java:517)
	at org.apache.zookeeper.server.quorum.QuorumCnxManager.initiateConnection(QuorumCnxManager.java:379)
	at org.apache.zookeeper.server.quorum.QuorumCnxManager$QuorumConnectionReqThread.run(QuorumCnxManager.java:458)
	at java.util.concurrent.ThreadPoolExecutor.runWorker(ThreadPoolExecutor.java:1142)
	at java.util.concurrent.ThreadPoolExecutor$Worker.run(ThreadPoolExecutor.java:617)
	at java.lang.Thread.run(Thread.java:745)
Exception in thread "QuorumConnectionThread-[myid=1]-17" java.lang.IllegalArgumentException: Cannot support TLS_ECDHE_ECDSA_WITH_AES_256_CBC_SHA384 with currently installed providers
	at sun.security.ssl.CipherSuiteList.<init>(CipherSuiteList.java:92)
	at sun.security.ssl.SSLSocketImpl.setEnabledCipherSuites(SSLSocketImpl.java:2419)
	at javax.net.ssl.SSLSocket.setSSLParameters(SSLSocket.java:650)
	at sun.security.ssl.SSLSocketImpl.setSSLParameters(SSLSocketImpl.java:2544)
	at org.apache.zookeeper.common.SSLContextAndOptions.configureSSLSocket(SSLContextAndOptions.java:125)
	at org.apache.zookeeper.common.SSLContextAndOptions.createSSLSocket(SSLContextAndOptions.java:80)
	at org.apache.zookeeper.common.X509Util.createSSLSocket(X509Util.java:517)
	at org.apache.zookeeper.server.quorum.QuorumCnxManager.initiateConnection(QuorumCnxManager.java:379)
	at org.apache.zookeeper.server.quorum.QuorumCnxManager$QuorumConnectionReqThread.run(QuorumCnxManager.java:458)
	at java.util.concurrent.ThreadPoolExecutor.runWorker(ThreadPoolExecutor.java:1142)
	at java.util.concurrent.ThreadPoolExecutor$Worker.run(ThreadPoolExecutor.java:617)
	at java.lang.Thread.run(Thread.java:745)
Exception in thread "QuorumConnectionThread-[myid=1]-16" java.lang.IllegalArgumentException: Cannot support TLS_ECDHE_ECDSA_WITH_AES_256_CBC_SHA384 with currently installed providers
	at sun.security.ssl.CipherSuiteList.<init>(CipherSuiteList.java:92)
	at sun.security.ssl.SSLSocketImpl.setEnabledCipherSuites(SSLSocketImpl.java:2419)
	at javax.net.ssl.SSLSocket.setSSLParameters(SSLSocket.java:650)
	at sun.security.ssl.SSLSocketImpl.setSSLParameters(SSLSocketImpl.java:2544)
	at org.apache.zookeeper.common.SSLContextAndOptions.configureSSLSocket(SSLContextAndOptions.java:125)
	at org.apache.zookeeper.common.SSLContextAndOptions.createSSLSocket(SSLContextAndOptions.java:80)
	at org.apache.zookeeper.common.X509Util.createSSLSocket(X509Util.java:517)
	at org.apache.zookeeper.server.quorum.QuorumCnxManager.initiateConnection(QuorumCnxManager.java:379)
	at org.apache.zookeeper.server.quorum.QuorumCnxManager$QuorumConnectionReqThread.run(QuorumCnxManager.java:458)
	at java.util.concurrent.ThreadPoolExecutor.runWorker(ThreadPoolExecutor.java:1142)
	at java.util.concurrent.ThreadPoolExecutor$Worker.run(ThreadPoolExecutor.java:617)
	at java.lang.Thread.run(Thread.java:745)
]]></system-err>
  </testcase>
  <testcase name="testProtocolVersion" classname="org.apache.zookeeper.server.quorum.QuorumSSLTest" time="36.496">
    <failure message="expected: &lt;true&gt; but was: &lt;false&gt;" type="org.opentest4j.AssertionFailedError"><![CDATA[org.opentest4j.AssertionFailedError: expected: <true> but was: <false>
	at org.apache.zookeeper.server.quorum.QuorumSSLTest.testProtocolVersion(QuorumSSLTest.java:899)
]]></failure>
    <system-out><![CDATA[2021-11-08 11:18:03,172 [myid:] - INFO  [main:ZKTestCase@77] - STARTING Optional[public void org.apache.zookeeper.server.quorum.QuorumSSLTest.testProtocolVersion() throws java.lang.Exception]
2021-11-08 11:18:03,177 [myid:] - INFO  [main:PortAssignment@87] - Assigned port 30188 from range 30072 - 32764.
2021-11-08 11:18:03,177 [myid:] - INFO  [main:PortAssignment@87] - Assigned port 30189 from range 30072 - 32764.
2021-11-08 11:18:03,178 [myid:] - INFO  [main:PortAssignment@87] - Assigned port 30190 from range 30072 - 32764.
2021-11-08 11:18:03,178 [myid:] - INFO  [main:PortAssignment@87] - Assigned port 30191 from range 30072 - 32764.
2021-11-08 11:18:03,178 [myid:] - INFO  [main:PortAssignment@87] - Assigned port 30192 from range 30072 - 32764.
2021-11-08 11:18:03,178 [myid:] - INFO  [main:PortAssignment@87] - Assigned port 30193 from range 30072 - 32764.
2021-11-08 11:18:03,179 [myid:] - INFO  [main:PortAssignment@87] - Assigned port 30194 from range 30072 - 32764.
2021-11-08 11:18:03,179 [myid:] - INFO  [main:PortAssignment@87] - Assigned port 30195 from range 30072 - 32764.
2021-11-08 11:18:03,179 [myid:] - INFO  [main:PortAssignment@87] - Assigned port 30196 from range 30072 - 32764.
2021-11-08 11:18:03,448 [myid:2] - INFO  [WorkerReceiver[myid=2]:FastLeaderElection$Messenger$WorkerReceiver@472] - WorkerReceiver is down
2021-11-08 11:18:03,448 [myid:2] - INFO  [WorkerSender[myid=2]:FastLeaderElection$Messenger$WorkerSender@506] - WorkerSender is down
2021-11-08 11:18:03,464 [myid:1] - INFO  [WorkerReceiver[myid=1]:FastLeaderElection$Messenger$WorkerReceiver@472] - WorkerReceiver is down
2021-11-08 11:18:03,464 [myid:1] - INFO  [WorkerSender[myid=1]:FastLeaderElection$Messenger$WorkerSender@506] - WorkerSender is down
2021-11-08 11:18:09,611 [myid:] - INFO  [main:QuorumPeerTestBase$MainThread@205] - id = 1 tmpDir = D:\mysoft\faiscoGit\myStudy\ZooKeeperLearning\apache-zookeeper-3.7.0\zookeeper-server\target\surefire\test4865574153682848369.junit.dir clientPort = 30188 adminServerPort = 8080
2021-11-08 11:18:09,614 [myid:] - INFO  [main:QuorumPeerTestBase$MainThread@205] - id = 2 tmpDir = D:\mysoft\faiscoGit\myStudy\ZooKeeperLearning\apache-zookeeper-3.7.0\zookeeper-server\target\surefire\test860067230996500614.junit.dir clientPort = 30189 adminServerPort = 8080
2021-11-08 11:18:09,617 [myid:] - INFO  [main:FourLetterWordMain@94] - connecting to 127.0.0.1 30188
2021-11-08 11:18:09,617 [myid:] - INFO  [Thread-38:QuorumPeerConfig@174] - Reading configuration from: D:\mysoft\faiscoGit\myStudy\ZooKeeperLearning\apache-zookeeper-3.7.0\zookeeper-server\target\surefire\test860067230996500614.junit.dir\zoo.cfg
2021-11-08 11:18:09,617 [myid:] - INFO  [Thread-37:QuorumPeerConfig@174] - Reading configuration from: D:\mysoft\faiscoGit\myStudy\ZooKeeperLearning\apache-zookeeper-3.7.0\zookeeper-server\target\surefire\test4865574153682848369.junit.dir\zoo.cfg
2021-11-08 11:18:09,617 [myid:] - INFO  [Thread-37:QuorumPeerConfig@444] - clientPortAddress is 0.0.0.0:30188
2021-11-08 11:18:09,617 [myid:] - INFO  [Thread-37:QuorumPeerConfig@448] - secureClientPort is not set
2021-11-08 11:18:09,617 [myid:] - INFO  [Thread-37:QuorumPeerConfig@464] - observerMasterPort is not set
2021-11-08 11:18:09,617 [myid:] - INFO  [Thread-37:QuorumPeerConfig@481] - metricsProvider.className is org.apache.zookeeper.metrics.impl.DefaultMetricsProvider
2021-11-08 11:18:09,617 [myid:] - INFO  [Thread-38:QuorumPeerConfig@444] - clientPortAddress is 0.0.0.0:30189
2021-11-08 11:18:09,617 [myid:] - INFO  [Thread-38:QuorumPeerConfig@448] - secureClientPort is not set
2021-11-08 11:18:09,617 [myid:] - INFO  [Thread-38:QuorumPeerConfig@464] - observerMasterPort is not set
2021-11-08 11:18:09,617 [myid:] - INFO  [Thread-38:QuorumPeerConfig@481] - metricsProvider.className is org.apache.zookeeper.metrics.impl.DefaultMetricsProvider
2021-11-08 11:18:09,618 [myid:1] - INFO  [Thread-37:DatadirCleanupManager@78] - autopurge.snapRetainCount set to 3
2021-11-08 11:18:09,618 [myid:1] - INFO  [Thread-37:DatadirCleanupManager@79] - autopurge.purgeInterval set to 0
2021-11-08 11:18:09,618 [myid:1] - INFO  [Thread-37:DatadirCleanupManager@101] - Purge task is not scheduled.
2021-11-08 11:18:09,618 [myid:2] - INFO  [Thread-38:DatadirCleanupManager@78] - autopurge.snapRetainCount set to 3
2021-11-08 11:18:09,618 [myid:2] - INFO  [Thread-38:DatadirCleanupManager@79] - autopurge.purgeInterval set to 0
2021-11-08 11:18:09,618 [myid:2] - INFO  [Thread-38:DatadirCleanupManager@101] - Purge task is not scheduled.
2021-11-08 11:18:09,618 [myid:1] - INFO  [Thread-37:ManagedUtil@44] - Log4j 1.2 jmx support found and enabled.
2021-11-08 11:18:09,618 [myid:2] - INFO  [Thread-38:ManagedUtil@44] - Log4j 1.2 jmx support found and enabled.
2021-11-08 11:18:09,618 [myid:1] - ERROR [Thread-37:ManagedUtil@109] - Problems while registering log4j 1.2 jmx beans!
javax.management.InstanceAlreadyExistsException: log4j:hierarchy=default
	at com.sun.jmx.mbeanserver.Repository.addMBean(Repository.java:437)
	at com.sun.jmx.interceptor.DefaultMBeanServerInterceptor.registerWithRepository(DefaultMBeanServerInterceptor.java:1898)
	at com.sun.jmx.interceptor.DefaultMBeanServerInterceptor.registerDynamicMBean(DefaultMBeanServerInterceptor.java:966)
	at com.sun.jmx.interceptor.DefaultMBeanServerInterceptor.registerObject(DefaultMBeanServerInterceptor.java:900)
	at com.sun.jmx.interceptor.DefaultMBeanServerInterceptor.registerMBean(DefaultMBeanServerInterceptor.java:324)
	at com.sun.jmx.mbeanserver.JmxMBeanServer.registerMBean(JmxMBeanServer.java:522)
	at org.apache.zookeeper.jmx.ManagedUtil.registerLog4jMBeans(ManagedUtil.java:72)
	at org.apache.zookeeper.server.quorum.QuorumPeerMain.runFromConfig(QuorumPeerMain.java:147)
	at org.apache.zookeeper.server.quorum.QuorumPeerMain.initializeAndRun(QuorumPeerMain.java:137)
	at org.apache.zookeeper.server.quorum.QuorumPeerTestBase$MainThread.run(QuorumPeerTestBase.java:329)
	at java.lang.Thread.run(Thread.java:745)
2021-11-08 11:18:09,618 [myid:1] - WARN  [Thread-37:QuorumPeerMain@149] - Unable to register log4j JMX control
javax.management.JMException: javax.management.InstanceAlreadyExistsException: log4j:hierarchy=default
	at org.apache.zookeeper.jmx.ManagedUtil.registerLog4jMBeans(ManagedUtil.java:110)
	at org.apache.zookeeper.server.quorum.QuorumPeerMain.runFromConfig(QuorumPeerMain.java:147)
	at org.apache.zookeeper.server.quorum.QuorumPeerMain.initializeAndRun(QuorumPeerMain.java:137)
	at org.apache.zookeeper.server.quorum.QuorumPeerTestBase$MainThread.run(QuorumPeerTestBase.java:329)
	at java.lang.Thread.run(Thread.java:745)
2021-11-08 11:18:09,618 [myid:1] - INFO  [Thread-37:QuorumPeerMain@152] - Starting quorum peer, myid=1
2021-11-08 11:18:09,618 [myid:1] - INFO  [Thread-37:ServerMetrics@62] - ServerMetrics initialized with provider org.apache.zookeeper.metrics.impl.DefaultMetricsProvider@3660e00a
2021-11-08 11:18:09,618 [myid:2] - ERROR [Thread-38:ManagedUtil@109] - Problems while registering log4j 1.2 jmx beans!
javax.management.InstanceAlreadyExistsException: log4j:hierarchy=default
	at com.sun.jmx.mbeanserver.Repository.addMBean(Repository.java:437)
	at com.sun.jmx.interceptor.DefaultMBeanServerInterceptor.registerWithRepository(DefaultMBeanServerInterceptor.java:1898)
	at com.sun.jmx.interceptor.DefaultMBeanServerInterceptor.registerDynamicMBean(DefaultMBeanServerInterceptor.java:966)
	at com.sun.jmx.interceptor.DefaultMBeanServerInterceptor.registerObject(DefaultMBeanServerInterceptor.java:900)
	at com.sun.jmx.interceptor.DefaultMBeanServerInterceptor.registerMBean(DefaultMBeanServerInterceptor.java:324)
	at com.sun.jmx.mbeanserver.JmxMBeanServer.registerMBean(JmxMBeanServer.java:522)
	at org.apache.zookeeper.jmx.ManagedUtil.registerLog4jMBeans(ManagedUtil.java:72)
	at org.apache.zookeeper.server.quorum.QuorumPeerMain.runFromConfig(QuorumPeerMain.java:147)
	at org.apache.zookeeper.server.quorum.QuorumPeerMain.initializeAndRun(QuorumPeerMain.java:137)
	at org.apache.zookeeper.server.quorum.QuorumPeerTestBase$MainThread.run(QuorumPeerTestBase.java:329)
	at java.lang.Thread.run(Thread.java:745)
2021-11-08 11:18:09,618 [myid:2] - WARN  [Thread-38:QuorumPeerMain@149] - Unable to register log4j JMX control
javax.management.JMException: javax.management.InstanceAlreadyExistsException: log4j:hierarchy=default
	at org.apache.zookeeper.jmx.ManagedUtil.registerLog4jMBeans(ManagedUtil.java:110)
	at org.apache.zookeeper.server.quorum.QuorumPeerMain.runFromConfig(QuorumPeerMain.java:147)
	at org.apache.zookeeper.server.quorum.QuorumPeerMain.initializeAndRun(QuorumPeerMain.java:137)
	at org.apache.zookeeper.server.quorum.QuorumPeerTestBase$MainThread.run(QuorumPeerTestBase.java:329)
	at java.lang.Thread.run(Thread.java:745)
2021-11-08 11:18:09,618 [myid:2] - INFO  [Thread-38:QuorumPeerMain@152] - Starting quorum peer, myid=2
2021-11-08 11:18:09,618 [myid:1] - INFO  [Thread-37:DigestAuthenticationProvider@61] - zookeeper.DigestAuthenticationProvider.enabled = true
2021-11-08 11:18:09,618 [myid:2] - INFO  [Thread-38:ServerMetrics@62] - ServerMetrics initialized with provider org.apache.zookeeper.metrics.impl.DefaultMetricsProvider@75a53c5b
2021-11-08 11:18:09,618 [myid:1] - INFO  [Thread-37:NettyServerCnxnFactory@507] - zookeeper.client.portUnification=false
2021-11-08 11:18:09,618 [myid:1] - INFO  [Thread-37:NettyServerCnxnFactory@519] - zookeeper.netty.advancedFlowControl.enabled = false
2021-11-08 11:18:09,618 [myid:1] - INFO  [Thread-37:NettyServerCnxnFactory@106] - handshakeThrottlingEnabled = false, zookeeper.netty.server.outstandingHandshake.limit = -1
2021-11-08 11:18:09,618 [myid:2] - INFO  [Thread-38:DigestAuthenticationProvider@61] - zookeeper.DigestAuthenticationProvider.enabled = true
2021-11-08 11:18:09,619 [myid:2] - INFO  [Thread-38:NettyServerCnxnFactory@507] - zookeeper.client.portUnification=false
2021-11-08 11:18:09,619 [myid:2] - INFO  [Thread-38:NettyServerCnxnFactory@519] - zookeeper.netty.advancedFlowControl.enabled = false
2021-11-08 11:18:09,619 [myid:2] - INFO  [Thread-38:NettyServerCnxnFactory@106] - handshakeThrottlingEnabled = false, zookeeper.netty.server.outstandingHandshake.limit = -1
2021-11-08 11:18:10,074 [myid:1] - INFO  [Thread-37:ServerCnxnFactory@169] - Using org.apache.zookeeper.server.NettyServerCnxnFactory as server connection factory
2021-11-08 11:18:10,074 [myid:2] - INFO  [Thread-38:ServerCnxnFactory@169] - Using org.apache.zookeeper.server.NettyServerCnxnFactory as server connection factory
2021-11-08 11:18:10,074 [myid:2] - WARN  [Thread-38:ServerCnxnFactory@309] - maxCnxns is not configured, using default value 0.
2021-11-08 11:18:10,074 [myid:1] - WARN  [Thread-37:ServerCnxnFactory@309] - maxCnxns is not configured, using default value 0.
2021-11-08 11:18:10,074 [myid:2] - INFO  [Thread-38:NettyServerCnxnFactory@606] - configure org.apache.zookeeper.server.NettyServerCnxnFactory@792db199 secure: false on addr /0.0.0.0:30189
2021-11-08 11:18:10,074 [myid:1] - INFO  [Thread-37:NettyServerCnxnFactory@606] - configure org.apache.zookeeper.server.NettyServerCnxnFactory@6ccd8d99 secure: false on addr /0.0.0.0:30188
2021-11-08 11:18:10,074 [myid:2] - INFO  [Thread-38:FileTxnSnapLog@124] - zookeeper.snapshot.trust.empty : false
2021-11-08 11:18:10,074 [myid:1] - INFO  [Thread-37:FileTxnSnapLog@124] - zookeeper.snapshot.trust.empty : false
2021-11-08 11:18:10,075 [myid:1] - INFO  [Thread-37:QuorumPeer@1742] - Local sessions disabled
2021-11-08 11:18:10,075 [myid:1] - INFO  [Thread-37:QuorumPeer@1753] - Local session upgrading disabled
2021-11-08 11:18:10,075 [myid:1] - INFO  [Thread-37:QuorumPeer@1720] - tickTime set to 4000
2021-11-08 11:18:10,075 [myid:1] - INFO  [Thread-37:QuorumPeer@1764] - minSessionTimeout set to 8000
2021-11-08 11:18:10,075 [myid:1] - INFO  [Thread-37:QuorumPeer@1775] - maxSessionTimeout set to 80000
2021-11-08 11:18:10,075 [myid:1] - INFO  [Thread-37:QuorumPeer@1800] - initLimit set to 10
2021-11-08 11:18:10,075 [myid:1] - INFO  [Thread-37:QuorumPeer@1987] - syncLimit set to 5
2021-11-08 11:18:10,075 [myid:1] - INFO  [Thread-37:QuorumPeer@2002] - connectToLearnerMasterLimit set to 5
2021-11-08 11:18:10,075 [myid:2] - INFO  [Thread-38:QuorumPeer@1742] - Local sessions disabled
2021-11-08 11:18:10,075 [myid:2] - INFO  [Thread-38:QuorumPeer@1753] - Local session upgrading disabled
2021-11-08 11:18:10,075 [myid:2] - INFO  [Thread-38:QuorumPeer@1720] - tickTime set to 4000
2021-11-08 11:18:10,075 [myid:1] - INFO  [Thread-37:WatchManagerFactory@42] - Using org.apache.zookeeper.server.watch.WatchManager as watch manager
2021-11-08 11:18:10,075 [myid:2] - INFO  [Thread-38:QuorumPeer@1764] - minSessionTimeout set to 8000
2021-11-08 11:18:10,075 [myid:1] - INFO  [Thread-37:WatchManagerFactory@42] - Using org.apache.zookeeper.server.watch.WatchManager as watch manager
2021-11-08 11:18:10,075 [myid:2] - INFO  [Thread-38:QuorumPeer@1775] - maxSessionTimeout set to 80000
2021-11-08 11:18:10,075 [myid:1] - INFO  [Thread-37:ZKDatabase@133] - zookeeper.snapshotSizeFactor = 0.33
2021-11-08 11:18:10,075 [myid:2] - INFO  [Thread-38:QuorumPeer@1800] - initLimit set to 10
2021-11-08 11:18:10,075 [myid:1] - INFO  [Thread-37:ZKDatabase@153] - zookeeper.commitLogCount=500
2021-11-08 11:18:10,075 [myid:2] - INFO  [Thread-38:QuorumPeer@1987] - syncLimit set to 5
2021-11-08 11:18:10,075 [myid:2] - INFO  [Thread-38:QuorumPeer@2002] - connectToLearnerMasterLimit set to 5
2021-11-08 11:18:10,075 [myid:2] - INFO  [Thread-38:WatchManagerFactory@42] - Using org.apache.zookeeper.server.watch.WatchManager as watch manager
2021-11-08 11:18:10,075 [myid:2] - INFO  [Thread-38:WatchManagerFactory@42] - Using org.apache.zookeeper.server.watch.WatchManager as watch manager
2021-11-08 11:18:10,075 [myid:1] - INFO  [Thread-37:QuorumPeer@2064] - Using TLS encrypted quorum communication
2021-11-08 11:18:10,075 [myid:1] - INFO  [Thread-37:QuorumPeer@2072] - Port unification disabled
2021-11-08 11:18:10,075 [myid:2] - INFO  [Thread-38:ZKDatabase@133] - zookeeper.snapshotSizeFactor = 0.33
2021-11-08 11:18:10,075 [myid:1] - INFO  [Thread-37:QuorumPeer@179] - multiAddress.enabled set to false
2021-11-08 11:18:10,075 [myid:2] - INFO  [Thread-38:ZKDatabase@153] - zookeeper.commitLogCount=500
2021-11-08 11:18:10,075 [myid:1] - INFO  [Thread-37:QuorumPeer@204] - multiAddress.reachabilityCheckEnabled set to true
2021-11-08 11:18:10,075 [myid:1] - INFO  [Thread-37:QuorumPeer@191] - multiAddress.reachabilityCheckTimeoutMs set to 1000
2021-11-08 11:18:10,075 [myid:1] - INFO  [Thread-37:QuorumPeer@2527] - QuorumPeer communication is not secured! (SASL auth disabled)
2021-11-08 11:18:10,076 [myid:1] - INFO  [Thread-37:QuorumPeer@2552] - quorum.cnxn.threads.size set to 20
2021-11-08 11:18:10,076 [myid:2] - INFO  [Thread-38:QuorumPeer@2064] - Using TLS encrypted quorum communication
2021-11-08 11:18:10,076 [myid:2] - INFO  [Thread-38:QuorumPeer@2072] - Port unification disabled
2021-11-08 11:18:10,076 [myid:2] - INFO  [Thread-38:QuorumPeer@179] - multiAddress.enabled set to false
2021-11-08 11:18:10,076 [myid:2] - INFO  [Thread-38:QuorumPeer@204] - multiAddress.reachabilityCheckEnabled set to true
2021-11-08 11:18:10,076 [myid:2] - INFO  [Thread-38:QuorumPeer@191] - multiAddress.reachabilityCheckTimeoutMs set to 1000
2021-11-08 11:18:10,076 [myid:2] - INFO  [Thread-38:QuorumPeer@2527] - QuorumPeer communication is not secured! (SASL auth disabled)
2021-11-08 11:18:10,076 [myid:2] - INFO  [Thread-38:QuorumPeer@2552] - quorum.cnxn.threads.size set to 20
2021-11-08 11:18:10,076 [myid:1] - INFO  [Thread-37:FileTxnSnapLog@260] - Initialize file found, an empty database will not block voting participation
2021-11-08 11:18:10,076 [myid:2] - INFO  [Thread-38:FileTxnSnapLog@260] - Initialize file found, an empty database will not block voting participation
2021-11-08 11:18:10,076 [myid:1] - INFO  [Thread-37:FileTxnSnapLog@479] - Snapshotting: 0x0 to D:\mysoft\faiscoGit\myStudy\ZooKeeperLearning\apache-zookeeper-3.7.0\zookeeper-server\target\surefire\test4865574153682848369.junit.dir\data\version-2\snapshot.0
2021-11-08 11:18:10,076 [myid:2] - INFO  [Thread-38:FileTxnSnapLog@479] - Snapshotting: 0x0 to D:\mysoft\faiscoGit\myStudy\ZooKeeperLearning\apache-zookeeper-3.7.0\zookeeper-server\target\surefire\test860067230996500614.junit.dir\data\version-2\snapshot.0
2021-11-08 11:18:10,077 [myid:1] - INFO  [Thread-37:ZKDatabase@290] - Snapshot loaded in 1 ms, highest zxid is 0x0, digest is 1371985504
2021-11-08 11:18:10,077 [myid:2] - INFO  [Thread-38:ZKDatabase@290] - Snapshot loaded in 1 ms, highest zxid is 0x0, digest is 1371985504
2021-11-08 11:18:10,077 [myid:1] - INFO  [Thread-37:QuorumPeer@1157] - currentEpoch not found! Creating with a reasonable default of 0. This should only happen when you are upgrading your installation
2021-11-08 11:18:10,077 [myid:2] - INFO  [Thread-38:QuorumPeer@1157] - currentEpoch not found! Creating with a reasonable default of 0. This should only happen when you are upgrading your installation
2021-11-08 11:18:10,084 [myid:1] - INFO  [Thread-37:QuorumPeer@1177] - acceptedEpoch not found! Creating with a reasonable default of 0. This should only happen when you are upgrading your installation
2021-11-08 11:18:10,084 [myid:2] - INFO  [Thread-38:QuorumPeer@1177] - acceptedEpoch not found! Creating with a reasonable default of 0. This should only happen when you are upgrading your installation
2021-11-08 11:18:10,091 [myid:1] - INFO  [Thread-37:NettyServerCnxnFactory@695] - binding to port /0.0.0.0:30188
2021-11-08 11:18:10,093 [myid:1] - INFO  [Thread-37:NettyServerCnxnFactory@700] - bound to port 30188
2021-11-08 11:18:10,094 [myid:1] - INFO  [Thread-37:QuorumPeer@2569] - Using 20000ms as the quorum cnxn socket timeout
2021-11-08 11:18:10,094 [myid:1] - INFO  [Thread-37:QuorumCnxManager$Listener@924] - Election port bind maximum retries is 3
2021-11-08 11:18:10,094 [myid:2] - INFO  [Thread-38:NettyServerCnxnFactory@695] - binding to port /0.0.0.0:30189
2021-11-08 11:18:10,095 [myid:1] - INFO  [QuorumPeer[myid=1](plain=[0:0:0:0:0:0:0:0]:30188)(secure=disabled):QuorumPeer@1430] - LOOKING
2021-11-08 11:18:10,095 [myid:1] - INFO  [QuorumPeer[myid=1](plain=[0:0:0:0:0:0:0:0]:30188)(secure=disabled):FastLeaderElection@947] - New election. My id = 1, proposed zxid=0x0
2021-11-08 11:18:10,095 [myid:2] - INFO  [Thread-38:NettyServerCnxnFactory@700] - bound to port 30189
2021-11-08 11:18:10,095 [myid:2] - INFO  [Thread-38:QuorumPeer@2569] - Using 20000ms as the quorum cnxn socket timeout
2021-11-08 11:18:10,095 [myid:2] - INFO  [Thread-38:QuorumCnxManager$Listener@924] - Election port bind maximum retries is 3
2021-11-08 11:18:10,097 [myid:2] - INFO  [QuorumPeer[myid=2](plain=[0:0:0:0:0:0:0:0]:30189)(secure=disabled):QuorumPeer@1430] - LOOKING
2021-11-08 11:18:10,097 [myid:2] - INFO  [QuorumPeer[myid=2](plain=[0:0:0:0:0:0:0:0]:30189)(secure=disabled):FastLeaderElection@947] - New election. My id = 2, proposed zxid=0x0
2021-11-08 11:18:10,105 [myid:2] - INFO  [WorkerReceiver[myid=2]:FastLeaderElection$Messenger$WorkerReceiver@390] - Notification: my state:LOOKING; n.sid:2, n.state:LOOKING, n.leader:2, n.round:0x1, n.peerEpoch:0x0, n.zxid:0x0, message format version:0x2, n.config version:0x0
2021-11-08 11:18:10,105 [myid:1] - INFO  [WorkerReceiver[myid=1]:FastLeaderElection$Messenger$WorkerReceiver@390] - Notification: my state:LOOKING; n.sid:1, n.state:LOOKING, n.leader:1, n.round:0x1, n.peerEpoch:0x0, n.zxid:0x0, message format version:0x2, n.config version:0x0
2021-11-08 11:18:10,106 [myid:1] - INFO  [ListenerHandler-/127.0.0.1:30194:QuorumCnxManager$Listener$ListenerHandler@1128] - Creating TLS-only quorum server socket
2021-11-08 11:18:10,106 [myid:2] - INFO  [ListenerHandler-/127.0.0.1:30195:QuorumCnxManager$Listener$ListenerHandler@1128] - Creating TLS-only quorum server socket
2021-11-08 11:18:10,106 [myid:2] - INFO  [ListenerHandler-/127.0.0.1:30195:QuorumCnxManager$Listener$ListenerHandler@1066] - 2 is accepting connections now, my election bind port: /127.0.0.1:30195
2021-11-08 11:18:10,106 [myid:1] - INFO  [ListenerHandler-/127.0.0.1:30194:QuorumCnxManager$Listener$ListenerHandler@1066] - 1 is accepting connections now, my election bind port: /127.0.0.1:30194
2021-11-08 11:18:10,119 [myid:1] - WARN  [nioEventLoopGroup-84-1:NettyServerCnxnFactory$CnxnChannelHandler@231] - Zookeeper server is not running, close the connection before starting the TLS handshake
2021-11-08 11:18:10,307 [myid:2] - INFO  [QuorumPeer[myid=2](plain=[0:0:0:0:0:0:0:0]:30189)(secure=disabled):FastLeaderElection@984] - Notification time out: 400
2021-11-08 11:18:10,307 [myid:1] - INFO  [QuorumPeer[myid=1](plain=[0:0:0:0:0:0:0:0]:30188)(secure=disabled):FastLeaderElection@984] - Notification time out: 400
2021-11-08 11:18:10,369 [myid:] - INFO  [main:FourLetterWordMain@94] - connecting to 127.0.0.1 30188
2021-11-08 11:18:10,370 [myid:1] - WARN  [nioEventLoopGroup-84-2:NettyServerCnxnFactory$CnxnChannelHandler@231] - Zookeeper server is not running, close the connection before starting the TLS handshake
2021-11-08 11:18:10,635 [myid:] - INFO  [main:FourLetterWordMain@94] - connecting to 127.0.0.1 30188
2021-11-08 11:18:10,636 [myid:1] - WARN  [nioEventLoopGroup-84-3:NettyServerCnxnFactory$CnxnChannelHandler@231] - Zookeeper server is not running, close the connection before starting the TLS handshake
2021-11-08 11:18:10,714 [myid:2] - INFO  [QuorumPeer[myid=2](plain=[0:0:0:0:0:0:0:0]:30189)(secure=disabled):FastLeaderElection@984] - Notification time out: 800
2021-11-08 11:18:10,715 [myid:1] - INFO  [QuorumPeer[myid=1](plain=[0:0:0:0:0:0:0:0]:30188)(secure=disabled):FastLeaderElection@984] - Notification time out: 800
2021-11-08 11:18:10,888 [myid:] - INFO  [main:FourLetterWordMain@94] - connecting to 127.0.0.1 30188
2021-11-08 11:18:10,889 [myid:1] - WARN  [nioEventLoopGroup-84-4:NettyServerCnxnFactory$CnxnChannelHandler@231] - Zookeeper server is not running, close the connection before starting the TLS handshake
2021-11-08 11:18:11,141 [myid:] - INFO  [main:FourLetterWordMain@94] - connecting to 127.0.0.1 30188
2021-11-08 11:18:11,142 [myid:1] - WARN  [nioEventLoopGroup-84-5:NettyServerCnxnFactory$CnxnChannelHandler@231] - Zookeeper server is not running, close the connection before starting the TLS handshake
2021-11-08 11:18:11,157 [myid:] - INFO  [main:ClientBase@267] - server 127.0.0.1:30188 not up
java.net.SocketException: Software caused connection abort: recv failed
	at java.net.SocketInputStream.socketRead0(Native Method)
	at java.net.SocketInputStream.read(SocketInputStream.java:150)
	at java.net.SocketInputStream.read(SocketInputStream.java:121)
	at sun.nio.cs.StreamDecoder.readBytes(StreamDecoder.java:284)
	at sun.nio.cs.StreamDecoder.implRead(StreamDecoder.java:326)
	at sun.nio.cs.StreamDecoder.read(StreamDecoder.java:178)
	at java.io.InputStreamReader.read(InputStreamReader.java:184)
	at java.io.BufferedReader.fill(BufferedReader.java:161)
	at java.io.BufferedReader.readLine(BufferedReader.java:324)
	at java.io.BufferedReader.readLine(BufferedReader.java:389)
	at org.apache.zookeeper.client.FourLetterWordMain.send4LetterWord(FourLetterWordMain.java:129)
	at org.apache.zookeeper.client.FourLetterWordMain.send4LetterWord(FourLetterWordMain.java:74)
	at org.apache.zookeeper.test.ClientBase.waitForServerUp(ClientBase.java:258)
	at org.apache.zookeeper.test.ClientBase.waitForServerUp(ClientBase.java:249)
	at org.apache.zookeeper.server.quorum.QuorumSSLTest.testProtocolVersion(QuorumSSLTest.java:899)
	at sun.reflect.NativeMethodAccessorImpl.invoke0(Native Method)
	at sun.reflect.NativeMethodAccessorImpl.invoke(NativeMethodAccessorImpl.java:62)
	at sun.reflect.DelegatingMethodAccessorImpl.invoke(DelegatingMethodAccessorImpl.java:43)
	at java.lang.reflect.Method.invoke(Method.java:483)
	at org.junit.platform.commons.util.ReflectionUtils.invokeMethod(ReflectionUtils.java:686)
	at org.junit.jupiter.engine.execution.MethodInvocation.proceed(MethodInvocation.java:60)
	at org.junit.jupiter.engine.execution.InvocationInterceptorChain$ValidatingInvocation.proceed(InvocationInterceptorChain.java:131)
	at org.junit.jupiter.engine.extension.TimeoutInvocation.proceed(TimeoutInvocation.java:46)
	at org.junit.jupiter.engine.extension.TimeoutExtension.intercept(TimeoutExtension.java:149)
	at org.junit.jupiter.engine.extension.TimeoutExtension.interceptTestableMethod(TimeoutExtension.java:140)
	at org.junit.jupiter.engine.extension.TimeoutExtension.interceptTestMethod(TimeoutExtension.java:84)
	at org.junit.jupiter.engine.descriptor.TestMethodTestDescriptor$$Lambda$111/1780132728.apply(Unknown Source)
	at org.junit.jupiter.engine.execution.ExecutableInvoker$ReflectiveInterceptorCall.lambda$ofVoidMethod$0(ExecutableInvoker.java:115)
	at org.junit.jupiter.engine.execution.ExecutableInvoker$ReflectiveInterceptorCall$$Lambda$112/1725017993.apply(Unknown Source)
	at org.junit.jupiter.engine.execution.ExecutableInvoker.lambda$invoke$0(ExecutableInvoker.java:105)
	at org.junit.jupiter.engine.execution.ExecutableInvoker$$Lambda$234/64133603.apply(Unknown Source)
	at org.junit.jupiter.engine.execution.InvocationInterceptorChain$InterceptedInvocation.proceed(InvocationInterceptorChain.java:106)
	at org.junit.jupiter.engine.execution.InvocationInterceptorChain.proceed(InvocationInterceptorChain.java:64)
	at org.junit.jupiter.engine.execution.InvocationInterceptorChain.chainAndInvoke(InvocationInterceptorChain.java:45)
	at org.junit.jupiter.engine.execution.InvocationInterceptorChain.invoke(InvocationInterceptorChain.java:37)
	at org.junit.jupiter.engine.execution.ExecutableInvoker.invoke(ExecutableInvoker.java:104)
	at org.junit.jupiter.engine.execution.ExecutableInvoker.invoke(ExecutableInvoker.java:98)
	at org.junit.jupiter.engine.descriptor.TestMethodTestDescriptor.lambda$invokeTestMethod$6(TestMethodTestDescriptor.java:212)
	at org.junit.jupiter.engine.descriptor.TestMethodTestDescriptor$$Lambda$271/224100622.execute(Unknown Source)
	at org.junit.platform.engine.support.hierarchical.ThrowableCollector.execute(ThrowableCollector.java:73)
	at org.junit.jupiter.engine.descriptor.TestMethodTestDescriptor.invokeTestMethod(TestMethodTestDescriptor.java:208)
	at org.junit.jupiter.engine.descriptor.TestMethodTestDescriptor.execute(TestMethodTestDescriptor.java:137)
	at org.junit.jupiter.engine.descriptor.TestMethodTestDescriptor.execute(TestMethodTestDescriptor.java:71)
	at org.junit.platform.engine.support.hierarchical.NodeTestTask.lambda$executeRecursively$5(NodeTestTask.java:135)
	at org.junit.platform.engine.support.hierarchical.NodeTestTask$$Lambda$179/195615004.execute(Unknown Source)
	at org.junit.platform.engine.support.hierarchical.ThrowableCollector.execute(ThrowableCollector.java:73)
	at org.junit.platform.engine.support.hierarchical.NodeTestTask.lambda$executeRecursively$7(NodeTestTask.java:125)
	at org.junit.platform.engine.support.hierarchical.NodeTestTask$$Lambda$178/1890627974.invoke(Unknown Source)
	at org.junit.platform.engine.support.hierarchical.Node.around(Node.java:135)
	at org.junit.platform.engine.support.hierarchical.NodeTestTask.lambda$executeRecursively$8(NodeTestTask.java:123)
	at org.junit.platform.engine.support.hierarchical.NodeTestTask$$Lambda$177/231977479.execute(Unknown Source)
	at org.junit.platform.engine.support.hierarchical.ThrowableCollector.execute(ThrowableCollector.java:73)
	at org.junit.platform.engine.support.hierarchical.NodeTestTask.executeRecursively(NodeTestTask.java:122)
	at org.junit.platform.engine.support.hierarchical.NodeTestTask.execute(NodeTestTask.java:80)
	at org.junit.platform.engine.support.hierarchical.SameThreadHierarchicalTestExecutorService$$Lambda$183/1381713434.accept(Unknown Source)
	at java.util.ArrayList.forEach(ArrayList.java:1249)
	at org.junit.platform.engine.support.hierarchical.SameThreadHierarchicalTestExecutorService.invokeAll(SameThreadHierarchicalTestExecutorService.java:38)
	at org.junit.platform.engine.support.hierarchical.NodeTestTask.lambda$executeRecursively$5(NodeTestTask.java:139)
	at org.junit.platform.engine.support.hierarchical.NodeTestTask$$Lambda$179/195615004.execute(Unknown Source)
	at org.junit.platform.engine.support.hierarchical.ThrowableCollector.execute(ThrowableCollector.java:73)
	at org.junit.platform.engine.support.hierarchical.NodeTestTask.lambda$executeRecursively$7(NodeTestTask.java:125)
	at org.junit.platform.engine.support.hierarchical.NodeTestTask$$Lambda$178/1890627974.invoke(Unknown Source)
	at org.junit.platform.engine.support.hierarchical.Node.around(Node.java:135)
	at org.junit.platform.engine.support.hierarchical.NodeTestTask.lambda$executeRecursively$8(NodeTestTask.java:123)
	at org.junit.platform.engine.support.hierarchical.NodeTestTask$$Lambda$177/231977479.execute(Unknown Source)
	at org.junit.platform.engine.support.hierarchical.ThrowableCollector.execute(ThrowableCollector.java:73)
	at org.junit.platform.engine.support.hierarchical.NodeTestTask.executeRecursively(NodeTestTask.java:122)
	at org.junit.platform.engine.support.hierarchical.NodeTestTask.execute(NodeTestTask.java:80)
	at org.junit.platform.engine.support.hierarchical.SameThreadHierarchicalTestExecutorService$$Lambda$183/1381713434.accept(Unknown Source)
	at java.util.ArrayList.forEach(ArrayList.java:1249)
	at org.junit.platform.engine.support.hierarchical.SameThreadHierarchicalTestExecutorService.invokeAll(SameThreadHierarchicalTestExecutorService.java:38)
	at org.junit.platform.engine.support.hierarchical.NodeTestTask.lambda$executeRecursively$5(NodeTestTask.java:139)
	at org.junit.platform.engine.support.hierarchical.NodeTestTask$$Lambda$179/195615004.execute(Unknown Source)
	at org.junit.platform.engine.support.hierarchical.ThrowableCollector.execute(ThrowableCollector.java:73)
	at org.junit.platform.engine.support.hierarchical.NodeTestTask.lambda$executeRecursively$7(NodeTestTask.java:125)
	at org.junit.platform.engine.support.hierarchical.NodeTestTask$$Lambda$178/1890627974.invoke(Unknown Source)
	at org.junit.platform.engine.support.hierarchical.Node.around(Node.java:135)
	at org.junit.platform.engine.support.hierarchical.NodeTestTask.lambda$executeRecursively$8(NodeTestTask.java:123)
	at org.junit.platform.engine.support.hierarchical.NodeTestTask$$Lambda$177/231977479.execute(Unknown Source)
	at org.junit.platform.engine.support.hierarchical.ThrowableCollector.execute(ThrowableCollector.java:73)
	at org.junit.platform.engine.support.hierarchical.NodeTestTask.executeRecursively(NodeTestTask.java:122)
	at org.junit.platform.engine.support.hierarchical.NodeTestTask.execute(NodeTestTask.java:80)
	at org.junit.platform.engine.support.hierarchical.SameThreadHierarchicalTestExecutorService.submit(SameThreadHierarchicalTestExecutorService.java:32)
	at org.junit.platform.engine.support.hierarchical.HierarchicalTestExecutor.execute(HierarchicalTestExecutor.java:57)
	at org.junit.platform.engine.support.hierarchical.HierarchicalTestEngine.execute(HierarchicalTestEngine.java:51)
	at org.junit.platform.launcher.core.DefaultLauncher.execute(DefaultLauncher.java:248)
	at org.junit.platform.launcher.core.DefaultLauncher.lambda$execute$5(DefaultLauncher.java:211)
	at org.junit.platform.launcher.core.DefaultLauncher$$Lambda$143/233996206.accept(Unknown Source)
	at org.junit.platform.launcher.core.DefaultLauncher.withInterceptedStreams(DefaultLauncher.java:226)
	at org.junit.platform.launcher.core.DefaultLauncher.execute(DefaultLauncher.java:199)
	at org.junit.platform.launcher.core.DefaultLauncher.execute(DefaultLauncher.java:132)
	at org.apache.maven.surefire.junitplatform.JUnitPlatformProvider.invokeAllTests(JUnitPlatformProvider.java:142)
	at org.apache.maven.surefire.junitplatform.JUnitPlatformProvider.invoke(JUnitPlatformProvider.java:113)
	at org.apache.maven.surefire.booter.ForkedBooter.invokeProviderInSameClassLoader(ForkedBooter.java:384)
	at org.apache.maven.surefire.booter.ForkedBooter.runSuitesInProcess(ForkedBooter.java:345)
	at org.apache.maven.surefire.booter.ForkedBooter.execute(ForkedBooter.java:126)
	at org.apache.maven.surefire.booter.ForkedBooter.main(ForkedBooter.java:418)
2021-11-08 11:18:11,408 [myid:] - INFO  [main:FourLetterWordMain@94] - connecting to 127.0.0.1 30188
2021-11-08 11:18:11,409 [myid:1] - WARN  [nioEventLoopGroup-84-6:NettyServerCnxnFactory$CnxnChannelHandler@231] - Zookeeper server is not running, close the connection before starting the TLS handshake
2021-11-08 11:18:11,520 [myid:1] - INFO  [QuorumPeer[myid=1](plain=[0:0:0:0:0:0:0:0]:30188)(secure=disabled):FastLeaderElection@984] - Notification time out: 1600
2021-11-08 11:18:11,520 [myid:2] - INFO  [QuorumPeer[myid=2](plain=[0:0:0:0:0:0:0:0]:30189)(secure=disabled):FastLeaderElection@984] - Notification time out: 1600
2021-11-08 11:18:11,663 [myid:] - INFO  [main:FourLetterWordMain@94] - connecting to 127.0.0.1 30188
2021-11-08 11:18:11,664 [myid:1] - WARN  [nioEventLoopGroup-84-7:NettyServerCnxnFactory$CnxnChannelHandler@231] - Zookeeper server is not running, close the connection before starting the TLS handshake
2021-11-08 11:18:11,914 [myid:] - INFO  [main:FourLetterWordMain@94] - connecting to 127.0.0.1 30188
2021-11-08 11:18:11,915 [myid:1] - WARN  [nioEventLoopGroup-84-8:NettyServerCnxnFactory$CnxnChannelHandler@231] - Zookeeper server is not running, close the connection before starting the TLS handshake
2021-11-08 11:18:12,181 [myid:] - INFO  [main:FourLetterWordMain@94] - connecting to 127.0.0.1 30188
2021-11-08 11:18:12,182 [myid:1] - WARN  [nioEventLoopGroup-84-9:NettyServerCnxnFactory$CnxnChannelHandler@231] - Zookeeper server is not running, close the connection before starting the TLS handshake
2021-11-08 11:18:12,444 [myid:] - INFO  [main:FourLetterWordMain@94] - connecting to 127.0.0.1 30188
2021-11-08 11:18:12,445 [myid:1] - WARN  [nioEventLoopGroup-84-10:NettyServerCnxnFactory$CnxnChannelHandler@231] - Zookeeper server is not running, close the connection before starting the TLS handshake
2021-11-08 11:18:12,710 [myid:] - INFO  [main:FourLetterWordMain@94] - connecting to 127.0.0.1 30188
2021-11-08 11:18:12,713 [myid:1] - WARN  [nioEventLoopGroup-84-11:NettyServerCnxnFactory$CnxnChannelHandler@231] - Zookeeper server is not running, close the connection before starting the TLS handshake
2021-11-08 11:18:12,975 [myid:] - INFO  [main:FourLetterWordMain@94] - connecting to 127.0.0.1 30188
2021-11-08 11:18:12,976 [myid:1] - WARN  [nioEventLoopGroup-84-12:NettyServerCnxnFactory$CnxnChannelHandler@231] - Zookeeper server is not running, close the connection before starting the TLS handshake
2021-11-08 11:18:12,991 [myid:] - INFO  [main:ClientBase@267] - server 127.0.0.1:30188 not up
java.net.SocketException: Software caused connection abort: recv failed
	at java.net.SocketInputStream.socketRead0(Native Method)
	at java.net.SocketInputStream.read(SocketInputStream.java:150)
	at java.net.SocketInputStream.read(SocketInputStream.java:121)
	at sun.nio.cs.StreamDecoder.readBytes(StreamDecoder.java:284)
	at sun.nio.cs.StreamDecoder.implRead(StreamDecoder.java:326)
	at sun.nio.cs.StreamDecoder.read(StreamDecoder.java:178)
	at java.io.InputStreamReader.read(InputStreamReader.java:184)
	at java.io.BufferedReader.fill(BufferedReader.java:161)
	at java.io.BufferedReader.readLine(BufferedReader.java:324)
	at java.io.BufferedReader.readLine(BufferedReader.java:389)
	at org.apache.zookeeper.client.FourLetterWordMain.send4LetterWord(FourLetterWordMain.java:129)
	at org.apache.zookeeper.client.FourLetterWordMain.send4LetterWord(FourLetterWordMain.java:74)
	at org.apache.zookeeper.test.ClientBase.waitForServerUp(ClientBase.java:258)
	at org.apache.zookeeper.test.ClientBase.waitForServerUp(ClientBase.java:249)
	at org.apache.zookeeper.server.quorum.QuorumSSLTest.testProtocolVersion(QuorumSSLTest.java:899)
	at sun.reflect.NativeMethodAccessorImpl.invoke0(Native Method)
	at sun.reflect.NativeMethodAccessorImpl.invoke(NativeMethodAccessorImpl.java:62)
	at sun.reflect.DelegatingMethodAccessorImpl.invoke(DelegatingMethodAccessorImpl.java:43)
	at java.lang.reflect.Method.invoke(Method.java:483)
	at org.junit.platform.commons.util.ReflectionUtils.invokeMethod(ReflectionUtils.java:686)
	at org.junit.jupiter.engine.execution.MethodInvocation.proceed(MethodInvocation.java:60)
	at org.junit.jupiter.engine.execution.InvocationInterceptorChain$ValidatingInvocation.proceed(InvocationInterceptorChain.java:131)
	at org.junit.jupiter.engine.extension.TimeoutInvocation.proceed(TimeoutInvocation.java:46)
	at org.junit.jupiter.engine.extension.TimeoutExtension.intercept(TimeoutExtension.java:149)
	at org.junit.jupiter.engine.extension.TimeoutExtension.interceptTestableMethod(TimeoutExtension.java:140)
	at org.junit.jupiter.engine.extension.TimeoutExtension.interceptTestMethod(TimeoutExtension.java:84)
	at org.junit.jupiter.engine.descriptor.TestMethodTestDescriptor$$Lambda$111/1780132728.apply(Unknown Source)
	at org.junit.jupiter.engine.execution.ExecutableInvoker$ReflectiveInterceptorCall.lambda$ofVoidMethod$0(ExecutableInvoker.java:115)
	at org.junit.jupiter.engine.execution.ExecutableInvoker$ReflectiveInterceptorCall$$Lambda$112/1725017993.apply(Unknown Source)
	at org.junit.jupiter.engine.execution.ExecutableInvoker.lambda$invoke$0(ExecutableInvoker.java:105)
	at org.junit.jupiter.engine.execution.ExecutableInvoker$$Lambda$234/64133603.apply(Unknown Source)
	at org.junit.jupiter.engine.execution.InvocationInterceptorChain$InterceptedInvocation.proceed(InvocationInterceptorChain.java:106)
	at org.junit.jupiter.engine.execution.InvocationInterceptorChain.proceed(InvocationInterceptorChain.java:64)
	at org.junit.jupiter.engine.execution.InvocationInterceptorChain.chainAndInvoke(InvocationInterceptorChain.java:45)
	at org.junit.jupiter.engine.execution.InvocationInterceptorChain.invoke(InvocationInterceptorChain.java:37)
	at org.junit.jupiter.engine.execution.ExecutableInvoker.invoke(ExecutableInvoker.java:104)
	at org.junit.jupiter.engine.execution.ExecutableInvoker.invoke(ExecutableInvoker.java:98)
	at org.junit.jupiter.engine.descriptor.TestMethodTestDescriptor.lambda$invokeTestMethod$6(TestMethodTestDescriptor.java:212)
	at org.junit.jupiter.engine.descriptor.TestMethodTestDescriptor$$Lambda$271/224100622.execute(Unknown Source)
	at org.junit.platform.engine.support.hierarchical.ThrowableCollector.execute(ThrowableCollector.java:73)
	at org.junit.jupiter.engine.descriptor.TestMethodTestDescriptor.invokeTestMethod(TestMethodTestDescriptor.java:208)
	at org.junit.jupiter.engine.descriptor.TestMethodTestDescriptor.execute(TestMethodTestDescriptor.java:137)
	at org.junit.jupiter.engine.descriptor.TestMethodTestDescriptor.execute(TestMethodTestDescriptor.java:71)
	at org.junit.platform.engine.support.hierarchical.NodeTestTask.lambda$executeRecursively$5(NodeTestTask.java:135)
	at org.junit.platform.engine.support.hierarchical.NodeTestTask$$Lambda$179/195615004.execute(Unknown Source)
	at org.junit.platform.engine.support.hierarchical.ThrowableCollector.execute(ThrowableCollector.java:73)
	at org.junit.platform.engine.support.hierarchical.NodeTestTask.lambda$executeRecursively$7(NodeTestTask.java:125)
	at org.junit.platform.engine.support.hierarchical.NodeTestTask$$Lambda$178/1890627974.invoke(Unknown Source)
	at org.junit.platform.engine.support.hierarchical.Node.around(Node.java:135)
	at org.junit.platform.engine.support.hierarchical.NodeTestTask.lambda$executeRecursively$8(NodeTestTask.java:123)
	at org.junit.platform.engine.support.hierarchical.NodeTestTask$$Lambda$177/231977479.execute(Unknown Source)
	at org.junit.platform.engine.support.hierarchical.ThrowableCollector.execute(ThrowableCollector.java:73)
	at org.junit.platform.engine.support.hierarchical.NodeTestTask.executeRecursively(NodeTestTask.java:122)
	at org.junit.platform.engine.support.hierarchical.NodeTestTask.execute(NodeTestTask.java:80)
	at org.junit.platform.engine.support.hierarchical.SameThreadHierarchicalTestExecutorService$$Lambda$183/1381713434.accept(Unknown Source)
	at java.util.ArrayList.forEach(ArrayList.java:1249)
	at org.junit.platform.engine.support.hierarchical.SameThreadHierarchicalTestExecutorService.invokeAll(SameThreadHierarchicalTestExecutorService.java:38)
	at org.junit.platform.engine.support.hierarchical.NodeTestTask.lambda$executeRecursively$5(NodeTestTask.java:139)
	at org.junit.platform.engine.support.hierarchical.NodeTestTask$$Lambda$179/195615004.execute(Unknown Source)
	at org.junit.platform.engine.support.hierarchical.ThrowableCollector.execute(ThrowableCollector.java:73)
	at org.junit.platform.engine.support.hierarchical.NodeTestTask.lambda$executeRecursively$7(NodeTestTask.java:125)
	at org.junit.platform.engine.support.hierarchical.NodeTestTask$$Lambda$178/1890627974.invoke(Unknown Source)
	at org.junit.platform.engine.support.hierarchical.Node.around(Node.java:135)
	at org.junit.platform.engine.support.hierarchical.NodeTestTask.lambda$executeRecursively$8(NodeTestTask.java:123)
	at org.junit.platform.engine.support.hierarchical.NodeTestTask$$Lambda$177/231977479.execute(Unknown Source)
	at org.junit.platform.engine.support.hierarchical.ThrowableCollector.execute(ThrowableCollector.java:73)
	at org.junit.platform.engine.support.hierarchical.NodeTestTask.executeRecursively(NodeTestTask.java:122)
	at org.junit.platform.engine.support.hierarchical.NodeTestTask.execute(NodeTestTask.java:80)
	at org.junit.platform.engine.support.hierarchical.SameThreadHierarchicalTestExecutorService$$Lambda$183/1381713434.accept(Unknown Source)
	at java.util.ArrayList.forEach(ArrayList.java:1249)
	at org.junit.platform.engine.support.hierarchical.SameThreadHierarchicalTestExecutorService.invokeAll(SameThreadHierarchicalTestExecutorService.java:38)
	at org.junit.platform.engine.support.hierarchical.NodeTestTask.lambda$executeRecursively$5(NodeTestTask.java:139)
	at org.junit.platform.engine.support.hierarchical.NodeTestTask$$Lambda$179/195615004.execute(Unknown Source)
	at org.junit.platform.engine.support.hierarchical.ThrowableCollector.execute(ThrowableCollector.java:73)
	at org.junit.platform.engine.support.hierarchical.NodeTestTask.lambda$executeRecursively$7(NodeTestTask.java:125)
	at org.junit.platform.engine.support.hierarchical.NodeTestTask$$Lambda$178/1890627974.invoke(Unknown Source)
	at org.junit.platform.engine.support.hierarchical.Node.around(Node.java:135)
	at org.junit.platform.engine.support.hierarchical.NodeTestTask.lambda$executeRecursively$8(NodeTestTask.java:123)
	at org.junit.platform.engine.support.hierarchical.NodeTestTask$$Lambda$177/231977479.execute(Unknown Source)
	at org.junit.platform.engine.support.hierarchical.ThrowableCollector.execute(ThrowableCollector.java:73)
	at org.junit.platform.engine.support.hierarchical.NodeTestTask.executeRecursively(NodeTestTask.java:122)
	at org.junit.platform.engine.support.hierarchical.NodeTestTask.execute(NodeTestTask.java:80)
	at org.junit.platform.engine.support.hierarchical.SameThreadHierarchicalTestExecutorService.submit(SameThreadHierarchicalTestExecutorService.java:32)
	at org.junit.platform.engine.support.hierarchical.HierarchicalTestExecutor.execute(HierarchicalTestExecutor.java:57)
	at org.junit.platform.engine.support.hierarchical.HierarchicalTestEngine.execute(HierarchicalTestEngine.java:51)
	at org.junit.platform.launcher.core.DefaultLauncher.execute(DefaultLauncher.java:248)
	at org.junit.platform.launcher.core.DefaultLauncher.lambda$execute$5(DefaultLauncher.java:211)
	at org.junit.platform.launcher.core.DefaultLauncher$$Lambda$143/233996206.accept(Unknown Source)
	at org.junit.platform.launcher.core.DefaultLauncher.withInterceptedStreams(DefaultLauncher.java:226)
	at org.junit.platform.launcher.core.DefaultLauncher.execute(DefaultLauncher.java:199)
	at org.junit.platform.launcher.core.DefaultLauncher.execute(DefaultLauncher.java:132)
	at org.apache.maven.surefire.junitplatform.JUnitPlatformProvider.invokeAllTests(JUnitPlatformProvider.java:142)
	at org.apache.maven.surefire.junitplatform.JUnitPlatformProvider.invoke(JUnitPlatformProvider.java:113)
	at org.apache.maven.surefire.booter.ForkedBooter.invokeProviderInSameClassLoader(ForkedBooter.java:384)
	at org.apache.maven.surefire.booter.ForkedBooter.runSuitesInProcess(ForkedBooter.java:345)
	at org.apache.maven.surefire.booter.ForkedBooter.execute(ForkedBooter.java:126)
	at org.apache.maven.surefire.booter.ForkedBooter.main(ForkedBooter.java:418)
2021-11-08 11:18:13,135 [myid:2] - INFO  [QuorumPeer[myid=2](plain=[0:0:0:0:0:0:0:0]:30189)(secure=disabled):FastLeaderElection@984] - Notification time out: 3200
2021-11-08 11:18:13,135 [myid:1] - INFO  [QuorumPeer[myid=1](plain=[0:0:0:0:0:0:0:0]:30188)(secure=disabled):FastLeaderElection@984] - Notification time out: 3200
2021-11-08 11:18:13,244 [myid:] - INFO  [main:FourLetterWordMain@94] - connecting to 127.0.0.1 30188
2021-11-08 11:18:13,244 [myid:1] - WARN  [nioEventLoopGroup-84-1:NettyServerCnxnFactory$CnxnChannelHandler@231] - Zookeeper server is not running, close the connection before starting the TLS handshake
2021-11-08 11:18:13,259 [myid:] - INFO  [main:ClientBase@267] - server 127.0.0.1:30188 not up
java.net.SocketException: Software caused connection abort: recv failed
	at java.net.SocketInputStream.socketRead0(Native Method)
	at java.net.SocketInputStream.read(SocketInputStream.java:150)
	at java.net.SocketInputStream.read(SocketInputStream.java:121)
	at sun.nio.cs.StreamDecoder.readBytes(StreamDecoder.java:284)
	at sun.nio.cs.StreamDecoder.implRead(StreamDecoder.java:326)
	at sun.nio.cs.StreamDecoder.read(StreamDecoder.java:178)
	at java.io.InputStreamReader.read(InputStreamReader.java:184)
	at java.io.BufferedReader.fill(BufferedReader.java:161)
	at java.io.BufferedReader.readLine(BufferedReader.java:324)
	at java.io.BufferedReader.readLine(BufferedReader.java:389)
	at org.apache.zookeeper.client.FourLetterWordMain.send4LetterWord(FourLetterWordMain.java:129)
	at org.apache.zookeeper.client.FourLetterWordMain.send4LetterWord(FourLetterWordMain.java:74)
	at org.apache.zookeeper.test.ClientBase.waitForServerUp(ClientBase.java:258)
	at org.apache.zookeeper.test.ClientBase.waitForServerUp(ClientBase.java:249)
	at org.apache.zookeeper.server.quorum.QuorumSSLTest.testProtocolVersion(QuorumSSLTest.java:899)
	at sun.reflect.NativeMethodAccessorImpl.invoke0(Native Method)
	at sun.reflect.NativeMethodAccessorImpl.invoke(NativeMethodAccessorImpl.java:62)
	at sun.reflect.DelegatingMethodAccessorImpl.invoke(DelegatingMethodAccessorImpl.java:43)
	at java.lang.reflect.Method.invoke(Method.java:483)
	at org.junit.platform.commons.util.ReflectionUtils.invokeMethod(ReflectionUtils.java:686)
	at org.junit.jupiter.engine.execution.MethodInvocation.proceed(MethodInvocation.java:60)
	at org.junit.jupiter.engine.execution.InvocationInterceptorChain$ValidatingInvocation.proceed(InvocationInterceptorChain.java:131)
	at org.junit.jupiter.engine.extension.TimeoutInvocation.proceed(TimeoutInvocation.java:46)
	at org.junit.jupiter.engine.extension.TimeoutExtension.intercept(TimeoutExtension.java:149)
	at org.junit.jupiter.engine.extension.TimeoutExtension.interceptTestableMethod(TimeoutExtension.java:140)
	at org.junit.jupiter.engine.extension.TimeoutExtension.interceptTestMethod(TimeoutExtension.java:84)
	at org.junit.jupiter.engine.descriptor.TestMethodTestDescriptor$$Lambda$111/1780132728.apply(Unknown Source)
	at org.junit.jupiter.engine.execution.ExecutableInvoker$ReflectiveInterceptorCall.lambda$ofVoidMethod$0(ExecutableInvoker.java:115)
	at org.junit.jupiter.engine.execution.ExecutableInvoker$ReflectiveInterceptorCall$$Lambda$112/1725017993.apply(Unknown Source)
	at org.junit.jupiter.engine.execution.ExecutableInvoker.lambda$invoke$0(ExecutableInvoker.java:105)
	at org.junit.jupiter.engine.execution.ExecutableInvoker$$Lambda$234/64133603.apply(Unknown Source)
	at org.junit.jupiter.engine.execution.InvocationInterceptorChain$InterceptedInvocation.proceed(InvocationInterceptorChain.java:106)
	at org.junit.jupiter.engine.execution.InvocationInterceptorChain.proceed(InvocationInterceptorChain.java:64)
	at org.junit.jupiter.engine.execution.InvocationInterceptorChain.chainAndInvoke(InvocationInterceptorChain.java:45)
	at org.junit.jupiter.engine.execution.InvocationInterceptorChain.invoke(InvocationInterceptorChain.java:37)
	at org.junit.jupiter.engine.execution.ExecutableInvoker.invoke(ExecutableInvoker.java:104)
	at org.junit.jupiter.engine.execution.ExecutableInvoker.invoke(ExecutableInvoker.java:98)
	at org.junit.jupiter.engine.descriptor.TestMethodTestDescriptor.lambda$invokeTestMethod$6(TestMethodTestDescriptor.java:212)
	at org.junit.jupiter.engine.descriptor.TestMethodTestDescriptor$$Lambda$271/224100622.execute(Unknown Source)
	at org.junit.platform.engine.support.hierarchical.ThrowableCollector.execute(ThrowableCollector.java:73)
	at org.junit.jupiter.engine.descriptor.TestMethodTestDescriptor.invokeTestMethod(TestMethodTestDescriptor.java:208)
	at org.junit.jupiter.engine.descriptor.TestMethodTestDescriptor.execute(TestMethodTestDescriptor.java:137)
	at org.junit.jupiter.engine.descriptor.TestMethodTestDescriptor.execute(TestMethodTestDescriptor.java:71)
	at org.junit.platform.engine.support.hierarchical.NodeTestTask.lambda$executeRecursively$5(NodeTestTask.java:135)
	at org.junit.platform.engine.support.hierarchical.NodeTestTask$$Lambda$179/195615004.execute(Unknown Source)
	at org.junit.platform.engine.support.hierarchical.ThrowableCollector.execute(ThrowableCollector.java:73)
	at org.junit.platform.engine.support.hierarchical.NodeTestTask.lambda$executeRecursively$7(NodeTestTask.java:125)
	at org.junit.platform.engine.support.hierarchical.NodeTestTask$$Lambda$178/1890627974.invoke(Unknown Source)
	at org.junit.platform.engine.support.hierarchical.Node.around(Node.java:135)
	at org.junit.platform.engine.support.hierarchical.NodeTestTask.lambda$executeRecursively$8(NodeTestTask.java:123)
	at org.junit.platform.engine.support.hierarchical.NodeTestTask$$Lambda$177/231977479.execute(Unknown Source)
	at org.junit.platform.engine.support.hierarchical.ThrowableCollector.execute(ThrowableCollector.java:73)
	at org.junit.platform.engine.support.hierarchical.NodeTestTask.executeRecursively(NodeTestTask.java:122)
	at org.junit.platform.engine.support.hierarchical.NodeTestTask.execute(NodeTestTask.java:80)
	at org.junit.platform.engine.support.hierarchical.SameThreadHierarchicalTestExecutorService$$Lambda$183/1381713434.accept(Unknown Source)
	at java.util.ArrayList.forEach(ArrayList.java:1249)
	at org.junit.platform.engine.support.hierarchical.SameThreadHierarchicalTestExecutorService.invokeAll(SameThreadHierarchicalTestExecutorService.java:38)
	at org.junit.platform.engine.support.hierarchical.NodeTestTask.lambda$executeRecursively$5(NodeTestTask.java:139)
	at org.junit.platform.engine.support.hierarchical.NodeTestTask$$Lambda$179/195615004.execute(Unknown Source)
	at org.junit.platform.engine.support.hierarchical.ThrowableCollector.execute(ThrowableCollector.java:73)
	at org.junit.platform.engine.support.hierarchical.NodeTestTask.lambda$executeRecursively$7(NodeTestTask.java:125)
	at org.junit.platform.engine.support.hierarchical.NodeTestTask$$Lambda$178/1890627974.invoke(Unknown Source)
	at org.junit.platform.engine.support.hierarchical.Node.around(Node.java:135)
	at org.junit.platform.engine.support.hierarchical.NodeTestTask.lambda$executeRecursively$8(NodeTestTask.java:123)
	at org.junit.platform.engine.support.hierarchical.NodeTestTask$$Lambda$177/231977479.execute(Unknown Source)
	at org.junit.platform.engine.support.hierarchical.ThrowableCollector.execute(ThrowableCollector.java:73)
	at org.junit.platform.engine.support.hierarchical.NodeTestTask.executeRecursively(NodeTestTask.java:122)
	at org.junit.platform.engine.support.hierarchical.NodeTestTask.execute(NodeTestTask.java:80)
	at org.junit.platform.engine.support.hierarchical.SameThreadHierarchicalTestExecutorService$$Lambda$183/1381713434.accept(Unknown Source)
	at java.util.ArrayList.forEach(ArrayList.java:1249)
	at org.junit.platform.engine.support.hierarchical.SameThreadHierarchicalTestExecutorService.invokeAll(SameThreadHierarchicalTestExecutorService.java:38)
	at org.junit.platform.engine.support.hierarchical.NodeTestTask.lambda$executeRecursively$5(NodeTestTask.java:139)
	at org.junit.platform.engine.support.hierarchical.NodeTestTask$$Lambda$179/195615004.execute(Unknown Source)
	at org.junit.platform.engine.support.hierarchical.ThrowableCollector.execute(ThrowableCollector.java:73)
	at org.junit.platform.engine.support.hierarchical.NodeTestTask.lambda$executeRecursively$7(NodeTestTask.java:125)
	at org.junit.platform.engine.support.hierarchical.NodeTestTask$$Lambda$178/1890627974.invoke(Unknown Source)
	at org.junit.platform.engine.support.hierarchical.Node.around(Node.java:135)
	at org.junit.platform.engine.support.hierarchical.NodeTestTask.lambda$executeRecursively$8(NodeTestTask.java:123)
	at org.junit.platform.engine.support.hierarchical.NodeTestTask$$Lambda$177/231977479.execute(Unknown Source)
	at org.junit.platform.engine.support.hierarchical.ThrowableCollector.execute(ThrowableCollector.java:73)
	at org.junit.platform.engine.support.hierarchical.NodeTestTask.executeRecursively(NodeTestTask.java:122)
	at org.junit.platform.engine.support.hierarchical.NodeTestTask.execute(NodeTestTask.java:80)
	at org.junit.platform.engine.support.hierarchical.SameThreadHierarchicalTestExecutorService.submit(SameThreadHierarchicalTestExecutorService.java:32)
	at org.junit.platform.engine.support.hierarchical.HierarchicalTestExecutor.execute(HierarchicalTestExecutor.java:57)
	at org.junit.platform.engine.support.hierarchical.HierarchicalTestEngine.execute(HierarchicalTestEngine.java:51)
	at org.junit.platform.launcher.core.DefaultLauncher.execute(DefaultLauncher.java:248)
	at org.junit.platform.launcher.core.DefaultLauncher.lambda$execute$5(DefaultLauncher.java:211)
	at org.junit.platform.launcher.core.DefaultLauncher$$Lambda$143/233996206.accept(Unknown Source)
	at org.junit.platform.launcher.core.DefaultLauncher.withInterceptedStreams(DefaultLauncher.java:226)
	at org.junit.platform.launcher.core.DefaultLauncher.execute(DefaultLauncher.java:199)
	at org.junit.platform.launcher.core.DefaultLauncher.execute(DefaultLauncher.java:132)
	at org.apache.maven.surefire.junitplatform.JUnitPlatformProvider.invokeAllTests(JUnitPlatformProvider.java:142)
	at org.apache.maven.surefire.junitplatform.JUnitPlatformProvider.invoke(JUnitPlatformProvider.java:113)
	at org.apache.maven.surefire.booter.ForkedBooter.invokeProviderInSameClassLoader(ForkedBooter.java:384)
	at org.apache.maven.surefire.booter.ForkedBooter.runSuitesInProcess(ForkedBooter.java:345)
	at org.apache.maven.surefire.booter.ForkedBooter.execute(ForkedBooter.java:126)
	at org.apache.maven.surefire.booter.ForkedBooter.main(ForkedBooter.java:418)
2021-11-08 11:18:13,525 [myid:] - INFO  [main:FourLetterWordMain@94] - connecting to 127.0.0.1 30188
2021-11-08 11:18:13,525 [myid:1] - WARN  [nioEventLoopGroup-84-2:NettyServerCnxnFactory$CnxnChannelHandler@231] - Zookeeper server is not running, close the connection before starting the TLS handshake
2021-11-08 11:18:13,776 [myid:] - INFO  [main:FourLetterWordMain@94] - connecting to 127.0.0.1 30188
2021-11-08 11:18:13,776 [myid:1] - WARN  [nioEventLoopGroup-84-3:NettyServerCnxnFactory$CnxnChannelHandler@231] - Zookeeper server is not running, close the connection before starting the TLS handshake
2021-11-08 11:18:13,792 [myid:] - INFO  [main:ClientBase@267] - server 127.0.0.1:30188 not up
java.net.SocketException: Software caused connection abort: recv failed
	at java.net.SocketInputStream.socketRead0(Native Method)
	at java.net.SocketInputStream.read(SocketInputStream.java:150)
	at java.net.SocketInputStream.read(SocketInputStream.java:121)
	at sun.nio.cs.StreamDecoder.readBytes(StreamDecoder.java:284)
	at sun.nio.cs.StreamDecoder.implRead(StreamDecoder.java:326)
	at sun.nio.cs.StreamDecoder.read(StreamDecoder.java:178)
	at java.io.InputStreamReader.read(InputStreamReader.java:184)
	at java.io.BufferedReader.fill(BufferedReader.java:161)
	at java.io.BufferedReader.readLine(BufferedReader.java:324)
	at java.io.BufferedReader.readLine(BufferedReader.java:389)
	at org.apache.zookeeper.client.FourLetterWordMain.send4LetterWord(FourLetterWordMain.java:129)
	at org.apache.zookeeper.client.FourLetterWordMain.send4LetterWord(FourLetterWordMain.java:74)
	at org.apache.zookeeper.test.ClientBase.waitForServerUp(ClientBase.java:258)
	at org.apache.zookeeper.test.ClientBase.waitForServerUp(ClientBase.java:249)
	at org.apache.zookeeper.server.quorum.QuorumSSLTest.testProtocolVersion(QuorumSSLTest.java:899)
	at sun.reflect.NativeMethodAccessorImpl.invoke0(Native Method)
	at sun.reflect.NativeMethodAccessorImpl.invoke(NativeMethodAccessorImpl.java:62)
	at sun.reflect.DelegatingMethodAccessorImpl.invoke(DelegatingMethodAccessorImpl.java:43)
	at java.lang.reflect.Method.invoke(Method.java:483)
	at org.junit.platform.commons.util.ReflectionUtils.invokeMethod(ReflectionUtils.java:686)
	at org.junit.jupiter.engine.execution.MethodInvocation.proceed(MethodInvocation.java:60)
	at org.junit.jupiter.engine.execution.InvocationInterceptorChain$ValidatingInvocation.proceed(InvocationInterceptorChain.java:131)
	at org.junit.jupiter.engine.extension.TimeoutInvocation.proceed(TimeoutInvocation.java:46)
	at org.junit.jupiter.engine.extension.TimeoutExtension.intercept(TimeoutExtension.java:149)
	at org.junit.jupiter.engine.extension.TimeoutExtension.interceptTestableMethod(TimeoutExtension.java:140)
	at org.junit.jupiter.engine.extension.TimeoutExtension.interceptTestMethod(TimeoutExtension.java:84)
	at org.junit.jupiter.engine.descriptor.TestMethodTestDescriptor$$Lambda$111/1780132728.apply(Unknown Source)
	at org.junit.jupiter.engine.execution.ExecutableInvoker$ReflectiveInterceptorCall.lambda$ofVoidMethod$0(ExecutableInvoker.java:115)
	at org.junit.jupiter.engine.execution.ExecutableInvoker$ReflectiveInterceptorCall$$Lambda$112/1725017993.apply(Unknown Source)
	at org.junit.jupiter.engine.execution.ExecutableInvoker.lambda$invoke$0(ExecutableInvoker.java:105)
	at org.junit.jupiter.engine.execution.ExecutableInvoker$$Lambda$234/64133603.apply(Unknown Source)
	at org.junit.jupiter.engine.execution.InvocationInterceptorChain$InterceptedInvocation.proceed(InvocationInterceptorChain.java:106)
	at org.junit.jupiter.engine.execution.InvocationInterceptorChain.proceed(InvocationInterceptorChain.java:64)
	at org.junit.jupiter.engine.execution.InvocationInterceptorChain.chainAndInvoke(InvocationInterceptorChain.java:45)
	at org.junit.jupiter.engine.execution.InvocationInterceptorChain.invoke(InvocationInterceptorChain.java:37)
	at org.junit.jupiter.engine.execution.ExecutableInvoker.invoke(ExecutableInvoker.java:104)
	at org.junit.jupiter.engine.execution.ExecutableInvoker.invoke(ExecutableInvoker.java:98)
	at org.junit.jupiter.engine.descriptor.TestMethodTestDescriptor.lambda$invokeTestMethod$6(TestMethodTestDescriptor.java:212)
	at org.junit.jupiter.engine.descriptor.TestMethodTestDescriptor$$Lambda$271/224100622.execute(Unknown Source)
	at org.junit.platform.engine.support.hierarchical.ThrowableCollector.execute(ThrowableCollector.java:73)
	at org.junit.jupiter.engine.descriptor.TestMethodTestDescriptor.invokeTestMethod(TestMethodTestDescriptor.java:208)
	at org.junit.jupiter.engine.descriptor.TestMethodTestDescriptor.execute(TestMethodTestDescriptor.java:137)
	at org.junit.jupiter.engine.descriptor.TestMethodTestDescriptor.execute(TestMethodTestDescriptor.java:71)
	at org.junit.platform.engine.support.hierarchical.NodeTestTask.lambda$executeRecursively$5(NodeTestTask.java:135)
	at org.junit.platform.engine.support.hierarchical.NodeTestTask$$Lambda$179/195615004.execute(Unknown Source)
	at org.junit.platform.engine.support.hierarchical.ThrowableCollector.execute(ThrowableCollector.java:73)
	at org.junit.platform.engine.support.hierarchical.NodeTestTask.lambda$executeRecursively$7(NodeTestTask.java:125)
	at org.junit.platform.engine.support.hierarchical.NodeTestTask$$Lambda$178/1890627974.invoke(Unknown Source)
	at org.junit.platform.engine.support.hierarchical.Node.around(Node.java:135)
	at org.junit.platform.engine.support.hierarchical.NodeTestTask.lambda$executeRecursively$8(NodeTestTask.java:123)
	at org.junit.platform.engine.support.hierarchical.NodeTestTask$$Lambda$177/231977479.execute(Unknown Source)
	at org.junit.platform.engine.support.hierarchical.ThrowableCollector.execute(ThrowableCollector.java:73)
	at org.junit.platform.engine.support.hierarchical.NodeTestTask.executeRecursively(NodeTestTask.java:122)
	at org.junit.platform.engine.support.hierarchical.NodeTestTask.execute(NodeTestTask.java:80)
	at org.junit.platform.engine.support.hierarchical.SameThreadHierarchicalTestExecutorService$$Lambda$183/1381713434.accept(Unknown Source)
	at java.util.ArrayList.forEach(ArrayList.java:1249)
	at org.junit.platform.engine.support.hierarchical.SameThreadHierarchicalTestExecutorService.invokeAll(SameThreadHierarchicalTestExecutorService.java:38)
	at org.junit.platform.engine.support.hierarchical.NodeTestTask.lambda$executeRecursively$5(NodeTestTask.java:139)
	at org.junit.platform.engine.support.hierarchical.NodeTestTask$$Lambda$179/195615004.execute(Unknown Source)
	at org.junit.platform.engine.support.hierarchical.ThrowableCollector.execute(ThrowableCollector.java:73)
	at org.junit.platform.engine.support.hierarchical.NodeTestTask.lambda$executeRecursively$7(NodeTestTask.java:125)
	at org.junit.platform.engine.support.hierarchical.NodeTestTask$$Lambda$178/1890627974.invoke(Unknown Source)
	at org.junit.platform.engine.support.hierarchical.Node.around(Node.java:135)
	at org.junit.platform.engine.support.hierarchical.NodeTestTask.lambda$executeRecursively$8(NodeTestTask.java:123)
	at org.junit.platform.engine.support.hierarchical.NodeTestTask$$Lambda$177/231977479.execute(Unknown Source)
	at org.junit.platform.engine.support.hierarchical.ThrowableCollector.execute(ThrowableCollector.java:73)
	at org.junit.platform.engine.support.hierarchical.NodeTestTask.executeRecursively(NodeTestTask.java:122)
	at org.junit.platform.engine.support.hierarchical.NodeTestTask.execute(NodeTestTask.java:80)
	at org.junit.platform.engine.support.hierarchical.SameThreadHierarchicalTestExecutorService$$Lambda$183/1381713434.accept(Unknown Source)
	at java.util.ArrayList.forEach(ArrayList.java:1249)
	at org.junit.platform.engine.support.hierarchical.SameThreadHierarchicalTestExecutorService.invokeAll(SameThreadHierarchicalTestExecutorService.java:38)
	at org.junit.platform.engine.support.hierarchical.NodeTestTask.lambda$executeRecursively$5(NodeTestTask.java:139)
	at org.junit.platform.engine.support.hierarchical.NodeTestTask$$Lambda$179/195615004.execute(Unknown Source)
	at org.junit.platform.engine.support.hierarchical.ThrowableCollector.execute(ThrowableCollector.java:73)
	at org.junit.platform.engine.support.hierarchical.NodeTestTask.lambda$executeRecursively$7(NodeTestTask.java:125)
	at org.junit.platform.engine.support.hierarchical.NodeTestTask$$Lambda$178/1890627974.invoke(Unknown Source)
	at org.junit.platform.engine.support.hierarchical.Node.around(Node.java:135)
	at org.junit.platform.engine.support.hierarchical.NodeTestTask.lambda$executeRecursively$8(NodeTestTask.java:123)
	at org.junit.platform.engine.support.hierarchical.NodeTestTask$$Lambda$177/231977479.execute(Unknown Source)
	at org.junit.platform.engine.support.hierarchical.ThrowableCollector.execute(ThrowableCollector.java:73)
	at org.junit.platform.engine.support.hierarchical.NodeTestTask.executeRecursively(NodeTestTask.java:122)
	at org.junit.platform.engine.support.hierarchical.NodeTestTask.execute(NodeTestTask.java:80)
	at org.junit.platform.engine.support.hierarchical.SameThreadHierarchicalTestExecutorService.submit(SameThreadHierarchicalTestExecutorService.java:32)
	at org.junit.platform.engine.support.hierarchical.HierarchicalTestExecutor.execute(HierarchicalTestExecutor.java:57)
	at org.junit.platform.engine.support.hierarchical.HierarchicalTestEngine.execute(HierarchicalTestEngine.java:51)
	at org.junit.platform.launcher.core.DefaultLauncher.execute(DefaultLauncher.java:248)
	at org.junit.platform.launcher.core.DefaultLauncher.lambda$execute$5(DefaultLauncher.java:211)
	at org.junit.platform.launcher.core.DefaultLauncher$$Lambda$143/233996206.accept(Unknown Source)
	at org.junit.platform.launcher.core.DefaultLauncher.withInterceptedStreams(DefaultLauncher.java:226)
	at org.junit.platform.launcher.core.DefaultLauncher.execute(DefaultLauncher.java:199)
	at org.junit.platform.launcher.core.DefaultLauncher.execute(DefaultLauncher.java:132)
	at org.apache.maven.surefire.junitplatform.JUnitPlatformProvider.invokeAllTests(JUnitPlatformProvider.java:142)
	at org.apache.maven.surefire.junitplatform.JUnitPlatformProvider.invoke(JUnitPlatformProvider.java:113)
	at org.apache.maven.surefire.booter.ForkedBooter.invokeProviderInSameClassLoader(ForkedBooter.java:384)
	at org.apache.maven.surefire.booter.ForkedBooter.runSuitesInProcess(ForkedBooter.java:345)
	at org.apache.maven.surefire.booter.ForkedBooter.execute(ForkedBooter.java:126)
	at org.apache.maven.surefire.booter.ForkedBooter.main(ForkedBooter.java:418)
2021-11-08 11:18:14,044 [myid:] - INFO  [main:FourLetterWordMain@94] - connecting to 127.0.0.1 30188
2021-11-08 11:18:14,044 [myid:1] - WARN  [nioEventLoopGroup-84-4:NettyServerCnxnFactory$CnxnChannelHandler@231] - Zookeeper server is not running, close the connection before starting the TLS handshake
2021-11-08 11:18:14,060 [myid:] - INFO  [main:ClientBase@267] - server 127.0.0.1:30188 not up
java.net.SocketException: Software caused connection abort: recv failed
	at java.net.SocketInputStream.socketRead0(Native Method)
	at java.net.SocketInputStream.read(SocketInputStream.java:150)
	at java.net.SocketInputStream.read(SocketInputStream.java:121)
	at sun.nio.cs.StreamDecoder.readBytes(StreamDecoder.java:284)
	at sun.nio.cs.StreamDecoder.implRead(StreamDecoder.java:326)
	at sun.nio.cs.StreamDecoder.read(StreamDecoder.java:178)
	at java.io.InputStreamReader.read(InputStreamReader.java:184)
	at java.io.BufferedReader.fill(BufferedReader.java:161)
	at java.io.BufferedReader.readLine(BufferedReader.java:324)
	at java.io.BufferedReader.readLine(BufferedReader.java:389)
	at org.apache.zookeeper.client.FourLetterWordMain.send4LetterWord(FourLetterWordMain.java:129)
	at org.apache.zookeeper.client.FourLetterWordMain.send4LetterWord(FourLetterWordMain.java:74)
	at org.apache.zookeeper.test.ClientBase.waitForServerUp(ClientBase.java:258)
	at org.apache.zookeeper.test.ClientBase.waitForServerUp(ClientBase.java:249)
	at org.apache.zookeeper.server.quorum.QuorumSSLTest.testProtocolVersion(QuorumSSLTest.java:899)
	at sun.reflect.NativeMethodAccessorImpl.invoke0(Native Method)
	at sun.reflect.NativeMethodAccessorImpl.invoke(NativeMethodAccessorImpl.java:62)
	at sun.reflect.DelegatingMethodAccessorImpl.invoke(DelegatingMethodAccessorImpl.java:43)
	at java.lang.reflect.Method.invoke(Method.java:483)
	at org.junit.platform.commons.util.ReflectionUtils.invokeMethod(ReflectionUtils.java:686)
	at org.junit.jupiter.engine.execution.MethodInvocation.proceed(MethodInvocation.java:60)
	at org.junit.jupiter.engine.execution.InvocationInterceptorChain$ValidatingInvocation.proceed(InvocationInterceptorChain.java:131)
	at org.junit.jupiter.engine.extension.TimeoutInvocation.proceed(TimeoutInvocation.java:46)
	at org.junit.jupiter.engine.extension.TimeoutExtension.intercept(TimeoutExtension.java:149)
	at org.junit.jupiter.engine.extension.TimeoutExtension.interceptTestableMethod(TimeoutExtension.java:140)
	at org.junit.jupiter.engine.extension.TimeoutExtension.interceptTestMethod(TimeoutExtension.java:84)
	at org.junit.jupiter.engine.descriptor.TestMethodTestDescriptor$$Lambda$111/1780132728.apply(Unknown Source)
	at org.junit.jupiter.engine.execution.ExecutableInvoker$ReflectiveInterceptorCall.lambda$ofVoidMethod$0(ExecutableInvoker.java:115)
	at org.junit.jupiter.engine.execution.ExecutableInvoker$ReflectiveInterceptorCall$$Lambda$112/1725017993.apply(Unknown Source)
	at org.junit.jupiter.engine.execution.ExecutableInvoker.lambda$invoke$0(ExecutableInvoker.java:105)
	at org.junit.jupiter.engine.execution.ExecutableInvoker$$Lambda$234/64133603.apply(Unknown Source)
	at org.junit.jupiter.engine.execution.InvocationInterceptorChain$InterceptedInvocation.proceed(InvocationInterceptorChain.java:106)
	at org.junit.jupiter.engine.execution.InvocationInterceptorChain.proceed(InvocationInterceptorChain.java:64)
	at org.junit.jupiter.engine.execution.InvocationInterceptorChain.chainAndInvoke(InvocationInterceptorChain.java:45)
	at org.junit.jupiter.engine.execution.InvocationInterceptorChain.invoke(InvocationInterceptorChain.java:37)
	at org.junit.jupiter.engine.execution.ExecutableInvoker.invoke(ExecutableInvoker.java:104)
	at org.junit.jupiter.engine.execution.ExecutableInvoker.invoke(ExecutableInvoker.java:98)
	at org.junit.jupiter.engine.descriptor.TestMethodTestDescriptor.lambda$invokeTestMethod$6(TestMethodTestDescriptor.java:212)
	at org.junit.jupiter.engine.descriptor.TestMethodTestDescriptor$$Lambda$271/224100622.execute(Unknown Source)
	at org.junit.platform.engine.support.hierarchical.ThrowableCollector.execute(ThrowableCollector.java:73)
	at org.junit.jupiter.engine.descriptor.TestMethodTestDescriptor.invokeTestMethod(TestMethodTestDescriptor.java:208)
	at org.junit.jupiter.engine.descriptor.TestMethodTestDescriptor.execute(TestMethodTestDescriptor.java:137)
	at org.junit.jupiter.engine.descriptor.TestMethodTestDescriptor.execute(TestMethodTestDescriptor.java:71)
	at org.junit.platform.engine.support.hierarchical.NodeTestTask.lambda$executeRecursively$5(NodeTestTask.java:135)
	at org.junit.platform.engine.support.hierarchical.NodeTestTask$$Lambda$179/195615004.execute(Unknown Source)
	at org.junit.platform.engine.support.hierarchical.ThrowableCollector.execute(ThrowableCollector.java:73)
	at org.junit.platform.engine.support.hierarchical.NodeTestTask.lambda$executeRecursively$7(NodeTestTask.java:125)
	at org.junit.platform.engine.support.hierarchical.NodeTestTask$$Lambda$178/1890627974.invoke(Unknown Source)
	at org.junit.platform.engine.support.hierarchical.Node.around(Node.java:135)
	at org.junit.platform.engine.support.hierarchical.NodeTestTask.lambda$executeRecursively$8(NodeTestTask.java:123)
	at org.junit.platform.engine.support.hierarchical.NodeTestTask$$Lambda$177/231977479.execute(Unknown Source)
	at org.junit.platform.engine.support.hierarchical.ThrowableCollector.execute(ThrowableCollector.java:73)
	at org.junit.platform.engine.support.hierarchical.NodeTestTask.executeRecursively(NodeTestTask.java:122)
	at org.junit.platform.engine.support.hierarchical.NodeTestTask.execute(NodeTestTask.java:80)
	at org.junit.platform.engine.support.hierarchical.SameThreadHierarchicalTestExecutorService$$Lambda$183/1381713434.accept(Unknown Source)
	at java.util.ArrayList.forEach(ArrayList.java:1249)
	at org.junit.platform.engine.support.hierarchical.SameThreadHierarchicalTestExecutorService.invokeAll(SameThreadHierarchicalTestExecutorService.java:38)
	at org.junit.platform.engine.support.hierarchical.NodeTestTask.lambda$executeRecursively$5(NodeTestTask.java:139)
	at org.junit.platform.engine.support.hierarchical.NodeTestTask$$Lambda$179/195615004.execute(Unknown Source)
	at org.junit.platform.engine.support.hierarchical.ThrowableCollector.execute(ThrowableCollector.java:73)
	at org.junit.platform.engine.support.hierarchical.NodeTestTask.lambda$executeRecursively$7(NodeTestTask.java:125)
	at org.junit.platform.engine.support.hierarchical.NodeTestTask$$Lambda$178/1890627974.invoke(Unknown Source)
	at org.junit.platform.engine.support.hierarchical.Node.around(Node.java:135)
	at org.junit.platform.engine.support.hierarchical.NodeTestTask.lambda$executeRecursively$8(NodeTestTask.java:123)
	at org.junit.platform.engine.support.hierarchical.NodeTestTask$$Lambda$177/231977479.execute(Unknown Source)
	at org.junit.platform.engine.support.hierarchical.ThrowableCollector.execute(ThrowableCollector.java:73)
	at org.junit.platform.engine.support.hierarchical.NodeTestTask.executeRecursively(NodeTestTask.java:122)
	at org.junit.platform.engine.support.hierarchical.NodeTestTask.execute(NodeTestTask.java:80)
	at org.junit.platform.engine.support.hierarchical.SameThreadHierarchicalTestExecutorService$$Lambda$183/1381713434.accept(Unknown Source)
	at java.util.ArrayList.forEach(ArrayList.java:1249)
	at org.junit.platform.engine.support.hierarchical.SameThreadHierarchicalTestExecutorService.invokeAll(SameThreadHierarchicalTestExecutorService.java:38)
	at org.junit.platform.engine.support.hierarchical.NodeTestTask.lambda$executeRecursively$5(NodeTestTask.java:139)
	at org.junit.platform.engine.support.hierarchical.NodeTestTask$$Lambda$179/195615004.execute(Unknown Source)
	at org.junit.platform.engine.support.hierarchical.ThrowableCollector.execute(ThrowableCollector.java:73)
	at org.junit.platform.engine.support.hierarchical.NodeTestTask.lambda$executeRecursively$7(NodeTestTask.java:125)
	at org.junit.platform.engine.support.hierarchical.NodeTestTask$$Lambda$178/1890627974.invoke(Unknown Source)
	at org.junit.platform.engine.support.hierarchical.Node.around(Node.java:135)
	at org.junit.platform.engine.support.hierarchical.NodeTestTask.lambda$executeRecursively$8(NodeTestTask.java:123)
	at org.junit.platform.engine.support.hierarchical.NodeTestTask$$Lambda$177/231977479.execute(Unknown Source)
	at org.junit.platform.engine.support.hierarchical.ThrowableCollector.execute(ThrowableCollector.java:73)
	at org.junit.platform.engine.support.hierarchical.NodeTestTask.executeRecursively(NodeTestTask.java:122)
	at org.junit.platform.engine.support.hierarchical.NodeTestTask.execute(NodeTestTask.java:80)
	at org.junit.platform.engine.support.hierarchical.SameThreadHierarchicalTestExecutorService.submit(SameThreadHierarchicalTestExecutorService.java:32)
	at org.junit.platform.engine.support.hierarchical.HierarchicalTestExecutor.execute(HierarchicalTestExecutor.java:57)
	at org.junit.platform.engine.support.hierarchical.HierarchicalTestEngine.execute(HierarchicalTestEngine.java:51)
	at org.junit.platform.launcher.core.DefaultLauncher.execute(DefaultLauncher.java:248)
	at org.junit.platform.launcher.core.DefaultLauncher.lambda$execute$5(DefaultLauncher.java:211)
	at org.junit.platform.launcher.core.DefaultLauncher$$Lambda$143/233996206.accept(Unknown Source)
	at org.junit.platform.launcher.core.DefaultLauncher.withInterceptedStreams(DefaultLauncher.java:226)
	at org.junit.platform.launcher.core.DefaultLauncher.execute(DefaultLauncher.java:199)
	at org.junit.platform.launcher.core.DefaultLauncher.execute(DefaultLauncher.java:132)
	at org.apache.maven.surefire.junitplatform.JUnitPlatformProvider.invokeAllTests(JUnitPlatformProvider.java:142)
	at org.apache.maven.surefire.junitplatform.JUnitPlatformProvider.invoke(JUnitPlatformProvider.java:113)
	at org.apache.maven.surefire.booter.ForkedBooter.invokeProviderInSameClassLoader(ForkedBooter.java:384)
	at org.apache.maven.surefire.booter.ForkedBooter.runSuitesInProcess(ForkedBooter.java:345)
	at org.apache.maven.surefire.booter.ForkedBooter.execute(ForkedBooter.java:126)
	at org.apache.maven.surefire.booter.ForkedBooter.main(ForkedBooter.java:418)
2021-11-08 11:18:14,311 [myid:] - INFO  [main:FourLetterWordMain@94] - connecting to 127.0.0.1 30188
2021-11-08 11:18:14,311 [myid:1] - WARN  [nioEventLoopGroup-84-5:NettyServerCnxnFactory$CnxnChannelHandler@231] - Zookeeper server is not running, close the connection before starting the TLS handshake
2021-11-08 11:18:14,564 [myid:] - INFO  [main:FourLetterWordMain@94] - connecting to 127.0.0.1 30188
2021-11-08 11:18:14,564 [myid:1] - WARN  [nioEventLoopGroup-84-6:NettyServerCnxnFactory$CnxnChannelHandler@231] - Zookeeper server is not running, close the connection before starting the TLS handshake
2021-11-08 11:18:14,827 [myid:] - INFO  [main:FourLetterWordMain@94] - connecting to 127.0.0.1 30188
2021-11-08 11:18:14,827 [myid:1] - WARN  [nioEventLoopGroup-84-7:NettyServerCnxnFactory$CnxnChannelHandler@231] - Zookeeper server is not running, close the connection before starting the TLS handshake
2021-11-08 11:18:15,078 [myid:] - INFO  [main:FourLetterWordMain@94] - connecting to 127.0.0.1 30188
2021-11-08 11:18:15,078 [myid:1] - WARN  [nioEventLoopGroup-84-8:NettyServerCnxnFactory$CnxnChannelHandler@231] - Zookeeper server is not running, close the connection before starting the TLS handshake
2021-11-08 11:18:15,344 [myid:] - INFO  [main:FourLetterWordMain@94] - connecting to 127.0.0.1 30188
2021-11-08 11:18:15,344 [myid:1] - WARN  [nioEventLoopGroup-84-9:NettyServerCnxnFactory$CnxnChannelHandler@231] - Zookeeper server is not running, close the connection before starting the TLS handshake
2021-11-08 11:18:15,595 [myid:] - INFO  [main:FourLetterWordMain@94] - connecting to 127.0.0.1 30188
2021-11-08 11:18:15,595 [myid:1] - WARN  [nioEventLoopGroup-84-10:NettyServerCnxnFactory$CnxnChannelHandler@231] - Zookeeper server is not running, close the connection before starting the TLS handshake
2021-11-08 11:18:15,611 [myid:] - INFO  [main:ClientBase@267] - server 127.0.0.1:30188 not up
java.net.SocketException: Software caused connection abort: recv failed
	at java.net.SocketInputStream.socketRead0(Native Method)
	at java.net.SocketInputStream.read(SocketInputStream.java:150)
	at java.net.SocketInputStream.read(SocketInputStream.java:121)
	at sun.nio.cs.StreamDecoder.readBytes(StreamDecoder.java:284)
	at sun.nio.cs.StreamDecoder.implRead(StreamDecoder.java:326)
	at sun.nio.cs.StreamDecoder.read(StreamDecoder.java:178)
	at java.io.InputStreamReader.read(InputStreamReader.java:184)
	at java.io.BufferedReader.fill(BufferedReader.java:161)
	at java.io.BufferedReader.readLine(BufferedReader.java:324)
	at java.io.BufferedReader.readLine(BufferedReader.java:389)
	at org.apache.zookeeper.client.FourLetterWordMain.send4LetterWord(FourLetterWordMain.java:129)
	at org.apache.zookeeper.client.FourLetterWordMain.send4LetterWord(FourLetterWordMain.java:74)
	at org.apache.zookeeper.test.ClientBase.waitForServerUp(ClientBase.java:258)
	at org.apache.zookeeper.test.ClientBase.waitForServerUp(ClientBase.java:249)
	at org.apache.zookeeper.server.quorum.QuorumSSLTest.testProtocolVersion(QuorumSSLTest.java:899)
	at sun.reflect.NativeMethodAccessorImpl.invoke0(Native Method)
	at sun.reflect.NativeMethodAccessorImpl.invoke(NativeMethodAccessorImpl.java:62)
	at sun.reflect.DelegatingMethodAccessorImpl.invoke(DelegatingMethodAccessorImpl.java:43)
	at java.lang.reflect.Method.invoke(Method.java:483)
	at org.junit.platform.commons.util.ReflectionUtils.invokeMethod(ReflectionUtils.java:686)
	at org.junit.jupiter.engine.execution.MethodInvocation.proceed(MethodInvocation.java:60)
	at org.junit.jupiter.engine.execution.InvocationInterceptorChain$ValidatingInvocation.proceed(InvocationInterceptorChain.java:131)
	at org.junit.jupiter.engine.extension.TimeoutInvocation.proceed(TimeoutInvocation.java:46)
	at org.junit.jupiter.engine.extension.TimeoutExtension.intercept(TimeoutExtension.java:149)
	at org.junit.jupiter.engine.extension.TimeoutExtension.interceptTestableMethod(TimeoutExtension.java:140)
	at org.junit.jupiter.engine.extension.TimeoutExtension.interceptTestMethod(TimeoutExtension.java:84)
	at org.junit.jupiter.engine.descriptor.TestMethodTestDescriptor$$Lambda$111/1780132728.apply(Unknown Source)
	at org.junit.jupiter.engine.execution.ExecutableInvoker$ReflectiveInterceptorCall.lambda$ofVoidMethod$0(ExecutableInvoker.java:115)
	at org.junit.jupiter.engine.execution.ExecutableInvoker$ReflectiveInterceptorCall$$Lambda$112/1725017993.apply(Unknown Source)
	at org.junit.jupiter.engine.execution.ExecutableInvoker.lambda$invoke$0(ExecutableInvoker.java:105)
	at org.junit.jupiter.engine.execution.ExecutableInvoker$$Lambda$234/64133603.apply(Unknown Source)
	at org.junit.jupiter.engine.execution.InvocationInterceptorChain$InterceptedInvocation.proceed(InvocationInterceptorChain.java:106)
	at org.junit.jupiter.engine.execution.InvocationInterceptorChain.proceed(InvocationInterceptorChain.java:64)
	at org.junit.jupiter.engine.execution.InvocationInterceptorChain.chainAndInvoke(InvocationInterceptorChain.java:45)
	at org.junit.jupiter.engine.execution.InvocationInterceptorChain.invoke(InvocationInterceptorChain.java:37)
	at org.junit.jupiter.engine.execution.ExecutableInvoker.invoke(ExecutableInvoker.java:104)
	at org.junit.jupiter.engine.execution.ExecutableInvoker.invoke(ExecutableInvoker.java:98)
	at org.junit.jupiter.engine.descriptor.TestMethodTestDescriptor.lambda$invokeTestMethod$6(TestMethodTestDescriptor.java:212)
	at org.junit.jupiter.engine.descriptor.TestMethodTestDescriptor$$Lambda$271/224100622.execute(Unknown Source)
	at org.junit.platform.engine.support.hierarchical.ThrowableCollector.execute(ThrowableCollector.java:73)
	at org.junit.jupiter.engine.descriptor.TestMethodTestDescriptor.invokeTestMethod(TestMethodTestDescriptor.java:208)
	at org.junit.jupiter.engine.descriptor.TestMethodTestDescriptor.execute(TestMethodTestDescriptor.java:137)
	at org.junit.jupiter.engine.descriptor.TestMethodTestDescriptor.execute(TestMethodTestDescriptor.java:71)
	at org.junit.platform.engine.support.hierarchical.NodeTestTask.lambda$executeRecursively$5(NodeTestTask.java:135)
	at org.junit.platform.engine.support.hierarchical.NodeTestTask$$Lambda$179/195615004.execute(Unknown Source)
	at org.junit.platform.engine.support.hierarchical.ThrowableCollector.execute(ThrowableCollector.java:73)
	at org.junit.platform.engine.support.hierarchical.NodeTestTask.lambda$executeRecursively$7(NodeTestTask.java:125)
	at org.junit.platform.engine.support.hierarchical.NodeTestTask$$Lambda$178/1890627974.invoke(Unknown Source)
	at org.junit.platform.engine.support.hierarchical.Node.around(Node.java:135)
	at org.junit.platform.engine.support.hierarchical.NodeTestTask.lambda$executeRecursively$8(NodeTestTask.java:123)
	at org.junit.platform.engine.support.hierarchical.NodeTestTask$$Lambda$177/231977479.execute(Unknown Source)
	at org.junit.platform.engine.support.hierarchical.ThrowableCollector.execute(ThrowableCollector.java:73)
	at org.junit.platform.engine.support.hierarchical.NodeTestTask.executeRecursively(NodeTestTask.java:122)
	at org.junit.platform.engine.support.hierarchical.NodeTestTask.execute(NodeTestTask.java:80)
	at org.junit.platform.engine.support.hierarchical.SameThreadHierarchicalTestExecutorService$$Lambda$183/1381713434.accept(Unknown Source)
	at java.util.ArrayList.forEach(ArrayList.java:1249)
	at org.junit.platform.engine.support.hierarchical.SameThreadHierarchicalTestExecutorService.invokeAll(SameThreadHierarchicalTestExecutorService.java:38)
	at org.junit.platform.engine.support.hierarchical.NodeTestTask.lambda$executeRecursively$5(NodeTestTask.java:139)
	at org.junit.platform.engine.support.hierarchical.NodeTestTask$$Lambda$179/195615004.execute(Unknown Source)
	at org.junit.platform.engine.support.hierarchical.ThrowableCollector.execute(ThrowableCollector.java:73)
	at org.junit.platform.engine.support.hierarchical.NodeTestTask.lambda$executeRecursively$7(NodeTestTask.java:125)
	at org.junit.platform.engine.support.hierarchical.NodeTestTask$$Lambda$178/1890627974.invoke(Unknown Source)
	at org.junit.platform.engine.support.hierarchical.Node.around(Node.java:135)
	at org.junit.platform.engine.support.hierarchical.NodeTestTask.lambda$executeRecursively$8(NodeTestTask.java:123)
	at org.junit.platform.engine.support.hierarchical.NodeTestTask$$Lambda$177/231977479.execute(Unknown Source)
	at org.junit.platform.engine.support.hierarchical.ThrowableCollector.execute(ThrowableCollector.java:73)
	at org.junit.platform.engine.support.hierarchical.NodeTestTask.executeRecursively(NodeTestTask.java:122)
	at org.junit.platform.engine.support.hierarchical.NodeTestTask.execute(NodeTestTask.java:80)
	at org.junit.platform.engine.support.hierarchical.SameThreadHierarchicalTestExecutorService$$Lambda$183/1381713434.accept(Unknown Source)
	at java.util.ArrayList.forEach(ArrayList.java:1249)
	at org.junit.platform.engine.support.hierarchical.SameThreadHierarchicalTestExecutorService.invokeAll(SameThreadHierarchicalTestExecutorService.java:38)
	at org.junit.platform.engine.support.hierarchical.NodeTestTask.lambda$executeRecursively$5(NodeTestTask.java:139)
	at org.junit.platform.engine.support.hierarchical.NodeTestTask$$Lambda$179/195615004.execute(Unknown Source)
	at org.junit.platform.engine.support.hierarchical.ThrowableCollector.execute(ThrowableCollector.java:73)
	at org.junit.platform.engine.support.hierarchical.NodeTestTask.lambda$executeRecursively$7(NodeTestTask.java:125)
	at org.junit.platform.engine.support.hierarchical.NodeTestTask$$Lambda$178/1890627974.invoke(Unknown Source)
	at org.junit.platform.engine.support.hierarchical.Node.around(Node.java:135)
	at org.junit.platform.engine.support.hierarchical.NodeTestTask.lambda$executeRecursively$8(NodeTestTask.java:123)
	at org.junit.platform.engine.support.hierarchical.NodeTestTask$$Lambda$177/231977479.execute(Unknown Source)
	at org.junit.platform.engine.support.hierarchical.ThrowableCollector.execute(ThrowableCollector.java:73)
	at org.junit.platform.engine.support.hierarchical.NodeTestTask.executeRecursively(NodeTestTask.java:122)
	at org.junit.platform.engine.support.hierarchical.NodeTestTask.execute(NodeTestTask.java:80)
	at org.junit.platform.engine.support.hierarchical.SameThreadHierarchicalTestExecutorService.submit(SameThreadHierarchicalTestExecutorService.java:32)
	at org.junit.platform.engine.support.hierarchical.HierarchicalTestExecutor.execute(HierarchicalTestExecutor.java:57)
	at org.junit.platform.engine.support.hierarchical.HierarchicalTestEngine.execute(HierarchicalTestEngine.java:51)
	at org.junit.platform.launcher.core.DefaultLauncher.execute(DefaultLauncher.java:248)
	at org.junit.platform.launcher.core.DefaultLauncher.lambda$execute$5(DefaultLauncher.java:211)
	at org.junit.platform.launcher.core.DefaultLauncher$$Lambda$143/233996206.accept(Unknown Source)
	at org.junit.platform.launcher.core.DefaultLauncher.withInterceptedStreams(DefaultLauncher.java:226)
	at org.junit.platform.launcher.core.DefaultLauncher.execute(DefaultLauncher.java:199)
	at org.junit.platform.launcher.core.DefaultLauncher.execute(DefaultLauncher.java:132)
	at org.apache.maven.surefire.junitplatform.JUnitPlatformProvider.invokeAllTests(JUnitPlatformProvider.java:142)
	at org.apache.maven.surefire.junitplatform.JUnitPlatformProvider.invoke(JUnitPlatformProvider.java:113)
	at org.apache.maven.surefire.booter.ForkedBooter.invokeProviderInSameClassLoader(ForkedBooter.java:384)
	at org.apache.maven.surefire.booter.ForkedBooter.runSuitesInProcess(ForkedBooter.java:345)
	at org.apache.maven.surefire.booter.ForkedBooter.execute(ForkedBooter.java:126)
	at org.apache.maven.surefire.booter.ForkedBooter.main(ForkedBooter.java:418)
2021-11-08 11:18:15,876 [myid:] - INFO  [main:FourLetterWordMain@94] - connecting to 127.0.0.1 30188
2021-11-08 11:18:15,878 [myid:1] - WARN  [nioEventLoopGroup-84-11:NettyServerCnxnFactory$CnxnChannelHandler@231] - Zookeeper server is not running, close the connection before starting the TLS handshake
2021-11-08 11:18:16,140 [myid:] - INFO  [main:FourLetterWordMain@94] - connecting to 127.0.0.1 30188
2021-11-08 11:18:16,140 [myid:1] - WARN  [nioEventLoopGroup-84-12:NettyServerCnxnFactory$CnxnChannelHandler@231] - Zookeeper server is not running, close the connection before starting the TLS handshake
2021-11-08 11:18:16,155 [myid:] - INFO  [main:ClientBase@267] - server 127.0.0.1:30188 not up
java.net.SocketException: Software caused connection abort: recv failed
	at java.net.SocketInputStream.socketRead0(Native Method)
	at java.net.SocketInputStream.read(SocketInputStream.java:150)
	at java.net.SocketInputStream.read(SocketInputStream.java:121)
	at sun.nio.cs.StreamDecoder.readBytes(StreamDecoder.java:284)
	at sun.nio.cs.StreamDecoder.implRead(StreamDecoder.java:326)
	at sun.nio.cs.StreamDecoder.read(StreamDecoder.java:178)
	at java.io.InputStreamReader.read(InputStreamReader.java:184)
	at java.io.BufferedReader.fill(BufferedReader.java:161)
	at java.io.BufferedReader.readLine(BufferedReader.java:324)
	at java.io.BufferedReader.readLine(BufferedReader.java:389)
	at org.apache.zookeeper.client.FourLetterWordMain.send4LetterWord(FourLetterWordMain.java:129)
	at org.apache.zookeeper.client.FourLetterWordMain.send4LetterWord(FourLetterWordMain.java:74)
	at org.apache.zookeeper.test.ClientBase.waitForServerUp(ClientBase.java:258)
	at org.apache.zookeeper.test.ClientBase.waitForServerUp(ClientBase.java:249)
	at org.apache.zookeeper.server.quorum.QuorumSSLTest.testProtocolVersion(QuorumSSLTest.java:899)
	at sun.reflect.NativeMethodAccessorImpl.invoke0(Native Method)
	at sun.reflect.NativeMethodAccessorImpl.invoke(NativeMethodAccessorImpl.java:62)
	at sun.reflect.DelegatingMethodAccessorImpl.invoke(DelegatingMethodAccessorImpl.java:43)
	at java.lang.reflect.Method.invoke(Method.java:483)
	at org.junit.platform.commons.util.ReflectionUtils.invokeMethod(ReflectionUtils.java:686)
	at org.junit.jupiter.engine.execution.MethodInvocation.proceed(MethodInvocation.java:60)
	at org.junit.jupiter.engine.execution.InvocationInterceptorChain$ValidatingInvocation.proceed(InvocationInterceptorChain.java:131)
	at org.junit.jupiter.engine.extension.TimeoutInvocation.proceed(TimeoutInvocation.java:46)
	at org.junit.jupiter.engine.extension.TimeoutExtension.intercept(TimeoutExtension.java:149)
	at org.junit.jupiter.engine.extension.TimeoutExtension.interceptTestableMethod(TimeoutExtension.java:140)
	at org.junit.jupiter.engine.extension.TimeoutExtension.interceptTestMethod(TimeoutExtension.java:84)
	at org.junit.jupiter.engine.descriptor.TestMethodTestDescriptor$$Lambda$111/1780132728.apply(Unknown Source)
	at org.junit.jupiter.engine.execution.ExecutableInvoker$ReflectiveInterceptorCall.lambda$ofVoidMethod$0(ExecutableInvoker.java:115)
	at org.junit.jupiter.engine.execution.ExecutableInvoker$ReflectiveInterceptorCall$$Lambda$112/1725017993.apply(Unknown Source)
	at org.junit.jupiter.engine.execution.ExecutableInvoker.lambda$invoke$0(ExecutableInvoker.java:105)
	at org.junit.jupiter.engine.execution.ExecutableInvoker$$Lambda$234/64133603.apply(Unknown Source)
	at org.junit.jupiter.engine.execution.InvocationInterceptorChain$InterceptedInvocation.proceed(InvocationInterceptorChain.java:106)
	at org.junit.jupiter.engine.execution.InvocationInterceptorChain.proceed(InvocationInterceptorChain.java:64)
	at org.junit.jupiter.engine.execution.InvocationInterceptorChain.chainAndInvoke(InvocationInterceptorChain.java:45)
	at org.junit.jupiter.engine.execution.InvocationInterceptorChain.invoke(InvocationInterceptorChain.java:37)
	at org.junit.jupiter.engine.execution.ExecutableInvoker.invoke(ExecutableInvoker.java:104)
	at org.junit.jupiter.engine.execution.ExecutableInvoker.invoke(ExecutableInvoker.java:98)
	at org.junit.jupiter.engine.descriptor.TestMethodTestDescriptor.lambda$invokeTestMethod$6(TestMethodTestDescriptor.java:212)
	at org.junit.jupiter.engine.descriptor.TestMethodTestDescriptor$$Lambda$271/224100622.execute(Unknown Source)
	at org.junit.platform.engine.support.hierarchical.ThrowableCollector.execute(ThrowableCollector.java:73)
	at org.junit.jupiter.engine.descriptor.TestMethodTestDescriptor.invokeTestMethod(TestMethodTestDescriptor.java:208)
	at org.junit.jupiter.engine.descriptor.TestMethodTestDescriptor.execute(TestMethodTestDescriptor.java:137)
	at org.junit.jupiter.engine.descriptor.TestMethodTestDescriptor.execute(TestMethodTestDescriptor.java:71)
	at org.junit.platform.engine.support.hierarchical.NodeTestTask.lambda$executeRecursively$5(NodeTestTask.java:135)
	at org.junit.platform.engine.support.hierarchical.NodeTestTask$$Lambda$179/195615004.execute(Unknown Source)
	at org.junit.platform.engine.support.hierarchical.ThrowableCollector.execute(ThrowableCollector.java:73)
	at org.junit.platform.engine.support.hierarchical.NodeTestTask.lambda$executeRecursively$7(NodeTestTask.java:125)
	at org.junit.platform.engine.support.hierarchical.NodeTestTask$$Lambda$178/1890627974.invoke(Unknown Source)
	at org.junit.platform.engine.support.hierarchical.Node.around(Node.java:135)
	at org.junit.platform.engine.support.hierarchical.NodeTestTask.lambda$executeRecursively$8(NodeTestTask.java:123)
	at org.junit.platform.engine.support.hierarchical.NodeTestTask$$Lambda$177/231977479.execute(Unknown Source)
	at org.junit.platform.engine.support.hierarchical.ThrowableCollector.execute(ThrowableCollector.java:73)
	at org.junit.platform.engine.support.hierarchical.NodeTestTask.executeRecursively(NodeTestTask.java:122)
	at org.junit.platform.engine.support.hierarchical.NodeTestTask.execute(NodeTestTask.java:80)
	at org.junit.platform.engine.support.hierarchical.SameThreadHierarchicalTestExecutorService$$Lambda$183/1381713434.accept(Unknown Source)
	at java.util.ArrayList.forEach(ArrayList.java:1249)
	at org.junit.platform.engine.support.hierarchical.SameThreadHierarchicalTestExecutorService.invokeAll(SameThreadHierarchicalTestExecutorService.java:38)
	at org.junit.platform.engine.support.hierarchical.NodeTestTask.lambda$executeRecursively$5(NodeTestTask.java:139)
	at org.junit.platform.engine.support.hierarchical.NodeTestTask$$Lambda$179/195615004.execute(Unknown Source)
	at org.junit.platform.engine.support.hierarchical.ThrowableCollector.execute(ThrowableCollector.java:73)
	at org.junit.platform.engine.support.hierarchical.NodeTestTask.lambda$executeRecursively$7(NodeTestTask.java:125)
	at org.junit.platform.engine.support.hierarchical.NodeTestTask$$Lambda$178/1890627974.invoke(Unknown Source)
	at org.junit.platform.engine.support.hierarchical.Node.around(Node.java:135)
	at org.junit.platform.engine.support.hierarchical.NodeTestTask.lambda$executeRecursively$8(NodeTestTask.java:123)
	at org.junit.platform.engine.support.hierarchical.NodeTestTask$$Lambda$177/231977479.execute(Unknown Source)
	at org.junit.platform.engine.support.hierarchical.ThrowableCollector.execute(ThrowableCollector.java:73)
	at org.junit.platform.engine.support.hierarchical.NodeTestTask.executeRecursively(NodeTestTask.java:122)
	at org.junit.platform.engine.support.hierarchical.NodeTestTask.execute(NodeTestTask.java:80)
	at org.junit.platform.engine.support.hierarchical.SameThreadHierarchicalTestExecutorService$$Lambda$183/1381713434.accept(Unknown Source)
	at java.util.ArrayList.forEach(ArrayList.java:1249)
	at org.junit.platform.engine.support.hierarchical.SameThreadHierarchicalTestExecutorService.invokeAll(SameThreadHierarchicalTestExecutorService.java:38)
	at org.junit.platform.engine.support.hierarchical.NodeTestTask.lambda$executeRecursively$5(NodeTestTask.java:139)
	at org.junit.platform.engine.support.hierarchical.NodeTestTask$$Lambda$179/195615004.execute(Unknown Source)
	at org.junit.platform.engine.support.hierarchical.ThrowableCollector.execute(ThrowableCollector.java:73)
	at org.junit.platform.engine.support.hierarchical.NodeTestTask.lambda$executeRecursively$7(NodeTestTask.java:125)
	at org.junit.platform.engine.support.hierarchical.NodeTestTask$$Lambda$178/1890627974.invoke(Unknown Source)
	at org.junit.platform.engine.support.hierarchical.Node.around(Node.java:135)
	at org.junit.platform.engine.support.hierarchical.NodeTestTask.lambda$executeRecursively$8(NodeTestTask.java:123)
	at org.junit.platform.engine.support.hierarchical.NodeTestTask$$Lambda$177/231977479.execute(Unknown Source)
	at org.junit.platform.engine.support.hierarchical.ThrowableCollector.execute(ThrowableCollector.java:73)
	at org.junit.platform.engine.support.hierarchical.NodeTestTask.executeRecursively(NodeTestTask.java:122)
	at org.junit.platform.engine.support.hierarchical.NodeTestTask.execute(NodeTestTask.java:80)
	at org.junit.platform.engine.support.hierarchical.SameThreadHierarchicalTestExecutorService.submit(SameThreadHierarchicalTestExecutorService.java:32)
	at org.junit.platform.engine.support.hierarchical.HierarchicalTestExecutor.execute(HierarchicalTestExecutor.java:57)
	at org.junit.platform.engine.support.hierarchical.HierarchicalTestEngine.execute(HierarchicalTestEngine.java:51)
	at org.junit.platform.launcher.core.DefaultLauncher.execute(DefaultLauncher.java:248)
	at org.junit.platform.launcher.core.DefaultLauncher.lambda$execute$5(DefaultLauncher.java:211)
	at org.junit.platform.launcher.core.DefaultLauncher$$Lambda$143/233996206.accept(Unknown Source)
	at org.junit.platform.launcher.core.DefaultLauncher.withInterceptedStreams(DefaultLauncher.java:226)
	at org.junit.platform.launcher.core.DefaultLauncher.execute(DefaultLauncher.java:199)
	at org.junit.platform.launcher.core.DefaultLauncher.execute(DefaultLauncher.java:132)
	at org.apache.maven.surefire.junitplatform.JUnitPlatformProvider.invokeAllTests(JUnitPlatformProvider.java:142)
	at org.apache.maven.surefire.junitplatform.JUnitPlatformProvider.invoke(JUnitPlatformProvider.java:113)
	at org.apache.maven.surefire.booter.ForkedBooter.invokeProviderInSameClassLoader(ForkedBooter.java:384)
	at org.apache.maven.surefire.booter.ForkedBooter.runSuitesInProcess(ForkedBooter.java:345)
	at org.apache.maven.surefire.booter.ForkedBooter.execute(ForkedBooter.java:126)
	at org.apache.maven.surefire.booter.ForkedBooter.main(ForkedBooter.java:418)
2021-11-08 11:18:16,340 [myid:1] - INFO  [QuorumPeer[myid=1](plain=[0:0:0:0:0:0:0:0]:30188)(secure=disabled):FastLeaderElection@984] - Notification time out: 6400
2021-11-08 11:18:16,340 [myid:2] - INFO  [QuorumPeer[myid=2](plain=[0:0:0:0:0:0:0:0]:30189)(secure=disabled):FastLeaderElection@984] - Notification time out: 6400
2021-11-08 11:18:16,418 [myid:] - INFO  [main:FourLetterWordMain@94] - connecting to 127.0.0.1 30188
2021-11-08 11:18:16,418 [myid:1] - WARN  [nioEventLoopGroup-84-1:NettyServerCnxnFactory$CnxnChannelHandler@231] - Zookeeper server is not running, close the connection before starting the TLS handshake
2021-11-08 11:18:16,434 [myid:] - INFO  [main:ClientBase@267] - server 127.0.0.1:30188 not up
java.net.SocketException: Software caused connection abort: recv failed
	at java.net.SocketInputStream.socketRead0(Native Method)
	at java.net.SocketInputStream.read(SocketInputStream.java:150)
	at java.net.SocketInputStream.read(SocketInputStream.java:121)
	at sun.nio.cs.StreamDecoder.readBytes(StreamDecoder.java:284)
	at sun.nio.cs.StreamDecoder.implRead(StreamDecoder.java:326)
	at sun.nio.cs.StreamDecoder.read(StreamDecoder.java:178)
	at java.io.InputStreamReader.read(InputStreamReader.java:184)
	at java.io.BufferedReader.fill(BufferedReader.java:161)
	at java.io.BufferedReader.readLine(BufferedReader.java:324)
	at java.io.BufferedReader.readLine(BufferedReader.java:389)
	at org.apache.zookeeper.client.FourLetterWordMain.send4LetterWord(FourLetterWordMain.java:129)
	at org.apache.zookeeper.client.FourLetterWordMain.send4LetterWord(FourLetterWordMain.java:74)
	at org.apache.zookeeper.test.ClientBase.waitForServerUp(ClientBase.java:258)
	at org.apache.zookeeper.test.ClientBase.waitForServerUp(ClientBase.java:249)
	at org.apache.zookeeper.server.quorum.QuorumSSLTest.testProtocolVersion(QuorumSSLTest.java:899)
	at sun.reflect.NativeMethodAccessorImpl.invoke0(Native Method)
	at sun.reflect.NativeMethodAccessorImpl.invoke(NativeMethodAccessorImpl.java:62)
	at sun.reflect.DelegatingMethodAccessorImpl.invoke(DelegatingMethodAccessorImpl.java:43)
	at java.lang.reflect.Method.invoke(Method.java:483)
	at org.junit.platform.commons.util.ReflectionUtils.invokeMethod(ReflectionUtils.java:686)
	at org.junit.jupiter.engine.execution.MethodInvocation.proceed(MethodInvocation.java:60)
	at org.junit.jupiter.engine.execution.InvocationInterceptorChain$ValidatingInvocation.proceed(InvocationInterceptorChain.java:131)
	at org.junit.jupiter.engine.extension.TimeoutInvocation.proceed(TimeoutInvocation.java:46)
	at org.junit.jupiter.engine.extension.TimeoutExtension.intercept(TimeoutExtension.java:149)
	at org.junit.jupiter.engine.extension.TimeoutExtension.interceptTestableMethod(TimeoutExtension.java:140)
	at org.junit.jupiter.engine.extension.TimeoutExtension.interceptTestMethod(TimeoutExtension.java:84)
	at org.junit.jupiter.engine.descriptor.TestMethodTestDescriptor$$Lambda$111/1780132728.apply(Unknown Source)
	at org.junit.jupiter.engine.execution.ExecutableInvoker$ReflectiveInterceptorCall.lambda$ofVoidMethod$0(ExecutableInvoker.java:115)
	at org.junit.jupiter.engine.execution.ExecutableInvoker$ReflectiveInterceptorCall$$Lambda$112/1725017993.apply(Unknown Source)
	at org.junit.jupiter.engine.execution.ExecutableInvoker.lambda$invoke$0(ExecutableInvoker.java:105)
	at org.junit.jupiter.engine.execution.ExecutableInvoker$$Lambda$234/64133603.apply(Unknown Source)
	at org.junit.jupiter.engine.execution.InvocationInterceptorChain$InterceptedInvocation.proceed(InvocationInterceptorChain.java:106)
	at org.junit.jupiter.engine.execution.InvocationInterceptorChain.proceed(InvocationInterceptorChain.java:64)
	at org.junit.jupiter.engine.execution.InvocationInterceptorChain.chainAndInvoke(InvocationInterceptorChain.java:45)
	at org.junit.jupiter.engine.execution.InvocationInterceptorChain.invoke(InvocationInterceptorChain.java:37)
	at org.junit.jupiter.engine.execution.ExecutableInvoker.invoke(ExecutableInvoker.java:104)
	at org.junit.jupiter.engine.execution.ExecutableInvoker.invoke(ExecutableInvoker.java:98)
	at org.junit.jupiter.engine.descriptor.TestMethodTestDescriptor.lambda$invokeTestMethod$6(TestMethodTestDescriptor.java:212)
	at org.junit.jupiter.engine.descriptor.TestMethodTestDescriptor$$Lambda$271/224100622.execute(Unknown Source)
	at org.junit.platform.engine.support.hierarchical.ThrowableCollector.execute(ThrowableCollector.java:73)
	at org.junit.jupiter.engine.descriptor.TestMethodTestDescriptor.invokeTestMethod(TestMethodTestDescriptor.java:208)
	at org.junit.jupiter.engine.descriptor.TestMethodTestDescriptor.execute(TestMethodTestDescriptor.java:137)
	at org.junit.jupiter.engine.descriptor.TestMethodTestDescriptor.execute(TestMethodTestDescriptor.java:71)
	at org.junit.platform.engine.support.hierarchical.NodeTestTask.lambda$executeRecursively$5(NodeTestTask.java:135)
	at org.junit.platform.engine.support.hierarchical.NodeTestTask$$Lambda$179/195615004.execute(Unknown Source)
	at org.junit.platform.engine.support.hierarchical.ThrowableCollector.execute(ThrowableCollector.java:73)
	at org.junit.platform.engine.support.hierarchical.NodeTestTask.lambda$executeRecursively$7(NodeTestTask.java:125)
	at org.junit.platform.engine.support.hierarchical.NodeTestTask$$Lambda$178/1890627974.invoke(Unknown Source)
	at org.junit.platform.engine.support.hierarchical.Node.around(Node.java:135)
	at org.junit.platform.engine.support.hierarchical.NodeTestTask.lambda$executeRecursively$8(NodeTestTask.java:123)
	at org.junit.platform.engine.support.hierarchical.NodeTestTask$$Lambda$177/231977479.execute(Unknown Source)
	at org.junit.platform.engine.support.hierarchical.ThrowableCollector.execute(ThrowableCollector.java:73)
	at org.junit.platform.engine.support.hierarchical.NodeTestTask.executeRecursively(NodeTestTask.java:122)
	at org.junit.platform.engine.support.hierarchical.NodeTestTask.execute(NodeTestTask.java:80)
	at org.junit.platform.engine.support.hierarchical.SameThreadHierarchicalTestExecutorService$$Lambda$183/1381713434.accept(Unknown Source)
	at java.util.ArrayList.forEach(ArrayList.java:1249)
	at org.junit.platform.engine.support.hierarchical.SameThreadHierarchicalTestExecutorService.invokeAll(SameThreadHierarchicalTestExecutorService.java:38)
	at org.junit.platform.engine.support.hierarchical.NodeTestTask.lambda$executeRecursively$5(NodeTestTask.java:139)
	at org.junit.platform.engine.support.hierarchical.NodeTestTask$$Lambda$179/195615004.execute(Unknown Source)
	at org.junit.platform.engine.support.hierarchical.ThrowableCollector.execute(ThrowableCollector.java:73)
	at org.junit.platform.engine.support.hierarchical.NodeTestTask.lambda$executeRecursively$7(NodeTestTask.java:125)
	at org.junit.platform.engine.support.hierarchical.NodeTestTask$$Lambda$178/1890627974.invoke(Unknown Source)
	at org.junit.platform.engine.support.hierarchical.Node.around(Node.java:135)
	at org.junit.platform.engine.support.hierarchical.NodeTestTask.lambda$executeRecursively$8(NodeTestTask.java:123)
	at org.junit.platform.engine.support.hierarchical.NodeTestTask$$Lambda$177/231977479.execute(Unknown Source)
	at org.junit.platform.engine.support.hierarchical.ThrowableCollector.execute(ThrowableCollector.java:73)
	at org.junit.platform.engine.support.hierarchical.NodeTestTask.executeRecursively(NodeTestTask.java:122)
	at org.junit.platform.engine.support.hierarchical.NodeTestTask.execute(NodeTestTask.java:80)
	at org.junit.platform.engine.support.hierarchical.SameThreadHierarchicalTestExecutorService$$Lambda$183/1381713434.accept(Unknown Source)
	at java.util.ArrayList.forEach(ArrayList.java:1249)
	at org.junit.platform.engine.support.hierarchical.SameThreadHierarchicalTestExecutorService.invokeAll(SameThreadHierarchicalTestExecutorService.java:38)
	at org.junit.platform.engine.support.hierarchical.NodeTestTask.lambda$executeRecursively$5(NodeTestTask.java:139)
	at org.junit.platform.engine.support.hierarchical.NodeTestTask$$Lambda$179/195615004.execute(Unknown Source)
	at org.junit.platform.engine.support.hierarchical.ThrowableCollector.execute(ThrowableCollector.java:73)
	at org.junit.platform.engine.support.hierarchical.NodeTestTask.lambda$executeRecursively$7(NodeTestTask.java:125)
	at org.junit.platform.engine.support.hierarchical.NodeTestTask$$Lambda$178/1890627974.invoke(Unknown Source)
	at org.junit.platform.engine.support.hierarchical.Node.around(Node.java:135)
	at org.junit.platform.engine.support.hierarchical.NodeTestTask.lambda$executeRecursively$8(NodeTestTask.java:123)
	at org.junit.platform.engine.support.hierarchical.NodeTestTask$$Lambda$177/231977479.execute(Unknown Source)
	at org.junit.platform.engine.support.hierarchical.ThrowableCollector.execute(ThrowableCollector.java:73)
	at org.junit.platform.engine.support.hierarchical.NodeTestTask.executeRecursively(NodeTestTask.java:122)
	at org.junit.platform.engine.support.hierarchical.NodeTestTask.execute(NodeTestTask.java:80)
	at org.junit.platform.engine.support.hierarchical.SameThreadHierarchicalTestExecutorService.submit(SameThreadHierarchicalTestExecutorService.java:32)
	at org.junit.platform.engine.support.hierarchical.HierarchicalTestExecutor.execute(HierarchicalTestExecutor.java:57)
	at org.junit.platform.engine.support.hierarchical.HierarchicalTestEngine.execute(HierarchicalTestEngine.java:51)
	at org.junit.platform.launcher.core.DefaultLauncher.execute(DefaultLauncher.java:248)
	at org.junit.platform.launcher.core.DefaultLauncher.lambda$execute$5(DefaultLauncher.java:211)
	at org.junit.platform.launcher.core.DefaultLauncher$$Lambda$143/233996206.accept(Unknown Source)
	at org.junit.platform.launcher.core.DefaultLauncher.withInterceptedStreams(DefaultLauncher.java:226)
	at org.junit.platform.launcher.core.DefaultLauncher.execute(DefaultLauncher.java:199)
	at org.junit.platform.launcher.core.DefaultLauncher.execute(DefaultLauncher.java:132)
	at org.apache.maven.surefire.junitplatform.JUnitPlatformProvider.invokeAllTests(JUnitPlatformProvider.java:142)
	at org.apache.maven.surefire.junitplatform.JUnitPlatformProvider.invoke(JUnitPlatformProvider.java:113)
	at org.apache.maven.surefire.booter.ForkedBooter.invokeProviderInSameClassLoader(ForkedBooter.java:384)
	at org.apache.maven.surefire.booter.ForkedBooter.runSuitesInProcess(ForkedBooter.java:345)
	at org.apache.maven.surefire.booter.ForkedBooter.execute(ForkedBooter.java:126)
	at org.apache.maven.surefire.booter.ForkedBooter.main(ForkedBooter.java:418)
2021-11-08 11:18:16,707 [myid:] - INFO  [main:FourLetterWordMain@94] - connecting to 127.0.0.1 30188
2021-11-08 11:18:16,709 [myid:1] - WARN  [nioEventLoopGroup-84-2:NettyServerCnxnFactory$CnxnChannelHandler@231] - Zookeeper server is not running, close the connection before starting the TLS handshake
2021-11-08 11:18:16,964 [myid:] - INFO  [main:FourLetterWordMain@94] - connecting to 127.0.0.1 30188
2021-11-08 11:18:16,964 [myid:1] - WARN  [nioEventLoopGroup-84-3:NettyServerCnxnFactory$CnxnChannelHandler@231] - Zookeeper server is not running, close the connection before starting the TLS handshake
2021-11-08 11:18:17,229 [myid:] - INFO  [main:FourLetterWordMain@94] - connecting to 127.0.0.1 30188
2021-11-08 11:18:17,229 [myid:1] - WARN  [nioEventLoopGroup-84-4:NettyServerCnxnFactory$CnxnChannelHandler@231] - Zookeeper server is not running, close the connection before starting the TLS handshake
2021-11-08 11:18:17,495 [myid:] - INFO  [main:FourLetterWordMain@94] - connecting to 127.0.0.1 30188
2021-11-08 11:18:17,496 [myid:1] - WARN  [nioEventLoopGroup-84-5:NettyServerCnxnFactory$CnxnChannelHandler@231] - Zookeeper server is not running, close the connection before starting the TLS handshake
2021-11-08 11:18:17,748 [myid:] - INFO  [main:FourLetterWordMain@94] - connecting to 127.0.0.1 30188
2021-11-08 11:18:17,750 [myid:1] - WARN  [nioEventLoopGroup-84-6:NettyServerCnxnFactory$CnxnChannelHandler@231] - Zookeeper server is not running, close the connection before starting the TLS handshake
2021-11-08 11:18:18,012 [myid:] - INFO  [main:FourLetterWordMain@94] - connecting to 127.0.0.1 30188
2021-11-08 11:18:18,014 [myid:1] - WARN  [nioEventLoopGroup-84-7:NettyServerCnxnFactory$CnxnChannelHandler@231] - Zookeeper server is not running, close the connection before starting the TLS handshake
2021-11-08 11:18:18,279 [myid:] - INFO  [main:FourLetterWordMain@94] - connecting to 127.0.0.1 30188
2021-11-08 11:18:18,280 [myid:1] - WARN  [nioEventLoopGroup-84-8:NettyServerCnxnFactory$CnxnChannelHandler@231] - Zookeeper server is not running, close the connection before starting the TLS handshake
2021-11-08 11:18:18,544 [myid:] - INFO  [main:FourLetterWordMain@94] - connecting to 127.0.0.1 30188
2021-11-08 11:18:18,545 [myid:1] - WARN  [nioEventLoopGroup-84-9:NettyServerCnxnFactory$CnxnChannelHandler@231] - Zookeeper server is not running, close the connection before starting the TLS handshake
2021-11-08 11:18:18,807 [myid:] - INFO  [main:FourLetterWordMain@94] - connecting to 127.0.0.1 30188
2021-11-08 11:18:18,807 [myid:1] - WARN  [nioEventLoopGroup-84-10:NettyServerCnxnFactory$CnxnChannelHandler@231] - Zookeeper server is not running, close the connection before starting the TLS handshake
2021-11-08 11:18:19,073 [myid:] - INFO  [main:FourLetterWordMain@94] - connecting to 127.0.0.1 30188
2021-11-08 11:18:19,074 [myid:1] - WARN  [nioEventLoopGroup-84-11:NettyServerCnxnFactory$CnxnChannelHandler@231] - Zookeeper server is not running, close the connection before starting the TLS handshake
2021-11-08 11:18:19,336 [myid:] - INFO  [main:FourLetterWordMain@94] - connecting to 127.0.0.1 30188
2021-11-08 11:18:19,336 [myid:1] - WARN  [nioEventLoopGroup-84-12:NettyServerCnxnFactory$CnxnChannelHandler@231] - Zookeeper server is not running, close the connection before starting the TLS handshake
2021-11-08 11:18:19,600 [myid:] - INFO  [main:FourLetterWordMain@94] - connecting to 127.0.0.1 30188
2021-11-08 11:18:19,602 [myid:1] - WARN  [nioEventLoopGroup-84-1:NettyServerCnxnFactory$CnxnChannelHandler@231] - Zookeeper server is not running, close the connection before starting the TLS handshake
2021-11-08 11:18:19,614 [myid:] - INFO  [main:ClientBase@267] - server 127.0.0.1:30188 not up
java.net.SocketException: Software caused connection abort: recv failed
	at java.net.SocketInputStream.socketRead0(Native Method)
	at java.net.SocketInputStream.read(SocketInputStream.java:150)
	at java.net.SocketInputStream.read(SocketInputStream.java:121)
	at sun.nio.cs.StreamDecoder.readBytes(StreamDecoder.java:284)
	at sun.nio.cs.StreamDecoder.implRead(StreamDecoder.java:326)
	at sun.nio.cs.StreamDecoder.read(StreamDecoder.java:178)
	at java.io.InputStreamReader.read(InputStreamReader.java:184)
	at java.io.BufferedReader.fill(BufferedReader.java:161)
	at java.io.BufferedReader.readLine(BufferedReader.java:324)
	at java.io.BufferedReader.readLine(BufferedReader.java:389)
	at org.apache.zookeeper.client.FourLetterWordMain.send4LetterWord(FourLetterWordMain.java:129)
	at org.apache.zookeeper.client.FourLetterWordMain.send4LetterWord(FourLetterWordMain.java:74)
	at org.apache.zookeeper.test.ClientBase.waitForServerUp(ClientBase.java:258)
	at org.apache.zookeeper.test.ClientBase.waitForServerUp(ClientBase.java:249)
	at org.apache.zookeeper.server.quorum.QuorumSSLTest.testProtocolVersion(QuorumSSLTest.java:899)
	at sun.reflect.NativeMethodAccessorImpl.invoke0(Native Method)
	at sun.reflect.NativeMethodAccessorImpl.invoke(NativeMethodAccessorImpl.java:62)
	at sun.reflect.DelegatingMethodAccessorImpl.invoke(DelegatingMethodAccessorImpl.java:43)
	at java.lang.reflect.Method.invoke(Method.java:483)
	at org.junit.platform.commons.util.ReflectionUtils.invokeMethod(ReflectionUtils.java:686)
	at org.junit.jupiter.engine.execution.MethodInvocation.proceed(MethodInvocation.java:60)
	at org.junit.jupiter.engine.execution.InvocationInterceptorChain$ValidatingInvocation.proceed(InvocationInterceptorChain.java:131)
	at org.junit.jupiter.engine.extension.TimeoutInvocation.proceed(TimeoutInvocation.java:46)
	at org.junit.jupiter.engine.extension.TimeoutExtension.intercept(TimeoutExtension.java:149)
	at org.junit.jupiter.engine.extension.TimeoutExtension.interceptTestableMethod(TimeoutExtension.java:140)
	at org.junit.jupiter.engine.extension.TimeoutExtension.interceptTestMethod(TimeoutExtension.java:84)
	at org.junit.jupiter.engine.descriptor.TestMethodTestDescriptor$$Lambda$111/1780132728.apply(Unknown Source)
	at org.junit.jupiter.engine.execution.ExecutableInvoker$ReflectiveInterceptorCall.lambda$ofVoidMethod$0(ExecutableInvoker.java:115)
	at org.junit.jupiter.engine.execution.ExecutableInvoker$ReflectiveInterceptorCall$$Lambda$112/1725017993.apply(Unknown Source)
	at org.junit.jupiter.engine.execution.ExecutableInvoker.lambda$invoke$0(ExecutableInvoker.java:105)
	at org.junit.jupiter.engine.execution.ExecutableInvoker$$Lambda$234/64133603.apply(Unknown Source)
	at org.junit.jupiter.engine.execution.InvocationInterceptorChain$InterceptedInvocation.proceed(InvocationInterceptorChain.java:106)
	at org.junit.jupiter.engine.execution.InvocationInterceptorChain.proceed(InvocationInterceptorChain.java:64)
	at org.junit.jupiter.engine.execution.InvocationInterceptorChain.chainAndInvoke(InvocationInterceptorChain.java:45)
	at org.junit.jupiter.engine.execution.InvocationInterceptorChain.invoke(InvocationInterceptorChain.java:37)
	at org.junit.jupiter.engine.execution.ExecutableInvoker.invoke(ExecutableInvoker.java:104)
	at org.junit.jupiter.engine.execution.ExecutableInvoker.invoke(ExecutableInvoker.java:98)
	at org.junit.jupiter.engine.descriptor.TestMethodTestDescriptor.lambda$invokeTestMethod$6(TestMethodTestDescriptor.java:212)
	at org.junit.jupiter.engine.descriptor.TestMethodTestDescriptor$$Lambda$271/224100622.execute(Unknown Source)
	at org.junit.platform.engine.support.hierarchical.ThrowableCollector.execute(ThrowableCollector.java:73)
	at org.junit.jupiter.engine.descriptor.TestMethodTestDescriptor.invokeTestMethod(TestMethodTestDescriptor.java:208)
	at org.junit.jupiter.engine.descriptor.TestMethodTestDescriptor.execute(TestMethodTestDescriptor.java:137)
	at org.junit.jupiter.engine.descriptor.TestMethodTestDescriptor.execute(TestMethodTestDescriptor.java:71)
	at org.junit.platform.engine.support.hierarchical.NodeTestTask.lambda$executeRecursively$5(NodeTestTask.java:135)
	at org.junit.platform.engine.support.hierarchical.NodeTestTask$$Lambda$179/195615004.execute(Unknown Source)
	at org.junit.platform.engine.support.hierarchical.ThrowableCollector.execute(ThrowableCollector.java:73)
	at org.junit.platform.engine.support.hierarchical.NodeTestTask.lambda$executeRecursively$7(NodeTestTask.java:125)
	at org.junit.platform.engine.support.hierarchical.NodeTestTask$$Lambda$178/1890627974.invoke(Unknown Source)
	at org.junit.platform.engine.support.hierarchical.Node.around(Node.java:135)
	at org.junit.platform.engine.support.hierarchical.NodeTestTask.lambda$executeRecursively$8(NodeTestTask.java:123)
	at org.junit.platform.engine.support.hierarchical.NodeTestTask$$Lambda$177/231977479.execute(Unknown Source)
	at org.junit.platform.engine.support.hierarchical.ThrowableCollector.execute(ThrowableCollector.java:73)
	at org.junit.platform.engine.support.hierarchical.NodeTestTask.executeRecursively(NodeTestTask.java:122)
	at org.junit.platform.engine.support.hierarchical.NodeTestTask.execute(NodeTestTask.java:80)
	at org.junit.platform.engine.support.hierarchical.SameThreadHierarchicalTestExecutorService$$Lambda$183/1381713434.accept(Unknown Source)
	at java.util.ArrayList.forEach(ArrayList.java:1249)
	at org.junit.platform.engine.support.hierarchical.SameThreadHierarchicalTestExecutorService.invokeAll(SameThreadHierarchicalTestExecutorService.java:38)
	at org.junit.platform.engine.support.hierarchical.NodeTestTask.lambda$executeRecursively$5(NodeTestTask.java:139)
	at org.junit.platform.engine.support.hierarchical.NodeTestTask$$Lambda$179/195615004.execute(Unknown Source)
	at org.junit.platform.engine.support.hierarchical.ThrowableCollector.execute(ThrowableCollector.java:73)
	at org.junit.platform.engine.support.hierarchical.NodeTestTask.lambda$executeRecursively$7(NodeTestTask.java:125)
	at org.junit.platform.engine.support.hierarchical.NodeTestTask$$Lambda$178/1890627974.invoke(Unknown Source)
	at org.junit.platform.engine.support.hierarchical.Node.around(Node.java:135)
	at org.junit.platform.engine.support.hierarchical.NodeTestTask.lambda$executeRecursively$8(NodeTestTask.java:123)
	at org.junit.platform.engine.support.hierarchical.NodeTestTask$$Lambda$177/231977479.execute(Unknown Source)
	at org.junit.platform.engine.support.hierarchical.ThrowableCollector.execute(ThrowableCollector.java:73)
	at org.junit.platform.engine.support.hierarchical.NodeTestTask.executeRecursively(NodeTestTask.java:122)
	at org.junit.platform.engine.support.hierarchical.NodeTestTask.execute(NodeTestTask.java:80)
	at org.junit.platform.engine.support.hierarchical.SameThreadHierarchicalTestExecutorService$$Lambda$183/1381713434.accept(Unknown Source)
	at java.util.ArrayList.forEach(ArrayList.java:1249)
	at org.junit.platform.engine.support.hierarchical.SameThreadHierarchicalTestExecutorService.invokeAll(SameThreadHierarchicalTestExecutorService.java:38)
	at org.junit.platform.engine.support.hierarchical.NodeTestTask.lambda$executeRecursively$5(NodeTestTask.java:139)
	at org.junit.platform.engine.support.hierarchical.NodeTestTask$$Lambda$179/195615004.execute(Unknown Source)
	at org.junit.platform.engine.support.hierarchical.ThrowableCollector.execute(ThrowableCollector.java:73)
	at org.junit.platform.engine.support.hierarchical.NodeTestTask.lambda$executeRecursively$7(NodeTestTask.java:125)
	at org.junit.platform.engine.support.hierarchical.NodeTestTask$$Lambda$178/1890627974.invoke(Unknown Source)
	at org.junit.platform.engine.support.hierarchical.Node.around(Node.java:135)
	at org.junit.platform.engine.support.hierarchical.NodeTestTask.lambda$executeRecursively$8(NodeTestTask.java:123)
	at org.junit.platform.engine.support.hierarchical.NodeTestTask$$Lambda$177/231977479.execute(Unknown Source)
	at org.junit.platform.engine.support.hierarchical.ThrowableCollector.execute(ThrowableCollector.java:73)
	at org.junit.platform.engine.support.hierarchical.NodeTestTask.executeRecursively(NodeTestTask.java:122)
	at org.junit.platform.engine.support.hierarchical.NodeTestTask.execute(NodeTestTask.java:80)
	at org.junit.platform.engine.support.hierarchical.SameThreadHierarchicalTestExecutorService.submit(SameThreadHierarchicalTestExecutorService.java:32)
	at org.junit.platform.engine.support.hierarchical.HierarchicalTestExecutor.execute(HierarchicalTestExecutor.java:57)
	at org.junit.platform.engine.support.hierarchical.HierarchicalTestEngine.execute(HierarchicalTestEngine.java:51)
	at org.junit.platform.launcher.core.DefaultLauncher.execute(DefaultLauncher.java:248)
	at org.junit.platform.launcher.core.DefaultLauncher.lambda$execute$5(DefaultLauncher.java:211)
	at org.junit.platform.launcher.core.DefaultLauncher$$Lambda$143/233996206.accept(Unknown Source)
	at org.junit.platform.launcher.core.DefaultLauncher.withInterceptedStreams(DefaultLauncher.java:226)
	at org.junit.platform.launcher.core.DefaultLauncher.execute(DefaultLauncher.java:199)
	at org.junit.platform.launcher.core.DefaultLauncher.execute(DefaultLauncher.java:132)
	at org.apache.maven.surefire.junitplatform.JUnitPlatformProvider.invokeAllTests(JUnitPlatformProvider.java:142)
	at org.apache.maven.surefire.junitplatform.JUnitPlatformProvider.invoke(JUnitPlatformProvider.java:113)
	at org.apache.maven.surefire.booter.ForkedBooter.invokeProviderInSameClassLoader(ForkedBooter.java:384)
	at org.apache.maven.surefire.booter.ForkedBooter.runSuitesInProcess(ForkedBooter.java:345)
	at org.apache.maven.surefire.booter.ForkedBooter.execute(ForkedBooter.java:126)
	at org.apache.maven.surefire.booter.ForkedBooter.main(ForkedBooter.java:418)
2021-11-08 11:18:19,865 [myid:] - INFO  [main:FourLetterWordMain@94] - connecting to 127.0.0.1 30188
2021-11-08 11:18:19,867 [myid:1] - WARN  [nioEventLoopGroup-84-2:NettyServerCnxnFactory$CnxnChannelHandler@231] - Zookeeper server is not running, close the connection before starting the TLS handshake
2021-11-08 11:18:20,129 [myid:] - INFO  [main:FourLetterWordMain@94] - connecting to 127.0.0.1 30188
2021-11-08 11:18:20,129 [myid:1] - WARN  [nioEventLoopGroup-84-3:NettyServerCnxnFactory$CnxnChannelHandler@231] - Zookeeper server is not running, close the connection before starting the TLS handshake
2021-11-08 11:18:20,395 [myid:] - INFO  [main:FourLetterWordMain@94] - connecting to 127.0.0.1 30188
2021-11-08 11:18:20,395 [myid:1] - WARN  [nioEventLoopGroup-84-4:NettyServerCnxnFactory$CnxnChannelHandler@231] - Zookeeper server is not running, close the connection before starting the TLS handshake
2021-11-08 11:18:20,411 [myid:] - INFO  [main:ClientBase@267] - server 127.0.0.1:30188 not up
java.net.SocketException: Software caused connection abort: recv failed
	at java.net.SocketInputStream.socketRead0(Native Method)
	at java.net.SocketInputStream.read(SocketInputStream.java:150)
	at java.net.SocketInputStream.read(SocketInputStream.java:121)
	at sun.nio.cs.StreamDecoder.readBytes(StreamDecoder.java:284)
	at sun.nio.cs.StreamDecoder.implRead(StreamDecoder.java:326)
	at sun.nio.cs.StreamDecoder.read(StreamDecoder.java:178)
	at java.io.InputStreamReader.read(InputStreamReader.java:184)
	at java.io.BufferedReader.fill(BufferedReader.java:161)
	at java.io.BufferedReader.readLine(BufferedReader.java:324)
	at java.io.BufferedReader.readLine(BufferedReader.java:389)
	at org.apache.zookeeper.client.FourLetterWordMain.send4LetterWord(FourLetterWordMain.java:129)
	at org.apache.zookeeper.client.FourLetterWordMain.send4LetterWord(FourLetterWordMain.java:74)
	at org.apache.zookeeper.test.ClientBase.waitForServerUp(ClientBase.java:258)
	at org.apache.zookeeper.test.ClientBase.waitForServerUp(ClientBase.java:249)
	at org.apache.zookeeper.server.quorum.QuorumSSLTest.testProtocolVersion(QuorumSSLTest.java:899)
	at sun.reflect.NativeMethodAccessorImpl.invoke0(Native Method)
	at sun.reflect.NativeMethodAccessorImpl.invoke(NativeMethodAccessorImpl.java:62)
	at sun.reflect.DelegatingMethodAccessorImpl.invoke(DelegatingMethodAccessorImpl.java:43)
	at java.lang.reflect.Method.invoke(Method.java:483)
	at org.junit.platform.commons.util.ReflectionUtils.invokeMethod(ReflectionUtils.java:686)
	at org.junit.jupiter.engine.execution.MethodInvocation.proceed(MethodInvocation.java:60)
	at org.junit.jupiter.engine.execution.InvocationInterceptorChain$ValidatingInvocation.proceed(InvocationInterceptorChain.java:131)
	at org.junit.jupiter.engine.extension.TimeoutInvocation.proceed(TimeoutInvocation.java:46)
	at org.junit.jupiter.engine.extension.TimeoutExtension.intercept(TimeoutExtension.java:149)
	at org.junit.jupiter.engine.extension.TimeoutExtension.interceptTestableMethod(TimeoutExtension.java:140)
	at org.junit.jupiter.engine.extension.TimeoutExtension.interceptTestMethod(TimeoutExtension.java:84)
	at org.junit.jupiter.engine.descriptor.TestMethodTestDescriptor$$Lambda$111/1780132728.apply(Unknown Source)
	at org.junit.jupiter.engine.execution.ExecutableInvoker$ReflectiveInterceptorCall.lambda$ofVoidMethod$0(ExecutableInvoker.java:115)
	at org.junit.jupiter.engine.execution.ExecutableInvoker$ReflectiveInterceptorCall$$Lambda$112/1725017993.apply(Unknown Source)
	at org.junit.jupiter.engine.execution.ExecutableInvoker.lambda$invoke$0(ExecutableInvoker.java:105)
	at org.junit.jupiter.engine.execution.ExecutableInvoker$$Lambda$234/64133603.apply(Unknown Source)
	at org.junit.jupiter.engine.execution.InvocationInterceptorChain$InterceptedInvocation.proceed(InvocationInterceptorChain.java:106)
	at org.junit.jupiter.engine.execution.InvocationInterceptorChain.proceed(InvocationInterceptorChain.java:64)
	at org.junit.jupiter.engine.execution.InvocationInterceptorChain.chainAndInvoke(InvocationInterceptorChain.java:45)
	at org.junit.jupiter.engine.execution.InvocationInterceptorChain.invoke(InvocationInterceptorChain.java:37)
	at org.junit.jupiter.engine.execution.ExecutableInvoker.invoke(ExecutableInvoker.java:104)
	at org.junit.jupiter.engine.execution.ExecutableInvoker.invoke(ExecutableInvoker.java:98)
	at org.junit.jupiter.engine.descriptor.TestMethodTestDescriptor.lambda$invokeTestMethod$6(TestMethodTestDescriptor.java:212)
	at org.junit.jupiter.engine.descriptor.TestMethodTestDescriptor$$Lambda$271/224100622.execute(Unknown Source)
	at org.junit.platform.engine.support.hierarchical.ThrowableCollector.execute(ThrowableCollector.java:73)
	at org.junit.jupiter.engine.descriptor.TestMethodTestDescriptor.invokeTestMethod(TestMethodTestDescriptor.java:208)
	at org.junit.jupiter.engine.descriptor.TestMethodTestDescriptor.execute(TestMethodTestDescriptor.java:137)
	at org.junit.jupiter.engine.descriptor.TestMethodTestDescriptor.execute(TestMethodTestDescriptor.java:71)
	at org.junit.platform.engine.support.hierarchical.NodeTestTask.lambda$executeRecursively$5(NodeTestTask.java:135)
	at org.junit.platform.engine.support.hierarchical.NodeTestTask$$Lambda$179/195615004.execute(Unknown Source)
	at org.junit.platform.engine.support.hierarchical.ThrowableCollector.execute(ThrowableCollector.java:73)
	at org.junit.platform.engine.support.hierarchical.NodeTestTask.lambda$executeRecursively$7(NodeTestTask.java:125)
	at org.junit.platform.engine.support.hierarchical.NodeTestTask$$Lambda$178/1890627974.invoke(Unknown Source)
	at org.junit.platform.engine.support.hierarchical.Node.around(Node.java:135)
	at org.junit.platform.engine.support.hierarchical.NodeTestTask.lambda$executeRecursively$8(NodeTestTask.java:123)
	at org.junit.platform.engine.support.hierarchical.NodeTestTask$$Lambda$177/231977479.execute(Unknown Source)
	at org.junit.platform.engine.support.hierarchical.ThrowableCollector.execute(ThrowableCollector.java:73)
	at org.junit.platform.engine.support.hierarchical.NodeTestTask.executeRecursively(NodeTestTask.java:122)
	at org.junit.platform.engine.support.hierarchical.NodeTestTask.execute(NodeTestTask.java:80)
	at org.junit.platform.engine.support.hierarchical.SameThreadHierarchicalTestExecutorService$$Lambda$183/1381713434.accept(Unknown Source)
	at java.util.ArrayList.forEach(ArrayList.java:1249)
	at org.junit.platform.engine.support.hierarchical.SameThreadHierarchicalTestExecutorService.invokeAll(SameThreadHierarchicalTestExecutorService.java:38)
	at org.junit.platform.engine.support.hierarchical.NodeTestTask.lambda$executeRecursively$5(NodeTestTask.java:139)
	at org.junit.platform.engine.support.hierarchical.NodeTestTask$$Lambda$179/195615004.execute(Unknown Source)
	at org.junit.platform.engine.support.hierarchical.ThrowableCollector.execute(ThrowableCollector.java:73)
	at org.junit.platform.engine.support.hierarchical.NodeTestTask.lambda$executeRecursively$7(NodeTestTask.java:125)
	at org.junit.platform.engine.support.hierarchical.NodeTestTask$$Lambda$178/1890627974.invoke(Unknown Source)
	at org.junit.platform.engine.support.hierarchical.Node.around(Node.java:135)
	at org.junit.platform.engine.support.hierarchical.NodeTestTask.lambda$executeRecursively$8(NodeTestTask.java:123)
	at org.junit.platform.engine.support.hierarchical.NodeTestTask$$Lambda$177/231977479.execute(Unknown Source)
	at org.junit.platform.engine.support.hierarchical.ThrowableCollector.execute(ThrowableCollector.java:73)
	at org.junit.platform.engine.support.hierarchical.NodeTestTask.executeRecursively(NodeTestTask.java:122)
	at org.junit.platform.engine.support.hierarchical.NodeTestTask.execute(NodeTestTask.java:80)
	at org.junit.platform.engine.support.hierarchical.SameThreadHierarchicalTestExecutorService$$Lambda$183/1381713434.accept(Unknown Source)
	at java.util.ArrayList.forEach(ArrayList.java:1249)
	at org.junit.platform.engine.support.hierarchical.SameThreadHierarchicalTestExecutorService.invokeAll(SameThreadHierarchicalTestExecutorService.java:38)
	at org.junit.platform.engine.support.hierarchical.NodeTestTask.lambda$executeRecursively$5(NodeTestTask.java:139)
	at org.junit.platform.engine.support.hierarchical.NodeTestTask$$Lambda$179/195615004.execute(Unknown Source)
	at org.junit.platform.engine.support.hierarchical.ThrowableCollector.execute(ThrowableCollector.java:73)
	at org.junit.platform.engine.support.hierarchical.NodeTestTask.lambda$executeRecursively$7(NodeTestTask.java:125)
	at org.junit.platform.engine.support.hierarchical.NodeTestTask$$Lambda$178/1890627974.invoke(Unknown Source)
	at org.junit.platform.engine.support.hierarchical.Node.around(Node.java:135)
	at org.junit.platform.engine.support.hierarchical.NodeTestTask.lambda$executeRecursively$8(NodeTestTask.java:123)
	at org.junit.platform.engine.support.hierarchical.NodeTestTask$$Lambda$177/231977479.execute(Unknown Source)
	at org.junit.platform.engine.support.hierarchical.ThrowableCollector.execute(ThrowableCollector.java:73)
	at org.junit.platform.engine.support.hierarchical.NodeTestTask.executeRecursively(NodeTestTask.java:122)
	at org.junit.platform.engine.support.hierarchical.NodeTestTask.execute(NodeTestTask.java:80)
	at org.junit.platform.engine.support.hierarchical.SameThreadHierarchicalTestExecutorService.submit(SameThreadHierarchicalTestExecutorService.java:32)
	at org.junit.platform.engine.support.hierarchical.HierarchicalTestExecutor.execute(HierarchicalTestExecutor.java:57)
	at org.junit.platform.engine.support.hierarchical.HierarchicalTestEngine.execute(HierarchicalTestEngine.java:51)
	at org.junit.platform.launcher.core.DefaultLauncher.execute(DefaultLauncher.java:248)
	at org.junit.platform.launcher.core.DefaultLauncher.lambda$execute$5(DefaultLauncher.java:211)
	at org.junit.platform.launcher.core.DefaultLauncher$$Lambda$143/233996206.accept(Unknown Source)
	at org.junit.platform.launcher.core.DefaultLauncher.withInterceptedStreams(DefaultLauncher.java:226)
	at org.junit.platform.launcher.core.DefaultLauncher.execute(DefaultLauncher.java:199)
	at org.junit.platform.launcher.core.DefaultLauncher.execute(DefaultLauncher.java:132)
	at org.apache.maven.surefire.junitplatform.JUnitPlatformProvider.invokeAllTests(JUnitPlatformProvider.java:142)
	at org.apache.maven.surefire.junitplatform.JUnitPlatformProvider.invoke(JUnitPlatformProvider.java:113)
	at org.apache.maven.surefire.booter.ForkedBooter.invokeProviderInSameClassLoader(ForkedBooter.java:384)
	at org.apache.maven.surefire.booter.ForkedBooter.runSuitesInProcess(ForkedBooter.java:345)
	at org.apache.maven.surefire.booter.ForkedBooter.execute(ForkedBooter.java:126)
	at org.apache.maven.surefire.booter.ForkedBooter.main(ForkedBooter.java:418)
2021-11-08 11:18:20,663 [myid:] - INFO  [main:FourLetterWordMain@94] - connecting to 127.0.0.1 30188
2021-11-08 11:18:20,664 [myid:1] - WARN  [nioEventLoopGroup-84-5:NettyServerCnxnFactory$CnxnChannelHandler@231] - Zookeeper server is not running, close the connection before starting the TLS handshake
2021-11-08 11:18:20,917 [myid:] - INFO  [main:FourLetterWordMain@94] - connecting to 127.0.0.1 30188
2021-11-08 11:18:20,918 [myid:1] - WARN  [nioEventLoopGroup-84-6:NettyServerCnxnFactory$CnxnChannelHandler@231] - Zookeeper server is not running, close the connection before starting the TLS handshake
2021-11-08 11:18:21,170 [myid:] - INFO  [main:FourLetterWordMain@94] - connecting to 127.0.0.1 30188
2021-11-08 11:18:21,171 [myid:1] - WARN  [nioEventLoopGroup-84-7:NettyServerCnxnFactory$CnxnChannelHandler@231] - Zookeeper server is not running, close the connection before starting the TLS handshake
2021-11-08 11:18:21,434 [myid:] - INFO  [main:FourLetterWordMain@94] - connecting to 127.0.0.1 30188
2021-11-08 11:18:21,435 [myid:1] - WARN  [nioEventLoopGroup-84-8:NettyServerCnxnFactory$CnxnChannelHandler@231] - Zookeeper server is not running, close the connection before starting the TLS handshake
2021-11-08 11:18:21,701 [myid:] - INFO  [main:FourLetterWordMain@94] - connecting to 127.0.0.1 30188
2021-11-08 11:18:21,701 [myid:1] - WARN  [nioEventLoopGroup-84-9:NettyServerCnxnFactory$CnxnChannelHandler@231] - Zookeeper server is not running, close the connection before starting the TLS handshake
2021-11-08 11:18:21,966 [myid:] - INFO  [main:FourLetterWordMain@94] - connecting to 127.0.0.1 30188
2021-11-08 11:18:21,966 [myid:1] - WARN  [nioEventLoopGroup-84-10:NettyServerCnxnFactory$CnxnChannelHandler@231] - Zookeeper server is not running, close the connection before starting the TLS handshake
2021-11-08 11:18:22,219 [myid:] - INFO  [main:FourLetterWordMain@94] - connecting to 127.0.0.1 30188
2021-11-08 11:18:22,219 [myid:1] - WARN  [nioEventLoopGroup-84-11:NettyServerCnxnFactory$CnxnChannelHandler@231] - Zookeeper server is not running, close the connection before starting the TLS handshake
2021-11-08 11:18:22,484 [myid:] - INFO  [main:FourLetterWordMain@94] - connecting to 127.0.0.1 30188
2021-11-08 11:18:22,484 [myid:1] - WARN  [nioEventLoopGroup-84-12:NettyServerCnxnFactory$CnxnChannelHandler@231] - Zookeeper server is not running, close the connection before starting the TLS handshake
2021-11-08 11:18:22,749 [myid:] - INFO  [main:FourLetterWordMain@94] - connecting to 127.0.0.1 30188
2021-11-08 11:18:22,749 [myid:1] - INFO  [QuorumPeer[myid=1](plain=[0:0:0:0:0:0:0:0]:30188)(secure=disabled):FastLeaderElection@984] - Notification time out: 12800
2021-11-08 11:18:22,749 [myid:1] - WARN  [nioEventLoopGroup-84-1:NettyServerCnxnFactory$CnxnChannelHandler@231] - Zookeeper server is not running, close the connection before starting the TLS handshake
2021-11-08 11:18:22,749 [myid:2] - INFO  [QuorumPeer[myid=2](plain=[0:0:0:0:0:0:0:0]:30189)(secure=disabled):FastLeaderElection@984] - Notification time out: 12800
2021-11-08 11:18:23,000 [myid:] - INFO  [main:FourLetterWordMain@94] - connecting to 127.0.0.1 30188
2021-11-08 11:18:23,000 [myid:1] - WARN  [nioEventLoopGroup-84-2:NettyServerCnxnFactory$CnxnChannelHandler@231] - Zookeeper server is not running, close the connection before starting the TLS handshake
2021-11-08 11:18:23,263 [myid:] - INFO  [main:FourLetterWordMain@94] - connecting to 127.0.0.1 30188
2021-11-08 11:18:23,263 [myid:1] - WARN  [nioEventLoopGroup-84-3:NettyServerCnxnFactory$CnxnChannelHandler@231] - Zookeeper server is not running, close the connection before starting the TLS handshake
2021-11-08 11:18:23,526 [myid:] - INFO  [main:FourLetterWordMain@94] - connecting to 127.0.0.1 30188
2021-11-08 11:18:23,527 [myid:1] - WARN  [nioEventLoopGroup-84-4:NettyServerCnxnFactory$CnxnChannelHandler@231] - Zookeeper server is not running, close the connection before starting the TLS handshake
2021-11-08 11:18:23,792 [myid:] - INFO  [main:FourLetterWordMain@94] - connecting to 127.0.0.1 30188
2021-11-08 11:18:23,793 [myid:1] - WARN  [nioEventLoopGroup-84-5:NettyServerCnxnFactory$CnxnChannelHandler@231] - Zookeeper server is not running, close the connection before starting the TLS handshake
2021-11-08 11:18:24,043 [myid:] - INFO  [main:FourLetterWordMain@94] - connecting to 127.0.0.1 30188
2021-11-08 11:18:24,044 [myid:1] - WARN  [nioEventLoopGroup-84-6:NettyServerCnxnFactory$CnxnChannelHandler@231] - Zookeeper server is not running, close the connection before starting the TLS handshake
2021-11-08 11:18:24,059 [myid:] - INFO  [main:ClientBase@267] - server 127.0.0.1:30188 not up
java.net.SocketException: Software caused connection abort: recv failed
	at java.net.SocketInputStream.socketRead0(Native Method)
	at java.net.SocketInputStream.read(SocketInputStream.java:150)
	at java.net.SocketInputStream.read(SocketInputStream.java:121)
	at sun.nio.cs.StreamDecoder.readBytes(StreamDecoder.java:284)
	at sun.nio.cs.StreamDecoder.implRead(StreamDecoder.java:326)
	at sun.nio.cs.StreamDecoder.read(StreamDecoder.java:178)
	at java.io.InputStreamReader.read(InputStreamReader.java:184)
	at java.io.BufferedReader.fill(BufferedReader.java:161)
	at java.io.BufferedReader.readLine(BufferedReader.java:324)
	at java.io.BufferedReader.readLine(BufferedReader.java:389)
	at org.apache.zookeeper.client.FourLetterWordMain.send4LetterWord(FourLetterWordMain.java:129)
	at org.apache.zookeeper.client.FourLetterWordMain.send4LetterWord(FourLetterWordMain.java:74)
	at org.apache.zookeeper.test.ClientBase.waitForServerUp(ClientBase.java:258)
	at org.apache.zookeeper.test.ClientBase.waitForServerUp(ClientBase.java:249)
	at org.apache.zookeeper.server.quorum.QuorumSSLTest.testProtocolVersion(QuorumSSLTest.java:899)
	at sun.reflect.NativeMethodAccessorImpl.invoke0(Native Method)
	at sun.reflect.NativeMethodAccessorImpl.invoke(NativeMethodAccessorImpl.java:62)
	at sun.reflect.DelegatingMethodAccessorImpl.invoke(DelegatingMethodAccessorImpl.java:43)
	at java.lang.reflect.Method.invoke(Method.java:483)
	at org.junit.platform.commons.util.ReflectionUtils.invokeMethod(ReflectionUtils.java:686)
	at org.junit.jupiter.engine.execution.MethodInvocation.proceed(MethodInvocation.java:60)
	at org.junit.jupiter.engine.execution.InvocationInterceptorChain$ValidatingInvocation.proceed(InvocationInterceptorChain.java:131)
	at org.junit.jupiter.engine.extension.TimeoutInvocation.proceed(TimeoutInvocation.java:46)
	at org.junit.jupiter.engine.extension.TimeoutExtension.intercept(TimeoutExtension.java:149)
	at org.junit.jupiter.engine.extension.TimeoutExtension.interceptTestableMethod(TimeoutExtension.java:140)
	at org.junit.jupiter.engine.extension.TimeoutExtension.interceptTestMethod(TimeoutExtension.java:84)
	at org.junit.jupiter.engine.descriptor.TestMethodTestDescriptor$$Lambda$111/1780132728.apply(Unknown Source)
	at org.junit.jupiter.engine.execution.ExecutableInvoker$ReflectiveInterceptorCall.lambda$ofVoidMethod$0(ExecutableInvoker.java:115)
	at org.junit.jupiter.engine.execution.ExecutableInvoker$ReflectiveInterceptorCall$$Lambda$112/1725017993.apply(Unknown Source)
	at org.junit.jupiter.engine.execution.ExecutableInvoker.lambda$invoke$0(ExecutableInvoker.java:105)
	at org.junit.jupiter.engine.execution.ExecutableInvoker$$Lambda$234/64133603.apply(Unknown Source)
	at org.junit.jupiter.engine.execution.InvocationInterceptorChain$InterceptedInvocation.proceed(InvocationInterceptorChain.java:106)
	at org.junit.jupiter.engine.execution.InvocationInterceptorChain.proceed(InvocationInterceptorChain.java:64)
	at org.junit.jupiter.engine.execution.InvocationInterceptorChain.chainAndInvoke(InvocationInterceptorChain.java:45)
	at org.junit.jupiter.engine.execution.InvocationInterceptorChain.invoke(InvocationInterceptorChain.java:37)
	at org.junit.jupiter.engine.execution.ExecutableInvoker.invoke(ExecutableInvoker.java:104)
	at org.junit.jupiter.engine.execution.ExecutableInvoker.invoke(ExecutableInvoker.java:98)
	at org.junit.jupiter.engine.descriptor.TestMethodTestDescriptor.lambda$invokeTestMethod$6(TestMethodTestDescriptor.java:212)
	at org.junit.jupiter.engine.descriptor.TestMethodTestDescriptor$$Lambda$271/224100622.execute(Unknown Source)
	at org.junit.platform.engine.support.hierarchical.ThrowableCollector.execute(ThrowableCollector.java:73)
	at org.junit.jupiter.engine.descriptor.TestMethodTestDescriptor.invokeTestMethod(TestMethodTestDescriptor.java:208)
	at org.junit.jupiter.engine.descriptor.TestMethodTestDescriptor.execute(TestMethodTestDescriptor.java:137)
	at org.junit.jupiter.engine.descriptor.TestMethodTestDescriptor.execute(TestMethodTestDescriptor.java:71)
	at org.junit.platform.engine.support.hierarchical.NodeTestTask.lambda$executeRecursively$5(NodeTestTask.java:135)
	at org.junit.platform.engine.support.hierarchical.NodeTestTask$$Lambda$179/195615004.execute(Unknown Source)
	at org.junit.platform.engine.support.hierarchical.ThrowableCollector.execute(ThrowableCollector.java:73)
	at org.junit.platform.engine.support.hierarchical.NodeTestTask.lambda$executeRecursively$7(NodeTestTask.java:125)
	at org.junit.platform.engine.support.hierarchical.NodeTestTask$$Lambda$178/1890627974.invoke(Unknown Source)
	at org.junit.platform.engine.support.hierarchical.Node.around(Node.java:135)
	at org.junit.platform.engine.support.hierarchical.NodeTestTask.lambda$executeRecursively$8(NodeTestTask.java:123)
	at org.junit.platform.engine.support.hierarchical.NodeTestTask$$Lambda$177/231977479.execute(Unknown Source)
	at org.junit.platform.engine.support.hierarchical.ThrowableCollector.execute(ThrowableCollector.java:73)
	at org.junit.platform.engine.support.hierarchical.NodeTestTask.executeRecursively(NodeTestTask.java:122)
	at org.junit.platform.engine.support.hierarchical.NodeTestTask.execute(NodeTestTask.java:80)
	at org.junit.platform.engine.support.hierarchical.SameThreadHierarchicalTestExecutorService$$Lambda$183/1381713434.accept(Unknown Source)
	at java.util.ArrayList.forEach(ArrayList.java:1249)
	at org.junit.platform.engine.support.hierarchical.SameThreadHierarchicalTestExecutorService.invokeAll(SameThreadHierarchicalTestExecutorService.java:38)
	at org.junit.platform.engine.support.hierarchical.NodeTestTask.lambda$executeRecursively$5(NodeTestTask.java:139)
	at org.junit.platform.engine.support.hierarchical.NodeTestTask$$Lambda$179/195615004.execute(Unknown Source)
	at org.junit.platform.engine.support.hierarchical.ThrowableCollector.execute(ThrowableCollector.java:73)
	at org.junit.platform.engine.support.hierarchical.NodeTestTask.lambda$executeRecursively$7(NodeTestTask.java:125)
	at org.junit.platform.engine.support.hierarchical.NodeTestTask$$Lambda$178/1890627974.invoke(Unknown Source)
	at org.junit.platform.engine.support.hierarchical.Node.around(Node.java:135)
	at org.junit.platform.engine.support.hierarchical.NodeTestTask.lambda$executeRecursively$8(NodeTestTask.java:123)
	at org.junit.platform.engine.support.hierarchical.NodeTestTask$$Lambda$177/231977479.execute(Unknown Source)
	at org.junit.platform.engine.support.hierarchical.ThrowableCollector.execute(ThrowableCollector.java:73)
	at org.junit.platform.engine.support.hierarchical.NodeTestTask.executeRecursively(NodeTestTask.java:122)
	at org.junit.platform.engine.support.hierarchical.NodeTestTask.execute(NodeTestTask.java:80)
	at org.junit.platform.engine.support.hierarchical.SameThreadHierarchicalTestExecutorService$$Lambda$183/1381713434.accept(Unknown Source)
	at java.util.ArrayList.forEach(ArrayList.java:1249)
	at org.junit.platform.engine.support.hierarchical.SameThreadHierarchicalTestExecutorService.invokeAll(SameThreadHierarchicalTestExecutorService.java:38)
	at org.junit.platform.engine.support.hierarchical.NodeTestTask.lambda$executeRecursively$5(NodeTestTask.java:139)
	at org.junit.platform.engine.support.hierarchical.NodeTestTask$$Lambda$179/195615004.execute(Unknown Source)
	at org.junit.platform.engine.support.hierarchical.ThrowableCollector.execute(ThrowableCollector.java:73)
	at org.junit.platform.engine.support.hierarchical.NodeTestTask.lambda$executeRecursively$7(NodeTestTask.java:125)
	at org.junit.platform.engine.support.hierarchical.NodeTestTask$$Lambda$178/1890627974.invoke(Unknown Source)
	at org.junit.platform.engine.support.hierarchical.Node.around(Node.java:135)
	at org.junit.platform.engine.support.hierarchical.NodeTestTask.lambda$executeRecursively$8(NodeTestTask.java:123)
	at org.junit.platform.engine.support.hierarchical.NodeTestTask$$Lambda$177/231977479.execute(Unknown Source)
	at org.junit.platform.engine.support.hierarchical.ThrowableCollector.execute(ThrowableCollector.java:73)
	at org.junit.platform.engine.support.hierarchical.NodeTestTask.executeRecursively(NodeTestTask.java:122)
	at org.junit.platform.engine.support.hierarchical.NodeTestTask.execute(NodeTestTask.java:80)
	at org.junit.platform.engine.support.hierarchical.SameThreadHierarchicalTestExecutorService.submit(SameThreadHierarchicalTestExecutorService.java:32)
	at org.junit.platform.engine.support.hierarchical.HierarchicalTestExecutor.execute(HierarchicalTestExecutor.java:57)
	at org.junit.platform.engine.support.hierarchical.HierarchicalTestEngine.execute(HierarchicalTestEngine.java:51)
	at org.junit.platform.launcher.core.DefaultLauncher.execute(DefaultLauncher.java:248)
	at org.junit.platform.launcher.core.DefaultLauncher.lambda$execute$5(DefaultLauncher.java:211)
	at org.junit.platform.launcher.core.DefaultLauncher$$Lambda$143/233996206.accept(Unknown Source)
	at org.junit.platform.launcher.core.DefaultLauncher.withInterceptedStreams(DefaultLauncher.java:226)
	at org.junit.platform.launcher.core.DefaultLauncher.execute(DefaultLauncher.java:199)
	at org.junit.platform.launcher.core.DefaultLauncher.execute(DefaultLauncher.java:132)
	at org.apache.maven.surefire.junitplatform.JUnitPlatformProvider.invokeAllTests(JUnitPlatformProvider.java:142)
	at org.apache.maven.surefire.junitplatform.JUnitPlatformProvider.invoke(JUnitPlatformProvider.java:113)
	at org.apache.maven.surefire.booter.ForkedBooter.invokeProviderInSameClassLoader(ForkedBooter.java:384)
	at org.apache.maven.surefire.booter.ForkedBooter.runSuitesInProcess(ForkedBooter.java:345)
	at org.apache.maven.surefire.booter.ForkedBooter.execute(ForkedBooter.java:126)
	at org.apache.maven.surefire.booter.ForkedBooter.main(ForkedBooter.java:418)
2021-11-08 11:18:24,324 [myid:] - INFO  [main:FourLetterWordMain@94] - connecting to 127.0.0.1 30188
2021-11-08 11:18:24,324 [myid:1] - WARN  [nioEventLoopGroup-84-7:NettyServerCnxnFactory$CnxnChannelHandler@231] - Zookeeper server is not running, close the connection before starting the TLS handshake
2021-11-08 11:18:24,588 [myid:] - INFO  [main:FourLetterWordMain@94] - connecting to 127.0.0.1 30188
2021-11-08 11:18:24,589 [myid:1] - WARN  [nioEventLoopGroup-84-8:NettyServerCnxnFactory$CnxnChannelHandler@231] - Zookeeper server is not running, close the connection before starting the TLS handshake
2021-11-08 11:18:24,853 [myid:] - INFO  [main:FourLetterWordMain@94] - connecting to 127.0.0.1 30188
2021-11-08 11:18:24,853 [myid:1] - WARN  [nioEventLoopGroup-84-9:NettyServerCnxnFactory$CnxnChannelHandler@231] - Zookeeper server is not running, close the connection before starting the TLS handshake
2021-11-08 11:18:25,119 [myid:] - INFO  [main:FourLetterWordMain@94] - connecting to 127.0.0.1 30188
2021-11-08 11:18:25,119 [myid:1] - WARN  [nioEventLoopGroup-84-10:NettyServerCnxnFactory$CnxnChannelHandler@231] - Zookeeper server is not running, close the connection before starting the TLS handshake
2021-11-08 11:18:25,381 [myid:] - INFO  [main:FourLetterWordMain@94] - connecting to 127.0.0.1 30188
2021-11-08 11:18:25,381 [myid:1] - WARN  [nioEventLoopGroup-84-11:NettyServerCnxnFactory$CnxnChannelHandler@231] - Zookeeper server is not running, close the connection before starting the TLS handshake
2021-11-08 11:18:25,631 [myid:] - INFO  [main:FourLetterWordMain@94] - connecting to 127.0.0.1 30188
2021-11-08 11:18:25,633 [myid:1] - WARN  [nioEventLoopGroup-84-12:NettyServerCnxnFactory$CnxnChannelHandler@231] - Zookeeper server is not running, close the connection before starting the TLS handshake
2021-11-08 11:18:25,896 [myid:] - INFO  [main:FourLetterWordMain@94] - connecting to 127.0.0.1 30188
2021-11-08 11:18:25,897 [myid:1] - WARN  [nioEventLoopGroup-84-1:NettyServerCnxnFactory$CnxnChannelHandler@231] - Zookeeper server is not running, close the connection before starting the TLS handshake
2021-11-08 11:18:25,911 [myid:] - INFO  [main:ClientBase@267] - server 127.0.0.1:30188 not up
java.net.SocketException: Software caused connection abort: recv failed
	at java.net.SocketInputStream.socketRead0(Native Method)
	at java.net.SocketInputStream.read(SocketInputStream.java:150)
	at java.net.SocketInputStream.read(SocketInputStream.java:121)
	at sun.nio.cs.StreamDecoder.readBytes(StreamDecoder.java:284)
	at sun.nio.cs.StreamDecoder.implRead(StreamDecoder.java:326)
	at sun.nio.cs.StreamDecoder.read(StreamDecoder.java:178)
	at java.io.InputStreamReader.read(InputStreamReader.java:184)
	at java.io.BufferedReader.fill(BufferedReader.java:161)
	at java.io.BufferedReader.readLine(BufferedReader.java:324)
	at java.io.BufferedReader.readLine(BufferedReader.java:389)
	at org.apache.zookeeper.client.FourLetterWordMain.send4LetterWord(FourLetterWordMain.java:129)
	at org.apache.zookeeper.client.FourLetterWordMain.send4LetterWord(FourLetterWordMain.java:74)
	at org.apache.zookeeper.test.ClientBase.waitForServerUp(ClientBase.java:258)
	at org.apache.zookeeper.test.ClientBase.waitForServerUp(ClientBase.java:249)
	at org.apache.zookeeper.server.quorum.QuorumSSLTest.testProtocolVersion(QuorumSSLTest.java:899)
	at sun.reflect.NativeMethodAccessorImpl.invoke0(Native Method)
	at sun.reflect.NativeMethodAccessorImpl.invoke(NativeMethodAccessorImpl.java:62)
	at sun.reflect.DelegatingMethodAccessorImpl.invoke(DelegatingMethodAccessorImpl.java:43)
	at java.lang.reflect.Method.invoke(Method.java:483)
	at org.junit.platform.commons.util.ReflectionUtils.invokeMethod(ReflectionUtils.java:686)
	at org.junit.jupiter.engine.execution.MethodInvocation.proceed(MethodInvocation.java:60)
	at org.junit.jupiter.engine.execution.InvocationInterceptorChain$ValidatingInvocation.proceed(InvocationInterceptorChain.java:131)
	at org.junit.jupiter.engine.extension.TimeoutInvocation.proceed(TimeoutInvocation.java:46)
	at org.junit.jupiter.engine.extension.TimeoutExtension.intercept(TimeoutExtension.java:149)
	at org.junit.jupiter.engine.extension.TimeoutExtension.interceptTestableMethod(TimeoutExtension.java:140)
	at org.junit.jupiter.engine.extension.TimeoutExtension.interceptTestMethod(TimeoutExtension.java:84)
	at org.junit.jupiter.engine.descriptor.TestMethodTestDescriptor$$Lambda$111/1780132728.apply(Unknown Source)
	at org.junit.jupiter.engine.execution.ExecutableInvoker$ReflectiveInterceptorCall.lambda$ofVoidMethod$0(ExecutableInvoker.java:115)
	at org.junit.jupiter.engine.execution.ExecutableInvoker$ReflectiveInterceptorCall$$Lambda$112/1725017993.apply(Unknown Source)
	at org.junit.jupiter.engine.execution.ExecutableInvoker.lambda$invoke$0(ExecutableInvoker.java:105)
	at org.junit.jupiter.engine.execution.ExecutableInvoker$$Lambda$234/64133603.apply(Unknown Source)
	at org.junit.jupiter.engine.execution.InvocationInterceptorChain$InterceptedInvocation.proceed(InvocationInterceptorChain.java:106)
	at org.junit.jupiter.engine.execution.InvocationInterceptorChain.proceed(InvocationInterceptorChain.java:64)
	at org.junit.jupiter.engine.execution.InvocationInterceptorChain.chainAndInvoke(InvocationInterceptorChain.java:45)
	at org.junit.jupiter.engine.execution.InvocationInterceptorChain.invoke(InvocationInterceptorChain.java:37)
	at org.junit.jupiter.engine.execution.ExecutableInvoker.invoke(ExecutableInvoker.java:104)
	at org.junit.jupiter.engine.execution.ExecutableInvoker.invoke(ExecutableInvoker.java:98)
	at org.junit.jupiter.engine.descriptor.TestMethodTestDescriptor.lambda$invokeTestMethod$6(TestMethodTestDescriptor.java:212)
	at org.junit.jupiter.engine.descriptor.TestMethodTestDescriptor$$Lambda$271/224100622.execute(Unknown Source)
	at org.junit.platform.engine.support.hierarchical.ThrowableCollector.execute(ThrowableCollector.java:73)
	at org.junit.jupiter.engine.descriptor.TestMethodTestDescriptor.invokeTestMethod(TestMethodTestDescriptor.java:208)
	at org.junit.jupiter.engine.descriptor.TestMethodTestDescriptor.execute(TestMethodTestDescriptor.java:137)
	at org.junit.jupiter.engine.descriptor.TestMethodTestDescriptor.execute(TestMethodTestDescriptor.java:71)
	at org.junit.platform.engine.support.hierarchical.NodeTestTask.lambda$executeRecursively$5(NodeTestTask.java:135)
	at org.junit.platform.engine.support.hierarchical.NodeTestTask$$Lambda$179/195615004.execute(Unknown Source)
	at org.junit.platform.engine.support.hierarchical.ThrowableCollector.execute(ThrowableCollector.java:73)
	at org.junit.platform.engine.support.hierarchical.NodeTestTask.lambda$executeRecursively$7(NodeTestTask.java:125)
	at org.junit.platform.engine.support.hierarchical.NodeTestTask$$Lambda$178/1890627974.invoke(Unknown Source)
	at org.junit.platform.engine.support.hierarchical.Node.around(Node.java:135)
	at org.junit.platform.engine.support.hierarchical.NodeTestTask.lambda$executeRecursively$8(NodeTestTask.java:123)
	at org.junit.platform.engine.support.hierarchical.NodeTestTask$$Lambda$177/231977479.execute(Unknown Source)
	at org.junit.platform.engine.support.hierarchical.ThrowableCollector.execute(ThrowableCollector.java:73)
	at org.junit.platform.engine.support.hierarchical.NodeTestTask.executeRecursively(NodeTestTask.java:122)
	at org.junit.platform.engine.support.hierarchical.NodeTestTask.execute(NodeTestTask.java:80)
	at org.junit.platform.engine.support.hierarchical.SameThreadHierarchicalTestExecutorService$$Lambda$183/1381713434.accept(Unknown Source)
	at java.util.ArrayList.forEach(ArrayList.java:1249)
	at org.junit.platform.engine.support.hierarchical.SameThreadHierarchicalTestExecutorService.invokeAll(SameThreadHierarchicalTestExecutorService.java:38)
	at org.junit.platform.engine.support.hierarchical.NodeTestTask.lambda$executeRecursively$5(NodeTestTask.java:139)
	at org.junit.platform.engine.support.hierarchical.NodeTestTask$$Lambda$179/195615004.execute(Unknown Source)
	at org.junit.platform.engine.support.hierarchical.ThrowableCollector.execute(ThrowableCollector.java:73)
	at org.junit.platform.engine.support.hierarchical.NodeTestTask.lambda$executeRecursively$7(NodeTestTask.java:125)
	at org.junit.platform.engine.support.hierarchical.NodeTestTask$$Lambda$178/1890627974.invoke(Unknown Source)
	at org.junit.platform.engine.support.hierarchical.Node.around(Node.java:135)
	at org.junit.platform.engine.support.hierarchical.NodeTestTask.lambda$executeRecursively$8(NodeTestTask.java:123)
	at org.junit.platform.engine.support.hierarchical.NodeTestTask$$Lambda$177/231977479.execute(Unknown Source)
	at org.junit.platform.engine.support.hierarchical.ThrowableCollector.execute(ThrowableCollector.java:73)
	at org.junit.platform.engine.support.hierarchical.NodeTestTask.executeRecursively(NodeTestTask.java:122)
	at org.junit.platform.engine.support.hierarchical.NodeTestTask.execute(NodeTestTask.java:80)
	at org.junit.platform.engine.support.hierarchical.SameThreadHierarchicalTestExecutorService$$Lambda$183/1381713434.accept(Unknown Source)
	at java.util.ArrayList.forEach(ArrayList.java:1249)
	at org.junit.platform.engine.support.hierarchical.SameThreadHierarchicalTestExecutorService.invokeAll(SameThreadHierarchicalTestExecutorService.java:38)
	at org.junit.platform.engine.support.hierarchical.NodeTestTask.lambda$executeRecursively$5(NodeTestTask.java:139)
	at org.junit.platform.engine.support.hierarchical.NodeTestTask$$Lambda$179/195615004.execute(Unknown Source)
	at org.junit.platform.engine.support.hierarchical.ThrowableCollector.execute(ThrowableCollector.java:73)
	at org.junit.platform.engine.support.hierarchical.NodeTestTask.lambda$executeRecursively$7(NodeTestTask.java:125)
	at org.junit.platform.engine.support.hierarchical.NodeTestTask$$Lambda$178/1890627974.invoke(Unknown Source)
	at org.junit.platform.engine.support.hierarchical.Node.around(Node.java:135)
	at org.junit.platform.engine.support.hierarchical.NodeTestTask.lambda$executeRecursively$8(NodeTestTask.java:123)
	at org.junit.platform.engine.support.hierarchical.NodeTestTask$$Lambda$177/231977479.execute(Unknown Source)
	at org.junit.platform.engine.support.hierarchical.ThrowableCollector.execute(ThrowableCollector.java:73)
	at org.junit.platform.engine.support.hierarchical.NodeTestTask.executeRecursively(NodeTestTask.java:122)
	at org.junit.platform.engine.support.hierarchical.NodeTestTask.execute(NodeTestTask.java:80)
	at org.junit.platform.engine.support.hierarchical.SameThreadHierarchicalTestExecutorService.submit(SameThreadHierarchicalTestExecutorService.java:32)
	at org.junit.platform.engine.support.hierarchical.HierarchicalTestExecutor.execute(HierarchicalTestExecutor.java:57)
	at org.junit.platform.engine.support.hierarchical.HierarchicalTestEngine.execute(HierarchicalTestEngine.java:51)
	at org.junit.platform.launcher.core.DefaultLauncher.execute(DefaultLauncher.java:248)
	at org.junit.platform.launcher.core.DefaultLauncher.lambda$execute$5(DefaultLauncher.java:211)
	at org.junit.platform.launcher.core.DefaultLauncher$$Lambda$143/233996206.accept(Unknown Source)
	at org.junit.platform.launcher.core.DefaultLauncher.withInterceptedStreams(DefaultLauncher.java:226)
	at org.junit.platform.launcher.core.DefaultLauncher.execute(DefaultLauncher.java:199)
	at org.junit.platform.launcher.core.DefaultLauncher.execute(DefaultLauncher.java:132)
	at org.apache.maven.surefire.junitplatform.JUnitPlatformProvider.invokeAllTests(JUnitPlatformProvider.java:142)
	at org.apache.maven.surefire.junitplatform.JUnitPlatformProvider.invoke(JUnitPlatformProvider.java:113)
	at org.apache.maven.surefire.booter.ForkedBooter.invokeProviderInSameClassLoader(ForkedBooter.java:384)
	at org.apache.maven.surefire.booter.ForkedBooter.runSuitesInProcess(ForkedBooter.java:345)
	at org.apache.maven.surefire.booter.ForkedBooter.execute(ForkedBooter.java:126)
	at org.apache.maven.surefire.booter.ForkedBooter.main(ForkedBooter.java:418)
2021-11-08 11:18:26,173 [myid:] - INFO  [main:FourLetterWordMain@94] - connecting to 127.0.0.1 30188
2021-11-08 11:18:26,174 [myid:1] - WARN  [nioEventLoopGroup-84-2:NettyServerCnxnFactory$CnxnChannelHandler@231] - Zookeeper server is not running, close the connection before starting the TLS handshake
2021-11-08 11:18:26,438 [myid:] - INFO  [main:FourLetterWordMain@94] - connecting to 127.0.0.1 30188
2021-11-08 11:18:26,438 [myid:1] - WARN  [nioEventLoopGroup-84-3:NettyServerCnxnFactory$CnxnChannelHandler@231] - Zookeeper server is not running, close the connection before starting the TLS handshake
2021-11-08 11:18:26,703 [myid:] - INFO  [main:FourLetterWordMain@94] - connecting to 127.0.0.1 30188
2021-11-08 11:18:26,703 [myid:1] - WARN  [nioEventLoopGroup-84-4:NettyServerCnxnFactory$CnxnChannelHandler@231] - Zookeeper server is not running, close the connection before starting the TLS handshake
2021-11-08 11:18:26,719 [myid:] - INFO  [main:ClientBase@267] - server 127.0.0.1:30188 not up
java.net.SocketException: Software caused connection abort: recv failed
	at java.net.SocketInputStream.socketRead0(Native Method)
	at java.net.SocketInputStream.read(SocketInputStream.java:150)
	at java.net.SocketInputStream.read(SocketInputStream.java:121)
	at sun.nio.cs.StreamDecoder.readBytes(StreamDecoder.java:284)
	at sun.nio.cs.StreamDecoder.implRead(StreamDecoder.java:326)
	at sun.nio.cs.StreamDecoder.read(StreamDecoder.java:178)
	at java.io.InputStreamReader.read(InputStreamReader.java:184)
	at java.io.BufferedReader.fill(BufferedReader.java:161)
	at java.io.BufferedReader.readLine(BufferedReader.java:324)
	at java.io.BufferedReader.readLine(BufferedReader.java:389)
	at org.apache.zookeeper.client.FourLetterWordMain.send4LetterWord(FourLetterWordMain.java:129)
	at org.apache.zookeeper.client.FourLetterWordMain.send4LetterWord(FourLetterWordMain.java:74)
	at org.apache.zookeeper.test.ClientBase.waitForServerUp(ClientBase.java:258)
	at org.apache.zookeeper.test.ClientBase.waitForServerUp(ClientBase.java:249)
	at org.apache.zookeeper.server.quorum.QuorumSSLTest.testProtocolVersion(QuorumSSLTest.java:899)
	at sun.reflect.NativeMethodAccessorImpl.invoke0(Native Method)
	at sun.reflect.NativeMethodAccessorImpl.invoke(NativeMethodAccessorImpl.java:62)
	at sun.reflect.DelegatingMethodAccessorImpl.invoke(DelegatingMethodAccessorImpl.java:43)
	at java.lang.reflect.Method.invoke(Method.java:483)
	at org.junit.platform.commons.util.ReflectionUtils.invokeMethod(ReflectionUtils.java:686)
	at org.junit.jupiter.engine.execution.MethodInvocation.proceed(MethodInvocation.java:60)
	at org.junit.jupiter.engine.execution.InvocationInterceptorChain$ValidatingInvocation.proceed(InvocationInterceptorChain.java:131)
	at org.junit.jupiter.engine.extension.TimeoutInvocation.proceed(TimeoutInvocation.java:46)
	at org.junit.jupiter.engine.extension.TimeoutExtension.intercept(TimeoutExtension.java:149)
	at org.junit.jupiter.engine.extension.TimeoutExtension.interceptTestableMethod(TimeoutExtension.java:140)
	at org.junit.jupiter.engine.extension.TimeoutExtension.interceptTestMethod(TimeoutExtension.java:84)
	at org.junit.jupiter.engine.descriptor.TestMethodTestDescriptor$$Lambda$111/1780132728.apply(Unknown Source)
	at org.junit.jupiter.engine.execution.ExecutableInvoker$ReflectiveInterceptorCall.lambda$ofVoidMethod$0(ExecutableInvoker.java:115)
	at org.junit.jupiter.engine.execution.ExecutableInvoker$ReflectiveInterceptorCall$$Lambda$112/1725017993.apply(Unknown Source)
	at org.junit.jupiter.engine.execution.ExecutableInvoker.lambda$invoke$0(ExecutableInvoker.java:105)
	at org.junit.jupiter.engine.execution.ExecutableInvoker$$Lambda$234/64133603.apply(Unknown Source)
	at org.junit.jupiter.engine.execution.InvocationInterceptorChain$InterceptedInvocation.proceed(InvocationInterceptorChain.java:106)
	at org.junit.jupiter.engine.execution.InvocationInterceptorChain.proceed(InvocationInterceptorChain.java:64)
	at org.junit.jupiter.engine.execution.InvocationInterceptorChain.chainAndInvoke(InvocationInterceptorChain.java:45)
	at org.junit.jupiter.engine.execution.InvocationInterceptorChain.invoke(InvocationInterceptorChain.java:37)
	at org.junit.jupiter.engine.execution.ExecutableInvoker.invoke(ExecutableInvoker.java:104)
	at org.junit.jupiter.engine.execution.ExecutableInvoker.invoke(ExecutableInvoker.java:98)
	at org.junit.jupiter.engine.descriptor.TestMethodTestDescriptor.lambda$invokeTestMethod$6(TestMethodTestDescriptor.java:212)
	at org.junit.jupiter.engine.descriptor.TestMethodTestDescriptor$$Lambda$271/224100622.execute(Unknown Source)
	at org.junit.platform.engine.support.hierarchical.ThrowableCollector.execute(ThrowableCollector.java:73)
	at org.junit.jupiter.engine.descriptor.TestMethodTestDescriptor.invokeTestMethod(TestMethodTestDescriptor.java:208)
	at org.junit.jupiter.engine.descriptor.TestMethodTestDescriptor.execute(TestMethodTestDescriptor.java:137)
	at org.junit.jupiter.engine.descriptor.TestMethodTestDescriptor.execute(TestMethodTestDescriptor.java:71)
	at org.junit.platform.engine.support.hierarchical.NodeTestTask.lambda$executeRecursively$5(NodeTestTask.java:135)
	at org.junit.platform.engine.support.hierarchical.NodeTestTask$$Lambda$179/195615004.execute(Unknown Source)
	at org.junit.platform.engine.support.hierarchical.ThrowableCollector.execute(ThrowableCollector.java:73)
	at org.junit.platform.engine.support.hierarchical.NodeTestTask.lambda$executeRecursively$7(NodeTestTask.java:125)
	at org.junit.platform.engine.support.hierarchical.NodeTestTask$$Lambda$178/1890627974.invoke(Unknown Source)
	at org.junit.platform.engine.support.hierarchical.Node.around(Node.java:135)
	at org.junit.platform.engine.support.hierarchical.NodeTestTask.lambda$executeRecursively$8(NodeTestTask.java:123)
	at org.junit.platform.engine.support.hierarchical.NodeTestTask$$Lambda$177/231977479.execute(Unknown Source)
	at org.junit.platform.engine.support.hierarchical.ThrowableCollector.execute(ThrowableCollector.java:73)
	at org.junit.platform.engine.support.hierarchical.NodeTestTask.executeRecursively(NodeTestTask.java:122)
	at org.junit.platform.engine.support.hierarchical.NodeTestTask.execute(NodeTestTask.java:80)
	at org.junit.platform.engine.support.hierarchical.SameThreadHierarchicalTestExecutorService$$Lambda$183/1381713434.accept(Unknown Source)
	at java.util.ArrayList.forEach(ArrayList.java:1249)
	at org.junit.platform.engine.support.hierarchical.SameThreadHierarchicalTestExecutorService.invokeAll(SameThreadHierarchicalTestExecutorService.java:38)
	at org.junit.platform.engine.support.hierarchical.NodeTestTask.lambda$executeRecursively$5(NodeTestTask.java:139)
	at org.junit.platform.engine.support.hierarchical.NodeTestTask$$Lambda$179/195615004.execute(Unknown Source)
	at org.junit.platform.engine.support.hierarchical.ThrowableCollector.execute(ThrowableCollector.java:73)
	at org.junit.platform.engine.support.hierarchical.NodeTestTask.lambda$executeRecursively$7(NodeTestTask.java:125)
	at org.junit.platform.engine.support.hierarchical.NodeTestTask$$Lambda$178/1890627974.invoke(Unknown Source)
	at org.junit.platform.engine.support.hierarchical.Node.around(Node.java:135)
	at org.junit.platform.engine.support.hierarchical.NodeTestTask.lambda$executeRecursively$8(NodeTestTask.java:123)
	at org.junit.platform.engine.support.hierarchical.NodeTestTask$$Lambda$177/231977479.execute(Unknown Source)
	at org.junit.platform.engine.support.hierarchical.ThrowableCollector.execute(ThrowableCollector.java:73)
	at org.junit.platform.engine.support.hierarchical.NodeTestTask.executeRecursively(NodeTestTask.java:122)
	at org.junit.platform.engine.support.hierarchical.NodeTestTask.execute(NodeTestTask.java:80)
	at org.junit.platform.engine.support.hierarchical.SameThreadHierarchicalTestExecutorService$$Lambda$183/1381713434.accept(Unknown Source)
	at java.util.ArrayList.forEach(ArrayList.java:1249)
	at org.junit.platform.engine.support.hierarchical.SameThreadHierarchicalTestExecutorService.invokeAll(SameThreadHierarchicalTestExecutorService.java:38)
	at org.junit.platform.engine.support.hierarchical.NodeTestTask.lambda$executeRecursively$5(NodeTestTask.java:139)
	at org.junit.platform.engine.support.hierarchical.NodeTestTask$$Lambda$179/195615004.execute(Unknown Source)
	at org.junit.platform.engine.support.hierarchical.ThrowableCollector.execute(ThrowableCollector.java:73)
	at org.junit.platform.engine.support.hierarchical.NodeTestTask.lambda$executeRecursively$7(NodeTestTask.java:125)
	at org.junit.platform.engine.support.hierarchical.NodeTestTask$$Lambda$178/1890627974.invoke(Unknown Source)
	at org.junit.platform.engine.support.hierarchical.Node.around(Node.java:135)
	at org.junit.platform.engine.support.hierarchical.NodeTestTask.lambda$executeRecursively$8(NodeTestTask.java:123)
	at org.junit.platform.engine.support.hierarchical.NodeTestTask$$Lambda$177/231977479.execute(Unknown Source)
	at org.junit.platform.engine.support.hierarchical.ThrowableCollector.execute(ThrowableCollector.java:73)
	at org.junit.platform.engine.support.hierarchical.NodeTestTask.executeRecursively(NodeTestTask.java:122)
	at org.junit.platform.engine.support.hierarchical.NodeTestTask.execute(NodeTestTask.java:80)
	at org.junit.platform.engine.support.hierarchical.SameThreadHierarchicalTestExecutorService.submit(SameThreadHierarchicalTestExecutorService.java:32)
	at org.junit.platform.engine.support.hierarchical.HierarchicalTestExecutor.execute(HierarchicalTestExecutor.java:57)
	at org.junit.platform.engine.support.hierarchical.HierarchicalTestEngine.execute(HierarchicalTestEngine.java:51)
	at org.junit.platform.launcher.core.DefaultLauncher.execute(DefaultLauncher.java:248)
	at org.junit.platform.launcher.core.DefaultLauncher.lambda$execute$5(DefaultLauncher.java:211)
	at org.junit.platform.launcher.core.DefaultLauncher$$Lambda$143/233996206.accept(Unknown Source)
	at org.junit.platform.launcher.core.DefaultLauncher.withInterceptedStreams(DefaultLauncher.java:226)
	at org.junit.platform.launcher.core.DefaultLauncher.execute(DefaultLauncher.java:199)
	at org.junit.platform.launcher.core.DefaultLauncher.execute(DefaultLauncher.java:132)
	at org.apache.maven.surefire.junitplatform.JUnitPlatformProvider.invokeAllTests(JUnitPlatformProvider.java:142)
	at org.apache.maven.surefire.junitplatform.JUnitPlatformProvider.invoke(JUnitPlatformProvider.java:113)
	at org.apache.maven.surefire.booter.ForkedBooter.invokeProviderInSameClassLoader(ForkedBooter.java:384)
	at org.apache.maven.surefire.booter.ForkedBooter.runSuitesInProcess(ForkedBooter.java:345)
	at org.apache.maven.surefire.booter.ForkedBooter.execute(ForkedBooter.java:126)
	at org.apache.maven.surefire.booter.ForkedBooter.main(ForkedBooter.java:418)
2021-11-08 11:18:26,984 [myid:] - INFO  [main:FourLetterWordMain@94] - connecting to 127.0.0.1 30188
2021-11-08 11:18:26,985 [myid:1] - WARN  [nioEventLoopGroup-84-5:NettyServerCnxnFactory$CnxnChannelHandler@231] - Zookeeper server is not running, close the connection before starting the TLS handshake
2021-11-08 11:18:27,250 [myid:] - INFO  [main:FourLetterWordMain@94] - connecting to 127.0.0.1 30188
2021-11-08 11:18:27,252 [myid:1] - WARN  [nioEventLoopGroup-84-6:NettyServerCnxnFactory$CnxnChannelHandler@231] - Zookeeper server is not running, close the connection before starting the TLS handshake
2021-11-08 11:18:27,517 [myid:] - INFO  [main:FourLetterWordMain@94] - connecting to 127.0.0.1 30188
2021-11-08 11:18:27,517 [myid:1] - WARN  [nioEventLoopGroup-84-7:NettyServerCnxnFactory$CnxnChannelHandler@231] - Zookeeper server is not running, close the connection before starting the TLS handshake
2021-11-08 11:18:27,768 [myid:] - INFO  [main:FourLetterWordMain@94] - connecting to 127.0.0.1 30188
2021-11-08 11:18:27,769 [myid:1] - WARN  [nioEventLoopGroup-84-8:NettyServerCnxnFactory$CnxnChannelHandler@231] - Zookeeper server is not running, close the connection before starting the TLS handshake
2021-11-08 11:18:28,034 [myid:] - INFO  [main:FourLetterWordMain@94] - connecting to 127.0.0.1 30188
2021-11-08 11:18:28,036 [myid:1] - WARN  [nioEventLoopGroup-84-9:NettyServerCnxnFactory$CnxnChannelHandler@231] - Zookeeper server is not running, close the connection before starting the TLS handshake
2021-11-08 11:18:28,299 [myid:] - INFO  [main:FourLetterWordMain@94] - connecting to 127.0.0.1 30188
2021-11-08 11:18:28,299 [myid:1] - WARN  [nioEventLoopGroup-84-10:NettyServerCnxnFactory$CnxnChannelHandler@231] - Zookeeper server is not running, close the connection before starting the TLS handshake
2021-11-08 11:18:28,562 [myid:] - INFO  [main:FourLetterWordMain@94] - connecting to 127.0.0.1 30188
2021-11-08 11:18:28,562 [myid:1] - WARN  [nioEventLoopGroup-84-11:NettyServerCnxnFactory$CnxnChannelHandler@231] - Zookeeper server is not running, close the connection before starting the TLS handshake
2021-11-08 11:18:28,829 [myid:] - INFO  [main:FourLetterWordMain@94] - connecting to 127.0.0.1 30188
2021-11-08 11:18:28,829 [myid:1] - WARN  [nioEventLoopGroup-84-12:NettyServerCnxnFactory$CnxnChannelHandler@231] - Zookeeper server is not running, close the connection before starting the TLS handshake
2021-11-08 11:18:29,091 [myid:] - INFO  [main:FourLetterWordMain@94] - connecting to 127.0.0.1 30188
2021-11-08 11:18:29,091 [myid:1] - WARN  [nioEventLoopGroup-84-1:NettyServerCnxnFactory$CnxnChannelHandler@231] - Zookeeper server is not running, close the connection before starting the TLS handshake
2021-11-08 11:18:29,356 [myid:] - INFO  [main:FourLetterWordMain@94] - connecting to 127.0.0.1 30188
2021-11-08 11:18:29,356 [myid:1] - WARN  [nioEventLoopGroup-84-2:NettyServerCnxnFactory$CnxnChannelHandler@231] - Zookeeper server is not running, close the connection before starting the TLS handshake
2021-11-08 11:18:29,608 [myid:] - INFO  [main:FourLetterWordMain@94] - connecting to 127.0.0.1 30188
2021-11-08 11:18:29,608 [myid:1] - WARN  [nioEventLoopGroup-84-3:NettyServerCnxnFactory$CnxnChannelHandler@231] - Zookeeper server is not running, close the connection before starting the TLS handshake
2021-11-08 11:18:29,873 [myid:] - INFO  [main:FourLetterWordMain@94] - connecting to 127.0.0.1 30188
2021-11-08 11:18:29,874 [myid:1] - WARN  [nioEventLoopGroup-84-4:NettyServerCnxnFactory$CnxnChannelHandler@231] - Zookeeper server is not running, close the connection before starting the TLS handshake
2021-11-08 11:18:30,125 [myid:] - INFO  [main:FourLetterWordMain@94] - connecting to 127.0.0.1 30188
2021-11-08 11:18:30,125 [myid:1] - WARN  [nioEventLoopGroup-84-5:NettyServerCnxnFactory$CnxnChannelHandler@231] - Zookeeper server is not running, close the connection before starting the TLS handshake
2021-11-08 11:18:30,389 [myid:] - INFO  [main:FourLetterWordMain@94] - connecting to 127.0.0.1 30188
2021-11-08 11:18:30,389 [myid:1] - WARN  [nioEventLoopGroup-84-6:NettyServerCnxnFactory$CnxnChannelHandler@231] - Zookeeper server is not running, close the connection before starting the TLS handshake
2021-11-08 11:18:30,642 [myid:] - INFO  [main:FourLetterWordMain@94] - connecting to 127.0.0.1 30188
2021-11-08 11:18:30,643 [myid:1] - WARN  [nioEventLoopGroup-84-7:NettyServerCnxnFactory$CnxnChannelHandler@231] - Zookeeper server is not running, close the connection before starting the TLS handshake
2021-11-08 11:18:30,658 [myid:] - INFO  [main:ClientBase@267] - server 127.0.0.1:30188 not up
java.net.SocketException: Software caused connection abort: recv failed
	at java.net.SocketInputStream.socketRead0(Native Method)
	at java.net.SocketInputStream.read(SocketInputStream.java:150)
	at java.net.SocketInputStream.read(SocketInputStream.java:121)
	at sun.nio.cs.StreamDecoder.readBytes(StreamDecoder.java:284)
	at sun.nio.cs.StreamDecoder.implRead(StreamDecoder.java:326)
	at sun.nio.cs.StreamDecoder.read(StreamDecoder.java:178)
	at java.io.InputStreamReader.read(InputStreamReader.java:184)
	at java.io.BufferedReader.fill(BufferedReader.java:161)
	at java.io.BufferedReader.readLine(BufferedReader.java:324)
	at java.io.BufferedReader.readLine(BufferedReader.java:389)
	at org.apache.zookeeper.client.FourLetterWordMain.send4LetterWord(FourLetterWordMain.java:129)
	at org.apache.zookeeper.client.FourLetterWordMain.send4LetterWord(FourLetterWordMain.java:74)
	at org.apache.zookeeper.test.ClientBase.waitForServerUp(ClientBase.java:258)
	at org.apache.zookeeper.test.ClientBase.waitForServerUp(ClientBase.java:249)
	at org.apache.zookeeper.server.quorum.QuorumSSLTest.testProtocolVersion(QuorumSSLTest.java:899)
	at sun.reflect.NativeMethodAccessorImpl.invoke0(Native Method)
	at sun.reflect.NativeMethodAccessorImpl.invoke(NativeMethodAccessorImpl.java:62)
	at sun.reflect.DelegatingMethodAccessorImpl.invoke(DelegatingMethodAccessorImpl.java:43)
	at java.lang.reflect.Method.invoke(Method.java:483)
	at org.junit.platform.commons.util.ReflectionUtils.invokeMethod(ReflectionUtils.java:686)
	at org.junit.jupiter.engine.execution.MethodInvocation.proceed(MethodInvocation.java:60)
	at org.junit.jupiter.engine.execution.InvocationInterceptorChain$ValidatingInvocation.proceed(InvocationInterceptorChain.java:131)
	at org.junit.jupiter.engine.extension.TimeoutInvocation.proceed(TimeoutInvocation.java:46)
	at org.junit.jupiter.engine.extension.TimeoutExtension.intercept(TimeoutExtension.java:149)
	at org.junit.jupiter.engine.extension.TimeoutExtension.interceptTestableMethod(TimeoutExtension.java:140)
	at org.junit.jupiter.engine.extension.TimeoutExtension.interceptTestMethod(TimeoutExtension.java:84)
	at org.junit.jupiter.engine.descriptor.TestMethodTestDescriptor$$Lambda$111/1780132728.apply(Unknown Source)
	at org.junit.jupiter.engine.execution.ExecutableInvoker$ReflectiveInterceptorCall.lambda$ofVoidMethod$0(ExecutableInvoker.java:115)
	at org.junit.jupiter.engine.execution.ExecutableInvoker$ReflectiveInterceptorCall$$Lambda$112/1725017993.apply(Unknown Source)
	at org.junit.jupiter.engine.execution.ExecutableInvoker.lambda$invoke$0(ExecutableInvoker.java:105)
	at org.junit.jupiter.engine.execution.ExecutableInvoker$$Lambda$234/64133603.apply(Unknown Source)
	at org.junit.jupiter.engine.execution.InvocationInterceptorChain$InterceptedInvocation.proceed(InvocationInterceptorChain.java:106)
	at org.junit.jupiter.engine.execution.InvocationInterceptorChain.proceed(InvocationInterceptorChain.java:64)
	at org.junit.jupiter.engine.execution.InvocationInterceptorChain.chainAndInvoke(InvocationInterceptorChain.java:45)
	at org.junit.jupiter.engine.execution.InvocationInterceptorChain.invoke(InvocationInterceptorChain.java:37)
	at org.junit.jupiter.engine.execution.ExecutableInvoker.invoke(ExecutableInvoker.java:104)
	at org.junit.jupiter.engine.execution.ExecutableInvoker.invoke(ExecutableInvoker.java:98)
	at org.junit.jupiter.engine.descriptor.TestMethodTestDescriptor.lambda$invokeTestMethod$6(TestMethodTestDescriptor.java:212)
	at org.junit.jupiter.engine.descriptor.TestMethodTestDescriptor$$Lambda$271/224100622.execute(Unknown Source)
	at org.junit.platform.engine.support.hierarchical.ThrowableCollector.execute(ThrowableCollector.java:73)
	at org.junit.jupiter.engine.descriptor.TestMethodTestDescriptor.invokeTestMethod(TestMethodTestDescriptor.java:208)
	at org.junit.jupiter.engine.descriptor.TestMethodTestDescriptor.execute(TestMethodTestDescriptor.java:137)
	at org.junit.jupiter.engine.descriptor.TestMethodTestDescriptor.execute(TestMethodTestDescriptor.java:71)
	at org.junit.platform.engine.support.hierarchical.NodeTestTask.lambda$executeRecursively$5(NodeTestTask.java:135)
	at org.junit.platform.engine.support.hierarchical.NodeTestTask$$Lambda$179/195615004.execute(Unknown Source)
	at org.junit.platform.engine.support.hierarchical.ThrowableCollector.execute(ThrowableCollector.java:73)
	at org.junit.platform.engine.support.hierarchical.NodeTestTask.lambda$executeRecursively$7(NodeTestTask.java:125)
	at org.junit.platform.engine.support.hierarchical.NodeTestTask$$Lambda$178/1890627974.invoke(Unknown Source)
	at org.junit.platform.engine.support.hierarchical.Node.around(Node.java:135)
	at org.junit.platform.engine.support.hierarchical.NodeTestTask.lambda$executeRecursively$8(NodeTestTask.java:123)
	at org.junit.platform.engine.support.hierarchical.NodeTestTask$$Lambda$177/231977479.execute(Unknown Source)
	at org.junit.platform.engine.support.hierarchical.ThrowableCollector.execute(ThrowableCollector.java:73)
	at org.junit.platform.engine.support.hierarchical.NodeTestTask.executeRecursively(NodeTestTask.java:122)
	at org.junit.platform.engine.support.hierarchical.NodeTestTask.execute(NodeTestTask.java:80)
	at org.junit.platform.engine.support.hierarchical.SameThreadHierarchicalTestExecutorService$$Lambda$183/1381713434.accept(Unknown Source)
	at java.util.ArrayList.forEach(ArrayList.java:1249)
	at org.junit.platform.engine.support.hierarchical.SameThreadHierarchicalTestExecutorService.invokeAll(SameThreadHierarchicalTestExecutorService.java:38)
	at org.junit.platform.engine.support.hierarchical.NodeTestTask.lambda$executeRecursively$5(NodeTestTask.java:139)
	at org.junit.platform.engine.support.hierarchical.NodeTestTask$$Lambda$179/195615004.execute(Unknown Source)
	at org.junit.platform.engine.support.hierarchical.ThrowableCollector.execute(ThrowableCollector.java:73)
	at org.junit.platform.engine.support.hierarchical.NodeTestTask.lambda$executeRecursively$7(NodeTestTask.java:125)
	at org.junit.platform.engine.support.hierarchical.NodeTestTask$$Lambda$178/1890627974.invoke(Unknown Source)
	at org.junit.platform.engine.support.hierarchical.Node.around(Node.java:135)
	at org.junit.platform.engine.support.hierarchical.NodeTestTask.lambda$executeRecursively$8(NodeTestTask.java:123)
	at org.junit.platform.engine.support.hierarchical.NodeTestTask$$Lambda$177/231977479.execute(Unknown Source)
	at org.junit.platform.engine.support.hierarchical.ThrowableCollector.execute(ThrowableCollector.java:73)
	at org.junit.platform.engine.support.hierarchical.NodeTestTask.executeRecursively(NodeTestTask.java:122)
	at org.junit.platform.engine.support.hierarchical.NodeTestTask.execute(NodeTestTask.java:80)
	at org.junit.platform.engine.support.hierarchical.SameThreadHierarchicalTestExecutorService$$Lambda$183/1381713434.accept(Unknown Source)
	at java.util.ArrayList.forEach(ArrayList.java:1249)
	at org.junit.platform.engine.support.hierarchical.SameThreadHierarchicalTestExecutorService.invokeAll(SameThreadHierarchicalTestExecutorService.java:38)
	at org.junit.platform.engine.support.hierarchical.NodeTestTask.lambda$executeRecursively$5(NodeTestTask.java:139)
	at org.junit.platform.engine.support.hierarchical.NodeTestTask$$Lambda$179/195615004.execute(Unknown Source)
	at org.junit.platform.engine.support.hierarchical.ThrowableCollector.execute(ThrowableCollector.java:73)
	at org.junit.platform.engine.support.hierarchical.NodeTestTask.lambda$executeRecursively$7(NodeTestTask.java:125)
	at org.junit.platform.engine.support.hierarchical.NodeTestTask$$Lambda$178/1890627974.invoke(Unknown Source)
	at org.junit.platform.engine.support.hierarchical.Node.around(Node.java:135)
	at org.junit.platform.engine.support.hierarchical.NodeTestTask.lambda$executeRecursively$8(NodeTestTask.java:123)
	at org.junit.platform.engine.support.hierarchical.NodeTestTask$$Lambda$177/231977479.execute(Unknown Source)
	at org.junit.platform.engine.support.hierarchical.ThrowableCollector.execute(ThrowableCollector.java:73)
	at org.junit.platform.engine.support.hierarchical.NodeTestTask.executeRecursively(NodeTestTask.java:122)
	at org.junit.platform.engine.support.hierarchical.NodeTestTask.execute(NodeTestTask.java:80)
	at org.junit.platform.engine.support.hierarchical.SameThreadHierarchicalTestExecutorService.submit(SameThreadHierarchicalTestExecutorService.java:32)
	at org.junit.platform.engine.support.hierarchical.HierarchicalTestExecutor.execute(HierarchicalTestExecutor.java:57)
	at org.junit.platform.engine.support.hierarchical.HierarchicalTestEngine.execute(HierarchicalTestEngine.java:51)
	at org.junit.platform.launcher.core.DefaultLauncher.execute(DefaultLauncher.java:248)
	at org.junit.platform.launcher.core.DefaultLauncher.lambda$execute$5(DefaultLauncher.java:211)
	at org.junit.platform.launcher.core.DefaultLauncher$$Lambda$143/233996206.accept(Unknown Source)
	at org.junit.platform.launcher.core.DefaultLauncher.withInterceptedStreams(DefaultLauncher.java:226)
	at org.junit.platform.launcher.core.DefaultLauncher.execute(DefaultLauncher.java:199)
	at org.junit.platform.launcher.core.DefaultLauncher.execute(DefaultLauncher.java:132)
	at org.apache.maven.surefire.junitplatform.JUnitPlatformProvider.invokeAllTests(JUnitPlatformProvider.java:142)
	at org.apache.maven.surefire.junitplatform.JUnitPlatformProvider.invoke(JUnitPlatformProvider.java:113)
	at org.apache.maven.surefire.booter.ForkedBooter.invokeProviderInSameClassLoader(ForkedBooter.java:384)
	at org.apache.maven.surefire.booter.ForkedBooter.runSuitesInProcess(ForkedBooter.java:345)
	at org.apache.maven.surefire.booter.ForkedBooter.execute(ForkedBooter.java:126)
	at org.apache.maven.surefire.booter.ForkedBooter.main(ForkedBooter.java:418)
2021-11-08 11:18:30,922 [myid:] - INFO  [main:FourLetterWordMain@94] - connecting to 127.0.0.1 30188
2021-11-08 11:18:30,922 [myid:1] - WARN  [nioEventLoopGroup-84-8:NettyServerCnxnFactory$CnxnChannelHandler@231] - Zookeeper server is not running, close the connection before starting the TLS handshake
2021-11-08 11:18:31,173 [myid:] - INFO  [main:FourLetterWordMain@94] - connecting to 127.0.0.1 30188
2021-11-08 11:18:31,175 [myid:1] - WARN  [nioEventLoopGroup-84-9:NettyServerCnxnFactory$CnxnChannelHandler@231] - Zookeeper server is not running, close the connection before starting the TLS handshake
2021-11-08 11:18:31,439 [myid:] - INFO  [main:FourLetterWordMain@94] - connecting to 127.0.0.1 30188
2021-11-08 11:18:31,439 [myid:1] - WARN  [nioEventLoopGroup-84-10:NettyServerCnxnFactory$CnxnChannelHandler@231] - Zookeeper server is not running, close the connection before starting the TLS handshake
2021-11-08 11:18:31,455 [myid:] - INFO  [main:ClientBase@267] - server 127.0.0.1:30188 not up
java.net.SocketException: Software caused connection abort: recv failed
	at java.net.SocketInputStream.socketRead0(Native Method)
	at java.net.SocketInputStream.read(SocketInputStream.java:150)
	at java.net.SocketInputStream.read(SocketInputStream.java:121)
	at sun.nio.cs.StreamDecoder.readBytes(StreamDecoder.java:284)
	at sun.nio.cs.StreamDecoder.implRead(StreamDecoder.java:326)
	at sun.nio.cs.StreamDecoder.read(StreamDecoder.java:178)
	at java.io.InputStreamReader.read(InputStreamReader.java:184)
	at java.io.BufferedReader.fill(BufferedReader.java:161)
	at java.io.BufferedReader.readLine(BufferedReader.java:324)
	at java.io.BufferedReader.readLine(BufferedReader.java:389)
	at org.apache.zookeeper.client.FourLetterWordMain.send4LetterWord(FourLetterWordMain.java:129)
	at org.apache.zookeeper.client.FourLetterWordMain.send4LetterWord(FourLetterWordMain.java:74)
	at org.apache.zookeeper.test.ClientBase.waitForServerUp(ClientBase.java:258)
	at org.apache.zookeeper.test.ClientBase.waitForServerUp(ClientBase.java:249)
	at org.apache.zookeeper.server.quorum.QuorumSSLTest.testProtocolVersion(QuorumSSLTest.java:899)
	at sun.reflect.NativeMethodAccessorImpl.invoke0(Native Method)
	at sun.reflect.NativeMethodAccessorImpl.invoke(NativeMethodAccessorImpl.java:62)
	at sun.reflect.DelegatingMethodAccessorImpl.invoke(DelegatingMethodAccessorImpl.java:43)
	at java.lang.reflect.Method.invoke(Method.java:483)
	at org.junit.platform.commons.util.ReflectionUtils.invokeMethod(ReflectionUtils.java:686)
	at org.junit.jupiter.engine.execution.MethodInvocation.proceed(MethodInvocation.java:60)
	at org.junit.jupiter.engine.execution.InvocationInterceptorChain$ValidatingInvocation.proceed(InvocationInterceptorChain.java:131)
	at org.junit.jupiter.engine.extension.TimeoutInvocation.proceed(TimeoutInvocation.java:46)
	at org.junit.jupiter.engine.extension.TimeoutExtension.intercept(TimeoutExtension.java:149)
	at org.junit.jupiter.engine.extension.TimeoutExtension.interceptTestableMethod(TimeoutExtension.java:140)
	at org.junit.jupiter.engine.extension.TimeoutExtension.interceptTestMethod(TimeoutExtension.java:84)
	at org.junit.jupiter.engine.descriptor.TestMethodTestDescriptor$$Lambda$111/1780132728.apply(Unknown Source)
	at org.junit.jupiter.engine.execution.ExecutableInvoker$ReflectiveInterceptorCall.lambda$ofVoidMethod$0(ExecutableInvoker.java:115)
	at org.junit.jupiter.engine.execution.ExecutableInvoker$ReflectiveInterceptorCall$$Lambda$112/1725017993.apply(Unknown Source)
	at org.junit.jupiter.engine.execution.ExecutableInvoker.lambda$invoke$0(ExecutableInvoker.java:105)
	at org.junit.jupiter.engine.execution.ExecutableInvoker$$Lambda$234/64133603.apply(Unknown Source)
	at org.junit.jupiter.engine.execution.InvocationInterceptorChain$InterceptedInvocation.proceed(InvocationInterceptorChain.java:106)
	at org.junit.jupiter.engine.execution.InvocationInterceptorChain.proceed(InvocationInterceptorChain.java:64)
	at org.junit.jupiter.engine.execution.InvocationInterceptorChain.chainAndInvoke(InvocationInterceptorChain.java:45)
	at org.junit.jupiter.engine.execution.InvocationInterceptorChain.invoke(InvocationInterceptorChain.java:37)
	at org.junit.jupiter.engine.execution.ExecutableInvoker.invoke(ExecutableInvoker.java:104)
	at org.junit.jupiter.engine.execution.ExecutableInvoker.invoke(ExecutableInvoker.java:98)
	at org.junit.jupiter.engine.descriptor.TestMethodTestDescriptor.lambda$invokeTestMethod$6(TestMethodTestDescriptor.java:212)
	at org.junit.jupiter.engine.descriptor.TestMethodTestDescriptor$$Lambda$271/224100622.execute(Unknown Source)
	at org.junit.platform.engine.support.hierarchical.ThrowableCollector.execute(ThrowableCollector.java:73)
	at org.junit.jupiter.engine.descriptor.TestMethodTestDescriptor.invokeTestMethod(TestMethodTestDescriptor.java:208)
	at org.junit.jupiter.engine.descriptor.TestMethodTestDescriptor.execute(TestMethodTestDescriptor.java:137)
	at org.junit.jupiter.engine.descriptor.TestMethodTestDescriptor.execute(TestMethodTestDescriptor.java:71)
	at org.junit.platform.engine.support.hierarchical.NodeTestTask.lambda$executeRecursively$5(NodeTestTask.java:135)
	at org.junit.platform.engine.support.hierarchical.NodeTestTask$$Lambda$179/195615004.execute(Unknown Source)
	at org.junit.platform.engine.support.hierarchical.ThrowableCollector.execute(ThrowableCollector.java:73)
	at org.junit.platform.engine.support.hierarchical.NodeTestTask.lambda$executeRecursively$7(NodeTestTask.java:125)
	at org.junit.platform.engine.support.hierarchical.NodeTestTask$$Lambda$178/1890627974.invoke(Unknown Source)
	at org.junit.platform.engine.support.hierarchical.Node.around(Node.java:135)
	at org.junit.platform.engine.support.hierarchical.NodeTestTask.lambda$executeRecursively$8(NodeTestTask.java:123)
	at org.junit.platform.engine.support.hierarchical.NodeTestTask$$Lambda$177/231977479.execute(Unknown Source)
	at org.junit.platform.engine.support.hierarchical.ThrowableCollector.execute(ThrowableCollector.java:73)
	at org.junit.platform.engine.support.hierarchical.NodeTestTask.executeRecursively(NodeTestTask.java:122)
	at org.junit.platform.engine.support.hierarchical.NodeTestTask.execute(NodeTestTask.java:80)
	at org.junit.platform.engine.support.hierarchical.SameThreadHierarchicalTestExecutorService$$Lambda$183/1381713434.accept(Unknown Source)
	at java.util.ArrayList.forEach(ArrayList.java:1249)
	at org.junit.platform.engine.support.hierarchical.SameThreadHierarchicalTestExecutorService.invokeAll(SameThreadHierarchicalTestExecutorService.java:38)
	at org.junit.platform.engine.support.hierarchical.NodeTestTask.lambda$executeRecursively$5(NodeTestTask.java:139)
	at org.junit.platform.engine.support.hierarchical.NodeTestTask$$Lambda$179/195615004.execute(Unknown Source)
	at org.junit.platform.engine.support.hierarchical.ThrowableCollector.execute(ThrowableCollector.java:73)
	at org.junit.platform.engine.support.hierarchical.NodeTestTask.lambda$executeRecursively$7(NodeTestTask.java:125)
	at org.junit.platform.engine.support.hierarchical.NodeTestTask$$Lambda$178/1890627974.invoke(Unknown Source)
	at org.junit.platform.engine.support.hierarchical.Node.around(Node.java:135)
	at org.junit.platform.engine.support.hierarchical.NodeTestTask.lambda$executeRecursively$8(NodeTestTask.java:123)
	at org.junit.platform.engine.support.hierarchical.NodeTestTask$$Lambda$177/231977479.execute(Unknown Source)
	at org.junit.platform.engine.support.hierarchical.ThrowableCollector.execute(ThrowableCollector.java:73)
	at org.junit.platform.engine.support.hierarchical.NodeTestTask.executeRecursively(NodeTestTask.java:122)
	at org.junit.platform.engine.support.hierarchical.NodeTestTask.execute(NodeTestTask.java:80)
	at org.junit.platform.engine.support.hierarchical.SameThreadHierarchicalTestExecutorService$$Lambda$183/1381713434.accept(Unknown Source)
	at java.util.ArrayList.forEach(ArrayList.java:1249)
	at org.junit.platform.engine.support.hierarchical.SameThreadHierarchicalTestExecutorService.invokeAll(SameThreadHierarchicalTestExecutorService.java:38)
	at org.junit.platform.engine.support.hierarchical.NodeTestTask.lambda$executeRecursively$5(NodeTestTask.java:139)
	at org.junit.platform.engine.support.hierarchical.NodeTestTask$$Lambda$179/195615004.execute(Unknown Source)
	at org.junit.platform.engine.support.hierarchical.ThrowableCollector.execute(ThrowableCollector.java:73)
	at org.junit.platform.engine.support.hierarchical.NodeTestTask.lambda$executeRecursively$7(NodeTestTask.java:125)
	at org.junit.platform.engine.support.hierarchical.NodeTestTask$$Lambda$178/1890627974.invoke(Unknown Source)
	at org.junit.platform.engine.support.hierarchical.Node.around(Node.java:135)
	at org.junit.platform.engine.support.hierarchical.NodeTestTask.lambda$executeRecursively$8(NodeTestTask.java:123)
	at org.junit.platform.engine.support.hierarchical.NodeTestTask$$Lambda$177/231977479.execute(Unknown Source)
	at org.junit.platform.engine.support.hierarchical.ThrowableCollector.execute(ThrowableCollector.java:73)
	at org.junit.platform.engine.support.hierarchical.NodeTestTask.executeRecursively(NodeTestTask.java:122)
	at org.junit.platform.engine.support.hierarchical.NodeTestTask.execute(NodeTestTask.java:80)
	at org.junit.platform.engine.support.hierarchical.SameThreadHierarchicalTestExecutorService.submit(SameThreadHierarchicalTestExecutorService.java:32)
	at org.junit.platform.engine.support.hierarchical.HierarchicalTestExecutor.execute(HierarchicalTestExecutor.java:57)
	at org.junit.platform.engine.support.hierarchical.HierarchicalTestEngine.execute(HierarchicalTestEngine.java:51)
	at org.junit.platform.launcher.core.DefaultLauncher.execute(DefaultLauncher.java:248)
	at org.junit.platform.launcher.core.DefaultLauncher.lambda$execute$5(DefaultLauncher.java:211)
	at org.junit.platform.launcher.core.DefaultLauncher$$Lambda$143/233996206.accept(Unknown Source)
	at org.junit.platform.launcher.core.DefaultLauncher.withInterceptedStreams(DefaultLauncher.java:226)
	at org.junit.platform.launcher.core.DefaultLauncher.execute(DefaultLauncher.java:199)
	at org.junit.platform.launcher.core.DefaultLauncher.execute(DefaultLauncher.java:132)
	at org.apache.maven.surefire.junitplatform.JUnitPlatformProvider.invokeAllTests(JUnitPlatformProvider.java:142)
	at org.apache.maven.surefire.junitplatform.JUnitPlatformProvider.invoke(JUnitPlatformProvider.java:113)
	at org.apache.maven.surefire.booter.ForkedBooter.invokeProviderInSameClassLoader(ForkedBooter.java:384)
	at org.apache.maven.surefire.booter.ForkedBooter.runSuitesInProcess(ForkedBooter.java:345)
	at org.apache.maven.surefire.booter.ForkedBooter.execute(ForkedBooter.java:126)
	at org.apache.maven.surefire.booter.ForkedBooter.main(ForkedBooter.java:418)
2021-11-08 11:18:31,719 [myid:] - INFO  [main:FourLetterWordMain@94] - connecting to 127.0.0.1 30188
2021-11-08 11:18:31,720 [myid:1] - WARN  [nioEventLoopGroup-84-11:NettyServerCnxnFactory$CnxnChannelHandler@231] - Zookeeper server is not running, close the connection before starting the TLS handshake
2021-11-08 11:18:31,735 [myid:] - INFO  [main:ClientBase@267] - server 127.0.0.1:30188 not up
java.net.SocketException: Software caused connection abort: recv failed
	at java.net.SocketInputStream.socketRead0(Native Method)
	at java.net.SocketInputStream.read(SocketInputStream.java:150)
	at java.net.SocketInputStream.read(SocketInputStream.java:121)
	at sun.nio.cs.StreamDecoder.readBytes(StreamDecoder.java:284)
	at sun.nio.cs.StreamDecoder.implRead(StreamDecoder.java:326)
	at sun.nio.cs.StreamDecoder.read(StreamDecoder.java:178)
	at java.io.InputStreamReader.read(InputStreamReader.java:184)
	at java.io.BufferedReader.fill(BufferedReader.java:161)
	at java.io.BufferedReader.readLine(BufferedReader.java:324)
	at java.io.BufferedReader.readLine(BufferedReader.java:389)
	at org.apache.zookeeper.client.FourLetterWordMain.send4LetterWord(FourLetterWordMain.java:129)
	at org.apache.zookeeper.client.FourLetterWordMain.send4LetterWord(FourLetterWordMain.java:74)
	at org.apache.zookeeper.test.ClientBase.waitForServerUp(ClientBase.java:258)
	at org.apache.zookeeper.test.ClientBase.waitForServerUp(ClientBase.java:249)
	at org.apache.zookeeper.server.quorum.QuorumSSLTest.testProtocolVersion(QuorumSSLTest.java:899)
	at sun.reflect.NativeMethodAccessorImpl.invoke0(Native Method)
	at sun.reflect.NativeMethodAccessorImpl.invoke(NativeMethodAccessorImpl.java:62)
	at sun.reflect.DelegatingMethodAccessorImpl.invoke(DelegatingMethodAccessorImpl.java:43)
	at java.lang.reflect.Method.invoke(Method.java:483)
	at org.junit.platform.commons.util.ReflectionUtils.invokeMethod(ReflectionUtils.java:686)
	at org.junit.jupiter.engine.execution.MethodInvocation.proceed(MethodInvocation.java:60)
	at org.junit.jupiter.engine.execution.InvocationInterceptorChain$ValidatingInvocation.proceed(InvocationInterceptorChain.java:131)
	at org.junit.jupiter.engine.extension.TimeoutInvocation.proceed(TimeoutInvocation.java:46)
	at org.junit.jupiter.engine.extension.TimeoutExtension.intercept(TimeoutExtension.java:149)
	at org.junit.jupiter.engine.extension.TimeoutExtension.interceptTestableMethod(TimeoutExtension.java:140)
	at org.junit.jupiter.engine.extension.TimeoutExtension.interceptTestMethod(TimeoutExtension.java:84)
	at org.junit.jupiter.engine.descriptor.TestMethodTestDescriptor$$Lambda$111/1780132728.apply(Unknown Source)
	at org.junit.jupiter.engine.execution.ExecutableInvoker$ReflectiveInterceptorCall.lambda$ofVoidMethod$0(ExecutableInvoker.java:115)
	at org.junit.jupiter.engine.execution.ExecutableInvoker$ReflectiveInterceptorCall$$Lambda$112/1725017993.apply(Unknown Source)
	at org.junit.jupiter.engine.execution.ExecutableInvoker.lambda$invoke$0(ExecutableInvoker.java:105)
	at org.junit.jupiter.engine.execution.ExecutableInvoker$$Lambda$234/64133603.apply(Unknown Source)
	at org.junit.jupiter.engine.execution.InvocationInterceptorChain$InterceptedInvocation.proceed(InvocationInterceptorChain.java:106)
	at org.junit.jupiter.engine.execution.InvocationInterceptorChain.proceed(InvocationInterceptorChain.java:64)
	at org.junit.jupiter.engine.execution.InvocationInterceptorChain.chainAndInvoke(InvocationInterceptorChain.java:45)
	at org.junit.jupiter.engine.execution.InvocationInterceptorChain.invoke(InvocationInterceptorChain.java:37)
	at org.junit.jupiter.engine.execution.ExecutableInvoker.invoke(ExecutableInvoker.java:104)
	at org.junit.jupiter.engine.execution.ExecutableInvoker.invoke(ExecutableInvoker.java:98)
	at org.junit.jupiter.engine.descriptor.TestMethodTestDescriptor.lambda$invokeTestMethod$6(TestMethodTestDescriptor.java:212)
	at org.junit.jupiter.engine.descriptor.TestMethodTestDescriptor$$Lambda$271/224100622.execute(Unknown Source)
	at org.junit.platform.engine.support.hierarchical.ThrowableCollector.execute(ThrowableCollector.java:73)
	at org.junit.jupiter.engine.descriptor.TestMethodTestDescriptor.invokeTestMethod(TestMethodTestDescriptor.java:208)
	at org.junit.jupiter.engine.descriptor.TestMethodTestDescriptor.execute(TestMethodTestDescriptor.java:137)
	at org.junit.jupiter.engine.descriptor.TestMethodTestDescriptor.execute(TestMethodTestDescriptor.java:71)
	at org.junit.platform.engine.support.hierarchical.NodeTestTask.lambda$executeRecursively$5(NodeTestTask.java:135)
	at org.junit.platform.engine.support.hierarchical.NodeTestTask$$Lambda$179/195615004.execute(Unknown Source)
	at org.junit.platform.engine.support.hierarchical.ThrowableCollector.execute(ThrowableCollector.java:73)
	at org.junit.platform.engine.support.hierarchical.NodeTestTask.lambda$executeRecursively$7(NodeTestTask.java:125)
	at org.junit.platform.engine.support.hierarchical.NodeTestTask$$Lambda$178/1890627974.invoke(Unknown Source)
	at org.junit.platform.engine.support.hierarchical.Node.around(Node.java:135)
	at org.junit.platform.engine.support.hierarchical.NodeTestTask.lambda$executeRecursively$8(NodeTestTask.java:123)
	at org.junit.platform.engine.support.hierarchical.NodeTestTask$$Lambda$177/231977479.execute(Unknown Source)
	at org.junit.platform.engine.support.hierarchical.ThrowableCollector.execute(ThrowableCollector.java:73)
	at org.junit.platform.engine.support.hierarchical.NodeTestTask.executeRecursively(NodeTestTask.java:122)
	at org.junit.platform.engine.support.hierarchical.NodeTestTask.execute(NodeTestTask.java:80)
	at org.junit.platform.engine.support.hierarchical.SameThreadHierarchicalTestExecutorService$$Lambda$183/1381713434.accept(Unknown Source)
	at java.util.ArrayList.forEach(ArrayList.java:1249)
	at org.junit.platform.engine.support.hierarchical.SameThreadHierarchicalTestExecutorService.invokeAll(SameThreadHierarchicalTestExecutorService.java:38)
	at org.junit.platform.engine.support.hierarchical.NodeTestTask.lambda$executeRecursively$5(NodeTestTask.java:139)
	at org.junit.platform.engine.support.hierarchical.NodeTestTask$$Lambda$179/195615004.execute(Unknown Source)
	at org.junit.platform.engine.support.hierarchical.ThrowableCollector.execute(ThrowableCollector.java:73)
	at org.junit.platform.engine.support.hierarchical.NodeTestTask.lambda$executeRecursively$7(NodeTestTask.java:125)
	at org.junit.platform.engine.support.hierarchical.NodeTestTask$$Lambda$178/1890627974.invoke(Unknown Source)
	at org.junit.platform.engine.support.hierarchical.Node.around(Node.java:135)
	at org.junit.platform.engine.support.hierarchical.NodeTestTask.lambda$executeRecursively$8(NodeTestTask.java:123)
	at org.junit.platform.engine.support.hierarchical.NodeTestTask$$Lambda$177/231977479.execute(Unknown Source)
	at org.junit.platform.engine.support.hierarchical.ThrowableCollector.execute(ThrowableCollector.java:73)
	at org.junit.platform.engine.support.hierarchical.NodeTestTask.executeRecursively(NodeTestTask.java:122)
	at org.junit.platform.engine.support.hierarchical.NodeTestTask.execute(NodeTestTask.java:80)
	at org.junit.platform.engine.support.hierarchical.SameThreadHierarchicalTestExecutorService$$Lambda$183/1381713434.accept(Unknown Source)
	at java.util.ArrayList.forEach(ArrayList.java:1249)
	at org.junit.platform.engine.support.hierarchical.SameThreadHierarchicalTestExecutorService.invokeAll(SameThreadHierarchicalTestExecutorService.java:38)
	at org.junit.platform.engine.support.hierarchical.NodeTestTask.lambda$executeRecursively$5(NodeTestTask.java:139)
	at org.junit.platform.engine.support.hierarchical.NodeTestTask$$Lambda$179/195615004.execute(Unknown Source)
	at org.junit.platform.engine.support.hierarchical.ThrowableCollector.execute(ThrowableCollector.java:73)
	at org.junit.platform.engine.support.hierarchical.NodeTestTask.lambda$executeRecursively$7(NodeTestTask.java:125)
	at org.junit.platform.engine.support.hierarchical.NodeTestTask$$Lambda$178/1890627974.invoke(Unknown Source)
	at org.junit.platform.engine.support.hierarchical.Node.around(Node.java:135)
	at org.junit.platform.engine.support.hierarchical.NodeTestTask.lambda$executeRecursively$8(NodeTestTask.java:123)
	at org.junit.platform.engine.support.hierarchical.NodeTestTask$$Lambda$177/231977479.execute(Unknown Source)
	at org.junit.platform.engine.support.hierarchical.ThrowableCollector.execute(ThrowableCollector.java:73)
	at org.junit.platform.engine.support.hierarchical.NodeTestTask.executeRecursively(NodeTestTask.java:122)
	at org.junit.platform.engine.support.hierarchical.NodeTestTask.execute(NodeTestTask.java:80)
	at org.junit.platform.engine.support.hierarchical.SameThreadHierarchicalTestExecutorService.submit(SameThreadHierarchicalTestExecutorService.java:32)
	at org.junit.platform.engine.support.hierarchical.HierarchicalTestExecutor.execute(HierarchicalTestExecutor.java:57)
	at org.junit.platform.engine.support.hierarchical.HierarchicalTestEngine.execute(HierarchicalTestEngine.java:51)
	at org.junit.platform.launcher.core.DefaultLauncher.execute(DefaultLauncher.java:248)
	at org.junit.platform.launcher.core.DefaultLauncher.lambda$execute$5(DefaultLauncher.java:211)
	at org.junit.platform.launcher.core.DefaultLauncher$$Lambda$143/233996206.accept(Unknown Source)
	at org.junit.platform.launcher.core.DefaultLauncher.withInterceptedStreams(DefaultLauncher.java:226)
	at org.junit.platform.launcher.core.DefaultLauncher.execute(DefaultLauncher.java:199)
	at org.junit.platform.launcher.core.DefaultLauncher.execute(DefaultLauncher.java:132)
	at org.apache.maven.surefire.junitplatform.JUnitPlatformProvider.invokeAllTests(JUnitPlatformProvider.java:142)
	at org.apache.maven.surefire.junitplatform.JUnitPlatformProvider.invoke(JUnitPlatformProvider.java:113)
	at org.apache.maven.surefire.booter.ForkedBooter.invokeProviderInSameClassLoader(ForkedBooter.java:384)
	at org.apache.maven.surefire.booter.ForkedBooter.runSuitesInProcess(ForkedBooter.java:345)
	at org.apache.maven.surefire.booter.ForkedBooter.execute(ForkedBooter.java:126)
	at org.apache.maven.surefire.booter.ForkedBooter.main(ForkedBooter.java:418)
2021-11-08 11:18:31,987 [myid:] - INFO  [main:FourLetterWordMain@94] - connecting to 127.0.0.1 30188
2021-11-08 11:18:31,987 [myid:1] - WARN  [nioEventLoopGroup-84-12:NettyServerCnxnFactory$CnxnChannelHandler@231] - Zookeeper server is not running, close the connection before starting the TLS handshake
2021-11-08 11:18:32,003 [myid:] - INFO  [main:ClientBase@267] - server 127.0.0.1:30188 not up
java.net.SocketException: Software caused connection abort: recv failed
	at java.net.SocketInputStream.socketRead0(Native Method)
	at java.net.SocketInputStream.read(SocketInputStream.java:150)
	at java.net.SocketInputStream.read(SocketInputStream.java:121)
	at sun.nio.cs.StreamDecoder.readBytes(StreamDecoder.java:284)
	at sun.nio.cs.StreamDecoder.implRead(StreamDecoder.java:326)
	at sun.nio.cs.StreamDecoder.read(StreamDecoder.java:178)
	at java.io.InputStreamReader.read(InputStreamReader.java:184)
	at java.io.BufferedReader.fill(BufferedReader.java:161)
	at java.io.BufferedReader.readLine(BufferedReader.java:324)
	at java.io.BufferedReader.readLine(BufferedReader.java:389)
	at org.apache.zookeeper.client.FourLetterWordMain.send4LetterWord(FourLetterWordMain.java:129)
	at org.apache.zookeeper.client.FourLetterWordMain.send4LetterWord(FourLetterWordMain.java:74)
	at org.apache.zookeeper.test.ClientBase.waitForServerUp(ClientBase.java:258)
	at org.apache.zookeeper.test.ClientBase.waitForServerUp(ClientBase.java:249)
	at org.apache.zookeeper.server.quorum.QuorumSSLTest.testProtocolVersion(QuorumSSLTest.java:899)
	at sun.reflect.NativeMethodAccessorImpl.invoke0(Native Method)
	at sun.reflect.NativeMethodAccessorImpl.invoke(NativeMethodAccessorImpl.java:62)
	at sun.reflect.DelegatingMethodAccessorImpl.invoke(DelegatingMethodAccessorImpl.java:43)
	at java.lang.reflect.Method.invoke(Method.java:483)
	at org.junit.platform.commons.util.ReflectionUtils.invokeMethod(ReflectionUtils.java:686)
	at org.junit.jupiter.engine.execution.MethodInvocation.proceed(MethodInvocation.java:60)
	at org.junit.jupiter.engine.execution.InvocationInterceptorChain$ValidatingInvocation.proceed(InvocationInterceptorChain.java:131)
	at org.junit.jupiter.engine.extension.TimeoutInvocation.proceed(TimeoutInvocation.java:46)
	at org.junit.jupiter.engine.extension.TimeoutExtension.intercept(TimeoutExtension.java:149)
	at org.junit.jupiter.engine.extension.TimeoutExtension.interceptTestableMethod(TimeoutExtension.java:140)
	at org.junit.jupiter.engine.extension.TimeoutExtension.interceptTestMethod(TimeoutExtension.java:84)
	at org.junit.jupiter.engine.descriptor.TestMethodTestDescriptor$$Lambda$111/1780132728.apply(Unknown Source)
	at org.junit.jupiter.engine.execution.ExecutableInvoker$ReflectiveInterceptorCall.lambda$ofVoidMethod$0(ExecutableInvoker.java:115)
	at org.junit.jupiter.engine.execution.ExecutableInvoker$ReflectiveInterceptorCall$$Lambda$112/1725017993.apply(Unknown Source)
	at org.junit.jupiter.engine.execution.ExecutableInvoker.lambda$invoke$0(ExecutableInvoker.java:105)
	at org.junit.jupiter.engine.execution.ExecutableInvoker$$Lambda$234/64133603.apply(Unknown Source)
	at org.junit.jupiter.engine.execution.InvocationInterceptorChain$InterceptedInvocation.proceed(InvocationInterceptorChain.java:106)
	at org.junit.jupiter.engine.execution.InvocationInterceptorChain.proceed(InvocationInterceptorChain.java:64)
	at org.junit.jupiter.engine.execution.InvocationInterceptorChain.chainAndInvoke(InvocationInterceptorChain.java:45)
	at org.junit.jupiter.engine.execution.InvocationInterceptorChain.invoke(InvocationInterceptorChain.java:37)
	at org.junit.jupiter.engine.execution.ExecutableInvoker.invoke(ExecutableInvoker.java:104)
	at org.junit.jupiter.engine.execution.ExecutableInvoker.invoke(ExecutableInvoker.java:98)
	at org.junit.jupiter.engine.descriptor.TestMethodTestDescriptor.lambda$invokeTestMethod$6(TestMethodTestDescriptor.java:212)
	at org.junit.jupiter.engine.descriptor.TestMethodTestDescriptor$$Lambda$271/224100622.execute(Unknown Source)
	at org.junit.platform.engine.support.hierarchical.ThrowableCollector.execute(ThrowableCollector.java:73)
	at org.junit.jupiter.engine.descriptor.TestMethodTestDescriptor.invokeTestMethod(TestMethodTestDescriptor.java:208)
	at org.junit.jupiter.engine.descriptor.TestMethodTestDescriptor.execute(TestMethodTestDescriptor.java:137)
	at org.junit.jupiter.engine.descriptor.TestMethodTestDescriptor.execute(TestMethodTestDescriptor.java:71)
	at org.junit.platform.engine.support.hierarchical.NodeTestTask.lambda$executeRecursively$5(NodeTestTask.java:135)
	at org.junit.platform.engine.support.hierarchical.NodeTestTask$$Lambda$179/195615004.execute(Unknown Source)
	at org.junit.platform.engine.support.hierarchical.ThrowableCollector.execute(ThrowableCollector.java:73)
	at org.junit.platform.engine.support.hierarchical.NodeTestTask.lambda$executeRecursively$7(NodeTestTask.java:125)
	at org.junit.platform.engine.support.hierarchical.NodeTestTask$$Lambda$178/1890627974.invoke(Unknown Source)
	at org.junit.platform.engine.support.hierarchical.Node.around(Node.java:135)
	at org.junit.platform.engine.support.hierarchical.NodeTestTask.lambda$executeRecursively$8(NodeTestTask.java:123)
	at org.junit.platform.engine.support.hierarchical.NodeTestTask$$Lambda$177/231977479.execute(Unknown Source)
	at org.junit.platform.engine.support.hierarchical.ThrowableCollector.execute(ThrowableCollector.java:73)
	at org.junit.platform.engine.support.hierarchical.NodeTestTask.executeRecursively(NodeTestTask.java:122)
	at org.junit.platform.engine.support.hierarchical.NodeTestTask.execute(NodeTestTask.java:80)
	at org.junit.platform.engine.support.hierarchical.SameThreadHierarchicalTestExecutorService$$Lambda$183/1381713434.accept(Unknown Source)
	at java.util.ArrayList.forEach(ArrayList.java:1249)
	at org.junit.platform.engine.support.hierarchical.SameThreadHierarchicalTestExecutorService.invokeAll(SameThreadHierarchicalTestExecutorService.java:38)
	at org.junit.platform.engine.support.hierarchical.NodeTestTask.lambda$executeRecursively$5(NodeTestTask.java:139)
	at org.junit.platform.engine.support.hierarchical.NodeTestTask$$Lambda$179/195615004.execute(Unknown Source)
	at org.junit.platform.engine.support.hierarchical.ThrowableCollector.execute(ThrowableCollector.java:73)
	at org.junit.platform.engine.support.hierarchical.NodeTestTask.lambda$executeRecursively$7(NodeTestTask.java:125)
	at org.junit.platform.engine.support.hierarchical.NodeTestTask$$Lambda$178/1890627974.invoke(Unknown Source)
	at org.junit.platform.engine.support.hierarchical.Node.around(Node.java:135)
	at org.junit.platform.engine.support.hierarchical.NodeTestTask.lambda$executeRecursively$8(NodeTestTask.java:123)
	at org.junit.platform.engine.support.hierarchical.NodeTestTask$$Lambda$177/231977479.execute(Unknown Source)
	at org.junit.platform.engine.support.hierarchical.ThrowableCollector.execute(ThrowableCollector.java:73)
	at org.junit.platform.engine.support.hierarchical.NodeTestTask.executeRecursively(NodeTestTask.java:122)
	at org.junit.platform.engine.support.hierarchical.NodeTestTask.execute(NodeTestTask.java:80)
	at org.junit.platform.engine.support.hierarchical.SameThreadHierarchicalTestExecutorService$$Lambda$183/1381713434.accept(Unknown Source)
	at java.util.ArrayList.forEach(ArrayList.java:1249)
	at org.junit.platform.engine.support.hierarchical.SameThreadHierarchicalTestExecutorService.invokeAll(SameThreadHierarchicalTestExecutorService.java:38)
	at org.junit.platform.engine.support.hierarchical.NodeTestTask.lambda$executeRecursively$5(NodeTestTask.java:139)
	at org.junit.platform.engine.support.hierarchical.NodeTestTask$$Lambda$179/195615004.execute(Unknown Source)
	at org.junit.platform.engine.support.hierarchical.ThrowableCollector.execute(ThrowableCollector.java:73)
	at org.junit.platform.engine.support.hierarchical.NodeTestTask.lambda$executeRecursively$7(NodeTestTask.java:125)
	at org.junit.platform.engine.support.hierarchical.NodeTestTask$$Lambda$178/1890627974.invoke(Unknown Source)
	at org.junit.platform.engine.support.hierarchical.Node.around(Node.java:135)
	at org.junit.platform.engine.support.hierarchical.NodeTestTask.lambda$executeRecursively$8(NodeTestTask.java:123)
	at org.junit.platform.engine.support.hierarchical.NodeTestTask$$Lambda$177/231977479.execute(Unknown Source)
	at org.junit.platform.engine.support.hierarchical.ThrowableCollector.execute(ThrowableCollector.java:73)
	at org.junit.platform.engine.support.hierarchical.NodeTestTask.executeRecursively(NodeTestTask.java:122)
	at org.junit.platform.engine.support.hierarchical.NodeTestTask.execute(NodeTestTask.java:80)
	at org.junit.platform.engine.support.hierarchical.SameThreadHierarchicalTestExecutorService.submit(SameThreadHierarchicalTestExecutorService.java:32)
	at org.junit.platform.engine.support.hierarchical.HierarchicalTestExecutor.execute(HierarchicalTestExecutor.java:57)
	at org.junit.platform.engine.support.hierarchical.HierarchicalTestEngine.execute(HierarchicalTestEngine.java:51)
	at org.junit.platform.launcher.core.DefaultLauncher.execute(DefaultLauncher.java:248)
	at org.junit.platform.launcher.core.DefaultLauncher.lambda$execute$5(DefaultLauncher.java:211)
	at org.junit.platform.launcher.core.DefaultLauncher$$Lambda$143/233996206.accept(Unknown Source)
	at org.junit.platform.launcher.core.DefaultLauncher.withInterceptedStreams(DefaultLauncher.java:226)
	at org.junit.platform.launcher.core.DefaultLauncher.execute(DefaultLauncher.java:199)
	at org.junit.platform.launcher.core.DefaultLauncher.execute(DefaultLauncher.java:132)
	at org.apache.maven.surefire.junitplatform.JUnitPlatformProvider.invokeAllTests(JUnitPlatformProvider.java:142)
	at org.apache.maven.surefire.junitplatform.JUnitPlatformProvider.invoke(JUnitPlatformProvider.java:113)
	at org.apache.maven.surefire.booter.ForkedBooter.invokeProviderInSameClassLoader(ForkedBooter.java:384)
	at org.apache.maven.surefire.booter.ForkedBooter.runSuitesInProcess(ForkedBooter.java:345)
	at org.apache.maven.surefire.booter.ForkedBooter.execute(ForkedBooter.java:126)
	at org.apache.maven.surefire.booter.ForkedBooter.main(ForkedBooter.java:418)
2021-11-08 11:18:32,253 [myid:] - INFO  [main:FourLetterWordMain@94] - connecting to 127.0.0.1 30188
2021-11-08 11:18:32,253 [myid:1] - WARN  [nioEventLoopGroup-84-1:NettyServerCnxnFactory$CnxnChannelHandler@231] - Zookeeper server is not running, close the connection before starting the TLS handshake
2021-11-08 11:18:32,269 [myid:] - INFO  [main:ClientBase@267] - server 127.0.0.1:30188 not up
java.net.SocketException: Software caused connection abort: recv failed
	at java.net.SocketInputStream.socketRead0(Native Method)
	at java.net.SocketInputStream.read(SocketInputStream.java:150)
	at java.net.SocketInputStream.read(SocketInputStream.java:121)
	at sun.nio.cs.StreamDecoder.readBytes(StreamDecoder.java:284)
	at sun.nio.cs.StreamDecoder.implRead(StreamDecoder.java:326)
	at sun.nio.cs.StreamDecoder.read(StreamDecoder.java:178)
	at java.io.InputStreamReader.read(InputStreamReader.java:184)
	at java.io.BufferedReader.fill(BufferedReader.java:161)
	at java.io.BufferedReader.readLine(BufferedReader.java:324)
	at java.io.BufferedReader.readLine(BufferedReader.java:389)
	at org.apache.zookeeper.client.FourLetterWordMain.send4LetterWord(FourLetterWordMain.java:129)
	at org.apache.zookeeper.client.FourLetterWordMain.send4LetterWord(FourLetterWordMain.java:74)
	at org.apache.zookeeper.test.ClientBase.waitForServerUp(ClientBase.java:258)
	at org.apache.zookeeper.test.ClientBase.waitForServerUp(ClientBase.java:249)
	at org.apache.zookeeper.server.quorum.QuorumSSLTest.testProtocolVersion(QuorumSSLTest.java:899)
	at sun.reflect.NativeMethodAccessorImpl.invoke0(Native Method)
	at sun.reflect.NativeMethodAccessorImpl.invoke(NativeMethodAccessorImpl.java:62)
	at sun.reflect.DelegatingMethodAccessorImpl.invoke(DelegatingMethodAccessorImpl.java:43)
	at java.lang.reflect.Method.invoke(Method.java:483)
	at org.junit.platform.commons.util.ReflectionUtils.invokeMethod(ReflectionUtils.java:686)
	at org.junit.jupiter.engine.execution.MethodInvocation.proceed(MethodInvocation.java:60)
	at org.junit.jupiter.engine.execution.InvocationInterceptorChain$ValidatingInvocation.proceed(InvocationInterceptorChain.java:131)
	at org.junit.jupiter.engine.extension.TimeoutInvocation.proceed(TimeoutInvocation.java:46)
	at org.junit.jupiter.engine.extension.TimeoutExtension.intercept(TimeoutExtension.java:149)
	at org.junit.jupiter.engine.extension.TimeoutExtension.interceptTestableMethod(TimeoutExtension.java:140)
	at org.junit.jupiter.engine.extension.TimeoutExtension.interceptTestMethod(TimeoutExtension.java:84)
	at org.junit.jupiter.engine.descriptor.TestMethodTestDescriptor$$Lambda$111/1780132728.apply(Unknown Source)
	at org.junit.jupiter.engine.execution.ExecutableInvoker$ReflectiveInterceptorCall.lambda$ofVoidMethod$0(ExecutableInvoker.java:115)
	at org.junit.jupiter.engine.execution.ExecutableInvoker$ReflectiveInterceptorCall$$Lambda$112/1725017993.apply(Unknown Source)
	at org.junit.jupiter.engine.execution.ExecutableInvoker.lambda$invoke$0(ExecutableInvoker.java:105)
	at org.junit.jupiter.engine.execution.ExecutableInvoker$$Lambda$234/64133603.apply(Unknown Source)
	at org.junit.jupiter.engine.execution.InvocationInterceptorChain$InterceptedInvocation.proceed(InvocationInterceptorChain.java:106)
	at org.junit.jupiter.engine.execution.InvocationInterceptorChain.proceed(InvocationInterceptorChain.java:64)
	at org.junit.jupiter.engine.execution.InvocationInterceptorChain.chainAndInvoke(InvocationInterceptorChain.java:45)
	at org.junit.jupiter.engine.execution.InvocationInterceptorChain.invoke(InvocationInterceptorChain.java:37)
	at org.junit.jupiter.engine.execution.ExecutableInvoker.invoke(ExecutableInvoker.java:104)
	at org.junit.jupiter.engine.execution.ExecutableInvoker.invoke(ExecutableInvoker.java:98)
	at org.junit.jupiter.engine.descriptor.TestMethodTestDescriptor.lambda$invokeTestMethod$6(TestMethodTestDescriptor.java:212)
	at org.junit.jupiter.engine.descriptor.TestMethodTestDescriptor$$Lambda$271/224100622.execute(Unknown Source)
	at org.junit.platform.engine.support.hierarchical.ThrowableCollector.execute(ThrowableCollector.java:73)
	at org.junit.jupiter.engine.descriptor.TestMethodTestDescriptor.invokeTestMethod(TestMethodTestDescriptor.java:208)
	at org.junit.jupiter.engine.descriptor.TestMethodTestDescriptor.execute(TestMethodTestDescriptor.java:137)
	at org.junit.jupiter.engine.descriptor.TestMethodTestDescriptor.execute(TestMethodTestDescriptor.java:71)
	at org.junit.platform.engine.support.hierarchical.NodeTestTask.lambda$executeRecursively$5(NodeTestTask.java:135)
	at org.junit.platform.engine.support.hierarchical.NodeTestTask$$Lambda$179/195615004.execute(Unknown Source)
	at org.junit.platform.engine.support.hierarchical.ThrowableCollector.execute(ThrowableCollector.java:73)
	at org.junit.platform.engine.support.hierarchical.NodeTestTask.lambda$executeRecursively$7(NodeTestTask.java:125)
	at org.junit.platform.engine.support.hierarchical.NodeTestTask$$Lambda$178/1890627974.invoke(Unknown Source)
	at org.junit.platform.engine.support.hierarchical.Node.around(Node.java:135)
	at org.junit.platform.engine.support.hierarchical.NodeTestTask.lambda$executeRecursively$8(NodeTestTask.java:123)
	at org.junit.platform.engine.support.hierarchical.NodeTestTask$$Lambda$177/231977479.execute(Unknown Source)
	at org.junit.platform.engine.support.hierarchical.ThrowableCollector.execute(ThrowableCollector.java:73)
	at org.junit.platform.engine.support.hierarchical.NodeTestTask.executeRecursively(NodeTestTask.java:122)
	at org.junit.platform.engine.support.hierarchical.NodeTestTask.execute(NodeTestTask.java:80)
	at org.junit.platform.engine.support.hierarchical.SameThreadHierarchicalTestExecutorService$$Lambda$183/1381713434.accept(Unknown Source)
	at java.util.ArrayList.forEach(ArrayList.java:1249)
	at org.junit.platform.engine.support.hierarchical.SameThreadHierarchicalTestExecutorService.invokeAll(SameThreadHierarchicalTestExecutorService.java:38)
	at org.junit.platform.engine.support.hierarchical.NodeTestTask.lambda$executeRecursively$5(NodeTestTask.java:139)
	at org.junit.platform.engine.support.hierarchical.NodeTestTask$$Lambda$179/195615004.execute(Unknown Source)
	at org.junit.platform.engine.support.hierarchical.ThrowableCollector.execute(ThrowableCollector.java:73)
	at org.junit.platform.engine.support.hierarchical.NodeTestTask.lambda$executeRecursively$7(NodeTestTask.java:125)
	at org.junit.platform.engine.support.hierarchical.NodeTestTask$$Lambda$178/1890627974.invoke(Unknown Source)
	at org.junit.platform.engine.support.hierarchical.Node.around(Node.java:135)
	at org.junit.platform.engine.support.hierarchical.NodeTestTask.lambda$executeRecursively$8(NodeTestTask.java:123)
	at org.junit.platform.engine.support.hierarchical.NodeTestTask$$Lambda$177/231977479.execute(Unknown Source)
	at org.junit.platform.engine.support.hierarchical.ThrowableCollector.execute(ThrowableCollector.java:73)
	at org.junit.platform.engine.support.hierarchical.NodeTestTask.executeRecursively(NodeTestTask.java:122)
	at org.junit.platform.engine.support.hierarchical.NodeTestTask.execute(NodeTestTask.java:80)
	at org.junit.platform.engine.support.hierarchical.SameThreadHierarchicalTestExecutorService$$Lambda$183/1381713434.accept(Unknown Source)
	at java.util.ArrayList.forEach(ArrayList.java:1249)
	at org.junit.platform.engine.support.hierarchical.SameThreadHierarchicalTestExecutorService.invokeAll(SameThreadHierarchicalTestExecutorService.java:38)
	at org.junit.platform.engine.support.hierarchical.NodeTestTask.lambda$executeRecursively$5(NodeTestTask.java:139)
	at org.junit.platform.engine.support.hierarchical.NodeTestTask$$Lambda$179/195615004.execute(Unknown Source)
	at org.junit.platform.engine.support.hierarchical.ThrowableCollector.execute(ThrowableCollector.java:73)
	at org.junit.platform.engine.support.hierarchical.NodeTestTask.lambda$executeRecursively$7(NodeTestTask.java:125)
	at org.junit.platform.engine.support.hierarchical.NodeTestTask$$Lambda$178/1890627974.invoke(Unknown Source)
	at org.junit.platform.engine.support.hierarchical.Node.around(Node.java:135)
	at org.junit.platform.engine.support.hierarchical.NodeTestTask.lambda$executeRecursively$8(NodeTestTask.java:123)
	at org.junit.platform.engine.support.hierarchical.NodeTestTask$$Lambda$177/231977479.execute(Unknown Source)
	at org.junit.platform.engine.support.hierarchical.ThrowableCollector.execute(ThrowableCollector.java:73)
	at org.junit.platform.engine.support.hierarchical.NodeTestTask.executeRecursively(NodeTestTask.java:122)
	at org.junit.platform.engine.support.hierarchical.NodeTestTask.execute(NodeTestTask.java:80)
	at org.junit.platform.engine.support.hierarchical.SameThreadHierarchicalTestExecutorService.submit(SameThreadHierarchicalTestExecutorService.java:32)
	at org.junit.platform.engine.support.hierarchical.HierarchicalTestExecutor.execute(HierarchicalTestExecutor.java:57)
	at org.junit.platform.engine.support.hierarchical.HierarchicalTestEngine.execute(HierarchicalTestEngine.java:51)
	at org.junit.platform.launcher.core.DefaultLauncher.execute(DefaultLauncher.java:248)
	at org.junit.platform.launcher.core.DefaultLauncher.lambda$execute$5(DefaultLauncher.java:211)
	at org.junit.platform.launcher.core.DefaultLauncher$$Lambda$143/233996206.accept(Unknown Source)
	at org.junit.platform.launcher.core.DefaultLauncher.withInterceptedStreams(DefaultLauncher.java:226)
	at org.junit.platform.launcher.core.DefaultLauncher.execute(DefaultLauncher.java:199)
	at org.junit.platform.launcher.core.DefaultLauncher.execute(DefaultLauncher.java:132)
	at org.apache.maven.surefire.junitplatform.JUnitPlatformProvider.invokeAllTests(JUnitPlatformProvider.java:142)
	at org.apache.maven.surefire.junitplatform.JUnitPlatformProvider.invoke(JUnitPlatformProvider.java:113)
	at org.apache.maven.surefire.booter.ForkedBooter.invokeProviderInSameClassLoader(ForkedBooter.java:384)
	at org.apache.maven.surefire.booter.ForkedBooter.runSuitesInProcess(ForkedBooter.java:345)
	at org.apache.maven.surefire.booter.ForkedBooter.execute(ForkedBooter.java:126)
	at org.apache.maven.surefire.booter.ForkedBooter.main(ForkedBooter.java:418)
2021-11-08 11:18:32,519 [myid:] - INFO  [main:FourLetterWordMain@94] - connecting to 127.0.0.1 30188
2021-11-08 11:18:32,519 [myid:1] - WARN  [nioEventLoopGroup-84-2:NettyServerCnxnFactory$CnxnChannelHandler@231] - Zookeeper server is not running, close the connection before starting the TLS handshake
2021-11-08 11:18:32,784 [myid:] - INFO  [main:FourLetterWordMain@94] - connecting to 127.0.0.1 30188
2021-11-08 11:18:32,785 [myid:1] - WARN  [nioEventLoopGroup-84-3:NettyServerCnxnFactory$CnxnChannelHandler@231] - Zookeeper server is not running, close the connection before starting the TLS handshake
2021-11-08 11:18:32,801 [myid:] - INFO  [main:ClientBase@267] - server 127.0.0.1:30188 not up
java.net.SocketException: Software caused connection abort: recv failed
	at java.net.SocketInputStream.socketRead0(Native Method)
	at java.net.SocketInputStream.read(SocketInputStream.java:150)
	at java.net.SocketInputStream.read(SocketInputStream.java:121)
	at sun.nio.cs.StreamDecoder.readBytes(StreamDecoder.java:284)
	at sun.nio.cs.StreamDecoder.implRead(StreamDecoder.java:326)
	at sun.nio.cs.StreamDecoder.read(StreamDecoder.java:178)
	at java.io.InputStreamReader.read(InputStreamReader.java:184)
	at java.io.BufferedReader.fill(BufferedReader.java:161)
	at java.io.BufferedReader.readLine(BufferedReader.java:324)
	at java.io.BufferedReader.readLine(BufferedReader.java:389)
	at org.apache.zookeeper.client.FourLetterWordMain.send4LetterWord(FourLetterWordMain.java:129)
	at org.apache.zookeeper.client.FourLetterWordMain.send4LetterWord(FourLetterWordMain.java:74)
	at org.apache.zookeeper.test.ClientBase.waitForServerUp(ClientBase.java:258)
	at org.apache.zookeeper.test.ClientBase.waitForServerUp(ClientBase.java:249)
	at org.apache.zookeeper.server.quorum.QuorumSSLTest.testProtocolVersion(QuorumSSLTest.java:899)
	at sun.reflect.NativeMethodAccessorImpl.invoke0(Native Method)
	at sun.reflect.NativeMethodAccessorImpl.invoke(NativeMethodAccessorImpl.java:62)
	at sun.reflect.DelegatingMethodAccessorImpl.invoke(DelegatingMethodAccessorImpl.java:43)
	at java.lang.reflect.Method.invoke(Method.java:483)
	at org.junit.platform.commons.util.ReflectionUtils.invokeMethod(ReflectionUtils.java:686)
	at org.junit.jupiter.engine.execution.MethodInvocation.proceed(MethodInvocation.java:60)
	at org.junit.jupiter.engine.execution.InvocationInterceptorChain$ValidatingInvocation.proceed(InvocationInterceptorChain.java:131)
	at org.junit.jupiter.engine.extension.TimeoutInvocation.proceed(TimeoutInvocation.java:46)
	at org.junit.jupiter.engine.extension.TimeoutExtension.intercept(TimeoutExtension.java:149)
	at org.junit.jupiter.engine.extension.TimeoutExtension.interceptTestableMethod(TimeoutExtension.java:140)
	at org.junit.jupiter.engine.extension.TimeoutExtension.interceptTestMethod(TimeoutExtension.java:84)
	at org.junit.jupiter.engine.descriptor.TestMethodTestDescriptor$$Lambda$111/1780132728.apply(Unknown Source)
	at org.junit.jupiter.engine.execution.ExecutableInvoker$ReflectiveInterceptorCall.lambda$ofVoidMethod$0(ExecutableInvoker.java:115)
	at org.junit.jupiter.engine.execution.ExecutableInvoker$ReflectiveInterceptorCall$$Lambda$112/1725017993.apply(Unknown Source)
	at org.junit.jupiter.engine.execution.ExecutableInvoker.lambda$invoke$0(ExecutableInvoker.java:105)
	at org.junit.jupiter.engine.execution.ExecutableInvoker$$Lambda$234/64133603.apply(Unknown Source)
	at org.junit.jupiter.engine.execution.InvocationInterceptorChain$InterceptedInvocation.proceed(InvocationInterceptorChain.java:106)
	at org.junit.jupiter.engine.execution.InvocationInterceptorChain.proceed(InvocationInterceptorChain.java:64)
	at org.junit.jupiter.engine.execution.InvocationInterceptorChain.chainAndInvoke(InvocationInterceptorChain.java:45)
	at org.junit.jupiter.engine.execution.InvocationInterceptorChain.invoke(InvocationInterceptorChain.java:37)
	at org.junit.jupiter.engine.execution.ExecutableInvoker.invoke(ExecutableInvoker.java:104)
	at org.junit.jupiter.engine.execution.ExecutableInvoker.invoke(ExecutableInvoker.java:98)
	at org.junit.jupiter.engine.descriptor.TestMethodTestDescriptor.lambda$invokeTestMethod$6(TestMethodTestDescriptor.java:212)
	at org.junit.jupiter.engine.descriptor.TestMethodTestDescriptor$$Lambda$271/224100622.execute(Unknown Source)
	at org.junit.platform.engine.support.hierarchical.ThrowableCollector.execute(ThrowableCollector.java:73)
	at org.junit.jupiter.engine.descriptor.TestMethodTestDescriptor.invokeTestMethod(TestMethodTestDescriptor.java:208)
	at org.junit.jupiter.engine.descriptor.TestMethodTestDescriptor.execute(TestMethodTestDescriptor.java:137)
	at org.junit.jupiter.engine.descriptor.TestMethodTestDescriptor.execute(TestMethodTestDescriptor.java:71)
	at org.junit.platform.engine.support.hierarchical.NodeTestTask.lambda$executeRecursively$5(NodeTestTask.java:135)
	at org.junit.platform.engine.support.hierarchical.NodeTestTask$$Lambda$179/195615004.execute(Unknown Source)
	at org.junit.platform.engine.support.hierarchical.ThrowableCollector.execute(ThrowableCollector.java:73)
	at org.junit.platform.engine.support.hierarchical.NodeTestTask.lambda$executeRecursively$7(NodeTestTask.java:125)
	at org.junit.platform.engine.support.hierarchical.NodeTestTask$$Lambda$178/1890627974.invoke(Unknown Source)
	at org.junit.platform.engine.support.hierarchical.Node.around(Node.java:135)
	at org.junit.platform.engine.support.hierarchical.NodeTestTask.lambda$executeRecursively$8(NodeTestTask.java:123)
	at org.junit.platform.engine.support.hierarchical.NodeTestTask$$Lambda$177/231977479.execute(Unknown Source)
	at org.junit.platform.engine.support.hierarchical.ThrowableCollector.execute(ThrowableCollector.java:73)
	at org.junit.platform.engine.support.hierarchical.NodeTestTask.executeRecursively(NodeTestTask.java:122)
	at org.junit.platform.engine.support.hierarchical.NodeTestTask.execute(NodeTestTask.java:80)
	at org.junit.platform.engine.support.hierarchical.SameThreadHierarchicalTestExecutorService$$Lambda$183/1381713434.accept(Unknown Source)
	at java.util.ArrayList.forEach(ArrayList.java:1249)
	at org.junit.platform.engine.support.hierarchical.SameThreadHierarchicalTestExecutorService.invokeAll(SameThreadHierarchicalTestExecutorService.java:38)
	at org.junit.platform.engine.support.hierarchical.NodeTestTask.lambda$executeRecursively$5(NodeTestTask.java:139)
	at org.junit.platform.engine.support.hierarchical.NodeTestTask$$Lambda$179/195615004.execute(Unknown Source)
	at org.junit.platform.engine.support.hierarchical.ThrowableCollector.execute(ThrowableCollector.java:73)
	at org.junit.platform.engine.support.hierarchical.NodeTestTask.lambda$executeRecursively$7(NodeTestTask.java:125)
	at org.junit.platform.engine.support.hierarchical.NodeTestTask$$Lambda$178/1890627974.invoke(Unknown Source)
	at org.junit.platform.engine.support.hierarchical.Node.around(Node.java:135)
	at org.junit.platform.engine.support.hierarchical.NodeTestTask.lambda$executeRecursively$8(NodeTestTask.java:123)
	at org.junit.platform.engine.support.hierarchical.NodeTestTask$$Lambda$177/231977479.execute(Unknown Source)
	at org.junit.platform.engine.support.hierarchical.ThrowableCollector.execute(ThrowableCollector.java:73)
	at org.junit.platform.engine.support.hierarchical.NodeTestTask.executeRecursively(NodeTestTask.java:122)
	at org.junit.platform.engine.support.hierarchical.NodeTestTask.execute(NodeTestTask.java:80)
	at org.junit.platform.engine.support.hierarchical.SameThreadHierarchicalTestExecutorService$$Lambda$183/1381713434.accept(Unknown Source)
	at java.util.ArrayList.forEach(ArrayList.java:1249)
	at org.junit.platform.engine.support.hierarchical.SameThreadHierarchicalTestExecutorService.invokeAll(SameThreadHierarchicalTestExecutorService.java:38)
	at org.junit.platform.engine.support.hierarchical.NodeTestTask.lambda$executeRecursively$5(NodeTestTask.java:139)
	at org.junit.platform.engine.support.hierarchical.NodeTestTask$$Lambda$179/195615004.execute(Unknown Source)
	at org.junit.platform.engine.support.hierarchical.ThrowableCollector.execute(ThrowableCollector.java:73)
	at org.junit.platform.engine.support.hierarchical.NodeTestTask.lambda$executeRecursively$7(NodeTestTask.java:125)
	at org.junit.platform.engine.support.hierarchical.NodeTestTask$$Lambda$178/1890627974.invoke(Unknown Source)
	at org.junit.platform.engine.support.hierarchical.Node.around(Node.java:135)
	at org.junit.platform.engine.support.hierarchical.NodeTestTask.lambda$executeRecursively$8(NodeTestTask.java:123)
	at org.junit.platform.engine.support.hierarchical.NodeTestTask$$Lambda$177/231977479.execute(Unknown Source)
	at org.junit.platform.engine.support.hierarchical.ThrowableCollector.execute(ThrowableCollector.java:73)
	at org.junit.platform.engine.support.hierarchical.NodeTestTask.executeRecursively(NodeTestTask.java:122)
	at org.junit.platform.engine.support.hierarchical.NodeTestTask.execute(NodeTestTask.java:80)
	at org.junit.platform.engine.support.hierarchical.SameThreadHierarchicalTestExecutorService.submit(SameThreadHierarchicalTestExecutorService.java:32)
	at org.junit.platform.engine.support.hierarchical.HierarchicalTestExecutor.execute(HierarchicalTestExecutor.java:57)
	at org.junit.platform.engine.support.hierarchical.HierarchicalTestEngine.execute(HierarchicalTestEngine.java:51)
	at org.junit.platform.launcher.core.DefaultLauncher.execute(DefaultLauncher.java:248)
	at org.junit.platform.launcher.core.DefaultLauncher.lambda$execute$5(DefaultLauncher.java:211)
	at org.junit.platform.launcher.core.DefaultLauncher$$Lambda$143/233996206.accept(Unknown Source)
	at org.junit.platform.launcher.core.DefaultLauncher.withInterceptedStreams(DefaultLauncher.java:226)
	at org.junit.platform.launcher.core.DefaultLauncher.execute(DefaultLauncher.java:199)
	at org.junit.platform.launcher.core.DefaultLauncher.execute(DefaultLauncher.java:132)
	at org.apache.maven.surefire.junitplatform.JUnitPlatformProvider.invokeAllTests(JUnitPlatformProvider.java:142)
	at org.apache.maven.surefire.junitplatform.JUnitPlatformProvider.invoke(JUnitPlatformProvider.java:113)
	at org.apache.maven.surefire.booter.ForkedBooter.invokeProviderInSameClassLoader(ForkedBooter.java:384)
	at org.apache.maven.surefire.booter.ForkedBooter.runSuitesInProcess(ForkedBooter.java:345)
	at org.apache.maven.surefire.booter.ForkedBooter.execute(ForkedBooter.java:126)
	at org.apache.maven.surefire.booter.ForkedBooter.main(ForkedBooter.java:418)
2021-11-08 11:18:33,066 [myid:] - INFO  [main:FourLetterWordMain@94] - connecting to 127.0.0.1 30188
2021-11-08 11:18:33,066 [myid:1] - WARN  [nioEventLoopGroup-84-4:NettyServerCnxnFactory$CnxnChannelHandler@231] - Zookeeper server is not running, close the connection before starting the TLS handshake
2021-11-08 11:18:33,330 [myid:] - INFO  [main:FourLetterWordMain@94] - connecting to 127.0.0.1 30188
2021-11-08 11:18:33,330 [myid:1] - WARN  [nioEventLoopGroup-84-5:NettyServerCnxnFactory$CnxnChannelHandler@231] - Zookeeper server is not running, close the connection before starting the TLS handshake
2021-11-08 11:18:33,595 [myid:] - INFO  [main:FourLetterWordMain@94] - connecting to 127.0.0.1 30188
2021-11-08 11:18:33,595 [myid:1] - WARN  [nioEventLoopGroup-84-6:NettyServerCnxnFactory$CnxnChannelHandler@231] - Zookeeper server is not running, close the connection before starting the TLS handshake
2021-11-08 11:18:33,846 [myid:] - INFO  [main:FourLetterWordMain@94] - connecting to 127.0.0.1 30188
2021-11-08 11:18:33,847 [myid:1] - WARN  [nioEventLoopGroup-84-7:NettyServerCnxnFactory$CnxnChannelHandler@231] - Zookeeper server is not running, close the connection before starting the TLS handshake
2021-11-08 11:18:34,097 [myid:] - INFO  [main:FourLetterWordMain@94] - connecting to 127.0.0.1 30188
2021-11-08 11:18:34,097 [myid:1] - WARN  [nioEventLoopGroup-84-8:NettyServerCnxnFactory$CnxnChannelHandler@231] - Zookeeper server is not running, close the connection before starting the TLS handshake
2021-11-08 11:18:34,349 [myid:] - INFO  [main:FourLetterWordMain@94] - connecting to 127.0.0.1 30188
2021-11-08 11:18:34,349 [myid:1] - WARN  [nioEventLoopGroup-84-9:NettyServerCnxnFactory$CnxnChannelHandler@231] - Zookeeper server is not running, close the connection before starting the TLS handshake
2021-11-08 11:18:34,364 [myid:] - INFO  [main:ClientBase@267] - server 127.0.0.1:30188 not up
java.net.SocketException: Software caused connection abort: recv failed
	at java.net.SocketInputStream.socketRead0(Native Method)
	at java.net.SocketInputStream.read(SocketInputStream.java:150)
	at java.net.SocketInputStream.read(SocketInputStream.java:121)
	at sun.nio.cs.StreamDecoder.readBytes(StreamDecoder.java:284)
	at sun.nio.cs.StreamDecoder.implRead(StreamDecoder.java:326)
	at sun.nio.cs.StreamDecoder.read(StreamDecoder.java:178)
	at java.io.InputStreamReader.read(InputStreamReader.java:184)
	at java.io.BufferedReader.fill(BufferedReader.java:161)
	at java.io.BufferedReader.readLine(BufferedReader.java:324)
	at java.io.BufferedReader.readLine(BufferedReader.java:389)
	at org.apache.zookeeper.client.FourLetterWordMain.send4LetterWord(FourLetterWordMain.java:129)
	at org.apache.zookeeper.client.FourLetterWordMain.send4LetterWord(FourLetterWordMain.java:74)
	at org.apache.zookeeper.test.ClientBase.waitForServerUp(ClientBase.java:258)
	at org.apache.zookeeper.test.ClientBase.waitForServerUp(ClientBase.java:249)
	at org.apache.zookeeper.server.quorum.QuorumSSLTest.testProtocolVersion(QuorumSSLTest.java:899)
	at sun.reflect.NativeMethodAccessorImpl.invoke0(Native Method)
	at sun.reflect.NativeMethodAccessorImpl.invoke(NativeMethodAccessorImpl.java:62)
	at sun.reflect.DelegatingMethodAccessorImpl.invoke(DelegatingMethodAccessorImpl.java:43)
	at java.lang.reflect.Method.invoke(Method.java:483)
	at org.junit.platform.commons.util.ReflectionUtils.invokeMethod(ReflectionUtils.java:686)
	at org.junit.jupiter.engine.execution.MethodInvocation.proceed(MethodInvocation.java:60)
	at org.junit.jupiter.engine.execution.InvocationInterceptorChain$ValidatingInvocation.proceed(InvocationInterceptorChain.java:131)
	at org.junit.jupiter.engine.extension.TimeoutInvocation.proceed(TimeoutInvocation.java:46)
	at org.junit.jupiter.engine.extension.TimeoutExtension.intercept(TimeoutExtension.java:149)
	at org.junit.jupiter.engine.extension.TimeoutExtension.interceptTestableMethod(TimeoutExtension.java:140)
	at org.junit.jupiter.engine.extension.TimeoutExtension.interceptTestMethod(TimeoutExtension.java:84)
	at org.junit.jupiter.engine.descriptor.TestMethodTestDescriptor$$Lambda$111/1780132728.apply(Unknown Source)
	at org.junit.jupiter.engine.execution.ExecutableInvoker$ReflectiveInterceptorCall.lambda$ofVoidMethod$0(ExecutableInvoker.java:115)
	at org.junit.jupiter.engine.execution.ExecutableInvoker$ReflectiveInterceptorCall$$Lambda$112/1725017993.apply(Unknown Source)
	at org.junit.jupiter.engine.execution.ExecutableInvoker.lambda$invoke$0(ExecutableInvoker.java:105)
	at org.junit.jupiter.engine.execution.ExecutableInvoker$$Lambda$234/64133603.apply(Unknown Source)
	at org.junit.jupiter.engine.execution.InvocationInterceptorChain$InterceptedInvocation.proceed(InvocationInterceptorChain.java:106)
	at org.junit.jupiter.engine.execution.InvocationInterceptorChain.proceed(InvocationInterceptorChain.java:64)
	at org.junit.jupiter.engine.execution.InvocationInterceptorChain.chainAndInvoke(InvocationInterceptorChain.java:45)
	at org.junit.jupiter.engine.execution.InvocationInterceptorChain.invoke(InvocationInterceptorChain.java:37)
	at org.junit.jupiter.engine.execution.ExecutableInvoker.invoke(ExecutableInvoker.java:104)
	at org.junit.jupiter.engine.execution.ExecutableInvoker.invoke(ExecutableInvoker.java:98)
	at org.junit.jupiter.engine.descriptor.TestMethodTestDescriptor.lambda$invokeTestMethod$6(TestMethodTestDescriptor.java:212)
	at org.junit.jupiter.engine.descriptor.TestMethodTestDescriptor$$Lambda$271/224100622.execute(Unknown Source)
	at org.junit.platform.engine.support.hierarchical.ThrowableCollector.execute(ThrowableCollector.java:73)
	at org.junit.jupiter.engine.descriptor.TestMethodTestDescriptor.invokeTestMethod(TestMethodTestDescriptor.java:208)
	at org.junit.jupiter.engine.descriptor.TestMethodTestDescriptor.execute(TestMethodTestDescriptor.java:137)
	at org.junit.jupiter.engine.descriptor.TestMethodTestDescriptor.execute(TestMethodTestDescriptor.java:71)
	at org.junit.platform.engine.support.hierarchical.NodeTestTask.lambda$executeRecursively$5(NodeTestTask.java:135)
	at org.junit.platform.engine.support.hierarchical.NodeTestTask$$Lambda$179/195615004.execute(Unknown Source)
	at org.junit.platform.engine.support.hierarchical.ThrowableCollector.execute(ThrowableCollector.java:73)
	at org.junit.platform.engine.support.hierarchical.NodeTestTask.lambda$executeRecursively$7(NodeTestTask.java:125)
	at org.junit.platform.engine.support.hierarchical.NodeTestTask$$Lambda$178/1890627974.invoke(Unknown Source)
	at org.junit.platform.engine.support.hierarchical.Node.around(Node.java:135)
	at org.junit.platform.engine.support.hierarchical.NodeTestTask.lambda$executeRecursively$8(NodeTestTask.java:123)
	at org.junit.platform.engine.support.hierarchical.NodeTestTask$$Lambda$177/231977479.execute(Unknown Source)
	at org.junit.platform.engine.support.hierarchical.ThrowableCollector.execute(ThrowableCollector.java:73)
	at org.junit.platform.engine.support.hierarchical.NodeTestTask.executeRecursively(NodeTestTask.java:122)
	at org.junit.platform.engine.support.hierarchical.NodeTestTask.execute(NodeTestTask.java:80)
	at org.junit.platform.engine.support.hierarchical.SameThreadHierarchicalTestExecutorService$$Lambda$183/1381713434.accept(Unknown Source)
	at java.util.ArrayList.forEach(ArrayList.java:1249)
	at org.junit.platform.engine.support.hierarchical.SameThreadHierarchicalTestExecutorService.invokeAll(SameThreadHierarchicalTestExecutorService.java:38)
	at org.junit.platform.engine.support.hierarchical.NodeTestTask.lambda$executeRecursively$5(NodeTestTask.java:139)
	at org.junit.platform.engine.support.hierarchical.NodeTestTask$$Lambda$179/195615004.execute(Unknown Source)
	at org.junit.platform.engine.support.hierarchical.ThrowableCollector.execute(ThrowableCollector.java:73)
	at org.junit.platform.engine.support.hierarchical.NodeTestTask.lambda$executeRecursively$7(NodeTestTask.java:125)
	at org.junit.platform.engine.support.hierarchical.NodeTestTask$$Lambda$178/1890627974.invoke(Unknown Source)
	at org.junit.platform.engine.support.hierarchical.Node.around(Node.java:135)
	at org.junit.platform.engine.support.hierarchical.NodeTestTask.lambda$executeRecursively$8(NodeTestTask.java:123)
	at org.junit.platform.engine.support.hierarchical.NodeTestTask$$Lambda$177/231977479.execute(Unknown Source)
	at org.junit.platform.engine.support.hierarchical.ThrowableCollector.execute(ThrowableCollector.java:73)
	at org.junit.platform.engine.support.hierarchical.NodeTestTask.executeRecursively(NodeTestTask.java:122)
	at org.junit.platform.engine.support.hierarchical.NodeTestTask.execute(NodeTestTask.java:80)
	at org.junit.platform.engine.support.hierarchical.SameThreadHierarchicalTestExecutorService$$Lambda$183/1381713434.accept(Unknown Source)
	at java.util.ArrayList.forEach(ArrayList.java:1249)
	at org.junit.platform.engine.support.hierarchical.SameThreadHierarchicalTestExecutorService.invokeAll(SameThreadHierarchicalTestExecutorService.java:38)
	at org.junit.platform.engine.support.hierarchical.NodeTestTask.lambda$executeRecursively$5(NodeTestTask.java:139)
	at org.junit.platform.engine.support.hierarchical.NodeTestTask$$Lambda$179/195615004.execute(Unknown Source)
	at org.junit.platform.engine.support.hierarchical.ThrowableCollector.execute(ThrowableCollector.java:73)
	at org.junit.platform.engine.support.hierarchical.NodeTestTask.lambda$executeRecursively$7(NodeTestTask.java:125)
	at org.junit.platform.engine.support.hierarchical.NodeTestTask$$Lambda$178/1890627974.invoke(Unknown Source)
	at org.junit.platform.engine.support.hierarchical.Node.around(Node.java:135)
	at org.junit.platform.engine.support.hierarchical.NodeTestTask.lambda$executeRecursively$8(NodeTestTask.java:123)
	at org.junit.platform.engine.support.hierarchical.NodeTestTask$$Lambda$177/231977479.execute(Unknown Source)
	at org.junit.platform.engine.support.hierarchical.ThrowableCollector.execute(ThrowableCollector.java:73)
	at org.junit.platform.engine.support.hierarchical.NodeTestTask.executeRecursively(NodeTestTask.java:122)
	at org.junit.platform.engine.support.hierarchical.NodeTestTask.execute(NodeTestTask.java:80)
	at org.junit.platform.engine.support.hierarchical.SameThreadHierarchicalTestExecutorService.submit(SameThreadHierarchicalTestExecutorService.java:32)
	at org.junit.platform.engine.support.hierarchical.HierarchicalTestExecutor.execute(HierarchicalTestExecutor.java:57)
	at org.junit.platform.engine.support.hierarchical.HierarchicalTestEngine.execute(HierarchicalTestEngine.java:51)
	at org.junit.platform.launcher.core.DefaultLauncher.execute(DefaultLauncher.java:248)
	at org.junit.platform.launcher.core.DefaultLauncher.lambda$execute$5(DefaultLauncher.java:211)
	at org.junit.platform.launcher.core.DefaultLauncher$$Lambda$143/233996206.accept(Unknown Source)
	at org.junit.platform.launcher.core.DefaultLauncher.withInterceptedStreams(DefaultLauncher.java:226)
	at org.junit.platform.launcher.core.DefaultLauncher.execute(DefaultLauncher.java:199)
	at org.junit.platform.launcher.core.DefaultLauncher.execute(DefaultLauncher.java:132)
	at org.apache.maven.surefire.junitplatform.JUnitPlatformProvider.invokeAllTests(JUnitPlatformProvider.java:142)
	at org.apache.maven.surefire.junitplatform.JUnitPlatformProvider.invoke(JUnitPlatformProvider.java:113)
	at org.apache.maven.surefire.booter.ForkedBooter.invokeProviderInSameClassLoader(ForkedBooter.java:384)
	at org.apache.maven.surefire.booter.ForkedBooter.runSuitesInProcess(ForkedBooter.java:345)
	at org.apache.maven.surefire.booter.ForkedBooter.execute(ForkedBooter.java:126)
	at org.apache.maven.surefire.booter.ForkedBooter.main(ForkedBooter.java:418)
2021-11-08 11:18:34,618 [myid:] - INFO  [main:FourLetterWordMain@94] - connecting to 127.0.0.1 30188
2021-11-08 11:18:34,619 [myid:1] - WARN  [nioEventLoopGroup-84-10:NettyServerCnxnFactory$CnxnChannelHandler@231] - Zookeeper server is not running, close the connection before starting the TLS handshake
2021-11-08 11:18:34,619 [myid:] - INFO  [main:ClientBase@267] - server 127.0.0.1:30188 not up
java.net.SocketException: Software caused connection abort: recv failed
	at java.net.SocketInputStream.socketRead0(Native Method)
	at java.net.SocketInputStream.read(SocketInputStream.java:150)
	at java.net.SocketInputStream.read(SocketInputStream.java:121)
	at sun.nio.cs.StreamDecoder.readBytes(StreamDecoder.java:284)
	at sun.nio.cs.StreamDecoder.implRead(StreamDecoder.java:326)
	at sun.nio.cs.StreamDecoder.read(StreamDecoder.java:178)
	at java.io.InputStreamReader.read(InputStreamReader.java:184)
	at java.io.BufferedReader.fill(BufferedReader.java:161)
	at java.io.BufferedReader.readLine(BufferedReader.java:324)
	at java.io.BufferedReader.readLine(BufferedReader.java:389)
	at org.apache.zookeeper.client.FourLetterWordMain.send4LetterWord(FourLetterWordMain.java:129)
	at org.apache.zookeeper.client.FourLetterWordMain.send4LetterWord(FourLetterWordMain.java:74)
	at org.apache.zookeeper.test.ClientBase.waitForServerUp(ClientBase.java:258)
	at org.apache.zookeeper.test.ClientBase.waitForServerUp(ClientBase.java:249)
	at org.apache.zookeeper.server.quorum.QuorumSSLTest.testProtocolVersion(QuorumSSLTest.java:899)
	at sun.reflect.NativeMethodAccessorImpl.invoke0(Native Method)
	at sun.reflect.NativeMethodAccessorImpl.invoke(NativeMethodAccessorImpl.java:62)
	at sun.reflect.DelegatingMethodAccessorImpl.invoke(DelegatingMethodAccessorImpl.java:43)
	at java.lang.reflect.Method.invoke(Method.java:483)
	at org.junit.platform.commons.util.ReflectionUtils.invokeMethod(ReflectionUtils.java:686)
	at org.junit.jupiter.engine.execution.MethodInvocation.proceed(MethodInvocation.java:60)
	at org.junit.jupiter.engine.execution.InvocationInterceptorChain$ValidatingInvocation.proceed(InvocationInterceptorChain.java:131)
	at org.junit.jupiter.engine.extension.TimeoutInvocation.proceed(TimeoutInvocation.java:46)
	at org.junit.jupiter.engine.extension.TimeoutExtension.intercept(TimeoutExtension.java:149)
	at org.junit.jupiter.engine.extension.TimeoutExtension.interceptTestableMethod(TimeoutExtension.java:140)
	at org.junit.jupiter.engine.extension.TimeoutExtension.interceptTestMethod(TimeoutExtension.java:84)
	at org.junit.jupiter.engine.descriptor.TestMethodTestDescriptor$$Lambda$111/1780132728.apply(Unknown Source)
	at org.junit.jupiter.engine.execution.ExecutableInvoker$ReflectiveInterceptorCall.lambda$ofVoidMethod$0(ExecutableInvoker.java:115)
	at org.junit.jupiter.engine.execution.ExecutableInvoker$ReflectiveInterceptorCall$$Lambda$112/1725017993.apply(Unknown Source)
	at org.junit.jupiter.engine.execution.ExecutableInvoker.lambda$invoke$0(ExecutableInvoker.java:105)
	at org.junit.jupiter.engine.execution.ExecutableInvoker$$Lambda$234/64133603.apply(Unknown Source)
	at org.junit.jupiter.engine.execution.InvocationInterceptorChain$InterceptedInvocation.proceed(InvocationInterceptorChain.java:106)
	at org.junit.jupiter.engine.execution.InvocationInterceptorChain.proceed(InvocationInterceptorChain.java:64)
	at org.junit.jupiter.engine.execution.InvocationInterceptorChain.chainAndInvoke(InvocationInterceptorChain.java:45)
	at org.junit.jupiter.engine.execution.InvocationInterceptorChain.invoke(InvocationInterceptorChain.java:37)
	at org.junit.jupiter.engine.execution.ExecutableInvoker.invoke(ExecutableInvoker.java:104)
	at org.junit.jupiter.engine.execution.ExecutableInvoker.invoke(ExecutableInvoker.java:98)
	at org.junit.jupiter.engine.descriptor.TestMethodTestDescriptor.lambda$invokeTestMethod$6(TestMethodTestDescriptor.java:212)
	at org.junit.jupiter.engine.descriptor.TestMethodTestDescriptor$$Lambda$271/224100622.execute(Unknown Source)
	at org.junit.platform.engine.support.hierarchical.ThrowableCollector.execute(ThrowableCollector.java:73)
	at org.junit.jupiter.engine.descriptor.TestMethodTestDescriptor.invokeTestMethod(TestMethodTestDescriptor.java:208)
	at org.junit.jupiter.engine.descriptor.TestMethodTestDescriptor.execute(TestMethodTestDescriptor.java:137)
	at org.junit.jupiter.engine.descriptor.TestMethodTestDescriptor.execute(TestMethodTestDescriptor.java:71)
	at org.junit.platform.engine.support.hierarchical.NodeTestTask.lambda$executeRecursively$5(NodeTestTask.java:135)
	at org.junit.platform.engine.support.hierarchical.NodeTestTask$$Lambda$179/195615004.execute(Unknown Source)
	at org.junit.platform.engine.support.hierarchical.ThrowableCollector.execute(ThrowableCollector.java:73)
	at org.junit.platform.engine.support.hierarchical.NodeTestTask.lambda$executeRecursively$7(NodeTestTask.java:125)
	at org.junit.platform.engine.support.hierarchical.NodeTestTask$$Lambda$178/1890627974.invoke(Unknown Source)
	at org.junit.platform.engine.support.hierarchical.Node.around(Node.java:135)
	at org.junit.platform.engine.support.hierarchical.NodeTestTask.lambda$executeRecursively$8(NodeTestTask.java:123)
	at org.junit.platform.engine.support.hierarchical.NodeTestTask$$Lambda$177/231977479.execute(Unknown Source)
	at org.junit.platform.engine.support.hierarchical.ThrowableCollector.execute(ThrowableCollector.java:73)
	at org.junit.platform.engine.support.hierarchical.NodeTestTask.executeRecursively(NodeTestTask.java:122)
	at org.junit.platform.engine.support.hierarchical.NodeTestTask.execute(NodeTestTask.java:80)
	at org.junit.platform.engine.support.hierarchical.SameThreadHierarchicalTestExecutorService$$Lambda$183/1381713434.accept(Unknown Source)
	at java.util.ArrayList.forEach(ArrayList.java:1249)
	at org.junit.platform.engine.support.hierarchical.SameThreadHierarchicalTestExecutorService.invokeAll(SameThreadHierarchicalTestExecutorService.java:38)
	at org.junit.platform.engine.support.hierarchical.NodeTestTask.lambda$executeRecursively$5(NodeTestTask.java:139)
	at org.junit.platform.engine.support.hierarchical.NodeTestTask$$Lambda$179/195615004.execute(Unknown Source)
	at org.junit.platform.engine.support.hierarchical.ThrowableCollector.execute(ThrowableCollector.java:73)
	at org.junit.platform.engine.support.hierarchical.NodeTestTask.lambda$executeRecursively$7(NodeTestTask.java:125)
	at org.junit.platform.engine.support.hierarchical.NodeTestTask$$Lambda$178/1890627974.invoke(Unknown Source)
	at org.junit.platform.engine.support.hierarchical.Node.around(Node.java:135)
	at org.junit.platform.engine.support.hierarchical.NodeTestTask.lambda$executeRecursively$8(NodeTestTask.java:123)
	at org.junit.platform.engine.support.hierarchical.NodeTestTask$$Lambda$177/231977479.execute(Unknown Source)
	at org.junit.platform.engine.support.hierarchical.ThrowableCollector.execute(ThrowableCollector.java:73)
	at org.junit.platform.engine.support.hierarchical.NodeTestTask.executeRecursively(NodeTestTask.java:122)
	at org.junit.platform.engine.support.hierarchical.NodeTestTask.execute(NodeTestTask.java:80)
	at org.junit.platform.engine.support.hierarchical.SameThreadHierarchicalTestExecutorService$$Lambda$183/1381713434.accept(Unknown Source)
	at java.util.ArrayList.forEach(ArrayList.java:1249)
	at org.junit.platform.engine.support.hierarchical.SameThreadHierarchicalTestExecutorService.invokeAll(SameThreadHierarchicalTestExecutorService.java:38)
	at org.junit.platform.engine.support.hierarchical.NodeTestTask.lambda$executeRecursively$5(NodeTestTask.java:139)
	at org.junit.platform.engine.support.hierarchical.NodeTestTask$$Lambda$179/195615004.execute(Unknown Source)
	at org.junit.platform.engine.support.hierarchical.ThrowableCollector.execute(ThrowableCollector.java:73)
	at org.junit.platform.engine.support.hierarchical.NodeTestTask.lambda$executeRecursively$7(NodeTestTask.java:125)
	at org.junit.platform.engine.support.hierarchical.NodeTestTask$$Lambda$178/1890627974.invoke(Unknown Source)
	at org.junit.platform.engine.support.hierarchical.Node.around(Node.java:135)
	at org.junit.platform.engine.support.hierarchical.NodeTestTask.lambda$executeRecursively$8(NodeTestTask.java:123)
	at org.junit.platform.engine.support.hierarchical.NodeTestTask$$Lambda$177/231977479.execute(Unknown Source)
	at org.junit.platform.engine.support.hierarchical.ThrowableCollector.execute(ThrowableCollector.java:73)
	at org.junit.platform.engine.support.hierarchical.NodeTestTask.executeRecursively(NodeTestTask.java:122)
	at org.junit.platform.engine.support.hierarchical.NodeTestTask.execute(NodeTestTask.java:80)
	at org.junit.platform.engine.support.hierarchical.SameThreadHierarchicalTestExecutorService.submit(SameThreadHierarchicalTestExecutorService.java:32)
	at org.junit.platform.engine.support.hierarchical.HierarchicalTestExecutor.execute(HierarchicalTestExecutor.java:57)
	at org.junit.platform.engine.support.hierarchical.HierarchicalTestEngine.execute(HierarchicalTestEngine.java:51)
	at org.junit.platform.launcher.core.DefaultLauncher.execute(DefaultLauncher.java:248)
	at org.junit.platform.launcher.core.DefaultLauncher.lambda$execute$5(DefaultLauncher.java:211)
	at org.junit.platform.launcher.core.DefaultLauncher$$Lambda$143/233996206.accept(Unknown Source)
	at org.junit.platform.launcher.core.DefaultLauncher.withInterceptedStreams(DefaultLauncher.java:226)
	at org.junit.platform.launcher.core.DefaultLauncher.execute(DefaultLauncher.java:199)
	at org.junit.platform.launcher.core.DefaultLauncher.execute(DefaultLauncher.java:132)
	at org.apache.maven.surefire.junitplatform.JUnitPlatformProvider.invokeAllTests(JUnitPlatformProvider.java:142)
	at org.apache.maven.surefire.junitplatform.JUnitPlatformProvider.invoke(JUnitPlatformProvider.java:113)
	at org.apache.maven.surefire.booter.ForkedBooter.invokeProviderInSameClassLoader(ForkedBooter.java:384)
	at org.apache.maven.surefire.booter.ForkedBooter.runSuitesInProcess(ForkedBooter.java:345)
	at org.apache.maven.surefire.booter.ForkedBooter.execute(ForkedBooter.java:126)
	at org.apache.maven.surefire.booter.ForkedBooter.main(ForkedBooter.java:418)
2021-11-08 11:18:34,871 [myid:] - INFO  [main:FourLetterWordMain@94] - connecting to 127.0.0.1 30188
2021-11-08 11:18:34,871 [myid:1] - WARN  [nioEventLoopGroup-84-11:NettyServerCnxnFactory$CnxnChannelHandler@231] - Zookeeper server is not running, close the connection before starting the TLS handshake
2021-11-08 11:18:35,122 [myid:] - INFO  [main:FourLetterWordMain@94] - connecting to 127.0.0.1 30188
2021-11-08 11:18:35,122 [myid:1] - WARN  [nioEventLoopGroup-84-12:NettyServerCnxnFactory$CnxnChannelHandler@231] - Zookeeper server is not running, close the connection before starting the TLS handshake
2021-11-08 11:18:35,123 [myid:] - INFO  [main:ClientBase@267] - server 127.0.0.1:30188 not up
java.net.SocketException: Software caused connection abort: recv failed
	at java.net.SocketInputStream.socketRead0(Native Method)
	at java.net.SocketInputStream.read(SocketInputStream.java:150)
	at java.net.SocketInputStream.read(SocketInputStream.java:121)
	at sun.nio.cs.StreamDecoder.readBytes(StreamDecoder.java:284)
	at sun.nio.cs.StreamDecoder.implRead(StreamDecoder.java:326)
	at sun.nio.cs.StreamDecoder.read(StreamDecoder.java:178)
	at java.io.InputStreamReader.read(InputStreamReader.java:184)
	at java.io.BufferedReader.fill(BufferedReader.java:161)
	at java.io.BufferedReader.readLine(BufferedReader.java:324)
	at java.io.BufferedReader.readLine(BufferedReader.java:389)
	at org.apache.zookeeper.client.FourLetterWordMain.send4LetterWord(FourLetterWordMain.java:129)
	at org.apache.zookeeper.client.FourLetterWordMain.send4LetterWord(FourLetterWordMain.java:74)
	at org.apache.zookeeper.test.ClientBase.waitForServerUp(ClientBase.java:258)
	at org.apache.zookeeper.test.ClientBase.waitForServerUp(ClientBase.java:249)
	at org.apache.zookeeper.server.quorum.QuorumSSLTest.testProtocolVersion(QuorumSSLTest.java:899)
	at sun.reflect.NativeMethodAccessorImpl.invoke0(Native Method)
	at sun.reflect.NativeMethodAccessorImpl.invoke(NativeMethodAccessorImpl.java:62)
	at sun.reflect.DelegatingMethodAccessorImpl.invoke(DelegatingMethodAccessorImpl.java:43)
	at java.lang.reflect.Method.invoke(Method.java:483)
	at org.junit.platform.commons.util.ReflectionUtils.invokeMethod(ReflectionUtils.java:686)
	at org.junit.jupiter.engine.execution.MethodInvocation.proceed(MethodInvocation.java:60)
	at org.junit.jupiter.engine.execution.InvocationInterceptorChain$ValidatingInvocation.proceed(InvocationInterceptorChain.java:131)
	at org.junit.jupiter.engine.extension.TimeoutInvocation.proceed(TimeoutInvocation.java:46)
	at org.junit.jupiter.engine.extension.TimeoutExtension.intercept(TimeoutExtension.java:149)
	at org.junit.jupiter.engine.extension.TimeoutExtension.interceptTestableMethod(TimeoutExtension.java:140)
	at org.junit.jupiter.engine.extension.TimeoutExtension.interceptTestMethod(TimeoutExtension.java:84)
	at org.junit.jupiter.engine.descriptor.TestMethodTestDescriptor$$Lambda$111/1780132728.apply(Unknown Source)
	at org.junit.jupiter.engine.execution.ExecutableInvoker$ReflectiveInterceptorCall.lambda$ofVoidMethod$0(ExecutableInvoker.java:115)
	at org.junit.jupiter.engine.execution.ExecutableInvoker$ReflectiveInterceptorCall$$Lambda$112/1725017993.apply(Unknown Source)
	at org.junit.jupiter.engine.execution.ExecutableInvoker.lambda$invoke$0(ExecutableInvoker.java:105)
	at org.junit.jupiter.engine.execution.ExecutableInvoker$$Lambda$234/64133603.apply(Unknown Source)
	at org.junit.jupiter.engine.execution.InvocationInterceptorChain$InterceptedInvocation.proceed(InvocationInterceptorChain.java:106)
	at org.junit.jupiter.engine.execution.InvocationInterceptorChain.proceed(InvocationInterceptorChain.java:64)
	at org.junit.jupiter.engine.execution.InvocationInterceptorChain.chainAndInvoke(InvocationInterceptorChain.java:45)
	at org.junit.jupiter.engine.execution.InvocationInterceptorChain.invoke(InvocationInterceptorChain.java:37)
	at org.junit.jupiter.engine.execution.ExecutableInvoker.invoke(ExecutableInvoker.java:104)
	at org.junit.jupiter.engine.execution.ExecutableInvoker.invoke(ExecutableInvoker.java:98)
	at org.junit.jupiter.engine.descriptor.TestMethodTestDescriptor.lambda$invokeTestMethod$6(TestMethodTestDescriptor.java:212)
	at org.junit.jupiter.engine.descriptor.TestMethodTestDescriptor$$Lambda$271/224100622.execute(Unknown Source)
	at org.junit.platform.engine.support.hierarchical.ThrowableCollector.execute(ThrowableCollector.java:73)
	at org.junit.jupiter.engine.descriptor.TestMethodTestDescriptor.invokeTestMethod(TestMethodTestDescriptor.java:208)
	at org.junit.jupiter.engine.descriptor.TestMethodTestDescriptor.execute(TestMethodTestDescriptor.java:137)
	at org.junit.jupiter.engine.descriptor.TestMethodTestDescriptor.execute(TestMethodTestDescriptor.java:71)
	at org.junit.platform.engine.support.hierarchical.NodeTestTask.lambda$executeRecursively$5(NodeTestTask.java:135)
	at org.junit.platform.engine.support.hierarchical.NodeTestTask$$Lambda$179/195615004.execute(Unknown Source)
	at org.junit.platform.engine.support.hierarchical.ThrowableCollector.execute(ThrowableCollector.java:73)
	at org.junit.platform.engine.support.hierarchical.NodeTestTask.lambda$executeRecursively$7(NodeTestTask.java:125)
	at org.junit.platform.engine.support.hierarchical.NodeTestTask$$Lambda$178/1890627974.invoke(Unknown Source)
	at org.junit.platform.engine.support.hierarchical.Node.around(Node.java:135)
	at org.junit.platform.engine.support.hierarchical.NodeTestTask.lambda$executeRecursively$8(NodeTestTask.java:123)
	at org.junit.platform.engine.support.hierarchical.NodeTestTask$$Lambda$177/231977479.execute(Unknown Source)
	at org.junit.platform.engine.support.hierarchical.ThrowableCollector.execute(ThrowableCollector.java:73)
	at org.junit.platform.engine.support.hierarchical.NodeTestTask.executeRecursively(NodeTestTask.java:122)
	at org.junit.platform.engine.support.hierarchical.NodeTestTask.execute(NodeTestTask.java:80)
	at org.junit.platform.engine.support.hierarchical.SameThreadHierarchicalTestExecutorService$$Lambda$183/1381713434.accept(Unknown Source)
	at java.util.ArrayList.forEach(ArrayList.java:1249)
	at org.junit.platform.engine.support.hierarchical.SameThreadHierarchicalTestExecutorService.invokeAll(SameThreadHierarchicalTestExecutorService.java:38)
	at org.junit.platform.engine.support.hierarchical.NodeTestTask.lambda$executeRecursively$5(NodeTestTask.java:139)
	at org.junit.platform.engine.support.hierarchical.NodeTestTask$$Lambda$179/195615004.execute(Unknown Source)
	at org.junit.platform.engine.support.hierarchical.ThrowableCollector.execute(ThrowableCollector.java:73)
	at org.junit.platform.engine.support.hierarchical.NodeTestTask.lambda$executeRecursively$7(NodeTestTask.java:125)
	at org.junit.platform.engine.support.hierarchical.NodeTestTask$$Lambda$178/1890627974.invoke(Unknown Source)
	at org.junit.platform.engine.support.hierarchical.Node.around(Node.java:135)
	at org.junit.platform.engine.support.hierarchical.NodeTestTask.lambda$executeRecursively$8(NodeTestTask.java:123)
	at org.junit.platform.engine.support.hierarchical.NodeTestTask$$Lambda$177/231977479.execute(Unknown Source)
	at org.junit.platform.engine.support.hierarchical.ThrowableCollector.execute(ThrowableCollector.java:73)
	at org.junit.platform.engine.support.hierarchical.NodeTestTask.executeRecursively(NodeTestTask.java:122)
	at org.junit.platform.engine.support.hierarchical.NodeTestTask.execute(NodeTestTask.java:80)
	at org.junit.platform.engine.support.hierarchical.SameThreadHierarchicalTestExecutorService$$Lambda$183/1381713434.accept(Unknown Source)
	at java.util.ArrayList.forEach(ArrayList.java:1249)
	at org.junit.platform.engine.support.hierarchical.SameThreadHierarchicalTestExecutorService.invokeAll(SameThreadHierarchicalTestExecutorService.java:38)
	at org.junit.platform.engine.support.hierarchical.NodeTestTask.lambda$executeRecursively$5(NodeTestTask.java:139)
	at org.junit.platform.engine.support.hierarchical.NodeTestTask$$Lambda$179/195615004.execute(Unknown Source)
	at org.junit.platform.engine.support.hierarchical.ThrowableCollector.execute(ThrowableCollector.java:73)
	at org.junit.platform.engine.support.hierarchical.NodeTestTask.lambda$executeRecursively$7(NodeTestTask.java:125)
	at org.junit.platform.engine.support.hierarchical.NodeTestTask$$Lambda$178/1890627974.invoke(Unknown Source)
	at org.junit.platform.engine.support.hierarchical.Node.around(Node.java:135)
	at org.junit.platform.engine.support.hierarchical.NodeTestTask.lambda$executeRecursively$8(NodeTestTask.java:123)
	at org.junit.platform.engine.support.hierarchical.NodeTestTask$$Lambda$177/231977479.execute(Unknown Source)
	at org.junit.platform.engine.support.hierarchical.ThrowableCollector.execute(ThrowableCollector.java:73)
	at org.junit.platform.engine.support.hierarchical.NodeTestTask.executeRecursively(NodeTestTask.java:122)
	at org.junit.platform.engine.support.hierarchical.NodeTestTask.execute(NodeTestTask.java:80)
	at org.junit.platform.engine.support.hierarchical.SameThreadHierarchicalTestExecutorService.submit(SameThreadHierarchicalTestExecutorService.java:32)
	at org.junit.platform.engine.support.hierarchical.HierarchicalTestExecutor.execute(HierarchicalTestExecutor.java:57)
	at org.junit.platform.engine.support.hierarchical.HierarchicalTestEngine.execute(HierarchicalTestEngine.java:51)
	at org.junit.platform.launcher.core.DefaultLauncher.execute(DefaultLauncher.java:248)
	at org.junit.platform.launcher.core.DefaultLauncher.lambda$execute$5(DefaultLauncher.java:211)
	at org.junit.platform.launcher.core.DefaultLauncher$$Lambda$143/233996206.accept(Unknown Source)
	at org.junit.platform.launcher.core.DefaultLauncher.withInterceptedStreams(DefaultLauncher.java:226)
	at org.junit.platform.launcher.core.DefaultLauncher.execute(DefaultLauncher.java:199)
	at org.junit.platform.launcher.core.DefaultLauncher.execute(DefaultLauncher.java:132)
	at org.apache.maven.surefire.junitplatform.JUnitPlatformProvider.invokeAllTests(JUnitPlatformProvider.java:142)
	at org.apache.maven.surefire.junitplatform.JUnitPlatformProvider.invoke(JUnitPlatformProvider.java:113)
	at org.apache.maven.surefire.booter.ForkedBooter.invokeProviderInSameClassLoader(ForkedBooter.java:384)
	at org.apache.maven.surefire.booter.ForkedBooter.runSuitesInProcess(ForkedBooter.java:345)
	at org.apache.maven.surefire.booter.ForkedBooter.execute(ForkedBooter.java:126)
	at org.apache.maven.surefire.booter.ForkedBooter.main(ForkedBooter.java:418)
2021-11-08 11:18:35,388 [myid:] - INFO  [main:FourLetterWordMain@94] - connecting to 127.0.0.1 30188
2021-11-08 11:18:35,390 [myid:1] - WARN  [nioEventLoopGroup-84-1:NettyServerCnxnFactory$CnxnChannelHandler@231] - Zookeeper server is not running, close the connection before starting the TLS handshake
2021-11-08 11:18:35,558 [myid:1] - INFO  [QuorumPeer[myid=1](plain=[0:0:0:0:0:0:0:0]:30188)(secure=disabled):FastLeaderElection@984] - Notification time out: 25600
2021-11-08 11:18:35,558 [myid:2] - INFO  [QuorumPeer[myid=2](plain=[0:0:0:0:0:0:0:0]:30189)(secure=disabled):FastLeaderElection@984] - Notification time out: 25600
2021-11-08 11:18:35,651 [myid:] - INFO  [main:FourLetterWordMain@94] - connecting to 127.0.0.1 30188
2021-11-08 11:18:35,651 [myid:1] - WARN  [nioEventLoopGroup-84-2:NettyServerCnxnFactory$CnxnChannelHandler@231] - Zookeeper server is not running, close the connection before starting the TLS handshake
2021-11-08 11:18:35,667 [myid:] - INFO  [main:ClientBase@267] - server 127.0.0.1:30188 not up
java.net.SocketException: Software caused connection abort: recv failed
	at java.net.SocketInputStream.socketRead0(Native Method)
	at java.net.SocketInputStream.read(SocketInputStream.java:150)
	at java.net.SocketInputStream.read(SocketInputStream.java:121)
	at sun.nio.cs.StreamDecoder.readBytes(StreamDecoder.java:284)
	at sun.nio.cs.StreamDecoder.implRead(StreamDecoder.java:326)
	at sun.nio.cs.StreamDecoder.read(StreamDecoder.java:178)
	at java.io.InputStreamReader.read(InputStreamReader.java:184)
	at java.io.BufferedReader.fill(BufferedReader.java:161)
	at java.io.BufferedReader.readLine(BufferedReader.java:324)
	at java.io.BufferedReader.readLine(BufferedReader.java:389)
	at org.apache.zookeeper.client.FourLetterWordMain.send4LetterWord(FourLetterWordMain.java:129)
	at org.apache.zookeeper.client.FourLetterWordMain.send4LetterWord(FourLetterWordMain.java:74)
	at org.apache.zookeeper.test.ClientBase.waitForServerUp(ClientBase.java:258)
	at org.apache.zookeeper.test.ClientBase.waitForServerUp(ClientBase.java:249)
	at org.apache.zookeeper.server.quorum.QuorumSSLTest.testProtocolVersion(QuorumSSLTest.java:899)
	at sun.reflect.NativeMethodAccessorImpl.invoke0(Native Method)
	at sun.reflect.NativeMethodAccessorImpl.invoke(NativeMethodAccessorImpl.java:62)
	at sun.reflect.DelegatingMethodAccessorImpl.invoke(DelegatingMethodAccessorImpl.java:43)
	at java.lang.reflect.Method.invoke(Method.java:483)
	at org.junit.platform.commons.util.ReflectionUtils.invokeMethod(ReflectionUtils.java:686)
	at org.junit.jupiter.engine.execution.MethodInvocation.proceed(MethodInvocation.java:60)
	at org.junit.jupiter.engine.execution.InvocationInterceptorChain$ValidatingInvocation.proceed(InvocationInterceptorChain.java:131)
	at org.junit.jupiter.engine.extension.TimeoutInvocation.proceed(TimeoutInvocation.java:46)
	at org.junit.jupiter.engine.extension.TimeoutExtension.intercept(TimeoutExtension.java:149)
	at org.junit.jupiter.engine.extension.TimeoutExtension.interceptTestableMethod(TimeoutExtension.java:140)
	at org.junit.jupiter.engine.extension.TimeoutExtension.interceptTestMethod(TimeoutExtension.java:84)
	at org.junit.jupiter.engine.descriptor.TestMethodTestDescriptor$$Lambda$111/1780132728.apply(Unknown Source)
	at org.junit.jupiter.engine.execution.ExecutableInvoker$ReflectiveInterceptorCall.lambda$ofVoidMethod$0(ExecutableInvoker.java:115)
	at org.junit.jupiter.engine.execution.ExecutableInvoker$ReflectiveInterceptorCall$$Lambda$112/1725017993.apply(Unknown Source)
	at org.junit.jupiter.engine.execution.ExecutableInvoker.lambda$invoke$0(ExecutableInvoker.java:105)
	at org.junit.jupiter.engine.execution.ExecutableInvoker$$Lambda$234/64133603.apply(Unknown Source)
	at org.junit.jupiter.engine.execution.InvocationInterceptorChain$InterceptedInvocation.proceed(InvocationInterceptorChain.java:106)
	at org.junit.jupiter.engine.execution.InvocationInterceptorChain.proceed(InvocationInterceptorChain.java:64)
	at org.junit.jupiter.engine.execution.InvocationInterceptorChain.chainAndInvoke(InvocationInterceptorChain.java:45)
	at org.junit.jupiter.engine.execution.InvocationInterceptorChain.invoke(InvocationInterceptorChain.java:37)
	at org.junit.jupiter.engine.execution.ExecutableInvoker.invoke(ExecutableInvoker.java:104)
	at org.junit.jupiter.engine.execution.ExecutableInvoker.invoke(ExecutableInvoker.java:98)
	at org.junit.jupiter.engine.descriptor.TestMethodTestDescriptor.lambda$invokeTestMethod$6(TestMethodTestDescriptor.java:212)
	at org.junit.jupiter.engine.descriptor.TestMethodTestDescriptor$$Lambda$271/224100622.execute(Unknown Source)
	at org.junit.platform.engine.support.hierarchical.ThrowableCollector.execute(ThrowableCollector.java:73)
	at org.junit.jupiter.engine.descriptor.TestMethodTestDescriptor.invokeTestMethod(TestMethodTestDescriptor.java:208)
	at org.junit.jupiter.engine.descriptor.TestMethodTestDescriptor.execute(TestMethodTestDescriptor.java:137)
	at org.junit.jupiter.engine.descriptor.TestMethodTestDescriptor.execute(TestMethodTestDescriptor.java:71)
	at org.junit.platform.engine.support.hierarchical.NodeTestTask.lambda$executeRecursively$5(NodeTestTask.java:135)
	at org.junit.platform.engine.support.hierarchical.NodeTestTask$$Lambda$179/195615004.execute(Unknown Source)
	at org.junit.platform.engine.support.hierarchical.ThrowableCollector.execute(ThrowableCollector.java:73)
	at org.junit.platform.engine.support.hierarchical.NodeTestTask.lambda$executeRecursively$7(NodeTestTask.java:125)
	at org.junit.platform.engine.support.hierarchical.NodeTestTask$$Lambda$178/1890627974.invoke(Unknown Source)
	at org.junit.platform.engine.support.hierarchical.Node.around(Node.java:135)
	at org.junit.platform.engine.support.hierarchical.NodeTestTask.lambda$executeRecursively$8(NodeTestTask.java:123)
	at org.junit.platform.engine.support.hierarchical.NodeTestTask$$Lambda$177/231977479.execute(Unknown Source)
	at org.junit.platform.engine.support.hierarchical.ThrowableCollector.execute(ThrowableCollector.java:73)
	at org.junit.platform.engine.support.hierarchical.NodeTestTask.executeRecursively(NodeTestTask.java:122)
	at org.junit.platform.engine.support.hierarchical.NodeTestTask.execute(NodeTestTask.java:80)
	at org.junit.platform.engine.support.hierarchical.SameThreadHierarchicalTestExecutorService$$Lambda$183/1381713434.accept(Unknown Source)
	at java.util.ArrayList.forEach(ArrayList.java:1249)
	at org.junit.platform.engine.support.hierarchical.SameThreadHierarchicalTestExecutorService.invokeAll(SameThreadHierarchicalTestExecutorService.java:38)
	at org.junit.platform.engine.support.hierarchical.NodeTestTask.lambda$executeRecursively$5(NodeTestTask.java:139)
	at org.junit.platform.engine.support.hierarchical.NodeTestTask$$Lambda$179/195615004.execute(Unknown Source)
	at org.junit.platform.engine.support.hierarchical.ThrowableCollector.execute(ThrowableCollector.java:73)
	at org.junit.platform.engine.support.hierarchical.NodeTestTask.lambda$executeRecursively$7(NodeTestTask.java:125)
	at org.junit.platform.engine.support.hierarchical.NodeTestTask$$Lambda$178/1890627974.invoke(Unknown Source)
	at org.junit.platform.engine.support.hierarchical.Node.around(Node.java:135)
	at org.junit.platform.engine.support.hierarchical.NodeTestTask.lambda$executeRecursively$8(NodeTestTask.java:123)
	at org.junit.platform.engine.support.hierarchical.NodeTestTask$$Lambda$177/231977479.execute(Unknown Source)
	at org.junit.platform.engine.support.hierarchical.ThrowableCollector.execute(ThrowableCollector.java:73)
	at org.junit.platform.engine.support.hierarchical.NodeTestTask.executeRecursively(NodeTestTask.java:122)
	at org.junit.platform.engine.support.hierarchical.NodeTestTask.execute(NodeTestTask.java:80)
	at org.junit.platform.engine.support.hierarchical.SameThreadHierarchicalTestExecutorService$$Lambda$183/1381713434.accept(Unknown Source)
	at java.util.ArrayList.forEach(ArrayList.java:1249)
	at org.junit.platform.engine.support.hierarchical.SameThreadHierarchicalTestExecutorService.invokeAll(SameThreadHierarchicalTestExecutorService.java:38)
	at org.junit.platform.engine.support.hierarchical.NodeTestTask.lambda$executeRecursively$5(NodeTestTask.java:139)
	at org.junit.platform.engine.support.hierarchical.NodeTestTask$$Lambda$179/195615004.execute(Unknown Source)
	at org.junit.platform.engine.support.hierarchical.ThrowableCollector.execute(ThrowableCollector.java:73)
	at org.junit.platform.engine.support.hierarchical.NodeTestTask.lambda$executeRecursively$7(NodeTestTask.java:125)
	at org.junit.platform.engine.support.hierarchical.NodeTestTask$$Lambda$178/1890627974.invoke(Unknown Source)
	at org.junit.platform.engine.support.hierarchical.Node.around(Node.java:135)
	at org.junit.platform.engine.support.hierarchical.NodeTestTask.lambda$executeRecursively$8(NodeTestTask.java:123)
	at org.junit.platform.engine.support.hierarchical.NodeTestTask$$Lambda$177/231977479.execute(Unknown Source)
	at org.junit.platform.engine.support.hierarchical.ThrowableCollector.execute(ThrowableCollector.java:73)
	at org.junit.platform.engine.support.hierarchical.NodeTestTask.executeRecursively(NodeTestTask.java:122)
	at org.junit.platform.engine.support.hierarchical.NodeTestTask.execute(NodeTestTask.java:80)
	at org.junit.platform.engine.support.hierarchical.SameThreadHierarchicalTestExecutorService.submit(SameThreadHierarchicalTestExecutorService.java:32)
	at org.junit.platform.engine.support.hierarchical.HierarchicalTestExecutor.execute(HierarchicalTestExecutor.java:57)
	at org.junit.platform.engine.support.hierarchical.HierarchicalTestEngine.execute(HierarchicalTestEngine.java:51)
	at org.junit.platform.launcher.core.DefaultLauncher.execute(DefaultLauncher.java:248)
	at org.junit.platform.launcher.core.DefaultLauncher.lambda$execute$5(DefaultLauncher.java:211)
	at org.junit.platform.launcher.core.DefaultLauncher$$Lambda$143/233996206.accept(Unknown Source)
	at org.junit.platform.launcher.core.DefaultLauncher.withInterceptedStreams(DefaultLauncher.java:226)
	at org.junit.platform.launcher.core.DefaultLauncher.execute(DefaultLauncher.java:199)
	at org.junit.platform.launcher.core.DefaultLauncher.execute(DefaultLauncher.java:132)
	at org.apache.maven.surefire.junitplatform.JUnitPlatformProvider.invokeAllTests(JUnitPlatformProvider.java:142)
	at org.apache.maven.surefire.junitplatform.JUnitPlatformProvider.invoke(JUnitPlatformProvider.java:113)
	at org.apache.maven.surefire.booter.ForkedBooter.invokeProviderInSameClassLoader(ForkedBooter.java:384)
	at org.apache.maven.surefire.booter.ForkedBooter.runSuitesInProcess(ForkedBooter.java:345)
	at org.apache.maven.surefire.booter.ForkedBooter.execute(ForkedBooter.java:126)
	at org.apache.maven.surefire.booter.ForkedBooter.main(ForkedBooter.java:418)
2021-11-08 11:18:35,932 [myid:] - INFO  [main:FourLetterWordMain@94] - connecting to 127.0.0.1 30188
2021-11-08 11:18:35,934 [myid:1] - WARN  [nioEventLoopGroup-84-3:NettyServerCnxnFactory$CnxnChannelHandler@231] - Zookeeper server is not running, close the connection before starting the TLS handshake
2021-11-08 11:18:36,196 [myid:] - INFO  [main:FourLetterWordMain@94] - connecting to 127.0.0.1 30188
2021-11-08 11:18:36,196 [myid:1] - WARN  [nioEventLoopGroup-84-4:NettyServerCnxnFactory$CnxnChannelHandler@231] - Zookeeper server is not running, close the connection before starting the TLS handshake
2021-11-08 11:18:36,212 [myid:] - INFO  [main:ClientBase@267] - server 127.0.0.1:30188 not up
java.net.SocketException: Software caused connection abort: recv failed
	at java.net.SocketInputStream.socketRead0(Native Method)
	at java.net.SocketInputStream.read(SocketInputStream.java:150)
	at java.net.SocketInputStream.read(SocketInputStream.java:121)
	at sun.nio.cs.StreamDecoder.readBytes(StreamDecoder.java:284)
	at sun.nio.cs.StreamDecoder.implRead(StreamDecoder.java:326)
	at sun.nio.cs.StreamDecoder.read(StreamDecoder.java:178)
	at java.io.InputStreamReader.read(InputStreamReader.java:184)
	at java.io.BufferedReader.fill(BufferedReader.java:161)
	at java.io.BufferedReader.readLine(BufferedReader.java:324)
	at java.io.BufferedReader.readLine(BufferedReader.java:389)
	at org.apache.zookeeper.client.FourLetterWordMain.send4LetterWord(FourLetterWordMain.java:129)
	at org.apache.zookeeper.client.FourLetterWordMain.send4LetterWord(FourLetterWordMain.java:74)
	at org.apache.zookeeper.test.ClientBase.waitForServerUp(ClientBase.java:258)
	at org.apache.zookeeper.test.ClientBase.waitForServerUp(ClientBase.java:249)
	at org.apache.zookeeper.server.quorum.QuorumSSLTest.testProtocolVersion(QuorumSSLTest.java:899)
	at sun.reflect.NativeMethodAccessorImpl.invoke0(Native Method)
	at sun.reflect.NativeMethodAccessorImpl.invoke(NativeMethodAccessorImpl.java:62)
	at sun.reflect.DelegatingMethodAccessorImpl.invoke(DelegatingMethodAccessorImpl.java:43)
	at java.lang.reflect.Method.invoke(Method.java:483)
	at org.junit.platform.commons.util.ReflectionUtils.invokeMethod(ReflectionUtils.java:686)
	at org.junit.jupiter.engine.execution.MethodInvocation.proceed(MethodInvocation.java:60)
	at org.junit.jupiter.engine.execution.InvocationInterceptorChain$ValidatingInvocation.proceed(InvocationInterceptorChain.java:131)
	at org.junit.jupiter.engine.extension.TimeoutInvocation.proceed(TimeoutInvocation.java:46)
	at org.junit.jupiter.engine.extension.TimeoutExtension.intercept(TimeoutExtension.java:149)
	at org.junit.jupiter.engine.extension.TimeoutExtension.interceptTestableMethod(TimeoutExtension.java:140)
	at org.junit.jupiter.engine.extension.TimeoutExtension.interceptTestMethod(TimeoutExtension.java:84)
	at org.junit.jupiter.engine.descriptor.TestMethodTestDescriptor$$Lambda$111/1780132728.apply(Unknown Source)
	at org.junit.jupiter.engine.execution.ExecutableInvoker$ReflectiveInterceptorCall.lambda$ofVoidMethod$0(ExecutableInvoker.java:115)
	at org.junit.jupiter.engine.execution.ExecutableInvoker$ReflectiveInterceptorCall$$Lambda$112/1725017993.apply(Unknown Source)
	at org.junit.jupiter.engine.execution.ExecutableInvoker.lambda$invoke$0(ExecutableInvoker.java:105)
	at org.junit.jupiter.engine.execution.ExecutableInvoker$$Lambda$234/64133603.apply(Unknown Source)
	at org.junit.jupiter.engine.execution.InvocationInterceptorChain$InterceptedInvocation.proceed(InvocationInterceptorChain.java:106)
	at org.junit.jupiter.engine.execution.InvocationInterceptorChain.proceed(InvocationInterceptorChain.java:64)
	at org.junit.jupiter.engine.execution.InvocationInterceptorChain.chainAndInvoke(InvocationInterceptorChain.java:45)
	at org.junit.jupiter.engine.execution.InvocationInterceptorChain.invoke(InvocationInterceptorChain.java:37)
	at org.junit.jupiter.engine.execution.ExecutableInvoker.invoke(ExecutableInvoker.java:104)
	at org.junit.jupiter.engine.execution.ExecutableInvoker.invoke(ExecutableInvoker.java:98)
	at org.junit.jupiter.engine.descriptor.TestMethodTestDescriptor.lambda$invokeTestMethod$6(TestMethodTestDescriptor.java:212)
	at org.junit.jupiter.engine.descriptor.TestMethodTestDescriptor$$Lambda$271/224100622.execute(Unknown Source)
	at org.junit.platform.engine.support.hierarchical.ThrowableCollector.execute(ThrowableCollector.java:73)
	at org.junit.jupiter.engine.descriptor.TestMethodTestDescriptor.invokeTestMethod(TestMethodTestDescriptor.java:208)
	at org.junit.jupiter.engine.descriptor.TestMethodTestDescriptor.execute(TestMethodTestDescriptor.java:137)
	at org.junit.jupiter.engine.descriptor.TestMethodTestDescriptor.execute(TestMethodTestDescriptor.java:71)
	at org.junit.platform.engine.support.hierarchical.NodeTestTask.lambda$executeRecursively$5(NodeTestTask.java:135)
	at org.junit.platform.engine.support.hierarchical.NodeTestTask$$Lambda$179/195615004.execute(Unknown Source)
	at org.junit.platform.engine.support.hierarchical.ThrowableCollector.execute(ThrowableCollector.java:73)
	at org.junit.platform.engine.support.hierarchical.NodeTestTask.lambda$executeRecursively$7(NodeTestTask.java:125)
	at org.junit.platform.engine.support.hierarchical.NodeTestTask$$Lambda$178/1890627974.invoke(Unknown Source)
	at org.junit.platform.engine.support.hierarchical.Node.around(Node.java:135)
	at org.junit.platform.engine.support.hierarchical.NodeTestTask.lambda$executeRecursively$8(NodeTestTask.java:123)
	at org.junit.platform.engine.support.hierarchical.NodeTestTask$$Lambda$177/231977479.execute(Unknown Source)
	at org.junit.platform.engine.support.hierarchical.ThrowableCollector.execute(ThrowableCollector.java:73)
	at org.junit.platform.engine.support.hierarchical.NodeTestTask.executeRecursively(NodeTestTask.java:122)
	at org.junit.platform.engine.support.hierarchical.NodeTestTask.execute(NodeTestTask.java:80)
	at org.junit.platform.engine.support.hierarchical.SameThreadHierarchicalTestExecutorService$$Lambda$183/1381713434.accept(Unknown Source)
	at java.util.ArrayList.forEach(ArrayList.java:1249)
	at org.junit.platform.engine.support.hierarchical.SameThreadHierarchicalTestExecutorService.invokeAll(SameThreadHierarchicalTestExecutorService.java:38)
	at org.junit.platform.engine.support.hierarchical.NodeTestTask.lambda$executeRecursively$5(NodeTestTask.java:139)
	at org.junit.platform.engine.support.hierarchical.NodeTestTask$$Lambda$179/195615004.execute(Unknown Source)
	at org.junit.platform.engine.support.hierarchical.ThrowableCollector.execute(ThrowableCollector.java:73)
	at org.junit.platform.engine.support.hierarchical.NodeTestTask.lambda$executeRecursively$7(NodeTestTask.java:125)
	at org.junit.platform.engine.support.hierarchical.NodeTestTask$$Lambda$178/1890627974.invoke(Unknown Source)
	at org.junit.platform.engine.support.hierarchical.Node.around(Node.java:135)
	at org.junit.platform.engine.support.hierarchical.NodeTestTask.lambda$executeRecursively$8(NodeTestTask.java:123)
	at org.junit.platform.engine.support.hierarchical.NodeTestTask$$Lambda$177/231977479.execute(Unknown Source)
	at org.junit.platform.engine.support.hierarchical.ThrowableCollector.execute(ThrowableCollector.java:73)
	at org.junit.platform.engine.support.hierarchical.NodeTestTask.executeRecursively(NodeTestTask.java:122)
	at org.junit.platform.engine.support.hierarchical.NodeTestTask.execute(NodeTestTask.java:80)
	at org.junit.platform.engine.support.hierarchical.SameThreadHierarchicalTestExecutorService$$Lambda$183/1381713434.accept(Unknown Source)
	at java.util.ArrayList.forEach(ArrayList.java:1249)
	at org.junit.platform.engine.support.hierarchical.SameThreadHierarchicalTestExecutorService.invokeAll(SameThreadHierarchicalTestExecutorService.java:38)
	at org.junit.platform.engine.support.hierarchical.NodeTestTask.lambda$executeRecursively$5(NodeTestTask.java:139)
	at org.junit.platform.engine.support.hierarchical.NodeTestTask$$Lambda$179/195615004.execute(Unknown Source)
	at org.junit.platform.engine.support.hierarchical.ThrowableCollector.execute(ThrowableCollector.java:73)
	at org.junit.platform.engine.support.hierarchical.NodeTestTask.lambda$executeRecursively$7(NodeTestTask.java:125)
	at org.junit.platform.engine.support.hierarchical.NodeTestTask$$Lambda$178/1890627974.invoke(Unknown Source)
	at org.junit.platform.engine.support.hierarchical.Node.around(Node.java:135)
	at org.junit.platform.engine.support.hierarchical.NodeTestTask.lambda$executeRecursively$8(NodeTestTask.java:123)
	at org.junit.platform.engine.support.hierarchical.NodeTestTask$$Lambda$177/231977479.execute(Unknown Source)
	at org.junit.platform.engine.support.hierarchical.ThrowableCollector.execute(ThrowableCollector.java:73)
	at org.junit.platform.engine.support.hierarchical.NodeTestTask.executeRecursively(NodeTestTask.java:122)
	at org.junit.platform.engine.support.hierarchical.NodeTestTask.execute(NodeTestTask.java:80)
	at org.junit.platform.engine.support.hierarchical.SameThreadHierarchicalTestExecutorService.submit(SameThreadHierarchicalTestExecutorService.java:32)
	at org.junit.platform.engine.support.hierarchical.HierarchicalTestExecutor.execute(HierarchicalTestExecutor.java:57)
	at org.junit.platform.engine.support.hierarchical.HierarchicalTestEngine.execute(HierarchicalTestEngine.java:51)
	at org.junit.platform.launcher.core.DefaultLauncher.execute(DefaultLauncher.java:248)
	at org.junit.platform.launcher.core.DefaultLauncher.lambda$execute$5(DefaultLauncher.java:211)
	at org.junit.platform.launcher.core.DefaultLauncher$$Lambda$143/233996206.accept(Unknown Source)
	at org.junit.platform.launcher.core.DefaultLauncher.withInterceptedStreams(DefaultLauncher.java:226)
	at org.junit.platform.launcher.core.DefaultLauncher.execute(DefaultLauncher.java:199)
	at org.junit.platform.launcher.core.DefaultLauncher.execute(DefaultLauncher.java:132)
	at org.apache.maven.surefire.junitplatform.JUnitPlatformProvider.invokeAllTests(JUnitPlatformProvider.java:142)
	at org.apache.maven.surefire.junitplatform.JUnitPlatformProvider.invoke(JUnitPlatformProvider.java:113)
	at org.apache.maven.surefire.booter.ForkedBooter.invokeProviderInSameClassLoader(ForkedBooter.java:384)
	at org.apache.maven.surefire.booter.ForkedBooter.runSuitesInProcess(ForkedBooter.java:345)
	at org.apache.maven.surefire.booter.ForkedBooter.execute(ForkedBooter.java:126)
	at org.apache.maven.surefire.booter.ForkedBooter.main(ForkedBooter.java:418)
2021-11-08 11:18:36,475 [myid:] - INFO  [main:FourLetterWordMain@94] - connecting to 127.0.0.1 30188
2021-11-08 11:18:36,476 [myid:1] - WARN  [nioEventLoopGroup-84-5:NettyServerCnxnFactory$CnxnChannelHandler@231] - Zookeeper server is not running, close the connection before starting the TLS handshake
2021-11-08 11:18:36,727 [myid:] - INFO  [main:FourLetterWordMain@94] - connecting to 127.0.0.1 30188
2021-11-08 11:18:36,727 [myid:1] - WARN  [nioEventLoopGroup-84-6:NettyServerCnxnFactory$CnxnChannelHandler@231] - Zookeeper server is not running, close the connection before starting the TLS handshake
2021-11-08 11:18:36,743 [myid:] - INFO  [main:ClientBase@267] - server 127.0.0.1:30188 not up
java.net.SocketException: Software caused connection abort: recv failed
	at java.net.SocketInputStream.socketRead0(Native Method)
	at java.net.SocketInputStream.read(SocketInputStream.java:150)
	at java.net.SocketInputStream.read(SocketInputStream.java:121)
	at sun.nio.cs.StreamDecoder.readBytes(StreamDecoder.java:284)
	at sun.nio.cs.StreamDecoder.implRead(StreamDecoder.java:326)
	at sun.nio.cs.StreamDecoder.read(StreamDecoder.java:178)
	at java.io.InputStreamReader.read(InputStreamReader.java:184)
	at java.io.BufferedReader.fill(BufferedReader.java:161)
	at java.io.BufferedReader.readLine(BufferedReader.java:324)
	at java.io.BufferedReader.readLine(BufferedReader.java:389)
	at org.apache.zookeeper.client.FourLetterWordMain.send4LetterWord(FourLetterWordMain.java:129)
	at org.apache.zookeeper.client.FourLetterWordMain.send4LetterWord(FourLetterWordMain.java:74)
	at org.apache.zookeeper.test.ClientBase.waitForServerUp(ClientBase.java:258)
	at org.apache.zookeeper.test.ClientBase.waitForServerUp(ClientBase.java:249)
	at org.apache.zookeeper.server.quorum.QuorumSSLTest.testProtocolVersion(QuorumSSLTest.java:899)
	at sun.reflect.NativeMethodAccessorImpl.invoke0(Native Method)
	at sun.reflect.NativeMethodAccessorImpl.invoke(NativeMethodAccessorImpl.java:62)
	at sun.reflect.DelegatingMethodAccessorImpl.invoke(DelegatingMethodAccessorImpl.java:43)
	at java.lang.reflect.Method.invoke(Method.java:483)
	at org.junit.platform.commons.util.ReflectionUtils.invokeMethod(ReflectionUtils.java:686)
	at org.junit.jupiter.engine.execution.MethodInvocation.proceed(MethodInvocation.java:60)
	at org.junit.jupiter.engine.execution.InvocationInterceptorChain$ValidatingInvocation.proceed(InvocationInterceptorChain.java:131)
	at org.junit.jupiter.engine.extension.TimeoutInvocation.proceed(TimeoutInvocation.java:46)
	at org.junit.jupiter.engine.extension.TimeoutExtension.intercept(TimeoutExtension.java:149)
	at org.junit.jupiter.engine.extension.TimeoutExtension.interceptTestableMethod(TimeoutExtension.java:140)
	at org.junit.jupiter.engine.extension.TimeoutExtension.interceptTestMethod(TimeoutExtension.java:84)
	at org.junit.jupiter.engine.descriptor.TestMethodTestDescriptor$$Lambda$111/1780132728.apply(Unknown Source)
	at org.junit.jupiter.engine.execution.ExecutableInvoker$ReflectiveInterceptorCall.lambda$ofVoidMethod$0(ExecutableInvoker.java:115)
	at org.junit.jupiter.engine.execution.ExecutableInvoker$ReflectiveInterceptorCall$$Lambda$112/1725017993.apply(Unknown Source)
	at org.junit.jupiter.engine.execution.ExecutableInvoker.lambda$invoke$0(ExecutableInvoker.java:105)
	at org.junit.jupiter.engine.execution.ExecutableInvoker$$Lambda$234/64133603.apply(Unknown Source)
	at org.junit.jupiter.engine.execution.InvocationInterceptorChain$InterceptedInvocation.proceed(InvocationInterceptorChain.java:106)
	at org.junit.jupiter.engine.execution.InvocationInterceptorChain.proceed(InvocationInterceptorChain.java:64)
	at org.junit.jupiter.engine.execution.InvocationInterceptorChain.chainAndInvoke(InvocationInterceptorChain.java:45)
	at org.junit.jupiter.engine.execution.InvocationInterceptorChain.invoke(InvocationInterceptorChain.java:37)
	at org.junit.jupiter.engine.execution.ExecutableInvoker.invoke(ExecutableInvoker.java:104)
	at org.junit.jupiter.engine.execution.ExecutableInvoker.invoke(ExecutableInvoker.java:98)
	at org.junit.jupiter.engine.descriptor.TestMethodTestDescriptor.lambda$invokeTestMethod$6(TestMethodTestDescriptor.java:212)
	at org.junit.jupiter.engine.descriptor.TestMethodTestDescriptor$$Lambda$271/224100622.execute(Unknown Source)
	at org.junit.platform.engine.support.hierarchical.ThrowableCollector.execute(ThrowableCollector.java:73)
	at org.junit.jupiter.engine.descriptor.TestMethodTestDescriptor.invokeTestMethod(TestMethodTestDescriptor.java:208)
	at org.junit.jupiter.engine.descriptor.TestMethodTestDescriptor.execute(TestMethodTestDescriptor.java:137)
	at org.junit.jupiter.engine.descriptor.TestMethodTestDescriptor.execute(TestMethodTestDescriptor.java:71)
	at org.junit.platform.engine.support.hierarchical.NodeTestTask.lambda$executeRecursively$5(NodeTestTask.java:135)
	at org.junit.platform.engine.support.hierarchical.NodeTestTask$$Lambda$179/195615004.execute(Unknown Source)
	at org.junit.platform.engine.support.hierarchical.ThrowableCollector.execute(ThrowableCollector.java:73)
	at org.junit.platform.engine.support.hierarchical.NodeTestTask.lambda$executeRecursively$7(NodeTestTask.java:125)
	at org.junit.platform.engine.support.hierarchical.NodeTestTask$$Lambda$178/1890627974.invoke(Unknown Source)
	at org.junit.platform.engine.support.hierarchical.Node.around(Node.java:135)
	at org.junit.platform.engine.support.hierarchical.NodeTestTask.lambda$executeRecursively$8(NodeTestTask.java:123)
	at org.junit.platform.engine.support.hierarchical.NodeTestTask$$Lambda$177/231977479.execute(Unknown Source)
	at org.junit.platform.engine.support.hierarchical.ThrowableCollector.execute(ThrowableCollector.java:73)
	at org.junit.platform.engine.support.hierarchical.NodeTestTask.executeRecursively(NodeTestTask.java:122)
	at org.junit.platform.engine.support.hierarchical.NodeTestTask.execute(NodeTestTask.java:80)
	at org.junit.platform.engine.support.hierarchical.SameThreadHierarchicalTestExecutorService$$Lambda$183/1381713434.accept(Unknown Source)
	at java.util.ArrayList.forEach(ArrayList.java:1249)
	at org.junit.platform.engine.support.hierarchical.SameThreadHierarchicalTestExecutorService.invokeAll(SameThreadHierarchicalTestExecutorService.java:38)
	at org.junit.platform.engine.support.hierarchical.NodeTestTask.lambda$executeRecursively$5(NodeTestTask.java:139)
	at org.junit.platform.engine.support.hierarchical.NodeTestTask$$Lambda$179/195615004.execute(Unknown Source)
	at org.junit.platform.engine.support.hierarchical.ThrowableCollector.execute(ThrowableCollector.java:73)
	at org.junit.platform.engine.support.hierarchical.NodeTestTask.lambda$executeRecursively$7(NodeTestTask.java:125)
	at org.junit.platform.engine.support.hierarchical.NodeTestTask$$Lambda$178/1890627974.invoke(Unknown Source)
	at org.junit.platform.engine.support.hierarchical.Node.around(Node.java:135)
	at org.junit.platform.engine.support.hierarchical.NodeTestTask.lambda$executeRecursively$8(NodeTestTask.java:123)
	at org.junit.platform.engine.support.hierarchical.NodeTestTask$$Lambda$177/231977479.execute(Unknown Source)
	at org.junit.platform.engine.support.hierarchical.ThrowableCollector.execute(ThrowableCollector.java:73)
	at org.junit.platform.engine.support.hierarchical.NodeTestTask.executeRecursively(NodeTestTask.java:122)
	at org.junit.platform.engine.support.hierarchical.NodeTestTask.execute(NodeTestTask.java:80)
	at org.junit.platform.engine.support.hierarchical.SameThreadHierarchicalTestExecutorService$$Lambda$183/1381713434.accept(Unknown Source)
	at java.util.ArrayList.forEach(ArrayList.java:1249)
	at org.junit.platform.engine.support.hierarchical.SameThreadHierarchicalTestExecutorService.invokeAll(SameThreadHierarchicalTestExecutorService.java:38)
	at org.junit.platform.engine.support.hierarchical.NodeTestTask.lambda$executeRecursively$5(NodeTestTask.java:139)
	at org.junit.platform.engine.support.hierarchical.NodeTestTask$$Lambda$179/195615004.execute(Unknown Source)
	at org.junit.platform.engine.support.hierarchical.ThrowableCollector.execute(ThrowableCollector.java:73)
	at org.junit.platform.engine.support.hierarchical.NodeTestTask.lambda$executeRecursively$7(NodeTestTask.java:125)
	at org.junit.platform.engine.support.hierarchical.NodeTestTask$$Lambda$178/1890627974.invoke(Unknown Source)
	at org.junit.platform.engine.support.hierarchical.Node.around(Node.java:135)
	at org.junit.platform.engine.support.hierarchical.NodeTestTask.lambda$executeRecursively$8(NodeTestTask.java:123)
	at org.junit.platform.engine.support.hierarchical.NodeTestTask$$Lambda$177/231977479.execute(Unknown Source)
	at org.junit.platform.engine.support.hierarchical.ThrowableCollector.execute(ThrowableCollector.java:73)
	at org.junit.platform.engine.support.hierarchical.NodeTestTask.executeRecursively(NodeTestTask.java:122)
	at org.junit.platform.engine.support.hierarchical.NodeTestTask.execute(NodeTestTask.java:80)
	at org.junit.platform.engine.support.hierarchical.SameThreadHierarchicalTestExecutorService.submit(SameThreadHierarchicalTestExecutorService.java:32)
	at org.junit.platform.engine.support.hierarchical.HierarchicalTestExecutor.execute(HierarchicalTestExecutor.java:57)
	at org.junit.platform.engine.support.hierarchical.HierarchicalTestEngine.execute(HierarchicalTestEngine.java:51)
	at org.junit.platform.launcher.core.DefaultLauncher.execute(DefaultLauncher.java:248)
	at org.junit.platform.launcher.core.DefaultLauncher.lambda$execute$5(DefaultLauncher.java:211)
	at org.junit.platform.launcher.core.DefaultLauncher$$Lambda$143/233996206.accept(Unknown Source)
	at org.junit.platform.launcher.core.DefaultLauncher.withInterceptedStreams(DefaultLauncher.java:226)
	at org.junit.platform.launcher.core.DefaultLauncher.execute(DefaultLauncher.java:199)
	at org.junit.platform.launcher.core.DefaultLauncher.execute(DefaultLauncher.java:132)
	at org.apache.maven.surefire.junitplatform.JUnitPlatformProvider.invokeAllTests(JUnitPlatformProvider.java:142)
	at org.apache.maven.surefire.junitplatform.JUnitPlatformProvider.invoke(JUnitPlatformProvider.java:113)
	at org.apache.maven.surefire.booter.ForkedBooter.invokeProviderInSameClassLoader(ForkedBooter.java:384)
	at org.apache.maven.surefire.booter.ForkedBooter.runSuitesInProcess(ForkedBooter.java:345)
	at org.apache.maven.surefire.booter.ForkedBooter.execute(ForkedBooter.java:126)
	at org.apache.maven.surefire.booter.ForkedBooter.main(ForkedBooter.java:418)
2021-11-08 11:18:37,006 [myid:] - INFO  [main:FourLetterWordMain@94] - connecting to 127.0.0.1 30188
2021-11-08 11:18:37,007 [myid:1] - WARN  [nioEventLoopGroup-84-7:NettyServerCnxnFactory$CnxnChannelHandler@231] - Zookeeper server is not running, close the connection before starting the TLS handshake
2021-11-08 11:18:37,258 [myid:] - INFO  [main:FourLetterWordMain@94] - connecting to 127.0.0.1 30188
2021-11-08 11:18:37,258 [myid:1] - WARN  [nioEventLoopGroup-84-8:NettyServerCnxnFactory$CnxnChannelHandler@231] - Zookeeper server is not running, close the connection before starting the TLS handshake
2021-11-08 11:18:37,522 [myid:] - INFO  [main:FourLetterWordMain@94] - connecting to 127.0.0.1 30188
2021-11-08 11:18:37,522 [myid:1] - WARN  [nioEventLoopGroup-84-9:NettyServerCnxnFactory$CnxnChannelHandler@231] - Zookeeper server is not running, close the connection before starting the TLS handshake
2021-11-08 11:18:37,786 [myid:] - INFO  [main:FourLetterWordMain@94] - connecting to 127.0.0.1 30188
2021-11-08 11:18:37,787 [myid:1] - WARN  [nioEventLoopGroup-84-10:NettyServerCnxnFactory$CnxnChannelHandler@231] - Zookeeper server is not running, close the connection before starting the TLS handshake
2021-11-08 11:18:37,802 [myid:] - INFO  [main:ClientBase@267] - server 127.0.0.1:30188 not up
java.net.SocketException: Software caused connection abort: recv failed
	at java.net.SocketInputStream.socketRead0(Native Method)
	at java.net.SocketInputStream.read(SocketInputStream.java:150)
	at java.net.SocketInputStream.read(SocketInputStream.java:121)
	at sun.nio.cs.StreamDecoder.readBytes(StreamDecoder.java:284)
	at sun.nio.cs.StreamDecoder.implRead(StreamDecoder.java:326)
	at sun.nio.cs.StreamDecoder.read(StreamDecoder.java:178)
	at java.io.InputStreamReader.read(InputStreamReader.java:184)
	at java.io.BufferedReader.fill(BufferedReader.java:161)
	at java.io.BufferedReader.readLine(BufferedReader.java:324)
	at java.io.BufferedReader.readLine(BufferedReader.java:389)
	at org.apache.zookeeper.client.FourLetterWordMain.send4LetterWord(FourLetterWordMain.java:129)
	at org.apache.zookeeper.client.FourLetterWordMain.send4LetterWord(FourLetterWordMain.java:74)
	at org.apache.zookeeper.test.ClientBase.waitForServerUp(ClientBase.java:258)
	at org.apache.zookeeper.test.ClientBase.waitForServerUp(ClientBase.java:249)
	at org.apache.zookeeper.server.quorum.QuorumSSLTest.testProtocolVersion(QuorumSSLTest.java:899)
	at sun.reflect.NativeMethodAccessorImpl.invoke0(Native Method)
	at sun.reflect.NativeMethodAccessorImpl.invoke(NativeMethodAccessorImpl.java:62)
	at sun.reflect.DelegatingMethodAccessorImpl.invoke(DelegatingMethodAccessorImpl.java:43)
	at java.lang.reflect.Method.invoke(Method.java:483)
	at org.junit.platform.commons.util.ReflectionUtils.invokeMethod(ReflectionUtils.java:686)
	at org.junit.jupiter.engine.execution.MethodInvocation.proceed(MethodInvocation.java:60)
	at org.junit.jupiter.engine.execution.InvocationInterceptorChain$ValidatingInvocation.proceed(InvocationInterceptorChain.java:131)
	at org.junit.jupiter.engine.extension.TimeoutInvocation.proceed(TimeoutInvocation.java:46)
	at org.junit.jupiter.engine.extension.TimeoutExtension.intercept(TimeoutExtension.java:149)
	at org.junit.jupiter.engine.extension.TimeoutExtension.interceptTestableMethod(TimeoutExtension.java:140)
	at org.junit.jupiter.engine.extension.TimeoutExtension.interceptTestMethod(TimeoutExtension.java:84)
	at org.junit.jupiter.engine.descriptor.TestMethodTestDescriptor$$Lambda$111/1780132728.apply(Unknown Source)
	at org.junit.jupiter.engine.execution.ExecutableInvoker$ReflectiveInterceptorCall.lambda$ofVoidMethod$0(ExecutableInvoker.java:115)
	at org.junit.jupiter.engine.execution.ExecutableInvoker$ReflectiveInterceptorCall$$Lambda$112/1725017993.apply(Unknown Source)
	at org.junit.jupiter.engine.execution.ExecutableInvoker.lambda$invoke$0(ExecutableInvoker.java:105)
	at org.junit.jupiter.engine.execution.ExecutableInvoker$$Lambda$234/64133603.apply(Unknown Source)
	at org.junit.jupiter.engine.execution.InvocationInterceptorChain$InterceptedInvocation.proceed(InvocationInterceptorChain.java:106)
	at org.junit.jupiter.engine.execution.InvocationInterceptorChain.proceed(InvocationInterceptorChain.java:64)
	at org.junit.jupiter.engine.execution.InvocationInterceptorChain.chainAndInvoke(InvocationInterceptorChain.java:45)
	at org.junit.jupiter.engine.execution.InvocationInterceptorChain.invoke(InvocationInterceptorChain.java:37)
	at org.junit.jupiter.engine.execution.ExecutableInvoker.invoke(ExecutableInvoker.java:104)
	at org.junit.jupiter.engine.execution.ExecutableInvoker.invoke(ExecutableInvoker.java:98)
	at org.junit.jupiter.engine.descriptor.TestMethodTestDescriptor.lambda$invokeTestMethod$6(TestMethodTestDescriptor.java:212)
	at org.junit.jupiter.engine.descriptor.TestMethodTestDescriptor$$Lambda$271/224100622.execute(Unknown Source)
	at org.junit.platform.engine.support.hierarchical.ThrowableCollector.execute(ThrowableCollector.java:73)
	at org.junit.jupiter.engine.descriptor.TestMethodTestDescriptor.invokeTestMethod(TestMethodTestDescriptor.java:208)
	at org.junit.jupiter.engine.descriptor.TestMethodTestDescriptor.execute(TestMethodTestDescriptor.java:137)
	at org.junit.jupiter.engine.descriptor.TestMethodTestDescriptor.execute(TestMethodTestDescriptor.java:71)
	at org.junit.platform.engine.support.hierarchical.NodeTestTask.lambda$executeRecursively$5(NodeTestTask.java:135)
	at org.junit.platform.engine.support.hierarchical.NodeTestTask$$Lambda$179/195615004.execute(Unknown Source)
	at org.junit.platform.engine.support.hierarchical.ThrowableCollector.execute(ThrowableCollector.java:73)
	at org.junit.platform.engine.support.hierarchical.NodeTestTask.lambda$executeRecursively$7(NodeTestTask.java:125)
	at org.junit.platform.engine.support.hierarchical.NodeTestTask$$Lambda$178/1890627974.invoke(Unknown Source)
	at org.junit.platform.engine.support.hierarchical.Node.around(Node.java:135)
	at org.junit.platform.engine.support.hierarchical.NodeTestTask.lambda$executeRecursively$8(NodeTestTask.java:123)
	at org.junit.platform.engine.support.hierarchical.NodeTestTask$$Lambda$177/231977479.execute(Unknown Source)
	at org.junit.platform.engine.support.hierarchical.ThrowableCollector.execute(ThrowableCollector.java:73)
	at org.junit.platform.engine.support.hierarchical.NodeTestTask.executeRecursively(NodeTestTask.java:122)
	at org.junit.platform.engine.support.hierarchical.NodeTestTask.execute(NodeTestTask.java:80)
	at org.junit.platform.engine.support.hierarchical.SameThreadHierarchicalTestExecutorService$$Lambda$183/1381713434.accept(Unknown Source)
	at java.util.ArrayList.forEach(ArrayList.java:1249)
	at org.junit.platform.engine.support.hierarchical.SameThreadHierarchicalTestExecutorService.invokeAll(SameThreadHierarchicalTestExecutorService.java:38)
	at org.junit.platform.engine.support.hierarchical.NodeTestTask.lambda$executeRecursively$5(NodeTestTask.java:139)
	at org.junit.platform.engine.support.hierarchical.NodeTestTask$$Lambda$179/195615004.execute(Unknown Source)
	at org.junit.platform.engine.support.hierarchical.ThrowableCollector.execute(ThrowableCollector.java:73)
	at org.junit.platform.engine.support.hierarchical.NodeTestTask.lambda$executeRecursively$7(NodeTestTask.java:125)
	at org.junit.platform.engine.support.hierarchical.NodeTestTask$$Lambda$178/1890627974.invoke(Unknown Source)
	at org.junit.platform.engine.support.hierarchical.Node.around(Node.java:135)
	at org.junit.platform.engine.support.hierarchical.NodeTestTask.lambda$executeRecursively$8(NodeTestTask.java:123)
	at org.junit.platform.engine.support.hierarchical.NodeTestTask$$Lambda$177/231977479.execute(Unknown Source)
	at org.junit.platform.engine.support.hierarchical.ThrowableCollector.execute(ThrowableCollector.java:73)
	at org.junit.platform.engine.support.hierarchical.NodeTestTask.executeRecursively(NodeTestTask.java:122)
	at org.junit.platform.engine.support.hierarchical.NodeTestTask.execute(NodeTestTask.java:80)
	at org.junit.platform.engine.support.hierarchical.SameThreadHierarchicalTestExecutorService$$Lambda$183/1381713434.accept(Unknown Source)
	at java.util.ArrayList.forEach(ArrayList.java:1249)
	at org.junit.platform.engine.support.hierarchical.SameThreadHierarchicalTestExecutorService.invokeAll(SameThreadHierarchicalTestExecutorService.java:38)
	at org.junit.platform.engine.support.hierarchical.NodeTestTask.lambda$executeRecursively$5(NodeTestTask.java:139)
	at org.junit.platform.engine.support.hierarchical.NodeTestTask$$Lambda$179/195615004.execute(Unknown Source)
	at org.junit.platform.engine.support.hierarchical.ThrowableCollector.execute(ThrowableCollector.java:73)
	at org.junit.platform.engine.support.hierarchical.NodeTestTask.lambda$executeRecursively$7(NodeTestTask.java:125)
	at org.junit.platform.engine.support.hierarchical.NodeTestTask$$Lambda$178/1890627974.invoke(Unknown Source)
	at org.junit.platform.engine.support.hierarchical.Node.around(Node.java:135)
	at org.junit.platform.engine.support.hierarchical.NodeTestTask.lambda$executeRecursively$8(NodeTestTask.java:123)
	at org.junit.platform.engine.support.hierarchical.NodeTestTask$$Lambda$177/231977479.execute(Unknown Source)
	at org.junit.platform.engine.support.hierarchical.ThrowableCollector.execute(ThrowableCollector.java:73)
	at org.junit.platform.engine.support.hierarchical.NodeTestTask.executeRecursively(NodeTestTask.java:122)
	at org.junit.platform.engine.support.hierarchical.NodeTestTask.execute(NodeTestTask.java:80)
	at org.junit.platform.engine.support.hierarchical.SameThreadHierarchicalTestExecutorService.submit(SameThreadHierarchicalTestExecutorService.java:32)
	at org.junit.platform.engine.support.hierarchical.HierarchicalTestExecutor.execute(HierarchicalTestExecutor.java:57)
	at org.junit.platform.engine.support.hierarchical.HierarchicalTestEngine.execute(HierarchicalTestEngine.java:51)
	at org.junit.platform.launcher.core.DefaultLauncher.execute(DefaultLauncher.java:248)
	at org.junit.platform.launcher.core.DefaultLauncher.lambda$execute$5(DefaultLauncher.java:211)
	at org.junit.platform.launcher.core.DefaultLauncher$$Lambda$143/233996206.accept(Unknown Source)
	at org.junit.platform.launcher.core.DefaultLauncher.withInterceptedStreams(DefaultLauncher.java:226)
	at org.junit.platform.launcher.core.DefaultLauncher.execute(DefaultLauncher.java:199)
	at org.junit.platform.launcher.core.DefaultLauncher.execute(DefaultLauncher.java:132)
	at org.apache.maven.surefire.junitplatform.JUnitPlatformProvider.invokeAllTests(JUnitPlatformProvider.java:142)
	at org.apache.maven.surefire.junitplatform.JUnitPlatformProvider.invoke(JUnitPlatformProvider.java:113)
	at org.apache.maven.surefire.booter.ForkedBooter.invokeProviderInSameClassLoader(ForkedBooter.java:384)
	at org.apache.maven.surefire.booter.ForkedBooter.runSuitesInProcess(ForkedBooter.java:345)
	at org.apache.maven.surefire.booter.ForkedBooter.execute(ForkedBooter.java:126)
	at org.apache.maven.surefire.booter.ForkedBooter.main(ForkedBooter.java:418)
2021-11-08 11:18:38,067 [myid:] - INFO  [main:FourLetterWordMain@94] - connecting to 127.0.0.1 30188
2021-11-08 11:18:38,067 [myid:1] - WARN  [nioEventLoopGroup-84-11:NettyServerCnxnFactory$CnxnChannelHandler@231] - Zookeeper server is not running, close the connection before starting the TLS handshake
2021-11-08 11:18:38,319 [myid:] - INFO  [main:FourLetterWordMain@94] - connecting to 127.0.0.1 30188
2021-11-08 11:18:38,321 [myid:1] - WARN  [nioEventLoopGroup-84-12:NettyServerCnxnFactory$CnxnChannelHandler@231] - Zookeeper server is not running, close the connection before starting the TLS handshake
2021-11-08 11:18:38,583 [myid:] - INFO  [main:FourLetterWordMain@94] - connecting to 127.0.0.1 30188
2021-11-08 11:18:38,583 [myid:1] - WARN  [nioEventLoopGroup-84-1:NettyServerCnxnFactory$CnxnChannelHandler@231] - Zookeeper server is not running, close the connection before starting the TLS handshake
2021-11-08 11:18:38,847 [myid:] - INFO  [main:FourLetterWordMain@94] - connecting to 127.0.0.1 30188
2021-11-08 11:18:38,848 [myid:1] - WARN  [nioEventLoopGroup-84-2:NettyServerCnxnFactory$CnxnChannelHandler@231] - Zookeeper server is not running, close the connection before starting the TLS handshake
2021-11-08 11:18:38,862 [myid:] - INFO  [main:ClientBase@267] - server 127.0.0.1:30188 not up
java.net.SocketException: Software caused connection abort: recv failed
	at java.net.SocketInputStream.socketRead0(Native Method)
	at java.net.SocketInputStream.read(SocketInputStream.java:150)
	at java.net.SocketInputStream.read(SocketInputStream.java:121)
	at sun.nio.cs.StreamDecoder.readBytes(StreamDecoder.java:284)
	at sun.nio.cs.StreamDecoder.implRead(StreamDecoder.java:326)
	at sun.nio.cs.StreamDecoder.read(StreamDecoder.java:178)
	at java.io.InputStreamReader.read(InputStreamReader.java:184)
	at java.io.BufferedReader.fill(BufferedReader.java:161)
	at java.io.BufferedReader.readLine(BufferedReader.java:324)
	at java.io.BufferedReader.readLine(BufferedReader.java:389)
	at org.apache.zookeeper.client.FourLetterWordMain.send4LetterWord(FourLetterWordMain.java:129)
	at org.apache.zookeeper.client.FourLetterWordMain.send4LetterWord(FourLetterWordMain.java:74)
	at org.apache.zookeeper.test.ClientBase.waitForServerUp(ClientBase.java:258)
	at org.apache.zookeeper.test.ClientBase.waitForServerUp(ClientBase.java:249)
	at org.apache.zookeeper.server.quorum.QuorumSSLTest.testProtocolVersion(QuorumSSLTest.java:899)
	at sun.reflect.NativeMethodAccessorImpl.invoke0(Native Method)
	at sun.reflect.NativeMethodAccessorImpl.invoke(NativeMethodAccessorImpl.java:62)
	at sun.reflect.DelegatingMethodAccessorImpl.invoke(DelegatingMethodAccessorImpl.java:43)
	at java.lang.reflect.Method.invoke(Method.java:483)
	at org.junit.platform.commons.util.ReflectionUtils.invokeMethod(ReflectionUtils.java:686)
	at org.junit.jupiter.engine.execution.MethodInvocation.proceed(MethodInvocation.java:60)
	at org.junit.jupiter.engine.execution.InvocationInterceptorChain$ValidatingInvocation.proceed(InvocationInterceptorChain.java:131)
	at org.junit.jupiter.engine.extension.TimeoutInvocation.proceed(TimeoutInvocation.java:46)
	at org.junit.jupiter.engine.extension.TimeoutExtension.intercept(TimeoutExtension.java:149)
	at org.junit.jupiter.engine.extension.TimeoutExtension.interceptTestableMethod(TimeoutExtension.java:140)
	at org.junit.jupiter.engine.extension.TimeoutExtension.interceptTestMethod(TimeoutExtension.java:84)
	at org.junit.jupiter.engine.descriptor.TestMethodTestDescriptor$$Lambda$111/1780132728.apply(Unknown Source)
	at org.junit.jupiter.engine.execution.ExecutableInvoker$ReflectiveInterceptorCall.lambda$ofVoidMethod$0(ExecutableInvoker.java:115)
	at org.junit.jupiter.engine.execution.ExecutableInvoker$ReflectiveInterceptorCall$$Lambda$112/1725017993.apply(Unknown Source)
	at org.junit.jupiter.engine.execution.ExecutableInvoker.lambda$invoke$0(ExecutableInvoker.java:105)
	at org.junit.jupiter.engine.execution.ExecutableInvoker$$Lambda$234/64133603.apply(Unknown Source)
	at org.junit.jupiter.engine.execution.InvocationInterceptorChain$InterceptedInvocation.proceed(InvocationInterceptorChain.java:106)
	at org.junit.jupiter.engine.execution.InvocationInterceptorChain.proceed(InvocationInterceptorChain.java:64)
	at org.junit.jupiter.engine.execution.InvocationInterceptorChain.chainAndInvoke(InvocationInterceptorChain.java:45)
	at org.junit.jupiter.engine.execution.InvocationInterceptorChain.invoke(InvocationInterceptorChain.java:37)
	at org.junit.jupiter.engine.execution.ExecutableInvoker.invoke(ExecutableInvoker.java:104)
	at org.junit.jupiter.engine.execution.ExecutableInvoker.invoke(ExecutableInvoker.java:98)
	at org.junit.jupiter.engine.descriptor.TestMethodTestDescriptor.lambda$invokeTestMethod$6(TestMethodTestDescriptor.java:212)
	at org.junit.jupiter.engine.descriptor.TestMethodTestDescriptor$$Lambda$271/224100622.execute(Unknown Source)
	at org.junit.platform.engine.support.hierarchical.ThrowableCollector.execute(ThrowableCollector.java:73)
	at org.junit.jupiter.engine.descriptor.TestMethodTestDescriptor.invokeTestMethod(TestMethodTestDescriptor.java:208)
	at org.junit.jupiter.engine.descriptor.TestMethodTestDescriptor.execute(TestMethodTestDescriptor.java:137)
	at org.junit.jupiter.engine.descriptor.TestMethodTestDescriptor.execute(TestMethodTestDescriptor.java:71)
	at org.junit.platform.engine.support.hierarchical.NodeTestTask.lambda$executeRecursively$5(NodeTestTask.java:135)
	at org.junit.platform.engine.support.hierarchical.NodeTestTask$$Lambda$179/195615004.execute(Unknown Source)
	at org.junit.platform.engine.support.hierarchical.ThrowableCollector.execute(ThrowableCollector.java:73)
	at org.junit.platform.engine.support.hierarchical.NodeTestTask.lambda$executeRecursively$7(NodeTestTask.java:125)
	at org.junit.platform.engine.support.hierarchical.NodeTestTask$$Lambda$178/1890627974.invoke(Unknown Source)
	at org.junit.platform.engine.support.hierarchical.Node.around(Node.java:135)
	at org.junit.platform.engine.support.hierarchical.NodeTestTask.lambda$executeRecursively$8(NodeTestTask.java:123)
	at org.junit.platform.engine.support.hierarchical.NodeTestTask$$Lambda$177/231977479.execute(Unknown Source)
	at org.junit.platform.engine.support.hierarchical.ThrowableCollector.execute(ThrowableCollector.java:73)
	at org.junit.platform.engine.support.hierarchical.NodeTestTask.executeRecursively(NodeTestTask.java:122)
	at org.junit.platform.engine.support.hierarchical.NodeTestTask.execute(NodeTestTask.java:80)
	at org.junit.platform.engine.support.hierarchical.SameThreadHierarchicalTestExecutorService$$Lambda$183/1381713434.accept(Unknown Source)
	at java.util.ArrayList.forEach(ArrayList.java:1249)
	at org.junit.platform.engine.support.hierarchical.SameThreadHierarchicalTestExecutorService.invokeAll(SameThreadHierarchicalTestExecutorService.java:38)
	at org.junit.platform.engine.support.hierarchical.NodeTestTask.lambda$executeRecursively$5(NodeTestTask.java:139)
	at org.junit.platform.engine.support.hierarchical.NodeTestTask$$Lambda$179/195615004.execute(Unknown Source)
	at org.junit.platform.engine.support.hierarchical.ThrowableCollector.execute(ThrowableCollector.java:73)
	at org.junit.platform.engine.support.hierarchical.NodeTestTask.lambda$executeRecursively$7(NodeTestTask.java:125)
	at org.junit.platform.engine.support.hierarchical.NodeTestTask$$Lambda$178/1890627974.invoke(Unknown Source)
	at org.junit.platform.engine.support.hierarchical.Node.around(Node.java:135)
	at org.junit.platform.engine.support.hierarchical.NodeTestTask.lambda$executeRecursively$8(NodeTestTask.java:123)
	at org.junit.platform.engine.support.hierarchical.NodeTestTask$$Lambda$177/231977479.execute(Unknown Source)
	at org.junit.platform.engine.support.hierarchical.ThrowableCollector.execute(ThrowableCollector.java:73)
	at org.junit.platform.engine.support.hierarchical.NodeTestTask.executeRecursively(NodeTestTask.java:122)
	at org.junit.platform.engine.support.hierarchical.NodeTestTask.execute(NodeTestTask.java:80)
	at org.junit.platform.engine.support.hierarchical.SameThreadHierarchicalTestExecutorService$$Lambda$183/1381713434.accept(Unknown Source)
	at java.util.ArrayList.forEach(ArrayList.java:1249)
	at org.junit.platform.engine.support.hierarchical.SameThreadHierarchicalTestExecutorService.invokeAll(SameThreadHierarchicalTestExecutorService.java:38)
	at org.junit.platform.engine.support.hierarchical.NodeTestTask.lambda$executeRecursively$5(NodeTestTask.java:139)
	at org.junit.platform.engine.support.hierarchical.NodeTestTask$$Lambda$179/195615004.execute(Unknown Source)
	at org.junit.platform.engine.support.hierarchical.ThrowableCollector.execute(ThrowableCollector.java:73)
	at org.junit.platform.engine.support.hierarchical.NodeTestTask.lambda$executeRecursively$7(NodeTestTask.java:125)
	at org.junit.platform.engine.support.hierarchical.NodeTestTask$$Lambda$178/1890627974.invoke(Unknown Source)
	at org.junit.platform.engine.support.hierarchical.Node.around(Node.java:135)
	at org.junit.platform.engine.support.hierarchical.NodeTestTask.lambda$executeRecursively$8(NodeTestTask.java:123)
	at org.junit.platform.engine.support.hierarchical.NodeTestTask$$Lambda$177/231977479.execute(Unknown Source)
	at org.junit.platform.engine.support.hierarchical.ThrowableCollector.execute(ThrowableCollector.java:73)
	at org.junit.platform.engine.support.hierarchical.NodeTestTask.executeRecursively(NodeTestTask.java:122)
	at org.junit.platform.engine.support.hierarchical.NodeTestTask.execute(NodeTestTask.java:80)
	at org.junit.platform.engine.support.hierarchical.SameThreadHierarchicalTestExecutorService.submit(SameThreadHierarchicalTestExecutorService.java:32)
	at org.junit.platform.engine.support.hierarchical.HierarchicalTestExecutor.execute(HierarchicalTestExecutor.java:57)
	at org.junit.platform.engine.support.hierarchical.HierarchicalTestEngine.execute(HierarchicalTestEngine.java:51)
	at org.junit.platform.launcher.core.DefaultLauncher.execute(DefaultLauncher.java:248)
	at org.junit.platform.launcher.core.DefaultLauncher.lambda$execute$5(DefaultLauncher.java:211)
	at org.junit.platform.launcher.core.DefaultLauncher$$Lambda$143/233996206.accept(Unknown Source)
	at org.junit.platform.launcher.core.DefaultLauncher.withInterceptedStreams(DefaultLauncher.java:226)
	at org.junit.platform.launcher.core.DefaultLauncher.execute(DefaultLauncher.java:199)
	at org.junit.platform.launcher.core.DefaultLauncher.execute(DefaultLauncher.java:132)
	at org.apache.maven.surefire.junitplatform.JUnitPlatformProvider.invokeAllTests(JUnitPlatformProvider.java:142)
	at org.apache.maven.surefire.junitplatform.JUnitPlatformProvider.invoke(JUnitPlatformProvider.java:113)
	at org.apache.maven.surefire.booter.ForkedBooter.invokeProviderInSameClassLoader(ForkedBooter.java:384)
	at org.apache.maven.surefire.booter.ForkedBooter.runSuitesInProcess(ForkedBooter.java:345)
	at org.apache.maven.surefire.booter.ForkedBooter.execute(ForkedBooter.java:126)
	at org.apache.maven.surefire.booter.ForkedBooter.main(ForkedBooter.java:418)
2021-11-08 11:18:39,113 [myid:] - INFO  [main:FourLetterWordMain@94] - connecting to 127.0.0.1 30188
2021-11-08 11:18:39,113 [myid:1] - WARN  [nioEventLoopGroup-84-3:NettyServerCnxnFactory$CnxnChannelHandler@231] - Zookeeper server is not running, close the connection before starting the TLS handshake
2021-11-08 11:18:39,377 [myid:] - INFO  [main:FourLetterWordMain@94] - connecting to 127.0.0.1 30188
2021-11-08 11:18:39,377 [myid:1] - WARN  [nioEventLoopGroup-84-4:NettyServerCnxnFactory$CnxnChannelHandler@231] - Zookeeper server is not running, close the connection before starting the TLS handshake
2021-11-08 11:18:39,642 [myid:] - INFO  [main:FourLetterWordMain@94] - connecting to 127.0.0.1 30188
2021-11-08 11:18:39,642 [myid:1] - WARN  [nioEventLoopGroup-84-5:NettyServerCnxnFactory$CnxnChannelHandler@231] - Zookeeper server is not running, close the connection before starting the TLS handshake
2021-11-08 11:18:39,657 [myid:] - INFO  [main:ClientBase@267] - server 127.0.0.1:30188 not up
java.net.SocketException: Software caused connection abort: recv failed
	at java.net.SocketInputStream.socketRead0(Native Method)
	at java.net.SocketInputStream.read(SocketInputStream.java:150)
	at java.net.SocketInputStream.read(SocketInputStream.java:121)
	at sun.nio.cs.StreamDecoder.readBytes(StreamDecoder.java:284)
	at sun.nio.cs.StreamDecoder.implRead(StreamDecoder.java:326)
	at sun.nio.cs.StreamDecoder.read(StreamDecoder.java:178)
	at java.io.InputStreamReader.read(InputStreamReader.java:184)
	at java.io.BufferedReader.fill(BufferedReader.java:161)
	at java.io.BufferedReader.readLine(BufferedReader.java:324)
	at java.io.BufferedReader.readLine(BufferedReader.java:389)
	at org.apache.zookeeper.client.FourLetterWordMain.send4LetterWord(FourLetterWordMain.java:129)
	at org.apache.zookeeper.client.FourLetterWordMain.send4LetterWord(FourLetterWordMain.java:74)
	at org.apache.zookeeper.test.ClientBase.waitForServerUp(ClientBase.java:258)
	at org.apache.zookeeper.test.ClientBase.waitForServerUp(ClientBase.java:249)
	at org.apache.zookeeper.server.quorum.QuorumSSLTest.testProtocolVersion(QuorumSSLTest.java:899)
	at sun.reflect.NativeMethodAccessorImpl.invoke0(Native Method)
	at sun.reflect.NativeMethodAccessorImpl.invoke(NativeMethodAccessorImpl.java:62)
	at sun.reflect.DelegatingMethodAccessorImpl.invoke(DelegatingMethodAccessorImpl.java:43)
	at java.lang.reflect.Method.invoke(Method.java:483)
	at org.junit.platform.commons.util.ReflectionUtils.invokeMethod(ReflectionUtils.java:686)
	at org.junit.jupiter.engine.execution.MethodInvocation.proceed(MethodInvocation.java:60)
	at org.junit.jupiter.engine.execution.InvocationInterceptorChain$ValidatingInvocation.proceed(InvocationInterceptorChain.java:131)
	at org.junit.jupiter.engine.extension.TimeoutInvocation.proceed(TimeoutInvocation.java:46)
	at org.junit.jupiter.engine.extension.TimeoutExtension.intercept(TimeoutExtension.java:149)
	at org.junit.jupiter.engine.extension.TimeoutExtension.interceptTestableMethod(TimeoutExtension.java:140)
	at org.junit.jupiter.engine.extension.TimeoutExtension.interceptTestMethod(TimeoutExtension.java:84)
	at org.junit.jupiter.engine.descriptor.TestMethodTestDescriptor$$Lambda$111/1780132728.apply(Unknown Source)
	at org.junit.jupiter.engine.execution.ExecutableInvoker$ReflectiveInterceptorCall.lambda$ofVoidMethod$0(ExecutableInvoker.java:115)
	at org.junit.jupiter.engine.execution.ExecutableInvoker$ReflectiveInterceptorCall$$Lambda$112/1725017993.apply(Unknown Source)
	at org.junit.jupiter.engine.execution.ExecutableInvoker.lambda$invoke$0(ExecutableInvoker.java:105)
	at org.junit.jupiter.engine.execution.ExecutableInvoker$$Lambda$234/64133603.apply(Unknown Source)
	at org.junit.jupiter.engine.execution.InvocationInterceptorChain$InterceptedInvocation.proceed(InvocationInterceptorChain.java:106)
	at org.junit.jupiter.engine.execution.InvocationInterceptorChain.proceed(InvocationInterceptorChain.java:64)
	at org.junit.jupiter.engine.execution.InvocationInterceptorChain.chainAndInvoke(InvocationInterceptorChain.java:45)
	at org.junit.jupiter.engine.execution.InvocationInterceptorChain.invoke(InvocationInterceptorChain.java:37)
	at org.junit.jupiter.engine.execution.ExecutableInvoker.invoke(ExecutableInvoker.java:104)
	at org.junit.jupiter.engine.execution.ExecutableInvoker.invoke(ExecutableInvoker.java:98)
	at org.junit.jupiter.engine.descriptor.TestMethodTestDescriptor.lambda$invokeTestMethod$6(TestMethodTestDescriptor.java:212)
	at org.junit.jupiter.engine.descriptor.TestMethodTestDescriptor$$Lambda$271/224100622.execute(Unknown Source)
	at org.junit.platform.engine.support.hierarchical.ThrowableCollector.execute(ThrowableCollector.java:73)
	at org.junit.jupiter.engine.descriptor.TestMethodTestDescriptor.invokeTestMethod(TestMethodTestDescriptor.java:208)
	at org.junit.jupiter.engine.descriptor.TestMethodTestDescriptor.execute(TestMethodTestDescriptor.java:137)
	at org.junit.jupiter.engine.descriptor.TestMethodTestDescriptor.execute(TestMethodTestDescriptor.java:71)
	at org.junit.platform.engine.support.hierarchical.NodeTestTask.lambda$executeRecursively$5(NodeTestTask.java:135)
	at org.junit.platform.engine.support.hierarchical.NodeTestTask$$Lambda$179/195615004.execute(Unknown Source)
	at org.junit.platform.engine.support.hierarchical.ThrowableCollector.execute(ThrowableCollector.java:73)
	at org.junit.platform.engine.support.hierarchical.NodeTestTask.lambda$executeRecursively$7(NodeTestTask.java:125)
	at org.junit.platform.engine.support.hierarchical.NodeTestTask$$Lambda$178/1890627974.invoke(Unknown Source)
	at org.junit.platform.engine.support.hierarchical.Node.around(Node.java:135)
	at org.junit.platform.engine.support.hierarchical.NodeTestTask.lambda$executeRecursively$8(NodeTestTask.java:123)
	at org.junit.platform.engine.support.hierarchical.NodeTestTask$$Lambda$177/231977479.execute(Unknown Source)
	at org.junit.platform.engine.support.hierarchical.ThrowableCollector.execute(ThrowableCollector.java:73)
	at org.junit.platform.engine.support.hierarchical.NodeTestTask.executeRecursively(NodeTestTask.java:122)
	at org.junit.platform.engine.support.hierarchical.NodeTestTask.execute(NodeTestTask.java:80)
	at org.junit.platform.engine.support.hierarchical.SameThreadHierarchicalTestExecutorService$$Lambda$183/1381713434.accept(Unknown Source)
	at java.util.ArrayList.forEach(ArrayList.java:1249)
	at org.junit.platform.engine.support.hierarchical.SameThreadHierarchicalTestExecutorService.invokeAll(SameThreadHierarchicalTestExecutorService.java:38)
	at org.junit.platform.engine.support.hierarchical.NodeTestTask.lambda$executeRecursively$5(NodeTestTask.java:139)
	at org.junit.platform.engine.support.hierarchical.NodeTestTask$$Lambda$179/195615004.execute(Unknown Source)
	at org.junit.platform.engine.support.hierarchical.ThrowableCollector.execute(ThrowableCollector.java:73)
	at org.junit.platform.engine.support.hierarchical.NodeTestTask.lambda$executeRecursively$7(NodeTestTask.java:125)
	at org.junit.platform.engine.support.hierarchical.NodeTestTask$$Lambda$178/1890627974.invoke(Unknown Source)
	at org.junit.platform.engine.support.hierarchical.Node.around(Node.java:135)
	at org.junit.platform.engine.support.hierarchical.NodeTestTask.lambda$executeRecursively$8(NodeTestTask.java:123)
	at org.junit.platform.engine.support.hierarchical.NodeTestTask$$Lambda$177/231977479.execute(Unknown Source)
	at org.junit.platform.engine.support.hierarchical.ThrowableCollector.execute(ThrowableCollector.java:73)
	at org.junit.platform.engine.support.hierarchical.NodeTestTask.executeRecursively(NodeTestTask.java:122)
	at org.junit.platform.engine.support.hierarchical.NodeTestTask.execute(NodeTestTask.java:80)
	at org.junit.platform.engine.support.hierarchical.SameThreadHierarchicalTestExecutorService$$Lambda$183/1381713434.accept(Unknown Source)
	at java.util.ArrayList.forEach(ArrayList.java:1249)
	at org.junit.platform.engine.support.hierarchical.SameThreadHierarchicalTestExecutorService.invokeAll(SameThreadHierarchicalTestExecutorService.java:38)
	at org.junit.platform.engine.support.hierarchical.NodeTestTask.lambda$executeRecursively$5(NodeTestTask.java:139)
	at org.junit.platform.engine.support.hierarchical.NodeTestTask$$Lambda$179/195615004.execute(Unknown Source)
	at org.junit.platform.engine.support.hierarchical.ThrowableCollector.execute(ThrowableCollector.java:73)
	at org.junit.platform.engine.support.hierarchical.NodeTestTask.lambda$executeRecursively$7(NodeTestTask.java:125)
	at org.junit.platform.engine.support.hierarchical.NodeTestTask$$Lambda$178/1890627974.invoke(Unknown Source)
	at org.junit.platform.engine.support.hierarchical.Node.around(Node.java:135)
	at org.junit.platform.engine.support.hierarchical.NodeTestTask.lambda$executeRecursively$8(NodeTestTask.java:123)
	at org.junit.platform.engine.support.hierarchical.NodeTestTask$$Lambda$177/231977479.execute(Unknown Source)
	at org.junit.platform.engine.support.hierarchical.ThrowableCollector.execute(ThrowableCollector.java:73)
	at org.junit.platform.engine.support.hierarchical.NodeTestTask.executeRecursively(NodeTestTask.java:122)
	at org.junit.platform.engine.support.hierarchical.NodeTestTask.execute(NodeTestTask.java:80)
	at org.junit.platform.engine.support.hierarchical.SameThreadHierarchicalTestExecutorService.submit(SameThreadHierarchicalTestExecutorService.java:32)
	at org.junit.platform.engine.support.hierarchical.HierarchicalTestExecutor.execute(HierarchicalTestExecutor.java:57)
	at org.junit.platform.engine.support.hierarchical.HierarchicalTestEngine.execute(HierarchicalTestEngine.java:51)
	at org.junit.platform.launcher.core.DefaultLauncher.execute(DefaultLauncher.java:248)
	at org.junit.platform.launcher.core.DefaultLauncher.lambda$execute$5(DefaultLauncher.java:211)
	at org.junit.platform.launcher.core.DefaultLauncher$$Lambda$143/233996206.accept(Unknown Source)
	at org.junit.platform.launcher.core.DefaultLauncher.withInterceptedStreams(DefaultLauncher.java:226)
	at org.junit.platform.launcher.core.DefaultLauncher.execute(DefaultLauncher.java:199)
	at org.junit.platform.launcher.core.DefaultLauncher.execute(DefaultLauncher.java:132)
	at org.apache.maven.surefire.junitplatform.JUnitPlatformProvider.invokeAllTests(JUnitPlatformProvider.java:142)
	at org.apache.maven.surefire.junitplatform.JUnitPlatformProvider.invoke(JUnitPlatformProvider.java:113)
	at org.apache.maven.surefire.booter.ForkedBooter.invokeProviderInSameClassLoader(ForkedBooter.java:384)
	at org.apache.maven.surefire.booter.ForkedBooter.runSuitesInProcess(ForkedBooter.java:345)
	at org.apache.maven.surefire.booter.ForkedBooter.execute(ForkedBooter.java:126)
	at org.apache.maven.surefire.booter.ForkedBooter.main(ForkedBooter.java:418)
2021-11-08 11:18:39,658 [myid:] - INFO  [main:QuorumBase@422] - Shutting down quorum peer QuorumPeer[myid=1](plain=[0:0:0:0:0:0:0:0]:30188)(secure=disabled)
2021-11-08 11:18:39,658 [myid:] - INFO  [main:NettyServerCnxnFactory@647] - shutdown called /0:0:0:0:0:0:0:0:30188
2021-11-08 11:18:39,659 [myid:1] - WARN  [QuorumPeer[myid=1](plain=[0:0:0:0:0:0:0:0]:30188)(secure=disabled):QuorumPeer@1486] - Unexpected exception
java.lang.InterruptedException
	at java.util.concurrent.locks.AbstractQueuedSynchronizer$ConditionObject.reportInterruptAfterWait(AbstractQueuedSynchronizer.java:2014)
	at java.util.concurrent.locks.AbstractQueuedSynchronizer$ConditionObject.awaitNanos(AbstractQueuedSynchronizer.java:2088)
	at java.util.concurrent.LinkedBlockingQueue.poll(LinkedBlockingQueue.java:467)
	at org.apache.zookeeper.server.quorum.FastLeaderElection.lookForLeader(FastLeaderElection.java:966)
	at org.apache.zookeeper.server.quorum.QuorumPeer.run(QuorumPeer.java:1484)
2021-11-08 11:18:39,659 [myid:1] - INFO  [QuorumPeer[myid=1](plain=[0:0:0:0:0:0:0:0]:30188)(secure=disabled):QuorumPeer@915] - Peer state changed: looking
2021-11-08 11:18:39,659 [myid:1] - WARN  [QuorumPeer[myid=1](plain=[0:0:0:0:0:0:0:0]:30188)(secure=disabled):QuorumPeer@1545] - QuorumPeer main thread exited
2021-11-08 11:18:39,659 [myid:1] - INFO  [QuorumPeerListener:QuorumCnxManager$Listener@980] - Leaving listener
2021-11-08 11:18:39,660 [myid:] - INFO  [main:QuorumBase@426] - Shutting down leader election QuorumPeer[myid=1](plain=[0:0:0:0:0:0:0:0]:30188)(secure=disabled)
2021-11-08 11:18:39,661 [myid:] - INFO  [main:QuorumBase@431] - Waiting for QuorumPeer[myid=1](plain=[0:0:0:0:0:0:0:0]:30188)(secure=disabled) to exit thread
2021-11-08 11:18:39,661 [myid:] - INFO  [main:QuorumBase@422] - Shutting down quorum peer QuorumPeer[myid=2](plain=[0:0:0:0:0:0:0:0]:30189)(secure=disabled)
2021-11-08 11:18:39,661 [myid:] - INFO  [main:NettyServerCnxnFactory@647] - shutdown called /0:0:0:0:0:0:0:0:30189
2021-11-08 11:18:39,662 [myid:2] - INFO  [QuorumPeerListener:QuorumCnxManager$Listener@980] - Leaving listener
2021-11-08 11:18:39,662 [myid:2] - WARN  [QuorumPeer[myid=2](plain=[0:0:0:0:0:0:0:0]:30189)(secure=disabled):QuorumPeer@1486] - Unexpected exception
java.lang.InterruptedException
	at java.util.concurrent.locks.AbstractQueuedSynchronizer$ConditionObject.reportInterruptAfterWait(AbstractQueuedSynchronizer.java:2014)
	at java.util.concurrent.locks.AbstractQueuedSynchronizer$ConditionObject.awaitNanos(AbstractQueuedSynchronizer.java:2088)
	at java.util.concurrent.LinkedBlockingQueue.poll(LinkedBlockingQueue.java:467)
	at org.apache.zookeeper.server.quorum.FastLeaderElection.lookForLeader(FastLeaderElection.java:966)
	at org.apache.zookeeper.server.quorum.QuorumPeer.run(QuorumPeer.java:1484)
2021-11-08 11:18:39,662 [myid:2] - INFO  [QuorumPeer[myid=2](plain=[0:0:0:0:0:0:0:0]:30189)(secure=disabled):QuorumPeer@915] - Peer state changed: looking
2021-11-08 11:18:39,662 [myid:2] - WARN  [QuorumPeer[myid=2](plain=[0:0:0:0:0:0:0:0]:30189)(secure=disabled):QuorumPeer@1545] - QuorumPeer main thread exited
2021-11-08 11:18:39,663 [myid:] - INFO  [main:QuorumBase@426] - Shutting down leader election QuorumPeer[myid=2](plain=[0:0:0:0:0:0:0:0]:30189)(secure=disabled)
2021-11-08 11:18:39,666 [myid:] - INFO  [main:QuorumBase@431] - Waiting for QuorumPeer[myid=2](plain=[0:0:0:0:0:0:0:0]:30189)(secure=disabled) to exit thread
2021-11-08 11:18:39,666 [myid:] - INFO  [main:QuorumPeerTestBase@64] - No servers to shutdown!
2021-11-08 11:18:39,666 [myid:] - INFO  [main:ZKTestCase@82] - FINISHED Optional[public void org.apache.zookeeper.server.quorum.QuorumSSLTest.testProtocolVersion() throws java.lang.Exception]
]]></system-out>
    <system-err><![CDATA[Exception in thread "QuorumConnectionThread-[myid=1]-2" java.lang.IllegalArgumentException: Cannot support TLS_ECDHE_ECDSA_WITH_AES_256_CBC_SHA384 with currently installed providers
	at sun.security.ssl.CipherSuiteList.<init>(CipherSuiteList.java:92)
	at sun.security.ssl.SSLSocketImpl.setEnabledCipherSuites(SSLSocketImpl.java:2419)
	at javax.net.ssl.SSLSocket.setSSLParameters(SSLSocket.java:650)
	at sun.security.ssl.SSLSocketImpl.setSSLParameters(SSLSocketImpl.java:2544)
	at org.apache.zookeeper.common.SSLContextAndOptions.configureSSLSocket(SSLContextAndOptions.java:125)
	at org.apache.zookeeper.common.SSLContextAndOptions.createSSLSocket(SSLContextAndOptions.java:80)
	at org.apache.zookeeper.common.X509Util.createSSLSocket(X509Util.java:517)
	at org.apache.zookeeper.server.quorum.QuorumCnxManager.initiateConnection(QuorumCnxManager.java:379)
	at org.apache.zookeeper.server.quorum.QuorumCnxManager$QuorumConnectionReqThread.run(QuorumCnxManager.java:458)
	at java.util.concurrent.ThreadPoolExecutor.runWorker(ThreadPoolExecutor.java:1142)
	at java.util.concurrent.ThreadPoolExecutor$Worker.run(ThreadPoolExecutor.java:617)
	at java.lang.Thread.run(Thread.java:745)
Exception in thread "QuorumConnectionThread-[myid=2]-1" java.lang.IllegalArgumentException: Cannot support TLS_ECDHE_ECDSA_WITH_AES_256_CBC_SHA384 with currently installed providers
	at sun.security.ssl.CipherSuiteList.<init>(CipherSuiteList.java:92)
	at sun.security.ssl.SSLSocketImpl.setEnabledCipherSuites(SSLSocketImpl.java:2419)
	at javax.net.ssl.SSLSocket.setSSLParameters(SSLSocket.java:650)
	at sun.security.ssl.SSLSocketImpl.setSSLParameters(SSLSocketImpl.java:2544)
	at org.apache.zookeeper.common.SSLContextAndOptions.configureSSLSocket(SSLContextAndOptions.java:125)
	at org.apache.zookeeper.common.SSLContextAndOptions.createSSLSocket(SSLContextAndOptions.java:80)
	at org.apache.zookeeper.common.X509Util.createSSLSocket(X509Util.java:517)
	at org.apache.zookeeper.server.quorum.QuorumCnxManager.initiateConnection(QuorumCnxManager.java:379)
	at org.apache.zookeeper.server.quorum.QuorumCnxManager$QuorumConnectionReqThread.run(QuorumCnxManager.java:458)
	at java.util.concurrent.ThreadPoolExecutor.runWorker(ThreadPoolExecutor.java:1142)
	at java.util.concurrent.ThreadPoolExecutor$Worker.run(ThreadPoolExecutor.java:617)
	at java.lang.Thread.run(Thread.java:745)
Exception in thread "QuorumConnectionThread-[myid=1]-1" Exception in thread "QuorumConnectionThread-[myid=2]-2" java.lang.IllegalArgumentException: Cannot support TLS_ECDHE_ECDSA_WITH_AES_256_CBC_SHA384 with currently installed providers
	at sun.security.ssl.CipherSuiteList.<init>(CipherSuiteList.java:92)
	at sun.security.ssl.SSLSocketImpl.setEnabledCipherSuites(SSLSocketImpl.java:2419)
	at javax.net.ssl.SSLSocket.setSSLParameters(SSLSocket.java:650)
	at sun.security.ssl.SSLSocketImpl.setSSLParameters(SSLSocketImpl.java:2544)
	at org.apache.zookeeper.common.SSLContextAndOptions.configureSSLSocket(SSLContextAndOptions.java:125)
	at org.apache.zookeeper.common.SSLContextAndOptions.createSSLSocket(SSLContextAndOptions.java:80)
	at org.apache.zookeeper.common.X509Util.createSSLSocket(X509Util.java:517)
	at org.apache.zookeeper.server.quorum.QuorumCnxManager.initiateConnection(QuorumCnxManager.java:379)
	at org.apache.zookeeper.server.quorum.QuorumCnxManager$QuorumConnectionReqThread.run(QuorumCnxManager.java:458)
	at java.util.concurrent.ThreadPoolExecutor.runWorker(ThreadPoolExecutor.java:1142)
	at java.util.concurrent.ThreadPoolExecutor$Worker.run(ThreadPoolExecutor.java:617)
	at java.lang.Thread.run(Thread.java:745)
java.lang.IllegalArgumentException: Cannot support TLS_ECDHE_ECDSA_WITH_AES_256_CBC_SHA384 with currently installed providers
	at sun.security.ssl.CipherSuiteList.<init>(CipherSuiteList.java:92)
	at sun.security.ssl.SSLSocketImpl.setEnabledCipherSuites(SSLSocketImpl.java:2419)
	at javax.net.ssl.SSLSocket.setSSLParameters(SSLSocket.java:650)
	at sun.security.ssl.SSLSocketImpl.setSSLParameters(SSLSocketImpl.java:2544)
	at org.apache.zookeeper.common.SSLContextAndOptions.configureSSLSocket(SSLContextAndOptions.java:125)
	at org.apache.zookeeper.common.SSLContextAndOptions.createSSLSocket(SSLContextAndOptions.java:80)
	at org.apache.zookeeper.common.X509Util.createSSLSocket(X509Util.java:517)
	at org.apache.zookeeper.server.quorum.QuorumCnxManager.initiateConnection(QuorumCnxManager.java:379)
	at org.apache.zookeeper.server.quorum.QuorumCnxManager$QuorumConnectionReqThread.run(QuorumCnxManager.java:458)
	at java.util.concurrent.ThreadPoolExecutor.runWorker(ThreadPoolExecutor.java:1142)
	at java.util.concurrent.ThreadPoolExecutor$Worker.run(ThreadPoolExecutor.java:617)
	at java.lang.Thread.run(Thread.java:745)
Exception in thread "QuorumConnectionThread-[myid=2]-3" java.lang.IllegalArgumentException: Cannot support TLS_ECDHE_ECDSA_WITH_AES_256_CBC_SHA384 with currently installed providers
	at sun.security.ssl.CipherSuiteList.<init>(CipherSuiteList.java:92)
	at sun.security.ssl.SSLSocketImpl.setEnabledCipherSuites(SSLSocketImpl.java:2419)
	at javax.net.ssl.SSLSocket.setSSLParameters(SSLSocket.java:650)
	at sun.security.ssl.SSLSocketImpl.setSSLParameters(SSLSocketImpl.java:2544)
	at org.apache.zookeeper.common.SSLContextAndOptions.configureSSLSocket(SSLContextAndOptions.java:125)
	at org.apache.zookeeper.common.SSLContextAndOptions.createSSLSocket(SSLContextAndOptions.java:80)
	at org.apache.zookeeper.common.X509Util.createSSLSocket(X509Util.java:517)
	at org.apache.zookeeper.server.quorum.QuorumCnxManager.initiateConnection(QuorumCnxManager.java:379)
	at org.apache.zookeeper.server.quorum.QuorumCnxManager$QuorumConnectionReqThread.run(QuorumCnxManager.java:458)
	at java.util.concurrent.ThreadPoolExecutor.runWorker(ThreadPoolExecutor.java:1142)
	at java.util.concurrent.ThreadPoolExecutor$Worker.run(ThreadPoolExecutor.java:617)
	at java.lang.Thread.run(Thread.java:745)
Exception in thread "QuorumConnectionThread-[myid=1]-4" java.lang.IllegalArgumentException: Cannot support TLS_ECDHE_ECDSA_WITH_AES_256_CBC_SHA384 with currently installed providers
	at sun.security.ssl.CipherSuiteList.<init>(CipherSuiteList.java:92)
	at sun.security.ssl.SSLSocketImpl.setEnabledCipherSuites(SSLSocketImpl.java:2419)
	at javax.net.ssl.SSLSocket.setSSLParameters(SSLSocket.java:650)
	at sun.security.ssl.SSLSocketImpl.setSSLParameters(SSLSocketImpl.java:2544)
	at org.apache.zookeeper.common.SSLContextAndOptions.configureSSLSocket(SSLContextAndOptions.java:125)
	at org.apache.zookeeper.common.SSLContextAndOptions.createSSLSocket(SSLContextAndOptions.java:80)
	at org.apache.zookeeper.common.X509Util.createSSLSocket(X509Util.java:517)
	at org.apache.zookeeper.server.quorum.QuorumCnxManager.initiateConnection(QuorumCnxManager.java:379)
	at org.apache.zookeeper.server.quorum.QuorumCnxManager$QuorumConnectionReqThread.run(QuorumCnxManager.java:458)
	at java.util.concurrent.ThreadPoolExecutor.runWorker(ThreadPoolExecutor.java:1142)
	at java.util.concurrent.ThreadPoolExecutor$Worker.run(ThreadPoolExecutor.java:617)
	at java.lang.Thread.run(Thread.java:745)
Exception in thread "QuorumConnectionThread-[myid=1]-5" java.lang.IllegalArgumentException: Cannot support TLS_ECDHE_ECDSA_WITH_AES_256_CBC_SHA384 with currently installed providers
	at sun.security.ssl.CipherSuiteList.<init>(CipherSuiteList.java:92)
	at sun.security.ssl.SSLSocketImpl.setEnabledCipherSuites(SSLSocketImpl.java:2419)
	at javax.net.ssl.SSLSocket.setSSLParameters(SSLSocket.java:650)
	at sun.security.ssl.SSLSocketImpl.setSSLParameters(SSLSocketImpl.java:2544)
	at org.apache.zookeeper.common.SSLContextAndOptions.configureSSLSocket(SSLContextAndOptions.java:125)
	at org.apache.zookeeper.common.SSLContextAndOptions.createSSLSocket(SSLContextAndOptions.java:80)
	at org.apache.zookeeper.common.X509Util.createSSLSocket(X509Util.java:517)
	at org.apache.zookeeper.server.quorum.QuorumCnxManager.initiateConnection(QuorumCnxManager.java:379)
	at org.apache.zookeeper.server.quorum.QuorumCnxManager$QuorumConnectionReqThread.run(QuorumCnxManager.java:458)
	at java.util.concurrent.ThreadPoolExecutor.runWorker(ThreadPoolExecutor.java:1142)
	at java.util.concurrent.ThreadPoolExecutor$Worker.run(ThreadPoolExecutor.java:617)
	at java.lang.Thread.run(Thread.java:745)
Exception in thread "QuorumConnectionThread-[myid=2]-5" java.lang.IllegalArgumentException: Cannot support TLS_ECDHE_ECDSA_WITH_AES_256_CBC_SHA384 with currently installed providers
	at sun.security.ssl.CipherSuiteList.<init>(CipherSuiteList.java:92)
	at sun.security.ssl.SSLSocketImpl.setEnabledCipherSuites(SSLSocketImpl.java:2419)
	at javax.net.ssl.SSLSocket.setSSLParameters(SSLSocket.java:650)
	at sun.security.ssl.SSLSocketImpl.setSSLParameters(SSLSocketImpl.java:2544)
	at org.apache.zookeeper.common.SSLContextAndOptions.configureSSLSocket(SSLContextAndOptions.java:125)
	at org.apache.zookeeper.common.SSLContextAndOptions.createSSLSocket(SSLContextAndOptions.java:80)
	at org.apache.zookeeper.common.X509Util.createSSLSocket(X509Util.java:517)
	at org.apache.zookeeper.server.quorum.QuorumCnxManager.initiateConnection(QuorumCnxManager.java:379)
	at org.apache.zookeeper.server.quorum.QuorumCnxManager$QuorumConnectionReqThread.run(QuorumCnxManager.java:458)
	at java.util.concurrent.ThreadPoolExecutor.runWorker(ThreadPoolExecutor.java:1142)
	at java.util.concurrent.ThreadPoolExecutor$Worker.run(ThreadPoolExecutor.java:617)
	at java.lang.Thread.run(Thread.java:745)
Exception in thread "QuorumConnectionThread-[myid=2]-6" java.lang.IllegalArgumentException: Cannot support TLS_ECDHE_ECDSA_WITH_AES_256_CBC_SHA384 with currently installed providers
	at sun.security.ssl.CipherSuiteList.<init>(CipherSuiteList.java:92)
	at sun.security.ssl.SSLSocketImpl.setEnabledCipherSuites(SSLSocketImpl.java:2419)
	at javax.net.ssl.SSLSocket.setSSLParameters(SSLSocket.java:650)
	at sun.security.ssl.SSLSocketImpl.setSSLParameters(SSLSocketImpl.java:2544)
	at org.apache.zookeeper.common.SSLContextAndOptions.configureSSLSocket(SSLContextAndOptions.java:125)
	at org.apache.zookeeper.common.SSLContextAndOptions.createSSLSocket(SSLContextAndOptions.java:80)
	at org.apache.zookeeper.common.X509Util.createSSLSocket(X509Util.java:517)
	at org.apache.zookeeper.server.quorum.QuorumCnxManager.initiateConnection(QuorumCnxManager.java:379)
	at org.apache.zookeeper.server.quorum.QuorumCnxManager$QuorumConnectionReqThread.run(QuorumCnxManager.java:458)
	at java.util.concurrent.ThreadPoolExecutor.runWorker(ThreadPoolExecutor.java:1142)
	at java.util.concurrent.ThreadPoolExecutor$Worker.run(ThreadPoolExecutor.java:617)
	at java.lang.Thread.run(Thread.java:745)
Exception in thread "QuorumConnectionThread-[myid=2]-7" java.lang.IllegalArgumentException: Cannot support TLS_ECDHE_ECDSA_WITH_AES_256_CBC_SHA384 with currently installed providers
	at sun.security.ssl.CipherSuiteList.<init>(CipherSuiteList.java:92)
	at sun.security.ssl.SSLSocketImpl.setEnabledCipherSuites(SSLSocketImpl.java:2419)
	at javax.net.ssl.SSLSocket.setSSLParameters(SSLSocket.java:650)
	at sun.security.ssl.SSLSocketImpl.setSSLParameters(SSLSocketImpl.java:2544)
	at org.apache.zookeeper.common.SSLContextAndOptions.configureSSLSocket(SSLContextAndOptions.java:125)
	at org.apache.zookeeper.common.SSLContextAndOptions.createSSLSocket(SSLContextAndOptions.java:80)
	at org.apache.zookeeper.common.X509Util.createSSLSocket(X509Util.java:517)
	at org.apache.zookeeper.server.quorum.QuorumCnxManager.initiateConnection(QuorumCnxManager.java:379)
	at org.apache.zookeeper.server.quorum.QuorumCnxManager$QuorumConnectionReqThread.run(QuorumCnxManager.java:458)
	at java.util.concurrent.ThreadPoolExecutor.runWorker(ThreadPoolExecutor.java:1142)
	at java.util.concurrent.ThreadPoolExecutor$Worker.run(ThreadPoolExecutor.java:617)
	at java.lang.Thread.run(Thread.java:745)
Exception in thread "QuorumConnectionThread-[myid=1]-7" java.lang.IllegalArgumentException: Cannot support TLS_ECDHE_ECDSA_WITH_AES_256_CBC_SHA384 with currently installed providers
	at sun.security.ssl.CipherSuiteList.<init>(CipherSuiteList.java:92)
	at sun.security.ssl.SSLSocketImpl.setEnabledCipherSuites(SSLSocketImpl.java:2419)
	at javax.net.ssl.SSLSocket.setSSLParameters(SSLSocket.java:650)
	at sun.security.ssl.SSLSocketImpl.setSSLParameters(SSLSocketImpl.java:2544)
	at org.apache.zookeeper.common.SSLContextAndOptions.configureSSLSocket(SSLContextAndOptions.java:125)
	at org.apache.zookeeper.common.SSLContextAndOptions.createSSLSocket(SSLContextAndOptions.java:80)
	at org.apache.zookeeper.common.X509Util.createSSLSocket(X509Util.java:517)
	at org.apache.zookeeper.server.quorum.QuorumCnxManager.initiateConnection(QuorumCnxManager.java:379)
	at org.apache.zookeeper.server.quorum.QuorumCnxManager$QuorumConnectionReqThread.run(QuorumCnxManager.java:458)
	at java.util.concurrent.ThreadPoolExecutor.runWorker(ThreadPoolExecutor.java:1142)
	at java.util.concurrent.ThreadPoolExecutor$Worker.run(ThreadPoolExecutor.java:617)
	at java.lang.Thread.run(Thread.java:745)
Exception in thread "QuorumConnectionThread-[myid=1]-6" java.lang.IllegalArgumentException: Cannot support TLS_ECDHE_ECDSA_WITH_AES_256_CBC_SHA384 with currently installed providers
	at sun.security.ssl.CipherSuiteList.<init>(CipherSuiteList.java:92)
	at sun.security.ssl.SSLSocketImpl.setEnabledCipherSuites(SSLSocketImpl.java:2419)
	at javax.net.ssl.SSLSocket.setSSLParameters(SSLSocket.java:650)
	at sun.security.ssl.SSLSocketImpl.setSSLParameters(SSLSocketImpl.java:2544)
	at org.apache.zookeeper.common.SSLContextAndOptions.configureSSLSocket(SSLContextAndOptions.java:125)
	at org.apache.zookeeper.common.SSLContextAndOptions.createSSLSocket(SSLContextAndOptions.java:80)
	at org.apache.zookeeper.common.X509Util.createSSLSocket(X509Util.java:517)
	at org.apache.zookeeper.server.quorum.QuorumCnxManager.initiateConnection(QuorumCnxManager.java:379)
	at org.apache.zookeeper.server.quorum.QuorumCnxManager$QuorumConnectionReqThread.run(QuorumCnxManager.java:458)
	at java.util.concurrent.ThreadPoolExecutor.runWorker(ThreadPoolExecutor.java:1142)
	at java.util.concurrent.ThreadPoolExecutor$Worker.run(ThreadPoolExecutor.java:617)
	at java.lang.Thread.run(Thread.java:745)
Exception in thread "QuorumConnectionThread-[myid=1]-8" java.lang.IllegalArgumentException: Cannot support TLS_ECDHE_ECDSA_WITH_AES_256_CBC_SHA384 with currently installed providers
	at sun.security.ssl.CipherSuiteList.<init>(CipherSuiteList.java:92)
	at sun.security.ssl.SSLSocketImpl.setEnabledCipherSuites(SSLSocketImpl.java:2419)
	at javax.net.ssl.SSLSocket.setSSLParameters(SSLSocket.java:650)
	at sun.security.ssl.SSLSocketImpl.setSSLParameters(SSLSocketImpl.java:2544)
	at org.apache.zookeeper.common.SSLContextAndOptions.configureSSLSocket(SSLContextAndOptions.java:125)
	at org.apache.zookeeper.common.SSLContextAndOptions.createSSLSocket(SSLContextAndOptions.java:80)
	at org.apache.zookeeper.common.X509Util.createSSLSocket(X509Util.java:517)
	at org.apache.zookeeper.server.quorum.QuorumCnxManager.initiateConnection(QuorumCnxManager.java:379)
	at org.apache.zookeeper.server.quorum.QuorumCnxManager$QuorumConnectionReqThread.run(QuorumCnxManager.java:458)
	at java.util.concurrent.ThreadPoolExecutor.runWorker(ThreadPoolExecutor.java:1142)
	at java.util.concurrent.ThreadPoolExecutor$Worker.run(ThreadPoolExecutor.java:617)
	at java.lang.Thread.run(Thread.java:745)
Exception in thread "QuorumConnectionThread-[myid=2]-8" java.lang.IllegalArgumentException: Cannot support TLS_ECDHE_ECDSA_WITH_AES_256_CBC_SHA384 with currently installed providers
	at sun.security.ssl.CipherSuiteList.<init>(CipherSuiteList.java:92)
	at sun.security.ssl.SSLSocketImpl.setEnabledCipherSuites(SSLSocketImpl.java:2419)
	at javax.net.ssl.SSLSocket.setSSLParameters(SSLSocket.java:650)
	at sun.security.ssl.SSLSocketImpl.setSSLParameters(SSLSocketImpl.java:2544)
	at org.apache.zookeeper.common.SSLContextAndOptions.configureSSLSocket(SSLContextAndOptions.java:125)
	at org.apache.zookeeper.common.SSLContextAndOptions.createSSLSocket(SSLContextAndOptions.java:80)
	at org.apache.zookeeper.common.X509Util.createSSLSocket(X509Util.java:517)
	at org.apache.zookeeper.server.quorum.QuorumCnxManager.initiateConnection(QuorumCnxManager.java:379)
	at org.apache.zookeeper.server.quorum.QuorumCnxManager$QuorumConnectionReqThread.run(QuorumCnxManager.java:458)
	at java.util.concurrent.ThreadPoolExecutor.runWorker(ThreadPoolExecutor.java:1142)
	at java.util.concurrent.ThreadPoolExecutor$Worker.run(ThreadPoolExecutor.java:617)
	at java.lang.Thread.run(Thread.java:745)
Exception in thread "QuorumConnectionThread-[myid=2]-9" java.lang.IllegalArgumentException: Cannot support TLS_ECDHE_ECDSA_WITH_AES_256_CBC_SHA384 with currently installed providers
	at sun.security.ssl.CipherSuiteList.<init>(CipherSuiteList.java:92)
	at sun.security.ssl.SSLSocketImpl.setEnabledCipherSuites(SSLSocketImpl.java:2419)
	at javax.net.ssl.SSLSocket.setSSLParameters(SSLSocket.java:650)
	at sun.security.ssl.SSLSocketImpl.setSSLParameters(SSLSocketImpl.java:2544)
	at org.apache.zookeeper.common.SSLContextAndOptions.configureSSLSocket(SSLContextAndOptions.java:125)
	at org.apache.zookeeper.common.SSLContextAndOptions.createSSLSocket(SSLContextAndOptions.java:80)
	at org.apache.zookeeper.common.X509Util.createSSLSocket(X509Util.java:517)
	at org.apache.zookeeper.server.quorum.QuorumCnxManager.initiateConnection(QuorumCnxManager.java:379)
	at org.apache.zookeeper.server.quorum.QuorumCnxManager$QuorumConnectionReqThread.run(QuorumCnxManager.java:458)
	at java.util.concurrent.ThreadPoolExecutor.runWorker(ThreadPoolExecutor.java:1142)
	at java.util.concurrent.ThreadPoolExecutor$Worker.run(ThreadPoolExecutor.java:617)
	at java.lang.Thread.run(Thread.java:745)
Exception in thread "QuorumConnectionThread-[myid=1]-9" java.lang.IllegalArgumentException: Cannot support TLS_ECDHE_ECDSA_WITH_AES_256_CBC_SHA384 with currently installed providers
	at sun.security.ssl.CipherSuiteList.<init>(CipherSuiteList.java:92)
	at sun.security.ssl.SSLSocketImpl.setEnabledCipherSuites(SSLSocketImpl.java:2419)
	at javax.net.ssl.SSLSocket.setSSLParameters(SSLSocket.java:650)
	at sun.security.ssl.SSLSocketImpl.setSSLParameters(SSLSocketImpl.java:2544)
	at org.apache.zookeeper.common.SSLContextAndOptions.configureSSLSocket(SSLContextAndOptions.java:125)
	at org.apache.zookeeper.common.SSLContextAndOptions.createSSLSocket(SSLContextAndOptions.java:80)
	at org.apache.zookeeper.common.X509Util.createSSLSocket(X509Util.java:517)
	at org.apache.zookeeper.server.quorum.QuorumCnxManager.initiateConnection(QuorumCnxManager.java:379)
	at org.apache.zookeeper.server.quorum.QuorumCnxManager$QuorumConnectionReqThread.run(QuorumCnxManager.java:458)
	at java.util.concurrent.ThreadPoolExecutor.runWorker(ThreadPoolExecutor.java:1142)
	at java.util.concurrent.ThreadPoolExecutor$Worker.run(ThreadPoolExecutor.java:617)
	at java.lang.Thread.run(Thread.java:745)
Exception in thread "QuorumConnectionThread-[myid=1]-11" java.lang.IllegalArgumentException: Cannot support TLS_ECDHE_ECDSA_WITH_AES_256_CBC_SHA384 with currently installed providers
	at sun.security.ssl.CipherSuiteList.<init>(CipherSuiteList.java:92)
	at sun.security.ssl.SSLSocketImpl.setEnabledCipherSuites(SSLSocketImpl.java:2419)
	at javax.net.ssl.SSLSocket.setSSLParameters(SSLSocket.java:650)
	at sun.security.ssl.SSLSocketImpl.setSSLParameters(SSLSocketImpl.java:2544)
	at org.apache.zookeeper.common.SSLContextAndOptions.configureSSLSocket(SSLContextAndOptions.java:125)
	at org.apache.zookeeper.common.SSLContextAndOptions.createSSLSocket(SSLContextAndOptions.java:80)
	at org.apache.zookeeper.common.X509Util.createSSLSocket(X509Util.java:517)
	at org.apache.zookeeper.server.quorum.QuorumCnxManager.initiateConnection(QuorumCnxManager.java:379)
	at org.apache.zookeeper.server.quorum.QuorumCnxManager$QuorumConnectionReqThread.run(QuorumCnxManager.java:458)
	at java.util.concurrent.ThreadPoolExecutor.runWorker(ThreadPoolExecutor.java:1142)
	at java.util.concurrent.ThreadPoolExecutor$Worker.run(ThreadPoolExecutor.java:617)
	at java.lang.Thread.run(Thread.java:745)
Exception in thread "QuorumConnectionThread-[myid=2]-11" java.lang.IllegalArgumentException: Cannot support TLS_ECDHE_ECDSA_WITH_AES_256_CBC_SHA384 with currently installed providers
	at sun.security.ssl.CipherSuiteList.<init>(CipherSuiteList.java:92)
	at sun.security.ssl.SSLSocketImpl.setEnabledCipherSuites(SSLSocketImpl.java:2419)
	at javax.net.ssl.SSLSocket.setSSLParameters(SSLSocket.java:650)
	at sun.security.ssl.SSLSocketImpl.setSSLParameters(SSLSocketImpl.java:2544)
	at org.apache.zookeeper.common.SSLContextAndOptions.configureSSLSocket(SSLContextAndOptions.java:125)
	at org.apache.zookeeper.common.SSLContextAndOptions.createSSLSocket(SSLContextAndOptions.java:80)
	at org.apache.zookeeper.common.X509Util.createSSLSocket(X509Util.java:517)
	at org.apache.zookeeper.server.quorum.QuorumCnxManager.initiateConnection(QuorumCnxManager.java:379)
	at org.apache.zookeeper.server.quorum.QuorumCnxManager$QuorumConnectionReqThread.run(QuorumCnxManager.java:458)
	at java.util.concurrent.ThreadPoolExecutor.runWorker(ThreadPoolExecutor.java:1142)
	at java.util.concurrent.ThreadPoolExecutor$Worker.run(ThreadPoolExecutor.java:617)
	at java.lang.Thread.run(Thread.java:745)
Exception in thread "QuorumConnectionThread-[myid=1]-10" java.lang.IllegalArgumentException: Cannot support TLS_ECDHE_ECDSA_WITH_AES_256_CBC_SHA384 with currently installed providers
	at sun.security.ssl.CipherSuiteList.<init>(CipherSuiteList.java:92)
	at sun.security.ssl.SSLSocketImpl.setEnabledCipherSuites(SSLSocketImpl.java:2419)
	at javax.net.ssl.SSLSocket.setSSLParameters(SSLSocket.java:650)
	at sun.security.ssl.SSLSocketImpl.setSSLParameters(SSLSocketImpl.java:2544)
	at org.apache.zookeeper.common.SSLContextAndOptions.configureSSLSocket(SSLContextAndOptions.java:125)
	at org.apache.zookeeper.common.SSLContextAndOptions.createSSLSocket(SSLContextAndOptions.java:80)
	at org.apache.zookeeper.common.X509Util.createSSLSocket(X509Util.java:517)
	at org.apache.zookeeper.server.quorum.QuorumCnxManager.initiateConnection(QuorumCnxManager.java:379)
	at org.apache.zookeeper.server.quorum.QuorumCnxManager$QuorumConnectionReqThread.run(QuorumCnxManager.java:458)
	at java.util.concurrent.ThreadPoolExecutor.runWorker(ThreadPoolExecutor.java:1142)
	at java.util.concurrent.ThreadPoolExecutor$Worker.run(ThreadPoolExecutor.java:617)
	at java.lang.Thread.run(Thread.java:745)
Exception in thread "QuorumConnectionThread-[myid=2]-10" java.lang.IllegalArgumentException: Cannot support TLS_ECDHE_ECDSA_WITH_AES_256_CBC_SHA384 with currently installed providers
	at sun.security.ssl.CipherSuiteList.<init>(CipherSuiteList.java:92)
	at sun.security.ssl.SSLSocketImpl.setEnabledCipherSuites(SSLSocketImpl.java:2419)
	at javax.net.ssl.SSLSocket.setSSLParameters(SSLSocket.java:650)
	at sun.security.ssl.SSLSocketImpl.setSSLParameters(SSLSocketImpl.java:2544)
	at org.apache.zookeeper.common.SSLContextAndOptions.configureSSLSocket(SSLContextAndOptions.java:125)
	at org.apache.zookeeper.common.SSLContextAndOptions.createSSLSocket(SSLContextAndOptions.java:80)
	at org.apache.zookeeper.common.X509Util.createSSLSocket(X509Util.java:517)
	at org.apache.zookeeper.server.quorum.QuorumCnxManager.initiateConnection(QuorumCnxManager.java:379)
	at org.apache.zookeeper.server.quorum.QuorumCnxManager$QuorumConnectionReqThread.run(QuorumCnxManager.java:458)
	at java.util.concurrent.ThreadPoolExecutor.runWorker(ThreadPoolExecutor.java:1142)
	at java.util.concurrent.ThreadPoolExecutor$Worker.run(ThreadPoolExecutor.java:617)
	at java.lang.Thread.run(Thread.java:745)
Exception in thread "QuorumConnectionThread-[myid=1]-13" java.lang.IllegalArgumentException: Cannot support TLS_ECDHE_ECDSA_WITH_AES_256_CBC_SHA384 with currently installed providers
	at sun.security.ssl.CipherSuiteList.<init>(CipherSuiteList.java:92)
	at sun.security.ssl.SSLSocketImpl.setEnabledCipherSuites(SSLSocketImpl.java:2419)
	at javax.net.ssl.SSLSocket.setSSLParameters(SSLSocket.java:650)
	at sun.security.ssl.SSLSocketImpl.setSSLParameters(SSLSocketImpl.java:2544)
	at org.apache.zookeeper.common.SSLContextAndOptions.configureSSLSocket(SSLContextAndOptions.java:125)
	at org.apache.zookeeper.common.SSLContextAndOptions.createSSLSocket(SSLContextAndOptions.java:80)
	at org.apache.zookeeper.common.X509Util.createSSLSocket(X509Util.java:517)
	at org.apache.zookeeper.server.quorum.QuorumCnxManager.initiateConnection(QuorumCnxManager.java:379)
	at org.apache.zookeeper.server.quorum.QuorumCnxManager$QuorumConnectionReqThread.run(QuorumCnxManager.java:458)
	at java.util.concurrent.ThreadPoolExecutor.runWorker(ThreadPoolExecutor.java:1142)
	at java.util.concurrent.ThreadPoolExecutor$Worker.run(ThreadPoolExecutor.java:617)
	at java.lang.Thread.run(Thread.java:745)
Exception in thread "QuorumConnectionThread-[myid=2]-13" java.lang.IllegalArgumentException: Cannot support TLS_ECDHE_ECDSA_WITH_AES_256_CBC_SHA384 with currently installed providers
	at sun.security.ssl.CipherSuiteList.<init>(CipherSuiteList.java:92)
	at sun.security.ssl.SSLSocketImpl.setEnabledCipherSuites(SSLSocketImpl.java:2419)
	at javax.net.ssl.SSLSocket.setSSLParameters(SSLSocket.java:650)
	at sun.security.ssl.SSLSocketImpl.setSSLParameters(SSLSocketImpl.java:2544)
	at org.apache.zookeeper.common.SSLContextAndOptions.configureSSLSocket(SSLContextAndOptions.java:125)
	at org.apache.zookeeper.common.SSLContextAndOptions.createSSLSocket(SSLContextAndOptions.java:80)
	at org.apache.zookeeper.common.X509Util.createSSLSocket(X509Util.java:517)
	at org.apache.zookeeper.server.quorum.QuorumCnxManager.initiateConnection(QuorumCnxManager.java:379)
	at org.apache.zookeeper.server.quorum.QuorumCnxManager$QuorumConnectionReqThread.run(QuorumCnxManager.java:458)
	at java.util.concurrent.ThreadPoolExecutor.runWorker(ThreadPoolExecutor.java:1142)
	at java.util.concurrent.ThreadPoolExecutor$Worker.run(ThreadPoolExecutor.java:617)
	at java.lang.Thread.run(Thread.java:745)
Exception in thread "QuorumConnectionThread-[myid=1]-12" java.lang.IllegalArgumentException: Cannot support TLS_ECDHE_ECDSA_WITH_AES_256_CBC_SHA384 with currently installed providers
	at sun.security.ssl.CipherSuiteList.<init>(CipherSuiteList.java:92)
	at sun.security.ssl.SSLSocketImpl.setEnabledCipherSuites(SSLSocketImpl.java:2419)
	at javax.net.ssl.SSLSocket.setSSLParameters(SSLSocket.java:650)
	at sun.security.ssl.SSLSocketImpl.setSSLParameters(SSLSocketImpl.java:2544)
	at org.apache.zookeeper.common.SSLContextAndOptions.configureSSLSocket(SSLContextAndOptions.java:125)
	at org.apache.zookeeper.common.SSLContextAndOptions.createSSLSocket(SSLContextAndOptions.java:80)
	at org.apache.zookeeper.common.X509Util.createSSLSocket(X509Util.java:517)
	at org.apache.zookeeper.server.quorum.QuorumCnxManager.initiateConnection(QuorumCnxManager.java:379)
	at org.apache.zookeeper.server.quorum.QuorumCnxManager$QuorumConnectionReqThread.run(QuorumCnxManager.java:458)
	at java.util.concurrent.ThreadPoolExecutor.runWorker(ThreadPoolExecutor.java:1142)
	at java.util.concurrent.ThreadPoolExecutor$Worker.run(ThreadPoolExecutor.java:617)
	at java.lang.Thread.run(Thread.java:745)
Exception in thread "QuorumConnectionThread-[myid=2]-12" java.lang.IllegalArgumentException: Cannot support TLS_ECDHE_ECDSA_WITH_AES_256_CBC_SHA384 with currently installed providers
	at sun.security.ssl.CipherSuiteList.<init>(CipherSuiteList.java:92)
	at sun.security.ssl.SSLSocketImpl.setEnabledCipherSuites(SSLSocketImpl.java:2419)
	at javax.net.ssl.SSLSocket.setSSLParameters(SSLSocket.java:650)
	at sun.security.ssl.SSLSocketImpl.setSSLParameters(SSLSocketImpl.java:2544)
	at org.apache.zookeeper.common.SSLContextAndOptions.configureSSLSocket(SSLContextAndOptions.java:125)
	at org.apache.zookeeper.common.SSLContextAndOptions.createSSLSocket(SSLContextAndOptions.java:80)
	at org.apache.zookeeper.common.X509Util.createSSLSocket(X509Util.java:517)
	at org.apache.zookeeper.server.quorum.QuorumCnxManager.initiateConnection(QuorumCnxManager.java:379)
	at org.apache.zookeeper.server.quorum.QuorumCnxManager$QuorumConnectionReqThread.run(QuorumCnxManager.java:458)
	at java.util.concurrent.ThreadPoolExecutor.runWorker(ThreadPoolExecutor.java:1142)
	at java.util.concurrent.ThreadPoolExecutor$Worker.run(ThreadPoolExecutor.java:617)
	at java.lang.Thread.run(Thread.java:745)
Exception in thread "QuorumConnectionThread-[myid=1]-15" java.lang.IllegalArgumentException: Cannot support TLS_ECDHE_ECDSA_WITH_AES_256_CBC_SHA384 with currently installed providers
	at sun.security.ssl.CipherSuiteList.<init>(CipherSuiteList.java:92)
	at sun.security.ssl.SSLSocketImpl.setEnabledCipherSuites(SSLSocketImpl.java:2419)
	at javax.net.ssl.SSLSocket.setSSLParameters(SSLSocket.java:650)
	at sun.security.ssl.SSLSocketImpl.setSSLParameters(SSLSocketImpl.java:2544)
	at org.apache.zookeeper.common.SSLContextAndOptions.configureSSLSocket(SSLContextAndOptions.java:125)
	at org.apache.zookeeper.common.SSLContextAndOptions.createSSLSocket(SSLContextAndOptions.java:80)
	at org.apache.zookeeper.common.X509Util.createSSLSocket(X509Util.java:517)
	at org.apache.zookeeper.server.quorum.QuorumCnxManager.initiateConnection(QuorumCnxManager.java:379)
	at org.apache.zookeeper.server.quorum.QuorumCnxManager$QuorumConnectionReqThread.run(QuorumCnxManager.java:458)
	at java.util.concurrent.ThreadPoolExecutor.runWorker(ThreadPoolExecutor.java:1142)
	at java.util.concurrent.ThreadPoolExecutor$Worker.run(ThreadPoolExecutor.java:617)
	at java.lang.Thread.run(Thread.java:745)
Exception in thread "QuorumConnectionThread-[myid=1]-14" java.lang.IllegalArgumentException: Cannot support TLS_ECDHE_ECDSA_WITH_AES_256_CBC_SHA384 with currently installed providers
	at sun.security.ssl.CipherSuiteList.<init>(CipherSuiteList.java:92)
	at sun.security.ssl.SSLSocketImpl.setEnabledCipherSuites(SSLSocketImpl.java:2419)
	at javax.net.ssl.SSLSocket.setSSLParameters(SSLSocket.java:650)
	at sun.security.ssl.SSLSocketImpl.setSSLParameters(SSLSocketImpl.java:2544)
	at org.apache.zookeeper.common.SSLContextAndOptions.configureSSLSocket(SSLContextAndOptions.java:125)
	at org.apache.zookeeper.common.SSLContextAndOptions.createSSLSocket(SSLContextAndOptions.java:80)
	at org.apache.zookeeper.common.X509Util.createSSLSocket(X509Util.java:517)
	at org.apache.zookeeper.server.quorum.QuorumCnxManager.initiateConnection(QuorumCnxManager.java:379)
	at org.apache.zookeeper.server.quorum.QuorumCnxManager$QuorumConnectionReqThread.run(QuorumCnxManager.java:458)
	at java.util.concurrent.ThreadPoolExecutor.runWorker(ThreadPoolExecutor.java:1142)
	at java.util.concurrent.ThreadPoolExecutor$Worker.run(ThreadPoolExecutor.java:617)
	at java.lang.Thread.run(Thread.java:745)
Exception in thread "QuorumConnectionThread-[myid=2]-15" java.lang.IllegalArgumentException: Cannot support TLS_ECDHE_ECDSA_WITH_AES_256_CBC_SHA384 with currently installed providers
	at sun.security.ssl.CipherSuiteList.<init>(CipherSuiteList.java:92)
	at sun.security.ssl.SSLSocketImpl.setEnabledCipherSuites(SSLSocketImpl.java:2419)
	at javax.net.ssl.SSLSocket.setSSLParameters(SSLSocket.java:650)
	at sun.security.ssl.SSLSocketImpl.setSSLParameters(SSLSocketImpl.java:2544)
	at org.apache.zookeeper.common.SSLContextAndOptions.configureSSLSocket(SSLContextAndOptions.java:125)
	at org.apache.zookeeper.common.SSLContextAndOptions.createSSLSocket(SSLContextAndOptions.java:80)
	at org.apache.zookeeper.common.X509Util.createSSLSocket(X509Util.java:517)
	at org.apache.zookeeper.server.quorum.QuorumCnxManager.initiateConnection(QuorumCnxManager.java:379)
	at org.apache.zookeeper.server.quorum.QuorumCnxManager$QuorumConnectionReqThread.run(QuorumCnxManager.java:458)
	at java.util.concurrent.ThreadPoolExecutor.runWorker(ThreadPoolExecutor.java:1142)
	at java.util.concurrent.ThreadPoolExecutor$Worker.run(ThreadPoolExecutor.java:617)
	at java.lang.Thread.run(Thread.java:745)
Exception in thread "QuorumConnectionThread-[myid=2]-14" java.lang.IllegalArgumentException: Cannot support TLS_ECDHE_ECDSA_WITH_AES_256_CBC_SHA384 with currently installed providers
	at sun.security.ssl.CipherSuiteList.<init>(CipherSuiteList.java:92)
	at sun.security.ssl.SSLSocketImpl.setEnabledCipherSuites(SSLSocketImpl.java:2419)
	at javax.net.ssl.SSLSocket.setSSLParameters(SSLSocket.java:650)
	at sun.security.ssl.SSLSocketImpl.setSSLParameters(SSLSocketImpl.java:2544)
	at org.apache.zookeeper.common.SSLContextAndOptions.configureSSLSocket(SSLContextAndOptions.java:125)
	at org.apache.zookeeper.common.SSLContextAndOptions.createSSLSocket(SSLContextAndOptions.java:80)
	at org.apache.zookeeper.common.X509Util.createSSLSocket(X509Util.java:517)
	at org.apache.zookeeper.server.quorum.QuorumCnxManager.initiateConnection(QuorumCnxManager.java:379)
	at org.apache.zookeeper.server.quorum.QuorumCnxManager$QuorumConnectionReqThread.run(QuorumCnxManager.java:458)
	at java.util.concurrent.ThreadPoolExecutor.runWorker(ThreadPoolExecutor.java:1142)
	at java.util.concurrent.ThreadPoolExecutor$Worker.run(ThreadPoolExecutor.java:617)
	at java.lang.Thread.run(Thread.java:745)
Exception in thread "QuorumConnectionThread-[myid=2]-17" java.lang.IllegalArgumentException: Cannot support TLS_ECDHE_ECDSA_WITH_AES_256_CBC_SHA384 with currently installed providers
	at sun.security.ssl.CipherSuiteList.<init>(CipherSuiteList.java:92)
	at sun.security.ssl.SSLSocketImpl.setEnabledCipherSuites(SSLSocketImpl.java:2419)
	at javax.net.ssl.SSLSocket.setSSLParameters(SSLSocket.java:650)
	at sun.security.ssl.SSLSocketImpl.setSSLParameters(SSLSocketImpl.java:2544)
	at org.apache.zookeeper.common.SSLContextAndOptions.configureSSLSocket(SSLContextAndOptions.java:125)
	at org.apache.zookeeper.common.SSLContextAndOptions.createSSLSocket(SSLContextAndOptions.java:80)
	at org.apache.zookeeper.common.X509Util.createSSLSocket(X509Util.java:517)
	at org.apache.zookeeper.server.quorum.QuorumCnxManager.initiateConnection(QuorumCnxManager.java:379)
	at org.apache.zookeeper.server.quorum.QuorumCnxManager$QuorumConnectionReqThread.run(QuorumCnxManager.java:458)
	at java.util.concurrent.ThreadPoolExecutor.runWorker(ThreadPoolExecutor.java:1142)
	at java.util.concurrent.ThreadPoolExecutor$Worker.run(ThreadPoolExecutor.java:617)
	at java.lang.Thread.run(Thread.java:745)
Exception in thread "QuorumConnectionThread-[myid=1]-17" java.lang.IllegalArgumentException: Cannot support TLS_ECDHE_ECDSA_WITH_AES_256_CBC_SHA384 with currently installed providers
	at sun.security.ssl.CipherSuiteList.<init>(CipherSuiteList.java:92)
	at sun.security.ssl.SSLSocketImpl.setEnabledCipherSuites(SSLSocketImpl.java:2419)
	at javax.net.ssl.SSLSocket.setSSLParameters(SSLSocket.java:650)
	at sun.security.ssl.SSLSocketImpl.setSSLParameters(SSLSocketImpl.java:2544)
	at org.apache.zookeeper.common.SSLContextAndOptions.configureSSLSocket(SSLContextAndOptions.java:125)
	at org.apache.zookeeper.common.SSLContextAndOptions.createSSLSocket(SSLContextAndOptions.java:80)
	at org.apache.zookeeper.common.X509Util.createSSLSocket(X509Util.java:517)
	at org.apache.zookeeper.server.quorum.QuorumCnxManager.initiateConnection(QuorumCnxManager.java:379)
	at org.apache.zookeeper.server.quorum.QuorumCnxManager$QuorumConnectionReqThread.run(QuorumCnxManager.java:458)
	at java.util.concurrent.ThreadPoolExecutor.runWorker(ThreadPoolExecutor.java:1142)
	at java.util.concurrent.ThreadPoolExecutor$Worker.run(ThreadPoolExecutor.java:617)
	at java.lang.Thread.run(Thread.java:745)
Exception in thread "QuorumConnectionThread-[myid=2]-16" java.lang.IllegalArgumentException: Cannot support TLS_ECDHE_ECDSA_WITH_AES_256_CBC_SHA384 with currently installed providers
	at sun.security.ssl.CipherSuiteList.<init>(CipherSuiteList.java:92)
	at sun.security.ssl.SSLSocketImpl.setEnabledCipherSuites(SSLSocketImpl.java:2419)
	at javax.net.ssl.SSLSocket.setSSLParameters(SSLSocket.java:650)
	at sun.security.ssl.SSLSocketImpl.setSSLParameters(SSLSocketImpl.java:2544)
	at org.apache.zookeeper.common.SSLContextAndOptions.configureSSLSocket(SSLContextAndOptions.java:125)
	at org.apache.zookeeper.common.SSLContextAndOptions.createSSLSocket(SSLContextAndOptions.java:80)
	at org.apache.zookeeper.common.X509Util.createSSLSocket(X509Util.java:517)
	at org.apache.zookeeper.server.quorum.QuorumCnxManager.initiateConnection(QuorumCnxManager.java:379)
	at org.apache.zookeeper.server.quorum.QuorumCnxManager$QuorumConnectionReqThread.run(QuorumCnxManager.java:458)
	at java.util.concurrent.ThreadPoolExecutor.runWorker(ThreadPoolExecutor.java:1142)
	at java.util.concurrent.ThreadPoolExecutor$Worker.run(ThreadPoolExecutor.java:617)
	at java.lang.Thread.run(Thread.java:745)
Exception in thread "QuorumConnectionThread-[myid=1]-16" java.lang.IllegalArgumentException: Cannot support TLS_ECDHE_ECDSA_WITH_AES_256_CBC_SHA384 with currently installed providers
	at sun.security.ssl.CipherSuiteList.<init>(CipherSuiteList.java:92)
	at sun.security.ssl.SSLSocketImpl.setEnabledCipherSuites(SSLSocketImpl.java:2419)
	at javax.net.ssl.SSLSocket.setSSLParameters(SSLSocket.java:650)
	at sun.security.ssl.SSLSocketImpl.setSSLParameters(SSLSocketImpl.java:2544)
	at org.apache.zookeeper.common.SSLContextAndOptions.configureSSLSocket(SSLContextAndOptions.java:125)
	at org.apache.zookeeper.common.SSLContextAndOptions.createSSLSocket(SSLContextAndOptions.java:80)
	at org.apache.zookeeper.common.X509Util.createSSLSocket(X509Util.java:517)
	at org.apache.zookeeper.server.quorum.QuorumCnxManager.initiateConnection(QuorumCnxManager.java:379)
	at org.apache.zookeeper.server.quorum.QuorumCnxManager$QuorumConnectionReqThread.run(QuorumCnxManager.java:458)
	at java.util.concurrent.ThreadPoolExecutor.runWorker(ThreadPoolExecutor.java:1142)
	at java.util.concurrent.ThreadPoolExecutor$Worker.run(ThreadPoolExecutor.java:617)
	at java.lang.Thread.run(Thread.java:745)
]]></system-err>
  </testcase>
  <testcase name="testHostnameVerificationWithInvalidIpAddressAndInvalidHostname" classname="org.apache.zookeeper.server.quorum.QuorumSSLTest" time="45.801">
    <failure message="expected: &lt;true&gt; but was: &lt;false&gt;" type="org.opentest4j.AssertionFailedError"><![CDATA[org.opentest4j.AssertionFailedError: expected: <true> but was: <false>
	at org.apache.zookeeper.server.quorum.QuorumSSLTest.testHostnameVerification(QuorumSSLTest.java:671)
	at org.apache.zookeeper.server.quorum.QuorumSSLTest.testHostnameVerificationWithInvalidIpAddressAndInvalidHostname(QuorumSSLTest.java:600)
]]></failure>
    <system-out><![CDATA[2021-11-08 11:18:39,668 [myid:] - INFO  [main:ZKTestCase@77] - STARTING Optional[public void org.apache.zookeeper.server.quorum.QuorumSSLTest.testHostnameVerificationWithInvalidIpAddressAndInvalidHostname() throws java.lang.Exception]
2021-11-08 11:18:39,674 [myid:] - INFO  [main:PortAssignment@87] - Assigned port 30197 from range 30072 - 32764.
2021-11-08 11:18:39,674 [myid:] - INFO  [main:PortAssignment@87] - Assigned port 30198 from range 30072 - 32764.
2021-11-08 11:18:39,674 [myid:] - INFO  [main:PortAssignment@87] - Assigned port 30199 from range 30072 - 32764.
2021-11-08 11:18:39,675 [myid:] - INFO  [main:PortAssignment@87] - Assigned port 30200 from range 30072 - 32764.
2021-11-08 11:18:39,675 [myid:] - INFO  [main:PortAssignment@87] - Assigned port 30201 from range 30072 - 32764.
2021-11-08 11:18:39,675 [myid:] - INFO  [main:PortAssignment@87] - Assigned port 30202 from range 30072 - 32764.
2021-11-08 11:18:39,675 [myid:] - INFO  [main:PortAssignment@87] - Assigned port 30203 from range 30072 - 32764.
2021-11-08 11:18:39,675 [myid:] - INFO  [main:PortAssignment@87] - Assigned port 30204 from range 30072 - 32764.
2021-11-08 11:18:39,676 [myid:] - INFO  [main:PortAssignment@87] - Assigned port 30205 from range 30072 - 32764.
2021-11-08 11:18:40,191 [myid:1] - INFO  [WorkerSender[myid=1]:FastLeaderElection$Messenger$WorkerSender@506] - WorkerSender is down
2021-11-08 11:18:40,191 [myid:2] - INFO  [WorkerSender[myid=2]:FastLeaderElection$Messenger$WorkerSender@506] - WorkerSender is down
2021-11-08 11:18:40,191 [myid:2] - INFO  [WorkerReceiver[myid=2]:FastLeaderElection$Messenger$WorkerReceiver@472] - WorkerReceiver is down
2021-11-08 11:18:40,191 [myid:1] - INFO  [WorkerReceiver[myid=1]:FastLeaderElection$Messenger$WorkerReceiver@472] - WorkerReceiver is down
2021-11-08 11:18:55,261 [myid:] - INFO  [main:QuorumPeerTestBase$MainThread@205] - id = 1 tmpDir = D:\mysoft\faiscoGit\myStudy\ZooKeeperLearning\apache-zookeeper-3.7.0\zookeeper-server\target\surefire\test1539275879808293813.junit.dir clientPort = 30197 adminServerPort = 8080
2021-11-08 11:18:55,264 [myid:] - INFO  [main:QuorumPeerTestBase$MainThread@205] - id = 2 tmpDir = D:\mysoft\faiscoGit\myStudy\ZooKeeperLearning\apache-zookeeper-3.7.0\zookeeper-server\target\surefire\test871528330527174484.junit.dir clientPort = 30198 adminServerPort = 8080
2021-11-08 11:18:55,267 [myid:] - INFO  [main:FourLetterWordMain@94] - connecting to 127.0.0.1 30197
2021-11-08 11:18:55,267 [myid:] - INFO  [Thread-40:QuorumPeerConfig@174] - Reading configuration from: D:\mysoft\faiscoGit\myStudy\ZooKeeperLearning\apache-zookeeper-3.7.0\zookeeper-server\target\surefire\test871528330527174484.junit.dir\zoo.cfg
2021-11-08 11:18:55,267 [myid:] - INFO  [Thread-39:QuorumPeerConfig@174] - Reading configuration from: D:\mysoft\faiscoGit\myStudy\ZooKeeperLearning\apache-zookeeper-3.7.0\zookeeper-server\target\surefire\test1539275879808293813.junit.dir\zoo.cfg
2021-11-08 11:18:55,268 [myid:] - INFO  [Thread-40:QuorumPeerConfig@444] - clientPortAddress is 0.0.0.0:30198
2021-11-08 11:18:55,268 [myid:] - INFO  [Thread-40:QuorumPeerConfig@448] - secureClientPort is not set
2021-11-08 11:18:55,268 [myid:] - INFO  [Thread-40:QuorumPeerConfig@464] - observerMasterPort is not set
2021-11-08 11:18:55,268 [myid:] - INFO  [Thread-40:QuorumPeerConfig@481] - metricsProvider.className is org.apache.zookeeper.metrics.impl.DefaultMetricsProvider
2021-11-08 11:18:55,268 [myid:] - INFO  [Thread-39:QuorumPeerConfig@444] - clientPortAddress is 0.0.0.0:30197
2021-11-08 11:18:55,268 [myid:] - INFO  [Thread-39:QuorumPeerConfig@448] - secureClientPort is not set
2021-11-08 11:18:55,268 [myid:] - INFO  [Thread-39:QuorumPeerConfig@464] - observerMasterPort is not set
2021-11-08 11:18:55,268 [myid:] - INFO  [Thread-39:QuorumPeerConfig@481] - metricsProvider.className is org.apache.zookeeper.metrics.impl.DefaultMetricsProvider
2021-11-08 11:18:55,268 [myid:2] - INFO  [Thread-40:DatadirCleanupManager@78] - autopurge.snapRetainCount set to 3
2021-11-08 11:18:55,268 [myid:2] - INFO  [Thread-40:DatadirCleanupManager@79] - autopurge.purgeInterval set to 0
2021-11-08 11:18:55,268 [myid:2] - INFO  [Thread-40:DatadirCleanupManager@101] - Purge task is not scheduled.
2021-11-08 11:18:55,268 [myid:1] - INFO  [Thread-39:DatadirCleanupManager@78] - autopurge.snapRetainCount set to 3
2021-11-08 11:18:55,268 [myid:1] - INFO  [Thread-39:DatadirCleanupManager@79] - autopurge.purgeInterval set to 0
2021-11-08 11:18:55,268 [myid:1] - INFO  [Thread-39:DatadirCleanupManager@101] - Purge task is not scheduled.
2021-11-08 11:18:55,268 [myid:2] - INFO  [Thread-40:ManagedUtil@44] - Log4j 1.2 jmx support found and enabled.
2021-11-08 11:18:55,268 [myid:1] - INFO  [Thread-39:ManagedUtil@44] - Log4j 1.2 jmx support found and enabled.
2021-11-08 11:18:55,268 [myid:2] - ERROR [Thread-40:ManagedUtil@109] - Problems while registering log4j 1.2 jmx beans!
javax.management.InstanceAlreadyExistsException: log4j:hierarchy=default
	at com.sun.jmx.mbeanserver.Repository.addMBean(Repository.java:437)
	at com.sun.jmx.interceptor.DefaultMBeanServerInterceptor.registerWithRepository(DefaultMBeanServerInterceptor.java:1898)
	at com.sun.jmx.interceptor.DefaultMBeanServerInterceptor.registerDynamicMBean(DefaultMBeanServerInterceptor.java:966)
	at com.sun.jmx.interceptor.DefaultMBeanServerInterceptor.registerObject(DefaultMBeanServerInterceptor.java:900)
	at com.sun.jmx.interceptor.DefaultMBeanServerInterceptor.registerMBean(DefaultMBeanServerInterceptor.java:324)
	at com.sun.jmx.mbeanserver.JmxMBeanServer.registerMBean(JmxMBeanServer.java:522)
	at org.apache.zookeeper.jmx.ManagedUtil.registerLog4jMBeans(ManagedUtil.java:72)
	at org.apache.zookeeper.server.quorum.QuorumPeerMain.runFromConfig(QuorumPeerMain.java:147)
	at org.apache.zookeeper.server.quorum.QuorumPeerMain.initializeAndRun(QuorumPeerMain.java:137)
	at org.apache.zookeeper.server.quorum.QuorumPeerTestBase$MainThread.run(QuorumPeerTestBase.java:329)
	at java.lang.Thread.run(Thread.java:745)
2021-11-08 11:18:55,268 [myid:1] - ERROR [Thread-39:ManagedUtil@109] - Problems while registering log4j 1.2 jmx beans!
javax.management.InstanceAlreadyExistsException: log4j:hierarchy=default
	at com.sun.jmx.mbeanserver.Repository.addMBean(Repository.java:437)
	at com.sun.jmx.interceptor.DefaultMBeanServerInterceptor.registerWithRepository(DefaultMBeanServerInterceptor.java:1898)
	at com.sun.jmx.interceptor.DefaultMBeanServerInterceptor.registerDynamicMBean(DefaultMBeanServerInterceptor.java:966)
	at com.sun.jmx.interceptor.DefaultMBeanServerInterceptor.registerObject(DefaultMBeanServerInterceptor.java:900)
	at com.sun.jmx.interceptor.DefaultMBeanServerInterceptor.registerMBean(DefaultMBeanServerInterceptor.java:324)
	at com.sun.jmx.mbeanserver.JmxMBeanServer.registerMBean(JmxMBeanServer.java:522)
	at org.apache.zookeeper.jmx.ManagedUtil.registerLog4jMBeans(ManagedUtil.java:72)
	at org.apache.zookeeper.server.quorum.QuorumPeerMain.runFromConfig(QuorumPeerMain.java:147)
	at org.apache.zookeeper.server.quorum.QuorumPeerMain.initializeAndRun(QuorumPeerMain.java:137)
	at org.apache.zookeeper.server.quorum.QuorumPeerTestBase$MainThread.run(QuorumPeerTestBase.java:329)
	at java.lang.Thread.run(Thread.java:745)
2021-11-08 11:18:55,269 [myid:2] - WARN  [Thread-40:QuorumPeerMain@149] - Unable to register log4j JMX control
javax.management.JMException: javax.management.InstanceAlreadyExistsException: log4j:hierarchy=default
	at org.apache.zookeeper.jmx.ManagedUtil.registerLog4jMBeans(ManagedUtil.java:110)
	at org.apache.zookeeper.server.quorum.QuorumPeerMain.runFromConfig(QuorumPeerMain.java:147)
	at org.apache.zookeeper.server.quorum.QuorumPeerMain.initializeAndRun(QuorumPeerMain.java:137)
	at org.apache.zookeeper.server.quorum.QuorumPeerTestBase$MainThread.run(QuorumPeerTestBase.java:329)
	at java.lang.Thread.run(Thread.java:745)
2021-11-08 11:18:55,269 [myid:1] - WARN  [Thread-39:QuorumPeerMain@149] - Unable to register log4j JMX control
javax.management.JMException: javax.management.InstanceAlreadyExistsException: log4j:hierarchy=default
	at org.apache.zookeeper.jmx.ManagedUtil.registerLog4jMBeans(ManagedUtil.java:110)
	at org.apache.zookeeper.server.quorum.QuorumPeerMain.runFromConfig(QuorumPeerMain.java:147)
	at org.apache.zookeeper.server.quorum.QuorumPeerMain.initializeAndRun(QuorumPeerMain.java:137)
	at org.apache.zookeeper.server.quorum.QuorumPeerTestBase$MainThread.run(QuorumPeerTestBase.java:329)
	at java.lang.Thread.run(Thread.java:745)
2021-11-08 11:18:55,269 [myid:1] - INFO  [Thread-39:QuorumPeerMain@152] - Starting quorum peer, myid=1
2021-11-08 11:18:55,269 [myid:2] - INFO  [Thread-40:QuorumPeerMain@152] - Starting quorum peer, myid=2
2021-11-08 11:18:55,269 [myid:1] - INFO  [Thread-39:ServerMetrics@62] - ServerMetrics initialized with provider org.apache.zookeeper.metrics.impl.DefaultMetricsProvider@7f1796d6
2021-11-08 11:18:55,269 [myid:2] - INFO  [Thread-40:ServerMetrics@62] - ServerMetrics initialized with provider org.apache.zookeeper.metrics.impl.DefaultMetricsProvider@1357a634
2021-11-08 11:18:55,269 [myid:1] - INFO  [Thread-39:DigestAuthenticationProvider@61] - zookeeper.DigestAuthenticationProvider.enabled = true
2021-11-08 11:18:55,269 [myid:2] - INFO  [Thread-40:DigestAuthenticationProvider@61] - zookeeper.DigestAuthenticationProvider.enabled = true
2021-11-08 11:18:55,269 [myid:1] - INFO  [Thread-39:NettyServerCnxnFactory@507] - zookeeper.client.portUnification=false
2021-11-08 11:18:55,269 [myid:1] - INFO  [Thread-39:NettyServerCnxnFactory@519] - zookeeper.netty.advancedFlowControl.enabled = false
2021-11-08 11:18:55,269 [myid:1] - INFO  [Thread-39:NettyServerCnxnFactory@106] - handshakeThrottlingEnabled = false, zookeeper.netty.server.outstandingHandshake.limit = -1
2021-11-08 11:18:55,269 [myid:2] - INFO  [Thread-40:NettyServerCnxnFactory@507] - zookeeper.client.portUnification=false
2021-11-08 11:18:55,269 [myid:2] - INFO  [Thread-40:NettyServerCnxnFactory@519] - zookeeper.netty.advancedFlowControl.enabled = false
2021-11-08 11:18:55,269 [myid:2] - INFO  [Thread-40:NettyServerCnxnFactory@106] - handshakeThrottlingEnabled = false, zookeeper.netty.server.outstandingHandshake.limit = -1
2021-11-08 11:18:55,691 [myid:1] - INFO  [Thread-39:ServerCnxnFactory@169] - Using org.apache.zookeeper.server.NettyServerCnxnFactory as server connection factory
2021-11-08 11:18:55,691 [myid:1] - WARN  [Thread-39:ServerCnxnFactory@309] - maxCnxns is not configured, using default value 0.
2021-11-08 11:18:55,691 [myid:2] - INFO  [Thread-40:ServerCnxnFactory@169] - Using org.apache.zookeeper.server.NettyServerCnxnFactory as server connection factory
2021-11-08 11:18:55,691 [myid:2] - WARN  [Thread-40:ServerCnxnFactory@309] - maxCnxns is not configured, using default value 0.
2021-11-08 11:18:55,691 [myid:1] - INFO  [Thread-39:NettyServerCnxnFactory@606] - configure org.apache.zookeeper.server.NettyServerCnxnFactory@4f3fac26 secure: false on addr /0.0.0.0:30197
2021-11-08 11:18:55,691 [myid:1] - INFO  [Thread-39:FileTxnSnapLog@124] - zookeeper.snapshot.trust.empty : false
2021-11-08 11:18:55,691 [myid:2] - INFO  [Thread-40:NettyServerCnxnFactory@606] - configure org.apache.zookeeper.server.NettyServerCnxnFactory@41f2e09c secure: false on addr /0.0.0.0:30198
2021-11-08 11:18:55,692 [myid:2] - INFO  [Thread-40:FileTxnSnapLog@124] - zookeeper.snapshot.trust.empty : false
2021-11-08 11:18:55,692 [myid:1] - INFO  [Thread-39:QuorumPeer@1742] - Local sessions disabled
2021-11-08 11:18:55,692 [myid:2] - INFO  [Thread-40:QuorumPeer@1742] - Local sessions disabled
2021-11-08 11:18:55,692 [myid:2] - INFO  [Thread-40:QuorumPeer@1753] - Local session upgrading disabled
2021-11-08 11:18:55,692 [myid:2] - INFO  [Thread-40:QuorumPeer@1720] - tickTime set to 4000
2021-11-08 11:18:55,692 [myid:2] - INFO  [Thread-40:QuorumPeer@1764] - minSessionTimeout set to 8000
2021-11-08 11:18:55,692 [myid:2] - INFO  [Thread-40:QuorumPeer@1775] - maxSessionTimeout set to 80000
2021-11-08 11:18:55,692 [myid:2] - INFO  [Thread-40:QuorumPeer@1800] - initLimit set to 10
2021-11-08 11:18:55,692 [myid:2] - INFO  [Thread-40:QuorumPeer@1987] - syncLimit set to 5
2021-11-08 11:18:55,692 [myid:2] - INFO  [Thread-40:QuorumPeer@2002] - connectToLearnerMasterLimit set to 5
2021-11-08 11:18:55,692 [myid:1] - INFO  [Thread-39:QuorumPeer@1753] - Local session upgrading disabled
2021-11-08 11:18:55,692 [myid:1] - INFO  [Thread-39:QuorumPeer@1720] - tickTime set to 4000
2021-11-08 11:18:55,692 [myid:1] - INFO  [Thread-39:QuorumPeer@1764] - minSessionTimeout set to 8000
2021-11-08 11:18:55,692 [myid:1] - INFO  [Thread-39:QuorumPeer@1775] - maxSessionTimeout set to 80000
2021-11-08 11:18:55,692 [myid:1] - INFO  [Thread-39:QuorumPeer@1800] - initLimit set to 10
2021-11-08 11:18:55,692 [myid:1] - INFO  [Thread-39:QuorumPeer@1987] - syncLimit set to 5
2021-11-08 11:18:55,692 [myid:1] - INFO  [Thread-39:QuorumPeer@2002] - connectToLearnerMasterLimit set to 5
2021-11-08 11:18:55,692 [myid:2] - INFO  [Thread-40:WatchManagerFactory@42] - Using org.apache.zookeeper.server.watch.WatchManager as watch manager
2021-11-08 11:18:55,692 [myid:1] - INFO  [Thread-39:WatchManagerFactory@42] - Using org.apache.zookeeper.server.watch.WatchManager as watch manager
2021-11-08 11:18:55,692 [myid:1] - INFO  [Thread-39:WatchManagerFactory@42] - Using org.apache.zookeeper.server.watch.WatchManager as watch manager
2021-11-08 11:18:55,692 [myid:2] - INFO  [Thread-40:WatchManagerFactory@42] - Using org.apache.zookeeper.server.watch.WatchManager as watch manager
2021-11-08 11:18:55,692 [myid:2] - INFO  [Thread-40:ZKDatabase@133] - zookeeper.snapshotSizeFactor = 0.33
2021-11-08 11:18:55,692 [myid:1] - INFO  [Thread-39:ZKDatabase@133] - zookeeper.snapshotSizeFactor = 0.33
2021-11-08 11:18:55,693 [myid:1] - INFO  [Thread-39:ZKDatabase@153] - zookeeper.commitLogCount=500
2021-11-08 11:18:55,693 [myid:2] - INFO  [Thread-40:ZKDatabase@153] - zookeeper.commitLogCount=500
2021-11-08 11:18:55,693 [myid:1] - INFO  [Thread-39:QuorumPeer@2064] - Using TLS encrypted quorum communication
2021-11-08 11:18:55,693 [myid:1] - INFO  [Thread-39:QuorumPeer@2072] - Port unification disabled
2021-11-08 11:18:55,693 [myid:1] - INFO  [Thread-39:QuorumPeer@179] - multiAddress.enabled set to false
2021-11-08 11:18:55,693 [myid:1] - INFO  [Thread-39:QuorumPeer@204] - multiAddress.reachabilityCheckEnabled set to true
2021-11-08 11:18:55,693 [myid:1] - INFO  [Thread-39:QuorumPeer@191] - multiAddress.reachabilityCheckTimeoutMs set to 1000
2021-11-08 11:18:55,693 [myid:1] - INFO  [Thread-39:QuorumPeer@2527] - QuorumPeer communication is not secured! (SASL auth disabled)
2021-11-08 11:18:55,693 [myid:1] - INFO  [Thread-39:QuorumPeer@2552] - quorum.cnxn.threads.size set to 20
2021-11-08 11:18:55,693 [myid:2] - INFO  [Thread-40:QuorumPeer@2064] - Using TLS encrypted quorum communication
2021-11-08 11:18:55,693 [myid:2] - INFO  [Thread-40:QuorumPeer@2072] - Port unification disabled
2021-11-08 11:18:55,693 [myid:2] - INFO  [Thread-40:QuorumPeer@179] - multiAddress.enabled set to false
2021-11-08 11:18:55,693 [myid:2] - INFO  [Thread-40:QuorumPeer@204] - multiAddress.reachabilityCheckEnabled set to true
2021-11-08 11:18:55,693 [myid:2] - INFO  [Thread-40:QuorumPeer@191] - multiAddress.reachabilityCheckTimeoutMs set to 1000
2021-11-08 11:18:55,693 [myid:2] - INFO  [Thread-40:QuorumPeer@2527] - QuorumPeer communication is not secured! (SASL auth disabled)
2021-11-08 11:18:55,693 [myid:2] - INFO  [Thread-40:QuorumPeer@2552] - quorum.cnxn.threads.size set to 20
2021-11-08 11:18:55,693 [myid:1] - INFO  [Thread-39:FileTxnSnapLog@260] - Initialize file found, an empty database will not block voting participation
2021-11-08 11:18:55,693 [myid:2] - INFO  [Thread-40:FileTxnSnapLog@260] - Initialize file found, an empty database will not block voting participation
2021-11-08 11:18:55,694 [myid:1] - INFO  [Thread-39:FileTxnSnapLog@479] - Snapshotting: 0x0 to D:\mysoft\faiscoGit\myStudy\ZooKeeperLearning\apache-zookeeper-3.7.0\zookeeper-server\target\surefire\test1539275879808293813.junit.dir\data\version-2\snapshot.0
2021-11-08 11:18:55,694 [myid:2] - INFO  [Thread-40:FileTxnSnapLog@479] - Snapshotting: 0x0 to D:\mysoft\faiscoGit\myStudy\ZooKeeperLearning\apache-zookeeper-3.7.0\zookeeper-server\target\surefire\test871528330527174484.junit.dir\data\version-2\snapshot.0
2021-11-08 11:18:55,694 [myid:1] - INFO  [Thread-39:ZKDatabase@290] - Snapshot loaded in 1 ms, highest zxid is 0x0, digest is 1371985504
2021-11-08 11:18:55,694 [myid:2] - INFO  [Thread-40:ZKDatabase@290] - Snapshot loaded in 1 ms, highest zxid is 0x0, digest is 1371985504
2021-11-08 11:18:55,694 [myid:1] - INFO  [Thread-39:QuorumPeer@1157] - currentEpoch not found! Creating with a reasonable default of 0. This should only happen when you are upgrading your installation
2021-11-08 11:18:55,694 [myid:2] - INFO  [Thread-40:QuorumPeer@1157] - currentEpoch not found! Creating with a reasonable default of 0. This should only happen when you are upgrading your installation
2021-11-08 11:18:55,697 [myid:1] - INFO  [Thread-39:QuorumPeer@1177] - acceptedEpoch not found! Creating with a reasonable default of 0. This should only happen when you are upgrading your installation
2021-11-08 11:18:55,699 [myid:2] - INFO  [Thread-40:QuorumPeer@1177] - acceptedEpoch not found! Creating with a reasonable default of 0. This should only happen when you are upgrading your installation
2021-11-08 11:18:55,701 [myid:1] - INFO  [Thread-39:NettyServerCnxnFactory@695] - binding to port /0.0.0.0:30197
2021-11-08 11:18:55,702 [myid:2] - INFO  [Thread-40:NettyServerCnxnFactory@695] - binding to port /0.0.0.0:30198
2021-11-08 11:18:55,702 [myid:1] - INFO  [Thread-39:NettyServerCnxnFactory@700] - bound to port 30197
2021-11-08 11:18:55,702 [myid:1] - INFO  [Thread-39:QuorumPeer@2569] - Using 20000ms as the quorum cnxn socket timeout
2021-11-08 11:18:55,702 [myid:1] - INFO  [Thread-39:QuorumCnxManager$Listener@924] - Election port bind maximum retries is 3
2021-11-08 11:18:55,703 [myid:2] - INFO  [Thread-40:NettyServerCnxnFactory@700] - bound to port 30198
2021-11-08 11:18:55,703 [myid:1] - INFO  [ListenerHandler-/127.0.0.1:30203:QuorumCnxManager$Listener$ListenerHandler@1128] - Creating TLS-only quorum server socket
2021-11-08 11:18:55,703 [myid:2] - INFO  [Thread-40:QuorumPeer@2569] - Using 20000ms as the quorum cnxn socket timeout
2021-11-08 11:18:55,703 [myid:1] - INFO  [ListenerHandler-/127.0.0.1:30203:QuorumCnxManager$Listener$ListenerHandler@1066] - 1 is accepting connections now, my election bind port: /127.0.0.1:30203
2021-11-08 11:18:55,703 [myid:1] - INFO  [QuorumPeer[myid=1](plain=[0:0:0:0:0:0:0:0]:30197)(secure=disabled):QuorumPeer@1430] - LOOKING
2021-11-08 11:18:55,703 [myid:2] - INFO  [Thread-40:QuorumCnxManager$Listener@924] - Election port bind maximum retries is 3
2021-11-08 11:18:55,703 [myid:1] - INFO  [QuorumPeer[myid=1](plain=[0:0:0:0:0:0:0:0]:30197)(secure=disabled):FastLeaderElection@947] - New election. My id = 1, proposed zxid=0x0
2021-11-08 11:18:55,703 [myid:2] - INFO  [ListenerHandler-/127.0.0.1:30204:QuorumCnxManager$Listener$ListenerHandler@1128] - Creating TLS-only quorum server socket
2021-11-08 11:18:55,703 [myid:1] - INFO  [WorkerReceiver[myid=1]:FastLeaderElection$Messenger$WorkerReceiver@390] - Notification: my state:LOOKING; n.sid:1, n.state:LOOKING, n.leader:1, n.round:0x1, n.peerEpoch:0x0, n.zxid:0x0, message format version:0x2, n.config version:0x0
2021-11-08 11:18:55,703 [myid:2] - INFO  [QuorumPeer[myid=2](plain=[0:0:0:0:0:0:0:0]:30198)(secure=disabled):QuorumPeer@1430] - LOOKING
2021-11-08 11:18:55,703 [myid:2] - INFO  [ListenerHandler-/127.0.0.1:30204:QuorumCnxManager$Listener$ListenerHandler@1066] - 2 is accepting connections now, my election bind port: /127.0.0.1:30204
2021-11-08 11:18:55,703 [myid:2] - INFO  [QuorumPeer[myid=2](plain=[0:0:0:0:0:0:0:0]:30198)(secure=disabled):FastLeaderElection@947] - New election. My id = 2, proposed zxid=0x0
2021-11-08 11:18:55,704 [myid:2] - INFO  [WorkerReceiver[myid=2]:FastLeaderElection$Messenger$WorkerReceiver@390] - Notification: my state:LOOKING; n.sid:2, n.state:LOOKING, n.leader:2, n.round:0x1, n.peerEpoch:0x0, n.zxid:0x0, message format version:0x2, n.config version:0x0
2021-11-08 11:18:55,769 [myid:1] - WARN  [nioEventLoopGroup-90-1:NettyServerCnxnFactory$CnxnChannelHandler@231] - Zookeeper server is not running, close the connection before starting the TLS handshake
2021-11-08 11:18:55,910 [myid:2] - INFO  [QuorumPeer[myid=2](plain=[0:0:0:0:0:0:0:0]:30198)(secure=disabled):FastLeaderElection@984] - Notification time out: 400
2021-11-08 11:18:55,910 [myid:1] - INFO  [QuorumPeer[myid=1](plain=[0:0:0:0:0:0:0:0]:30197)(secure=disabled):FastLeaderElection@984] - Notification time out: 400
2021-11-08 11:18:56,020 [myid:] - INFO  [main:FourLetterWordMain@94] - connecting to 127.0.0.1 30197
2021-11-08 11:18:56,021 [myid:1] - WARN  [nioEventLoopGroup-90-2:NettyServerCnxnFactory$CnxnChannelHandler@231] - Zookeeper server is not running, close the connection before starting the TLS handshake
2021-11-08 11:18:56,283 [myid:] - INFO  [main:FourLetterWordMain@94] - connecting to 127.0.0.1 30197
2021-11-08 11:18:56,284 [myid:1] - WARN  [nioEventLoopGroup-90-3:NettyServerCnxnFactory$CnxnChannelHandler@231] - Zookeeper server is not running, close the connection before starting the TLS handshake
2021-11-08 11:18:56,314 [myid:1] - INFO  [QuorumPeer[myid=1](plain=[0:0:0:0:0:0:0:0]:30197)(secure=disabled):FastLeaderElection@984] - Notification time out: 800
2021-11-08 11:18:56,314 [myid:2] - INFO  [QuorumPeer[myid=2](plain=[0:0:0:0:0:0:0:0]:30198)(secure=disabled):FastLeaderElection@984] - Notification time out: 800
2021-11-08 11:18:56,549 [myid:] - INFO  [main:FourLetterWordMain@94] - connecting to 127.0.0.1 30197
2021-11-08 11:18:56,550 [myid:1] - WARN  [nioEventLoopGroup-90-4:NettyServerCnxnFactory$CnxnChannelHandler@231] - Zookeeper server is not running, close the connection before starting the TLS handshake
2021-11-08 11:18:56,812 [myid:] - INFO  [main:FourLetterWordMain@94] - connecting to 127.0.0.1 30197
2021-11-08 11:18:56,812 [myid:1] - WARN  [nioEventLoopGroup-90-5:NettyServerCnxnFactory$CnxnChannelHandler@231] - Zookeeper server is not running, close the connection before starting the TLS handshake
2021-11-08 11:18:57,064 [myid:] - INFO  [main:FourLetterWordMain@94] - connecting to 127.0.0.1 30197
2021-11-08 11:18:57,065 [myid:1] - WARN  [nioEventLoopGroup-90-6:NettyServerCnxnFactory$CnxnChannelHandler@231] - Zookeeper server is not running, close the connection before starting the TLS handshake
2021-11-08 11:18:57,201 [myid:2] - INFO  [QuorumPeer[myid=2](plain=[0:0:0:0:0:0:0:0]:30198)(secure=disabled):FastLeaderElection@984] - Notification time out: 1600
2021-11-08 11:18:57,202 [myid:1] - INFO  [QuorumPeer[myid=1](plain=[0:0:0:0:0:0:0:0]:30197)(secure=disabled):FastLeaderElection@984] - Notification time out: 1600
2021-11-08 11:18:57,330 [myid:] - INFO  [main:FourLetterWordMain@94] - connecting to 127.0.0.1 30197
2021-11-08 11:18:57,338 [myid:1] - WARN  [nioEventLoopGroup-90-7:NettyServerCnxnFactory$CnxnChannelHandler@231] - Zookeeper server is not running, close the connection before starting the TLS handshake
2021-11-08 11:18:57,593 [myid:] - INFO  [main:FourLetterWordMain@94] - connecting to 127.0.0.1 30197
2021-11-08 11:18:57,594 [myid:1] - WARN  [nioEventLoopGroup-90-8:NettyServerCnxnFactory$CnxnChannelHandler@231] - Zookeeper server is not running, close the connection before starting the TLS handshake
2021-11-08 11:18:57,859 [myid:] - INFO  [main:FourLetterWordMain@94] - connecting to 127.0.0.1 30197
2021-11-08 11:18:57,860 [myid:1] - WARN  [nioEventLoopGroup-90-9:NettyServerCnxnFactory$CnxnChannelHandler@231] - Zookeeper server is not running, close the connection before starting the TLS handshake
2021-11-08 11:18:57,875 [myid:] - INFO  [main:ClientBase@267] - server 127.0.0.1:30197 not up
java.net.SocketException: Software caused connection abort: recv failed
	at java.net.SocketInputStream.socketRead0(Native Method)
	at java.net.SocketInputStream.read(SocketInputStream.java:150)
	at java.net.SocketInputStream.read(SocketInputStream.java:121)
	at sun.nio.cs.StreamDecoder.readBytes(StreamDecoder.java:284)
	at sun.nio.cs.StreamDecoder.implRead(StreamDecoder.java:326)
	at sun.nio.cs.StreamDecoder.read(StreamDecoder.java:178)
	at java.io.InputStreamReader.read(InputStreamReader.java:184)
	at java.io.BufferedReader.fill(BufferedReader.java:161)
	at java.io.BufferedReader.readLine(BufferedReader.java:324)
	at java.io.BufferedReader.readLine(BufferedReader.java:389)
	at org.apache.zookeeper.client.FourLetterWordMain.send4LetterWord(FourLetterWordMain.java:129)
	at org.apache.zookeeper.client.FourLetterWordMain.send4LetterWord(FourLetterWordMain.java:74)
	at org.apache.zookeeper.test.ClientBase.waitForServerUp(ClientBase.java:258)
	at org.apache.zookeeper.test.ClientBase.waitForServerUp(ClientBase.java:249)
	at org.apache.zookeeper.server.quorum.QuorumSSLTest.testHostnameVerification(QuorumSSLTest.java:671)
	at org.apache.zookeeper.server.quorum.QuorumSSLTest.testHostnameVerificationWithInvalidIpAddressAndInvalidHostname(QuorumSSLTest.java:600)
	at sun.reflect.NativeMethodAccessorImpl.invoke0(Native Method)
	at sun.reflect.NativeMethodAccessorImpl.invoke(NativeMethodAccessorImpl.java:62)
	at sun.reflect.DelegatingMethodAccessorImpl.invoke(DelegatingMethodAccessorImpl.java:43)
	at java.lang.reflect.Method.invoke(Method.java:483)
	at org.junit.platform.commons.util.ReflectionUtils.invokeMethod(ReflectionUtils.java:686)
	at org.junit.jupiter.engine.execution.MethodInvocation.proceed(MethodInvocation.java:60)
	at org.junit.jupiter.engine.execution.InvocationInterceptorChain$ValidatingInvocation.proceed(InvocationInterceptorChain.java:131)
	at org.junit.jupiter.engine.extension.TimeoutInvocation.proceed(TimeoutInvocation.java:46)
	at org.junit.jupiter.engine.extension.TimeoutExtension.intercept(TimeoutExtension.java:149)
	at org.junit.jupiter.engine.extension.TimeoutExtension.interceptTestableMethod(TimeoutExtension.java:140)
	at org.junit.jupiter.engine.extension.TimeoutExtension.interceptTestMethod(TimeoutExtension.java:84)
	at org.junit.jupiter.engine.descriptor.TestMethodTestDescriptor$$Lambda$111/1780132728.apply(Unknown Source)
	at org.junit.jupiter.engine.execution.ExecutableInvoker$ReflectiveInterceptorCall.lambda$ofVoidMethod$0(ExecutableInvoker.java:115)
	at org.junit.jupiter.engine.execution.ExecutableInvoker$ReflectiveInterceptorCall$$Lambda$112/1725017993.apply(Unknown Source)
	at org.junit.jupiter.engine.execution.ExecutableInvoker.lambda$invoke$0(ExecutableInvoker.java:105)
	at org.junit.jupiter.engine.execution.ExecutableInvoker$$Lambda$234/64133603.apply(Unknown Source)
	at org.junit.jupiter.engine.execution.InvocationInterceptorChain$InterceptedInvocation.proceed(InvocationInterceptorChain.java:106)
	at org.junit.jupiter.engine.execution.InvocationInterceptorChain.proceed(InvocationInterceptorChain.java:64)
	at org.junit.jupiter.engine.execution.InvocationInterceptorChain.chainAndInvoke(InvocationInterceptorChain.java:45)
	at org.junit.jupiter.engine.execution.InvocationInterceptorChain.invoke(InvocationInterceptorChain.java:37)
	at org.junit.jupiter.engine.execution.ExecutableInvoker.invoke(ExecutableInvoker.java:104)
	at org.junit.jupiter.engine.execution.ExecutableInvoker.invoke(ExecutableInvoker.java:98)
	at org.junit.jupiter.engine.descriptor.TestMethodTestDescriptor.lambda$invokeTestMethod$6(TestMethodTestDescriptor.java:212)
	at org.junit.jupiter.engine.descriptor.TestMethodTestDescriptor$$Lambda$271/224100622.execute(Unknown Source)
	at org.junit.platform.engine.support.hierarchical.ThrowableCollector.execute(ThrowableCollector.java:73)
	at org.junit.jupiter.engine.descriptor.TestMethodTestDescriptor.invokeTestMethod(TestMethodTestDescriptor.java:208)
	at org.junit.jupiter.engine.descriptor.TestMethodTestDescriptor.execute(TestMethodTestDescriptor.java:137)
	at org.junit.jupiter.engine.descriptor.TestMethodTestDescriptor.execute(TestMethodTestDescriptor.java:71)
	at org.junit.platform.engine.support.hierarchical.NodeTestTask.lambda$executeRecursively$5(NodeTestTask.java:135)
	at org.junit.platform.engine.support.hierarchical.NodeTestTask$$Lambda$179/195615004.execute(Unknown Source)
	at org.junit.platform.engine.support.hierarchical.ThrowableCollector.execute(ThrowableCollector.java:73)
	at org.junit.platform.engine.support.hierarchical.NodeTestTask.lambda$executeRecursively$7(NodeTestTask.java:125)
	at org.junit.platform.engine.support.hierarchical.NodeTestTask$$Lambda$178/1890627974.invoke(Unknown Source)
	at org.junit.platform.engine.support.hierarchical.Node.around(Node.java:135)
	at org.junit.platform.engine.support.hierarchical.NodeTestTask.lambda$executeRecursively$8(NodeTestTask.java:123)
	at org.junit.platform.engine.support.hierarchical.NodeTestTask$$Lambda$177/231977479.execute(Unknown Source)
	at org.junit.platform.engine.support.hierarchical.ThrowableCollector.execute(ThrowableCollector.java:73)
	at org.junit.platform.engine.support.hierarchical.NodeTestTask.executeRecursively(NodeTestTask.java:122)
	at org.junit.platform.engine.support.hierarchical.NodeTestTask.execute(NodeTestTask.java:80)
	at org.junit.platform.engine.support.hierarchical.SameThreadHierarchicalTestExecutorService$$Lambda$183/1381713434.accept(Unknown Source)
	at java.util.ArrayList.forEach(ArrayList.java:1249)
	at org.junit.platform.engine.support.hierarchical.SameThreadHierarchicalTestExecutorService.invokeAll(SameThreadHierarchicalTestExecutorService.java:38)
	at org.junit.platform.engine.support.hierarchical.NodeTestTask.lambda$executeRecursively$5(NodeTestTask.java:139)
	at org.junit.platform.engine.support.hierarchical.NodeTestTask$$Lambda$179/195615004.execute(Unknown Source)
	at org.junit.platform.engine.support.hierarchical.ThrowableCollector.execute(ThrowableCollector.java:73)
	at org.junit.platform.engine.support.hierarchical.NodeTestTask.lambda$executeRecursively$7(NodeTestTask.java:125)
	at org.junit.platform.engine.support.hierarchical.NodeTestTask$$Lambda$178/1890627974.invoke(Unknown Source)
	at org.junit.platform.engine.support.hierarchical.Node.around(Node.java:135)
	at org.junit.platform.engine.support.hierarchical.NodeTestTask.lambda$executeRecursively$8(NodeTestTask.java:123)
	at org.junit.platform.engine.support.hierarchical.NodeTestTask$$Lambda$177/231977479.execute(Unknown Source)
	at org.junit.platform.engine.support.hierarchical.ThrowableCollector.execute(ThrowableCollector.java:73)
	at org.junit.platform.engine.support.hierarchical.NodeTestTask.executeRecursively(NodeTestTask.java:122)
	at org.junit.platform.engine.support.hierarchical.NodeTestTask.execute(NodeTestTask.java:80)
	at org.junit.platform.engine.support.hierarchical.SameThreadHierarchicalTestExecutorService$$Lambda$183/1381713434.accept(Unknown Source)
	at java.util.ArrayList.forEach(ArrayList.java:1249)
	at org.junit.platform.engine.support.hierarchical.SameThreadHierarchicalTestExecutorService.invokeAll(SameThreadHierarchicalTestExecutorService.java:38)
	at org.junit.platform.engine.support.hierarchical.NodeTestTask.lambda$executeRecursively$5(NodeTestTask.java:139)
	at org.junit.platform.engine.support.hierarchical.NodeTestTask$$Lambda$179/195615004.execute(Unknown Source)
	at org.junit.platform.engine.support.hierarchical.ThrowableCollector.execute(ThrowableCollector.java:73)
	at org.junit.platform.engine.support.hierarchical.NodeTestTask.lambda$executeRecursively$7(NodeTestTask.java:125)
	at org.junit.platform.engine.support.hierarchical.NodeTestTask$$Lambda$178/1890627974.invoke(Unknown Source)
	at org.junit.platform.engine.support.hierarchical.Node.around(Node.java:135)
	at org.junit.platform.engine.support.hierarchical.NodeTestTask.lambda$executeRecursively$8(NodeTestTask.java:123)
	at org.junit.platform.engine.support.hierarchical.NodeTestTask$$Lambda$177/231977479.execute(Unknown Source)
	at org.junit.platform.engine.support.hierarchical.ThrowableCollector.execute(ThrowableCollector.java:73)
	at org.junit.platform.engine.support.hierarchical.NodeTestTask.executeRecursively(NodeTestTask.java:122)
	at org.junit.platform.engine.support.hierarchical.NodeTestTask.execute(NodeTestTask.java:80)
	at org.junit.platform.engine.support.hierarchical.SameThreadHierarchicalTestExecutorService.submit(SameThreadHierarchicalTestExecutorService.java:32)
	at org.junit.platform.engine.support.hierarchical.HierarchicalTestExecutor.execute(HierarchicalTestExecutor.java:57)
	at org.junit.platform.engine.support.hierarchical.HierarchicalTestEngine.execute(HierarchicalTestEngine.java:51)
	at org.junit.platform.launcher.core.DefaultLauncher.execute(DefaultLauncher.java:248)
	at org.junit.platform.launcher.core.DefaultLauncher.lambda$execute$5(DefaultLauncher.java:211)
	at org.junit.platform.launcher.core.DefaultLauncher$$Lambda$143/233996206.accept(Unknown Source)
	at org.junit.platform.launcher.core.DefaultLauncher.withInterceptedStreams(DefaultLauncher.java:226)
	at org.junit.platform.launcher.core.DefaultLauncher.execute(DefaultLauncher.java:199)
	at org.junit.platform.launcher.core.DefaultLauncher.execute(DefaultLauncher.java:132)
	at org.apache.maven.surefire.junitplatform.JUnitPlatformProvider.invokeAllTests(JUnitPlatformProvider.java:142)
	at org.apache.maven.surefire.junitplatform.JUnitPlatformProvider.invoke(JUnitPlatformProvider.java:113)
	at org.apache.maven.surefire.booter.ForkedBooter.invokeProviderInSameClassLoader(ForkedBooter.java:384)
	at org.apache.maven.surefire.booter.ForkedBooter.runSuitesInProcess(ForkedBooter.java:345)
	at org.apache.maven.surefire.booter.ForkedBooter.execute(ForkedBooter.java:126)
	at org.apache.maven.surefire.booter.ForkedBooter.main(ForkedBooter.java:418)
2021-11-08 11:18:58,126 [myid:] - INFO  [main:FourLetterWordMain@94] - connecting to 127.0.0.1 30197
2021-11-08 11:18:58,127 [myid:1] - WARN  [nioEventLoopGroup-90-10:NettyServerCnxnFactory$CnxnChannelHandler@231] - Zookeeper server is not running, close the connection before starting the TLS handshake
2021-11-08 11:18:58,142 [myid:] - INFO  [main:ClientBase@267] - server 127.0.0.1:30197 not up
java.net.SocketException: Software caused connection abort: recv failed
	at java.net.SocketInputStream.socketRead0(Native Method)
	at java.net.SocketInputStream.read(SocketInputStream.java:150)
	at java.net.SocketInputStream.read(SocketInputStream.java:121)
	at sun.nio.cs.StreamDecoder.readBytes(StreamDecoder.java:284)
	at sun.nio.cs.StreamDecoder.implRead(StreamDecoder.java:326)
	at sun.nio.cs.StreamDecoder.read(StreamDecoder.java:178)
	at java.io.InputStreamReader.read(InputStreamReader.java:184)
	at java.io.BufferedReader.fill(BufferedReader.java:161)
	at java.io.BufferedReader.readLine(BufferedReader.java:324)
	at java.io.BufferedReader.readLine(BufferedReader.java:389)
	at org.apache.zookeeper.client.FourLetterWordMain.send4LetterWord(FourLetterWordMain.java:129)
	at org.apache.zookeeper.client.FourLetterWordMain.send4LetterWord(FourLetterWordMain.java:74)
	at org.apache.zookeeper.test.ClientBase.waitForServerUp(ClientBase.java:258)
	at org.apache.zookeeper.test.ClientBase.waitForServerUp(ClientBase.java:249)
	at org.apache.zookeeper.server.quorum.QuorumSSLTest.testHostnameVerification(QuorumSSLTest.java:671)
	at org.apache.zookeeper.server.quorum.QuorumSSLTest.testHostnameVerificationWithInvalidIpAddressAndInvalidHostname(QuorumSSLTest.java:600)
	at sun.reflect.NativeMethodAccessorImpl.invoke0(Native Method)
	at sun.reflect.NativeMethodAccessorImpl.invoke(NativeMethodAccessorImpl.java:62)
	at sun.reflect.DelegatingMethodAccessorImpl.invoke(DelegatingMethodAccessorImpl.java:43)
	at java.lang.reflect.Method.invoke(Method.java:483)
	at org.junit.platform.commons.util.ReflectionUtils.invokeMethod(ReflectionUtils.java:686)
	at org.junit.jupiter.engine.execution.MethodInvocation.proceed(MethodInvocation.java:60)
	at org.junit.jupiter.engine.execution.InvocationInterceptorChain$ValidatingInvocation.proceed(InvocationInterceptorChain.java:131)
	at org.junit.jupiter.engine.extension.TimeoutInvocation.proceed(TimeoutInvocation.java:46)
	at org.junit.jupiter.engine.extension.TimeoutExtension.intercept(TimeoutExtension.java:149)
	at org.junit.jupiter.engine.extension.TimeoutExtension.interceptTestableMethod(TimeoutExtension.java:140)
	at org.junit.jupiter.engine.extension.TimeoutExtension.interceptTestMethod(TimeoutExtension.java:84)
	at org.junit.jupiter.engine.descriptor.TestMethodTestDescriptor$$Lambda$111/1780132728.apply(Unknown Source)
	at org.junit.jupiter.engine.execution.ExecutableInvoker$ReflectiveInterceptorCall.lambda$ofVoidMethod$0(ExecutableInvoker.java:115)
	at org.junit.jupiter.engine.execution.ExecutableInvoker$ReflectiveInterceptorCall$$Lambda$112/1725017993.apply(Unknown Source)
	at org.junit.jupiter.engine.execution.ExecutableInvoker.lambda$invoke$0(ExecutableInvoker.java:105)
	at org.junit.jupiter.engine.execution.ExecutableInvoker$$Lambda$234/64133603.apply(Unknown Source)
	at org.junit.jupiter.engine.execution.InvocationInterceptorChain$InterceptedInvocation.proceed(InvocationInterceptorChain.java:106)
	at org.junit.jupiter.engine.execution.InvocationInterceptorChain.proceed(InvocationInterceptorChain.java:64)
	at org.junit.jupiter.engine.execution.InvocationInterceptorChain.chainAndInvoke(InvocationInterceptorChain.java:45)
	at org.junit.jupiter.engine.execution.InvocationInterceptorChain.invoke(InvocationInterceptorChain.java:37)
	at org.junit.jupiter.engine.execution.ExecutableInvoker.invoke(ExecutableInvoker.java:104)
	at org.junit.jupiter.engine.execution.ExecutableInvoker.invoke(ExecutableInvoker.java:98)
	at org.junit.jupiter.engine.descriptor.TestMethodTestDescriptor.lambda$invokeTestMethod$6(TestMethodTestDescriptor.java:212)
	at org.junit.jupiter.engine.descriptor.TestMethodTestDescriptor$$Lambda$271/224100622.execute(Unknown Source)
	at org.junit.platform.engine.support.hierarchical.ThrowableCollector.execute(ThrowableCollector.java:73)
	at org.junit.jupiter.engine.descriptor.TestMethodTestDescriptor.invokeTestMethod(TestMethodTestDescriptor.java:208)
	at org.junit.jupiter.engine.descriptor.TestMethodTestDescriptor.execute(TestMethodTestDescriptor.java:137)
	at org.junit.jupiter.engine.descriptor.TestMethodTestDescriptor.execute(TestMethodTestDescriptor.java:71)
	at org.junit.platform.engine.support.hierarchical.NodeTestTask.lambda$executeRecursively$5(NodeTestTask.java:135)
	at org.junit.platform.engine.support.hierarchical.NodeTestTask$$Lambda$179/195615004.execute(Unknown Source)
	at org.junit.platform.engine.support.hierarchical.ThrowableCollector.execute(ThrowableCollector.java:73)
	at org.junit.platform.engine.support.hierarchical.NodeTestTask.lambda$executeRecursively$7(NodeTestTask.java:125)
	at org.junit.platform.engine.support.hierarchical.NodeTestTask$$Lambda$178/1890627974.invoke(Unknown Source)
	at org.junit.platform.engine.support.hierarchical.Node.around(Node.java:135)
	at org.junit.platform.engine.support.hierarchical.NodeTestTask.lambda$executeRecursively$8(NodeTestTask.java:123)
	at org.junit.platform.engine.support.hierarchical.NodeTestTask$$Lambda$177/231977479.execute(Unknown Source)
	at org.junit.platform.engine.support.hierarchical.ThrowableCollector.execute(ThrowableCollector.java:73)
	at org.junit.platform.engine.support.hierarchical.NodeTestTask.executeRecursively(NodeTestTask.java:122)
	at org.junit.platform.engine.support.hierarchical.NodeTestTask.execute(NodeTestTask.java:80)
	at org.junit.platform.engine.support.hierarchical.SameThreadHierarchicalTestExecutorService$$Lambda$183/1381713434.accept(Unknown Source)
	at java.util.ArrayList.forEach(ArrayList.java:1249)
	at org.junit.platform.engine.support.hierarchical.SameThreadHierarchicalTestExecutorService.invokeAll(SameThreadHierarchicalTestExecutorService.java:38)
	at org.junit.platform.engine.support.hierarchical.NodeTestTask.lambda$executeRecursively$5(NodeTestTask.java:139)
	at org.junit.platform.engine.support.hierarchical.NodeTestTask$$Lambda$179/195615004.execute(Unknown Source)
	at org.junit.platform.engine.support.hierarchical.ThrowableCollector.execute(ThrowableCollector.java:73)
	at org.junit.platform.engine.support.hierarchical.NodeTestTask.lambda$executeRecursively$7(NodeTestTask.java:125)
	at org.junit.platform.engine.support.hierarchical.NodeTestTask$$Lambda$178/1890627974.invoke(Unknown Source)
	at org.junit.platform.engine.support.hierarchical.Node.around(Node.java:135)
	at org.junit.platform.engine.support.hierarchical.NodeTestTask.lambda$executeRecursively$8(NodeTestTask.java:123)
	at org.junit.platform.engine.support.hierarchical.NodeTestTask$$Lambda$177/231977479.execute(Unknown Source)
	at org.junit.platform.engine.support.hierarchical.ThrowableCollector.execute(ThrowableCollector.java:73)
	at org.junit.platform.engine.support.hierarchical.NodeTestTask.executeRecursively(NodeTestTask.java:122)
	at org.junit.platform.engine.support.hierarchical.NodeTestTask.execute(NodeTestTask.java:80)
	at org.junit.platform.engine.support.hierarchical.SameThreadHierarchicalTestExecutorService$$Lambda$183/1381713434.accept(Unknown Source)
	at java.util.ArrayList.forEach(ArrayList.java:1249)
	at org.junit.platform.engine.support.hierarchical.SameThreadHierarchicalTestExecutorService.invokeAll(SameThreadHierarchicalTestExecutorService.java:38)
	at org.junit.platform.engine.support.hierarchical.NodeTestTask.lambda$executeRecursively$5(NodeTestTask.java:139)
	at org.junit.platform.engine.support.hierarchical.NodeTestTask$$Lambda$179/195615004.execute(Unknown Source)
	at org.junit.platform.engine.support.hierarchical.ThrowableCollector.execute(ThrowableCollector.java:73)
	at org.junit.platform.engine.support.hierarchical.NodeTestTask.lambda$executeRecursively$7(NodeTestTask.java:125)
	at org.junit.platform.engine.support.hierarchical.NodeTestTask$$Lambda$178/1890627974.invoke(Unknown Source)
	at org.junit.platform.engine.support.hierarchical.Node.around(Node.java:135)
	at org.junit.platform.engine.support.hierarchical.NodeTestTask.lambda$executeRecursively$8(NodeTestTask.java:123)
	at org.junit.platform.engine.support.hierarchical.NodeTestTask$$Lambda$177/231977479.execute(Unknown Source)
	at org.junit.platform.engine.support.hierarchical.ThrowableCollector.execute(ThrowableCollector.java:73)
	at org.junit.platform.engine.support.hierarchical.NodeTestTask.executeRecursively(NodeTestTask.java:122)
	at org.junit.platform.engine.support.hierarchical.NodeTestTask.execute(NodeTestTask.java:80)
	at org.junit.platform.engine.support.hierarchical.SameThreadHierarchicalTestExecutorService.submit(SameThreadHierarchicalTestExecutorService.java:32)
	at org.junit.platform.engine.support.hierarchical.HierarchicalTestExecutor.execute(HierarchicalTestExecutor.java:57)
	at org.junit.platform.engine.support.hierarchical.HierarchicalTestEngine.execute(HierarchicalTestEngine.java:51)
	at org.junit.platform.launcher.core.DefaultLauncher.execute(DefaultLauncher.java:248)
	at org.junit.platform.launcher.core.DefaultLauncher.lambda$execute$5(DefaultLauncher.java:211)
	at org.junit.platform.launcher.core.DefaultLauncher$$Lambda$143/233996206.accept(Unknown Source)
	at org.junit.platform.launcher.core.DefaultLauncher.withInterceptedStreams(DefaultLauncher.java:226)
	at org.junit.platform.launcher.core.DefaultLauncher.execute(DefaultLauncher.java:199)
	at org.junit.platform.launcher.core.DefaultLauncher.execute(DefaultLauncher.java:132)
	at org.apache.maven.surefire.junitplatform.JUnitPlatformProvider.invokeAllTests(JUnitPlatformProvider.java:142)
	at org.apache.maven.surefire.junitplatform.JUnitPlatformProvider.invoke(JUnitPlatformProvider.java:113)
	at org.apache.maven.surefire.booter.ForkedBooter.invokeProviderInSameClassLoader(ForkedBooter.java:384)
	at org.apache.maven.surefire.booter.ForkedBooter.runSuitesInProcess(ForkedBooter.java:345)
	at org.apache.maven.surefire.booter.ForkedBooter.execute(ForkedBooter.java:126)
	at org.apache.maven.surefire.booter.ForkedBooter.main(ForkedBooter.java:418)
2021-11-08 11:18:58,394 [myid:] - INFO  [main:FourLetterWordMain@94] - connecting to 127.0.0.1 30197
2021-11-08 11:18:58,397 [myid:1] - WARN  [nioEventLoopGroup-90-11:NettyServerCnxnFactory$CnxnChannelHandler@231] - Zookeeper server is not running, close the connection before starting the TLS handshake
2021-11-08 11:18:58,660 [myid:] - INFO  [main:FourLetterWordMain@94] - connecting to 127.0.0.1 30197
2021-11-08 11:18:58,661 [myid:1] - WARN  [nioEventLoopGroup-90-12:NettyServerCnxnFactory$CnxnChannelHandler@231] - Zookeeper server is not running, close the connection before starting the TLS handshake
2021-11-08 11:18:58,818 [myid:1] - INFO  [QuorumPeer[myid=1](plain=[0:0:0:0:0:0:0:0]:30197)(secure=disabled):FastLeaderElection@984] - Notification time out: 3200
2021-11-08 11:18:58,818 [myid:2] - INFO  [QuorumPeer[myid=2](plain=[0:0:0:0:0:0:0:0]:30198)(secure=disabled):FastLeaderElection@984] - Notification time out: 3200
2021-11-08 11:18:58,912 [myid:] - INFO  [main:FourLetterWordMain@94] - connecting to 127.0.0.1 30197
2021-11-08 11:18:58,912 [myid:1] - WARN  [nioEventLoopGroup-90-1:NettyServerCnxnFactory$CnxnChannelHandler@231] - Zookeeper server is not running, close the connection before starting the TLS handshake
2021-11-08 11:18:59,166 [myid:] - INFO  [main:FourLetterWordMain@94] - connecting to 127.0.0.1 30197
2021-11-08 11:18:59,167 [myid:1] - WARN  [nioEventLoopGroup-90-2:NettyServerCnxnFactory$CnxnChannelHandler@231] - Zookeeper server is not running, close the connection before starting the TLS handshake
2021-11-08 11:18:59,430 [myid:] - INFO  [main:FourLetterWordMain@94] - connecting to 127.0.0.1 30197
2021-11-08 11:18:59,430 [myid:1] - WARN  [nioEventLoopGroup-90-3:NettyServerCnxnFactory$CnxnChannelHandler@231] - Zookeeper server is not running, close the connection before starting the TLS handshake
2021-11-08 11:18:59,681 [myid:] - INFO  [main:FourLetterWordMain@94] - connecting to 127.0.0.1 30197
2021-11-08 11:18:59,682 [myid:1] - WARN  [nioEventLoopGroup-90-4:NettyServerCnxnFactory$CnxnChannelHandler@231] - Zookeeper server is not running, close the connection before starting the TLS handshake
2021-11-08 11:18:59,935 [myid:] - INFO  [main:FourLetterWordMain@94] - connecting to 127.0.0.1 30197
2021-11-08 11:18:59,935 [myid:1] - WARN  [nioEventLoopGroup-90-5:NettyServerCnxnFactory$CnxnChannelHandler@231] - Zookeeper server is not running, close the connection before starting the TLS handshake
2021-11-08 11:19:00,199 [myid:] - INFO  [main:FourLetterWordMain@94] - connecting to 127.0.0.1 30197
2021-11-08 11:19:00,199 [myid:1] - WARN  [nioEventLoopGroup-90-6:NettyServerCnxnFactory$CnxnChannelHandler@231] - Zookeeper server is not running, close the connection before starting the TLS handshake
2021-11-08 11:19:00,450 [myid:] - INFO  [main:FourLetterWordMain@94] - connecting to 127.0.0.1 30197
2021-11-08 11:19:00,451 [myid:1] - WARN  [nioEventLoopGroup-90-7:NettyServerCnxnFactory$CnxnChannelHandler@231] - Zookeeper server is not running, close the connection before starting the TLS handshake
2021-11-08 11:19:00,716 [myid:] - INFO  [main:FourLetterWordMain@94] - connecting to 127.0.0.1 30197
2021-11-08 11:19:00,716 [myid:1] - WARN  [nioEventLoopGroup-90-8:NettyServerCnxnFactory$CnxnChannelHandler@231] - Zookeeper server is not running, close the connection before starting the TLS handshake
2021-11-08 11:19:00,969 [myid:] - INFO  [main:FourLetterWordMain@94] - connecting to 127.0.0.1 30197
2021-11-08 11:19:00,969 [myid:1] - WARN  [nioEventLoopGroup-90-9:NettyServerCnxnFactory$CnxnChannelHandler@231] - Zookeeper server is not running, close the connection before starting the TLS handshake
2021-11-08 11:19:01,232 [myid:] - INFO  [main:FourLetterWordMain@94] - connecting to 127.0.0.1 30197
2021-11-08 11:19:01,232 [myid:1] - WARN  [nioEventLoopGroup-90-10:NettyServerCnxnFactory$CnxnChannelHandler@231] - Zookeeper server is not running, close the connection before starting the TLS handshake
2021-11-08 11:19:01,498 [myid:] - INFO  [main:FourLetterWordMain@94] - connecting to 127.0.0.1 30197
2021-11-08 11:19:01,500 [myid:1] - WARN  [nioEventLoopGroup-90-11:NettyServerCnxnFactory$CnxnChannelHandler@231] - Zookeeper server is not running, close the connection before starting the TLS handshake
2021-11-08 11:19:01,765 [myid:] - INFO  [main:FourLetterWordMain@94] - connecting to 127.0.0.1 30197
2021-11-08 11:19:01,765 [myid:1] - WARN  [nioEventLoopGroup-90-12:NettyServerCnxnFactory$CnxnChannelHandler@231] - Zookeeper server is not running, close the connection before starting the TLS handshake
2021-11-08 11:19:02,029 [myid:] - INFO  [main:FourLetterWordMain@94] - connecting to 127.0.0.1 30197
2021-11-08 11:19:02,029 [myid:1] - INFO  [QuorumPeer[myid=1](plain=[0:0:0:0:0:0:0:0]:30197)(secure=disabled):FastLeaderElection@984] - Notification time out: 6400
2021-11-08 11:19:02,030 [myid:2] - INFO  [QuorumPeer[myid=2](plain=[0:0:0:0:0:0:0:0]:30198)(secure=disabled):FastLeaderElection@984] - Notification time out: 6400
2021-11-08 11:19:02,030 [myid:1] - WARN  [nioEventLoopGroup-90-1:NettyServerCnxnFactory$CnxnChannelHandler@231] - Zookeeper server is not running, close the connection before starting the TLS handshake
2021-11-08 11:19:02,280 [myid:] - INFO  [main:FourLetterWordMain@94] - connecting to 127.0.0.1 30197
2021-11-08 11:19:02,280 [myid:1] - WARN  [nioEventLoopGroup-90-2:NettyServerCnxnFactory$CnxnChannelHandler@231] - Zookeeper server is not running, close the connection before starting the TLS handshake
2021-11-08 11:19:02,296 [myid:] - INFO  [main:ClientBase@267] - server 127.0.0.1:30197 not up
java.net.SocketException: Software caused connection abort: recv failed
	at java.net.SocketInputStream.socketRead0(Native Method)
	at java.net.SocketInputStream.read(SocketInputStream.java:150)
	at java.net.SocketInputStream.read(SocketInputStream.java:121)
	at sun.nio.cs.StreamDecoder.readBytes(StreamDecoder.java:284)
	at sun.nio.cs.StreamDecoder.implRead(StreamDecoder.java:326)
	at sun.nio.cs.StreamDecoder.read(StreamDecoder.java:178)
	at java.io.InputStreamReader.read(InputStreamReader.java:184)
	at java.io.BufferedReader.fill(BufferedReader.java:161)
	at java.io.BufferedReader.readLine(BufferedReader.java:324)
	at java.io.BufferedReader.readLine(BufferedReader.java:389)
	at org.apache.zookeeper.client.FourLetterWordMain.send4LetterWord(FourLetterWordMain.java:129)
	at org.apache.zookeeper.client.FourLetterWordMain.send4LetterWord(FourLetterWordMain.java:74)
	at org.apache.zookeeper.test.ClientBase.waitForServerUp(ClientBase.java:258)
	at org.apache.zookeeper.test.ClientBase.waitForServerUp(ClientBase.java:249)
	at org.apache.zookeeper.server.quorum.QuorumSSLTest.testHostnameVerification(QuorumSSLTest.java:671)
	at org.apache.zookeeper.server.quorum.QuorumSSLTest.testHostnameVerificationWithInvalidIpAddressAndInvalidHostname(QuorumSSLTest.java:600)
	at sun.reflect.NativeMethodAccessorImpl.invoke0(Native Method)
	at sun.reflect.NativeMethodAccessorImpl.invoke(NativeMethodAccessorImpl.java:62)
	at sun.reflect.DelegatingMethodAccessorImpl.invoke(DelegatingMethodAccessorImpl.java:43)
	at java.lang.reflect.Method.invoke(Method.java:483)
	at org.junit.platform.commons.util.ReflectionUtils.invokeMethod(ReflectionUtils.java:686)
	at org.junit.jupiter.engine.execution.MethodInvocation.proceed(MethodInvocation.java:60)
	at org.junit.jupiter.engine.execution.InvocationInterceptorChain$ValidatingInvocation.proceed(InvocationInterceptorChain.java:131)
	at org.junit.jupiter.engine.extension.TimeoutInvocation.proceed(TimeoutInvocation.java:46)
	at org.junit.jupiter.engine.extension.TimeoutExtension.intercept(TimeoutExtension.java:149)
	at org.junit.jupiter.engine.extension.TimeoutExtension.interceptTestableMethod(TimeoutExtension.java:140)
	at org.junit.jupiter.engine.extension.TimeoutExtension.interceptTestMethod(TimeoutExtension.java:84)
	at org.junit.jupiter.engine.descriptor.TestMethodTestDescriptor$$Lambda$111/1780132728.apply(Unknown Source)
	at org.junit.jupiter.engine.execution.ExecutableInvoker$ReflectiveInterceptorCall.lambda$ofVoidMethod$0(ExecutableInvoker.java:115)
	at org.junit.jupiter.engine.execution.ExecutableInvoker$ReflectiveInterceptorCall$$Lambda$112/1725017993.apply(Unknown Source)
	at org.junit.jupiter.engine.execution.ExecutableInvoker.lambda$invoke$0(ExecutableInvoker.java:105)
	at org.junit.jupiter.engine.execution.ExecutableInvoker$$Lambda$234/64133603.apply(Unknown Source)
	at org.junit.jupiter.engine.execution.InvocationInterceptorChain$InterceptedInvocation.proceed(InvocationInterceptorChain.java:106)
	at org.junit.jupiter.engine.execution.InvocationInterceptorChain.proceed(InvocationInterceptorChain.java:64)
	at org.junit.jupiter.engine.execution.InvocationInterceptorChain.chainAndInvoke(InvocationInterceptorChain.java:45)
	at org.junit.jupiter.engine.execution.InvocationInterceptorChain.invoke(InvocationInterceptorChain.java:37)
	at org.junit.jupiter.engine.execution.ExecutableInvoker.invoke(ExecutableInvoker.java:104)
	at org.junit.jupiter.engine.execution.ExecutableInvoker.invoke(ExecutableInvoker.java:98)
	at org.junit.jupiter.engine.descriptor.TestMethodTestDescriptor.lambda$invokeTestMethod$6(TestMethodTestDescriptor.java:212)
	at org.junit.jupiter.engine.descriptor.TestMethodTestDescriptor$$Lambda$271/224100622.execute(Unknown Source)
	at org.junit.platform.engine.support.hierarchical.ThrowableCollector.execute(ThrowableCollector.java:73)
	at org.junit.jupiter.engine.descriptor.TestMethodTestDescriptor.invokeTestMethod(TestMethodTestDescriptor.java:208)
	at org.junit.jupiter.engine.descriptor.TestMethodTestDescriptor.execute(TestMethodTestDescriptor.java:137)
	at org.junit.jupiter.engine.descriptor.TestMethodTestDescriptor.execute(TestMethodTestDescriptor.java:71)
	at org.junit.platform.engine.support.hierarchical.NodeTestTask.lambda$executeRecursively$5(NodeTestTask.java:135)
	at org.junit.platform.engine.support.hierarchical.NodeTestTask$$Lambda$179/195615004.execute(Unknown Source)
	at org.junit.platform.engine.support.hierarchical.ThrowableCollector.execute(ThrowableCollector.java:73)
	at org.junit.platform.engine.support.hierarchical.NodeTestTask.lambda$executeRecursively$7(NodeTestTask.java:125)
	at org.junit.platform.engine.support.hierarchical.NodeTestTask$$Lambda$178/1890627974.invoke(Unknown Source)
	at org.junit.platform.engine.support.hierarchical.Node.around(Node.java:135)
	at org.junit.platform.engine.support.hierarchical.NodeTestTask.lambda$executeRecursively$8(NodeTestTask.java:123)
	at org.junit.platform.engine.support.hierarchical.NodeTestTask$$Lambda$177/231977479.execute(Unknown Source)
	at org.junit.platform.engine.support.hierarchical.ThrowableCollector.execute(ThrowableCollector.java:73)
	at org.junit.platform.engine.support.hierarchical.NodeTestTask.executeRecursively(NodeTestTask.java:122)
	at org.junit.platform.engine.support.hierarchical.NodeTestTask.execute(NodeTestTask.java:80)
	at org.junit.platform.engine.support.hierarchical.SameThreadHierarchicalTestExecutorService$$Lambda$183/1381713434.accept(Unknown Source)
	at java.util.ArrayList.forEach(ArrayList.java:1249)
	at org.junit.platform.engine.support.hierarchical.SameThreadHierarchicalTestExecutorService.invokeAll(SameThreadHierarchicalTestExecutorService.java:38)
	at org.junit.platform.engine.support.hierarchical.NodeTestTask.lambda$executeRecursively$5(NodeTestTask.java:139)
	at org.junit.platform.engine.support.hierarchical.NodeTestTask$$Lambda$179/195615004.execute(Unknown Source)
	at org.junit.platform.engine.support.hierarchical.ThrowableCollector.execute(ThrowableCollector.java:73)
	at org.junit.platform.engine.support.hierarchical.NodeTestTask.lambda$executeRecursively$7(NodeTestTask.java:125)
	at org.junit.platform.engine.support.hierarchical.NodeTestTask$$Lambda$178/1890627974.invoke(Unknown Source)
	at org.junit.platform.engine.support.hierarchical.Node.around(Node.java:135)
	at org.junit.platform.engine.support.hierarchical.NodeTestTask.lambda$executeRecursively$8(NodeTestTask.java:123)
	at org.junit.platform.engine.support.hierarchical.NodeTestTask$$Lambda$177/231977479.execute(Unknown Source)
	at org.junit.platform.engine.support.hierarchical.ThrowableCollector.execute(ThrowableCollector.java:73)
	at org.junit.platform.engine.support.hierarchical.NodeTestTask.executeRecursively(NodeTestTask.java:122)
	at org.junit.platform.engine.support.hierarchical.NodeTestTask.execute(NodeTestTask.java:80)
	at org.junit.platform.engine.support.hierarchical.SameThreadHierarchicalTestExecutorService$$Lambda$183/1381713434.accept(Unknown Source)
	at java.util.ArrayList.forEach(ArrayList.java:1249)
	at org.junit.platform.engine.support.hierarchical.SameThreadHierarchicalTestExecutorService.invokeAll(SameThreadHierarchicalTestExecutorService.java:38)
	at org.junit.platform.engine.support.hierarchical.NodeTestTask.lambda$executeRecursively$5(NodeTestTask.java:139)
	at org.junit.platform.engine.support.hierarchical.NodeTestTask$$Lambda$179/195615004.execute(Unknown Source)
	at org.junit.platform.engine.support.hierarchical.ThrowableCollector.execute(ThrowableCollector.java:73)
	at org.junit.platform.engine.support.hierarchical.NodeTestTask.lambda$executeRecursively$7(NodeTestTask.java:125)
	at org.junit.platform.engine.support.hierarchical.NodeTestTask$$Lambda$178/1890627974.invoke(Unknown Source)
	at org.junit.platform.engine.support.hierarchical.Node.around(Node.java:135)
	at org.junit.platform.engine.support.hierarchical.NodeTestTask.lambda$executeRecursively$8(NodeTestTask.java:123)
	at org.junit.platform.engine.support.hierarchical.NodeTestTask$$Lambda$177/231977479.execute(Unknown Source)
	at org.junit.platform.engine.support.hierarchical.ThrowableCollector.execute(ThrowableCollector.java:73)
	at org.junit.platform.engine.support.hierarchical.NodeTestTask.executeRecursively(NodeTestTask.java:122)
	at org.junit.platform.engine.support.hierarchical.NodeTestTask.execute(NodeTestTask.java:80)
	at org.junit.platform.engine.support.hierarchical.SameThreadHierarchicalTestExecutorService.submit(SameThreadHierarchicalTestExecutorService.java:32)
	at org.junit.platform.engine.support.hierarchical.HierarchicalTestExecutor.execute(HierarchicalTestExecutor.java:57)
	at org.junit.platform.engine.support.hierarchical.HierarchicalTestEngine.execute(HierarchicalTestEngine.java:51)
	at org.junit.platform.launcher.core.DefaultLauncher.execute(DefaultLauncher.java:248)
	at org.junit.platform.launcher.core.DefaultLauncher.lambda$execute$5(DefaultLauncher.java:211)
	at org.junit.platform.launcher.core.DefaultLauncher$$Lambda$143/233996206.accept(Unknown Source)
	at org.junit.platform.launcher.core.DefaultLauncher.withInterceptedStreams(DefaultLauncher.java:226)
	at org.junit.platform.launcher.core.DefaultLauncher.execute(DefaultLauncher.java:199)
	at org.junit.platform.launcher.core.DefaultLauncher.execute(DefaultLauncher.java:132)
	at org.apache.maven.surefire.junitplatform.JUnitPlatformProvider.invokeAllTests(JUnitPlatformProvider.java:142)
	at org.apache.maven.surefire.junitplatform.JUnitPlatformProvider.invoke(JUnitPlatformProvider.java:113)
	at org.apache.maven.surefire.booter.ForkedBooter.invokeProviderInSameClassLoader(ForkedBooter.java:384)
	at org.apache.maven.surefire.booter.ForkedBooter.runSuitesInProcess(ForkedBooter.java:345)
	at org.apache.maven.surefire.booter.ForkedBooter.execute(ForkedBooter.java:126)
	at org.apache.maven.surefire.booter.ForkedBooter.main(ForkedBooter.java:418)
2021-11-08 11:19:02,560 [myid:] - INFO  [main:FourLetterWordMain@94] - connecting to 127.0.0.1 30197
2021-11-08 11:19:02,561 [myid:1] - WARN  [nioEventLoopGroup-90-3:NettyServerCnxnFactory$CnxnChannelHandler@231] - Zookeeper server is not running, close the connection before starting the TLS handshake
2021-11-08 11:19:02,827 [myid:] - INFO  [main:FourLetterWordMain@94] - connecting to 127.0.0.1 30197
2021-11-08 11:19:02,827 [myid:1] - WARN  [nioEventLoopGroup-90-4:NettyServerCnxnFactory$CnxnChannelHandler@231] - Zookeeper server is not running, close the connection before starting the TLS handshake
2021-11-08 11:19:03,090 [myid:] - INFO  [main:FourLetterWordMain@94] - connecting to 127.0.0.1 30197
2021-11-08 11:19:03,092 [myid:1] - WARN  [nioEventLoopGroup-90-5:NettyServerCnxnFactory$CnxnChannelHandler@231] - Zookeeper server is not running, close the connection before starting the TLS handshake
2021-11-08 11:19:03,355 [myid:] - INFO  [main:FourLetterWordMain@94] - connecting to 127.0.0.1 30197
2021-11-08 11:19:03,355 [myid:1] - WARN  [nioEventLoopGroup-90-6:NettyServerCnxnFactory$CnxnChannelHandler@231] - Zookeeper server is not running, close the connection before starting the TLS handshake
2021-11-08 11:19:03,619 [myid:] - INFO  [main:FourLetterWordMain@94] - connecting to 127.0.0.1 30197
2021-11-08 11:19:03,619 [myid:1] - WARN  [nioEventLoopGroup-90-7:NettyServerCnxnFactory$CnxnChannelHandler@231] - Zookeeper server is not running, close the connection before starting the TLS handshake
2021-11-08 11:19:03,873 [myid:] - INFO  [main:FourLetterWordMain@94] - connecting to 127.0.0.1 30197
2021-11-08 11:19:03,873 [myid:1] - WARN  [nioEventLoopGroup-90-8:NettyServerCnxnFactory$CnxnChannelHandler@231] - Zookeeper server is not running, close the connection before starting the TLS handshake
2021-11-08 11:19:03,888 [myid:] - INFO  [main:ClientBase@267] - server 127.0.0.1:30197 not up
java.net.SocketException: Software caused connection abort: recv failed
	at java.net.SocketInputStream.socketRead0(Native Method)
	at java.net.SocketInputStream.read(SocketInputStream.java:150)
	at java.net.SocketInputStream.read(SocketInputStream.java:121)
	at sun.nio.cs.StreamDecoder.readBytes(StreamDecoder.java:284)
	at sun.nio.cs.StreamDecoder.implRead(StreamDecoder.java:326)
	at sun.nio.cs.StreamDecoder.read(StreamDecoder.java:178)
	at java.io.InputStreamReader.read(InputStreamReader.java:184)
	at java.io.BufferedReader.fill(BufferedReader.java:161)
	at java.io.BufferedReader.readLine(BufferedReader.java:324)
	at java.io.BufferedReader.readLine(BufferedReader.java:389)
	at org.apache.zookeeper.client.FourLetterWordMain.send4LetterWord(FourLetterWordMain.java:129)
	at org.apache.zookeeper.client.FourLetterWordMain.send4LetterWord(FourLetterWordMain.java:74)
	at org.apache.zookeeper.test.ClientBase.waitForServerUp(ClientBase.java:258)
	at org.apache.zookeeper.test.ClientBase.waitForServerUp(ClientBase.java:249)
	at org.apache.zookeeper.server.quorum.QuorumSSLTest.testHostnameVerification(QuorumSSLTest.java:671)
	at org.apache.zookeeper.server.quorum.QuorumSSLTest.testHostnameVerificationWithInvalidIpAddressAndInvalidHostname(QuorumSSLTest.java:600)
	at sun.reflect.NativeMethodAccessorImpl.invoke0(Native Method)
	at sun.reflect.NativeMethodAccessorImpl.invoke(NativeMethodAccessorImpl.java:62)
	at sun.reflect.DelegatingMethodAccessorImpl.invoke(DelegatingMethodAccessorImpl.java:43)
	at java.lang.reflect.Method.invoke(Method.java:483)
	at org.junit.platform.commons.util.ReflectionUtils.invokeMethod(ReflectionUtils.java:686)
	at org.junit.jupiter.engine.execution.MethodInvocation.proceed(MethodInvocation.java:60)
	at org.junit.jupiter.engine.execution.InvocationInterceptorChain$ValidatingInvocation.proceed(InvocationInterceptorChain.java:131)
	at org.junit.jupiter.engine.extension.TimeoutInvocation.proceed(TimeoutInvocation.java:46)
	at org.junit.jupiter.engine.extension.TimeoutExtension.intercept(TimeoutExtension.java:149)
	at org.junit.jupiter.engine.extension.TimeoutExtension.interceptTestableMethod(TimeoutExtension.java:140)
	at org.junit.jupiter.engine.extension.TimeoutExtension.interceptTestMethod(TimeoutExtension.java:84)
	at org.junit.jupiter.engine.descriptor.TestMethodTestDescriptor$$Lambda$111/1780132728.apply(Unknown Source)
	at org.junit.jupiter.engine.execution.ExecutableInvoker$ReflectiveInterceptorCall.lambda$ofVoidMethod$0(ExecutableInvoker.java:115)
	at org.junit.jupiter.engine.execution.ExecutableInvoker$ReflectiveInterceptorCall$$Lambda$112/1725017993.apply(Unknown Source)
	at org.junit.jupiter.engine.execution.ExecutableInvoker.lambda$invoke$0(ExecutableInvoker.java:105)
	at org.junit.jupiter.engine.execution.ExecutableInvoker$$Lambda$234/64133603.apply(Unknown Source)
	at org.junit.jupiter.engine.execution.InvocationInterceptorChain$InterceptedInvocation.proceed(InvocationInterceptorChain.java:106)
	at org.junit.jupiter.engine.execution.InvocationInterceptorChain.proceed(InvocationInterceptorChain.java:64)
	at org.junit.jupiter.engine.execution.InvocationInterceptorChain.chainAndInvoke(InvocationInterceptorChain.java:45)
	at org.junit.jupiter.engine.execution.InvocationInterceptorChain.invoke(InvocationInterceptorChain.java:37)
	at org.junit.jupiter.engine.execution.ExecutableInvoker.invoke(ExecutableInvoker.java:104)
	at org.junit.jupiter.engine.execution.ExecutableInvoker.invoke(ExecutableInvoker.java:98)
	at org.junit.jupiter.engine.descriptor.TestMethodTestDescriptor.lambda$invokeTestMethod$6(TestMethodTestDescriptor.java:212)
	at org.junit.jupiter.engine.descriptor.TestMethodTestDescriptor$$Lambda$271/224100622.execute(Unknown Source)
	at org.junit.platform.engine.support.hierarchical.ThrowableCollector.execute(ThrowableCollector.java:73)
	at org.junit.jupiter.engine.descriptor.TestMethodTestDescriptor.invokeTestMethod(TestMethodTestDescriptor.java:208)
	at org.junit.jupiter.engine.descriptor.TestMethodTestDescriptor.execute(TestMethodTestDescriptor.java:137)
	at org.junit.jupiter.engine.descriptor.TestMethodTestDescriptor.execute(TestMethodTestDescriptor.java:71)
	at org.junit.platform.engine.support.hierarchical.NodeTestTask.lambda$executeRecursively$5(NodeTestTask.java:135)
	at org.junit.platform.engine.support.hierarchical.NodeTestTask$$Lambda$179/195615004.execute(Unknown Source)
	at org.junit.platform.engine.support.hierarchical.ThrowableCollector.execute(ThrowableCollector.java:73)
	at org.junit.platform.engine.support.hierarchical.NodeTestTask.lambda$executeRecursively$7(NodeTestTask.java:125)
	at org.junit.platform.engine.support.hierarchical.NodeTestTask$$Lambda$178/1890627974.invoke(Unknown Source)
	at org.junit.platform.engine.support.hierarchical.Node.around(Node.java:135)
	at org.junit.platform.engine.support.hierarchical.NodeTestTask.lambda$executeRecursively$8(NodeTestTask.java:123)
	at org.junit.platform.engine.support.hierarchical.NodeTestTask$$Lambda$177/231977479.execute(Unknown Source)
	at org.junit.platform.engine.support.hierarchical.ThrowableCollector.execute(ThrowableCollector.java:73)
	at org.junit.platform.engine.support.hierarchical.NodeTestTask.executeRecursively(NodeTestTask.java:122)
	at org.junit.platform.engine.support.hierarchical.NodeTestTask.execute(NodeTestTask.java:80)
	at org.junit.platform.engine.support.hierarchical.SameThreadHierarchicalTestExecutorService$$Lambda$183/1381713434.accept(Unknown Source)
	at java.util.ArrayList.forEach(ArrayList.java:1249)
	at org.junit.platform.engine.support.hierarchical.SameThreadHierarchicalTestExecutorService.invokeAll(SameThreadHierarchicalTestExecutorService.java:38)
	at org.junit.platform.engine.support.hierarchical.NodeTestTask.lambda$executeRecursively$5(NodeTestTask.java:139)
	at org.junit.platform.engine.support.hierarchical.NodeTestTask$$Lambda$179/195615004.execute(Unknown Source)
	at org.junit.platform.engine.support.hierarchical.ThrowableCollector.execute(ThrowableCollector.java:73)
	at org.junit.platform.engine.support.hierarchical.NodeTestTask.lambda$executeRecursively$7(NodeTestTask.java:125)
	at org.junit.platform.engine.support.hierarchical.NodeTestTask$$Lambda$178/1890627974.invoke(Unknown Source)
	at org.junit.platform.engine.support.hierarchical.Node.around(Node.java:135)
	at org.junit.platform.engine.support.hierarchical.NodeTestTask.lambda$executeRecursively$8(NodeTestTask.java:123)
	at org.junit.platform.engine.support.hierarchical.NodeTestTask$$Lambda$177/231977479.execute(Unknown Source)
	at org.junit.platform.engine.support.hierarchical.ThrowableCollector.execute(ThrowableCollector.java:73)
	at org.junit.platform.engine.support.hierarchical.NodeTestTask.executeRecursively(NodeTestTask.java:122)
	at org.junit.platform.engine.support.hierarchical.NodeTestTask.execute(NodeTestTask.java:80)
	at org.junit.platform.engine.support.hierarchical.SameThreadHierarchicalTestExecutorService$$Lambda$183/1381713434.accept(Unknown Source)
	at java.util.ArrayList.forEach(ArrayList.java:1249)
	at org.junit.platform.engine.support.hierarchical.SameThreadHierarchicalTestExecutorService.invokeAll(SameThreadHierarchicalTestExecutorService.java:38)
	at org.junit.platform.engine.support.hierarchical.NodeTestTask.lambda$executeRecursively$5(NodeTestTask.java:139)
	at org.junit.platform.engine.support.hierarchical.NodeTestTask$$Lambda$179/195615004.execute(Unknown Source)
	at org.junit.platform.engine.support.hierarchical.ThrowableCollector.execute(ThrowableCollector.java:73)
	at org.junit.platform.engine.support.hierarchical.NodeTestTask.lambda$executeRecursively$7(NodeTestTask.java:125)
	at org.junit.platform.engine.support.hierarchical.NodeTestTask$$Lambda$178/1890627974.invoke(Unknown Source)
	at org.junit.platform.engine.support.hierarchical.Node.around(Node.java:135)
	at org.junit.platform.engine.support.hierarchical.NodeTestTask.lambda$executeRecursively$8(NodeTestTask.java:123)
	at org.junit.platform.engine.support.hierarchical.NodeTestTask$$Lambda$177/231977479.execute(Unknown Source)
	at org.junit.platform.engine.support.hierarchical.ThrowableCollector.execute(ThrowableCollector.java:73)
	at org.junit.platform.engine.support.hierarchical.NodeTestTask.executeRecursively(NodeTestTask.java:122)
	at org.junit.platform.engine.support.hierarchical.NodeTestTask.execute(NodeTestTask.java:80)
	at org.junit.platform.engine.support.hierarchical.SameThreadHierarchicalTestExecutorService.submit(SameThreadHierarchicalTestExecutorService.java:32)
	at org.junit.platform.engine.support.hierarchical.HierarchicalTestExecutor.execute(HierarchicalTestExecutor.java:57)
	at org.junit.platform.engine.support.hierarchical.HierarchicalTestEngine.execute(HierarchicalTestEngine.java:51)
	at org.junit.platform.launcher.core.DefaultLauncher.execute(DefaultLauncher.java:248)
	at org.junit.platform.launcher.core.DefaultLauncher.lambda$execute$5(DefaultLauncher.java:211)
	at org.junit.platform.launcher.core.DefaultLauncher$$Lambda$143/233996206.accept(Unknown Source)
	at org.junit.platform.launcher.core.DefaultLauncher.withInterceptedStreams(DefaultLauncher.java:226)
	at org.junit.platform.launcher.core.DefaultLauncher.execute(DefaultLauncher.java:199)
	at org.junit.platform.launcher.core.DefaultLauncher.execute(DefaultLauncher.java:132)
	at org.apache.maven.surefire.junitplatform.JUnitPlatformProvider.invokeAllTests(JUnitPlatformProvider.java:142)
	at org.apache.maven.surefire.junitplatform.JUnitPlatformProvider.invoke(JUnitPlatformProvider.java:113)
	at org.apache.maven.surefire.booter.ForkedBooter.invokeProviderInSameClassLoader(ForkedBooter.java:384)
	at org.apache.maven.surefire.booter.ForkedBooter.runSuitesInProcess(ForkedBooter.java:345)
	at org.apache.maven.surefire.booter.ForkedBooter.execute(ForkedBooter.java:126)
	at org.apache.maven.surefire.booter.ForkedBooter.main(ForkedBooter.java:418)
2021-11-08 11:19:04,138 [myid:] - INFO  [main:FourLetterWordMain@94] - connecting to 127.0.0.1 30197
2021-11-08 11:19:04,139 [myid:1] - WARN  [nioEventLoopGroup-90-9:NettyServerCnxnFactory$CnxnChannelHandler@231] - Zookeeper server is not running, close the connection before starting the TLS handshake
2021-11-08 11:19:04,153 [myid:] - INFO  [main:ClientBase@267] - server 127.0.0.1:30197 not up
java.net.SocketException: Software caused connection abort: recv failed
	at java.net.SocketInputStream.socketRead0(Native Method)
	at java.net.SocketInputStream.read(SocketInputStream.java:150)
	at java.net.SocketInputStream.read(SocketInputStream.java:121)
	at sun.nio.cs.StreamDecoder.readBytes(StreamDecoder.java:284)
	at sun.nio.cs.StreamDecoder.implRead(StreamDecoder.java:326)
	at sun.nio.cs.StreamDecoder.read(StreamDecoder.java:178)
	at java.io.InputStreamReader.read(InputStreamReader.java:184)
	at java.io.BufferedReader.fill(BufferedReader.java:161)
	at java.io.BufferedReader.readLine(BufferedReader.java:324)
	at java.io.BufferedReader.readLine(BufferedReader.java:389)
	at org.apache.zookeeper.client.FourLetterWordMain.send4LetterWord(FourLetterWordMain.java:129)
	at org.apache.zookeeper.client.FourLetterWordMain.send4LetterWord(FourLetterWordMain.java:74)
	at org.apache.zookeeper.test.ClientBase.waitForServerUp(ClientBase.java:258)
	at org.apache.zookeeper.test.ClientBase.waitForServerUp(ClientBase.java:249)
	at org.apache.zookeeper.server.quorum.QuorumSSLTest.testHostnameVerification(QuorumSSLTest.java:671)
	at org.apache.zookeeper.server.quorum.QuorumSSLTest.testHostnameVerificationWithInvalidIpAddressAndInvalidHostname(QuorumSSLTest.java:600)
	at sun.reflect.NativeMethodAccessorImpl.invoke0(Native Method)
	at sun.reflect.NativeMethodAccessorImpl.invoke(NativeMethodAccessorImpl.java:62)
	at sun.reflect.DelegatingMethodAccessorImpl.invoke(DelegatingMethodAccessorImpl.java:43)
	at java.lang.reflect.Method.invoke(Method.java:483)
	at org.junit.platform.commons.util.ReflectionUtils.invokeMethod(ReflectionUtils.java:686)
	at org.junit.jupiter.engine.execution.MethodInvocation.proceed(MethodInvocation.java:60)
	at org.junit.jupiter.engine.execution.InvocationInterceptorChain$ValidatingInvocation.proceed(InvocationInterceptorChain.java:131)
	at org.junit.jupiter.engine.extension.TimeoutInvocation.proceed(TimeoutInvocation.java:46)
	at org.junit.jupiter.engine.extension.TimeoutExtension.intercept(TimeoutExtension.java:149)
	at org.junit.jupiter.engine.extension.TimeoutExtension.interceptTestableMethod(TimeoutExtension.java:140)
	at org.junit.jupiter.engine.extension.TimeoutExtension.interceptTestMethod(TimeoutExtension.java:84)
	at org.junit.jupiter.engine.descriptor.TestMethodTestDescriptor$$Lambda$111/1780132728.apply(Unknown Source)
	at org.junit.jupiter.engine.execution.ExecutableInvoker$ReflectiveInterceptorCall.lambda$ofVoidMethod$0(ExecutableInvoker.java:115)
	at org.junit.jupiter.engine.execution.ExecutableInvoker$ReflectiveInterceptorCall$$Lambda$112/1725017993.apply(Unknown Source)
	at org.junit.jupiter.engine.execution.ExecutableInvoker.lambda$invoke$0(ExecutableInvoker.java:105)
	at org.junit.jupiter.engine.execution.ExecutableInvoker$$Lambda$234/64133603.apply(Unknown Source)
	at org.junit.jupiter.engine.execution.InvocationInterceptorChain$InterceptedInvocation.proceed(InvocationInterceptorChain.java:106)
	at org.junit.jupiter.engine.execution.InvocationInterceptorChain.proceed(InvocationInterceptorChain.java:64)
	at org.junit.jupiter.engine.execution.InvocationInterceptorChain.chainAndInvoke(InvocationInterceptorChain.java:45)
	at org.junit.jupiter.engine.execution.InvocationInterceptorChain.invoke(InvocationInterceptorChain.java:37)
	at org.junit.jupiter.engine.execution.ExecutableInvoker.invoke(ExecutableInvoker.java:104)
	at org.junit.jupiter.engine.execution.ExecutableInvoker.invoke(ExecutableInvoker.java:98)
	at org.junit.jupiter.engine.descriptor.TestMethodTestDescriptor.lambda$invokeTestMethod$6(TestMethodTestDescriptor.java:212)
	at org.junit.jupiter.engine.descriptor.TestMethodTestDescriptor$$Lambda$271/224100622.execute(Unknown Source)
	at org.junit.platform.engine.support.hierarchical.ThrowableCollector.execute(ThrowableCollector.java:73)
	at org.junit.jupiter.engine.descriptor.TestMethodTestDescriptor.invokeTestMethod(TestMethodTestDescriptor.java:208)
	at org.junit.jupiter.engine.descriptor.TestMethodTestDescriptor.execute(TestMethodTestDescriptor.java:137)
	at org.junit.jupiter.engine.descriptor.TestMethodTestDescriptor.execute(TestMethodTestDescriptor.java:71)
	at org.junit.platform.engine.support.hierarchical.NodeTestTask.lambda$executeRecursively$5(NodeTestTask.java:135)
	at org.junit.platform.engine.support.hierarchical.NodeTestTask$$Lambda$179/195615004.execute(Unknown Source)
	at org.junit.platform.engine.support.hierarchical.ThrowableCollector.execute(ThrowableCollector.java:73)
	at org.junit.platform.engine.support.hierarchical.NodeTestTask.lambda$executeRecursively$7(NodeTestTask.java:125)
	at org.junit.platform.engine.support.hierarchical.NodeTestTask$$Lambda$178/1890627974.invoke(Unknown Source)
	at org.junit.platform.engine.support.hierarchical.Node.around(Node.java:135)
	at org.junit.platform.engine.support.hierarchical.NodeTestTask.lambda$executeRecursively$8(NodeTestTask.java:123)
	at org.junit.platform.engine.support.hierarchical.NodeTestTask$$Lambda$177/231977479.execute(Unknown Source)
	at org.junit.platform.engine.support.hierarchical.ThrowableCollector.execute(ThrowableCollector.java:73)
	at org.junit.platform.engine.support.hierarchical.NodeTestTask.executeRecursively(NodeTestTask.java:122)
	at org.junit.platform.engine.support.hierarchical.NodeTestTask.execute(NodeTestTask.java:80)
	at org.junit.platform.engine.support.hierarchical.SameThreadHierarchicalTestExecutorService$$Lambda$183/1381713434.accept(Unknown Source)
	at java.util.ArrayList.forEach(ArrayList.java:1249)
	at org.junit.platform.engine.support.hierarchical.SameThreadHierarchicalTestExecutorService.invokeAll(SameThreadHierarchicalTestExecutorService.java:38)
	at org.junit.platform.engine.support.hierarchical.NodeTestTask.lambda$executeRecursively$5(NodeTestTask.java:139)
	at org.junit.platform.engine.support.hierarchical.NodeTestTask$$Lambda$179/195615004.execute(Unknown Source)
	at org.junit.platform.engine.support.hierarchical.ThrowableCollector.execute(ThrowableCollector.java:73)
	at org.junit.platform.engine.support.hierarchical.NodeTestTask.lambda$executeRecursively$7(NodeTestTask.java:125)
	at org.junit.platform.engine.support.hierarchical.NodeTestTask$$Lambda$178/1890627974.invoke(Unknown Source)
	at org.junit.platform.engine.support.hierarchical.Node.around(Node.java:135)
	at org.junit.platform.engine.support.hierarchical.NodeTestTask.lambda$executeRecursively$8(NodeTestTask.java:123)
	at org.junit.platform.engine.support.hierarchical.NodeTestTask$$Lambda$177/231977479.execute(Unknown Source)
	at org.junit.platform.engine.support.hierarchical.ThrowableCollector.execute(ThrowableCollector.java:73)
	at org.junit.platform.engine.support.hierarchical.NodeTestTask.executeRecursively(NodeTestTask.java:122)
	at org.junit.platform.engine.support.hierarchical.NodeTestTask.execute(NodeTestTask.java:80)
	at org.junit.platform.engine.support.hierarchical.SameThreadHierarchicalTestExecutorService$$Lambda$183/1381713434.accept(Unknown Source)
	at java.util.ArrayList.forEach(ArrayList.java:1249)
	at org.junit.platform.engine.support.hierarchical.SameThreadHierarchicalTestExecutorService.invokeAll(SameThreadHierarchicalTestExecutorService.java:38)
	at org.junit.platform.engine.support.hierarchical.NodeTestTask.lambda$executeRecursively$5(NodeTestTask.java:139)
	at org.junit.platform.engine.support.hierarchical.NodeTestTask$$Lambda$179/195615004.execute(Unknown Source)
	at org.junit.platform.engine.support.hierarchical.ThrowableCollector.execute(ThrowableCollector.java:73)
	at org.junit.platform.engine.support.hierarchical.NodeTestTask.lambda$executeRecursively$7(NodeTestTask.java:125)
	at org.junit.platform.engine.support.hierarchical.NodeTestTask$$Lambda$178/1890627974.invoke(Unknown Source)
	at org.junit.platform.engine.support.hierarchical.Node.around(Node.java:135)
	at org.junit.platform.engine.support.hierarchical.NodeTestTask.lambda$executeRecursively$8(NodeTestTask.java:123)
	at org.junit.platform.engine.support.hierarchical.NodeTestTask$$Lambda$177/231977479.execute(Unknown Source)
	at org.junit.platform.engine.support.hierarchical.ThrowableCollector.execute(ThrowableCollector.java:73)
	at org.junit.platform.engine.support.hierarchical.NodeTestTask.executeRecursively(NodeTestTask.java:122)
	at org.junit.platform.engine.support.hierarchical.NodeTestTask.execute(NodeTestTask.java:80)
	at org.junit.platform.engine.support.hierarchical.SameThreadHierarchicalTestExecutorService.submit(SameThreadHierarchicalTestExecutorService.java:32)
	at org.junit.platform.engine.support.hierarchical.HierarchicalTestExecutor.execute(HierarchicalTestExecutor.java:57)
	at org.junit.platform.engine.support.hierarchical.HierarchicalTestEngine.execute(HierarchicalTestEngine.java:51)
	at org.junit.platform.launcher.core.DefaultLauncher.execute(DefaultLauncher.java:248)
	at org.junit.platform.launcher.core.DefaultLauncher.lambda$execute$5(DefaultLauncher.java:211)
	at org.junit.platform.launcher.core.DefaultLauncher$$Lambda$143/233996206.accept(Unknown Source)
	at org.junit.platform.launcher.core.DefaultLauncher.withInterceptedStreams(DefaultLauncher.java:226)
	at org.junit.platform.launcher.core.DefaultLauncher.execute(DefaultLauncher.java:199)
	at org.junit.platform.launcher.core.DefaultLauncher.execute(DefaultLauncher.java:132)
	at org.apache.maven.surefire.junitplatform.JUnitPlatformProvider.invokeAllTests(JUnitPlatformProvider.java:142)
	at org.apache.maven.surefire.junitplatform.JUnitPlatformProvider.invoke(JUnitPlatformProvider.java:113)
	at org.apache.maven.surefire.booter.ForkedBooter.invokeProviderInSameClassLoader(ForkedBooter.java:384)
	at org.apache.maven.surefire.booter.ForkedBooter.runSuitesInProcess(ForkedBooter.java:345)
	at org.apache.maven.surefire.booter.ForkedBooter.execute(ForkedBooter.java:126)
	at org.apache.maven.surefire.booter.ForkedBooter.main(ForkedBooter.java:418)
2021-11-08 11:19:04,418 [myid:] - INFO  [main:FourLetterWordMain@94] - connecting to 127.0.0.1 30197
2021-11-08 11:19:04,419 [myid:1] - WARN  [nioEventLoopGroup-90-10:NettyServerCnxnFactory$CnxnChannelHandler@231] - Zookeeper server is not running, close the connection before starting the TLS handshake
2021-11-08 11:19:04,683 [myid:] - INFO  [main:FourLetterWordMain@94] - connecting to 127.0.0.1 30197
2021-11-08 11:19:04,684 [myid:1] - WARN  [nioEventLoopGroup-90-11:NettyServerCnxnFactory$CnxnChannelHandler@231] - Zookeeper server is not running, close the connection before starting the TLS handshake
2021-11-08 11:19:04,947 [myid:] - INFO  [main:FourLetterWordMain@94] - connecting to 127.0.0.1 30197
2021-11-08 11:19:04,947 [myid:1] - WARN  [nioEventLoopGroup-90-12:NettyServerCnxnFactory$CnxnChannelHandler@231] - Zookeeper server is not running, close the connection before starting the TLS handshake
2021-11-08 11:19:05,198 [myid:] - INFO  [main:FourLetterWordMain@94] - connecting to 127.0.0.1 30197
2021-11-08 11:19:05,199 [myid:1] - WARN  [nioEventLoopGroup-90-1:NettyServerCnxnFactory$CnxnChannelHandler@231] - Zookeeper server is not running, close the connection before starting the TLS handshake
2021-11-08 11:19:05,462 [myid:] - INFO  [main:FourLetterWordMain@94] - connecting to 127.0.0.1 30197
2021-11-08 11:19:05,463 [myid:1] - WARN  [nioEventLoopGroup-90-2:NettyServerCnxnFactory$CnxnChannelHandler@231] - Zookeeper server is not running, close the connection before starting the TLS handshake
2021-11-08 11:19:05,726 [myid:] - INFO  [main:FourLetterWordMain@94] - connecting to 127.0.0.1 30197
2021-11-08 11:19:05,726 [myid:1] - WARN  [nioEventLoopGroup-90-3:NettyServerCnxnFactory$CnxnChannelHandler@231] - Zookeeper server is not running, close the connection before starting the TLS handshake
2021-11-08 11:19:05,977 [myid:] - INFO  [main:FourLetterWordMain@94] - connecting to 127.0.0.1 30197
2021-11-08 11:19:05,977 [myid:1] - WARN  [nioEventLoopGroup-90-4:NettyServerCnxnFactory$CnxnChannelHandler@231] - Zookeeper server is not running, close the connection before starting the TLS handshake
2021-11-08 11:19:05,992 [myid:] - INFO  [main:ClientBase@267] - server 127.0.0.1:30197 not up
java.net.SocketException: Software caused connection abort: recv failed
	at java.net.SocketInputStream.socketRead0(Native Method)
	at java.net.SocketInputStream.read(SocketInputStream.java:150)
	at java.net.SocketInputStream.read(SocketInputStream.java:121)
	at sun.nio.cs.StreamDecoder.readBytes(StreamDecoder.java:284)
	at sun.nio.cs.StreamDecoder.implRead(StreamDecoder.java:326)
	at sun.nio.cs.StreamDecoder.read(StreamDecoder.java:178)
	at java.io.InputStreamReader.read(InputStreamReader.java:184)
	at java.io.BufferedReader.fill(BufferedReader.java:161)
	at java.io.BufferedReader.readLine(BufferedReader.java:324)
	at java.io.BufferedReader.readLine(BufferedReader.java:389)
	at org.apache.zookeeper.client.FourLetterWordMain.send4LetterWord(FourLetterWordMain.java:129)
	at org.apache.zookeeper.client.FourLetterWordMain.send4LetterWord(FourLetterWordMain.java:74)
	at org.apache.zookeeper.test.ClientBase.waitForServerUp(ClientBase.java:258)
	at org.apache.zookeeper.test.ClientBase.waitForServerUp(ClientBase.java:249)
	at org.apache.zookeeper.server.quorum.QuorumSSLTest.testHostnameVerification(QuorumSSLTest.java:671)
	at org.apache.zookeeper.server.quorum.QuorumSSLTest.testHostnameVerificationWithInvalidIpAddressAndInvalidHostname(QuorumSSLTest.java:600)
	at sun.reflect.NativeMethodAccessorImpl.invoke0(Native Method)
	at sun.reflect.NativeMethodAccessorImpl.invoke(NativeMethodAccessorImpl.java:62)
	at sun.reflect.DelegatingMethodAccessorImpl.invoke(DelegatingMethodAccessorImpl.java:43)
	at java.lang.reflect.Method.invoke(Method.java:483)
	at org.junit.platform.commons.util.ReflectionUtils.invokeMethod(ReflectionUtils.java:686)
	at org.junit.jupiter.engine.execution.MethodInvocation.proceed(MethodInvocation.java:60)
	at org.junit.jupiter.engine.execution.InvocationInterceptorChain$ValidatingInvocation.proceed(InvocationInterceptorChain.java:131)
	at org.junit.jupiter.engine.extension.TimeoutInvocation.proceed(TimeoutInvocation.java:46)
	at org.junit.jupiter.engine.extension.TimeoutExtension.intercept(TimeoutExtension.java:149)
	at org.junit.jupiter.engine.extension.TimeoutExtension.interceptTestableMethod(TimeoutExtension.java:140)
	at org.junit.jupiter.engine.extension.TimeoutExtension.interceptTestMethod(TimeoutExtension.java:84)
	at org.junit.jupiter.engine.descriptor.TestMethodTestDescriptor$$Lambda$111/1780132728.apply(Unknown Source)
	at org.junit.jupiter.engine.execution.ExecutableInvoker$ReflectiveInterceptorCall.lambda$ofVoidMethod$0(ExecutableInvoker.java:115)
	at org.junit.jupiter.engine.execution.ExecutableInvoker$ReflectiveInterceptorCall$$Lambda$112/1725017993.apply(Unknown Source)
	at org.junit.jupiter.engine.execution.ExecutableInvoker.lambda$invoke$0(ExecutableInvoker.java:105)
	at org.junit.jupiter.engine.execution.ExecutableInvoker$$Lambda$234/64133603.apply(Unknown Source)
	at org.junit.jupiter.engine.execution.InvocationInterceptorChain$InterceptedInvocation.proceed(InvocationInterceptorChain.java:106)
	at org.junit.jupiter.engine.execution.InvocationInterceptorChain.proceed(InvocationInterceptorChain.java:64)
	at org.junit.jupiter.engine.execution.InvocationInterceptorChain.chainAndInvoke(InvocationInterceptorChain.java:45)
	at org.junit.jupiter.engine.execution.InvocationInterceptorChain.invoke(InvocationInterceptorChain.java:37)
	at org.junit.jupiter.engine.execution.ExecutableInvoker.invoke(ExecutableInvoker.java:104)
	at org.junit.jupiter.engine.execution.ExecutableInvoker.invoke(ExecutableInvoker.java:98)
	at org.junit.jupiter.engine.descriptor.TestMethodTestDescriptor.lambda$invokeTestMethod$6(TestMethodTestDescriptor.java:212)
	at org.junit.jupiter.engine.descriptor.TestMethodTestDescriptor$$Lambda$271/224100622.execute(Unknown Source)
	at org.junit.platform.engine.support.hierarchical.ThrowableCollector.execute(ThrowableCollector.java:73)
	at org.junit.jupiter.engine.descriptor.TestMethodTestDescriptor.invokeTestMethod(TestMethodTestDescriptor.java:208)
	at org.junit.jupiter.engine.descriptor.TestMethodTestDescriptor.execute(TestMethodTestDescriptor.java:137)
	at org.junit.jupiter.engine.descriptor.TestMethodTestDescriptor.execute(TestMethodTestDescriptor.java:71)
	at org.junit.platform.engine.support.hierarchical.NodeTestTask.lambda$executeRecursively$5(NodeTestTask.java:135)
	at org.junit.platform.engine.support.hierarchical.NodeTestTask$$Lambda$179/195615004.execute(Unknown Source)
	at org.junit.platform.engine.support.hierarchical.ThrowableCollector.execute(ThrowableCollector.java:73)
	at org.junit.platform.engine.support.hierarchical.NodeTestTask.lambda$executeRecursively$7(NodeTestTask.java:125)
	at org.junit.platform.engine.support.hierarchical.NodeTestTask$$Lambda$178/1890627974.invoke(Unknown Source)
	at org.junit.platform.engine.support.hierarchical.Node.around(Node.java:135)
	at org.junit.platform.engine.support.hierarchical.NodeTestTask.lambda$executeRecursively$8(NodeTestTask.java:123)
	at org.junit.platform.engine.support.hierarchical.NodeTestTask$$Lambda$177/231977479.execute(Unknown Source)
	at org.junit.platform.engine.support.hierarchical.ThrowableCollector.execute(ThrowableCollector.java:73)
	at org.junit.platform.engine.support.hierarchical.NodeTestTask.executeRecursively(NodeTestTask.java:122)
	at org.junit.platform.engine.support.hierarchical.NodeTestTask.execute(NodeTestTask.java:80)
	at org.junit.platform.engine.support.hierarchical.SameThreadHierarchicalTestExecutorService$$Lambda$183/1381713434.accept(Unknown Source)
	at java.util.ArrayList.forEach(ArrayList.java:1249)
	at org.junit.platform.engine.support.hierarchical.SameThreadHierarchicalTestExecutorService.invokeAll(SameThreadHierarchicalTestExecutorService.java:38)
	at org.junit.platform.engine.support.hierarchical.NodeTestTask.lambda$executeRecursively$5(NodeTestTask.java:139)
	at org.junit.platform.engine.support.hierarchical.NodeTestTask$$Lambda$179/195615004.execute(Unknown Source)
	at org.junit.platform.engine.support.hierarchical.ThrowableCollector.execute(ThrowableCollector.java:73)
	at org.junit.platform.engine.support.hierarchical.NodeTestTask.lambda$executeRecursively$7(NodeTestTask.java:125)
	at org.junit.platform.engine.support.hierarchical.NodeTestTask$$Lambda$178/1890627974.invoke(Unknown Source)
	at org.junit.platform.engine.support.hierarchical.Node.around(Node.java:135)
	at org.junit.platform.engine.support.hierarchical.NodeTestTask.lambda$executeRecursively$8(NodeTestTask.java:123)
	at org.junit.platform.engine.support.hierarchical.NodeTestTask$$Lambda$177/231977479.execute(Unknown Source)
	at org.junit.platform.engine.support.hierarchical.ThrowableCollector.execute(ThrowableCollector.java:73)
	at org.junit.platform.engine.support.hierarchical.NodeTestTask.executeRecursively(NodeTestTask.java:122)
	at org.junit.platform.engine.support.hierarchical.NodeTestTask.execute(NodeTestTask.java:80)
	at org.junit.platform.engine.support.hierarchical.SameThreadHierarchicalTestExecutorService$$Lambda$183/1381713434.accept(Unknown Source)
	at java.util.ArrayList.forEach(ArrayList.java:1249)
	at org.junit.platform.engine.support.hierarchical.SameThreadHierarchicalTestExecutorService.invokeAll(SameThreadHierarchicalTestExecutorService.java:38)
	at org.junit.platform.engine.support.hierarchical.NodeTestTask.lambda$executeRecursively$5(NodeTestTask.java:139)
	at org.junit.platform.engine.support.hierarchical.NodeTestTask$$Lambda$179/195615004.execute(Unknown Source)
	at org.junit.platform.engine.support.hierarchical.ThrowableCollector.execute(ThrowableCollector.java:73)
	at org.junit.platform.engine.support.hierarchical.NodeTestTask.lambda$executeRecursively$7(NodeTestTask.java:125)
	at org.junit.platform.engine.support.hierarchical.NodeTestTask$$Lambda$178/1890627974.invoke(Unknown Source)
	at org.junit.platform.engine.support.hierarchical.Node.around(Node.java:135)
	at org.junit.platform.engine.support.hierarchical.NodeTestTask.lambda$executeRecursively$8(NodeTestTask.java:123)
	at org.junit.platform.engine.support.hierarchical.NodeTestTask$$Lambda$177/231977479.execute(Unknown Source)
	at org.junit.platform.engine.support.hierarchical.ThrowableCollector.execute(ThrowableCollector.java:73)
	at org.junit.platform.engine.support.hierarchical.NodeTestTask.executeRecursively(NodeTestTask.java:122)
	at org.junit.platform.engine.support.hierarchical.NodeTestTask.execute(NodeTestTask.java:80)
	at org.junit.platform.engine.support.hierarchical.SameThreadHierarchicalTestExecutorService.submit(SameThreadHierarchicalTestExecutorService.java:32)
	at org.junit.platform.engine.support.hierarchical.HierarchicalTestExecutor.execute(HierarchicalTestExecutor.java:57)
	at org.junit.platform.engine.support.hierarchical.HierarchicalTestEngine.execute(HierarchicalTestEngine.java:51)
	at org.junit.platform.launcher.core.DefaultLauncher.execute(DefaultLauncher.java:248)
	at org.junit.platform.launcher.core.DefaultLauncher.lambda$execute$5(DefaultLauncher.java:211)
	at org.junit.platform.launcher.core.DefaultLauncher$$Lambda$143/233996206.accept(Unknown Source)
	at org.junit.platform.launcher.core.DefaultLauncher.withInterceptedStreams(DefaultLauncher.java:226)
	at org.junit.platform.launcher.core.DefaultLauncher.execute(DefaultLauncher.java:199)
	at org.junit.platform.launcher.core.DefaultLauncher.execute(DefaultLauncher.java:132)
	at org.apache.maven.surefire.junitplatform.JUnitPlatformProvider.invokeAllTests(JUnitPlatformProvider.java:142)
	at org.apache.maven.surefire.junitplatform.JUnitPlatformProvider.invoke(JUnitPlatformProvider.java:113)
	at org.apache.maven.surefire.booter.ForkedBooter.invokeProviderInSameClassLoader(ForkedBooter.java:384)
	at org.apache.maven.surefire.booter.ForkedBooter.runSuitesInProcess(ForkedBooter.java:345)
	at org.apache.maven.surefire.booter.ForkedBooter.execute(ForkedBooter.java:126)
	at org.apache.maven.surefire.booter.ForkedBooter.main(ForkedBooter.java:418)
2021-11-08 11:19:06,243 [myid:] - INFO  [main:FourLetterWordMain@94] - connecting to 127.0.0.1 30197
2021-11-08 11:19:06,243 [myid:1] - WARN  [nioEventLoopGroup-90-5:NettyServerCnxnFactory$CnxnChannelHandler@231] - Zookeeper server is not running, close the connection before starting the TLS handshake
2021-11-08 11:19:06,259 [myid:] - INFO  [main:ClientBase@267] - server 127.0.0.1:30197 not up
java.net.SocketException: Software caused connection abort: recv failed
	at java.net.SocketInputStream.socketRead0(Native Method)
	at java.net.SocketInputStream.read(SocketInputStream.java:150)
	at java.net.SocketInputStream.read(SocketInputStream.java:121)
	at sun.nio.cs.StreamDecoder.readBytes(StreamDecoder.java:284)
	at sun.nio.cs.StreamDecoder.implRead(StreamDecoder.java:326)
	at sun.nio.cs.StreamDecoder.read(StreamDecoder.java:178)
	at java.io.InputStreamReader.read(InputStreamReader.java:184)
	at java.io.BufferedReader.fill(BufferedReader.java:161)
	at java.io.BufferedReader.readLine(BufferedReader.java:324)
	at java.io.BufferedReader.readLine(BufferedReader.java:389)
	at org.apache.zookeeper.client.FourLetterWordMain.send4LetterWord(FourLetterWordMain.java:129)
	at org.apache.zookeeper.client.FourLetterWordMain.send4LetterWord(FourLetterWordMain.java:74)
	at org.apache.zookeeper.test.ClientBase.waitForServerUp(ClientBase.java:258)
	at org.apache.zookeeper.test.ClientBase.waitForServerUp(ClientBase.java:249)
	at org.apache.zookeeper.server.quorum.QuorumSSLTest.testHostnameVerification(QuorumSSLTest.java:671)
	at org.apache.zookeeper.server.quorum.QuorumSSLTest.testHostnameVerificationWithInvalidIpAddressAndInvalidHostname(QuorumSSLTest.java:600)
	at sun.reflect.NativeMethodAccessorImpl.invoke0(Native Method)
	at sun.reflect.NativeMethodAccessorImpl.invoke(NativeMethodAccessorImpl.java:62)
	at sun.reflect.DelegatingMethodAccessorImpl.invoke(DelegatingMethodAccessorImpl.java:43)
	at java.lang.reflect.Method.invoke(Method.java:483)
	at org.junit.platform.commons.util.ReflectionUtils.invokeMethod(ReflectionUtils.java:686)
	at org.junit.jupiter.engine.execution.MethodInvocation.proceed(MethodInvocation.java:60)
	at org.junit.jupiter.engine.execution.InvocationInterceptorChain$ValidatingInvocation.proceed(InvocationInterceptorChain.java:131)
	at org.junit.jupiter.engine.extension.TimeoutInvocation.proceed(TimeoutInvocation.java:46)
	at org.junit.jupiter.engine.extension.TimeoutExtension.intercept(TimeoutExtension.java:149)
	at org.junit.jupiter.engine.extension.TimeoutExtension.interceptTestableMethod(TimeoutExtension.java:140)
	at org.junit.jupiter.engine.extension.TimeoutExtension.interceptTestMethod(TimeoutExtension.java:84)
	at org.junit.jupiter.engine.descriptor.TestMethodTestDescriptor$$Lambda$111/1780132728.apply(Unknown Source)
	at org.junit.jupiter.engine.execution.ExecutableInvoker$ReflectiveInterceptorCall.lambda$ofVoidMethod$0(ExecutableInvoker.java:115)
	at org.junit.jupiter.engine.execution.ExecutableInvoker$ReflectiveInterceptorCall$$Lambda$112/1725017993.apply(Unknown Source)
	at org.junit.jupiter.engine.execution.ExecutableInvoker.lambda$invoke$0(ExecutableInvoker.java:105)
	at org.junit.jupiter.engine.execution.ExecutableInvoker$$Lambda$234/64133603.apply(Unknown Source)
	at org.junit.jupiter.engine.execution.InvocationInterceptorChain$InterceptedInvocation.proceed(InvocationInterceptorChain.java:106)
	at org.junit.jupiter.engine.execution.InvocationInterceptorChain.proceed(InvocationInterceptorChain.java:64)
	at org.junit.jupiter.engine.execution.InvocationInterceptorChain.chainAndInvoke(InvocationInterceptorChain.java:45)
	at org.junit.jupiter.engine.execution.InvocationInterceptorChain.invoke(InvocationInterceptorChain.java:37)
	at org.junit.jupiter.engine.execution.ExecutableInvoker.invoke(ExecutableInvoker.java:104)
	at org.junit.jupiter.engine.execution.ExecutableInvoker.invoke(ExecutableInvoker.java:98)
	at org.junit.jupiter.engine.descriptor.TestMethodTestDescriptor.lambda$invokeTestMethod$6(TestMethodTestDescriptor.java:212)
	at org.junit.jupiter.engine.descriptor.TestMethodTestDescriptor$$Lambda$271/224100622.execute(Unknown Source)
	at org.junit.platform.engine.support.hierarchical.ThrowableCollector.execute(ThrowableCollector.java:73)
	at org.junit.jupiter.engine.descriptor.TestMethodTestDescriptor.invokeTestMethod(TestMethodTestDescriptor.java:208)
	at org.junit.jupiter.engine.descriptor.TestMethodTestDescriptor.execute(TestMethodTestDescriptor.java:137)
	at org.junit.jupiter.engine.descriptor.TestMethodTestDescriptor.execute(TestMethodTestDescriptor.java:71)
	at org.junit.platform.engine.support.hierarchical.NodeTestTask.lambda$executeRecursively$5(NodeTestTask.java:135)
	at org.junit.platform.engine.support.hierarchical.NodeTestTask$$Lambda$179/195615004.execute(Unknown Source)
	at org.junit.platform.engine.support.hierarchical.ThrowableCollector.execute(ThrowableCollector.java:73)
	at org.junit.platform.engine.support.hierarchical.NodeTestTask.lambda$executeRecursively$7(NodeTestTask.java:125)
	at org.junit.platform.engine.support.hierarchical.NodeTestTask$$Lambda$178/1890627974.invoke(Unknown Source)
	at org.junit.platform.engine.support.hierarchical.Node.around(Node.java:135)
	at org.junit.platform.engine.support.hierarchical.NodeTestTask.lambda$executeRecursively$8(NodeTestTask.java:123)
	at org.junit.platform.engine.support.hierarchical.NodeTestTask$$Lambda$177/231977479.execute(Unknown Source)
	at org.junit.platform.engine.support.hierarchical.ThrowableCollector.execute(ThrowableCollector.java:73)
	at org.junit.platform.engine.support.hierarchical.NodeTestTask.executeRecursively(NodeTestTask.java:122)
	at org.junit.platform.engine.support.hierarchical.NodeTestTask.execute(NodeTestTask.java:80)
	at org.junit.platform.engine.support.hierarchical.SameThreadHierarchicalTestExecutorService$$Lambda$183/1381713434.accept(Unknown Source)
	at java.util.ArrayList.forEach(ArrayList.java:1249)
	at org.junit.platform.engine.support.hierarchical.SameThreadHierarchicalTestExecutorService.invokeAll(SameThreadHierarchicalTestExecutorService.java:38)
	at org.junit.platform.engine.support.hierarchical.NodeTestTask.lambda$executeRecursively$5(NodeTestTask.java:139)
	at org.junit.platform.engine.support.hierarchical.NodeTestTask$$Lambda$179/195615004.execute(Unknown Source)
	at org.junit.platform.engine.support.hierarchical.ThrowableCollector.execute(ThrowableCollector.java:73)
	at org.junit.platform.engine.support.hierarchical.NodeTestTask.lambda$executeRecursively$7(NodeTestTask.java:125)
	at org.junit.platform.engine.support.hierarchical.NodeTestTask$$Lambda$178/1890627974.invoke(Unknown Source)
	at org.junit.platform.engine.support.hierarchical.Node.around(Node.java:135)
	at org.junit.platform.engine.support.hierarchical.NodeTestTask.lambda$executeRecursively$8(NodeTestTask.java:123)
	at org.junit.platform.engine.support.hierarchical.NodeTestTask$$Lambda$177/231977479.execute(Unknown Source)
	at org.junit.platform.engine.support.hierarchical.ThrowableCollector.execute(ThrowableCollector.java:73)
	at org.junit.platform.engine.support.hierarchical.NodeTestTask.executeRecursively(NodeTestTask.java:122)
	at org.junit.platform.engine.support.hierarchical.NodeTestTask.execute(NodeTestTask.java:80)
	at org.junit.platform.engine.support.hierarchical.SameThreadHierarchicalTestExecutorService$$Lambda$183/1381713434.accept(Unknown Source)
	at java.util.ArrayList.forEach(ArrayList.java:1249)
	at org.junit.platform.engine.support.hierarchical.SameThreadHierarchicalTestExecutorService.invokeAll(SameThreadHierarchicalTestExecutorService.java:38)
	at org.junit.platform.engine.support.hierarchical.NodeTestTask.lambda$executeRecursively$5(NodeTestTask.java:139)
	at org.junit.platform.engine.support.hierarchical.NodeTestTask$$Lambda$179/195615004.execute(Unknown Source)
	at org.junit.platform.engine.support.hierarchical.ThrowableCollector.execute(ThrowableCollector.java:73)
	at org.junit.platform.engine.support.hierarchical.NodeTestTask.lambda$executeRecursively$7(NodeTestTask.java:125)
	at org.junit.platform.engine.support.hierarchical.NodeTestTask$$Lambda$178/1890627974.invoke(Unknown Source)
	at org.junit.platform.engine.support.hierarchical.Node.around(Node.java:135)
	at org.junit.platform.engine.support.hierarchical.NodeTestTask.lambda$executeRecursively$8(NodeTestTask.java:123)
	at org.junit.platform.engine.support.hierarchical.NodeTestTask$$Lambda$177/231977479.execute(Unknown Source)
	at org.junit.platform.engine.support.hierarchical.ThrowableCollector.execute(ThrowableCollector.java:73)
	at org.junit.platform.engine.support.hierarchical.NodeTestTask.executeRecursively(NodeTestTask.java:122)
	at org.junit.platform.engine.support.hierarchical.NodeTestTask.execute(NodeTestTask.java:80)
	at org.junit.platform.engine.support.hierarchical.SameThreadHierarchicalTestExecutorService.submit(SameThreadHierarchicalTestExecutorService.java:32)
	at org.junit.platform.engine.support.hierarchical.HierarchicalTestExecutor.execute(HierarchicalTestExecutor.java:57)
	at org.junit.platform.engine.support.hierarchical.HierarchicalTestEngine.execute(HierarchicalTestEngine.java:51)
	at org.junit.platform.launcher.core.DefaultLauncher.execute(DefaultLauncher.java:248)
	at org.junit.platform.launcher.core.DefaultLauncher.lambda$execute$5(DefaultLauncher.java:211)
	at org.junit.platform.launcher.core.DefaultLauncher$$Lambda$143/233996206.accept(Unknown Source)
	at org.junit.platform.launcher.core.DefaultLauncher.withInterceptedStreams(DefaultLauncher.java:226)
	at org.junit.platform.launcher.core.DefaultLauncher.execute(DefaultLauncher.java:199)
	at org.junit.platform.launcher.core.DefaultLauncher.execute(DefaultLauncher.java:132)
	at org.apache.maven.surefire.junitplatform.JUnitPlatformProvider.invokeAllTests(JUnitPlatformProvider.java:142)
	at org.apache.maven.surefire.junitplatform.JUnitPlatformProvider.invoke(JUnitPlatformProvider.java:113)
	at org.apache.maven.surefire.booter.ForkedBooter.invokeProviderInSameClassLoader(ForkedBooter.java:384)
	at org.apache.maven.surefire.booter.ForkedBooter.runSuitesInProcess(ForkedBooter.java:345)
	at org.apache.maven.surefire.booter.ForkedBooter.execute(ForkedBooter.java:126)
	at org.apache.maven.surefire.booter.ForkedBooter.main(ForkedBooter.java:418)
2021-11-08 11:19:06,524 [myid:] - INFO  [main:FourLetterWordMain@94] - connecting to 127.0.0.1 30197
2021-11-08 11:19:06,524 [myid:1] - WARN  [nioEventLoopGroup-90-6:NettyServerCnxnFactory$CnxnChannelHandler@231] - Zookeeper server is not running, close the connection before starting the TLS handshake
2021-11-08 11:19:06,539 [myid:] - INFO  [main:ClientBase@267] - server 127.0.0.1:30197 not up
java.net.SocketException: Software caused connection abort: recv failed
	at java.net.SocketInputStream.socketRead0(Native Method)
	at java.net.SocketInputStream.read(SocketInputStream.java:150)
	at java.net.SocketInputStream.read(SocketInputStream.java:121)
	at sun.nio.cs.StreamDecoder.readBytes(StreamDecoder.java:284)
	at sun.nio.cs.StreamDecoder.implRead(StreamDecoder.java:326)
	at sun.nio.cs.StreamDecoder.read(StreamDecoder.java:178)
	at java.io.InputStreamReader.read(InputStreamReader.java:184)
	at java.io.BufferedReader.fill(BufferedReader.java:161)
	at java.io.BufferedReader.readLine(BufferedReader.java:324)
	at java.io.BufferedReader.readLine(BufferedReader.java:389)
	at org.apache.zookeeper.client.FourLetterWordMain.send4LetterWord(FourLetterWordMain.java:129)
	at org.apache.zookeeper.client.FourLetterWordMain.send4LetterWord(FourLetterWordMain.java:74)
	at org.apache.zookeeper.test.ClientBase.waitForServerUp(ClientBase.java:258)
	at org.apache.zookeeper.test.ClientBase.waitForServerUp(ClientBase.java:249)
	at org.apache.zookeeper.server.quorum.QuorumSSLTest.testHostnameVerification(QuorumSSLTest.java:671)
	at org.apache.zookeeper.server.quorum.QuorumSSLTest.testHostnameVerificationWithInvalidIpAddressAndInvalidHostname(QuorumSSLTest.java:600)
	at sun.reflect.NativeMethodAccessorImpl.invoke0(Native Method)
	at sun.reflect.NativeMethodAccessorImpl.invoke(NativeMethodAccessorImpl.java:62)
	at sun.reflect.DelegatingMethodAccessorImpl.invoke(DelegatingMethodAccessorImpl.java:43)
	at java.lang.reflect.Method.invoke(Method.java:483)
	at org.junit.platform.commons.util.ReflectionUtils.invokeMethod(ReflectionUtils.java:686)
	at org.junit.jupiter.engine.execution.MethodInvocation.proceed(MethodInvocation.java:60)
	at org.junit.jupiter.engine.execution.InvocationInterceptorChain$ValidatingInvocation.proceed(InvocationInterceptorChain.java:131)
	at org.junit.jupiter.engine.extension.TimeoutInvocation.proceed(TimeoutInvocation.java:46)
	at org.junit.jupiter.engine.extension.TimeoutExtension.intercept(TimeoutExtension.java:149)
	at org.junit.jupiter.engine.extension.TimeoutExtension.interceptTestableMethod(TimeoutExtension.java:140)
	at org.junit.jupiter.engine.extension.TimeoutExtension.interceptTestMethod(TimeoutExtension.java:84)
	at org.junit.jupiter.engine.descriptor.TestMethodTestDescriptor$$Lambda$111/1780132728.apply(Unknown Source)
	at org.junit.jupiter.engine.execution.ExecutableInvoker$ReflectiveInterceptorCall.lambda$ofVoidMethod$0(ExecutableInvoker.java:115)
	at org.junit.jupiter.engine.execution.ExecutableInvoker$ReflectiveInterceptorCall$$Lambda$112/1725017993.apply(Unknown Source)
	at org.junit.jupiter.engine.execution.ExecutableInvoker.lambda$invoke$0(ExecutableInvoker.java:105)
	at org.junit.jupiter.engine.execution.ExecutableInvoker$$Lambda$234/64133603.apply(Unknown Source)
	at org.junit.jupiter.engine.execution.InvocationInterceptorChain$InterceptedInvocation.proceed(InvocationInterceptorChain.java:106)
	at org.junit.jupiter.engine.execution.InvocationInterceptorChain.proceed(InvocationInterceptorChain.java:64)
	at org.junit.jupiter.engine.execution.InvocationInterceptorChain.chainAndInvoke(InvocationInterceptorChain.java:45)
	at org.junit.jupiter.engine.execution.InvocationInterceptorChain.invoke(InvocationInterceptorChain.java:37)
	at org.junit.jupiter.engine.execution.ExecutableInvoker.invoke(ExecutableInvoker.java:104)
	at org.junit.jupiter.engine.execution.ExecutableInvoker.invoke(ExecutableInvoker.java:98)
	at org.junit.jupiter.engine.descriptor.TestMethodTestDescriptor.lambda$invokeTestMethod$6(TestMethodTestDescriptor.java:212)
	at org.junit.jupiter.engine.descriptor.TestMethodTestDescriptor$$Lambda$271/224100622.execute(Unknown Source)
	at org.junit.platform.engine.support.hierarchical.ThrowableCollector.execute(ThrowableCollector.java:73)
	at org.junit.jupiter.engine.descriptor.TestMethodTestDescriptor.invokeTestMethod(TestMethodTestDescriptor.java:208)
	at org.junit.jupiter.engine.descriptor.TestMethodTestDescriptor.execute(TestMethodTestDescriptor.java:137)
	at org.junit.jupiter.engine.descriptor.TestMethodTestDescriptor.execute(TestMethodTestDescriptor.java:71)
	at org.junit.platform.engine.support.hierarchical.NodeTestTask.lambda$executeRecursively$5(NodeTestTask.java:135)
	at org.junit.platform.engine.support.hierarchical.NodeTestTask$$Lambda$179/195615004.execute(Unknown Source)
	at org.junit.platform.engine.support.hierarchical.ThrowableCollector.execute(ThrowableCollector.java:73)
	at org.junit.platform.engine.support.hierarchical.NodeTestTask.lambda$executeRecursively$7(NodeTestTask.java:125)
	at org.junit.platform.engine.support.hierarchical.NodeTestTask$$Lambda$178/1890627974.invoke(Unknown Source)
	at org.junit.platform.engine.support.hierarchical.Node.around(Node.java:135)
	at org.junit.platform.engine.support.hierarchical.NodeTestTask.lambda$executeRecursively$8(NodeTestTask.java:123)
	at org.junit.platform.engine.support.hierarchical.NodeTestTask$$Lambda$177/231977479.execute(Unknown Source)
	at org.junit.platform.engine.support.hierarchical.ThrowableCollector.execute(ThrowableCollector.java:73)
	at org.junit.platform.engine.support.hierarchical.NodeTestTask.executeRecursively(NodeTestTask.java:122)
	at org.junit.platform.engine.support.hierarchical.NodeTestTask.execute(NodeTestTask.java:80)
	at org.junit.platform.engine.support.hierarchical.SameThreadHierarchicalTestExecutorService$$Lambda$183/1381713434.accept(Unknown Source)
	at java.util.ArrayList.forEach(ArrayList.java:1249)
	at org.junit.platform.engine.support.hierarchical.SameThreadHierarchicalTestExecutorService.invokeAll(SameThreadHierarchicalTestExecutorService.java:38)
	at org.junit.platform.engine.support.hierarchical.NodeTestTask.lambda$executeRecursively$5(NodeTestTask.java:139)
	at org.junit.platform.engine.support.hierarchical.NodeTestTask$$Lambda$179/195615004.execute(Unknown Source)
	at org.junit.platform.engine.support.hierarchical.ThrowableCollector.execute(ThrowableCollector.java:73)
	at org.junit.platform.engine.support.hierarchical.NodeTestTask.lambda$executeRecursively$7(NodeTestTask.java:125)
	at org.junit.platform.engine.support.hierarchical.NodeTestTask$$Lambda$178/1890627974.invoke(Unknown Source)
	at org.junit.platform.engine.support.hierarchical.Node.around(Node.java:135)
	at org.junit.platform.engine.support.hierarchical.NodeTestTask.lambda$executeRecursively$8(NodeTestTask.java:123)
	at org.junit.platform.engine.support.hierarchical.NodeTestTask$$Lambda$177/231977479.execute(Unknown Source)
	at org.junit.platform.engine.support.hierarchical.ThrowableCollector.execute(ThrowableCollector.java:73)
	at org.junit.platform.engine.support.hierarchical.NodeTestTask.executeRecursively(NodeTestTask.java:122)
	at org.junit.platform.engine.support.hierarchical.NodeTestTask.execute(NodeTestTask.java:80)
	at org.junit.platform.engine.support.hierarchical.SameThreadHierarchicalTestExecutorService$$Lambda$183/1381713434.accept(Unknown Source)
	at java.util.ArrayList.forEach(ArrayList.java:1249)
	at org.junit.platform.engine.support.hierarchical.SameThreadHierarchicalTestExecutorService.invokeAll(SameThreadHierarchicalTestExecutorService.java:38)
	at org.junit.platform.engine.support.hierarchical.NodeTestTask.lambda$executeRecursively$5(NodeTestTask.java:139)
	at org.junit.platform.engine.support.hierarchical.NodeTestTask$$Lambda$179/195615004.execute(Unknown Source)
	at org.junit.platform.engine.support.hierarchical.ThrowableCollector.execute(ThrowableCollector.java:73)
	at org.junit.platform.engine.support.hierarchical.NodeTestTask.lambda$executeRecursively$7(NodeTestTask.java:125)
	at org.junit.platform.engine.support.hierarchical.NodeTestTask$$Lambda$178/1890627974.invoke(Unknown Source)
	at org.junit.platform.engine.support.hierarchical.Node.around(Node.java:135)
	at org.junit.platform.engine.support.hierarchical.NodeTestTask.lambda$executeRecursively$8(NodeTestTask.java:123)
	at org.junit.platform.engine.support.hierarchical.NodeTestTask$$Lambda$177/231977479.execute(Unknown Source)
	at org.junit.platform.engine.support.hierarchical.ThrowableCollector.execute(ThrowableCollector.java:73)
	at org.junit.platform.engine.support.hierarchical.NodeTestTask.executeRecursively(NodeTestTask.java:122)
	at org.junit.platform.engine.support.hierarchical.NodeTestTask.execute(NodeTestTask.java:80)
	at org.junit.platform.engine.support.hierarchical.SameThreadHierarchicalTestExecutorService.submit(SameThreadHierarchicalTestExecutorService.java:32)
	at org.junit.platform.engine.support.hierarchical.HierarchicalTestExecutor.execute(HierarchicalTestExecutor.java:57)
	at org.junit.platform.engine.support.hierarchical.HierarchicalTestEngine.execute(HierarchicalTestEngine.java:51)
	at org.junit.platform.launcher.core.DefaultLauncher.execute(DefaultLauncher.java:248)
	at org.junit.platform.launcher.core.DefaultLauncher.lambda$execute$5(DefaultLauncher.java:211)
	at org.junit.platform.launcher.core.DefaultLauncher$$Lambda$143/233996206.accept(Unknown Source)
	at org.junit.platform.launcher.core.DefaultLauncher.withInterceptedStreams(DefaultLauncher.java:226)
	at org.junit.platform.launcher.core.DefaultLauncher.execute(DefaultLauncher.java:199)
	at org.junit.platform.launcher.core.DefaultLauncher.execute(DefaultLauncher.java:132)
	at org.apache.maven.surefire.junitplatform.JUnitPlatformProvider.invokeAllTests(JUnitPlatformProvider.java:142)
	at org.apache.maven.surefire.junitplatform.JUnitPlatformProvider.invoke(JUnitPlatformProvider.java:113)
	at org.apache.maven.surefire.booter.ForkedBooter.invokeProviderInSameClassLoader(ForkedBooter.java:384)
	at org.apache.maven.surefire.booter.ForkedBooter.runSuitesInProcess(ForkedBooter.java:345)
	at org.apache.maven.surefire.booter.ForkedBooter.execute(ForkedBooter.java:126)
	at org.apache.maven.surefire.booter.ForkedBooter.main(ForkedBooter.java:418)
2021-11-08 11:19:06,792 [myid:] - INFO  [main:FourLetterWordMain@94] - connecting to 127.0.0.1 30197
2021-11-08 11:19:06,793 [myid:1] - WARN  [nioEventLoopGroup-90-7:NettyServerCnxnFactory$CnxnChannelHandler@231] - Zookeeper server is not running, close the connection before starting the TLS handshake
2021-11-08 11:19:07,043 [myid:] - INFO  [main:FourLetterWordMain@94] - connecting to 127.0.0.1 30197
2021-11-08 11:19:07,043 [myid:1] - WARN  [nioEventLoopGroup-90-8:NettyServerCnxnFactory$CnxnChannelHandler@231] - Zookeeper server is not running, close the connection before starting the TLS handshake
2021-11-08 11:19:07,307 [myid:] - INFO  [main:FourLetterWordMain@94] - connecting to 127.0.0.1 30197
2021-11-08 11:19:07,309 [myid:1] - WARN  [nioEventLoopGroup-90-9:NettyServerCnxnFactory$CnxnChannelHandler@231] - Zookeeper server is not running, close the connection before starting the TLS handshake
2021-11-08 11:19:07,572 [myid:] - INFO  [main:FourLetterWordMain@94] - connecting to 127.0.0.1 30197
2021-11-08 11:19:07,572 [myid:1] - WARN  [nioEventLoopGroup-90-10:NettyServerCnxnFactory$CnxnChannelHandler@231] - Zookeeper server is not running, close the connection before starting the TLS handshake
2021-11-08 11:19:07,838 [myid:] - INFO  [main:FourLetterWordMain@94] - connecting to 127.0.0.1 30197
2021-11-08 11:19:07,838 [myid:1] - WARN  [nioEventLoopGroup-90-11:NettyServerCnxnFactory$CnxnChannelHandler@231] - Zookeeper server is not running, close the connection before starting the TLS handshake
2021-11-08 11:19:08,102 [myid:] - INFO  [main:FourLetterWordMain@94] - connecting to 127.0.0.1 30197
2021-11-08 11:19:08,102 [myid:1] - WARN  [nioEventLoopGroup-90-12:NettyServerCnxnFactory$CnxnChannelHandler@231] - Zookeeper server is not running, close the connection before starting the TLS handshake
2021-11-08 11:19:08,353 [myid:] - INFO  [main:FourLetterWordMain@94] - connecting to 127.0.0.1 30197
2021-11-08 11:19:08,354 [myid:1] - WARN  [nioEventLoopGroup-90-1:NettyServerCnxnFactory$CnxnChannelHandler@231] - Zookeeper server is not running, close the connection before starting the TLS handshake
2021-11-08 11:19:08,369 [myid:] - INFO  [main:ClientBase@267] - server 127.0.0.1:30197 not up
java.net.SocketException: Software caused connection abort: recv failed
	at java.net.SocketInputStream.socketRead0(Native Method)
	at java.net.SocketInputStream.read(SocketInputStream.java:150)
	at java.net.SocketInputStream.read(SocketInputStream.java:121)
	at sun.nio.cs.StreamDecoder.readBytes(StreamDecoder.java:284)
	at sun.nio.cs.StreamDecoder.implRead(StreamDecoder.java:326)
	at sun.nio.cs.StreamDecoder.read(StreamDecoder.java:178)
	at java.io.InputStreamReader.read(InputStreamReader.java:184)
	at java.io.BufferedReader.fill(BufferedReader.java:161)
	at java.io.BufferedReader.readLine(BufferedReader.java:324)
	at java.io.BufferedReader.readLine(BufferedReader.java:389)
	at org.apache.zookeeper.client.FourLetterWordMain.send4LetterWord(FourLetterWordMain.java:129)
	at org.apache.zookeeper.client.FourLetterWordMain.send4LetterWord(FourLetterWordMain.java:74)
	at org.apache.zookeeper.test.ClientBase.waitForServerUp(ClientBase.java:258)
	at org.apache.zookeeper.test.ClientBase.waitForServerUp(ClientBase.java:249)
	at org.apache.zookeeper.server.quorum.QuorumSSLTest.testHostnameVerification(QuorumSSLTest.java:671)
	at org.apache.zookeeper.server.quorum.QuorumSSLTest.testHostnameVerificationWithInvalidIpAddressAndInvalidHostname(QuorumSSLTest.java:600)
	at sun.reflect.NativeMethodAccessorImpl.invoke0(Native Method)
	at sun.reflect.NativeMethodAccessorImpl.invoke(NativeMethodAccessorImpl.java:62)
	at sun.reflect.DelegatingMethodAccessorImpl.invoke(DelegatingMethodAccessorImpl.java:43)
	at java.lang.reflect.Method.invoke(Method.java:483)
	at org.junit.platform.commons.util.ReflectionUtils.invokeMethod(ReflectionUtils.java:686)
	at org.junit.jupiter.engine.execution.MethodInvocation.proceed(MethodInvocation.java:60)
	at org.junit.jupiter.engine.execution.InvocationInterceptorChain$ValidatingInvocation.proceed(InvocationInterceptorChain.java:131)
	at org.junit.jupiter.engine.extension.TimeoutInvocation.proceed(TimeoutInvocation.java:46)
	at org.junit.jupiter.engine.extension.TimeoutExtension.intercept(TimeoutExtension.java:149)
	at org.junit.jupiter.engine.extension.TimeoutExtension.interceptTestableMethod(TimeoutExtension.java:140)
	at org.junit.jupiter.engine.extension.TimeoutExtension.interceptTestMethod(TimeoutExtension.java:84)
	at org.junit.jupiter.engine.descriptor.TestMethodTestDescriptor$$Lambda$111/1780132728.apply(Unknown Source)
	at org.junit.jupiter.engine.execution.ExecutableInvoker$ReflectiveInterceptorCall.lambda$ofVoidMethod$0(ExecutableInvoker.java:115)
	at org.junit.jupiter.engine.execution.ExecutableInvoker$ReflectiveInterceptorCall$$Lambda$112/1725017993.apply(Unknown Source)
	at org.junit.jupiter.engine.execution.ExecutableInvoker.lambda$invoke$0(ExecutableInvoker.java:105)
	at org.junit.jupiter.engine.execution.ExecutableInvoker$$Lambda$234/64133603.apply(Unknown Source)
	at org.junit.jupiter.engine.execution.InvocationInterceptorChain$InterceptedInvocation.proceed(InvocationInterceptorChain.java:106)
	at org.junit.jupiter.engine.execution.InvocationInterceptorChain.proceed(InvocationInterceptorChain.java:64)
	at org.junit.jupiter.engine.execution.InvocationInterceptorChain.chainAndInvoke(InvocationInterceptorChain.java:45)
	at org.junit.jupiter.engine.execution.InvocationInterceptorChain.invoke(InvocationInterceptorChain.java:37)
	at org.junit.jupiter.engine.execution.ExecutableInvoker.invoke(ExecutableInvoker.java:104)
	at org.junit.jupiter.engine.execution.ExecutableInvoker.invoke(ExecutableInvoker.java:98)
	at org.junit.jupiter.engine.descriptor.TestMethodTestDescriptor.lambda$invokeTestMethod$6(TestMethodTestDescriptor.java:212)
	at org.junit.jupiter.engine.descriptor.TestMethodTestDescriptor$$Lambda$271/224100622.execute(Unknown Source)
	at org.junit.platform.engine.support.hierarchical.ThrowableCollector.execute(ThrowableCollector.java:73)
	at org.junit.jupiter.engine.descriptor.TestMethodTestDescriptor.invokeTestMethod(TestMethodTestDescriptor.java:208)
	at org.junit.jupiter.engine.descriptor.TestMethodTestDescriptor.execute(TestMethodTestDescriptor.java:137)
	at org.junit.jupiter.engine.descriptor.TestMethodTestDescriptor.execute(TestMethodTestDescriptor.java:71)
	at org.junit.platform.engine.support.hierarchical.NodeTestTask.lambda$executeRecursively$5(NodeTestTask.java:135)
	at org.junit.platform.engine.support.hierarchical.NodeTestTask$$Lambda$179/195615004.execute(Unknown Source)
	at org.junit.platform.engine.support.hierarchical.ThrowableCollector.execute(ThrowableCollector.java:73)
	at org.junit.platform.engine.support.hierarchical.NodeTestTask.lambda$executeRecursively$7(NodeTestTask.java:125)
	at org.junit.platform.engine.support.hierarchical.NodeTestTask$$Lambda$178/1890627974.invoke(Unknown Source)
	at org.junit.platform.engine.support.hierarchical.Node.around(Node.java:135)
	at org.junit.platform.engine.support.hierarchical.NodeTestTask.lambda$executeRecursively$8(NodeTestTask.java:123)
	at org.junit.platform.engine.support.hierarchical.NodeTestTask$$Lambda$177/231977479.execute(Unknown Source)
	at org.junit.platform.engine.support.hierarchical.ThrowableCollector.execute(ThrowableCollector.java:73)
	at org.junit.platform.engine.support.hierarchical.NodeTestTask.executeRecursively(NodeTestTask.java:122)
	at org.junit.platform.engine.support.hierarchical.NodeTestTask.execute(NodeTestTask.java:80)
	at org.junit.platform.engine.support.hierarchical.SameThreadHierarchicalTestExecutorService$$Lambda$183/1381713434.accept(Unknown Source)
	at java.util.ArrayList.forEach(ArrayList.java:1249)
	at org.junit.platform.engine.support.hierarchical.SameThreadHierarchicalTestExecutorService.invokeAll(SameThreadHierarchicalTestExecutorService.java:38)
	at org.junit.platform.engine.support.hierarchical.NodeTestTask.lambda$executeRecursively$5(NodeTestTask.java:139)
	at org.junit.platform.engine.support.hierarchical.NodeTestTask$$Lambda$179/195615004.execute(Unknown Source)
	at org.junit.platform.engine.support.hierarchical.ThrowableCollector.execute(ThrowableCollector.java:73)
	at org.junit.platform.engine.support.hierarchical.NodeTestTask.lambda$executeRecursively$7(NodeTestTask.java:125)
	at org.junit.platform.engine.support.hierarchical.NodeTestTask$$Lambda$178/1890627974.invoke(Unknown Source)
	at org.junit.platform.engine.support.hierarchical.Node.around(Node.java:135)
	at org.junit.platform.engine.support.hierarchical.NodeTestTask.lambda$executeRecursively$8(NodeTestTask.java:123)
	at org.junit.platform.engine.support.hierarchical.NodeTestTask$$Lambda$177/231977479.execute(Unknown Source)
	at org.junit.platform.engine.support.hierarchical.ThrowableCollector.execute(ThrowableCollector.java:73)
	at org.junit.platform.engine.support.hierarchical.NodeTestTask.executeRecursively(NodeTestTask.java:122)
	at org.junit.platform.engine.support.hierarchical.NodeTestTask.execute(NodeTestTask.java:80)
	at org.junit.platform.engine.support.hierarchical.SameThreadHierarchicalTestExecutorService$$Lambda$183/1381713434.accept(Unknown Source)
	at java.util.ArrayList.forEach(ArrayList.java:1249)
	at org.junit.platform.engine.support.hierarchical.SameThreadHierarchicalTestExecutorService.invokeAll(SameThreadHierarchicalTestExecutorService.java:38)
	at org.junit.platform.engine.support.hierarchical.NodeTestTask.lambda$executeRecursively$5(NodeTestTask.java:139)
	at org.junit.platform.engine.support.hierarchical.NodeTestTask$$Lambda$179/195615004.execute(Unknown Source)
	at org.junit.platform.engine.support.hierarchical.ThrowableCollector.execute(ThrowableCollector.java:73)
	at org.junit.platform.engine.support.hierarchical.NodeTestTask.lambda$executeRecursively$7(NodeTestTask.java:125)
	at org.junit.platform.engine.support.hierarchical.NodeTestTask$$Lambda$178/1890627974.invoke(Unknown Source)
	at org.junit.platform.engine.support.hierarchical.Node.around(Node.java:135)
	at org.junit.platform.engine.support.hierarchical.NodeTestTask.lambda$executeRecursively$8(NodeTestTask.java:123)
	at org.junit.platform.engine.support.hierarchical.NodeTestTask$$Lambda$177/231977479.execute(Unknown Source)
	at org.junit.platform.engine.support.hierarchical.ThrowableCollector.execute(ThrowableCollector.java:73)
	at org.junit.platform.engine.support.hierarchical.NodeTestTask.executeRecursively(NodeTestTask.java:122)
	at org.junit.platform.engine.support.hierarchical.NodeTestTask.execute(NodeTestTask.java:80)
	at org.junit.platform.engine.support.hierarchical.SameThreadHierarchicalTestExecutorService.submit(SameThreadHierarchicalTestExecutorService.java:32)
	at org.junit.platform.engine.support.hierarchical.HierarchicalTestExecutor.execute(HierarchicalTestExecutor.java:57)
	at org.junit.platform.engine.support.hierarchical.HierarchicalTestEngine.execute(HierarchicalTestEngine.java:51)
	at org.junit.platform.launcher.core.DefaultLauncher.execute(DefaultLauncher.java:248)
	at org.junit.platform.launcher.core.DefaultLauncher.lambda$execute$5(DefaultLauncher.java:211)
	at org.junit.platform.launcher.core.DefaultLauncher$$Lambda$143/233996206.accept(Unknown Source)
	at org.junit.platform.launcher.core.DefaultLauncher.withInterceptedStreams(DefaultLauncher.java:226)
	at org.junit.platform.launcher.core.DefaultLauncher.execute(DefaultLauncher.java:199)
	at org.junit.platform.launcher.core.DefaultLauncher.execute(DefaultLauncher.java:132)
	at org.apache.maven.surefire.junitplatform.JUnitPlatformProvider.invokeAllTests(JUnitPlatformProvider.java:142)
	at org.apache.maven.surefire.junitplatform.JUnitPlatformProvider.invoke(JUnitPlatformProvider.java:113)
	at org.apache.maven.surefire.booter.ForkedBooter.invokeProviderInSameClassLoader(ForkedBooter.java:384)
	at org.apache.maven.surefire.booter.ForkedBooter.runSuitesInProcess(ForkedBooter.java:345)
	at org.apache.maven.surefire.booter.ForkedBooter.execute(ForkedBooter.java:126)
	at org.apache.maven.surefire.booter.ForkedBooter.main(ForkedBooter.java:418)
2021-11-08 11:19:08,433 [myid:2] - INFO  [QuorumPeer[myid=2](plain=[0:0:0:0:0:0:0:0]:30198)(secure=disabled):FastLeaderElection@984] - Notification time out: 12800
2021-11-08 11:19:08,433 [myid:1] - INFO  [QuorumPeer[myid=1](plain=[0:0:0:0:0:0:0:0]:30197)(secure=disabled):FastLeaderElection@984] - Notification time out: 12800
2021-11-08 11:19:08,620 [myid:] - INFO  [main:FourLetterWordMain@94] - connecting to 127.0.0.1 30197
2021-11-08 11:19:08,622 [myid:1] - WARN  [nioEventLoopGroup-90-2:NettyServerCnxnFactory$CnxnChannelHandler@231] - Zookeeper server is not running, close the connection before starting the TLS handshake
2021-11-08 11:19:08,884 [myid:] - INFO  [main:FourLetterWordMain@94] - connecting to 127.0.0.1 30197
2021-11-08 11:19:08,884 [myid:1] - WARN  [nioEventLoopGroup-90-3:NettyServerCnxnFactory$CnxnChannelHandler@231] - Zookeeper server is not running, close the connection before starting the TLS handshake
2021-11-08 11:19:09,149 [myid:] - INFO  [main:FourLetterWordMain@94] - connecting to 127.0.0.1 30197
2021-11-08 11:19:09,149 [myid:1] - WARN  [nioEventLoopGroup-90-4:NettyServerCnxnFactory$CnxnChannelHandler@231] - Zookeeper server is not running, close the connection before starting the TLS handshake
2021-11-08 11:19:09,411 [myid:] - INFO  [main:FourLetterWordMain@94] - connecting to 127.0.0.1 30197
2021-11-08 11:19:09,413 [myid:1] - WARN  [nioEventLoopGroup-90-5:NettyServerCnxnFactory$CnxnChannelHandler@231] - Zookeeper server is not running, close the connection before starting the TLS handshake
2021-11-08 11:19:09,678 [myid:] - INFO  [main:FourLetterWordMain@94] - connecting to 127.0.0.1 30197
2021-11-08 11:19:09,678 [myid:1] - WARN  [nioEventLoopGroup-90-6:NettyServerCnxnFactory$CnxnChannelHandler@231] - Zookeeper server is not running, close the connection before starting the TLS handshake
2021-11-08 11:19:09,930 [myid:] - INFO  [main:FourLetterWordMain@94] - connecting to 127.0.0.1 30197
2021-11-08 11:19:09,930 [myid:1] - WARN  [nioEventLoopGroup-90-7:NettyServerCnxnFactory$CnxnChannelHandler@231] - Zookeeper server is not running, close the connection before starting the TLS handshake
2021-11-08 11:19:10,195 [myid:] - INFO  [main:FourLetterWordMain@94] - connecting to 127.0.0.1 30197
2021-11-08 11:19:10,195 [myid:1] - WARN  [nioEventLoopGroup-90-8:NettyServerCnxnFactory$CnxnChannelHandler@231] - Zookeeper server is not running, close the connection before starting the TLS handshake
2021-11-08 11:19:10,447 [myid:] - INFO  [main:FourLetterWordMain@94] - connecting to 127.0.0.1 30197
2021-11-08 11:19:10,447 [myid:1] - WARN  [nioEventLoopGroup-90-9:NettyServerCnxnFactory$CnxnChannelHandler@231] - Zookeeper server is not running, close the connection before starting the TLS handshake
2021-11-08 11:19:10,710 [myid:] - INFO  [main:FourLetterWordMain@94] - connecting to 127.0.0.1 30197
2021-11-08 11:19:10,711 [myid:1] - WARN  [nioEventLoopGroup-90-10:NettyServerCnxnFactory$CnxnChannelHandler@231] - Zookeeper server is not running, close the connection before starting the TLS handshake
2021-11-08 11:19:10,975 [myid:] - INFO  [main:FourLetterWordMain@94] - connecting to 127.0.0.1 30197
2021-11-08 11:19:10,975 [myid:1] - WARN  [nioEventLoopGroup-90-11:NettyServerCnxnFactory$CnxnChannelHandler@231] - Zookeeper server is not running, close the connection before starting the TLS handshake
2021-11-08 11:19:11,236 [myid:] - INFO  [main:FourLetterWordMain@94] - connecting to 127.0.0.1 30197
2021-11-08 11:19:11,236 [myid:1] - WARN  [nioEventLoopGroup-90-12:NettyServerCnxnFactory$CnxnChannelHandler@231] - Zookeeper server is not running, close the connection before starting the TLS handshake
2021-11-08 11:19:11,487 [myid:] - INFO  [main:FourLetterWordMain@94] - connecting to 127.0.0.1 30197
2021-11-08 11:19:11,487 [myid:1] - WARN  [nioEventLoopGroup-90-1:NettyServerCnxnFactory$CnxnChannelHandler@231] - Zookeeper server is not running, close the connection before starting the TLS handshake
2021-11-08 11:19:11,741 [myid:] - INFO  [main:FourLetterWordMain@94] - connecting to 127.0.0.1 30197
2021-11-08 11:19:11,742 [myid:1] - WARN  [nioEventLoopGroup-90-2:NettyServerCnxnFactory$CnxnChannelHandler@231] - Zookeeper server is not running, close the connection before starting the TLS handshake
2021-11-08 11:19:11,992 [myid:] - INFO  [main:FourLetterWordMain@94] - connecting to 127.0.0.1 30197
2021-11-08 11:19:11,993 [myid:1] - WARN  [nioEventLoopGroup-90-3:NettyServerCnxnFactory$CnxnChannelHandler@231] - Zookeeper server is not running, close the connection before starting the TLS handshake
2021-11-08 11:19:11,994 [myid:] - INFO  [main:ClientBase@267] - server 127.0.0.1:30197 not up
java.net.SocketException: Software caused connection abort: recv failed
	at java.net.SocketInputStream.socketRead0(Native Method)
	at java.net.SocketInputStream.read(SocketInputStream.java:150)
	at java.net.SocketInputStream.read(SocketInputStream.java:121)
	at sun.nio.cs.StreamDecoder.readBytes(StreamDecoder.java:284)
	at sun.nio.cs.StreamDecoder.implRead(StreamDecoder.java:326)
	at sun.nio.cs.StreamDecoder.read(StreamDecoder.java:178)
	at java.io.InputStreamReader.read(InputStreamReader.java:184)
	at java.io.BufferedReader.fill(BufferedReader.java:161)
	at java.io.BufferedReader.readLine(BufferedReader.java:324)
	at java.io.BufferedReader.readLine(BufferedReader.java:389)
	at org.apache.zookeeper.client.FourLetterWordMain.send4LetterWord(FourLetterWordMain.java:129)
	at org.apache.zookeeper.client.FourLetterWordMain.send4LetterWord(FourLetterWordMain.java:74)
	at org.apache.zookeeper.test.ClientBase.waitForServerUp(ClientBase.java:258)
	at org.apache.zookeeper.test.ClientBase.waitForServerUp(ClientBase.java:249)
	at org.apache.zookeeper.server.quorum.QuorumSSLTest.testHostnameVerification(QuorumSSLTest.java:671)
	at org.apache.zookeeper.server.quorum.QuorumSSLTest.testHostnameVerificationWithInvalidIpAddressAndInvalidHostname(QuorumSSLTest.java:600)
	at sun.reflect.NativeMethodAccessorImpl.invoke0(Native Method)
	at sun.reflect.NativeMethodAccessorImpl.invoke(NativeMethodAccessorImpl.java:62)
	at sun.reflect.DelegatingMethodAccessorImpl.invoke(DelegatingMethodAccessorImpl.java:43)
	at java.lang.reflect.Method.invoke(Method.java:483)
	at org.junit.platform.commons.util.ReflectionUtils.invokeMethod(ReflectionUtils.java:686)
	at org.junit.jupiter.engine.execution.MethodInvocation.proceed(MethodInvocation.java:60)
	at org.junit.jupiter.engine.execution.InvocationInterceptorChain$ValidatingInvocation.proceed(InvocationInterceptorChain.java:131)
	at org.junit.jupiter.engine.extension.TimeoutInvocation.proceed(TimeoutInvocation.java:46)
	at org.junit.jupiter.engine.extension.TimeoutExtension.intercept(TimeoutExtension.java:149)
	at org.junit.jupiter.engine.extension.TimeoutExtension.interceptTestableMethod(TimeoutExtension.java:140)
	at org.junit.jupiter.engine.extension.TimeoutExtension.interceptTestMethod(TimeoutExtension.java:84)
	at org.junit.jupiter.engine.descriptor.TestMethodTestDescriptor$$Lambda$111/1780132728.apply(Unknown Source)
	at org.junit.jupiter.engine.execution.ExecutableInvoker$ReflectiveInterceptorCall.lambda$ofVoidMethod$0(ExecutableInvoker.java:115)
	at org.junit.jupiter.engine.execution.ExecutableInvoker$ReflectiveInterceptorCall$$Lambda$112/1725017993.apply(Unknown Source)
	at org.junit.jupiter.engine.execution.ExecutableInvoker.lambda$invoke$0(ExecutableInvoker.java:105)
	at org.junit.jupiter.engine.execution.ExecutableInvoker$$Lambda$234/64133603.apply(Unknown Source)
	at org.junit.jupiter.engine.execution.InvocationInterceptorChain$InterceptedInvocation.proceed(InvocationInterceptorChain.java:106)
	at org.junit.jupiter.engine.execution.InvocationInterceptorChain.proceed(InvocationInterceptorChain.java:64)
	at org.junit.jupiter.engine.execution.InvocationInterceptorChain.chainAndInvoke(InvocationInterceptorChain.java:45)
	at org.junit.jupiter.engine.execution.InvocationInterceptorChain.invoke(InvocationInterceptorChain.java:37)
	at org.junit.jupiter.engine.execution.ExecutableInvoker.invoke(ExecutableInvoker.java:104)
	at org.junit.jupiter.engine.execution.ExecutableInvoker.invoke(ExecutableInvoker.java:98)
	at org.junit.jupiter.engine.descriptor.TestMethodTestDescriptor.lambda$invokeTestMethod$6(TestMethodTestDescriptor.java:212)
	at org.junit.jupiter.engine.descriptor.TestMethodTestDescriptor$$Lambda$271/224100622.execute(Unknown Source)
	at org.junit.platform.engine.support.hierarchical.ThrowableCollector.execute(ThrowableCollector.java:73)
	at org.junit.jupiter.engine.descriptor.TestMethodTestDescriptor.invokeTestMethod(TestMethodTestDescriptor.java:208)
	at org.junit.jupiter.engine.descriptor.TestMethodTestDescriptor.execute(TestMethodTestDescriptor.java:137)
	at org.junit.jupiter.engine.descriptor.TestMethodTestDescriptor.execute(TestMethodTestDescriptor.java:71)
	at org.junit.platform.engine.support.hierarchical.NodeTestTask.lambda$executeRecursively$5(NodeTestTask.java:135)
	at org.junit.platform.engine.support.hierarchical.NodeTestTask$$Lambda$179/195615004.execute(Unknown Source)
	at org.junit.platform.engine.support.hierarchical.ThrowableCollector.execute(ThrowableCollector.java:73)
	at org.junit.platform.engine.support.hierarchical.NodeTestTask.lambda$executeRecursively$7(NodeTestTask.java:125)
	at org.junit.platform.engine.support.hierarchical.NodeTestTask$$Lambda$178/1890627974.invoke(Unknown Source)
	at org.junit.platform.engine.support.hierarchical.Node.around(Node.java:135)
	at org.junit.platform.engine.support.hierarchical.NodeTestTask.lambda$executeRecursively$8(NodeTestTask.java:123)
	at org.junit.platform.engine.support.hierarchical.NodeTestTask$$Lambda$177/231977479.execute(Unknown Source)
	at org.junit.platform.engine.support.hierarchical.ThrowableCollector.execute(ThrowableCollector.java:73)
	at org.junit.platform.engine.support.hierarchical.NodeTestTask.executeRecursively(NodeTestTask.java:122)
	at org.junit.platform.engine.support.hierarchical.NodeTestTask.execute(NodeTestTask.java:80)
	at org.junit.platform.engine.support.hierarchical.SameThreadHierarchicalTestExecutorService$$Lambda$183/1381713434.accept(Unknown Source)
	at java.util.ArrayList.forEach(ArrayList.java:1249)
	at org.junit.platform.engine.support.hierarchical.SameThreadHierarchicalTestExecutorService.invokeAll(SameThreadHierarchicalTestExecutorService.java:38)
	at org.junit.platform.engine.support.hierarchical.NodeTestTask.lambda$executeRecursively$5(NodeTestTask.java:139)
	at org.junit.platform.engine.support.hierarchical.NodeTestTask$$Lambda$179/195615004.execute(Unknown Source)
	at org.junit.platform.engine.support.hierarchical.ThrowableCollector.execute(ThrowableCollector.java:73)
	at org.junit.platform.engine.support.hierarchical.NodeTestTask.lambda$executeRecursively$7(NodeTestTask.java:125)
	at org.junit.platform.engine.support.hierarchical.NodeTestTask$$Lambda$178/1890627974.invoke(Unknown Source)
	at org.junit.platform.engine.support.hierarchical.Node.around(Node.java:135)
	at org.junit.platform.engine.support.hierarchical.NodeTestTask.lambda$executeRecursively$8(NodeTestTask.java:123)
	at org.junit.platform.engine.support.hierarchical.NodeTestTask$$Lambda$177/231977479.execute(Unknown Source)
	at org.junit.platform.engine.support.hierarchical.ThrowableCollector.execute(ThrowableCollector.java:73)
	at org.junit.platform.engine.support.hierarchical.NodeTestTask.executeRecursively(NodeTestTask.java:122)
	at org.junit.platform.engine.support.hierarchical.NodeTestTask.execute(NodeTestTask.java:80)
	at org.junit.platform.engine.support.hierarchical.SameThreadHierarchicalTestExecutorService$$Lambda$183/1381713434.accept(Unknown Source)
	at java.util.ArrayList.forEach(ArrayList.java:1249)
	at org.junit.platform.engine.support.hierarchical.SameThreadHierarchicalTestExecutorService.invokeAll(SameThreadHierarchicalTestExecutorService.java:38)
	at org.junit.platform.engine.support.hierarchical.NodeTestTask.lambda$executeRecursively$5(NodeTestTask.java:139)
	at org.junit.platform.engine.support.hierarchical.NodeTestTask$$Lambda$179/195615004.execute(Unknown Source)
	at org.junit.platform.engine.support.hierarchical.ThrowableCollector.execute(ThrowableCollector.java:73)
	at org.junit.platform.engine.support.hierarchical.NodeTestTask.lambda$executeRecursively$7(NodeTestTask.java:125)
	at org.junit.platform.engine.support.hierarchical.NodeTestTask$$Lambda$178/1890627974.invoke(Unknown Source)
	at org.junit.platform.engine.support.hierarchical.Node.around(Node.java:135)
	at org.junit.platform.engine.support.hierarchical.NodeTestTask.lambda$executeRecursively$8(NodeTestTask.java:123)
	at org.junit.platform.engine.support.hierarchical.NodeTestTask$$Lambda$177/231977479.execute(Unknown Source)
	at org.junit.platform.engine.support.hierarchical.ThrowableCollector.execute(ThrowableCollector.java:73)
	at org.junit.platform.engine.support.hierarchical.NodeTestTask.executeRecursively(NodeTestTask.java:122)
	at org.junit.platform.engine.support.hierarchical.NodeTestTask.execute(NodeTestTask.java:80)
	at org.junit.platform.engine.support.hierarchical.SameThreadHierarchicalTestExecutorService.submit(SameThreadHierarchicalTestExecutorService.java:32)
	at org.junit.platform.engine.support.hierarchical.HierarchicalTestExecutor.execute(HierarchicalTestExecutor.java:57)
	at org.junit.platform.engine.support.hierarchical.HierarchicalTestEngine.execute(HierarchicalTestEngine.java:51)
	at org.junit.platform.launcher.core.DefaultLauncher.execute(DefaultLauncher.java:248)
	at org.junit.platform.launcher.core.DefaultLauncher.lambda$execute$5(DefaultLauncher.java:211)
	at org.junit.platform.launcher.core.DefaultLauncher$$Lambda$143/233996206.accept(Unknown Source)
	at org.junit.platform.launcher.core.DefaultLauncher.withInterceptedStreams(DefaultLauncher.java:226)
	at org.junit.platform.launcher.core.DefaultLauncher.execute(DefaultLauncher.java:199)
	at org.junit.platform.launcher.core.DefaultLauncher.execute(DefaultLauncher.java:132)
	at org.apache.maven.surefire.junitplatform.JUnitPlatformProvider.invokeAllTests(JUnitPlatformProvider.java:142)
	at org.apache.maven.surefire.junitplatform.JUnitPlatformProvider.invoke(JUnitPlatformProvider.java:113)
	at org.apache.maven.surefire.booter.ForkedBooter.invokeProviderInSameClassLoader(ForkedBooter.java:384)
	at org.apache.maven.surefire.booter.ForkedBooter.runSuitesInProcess(ForkedBooter.java:345)
	at org.apache.maven.surefire.booter.ForkedBooter.execute(ForkedBooter.java:126)
	at org.apache.maven.surefire.booter.ForkedBooter.main(ForkedBooter.java:418)
2021-11-08 11:19:12,247 [myid:] - INFO  [main:FourLetterWordMain@94] - connecting to 127.0.0.1 30197
2021-11-08 11:19:12,247 [myid:1] - WARN  [nioEventLoopGroup-90-4:NettyServerCnxnFactory$CnxnChannelHandler@231] - Zookeeper server is not running, close the connection before starting the TLS handshake
2021-11-08 11:19:12,512 [myid:] - INFO  [main:FourLetterWordMain@94] - connecting to 127.0.0.1 30197
2021-11-08 11:19:12,512 [myid:1] - WARN  [nioEventLoopGroup-90-5:NettyServerCnxnFactory$CnxnChannelHandler@231] - Zookeeper server is not running, close the connection before starting the TLS handshake
2021-11-08 11:19:12,776 [myid:] - INFO  [main:FourLetterWordMain@94] - connecting to 127.0.0.1 30197
2021-11-08 11:19:12,776 [myid:1] - WARN  [nioEventLoopGroup-90-6:NettyServerCnxnFactory$CnxnChannelHandler@231] - Zookeeper server is not running, close the connection before starting the TLS handshake
2021-11-08 11:19:12,791 [myid:] - INFO  [main:ClientBase@267] - server 127.0.0.1:30197 not up
java.net.SocketException: Software caused connection abort: recv failed
	at java.net.SocketInputStream.socketRead0(Native Method)
	at java.net.SocketInputStream.read(SocketInputStream.java:150)
	at java.net.SocketInputStream.read(SocketInputStream.java:121)
	at sun.nio.cs.StreamDecoder.readBytes(StreamDecoder.java:284)
	at sun.nio.cs.StreamDecoder.implRead(StreamDecoder.java:326)
	at sun.nio.cs.StreamDecoder.read(StreamDecoder.java:178)
	at java.io.InputStreamReader.read(InputStreamReader.java:184)
	at java.io.BufferedReader.fill(BufferedReader.java:161)
	at java.io.BufferedReader.readLine(BufferedReader.java:324)
	at java.io.BufferedReader.readLine(BufferedReader.java:389)
	at org.apache.zookeeper.client.FourLetterWordMain.send4LetterWord(FourLetterWordMain.java:129)
	at org.apache.zookeeper.client.FourLetterWordMain.send4LetterWord(FourLetterWordMain.java:74)
	at org.apache.zookeeper.test.ClientBase.waitForServerUp(ClientBase.java:258)
	at org.apache.zookeeper.test.ClientBase.waitForServerUp(ClientBase.java:249)
	at org.apache.zookeeper.server.quorum.QuorumSSLTest.testHostnameVerification(QuorumSSLTest.java:671)
	at org.apache.zookeeper.server.quorum.QuorumSSLTest.testHostnameVerificationWithInvalidIpAddressAndInvalidHostname(QuorumSSLTest.java:600)
	at sun.reflect.NativeMethodAccessorImpl.invoke0(Native Method)
	at sun.reflect.NativeMethodAccessorImpl.invoke(NativeMethodAccessorImpl.java:62)
	at sun.reflect.DelegatingMethodAccessorImpl.invoke(DelegatingMethodAccessorImpl.java:43)
	at java.lang.reflect.Method.invoke(Method.java:483)
	at org.junit.platform.commons.util.ReflectionUtils.invokeMethod(ReflectionUtils.java:686)
	at org.junit.jupiter.engine.execution.MethodInvocation.proceed(MethodInvocation.java:60)
	at org.junit.jupiter.engine.execution.InvocationInterceptorChain$ValidatingInvocation.proceed(InvocationInterceptorChain.java:131)
	at org.junit.jupiter.engine.extension.TimeoutInvocation.proceed(TimeoutInvocation.java:46)
	at org.junit.jupiter.engine.extension.TimeoutExtension.intercept(TimeoutExtension.java:149)
	at org.junit.jupiter.engine.extension.TimeoutExtension.interceptTestableMethod(TimeoutExtension.java:140)
	at org.junit.jupiter.engine.extension.TimeoutExtension.interceptTestMethod(TimeoutExtension.java:84)
	at org.junit.jupiter.engine.descriptor.TestMethodTestDescriptor$$Lambda$111/1780132728.apply(Unknown Source)
	at org.junit.jupiter.engine.execution.ExecutableInvoker$ReflectiveInterceptorCall.lambda$ofVoidMethod$0(ExecutableInvoker.java:115)
	at org.junit.jupiter.engine.execution.ExecutableInvoker$ReflectiveInterceptorCall$$Lambda$112/1725017993.apply(Unknown Source)
	at org.junit.jupiter.engine.execution.ExecutableInvoker.lambda$invoke$0(ExecutableInvoker.java:105)
	at org.junit.jupiter.engine.execution.ExecutableInvoker$$Lambda$234/64133603.apply(Unknown Source)
	at org.junit.jupiter.engine.execution.InvocationInterceptorChain$InterceptedInvocation.proceed(InvocationInterceptorChain.java:106)
	at org.junit.jupiter.engine.execution.InvocationInterceptorChain.proceed(InvocationInterceptorChain.java:64)
	at org.junit.jupiter.engine.execution.InvocationInterceptorChain.chainAndInvoke(InvocationInterceptorChain.java:45)
	at org.junit.jupiter.engine.execution.InvocationInterceptorChain.invoke(InvocationInterceptorChain.java:37)
	at org.junit.jupiter.engine.execution.ExecutableInvoker.invoke(ExecutableInvoker.java:104)
	at org.junit.jupiter.engine.execution.ExecutableInvoker.invoke(ExecutableInvoker.java:98)
	at org.junit.jupiter.engine.descriptor.TestMethodTestDescriptor.lambda$invokeTestMethod$6(TestMethodTestDescriptor.java:212)
	at org.junit.jupiter.engine.descriptor.TestMethodTestDescriptor$$Lambda$271/224100622.execute(Unknown Source)
	at org.junit.platform.engine.support.hierarchical.ThrowableCollector.execute(ThrowableCollector.java:73)
	at org.junit.jupiter.engine.descriptor.TestMethodTestDescriptor.invokeTestMethod(TestMethodTestDescriptor.java:208)
	at org.junit.jupiter.engine.descriptor.TestMethodTestDescriptor.execute(TestMethodTestDescriptor.java:137)
	at org.junit.jupiter.engine.descriptor.TestMethodTestDescriptor.execute(TestMethodTestDescriptor.java:71)
	at org.junit.platform.engine.support.hierarchical.NodeTestTask.lambda$executeRecursively$5(NodeTestTask.java:135)
	at org.junit.platform.engine.support.hierarchical.NodeTestTask$$Lambda$179/195615004.execute(Unknown Source)
	at org.junit.platform.engine.support.hierarchical.ThrowableCollector.execute(ThrowableCollector.java:73)
	at org.junit.platform.engine.support.hierarchical.NodeTestTask.lambda$executeRecursively$7(NodeTestTask.java:125)
	at org.junit.platform.engine.support.hierarchical.NodeTestTask$$Lambda$178/1890627974.invoke(Unknown Source)
	at org.junit.platform.engine.support.hierarchical.Node.around(Node.java:135)
	at org.junit.platform.engine.support.hierarchical.NodeTestTask.lambda$executeRecursively$8(NodeTestTask.java:123)
	at org.junit.platform.engine.support.hierarchical.NodeTestTask$$Lambda$177/231977479.execute(Unknown Source)
	at org.junit.platform.engine.support.hierarchical.ThrowableCollector.execute(ThrowableCollector.java:73)
	at org.junit.platform.engine.support.hierarchical.NodeTestTask.executeRecursively(NodeTestTask.java:122)
	at org.junit.platform.engine.support.hierarchical.NodeTestTask.execute(NodeTestTask.java:80)
	at org.junit.platform.engine.support.hierarchical.SameThreadHierarchicalTestExecutorService$$Lambda$183/1381713434.accept(Unknown Source)
	at java.util.ArrayList.forEach(ArrayList.java:1249)
	at org.junit.platform.engine.support.hierarchical.SameThreadHierarchicalTestExecutorService.invokeAll(SameThreadHierarchicalTestExecutorService.java:38)
	at org.junit.platform.engine.support.hierarchical.NodeTestTask.lambda$executeRecursively$5(NodeTestTask.java:139)
	at org.junit.platform.engine.support.hierarchical.NodeTestTask$$Lambda$179/195615004.execute(Unknown Source)
	at org.junit.platform.engine.support.hierarchical.ThrowableCollector.execute(ThrowableCollector.java:73)
	at org.junit.platform.engine.support.hierarchical.NodeTestTask.lambda$executeRecursively$7(NodeTestTask.java:125)
	at org.junit.platform.engine.support.hierarchical.NodeTestTask$$Lambda$178/1890627974.invoke(Unknown Source)
	at org.junit.platform.engine.support.hierarchical.Node.around(Node.java:135)
	at org.junit.platform.engine.support.hierarchical.NodeTestTask.lambda$executeRecursively$8(NodeTestTask.java:123)
	at org.junit.platform.engine.support.hierarchical.NodeTestTask$$Lambda$177/231977479.execute(Unknown Source)
	at org.junit.platform.engine.support.hierarchical.ThrowableCollector.execute(ThrowableCollector.java:73)
	at org.junit.platform.engine.support.hierarchical.NodeTestTask.executeRecursively(NodeTestTask.java:122)
	at org.junit.platform.engine.support.hierarchical.NodeTestTask.execute(NodeTestTask.java:80)
	at org.junit.platform.engine.support.hierarchical.SameThreadHierarchicalTestExecutorService$$Lambda$183/1381713434.accept(Unknown Source)
	at java.util.ArrayList.forEach(ArrayList.java:1249)
	at org.junit.platform.engine.support.hierarchical.SameThreadHierarchicalTestExecutorService.invokeAll(SameThreadHierarchicalTestExecutorService.java:38)
	at org.junit.platform.engine.support.hierarchical.NodeTestTask.lambda$executeRecursively$5(NodeTestTask.java:139)
	at org.junit.platform.engine.support.hierarchical.NodeTestTask$$Lambda$179/195615004.execute(Unknown Source)
	at org.junit.platform.engine.support.hierarchical.ThrowableCollector.execute(ThrowableCollector.java:73)
	at org.junit.platform.engine.support.hierarchical.NodeTestTask.lambda$executeRecursively$7(NodeTestTask.java:125)
	at org.junit.platform.engine.support.hierarchical.NodeTestTask$$Lambda$178/1890627974.invoke(Unknown Source)
	at org.junit.platform.engine.support.hierarchical.Node.around(Node.java:135)
	at org.junit.platform.engine.support.hierarchical.NodeTestTask.lambda$executeRecursively$8(NodeTestTask.java:123)
	at org.junit.platform.engine.support.hierarchical.NodeTestTask$$Lambda$177/231977479.execute(Unknown Source)
	at org.junit.platform.engine.support.hierarchical.ThrowableCollector.execute(ThrowableCollector.java:73)
	at org.junit.platform.engine.support.hierarchical.NodeTestTask.executeRecursively(NodeTestTask.java:122)
	at org.junit.platform.engine.support.hierarchical.NodeTestTask.execute(NodeTestTask.java:80)
	at org.junit.platform.engine.support.hierarchical.SameThreadHierarchicalTestExecutorService.submit(SameThreadHierarchicalTestExecutorService.java:32)
	at org.junit.platform.engine.support.hierarchical.HierarchicalTestExecutor.execute(HierarchicalTestExecutor.java:57)
	at org.junit.platform.engine.support.hierarchical.HierarchicalTestEngine.execute(HierarchicalTestEngine.java:51)
	at org.junit.platform.launcher.core.DefaultLauncher.execute(DefaultLauncher.java:248)
	at org.junit.platform.launcher.core.DefaultLauncher.lambda$execute$5(DefaultLauncher.java:211)
	at org.junit.platform.launcher.core.DefaultLauncher$$Lambda$143/233996206.accept(Unknown Source)
	at org.junit.platform.launcher.core.DefaultLauncher.withInterceptedStreams(DefaultLauncher.java:226)
	at org.junit.platform.launcher.core.DefaultLauncher.execute(DefaultLauncher.java:199)
	at org.junit.platform.launcher.core.DefaultLauncher.execute(DefaultLauncher.java:132)
	at org.apache.maven.surefire.junitplatform.JUnitPlatformProvider.invokeAllTests(JUnitPlatformProvider.java:142)
	at org.apache.maven.surefire.junitplatform.JUnitPlatformProvider.invoke(JUnitPlatformProvider.java:113)
	at org.apache.maven.surefire.booter.ForkedBooter.invokeProviderInSameClassLoader(ForkedBooter.java:384)
	at org.apache.maven.surefire.booter.ForkedBooter.runSuitesInProcess(ForkedBooter.java:345)
	at org.apache.maven.surefire.booter.ForkedBooter.execute(ForkedBooter.java:126)
	at org.apache.maven.surefire.booter.ForkedBooter.main(ForkedBooter.java:418)
2021-11-08 11:19:13,089 [myid:] - INFO  [main:FourLetterWordMain@94] - connecting to 127.0.0.1 30197
2021-11-08 11:19:13,090 [myid:1] - WARN  [nioEventLoopGroup-90-7:NettyServerCnxnFactory$CnxnChannelHandler@231] - Zookeeper server is not running, close the connection before starting the TLS handshake
2021-11-08 11:19:13,347 [myid:] - INFO  [main:FourLetterWordMain@94] - connecting to 127.0.0.1 30197
2021-11-08 11:19:13,349 [myid:1] - WARN  [nioEventLoopGroup-90-8:NettyServerCnxnFactory$CnxnChannelHandler@231] - Zookeeper server is not running, close the connection before starting the TLS handshake
2021-11-08 11:19:13,613 [myid:] - INFO  [main:FourLetterWordMain@94] - connecting to 127.0.0.1 30197
2021-11-08 11:19:13,613 [myid:1] - WARN  [nioEventLoopGroup-90-9:NettyServerCnxnFactory$CnxnChannelHandler@231] - Zookeeper server is not running, close the connection before starting the TLS handshake
2021-11-08 11:19:13,629 [myid:] - INFO  [main:ClientBase@267] - server 127.0.0.1:30197 not up
java.net.SocketException: Software caused connection abort: recv failed
	at java.net.SocketInputStream.socketRead0(Native Method)
	at java.net.SocketInputStream.read(SocketInputStream.java:150)
	at java.net.SocketInputStream.read(SocketInputStream.java:121)
	at sun.nio.cs.StreamDecoder.readBytes(StreamDecoder.java:284)
	at sun.nio.cs.StreamDecoder.implRead(StreamDecoder.java:326)
	at sun.nio.cs.StreamDecoder.read(StreamDecoder.java:178)
	at java.io.InputStreamReader.read(InputStreamReader.java:184)
	at java.io.BufferedReader.fill(BufferedReader.java:161)
	at java.io.BufferedReader.readLine(BufferedReader.java:324)
	at java.io.BufferedReader.readLine(BufferedReader.java:389)
	at org.apache.zookeeper.client.FourLetterWordMain.send4LetterWord(FourLetterWordMain.java:129)
	at org.apache.zookeeper.client.FourLetterWordMain.send4LetterWord(FourLetterWordMain.java:74)
	at org.apache.zookeeper.test.ClientBase.waitForServerUp(ClientBase.java:258)
	at org.apache.zookeeper.test.ClientBase.waitForServerUp(ClientBase.java:249)
	at org.apache.zookeeper.server.quorum.QuorumSSLTest.testHostnameVerification(QuorumSSLTest.java:671)
	at org.apache.zookeeper.server.quorum.QuorumSSLTest.testHostnameVerificationWithInvalidIpAddressAndInvalidHostname(QuorumSSLTest.java:600)
	at sun.reflect.NativeMethodAccessorImpl.invoke0(Native Method)
	at sun.reflect.NativeMethodAccessorImpl.invoke(NativeMethodAccessorImpl.java:62)
	at sun.reflect.DelegatingMethodAccessorImpl.invoke(DelegatingMethodAccessorImpl.java:43)
	at java.lang.reflect.Method.invoke(Method.java:483)
	at org.junit.platform.commons.util.ReflectionUtils.invokeMethod(ReflectionUtils.java:686)
	at org.junit.jupiter.engine.execution.MethodInvocation.proceed(MethodInvocation.java:60)
	at org.junit.jupiter.engine.execution.InvocationInterceptorChain$ValidatingInvocation.proceed(InvocationInterceptorChain.java:131)
	at org.junit.jupiter.engine.extension.TimeoutInvocation.proceed(TimeoutInvocation.java:46)
	at org.junit.jupiter.engine.extension.TimeoutExtension.intercept(TimeoutExtension.java:149)
	at org.junit.jupiter.engine.extension.TimeoutExtension.interceptTestableMethod(TimeoutExtension.java:140)
	at org.junit.jupiter.engine.extension.TimeoutExtension.interceptTestMethod(TimeoutExtension.java:84)
	at org.junit.jupiter.engine.descriptor.TestMethodTestDescriptor$$Lambda$111/1780132728.apply(Unknown Source)
	at org.junit.jupiter.engine.execution.ExecutableInvoker$ReflectiveInterceptorCall.lambda$ofVoidMethod$0(ExecutableInvoker.java:115)
	at org.junit.jupiter.engine.execution.ExecutableInvoker$ReflectiveInterceptorCall$$Lambda$112/1725017993.apply(Unknown Source)
	at org.junit.jupiter.engine.execution.ExecutableInvoker.lambda$invoke$0(ExecutableInvoker.java:105)
	at org.junit.jupiter.engine.execution.ExecutableInvoker$$Lambda$234/64133603.apply(Unknown Source)
	at org.junit.jupiter.engine.execution.InvocationInterceptorChain$InterceptedInvocation.proceed(InvocationInterceptorChain.java:106)
	at org.junit.jupiter.engine.execution.InvocationInterceptorChain.proceed(InvocationInterceptorChain.java:64)
	at org.junit.jupiter.engine.execution.InvocationInterceptorChain.chainAndInvoke(InvocationInterceptorChain.java:45)
	at org.junit.jupiter.engine.execution.InvocationInterceptorChain.invoke(InvocationInterceptorChain.java:37)
	at org.junit.jupiter.engine.execution.ExecutableInvoker.invoke(ExecutableInvoker.java:104)
	at org.junit.jupiter.engine.execution.ExecutableInvoker.invoke(ExecutableInvoker.java:98)
	at org.junit.jupiter.engine.descriptor.TestMethodTestDescriptor.lambda$invokeTestMethod$6(TestMethodTestDescriptor.java:212)
	at org.junit.jupiter.engine.descriptor.TestMethodTestDescriptor$$Lambda$271/224100622.execute(Unknown Source)
	at org.junit.platform.engine.support.hierarchical.ThrowableCollector.execute(ThrowableCollector.java:73)
	at org.junit.jupiter.engine.descriptor.TestMethodTestDescriptor.invokeTestMethod(TestMethodTestDescriptor.java:208)
	at org.junit.jupiter.engine.descriptor.TestMethodTestDescriptor.execute(TestMethodTestDescriptor.java:137)
	at org.junit.jupiter.engine.descriptor.TestMethodTestDescriptor.execute(TestMethodTestDescriptor.java:71)
	at org.junit.platform.engine.support.hierarchical.NodeTestTask.lambda$executeRecursively$5(NodeTestTask.java:135)
	at org.junit.platform.engine.support.hierarchical.NodeTestTask$$Lambda$179/195615004.execute(Unknown Source)
	at org.junit.platform.engine.support.hierarchical.ThrowableCollector.execute(ThrowableCollector.java:73)
	at org.junit.platform.engine.support.hierarchical.NodeTestTask.lambda$executeRecursively$7(NodeTestTask.java:125)
	at org.junit.platform.engine.support.hierarchical.NodeTestTask$$Lambda$178/1890627974.invoke(Unknown Source)
	at org.junit.platform.engine.support.hierarchical.Node.around(Node.java:135)
	at org.junit.platform.engine.support.hierarchical.NodeTestTask.lambda$executeRecursively$8(NodeTestTask.java:123)
	at org.junit.platform.engine.support.hierarchical.NodeTestTask$$Lambda$177/231977479.execute(Unknown Source)
	at org.junit.platform.engine.support.hierarchical.ThrowableCollector.execute(ThrowableCollector.java:73)
	at org.junit.platform.engine.support.hierarchical.NodeTestTask.executeRecursively(NodeTestTask.java:122)
	at org.junit.platform.engine.support.hierarchical.NodeTestTask.execute(NodeTestTask.java:80)
	at org.junit.platform.engine.support.hierarchical.SameThreadHierarchicalTestExecutorService$$Lambda$183/1381713434.accept(Unknown Source)
	at java.util.ArrayList.forEach(ArrayList.java:1249)
	at org.junit.platform.engine.support.hierarchical.SameThreadHierarchicalTestExecutorService.invokeAll(SameThreadHierarchicalTestExecutorService.java:38)
	at org.junit.platform.engine.support.hierarchical.NodeTestTask.lambda$executeRecursively$5(NodeTestTask.java:139)
	at org.junit.platform.engine.support.hierarchical.NodeTestTask$$Lambda$179/195615004.execute(Unknown Source)
	at org.junit.platform.engine.support.hierarchical.ThrowableCollector.execute(ThrowableCollector.java:73)
	at org.junit.platform.engine.support.hierarchical.NodeTestTask.lambda$executeRecursively$7(NodeTestTask.java:125)
	at org.junit.platform.engine.support.hierarchical.NodeTestTask$$Lambda$178/1890627974.invoke(Unknown Source)
	at org.junit.platform.engine.support.hierarchical.Node.around(Node.java:135)
	at org.junit.platform.engine.support.hierarchical.NodeTestTask.lambda$executeRecursively$8(NodeTestTask.java:123)
	at org.junit.platform.engine.support.hierarchical.NodeTestTask$$Lambda$177/231977479.execute(Unknown Source)
	at org.junit.platform.engine.support.hierarchical.ThrowableCollector.execute(ThrowableCollector.java:73)
	at org.junit.platform.engine.support.hierarchical.NodeTestTask.executeRecursively(NodeTestTask.java:122)
	at org.junit.platform.engine.support.hierarchical.NodeTestTask.execute(NodeTestTask.java:80)
	at org.junit.platform.engine.support.hierarchical.SameThreadHierarchicalTestExecutorService$$Lambda$183/1381713434.accept(Unknown Source)
	at java.util.ArrayList.forEach(ArrayList.java:1249)
	at org.junit.platform.engine.support.hierarchical.SameThreadHierarchicalTestExecutorService.invokeAll(SameThreadHierarchicalTestExecutorService.java:38)
	at org.junit.platform.engine.support.hierarchical.NodeTestTask.lambda$executeRecursively$5(NodeTestTask.java:139)
	at org.junit.platform.engine.support.hierarchical.NodeTestTask$$Lambda$179/195615004.execute(Unknown Source)
	at org.junit.platform.engine.support.hierarchical.ThrowableCollector.execute(ThrowableCollector.java:73)
	at org.junit.platform.engine.support.hierarchical.NodeTestTask.lambda$executeRecursively$7(NodeTestTask.java:125)
	at org.junit.platform.engine.support.hierarchical.NodeTestTask$$Lambda$178/1890627974.invoke(Unknown Source)
	at org.junit.platform.engine.support.hierarchical.Node.around(Node.java:135)
	at org.junit.platform.engine.support.hierarchical.NodeTestTask.lambda$executeRecursively$8(NodeTestTask.java:123)
	at org.junit.platform.engine.support.hierarchical.NodeTestTask$$Lambda$177/231977479.execute(Unknown Source)
	at org.junit.platform.engine.support.hierarchical.ThrowableCollector.execute(ThrowableCollector.java:73)
	at org.junit.platform.engine.support.hierarchical.NodeTestTask.executeRecursively(NodeTestTask.java:122)
	at org.junit.platform.engine.support.hierarchical.NodeTestTask.execute(NodeTestTask.java:80)
	at org.junit.platform.engine.support.hierarchical.SameThreadHierarchicalTestExecutorService.submit(SameThreadHierarchicalTestExecutorService.java:32)
	at org.junit.platform.engine.support.hierarchical.HierarchicalTestExecutor.execute(HierarchicalTestExecutor.java:57)
	at org.junit.platform.engine.support.hierarchical.HierarchicalTestEngine.execute(HierarchicalTestEngine.java:51)
	at org.junit.platform.launcher.core.DefaultLauncher.execute(DefaultLauncher.java:248)
	at org.junit.platform.launcher.core.DefaultLauncher.lambda$execute$5(DefaultLauncher.java:211)
	at org.junit.platform.launcher.core.DefaultLauncher$$Lambda$143/233996206.accept(Unknown Source)
	at org.junit.platform.launcher.core.DefaultLauncher.withInterceptedStreams(DefaultLauncher.java:226)
	at org.junit.platform.launcher.core.DefaultLauncher.execute(DefaultLauncher.java:199)
	at org.junit.platform.launcher.core.DefaultLauncher.execute(DefaultLauncher.java:132)
	at org.apache.maven.surefire.junitplatform.JUnitPlatformProvider.invokeAllTests(JUnitPlatformProvider.java:142)
	at org.apache.maven.surefire.junitplatform.JUnitPlatformProvider.invoke(JUnitPlatformProvider.java:113)
	at org.apache.maven.surefire.booter.ForkedBooter.invokeProviderInSameClassLoader(ForkedBooter.java:384)
	at org.apache.maven.surefire.booter.ForkedBooter.runSuitesInProcess(ForkedBooter.java:345)
	at org.apache.maven.surefire.booter.ForkedBooter.execute(ForkedBooter.java:126)
	at org.apache.maven.surefire.booter.ForkedBooter.main(ForkedBooter.java:418)
2021-11-08 11:19:13,881 [myid:] - INFO  [main:FourLetterWordMain@94] - connecting to 127.0.0.1 30197
2021-11-08 11:19:13,882 [myid:1] - WARN  [nioEventLoopGroup-90-10:NettyServerCnxnFactory$CnxnChannelHandler@231] - Zookeeper server is not running, close the connection before starting the TLS handshake
2021-11-08 11:19:14,145 [myid:] - INFO  [main:FourLetterWordMain@94] - connecting to 127.0.0.1 30197
2021-11-08 11:19:14,146 [myid:1] - WARN  [nioEventLoopGroup-90-11:NettyServerCnxnFactory$CnxnChannelHandler@231] - Zookeeper server is not running, close the connection before starting the TLS handshake
2021-11-08 11:19:14,412 [myid:] - INFO  [main:FourLetterWordMain@94] - connecting to 127.0.0.1 30197
2021-11-08 11:19:14,412 [myid:1] - WARN  [nioEventLoopGroup-90-12:NettyServerCnxnFactory$CnxnChannelHandler@231] - Zookeeper server is not running, close the connection before starting the TLS handshake
2021-11-08 11:19:14,675 [myid:] - INFO  [main:FourLetterWordMain@94] - connecting to 127.0.0.1 30197
2021-11-08 11:19:14,675 [myid:1] - WARN  [nioEventLoopGroup-90-1:NettyServerCnxnFactory$CnxnChannelHandler@231] - Zookeeper server is not running, close the connection before starting the TLS handshake
2021-11-08 11:19:14,940 [myid:] - INFO  [main:FourLetterWordMain@94] - connecting to 127.0.0.1 30197
2021-11-08 11:19:14,940 [myid:1] - WARN  [nioEventLoopGroup-90-2:NettyServerCnxnFactory$CnxnChannelHandler@231] - Zookeeper server is not running, close the connection before starting the TLS handshake
2021-11-08 11:19:15,203 [myid:] - INFO  [main:FourLetterWordMain@94] - connecting to 127.0.0.1 30197
2021-11-08 11:19:15,203 [myid:1] - WARN  [nioEventLoopGroup-90-3:NettyServerCnxnFactory$CnxnChannelHandler@231] - Zookeeper server is not running, close the connection before starting the TLS handshake
2021-11-08 11:19:15,468 [myid:] - INFO  [main:FourLetterWordMain@94] - connecting to 127.0.0.1 30197
2021-11-08 11:19:15,468 [myid:1] - WARN  [nioEventLoopGroup-90-4:NettyServerCnxnFactory$CnxnChannelHandler@231] - Zookeeper server is not running, close the connection before starting the TLS handshake
2021-11-08 11:19:15,719 [myid:] - INFO  [main:FourLetterWordMain@94] - connecting to 127.0.0.1 30197
2021-11-08 11:19:15,719 [myid:1] - WARN  [nioEventLoopGroup-90-5:NettyServerCnxnFactory$CnxnChannelHandler@231] - Zookeeper server is not running, close the connection before starting the TLS handshake
2021-11-08 11:19:15,734 [myid:] - INFO  [main:ClientBase@267] - server 127.0.0.1:30197 not up
java.net.SocketException: Software caused connection abort: recv failed
	at java.net.SocketInputStream.socketRead0(Native Method)
	at java.net.SocketInputStream.read(SocketInputStream.java:150)
	at java.net.SocketInputStream.read(SocketInputStream.java:121)
	at sun.nio.cs.StreamDecoder.readBytes(StreamDecoder.java:284)
	at sun.nio.cs.StreamDecoder.implRead(StreamDecoder.java:326)
	at sun.nio.cs.StreamDecoder.read(StreamDecoder.java:178)
	at java.io.InputStreamReader.read(InputStreamReader.java:184)
	at java.io.BufferedReader.fill(BufferedReader.java:161)
	at java.io.BufferedReader.readLine(BufferedReader.java:324)
	at java.io.BufferedReader.readLine(BufferedReader.java:389)
	at org.apache.zookeeper.client.FourLetterWordMain.send4LetterWord(FourLetterWordMain.java:129)
	at org.apache.zookeeper.client.FourLetterWordMain.send4LetterWord(FourLetterWordMain.java:74)
	at org.apache.zookeeper.test.ClientBase.waitForServerUp(ClientBase.java:258)
	at org.apache.zookeeper.test.ClientBase.waitForServerUp(ClientBase.java:249)
	at org.apache.zookeeper.server.quorum.QuorumSSLTest.testHostnameVerification(QuorumSSLTest.java:671)
	at org.apache.zookeeper.server.quorum.QuorumSSLTest.testHostnameVerificationWithInvalidIpAddressAndInvalidHostname(QuorumSSLTest.java:600)
	at sun.reflect.NativeMethodAccessorImpl.invoke0(Native Method)
	at sun.reflect.NativeMethodAccessorImpl.invoke(NativeMethodAccessorImpl.java:62)
	at sun.reflect.DelegatingMethodAccessorImpl.invoke(DelegatingMethodAccessorImpl.java:43)
	at java.lang.reflect.Method.invoke(Method.java:483)
	at org.junit.platform.commons.util.ReflectionUtils.invokeMethod(ReflectionUtils.java:686)
	at org.junit.jupiter.engine.execution.MethodInvocation.proceed(MethodInvocation.java:60)
	at org.junit.jupiter.engine.execution.InvocationInterceptorChain$ValidatingInvocation.proceed(InvocationInterceptorChain.java:131)
	at org.junit.jupiter.engine.extension.TimeoutInvocation.proceed(TimeoutInvocation.java:46)
	at org.junit.jupiter.engine.extension.TimeoutExtension.intercept(TimeoutExtension.java:149)
	at org.junit.jupiter.engine.extension.TimeoutExtension.interceptTestableMethod(TimeoutExtension.java:140)
	at org.junit.jupiter.engine.extension.TimeoutExtension.interceptTestMethod(TimeoutExtension.java:84)
	at org.junit.jupiter.engine.descriptor.TestMethodTestDescriptor$$Lambda$111/1780132728.apply(Unknown Source)
	at org.junit.jupiter.engine.execution.ExecutableInvoker$ReflectiveInterceptorCall.lambda$ofVoidMethod$0(ExecutableInvoker.java:115)
	at org.junit.jupiter.engine.execution.ExecutableInvoker$ReflectiveInterceptorCall$$Lambda$112/1725017993.apply(Unknown Source)
	at org.junit.jupiter.engine.execution.ExecutableInvoker.lambda$invoke$0(ExecutableInvoker.java:105)
	at org.junit.jupiter.engine.execution.ExecutableInvoker$$Lambda$234/64133603.apply(Unknown Source)
	at org.junit.jupiter.engine.execution.InvocationInterceptorChain$InterceptedInvocation.proceed(InvocationInterceptorChain.java:106)
	at org.junit.jupiter.engine.execution.InvocationInterceptorChain.proceed(InvocationInterceptorChain.java:64)
	at org.junit.jupiter.engine.execution.InvocationInterceptorChain.chainAndInvoke(InvocationInterceptorChain.java:45)
	at org.junit.jupiter.engine.execution.InvocationInterceptorChain.invoke(InvocationInterceptorChain.java:37)
	at org.junit.jupiter.engine.execution.ExecutableInvoker.invoke(ExecutableInvoker.java:104)
	at org.junit.jupiter.engine.execution.ExecutableInvoker.invoke(ExecutableInvoker.java:98)
	at org.junit.jupiter.engine.descriptor.TestMethodTestDescriptor.lambda$invokeTestMethod$6(TestMethodTestDescriptor.java:212)
	at org.junit.jupiter.engine.descriptor.TestMethodTestDescriptor$$Lambda$271/224100622.execute(Unknown Source)
	at org.junit.platform.engine.support.hierarchical.ThrowableCollector.execute(ThrowableCollector.java:73)
	at org.junit.jupiter.engine.descriptor.TestMethodTestDescriptor.invokeTestMethod(TestMethodTestDescriptor.java:208)
	at org.junit.jupiter.engine.descriptor.TestMethodTestDescriptor.execute(TestMethodTestDescriptor.java:137)
	at org.junit.jupiter.engine.descriptor.TestMethodTestDescriptor.execute(TestMethodTestDescriptor.java:71)
	at org.junit.platform.engine.support.hierarchical.NodeTestTask.lambda$executeRecursively$5(NodeTestTask.java:135)
	at org.junit.platform.engine.support.hierarchical.NodeTestTask$$Lambda$179/195615004.execute(Unknown Source)
	at org.junit.platform.engine.support.hierarchical.ThrowableCollector.execute(ThrowableCollector.java:73)
	at org.junit.platform.engine.support.hierarchical.NodeTestTask.lambda$executeRecursively$7(NodeTestTask.java:125)
	at org.junit.platform.engine.support.hierarchical.NodeTestTask$$Lambda$178/1890627974.invoke(Unknown Source)
	at org.junit.platform.engine.support.hierarchical.Node.around(Node.java:135)
	at org.junit.platform.engine.support.hierarchical.NodeTestTask.lambda$executeRecursively$8(NodeTestTask.java:123)
	at org.junit.platform.engine.support.hierarchical.NodeTestTask$$Lambda$177/231977479.execute(Unknown Source)
	at org.junit.platform.engine.support.hierarchical.ThrowableCollector.execute(ThrowableCollector.java:73)
	at org.junit.platform.engine.support.hierarchical.NodeTestTask.executeRecursively(NodeTestTask.java:122)
	at org.junit.platform.engine.support.hierarchical.NodeTestTask.execute(NodeTestTask.java:80)
	at org.junit.platform.engine.support.hierarchical.SameThreadHierarchicalTestExecutorService$$Lambda$183/1381713434.accept(Unknown Source)
	at java.util.ArrayList.forEach(ArrayList.java:1249)
	at org.junit.platform.engine.support.hierarchical.SameThreadHierarchicalTestExecutorService.invokeAll(SameThreadHierarchicalTestExecutorService.java:38)
	at org.junit.platform.engine.support.hierarchical.NodeTestTask.lambda$executeRecursively$5(NodeTestTask.java:139)
	at org.junit.platform.engine.support.hierarchical.NodeTestTask$$Lambda$179/195615004.execute(Unknown Source)
	at org.junit.platform.engine.support.hierarchical.ThrowableCollector.execute(ThrowableCollector.java:73)
	at org.junit.platform.engine.support.hierarchical.NodeTestTask.lambda$executeRecursively$7(NodeTestTask.java:125)
	at org.junit.platform.engine.support.hierarchical.NodeTestTask$$Lambda$178/1890627974.invoke(Unknown Source)
	at org.junit.platform.engine.support.hierarchical.Node.around(Node.java:135)
	at org.junit.platform.engine.support.hierarchical.NodeTestTask.lambda$executeRecursively$8(NodeTestTask.java:123)
	at org.junit.platform.engine.support.hierarchical.NodeTestTask$$Lambda$177/231977479.execute(Unknown Source)
	at org.junit.platform.engine.support.hierarchical.ThrowableCollector.execute(ThrowableCollector.java:73)
	at org.junit.platform.engine.support.hierarchical.NodeTestTask.executeRecursively(NodeTestTask.java:122)
	at org.junit.platform.engine.support.hierarchical.NodeTestTask.execute(NodeTestTask.java:80)
	at org.junit.platform.engine.support.hierarchical.SameThreadHierarchicalTestExecutorService$$Lambda$183/1381713434.accept(Unknown Source)
	at java.util.ArrayList.forEach(ArrayList.java:1249)
	at org.junit.platform.engine.support.hierarchical.SameThreadHierarchicalTestExecutorService.invokeAll(SameThreadHierarchicalTestExecutorService.java:38)
	at org.junit.platform.engine.support.hierarchical.NodeTestTask.lambda$executeRecursively$5(NodeTestTask.java:139)
	at org.junit.platform.engine.support.hierarchical.NodeTestTask$$Lambda$179/195615004.execute(Unknown Source)
	at org.junit.platform.engine.support.hierarchical.ThrowableCollector.execute(ThrowableCollector.java:73)
	at org.junit.platform.engine.support.hierarchical.NodeTestTask.lambda$executeRecursively$7(NodeTestTask.java:125)
	at org.junit.platform.engine.support.hierarchical.NodeTestTask$$Lambda$178/1890627974.invoke(Unknown Source)
	at org.junit.platform.engine.support.hierarchical.Node.around(Node.java:135)
	at org.junit.platform.engine.support.hierarchical.NodeTestTask.lambda$executeRecursively$8(NodeTestTask.java:123)
	at org.junit.platform.engine.support.hierarchical.NodeTestTask$$Lambda$177/231977479.execute(Unknown Source)
	at org.junit.platform.engine.support.hierarchical.ThrowableCollector.execute(ThrowableCollector.java:73)
	at org.junit.platform.engine.support.hierarchical.NodeTestTask.executeRecursively(NodeTestTask.java:122)
	at org.junit.platform.engine.support.hierarchical.NodeTestTask.execute(NodeTestTask.java:80)
	at org.junit.platform.engine.support.hierarchical.SameThreadHierarchicalTestExecutorService.submit(SameThreadHierarchicalTestExecutorService.java:32)
	at org.junit.platform.engine.support.hierarchical.HierarchicalTestExecutor.execute(HierarchicalTestExecutor.java:57)
	at org.junit.platform.engine.support.hierarchical.HierarchicalTestEngine.execute(HierarchicalTestEngine.java:51)
	at org.junit.platform.launcher.core.DefaultLauncher.execute(DefaultLauncher.java:248)
	at org.junit.platform.launcher.core.DefaultLauncher.lambda$execute$5(DefaultLauncher.java:211)
	at org.junit.platform.launcher.core.DefaultLauncher$$Lambda$143/233996206.accept(Unknown Source)
	at org.junit.platform.launcher.core.DefaultLauncher.withInterceptedStreams(DefaultLauncher.java:226)
	at org.junit.platform.launcher.core.DefaultLauncher.execute(DefaultLauncher.java:199)
	at org.junit.platform.launcher.core.DefaultLauncher.execute(DefaultLauncher.java:132)
	at org.apache.maven.surefire.junitplatform.JUnitPlatformProvider.invokeAllTests(JUnitPlatformProvider.java:142)
	at org.apache.maven.surefire.junitplatform.JUnitPlatformProvider.invoke(JUnitPlatformProvider.java:113)
	at org.apache.maven.surefire.booter.ForkedBooter.invokeProviderInSameClassLoader(ForkedBooter.java:384)
	at org.apache.maven.surefire.booter.ForkedBooter.runSuitesInProcess(ForkedBooter.java:345)
	at org.apache.maven.surefire.booter.ForkedBooter.execute(ForkedBooter.java:126)
	at org.apache.maven.surefire.booter.ForkedBooter.main(ForkedBooter.java:418)
2021-11-08 11:19:15,987 [myid:] - INFO  [main:FourLetterWordMain@94] - connecting to 127.0.0.1 30197
2021-11-08 11:19:15,988 [myid:1] - WARN  [nioEventLoopGroup-90-6:NettyServerCnxnFactory$CnxnChannelHandler@231] - Zookeeper server is not running, close the connection before starting the TLS handshake
2021-11-08 11:19:16,240 [myid:] - INFO  [main:FourLetterWordMain@94] - connecting to 127.0.0.1 30197
2021-11-08 11:19:16,241 [myid:1] - WARN  [nioEventLoopGroup-90-7:NettyServerCnxnFactory$CnxnChannelHandler@231] - Zookeeper server is not running, close the connection before starting the TLS handshake
2021-11-08 11:19:16,255 [myid:] - INFO  [main:ClientBase@267] - server 127.0.0.1:30197 not up
java.net.SocketException: Software caused connection abort: recv failed
	at java.net.SocketInputStream.socketRead0(Native Method)
	at java.net.SocketInputStream.read(SocketInputStream.java:150)
	at java.net.SocketInputStream.read(SocketInputStream.java:121)
	at sun.nio.cs.StreamDecoder.readBytes(StreamDecoder.java:284)
	at sun.nio.cs.StreamDecoder.implRead(StreamDecoder.java:326)
	at sun.nio.cs.StreamDecoder.read(StreamDecoder.java:178)
	at java.io.InputStreamReader.read(InputStreamReader.java:184)
	at java.io.BufferedReader.fill(BufferedReader.java:161)
	at java.io.BufferedReader.readLine(BufferedReader.java:324)
	at java.io.BufferedReader.readLine(BufferedReader.java:389)
	at org.apache.zookeeper.client.FourLetterWordMain.send4LetterWord(FourLetterWordMain.java:129)
	at org.apache.zookeeper.client.FourLetterWordMain.send4LetterWord(FourLetterWordMain.java:74)
	at org.apache.zookeeper.test.ClientBase.waitForServerUp(ClientBase.java:258)
	at org.apache.zookeeper.test.ClientBase.waitForServerUp(ClientBase.java:249)
	at org.apache.zookeeper.server.quorum.QuorumSSLTest.testHostnameVerification(QuorumSSLTest.java:671)
	at org.apache.zookeeper.server.quorum.QuorumSSLTest.testHostnameVerificationWithInvalidIpAddressAndInvalidHostname(QuorumSSLTest.java:600)
	at sun.reflect.NativeMethodAccessorImpl.invoke0(Native Method)
	at sun.reflect.NativeMethodAccessorImpl.invoke(NativeMethodAccessorImpl.java:62)
	at sun.reflect.DelegatingMethodAccessorImpl.invoke(DelegatingMethodAccessorImpl.java:43)
	at java.lang.reflect.Method.invoke(Method.java:483)
	at org.junit.platform.commons.util.ReflectionUtils.invokeMethod(ReflectionUtils.java:686)
	at org.junit.jupiter.engine.execution.MethodInvocation.proceed(MethodInvocation.java:60)
	at org.junit.jupiter.engine.execution.InvocationInterceptorChain$ValidatingInvocation.proceed(InvocationInterceptorChain.java:131)
	at org.junit.jupiter.engine.extension.TimeoutInvocation.proceed(TimeoutInvocation.java:46)
	at org.junit.jupiter.engine.extension.TimeoutExtension.intercept(TimeoutExtension.java:149)
	at org.junit.jupiter.engine.extension.TimeoutExtension.interceptTestableMethod(TimeoutExtension.java:140)
	at org.junit.jupiter.engine.extension.TimeoutExtension.interceptTestMethod(TimeoutExtension.java:84)
	at org.junit.jupiter.engine.descriptor.TestMethodTestDescriptor$$Lambda$111/1780132728.apply(Unknown Source)
	at org.junit.jupiter.engine.execution.ExecutableInvoker$ReflectiveInterceptorCall.lambda$ofVoidMethod$0(ExecutableInvoker.java:115)
	at org.junit.jupiter.engine.execution.ExecutableInvoker$ReflectiveInterceptorCall$$Lambda$112/1725017993.apply(Unknown Source)
	at org.junit.jupiter.engine.execution.ExecutableInvoker.lambda$invoke$0(ExecutableInvoker.java:105)
	at org.junit.jupiter.engine.execution.ExecutableInvoker$$Lambda$234/64133603.apply(Unknown Source)
	at org.junit.jupiter.engine.execution.InvocationInterceptorChain$InterceptedInvocation.proceed(InvocationInterceptorChain.java:106)
	at org.junit.jupiter.engine.execution.InvocationInterceptorChain.proceed(InvocationInterceptorChain.java:64)
	at org.junit.jupiter.engine.execution.InvocationInterceptorChain.chainAndInvoke(InvocationInterceptorChain.java:45)
	at org.junit.jupiter.engine.execution.InvocationInterceptorChain.invoke(InvocationInterceptorChain.java:37)
	at org.junit.jupiter.engine.execution.ExecutableInvoker.invoke(ExecutableInvoker.java:104)
	at org.junit.jupiter.engine.execution.ExecutableInvoker.invoke(ExecutableInvoker.java:98)
	at org.junit.jupiter.engine.descriptor.TestMethodTestDescriptor.lambda$invokeTestMethod$6(TestMethodTestDescriptor.java:212)
	at org.junit.jupiter.engine.descriptor.TestMethodTestDescriptor$$Lambda$271/224100622.execute(Unknown Source)
	at org.junit.platform.engine.support.hierarchical.ThrowableCollector.execute(ThrowableCollector.java:73)
	at org.junit.jupiter.engine.descriptor.TestMethodTestDescriptor.invokeTestMethod(TestMethodTestDescriptor.java:208)
	at org.junit.jupiter.engine.descriptor.TestMethodTestDescriptor.execute(TestMethodTestDescriptor.java:137)
	at org.junit.jupiter.engine.descriptor.TestMethodTestDescriptor.execute(TestMethodTestDescriptor.java:71)
	at org.junit.platform.engine.support.hierarchical.NodeTestTask.lambda$executeRecursively$5(NodeTestTask.java:135)
	at org.junit.platform.engine.support.hierarchical.NodeTestTask$$Lambda$179/195615004.execute(Unknown Source)
	at org.junit.platform.engine.support.hierarchical.ThrowableCollector.execute(ThrowableCollector.java:73)
	at org.junit.platform.engine.support.hierarchical.NodeTestTask.lambda$executeRecursively$7(NodeTestTask.java:125)
	at org.junit.platform.engine.support.hierarchical.NodeTestTask$$Lambda$178/1890627974.invoke(Unknown Source)
	at org.junit.platform.engine.support.hierarchical.Node.around(Node.java:135)
	at org.junit.platform.engine.support.hierarchical.NodeTestTask.lambda$executeRecursively$8(NodeTestTask.java:123)
	at org.junit.platform.engine.support.hierarchical.NodeTestTask$$Lambda$177/231977479.execute(Unknown Source)
	at org.junit.platform.engine.support.hierarchical.ThrowableCollector.execute(ThrowableCollector.java:73)
	at org.junit.platform.engine.support.hierarchical.NodeTestTask.executeRecursively(NodeTestTask.java:122)
	at org.junit.platform.engine.support.hierarchical.NodeTestTask.execute(NodeTestTask.java:80)
	at org.junit.platform.engine.support.hierarchical.SameThreadHierarchicalTestExecutorService$$Lambda$183/1381713434.accept(Unknown Source)
	at java.util.ArrayList.forEach(ArrayList.java:1249)
	at org.junit.platform.engine.support.hierarchical.SameThreadHierarchicalTestExecutorService.invokeAll(SameThreadHierarchicalTestExecutorService.java:38)
	at org.junit.platform.engine.support.hierarchical.NodeTestTask.lambda$executeRecursively$5(NodeTestTask.java:139)
	at org.junit.platform.engine.support.hierarchical.NodeTestTask$$Lambda$179/195615004.execute(Unknown Source)
	at org.junit.platform.engine.support.hierarchical.ThrowableCollector.execute(ThrowableCollector.java:73)
	at org.junit.platform.engine.support.hierarchical.NodeTestTask.lambda$executeRecursively$7(NodeTestTask.java:125)
	at org.junit.platform.engine.support.hierarchical.NodeTestTask$$Lambda$178/1890627974.invoke(Unknown Source)
	at org.junit.platform.engine.support.hierarchical.Node.around(Node.java:135)
	at org.junit.platform.engine.support.hierarchical.NodeTestTask.lambda$executeRecursively$8(NodeTestTask.java:123)
	at org.junit.platform.engine.support.hierarchical.NodeTestTask$$Lambda$177/231977479.execute(Unknown Source)
	at org.junit.platform.engine.support.hierarchical.ThrowableCollector.execute(ThrowableCollector.java:73)
	at org.junit.platform.engine.support.hierarchical.NodeTestTask.executeRecursively(NodeTestTask.java:122)
	at org.junit.platform.engine.support.hierarchical.NodeTestTask.execute(NodeTestTask.java:80)
	at org.junit.platform.engine.support.hierarchical.SameThreadHierarchicalTestExecutorService$$Lambda$183/1381713434.accept(Unknown Source)
	at java.util.ArrayList.forEach(ArrayList.java:1249)
	at org.junit.platform.engine.support.hierarchical.SameThreadHierarchicalTestExecutorService.invokeAll(SameThreadHierarchicalTestExecutorService.java:38)
	at org.junit.platform.engine.support.hierarchical.NodeTestTask.lambda$executeRecursively$5(NodeTestTask.java:139)
	at org.junit.platform.engine.support.hierarchical.NodeTestTask$$Lambda$179/195615004.execute(Unknown Source)
	at org.junit.platform.engine.support.hierarchical.ThrowableCollector.execute(ThrowableCollector.java:73)
	at org.junit.platform.engine.support.hierarchical.NodeTestTask.lambda$executeRecursively$7(NodeTestTask.java:125)
	at org.junit.platform.engine.support.hierarchical.NodeTestTask$$Lambda$178/1890627974.invoke(Unknown Source)
	at org.junit.platform.engine.support.hierarchical.Node.around(Node.java:135)
	at org.junit.platform.engine.support.hierarchical.NodeTestTask.lambda$executeRecursively$8(NodeTestTask.java:123)
	at org.junit.platform.engine.support.hierarchical.NodeTestTask$$Lambda$177/231977479.execute(Unknown Source)
	at org.junit.platform.engine.support.hierarchical.ThrowableCollector.execute(ThrowableCollector.java:73)
	at org.junit.platform.engine.support.hierarchical.NodeTestTask.executeRecursively(NodeTestTask.java:122)
	at org.junit.platform.engine.support.hierarchical.NodeTestTask.execute(NodeTestTask.java:80)
	at org.junit.platform.engine.support.hierarchical.SameThreadHierarchicalTestExecutorService.submit(SameThreadHierarchicalTestExecutorService.java:32)
	at org.junit.platform.engine.support.hierarchical.HierarchicalTestExecutor.execute(HierarchicalTestExecutor.java:57)
	at org.junit.platform.engine.support.hierarchical.HierarchicalTestEngine.execute(HierarchicalTestEngine.java:51)
	at org.junit.platform.launcher.core.DefaultLauncher.execute(DefaultLauncher.java:248)
	at org.junit.platform.launcher.core.DefaultLauncher.lambda$execute$5(DefaultLauncher.java:211)
	at org.junit.platform.launcher.core.DefaultLauncher$$Lambda$143/233996206.accept(Unknown Source)
	at org.junit.platform.launcher.core.DefaultLauncher.withInterceptedStreams(DefaultLauncher.java:226)
	at org.junit.platform.launcher.core.DefaultLauncher.execute(DefaultLauncher.java:199)
	at org.junit.platform.launcher.core.DefaultLauncher.execute(DefaultLauncher.java:132)
	at org.apache.maven.surefire.junitplatform.JUnitPlatformProvider.invokeAllTests(JUnitPlatformProvider.java:142)
	at org.apache.maven.surefire.junitplatform.JUnitPlatformProvider.invoke(JUnitPlatformProvider.java:113)
	at org.apache.maven.surefire.booter.ForkedBooter.invokeProviderInSameClassLoader(ForkedBooter.java:384)
	at org.apache.maven.surefire.booter.ForkedBooter.runSuitesInProcess(ForkedBooter.java:345)
	at org.apache.maven.surefire.booter.ForkedBooter.execute(ForkedBooter.java:126)
	at org.apache.maven.surefire.booter.ForkedBooter.main(ForkedBooter.java:418)
2021-11-08 11:19:16,506 [myid:] - INFO  [main:FourLetterWordMain@94] - connecting to 127.0.0.1 30197
2021-11-08 11:19:16,507 [myid:1] - WARN  [nioEventLoopGroup-90-8:NettyServerCnxnFactory$CnxnChannelHandler@231] - Zookeeper server is not running, close the connection before starting the TLS handshake
2021-11-08 11:19:16,521 [myid:] - INFO  [main:ClientBase@267] - server 127.0.0.1:30197 not up
java.net.SocketException: Software caused connection abort: recv failed
	at java.net.SocketInputStream.socketRead0(Native Method)
	at java.net.SocketInputStream.read(SocketInputStream.java:150)
	at java.net.SocketInputStream.read(SocketInputStream.java:121)
	at sun.nio.cs.StreamDecoder.readBytes(StreamDecoder.java:284)
	at sun.nio.cs.StreamDecoder.implRead(StreamDecoder.java:326)
	at sun.nio.cs.StreamDecoder.read(StreamDecoder.java:178)
	at java.io.InputStreamReader.read(InputStreamReader.java:184)
	at java.io.BufferedReader.fill(BufferedReader.java:161)
	at java.io.BufferedReader.readLine(BufferedReader.java:324)
	at java.io.BufferedReader.readLine(BufferedReader.java:389)
	at org.apache.zookeeper.client.FourLetterWordMain.send4LetterWord(FourLetterWordMain.java:129)
	at org.apache.zookeeper.client.FourLetterWordMain.send4LetterWord(FourLetterWordMain.java:74)
	at org.apache.zookeeper.test.ClientBase.waitForServerUp(ClientBase.java:258)
	at org.apache.zookeeper.test.ClientBase.waitForServerUp(ClientBase.java:249)
	at org.apache.zookeeper.server.quorum.QuorumSSLTest.testHostnameVerification(QuorumSSLTest.java:671)
	at org.apache.zookeeper.server.quorum.QuorumSSLTest.testHostnameVerificationWithInvalidIpAddressAndInvalidHostname(QuorumSSLTest.java:600)
	at sun.reflect.NativeMethodAccessorImpl.invoke0(Native Method)
	at sun.reflect.NativeMethodAccessorImpl.invoke(NativeMethodAccessorImpl.java:62)
	at sun.reflect.DelegatingMethodAccessorImpl.invoke(DelegatingMethodAccessorImpl.java:43)
	at java.lang.reflect.Method.invoke(Method.java:483)
	at org.junit.platform.commons.util.ReflectionUtils.invokeMethod(ReflectionUtils.java:686)
	at org.junit.jupiter.engine.execution.MethodInvocation.proceed(MethodInvocation.java:60)
	at org.junit.jupiter.engine.execution.InvocationInterceptorChain$ValidatingInvocation.proceed(InvocationInterceptorChain.java:131)
	at org.junit.jupiter.engine.extension.TimeoutInvocation.proceed(TimeoutInvocation.java:46)
	at org.junit.jupiter.engine.extension.TimeoutExtension.intercept(TimeoutExtension.java:149)
	at org.junit.jupiter.engine.extension.TimeoutExtension.interceptTestableMethod(TimeoutExtension.java:140)
	at org.junit.jupiter.engine.extension.TimeoutExtension.interceptTestMethod(TimeoutExtension.java:84)
	at org.junit.jupiter.engine.descriptor.TestMethodTestDescriptor$$Lambda$111/1780132728.apply(Unknown Source)
	at org.junit.jupiter.engine.execution.ExecutableInvoker$ReflectiveInterceptorCall.lambda$ofVoidMethod$0(ExecutableInvoker.java:115)
	at org.junit.jupiter.engine.execution.ExecutableInvoker$ReflectiveInterceptorCall$$Lambda$112/1725017993.apply(Unknown Source)
	at org.junit.jupiter.engine.execution.ExecutableInvoker.lambda$invoke$0(ExecutableInvoker.java:105)
	at org.junit.jupiter.engine.execution.ExecutableInvoker$$Lambda$234/64133603.apply(Unknown Source)
	at org.junit.jupiter.engine.execution.InvocationInterceptorChain$InterceptedInvocation.proceed(InvocationInterceptorChain.java:106)
	at org.junit.jupiter.engine.execution.InvocationInterceptorChain.proceed(InvocationInterceptorChain.java:64)
	at org.junit.jupiter.engine.execution.InvocationInterceptorChain.chainAndInvoke(InvocationInterceptorChain.java:45)
	at org.junit.jupiter.engine.execution.InvocationInterceptorChain.invoke(InvocationInterceptorChain.java:37)
	at org.junit.jupiter.engine.execution.ExecutableInvoker.invoke(ExecutableInvoker.java:104)
	at org.junit.jupiter.engine.execution.ExecutableInvoker.invoke(ExecutableInvoker.java:98)
	at org.junit.jupiter.engine.descriptor.TestMethodTestDescriptor.lambda$invokeTestMethod$6(TestMethodTestDescriptor.java:212)
	at org.junit.jupiter.engine.descriptor.TestMethodTestDescriptor$$Lambda$271/224100622.execute(Unknown Source)
	at org.junit.platform.engine.support.hierarchical.ThrowableCollector.execute(ThrowableCollector.java:73)
	at org.junit.jupiter.engine.descriptor.TestMethodTestDescriptor.invokeTestMethod(TestMethodTestDescriptor.java:208)
	at org.junit.jupiter.engine.descriptor.TestMethodTestDescriptor.execute(TestMethodTestDescriptor.java:137)
	at org.junit.jupiter.engine.descriptor.TestMethodTestDescriptor.execute(TestMethodTestDescriptor.java:71)
	at org.junit.platform.engine.support.hierarchical.NodeTestTask.lambda$executeRecursively$5(NodeTestTask.java:135)
	at org.junit.platform.engine.support.hierarchical.NodeTestTask$$Lambda$179/195615004.execute(Unknown Source)
	at org.junit.platform.engine.support.hierarchical.ThrowableCollector.execute(ThrowableCollector.java:73)
	at org.junit.platform.engine.support.hierarchical.NodeTestTask.lambda$executeRecursively$7(NodeTestTask.java:125)
	at org.junit.platform.engine.support.hierarchical.NodeTestTask$$Lambda$178/1890627974.invoke(Unknown Source)
	at org.junit.platform.engine.support.hierarchical.Node.around(Node.java:135)
	at org.junit.platform.engine.support.hierarchical.NodeTestTask.lambda$executeRecursively$8(NodeTestTask.java:123)
	at org.junit.platform.engine.support.hierarchical.NodeTestTask$$Lambda$177/231977479.execute(Unknown Source)
	at org.junit.platform.engine.support.hierarchical.ThrowableCollector.execute(ThrowableCollector.java:73)
	at org.junit.platform.engine.support.hierarchical.NodeTestTask.executeRecursively(NodeTestTask.java:122)
	at org.junit.platform.engine.support.hierarchical.NodeTestTask.execute(NodeTestTask.java:80)
	at org.junit.platform.engine.support.hierarchical.SameThreadHierarchicalTestExecutorService$$Lambda$183/1381713434.accept(Unknown Source)
	at java.util.ArrayList.forEach(ArrayList.java:1249)
	at org.junit.platform.engine.support.hierarchical.SameThreadHierarchicalTestExecutorService.invokeAll(SameThreadHierarchicalTestExecutorService.java:38)
	at org.junit.platform.engine.support.hierarchical.NodeTestTask.lambda$executeRecursively$5(NodeTestTask.java:139)
	at org.junit.platform.engine.support.hierarchical.NodeTestTask$$Lambda$179/195615004.execute(Unknown Source)
	at org.junit.platform.engine.support.hierarchical.ThrowableCollector.execute(ThrowableCollector.java:73)
	at org.junit.platform.engine.support.hierarchical.NodeTestTask.lambda$executeRecursively$7(NodeTestTask.java:125)
	at org.junit.platform.engine.support.hierarchical.NodeTestTask$$Lambda$178/1890627974.invoke(Unknown Source)
	at org.junit.platform.engine.support.hierarchical.Node.around(Node.java:135)
	at org.junit.platform.engine.support.hierarchical.NodeTestTask.lambda$executeRecursively$8(NodeTestTask.java:123)
	at org.junit.platform.engine.support.hierarchical.NodeTestTask$$Lambda$177/231977479.execute(Unknown Source)
	at org.junit.platform.engine.support.hierarchical.ThrowableCollector.execute(ThrowableCollector.java:73)
	at org.junit.platform.engine.support.hierarchical.NodeTestTask.executeRecursively(NodeTestTask.java:122)
	at org.junit.platform.engine.support.hierarchical.NodeTestTask.execute(NodeTestTask.java:80)
	at org.junit.platform.engine.support.hierarchical.SameThreadHierarchicalTestExecutorService$$Lambda$183/1381713434.accept(Unknown Source)
	at java.util.ArrayList.forEach(ArrayList.java:1249)
	at org.junit.platform.engine.support.hierarchical.SameThreadHierarchicalTestExecutorService.invokeAll(SameThreadHierarchicalTestExecutorService.java:38)
	at org.junit.platform.engine.support.hierarchical.NodeTestTask.lambda$executeRecursively$5(NodeTestTask.java:139)
	at org.junit.platform.engine.support.hierarchical.NodeTestTask$$Lambda$179/195615004.execute(Unknown Source)
	at org.junit.platform.engine.support.hierarchical.ThrowableCollector.execute(ThrowableCollector.java:73)
	at org.junit.platform.engine.support.hierarchical.NodeTestTask.lambda$executeRecursively$7(NodeTestTask.java:125)
	at org.junit.platform.engine.support.hierarchical.NodeTestTask$$Lambda$178/1890627974.invoke(Unknown Source)
	at org.junit.platform.engine.support.hierarchical.Node.around(Node.java:135)
	at org.junit.platform.engine.support.hierarchical.NodeTestTask.lambda$executeRecursively$8(NodeTestTask.java:123)
	at org.junit.platform.engine.support.hierarchical.NodeTestTask$$Lambda$177/231977479.execute(Unknown Source)
	at org.junit.platform.engine.support.hierarchical.ThrowableCollector.execute(ThrowableCollector.java:73)
	at org.junit.platform.engine.support.hierarchical.NodeTestTask.executeRecursively(NodeTestTask.java:122)
	at org.junit.platform.engine.support.hierarchical.NodeTestTask.execute(NodeTestTask.java:80)
	at org.junit.platform.engine.support.hierarchical.SameThreadHierarchicalTestExecutorService.submit(SameThreadHierarchicalTestExecutorService.java:32)
	at org.junit.platform.engine.support.hierarchical.HierarchicalTestExecutor.execute(HierarchicalTestExecutor.java:57)
	at org.junit.platform.engine.support.hierarchical.HierarchicalTestEngine.execute(HierarchicalTestEngine.java:51)
	at org.junit.platform.launcher.core.DefaultLauncher.execute(DefaultLauncher.java:248)
	at org.junit.platform.launcher.core.DefaultLauncher.lambda$execute$5(DefaultLauncher.java:211)
	at org.junit.platform.launcher.core.DefaultLauncher$$Lambda$143/233996206.accept(Unknown Source)
	at org.junit.platform.launcher.core.DefaultLauncher.withInterceptedStreams(DefaultLauncher.java:226)
	at org.junit.platform.launcher.core.DefaultLauncher.execute(DefaultLauncher.java:199)
	at org.junit.platform.launcher.core.DefaultLauncher.execute(DefaultLauncher.java:132)
	at org.apache.maven.surefire.junitplatform.JUnitPlatformProvider.invokeAllTests(JUnitPlatformProvider.java:142)
	at org.apache.maven.surefire.junitplatform.JUnitPlatformProvider.invoke(JUnitPlatformProvider.java:113)
	at org.apache.maven.surefire.booter.ForkedBooter.invokeProviderInSameClassLoader(ForkedBooter.java:384)
	at org.apache.maven.surefire.booter.ForkedBooter.runSuitesInProcess(ForkedBooter.java:345)
	at org.apache.maven.surefire.booter.ForkedBooter.execute(ForkedBooter.java:126)
	at org.apache.maven.surefire.booter.ForkedBooter.main(ForkedBooter.java:418)
2021-11-08 11:19:16,787 [myid:] - INFO  [main:FourLetterWordMain@94] - connecting to 127.0.0.1 30197
2021-11-08 11:19:16,787 [myid:1] - WARN  [nioEventLoopGroup-90-9:NettyServerCnxnFactory$CnxnChannelHandler@231] - Zookeeper server is not running, close the connection before starting the TLS handshake
2021-11-08 11:19:17,053 [myid:] - INFO  [main:FourLetterWordMain@94] - connecting to 127.0.0.1 30197
2021-11-08 11:19:17,053 [myid:1] - WARN  [nioEventLoopGroup-90-10:NettyServerCnxnFactory$CnxnChannelHandler@231] - Zookeeper server is not running, close the connection before starting the TLS handshake
2021-11-08 11:19:17,308 [myid:] - INFO  [main:FourLetterWordMain@94] - connecting to 127.0.0.1 30197
2021-11-08 11:19:17,308 [myid:1] - WARN  [nioEventLoopGroup-90-11:NettyServerCnxnFactory$CnxnChannelHandler@231] - Zookeeper server is not running, close the connection before starting the TLS handshake
2021-11-08 11:19:17,572 [myid:] - INFO  [main:FourLetterWordMain@94] - connecting to 127.0.0.1 30197
2021-11-08 11:19:17,572 [myid:1] - WARN  [nioEventLoopGroup-90-12:NettyServerCnxnFactory$CnxnChannelHandler@231] - Zookeeper server is not running, close the connection before starting the TLS handshake
2021-11-08 11:19:17,827 [myid:] - INFO  [main:FourLetterWordMain@94] - connecting to 127.0.0.1 30197
2021-11-08 11:19:17,828 [myid:1] - WARN  [nioEventLoopGroup-90-1:NettyServerCnxnFactory$CnxnChannelHandler@231] - Zookeeper server is not running, close the connection before starting the TLS handshake
2021-11-08 11:19:18,092 [myid:] - INFO  [main:FourLetterWordMain@94] - connecting to 127.0.0.1 30197
2021-11-08 11:19:18,092 [myid:1] - WARN  [nioEventLoopGroup-90-2:NettyServerCnxnFactory$CnxnChannelHandler@231] - Zookeeper server is not running, close the connection before starting the TLS handshake
2021-11-08 11:19:18,357 [myid:] - INFO  [main:FourLetterWordMain@94] - connecting to 127.0.0.1 30197
2021-11-08 11:19:18,359 [myid:1] - WARN  [nioEventLoopGroup-90-3:NettyServerCnxnFactory$CnxnChannelHandler@231] - Zookeeper server is not running, close the connection before starting the TLS handshake
2021-11-08 11:19:18,610 [myid:] - INFO  [main:FourLetterWordMain@94] - connecting to 127.0.0.1 30197
2021-11-08 11:19:18,612 [myid:1] - WARN  [nioEventLoopGroup-90-4:NettyServerCnxnFactory$CnxnChannelHandler@231] - Zookeeper server is not running, close the connection before starting the TLS handshake
2021-11-08 11:19:18,877 [myid:] - INFO  [main:FourLetterWordMain@94] - connecting to 127.0.0.1 30197
2021-11-08 11:19:18,879 [myid:1] - WARN  [nioEventLoopGroup-90-5:NettyServerCnxnFactory$CnxnChannelHandler@231] - Zookeeper server is not running, close the connection before starting the TLS handshake
2021-11-08 11:19:19,144 [myid:] - INFO  [main:FourLetterWordMain@94] - connecting to 127.0.0.1 30197
2021-11-08 11:19:19,145 [myid:1] - WARN  [nioEventLoopGroup-90-6:NettyServerCnxnFactory$CnxnChannelHandler@231] - Zookeeper server is not running, close the connection before starting the TLS handshake
2021-11-08 11:19:19,408 [myid:] - INFO  [main:FourLetterWordMain@94] - connecting to 127.0.0.1 30197
2021-11-08 11:19:19,410 [myid:1] - WARN  [nioEventLoopGroup-90-7:NettyServerCnxnFactory$CnxnChannelHandler@231] - Zookeeper server is not running, close the connection before starting the TLS handshake
2021-11-08 11:19:19,663 [myid:] - INFO  [main:FourLetterWordMain@94] - connecting to 127.0.0.1 30197
2021-11-08 11:19:19,663 [myid:1] - WARN  [nioEventLoopGroup-90-8:NettyServerCnxnFactory$CnxnChannelHandler@231] - Zookeeper server is not running, close the connection before starting the TLS handshake
2021-11-08 11:19:19,679 [myid:] - INFO  [main:ClientBase@267] - server 127.0.0.1:30197 not up
java.net.SocketException: Software caused connection abort: recv failed
	at java.net.SocketInputStream.socketRead0(Native Method)
	at java.net.SocketInputStream.read(SocketInputStream.java:150)
	at java.net.SocketInputStream.read(SocketInputStream.java:121)
	at sun.nio.cs.StreamDecoder.readBytes(StreamDecoder.java:284)
	at sun.nio.cs.StreamDecoder.implRead(StreamDecoder.java:326)
	at sun.nio.cs.StreamDecoder.read(StreamDecoder.java:178)
	at java.io.InputStreamReader.read(InputStreamReader.java:184)
	at java.io.BufferedReader.fill(BufferedReader.java:161)
	at java.io.BufferedReader.readLine(BufferedReader.java:324)
	at java.io.BufferedReader.readLine(BufferedReader.java:389)
	at org.apache.zookeeper.client.FourLetterWordMain.send4LetterWord(FourLetterWordMain.java:129)
	at org.apache.zookeeper.client.FourLetterWordMain.send4LetterWord(FourLetterWordMain.java:74)
	at org.apache.zookeeper.test.ClientBase.waitForServerUp(ClientBase.java:258)
	at org.apache.zookeeper.test.ClientBase.waitForServerUp(ClientBase.java:249)
	at org.apache.zookeeper.server.quorum.QuorumSSLTest.testHostnameVerification(QuorumSSLTest.java:671)
	at org.apache.zookeeper.server.quorum.QuorumSSLTest.testHostnameVerificationWithInvalidIpAddressAndInvalidHostname(QuorumSSLTest.java:600)
	at sun.reflect.NativeMethodAccessorImpl.invoke0(Native Method)
	at sun.reflect.NativeMethodAccessorImpl.invoke(NativeMethodAccessorImpl.java:62)
	at sun.reflect.DelegatingMethodAccessorImpl.invoke(DelegatingMethodAccessorImpl.java:43)
	at java.lang.reflect.Method.invoke(Method.java:483)
	at org.junit.platform.commons.util.ReflectionUtils.invokeMethod(ReflectionUtils.java:686)
	at org.junit.jupiter.engine.execution.MethodInvocation.proceed(MethodInvocation.java:60)
	at org.junit.jupiter.engine.execution.InvocationInterceptorChain$ValidatingInvocation.proceed(InvocationInterceptorChain.java:131)
	at org.junit.jupiter.engine.extension.TimeoutInvocation.proceed(TimeoutInvocation.java:46)
	at org.junit.jupiter.engine.extension.TimeoutExtension.intercept(TimeoutExtension.java:149)
	at org.junit.jupiter.engine.extension.TimeoutExtension.interceptTestableMethod(TimeoutExtension.java:140)
	at org.junit.jupiter.engine.extension.TimeoutExtension.interceptTestMethod(TimeoutExtension.java:84)
	at org.junit.jupiter.engine.descriptor.TestMethodTestDescriptor$$Lambda$111/1780132728.apply(Unknown Source)
	at org.junit.jupiter.engine.execution.ExecutableInvoker$ReflectiveInterceptorCall.lambda$ofVoidMethod$0(ExecutableInvoker.java:115)
	at org.junit.jupiter.engine.execution.ExecutableInvoker$ReflectiveInterceptorCall$$Lambda$112/1725017993.apply(Unknown Source)
	at org.junit.jupiter.engine.execution.ExecutableInvoker.lambda$invoke$0(ExecutableInvoker.java:105)
	at org.junit.jupiter.engine.execution.ExecutableInvoker$$Lambda$234/64133603.apply(Unknown Source)
	at org.junit.jupiter.engine.execution.InvocationInterceptorChain$InterceptedInvocation.proceed(InvocationInterceptorChain.java:106)
	at org.junit.jupiter.engine.execution.InvocationInterceptorChain.proceed(InvocationInterceptorChain.java:64)
	at org.junit.jupiter.engine.execution.InvocationInterceptorChain.chainAndInvoke(InvocationInterceptorChain.java:45)
	at org.junit.jupiter.engine.execution.InvocationInterceptorChain.invoke(InvocationInterceptorChain.java:37)
	at org.junit.jupiter.engine.execution.ExecutableInvoker.invoke(ExecutableInvoker.java:104)
	at org.junit.jupiter.engine.execution.ExecutableInvoker.invoke(ExecutableInvoker.java:98)
	at org.junit.jupiter.engine.descriptor.TestMethodTestDescriptor.lambda$invokeTestMethod$6(TestMethodTestDescriptor.java:212)
	at org.junit.jupiter.engine.descriptor.TestMethodTestDescriptor$$Lambda$271/224100622.execute(Unknown Source)
	at org.junit.platform.engine.support.hierarchical.ThrowableCollector.execute(ThrowableCollector.java:73)
	at org.junit.jupiter.engine.descriptor.TestMethodTestDescriptor.invokeTestMethod(TestMethodTestDescriptor.java:208)
	at org.junit.jupiter.engine.descriptor.TestMethodTestDescriptor.execute(TestMethodTestDescriptor.java:137)
	at org.junit.jupiter.engine.descriptor.TestMethodTestDescriptor.execute(TestMethodTestDescriptor.java:71)
	at org.junit.platform.engine.support.hierarchical.NodeTestTask.lambda$executeRecursively$5(NodeTestTask.java:135)
	at org.junit.platform.engine.support.hierarchical.NodeTestTask$$Lambda$179/195615004.execute(Unknown Source)
	at org.junit.platform.engine.support.hierarchical.ThrowableCollector.execute(ThrowableCollector.java:73)
	at org.junit.platform.engine.support.hierarchical.NodeTestTask.lambda$executeRecursively$7(NodeTestTask.java:125)
	at org.junit.platform.engine.support.hierarchical.NodeTestTask$$Lambda$178/1890627974.invoke(Unknown Source)
	at org.junit.platform.engine.support.hierarchical.Node.around(Node.java:135)
	at org.junit.platform.engine.support.hierarchical.NodeTestTask.lambda$executeRecursively$8(NodeTestTask.java:123)
	at org.junit.platform.engine.support.hierarchical.NodeTestTask$$Lambda$177/231977479.execute(Unknown Source)
	at org.junit.platform.engine.support.hierarchical.ThrowableCollector.execute(ThrowableCollector.java:73)
	at org.junit.platform.engine.support.hierarchical.NodeTestTask.executeRecursively(NodeTestTask.java:122)
	at org.junit.platform.engine.support.hierarchical.NodeTestTask.execute(NodeTestTask.java:80)
	at org.junit.platform.engine.support.hierarchical.SameThreadHierarchicalTestExecutorService$$Lambda$183/1381713434.accept(Unknown Source)
	at java.util.ArrayList.forEach(ArrayList.java:1249)
	at org.junit.platform.engine.support.hierarchical.SameThreadHierarchicalTestExecutorService.invokeAll(SameThreadHierarchicalTestExecutorService.java:38)
	at org.junit.platform.engine.support.hierarchical.NodeTestTask.lambda$executeRecursively$5(NodeTestTask.java:139)
	at org.junit.platform.engine.support.hierarchical.NodeTestTask$$Lambda$179/195615004.execute(Unknown Source)
	at org.junit.platform.engine.support.hierarchical.ThrowableCollector.execute(ThrowableCollector.java:73)
	at org.junit.platform.engine.support.hierarchical.NodeTestTask.lambda$executeRecursively$7(NodeTestTask.java:125)
	at org.junit.platform.engine.support.hierarchical.NodeTestTask$$Lambda$178/1890627974.invoke(Unknown Source)
	at org.junit.platform.engine.support.hierarchical.Node.around(Node.java:135)
	at org.junit.platform.engine.support.hierarchical.NodeTestTask.lambda$executeRecursively$8(NodeTestTask.java:123)
	at org.junit.platform.engine.support.hierarchical.NodeTestTask$$Lambda$177/231977479.execute(Unknown Source)
	at org.junit.platform.engine.support.hierarchical.ThrowableCollector.execute(ThrowableCollector.java:73)
	at org.junit.platform.engine.support.hierarchical.NodeTestTask.executeRecursively(NodeTestTask.java:122)
	at org.junit.platform.engine.support.hierarchical.NodeTestTask.execute(NodeTestTask.java:80)
	at org.junit.platform.engine.support.hierarchical.SameThreadHierarchicalTestExecutorService$$Lambda$183/1381713434.accept(Unknown Source)
	at java.util.ArrayList.forEach(ArrayList.java:1249)
	at org.junit.platform.engine.support.hierarchical.SameThreadHierarchicalTestExecutorService.invokeAll(SameThreadHierarchicalTestExecutorService.java:38)
	at org.junit.platform.engine.support.hierarchical.NodeTestTask.lambda$executeRecursively$5(NodeTestTask.java:139)
	at org.junit.platform.engine.support.hierarchical.NodeTestTask$$Lambda$179/195615004.execute(Unknown Source)
	at org.junit.platform.engine.support.hierarchical.ThrowableCollector.execute(ThrowableCollector.java:73)
	at org.junit.platform.engine.support.hierarchical.NodeTestTask.lambda$executeRecursively$7(NodeTestTask.java:125)
	at org.junit.platform.engine.support.hierarchical.NodeTestTask$$Lambda$178/1890627974.invoke(Unknown Source)
	at org.junit.platform.engine.support.hierarchical.Node.around(Node.java:135)
	at org.junit.platform.engine.support.hierarchical.NodeTestTask.lambda$executeRecursively$8(NodeTestTask.java:123)
	at org.junit.platform.engine.support.hierarchical.NodeTestTask$$Lambda$177/231977479.execute(Unknown Source)
	at org.junit.platform.engine.support.hierarchical.ThrowableCollector.execute(ThrowableCollector.java:73)
	at org.junit.platform.engine.support.hierarchical.NodeTestTask.executeRecursively(NodeTestTask.java:122)
	at org.junit.platform.engine.support.hierarchical.NodeTestTask.execute(NodeTestTask.java:80)
	at org.junit.platform.engine.support.hierarchical.SameThreadHierarchicalTestExecutorService.submit(SameThreadHierarchicalTestExecutorService.java:32)
	at org.junit.platform.engine.support.hierarchical.HierarchicalTestExecutor.execute(HierarchicalTestExecutor.java:57)
	at org.junit.platform.engine.support.hierarchical.HierarchicalTestEngine.execute(HierarchicalTestEngine.java:51)
	at org.junit.platform.launcher.core.DefaultLauncher.execute(DefaultLauncher.java:248)
	at org.junit.platform.launcher.core.DefaultLauncher.lambda$execute$5(DefaultLauncher.java:211)
	at org.junit.platform.launcher.core.DefaultLauncher$$Lambda$143/233996206.accept(Unknown Source)
	at org.junit.platform.launcher.core.DefaultLauncher.withInterceptedStreams(DefaultLauncher.java:226)
	at org.junit.platform.launcher.core.DefaultLauncher.execute(DefaultLauncher.java:199)
	at org.junit.platform.launcher.core.DefaultLauncher.execute(DefaultLauncher.java:132)
	at org.apache.maven.surefire.junitplatform.JUnitPlatformProvider.invokeAllTests(JUnitPlatformProvider.java:142)
	at org.apache.maven.surefire.junitplatform.JUnitPlatformProvider.invoke(JUnitPlatformProvider.java:113)
	at org.apache.maven.surefire.booter.ForkedBooter.invokeProviderInSameClassLoader(ForkedBooter.java:384)
	at org.apache.maven.surefire.booter.ForkedBooter.runSuitesInProcess(ForkedBooter.java:345)
	at org.apache.maven.surefire.booter.ForkedBooter.execute(ForkedBooter.java:126)
	at org.apache.maven.surefire.booter.ForkedBooter.main(ForkedBooter.java:418)
2021-11-08 11:19:19,931 [myid:] - INFO  [main:FourLetterWordMain@94] - connecting to 127.0.0.1 30197
2021-11-08 11:19:19,931 [myid:1] - WARN  [nioEventLoopGroup-90-9:NettyServerCnxnFactory$CnxnChannelHandler@231] - Zookeeper server is not running, close the connection before starting the TLS handshake
2021-11-08 11:19:20,184 [myid:] - INFO  [main:FourLetterWordMain@94] - connecting to 127.0.0.1 30197
2021-11-08 11:19:20,185 [myid:1] - WARN  [nioEventLoopGroup-90-10:NettyServerCnxnFactory$CnxnChannelHandler@231] - Zookeeper server is not running, close the connection before starting the TLS handshake
2021-11-08 11:19:20,436 [myid:] - INFO  [main:FourLetterWordMain@94] - connecting to 127.0.0.1 30197
2021-11-08 11:19:20,436 [myid:1] - WARN  [nioEventLoopGroup-90-11:NettyServerCnxnFactory$CnxnChannelHandler@231] - Zookeeper server is not running, close the connection before starting the TLS handshake
2021-11-08 11:19:20,451 [myid:] - INFO  [main:ClientBase@267] - server 127.0.0.1:30197 not up
java.net.SocketException: Software caused connection abort: recv failed
	at java.net.SocketInputStream.socketRead0(Native Method)
	at java.net.SocketInputStream.read(SocketInputStream.java:150)
	at java.net.SocketInputStream.read(SocketInputStream.java:121)
	at sun.nio.cs.StreamDecoder.readBytes(StreamDecoder.java:284)
	at sun.nio.cs.StreamDecoder.implRead(StreamDecoder.java:326)
	at sun.nio.cs.StreamDecoder.read(StreamDecoder.java:178)
	at java.io.InputStreamReader.read(InputStreamReader.java:184)
	at java.io.BufferedReader.fill(BufferedReader.java:161)
	at java.io.BufferedReader.readLine(BufferedReader.java:324)
	at java.io.BufferedReader.readLine(BufferedReader.java:389)
	at org.apache.zookeeper.client.FourLetterWordMain.send4LetterWord(FourLetterWordMain.java:129)
	at org.apache.zookeeper.client.FourLetterWordMain.send4LetterWord(FourLetterWordMain.java:74)
	at org.apache.zookeeper.test.ClientBase.waitForServerUp(ClientBase.java:258)
	at org.apache.zookeeper.test.ClientBase.waitForServerUp(ClientBase.java:249)
	at org.apache.zookeeper.server.quorum.QuorumSSLTest.testHostnameVerification(QuorumSSLTest.java:671)
	at org.apache.zookeeper.server.quorum.QuorumSSLTest.testHostnameVerificationWithInvalidIpAddressAndInvalidHostname(QuorumSSLTest.java:600)
	at sun.reflect.NativeMethodAccessorImpl.invoke0(Native Method)
	at sun.reflect.NativeMethodAccessorImpl.invoke(NativeMethodAccessorImpl.java:62)
	at sun.reflect.DelegatingMethodAccessorImpl.invoke(DelegatingMethodAccessorImpl.java:43)
	at java.lang.reflect.Method.invoke(Method.java:483)
	at org.junit.platform.commons.util.ReflectionUtils.invokeMethod(ReflectionUtils.java:686)
	at org.junit.jupiter.engine.execution.MethodInvocation.proceed(MethodInvocation.java:60)
	at org.junit.jupiter.engine.execution.InvocationInterceptorChain$ValidatingInvocation.proceed(InvocationInterceptorChain.java:131)
	at org.junit.jupiter.engine.extension.TimeoutInvocation.proceed(TimeoutInvocation.java:46)
	at org.junit.jupiter.engine.extension.TimeoutExtension.intercept(TimeoutExtension.java:149)
	at org.junit.jupiter.engine.extension.TimeoutExtension.interceptTestableMethod(TimeoutExtension.java:140)
	at org.junit.jupiter.engine.extension.TimeoutExtension.interceptTestMethod(TimeoutExtension.java:84)
	at org.junit.jupiter.engine.descriptor.TestMethodTestDescriptor$$Lambda$111/1780132728.apply(Unknown Source)
	at org.junit.jupiter.engine.execution.ExecutableInvoker$ReflectiveInterceptorCall.lambda$ofVoidMethod$0(ExecutableInvoker.java:115)
	at org.junit.jupiter.engine.execution.ExecutableInvoker$ReflectiveInterceptorCall$$Lambda$112/1725017993.apply(Unknown Source)
	at org.junit.jupiter.engine.execution.ExecutableInvoker.lambda$invoke$0(ExecutableInvoker.java:105)
	at org.junit.jupiter.engine.execution.ExecutableInvoker$$Lambda$234/64133603.apply(Unknown Source)
	at org.junit.jupiter.engine.execution.InvocationInterceptorChain$InterceptedInvocation.proceed(InvocationInterceptorChain.java:106)
	at org.junit.jupiter.engine.execution.InvocationInterceptorChain.proceed(InvocationInterceptorChain.java:64)
	at org.junit.jupiter.engine.execution.InvocationInterceptorChain.chainAndInvoke(InvocationInterceptorChain.java:45)
	at org.junit.jupiter.engine.execution.InvocationInterceptorChain.invoke(InvocationInterceptorChain.java:37)
	at org.junit.jupiter.engine.execution.ExecutableInvoker.invoke(ExecutableInvoker.java:104)
	at org.junit.jupiter.engine.execution.ExecutableInvoker.invoke(ExecutableInvoker.java:98)
	at org.junit.jupiter.engine.descriptor.TestMethodTestDescriptor.lambda$invokeTestMethod$6(TestMethodTestDescriptor.java:212)
	at org.junit.jupiter.engine.descriptor.TestMethodTestDescriptor$$Lambda$271/224100622.execute(Unknown Source)
	at org.junit.platform.engine.support.hierarchical.ThrowableCollector.execute(ThrowableCollector.java:73)
	at org.junit.jupiter.engine.descriptor.TestMethodTestDescriptor.invokeTestMethod(TestMethodTestDescriptor.java:208)
	at org.junit.jupiter.engine.descriptor.TestMethodTestDescriptor.execute(TestMethodTestDescriptor.java:137)
	at org.junit.jupiter.engine.descriptor.TestMethodTestDescriptor.execute(TestMethodTestDescriptor.java:71)
	at org.junit.platform.engine.support.hierarchical.NodeTestTask.lambda$executeRecursively$5(NodeTestTask.java:135)
	at org.junit.platform.engine.support.hierarchical.NodeTestTask$$Lambda$179/195615004.execute(Unknown Source)
	at org.junit.platform.engine.support.hierarchical.ThrowableCollector.execute(ThrowableCollector.java:73)
	at org.junit.platform.engine.support.hierarchical.NodeTestTask.lambda$executeRecursively$7(NodeTestTask.java:125)
	at org.junit.platform.engine.support.hierarchical.NodeTestTask$$Lambda$178/1890627974.invoke(Unknown Source)
	at org.junit.platform.engine.support.hierarchical.Node.around(Node.java:135)
	at org.junit.platform.engine.support.hierarchical.NodeTestTask.lambda$executeRecursively$8(NodeTestTask.java:123)
	at org.junit.platform.engine.support.hierarchical.NodeTestTask$$Lambda$177/231977479.execute(Unknown Source)
	at org.junit.platform.engine.support.hierarchical.ThrowableCollector.execute(ThrowableCollector.java:73)
	at org.junit.platform.engine.support.hierarchical.NodeTestTask.executeRecursively(NodeTestTask.java:122)
	at org.junit.platform.engine.support.hierarchical.NodeTestTask.execute(NodeTestTask.java:80)
	at org.junit.platform.engine.support.hierarchical.SameThreadHierarchicalTestExecutorService$$Lambda$183/1381713434.accept(Unknown Source)
	at java.util.ArrayList.forEach(ArrayList.java:1249)
	at org.junit.platform.engine.support.hierarchical.SameThreadHierarchicalTestExecutorService.invokeAll(SameThreadHierarchicalTestExecutorService.java:38)
	at org.junit.platform.engine.support.hierarchical.NodeTestTask.lambda$executeRecursively$5(NodeTestTask.java:139)
	at org.junit.platform.engine.support.hierarchical.NodeTestTask$$Lambda$179/195615004.execute(Unknown Source)
	at org.junit.platform.engine.support.hierarchical.ThrowableCollector.execute(ThrowableCollector.java:73)
	at org.junit.platform.engine.support.hierarchical.NodeTestTask.lambda$executeRecursively$7(NodeTestTask.java:125)
	at org.junit.platform.engine.support.hierarchical.NodeTestTask$$Lambda$178/1890627974.invoke(Unknown Source)
	at org.junit.platform.engine.support.hierarchical.Node.around(Node.java:135)
	at org.junit.platform.engine.support.hierarchical.NodeTestTask.lambda$executeRecursively$8(NodeTestTask.java:123)
	at org.junit.platform.engine.support.hierarchical.NodeTestTask$$Lambda$177/231977479.execute(Unknown Source)
	at org.junit.platform.engine.support.hierarchical.ThrowableCollector.execute(ThrowableCollector.java:73)
	at org.junit.platform.engine.support.hierarchical.NodeTestTask.executeRecursively(NodeTestTask.java:122)
	at org.junit.platform.engine.support.hierarchical.NodeTestTask.execute(NodeTestTask.java:80)
	at org.junit.platform.engine.support.hierarchical.SameThreadHierarchicalTestExecutorService$$Lambda$183/1381713434.accept(Unknown Source)
	at java.util.ArrayList.forEach(ArrayList.java:1249)
	at org.junit.platform.engine.support.hierarchical.SameThreadHierarchicalTestExecutorService.invokeAll(SameThreadHierarchicalTestExecutorService.java:38)
	at org.junit.platform.engine.support.hierarchical.NodeTestTask.lambda$executeRecursively$5(NodeTestTask.java:139)
	at org.junit.platform.engine.support.hierarchical.NodeTestTask$$Lambda$179/195615004.execute(Unknown Source)
	at org.junit.platform.engine.support.hierarchical.ThrowableCollector.execute(ThrowableCollector.java:73)
	at org.junit.platform.engine.support.hierarchical.NodeTestTask.lambda$executeRecursively$7(NodeTestTask.java:125)
	at org.junit.platform.engine.support.hierarchical.NodeTestTask$$Lambda$178/1890627974.invoke(Unknown Source)
	at org.junit.platform.engine.support.hierarchical.Node.around(Node.java:135)
	at org.junit.platform.engine.support.hierarchical.NodeTestTask.lambda$executeRecursively$8(NodeTestTask.java:123)
	at org.junit.platform.engine.support.hierarchical.NodeTestTask$$Lambda$177/231977479.execute(Unknown Source)
	at org.junit.platform.engine.support.hierarchical.ThrowableCollector.execute(ThrowableCollector.java:73)
	at org.junit.platform.engine.support.hierarchical.NodeTestTask.executeRecursively(NodeTestTask.java:122)
	at org.junit.platform.engine.support.hierarchical.NodeTestTask.execute(NodeTestTask.java:80)
	at org.junit.platform.engine.support.hierarchical.SameThreadHierarchicalTestExecutorService.submit(SameThreadHierarchicalTestExecutorService.java:32)
	at org.junit.platform.engine.support.hierarchical.HierarchicalTestExecutor.execute(HierarchicalTestExecutor.java:57)
	at org.junit.platform.engine.support.hierarchical.HierarchicalTestEngine.execute(HierarchicalTestEngine.java:51)
	at org.junit.platform.launcher.core.DefaultLauncher.execute(DefaultLauncher.java:248)
	at org.junit.platform.launcher.core.DefaultLauncher.lambda$execute$5(DefaultLauncher.java:211)
	at org.junit.platform.launcher.core.DefaultLauncher$$Lambda$143/233996206.accept(Unknown Source)
	at org.junit.platform.launcher.core.DefaultLauncher.withInterceptedStreams(DefaultLauncher.java:226)
	at org.junit.platform.launcher.core.DefaultLauncher.execute(DefaultLauncher.java:199)
	at org.junit.platform.launcher.core.DefaultLauncher.execute(DefaultLauncher.java:132)
	at org.apache.maven.surefire.junitplatform.JUnitPlatformProvider.invokeAllTests(JUnitPlatformProvider.java:142)
	at org.apache.maven.surefire.junitplatform.JUnitPlatformProvider.invoke(JUnitPlatformProvider.java:113)
	at org.apache.maven.surefire.booter.ForkedBooter.invokeProviderInSameClassLoader(ForkedBooter.java:384)
	at org.apache.maven.surefire.booter.ForkedBooter.runSuitesInProcess(ForkedBooter.java:345)
	at org.apache.maven.surefire.booter.ForkedBooter.execute(ForkedBooter.java:126)
	at org.apache.maven.surefire.booter.ForkedBooter.main(ForkedBooter.java:418)
2021-11-08 11:19:20,716 [myid:] - INFO  [main:FourLetterWordMain@94] - connecting to 127.0.0.1 30197
2021-11-08 11:19:20,717 [myid:1] - WARN  [nioEventLoopGroup-90-12:NettyServerCnxnFactory$CnxnChannelHandler@231] - Zookeeper server is not running, close the connection before starting the TLS handshake
2021-11-08 11:19:20,732 [myid:] - INFO  [main:ClientBase@267] - server 127.0.0.1:30197 not up
java.net.SocketException: Software caused connection abort: recv failed
	at java.net.SocketInputStream.socketRead0(Native Method)
	at java.net.SocketInputStream.read(SocketInputStream.java:150)
	at java.net.SocketInputStream.read(SocketInputStream.java:121)
	at sun.nio.cs.StreamDecoder.readBytes(StreamDecoder.java:284)
	at sun.nio.cs.StreamDecoder.implRead(StreamDecoder.java:326)
	at sun.nio.cs.StreamDecoder.read(StreamDecoder.java:178)
	at java.io.InputStreamReader.read(InputStreamReader.java:184)
	at java.io.BufferedReader.fill(BufferedReader.java:161)
	at java.io.BufferedReader.readLine(BufferedReader.java:324)
	at java.io.BufferedReader.readLine(BufferedReader.java:389)
	at org.apache.zookeeper.client.FourLetterWordMain.send4LetterWord(FourLetterWordMain.java:129)
	at org.apache.zookeeper.client.FourLetterWordMain.send4LetterWord(FourLetterWordMain.java:74)
	at org.apache.zookeeper.test.ClientBase.waitForServerUp(ClientBase.java:258)
	at org.apache.zookeeper.test.ClientBase.waitForServerUp(ClientBase.java:249)
	at org.apache.zookeeper.server.quorum.QuorumSSLTest.testHostnameVerification(QuorumSSLTest.java:671)
	at org.apache.zookeeper.server.quorum.QuorumSSLTest.testHostnameVerificationWithInvalidIpAddressAndInvalidHostname(QuorumSSLTest.java:600)
	at sun.reflect.NativeMethodAccessorImpl.invoke0(Native Method)
	at sun.reflect.NativeMethodAccessorImpl.invoke(NativeMethodAccessorImpl.java:62)
	at sun.reflect.DelegatingMethodAccessorImpl.invoke(DelegatingMethodAccessorImpl.java:43)
	at java.lang.reflect.Method.invoke(Method.java:483)
	at org.junit.platform.commons.util.ReflectionUtils.invokeMethod(ReflectionUtils.java:686)
	at org.junit.jupiter.engine.execution.MethodInvocation.proceed(MethodInvocation.java:60)
	at org.junit.jupiter.engine.execution.InvocationInterceptorChain$ValidatingInvocation.proceed(InvocationInterceptorChain.java:131)
	at org.junit.jupiter.engine.extension.TimeoutInvocation.proceed(TimeoutInvocation.java:46)
	at org.junit.jupiter.engine.extension.TimeoutExtension.intercept(TimeoutExtension.java:149)
	at org.junit.jupiter.engine.extension.TimeoutExtension.interceptTestableMethod(TimeoutExtension.java:140)
	at org.junit.jupiter.engine.extension.TimeoutExtension.interceptTestMethod(TimeoutExtension.java:84)
	at org.junit.jupiter.engine.descriptor.TestMethodTestDescriptor$$Lambda$111/1780132728.apply(Unknown Source)
	at org.junit.jupiter.engine.execution.ExecutableInvoker$ReflectiveInterceptorCall.lambda$ofVoidMethod$0(ExecutableInvoker.java:115)
	at org.junit.jupiter.engine.execution.ExecutableInvoker$ReflectiveInterceptorCall$$Lambda$112/1725017993.apply(Unknown Source)
	at org.junit.jupiter.engine.execution.ExecutableInvoker.lambda$invoke$0(ExecutableInvoker.java:105)
	at org.junit.jupiter.engine.execution.ExecutableInvoker$$Lambda$234/64133603.apply(Unknown Source)
	at org.junit.jupiter.engine.execution.InvocationInterceptorChain$InterceptedInvocation.proceed(InvocationInterceptorChain.java:106)
	at org.junit.jupiter.engine.execution.InvocationInterceptorChain.proceed(InvocationInterceptorChain.java:64)
	at org.junit.jupiter.engine.execution.InvocationInterceptorChain.chainAndInvoke(InvocationInterceptorChain.java:45)
	at org.junit.jupiter.engine.execution.InvocationInterceptorChain.invoke(InvocationInterceptorChain.java:37)
	at org.junit.jupiter.engine.execution.ExecutableInvoker.invoke(ExecutableInvoker.java:104)
	at org.junit.jupiter.engine.execution.ExecutableInvoker.invoke(ExecutableInvoker.java:98)
	at org.junit.jupiter.engine.descriptor.TestMethodTestDescriptor.lambda$invokeTestMethod$6(TestMethodTestDescriptor.java:212)
	at org.junit.jupiter.engine.descriptor.TestMethodTestDescriptor$$Lambda$271/224100622.execute(Unknown Source)
	at org.junit.platform.engine.support.hierarchical.ThrowableCollector.execute(ThrowableCollector.java:73)
	at org.junit.jupiter.engine.descriptor.TestMethodTestDescriptor.invokeTestMethod(TestMethodTestDescriptor.java:208)
	at org.junit.jupiter.engine.descriptor.TestMethodTestDescriptor.execute(TestMethodTestDescriptor.java:137)
	at org.junit.jupiter.engine.descriptor.TestMethodTestDescriptor.execute(TestMethodTestDescriptor.java:71)
	at org.junit.platform.engine.support.hierarchical.NodeTestTask.lambda$executeRecursively$5(NodeTestTask.java:135)
	at org.junit.platform.engine.support.hierarchical.NodeTestTask$$Lambda$179/195615004.execute(Unknown Source)
	at org.junit.platform.engine.support.hierarchical.ThrowableCollector.execute(ThrowableCollector.java:73)
	at org.junit.platform.engine.support.hierarchical.NodeTestTask.lambda$executeRecursively$7(NodeTestTask.java:125)
	at org.junit.platform.engine.support.hierarchical.NodeTestTask$$Lambda$178/1890627974.invoke(Unknown Source)
	at org.junit.platform.engine.support.hierarchical.Node.around(Node.java:135)
	at org.junit.platform.engine.support.hierarchical.NodeTestTask.lambda$executeRecursively$8(NodeTestTask.java:123)
	at org.junit.platform.engine.support.hierarchical.NodeTestTask$$Lambda$177/231977479.execute(Unknown Source)
	at org.junit.platform.engine.support.hierarchical.ThrowableCollector.execute(ThrowableCollector.java:73)
	at org.junit.platform.engine.support.hierarchical.NodeTestTask.executeRecursively(NodeTestTask.java:122)
	at org.junit.platform.engine.support.hierarchical.NodeTestTask.execute(NodeTestTask.java:80)
	at org.junit.platform.engine.support.hierarchical.SameThreadHierarchicalTestExecutorService$$Lambda$183/1381713434.accept(Unknown Source)
	at java.util.ArrayList.forEach(ArrayList.java:1249)
	at org.junit.platform.engine.support.hierarchical.SameThreadHierarchicalTestExecutorService.invokeAll(SameThreadHierarchicalTestExecutorService.java:38)
	at org.junit.platform.engine.support.hierarchical.NodeTestTask.lambda$executeRecursively$5(NodeTestTask.java:139)
	at org.junit.platform.engine.support.hierarchical.NodeTestTask$$Lambda$179/195615004.execute(Unknown Source)
	at org.junit.platform.engine.support.hierarchical.ThrowableCollector.execute(ThrowableCollector.java:73)
	at org.junit.platform.engine.support.hierarchical.NodeTestTask.lambda$executeRecursively$7(NodeTestTask.java:125)
	at org.junit.platform.engine.support.hierarchical.NodeTestTask$$Lambda$178/1890627974.invoke(Unknown Source)
	at org.junit.platform.engine.support.hierarchical.Node.around(Node.java:135)
	at org.junit.platform.engine.support.hierarchical.NodeTestTask.lambda$executeRecursively$8(NodeTestTask.java:123)
	at org.junit.platform.engine.support.hierarchical.NodeTestTask$$Lambda$177/231977479.execute(Unknown Source)
	at org.junit.platform.engine.support.hierarchical.ThrowableCollector.execute(ThrowableCollector.java:73)
	at org.junit.platform.engine.support.hierarchical.NodeTestTask.executeRecursively(NodeTestTask.java:122)
	at org.junit.platform.engine.support.hierarchical.NodeTestTask.execute(NodeTestTask.java:80)
	at org.junit.platform.engine.support.hierarchical.SameThreadHierarchicalTestExecutorService$$Lambda$183/1381713434.accept(Unknown Source)
	at java.util.ArrayList.forEach(ArrayList.java:1249)
	at org.junit.platform.engine.support.hierarchical.SameThreadHierarchicalTestExecutorService.invokeAll(SameThreadHierarchicalTestExecutorService.java:38)
	at org.junit.platform.engine.support.hierarchical.NodeTestTask.lambda$executeRecursively$5(NodeTestTask.java:139)
	at org.junit.platform.engine.support.hierarchical.NodeTestTask$$Lambda$179/195615004.execute(Unknown Source)
	at org.junit.platform.engine.support.hierarchical.ThrowableCollector.execute(ThrowableCollector.java:73)
	at org.junit.platform.engine.support.hierarchical.NodeTestTask.lambda$executeRecursively$7(NodeTestTask.java:125)
	at org.junit.platform.engine.support.hierarchical.NodeTestTask$$Lambda$178/1890627974.invoke(Unknown Source)
	at org.junit.platform.engine.support.hierarchical.Node.around(Node.java:135)
	at org.junit.platform.engine.support.hierarchical.NodeTestTask.lambda$executeRecursively$8(NodeTestTask.java:123)
	at org.junit.platform.engine.support.hierarchical.NodeTestTask$$Lambda$177/231977479.execute(Unknown Source)
	at org.junit.platform.engine.support.hierarchical.ThrowableCollector.execute(ThrowableCollector.java:73)
	at org.junit.platform.engine.support.hierarchical.NodeTestTask.executeRecursively(NodeTestTask.java:122)
	at org.junit.platform.engine.support.hierarchical.NodeTestTask.execute(NodeTestTask.java:80)
	at org.junit.platform.engine.support.hierarchical.SameThreadHierarchicalTestExecutorService.submit(SameThreadHierarchicalTestExecutorService.java:32)
	at org.junit.platform.engine.support.hierarchical.HierarchicalTestExecutor.execute(HierarchicalTestExecutor.java:57)
	at org.junit.platform.engine.support.hierarchical.HierarchicalTestEngine.execute(HierarchicalTestEngine.java:51)
	at org.junit.platform.launcher.core.DefaultLauncher.execute(DefaultLauncher.java:248)
	at org.junit.platform.launcher.core.DefaultLauncher.lambda$execute$5(DefaultLauncher.java:211)
	at org.junit.platform.launcher.core.DefaultLauncher$$Lambda$143/233996206.accept(Unknown Source)
	at org.junit.platform.launcher.core.DefaultLauncher.withInterceptedStreams(DefaultLauncher.java:226)
	at org.junit.platform.launcher.core.DefaultLauncher.execute(DefaultLauncher.java:199)
	at org.junit.platform.launcher.core.DefaultLauncher.execute(DefaultLauncher.java:132)
	at org.apache.maven.surefire.junitplatform.JUnitPlatformProvider.invokeAllTests(JUnitPlatformProvider.java:142)
	at org.apache.maven.surefire.junitplatform.JUnitPlatformProvider.invoke(JUnitPlatformProvider.java:113)
	at org.apache.maven.surefire.booter.ForkedBooter.invokeProviderInSameClassLoader(ForkedBooter.java:384)
	at org.apache.maven.surefire.booter.ForkedBooter.runSuitesInProcess(ForkedBooter.java:345)
	at org.apache.maven.surefire.booter.ForkedBooter.execute(ForkedBooter.java:126)
	at org.apache.maven.surefire.booter.ForkedBooter.main(ForkedBooter.java:418)
2021-11-08 11:19:20,984 [myid:] - INFO  [main:FourLetterWordMain@94] - connecting to 127.0.0.1 30197
2021-11-08 11:19:20,984 [myid:1] - WARN  [nioEventLoopGroup-90-1:NettyServerCnxnFactory$CnxnChannelHandler@231] - Zookeeper server is not running, close the connection before starting the TLS handshake
2021-11-08 11:19:21,249 [myid:] - INFO  [main:FourLetterWordMain@94] - connecting to 127.0.0.1 30197
2021-11-08 11:19:21,250 [myid:1] - WARN  [nioEventLoopGroup-90-2:NettyServerCnxnFactory$CnxnChannelHandler@231] - Zookeeper server is not running, close the connection before starting the TLS handshake
2021-11-08 11:19:21,285 [myid:2] - INFO  [QuorumPeer[myid=2](plain=[0:0:0:0:0:0:0:0]:30198)(secure=disabled):FastLeaderElection@984] - Notification time out: 25600
2021-11-08 11:19:21,285 [myid:1] - INFO  [QuorumPeer[myid=1](plain=[0:0:0:0:0:0:0:0]:30197)(secure=disabled):FastLeaderElection@984] - Notification time out: 25600
2021-11-08 11:19:21,501 [myid:] - INFO  [main:FourLetterWordMain@94] - connecting to 127.0.0.1 30197
2021-11-08 11:19:21,503 [myid:1] - WARN  [nioEventLoopGroup-90-3:NettyServerCnxnFactory$CnxnChannelHandler@231] - Zookeeper server is not running, close the connection before starting the TLS handshake
2021-11-08 11:19:21,754 [myid:] - INFO  [main:FourLetterWordMain@94] - connecting to 127.0.0.1 30197
2021-11-08 11:19:21,754 [myid:1] - WARN  [nioEventLoopGroup-90-4:NettyServerCnxnFactory$CnxnChannelHandler@231] - Zookeeper server is not running, close the connection before starting the TLS handshake
2021-11-08 11:19:22,008 [myid:] - INFO  [main:FourLetterWordMain@94] - connecting to 127.0.0.1 30197
2021-11-08 11:19:22,008 [myid:1] - WARN  [nioEventLoopGroup-90-5:NettyServerCnxnFactory$CnxnChannelHandler@231] - Zookeeper server is not running, close the connection before starting the TLS handshake
2021-11-08 11:19:22,024 [myid:] - INFO  [main:ClientBase@267] - server 127.0.0.1:30197 not up
java.net.SocketException: Software caused connection abort: recv failed
	at java.net.SocketInputStream.socketRead0(Native Method)
	at java.net.SocketInputStream.read(SocketInputStream.java:150)
	at java.net.SocketInputStream.read(SocketInputStream.java:121)
	at sun.nio.cs.StreamDecoder.readBytes(StreamDecoder.java:284)
	at sun.nio.cs.StreamDecoder.implRead(StreamDecoder.java:326)
	at sun.nio.cs.StreamDecoder.read(StreamDecoder.java:178)
	at java.io.InputStreamReader.read(InputStreamReader.java:184)
	at java.io.BufferedReader.fill(BufferedReader.java:161)
	at java.io.BufferedReader.readLine(BufferedReader.java:324)
	at java.io.BufferedReader.readLine(BufferedReader.java:389)
	at org.apache.zookeeper.client.FourLetterWordMain.send4LetterWord(FourLetterWordMain.java:129)
	at org.apache.zookeeper.client.FourLetterWordMain.send4LetterWord(FourLetterWordMain.java:74)
	at org.apache.zookeeper.test.ClientBase.waitForServerUp(ClientBase.java:258)
	at org.apache.zookeeper.test.ClientBase.waitForServerUp(ClientBase.java:249)
	at org.apache.zookeeper.server.quorum.QuorumSSLTest.testHostnameVerification(QuorumSSLTest.java:671)
	at org.apache.zookeeper.server.quorum.QuorumSSLTest.testHostnameVerificationWithInvalidIpAddressAndInvalidHostname(QuorumSSLTest.java:600)
	at sun.reflect.NativeMethodAccessorImpl.invoke0(Native Method)
	at sun.reflect.NativeMethodAccessorImpl.invoke(NativeMethodAccessorImpl.java:62)
	at sun.reflect.DelegatingMethodAccessorImpl.invoke(DelegatingMethodAccessorImpl.java:43)
	at java.lang.reflect.Method.invoke(Method.java:483)
	at org.junit.platform.commons.util.ReflectionUtils.invokeMethod(ReflectionUtils.java:686)
	at org.junit.jupiter.engine.execution.MethodInvocation.proceed(MethodInvocation.java:60)
	at org.junit.jupiter.engine.execution.InvocationInterceptorChain$ValidatingInvocation.proceed(InvocationInterceptorChain.java:131)
	at org.junit.jupiter.engine.extension.TimeoutInvocation.proceed(TimeoutInvocation.java:46)
	at org.junit.jupiter.engine.extension.TimeoutExtension.intercept(TimeoutExtension.java:149)
	at org.junit.jupiter.engine.extension.TimeoutExtension.interceptTestableMethod(TimeoutExtension.java:140)
	at org.junit.jupiter.engine.extension.TimeoutExtension.interceptTestMethod(TimeoutExtension.java:84)
	at org.junit.jupiter.engine.descriptor.TestMethodTestDescriptor$$Lambda$111/1780132728.apply(Unknown Source)
	at org.junit.jupiter.engine.execution.ExecutableInvoker$ReflectiveInterceptorCall.lambda$ofVoidMethod$0(ExecutableInvoker.java:115)
	at org.junit.jupiter.engine.execution.ExecutableInvoker$ReflectiveInterceptorCall$$Lambda$112/1725017993.apply(Unknown Source)
	at org.junit.jupiter.engine.execution.ExecutableInvoker.lambda$invoke$0(ExecutableInvoker.java:105)
	at org.junit.jupiter.engine.execution.ExecutableInvoker$$Lambda$234/64133603.apply(Unknown Source)
	at org.junit.jupiter.engine.execution.InvocationInterceptorChain$InterceptedInvocation.proceed(InvocationInterceptorChain.java:106)
	at org.junit.jupiter.engine.execution.InvocationInterceptorChain.proceed(InvocationInterceptorChain.java:64)
	at org.junit.jupiter.engine.execution.InvocationInterceptorChain.chainAndInvoke(InvocationInterceptorChain.java:45)
	at org.junit.jupiter.engine.execution.InvocationInterceptorChain.invoke(InvocationInterceptorChain.java:37)
	at org.junit.jupiter.engine.execution.ExecutableInvoker.invoke(ExecutableInvoker.java:104)
	at org.junit.jupiter.engine.execution.ExecutableInvoker.invoke(ExecutableInvoker.java:98)
	at org.junit.jupiter.engine.descriptor.TestMethodTestDescriptor.lambda$invokeTestMethod$6(TestMethodTestDescriptor.java:212)
	at org.junit.jupiter.engine.descriptor.TestMethodTestDescriptor$$Lambda$271/224100622.execute(Unknown Source)
	at org.junit.platform.engine.support.hierarchical.ThrowableCollector.execute(ThrowableCollector.java:73)
	at org.junit.jupiter.engine.descriptor.TestMethodTestDescriptor.invokeTestMethod(TestMethodTestDescriptor.java:208)
	at org.junit.jupiter.engine.descriptor.TestMethodTestDescriptor.execute(TestMethodTestDescriptor.java:137)
	at org.junit.jupiter.engine.descriptor.TestMethodTestDescriptor.execute(TestMethodTestDescriptor.java:71)
	at org.junit.platform.engine.support.hierarchical.NodeTestTask.lambda$executeRecursively$5(NodeTestTask.java:135)
	at org.junit.platform.engine.support.hierarchical.NodeTestTask$$Lambda$179/195615004.execute(Unknown Source)
	at org.junit.platform.engine.support.hierarchical.ThrowableCollector.execute(ThrowableCollector.java:73)
	at org.junit.platform.engine.support.hierarchical.NodeTestTask.lambda$executeRecursively$7(NodeTestTask.java:125)
	at org.junit.platform.engine.support.hierarchical.NodeTestTask$$Lambda$178/1890627974.invoke(Unknown Source)
	at org.junit.platform.engine.support.hierarchical.Node.around(Node.java:135)
	at org.junit.platform.engine.support.hierarchical.NodeTestTask.lambda$executeRecursively$8(NodeTestTask.java:123)
	at org.junit.platform.engine.support.hierarchical.NodeTestTask$$Lambda$177/231977479.execute(Unknown Source)
	at org.junit.platform.engine.support.hierarchical.ThrowableCollector.execute(ThrowableCollector.java:73)
	at org.junit.platform.engine.support.hierarchical.NodeTestTask.executeRecursively(NodeTestTask.java:122)
	at org.junit.platform.engine.support.hierarchical.NodeTestTask.execute(NodeTestTask.java:80)
	at org.junit.platform.engine.support.hierarchical.SameThreadHierarchicalTestExecutorService$$Lambda$183/1381713434.accept(Unknown Source)
	at java.util.ArrayList.forEach(ArrayList.java:1249)
	at org.junit.platform.engine.support.hierarchical.SameThreadHierarchicalTestExecutorService.invokeAll(SameThreadHierarchicalTestExecutorService.java:38)
	at org.junit.platform.engine.support.hierarchical.NodeTestTask.lambda$executeRecursively$5(NodeTestTask.java:139)
	at org.junit.platform.engine.support.hierarchical.NodeTestTask$$Lambda$179/195615004.execute(Unknown Source)
	at org.junit.platform.engine.support.hierarchical.ThrowableCollector.execute(ThrowableCollector.java:73)
	at org.junit.platform.engine.support.hierarchical.NodeTestTask.lambda$executeRecursively$7(NodeTestTask.java:125)
	at org.junit.platform.engine.support.hierarchical.NodeTestTask$$Lambda$178/1890627974.invoke(Unknown Source)
	at org.junit.platform.engine.support.hierarchical.Node.around(Node.java:135)
	at org.junit.platform.engine.support.hierarchical.NodeTestTask.lambda$executeRecursively$8(NodeTestTask.java:123)
	at org.junit.platform.engine.support.hierarchical.NodeTestTask$$Lambda$177/231977479.execute(Unknown Source)
	at org.junit.platform.engine.support.hierarchical.ThrowableCollector.execute(ThrowableCollector.java:73)
	at org.junit.platform.engine.support.hierarchical.NodeTestTask.executeRecursively(NodeTestTask.java:122)
	at org.junit.platform.engine.support.hierarchical.NodeTestTask.execute(NodeTestTask.java:80)
	at org.junit.platform.engine.support.hierarchical.SameThreadHierarchicalTestExecutorService$$Lambda$183/1381713434.accept(Unknown Source)
	at java.util.ArrayList.forEach(ArrayList.java:1249)
	at org.junit.platform.engine.support.hierarchical.SameThreadHierarchicalTestExecutorService.invokeAll(SameThreadHierarchicalTestExecutorService.java:38)
	at org.junit.platform.engine.support.hierarchical.NodeTestTask.lambda$executeRecursively$5(NodeTestTask.java:139)
	at org.junit.platform.engine.support.hierarchical.NodeTestTask$$Lambda$179/195615004.execute(Unknown Source)
	at org.junit.platform.engine.support.hierarchical.ThrowableCollector.execute(ThrowableCollector.java:73)
	at org.junit.platform.engine.support.hierarchical.NodeTestTask.lambda$executeRecursively$7(NodeTestTask.java:125)
	at org.junit.platform.engine.support.hierarchical.NodeTestTask$$Lambda$178/1890627974.invoke(Unknown Source)
	at org.junit.platform.engine.support.hierarchical.Node.around(Node.java:135)
	at org.junit.platform.engine.support.hierarchical.NodeTestTask.lambda$executeRecursively$8(NodeTestTask.java:123)
	at org.junit.platform.engine.support.hierarchical.NodeTestTask$$Lambda$177/231977479.execute(Unknown Source)
	at org.junit.platform.engine.support.hierarchical.ThrowableCollector.execute(ThrowableCollector.java:73)
	at org.junit.platform.engine.support.hierarchical.NodeTestTask.executeRecursively(NodeTestTask.java:122)
	at org.junit.platform.engine.support.hierarchical.NodeTestTask.execute(NodeTestTask.java:80)
	at org.junit.platform.engine.support.hierarchical.SameThreadHierarchicalTestExecutorService.submit(SameThreadHierarchicalTestExecutorService.java:32)
	at org.junit.platform.engine.support.hierarchical.HierarchicalTestExecutor.execute(HierarchicalTestExecutor.java:57)
	at org.junit.platform.engine.support.hierarchical.HierarchicalTestEngine.execute(HierarchicalTestEngine.java:51)
	at org.junit.platform.launcher.core.DefaultLauncher.execute(DefaultLauncher.java:248)
	at org.junit.platform.launcher.core.DefaultLauncher.lambda$execute$5(DefaultLauncher.java:211)
	at org.junit.platform.launcher.core.DefaultLauncher$$Lambda$143/233996206.accept(Unknown Source)
	at org.junit.platform.launcher.core.DefaultLauncher.withInterceptedStreams(DefaultLauncher.java:226)
	at org.junit.platform.launcher.core.DefaultLauncher.execute(DefaultLauncher.java:199)
	at org.junit.platform.launcher.core.DefaultLauncher.execute(DefaultLauncher.java:132)
	at org.apache.maven.surefire.junitplatform.JUnitPlatformProvider.invokeAllTests(JUnitPlatformProvider.java:142)
	at org.apache.maven.surefire.junitplatform.JUnitPlatformProvider.invoke(JUnitPlatformProvider.java:113)
	at org.apache.maven.surefire.booter.ForkedBooter.invokeProviderInSameClassLoader(ForkedBooter.java:384)
	at org.apache.maven.surefire.booter.ForkedBooter.runSuitesInProcess(ForkedBooter.java:345)
	at org.apache.maven.surefire.booter.ForkedBooter.execute(ForkedBooter.java:126)
	at org.apache.maven.surefire.booter.ForkedBooter.main(ForkedBooter.java:418)
2021-11-08 11:19:22,274 [myid:] - INFO  [main:FourLetterWordMain@94] - connecting to 127.0.0.1 30197
2021-11-08 11:19:22,275 [myid:1] - WARN  [nioEventLoopGroup-90-6:NettyServerCnxnFactory$CnxnChannelHandler@231] - Zookeeper server is not running, close the connection before starting the TLS handshake
2021-11-08 11:19:22,289 [myid:] - INFO  [main:ClientBase@267] - server 127.0.0.1:30197 not up
java.net.SocketException: Software caused connection abort: recv failed
	at java.net.SocketInputStream.socketRead0(Native Method)
	at java.net.SocketInputStream.read(SocketInputStream.java:150)
	at java.net.SocketInputStream.read(SocketInputStream.java:121)
	at sun.nio.cs.StreamDecoder.readBytes(StreamDecoder.java:284)
	at sun.nio.cs.StreamDecoder.implRead(StreamDecoder.java:326)
	at sun.nio.cs.StreamDecoder.read(StreamDecoder.java:178)
	at java.io.InputStreamReader.read(InputStreamReader.java:184)
	at java.io.BufferedReader.fill(BufferedReader.java:161)
	at java.io.BufferedReader.readLine(BufferedReader.java:324)
	at java.io.BufferedReader.readLine(BufferedReader.java:389)
	at org.apache.zookeeper.client.FourLetterWordMain.send4LetterWord(FourLetterWordMain.java:129)
	at org.apache.zookeeper.client.FourLetterWordMain.send4LetterWord(FourLetterWordMain.java:74)
	at org.apache.zookeeper.test.ClientBase.waitForServerUp(ClientBase.java:258)
	at org.apache.zookeeper.test.ClientBase.waitForServerUp(ClientBase.java:249)
	at org.apache.zookeeper.server.quorum.QuorumSSLTest.testHostnameVerification(QuorumSSLTest.java:671)
	at org.apache.zookeeper.server.quorum.QuorumSSLTest.testHostnameVerificationWithInvalidIpAddressAndInvalidHostname(QuorumSSLTest.java:600)
	at sun.reflect.NativeMethodAccessorImpl.invoke0(Native Method)
	at sun.reflect.NativeMethodAccessorImpl.invoke(NativeMethodAccessorImpl.java:62)
	at sun.reflect.DelegatingMethodAccessorImpl.invoke(DelegatingMethodAccessorImpl.java:43)
	at java.lang.reflect.Method.invoke(Method.java:483)
	at org.junit.platform.commons.util.ReflectionUtils.invokeMethod(ReflectionUtils.java:686)
	at org.junit.jupiter.engine.execution.MethodInvocation.proceed(MethodInvocation.java:60)
	at org.junit.jupiter.engine.execution.InvocationInterceptorChain$ValidatingInvocation.proceed(InvocationInterceptorChain.java:131)
	at org.junit.jupiter.engine.extension.TimeoutInvocation.proceed(TimeoutInvocation.java:46)
	at org.junit.jupiter.engine.extension.TimeoutExtension.intercept(TimeoutExtension.java:149)
	at org.junit.jupiter.engine.extension.TimeoutExtension.interceptTestableMethod(TimeoutExtension.java:140)
	at org.junit.jupiter.engine.extension.TimeoutExtension.interceptTestMethod(TimeoutExtension.java:84)
	at org.junit.jupiter.engine.descriptor.TestMethodTestDescriptor$$Lambda$111/1780132728.apply(Unknown Source)
	at org.junit.jupiter.engine.execution.ExecutableInvoker$ReflectiveInterceptorCall.lambda$ofVoidMethod$0(ExecutableInvoker.java:115)
	at org.junit.jupiter.engine.execution.ExecutableInvoker$ReflectiveInterceptorCall$$Lambda$112/1725017993.apply(Unknown Source)
	at org.junit.jupiter.engine.execution.ExecutableInvoker.lambda$invoke$0(ExecutableInvoker.java:105)
	at org.junit.jupiter.engine.execution.ExecutableInvoker$$Lambda$234/64133603.apply(Unknown Source)
	at org.junit.jupiter.engine.execution.InvocationInterceptorChain$InterceptedInvocation.proceed(InvocationInterceptorChain.java:106)
	at org.junit.jupiter.engine.execution.InvocationInterceptorChain.proceed(InvocationInterceptorChain.java:64)
	at org.junit.jupiter.engine.execution.InvocationInterceptorChain.chainAndInvoke(InvocationInterceptorChain.java:45)
	at org.junit.jupiter.engine.execution.InvocationInterceptorChain.invoke(InvocationInterceptorChain.java:37)
	at org.junit.jupiter.engine.execution.ExecutableInvoker.invoke(ExecutableInvoker.java:104)
	at org.junit.jupiter.engine.execution.ExecutableInvoker.invoke(ExecutableInvoker.java:98)
	at org.junit.jupiter.engine.descriptor.TestMethodTestDescriptor.lambda$invokeTestMethod$6(TestMethodTestDescriptor.java:212)
	at org.junit.jupiter.engine.descriptor.TestMethodTestDescriptor$$Lambda$271/224100622.execute(Unknown Source)
	at org.junit.platform.engine.support.hierarchical.ThrowableCollector.execute(ThrowableCollector.java:73)
	at org.junit.jupiter.engine.descriptor.TestMethodTestDescriptor.invokeTestMethod(TestMethodTestDescriptor.java:208)
	at org.junit.jupiter.engine.descriptor.TestMethodTestDescriptor.execute(TestMethodTestDescriptor.java:137)
	at org.junit.jupiter.engine.descriptor.TestMethodTestDescriptor.execute(TestMethodTestDescriptor.java:71)
	at org.junit.platform.engine.support.hierarchical.NodeTestTask.lambda$executeRecursively$5(NodeTestTask.java:135)
	at org.junit.platform.engine.support.hierarchical.NodeTestTask$$Lambda$179/195615004.execute(Unknown Source)
	at org.junit.platform.engine.support.hierarchical.ThrowableCollector.execute(ThrowableCollector.java:73)
	at org.junit.platform.engine.support.hierarchical.NodeTestTask.lambda$executeRecursively$7(NodeTestTask.java:125)
	at org.junit.platform.engine.support.hierarchical.NodeTestTask$$Lambda$178/1890627974.invoke(Unknown Source)
	at org.junit.platform.engine.support.hierarchical.Node.around(Node.java:135)
	at org.junit.platform.engine.support.hierarchical.NodeTestTask.lambda$executeRecursively$8(NodeTestTask.java:123)
	at org.junit.platform.engine.support.hierarchical.NodeTestTask$$Lambda$177/231977479.execute(Unknown Source)
	at org.junit.platform.engine.support.hierarchical.ThrowableCollector.execute(ThrowableCollector.java:73)
	at org.junit.platform.engine.support.hierarchical.NodeTestTask.executeRecursively(NodeTestTask.java:122)
	at org.junit.platform.engine.support.hierarchical.NodeTestTask.execute(NodeTestTask.java:80)
	at org.junit.platform.engine.support.hierarchical.SameThreadHierarchicalTestExecutorService$$Lambda$183/1381713434.accept(Unknown Source)
	at java.util.ArrayList.forEach(ArrayList.java:1249)
	at org.junit.platform.engine.support.hierarchical.SameThreadHierarchicalTestExecutorService.invokeAll(SameThreadHierarchicalTestExecutorService.java:38)
	at org.junit.platform.engine.support.hierarchical.NodeTestTask.lambda$executeRecursively$5(NodeTestTask.java:139)
	at org.junit.platform.engine.support.hierarchical.NodeTestTask$$Lambda$179/195615004.execute(Unknown Source)
	at org.junit.platform.engine.support.hierarchical.ThrowableCollector.execute(ThrowableCollector.java:73)
	at org.junit.platform.engine.support.hierarchical.NodeTestTask.lambda$executeRecursively$7(NodeTestTask.java:125)
	at org.junit.platform.engine.support.hierarchical.NodeTestTask$$Lambda$178/1890627974.invoke(Unknown Source)
	at org.junit.platform.engine.support.hierarchical.Node.around(Node.java:135)
	at org.junit.platform.engine.support.hierarchical.NodeTestTask.lambda$executeRecursively$8(NodeTestTask.java:123)
	at org.junit.platform.engine.support.hierarchical.NodeTestTask$$Lambda$177/231977479.execute(Unknown Source)
	at org.junit.platform.engine.support.hierarchical.ThrowableCollector.execute(ThrowableCollector.java:73)
	at org.junit.platform.engine.support.hierarchical.NodeTestTask.executeRecursively(NodeTestTask.java:122)
	at org.junit.platform.engine.support.hierarchical.NodeTestTask.execute(NodeTestTask.java:80)
	at org.junit.platform.engine.support.hierarchical.SameThreadHierarchicalTestExecutorService$$Lambda$183/1381713434.accept(Unknown Source)
	at java.util.ArrayList.forEach(ArrayList.java:1249)
	at org.junit.platform.engine.support.hierarchical.SameThreadHierarchicalTestExecutorService.invokeAll(SameThreadHierarchicalTestExecutorService.java:38)
	at org.junit.platform.engine.support.hierarchical.NodeTestTask.lambda$executeRecursively$5(NodeTestTask.java:139)
	at org.junit.platform.engine.support.hierarchical.NodeTestTask$$Lambda$179/195615004.execute(Unknown Source)
	at org.junit.platform.engine.support.hierarchical.ThrowableCollector.execute(ThrowableCollector.java:73)
	at org.junit.platform.engine.support.hierarchical.NodeTestTask.lambda$executeRecursively$7(NodeTestTask.java:125)
	at org.junit.platform.engine.support.hierarchical.NodeTestTask$$Lambda$178/1890627974.invoke(Unknown Source)
	at org.junit.platform.engine.support.hierarchical.Node.around(Node.java:135)
	at org.junit.platform.engine.support.hierarchical.NodeTestTask.lambda$executeRecursively$8(NodeTestTask.java:123)
	at org.junit.platform.engine.support.hierarchical.NodeTestTask$$Lambda$177/231977479.execute(Unknown Source)
	at org.junit.platform.engine.support.hierarchical.ThrowableCollector.execute(ThrowableCollector.java:73)
	at org.junit.platform.engine.support.hierarchical.NodeTestTask.executeRecursively(NodeTestTask.java:122)
	at org.junit.platform.engine.support.hierarchical.NodeTestTask.execute(NodeTestTask.java:80)
	at org.junit.platform.engine.support.hierarchical.SameThreadHierarchicalTestExecutorService.submit(SameThreadHierarchicalTestExecutorService.java:32)
	at org.junit.platform.engine.support.hierarchical.HierarchicalTestExecutor.execute(HierarchicalTestExecutor.java:57)
	at org.junit.platform.engine.support.hierarchical.HierarchicalTestEngine.execute(HierarchicalTestEngine.java:51)
	at org.junit.platform.launcher.core.DefaultLauncher.execute(DefaultLauncher.java:248)
	at org.junit.platform.launcher.core.DefaultLauncher.lambda$execute$5(DefaultLauncher.java:211)
	at org.junit.platform.launcher.core.DefaultLauncher$$Lambda$143/233996206.accept(Unknown Source)
	at org.junit.platform.launcher.core.DefaultLauncher.withInterceptedStreams(DefaultLauncher.java:226)
	at org.junit.platform.launcher.core.DefaultLauncher.execute(DefaultLauncher.java:199)
	at org.junit.platform.launcher.core.DefaultLauncher.execute(DefaultLauncher.java:132)
	at org.apache.maven.surefire.junitplatform.JUnitPlatformProvider.invokeAllTests(JUnitPlatformProvider.java:142)
	at org.apache.maven.surefire.junitplatform.JUnitPlatformProvider.invoke(JUnitPlatformProvider.java:113)
	at org.apache.maven.surefire.booter.ForkedBooter.invokeProviderInSameClassLoader(ForkedBooter.java:384)
	at org.apache.maven.surefire.booter.ForkedBooter.runSuitesInProcess(ForkedBooter.java:345)
	at org.apache.maven.surefire.booter.ForkedBooter.execute(ForkedBooter.java:126)
	at org.apache.maven.surefire.booter.ForkedBooter.main(ForkedBooter.java:418)
2021-11-08 11:19:22,543 [myid:] - INFO  [main:FourLetterWordMain@94] - connecting to 127.0.0.1 30197
2021-11-08 11:19:22,543 [myid:1] - WARN  [nioEventLoopGroup-90-7:NettyServerCnxnFactory$CnxnChannelHandler@231] - Zookeeper server is not running, close the connection before starting the TLS handshake
2021-11-08 11:19:22,796 [myid:] - INFO  [main:FourLetterWordMain@94] - connecting to 127.0.0.1 30197
2021-11-08 11:19:22,796 [myid:1] - WARN  [nioEventLoopGroup-90-8:NettyServerCnxnFactory$CnxnChannelHandler@231] - Zookeeper server is not running, close the connection before starting the TLS handshake
2021-11-08 11:19:23,061 [myid:] - INFO  [main:FourLetterWordMain@94] - connecting to 127.0.0.1 30197
2021-11-08 11:19:23,061 [myid:1] - WARN  [nioEventLoopGroup-90-9:NettyServerCnxnFactory$CnxnChannelHandler@231] - Zookeeper server is not running, close the connection before starting the TLS handshake
2021-11-08 11:19:23,313 [myid:] - INFO  [main:FourLetterWordMain@94] - connecting to 127.0.0.1 30197
2021-11-08 11:19:23,313 [myid:1] - WARN  [nioEventLoopGroup-90-10:NettyServerCnxnFactory$CnxnChannelHandler@231] - Zookeeper server is not running, close the connection before starting the TLS handshake
2021-11-08 11:19:23,576 [myid:] - INFO  [main:FourLetterWordMain@94] - connecting to 127.0.0.1 30197
2021-11-08 11:19:23,576 [myid:1] - WARN  [nioEventLoopGroup-90-11:NettyServerCnxnFactory$CnxnChannelHandler@231] - Zookeeper server is not running, close the connection before starting the TLS handshake
2021-11-08 11:19:23,841 [myid:] - INFO  [main:FourLetterWordMain@94] - connecting to 127.0.0.1 30197
2021-11-08 11:19:23,841 [myid:1] - WARN  [nioEventLoopGroup-90-12:NettyServerCnxnFactory$CnxnChannelHandler@231] - Zookeeper server is not running, close the connection before starting the TLS handshake
2021-11-08 11:19:24,106 [myid:] - INFO  [main:FourLetterWordMain@94] - connecting to 127.0.0.1 30197
2021-11-08 11:19:24,108 [myid:1] - WARN  [nioEventLoopGroup-90-1:NettyServerCnxnFactory$CnxnChannelHandler@231] - Zookeeper server is not running, close the connection before starting the TLS handshake
2021-11-08 11:19:24,372 [myid:] - INFO  [main:FourLetterWordMain@94] - connecting to 127.0.0.1 30197
2021-11-08 11:19:24,372 [myid:1] - WARN  [nioEventLoopGroup-90-2:NettyServerCnxnFactory$CnxnChannelHandler@231] - Zookeeper server is not running, close the connection before starting the TLS handshake
2021-11-08 11:19:24,388 [myid:] - INFO  [main:ClientBase@267] - server 127.0.0.1:30197 not up
java.net.SocketException: Software caused connection abort: recv failed
	at java.net.SocketInputStream.socketRead0(Native Method)
	at java.net.SocketInputStream.read(SocketInputStream.java:150)
	at java.net.SocketInputStream.read(SocketInputStream.java:121)
	at sun.nio.cs.StreamDecoder.readBytes(StreamDecoder.java:284)
	at sun.nio.cs.StreamDecoder.implRead(StreamDecoder.java:326)
	at sun.nio.cs.StreamDecoder.read(StreamDecoder.java:178)
	at java.io.InputStreamReader.read(InputStreamReader.java:184)
	at java.io.BufferedReader.fill(BufferedReader.java:161)
	at java.io.BufferedReader.readLine(BufferedReader.java:324)
	at java.io.BufferedReader.readLine(BufferedReader.java:389)
	at org.apache.zookeeper.client.FourLetterWordMain.send4LetterWord(FourLetterWordMain.java:129)
	at org.apache.zookeeper.client.FourLetterWordMain.send4LetterWord(FourLetterWordMain.java:74)
	at org.apache.zookeeper.test.ClientBase.waitForServerUp(ClientBase.java:258)
	at org.apache.zookeeper.test.ClientBase.waitForServerUp(ClientBase.java:249)
	at org.apache.zookeeper.server.quorum.QuorumSSLTest.testHostnameVerification(QuorumSSLTest.java:671)
	at org.apache.zookeeper.server.quorum.QuorumSSLTest.testHostnameVerificationWithInvalidIpAddressAndInvalidHostname(QuorumSSLTest.java:600)
	at sun.reflect.NativeMethodAccessorImpl.invoke0(Native Method)
	at sun.reflect.NativeMethodAccessorImpl.invoke(NativeMethodAccessorImpl.java:62)
	at sun.reflect.DelegatingMethodAccessorImpl.invoke(DelegatingMethodAccessorImpl.java:43)
	at java.lang.reflect.Method.invoke(Method.java:483)
	at org.junit.platform.commons.util.ReflectionUtils.invokeMethod(ReflectionUtils.java:686)
	at org.junit.jupiter.engine.execution.MethodInvocation.proceed(MethodInvocation.java:60)
	at org.junit.jupiter.engine.execution.InvocationInterceptorChain$ValidatingInvocation.proceed(InvocationInterceptorChain.java:131)
	at org.junit.jupiter.engine.extension.TimeoutInvocation.proceed(TimeoutInvocation.java:46)
	at org.junit.jupiter.engine.extension.TimeoutExtension.intercept(TimeoutExtension.java:149)
	at org.junit.jupiter.engine.extension.TimeoutExtension.interceptTestableMethod(TimeoutExtension.java:140)
	at org.junit.jupiter.engine.extension.TimeoutExtension.interceptTestMethod(TimeoutExtension.java:84)
	at org.junit.jupiter.engine.descriptor.TestMethodTestDescriptor$$Lambda$111/1780132728.apply(Unknown Source)
	at org.junit.jupiter.engine.execution.ExecutableInvoker$ReflectiveInterceptorCall.lambda$ofVoidMethod$0(ExecutableInvoker.java:115)
	at org.junit.jupiter.engine.execution.ExecutableInvoker$ReflectiveInterceptorCall$$Lambda$112/1725017993.apply(Unknown Source)
	at org.junit.jupiter.engine.execution.ExecutableInvoker.lambda$invoke$0(ExecutableInvoker.java:105)
	at org.junit.jupiter.engine.execution.ExecutableInvoker$$Lambda$234/64133603.apply(Unknown Source)
	at org.junit.jupiter.engine.execution.InvocationInterceptorChain$InterceptedInvocation.proceed(InvocationInterceptorChain.java:106)
	at org.junit.jupiter.engine.execution.InvocationInterceptorChain.proceed(InvocationInterceptorChain.java:64)
	at org.junit.jupiter.engine.execution.InvocationInterceptorChain.chainAndInvoke(InvocationInterceptorChain.java:45)
	at org.junit.jupiter.engine.execution.InvocationInterceptorChain.invoke(InvocationInterceptorChain.java:37)
	at org.junit.jupiter.engine.execution.ExecutableInvoker.invoke(ExecutableInvoker.java:104)
	at org.junit.jupiter.engine.execution.ExecutableInvoker.invoke(ExecutableInvoker.java:98)
	at org.junit.jupiter.engine.descriptor.TestMethodTestDescriptor.lambda$invokeTestMethod$6(TestMethodTestDescriptor.java:212)
	at org.junit.jupiter.engine.descriptor.TestMethodTestDescriptor$$Lambda$271/224100622.execute(Unknown Source)
	at org.junit.platform.engine.support.hierarchical.ThrowableCollector.execute(ThrowableCollector.java:73)
	at org.junit.jupiter.engine.descriptor.TestMethodTestDescriptor.invokeTestMethod(TestMethodTestDescriptor.java:208)
	at org.junit.jupiter.engine.descriptor.TestMethodTestDescriptor.execute(TestMethodTestDescriptor.java:137)
	at org.junit.jupiter.engine.descriptor.TestMethodTestDescriptor.execute(TestMethodTestDescriptor.java:71)
	at org.junit.platform.engine.support.hierarchical.NodeTestTask.lambda$executeRecursively$5(NodeTestTask.java:135)
	at org.junit.platform.engine.support.hierarchical.NodeTestTask$$Lambda$179/195615004.execute(Unknown Source)
	at org.junit.platform.engine.support.hierarchical.ThrowableCollector.execute(ThrowableCollector.java:73)
	at org.junit.platform.engine.support.hierarchical.NodeTestTask.lambda$executeRecursively$7(NodeTestTask.java:125)
	at org.junit.platform.engine.support.hierarchical.NodeTestTask$$Lambda$178/1890627974.invoke(Unknown Source)
	at org.junit.platform.engine.support.hierarchical.Node.around(Node.java:135)
	at org.junit.platform.engine.support.hierarchical.NodeTestTask.lambda$executeRecursively$8(NodeTestTask.java:123)
	at org.junit.platform.engine.support.hierarchical.NodeTestTask$$Lambda$177/231977479.execute(Unknown Source)
	at org.junit.platform.engine.support.hierarchical.ThrowableCollector.execute(ThrowableCollector.java:73)
	at org.junit.platform.engine.support.hierarchical.NodeTestTask.executeRecursively(NodeTestTask.java:122)
	at org.junit.platform.engine.support.hierarchical.NodeTestTask.execute(NodeTestTask.java:80)
	at org.junit.platform.engine.support.hierarchical.SameThreadHierarchicalTestExecutorService$$Lambda$183/1381713434.accept(Unknown Source)
	at java.util.ArrayList.forEach(ArrayList.java:1249)
	at org.junit.platform.engine.support.hierarchical.SameThreadHierarchicalTestExecutorService.invokeAll(SameThreadHierarchicalTestExecutorService.java:38)
	at org.junit.platform.engine.support.hierarchical.NodeTestTask.lambda$executeRecursively$5(NodeTestTask.java:139)
	at org.junit.platform.engine.support.hierarchical.NodeTestTask$$Lambda$179/195615004.execute(Unknown Source)
	at org.junit.platform.engine.support.hierarchical.ThrowableCollector.execute(ThrowableCollector.java:73)
	at org.junit.platform.engine.support.hierarchical.NodeTestTask.lambda$executeRecursively$7(NodeTestTask.java:125)
	at org.junit.platform.engine.support.hierarchical.NodeTestTask$$Lambda$178/1890627974.invoke(Unknown Source)
	at org.junit.platform.engine.support.hierarchical.Node.around(Node.java:135)
	at org.junit.platform.engine.support.hierarchical.NodeTestTask.lambda$executeRecursively$8(NodeTestTask.java:123)
	at org.junit.platform.engine.support.hierarchical.NodeTestTask$$Lambda$177/231977479.execute(Unknown Source)
	at org.junit.platform.engine.support.hierarchical.ThrowableCollector.execute(ThrowableCollector.java:73)
	at org.junit.platform.engine.support.hierarchical.NodeTestTask.executeRecursively(NodeTestTask.java:122)
	at org.junit.platform.engine.support.hierarchical.NodeTestTask.execute(NodeTestTask.java:80)
	at org.junit.platform.engine.support.hierarchical.SameThreadHierarchicalTestExecutorService$$Lambda$183/1381713434.accept(Unknown Source)
	at java.util.ArrayList.forEach(ArrayList.java:1249)
	at org.junit.platform.engine.support.hierarchical.SameThreadHierarchicalTestExecutorService.invokeAll(SameThreadHierarchicalTestExecutorService.java:38)
	at org.junit.platform.engine.support.hierarchical.NodeTestTask.lambda$executeRecursively$5(NodeTestTask.java:139)
	at org.junit.platform.engine.support.hierarchical.NodeTestTask$$Lambda$179/195615004.execute(Unknown Source)
	at org.junit.platform.engine.support.hierarchical.ThrowableCollector.execute(ThrowableCollector.java:73)
	at org.junit.platform.engine.support.hierarchical.NodeTestTask.lambda$executeRecursively$7(NodeTestTask.java:125)
	at org.junit.platform.engine.support.hierarchical.NodeTestTask$$Lambda$178/1890627974.invoke(Unknown Source)
	at org.junit.platform.engine.support.hierarchical.Node.around(Node.java:135)
	at org.junit.platform.engine.support.hierarchical.NodeTestTask.lambda$executeRecursively$8(NodeTestTask.java:123)
	at org.junit.platform.engine.support.hierarchical.NodeTestTask$$Lambda$177/231977479.execute(Unknown Source)
	at org.junit.platform.engine.support.hierarchical.ThrowableCollector.execute(ThrowableCollector.java:73)
	at org.junit.platform.engine.support.hierarchical.NodeTestTask.executeRecursively(NodeTestTask.java:122)
	at org.junit.platform.engine.support.hierarchical.NodeTestTask.execute(NodeTestTask.java:80)
	at org.junit.platform.engine.support.hierarchical.SameThreadHierarchicalTestExecutorService.submit(SameThreadHierarchicalTestExecutorService.java:32)
	at org.junit.platform.engine.support.hierarchical.HierarchicalTestExecutor.execute(HierarchicalTestExecutor.java:57)
	at org.junit.platform.engine.support.hierarchical.HierarchicalTestEngine.execute(HierarchicalTestEngine.java:51)
	at org.junit.platform.launcher.core.DefaultLauncher.execute(DefaultLauncher.java:248)
	at org.junit.platform.launcher.core.DefaultLauncher.lambda$execute$5(DefaultLauncher.java:211)
	at org.junit.platform.launcher.core.DefaultLauncher$$Lambda$143/233996206.accept(Unknown Source)
	at org.junit.platform.launcher.core.DefaultLauncher.withInterceptedStreams(DefaultLauncher.java:226)
	at org.junit.platform.launcher.core.DefaultLauncher.execute(DefaultLauncher.java:199)
	at org.junit.platform.launcher.core.DefaultLauncher.execute(DefaultLauncher.java:132)
	at org.apache.maven.surefire.junitplatform.JUnitPlatformProvider.invokeAllTests(JUnitPlatformProvider.java:142)
	at org.apache.maven.surefire.junitplatform.JUnitPlatformProvider.invoke(JUnitPlatformProvider.java:113)
	at org.apache.maven.surefire.booter.ForkedBooter.invokeProviderInSameClassLoader(ForkedBooter.java:384)
	at org.apache.maven.surefire.booter.ForkedBooter.runSuitesInProcess(ForkedBooter.java:345)
	at org.apache.maven.surefire.booter.ForkedBooter.execute(ForkedBooter.java:126)
	at org.apache.maven.surefire.booter.ForkedBooter.main(ForkedBooter.java:418)
2021-11-08 11:19:24,651 [myid:] - INFO  [main:FourLetterWordMain@94] - connecting to 127.0.0.1 30197
2021-11-08 11:19:24,651 [myid:1] - WARN  [nioEventLoopGroup-90-3:NettyServerCnxnFactory$CnxnChannelHandler@231] - Zookeeper server is not running, close the connection before starting the TLS handshake
2021-11-08 11:19:24,668 [myid:] - INFO  [main:ClientBase@267] - server 127.0.0.1:30197 not up
java.net.SocketException: Software caused connection abort: recv failed
	at java.net.SocketInputStream.socketRead0(Native Method)
	at java.net.SocketInputStream.read(SocketInputStream.java:150)
	at java.net.SocketInputStream.read(SocketInputStream.java:121)
	at sun.nio.cs.StreamDecoder.readBytes(StreamDecoder.java:284)
	at sun.nio.cs.StreamDecoder.implRead(StreamDecoder.java:326)
	at sun.nio.cs.StreamDecoder.read(StreamDecoder.java:178)
	at java.io.InputStreamReader.read(InputStreamReader.java:184)
	at java.io.BufferedReader.fill(BufferedReader.java:161)
	at java.io.BufferedReader.readLine(BufferedReader.java:324)
	at java.io.BufferedReader.readLine(BufferedReader.java:389)
	at org.apache.zookeeper.client.FourLetterWordMain.send4LetterWord(FourLetterWordMain.java:129)
	at org.apache.zookeeper.client.FourLetterWordMain.send4LetterWord(FourLetterWordMain.java:74)
	at org.apache.zookeeper.test.ClientBase.waitForServerUp(ClientBase.java:258)
	at org.apache.zookeeper.test.ClientBase.waitForServerUp(ClientBase.java:249)
	at org.apache.zookeeper.server.quorum.QuorumSSLTest.testHostnameVerification(QuorumSSLTest.java:671)
	at org.apache.zookeeper.server.quorum.QuorumSSLTest.testHostnameVerificationWithInvalidIpAddressAndInvalidHostname(QuorumSSLTest.java:600)
	at sun.reflect.NativeMethodAccessorImpl.invoke0(Native Method)
	at sun.reflect.NativeMethodAccessorImpl.invoke(NativeMethodAccessorImpl.java:62)
	at sun.reflect.DelegatingMethodAccessorImpl.invoke(DelegatingMethodAccessorImpl.java:43)
	at java.lang.reflect.Method.invoke(Method.java:483)
	at org.junit.platform.commons.util.ReflectionUtils.invokeMethod(ReflectionUtils.java:686)
	at org.junit.jupiter.engine.execution.MethodInvocation.proceed(MethodInvocation.java:60)
	at org.junit.jupiter.engine.execution.InvocationInterceptorChain$ValidatingInvocation.proceed(InvocationInterceptorChain.java:131)
	at org.junit.jupiter.engine.extension.TimeoutInvocation.proceed(TimeoutInvocation.java:46)
	at org.junit.jupiter.engine.extension.TimeoutExtension.intercept(TimeoutExtension.java:149)
	at org.junit.jupiter.engine.extension.TimeoutExtension.interceptTestableMethod(TimeoutExtension.java:140)
	at org.junit.jupiter.engine.extension.TimeoutExtension.interceptTestMethod(TimeoutExtension.java:84)
	at org.junit.jupiter.engine.descriptor.TestMethodTestDescriptor$$Lambda$111/1780132728.apply(Unknown Source)
	at org.junit.jupiter.engine.execution.ExecutableInvoker$ReflectiveInterceptorCall.lambda$ofVoidMethod$0(ExecutableInvoker.java:115)
	at org.junit.jupiter.engine.execution.ExecutableInvoker$ReflectiveInterceptorCall$$Lambda$112/1725017993.apply(Unknown Source)
	at org.junit.jupiter.engine.execution.ExecutableInvoker.lambda$invoke$0(ExecutableInvoker.java:105)
	at org.junit.jupiter.engine.execution.ExecutableInvoker$$Lambda$234/64133603.apply(Unknown Source)
	at org.junit.jupiter.engine.execution.InvocationInterceptorChain$InterceptedInvocation.proceed(InvocationInterceptorChain.java:106)
	at org.junit.jupiter.engine.execution.InvocationInterceptorChain.proceed(InvocationInterceptorChain.java:64)
	at org.junit.jupiter.engine.execution.InvocationInterceptorChain.chainAndInvoke(InvocationInterceptorChain.java:45)
	at org.junit.jupiter.engine.execution.InvocationInterceptorChain.invoke(InvocationInterceptorChain.java:37)
	at org.junit.jupiter.engine.execution.ExecutableInvoker.invoke(ExecutableInvoker.java:104)
	at org.junit.jupiter.engine.execution.ExecutableInvoker.invoke(ExecutableInvoker.java:98)
	at org.junit.jupiter.engine.descriptor.TestMethodTestDescriptor.lambda$invokeTestMethod$6(TestMethodTestDescriptor.java:212)
	at org.junit.jupiter.engine.descriptor.TestMethodTestDescriptor$$Lambda$271/224100622.execute(Unknown Source)
	at org.junit.platform.engine.support.hierarchical.ThrowableCollector.execute(ThrowableCollector.java:73)
	at org.junit.jupiter.engine.descriptor.TestMethodTestDescriptor.invokeTestMethod(TestMethodTestDescriptor.java:208)
	at org.junit.jupiter.engine.descriptor.TestMethodTestDescriptor.execute(TestMethodTestDescriptor.java:137)
	at org.junit.jupiter.engine.descriptor.TestMethodTestDescriptor.execute(TestMethodTestDescriptor.java:71)
	at org.junit.platform.engine.support.hierarchical.NodeTestTask.lambda$executeRecursively$5(NodeTestTask.java:135)
	at org.junit.platform.engine.support.hierarchical.NodeTestTask$$Lambda$179/195615004.execute(Unknown Source)
	at org.junit.platform.engine.support.hierarchical.ThrowableCollector.execute(ThrowableCollector.java:73)
	at org.junit.platform.engine.support.hierarchical.NodeTestTask.lambda$executeRecursively$7(NodeTestTask.java:125)
	at org.junit.platform.engine.support.hierarchical.NodeTestTask$$Lambda$178/1890627974.invoke(Unknown Source)
	at org.junit.platform.engine.support.hierarchical.Node.around(Node.java:135)
	at org.junit.platform.engine.support.hierarchical.NodeTestTask.lambda$executeRecursively$8(NodeTestTask.java:123)
	at org.junit.platform.engine.support.hierarchical.NodeTestTask$$Lambda$177/231977479.execute(Unknown Source)
	at org.junit.platform.engine.support.hierarchical.ThrowableCollector.execute(ThrowableCollector.java:73)
	at org.junit.platform.engine.support.hierarchical.NodeTestTask.executeRecursively(NodeTestTask.java:122)
	at org.junit.platform.engine.support.hierarchical.NodeTestTask.execute(NodeTestTask.java:80)
	at org.junit.platform.engine.support.hierarchical.SameThreadHierarchicalTestExecutorService$$Lambda$183/1381713434.accept(Unknown Source)
	at java.util.ArrayList.forEach(ArrayList.java:1249)
	at org.junit.platform.engine.support.hierarchical.SameThreadHierarchicalTestExecutorService.invokeAll(SameThreadHierarchicalTestExecutorService.java:38)
	at org.junit.platform.engine.support.hierarchical.NodeTestTask.lambda$executeRecursively$5(NodeTestTask.java:139)
	at org.junit.platform.engine.support.hierarchical.NodeTestTask$$Lambda$179/195615004.execute(Unknown Source)
	at org.junit.platform.engine.support.hierarchical.ThrowableCollector.execute(ThrowableCollector.java:73)
	at org.junit.platform.engine.support.hierarchical.NodeTestTask.lambda$executeRecursively$7(NodeTestTask.java:125)
	at org.junit.platform.engine.support.hierarchical.NodeTestTask$$Lambda$178/1890627974.invoke(Unknown Source)
	at org.junit.platform.engine.support.hierarchical.Node.around(Node.java:135)
	at org.junit.platform.engine.support.hierarchical.NodeTestTask.lambda$executeRecursively$8(NodeTestTask.java:123)
	at org.junit.platform.engine.support.hierarchical.NodeTestTask$$Lambda$177/231977479.execute(Unknown Source)
	at org.junit.platform.engine.support.hierarchical.ThrowableCollector.execute(ThrowableCollector.java:73)
	at org.junit.platform.engine.support.hierarchical.NodeTestTask.executeRecursively(NodeTestTask.java:122)
	at org.junit.platform.engine.support.hierarchical.NodeTestTask.execute(NodeTestTask.java:80)
	at org.junit.platform.engine.support.hierarchical.SameThreadHierarchicalTestExecutorService$$Lambda$183/1381713434.accept(Unknown Source)
	at java.util.ArrayList.forEach(ArrayList.java:1249)
	at org.junit.platform.engine.support.hierarchical.SameThreadHierarchicalTestExecutorService.invokeAll(SameThreadHierarchicalTestExecutorService.java:38)
	at org.junit.platform.engine.support.hierarchical.NodeTestTask.lambda$executeRecursively$5(NodeTestTask.java:139)
	at org.junit.platform.engine.support.hierarchical.NodeTestTask$$Lambda$179/195615004.execute(Unknown Source)
	at org.junit.platform.engine.support.hierarchical.ThrowableCollector.execute(ThrowableCollector.java:73)
	at org.junit.platform.engine.support.hierarchical.NodeTestTask.lambda$executeRecursively$7(NodeTestTask.java:125)
	at org.junit.platform.engine.support.hierarchical.NodeTestTask$$Lambda$178/1890627974.invoke(Unknown Source)
	at org.junit.platform.engine.support.hierarchical.Node.around(Node.java:135)
	at org.junit.platform.engine.support.hierarchical.NodeTestTask.lambda$executeRecursively$8(NodeTestTask.java:123)
	at org.junit.platform.engine.support.hierarchical.NodeTestTask$$Lambda$177/231977479.execute(Unknown Source)
	at org.junit.platform.engine.support.hierarchical.ThrowableCollector.execute(ThrowableCollector.java:73)
	at org.junit.platform.engine.support.hierarchical.NodeTestTask.executeRecursively(NodeTestTask.java:122)
	at org.junit.platform.engine.support.hierarchical.NodeTestTask.execute(NodeTestTask.java:80)
	at org.junit.platform.engine.support.hierarchical.SameThreadHierarchicalTestExecutorService.submit(SameThreadHierarchicalTestExecutorService.java:32)
	at org.junit.platform.engine.support.hierarchical.HierarchicalTestExecutor.execute(HierarchicalTestExecutor.java:57)
	at org.junit.platform.engine.support.hierarchical.HierarchicalTestEngine.execute(HierarchicalTestEngine.java:51)
	at org.junit.platform.launcher.core.DefaultLauncher.execute(DefaultLauncher.java:248)
	at org.junit.platform.launcher.core.DefaultLauncher.lambda$execute$5(DefaultLauncher.java:211)
	at org.junit.platform.launcher.core.DefaultLauncher$$Lambda$143/233996206.accept(Unknown Source)
	at org.junit.platform.launcher.core.DefaultLauncher.withInterceptedStreams(DefaultLauncher.java:226)
	at org.junit.platform.launcher.core.DefaultLauncher.execute(DefaultLauncher.java:199)
	at org.junit.platform.launcher.core.DefaultLauncher.execute(DefaultLauncher.java:132)
	at org.apache.maven.surefire.junitplatform.JUnitPlatformProvider.invokeAllTests(JUnitPlatformProvider.java:142)
	at org.apache.maven.surefire.junitplatform.JUnitPlatformProvider.invoke(JUnitPlatformProvider.java:113)
	at org.apache.maven.surefire.booter.ForkedBooter.invokeProviderInSameClassLoader(ForkedBooter.java:384)
	at org.apache.maven.surefire.booter.ForkedBooter.runSuitesInProcess(ForkedBooter.java:345)
	at org.apache.maven.surefire.booter.ForkedBooter.execute(ForkedBooter.java:126)
	at org.apache.maven.surefire.booter.ForkedBooter.main(ForkedBooter.java:418)
2021-11-08 11:19:24,933 [myid:] - INFO  [main:FourLetterWordMain@94] - connecting to 127.0.0.1 30197
2021-11-08 11:19:24,933 [myid:1] - WARN  [nioEventLoopGroup-90-4:NettyServerCnxnFactory$CnxnChannelHandler@231] - Zookeeper server is not running, close the connection before starting the TLS handshake
2021-11-08 11:19:24,949 [myid:] - INFO  [main:ClientBase@267] - server 127.0.0.1:30197 not up
java.net.SocketException: Software caused connection abort: recv failed
	at java.net.SocketInputStream.socketRead0(Native Method)
	at java.net.SocketInputStream.read(SocketInputStream.java:150)
	at java.net.SocketInputStream.read(SocketInputStream.java:121)
	at sun.nio.cs.StreamDecoder.readBytes(StreamDecoder.java:284)
	at sun.nio.cs.StreamDecoder.implRead(StreamDecoder.java:326)
	at sun.nio.cs.StreamDecoder.read(StreamDecoder.java:178)
	at java.io.InputStreamReader.read(InputStreamReader.java:184)
	at java.io.BufferedReader.fill(BufferedReader.java:161)
	at java.io.BufferedReader.readLine(BufferedReader.java:324)
	at java.io.BufferedReader.readLine(BufferedReader.java:389)
	at org.apache.zookeeper.client.FourLetterWordMain.send4LetterWord(FourLetterWordMain.java:129)
	at org.apache.zookeeper.client.FourLetterWordMain.send4LetterWord(FourLetterWordMain.java:74)
	at org.apache.zookeeper.test.ClientBase.waitForServerUp(ClientBase.java:258)
	at org.apache.zookeeper.test.ClientBase.waitForServerUp(ClientBase.java:249)
	at org.apache.zookeeper.server.quorum.QuorumSSLTest.testHostnameVerification(QuorumSSLTest.java:671)
	at org.apache.zookeeper.server.quorum.QuorumSSLTest.testHostnameVerificationWithInvalidIpAddressAndInvalidHostname(QuorumSSLTest.java:600)
	at sun.reflect.NativeMethodAccessorImpl.invoke0(Native Method)
	at sun.reflect.NativeMethodAccessorImpl.invoke(NativeMethodAccessorImpl.java:62)
	at sun.reflect.DelegatingMethodAccessorImpl.invoke(DelegatingMethodAccessorImpl.java:43)
	at java.lang.reflect.Method.invoke(Method.java:483)
	at org.junit.platform.commons.util.ReflectionUtils.invokeMethod(ReflectionUtils.java:686)
	at org.junit.jupiter.engine.execution.MethodInvocation.proceed(MethodInvocation.java:60)
	at org.junit.jupiter.engine.execution.InvocationInterceptorChain$ValidatingInvocation.proceed(InvocationInterceptorChain.java:131)
	at org.junit.jupiter.engine.extension.TimeoutInvocation.proceed(TimeoutInvocation.java:46)
	at org.junit.jupiter.engine.extension.TimeoutExtension.intercept(TimeoutExtension.java:149)
	at org.junit.jupiter.engine.extension.TimeoutExtension.interceptTestableMethod(TimeoutExtension.java:140)
	at org.junit.jupiter.engine.extension.TimeoutExtension.interceptTestMethod(TimeoutExtension.java:84)
	at org.junit.jupiter.engine.descriptor.TestMethodTestDescriptor$$Lambda$111/1780132728.apply(Unknown Source)
	at org.junit.jupiter.engine.execution.ExecutableInvoker$ReflectiveInterceptorCall.lambda$ofVoidMethod$0(ExecutableInvoker.java:115)
	at org.junit.jupiter.engine.execution.ExecutableInvoker$ReflectiveInterceptorCall$$Lambda$112/1725017993.apply(Unknown Source)
	at org.junit.jupiter.engine.execution.ExecutableInvoker.lambda$invoke$0(ExecutableInvoker.java:105)
	at org.junit.jupiter.engine.execution.ExecutableInvoker$$Lambda$234/64133603.apply(Unknown Source)
	at org.junit.jupiter.engine.execution.InvocationInterceptorChain$InterceptedInvocation.proceed(InvocationInterceptorChain.java:106)
	at org.junit.jupiter.engine.execution.InvocationInterceptorChain.proceed(InvocationInterceptorChain.java:64)
	at org.junit.jupiter.engine.execution.InvocationInterceptorChain.chainAndInvoke(InvocationInterceptorChain.java:45)
	at org.junit.jupiter.engine.execution.InvocationInterceptorChain.invoke(InvocationInterceptorChain.java:37)
	at org.junit.jupiter.engine.execution.ExecutableInvoker.invoke(ExecutableInvoker.java:104)
	at org.junit.jupiter.engine.execution.ExecutableInvoker.invoke(ExecutableInvoker.java:98)
	at org.junit.jupiter.engine.descriptor.TestMethodTestDescriptor.lambda$invokeTestMethod$6(TestMethodTestDescriptor.java:212)
	at org.junit.jupiter.engine.descriptor.TestMethodTestDescriptor$$Lambda$271/224100622.execute(Unknown Source)
	at org.junit.platform.engine.support.hierarchical.ThrowableCollector.execute(ThrowableCollector.java:73)
	at org.junit.jupiter.engine.descriptor.TestMethodTestDescriptor.invokeTestMethod(TestMethodTestDescriptor.java:208)
	at org.junit.jupiter.engine.descriptor.TestMethodTestDescriptor.execute(TestMethodTestDescriptor.java:137)
	at org.junit.jupiter.engine.descriptor.TestMethodTestDescriptor.execute(TestMethodTestDescriptor.java:71)
	at org.junit.platform.engine.support.hierarchical.NodeTestTask.lambda$executeRecursively$5(NodeTestTask.java:135)
	at org.junit.platform.engine.support.hierarchical.NodeTestTask$$Lambda$179/195615004.execute(Unknown Source)
	at org.junit.platform.engine.support.hierarchical.ThrowableCollector.execute(ThrowableCollector.java:73)
	at org.junit.platform.engine.support.hierarchical.NodeTestTask.lambda$executeRecursively$7(NodeTestTask.java:125)
	at org.junit.platform.engine.support.hierarchical.NodeTestTask$$Lambda$178/1890627974.invoke(Unknown Source)
	at org.junit.platform.engine.support.hierarchical.Node.around(Node.java:135)
	at org.junit.platform.engine.support.hierarchical.NodeTestTask.lambda$executeRecursively$8(NodeTestTask.java:123)
	at org.junit.platform.engine.support.hierarchical.NodeTestTask$$Lambda$177/231977479.execute(Unknown Source)
	at org.junit.platform.engine.support.hierarchical.ThrowableCollector.execute(ThrowableCollector.java:73)
	at org.junit.platform.engine.support.hierarchical.NodeTestTask.executeRecursively(NodeTestTask.java:122)
	at org.junit.platform.engine.support.hierarchical.NodeTestTask.execute(NodeTestTask.java:80)
	at org.junit.platform.engine.support.hierarchical.SameThreadHierarchicalTestExecutorService$$Lambda$183/1381713434.accept(Unknown Source)
	at java.util.ArrayList.forEach(ArrayList.java:1249)
	at org.junit.platform.engine.support.hierarchical.SameThreadHierarchicalTestExecutorService.invokeAll(SameThreadHierarchicalTestExecutorService.java:38)
	at org.junit.platform.engine.support.hierarchical.NodeTestTask.lambda$executeRecursively$5(NodeTestTask.java:139)
	at org.junit.platform.engine.support.hierarchical.NodeTestTask$$Lambda$179/195615004.execute(Unknown Source)
	at org.junit.platform.engine.support.hierarchical.ThrowableCollector.execute(ThrowableCollector.java:73)
	at org.junit.platform.engine.support.hierarchical.NodeTestTask.lambda$executeRecursively$7(NodeTestTask.java:125)
	at org.junit.platform.engine.support.hierarchical.NodeTestTask$$Lambda$178/1890627974.invoke(Unknown Source)
	at org.junit.platform.engine.support.hierarchical.Node.around(Node.java:135)
	at org.junit.platform.engine.support.hierarchical.NodeTestTask.lambda$executeRecursively$8(NodeTestTask.java:123)
	at org.junit.platform.engine.support.hierarchical.NodeTestTask$$Lambda$177/231977479.execute(Unknown Source)
	at org.junit.platform.engine.support.hierarchical.ThrowableCollector.execute(ThrowableCollector.java:73)
	at org.junit.platform.engine.support.hierarchical.NodeTestTask.executeRecursively(NodeTestTask.java:122)
	at org.junit.platform.engine.support.hierarchical.NodeTestTask.execute(NodeTestTask.java:80)
	at org.junit.platform.engine.support.hierarchical.SameThreadHierarchicalTestExecutorService$$Lambda$183/1381713434.accept(Unknown Source)
	at java.util.ArrayList.forEach(ArrayList.java:1249)
	at org.junit.platform.engine.support.hierarchical.SameThreadHierarchicalTestExecutorService.invokeAll(SameThreadHierarchicalTestExecutorService.java:38)
	at org.junit.platform.engine.support.hierarchical.NodeTestTask.lambda$executeRecursively$5(NodeTestTask.java:139)
	at org.junit.platform.engine.support.hierarchical.NodeTestTask$$Lambda$179/195615004.execute(Unknown Source)
	at org.junit.platform.engine.support.hierarchical.ThrowableCollector.execute(ThrowableCollector.java:73)
	at org.junit.platform.engine.support.hierarchical.NodeTestTask.lambda$executeRecursively$7(NodeTestTask.java:125)
	at org.junit.platform.engine.support.hierarchical.NodeTestTask$$Lambda$178/1890627974.invoke(Unknown Source)
	at org.junit.platform.engine.support.hierarchical.Node.around(Node.java:135)
	at org.junit.platform.engine.support.hierarchical.NodeTestTask.lambda$executeRecursively$8(NodeTestTask.java:123)
	at org.junit.platform.engine.support.hierarchical.NodeTestTask$$Lambda$177/231977479.execute(Unknown Source)
	at org.junit.platform.engine.support.hierarchical.ThrowableCollector.execute(ThrowableCollector.java:73)
	at org.junit.platform.engine.support.hierarchical.NodeTestTask.executeRecursively(NodeTestTask.java:122)
	at org.junit.platform.engine.support.hierarchical.NodeTestTask.execute(NodeTestTask.java:80)
	at org.junit.platform.engine.support.hierarchical.SameThreadHierarchicalTestExecutorService.submit(SameThreadHierarchicalTestExecutorService.java:32)
	at org.junit.platform.engine.support.hierarchical.HierarchicalTestExecutor.execute(HierarchicalTestExecutor.java:57)
	at org.junit.platform.engine.support.hierarchical.HierarchicalTestEngine.execute(HierarchicalTestEngine.java:51)
	at org.junit.platform.launcher.core.DefaultLauncher.execute(DefaultLauncher.java:248)
	at org.junit.platform.launcher.core.DefaultLauncher.lambda$execute$5(DefaultLauncher.java:211)
	at org.junit.platform.launcher.core.DefaultLauncher$$Lambda$143/233996206.accept(Unknown Source)
	at org.junit.platform.launcher.core.DefaultLauncher.withInterceptedStreams(DefaultLauncher.java:226)
	at org.junit.platform.launcher.core.DefaultLauncher.execute(DefaultLauncher.java:199)
	at org.junit.platform.launcher.core.DefaultLauncher.execute(DefaultLauncher.java:132)
	at org.apache.maven.surefire.junitplatform.JUnitPlatformProvider.invokeAllTests(JUnitPlatformProvider.java:142)
	at org.apache.maven.surefire.junitplatform.JUnitPlatformProvider.invoke(JUnitPlatformProvider.java:113)
	at org.apache.maven.surefire.booter.ForkedBooter.invokeProviderInSameClassLoader(ForkedBooter.java:384)
	at org.apache.maven.surefire.booter.ForkedBooter.runSuitesInProcess(ForkedBooter.java:345)
	at org.apache.maven.surefire.booter.ForkedBooter.execute(ForkedBooter.java:126)
	at org.apache.maven.surefire.booter.ForkedBooter.main(ForkedBooter.java:418)
2021-11-08 11:19:25,200 [myid:] - INFO  [main:FourLetterWordMain@94] - connecting to 127.0.0.1 30197
2021-11-08 11:19:25,201 [myid:1] - WARN  [nioEventLoopGroup-90-5:NettyServerCnxnFactory$CnxnChannelHandler@231] - Zookeeper server is not running, close the connection before starting the TLS handshake
2021-11-08 11:19:25,464 [myid:] - INFO  [main:FourLetterWordMain@94] - connecting to 127.0.0.1 30197
2021-11-08 11:19:25,464 [myid:1] - WARN  [nioEventLoopGroup-90-6:NettyServerCnxnFactory$CnxnChannelHandler@231] - Zookeeper server is not running, close the connection before starting the TLS handshake
2021-11-08 11:19:25,465 [myid:] - INFO  [main:QuorumBase@422] - Shutting down quorum peer QuorumPeer[myid=1](plain=[0:0:0:0:0:0:0:0]:30197)(secure=disabled)
2021-11-08 11:19:25,465 [myid:] - INFO  [main:NettyServerCnxnFactory@647] - shutdown called /0:0:0:0:0:0:0:0:30197
2021-11-08 11:19:25,466 [myid:1] - INFO  [QuorumPeerListener:QuorumCnxManager$Listener@980] - Leaving listener
2021-11-08 11:19:25,466 [myid:1] - WARN  [QuorumPeer[myid=1](plain=[0:0:0:0:0:0:0:0]:30197)(secure=disabled):QuorumPeer@1486] - Unexpected exception
java.lang.InterruptedException
	at java.util.concurrent.locks.AbstractQueuedSynchronizer$ConditionObject.reportInterruptAfterWait(AbstractQueuedSynchronizer.java:2014)
	at java.util.concurrent.locks.AbstractQueuedSynchronizer$ConditionObject.awaitNanos(AbstractQueuedSynchronizer.java:2088)
	at java.util.concurrent.LinkedBlockingQueue.poll(LinkedBlockingQueue.java:467)
	at org.apache.zookeeper.server.quorum.FastLeaderElection.lookForLeader(FastLeaderElection.java:966)
	at org.apache.zookeeper.server.quorum.QuorumPeer.run(QuorumPeer.java:1484)
2021-11-08 11:19:25,466 [myid:] - INFO  [main:QuorumBase@426] - Shutting down leader election QuorumPeer[myid=1](plain=[0:0:0:0:0:0:0:0]:30197)(secure=disabled)
2021-11-08 11:19:25,466 [myid:1] - INFO  [QuorumPeer[myid=1](plain=[0:0:0:0:0:0:0:0]:30197)(secure=disabled):QuorumPeer@915] - Peer state changed: looking
2021-11-08 11:19:25,467 [myid:1] - WARN  [QuorumPeer[myid=1](plain=[0:0:0:0:0:0:0:0]:30197)(secure=disabled):QuorumPeer@1545] - QuorumPeer main thread exited
2021-11-08 11:19:25,467 [myid:] - INFO  [main:QuorumBase@431] - Waiting for QuorumPeer[myid=1](plain=[0:0:0:0:0:0:0:0]:30197)(secure=disabled) to exit thread
2021-11-08 11:19:25,467 [myid:] - INFO  [main:QuorumBase@422] - Shutting down quorum peer QuorumPeer[myid=2](plain=[0:0:0:0:0:0:0:0]:30198)(secure=disabled)
2021-11-08 11:19:25,467 [myid:] - INFO  [main:NettyServerCnxnFactory@647] - shutdown called /0:0:0:0:0:0:0:0:30198
2021-11-08 11:19:25,467 [myid:2] - WARN  [QuorumPeer[myid=2](plain=[0:0:0:0:0:0:0:0]:30198)(secure=disabled):QuorumPeer@1486] - Unexpected exception
java.lang.InterruptedException
	at java.util.concurrent.locks.AbstractQueuedSynchronizer$ConditionObject.reportInterruptAfterWait(AbstractQueuedSynchronizer.java:2014)
	at java.util.concurrent.locks.AbstractQueuedSynchronizer$ConditionObject.awaitNanos(AbstractQueuedSynchronizer.java:2088)
	at java.util.concurrent.LinkedBlockingQueue.poll(LinkedBlockingQueue.java:467)
	at org.apache.zookeeper.server.quorum.FastLeaderElection.lookForLeader(FastLeaderElection.java:966)
	at org.apache.zookeeper.server.quorum.QuorumPeer.run(QuorumPeer.java:1484)
2021-11-08 11:19:25,468 [myid:2] - INFO  [QuorumPeerListener:QuorumCnxManager$Listener@980] - Leaving listener
2021-11-08 11:19:25,468 [myid:2] - INFO  [QuorumPeer[myid=2](plain=[0:0:0:0:0:0:0:0]:30198)(secure=disabled):QuorumPeer@915] - Peer state changed: looking
2021-11-08 11:19:25,468 [myid:2] - WARN  [QuorumPeer[myid=2](plain=[0:0:0:0:0:0:0:0]:30198)(secure=disabled):QuorumPeer@1545] - QuorumPeer main thread exited
2021-11-08 11:19:25,468 [myid:] - INFO  [main:QuorumBase@426] - Shutting down leader election QuorumPeer[myid=2](plain=[0:0:0:0:0:0:0:0]:30198)(secure=disabled)
2021-11-08 11:19:25,468 [myid:] - INFO  [main:QuorumBase@431] - Waiting for QuorumPeer[myid=2](plain=[0:0:0:0:0:0:0:0]:30198)(secure=disabled) to exit thread
2021-11-08 11:19:25,469 [myid:] - INFO  [main:QuorumPeerTestBase@64] - No servers to shutdown!
2021-11-08 11:19:25,469 [myid:] - INFO  [main:ZKTestCase@82] - FINISHED Optional[public void org.apache.zookeeper.server.quorum.QuorumSSLTest.testHostnameVerificationWithInvalidIpAddressAndInvalidHostname() throws java.lang.Exception]
]]></system-out>
    <system-err><![CDATA[Exception in thread "QuorumConnectionThread-[myid=1]-2" java.lang.IllegalArgumentException: Cannot support TLS_ECDHE_ECDSA_WITH_AES_256_CBC_SHA384 with currently installed providers
	at sun.security.ssl.CipherSuiteList.<init>(CipherSuiteList.java:92)
	at sun.security.ssl.SSLSocketImpl.setEnabledCipherSuites(SSLSocketImpl.java:2419)
	at javax.net.ssl.SSLSocket.setSSLParameters(SSLSocket.java:650)
	at sun.security.ssl.SSLSocketImpl.setSSLParameters(SSLSocketImpl.java:2544)
	at org.apache.zookeeper.common.SSLContextAndOptions.configureSSLSocket(SSLContextAndOptions.java:125)
	at org.apache.zookeeper.common.SSLContextAndOptions.createSSLSocket(SSLContextAndOptions.java:80)
	at org.apache.zookeeper.common.X509Util.createSSLSocket(X509Util.java:517)
	at org.apache.zookeeper.server.quorum.QuorumCnxManager.initiateConnection(QuorumCnxManager.java:379)
	at org.apache.zookeeper.server.quorum.QuorumCnxManager$QuorumConnectionReqThread.run(QuorumCnxManager.java:458)
	at java.util.concurrent.ThreadPoolExecutor.runWorker(ThreadPoolExecutor.java:1142)
	at java.util.concurrent.ThreadPoolExecutor$Worker.run(ThreadPoolExecutor.java:617)
	at java.lang.Thread.run(Thread.java:745)
Exception in thread "QuorumConnectionThread-[myid=2]-2" java.lang.IllegalArgumentException: Cannot support TLS_ECDHE_ECDSA_WITH_AES_256_CBC_SHA384 with currently installed providers
	at sun.security.ssl.CipherSuiteList.<init>(CipherSuiteList.java:92)
	at sun.security.ssl.SSLSocketImpl.setEnabledCipherSuites(SSLSocketImpl.java:2419)
	at javax.net.ssl.SSLSocket.setSSLParameters(SSLSocket.java:650)
	at sun.security.ssl.SSLSocketImpl.setSSLParameters(SSLSocketImpl.java:2544)
	at org.apache.zookeeper.common.SSLContextAndOptions.configureSSLSocket(SSLContextAndOptions.java:125)
	at org.apache.zookeeper.common.SSLContextAndOptions.createSSLSocket(SSLContextAndOptions.java:80)
	at org.apache.zookeeper.common.X509Util.createSSLSocket(X509Util.java:517)
	at org.apache.zookeeper.server.quorum.QuorumCnxManager.initiateConnection(QuorumCnxManager.java:379)
	at org.apache.zookeeper.server.quorum.QuorumCnxManager$QuorumConnectionReqThread.run(QuorumCnxManager.java:458)
	at java.util.concurrent.ThreadPoolExecutor.runWorker(ThreadPoolExecutor.java:1142)
	at java.util.concurrent.ThreadPoolExecutor$Worker.run(ThreadPoolExecutor.java:617)
	at java.lang.Thread.run(Thread.java:745)
Exception in thread "QuorumConnectionThread-[myid=1]-1" java.lang.IllegalArgumentException: Cannot support TLS_ECDHE_ECDSA_WITH_AES_256_CBC_SHA384 with currently installed providers
	at sun.security.ssl.CipherSuiteList.<init>(CipherSuiteList.java:92)
	at sun.security.ssl.SSLSocketImpl.setEnabledCipherSuites(SSLSocketImpl.java:2419)
	at javax.net.ssl.SSLSocket.setSSLParameters(SSLSocket.java:650)
	at sun.security.ssl.SSLSocketImpl.setSSLParameters(SSLSocketImpl.java:2544)
	at org.apache.zookeeper.common.SSLContextAndOptions.configureSSLSocket(SSLContextAndOptions.java:125)
	at org.apache.zookeeper.common.SSLContextAndOptions.createSSLSocket(SSLContextAndOptions.java:80)
	at org.apache.zookeeper.common.X509Util.createSSLSocket(X509Util.java:517)
	at org.apache.zookeeper.server.quorum.QuorumCnxManager.initiateConnection(QuorumCnxManager.java:379)
	at org.apache.zookeeper.server.quorum.QuorumCnxManager$QuorumConnectionReqThread.run(QuorumCnxManager.java:458)
	at java.util.concurrent.ThreadPoolExecutor.runWorker(ThreadPoolExecutor.java:1142)
	at java.util.concurrent.ThreadPoolExecutor$Worker.run(ThreadPoolExecutor.java:617)
	at java.lang.Thread.run(Thread.java:745)
Exception in thread "QuorumConnectionThread-[myid=2]-1" java.lang.IllegalArgumentException: Cannot support TLS_ECDHE_ECDSA_WITH_AES_256_CBC_SHA384 with currently installed providers
	at sun.security.ssl.CipherSuiteList.<init>(CipherSuiteList.java:92)
	at sun.security.ssl.SSLSocketImpl.setEnabledCipherSuites(SSLSocketImpl.java:2419)
	at javax.net.ssl.SSLSocket.setSSLParameters(SSLSocket.java:650)
	at sun.security.ssl.SSLSocketImpl.setSSLParameters(SSLSocketImpl.java:2544)
	at org.apache.zookeeper.common.SSLContextAndOptions.configureSSLSocket(SSLContextAndOptions.java:125)
	at org.apache.zookeeper.common.SSLContextAndOptions.createSSLSocket(SSLContextAndOptions.java:80)
	at org.apache.zookeeper.common.X509Util.createSSLSocket(X509Util.java:517)
	at org.apache.zookeeper.server.quorum.QuorumCnxManager.initiateConnection(QuorumCnxManager.java:379)
	at org.apache.zookeeper.server.quorum.QuorumCnxManager$QuorumConnectionReqThread.run(QuorumCnxManager.java:458)
	at java.util.concurrent.ThreadPoolExecutor.runWorker(ThreadPoolExecutor.java:1142)
	at java.util.concurrent.ThreadPoolExecutor$Worker.run(ThreadPoolExecutor.java:617)
	at java.lang.Thread.run(Thread.java:745)
Exception in thread "QuorumConnectionThread-[myid=1]-4" java.lang.IllegalArgumentException: Cannot support TLS_ECDHE_ECDSA_WITH_AES_256_CBC_SHA384 with currently installed providers
	at sun.security.ssl.CipherSuiteList.<init>(CipherSuiteList.java:92)
	at sun.security.ssl.SSLSocketImpl.setEnabledCipherSuites(SSLSocketImpl.java:2419)
	at javax.net.ssl.SSLSocket.setSSLParameters(SSLSocket.java:650)
	at sun.security.ssl.SSLSocketImpl.setSSLParameters(SSLSocketImpl.java:2544)
	at org.apache.zookeeper.common.SSLContextAndOptions.configureSSLSocket(SSLContextAndOptions.java:125)
	at org.apache.zookeeper.common.SSLContextAndOptions.createSSLSocket(SSLContextAndOptions.java:80)
	at org.apache.zookeeper.common.X509Util.createSSLSocket(X509Util.java:517)
	at org.apache.zookeeper.server.quorum.QuorumCnxManager.initiateConnection(QuorumCnxManager.java:379)
	at org.apache.zookeeper.server.quorum.QuorumCnxManager$QuorumConnectionReqThread.run(QuorumCnxManager.java:458)
	at java.util.concurrent.ThreadPoolExecutor.runWorker(ThreadPoolExecutor.java:1142)
	at java.util.concurrent.ThreadPoolExecutor$Worker.run(ThreadPoolExecutor.java:617)
	at java.lang.Thread.run(Thread.java:745)
Exception in thread "QuorumConnectionThread-[myid=2]-4" java.lang.IllegalArgumentException: Cannot support TLS_ECDHE_ECDSA_WITH_AES_256_CBC_SHA384 with currently installed providers
	at sun.security.ssl.CipherSuiteList.<init>(CipherSuiteList.java:92)
	at sun.security.ssl.SSLSocketImpl.setEnabledCipherSuites(SSLSocketImpl.java:2419)
	at javax.net.ssl.SSLSocket.setSSLParameters(SSLSocket.java:650)
	at sun.security.ssl.SSLSocketImpl.setSSLParameters(SSLSocketImpl.java:2544)
	at org.apache.zookeeper.common.SSLContextAndOptions.configureSSLSocket(SSLContextAndOptions.java:125)
	at org.apache.zookeeper.common.SSLContextAndOptions.createSSLSocket(SSLContextAndOptions.java:80)
	at org.apache.zookeeper.common.X509Util.createSSLSocket(X509Util.java:517)
	at org.apache.zookeeper.server.quorum.QuorumCnxManager.initiateConnection(QuorumCnxManager.java:379)
	at org.apache.zookeeper.server.quorum.QuorumCnxManager$QuorumConnectionReqThread.run(QuorumCnxManager.java:458)
	at java.util.concurrent.ThreadPoolExecutor.runWorker(ThreadPoolExecutor.java:1142)
	at java.util.concurrent.ThreadPoolExecutor$Worker.run(ThreadPoolExecutor.java:617)
	at java.lang.Thread.run(Thread.java:745)
Exception in thread "QuorumConnectionThread-[myid=1]-5" java.lang.IllegalArgumentException: Cannot support TLS_ECDHE_ECDSA_WITH_AES_256_CBC_SHA384 with currently installed providers
	at sun.security.ssl.CipherSuiteList.<init>(CipherSuiteList.java:92)
	at sun.security.ssl.SSLSocketImpl.setEnabledCipherSuites(SSLSocketImpl.java:2419)
	at javax.net.ssl.SSLSocket.setSSLParameters(SSLSocket.java:650)
	at sun.security.ssl.SSLSocketImpl.setSSLParameters(SSLSocketImpl.java:2544)
	at org.apache.zookeeper.common.SSLContextAndOptions.configureSSLSocket(SSLContextAndOptions.java:125)
	at org.apache.zookeeper.common.SSLContextAndOptions.createSSLSocket(SSLContextAndOptions.java:80)
	at org.apache.zookeeper.common.X509Util.createSSLSocket(X509Util.java:517)
	at org.apache.zookeeper.server.quorum.QuorumCnxManager.initiateConnection(QuorumCnxManager.java:379)
	at org.apache.zookeeper.server.quorum.QuorumCnxManager$QuorumConnectionReqThread.run(QuorumCnxManager.java:458)
	at java.util.concurrent.ThreadPoolExecutor.runWorker(ThreadPoolExecutor.java:1142)
	at java.util.concurrent.ThreadPoolExecutor$Worker.run(ThreadPoolExecutor.java:617)
	at java.lang.Thread.run(Thread.java:745)
Exception in thread "QuorumConnectionThread-[myid=2]-5" java.lang.IllegalArgumentException: Cannot support TLS_ECDHE_ECDSA_WITH_AES_256_CBC_SHA384 with currently installed providers
	at sun.security.ssl.CipherSuiteList.<init>(CipherSuiteList.java:92)
	at sun.security.ssl.SSLSocketImpl.setEnabledCipherSuites(SSLSocketImpl.java:2419)
	at javax.net.ssl.SSLSocket.setSSLParameters(SSLSocket.java:650)
	at sun.security.ssl.SSLSocketImpl.setSSLParameters(SSLSocketImpl.java:2544)
	at org.apache.zookeeper.common.SSLContextAndOptions.configureSSLSocket(SSLContextAndOptions.java:125)
	at org.apache.zookeeper.common.SSLContextAndOptions.createSSLSocket(SSLContextAndOptions.java:80)
	at org.apache.zookeeper.common.X509Util.createSSLSocket(X509Util.java:517)
	at org.apache.zookeeper.server.quorum.QuorumCnxManager.initiateConnection(QuorumCnxManager.java:379)
	at org.apache.zookeeper.server.quorum.QuorumCnxManager$QuorumConnectionReqThread.run(QuorumCnxManager.java:458)
	at java.util.concurrent.ThreadPoolExecutor.runWorker(ThreadPoolExecutor.java:1142)
	at java.util.concurrent.ThreadPoolExecutor$Worker.run(ThreadPoolExecutor.java:617)
	at java.lang.Thread.run(Thread.java:745)
Exception in thread "QuorumConnectionThread-[myid=1]-7" java.lang.IllegalArgumentException: Cannot support TLS_ECDHE_ECDSA_WITH_AES_256_CBC_SHA384 with currently installed providers
	at sun.security.ssl.CipherSuiteList.<init>(CipherSuiteList.java:92)
	at sun.security.ssl.SSLSocketImpl.setEnabledCipherSuites(SSLSocketImpl.java:2419)
	at javax.net.ssl.SSLSocket.setSSLParameters(SSLSocket.java:650)
	at sun.security.ssl.SSLSocketImpl.setSSLParameters(SSLSocketImpl.java:2544)
	at org.apache.zookeeper.common.SSLContextAndOptions.configureSSLSocket(SSLContextAndOptions.java:125)
	at org.apache.zookeeper.common.SSLContextAndOptions.createSSLSocket(SSLContextAndOptions.java:80)
	at org.apache.zookeeper.common.X509Util.createSSLSocket(X509Util.java:517)
	at org.apache.zookeeper.server.quorum.QuorumCnxManager.initiateConnection(QuorumCnxManager.java:379)
	at org.apache.zookeeper.server.quorum.QuorumCnxManager$QuorumConnectionReqThread.run(QuorumCnxManager.java:458)
	at java.util.concurrent.ThreadPoolExecutor.runWorker(ThreadPoolExecutor.java:1142)
	at java.util.concurrent.ThreadPoolExecutor$Worker.run(ThreadPoolExecutor.java:617)
	at java.lang.Thread.run(Thread.java:745)
Exception in thread "QuorumConnectionThread-[myid=2]-6" java.lang.IllegalArgumentException: Cannot support TLS_ECDHE_ECDSA_WITH_AES_256_CBC_SHA384 with currently installed providers
	at sun.security.ssl.CipherSuiteList.<init>(CipherSuiteList.java:92)
	at sun.security.ssl.SSLSocketImpl.setEnabledCipherSuites(SSLSocketImpl.java:2419)
	at javax.net.ssl.SSLSocket.setSSLParameters(SSLSocket.java:650)
	at sun.security.ssl.SSLSocketImpl.setSSLParameters(SSLSocketImpl.java:2544)
	at org.apache.zookeeper.common.SSLContextAndOptions.configureSSLSocket(SSLContextAndOptions.java:125)
	at org.apache.zookeeper.common.SSLContextAndOptions.createSSLSocket(SSLContextAndOptions.java:80)
	at org.apache.zookeeper.common.X509Util.createSSLSocket(X509Util.java:517)
	at org.apache.zookeeper.server.quorum.QuorumCnxManager.initiateConnection(QuorumCnxManager.java:379)
	at org.apache.zookeeper.server.quorum.QuorumCnxManager$QuorumConnectionReqThread.run(QuorumCnxManager.java:458)
	at java.util.concurrent.ThreadPoolExecutor.runWorker(ThreadPoolExecutor.java:1142)
	at java.util.concurrent.ThreadPoolExecutor$Worker.run(ThreadPoolExecutor.java:617)
	at java.lang.Thread.run(Thread.java:745)
Exception in thread "QuorumConnectionThread-[myid=2]-7" java.lang.IllegalArgumentException: Cannot support TLS_ECDHE_ECDSA_WITH_AES_256_CBC_SHA384 with currently installed providers
	at sun.security.ssl.CipherSuiteList.<init>(CipherSuiteList.java:92)
	at sun.security.ssl.SSLSocketImpl.setEnabledCipherSuites(SSLSocketImpl.java:2419)
	at javax.net.ssl.SSLSocket.setSSLParameters(SSLSocket.java:650)
	at sun.security.ssl.SSLSocketImpl.setSSLParameters(SSLSocketImpl.java:2544)
	at org.apache.zookeeper.common.SSLContextAndOptions.configureSSLSocket(SSLContextAndOptions.java:125)
	at org.apache.zookeeper.common.SSLContextAndOptions.createSSLSocket(SSLContextAndOptions.java:80)
	at org.apache.zookeeper.common.X509Util.createSSLSocket(X509Util.java:517)
	at org.apache.zookeeper.server.quorum.QuorumCnxManager.initiateConnection(QuorumCnxManager.java:379)
	at org.apache.zookeeper.server.quorum.QuorumCnxManager$QuorumConnectionReqThread.run(QuorumCnxManager.java:458)
	at java.util.concurrent.ThreadPoolExecutor.runWorker(ThreadPoolExecutor.java:1142)
	at java.util.concurrent.ThreadPoolExecutor$Worker.run(ThreadPoolExecutor.java:617)
	at java.lang.Thread.run(Thread.java:745)
Exception in thread "QuorumConnectionThread-[myid=1]-6" java.lang.IllegalArgumentException: Cannot support TLS_ECDHE_ECDSA_WITH_AES_256_CBC_SHA384 with currently installed providers
	at sun.security.ssl.CipherSuiteList.<init>(CipherSuiteList.java:92)
	at sun.security.ssl.SSLSocketImpl.setEnabledCipherSuites(SSLSocketImpl.java:2419)
	at javax.net.ssl.SSLSocket.setSSLParameters(SSLSocket.java:650)
	at sun.security.ssl.SSLSocketImpl.setSSLParameters(SSLSocketImpl.java:2544)
	at org.apache.zookeeper.common.SSLContextAndOptions.configureSSLSocket(SSLContextAndOptions.java:125)
	at org.apache.zookeeper.common.SSLContextAndOptions.createSSLSocket(SSLContextAndOptions.java:80)
	at org.apache.zookeeper.common.X509Util.createSSLSocket(X509Util.java:517)
	at org.apache.zookeeper.server.quorum.QuorumCnxManager.initiateConnection(QuorumCnxManager.java:379)
	at org.apache.zookeeper.server.quorum.QuorumCnxManager$QuorumConnectionReqThread.run(QuorumCnxManager.java:458)
	at java.util.concurrent.ThreadPoolExecutor.runWorker(ThreadPoolExecutor.java:1142)
	at java.util.concurrent.ThreadPoolExecutor$Worker.run(ThreadPoolExecutor.java:617)
	at java.lang.Thread.run(Thread.java:745)
Exception in thread "QuorumConnectionThread-[myid=2]-9" java.lang.IllegalArgumentException: Cannot support TLS_ECDHE_ECDSA_WITH_AES_256_CBC_SHA384 with currently installed providers
	at sun.security.ssl.CipherSuiteList.<init>(CipherSuiteList.java:92)
	at sun.security.ssl.SSLSocketImpl.setEnabledCipherSuites(SSLSocketImpl.java:2419)
	at javax.net.ssl.SSLSocket.setSSLParameters(SSLSocket.java:650)
	at sun.security.ssl.SSLSocketImpl.setSSLParameters(SSLSocketImpl.java:2544)
	at org.apache.zookeeper.common.SSLContextAndOptions.configureSSLSocket(SSLContextAndOptions.java:125)
	at org.apache.zookeeper.common.SSLContextAndOptions.createSSLSocket(SSLContextAndOptions.java:80)
	at org.apache.zookeeper.common.X509Util.createSSLSocket(X509Util.java:517)
	at org.apache.zookeeper.server.quorum.QuorumCnxManager.initiateConnection(QuorumCnxManager.java:379)
	at org.apache.zookeeper.server.quorum.QuorumCnxManager$QuorumConnectionReqThread.run(QuorumCnxManager.java:458)
	at java.util.concurrent.ThreadPoolExecutor.runWorker(ThreadPoolExecutor.java:1142)
	at java.util.concurrent.ThreadPoolExecutor$Worker.run(ThreadPoolExecutor.java:617)
	at java.lang.Thread.run(Thread.java:745)
Exception in thread "QuorumConnectionThread-[myid=1]-8" java.lang.IllegalArgumentException: Cannot support TLS_ECDHE_ECDSA_WITH_AES_256_CBC_SHA384 with currently installed providers
	at sun.security.ssl.CipherSuiteList.<init>(CipherSuiteList.java:92)
	at sun.security.ssl.SSLSocketImpl.setEnabledCipherSuites(SSLSocketImpl.java:2419)
	at javax.net.ssl.SSLSocket.setSSLParameters(SSLSocket.java:650)
	at sun.security.ssl.SSLSocketImpl.setSSLParameters(SSLSocketImpl.java:2544)
	at org.apache.zookeeper.common.SSLContextAndOptions.configureSSLSocket(SSLContextAndOptions.java:125)
	at org.apache.zookeeper.common.SSLContextAndOptions.createSSLSocket(SSLContextAndOptions.java:80)
	at org.apache.zookeeper.common.X509Util.createSSLSocket(X509Util.java:517)
	at org.apache.zookeeper.server.quorum.QuorumCnxManager.initiateConnection(QuorumCnxManager.java:379)
	at org.apache.zookeeper.server.quorum.QuorumCnxManager$QuorumConnectionReqThread.run(QuorumCnxManager.java:458)
	at java.util.concurrent.ThreadPoolExecutor.runWorker(ThreadPoolExecutor.java:1142)
	at java.util.concurrent.ThreadPoolExecutor$Worker.run(ThreadPoolExecutor.java:617)
	at java.lang.Thread.run(Thread.java:745)
Exception in thread "QuorumConnectionThread-[myid=2]-8" java.lang.IllegalArgumentException: Cannot support TLS_ECDHE_ECDSA_WITH_AES_256_CBC_SHA384 with currently installed providers
	at sun.security.ssl.CipherSuiteList.<init>(CipherSuiteList.java:92)
	at sun.security.ssl.SSLSocketImpl.setEnabledCipherSuites(SSLSocketImpl.java:2419)
	at javax.net.ssl.SSLSocket.setSSLParameters(SSLSocket.java:650)
	at sun.security.ssl.SSLSocketImpl.setSSLParameters(SSLSocketImpl.java:2544)
	at org.apache.zookeeper.common.SSLContextAndOptions.configureSSLSocket(SSLContextAndOptions.java:125)
	at org.apache.zookeeper.common.SSLContextAndOptions.createSSLSocket(SSLContextAndOptions.java:80)
	at org.apache.zookeeper.common.X509Util.createSSLSocket(X509Util.java:517)
	at org.apache.zookeeper.server.quorum.QuorumCnxManager.initiateConnection(QuorumCnxManager.java:379)
	at org.apache.zookeeper.server.quorum.QuorumCnxManager$QuorumConnectionReqThread.run(QuorumCnxManager.java:458)
	at java.util.concurrent.ThreadPoolExecutor.runWorker(ThreadPoolExecutor.java:1142)
	at java.util.concurrent.ThreadPoolExecutor$Worker.run(ThreadPoolExecutor.java:617)
	at java.lang.Thread.run(Thread.java:745)
Exception in thread "QuorumConnectionThread-[myid=1]-9" java.lang.IllegalArgumentException: Cannot support TLS_ECDHE_ECDSA_WITH_AES_256_CBC_SHA384 with currently installed providers
	at sun.security.ssl.CipherSuiteList.<init>(CipherSuiteList.java:92)
	at sun.security.ssl.SSLSocketImpl.setEnabledCipherSuites(SSLSocketImpl.java:2419)
	at javax.net.ssl.SSLSocket.setSSLParameters(SSLSocket.java:650)
	at sun.security.ssl.SSLSocketImpl.setSSLParameters(SSLSocketImpl.java:2544)
	at org.apache.zookeeper.common.SSLContextAndOptions.configureSSLSocket(SSLContextAndOptions.java:125)
	at org.apache.zookeeper.common.SSLContextAndOptions.createSSLSocket(SSLContextAndOptions.java:80)
	at org.apache.zookeeper.common.X509Util.createSSLSocket(X509Util.java:517)
	at org.apache.zookeeper.server.quorum.QuorumCnxManager.initiateConnection(QuorumCnxManager.java:379)
	at org.apache.zookeeper.server.quorum.QuorumCnxManager$QuorumConnectionReqThread.run(QuorumCnxManager.java:458)
	at java.util.concurrent.ThreadPoolExecutor.runWorker(ThreadPoolExecutor.java:1142)
	at java.util.concurrent.ThreadPoolExecutor$Worker.run(ThreadPoolExecutor.java:617)
	at java.lang.Thread.run(Thread.java:745)
Exception in thread "QuorumConnectionThread-[myid=1]-11" java.lang.IllegalArgumentException: Cannot support TLS_ECDHE_ECDSA_WITH_AES_256_CBC_SHA384 with currently installed providers
	at sun.security.ssl.CipherSuiteList.<init>(CipherSuiteList.java:92)
	at sun.security.ssl.SSLSocketImpl.setEnabledCipherSuites(SSLSocketImpl.java:2419)
	at javax.net.ssl.SSLSocket.setSSLParameters(SSLSocket.java:650)
	at sun.security.ssl.SSLSocketImpl.setSSLParameters(SSLSocketImpl.java:2544)
	at org.apache.zookeeper.common.SSLContextAndOptions.configureSSLSocket(SSLContextAndOptions.java:125)
	at org.apache.zookeeper.common.SSLContextAndOptions.createSSLSocket(SSLContextAndOptions.java:80)
	at org.apache.zookeeper.common.X509Util.createSSLSocket(X509Util.java:517)
	at org.apache.zookeeper.server.quorum.QuorumCnxManager.initiateConnection(QuorumCnxManager.java:379)
	at org.apache.zookeeper.server.quorum.QuorumCnxManager$QuorumConnectionReqThread.run(QuorumCnxManager.java:458)
	at java.util.concurrent.ThreadPoolExecutor.runWorker(ThreadPoolExecutor.java:1142)
	at java.util.concurrent.ThreadPoolExecutor$Worker.run(ThreadPoolExecutor.java:617)
	at java.lang.Thread.run(Thread.java:745)
Exception in thread "QuorumConnectionThread-[myid=2]-10" java.lang.IllegalArgumentException: Cannot support TLS_ECDHE_ECDSA_WITH_AES_256_CBC_SHA384 with currently installed providers
	at sun.security.ssl.CipherSuiteList.<init>(CipherSuiteList.java:92)
	at sun.security.ssl.SSLSocketImpl.setEnabledCipherSuites(SSLSocketImpl.java:2419)
	at javax.net.ssl.SSLSocket.setSSLParameters(SSLSocket.java:650)
	at sun.security.ssl.SSLSocketImpl.setSSLParameters(SSLSocketImpl.java:2544)
	at org.apache.zookeeper.common.SSLContextAndOptions.configureSSLSocket(SSLContextAndOptions.java:125)
	at org.apache.zookeeper.common.SSLContextAndOptions.createSSLSocket(SSLContextAndOptions.java:80)
	at org.apache.zookeeper.common.X509Util.createSSLSocket(X509Util.java:517)
	at org.apache.zookeeper.server.quorum.QuorumCnxManager.initiateConnection(QuorumCnxManager.java:379)
	at org.apache.zookeeper.server.quorum.QuorumCnxManager$QuorumConnectionReqThread.run(QuorumCnxManager.java:458)
	at java.util.concurrent.ThreadPoolExecutor.runWorker(ThreadPoolExecutor.java:1142)
	at java.util.concurrent.ThreadPoolExecutor$Worker.run(ThreadPoolExecutor.java:617)
	at java.lang.Thread.run(Thread.java:745)
Exception in thread "QuorumConnectionThread-[myid=2]-11" java.lang.IllegalArgumentException: Cannot support TLS_ECDHE_ECDSA_WITH_AES_256_CBC_SHA384 with currently installed providers
	at sun.security.ssl.CipherSuiteList.<init>(CipherSuiteList.java:92)
	at sun.security.ssl.SSLSocketImpl.setEnabledCipherSuites(SSLSocketImpl.java:2419)
	at javax.net.ssl.SSLSocket.setSSLParameters(SSLSocket.java:650)
	at sun.security.ssl.SSLSocketImpl.setSSLParameters(SSLSocketImpl.java:2544)
	at org.apache.zookeeper.common.SSLContextAndOptions.configureSSLSocket(SSLContextAndOptions.java:125)
	at org.apache.zookeeper.common.SSLContextAndOptions.createSSLSocket(SSLContextAndOptions.java:80)
	at org.apache.zookeeper.common.X509Util.createSSLSocket(X509Util.java:517)
	at org.apache.zookeeper.server.quorum.QuorumCnxManager.initiateConnection(QuorumCnxManager.java:379)
	at org.apache.zookeeper.server.quorum.QuorumCnxManager$QuorumConnectionReqThread.run(QuorumCnxManager.java:458)
	at java.util.concurrent.ThreadPoolExecutor.runWorker(ThreadPoolExecutor.java:1142)
	at java.util.concurrent.ThreadPoolExecutor$Worker.run(ThreadPoolExecutor.java:617)
	at java.lang.Thread.run(Thread.java:745)
Exception in thread "QuorumConnectionThread-[myid=1]-10" java.lang.IllegalArgumentException: Cannot support TLS_ECDHE_ECDSA_WITH_AES_256_CBC_SHA384 with currently installed providers
	at sun.security.ssl.CipherSuiteList.<init>(CipherSuiteList.java:92)
	at sun.security.ssl.SSLSocketImpl.setEnabledCipherSuites(SSLSocketImpl.java:2419)
	at javax.net.ssl.SSLSocket.setSSLParameters(SSLSocket.java:650)
	at sun.security.ssl.SSLSocketImpl.setSSLParameters(SSLSocketImpl.java:2544)
	at org.apache.zookeeper.common.SSLContextAndOptions.configureSSLSocket(SSLContextAndOptions.java:125)
	at org.apache.zookeeper.common.SSLContextAndOptions.createSSLSocket(SSLContextAndOptions.java:80)
	at org.apache.zookeeper.common.X509Util.createSSLSocket(X509Util.java:517)
	at org.apache.zookeeper.server.quorum.QuorumCnxManager.initiateConnection(QuorumCnxManager.java:379)
	at org.apache.zookeeper.server.quorum.QuorumCnxManager$QuorumConnectionReqThread.run(QuorumCnxManager.java:458)
	at java.util.concurrent.ThreadPoolExecutor.runWorker(ThreadPoolExecutor.java:1142)
	at java.util.concurrent.ThreadPoolExecutor$Worker.run(ThreadPoolExecutor.java:617)
	at java.lang.Thread.run(Thread.java:745)
Exception in thread "QuorumConnectionThread-[myid=2]-13" java.lang.IllegalArgumentException: Cannot support TLS_ECDHE_ECDSA_WITH_AES_256_CBC_SHA384 with currently installed providers
	at sun.security.ssl.CipherSuiteList.<init>(CipherSuiteList.java:92)
	at sun.security.ssl.SSLSocketImpl.setEnabledCipherSuites(SSLSocketImpl.java:2419)
	at javax.net.ssl.SSLSocket.setSSLParameters(SSLSocket.java:650)
	at sun.security.ssl.SSLSocketImpl.setSSLParameters(SSLSocketImpl.java:2544)
	at org.apache.zookeeper.common.SSLContextAndOptions.configureSSLSocket(SSLContextAndOptions.java:125)
	at org.apache.zookeeper.common.SSLContextAndOptions.createSSLSocket(SSLContextAndOptions.java:80)
	at org.apache.zookeeper.common.X509Util.createSSLSocket(X509Util.java:517)
	at org.apache.zookeeper.server.quorum.QuorumCnxManager.initiateConnection(QuorumCnxManager.java:379)
	at org.apache.zookeeper.server.quorum.QuorumCnxManager$QuorumConnectionReqThread.run(QuorumCnxManager.java:458)
	at java.util.concurrent.ThreadPoolExecutor.runWorker(ThreadPoolExecutor.java:1142)
	at java.util.concurrent.ThreadPoolExecutor$Worker.run(ThreadPoolExecutor.java:617)
	at java.lang.Thread.run(Thread.java:745)
Exception in thread "QuorumConnectionThread-[myid=2]-12" java.lang.IllegalArgumentException: Cannot support TLS_ECDHE_ECDSA_WITH_AES_256_CBC_SHA384 with currently installed providers
	at sun.security.ssl.CipherSuiteList.<init>(CipherSuiteList.java:92)
	at sun.security.ssl.SSLSocketImpl.setEnabledCipherSuites(SSLSocketImpl.java:2419)
	at javax.net.ssl.SSLSocket.setSSLParameters(SSLSocket.java:650)
	at sun.security.ssl.SSLSocketImpl.setSSLParameters(SSLSocketImpl.java:2544)
	at org.apache.zookeeper.common.SSLContextAndOptions.configureSSLSocket(SSLContextAndOptions.java:125)
	at org.apache.zookeeper.common.SSLContextAndOptions.createSSLSocket(SSLContextAndOptions.java:80)
	at org.apache.zookeeper.common.X509Util.createSSLSocket(X509Util.java:517)
	at org.apache.zookeeper.server.quorum.QuorumCnxManager.initiateConnection(QuorumCnxManager.java:379)
	at org.apache.zookeeper.server.quorum.QuorumCnxManager$QuorumConnectionReqThread.run(QuorumCnxManager.java:458)
	at java.util.concurrent.ThreadPoolExecutor.runWorker(ThreadPoolExecutor.java:1142)
	at java.util.concurrent.ThreadPoolExecutor$Worker.run(ThreadPoolExecutor.java:617)
	at java.lang.Thread.run(Thread.java:745)
Exception in thread "QuorumConnectionThread-[myid=1]-12" java.lang.IllegalArgumentException: Cannot support TLS_ECDHE_ECDSA_WITH_AES_256_CBC_SHA384 with currently installed providers
	at sun.security.ssl.CipherSuiteList.<init>(CipherSuiteList.java:92)
	at sun.security.ssl.SSLSocketImpl.setEnabledCipherSuites(SSLSocketImpl.java:2419)
	at javax.net.ssl.SSLSocket.setSSLParameters(SSLSocket.java:650)
	at sun.security.ssl.SSLSocketImpl.setSSLParameters(SSLSocketImpl.java:2544)
	at org.apache.zookeeper.common.SSLContextAndOptions.configureSSLSocket(SSLContextAndOptions.java:125)
	at org.apache.zookeeper.common.SSLContextAndOptions.createSSLSocket(SSLContextAndOptions.java:80)
	at org.apache.zookeeper.common.X509Util.createSSLSocket(X509Util.java:517)
	at org.apache.zookeeper.server.quorum.QuorumCnxManager.initiateConnection(QuorumCnxManager.java:379)
	at org.apache.zookeeper.server.quorum.QuorumCnxManager$QuorumConnectionReqThread.run(QuorumCnxManager.java:458)
	at java.util.concurrent.ThreadPoolExecutor.runWorker(ThreadPoolExecutor.java:1142)
	at java.util.concurrent.ThreadPoolExecutor$Worker.run(ThreadPoolExecutor.java:617)
	at java.lang.Thread.run(Thread.java:745)
Exception in thread "QuorumConnectionThread-[myid=1]-13" java.lang.IllegalArgumentException: Cannot support TLS_ECDHE_ECDSA_WITH_AES_256_CBC_SHA384 with currently installed providers
	at sun.security.ssl.CipherSuiteList.<init>(CipherSuiteList.java:92)
	at sun.security.ssl.SSLSocketImpl.setEnabledCipherSuites(SSLSocketImpl.java:2419)
	at javax.net.ssl.SSLSocket.setSSLParameters(SSLSocket.java:650)
	at sun.security.ssl.SSLSocketImpl.setSSLParameters(SSLSocketImpl.java:2544)
	at org.apache.zookeeper.common.SSLContextAndOptions.configureSSLSocket(SSLContextAndOptions.java:125)
	at org.apache.zookeeper.common.SSLContextAndOptions.createSSLSocket(SSLContextAndOptions.java:80)
	at org.apache.zookeeper.common.X509Util.createSSLSocket(X509Util.java:517)
	at org.apache.zookeeper.server.quorum.QuorumCnxManager.initiateConnection(QuorumCnxManager.java:379)
	at org.apache.zookeeper.server.quorum.QuorumCnxManager$QuorumConnectionReqThread.run(QuorumCnxManager.java:458)
	at java.util.concurrent.ThreadPoolExecutor.runWorker(ThreadPoolExecutor.java:1142)
	at java.util.concurrent.ThreadPoolExecutor$Worker.run(ThreadPoolExecutor.java:617)
	at java.lang.Thread.run(Thread.java:745)
Exception in thread "QuorumConnectionThread-[myid=2]-14" java.lang.IllegalArgumentException: Cannot support TLS_ECDHE_ECDSA_WITH_AES_256_CBC_SHA384 with currently installed providers
	at sun.security.ssl.CipherSuiteList.<init>(CipherSuiteList.java:92)
	at sun.security.ssl.SSLSocketImpl.setEnabledCipherSuites(SSLSocketImpl.java:2419)
	at javax.net.ssl.SSLSocket.setSSLParameters(SSLSocket.java:650)
	at sun.security.ssl.SSLSocketImpl.setSSLParameters(SSLSocketImpl.java:2544)
	at org.apache.zookeeper.common.SSLContextAndOptions.configureSSLSocket(SSLContextAndOptions.java:125)
	at org.apache.zookeeper.common.SSLContextAndOptions.createSSLSocket(SSLContextAndOptions.java:80)
	at org.apache.zookeeper.common.X509Util.createSSLSocket(X509Util.java:517)
	at org.apache.zookeeper.server.quorum.QuorumCnxManager.initiateConnection(QuorumCnxManager.java:379)
	at org.apache.zookeeper.server.quorum.QuorumCnxManager$QuorumConnectionReqThread.run(QuorumCnxManager.java:458)
	at java.util.concurrent.ThreadPoolExecutor.runWorker(ThreadPoolExecutor.java:1142)
	at java.util.concurrent.ThreadPoolExecutor$Worker.run(ThreadPoolExecutor.java:617)
	at java.lang.Thread.run(Thread.java:745)
Exception in thread "QuorumConnectionThread-[myid=1]-15" java.lang.IllegalArgumentException: Cannot support TLS_ECDHE_ECDSA_WITH_AES_256_CBC_SHA384 with currently installed providers
	at sun.security.ssl.CipherSuiteList.<init>(CipherSuiteList.java:92)
	at sun.security.ssl.SSLSocketImpl.setEnabledCipherSuites(SSLSocketImpl.java:2419)
	at javax.net.ssl.SSLSocket.setSSLParameters(SSLSocket.java:650)
	at sun.security.ssl.SSLSocketImpl.setSSLParameters(SSLSocketImpl.java:2544)
	at org.apache.zookeeper.common.SSLContextAndOptions.configureSSLSocket(SSLContextAndOptions.java:125)
	at org.apache.zookeeper.common.SSLContextAndOptions.createSSLSocket(SSLContextAndOptions.java:80)
	at org.apache.zookeeper.common.X509Util.createSSLSocket(X509Util.java:517)
	at org.apache.zookeeper.server.quorum.QuorumCnxManager.initiateConnection(QuorumCnxManager.java:379)
	at org.apache.zookeeper.server.quorum.QuorumCnxManager$QuorumConnectionReqThread.run(QuorumCnxManager.java:458)
	at java.util.concurrent.ThreadPoolExecutor.runWorker(ThreadPoolExecutor.java:1142)
	at java.util.concurrent.ThreadPoolExecutor$Worker.run(ThreadPoolExecutor.java:617)
	at java.lang.Thread.run(Thread.java:745)
Exception in thread "QuorumConnectionThread-[myid=2]-15" java.lang.IllegalArgumentException: Cannot support TLS_ECDHE_ECDSA_WITH_AES_256_CBC_SHA384 with currently installed providers
	at sun.security.ssl.CipherSuiteList.<init>(CipherSuiteList.java:92)
	at sun.security.ssl.SSLSocketImpl.setEnabledCipherSuites(SSLSocketImpl.java:2419)
	at javax.net.ssl.SSLSocket.setSSLParameters(SSLSocket.java:650)
	at sun.security.ssl.SSLSocketImpl.setSSLParameters(SSLSocketImpl.java:2544)
	at org.apache.zookeeper.common.SSLContextAndOptions.configureSSLSocket(SSLContextAndOptions.java:125)
	at org.apache.zookeeper.common.SSLContextAndOptions.createSSLSocket(SSLContextAndOptions.java:80)
	at org.apache.zookeeper.common.X509Util.createSSLSocket(X509Util.java:517)
	at org.apache.zookeeper.server.quorum.QuorumCnxManager.initiateConnection(QuorumCnxManager.java:379)
	at org.apache.zookeeper.server.quorum.QuorumCnxManager$QuorumConnectionReqThread.run(QuorumCnxManager.java:458)
	at java.util.concurrent.ThreadPoolExecutor.runWorker(ThreadPoolExecutor.java:1142)
	at java.util.concurrent.ThreadPoolExecutor$Worker.run(ThreadPoolExecutor.java:617)
	at java.lang.Thread.run(Thread.java:745)
Exception in thread "QuorumConnectionThread-[myid=1]-14" java.lang.IllegalArgumentException: Cannot support TLS_ECDHE_ECDSA_WITH_AES_256_CBC_SHA384 with currently installed providers
	at sun.security.ssl.CipherSuiteList.<init>(CipherSuiteList.java:92)
	at sun.security.ssl.SSLSocketImpl.setEnabledCipherSuites(SSLSocketImpl.java:2419)
	at javax.net.ssl.SSLSocket.setSSLParameters(SSLSocket.java:650)
	at sun.security.ssl.SSLSocketImpl.setSSLParameters(SSLSocketImpl.java:2544)
	at org.apache.zookeeper.common.SSLContextAndOptions.configureSSLSocket(SSLContextAndOptions.java:125)
	at org.apache.zookeeper.common.SSLContextAndOptions.createSSLSocket(SSLContextAndOptions.java:80)
	at org.apache.zookeeper.common.X509Util.createSSLSocket(X509Util.java:517)
	at org.apache.zookeeper.server.quorum.QuorumCnxManager.initiateConnection(QuorumCnxManager.java:379)
	at org.apache.zookeeper.server.quorum.QuorumCnxManager$QuorumConnectionReqThread.run(QuorumCnxManager.java:458)
	at java.util.concurrent.ThreadPoolExecutor.runWorker(ThreadPoolExecutor.java:1142)
	at java.util.concurrent.ThreadPoolExecutor$Worker.run(ThreadPoolExecutor.java:617)
	at java.lang.Thread.run(Thread.java:745)
Exception in thread "QuorumConnectionThread-[myid=2]-17" java.lang.IllegalArgumentException: Cannot support TLS_ECDHE_ECDSA_WITH_AES_256_CBC_SHA384 with currently installed providers
	at sun.security.ssl.CipherSuiteList.<init>(CipherSuiteList.java:92)
	at sun.security.ssl.SSLSocketImpl.setEnabledCipherSuites(SSLSocketImpl.java:2419)
	at javax.net.ssl.SSLSocket.setSSLParameters(SSLSocket.java:650)
	at sun.security.ssl.SSLSocketImpl.setSSLParameters(SSLSocketImpl.java:2544)
	at org.apache.zookeeper.common.SSLContextAndOptions.configureSSLSocket(SSLContextAndOptions.java:125)
	at org.apache.zookeeper.common.SSLContextAndOptions.createSSLSocket(SSLContextAndOptions.java:80)
	at org.apache.zookeeper.common.X509Util.createSSLSocket(X509Util.java:517)
	at org.apache.zookeeper.server.quorum.QuorumCnxManager.initiateConnection(QuorumCnxManager.java:379)
	at org.apache.zookeeper.server.quorum.QuorumCnxManager$QuorumConnectionReqThread.run(QuorumCnxManager.java:458)
	at java.util.concurrent.ThreadPoolExecutor.runWorker(ThreadPoolExecutor.java:1142)
	at java.util.concurrent.ThreadPoolExecutor$Worker.run(ThreadPoolExecutor.java:617)
	at java.lang.Thread.run(Thread.java:745)
Exception in thread "QuorumConnectionThread-[myid=2]-16" java.lang.IllegalArgumentException: Cannot support TLS_ECDHE_ECDSA_WITH_AES_256_CBC_SHA384 with currently installed providers
	at sun.security.ssl.CipherSuiteList.<init>(CipherSuiteList.java:92)
	at sun.security.ssl.SSLSocketImpl.setEnabledCipherSuites(SSLSocketImpl.java:2419)
	at javax.net.ssl.SSLSocket.setSSLParameters(SSLSocket.java:650)
	at sun.security.ssl.SSLSocketImpl.setSSLParameters(SSLSocketImpl.java:2544)
	at org.apache.zookeeper.common.SSLContextAndOptions.configureSSLSocket(SSLContextAndOptions.java:125)
	at org.apache.zookeeper.common.SSLContextAndOptions.createSSLSocket(SSLContextAndOptions.java:80)
	at org.apache.zookeeper.common.X509Util.createSSLSocket(X509Util.java:517)
	at org.apache.zookeeper.server.quorum.QuorumCnxManager.initiateConnection(QuorumCnxManager.java:379)
	at org.apache.zookeeper.server.quorum.QuorumCnxManager$QuorumConnectionReqThread.run(QuorumCnxManager.java:458)
	at java.util.concurrent.ThreadPoolExecutor.runWorker(ThreadPoolExecutor.java:1142)
	at java.util.concurrent.ThreadPoolExecutor$Worker.run(ThreadPoolExecutor.java:617)
	at java.lang.Thread.run(Thread.java:745)
Exception in thread "QuorumConnectionThread-[myid=1]-17" java.lang.IllegalArgumentException: Cannot support TLS_ECDHE_ECDSA_WITH_AES_256_CBC_SHA384 with currently installed providers
	at sun.security.ssl.CipherSuiteList.<init>(CipherSuiteList.java:92)
	at sun.security.ssl.SSLSocketImpl.setEnabledCipherSuites(SSLSocketImpl.java:2419)
	at javax.net.ssl.SSLSocket.setSSLParameters(SSLSocket.java:650)
	at sun.security.ssl.SSLSocketImpl.setSSLParameters(SSLSocketImpl.java:2544)
	at org.apache.zookeeper.common.SSLContextAndOptions.configureSSLSocket(SSLContextAndOptions.java:125)
	at org.apache.zookeeper.common.SSLContextAndOptions.createSSLSocket(SSLContextAndOptions.java:80)
	at org.apache.zookeeper.common.X509Util.createSSLSocket(X509Util.java:517)
	at org.apache.zookeeper.server.quorum.QuorumCnxManager.initiateConnection(QuorumCnxManager.java:379)
	at org.apache.zookeeper.server.quorum.QuorumCnxManager$QuorumConnectionReqThread.run(QuorumCnxManager.java:458)
	at java.util.concurrent.ThreadPoolExecutor.runWorker(ThreadPoolExecutor.java:1142)
	at java.util.concurrent.ThreadPoolExecutor$Worker.run(ThreadPoolExecutor.java:617)
	at java.lang.Thread.run(Thread.java:745)
Exception in thread "QuorumConnectionThread-[myid=1]-16" java.lang.IllegalArgumentException: Cannot support TLS_ECDHE_ECDSA_WITH_AES_256_CBC_SHA384 with currently installed providers
	at sun.security.ssl.CipherSuiteList.<init>(CipherSuiteList.java:92)
	at sun.security.ssl.SSLSocketImpl.setEnabledCipherSuites(SSLSocketImpl.java:2419)
	at javax.net.ssl.SSLSocket.setSSLParameters(SSLSocket.java:650)
	at sun.security.ssl.SSLSocketImpl.setSSLParameters(SSLSocketImpl.java:2544)
	at org.apache.zookeeper.common.SSLContextAndOptions.configureSSLSocket(SSLContextAndOptions.java:125)
	at org.apache.zookeeper.common.SSLContextAndOptions.createSSLSocket(SSLContextAndOptions.java:80)
	at org.apache.zookeeper.common.X509Util.createSSLSocket(X509Util.java:517)
	at org.apache.zookeeper.server.quorum.QuorumCnxManager.initiateConnection(QuorumCnxManager.java:379)
	at org.apache.zookeeper.server.quorum.QuorumCnxManager$QuorumConnectionReqThread.run(QuorumCnxManager.java:458)
	at java.util.concurrent.ThreadPoolExecutor.runWorker(ThreadPoolExecutor.java:1142)
	at java.util.concurrent.ThreadPoolExecutor$Worker.run(ThreadPoolExecutor.java:617)
	at java.lang.Thread.run(Thread.java:745)
]]></system-err>
  </testcase>
  <testcase name="testHostnameVerificationWithInvalidIPAddress" classname="org.apache.zookeeper.server.quorum.QuorumSSLTest" time="38.632">
    <failure message="expected: &lt;true&gt; but was: &lt;false&gt;" type="org.opentest4j.AssertionFailedError"><![CDATA[org.opentest4j.AssertionFailedError: expected: <true> but was: <false>
	at org.apache.zookeeper.server.quorum.QuorumSSLTest.testHostnameVerification(QuorumSSLTest.java:671)
	at org.apache.zookeeper.server.quorum.QuorumSSLTest.testHostnameVerificationWithInvalidIPAddress(QuorumSSLTest.java:583)
]]></failure>
    <system-out><![CDATA[2021-11-08 11:19:25,470 [myid:] - INFO  [main:ZKTestCase@77] - STARTING Optional[public void org.apache.zookeeper.server.quorum.QuorumSSLTest.testHostnameVerificationWithInvalidIPAddress() throws java.lang.Exception]
2021-11-08 11:19:25,475 [myid:] - INFO  [main:PortAssignment@87] - Assigned port 30206 from range 30072 - 32764.
2021-11-08 11:19:25,475 [myid:] - INFO  [main:PortAssignment@87] - Assigned port 30207 from range 30072 - 32764.
2021-11-08 11:19:25,475 [myid:] - INFO  [main:PortAssignment@87] - Assigned port 30208 from range 30072 - 32764.
2021-11-08 11:19:25,475 [myid:] - INFO  [main:PortAssignment@87] - Assigned port 30209 from range 30072 - 32764.
2021-11-08 11:19:25,476 [myid:] - INFO  [main:PortAssignment@87] - Assigned port 30210 from range 30072 - 32764.
2021-11-08 11:19:25,476 [myid:] - INFO  [main:PortAssignment@87] - Assigned port 30211 from range 30072 - 32764.
2021-11-08 11:19:25,476 [myid:] - INFO  [main:PortAssignment@87] - Assigned port 30212 from range 30072 - 32764.
2021-11-08 11:19:25,476 [myid:] - INFO  [main:PortAssignment@87] - Assigned port 30213 from range 30072 - 32764.
2021-11-08 11:19:25,476 [myid:] - INFO  [main:PortAssignment@87] - Assigned port 30214 from range 30072 - 32764.
2021-11-08 11:19:25,795 [myid:1] - INFO  [WorkerSender[myid=1]:FastLeaderElection$Messenger$WorkerSender@506] - WorkerSender is down
2021-11-08 11:19:25,795 [myid:1] - INFO  [WorkerReceiver[myid=1]:FastLeaderElection$Messenger$WorkerReceiver@472] - WorkerReceiver is down
2021-11-08 11:19:25,795 [myid:2] - INFO  [WorkerReceiver[myid=2]:FastLeaderElection$Messenger$WorkerReceiver@472] - WorkerReceiver is down
2021-11-08 11:19:25,795 [myid:2] - INFO  [WorkerSender[myid=2]:FastLeaderElection$Messenger$WorkerSender@506] - WorkerSender is down
2021-11-08 11:19:34,063 [myid:] - INFO  [main:QuorumPeerTestBase$MainThread@205] - id = 1 tmpDir = D:\mysoft\faiscoGit\myStudy\ZooKeeperLearning\apache-zookeeper-3.7.0\zookeeper-server\target\surefire\test5511474152418775098.junit.dir clientPort = 30206 adminServerPort = 8080
2021-11-08 11:19:34,066 [myid:] - INFO  [main:QuorumPeerTestBase$MainThread@205] - id = 2 tmpDir = D:\mysoft\faiscoGit\myStudy\ZooKeeperLearning\apache-zookeeper-3.7.0\zookeeper-server\target\surefire\test5728562496896878983.junit.dir clientPort = 30207 adminServerPort = 8080
2021-11-08 11:19:34,068 [myid:] - INFO  [main:FourLetterWordMain@94] - connecting to 127.0.0.1 30206
2021-11-08 11:19:34,068 [myid:] - INFO  [Thread-42:QuorumPeerConfig@174] - Reading configuration from: D:\mysoft\faiscoGit\myStudy\ZooKeeperLearning\apache-zookeeper-3.7.0\zookeeper-server\target\surefire\test5728562496896878983.junit.dir\zoo.cfg
2021-11-08 11:19:34,068 [myid:] - INFO  [Thread-41:QuorumPeerConfig@174] - Reading configuration from: D:\mysoft\faiscoGit\myStudy\ZooKeeperLearning\apache-zookeeper-3.7.0\zookeeper-server\target\surefire\test5511474152418775098.junit.dir\zoo.cfg
2021-11-08 11:19:34,068 [myid:] - INFO  [Thread-42:QuorumPeerConfig@444] - clientPortAddress is 0.0.0.0:30207
2021-11-08 11:19:34,068 [myid:] - INFO  [Thread-42:QuorumPeerConfig@448] - secureClientPort is not set
2021-11-08 11:19:34,068 [myid:] - INFO  [Thread-42:QuorumPeerConfig@464] - observerMasterPort is not set
2021-11-08 11:19:34,068 [myid:] - INFO  [Thread-42:QuorumPeerConfig@481] - metricsProvider.className is org.apache.zookeeper.metrics.impl.DefaultMetricsProvider
2021-11-08 11:19:34,068 [myid:] - INFO  [Thread-41:QuorumPeerConfig@444] - clientPortAddress is 0.0.0.0:30206
2021-11-08 11:19:34,068 [myid:] - INFO  [Thread-41:QuorumPeerConfig@448] - secureClientPort is not set
2021-11-08 11:19:34,068 [myid:] - INFO  [Thread-41:QuorumPeerConfig@464] - observerMasterPort is not set
2021-11-08 11:19:34,068 [myid:] - INFO  [Thread-41:QuorumPeerConfig@481] - metricsProvider.className is org.apache.zookeeper.metrics.impl.DefaultMetricsProvider
2021-11-08 11:19:34,069 [myid:2] - INFO  [Thread-42:DatadirCleanupManager@78] - autopurge.snapRetainCount set to 3
2021-11-08 11:19:34,069 [myid:2] - INFO  [Thread-42:DatadirCleanupManager@79] - autopurge.purgeInterval set to 0
2021-11-08 11:19:34,069 [myid:2] - INFO  [Thread-42:DatadirCleanupManager@101] - Purge task is not scheduled.
2021-11-08 11:19:34,069 [myid:2] - INFO  [Thread-42:ManagedUtil@44] - Log4j 1.2 jmx support found and enabled.
2021-11-08 11:19:34,069 [myid:1] - INFO  [Thread-41:DatadirCleanupManager@78] - autopurge.snapRetainCount set to 3
2021-11-08 11:19:34,069 [myid:1] - INFO  [Thread-41:DatadirCleanupManager@79] - autopurge.purgeInterval set to 0
2021-11-08 11:19:34,069 [myid:1] - INFO  [Thread-41:DatadirCleanupManager@101] - Purge task is not scheduled.
2021-11-08 11:19:34,069 [myid:1] - INFO  [Thread-41:ManagedUtil@44] - Log4j 1.2 jmx support found and enabled.
2021-11-08 11:19:34,069 [myid:2] - ERROR [Thread-42:ManagedUtil@109] - Problems while registering log4j 1.2 jmx beans!
javax.management.InstanceAlreadyExistsException: log4j:hierarchy=default
	at com.sun.jmx.mbeanserver.Repository.addMBean(Repository.java:437)
	at com.sun.jmx.interceptor.DefaultMBeanServerInterceptor.registerWithRepository(DefaultMBeanServerInterceptor.java:1898)
	at com.sun.jmx.interceptor.DefaultMBeanServerInterceptor.registerDynamicMBean(DefaultMBeanServerInterceptor.java:966)
	at com.sun.jmx.interceptor.DefaultMBeanServerInterceptor.registerObject(DefaultMBeanServerInterceptor.java:900)
	at com.sun.jmx.interceptor.DefaultMBeanServerInterceptor.registerMBean(DefaultMBeanServerInterceptor.java:324)
	at com.sun.jmx.mbeanserver.JmxMBeanServer.registerMBean(JmxMBeanServer.java:522)
	at org.apache.zookeeper.jmx.ManagedUtil.registerLog4jMBeans(ManagedUtil.java:72)
	at org.apache.zookeeper.server.quorum.QuorumPeerMain.runFromConfig(QuorumPeerMain.java:147)
	at org.apache.zookeeper.server.quorum.QuorumPeerMain.initializeAndRun(QuorumPeerMain.java:137)
	at org.apache.zookeeper.server.quorum.QuorumPeerTestBase$MainThread.run(QuorumPeerTestBase.java:329)
	at java.lang.Thread.run(Thread.java:745)
2021-11-08 11:19:34,069 [myid:2] - WARN  [Thread-42:QuorumPeerMain@149] - Unable to register log4j JMX control
javax.management.JMException: javax.management.InstanceAlreadyExistsException: log4j:hierarchy=default
	at org.apache.zookeeper.jmx.ManagedUtil.registerLog4jMBeans(ManagedUtil.java:110)
	at org.apache.zookeeper.server.quorum.QuorumPeerMain.runFromConfig(QuorumPeerMain.java:147)
	at org.apache.zookeeper.server.quorum.QuorumPeerMain.initializeAndRun(QuorumPeerMain.java:137)
	at org.apache.zookeeper.server.quorum.QuorumPeerTestBase$MainThread.run(QuorumPeerTestBase.java:329)
	at java.lang.Thread.run(Thread.java:745)
2021-11-08 11:19:34,069 [myid:2] - INFO  [Thread-42:QuorumPeerMain@152] - Starting quorum peer, myid=2
2021-11-08 11:19:34,069 [myid:1] - ERROR [Thread-41:ManagedUtil@109] - Problems while registering log4j 1.2 jmx beans!
javax.management.InstanceAlreadyExistsException: log4j:hierarchy=default
	at com.sun.jmx.mbeanserver.Repository.addMBean(Repository.java:437)
	at com.sun.jmx.interceptor.DefaultMBeanServerInterceptor.registerWithRepository(DefaultMBeanServerInterceptor.java:1898)
	at com.sun.jmx.interceptor.DefaultMBeanServerInterceptor.registerDynamicMBean(DefaultMBeanServerInterceptor.java:966)
	at com.sun.jmx.interceptor.DefaultMBeanServerInterceptor.registerObject(DefaultMBeanServerInterceptor.java:900)
	at com.sun.jmx.interceptor.DefaultMBeanServerInterceptor.registerMBean(DefaultMBeanServerInterceptor.java:324)
	at com.sun.jmx.mbeanserver.JmxMBeanServer.registerMBean(JmxMBeanServer.java:522)
	at org.apache.zookeeper.jmx.ManagedUtil.registerLog4jMBeans(ManagedUtil.java:72)
	at org.apache.zookeeper.server.quorum.QuorumPeerMain.runFromConfig(QuorumPeerMain.java:147)
	at org.apache.zookeeper.server.quorum.QuorumPeerMain.initializeAndRun(QuorumPeerMain.java:137)
	at org.apache.zookeeper.server.quorum.QuorumPeerTestBase$MainThread.run(QuorumPeerTestBase.java:329)
	at java.lang.Thread.run(Thread.java:745)
2021-11-08 11:19:34,069 [myid:2] - INFO  [Thread-42:ServerMetrics@62] - ServerMetrics initialized with provider org.apache.zookeeper.metrics.impl.DefaultMetricsProvider@77bed29d
2021-11-08 11:19:34,069 [myid:1] - WARN  [Thread-41:QuorumPeerMain@149] - Unable to register log4j JMX control
javax.management.JMException: javax.management.InstanceAlreadyExistsException: log4j:hierarchy=default
	at org.apache.zookeeper.jmx.ManagedUtil.registerLog4jMBeans(ManagedUtil.java:110)
	at org.apache.zookeeper.server.quorum.QuorumPeerMain.runFromConfig(QuorumPeerMain.java:147)
	at org.apache.zookeeper.server.quorum.QuorumPeerMain.initializeAndRun(QuorumPeerMain.java:137)
	at org.apache.zookeeper.server.quorum.QuorumPeerTestBase$MainThread.run(QuorumPeerTestBase.java:329)
	at java.lang.Thread.run(Thread.java:745)
2021-11-08 11:19:34,071 [myid:1] - INFO  [Thread-41:QuorumPeerMain@152] - Starting quorum peer, myid=1
2021-11-08 11:19:34,071 [myid:1] - INFO  [Thread-41:ServerMetrics@62] - ServerMetrics initialized with provider org.apache.zookeeper.metrics.impl.DefaultMetricsProvider@3329231a
2021-11-08 11:19:34,071 [myid:2] - INFO  [Thread-42:DigestAuthenticationProvider@61] - zookeeper.DigestAuthenticationProvider.enabled = true
2021-11-08 11:19:34,071 [myid:1] - INFO  [Thread-41:DigestAuthenticationProvider@61] - zookeeper.DigestAuthenticationProvider.enabled = true
2021-11-08 11:19:34,071 [myid:1] - INFO  [Thread-41:NettyServerCnxnFactory@507] - zookeeper.client.portUnification=false
2021-11-08 11:19:34,071 [myid:1] - INFO  [Thread-41:NettyServerCnxnFactory@519] - zookeeper.netty.advancedFlowControl.enabled = false
2021-11-08 11:19:34,071 [myid:1] - INFO  [Thread-41:NettyServerCnxnFactory@106] - handshakeThrottlingEnabled = false, zookeeper.netty.server.outstandingHandshake.limit = -1
2021-11-08 11:19:34,071 [myid:2] - INFO  [Thread-42:NettyServerCnxnFactory@507] - zookeeper.client.portUnification=false
2021-11-08 11:19:34,071 [myid:2] - INFO  [Thread-42:NettyServerCnxnFactory@519] - zookeeper.netty.advancedFlowControl.enabled = false
2021-11-08 11:19:34,071 [myid:2] - INFO  [Thread-42:NettyServerCnxnFactory@106] - handshakeThrottlingEnabled = false, zookeeper.netty.server.outstandingHandshake.limit = -1
2021-11-08 11:19:34,495 [myid:2] - INFO  [Thread-42:ServerCnxnFactory@169] - Using org.apache.zookeeper.server.NettyServerCnxnFactory as server connection factory
2021-11-08 11:19:34,495 [myid:2] - WARN  [Thread-42:ServerCnxnFactory@309] - maxCnxns is not configured, using default value 0.
2021-11-08 11:19:34,495 [myid:2] - INFO  [Thread-42:NettyServerCnxnFactory@606] - configure org.apache.zookeeper.server.NettyServerCnxnFactory@8689557 secure: false on addr /0.0.0.0:30207
2021-11-08 11:19:34,495 [myid:2] - INFO  [Thread-42:FileTxnSnapLog@124] - zookeeper.snapshot.trust.empty : false
2021-11-08 11:19:34,495 [myid:1] - INFO  [Thread-41:ServerCnxnFactory@169] - Using org.apache.zookeeper.server.NettyServerCnxnFactory as server connection factory
2021-11-08 11:19:34,495 [myid:1] - WARN  [Thread-41:ServerCnxnFactory@309] - maxCnxns is not configured, using default value 0.
2021-11-08 11:19:34,495 [myid:1] - INFO  [Thread-41:NettyServerCnxnFactory@606] - configure org.apache.zookeeper.server.NettyServerCnxnFactory@7aa1ed22 secure: false on addr /0.0.0.0:30206
2021-11-08 11:19:34,495 [myid:1] - INFO  [Thread-41:FileTxnSnapLog@124] - zookeeper.snapshot.trust.empty : false
2021-11-08 11:19:34,495 [myid:2] - INFO  [Thread-42:QuorumPeer@1742] - Local sessions disabled
2021-11-08 11:19:34,495 [myid:2] - INFO  [Thread-42:QuorumPeer@1753] - Local session upgrading disabled
2021-11-08 11:19:34,495 [myid:2] - INFO  [Thread-42:QuorumPeer@1720] - tickTime set to 4000
2021-11-08 11:19:34,495 [myid:2] - INFO  [Thread-42:QuorumPeer@1764] - minSessionTimeout set to 8000
2021-11-08 11:19:34,495 [myid:2] - INFO  [Thread-42:QuorumPeer@1775] - maxSessionTimeout set to 80000
2021-11-08 11:19:34,495 [myid:2] - INFO  [Thread-42:QuorumPeer@1800] - initLimit set to 10
2021-11-08 11:19:34,495 [myid:2] - INFO  [Thread-42:QuorumPeer@1987] - syncLimit set to 5
2021-11-08 11:19:34,495 [myid:2] - INFO  [Thread-42:QuorumPeer@2002] - connectToLearnerMasterLimit set to 5
2021-11-08 11:19:34,495 [myid:1] - INFO  [Thread-41:QuorumPeer@1742] - Local sessions disabled
2021-11-08 11:19:34,496 [myid:1] - INFO  [Thread-41:QuorumPeer@1753] - Local session upgrading disabled
2021-11-08 11:19:34,496 [myid:1] - INFO  [Thread-41:QuorumPeer@1720] - tickTime set to 4000
2021-11-08 11:19:34,496 [myid:1] - INFO  [Thread-41:QuorumPeer@1764] - minSessionTimeout set to 8000
2021-11-08 11:19:34,496 [myid:1] - INFO  [Thread-41:QuorumPeer@1775] - maxSessionTimeout set to 80000
2021-11-08 11:19:34,496 [myid:1] - INFO  [Thread-41:QuorumPeer@1800] - initLimit set to 10
2021-11-08 11:19:34,496 [myid:1] - INFO  [Thread-41:QuorumPeer@1987] - syncLimit set to 5
2021-11-08 11:19:34,496 [myid:1] - INFO  [Thread-41:QuorumPeer@2002] - connectToLearnerMasterLimit set to 5
2021-11-08 11:19:34,496 [myid:2] - INFO  [Thread-42:WatchManagerFactory@42] - Using org.apache.zookeeper.server.watch.WatchManager as watch manager
2021-11-08 11:19:34,496 [myid:2] - INFO  [Thread-42:WatchManagerFactory@42] - Using org.apache.zookeeper.server.watch.WatchManager as watch manager
2021-11-08 11:19:34,496 [myid:2] - INFO  [Thread-42:ZKDatabase@133] - zookeeper.snapshotSizeFactor = 0.33
2021-11-08 11:19:34,496 [myid:2] - INFO  [Thread-42:ZKDatabase@153] - zookeeper.commitLogCount=500
2021-11-08 11:19:34,496 [myid:1] - INFO  [Thread-41:WatchManagerFactory@42] - Using org.apache.zookeeper.server.watch.WatchManager as watch manager
2021-11-08 11:19:34,496 [myid:1] - INFO  [Thread-41:WatchManagerFactory@42] - Using org.apache.zookeeper.server.watch.WatchManager as watch manager
2021-11-08 11:19:34,496 [myid:1] - INFO  [Thread-41:ZKDatabase@133] - zookeeper.snapshotSizeFactor = 0.33
2021-11-08 11:19:34,496 [myid:1] - INFO  [Thread-41:ZKDatabase@153] - zookeeper.commitLogCount=500
2021-11-08 11:19:34,496 [myid:2] - INFO  [Thread-42:QuorumPeer@2064] - Using TLS encrypted quorum communication
2021-11-08 11:19:34,496 [myid:2] - INFO  [Thread-42:QuorumPeer@2072] - Port unification disabled
2021-11-08 11:19:34,496 [myid:2] - INFO  [Thread-42:QuorumPeer@179] - multiAddress.enabled set to false
2021-11-08 11:19:34,496 [myid:2] - INFO  [Thread-42:QuorumPeer@204] - multiAddress.reachabilityCheckEnabled set to true
2021-11-08 11:19:34,496 [myid:2] - INFO  [Thread-42:QuorumPeer@191] - multiAddress.reachabilityCheckTimeoutMs set to 1000
2021-11-08 11:19:34,496 [myid:2] - INFO  [Thread-42:QuorumPeer@2527] - QuorumPeer communication is not secured! (SASL auth disabled)
2021-11-08 11:19:34,496 [myid:2] - INFO  [Thread-42:QuorumPeer@2552] - quorum.cnxn.threads.size set to 20
2021-11-08 11:19:34,496 [myid:1] - INFO  [Thread-41:QuorumPeer@2064] - Using TLS encrypted quorum communication
2021-11-08 11:19:34,496 [myid:1] - INFO  [Thread-41:QuorumPeer@2072] - Port unification disabled
2021-11-08 11:19:34,496 [myid:1] - INFO  [Thread-41:QuorumPeer@179] - multiAddress.enabled set to false
2021-11-08 11:19:34,496 [myid:1] - INFO  [Thread-41:QuorumPeer@204] - multiAddress.reachabilityCheckEnabled set to true
2021-11-08 11:19:34,496 [myid:1] - INFO  [Thread-41:QuorumPeer@191] - multiAddress.reachabilityCheckTimeoutMs set to 1000
2021-11-08 11:19:34,496 [myid:1] - INFO  [Thread-41:QuorumPeer@2527] - QuorumPeer communication is not secured! (SASL auth disabled)
2021-11-08 11:19:34,496 [myid:1] - INFO  [Thread-41:QuorumPeer@2552] - quorum.cnxn.threads.size set to 20
2021-11-08 11:19:34,496 [myid:2] - INFO  [Thread-42:FileTxnSnapLog@260] - Initialize file found, an empty database will not block voting participation
2021-11-08 11:19:34,497 [myid:1] - INFO  [Thread-41:FileTxnSnapLog@260] - Initialize file found, an empty database will not block voting participation
2021-11-08 11:19:34,497 [myid:2] - INFO  [Thread-42:FileTxnSnapLog@479] - Snapshotting: 0x0 to D:\mysoft\faiscoGit\myStudy\ZooKeeperLearning\apache-zookeeper-3.7.0\zookeeper-server\target\surefire\test5728562496896878983.junit.dir\data\version-2\snapshot.0
2021-11-08 11:19:34,497 [myid:1] - INFO  [Thread-41:FileTxnSnapLog@479] - Snapshotting: 0x0 to D:\mysoft\faiscoGit\myStudy\ZooKeeperLearning\apache-zookeeper-3.7.0\zookeeper-server\target\surefire\test5511474152418775098.junit.dir\data\version-2\snapshot.0
2021-11-08 11:19:34,497 [myid:2] - INFO  [Thread-42:ZKDatabase@290] - Snapshot loaded in 1 ms, highest zxid is 0x0, digest is 1371985504
2021-11-08 11:19:34,497 [myid:1] - INFO  [Thread-41:ZKDatabase@290] - Snapshot loaded in 0 ms, highest zxid is 0x0, digest is 1371985504
2021-11-08 11:19:34,497 [myid:2] - INFO  [Thread-42:QuorumPeer@1157] - currentEpoch not found! Creating with a reasonable default of 0. This should only happen when you are upgrading your installation
2021-11-08 11:19:34,497 [myid:1] - INFO  [Thread-41:QuorumPeer@1157] - currentEpoch not found! Creating with a reasonable default of 0. This should only happen when you are upgrading your installation
2021-11-08 11:19:34,503 [myid:2] - INFO  [Thread-42:QuorumPeer@1177] - acceptedEpoch not found! Creating with a reasonable default of 0. This should only happen when you are upgrading your installation
2021-11-08 11:19:34,505 [myid:1] - INFO  [Thread-41:QuorumPeer@1177] - acceptedEpoch not found! Creating with a reasonable default of 0. This should only happen when you are upgrading your installation
2021-11-08 11:19:34,507 [myid:2] - INFO  [Thread-42:NettyServerCnxnFactory@695] - binding to port /0.0.0.0:30207
2021-11-08 11:19:34,508 [myid:2] - INFO  [Thread-42:NettyServerCnxnFactory@700] - bound to port 30207
2021-11-08 11:19:34,508 [myid:2] - INFO  [Thread-42:QuorumPeer@2569] - Using 20000ms as the quorum cnxn socket timeout
2021-11-08 11:19:34,508 [myid:1] - INFO  [Thread-41:NettyServerCnxnFactory@695] - binding to port /0.0.0.0:30206
2021-11-08 11:19:34,508 [myid:2] - INFO  [Thread-42:QuorumCnxManager$Listener@924] - Election port bind maximum retries is 3
2021-11-08 11:19:34,509 [myid:2] - INFO  [ListenerHandler-/127.0.0.1:30213:QuorumCnxManager$Listener$ListenerHandler@1128] - Creating TLS-only quorum server socket
2021-11-08 11:19:34,509 [myid:2] - INFO  [QuorumPeer[myid=2](plain=[0:0:0:0:0:0:0:0]:30207)(secure=disabled):QuorumPeer@1430] - LOOKING
2021-11-08 11:19:34,509 [myid:2] - INFO  [QuorumPeer[myid=2](plain=[0:0:0:0:0:0:0:0]:30207)(secure=disabled):FastLeaderElection@947] - New election. My id = 2, proposed zxid=0x0
2021-11-08 11:19:34,509 [myid:1] - INFO  [Thread-41:NettyServerCnxnFactory@700] - bound to port 30206
2021-11-08 11:19:34,509 [myid:2] - INFO  [ListenerHandler-/127.0.0.1:30213:QuorumCnxManager$Listener$ListenerHandler@1066] - 2 is accepting connections now, my election bind port: /127.0.0.1:30213
2021-11-08 11:19:34,509 [myid:1] - INFO  [Thread-41:QuorumPeer@2569] - Using 20000ms as the quorum cnxn socket timeout
2021-11-08 11:19:34,509 [myid:1] - INFO  [Thread-41:QuorumCnxManager$Listener@924] - Election port bind maximum retries is 3
2021-11-08 11:19:34,509 [myid:2] - INFO  [WorkerReceiver[myid=2]:FastLeaderElection$Messenger$WorkerReceiver@390] - Notification: my state:LOOKING; n.sid:2, n.state:LOOKING, n.leader:2, n.round:0x1, n.peerEpoch:0x0, n.zxid:0x0, message format version:0x2, n.config version:0x0
2021-11-08 11:19:34,510 [myid:1] - INFO  [ListenerHandler-/127.0.0.1:30212:QuorumCnxManager$Listener$ListenerHandler@1128] - Creating TLS-only quorum server socket
2021-11-08 11:19:34,510 [myid:1] - INFO  [QuorumPeer[myid=1](plain=[0:0:0:0:0:0:0:0]:30206)(secure=disabled):QuorumPeer@1430] - LOOKING
2021-11-08 11:19:34,510 [myid:1] - INFO  [QuorumPeer[myid=1](plain=[0:0:0:0:0:0:0:0]:30206)(secure=disabled):FastLeaderElection@947] - New election. My id = 1, proposed zxid=0x0
2021-11-08 11:19:34,510 [myid:1] - INFO  [ListenerHandler-/127.0.0.1:30212:QuorumCnxManager$Listener$ListenerHandler@1066] - 1 is accepting connections now, my election bind port: /127.0.0.1:30212
2021-11-08 11:19:34,510 [myid:1] - INFO  [WorkerReceiver[myid=1]:FastLeaderElection$Messenger$WorkerReceiver@390] - Notification: my state:LOOKING; n.sid:1, n.state:LOOKING, n.leader:1, n.round:0x1, n.peerEpoch:0x0, n.zxid:0x0, message format version:0x2, n.config version:0x0
2021-11-08 11:19:34,579 [myid:1] - WARN  [nioEventLoopGroup-97-1:NettyServerCnxnFactory$CnxnChannelHandler@231] - Zookeeper server is not running, close the connection before starting the TLS handshake
2021-11-08 11:19:34,722 [myid:1] - INFO  [QuorumPeer[myid=1](plain=[0:0:0:0:0:0:0:0]:30206)(secure=disabled):FastLeaderElection@984] - Notification time out: 400
2021-11-08 11:19:34,722 [myid:2] - INFO  [QuorumPeer[myid=2](plain=[0:0:0:0:0:0:0:0]:30207)(secure=disabled):FastLeaderElection@984] - Notification time out: 400
2021-11-08 11:19:34,830 [myid:] - INFO  [main:FourLetterWordMain@94] - connecting to 127.0.0.1 30206
2021-11-08 11:19:34,832 [myid:1] - WARN  [nioEventLoopGroup-97-2:NettyServerCnxnFactory$CnxnChannelHandler@231] - Zookeeper server is not running, close the connection before starting the TLS handshake
2021-11-08 11:19:35,094 [myid:] - INFO  [main:FourLetterWordMain@94] - connecting to 127.0.0.1 30206
2021-11-08 11:19:35,095 [myid:1] - WARN  [nioEventLoopGroup-97-3:NettyServerCnxnFactory$CnxnChannelHandler@231] - Zookeeper server is not running, close the connection before starting the TLS handshake
2021-11-08 11:19:35,128 [myid:2] - INFO  [QuorumPeer[myid=2](plain=[0:0:0:0:0:0:0:0]:30207)(secure=disabled):FastLeaderElection@984] - Notification time out: 800
2021-11-08 11:19:35,128 [myid:1] - INFO  [QuorumPeer[myid=1](plain=[0:0:0:0:0:0:0:0]:30206)(secure=disabled):FastLeaderElection@984] - Notification time out: 800
2021-11-08 11:19:35,357 [myid:] - INFO  [main:FourLetterWordMain@94] - connecting to 127.0.0.1 30206
2021-11-08 11:19:35,358 [myid:1] - WARN  [nioEventLoopGroup-97-4:NettyServerCnxnFactory$CnxnChannelHandler@231] - Zookeeper server is not running, close the connection before starting the TLS handshake
2021-11-08 11:19:35,623 [myid:] - INFO  [main:FourLetterWordMain@94] - connecting to 127.0.0.1 30206
2021-11-08 11:19:35,624 [myid:1] - WARN  [nioEventLoopGroup-97-5:NettyServerCnxnFactory$CnxnChannelHandler@231] - Zookeeper server is not running, close the connection before starting the TLS handshake
2021-11-08 11:19:35,889 [myid:] - INFO  [main:FourLetterWordMain@94] - connecting to 127.0.0.1 30206
2021-11-08 11:19:35,890 [myid:1] - WARN  [nioEventLoopGroup-97-6:NettyServerCnxnFactory$CnxnChannelHandler@231] - Zookeeper server is not running, close the connection before starting the TLS handshake
2021-11-08 11:19:35,937 [myid:1] - INFO  [QuorumPeer[myid=1](plain=[0:0:0:0:0:0:0:0]:30206)(secure=disabled):FastLeaderElection@984] - Notification time out: 1600
2021-11-08 11:19:35,937 [myid:2] - INFO  [QuorumPeer[myid=2](plain=[0:0:0:0:0:0:0:0]:30207)(secure=disabled):FastLeaderElection@984] - Notification time out: 1600
2021-11-08 11:19:36,141 [myid:] - INFO  [main:FourLetterWordMain@94] - connecting to 127.0.0.1 30206
2021-11-08 11:19:36,143 [myid:1] - WARN  [nioEventLoopGroup-97-7:NettyServerCnxnFactory$CnxnChannelHandler@231] - Zookeeper server is not running, close the connection before starting the TLS handshake
2021-11-08 11:19:36,404 [myid:] - INFO  [main:FourLetterWordMain@94] - connecting to 127.0.0.1 30206
2021-11-08 11:19:36,406 [myid:1] - WARN  [nioEventLoopGroup-97-8:NettyServerCnxnFactory$CnxnChannelHandler@231] - Zookeeper server is not running, close the connection before starting the TLS handshake
2021-11-08 11:19:36,669 [myid:] - INFO  [main:FourLetterWordMain@94] - connecting to 127.0.0.1 30206
2021-11-08 11:19:36,672 [myid:1] - WARN  [nioEventLoopGroup-97-9:NettyServerCnxnFactory$CnxnChannelHandler@231] - Zookeeper server is not running, close the connection before starting the TLS handshake
2021-11-08 11:19:36,936 [myid:] - INFO  [main:FourLetterWordMain@94] - connecting to 127.0.0.1 30206
2021-11-08 11:19:36,937 [myid:1] - WARN  [nioEventLoopGroup-97-10:NettyServerCnxnFactory$CnxnChannelHandler@231] - Zookeeper server is not running, close the connection before starting the TLS handshake
2021-11-08 11:19:37,189 [myid:] - INFO  [main:FourLetterWordMain@94] - connecting to 127.0.0.1 30206
2021-11-08 11:19:37,190 [myid:1] - WARN  [nioEventLoopGroup-97-11:NettyServerCnxnFactory$CnxnChannelHandler@231] - Zookeeper server is not running, close the connection before starting the TLS handshake
2021-11-08 11:19:37,454 [myid:] - INFO  [main:FourLetterWordMain@94] - connecting to 127.0.0.1 30206
2021-11-08 11:19:37,455 [myid:1] - WARN  [nioEventLoopGroup-97-12:NettyServerCnxnFactory$CnxnChannelHandler@231] - Zookeeper server is not running, close the connection before starting the TLS handshake
2021-11-08 11:19:37,469 [myid:] - INFO  [main:ClientBase@267] - server 127.0.0.1:30206 not up
java.net.SocketException: Software caused connection abort: recv failed
	at java.net.SocketInputStream.socketRead0(Native Method)
	at java.net.SocketInputStream.read(SocketInputStream.java:150)
	at java.net.SocketInputStream.read(SocketInputStream.java:121)
	at sun.nio.cs.StreamDecoder.readBytes(StreamDecoder.java:284)
	at sun.nio.cs.StreamDecoder.implRead(StreamDecoder.java:326)
	at sun.nio.cs.StreamDecoder.read(StreamDecoder.java:178)
	at java.io.InputStreamReader.read(InputStreamReader.java:184)
	at java.io.BufferedReader.fill(BufferedReader.java:161)
	at java.io.BufferedReader.readLine(BufferedReader.java:324)
	at java.io.BufferedReader.readLine(BufferedReader.java:389)
	at org.apache.zookeeper.client.FourLetterWordMain.send4LetterWord(FourLetterWordMain.java:129)
	at org.apache.zookeeper.client.FourLetterWordMain.send4LetterWord(FourLetterWordMain.java:74)
	at org.apache.zookeeper.test.ClientBase.waitForServerUp(ClientBase.java:258)
	at org.apache.zookeeper.test.ClientBase.waitForServerUp(ClientBase.java:249)
	at org.apache.zookeeper.server.quorum.QuorumSSLTest.testHostnameVerification(QuorumSSLTest.java:671)
	at org.apache.zookeeper.server.quorum.QuorumSSLTest.testHostnameVerificationWithInvalidIPAddress(QuorumSSLTest.java:583)
	at sun.reflect.NativeMethodAccessorImpl.invoke0(Native Method)
	at sun.reflect.NativeMethodAccessorImpl.invoke(NativeMethodAccessorImpl.java:62)
	at sun.reflect.DelegatingMethodAccessorImpl.invoke(DelegatingMethodAccessorImpl.java:43)
	at java.lang.reflect.Method.invoke(Method.java:483)
	at org.junit.platform.commons.util.ReflectionUtils.invokeMethod(ReflectionUtils.java:686)
	at org.junit.jupiter.engine.execution.MethodInvocation.proceed(MethodInvocation.java:60)
	at org.junit.jupiter.engine.execution.InvocationInterceptorChain$ValidatingInvocation.proceed(InvocationInterceptorChain.java:131)
	at org.junit.jupiter.engine.extension.TimeoutInvocation.proceed(TimeoutInvocation.java:46)
	at org.junit.jupiter.engine.extension.TimeoutExtension.intercept(TimeoutExtension.java:149)
	at org.junit.jupiter.engine.extension.TimeoutExtension.interceptTestableMethod(TimeoutExtension.java:140)
	at org.junit.jupiter.engine.extension.TimeoutExtension.interceptTestMethod(TimeoutExtension.java:84)
	at org.junit.jupiter.engine.descriptor.TestMethodTestDescriptor$$Lambda$111/1780132728.apply(Unknown Source)
	at org.junit.jupiter.engine.execution.ExecutableInvoker$ReflectiveInterceptorCall.lambda$ofVoidMethod$0(ExecutableInvoker.java:115)
	at org.junit.jupiter.engine.execution.ExecutableInvoker$ReflectiveInterceptorCall$$Lambda$112/1725017993.apply(Unknown Source)
	at org.junit.jupiter.engine.execution.ExecutableInvoker.lambda$invoke$0(ExecutableInvoker.java:105)
	at org.junit.jupiter.engine.execution.ExecutableInvoker$$Lambda$234/64133603.apply(Unknown Source)
	at org.junit.jupiter.engine.execution.InvocationInterceptorChain$InterceptedInvocation.proceed(InvocationInterceptorChain.java:106)
	at org.junit.jupiter.engine.execution.InvocationInterceptorChain.proceed(InvocationInterceptorChain.java:64)
	at org.junit.jupiter.engine.execution.InvocationInterceptorChain.chainAndInvoke(InvocationInterceptorChain.java:45)
	at org.junit.jupiter.engine.execution.InvocationInterceptorChain.invoke(InvocationInterceptorChain.java:37)
	at org.junit.jupiter.engine.execution.ExecutableInvoker.invoke(ExecutableInvoker.java:104)
	at org.junit.jupiter.engine.execution.ExecutableInvoker.invoke(ExecutableInvoker.java:98)
	at org.junit.jupiter.engine.descriptor.TestMethodTestDescriptor.lambda$invokeTestMethod$6(TestMethodTestDescriptor.java:212)
	at org.junit.jupiter.engine.descriptor.TestMethodTestDescriptor$$Lambda$271/224100622.execute(Unknown Source)
	at org.junit.platform.engine.support.hierarchical.ThrowableCollector.execute(ThrowableCollector.java:73)
	at org.junit.jupiter.engine.descriptor.TestMethodTestDescriptor.invokeTestMethod(TestMethodTestDescriptor.java:208)
	at org.junit.jupiter.engine.descriptor.TestMethodTestDescriptor.execute(TestMethodTestDescriptor.java:137)
	at org.junit.jupiter.engine.descriptor.TestMethodTestDescriptor.execute(TestMethodTestDescriptor.java:71)
	at org.junit.platform.engine.support.hierarchical.NodeTestTask.lambda$executeRecursively$5(NodeTestTask.java:135)
	at org.junit.platform.engine.support.hierarchical.NodeTestTask$$Lambda$179/195615004.execute(Unknown Source)
	at org.junit.platform.engine.support.hierarchical.ThrowableCollector.execute(ThrowableCollector.java:73)
	at org.junit.platform.engine.support.hierarchical.NodeTestTask.lambda$executeRecursively$7(NodeTestTask.java:125)
	at org.junit.platform.engine.support.hierarchical.NodeTestTask$$Lambda$178/1890627974.invoke(Unknown Source)
	at org.junit.platform.engine.support.hierarchical.Node.around(Node.java:135)
	at org.junit.platform.engine.support.hierarchical.NodeTestTask.lambda$executeRecursively$8(NodeTestTask.java:123)
	at org.junit.platform.engine.support.hierarchical.NodeTestTask$$Lambda$177/231977479.execute(Unknown Source)
	at org.junit.platform.engine.support.hierarchical.ThrowableCollector.execute(ThrowableCollector.java:73)
	at org.junit.platform.engine.support.hierarchical.NodeTestTask.executeRecursively(NodeTestTask.java:122)
	at org.junit.platform.engine.support.hierarchical.NodeTestTask.execute(NodeTestTask.java:80)
	at org.junit.platform.engine.support.hierarchical.SameThreadHierarchicalTestExecutorService$$Lambda$183/1381713434.accept(Unknown Source)
	at java.util.ArrayList.forEach(ArrayList.java:1249)
	at org.junit.platform.engine.support.hierarchical.SameThreadHierarchicalTestExecutorService.invokeAll(SameThreadHierarchicalTestExecutorService.java:38)
	at org.junit.platform.engine.support.hierarchical.NodeTestTask.lambda$executeRecursively$5(NodeTestTask.java:139)
	at org.junit.platform.engine.support.hierarchical.NodeTestTask$$Lambda$179/195615004.execute(Unknown Source)
	at org.junit.platform.engine.support.hierarchical.ThrowableCollector.execute(ThrowableCollector.java:73)
	at org.junit.platform.engine.support.hierarchical.NodeTestTask.lambda$executeRecursively$7(NodeTestTask.java:125)
	at org.junit.platform.engine.support.hierarchical.NodeTestTask$$Lambda$178/1890627974.invoke(Unknown Source)
	at org.junit.platform.engine.support.hierarchical.Node.around(Node.java:135)
	at org.junit.platform.engine.support.hierarchical.NodeTestTask.lambda$executeRecursively$8(NodeTestTask.java:123)
	at org.junit.platform.engine.support.hierarchical.NodeTestTask$$Lambda$177/231977479.execute(Unknown Source)
	at org.junit.platform.engine.support.hierarchical.ThrowableCollector.execute(ThrowableCollector.java:73)
	at org.junit.platform.engine.support.hierarchical.NodeTestTask.executeRecursively(NodeTestTask.java:122)
	at org.junit.platform.engine.support.hierarchical.NodeTestTask.execute(NodeTestTask.java:80)
	at org.junit.platform.engine.support.hierarchical.SameThreadHierarchicalTestExecutorService$$Lambda$183/1381713434.accept(Unknown Source)
	at java.util.ArrayList.forEach(ArrayList.java:1249)
	at org.junit.platform.engine.support.hierarchical.SameThreadHierarchicalTestExecutorService.invokeAll(SameThreadHierarchicalTestExecutorService.java:38)
	at org.junit.platform.engine.support.hierarchical.NodeTestTask.lambda$executeRecursively$5(NodeTestTask.java:139)
	at org.junit.platform.engine.support.hierarchical.NodeTestTask$$Lambda$179/195615004.execute(Unknown Source)
	at org.junit.platform.engine.support.hierarchical.ThrowableCollector.execute(ThrowableCollector.java:73)
	at org.junit.platform.engine.support.hierarchical.NodeTestTask.lambda$executeRecursively$7(NodeTestTask.java:125)
	at org.junit.platform.engine.support.hierarchical.NodeTestTask$$Lambda$178/1890627974.invoke(Unknown Source)
	at org.junit.platform.engine.support.hierarchical.Node.around(Node.java:135)
	at org.junit.platform.engine.support.hierarchical.NodeTestTask.lambda$executeRecursively$8(NodeTestTask.java:123)
	at org.junit.platform.engine.support.hierarchical.NodeTestTask$$Lambda$177/231977479.execute(Unknown Source)
	at org.junit.platform.engine.support.hierarchical.ThrowableCollector.execute(ThrowableCollector.java:73)
	at org.junit.platform.engine.support.hierarchical.NodeTestTask.executeRecursively(NodeTestTask.java:122)
	at org.junit.platform.engine.support.hierarchical.NodeTestTask.execute(NodeTestTask.java:80)
	at org.junit.platform.engine.support.hierarchical.SameThreadHierarchicalTestExecutorService.submit(SameThreadHierarchicalTestExecutorService.java:32)
	at org.junit.platform.engine.support.hierarchical.HierarchicalTestExecutor.execute(HierarchicalTestExecutor.java:57)
	at org.junit.platform.engine.support.hierarchical.HierarchicalTestEngine.execute(HierarchicalTestEngine.java:51)
	at org.junit.platform.launcher.core.DefaultLauncher.execute(DefaultLauncher.java:248)
	at org.junit.platform.launcher.core.DefaultLauncher.lambda$execute$5(DefaultLauncher.java:211)
	at org.junit.platform.launcher.core.DefaultLauncher$$Lambda$143/233996206.accept(Unknown Source)
	at org.junit.platform.launcher.core.DefaultLauncher.withInterceptedStreams(DefaultLauncher.java:226)
	at org.junit.platform.launcher.core.DefaultLauncher.execute(DefaultLauncher.java:199)
	at org.junit.platform.launcher.core.DefaultLauncher.execute(DefaultLauncher.java:132)
	at org.apache.maven.surefire.junitplatform.JUnitPlatformProvider.invokeAllTests(JUnitPlatformProvider.java:142)
	at org.apache.maven.surefire.junitplatform.JUnitPlatformProvider.invoke(JUnitPlatformProvider.java:113)
	at org.apache.maven.surefire.booter.ForkedBooter.invokeProviderInSameClassLoader(ForkedBooter.java:384)
	at org.apache.maven.surefire.booter.ForkedBooter.runSuitesInProcess(ForkedBooter.java:345)
	at org.apache.maven.surefire.booter.ForkedBooter.execute(ForkedBooter.java:126)
	at org.apache.maven.surefire.booter.ForkedBooter.main(ForkedBooter.java:418)
2021-11-08 11:19:37,548 [myid:2] - INFO  [QuorumPeer[myid=2](plain=[0:0:0:0:0:0:0:0]:30207)(secure=disabled):FastLeaderElection@984] - Notification time out: 3200
2021-11-08 11:19:37,548 [myid:1] - INFO  [QuorumPeer[myid=1](plain=[0:0:0:0:0:0:0:0]:30206)(secure=disabled):FastLeaderElection@984] - Notification time out: 3200
2021-11-08 11:19:37,736 [myid:] - INFO  [main:FourLetterWordMain@94] - connecting to 127.0.0.1 30206
2021-11-08 11:19:37,737 [myid:1] - WARN  [nioEventLoopGroup-97-1:NettyServerCnxnFactory$CnxnChannelHandler@231] - Zookeeper server is not running, close the connection before starting the TLS handshake
2021-11-08 11:19:38,002 [myid:] - INFO  [main:FourLetterWordMain@94] - connecting to 127.0.0.1 30206
2021-11-08 11:19:38,002 [myid:1] - WARN  [nioEventLoopGroup-97-2:NettyServerCnxnFactory$CnxnChannelHandler@231] - Zookeeper server is not running, close the connection before starting the TLS handshake
2021-11-08 11:19:38,255 [myid:] - INFO  [main:FourLetterWordMain@94] - connecting to 127.0.0.1 30206
2021-11-08 11:19:38,257 [myid:1] - WARN  [nioEventLoopGroup-97-3:NettyServerCnxnFactory$CnxnChannelHandler@231] - Zookeeper server is not running, close the connection before starting the TLS handshake
2021-11-08 11:19:38,523 [myid:] - INFO  [main:FourLetterWordMain@94] - connecting to 127.0.0.1 30206
2021-11-08 11:19:38,525 [myid:1] - WARN  [nioEventLoopGroup-97-4:NettyServerCnxnFactory$CnxnChannelHandler@231] - Zookeeper server is not running, close the connection before starting the TLS handshake
2021-11-08 11:19:38,788 [myid:] - INFO  [main:FourLetterWordMain@94] - connecting to 127.0.0.1 30206
2021-11-08 11:19:38,789 [myid:1] - WARN  [nioEventLoopGroup-97-5:NettyServerCnxnFactory$CnxnChannelHandler@231] - Zookeeper server is not running, close the connection before starting the TLS handshake
2021-11-08 11:19:39,054 [myid:] - INFO  [main:FourLetterWordMain@94] - connecting to 127.0.0.1 30206
2021-11-08 11:19:39,054 [myid:1] - WARN  [nioEventLoopGroup-97-6:NettyServerCnxnFactory$CnxnChannelHandler@231] - Zookeeper server is not running, close the connection before starting the TLS handshake
2021-11-08 11:19:39,314 [myid:] - INFO  [main:FourLetterWordMain@94] - connecting to 127.0.0.1 30206
2021-11-08 11:19:39,314 [myid:1] - WARN  [nioEventLoopGroup-97-7:NettyServerCnxnFactory$CnxnChannelHandler@231] - Zookeeper server is not running, close the connection before starting the TLS handshake
2021-11-08 11:19:39,581 [myid:] - INFO  [main:FourLetterWordMain@94] - connecting to 127.0.0.1 30206
2021-11-08 11:19:39,581 [myid:1] - WARN  [nioEventLoopGroup-97-8:NettyServerCnxnFactory$CnxnChannelHandler@231] - Zookeeper server is not running, close the connection before starting the TLS handshake
2021-11-08 11:19:39,833 [myid:] - INFO  [main:FourLetterWordMain@94] - connecting to 127.0.0.1 30206
2021-11-08 11:19:39,833 [myid:1] - WARN  [nioEventLoopGroup-97-9:NettyServerCnxnFactory$CnxnChannelHandler@231] - Zookeeper server is not running, close the connection before starting the TLS handshake
2021-11-08 11:19:39,849 [myid:] - INFO  [main:ClientBase@267] - server 127.0.0.1:30206 not up
java.net.SocketException: Software caused connection abort: recv failed
	at java.net.SocketInputStream.socketRead0(Native Method)
	at java.net.SocketInputStream.read(SocketInputStream.java:150)
	at java.net.SocketInputStream.read(SocketInputStream.java:121)
	at sun.nio.cs.StreamDecoder.readBytes(StreamDecoder.java:284)
	at sun.nio.cs.StreamDecoder.implRead(StreamDecoder.java:326)
	at sun.nio.cs.StreamDecoder.read(StreamDecoder.java:178)
	at java.io.InputStreamReader.read(InputStreamReader.java:184)
	at java.io.BufferedReader.fill(BufferedReader.java:161)
	at java.io.BufferedReader.readLine(BufferedReader.java:324)
	at java.io.BufferedReader.readLine(BufferedReader.java:389)
	at org.apache.zookeeper.client.FourLetterWordMain.send4LetterWord(FourLetterWordMain.java:129)
	at org.apache.zookeeper.client.FourLetterWordMain.send4LetterWord(FourLetterWordMain.java:74)
	at org.apache.zookeeper.test.ClientBase.waitForServerUp(ClientBase.java:258)
	at org.apache.zookeeper.test.ClientBase.waitForServerUp(ClientBase.java:249)
	at org.apache.zookeeper.server.quorum.QuorumSSLTest.testHostnameVerification(QuorumSSLTest.java:671)
	at org.apache.zookeeper.server.quorum.QuorumSSLTest.testHostnameVerificationWithInvalidIPAddress(QuorumSSLTest.java:583)
	at sun.reflect.NativeMethodAccessorImpl.invoke0(Native Method)
	at sun.reflect.NativeMethodAccessorImpl.invoke(NativeMethodAccessorImpl.java:62)
	at sun.reflect.DelegatingMethodAccessorImpl.invoke(DelegatingMethodAccessorImpl.java:43)
	at java.lang.reflect.Method.invoke(Method.java:483)
	at org.junit.platform.commons.util.ReflectionUtils.invokeMethod(ReflectionUtils.java:686)
	at org.junit.jupiter.engine.execution.MethodInvocation.proceed(MethodInvocation.java:60)
	at org.junit.jupiter.engine.execution.InvocationInterceptorChain$ValidatingInvocation.proceed(InvocationInterceptorChain.java:131)
	at org.junit.jupiter.engine.extension.TimeoutInvocation.proceed(TimeoutInvocation.java:46)
	at org.junit.jupiter.engine.extension.TimeoutExtension.intercept(TimeoutExtension.java:149)
	at org.junit.jupiter.engine.extension.TimeoutExtension.interceptTestableMethod(TimeoutExtension.java:140)
	at org.junit.jupiter.engine.extension.TimeoutExtension.interceptTestMethod(TimeoutExtension.java:84)
	at org.junit.jupiter.engine.descriptor.TestMethodTestDescriptor$$Lambda$111/1780132728.apply(Unknown Source)
	at org.junit.jupiter.engine.execution.ExecutableInvoker$ReflectiveInterceptorCall.lambda$ofVoidMethod$0(ExecutableInvoker.java:115)
	at org.junit.jupiter.engine.execution.ExecutableInvoker$ReflectiveInterceptorCall$$Lambda$112/1725017993.apply(Unknown Source)
	at org.junit.jupiter.engine.execution.ExecutableInvoker.lambda$invoke$0(ExecutableInvoker.java:105)
	at org.junit.jupiter.engine.execution.ExecutableInvoker$$Lambda$234/64133603.apply(Unknown Source)
	at org.junit.jupiter.engine.execution.InvocationInterceptorChain$InterceptedInvocation.proceed(InvocationInterceptorChain.java:106)
	at org.junit.jupiter.engine.execution.InvocationInterceptorChain.proceed(InvocationInterceptorChain.java:64)
	at org.junit.jupiter.engine.execution.InvocationInterceptorChain.chainAndInvoke(InvocationInterceptorChain.java:45)
	at org.junit.jupiter.engine.execution.InvocationInterceptorChain.invoke(InvocationInterceptorChain.java:37)
	at org.junit.jupiter.engine.execution.ExecutableInvoker.invoke(ExecutableInvoker.java:104)
	at org.junit.jupiter.engine.execution.ExecutableInvoker.invoke(ExecutableInvoker.java:98)
	at org.junit.jupiter.engine.descriptor.TestMethodTestDescriptor.lambda$invokeTestMethod$6(TestMethodTestDescriptor.java:212)
	at org.junit.jupiter.engine.descriptor.TestMethodTestDescriptor$$Lambda$271/224100622.execute(Unknown Source)
	at org.junit.platform.engine.support.hierarchical.ThrowableCollector.execute(ThrowableCollector.java:73)
	at org.junit.jupiter.engine.descriptor.TestMethodTestDescriptor.invokeTestMethod(TestMethodTestDescriptor.java:208)
	at org.junit.jupiter.engine.descriptor.TestMethodTestDescriptor.execute(TestMethodTestDescriptor.java:137)
	at org.junit.jupiter.engine.descriptor.TestMethodTestDescriptor.execute(TestMethodTestDescriptor.java:71)
	at org.junit.platform.engine.support.hierarchical.NodeTestTask.lambda$executeRecursively$5(NodeTestTask.java:135)
	at org.junit.platform.engine.support.hierarchical.NodeTestTask$$Lambda$179/195615004.execute(Unknown Source)
	at org.junit.platform.engine.support.hierarchical.ThrowableCollector.execute(ThrowableCollector.java:73)
	at org.junit.platform.engine.support.hierarchical.NodeTestTask.lambda$executeRecursively$7(NodeTestTask.java:125)
	at org.junit.platform.engine.support.hierarchical.NodeTestTask$$Lambda$178/1890627974.invoke(Unknown Source)
	at org.junit.platform.engine.support.hierarchical.Node.around(Node.java:135)
	at org.junit.platform.engine.support.hierarchical.NodeTestTask.lambda$executeRecursively$8(NodeTestTask.java:123)
	at org.junit.platform.engine.support.hierarchical.NodeTestTask$$Lambda$177/231977479.execute(Unknown Source)
	at org.junit.platform.engine.support.hierarchical.ThrowableCollector.execute(ThrowableCollector.java:73)
	at org.junit.platform.engine.support.hierarchical.NodeTestTask.executeRecursively(NodeTestTask.java:122)
	at org.junit.platform.engine.support.hierarchical.NodeTestTask.execute(NodeTestTask.java:80)
	at org.junit.platform.engine.support.hierarchical.SameThreadHierarchicalTestExecutorService$$Lambda$183/1381713434.accept(Unknown Source)
	at java.util.ArrayList.forEach(ArrayList.java:1249)
	at org.junit.platform.engine.support.hierarchical.SameThreadHierarchicalTestExecutorService.invokeAll(SameThreadHierarchicalTestExecutorService.java:38)
	at org.junit.platform.engine.support.hierarchical.NodeTestTask.lambda$executeRecursively$5(NodeTestTask.java:139)
	at org.junit.platform.engine.support.hierarchical.NodeTestTask$$Lambda$179/195615004.execute(Unknown Source)
	at org.junit.platform.engine.support.hierarchical.ThrowableCollector.execute(ThrowableCollector.java:73)
	at org.junit.platform.engine.support.hierarchical.NodeTestTask.lambda$executeRecursively$7(NodeTestTask.java:125)
	at org.junit.platform.engine.support.hierarchical.NodeTestTask$$Lambda$178/1890627974.invoke(Unknown Source)
	at org.junit.platform.engine.support.hierarchical.Node.around(Node.java:135)
	at org.junit.platform.engine.support.hierarchical.NodeTestTask.lambda$executeRecursively$8(NodeTestTask.java:123)
	at org.junit.platform.engine.support.hierarchical.NodeTestTask$$Lambda$177/231977479.execute(Unknown Source)
	at org.junit.platform.engine.support.hierarchical.ThrowableCollector.execute(ThrowableCollector.java:73)
	at org.junit.platform.engine.support.hierarchical.NodeTestTask.executeRecursively(NodeTestTask.java:122)
	at org.junit.platform.engine.support.hierarchical.NodeTestTask.execute(NodeTestTask.java:80)
	at org.junit.platform.engine.support.hierarchical.SameThreadHierarchicalTestExecutorService$$Lambda$183/1381713434.accept(Unknown Source)
	at java.util.ArrayList.forEach(ArrayList.java:1249)
	at org.junit.platform.engine.support.hierarchical.SameThreadHierarchicalTestExecutorService.invokeAll(SameThreadHierarchicalTestExecutorService.java:38)
	at org.junit.platform.engine.support.hierarchical.NodeTestTask.lambda$executeRecursively$5(NodeTestTask.java:139)
	at org.junit.platform.engine.support.hierarchical.NodeTestTask$$Lambda$179/195615004.execute(Unknown Source)
	at org.junit.platform.engine.support.hierarchical.ThrowableCollector.execute(ThrowableCollector.java:73)
	at org.junit.platform.engine.support.hierarchical.NodeTestTask.lambda$executeRecursively$7(NodeTestTask.java:125)
	at org.junit.platform.engine.support.hierarchical.NodeTestTask$$Lambda$178/1890627974.invoke(Unknown Source)
	at org.junit.platform.engine.support.hierarchical.Node.around(Node.java:135)
	at org.junit.platform.engine.support.hierarchical.NodeTestTask.lambda$executeRecursively$8(NodeTestTask.java:123)
	at org.junit.platform.engine.support.hierarchical.NodeTestTask$$Lambda$177/231977479.execute(Unknown Source)
	at org.junit.platform.engine.support.hierarchical.ThrowableCollector.execute(ThrowableCollector.java:73)
	at org.junit.platform.engine.support.hierarchical.NodeTestTask.executeRecursively(NodeTestTask.java:122)
	at org.junit.platform.engine.support.hierarchical.NodeTestTask.execute(NodeTestTask.java:80)
	at org.junit.platform.engine.support.hierarchical.SameThreadHierarchicalTestExecutorService.submit(SameThreadHierarchicalTestExecutorService.java:32)
	at org.junit.platform.engine.support.hierarchical.HierarchicalTestExecutor.execute(HierarchicalTestExecutor.java:57)
	at org.junit.platform.engine.support.hierarchical.HierarchicalTestEngine.execute(HierarchicalTestEngine.java:51)
	at org.junit.platform.launcher.core.DefaultLauncher.execute(DefaultLauncher.java:248)
	at org.junit.platform.launcher.core.DefaultLauncher.lambda$execute$5(DefaultLauncher.java:211)
	at org.junit.platform.launcher.core.DefaultLauncher$$Lambda$143/233996206.accept(Unknown Source)
	at org.junit.platform.launcher.core.DefaultLauncher.withInterceptedStreams(DefaultLauncher.java:226)
	at org.junit.platform.launcher.core.DefaultLauncher.execute(DefaultLauncher.java:199)
	at org.junit.platform.launcher.core.DefaultLauncher.execute(DefaultLauncher.java:132)
	at org.apache.maven.surefire.junitplatform.JUnitPlatformProvider.invokeAllTests(JUnitPlatformProvider.java:142)
	at org.apache.maven.surefire.junitplatform.JUnitPlatformProvider.invoke(JUnitPlatformProvider.java:113)
	at org.apache.maven.surefire.booter.ForkedBooter.invokeProviderInSameClassLoader(ForkedBooter.java:384)
	at org.apache.maven.surefire.booter.ForkedBooter.runSuitesInProcess(ForkedBooter.java:345)
	at org.apache.maven.surefire.booter.ForkedBooter.execute(ForkedBooter.java:126)
	at org.apache.maven.surefire.booter.ForkedBooter.main(ForkedBooter.java:418)
2021-11-08 11:19:40,102 [myid:] - INFO  [main:FourLetterWordMain@94] - connecting to 127.0.0.1 30206
2021-11-08 11:19:40,103 [myid:1] - WARN  [nioEventLoopGroup-97-10:NettyServerCnxnFactory$CnxnChannelHandler@231] - Zookeeper server is not running, close the connection before starting the TLS handshake
2021-11-08 11:19:40,367 [myid:] - INFO  [main:FourLetterWordMain@94] - connecting to 127.0.0.1 30206
2021-11-08 11:19:40,368 [myid:1] - WARN  [nioEventLoopGroup-97-11:NettyServerCnxnFactory$CnxnChannelHandler@231] - Zookeeper server is not running, close the connection before starting the TLS handshake
2021-11-08 11:19:40,633 [myid:] - INFO  [main:FourLetterWordMain@94] - connecting to 127.0.0.1 30206
2021-11-08 11:19:40,633 [myid:1] - WARN  [nioEventLoopGroup-97-12:NettyServerCnxnFactory$CnxnChannelHandler@231] - Zookeeper server is not running, close the connection before starting the TLS handshake
2021-11-08 11:19:40,648 [myid:] - INFO  [main:ClientBase@267] - server 127.0.0.1:30206 not up
java.net.SocketException: Software caused connection abort: recv failed
	at java.net.SocketInputStream.socketRead0(Native Method)
	at java.net.SocketInputStream.read(SocketInputStream.java:150)
	at java.net.SocketInputStream.read(SocketInputStream.java:121)
	at sun.nio.cs.StreamDecoder.readBytes(StreamDecoder.java:284)
	at sun.nio.cs.StreamDecoder.implRead(StreamDecoder.java:326)
	at sun.nio.cs.StreamDecoder.read(StreamDecoder.java:178)
	at java.io.InputStreamReader.read(InputStreamReader.java:184)
	at java.io.BufferedReader.fill(BufferedReader.java:161)
	at java.io.BufferedReader.readLine(BufferedReader.java:324)
	at java.io.BufferedReader.readLine(BufferedReader.java:389)
	at org.apache.zookeeper.client.FourLetterWordMain.send4LetterWord(FourLetterWordMain.java:129)
	at org.apache.zookeeper.client.FourLetterWordMain.send4LetterWord(FourLetterWordMain.java:74)
	at org.apache.zookeeper.test.ClientBase.waitForServerUp(ClientBase.java:258)
	at org.apache.zookeeper.test.ClientBase.waitForServerUp(ClientBase.java:249)
	at org.apache.zookeeper.server.quorum.QuorumSSLTest.testHostnameVerification(QuorumSSLTest.java:671)
	at org.apache.zookeeper.server.quorum.QuorumSSLTest.testHostnameVerificationWithInvalidIPAddress(QuorumSSLTest.java:583)
	at sun.reflect.NativeMethodAccessorImpl.invoke0(Native Method)
	at sun.reflect.NativeMethodAccessorImpl.invoke(NativeMethodAccessorImpl.java:62)
	at sun.reflect.DelegatingMethodAccessorImpl.invoke(DelegatingMethodAccessorImpl.java:43)
	at java.lang.reflect.Method.invoke(Method.java:483)
	at org.junit.platform.commons.util.ReflectionUtils.invokeMethod(ReflectionUtils.java:686)
	at org.junit.jupiter.engine.execution.MethodInvocation.proceed(MethodInvocation.java:60)
	at org.junit.jupiter.engine.execution.InvocationInterceptorChain$ValidatingInvocation.proceed(InvocationInterceptorChain.java:131)
	at org.junit.jupiter.engine.extension.TimeoutInvocation.proceed(TimeoutInvocation.java:46)
	at org.junit.jupiter.engine.extension.TimeoutExtension.intercept(TimeoutExtension.java:149)
	at org.junit.jupiter.engine.extension.TimeoutExtension.interceptTestableMethod(TimeoutExtension.java:140)
	at org.junit.jupiter.engine.extension.TimeoutExtension.interceptTestMethod(TimeoutExtension.java:84)
	at org.junit.jupiter.engine.descriptor.TestMethodTestDescriptor$$Lambda$111/1780132728.apply(Unknown Source)
	at org.junit.jupiter.engine.execution.ExecutableInvoker$ReflectiveInterceptorCall.lambda$ofVoidMethod$0(ExecutableInvoker.java:115)
	at org.junit.jupiter.engine.execution.ExecutableInvoker$ReflectiveInterceptorCall$$Lambda$112/1725017993.apply(Unknown Source)
	at org.junit.jupiter.engine.execution.ExecutableInvoker.lambda$invoke$0(ExecutableInvoker.java:105)
	at org.junit.jupiter.engine.execution.ExecutableInvoker$$Lambda$234/64133603.apply(Unknown Source)
	at org.junit.jupiter.engine.execution.InvocationInterceptorChain$InterceptedInvocation.proceed(InvocationInterceptorChain.java:106)
	at org.junit.jupiter.engine.execution.InvocationInterceptorChain.proceed(InvocationInterceptorChain.java:64)
	at org.junit.jupiter.engine.execution.InvocationInterceptorChain.chainAndInvoke(InvocationInterceptorChain.java:45)
	at org.junit.jupiter.engine.execution.InvocationInterceptorChain.invoke(InvocationInterceptorChain.java:37)
	at org.junit.jupiter.engine.execution.ExecutableInvoker.invoke(ExecutableInvoker.java:104)
	at org.junit.jupiter.engine.execution.ExecutableInvoker.invoke(ExecutableInvoker.java:98)
	at org.junit.jupiter.engine.descriptor.TestMethodTestDescriptor.lambda$invokeTestMethod$6(TestMethodTestDescriptor.java:212)
	at org.junit.jupiter.engine.descriptor.TestMethodTestDescriptor$$Lambda$271/224100622.execute(Unknown Source)
	at org.junit.platform.engine.support.hierarchical.ThrowableCollector.execute(ThrowableCollector.java:73)
	at org.junit.jupiter.engine.descriptor.TestMethodTestDescriptor.invokeTestMethod(TestMethodTestDescriptor.java:208)
	at org.junit.jupiter.engine.descriptor.TestMethodTestDescriptor.execute(TestMethodTestDescriptor.java:137)
	at org.junit.jupiter.engine.descriptor.TestMethodTestDescriptor.execute(TestMethodTestDescriptor.java:71)
	at org.junit.platform.engine.support.hierarchical.NodeTestTask.lambda$executeRecursively$5(NodeTestTask.java:135)
	at org.junit.platform.engine.support.hierarchical.NodeTestTask$$Lambda$179/195615004.execute(Unknown Source)
	at org.junit.platform.engine.support.hierarchical.ThrowableCollector.execute(ThrowableCollector.java:73)
	at org.junit.platform.engine.support.hierarchical.NodeTestTask.lambda$executeRecursively$7(NodeTestTask.java:125)
	at org.junit.platform.engine.support.hierarchical.NodeTestTask$$Lambda$178/1890627974.invoke(Unknown Source)
	at org.junit.platform.engine.support.hierarchical.Node.around(Node.java:135)
	at org.junit.platform.engine.support.hierarchical.NodeTestTask.lambda$executeRecursively$8(NodeTestTask.java:123)
	at org.junit.platform.engine.support.hierarchical.NodeTestTask$$Lambda$177/231977479.execute(Unknown Source)
	at org.junit.platform.engine.support.hierarchical.ThrowableCollector.execute(ThrowableCollector.java:73)
	at org.junit.platform.engine.support.hierarchical.NodeTestTask.executeRecursively(NodeTestTask.java:122)
	at org.junit.platform.engine.support.hierarchical.NodeTestTask.execute(NodeTestTask.java:80)
	at org.junit.platform.engine.support.hierarchical.SameThreadHierarchicalTestExecutorService$$Lambda$183/1381713434.accept(Unknown Source)
	at java.util.ArrayList.forEach(ArrayList.java:1249)
	at org.junit.platform.engine.support.hierarchical.SameThreadHierarchicalTestExecutorService.invokeAll(SameThreadHierarchicalTestExecutorService.java:38)
	at org.junit.platform.engine.support.hierarchical.NodeTestTask.lambda$executeRecursively$5(NodeTestTask.java:139)
	at org.junit.platform.engine.support.hierarchical.NodeTestTask$$Lambda$179/195615004.execute(Unknown Source)
	at org.junit.platform.engine.support.hierarchical.ThrowableCollector.execute(ThrowableCollector.java:73)
	at org.junit.platform.engine.support.hierarchical.NodeTestTask.lambda$executeRecursively$7(NodeTestTask.java:125)
	at org.junit.platform.engine.support.hierarchical.NodeTestTask$$Lambda$178/1890627974.invoke(Unknown Source)
	at org.junit.platform.engine.support.hierarchical.Node.around(Node.java:135)
	at org.junit.platform.engine.support.hierarchical.NodeTestTask.lambda$executeRecursively$8(NodeTestTask.java:123)
	at org.junit.platform.engine.support.hierarchical.NodeTestTask$$Lambda$177/231977479.execute(Unknown Source)
	at org.junit.platform.engine.support.hierarchical.ThrowableCollector.execute(ThrowableCollector.java:73)
	at org.junit.platform.engine.support.hierarchical.NodeTestTask.executeRecursively(NodeTestTask.java:122)
	at org.junit.platform.engine.support.hierarchical.NodeTestTask.execute(NodeTestTask.java:80)
	at org.junit.platform.engine.support.hierarchical.SameThreadHierarchicalTestExecutorService$$Lambda$183/1381713434.accept(Unknown Source)
	at java.util.ArrayList.forEach(ArrayList.java:1249)
	at org.junit.platform.engine.support.hierarchical.SameThreadHierarchicalTestExecutorService.invokeAll(SameThreadHierarchicalTestExecutorService.java:38)
	at org.junit.platform.engine.support.hierarchical.NodeTestTask.lambda$executeRecursively$5(NodeTestTask.java:139)
	at org.junit.platform.engine.support.hierarchical.NodeTestTask$$Lambda$179/195615004.execute(Unknown Source)
	at org.junit.platform.engine.support.hierarchical.ThrowableCollector.execute(ThrowableCollector.java:73)
	at org.junit.platform.engine.support.hierarchical.NodeTestTask.lambda$executeRecursively$7(NodeTestTask.java:125)
	at org.junit.platform.engine.support.hierarchical.NodeTestTask$$Lambda$178/1890627974.invoke(Unknown Source)
	at org.junit.platform.engine.support.hierarchical.Node.around(Node.java:135)
	at org.junit.platform.engine.support.hierarchical.NodeTestTask.lambda$executeRecursively$8(NodeTestTask.java:123)
	at org.junit.platform.engine.support.hierarchical.NodeTestTask$$Lambda$177/231977479.execute(Unknown Source)
	at org.junit.platform.engine.support.hierarchical.ThrowableCollector.execute(ThrowableCollector.java:73)
	at org.junit.platform.engine.support.hierarchical.NodeTestTask.executeRecursively(NodeTestTask.java:122)
	at org.junit.platform.engine.support.hierarchical.NodeTestTask.execute(NodeTestTask.java:80)
	at org.junit.platform.engine.support.hierarchical.SameThreadHierarchicalTestExecutorService.submit(SameThreadHierarchicalTestExecutorService.java:32)
	at org.junit.platform.engine.support.hierarchical.HierarchicalTestExecutor.execute(HierarchicalTestExecutor.java:57)
	at org.junit.platform.engine.support.hierarchical.HierarchicalTestEngine.execute(HierarchicalTestEngine.java:51)
	at org.junit.platform.launcher.core.DefaultLauncher.execute(DefaultLauncher.java:248)
	at org.junit.platform.launcher.core.DefaultLauncher.lambda$execute$5(DefaultLauncher.java:211)
	at org.junit.platform.launcher.core.DefaultLauncher$$Lambda$143/233996206.accept(Unknown Source)
	at org.junit.platform.launcher.core.DefaultLauncher.withInterceptedStreams(DefaultLauncher.java:226)
	at org.junit.platform.launcher.core.DefaultLauncher.execute(DefaultLauncher.java:199)
	at org.junit.platform.launcher.core.DefaultLauncher.execute(DefaultLauncher.java:132)
	at org.apache.maven.surefire.junitplatform.JUnitPlatformProvider.invokeAllTests(JUnitPlatformProvider.java:142)
	at org.apache.maven.surefire.junitplatform.JUnitPlatformProvider.invoke(JUnitPlatformProvider.java:113)
	at org.apache.maven.surefire.booter.ForkedBooter.invokeProviderInSameClassLoader(ForkedBooter.java:384)
	at org.apache.maven.surefire.booter.ForkedBooter.runSuitesInProcess(ForkedBooter.java:345)
	at org.apache.maven.surefire.booter.ForkedBooter.execute(ForkedBooter.java:126)
	at org.apache.maven.surefire.booter.ForkedBooter.main(ForkedBooter.java:418)
2021-11-08 11:19:40,758 [myid:1] - INFO  [QuorumPeer[myid=1](plain=[0:0:0:0:0:0:0:0]:30206)(secure=disabled):FastLeaderElection@984] - Notification time out: 6400
2021-11-08 11:19:40,758 [myid:2] - INFO  [QuorumPeer[myid=2](plain=[0:0:0:0:0:0:0:0]:30207)(secure=disabled):FastLeaderElection@984] - Notification time out: 6400
2021-11-08 11:19:40,898 [myid:] - INFO  [main:FourLetterWordMain@94] - connecting to 127.0.0.1 30206
2021-11-08 11:19:40,898 [myid:1] - WARN  [nioEventLoopGroup-97-1:NettyServerCnxnFactory$CnxnChannelHandler@231] - Zookeeper server is not running, close the connection before starting the TLS handshake
2021-11-08 11:19:40,914 [myid:] - INFO  [main:ClientBase@267] - server 127.0.0.1:30206 not up
java.net.SocketException: Software caused connection abort: recv failed
	at java.net.SocketInputStream.socketRead0(Native Method)
	at java.net.SocketInputStream.read(SocketInputStream.java:150)
	at java.net.SocketInputStream.read(SocketInputStream.java:121)
	at sun.nio.cs.StreamDecoder.readBytes(StreamDecoder.java:284)
	at sun.nio.cs.StreamDecoder.implRead(StreamDecoder.java:326)
	at sun.nio.cs.StreamDecoder.read(StreamDecoder.java:178)
	at java.io.InputStreamReader.read(InputStreamReader.java:184)
	at java.io.BufferedReader.fill(BufferedReader.java:161)
	at java.io.BufferedReader.readLine(BufferedReader.java:324)
	at java.io.BufferedReader.readLine(BufferedReader.java:389)
	at org.apache.zookeeper.client.FourLetterWordMain.send4LetterWord(FourLetterWordMain.java:129)
	at org.apache.zookeeper.client.FourLetterWordMain.send4LetterWord(FourLetterWordMain.java:74)
	at org.apache.zookeeper.test.ClientBase.waitForServerUp(ClientBase.java:258)
	at org.apache.zookeeper.test.ClientBase.waitForServerUp(ClientBase.java:249)
	at org.apache.zookeeper.server.quorum.QuorumSSLTest.testHostnameVerification(QuorumSSLTest.java:671)
	at org.apache.zookeeper.server.quorum.QuorumSSLTest.testHostnameVerificationWithInvalidIPAddress(QuorumSSLTest.java:583)
	at sun.reflect.NativeMethodAccessorImpl.invoke0(Native Method)
	at sun.reflect.NativeMethodAccessorImpl.invoke(NativeMethodAccessorImpl.java:62)
	at sun.reflect.DelegatingMethodAccessorImpl.invoke(DelegatingMethodAccessorImpl.java:43)
	at java.lang.reflect.Method.invoke(Method.java:483)
	at org.junit.platform.commons.util.ReflectionUtils.invokeMethod(ReflectionUtils.java:686)
	at org.junit.jupiter.engine.execution.MethodInvocation.proceed(MethodInvocation.java:60)
	at org.junit.jupiter.engine.execution.InvocationInterceptorChain$ValidatingInvocation.proceed(InvocationInterceptorChain.java:131)
	at org.junit.jupiter.engine.extension.TimeoutInvocation.proceed(TimeoutInvocation.java:46)
	at org.junit.jupiter.engine.extension.TimeoutExtension.intercept(TimeoutExtension.java:149)
	at org.junit.jupiter.engine.extension.TimeoutExtension.interceptTestableMethod(TimeoutExtension.java:140)
	at org.junit.jupiter.engine.extension.TimeoutExtension.interceptTestMethod(TimeoutExtension.java:84)
	at org.junit.jupiter.engine.descriptor.TestMethodTestDescriptor$$Lambda$111/1780132728.apply(Unknown Source)
	at org.junit.jupiter.engine.execution.ExecutableInvoker$ReflectiveInterceptorCall.lambda$ofVoidMethod$0(ExecutableInvoker.java:115)
	at org.junit.jupiter.engine.execution.ExecutableInvoker$ReflectiveInterceptorCall$$Lambda$112/1725017993.apply(Unknown Source)
	at org.junit.jupiter.engine.execution.ExecutableInvoker.lambda$invoke$0(ExecutableInvoker.java:105)
	at org.junit.jupiter.engine.execution.ExecutableInvoker$$Lambda$234/64133603.apply(Unknown Source)
	at org.junit.jupiter.engine.execution.InvocationInterceptorChain$InterceptedInvocation.proceed(InvocationInterceptorChain.java:106)
	at org.junit.jupiter.engine.execution.InvocationInterceptorChain.proceed(InvocationInterceptorChain.java:64)
	at org.junit.jupiter.engine.execution.InvocationInterceptorChain.chainAndInvoke(InvocationInterceptorChain.java:45)
	at org.junit.jupiter.engine.execution.InvocationInterceptorChain.invoke(InvocationInterceptorChain.java:37)
	at org.junit.jupiter.engine.execution.ExecutableInvoker.invoke(ExecutableInvoker.java:104)
	at org.junit.jupiter.engine.execution.ExecutableInvoker.invoke(ExecutableInvoker.java:98)
	at org.junit.jupiter.engine.descriptor.TestMethodTestDescriptor.lambda$invokeTestMethod$6(TestMethodTestDescriptor.java:212)
	at org.junit.jupiter.engine.descriptor.TestMethodTestDescriptor$$Lambda$271/224100622.execute(Unknown Source)
	at org.junit.platform.engine.support.hierarchical.ThrowableCollector.execute(ThrowableCollector.java:73)
	at org.junit.jupiter.engine.descriptor.TestMethodTestDescriptor.invokeTestMethod(TestMethodTestDescriptor.java:208)
	at org.junit.jupiter.engine.descriptor.TestMethodTestDescriptor.execute(TestMethodTestDescriptor.java:137)
	at org.junit.jupiter.engine.descriptor.TestMethodTestDescriptor.execute(TestMethodTestDescriptor.java:71)
	at org.junit.platform.engine.support.hierarchical.NodeTestTask.lambda$executeRecursively$5(NodeTestTask.java:135)
	at org.junit.platform.engine.support.hierarchical.NodeTestTask$$Lambda$179/195615004.execute(Unknown Source)
	at org.junit.platform.engine.support.hierarchical.ThrowableCollector.execute(ThrowableCollector.java:73)
	at org.junit.platform.engine.support.hierarchical.NodeTestTask.lambda$executeRecursively$7(NodeTestTask.java:125)
	at org.junit.platform.engine.support.hierarchical.NodeTestTask$$Lambda$178/1890627974.invoke(Unknown Source)
	at org.junit.platform.engine.support.hierarchical.Node.around(Node.java:135)
	at org.junit.platform.engine.support.hierarchical.NodeTestTask.lambda$executeRecursively$8(NodeTestTask.java:123)
	at org.junit.platform.engine.support.hierarchical.NodeTestTask$$Lambda$177/231977479.execute(Unknown Source)
	at org.junit.platform.engine.support.hierarchical.ThrowableCollector.execute(ThrowableCollector.java:73)
	at org.junit.platform.engine.support.hierarchical.NodeTestTask.executeRecursively(NodeTestTask.java:122)
	at org.junit.platform.engine.support.hierarchical.NodeTestTask.execute(NodeTestTask.java:80)
	at org.junit.platform.engine.support.hierarchical.SameThreadHierarchicalTestExecutorService$$Lambda$183/1381713434.accept(Unknown Source)
	at java.util.ArrayList.forEach(ArrayList.java:1249)
	at org.junit.platform.engine.support.hierarchical.SameThreadHierarchicalTestExecutorService.invokeAll(SameThreadHierarchicalTestExecutorService.java:38)
	at org.junit.platform.engine.support.hierarchical.NodeTestTask.lambda$executeRecursively$5(NodeTestTask.java:139)
	at org.junit.platform.engine.support.hierarchical.NodeTestTask$$Lambda$179/195615004.execute(Unknown Source)
	at org.junit.platform.engine.support.hierarchical.ThrowableCollector.execute(ThrowableCollector.java:73)
	at org.junit.platform.engine.support.hierarchical.NodeTestTask.lambda$executeRecursively$7(NodeTestTask.java:125)
	at org.junit.platform.engine.support.hierarchical.NodeTestTask$$Lambda$178/1890627974.invoke(Unknown Source)
	at org.junit.platform.engine.support.hierarchical.Node.around(Node.java:135)
	at org.junit.platform.engine.support.hierarchical.NodeTestTask.lambda$executeRecursively$8(NodeTestTask.java:123)
	at org.junit.platform.engine.support.hierarchical.NodeTestTask$$Lambda$177/231977479.execute(Unknown Source)
	at org.junit.platform.engine.support.hierarchical.ThrowableCollector.execute(ThrowableCollector.java:73)
	at org.junit.platform.engine.support.hierarchical.NodeTestTask.executeRecursively(NodeTestTask.java:122)
	at org.junit.platform.engine.support.hierarchical.NodeTestTask.execute(NodeTestTask.java:80)
	at org.junit.platform.engine.support.hierarchical.SameThreadHierarchicalTestExecutorService$$Lambda$183/1381713434.accept(Unknown Source)
	at java.util.ArrayList.forEach(ArrayList.java:1249)
	at org.junit.platform.engine.support.hierarchical.SameThreadHierarchicalTestExecutorService.invokeAll(SameThreadHierarchicalTestExecutorService.java:38)
	at org.junit.platform.engine.support.hierarchical.NodeTestTask.lambda$executeRecursively$5(NodeTestTask.java:139)
	at org.junit.platform.engine.support.hierarchical.NodeTestTask$$Lambda$179/195615004.execute(Unknown Source)
	at org.junit.platform.engine.support.hierarchical.ThrowableCollector.execute(ThrowableCollector.java:73)
	at org.junit.platform.engine.support.hierarchical.NodeTestTask.lambda$executeRecursively$7(NodeTestTask.java:125)
	at org.junit.platform.engine.support.hierarchical.NodeTestTask$$Lambda$178/1890627974.invoke(Unknown Source)
	at org.junit.platform.engine.support.hierarchical.Node.around(Node.java:135)
	at org.junit.platform.engine.support.hierarchical.NodeTestTask.lambda$executeRecursively$8(NodeTestTask.java:123)
	at org.junit.platform.engine.support.hierarchical.NodeTestTask$$Lambda$177/231977479.execute(Unknown Source)
	at org.junit.platform.engine.support.hierarchical.ThrowableCollector.execute(ThrowableCollector.java:73)
	at org.junit.platform.engine.support.hierarchical.NodeTestTask.executeRecursively(NodeTestTask.java:122)
	at org.junit.platform.engine.support.hierarchical.NodeTestTask.execute(NodeTestTask.java:80)
	at org.junit.platform.engine.support.hierarchical.SameThreadHierarchicalTestExecutorService.submit(SameThreadHierarchicalTestExecutorService.java:32)
	at org.junit.platform.engine.support.hierarchical.HierarchicalTestExecutor.execute(HierarchicalTestExecutor.java:57)
	at org.junit.platform.engine.support.hierarchical.HierarchicalTestEngine.execute(HierarchicalTestEngine.java:51)
	at org.junit.platform.launcher.core.DefaultLauncher.execute(DefaultLauncher.java:248)
	at org.junit.platform.launcher.core.DefaultLauncher.lambda$execute$5(DefaultLauncher.java:211)
	at org.junit.platform.launcher.core.DefaultLauncher$$Lambda$143/233996206.accept(Unknown Source)
	at org.junit.platform.launcher.core.DefaultLauncher.withInterceptedStreams(DefaultLauncher.java:226)
	at org.junit.platform.launcher.core.DefaultLauncher.execute(DefaultLauncher.java:199)
	at org.junit.platform.launcher.core.DefaultLauncher.execute(DefaultLauncher.java:132)
	at org.apache.maven.surefire.junitplatform.JUnitPlatformProvider.invokeAllTests(JUnitPlatformProvider.java:142)
	at org.apache.maven.surefire.junitplatform.JUnitPlatformProvider.invoke(JUnitPlatformProvider.java:113)
	at org.apache.maven.surefire.booter.ForkedBooter.invokeProviderInSameClassLoader(ForkedBooter.java:384)
	at org.apache.maven.surefire.booter.ForkedBooter.runSuitesInProcess(ForkedBooter.java:345)
	at org.apache.maven.surefire.booter.ForkedBooter.execute(ForkedBooter.java:126)
	at org.apache.maven.surefire.booter.ForkedBooter.main(ForkedBooter.java:418)
2021-11-08 11:19:41,178 [myid:] - INFO  [main:FourLetterWordMain@94] - connecting to 127.0.0.1 30206
2021-11-08 11:19:41,179 [myid:1] - WARN  [nioEventLoopGroup-97-2:NettyServerCnxnFactory$CnxnChannelHandler@231] - Zookeeper server is not running, close the connection before starting the TLS handshake
2021-11-08 11:19:41,432 [myid:] - INFO  [main:FourLetterWordMain@94] - connecting to 127.0.0.1 30206
2021-11-08 11:19:41,432 [myid:1] - WARN  [nioEventLoopGroup-97-3:NettyServerCnxnFactory$CnxnChannelHandler@231] - Zookeeper server is not running, close the connection before starting the TLS handshake
2021-11-08 11:19:41,684 [myid:] - INFO  [main:FourLetterWordMain@94] - connecting to 127.0.0.1 30206
2021-11-08 11:19:41,684 [myid:1] - WARN  [nioEventLoopGroup-97-4:NettyServerCnxnFactory$CnxnChannelHandler@231] - Zookeeper server is not running, close the connection before starting the TLS handshake
2021-11-08 11:19:41,935 [myid:] - INFO  [main:FourLetterWordMain@94] - connecting to 127.0.0.1 30206
2021-11-08 11:19:41,935 [myid:1] - WARN  [nioEventLoopGroup-97-5:NettyServerCnxnFactory$CnxnChannelHandler@231] - Zookeeper server is not running, close the connection before starting the TLS handshake
2021-11-08 11:19:42,189 [myid:] - INFO  [main:FourLetterWordMain@94] - connecting to 127.0.0.1 30206
2021-11-08 11:19:42,190 [myid:1] - WARN  [nioEventLoopGroup-97-6:NettyServerCnxnFactory$CnxnChannelHandler@231] - Zookeeper server is not running, close the connection before starting the TLS handshake
2021-11-08 11:19:42,455 [myid:] - INFO  [main:FourLetterWordMain@94] - connecting to 127.0.0.1 30206
2021-11-08 11:19:42,455 [myid:1] - WARN  [nioEventLoopGroup-97-7:NettyServerCnxnFactory$CnxnChannelHandler@231] - Zookeeper server is not running, close the connection before starting the TLS handshake
2021-11-08 11:19:42,708 [myid:] - INFO  [main:FourLetterWordMain@94] - connecting to 127.0.0.1 30206
2021-11-08 11:19:42,708 [myid:1] - WARN  [nioEventLoopGroup-97-8:NettyServerCnxnFactory$CnxnChannelHandler@231] - Zookeeper server is not running, close the connection before starting the TLS handshake
2021-11-08 11:19:42,972 [myid:] - INFO  [main:FourLetterWordMain@94] - connecting to 127.0.0.1 30206
2021-11-08 11:19:42,973 [myid:1] - WARN  [nioEventLoopGroup-97-9:NettyServerCnxnFactory$CnxnChannelHandler@231] - Zookeeper server is not running, close the connection before starting the TLS handshake
2021-11-08 11:19:43,225 [myid:] - INFO  [main:FourLetterWordMain@94] - connecting to 127.0.0.1 30206
2021-11-08 11:19:43,225 [myid:1] - WARN  [nioEventLoopGroup-97-10:NettyServerCnxnFactory$CnxnChannelHandler@231] - Zookeeper server is not running, close the connection before starting the TLS handshake
2021-11-08 11:19:43,490 [myid:] - INFO  [main:FourLetterWordMain@94] - connecting to 127.0.0.1 30206
2021-11-08 11:19:43,490 [myid:1] - WARN  [nioEventLoopGroup-97-11:NettyServerCnxnFactory$CnxnChannelHandler@231] - Zookeeper server is not running, close the connection before starting the TLS handshake
2021-11-08 11:19:43,754 [myid:] - INFO  [main:FourLetterWordMain@94] - connecting to 127.0.0.1 30206
2021-11-08 11:19:43,754 [myid:1] - WARN  [nioEventLoopGroup-97-12:NettyServerCnxnFactory$CnxnChannelHandler@231] - Zookeeper server is not running, close the connection before starting the TLS handshake
2021-11-08 11:19:44,005 [myid:] - INFO  [main:FourLetterWordMain@94] - connecting to 127.0.0.1 30206
2021-11-08 11:19:44,007 [myid:1] - WARN  [nioEventLoopGroup-97-1:NettyServerCnxnFactory$CnxnChannelHandler@231] - Zookeeper server is not running, close the connection before starting the TLS handshake
2021-11-08 11:19:44,269 [myid:] - INFO  [main:FourLetterWordMain@94] - connecting to 127.0.0.1 30206
2021-11-08 11:19:44,271 [myid:1] - WARN  [nioEventLoopGroup-97-2:NettyServerCnxnFactory$CnxnChannelHandler@231] - Zookeeper server is not running, close the connection before starting the TLS handshake
2021-11-08 11:19:44,521 [myid:] - INFO  [main:FourLetterWordMain@94] - connecting to 127.0.0.1 30206
2021-11-08 11:19:44,522 [myid:1] - WARN  [nioEventLoopGroup-97-3:NettyServerCnxnFactory$CnxnChannelHandler@231] - Zookeeper server is not running, close the connection before starting the TLS handshake
2021-11-08 11:19:44,536 [myid:] - INFO  [main:ClientBase@267] - server 127.0.0.1:30206 not up
java.net.SocketException: Software caused connection abort: recv failed
	at java.net.SocketInputStream.socketRead0(Native Method)
	at java.net.SocketInputStream.read(SocketInputStream.java:150)
	at java.net.SocketInputStream.read(SocketInputStream.java:121)
	at sun.nio.cs.StreamDecoder.readBytes(StreamDecoder.java:284)
	at sun.nio.cs.StreamDecoder.implRead(StreamDecoder.java:326)
	at sun.nio.cs.StreamDecoder.read(StreamDecoder.java:178)
	at java.io.InputStreamReader.read(InputStreamReader.java:184)
	at java.io.BufferedReader.fill(BufferedReader.java:161)
	at java.io.BufferedReader.readLine(BufferedReader.java:324)
	at java.io.BufferedReader.readLine(BufferedReader.java:389)
	at org.apache.zookeeper.client.FourLetterWordMain.send4LetterWord(FourLetterWordMain.java:129)
	at org.apache.zookeeper.client.FourLetterWordMain.send4LetterWord(FourLetterWordMain.java:74)
	at org.apache.zookeeper.test.ClientBase.waitForServerUp(ClientBase.java:258)
	at org.apache.zookeeper.test.ClientBase.waitForServerUp(ClientBase.java:249)
	at org.apache.zookeeper.server.quorum.QuorumSSLTest.testHostnameVerification(QuorumSSLTest.java:671)
	at org.apache.zookeeper.server.quorum.QuorumSSLTest.testHostnameVerificationWithInvalidIPAddress(QuorumSSLTest.java:583)
	at sun.reflect.NativeMethodAccessorImpl.invoke0(Native Method)
	at sun.reflect.NativeMethodAccessorImpl.invoke(NativeMethodAccessorImpl.java:62)
	at sun.reflect.DelegatingMethodAccessorImpl.invoke(DelegatingMethodAccessorImpl.java:43)
	at java.lang.reflect.Method.invoke(Method.java:483)
	at org.junit.platform.commons.util.ReflectionUtils.invokeMethod(ReflectionUtils.java:686)
	at org.junit.jupiter.engine.execution.MethodInvocation.proceed(MethodInvocation.java:60)
	at org.junit.jupiter.engine.execution.InvocationInterceptorChain$ValidatingInvocation.proceed(InvocationInterceptorChain.java:131)
	at org.junit.jupiter.engine.extension.TimeoutInvocation.proceed(TimeoutInvocation.java:46)
	at org.junit.jupiter.engine.extension.TimeoutExtension.intercept(TimeoutExtension.java:149)
	at org.junit.jupiter.engine.extension.TimeoutExtension.interceptTestableMethod(TimeoutExtension.java:140)
	at org.junit.jupiter.engine.extension.TimeoutExtension.interceptTestMethod(TimeoutExtension.java:84)
	at org.junit.jupiter.engine.descriptor.TestMethodTestDescriptor$$Lambda$111/1780132728.apply(Unknown Source)
	at org.junit.jupiter.engine.execution.ExecutableInvoker$ReflectiveInterceptorCall.lambda$ofVoidMethod$0(ExecutableInvoker.java:115)
	at org.junit.jupiter.engine.execution.ExecutableInvoker$ReflectiveInterceptorCall$$Lambda$112/1725017993.apply(Unknown Source)
	at org.junit.jupiter.engine.execution.ExecutableInvoker.lambda$invoke$0(ExecutableInvoker.java:105)
	at org.junit.jupiter.engine.execution.ExecutableInvoker$$Lambda$234/64133603.apply(Unknown Source)
	at org.junit.jupiter.engine.execution.InvocationInterceptorChain$InterceptedInvocation.proceed(InvocationInterceptorChain.java:106)
	at org.junit.jupiter.engine.execution.InvocationInterceptorChain.proceed(InvocationInterceptorChain.java:64)
	at org.junit.jupiter.engine.execution.InvocationInterceptorChain.chainAndInvoke(InvocationInterceptorChain.java:45)
	at org.junit.jupiter.engine.execution.InvocationInterceptorChain.invoke(InvocationInterceptorChain.java:37)
	at org.junit.jupiter.engine.execution.ExecutableInvoker.invoke(ExecutableInvoker.java:104)
	at org.junit.jupiter.engine.execution.ExecutableInvoker.invoke(ExecutableInvoker.java:98)
	at org.junit.jupiter.engine.descriptor.TestMethodTestDescriptor.lambda$invokeTestMethod$6(TestMethodTestDescriptor.java:212)
	at org.junit.jupiter.engine.descriptor.TestMethodTestDescriptor$$Lambda$271/224100622.execute(Unknown Source)
	at org.junit.platform.engine.support.hierarchical.ThrowableCollector.execute(ThrowableCollector.java:73)
	at org.junit.jupiter.engine.descriptor.TestMethodTestDescriptor.invokeTestMethod(TestMethodTestDescriptor.java:208)
	at org.junit.jupiter.engine.descriptor.TestMethodTestDescriptor.execute(TestMethodTestDescriptor.java:137)
	at org.junit.jupiter.engine.descriptor.TestMethodTestDescriptor.execute(TestMethodTestDescriptor.java:71)
	at org.junit.platform.engine.support.hierarchical.NodeTestTask.lambda$executeRecursively$5(NodeTestTask.java:135)
	at org.junit.platform.engine.support.hierarchical.NodeTestTask$$Lambda$179/195615004.execute(Unknown Source)
	at org.junit.platform.engine.support.hierarchical.ThrowableCollector.execute(ThrowableCollector.java:73)
	at org.junit.platform.engine.support.hierarchical.NodeTestTask.lambda$executeRecursively$7(NodeTestTask.java:125)
	at org.junit.platform.engine.support.hierarchical.NodeTestTask$$Lambda$178/1890627974.invoke(Unknown Source)
	at org.junit.platform.engine.support.hierarchical.Node.around(Node.java:135)
	at org.junit.platform.engine.support.hierarchical.NodeTestTask.lambda$executeRecursively$8(NodeTestTask.java:123)
	at org.junit.platform.engine.support.hierarchical.NodeTestTask$$Lambda$177/231977479.execute(Unknown Source)
	at org.junit.platform.engine.support.hierarchical.ThrowableCollector.execute(ThrowableCollector.java:73)
	at org.junit.platform.engine.support.hierarchical.NodeTestTask.executeRecursively(NodeTestTask.java:122)
	at org.junit.platform.engine.support.hierarchical.NodeTestTask.execute(NodeTestTask.java:80)
	at org.junit.platform.engine.support.hierarchical.SameThreadHierarchicalTestExecutorService$$Lambda$183/1381713434.accept(Unknown Source)
	at java.util.ArrayList.forEach(ArrayList.java:1249)
	at org.junit.platform.engine.support.hierarchical.SameThreadHierarchicalTestExecutorService.invokeAll(SameThreadHierarchicalTestExecutorService.java:38)
	at org.junit.platform.engine.support.hierarchical.NodeTestTask.lambda$executeRecursively$5(NodeTestTask.java:139)
	at org.junit.platform.engine.support.hierarchical.NodeTestTask$$Lambda$179/195615004.execute(Unknown Source)
	at org.junit.platform.engine.support.hierarchical.ThrowableCollector.execute(ThrowableCollector.java:73)
	at org.junit.platform.engine.support.hierarchical.NodeTestTask.lambda$executeRecursively$7(NodeTestTask.java:125)
	at org.junit.platform.engine.support.hierarchical.NodeTestTask$$Lambda$178/1890627974.invoke(Unknown Source)
	at org.junit.platform.engine.support.hierarchical.Node.around(Node.java:135)
	at org.junit.platform.engine.support.hierarchical.NodeTestTask.lambda$executeRecursively$8(NodeTestTask.java:123)
	at org.junit.platform.engine.support.hierarchical.NodeTestTask$$Lambda$177/231977479.execute(Unknown Source)
	at org.junit.platform.engine.support.hierarchical.ThrowableCollector.execute(ThrowableCollector.java:73)
	at org.junit.platform.engine.support.hierarchical.NodeTestTask.executeRecursively(NodeTestTask.java:122)
	at org.junit.platform.engine.support.hierarchical.NodeTestTask.execute(NodeTestTask.java:80)
	at org.junit.platform.engine.support.hierarchical.SameThreadHierarchicalTestExecutorService$$Lambda$183/1381713434.accept(Unknown Source)
	at java.util.ArrayList.forEach(ArrayList.java:1249)
	at org.junit.platform.engine.support.hierarchical.SameThreadHierarchicalTestExecutorService.invokeAll(SameThreadHierarchicalTestExecutorService.java:38)
	at org.junit.platform.engine.support.hierarchical.NodeTestTask.lambda$executeRecursively$5(NodeTestTask.java:139)
	at org.junit.platform.engine.support.hierarchical.NodeTestTask$$Lambda$179/195615004.execute(Unknown Source)
	at org.junit.platform.engine.support.hierarchical.ThrowableCollector.execute(ThrowableCollector.java:73)
	at org.junit.platform.engine.support.hierarchical.NodeTestTask.lambda$executeRecursively$7(NodeTestTask.java:125)
	at org.junit.platform.engine.support.hierarchical.NodeTestTask$$Lambda$178/1890627974.invoke(Unknown Source)
	at org.junit.platform.engine.support.hierarchical.Node.around(Node.java:135)
	at org.junit.platform.engine.support.hierarchical.NodeTestTask.lambda$executeRecursively$8(NodeTestTask.java:123)
	at org.junit.platform.engine.support.hierarchical.NodeTestTask$$Lambda$177/231977479.execute(Unknown Source)
	at org.junit.platform.engine.support.hierarchical.ThrowableCollector.execute(ThrowableCollector.java:73)
	at org.junit.platform.engine.support.hierarchical.NodeTestTask.executeRecursively(NodeTestTask.java:122)
	at org.junit.platform.engine.support.hierarchical.NodeTestTask.execute(NodeTestTask.java:80)
	at org.junit.platform.engine.support.hierarchical.SameThreadHierarchicalTestExecutorService.submit(SameThreadHierarchicalTestExecutorService.java:32)
	at org.junit.platform.engine.support.hierarchical.HierarchicalTestExecutor.execute(HierarchicalTestExecutor.java:57)
	at org.junit.platform.engine.support.hierarchical.HierarchicalTestEngine.execute(HierarchicalTestEngine.java:51)
	at org.junit.platform.launcher.core.DefaultLauncher.execute(DefaultLauncher.java:248)
	at org.junit.platform.launcher.core.DefaultLauncher.lambda$execute$5(DefaultLauncher.java:211)
	at org.junit.platform.launcher.core.DefaultLauncher$$Lambda$143/233996206.accept(Unknown Source)
	at org.junit.platform.launcher.core.DefaultLauncher.withInterceptedStreams(DefaultLauncher.java:226)
	at org.junit.platform.launcher.core.DefaultLauncher.execute(DefaultLauncher.java:199)
	at org.junit.platform.launcher.core.DefaultLauncher.execute(DefaultLauncher.java:132)
	at org.apache.maven.surefire.junitplatform.JUnitPlatformProvider.invokeAllTests(JUnitPlatformProvider.java:142)
	at org.apache.maven.surefire.junitplatform.JUnitPlatformProvider.invoke(JUnitPlatformProvider.java:113)
	at org.apache.maven.surefire.booter.ForkedBooter.invokeProviderInSameClassLoader(ForkedBooter.java:384)
	at org.apache.maven.surefire.booter.ForkedBooter.runSuitesInProcess(ForkedBooter.java:345)
	at org.apache.maven.surefire.booter.ForkedBooter.execute(ForkedBooter.java:126)
	at org.apache.maven.surefire.booter.ForkedBooter.main(ForkedBooter.java:418)
2021-11-08 11:19:44,799 [myid:] - INFO  [main:FourLetterWordMain@94] - connecting to 127.0.0.1 30206
2021-11-08 11:19:44,799 [myid:1] - WARN  [nioEventLoopGroup-97-4:NettyServerCnxnFactory$CnxnChannelHandler@231] - Zookeeper server is not running, close the connection before starting the TLS handshake
2021-11-08 11:19:44,814 [myid:] - INFO  [main:ClientBase@267] - server 127.0.0.1:30206 not up
java.net.SocketException: Software caused connection abort: recv failed
	at java.net.SocketInputStream.socketRead0(Native Method)
	at java.net.SocketInputStream.read(SocketInputStream.java:150)
	at java.net.SocketInputStream.read(SocketInputStream.java:121)
	at sun.nio.cs.StreamDecoder.readBytes(StreamDecoder.java:284)
	at sun.nio.cs.StreamDecoder.implRead(StreamDecoder.java:326)
	at sun.nio.cs.StreamDecoder.read(StreamDecoder.java:178)
	at java.io.InputStreamReader.read(InputStreamReader.java:184)
	at java.io.BufferedReader.fill(BufferedReader.java:161)
	at java.io.BufferedReader.readLine(BufferedReader.java:324)
	at java.io.BufferedReader.readLine(BufferedReader.java:389)
	at org.apache.zookeeper.client.FourLetterWordMain.send4LetterWord(FourLetterWordMain.java:129)
	at org.apache.zookeeper.client.FourLetterWordMain.send4LetterWord(FourLetterWordMain.java:74)
	at org.apache.zookeeper.test.ClientBase.waitForServerUp(ClientBase.java:258)
	at org.apache.zookeeper.test.ClientBase.waitForServerUp(ClientBase.java:249)
	at org.apache.zookeeper.server.quorum.QuorumSSLTest.testHostnameVerification(QuorumSSLTest.java:671)
	at org.apache.zookeeper.server.quorum.QuorumSSLTest.testHostnameVerificationWithInvalidIPAddress(QuorumSSLTest.java:583)
	at sun.reflect.NativeMethodAccessorImpl.invoke0(Native Method)
	at sun.reflect.NativeMethodAccessorImpl.invoke(NativeMethodAccessorImpl.java:62)
	at sun.reflect.DelegatingMethodAccessorImpl.invoke(DelegatingMethodAccessorImpl.java:43)
	at java.lang.reflect.Method.invoke(Method.java:483)
	at org.junit.platform.commons.util.ReflectionUtils.invokeMethod(ReflectionUtils.java:686)
	at org.junit.jupiter.engine.execution.MethodInvocation.proceed(MethodInvocation.java:60)
	at org.junit.jupiter.engine.execution.InvocationInterceptorChain$ValidatingInvocation.proceed(InvocationInterceptorChain.java:131)
	at org.junit.jupiter.engine.extension.TimeoutInvocation.proceed(TimeoutInvocation.java:46)
	at org.junit.jupiter.engine.extension.TimeoutExtension.intercept(TimeoutExtension.java:149)
	at org.junit.jupiter.engine.extension.TimeoutExtension.interceptTestableMethod(TimeoutExtension.java:140)
	at org.junit.jupiter.engine.extension.TimeoutExtension.interceptTestMethod(TimeoutExtension.java:84)
	at org.junit.jupiter.engine.descriptor.TestMethodTestDescriptor$$Lambda$111/1780132728.apply(Unknown Source)
	at org.junit.jupiter.engine.execution.ExecutableInvoker$ReflectiveInterceptorCall.lambda$ofVoidMethod$0(ExecutableInvoker.java:115)
	at org.junit.jupiter.engine.execution.ExecutableInvoker$ReflectiveInterceptorCall$$Lambda$112/1725017993.apply(Unknown Source)
	at org.junit.jupiter.engine.execution.ExecutableInvoker.lambda$invoke$0(ExecutableInvoker.java:105)
	at org.junit.jupiter.engine.execution.ExecutableInvoker$$Lambda$234/64133603.apply(Unknown Source)
	at org.junit.jupiter.engine.execution.InvocationInterceptorChain$InterceptedInvocation.proceed(InvocationInterceptorChain.java:106)
	at org.junit.jupiter.engine.execution.InvocationInterceptorChain.proceed(InvocationInterceptorChain.java:64)
	at org.junit.jupiter.engine.execution.InvocationInterceptorChain.chainAndInvoke(InvocationInterceptorChain.java:45)
	at org.junit.jupiter.engine.execution.InvocationInterceptorChain.invoke(InvocationInterceptorChain.java:37)
	at org.junit.jupiter.engine.execution.ExecutableInvoker.invoke(ExecutableInvoker.java:104)
	at org.junit.jupiter.engine.execution.ExecutableInvoker.invoke(ExecutableInvoker.java:98)
	at org.junit.jupiter.engine.descriptor.TestMethodTestDescriptor.lambda$invokeTestMethod$6(TestMethodTestDescriptor.java:212)
	at org.junit.jupiter.engine.descriptor.TestMethodTestDescriptor$$Lambda$271/224100622.execute(Unknown Source)
	at org.junit.platform.engine.support.hierarchical.ThrowableCollector.execute(ThrowableCollector.java:73)
	at org.junit.jupiter.engine.descriptor.TestMethodTestDescriptor.invokeTestMethod(TestMethodTestDescriptor.java:208)
	at org.junit.jupiter.engine.descriptor.TestMethodTestDescriptor.execute(TestMethodTestDescriptor.java:137)
	at org.junit.jupiter.engine.descriptor.TestMethodTestDescriptor.execute(TestMethodTestDescriptor.java:71)
	at org.junit.platform.engine.support.hierarchical.NodeTestTask.lambda$executeRecursively$5(NodeTestTask.java:135)
	at org.junit.platform.engine.support.hierarchical.NodeTestTask$$Lambda$179/195615004.execute(Unknown Source)
	at org.junit.platform.engine.support.hierarchical.ThrowableCollector.execute(ThrowableCollector.java:73)
	at org.junit.platform.engine.support.hierarchical.NodeTestTask.lambda$executeRecursively$7(NodeTestTask.java:125)
	at org.junit.platform.engine.support.hierarchical.NodeTestTask$$Lambda$178/1890627974.invoke(Unknown Source)
	at org.junit.platform.engine.support.hierarchical.Node.around(Node.java:135)
	at org.junit.platform.engine.support.hierarchical.NodeTestTask.lambda$executeRecursively$8(NodeTestTask.java:123)
	at org.junit.platform.engine.support.hierarchical.NodeTestTask$$Lambda$177/231977479.execute(Unknown Source)
	at org.junit.platform.engine.support.hierarchical.ThrowableCollector.execute(ThrowableCollector.java:73)
	at org.junit.platform.engine.support.hierarchical.NodeTestTask.executeRecursively(NodeTestTask.java:122)
	at org.junit.platform.engine.support.hierarchical.NodeTestTask.execute(NodeTestTask.java:80)
	at org.junit.platform.engine.support.hierarchical.SameThreadHierarchicalTestExecutorService$$Lambda$183/1381713434.accept(Unknown Source)
	at java.util.ArrayList.forEach(ArrayList.java:1249)
	at org.junit.platform.engine.support.hierarchical.SameThreadHierarchicalTestExecutorService.invokeAll(SameThreadHierarchicalTestExecutorService.java:38)
	at org.junit.platform.engine.support.hierarchical.NodeTestTask.lambda$executeRecursively$5(NodeTestTask.java:139)
	at org.junit.platform.engine.support.hierarchical.NodeTestTask$$Lambda$179/195615004.execute(Unknown Source)
	at org.junit.platform.engine.support.hierarchical.ThrowableCollector.execute(ThrowableCollector.java:73)
	at org.junit.platform.engine.support.hierarchical.NodeTestTask.lambda$executeRecursively$7(NodeTestTask.java:125)
	at org.junit.platform.engine.support.hierarchical.NodeTestTask$$Lambda$178/1890627974.invoke(Unknown Source)
	at org.junit.platform.engine.support.hierarchical.Node.around(Node.java:135)
	at org.junit.platform.engine.support.hierarchical.NodeTestTask.lambda$executeRecursively$8(NodeTestTask.java:123)
	at org.junit.platform.engine.support.hierarchical.NodeTestTask$$Lambda$177/231977479.execute(Unknown Source)
	at org.junit.platform.engine.support.hierarchical.ThrowableCollector.execute(ThrowableCollector.java:73)
	at org.junit.platform.engine.support.hierarchical.NodeTestTask.executeRecursively(NodeTestTask.java:122)
	at org.junit.platform.engine.support.hierarchical.NodeTestTask.execute(NodeTestTask.java:80)
	at org.junit.platform.engine.support.hierarchical.SameThreadHierarchicalTestExecutorService$$Lambda$183/1381713434.accept(Unknown Source)
	at java.util.ArrayList.forEach(ArrayList.java:1249)
	at org.junit.platform.engine.support.hierarchical.SameThreadHierarchicalTestExecutorService.invokeAll(SameThreadHierarchicalTestExecutorService.java:38)
	at org.junit.platform.engine.support.hierarchical.NodeTestTask.lambda$executeRecursively$5(NodeTestTask.java:139)
	at org.junit.platform.engine.support.hierarchical.NodeTestTask$$Lambda$179/195615004.execute(Unknown Source)
	at org.junit.platform.engine.support.hierarchical.ThrowableCollector.execute(ThrowableCollector.java:73)
	at org.junit.platform.engine.support.hierarchical.NodeTestTask.lambda$executeRecursively$7(NodeTestTask.java:125)
	at org.junit.platform.engine.support.hierarchical.NodeTestTask$$Lambda$178/1890627974.invoke(Unknown Source)
	at org.junit.platform.engine.support.hierarchical.Node.around(Node.java:135)
	at org.junit.platform.engine.support.hierarchical.NodeTestTask.lambda$executeRecursively$8(NodeTestTask.java:123)
	at org.junit.platform.engine.support.hierarchical.NodeTestTask$$Lambda$177/231977479.execute(Unknown Source)
	at org.junit.platform.engine.support.hierarchical.ThrowableCollector.execute(ThrowableCollector.java:73)
	at org.junit.platform.engine.support.hierarchical.NodeTestTask.executeRecursively(NodeTestTask.java:122)
	at org.junit.platform.engine.support.hierarchical.NodeTestTask.execute(NodeTestTask.java:80)
	at org.junit.platform.engine.support.hierarchical.SameThreadHierarchicalTestExecutorService.submit(SameThreadHierarchicalTestExecutorService.java:32)
	at org.junit.platform.engine.support.hierarchical.HierarchicalTestExecutor.execute(HierarchicalTestExecutor.java:57)
	at org.junit.platform.engine.support.hierarchical.HierarchicalTestEngine.execute(HierarchicalTestEngine.java:51)
	at org.junit.platform.launcher.core.DefaultLauncher.execute(DefaultLauncher.java:248)
	at org.junit.platform.launcher.core.DefaultLauncher.lambda$execute$5(DefaultLauncher.java:211)
	at org.junit.platform.launcher.core.DefaultLauncher$$Lambda$143/233996206.accept(Unknown Source)
	at org.junit.platform.launcher.core.DefaultLauncher.withInterceptedStreams(DefaultLauncher.java:226)
	at org.junit.platform.launcher.core.DefaultLauncher.execute(DefaultLauncher.java:199)
	at org.junit.platform.launcher.core.DefaultLauncher.execute(DefaultLauncher.java:132)
	at org.apache.maven.surefire.junitplatform.JUnitPlatformProvider.invokeAllTests(JUnitPlatformProvider.java:142)
	at org.apache.maven.surefire.junitplatform.JUnitPlatformProvider.invoke(JUnitPlatformProvider.java:113)
	at org.apache.maven.surefire.booter.ForkedBooter.invokeProviderInSameClassLoader(ForkedBooter.java:384)
	at org.apache.maven.surefire.booter.ForkedBooter.runSuitesInProcess(ForkedBooter.java:345)
	at org.apache.maven.surefire.booter.ForkedBooter.execute(ForkedBooter.java:126)
	at org.apache.maven.surefire.booter.ForkedBooter.main(ForkedBooter.java:418)
2021-11-08 11:19:45,065 [myid:] - INFO  [main:FourLetterWordMain@94] - connecting to 127.0.0.1 30206
2021-11-08 11:19:45,067 [myid:1] - WARN  [nioEventLoopGroup-97-5:NettyServerCnxnFactory$CnxnChannelHandler@231] - Zookeeper server is not running, close the connection before starting the TLS handshake
2021-11-08 11:19:45,327 [myid:] - INFO  [main:FourLetterWordMain@94] - connecting to 127.0.0.1 30206
2021-11-08 11:19:45,327 [myid:1] - WARN  [nioEventLoopGroup-97-6:NettyServerCnxnFactory$CnxnChannelHandler@231] - Zookeeper server is not running, close the connection before starting the TLS handshake
2021-11-08 11:19:45,590 [myid:] - INFO  [main:FourLetterWordMain@94] - connecting to 127.0.0.1 30206
2021-11-08 11:19:45,590 [myid:1] - WARN  [nioEventLoopGroup-97-7:NettyServerCnxnFactory$CnxnChannelHandler@231] - Zookeeper server is not running, close the connection before starting the TLS handshake
2021-11-08 11:19:45,842 [myid:] - INFO  [main:FourLetterWordMain@94] - connecting to 127.0.0.1 30206
2021-11-08 11:19:45,842 [myid:1] - WARN  [nioEventLoopGroup-97-8:NettyServerCnxnFactory$CnxnChannelHandler@231] - Zookeeper server is not running, close the connection before starting the TLS handshake
2021-11-08 11:19:46,106 [myid:] - INFO  [main:FourLetterWordMain@94] - connecting to 127.0.0.1 30206
2021-11-08 11:19:46,108 [myid:1] - WARN  [nioEventLoopGroup-97-9:NettyServerCnxnFactory$CnxnChannelHandler@231] - Zookeeper server is not running, close the connection before starting the TLS handshake
2021-11-08 11:19:46,371 [myid:] - INFO  [main:FourLetterWordMain@94] - connecting to 127.0.0.1 30206
2021-11-08 11:19:46,373 [myid:1] - WARN  [nioEventLoopGroup-97-10:NettyServerCnxnFactory$CnxnChannelHandler@231] - Zookeeper server is not running, close the connection before starting the TLS handshake
2021-11-08 11:19:46,624 [myid:] - INFO  [main:FourLetterWordMain@94] - connecting to 127.0.0.1 30206
2021-11-08 11:19:46,624 [myid:1] - WARN  [nioEventLoopGroup-97-11:NettyServerCnxnFactory$CnxnChannelHandler@231] - Zookeeper server is not running, close the connection before starting the TLS handshake
2021-11-08 11:19:46,888 [myid:] - INFO  [main:FourLetterWordMain@94] - connecting to 127.0.0.1 30206
2021-11-08 11:19:46,888 [myid:1] - WARN  [nioEventLoopGroup-97-12:NettyServerCnxnFactory$CnxnChannelHandler@231] - Zookeeper server is not running, close the connection before starting the TLS handshake
2021-11-08 11:19:47,139 [myid:] - INFO  [main:FourLetterWordMain@94] - connecting to 127.0.0.1 30206
2021-11-08 11:19:47,140 [myid:1] - WARN  [nioEventLoopGroup-97-1:NettyServerCnxnFactory$CnxnChannelHandler@231] - Zookeeper server is not running, close the connection before starting the TLS handshake
2021-11-08 11:19:47,171 [myid:2] - INFO  [QuorumPeer[myid=2](plain=[0:0:0:0:0:0:0:0]:30207)(secure=disabled):FastLeaderElection@984] - Notification time out: 12800
2021-11-08 11:19:47,171 [myid:1] - INFO  [QuorumPeer[myid=1](plain=[0:0:0:0:0:0:0:0]:30206)(secure=disabled):FastLeaderElection@984] - Notification time out: 12800
2021-11-08 11:19:47,392 [myid:] - INFO  [main:FourLetterWordMain@94] - connecting to 127.0.0.1 30206
2021-11-08 11:19:47,393 [myid:1] - WARN  [nioEventLoopGroup-97-2:NettyServerCnxnFactory$CnxnChannelHandler@231] - Zookeeper server is not running, close the connection before starting the TLS handshake
2021-11-08 11:19:47,644 [myid:] - INFO  [main:FourLetterWordMain@94] - connecting to 127.0.0.1 30206
2021-11-08 11:19:47,644 [myid:1] - WARN  [nioEventLoopGroup-97-3:NettyServerCnxnFactory$CnxnChannelHandler@231] - Zookeeper server is not running, close the connection before starting the TLS handshake
2021-11-08 11:19:47,895 [myid:] - INFO  [main:FourLetterWordMain@94] - connecting to 127.0.0.1 30206
2021-11-08 11:19:47,896 [myid:1] - WARN  [nioEventLoopGroup-97-4:NettyServerCnxnFactory$CnxnChannelHandler@231] - Zookeeper server is not running, close the connection before starting the TLS handshake
2021-11-08 11:19:48,159 [myid:] - INFO  [main:FourLetterWordMain@94] - connecting to 127.0.0.1 30206
2021-11-08 11:19:48,159 [myid:1] - WARN  [nioEventLoopGroup-97-5:NettyServerCnxnFactory$CnxnChannelHandler@231] - Zookeeper server is not running, close the connection before starting the TLS handshake
2021-11-08 11:19:48,423 [myid:] - INFO  [main:FourLetterWordMain@94] - connecting to 127.0.0.1 30206
2021-11-08 11:19:48,425 [myid:1] - WARN  [nioEventLoopGroup-97-6:NettyServerCnxnFactory$CnxnChannelHandler@231] - Zookeeper server is not running, close the connection before starting the TLS handshake
2021-11-08 11:19:48,688 [myid:] - INFO  [main:FourLetterWordMain@94] - connecting to 127.0.0.1 30206
2021-11-08 11:19:48,689 [myid:1] - WARN  [nioEventLoopGroup-97-7:NettyServerCnxnFactory$CnxnChannelHandler@231] - Zookeeper server is not running, close the connection before starting the TLS handshake
2021-11-08 11:19:48,939 [myid:] - INFO  [main:FourLetterWordMain@94] - connecting to 127.0.0.1 30206
2021-11-08 11:19:48,939 [myid:1] - WARN  [nioEventLoopGroup-97-8:NettyServerCnxnFactory$CnxnChannelHandler@231] - Zookeeper server is not running, close the connection before starting the TLS handshake
2021-11-08 11:19:49,192 [myid:] - INFO  [main:FourLetterWordMain@94] - connecting to 127.0.0.1 30206
2021-11-08 11:19:49,193 [myid:1] - WARN  [nioEventLoopGroup-97-9:NettyServerCnxnFactory$CnxnChannelHandler@231] - Zookeeper server is not running, close the connection before starting the TLS handshake
2021-11-08 11:19:49,454 [myid:] - INFO  [main:FourLetterWordMain@94] - connecting to 127.0.0.1 30206
2021-11-08 11:19:49,454 [myid:1] - WARN  [nioEventLoopGroup-97-10:NettyServerCnxnFactory$CnxnChannelHandler@231] - Zookeeper server is not running, close the connection before starting the TLS handshake
2021-11-08 11:19:49,708 [myid:] - INFO  [main:FourLetterWordMain@94] - connecting to 127.0.0.1 30206
2021-11-08 11:19:49,708 [myid:1] - WARN  [nioEventLoopGroup-97-11:NettyServerCnxnFactory$CnxnChannelHandler@231] - Zookeeper server is not running, close the connection before starting the TLS handshake
2021-11-08 11:19:49,723 [myid:] - INFO  [main:ClientBase@267] - server 127.0.0.1:30206 not up
java.net.SocketException: Software caused connection abort: recv failed
	at java.net.SocketInputStream.socketRead0(Native Method)
	at java.net.SocketInputStream.read(SocketInputStream.java:150)
	at java.net.SocketInputStream.read(SocketInputStream.java:121)
	at sun.nio.cs.StreamDecoder.readBytes(StreamDecoder.java:284)
	at sun.nio.cs.StreamDecoder.implRead(StreamDecoder.java:326)
	at sun.nio.cs.StreamDecoder.read(StreamDecoder.java:178)
	at java.io.InputStreamReader.read(InputStreamReader.java:184)
	at java.io.BufferedReader.fill(BufferedReader.java:161)
	at java.io.BufferedReader.readLine(BufferedReader.java:324)
	at java.io.BufferedReader.readLine(BufferedReader.java:389)
	at org.apache.zookeeper.client.FourLetterWordMain.send4LetterWord(FourLetterWordMain.java:129)
	at org.apache.zookeeper.client.FourLetterWordMain.send4LetterWord(FourLetterWordMain.java:74)
	at org.apache.zookeeper.test.ClientBase.waitForServerUp(ClientBase.java:258)
	at org.apache.zookeeper.test.ClientBase.waitForServerUp(ClientBase.java:249)
	at org.apache.zookeeper.server.quorum.QuorumSSLTest.testHostnameVerification(QuorumSSLTest.java:671)
	at org.apache.zookeeper.server.quorum.QuorumSSLTest.testHostnameVerificationWithInvalidIPAddress(QuorumSSLTest.java:583)
	at sun.reflect.NativeMethodAccessorImpl.invoke0(Native Method)
	at sun.reflect.NativeMethodAccessorImpl.invoke(NativeMethodAccessorImpl.java:62)
	at sun.reflect.DelegatingMethodAccessorImpl.invoke(DelegatingMethodAccessorImpl.java:43)
	at java.lang.reflect.Method.invoke(Method.java:483)
	at org.junit.platform.commons.util.ReflectionUtils.invokeMethod(ReflectionUtils.java:686)
	at org.junit.jupiter.engine.execution.MethodInvocation.proceed(MethodInvocation.java:60)
	at org.junit.jupiter.engine.execution.InvocationInterceptorChain$ValidatingInvocation.proceed(InvocationInterceptorChain.java:131)
	at org.junit.jupiter.engine.extension.TimeoutInvocation.proceed(TimeoutInvocation.java:46)
	at org.junit.jupiter.engine.extension.TimeoutExtension.intercept(TimeoutExtension.java:149)
	at org.junit.jupiter.engine.extension.TimeoutExtension.interceptTestableMethod(TimeoutExtension.java:140)
	at org.junit.jupiter.engine.extension.TimeoutExtension.interceptTestMethod(TimeoutExtension.java:84)
	at org.junit.jupiter.engine.descriptor.TestMethodTestDescriptor$$Lambda$111/1780132728.apply(Unknown Source)
	at org.junit.jupiter.engine.execution.ExecutableInvoker$ReflectiveInterceptorCall.lambda$ofVoidMethod$0(ExecutableInvoker.java:115)
	at org.junit.jupiter.engine.execution.ExecutableInvoker$ReflectiveInterceptorCall$$Lambda$112/1725017993.apply(Unknown Source)
	at org.junit.jupiter.engine.execution.ExecutableInvoker.lambda$invoke$0(ExecutableInvoker.java:105)
	at org.junit.jupiter.engine.execution.ExecutableInvoker$$Lambda$234/64133603.apply(Unknown Source)
	at org.junit.jupiter.engine.execution.InvocationInterceptorChain$InterceptedInvocation.proceed(InvocationInterceptorChain.java:106)
	at org.junit.jupiter.engine.execution.InvocationInterceptorChain.proceed(InvocationInterceptorChain.java:64)
	at org.junit.jupiter.engine.execution.InvocationInterceptorChain.chainAndInvoke(InvocationInterceptorChain.java:45)
	at org.junit.jupiter.engine.execution.InvocationInterceptorChain.invoke(InvocationInterceptorChain.java:37)
	at org.junit.jupiter.engine.execution.ExecutableInvoker.invoke(ExecutableInvoker.java:104)
	at org.junit.jupiter.engine.execution.ExecutableInvoker.invoke(ExecutableInvoker.java:98)
	at org.junit.jupiter.engine.descriptor.TestMethodTestDescriptor.lambda$invokeTestMethod$6(TestMethodTestDescriptor.java:212)
	at org.junit.jupiter.engine.descriptor.TestMethodTestDescriptor$$Lambda$271/224100622.execute(Unknown Source)
	at org.junit.platform.engine.support.hierarchical.ThrowableCollector.execute(ThrowableCollector.java:73)
	at org.junit.jupiter.engine.descriptor.TestMethodTestDescriptor.invokeTestMethod(TestMethodTestDescriptor.java:208)
	at org.junit.jupiter.engine.descriptor.TestMethodTestDescriptor.execute(TestMethodTestDescriptor.java:137)
	at org.junit.jupiter.engine.descriptor.TestMethodTestDescriptor.execute(TestMethodTestDescriptor.java:71)
	at org.junit.platform.engine.support.hierarchical.NodeTestTask.lambda$executeRecursively$5(NodeTestTask.java:135)
	at org.junit.platform.engine.support.hierarchical.NodeTestTask$$Lambda$179/195615004.execute(Unknown Source)
	at org.junit.platform.engine.support.hierarchical.ThrowableCollector.execute(ThrowableCollector.java:73)
	at org.junit.platform.engine.support.hierarchical.NodeTestTask.lambda$executeRecursively$7(NodeTestTask.java:125)
	at org.junit.platform.engine.support.hierarchical.NodeTestTask$$Lambda$178/1890627974.invoke(Unknown Source)
	at org.junit.platform.engine.support.hierarchical.Node.around(Node.java:135)
	at org.junit.platform.engine.support.hierarchical.NodeTestTask.lambda$executeRecursively$8(NodeTestTask.java:123)
	at org.junit.platform.engine.support.hierarchical.NodeTestTask$$Lambda$177/231977479.execute(Unknown Source)
	at org.junit.platform.engine.support.hierarchical.ThrowableCollector.execute(ThrowableCollector.java:73)
	at org.junit.platform.engine.support.hierarchical.NodeTestTask.executeRecursively(NodeTestTask.java:122)
	at org.junit.platform.engine.support.hierarchical.NodeTestTask.execute(NodeTestTask.java:80)
	at org.junit.platform.engine.support.hierarchical.SameThreadHierarchicalTestExecutorService$$Lambda$183/1381713434.accept(Unknown Source)
	at java.util.ArrayList.forEach(ArrayList.java:1249)
	at org.junit.platform.engine.support.hierarchical.SameThreadHierarchicalTestExecutorService.invokeAll(SameThreadHierarchicalTestExecutorService.java:38)
	at org.junit.platform.engine.support.hierarchical.NodeTestTask.lambda$executeRecursively$5(NodeTestTask.java:139)
	at org.junit.platform.engine.support.hierarchical.NodeTestTask$$Lambda$179/195615004.execute(Unknown Source)
	at org.junit.platform.engine.support.hierarchical.ThrowableCollector.execute(ThrowableCollector.java:73)
	at org.junit.platform.engine.support.hierarchical.NodeTestTask.lambda$executeRecursively$7(NodeTestTask.java:125)
	at org.junit.platform.engine.support.hierarchical.NodeTestTask$$Lambda$178/1890627974.invoke(Unknown Source)
	at org.junit.platform.engine.support.hierarchical.Node.around(Node.java:135)
	at org.junit.platform.engine.support.hierarchical.NodeTestTask.lambda$executeRecursively$8(NodeTestTask.java:123)
	at org.junit.platform.engine.support.hierarchical.NodeTestTask$$Lambda$177/231977479.execute(Unknown Source)
	at org.junit.platform.engine.support.hierarchical.ThrowableCollector.execute(ThrowableCollector.java:73)
	at org.junit.platform.engine.support.hierarchical.NodeTestTask.executeRecursively(NodeTestTask.java:122)
	at org.junit.platform.engine.support.hierarchical.NodeTestTask.execute(NodeTestTask.java:80)
	at org.junit.platform.engine.support.hierarchical.SameThreadHierarchicalTestExecutorService$$Lambda$183/1381713434.accept(Unknown Source)
	at java.util.ArrayList.forEach(ArrayList.java:1249)
	at org.junit.platform.engine.support.hierarchical.SameThreadHierarchicalTestExecutorService.invokeAll(SameThreadHierarchicalTestExecutorService.java:38)
	at org.junit.platform.engine.support.hierarchical.NodeTestTask.lambda$executeRecursively$5(NodeTestTask.java:139)
	at org.junit.platform.engine.support.hierarchical.NodeTestTask$$Lambda$179/195615004.execute(Unknown Source)
	at org.junit.platform.engine.support.hierarchical.ThrowableCollector.execute(ThrowableCollector.java:73)
	at org.junit.platform.engine.support.hierarchical.NodeTestTask.lambda$executeRecursively$7(NodeTestTask.java:125)
	at org.junit.platform.engine.support.hierarchical.NodeTestTask$$Lambda$178/1890627974.invoke(Unknown Source)
	at org.junit.platform.engine.support.hierarchical.Node.around(Node.java:135)
	at org.junit.platform.engine.support.hierarchical.NodeTestTask.lambda$executeRecursively$8(NodeTestTask.java:123)
	at org.junit.platform.engine.support.hierarchical.NodeTestTask$$Lambda$177/231977479.execute(Unknown Source)
	at org.junit.platform.engine.support.hierarchical.ThrowableCollector.execute(ThrowableCollector.java:73)
	at org.junit.platform.engine.support.hierarchical.NodeTestTask.executeRecursively(NodeTestTask.java:122)
	at org.junit.platform.engine.support.hierarchical.NodeTestTask.execute(NodeTestTask.java:80)
	at org.junit.platform.engine.support.hierarchical.SameThreadHierarchicalTestExecutorService.submit(SameThreadHierarchicalTestExecutorService.java:32)
	at org.junit.platform.engine.support.hierarchical.HierarchicalTestExecutor.execute(HierarchicalTestExecutor.java:57)
	at org.junit.platform.engine.support.hierarchical.HierarchicalTestEngine.execute(HierarchicalTestEngine.java:51)
	at org.junit.platform.launcher.core.DefaultLauncher.execute(DefaultLauncher.java:248)
	at org.junit.platform.launcher.core.DefaultLauncher.lambda$execute$5(DefaultLauncher.java:211)
	at org.junit.platform.launcher.core.DefaultLauncher$$Lambda$143/233996206.accept(Unknown Source)
	at org.junit.platform.launcher.core.DefaultLauncher.withInterceptedStreams(DefaultLauncher.java:226)
	at org.junit.platform.launcher.core.DefaultLauncher.execute(DefaultLauncher.java:199)
	at org.junit.platform.launcher.core.DefaultLauncher.execute(DefaultLauncher.java:132)
	at org.apache.maven.surefire.junitplatform.JUnitPlatformProvider.invokeAllTests(JUnitPlatformProvider.java:142)
	at org.apache.maven.surefire.junitplatform.JUnitPlatformProvider.invoke(JUnitPlatformProvider.java:113)
	at org.apache.maven.surefire.booter.ForkedBooter.invokeProviderInSameClassLoader(ForkedBooter.java:384)
	at org.apache.maven.surefire.booter.ForkedBooter.runSuitesInProcess(ForkedBooter.java:345)
	at org.apache.maven.surefire.booter.ForkedBooter.execute(ForkedBooter.java:126)
	at org.apache.maven.surefire.booter.ForkedBooter.main(ForkedBooter.java:418)
2021-11-08 11:19:49,985 [myid:] - INFO  [main:FourLetterWordMain@94] - connecting to 127.0.0.1 30206
2021-11-08 11:19:49,986 [myid:1] - WARN  [nioEventLoopGroup-97-12:NettyServerCnxnFactory$CnxnChannelHandler@231] - Zookeeper server is not running, close the connection before starting the TLS handshake
2021-11-08 11:19:50,252 [myid:] - INFO  [main:FourLetterWordMain@94] - connecting to 127.0.0.1 30206
2021-11-08 11:19:50,252 [myid:1] - WARN  [nioEventLoopGroup-97-1:NettyServerCnxnFactory$CnxnChannelHandler@231] - Zookeeper server is not running, close the connection before starting the TLS handshake
2021-11-08 11:19:50,505 [myid:] - INFO  [main:FourLetterWordMain@94] - connecting to 127.0.0.1 30206
2021-11-08 11:19:50,505 [myid:1] - WARN  [nioEventLoopGroup-97-2:NettyServerCnxnFactory$CnxnChannelHandler@231] - Zookeeper server is not running, close the connection before starting the TLS handshake
2021-11-08 11:19:50,757 [myid:] - INFO  [main:FourLetterWordMain@94] - connecting to 127.0.0.1 30206
2021-11-08 11:19:50,757 [myid:1] - WARN  [nioEventLoopGroup-97-3:NettyServerCnxnFactory$CnxnChannelHandler@231] - Zookeeper server is not running, close the connection before starting the TLS handshake
2021-11-08 11:19:50,773 [myid:] - INFO  [main:ClientBase@267] - server 127.0.0.1:30206 not up
java.net.SocketException: Software caused connection abort: recv failed
	at java.net.SocketInputStream.socketRead0(Native Method)
	at java.net.SocketInputStream.read(SocketInputStream.java:150)
	at java.net.SocketInputStream.read(SocketInputStream.java:121)
	at sun.nio.cs.StreamDecoder.readBytes(StreamDecoder.java:284)
	at sun.nio.cs.StreamDecoder.implRead(StreamDecoder.java:326)
	at sun.nio.cs.StreamDecoder.read(StreamDecoder.java:178)
	at java.io.InputStreamReader.read(InputStreamReader.java:184)
	at java.io.BufferedReader.fill(BufferedReader.java:161)
	at java.io.BufferedReader.readLine(BufferedReader.java:324)
	at java.io.BufferedReader.readLine(BufferedReader.java:389)
	at org.apache.zookeeper.client.FourLetterWordMain.send4LetterWord(FourLetterWordMain.java:129)
	at org.apache.zookeeper.client.FourLetterWordMain.send4LetterWord(FourLetterWordMain.java:74)
	at org.apache.zookeeper.test.ClientBase.waitForServerUp(ClientBase.java:258)
	at org.apache.zookeeper.test.ClientBase.waitForServerUp(ClientBase.java:249)
	at org.apache.zookeeper.server.quorum.QuorumSSLTest.testHostnameVerification(QuorumSSLTest.java:671)
	at org.apache.zookeeper.server.quorum.QuorumSSLTest.testHostnameVerificationWithInvalidIPAddress(QuorumSSLTest.java:583)
	at sun.reflect.NativeMethodAccessorImpl.invoke0(Native Method)
	at sun.reflect.NativeMethodAccessorImpl.invoke(NativeMethodAccessorImpl.java:62)
	at sun.reflect.DelegatingMethodAccessorImpl.invoke(DelegatingMethodAccessorImpl.java:43)
	at java.lang.reflect.Method.invoke(Method.java:483)
	at org.junit.platform.commons.util.ReflectionUtils.invokeMethod(ReflectionUtils.java:686)
	at org.junit.jupiter.engine.execution.MethodInvocation.proceed(MethodInvocation.java:60)
	at org.junit.jupiter.engine.execution.InvocationInterceptorChain$ValidatingInvocation.proceed(InvocationInterceptorChain.java:131)
	at org.junit.jupiter.engine.extension.TimeoutInvocation.proceed(TimeoutInvocation.java:46)
	at org.junit.jupiter.engine.extension.TimeoutExtension.intercept(TimeoutExtension.java:149)
	at org.junit.jupiter.engine.extension.TimeoutExtension.interceptTestableMethod(TimeoutExtension.java:140)
	at org.junit.jupiter.engine.extension.TimeoutExtension.interceptTestMethod(TimeoutExtension.java:84)
	at org.junit.jupiter.engine.descriptor.TestMethodTestDescriptor$$Lambda$111/1780132728.apply(Unknown Source)
	at org.junit.jupiter.engine.execution.ExecutableInvoker$ReflectiveInterceptorCall.lambda$ofVoidMethod$0(ExecutableInvoker.java:115)
	at org.junit.jupiter.engine.execution.ExecutableInvoker$ReflectiveInterceptorCall$$Lambda$112/1725017993.apply(Unknown Source)
	at org.junit.jupiter.engine.execution.ExecutableInvoker.lambda$invoke$0(ExecutableInvoker.java:105)
	at org.junit.jupiter.engine.execution.ExecutableInvoker$$Lambda$234/64133603.apply(Unknown Source)
	at org.junit.jupiter.engine.execution.InvocationInterceptorChain$InterceptedInvocation.proceed(InvocationInterceptorChain.java:106)
	at org.junit.jupiter.engine.execution.InvocationInterceptorChain.proceed(InvocationInterceptorChain.java:64)
	at org.junit.jupiter.engine.execution.InvocationInterceptorChain.chainAndInvoke(InvocationInterceptorChain.java:45)
	at org.junit.jupiter.engine.execution.InvocationInterceptorChain.invoke(InvocationInterceptorChain.java:37)
	at org.junit.jupiter.engine.execution.ExecutableInvoker.invoke(ExecutableInvoker.java:104)
	at org.junit.jupiter.engine.execution.ExecutableInvoker.invoke(ExecutableInvoker.java:98)
	at org.junit.jupiter.engine.descriptor.TestMethodTestDescriptor.lambda$invokeTestMethod$6(TestMethodTestDescriptor.java:212)
	at org.junit.jupiter.engine.descriptor.TestMethodTestDescriptor$$Lambda$271/224100622.execute(Unknown Source)
	at org.junit.platform.engine.support.hierarchical.ThrowableCollector.execute(ThrowableCollector.java:73)
	at org.junit.jupiter.engine.descriptor.TestMethodTestDescriptor.invokeTestMethod(TestMethodTestDescriptor.java:208)
	at org.junit.jupiter.engine.descriptor.TestMethodTestDescriptor.execute(TestMethodTestDescriptor.java:137)
	at org.junit.jupiter.engine.descriptor.TestMethodTestDescriptor.execute(TestMethodTestDescriptor.java:71)
	at org.junit.platform.engine.support.hierarchical.NodeTestTask.lambda$executeRecursively$5(NodeTestTask.java:135)
	at org.junit.platform.engine.support.hierarchical.NodeTestTask$$Lambda$179/195615004.execute(Unknown Source)
	at org.junit.platform.engine.support.hierarchical.ThrowableCollector.execute(ThrowableCollector.java:73)
	at org.junit.platform.engine.support.hierarchical.NodeTestTask.lambda$executeRecursively$7(NodeTestTask.java:125)
	at org.junit.platform.engine.support.hierarchical.NodeTestTask$$Lambda$178/1890627974.invoke(Unknown Source)
	at org.junit.platform.engine.support.hierarchical.Node.around(Node.java:135)
	at org.junit.platform.engine.support.hierarchical.NodeTestTask.lambda$executeRecursively$8(NodeTestTask.java:123)
	at org.junit.platform.engine.support.hierarchical.NodeTestTask$$Lambda$177/231977479.execute(Unknown Source)
	at org.junit.platform.engine.support.hierarchical.ThrowableCollector.execute(ThrowableCollector.java:73)
	at org.junit.platform.engine.support.hierarchical.NodeTestTask.executeRecursively(NodeTestTask.java:122)
	at org.junit.platform.engine.support.hierarchical.NodeTestTask.execute(NodeTestTask.java:80)
	at org.junit.platform.engine.support.hierarchical.SameThreadHierarchicalTestExecutorService$$Lambda$183/1381713434.accept(Unknown Source)
	at java.util.ArrayList.forEach(ArrayList.java:1249)
	at org.junit.platform.engine.support.hierarchical.SameThreadHierarchicalTestExecutorService.invokeAll(SameThreadHierarchicalTestExecutorService.java:38)
	at org.junit.platform.engine.support.hierarchical.NodeTestTask.lambda$executeRecursively$5(NodeTestTask.java:139)
	at org.junit.platform.engine.support.hierarchical.NodeTestTask$$Lambda$179/195615004.execute(Unknown Source)
	at org.junit.platform.engine.support.hierarchical.ThrowableCollector.execute(ThrowableCollector.java:73)
	at org.junit.platform.engine.support.hierarchical.NodeTestTask.lambda$executeRecursively$7(NodeTestTask.java:125)
	at org.junit.platform.engine.support.hierarchical.NodeTestTask$$Lambda$178/1890627974.invoke(Unknown Source)
	at org.junit.platform.engine.support.hierarchical.Node.around(Node.java:135)
	at org.junit.platform.engine.support.hierarchical.NodeTestTask.lambda$executeRecursively$8(NodeTestTask.java:123)
	at org.junit.platform.engine.support.hierarchical.NodeTestTask$$Lambda$177/231977479.execute(Unknown Source)
	at org.junit.platform.engine.support.hierarchical.ThrowableCollector.execute(ThrowableCollector.java:73)
	at org.junit.platform.engine.support.hierarchical.NodeTestTask.executeRecursively(NodeTestTask.java:122)
	at org.junit.platform.engine.support.hierarchical.NodeTestTask.execute(NodeTestTask.java:80)
	at org.junit.platform.engine.support.hierarchical.SameThreadHierarchicalTestExecutorService$$Lambda$183/1381713434.accept(Unknown Source)
	at java.util.ArrayList.forEach(ArrayList.java:1249)
	at org.junit.platform.engine.support.hierarchical.SameThreadHierarchicalTestExecutorService.invokeAll(SameThreadHierarchicalTestExecutorService.java:38)
	at org.junit.platform.engine.support.hierarchical.NodeTestTask.lambda$executeRecursively$5(NodeTestTask.java:139)
	at org.junit.platform.engine.support.hierarchical.NodeTestTask$$Lambda$179/195615004.execute(Unknown Source)
	at org.junit.platform.engine.support.hierarchical.ThrowableCollector.execute(ThrowableCollector.java:73)
	at org.junit.platform.engine.support.hierarchical.NodeTestTask.lambda$executeRecursively$7(NodeTestTask.java:125)
	at org.junit.platform.engine.support.hierarchical.NodeTestTask$$Lambda$178/1890627974.invoke(Unknown Source)
	at org.junit.platform.engine.support.hierarchical.Node.around(Node.java:135)
	at org.junit.platform.engine.support.hierarchical.NodeTestTask.lambda$executeRecursively$8(NodeTestTask.java:123)
	at org.junit.platform.engine.support.hierarchical.NodeTestTask$$Lambda$177/231977479.execute(Unknown Source)
	at org.junit.platform.engine.support.hierarchical.ThrowableCollector.execute(ThrowableCollector.java:73)
	at org.junit.platform.engine.support.hierarchical.NodeTestTask.executeRecursively(NodeTestTask.java:122)
	at org.junit.platform.engine.support.hierarchical.NodeTestTask.execute(NodeTestTask.java:80)
	at org.junit.platform.engine.support.hierarchical.SameThreadHierarchicalTestExecutorService.submit(SameThreadHierarchicalTestExecutorService.java:32)
	at org.junit.platform.engine.support.hierarchical.HierarchicalTestExecutor.execute(HierarchicalTestExecutor.java:57)
	at org.junit.platform.engine.support.hierarchical.HierarchicalTestEngine.execute(HierarchicalTestEngine.java:51)
	at org.junit.platform.launcher.core.DefaultLauncher.execute(DefaultLauncher.java:248)
	at org.junit.platform.launcher.core.DefaultLauncher.lambda$execute$5(DefaultLauncher.java:211)
	at org.junit.platform.launcher.core.DefaultLauncher$$Lambda$143/233996206.accept(Unknown Source)
	at org.junit.platform.launcher.core.DefaultLauncher.withInterceptedStreams(DefaultLauncher.java:226)
	at org.junit.platform.launcher.core.DefaultLauncher.execute(DefaultLauncher.java:199)
	at org.junit.platform.launcher.core.DefaultLauncher.execute(DefaultLauncher.java:132)
	at org.apache.maven.surefire.junitplatform.JUnitPlatformProvider.invokeAllTests(JUnitPlatformProvider.java:142)
	at org.apache.maven.surefire.junitplatform.JUnitPlatformProvider.invoke(JUnitPlatformProvider.java:113)
	at org.apache.maven.surefire.booter.ForkedBooter.invokeProviderInSameClassLoader(ForkedBooter.java:384)
	at org.apache.maven.surefire.booter.ForkedBooter.runSuitesInProcess(ForkedBooter.java:345)
	at org.apache.maven.surefire.booter.ForkedBooter.execute(ForkedBooter.java:126)
	at org.apache.maven.surefire.booter.ForkedBooter.main(ForkedBooter.java:418)
2021-11-08 11:19:51,036 [myid:] - INFO  [main:FourLetterWordMain@94] - connecting to 127.0.0.1 30206
2021-11-08 11:19:51,038 [myid:1] - WARN  [nioEventLoopGroup-97-4:NettyServerCnxnFactory$CnxnChannelHandler@231] - Zookeeper server is not running, close the connection before starting the TLS handshake
2021-11-08 11:19:51,301 [myid:] - INFO  [main:FourLetterWordMain@94] - connecting to 127.0.0.1 30206
2021-11-08 11:19:51,303 [myid:1] - WARN  [nioEventLoopGroup-97-5:NettyServerCnxnFactory$CnxnChannelHandler@231] - Zookeeper server is not running, close the connection before starting the TLS handshake
2021-11-08 11:19:51,568 [myid:] - INFO  [main:FourLetterWordMain@94] - connecting to 127.0.0.1 30206
2021-11-08 11:19:51,568 [myid:1] - WARN  [nioEventLoopGroup-97-6:NettyServerCnxnFactory$CnxnChannelHandler@231] - Zookeeper server is not running, close the connection before starting the TLS handshake
2021-11-08 11:19:51,822 [myid:] - INFO  [main:FourLetterWordMain@94] - connecting to 127.0.0.1 30206
2021-11-08 11:19:51,822 [myid:1] - WARN  [nioEventLoopGroup-97-7:NettyServerCnxnFactory$CnxnChannelHandler@231] - Zookeeper server is not running, close the connection before starting the TLS handshake
2021-11-08 11:19:52,072 [myid:] - INFO  [main:FourLetterWordMain@94] - connecting to 127.0.0.1 30206
2021-11-08 11:19:52,073 [myid:1] - WARN  [nioEventLoopGroup-97-8:NettyServerCnxnFactory$CnxnChannelHandler@231] - Zookeeper server is not running, close the connection before starting the TLS handshake
2021-11-08 11:19:52,324 [myid:] - INFO  [main:FourLetterWordMain@94] - connecting to 127.0.0.1 30206
2021-11-08 11:19:52,324 [myid:1] - WARN  [nioEventLoopGroup-97-9:NettyServerCnxnFactory$CnxnChannelHandler@231] - Zookeeper server is not running, close the connection before starting the TLS handshake
2021-11-08 11:19:52,340 [myid:] - INFO  [main:ClientBase@267] - server 127.0.0.1:30206 not up
java.net.SocketException: Software caused connection abort: recv failed
	at java.net.SocketInputStream.socketRead0(Native Method)
	at java.net.SocketInputStream.read(SocketInputStream.java:150)
	at java.net.SocketInputStream.read(SocketInputStream.java:121)
	at sun.nio.cs.StreamDecoder.readBytes(StreamDecoder.java:284)
	at sun.nio.cs.StreamDecoder.implRead(StreamDecoder.java:326)
	at sun.nio.cs.StreamDecoder.read(StreamDecoder.java:178)
	at java.io.InputStreamReader.read(InputStreamReader.java:184)
	at java.io.BufferedReader.fill(BufferedReader.java:161)
	at java.io.BufferedReader.readLine(BufferedReader.java:324)
	at java.io.BufferedReader.readLine(BufferedReader.java:389)
	at org.apache.zookeeper.client.FourLetterWordMain.send4LetterWord(FourLetterWordMain.java:129)
	at org.apache.zookeeper.client.FourLetterWordMain.send4LetterWord(FourLetterWordMain.java:74)
	at org.apache.zookeeper.test.ClientBase.waitForServerUp(ClientBase.java:258)
	at org.apache.zookeeper.test.ClientBase.waitForServerUp(ClientBase.java:249)
	at org.apache.zookeeper.server.quorum.QuorumSSLTest.testHostnameVerification(QuorumSSLTest.java:671)
	at org.apache.zookeeper.server.quorum.QuorumSSLTest.testHostnameVerificationWithInvalidIPAddress(QuorumSSLTest.java:583)
	at sun.reflect.NativeMethodAccessorImpl.invoke0(Native Method)
	at sun.reflect.NativeMethodAccessorImpl.invoke(NativeMethodAccessorImpl.java:62)
	at sun.reflect.DelegatingMethodAccessorImpl.invoke(DelegatingMethodAccessorImpl.java:43)
	at java.lang.reflect.Method.invoke(Method.java:483)
	at org.junit.platform.commons.util.ReflectionUtils.invokeMethod(ReflectionUtils.java:686)
	at org.junit.jupiter.engine.execution.MethodInvocation.proceed(MethodInvocation.java:60)
	at org.junit.jupiter.engine.execution.InvocationInterceptorChain$ValidatingInvocation.proceed(InvocationInterceptorChain.java:131)
	at org.junit.jupiter.engine.extension.TimeoutInvocation.proceed(TimeoutInvocation.java:46)
	at org.junit.jupiter.engine.extension.TimeoutExtension.intercept(TimeoutExtension.java:149)
	at org.junit.jupiter.engine.extension.TimeoutExtension.interceptTestableMethod(TimeoutExtension.java:140)
	at org.junit.jupiter.engine.extension.TimeoutExtension.interceptTestMethod(TimeoutExtension.java:84)
	at org.junit.jupiter.engine.descriptor.TestMethodTestDescriptor$$Lambda$111/1780132728.apply(Unknown Source)
	at org.junit.jupiter.engine.execution.ExecutableInvoker$ReflectiveInterceptorCall.lambda$ofVoidMethod$0(ExecutableInvoker.java:115)
	at org.junit.jupiter.engine.execution.ExecutableInvoker$ReflectiveInterceptorCall$$Lambda$112/1725017993.apply(Unknown Source)
	at org.junit.jupiter.engine.execution.ExecutableInvoker.lambda$invoke$0(ExecutableInvoker.java:105)
	at org.junit.jupiter.engine.execution.ExecutableInvoker$$Lambda$234/64133603.apply(Unknown Source)
	at org.junit.jupiter.engine.execution.InvocationInterceptorChain$InterceptedInvocation.proceed(InvocationInterceptorChain.java:106)
	at org.junit.jupiter.engine.execution.InvocationInterceptorChain.proceed(InvocationInterceptorChain.java:64)
	at org.junit.jupiter.engine.execution.InvocationInterceptorChain.chainAndInvoke(InvocationInterceptorChain.java:45)
	at org.junit.jupiter.engine.execution.InvocationInterceptorChain.invoke(InvocationInterceptorChain.java:37)
	at org.junit.jupiter.engine.execution.ExecutableInvoker.invoke(ExecutableInvoker.java:104)
	at org.junit.jupiter.engine.execution.ExecutableInvoker.invoke(ExecutableInvoker.java:98)
	at org.junit.jupiter.engine.descriptor.TestMethodTestDescriptor.lambda$invokeTestMethod$6(TestMethodTestDescriptor.java:212)
	at org.junit.jupiter.engine.descriptor.TestMethodTestDescriptor$$Lambda$271/224100622.execute(Unknown Source)
	at org.junit.platform.engine.support.hierarchical.ThrowableCollector.execute(ThrowableCollector.java:73)
	at org.junit.jupiter.engine.descriptor.TestMethodTestDescriptor.invokeTestMethod(TestMethodTestDescriptor.java:208)
	at org.junit.jupiter.engine.descriptor.TestMethodTestDescriptor.execute(TestMethodTestDescriptor.java:137)
	at org.junit.jupiter.engine.descriptor.TestMethodTestDescriptor.execute(TestMethodTestDescriptor.java:71)
	at org.junit.platform.engine.support.hierarchical.NodeTestTask.lambda$executeRecursively$5(NodeTestTask.java:135)
	at org.junit.platform.engine.support.hierarchical.NodeTestTask$$Lambda$179/195615004.execute(Unknown Source)
	at org.junit.platform.engine.support.hierarchical.ThrowableCollector.execute(ThrowableCollector.java:73)
	at org.junit.platform.engine.support.hierarchical.NodeTestTask.lambda$executeRecursively$7(NodeTestTask.java:125)
	at org.junit.platform.engine.support.hierarchical.NodeTestTask$$Lambda$178/1890627974.invoke(Unknown Source)
	at org.junit.platform.engine.support.hierarchical.Node.around(Node.java:135)
	at org.junit.platform.engine.support.hierarchical.NodeTestTask.lambda$executeRecursively$8(NodeTestTask.java:123)
	at org.junit.platform.engine.support.hierarchical.NodeTestTask$$Lambda$177/231977479.execute(Unknown Source)
	at org.junit.platform.engine.support.hierarchical.ThrowableCollector.execute(ThrowableCollector.java:73)
	at org.junit.platform.engine.support.hierarchical.NodeTestTask.executeRecursively(NodeTestTask.java:122)
	at org.junit.platform.engine.support.hierarchical.NodeTestTask.execute(NodeTestTask.java:80)
	at org.junit.platform.engine.support.hierarchical.SameThreadHierarchicalTestExecutorService$$Lambda$183/1381713434.accept(Unknown Source)
	at java.util.ArrayList.forEach(ArrayList.java:1249)
	at org.junit.platform.engine.support.hierarchical.SameThreadHierarchicalTestExecutorService.invokeAll(SameThreadHierarchicalTestExecutorService.java:38)
	at org.junit.platform.engine.support.hierarchical.NodeTestTask.lambda$executeRecursively$5(NodeTestTask.java:139)
	at org.junit.platform.engine.support.hierarchical.NodeTestTask$$Lambda$179/195615004.execute(Unknown Source)
	at org.junit.platform.engine.support.hierarchical.ThrowableCollector.execute(ThrowableCollector.java:73)
	at org.junit.platform.engine.support.hierarchical.NodeTestTask.lambda$executeRecursively$7(NodeTestTask.java:125)
	at org.junit.platform.engine.support.hierarchical.NodeTestTask$$Lambda$178/1890627974.invoke(Unknown Source)
	at org.junit.platform.engine.support.hierarchical.Node.around(Node.java:135)
	at org.junit.platform.engine.support.hierarchical.NodeTestTask.lambda$executeRecursively$8(NodeTestTask.java:123)
	at org.junit.platform.engine.support.hierarchical.NodeTestTask$$Lambda$177/231977479.execute(Unknown Source)
	at org.junit.platform.engine.support.hierarchical.ThrowableCollector.execute(ThrowableCollector.java:73)
	at org.junit.platform.engine.support.hierarchical.NodeTestTask.executeRecursively(NodeTestTask.java:122)
	at org.junit.platform.engine.support.hierarchical.NodeTestTask.execute(NodeTestTask.java:80)
	at org.junit.platform.engine.support.hierarchical.SameThreadHierarchicalTestExecutorService$$Lambda$183/1381713434.accept(Unknown Source)
	at java.util.ArrayList.forEach(ArrayList.java:1249)
	at org.junit.platform.engine.support.hierarchical.SameThreadHierarchicalTestExecutorService.invokeAll(SameThreadHierarchicalTestExecutorService.java:38)
	at org.junit.platform.engine.support.hierarchical.NodeTestTask.lambda$executeRecursively$5(NodeTestTask.java:139)
	at org.junit.platform.engine.support.hierarchical.NodeTestTask$$Lambda$179/195615004.execute(Unknown Source)
	at org.junit.platform.engine.support.hierarchical.ThrowableCollector.execute(ThrowableCollector.java:73)
	at org.junit.platform.engine.support.hierarchical.NodeTestTask.lambda$executeRecursively$7(NodeTestTask.java:125)
	at org.junit.platform.engine.support.hierarchical.NodeTestTask$$Lambda$178/1890627974.invoke(Unknown Source)
	at org.junit.platform.engine.support.hierarchical.Node.around(Node.java:135)
	at org.junit.platform.engine.support.hierarchical.NodeTestTask.lambda$executeRecursively$8(NodeTestTask.java:123)
	at org.junit.platform.engine.support.hierarchical.NodeTestTask$$Lambda$177/231977479.execute(Unknown Source)
	at org.junit.platform.engine.support.hierarchical.ThrowableCollector.execute(ThrowableCollector.java:73)
	at org.junit.platform.engine.support.hierarchical.NodeTestTask.executeRecursively(NodeTestTask.java:122)
	at org.junit.platform.engine.support.hierarchical.NodeTestTask.execute(NodeTestTask.java:80)
	at org.junit.platform.engine.support.hierarchical.SameThreadHierarchicalTestExecutorService.submit(SameThreadHierarchicalTestExecutorService.java:32)
	at org.junit.platform.engine.support.hierarchical.HierarchicalTestExecutor.execute(HierarchicalTestExecutor.java:57)
	at org.junit.platform.engine.support.hierarchical.HierarchicalTestEngine.execute(HierarchicalTestEngine.java:51)
	at org.junit.platform.launcher.core.DefaultLauncher.execute(DefaultLauncher.java:248)
	at org.junit.platform.launcher.core.DefaultLauncher.lambda$execute$5(DefaultLauncher.java:211)
	at org.junit.platform.launcher.core.DefaultLauncher$$Lambda$143/233996206.accept(Unknown Source)
	at org.junit.platform.launcher.core.DefaultLauncher.withInterceptedStreams(DefaultLauncher.java:226)
	at org.junit.platform.launcher.core.DefaultLauncher.execute(DefaultLauncher.java:199)
	at org.junit.platform.launcher.core.DefaultLauncher.execute(DefaultLauncher.java:132)
	at org.apache.maven.surefire.junitplatform.JUnitPlatformProvider.invokeAllTests(JUnitPlatformProvider.java:142)
	at org.apache.maven.surefire.junitplatform.JUnitPlatformProvider.invoke(JUnitPlatformProvider.java:113)
	at org.apache.maven.surefire.booter.ForkedBooter.invokeProviderInSameClassLoader(ForkedBooter.java:384)
	at org.apache.maven.surefire.booter.ForkedBooter.runSuitesInProcess(ForkedBooter.java:345)
	at org.apache.maven.surefire.booter.ForkedBooter.execute(ForkedBooter.java:126)
	at org.apache.maven.surefire.booter.ForkedBooter.main(ForkedBooter.java:418)
2021-11-08 11:19:52,590 [myid:] - INFO  [main:FourLetterWordMain@94] - connecting to 127.0.0.1 30206
2021-11-08 11:19:52,591 [myid:1] - WARN  [nioEventLoopGroup-97-10:NettyServerCnxnFactory$CnxnChannelHandler@231] - Zookeeper server is not running, close the connection before starting the TLS handshake
2021-11-08 11:19:52,607 [myid:] - INFO  [main:ClientBase@267] - server 127.0.0.1:30206 not up
java.net.SocketException: Software caused connection abort: recv failed
	at java.net.SocketInputStream.socketRead0(Native Method)
	at java.net.SocketInputStream.read(SocketInputStream.java:150)
	at java.net.SocketInputStream.read(SocketInputStream.java:121)
	at sun.nio.cs.StreamDecoder.readBytes(StreamDecoder.java:284)
	at sun.nio.cs.StreamDecoder.implRead(StreamDecoder.java:326)
	at sun.nio.cs.StreamDecoder.read(StreamDecoder.java:178)
	at java.io.InputStreamReader.read(InputStreamReader.java:184)
	at java.io.BufferedReader.fill(BufferedReader.java:161)
	at java.io.BufferedReader.readLine(BufferedReader.java:324)
	at java.io.BufferedReader.readLine(BufferedReader.java:389)
	at org.apache.zookeeper.client.FourLetterWordMain.send4LetterWord(FourLetterWordMain.java:129)
	at org.apache.zookeeper.client.FourLetterWordMain.send4LetterWord(FourLetterWordMain.java:74)
	at org.apache.zookeeper.test.ClientBase.waitForServerUp(ClientBase.java:258)
	at org.apache.zookeeper.test.ClientBase.waitForServerUp(ClientBase.java:249)
	at org.apache.zookeeper.server.quorum.QuorumSSLTest.testHostnameVerification(QuorumSSLTest.java:671)
	at org.apache.zookeeper.server.quorum.QuorumSSLTest.testHostnameVerificationWithInvalidIPAddress(QuorumSSLTest.java:583)
	at sun.reflect.NativeMethodAccessorImpl.invoke0(Native Method)
	at sun.reflect.NativeMethodAccessorImpl.invoke(NativeMethodAccessorImpl.java:62)
	at sun.reflect.DelegatingMethodAccessorImpl.invoke(DelegatingMethodAccessorImpl.java:43)
	at java.lang.reflect.Method.invoke(Method.java:483)
	at org.junit.platform.commons.util.ReflectionUtils.invokeMethod(ReflectionUtils.java:686)
	at org.junit.jupiter.engine.execution.MethodInvocation.proceed(MethodInvocation.java:60)
	at org.junit.jupiter.engine.execution.InvocationInterceptorChain$ValidatingInvocation.proceed(InvocationInterceptorChain.java:131)
	at org.junit.jupiter.engine.extension.TimeoutInvocation.proceed(TimeoutInvocation.java:46)
	at org.junit.jupiter.engine.extension.TimeoutExtension.intercept(TimeoutExtension.java:149)
	at org.junit.jupiter.engine.extension.TimeoutExtension.interceptTestableMethod(TimeoutExtension.java:140)
	at org.junit.jupiter.engine.extension.TimeoutExtension.interceptTestMethod(TimeoutExtension.java:84)
	at org.junit.jupiter.engine.descriptor.TestMethodTestDescriptor$$Lambda$111/1780132728.apply(Unknown Source)
	at org.junit.jupiter.engine.execution.ExecutableInvoker$ReflectiveInterceptorCall.lambda$ofVoidMethod$0(ExecutableInvoker.java:115)
	at org.junit.jupiter.engine.execution.ExecutableInvoker$ReflectiveInterceptorCall$$Lambda$112/1725017993.apply(Unknown Source)
	at org.junit.jupiter.engine.execution.ExecutableInvoker.lambda$invoke$0(ExecutableInvoker.java:105)
	at org.junit.jupiter.engine.execution.ExecutableInvoker$$Lambda$234/64133603.apply(Unknown Source)
	at org.junit.jupiter.engine.execution.InvocationInterceptorChain$InterceptedInvocation.proceed(InvocationInterceptorChain.java:106)
	at org.junit.jupiter.engine.execution.InvocationInterceptorChain.proceed(InvocationInterceptorChain.java:64)
	at org.junit.jupiter.engine.execution.InvocationInterceptorChain.chainAndInvoke(InvocationInterceptorChain.java:45)
	at org.junit.jupiter.engine.execution.InvocationInterceptorChain.invoke(InvocationInterceptorChain.java:37)
	at org.junit.jupiter.engine.execution.ExecutableInvoker.invoke(ExecutableInvoker.java:104)
	at org.junit.jupiter.engine.execution.ExecutableInvoker.invoke(ExecutableInvoker.java:98)
	at org.junit.jupiter.engine.descriptor.TestMethodTestDescriptor.lambda$invokeTestMethod$6(TestMethodTestDescriptor.java:212)
	at org.junit.jupiter.engine.descriptor.TestMethodTestDescriptor$$Lambda$271/224100622.execute(Unknown Source)
	at org.junit.platform.engine.support.hierarchical.ThrowableCollector.execute(ThrowableCollector.java:73)
	at org.junit.jupiter.engine.descriptor.TestMethodTestDescriptor.invokeTestMethod(TestMethodTestDescriptor.java:208)
	at org.junit.jupiter.engine.descriptor.TestMethodTestDescriptor.execute(TestMethodTestDescriptor.java:137)
	at org.junit.jupiter.engine.descriptor.TestMethodTestDescriptor.execute(TestMethodTestDescriptor.java:71)
	at org.junit.platform.engine.support.hierarchical.NodeTestTask.lambda$executeRecursively$5(NodeTestTask.java:135)
	at org.junit.platform.engine.support.hierarchical.NodeTestTask$$Lambda$179/195615004.execute(Unknown Source)
	at org.junit.platform.engine.support.hierarchical.ThrowableCollector.execute(ThrowableCollector.java:73)
	at org.junit.platform.engine.support.hierarchical.NodeTestTask.lambda$executeRecursively$7(NodeTestTask.java:125)
	at org.junit.platform.engine.support.hierarchical.NodeTestTask$$Lambda$178/1890627974.invoke(Unknown Source)
	at org.junit.platform.engine.support.hierarchical.Node.around(Node.java:135)
	at org.junit.platform.engine.support.hierarchical.NodeTestTask.lambda$executeRecursively$8(NodeTestTask.java:123)
	at org.junit.platform.engine.support.hierarchical.NodeTestTask$$Lambda$177/231977479.execute(Unknown Source)
	at org.junit.platform.engine.support.hierarchical.ThrowableCollector.execute(ThrowableCollector.java:73)
	at org.junit.platform.engine.support.hierarchical.NodeTestTask.executeRecursively(NodeTestTask.java:122)
	at org.junit.platform.engine.support.hierarchical.NodeTestTask.execute(NodeTestTask.java:80)
	at org.junit.platform.engine.support.hierarchical.SameThreadHierarchicalTestExecutorService$$Lambda$183/1381713434.accept(Unknown Source)
	at java.util.ArrayList.forEach(ArrayList.java:1249)
	at org.junit.platform.engine.support.hierarchical.SameThreadHierarchicalTestExecutorService.invokeAll(SameThreadHierarchicalTestExecutorService.java:38)
	at org.junit.platform.engine.support.hierarchical.NodeTestTask.lambda$executeRecursively$5(NodeTestTask.java:139)
	at org.junit.platform.engine.support.hierarchical.NodeTestTask$$Lambda$179/195615004.execute(Unknown Source)
	at org.junit.platform.engine.support.hierarchical.ThrowableCollector.execute(ThrowableCollector.java:73)
	at org.junit.platform.engine.support.hierarchical.NodeTestTask.lambda$executeRecursively$7(NodeTestTask.java:125)
	at org.junit.platform.engine.support.hierarchical.NodeTestTask$$Lambda$178/1890627974.invoke(Unknown Source)
	at org.junit.platform.engine.support.hierarchical.Node.around(Node.java:135)
	at org.junit.platform.engine.support.hierarchical.NodeTestTask.lambda$executeRecursively$8(NodeTestTask.java:123)
	at org.junit.platform.engine.support.hierarchical.NodeTestTask$$Lambda$177/231977479.execute(Unknown Source)
	at org.junit.platform.engine.support.hierarchical.ThrowableCollector.execute(ThrowableCollector.java:73)
	at org.junit.platform.engine.support.hierarchical.NodeTestTask.executeRecursively(NodeTestTask.java:122)
	at org.junit.platform.engine.support.hierarchical.NodeTestTask.execute(NodeTestTask.java:80)
	at org.junit.platform.engine.support.hierarchical.SameThreadHierarchicalTestExecutorService$$Lambda$183/1381713434.accept(Unknown Source)
	at java.util.ArrayList.forEach(ArrayList.java:1249)
	at org.junit.platform.engine.support.hierarchical.SameThreadHierarchicalTestExecutorService.invokeAll(SameThreadHierarchicalTestExecutorService.java:38)
	at org.junit.platform.engine.support.hierarchical.NodeTestTask.lambda$executeRecursively$5(NodeTestTask.java:139)
	at org.junit.platform.engine.support.hierarchical.NodeTestTask$$Lambda$179/195615004.execute(Unknown Source)
	at org.junit.platform.engine.support.hierarchical.ThrowableCollector.execute(ThrowableCollector.java:73)
	at org.junit.platform.engine.support.hierarchical.NodeTestTask.lambda$executeRecursively$7(NodeTestTask.java:125)
	at org.junit.platform.engine.support.hierarchical.NodeTestTask$$Lambda$178/1890627974.invoke(Unknown Source)
	at org.junit.platform.engine.support.hierarchical.Node.around(Node.java:135)
	at org.junit.platform.engine.support.hierarchical.NodeTestTask.lambda$executeRecursively$8(NodeTestTask.java:123)
	at org.junit.platform.engine.support.hierarchical.NodeTestTask$$Lambda$177/231977479.execute(Unknown Source)
	at org.junit.platform.engine.support.hierarchical.ThrowableCollector.execute(ThrowableCollector.java:73)
	at org.junit.platform.engine.support.hierarchical.NodeTestTask.executeRecursively(NodeTestTask.java:122)
	at org.junit.platform.engine.support.hierarchical.NodeTestTask.execute(NodeTestTask.java:80)
	at org.junit.platform.engine.support.hierarchical.SameThreadHierarchicalTestExecutorService.submit(SameThreadHierarchicalTestExecutorService.java:32)
	at org.junit.platform.engine.support.hierarchical.HierarchicalTestExecutor.execute(HierarchicalTestExecutor.java:57)
	at org.junit.platform.engine.support.hierarchical.HierarchicalTestEngine.execute(HierarchicalTestEngine.java:51)
	at org.junit.platform.launcher.core.DefaultLauncher.execute(DefaultLauncher.java:248)
	at org.junit.platform.launcher.core.DefaultLauncher.lambda$execute$5(DefaultLauncher.java:211)
	at org.junit.platform.launcher.core.DefaultLauncher$$Lambda$143/233996206.accept(Unknown Source)
	at org.junit.platform.launcher.core.DefaultLauncher.withInterceptedStreams(DefaultLauncher.java:226)
	at org.junit.platform.launcher.core.DefaultLauncher.execute(DefaultLauncher.java:199)
	at org.junit.platform.launcher.core.DefaultLauncher.execute(DefaultLauncher.java:132)
	at org.apache.maven.surefire.junitplatform.JUnitPlatformProvider.invokeAllTests(JUnitPlatformProvider.java:142)
	at org.apache.maven.surefire.junitplatform.JUnitPlatformProvider.invoke(JUnitPlatformProvider.java:113)
	at org.apache.maven.surefire.booter.ForkedBooter.invokeProviderInSameClassLoader(ForkedBooter.java:384)
	at org.apache.maven.surefire.booter.ForkedBooter.runSuitesInProcess(ForkedBooter.java:345)
	at org.apache.maven.surefire.booter.ForkedBooter.execute(ForkedBooter.java:126)
	at org.apache.maven.surefire.booter.ForkedBooter.main(ForkedBooter.java:418)
2021-11-08 11:19:52,874 [myid:] - INFO  [main:FourLetterWordMain@94] - connecting to 127.0.0.1 30206
2021-11-08 11:19:52,874 [myid:1] - WARN  [nioEventLoopGroup-97-11:NettyServerCnxnFactory$CnxnChannelHandler@231] - Zookeeper server is not running, close the connection before starting the TLS handshake
2021-11-08 11:19:52,890 [myid:] - INFO  [main:ClientBase@267] - server 127.0.0.1:30206 not up
java.net.SocketException: Software caused connection abort: recv failed
	at java.net.SocketInputStream.socketRead0(Native Method)
	at java.net.SocketInputStream.read(SocketInputStream.java:150)
	at java.net.SocketInputStream.read(SocketInputStream.java:121)
	at sun.nio.cs.StreamDecoder.readBytes(StreamDecoder.java:284)
	at sun.nio.cs.StreamDecoder.implRead(StreamDecoder.java:326)
	at sun.nio.cs.StreamDecoder.read(StreamDecoder.java:178)
	at java.io.InputStreamReader.read(InputStreamReader.java:184)
	at java.io.BufferedReader.fill(BufferedReader.java:161)
	at java.io.BufferedReader.readLine(BufferedReader.java:324)
	at java.io.BufferedReader.readLine(BufferedReader.java:389)
	at org.apache.zookeeper.client.FourLetterWordMain.send4LetterWord(FourLetterWordMain.java:129)
	at org.apache.zookeeper.client.FourLetterWordMain.send4LetterWord(FourLetterWordMain.java:74)
	at org.apache.zookeeper.test.ClientBase.waitForServerUp(ClientBase.java:258)
	at org.apache.zookeeper.test.ClientBase.waitForServerUp(ClientBase.java:249)
	at org.apache.zookeeper.server.quorum.QuorumSSLTest.testHostnameVerification(QuorumSSLTest.java:671)
	at org.apache.zookeeper.server.quorum.QuorumSSLTest.testHostnameVerificationWithInvalidIPAddress(QuorumSSLTest.java:583)
	at sun.reflect.NativeMethodAccessorImpl.invoke0(Native Method)
	at sun.reflect.NativeMethodAccessorImpl.invoke(NativeMethodAccessorImpl.java:62)
	at sun.reflect.DelegatingMethodAccessorImpl.invoke(DelegatingMethodAccessorImpl.java:43)
	at java.lang.reflect.Method.invoke(Method.java:483)
	at org.junit.platform.commons.util.ReflectionUtils.invokeMethod(ReflectionUtils.java:686)
	at org.junit.jupiter.engine.execution.MethodInvocation.proceed(MethodInvocation.java:60)
	at org.junit.jupiter.engine.execution.InvocationInterceptorChain$ValidatingInvocation.proceed(InvocationInterceptorChain.java:131)
	at org.junit.jupiter.engine.extension.TimeoutInvocation.proceed(TimeoutInvocation.java:46)
	at org.junit.jupiter.engine.extension.TimeoutExtension.intercept(TimeoutExtension.java:149)
	at org.junit.jupiter.engine.extension.TimeoutExtension.interceptTestableMethod(TimeoutExtension.java:140)
	at org.junit.jupiter.engine.extension.TimeoutExtension.interceptTestMethod(TimeoutExtension.java:84)
	at org.junit.jupiter.engine.descriptor.TestMethodTestDescriptor$$Lambda$111/1780132728.apply(Unknown Source)
	at org.junit.jupiter.engine.execution.ExecutableInvoker$ReflectiveInterceptorCall.lambda$ofVoidMethod$0(ExecutableInvoker.java:115)
	at org.junit.jupiter.engine.execution.ExecutableInvoker$ReflectiveInterceptorCall$$Lambda$112/1725017993.apply(Unknown Source)
	at org.junit.jupiter.engine.execution.ExecutableInvoker.lambda$invoke$0(ExecutableInvoker.java:105)
	at org.junit.jupiter.engine.execution.ExecutableInvoker$$Lambda$234/64133603.apply(Unknown Source)
	at org.junit.jupiter.engine.execution.InvocationInterceptorChain$InterceptedInvocation.proceed(InvocationInterceptorChain.java:106)
	at org.junit.jupiter.engine.execution.InvocationInterceptorChain.proceed(InvocationInterceptorChain.java:64)
	at org.junit.jupiter.engine.execution.InvocationInterceptorChain.chainAndInvoke(InvocationInterceptorChain.java:45)
	at org.junit.jupiter.engine.execution.InvocationInterceptorChain.invoke(InvocationInterceptorChain.java:37)
	at org.junit.jupiter.engine.execution.ExecutableInvoker.invoke(ExecutableInvoker.java:104)
	at org.junit.jupiter.engine.execution.ExecutableInvoker.invoke(ExecutableInvoker.java:98)
	at org.junit.jupiter.engine.descriptor.TestMethodTestDescriptor.lambda$invokeTestMethod$6(TestMethodTestDescriptor.java:212)
	at org.junit.jupiter.engine.descriptor.TestMethodTestDescriptor$$Lambda$271/224100622.execute(Unknown Source)
	at org.junit.platform.engine.support.hierarchical.ThrowableCollector.execute(ThrowableCollector.java:73)
	at org.junit.jupiter.engine.descriptor.TestMethodTestDescriptor.invokeTestMethod(TestMethodTestDescriptor.java:208)
	at org.junit.jupiter.engine.descriptor.TestMethodTestDescriptor.execute(TestMethodTestDescriptor.java:137)
	at org.junit.jupiter.engine.descriptor.TestMethodTestDescriptor.execute(TestMethodTestDescriptor.java:71)
	at org.junit.platform.engine.support.hierarchical.NodeTestTask.lambda$executeRecursively$5(NodeTestTask.java:135)
	at org.junit.platform.engine.support.hierarchical.NodeTestTask$$Lambda$179/195615004.execute(Unknown Source)
	at org.junit.platform.engine.support.hierarchical.ThrowableCollector.execute(ThrowableCollector.java:73)
	at org.junit.platform.engine.support.hierarchical.NodeTestTask.lambda$executeRecursively$7(NodeTestTask.java:125)
	at org.junit.platform.engine.support.hierarchical.NodeTestTask$$Lambda$178/1890627974.invoke(Unknown Source)
	at org.junit.platform.engine.support.hierarchical.Node.around(Node.java:135)
	at org.junit.platform.engine.support.hierarchical.NodeTestTask.lambda$executeRecursively$8(NodeTestTask.java:123)
	at org.junit.platform.engine.support.hierarchical.NodeTestTask$$Lambda$177/231977479.execute(Unknown Source)
	at org.junit.platform.engine.support.hierarchical.ThrowableCollector.execute(ThrowableCollector.java:73)
	at org.junit.platform.engine.support.hierarchical.NodeTestTask.executeRecursively(NodeTestTask.java:122)
	at org.junit.platform.engine.support.hierarchical.NodeTestTask.execute(NodeTestTask.java:80)
	at org.junit.platform.engine.support.hierarchical.SameThreadHierarchicalTestExecutorService$$Lambda$183/1381713434.accept(Unknown Source)
	at java.util.ArrayList.forEach(ArrayList.java:1249)
	at org.junit.platform.engine.support.hierarchical.SameThreadHierarchicalTestExecutorService.invokeAll(SameThreadHierarchicalTestExecutorService.java:38)
	at org.junit.platform.engine.support.hierarchical.NodeTestTask.lambda$executeRecursively$5(NodeTestTask.java:139)
	at org.junit.platform.engine.support.hierarchical.NodeTestTask$$Lambda$179/195615004.execute(Unknown Source)
	at org.junit.platform.engine.support.hierarchical.ThrowableCollector.execute(ThrowableCollector.java:73)
	at org.junit.platform.engine.support.hierarchical.NodeTestTask.lambda$executeRecursively$7(NodeTestTask.java:125)
	at org.junit.platform.engine.support.hierarchical.NodeTestTask$$Lambda$178/1890627974.invoke(Unknown Source)
	at org.junit.platform.engine.support.hierarchical.Node.around(Node.java:135)
	at org.junit.platform.engine.support.hierarchical.NodeTestTask.lambda$executeRecursively$8(NodeTestTask.java:123)
	at org.junit.platform.engine.support.hierarchical.NodeTestTask$$Lambda$177/231977479.execute(Unknown Source)
	at org.junit.platform.engine.support.hierarchical.ThrowableCollector.execute(ThrowableCollector.java:73)
	at org.junit.platform.engine.support.hierarchical.NodeTestTask.executeRecursively(NodeTestTask.java:122)
	at org.junit.platform.engine.support.hierarchical.NodeTestTask.execute(NodeTestTask.java:80)
	at org.junit.platform.engine.support.hierarchical.SameThreadHierarchicalTestExecutorService$$Lambda$183/1381713434.accept(Unknown Source)
	at java.util.ArrayList.forEach(ArrayList.java:1249)
	at org.junit.platform.engine.support.hierarchical.SameThreadHierarchicalTestExecutorService.invokeAll(SameThreadHierarchicalTestExecutorService.java:38)
	at org.junit.platform.engine.support.hierarchical.NodeTestTask.lambda$executeRecursively$5(NodeTestTask.java:139)
	at org.junit.platform.engine.support.hierarchical.NodeTestTask$$Lambda$179/195615004.execute(Unknown Source)
	at org.junit.platform.engine.support.hierarchical.ThrowableCollector.execute(ThrowableCollector.java:73)
	at org.junit.platform.engine.support.hierarchical.NodeTestTask.lambda$executeRecursively$7(NodeTestTask.java:125)
	at org.junit.platform.engine.support.hierarchical.NodeTestTask$$Lambda$178/1890627974.invoke(Unknown Source)
	at org.junit.platform.engine.support.hierarchical.Node.around(Node.java:135)
	at org.junit.platform.engine.support.hierarchical.NodeTestTask.lambda$executeRecursively$8(NodeTestTask.java:123)
	at org.junit.platform.engine.support.hierarchical.NodeTestTask$$Lambda$177/231977479.execute(Unknown Source)
	at org.junit.platform.engine.support.hierarchical.ThrowableCollector.execute(ThrowableCollector.java:73)
	at org.junit.platform.engine.support.hierarchical.NodeTestTask.executeRecursively(NodeTestTask.java:122)
	at org.junit.platform.engine.support.hierarchical.NodeTestTask.execute(NodeTestTask.java:80)
	at org.junit.platform.engine.support.hierarchical.SameThreadHierarchicalTestExecutorService.submit(SameThreadHierarchicalTestExecutorService.java:32)
	at org.junit.platform.engine.support.hierarchical.HierarchicalTestExecutor.execute(HierarchicalTestExecutor.java:57)
	at org.junit.platform.engine.support.hierarchical.HierarchicalTestEngine.execute(HierarchicalTestEngine.java:51)
	at org.junit.platform.launcher.core.DefaultLauncher.execute(DefaultLauncher.java:248)
	at org.junit.platform.launcher.core.DefaultLauncher.lambda$execute$5(DefaultLauncher.java:211)
	at org.junit.platform.launcher.core.DefaultLauncher$$Lambda$143/233996206.accept(Unknown Source)
	at org.junit.platform.launcher.core.DefaultLauncher.withInterceptedStreams(DefaultLauncher.java:226)
	at org.junit.platform.launcher.core.DefaultLauncher.execute(DefaultLauncher.java:199)
	at org.junit.platform.launcher.core.DefaultLauncher.execute(DefaultLauncher.java:132)
	at org.apache.maven.surefire.junitplatform.JUnitPlatformProvider.invokeAllTests(JUnitPlatformProvider.java:142)
	at org.apache.maven.surefire.junitplatform.JUnitPlatformProvider.invoke(JUnitPlatformProvider.java:113)
	at org.apache.maven.surefire.booter.ForkedBooter.invokeProviderInSameClassLoader(ForkedBooter.java:384)
	at org.apache.maven.surefire.booter.ForkedBooter.runSuitesInProcess(ForkedBooter.java:345)
	at org.apache.maven.surefire.booter.ForkedBooter.execute(ForkedBooter.java:126)
	at org.apache.maven.surefire.booter.ForkedBooter.main(ForkedBooter.java:418)
2021-11-08 11:19:53,140 [myid:] - INFO  [main:FourLetterWordMain@94] - connecting to 127.0.0.1 30206
2021-11-08 11:19:53,140 [myid:1] - WARN  [nioEventLoopGroup-97-12:NettyServerCnxnFactory$CnxnChannelHandler@231] - Zookeeper server is not running, close the connection before starting the TLS handshake
2021-11-08 11:19:53,156 [myid:] - INFO  [main:ClientBase@267] - server 127.0.0.1:30206 not up
java.net.SocketException: Software caused connection abort: recv failed
	at java.net.SocketInputStream.socketRead0(Native Method)
	at java.net.SocketInputStream.read(SocketInputStream.java:150)
	at java.net.SocketInputStream.read(SocketInputStream.java:121)
	at sun.nio.cs.StreamDecoder.readBytes(StreamDecoder.java:284)
	at sun.nio.cs.StreamDecoder.implRead(StreamDecoder.java:326)
	at sun.nio.cs.StreamDecoder.read(StreamDecoder.java:178)
	at java.io.InputStreamReader.read(InputStreamReader.java:184)
	at java.io.BufferedReader.fill(BufferedReader.java:161)
	at java.io.BufferedReader.readLine(BufferedReader.java:324)
	at java.io.BufferedReader.readLine(BufferedReader.java:389)
	at org.apache.zookeeper.client.FourLetterWordMain.send4LetterWord(FourLetterWordMain.java:129)
	at org.apache.zookeeper.client.FourLetterWordMain.send4LetterWord(FourLetterWordMain.java:74)
	at org.apache.zookeeper.test.ClientBase.waitForServerUp(ClientBase.java:258)
	at org.apache.zookeeper.test.ClientBase.waitForServerUp(ClientBase.java:249)
	at org.apache.zookeeper.server.quorum.QuorumSSLTest.testHostnameVerification(QuorumSSLTest.java:671)
	at org.apache.zookeeper.server.quorum.QuorumSSLTest.testHostnameVerificationWithInvalidIPAddress(QuorumSSLTest.java:583)
	at sun.reflect.NativeMethodAccessorImpl.invoke0(Native Method)
	at sun.reflect.NativeMethodAccessorImpl.invoke(NativeMethodAccessorImpl.java:62)
	at sun.reflect.DelegatingMethodAccessorImpl.invoke(DelegatingMethodAccessorImpl.java:43)
	at java.lang.reflect.Method.invoke(Method.java:483)
	at org.junit.platform.commons.util.ReflectionUtils.invokeMethod(ReflectionUtils.java:686)
	at org.junit.jupiter.engine.execution.MethodInvocation.proceed(MethodInvocation.java:60)
	at org.junit.jupiter.engine.execution.InvocationInterceptorChain$ValidatingInvocation.proceed(InvocationInterceptorChain.java:131)
	at org.junit.jupiter.engine.extension.TimeoutInvocation.proceed(TimeoutInvocation.java:46)
	at org.junit.jupiter.engine.extension.TimeoutExtension.intercept(TimeoutExtension.java:149)
	at org.junit.jupiter.engine.extension.TimeoutExtension.interceptTestableMethod(TimeoutExtension.java:140)
	at org.junit.jupiter.engine.extension.TimeoutExtension.interceptTestMethod(TimeoutExtension.java:84)
	at org.junit.jupiter.engine.descriptor.TestMethodTestDescriptor$$Lambda$111/1780132728.apply(Unknown Source)
	at org.junit.jupiter.engine.execution.ExecutableInvoker$ReflectiveInterceptorCall.lambda$ofVoidMethod$0(ExecutableInvoker.java:115)
	at org.junit.jupiter.engine.execution.ExecutableInvoker$ReflectiveInterceptorCall$$Lambda$112/1725017993.apply(Unknown Source)
	at org.junit.jupiter.engine.execution.ExecutableInvoker.lambda$invoke$0(ExecutableInvoker.java:105)
	at org.junit.jupiter.engine.execution.ExecutableInvoker$$Lambda$234/64133603.apply(Unknown Source)
	at org.junit.jupiter.engine.execution.InvocationInterceptorChain$InterceptedInvocation.proceed(InvocationInterceptorChain.java:106)
	at org.junit.jupiter.engine.execution.InvocationInterceptorChain.proceed(InvocationInterceptorChain.java:64)
	at org.junit.jupiter.engine.execution.InvocationInterceptorChain.chainAndInvoke(InvocationInterceptorChain.java:45)
	at org.junit.jupiter.engine.execution.InvocationInterceptorChain.invoke(InvocationInterceptorChain.java:37)
	at org.junit.jupiter.engine.execution.ExecutableInvoker.invoke(ExecutableInvoker.java:104)
	at org.junit.jupiter.engine.execution.ExecutableInvoker.invoke(ExecutableInvoker.java:98)
	at org.junit.jupiter.engine.descriptor.TestMethodTestDescriptor.lambda$invokeTestMethod$6(TestMethodTestDescriptor.java:212)
	at org.junit.jupiter.engine.descriptor.TestMethodTestDescriptor$$Lambda$271/224100622.execute(Unknown Source)
	at org.junit.platform.engine.support.hierarchical.ThrowableCollector.execute(ThrowableCollector.java:73)
	at org.junit.jupiter.engine.descriptor.TestMethodTestDescriptor.invokeTestMethod(TestMethodTestDescriptor.java:208)
	at org.junit.jupiter.engine.descriptor.TestMethodTestDescriptor.execute(TestMethodTestDescriptor.java:137)
	at org.junit.jupiter.engine.descriptor.TestMethodTestDescriptor.execute(TestMethodTestDescriptor.java:71)
	at org.junit.platform.engine.support.hierarchical.NodeTestTask.lambda$executeRecursively$5(NodeTestTask.java:135)
	at org.junit.platform.engine.support.hierarchical.NodeTestTask$$Lambda$179/195615004.execute(Unknown Source)
	at org.junit.platform.engine.support.hierarchical.ThrowableCollector.execute(ThrowableCollector.java:73)
	at org.junit.platform.engine.support.hierarchical.NodeTestTask.lambda$executeRecursively$7(NodeTestTask.java:125)
	at org.junit.platform.engine.support.hierarchical.NodeTestTask$$Lambda$178/1890627974.invoke(Unknown Source)
	at org.junit.platform.engine.support.hierarchical.Node.around(Node.java:135)
	at org.junit.platform.engine.support.hierarchical.NodeTestTask.lambda$executeRecursively$8(NodeTestTask.java:123)
	at org.junit.platform.engine.support.hierarchical.NodeTestTask$$Lambda$177/231977479.execute(Unknown Source)
	at org.junit.platform.engine.support.hierarchical.ThrowableCollector.execute(ThrowableCollector.java:73)
	at org.junit.platform.engine.support.hierarchical.NodeTestTask.executeRecursively(NodeTestTask.java:122)
	at org.junit.platform.engine.support.hierarchical.NodeTestTask.execute(NodeTestTask.java:80)
	at org.junit.platform.engine.support.hierarchical.SameThreadHierarchicalTestExecutorService$$Lambda$183/1381713434.accept(Unknown Source)
	at java.util.ArrayList.forEach(ArrayList.java:1249)
	at org.junit.platform.engine.support.hierarchical.SameThreadHierarchicalTestExecutorService.invokeAll(SameThreadHierarchicalTestExecutorService.java:38)
	at org.junit.platform.engine.support.hierarchical.NodeTestTask.lambda$executeRecursively$5(NodeTestTask.java:139)
	at org.junit.platform.engine.support.hierarchical.NodeTestTask$$Lambda$179/195615004.execute(Unknown Source)
	at org.junit.platform.engine.support.hierarchical.ThrowableCollector.execute(ThrowableCollector.java:73)
	at org.junit.platform.engine.support.hierarchical.NodeTestTask.lambda$executeRecursively$7(NodeTestTask.java:125)
	at org.junit.platform.engine.support.hierarchical.NodeTestTask$$Lambda$178/1890627974.invoke(Unknown Source)
	at org.junit.platform.engine.support.hierarchical.Node.around(Node.java:135)
	at org.junit.platform.engine.support.hierarchical.NodeTestTask.lambda$executeRecursively$8(NodeTestTask.java:123)
	at org.junit.platform.engine.support.hierarchical.NodeTestTask$$Lambda$177/231977479.execute(Unknown Source)
	at org.junit.platform.engine.support.hierarchical.ThrowableCollector.execute(ThrowableCollector.java:73)
	at org.junit.platform.engine.support.hierarchical.NodeTestTask.executeRecursively(NodeTestTask.java:122)
	at org.junit.platform.engine.support.hierarchical.NodeTestTask.execute(NodeTestTask.java:80)
	at org.junit.platform.engine.support.hierarchical.SameThreadHierarchicalTestExecutorService$$Lambda$183/1381713434.accept(Unknown Source)
	at java.util.ArrayList.forEach(ArrayList.java:1249)
	at org.junit.platform.engine.support.hierarchical.SameThreadHierarchicalTestExecutorService.invokeAll(SameThreadHierarchicalTestExecutorService.java:38)
	at org.junit.platform.engine.support.hierarchical.NodeTestTask.lambda$executeRecursively$5(NodeTestTask.java:139)
	at org.junit.platform.engine.support.hierarchical.NodeTestTask$$Lambda$179/195615004.execute(Unknown Source)
	at org.junit.platform.engine.support.hierarchical.ThrowableCollector.execute(ThrowableCollector.java:73)
	at org.junit.platform.engine.support.hierarchical.NodeTestTask.lambda$executeRecursively$7(NodeTestTask.java:125)
	at org.junit.platform.engine.support.hierarchical.NodeTestTask$$Lambda$178/1890627974.invoke(Unknown Source)
	at org.junit.platform.engine.support.hierarchical.Node.around(Node.java:135)
	at org.junit.platform.engine.support.hierarchical.NodeTestTask.lambda$executeRecursively$8(NodeTestTask.java:123)
	at org.junit.platform.engine.support.hierarchical.NodeTestTask$$Lambda$177/231977479.execute(Unknown Source)
	at org.junit.platform.engine.support.hierarchical.ThrowableCollector.execute(ThrowableCollector.java:73)
	at org.junit.platform.engine.support.hierarchical.NodeTestTask.executeRecursively(NodeTestTask.java:122)
	at org.junit.platform.engine.support.hierarchical.NodeTestTask.execute(NodeTestTask.java:80)
	at org.junit.platform.engine.support.hierarchical.SameThreadHierarchicalTestExecutorService.submit(SameThreadHierarchicalTestExecutorService.java:32)
	at org.junit.platform.engine.support.hierarchical.HierarchicalTestExecutor.execute(HierarchicalTestExecutor.java:57)
	at org.junit.platform.engine.support.hierarchical.HierarchicalTestEngine.execute(HierarchicalTestEngine.java:51)
	at org.junit.platform.launcher.core.DefaultLauncher.execute(DefaultLauncher.java:248)
	at org.junit.platform.launcher.core.DefaultLauncher.lambda$execute$5(DefaultLauncher.java:211)
	at org.junit.platform.launcher.core.DefaultLauncher$$Lambda$143/233996206.accept(Unknown Source)
	at org.junit.platform.launcher.core.DefaultLauncher.withInterceptedStreams(DefaultLauncher.java:226)
	at org.junit.platform.launcher.core.DefaultLauncher.execute(DefaultLauncher.java:199)
	at org.junit.platform.launcher.core.DefaultLauncher.execute(DefaultLauncher.java:132)
	at org.apache.maven.surefire.junitplatform.JUnitPlatformProvider.invokeAllTests(JUnitPlatformProvider.java:142)
	at org.apache.maven.surefire.junitplatform.JUnitPlatformProvider.invoke(JUnitPlatformProvider.java:113)
	at org.apache.maven.surefire.booter.ForkedBooter.invokeProviderInSameClassLoader(ForkedBooter.java:384)
	at org.apache.maven.surefire.booter.ForkedBooter.runSuitesInProcess(ForkedBooter.java:345)
	at org.apache.maven.surefire.booter.ForkedBooter.execute(ForkedBooter.java:126)
	at org.apache.maven.surefire.booter.ForkedBooter.main(ForkedBooter.java:418)
2021-11-08 11:19:53,408 [myid:] - INFO  [main:FourLetterWordMain@94] - connecting to 127.0.0.1 30206
2021-11-08 11:19:53,409 [myid:1] - WARN  [nioEventLoopGroup-97-1:NettyServerCnxnFactory$CnxnChannelHandler@231] - Zookeeper server is not running, close the connection before starting the TLS handshake
2021-11-08 11:19:53,660 [myid:] - INFO  [main:FourLetterWordMain@94] - connecting to 127.0.0.1 30206
2021-11-08 11:19:53,660 [myid:1] - WARN  [nioEventLoopGroup-97-2:NettyServerCnxnFactory$CnxnChannelHandler@231] - Zookeeper server is not running, close the connection before starting the TLS handshake
2021-11-08 11:19:53,676 [myid:] - INFO  [main:ClientBase@267] - server 127.0.0.1:30206 not up
java.net.SocketException: Software caused connection abort: recv failed
	at java.net.SocketInputStream.socketRead0(Native Method)
	at java.net.SocketInputStream.read(SocketInputStream.java:150)
	at java.net.SocketInputStream.read(SocketInputStream.java:121)
	at sun.nio.cs.StreamDecoder.readBytes(StreamDecoder.java:284)
	at sun.nio.cs.StreamDecoder.implRead(StreamDecoder.java:326)
	at sun.nio.cs.StreamDecoder.read(StreamDecoder.java:178)
	at java.io.InputStreamReader.read(InputStreamReader.java:184)
	at java.io.BufferedReader.fill(BufferedReader.java:161)
	at java.io.BufferedReader.readLine(BufferedReader.java:324)
	at java.io.BufferedReader.readLine(BufferedReader.java:389)
	at org.apache.zookeeper.client.FourLetterWordMain.send4LetterWord(FourLetterWordMain.java:129)
	at org.apache.zookeeper.client.FourLetterWordMain.send4LetterWord(FourLetterWordMain.java:74)
	at org.apache.zookeeper.test.ClientBase.waitForServerUp(ClientBase.java:258)
	at org.apache.zookeeper.test.ClientBase.waitForServerUp(ClientBase.java:249)
	at org.apache.zookeeper.server.quorum.QuorumSSLTest.testHostnameVerification(QuorumSSLTest.java:671)
	at org.apache.zookeeper.server.quorum.QuorumSSLTest.testHostnameVerificationWithInvalidIPAddress(QuorumSSLTest.java:583)
	at sun.reflect.NativeMethodAccessorImpl.invoke0(Native Method)
	at sun.reflect.NativeMethodAccessorImpl.invoke(NativeMethodAccessorImpl.java:62)
	at sun.reflect.DelegatingMethodAccessorImpl.invoke(DelegatingMethodAccessorImpl.java:43)
	at java.lang.reflect.Method.invoke(Method.java:483)
	at org.junit.platform.commons.util.ReflectionUtils.invokeMethod(ReflectionUtils.java:686)
	at org.junit.jupiter.engine.execution.MethodInvocation.proceed(MethodInvocation.java:60)
	at org.junit.jupiter.engine.execution.InvocationInterceptorChain$ValidatingInvocation.proceed(InvocationInterceptorChain.java:131)
	at org.junit.jupiter.engine.extension.TimeoutInvocation.proceed(TimeoutInvocation.java:46)
	at org.junit.jupiter.engine.extension.TimeoutExtension.intercept(TimeoutExtension.java:149)
	at org.junit.jupiter.engine.extension.TimeoutExtension.interceptTestableMethod(TimeoutExtension.java:140)
	at org.junit.jupiter.engine.extension.TimeoutExtension.interceptTestMethod(TimeoutExtension.java:84)
	at org.junit.jupiter.engine.descriptor.TestMethodTestDescriptor$$Lambda$111/1780132728.apply(Unknown Source)
	at org.junit.jupiter.engine.execution.ExecutableInvoker$ReflectiveInterceptorCall.lambda$ofVoidMethod$0(ExecutableInvoker.java:115)
	at org.junit.jupiter.engine.execution.ExecutableInvoker$ReflectiveInterceptorCall$$Lambda$112/1725017993.apply(Unknown Source)
	at org.junit.jupiter.engine.execution.ExecutableInvoker.lambda$invoke$0(ExecutableInvoker.java:105)
	at org.junit.jupiter.engine.execution.ExecutableInvoker$$Lambda$234/64133603.apply(Unknown Source)
	at org.junit.jupiter.engine.execution.InvocationInterceptorChain$InterceptedInvocation.proceed(InvocationInterceptorChain.java:106)
	at org.junit.jupiter.engine.execution.InvocationInterceptorChain.proceed(InvocationInterceptorChain.java:64)
	at org.junit.jupiter.engine.execution.InvocationInterceptorChain.chainAndInvoke(InvocationInterceptorChain.java:45)
	at org.junit.jupiter.engine.execution.InvocationInterceptorChain.invoke(InvocationInterceptorChain.java:37)
	at org.junit.jupiter.engine.execution.ExecutableInvoker.invoke(ExecutableInvoker.java:104)
	at org.junit.jupiter.engine.execution.ExecutableInvoker.invoke(ExecutableInvoker.java:98)
	at org.junit.jupiter.engine.descriptor.TestMethodTestDescriptor.lambda$invokeTestMethod$6(TestMethodTestDescriptor.java:212)
	at org.junit.jupiter.engine.descriptor.TestMethodTestDescriptor$$Lambda$271/224100622.execute(Unknown Source)
	at org.junit.platform.engine.support.hierarchical.ThrowableCollector.execute(ThrowableCollector.java:73)
	at org.junit.jupiter.engine.descriptor.TestMethodTestDescriptor.invokeTestMethod(TestMethodTestDescriptor.java:208)
	at org.junit.jupiter.engine.descriptor.TestMethodTestDescriptor.execute(TestMethodTestDescriptor.java:137)
	at org.junit.jupiter.engine.descriptor.TestMethodTestDescriptor.execute(TestMethodTestDescriptor.java:71)
	at org.junit.platform.engine.support.hierarchical.NodeTestTask.lambda$executeRecursively$5(NodeTestTask.java:135)
	at org.junit.platform.engine.support.hierarchical.NodeTestTask$$Lambda$179/195615004.execute(Unknown Source)
	at org.junit.platform.engine.support.hierarchical.ThrowableCollector.execute(ThrowableCollector.java:73)
	at org.junit.platform.engine.support.hierarchical.NodeTestTask.lambda$executeRecursively$7(NodeTestTask.java:125)
	at org.junit.platform.engine.support.hierarchical.NodeTestTask$$Lambda$178/1890627974.invoke(Unknown Source)
	at org.junit.platform.engine.support.hierarchical.Node.around(Node.java:135)
	at org.junit.platform.engine.support.hierarchical.NodeTestTask.lambda$executeRecursively$8(NodeTestTask.java:123)
	at org.junit.platform.engine.support.hierarchical.NodeTestTask$$Lambda$177/231977479.execute(Unknown Source)
	at org.junit.platform.engine.support.hierarchical.ThrowableCollector.execute(ThrowableCollector.java:73)
	at org.junit.platform.engine.support.hierarchical.NodeTestTask.executeRecursively(NodeTestTask.java:122)
	at org.junit.platform.engine.support.hierarchical.NodeTestTask.execute(NodeTestTask.java:80)
	at org.junit.platform.engine.support.hierarchical.SameThreadHierarchicalTestExecutorService$$Lambda$183/1381713434.accept(Unknown Source)
	at java.util.ArrayList.forEach(ArrayList.java:1249)
	at org.junit.platform.engine.support.hierarchical.SameThreadHierarchicalTestExecutorService.invokeAll(SameThreadHierarchicalTestExecutorService.java:38)
	at org.junit.platform.engine.support.hierarchical.NodeTestTask.lambda$executeRecursively$5(NodeTestTask.java:139)
	at org.junit.platform.engine.support.hierarchical.NodeTestTask$$Lambda$179/195615004.execute(Unknown Source)
	at org.junit.platform.engine.support.hierarchical.ThrowableCollector.execute(ThrowableCollector.java:73)
	at org.junit.platform.engine.support.hierarchical.NodeTestTask.lambda$executeRecursively$7(NodeTestTask.java:125)
	at org.junit.platform.engine.support.hierarchical.NodeTestTask$$Lambda$178/1890627974.invoke(Unknown Source)
	at org.junit.platform.engine.support.hierarchical.Node.around(Node.java:135)
	at org.junit.platform.engine.support.hierarchical.NodeTestTask.lambda$executeRecursively$8(NodeTestTask.java:123)
	at org.junit.platform.engine.support.hierarchical.NodeTestTask$$Lambda$177/231977479.execute(Unknown Source)
	at org.junit.platform.engine.support.hierarchical.ThrowableCollector.execute(ThrowableCollector.java:73)
	at org.junit.platform.engine.support.hierarchical.NodeTestTask.executeRecursively(NodeTestTask.java:122)
	at org.junit.platform.engine.support.hierarchical.NodeTestTask.execute(NodeTestTask.java:80)
	at org.junit.platform.engine.support.hierarchical.SameThreadHierarchicalTestExecutorService$$Lambda$183/1381713434.accept(Unknown Source)
	at java.util.ArrayList.forEach(ArrayList.java:1249)
	at org.junit.platform.engine.support.hierarchical.SameThreadHierarchicalTestExecutorService.invokeAll(SameThreadHierarchicalTestExecutorService.java:38)
	at org.junit.platform.engine.support.hierarchical.NodeTestTask.lambda$executeRecursively$5(NodeTestTask.java:139)
	at org.junit.platform.engine.support.hierarchical.NodeTestTask$$Lambda$179/195615004.execute(Unknown Source)
	at org.junit.platform.engine.support.hierarchical.ThrowableCollector.execute(ThrowableCollector.java:73)
	at org.junit.platform.engine.support.hierarchical.NodeTestTask.lambda$executeRecursively$7(NodeTestTask.java:125)
	at org.junit.platform.engine.support.hierarchical.NodeTestTask$$Lambda$178/1890627974.invoke(Unknown Source)
	at org.junit.platform.engine.support.hierarchical.Node.around(Node.java:135)
	at org.junit.platform.engine.support.hierarchical.NodeTestTask.lambda$executeRecursively$8(NodeTestTask.java:123)
	at org.junit.platform.engine.support.hierarchical.NodeTestTask$$Lambda$177/231977479.execute(Unknown Source)
	at org.junit.platform.engine.support.hierarchical.ThrowableCollector.execute(ThrowableCollector.java:73)
	at org.junit.platform.engine.support.hierarchical.NodeTestTask.executeRecursively(NodeTestTask.java:122)
	at org.junit.platform.engine.support.hierarchical.NodeTestTask.execute(NodeTestTask.java:80)
	at org.junit.platform.engine.support.hierarchical.SameThreadHierarchicalTestExecutorService.submit(SameThreadHierarchicalTestExecutorService.java:32)
	at org.junit.platform.engine.support.hierarchical.HierarchicalTestExecutor.execute(HierarchicalTestExecutor.java:57)
	at org.junit.platform.engine.support.hierarchical.HierarchicalTestEngine.execute(HierarchicalTestEngine.java:51)
	at org.junit.platform.launcher.core.DefaultLauncher.execute(DefaultLauncher.java:248)
	at org.junit.platform.launcher.core.DefaultLauncher.lambda$execute$5(DefaultLauncher.java:211)
	at org.junit.platform.launcher.core.DefaultLauncher$$Lambda$143/233996206.accept(Unknown Source)
	at org.junit.platform.launcher.core.DefaultLauncher.withInterceptedStreams(DefaultLauncher.java:226)
	at org.junit.platform.launcher.core.DefaultLauncher.execute(DefaultLauncher.java:199)
	at org.junit.platform.launcher.core.DefaultLauncher.execute(DefaultLauncher.java:132)
	at org.apache.maven.surefire.junitplatform.JUnitPlatformProvider.invokeAllTests(JUnitPlatformProvider.java:142)
	at org.apache.maven.surefire.junitplatform.JUnitPlatformProvider.invoke(JUnitPlatformProvider.java:113)
	at org.apache.maven.surefire.booter.ForkedBooter.invokeProviderInSameClassLoader(ForkedBooter.java:384)
	at org.apache.maven.surefire.booter.ForkedBooter.runSuitesInProcess(ForkedBooter.java:345)
	at org.apache.maven.surefire.booter.ForkedBooter.execute(ForkedBooter.java:126)
	at org.apache.maven.surefire.booter.ForkedBooter.main(ForkedBooter.java:418)
2021-11-08 11:19:53,929 [myid:] - INFO  [main:FourLetterWordMain@94] - connecting to 127.0.0.1 30206
2021-11-08 11:19:53,929 [myid:1] - WARN  [nioEventLoopGroup-97-3:NettyServerCnxnFactory$CnxnChannelHandler@231] - Zookeeper server is not running, close the connection before starting the TLS handshake
2021-11-08 11:19:54,182 [myid:] - INFO  [main:FourLetterWordMain@94] - connecting to 127.0.0.1 30206
2021-11-08 11:19:54,182 [myid:1] - WARN  [nioEventLoopGroup-97-4:NettyServerCnxnFactory$CnxnChannelHandler@231] - Zookeeper server is not running, close the connection before starting the TLS handshake
2021-11-08 11:19:54,433 [myid:] - INFO  [main:FourLetterWordMain@94] - connecting to 127.0.0.1 30206
2021-11-08 11:19:54,433 [myid:1] - WARN  [nioEventLoopGroup-97-5:NettyServerCnxnFactory$CnxnChannelHandler@231] - Zookeeper server is not running, close the connection before starting the TLS handshake
2021-11-08 11:19:54,698 [myid:] - INFO  [main:FourLetterWordMain@94] - connecting to 127.0.0.1 30206
2021-11-08 11:19:54,700 [myid:1] - WARN  [nioEventLoopGroup-97-6:NettyServerCnxnFactory$CnxnChannelHandler@231] - Zookeeper server is not running, close the connection before starting the TLS handshake
2021-11-08 11:19:54,965 [myid:] - INFO  [main:FourLetterWordMain@94] - connecting to 127.0.0.1 30206
2021-11-08 11:19:54,967 [myid:1] - WARN  [nioEventLoopGroup-97-7:NettyServerCnxnFactory$CnxnChannelHandler@231] - Zookeeper server is not running, close the connection before starting the TLS handshake
2021-11-08 11:19:55,231 [myid:] - INFO  [main:FourLetterWordMain@94] - connecting to 127.0.0.1 30206
2021-11-08 11:19:55,231 [myid:1] - WARN  [nioEventLoopGroup-97-8:NettyServerCnxnFactory$CnxnChannelHandler@231] - Zookeeper server is not running, close the connection before starting the TLS handshake
2021-11-08 11:19:55,247 [myid:] - INFO  [main:ClientBase@267] - server 127.0.0.1:30206 not up
java.net.SocketException: Software caused connection abort: recv failed
	at java.net.SocketInputStream.socketRead0(Native Method)
	at java.net.SocketInputStream.read(SocketInputStream.java:150)
	at java.net.SocketInputStream.read(SocketInputStream.java:121)
	at sun.nio.cs.StreamDecoder.readBytes(StreamDecoder.java:284)
	at sun.nio.cs.StreamDecoder.implRead(StreamDecoder.java:326)
	at sun.nio.cs.StreamDecoder.read(StreamDecoder.java:178)
	at java.io.InputStreamReader.read(InputStreamReader.java:184)
	at java.io.BufferedReader.fill(BufferedReader.java:161)
	at java.io.BufferedReader.readLine(BufferedReader.java:324)
	at java.io.BufferedReader.readLine(BufferedReader.java:389)
	at org.apache.zookeeper.client.FourLetterWordMain.send4LetterWord(FourLetterWordMain.java:129)
	at org.apache.zookeeper.client.FourLetterWordMain.send4LetterWord(FourLetterWordMain.java:74)
	at org.apache.zookeeper.test.ClientBase.waitForServerUp(ClientBase.java:258)
	at org.apache.zookeeper.test.ClientBase.waitForServerUp(ClientBase.java:249)
	at org.apache.zookeeper.server.quorum.QuorumSSLTest.testHostnameVerification(QuorumSSLTest.java:671)
	at org.apache.zookeeper.server.quorum.QuorumSSLTest.testHostnameVerificationWithInvalidIPAddress(QuorumSSLTest.java:583)
	at sun.reflect.NativeMethodAccessorImpl.invoke0(Native Method)
	at sun.reflect.NativeMethodAccessorImpl.invoke(NativeMethodAccessorImpl.java:62)
	at sun.reflect.DelegatingMethodAccessorImpl.invoke(DelegatingMethodAccessorImpl.java:43)
	at java.lang.reflect.Method.invoke(Method.java:483)
	at org.junit.platform.commons.util.ReflectionUtils.invokeMethod(ReflectionUtils.java:686)
	at org.junit.jupiter.engine.execution.MethodInvocation.proceed(MethodInvocation.java:60)
	at org.junit.jupiter.engine.execution.InvocationInterceptorChain$ValidatingInvocation.proceed(InvocationInterceptorChain.java:131)
	at org.junit.jupiter.engine.extension.TimeoutInvocation.proceed(TimeoutInvocation.java:46)
	at org.junit.jupiter.engine.extension.TimeoutExtension.intercept(TimeoutExtension.java:149)
	at org.junit.jupiter.engine.extension.TimeoutExtension.interceptTestableMethod(TimeoutExtension.java:140)
	at org.junit.jupiter.engine.extension.TimeoutExtension.interceptTestMethod(TimeoutExtension.java:84)
	at org.junit.jupiter.engine.descriptor.TestMethodTestDescriptor$$Lambda$111/1780132728.apply(Unknown Source)
	at org.junit.jupiter.engine.execution.ExecutableInvoker$ReflectiveInterceptorCall.lambda$ofVoidMethod$0(ExecutableInvoker.java:115)
	at org.junit.jupiter.engine.execution.ExecutableInvoker$ReflectiveInterceptorCall$$Lambda$112/1725017993.apply(Unknown Source)
	at org.junit.jupiter.engine.execution.ExecutableInvoker.lambda$invoke$0(ExecutableInvoker.java:105)
	at org.junit.jupiter.engine.execution.ExecutableInvoker$$Lambda$234/64133603.apply(Unknown Source)
	at org.junit.jupiter.engine.execution.InvocationInterceptorChain$InterceptedInvocation.proceed(InvocationInterceptorChain.java:106)
	at org.junit.jupiter.engine.execution.InvocationInterceptorChain.proceed(InvocationInterceptorChain.java:64)
	at org.junit.jupiter.engine.execution.InvocationInterceptorChain.chainAndInvoke(InvocationInterceptorChain.java:45)
	at org.junit.jupiter.engine.execution.InvocationInterceptorChain.invoke(InvocationInterceptorChain.java:37)
	at org.junit.jupiter.engine.execution.ExecutableInvoker.invoke(ExecutableInvoker.java:104)
	at org.junit.jupiter.engine.execution.ExecutableInvoker.invoke(ExecutableInvoker.java:98)
	at org.junit.jupiter.engine.descriptor.TestMethodTestDescriptor.lambda$invokeTestMethod$6(TestMethodTestDescriptor.java:212)
	at org.junit.jupiter.engine.descriptor.TestMethodTestDescriptor$$Lambda$271/224100622.execute(Unknown Source)
	at org.junit.platform.engine.support.hierarchical.ThrowableCollector.execute(ThrowableCollector.java:73)
	at org.junit.jupiter.engine.descriptor.TestMethodTestDescriptor.invokeTestMethod(TestMethodTestDescriptor.java:208)
	at org.junit.jupiter.engine.descriptor.TestMethodTestDescriptor.execute(TestMethodTestDescriptor.java:137)
	at org.junit.jupiter.engine.descriptor.TestMethodTestDescriptor.execute(TestMethodTestDescriptor.java:71)
	at org.junit.platform.engine.support.hierarchical.NodeTestTask.lambda$executeRecursively$5(NodeTestTask.java:135)
	at org.junit.platform.engine.support.hierarchical.NodeTestTask$$Lambda$179/195615004.execute(Unknown Source)
	at org.junit.platform.engine.support.hierarchical.ThrowableCollector.execute(ThrowableCollector.java:73)
	at org.junit.platform.engine.support.hierarchical.NodeTestTask.lambda$executeRecursively$7(NodeTestTask.java:125)
	at org.junit.platform.engine.support.hierarchical.NodeTestTask$$Lambda$178/1890627974.invoke(Unknown Source)
	at org.junit.platform.engine.support.hierarchical.Node.around(Node.java:135)
	at org.junit.platform.engine.support.hierarchical.NodeTestTask.lambda$executeRecursively$8(NodeTestTask.java:123)
	at org.junit.platform.engine.support.hierarchical.NodeTestTask$$Lambda$177/231977479.execute(Unknown Source)
	at org.junit.platform.engine.support.hierarchical.ThrowableCollector.execute(ThrowableCollector.java:73)
	at org.junit.platform.engine.support.hierarchical.NodeTestTask.executeRecursively(NodeTestTask.java:122)
	at org.junit.platform.engine.support.hierarchical.NodeTestTask.execute(NodeTestTask.java:80)
	at org.junit.platform.engine.support.hierarchical.SameThreadHierarchicalTestExecutorService$$Lambda$183/1381713434.accept(Unknown Source)
	at java.util.ArrayList.forEach(ArrayList.java:1249)
	at org.junit.platform.engine.support.hierarchical.SameThreadHierarchicalTestExecutorService.invokeAll(SameThreadHierarchicalTestExecutorService.java:38)
	at org.junit.platform.engine.support.hierarchical.NodeTestTask.lambda$executeRecursively$5(NodeTestTask.java:139)
	at org.junit.platform.engine.support.hierarchical.NodeTestTask$$Lambda$179/195615004.execute(Unknown Source)
	at org.junit.platform.engine.support.hierarchical.ThrowableCollector.execute(ThrowableCollector.java:73)
	at org.junit.platform.engine.support.hierarchical.NodeTestTask.lambda$executeRecursively$7(NodeTestTask.java:125)
	at org.junit.platform.engine.support.hierarchical.NodeTestTask$$Lambda$178/1890627974.invoke(Unknown Source)
	at org.junit.platform.engine.support.hierarchical.Node.around(Node.java:135)
	at org.junit.platform.engine.support.hierarchical.NodeTestTask.lambda$executeRecursively$8(NodeTestTask.java:123)
	at org.junit.platform.engine.support.hierarchical.NodeTestTask$$Lambda$177/231977479.execute(Unknown Source)
	at org.junit.platform.engine.support.hierarchical.ThrowableCollector.execute(ThrowableCollector.java:73)
	at org.junit.platform.engine.support.hierarchical.NodeTestTask.executeRecursively(NodeTestTask.java:122)
	at org.junit.platform.engine.support.hierarchical.NodeTestTask.execute(NodeTestTask.java:80)
	at org.junit.platform.engine.support.hierarchical.SameThreadHierarchicalTestExecutorService$$Lambda$183/1381713434.accept(Unknown Source)
	at java.util.ArrayList.forEach(ArrayList.java:1249)
	at org.junit.platform.engine.support.hierarchical.SameThreadHierarchicalTestExecutorService.invokeAll(SameThreadHierarchicalTestExecutorService.java:38)
	at org.junit.platform.engine.support.hierarchical.NodeTestTask.lambda$executeRecursively$5(NodeTestTask.java:139)
	at org.junit.platform.engine.support.hierarchical.NodeTestTask$$Lambda$179/195615004.execute(Unknown Source)
	at org.junit.platform.engine.support.hierarchical.ThrowableCollector.execute(ThrowableCollector.java:73)
	at org.junit.platform.engine.support.hierarchical.NodeTestTask.lambda$executeRecursively$7(NodeTestTask.java:125)
	at org.junit.platform.engine.support.hierarchical.NodeTestTask$$Lambda$178/1890627974.invoke(Unknown Source)
	at org.junit.platform.engine.support.hierarchical.Node.around(Node.java:135)
	at org.junit.platform.engine.support.hierarchical.NodeTestTask.lambda$executeRecursively$8(NodeTestTask.java:123)
	at org.junit.platform.engine.support.hierarchical.NodeTestTask$$Lambda$177/231977479.execute(Unknown Source)
	at org.junit.platform.engine.support.hierarchical.ThrowableCollector.execute(ThrowableCollector.java:73)
	at org.junit.platform.engine.support.hierarchical.NodeTestTask.executeRecursively(NodeTestTask.java:122)
	at org.junit.platform.engine.support.hierarchical.NodeTestTask.execute(NodeTestTask.java:80)
	at org.junit.platform.engine.support.hierarchical.SameThreadHierarchicalTestExecutorService.submit(SameThreadHierarchicalTestExecutorService.java:32)
	at org.junit.platform.engine.support.hierarchical.HierarchicalTestExecutor.execute(HierarchicalTestExecutor.java:57)
	at org.junit.platform.engine.support.hierarchical.HierarchicalTestEngine.execute(HierarchicalTestEngine.java:51)
	at org.junit.platform.launcher.core.DefaultLauncher.execute(DefaultLauncher.java:248)
	at org.junit.platform.launcher.core.DefaultLauncher.lambda$execute$5(DefaultLauncher.java:211)
	at org.junit.platform.launcher.core.DefaultLauncher$$Lambda$143/233996206.accept(Unknown Source)
	at org.junit.platform.launcher.core.DefaultLauncher.withInterceptedStreams(DefaultLauncher.java:226)
	at org.junit.platform.launcher.core.DefaultLauncher.execute(DefaultLauncher.java:199)
	at org.junit.platform.launcher.core.DefaultLauncher.execute(DefaultLauncher.java:132)
	at org.apache.maven.surefire.junitplatform.JUnitPlatformProvider.invokeAllTests(JUnitPlatformProvider.java:142)
	at org.apache.maven.surefire.junitplatform.JUnitPlatformProvider.invoke(JUnitPlatformProvider.java:113)
	at org.apache.maven.surefire.booter.ForkedBooter.invokeProviderInSameClassLoader(ForkedBooter.java:384)
	at org.apache.maven.surefire.booter.ForkedBooter.runSuitesInProcess(ForkedBooter.java:345)
	at org.apache.maven.surefire.booter.ForkedBooter.execute(ForkedBooter.java:126)
	at org.apache.maven.surefire.booter.ForkedBooter.main(ForkedBooter.java:418)
2021-11-08 11:19:55,511 [myid:] - INFO  [main:FourLetterWordMain@94] - connecting to 127.0.0.1 30206
2021-11-08 11:19:55,511 [myid:1] - WARN  [nioEventLoopGroup-97-9:NettyServerCnxnFactory$CnxnChannelHandler@231] - Zookeeper server is not running, close the connection before starting the TLS handshake
2021-11-08 11:19:55,527 [myid:] - INFO  [main:ClientBase@267] - server 127.0.0.1:30206 not up
java.net.SocketException: Software caused connection abort: recv failed
	at java.net.SocketInputStream.socketRead0(Native Method)
	at java.net.SocketInputStream.read(SocketInputStream.java:150)
	at java.net.SocketInputStream.read(SocketInputStream.java:121)
	at sun.nio.cs.StreamDecoder.readBytes(StreamDecoder.java:284)
	at sun.nio.cs.StreamDecoder.implRead(StreamDecoder.java:326)
	at sun.nio.cs.StreamDecoder.read(StreamDecoder.java:178)
	at java.io.InputStreamReader.read(InputStreamReader.java:184)
	at java.io.BufferedReader.fill(BufferedReader.java:161)
	at java.io.BufferedReader.readLine(BufferedReader.java:324)
	at java.io.BufferedReader.readLine(BufferedReader.java:389)
	at org.apache.zookeeper.client.FourLetterWordMain.send4LetterWord(FourLetterWordMain.java:129)
	at org.apache.zookeeper.client.FourLetterWordMain.send4LetterWord(FourLetterWordMain.java:74)
	at org.apache.zookeeper.test.ClientBase.waitForServerUp(ClientBase.java:258)
	at org.apache.zookeeper.test.ClientBase.waitForServerUp(ClientBase.java:249)
	at org.apache.zookeeper.server.quorum.QuorumSSLTest.testHostnameVerification(QuorumSSLTest.java:671)
	at org.apache.zookeeper.server.quorum.QuorumSSLTest.testHostnameVerificationWithInvalidIPAddress(QuorumSSLTest.java:583)
	at sun.reflect.NativeMethodAccessorImpl.invoke0(Native Method)
	at sun.reflect.NativeMethodAccessorImpl.invoke(NativeMethodAccessorImpl.java:62)
	at sun.reflect.DelegatingMethodAccessorImpl.invoke(DelegatingMethodAccessorImpl.java:43)
	at java.lang.reflect.Method.invoke(Method.java:483)
	at org.junit.platform.commons.util.ReflectionUtils.invokeMethod(ReflectionUtils.java:686)
	at org.junit.jupiter.engine.execution.MethodInvocation.proceed(MethodInvocation.java:60)
	at org.junit.jupiter.engine.execution.InvocationInterceptorChain$ValidatingInvocation.proceed(InvocationInterceptorChain.java:131)
	at org.junit.jupiter.engine.extension.TimeoutInvocation.proceed(TimeoutInvocation.java:46)
	at org.junit.jupiter.engine.extension.TimeoutExtension.intercept(TimeoutExtension.java:149)
	at org.junit.jupiter.engine.extension.TimeoutExtension.interceptTestableMethod(TimeoutExtension.java:140)
	at org.junit.jupiter.engine.extension.TimeoutExtension.interceptTestMethod(TimeoutExtension.java:84)
	at org.junit.jupiter.engine.descriptor.TestMethodTestDescriptor$$Lambda$111/1780132728.apply(Unknown Source)
	at org.junit.jupiter.engine.execution.ExecutableInvoker$ReflectiveInterceptorCall.lambda$ofVoidMethod$0(ExecutableInvoker.java:115)
	at org.junit.jupiter.engine.execution.ExecutableInvoker$ReflectiveInterceptorCall$$Lambda$112/1725017993.apply(Unknown Source)
	at org.junit.jupiter.engine.execution.ExecutableInvoker.lambda$invoke$0(ExecutableInvoker.java:105)
	at org.junit.jupiter.engine.execution.ExecutableInvoker$$Lambda$234/64133603.apply(Unknown Source)
	at org.junit.jupiter.engine.execution.InvocationInterceptorChain$InterceptedInvocation.proceed(InvocationInterceptorChain.java:106)
	at org.junit.jupiter.engine.execution.InvocationInterceptorChain.proceed(InvocationInterceptorChain.java:64)
	at org.junit.jupiter.engine.execution.InvocationInterceptorChain.chainAndInvoke(InvocationInterceptorChain.java:45)
	at org.junit.jupiter.engine.execution.InvocationInterceptorChain.invoke(InvocationInterceptorChain.java:37)
	at org.junit.jupiter.engine.execution.ExecutableInvoker.invoke(ExecutableInvoker.java:104)
	at org.junit.jupiter.engine.execution.ExecutableInvoker.invoke(ExecutableInvoker.java:98)
	at org.junit.jupiter.engine.descriptor.TestMethodTestDescriptor.lambda$invokeTestMethod$6(TestMethodTestDescriptor.java:212)
	at org.junit.jupiter.engine.descriptor.TestMethodTestDescriptor$$Lambda$271/224100622.execute(Unknown Source)
	at org.junit.platform.engine.support.hierarchical.ThrowableCollector.execute(ThrowableCollector.java:73)
	at org.junit.jupiter.engine.descriptor.TestMethodTestDescriptor.invokeTestMethod(TestMethodTestDescriptor.java:208)
	at org.junit.jupiter.engine.descriptor.TestMethodTestDescriptor.execute(TestMethodTestDescriptor.java:137)
	at org.junit.jupiter.engine.descriptor.TestMethodTestDescriptor.execute(TestMethodTestDescriptor.java:71)
	at org.junit.platform.engine.support.hierarchical.NodeTestTask.lambda$executeRecursively$5(NodeTestTask.java:135)
	at org.junit.platform.engine.support.hierarchical.NodeTestTask$$Lambda$179/195615004.execute(Unknown Source)
	at org.junit.platform.engine.support.hierarchical.ThrowableCollector.execute(ThrowableCollector.java:73)
	at org.junit.platform.engine.support.hierarchical.NodeTestTask.lambda$executeRecursively$7(NodeTestTask.java:125)
	at org.junit.platform.engine.support.hierarchical.NodeTestTask$$Lambda$178/1890627974.invoke(Unknown Source)
	at org.junit.platform.engine.support.hierarchical.Node.around(Node.java:135)
	at org.junit.platform.engine.support.hierarchical.NodeTestTask.lambda$executeRecursively$8(NodeTestTask.java:123)
	at org.junit.platform.engine.support.hierarchical.NodeTestTask$$Lambda$177/231977479.execute(Unknown Source)
	at org.junit.platform.engine.support.hierarchical.ThrowableCollector.execute(ThrowableCollector.java:73)
	at org.junit.platform.engine.support.hierarchical.NodeTestTask.executeRecursively(NodeTestTask.java:122)
	at org.junit.platform.engine.support.hierarchical.NodeTestTask.execute(NodeTestTask.java:80)
	at org.junit.platform.engine.support.hierarchical.SameThreadHierarchicalTestExecutorService$$Lambda$183/1381713434.accept(Unknown Source)
	at java.util.ArrayList.forEach(ArrayList.java:1249)
	at org.junit.platform.engine.support.hierarchical.SameThreadHierarchicalTestExecutorService.invokeAll(SameThreadHierarchicalTestExecutorService.java:38)
	at org.junit.platform.engine.support.hierarchical.NodeTestTask.lambda$executeRecursively$5(NodeTestTask.java:139)
	at org.junit.platform.engine.support.hierarchical.NodeTestTask$$Lambda$179/195615004.execute(Unknown Source)
	at org.junit.platform.engine.support.hierarchical.ThrowableCollector.execute(ThrowableCollector.java:73)
	at org.junit.platform.engine.support.hierarchical.NodeTestTask.lambda$executeRecursively$7(NodeTestTask.java:125)
	at org.junit.platform.engine.support.hierarchical.NodeTestTask$$Lambda$178/1890627974.invoke(Unknown Source)
	at org.junit.platform.engine.support.hierarchical.Node.around(Node.java:135)
	at org.junit.platform.engine.support.hierarchical.NodeTestTask.lambda$executeRecursively$8(NodeTestTask.java:123)
	at org.junit.platform.engine.support.hierarchical.NodeTestTask$$Lambda$177/231977479.execute(Unknown Source)
	at org.junit.platform.engine.support.hierarchical.ThrowableCollector.execute(ThrowableCollector.java:73)
	at org.junit.platform.engine.support.hierarchical.NodeTestTask.executeRecursively(NodeTestTask.java:122)
	at org.junit.platform.engine.support.hierarchical.NodeTestTask.execute(NodeTestTask.java:80)
	at org.junit.platform.engine.support.hierarchical.SameThreadHierarchicalTestExecutorService$$Lambda$183/1381713434.accept(Unknown Source)
	at java.util.ArrayList.forEach(ArrayList.java:1249)
	at org.junit.platform.engine.support.hierarchical.SameThreadHierarchicalTestExecutorService.invokeAll(SameThreadHierarchicalTestExecutorService.java:38)
	at org.junit.platform.engine.support.hierarchical.NodeTestTask.lambda$executeRecursively$5(NodeTestTask.java:139)
	at org.junit.platform.engine.support.hierarchical.NodeTestTask$$Lambda$179/195615004.execute(Unknown Source)
	at org.junit.platform.engine.support.hierarchical.ThrowableCollector.execute(ThrowableCollector.java:73)
	at org.junit.platform.engine.support.hierarchical.NodeTestTask.lambda$executeRecursively$7(NodeTestTask.java:125)
	at org.junit.platform.engine.support.hierarchical.NodeTestTask$$Lambda$178/1890627974.invoke(Unknown Source)
	at org.junit.platform.engine.support.hierarchical.Node.around(Node.java:135)
	at org.junit.platform.engine.support.hierarchical.NodeTestTask.lambda$executeRecursively$8(NodeTestTask.java:123)
	at org.junit.platform.engine.support.hierarchical.NodeTestTask$$Lambda$177/231977479.execute(Unknown Source)
	at org.junit.platform.engine.support.hierarchical.ThrowableCollector.execute(ThrowableCollector.java:73)
	at org.junit.platform.engine.support.hierarchical.NodeTestTask.executeRecursively(NodeTestTask.java:122)
	at org.junit.platform.engine.support.hierarchical.NodeTestTask.execute(NodeTestTask.java:80)
	at org.junit.platform.engine.support.hierarchical.SameThreadHierarchicalTestExecutorService.submit(SameThreadHierarchicalTestExecutorService.java:32)
	at org.junit.platform.engine.support.hierarchical.HierarchicalTestExecutor.execute(HierarchicalTestExecutor.java:57)
	at org.junit.platform.engine.support.hierarchical.HierarchicalTestEngine.execute(HierarchicalTestEngine.java:51)
	at org.junit.platform.launcher.core.DefaultLauncher.execute(DefaultLauncher.java:248)
	at org.junit.platform.launcher.core.DefaultLauncher.lambda$execute$5(DefaultLauncher.java:211)
	at org.junit.platform.launcher.core.DefaultLauncher$$Lambda$143/233996206.accept(Unknown Source)
	at org.junit.platform.launcher.core.DefaultLauncher.withInterceptedStreams(DefaultLauncher.java:226)
	at org.junit.platform.launcher.core.DefaultLauncher.execute(DefaultLauncher.java:199)
	at org.junit.platform.launcher.core.DefaultLauncher.execute(DefaultLauncher.java:132)
	at org.apache.maven.surefire.junitplatform.JUnitPlatformProvider.invokeAllTests(JUnitPlatformProvider.java:142)
	at org.apache.maven.surefire.junitplatform.JUnitPlatformProvider.invoke(JUnitPlatformProvider.java:113)
	at org.apache.maven.surefire.booter.ForkedBooter.invokeProviderInSameClassLoader(ForkedBooter.java:384)
	at org.apache.maven.surefire.booter.ForkedBooter.runSuitesInProcess(ForkedBooter.java:345)
	at org.apache.maven.surefire.booter.ForkedBooter.execute(ForkedBooter.java:126)
	at org.apache.maven.surefire.booter.ForkedBooter.main(ForkedBooter.java:418)
2021-11-08 11:19:55,779 [myid:] - INFO  [main:FourLetterWordMain@94] - connecting to 127.0.0.1 30206
2021-11-08 11:19:55,780 [myid:1] - WARN  [nioEventLoopGroup-97-10:NettyServerCnxnFactory$CnxnChannelHandler@231] - Zookeeper server is not running, close the connection before starting the TLS handshake
2021-11-08 11:19:56,041 [myid:] - INFO  [main:FourLetterWordMain@94] - connecting to 127.0.0.1 30206
2021-11-08 11:19:56,041 [myid:1] - WARN  [nioEventLoopGroup-97-11:NettyServerCnxnFactory$CnxnChannelHandler@231] - Zookeeper server is not running, close the connection before starting the TLS handshake
2021-11-08 11:19:56,293 [myid:] - INFO  [main:FourLetterWordMain@94] - connecting to 127.0.0.1 30206
2021-11-08 11:19:56,295 [myid:1] - WARN  [nioEventLoopGroup-97-12:NettyServerCnxnFactory$CnxnChannelHandler@231] - Zookeeper server is not running, close the connection before starting the TLS handshake
2021-11-08 11:19:56,545 [myid:] - INFO  [main:FourLetterWordMain@94] - connecting to 127.0.0.1 30206
2021-11-08 11:19:56,546 [myid:1] - WARN  [nioEventLoopGroup-97-1:NettyServerCnxnFactory$CnxnChannelHandler@231] - Zookeeper server is not running, close the connection before starting the TLS handshake
2021-11-08 11:19:56,811 [myid:] - INFO  [main:FourLetterWordMain@94] - connecting to 127.0.0.1 30206
2021-11-08 11:19:56,812 [myid:1] - WARN  [nioEventLoopGroup-97-2:NettyServerCnxnFactory$CnxnChannelHandler@231] - Zookeeper server is not running, close the connection before starting the TLS handshake
2021-11-08 11:19:56,827 [myid:] - INFO  [main:ClientBase@267] - server 127.0.0.1:30206 not up
java.net.SocketException: Software caused connection abort: recv failed
	at java.net.SocketInputStream.socketRead0(Native Method)
	at java.net.SocketInputStream.read(SocketInputStream.java:150)
	at java.net.SocketInputStream.read(SocketInputStream.java:121)
	at sun.nio.cs.StreamDecoder.readBytes(StreamDecoder.java:284)
	at sun.nio.cs.StreamDecoder.implRead(StreamDecoder.java:326)
	at sun.nio.cs.StreamDecoder.read(StreamDecoder.java:178)
	at java.io.InputStreamReader.read(InputStreamReader.java:184)
	at java.io.BufferedReader.fill(BufferedReader.java:161)
	at java.io.BufferedReader.readLine(BufferedReader.java:324)
	at java.io.BufferedReader.readLine(BufferedReader.java:389)
	at org.apache.zookeeper.client.FourLetterWordMain.send4LetterWord(FourLetterWordMain.java:129)
	at org.apache.zookeeper.client.FourLetterWordMain.send4LetterWord(FourLetterWordMain.java:74)
	at org.apache.zookeeper.test.ClientBase.waitForServerUp(ClientBase.java:258)
	at org.apache.zookeeper.test.ClientBase.waitForServerUp(ClientBase.java:249)
	at org.apache.zookeeper.server.quorum.QuorumSSLTest.testHostnameVerification(QuorumSSLTest.java:671)
	at org.apache.zookeeper.server.quorum.QuorumSSLTest.testHostnameVerificationWithInvalidIPAddress(QuorumSSLTest.java:583)
	at sun.reflect.NativeMethodAccessorImpl.invoke0(Native Method)
	at sun.reflect.NativeMethodAccessorImpl.invoke(NativeMethodAccessorImpl.java:62)
	at sun.reflect.DelegatingMethodAccessorImpl.invoke(DelegatingMethodAccessorImpl.java:43)
	at java.lang.reflect.Method.invoke(Method.java:483)
	at org.junit.platform.commons.util.ReflectionUtils.invokeMethod(ReflectionUtils.java:686)
	at org.junit.jupiter.engine.execution.MethodInvocation.proceed(MethodInvocation.java:60)
	at org.junit.jupiter.engine.execution.InvocationInterceptorChain$ValidatingInvocation.proceed(InvocationInterceptorChain.java:131)
	at org.junit.jupiter.engine.extension.TimeoutInvocation.proceed(TimeoutInvocation.java:46)
	at org.junit.jupiter.engine.extension.TimeoutExtension.intercept(TimeoutExtension.java:149)
	at org.junit.jupiter.engine.extension.TimeoutExtension.interceptTestableMethod(TimeoutExtension.java:140)
	at org.junit.jupiter.engine.extension.TimeoutExtension.interceptTestMethod(TimeoutExtension.java:84)
	at org.junit.jupiter.engine.descriptor.TestMethodTestDescriptor$$Lambda$111/1780132728.apply(Unknown Source)
	at org.junit.jupiter.engine.execution.ExecutableInvoker$ReflectiveInterceptorCall.lambda$ofVoidMethod$0(ExecutableInvoker.java:115)
	at org.junit.jupiter.engine.execution.ExecutableInvoker$ReflectiveInterceptorCall$$Lambda$112/1725017993.apply(Unknown Source)
	at org.junit.jupiter.engine.execution.ExecutableInvoker.lambda$invoke$0(ExecutableInvoker.java:105)
	at org.junit.jupiter.engine.execution.ExecutableInvoker$$Lambda$234/64133603.apply(Unknown Source)
	at org.junit.jupiter.engine.execution.InvocationInterceptorChain$InterceptedInvocation.proceed(InvocationInterceptorChain.java:106)
	at org.junit.jupiter.engine.execution.InvocationInterceptorChain.proceed(InvocationInterceptorChain.java:64)
	at org.junit.jupiter.engine.execution.InvocationInterceptorChain.chainAndInvoke(InvocationInterceptorChain.java:45)
	at org.junit.jupiter.engine.execution.InvocationInterceptorChain.invoke(InvocationInterceptorChain.java:37)
	at org.junit.jupiter.engine.execution.ExecutableInvoker.invoke(ExecutableInvoker.java:104)
	at org.junit.jupiter.engine.execution.ExecutableInvoker.invoke(ExecutableInvoker.java:98)
	at org.junit.jupiter.engine.descriptor.TestMethodTestDescriptor.lambda$invokeTestMethod$6(TestMethodTestDescriptor.java:212)
	at org.junit.jupiter.engine.descriptor.TestMethodTestDescriptor$$Lambda$271/224100622.execute(Unknown Source)
	at org.junit.platform.engine.support.hierarchical.ThrowableCollector.execute(ThrowableCollector.java:73)
	at org.junit.jupiter.engine.descriptor.TestMethodTestDescriptor.invokeTestMethod(TestMethodTestDescriptor.java:208)
	at org.junit.jupiter.engine.descriptor.TestMethodTestDescriptor.execute(TestMethodTestDescriptor.java:137)
	at org.junit.jupiter.engine.descriptor.TestMethodTestDescriptor.execute(TestMethodTestDescriptor.java:71)
	at org.junit.platform.engine.support.hierarchical.NodeTestTask.lambda$executeRecursively$5(NodeTestTask.java:135)
	at org.junit.platform.engine.support.hierarchical.NodeTestTask$$Lambda$179/195615004.execute(Unknown Source)
	at org.junit.platform.engine.support.hierarchical.ThrowableCollector.execute(ThrowableCollector.java:73)
	at org.junit.platform.engine.support.hierarchical.NodeTestTask.lambda$executeRecursively$7(NodeTestTask.java:125)
	at org.junit.platform.engine.support.hierarchical.NodeTestTask$$Lambda$178/1890627974.invoke(Unknown Source)
	at org.junit.platform.engine.support.hierarchical.Node.around(Node.java:135)
	at org.junit.platform.engine.support.hierarchical.NodeTestTask.lambda$executeRecursively$8(NodeTestTask.java:123)
	at org.junit.platform.engine.support.hierarchical.NodeTestTask$$Lambda$177/231977479.execute(Unknown Source)
	at org.junit.platform.engine.support.hierarchical.ThrowableCollector.execute(ThrowableCollector.java:73)
	at org.junit.platform.engine.support.hierarchical.NodeTestTask.executeRecursively(NodeTestTask.java:122)
	at org.junit.platform.engine.support.hierarchical.NodeTestTask.execute(NodeTestTask.java:80)
	at org.junit.platform.engine.support.hierarchical.SameThreadHierarchicalTestExecutorService$$Lambda$183/1381713434.accept(Unknown Source)
	at java.util.ArrayList.forEach(ArrayList.java:1249)
	at org.junit.platform.engine.support.hierarchical.SameThreadHierarchicalTestExecutorService.invokeAll(SameThreadHierarchicalTestExecutorService.java:38)
	at org.junit.platform.engine.support.hierarchical.NodeTestTask.lambda$executeRecursively$5(NodeTestTask.java:139)
	at org.junit.platform.engine.support.hierarchical.NodeTestTask$$Lambda$179/195615004.execute(Unknown Source)
	at org.junit.platform.engine.support.hierarchical.ThrowableCollector.execute(ThrowableCollector.java:73)
	at org.junit.platform.engine.support.hierarchical.NodeTestTask.lambda$executeRecursively$7(NodeTestTask.java:125)
	at org.junit.platform.engine.support.hierarchical.NodeTestTask$$Lambda$178/1890627974.invoke(Unknown Source)
	at org.junit.platform.engine.support.hierarchical.Node.around(Node.java:135)
	at org.junit.platform.engine.support.hierarchical.NodeTestTask.lambda$executeRecursively$8(NodeTestTask.java:123)
	at org.junit.platform.engine.support.hierarchical.NodeTestTask$$Lambda$177/231977479.execute(Unknown Source)
	at org.junit.platform.engine.support.hierarchical.ThrowableCollector.execute(ThrowableCollector.java:73)
	at org.junit.platform.engine.support.hierarchical.NodeTestTask.executeRecursively(NodeTestTask.java:122)
	at org.junit.platform.engine.support.hierarchical.NodeTestTask.execute(NodeTestTask.java:80)
	at org.junit.platform.engine.support.hierarchical.SameThreadHierarchicalTestExecutorService$$Lambda$183/1381713434.accept(Unknown Source)
	at java.util.ArrayList.forEach(ArrayList.java:1249)
	at org.junit.platform.engine.support.hierarchical.SameThreadHierarchicalTestExecutorService.invokeAll(SameThreadHierarchicalTestExecutorService.java:38)
	at org.junit.platform.engine.support.hierarchical.NodeTestTask.lambda$executeRecursively$5(NodeTestTask.java:139)
	at org.junit.platform.engine.support.hierarchical.NodeTestTask$$Lambda$179/195615004.execute(Unknown Source)
	at org.junit.platform.engine.support.hierarchical.ThrowableCollector.execute(ThrowableCollector.java:73)
	at org.junit.platform.engine.support.hierarchical.NodeTestTask.lambda$executeRecursively$7(NodeTestTask.java:125)
	at org.junit.platform.engine.support.hierarchical.NodeTestTask$$Lambda$178/1890627974.invoke(Unknown Source)
	at org.junit.platform.engine.support.hierarchical.Node.around(Node.java:135)
	at org.junit.platform.engine.support.hierarchical.NodeTestTask.lambda$executeRecursively$8(NodeTestTask.java:123)
	at org.junit.platform.engine.support.hierarchical.NodeTestTask$$Lambda$177/231977479.execute(Unknown Source)
	at org.junit.platform.engine.support.hierarchical.ThrowableCollector.execute(ThrowableCollector.java:73)
	at org.junit.platform.engine.support.hierarchical.NodeTestTask.executeRecursively(NodeTestTask.java:122)
	at org.junit.platform.engine.support.hierarchical.NodeTestTask.execute(NodeTestTask.java:80)
	at org.junit.platform.engine.support.hierarchical.SameThreadHierarchicalTestExecutorService.submit(SameThreadHierarchicalTestExecutorService.java:32)
	at org.junit.platform.engine.support.hierarchical.HierarchicalTestExecutor.execute(HierarchicalTestExecutor.java:57)
	at org.junit.platform.engine.support.hierarchical.HierarchicalTestEngine.execute(HierarchicalTestEngine.java:51)
	at org.junit.platform.launcher.core.DefaultLauncher.execute(DefaultLauncher.java:248)
	at org.junit.platform.launcher.core.DefaultLauncher.lambda$execute$5(DefaultLauncher.java:211)
	at org.junit.platform.launcher.core.DefaultLauncher$$Lambda$143/233996206.accept(Unknown Source)
	at org.junit.platform.launcher.core.DefaultLauncher.withInterceptedStreams(DefaultLauncher.java:226)
	at org.junit.platform.launcher.core.DefaultLauncher.execute(DefaultLauncher.java:199)
	at org.junit.platform.launcher.core.DefaultLauncher.execute(DefaultLauncher.java:132)
	at org.apache.maven.surefire.junitplatform.JUnitPlatformProvider.invokeAllTests(JUnitPlatformProvider.java:142)
	at org.apache.maven.surefire.junitplatform.JUnitPlatformProvider.invoke(JUnitPlatformProvider.java:113)
	at org.apache.maven.surefire.booter.ForkedBooter.invokeProviderInSameClassLoader(ForkedBooter.java:384)
	at org.apache.maven.surefire.booter.ForkedBooter.runSuitesInProcess(ForkedBooter.java:345)
	at org.apache.maven.surefire.booter.ForkedBooter.execute(ForkedBooter.java:126)
	at org.apache.maven.surefire.booter.ForkedBooter.main(ForkedBooter.java:418)
2021-11-08 11:19:57,079 [myid:] - INFO  [main:FourLetterWordMain@94] - connecting to 127.0.0.1 30206
2021-11-08 11:19:57,079 [myid:1] - WARN  [nioEventLoopGroup-97-3:NettyServerCnxnFactory$CnxnChannelHandler@231] - Zookeeper server is not running, close the connection before starting the TLS handshake
2021-11-08 11:19:57,330 [myid:] - INFO  [main:FourLetterWordMain@94] - connecting to 127.0.0.1 30206
2021-11-08 11:19:57,330 [myid:1] - WARN  [nioEventLoopGroup-97-4:NettyServerCnxnFactory$CnxnChannelHandler@231] - Zookeeper server is not running, close the connection before starting the TLS handshake
2021-11-08 11:19:57,583 [myid:] - INFO  [main:FourLetterWordMain@94] - connecting to 127.0.0.1 30206
2021-11-08 11:19:57,583 [myid:1] - WARN  [nioEventLoopGroup-97-5:NettyServerCnxnFactory$CnxnChannelHandler@231] - Zookeeper server is not running, close the connection before starting the TLS handshake
2021-11-08 11:19:57,599 [myid:] - INFO  [main:ClientBase@267] - server 127.0.0.1:30206 not up
java.net.SocketException: Software caused connection abort: recv failed
	at java.net.SocketInputStream.socketRead0(Native Method)
	at java.net.SocketInputStream.read(SocketInputStream.java:150)
	at java.net.SocketInputStream.read(SocketInputStream.java:121)
	at sun.nio.cs.StreamDecoder.readBytes(StreamDecoder.java:284)
	at sun.nio.cs.StreamDecoder.implRead(StreamDecoder.java:326)
	at sun.nio.cs.StreamDecoder.read(StreamDecoder.java:178)
	at java.io.InputStreamReader.read(InputStreamReader.java:184)
	at java.io.BufferedReader.fill(BufferedReader.java:161)
	at java.io.BufferedReader.readLine(BufferedReader.java:324)
	at java.io.BufferedReader.readLine(BufferedReader.java:389)
	at org.apache.zookeeper.client.FourLetterWordMain.send4LetterWord(FourLetterWordMain.java:129)
	at org.apache.zookeeper.client.FourLetterWordMain.send4LetterWord(FourLetterWordMain.java:74)
	at org.apache.zookeeper.test.ClientBase.waitForServerUp(ClientBase.java:258)
	at org.apache.zookeeper.test.ClientBase.waitForServerUp(ClientBase.java:249)
	at org.apache.zookeeper.server.quorum.QuorumSSLTest.testHostnameVerification(QuorumSSLTest.java:671)
	at org.apache.zookeeper.server.quorum.QuorumSSLTest.testHostnameVerificationWithInvalidIPAddress(QuorumSSLTest.java:583)
	at sun.reflect.NativeMethodAccessorImpl.invoke0(Native Method)
	at sun.reflect.NativeMethodAccessorImpl.invoke(NativeMethodAccessorImpl.java:62)
	at sun.reflect.DelegatingMethodAccessorImpl.invoke(DelegatingMethodAccessorImpl.java:43)
	at java.lang.reflect.Method.invoke(Method.java:483)
	at org.junit.platform.commons.util.ReflectionUtils.invokeMethod(ReflectionUtils.java:686)
	at org.junit.jupiter.engine.execution.MethodInvocation.proceed(MethodInvocation.java:60)
	at org.junit.jupiter.engine.execution.InvocationInterceptorChain$ValidatingInvocation.proceed(InvocationInterceptorChain.java:131)
	at org.junit.jupiter.engine.extension.TimeoutInvocation.proceed(TimeoutInvocation.java:46)
	at org.junit.jupiter.engine.extension.TimeoutExtension.intercept(TimeoutExtension.java:149)
	at org.junit.jupiter.engine.extension.TimeoutExtension.interceptTestableMethod(TimeoutExtension.java:140)
	at org.junit.jupiter.engine.extension.TimeoutExtension.interceptTestMethod(TimeoutExtension.java:84)
	at org.junit.jupiter.engine.descriptor.TestMethodTestDescriptor$$Lambda$111/1780132728.apply(Unknown Source)
	at org.junit.jupiter.engine.execution.ExecutableInvoker$ReflectiveInterceptorCall.lambda$ofVoidMethod$0(ExecutableInvoker.java:115)
	at org.junit.jupiter.engine.execution.ExecutableInvoker$ReflectiveInterceptorCall$$Lambda$112/1725017993.apply(Unknown Source)
	at org.junit.jupiter.engine.execution.ExecutableInvoker.lambda$invoke$0(ExecutableInvoker.java:105)
	at org.junit.jupiter.engine.execution.ExecutableInvoker$$Lambda$234/64133603.apply(Unknown Source)
	at org.junit.jupiter.engine.execution.InvocationInterceptorChain$InterceptedInvocation.proceed(InvocationInterceptorChain.java:106)
	at org.junit.jupiter.engine.execution.InvocationInterceptorChain.proceed(InvocationInterceptorChain.java:64)
	at org.junit.jupiter.engine.execution.InvocationInterceptorChain.chainAndInvoke(InvocationInterceptorChain.java:45)
	at org.junit.jupiter.engine.execution.InvocationInterceptorChain.invoke(InvocationInterceptorChain.java:37)
	at org.junit.jupiter.engine.execution.ExecutableInvoker.invoke(ExecutableInvoker.java:104)
	at org.junit.jupiter.engine.execution.ExecutableInvoker.invoke(ExecutableInvoker.java:98)
	at org.junit.jupiter.engine.descriptor.TestMethodTestDescriptor.lambda$invokeTestMethod$6(TestMethodTestDescriptor.java:212)
	at org.junit.jupiter.engine.descriptor.TestMethodTestDescriptor$$Lambda$271/224100622.execute(Unknown Source)
	at org.junit.platform.engine.support.hierarchical.ThrowableCollector.execute(ThrowableCollector.java:73)
	at org.junit.jupiter.engine.descriptor.TestMethodTestDescriptor.invokeTestMethod(TestMethodTestDescriptor.java:208)
	at org.junit.jupiter.engine.descriptor.TestMethodTestDescriptor.execute(TestMethodTestDescriptor.java:137)
	at org.junit.jupiter.engine.descriptor.TestMethodTestDescriptor.execute(TestMethodTestDescriptor.java:71)
	at org.junit.platform.engine.support.hierarchical.NodeTestTask.lambda$executeRecursively$5(NodeTestTask.java:135)
	at org.junit.platform.engine.support.hierarchical.NodeTestTask$$Lambda$179/195615004.execute(Unknown Source)
	at org.junit.platform.engine.support.hierarchical.ThrowableCollector.execute(ThrowableCollector.java:73)
	at org.junit.platform.engine.support.hierarchical.NodeTestTask.lambda$executeRecursively$7(NodeTestTask.java:125)
	at org.junit.platform.engine.support.hierarchical.NodeTestTask$$Lambda$178/1890627974.invoke(Unknown Source)
	at org.junit.platform.engine.support.hierarchical.Node.around(Node.java:135)
	at org.junit.platform.engine.support.hierarchical.NodeTestTask.lambda$executeRecursively$8(NodeTestTask.java:123)
	at org.junit.platform.engine.support.hierarchical.NodeTestTask$$Lambda$177/231977479.execute(Unknown Source)
	at org.junit.platform.engine.support.hierarchical.ThrowableCollector.execute(ThrowableCollector.java:73)
	at org.junit.platform.engine.support.hierarchical.NodeTestTask.executeRecursively(NodeTestTask.java:122)
	at org.junit.platform.engine.support.hierarchical.NodeTestTask.execute(NodeTestTask.java:80)
	at org.junit.platform.engine.support.hierarchical.SameThreadHierarchicalTestExecutorService$$Lambda$183/1381713434.accept(Unknown Source)
	at java.util.ArrayList.forEach(ArrayList.java:1249)
	at org.junit.platform.engine.support.hierarchical.SameThreadHierarchicalTestExecutorService.invokeAll(SameThreadHierarchicalTestExecutorService.java:38)
	at org.junit.platform.engine.support.hierarchical.NodeTestTask.lambda$executeRecursively$5(NodeTestTask.java:139)
	at org.junit.platform.engine.support.hierarchical.NodeTestTask$$Lambda$179/195615004.execute(Unknown Source)
	at org.junit.platform.engine.support.hierarchical.ThrowableCollector.execute(ThrowableCollector.java:73)
	at org.junit.platform.engine.support.hierarchical.NodeTestTask.lambda$executeRecursively$7(NodeTestTask.java:125)
	at org.junit.platform.engine.support.hierarchical.NodeTestTask$$Lambda$178/1890627974.invoke(Unknown Source)
	at org.junit.platform.engine.support.hierarchical.Node.around(Node.java:135)
	at org.junit.platform.engine.support.hierarchical.NodeTestTask.lambda$executeRecursively$8(NodeTestTask.java:123)
	at org.junit.platform.engine.support.hierarchical.NodeTestTask$$Lambda$177/231977479.execute(Unknown Source)
	at org.junit.platform.engine.support.hierarchical.ThrowableCollector.execute(ThrowableCollector.java:73)
	at org.junit.platform.engine.support.hierarchical.NodeTestTask.executeRecursively(NodeTestTask.java:122)
	at org.junit.platform.engine.support.hierarchical.NodeTestTask.execute(NodeTestTask.java:80)
	at org.junit.platform.engine.support.hierarchical.SameThreadHierarchicalTestExecutorService$$Lambda$183/1381713434.accept(Unknown Source)
	at java.util.ArrayList.forEach(ArrayList.java:1249)
	at org.junit.platform.engine.support.hierarchical.SameThreadHierarchicalTestExecutorService.invokeAll(SameThreadHierarchicalTestExecutorService.java:38)
	at org.junit.platform.engine.support.hierarchical.NodeTestTask.lambda$executeRecursively$5(NodeTestTask.java:139)
	at org.junit.platform.engine.support.hierarchical.NodeTestTask$$Lambda$179/195615004.execute(Unknown Source)
	at org.junit.platform.engine.support.hierarchical.ThrowableCollector.execute(ThrowableCollector.java:73)
	at org.junit.platform.engine.support.hierarchical.NodeTestTask.lambda$executeRecursively$7(NodeTestTask.java:125)
	at org.junit.platform.engine.support.hierarchical.NodeTestTask$$Lambda$178/1890627974.invoke(Unknown Source)
	at org.junit.platform.engine.support.hierarchical.Node.around(Node.java:135)
	at org.junit.platform.engine.support.hierarchical.NodeTestTask.lambda$executeRecursively$8(NodeTestTask.java:123)
	at org.junit.platform.engine.support.hierarchical.NodeTestTask$$Lambda$177/231977479.execute(Unknown Source)
	at org.junit.platform.engine.support.hierarchical.ThrowableCollector.execute(ThrowableCollector.java:73)
	at org.junit.platform.engine.support.hierarchical.NodeTestTask.executeRecursively(NodeTestTask.java:122)
	at org.junit.platform.engine.support.hierarchical.NodeTestTask.execute(NodeTestTask.java:80)
	at org.junit.platform.engine.support.hierarchical.SameThreadHierarchicalTestExecutorService.submit(SameThreadHierarchicalTestExecutorService.java:32)
	at org.junit.platform.engine.support.hierarchical.HierarchicalTestExecutor.execute(HierarchicalTestExecutor.java:57)
	at org.junit.platform.engine.support.hierarchical.HierarchicalTestEngine.execute(HierarchicalTestEngine.java:51)
	at org.junit.platform.launcher.core.DefaultLauncher.execute(DefaultLauncher.java:248)
	at org.junit.platform.launcher.core.DefaultLauncher.lambda$execute$5(DefaultLauncher.java:211)
	at org.junit.platform.launcher.core.DefaultLauncher$$Lambda$143/233996206.accept(Unknown Source)
	at org.junit.platform.launcher.core.DefaultLauncher.withInterceptedStreams(DefaultLauncher.java:226)
	at org.junit.platform.launcher.core.DefaultLauncher.execute(DefaultLauncher.java:199)
	at org.junit.platform.launcher.core.DefaultLauncher.execute(DefaultLauncher.java:132)
	at org.apache.maven.surefire.junitplatform.JUnitPlatformProvider.invokeAllTests(JUnitPlatformProvider.java:142)
	at org.apache.maven.surefire.junitplatform.JUnitPlatformProvider.invoke(JUnitPlatformProvider.java:113)
	at org.apache.maven.surefire.booter.ForkedBooter.invokeProviderInSameClassLoader(ForkedBooter.java:384)
	at org.apache.maven.surefire.booter.ForkedBooter.runSuitesInProcess(ForkedBooter.java:345)
	at org.apache.maven.surefire.booter.ForkedBooter.execute(ForkedBooter.java:126)
	at org.apache.maven.surefire.booter.ForkedBooter.main(ForkedBooter.java:418)
2021-11-08 11:19:57,852 [myid:] - INFO  [main:FourLetterWordMain@94] - connecting to 127.0.0.1 30206
2021-11-08 11:19:57,854 [myid:1] - WARN  [nioEventLoopGroup-97-6:NettyServerCnxnFactory$CnxnChannelHandler@231] - Zookeeper server is not running, close the connection before starting the TLS handshake
2021-11-08 11:19:58,116 [myid:] - INFO  [main:FourLetterWordMain@94] - connecting to 127.0.0.1 30206
2021-11-08 11:19:58,116 [myid:1] - WARN  [nioEventLoopGroup-97-7:NettyServerCnxnFactory$CnxnChannelHandler@231] - Zookeeper server is not running, close the connection before starting the TLS handshake
2021-11-08 11:19:58,380 [myid:] - INFO  [main:FourLetterWordMain@94] - connecting to 127.0.0.1 30206
2021-11-08 11:19:58,380 [myid:1] - WARN  [nioEventLoopGroup-97-8:NettyServerCnxnFactory$CnxnChannelHandler@231] - Zookeeper server is not running, close the connection before starting the TLS handshake
2021-11-08 11:19:58,634 [myid:] - INFO  [main:FourLetterWordMain@94] - connecting to 127.0.0.1 30206
2021-11-08 11:19:58,636 [myid:1] - WARN  [nioEventLoopGroup-97-9:NettyServerCnxnFactory$CnxnChannelHandler@231] - Zookeeper server is not running, close the connection before starting the TLS handshake
2021-11-08 11:19:58,901 [myid:] - INFO  [main:FourLetterWordMain@94] - connecting to 127.0.0.1 30206
2021-11-08 11:19:58,901 [myid:1] - WARN  [nioEventLoopGroup-97-10:NettyServerCnxnFactory$CnxnChannelHandler@231] - Zookeeper server is not running, close the connection before starting the TLS handshake
2021-11-08 11:19:59,151 [myid:] - INFO  [main:FourLetterWordMain@94] - connecting to 127.0.0.1 30206
2021-11-08 11:19:59,151 [myid:1] - WARN  [nioEventLoopGroup-97-11:NettyServerCnxnFactory$CnxnChannelHandler@231] - Zookeeper server is not running, close the connection before starting the TLS handshake
2021-11-08 11:19:59,415 [myid:] - INFO  [main:FourLetterWordMain@94] - connecting to 127.0.0.1 30206
2021-11-08 11:19:59,415 [myid:1] - WARN  [nioEventLoopGroup-97-12:NettyServerCnxnFactory$CnxnChannelHandler@231] - Zookeeper server is not running, close the connection before starting the TLS handshake
2021-11-08 11:19:59,665 [myid:] - INFO  [main:FourLetterWordMain@94] - connecting to 127.0.0.1 30206
2021-11-08 11:19:59,667 [myid:1] - WARN  [nioEventLoopGroup-97-1:NettyServerCnxnFactory$CnxnChannelHandler@231] - Zookeeper server is not running, close the connection before starting the TLS handshake
2021-11-08 11:19:59,933 [myid:] - INFO  [main:FourLetterWordMain@94] - connecting to 127.0.0.1 30206
2021-11-08 11:19:59,933 [myid:1] - WARN  [nioEventLoopGroup-97-2:NettyServerCnxnFactory$CnxnChannelHandler@231] - Zookeeper server is not running, close the connection before starting the TLS handshake
2021-11-08 11:19:59,981 [myid:1] - INFO  [QuorumPeer[myid=1](plain=[0:0:0:0:0:0:0:0]:30206)(secure=disabled):FastLeaderElection@984] - Notification time out: 25600
2021-11-08 11:19:59,982 [myid:2] - INFO  [QuorumPeer[myid=2](plain=[0:0:0:0:0:0:0:0]:30207)(secure=disabled):FastLeaderElection@984] - Notification time out: 25600
2021-11-08 11:20:00,184 [myid:] - INFO  [main:FourLetterWordMain@94] - connecting to 127.0.0.1 30206
2021-11-08 11:20:00,184 [myid:1] - WARN  [nioEventLoopGroup-97-3:NettyServerCnxnFactory$CnxnChannelHandler@231] - Zookeeper server is not running, close the connection before starting the TLS handshake
2021-11-08 11:20:00,436 [myid:] - INFO  [main:FourLetterWordMain@94] - connecting to 127.0.0.1 30206
2021-11-08 11:20:00,436 [myid:1] - WARN  [nioEventLoopGroup-97-4:NettyServerCnxnFactory$CnxnChannelHandler@231] - Zookeeper server is not running, close the connection before starting the TLS handshake
2021-11-08 11:20:00,688 [myid:] - INFO  [main:FourLetterWordMain@94] - connecting to 127.0.0.1 30206
2021-11-08 11:20:00,689 [myid:1] - WARN  [nioEventLoopGroup-97-5:NettyServerCnxnFactory$CnxnChannelHandler@231] - Zookeeper server is not running, close the connection before starting the TLS handshake
2021-11-08 11:20:00,953 [myid:] - INFO  [main:FourLetterWordMain@94] - connecting to 127.0.0.1 30206
2021-11-08 11:20:00,954 [myid:1] - WARN  [nioEventLoopGroup-97-6:NettyServerCnxnFactory$CnxnChannelHandler@231] - Zookeeper server is not running, close the connection before starting the TLS handshake
2021-11-08 11:20:01,218 [myid:] - INFO  [main:FourLetterWordMain@94] - connecting to 127.0.0.1 30206
2021-11-08 11:20:01,218 [myid:1] - WARN  [nioEventLoopGroup-97-7:NettyServerCnxnFactory$CnxnChannelHandler@231] - Zookeeper server is not running, close the connection before starting the TLS handshake
2021-11-08 11:20:01,468 [myid:] - INFO  [main:FourLetterWordMain@94] - connecting to 127.0.0.1 30206
2021-11-08 11:20:01,468 [myid:1] - WARN  [nioEventLoopGroup-97-8:NettyServerCnxnFactory$CnxnChannelHandler@231] - Zookeeper server is not running, close the connection before starting the TLS handshake
2021-11-08 11:20:01,733 [myid:] - INFO  [main:FourLetterWordMain@94] - connecting to 127.0.0.1 30206
2021-11-08 11:20:01,733 [myid:1] - WARN  [nioEventLoopGroup-97-9:NettyServerCnxnFactory$CnxnChannelHandler@231] - Zookeeper server is not running, close the connection before starting the TLS handshake
2021-11-08 11:20:01,983 [myid:] - INFO  [main:FourLetterWordMain@94] - connecting to 127.0.0.1 30206
2021-11-08 11:20:01,983 [myid:1] - WARN  [nioEventLoopGroup-97-10:NettyServerCnxnFactory$CnxnChannelHandler@231] - Zookeeper server is not running, close the connection before starting the TLS handshake
2021-11-08 11:20:02,248 [myid:] - INFO  [main:FourLetterWordMain@94] - connecting to 127.0.0.1 30206
2021-11-08 11:20:02,248 [myid:1] - WARN  [nioEventLoopGroup-97-11:NettyServerCnxnFactory$CnxnChannelHandler@231] - Zookeeper server is not running, close the connection before starting the TLS handshake
2021-11-08 11:20:02,512 [myid:] - INFO  [main:FourLetterWordMain@94] - connecting to 127.0.0.1 30206
2021-11-08 11:20:02,514 [myid:1] - WARN  [nioEventLoopGroup-97-12:NettyServerCnxnFactory$CnxnChannelHandler@231] - Zookeeper server is not running, close the connection before starting the TLS handshake
2021-11-08 11:20:02,777 [myid:] - INFO  [main:FourLetterWordMain@94] - connecting to 127.0.0.1 30206
2021-11-08 11:20:02,777 [myid:1] - WARN  [nioEventLoopGroup-97-1:NettyServerCnxnFactory$CnxnChannelHandler@231] - Zookeeper server is not running, close the connection before starting the TLS handshake
2021-11-08 11:20:03,028 [myid:] - INFO  [main:FourLetterWordMain@94] - connecting to 127.0.0.1 30206
2021-11-08 11:20:03,029 [myid:1] - WARN  [nioEventLoopGroup-97-2:NettyServerCnxnFactory$CnxnChannelHandler@231] - Zookeeper server is not running, close the connection before starting the TLS handshake
2021-11-08 11:20:03,043 [myid:] - INFO  [main:ClientBase@267] - server 127.0.0.1:30206 not up
java.net.SocketException: Software caused connection abort: recv failed
	at java.net.SocketInputStream.socketRead0(Native Method)
	at java.net.SocketInputStream.read(SocketInputStream.java:150)
	at java.net.SocketInputStream.read(SocketInputStream.java:121)
	at sun.nio.cs.StreamDecoder.readBytes(StreamDecoder.java:284)
	at sun.nio.cs.StreamDecoder.implRead(StreamDecoder.java:326)
	at sun.nio.cs.StreamDecoder.read(StreamDecoder.java:178)
	at java.io.InputStreamReader.read(InputStreamReader.java:184)
	at java.io.BufferedReader.fill(BufferedReader.java:161)
	at java.io.BufferedReader.readLine(BufferedReader.java:324)
	at java.io.BufferedReader.readLine(BufferedReader.java:389)
	at org.apache.zookeeper.client.FourLetterWordMain.send4LetterWord(FourLetterWordMain.java:129)
	at org.apache.zookeeper.client.FourLetterWordMain.send4LetterWord(FourLetterWordMain.java:74)
	at org.apache.zookeeper.test.ClientBase.waitForServerUp(ClientBase.java:258)
	at org.apache.zookeeper.test.ClientBase.waitForServerUp(ClientBase.java:249)
	at org.apache.zookeeper.server.quorum.QuorumSSLTest.testHostnameVerification(QuorumSSLTest.java:671)
	at org.apache.zookeeper.server.quorum.QuorumSSLTest.testHostnameVerificationWithInvalidIPAddress(QuorumSSLTest.java:583)
	at sun.reflect.NativeMethodAccessorImpl.invoke0(Native Method)
	at sun.reflect.NativeMethodAccessorImpl.invoke(NativeMethodAccessorImpl.java:62)
	at sun.reflect.DelegatingMethodAccessorImpl.invoke(DelegatingMethodAccessorImpl.java:43)
	at java.lang.reflect.Method.invoke(Method.java:483)
	at org.junit.platform.commons.util.ReflectionUtils.invokeMethod(ReflectionUtils.java:686)
	at org.junit.jupiter.engine.execution.MethodInvocation.proceed(MethodInvocation.java:60)
	at org.junit.jupiter.engine.execution.InvocationInterceptorChain$ValidatingInvocation.proceed(InvocationInterceptorChain.java:131)
	at org.junit.jupiter.engine.extension.TimeoutInvocation.proceed(TimeoutInvocation.java:46)
	at org.junit.jupiter.engine.extension.TimeoutExtension.intercept(TimeoutExtension.java:149)
	at org.junit.jupiter.engine.extension.TimeoutExtension.interceptTestableMethod(TimeoutExtension.java:140)
	at org.junit.jupiter.engine.extension.TimeoutExtension.interceptTestMethod(TimeoutExtension.java:84)
	at org.junit.jupiter.engine.descriptor.TestMethodTestDescriptor$$Lambda$111/1780132728.apply(Unknown Source)
	at org.junit.jupiter.engine.execution.ExecutableInvoker$ReflectiveInterceptorCall.lambda$ofVoidMethod$0(ExecutableInvoker.java:115)
	at org.junit.jupiter.engine.execution.ExecutableInvoker$ReflectiveInterceptorCall$$Lambda$112/1725017993.apply(Unknown Source)
	at org.junit.jupiter.engine.execution.ExecutableInvoker.lambda$invoke$0(ExecutableInvoker.java:105)
	at org.junit.jupiter.engine.execution.ExecutableInvoker$$Lambda$234/64133603.apply(Unknown Source)
	at org.junit.jupiter.engine.execution.InvocationInterceptorChain$InterceptedInvocation.proceed(InvocationInterceptorChain.java:106)
	at org.junit.jupiter.engine.execution.InvocationInterceptorChain.proceed(InvocationInterceptorChain.java:64)
	at org.junit.jupiter.engine.execution.InvocationInterceptorChain.chainAndInvoke(InvocationInterceptorChain.java:45)
	at org.junit.jupiter.engine.execution.InvocationInterceptorChain.invoke(InvocationInterceptorChain.java:37)
	at org.junit.jupiter.engine.execution.ExecutableInvoker.invoke(ExecutableInvoker.java:104)
	at org.junit.jupiter.engine.execution.ExecutableInvoker.invoke(ExecutableInvoker.java:98)
	at org.junit.jupiter.engine.descriptor.TestMethodTestDescriptor.lambda$invokeTestMethod$6(TestMethodTestDescriptor.java:212)
	at org.junit.jupiter.engine.descriptor.TestMethodTestDescriptor$$Lambda$271/224100622.execute(Unknown Source)
	at org.junit.platform.engine.support.hierarchical.ThrowableCollector.execute(ThrowableCollector.java:73)
	at org.junit.jupiter.engine.descriptor.TestMethodTestDescriptor.invokeTestMethod(TestMethodTestDescriptor.java:208)
	at org.junit.jupiter.engine.descriptor.TestMethodTestDescriptor.execute(TestMethodTestDescriptor.java:137)
	at org.junit.jupiter.engine.descriptor.TestMethodTestDescriptor.execute(TestMethodTestDescriptor.java:71)
	at org.junit.platform.engine.support.hierarchical.NodeTestTask.lambda$executeRecursively$5(NodeTestTask.java:135)
	at org.junit.platform.engine.support.hierarchical.NodeTestTask$$Lambda$179/195615004.execute(Unknown Source)
	at org.junit.platform.engine.support.hierarchical.ThrowableCollector.execute(ThrowableCollector.java:73)
	at org.junit.platform.engine.support.hierarchical.NodeTestTask.lambda$executeRecursively$7(NodeTestTask.java:125)
	at org.junit.platform.engine.support.hierarchical.NodeTestTask$$Lambda$178/1890627974.invoke(Unknown Source)
	at org.junit.platform.engine.support.hierarchical.Node.around(Node.java:135)
	at org.junit.platform.engine.support.hierarchical.NodeTestTask.lambda$executeRecursively$8(NodeTestTask.java:123)
	at org.junit.platform.engine.support.hierarchical.NodeTestTask$$Lambda$177/231977479.execute(Unknown Source)
	at org.junit.platform.engine.support.hierarchical.ThrowableCollector.execute(ThrowableCollector.java:73)
	at org.junit.platform.engine.support.hierarchical.NodeTestTask.executeRecursively(NodeTestTask.java:122)
	at org.junit.platform.engine.support.hierarchical.NodeTestTask.execute(NodeTestTask.java:80)
	at org.junit.platform.engine.support.hierarchical.SameThreadHierarchicalTestExecutorService$$Lambda$183/1381713434.accept(Unknown Source)
	at java.util.ArrayList.forEach(ArrayList.java:1249)
	at org.junit.platform.engine.support.hierarchical.SameThreadHierarchicalTestExecutorService.invokeAll(SameThreadHierarchicalTestExecutorService.java:38)
	at org.junit.platform.engine.support.hierarchical.NodeTestTask.lambda$executeRecursively$5(NodeTestTask.java:139)
	at org.junit.platform.engine.support.hierarchical.NodeTestTask$$Lambda$179/195615004.execute(Unknown Source)
	at org.junit.platform.engine.support.hierarchical.ThrowableCollector.execute(ThrowableCollector.java:73)
	at org.junit.platform.engine.support.hierarchical.NodeTestTask.lambda$executeRecursively$7(NodeTestTask.java:125)
	at org.junit.platform.engine.support.hierarchical.NodeTestTask$$Lambda$178/1890627974.invoke(Unknown Source)
	at org.junit.platform.engine.support.hierarchical.Node.around(Node.java:135)
	at org.junit.platform.engine.support.hierarchical.NodeTestTask.lambda$executeRecursively$8(NodeTestTask.java:123)
	at org.junit.platform.engine.support.hierarchical.NodeTestTask$$Lambda$177/231977479.execute(Unknown Source)
	at org.junit.platform.engine.support.hierarchical.ThrowableCollector.execute(ThrowableCollector.java:73)
	at org.junit.platform.engine.support.hierarchical.NodeTestTask.executeRecursively(NodeTestTask.java:122)
	at org.junit.platform.engine.support.hierarchical.NodeTestTask.execute(NodeTestTask.java:80)
	at org.junit.platform.engine.support.hierarchical.SameThreadHierarchicalTestExecutorService$$Lambda$183/1381713434.accept(Unknown Source)
	at java.util.ArrayList.forEach(ArrayList.java:1249)
	at org.junit.platform.engine.support.hierarchical.SameThreadHierarchicalTestExecutorService.invokeAll(SameThreadHierarchicalTestExecutorService.java:38)
	at org.junit.platform.engine.support.hierarchical.NodeTestTask.lambda$executeRecursively$5(NodeTestTask.java:139)
	at org.junit.platform.engine.support.hierarchical.NodeTestTask$$Lambda$179/195615004.execute(Unknown Source)
	at org.junit.platform.engine.support.hierarchical.ThrowableCollector.execute(ThrowableCollector.java:73)
	at org.junit.platform.engine.support.hierarchical.NodeTestTask.lambda$executeRecursively$7(NodeTestTask.java:125)
	at org.junit.platform.engine.support.hierarchical.NodeTestTask$$Lambda$178/1890627974.invoke(Unknown Source)
	at org.junit.platform.engine.support.hierarchical.Node.around(Node.java:135)
	at org.junit.platform.engine.support.hierarchical.NodeTestTask.lambda$executeRecursively$8(NodeTestTask.java:123)
	at org.junit.platform.engine.support.hierarchical.NodeTestTask$$Lambda$177/231977479.execute(Unknown Source)
	at org.junit.platform.engine.support.hierarchical.ThrowableCollector.execute(ThrowableCollector.java:73)
	at org.junit.platform.engine.support.hierarchical.NodeTestTask.executeRecursively(NodeTestTask.java:122)
	at org.junit.platform.engine.support.hierarchical.NodeTestTask.execute(NodeTestTask.java:80)
	at org.junit.platform.engine.support.hierarchical.SameThreadHierarchicalTestExecutorService.submit(SameThreadHierarchicalTestExecutorService.java:32)
	at org.junit.platform.engine.support.hierarchical.HierarchicalTestExecutor.execute(HierarchicalTestExecutor.java:57)
	at org.junit.platform.engine.support.hierarchical.HierarchicalTestEngine.execute(HierarchicalTestEngine.java:51)
	at org.junit.platform.launcher.core.DefaultLauncher.execute(DefaultLauncher.java:248)
	at org.junit.platform.launcher.core.DefaultLauncher.lambda$execute$5(DefaultLauncher.java:211)
	at org.junit.platform.launcher.core.DefaultLauncher$$Lambda$143/233996206.accept(Unknown Source)
	at org.junit.platform.launcher.core.DefaultLauncher.withInterceptedStreams(DefaultLauncher.java:226)
	at org.junit.platform.launcher.core.DefaultLauncher.execute(DefaultLauncher.java:199)
	at org.junit.platform.launcher.core.DefaultLauncher.execute(DefaultLauncher.java:132)
	at org.apache.maven.surefire.junitplatform.JUnitPlatformProvider.invokeAllTests(JUnitPlatformProvider.java:142)
	at org.apache.maven.surefire.junitplatform.JUnitPlatformProvider.invoke(JUnitPlatformProvider.java:113)
	at org.apache.maven.surefire.booter.ForkedBooter.invokeProviderInSameClassLoader(ForkedBooter.java:384)
	at org.apache.maven.surefire.booter.ForkedBooter.runSuitesInProcess(ForkedBooter.java:345)
	at org.apache.maven.surefire.booter.ForkedBooter.execute(ForkedBooter.java:126)
	at org.apache.maven.surefire.booter.ForkedBooter.main(ForkedBooter.java:418)
2021-11-08 11:20:03,296 [myid:] - INFO  [main:FourLetterWordMain@94] - connecting to 127.0.0.1 30206
2021-11-08 11:20:03,298 [myid:1] - WARN  [nioEventLoopGroup-97-3:NettyServerCnxnFactory$CnxnChannelHandler@231] - Zookeeper server is not running, close the connection before starting the TLS handshake
2021-11-08 11:20:03,562 [myid:] - INFO  [main:FourLetterWordMain@94] - connecting to 127.0.0.1 30206
2021-11-08 11:20:03,563 [myid:1] - WARN  [nioEventLoopGroup-97-4:NettyServerCnxnFactory$CnxnChannelHandler@231] - Zookeeper server is not running, close the connection before starting the TLS handshake
2021-11-08 11:20:03,829 [myid:] - INFO  [main:FourLetterWordMain@94] - connecting to 127.0.0.1 30206
2021-11-08 11:20:03,831 [myid:1] - WARN  [nioEventLoopGroup-97-5:NettyServerCnxnFactory$CnxnChannelHandler@231] - Zookeeper server is not running, close the connection before starting the TLS handshake
2021-11-08 11:20:04,091 [myid:] - INFO  [main:FourLetterWordMain@94] - connecting to 127.0.0.1 30206
2021-11-08 11:20:04,091 [myid:1] - WARN  [nioEventLoopGroup-97-6:NettyServerCnxnFactory$CnxnChannelHandler@231] - Zookeeper server is not running, close the connection before starting the TLS handshake
2021-11-08 11:20:04,092 [myid:] - INFO  [main:QuorumBase@422] - Shutting down quorum peer QuorumPeer[myid=1](plain=[0:0:0:0:0:0:0:0]:30206)(secure=disabled)
2021-11-08 11:20:04,092 [myid:] - INFO  [main:NettyServerCnxnFactory@647] - shutdown called /0:0:0:0:0:0:0:0:30206
2021-11-08 11:20:04,094 [myid:1] - INFO  [QuorumPeerListener:QuorumCnxManager$Listener@980] - Leaving listener
2021-11-08 11:20:04,094 [myid:] - INFO  [main:QuorumBase@426] - Shutting down leader election QuorumPeer[myid=1](plain=[0:0:0:0:0:0:0:0]:30206)(secure=disabled)
2021-11-08 11:20:04,095 [myid:] - INFO  [main:QuorumBase@431] - Waiting for QuorumPeer[myid=1](plain=[0:0:0:0:0:0:0:0]:30206)(secure=disabled) to exit thread
2021-11-08 11:20:04,096 [myid:1] - WARN  [QuorumPeer[myid=1](plain=[0:0:0:0:0:0:0:0]:30206)(secure=disabled):QuorumPeer@1486] - Unexpected exception
java.lang.InterruptedException
	at java.util.concurrent.locks.AbstractQueuedSynchronizer$ConditionObject.reportInterruptAfterWait(AbstractQueuedSynchronizer.java:2014)
	at java.util.concurrent.locks.AbstractQueuedSynchronizer$ConditionObject.awaitNanos(AbstractQueuedSynchronizer.java:2088)
	at java.util.concurrent.LinkedBlockingQueue.poll(LinkedBlockingQueue.java:467)
	at org.apache.zookeeper.server.quorum.FastLeaderElection.lookForLeader(FastLeaderElection.java:966)
	at org.apache.zookeeper.server.quorum.QuorumPeer.run(QuorumPeer.java:1484)
2021-11-08 11:20:04,096 [myid:1] - INFO  [QuorumPeer[myid=1](plain=[0:0:0:0:0:0:0:0]:30206)(secure=disabled):QuorumPeer@915] - Peer state changed: looking
2021-11-08 11:20:04,096 [myid:1] - WARN  [QuorumPeer[myid=1](plain=[0:0:0:0:0:0:0:0]:30206)(secure=disabled):QuorumPeer@1545] - QuorumPeer main thread exited
2021-11-08 11:20:04,097 [myid:] - INFO  [main:QuorumBase@422] - Shutting down quorum peer QuorumPeer[myid=2](plain=[0:0:0:0:0:0:0:0]:30207)(secure=disabled)
2021-11-08 11:20:04,097 [myid:] - INFO  [main:NettyServerCnxnFactory@647] - shutdown called /0:0:0:0:0:0:0:0:30207
2021-11-08 11:20:04,098 [myid:2] - INFO  [QuorumPeerListener:QuorumCnxManager$Listener@980] - Leaving listener
2021-11-08 11:20:04,099 [myid:2] - WARN  [QuorumPeer[myid=2](plain=[0:0:0:0:0:0:0:0]:30207)(secure=disabled):QuorumPeer@1486] - Unexpected exception
java.lang.InterruptedException
	at java.util.concurrent.locks.AbstractQueuedSynchronizer$ConditionObject.reportInterruptAfterWait(AbstractQueuedSynchronizer.java:2014)
	at java.util.concurrent.locks.AbstractQueuedSynchronizer$ConditionObject.awaitNanos(AbstractQueuedSynchronizer.java:2088)
	at java.util.concurrent.LinkedBlockingQueue.poll(LinkedBlockingQueue.java:467)
	at org.apache.zookeeper.server.quorum.FastLeaderElection.lookForLeader(FastLeaderElection.java:966)
	at org.apache.zookeeper.server.quorum.QuorumPeer.run(QuorumPeer.java:1484)
2021-11-08 11:20:04,100 [myid:] - INFO  [main:QuorumBase@426] - Shutting down leader election QuorumPeer[myid=2](plain=[0:0:0:0:0:0:0:0]:30207)(secure=disabled)
2021-11-08 11:20:04,100 [myid:] - INFO  [main:QuorumBase@431] - Waiting for QuorumPeer[myid=2](plain=[0:0:0:0:0:0:0:0]:30207)(secure=disabled) to exit thread
2021-11-08 11:20:04,100 [myid:2] - INFO  [QuorumPeer[myid=2](plain=[0:0:0:0:0:0:0:0]:30207)(secure=disabled):QuorumPeer@915] - Peer state changed: looking
2021-11-08 11:20:04,100 [myid:2] - WARN  [QuorumPeer[myid=2](plain=[0:0:0:0:0:0:0:0]:30207)(secure=disabled):QuorumPeer@1545] - QuorumPeer main thread exited
2021-11-08 11:20:04,101 [myid:] - INFO  [main:QuorumPeerTestBase@64] - No servers to shutdown!
2021-11-08 11:20:04,101 [myid:] - INFO  [main:ZKTestCase@82] - FINISHED Optional[public void org.apache.zookeeper.server.quorum.QuorumSSLTest.testHostnameVerificationWithInvalidIPAddress() throws java.lang.Exception]
]]></system-out>
    <system-err><![CDATA[Exception in thread "QuorumConnectionThread-[myid=2]-1" java.lang.IllegalArgumentException: Cannot support TLS_ECDHE_ECDSA_WITH_AES_256_CBC_SHA384 with currently installed providers
	at sun.security.ssl.CipherSuiteList.<init>(CipherSuiteList.java:92)
	at sun.security.ssl.SSLSocketImpl.setEnabledCipherSuites(SSLSocketImpl.java:2419)
	at javax.net.ssl.SSLSocket.setSSLParameters(SSLSocket.java:650)
	at sun.security.ssl.SSLSocketImpl.setSSLParameters(SSLSocketImpl.java:2544)
	at org.apache.zookeeper.common.SSLContextAndOptions.configureSSLSocket(SSLContextAndOptions.java:125)
	at org.apache.zookeeper.common.SSLContextAndOptions.createSSLSocket(SSLContextAndOptions.java:80)
	at org.apache.zookeeper.common.X509Util.createSSLSocket(X509Util.java:517)
	at org.apache.zookeeper.server.quorum.QuorumCnxManager.initiateConnection(QuorumCnxManager.java:379)
	at org.apache.zookeeper.server.quorum.QuorumCnxManager$QuorumConnectionReqThread.run(QuorumCnxManager.java:458)
	at java.util.concurrent.ThreadPoolExecutor.runWorker(ThreadPoolExecutor.java:1142)
	at java.util.concurrent.ThreadPoolExecutor$Worker.run(ThreadPoolExecutor.java:617)
	at java.lang.Thread.run(Thread.java:745)
Exception in thread "QuorumConnectionThread-[myid=2]-2" java.lang.IllegalArgumentException: Cannot support TLS_ECDHE_ECDSA_WITH_AES_256_CBC_SHA384 with currently installed providers
	at sun.security.ssl.CipherSuiteList.<init>(CipherSuiteList.java:92)
	at sun.security.ssl.SSLSocketImpl.setEnabledCipherSuites(SSLSocketImpl.java:2419)
	at javax.net.ssl.SSLSocket.setSSLParameters(SSLSocket.java:650)
	at sun.security.ssl.SSLSocketImpl.setSSLParameters(SSLSocketImpl.java:2544)
	at org.apache.zookeeper.common.SSLContextAndOptions.configureSSLSocket(SSLContextAndOptions.java:125)
	at org.apache.zookeeper.common.SSLContextAndOptions.createSSLSocket(SSLContextAndOptions.java:80)
	at org.apache.zookeeper.common.X509Util.createSSLSocket(X509Util.java:517)
	at org.apache.zookeeper.server.quorum.QuorumCnxManager.initiateConnection(QuorumCnxManager.java:379)
	at org.apache.zookeeper.server.quorum.QuorumCnxManager$QuorumConnectionReqThread.run(QuorumCnxManager.java:458)
	at java.util.concurrent.ThreadPoolExecutor.runWorker(ThreadPoolExecutor.java:1142)
	at java.util.concurrent.ThreadPoolExecutor$Worker.run(ThreadPoolExecutor.java:617)
	at java.lang.Thread.run(Thread.java:745)
Exception in thread "QuorumConnectionThread-[myid=1]-2" java.lang.IllegalArgumentException: Cannot support TLS_ECDHE_ECDSA_WITH_AES_256_CBC_SHA384 with currently installed providers
	at sun.security.ssl.CipherSuiteList.<init>(CipherSuiteList.java:92)
	at sun.security.ssl.SSLSocketImpl.setEnabledCipherSuites(SSLSocketImpl.java:2419)
	at javax.net.ssl.SSLSocket.setSSLParameters(SSLSocket.java:650)
	at sun.security.ssl.SSLSocketImpl.setSSLParameters(SSLSocketImpl.java:2544)
	at org.apache.zookeeper.common.SSLContextAndOptions.configureSSLSocket(SSLContextAndOptions.java:125)
	at org.apache.zookeeper.common.SSLContextAndOptions.createSSLSocket(SSLContextAndOptions.java:80)
	at org.apache.zookeeper.common.X509Util.createSSLSocket(X509Util.java:517)
	at org.apache.zookeeper.server.quorum.QuorumCnxManager.initiateConnection(QuorumCnxManager.java:379)
	at org.apache.zookeeper.server.quorum.QuorumCnxManager$QuorumConnectionReqThread.run(QuorumCnxManager.java:458)
	at java.util.concurrent.ThreadPoolExecutor.runWorker(ThreadPoolExecutor.java:1142)
	at java.util.concurrent.ThreadPoolExecutor$Worker.run(ThreadPoolExecutor.java:617)
	at java.lang.Thread.run(Thread.java:745)
Exception in thread "QuorumConnectionThread-[myid=1]-1" java.lang.IllegalArgumentException: Cannot support TLS_ECDHE_ECDSA_WITH_AES_256_CBC_SHA384 with currently installed providers
	at sun.security.ssl.CipherSuiteList.<init>(CipherSuiteList.java:92)
	at sun.security.ssl.SSLSocketImpl.setEnabledCipherSuites(SSLSocketImpl.java:2419)
	at javax.net.ssl.SSLSocket.setSSLParameters(SSLSocket.java:650)
	at sun.security.ssl.SSLSocketImpl.setSSLParameters(SSLSocketImpl.java:2544)
	at org.apache.zookeeper.common.SSLContextAndOptions.configureSSLSocket(SSLContextAndOptions.java:125)
	at org.apache.zookeeper.common.SSLContextAndOptions.createSSLSocket(SSLContextAndOptions.java:80)
	at org.apache.zookeeper.common.X509Util.createSSLSocket(X509Util.java:517)
	at org.apache.zookeeper.server.quorum.QuorumCnxManager.initiateConnection(QuorumCnxManager.java:379)
	at org.apache.zookeeper.server.quorum.QuorumCnxManager$QuorumConnectionReqThread.run(QuorumCnxManager.java:458)
	at java.util.concurrent.ThreadPoolExecutor.runWorker(ThreadPoolExecutor.java:1142)
	at java.util.concurrent.ThreadPoolExecutor$Worker.run(ThreadPoolExecutor.java:617)
	at java.lang.Thread.run(Thread.java:745)
Exception in thread "QuorumConnectionThread-[myid=1]-4" java.lang.IllegalArgumentException: Cannot support TLS_ECDHE_ECDSA_WITH_AES_256_CBC_SHA384 with currently installed providers
	at sun.security.ssl.CipherSuiteList.<init>(CipherSuiteList.java:92)
	at sun.security.ssl.SSLSocketImpl.setEnabledCipherSuites(SSLSocketImpl.java:2419)
	at javax.net.ssl.SSLSocket.setSSLParameters(SSLSocket.java:650)
	at sun.security.ssl.SSLSocketImpl.setSSLParameters(SSLSocketImpl.java:2544)
	at org.apache.zookeeper.common.SSLContextAndOptions.configureSSLSocket(SSLContextAndOptions.java:125)
	at org.apache.zookeeper.common.SSLContextAndOptions.createSSLSocket(SSLContextAndOptions.java:80)
	at org.apache.zookeeper.common.X509Util.createSSLSocket(X509Util.java:517)
	at org.apache.zookeeper.server.quorum.QuorumCnxManager.initiateConnection(QuorumCnxManager.java:379)
	at org.apache.zookeeper.server.quorum.QuorumCnxManager$QuorumConnectionReqThread.run(QuorumCnxManager.java:458)
	at java.util.concurrent.ThreadPoolExecutor.runWorker(ThreadPoolExecutor.java:1142)
	at java.util.concurrent.ThreadPoolExecutor$Worker.run(ThreadPoolExecutor.java:617)
	at java.lang.Thread.run(Thread.java:745)
Exception in thread "QuorumConnectionThread-[myid=2]-4" java.lang.IllegalArgumentException: Cannot support TLS_ECDHE_ECDSA_WITH_AES_256_CBC_SHA384 with currently installed providers
	at sun.security.ssl.CipherSuiteList.<init>(CipherSuiteList.java:92)
	at sun.security.ssl.SSLSocketImpl.setEnabledCipherSuites(SSLSocketImpl.java:2419)
	at javax.net.ssl.SSLSocket.setSSLParameters(SSLSocket.java:650)
	at sun.security.ssl.SSLSocketImpl.setSSLParameters(SSLSocketImpl.java:2544)
	at org.apache.zookeeper.common.SSLContextAndOptions.configureSSLSocket(SSLContextAndOptions.java:125)
	at org.apache.zookeeper.common.SSLContextAndOptions.createSSLSocket(SSLContextAndOptions.java:80)
	at org.apache.zookeeper.common.X509Util.createSSLSocket(X509Util.java:517)
	at org.apache.zookeeper.server.quorum.QuorumCnxManager.initiateConnection(QuorumCnxManager.java:379)
	at org.apache.zookeeper.server.quorum.QuorumCnxManager$QuorumConnectionReqThread.run(QuorumCnxManager.java:458)
	at java.util.concurrent.ThreadPoolExecutor.runWorker(ThreadPoolExecutor.java:1142)
	at java.util.concurrent.ThreadPoolExecutor$Worker.run(ThreadPoolExecutor.java:617)
	at java.lang.Thread.run(Thread.java:745)
Exception in thread "QuorumConnectionThread-[myid=1]-5" java.lang.IllegalArgumentException: Cannot support TLS_ECDHE_ECDSA_WITH_AES_256_CBC_SHA384 with currently installed providers
	at sun.security.ssl.CipherSuiteList.<init>(CipherSuiteList.java:92)
	at sun.security.ssl.SSLSocketImpl.setEnabledCipherSuites(SSLSocketImpl.java:2419)
	at javax.net.ssl.SSLSocket.setSSLParameters(SSLSocket.java:650)
	at sun.security.ssl.SSLSocketImpl.setSSLParameters(SSLSocketImpl.java:2544)
	at org.apache.zookeeper.common.SSLContextAndOptions.configureSSLSocket(SSLContextAndOptions.java:125)
	at org.apache.zookeeper.common.SSLContextAndOptions.createSSLSocket(SSLContextAndOptions.java:80)
	at org.apache.zookeeper.common.X509Util.createSSLSocket(X509Util.java:517)
	at org.apache.zookeeper.server.quorum.QuorumCnxManager.initiateConnection(QuorumCnxManager.java:379)
	at org.apache.zookeeper.server.quorum.QuorumCnxManager$QuorumConnectionReqThread.run(QuorumCnxManager.java:458)
	at java.util.concurrent.ThreadPoolExecutor.runWorker(ThreadPoolExecutor.java:1142)
	at java.util.concurrent.ThreadPoolExecutor$Worker.run(ThreadPoolExecutor.java:617)
	at java.lang.Thread.run(Thread.java:745)
Exception in thread "QuorumConnectionThread-[myid=2]-5" java.lang.IllegalArgumentException: Cannot support TLS_ECDHE_ECDSA_WITH_AES_256_CBC_SHA384 with currently installed providers
	at sun.security.ssl.CipherSuiteList.<init>(CipherSuiteList.java:92)
	at sun.security.ssl.SSLSocketImpl.setEnabledCipherSuites(SSLSocketImpl.java:2419)
	at javax.net.ssl.SSLSocket.setSSLParameters(SSLSocket.java:650)
	at sun.security.ssl.SSLSocketImpl.setSSLParameters(SSLSocketImpl.java:2544)
	at org.apache.zookeeper.common.SSLContextAndOptions.configureSSLSocket(SSLContextAndOptions.java:125)
	at org.apache.zookeeper.common.SSLContextAndOptions.createSSLSocket(SSLContextAndOptions.java:80)
	at org.apache.zookeeper.common.X509Util.createSSLSocket(X509Util.java:517)
	at org.apache.zookeeper.server.quorum.QuorumCnxManager.initiateConnection(QuorumCnxManager.java:379)
	at org.apache.zookeeper.server.quorum.QuorumCnxManager$QuorumConnectionReqThread.run(QuorumCnxManager.java:458)
	at java.util.concurrent.ThreadPoolExecutor.runWorker(ThreadPoolExecutor.java:1142)
	at java.util.concurrent.ThreadPoolExecutor$Worker.run(ThreadPoolExecutor.java:617)
	at java.lang.Thread.run(Thread.java:745)
Exception in thread "QuorumConnectionThread-[myid=1]-7" java.lang.IllegalArgumentException: Cannot support TLS_ECDHE_ECDSA_WITH_AES_256_CBC_SHA384 with currently installed providers
	at sun.security.ssl.CipherSuiteList.<init>(CipherSuiteList.java:92)
	at sun.security.ssl.SSLSocketImpl.setEnabledCipherSuites(SSLSocketImpl.java:2419)
	at javax.net.ssl.SSLSocket.setSSLParameters(SSLSocket.java:650)
	at sun.security.ssl.SSLSocketImpl.setSSLParameters(SSLSocketImpl.java:2544)
	at org.apache.zookeeper.common.SSLContextAndOptions.configureSSLSocket(SSLContextAndOptions.java:125)
	at org.apache.zookeeper.common.SSLContextAndOptions.createSSLSocket(SSLContextAndOptions.java:80)
	at org.apache.zookeeper.common.X509Util.createSSLSocket(X509Util.java:517)
	at org.apache.zookeeper.server.quorum.QuorumCnxManager.initiateConnection(QuorumCnxManager.java:379)
	at org.apache.zookeeper.server.quorum.QuorumCnxManager$QuorumConnectionReqThread.run(QuorumCnxManager.java:458)
	at java.util.concurrent.ThreadPoolExecutor.runWorker(ThreadPoolExecutor.java:1142)
	at java.util.concurrent.ThreadPoolExecutor$Worker.run(ThreadPoolExecutor.java:617)
	at java.lang.Thread.run(Thread.java:745)
Exception in thread "QuorumConnectionThread-[myid=1]-6" java.lang.IllegalArgumentException: Cannot support TLS_ECDHE_ECDSA_WITH_AES_256_CBC_SHA384 with currently installed providers
	at sun.security.ssl.CipherSuiteList.<init>(CipherSuiteList.java:92)
	at sun.security.ssl.SSLSocketImpl.setEnabledCipherSuites(SSLSocketImpl.java:2419)
	at javax.net.ssl.SSLSocket.setSSLParameters(SSLSocket.java:650)
	at sun.security.ssl.SSLSocketImpl.setSSLParameters(SSLSocketImpl.java:2544)
	at org.apache.zookeeper.common.SSLContextAndOptions.configureSSLSocket(SSLContextAndOptions.java:125)
	at org.apache.zookeeper.common.SSLContextAndOptions.createSSLSocket(SSLContextAndOptions.java:80)
	at org.apache.zookeeper.common.X509Util.createSSLSocket(X509Util.java:517)
	at org.apache.zookeeper.server.quorum.QuorumCnxManager.initiateConnection(QuorumCnxManager.java:379)
	at org.apache.zookeeper.server.quorum.QuorumCnxManager$QuorumConnectionReqThread.run(QuorumCnxManager.java:458)
	at java.util.concurrent.ThreadPoolExecutor.runWorker(ThreadPoolExecutor.java:1142)
	at java.util.concurrent.ThreadPoolExecutor$Worker.run(ThreadPoolExecutor.java:617)
	at java.lang.Thread.run(Thread.java:745)
Exception in thread "QuorumConnectionThread-[myid=2]-7" java.lang.IllegalArgumentException: Cannot support TLS_ECDHE_ECDSA_WITH_AES_256_CBC_SHA384 with currently installed providers
	at sun.security.ssl.CipherSuiteList.<init>(CipherSuiteList.java:92)
	at sun.security.ssl.SSLSocketImpl.setEnabledCipherSuites(SSLSocketImpl.java:2419)
	at javax.net.ssl.SSLSocket.setSSLParameters(SSLSocket.java:650)
	at sun.security.ssl.SSLSocketImpl.setSSLParameters(SSLSocketImpl.java:2544)
	at org.apache.zookeeper.common.SSLContextAndOptions.configureSSLSocket(SSLContextAndOptions.java:125)
	at org.apache.zookeeper.common.SSLContextAndOptions.createSSLSocket(SSLContextAndOptions.java:80)
	at org.apache.zookeeper.common.X509Util.createSSLSocket(X509Util.java:517)
	at org.apache.zookeeper.server.quorum.QuorumCnxManager.initiateConnection(QuorumCnxManager.java:379)
	at org.apache.zookeeper.server.quorum.QuorumCnxManager$QuorumConnectionReqThread.run(QuorumCnxManager.java:458)
	at java.util.concurrent.ThreadPoolExecutor.runWorker(ThreadPoolExecutor.java:1142)
	at java.util.concurrent.ThreadPoolExecutor$Worker.run(ThreadPoolExecutor.java:617)
	at java.lang.Thread.run(Thread.java:745)
Exception in thread "QuorumConnectionThread-[myid=2]-6" java.lang.IllegalArgumentException: Cannot support TLS_ECDHE_ECDSA_WITH_AES_256_CBC_SHA384 with currently installed providers
	at sun.security.ssl.CipherSuiteList.<init>(CipherSuiteList.java:92)
	at sun.security.ssl.SSLSocketImpl.setEnabledCipherSuites(SSLSocketImpl.java:2419)
	at javax.net.ssl.SSLSocket.setSSLParameters(SSLSocket.java:650)
	at sun.security.ssl.SSLSocketImpl.setSSLParameters(SSLSocketImpl.java:2544)
	at org.apache.zookeeper.common.SSLContextAndOptions.configureSSLSocket(SSLContextAndOptions.java:125)
	at org.apache.zookeeper.common.SSLContextAndOptions.createSSLSocket(SSLContextAndOptions.java:80)
	at org.apache.zookeeper.common.X509Util.createSSLSocket(X509Util.java:517)
	at org.apache.zookeeper.server.quorum.QuorumCnxManager.initiateConnection(QuorumCnxManager.java:379)
	at org.apache.zookeeper.server.quorum.QuorumCnxManager$QuorumConnectionReqThread.run(QuorumCnxManager.java:458)
	at java.util.concurrent.ThreadPoolExecutor.runWorker(ThreadPoolExecutor.java:1142)
	at java.util.concurrent.ThreadPoolExecutor$Worker.run(ThreadPoolExecutor.java:617)
	at java.lang.Thread.run(Thread.java:745)
Exception in thread "QuorumConnectionThread-[myid=1]-9" java.lang.IllegalArgumentException: Cannot support TLS_ECDHE_ECDSA_WITH_AES_256_CBC_SHA384 with currently installed providers
	at sun.security.ssl.CipherSuiteList.<init>(CipherSuiteList.java:92)
	at sun.security.ssl.SSLSocketImpl.setEnabledCipherSuites(SSLSocketImpl.java:2419)
	at javax.net.ssl.SSLSocket.setSSLParameters(SSLSocket.java:650)
	at sun.security.ssl.SSLSocketImpl.setSSLParameters(SSLSocketImpl.java:2544)
	at org.apache.zookeeper.common.SSLContextAndOptions.configureSSLSocket(SSLContextAndOptions.java:125)
	at org.apache.zookeeper.common.SSLContextAndOptions.createSSLSocket(SSLContextAndOptions.java:80)
	at org.apache.zookeeper.common.X509Util.createSSLSocket(X509Util.java:517)
	at org.apache.zookeeper.server.quorum.QuorumCnxManager.initiateConnection(QuorumCnxManager.java:379)
	at org.apache.zookeeper.server.quorum.QuorumCnxManager$QuorumConnectionReqThread.run(QuorumCnxManager.java:458)
	at java.util.concurrent.ThreadPoolExecutor.runWorker(ThreadPoolExecutor.java:1142)
	at java.util.concurrent.ThreadPoolExecutor$Worker.run(ThreadPoolExecutor.java:617)
	at java.lang.Thread.run(Thread.java:745)
Exception in thread "QuorumConnectionThread-[myid=1]-8" java.lang.IllegalArgumentException: Cannot support TLS_ECDHE_ECDSA_WITH_AES_256_CBC_SHA384 with currently installed providers
	at sun.security.ssl.CipherSuiteList.<init>(CipherSuiteList.java:92)
	at sun.security.ssl.SSLSocketImpl.setEnabledCipherSuites(SSLSocketImpl.java:2419)
	at javax.net.ssl.SSLSocket.setSSLParameters(SSLSocket.java:650)
	at sun.security.ssl.SSLSocketImpl.setSSLParameters(SSLSocketImpl.java:2544)
	at org.apache.zookeeper.common.SSLContextAndOptions.configureSSLSocket(SSLContextAndOptions.java:125)
	at org.apache.zookeeper.common.SSLContextAndOptions.createSSLSocket(SSLContextAndOptions.java:80)
	at org.apache.zookeeper.common.X509Util.createSSLSocket(X509Util.java:517)
	at org.apache.zookeeper.server.quorum.QuorumCnxManager.initiateConnection(QuorumCnxManager.java:379)
	at org.apache.zookeeper.server.quorum.QuorumCnxManager$QuorumConnectionReqThread.run(QuorumCnxManager.java:458)
	at java.util.concurrent.ThreadPoolExecutor.runWorker(ThreadPoolExecutor.java:1142)
	at java.util.concurrent.ThreadPoolExecutor$Worker.run(ThreadPoolExecutor.java:617)
	at java.lang.Thread.run(Thread.java:745)
Exception in thread "QuorumConnectionThread-[myid=2]-9" java.lang.IllegalArgumentException: Cannot support TLS_ECDHE_ECDSA_WITH_AES_256_CBC_SHA384 with currently installed providers
	at sun.security.ssl.CipherSuiteList.<init>(CipherSuiteList.java:92)
	at sun.security.ssl.SSLSocketImpl.setEnabledCipherSuites(SSLSocketImpl.java:2419)
	at javax.net.ssl.SSLSocket.setSSLParameters(SSLSocket.java:650)
	at sun.security.ssl.SSLSocketImpl.setSSLParameters(SSLSocketImpl.java:2544)
	at org.apache.zookeeper.common.SSLContextAndOptions.configureSSLSocket(SSLContextAndOptions.java:125)
	at org.apache.zookeeper.common.SSLContextAndOptions.createSSLSocket(SSLContextAndOptions.java:80)
	at org.apache.zookeeper.common.X509Util.createSSLSocket(X509Util.java:517)
	at org.apache.zookeeper.server.quorum.QuorumCnxManager.initiateConnection(QuorumCnxManager.java:379)
	at org.apache.zookeeper.server.quorum.QuorumCnxManager$QuorumConnectionReqThread.run(QuorumCnxManager.java:458)
	at java.util.concurrent.ThreadPoolExecutor.runWorker(ThreadPoolExecutor.java:1142)
	at java.util.concurrent.ThreadPoolExecutor$Worker.run(ThreadPoolExecutor.java:617)
	at java.lang.Thread.run(Thread.java:745)
Exception in thread "QuorumConnectionThread-[myid=2]-8" java.lang.IllegalArgumentException: Cannot support TLS_ECDHE_ECDSA_WITH_AES_256_CBC_SHA384 with currently installed providers
	at sun.security.ssl.CipherSuiteList.<init>(CipherSuiteList.java:92)
	at sun.security.ssl.SSLSocketImpl.setEnabledCipherSuites(SSLSocketImpl.java:2419)
	at javax.net.ssl.SSLSocket.setSSLParameters(SSLSocket.java:650)
	at sun.security.ssl.SSLSocketImpl.setSSLParameters(SSLSocketImpl.java:2544)
	at org.apache.zookeeper.common.SSLContextAndOptions.configureSSLSocket(SSLContextAndOptions.java:125)
	at org.apache.zookeeper.common.SSLContextAndOptions.createSSLSocket(SSLContextAndOptions.java:80)
	at org.apache.zookeeper.common.X509Util.createSSLSocket(X509Util.java:517)
	at org.apache.zookeeper.server.quorum.QuorumCnxManager.initiateConnection(QuorumCnxManager.java:379)
	at org.apache.zookeeper.server.quorum.QuorumCnxManager$QuorumConnectionReqThread.run(QuorumCnxManager.java:458)
	at java.util.concurrent.ThreadPoolExecutor.runWorker(ThreadPoolExecutor.java:1142)
	at java.util.concurrent.ThreadPoolExecutor$Worker.run(ThreadPoolExecutor.java:617)
	at java.lang.Thread.run(Thread.java:745)
Exception in thread "QuorumConnectionThread-[myid=1]-11" java.lang.IllegalArgumentException: Cannot support TLS_ECDHE_ECDSA_WITH_AES_256_CBC_SHA384 with currently installed providers
	at sun.security.ssl.CipherSuiteList.<init>(CipherSuiteList.java:92)
	at sun.security.ssl.SSLSocketImpl.setEnabledCipherSuites(SSLSocketImpl.java:2419)
	at javax.net.ssl.SSLSocket.setSSLParameters(SSLSocket.java:650)
	at sun.security.ssl.SSLSocketImpl.setSSLParameters(SSLSocketImpl.java:2544)
	at org.apache.zookeeper.common.SSLContextAndOptions.configureSSLSocket(SSLContextAndOptions.java:125)
	at org.apache.zookeeper.common.SSLContextAndOptions.createSSLSocket(SSLContextAndOptions.java:80)
	at org.apache.zookeeper.common.X509Util.createSSLSocket(X509Util.java:517)
	at org.apache.zookeeper.server.quorum.QuorumCnxManager.initiateConnection(QuorumCnxManager.java:379)
	at org.apache.zookeeper.server.quorum.QuorumCnxManager$QuorumConnectionReqThread.run(QuorumCnxManager.java:458)
	at java.util.concurrent.ThreadPoolExecutor.runWorker(ThreadPoolExecutor.java:1142)
	at java.util.concurrent.ThreadPoolExecutor$Worker.run(ThreadPoolExecutor.java:617)
	at java.lang.Thread.run(Thread.java:745)
Exception in thread "QuorumConnectionThread-[myid=2]-11" java.lang.IllegalArgumentException: Cannot support TLS_ECDHE_ECDSA_WITH_AES_256_CBC_SHA384 with currently installed providers
	at sun.security.ssl.CipherSuiteList.<init>(CipherSuiteList.java:92)
	at sun.security.ssl.SSLSocketImpl.setEnabledCipherSuites(SSLSocketImpl.java:2419)
	at javax.net.ssl.SSLSocket.setSSLParameters(SSLSocket.java:650)
	at sun.security.ssl.SSLSocketImpl.setSSLParameters(SSLSocketImpl.java:2544)
	at org.apache.zookeeper.common.SSLContextAndOptions.configureSSLSocket(SSLContextAndOptions.java:125)
	at org.apache.zookeeper.common.SSLContextAndOptions.createSSLSocket(SSLContextAndOptions.java:80)
	at org.apache.zookeeper.common.X509Util.createSSLSocket(X509Util.java:517)
	at org.apache.zookeeper.server.quorum.QuorumCnxManager.initiateConnection(QuorumCnxManager.java:379)
	at org.apache.zookeeper.server.quorum.QuorumCnxManager$QuorumConnectionReqThread.run(QuorumCnxManager.java:458)
	at java.util.concurrent.ThreadPoolExecutor.runWorker(ThreadPoolExecutor.java:1142)
	at java.util.concurrent.ThreadPoolExecutor$Worker.run(ThreadPoolExecutor.java:617)
	at java.lang.Thread.run(Thread.java:745)
Exception in thread "QuorumConnectionThread-[myid=1]-10" java.lang.IllegalArgumentException: Cannot support TLS_ECDHE_ECDSA_WITH_AES_256_CBC_SHA384 with currently installed providers
	at sun.security.ssl.CipherSuiteList.<init>(CipherSuiteList.java:92)
	at sun.security.ssl.SSLSocketImpl.setEnabledCipherSuites(SSLSocketImpl.java:2419)
	at javax.net.ssl.SSLSocket.setSSLParameters(SSLSocket.java:650)
	at sun.security.ssl.SSLSocketImpl.setSSLParameters(SSLSocketImpl.java:2544)
	at org.apache.zookeeper.common.SSLContextAndOptions.configureSSLSocket(SSLContextAndOptions.java:125)
	at org.apache.zookeeper.common.SSLContextAndOptions.createSSLSocket(SSLContextAndOptions.java:80)
	at org.apache.zookeeper.common.X509Util.createSSLSocket(X509Util.java:517)
	at org.apache.zookeeper.server.quorum.QuorumCnxManager.initiateConnection(QuorumCnxManager.java:379)
	at org.apache.zookeeper.server.quorum.QuorumCnxManager$QuorumConnectionReqThread.run(QuorumCnxManager.java:458)
	at java.util.concurrent.ThreadPoolExecutor.runWorker(ThreadPoolExecutor.java:1142)
	at java.util.concurrent.ThreadPoolExecutor$Worker.run(ThreadPoolExecutor.java:617)
	at java.lang.Thread.run(Thread.java:745)
Exception in thread "QuorumConnectionThread-[myid=2]-10" java.lang.IllegalArgumentException: Cannot support TLS_ECDHE_ECDSA_WITH_AES_256_CBC_SHA384 with currently installed providers
	at sun.security.ssl.CipherSuiteList.<init>(CipherSuiteList.java:92)
	at sun.security.ssl.SSLSocketImpl.setEnabledCipherSuites(SSLSocketImpl.java:2419)
	at javax.net.ssl.SSLSocket.setSSLParameters(SSLSocket.java:650)
	at sun.security.ssl.SSLSocketImpl.setSSLParameters(SSLSocketImpl.java:2544)
	at org.apache.zookeeper.common.SSLContextAndOptions.configureSSLSocket(SSLContextAndOptions.java:125)
	at org.apache.zookeeper.common.SSLContextAndOptions.createSSLSocket(SSLContextAndOptions.java:80)
	at org.apache.zookeeper.common.X509Util.createSSLSocket(X509Util.java:517)
	at org.apache.zookeeper.server.quorum.QuorumCnxManager.initiateConnection(QuorumCnxManager.java:379)
	at org.apache.zookeeper.server.quorum.QuorumCnxManager$QuorumConnectionReqThread.run(QuorumCnxManager.java:458)
	at java.util.concurrent.ThreadPoolExecutor.runWorker(ThreadPoolExecutor.java:1142)
	at java.util.concurrent.ThreadPoolExecutor$Worker.run(ThreadPoolExecutor.java:617)
	at java.lang.Thread.run(Thread.java:745)
Exception in thread "QuorumConnectionThread-[myid=1]-13" java.lang.IllegalArgumentException: Cannot support TLS_ECDHE_ECDSA_WITH_AES_256_CBC_SHA384 with currently installed providers
	at sun.security.ssl.CipherSuiteList.<init>(CipherSuiteList.java:92)
	at sun.security.ssl.SSLSocketImpl.setEnabledCipherSuites(SSLSocketImpl.java:2419)
	at javax.net.ssl.SSLSocket.setSSLParameters(SSLSocket.java:650)
	at sun.security.ssl.SSLSocketImpl.setSSLParameters(SSLSocketImpl.java:2544)
	at org.apache.zookeeper.common.SSLContextAndOptions.configureSSLSocket(SSLContextAndOptions.java:125)
	at org.apache.zookeeper.common.SSLContextAndOptions.createSSLSocket(SSLContextAndOptions.java:80)
	at org.apache.zookeeper.common.X509Util.createSSLSocket(X509Util.java:517)
	at org.apache.zookeeper.server.quorum.QuorumCnxManager.initiateConnection(QuorumCnxManager.java:379)
	at org.apache.zookeeper.server.quorum.QuorumCnxManager$QuorumConnectionReqThread.run(QuorumCnxManager.java:458)
	at java.util.concurrent.ThreadPoolExecutor.runWorker(ThreadPoolExecutor.java:1142)
	at java.util.concurrent.ThreadPoolExecutor$Worker.run(ThreadPoolExecutor.java:617)
	at java.lang.Thread.run(Thread.java:745)
Exception in thread "QuorumConnectionThread-[myid=2]-13" java.lang.IllegalArgumentException: Cannot support TLS_ECDHE_ECDSA_WITH_AES_256_CBC_SHA384 with currently installed providers
	at sun.security.ssl.CipherSuiteList.<init>(CipherSuiteList.java:92)
	at sun.security.ssl.SSLSocketImpl.setEnabledCipherSuites(SSLSocketImpl.java:2419)
	at javax.net.ssl.SSLSocket.setSSLParameters(SSLSocket.java:650)
	at sun.security.ssl.SSLSocketImpl.setSSLParameters(SSLSocketImpl.java:2544)
	at org.apache.zookeeper.common.SSLContextAndOptions.configureSSLSocket(SSLContextAndOptions.java:125)
	at org.apache.zookeeper.common.SSLContextAndOptions.createSSLSocket(SSLContextAndOptions.java:80)
	at org.apache.zookeeper.common.X509Util.createSSLSocket(X509Util.java:517)
	at org.apache.zookeeper.server.quorum.QuorumCnxManager.initiateConnection(QuorumCnxManager.java:379)
	at org.apache.zookeeper.server.quorum.QuorumCnxManager$QuorumConnectionReqThread.run(QuorumCnxManager.java:458)
	at java.util.concurrent.ThreadPoolExecutor.runWorker(ThreadPoolExecutor.java:1142)
	at java.util.concurrent.ThreadPoolExecutor$Worker.run(ThreadPoolExecutor.java:617)
	at java.lang.Thread.run(Thread.java:745)
Exception in thread "QuorumConnectionThread-[myid=2]-12" java.lang.IllegalArgumentException: Cannot support TLS_ECDHE_ECDSA_WITH_AES_256_CBC_SHA384 with currently installed providers
	at sun.security.ssl.CipherSuiteList.<init>(CipherSuiteList.java:92)
	at sun.security.ssl.SSLSocketImpl.setEnabledCipherSuites(SSLSocketImpl.java:2419)
	at javax.net.ssl.SSLSocket.setSSLParameters(SSLSocket.java:650)
	at sun.security.ssl.SSLSocketImpl.setSSLParameters(SSLSocketImpl.java:2544)
	at org.apache.zookeeper.common.SSLContextAndOptions.configureSSLSocket(SSLContextAndOptions.java:125)
	at org.apache.zookeeper.common.SSLContextAndOptions.createSSLSocket(SSLContextAndOptions.java:80)
	at org.apache.zookeeper.common.X509Util.createSSLSocket(X509Util.java:517)
	at org.apache.zookeeper.server.quorum.QuorumCnxManager.initiateConnection(QuorumCnxManager.java:379)
	at org.apache.zookeeper.server.quorum.QuorumCnxManager$QuorumConnectionReqThread.run(QuorumCnxManager.java:458)
	at java.util.concurrent.ThreadPoolExecutor.runWorker(ThreadPoolExecutor.java:1142)
	at java.util.concurrent.ThreadPoolExecutor$Worker.run(ThreadPoolExecutor.java:617)
	at java.lang.Thread.run(Thread.java:745)
Exception in thread "QuorumConnectionThread-[myid=1]-12" java.lang.IllegalArgumentException: Cannot support TLS_ECDHE_ECDSA_WITH_AES_256_CBC_SHA384 with currently installed providers
	at sun.security.ssl.CipherSuiteList.<init>(CipherSuiteList.java:92)
	at sun.security.ssl.SSLSocketImpl.setEnabledCipherSuites(SSLSocketImpl.java:2419)
	at javax.net.ssl.SSLSocket.setSSLParameters(SSLSocket.java:650)
	at sun.security.ssl.SSLSocketImpl.setSSLParameters(SSLSocketImpl.java:2544)
	at org.apache.zookeeper.common.SSLContextAndOptions.configureSSLSocket(SSLContextAndOptions.java:125)
	at org.apache.zookeeper.common.SSLContextAndOptions.createSSLSocket(SSLContextAndOptions.java:80)
	at org.apache.zookeeper.common.X509Util.createSSLSocket(X509Util.java:517)
	at org.apache.zookeeper.server.quorum.QuorumCnxManager.initiateConnection(QuorumCnxManager.java:379)
	at org.apache.zookeeper.server.quorum.QuorumCnxManager$QuorumConnectionReqThread.run(QuorumCnxManager.java:458)
	at java.util.concurrent.ThreadPoolExecutor.runWorker(ThreadPoolExecutor.java:1142)
	at java.util.concurrent.ThreadPoolExecutor$Worker.run(ThreadPoolExecutor.java:617)
	at java.lang.Thread.run(Thread.java:745)
Exception in thread "QuorumConnectionThread-[myid=1]-15" java.lang.IllegalArgumentException: Cannot support TLS_ECDHE_ECDSA_WITH_AES_256_CBC_SHA384 with currently installed providers
	at sun.security.ssl.CipherSuiteList.<init>(CipherSuiteList.java:92)
	at sun.security.ssl.SSLSocketImpl.setEnabledCipherSuites(SSLSocketImpl.java:2419)
	at javax.net.ssl.SSLSocket.setSSLParameters(SSLSocket.java:650)
	at sun.security.ssl.SSLSocketImpl.setSSLParameters(SSLSocketImpl.java:2544)
	at org.apache.zookeeper.common.SSLContextAndOptions.configureSSLSocket(SSLContextAndOptions.java:125)
	at org.apache.zookeeper.common.SSLContextAndOptions.createSSLSocket(SSLContextAndOptions.java:80)
	at org.apache.zookeeper.common.X509Util.createSSLSocket(X509Util.java:517)
	at org.apache.zookeeper.server.quorum.QuorumCnxManager.initiateConnection(QuorumCnxManager.java:379)
	at org.apache.zookeeper.server.quorum.QuorumCnxManager$QuorumConnectionReqThread.run(QuorumCnxManager.java:458)
	at java.util.concurrent.ThreadPoolExecutor.runWorker(ThreadPoolExecutor.java:1142)
	at java.util.concurrent.ThreadPoolExecutor$Worker.run(ThreadPoolExecutor.java:617)
	at java.lang.Thread.run(Thread.java:745)
Exception in thread "QuorumConnectionThread-[myid=2]-14" java.lang.IllegalArgumentException: Cannot support TLS_ECDHE_ECDSA_WITH_AES_256_CBC_SHA384 with currently installed providers
	at sun.security.ssl.CipherSuiteList.<init>(CipherSuiteList.java:92)
	at sun.security.ssl.SSLSocketImpl.setEnabledCipherSuites(SSLSocketImpl.java:2419)
	at javax.net.ssl.SSLSocket.setSSLParameters(SSLSocket.java:650)
	at sun.security.ssl.SSLSocketImpl.setSSLParameters(SSLSocketImpl.java:2544)
	at org.apache.zookeeper.common.SSLContextAndOptions.configureSSLSocket(SSLContextAndOptions.java:125)
	at org.apache.zookeeper.common.SSLContextAndOptions.createSSLSocket(SSLContextAndOptions.java:80)
	at org.apache.zookeeper.common.X509Util.createSSLSocket(X509Util.java:517)
	at org.apache.zookeeper.server.quorum.QuorumCnxManager.initiateConnection(QuorumCnxManager.java:379)
	at org.apache.zookeeper.server.quorum.QuorumCnxManager$QuorumConnectionReqThread.run(QuorumCnxManager.java:458)
	at java.util.concurrent.ThreadPoolExecutor.runWorker(ThreadPoolExecutor.java:1142)
	at java.util.concurrent.ThreadPoolExecutor$Worker.run(ThreadPoolExecutor.java:617)
	at java.lang.Thread.run(Thread.java:745)
Exception in thread "QuorumConnectionThread-[myid=2]-15" java.lang.IllegalArgumentException: Cannot support TLS_ECDHE_ECDSA_WITH_AES_256_CBC_SHA384 with currently installed providers
	at sun.security.ssl.CipherSuiteList.<init>(CipherSuiteList.java:92)
	at sun.security.ssl.SSLSocketImpl.setEnabledCipherSuites(SSLSocketImpl.java:2419)
	at javax.net.ssl.SSLSocket.setSSLParameters(SSLSocket.java:650)
	at sun.security.ssl.SSLSocketImpl.setSSLParameters(SSLSocketImpl.java:2544)
	at org.apache.zookeeper.common.SSLContextAndOptions.configureSSLSocket(SSLContextAndOptions.java:125)
	at org.apache.zookeeper.common.SSLContextAndOptions.createSSLSocket(SSLContextAndOptions.java:80)
	at org.apache.zookeeper.common.X509Util.createSSLSocket(X509Util.java:517)
	at org.apache.zookeeper.server.quorum.QuorumCnxManager.initiateConnection(QuorumCnxManager.java:379)
	at org.apache.zookeeper.server.quorum.QuorumCnxManager$QuorumConnectionReqThread.run(QuorumCnxManager.java:458)
	at java.util.concurrent.ThreadPoolExecutor.runWorker(ThreadPoolExecutor.java:1142)
	at java.util.concurrent.ThreadPoolExecutor$Worker.run(ThreadPoolExecutor.java:617)
	at java.lang.Thread.run(Thread.java:745)
Exception in thread "QuorumConnectionThread-[myid=1]-14" java.lang.IllegalArgumentException: Cannot support TLS_ECDHE_ECDSA_WITH_AES_256_CBC_SHA384 with currently installed providers
	at sun.security.ssl.CipherSuiteList.<init>(CipherSuiteList.java:92)
	at sun.security.ssl.SSLSocketImpl.setEnabledCipherSuites(SSLSocketImpl.java:2419)
	at javax.net.ssl.SSLSocket.setSSLParameters(SSLSocket.java:650)
	at sun.security.ssl.SSLSocketImpl.setSSLParameters(SSLSocketImpl.java:2544)
	at org.apache.zookeeper.common.SSLContextAndOptions.configureSSLSocket(SSLContextAndOptions.java:125)
	at org.apache.zookeeper.common.SSLContextAndOptions.createSSLSocket(SSLContextAndOptions.java:80)
	at org.apache.zookeeper.common.X509Util.createSSLSocket(X509Util.java:517)
	at org.apache.zookeeper.server.quorum.QuorumCnxManager.initiateConnection(QuorumCnxManager.java:379)
	at org.apache.zookeeper.server.quorum.QuorumCnxManager$QuorumConnectionReqThread.run(QuorumCnxManager.java:458)
	at java.util.concurrent.ThreadPoolExecutor.runWorker(ThreadPoolExecutor.java:1142)
	at java.util.concurrent.ThreadPoolExecutor$Worker.run(ThreadPoolExecutor.java:617)
	at java.lang.Thread.run(Thread.java:745)
Exception in thread "QuorumConnectionThread-[myid=1]-17" java.lang.IllegalArgumentException: Cannot support TLS_ECDHE_ECDSA_WITH_AES_256_CBC_SHA384 with currently installed providers
	at sun.security.ssl.CipherSuiteList.<init>(CipherSuiteList.java:92)
	at sun.security.ssl.SSLSocketImpl.setEnabledCipherSuites(SSLSocketImpl.java:2419)
	at javax.net.ssl.SSLSocket.setSSLParameters(SSLSocket.java:650)
	at sun.security.ssl.SSLSocketImpl.setSSLParameters(SSLSocketImpl.java:2544)
	at org.apache.zookeeper.common.SSLContextAndOptions.configureSSLSocket(SSLContextAndOptions.java:125)
	at org.apache.zookeeper.common.SSLContextAndOptions.createSSLSocket(SSLContextAndOptions.java:80)
	at org.apache.zookeeper.common.X509Util.createSSLSocket(X509Util.java:517)
	at org.apache.zookeeper.server.quorum.QuorumCnxManager.initiateConnection(QuorumCnxManager.java:379)
	at org.apache.zookeeper.server.quorum.QuorumCnxManager$QuorumConnectionReqThread.run(QuorumCnxManager.java:458)
	at java.util.concurrent.ThreadPoolExecutor.runWorker(ThreadPoolExecutor.java:1142)
	at java.util.concurrent.ThreadPoolExecutor$Worker.run(ThreadPoolExecutor.java:617)
	at java.lang.Thread.run(Thread.java:745)
Exception in thread "QuorumConnectionThread-[myid=1]-16" java.lang.IllegalArgumentException: Cannot support TLS_ECDHE_ECDSA_WITH_AES_256_CBC_SHA384 with currently installed providers
	at sun.security.ssl.CipherSuiteList.<init>(CipherSuiteList.java:92)
	at sun.security.ssl.SSLSocketImpl.setEnabledCipherSuites(SSLSocketImpl.java:2419)
	at javax.net.ssl.SSLSocket.setSSLParameters(SSLSocket.java:650)
	at sun.security.ssl.SSLSocketImpl.setSSLParameters(SSLSocketImpl.java:2544)
	at org.apache.zookeeper.common.SSLContextAndOptions.configureSSLSocket(SSLContextAndOptions.java:125)
	at org.apache.zookeeper.common.SSLContextAndOptions.createSSLSocket(SSLContextAndOptions.java:80)
	at org.apache.zookeeper.common.X509Util.createSSLSocket(X509Util.java:517)
	at org.apache.zookeeper.server.quorum.QuorumCnxManager.initiateConnection(QuorumCnxManager.java:379)
	at org.apache.zookeeper.server.quorum.QuorumCnxManager$QuorumConnectionReqThread.run(QuorumCnxManager.java:458)
	at java.util.concurrent.ThreadPoolExecutor.runWorker(ThreadPoolExecutor.java:1142)
	at java.util.concurrent.ThreadPoolExecutor$Worker.run(ThreadPoolExecutor.java:617)
	at java.lang.Thread.run(Thread.java:745)
Exception in thread "QuorumConnectionThread-[myid=2]-17" java.lang.IllegalArgumentException: Cannot support TLS_ECDHE_ECDSA_WITH_AES_256_CBC_SHA384 with currently installed providers
	at sun.security.ssl.CipherSuiteList.<init>(CipherSuiteList.java:92)
	at sun.security.ssl.SSLSocketImpl.setEnabledCipherSuites(SSLSocketImpl.java:2419)
	at javax.net.ssl.SSLSocket.setSSLParameters(SSLSocket.java:650)
	at sun.security.ssl.SSLSocketImpl.setSSLParameters(SSLSocketImpl.java:2544)
	at org.apache.zookeeper.common.SSLContextAndOptions.configureSSLSocket(SSLContextAndOptions.java:125)
	at org.apache.zookeeper.common.SSLContextAndOptions.createSSLSocket(SSLContextAndOptions.java:80)
	at org.apache.zookeeper.common.X509Util.createSSLSocket(X509Util.java:517)
	at org.apache.zookeeper.server.quorum.QuorumCnxManager.initiateConnection(QuorumCnxManager.java:379)
	at org.apache.zookeeper.server.quorum.QuorumCnxManager$QuorumConnectionReqThread.run(QuorumCnxManager.java:458)
	at java.util.concurrent.ThreadPoolExecutor.runWorker(ThreadPoolExecutor.java:1142)
	at java.util.concurrent.ThreadPoolExecutor$Worker.run(ThreadPoolExecutor.java:617)
	at java.lang.Thread.run(Thread.java:745)
Exception in thread "QuorumConnectionThread-[myid=2]-16" java.lang.IllegalArgumentException: Cannot support TLS_ECDHE_ECDSA_WITH_AES_256_CBC_SHA384 with currently installed providers
	at sun.security.ssl.CipherSuiteList.<init>(CipherSuiteList.java:92)
	at sun.security.ssl.SSLSocketImpl.setEnabledCipherSuites(SSLSocketImpl.java:2419)
	at javax.net.ssl.SSLSocket.setSSLParameters(SSLSocket.java:650)
	at sun.security.ssl.SSLSocketImpl.setSSLParameters(SSLSocketImpl.java:2544)
	at org.apache.zookeeper.common.SSLContextAndOptions.configureSSLSocket(SSLContextAndOptions.java:125)
	at org.apache.zookeeper.common.SSLContextAndOptions.createSSLSocket(SSLContextAndOptions.java:80)
	at org.apache.zookeeper.common.X509Util.createSSLSocket(X509Util.java:517)
	at org.apache.zookeeper.server.quorum.QuorumCnxManager.initiateConnection(QuorumCnxManager.java:379)
	at org.apache.zookeeper.server.quorum.QuorumCnxManager$QuorumConnectionReqThread.run(QuorumCnxManager.java:458)
	at java.util.concurrent.ThreadPoolExecutor.runWorker(ThreadPoolExecutor.java:1142)
	at java.util.concurrent.ThreadPoolExecutor$Worker.run(ThreadPoolExecutor.java:617)
	at java.lang.Thread.run(Thread.java:745)
]]></system-err>
  </testcase>
</testsuite>