<?xml version="1.0" encoding="UTF-8"?>
<testsuite xmlns:xsi="http://www.w3.org/2001/XMLSchema-instance" xsi:noNamespaceSchemaLocation="https://maven.apache.org/surefire/maven-surefire-plugin/xsd/surefire-test-report.xsd" name="org.apache.zookeeper.test.StandaloneTest" time="107.734" tests="4" errors="0" skipped="0" failures="3">
  <properties>
    <property name="sun.desktop" value="windows"/>
    <property name="build.test.dir" value="D:\mysoft\faiscoGit\myStudy\ZooKeeperLearning\apache-zookeeper-3.7.0\zookeeper-server\target/surefire"/>
    <property name="awt.toolkit" value="sun.awt.windows.WToolkit"/>
    <property name="file.encoding.pkg" value="sun.io"/>
    <property name="java.specification.version" value="1.8"/>
    <property name="sun.cpu.isalist" value="amd64"/>
    <property name="sun.jnu.encoding" value="GBK"/>
    <property name="java.class.path" value="D:\mysoft\faiscoGit\myStudy\ZooKeeperLearning\apache-zookeeper-3.7.0\zookeeper-server\target\test-classes;D:\mysoft\faiscoGit\myStudy\ZooKeeperLearning\apache-zookeeper-3.7.0\zookeeper-server\target\classes;D:\mysoft\maven\repository\com\github\spotbugs\spotbugs-annotations\4.0.2\spotbugs-annotations-4.0.2.jar;D:\mysoft\maven\repository\com\google\code\findbugs\jsr305\3.0.2\jsr305-3.0.2.jar;D:\mysoft\maven\repository\org\hamcrest\hamcrest-library\2.2\hamcrest-library-2.2.jar;D:\mysoft\maven\repository\org\hamcrest\hamcrest-core\2.2\hamcrest-core-2.2.jar;D:\mysoft\maven\repository\org\hamcrest\hamcrest\2.2\hamcrest-2.2.jar;D:\mysoft\maven\repository\org\apache\commons\commons-collections4\4.4\commons-collections4-4.4.jar;D:\mysoft\maven\repository\org\apache\zookeeper\zookeeper-jute\3.7.0\zookeeper-jute-3.7.0.jar;D:\mysoft\maven\repository\commons-cli\commons-cli\1.4\commons-cli-1.4.jar;D:\mysoft\maven\repository\org\apache\yetus\audience-annotations\0.12.0\audience-annotations-0.12.0.jar;D:\mysoft\maven\repository\io\netty\netty-handler\4.1.59.Final\netty-handler-4.1.59.Final.jar;D:\mysoft\maven\repository\io\netty\netty-common\4.1.59.Final\netty-common-4.1.59.Final.jar;D:\mysoft\maven\repository\io\netty\netty-resolver\4.1.59.Final\netty-resolver-4.1.59.Final.jar;D:\mysoft\maven\repository\io\netty\netty-buffer\4.1.59.Final\netty-buffer-4.1.59.Final.jar;D:\mysoft\maven\repository\io\netty\netty-transport\4.1.59.Final\netty-transport-4.1.59.Final.jar;D:\mysoft\maven\repository\io\netty\netty-codec\4.1.59.Final\netty-codec-4.1.59.Final.jar;D:\mysoft\maven\repository\io\netty\netty-transport-native-epoll\4.1.59.Final\netty-transport-native-epoll-4.1.59.Final.jar;D:\mysoft\maven\repository\io\netty\netty-transport-native-unix-common\4.1.59.Final\netty-transport-native-unix-common-4.1.59.Final.jar;D:\mysoft\maven\repository\org\slf4j\slf4j-api\1.7.30\slf4j-api-1.7.30.jar;D:\mysoft\maven\repository\org\slf4j\slf4j-log4j12\1.7.30\slf4j-log4j12-1.7.30.jar;D:\mysoft\maven\repository\org\eclipse\jetty\jetty-server\9.4.38.v20210224\jetty-server-9.4.38.v20210224.jar;D:\mysoft\maven\repository\javax\servlet\javax.servlet-api\3.1.0\javax.servlet-api-3.1.0.jar;D:\mysoft\maven\repository\org\eclipse\jetty\jetty-http\9.4.38.v20210224\jetty-http-9.4.38.v20210224.jar;D:\mysoft\maven\repository\org\eclipse\jetty\jetty-util\9.4.38.v20210224\jetty-util-9.4.38.v20210224.jar;D:\mysoft\maven\repository\org\eclipse\jetty\jetty-io\9.4.38.v20210224\jetty-io-9.4.38.v20210224.jar;D:\mysoft\maven\repository\org\eclipse\jetty\jetty-servlet\9.4.38.v20210224\jetty-servlet-9.4.38.v20210224.jar;D:\mysoft\maven\repository\org\eclipse\jetty\jetty-security\9.4.38.v20210224\jetty-security-9.4.38.v20210224.jar;D:\mysoft\maven\repository\org\eclipse\jetty\jetty-util-ajax\9.4.38.v20210224\jetty-util-ajax-9.4.38.v20210224.jar;D:\mysoft\maven\repository\org\eclipse\jetty\jetty-client\9.4.38.v20210224\jetty-client-9.4.38.v20210224.jar;D:\mysoft\maven\repository\com\fasterxml\jackson\core\jackson-databind\2.10.5.1\jackson-databind-2.10.5.1.jar;D:\mysoft\maven\repository\com\fasterxml\jackson\core\jackson-annotations\2.10.5\jackson-annotations-2.10.5.jar;D:\mysoft\maven\repository\com\fasterxml\jackson\core\jackson-core\2.10.5\jackson-core-2.10.5.jar;D:\mysoft\maven\repository\org\bouncycastle\bcprov-jdk15on\1.60\bcprov-jdk15on-1.60.jar;D:\mysoft\maven\repository\org\bouncycastle\bcpkix-jdk15on\1.60\bcpkix-jdk15on-1.60.jar;D:\mysoft\maven\repository\jline\jline\2.14.6\jline-2.14.6.jar;D:\mysoft\maven\repository\io\dropwizard\metrics\metrics-core\4.1.12.1\metrics-core-4.1.12.1.jar;D:\mysoft\maven\repository\log4j\log4j\1.2.17\log4j-1.2.17.jar;D:\mysoft\maven\repository\org\apache\kerby\kerb-core\2.0.0\kerb-core-2.0.0.jar;D:\mysoft\maven\repository\org\apache\kerby\kerby-pkix\2.0.0\kerby-pkix-2.0.0.jar;D:\mysoft\maven\repository\org\apache\kerby\kerby-asn1\2.0.0\kerby-asn1-2.0.0.jar;D:\mysoft\maven\repository\org\apache\kerby\kerby-util\2.0.0\kerby-util-2.0.0.jar;D:\mysoft\maven\repository\org\apache\kerby\kerb-simplekdc\2.0.0\kerb-simplekdc-2.0.0.jar;D:\mysoft\maven\repository\org\apache\kerby\kerb-client\2.0.0\kerb-client-2.0.0.jar;D:\mysoft\maven\repository\org\apache\kerby\kerb-common\2.0.0\kerb-common-2.0.0.jar;D:\mysoft\maven\repository\org\apache\kerby\kerb-crypto\2.0.0\kerb-crypto-2.0.0.jar;D:\mysoft\maven\repository\commons-io\commons-io\2.6\commons-io-2.6.jar;D:\mysoft\maven\repository\org\apache\kerby\kerb-util\2.0.0\kerb-util-2.0.0.jar;D:\mysoft\maven\repository\org\apache\kerby\token-provider\2.0.0\token-provider-2.0.0.jar;D:\mysoft\maven\repository\com\nimbusds\nimbus-jose-jwt\4.41.2\nimbus-jose-jwt-4.41.2.jar;D:\mysoft\maven\repository\com\github\stephenc\jcip\jcip-annotations\1.0-1\jcip-annotations-1.0-1.jar;D:\mysoft\maven\repository\net\minidev\json-smart\2.3\json-smart-2.3.jar;D:\mysoft\maven\repository\net\minidev\accessors-smart\1.2\accessors-smart-1.2.jar;D:\mysoft\maven\repository\org\ow2\asm\asm\5.0.4\asm-5.0.4.jar;D:\mysoft\maven\repository\org\apache\kerby\kerb-admin\2.0.0\kerb-admin-2.0.0.jar;D:\mysoft\maven\repository\org\apache\kerby\kerb-server\2.0.0\kerb-server-2.0.0.jar;D:\mysoft\maven\repository\org\apache\kerby\kerb-identity\2.0.0\kerb-identity-2.0.0.jar;D:\mysoft\maven\repository\org\apache\kerby\kerby-xdr\2.0.0\kerby-xdr-2.0.0.jar;D:\mysoft\maven\repository\org\apache\kerby\kerby-config\2.0.0\kerby-config-2.0.0.jar;D:\mysoft\maven\repository\org\mockito\mockito-core\3.6.28\mockito-core-3.6.28.jar;D:\mysoft\maven\repository\net\bytebuddy\byte-buddy\1.10.18\byte-buddy-1.10.18.jar;D:\mysoft\maven\repository\net\bytebuddy\byte-buddy-agent\1.10.18\byte-buddy-agent-1.10.18.jar;D:\mysoft\maven\repository\org\objenesis\objenesis\3.1\objenesis-3.1.jar;D:\mysoft\maven\repository\org\jmockit\jmockit\1.48\jmockit-1.48.jar;D:\mysoft\maven\repository\org\junit\jupiter\junit-jupiter-api\5.6.2\junit-jupiter-api-5.6.2.jar;D:\mysoft\maven\repository\org\apiguardian\apiguardian-api\1.1.0\apiguardian-api-1.1.0.jar;D:\mysoft\maven\repository\org\opentest4j\opentest4j\1.2.0\opentest4j-1.2.0.jar;D:\mysoft\maven\repository\org\junit\platform\junit-platform-commons\1.6.2\junit-platform-commons-1.6.2.jar;D:\mysoft\maven\repository\org\junit\jupiter\junit-jupiter-engine\5.6.2\junit-jupiter-engine-5.6.2.jar;D:\mysoft\maven\repository\org\junit\platform\junit-platform-engine\1.6.2\junit-platform-engine-1.6.2.jar;D:\mysoft\maven\repository\org\junit\jupiter\junit-jupiter-params\5.6.2\junit-jupiter-params-5.6.2.jar;D:\mysoft\maven\repository\org\junit\platform\junit-platform-runner\1.6.2\junit-platform-runner-1.6.2.jar;D:\mysoft\maven\repository\junit\junit\4.13\junit-4.13.jar;D:\mysoft\maven\repository\org\junit\platform\junit-platform-launcher\1.6.2\junit-platform-launcher-1.6.2.jar;D:\mysoft\maven\repository\org\junit\platform\junit-platform-suite-api\1.6.2\junit-platform-suite-api-1.6.2.jar;D:\mysoft\maven\repository\org\xerial\snappy\snappy-java\1.1.7.7\snappy-java-1.1.7.7.jar;"/>
    <property name="java.vm.vendor" value="Oracle Corporation"/>
    <property name="sun.arch.data.model" value="64"/>
    <property name="user.variant" value=""/>
    <property name="java.vendor.url" value="http://java.oracle.com/"/>
    <property name="user.timezone" value="Asia/Shanghai"/>
    <property name="java.vm.specification.version" value="1.8"/>
    <property name="os.name" value="Windows 8.1"/>
    <property name="user.country" value="CN"/>
    <property name="sun.java.launcher" value="SUN_STANDARD"/>
    <property name="sun.boot.library.path" value="C:\Program Files\Java\jdk1.8.0_31\jre\bin"/>
    <property name="sun.java.command" value="C:\Users\faisco\AppData\Local\Temp\surefire7017171567299321585\surefirebooter6429164579327667156.jar C:\Users\faisco\AppData\Local\Temp\surefire7017171567299321585 2021-11-08T11-05-05_200-jvmRun7 surefire1871977896701207130tmp surefire_2766646168084681208352tmp"/>
    <property name="surefire.test.class.path" value="D:\mysoft\faiscoGit\myStudy\ZooKeeperLearning\apache-zookeeper-3.7.0\zookeeper-server\target\test-classes;D:\mysoft\faiscoGit\myStudy\ZooKeeperLearning\apache-zookeeper-3.7.0\zookeeper-server\target\classes;D:\mysoft\maven\repository\com\github\spotbugs\spotbugs-annotations\4.0.2\spotbugs-annotations-4.0.2.jar;D:\mysoft\maven\repository\com\google\code\findbugs\jsr305\3.0.2\jsr305-3.0.2.jar;D:\mysoft\maven\repository\org\hamcrest\hamcrest-library\2.2\hamcrest-library-2.2.jar;D:\mysoft\maven\repository\org\hamcrest\hamcrest-core\2.2\hamcrest-core-2.2.jar;D:\mysoft\maven\repository\org\hamcrest\hamcrest\2.2\hamcrest-2.2.jar;D:\mysoft\maven\repository\org\apache\commons\commons-collections4\4.4\commons-collections4-4.4.jar;D:\mysoft\maven\repository\org\apache\zookeeper\zookeeper-jute\3.7.0\zookeeper-jute-3.7.0.jar;D:\mysoft\maven\repository\commons-cli\commons-cli\1.4\commons-cli-1.4.jar;D:\mysoft\maven\repository\org\apache\yetus\audience-annotations\0.12.0\audience-annotations-0.12.0.jar;D:\mysoft\maven\repository\io\netty\netty-handler\4.1.59.Final\netty-handler-4.1.59.Final.jar;D:\mysoft\maven\repository\io\netty\netty-common\4.1.59.Final\netty-common-4.1.59.Final.jar;D:\mysoft\maven\repository\io\netty\netty-resolver\4.1.59.Final\netty-resolver-4.1.59.Final.jar;D:\mysoft\maven\repository\io\netty\netty-buffer\4.1.59.Final\netty-buffer-4.1.59.Final.jar;D:\mysoft\maven\repository\io\netty\netty-transport\4.1.59.Final\netty-transport-4.1.59.Final.jar;D:\mysoft\maven\repository\io\netty\netty-codec\4.1.59.Final\netty-codec-4.1.59.Final.jar;D:\mysoft\maven\repository\io\netty\netty-transport-native-epoll\4.1.59.Final\netty-transport-native-epoll-4.1.59.Final.jar;D:\mysoft\maven\repository\io\netty\netty-transport-native-unix-common\4.1.59.Final\netty-transport-native-unix-common-4.1.59.Final.jar;D:\mysoft\maven\repository\org\slf4j\slf4j-api\1.7.30\slf4j-api-1.7.30.jar;D:\mysoft\maven\repository\org\slf4j\slf4j-log4j12\1.7.30\slf4j-log4j12-1.7.30.jar;D:\mysoft\maven\repository\org\eclipse\jetty\jetty-server\9.4.38.v20210224\jetty-server-9.4.38.v20210224.jar;D:\mysoft\maven\repository\javax\servlet\javax.servlet-api\3.1.0\javax.servlet-api-3.1.0.jar;D:\mysoft\maven\repository\org\eclipse\jetty\jetty-http\9.4.38.v20210224\jetty-http-9.4.38.v20210224.jar;D:\mysoft\maven\repository\org\eclipse\jetty\jetty-util\9.4.38.v20210224\jetty-util-9.4.38.v20210224.jar;D:\mysoft\maven\repository\org\eclipse\jetty\jetty-io\9.4.38.v20210224\jetty-io-9.4.38.v20210224.jar;D:\mysoft\maven\repository\org\eclipse\jetty\jetty-servlet\9.4.38.v20210224\jetty-servlet-9.4.38.v20210224.jar;D:\mysoft\maven\repository\org\eclipse\jetty\jetty-security\9.4.38.v20210224\jetty-security-9.4.38.v20210224.jar;D:\mysoft\maven\repository\org\eclipse\jetty\jetty-util-ajax\9.4.38.v20210224\jetty-util-ajax-9.4.38.v20210224.jar;D:\mysoft\maven\repository\org\eclipse\jetty\jetty-client\9.4.38.v20210224\jetty-client-9.4.38.v20210224.jar;D:\mysoft\maven\repository\com\fasterxml\jackson\core\jackson-databind\2.10.5.1\jackson-databind-2.10.5.1.jar;D:\mysoft\maven\repository\com\fasterxml\jackson\core\jackson-annotations\2.10.5\jackson-annotations-2.10.5.jar;D:\mysoft\maven\repository\com\fasterxml\jackson\core\jackson-core\2.10.5\jackson-core-2.10.5.jar;D:\mysoft\maven\repository\org\bouncycastle\bcprov-jdk15on\1.60\bcprov-jdk15on-1.60.jar;D:\mysoft\maven\repository\org\bouncycastle\bcpkix-jdk15on\1.60\bcpkix-jdk15on-1.60.jar;D:\mysoft\maven\repository\jline\jline\2.14.6\jline-2.14.6.jar;D:\mysoft\maven\repository\io\dropwizard\metrics\metrics-core\4.1.12.1\metrics-core-4.1.12.1.jar;D:\mysoft\maven\repository\log4j\log4j\1.2.17\log4j-1.2.17.jar;D:\mysoft\maven\repository\org\apache\kerby\kerb-core\2.0.0\kerb-core-2.0.0.jar;D:\mysoft\maven\repository\org\apache\kerby\kerby-pkix\2.0.0\kerby-pkix-2.0.0.jar;D:\mysoft\maven\repository\org\apache\kerby\kerby-asn1\2.0.0\kerby-asn1-2.0.0.jar;D:\mysoft\maven\repository\org\apache\kerby\kerby-util\2.0.0\kerby-util-2.0.0.jar;D:\mysoft\maven\repository\org\apache\kerby\kerb-simplekdc\2.0.0\kerb-simplekdc-2.0.0.jar;D:\mysoft\maven\repository\org\apache\kerby\kerb-client\2.0.0\kerb-client-2.0.0.jar;D:\mysoft\maven\repository\org\apache\kerby\kerb-common\2.0.0\kerb-common-2.0.0.jar;D:\mysoft\maven\repository\org\apache\kerby\kerb-crypto\2.0.0\kerb-crypto-2.0.0.jar;D:\mysoft\maven\repository\commons-io\commons-io\2.6\commons-io-2.6.jar;D:\mysoft\maven\repository\org\apache\kerby\kerb-util\2.0.0\kerb-util-2.0.0.jar;D:\mysoft\maven\repository\org\apache\kerby\token-provider\2.0.0\token-provider-2.0.0.jar;D:\mysoft\maven\repository\com\nimbusds\nimbus-jose-jwt\4.41.2\nimbus-jose-jwt-4.41.2.jar;D:\mysoft\maven\repository\com\github\stephenc\jcip\jcip-annotations\1.0-1\jcip-annotations-1.0-1.jar;D:\mysoft\maven\repository\net\minidev\json-smart\2.3\json-smart-2.3.jar;D:\mysoft\maven\repository\net\minidev\accessors-smart\1.2\accessors-smart-1.2.jar;D:\mysoft\maven\repository\org\ow2\asm\asm\5.0.4\asm-5.0.4.jar;D:\mysoft\maven\repository\org\apache\kerby\kerb-admin\2.0.0\kerb-admin-2.0.0.jar;D:\mysoft\maven\repository\org\apache\kerby\kerb-server\2.0.0\kerb-server-2.0.0.jar;D:\mysoft\maven\repository\org\apache\kerby\kerb-identity\2.0.0\kerb-identity-2.0.0.jar;D:\mysoft\maven\repository\org\apache\kerby\kerby-xdr\2.0.0\kerby-xdr-2.0.0.jar;D:\mysoft\maven\repository\org\apache\kerby\kerby-config\2.0.0\kerby-config-2.0.0.jar;D:\mysoft\maven\repository\org\mockito\mockito-core\3.6.28\mockito-core-3.6.28.jar;D:\mysoft\maven\repository\net\bytebuddy\byte-buddy\1.10.18\byte-buddy-1.10.18.jar;D:\mysoft\maven\repository\net\bytebuddy\byte-buddy-agent\1.10.18\byte-buddy-agent-1.10.18.jar;D:\mysoft\maven\repository\org\objenesis\objenesis\3.1\objenesis-3.1.jar;D:\mysoft\maven\repository\org\jmockit\jmockit\1.48\jmockit-1.48.jar;D:\mysoft\maven\repository\org\junit\jupiter\junit-jupiter-api\5.6.2\junit-jupiter-api-5.6.2.jar;D:\mysoft\maven\repository\org\apiguardian\apiguardian-api\1.1.0\apiguardian-api-1.1.0.jar;D:\mysoft\maven\repository\org\opentest4j\opentest4j\1.2.0\opentest4j-1.2.0.jar;D:\mysoft\maven\repository\org\junit\platform\junit-platform-commons\1.6.2\junit-platform-commons-1.6.2.jar;D:\mysoft\maven\repository\org\junit\jupiter\junit-jupiter-engine\5.6.2\junit-jupiter-engine-5.6.2.jar;D:\mysoft\maven\repository\org\junit\platform\junit-platform-engine\1.6.2\junit-platform-engine-1.6.2.jar;D:\mysoft\maven\repository\org\junit\jupiter\junit-jupiter-params\5.6.2\junit-jupiter-params-5.6.2.jar;D:\mysoft\maven\repository\org\junit\platform\junit-platform-runner\1.6.2\junit-platform-runner-1.6.2.jar;D:\mysoft\maven\repository\junit\junit\4.13\junit-4.13.jar;D:\mysoft\maven\repository\org\junit\platform\junit-platform-launcher\1.6.2\junit-platform-launcher-1.6.2.jar;D:\mysoft\maven\repository\org\junit\platform\junit-platform-suite-api\1.6.2\junit-platform-suite-api-1.6.2.jar;D:\mysoft\maven\repository\org\xerial\snappy\snappy-java\1.1.7.7\snappy-java-1.1.7.7.jar;"/>
    <property name="sun.cpu.endian" value="little"/>
    <property name="user.home" value="C:\Users\faisco"/>
    <property name="user.language" value="zh"/>
    <property name="java.specification.vendor" value="Oracle Corporation"/>
    <property name="java.home" value="C:\Program Files\Java\jdk1.8.0_31\jre"/>
    <property name="zookeeper.DigestAuthenticationProvider.superDigest" value="super:D/InIHSb7yEEbrWz8b9l71RjZJU="/>
    <property name="basedir" value="D:\mysoft\faiscoGit\myStudy\ZooKeeperLearning\apache-zookeeper-3.7.0\zookeeper-server"/>
    <property name="file.separator" value="\"/>
    <property name="line.separator" value="&#10;"/>
    <property name="java.vm.specification.vendor" value="Oracle Corporation"/>
    <property name="java.specification.name" value="Java Platform API Specification"/>
    <property name="java.awt.graphicsenv" value="sun.awt.Win32GraphicsEnvironment"/>
    <property name="test.junit.threads" value="8"/>
    <property name="surefire.real.class.path" value="C:\Users\faisco\AppData\Local\Temp\surefire7017171567299321585\surefirebooter6429164579327667156.jar;D:\mysoft\maven\repository\org\jmockit\jmockit\1.48\jmockit-1.48.jar"/>
    <property name="zookeeper.junit.threadid" value="7"/>
    <property name="sun.boot.class.path" value="C:\Program Files\Java\jdk1.8.0_31\jre\lib\resources.jar;C:\Program Files\Java\jdk1.8.0_31\jre\lib\rt.jar;C:\Program Files\Java\jdk1.8.0_31\jre\lib\sunrsasign.jar;C:\Program Files\Java\jdk1.8.0_31\jre\lib\jsse.jar;C:\Program Files\Java\jdk1.8.0_31\jre\lib\jce.jar;C:\Program Files\Java\jdk1.8.0_31\jre\lib\charsets.jar;C:\Program Files\Java\jdk1.8.0_31\jre\lib\jfr.jar;C:\Program Files\Java\jdk1.8.0_31\jre\classes"/>
    <property name="user.script" value=""/>
    <property name="sun.management.compiler" value="HotSpot 64-Bit Tiered Compilers"/>
    <property name="java.runtime.version" value="1.8.0_31-b13"/>
    <property name="user.name" value="faisco"/>
    <property name="path.separator" value=";"/>
    <property name="os.version" value="6.3"/>
    <property name="java.endorsed.dirs" value="C:\Program Files\Java\jdk1.8.0_31\jre\lib\endorsed"/>
    <property name="java.runtime.name" value="Java(TM) SE Runtime Environment"/>
    <property name="file.encoding" value="GBK"/>
    <property name="java.vm.name" value="Java HotSpot(TM) 64-Bit Server VM"/>
    <property name="idea.version2020.1" value="true"/>
    <property name="localRepository" value="D:\mysoft\maven\repository"/>
    <property name="java.vendor.url.bug" value="http://bugreport.sun.com/bugreport/"/>
    <property name="java.io.tmpdir" value="C:\Users\faisco\AppData\Local\Temp\"/>
    <property name="java.version" value="1.8.0_31"/>
    <property name="user.dir" value="D:\mysoft\faiscoGit\myStudy\ZooKeeperLearning\apache-zookeeper-3.7.0\zookeeper-server"/>
    <property name="os.arch" value="amd64"/>
    <property name="java.vm.specification.name" value="Java Virtual Machine Specification"/>
    <property name="java.awt.printerjob" value="sun.awt.windows.WPrinterJob"/>
    <property name="sun.os.patch.level" value=""/>
    <property name="java.library.path" value="C:\Program Files\Java\jdk1.8.0_31\jre\bin;C:\WINDOWS\Sun\Java\bin;C:\WINDOWS\system32;C:\WINDOWS;C:\Program Files\Java\jdk1.8.0_31\jre\bin;C:\Python39\Scripts\;C:\Python39\;C:\Python27\;C:\Python27\Scripts;C:\Program Files (x86)\Intel\Intel(R) Management Engine Components\iCLS\;C:\Program Files\Intel\Intel(R) Management Engine Components\iCLS\;C:\WINDOWS\system32;C:\WINDOWS;C:\WINDOWS\System32\Wbem;C:\WINDOWS\System32\WindowsPowerShell\v1.0\;C:\WINDOWS\System32\OpenSSH\;C:\Program Files (x86)\Intel\Intel(R) Management Engine Components\DAL;C:\Program Files\Intel\Intel(R) Management Engine Components\DAL;C:\Program Files\TortoiseSVN\bin;C:\Program Files\Java\jdk1.8.0_31\bin;D:\soft\Git\cmd;D:\mysoft\maven\apache-maven-3.6.1\bin;C:\ProgramData\chocolatey\bin;C:\Program Files\nodejs\;D:\mysoft\gradle-7.0\bin;C:\ProgramData\Oracle\Java\javapath;C:\Program Files\OpenVPN\bin;C:\Users\faisco\AppData\Local\Microsoft\WindowsApps;;D:\soft\Microsoft VS Code\bin;D:\soft\PyCharm Community Edition 2019.1.3\bin;;D:\soft\PyCharm 2019.2.3\bin;;C:\Users\faisco\AppData\Local\Microsoft\WindowsApps;C:\Program Files\JetBrains\IntelliJ IDEA 2020.1\bin;;C:\Program Files\JetBrains\IntelliJ IDEA Community Edition 2020.1.3\bin;;C:\Users\faisco\AppData\Roaming\npm;."/>
    <property name="junit.jupiter.extensions.autodetection.enabled" value="true"/>
    <property name="java.vm.info" value="mixed mode"/>
    <property name="java.vendor" value="Oracle Corporation"/>
    <property name="java.vm.version" value="25.31-b07"/>
    <property name="java.ext.dirs" value="C:\Program Files\Java\jdk1.8.0_31\jre\lib\ext;C:\WINDOWS\Sun\Java\lib\ext"/>
    <property name="sun.io.unicode.encoding" value="UnicodeLittle"/>
    <property name="java.class.version" value="52.0"/>
  </properties>
  <testcase name="testNoDynamicConfig" classname="org.apache.zookeeper.test.StandaloneTest" time="32.805">
    <failure message="waiting for server 1 being up ==&gt; expected: &lt;true&gt; but was: &lt;false&gt;" type="org.opentest4j.AssertionFailedError"><![CDATA[org.opentest4j.AssertionFailedError: waiting for server 1 being up ==> expected: <true> but was: <false>
	at org.apache.zookeeper.test.StandaloneTest.verifyStandalone(StandaloneTest.java:109)
	at org.apache.zookeeper.test.StandaloneTest.testNoDynamicConfig(StandaloneTest.java:68)
]]></failure>
    <system-out><![CDATA[2021-11-08 11:28:02,934 [myid:] - INFO  [main:ZKTestCase@77] - STARTING Optional[public void org.apache.zookeeper.test.StandaloneTest.testNoDynamicConfig() throws java.lang.Exception]
2021-11-08 11:28:02,945 [myid:] - INFO  [main:PortAssignment@154] - Test process 7/8 using ports from 27379 - 30071.
2021-11-08 11:28:02,949 [myid:] - INFO  [main:PortAssignment@87] - Assigned port 27380 from range 27379 - 30071.
2021-11-08 11:28:03,381 [myid:] - INFO  [main:QuorumPeerTestBase$MainThread@205] - id = -1 tmpDir = D:\mysoft\faiscoGit\myStudy\ZooKeeperLearning\apache-zookeeper-3.7.0\zookeeper-server\target\surefire\test661744083466582958.junit.dir clientPort = 27380 adminServerPort = 8080
2021-11-08 11:28:03,388 [myid:] - INFO  [main:FourLetterWordMain@94] - connecting to 127.0.0.1 27380
2021-11-08 11:28:03,389 [myid:] - INFO  [Thread-1:QuorumPeerConfig@174] - Reading configuration from: D:\mysoft\faiscoGit\myStudy\ZooKeeperLearning\apache-zookeeper-3.7.0\zookeeper-server\target\surefire\test661744083466582958.junit.dir\zoo.cfg
2021-11-08 11:28:03,393 [myid:] - INFO  [Thread-1:QuorumPeerConfig@444] - clientPortAddress is 0.0.0.0:27380
2021-11-08 11:28:03,393 [myid:] - INFO  [Thread-1:QuorumPeerConfig@448] - secureClientPort is not set
2021-11-08 11:28:03,393 [myid:] - INFO  [Thread-1:QuorumPeerConfig@464] - observerMasterPort is not set
2021-11-08 11:28:03,393 [myid:] - INFO  [Thread-1:QuorumPeerConfig@481] - metricsProvider.className is org.apache.zookeeper.metrics.impl.DefaultMetricsProvider
2021-11-08 11:28:03,396 [myid:-1] - INFO  [Thread-1:DatadirCleanupManager@78] - autopurge.snapRetainCount set to 3
2021-11-08 11:28:03,396 [myid:-1] - INFO  [Thread-1:DatadirCleanupManager@79] - autopurge.purgeInterval set to 0
2021-11-08 11:28:03,396 [myid:-1] - INFO  [Thread-1:DatadirCleanupManager@101] - Purge task is not scheduled.
2021-11-08 11:28:03,396 [myid:-1] - WARN  [Thread-1:QuorumPeerMain@139] - Either no config or no quorum defined in config, running in standalone mode
2021-11-08 11:28:03,400 [myid:-1] - INFO  [Thread-1:ManagedUtil@44] - Log4j 1.2 jmx support found and enabled.
2021-11-08 11:28:03,439 [myid:-1] - INFO  [Thread-1:QuorumPeerConfig@174] - Reading configuration from: D:\mysoft\faiscoGit\myStudy\ZooKeeperLearning\apache-zookeeper-3.7.0\conf\zoo_sample.cfg
2021-11-08 11:28:03,441 [myid:-1] - WARN  [Thread-1:VerifyingFileFactory@65] - \tmp\zookeeper is relative. Prepend .\ to indicate that you're sure!
2021-11-08 11:28:03,441 [myid:-1] - INFO  [Thread-1:QuorumPeerConfig@444] - clientPortAddress is 0.0.0.0:2181
2021-11-08 11:28:03,441 [myid:-1] - INFO  [Thread-1:QuorumPeerConfig@448] - secureClientPort is not set
2021-11-08 11:28:03,441 [myid:-1] - INFO  [Thread-1:QuorumPeerConfig@464] - observerMasterPort is not set
2021-11-08 11:28:03,441 [myid:-1] - INFO  [Thread-1:QuorumPeerConfig@481] - metricsProvider.className is org.apache.zookeeper.metrics.impl.DefaultMetricsProvider
2021-11-08 11:28:03,441 [myid:-1] - INFO  [Thread-1:ZooKeeperServerMain@123] - Starting server
2021-11-08 11:28:03,452 [myid:-1] - INFO  [Thread-1:ServerMetrics@62] - ServerMetrics initialized with provider org.apache.zookeeper.metrics.impl.DefaultMetricsProvider@37eb9b46
2021-11-08 11:28:03,454 [myid:-1] - INFO  [Thread-1:DigestAuthenticationProvider@47] - ACL digest algorithm is: SHA1
2021-11-08 11:28:03,454 [myid:-1] - INFO  [Thread-1:DigestAuthenticationProvider@61] - zookeeper.DigestAuthenticationProvider.enabled = true
2021-11-08 11:28:03,456 [myid:-1] - INFO  [Thread-1:FileTxnSnapLog@124] - zookeeper.snapshot.trust.empty : false
2021-11-08 11:28:03,464 [myid:-1] - INFO  [Thread-1:ZookeeperBanner@42] - 
2021-11-08 11:28:03,464 [myid:-1] - INFO  [Thread-1:ZookeeperBanner@42] -   ______                  _                                          
2021-11-08 11:28:03,464 [myid:-1] - INFO  [Thread-1:ZookeeperBanner@42] -  |___  /                 | |                                         
2021-11-08 11:28:03,464 [myid:-1] - INFO  [Thread-1:ZookeeperBanner@42] -     / /    ___     ___   | | __   ___    ___   _ __     ___   _ __   
2021-11-08 11:28:03,464 [myid:-1] - INFO  [Thread-1:ZookeeperBanner@42] -    / /    / _ \   / _ \  | |/ /  / _ \  / _ \ | '_ \   / _ \ | '__|
2021-11-08 11:28:03,464 [myid:-1] - INFO  [Thread-1:ZookeeperBanner@42] -   / /__  | (_) | | (_) | |   <  |  __/ |  __/ | |_) | |  __/ | |    
2021-11-08 11:28:03,464 [myid:-1] - INFO  [Thread-1:ZookeeperBanner@42] -  /_____|  \___/   \___/  |_|\_\  \___|  \___| | .__/   \___| |_|
2021-11-08 11:28:03,464 [myid:-1] - INFO  [Thread-1:ZookeeperBanner@42] -                                               | |                     
2021-11-08 11:28:03,464 [myid:-1] - INFO  [Thread-1:ZookeeperBanner@42] -                                               |_|                     
2021-11-08 11:28:03,464 [myid:-1] - INFO  [Thread-1:ZookeeperBanner@42] - 
2021-11-08 11:28:05,449 [myid:] - INFO  [main:ClientBase@264] - server 127.0.0.1:27380 not up: java.net.ConnectException: Connection refused: connect
2021-11-08 11:28:05,711 [myid:] - INFO  [main:FourLetterWordMain@94] - connecting to 127.0.0.1 27380
2021-11-08 11:28:07,742 [myid:] - INFO  [main:ClientBase@264] - server 127.0.0.1:27380 not up: java.net.ConnectException: Connection refused: connect
2021-11-08 11:28:08,005 [myid:] - INFO  [main:FourLetterWordMain@94] - connecting to 127.0.0.1 27380
2021-11-08 11:28:10,051 [myid:] - INFO  [main:ClientBase@264] - server 127.0.0.1:27380 not up: java.net.ConnectException: Connection refused: connect
2021-11-08 11:28:10,316 [myid:] - INFO  [main:FourLetterWordMain@94] - connecting to 127.0.0.1 27380
2021-11-08 11:28:12,359 [myid:] - INFO  [main:ClientBase@264] - server 127.0.0.1:27380 not up: java.net.ConnectException: Connection refused: connect
2021-11-08 11:28:12,514 [myid:-1] - INFO  [Thread-1:Environment@98] - Server environment:zookeeper.version=3.7.0-02d8e7728613600d355308bb0a256b6f5b41360c-dirty, built on 2021-11-08 03:06 UTC
2021-11-08 11:28:12,514 [myid:-1] - INFO  [Thread-1:Environment@98] - Server environment:host.name=DESKTOP-3V3H020
2021-11-08 11:28:12,514 [myid:-1] - INFO  [Thread-1:Environment@98] - Server environment:java.version=1.8.0_31
2021-11-08 11:28:12,514 [myid:-1] - INFO  [Thread-1:Environment@98] - Server environment:java.vendor=Oracle Corporation
2021-11-08 11:28:12,514 [myid:-1] - INFO  [Thread-1:Environment@98] - Server environment:java.home=C:\Program Files\Java\jdk1.8.0_31\jre
2021-11-08 11:28:12,515 [myid:-1] - INFO  [Thread-1:Environment@98] - Server environment:java.class.path=D:\mysoft\faiscoGit\myStudy\ZooKeeperLearning\apache-zookeeper-3.7.0\zookeeper-server\target\test-classes;D:\mysoft\faiscoGit\myStudy\ZooKeeperLearning\apache-zookeeper-3.7.0\zookeeper-server\target\classes;D:\mysoft\maven\repository\com\github\spotbugs\spotbugs-annotations\4.0.2\spotbugs-annotations-4.0.2.jar;D:\mysoft\maven\repository\com\google\code\findbugs\jsr305\3.0.2\jsr305-3.0.2.jar;D:\mysoft\maven\repository\org\hamcrest\hamcrest-library\2.2\hamcrest-library-2.2.jar;D:\mysoft\maven\repository\org\hamcrest\hamcrest-core\2.2\hamcrest-core-2.2.jar;D:\mysoft\maven\repository\org\hamcrest\hamcrest\2.2\hamcrest-2.2.jar;D:\mysoft\maven\repository\org\apache\commons\commons-collections4\4.4\commons-collections4-4.4.jar;D:\mysoft\maven\repository\org\apache\zookeeper\zookeeper-jute\3.7.0\zookeeper-jute-3.7.0.jar;D:\mysoft\maven\repository\commons-cli\commons-cli\1.4\commons-cli-1.4.jar;D:\mysoft\maven\repository\org\apache\yetus\audience-annotations\0.12.0\audience-annotations-0.12.0.jar;D:\mysoft\maven\repository\io\netty\netty-handler\4.1.59.Final\netty-handler-4.1.59.Final.jar;D:\mysoft\maven\repository\io\netty\netty-common\4.1.59.Final\netty-common-4.1.59.Final.jar;D:\mysoft\maven\repository\io\netty\netty-resolver\4.1.59.Final\netty-resolver-4.1.59.Final.jar;D:\mysoft\maven\repository\io\netty\netty-buffer\4.1.59.Final\netty-buffer-4.1.59.Final.jar;D:\mysoft\maven\repository\io\netty\netty-transport\4.1.59.Final\netty-transport-4.1.59.Final.jar;D:\mysoft\maven\repository\io\netty\netty-codec\4.1.59.Final\netty-codec-4.1.59.Final.jar;D:\mysoft\maven\repository\io\netty\netty-transport-native-epoll\4.1.59.Final\netty-transport-native-epoll-4.1.59.Final.jar;D:\mysoft\maven\repository\io\netty\netty-transport-native-unix-common\4.1.59.Final\netty-transport-native-unix-common-4.1.59.Final.jar;D:\mysoft\maven\repository\org\slf4j\slf4j-api\1.7.30\slf4j-api-1.7.30.jar;D:\mysoft\maven\repository\org\slf4j\slf4j-log4j12\1.7.30\slf4j-log4j12-1.7.30.jar;D:\mysoft\maven\repository\org\eclipse\jetty\jetty-server\9.4.38.v20210224\jetty-server-9.4.38.v20210224.jar;D:\mysoft\maven\repository\javax\servlet\javax.servlet-api\3.1.0\javax.servlet-api-3.1.0.jar;D:\mysoft\maven\repository\org\eclipse\jetty\jetty-http\9.4.38.v20210224\jetty-http-9.4.38.v20210224.jar;D:\mysoft\maven\repository\org\eclipse\jetty\jetty-util\9.4.38.v20210224\jetty-util-9.4.38.v20210224.jar;D:\mysoft\maven\repository\org\eclipse\jetty\jetty-io\9.4.38.v20210224\jetty-io-9.4.38.v20210224.jar;D:\mysoft\maven\repository\org\eclipse\jetty\jetty-servlet\9.4.38.v20210224\jetty-servlet-9.4.38.v20210224.jar;D:\mysoft\maven\repository\org\eclipse\jetty\jetty-security\9.4.38.v20210224\jetty-security-9.4.38.v20210224.jar;D:\mysoft\maven\repository\org\eclipse\jetty\jetty-util-ajax\9.4.38.v20210224\jetty-util-ajax-9.4.38.v20210224.jar;D:\mysoft\maven\repository\org\eclipse\jetty\jetty-client\9.4.38.v20210224\jetty-client-9.4.38.v20210224.jar;D:\mysoft\maven\repository\com\fasterxml\jackson\core\jackson-databind\2.10.5.1\jackson-databind-2.10.5.1.jar;D:\mysoft\maven\repository\com\fasterxml\jackson\core\jackson-annotations\2.10.5\jackson-annotations-2.10.5.jar;D:\mysoft\maven\repository\com\fasterxml\jackson\core\jackson-core\2.10.5\jackson-core-2.10.5.jar;D:\mysoft\maven\repository\org\bouncycastle\bcprov-jdk15on\1.60\bcprov-jdk15on-1.60.jar;D:\mysoft\maven\repository\org\bouncycastle\bcpkix-jdk15on\1.60\bcpkix-jdk15on-1.60.jar;D:\mysoft\maven\repository\jline\jline\2.14.6\jline-2.14.6.jar;D:\mysoft\maven\repository\io\dropwizard\metrics\metrics-core\4.1.12.1\metrics-core-4.1.12.1.jar;D:\mysoft\maven\repository\log4j\log4j\1.2.17\log4j-1.2.17.jar;D:\mysoft\maven\repository\org\apache\kerby\kerb-core\2.0.0\kerb-core-2.0.0.jar;D:\mysoft\maven\repository\org\apache\kerby\kerby-pkix\2.0.0\kerby-pkix-2.0.0.jar;D:\mysoft\maven\repository\org\apache\kerby\kerby-asn1\2.0.0\kerby-asn1-2.0.0.jar;D:\mysoft\maven\repository\org\apache\kerby\kerby-util\2.0.0\kerby-util-2.0.0.jar;D:\mysoft\maven\repository\org\apache\kerby\kerb-simplekdc\2.0.0\kerb-simplekdc-2.0.0.jar;D:\mysoft\maven\repository\org\apache\kerby\kerb-client\2.0.0\kerb-client-2.0.0.jar;D:\mysoft\maven\repository\org\apache\kerby\kerb-common\2.0.0\kerb-common-2.0.0.jar;D:\mysoft\maven\repository\org\apache\kerby\kerb-crypto\2.0.0\kerb-crypto-2.0.0.jar;D:\mysoft\maven\repository\commons-io\commons-io\2.6\commons-io-2.6.jar;D:\mysoft\maven\repository\org\apache\kerby\kerb-util\2.0.0\kerb-util-2.0.0.jar;D:\mysoft\maven\repository\org\apache\kerby\token-provider\2.0.0\token-provider-2.0.0.jar;D:\mysoft\maven\repository\com\nimbusds\nimbus-jose-jwt\4.41.2\nimbus-jose-jwt-4.41.2.jar;D:\mysoft\maven\repository\com\github\stephenc\jcip\jcip-annotations\1.0-1\jcip-annotations-1.0-1.jar;D:\mysoft\maven\repository\net\minidev\json-smart\2.3\json-smart-2.3.jar;D:\mysoft\maven\repository\net\minidev\accessors-smart\1.2\accessors-smart-1.2.jar;D:\mysoft\maven\repository\org\ow2\asm\asm\5.0.4\asm-5.0.4.jar;D:\mysoft\maven\repository\org\apache\kerby\kerb-admin\2.0.0\kerb-admin-2.0.0.jar;D:\mysoft\maven\repository\org\apache\kerby\kerb-server\2.0.0\kerb-server-2.0.0.jar;D:\mysoft\maven\repository\org\apache\kerby\kerb-identity\2.0.0\kerb-identity-2.0.0.jar;D:\mysoft\maven\repository\org\apache\kerby\kerby-xdr\2.0.0\kerby-xdr-2.0.0.jar;D:\mysoft\maven\repository\org\apache\kerby\kerby-config\2.0.0\kerby-config-2.0.0.jar;D:\mysoft\maven\repository\org\mockito\mockito-core\3.6.28\mockito-core-3.6.28.jar;D:\mysoft\maven\repository\net\bytebuddy\byte-buddy\1.10.18\byte-buddy-1.10.18.jar;D:\mysoft\maven\repository\net\bytebuddy\byte-buddy-agent\1.10.18\byte-buddy-agent-1.10.18.jar;D:\mysoft\maven\repository\org\objenesis\objenesis\3.1\objenesis-3.1.jar;D:\mysoft\maven\repository\org\jmockit\jmockit\1.48\jmockit-1.48.jar;D:\mysoft\maven\repository\org\junit\jupiter\junit-jupiter-api\5.6.2\junit-jupiter-api-5.6.2.jar;D:\mysoft\maven\repository\org\apiguardian\apiguardian-api\1.1.0\apiguardian-api-1.1.0.jar;D:\mysoft\maven\repository\org\opentest4j\opentest4j\1.2.0\opentest4j-1.2.0.jar;D:\mysoft\maven\repository\org\junit\platform\junit-platform-commons\1.6.2\junit-platform-commons-1.6.2.jar;D:\mysoft\maven\repository\org\junit\jupiter\junit-jupiter-engine\5.6.2\junit-jupiter-engine-5.6.2.jar;D:\mysoft\maven\repository\org\junit\platform\junit-platform-engine\1.6.2\junit-platform-engine-1.6.2.jar;D:\mysoft\maven\repository\org\junit\jupiter\junit-jupiter-params\5.6.2\junit-jupiter-params-5.6.2.jar;D:\mysoft\maven\repository\org\junit\platform\junit-platform-runner\1.6.2\junit-platform-runner-1.6.2.jar;D:\mysoft\maven\repository\junit\junit\4.13\junit-4.13.jar;D:\mysoft\maven\repository\org\junit\platform\junit-platform-launcher\1.6.2\junit-platform-launcher-1.6.2.jar;D:\mysoft\maven\repository\org\junit\platform\junit-platform-suite-api\1.6.2\junit-platform-suite-api-1.6.2.jar;D:\mysoft\maven\repository\org\xerial\snappy\snappy-java\1.1.7.7\snappy-java-1.1.7.7.jar;
2021-11-08 11:28:12,515 [myid:-1] - INFO  [Thread-1:Environment@98] - Server environment:java.library.path=C:\Program Files\Java\jdk1.8.0_31\jre\bin;C:\WINDOWS\Sun\Java\bin;C:\WINDOWS\system32;C:\WINDOWS;C:\Program Files\Java\jdk1.8.0_31\jre\bin;C:\Python39\Scripts\;C:\Python39\;C:\Python27\;C:\Python27\Scripts;C:\Program Files (x86)\Intel\Intel(R) Management Engine Components\iCLS\;C:\Program Files\Intel\Intel(R) Management Engine Components\iCLS\;C:\WINDOWS\system32;C:\WINDOWS;C:\WINDOWS\System32\Wbem;C:\WINDOWS\System32\WindowsPowerShell\v1.0\;C:\WINDOWS\System32\OpenSSH\;C:\Program Files (x86)\Intel\Intel(R) Management Engine Components\DAL;C:\Program Files\Intel\Intel(R) Management Engine Components\DAL;C:\Program Files\TortoiseSVN\bin;C:\Program Files\Java\jdk1.8.0_31\bin;D:\soft\Git\cmd;D:\mysoft\maven\apache-maven-3.6.1\bin;C:\ProgramData\chocolatey\bin;C:\Program Files\nodejs\;D:\mysoft\gradle-7.0\bin;C:\ProgramData\Oracle\Java\javapath;C:\Program Files\OpenVPN\bin;C:\Users\faisco\AppData\Local\Microsoft\WindowsApps;;D:\soft\Microsoft VS Code\bin;D:\soft\PyCharm Community Edition 2019.1.3\bin;;D:\soft\PyCharm 2019.2.3\bin;;C:\Users\faisco\AppData\Local\Microsoft\WindowsApps;C:\Program Files\JetBrains\IntelliJ IDEA 2020.1\bin;;C:\Program Files\JetBrains\IntelliJ IDEA Community Edition 2020.1.3\bin;;C:\Users\faisco\AppData\Roaming\npm;.
2021-11-08 11:28:12,515 [myid:-1] - INFO  [Thread-1:Environment@98] - Server environment:java.io.tmpdir=C:\Users\faisco\AppData\Local\Temp\
2021-11-08 11:28:12,515 [myid:-1] - INFO  [Thread-1:Environment@98] - Server environment:java.compiler=<NA>
2021-11-08 11:28:12,515 [myid:-1] - INFO  [Thread-1:Environment@98] - Server environment:os.name=Windows 8.1
2021-11-08 11:28:12,515 [myid:-1] - INFO  [Thread-1:Environment@98] - Server environment:os.arch=amd64
2021-11-08 11:28:12,515 [myid:-1] - INFO  [Thread-1:Environment@98] - Server environment:os.version=6.3
2021-11-08 11:28:12,515 [myid:-1] - INFO  [Thread-1:Environment@98] - Server environment:user.name=faisco
2021-11-08 11:28:12,516 [myid:-1] - INFO  [Thread-1:Environment@98] - Server environment:user.home=C:\Users\faisco
2021-11-08 11:28:12,516 [myid:-1] - INFO  [Thread-1:Environment@98] - Server environment:user.dir=D:\mysoft\faiscoGit\myStudy\ZooKeeperLearning\apache-zookeeper-3.7.0\zookeeper-server
2021-11-08 11:28:12,516 [myid:-1] - INFO  [Thread-1:Environment@98] - Server environment:os.memory.free=228MB
2021-11-08 11:28:12,516 [myid:-1] - INFO  [Thread-1:Environment@98] - Server environment:os.memory.max=455MB
2021-11-08 11:28:12,516 [myid:-1] - INFO  [Thread-1:Environment@98] - Server environment:os.memory.total=243MB
2021-11-08 11:28:12,516 [myid:-1] - INFO  [Thread-1:ZooKeeperServer@138] - zookeeper.enableEagerACLCheck = false
2021-11-08 11:28:12,516 [myid:-1] - INFO  [Thread-1:ZooKeeperServer@151] - zookeeper.digest.enabled = true
2021-11-08 11:28:12,516 [myid:-1] - INFO  [Thread-1:ZooKeeperServer@155] - zookeeper.closeSessionTxn.enabled = true
2021-11-08 11:28:12,516 [myid:-1] - INFO  [Thread-1:ZooKeeperServer@1499] - zookeeper.flushDelay=0
2021-11-08 11:28:12,516 [myid:-1] - INFO  [Thread-1:ZooKeeperServer@1508] - zookeeper.maxWriteQueuePollTime=0
2021-11-08 11:28:12,516 [myid:-1] - INFO  [Thread-1:ZooKeeperServer@1517] - zookeeper.maxBatchSize=1000
2021-11-08 11:28:12,516 [myid:-1] - INFO  [Thread-1:ZooKeeperServer@260] - zookeeper.intBufferStartingSizeBytes = 1024
2021-11-08 11:28:12,517 [myid:-1] - INFO  [Thread-1:BlueThrottle@141] - Weighed connection throttling is disabled
2021-11-08 11:28:12,518 [myid:-1] - INFO  [Thread-1:ZooKeeperServer@1300] - minSessionTimeout set to 4000
2021-11-08 11:28:12,518 [myid:-1] - INFO  [Thread-1:ZooKeeperServer@1309] - maxSessionTimeout set to 40000
2021-11-08 11:28:12,520 [myid:-1] - INFO  [Thread-1:ResponseCache@45] - getData response cache size is initialized with value 400.
2021-11-08 11:28:12,520 [myid:-1] - INFO  [Thread-1:ResponseCache@45] - getChildren response cache size is initialized with value 400.
2021-11-08 11:28:12,521 [myid:-1] - INFO  [Thread-1:RequestPathMetricsCollector@109] - zookeeper.pathStats.slotCapacity = 60
2021-11-08 11:28:12,521 [myid:-1] - INFO  [Thread-1:RequestPathMetricsCollector@110] - zookeeper.pathStats.slotDuration = 15
2021-11-08 11:28:12,523 [myid:-1] - INFO  [Thread-1:RequestPathMetricsCollector@111] - zookeeper.pathStats.maxDepth = 6
2021-11-08 11:28:12,523 [myid:-1] - INFO  [Thread-1:RequestPathMetricsCollector@112] - zookeeper.pathStats.initialDelay = 5
2021-11-08 11:28:12,523 [myid:-1] - INFO  [Thread-1:RequestPathMetricsCollector@113] - zookeeper.pathStats.delay = 5
2021-11-08 11:28:12,523 [myid:-1] - INFO  [Thread-1:RequestPathMetricsCollector@114] - zookeeper.pathStats.enabled = false
2021-11-08 11:28:12,525 [myid:-1] - INFO  [Thread-1:ZooKeeperServer@1536] - The max bytes for all large requests are set to 104857600
2021-11-08 11:28:12,525 [myid:-1] - INFO  [Thread-1:ZooKeeperServer@1550] - The large request threshold is set to -1
2021-11-08 11:28:12,525 [myid:-1] - INFO  [Thread-1:AuthenticationHelper@66] - zookeeper.enforce.auth.enabled = false
2021-11-08 11:28:12,525 [myid:-1] - INFO  [Thread-1:AuthenticationHelper@67] - zookeeper.enforce.auth.schemes = []
2021-11-08 11:28:12,525 [myid:-1] - INFO  [Thread-1:ZooKeeperServer@361] - Created server with tickTime 2000 minSessionTimeout 4000 maxSessionTimeout 40000 clientPortListenBacklog -1 datadir \tmp\zookeeper\version-2 snapdir \tmp\zookeeper\version-2
2021-11-08 11:28:12,530 [myid:-1] - INFO  [Thread-1:ServerCnxnFactory@169] - Using org.apache.zookeeper.server.NIOServerCnxnFactory as server connection factory
2021-11-08 11:28:12,530 [myid:-1] - WARN  [Thread-1:ServerCnxnFactory@309] - maxCnxns is not configured, using default value 0.
2021-11-08 11:28:12,532 [myid:-1] - INFO  [Thread-1:NIOServerCnxnFactory@652] - Configuring NIO connection handler with 10s sessionless connection timeout, 1 selector thread(s), 12 worker threads, and 64 kB direct buffers.
2021-11-08 11:28:12,539 [myid:-1] - INFO  [Thread-1:NIOServerCnxnFactory@660] - binding to port 0.0.0.0/0.0.0.0:2181
2021-11-08 11:28:12,552 [myid:-1] - INFO  [Thread-1:WatchManagerFactory@42] - Using org.apache.zookeeper.server.watch.WatchManager as watch manager
2021-11-08 11:28:12,552 [myid:-1] - INFO  [Thread-1:WatchManagerFactory@42] - Using org.apache.zookeeper.server.watch.WatchManager as watch manager
2021-11-08 11:28:12,553 [myid:-1] - INFO  [Thread-1:ZKDatabase@133] - zookeeper.snapshotSizeFactor = 0.33
2021-11-08 11:28:12,553 [myid:-1] - INFO  [Thread-1:ZKDatabase@153] - zookeeper.commitLogCount=500
2021-11-08 11:28:12,556 [myid:-1] - INFO  [Thread-1:SnapStream@61] - zookeeper.snapshot.compression.method = CHECKED
2021-11-08 11:28:12,557 [myid:-1] - INFO  [Thread-1:FileSnap@85] - Reading snapshot \tmp\zookeeper\version-2\snapshot.0
2021-11-08 11:28:12,560 [myid:-1] - INFO  [Thread-1:DataTree@1716] - The digest value is empty in snapshot
2021-11-08 11:28:12,562 [myid:-1] - INFO  [Thread-1:ZKDatabase@290] - Snapshot loaded in 9 ms, highest zxid is 0x0, digest is 1371985504
2021-11-08 11:28:12,563 [myid:-1] - INFO  [Thread-1:FileTxnSnapLog@479] - Snapshotting: 0x0 to \tmp\zookeeper\version-2\snapshot.0
2021-11-08 11:28:12,567 [myid:-1] - INFO  [Thread-1:ZooKeeperServer@543] - Snapshot taken in 4 ms
2021-11-08 11:28:12,574 [myid:-1] - INFO  [ProcessThread(sid:0 cport:2181)::PrepRequestProcessor@137] - PrepRequestProcessor (sid:0) started, reconfigEnabled=true
2021-11-08 11:28:12,575 [myid:-1] - INFO  [Thread-1:RequestThrottler@75] - zookeeper.request_throttler.shutdownTimeout = 10000
2021-11-08 11:28:12,586 [myid:-1] - INFO  [Thread-1:ContainerManager@84] - Using checkIntervalMs=60000 maxPerMinute=10000 maxNeverUsedIntervalMs=0
2021-11-08 11:28:12,586 [myid:-1] - INFO  [Thread-1:ZKAuditProvider@42] - ZooKeeper audit is disabled.
2021-11-08 11:28:12,622 [myid:] - INFO  [main:FourLetterWordMain@94] - connecting to 127.0.0.1 27380
2021-11-08 11:28:14,640 [myid:] - INFO  [main:ClientBase@264] - server 127.0.0.1:27380 not up: java.net.ConnectException: Connection refused: connect
2021-11-08 11:28:14,891 [myid:] - INFO  [main:FourLetterWordMain@94] - connecting to 127.0.0.1 27380
2021-11-08 11:28:16,942 [myid:] - INFO  [main:ClientBase@264] - server 127.0.0.1:27380 not up: java.net.ConnectException: Connection refused: connect
2021-11-08 11:28:17,192 [myid:] - INFO  [main:FourLetterWordMain@94] - connecting to 127.0.0.1 27380
2021-11-08 11:28:19,226 [myid:] - INFO  [main:ClientBase@264] - server 127.0.0.1:27380 not up: java.net.ConnectException: Connection refused: connect
2021-11-08 11:28:19,477 [myid:] - INFO  [main:FourLetterWordMain@94] - connecting to 127.0.0.1 27380
2021-11-08 11:28:21,510 [myid:] - INFO  [main:ClientBase@264] - server 127.0.0.1:27380 not up: java.net.ConnectException: Connection refused: connect
2021-11-08 11:28:21,760 [myid:] - INFO  [main:FourLetterWordMain@94] - connecting to 127.0.0.1 27380
2021-11-08 11:28:23,779 [myid:] - INFO  [main:ClientBase@264] - server 127.0.0.1:27380 not up: java.net.ConnectException: Connection refused: connect
2021-11-08 11:28:24,029 [myid:] - INFO  [main:FourLetterWordMain@94] - connecting to 127.0.0.1 27380
2021-11-08 11:28:26,051 [myid:] - INFO  [main:ClientBase@264] - server 127.0.0.1:27380 not up: java.net.ConnectException: Connection refused: connect
2021-11-08 11:28:26,302 [myid:] - INFO  [main:FourLetterWordMain@94] - connecting to 127.0.0.1 27380
2021-11-08 11:28:28,333 [myid:] - INFO  [main:ClientBase@264] - server 127.0.0.1:27380 not up: java.net.ConnectException: Connection refused: connect
2021-11-08 11:28:28,583 [myid:] - INFO  [main:FourLetterWordMain@94] - connecting to 127.0.0.1 27380
2021-11-08 11:28:30,638 [myid:] - INFO  [main:ClientBase@264] - server 127.0.0.1:27380 not up: java.net.ConnectException: Connection refused: connect
2021-11-08 11:28:30,889 [myid:] - INFO  [main:FourLetterWordMain@94] - connecting to 127.0.0.1 27380
2021-11-08 11:28:32,920 [myid:] - INFO  [main:ClientBase@264] - server 127.0.0.1:27380 not up: java.net.ConnectException: Connection refused: connect
2021-11-08 11:28:33,171 [myid:] - INFO  [main:FourLetterWordMain@94] - connecting to 127.0.0.1 27380
2021-11-08 11:28:35,198 [myid:] - INFO  [main:ClientBase@264] - server 127.0.0.1:27380 not up: java.net.ConnectException: Connection refused: connect
2021-11-08 11:28:35,726 [myid:] - INFO  [main:QuorumPeerTestBase@64] - No servers to shutdown!
2021-11-08 11:28:35,727 [myid:] - INFO  [main:ZKTestCase@82] - FINISHED Optional[public void org.apache.zookeeper.test.StandaloneTest.testNoDynamicConfig() throws java.lang.Exception]
]]></system-out>
  </testcase>
  <testcase name="testClientPortInStaticFile" classname="org.apache.zookeeper.test.StandaloneTest" time="31.761">
    <failure message="waiting for server 1 being up ==&gt; expected: &lt;true&gt; but was: &lt;false&gt;" type="org.opentest4j.AssertionFailedError"><![CDATA[org.opentest4j.AssertionFailedError: waiting for server 1 being up ==> expected: <true> but was: <false>
	at org.apache.zookeeper.test.StandaloneTest.verifyStandalone(StandaloneTest.java:109)
	at org.apache.zookeeper.test.StandaloneTest.testClientPortInStaticFile(StandaloneTest.java:103)
]]></failure>
    <system-out><![CDATA[2021-11-08 11:28:35,735 [myid:] - INFO  [main:ZKTestCase@77] - STARTING Optional[public void org.apache.zookeeper.test.StandaloneTest.testClientPortInStaticFile() throws java.lang.Exception]
2021-11-08 11:28:35,735 [myid:] - INFO  [main:PortAssignment@87] - Assigned port 27381 from range 27379 - 30071.
2021-11-08 11:28:35,736 [myid:] - INFO  [main:PortAssignment@87] - Assigned port 27382 from range 27379 - 30071.
2021-11-08 11:28:35,736 [myid:] - INFO  [main:PortAssignment@87] - Assigned port 27383 from range 27379 - 30071.
2021-11-08 11:28:35,737 [myid:] - INFO  [main:QuorumPeerTestBase$MainThread@205] - id = 1 tmpDir = D:\mysoft\faiscoGit\myStudy\ZooKeeperLearning\apache-zookeeper-3.7.0\zookeeper-server\target\surefire\test1939001619232267224.junit.dir clientPort = -1 adminServerPort = 8080
2021-11-08 11:28:35,740 [myid:] - INFO  [main:FourLetterWordMain@94] - connecting to 127.0.0.1 27381
2021-11-08 11:28:35,740 [myid:] - INFO  [Thread-3:QuorumPeerConfig@174] - Reading configuration from: D:\mysoft\faiscoGit\myStudy\ZooKeeperLearning\apache-zookeeper-3.7.0\zookeeper-server\target\surefire\test1939001619232267224.junit.dir\zoo.cfg
2021-11-08 11:28:35,740 [myid:] - INFO  [Thread-3:QuorumPeerConfig@435] - clientPort is not set
2021-11-08 11:28:35,740 [myid:] - INFO  [Thread-3:QuorumPeerConfig@448] - secureClientPort is not set
2021-11-08 11:28:35,740 [myid:] - INFO  [Thread-3:QuorumPeerConfig@464] - observerMasterPort is not set
2021-11-08 11:28:35,740 [myid:] - INFO  [Thread-3:QuorumPeerConfig@481] - metricsProvider.className is org.apache.zookeeper.metrics.impl.DefaultMetricsProvider
2021-11-08 11:28:35,743 [myid:] - ERROR [Thread-3:QuorumPeerConfig@706] - Invalid configuration, only one server specified (ignoring)
2021-11-08 11:28:35,743 [myid:1] - INFO  [Thread-3:DatadirCleanupManager@78] - autopurge.snapRetainCount set to 3
2021-11-08 11:28:35,743 [myid:1] - INFO  [Thread-3:DatadirCleanupManager@79] - autopurge.purgeInterval set to 0
2021-11-08 11:28:35,744 [myid:1] - INFO  [Thread-3:DatadirCleanupManager@101] - Purge task is not scheduled.
2021-11-08 11:28:35,744 [myid:1] - WARN  [Thread-3:QuorumPeerMain@139] - Either no config or no quorum defined in config, running in standalone mode
2021-11-08 11:28:35,744 [myid:1] - INFO  [Thread-3:ManagedUtil@44] - Log4j 1.2 jmx support found and enabled.
2021-11-08 11:28:35,744 [myid:1] - ERROR [Thread-3:ManagedUtil@109] - Problems while registering log4j 1.2 jmx beans!
javax.management.InstanceAlreadyExistsException: log4j:hierarchy=default
	at com.sun.jmx.mbeanserver.Repository.addMBean(Repository.java:437)
	at com.sun.jmx.interceptor.DefaultMBeanServerInterceptor.registerWithRepository(DefaultMBeanServerInterceptor.java:1898)
	at com.sun.jmx.interceptor.DefaultMBeanServerInterceptor.registerDynamicMBean(DefaultMBeanServerInterceptor.java:966)
	at com.sun.jmx.interceptor.DefaultMBeanServerInterceptor.registerObject(DefaultMBeanServerInterceptor.java:900)
	at com.sun.jmx.interceptor.DefaultMBeanServerInterceptor.registerMBean(DefaultMBeanServerInterceptor.java:324)
	at com.sun.jmx.mbeanserver.JmxMBeanServer.registerMBean(JmxMBeanServer.java:522)
	at org.apache.zookeeper.jmx.ManagedUtil.registerLog4jMBeans(ManagedUtil.java:72)
	at org.apache.zookeeper.server.ZooKeeperServerMain.initializeAndRun(ZooKeeperServerMain.java:101)
	at org.apache.zookeeper.server.ZooKeeperServerMain.main(ZooKeeperServerMain.java:68)
	at org.apache.zookeeper.server.quorum.QuorumPeerMain.initializeAndRun(QuorumPeerMain.java:141)
	at org.apache.zookeeper.server.quorum.QuorumPeerTestBase$MainThread.run(QuorumPeerTestBase.java:329)
	at java.lang.Thread.run(Thread.java:745)
2021-11-08 11:28:35,745 [myid:1] - WARN  [Thread-3:ZooKeeperServerMain@103] - Unable to register log4j JMX control
javax.management.JMException: javax.management.InstanceAlreadyExistsException: log4j:hierarchy=default
	at org.apache.zookeeper.jmx.ManagedUtil.registerLog4jMBeans(ManagedUtil.java:110)
	at org.apache.zookeeper.server.ZooKeeperServerMain.initializeAndRun(ZooKeeperServerMain.java:101)
	at org.apache.zookeeper.server.ZooKeeperServerMain.main(ZooKeeperServerMain.java:68)
	at org.apache.zookeeper.server.quorum.QuorumPeerMain.initializeAndRun(QuorumPeerMain.java:141)
	at org.apache.zookeeper.server.quorum.QuorumPeerTestBase$MainThread.run(QuorumPeerTestBase.java:329)
	at java.lang.Thread.run(Thread.java:745)
2021-11-08 11:28:35,745 [myid:1] - INFO  [Thread-3:QuorumPeerConfig@174] - Reading configuration from: D:\mysoft\faiscoGit\myStudy\ZooKeeperLearning\apache-zookeeper-3.7.0\conf\zoo_sample.cfg
2021-11-08 11:28:35,745 [myid:1] - WARN  [Thread-3:VerifyingFileFactory@65] - \tmp\zookeeper is relative. Prepend .\ to indicate that you're sure!
2021-11-08 11:28:35,745 [myid:1] - INFO  [Thread-3:QuorumPeerConfig@444] - clientPortAddress is 0.0.0.0:2181
2021-11-08 11:28:35,745 [myid:1] - INFO  [Thread-3:QuorumPeerConfig@448] - secureClientPort is not set
2021-11-08 11:28:35,745 [myid:1] - INFO  [Thread-3:QuorumPeerConfig@464] - observerMasterPort is not set
2021-11-08 11:28:35,746 [myid:1] - INFO  [Thread-3:QuorumPeerConfig@481] - metricsProvider.className is org.apache.zookeeper.metrics.impl.DefaultMetricsProvider
2021-11-08 11:28:35,746 [myid:1] - INFO  [Thread-3:ZooKeeperServerMain@123] - Starting server
2021-11-08 11:28:35,746 [myid:1] - INFO  [Thread-3:ServerMetrics@62] - ServerMetrics initialized with provider org.apache.zookeeper.metrics.impl.DefaultMetricsProvider@6ed2202a
2021-11-08 11:28:35,746 [myid:1] - INFO  [Thread-3:DigestAuthenticationProvider@61] - zookeeper.DigestAuthenticationProvider.enabled = true
2021-11-08 11:28:35,746 [myid:1] - INFO  [Thread-3:FileTxnSnapLog@124] - zookeeper.snapshot.trust.empty : false
2021-11-08 11:28:35,746 [myid:1] - INFO  [Thread-3:ZooKeeperServer@1300] - minSessionTimeout set to 4000
2021-11-08 11:28:35,746 [myid:1] - INFO  [Thread-3:ZooKeeperServer@1309] - maxSessionTimeout set to 40000
2021-11-08 11:28:35,746 [myid:1] - INFO  [Thread-3:ResponseCache@45] - getData response cache size is initialized with value 400.
2021-11-08 11:28:35,746 [myid:1] - INFO  [Thread-3:ResponseCache@45] - getChildren response cache size is initialized with value 400.
2021-11-08 11:28:35,747 [myid:1] - INFO  [Thread-3:RequestPathMetricsCollector@109] - zookeeper.pathStats.slotCapacity = 60
2021-11-08 11:28:35,747 [myid:1] - INFO  [Thread-3:RequestPathMetricsCollector@110] - zookeeper.pathStats.slotDuration = 15
2021-11-08 11:28:35,747 [myid:1] - INFO  [Thread-3:RequestPathMetricsCollector@111] - zookeeper.pathStats.maxDepth = 6
2021-11-08 11:28:35,747 [myid:1] - INFO  [Thread-3:RequestPathMetricsCollector@112] - zookeeper.pathStats.initialDelay = 5
2021-11-08 11:28:35,747 [myid:1] - INFO  [Thread-3:RequestPathMetricsCollector@113] - zookeeper.pathStats.delay = 5
2021-11-08 11:28:35,747 [myid:1] - INFO  [Thread-3:RequestPathMetricsCollector@114] - zookeeper.pathStats.enabled = false
2021-11-08 11:28:35,747 [myid:1] - INFO  [Thread-3:ZooKeeperServer@1536] - The max bytes for all large requests are set to 104857600
2021-11-08 11:28:35,747 [myid:1] - INFO  [Thread-3:ZooKeeperServer@1550] - The large request threshold is set to -1
2021-11-08 11:28:35,747 [myid:1] - INFO  [Thread-3:AuthenticationHelper@66] - zookeeper.enforce.auth.enabled = false
2021-11-08 11:28:35,747 [myid:1] - INFO  [Thread-3:AuthenticationHelper@67] - zookeeper.enforce.auth.schemes = []
2021-11-08 11:28:35,747 [myid:1] - INFO  [Thread-3:ZooKeeperServer@361] - Created server with tickTime 2000 minSessionTimeout 4000 maxSessionTimeout 40000 clientPortListenBacklog -1 datadir \tmp\zookeeper\version-2 snapdir \tmp\zookeeper\version-2
2021-11-08 11:28:35,747 [myid:1] - INFO  [Thread-3:ServerCnxnFactory@169] - Using org.apache.zookeeper.server.NIOServerCnxnFactory as server connection factory
2021-11-08 11:28:35,748 [myid:1] - WARN  [Thread-3:ServerCnxnFactory@309] - maxCnxns is not configured, using default value 0.
2021-11-08 11:28:35,748 [myid:1] - INFO  [Thread-3:NIOServerCnxnFactory@652] - Configuring NIO connection handler with 10s sessionless connection timeout, 1 selector thread(s), 12 worker threads, and 64 kB direct buffers.
2021-11-08 11:28:35,749 [myid:1] - INFO  [Thread-3:NIOServerCnxnFactory@660] - binding to port 0.0.0.0/0.0.0.0:2181
2021-11-08 11:28:35,749 [myid:1] - ERROR [Thread-3:ZooKeeperServerMain@91] - Unexpected exception, exiting abnormally
java.net.BindException: Address already in use: bind
	at sun.nio.ch.Net.bind0(Native Method)
	at sun.nio.ch.Net.bind(Net.java:436)
	at sun.nio.ch.Net.bind(Net.java:428)
	at sun.nio.ch.ServerSocketChannelImpl.bind(ServerSocketChannelImpl.java:214)
	at sun.nio.ch.ServerSocketAdaptor.bind(ServerSocketAdaptor.java:74)
	at sun.nio.ch.ServerSocketAdaptor.bind(ServerSocketAdaptor.java:67)
	at org.apache.zookeeper.server.NIOServerCnxnFactory.configure(NIOServerCnxnFactory.java:662)
	at org.apache.zookeeper.server.ZooKeeperServerMain.runFromConfig(ZooKeeperServerMain.java:160)
	at org.apache.zookeeper.server.ZooKeeperServerMain.initializeAndRun(ZooKeeperServerMain.java:113)
	at org.apache.zookeeper.server.ZooKeeperServerMain.main(ZooKeeperServerMain.java:68)
	at org.apache.zookeeper.server.quorum.QuorumPeerMain.initializeAndRun(QuorumPeerMain.java:141)
	at org.apache.zookeeper.server.quorum.QuorumPeerTestBase$MainThread.run(QuorumPeerTestBase.java:329)
	at java.lang.Thread.run(Thread.java:745)
2021-11-08 11:28:35,750 [myid:1] - ERROR [Thread-3:ServiceUtils@50] - Fatal error, JVM should exit with code 1. Actually System.exit is disabled
2021-11-08 11:28:35,750 [myid:1] - INFO  [Thread-3:ZooKeeperServerMain@95] - Exiting normally
2021-11-08 11:28:35,750 [myid:1] - ERROR [Thread-3:ServiceUtils@50] - Fatal error, JVM should exit with code 0. Actually System.exit is disabled
2021-11-08 11:28:37,803 [myid:] - INFO  [main:ClientBase@264] - server 127.0.0.1:27381 not up: java.net.ConnectException: Connection refused: connect
2021-11-08 11:28:38,053 [myid:] - INFO  [main:FourLetterWordMain@94] - connecting to 127.0.0.1 27381
2021-11-08 11:28:40,068 [myid:] - INFO  [main:ClientBase@264] - server 127.0.0.1:27381 not up: java.net.ConnectException: Connection refused: connect
2021-11-08 11:28:40,318 [myid:] - INFO  [main:FourLetterWordMain@94] - connecting to 127.0.0.1 27381
2021-11-08 11:28:42,367 [myid:] - INFO  [main:ClientBase@264] - server 127.0.0.1:27381 not up: java.net.ConnectException: Connection refused: connect
2021-11-08 11:28:42,618 [myid:] - INFO  [main:FourLetterWordMain@94] - connecting to 127.0.0.1 27381
2021-11-08 11:28:44,634 [myid:] - INFO  [main:ClientBase@264] - server 127.0.0.1:27381 not up: java.net.ConnectException: Connection refused: connect
2021-11-08 11:28:44,884 [myid:] - INFO  [main:FourLetterWordMain@94] - connecting to 127.0.0.1 27381
2021-11-08 11:28:46,914 [myid:] - INFO  [main:ClientBase@264] - server 127.0.0.1:27381 not up: java.net.ConnectException: Connection refused: connect
2021-11-08 11:28:47,164 [myid:] - INFO  [main:FourLetterWordMain@94] - connecting to 127.0.0.1 27381
2021-11-08 11:28:49,220 [myid:] - INFO  [main:ClientBase@264] - server 127.0.0.1:27381 not up: java.net.ConnectException: Connection refused: connect
2021-11-08 11:28:49,470 [myid:] - INFO  [main:FourLetterWordMain@94] - connecting to 127.0.0.1 27381
2021-11-08 11:28:51,486 [myid:] - INFO  [main:ClientBase@264] - server 127.0.0.1:27381 not up: java.net.ConnectException: Connection refused: connect
2021-11-08 11:28:51,736 [myid:] - INFO  [main:FourLetterWordMain@94] - connecting to 127.0.0.1 27381
2021-11-08 11:28:53,766 [myid:] - INFO  [main:ClientBase@264] - server 127.0.0.1:27381 not up: java.net.ConnectException: Connection refused: connect
2021-11-08 11:28:54,018 [myid:] - INFO  [main:FourLetterWordMain@94] - connecting to 127.0.0.1 27381
2021-11-08 11:28:56,068 [myid:] - INFO  [main:ClientBase@264] - server 127.0.0.1:27381 not up: java.net.ConnectException: Connection refused: connect
2021-11-08 11:28:56,319 [myid:] - INFO  [main:FourLetterWordMain@94] - connecting to 127.0.0.1 27381
2021-11-08 11:28:58,331 [myid:] - INFO  [main:ClientBase@264] - server 127.0.0.1:27381 not up: java.net.ConnectException: Connection refused: connect
2021-11-08 11:28:58,582 [myid:] - INFO  [main:FourLetterWordMain@94] - connecting to 127.0.0.1 27381
2021-11-08 11:29:00,632 [myid:] - INFO  [main:ClientBase@264] - server 127.0.0.1:27381 not up: java.net.ConnectException: Connection refused: connect
2021-11-08 11:29:00,883 [myid:] - INFO  [main:FourLetterWordMain@94] - connecting to 127.0.0.1 27381
2021-11-08 11:29:02,896 [myid:] - INFO  [main:ClientBase@264] - server 127.0.0.1:27381 not up: java.net.ConnectException: Connection refused: connect
2021-11-08 11:29:03,146 [myid:] - INFO  [main:FourLetterWordMain@94] - connecting to 127.0.0.1 27381
2021-11-08 11:29:05,207 [myid:] - INFO  [main:ClientBase@264] - server 127.0.0.1:27381 not up: java.net.ConnectException: Connection refused: connect
2021-11-08 11:29:05,459 [myid:] - INFO  [main:FourLetterWordMain@94] - connecting to 127.0.0.1 27381
2021-11-08 11:29:07,493 [myid:] - INFO  [main:ClientBase@264] - server 127.0.0.1:27381 not up: java.net.ConnectException: Connection refused: connect
2021-11-08 11:29:07,493 [myid:] - INFO  [main:QuorumPeerTestBase@64] - No servers to shutdown!
2021-11-08 11:29:07,494 [myid:] - INFO  [main:ZKTestCase@82] - FINISHED Optional[public void org.apache.zookeeper.test.StandaloneTest.testClientPortInStaticFile() throws java.lang.Exception]
]]></system-out>
  </testcase>
  <testcase name="testStandaloneReconfigFails" classname="org.apache.zookeeper.test.StandaloneTest" time="11.285"/>
  <testcase name="testClientPortInDynamicFile" classname="org.apache.zookeeper.test.StandaloneTest" time="31.816">
    <failure message="waiting for server 1 being up ==&gt; expected: &lt;true&gt; but was: &lt;false&gt;" type="org.opentest4j.AssertionFailedError"><![CDATA[org.opentest4j.AssertionFailedError: waiting for server 1 being up ==> expected: <true> but was: <false>
	at org.apache.zookeeper.test.StandaloneTest.verifyStandalone(StandaloneTest.java:109)
	at org.apache.zookeeper.test.StandaloneTest.testClientPortInDynamicFile(StandaloneTest.java:87)
]]></failure>
    <system-out><![CDATA[2021-11-08 11:29:18,781 [myid:] - INFO  [main:ZKTestCase@77] - STARTING Optional[public void org.apache.zookeeper.test.StandaloneTest.testClientPortInDynamicFile() throws java.lang.Exception]
2021-11-08 11:29:18,782 [myid:] - INFO  [main:PortAssignment@87] - Assigned port 27385 from range 27379 - 30071.
2021-11-08 11:29:18,782 [myid:] - INFO  [main:PortAssignment@87] - Assigned port 27386 from range 27379 - 30071.
2021-11-08 11:29:18,782 [myid:] - INFO  [main:PortAssignment@87] - Assigned port 27387 from range 27379 - 30071.
2021-11-08 11:29:18,787 [myid:] - INFO  [main:QuorumPeerTestBase$MainThread@205] - id = 1 tmpDir = D:\mysoft\faiscoGit\myStudy\ZooKeeperLearning\apache-zookeeper-3.7.0\zookeeper-server\target\surefire\test7723755368247126139.junit.dir clientPort = -1 adminServerPort = 8080
2021-11-08 11:29:18,789 [myid:] - INFO  [main:FourLetterWordMain@94] - connecting to 127.0.0.1 27385
2021-11-08 11:29:18,789 [myid:] - INFO  [Thread-4:QuorumPeerConfig@174] - Reading configuration from: D:\mysoft\faiscoGit\myStudy\ZooKeeperLearning\apache-zookeeper-3.7.0\zookeeper-server\target\surefire\test7723755368247126139.junit.dir\zoo.cfg
2021-11-08 11:29:18,790 [myid:] - INFO  [Thread-4:QuorumPeerConfig@435] - clientPort is not set
2021-11-08 11:29:18,790 [myid:] - INFO  [Thread-4:QuorumPeerConfig@448] - secureClientPort is not set
2021-11-08 11:29:18,790 [myid:] - INFO  [Thread-4:QuorumPeerConfig@464] - observerMasterPort is not set
2021-11-08 11:29:18,790 [myid:] - INFO  [Thread-4:QuorumPeerConfig@481] - metricsProvider.className is org.apache.zookeeper.metrics.impl.DefaultMetricsProvider
2021-11-08 11:29:18,790 [myid:] - ERROR [Thread-4:QuorumPeerConfig@706] - Invalid configuration, only one server specified (ignoring)
2021-11-08 11:29:18,791 [myid:1] - INFO  [Thread-4:DatadirCleanupManager@78] - autopurge.snapRetainCount set to 3
2021-11-08 11:29:18,791 [myid:1] - INFO  [Thread-4:DatadirCleanupManager@79] - autopurge.purgeInterval set to 0
2021-11-08 11:29:18,791 [myid:1] - INFO  [Thread-4:DatadirCleanupManager@101] - Purge task is not scheduled.
2021-11-08 11:29:18,791 [myid:1] - WARN  [Thread-4:QuorumPeerMain@139] - Either no config or no quorum defined in config, running in standalone mode
2021-11-08 11:29:18,791 [myid:1] - INFO  [Thread-4:ManagedUtil@44] - Log4j 1.2 jmx support found and enabled.
2021-11-08 11:29:18,791 [myid:1] - ERROR [Thread-4:ManagedUtil@109] - Problems while registering log4j 1.2 jmx beans!
javax.management.InstanceAlreadyExistsException: log4j:hierarchy=default
	at com.sun.jmx.mbeanserver.Repository.addMBean(Repository.java:437)
	at com.sun.jmx.interceptor.DefaultMBeanServerInterceptor.registerWithRepository(DefaultMBeanServerInterceptor.java:1898)
	at com.sun.jmx.interceptor.DefaultMBeanServerInterceptor.registerDynamicMBean(DefaultMBeanServerInterceptor.java:966)
	at com.sun.jmx.interceptor.DefaultMBeanServerInterceptor.registerObject(DefaultMBeanServerInterceptor.java:900)
	at com.sun.jmx.interceptor.DefaultMBeanServerInterceptor.registerMBean(DefaultMBeanServerInterceptor.java:324)
	at com.sun.jmx.mbeanserver.JmxMBeanServer.registerMBean(JmxMBeanServer.java:522)
	at org.apache.zookeeper.jmx.ManagedUtil.registerLog4jMBeans(ManagedUtil.java:72)
	at org.apache.zookeeper.server.ZooKeeperServerMain.initializeAndRun(ZooKeeperServerMain.java:101)
	at org.apache.zookeeper.server.ZooKeeperServerMain.main(ZooKeeperServerMain.java:68)
	at org.apache.zookeeper.server.quorum.QuorumPeerMain.initializeAndRun(QuorumPeerMain.java:141)
	at org.apache.zookeeper.server.quorum.QuorumPeerTestBase$MainThread.run(QuorumPeerTestBase.java:329)
	at java.lang.Thread.run(Thread.java:745)
2021-11-08 11:29:18,791 [myid:1] - WARN  [Thread-4:ZooKeeperServerMain@103] - Unable to register log4j JMX control
javax.management.JMException: javax.management.InstanceAlreadyExistsException: log4j:hierarchy=default
	at org.apache.zookeeper.jmx.ManagedUtil.registerLog4jMBeans(ManagedUtil.java:110)
	at org.apache.zookeeper.server.ZooKeeperServerMain.initializeAndRun(ZooKeeperServerMain.java:101)
	at org.apache.zookeeper.server.ZooKeeperServerMain.main(ZooKeeperServerMain.java:68)
	at org.apache.zookeeper.server.quorum.QuorumPeerMain.initializeAndRun(QuorumPeerMain.java:141)
	at org.apache.zookeeper.server.quorum.QuorumPeerTestBase$MainThread.run(QuorumPeerTestBase.java:329)
	at java.lang.Thread.run(Thread.java:745)
2021-11-08 11:29:18,791 [myid:1] - INFO  [Thread-4:QuorumPeerConfig@174] - Reading configuration from: D:\mysoft\faiscoGit\myStudy\ZooKeeperLearning\apache-zookeeper-3.7.0\conf\zoo_sample.cfg
2021-11-08 11:29:18,791 [myid:1] - WARN  [Thread-4:VerifyingFileFactory@65] - \tmp\zookeeper is relative. Prepend .\ to indicate that you're sure!
2021-11-08 11:29:18,792 [myid:1] - INFO  [Thread-4:QuorumPeerConfig@444] - clientPortAddress is 0.0.0.0:2181
2021-11-08 11:29:18,792 [myid:1] - INFO  [Thread-4:QuorumPeerConfig@448] - secureClientPort is not set
2021-11-08 11:29:18,792 [myid:1] - INFO  [Thread-4:QuorumPeerConfig@464] - observerMasterPort is not set
2021-11-08 11:29:18,792 [myid:1] - INFO  [Thread-4:QuorumPeerConfig@481] - metricsProvider.className is org.apache.zookeeper.metrics.impl.DefaultMetricsProvider
2021-11-08 11:29:18,792 [myid:1] - INFO  [Thread-4:ZooKeeperServerMain@123] - Starting server
2021-11-08 11:29:18,792 [myid:1] - INFO  [Thread-4:ServerMetrics@62] - ServerMetrics initialized with provider org.apache.zookeeper.metrics.impl.DefaultMetricsProvider@44c23dea
2021-11-08 11:29:18,792 [myid:1] - INFO  [Thread-4:DigestAuthenticationProvider@61] - zookeeper.DigestAuthenticationProvider.enabled = true
2021-11-08 11:29:18,792 [myid:1] - INFO  [Thread-4:FileTxnSnapLog@124] - zookeeper.snapshot.trust.empty : false
2021-11-08 11:29:18,792 [myid:1] - INFO  [Thread-4:ZooKeeperServer@1300] - minSessionTimeout set to 4000
2021-11-08 11:29:18,792 [myid:1] - INFO  [Thread-4:ZooKeeperServer@1309] - maxSessionTimeout set to 40000
2021-11-08 11:29:18,792 [myid:1] - INFO  [Thread-4:ResponseCache@45] - getData response cache size is initialized with value 400.
2021-11-08 11:29:18,792 [myid:1] - INFO  [Thread-4:ResponseCache@45] - getChildren response cache size is initialized with value 400.
2021-11-08 11:29:18,792 [myid:1] - INFO  [Thread-4:RequestPathMetricsCollector@109] - zookeeper.pathStats.slotCapacity = 60
2021-11-08 11:29:18,792 [myid:1] - INFO  [Thread-4:RequestPathMetricsCollector@110] - zookeeper.pathStats.slotDuration = 15
2021-11-08 11:29:18,793 [myid:1] - INFO  [Thread-4:RequestPathMetricsCollector@111] - zookeeper.pathStats.maxDepth = 6
2021-11-08 11:29:18,793 [myid:1] - INFO  [Thread-4:RequestPathMetricsCollector@112] - zookeeper.pathStats.initialDelay = 5
2021-11-08 11:29:18,793 [myid:1] - INFO  [Thread-4:RequestPathMetricsCollector@113] - zookeeper.pathStats.delay = 5
2021-11-08 11:29:18,793 [myid:1] - INFO  [Thread-4:RequestPathMetricsCollector@114] - zookeeper.pathStats.enabled = false
2021-11-08 11:29:18,793 [myid:1] - INFO  [Thread-4:ZooKeeperServer@1536] - The max bytes for all large requests are set to 104857600
2021-11-08 11:29:18,793 [myid:1] - INFO  [Thread-4:ZooKeeperServer@1550] - The large request threshold is set to -1
2021-11-08 11:29:18,793 [myid:1] - INFO  [Thread-4:AuthenticationHelper@66] - zookeeper.enforce.auth.enabled = false
2021-11-08 11:29:18,793 [myid:1] - INFO  [Thread-4:AuthenticationHelper@67] - zookeeper.enforce.auth.schemes = []
2021-11-08 11:29:18,793 [myid:1] - INFO  [Thread-4:ZooKeeperServer@361] - Created server with tickTime 2000 minSessionTimeout 4000 maxSessionTimeout 40000 clientPortListenBacklog -1 datadir \tmp\zookeeper\version-2 snapdir \tmp\zookeeper\version-2
2021-11-08 11:29:18,793 [myid:1] - INFO  [Thread-4:ServerCnxnFactory@169] - Using org.apache.zookeeper.server.NIOServerCnxnFactory as server connection factory
2021-11-08 11:29:18,793 [myid:1] - WARN  [Thread-4:ServerCnxnFactory@309] - maxCnxns is not configured, using default value 0.
2021-11-08 11:29:18,793 [myid:1] - INFO  [Thread-4:NIOServerCnxnFactory@652] - Configuring NIO connection handler with 10s sessionless connection timeout, 1 selector thread(s), 12 worker threads, and 64 kB direct buffers.
2021-11-08 11:29:18,794 [myid:1] - INFO  [Thread-4:NIOServerCnxnFactory@660] - binding to port 0.0.0.0/0.0.0.0:2181
2021-11-08 11:29:18,794 [myid:1] - ERROR [Thread-4:ZooKeeperServerMain@91] - Unexpected exception, exiting abnormally
java.net.BindException: Address already in use: bind
	at sun.nio.ch.Net.bind0(Native Method)
	at sun.nio.ch.Net.bind(Net.java:436)
	at sun.nio.ch.Net.bind(Net.java:428)
	at sun.nio.ch.ServerSocketChannelImpl.bind(ServerSocketChannelImpl.java:214)
	at sun.nio.ch.ServerSocketAdaptor.bind(ServerSocketAdaptor.java:74)
	at sun.nio.ch.ServerSocketAdaptor.bind(ServerSocketAdaptor.java:67)
	at org.apache.zookeeper.server.NIOServerCnxnFactory.configure(NIOServerCnxnFactory.java:662)
	at org.apache.zookeeper.server.ZooKeeperServerMain.runFromConfig(ZooKeeperServerMain.java:160)
	at org.apache.zookeeper.server.ZooKeeperServerMain.initializeAndRun(ZooKeeperServerMain.java:113)
	at org.apache.zookeeper.server.ZooKeeperServerMain.main(ZooKeeperServerMain.java:68)
	at org.apache.zookeeper.server.quorum.QuorumPeerMain.initializeAndRun(QuorumPeerMain.java:141)
	at org.apache.zookeeper.server.quorum.QuorumPeerTestBase$MainThread.run(QuorumPeerTestBase.java:329)
	at java.lang.Thread.run(Thread.java:745)
2021-11-08 11:29:18,794 [myid:1] - ERROR [Thread-4:ServiceUtils@50] - Fatal error, JVM should exit with code 1. Actually System.exit is disabled
2021-11-08 11:29:18,794 [myid:1] - INFO  [Thread-4:ZooKeeperServerMain@95] - Exiting normally
2021-11-08 11:29:18,794 [myid:1] - ERROR [Thread-4:ServiceUtils@50] - Fatal error, JVM should exit with code 0. Actually System.exit is disabled
2021-11-08 11:29:20,171 [myid:127.0.0.1:27384] - WARN  [main-SendThread(127.0.0.1:27384):ClientCnxn$SendThread@1290] - Session 0x1005817d8b80000 for sever xmind.net/127.0.0.1:27384, Closing socket connection. Attempting reconnect except it is a SessionExpiredException.
java.net.ConnectException: Connection refused: no further information
	at sun.nio.ch.SocketChannelImpl.checkConnect(Native Method)
	at sun.nio.ch.SocketChannelImpl.finishConnect(SocketChannelImpl.java:716)
	at org.apache.zookeeper.ClientCnxnSocketNIO.doTransport(ClientCnxnSocketNIO.java:344)
	at org.apache.zookeeper.ClientCnxn$SendThread.run(ClientCnxn.java:1280)
2021-11-08 11:29:20,830 [myid:] - INFO  [main:ClientBase@264] - server 127.0.0.1:27385 not up: java.net.ConnectException: Connection refused: connect
2021-11-08 11:29:21,081 [myid:] - INFO  [main:FourLetterWordMain@94] - connecting to 127.0.0.1 27385
2021-11-08 11:29:21,637 [myid:127.0.0.1:27384] - INFO  [main-SendThread(127.0.0.1:27384):ClientCnxn$SendThread@1171] - Opening socket connection to server xmind.net/127.0.0.1:27384.
2021-11-08 11:29:21,637 [myid:127.0.0.1:27384] - INFO  [main-SendThread(127.0.0.1:27384):ClientCnxn$SendThread@1173] - SASL config status: Will not attempt to authenticate using SASL (unknown error)
2021-11-08 11:29:23,106 [myid:] - INFO  [main:ClientBase@264] - server 127.0.0.1:27385 not up: java.net.ConnectException: Connection refused: connect
2021-11-08 11:29:23,357 [myid:] - INFO  [main:FourLetterWordMain@94] - connecting to 127.0.0.1 27385
2021-11-08 11:29:23,672 [myid:127.0.0.1:27384] - WARN  [main-SendThread(127.0.0.1:27384):ClientCnxn$SendThread@1290] - Session 0x1005817d8b80000 for sever xmind.net/127.0.0.1:27384, Closing socket connection. Attempting reconnect except it is a SessionExpiredException.
java.net.ConnectException: Connection refused: no further information
	at sun.nio.ch.SocketChannelImpl.checkConnect(Native Method)
	at sun.nio.ch.SocketChannelImpl.finishConnect(SocketChannelImpl.java:716)
	at org.apache.zookeeper.ClientCnxnSocketNIO.doTransport(ClientCnxnSocketNIO.java:344)
	at org.apache.zookeeper.ClientCnxn$SendThread.run(ClientCnxn.java:1280)
2021-11-08 11:29:24,917 [myid:127.0.0.1:27384] - INFO  [main-SendThread(127.0.0.1:27384):ClientCnxn$SendThread@1171] - Opening socket connection to server xmind.net/127.0.0.1:27384.
2021-11-08 11:29:24,917 [myid:127.0.0.1:27384] - INFO  [main-SendThread(127.0.0.1:27384):ClientCnxn$SendThread@1173] - SASL config status: Will not attempt to authenticate using SASL (unknown error)
2021-11-08 11:29:25,384 [myid:] - INFO  [main:ClientBase@264] - server 127.0.0.1:27385 not up: java.net.ConnectException: Connection refused: connect
2021-11-08 11:29:25,634 [myid:] - INFO  [main:FourLetterWordMain@94] - connecting to 127.0.0.1 27385
2021-11-08 11:29:26,946 [myid:127.0.0.1:27384] - WARN  [main-SendThread(127.0.0.1:27384):ClientCnxn$SendThread@1290] - Session 0x1005817d8b80000 for sever xmind.net/127.0.0.1:27384, Closing socket connection. Attempting reconnect except it is a SessionExpiredException.
java.net.ConnectException: Connection refused: no further information
	at sun.nio.ch.SocketChannelImpl.checkConnect(Native Method)
	at sun.nio.ch.SocketChannelImpl.finishConnect(SocketChannelImpl.java:716)
	at org.apache.zookeeper.ClientCnxnSocketNIO.doTransport(ClientCnxnSocketNIO.java:344)
	at org.apache.zookeeper.ClientCnxn$SendThread.run(ClientCnxn.java:1280)
2021-11-08 11:29:27,664 [myid:] - INFO  [main:ClientBase@264] - server 127.0.0.1:27385 not up: java.net.ConnectException: Connection refused: connect
2021-11-08 11:29:27,915 [myid:] - INFO  [main:FourLetterWordMain@94] - connecting to 127.0.0.1 27385
2021-11-08 11:29:29,008 [myid:127.0.0.1:27384] - INFO  [main-SendThread(127.0.0.1:27384):ClientCnxn$SendThread@1171] - Opening socket connection to server xmind.net/127.0.0.1:27384.
2021-11-08 11:29:29,008 [myid:127.0.0.1:27384] - INFO  [main-SendThread(127.0.0.1:27384):ClientCnxn$SendThread@1173] - SASL config status: Will not attempt to authenticate using SASL (unknown error)
2021-11-08 11:29:29,956 [myid:] - INFO  [main:ClientBase@264] - server 127.0.0.1:27385 not up: java.net.ConnectException: Connection refused: connect
2021-11-08 11:29:30,206 [myid:] - INFO  [main:FourLetterWordMain@94] - connecting to 127.0.0.1 27385
2021-11-08 11:29:31,034 [myid:127.0.0.1:27384] - WARN  [main-SendThread(127.0.0.1:27384):ClientCnxn$SendThread@1290] - Session 0x1005817d8b80000 for sever xmind.net/127.0.0.1:27384, Closing socket connection. Attempting reconnect except it is a SessionExpiredException.
java.net.ConnectException: Connection refused: no further information
	at sun.nio.ch.SocketChannelImpl.checkConnect(Native Method)
	at sun.nio.ch.SocketChannelImpl.finishConnect(SocketChannelImpl.java:716)
	at org.apache.zookeeper.ClientCnxnSocketNIO.doTransport(ClientCnxnSocketNIO.java:344)
	at org.apache.zookeeper.ClientCnxn$SendThread.run(ClientCnxn.java:1280)
2021-11-08 11:29:32,247 [myid:] - INFO  [main:ClientBase@264] - server 127.0.0.1:27385 not up: java.net.ConnectException: Connection refused: connect
2021-11-08 11:29:32,498 [myid:] - INFO  [main:FourLetterWordMain@94] - connecting to 127.0.0.1 27385
2021-11-08 11:29:33,013 [myid:127.0.0.1:27384] - INFO  [main-SendThread(127.0.0.1:27384):ClientCnxn$SendThread@1171] - Opening socket connection to server xmind.net/127.0.0.1:27384.
2021-11-08 11:29:33,013 [myid:127.0.0.1:27384] - INFO  [main-SendThread(127.0.0.1:27384):ClientCnxn$SendThread@1173] - SASL config status: Will not attempt to authenticate using SASL (unknown error)
2021-11-08 11:29:34,550 [myid:] - INFO  [main:ClientBase@264] - server 127.0.0.1:27385 not up: java.net.ConnectException: Connection refused: connect
2021-11-08 11:29:34,801 [myid:] - INFO  [main:FourLetterWordMain@94] - connecting to 127.0.0.1 27385
2021-11-08 11:29:35,048 [myid:127.0.0.1:27384] - WARN  [main-SendThread(127.0.0.1:27384):ClientCnxn$SendThread@1290] - Session 0x1005817d8b80000 for sever xmind.net/127.0.0.1:27384, Closing socket connection. Attempting reconnect except it is a SessionExpiredException.
java.net.ConnectException: Connection refused: no further information
	at sun.nio.ch.SocketChannelImpl.checkConnect(Native Method)
	at sun.nio.ch.SocketChannelImpl.finishConnect(SocketChannelImpl.java:716)
	at org.apache.zookeeper.ClientCnxnSocketNIO.doTransport(ClientCnxnSocketNIO.java:344)
	at org.apache.zookeeper.ClientCnxn$SendThread.run(ClientCnxn.java:1280)
2021-11-08 11:29:36,710 [myid:127.0.0.1:27384] - INFO  [main-SendThread(127.0.0.1:27384):ClientCnxn$SendThread@1171] - Opening socket connection to server xmind.net/127.0.0.1:27384.
2021-11-08 11:29:36,710 [myid:127.0.0.1:27384] - INFO  [main-SendThread(127.0.0.1:27384):ClientCnxn$SendThread@1173] - SASL config status: Will not attempt to authenticate using SASL (unknown error)
2021-11-08 11:29:36,842 [myid:] - INFO  [main:ClientBase@264] - server 127.0.0.1:27385 not up: java.net.ConnectException: Connection refused: connect
2021-11-08 11:29:37,092 [myid:] - INFO  [main:FourLetterWordMain@94] - connecting to 127.0.0.1 27385
2021-11-08 11:29:38,730 [myid:127.0.0.1:27384] - WARN  [main-SendThread(127.0.0.1:27384):ClientCnxn$SendThread@1290] - Session 0x1005817d8b80000 for sever xmind.net/127.0.0.1:27384, Closing socket connection. Attempting reconnect except it is a SessionExpiredException.
java.net.ConnectException: Connection refused: no further information
	at sun.nio.ch.SocketChannelImpl.checkConnect(Native Method)
	at sun.nio.ch.SocketChannelImpl.finishConnect(SocketChannelImpl.java:716)
	at org.apache.zookeeper.ClientCnxnSocketNIO.doTransport(ClientCnxnSocketNIO.java:344)
	at org.apache.zookeeper.ClientCnxn$SendThread.run(ClientCnxn.java:1280)
2021-11-08 11:29:39,132 [myid:] - INFO  [main:ClientBase@264] - server 127.0.0.1:27385 not up: java.net.ConnectException: Connection refused: connect
2021-11-08 11:29:39,382 [myid:] - INFO  [main:FourLetterWordMain@94] - connecting to 127.0.0.1 27385
2021-11-08 11:29:40,122 [myid:127.0.0.1:27384] - INFO  [main-SendThread(127.0.0.1:27384):ClientCnxn$SendThread@1171] - Opening socket connection to server xmind.net/127.0.0.1:27384.
2021-11-08 11:29:40,122 [myid:127.0.0.1:27384] - INFO  [main-SendThread(127.0.0.1:27384):ClientCnxn$SendThread@1173] - SASL config status: Will not attempt to authenticate using SASL (unknown error)
2021-11-08 11:29:41,413 [myid:] - INFO  [main:ClientBase@264] - server 127.0.0.1:27385 not up: java.net.ConnectException: Connection refused: connect
2021-11-08 11:29:41,678 [myid:] - INFO  [main:FourLetterWordMain@94] - connecting to 127.0.0.1 27385
2021-11-08 11:29:42,163 [myid:127.0.0.1:27384] - WARN  [main-SendThread(127.0.0.1:27384):ClientCnxn$SendThread@1290] - Session 0x1005817d8b80000 for sever xmind.net/127.0.0.1:27384, Closing socket connection. Attempting reconnect except it is a SessionExpiredException.
java.net.ConnectException: Connection refused: no further information
	at sun.nio.ch.SocketChannelImpl.checkConnect(Native Method)
	at sun.nio.ch.SocketChannelImpl.finishConnect(SocketChannelImpl.java:716)
	at org.apache.zookeeper.ClientCnxnSocketNIO.doTransport(ClientCnxnSocketNIO.java:344)
	at org.apache.zookeeper.ClientCnxn$SendThread.run(ClientCnxn.java:1280)
2021-11-08 11:29:43,709 [myid:] - INFO  [main:ClientBase@264] - server 127.0.0.1:27385 not up: java.net.ConnectException: Connection refused: connect
2021-11-08 11:29:43,959 [myid:] - INFO  [main:FourLetterWordMain@94] - connecting to 127.0.0.1 27385
2021-11-08 11:29:44,147 [myid:127.0.0.1:27384] - INFO  [main-SendThread(127.0.0.1:27384):ClientCnxn$SendThread@1171] - Opening socket connection to server xmind.net/127.0.0.1:27384.
2021-11-08 11:29:44,147 [myid:127.0.0.1:27384] - INFO  [main-SendThread(127.0.0.1:27384):ClientCnxn$SendThread@1173] - SASL config status: Will not attempt to authenticate using SASL (unknown error)
2021-11-08 11:29:46,007 [myid:] - INFO  [main:ClientBase@264] - server 127.0.0.1:27385 not up: java.net.ConnectException: Connection refused: connect
2021-11-08 11:29:46,180 [myid:127.0.0.1:27384] - WARN  [main-SendThread(127.0.0.1:27384):ClientCnxn$SendThread@1290] - Session 0x1005817d8b80000 for sever xmind.net/127.0.0.1:27384, Closing socket connection. Attempting reconnect except it is a SessionExpiredException.
java.net.ConnectException: Connection refused: no further information
	at sun.nio.ch.SocketChannelImpl.checkConnect(Native Method)
	at sun.nio.ch.SocketChannelImpl.finishConnect(SocketChannelImpl.java:716)
	at org.apache.zookeeper.ClientCnxnSocketNIO.doTransport(ClientCnxnSocketNIO.java:344)
	at org.apache.zookeeper.ClientCnxn$SendThread.run(ClientCnxn.java:1280)
2021-11-08 11:29:46,257 [myid:] - INFO  [main:FourLetterWordMain@94] - connecting to 127.0.0.1 27385
2021-11-08 11:29:47,769 [myid:127.0.0.1:27384] - INFO  [main-SendThread(127.0.0.1:27384):ClientCnxn$SendThread@1171] - Opening socket connection to server xmind.net/127.0.0.1:27384.
2021-11-08 11:29:47,769 [myid:127.0.0.1:27384] - INFO  [main-SendThread(127.0.0.1:27384):ClientCnxn$SendThread@1173] - SASL config status: Will not attempt to authenticate using SASL (unknown error)
2021-11-08 11:29:48,297 [myid:] - INFO  [main:ClientBase@264] - server 127.0.0.1:27385 not up: java.net.ConnectException: Connection refused: connect
2021-11-08 11:29:48,562 [myid:] - INFO  [main:FourLetterWordMain@94] - connecting to 127.0.0.1 27385
2021-11-08 11:29:49,811 [myid:127.0.0.1:27384] - WARN  [main-SendThread(127.0.0.1:27384):ClientCnxn$SendThread@1290] - Session 0x1005817d8b80000 for sever xmind.net/127.0.0.1:27384, Closing socket connection. Attempting reconnect except it is a SessionExpiredException.
java.net.ConnectException: Connection refused: no further information
	at sun.nio.ch.SocketChannelImpl.checkConnect(Native Method)
	at sun.nio.ch.SocketChannelImpl.finishConnect(SocketChannelImpl.java:716)
	at org.apache.zookeeper.ClientCnxnSocketNIO.doTransport(ClientCnxnSocketNIO.java:344)
	at org.apache.zookeeper.ClientCnxn$SendThread.run(ClientCnxn.java:1280)
2021-11-08 11:29:50,593 [myid:] - INFO  [main:ClientBase@264] - server 127.0.0.1:27385 not up: java.net.ConnectException: Connection refused: connect
2021-11-08 11:29:50,595 [myid:] - INFO  [main:QuorumPeerTestBase@64] - No servers to shutdown!
2021-11-08 11:29:50,596 [myid:] - INFO  [main:ZKTestCase@82] - FINISHED Optional[public void org.apache.zookeeper.test.StandaloneTest.testClientPortInDynamicFile() throws java.lang.Exception]
]]></system-out>
  </testcase>
</testsuite>