<?xml version="1.0" encoding="UTF-8"?>
<testsuite xmlns:xsi="http://www.w3.org/2001/XMLSchema-instance" xsi:noNamespaceSchemaLocation="https://maven.apache.org/surefire/maven-surefire-plugin/xsd/surefire-test-report.xsd" name="org.apache.zookeeper.server.quorum.UnifiedServerSocketTest" time="7.949" tests="72" errors="48" skipped="0" failures="0">
  <properties>
    <property name="sun.desktop" value="windows"/>
    <property name="build.test.dir" value="D:\mysoft\faiscoGit\myStudy\ZooKeeperLearning\apache-zookeeper-3.7.0\zookeeper-server\target/surefire"/>
    <property name="awt.toolkit" value="sun.awt.windows.WToolkit"/>
    <property name="file.encoding.pkg" value="sun.io"/>
    <property name="java.specification.version" value="1.8"/>
    <property name="sun.cpu.isalist" value="amd64"/>
    <property name="sun.jnu.encoding" value="GBK"/>
    <property name="java.class.path" value="D:\mysoft\faiscoGit\myStudy\ZooKeeperLearning\apache-zookeeper-3.7.0\zookeeper-server\target\test-classes;D:\mysoft\faiscoGit\myStudy\ZooKeeperLearning\apache-zookeeper-3.7.0\zookeeper-server\target\classes;D:\mysoft\maven\repository\com\github\spotbugs\spotbugs-annotations\4.0.2\spotbugs-annotations-4.0.2.jar;D:\mysoft\maven\repository\com\google\code\findbugs\jsr305\3.0.2\jsr305-3.0.2.jar;D:\mysoft\maven\repository\org\hamcrest\hamcrest-library\2.2\hamcrest-library-2.2.jar;D:\mysoft\maven\repository\org\hamcrest\hamcrest-core\2.2\hamcrest-core-2.2.jar;D:\mysoft\maven\repository\org\hamcrest\hamcrest\2.2\hamcrest-2.2.jar;D:\mysoft\maven\repository\org\apache\commons\commons-collections4\4.4\commons-collections4-4.4.jar;D:\mysoft\maven\repository\org\apache\zookeeper\zookeeper-jute\3.7.0\zookeeper-jute-3.7.0.jar;D:\mysoft\maven\repository\commons-cli\commons-cli\1.4\commons-cli-1.4.jar;D:\mysoft\maven\repository\org\apache\yetus\audience-annotations\0.12.0\audience-annotations-0.12.0.jar;D:\mysoft\maven\repository\io\netty\netty-handler\4.1.59.Final\netty-handler-4.1.59.Final.jar;D:\mysoft\maven\repository\io\netty\netty-common\4.1.59.Final\netty-common-4.1.59.Final.jar;D:\mysoft\maven\repository\io\netty\netty-resolver\4.1.59.Final\netty-resolver-4.1.59.Final.jar;D:\mysoft\maven\repository\io\netty\netty-buffer\4.1.59.Final\netty-buffer-4.1.59.Final.jar;D:\mysoft\maven\repository\io\netty\netty-transport\4.1.59.Final\netty-transport-4.1.59.Final.jar;D:\mysoft\maven\repository\io\netty\netty-codec\4.1.59.Final\netty-codec-4.1.59.Final.jar;D:\mysoft\maven\repository\io\netty\netty-transport-native-epoll\4.1.59.Final\netty-transport-native-epoll-4.1.59.Final.jar;D:\mysoft\maven\repository\io\netty\netty-transport-native-unix-common\4.1.59.Final\netty-transport-native-unix-common-4.1.59.Final.jar;D:\mysoft\maven\repository\org\slf4j\slf4j-api\1.7.30\slf4j-api-1.7.30.jar;D:\mysoft\maven\repository\org\slf4j\slf4j-log4j12\1.7.30\slf4j-log4j12-1.7.30.jar;D:\mysoft\maven\repository\org\eclipse\jetty\jetty-server\9.4.38.v20210224\jetty-server-9.4.38.v20210224.jar;D:\mysoft\maven\repository\javax\servlet\javax.servlet-api\3.1.0\javax.servlet-api-3.1.0.jar;D:\mysoft\maven\repository\org\eclipse\jetty\jetty-http\9.4.38.v20210224\jetty-http-9.4.38.v20210224.jar;D:\mysoft\maven\repository\org\eclipse\jetty\jetty-util\9.4.38.v20210224\jetty-util-9.4.38.v20210224.jar;D:\mysoft\maven\repository\org\eclipse\jetty\jetty-io\9.4.38.v20210224\jetty-io-9.4.38.v20210224.jar;D:\mysoft\maven\repository\org\eclipse\jetty\jetty-servlet\9.4.38.v20210224\jetty-servlet-9.4.38.v20210224.jar;D:\mysoft\maven\repository\org\eclipse\jetty\jetty-security\9.4.38.v20210224\jetty-security-9.4.38.v20210224.jar;D:\mysoft\maven\repository\org\eclipse\jetty\jetty-util-ajax\9.4.38.v20210224\jetty-util-ajax-9.4.38.v20210224.jar;D:\mysoft\maven\repository\org\eclipse\jetty\jetty-client\9.4.38.v20210224\jetty-client-9.4.38.v20210224.jar;D:\mysoft\maven\repository\com\fasterxml\jackson\core\jackson-databind\2.10.5.1\jackson-databind-2.10.5.1.jar;D:\mysoft\maven\repository\com\fasterxml\jackson\core\jackson-annotations\2.10.5\jackson-annotations-2.10.5.jar;D:\mysoft\maven\repository\com\fasterxml\jackson\core\jackson-core\2.10.5\jackson-core-2.10.5.jar;D:\mysoft\maven\repository\org\bouncycastle\bcprov-jdk15on\1.60\bcprov-jdk15on-1.60.jar;D:\mysoft\maven\repository\org\bouncycastle\bcpkix-jdk15on\1.60\bcpkix-jdk15on-1.60.jar;D:\mysoft\maven\repository\jline\jline\2.14.6\jline-2.14.6.jar;D:\mysoft\maven\repository\io\dropwizard\metrics\metrics-core\4.1.12.1\metrics-core-4.1.12.1.jar;D:\mysoft\maven\repository\log4j\log4j\1.2.17\log4j-1.2.17.jar;D:\mysoft\maven\repository\org\apache\kerby\kerb-core\2.0.0\kerb-core-2.0.0.jar;D:\mysoft\maven\repository\org\apache\kerby\kerby-pkix\2.0.0\kerby-pkix-2.0.0.jar;D:\mysoft\maven\repository\org\apache\kerby\kerby-asn1\2.0.0\kerby-asn1-2.0.0.jar;D:\mysoft\maven\repository\org\apache\kerby\kerby-util\2.0.0\kerby-util-2.0.0.jar;D:\mysoft\maven\repository\org\apache\kerby\kerb-simplekdc\2.0.0\kerb-simplekdc-2.0.0.jar;D:\mysoft\maven\repository\org\apache\kerby\kerb-client\2.0.0\kerb-client-2.0.0.jar;D:\mysoft\maven\repository\org\apache\kerby\kerb-common\2.0.0\kerb-common-2.0.0.jar;D:\mysoft\maven\repository\org\apache\kerby\kerb-crypto\2.0.0\kerb-crypto-2.0.0.jar;D:\mysoft\maven\repository\commons-io\commons-io\2.6\commons-io-2.6.jar;D:\mysoft\maven\repository\org\apache\kerby\kerb-util\2.0.0\kerb-util-2.0.0.jar;D:\mysoft\maven\repository\org\apache\kerby\token-provider\2.0.0\token-provider-2.0.0.jar;D:\mysoft\maven\repository\com\nimbusds\nimbus-jose-jwt\4.41.2\nimbus-jose-jwt-4.41.2.jar;D:\mysoft\maven\repository\com\github\stephenc\jcip\jcip-annotations\1.0-1\jcip-annotations-1.0-1.jar;D:\mysoft\maven\repository\net\minidev\json-smart\2.3\json-smart-2.3.jar;D:\mysoft\maven\repository\net\minidev\accessors-smart\1.2\accessors-smart-1.2.jar;D:\mysoft\maven\repository\org\ow2\asm\asm\5.0.4\asm-5.0.4.jar;D:\mysoft\maven\repository\org\apache\kerby\kerb-admin\2.0.0\kerb-admin-2.0.0.jar;D:\mysoft\maven\repository\org\apache\kerby\kerb-server\2.0.0\kerb-server-2.0.0.jar;D:\mysoft\maven\repository\org\apache\kerby\kerb-identity\2.0.0\kerb-identity-2.0.0.jar;D:\mysoft\maven\repository\org\apache\kerby\kerby-xdr\2.0.0\kerby-xdr-2.0.0.jar;D:\mysoft\maven\repository\org\apache\kerby\kerby-config\2.0.0\kerby-config-2.0.0.jar;D:\mysoft\maven\repository\org\mockito\mockito-core\3.6.28\mockito-core-3.6.28.jar;D:\mysoft\maven\repository\net\bytebuddy\byte-buddy\1.10.18\byte-buddy-1.10.18.jar;D:\mysoft\maven\repository\net\bytebuddy\byte-buddy-agent\1.10.18\byte-buddy-agent-1.10.18.jar;D:\mysoft\maven\repository\org\objenesis\objenesis\3.1\objenesis-3.1.jar;D:\mysoft\maven\repository\org\jmockit\jmockit\1.48\jmockit-1.48.jar;D:\mysoft\maven\repository\org\junit\jupiter\junit-jupiter-api\5.6.2\junit-jupiter-api-5.6.2.jar;D:\mysoft\maven\repository\org\apiguardian\apiguardian-api\1.1.0\apiguardian-api-1.1.0.jar;D:\mysoft\maven\repository\org\opentest4j\opentest4j\1.2.0\opentest4j-1.2.0.jar;D:\mysoft\maven\repository\org\junit\platform\junit-platform-commons\1.6.2\junit-platform-commons-1.6.2.jar;D:\mysoft\maven\repository\org\junit\jupiter\junit-jupiter-engine\5.6.2\junit-jupiter-engine-5.6.2.jar;D:\mysoft\maven\repository\org\junit\platform\junit-platform-engine\1.6.2\junit-platform-engine-1.6.2.jar;D:\mysoft\maven\repository\org\junit\jupiter\junit-jupiter-params\5.6.2\junit-jupiter-params-5.6.2.jar;D:\mysoft\maven\repository\org\junit\platform\junit-platform-runner\1.6.2\junit-platform-runner-1.6.2.jar;D:\mysoft\maven\repository\junit\junit\4.13\junit-4.13.jar;D:\mysoft\maven\repository\org\junit\platform\junit-platform-launcher\1.6.2\junit-platform-launcher-1.6.2.jar;D:\mysoft\maven\repository\org\junit\platform\junit-platform-suite-api\1.6.2\junit-platform-suite-api-1.6.2.jar;D:\mysoft\maven\repository\org\xerial\snappy\snappy-java\1.1.7.7\snappy-java-1.1.7.7.jar;"/>
    <property name="java.vm.vendor" value="Oracle Corporation"/>
    <property name="sun.arch.data.model" value="64"/>
    <property name="user.variant" value=""/>
    <property name="java.vendor.url" value="http://java.oracle.com/"/>
    <property name="user.timezone" value="Asia/Shanghai"/>
    <property name="java.vm.specification.version" value="1.8"/>
    <property name="os.name" value="Windows 8.1"/>
    <property name="user.country" value="CN"/>
    <property name="sun.java.launcher" value="SUN_STANDARD"/>
    <property name="sun.boot.library.path" value="C:\Program Files\Java\jdk1.8.0_31\jre\bin"/>
    <property name="sun.java.command" value="C:\Users\faisco\AppData\Local\Temp\surefire7017171567299321585\surefirebooter7640326593687137747.jar C:\Users\faisco\AppData\Local\Temp\surefire7017171567299321585 2021-11-08T11-05-05_200-jvmRun3 surefire2583548269195262578tmp surefire_1328674753742812149500tmp"/>
    <property name="surefire.test.class.path" value="D:\mysoft\faiscoGit\myStudy\ZooKeeperLearning\apache-zookeeper-3.7.0\zookeeper-server\target\test-classes;D:\mysoft\faiscoGit\myStudy\ZooKeeperLearning\apache-zookeeper-3.7.0\zookeeper-server\target\classes;D:\mysoft\maven\repository\com\github\spotbugs\spotbugs-annotations\4.0.2\spotbugs-annotations-4.0.2.jar;D:\mysoft\maven\repository\com\google\code\findbugs\jsr305\3.0.2\jsr305-3.0.2.jar;D:\mysoft\maven\repository\org\hamcrest\hamcrest-library\2.2\hamcrest-library-2.2.jar;D:\mysoft\maven\repository\org\hamcrest\hamcrest-core\2.2\hamcrest-core-2.2.jar;D:\mysoft\maven\repository\org\hamcrest\hamcrest\2.2\hamcrest-2.2.jar;D:\mysoft\maven\repository\org\apache\commons\commons-collections4\4.4\commons-collections4-4.4.jar;D:\mysoft\maven\repository\org\apache\zookeeper\zookeeper-jute\3.7.0\zookeeper-jute-3.7.0.jar;D:\mysoft\maven\repository\commons-cli\commons-cli\1.4\commons-cli-1.4.jar;D:\mysoft\maven\repository\org\apache\yetus\audience-annotations\0.12.0\audience-annotations-0.12.0.jar;D:\mysoft\maven\repository\io\netty\netty-handler\4.1.59.Final\netty-handler-4.1.59.Final.jar;D:\mysoft\maven\repository\io\netty\netty-common\4.1.59.Final\netty-common-4.1.59.Final.jar;D:\mysoft\maven\repository\io\netty\netty-resolver\4.1.59.Final\netty-resolver-4.1.59.Final.jar;D:\mysoft\maven\repository\io\netty\netty-buffer\4.1.59.Final\netty-buffer-4.1.59.Final.jar;D:\mysoft\maven\repository\io\netty\netty-transport\4.1.59.Final\netty-transport-4.1.59.Final.jar;D:\mysoft\maven\repository\io\netty\netty-codec\4.1.59.Final\netty-codec-4.1.59.Final.jar;D:\mysoft\maven\repository\io\netty\netty-transport-native-epoll\4.1.59.Final\netty-transport-native-epoll-4.1.59.Final.jar;D:\mysoft\maven\repository\io\netty\netty-transport-native-unix-common\4.1.59.Final\netty-transport-native-unix-common-4.1.59.Final.jar;D:\mysoft\maven\repository\org\slf4j\slf4j-api\1.7.30\slf4j-api-1.7.30.jar;D:\mysoft\maven\repository\org\slf4j\slf4j-log4j12\1.7.30\slf4j-log4j12-1.7.30.jar;D:\mysoft\maven\repository\org\eclipse\jetty\jetty-server\9.4.38.v20210224\jetty-server-9.4.38.v20210224.jar;D:\mysoft\maven\repository\javax\servlet\javax.servlet-api\3.1.0\javax.servlet-api-3.1.0.jar;D:\mysoft\maven\repository\org\eclipse\jetty\jetty-http\9.4.38.v20210224\jetty-http-9.4.38.v20210224.jar;D:\mysoft\maven\repository\org\eclipse\jetty\jetty-util\9.4.38.v20210224\jetty-util-9.4.38.v20210224.jar;D:\mysoft\maven\repository\org\eclipse\jetty\jetty-io\9.4.38.v20210224\jetty-io-9.4.38.v20210224.jar;D:\mysoft\maven\repository\org\eclipse\jetty\jetty-servlet\9.4.38.v20210224\jetty-servlet-9.4.38.v20210224.jar;D:\mysoft\maven\repository\org\eclipse\jetty\jetty-security\9.4.38.v20210224\jetty-security-9.4.38.v20210224.jar;D:\mysoft\maven\repository\org\eclipse\jetty\jetty-util-ajax\9.4.38.v20210224\jetty-util-ajax-9.4.38.v20210224.jar;D:\mysoft\maven\repository\org\eclipse\jetty\jetty-client\9.4.38.v20210224\jetty-client-9.4.38.v20210224.jar;D:\mysoft\maven\repository\com\fasterxml\jackson\core\jackson-databind\2.10.5.1\jackson-databind-2.10.5.1.jar;D:\mysoft\maven\repository\com\fasterxml\jackson\core\jackson-annotations\2.10.5\jackson-annotations-2.10.5.jar;D:\mysoft\maven\repository\com\fasterxml\jackson\core\jackson-core\2.10.5\jackson-core-2.10.5.jar;D:\mysoft\maven\repository\org\bouncycastle\bcprov-jdk15on\1.60\bcprov-jdk15on-1.60.jar;D:\mysoft\maven\repository\org\bouncycastle\bcpkix-jdk15on\1.60\bcpkix-jdk15on-1.60.jar;D:\mysoft\maven\repository\jline\jline\2.14.6\jline-2.14.6.jar;D:\mysoft\maven\repository\io\dropwizard\metrics\metrics-core\4.1.12.1\metrics-core-4.1.12.1.jar;D:\mysoft\maven\repository\log4j\log4j\1.2.17\log4j-1.2.17.jar;D:\mysoft\maven\repository\org\apache\kerby\kerb-core\2.0.0\kerb-core-2.0.0.jar;D:\mysoft\maven\repository\org\apache\kerby\kerby-pkix\2.0.0\kerby-pkix-2.0.0.jar;D:\mysoft\maven\repository\org\apache\kerby\kerby-asn1\2.0.0\kerby-asn1-2.0.0.jar;D:\mysoft\maven\repository\org\apache\kerby\kerby-util\2.0.0\kerby-util-2.0.0.jar;D:\mysoft\maven\repository\org\apache\kerby\kerb-simplekdc\2.0.0\kerb-simplekdc-2.0.0.jar;D:\mysoft\maven\repository\org\apache\kerby\kerb-client\2.0.0\kerb-client-2.0.0.jar;D:\mysoft\maven\repository\org\apache\kerby\kerb-common\2.0.0\kerb-common-2.0.0.jar;D:\mysoft\maven\repository\org\apache\kerby\kerb-crypto\2.0.0\kerb-crypto-2.0.0.jar;D:\mysoft\maven\repository\commons-io\commons-io\2.6\commons-io-2.6.jar;D:\mysoft\maven\repository\org\apache\kerby\kerb-util\2.0.0\kerb-util-2.0.0.jar;D:\mysoft\maven\repository\org\apache\kerby\token-provider\2.0.0\token-provider-2.0.0.jar;D:\mysoft\maven\repository\com\nimbusds\nimbus-jose-jwt\4.41.2\nimbus-jose-jwt-4.41.2.jar;D:\mysoft\maven\repository\com\github\stephenc\jcip\jcip-annotations\1.0-1\jcip-annotations-1.0-1.jar;D:\mysoft\maven\repository\net\minidev\json-smart\2.3\json-smart-2.3.jar;D:\mysoft\maven\repository\net\minidev\accessors-smart\1.2\accessors-smart-1.2.jar;D:\mysoft\maven\repository\org\ow2\asm\asm\5.0.4\asm-5.0.4.jar;D:\mysoft\maven\repository\org\apache\kerby\kerb-admin\2.0.0\kerb-admin-2.0.0.jar;D:\mysoft\maven\repository\org\apache\kerby\kerb-server\2.0.0\kerb-server-2.0.0.jar;D:\mysoft\maven\repository\org\apache\kerby\kerb-identity\2.0.0\kerb-identity-2.0.0.jar;D:\mysoft\maven\repository\org\apache\kerby\kerby-xdr\2.0.0\kerby-xdr-2.0.0.jar;D:\mysoft\maven\repository\org\apache\kerby\kerby-config\2.0.0\kerby-config-2.0.0.jar;D:\mysoft\maven\repository\org\mockito\mockito-core\3.6.28\mockito-core-3.6.28.jar;D:\mysoft\maven\repository\net\bytebuddy\byte-buddy\1.10.18\byte-buddy-1.10.18.jar;D:\mysoft\maven\repository\net\bytebuddy\byte-buddy-agent\1.10.18\byte-buddy-agent-1.10.18.jar;D:\mysoft\maven\repository\org\objenesis\objenesis\3.1\objenesis-3.1.jar;D:\mysoft\maven\repository\org\jmockit\jmockit\1.48\jmockit-1.48.jar;D:\mysoft\maven\repository\org\junit\jupiter\junit-jupiter-api\5.6.2\junit-jupiter-api-5.6.2.jar;D:\mysoft\maven\repository\org\apiguardian\apiguardian-api\1.1.0\apiguardian-api-1.1.0.jar;D:\mysoft\maven\repository\org\opentest4j\opentest4j\1.2.0\opentest4j-1.2.0.jar;D:\mysoft\maven\repository\org\junit\platform\junit-platform-commons\1.6.2\junit-platform-commons-1.6.2.jar;D:\mysoft\maven\repository\org\junit\jupiter\junit-jupiter-engine\5.6.2\junit-jupiter-engine-5.6.2.jar;D:\mysoft\maven\repository\org\junit\platform\junit-platform-engine\1.6.2\junit-platform-engine-1.6.2.jar;D:\mysoft\maven\repository\org\junit\jupiter\junit-jupiter-params\5.6.2\junit-jupiter-params-5.6.2.jar;D:\mysoft\maven\repository\org\junit\platform\junit-platform-runner\1.6.2\junit-platform-runner-1.6.2.jar;D:\mysoft\maven\repository\junit\junit\4.13\junit-4.13.jar;D:\mysoft\maven\repository\org\junit\platform\junit-platform-launcher\1.6.2\junit-platform-launcher-1.6.2.jar;D:\mysoft\maven\repository\org\junit\platform\junit-platform-suite-api\1.6.2\junit-platform-suite-api-1.6.2.jar;D:\mysoft\maven\repository\org\xerial\snappy\snappy-java\1.1.7.7\snappy-java-1.1.7.7.jar;"/>
    <property name="sun.cpu.endian" value="little"/>
    <property name="user.home" value="C:\Users\faisco"/>
    <property name="user.language" value="zh"/>
    <property name="java.specification.vendor" value="Oracle Corporation"/>
    <property name="java.home" value="C:\Program Files\Java\jdk1.8.0_31\jre"/>
    <property name="zookeeper.DigestAuthenticationProvider.superDigest" value="super:D/InIHSb7yEEbrWz8b9l71RjZJU="/>
    <property name="basedir" value="D:\mysoft\faiscoGit\myStudy\ZooKeeperLearning\apache-zookeeper-3.7.0\zookeeper-server"/>
    <property name="file.separator" value="\"/>
    <property name="line.separator" value="&#10;"/>
    <property name="java.vm.specification.vendor" value="Oracle Corporation"/>
    <property name="java.specification.name" value="Java Platform API Specification"/>
    <property name="java.awt.graphicsenv" value="sun.awt.Win32GraphicsEnvironment"/>
    <property name="test.junit.threads" value="8"/>
    <property name="surefire.real.class.path" value="C:\Users\faisco\AppData\Local\Temp\surefire7017171567299321585\surefirebooter7640326593687137747.jar;D:\mysoft\maven\repository\org\jmockit\jmockit\1.48\jmockit-1.48.jar"/>
    <property name="zookeeper.junit.threadid" value="3"/>
    <property name="sun.boot.class.path" value="C:\Program Files\Java\jdk1.8.0_31\jre\lib\resources.jar;C:\Program Files\Java\jdk1.8.0_31\jre\lib\rt.jar;C:\Program Files\Java\jdk1.8.0_31\jre\lib\sunrsasign.jar;C:\Program Files\Java\jdk1.8.0_31\jre\lib\jsse.jar;C:\Program Files\Java\jdk1.8.0_31\jre\lib\jce.jar;C:\Program Files\Java\jdk1.8.0_31\jre\lib\charsets.jar;C:\Program Files\Java\jdk1.8.0_31\jre\lib\jfr.jar;C:\Program Files\Java\jdk1.8.0_31\jre\classes"/>
    <property name="user.script" value=""/>
    <property name="sun.management.compiler" value="HotSpot 64-Bit Tiered Compilers"/>
    <property name="java.runtime.version" value="1.8.0_31-b13"/>
    <property name="user.name" value="faisco"/>
    <property name="path.separator" value=";"/>
    <property name="os.version" value="6.3"/>
    <property name="java.endorsed.dirs" value="C:\Program Files\Java\jdk1.8.0_31\jre\lib\endorsed"/>
    <property name="java.runtime.name" value="Java(TM) SE Runtime Environment"/>
    <property name="file.encoding" value="GBK"/>
    <property name="java.vm.name" value="Java HotSpot(TM) 64-Bit Server VM"/>
    <property name="idea.version2020.1" value="true"/>
    <property name="localRepository" value="D:\mysoft\maven\repository"/>
    <property name="java.vendor.url.bug" value="http://bugreport.sun.com/bugreport/"/>
    <property name="java.io.tmpdir" value="C:\Users\faisco\AppData\Local\Temp\"/>
    <property name="java.version" value="1.8.0_31"/>
    <property name="user.dir" value="D:\mysoft\faiscoGit\myStudy\ZooKeeperLearning\apache-zookeeper-3.7.0\zookeeper-server"/>
    <property name="os.arch" value="amd64"/>
    <property name="java.vm.specification.name" value="Java Virtual Machine Specification"/>
    <property name="java.awt.printerjob" value="sun.awt.windows.WPrinterJob"/>
    <property name="sun.os.patch.level" value=""/>
    <property name="java.library.path" value="C:\Program Files\Java\jdk1.8.0_31\jre\bin;C:\WINDOWS\Sun\Java\bin;C:\WINDOWS\system32;C:\WINDOWS;C:\Program Files\Java\jdk1.8.0_31\jre\bin;C:\Python39\Scripts\;C:\Python39\;C:\Python27\;C:\Python27\Scripts;C:\Program Files (x86)\Intel\Intel(R) Management Engine Components\iCLS\;C:\Program Files\Intel\Intel(R) Management Engine Components\iCLS\;C:\WINDOWS\system32;C:\WINDOWS;C:\WINDOWS\System32\Wbem;C:\WINDOWS\System32\WindowsPowerShell\v1.0\;C:\WINDOWS\System32\OpenSSH\;C:\Program Files (x86)\Intel\Intel(R) Management Engine Components\DAL;C:\Program Files\Intel\Intel(R) Management Engine Components\DAL;C:\Program Files\TortoiseSVN\bin;C:\Program Files\Java\jdk1.8.0_31\bin;D:\soft\Git\cmd;D:\mysoft\maven\apache-maven-3.6.1\bin;C:\ProgramData\chocolatey\bin;C:\Program Files\nodejs\;D:\mysoft\gradle-7.0\bin;C:\ProgramData\Oracle\Java\javapath;C:\Program Files\OpenVPN\bin;C:\Users\faisco\AppData\Local\Microsoft\WindowsApps;;D:\soft\Microsoft VS Code\bin;D:\soft\PyCharm Community Edition 2019.1.3\bin;;D:\soft\PyCharm 2019.2.3\bin;;C:\Users\faisco\AppData\Local\Microsoft\WindowsApps;C:\Program Files\JetBrains\IntelliJ IDEA 2020.1\bin;;C:\Program Files\JetBrains\IntelliJ IDEA Community Edition 2020.1.3\bin;;C:\Users\faisco\AppData\Roaming\npm;."/>
    <property name="junit.jupiter.extensions.autodetection.enabled" value="true"/>
    <property name="java.vm.info" value="mixed mode"/>
    <property name="java.vendor" value="Oracle Corporation"/>
    <property name="java.vm.version" value="25.31-b07"/>
    <property name="java.ext.dirs" value="C:\Program Files\Java\jdk1.8.0_31\jre\lib\ext;C:\WINDOWS\Sun\Java\lib\ext"/>
    <property name="sun.io.unicode.encoding" value="UnicodeLittle"/>
    <property name="java.class.version" value="52.0"/>
  </properties>
  <testcase name="testConnectWithoutSSLToStrictServer{X509KeyType, X509KeyType, Boolean, Integer}[1]" classname="org.apache.zookeeper.server.quorum.UnifiedServerSocketTest" time="1.048"/>
  <testcase name="testConnectWithoutSSLToStrictServer{X509KeyType, X509KeyType, Boolean, Integer}[2]" classname="org.apache.zookeeper.server.quorum.UnifiedServerSocketTest" time="0.343"/>
  <testcase name="testConnectWithoutSSLToStrictServer{X509KeyType, X509KeyType, Boolean, Integer}[3]" classname="org.apache.zookeeper.server.quorum.UnifiedServerSocketTest" time="0.207"/>
  <testcase name="testConnectWithoutSSLToStrictServer{X509KeyType, X509KeyType, Boolean, Integer}[4]" classname="org.apache.zookeeper.server.quorum.UnifiedServerSocketTest" time="0.509"/>
  <testcase name="testConnectWithoutSSLToStrictServer{X509KeyType, X509KeyType, Boolean, Integer}[5]" classname="org.apache.zookeeper.server.quorum.UnifiedServerSocketTest" time="0.367"/>
  <testcase name="testConnectWithoutSSLToStrictServer{X509KeyType, X509KeyType, Boolean, Integer}[6]" classname="org.apache.zookeeper.server.quorum.UnifiedServerSocketTest" time="0.134"/>
  <testcase name="testConnectWithoutSSLToStrictServer{X509KeyType, X509KeyType, Boolean, Integer}[7]" classname="org.apache.zookeeper.server.quorum.UnifiedServerSocketTest" time="0.018"/>
  <testcase name="testConnectWithoutSSLToStrictServer{X509KeyType, X509KeyType, Boolean, Integer}[8]" classname="org.apache.zookeeper.server.quorum.UnifiedServerSocketTest" time="0.024"/>
  <testcase name="testConnectWithSSLToStrictServer{X509KeyType, X509KeyType, Boolean, Integer}[1]" classname="org.apache.zookeeper.server.quorum.UnifiedServerSocketTest" time="0.011">
    <error message="Cannot support TLS_ECDHE_ECDSA_WITH_AES_256_CBC_SHA384 with currently installed providers" type="java.lang.IllegalArgumentException">java.lang.IllegalArgumentException: Cannot support TLS_ECDHE_ECDSA_WITH_AES_256_CBC_SHA384 with currently installed providers
	at javax.net.ssl.SSLSocket.setSSLParameters(SSLSocket.java:650)
	at org.apache.zookeeper.common.SSLContextAndOptions.configureSSLSocket(SSLContextAndOptions.java:125)
	at org.apache.zookeeper.common.SSLContextAndOptions.createSSLSocket(SSLContextAndOptions.java:80)
	at org.apache.zookeeper.common.X509Util.createSSLSocket(X509Util.java:517)
	at org.apache.zookeeper.server.quorum.UnifiedServerSocketTest.connectWithSSL(UnifiedServerSocketTest.java:212)
	at org.apache.zookeeper.server.quorum.UnifiedServerSocketTest.testConnectWithSSLToStrictServer(UnifiedServerSocketTest.java:312)
</error>
    <system-out><![CDATA[2021-11-08 11:12:50,002 [myid:] - INFO  [main:ZKTestCase@77] - STARTING Optional[public void org.apache.zookeeper.server.quorum.UnifiedServerSocketTest.testConnectWithSSLToStrictServer(org.apache.zookeeper.common.X509KeyType,org.apache.zookeeper.common.X509KeyType,java.lang.Boolean,java.lang.Integer) throws java.lang.Exception]
2021-11-08 11:12:50,003 [myid:] - INFO  [main:PortAssignment@87] - Assigned port 16616 from range 16607 - 19299.
2021-11-08 11:12:50,008 [myid:] - INFO  [main:ZKTestCase@82] - FINISHED Optional[public void org.apache.zookeeper.server.quorum.UnifiedServerSocketTest.testConnectWithSSLToStrictServer(org.apache.zookeeper.common.X509KeyType,org.apache.zookeeper.common.X509KeyType,java.lang.Boolean,java.lang.Integer) throws java.lang.Exception]
]]></system-out>
  </testcase>
  <testcase name="testConnectWithSSLToStrictServer{X509KeyType, X509KeyType, Boolean, Integer}[2]" classname="org.apache.zookeeper.server.quorum.UnifiedServerSocketTest" time="0.005">
    <error message="Cannot support TLS_ECDHE_ECDSA_WITH_AES_256_CBC_SHA384 with currently installed providers" type="java.lang.IllegalArgumentException">java.lang.IllegalArgumentException: Cannot support TLS_ECDHE_ECDSA_WITH_AES_256_CBC_SHA384 with currently installed providers
	at javax.net.ssl.SSLSocket.setSSLParameters(SSLSocket.java:650)
	at org.apache.zookeeper.common.SSLContextAndOptions.configureSSLSocket(SSLContextAndOptions.java:125)
	at org.apache.zookeeper.common.SSLContextAndOptions.createSSLSocket(SSLContextAndOptions.java:80)
	at org.apache.zookeeper.common.X509Util.createSSLSocket(X509Util.java:517)
	at org.apache.zookeeper.server.quorum.UnifiedServerSocketTest.connectWithSSL(UnifiedServerSocketTest.java:212)
	at org.apache.zookeeper.server.quorum.UnifiedServerSocketTest.testConnectWithSSLToStrictServer(UnifiedServerSocketTest.java:312)
</error>
    <system-out><![CDATA[2021-11-08 11:12:50,014 [myid:] - INFO  [main:ZKTestCase@77] - STARTING Optional[public void org.apache.zookeeper.server.quorum.UnifiedServerSocketTest.testConnectWithSSLToStrictServer(org.apache.zookeeper.common.X509KeyType,org.apache.zookeeper.common.X509KeyType,java.lang.Boolean,java.lang.Integer) throws java.lang.Exception]
2021-11-08 11:12:50,015 [myid:] - INFO  [main:PortAssignment@87] - Assigned port 16617 from range 16607 - 19299.
2021-11-08 11:12:50,019 [myid:] - INFO  [main:ZKTestCase@82] - FINISHED Optional[public void org.apache.zookeeper.server.quorum.UnifiedServerSocketTest.testConnectWithSSLToStrictServer(org.apache.zookeeper.common.X509KeyType,org.apache.zookeeper.common.X509KeyType,java.lang.Boolean,java.lang.Integer) throws java.lang.Exception]
]]></system-out>
  </testcase>
  <testcase name="testConnectWithSSLToStrictServer{X509KeyType, X509KeyType, Boolean, Integer}[3]" classname="org.apache.zookeeper.server.quorum.UnifiedServerSocketTest" time="0.005">
    <error message="Cannot support TLS_ECDHE_ECDSA_WITH_AES_256_CBC_SHA384 with currently installed providers" type="java.lang.IllegalArgumentException">java.lang.IllegalArgumentException: Cannot support TLS_ECDHE_ECDSA_WITH_AES_256_CBC_SHA384 with currently installed providers
	at javax.net.ssl.SSLSocket.setSSLParameters(SSLSocket.java:650)
	at org.apache.zookeeper.common.SSLContextAndOptions.configureSSLSocket(SSLContextAndOptions.java:125)
	at org.apache.zookeeper.common.SSLContextAndOptions.createSSLSocket(SSLContextAndOptions.java:80)
	at org.apache.zookeeper.common.X509Util.createSSLSocket(X509Util.java:517)
	at org.apache.zookeeper.server.quorum.UnifiedServerSocketTest.connectWithSSL(UnifiedServerSocketTest.java:212)
	at org.apache.zookeeper.server.quorum.UnifiedServerSocketTest.testConnectWithSSLToStrictServer(UnifiedServerSocketTest.java:312)
</error>
    <system-out><![CDATA[2021-11-08 11:12:50,020 [myid:] - INFO  [main:ZKTestCase@77] - STARTING Optional[public void org.apache.zookeeper.server.quorum.UnifiedServerSocketTest.testConnectWithSSLToStrictServer(org.apache.zookeeper.common.X509KeyType,org.apache.zookeeper.common.X509KeyType,java.lang.Boolean,java.lang.Integer) throws java.lang.Exception]
2021-11-08 11:12:50,021 [myid:] - INFO  [main:PortAssignment@87] - Assigned port 16618 from range 16607 - 19299.
2021-11-08 11:12:50,025 [myid:] - INFO  [main:ZKTestCase@82] - FINISHED Optional[public void org.apache.zookeeper.server.quorum.UnifiedServerSocketTest.testConnectWithSSLToStrictServer(org.apache.zookeeper.common.X509KeyType,org.apache.zookeeper.common.X509KeyType,java.lang.Boolean,java.lang.Integer) throws java.lang.Exception]
]]></system-out>
  </testcase>
  <testcase name="testConnectWithSSLToStrictServer{X509KeyType, X509KeyType, Boolean, Integer}[4]" classname="org.apache.zookeeper.server.quorum.UnifiedServerSocketTest" time="0.006">
    <error message="Cannot support TLS_ECDHE_ECDSA_WITH_AES_256_CBC_SHA384 with currently installed providers" type="java.lang.IllegalArgumentException">java.lang.IllegalArgumentException: Cannot support TLS_ECDHE_ECDSA_WITH_AES_256_CBC_SHA384 with currently installed providers
	at javax.net.ssl.SSLSocket.setSSLParameters(SSLSocket.java:650)
	at org.apache.zookeeper.common.SSLContextAndOptions.configureSSLSocket(SSLContextAndOptions.java:125)
	at org.apache.zookeeper.common.SSLContextAndOptions.createSSLSocket(SSLContextAndOptions.java:80)
	at org.apache.zookeeper.common.X509Util.createSSLSocket(X509Util.java:517)
	at org.apache.zookeeper.server.quorum.UnifiedServerSocketTest.connectWithSSL(UnifiedServerSocketTest.java:212)
	at org.apache.zookeeper.server.quorum.UnifiedServerSocketTest.testConnectWithSSLToStrictServer(UnifiedServerSocketTest.java:312)
</error>
    <system-out><![CDATA[2021-11-08 11:12:50,027 [myid:] - INFO  [main:ZKTestCase@77] - STARTING Optional[public void org.apache.zookeeper.server.quorum.UnifiedServerSocketTest.testConnectWithSSLToStrictServer(org.apache.zookeeper.common.X509KeyType,org.apache.zookeeper.common.X509KeyType,java.lang.Boolean,java.lang.Integer) throws java.lang.Exception]
2021-11-08 11:12:50,028 [myid:] - INFO  [main:PortAssignment@87] - Assigned port 16619 from range 16607 - 19299.
2021-11-08 11:12:50,032 [myid:] - INFO  [main:ZKTestCase@82] - FINISHED Optional[public void org.apache.zookeeper.server.quorum.UnifiedServerSocketTest.testConnectWithSSLToStrictServer(org.apache.zookeeper.common.X509KeyType,org.apache.zookeeper.common.X509KeyType,java.lang.Boolean,java.lang.Integer) throws java.lang.Exception]
]]></system-out>
  </testcase>
  <testcase name="testConnectWithSSLToStrictServer{X509KeyType, X509KeyType, Boolean, Integer}[5]" classname="org.apache.zookeeper.server.quorum.UnifiedServerSocketTest" time="0.005">
    <error message="Cannot support TLS_ECDHE_ECDSA_WITH_AES_256_CBC_SHA384 with currently installed providers" type="java.lang.IllegalArgumentException">java.lang.IllegalArgumentException: Cannot support TLS_ECDHE_ECDSA_WITH_AES_256_CBC_SHA384 with currently installed providers
	at javax.net.ssl.SSLSocket.setSSLParameters(SSLSocket.java:650)
	at org.apache.zookeeper.common.SSLContextAndOptions.configureSSLSocket(SSLContextAndOptions.java:125)
	at org.apache.zookeeper.common.SSLContextAndOptions.createSSLSocket(SSLContextAndOptions.java:80)
	at org.apache.zookeeper.common.X509Util.createSSLSocket(X509Util.java:517)
	at org.apache.zookeeper.server.quorum.UnifiedServerSocketTest.connectWithSSL(UnifiedServerSocketTest.java:212)
	at org.apache.zookeeper.server.quorum.UnifiedServerSocketTest.testConnectWithSSLToStrictServer(UnifiedServerSocketTest.java:312)
</error>
    <system-out><![CDATA[2021-11-08 11:12:50,035 [myid:] - INFO  [main:ZKTestCase@77] - STARTING Optional[public void org.apache.zookeeper.server.quorum.UnifiedServerSocketTest.testConnectWithSSLToStrictServer(org.apache.zookeeper.common.X509KeyType,org.apache.zookeeper.common.X509KeyType,java.lang.Boolean,java.lang.Integer) throws java.lang.Exception]
2021-11-08 11:12:50,036 [myid:] - INFO  [main:PortAssignment@87] - Assigned port 16620 from range 16607 - 19299.
2021-11-08 11:12:50,039 [myid:] - INFO  [main:ZKTestCase@82] - FINISHED Optional[public void org.apache.zookeeper.server.quorum.UnifiedServerSocketTest.testConnectWithSSLToStrictServer(org.apache.zookeeper.common.X509KeyType,org.apache.zookeeper.common.X509KeyType,java.lang.Boolean,java.lang.Integer) throws java.lang.Exception]
]]></system-out>
  </testcase>
  <testcase name="testConnectWithSSLToStrictServer{X509KeyType, X509KeyType, Boolean, Integer}[6]" classname="org.apache.zookeeper.server.quorum.UnifiedServerSocketTest" time="0.007">
    <error message="Cannot support TLS_ECDHE_ECDSA_WITH_AES_256_CBC_SHA384 with currently installed providers" type="java.lang.IllegalArgumentException">java.lang.IllegalArgumentException: Cannot support TLS_ECDHE_ECDSA_WITH_AES_256_CBC_SHA384 with currently installed providers
	at javax.net.ssl.SSLSocket.setSSLParameters(SSLSocket.java:650)
	at org.apache.zookeeper.common.SSLContextAndOptions.configureSSLSocket(SSLContextAndOptions.java:125)
	at org.apache.zookeeper.common.SSLContextAndOptions.createSSLSocket(SSLContextAndOptions.java:80)
	at org.apache.zookeeper.common.X509Util.createSSLSocket(X509Util.java:517)
	at org.apache.zookeeper.server.quorum.UnifiedServerSocketTest.connectWithSSL(UnifiedServerSocketTest.java:212)
	at org.apache.zookeeper.server.quorum.UnifiedServerSocketTest.testConnectWithSSLToStrictServer(UnifiedServerSocketTest.java:312)
</error>
    <system-out><![CDATA[2021-11-08 11:12:50,041 [myid:] - INFO  [main:ZKTestCase@77] - STARTING Optional[public void org.apache.zookeeper.server.quorum.UnifiedServerSocketTest.testConnectWithSSLToStrictServer(org.apache.zookeeper.common.X509KeyType,org.apache.zookeeper.common.X509KeyType,java.lang.Boolean,java.lang.Integer) throws java.lang.Exception]
2021-11-08 11:12:50,042 [myid:] - INFO  [main:PortAssignment@87] - Assigned port 16621 from range 16607 - 19299.
2021-11-08 11:12:50,047 [myid:] - INFO  [main:ZKTestCase@82] - FINISHED Optional[public void org.apache.zookeeper.server.quorum.UnifiedServerSocketTest.testConnectWithSSLToStrictServer(org.apache.zookeeper.common.X509KeyType,org.apache.zookeeper.common.X509KeyType,java.lang.Boolean,java.lang.Integer) throws java.lang.Exception]
]]></system-out>
  </testcase>
  <testcase name="testConnectWithSSLToStrictServer{X509KeyType, X509KeyType, Boolean, Integer}[7]" classname="org.apache.zookeeper.server.quorum.UnifiedServerSocketTest" time="0.005">
    <error message="Cannot support TLS_ECDHE_ECDSA_WITH_AES_256_CBC_SHA384 with currently installed providers" type="java.lang.IllegalArgumentException">java.lang.IllegalArgumentException: Cannot support TLS_ECDHE_ECDSA_WITH_AES_256_CBC_SHA384 with currently installed providers
	at javax.net.ssl.SSLSocket.setSSLParameters(SSLSocket.java:650)
	at org.apache.zookeeper.common.SSLContextAndOptions.configureSSLSocket(SSLContextAndOptions.java:125)
	at org.apache.zookeeper.common.SSLContextAndOptions.createSSLSocket(SSLContextAndOptions.java:80)
	at org.apache.zookeeper.common.X509Util.createSSLSocket(X509Util.java:517)
	at org.apache.zookeeper.server.quorum.UnifiedServerSocketTest.connectWithSSL(UnifiedServerSocketTest.java:212)
	at org.apache.zookeeper.server.quorum.UnifiedServerSocketTest.testConnectWithSSLToStrictServer(UnifiedServerSocketTest.java:312)
</error>
    <system-out><![CDATA[2021-11-08 11:12:50,049 [myid:] - INFO  [main:ZKTestCase@77] - STARTING Optional[public void org.apache.zookeeper.server.quorum.UnifiedServerSocketTest.testConnectWithSSLToStrictServer(org.apache.zookeeper.common.X509KeyType,org.apache.zookeeper.common.X509KeyType,java.lang.Boolean,java.lang.Integer) throws java.lang.Exception]
2021-11-08 11:12:50,050 [myid:] - INFO  [main:PortAssignment@87] - Assigned port 16622 from range 16607 - 19299.
2021-11-08 11:12:50,053 [myid:] - INFO  [main:ZKTestCase@82] - FINISHED Optional[public void org.apache.zookeeper.server.quorum.UnifiedServerSocketTest.testConnectWithSSLToStrictServer(org.apache.zookeeper.common.X509KeyType,org.apache.zookeeper.common.X509KeyType,java.lang.Boolean,java.lang.Integer) throws java.lang.Exception]
]]></system-out>
  </testcase>
  <testcase name="testConnectWithSSLToStrictServer{X509KeyType, X509KeyType, Boolean, Integer}[8]" classname="org.apache.zookeeper.server.quorum.UnifiedServerSocketTest" time="0.011">
    <error message="Cannot support TLS_ECDHE_ECDSA_WITH_AES_256_CBC_SHA384 with currently installed providers" type="java.lang.IllegalArgumentException">java.lang.IllegalArgumentException: Cannot support TLS_ECDHE_ECDSA_WITH_AES_256_CBC_SHA384 with currently installed providers
	at javax.net.ssl.SSLSocket.setSSLParameters(SSLSocket.java:650)
	at org.apache.zookeeper.common.SSLContextAndOptions.configureSSLSocket(SSLContextAndOptions.java:125)
	at org.apache.zookeeper.common.SSLContextAndOptions.createSSLSocket(SSLContextAndOptions.java:80)
	at org.apache.zookeeper.common.X509Util.createSSLSocket(X509Util.java:517)
	at org.apache.zookeeper.server.quorum.UnifiedServerSocketTest.connectWithSSL(UnifiedServerSocketTest.java:212)
	at org.apache.zookeeper.server.quorum.UnifiedServerSocketTest.testConnectWithSSLToStrictServer(UnifiedServerSocketTest.java:312)
</error>
    <system-out><![CDATA[2021-11-08 11:12:50,056 [myid:] - INFO  [main:ZKTestCase@77] - STARTING Optional[public void org.apache.zookeeper.server.quorum.UnifiedServerSocketTest.testConnectWithSSLToStrictServer(org.apache.zookeeper.common.X509KeyType,org.apache.zookeeper.common.X509KeyType,java.lang.Boolean,java.lang.Integer) throws java.lang.Exception]
2021-11-08 11:12:50,058 [myid:] - INFO  [main:PortAssignment@87] - Assigned port 16623 from range 16607 - 19299.
2021-11-08 11:12:50,065 [myid:] - INFO  [main:ZKTestCase@82] - FINISHED Optional[public void org.apache.zookeeper.server.quorum.UnifiedServerSocketTest.testConnectWithSSLToStrictServer(org.apache.zookeeper.common.X509KeyType,org.apache.zookeeper.common.X509KeyType,java.lang.Boolean,java.lang.Integer) throws java.lang.Exception]
]]></system-out>
  </testcase>
  <testcase name="testTLSDetectionNonBlockingNonStrictServerDisconnectedClient{X509KeyType, X509KeyType, Boolean, Integer}[1]" classname="org.apache.zookeeper.server.quorum.UnifiedServerSocketTest" time="0.01">
    <error message="Cannot support TLS_ECDHE_ECDSA_WITH_AES_256_CBC_SHA384 with currently installed providers" type="java.lang.IllegalArgumentException">java.lang.IllegalArgumentException: Cannot support TLS_ECDHE_ECDSA_WITH_AES_256_CBC_SHA384 with currently installed providers
	at javax.net.ssl.SSLSocket.setSSLParameters(SSLSocket.java:650)
	at org.apache.zookeeper.common.SSLContextAndOptions.configureSSLSocket(SSLContextAndOptions.java:125)
	at org.apache.zookeeper.common.SSLContextAndOptions.createSSLSocket(SSLContextAndOptions.java:80)
	at org.apache.zookeeper.common.X509Util.createSSLSocket(X509Util.java:517)
	at org.apache.zookeeper.server.quorum.UnifiedServerSocketTest.connectWithSSL(UnifiedServerSocketTest.java:212)
	at org.apache.zookeeper.server.quorum.UnifiedServerSocketTest.testTLSDetectionNonBlockingNonStrictServerDisconnectedClient(UnifiedServerSocketTest.java:575)
</error>
    <system-out><![CDATA[2021-11-08 11:12:50,068 [myid:] - INFO  [main:ZKTestCase@77] - STARTING Optional[public void org.apache.zookeeper.server.quorum.UnifiedServerSocketTest.testTLSDetectionNonBlockingNonStrictServerDisconnectedClient(org.apache.zookeeper.common.X509KeyType,org.apache.zookeeper.common.X509KeyType,java.lang.Boolean,java.lang.Integer) throws java.lang.Exception]
2021-11-08 11:12:50,068 [myid:] - INFO  [main:PortAssignment@87] - Assigned port 16624 from range 16607 - 19299.
2021-11-08 11:12:50,072 [myid:] - INFO  [pool-17-thread-2:UnifiedServerSocket$UnifiedSocket@274] - Accepted plaintext connection from /127.0.0.1:10469
2021-11-08 11:12:50,072 [myid:] - INFO  [pool-17-thread-1:UnifiedServerSocket$UnifiedSocket@274] - Accepted plaintext connection from /127.0.0.1:10468
2021-11-08 11:12:50,077 [myid:] - INFO  [main:ZKTestCase@82] - FINISHED Optional[public void org.apache.zookeeper.server.quorum.UnifiedServerSocketTest.testTLSDetectionNonBlockingNonStrictServerDisconnectedClient(org.apache.zookeeper.common.X509KeyType,org.apache.zookeeper.common.X509KeyType,java.lang.Boolean,java.lang.Integer) throws java.lang.Exception]
]]></system-out>
    <system-err><![CDATA[Exception in thread "Thread-17" java.lang.RuntimeException: java.net.SocketException: socket closed
	at org.apache.zookeeper.server.quorum.UnifiedServerSocketTest$UnifiedServerThread.run(UnifiedServerSocketTest.java:184)
Caused by: java.net.SocketException: socket closed
	at java.net.DualStackPlainSocketImpl.accept0(Native Method)
	at java.net.DualStackPlainSocketImpl.socketAccept(DualStackPlainSocketImpl.java:131)
	at java.net.AbstractPlainSocketImpl.accept(AbstractPlainSocketImpl.java:404)
	at java.net.PlainSocketImpl.accept(PlainSocketImpl.java:199)
	at java.net.ServerSocket.implAccept(ServerSocket.java:545)
	at org.apache.zookeeper.server.quorum.UnifiedServerSocket.accept(UnifiedServerSocket.java:139)
	at org.apache.zookeeper.server.quorum.UnifiedServerSocketTest$UnifiedServerThread.run(UnifiedServerSocketTest.java:147)
]]></system-err>
  </testcase>
  <testcase name="testTLSDetectionNonBlockingNonStrictServerDisconnectedClient{X509KeyType, X509KeyType, Boolean, Integer}[2]" classname="org.apache.zookeeper.server.quorum.UnifiedServerSocketTest" time="0.006">
    <error message="Cannot support TLS_ECDHE_ECDSA_WITH_AES_256_CBC_SHA384 with currently installed providers" type="java.lang.IllegalArgumentException">java.lang.IllegalArgumentException: Cannot support TLS_ECDHE_ECDSA_WITH_AES_256_CBC_SHA384 with currently installed providers
	at javax.net.ssl.SSLSocket.setSSLParameters(SSLSocket.java:650)
	at org.apache.zookeeper.common.SSLContextAndOptions.configureSSLSocket(SSLContextAndOptions.java:125)
	at org.apache.zookeeper.common.SSLContextAndOptions.createSSLSocket(SSLContextAndOptions.java:80)
	at org.apache.zookeeper.common.X509Util.createSSLSocket(X509Util.java:517)
	at org.apache.zookeeper.server.quorum.UnifiedServerSocketTest.connectWithSSL(UnifiedServerSocketTest.java:212)
	at org.apache.zookeeper.server.quorum.UnifiedServerSocketTest.testTLSDetectionNonBlockingNonStrictServerDisconnectedClient(UnifiedServerSocketTest.java:575)
</error>
    <system-out><![CDATA[2021-11-08 11:12:50,078 [myid:] - INFO  [main:ZKTestCase@77] - STARTING Optional[public void org.apache.zookeeper.server.quorum.UnifiedServerSocketTest.testTLSDetectionNonBlockingNonStrictServerDisconnectedClient(org.apache.zookeeper.common.X509KeyType,org.apache.zookeeper.common.X509KeyType,java.lang.Boolean,java.lang.Integer) throws java.lang.Exception]
2021-11-08 11:12:50,079 [myid:] - INFO  [main:PortAssignment@87] - Assigned port 16625 from range 16607 - 19299.
2021-11-08 11:12:50,081 [myid:] - INFO  [pool-18-thread-1:UnifiedServerSocket$UnifiedSocket@274] - Accepted plaintext connection from /127.0.0.1:10470
2021-11-08 11:12:50,081 [myid:] - INFO  [pool-18-thread-2:UnifiedServerSocket$UnifiedSocket@274] - Accepted plaintext connection from /127.0.0.1:10471
2021-11-08 11:12:50,083 [myid:] - INFO  [main:ZKTestCase@82] - FINISHED Optional[public void org.apache.zookeeper.server.quorum.UnifiedServerSocketTest.testTLSDetectionNonBlockingNonStrictServerDisconnectedClient(org.apache.zookeeper.common.X509KeyType,org.apache.zookeeper.common.X509KeyType,java.lang.Boolean,java.lang.Integer) throws java.lang.Exception]
]]></system-out>
    <system-err><![CDATA[Exception in thread "Thread-18" java.lang.RuntimeException: java.net.SocketException: socket closed
	at org.apache.zookeeper.server.quorum.UnifiedServerSocketTest$UnifiedServerThread.run(UnifiedServerSocketTest.java:184)
Caused by: java.net.SocketException: socket closed
	at java.net.DualStackPlainSocketImpl.accept0(Native Method)
	at java.net.DualStackPlainSocketImpl.socketAccept(DualStackPlainSocketImpl.java:131)
	at java.net.AbstractPlainSocketImpl.accept(AbstractPlainSocketImpl.java:404)
	at java.net.PlainSocketImpl.accept(PlainSocketImpl.java:199)
	at java.net.ServerSocket.implAccept(ServerSocket.java:545)
	at org.apache.zookeeper.server.quorum.UnifiedServerSocket.accept(UnifiedServerSocket.java:139)
	at org.apache.zookeeper.server.quorum.UnifiedServerSocketTest$UnifiedServerThread.run(UnifiedServerSocketTest.java:147)
]]></system-err>
  </testcase>
  <testcase name="testTLSDetectionNonBlockingNonStrictServerDisconnectedClient{X509KeyType, X509KeyType, Boolean, Integer}[3]" classname="org.apache.zookeeper.server.quorum.UnifiedServerSocketTest" time="0.006">
    <error message="Cannot support TLS_ECDHE_ECDSA_WITH_AES_256_CBC_SHA384 with currently installed providers" type="java.lang.IllegalArgumentException">java.lang.IllegalArgumentException: Cannot support TLS_ECDHE_ECDSA_WITH_AES_256_CBC_SHA384 with currently installed providers
	at javax.net.ssl.SSLSocket.setSSLParameters(SSLSocket.java:650)
	at org.apache.zookeeper.common.SSLContextAndOptions.configureSSLSocket(SSLContextAndOptions.java:125)
	at org.apache.zookeeper.common.SSLContextAndOptions.createSSLSocket(SSLContextAndOptions.java:80)
	at org.apache.zookeeper.common.X509Util.createSSLSocket(X509Util.java:517)
	at org.apache.zookeeper.server.quorum.UnifiedServerSocketTest.connectWithSSL(UnifiedServerSocketTest.java:212)
	at org.apache.zookeeper.server.quorum.UnifiedServerSocketTest.testTLSDetectionNonBlockingNonStrictServerDisconnectedClient(UnifiedServerSocketTest.java:575)
</error>
    <system-out><![CDATA[2021-11-08 11:12:50,085 [myid:] - INFO  [main:ZKTestCase@77] - STARTING Optional[public void org.apache.zookeeper.server.quorum.UnifiedServerSocketTest.testTLSDetectionNonBlockingNonStrictServerDisconnectedClient(org.apache.zookeeper.common.X509KeyType,org.apache.zookeeper.common.X509KeyType,java.lang.Boolean,java.lang.Integer) throws java.lang.Exception]
2021-11-08 11:12:50,085 [myid:] - INFO  [main:PortAssignment@87] - Assigned port 16626 from range 16607 - 19299.
2021-11-08 11:12:50,088 [myid:] - INFO  [pool-19-thread-1:UnifiedServerSocket$UnifiedSocket@274] - Accepted plaintext connection from /127.0.0.1:10472
2021-11-08 11:12:50,088 [myid:] - INFO  [pool-19-thread-2:UnifiedServerSocket$UnifiedSocket@274] - Accepted plaintext connection from /127.0.0.1:10473
2021-11-08 11:12:50,091 [myid:] - INFO  [main:ZKTestCase@82] - FINISHED Optional[public void org.apache.zookeeper.server.quorum.UnifiedServerSocketTest.testTLSDetectionNonBlockingNonStrictServerDisconnectedClient(org.apache.zookeeper.common.X509KeyType,org.apache.zookeeper.common.X509KeyType,java.lang.Boolean,java.lang.Integer) throws java.lang.Exception]
]]></system-out>
    <system-err><![CDATA[Exception in thread "Thread-19" java.lang.RuntimeException: java.net.SocketException: socket closed
	at org.apache.zookeeper.server.quorum.UnifiedServerSocketTest$UnifiedServerThread.run(UnifiedServerSocketTest.java:184)
Caused by: java.net.SocketException: socket closed
	at java.net.DualStackPlainSocketImpl.accept0(Native Method)
	at java.net.DualStackPlainSocketImpl.socketAccept(DualStackPlainSocketImpl.java:131)
	at java.net.AbstractPlainSocketImpl.accept(AbstractPlainSocketImpl.java:404)
	at java.net.PlainSocketImpl.accept(PlainSocketImpl.java:199)
	at java.net.ServerSocket.implAccept(ServerSocket.java:545)
	at org.apache.zookeeper.server.quorum.UnifiedServerSocket.accept(UnifiedServerSocket.java:139)
	at org.apache.zookeeper.server.quorum.UnifiedServerSocketTest$UnifiedServerThread.run(UnifiedServerSocketTest.java:147)
]]></system-err>
  </testcase>
  <testcase name="testTLSDetectionNonBlockingNonStrictServerDisconnectedClient{X509KeyType, X509KeyType, Boolean, Integer}[4]" classname="org.apache.zookeeper.server.quorum.UnifiedServerSocketTest" time="0.006">
    <error message="Cannot support TLS_ECDHE_ECDSA_WITH_AES_256_CBC_SHA384 with currently installed providers" type="java.lang.IllegalArgumentException">java.lang.IllegalArgumentException: Cannot support TLS_ECDHE_ECDSA_WITH_AES_256_CBC_SHA384 with currently installed providers
	at javax.net.ssl.SSLSocket.setSSLParameters(SSLSocket.java:650)
	at org.apache.zookeeper.common.SSLContextAndOptions.configureSSLSocket(SSLContextAndOptions.java:125)
	at org.apache.zookeeper.common.SSLContextAndOptions.createSSLSocket(SSLContextAndOptions.java:80)
	at org.apache.zookeeper.common.X509Util.createSSLSocket(X509Util.java:517)
	at org.apache.zookeeper.server.quorum.UnifiedServerSocketTest.connectWithSSL(UnifiedServerSocketTest.java:212)
	at org.apache.zookeeper.server.quorum.UnifiedServerSocketTest.testTLSDetectionNonBlockingNonStrictServerDisconnectedClient(UnifiedServerSocketTest.java:575)
</error>
    <system-out><![CDATA[2021-11-08 11:12:50,092 [myid:] - INFO  [main:ZKTestCase@77] - STARTING Optional[public void org.apache.zookeeper.server.quorum.UnifiedServerSocketTest.testTLSDetectionNonBlockingNonStrictServerDisconnectedClient(org.apache.zookeeper.common.X509KeyType,org.apache.zookeeper.common.X509KeyType,java.lang.Boolean,java.lang.Integer) throws java.lang.Exception]
2021-11-08 11:12:50,093 [myid:] - INFO  [main:PortAssignment@87] - Assigned port 16627 from range 16607 - 19299.
2021-11-08 11:12:50,096 [myid:] - INFO  [pool-20-thread-2:UnifiedServerSocket$UnifiedSocket@274] - Accepted plaintext connection from /127.0.0.1:10475
2021-11-08 11:12:50,096 [myid:] - INFO  [pool-20-thread-1:UnifiedServerSocket$UnifiedSocket@274] - Accepted plaintext connection from /127.0.0.1:10474
2021-11-08 11:12:50,098 [myid:] - INFO  [main:ZKTestCase@82] - FINISHED Optional[public void org.apache.zookeeper.server.quorum.UnifiedServerSocketTest.testTLSDetectionNonBlockingNonStrictServerDisconnectedClient(org.apache.zookeeper.common.X509KeyType,org.apache.zookeeper.common.X509KeyType,java.lang.Boolean,java.lang.Integer) throws java.lang.Exception]
]]></system-out>
    <system-err><![CDATA[Exception in thread "Thread-20" java.lang.RuntimeException: java.net.SocketException: socket closed
	at org.apache.zookeeper.server.quorum.UnifiedServerSocketTest$UnifiedServerThread.run(UnifiedServerSocketTest.java:184)
Caused by: java.net.SocketException: socket closed
	at java.net.DualStackPlainSocketImpl.accept0(Native Method)
	at java.net.DualStackPlainSocketImpl.socketAccept(DualStackPlainSocketImpl.java:131)
	at java.net.AbstractPlainSocketImpl.accept(AbstractPlainSocketImpl.java:404)
	at java.net.PlainSocketImpl.accept(PlainSocketImpl.java:199)
	at java.net.ServerSocket.implAccept(ServerSocket.java:545)
	at org.apache.zookeeper.server.quorum.UnifiedServerSocket.accept(UnifiedServerSocket.java:139)
	at org.apache.zookeeper.server.quorum.UnifiedServerSocketTest$UnifiedServerThread.run(UnifiedServerSocketTest.java:147)
]]></system-err>
  </testcase>
  <testcase name="testTLSDetectionNonBlockingNonStrictServerDisconnectedClient{X509KeyType, X509KeyType, Boolean, Integer}[5]" classname="org.apache.zookeeper.server.quorum.UnifiedServerSocketTest" time="0.006">
    <error message="Cannot support TLS_ECDHE_ECDSA_WITH_AES_256_CBC_SHA384 with currently installed providers" type="java.lang.IllegalArgumentException">java.lang.IllegalArgumentException: Cannot support TLS_ECDHE_ECDSA_WITH_AES_256_CBC_SHA384 with currently installed providers
	at javax.net.ssl.SSLSocket.setSSLParameters(SSLSocket.java:650)
	at org.apache.zookeeper.common.SSLContextAndOptions.configureSSLSocket(SSLContextAndOptions.java:125)
	at org.apache.zookeeper.common.SSLContextAndOptions.createSSLSocket(SSLContextAndOptions.java:80)
	at org.apache.zookeeper.common.X509Util.createSSLSocket(X509Util.java:517)
	at org.apache.zookeeper.server.quorum.UnifiedServerSocketTest.connectWithSSL(UnifiedServerSocketTest.java:212)
	at org.apache.zookeeper.server.quorum.UnifiedServerSocketTest.testTLSDetectionNonBlockingNonStrictServerDisconnectedClient(UnifiedServerSocketTest.java:575)
</error>
    <system-out><![CDATA[2021-11-08 11:12:50,100 [myid:] - INFO  [main:ZKTestCase@77] - STARTING Optional[public void org.apache.zookeeper.server.quorum.UnifiedServerSocketTest.testTLSDetectionNonBlockingNonStrictServerDisconnectedClient(org.apache.zookeeper.common.X509KeyType,org.apache.zookeeper.common.X509KeyType,java.lang.Boolean,java.lang.Integer) throws java.lang.Exception]
2021-11-08 11:12:50,100 [myid:] - INFO  [main:PortAssignment@87] - Assigned port 16628 from range 16607 - 19299.
2021-11-08 11:12:50,103 [myid:] - INFO  [pool-21-thread-1:UnifiedServerSocket$UnifiedSocket@274] - Accepted plaintext connection from /127.0.0.1:10476
2021-11-08 11:12:50,103 [myid:] - INFO  [pool-21-thread-2:UnifiedServerSocket$UnifiedSocket@274] - Accepted plaintext connection from /127.0.0.1:10477
2021-11-08 11:12:50,106 [myid:] - INFO  [main:ZKTestCase@82] - FINISHED Optional[public void org.apache.zookeeper.server.quorum.UnifiedServerSocketTest.testTLSDetectionNonBlockingNonStrictServerDisconnectedClient(org.apache.zookeeper.common.X509KeyType,org.apache.zookeeper.common.X509KeyType,java.lang.Boolean,java.lang.Integer) throws java.lang.Exception]
]]></system-out>
    <system-err><![CDATA[Exception in thread "Thread-21" java.lang.RuntimeException: java.net.SocketException: socket closed
	at org.apache.zookeeper.server.quorum.UnifiedServerSocketTest$UnifiedServerThread.run(UnifiedServerSocketTest.java:184)
Caused by: java.net.SocketException: socket closed
	at java.net.DualStackPlainSocketImpl.accept0(Native Method)
	at java.net.DualStackPlainSocketImpl.socketAccept(DualStackPlainSocketImpl.java:131)
	at java.net.AbstractPlainSocketImpl.accept(AbstractPlainSocketImpl.java:404)
	at java.net.PlainSocketImpl.accept(PlainSocketImpl.java:199)
	at java.net.ServerSocket.implAccept(ServerSocket.java:545)
	at org.apache.zookeeper.server.quorum.UnifiedServerSocket.accept(UnifiedServerSocket.java:139)
	at org.apache.zookeeper.server.quorum.UnifiedServerSocketTest$UnifiedServerThread.run(UnifiedServerSocketTest.java:147)
]]></system-err>
  </testcase>
  <testcase name="testTLSDetectionNonBlockingNonStrictServerDisconnectedClient{X509KeyType, X509KeyType, Boolean, Integer}[6]" classname="org.apache.zookeeper.server.quorum.UnifiedServerSocketTest" time="0.01">
    <error message="Cannot support TLS_ECDHE_ECDSA_WITH_AES_256_CBC_SHA384 with currently installed providers" type="java.lang.IllegalArgumentException">java.lang.IllegalArgumentException: Cannot support TLS_ECDHE_ECDSA_WITH_AES_256_CBC_SHA384 with currently installed providers
	at javax.net.ssl.SSLSocket.setSSLParameters(SSLSocket.java:650)
	at org.apache.zookeeper.common.SSLContextAndOptions.configureSSLSocket(SSLContextAndOptions.java:125)
	at org.apache.zookeeper.common.SSLContextAndOptions.createSSLSocket(SSLContextAndOptions.java:80)
	at org.apache.zookeeper.common.X509Util.createSSLSocket(X509Util.java:517)
	at org.apache.zookeeper.server.quorum.UnifiedServerSocketTest.connectWithSSL(UnifiedServerSocketTest.java:212)
	at org.apache.zookeeper.server.quorum.UnifiedServerSocketTest.testTLSDetectionNonBlockingNonStrictServerDisconnectedClient(UnifiedServerSocketTest.java:575)
</error>
    <system-out><![CDATA[2021-11-08 11:12:50,107 [myid:] - INFO  [main:ZKTestCase@77] - STARTING Optional[public void org.apache.zookeeper.server.quorum.UnifiedServerSocketTest.testTLSDetectionNonBlockingNonStrictServerDisconnectedClient(org.apache.zookeeper.common.X509KeyType,org.apache.zookeeper.common.X509KeyType,java.lang.Boolean,java.lang.Integer) throws java.lang.Exception]
2021-11-08 11:12:50,108 [myid:] - INFO  [main:PortAssignment@87] - Assigned port 16629 from range 16607 - 19299.
2021-11-08 11:12:50,113 [myid:] - INFO  [pool-22-thread-1:UnifiedServerSocket$UnifiedSocket@274] - Accepted plaintext connection from /127.0.0.1:10478
2021-11-08 11:12:50,113 [myid:] - INFO  [pool-22-thread-2:UnifiedServerSocket$UnifiedSocket@274] - Accepted plaintext connection from /127.0.0.1:10479
2021-11-08 11:12:50,116 [myid:] - INFO  [main:ZKTestCase@82] - FINISHED Optional[public void org.apache.zookeeper.server.quorum.UnifiedServerSocketTest.testTLSDetectionNonBlockingNonStrictServerDisconnectedClient(org.apache.zookeeper.common.X509KeyType,org.apache.zookeeper.common.X509KeyType,java.lang.Boolean,java.lang.Integer) throws java.lang.Exception]
]]></system-out>
    <system-err><![CDATA[Exception in thread "Thread-22" java.lang.RuntimeException: java.net.SocketException: socket closed
	at org.apache.zookeeper.server.quorum.UnifiedServerSocketTest$UnifiedServerThread.run(UnifiedServerSocketTest.java:184)
Caused by: java.net.SocketException: socket closed
	at java.net.DualStackPlainSocketImpl.accept0(Native Method)
	at java.net.DualStackPlainSocketImpl.socketAccept(DualStackPlainSocketImpl.java:131)
	at java.net.AbstractPlainSocketImpl.accept(AbstractPlainSocketImpl.java:404)
	at java.net.PlainSocketImpl.accept(PlainSocketImpl.java:199)
	at java.net.ServerSocket.implAccept(ServerSocket.java:545)
	at org.apache.zookeeper.server.quorum.UnifiedServerSocket.accept(UnifiedServerSocket.java:139)
	at org.apache.zookeeper.server.quorum.UnifiedServerSocketTest$UnifiedServerThread.run(UnifiedServerSocketTest.java:147)
]]></system-err>
  </testcase>
  <testcase name="testTLSDetectionNonBlockingNonStrictServerDisconnectedClient{X509KeyType, X509KeyType, Boolean, Integer}[7]" classname="org.apache.zookeeper.server.quorum.UnifiedServerSocketTest" time="0.013">
    <error message="Cannot support TLS_ECDHE_ECDSA_WITH_AES_256_CBC_SHA384 with currently installed providers" type="java.lang.IllegalArgumentException">java.lang.IllegalArgumentException: Cannot support TLS_ECDHE_ECDSA_WITH_AES_256_CBC_SHA384 with currently installed providers
	at javax.net.ssl.SSLSocket.setSSLParameters(SSLSocket.java:650)
	at org.apache.zookeeper.common.SSLContextAndOptions.configureSSLSocket(SSLContextAndOptions.java:125)
	at org.apache.zookeeper.common.SSLContextAndOptions.createSSLSocket(SSLContextAndOptions.java:80)
	at org.apache.zookeeper.common.X509Util.createSSLSocket(X509Util.java:517)
	at org.apache.zookeeper.server.quorum.UnifiedServerSocketTest.connectWithSSL(UnifiedServerSocketTest.java:212)
	at org.apache.zookeeper.server.quorum.UnifiedServerSocketTest.testTLSDetectionNonBlockingNonStrictServerDisconnectedClient(UnifiedServerSocketTest.java:575)
</error>
    <system-out><![CDATA[2021-11-08 11:12:50,118 [myid:] - INFO  [main:ZKTestCase@77] - STARTING Optional[public void org.apache.zookeeper.server.quorum.UnifiedServerSocketTest.testTLSDetectionNonBlockingNonStrictServerDisconnectedClient(org.apache.zookeeper.common.X509KeyType,org.apache.zookeeper.common.X509KeyType,java.lang.Boolean,java.lang.Integer) throws java.lang.Exception]
2021-11-08 11:12:50,119 [myid:] - INFO  [main:PortAssignment@87] - Assigned port 16630 from range 16607 - 19299.
2021-11-08 11:12:50,122 [myid:] - INFO  [pool-23-thread-1:UnifiedServerSocket$UnifiedSocket@274] - Accepted plaintext connection from /127.0.0.1:10480
2021-11-08 11:12:50,122 [myid:] - INFO  [pool-23-thread-2:UnifiedServerSocket$UnifiedSocket@274] - Accepted plaintext connection from /127.0.0.1:10481
2021-11-08 11:12:50,129 [myid:] - INFO  [main:ZKTestCase@82] - FINISHED Optional[public void org.apache.zookeeper.server.quorum.UnifiedServerSocketTest.testTLSDetectionNonBlockingNonStrictServerDisconnectedClient(org.apache.zookeeper.common.X509KeyType,org.apache.zookeeper.common.X509KeyType,java.lang.Boolean,java.lang.Integer) throws java.lang.Exception]
]]></system-out>
    <system-err><![CDATA[Exception in thread "Thread-23" java.lang.RuntimeException: java.net.SocketException: socket closed
	at org.apache.zookeeper.server.quorum.UnifiedServerSocketTest$UnifiedServerThread.run(UnifiedServerSocketTest.java:184)
Caused by: java.net.SocketException: socket closed
	at java.net.DualStackPlainSocketImpl.accept0(Native Method)
	at java.net.DualStackPlainSocketImpl.socketAccept(DualStackPlainSocketImpl.java:131)
	at java.net.AbstractPlainSocketImpl.accept(AbstractPlainSocketImpl.java:404)
	at java.net.PlainSocketImpl.accept(PlainSocketImpl.java:199)
	at java.net.ServerSocket.implAccept(ServerSocket.java:545)
	at org.apache.zookeeper.server.quorum.UnifiedServerSocket.accept(UnifiedServerSocket.java:139)
	at org.apache.zookeeper.server.quorum.UnifiedServerSocketTest$UnifiedServerThread.run(UnifiedServerSocketTest.java:147)
]]></system-err>
  </testcase>
  <testcase name="testTLSDetectionNonBlockingNonStrictServerDisconnectedClient{X509KeyType, X509KeyType, Boolean, Integer}[8]" classname="org.apache.zookeeper.server.quorum.UnifiedServerSocketTest" time="0.009">
    <error message="Cannot support TLS_ECDHE_ECDSA_WITH_AES_256_CBC_SHA384 with currently installed providers" type="java.lang.IllegalArgumentException">java.lang.IllegalArgumentException: Cannot support TLS_ECDHE_ECDSA_WITH_AES_256_CBC_SHA384 with currently installed providers
	at javax.net.ssl.SSLSocket.setSSLParameters(SSLSocket.java:650)
	at org.apache.zookeeper.common.SSLContextAndOptions.configureSSLSocket(SSLContextAndOptions.java:125)
	at org.apache.zookeeper.common.SSLContextAndOptions.createSSLSocket(SSLContextAndOptions.java:80)
	at org.apache.zookeeper.common.X509Util.createSSLSocket(X509Util.java:517)
	at org.apache.zookeeper.server.quorum.UnifiedServerSocketTest.connectWithSSL(UnifiedServerSocketTest.java:212)
	at org.apache.zookeeper.server.quorum.UnifiedServerSocketTest.testTLSDetectionNonBlockingNonStrictServerDisconnectedClient(UnifiedServerSocketTest.java:575)
</error>
    <system-out><![CDATA[2021-11-08 11:12:50,131 [myid:] - INFO  [main:ZKTestCase@77] - STARTING Optional[public void org.apache.zookeeper.server.quorum.UnifiedServerSocketTest.testTLSDetectionNonBlockingNonStrictServerDisconnectedClient(org.apache.zookeeper.common.X509KeyType,org.apache.zookeeper.common.X509KeyType,java.lang.Boolean,java.lang.Integer) throws java.lang.Exception]
2021-11-08 11:12:50,131 [myid:] - INFO  [main:PortAssignment@87] - Assigned port 16631 from range 16607 - 19299.
2021-11-08 11:12:50,135 [myid:] - INFO  [pool-24-thread-1:UnifiedServerSocket$UnifiedSocket@274] - Accepted plaintext connection from /127.0.0.1:10482
2021-11-08 11:12:50,135 [myid:] - INFO  [pool-24-thread-2:UnifiedServerSocket$UnifiedSocket@274] - Accepted plaintext connection from /127.0.0.1:10483
2021-11-08 11:12:50,139 [myid:] - INFO  [main:ZKTestCase@82] - FINISHED Optional[public void org.apache.zookeeper.server.quorum.UnifiedServerSocketTest.testTLSDetectionNonBlockingNonStrictServerDisconnectedClient(org.apache.zookeeper.common.X509KeyType,org.apache.zookeeper.common.X509KeyType,java.lang.Boolean,java.lang.Integer) throws java.lang.Exception]
]]></system-out>
    <system-err><![CDATA[Exception in thread "Thread-24" java.lang.RuntimeException: java.net.SocketException: socket closed
	at org.apache.zookeeper.server.quorum.UnifiedServerSocketTest$UnifiedServerThread.run(UnifiedServerSocketTest.java:184)
Caused by: java.net.SocketException: socket closed
	at java.net.DualStackPlainSocketImpl.accept0(Native Method)
	at java.net.DualStackPlainSocketImpl.socketAccept(DualStackPlainSocketImpl.java:131)
	at java.net.AbstractPlainSocketImpl.accept(AbstractPlainSocketImpl.java:404)
	at java.net.PlainSocketImpl.accept(PlainSocketImpl.java:199)
	at java.net.ServerSocket.implAccept(ServerSocket.java:545)
	at org.apache.zookeeper.server.quorum.UnifiedServerSocket.accept(UnifiedServerSocket.java:139)
	at org.apache.zookeeper.server.quorum.UnifiedServerSocketTest$UnifiedServerThread.run(UnifiedServerSocketTest.java:147)
]]></system-err>
  </testcase>
  <testcase name="testConnectWithSSLToNonStrictServer{X509KeyType, X509KeyType, Boolean, Integer}[1]" classname="org.apache.zookeeper.server.quorum.UnifiedServerSocketTest" time="0">
    <error message="Cannot support TLS_ECDHE_ECDSA_WITH_AES_256_CBC_SHA384 with currently installed providers" type="java.lang.IllegalArgumentException">java.lang.IllegalArgumentException: Cannot support TLS_ECDHE_ECDSA_WITH_AES_256_CBC_SHA384 with currently installed providers
	at javax.net.ssl.SSLSocket.setSSLParameters(SSLSocket.java:650)
	at org.apache.zookeeper.common.SSLContextAndOptions.configureSSLSocket(SSLContextAndOptions.java:125)
	at org.apache.zookeeper.common.SSLContextAndOptions.createSSLSocket(SSLContextAndOptions.java:80)
	at org.apache.zookeeper.common.X509Util.createSSLSocket(X509Util.java:517)
	at org.apache.zookeeper.server.quorum.UnifiedServerSocketTest.connectWithSSL(UnifiedServerSocketTest.java:212)
	at org.apache.zookeeper.server.quorum.UnifiedServerSocketTest.testConnectWithSSLToNonStrictServer(UnifiedServerSocketTest.java:277)
</error>
    <system-out><![CDATA[2021-11-08 11:12:50,142 [myid:] - INFO  [main:ZKTestCase@77] - STARTING Optional[public void org.apache.zookeeper.server.quorum.UnifiedServerSocketTest.testConnectWithSSLToNonStrictServer(org.apache.zookeeper.common.X509KeyType,org.apache.zookeeper.common.X509KeyType,java.lang.Boolean,java.lang.Integer) throws java.lang.Exception]
2021-11-08 11:12:50,143 [myid:] - INFO  [main:PortAssignment@87] - Assigned port 16632 from range 16607 - 19299.
2021-11-08 11:12:50,145 [myid:] - INFO  [main:ZKTestCase@82] - FINISHED Optional[public void org.apache.zookeeper.server.quorum.UnifiedServerSocketTest.testConnectWithSSLToNonStrictServer(org.apache.zookeeper.common.X509KeyType,org.apache.zookeeper.common.X509KeyType,java.lang.Boolean,java.lang.Integer) throws java.lang.Exception]
]]></system-out>
  </testcase>
  <testcase name="testConnectWithSSLToNonStrictServer{X509KeyType, X509KeyType, Boolean, Integer}[2]" classname="org.apache.zookeeper.server.quorum.UnifiedServerSocketTest" time="0.008">
    <error message="Cannot support TLS_ECDHE_ECDSA_WITH_AES_256_CBC_SHA384 with currently installed providers" type="java.lang.IllegalArgumentException">java.lang.IllegalArgumentException: Cannot support TLS_ECDHE_ECDSA_WITH_AES_256_CBC_SHA384 with currently installed providers
	at javax.net.ssl.SSLSocket.setSSLParameters(SSLSocket.java:650)
	at org.apache.zookeeper.common.SSLContextAndOptions.configureSSLSocket(SSLContextAndOptions.java:125)
	at org.apache.zookeeper.common.SSLContextAndOptions.createSSLSocket(SSLContextAndOptions.java:80)
	at org.apache.zookeeper.common.X509Util.createSSLSocket(X509Util.java:517)
	at org.apache.zookeeper.server.quorum.UnifiedServerSocketTest.connectWithSSL(UnifiedServerSocketTest.java:212)
	at org.apache.zookeeper.server.quorum.UnifiedServerSocketTest.testConnectWithSSLToNonStrictServer(UnifiedServerSocketTest.java:277)
</error>
    <system-out><![CDATA[2021-11-08 11:12:50,147 [myid:] - INFO  [main:ZKTestCase@77] - STARTING Optional[public void org.apache.zookeeper.server.quorum.UnifiedServerSocketTest.testConnectWithSSLToNonStrictServer(org.apache.zookeeper.common.X509KeyType,org.apache.zookeeper.common.X509KeyType,java.lang.Boolean,java.lang.Integer) throws java.lang.Exception]
2021-11-08 11:12:50,148 [myid:] - INFO  [main:PortAssignment@87] - Assigned port 16633 from range 16607 - 19299.
2021-11-08 11:12:50,150 [myid:] - INFO  [main:ZKTestCase@82] - FINISHED Optional[public void org.apache.zookeeper.server.quorum.UnifiedServerSocketTest.testConnectWithSSLToNonStrictServer(org.apache.zookeeper.common.X509KeyType,org.apache.zookeeper.common.X509KeyType,java.lang.Boolean,java.lang.Integer) throws java.lang.Exception]
]]></system-out>
  </testcase>
  <testcase name="testConnectWithSSLToNonStrictServer{X509KeyType, X509KeyType, Boolean, Integer}[3]" classname="org.apache.zookeeper.server.quorum.UnifiedServerSocketTest" time="0">
    <error message="Cannot support TLS_ECDHE_ECDSA_WITH_AES_256_CBC_SHA384 with currently installed providers" type="java.lang.IllegalArgumentException">java.lang.IllegalArgumentException: Cannot support TLS_ECDHE_ECDSA_WITH_AES_256_CBC_SHA384 with currently installed providers
	at javax.net.ssl.SSLSocket.setSSLParameters(SSLSocket.java:650)
	at org.apache.zookeeper.common.SSLContextAndOptions.configureSSLSocket(SSLContextAndOptions.java:125)
	at org.apache.zookeeper.common.SSLContextAndOptions.createSSLSocket(SSLContextAndOptions.java:80)
	at org.apache.zookeeper.common.X509Util.createSSLSocket(X509Util.java:517)
	at org.apache.zookeeper.server.quorum.UnifiedServerSocketTest.connectWithSSL(UnifiedServerSocketTest.java:212)
	at org.apache.zookeeper.server.quorum.UnifiedServerSocketTest.testConnectWithSSLToNonStrictServer(UnifiedServerSocketTest.java:277)
</error>
    <system-out><![CDATA[2021-11-08 11:12:50,152 [myid:] - INFO  [main:ZKTestCase@77] - STARTING Optional[public void org.apache.zookeeper.server.quorum.UnifiedServerSocketTest.testConnectWithSSLToNonStrictServer(org.apache.zookeeper.common.X509KeyType,org.apache.zookeeper.common.X509KeyType,java.lang.Boolean,java.lang.Integer) throws java.lang.Exception]
2021-11-08 11:12:50,153 [myid:] - INFO  [main:PortAssignment@87] - Assigned port 16634 from range 16607 - 19299.
2021-11-08 11:12:50,155 [myid:] - INFO  [main:ZKTestCase@82] - FINISHED Optional[public void org.apache.zookeeper.server.quorum.UnifiedServerSocketTest.testConnectWithSSLToNonStrictServer(org.apache.zookeeper.common.X509KeyType,org.apache.zookeeper.common.X509KeyType,java.lang.Boolean,java.lang.Integer) throws java.lang.Exception]
]]></system-out>
  </testcase>
  <testcase name="testConnectWithSSLToNonStrictServer{X509KeyType, X509KeyType, Boolean, Integer}[4]" classname="org.apache.zookeeper.server.quorum.UnifiedServerSocketTest" time="0.005">
    <error message="Cannot support TLS_ECDHE_ECDSA_WITH_AES_256_CBC_SHA384 with currently installed providers" type="java.lang.IllegalArgumentException">java.lang.IllegalArgumentException: Cannot support TLS_ECDHE_ECDSA_WITH_AES_256_CBC_SHA384 with currently installed providers
	at javax.net.ssl.SSLSocket.setSSLParameters(SSLSocket.java:650)
	at org.apache.zookeeper.common.SSLContextAndOptions.configureSSLSocket(SSLContextAndOptions.java:125)
	at org.apache.zookeeper.common.SSLContextAndOptions.createSSLSocket(SSLContextAndOptions.java:80)
	at org.apache.zookeeper.common.X509Util.createSSLSocket(X509Util.java:517)
	at org.apache.zookeeper.server.quorum.UnifiedServerSocketTest.connectWithSSL(UnifiedServerSocketTest.java:212)
	at org.apache.zookeeper.server.quorum.UnifiedServerSocketTest.testConnectWithSSLToNonStrictServer(UnifiedServerSocketTest.java:277)
</error>
    <system-out><![CDATA[2021-11-08 11:12:50,157 [myid:] - INFO  [main:ZKTestCase@77] - STARTING Optional[public void org.apache.zookeeper.server.quorum.UnifiedServerSocketTest.testConnectWithSSLToNonStrictServer(org.apache.zookeeper.common.X509KeyType,org.apache.zookeeper.common.X509KeyType,java.lang.Boolean,java.lang.Integer) throws java.lang.Exception]
2021-11-08 11:12:50,158 [myid:] - INFO  [main:PortAssignment@87] - Assigned port 16635 from range 16607 - 19299.
2021-11-08 11:12:50,162 [myid:] - INFO  [main:ZKTestCase@82] - FINISHED Optional[public void org.apache.zookeeper.server.quorum.UnifiedServerSocketTest.testConnectWithSSLToNonStrictServer(org.apache.zookeeper.common.X509KeyType,org.apache.zookeeper.common.X509KeyType,java.lang.Boolean,java.lang.Integer) throws java.lang.Exception]
]]></system-out>
  </testcase>
  <testcase name="testConnectWithSSLToNonStrictServer{X509KeyType, X509KeyType, Boolean, Integer}[5]" classname="org.apache.zookeeper.server.quorum.UnifiedServerSocketTest" time="0.034">
    <error message="Cannot support TLS_ECDHE_ECDSA_WITH_AES_256_CBC_SHA384 with currently installed providers" type="java.lang.IllegalArgumentException">java.lang.IllegalArgumentException: Cannot support TLS_ECDHE_ECDSA_WITH_AES_256_CBC_SHA384 with currently installed providers
	at javax.net.ssl.SSLSocket.setSSLParameters(SSLSocket.java:650)
	at org.apache.zookeeper.common.SSLContextAndOptions.configureSSLSocket(SSLContextAndOptions.java:125)
	at org.apache.zookeeper.common.SSLContextAndOptions.createSSLSocket(SSLContextAndOptions.java:80)
	at org.apache.zookeeper.common.X509Util.createSSLSocket(X509Util.java:517)
	at org.apache.zookeeper.server.quorum.UnifiedServerSocketTest.connectWithSSL(UnifiedServerSocketTest.java:212)
	at org.apache.zookeeper.server.quorum.UnifiedServerSocketTest.testConnectWithSSLToNonStrictServer(UnifiedServerSocketTest.java:277)
</error>
    <system-out><![CDATA[2021-11-08 11:12:50,164 [myid:] - INFO  [main:ZKTestCase@77] - STARTING Optional[public void org.apache.zookeeper.server.quorum.UnifiedServerSocketTest.testConnectWithSSLToNonStrictServer(org.apache.zookeeper.common.X509KeyType,org.apache.zookeeper.common.X509KeyType,java.lang.Boolean,java.lang.Integer) throws java.lang.Exception]
2021-11-08 11:12:50,165 [myid:] - INFO  [main:PortAssignment@87] - Assigned port 16636 from range 16607 - 19299.
2021-11-08 11:12:50,167 [myid:] - INFO  [main:ZKTestCase@82] - FINISHED Optional[public void org.apache.zookeeper.server.quorum.UnifiedServerSocketTest.testConnectWithSSLToNonStrictServer(org.apache.zookeeper.common.X509KeyType,org.apache.zookeeper.common.X509KeyType,java.lang.Boolean,java.lang.Integer) throws java.lang.Exception]
]]></system-out>
  </testcase>
  <testcase name="testConnectWithSSLToNonStrictServer{X509KeyType, X509KeyType, Boolean, Integer}[6]" classname="org.apache.zookeeper.server.quorum.UnifiedServerSocketTest" time="0.002">
    <error message="Cannot support TLS_ECDHE_ECDSA_WITH_AES_256_CBC_SHA384 with currently installed providers" type="java.lang.IllegalArgumentException">java.lang.IllegalArgumentException: Cannot support TLS_ECDHE_ECDSA_WITH_AES_256_CBC_SHA384 with currently installed providers
	at javax.net.ssl.SSLSocket.setSSLParameters(SSLSocket.java:650)
	at org.apache.zookeeper.common.SSLContextAndOptions.configureSSLSocket(SSLContextAndOptions.java:125)
	at org.apache.zookeeper.common.SSLContextAndOptions.createSSLSocket(SSLContextAndOptions.java:80)
	at org.apache.zookeeper.common.X509Util.createSSLSocket(X509Util.java:517)
	at org.apache.zookeeper.server.quorum.UnifiedServerSocketTest.connectWithSSL(UnifiedServerSocketTest.java:212)
	at org.apache.zookeeper.server.quorum.UnifiedServerSocketTest.testConnectWithSSLToNonStrictServer(UnifiedServerSocketTest.java:277)
</error>
    <system-out><![CDATA[2021-11-08 11:12:50,200 [myid:] - INFO  [main:ZKTestCase@77] - STARTING Optional[public void org.apache.zookeeper.server.quorum.UnifiedServerSocketTest.testConnectWithSSLToNonStrictServer(org.apache.zookeeper.common.X509KeyType,org.apache.zookeeper.common.X509KeyType,java.lang.Boolean,java.lang.Integer) throws java.lang.Exception]
2021-11-08 11:12:50,201 [myid:] - INFO  [main:PortAssignment@87] - Assigned port 16637 from range 16607 - 19299.
2021-11-08 11:12:50,204 [myid:] - INFO  [main:ZKTestCase@82] - FINISHED Optional[public void org.apache.zookeeper.server.quorum.UnifiedServerSocketTest.testConnectWithSSLToNonStrictServer(org.apache.zookeeper.common.X509KeyType,org.apache.zookeeper.common.X509KeyType,java.lang.Boolean,java.lang.Integer) throws java.lang.Exception]
]]></system-out>
  </testcase>
  <testcase name="testConnectWithSSLToNonStrictServer{X509KeyType, X509KeyType, Boolean, Integer}[7]" classname="org.apache.zookeeper.server.quorum.UnifiedServerSocketTest" time="0.007">
    <error message="Cannot support TLS_ECDHE_ECDSA_WITH_AES_256_CBC_SHA384 with currently installed providers" type="java.lang.IllegalArgumentException">java.lang.IllegalArgumentException: Cannot support TLS_ECDHE_ECDSA_WITH_AES_256_CBC_SHA384 with currently installed providers
	at javax.net.ssl.SSLSocket.setSSLParameters(SSLSocket.java:650)
	at org.apache.zookeeper.common.SSLContextAndOptions.configureSSLSocket(SSLContextAndOptions.java:125)
	at org.apache.zookeeper.common.SSLContextAndOptions.createSSLSocket(SSLContextAndOptions.java:80)
	at org.apache.zookeeper.common.X509Util.createSSLSocket(X509Util.java:517)
	at org.apache.zookeeper.server.quorum.UnifiedServerSocketTest.connectWithSSL(UnifiedServerSocketTest.java:212)
	at org.apache.zookeeper.server.quorum.UnifiedServerSocketTest.testConnectWithSSLToNonStrictServer(UnifiedServerSocketTest.java:277)
</error>
    <system-out><![CDATA[2021-11-08 11:12:50,206 [myid:] - INFO  [main:ZKTestCase@77] - STARTING Optional[public void org.apache.zookeeper.server.quorum.UnifiedServerSocketTest.testConnectWithSSLToNonStrictServer(org.apache.zookeeper.common.X509KeyType,org.apache.zookeeper.common.X509KeyType,java.lang.Boolean,java.lang.Integer) throws java.lang.Exception]
2021-11-08 11:12:50,207 [myid:] - INFO  [main:PortAssignment@87] - Assigned port 16638 from range 16607 - 19299.
2021-11-08 11:12:50,210 [myid:] - INFO  [main:ZKTestCase@82] - FINISHED Optional[public void org.apache.zookeeper.server.quorum.UnifiedServerSocketTest.testConnectWithSSLToNonStrictServer(org.apache.zookeeper.common.X509KeyType,org.apache.zookeeper.common.X509KeyType,java.lang.Boolean,java.lang.Integer) throws java.lang.Exception]
]]></system-out>
  </testcase>
  <testcase name="testConnectWithSSLToNonStrictServer{X509KeyType, X509KeyType, Boolean, Integer}[8]" classname="org.apache.zookeeper.server.quorum.UnifiedServerSocketTest" time="0.031">
    <error message="Cannot support TLS_ECDHE_ECDSA_WITH_AES_256_CBC_SHA384 with currently installed providers" type="java.lang.IllegalArgumentException">java.lang.IllegalArgumentException: Cannot support TLS_ECDHE_ECDSA_WITH_AES_256_CBC_SHA384 with currently installed providers
	at javax.net.ssl.SSLSocket.setSSLParameters(SSLSocket.java:650)
	at org.apache.zookeeper.common.SSLContextAndOptions.configureSSLSocket(SSLContextAndOptions.java:125)
	at org.apache.zookeeper.common.SSLContextAndOptions.createSSLSocket(SSLContextAndOptions.java:80)
	at org.apache.zookeeper.common.X509Util.createSSLSocket(X509Util.java:517)
	at org.apache.zookeeper.server.quorum.UnifiedServerSocketTest.connectWithSSL(UnifiedServerSocketTest.java:212)
	at org.apache.zookeeper.server.quorum.UnifiedServerSocketTest.testConnectWithSSLToNonStrictServer(UnifiedServerSocketTest.java:277)
</error>
    <system-out><![CDATA[2021-11-08 11:12:50,229 [myid:] - INFO  [main:ZKTestCase@77] - STARTING Optional[public void org.apache.zookeeper.server.quorum.UnifiedServerSocketTest.testConnectWithSSLToNonStrictServer(org.apache.zookeeper.common.X509KeyType,org.apache.zookeeper.common.X509KeyType,java.lang.Boolean,java.lang.Integer) throws java.lang.Exception]
2021-11-08 11:12:50,231 [myid:] - INFO  [main:PortAssignment@87] - Assigned port 16639 from range 16607 - 19299.
2021-11-08 11:12:50,240 [myid:] - INFO  [main:ZKTestCase@82] - FINISHED Optional[public void org.apache.zookeeper.server.quorum.UnifiedServerSocketTest.testConnectWithSSLToNonStrictServer(org.apache.zookeeper.common.X509KeyType,org.apache.zookeeper.common.X509KeyType,java.lang.Boolean,java.lang.Integer) throws java.lang.Exception]
]]></system-out>
  </testcase>
  <testcase name="testTLSDetectionNonBlockingStrictServerDisconnectedClient{X509KeyType, X509KeyType, Boolean, Integer}[1]" classname="org.apache.zookeeper.server.quorum.UnifiedServerSocketTest" time="0.008">
    <error message="Cannot support TLS_ECDHE_ECDSA_WITH_AES_256_CBC_SHA384 with currently installed providers" type="java.lang.IllegalArgumentException">java.lang.IllegalArgumentException: Cannot support TLS_ECDHE_ECDSA_WITH_AES_256_CBC_SHA384 with currently installed providers
	at javax.net.ssl.SSLSocket.setSSLParameters(SSLSocket.java:650)
	at org.apache.zookeeper.common.SSLContextAndOptions.configureSSLSocket(SSLContextAndOptions.java:125)
	at org.apache.zookeeper.common.SSLContextAndOptions.createSSLSocket(SSLContextAndOptions.java:80)
	at org.apache.zookeeper.common.X509Util.createSSLSocket(X509Util.java:517)
	at org.apache.zookeeper.server.quorum.UnifiedServerSocketTest.connectWithSSL(UnifiedServerSocketTest.java:212)
	at org.apache.zookeeper.server.quorum.UnifiedServerSocketTest.testTLSDetectionNonBlockingStrictServerDisconnectedClient(UnifiedServerSocketTest.java:616)
</error>
    <system-out><![CDATA[2021-11-08 11:12:50,242 [myid:] - INFO  [main:ZKTestCase@77] - STARTING Optional[public void org.apache.zookeeper.server.quorum.UnifiedServerSocketTest.testTLSDetectionNonBlockingStrictServerDisconnectedClient(org.apache.zookeeper.common.X509KeyType,org.apache.zookeeper.common.X509KeyType,java.lang.Boolean,java.lang.Integer) throws java.lang.Exception]
2021-11-08 11:12:50,243 [myid:] - INFO  [main:PortAssignment@87] - Assigned port 16640 from range 16607 - 19299.
2021-11-08 11:12:50,252 [myid:] - INFO  [main:ZKTestCase@82] - FINISHED Optional[public void org.apache.zookeeper.server.quorum.UnifiedServerSocketTest.testTLSDetectionNonBlockingStrictServerDisconnectedClient(org.apache.zookeeper.common.X509KeyType,org.apache.zookeeper.common.X509KeyType,java.lang.Boolean,java.lang.Integer) throws java.lang.Exception]
]]></system-out>
    <system-err><![CDATA[Exception in thread "Thread-33" java.lang.RuntimeException: java.net.SocketException: Socket is closed
	at org.apache.zookeeper.server.quorum.UnifiedServerSocketTest$UnifiedServerThread.run(UnifiedServerSocketTest.java:184)
Caused by: java.net.SocketException: Socket is closed
	at org.apache.zookeeper.server.quorum.UnifiedServerSocket.accept(UnifiedServerSocket.java:133)
	at org.apache.zookeeper.server.quorum.UnifiedServerSocketTest$UnifiedServerThread.run(UnifiedServerSocketTest.java:147)
]]></system-err>
  </testcase>
  <testcase name="testTLSDetectionNonBlockingStrictServerDisconnectedClient{X509KeyType, X509KeyType, Boolean, Integer}[2]" classname="org.apache.zookeeper.server.quorum.UnifiedServerSocketTest" time="0.006">
    <error message="Cannot support TLS_ECDHE_ECDSA_WITH_AES_256_CBC_SHA384 with currently installed providers" type="java.lang.IllegalArgumentException">java.lang.IllegalArgumentException: Cannot support TLS_ECDHE_ECDSA_WITH_AES_256_CBC_SHA384 with currently installed providers
	at javax.net.ssl.SSLSocket.setSSLParameters(SSLSocket.java:650)
	at org.apache.zookeeper.common.SSLContextAndOptions.configureSSLSocket(SSLContextAndOptions.java:125)
	at org.apache.zookeeper.common.SSLContextAndOptions.createSSLSocket(SSLContextAndOptions.java:80)
	at org.apache.zookeeper.common.X509Util.createSSLSocket(X509Util.java:517)
	at org.apache.zookeeper.server.quorum.UnifiedServerSocketTest.connectWithSSL(UnifiedServerSocketTest.java:212)
	at org.apache.zookeeper.server.quorum.UnifiedServerSocketTest.testTLSDetectionNonBlockingStrictServerDisconnectedClient(UnifiedServerSocketTest.java:616)
</error>
    <system-out><![CDATA[2021-11-08 11:12:50,253 [myid:] - INFO  [main:ZKTestCase@77] - STARTING Optional[public void org.apache.zookeeper.server.quorum.UnifiedServerSocketTest.testTLSDetectionNonBlockingStrictServerDisconnectedClient(org.apache.zookeeper.common.X509KeyType,org.apache.zookeeper.common.X509KeyType,java.lang.Boolean,java.lang.Integer) throws java.lang.Exception]
2021-11-08 11:12:50,254 [myid:] - INFO  [main:PortAssignment@87] - Assigned port 16641 from range 16607 - 19299.
2021-11-08 11:12:50,259 [myid:] - INFO  [main:ZKTestCase@82] - FINISHED Optional[public void org.apache.zookeeper.server.quorum.UnifiedServerSocketTest.testTLSDetectionNonBlockingStrictServerDisconnectedClient(org.apache.zookeeper.common.X509KeyType,org.apache.zookeeper.common.X509KeyType,java.lang.Boolean,java.lang.Integer) throws java.lang.Exception]
]]></system-out>
    <system-err><![CDATA[Exception in thread "Thread-34" java.lang.RuntimeException: java.net.SocketException: socket closed
	at org.apache.zookeeper.server.quorum.UnifiedServerSocketTest$UnifiedServerThread.run(UnifiedServerSocketTest.java:184)
Caused by: java.net.SocketException: socket closed
	at java.net.DualStackPlainSocketImpl.accept0(Native Method)
	at java.net.DualStackPlainSocketImpl.socketAccept(DualStackPlainSocketImpl.java:131)
	at java.net.AbstractPlainSocketImpl.accept(AbstractPlainSocketImpl.java:404)
	at java.net.PlainSocketImpl.accept(PlainSocketImpl.java:199)
	at java.net.ServerSocket.implAccept(ServerSocket.java:545)
	at org.apache.zookeeper.server.quorum.UnifiedServerSocket.accept(UnifiedServerSocket.java:139)
	at org.apache.zookeeper.server.quorum.UnifiedServerSocketTest$UnifiedServerThread.run(UnifiedServerSocketTest.java:147)
]]></system-err>
  </testcase>
  <testcase name="testTLSDetectionNonBlockingStrictServerDisconnectedClient{X509KeyType, X509KeyType, Boolean, Integer}[3]" classname="org.apache.zookeeper.server.quorum.UnifiedServerSocketTest" time="0.006">
    <error message="Cannot support TLS_ECDHE_ECDSA_WITH_AES_256_CBC_SHA384 with currently installed providers" type="java.lang.IllegalArgumentException">java.lang.IllegalArgumentException: Cannot support TLS_ECDHE_ECDSA_WITH_AES_256_CBC_SHA384 with currently installed providers
	at javax.net.ssl.SSLSocket.setSSLParameters(SSLSocket.java:650)
	at org.apache.zookeeper.common.SSLContextAndOptions.configureSSLSocket(SSLContextAndOptions.java:125)
	at org.apache.zookeeper.common.SSLContextAndOptions.createSSLSocket(SSLContextAndOptions.java:80)
	at org.apache.zookeeper.common.X509Util.createSSLSocket(X509Util.java:517)
	at org.apache.zookeeper.server.quorum.UnifiedServerSocketTest.connectWithSSL(UnifiedServerSocketTest.java:212)
	at org.apache.zookeeper.server.quorum.UnifiedServerSocketTest.testTLSDetectionNonBlockingStrictServerDisconnectedClient(UnifiedServerSocketTest.java:616)
</error>
    <system-out><![CDATA[2021-11-08 11:12:50,260 [myid:] - INFO  [main:ZKTestCase@77] - STARTING Optional[public void org.apache.zookeeper.server.quorum.UnifiedServerSocketTest.testTLSDetectionNonBlockingStrictServerDisconnectedClient(org.apache.zookeeper.common.X509KeyType,org.apache.zookeeper.common.X509KeyType,java.lang.Boolean,java.lang.Integer) throws java.lang.Exception]
2021-11-08 11:12:50,261 [myid:] - INFO  [main:PortAssignment@87] - Assigned port 16642 from range 16607 - 19299.
2021-11-08 11:12:50,265 [myid:] - INFO  [main:ZKTestCase@82] - FINISHED Optional[public void org.apache.zookeeper.server.quorum.UnifiedServerSocketTest.testTLSDetectionNonBlockingStrictServerDisconnectedClient(org.apache.zookeeper.common.X509KeyType,org.apache.zookeeper.common.X509KeyType,java.lang.Boolean,java.lang.Integer) throws java.lang.Exception]
]]></system-out>
    <system-err><![CDATA[Exception in thread "Thread-35" java.lang.RuntimeException: java.net.SocketException: socket closed
	at org.apache.zookeeper.server.quorum.UnifiedServerSocketTest$UnifiedServerThread.run(UnifiedServerSocketTest.java:184)
Caused by: java.net.SocketException: socket closed
	at java.net.DualStackPlainSocketImpl.accept0(Native Method)
	at java.net.DualStackPlainSocketImpl.socketAccept(DualStackPlainSocketImpl.java:131)
	at java.net.AbstractPlainSocketImpl.accept(AbstractPlainSocketImpl.java:404)
	at java.net.PlainSocketImpl.accept(PlainSocketImpl.java:199)
	at java.net.ServerSocket.implAccept(ServerSocket.java:545)
	at org.apache.zookeeper.server.quorum.UnifiedServerSocket.accept(UnifiedServerSocket.java:139)
	at org.apache.zookeeper.server.quorum.UnifiedServerSocketTest$UnifiedServerThread.run(UnifiedServerSocketTest.java:147)
]]></system-err>
  </testcase>
  <testcase name="testTLSDetectionNonBlockingStrictServerDisconnectedClient{X509KeyType, X509KeyType, Boolean, Integer}[4]" classname="org.apache.zookeeper.server.quorum.UnifiedServerSocketTest" time="0.009">
    <error message="Cannot support TLS_ECDHE_ECDSA_WITH_AES_256_CBC_SHA384 with currently installed providers" type="java.lang.IllegalArgumentException">java.lang.IllegalArgumentException: Cannot support TLS_ECDHE_ECDSA_WITH_AES_256_CBC_SHA384 with currently installed providers
	at javax.net.ssl.SSLSocket.setSSLParameters(SSLSocket.java:650)
	at org.apache.zookeeper.common.SSLContextAndOptions.configureSSLSocket(SSLContextAndOptions.java:125)
	at org.apache.zookeeper.common.SSLContextAndOptions.createSSLSocket(SSLContextAndOptions.java:80)
	at org.apache.zookeeper.common.X509Util.createSSLSocket(X509Util.java:517)
	at org.apache.zookeeper.server.quorum.UnifiedServerSocketTest.connectWithSSL(UnifiedServerSocketTest.java:212)
	at org.apache.zookeeper.server.quorum.UnifiedServerSocketTest.testTLSDetectionNonBlockingStrictServerDisconnectedClient(UnifiedServerSocketTest.java:616)
</error>
    <system-out><![CDATA[2021-11-08 11:12:50,268 [myid:] - INFO  [main:ZKTestCase@77] - STARTING Optional[public void org.apache.zookeeper.server.quorum.UnifiedServerSocketTest.testTLSDetectionNonBlockingStrictServerDisconnectedClient(org.apache.zookeeper.common.X509KeyType,org.apache.zookeeper.common.X509KeyType,java.lang.Boolean,java.lang.Integer) throws java.lang.Exception]
2021-11-08 11:12:50,269 [myid:] - INFO  [main:PortAssignment@87] - Assigned port 16643 from range 16607 - 19299.
2021-11-08 11:12:50,274 [myid:] - INFO  [main:ZKTestCase@82] - FINISHED Optional[public void org.apache.zookeeper.server.quorum.UnifiedServerSocketTest.testTLSDetectionNonBlockingStrictServerDisconnectedClient(org.apache.zookeeper.common.X509KeyType,org.apache.zookeeper.common.X509KeyType,java.lang.Boolean,java.lang.Integer) throws java.lang.Exception]
]]></system-out>
    <system-err><![CDATA[Exception in thread "Thread-36" java.lang.RuntimeException: java.net.SocketException: Socket is closed
	at org.apache.zookeeper.server.quorum.UnifiedServerSocketTest$UnifiedServerThread.run(UnifiedServerSocketTest.java:184)
Caused by: java.net.SocketException: Socket is closed
	at org.apache.zookeeper.server.quorum.UnifiedServerSocket.accept(UnifiedServerSocket.java:133)
	at org.apache.zookeeper.server.quorum.UnifiedServerSocketTest$UnifiedServerThread.run(UnifiedServerSocketTest.java:147)
]]></system-err>
  </testcase>
  <testcase name="testTLSDetectionNonBlockingStrictServerDisconnectedClient{X509KeyType, X509KeyType, Boolean, Integer}[5]" classname="org.apache.zookeeper.server.quorum.UnifiedServerSocketTest" time="0.011">
    <error message="Cannot support TLS_ECDHE_ECDSA_WITH_AES_256_CBC_SHA384 with currently installed providers" type="java.lang.IllegalArgumentException">java.lang.IllegalArgumentException: Cannot support TLS_ECDHE_ECDSA_WITH_AES_256_CBC_SHA384 with currently installed providers
	at javax.net.ssl.SSLSocket.setSSLParameters(SSLSocket.java:650)
	at org.apache.zookeeper.common.SSLContextAndOptions.configureSSLSocket(SSLContextAndOptions.java:125)
	at org.apache.zookeeper.common.SSLContextAndOptions.createSSLSocket(SSLContextAndOptions.java:80)
	at org.apache.zookeeper.common.X509Util.createSSLSocket(X509Util.java:517)
	at org.apache.zookeeper.server.quorum.UnifiedServerSocketTest.connectWithSSL(UnifiedServerSocketTest.java:212)
	at org.apache.zookeeper.server.quorum.UnifiedServerSocketTest.testTLSDetectionNonBlockingStrictServerDisconnectedClient(UnifiedServerSocketTest.java:616)
</error>
    <system-out><![CDATA[2021-11-08 11:12:50,276 [myid:] - INFO  [main:ZKTestCase@77] - STARTING Optional[public void org.apache.zookeeper.server.quorum.UnifiedServerSocketTest.testTLSDetectionNonBlockingStrictServerDisconnectedClient(org.apache.zookeeper.common.X509KeyType,org.apache.zookeeper.common.X509KeyType,java.lang.Boolean,java.lang.Integer) throws java.lang.Exception]
2021-11-08 11:12:50,277 [myid:] - INFO  [main:PortAssignment@87] - Assigned port 16644 from range 16607 - 19299.
2021-11-08 11:12:50,286 [myid:] - INFO  [main:ZKTestCase@82] - FINISHED Optional[public void org.apache.zookeeper.server.quorum.UnifiedServerSocketTest.testTLSDetectionNonBlockingStrictServerDisconnectedClient(org.apache.zookeeper.common.X509KeyType,org.apache.zookeeper.common.X509KeyType,java.lang.Boolean,java.lang.Integer) throws java.lang.Exception]
]]></system-out>
    <system-err><![CDATA[Exception in thread "Thread-37" java.lang.RuntimeException: java.net.SocketException: Socket is closed
	at org.apache.zookeeper.server.quorum.UnifiedServerSocketTest$UnifiedServerThread.run(UnifiedServerSocketTest.java:184)
Caused by: java.net.SocketException: Socket is closed
	at org.apache.zookeeper.server.quorum.UnifiedServerSocket.accept(UnifiedServerSocket.java:133)
	at org.apache.zookeeper.server.quorum.UnifiedServerSocketTest$UnifiedServerThread.run(UnifiedServerSocketTest.java:147)
]]></system-err>
  </testcase>
  <testcase name="testTLSDetectionNonBlockingStrictServerDisconnectedClient{X509KeyType, X509KeyType, Boolean, Integer}[6]" classname="org.apache.zookeeper.server.quorum.UnifiedServerSocketTest" time="0.005">
    <error message="Cannot support TLS_ECDHE_ECDSA_WITH_AES_256_CBC_SHA384 with currently installed providers" type="java.lang.IllegalArgumentException">java.lang.IllegalArgumentException: Cannot support TLS_ECDHE_ECDSA_WITH_AES_256_CBC_SHA384 with currently installed providers
	at javax.net.ssl.SSLSocket.setSSLParameters(SSLSocket.java:650)
	at org.apache.zookeeper.common.SSLContextAndOptions.configureSSLSocket(SSLContextAndOptions.java:125)
	at org.apache.zookeeper.common.SSLContextAndOptions.createSSLSocket(SSLContextAndOptions.java:80)
	at org.apache.zookeeper.common.X509Util.createSSLSocket(X509Util.java:517)
	at org.apache.zookeeper.server.quorum.UnifiedServerSocketTest.connectWithSSL(UnifiedServerSocketTest.java:212)
	at org.apache.zookeeper.server.quorum.UnifiedServerSocketTest.testTLSDetectionNonBlockingStrictServerDisconnectedClient(UnifiedServerSocketTest.java:616)
</error>
    <system-out><![CDATA[2021-11-08 11:12:50,287 [myid:] - INFO  [main:ZKTestCase@77] - STARTING Optional[public void org.apache.zookeeper.server.quorum.UnifiedServerSocketTest.testTLSDetectionNonBlockingStrictServerDisconnectedClient(org.apache.zookeeper.common.X509KeyType,org.apache.zookeeper.common.X509KeyType,java.lang.Boolean,java.lang.Integer) throws java.lang.Exception]
2021-11-08 11:12:50,288 [myid:] - INFO  [main:PortAssignment@87] - Assigned port 16645 from range 16607 - 19299.
2021-11-08 11:12:50,293 [myid:] - INFO  [main:ZKTestCase@82] - FINISHED Optional[public void org.apache.zookeeper.server.quorum.UnifiedServerSocketTest.testTLSDetectionNonBlockingStrictServerDisconnectedClient(org.apache.zookeeper.common.X509KeyType,org.apache.zookeeper.common.X509KeyType,java.lang.Boolean,java.lang.Integer) throws java.lang.Exception]
]]></system-out>
    <system-err><![CDATA[Exception in thread "Thread-38" java.lang.RuntimeException: java.net.SocketException: Socket closed
	at org.apache.zookeeper.server.quorum.UnifiedServerSocketTest$UnifiedServerThread.run(UnifiedServerSocketTest.java:184)
Caused by: java.net.SocketException: Socket closed
	at java.net.DualStackPlainSocketImpl.checkAndReturnNativeFD(DualStackPlainSocketImpl.java:251)
	at java.net.DualStackPlainSocketImpl.socketAccept(DualStackPlainSocketImpl.java:123)
	at java.net.AbstractPlainSocketImpl.accept(AbstractPlainSocketImpl.java:404)
	at java.net.PlainSocketImpl.accept(PlainSocketImpl.java:199)
	at java.net.ServerSocket.implAccept(ServerSocket.java:545)
	at org.apache.zookeeper.server.quorum.UnifiedServerSocket.accept(UnifiedServerSocket.java:139)
	at org.apache.zookeeper.server.quorum.UnifiedServerSocketTest$UnifiedServerThread.run(UnifiedServerSocketTest.java:147)
]]></system-err>
  </testcase>
  <testcase name="testTLSDetectionNonBlockingStrictServerDisconnectedClient{X509KeyType, X509KeyType, Boolean, Integer}[7]" classname="org.apache.zookeeper.server.quorum.UnifiedServerSocketTest" time="0.006">
    <error message="Cannot support TLS_ECDHE_ECDSA_WITH_AES_256_CBC_SHA384 with currently installed providers" type="java.lang.IllegalArgumentException">java.lang.IllegalArgumentException: Cannot support TLS_ECDHE_ECDSA_WITH_AES_256_CBC_SHA384 with currently installed providers
	at javax.net.ssl.SSLSocket.setSSLParameters(SSLSocket.java:650)
	at org.apache.zookeeper.common.SSLContextAndOptions.configureSSLSocket(SSLContextAndOptions.java:125)
	at org.apache.zookeeper.common.SSLContextAndOptions.createSSLSocket(SSLContextAndOptions.java:80)
	at org.apache.zookeeper.common.X509Util.createSSLSocket(X509Util.java:517)
	at org.apache.zookeeper.server.quorum.UnifiedServerSocketTest.connectWithSSL(UnifiedServerSocketTest.java:212)
	at org.apache.zookeeper.server.quorum.UnifiedServerSocketTest.testTLSDetectionNonBlockingStrictServerDisconnectedClient(UnifiedServerSocketTest.java:616)
</error>
    <system-out><![CDATA[2021-11-08 11:12:50,294 [myid:] - INFO  [main:ZKTestCase@77] - STARTING Optional[public void org.apache.zookeeper.server.quorum.UnifiedServerSocketTest.testTLSDetectionNonBlockingStrictServerDisconnectedClient(org.apache.zookeeper.common.X509KeyType,org.apache.zookeeper.common.X509KeyType,java.lang.Boolean,java.lang.Integer) throws java.lang.Exception]
2021-11-08 11:12:50,295 [myid:] - INFO  [main:PortAssignment@87] - Assigned port 16646 from range 16607 - 19299.
2021-11-08 11:12:50,299 [myid:] - INFO  [main:ZKTestCase@82] - FINISHED Optional[public void org.apache.zookeeper.server.quorum.UnifiedServerSocketTest.testTLSDetectionNonBlockingStrictServerDisconnectedClient(org.apache.zookeeper.common.X509KeyType,org.apache.zookeeper.common.X509KeyType,java.lang.Boolean,java.lang.Integer) throws java.lang.Exception]
]]></system-out>
    <system-err><![CDATA[Exception in thread "Thread-39" java.lang.RuntimeException: java.net.SocketException: Socket is closed
	at org.apache.zookeeper.server.quorum.UnifiedServerSocketTest$UnifiedServerThread.run(UnifiedServerSocketTest.java:184)
Caused by: java.net.SocketException: Socket is closed
	at org.apache.zookeeper.server.quorum.UnifiedServerSocket.accept(UnifiedServerSocket.java:133)
	at org.apache.zookeeper.server.quorum.UnifiedServerSocketTest$UnifiedServerThread.run(UnifiedServerSocketTest.java:147)
]]></system-err>
  </testcase>
  <testcase name="testTLSDetectionNonBlockingStrictServerDisconnectedClient{X509KeyType, X509KeyType, Boolean, Integer}[8]" classname="org.apache.zookeeper.server.quorum.UnifiedServerSocketTest" time="0.005">
    <error message="Cannot support TLS_ECDHE_ECDSA_WITH_AES_256_CBC_SHA384 with currently installed providers" type="java.lang.IllegalArgumentException">java.lang.IllegalArgumentException: Cannot support TLS_ECDHE_ECDSA_WITH_AES_256_CBC_SHA384 with currently installed providers
	at javax.net.ssl.SSLSocket.setSSLParameters(SSLSocket.java:650)
	at org.apache.zookeeper.common.SSLContextAndOptions.configureSSLSocket(SSLContextAndOptions.java:125)
	at org.apache.zookeeper.common.SSLContextAndOptions.createSSLSocket(SSLContextAndOptions.java:80)
	at org.apache.zookeeper.common.X509Util.createSSLSocket(X509Util.java:517)
	at org.apache.zookeeper.server.quorum.UnifiedServerSocketTest.connectWithSSL(UnifiedServerSocketTest.java:212)
	at org.apache.zookeeper.server.quorum.UnifiedServerSocketTest.testTLSDetectionNonBlockingStrictServerDisconnectedClient(UnifiedServerSocketTest.java:616)
</error>
    <system-out><![CDATA[2021-11-08 11:12:50,301 [myid:] - INFO  [main:ZKTestCase@77] - STARTING Optional[public void org.apache.zookeeper.server.quorum.UnifiedServerSocketTest.testTLSDetectionNonBlockingStrictServerDisconnectedClient(org.apache.zookeeper.common.X509KeyType,org.apache.zookeeper.common.X509KeyType,java.lang.Boolean,java.lang.Integer) throws java.lang.Exception]
2021-11-08 11:12:50,302 [myid:] - INFO  [main:PortAssignment@87] - Assigned port 16647 from range 16607 - 19299.
2021-11-08 11:12:50,306 [myid:] - INFO  [main:ZKTestCase@82] - FINISHED Optional[public void org.apache.zookeeper.server.quorum.UnifiedServerSocketTest.testTLSDetectionNonBlockingStrictServerDisconnectedClient(org.apache.zookeeper.common.X509KeyType,org.apache.zookeeper.common.X509KeyType,java.lang.Boolean,java.lang.Integer) throws java.lang.Exception]
]]></system-out>
    <system-err><![CDATA[Exception in thread "Thread-40" java.lang.RuntimeException: java.net.SocketException: Socket closed
	at org.apache.zookeeper.server.quorum.UnifiedServerSocketTest$UnifiedServerThread.run(UnifiedServerSocketTest.java:184)
Caused by: java.net.SocketException: Socket closed
	at java.net.DualStackPlainSocketImpl.checkAndReturnNativeFD(DualStackPlainSocketImpl.java:251)
	at java.net.DualStackPlainSocketImpl.socketAccept(DualStackPlainSocketImpl.java:123)
	at java.net.AbstractPlainSocketImpl.accept(AbstractPlainSocketImpl.java:404)
	at java.net.PlainSocketImpl.accept(PlainSocketImpl.java:199)
	at java.net.ServerSocket.implAccept(ServerSocket.java:545)
	at org.apache.zookeeper.server.quorum.UnifiedServerSocket.accept(UnifiedServerSocket.java:139)
	at org.apache.zookeeper.server.quorum.UnifiedServerSocketTest$UnifiedServerThread.run(UnifiedServerSocketTest.java:147)
]]></system-err>
  </testcase>
  <testcase name="testTLSDetectionNonBlockingStrictServerIdleClient{X509KeyType, X509KeyType, Boolean, Integer}[1]" classname="org.apache.zookeeper.server.quorum.UnifiedServerSocketTest" time="0.005">
    <error message="Cannot support TLS_ECDHE_ECDSA_WITH_AES_256_CBC_SHA384 with currently installed providers" type="java.lang.IllegalArgumentException">java.lang.IllegalArgumentException: Cannot support TLS_ECDHE_ECDSA_WITH_AES_256_CBC_SHA384 with currently installed providers
	at javax.net.ssl.SSLSocket.setSSLParameters(SSLSocket.java:650)
	at org.apache.zookeeper.common.SSLContextAndOptions.configureSSLSocket(SSLContextAndOptions.java:125)
	at org.apache.zookeeper.common.SSLContextAndOptions.createSSLSocket(SSLContextAndOptions.java:80)
	at org.apache.zookeeper.common.X509Util.createSSLSocket(X509Util.java:517)
	at org.apache.zookeeper.server.quorum.UnifiedServerSocketTest.connectWithSSL(UnifiedServerSocketTest.java:212)
	at org.apache.zookeeper.server.quorum.UnifiedServerSocketTest.testTLSDetectionNonBlockingStrictServerIdleClient(UnifiedServerSocketTest.java:520)
</error>
    <system-out><![CDATA[2021-11-08 11:12:50,307 [myid:] - INFO  [main:ZKTestCase@77] - STARTING Optional[public void org.apache.zookeeper.server.quorum.UnifiedServerSocketTest.testTLSDetectionNonBlockingStrictServerIdleClient(org.apache.zookeeper.common.X509KeyType,org.apache.zookeeper.common.X509KeyType,java.lang.Boolean,java.lang.Integer) throws java.lang.Exception]
2021-11-08 11:12:50,308 [myid:] - INFO  [main:PortAssignment@87] - Assigned port 16648 from range 16607 - 19299.
2021-11-08 11:12:50,311 [myid:] - INFO  [main:ZKTestCase@82] - FINISHED Optional[public void org.apache.zookeeper.server.quorum.UnifiedServerSocketTest.testTLSDetectionNonBlockingStrictServerIdleClient(org.apache.zookeeper.common.X509KeyType,org.apache.zookeeper.common.X509KeyType,java.lang.Boolean,java.lang.Integer) throws java.lang.Exception]
]]></system-out>
    <system-err><![CDATA[Exception in thread "Thread-41" java.lang.RuntimeException: java.net.SocketException: Socket is closed
	at org.apache.zookeeper.server.quorum.UnifiedServerSocketTest$UnifiedServerThread.run(UnifiedServerSocketTest.java:184)
Caused by: java.net.SocketException: Socket is closed
	at org.apache.zookeeper.server.quorum.UnifiedServerSocket.accept(UnifiedServerSocket.java:133)
	at org.apache.zookeeper.server.quorum.UnifiedServerSocketTest$UnifiedServerThread.run(UnifiedServerSocketTest.java:147)
]]></system-err>
  </testcase>
  <testcase name="testTLSDetectionNonBlockingStrictServerIdleClient{X509KeyType, X509KeyType, Boolean, Integer}[2]" classname="org.apache.zookeeper.server.quorum.UnifiedServerSocketTest" time="0.006">
    <error message="Cannot support TLS_ECDHE_ECDSA_WITH_AES_256_CBC_SHA384 with currently installed providers" type="java.lang.IllegalArgumentException">java.lang.IllegalArgumentException: Cannot support TLS_ECDHE_ECDSA_WITH_AES_256_CBC_SHA384 with currently installed providers
	at javax.net.ssl.SSLSocket.setSSLParameters(SSLSocket.java:650)
	at org.apache.zookeeper.common.SSLContextAndOptions.configureSSLSocket(SSLContextAndOptions.java:125)
	at org.apache.zookeeper.common.SSLContextAndOptions.createSSLSocket(SSLContextAndOptions.java:80)
	at org.apache.zookeeper.common.X509Util.createSSLSocket(X509Util.java:517)
	at org.apache.zookeeper.server.quorum.UnifiedServerSocketTest.connectWithSSL(UnifiedServerSocketTest.java:212)
	at org.apache.zookeeper.server.quorum.UnifiedServerSocketTest.testTLSDetectionNonBlockingStrictServerIdleClient(UnifiedServerSocketTest.java:520)
</error>
    <system-out><![CDATA[2021-11-08 11:12:50,312 [myid:] - INFO  [main:ZKTestCase@77] - STARTING Optional[public void org.apache.zookeeper.server.quorum.UnifiedServerSocketTest.testTLSDetectionNonBlockingStrictServerIdleClient(org.apache.zookeeper.common.X509KeyType,org.apache.zookeeper.common.X509KeyType,java.lang.Boolean,java.lang.Integer) throws java.lang.Exception]
2021-11-08 11:12:50,315 [myid:] - INFO  [main:PortAssignment@87] - Assigned port 16649 from range 16607 - 19299.
2021-11-08 11:12:50,320 [myid:] - INFO  [main:ZKTestCase@82] - FINISHED Optional[public void org.apache.zookeeper.server.quorum.UnifiedServerSocketTest.testTLSDetectionNonBlockingStrictServerIdleClient(org.apache.zookeeper.common.X509KeyType,org.apache.zookeeper.common.X509KeyType,java.lang.Boolean,java.lang.Integer) throws java.lang.Exception]
]]></system-out>
    <system-err><![CDATA[Exception in thread "Thread-42" java.lang.RuntimeException: java.net.SocketException: Socket is closed
	at org.apache.zookeeper.server.quorum.UnifiedServerSocketTest$UnifiedServerThread.run(UnifiedServerSocketTest.java:184)
Caused by: java.net.SocketException: Socket is closed
	at org.apache.zookeeper.server.quorum.UnifiedServerSocket.accept(UnifiedServerSocket.java:133)
	at org.apache.zookeeper.server.quorum.UnifiedServerSocketTest$UnifiedServerThread.run(UnifiedServerSocketTest.java:147)
]]></system-err>
  </testcase>
  <testcase name="testTLSDetectionNonBlockingStrictServerIdleClient{X509KeyType, X509KeyType, Boolean, Integer}[3]" classname="org.apache.zookeeper.server.quorum.UnifiedServerSocketTest" time="0.009">
    <error message="Cannot support TLS_ECDHE_ECDSA_WITH_AES_256_CBC_SHA384 with currently installed providers" type="java.lang.IllegalArgumentException">java.lang.IllegalArgumentException: Cannot support TLS_ECDHE_ECDSA_WITH_AES_256_CBC_SHA384 with currently installed providers
	at javax.net.ssl.SSLSocket.setSSLParameters(SSLSocket.java:650)
	at org.apache.zookeeper.common.SSLContextAndOptions.configureSSLSocket(SSLContextAndOptions.java:125)
	at org.apache.zookeeper.common.SSLContextAndOptions.createSSLSocket(SSLContextAndOptions.java:80)
	at org.apache.zookeeper.common.X509Util.createSSLSocket(X509Util.java:517)
	at org.apache.zookeeper.server.quorum.UnifiedServerSocketTest.connectWithSSL(UnifiedServerSocketTest.java:212)
	at org.apache.zookeeper.server.quorum.UnifiedServerSocketTest.testTLSDetectionNonBlockingStrictServerIdleClient(UnifiedServerSocketTest.java:520)
</error>
    <system-out><![CDATA[2021-11-08 11:12:50,322 [myid:] - INFO  [main:ZKTestCase@77] - STARTING Optional[public void org.apache.zookeeper.server.quorum.UnifiedServerSocketTest.testTLSDetectionNonBlockingStrictServerIdleClient(org.apache.zookeeper.common.X509KeyType,org.apache.zookeeper.common.X509KeyType,java.lang.Boolean,java.lang.Integer) throws java.lang.Exception]
2021-11-08 11:12:50,323 [myid:] - INFO  [main:PortAssignment@87] - Assigned port 16650 from range 16607 - 19299.
2021-11-08 11:12:50,330 [myid:] - INFO  [main:ZKTestCase@82] - FINISHED Optional[public void org.apache.zookeeper.server.quorum.UnifiedServerSocketTest.testTLSDetectionNonBlockingStrictServerIdleClient(org.apache.zookeeper.common.X509KeyType,org.apache.zookeeper.common.X509KeyType,java.lang.Boolean,java.lang.Integer) throws java.lang.Exception]
]]></system-out>
    <system-err><![CDATA[Exception in thread "Thread-43" java.lang.RuntimeException: java.net.SocketException: socket closed
	at org.apache.zookeeper.server.quorum.UnifiedServerSocketTest$UnifiedServerThread.run(UnifiedServerSocketTest.java:184)
Caused by: java.net.SocketException: socket closed
	at java.net.DualStackPlainSocketImpl.accept0(Native Method)
	at java.net.DualStackPlainSocketImpl.socketAccept(DualStackPlainSocketImpl.java:131)
	at java.net.AbstractPlainSocketImpl.accept(AbstractPlainSocketImpl.java:404)
	at java.net.PlainSocketImpl.accept(PlainSocketImpl.java:199)
	at java.net.ServerSocket.implAccept(ServerSocket.java:545)
	at org.apache.zookeeper.server.quorum.UnifiedServerSocket.accept(UnifiedServerSocket.java:139)
	at org.apache.zookeeper.server.quorum.UnifiedServerSocketTest$UnifiedServerThread.run(UnifiedServerSocketTest.java:147)
]]></system-err>
  </testcase>
  <testcase name="testTLSDetectionNonBlockingStrictServerIdleClient{X509KeyType, X509KeyType, Boolean, Integer}[4]" classname="org.apache.zookeeper.server.quorum.UnifiedServerSocketTest" time="0.006">
    <error message="Cannot support TLS_ECDHE_ECDSA_WITH_AES_256_CBC_SHA384 with currently installed providers" type="java.lang.IllegalArgumentException">java.lang.IllegalArgumentException: Cannot support TLS_ECDHE_ECDSA_WITH_AES_256_CBC_SHA384 with currently installed providers
	at javax.net.ssl.SSLSocket.setSSLParameters(SSLSocket.java:650)
	at org.apache.zookeeper.common.SSLContextAndOptions.configureSSLSocket(SSLContextAndOptions.java:125)
	at org.apache.zookeeper.common.SSLContextAndOptions.createSSLSocket(SSLContextAndOptions.java:80)
	at org.apache.zookeeper.common.X509Util.createSSLSocket(X509Util.java:517)
	at org.apache.zookeeper.server.quorum.UnifiedServerSocketTest.connectWithSSL(UnifiedServerSocketTest.java:212)
	at org.apache.zookeeper.server.quorum.UnifiedServerSocketTest.testTLSDetectionNonBlockingStrictServerIdleClient(UnifiedServerSocketTest.java:520)
</error>
    <system-out><![CDATA[2021-11-08 11:12:50,331 [myid:] - INFO  [main:ZKTestCase@77] - STARTING Optional[public void org.apache.zookeeper.server.quorum.UnifiedServerSocketTest.testTLSDetectionNonBlockingStrictServerIdleClient(org.apache.zookeeper.common.X509KeyType,org.apache.zookeeper.common.X509KeyType,java.lang.Boolean,java.lang.Integer) throws java.lang.Exception]
2021-11-08 11:12:50,332 [myid:] - INFO  [main:PortAssignment@87] - Assigned port 16651 from range 16607 - 19299.
2021-11-08 11:12:50,336 [myid:] - INFO  [main:ZKTestCase@82] - FINISHED Optional[public void org.apache.zookeeper.server.quorum.UnifiedServerSocketTest.testTLSDetectionNonBlockingStrictServerIdleClient(org.apache.zookeeper.common.X509KeyType,org.apache.zookeeper.common.X509KeyType,java.lang.Boolean,java.lang.Integer) throws java.lang.Exception]
]]></system-out>
    <system-err><![CDATA[Exception in thread "Thread-44" java.lang.RuntimeException: java.net.SocketException: Socket is closed
	at org.apache.zookeeper.server.quorum.UnifiedServerSocketTest$UnifiedServerThread.run(UnifiedServerSocketTest.java:184)
Caused by: java.net.SocketException: Socket is closed
	at org.apache.zookeeper.server.quorum.UnifiedServerSocket.accept(UnifiedServerSocket.java:133)
	at org.apache.zookeeper.server.quorum.UnifiedServerSocketTest$UnifiedServerThread.run(UnifiedServerSocketTest.java:147)
]]></system-err>
  </testcase>
  <testcase name="testTLSDetectionNonBlockingStrictServerIdleClient{X509KeyType, X509KeyType, Boolean, Integer}[5]" classname="org.apache.zookeeper.server.quorum.UnifiedServerSocketTest" time="0.007">
    <error message="Cannot support TLS_ECDHE_ECDSA_WITH_AES_256_CBC_SHA384 with currently installed providers" type="java.lang.IllegalArgumentException">java.lang.IllegalArgumentException: Cannot support TLS_ECDHE_ECDSA_WITH_AES_256_CBC_SHA384 with currently installed providers
	at javax.net.ssl.SSLSocket.setSSLParameters(SSLSocket.java:650)
	at org.apache.zookeeper.common.SSLContextAndOptions.configureSSLSocket(SSLContextAndOptions.java:125)
	at org.apache.zookeeper.common.SSLContextAndOptions.createSSLSocket(SSLContextAndOptions.java:80)
	at org.apache.zookeeper.common.X509Util.createSSLSocket(X509Util.java:517)
	at org.apache.zookeeper.server.quorum.UnifiedServerSocketTest.connectWithSSL(UnifiedServerSocketTest.java:212)
	at org.apache.zookeeper.server.quorum.UnifiedServerSocketTest.testTLSDetectionNonBlockingStrictServerIdleClient(UnifiedServerSocketTest.java:520)
</error>
    <system-out><![CDATA[2021-11-08 11:12:50,338 [myid:] - INFO  [main:ZKTestCase@77] - STARTING Optional[public void org.apache.zookeeper.server.quorum.UnifiedServerSocketTest.testTLSDetectionNonBlockingStrictServerIdleClient(org.apache.zookeeper.common.X509KeyType,org.apache.zookeeper.common.X509KeyType,java.lang.Boolean,java.lang.Integer) throws java.lang.Exception]
2021-11-08 11:12:50,339 [myid:] - INFO  [main:PortAssignment@87] - Assigned port 16652 from range 16607 - 19299.
2021-11-08 11:12:50,344 [myid:] - INFO  [main:ZKTestCase@82] - FINISHED Optional[public void org.apache.zookeeper.server.quorum.UnifiedServerSocketTest.testTLSDetectionNonBlockingStrictServerIdleClient(org.apache.zookeeper.common.X509KeyType,org.apache.zookeeper.common.X509KeyType,java.lang.Boolean,java.lang.Integer) throws java.lang.Exception]
]]></system-out>
    <system-err><![CDATA[Exception in thread "Thread-45" java.lang.RuntimeException: java.net.SocketException: Socket is closed
	at org.apache.zookeeper.server.quorum.UnifiedServerSocketTest$UnifiedServerThread.run(UnifiedServerSocketTest.java:184)
Caused by: java.net.SocketException: Socket is closed
	at org.apache.zookeeper.server.quorum.UnifiedServerSocket.accept(UnifiedServerSocket.java:133)
	at org.apache.zookeeper.server.quorum.UnifiedServerSocketTest$UnifiedServerThread.run(UnifiedServerSocketTest.java:147)
]]></system-err>
  </testcase>
  <testcase name="testTLSDetectionNonBlockingStrictServerIdleClient{X509KeyType, X509KeyType, Boolean, Integer}[6]" classname="org.apache.zookeeper.server.quorum.UnifiedServerSocketTest" time="0.007">
    <error message="Cannot support TLS_ECDHE_ECDSA_WITH_AES_256_CBC_SHA384 with currently installed providers" type="java.lang.IllegalArgumentException">java.lang.IllegalArgumentException: Cannot support TLS_ECDHE_ECDSA_WITH_AES_256_CBC_SHA384 with currently installed providers
	at javax.net.ssl.SSLSocket.setSSLParameters(SSLSocket.java:650)
	at org.apache.zookeeper.common.SSLContextAndOptions.configureSSLSocket(SSLContextAndOptions.java:125)
	at org.apache.zookeeper.common.SSLContextAndOptions.createSSLSocket(SSLContextAndOptions.java:80)
	at org.apache.zookeeper.common.X509Util.createSSLSocket(X509Util.java:517)
	at org.apache.zookeeper.server.quorum.UnifiedServerSocketTest.connectWithSSL(UnifiedServerSocketTest.java:212)
	at org.apache.zookeeper.server.quorum.UnifiedServerSocketTest.testTLSDetectionNonBlockingStrictServerIdleClient(UnifiedServerSocketTest.java:520)
</error>
    <system-out><![CDATA[2021-11-08 11:12:50,345 [myid:] - INFO  [main:ZKTestCase@77] - STARTING Optional[public void org.apache.zookeeper.server.quorum.UnifiedServerSocketTest.testTLSDetectionNonBlockingStrictServerIdleClient(org.apache.zookeeper.common.X509KeyType,org.apache.zookeeper.common.X509KeyType,java.lang.Boolean,java.lang.Integer) throws java.lang.Exception]
2021-11-08 11:12:50,347 [myid:] - INFO  [main:PortAssignment@87] - Assigned port 16653 from range 16607 - 19299.
2021-11-08 11:12:50,351 [myid:] - INFO  [main:ZKTestCase@82] - FINISHED Optional[public void org.apache.zookeeper.server.quorum.UnifiedServerSocketTest.testTLSDetectionNonBlockingStrictServerIdleClient(org.apache.zookeeper.common.X509KeyType,org.apache.zookeeper.common.X509KeyType,java.lang.Boolean,java.lang.Integer) throws java.lang.Exception]
]]></system-out>
    <system-err><![CDATA[Exception in thread "Thread-46" java.lang.RuntimeException: java.net.SocketException: Socket is closed
	at org.apache.zookeeper.server.quorum.UnifiedServerSocketTest$UnifiedServerThread.run(UnifiedServerSocketTest.java:184)
Caused by: java.net.SocketException: Socket is closed
	at org.apache.zookeeper.server.quorum.UnifiedServerSocket.accept(UnifiedServerSocket.java:133)
	at org.apache.zookeeper.server.quorum.UnifiedServerSocketTest$UnifiedServerThread.run(UnifiedServerSocketTest.java:147)
]]></system-err>
  </testcase>
  <testcase name="testTLSDetectionNonBlockingStrictServerIdleClient{X509KeyType, X509KeyType, Boolean, Integer}[7]" classname="org.apache.zookeeper.server.quorum.UnifiedServerSocketTest" time="0.005">
    <error message="Cannot support TLS_ECDHE_ECDSA_WITH_AES_256_CBC_SHA384 with currently installed providers" type="java.lang.IllegalArgumentException">java.lang.IllegalArgumentException: Cannot support TLS_ECDHE_ECDSA_WITH_AES_256_CBC_SHA384 with currently installed providers
	at javax.net.ssl.SSLSocket.setSSLParameters(SSLSocket.java:650)
	at org.apache.zookeeper.common.SSLContextAndOptions.configureSSLSocket(SSLContextAndOptions.java:125)
	at org.apache.zookeeper.common.SSLContextAndOptions.createSSLSocket(SSLContextAndOptions.java:80)
	at org.apache.zookeeper.common.X509Util.createSSLSocket(X509Util.java:517)
	at org.apache.zookeeper.server.quorum.UnifiedServerSocketTest.connectWithSSL(UnifiedServerSocketTest.java:212)
	at org.apache.zookeeper.server.quorum.UnifiedServerSocketTest.testTLSDetectionNonBlockingStrictServerIdleClient(UnifiedServerSocketTest.java:520)
</error>
    <system-out><![CDATA[2021-11-08 11:12:50,352 [myid:] - INFO  [main:ZKTestCase@77] - STARTING Optional[public void org.apache.zookeeper.server.quorum.UnifiedServerSocketTest.testTLSDetectionNonBlockingStrictServerIdleClient(org.apache.zookeeper.common.X509KeyType,org.apache.zookeeper.common.X509KeyType,java.lang.Boolean,java.lang.Integer) throws java.lang.Exception]
2021-11-08 11:12:50,353 [myid:] - INFO  [main:PortAssignment@87] - Assigned port 16654 from range 16607 - 19299.
2021-11-08 11:12:50,358 [myid:] - INFO  [main:ZKTestCase@82] - FINISHED Optional[public void org.apache.zookeeper.server.quorum.UnifiedServerSocketTest.testTLSDetectionNonBlockingStrictServerIdleClient(org.apache.zookeeper.common.X509KeyType,org.apache.zookeeper.common.X509KeyType,java.lang.Boolean,java.lang.Integer) throws java.lang.Exception]
]]></system-out>
    <system-err><![CDATA[Exception in thread "Thread-47" java.lang.RuntimeException: java.net.SocketException: Socket is closed
	at org.apache.zookeeper.server.quorum.UnifiedServerSocketTest$UnifiedServerThread.run(UnifiedServerSocketTest.java:184)
Caused by: java.net.SocketException: Socket is closed
	at org.apache.zookeeper.server.quorum.UnifiedServerSocket.accept(UnifiedServerSocket.java:133)
	at org.apache.zookeeper.server.quorum.UnifiedServerSocketTest$UnifiedServerThread.run(UnifiedServerSocketTest.java:147)
]]></system-err>
  </testcase>
  <testcase name="testTLSDetectionNonBlockingStrictServerIdleClient{X509KeyType, X509KeyType, Boolean, Integer}[8]" classname="org.apache.zookeeper.server.quorum.UnifiedServerSocketTest" time="0.004">
    <error message="Cannot support TLS_ECDHE_ECDSA_WITH_AES_256_CBC_SHA384 with currently installed providers" type="java.lang.IllegalArgumentException">java.lang.IllegalArgumentException: Cannot support TLS_ECDHE_ECDSA_WITH_AES_256_CBC_SHA384 with currently installed providers
	at javax.net.ssl.SSLSocket.setSSLParameters(SSLSocket.java:650)
	at org.apache.zookeeper.common.SSLContextAndOptions.configureSSLSocket(SSLContextAndOptions.java:125)
	at org.apache.zookeeper.common.SSLContextAndOptions.createSSLSocket(SSLContextAndOptions.java:80)
	at org.apache.zookeeper.common.X509Util.createSSLSocket(X509Util.java:517)
	at org.apache.zookeeper.server.quorum.UnifiedServerSocketTest.connectWithSSL(UnifiedServerSocketTest.java:212)
	at org.apache.zookeeper.server.quorum.UnifiedServerSocketTest.testTLSDetectionNonBlockingStrictServerIdleClient(UnifiedServerSocketTest.java:520)
</error>
    <system-out><![CDATA[2021-11-08 11:12:50,359 [myid:] - INFO  [main:ZKTestCase@77] - STARTING Optional[public void org.apache.zookeeper.server.quorum.UnifiedServerSocketTest.testTLSDetectionNonBlockingStrictServerIdleClient(org.apache.zookeeper.common.X509KeyType,org.apache.zookeeper.common.X509KeyType,java.lang.Boolean,java.lang.Integer) throws java.lang.Exception]
2021-11-08 11:12:50,360 [myid:] - INFO  [main:PortAssignment@87] - Assigned port 16655 from range 16607 - 19299.
2021-11-08 11:12:50,364 [myid:] - INFO  [main:ZKTestCase@82] - FINISHED Optional[public void org.apache.zookeeper.server.quorum.UnifiedServerSocketTest.testTLSDetectionNonBlockingStrictServerIdleClient(org.apache.zookeeper.common.X509KeyType,org.apache.zookeeper.common.X509KeyType,java.lang.Boolean,java.lang.Integer) throws java.lang.Exception]
]]></system-out>
    <system-err><![CDATA[Exception in thread "Thread-48" java.lang.RuntimeException: java.net.SocketException: socket closed
	at org.apache.zookeeper.server.quorum.UnifiedServerSocketTest$UnifiedServerThread.run(UnifiedServerSocketTest.java:184)
Caused by: java.net.SocketException: socket closed
	at java.net.DualStackPlainSocketImpl.accept0(Native Method)
	at java.net.DualStackPlainSocketImpl.socketAccept(DualStackPlainSocketImpl.java:131)
	at java.net.AbstractPlainSocketImpl.accept(AbstractPlainSocketImpl.java:404)
	at java.net.PlainSocketImpl.accept(PlainSocketImpl.java:199)
	at java.net.ServerSocket.implAccept(ServerSocket.java:545)
	at org.apache.zookeeper.server.quorum.UnifiedServerSocket.accept(UnifiedServerSocket.java:139)
	at org.apache.zookeeper.server.quorum.UnifiedServerSocketTest$UnifiedServerThread.run(UnifiedServerSocketTest.java:147)
]]></system-err>
  </testcase>
  <testcase name="testConnectWithoutSSLToNonStrictServerPartialWrite{X509KeyType, X509KeyType, Boolean, Integer}[1]" classname="org.apache.zookeeper.server.quorum.UnifiedServerSocketTest" time="0.53"/>
  <testcase name="testConnectWithoutSSLToNonStrictServerPartialWrite{X509KeyType, X509KeyType, Boolean, Integer}[2]" classname="org.apache.zookeeper.server.quorum.UnifiedServerSocketTest" time="0.504"/>
  <testcase name="testConnectWithoutSSLToNonStrictServerPartialWrite{X509KeyType, X509KeyType, Boolean, Integer}[3]" classname="org.apache.zookeeper.server.quorum.UnifiedServerSocketTest" time="0.518"/>
  <testcase name="testConnectWithoutSSLToNonStrictServerPartialWrite{X509KeyType, X509KeyType, Boolean, Integer}[4]" classname="org.apache.zookeeper.server.quorum.UnifiedServerSocketTest" time="0.513"/>
  <testcase name="testConnectWithoutSSLToNonStrictServerPartialWrite{X509KeyType, X509KeyType, Boolean, Integer}[5]" classname="org.apache.zookeeper.server.quorum.UnifiedServerSocketTest" time="0.515"/>
  <testcase name="testConnectWithoutSSLToNonStrictServerPartialWrite{X509KeyType, X509KeyType, Boolean, Integer}[6]" classname="org.apache.zookeeper.server.quorum.UnifiedServerSocketTest" time="0.516"/>
  <testcase name="testConnectWithoutSSLToNonStrictServerPartialWrite{X509KeyType, X509KeyType, Boolean, Integer}[7]" classname="org.apache.zookeeper.server.quorum.UnifiedServerSocketTest" time="0.514"/>
  <testcase name="testConnectWithoutSSLToNonStrictServerPartialWrite{X509KeyType, X509KeyType, Boolean, Integer}[8]" classname="org.apache.zookeeper.server.quorum.UnifiedServerSocketTest" time="0.51"/>
  <testcase name="testTLSDetectionNonBlockingNonStrictServerIdleClient{X509KeyType, X509KeyType, Boolean, Integer}[1]" classname="org.apache.zookeeper.server.quorum.UnifiedServerSocketTest" time="0.006">
    <error message="Cannot support TLS_ECDHE_ECDSA_WITH_AES_256_CBC_SHA384 with currently installed providers" type="java.lang.IllegalArgumentException">java.lang.IllegalArgumentException: Cannot support TLS_ECDHE_ECDSA_WITH_AES_256_CBC_SHA384 with currently installed providers
	at javax.net.ssl.SSLSocket.setSSLParameters(SSLSocket.java:650)
	at org.apache.zookeeper.common.SSLContextAndOptions.configureSSLSocket(SSLContextAndOptions.java:125)
	at org.apache.zookeeper.common.SSLContextAndOptions.createSSLSocket(SSLContextAndOptions.java:80)
	at org.apache.zookeeper.common.X509Util.createSSLSocket(X509Util.java:517)
	at org.apache.zookeeper.server.quorum.UnifiedServerSocketTest.connectWithSSL(UnifiedServerSocketTest.java:212)
	at org.apache.zookeeper.server.quorum.UnifiedServerSocketTest.testTLSDetectionNonBlockingNonStrictServerIdleClient(UnifiedServerSocketTest.java:478)
</error>
    <system-out><![CDATA[2021-11-08 11:12:54,491 [myid:] - INFO  [main:ZKTestCase@77] - STARTING Optional[public void org.apache.zookeeper.server.quorum.UnifiedServerSocketTest.testTLSDetectionNonBlockingNonStrictServerIdleClient(org.apache.zookeeper.common.X509KeyType,org.apache.zookeeper.common.X509KeyType,java.lang.Boolean,java.lang.Integer) throws java.lang.Exception]
2021-11-08 11:12:54,492 [myid:] - INFO  [main:PortAssignment@87] - Assigned port 16664 from range 16607 - 19299.
2021-11-08 11:12:54,494 [myid:] - INFO  [pool-57-thread-2:UnifiedServerSocket$UnifiedSocket@274] - Accepted plaintext connection from /127.0.0.1:10659
2021-11-08 11:12:54,495 [myid:] - INFO  [pool-57-thread-1:UnifiedServerSocket$UnifiedSocket@274] - Accepted plaintext connection from /127.0.0.1:10658
2021-11-08 11:12:54,496 [myid:] - INFO  [main:ZKTestCase@82] - FINISHED Optional[public void org.apache.zookeeper.server.quorum.UnifiedServerSocketTest.testTLSDetectionNonBlockingNonStrictServerIdleClient(org.apache.zookeeper.common.X509KeyType,org.apache.zookeeper.common.X509KeyType,java.lang.Boolean,java.lang.Integer) throws java.lang.Exception]
]]></system-out>
    <system-err><![CDATA[Exception in thread "Thread-57" java.lang.RuntimeException: java.net.SocketException: socket closed
	at org.apache.zookeeper.server.quorum.UnifiedServerSocketTest$UnifiedServerThread.run(UnifiedServerSocketTest.java:184)
Caused by: java.net.SocketException: socket closed
	at java.net.DualStackPlainSocketImpl.accept0(Native Method)
	at java.net.DualStackPlainSocketImpl.socketAccept(DualStackPlainSocketImpl.java:131)
	at java.net.AbstractPlainSocketImpl.accept(AbstractPlainSocketImpl.java:404)
	at java.net.PlainSocketImpl.accept(PlainSocketImpl.java:199)
	at java.net.ServerSocket.implAccept(ServerSocket.java:545)
	at org.apache.zookeeper.server.quorum.UnifiedServerSocket.accept(UnifiedServerSocket.java:139)
	at org.apache.zookeeper.server.quorum.UnifiedServerSocketTest$UnifiedServerThread.run(UnifiedServerSocketTest.java:147)
]]></system-err>
  </testcase>
  <testcase name="testTLSDetectionNonBlockingNonStrictServerIdleClient{X509KeyType, X509KeyType, Boolean, Integer}[2]" classname="org.apache.zookeeper.server.quorum.UnifiedServerSocketTest" time="0.005">
    <error message="Cannot support TLS_ECDHE_ECDSA_WITH_AES_256_CBC_SHA384 with currently installed providers" type="java.lang.IllegalArgumentException">java.lang.IllegalArgumentException: Cannot support TLS_ECDHE_ECDSA_WITH_AES_256_CBC_SHA384 with currently installed providers
	at javax.net.ssl.SSLSocket.setSSLParameters(SSLSocket.java:650)
	at org.apache.zookeeper.common.SSLContextAndOptions.configureSSLSocket(SSLContextAndOptions.java:125)
	at org.apache.zookeeper.common.SSLContextAndOptions.createSSLSocket(SSLContextAndOptions.java:80)
	at org.apache.zookeeper.common.X509Util.createSSLSocket(X509Util.java:517)
	at org.apache.zookeeper.server.quorum.UnifiedServerSocketTest.connectWithSSL(UnifiedServerSocketTest.java:212)
	at org.apache.zookeeper.server.quorum.UnifiedServerSocketTest.testTLSDetectionNonBlockingNonStrictServerIdleClient(UnifiedServerSocketTest.java:478)
</error>
    <system-out><![CDATA[2021-11-08 11:12:54,498 [myid:] - INFO  [main:ZKTestCase@77] - STARTING Optional[public void org.apache.zookeeper.server.quorum.UnifiedServerSocketTest.testTLSDetectionNonBlockingNonStrictServerIdleClient(org.apache.zookeeper.common.X509KeyType,org.apache.zookeeper.common.X509KeyType,java.lang.Boolean,java.lang.Integer) throws java.lang.Exception]
2021-11-08 11:12:54,498 [myid:] - INFO  [main:PortAssignment@87] - Assigned port 16665 from range 16607 - 19299.
2021-11-08 11:12:54,500 [myid:] - INFO  [pool-58-thread-2:UnifiedServerSocket$UnifiedSocket@274] - Accepted plaintext connection from /127.0.0.1:10661
2021-11-08 11:12:54,501 [myid:] - INFO  [pool-58-thread-1:UnifiedServerSocket$UnifiedSocket@274] - Accepted plaintext connection from /127.0.0.1:10660
2021-11-08 11:12:54,502 [myid:] - INFO  [main:ZKTestCase@82] - FINISHED Optional[public void org.apache.zookeeper.server.quorum.UnifiedServerSocketTest.testTLSDetectionNonBlockingNonStrictServerIdleClient(org.apache.zookeeper.common.X509KeyType,org.apache.zookeeper.common.X509KeyType,java.lang.Boolean,java.lang.Integer) throws java.lang.Exception]
]]></system-out>
    <system-err><![CDATA[Exception in thread "Thread-58" java.lang.RuntimeException: java.net.SocketException: socket closed
	at org.apache.zookeeper.server.quorum.UnifiedServerSocketTest$UnifiedServerThread.run(UnifiedServerSocketTest.java:184)
Caused by: java.net.SocketException: socket closed
	at java.net.DualStackPlainSocketImpl.accept0(Native Method)
	at java.net.DualStackPlainSocketImpl.socketAccept(DualStackPlainSocketImpl.java:131)
	at java.net.AbstractPlainSocketImpl.accept(AbstractPlainSocketImpl.java:404)
	at java.net.PlainSocketImpl.accept(PlainSocketImpl.java:199)
	at java.net.ServerSocket.implAccept(ServerSocket.java:545)
	at org.apache.zookeeper.server.quorum.UnifiedServerSocket.accept(UnifiedServerSocket.java:139)
	at org.apache.zookeeper.server.quorum.UnifiedServerSocketTest$UnifiedServerThread.run(UnifiedServerSocketTest.java:147)
]]></system-err>
  </testcase>
  <testcase name="testTLSDetectionNonBlockingNonStrictServerIdleClient{X509KeyType, X509KeyType, Boolean, Integer}[3]" classname="org.apache.zookeeper.server.quorum.UnifiedServerSocketTest" time="0.006">
    <error message="Cannot support TLS_ECDHE_ECDSA_WITH_AES_256_CBC_SHA384 with currently installed providers" type="java.lang.IllegalArgumentException">java.lang.IllegalArgumentException: Cannot support TLS_ECDHE_ECDSA_WITH_AES_256_CBC_SHA384 with currently installed providers
	at javax.net.ssl.SSLSocket.setSSLParameters(SSLSocket.java:650)
	at org.apache.zookeeper.common.SSLContextAndOptions.configureSSLSocket(SSLContextAndOptions.java:125)
	at org.apache.zookeeper.common.SSLContextAndOptions.createSSLSocket(SSLContextAndOptions.java:80)
	at org.apache.zookeeper.common.X509Util.createSSLSocket(X509Util.java:517)
	at org.apache.zookeeper.server.quorum.UnifiedServerSocketTest.connectWithSSL(UnifiedServerSocketTest.java:212)
	at org.apache.zookeeper.server.quorum.UnifiedServerSocketTest.testTLSDetectionNonBlockingNonStrictServerIdleClient(UnifiedServerSocketTest.java:478)
</error>
    <system-out><![CDATA[2021-11-08 11:12:54,503 [myid:] - INFO  [main:ZKTestCase@77] - STARTING Optional[public void org.apache.zookeeper.server.quorum.UnifiedServerSocketTest.testTLSDetectionNonBlockingNonStrictServerIdleClient(org.apache.zookeeper.common.X509KeyType,org.apache.zookeeper.common.X509KeyType,java.lang.Boolean,java.lang.Integer) throws java.lang.Exception]
2021-11-08 11:12:54,504 [myid:] - INFO  [main:PortAssignment@87] - Assigned port 16666 from range 16607 - 19299.
2021-11-08 11:12:54,506 [myid:] - INFO  [pool-59-thread-2:UnifiedServerSocket$UnifiedSocket@274] - Accepted plaintext connection from /127.0.0.1:10663
2021-11-08 11:12:54,507 [myid:] - INFO  [pool-59-thread-1:UnifiedServerSocket$UnifiedSocket@274] - Accepted plaintext connection from /127.0.0.1:10662
2021-11-08 11:12:54,509 [myid:] - INFO  [main:ZKTestCase@82] - FINISHED Optional[public void org.apache.zookeeper.server.quorum.UnifiedServerSocketTest.testTLSDetectionNonBlockingNonStrictServerIdleClient(org.apache.zookeeper.common.X509KeyType,org.apache.zookeeper.common.X509KeyType,java.lang.Boolean,java.lang.Integer) throws java.lang.Exception]
]]></system-out>
    <system-err><![CDATA[Exception in thread "Thread-59" java.lang.RuntimeException: java.net.SocketException: socket closed
	at org.apache.zookeeper.server.quorum.UnifiedServerSocketTest$UnifiedServerThread.run(UnifiedServerSocketTest.java:184)
Caused by: java.net.SocketException: socket closed
	at java.net.DualStackPlainSocketImpl.accept0(Native Method)
	at java.net.DualStackPlainSocketImpl.socketAccept(DualStackPlainSocketImpl.java:131)
	at java.net.AbstractPlainSocketImpl.accept(AbstractPlainSocketImpl.java:404)
	at java.net.PlainSocketImpl.accept(PlainSocketImpl.java:199)
	at java.net.ServerSocket.implAccept(ServerSocket.java:545)
	at org.apache.zookeeper.server.quorum.UnifiedServerSocket.accept(UnifiedServerSocket.java:139)
	at org.apache.zookeeper.server.quorum.UnifiedServerSocketTest$UnifiedServerThread.run(UnifiedServerSocketTest.java:147)
]]></system-err>
  </testcase>
  <testcase name="testTLSDetectionNonBlockingNonStrictServerIdleClient{X509KeyType, X509KeyType, Boolean, Integer}[4]" classname="org.apache.zookeeper.server.quorum.UnifiedServerSocketTest" time="0.006">
    <error message="Cannot support TLS_ECDHE_ECDSA_WITH_AES_256_CBC_SHA384 with currently installed providers" type="java.lang.IllegalArgumentException">java.lang.IllegalArgumentException: Cannot support TLS_ECDHE_ECDSA_WITH_AES_256_CBC_SHA384 with currently installed providers
	at javax.net.ssl.SSLSocket.setSSLParameters(SSLSocket.java:650)
	at org.apache.zookeeper.common.SSLContextAndOptions.configureSSLSocket(SSLContextAndOptions.java:125)
	at org.apache.zookeeper.common.SSLContextAndOptions.createSSLSocket(SSLContextAndOptions.java:80)
	at org.apache.zookeeper.common.X509Util.createSSLSocket(X509Util.java:517)
	at org.apache.zookeeper.server.quorum.UnifiedServerSocketTest.connectWithSSL(UnifiedServerSocketTest.java:212)
	at org.apache.zookeeper.server.quorum.UnifiedServerSocketTest.testTLSDetectionNonBlockingNonStrictServerIdleClient(UnifiedServerSocketTest.java:478)
</error>
    <system-out><![CDATA[2021-11-08 11:12:54,510 [myid:] - INFO  [main:ZKTestCase@77] - STARTING Optional[public void org.apache.zookeeper.server.quorum.UnifiedServerSocketTest.testTLSDetectionNonBlockingNonStrictServerIdleClient(org.apache.zookeeper.common.X509KeyType,org.apache.zookeeper.common.X509KeyType,java.lang.Boolean,java.lang.Integer) throws java.lang.Exception]
2021-11-08 11:12:54,510 [myid:] - INFO  [main:PortAssignment@87] - Assigned port 16667 from range 16607 - 19299.
2021-11-08 11:12:54,513 [myid:] - INFO  [pool-60-thread-2:UnifiedServerSocket$UnifiedSocket@274] - Accepted plaintext connection from /127.0.0.1:10665
2021-11-08 11:12:54,514 [myid:] - INFO  [pool-60-thread-1:UnifiedServerSocket$UnifiedSocket@274] - Accepted plaintext connection from /127.0.0.1:10664
2021-11-08 11:12:54,515 [myid:] - INFO  [main:ZKTestCase@82] - FINISHED Optional[public void org.apache.zookeeper.server.quorum.UnifiedServerSocketTest.testTLSDetectionNonBlockingNonStrictServerIdleClient(org.apache.zookeeper.common.X509KeyType,org.apache.zookeeper.common.X509KeyType,java.lang.Boolean,java.lang.Integer) throws java.lang.Exception]
]]></system-out>
    <system-err><![CDATA[Exception in thread "Thread-60" java.lang.RuntimeException: java.net.SocketException: socket closed
	at org.apache.zookeeper.server.quorum.UnifiedServerSocketTest$UnifiedServerThread.run(UnifiedServerSocketTest.java:184)
Caused by: java.net.SocketException: socket closed
	at java.net.DualStackPlainSocketImpl.accept0(Native Method)
	at java.net.DualStackPlainSocketImpl.socketAccept(DualStackPlainSocketImpl.java:131)
	at java.net.AbstractPlainSocketImpl.accept(AbstractPlainSocketImpl.java:404)
	at java.net.PlainSocketImpl.accept(PlainSocketImpl.java:199)
	at java.net.ServerSocket.implAccept(ServerSocket.java:545)
	at org.apache.zookeeper.server.quorum.UnifiedServerSocket.accept(UnifiedServerSocket.java:139)
	at org.apache.zookeeper.server.quorum.UnifiedServerSocketTest$UnifiedServerThread.run(UnifiedServerSocketTest.java:147)
]]></system-err>
  </testcase>
  <testcase name="testTLSDetectionNonBlockingNonStrictServerIdleClient{X509KeyType, X509KeyType, Boolean, Integer}[5]" classname="org.apache.zookeeper.server.quorum.UnifiedServerSocketTest" time="0.009">
    <error message="Cannot support TLS_ECDHE_ECDSA_WITH_AES_256_CBC_SHA384 with currently installed providers" type="java.lang.IllegalArgumentException">java.lang.IllegalArgumentException: Cannot support TLS_ECDHE_ECDSA_WITH_AES_256_CBC_SHA384 with currently installed providers
	at javax.net.ssl.SSLSocket.setSSLParameters(SSLSocket.java:650)
	at org.apache.zookeeper.common.SSLContextAndOptions.configureSSLSocket(SSLContextAndOptions.java:125)
	at org.apache.zookeeper.common.SSLContextAndOptions.createSSLSocket(SSLContextAndOptions.java:80)
	at org.apache.zookeeper.common.X509Util.createSSLSocket(X509Util.java:517)
	at org.apache.zookeeper.server.quorum.UnifiedServerSocketTest.connectWithSSL(UnifiedServerSocketTest.java:212)
	at org.apache.zookeeper.server.quorum.UnifiedServerSocketTest.testTLSDetectionNonBlockingNonStrictServerIdleClient(UnifiedServerSocketTest.java:478)
</error>
    <system-out><![CDATA[2021-11-08 11:12:54,516 [myid:] - INFO  [main:ZKTestCase@77] - STARTING Optional[public void org.apache.zookeeper.server.quorum.UnifiedServerSocketTest.testTLSDetectionNonBlockingNonStrictServerIdleClient(org.apache.zookeeper.common.X509KeyType,org.apache.zookeeper.common.X509KeyType,java.lang.Boolean,java.lang.Integer) throws java.lang.Exception]
2021-11-08 11:12:54,517 [myid:] - INFO  [main:PortAssignment@87] - Assigned port 16668 from range 16607 - 19299.
2021-11-08 11:12:54,519 [myid:] - INFO  [pool-61-thread-2:UnifiedServerSocket$UnifiedSocket@274] - Accepted plaintext connection from /127.0.0.1:10667
2021-11-08 11:12:54,520 [myid:] - INFO  [pool-61-thread-1:UnifiedServerSocket$UnifiedSocket@274] - Accepted plaintext connection from /127.0.0.1:10666
2021-11-08 11:12:54,522 [myid:] - INFO  [main:ZKTestCase@82] - FINISHED Optional[public void org.apache.zookeeper.server.quorum.UnifiedServerSocketTest.testTLSDetectionNonBlockingNonStrictServerIdleClient(org.apache.zookeeper.common.X509KeyType,org.apache.zookeeper.common.X509KeyType,java.lang.Boolean,java.lang.Integer) throws java.lang.Exception]
]]></system-out>
    <system-err><![CDATA[Exception in thread "Thread-61" java.lang.RuntimeException: java.net.SocketException: socket closed
	at org.apache.zookeeper.server.quorum.UnifiedServerSocketTest$UnifiedServerThread.run(UnifiedServerSocketTest.java:184)
Caused by: java.net.SocketException: socket closed
	at java.net.DualStackPlainSocketImpl.accept0(Native Method)
	at java.net.DualStackPlainSocketImpl.socketAccept(DualStackPlainSocketImpl.java:131)
	at java.net.AbstractPlainSocketImpl.accept(AbstractPlainSocketImpl.java:404)
	at java.net.PlainSocketImpl.accept(PlainSocketImpl.java:199)
	at java.net.ServerSocket.implAccept(ServerSocket.java:545)
	at org.apache.zookeeper.server.quorum.UnifiedServerSocket.accept(UnifiedServerSocket.java:139)
	at org.apache.zookeeper.server.quorum.UnifiedServerSocketTest$UnifiedServerThread.run(UnifiedServerSocketTest.java:147)
]]></system-err>
  </testcase>
  <testcase name="testTLSDetectionNonBlockingNonStrictServerIdleClient{X509KeyType, X509KeyType, Boolean, Integer}[6]" classname="org.apache.zookeeper.server.quorum.UnifiedServerSocketTest" time="0.006">
    <error message="Cannot support TLS_ECDHE_ECDSA_WITH_AES_256_CBC_SHA384 with currently installed providers" type="java.lang.IllegalArgumentException">java.lang.IllegalArgumentException: Cannot support TLS_ECDHE_ECDSA_WITH_AES_256_CBC_SHA384 with currently installed providers
	at javax.net.ssl.SSLSocket.setSSLParameters(SSLSocket.java:650)
	at org.apache.zookeeper.common.SSLContextAndOptions.configureSSLSocket(SSLContextAndOptions.java:125)
	at org.apache.zookeeper.common.SSLContextAndOptions.createSSLSocket(SSLContextAndOptions.java:80)
	at org.apache.zookeeper.common.X509Util.createSSLSocket(X509Util.java:517)
	at org.apache.zookeeper.server.quorum.UnifiedServerSocketTest.connectWithSSL(UnifiedServerSocketTest.java:212)
	at org.apache.zookeeper.server.quorum.UnifiedServerSocketTest.testTLSDetectionNonBlockingNonStrictServerIdleClient(UnifiedServerSocketTest.java:478)
</error>
    <system-out><![CDATA[2021-11-08 11:12:54,528 [myid:] - INFO  [main:ZKTestCase@77] - STARTING Optional[public void org.apache.zookeeper.server.quorum.UnifiedServerSocketTest.testTLSDetectionNonBlockingNonStrictServerIdleClient(org.apache.zookeeper.common.X509KeyType,org.apache.zookeeper.common.X509KeyType,java.lang.Boolean,java.lang.Integer) throws java.lang.Exception]
2021-11-08 11:12:54,529 [myid:] - INFO  [main:PortAssignment@87] - Assigned port 16669 from range 16607 - 19299.
2021-11-08 11:12:54,531 [myid:] - INFO  [pool-62-thread-2:UnifiedServerSocket$UnifiedSocket@274] - Accepted plaintext connection from /127.0.0.1:10669
2021-11-08 11:12:54,532 [myid:] - INFO  [pool-62-thread-1:UnifiedServerSocket$UnifiedSocket@274] - Accepted plaintext connection from /127.0.0.1:10668
2021-11-08 11:12:54,533 [myid:] - INFO  [main:ZKTestCase@82] - FINISHED Optional[public void org.apache.zookeeper.server.quorum.UnifiedServerSocketTest.testTLSDetectionNonBlockingNonStrictServerIdleClient(org.apache.zookeeper.common.X509KeyType,org.apache.zookeeper.common.X509KeyType,java.lang.Boolean,java.lang.Integer) throws java.lang.Exception]
]]></system-out>
    <system-err><![CDATA[Exception in thread "Thread-62" java.lang.RuntimeException: java.net.SocketException: socket closed
	at org.apache.zookeeper.server.quorum.UnifiedServerSocketTest$UnifiedServerThread.run(UnifiedServerSocketTest.java:184)
Caused by: java.net.SocketException: socket closed
	at java.net.DualStackPlainSocketImpl.accept0(Native Method)
	at java.net.DualStackPlainSocketImpl.socketAccept(DualStackPlainSocketImpl.java:131)
	at java.net.AbstractPlainSocketImpl.accept(AbstractPlainSocketImpl.java:404)
	at java.net.PlainSocketImpl.accept(PlainSocketImpl.java:199)
	at java.net.ServerSocket.implAccept(ServerSocket.java:545)
	at org.apache.zookeeper.server.quorum.UnifiedServerSocket.accept(UnifiedServerSocket.java:139)
	at org.apache.zookeeper.server.quorum.UnifiedServerSocketTest$UnifiedServerThread.run(UnifiedServerSocketTest.java:147)
]]></system-err>
  </testcase>
  <testcase name="testTLSDetectionNonBlockingNonStrictServerIdleClient{X509KeyType, X509KeyType, Boolean, Integer}[7]" classname="org.apache.zookeeper.server.quorum.UnifiedServerSocketTest" time="0.006">
    <error message="Cannot support TLS_ECDHE_ECDSA_WITH_AES_256_CBC_SHA384 with currently installed providers" type="java.lang.IllegalArgumentException">java.lang.IllegalArgumentException: Cannot support TLS_ECDHE_ECDSA_WITH_AES_256_CBC_SHA384 with currently installed providers
	at javax.net.ssl.SSLSocket.setSSLParameters(SSLSocket.java:650)
	at org.apache.zookeeper.common.SSLContextAndOptions.configureSSLSocket(SSLContextAndOptions.java:125)
	at org.apache.zookeeper.common.SSLContextAndOptions.createSSLSocket(SSLContextAndOptions.java:80)
	at org.apache.zookeeper.common.X509Util.createSSLSocket(X509Util.java:517)
	at org.apache.zookeeper.server.quorum.UnifiedServerSocketTest.connectWithSSL(UnifiedServerSocketTest.java:212)
	at org.apache.zookeeper.server.quorum.UnifiedServerSocketTest.testTLSDetectionNonBlockingNonStrictServerIdleClient(UnifiedServerSocketTest.java:478)
</error>
    <system-out><![CDATA[2021-11-08 11:12:54,534 [myid:] - INFO  [main:ZKTestCase@77] - STARTING Optional[public void org.apache.zookeeper.server.quorum.UnifiedServerSocketTest.testTLSDetectionNonBlockingNonStrictServerIdleClient(org.apache.zookeeper.common.X509KeyType,org.apache.zookeeper.common.X509KeyType,java.lang.Boolean,java.lang.Integer) throws java.lang.Exception]
2021-11-08 11:12:54,535 [myid:] - INFO  [main:PortAssignment@87] - Assigned port 16670 from range 16607 - 19299.
2021-11-08 11:12:54,537 [myid:] - INFO  [pool-63-thread-2:UnifiedServerSocket$UnifiedSocket@274] - Accepted plaintext connection from /127.0.0.1:10671
2021-11-08 11:12:54,538 [myid:] - INFO  [pool-63-thread-1:UnifiedServerSocket$UnifiedSocket@274] - Accepted plaintext connection from /127.0.0.1:10670
2021-11-08 11:12:54,539 [myid:] - INFO  [main:ZKTestCase@82] - FINISHED Optional[public void org.apache.zookeeper.server.quorum.UnifiedServerSocketTest.testTLSDetectionNonBlockingNonStrictServerIdleClient(org.apache.zookeeper.common.X509KeyType,org.apache.zookeeper.common.X509KeyType,java.lang.Boolean,java.lang.Integer) throws java.lang.Exception]
]]></system-out>
    <system-err><![CDATA[Exception in thread "Thread-63" java.lang.RuntimeException: java.net.SocketException: socket closed
	at org.apache.zookeeper.server.quorum.UnifiedServerSocketTest$UnifiedServerThread.run(UnifiedServerSocketTest.java:184)
Caused by: java.net.SocketException: socket closed
	at java.net.DualStackPlainSocketImpl.accept0(Native Method)
	at java.net.DualStackPlainSocketImpl.socketAccept(DualStackPlainSocketImpl.java:131)
	at java.net.AbstractPlainSocketImpl.accept(AbstractPlainSocketImpl.java:404)
	at java.net.PlainSocketImpl.accept(PlainSocketImpl.java:199)
	at java.net.ServerSocket.implAccept(ServerSocket.java:545)
	at org.apache.zookeeper.server.quorum.UnifiedServerSocket.accept(UnifiedServerSocket.java:139)
	at org.apache.zookeeper.server.quorum.UnifiedServerSocketTest$UnifiedServerThread.run(UnifiedServerSocketTest.java:147)
]]></system-err>
  </testcase>
  <testcase name="testTLSDetectionNonBlockingNonStrictServerIdleClient{X509KeyType, X509KeyType, Boolean, Integer}[8]" classname="org.apache.zookeeper.server.quorum.UnifiedServerSocketTest" time="0.007">
    <error message="Cannot support TLS_ECDHE_ECDSA_WITH_AES_256_CBC_SHA384 with currently installed providers" type="java.lang.IllegalArgumentException">java.lang.IllegalArgumentException: Cannot support TLS_ECDHE_ECDSA_WITH_AES_256_CBC_SHA384 with currently installed providers
	at javax.net.ssl.SSLSocket.setSSLParameters(SSLSocket.java:650)
	at org.apache.zookeeper.common.SSLContextAndOptions.configureSSLSocket(SSLContextAndOptions.java:125)
	at org.apache.zookeeper.common.SSLContextAndOptions.createSSLSocket(SSLContextAndOptions.java:80)
	at org.apache.zookeeper.common.X509Util.createSSLSocket(X509Util.java:517)
	at org.apache.zookeeper.server.quorum.UnifiedServerSocketTest.connectWithSSL(UnifiedServerSocketTest.java:212)
	at org.apache.zookeeper.server.quorum.UnifiedServerSocketTest.testTLSDetectionNonBlockingNonStrictServerIdleClient(UnifiedServerSocketTest.java:478)
</error>
    <system-out><![CDATA[2021-11-08 11:12:54,541 [myid:] - INFO  [main:ZKTestCase@77] - STARTING Optional[public void org.apache.zookeeper.server.quorum.UnifiedServerSocketTest.testTLSDetectionNonBlockingNonStrictServerIdleClient(org.apache.zookeeper.common.X509KeyType,org.apache.zookeeper.common.X509KeyType,java.lang.Boolean,java.lang.Integer) throws java.lang.Exception]
2021-11-08 11:12:54,541 [myid:] - INFO  [main:PortAssignment@87] - Assigned port 16671 from range 16607 - 19299.
2021-11-08 11:12:54,543 [myid:] - INFO  [pool-64-thread-2:UnifiedServerSocket$UnifiedSocket@274] - Accepted plaintext connection from /127.0.0.1:10673
2021-11-08 11:12:54,544 [myid:] - INFO  [pool-64-thread-1:UnifiedServerSocket$UnifiedSocket@274] - Accepted plaintext connection from /127.0.0.1:10672
2021-11-08 11:12:54,546 [myid:] - INFO  [main:ZKTestCase@82] - FINISHED Optional[public void org.apache.zookeeper.server.quorum.UnifiedServerSocketTest.testTLSDetectionNonBlockingNonStrictServerIdleClient(org.apache.zookeeper.common.X509KeyType,org.apache.zookeeper.common.X509KeyType,java.lang.Boolean,java.lang.Integer) throws java.lang.Exception]
]]></system-out>
    <system-err><![CDATA[Exception in thread "Thread-64" java.lang.RuntimeException: java.net.SocketException: socket closed
	at org.apache.zookeeper.server.quorum.UnifiedServerSocketTest$UnifiedServerThread.run(UnifiedServerSocketTest.java:184)
Caused by: java.net.SocketException: socket closed
	at java.net.DualStackPlainSocketImpl.accept0(Native Method)
	at java.net.DualStackPlainSocketImpl.socketAccept(DualStackPlainSocketImpl.java:131)
	at java.net.AbstractPlainSocketImpl.accept(AbstractPlainSocketImpl.java:404)
	at java.net.PlainSocketImpl.accept(PlainSocketImpl.java:199)
	at java.net.ServerSocket.implAccept(ServerSocket.java:545)
	at org.apache.zookeeper.server.quorum.UnifiedServerSocket.accept(UnifiedServerSocket.java:139)
	at org.apache.zookeeper.server.quorum.UnifiedServerSocketTest$UnifiedServerThread.run(UnifiedServerSocketTest.java:147)
]]></system-err>
  </testcase>
  <testcase name="testConnectWithoutSSLToNonStrictServer{X509KeyType, X509KeyType, Boolean, Integer}[1]" classname="org.apache.zookeeper.server.quorum.UnifiedServerSocketTest" time="0.004"/>
  <testcase name="testConnectWithoutSSLToNonStrictServer{X509KeyType, X509KeyType, Boolean, Integer}[2]" classname="org.apache.zookeeper.server.quorum.UnifiedServerSocketTest" time="0.003"/>
  <testcase name="testConnectWithoutSSLToNonStrictServer{X509KeyType, X509KeyType, Boolean, Integer}[3]" classname="org.apache.zookeeper.server.quorum.UnifiedServerSocketTest" time="0.004"/>
  <testcase name="testConnectWithoutSSLToNonStrictServer{X509KeyType, X509KeyType, Boolean, Integer}[4]" classname="org.apache.zookeeper.server.quorum.UnifiedServerSocketTest" time="0.004"/>
  <testcase name="testConnectWithoutSSLToNonStrictServer{X509KeyType, X509KeyType, Boolean, Integer}[5]" classname="org.apache.zookeeper.server.quorum.UnifiedServerSocketTest" time="0.003"/>
  <testcase name="testConnectWithoutSSLToNonStrictServer{X509KeyType, X509KeyType, Boolean, Integer}[6]" classname="org.apache.zookeeper.server.quorum.UnifiedServerSocketTest" time="0.003"/>
  <testcase name="testConnectWithoutSSLToNonStrictServer{X509KeyType, X509KeyType, Boolean, Integer}[7]" classname="org.apache.zookeeper.server.quorum.UnifiedServerSocketTest" time="0.009"/>
  <testcase name="testConnectWithoutSSLToNonStrictServer{X509KeyType, X509KeyType, Boolean, Integer}[8]" classname="org.apache.zookeeper.server.quorum.UnifiedServerSocketTest" time="0.003"/>
</testsuite>