<?xml version="1.0" encoding="UTF-8"?>
<testsuite xmlns:xsi="http://www.w3.org/2001/XMLSchema-instance" xsi:noNamespaceSchemaLocation="https://maven.apache.org/surefire/maven-surefire-plugin/xsd/surefire-test-report.xsd" name="org.apache.zookeeper.server.quorum.DIFFSyncConsistencyTest" time="29.98" tests="1" errors="0" skipped="0" failures="1">
  <properties>
    <property name="sun.desktop" value="windows"/>
    <property name="build.test.dir" value="D:\mysoft\faiscoGit\myStudy\ZooKeeperLearning\apache-zookeeper-3.7.0\zookeeper-server\target/surefire"/>
    <property name="awt.toolkit" value="sun.awt.windows.WToolkit"/>
    <property name="file.encoding.pkg" value="sun.io"/>
    <property name="java.specification.version" value="1.8"/>
    <property name="sun.cpu.isalist" value="amd64"/>
    <property name="sun.jnu.encoding" value="GBK"/>
    <property name="java.class.path" value="D:\mysoft\faiscoGit\myStudy\ZooKeeperLearning\apache-zookeeper-3.7.0\zookeeper-server\target\test-classes;D:\mysoft\faiscoGit\myStudy\ZooKeeperLearning\apache-zookeeper-3.7.0\zookeeper-server\target\classes;D:\mysoft\maven\repository\com\github\spotbugs\spotbugs-annotations\4.0.2\spotbugs-annotations-4.0.2.jar;D:\mysoft\maven\repository\com\google\code\findbugs\jsr305\3.0.2\jsr305-3.0.2.jar;D:\mysoft\maven\repository\org\hamcrest\hamcrest-library\2.2\hamcrest-library-2.2.jar;D:\mysoft\maven\repository\org\hamcrest\hamcrest-core\2.2\hamcrest-core-2.2.jar;D:\mysoft\maven\repository\org\hamcrest\hamcrest\2.2\hamcrest-2.2.jar;D:\mysoft\maven\repository\org\apache\commons\commons-collections4\4.4\commons-collections4-4.4.jar;D:\mysoft\maven\repository\org\apache\zookeeper\zookeeper-jute\3.7.0\zookeeper-jute-3.7.0.jar;D:\mysoft\maven\repository\commons-cli\commons-cli\1.4\commons-cli-1.4.jar;D:\mysoft\maven\repository\org\apache\yetus\audience-annotations\0.12.0\audience-annotations-0.12.0.jar;D:\mysoft\maven\repository\io\netty\netty-handler\4.1.59.Final\netty-handler-4.1.59.Final.jar;D:\mysoft\maven\repository\io\netty\netty-common\4.1.59.Final\netty-common-4.1.59.Final.jar;D:\mysoft\maven\repository\io\netty\netty-resolver\4.1.59.Final\netty-resolver-4.1.59.Final.jar;D:\mysoft\maven\repository\io\netty\netty-buffer\4.1.59.Final\netty-buffer-4.1.59.Final.jar;D:\mysoft\maven\repository\io\netty\netty-transport\4.1.59.Final\netty-transport-4.1.59.Final.jar;D:\mysoft\maven\repository\io\netty\netty-codec\4.1.59.Final\netty-codec-4.1.59.Final.jar;D:\mysoft\maven\repository\io\netty\netty-transport-native-epoll\4.1.59.Final\netty-transport-native-epoll-4.1.59.Final.jar;D:\mysoft\maven\repository\io\netty\netty-transport-native-unix-common\4.1.59.Final\netty-transport-native-unix-common-4.1.59.Final.jar;D:\mysoft\maven\repository\org\slf4j\slf4j-api\1.7.30\slf4j-api-1.7.30.jar;D:\mysoft\maven\repository\org\slf4j\slf4j-log4j12\1.7.30\slf4j-log4j12-1.7.30.jar;D:\mysoft\maven\repository\org\eclipse\jetty\jetty-server\9.4.38.v20210224\jetty-server-9.4.38.v20210224.jar;D:\mysoft\maven\repository\javax\servlet\javax.servlet-api\3.1.0\javax.servlet-api-3.1.0.jar;D:\mysoft\maven\repository\org\eclipse\jetty\jetty-http\9.4.38.v20210224\jetty-http-9.4.38.v20210224.jar;D:\mysoft\maven\repository\org\eclipse\jetty\jetty-util\9.4.38.v20210224\jetty-util-9.4.38.v20210224.jar;D:\mysoft\maven\repository\org\eclipse\jetty\jetty-io\9.4.38.v20210224\jetty-io-9.4.38.v20210224.jar;D:\mysoft\maven\repository\org\eclipse\jetty\jetty-servlet\9.4.38.v20210224\jetty-servlet-9.4.38.v20210224.jar;D:\mysoft\maven\repository\org\eclipse\jetty\jetty-security\9.4.38.v20210224\jetty-security-9.4.38.v20210224.jar;D:\mysoft\maven\repository\org\eclipse\jetty\jetty-util-ajax\9.4.38.v20210224\jetty-util-ajax-9.4.38.v20210224.jar;D:\mysoft\maven\repository\org\eclipse\jetty\jetty-client\9.4.38.v20210224\jetty-client-9.4.38.v20210224.jar;D:\mysoft\maven\repository\com\fasterxml\jackson\core\jackson-databind\2.10.5.1\jackson-databind-2.10.5.1.jar;D:\mysoft\maven\repository\com\fasterxml\jackson\core\jackson-annotations\2.10.5\jackson-annotations-2.10.5.jar;D:\mysoft\maven\repository\com\fasterxml\jackson\core\jackson-core\2.10.5\jackson-core-2.10.5.jar;D:\mysoft\maven\repository\org\bouncycastle\bcprov-jdk15on\1.60\bcprov-jdk15on-1.60.jar;D:\mysoft\maven\repository\org\bouncycastle\bcpkix-jdk15on\1.60\bcpkix-jdk15on-1.60.jar;D:\mysoft\maven\repository\jline\jline\2.14.6\jline-2.14.6.jar;D:\mysoft\maven\repository\io\dropwizard\metrics\metrics-core\4.1.12.1\metrics-core-4.1.12.1.jar;D:\mysoft\maven\repository\log4j\log4j\1.2.17\log4j-1.2.17.jar;D:\mysoft\maven\repository\org\apache\kerby\kerb-core\2.0.0\kerb-core-2.0.0.jar;D:\mysoft\maven\repository\org\apache\kerby\kerby-pkix\2.0.0\kerby-pkix-2.0.0.jar;D:\mysoft\maven\repository\org\apache\kerby\kerby-asn1\2.0.0\kerby-asn1-2.0.0.jar;D:\mysoft\maven\repository\org\apache\kerby\kerby-util\2.0.0\kerby-util-2.0.0.jar;D:\mysoft\maven\repository\org\apache\kerby\kerb-simplekdc\2.0.0\kerb-simplekdc-2.0.0.jar;D:\mysoft\maven\repository\org\apache\kerby\kerb-client\2.0.0\kerb-client-2.0.0.jar;D:\mysoft\maven\repository\org\apache\kerby\kerb-common\2.0.0\kerb-common-2.0.0.jar;D:\mysoft\maven\repository\org\apache\kerby\kerb-crypto\2.0.0\kerb-crypto-2.0.0.jar;D:\mysoft\maven\repository\commons-io\commons-io\2.6\commons-io-2.6.jar;D:\mysoft\maven\repository\org\apache\kerby\kerb-util\2.0.0\kerb-util-2.0.0.jar;D:\mysoft\maven\repository\org\apache\kerby\token-provider\2.0.0\token-provider-2.0.0.jar;D:\mysoft\maven\repository\com\nimbusds\nimbus-jose-jwt\4.41.2\nimbus-jose-jwt-4.41.2.jar;D:\mysoft\maven\repository\com\github\stephenc\jcip\jcip-annotations\1.0-1\jcip-annotations-1.0-1.jar;D:\mysoft\maven\repository\net\minidev\json-smart\2.3\json-smart-2.3.jar;D:\mysoft\maven\repository\net\minidev\accessors-smart\1.2\accessors-smart-1.2.jar;D:\mysoft\maven\repository\org\ow2\asm\asm\5.0.4\asm-5.0.4.jar;D:\mysoft\maven\repository\org\apache\kerby\kerb-admin\2.0.0\kerb-admin-2.0.0.jar;D:\mysoft\maven\repository\org\apache\kerby\kerb-server\2.0.0\kerb-server-2.0.0.jar;D:\mysoft\maven\repository\org\apache\kerby\kerb-identity\2.0.0\kerb-identity-2.0.0.jar;D:\mysoft\maven\repository\org\apache\kerby\kerby-xdr\2.0.0\kerby-xdr-2.0.0.jar;D:\mysoft\maven\repository\org\apache\kerby\kerby-config\2.0.0\kerby-config-2.0.0.jar;D:\mysoft\maven\repository\org\mockito\mockito-core\3.6.28\mockito-core-3.6.28.jar;D:\mysoft\maven\repository\net\bytebuddy\byte-buddy\1.10.18\byte-buddy-1.10.18.jar;D:\mysoft\maven\repository\net\bytebuddy\byte-buddy-agent\1.10.18\byte-buddy-agent-1.10.18.jar;D:\mysoft\maven\repository\org\objenesis\objenesis\3.1\objenesis-3.1.jar;D:\mysoft\maven\repository\org\jmockit\jmockit\1.48\jmockit-1.48.jar;D:\mysoft\maven\repository\org\junit\jupiter\junit-jupiter-api\5.6.2\junit-jupiter-api-5.6.2.jar;D:\mysoft\maven\repository\org\apiguardian\apiguardian-api\1.1.0\apiguardian-api-1.1.0.jar;D:\mysoft\maven\repository\org\opentest4j\opentest4j\1.2.0\opentest4j-1.2.0.jar;D:\mysoft\maven\repository\org\junit\platform\junit-platform-commons\1.6.2\junit-platform-commons-1.6.2.jar;D:\mysoft\maven\repository\org\junit\jupiter\junit-jupiter-engine\5.6.2\junit-jupiter-engine-5.6.2.jar;D:\mysoft\maven\repository\org\junit\platform\junit-platform-engine\1.6.2\junit-platform-engine-1.6.2.jar;D:\mysoft\maven\repository\org\junit\jupiter\junit-jupiter-params\5.6.2\junit-jupiter-params-5.6.2.jar;D:\mysoft\maven\repository\org\junit\platform\junit-platform-runner\1.6.2\junit-platform-runner-1.6.2.jar;D:\mysoft\maven\repository\junit\junit\4.13\junit-4.13.jar;D:\mysoft\maven\repository\org\junit\platform\junit-platform-launcher\1.6.2\junit-platform-launcher-1.6.2.jar;D:\mysoft\maven\repository\org\junit\platform\junit-platform-suite-api\1.6.2\junit-platform-suite-api-1.6.2.jar;D:\mysoft\maven\repository\org\xerial\snappy\snappy-java\1.1.7.7\snappy-java-1.1.7.7.jar;"/>
    <property name="java.vm.vendor" value="Oracle Corporation"/>
    <property name="sun.arch.data.model" value="64"/>
    <property name="user.variant" value=""/>
    <property name="java.vendor.url" value="http://java.oracle.com/"/>
    <property name="user.timezone" value="Asia/Shanghai"/>
    <property name="java.vm.specification.version" value="1.8"/>
    <property name="os.name" value="Windows 8.1"/>
    <property name="user.country" value="CN"/>
    <property name="sun.java.launcher" value="SUN_STANDARD"/>
    <property name="sun.boot.library.path" value="C:\Program Files\Java\jdk1.8.0_31\jre\bin"/>
    <property name="sun.java.command" value="C:\Users\faisco\AppData\Local\Temp\surefire7017171567299321585\surefirebooter8843564820196201136.jar C:\Users\faisco\AppData\Local\Temp\surefire7017171567299321585 2021-11-08T11-05-05_200-jvmRun6 surefire3231133863014976519tmp surefire_862765836739962575799tmp"/>
    <property name="surefire.test.class.path" value="D:\mysoft\faiscoGit\myStudy\ZooKeeperLearning\apache-zookeeper-3.7.0\zookeeper-server\target\test-classes;D:\mysoft\faiscoGit\myStudy\ZooKeeperLearning\apache-zookeeper-3.7.0\zookeeper-server\target\classes;D:\mysoft\maven\repository\com\github\spotbugs\spotbugs-annotations\4.0.2\spotbugs-annotations-4.0.2.jar;D:\mysoft\maven\repository\com\google\code\findbugs\jsr305\3.0.2\jsr305-3.0.2.jar;D:\mysoft\maven\repository\org\hamcrest\hamcrest-library\2.2\hamcrest-library-2.2.jar;D:\mysoft\maven\repository\org\hamcrest\hamcrest-core\2.2\hamcrest-core-2.2.jar;D:\mysoft\maven\repository\org\hamcrest\hamcrest\2.2\hamcrest-2.2.jar;D:\mysoft\maven\repository\org\apache\commons\commons-collections4\4.4\commons-collections4-4.4.jar;D:\mysoft\maven\repository\org\apache\zookeeper\zookeeper-jute\3.7.0\zookeeper-jute-3.7.0.jar;D:\mysoft\maven\repository\commons-cli\commons-cli\1.4\commons-cli-1.4.jar;D:\mysoft\maven\repository\org\apache\yetus\audience-annotations\0.12.0\audience-annotations-0.12.0.jar;D:\mysoft\maven\repository\io\netty\netty-handler\4.1.59.Final\netty-handler-4.1.59.Final.jar;D:\mysoft\maven\repository\io\netty\netty-common\4.1.59.Final\netty-common-4.1.59.Final.jar;D:\mysoft\maven\repository\io\netty\netty-resolver\4.1.59.Final\netty-resolver-4.1.59.Final.jar;D:\mysoft\maven\repository\io\netty\netty-buffer\4.1.59.Final\netty-buffer-4.1.59.Final.jar;D:\mysoft\maven\repository\io\netty\netty-transport\4.1.59.Final\netty-transport-4.1.59.Final.jar;D:\mysoft\maven\repository\io\netty\netty-codec\4.1.59.Final\netty-codec-4.1.59.Final.jar;D:\mysoft\maven\repository\io\netty\netty-transport-native-epoll\4.1.59.Final\netty-transport-native-epoll-4.1.59.Final.jar;D:\mysoft\maven\repository\io\netty\netty-transport-native-unix-common\4.1.59.Final\netty-transport-native-unix-common-4.1.59.Final.jar;D:\mysoft\maven\repository\org\slf4j\slf4j-api\1.7.30\slf4j-api-1.7.30.jar;D:\mysoft\maven\repository\org\slf4j\slf4j-log4j12\1.7.30\slf4j-log4j12-1.7.30.jar;D:\mysoft\maven\repository\org\eclipse\jetty\jetty-server\9.4.38.v20210224\jetty-server-9.4.38.v20210224.jar;D:\mysoft\maven\repository\javax\servlet\javax.servlet-api\3.1.0\javax.servlet-api-3.1.0.jar;D:\mysoft\maven\repository\org\eclipse\jetty\jetty-http\9.4.38.v20210224\jetty-http-9.4.38.v20210224.jar;D:\mysoft\maven\repository\org\eclipse\jetty\jetty-util\9.4.38.v20210224\jetty-util-9.4.38.v20210224.jar;D:\mysoft\maven\repository\org\eclipse\jetty\jetty-io\9.4.38.v20210224\jetty-io-9.4.38.v20210224.jar;D:\mysoft\maven\repository\org\eclipse\jetty\jetty-servlet\9.4.38.v20210224\jetty-servlet-9.4.38.v20210224.jar;D:\mysoft\maven\repository\org\eclipse\jetty\jetty-security\9.4.38.v20210224\jetty-security-9.4.38.v20210224.jar;D:\mysoft\maven\repository\org\eclipse\jetty\jetty-util-ajax\9.4.38.v20210224\jetty-util-ajax-9.4.38.v20210224.jar;D:\mysoft\maven\repository\org\eclipse\jetty\jetty-client\9.4.38.v20210224\jetty-client-9.4.38.v20210224.jar;D:\mysoft\maven\repository\com\fasterxml\jackson\core\jackson-databind\2.10.5.1\jackson-databind-2.10.5.1.jar;D:\mysoft\maven\repository\com\fasterxml\jackson\core\jackson-annotations\2.10.5\jackson-annotations-2.10.5.jar;D:\mysoft\maven\repository\com\fasterxml\jackson\core\jackson-core\2.10.5\jackson-core-2.10.5.jar;D:\mysoft\maven\repository\org\bouncycastle\bcprov-jdk15on\1.60\bcprov-jdk15on-1.60.jar;D:\mysoft\maven\repository\org\bouncycastle\bcpkix-jdk15on\1.60\bcpkix-jdk15on-1.60.jar;D:\mysoft\maven\repository\jline\jline\2.14.6\jline-2.14.6.jar;D:\mysoft\maven\repository\io\dropwizard\metrics\metrics-core\4.1.12.1\metrics-core-4.1.12.1.jar;D:\mysoft\maven\repository\log4j\log4j\1.2.17\log4j-1.2.17.jar;D:\mysoft\maven\repository\org\apache\kerby\kerb-core\2.0.0\kerb-core-2.0.0.jar;D:\mysoft\maven\repository\org\apache\kerby\kerby-pkix\2.0.0\kerby-pkix-2.0.0.jar;D:\mysoft\maven\repository\org\apache\kerby\kerby-asn1\2.0.0\kerby-asn1-2.0.0.jar;D:\mysoft\maven\repository\org\apache\kerby\kerby-util\2.0.0\kerby-util-2.0.0.jar;D:\mysoft\maven\repository\org\apache\kerby\kerb-simplekdc\2.0.0\kerb-simplekdc-2.0.0.jar;D:\mysoft\maven\repository\org\apache\kerby\kerb-client\2.0.0\kerb-client-2.0.0.jar;D:\mysoft\maven\repository\org\apache\kerby\kerb-common\2.0.0\kerb-common-2.0.0.jar;D:\mysoft\maven\repository\org\apache\kerby\kerb-crypto\2.0.0\kerb-crypto-2.0.0.jar;D:\mysoft\maven\repository\commons-io\commons-io\2.6\commons-io-2.6.jar;D:\mysoft\maven\repository\org\apache\kerby\kerb-util\2.0.0\kerb-util-2.0.0.jar;D:\mysoft\maven\repository\org\apache\kerby\token-provider\2.0.0\token-provider-2.0.0.jar;D:\mysoft\maven\repository\com\nimbusds\nimbus-jose-jwt\4.41.2\nimbus-jose-jwt-4.41.2.jar;D:\mysoft\maven\repository\com\github\stephenc\jcip\jcip-annotations\1.0-1\jcip-annotations-1.0-1.jar;D:\mysoft\maven\repository\net\minidev\json-smart\2.3\json-smart-2.3.jar;D:\mysoft\maven\repository\net\minidev\accessors-smart\1.2\accessors-smart-1.2.jar;D:\mysoft\maven\repository\org\ow2\asm\asm\5.0.4\asm-5.0.4.jar;D:\mysoft\maven\repository\org\apache\kerby\kerb-admin\2.0.0\kerb-admin-2.0.0.jar;D:\mysoft\maven\repository\org\apache\kerby\kerb-server\2.0.0\kerb-server-2.0.0.jar;D:\mysoft\maven\repository\org\apache\kerby\kerb-identity\2.0.0\kerb-identity-2.0.0.jar;D:\mysoft\maven\repository\org\apache\kerby\kerby-xdr\2.0.0\kerby-xdr-2.0.0.jar;D:\mysoft\maven\repository\org\apache\kerby\kerby-config\2.0.0\kerby-config-2.0.0.jar;D:\mysoft\maven\repository\org\mockito\mockito-core\3.6.28\mockito-core-3.6.28.jar;D:\mysoft\maven\repository\net\bytebuddy\byte-buddy\1.10.18\byte-buddy-1.10.18.jar;D:\mysoft\maven\repository\net\bytebuddy\byte-buddy-agent\1.10.18\byte-buddy-agent-1.10.18.jar;D:\mysoft\maven\repository\org\objenesis\objenesis\3.1\objenesis-3.1.jar;D:\mysoft\maven\repository\org\jmockit\jmockit\1.48\jmockit-1.48.jar;D:\mysoft\maven\repository\org\junit\jupiter\junit-jupiter-api\5.6.2\junit-jupiter-api-5.6.2.jar;D:\mysoft\maven\repository\org\apiguardian\apiguardian-api\1.1.0\apiguardian-api-1.1.0.jar;D:\mysoft\maven\repository\org\opentest4j\opentest4j\1.2.0\opentest4j-1.2.0.jar;D:\mysoft\maven\repository\org\junit\platform\junit-platform-commons\1.6.2\junit-platform-commons-1.6.2.jar;D:\mysoft\maven\repository\org\junit\jupiter\junit-jupiter-engine\5.6.2\junit-jupiter-engine-5.6.2.jar;D:\mysoft\maven\repository\org\junit\platform\junit-platform-engine\1.6.2\junit-platform-engine-1.6.2.jar;D:\mysoft\maven\repository\org\junit\jupiter\junit-jupiter-params\5.6.2\junit-jupiter-params-5.6.2.jar;D:\mysoft\maven\repository\org\junit\platform\junit-platform-runner\1.6.2\junit-platform-runner-1.6.2.jar;D:\mysoft\maven\repository\junit\junit\4.13\junit-4.13.jar;D:\mysoft\maven\repository\org\junit\platform\junit-platform-launcher\1.6.2\junit-platform-launcher-1.6.2.jar;D:\mysoft\maven\repository\org\junit\platform\junit-platform-suite-api\1.6.2\junit-platform-suite-api-1.6.2.jar;D:\mysoft\maven\repository\org\xerial\snappy\snappy-java\1.1.7.7\snappy-java-1.1.7.7.jar;"/>
    <property name="sun.cpu.endian" value="little"/>
    <property name="user.home" value="C:\Users\faisco"/>
    <property name="user.language" value="zh"/>
    <property name="java.specification.vendor" value="Oracle Corporation"/>
    <property name="java.home" value="C:\Program Files\Java\jdk1.8.0_31\jre"/>
    <property name="zookeeper.DigestAuthenticationProvider.superDigest" value="super:D/InIHSb7yEEbrWz8b9l71RjZJU="/>
    <property name="basedir" value="D:\mysoft\faiscoGit\myStudy\ZooKeeperLearning\apache-zookeeper-3.7.0\zookeeper-server"/>
    <property name="file.separator" value="\"/>
    <property name="line.separator" value="&#10;"/>
    <property name="java.vm.specification.vendor" value="Oracle Corporation"/>
    <property name="java.specification.name" value="Java Platform API Specification"/>
    <property name="java.awt.graphicsenv" value="sun.awt.Win32GraphicsEnvironment"/>
    <property name="test.junit.threads" value="8"/>
    <property name="surefire.real.class.path" value="C:\Users\faisco\AppData\Local\Temp\surefire7017171567299321585\surefirebooter8843564820196201136.jar;D:\mysoft\maven\repository\org\jmockit\jmockit\1.48\jmockit-1.48.jar"/>
    <property name="zookeeper.junit.threadid" value="6"/>
    <property name="sun.boot.class.path" value="C:\Program Files\Java\jdk1.8.0_31\jre\lib\resources.jar;C:\Program Files\Java\jdk1.8.0_31\jre\lib\rt.jar;C:\Program Files\Java\jdk1.8.0_31\jre\lib\sunrsasign.jar;C:\Program Files\Java\jdk1.8.0_31\jre\lib\jsse.jar;C:\Program Files\Java\jdk1.8.0_31\jre\lib\jce.jar;C:\Program Files\Java\jdk1.8.0_31\jre\lib\charsets.jar;C:\Program Files\Java\jdk1.8.0_31\jre\lib\jfr.jar;C:\Program Files\Java\jdk1.8.0_31\jre\classes"/>
    <property name="user.script" value=""/>
    <property name="sun.management.compiler" value="HotSpot 64-Bit Tiered Compilers"/>
    <property name="java.runtime.version" value="1.8.0_31-b13"/>
    <property name="user.name" value="faisco"/>
    <property name="path.separator" value=";"/>
    <property name="os.version" value="6.3"/>
    <property name="java.endorsed.dirs" value="C:\Program Files\Java\jdk1.8.0_31\jre\lib\endorsed"/>
    <property name="java.runtime.name" value="Java(TM) SE Runtime Environment"/>
    <property name="file.encoding" value="GBK"/>
    <property name="java.vm.name" value="Java HotSpot(TM) 64-Bit Server VM"/>
    <property name="idea.version2020.1" value="true"/>
    <property name="localRepository" value="D:\mysoft\maven\repository"/>
    <property name="java.vendor.url.bug" value="http://bugreport.sun.com/bugreport/"/>
    <property name="java.io.tmpdir" value="C:\Users\faisco\AppData\Local\Temp\"/>
    <property name="java.version" value="1.8.0_31"/>
    <property name="user.dir" value="D:\mysoft\faiscoGit\myStudy\ZooKeeperLearning\apache-zookeeper-3.7.0\zookeeper-server"/>
    <property name="os.arch" value="amd64"/>
    <property name="java.vm.specification.name" value="Java Virtual Machine Specification"/>
    <property name="java.awt.printerjob" value="sun.awt.windows.WPrinterJob"/>
    <property name="sun.os.patch.level" value=""/>
    <property name="java.library.path" value="C:\Program Files\Java\jdk1.8.0_31\jre\bin;C:\WINDOWS\Sun\Java\bin;C:\WINDOWS\system32;C:\WINDOWS;C:\Program Files\Java\jdk1.8.0_31\jre\bin;C:\Python39\Scripts\;C:\Python39\;C:\Python27\;C:\Python27\Scripts;C:\Program Files (x86)\Intel\Intel(R) Management Engine Components\iCLS\;C:\Program Files\Intel\Intel(R) Management Engine Components\iCLS\;C:\WINDOWS\system32;C:\WINDOWS;C:\WINDOWS\System32\Wbem;C:\WINDOWS\System32\WindowsPowerShell\v1.0\;C:\WINDOWS\System32\OpenSSH\;C:\Program Files (x86)\Intel\Intel(R) Management Engine Components\DAL;C:\Program Files\Intel\Intel(R) Management Engine Components\DAL;C:\Program Files\TortoiseSVN\bin;C:\Program Files\Java\jdk1.8.0_31\bin;D:\soft\Git\cmd;D:\mysoft\maven\apache-maven-3.6.1\bin;C:\ProgramData\chocolatey\bin;C:\Program Files\nodejs\;D:\mysoft\gradle-7.0\bin;C:\ProgramData\Oracle\Java\javapath;C:\Program Files\OpenVPN\bin;C:\Users\faisco\AppData\Local\Microsoft\WindowsApps;;D:\soft\Microsoft VS Code\bin;D:\soft\PyCharm Community Edition 2019.1.3\bin;;D:\soft\PyCharm 2019.2.3\bin;;C:\Users\faisco\AppData\Local\Microsoft\WindowsApps;C:\Program Files\JetBrains\IntelliJ IDEA 2020.1\bin;;C:\Program Files\JetBrains\IntelliJ IDEA Community Edition 2020.1.3\bin;;C:\Users\faisco\AppData\Roaming\npm;."/>
    <property name="junit.jupiter.extensions.autodetection.enabled" value="true"/>
    <property name="java.vm.info" value="mixed mode"/>
    <property name="java.vendor" value="Oracle Corporation"/>
    <property name="java.vm.version" value="25.31-b07"/>
    <property name="java.ext.dirs" value="C:\Program Files\Java\jdk1.8.0_31\jre\lib\ext;C:\WINDOWS\Sun\Java\lib\ext"/>
    <property name="sun.io.unicode.encoding" value="UnicodeLittle"/>
    <property name="java.class.version" value="52.0"/>
  </properties>
  <testcase name="testInconsistentDueToUncommittedLog" classname="org.apache.zookeeper.server.quorum.DIFFSyncConsistencyTest" time="29.909">
    <failure message="server 2 should have /zk ==&gt; expected: not &lt;null&gt;" type="org.opentest4j.AssertionFailedError"><![CDATA[org.opentest4j.AssertionFailedError: server 2 should have /zk ==> expected: not <null>
	at org.apache.zookeeper.server.quorum.DIFFSyncConsistencyTest.testInconsistentDueToUncommittedLog(DIFFSyncConsistencyTest.java:164)
]]></failure>
    <system-out><![CDATA[2021-11-08 11:08:58,088 [myid:] - INFO  [main:ZKTestCase@77] - STARTING Optional[public void org.apache.zookeeper.server.quorum.DIFFSyncConsistencyTest.testInconsistentDueToUncommittedLog() throws java.lang.Exception]
2021-11-08 11:08:58,096 [myid:] - INFO  [main:PortAssignment@154] - Test process 6/8 using ports from 24686 - 27378.
2021-11-08 11:08:58,101 [myid:] - INFO  [main:PortAssignment@87] - Assigned port 24687 from range 24686 - 27378.
2021-11-08 11:08:58,101 [myid:] - INFO  [main:PortAssignment@87] - Assigned port 24688 from range 24686 - 27378.
2021-11-08 11:08:58,102 [myid:] - INFO  [main:PortAssignment@87] - Assigned port 24689 from range 24686 - 27378.
2021-11-08 11:08:58,102 [myid:] - INFO  [main:PortAssignment@87] - Assigned port 24690 from range 24686 - 27378.
2021-11-08 11:08:58,102 [myid:] - INFO  [main:PortAssignment@87] - Assigned port 24691 from range 24686 - 27378.
2021-11-08 11:08:58,103 [myid:] - INFO  [main:PortAssignment@87] - Assigned port 24692 from range 24686 - 27378.
2021-11-08 11:08:58,103 [myid:] - INFO  [main:PortAssignment@87] - Assigned port 24693 from range 24686 - 27378.
2021-11-08 11:08:58,103 [myid:] - INFO  [main:PortAssignment@87] - Assigned port 24694 from range 24686 - 27378.
2021-11-08 11:08:58,103 [myid:] - INFO  [main:PortAssignment@87] - Assigned port 24695 from range 24686 - 27378.
2021-11-08 11:08:58,545 [myid:] - INFO  [main:QuorumPeerTestBase$MainThread@205] - id = 0 tmpDir = D:\mysoft\faiscoGit\myStudy\ZooKeeperLearning\apache-zookeeper-3.7.0\zookeeper-server\target\surefire\test29306962596136479.junit.dir clientPort = 24687 adminServerPort = 8080
2021-11-08 11:08:58,559 [myid:] - INFO  [main:QuorumPeerTestBase$MainThread@205] - id = 1 tmpDir = D:\mysoft\faiscoGit\myStudy\ZooKeeperLearning\apache-zookeeper-3.7.0\zookeeper-server\target\surefire\test6563239305613020678.junit.dir clientPort = 24690 adminServerPort = 8080
2021-11-08 11:08:58,562 [myid:] - INFO  [main:QuorumPeerTestBase$MainThread@205] - id = 2 tmpDir = D:\mysoft\faiscoGit\myStudy\ZooKeeperLearning\apache-zookeeper-3.7.0\zookeeper-server\target\surefire\test5579668075380062502.junit.dir clientPort = 24693 adminServerPort = 8080
2021-11-08 11:08:58,562 [myid:] - INFO  [Thread-1:QuorumPeerConfig@174] - Reading configuration from: D:\mysoft\faiscoGit\myStudy\ZooKeeperLearning\apache-zookeeper-3.7.0\zookeeper-server\target\surefire\test29306962596136479.junit.dir\zoo.cfg
2021-11-08 11:08:58,562 [myid:] - INFO  [Thread-2:QuorumPeerConfig@174] - Reading configuration from: D:\mysoft\faiscoGit\myStudy\ZooKeeperLearning\apache-zookeeper-3.7.0\zookeeper-server\target\surefire\test6563239305613020678.junit.dir\zoo.cfg
2021-11-08 11:08:58,563 [myid:] - INFO  [Thread-3:QuorumPeerConfig@174] - Reading configuration from: D:\mysoft\faiscoGit\myStudy\ZooKeeperLearning\apache-zookeeper-3.7.0\zookeeper-server\target\surefire\test5579668075380062502.junit.dir\zoo.cfg
2021-11-08 11:08:58,565 [myid:] - INFO  [main:FourLetterWordMain@94] - connecting to 127.0.0.1 24687
2021-11-08 11:08:58,567 [myid:] - INFO  [Thread-1:QuorumPeerConfig@444] - clientPortAddress is 0.0.0.0:24687
2021-11-08 11:08:58,567 [myid:] - INFO  [Thread-1:QuorumPeerConfig@448] - secureClientPort is not set
2021-11-08 11:08:58,567 [myid:] - INFO  [Thread-1:QuorumPeerConfig@464] - observerMasterPort is not set
2021-11-08 11:08:58,567 [myid:] - INFO  [Thread-1:QuorumPeerConfig@481] - metricsProvider.className is org.apache.zookeeper.metrics.impl.DefaultMetricsProvider
2021-11-08 11:08:58,567 [myid:] - INFO  [Thread-2:QuorumPeerConfig@444] - clientPortAddress is 0.0.0.0:24690
2021-11-08 11:08:58,568 [myid:] - INFO  [Thread-2:QuorumPeerConfig@448] - secureClientPort is not set
2021-11-08 11:08:58,568 [myid:] - INFO  [Thread-2:QuorumPeerConfig@464] - observerMasterPort is not set
2021-11-08 11:08:58,568 [myid:] - INFO  [Thread-2:QuorumPeerConfig@481] - metricsProvider.className is org.apache.zookeeper.metrics.impl.DefaultMetricsProvider
2021-11-08 11:08:58,567 [myid:] - INFO  [Thread-3:QuorumPeerConfig@444] - clientPortAddress is 0.0.0.0:24693
2021-11-08 11:08:58,568 [myid:] - INFO  [Thread-3:QuorumPeerConfig@448] - secureClientPort is not set
2021-11-08 11:08:58,568 [myid:] - INFO  [Thread-3:QuorumPeerConfig@464] - observerMasterPort is not set
2021-11-08 11:08:58,568 [myid:] - INFO  [Thread-3:QuorumPeerConfig@481] - metricsProvider.className is org.apache.zookeeper.metrics.impl.DefaultMetricsProvider
2021-11-08 11:08:58,572 [myid:2] - INFO  [Thread-3:DatadirCleanupManager@78] - autopurge.snapRetainCount set to 3
2021-11-08 11:08:58,572 [myid:2] - INFO  [Thread-3:DatadirCleanupManager@79] - autopurge.purgeInterval set to 0
2021-11-08 11:08:58,573 [myid:2] - INFO  [Thread-3:DatadirCleanupManager@101] - Purge task is not scheduled.
2021-11-08 11:08:58,576 [myid:2] - INFO  [Thread-3:ManagedUtil@44] - Log4j 1.2 jmx support found and enabled.
2021-11-08 11:08:58,607 [myid:2] - INFO  [Thread-3:QuorumPeerMain@152] - Starting quorum peer, myid=2
2021-11-08 11:08:58,617 [myid:2] - INFO  [Thread-3:ServerMetrics@62] - ServerMetrics initialized with provider org.apache.zookeeper.metrics.impl.DefaultMetricsProvider@107a5646
2021-11-08 11:08:58,619 [myid:2] - INFO  [Thread-3:DigestAuthenticationProvider@47] - ACL digest algorithm is: SHA1
2021-11-08 11:08:58,619 [myid:2] - INFO  [Thread-3:DigestAuthenticationProvider@61] - zookeeper.DigestAuthenticationProvider.enabled = true
2021-11-08 11:08:58,622 [myid:2] - INFO  [Thread-3:ServerCnxnFactory@169] - Using org.apache.zookeeper.server.NIOServerCnxnFactory as server connection factory
2021-11-08 11:08:58,623 [myid:2] - WARN  [Thread-3:ServerCnxnFactory@309] - maxCnxns is not configured, using default value 0.
2021-11-08 11:08:58,624 [myid:2] - INFO  [Thread-3:NIOServerCnxnFactory@652] - Configuring NIO connection handler with 10s sessionless connection timeout, 1 selector thread(s), 12 worker threads, and 64 kB direct buffers.
2021-11-08 11:08:58,633 [myid:2] - INFO  [Thread-3:NIOServerCnxnFactory@660] - binding to port /127.0.0.1:24693
2021-11-08 11:08:58,641 [myid:2] - INFO  [Thread-3:QuorumPeer@796] - zookeeper.quorumCnxnTimeoutMs=-1
2021-11-08 11:08:58,644 [myid:2] - INFO  [Thread-3:X509Util@77] - Setting -D jdk.tls.rejectClientInitiatedRenegotiation=true to disable client-initiated TLS renegotiation
2021-11-08 11:08:58,646 [myid:2] - INFO  [Thread-3:FileTxnSnapLog@124] - zookeeper.snapshot.trust.empty : false
2021-11-08 11:08:58,650 [myid:2] - INFO  [Thread-3:QuorumPeer@1742] - Local sessions disabled
2021-11-08 11:08:58,650 [myid:2] - INFO  [Thread-3:QuorumPeer@1753] - Local session upgrading disabled
2021-11-08 11:08:58,650 [myid:2] - INFO  [Thread-3:QuorumPeer@1720] - tickTime set to 4000
2021-11-08 11:08:58,650 [myid:2] - INFO  [Thread-3:QuorumPeer@1764] - minSessionTimeout set to 8000
2021-11-08 11:08:58,650 [myid:2] - INFO  [Thread-3:QuorumPeer@1775] - maxSessionTimeout set to 80000
2021-11-08 11:08:58,650 [myid:2] - INFO  [Thread-3:QuorumPeer@1800] - initLimit set to 10
2021-11-08 11:08:58,650 [myid:2] - INFO  [Thread-3:QuorumPeer@1987] - syncLimit set to 5
2021-11-08 11:08:58,650 [myid:2] - INFO  [Thread-3:QuorumPeer@2002] - connectToLearnerMasterLimit set to 5
2021-11-08 11:08:58,660 [myid:2] - INFO  [Thread-3:ZookeeperBanner@42] - 
2021-11-08 11:08:58,660 [myid:2] - INFO  [Thread-3:ZookeeperBanner@42] -   ______                  _                                          
2021-11-08 11:08:58,660 [myid:2] - INFO  [Thread-3:ZookeeperBanner@42] -  |___  /                 | |                                         
2021-11-08 11:08:58,660 [myid:2] - INFO  [Thread-3:ZookeeperBanner@42] -     / /    ___     ___   | | __   ___    ___   _ __     ___   _ __   
2021-11-08 11:08:58,660 [myid:2] - INFO  [Thread-3:ZookeeperBanner@42] -    / /    / _ \   / _ \  | |/ /  / _ \  / _ \ | '_ \   / _ \ | '__|
2021-11-08 11:08:58,660 [myid:2] - INFO  [Thread-3:ZookeeperBanner@42] -   / /__  | (_) | | (_) | |   <  |  __/ |  __/ | |_) | |  __/ | |    
2021-11-08 11:08:58,660 [myid:2] - INFO  [Thread-3:ZookeeperBanner@42] -  /_____|  \___/   \___/  |_|\_\  \___|  \___| | .__/   \___| |_|
2021-11-08 11:08:58,660 [myid:2] - INFO  [Thread-3:ZookeeperBanner@42] -                                               | |                     
2021-11-08 11:08:58,660 [myid:2] - INFO  [Thread-3:ZookeeperBanner@42] -                                               |_|                     
2021-11-08 11:08:58,660 [myid:2] - INFO  [Thread-3:ZookeeperBanner@42] - 
2021-11-08 11:08:59,154 [myid:0] - INFO  [Thread-1:DatadirCleanupManager@78] - autopurge.snapRetainCount set to 3
2021-11-08 11:08:59,154 [myid:0] - INFO  [Thread-1:DatadirCleanupManager@79] - autopurge.purgeInterval set to 0
2021-11-08 11:08:59,154 [myid:0] - INFO  [Thread-1:DatadirCleanupManager@101] - Purge task is not scheduled.
2021-11-08 11:08:59,155 [myid:0] - INFO  [Thread-1:ManagedUtil@44] - Log4j 1.2 jmx support found and enabled.
2021-11-08 11:08:59,156 [myid:0] - ERROR [Thread-1:ManagedUtil@109] - Problems while registering log4j 1.2 jmx beans!
javax.management.InstanceAlreadyExistsException: log4j:hierarchy=default
	at com.sun.jmx.mbeanserver.Repository.addMBean(Repository.java:437)
	at com.sun.jmx.interceptor.DefaultMBeanServerInterceptor.registerWithRepository(DefaultMBeanServerInterceptor.java:1898)
	at com.sun.jmx.interceptor.DefaultMBeanServerInterceptor.registerDynamicMBean(DefaultMBeanServerInterceptor.java:966)
	at com.sun.jmx.interceptor.DefaultMBeanServerInterceptor.registerObject(DefaultMBeanServerInterceptor.java:900)
	at com.sun.jmx.interceptor.DefaultMBeanServerInterceptor.registerMBean(DefaultMBeanServerInterceptor.java:324)
	at com.sun.jmx.mbeanserver.JmxMBeanServer.registerMBean(JmxMBeanServer.java:522)
	at org.apache.zookeeper.jmx.ManagedUtil.registerLog4jMBeans(ManagedUtil.java:72)
	at org.apache.zookeeper.server.quorum.QuorumPeerMain.runFromConfig(QuorumPeerMain.java:147)
	at org.apache.zookeeper.server.quorum.QuorumPeerMain.initializeAndRun(QuorumPeerMain.java:137)
	at org.apache.zookeeper.server.quorum.QuorumPeerTestBase$MainThread.run(QuorumPeerTestBase.java:329)
	at java.lang.Thread.run(Thread.java:745)
2021-11-08 11:08:59,157 [myid:1] - INFO  [Thread-2:DatadirCleanupManager@78] - autopurge.snapRetainCount set to 3
2021-11-08 11:08:59,164 [myid:1] - INFO  [Thread-2:DatadirCleanupManager@79] - autopurge.purgeInterval set to 0
2021-11-08 11:08:59,164 [myid:1] - INFO  [Thread-2:DatadirCleanupManager@101] - Purge task is not scheduled.
2021-11-08 11:08:59,164 [myid:1] - INFO  [Thread-2:ManagedUtil@44] - Log4j 1.2 jmx support found and enabled.
2021-11-08 11:08:59,164 [myid:1] - ERROR [Thread-2:ManagedUtil@109] - Problems while registering log4j 1.2 jmx beans!
javax.management.InstanceAlreadyExistsException: log4j:hierarchy=default
	at com.sun.jmx.mbeanserver.Repository.addMBean(Repository.java:437)
	at com.sun.jmx.interceptor.DefaultMBeanServerInterceptor.registerWithRepository(DefaultMBeanServerInterceptor.java:1898)
	at com.sun.jmx.interceptor.DefaultMBeanServerInterceptor.registerDynamicMBean(DefaultMBeanServerInterceptor.java:966)
	at com.sun.jmx.interceptor.DefaultMBeanServerInterceptor.registerObject(DefaultMBeanServerInterceptor.java:900)
	at com.sun.jmx.interceptor.DefaultMBeanServerInterceptor.registerMBean(DefaultMBeanServerInterceptor.java:324)
	at com.sun.jmx.mbeanserver.JmxMBeanServer.registerMBean(JmxMBeanServer.java:522)
	at org.apache.zookeeper.jmx.ManagedUtil.registerLog4jMBeans(ManagedUtil.java:72)
	at org.apache.zookeeper.server.quorum.QuorumPeerMain.runFromConfig(QuorumPeerMain.java:147)
	at org.apache.zookeeper.server.quorum.QuorumPeerMain.initializeAndRun(QuorumPeerMain.java:137)
	at org.apache.zookeeper.server.quorum.QuorumPeerTestBase$MainThread.run(QuorumPeerTestBase.java:329)
	at java.lang.Thread.run(Thread.java:745)
2021-11-08 11:08:59,165 [myid:1] - WARN  [Thread-2:QuorumPeerMain@149] - Unable to register log4j JMX control
javax.management.JMException: javax.management.InstanceAlreadyExistsException: log4j:hierarchy=default
	at org.apache.zookeeper.jmx.ManagedUtil.registerLog4jMBeans(ManagedUtil.java:110)
	at org.apache.zookeeper.server.quorum.QuorumPeerMain.runFromConfig(QuorumPeerMain.java:147)
	at org.apache.zookeeper.server.quorum.QuorumPeerMain.initializeAndRun(QuorumPeerMain.java:137)
	at org.apache.zookeeper.server.quorum.QuorumPeerTestBase$MainThread.run(QuorumPeerTestBase.java:329)
	at java.lang.Thread.run(Thread.java:745)
2021-11-08 11:08:59,165 [myid:1] - INFO  [Thread-2:QuorumPeerMain@152] - Starting quorum peer, myid=1
2021-11-08 11:08:59,165 [myid:1] - INFO  [Thread-2:ServerMetrics@62] - ServerMetrics initialized with provider org.apache.zookeeper.metrics.impl.DefaultMetricsProvider@5bb7d5f9
2021-11-08 11:08:59,165 [myid:1] - INFO  [Thread-2:DigestAuthenticationProvider@61] - zookeeper.DigestAuthenticationProvider.enabled = true
2021-11-08 11:08:59,165 [myid:1] - INFO  [Thread-2:ServerCnxnFactory@169] - Using org.apache.zookeeper.server.NIOServerCnxnFactory as server connection factory
2021-11-08 11:08:59,165 [myid:1] - WARN  [Thread-2:ServerCnxnFactory@309] - maxCnxns is not configured, using default value 0.
2021-11-08 11:08:59,166 [myid:1] - INFO  [Thread-2:NIOServerCnxnFactory@652] - Configuring NIO connection handler with 10s sessionless connection timeout, 1 selector thread(s), 12 worker threads, and 64 kB direct buffers.
2021-11-08 11:08:59,166 [myid:0] - WARN  [Thread-1:QuorumPeerMain@149] - Unable to register log4j JMX control
javax.management.JMException: javax.management.InstanceAlreadyExistsException: log4j:hierarchy=default
	at org.apache.zookeeper.jmx.ManagedUtil.registerLog4jMBeans(ManagedUtil.java:110)
	at org.apache.zookeeper.server.quorum.QuorumPeerMain.runFromConfig(QuorumPeerMain.java:147)
	at org.apache.zookeeper.server.quorum.QuorumPeerMain.initializeAndRun(QuorumPeerMain.java:137)
	at org.apache.zookeeper.server.quorum.QuorumPeerTestBase$MainThread.run(QuorumPeerTestBase.java:329)
	at java.lang.Thread.run(Thread.java:745)
2021-11-08 11:08:59,166 [myid:0] - INFO  [Thread-1:QuorumPeerMain@152] - Starting quorum peer, myid=0
2021-11-08 11:08:59,166 [myid:1] - INFO  [Thread-2:NIOServerCnxnFactory@660] - binding to port /127.0.0.1:24690
2021-11-08 11:08:59,167 [myid:1] - INFO  [Thread-2:FileTxnSnapLog@124] - zookeeper.snapshot.trust.empty : false
2021-11-08 11:08:59,169 [myid:0] - INFO  [Thread-1:ServerMetrics@62] - ServerMetrics initialized with provider org.apache.zookeeper.metrics.impl.DefaultMetricsProvider@675e478d
2021-11-08 11:08:59,170 [myid:0] - INFO  [Thread-1:DigestAuthenticationProvider@61] - zookeeper.DigestAuthenticationProvider.enabled = true
2021-11-08 11:08:59,170 [myid:0] - INFO  [Thread-1:ServerCnxnFactory@169] - Using org.apache.zookeeper.server.NIOServerCnxnFactory as server connection factory
2021-11-08 11:08:59,170 [myid:0] - WARN  [Thread-1:ServerCnxnFactory@309] - maxCnxns is not configured, using default value 0.
2021-11-08 11:08:59,170 [myid:0] - INFO  [Thread-1:NIOServerCnxnFactory@652] - Configuring NIO connection handler with 10s sessionless connection timeout, 1 selector thread(s), 12 worker threads, and 64 kB direct buffers.
2021-11-08 11:08:59,171 [myid:1] - INFO  [Thread-2:QuorumPeer@1742] - Local sessions disabled
2021-11-08 11:08:59,171 [myid:1] - INFO  [Thread-2:QuorumPeer@1753] - Local session upgrading disabled
2021-11-08 11:08:59,171 [myid:1] - INFO  [Thread-2:QuorumPeer@1720] - tickTime set to 4000
2021-11-08 11:08:59,171 [myid:1] - INFO  [Thread-2:QuorumPeer@1764] - minSessionTimeout set to 8000
2021-11-08 11:08:59,171 [myid:1] - INFO  [Thread-2:QuorumPeer@1775] - maxSessionTimeout set to 80000
2021-11-08 11:08:59,171 [myid:1] - INFO  [Thread-2:QuorumPeer@1800] - initLimit set to 10
2021-11-08 11:08:59,172 [myid:1] - INFO  [Thread-2:QuorumPeer@1987] - syncLimit set to 5
2021-11-08 11:08:59,172 [myid:1] - INFO  [Thread-2:QuorumPeer@2002] - connectToLearnerMasterLimit set to 5
2021-11-08 11:08:59,172 [myid:0] - INFO  [Thread-1:NIOServerCnxnFactory@660] - binding to port /127.0.0.1:24687
2021-11-08 11:08:59,174 [myid:0] - INFO  [Thread-1:FileTxnSnapLog@124] - zookeeper.snapshot.trust.empty : false
2021-11-08 11:08:59,174 [myid:0] - INFO  [Thread-1:QuorumPeer@1742] - Local sessions disabled
2021-11-08 11:08:59,175 [myid:0] - INFO  [Thread-1:QuorumPeer@1753] - Local session upgrading disabled
2021-11-08 11:08:59,175 [myid:0] - INFO  [Thread-1:QuorumPeer@1720] - tickTime set to 4000
2021-11-08 11:08:59,175 [myid:0] - INFO  [Thread-1:QuorumPeer@1764] - minSessionTimeout set to 8000
2021-11-08 11:08:59,175 [myid:0] - INFO  [Thread-1:QuorumPeer@1775] - maxSessionTimeout set to 80000
2021-11-08 11:08:59,175 [myid:0] - INFO  [Thread-1:QuorumPeer@1800] - initLimit set to 10
2021-11-08 11:08:59,175 [myid:0] - INFO  [Thread-1:QuorumPeer@1987] - syncLimit set to 5
2021-11-08 11:08:59,175 [myid:0] - INFO  [Thread-1:QuorumPeer@2002] - connectToLearnerMasterLimit set to 5
2021-11-08 11:09:04,593 [myid:] - INFO  [main:ClientBase@267] - server 127.0.0.1:24687 not up
java.io.IOException: Exception while executing four letter word: stat
	at org.apache.zookeeper.client.FourLetterWordMain.send4LetterWord(FourLetterWordMain.java:134)
	at org.apache.zookeeper.client.FourLetterWordMain.send4LetterWord(FourLetterWordMain.java:74)
	at org.apache.zookeeper.test.ClientBase.waitForServerUp(ClientBase.java:258)
	at org.apache.zookeeper.test.ClientBase.waitForServerUp(ClientBase.java:249)
	at org.apache.zookeeper.server.quorum.DIFFSyncConsistencyTest.testInconsistentDueToUncommittedLog(DIFFSyncConsistencyTest.java:78)
	at sun.reflect.NativeMethodAccessorImpl.invoke0(Native Method)
	at sun.reflect.NativeMethodAccessorImpl.invoke(NativeMethodAccessorImpl.java:62)
	at sun.reflect.DelegatingMethodAccessorImpl.invoke(DelegatingMethodAccessorImpl.java:43)
	at java.lang.reflect.Method.invoke(Method.java:483)
	at org.junit.platform.commons.util.ReflectionUtils.invokeMethod(ReflectionUtils.java:686)
	at org.junit.jupiter.engine.execution.MethodInvocation.proceed(MethodInvocation.java:60)
	at org.junit.jupiter.engine.execution.InvocationInterceptorChain$ValidatingInvocation.proceed(InvocationInterceptorChain.java:131)
	at org.junit.jupiter.engine.extension.TimeoutInvocation.proceed(TimeoutInvocation.java:46)
	at org.junit.jupiter.engine.extension.TimeoutExtension.intercept(TimeoutExtension.java:149)
	at org.junit.jupiter.engine.extension.TimeoutExtension.interceptTestableMethod(TimeoutExtension.java:140)
	at org.junit.jupiter.engine.extension.TimeoutExtension.interceptTestMethod(TimeoutExtension.java:84)
	at org.junit.jupiter.engine.descriptor.TestMethodTestDescriptor$$Lambda$111/2056418216.apply(Unknown Source)
	at org.junit.jupiter.engine.execution.ExecutableInvoker$ReflectiveInterceptorCall.lambda$ofVoidMethod$0(ExecutableInvoker.java:115)
	at org.junit.jupiter.engine.execution.ExecutableInvoker$ReflectiveInterceptorCall$$Lambda$112/243745864.apply(Unknown Source)
	at org.junit.jupiter.engine.execution.ExecutableInvoker.lambda$invoke$0(ExecutableInvoker.java:105)
	at org.junit.jupiter.engine.execution.ExecutableInvoker$$Lambda$234/1564984895.apply(Unknown Source)
	at org.junit.jupiter.engine.execution.InvocationInterceptorChain$InterceptedInvocation.proceed(InvocationInterceptorChain.java:106)
	at org.junit.jupiter.engine.execution.InvocationInterceptorChain.proceed(InvocationInterceptorChain.java:64)
	at org.junit.jupiter.engine.execution.InvocationInterceptorChain.chainAndInvoke(InvocationInterceptorChain.java:45)
	at org.junit.jupiter.engine.execution.InvocationInterceptorChain.invoke(InvocationInterceptorChain.java:37)
	at org.junit.jupiter.engine.execution.ExecutableInvoker.invoke(ExecutableInvoker.java:104)
	at org.junit.jupiter.engine.execution.ExecutableInvoker.invoke(ExecutableInvoker.java:98)
	at org.junit.jupiter.engine.descriptor.TestMethodTestDescriptor.lambda$invokeTestMethod$6(TestMethodTestDescriptor.java:212)
	at org.junit.jupiter.engine.descriptor.TestMethodTestDescriptor$$Lambda$271/1861781750.execute(Unknown Source)
	at org.junit.platform.engine.support.hierarchical.ThrowableCollector.execute(ThrowableCollector.java:73)
	at org.junit.jupiter.engine.descriptor.TestMethodTestDescriptor.invokeTestMethod(TestMethodTestDescriptor.java:208)
	at org.junit.jupiter.engine.descriptor.TestMethodTestDescriptor.execute(TestMethodTestDescriptor.java:137)
	at org.junit.jupiter.engine.descriptor.TestMethodTestDescriptor.execute(TestMethodTestDescriptor.java:71)
	at org.junit.platform.engine.support.hierarchical.NodeTestTask.lambda$executeRecursively$5(NodeTestTask.java:135)
	at org.junit.platform.engine.support.hierarchical.NodeTestTask$$Lambda$179/1906808037.execute(Unknown Source)
	at org.junit.platform.engine.support.hierarchical.ThrowableCollector.execute(ThrowableCollector.java:73)
	at org.junit.platform.engine.support.hierarchical.NodeTestTask.lambda$executeRecursively$7(NodeTestTask.java:125)
	at org.junit.platform.engine.support.hierarchical.NodeTestTask$$Lambda$178/2142080121.invoke(Unknown Source)
	at org.junit.platform.engine.support.hierarchical.Node.around(Node.java:135)
	at org.junit.platform.engine.support.hierarchical.NodeTestTask.lambda$executeRecursively$8(NodeTestTask.java:123)
	at org.junit.platform.engine.support.hierarchical.NodeTestTask$$Lambda$177/868964689.execute(Unknown Source)
	at org.junit.platform.engine.support.hierarchical.ThrowableCollector.execute(ThrowableCollector.java:73)
	at org.junit.platform.engine.support.hierarchical.NodeTestTask.executeRecursively(NodeTestTask.java:122)
	at org.junit.platform.engine.support.hierarchical.NodeTestTask.execute(NodeTestTask.java:80)
	at org.junit.platform.engine.support.hierarchical.SameThreadHierarchicalTestExecutorService$$Lambda$183/500179317.accept(Unknown Source)
	at java.util.ArrayList.forEach(ArrayList.java:1249)
	at org.junit.platform.engine.support.hierarchical.SameThreadHierarchicalTestExecutorService.invokeAll(SameThreadHierarchicalTestExecutorService.java:38)
	at org.junit.platform.engine.support.hierarchical.NodeTestTask.lambda$executeRecursively$5(NodeTestTask.java:139)
	at org.junit.platform.engine.support.hierarchical.NodeTestTask$$Lambda$179/1906808037.execute(Unknown Source)
	at org.junit.platform.engine.support.hierarchical.ThrowableCollector.execute(ThrowableCollector.java:73)
	at org.junit.platform.engine.support.hierarchical.NodeTestTask.lambda$executeRecursively$7(NodeTestTask.java:125)
	at org.junit.platform.engine.support.hierarchical.NodeTestTask$$Lambda$178/2142080121.invoke(Unknown Source)
	at org.junit.platform.engine.support.hierarchical.Node.around(Node.java:135)
	at org.junit.platform.engine.support.hierarchical.NodeTestTask.lambda$executeRecursively$8(NodeTestTask.java:123)
	at org.junit.platform.engine.support.hierarchical.NodeTestTask$$Lambda$177/868964689.execute(Unknown Source)
	at org.junit.platform.engine.support.hierarchical.ThrowableCollector.execute(ThrowableCollector.java:73)
	at org.junit.platform.engine.support.hierarchical.NodeTestTask.executeRecursively(NodeTestTask.java:122)
	at org.junit.platform.engine.support.hierarchical.NodeTestTask.execute(NodeTestTask.java:80)
	at org.junit.platform.engine.support.hierarchical.SameThreadHierarchicalTestExecutorService$$Lambda$183/500179317.accept(Unknown Source)
	at java.util.ArrayList.forEach(ArrayList.java:1249)
	at org.junit.platform.engine.support.hierarchical.SameThreadHierarchicalTestExecutorService.invokeAll(SameThreadHierarchicalTestExecutorService.java:38)
	at org.junit.platform.engine.support.hierarchical.NodeTestTask.lambda$executeRecursively$5(NodeTestTask.java:139)
	at org.junit.platform.engine.support.hierarchical.NodeTestTask$$Lambda$179/1906808037.execute(Unknown Source)
	at org.junit.platform.engine.support.hierarchical.ThrowableCollector.execute(ThrowableCollector.java:73)
	at org.junit.platform.engine.support.hierarchical.NodeTestTask.lambda$executeRecursively$7(NodeTestTask.java:125)
	at org.junit.platform.engine.support.hierarchical.NodeTestTask$$Lambda$178/2142080121.invoke(Unknown Source)
	at org.junit.platform.engine.support.hierarchical.Node.around(Node.java:135)
	at org.junit.platform.engine.support.hierarchical.NodeTestTask.lambda$executeRecursively$8(NodeTestTask.java:123)
	at org.junit.platform.engine.support.hierarchical.NodeTestTask$$Lambda$177/868964689.execute(Unknown Source)
	at org.junit.platform.engine.support.hierarchical.ThrowableCollector.execute(ThrowableCollector.java:73)
	at org.junit.platform.engine.support.hierarchical.NodeTestTask.executeRecursively(NodeTestTask.java:122)
	at org.junit.platform.engine.support.hierarchical.NodeTestTask.execute(NodeTestTask.java:80)
	at org.junit.platform.engine.support.hierarchical.SameThreadHierarchicalTestExecutorService.submit(SameThreadHierarchicalTestExecutorService.java:32)
	at org.junit.platform.engine.support.hierarchical.HierarchicalTestExecutor.execute(HierarchicalTestExecutor.java:57)
	at org.junit.platform.engine.support.hierarchical.HierarchicalTestEngine.execute(HierarchicalTestEngine.java:51)
	at org.junit.platform.launcher.core.DefaultLauncher.execute(DefaultLauncher.java:248)
	at org.junit.platform.launcher.core.DefaultLauncher.lambda$execute$5(DefaultLauncher.java:211)
	at org.junit.platform.launcher.core.DefaultLauncher$$Lambda$143/603856241.accept(Unknown Source)
	at org.junit.platform.launcher.core.DefaultLauncher.withInterceptedStreams(DefaultLauncher.java:226)
	at org.junit.platform.launcher.core.DefaultLauncher.execute(DefaultLauncher.java:199)
	at org.junit.platform.launcher.core.DefaultLauncher.execute(DefaultLauncher.java:132)
	at org.apache.maven.surefire.junitplatform.JUnitPlatformProvider.invokeAllTests(JUnitPlatformProvider.java:142)
	at org.apache.maven.surefire.junitplatform.JUnitPlatformProvider.invoke(JUnitPlatformProvider.java:113)
	at org.apache.maven.surefire.booter.ForkedBooter.invokeProviderInSameClassLoader(ForkedBooter.java:384)
	at org.apache.maven.surefire.booter.ForkedBooter.runSuitesInProcess(ForkedBooter.java:345)
	at org.apache.maven.surefire.booter.ForkedBooter.execute(ForkedBooter.java:126)
	at org.apache.maven.surefire.booter.ForkedBooter.main(ForkedBooter.java:418)
Caused by: java.net.SocketTimeoutException: Read timed out
	at java.net.SocketInputStream.socketRead0(Native Method)
	at java.net.SocketInputStream.read(SocketInputStream.java:150)
	at java.net.SocketInputStream.read(SocketInputStream.java:121)
	at sun.nio.cs.StreamDecoder.readBytes(StreamDecoder.java:284)
	at sun.nio.cs.StreamDecoder.implRead(StreamDecoder.java:326)
	at sun.nio.cs.StreamDecoder.read(StreamDecoder.java:178)
	at java.io.InputStreamReader.read(InputStreamReader.java:184)
	at java.io.BufferedReader.fill(BufferedReader.java:161)
	at java.io.BufferedReader.readLine(BufferedReader.java:324)
	at java.io.BufferedReader.readLine(BufferedReader.java:389)
	at org.apache.zookeeper.client.FourLetterWordMain.send4LetterWord(FourLetterWordMain.java:129)
	... 86 more
2021-11-08 11:09:04,844 [myid:] - INFO  [main:FourLetterWordMain@94] - connecting to 127.0.0.1 24687
2021-11-08 11:09:07,731 [myid:2] - INFO  [Thread-3:Environment@98] - Server environment:zookeeper.version=3.7.0-02d8e7728613600d355308bb0a256b6f5b41360c-dirty, built on 2021-11-08 03:06 UTC
2021-11-08 11:09:07,731 [myid:2] - INFO  [Thread-3:Environment@98] - Server environment:host.name=DESKTOP-3V3H020
2021-11-08 11:09:07,731 [myid:2] - INFO  [Thread-3:Environment@98] - Server environment:java.version=1.8.0_31
2021-11-08 11:09:07,731 [myid:2] - INFO  [Thread-3:Environment@98] - Server environment:java.vendor=Oracle Corporation
2021-11-08 11:09:07,731 [myid:2] - INFO  [Thread-3:Environment@98] - Server environment:java.home=C:\Program Files\Java\jdk1.8.0_31\jre
2021-11-08 11:09:07,731 [myid:2] - INFO  [Thread-3:Environment@98] - Server environment:java.class.path=D:\mysoft\faiscoGit\myStudy\ZooKeeperLearning\apache-zookeeper-3.7.0\zookeeper-server\target\test-classes;D:\mysoft\faiscoGit\myStudy\ZooKeeperLearning\apache-zookeeper-3.7.0\zookeeper-server\target\classes;D:\mysoft\maven\repository\com\github\spotbugs\spotbugs-annotations\4.0.2\spotbugs-annotations-4.0.2.jar;D:\mysoft\maven\repository\com\google\code\findbugs\jsr305\3.0.2\jsr305-3.0.2.jar;D:\mysoft\maven\repository\org\hamcrest\hamcrest-library\2.2\hamcrest-library-2.2.jar;D:\mysoft\maven\repository\org\hamcrest\hamcrest-core\2.2\hamcrest-core-2.2.jar;D:\mysoft\maven\repository\org\hamcrest\hamcrest\2.2\hamcrest-2.2.jar;D:\mysoft\maven\repository\org\apache\commons\commons-collections4\4.4\commons-collections4-4.4.jar;D:\mysoft\maven\repository\org\apache\zookeeper\zookeeper-jute\3.7.0\zookeeper-jute-3.7.0.jar;D:\mysoft\maven\repository\commons-cli\commons-cli\1.4\commons-cli-1.4.jar;D:\mysoft\maven\repository\org\apache\yetus\audience-annotations\0.12.0\audience-annotations-0.12.0.jar;D:\mysoft\maven\repository\io\netty\netty-handler\4.1.59.Final\netty-handler-4.1.59.Final.jar;D:\mysoft\maven\repository\io\netty\netty-common\4.1.59.Final\netty-common-4.1.59.Final.jar;D:\mysoft\maven\repository\io\netty\netty-resolver\4.1.59.Final\netty-resolver-4.1.59.Final.jar;D:\mysoft\maven\repository\io\netty\netty-buffer\4.1.59.Final\netty-buffer-4.1.59.Final.jar;D:\mysoft\maven\repository\io\netty\netty-transport\4.1.59.Final\netty-transport-4.1.59.Final.jar;D:\mysoft\maven\repository\io\netty\netty-codec\4.1.59.Final\netty-codec-4.1.59.Final.jar;D:\mysoft\maven\repository\io\netty\netty-transport-native-epoll\4.1.59.Final\netty-transport-native-epoll-4.1.59.Final.jar;D:\mysoft\maven\repository\io\netty\netty-transport-native-unix-common\4.1.59.Final\netty-transport-native-unix-common-4.1.59.Final.jar;D:\mysoft\maven\repository\org\slf4j\slf4j-api\1.7.30\slf4j-api-1.7.30.jar;D:\mysoft\maven\repository\org\slf4j\slf4j-log4j12\1.7.30\slf4j-log4j12-1.7.30.jar;D:\mysoft\maven\repository\org\eclipse\jetty\jetty-server\9.4.38.v20210224\jetty-server-9.4.38.v20210224.jar;D:\mysoft\maven\repository\javax\servlet\javax.servlet-api\3.1.0\javax.servlet-api-3.1.0.jar;D:\mysoft\maven\repository\org\eclipse\jetty\jetty-http\9.4.38.v20210224\jetty-http-9.4.38.v20210224.jar;D:\mysoft\maven\repository\org\eclipse\jetty\jetty-util\9.4.38.v20210224\jetty-util-9.4.38.v20210224.jar;D:\mysoft\maven\repository\org\eclipse\jetty\jetty-io\9.4.38.v20210224\jetty-io-9.4.38.v20210224.jar;D:\mysoft\maven\repository\org\eclipse\jetty\jetty-servlet\9.4.38.v20210224\jetty-servlet-9.4.38.v20210224.jar;D:\mysoft\maven\repository\org\eclipse\jetty\jetty-security\9.4.38.v20210224\jetty-security-9.4.38.v20210224.jar;D:\mysoft\maven\repository\org\eclipse\jetty\jetty-util-ajax\9.4.38.v20210224\jetty-util-ajax-9.4.38.v20210224.jar;D:\mysoft\maven\repository\org\eclipse\jetty\jetty-client\9.4.38.v20210224\jetty-client-9.4.38.v20210224.jar;D:\mysoft\maven\repository\com\fasterxml\jackson\core\jackson-databind\2.10.5.1\jackson-databind-2.10.5.1.jar;D:\mysoft\maven\repository\com\fasterxml\jackson\core\jackson-annotations\2.10.5\jackson-annotations-2.10.5.jar;D:\mysoft\maven\repository\com\fasterxml\jackson\core\jackson-core\2.10.5\jackson-core-2.10.5.jar;D:\mysoft\maven\repository\org\bouncycastle\bcprov-jdk15on\1.60\bcprov-jdk15on-1.60.jar;D:\mysoft\maven\repository\org\bouncycastle\bcpkix-jdk15on\1.60\bcpkix-jdk15on-1.60.jar;D:\mysoft\maven\repository\jline\jline\2.14.6\jline-2.14.6.jar;D:\mysoft\maven\repository\io\dropwizard\metrics\metrics-core\4.1.12.1\metrics-core-4.1.12.1.jar;D:\mysoft\maven\repository\log4j\log4j\1.2.17\log4j-1.2.17.jar;D:\mysoft\maven\repository\org\apache\kerby\kerb-core\2.0.0\kerb-core-2.0.0.jar;D:\mysoft\maven\repository\org\apache\kerby\kerby-pkix\2.0.0\kerby-pkix-2.0.0.jar;D:\mysoft\maven\repository\org\apache\kerby\kerby-asn1\2.0.0\kerby-asn1-2.0.0.jar;D:\mysoft\maven\repository\org\apache\kerby\kerby-util\2.0.0\kerby-util-2.0.0.jar;D:\mysoft\maven\repository\org\apache\kerby\kerb-simplekdc\2.0.0\kerb-simplekdc-2.0.0.jar;D:\mysoft\maven\repository\org\apache\kerby\kerb-client\2.0.0\kerb-client-2.0.0.jar;D:\mysoft\maven\repository\org\apache\kerby\kerb-common\2.0.0\kerb-common-2.0.0.jar;D:\mysoft\maven\repository\org\apache\kerby\kerb-crypto\2.0.0\kerb-crypto-2.0.0.jar;D:\mysoft\maven\repository\commons-io\commons-io\2.6\commons-io-2.6.jar;D:\mysoft\maven\repository\org\apache\kerby\kerb-util\2.0.0\kerb-util-2.0.0.jar;D:\mysoft\maven\repository\org\apache\kerby\token-provider\2.0.0\token-provider-2.0.0.jar;D:\mysoft\maven\repository\com\nimbusds\nimbus-jose-jwt\4.41.2\nimbus-jose-jwt-4.41.2.jar;D:\mysoft\maven\repository\com\github\stephenc\jcip\jcip-annotations\1.0-1\jcip-annotations-1.0-1.jar;D:\mysoft\maven\repository\net\minidev\json-smart\2.3\json-smart-2.3.jar;D:\mysoft\maven\repository\net\minidev\accessors-smart\1.2\accessors-smart-1.2.jar;D:\mysoft\maven\repository\org\ow2\asm\asm\5.0.4\asm-5.0.4.jar;D:\mysoft\maven\repository\org\apache\kerby\kerb-admin\2.0.0\kerb-admin-2.0.0.jar;D:\mysoft\maven\repository\org\apache\kerby\kerb-server\2.0.0\kerb-server-2.0.0.jar;D:\mysoft\maven\repository\org\apache\kerby\kerb-identity\2.0.0\kerb-identity-2.0.0.jar;D:\mysoft\maven\repository\org\apache\kerby\kerby-xdr\2.0.0\kerby-xdr-2.0.0.jar;D:\mysoft\maven\repository\org\apache\kerby\kerby-config\2.0.0\kerby-config-2.0.0.jar;D:\mysoft\maven\repository\org\mockito\mockito-core\3.6.28\mockito-core-3.6.28.jar;D:\mysoft\maven\repository\net\bytebuddy\byte-buddy\1.10.18\byte-buddy-1.10.18.jar;D:\mysoft\maven\repository\net\bytebuddy\byte-buddy-agent\1.10.18\byte-buddy-agent-1.10.18.jar;D:\mysoft\maven\repository\org\objenesis\objenesis\3.1\objenesis-3.1.jar;D:\mysoft\maven\repository\org\jmockit\jmockit\1.48\jmockit-1.48.jar;D:\mysoft\maven\repository\org\junit\jupiter\junit-jupiter-api\5.6.2\junit-jupiter-api-5.6.2.jar;D:\mysoft\maven\repository\org\apiguardian\apiguardian-api\1.1.0\apiguardian-api-1.1.0.jar;D:\mysoft\maven\repository\org\opentest4j\opentest4j\1.2.0\opentest4j-1.2.0.jar;D:\mysoft\maven\repository\org\junit\platform\junit-platform-commons\1.6.2\junit-platform-commons-1.6.2.jar;D:\mysoft\maven\repository\org\junit\jupiter\junit-jupiter-engine\5.6.2\junit-jupiter-engine-5.6.2.jar;D:\mysoft\maven\repository\org\junit\platform\junit-platform-engine\1.6.2\junit-platform-engine-1.6.2.jar;D:\mysoft\maven\repository\org\junit\jupiter\junit-jupiter-params\5.6.2\junit-jupiter-params-5.6.2.jar;D:\mysoft\maven\repository\org\junit\platform\junit-platform-runner\1.6.2\junit-platform-runner-1.6.2.jar;D:\mysoft\maven\repository\junit\junit\4.13\junit-4.13.jar;D:\mysoft\maven\repository\org\junit\platform\junit-platform-launcher\1.6.2\junit-platform-launcher-1.6.2.jar;D:\mysoft\maven\repository\org\junit\platform\junit-platform-suite-api\1.6.2\junit-platform-suite-api-1.6.2.jar;D:\mysoft\maven\repository\org\xerial\snappy\snappy-java\1.1.7.7\snappy-java-1.1.7.7.jar;
2021-11-08 11:09:07,732 [myid:2] - INFO  [Thread-3:Environment@98] - Server environment:java.library.path=C:\Program Files\Java\jdk1.8.0_31\jre\bin;C:\WINDOWS\Sun\Java\bin;C:\WINDOWS\system32;C:\WINDOWS;C:\Program Files\Java\jdk1.8.0_31\jre\bin;C:\Python39\Scripts\;C:\Python39\;C:\Python27\;C:\Python27\Scripts;C:\Program Files (x86)\Intel\Intel(R) Management Engine Components\iCLS\;C:\Program Files\Intel\Intel(R) Management Engine Components\iCLS\;C:\WINDOWS\system32;C:\WINDOWS;C:\WINDOWS\System32\Wbem;C:\WINDOWS\System32\WindowsPowerShell\v1.0\;C:\WINDOWS\System32\OpenSSH\;C:\Program Files (x86)\Intel\Intel(R) Management Engine Components\DAL;C:\Program Files\Intel\Intel(R) Management Engine Components\DAL;C:\Program Files\TortoiseSVN\bin;C:\Program Files\Java\jdk1.8.0_31\bin;D:\soft\Git\cmd;D:\mysoft\maven\apache-maven-3.6.1\bin;C:\ProgramData\chocolatey\bin;C:\Program Files\nodejs\;D:\mysoft\gradle-7.0\bin;C:\ProgramData\Oracle\Java\javapath;C:\Program Files\OpenVPN\bin;C:\Users\faisco\AppData\Local\Microsoft\WindowsApps;;D:\soft\Microsoft VS Code\bin;D:\soft\PyCharm Community Edition 2019.1.3\bin;;D:\soft\PyCharm 2019.2.3\bin;;C:\Users\faisco\AppData\Local\Microsoft\WindowsApps;C:\Program Files\JetBrains\IntelliJ IDEA 2020.1\bin;;C:\Program Files\JetBrains\IntelliJ IDEA Community Edition 2020.1.3\bin;;C:\Users\faisco\AppData\Roaming\npm;.
2021-11-08 11:09:07,732 [myid:2] - INFO  [Thread-3:Environment@98] - Server environment:java.io.tmpdir=C:\Users\faisco\AppData\Local\Temp\
2021-11-08 11:09:07,732 [myid:2] - INFO  [Thread-3:Environment@98] - Server environment:java.compiler=<NA>
2021-11-08 11:09:07,732 [myid:2] - INFO  [Thread-3:Environment@98] - Server environment:os.name=Windows 8.1
2021-11-08 11:09:07,732 [myid:2] - INFO  [Thread-3:Environment@98] - Server environment:os.arch=amd64
2021-11-08 11:09:07,732 [myid:2] - INFO  [Thread-3:Environment@98] - Server environment:os.version=6.3
2021-11-08 11:09:07,732 [myid:2] - INFO  [Thread-3:Environment@98] - Server environment:user.name=faisco
2021-11-08 11:09:07,732 [myid:2] - INFO  [Thread-3:Environment@98] - Server environment:user.home=C:\Users\faisco
2021-11-08 11:09:07,732 [myid:2] - INFO  [Thread-3:Environment@98] - Server environment:user.dir=D:\mysoft\faiscoGit\myStudy\ZooKeeperLearning\apache-zookeeper-3.7.0\zookeeper-server
2021-11-08 11:09:07,732 [myid:2] - INFO  [Thread-3:Environment@98] - Server environment:os.memory.free=221MB
2021-11-08 11:09:07,732 [myid:2] - INFO  [Thread-3:Environment@98] - Server environment:os.memory.max=455MB
2021-11-08 11:09:07,732 [myid:2] - INFO  [Thread-3:Environment@98] - Server environment:os.memory.total=243MB
2021-11-08 11:09:07,732 [myid:2] - INFO  [Thread-3:ZooKeeperServer@138] - zookeeper.enableEagerACLCheck = false
2021-11-08 11:09:07,732 [myid:2] - INFO  [Thread-3:ZooKeeperServer@151] - zookeeper.digest.enabled = true
2021-11-08 11:09:07,733 [myid:2] - INFO  [Thread-3:ZooKeeperServer@155] - zookeeper.closeSessionTxn.enabled = true
2021-11-08 11:09:07,733 [myid:2] - INFO  [Thread-3:ZooKeeperServer@1499] - zookeeper.flushDelay=0
2021-11-08 11:09:07,733 [myid:2] - INFO  [Thread-3:ZooKeeperServer@1508] - zookeeper.maxWriteQueuePollTime=0
2021-11-08 11:09:07,733 [myid:2] - INFO  [Thread-3:ZooKeeperServer@1517] - zookeeper.maxBatchSize=1000
2021-11-08 11:09:07,733 [myid:2] - INFO  [Thread-3:ZooKeeperServer@260] - zookeeper.intBufferStartingSizeBytes = 1024
2021-11-08 11:09:07,739 [myid:1] - INFO  [Thread-2:WatchManagerFactory@42] - Using org.apache.zookeeper.server.watch.WatchManager as watch manager
2021-11-08 11:09:07,739 [myid:1] - INFO  [Thread-2:WatchManagerFactory@42] - Using org.apache.zookeeper.server.watch.WatchManager as watch manager
2021-11-08 11:09:07,739 [myid:1] - INFO  [Thread-2:ZKDatabase@133] - zookeeper.snapshotSizeFactor = 0.33
2021-11-08 11:09:07,739 [myid:0] - INFO  [Thread-1:WatchManagerFactory@42] - Using org.apache.zookeeper.server.watch.WatchManager as watch manager
2021-11-08 11:09:07,740 [myid:0] - INFO  [Thread-1:WatchManagerFactory@42] - Using org.apache.zookeeper.server.watch.WatchManager as watch manager
2021-11-08 11:09:07,739 [myid:2] - INFO  [Thread-3:WatchManagerFactory@42] - Using org.apache.zookeeper.server.watch.WatchManager as watch manager
2021-11-08 11:09:07,740 [myid:0] - INFO  [Thread-1:ZKDatabase@133] - zookeeper.snapshotSizeFactor = 0.33
2021-11-08 11:09:07,740 [myid:0] - INFO  [Thread-1:ZKDatabase@153] - zookeeper.commitLogCount=500
2021-11-08 11:09:07,739 [myid:1] - INFO  [Thread-2:ZKDatabase@153] - zookeeper.commitLogCount=500
2021-11-08 11:09:07,740 [myid:2] - INFO  [Thread-3:WatchManagerFactory@42] - Using org.apache.zookeeper.server.watch.WatchManager as watch manager
2021-11-08 11:09:07,740 [myid:2] - INFO  [Thread-3:ZKDatabase@133] - zookeeper.snapshotSizeFactor = 0.33
2021-11-08 11:09:07,740 [myid:2] - INFO  [Thread-3:ZKDatabase@153] - zookeeper.commitLogCount=500
2021-11-08 11:09:07,747 [myid:2] - INFO  [Thread-3:QuorumPeer@2066] - Using insecure (non-TLS) quorum communication
2021-11-08 11:09:07,747 [myid:2] - INFO  [Thread-3:QuorumPeer@2072] - Port unification disabled
2021-11-08 11:09:07,747 [myid:0] - INFO  [Thread-1:QuorumPeer@2066] - Using insecure (non-TLS) quorum communication
2021-11-08 11:09:07,747 [myid:0] - INFO  [Thread-1:QuorumPeer@2072] - Port unification disabled
2021-11-08 11:09:07,747 [myid:0] - INFO  [Thread-1:QuorumPeer@179] - multiAddress.enabled set to false
2021-11-08 11:09:07,747 [myid:1] - INFO  [Thread-2:QuorumPeer@2066] - Using insecure (non-TLS) quorum communication
2021-11-08 11:09:07,747 [myid:1] - INFO  [Thread-2:QuorumPeer@2072] - Port unification disabled
2021-11-08 11:09:07,747 [myid:1] - INFO  [Thread-2:QuorumPeer@179] - multiAddress.enabled set to false
2021-11-08 11:09:07,747 [myid:1] - INFO  [Thread-2:QuorumPeer@204] - multiAddress.reachabilityCheckEnabled set to true
2021-11-08 11:09:07,747 [myid:0] - INFO  [Thread-1:QuorumPeer@204] - multiAddress.reachabilityCheckEnabled set to true
2021-11-08 11:09:07,747 [myid:2] - INFO  [Thread-3:QuorumPeer@179] - multiAddress.enabled set to false
2021-11-08 11:09:07,748 [myid:0] - INFO  [Thread-1:QuorumPeer@191] - multiAddress.reachabilityCheckTimeoutMs set to 1000
2021-11-08 11:09:07,747 [myid:1] - INFO  [Thread-2:QuorumPeer@191] - multiAddress.reachabilityCheckTimeoutMs set to 1000
2021-11-08 11:09:07,748 [myid:0] - INFO  [Thread-1:QuorumPeer@2527] - QuorumPeer communication is not secured! (SASL auth disabled)
2021-11-08 11:09:07,748 [myid:2] - INFO  [Thread-3:QuorumPeer@204] - multiAddress.reachabilityCheckEnabled set to true
2021-11-08 11:09:07,748 [myid:0] - INFO  [Thread-1:QuorumPeer@2552] - quorum.cnxn.threads.size set to 20
2021-11-08 11:09:07,748 [myid:1] - INFO  [Thread-2:QuorumPeer@2527] - QuorumPeer communication is not secured! (SASL auth disabled)
2021-11-08 11:09:07,748 [myid:2] - INFO  [Thread-3:QuorumPeer@191] - multiAddress.reachabilityCheckTimeoutMs set to 1000
2021-11-08 11:09:07,748 [myid:2] - INFO  [Thread-3:QuorumPeer@2527] - QuorumPeer communication is not secured! (SASL auth disabled)
2021-11-08 11:09:07,748 [myid:2] - INFO  [Thread-3:QuorumPeer@2552] - quorum.cnxn.threads.size set to 20
2021-11-08 11:09:07,748 [myid:1] - INFO  [Thread-2:QuorumPeer@2552] - quorum.cnxn.threads.size set to 20
2021-11-08 11:09:07,749 [myid:0] - INFO  [Thread-1:FileTxnSnapLog@260] - Initialize file found, an empty database will not block voting participation
2021-11-08 11:09:07,749 [myid:1] - INFO  [Thread-2:FileTxnSnapLog@260] - Initialize file found, an empty database will not block voting participation
2021-11-08 11:09:07,750 [myid:2] - INFO  [Thread-3:FileTxnSnapLog@260] - Initialize file found, an empty database will not block voting participation
2021-11-08 11:09:07,763 [myid:2] - INFO  [Thread-3:SnapStream@61] - zookeeper.snapshot.compression.method = CHECKED
2021-11-08 11:09:07,764 [myid:2] - INFO  [Thread-3:FileTxnSnapLog@479] - Snapshotting: 0x0 to D:\mysoft\faiscoGit\myStudy\ZooKeeperLearning\apache-zookeeper-3.7.0\zookeeper-server\target\surefire\test5579668075380062502.junit.dir\data\version-2\snapshot.0
2021-11-08 11:09:07,764 [myid:0] - INFO  [Thread-1:FileTxnSnapLog@479] - Snapshotting: 0x0 to D:\mysoft\faiscoGit\myStudy\ZooKeeperLearning\apache-zookeeper-3.7.0\zookeeper-server\target\surefire\test29306962596136479.junit.dir\data\version-2\snapshot.0
2021-11-08 11:09:07,764 [myid:1] - INFO  [Thread-2:FileTxnSnapLog@479] - Snapshotting: 0x0 to D:\mysoft\faiscoGit\myStudy\ZooKeeperLearning\apache-zookeeper-3.7.0\zookeeper-server\target\surefire\test6563239305613020678.junit.dir\data\version-2\snapshot.0
2021-11-08 11:09:07,769 [myid:1] - INFO  [Thread-2:ZKDatabase@290] - Snapshot loaded in 21 ms, highest zxid is 0x0, digest is 1371985504
2021-11-08 11:09:07,769 [myid:2] - INFO  [Thread-3:ZKDatabase@290] - Snapshot loaded in 21 ms, highest zxid is 0x0, digest is 1371985504
2021-11-08 11:09:07,769 [myid:0] - INFO  [Thread-1:ZKDatabase@290] - Snapshot loaded in 21 ms, highest zxid is 0x0, digest is 1371985504
2021-11-08 11:09:07,769 [myid:1] - INFO  [Thread-2:QuorumPeer@1157] - currentEpoch not found! Creating with a reasonable default of 0. This should only happen when you are upgrading your installation
2021-11-08 11:09:07,769 [myid:0] - INFO  [Thread-1:QuorumPeer@1157] - currentEpoch not found! Creating with a reasonable default of 0. This should only happen when you are upgrading your installation
2021-11-08 11:09:07,770 [myid:2] - INFO  [Thread-3:QuorumPeer@1157] - currentEpoch not found! Creating with a reasonable default of 0. This should only happen when you are upgrading your installation
2021-11-08 11:09:07,778 [myid:0] - INFO  [Thread-1:QuorumPeer@1177] - acceptedEpoch not found! Creating with a reasonable default of 0. This should only happen when you are upgrading your installation
2021-11-08 11:09:07,788 [myid:2] - INFO  [Thread-3:QuorumPeer@1177] - acceptedEpoch not found! Creating with a reasonable default of 0. This should only happen when you are upgrading your installation
2021-11-08 11:09:07,796 [myid:1] - INFO  [Thread-2:QuorumPeer@1177] - acceptedEpoch not found! Creating with a reasonable default of 0. This should only happen when you are upgrading your installation
2021-11-08 11:09:07,796 [myid:2] - INFO  [Thread-3:QuorumPeer@2569] - Using 20000ms as the quorum cnxn socket timeout
2021-11-08 11:09:07,798 [myid:0] - INFO  [Thread-1:QuorumPeer@2569] - Using 20000ms as the quorum cnxn socket timeout
2021-11-08 11:09:07,840 [myid:1] - INFO  [Thread-2:QuorumPeer@2569] - Using 20000ms as the quorum cnxn socket timeout
2021-11-08 11:09:07,890 [myid:2] - INFO  [Thread-3:QuorumCnxManager$Listener@924] - Election port bind maximum retries is 3
2021-11-08 11:09:07,891 [myid:2] - INFO  [Thread-3:FastLeaderElection@89] - zookeeper.fastleader.minNotificationInterval=200
2021-11-08 11:09:07,892 [myid:2] - INFO  [Thread-3:FastLeaderElection@91] - zookeeper.fastleader.maxNotificationInterval=60000
2021-11-08 11:09:07,894 [myid:2] - INFO  [Thread-3:ZKAuditProvider@42] - ZooKeeper audit is disabled.
2021-11-08 11:09:07,895 [myid:0] - INFO  [Thread-1:QuorumCnxManager$Listener@924] - Election port bind maximum retries is 3
2021-11-08 11:09:07,914 [myid:1] - INFO  [Thread-2:QuorumCnxManager$Listener@924] - Election port bind maximum retries is 3
2021-11-08 11:09:07,931 [myid:0] - INFO  [NIOWorkerThread-2:FourLetterCommands@223] - The list of known four letter word commands is : [{1936881266=srvr, 1937006964=stat, 2003003491=wchc, 1685417328=dump, 1668445044=crst, 1936880500=srst, 1701738089=envi, 1668247142=conf, -720899=telnet close, 1751217000=hash, 2003003507=wchs, 2003003504=wchp, 1684632179=dirs, 1668247155=cons, 1835955314=mntr, 1769173615=isro, 1920298859=ruok, 1735683435=gtmk, 1937010027=stmk}]
2021-11-08 11:09:07,931 [myid:0] - INFO  [NIOWorkerThread-2:FourLetterCommands@224] - The list of enabled four letter word commands is : [[wchs, stat, wchp, dirs, stmk, conf, ruok, mntr, srvr, wchc, envi, srst, isro, dump, gtmk, telnet close, crst, hash, cons]]
2021-11-08 11:09:07,932 [myid:0] - INFO  [NIOWorkerThread-2:NIOServerCnxn@514] - Processing stat command from /127.0.0.1:3653
2021-11-08 11:09:07,932 [myid:0] - INFO  [NIOWorkerThread-1:NIOServerCnxn@514] - Processing stat command from /127.0.0.1:3434
2021-11-08 11:09:07,957 [myid:2] - INFO  [QuorumPeer[myid=2](plain=127.0.0.1:24693)(secure=disabled):QuorumPeer@1430] - LOOKING
2021-11-08 11:09:07,977 [myid:0] - INFO  [QuorumPeer[myid=0](plain=127.0.0.1:24687)(secure=disabled):QuorumPeer@1430] - LOOKING
2021-11-08 11:09:07,977 [myid:0] - INFO  [ListenerHandler-/127.0.0.1:24689:QuorumCnxManager$Listener$ListenerHandler@1066] - 0 is accepting connections now, my election bind port: /127.0.0.1:24689
2021-11-08 11:09:07,977 [myid:2] - INFO  [ListenerHandler-/127.0.0.1:24695:QuorumCnxManager$Listener$ListenerHandler@1066] - 2 is accepting connections now, my election bind port: /127.0.0.1:24695
2021-11-08 11:09:07,977 [myid:1] - INFO  [ListenerHandler-/127.0.0.1:24692:QuorumCnxManager$Listener$ListenerHandler@1066] - 1 is accepting connections now, my election bind port: /127.0.0.1:24692
2021-11-08 11:09:07,977 [myid:1] - INFO  [QuorumPeer[myid=1](plain=127.0.0.1:24690)(secure=disabled):QuorumPeer@1430] - LOOKING
2021-11-08 11:09:07,978 [myid:0] - INFO  [QuorumPeer[myid=0](plain=127.0.0.1:24687)(secure=disabled):FastLeaderElection@947] - New election. My id = 0, proposed zxid=0x0
2021-11-08 11:09:07,978 [myid:2] - INFO  [QuorumPeer[myid=2](plain=127.0.0.1:24693)(secure=disabled):FastLeaderElection@947] - New election. My id = 2, proposed zxid=0x0
2021-11-08 11:09:07,978 [myid:1] - INFO  [QuorumPeer[myid=1](plain=127.0.0.1:24690)(secure=disabled):FastLeaderElection@947] - New election. My id = 1, proposed zxid=0x0
2021-11-08 11:09:07,983 [myid:0] - INFO  [WorkerReceiver[myid=0]:FastLeaderElection$Messenger$WorkerReceiver@390] - Notification: my state:LOOKING; n.sid:0, n.state:LOOKING, n.leader:0, n.round:0x1, n.peerEpoch:0x0, n.zxid:0x0, message format version:0x2, n.config version:0x0
2021-11-08 11:09:07,984 [myid:2] - INFO  [WorkerReceiver[myid=2]:FastLeaderElection$Messenger$WorkerReceiver@390] - Notification: my state:LOOKING; n.sid:2, n.state:LOOKING, n.leader:2, n.round:0x1, n.peerEpoch:0x0, n.zxid:0x0, message format version:0x2, n.config version:0x0
2021-11-08 11:09:07,984 [myid:1] - INFO  [WorkerReceiver[myid=1]:FastLeaderElection$Messenger$WorkerReceiver@390] - Notification: my state:LOOKING; n.sid:1, n.state:LOOKING, n.leader:1, n.round:0x1, n.peerEpoch:0x0, n.zxid:0x0, message format version:0x2, n.config version:0x0
2021-11-08 11:09:07,992 [myid:1] - INFO  [ListenerHandler-/127.0.0.1:24692:QuorumCnxManager$Listener$ListenerHandler@1071] - Received connection request from /127.0.0.1:2146
2021-11-08 11:09:07,993 [myid:0] - INFO  [QuorumConnectionThread-[myid=0]-1:QuorumCnxManager@514] - Have smaller server identifier, so dropping the connection: (myId:0 --> sid:1)
2021-11-08 11:09:08,001 [myid:0] - INFO  [QuorumConnectionThread-[myid=0]-2:QuorumCnxManager@514] - Have smaller server identifier, so dropping the connection: (myId:0 --> sid:2)
2021-11-08 11:09:08,002 [myid:1] - INFO  [QuorumConnectionThread-[myid=1]-2:QuorumCnxManager@514] - Have smaller server identifier, so dropping the connection: (myId:1 --> sid:2)
2021-11-08 11:09:08,002 [myid:2] - INFO  [ListenerHandler-/127.0.0.1:24695:QuorumCnxManager$Listener$ListenerHandler@1071] - Received connection request from /127.0.0.1:2147
2021-11-08 11:09:08,021 [myid:0] - INFO  [ListenerHandler-/127.0.0.1:24689:QuorumCnxManager$Listener$ListenerHandler@1071] - Received connection request from /127.0.0.1:2153
2021-11-08 11:09:08,025 [myid:2] - INFO  [ListenerHandler-/127.0.0.1:24695:QuorumCnxManager$Listener$ListenerHandler@1071] - Received connection request from /127.0.0.1:2152
2021-11-08 11:09:08,029 [myid:0] - INFO  [ListenerHandler-/127.0.0.1:24689:QuorumCnxManager$Listener$ListenerHandler@1071] - Received connection request from /127.0.0.1:2154
2021-11-08 11:09:08,030 [myid:2] - WARN  [RecvWorker:1:QuorumCnxManager$RecvWorker@1397] - Connection broken for id 1, my id = 2
java.net.SocketException: Socket closed
	at java.net.SocketInputStream.socketRead0(Native Method)
	at java.net.SocketInputStream.read(SocketInputStream.java:150)
	at java.net.SocketInputStream.read(SocketInputStream.java:121)
	at java.io.BufferedInputStream.fill(BufferedInputStream.java:246)
	at java.io.BufferedInputStream.read(BufferedInputStream.java:265)
	at java.io.DataInputStream.readInt(DataInputStream.java:387)
	at org.apache.zookeeper.server.quorum.QuorumCnxManager$RecvWorker.run(QuorumCnxManager.java:1385)
2021-11-08 11:09:08,030 [myid:2] - WARN  [RecvWorker:1:QuorumCnxManager$RecvWorker@1403] - Interrupting SendWorker thread from RecvWorker. sid: 1. myId: 2
2021-11-08 11:09:08,030 [myid:1] - WARN  [RecvWorker:0:QuorumCnxManager$RecvWorker@1397] - Connection broken for id 0, my id = 1
java.net.SocketException: Socket closed
	at java.net.SocketInputStream.socketRead0(Native Method)
	at java.net.SocketInputStream.read(SocketInputStream.java:150)
	at java.net.SocketInputStream.read(SocketInputStream.java:121)
	at java.io.BufferedInputStream.fill(BufferedInputStream.java:246)
	at java.io.BufferedInputStream.read(BufferedInputStream.java:265)
	at java.io.DataInputStream.readInt(DataInputStream.java:387)
	at org.apache.zookeeper.server.quorum.QuorumCnxManager$RecvWorker.run(QuorumCnxManager.java:1385)
2021-11-08 11:09:08,030 [myid:1] - WARN  [RecvWorker:0:QuorumCnxManager$RecvWorker@1403] - Interrupting SendWorker thread from RecvWorker. sid: 0. myId: 1
2021-11-08 11:09:08,032 [myid:2] - INFO  [WorkerReceiver[myid=2]:FastLeaderElection$Messenger$WorkerReceiver@390] - Notification: my state:LOOKING; n.sid:0, n.state:LOOKING, n.leader:0, n.round:0x1, n.peerEpoch:0x0, n.zxid:0x0, message format version:0x2, n.config version:0x0
2021-11-08 11:09:08,033 [myid:0] - WARN  [RecvWorker:1:QuorumCnxManager$RecvWorker@1397] - Connection broken for id 1, my id = 0
java.io.EOFException
	at java.io.DataInputStream.readInt(DataInputStream.java:392)
	at org.apache.zookeeper.server.quorum.QuorumCnxManager$RecvWorker.run(QuorumCnxManager.java:1385)
2021-11-08 11:09:08,033 [myid:0] - WARN  [RecvWorker:1:QuorumCnxManager$RecvWorker@1403] - Interrupting SendWorker thread from RecvWorker. sid: 1. myId: 0
2021-11-08 11:09:08,033 [myid:0] - WARN  [SendWorker:1:QuorumCnxManager$SendWorker@1287] - Exception when using channel: for id 1 my id = 0
java.net.SocketException: Software caused connection abort: socket write error
	at java.net.SocketOutputStream.socketWrite0(Native Method)
	at java.net.SocketOutputStream.socketWrite(SocketOutputStream.java:109)
	at java.net.SocketOutputStream.write(SocketOutputStream.java:132)
	at java.io.DataOutputStream.writeInt(DataOutputStream.java:198)
	at org.apache.zookeeper.server.quorum.QuorumCnxManager$SendWorker.send(QuorumCnxManager.java:1229)
	at org.apache.zookeeper.server.quorum.QuorumCnxManager$SendWorker.run(QuorumCnxManager.java:1280)
2021-11-08 11:09:08,037 [myid:1] - WARN  [SendWorker:0:QuorumCnxManager$SendWorker@1295] - Send worker leaving thread id 0 my id = 1
2021-11-08 11:09:08,038 [myid:0] - INFO  [WorkerReceiver[myid=0]:FastLeaderElection$Messenger$WorkerReceiver@390] - Notification: my state:LOOKING; n.sid:2, n.state:LOOKING, n.leader:2, n.round:0x1, n.peerEpoch:0x0, n.zxid:0x0, message format version:0x2, n.config version:0x0
2021-11-08 11:09:08,038 [myid:2] - WARN  [SendWorker:1:QuorumCnxManager$SendWorker@1287] - Exception when using channel: for id 1 my id = 2
java.net.SocketException: Socket closed
	at java.net.SocketOutputStream.socketWrite(SocketOutputStream.java:116)
	at java.net.SocketOutputStream.write(SocketOutputStream.java:132)
	at java.io.DataOutputStream.writeInt(DataOutputStream.java:197)
	at org.apache.zookeeper.server.quorum.QuorumCnxManager$SendWorker.send(QuorumCnxManager.java:1229)
	at org.apache.zookeeper.server.quorum.QuorumCnxManager$SendWorker.run(QuorumCnxManager.java:1280)
2021-11-08 11:09:08,039 [myid:2] - WARN  [SendWorker:1:QuorumCnxManager$SendWorker@1295] - Send worker leaving thread id 1 my id = 2
2021-11-08 11:09:08,039 [myid:0] - INFO  [ListenerHandler-/127.0.0.1:24689:QuorumCnxManager$Listener$ListenerHandler@1071] - Received connection request from /127.0.0.1:2155
2021-11-08 11:09:08,033 [myid:1] - INFO  [ListenerHandler-/127.0.0.1:24692:QuorumCnxManager$Listener$ListenerHandler@1071] - Received connection request from /127.0.0.1:2151
2021-11-08 11:09:08,038 [myid:0] - WARN  [SendWorker:1:QuorumCnxManager$SendWorker@1295] - Send worker leaving thread id 1 my id = 0
2021-11-08 11:09:08,061 [myid:1] - INFO  [ListenerHandler-/127.0.0.1:24692:QuorumCnxManager$Listener$ListenerHandler@1071] - Received connection request from /127.0.0.1:2156
2021-11-08 11:09:08,075 [myid:1] - INFO  [WorkerReceiver[myid=1]:FastLeaderElection$Messenger$WorkerReceiver@390] - Notification: my state:LOOKING; n.sid:0, n.state:LOOKING, n.leader:0, n.round:0x1, n.peerEpoch:0x0, n.zxid:0x0, message format version:0x2, n.config version:0x0
2021-11-08 11:09:08,075 [myid:1] - WARN  [RecvWorker:2:QuorumCnxManager$RecvWorker@1403] - Interrupting SendWorker thread from RecvWorker. sid: 2. myId: 1
2021-11-08 11:09:08,089 [myid:1] - WARN  [SendWorker:2:QuorumCnxManager$SendWorker@1295] - Send worker leaving thread id 2 my id = 1
2021-11-08 11:09:08,089 [myid:1] - INFO  [WorkerReceiver[myid=1]:FastLeaderElection$Messenger$WorkerReceiver@390] - Notification: my state:LOOKING; n.sid:0, n.state:LOOKING, n.leader:2, n.round:0x1, n.peerEpoch:0x0, n.zxid:0x0, message format version:0x2, n.config version:0x0
2021-11-08 11:09:08,090 [myid:0] - INFO  [WorkerReceiver[myid=0]:FastLeaderElection$Messenger$WorkerReceiver@390] - Notification: my state:LOOKING; n.sid:0, n.state:LOOKING, n.leader:2, n.round:0x1, n.peerEpoch:0x0, n.zxid:0x0, message format version:0x2, n.config version:0x0
2021-11-08 11:09:08,090 [myid:0] - INFO  [WorkerReceiver[myid=0]:FastLeaderElection$Messenger$WorkerReceiver@390] - Notification: my state:LOOKING; n.sid:1, n.state:LOOKING, n.leader:1, n.round:0x1, n.peerEpoch:0x0, n.zxid:0x0, message format version:0x2, n.config version:0x0
2021-11-08 11:09:08,093 [myid:2] - INFO  [WorkerReceiver[myid=2]:FastLeaderElection$Messenger$WorkerReceiver@390] - Notification: my state:LOOKING; n.sid:0, n.state:LOOKING, n.leader:2, n.round:0x1, n.peerEpoch:0x0, n.zxid:0x0, message format version:0x2, n.config version:0x0
2021-11-08 11:09:08,093 [myid:2] - INFO  [WorkerReceiver[myid=2]:FastLeaderElection$Messenger$WorkerReceiver@390] - Notification: my state:LOOKING; n.sid:1, n.state:LOOKING, n.leader:1, n.round:0x1, n.peerEpoch:0x0, n.zxid:0x0, message format version:0x2, n.config version:0x0
2021-11-08 11:09:08,093 [myid:1] - INFO  [WorkerReceiver[myid=1]:FastLeaderElection$Messenger$WorkerReceiver@390] - Notification: my state:LOOKING; n.sid:2, n.state:LOOKING, n.leader:2, n.round:0x1, n.peerEpoch:0x0, n.zxid:0x0, message format version:0x2, n.config version:0x0
2021-11-08 11:09:08,093 [myid:1] - INFO  [WorkerReceiver[myid=1]:FastLeaderElection$Messenger$WorkerReceiver@390] - Notification: my state:LOOKING; n.sid:1, n.state:LOOKING, n.leader:2, n.round:0x1, n.peerEpoch:0x0, n.zxid:0x0, message format version:0x2, n.config version:0x0
2021-11-08 11:09:08,102 [myid:0] - INFO  [WorkerReceiver[myid=0]:FastLeaderElection$Messenger$WorkerReceiver@390] - Notification: my state:LOOKING; n.sid:1, n.state:LOOKING, n.leader:2, n.round:0x1, n.peerEpoch:0x0, n.zxid:0x0, message format version:0x2, n.config version:0x0
2021-11-08 11:09:08,104 [myid:2] - INFO  [WorkerReceiver[myid=2]:FastLeaderElection$Messenger$WorkerReceiver@390] - Notification: my state:LOOKING; n.sid:1, n.state:LOOKING, n.leader:2, n.round:0x1, n.peerEpoch:0x0, n.zxid:0x0, message format version:0x2, n.config version:0x0
2021-11-08 11:09:08,221 [myid:] - INFO  [main:FourLetterWordMain@94] - connecting to 127.0.0.1 24687
2021-11-08 11:09:08,238 [myid:0] - INFO  [NIOWorkerThread-3:NIOServerCnxn@514] - Processing stat command from /127.0.0.1:2162
2021-11-08 11:09:08,305 [myid:2] - INFO  [QuorumPeer[myid=2](plain=127.0.0.1:24693)(secure=disabled):QuorumPeer@901] - Peer state changed: leading
2021-11-08 11:09:08,313 [myid:2] - INFO  [QuorumPeer[myid=2](plain=127.0.0.1:24693)(secure=disabled):QuorumPeer@1527] - LEADING
2021-11-08 11:09:08,314 [myid:1] - INFO  [QuorumPeer[myid=1](plain=127.0.0.1:24690)(secure=disabled):QuorumPeer@901] - Peer state changed: following
2021-11-08 11:09:08,314 [myid:1] - INFO  [QuorumPeer[myid=1](plain=127.0.0.1:24690)(secure=disabled):QuorumPeer@1512] - FOLLOWING
2021-11-08 11:09:08,314 [myid:0] - INFO  [QuorumPeer[myid=0](plain=127.0.0.1:24687)(secure=disabled):QuorumPeer@901] - Peer state changed: following
2021-11-08 11:09:08,315 [myid:0] - INFO  [QuorumPeer[myid=0](plain=127.0.0.1:24687)(secure=disabled):QuorumPeer@1512] - FOLLOWING
2021-11-08 11:09:08,317 [myid:2] - INFO  [QuorumPeer[myid=2](plain=127.0.0.1:24693)(secure=disabled):LearnerMaster@47] - zookeeper.leader.maxConcurrentSnapSyncs = 10
2021-11-08 11:09:08,317 [myid:2] - INFO  [QuorumPeer[myid=2](plain=127.0.0.1:24693)(secure=disabled):LearnerMaster@50] - zookeeper.leader.maxConcurrentDiffSyncs = 100
2021-11-08 11:09:08,317 [myid:2] - INFO  [QuorumPeer[myid=2](plain=127.0.0.1:24693)(secure=disabled):Leader@87] - TCP NoDelay set to: true
2021-11-08 11:09:08,317 [myid:2] - INFO  [QuorumPeer[myid=2](plain=127.0.0.1:24693)(secure=disabled):Leader@108] - zookeeper.leader.ackLoggingFrequency = 1000
2021-11-08 11:09:08,317 [myid:2] - INFO  [QuorumPeer[myid=2](plain=127.0.0.1:24693)(secure=disabled):Leader@1345] - zookeeper.leader.maxTimeToWaitForEpoch = -1ms
2021-11-08 11:09:08,317 [myid:0] - INFO  [QuorumPeer[myid=0](plain=127.0.0.1:24687)(secure=disabled):Learner@127] - leaderConnectDelayDuringRetryMs: 100
2021-11-08 11:09:08,317 [myid:0] - INFO  [QuorumPeer[myid=0](plain=127.0.0.1:24687)(secure=disabled):Learner@128] - TCP NoDelay set to: true
2021-11-08 11:09:08,317 [myid:0] - INFO  [QuorumPeer[myid=0](plain=127.0.0.1:24687)(secure=disabled):Learner@129] - learner.asyncSending = false
2021-11-08 11:09:08,317 [myid:0] - INFO  [QuorumPeer[myid=0](plain=127.0.0.1:24687)(secure=disabled):Learner@130] - learner.closeSocketAsync = false
2021-11-08 11:09:08,319 [myid:1] - INFO  [QuorumPeer[myid=1](plain=127.0.0.1:24690)(secure=disabled):BlueThrottle@141] - Weighed connection throttling is disabled
2021-11-08 11:09:08,320 [myid:1] - INFO  [QuorumPeer[myid=1](plain=127.0.0.1:24690)(secure=disabled):ZooKeeperServer@1300] - minSessionTimeout set to 8000
2021-11-08 11:09:08,320 [myid:1] - INFO  [QuorumPeer[myid=1](plain=127.0.0.1:24690)(secure=disabled):ZooKeeperServer@1309] - maxSessionTimeout set to 80000
2021-11-08 11:09:08,320 [myid:2] - INFO  [QuorumPeer[myid=2](plain=127.0.0.1:24693)(secure=disabled):ZooKeeperServer@1300] - minSessionTimeout set to 8000
2021-11-08 11:09:08,320 [myid:0] - INFO  [QuorumPeer[myid=0](plain=127.0.0.1:24687)(secure=disabled):ZooKeeperServer@1300] - minSessionTimeout set to 8000
2021-11-08 11:09:08,320 [myid:2] - INFO  [QuorumPeer[myid=2](plain=127.0.0.1:24693)(secure=disabled):ZooKeeperServer@1309] - maxSessionTimeout set to 80000
2021-11-08 11:09:08,320 [myid:0] - INFO  [QuorumPeer[myid=0](plain=127.0.0.1:24687)(secure=disabled):ZooKeeperServer@1309] - maxSessionTimeout set to 80000
2021-11-08 11:09:08,323 [myid:1] - INFO  [QuorumPeer[myid=1](plain=127.0.0.1:24690)(secure=disabled):ResponseCache@45] - getData response cache size is initialized with value 400.
2021-11-08 11:09:08,323 [myid:1] - INFO  [QuorumPeer[myid=1](plain=127.0.0.1:24690)(secure=disabled):ResponseCache@45] - getChildren response cache size is initialized with value 400.
2021-11-08 11:09:08,323 [myid:0] - INFO  [QuorumPeer[myid=0](plain=127.0.0.1:24687)(secure=disabled):ResponseCache@45] - getData response cache size is initialized with value 400.
2021-11-08 11:09:08,324 [myid:0] - INFO  [QuorumPeer[myid=0](plain=127.0.0.1:24687)(secure=disabled):ResponseCache@45] - getChildren response cache size is initialized with value 400.
2021-11-08 11:09:08,323 [myid:2] - INFO  [QuorumPeer[myid=2](plain=127.0.0.1:24693)(secure=disabled):ResponseCache@45] - getData response cache size is initialized with value 400.
2021-11-08 11:09:08,324 [myid:2] - INFO  [QuorumPeer[myid=2](plain=127.0.0.1:24693)(secure=disabled):ResponseCache@45] - getChildren response cache size is initialized with value 400.
2021-11-08 11:09:08,325 [myid:1] - INFO  [QuorumPeer[myid=1](plain=127.0.0.1:24690)(secure=disabled):RequestPathMetricsCollector@109] - zookeeper.pathStats.slotCapacity = 60
2021-11-08 11:09:08,325 [myid:1] - INFO  [QuorumPeer[myid=1](plain=127.0.0.1:24690)(secure=disabled):RequestPathMetricsCollector@110] - zookeeper.pathStats.slotDuration = 15
2021-11-08 11:09:08,325 [myid:1] - INFO  [QuorumPeer[myid=1](plain=127.0.0.1:24690)(secure=disabled):RequestPathMetricsCollector@111] - zookeeper.pathStats.maxDepth = 6
2021-11-08 11:09:08,325 [myid:1] - INFO  [QuorumPeer[myid=1](plain=127.0.0.1:24690)(secure=disabled):RequestPathMetricsCollector@112] - zookeeper.pathStats.initialDelay = 5
2021-11-08 11:09:08,325 [myid:0] - INFO  [QuorumPeer[myid=0](plain=127.0.0.1:24687)(secure=disabled):RequestPathMetricsCollector@109] - zookeeper.pathStats.slotCapacity = 60
2021-11-08 11:09:08,325 [myid:1] - INFO  [QuorumPeer[myid=1](plain=127.0.0.1:24690)(secure=disabled):RequestPathMetricsCollector@113] - zookeeper.pathStats.delay = 5
2021-11-08 11:09:08,325 [myid:1] - INFO  [QuorumPeer[myid=1](plain=127.0.0.1:24690)(secure=disabled):RequestPathMetricsCollector@114] - zookeeper.pathStats.enabled = false
2021-11-08 11:09:08,325 [myid:0] - INFO  [QuorumPeer[myid=0](plain=127.0.0.1:24687)(secure=disabled):RequestPathMetricsCollector@110] - zookeeper.pathStats.slotDuration = 15
2021-11-08 11:09:08,325 [myid:2] - INFO  [QuorumPeer[myid=2](plain=127.0.0.1:24693)(secure=disabled):RequestPathMetricsCollector@109] - zookeeper.pathStats.slotCapacity = 60
2021-11-08 11:09:08,326 [myid:2] - INFO  [QuorumPeer[myid=2](plain=127.0.0.1:24693)(secure=disabled):RequestPathMetricsCollector@110] - zookeeper.pathStats.slotDuration = 15
2021-11-08 11:09:08,326 [myid:2] - INFO  [QuorumPeer[myid=2](plain=127.0.0.1:24693)(secure=disabled):RequestPathMetricsCollector@111] - zookeeper.pathStats.maxDepth = 6
2021-11-08 11:09:08,326 [myid:2] - INFO  [QuorumPeer[myid=2](plain=127.0.0.1:24693)(secure=disabled):RequestPathMetricsCollector@112] - zookeeper.pathStats.initialDelay = 5
2021-11-08 11:09:08,326 [myid:0] - INFO  [QuorumPeer[myid=0](plain=127.0.0.1:24687)(secure=disabled):RequestPathMetricsCollector@111] - zookeeper.pathStats.maxDepth = 6
2021-11-08 11:09:08,326 [myid:0] - INFO  [QuorumPeer[myid=0](plain=127.0.0.1:24687)(secure=disabled):RequestPathMetricsCollector@112] - zookeeper.pathStats.initialDelay = 5
2021-11-08 11:09:08,326 [myid:0] - INFO  [QuorumPeer[myid=0](plain=127.0.0.1:24687)(secure=disabled):RequestPathMetricsCollector@113] - zookeeper.pathStats.delay = 5
2021-11-08 11:09:08,327 [myid:0] - INFO  [QuorumPeer[myid=0](plain=127.0.0.1:24687)(secure=disabled):RequestPathMetricsCollector@114] - zookeeper.pathStats.enabled = false
2021-11-08 11:09:08,326 [myid:2] - INFO  [QuorumPeer[myid=2](plain=127.0.0.1:24693)(secure=disabled):RequestPathMetricsCollector@113] - zookeeper.pathStats.delay = 5
2021-11-08 11:09:08,327 [myid:2] - INFO  [QuorumPeer[myid=2](plain=127.0.0.1:24693)(secure=disabled):RequestPathMetricsCollector@114] - zookeeper.pathStats.enabled = false
2021-11-08 11:09:08,327 [myid:2] - INFO  [QuorumPeer[myid=2](plain=127.0.0.1:24693)(secure=disabled):ZooKeeperServer@1536] - The max bytes for all large requests are set to 104857600
2021-11-08 11:09:08,327 [myid:2] - INFO  [QuorumPeer[myid=2](plain=127.0.0.1:24693)(secure=disabled):ZooKeeperServer@1550] - The large request threshold is set to -1
2021-11-08 11:09:08,328 [myid:2] - INFO  [QuorumPeer[myid=2](plain=127.0.0.1:24693)(secure=disabled):AuthenticationHelper@66] - zookeeper.enforce.auth.enabled = false
2021-11-08 11:09:08,328 [myid:2] - INFO  [QuorumPeer[myid=2](plain=127.0.0.1:24693)(secure=disabled):AuthenticationHelper@67] - zookeeper.enforce.auth.schemes = []
2021-11-08 11:09:08,328 [myid:2] - INFO  [QuorumPeer[myid=2](plain=127.0.0.1:24693)(secure=disabled):ZooKeeperServer@361] - Created server with tickTime 4000 minSessionTimeout 8000 maxSessionTimeout 80000 clientPortListenBacklog -1 datadir D:\mysoft\faiscoGit\myStudy\ZooKeeperLearning\apache-zookeeper-3.7.0\zookeeper-server\target\surefire\test5579668075380062502.junit.dir\data\version-2 snapdir D:\mysoft\faiscoGit\myStudy\ZooKeeperLearning\apache-zookeeper-3.7.0\zookeeper-server\target\surefire\test5579668075380062502.junit.dir\data\version-2
2021-11-08 11:09:08,327 [myid:0] - INFO  [QuorumPeer[myid=0](plain=127.0.0.1:24687)(secure=disabled):ZooKeeperServer@1536] - The max bytes for all large requests are set to 104857600
2021-11-08 11:09:08,330 [myid:0] - INFO  [QuorumPeer[myid=0](plain=127.0.0.1:24687)(secure=disabled):ZooKeeperServer@1550] - The large request threshold is set to -1
2021-11-08 11:09:08,327 [myid:1] - INFO  [QuorumPeer[myid=1](plain=127.0.0.1:24690)(secure=disabled):ZooKeeperServer@1536] - The max bytes for all large requests are set to 104857600
2021-11-08 11:09:08,330 [myid:1] - INFO  [QuorumPeer[myid=1](plain=127.0.0.1:24690)(secure=disabled):ZooKeeperServer@1550] - The large request threshold is set to -1
2021-11-08 11:09:08,330 [myid:1] - INFO  [QuorumPeer[myid=1](plain=127.0.0.1:24690)(secure=disabled):AuthenticationHelper@66] - zookeeper.enforce.auth.enabled = false
2021-11-08 11:09:08,330 [myid:2] - INFO  [QuorumPeer[myid=2](plain=127.0.0.1:24693)(secure=disabled):Leader@584] - LEADING - LEADER ELECTION TOOK - 352 MS
2021-11-08 11:09:08,330 [myid:0] - INFO  [QuorumPeer[myid=0](plain=127.0.0.1:24687)(secure=disabled):AuthenticationHelper@66] - zookeeper.enforce.auth.enabled = false
2021-11-08 11:09:08,331 [myid:0] - INFO  [QuorumPeer[myid=0](plain=127.0.0.1:24687)(secure=disabled):AuthenticationHelper@67] - zookeeper.enforce.auth.schemes = []
2021-11-08 11:09:08,331 [myid:0] - INFO  [QuorumPeer[myid=0](plain=127.0.0.1:24687)(secure=disabled):ZooKeeperServer@361] - Created server with tickTime 4000 minSessionTimeout 8000 maxSessionTimeout 80000 clientPortListenBacklog -1 datadir D:\mysoft\faiscoGit\myStudy\ZooKeeperLearning\apache-zookeeper-3.7.0\zookeeper-server\target\surefire\test29306962596136479.junit.dir\data\version-2 snapdir D:\mysoft\faiscoGit\myStudy\ZooKeeperLearning\apache-zookeeper-3.7.0\zookeeper-server\target\surefire\test29306962596136479.junit.dir\data\version-2
2021-11-08 11:09:08,332 [myid:0] - INFO  [QuorumPeer[myid=0](plain=127.0.0.1:24687)(secure=disabled):Follower@77] - FOLLOWING - LEADER ELECTION TOOK - 355 MS
2021-11-08 11:09:08,331 [myid:1] - INFO  [QuorumPeer[myid=1](plain=127.0.0.1:24690)(secure=disabled):AuthenticationHelper@67] - zookeeper.enforce.auth.schemes = []
2021-11-08 11:09:08,332 [myid:1] - INFO  [QuorumPeer[myid=1](plain=127.0.0.1:24690)(secure=disabled):ZooKeeperServer@361] - Created server with tickTime 4000 minSessionTimeout 8000 maxSessionTimeout 80000 clientPortListenBacklog -1 datadir D:\mysoft\faiscoGit\myStudy\ZooKeeperLearning\apache-zookeeper-3.7.0\zookeeper-server\target\surefire\test6563239305613020678.junit.dir\data\version-2 snapdir D:\mysoft\faiscoGit\myStudy\ZooKeeperLearning\apache-zookeeper-3.7.0\zookeeper-server\target\surefire\test6563239305613020678.junit.dir\data\version-2
2021-11-08 11:09:08,332 [myid:1] - INFO  [QuorumPeer[myid=1](plain=127.0.0.1:24690)(secure=disabled):Follower@77] - FOLLOWING - LEADER ELECTION TOOK - 355 MS
2021-11-08 11:09:08,334 [myid:2] - INFO  [QuorumPeer[myid=2](plain=127.0.0.1:24693)(secure=disabled):QuorumPeer@915] - Peer state changed: leading - discovery
2021-11-08 11:09:08,335 [myid:2] - INFO  [QuorumPeer[myid=2](plain=127.0.0.1:24693)(secure=disabled):FileTxnSnapLog@479] - Snapshotting: 0x0 to D:\mysoft\faiscoGit\myStudy\ZooKeeperLearning\apache-zookeeper-3.7.0\zookeeper-server\target\surefire\test5579668075380062502.junit.dir\data\version-2\snapshot.0
2021-11-08 11:09:08,336 [myid:1] - INFO  [QuorumPeer[myid=1](plain=127.0.0.1:24690)(secure=disabled):QuorumPeer@915] - Peer state changed: following - discovery
2021-11-08 11:09:08,336 [myid:0] - INFO  [QuorumPeer[myid=0](plain=127.0.0.1:24687)(secure=disabled):QuorumPeer@915] - Peer state changed: following - discovery
2021-11-08 11:09:08,339 [myid:2] - INFO  [QuorumPeer[myid=2](plain=127.0.0.1:24693)(secure=disabled):ZooKeeperServer@543] - Snapshot taken in 3 ms
2021-11-08 11:09:08,354 [myid:1] - INFO  [LeaderConnector-/127.0.0.1:24694:Learner$LeaderConnector@381] - Successfully connected to leader, using address: /127.0.0.1:24694
2021-11-08 11:09:08,357 [myid:0] - INFO  [LeaderConnector-/127.0.0.1:24694:Learner$LeaderConnector@381] - Successfully connected to leader, using address: /127.0.0.1:24694
2021-11-08 11:09:08,361 [myid:2] - INFO  [LearnerCnxAcceptorHandler-/127.0.0.1:24694:LearnerHandler@72] - leader.closeSocketAsync = false
2021-11-08 11:09:08,366 [myid:2] - INFO  [LearnerHandler-/127.0.0.1:2179:LearnerHandler@506] - Follower sid: 1 : info : 127.0.0.1:24691:24692:participant;127.0.0.1:24690
2021-11-08 11:09:08,367 [myid:2] - INFO  [LearnerHandler-/127.0.0.1:2181:LearnerHandler@506] - Follower sid: 0 : info : 127.0.0.1:24688:24689:participant;127.0.0.1:24687
2021-11-08 11:09:08,377 [myid:2] - INFO  [QuorumPeer[myid=2](plain=127.0.0.1:24693)(secure=disabled):QuorumPeer@1870] - Dynamic reconfig is disabled, we don't store the last seen config.
2021-11-08 11:09:08,382 [myid:2] - INFO  [LearnerHandler-/127.0.0.1:2181:ZKDatabase@346] - On disk txn sync enabled with snapshotSizeFactor 0.33
2021-11-08 11:09:08,382 [myid:2] - INFO  [LearnerHandler-/127.0.0.1:2181:LearnerHandler@801] - Synchronizing with Learner sid: 0 maxCommittedLog=0x0 minCommittedLog=0x0 lastProcessedZxid=0x0 peerLastZxid=0x0
2021-11-08 11:09:08,382 [myid:2] - INFO  [LearnerHandler-/127.0.0.1:2181:LearnerHandler@846] - Sending DIFF zxid=0x0 for peer sid: 0
2021-11-08 11:09:08,383 [myid:0] - INFO  [QuorumPeer[myid=0](plain=127.0.0.1:24687)(secure=disabled):QuorumPeer@915] - Peer state changed: following - synchronization
2021-11-08 11:09:08,384 [myid:2] - INFO  [LearnerHandler-/127.0.0.1:2179:ZKDatabase@346] - On disk txn sync enabled with snapshotSizeFactor 0.33
2021-11-08 11:09:08,385 [myid:2] - INFO  [LearnerHandler-/127.0.0.1:2179:LearnerHandler@801] - Synchronizing with Learner sid: 1 maxCommittedLog=0x0 minCommittedLog=0x0 lastProcessedZxid=0x0 peerLastZxid=0x0
2021-11-08 11:09:08,385 [myid:2] - INFO  [LearnerHandler-/127.0.0.1:2179:LearnerHandler@846] - Sending DIFF zxid=0x0 for peer sid: 1
2021-11-08 11:09:08,394 [myid:1] - INFO  [QuorumPeer[myid=1](plain=127.0.0.1:24690)(secure=disabled):QuorumPeer@915] - Peer state changed: following - synchronization
2021-11-08 11:09:08,396 [myid:2] - INFO  [QuorumPeer[myid=2](plain=127.0.0.1:24693)(secure=disabled):QuorumPeer@915] - Peer state changed: leading - synchronization
2021-11-08 11:09:08,407 [myid:1] - INFO  [QuorumPeer[myid=1](plain=127.0.0.1:24690)(secure=disabled):Learner@562] - Getting a diff from the leader 0x0
2021-11-08 11:09:08,407 [myid:0] - INFO  [QuorumPeer[myid=0](plain=127.0.0.1:24687)(secure=disabled):Learner@562] - Getting a diff from the leader 0x0
2021-11-08 11:09:08,408 [myid:1] - INFO  [QuorumPeer[myid=1](plain=127.0.0.1:24690)(secure=disabled):QuorumPeer@920] - Peer state changed: following - synchronization - diff
2021-11-08 11:09:08,408 [myid:0] - INFO  [QuorumPeer[myid=0](plain=127.0.0.1:24687)(secure=disabled):QuorumPeer@920] - Peer state changed: following - synchronization - diff
2021-11-08 11:09:08,411 [myid:1] - INFO  [QuorumPeer[myid=1](plain=127.0.0.1:24690)(secure=disabled):Learner@734] - Learner received NEWLEADER message
2021-11-08 11:09:08,411 [myid:0] - INFO  [QuorumPeer[myid=0](plain=127.0.0.1:24687)(secure=disabled):Learner@734] - Learner received NEWLEADER message
2021-11-08 11:09:08,411 [myid:1] - INFO  [QuorumPeer[myid=1](plain=127.0.0.1:24690)(secure=disabled):QuorumPeer@1870] - Dynamic reconfig is disabled, we don't store the last seen config.
2021-11-08 11:09:08,411 [myid:0] - INFO  [QuorumPeer[myid=0](plain=127.0.0.1:24687)(secure=disabled):QuorumPeer@1870] - Dynamic reconfig is disabled, we don't store the last seen config.
2021-11-08 11:09:08,415 [myid:0] - INFO  [QuorumPeer[myid=0](plain=127.0.0.1:24687)(secure=disabled):QuorumPeer@920] - Peer state changed: following - synchronization
2021-11-08 11:09:08,420 [myid:0] - INFO  [QuorumPeer[myid=0](plain=127.0.0.1:24687)(secure=disabled):CommitProcessor@491] - Configuring CommitProcessor with readBatchSize -1 commitBatchSize 1
2021-11-08 11:09:08,420 [myid:0] - INFO  [QuorumPeer[myid=0](plain=127.0.0.1:24687)(secure=disabled):CommitProcessor@452] - Configuring CommitProcessor with 6 worker threads.
2021-11-08 11:09:08,428 [myid:1] - INFO  [QuorumPeer[myid=1](plain=127.0.0.1:24690)(secure=disabled):QuorumPeer@920] - Peer state changed: following - synchronization
2021-11-08 11:09:08,428 [myid:0] - INFO  [QuorumPeer[myid=0](plain=127.0.0.1:24687)(secure=disabled):FollowerRequestProcessor@59] - Initialized FollowerRequestProcessor with zookeeper.follower.skipLearnerRequestToNextProcessor as false
2021-11-08 11:09:08,428 [myid:1] - INFO  [QuorumPeer[myid=1](plain=127.0.0.1:24690)(secure=disabled):CommitProcessor@491] - Configuring CommitProcessor with readBatchSize -1 commitBatchSize 1
2021-11-08 11:09:08,428 [myid:1] - INFO  [QuorumPeer[myid=1](plain=127.0.0.1:24690)(secure=disabled):CommitProcessor@452] - Configuring CommitProcessor with 6 worker threads.
2021-11-08 11:09:08,428 [myid:1] - INFO  [QuorumPeer[myid=1](plain=127.0.0.1:24690)(secure=disabled):FollowerRequestProcessor@59] - Initialized FollowerRequestProcessor with zookeeper.follower.skipLearnerRequestToNextProcessor as false
2021-11-08 11:09:08,461 [myid:0] - INFO  [QuorumPeer[myid=0](plain=127.0.0.1:24687)(secure=disabled):RequestThrottler@75] - zookeeper.request_throttler.shutdownTimeout = 10000
2021-11-08 11:09:08,489 [myid:] - INFO  [main:FourLetterWordMain@94] - connecting to 127.0.0.1 24687
2021-11-08 11:09:08,490 [myid:2] - INFO  [QuorumPeer[myid=2](plain=127.0.0.1:24693)(secure=disabled):Leader@1495] - Have quorum of supporters, sids: [[1, 2]]; starting up and setting last processed zxid: 0x100000000
2021-11-08 11:09:08,490 [myid:2] - INFO  [QuorumPeer[myid=2](plain=127.0.0.1:24693)(secure=disabled):Leader@1517] - Dynamic reconfig feature is disabled, skip designatedLeader calculation and reconfig processing.
2021-11-08 11:09:08,502 [myid:0] - INFO  [NIOWorkerThread-4:NIOServerCnxn@514] - Processing stat command from /127.0.0.1:2182
2021-11-08 11:09:08,503 [myid:2] - INFO  [QuorumPeer[myid=2](plain=127.0.0.1:24693)(secure=disabled):CommitProcessor@491] - Configuring CommitProcessor with readBatchSize -1 commitBatchSize 1
2021-11-08 11:09:08,503 [myid:2] - INFO  [QuorumPeer[myid=2](plain=127.0.0.1:24693)(secure=disabled):CommitProcessor@452] - Configuring CommitProcessor with 6 worker threads.
2021-11-08 11:09:08,504 [myid:2] - INFO  [QuorumPeer[myid=2](plain=127.0.0.1:24693)(secure=disabled):ProposalRequestProcessor@57] - zookeeper.forward_learner_requests_to_commit_processor_disabled = false
2021-11-08 11:09:08,509 [myid:2] - INFO  [QuorumPeer[myid=2](plain=127.0.0.1:24693)(secure=disabled):ContainerManager@84] - Using checkIntervalMs=60000 maxPerMinute=10000 maxNeverUsedIntervalMs=0
2021-11-08 11:09:08,511 [myid:2] - INFO  [QuorumPeer[myid=2](plain=127.0.0.1:24693)(secure=disabled):QuorumPeer@915] - Peer state changed: leading - broadcast
2021-11-08 11:09:08,511 [myid:1] - INFO  [QuorumPeer[myid=1](plain=127.0.0.1:24690)(secure=disabled):Learner@718] - Learner received UPTODATE message
2021-11-08 11:09:08,511 [myid:0] - INFO  [QuorumPeer[myid=0](plain=127.0.0.1:24687)(secure=disabled):Learner@718] - Learner received UPTODATE message
2021-11-08 11:09:08,511 [myid:1] - INFO  [QuorumPeer[myid=1](plain=127.0.0.1:24690)(secure=disabled):QuorumPeer@915] - Peer state changed: following - broadcast
2021-11-08 11:09:08,511 [myid:0] - INFO  [QuorumPeer[myid=0](plain=127.0.0.1:24687)(secure=disabled):QuorumPeer@915] - Peer state changed: following - broadcast
2021-11-08 11:09:08,514 [myid:2] - INFO  [ProcessThread(sid:2 cport:-1)::PrepRequestProcessor@137] - PrepRequestProcessor (sid:2) started, reconfigEnabled=false
2021-11-08 11:09:08,752 [myid:] - INFO  [main:FourLetterWordMain@94] - connecting to 127.0.0.1 24687
2021-11-08 11:09:08,753 [myid:0] - INFO  [NIOWorkerThread-5:NIOServerCnxn@514] - Processing stat command from /127.0.0.1:2184
2021-11-08 11:09:08,754 [myid:0] - INFO  [NIOWorkerThread-5:StatCommand@52] - Stat command output
2021-11-08 11:09:08,755 [myid:] - INFO  [main:FourLetterWordMain@94] - connecting to 127.0.0.1 24690
2021-11-08 11:09:08,756 [myid:1] - INFO  [NIOWorkerThread-1:NIOServerCnxn@514] - Processing stat command from /127.0.0.1:2185
2021-11-08 11:09:08,756 [myid:1] - INFO  [NIOWorkerThread-1:StatCommand@52] - Stat command output
2021-11-08 11:09:08,756 [myid:] - INFO  [main:FourLetterWordMain@94] - connecting to 127.0.0.1 24693
2021-11-08 11:09:08,757 [myid:2] - INFO  [NIOWorkerThread-1:NIOServerCnxn@514] - Processing stat command from /127.0.0.1:2186
2021-11-08 11:09:08,757 [myid:2] - INFO  [NIOWorkerThread-1:StatCommand@52] - Stat command output
2021-11-08 11:09:17,785 [myid:] - INFO  [main:Environment@98] - Client environment:zookeeper.version=3.7.0-02d8e7728613600d355308bb0a256b6f5b41360c-dirty, built on 2021-11-08 03:06 UTC
2021-11-08 11:09:17,786 [myid:] - INFO  [main:Environment@98] - Client environment:host.name=DESKTOP-3V3H020
2021-11-08 11:09:17,786 [myid:] - INFO  [main:Environment@98] - Client environment:java.version=1.8.0_31
2021-11-08 11:09:17,786 [myid:] - INFO  [main:Environment@98] - Client environment:java.vendor=Oracle Corporation
2021-11-08 11:09:17,786 [myid:] - INFO  [main:Environment@98] - Client environment:java.home=C:\Program Files\Java\jdk1.8.0_31\jre
2021-11-08 11:09:17,786 [myid:] - INFO  [main:Environment@98] - Client environment:java.class.path=D:\mysoft\faiscoGit\myStudy\ZooKeeperLearning\apache-zookeeper-3.7.0\zookeeper-server\target\test-classes;D:\mysoft\faiscoGit\myStudy\ZooKeeperLearning\apache-zookeeper-3.7.0\zookeeper-server\target\classes;D:\mysoft\maven\repository\com\github\spotbugs\spotbugs-annotations\4.0.2\spotbugs-annotations-4.0.2.jar;D:\mysoft\maven\repository\com\google\code\findbugs\jsr305\3.0.2\jsr305-3.0.2.jar;D:\mysoft\maven\repository\org\hamcrest\hamcrest-library\2.2\hamcrest-library-2.2.jar;D:\mysoft\maven\repository\org\hamcrest\hamcrest-core\2.2\hamcrest-core-2.2.jar;D:\mysoft\maven\repository\org\hamcrest\hamcrest\2.2\hamcrest-2.2.jar;D:\mysoft\maven\repository\org\apache\commons\commons-collections4\4.4\commons-collections4-4.4.jar;D:\mysoft\maven\repository\org\apache\zookeeper\zookeeper-jute\3.7.0\zookeeper-jute-3.7.0.jar;D:\mysoft\maven\repository\commons-cli\commons-cli\1.4\commons-cli-1.4.jar;D:\mysoft\maven\repository\org\apache\yetus\audience-annotations\0.12.0\audience-annotations-0.12.0.jar;D:\mysoft\maven\repository\io\netty\netty-handler\4.1.59.Final\netty-handler-4.1.59.Final.jar;D:\mysoft\maven\repository\io\netty\netty-common\4.1.59.Final\netty-common-4.1.59.Final.jar;D:\mysoft\maven\repository\io\netty\netty-resolver\4.1.59.Final\netty-resolver-4.1.59.Final.jar;D:\mysoft\maven\repository\io\netty\netty-buffer\4.1.59.Final\netty-buffer-4.1.59.Final.jar;D:\mysoft\maven\repository\io\netty\netty-transport\4.1.59.Final\netty-transport-4.1.59.Final.jar;D:\mysoft\maven\repository\io\netty\netty-codec\4.1.59.Final\netty-codec-4.1.59.Final.jar;D:\mysoft\maven\repository\io\netty\netty-transport-native-epoll\4.1.59.Final\netty-transport-native-epoll-4.1.59.Final.jar;D:\mysoft\maven\repository\io\netty\netty-transport-native-unix-common\4.1.59.Final\netty-transport-native-unix-common-4.1.59.Final.jar;D:\mysoft\maven\repository\org\slf4j\slf4j-api\1.7.30\slf4j-api-1.7.30.jar;D:\mysoft\maven\repository\org\slf4j\slf4j-log4j12\1.7.30\slf4j-log4j12-1.7.30.jar;D:\mysoft\maven\repository\org\eclipse\jetty\jetty-server\9.4.38.v20210224\jetty-server-9.4.38.v20210224.jar;D:\mysoft\maven\repository\javax\servlet\javax.servlet-api\3.1.0\javax.servlet-api-3.1.0.jar;D:\mysoft\maven\repository\org\eclipse\jetty\jetty-http\9.4.38.v20210224\jetty-http-9.4.38.v20210224.jar;D:\mysoft\maven\repository\org\eclipse\jetty\jetty-util\9.4.38.v20210224\jetty-util-9.4.38.v20210224.jar;D:\mysoft\maven\repository\org\eclipse\jetty\jetty-io\9.4.38.v20210224\jetty-io-9.4.38.v20210224.jar;D:\mysoft\maven\repository\org\eclipse\jetty\jetty-servlet\9.4.38.v20210224\jetty-servlet-9.4.38.v20210224.jar;D:\mysoft\maven\repository\org\eclipse\jetty\jetty-security\9.4.38.v20210224\jetty-security-9.4.38.v20210224.jar;D:\mysoft\maven\repository\org\eclipse\jetty\jetty-util-ajax\9.4.38.v20210224\jetty-util-ajax-9.4.38.v20210224.jar;D:\mysoft\maven\repository\org\eclipse\jetty\jetty-client\9.4.38.v20210224\jetty-client-9.4.38.v20210224.jar;D:\mysoft\maven\repository\com\fasterxml\jackson\core\jackson-databind\2.10.5.1\jackson-databind-2.10.5.1.jar;D:\mysoft\maven\repository\com\fasterxml\jackson\core\jackson-annotations\2.10.5\jackson-annotations-2.10.5.jar;D:\mysoft\maven\repository\com\fasterxml\jackson\core\jackson-core\2.10.5\jackson-core-2.10.5.jar;D:\mysoft\maven\repository\org\bouncycastle\bcprov-jdk15on\1.60\bcprov-jdk15on-1.60.jar;D:\mysoft\maven\repository\org\bouncycastle\bcpkix-jdk15on\1.60\bcpkix-jdk15on-1.60.jar;D:\mysoft\maven\repository\jline\jline\2.14.6\jline-2.14.6.jar;D:\mysoft\maven\repository\io\dropwizard\metrics\metrics-core\4.1.12.1\metrics-core-4.1.12.1.jar;D:\mysoft\maven\repository\log4j\log4j\1.2.17\log4j-1.2.17.jar;D:\mysoft\maven\repository\org\apache\kerby\kerb-core\2.0.0\kerb-core-2.0.0.jar;D:\mysoft\maven\repository\org\apache\kerby\kerby-pkix\2.0.0\kerby-pkix-2.0.0.jar;D:\mysoft\maven\repository\org\apache\kerby\kerby-asn1\2.0.0\kerby-asn1-2.0.0.jar;D:\mysoft\maven\repository\org\apache\kerby\kerby-util\2.0.0\kerby-util-2.0.0.jar;D:\mysoft\maven\repository\org\apache\kerby\kerb-simplekdc\2.0.0\kerb-simplekdc-2.0.0.jar;D:\mysoft\maven\repository\org\apache\kerby\kerb-client\2.0.0\kerb-client-2.0.0.jar;D:\mysoft\maven\repository\org\apache\kerby\kerb-common\2.0.0\kerb-common-2.0.0.jar;D:\mysoft\maven\repository\org\apache\kerby\kerb-crypto\2.0.0\kerb-crypto-2.0.0.jar;D:\mysoft\maven\repository\commons-io\commons-io\2.6\commons-io-2.6.jar;D:\mysoft\maven\repository\org\apache\kerby\kerb-util\2.0.0\kerb-util-2.0.0.jar;D:\mysoft\maven\repository\org\apache\kerby\token-provider\2.0.0\token-provider-2.0.0.jar;D:\mysoft\maven\repository\com\nimbusds\nimbus-jose-jwt\4.41.2\nimbus-jose-jwt-4.41.2.jar;D:\mysoft\maven\repository\com\github\stephenc\jcip\jcip-annotations\1.0-1\jcip-annotations-1.0-1.jar;D:\mysoft\maven\repository\net\minidev\json-smart\2.3\json-smart-2.3.jar;D:\mysoft\maven\repository\net\minidev\accessors-smart\1.2\accessors-smart-1.2.jar;D:\mysoft\maven\repository\org\ow2\asm\asm\5.0.4\asm-5.0.4.jar;D:\mysoft\maven\repository\org\apache\kerby\kerb-admin\2.0.0\kerb-admin-2.0.0.jar;D:\mysoft\maven\repository\org\apache\kerby\kerb-server\2.0.0\kerb-server-2.0.0.jar;D:\mysoft\maven\repository\org\apache\kerby\kerb-identity\2.0.0\kerb-identity-2.0.0.jar;D:\mysoft\maven\repository\org\apache\kerby\kerby-xdr\2.0.0\kerby-xdr-2.0.0.jar;D:\mysoft\maven\repository\org\apache\kerby\kerby-config\2.0.0\kerby-config-2.0.0.jar;D:\mysoft\maven\repository\org\mockito\mockito-core\3.6.28\mockito-core-3.6.28.jar;D:\mysoft\maven\repository\net\bytebuddy\byte-buddy\1.10.18\byte-buddy-1.10.18.jar;D:\mysoft\maven\repository\net\bytebuddy\byte-buddy-agent\1.10.18\byte-buddy-agent-1.10.18.jar;D:\mysoft\maven\repository\org\objenesis\objenesis\3.1\objenesis-3.1.jar;D:\mysoft\maven\repository\org\jmockit\jmockit\1.48\jmockit-1.48.jar;D:\mysoft\maven\repository\org\junit\jupiter\junit-jupiter-api\5.6.2\junit-jupiter-api-5.6.2.jar;D:\mysoft\maven\repository\org\apiguardian\apiguardian-api\1.1.0\apiguardian-api-1.1.0.jar;D:\mysoft\maven\repository\org\opentest4j\opentest4j\1.2.0\opentest4j-1.2.0.jar;D:\mysoft\maven\repository\org\junit\platform\junit-platform-commons\1.6.2\junit-platform-commons-1.6.2.jar;D:\mysoft\maven\repository\org\junit\jupiter\junit-jupiter-engine\5.6.2\junit-jupiter-engine-5.6.2.jar;D:\mysoft\maven\repository\org\junit\platform\junit-platform-engine\1.6.2\junit-platform-engine-1.6.2.jar;D:\mysoft\maven\repository\org\junit\jupiter\junit-jupiter-params\5.6.2\junit-jupiter-params-5.6.2.jar;D:\mysoft\maven\repository\org\junit\platform\junit-platform-runner\1.6.2\junit-platform-runner-1.6.2.jar;D:\mysoft\maven\repository\junit\junit\4.13\junit-4.13.jar;D:\mysoft\maven\repository\org\junit\platform\junit-platform-launcher\1.6.2\junit-platform-launcher-1.6.2.jar;D:\mysoft\maven\repository\org\junit\platform\junit-platform-suite-api\1.6.2\junit-platform-suite-api-1.6.2.jar;D:\mysoft\maven\repository\org\xerial\snappy\snappy-java\1.1.7.7\snappy-java-1.1.7.7.jar;
2021-11-08 11:09:17,786 [myid:] - INFO  [main:Environment@98] - Client environment:java.library.path=C:\Program Files\Java\jdk1.8.0_31\jre\bin;C:\WINDOWS\Sun\Java\bin;C:\WINDOWS\system32;C:\WINDOWS;C:\Program Files\Java\jdk1.8.0_31\jre\bin;C:\Python39\Scripts\;C:\Python39\;C:\Python27\;C:\Python27\Scripts;C:\Program Files (x86)\Intel\Intel(R) Management Engine Components\iCLS\;C:\Program Files\Intel\Intel(R) Management Engine Components\iCLS\;C:\WINDOWS\system32;C:\WINDOWS;C:\WINDOWS\System32\Wbem;C:\WINDOWS\System32\WindowsPowerShell\v1.0\;C:\WINDOWS\System32\OpenSSH\;C:\Program Files (x86)\Intel\Intel(R) Management Engine Components\DAL;C:\Program Files\Intel\Intel(R) Management Engine Components\DAL;C:\Program Files\TortoiseSVN\bin;C:\Program Files\Java\jdk1.8.0_31\bin;D:\soft\Git\cmd;D:\mysoft\maven\apache-maven-3.6.1\bin;C:\ProgramData\chocolatey\bin;C:\Program Files\nodejs\;D:\mysoft\gradle-7.0\bin;C:\ProgramData\Oracle\Java\javapath;C:\Program Files\OpenVPN\bin;C:\Users\faisco\AppData\Local\Microsoft\WindowsApps;;D:\soft\Microsoft VS Code\bin;D:\soft\PyCharm Community Edition 2019.1.3\bin;;D:\soft\PyCharm 2019.2.3\bin;;C:\Users\faisco\AppData\Local\Microsoft\WindowsApps;C:\Program Files\JetBrains\IntelliJ IDEA 2020.1\bin;;C:\Program Files\JetBrains\IntelliJ IDEA Community Edition 2020.1.3\bin;;C:\Users\faisco\AppData\Roaming\npm;.
2021-11-08 11:09:17,786 [myid:] - INFO  [main:Environment@98] - Client environment:java.io.tmpdir=C:\Users\faisco\AppData\Local\Temp\
2021-11-08 11:09:17,786 [myid:] - INFO  [main:Environment@98] - Client environment:java.compiler=<NA>
2021-11-08 11:09:17,787 [myid:] - INFO  [main:Environment@98] - Client environment:os.name=Windows 8.1
2021-11-08 11:09:17,787 [myid:] - INFO  [main:Environment@98] - Client environment:os.arch=amd64
2021-11-08 11:09:17,787 [myid:] - INFO  [main:Environment@98] - Client environment:os.version=6.3
2021-11-08 11:09:17,787 [myid:] - INFO  [main:Environment@98] - Client environment:user.name=faisco
2021-11-08 11:09:17,787 [myid:] - INFO  [main:Environment@98] - Client environment:user.home=C:\Users\faisco
2021-11-08 11:09:17,787 [myid:] - INFO  [main:Environment@98] - Client environment:user.dir=D:\mysoft\faiscoGit\myStudy\ZooKeeperLearning\apache-zookeeper-3.7.0\zookeeper-server
2021-11-08 11:09:17,787 [myid:] - INFO  [main:Environment@98] - Client environment:os.memory.free=191MB
2021-11-08 11:09:17,787 [myid:] - INFO  [main:Environment@98] - Client environment:os.memory.max=455MB
2021-11-08 11:09:17,787 [myid:] - INFO  [main:Environment@98] - Client environment:os.memory.total=243MB
2021-11-08 11:09:17,790 [myid:] - INFO  [main:ZooKeeper@637] - Initiating client connection, connectString=127.0.0.1:24693 sessionTimeout=30000 watcher=org.apache.zookeeper.test.ClientBase$CountdownWatcher@63355449
2021-11-08 11:09:17,794 [myid:] - INFO  [main:ClientCnxnSocket@239] - jute.maxbuffer value is 1048575 Bytes
2021-11-08 11:09:17,799 [myid:] - INFO  [main:ClientCnxn@1726] - zookeeper.request.timeout value is 0. feature enabled=false
2021-11-08 11:09:17,840 [myid:127.0.0.1:24693] - INFO  [main-SendThread(127.0.0.1:24693):ClientCnxn$SendThread@1171] - Opening socket connection to server xmind.net/127.0.0.1:24693.
2021-11-08 11:09:17,840 [myid:127.0.0.1:24693] - INFO  [main-SendThread(127.0.0.1:24693):ClientCnxn$SendThread@1173] - SASL config status: Will not attempt to authenticate using SASL (unknown error)
2021-11-08 11:09:17,841 [myid:127.0.0.1:24693] - INFO  [main-SendThread(127.0.0.1:24693):ClientCnxn$SendThread@1005] - Socket connection established, initiating session, client: /127.0.0.1:2465, server: xmind.net/127.0.0.1:24693
2021-11-08 11:09:17,857 [myid:2] - INFO  [SyncThread:2:FileTxnLog@284] - Creating new log file: log.100000001
2021-11-08 11:09:17,857 [myid:1] - WARN  [QuorumPeer[myid=1](plain=127.0.0.1:24690)(secure=disabled):Follower@174] - Got zxid 0x100000001 expected 0x1
2021-11-08 11:09:17,857 [myid:0] - WARN  [QuorumPeer[myid=0](plain=127.0.0.1:24687)(secure=disabled):Follower@174] - Got zxid 0x100000001 expected 0x1
2021-11-08 11:09:17,858 [myid:1] - INFO  [SyncThread:1:FileTxnLog@284] - Creating new log file: log.100000001
2021-11-08 11:09:17,858 [myid:0] - INFO  [SyncThread:0:FileTxnLog@284] - Creating new log file: log.100000001
2021-11-08 11:09:17,860 [myid:1] - INFO  [CommitProcessor:1:LearnerSessionTracker@116] - Committing global session 0x20058058d280000
2021-11-08 11:09:17,860 [myid:2] - INFO  [CommitProcessor:2:LeaderSessionTracker@104] - Committing global session 0x20058058d280000
2021-11-08 11:09:17,860 [myid:0] - INFO  [CommitProcessor:0:LearnerSessionTracker@116] - Committing global session 0x20058058d280000
2021-11-08 11:09:17,869 [myid:127.0.0.1:24693] - INFO  [main-SendThread(127.0.0.1:24693):ClientCnxn$SendThread@1438] - Session establishment complete on server xmind.net/127.0.0.1:24693, session id = 0x20058058d280000, negotiated timeout = 30000
2021-11-08 11:09:21,950 [myid:] - INFO  [main:DIFFSyncConsistencyTest@95] - LEADER ELECTED 2
2021-11-08 11:09:21,951 [myid:] - INFO  [main:QuorumBase@422] - Shutting down quorum peer QuorumPeer[myid=0](plain=127.0.0.1:24687)(secure=disabled)
2021-11-08 11:09:21,952 [myid:] - INFO  [main:Follower@291] - shutdown Follower
2021-11-08 11:09:21,952 [myid:2] - ERROR [LearnerHandler-/127.0.0.1:2181:LearnerHandler@715] - Unexpected exception in LearnerHandler: 
java.io.EOFException
	at java.io.DataInputStream.readInt(DataInputStream.java:392)
	at org.apache.jute.BinaryInputArchive.readInt(BinaryInputArchive.java:96)
	at org.apache.zookeeper.server.quorum.QuorumPacket.deserialize(QuorumPacket.java:86)
	at org.apache.jute.BinaryInputArchive.readRecord(BinaryInputArchive.java:134)
	at org.apache.zookeeper.server.quorum.LearnerHandler.run(LearnerHandler.java:652)
2021-11-08 11:09:21,952 [myid:0] - WARN  [QuorumPeer[myid=0](plain=127.0.0.1:24687)(secure=disabled):Follower@133] - Exception when following the leader
java.net.SocketException: Socket Closed
	at java.net.SocketInputStream.socketRead0(Native Method)
	at java.net.SocketInputStream.read(SocketInputStream.java:150)
	at java.net.SocketInputStream.read(SocketInputStream.java:121)
	at java.io.BufferedInputStream.fill(BufferedInputStream.java:246)
	at java.io.BufferedInputStream.read(BufferedInputStream.java:265)
	at java.io.DataInputStream.readInt(DataInputStream.java:387)
	at org.apache.jute.BinaryInputArchive.readInt(BinaryInputArchive.java:96)
	at org.apache.zookeeper.server.quorum.QuorumPacket.deserialize(QuorumPacket.java:86)
	at org.apache.jute.BinaryInputArchive.readRecord(BinaryInputArchive.java:134)
	at org.apache.zookeeper.server.quorum.Learner.readPacket(Learner.java:225)
	at org.apache.zookeeper.server.quorum.DIFFSyncConsistencyTest$CustomQuorumPeer$1.readPacket(DIFFSyncConsistencyTest.java:251)
	at org.apache.zookeeper.server.quorum.Follower.followLeader(Follower.java:128)
	at org.apache.zookeeper.server.quorum.QuorumPeer.run(QuorumPeer.java:1515)
2021-11-08 11:09:21,952 [myid:] - INFO  [main:ZooKeeperServer@829] - shutting down
2021-11-08 11:09:21,952 [myid:2] - INFO  [LearnerHandler-/127.0.0.1:2181:LearnerHandler@1155] - Synchronously closing socket to learner 0.
2021-11-08 11:09:21,953 [myid:2] - WARN  [LearnerHandler-/127.0.0.1:2181:LearnerHandler@731] - ******* GOODBYE /127.0.0.1:2181 ********
2021-11-08 11:09:21,953 [myid:0] - INFO  [QuorumPeer[myid=0](plain=127.0.0.1:24687)(secure=disabled):Follower@147] - Disconnected from leader (with address: /127.0.0.1:24694). Was connected for 13590ms. Sync state: true
2021-11-08 11:09:21,953 [myid:0] - INFO  [QuorumPeer[myid=0](plain=127.0.0.1:24687)(secure=disabled):Follower@291] - shutdown Follower
2021-11-08 11:09:21,952 [myid:] - INFO  [main:RequestThrottler@258] - Shutting down
2021-11-08 11:09:21,954 [myid:0] - INFO  [RequestThrottler:RequestThrottler@219] - Draining request throttler queue
2021-11-08 11:09:21,954 [myid:0] - INFO  [RequestThrottler:RequestThrottler@195] - RequestThrottler shutdown. Dropped 0 requests
2021-11-08 11:09:21,954 [myid:] - INFO  [main:FollowerRequestProcessor@172] - Shutting down
2021-11-08 11:09:21,954 [myid:] - INFO  [main:CommitProcessor@632] - Shutting down
2021-11-08 11:09:21,954 [myid:0] - INFO  [FollowerRequestProcessor:0:FollowerRequestProcessor@128] - FollowerRequestProcessor exited loop!
2021-11-08 11:09:21,954 [myid:] - INFO  [main:FinalRequestProcessor@684] - shutdown of request processor complete
2021-11-08 11:09:21,955 [myid:0] - INFO  [CommitProcessor:0:CommitProcessor@420] - CommitProcessor exited loop!
2021-11-08 11:09:21,955 [myid:0] - INFO  [QuorumPeer[myid=0](plain=127.0.0.1:24687)(secure=disabled):QuorumPeer@915] - Peer state changed: looking
2021-11-08 11:09:21,955 [myid:0] - WARN  [QuorumPeer[myid=0](plain=127.0.0.1:24687)(secure=disabled):QuorumPeer@1563] - PeerState set to LOOKING
2021-11-08 11:09:21,956 [myid:0] - WARN  [QuorumPeer[myid=0](plain=127.0.0.1:24687)(secure=disabled):QuorumPeer@1545] - QuorumPeer main thread exited
2021-11-08 11:09:21,956 [myid:0] - INFO  [NIOServerCxnFactory.AcceptThread:/127.0.0.1:24687:NIOServerCnxnFactory$AcceptThread@195] - accept thread exitted run method
2021-11-08 11:09:21,956 [myid:0] - INFO  [ConnnectionExpirer:NIOServerCnxnFactory$ConnectionExpirerThread@564] - ConnnectionExpirerThread interrupted
2021-11-08 11:09:21,956 [myid:0] - INFO  [NIOServerCxnFactory.SelectorThread-0:NIOServerCnxnFactory$SelectorThread@397] - selector thread exitted run method
2021-11-08 11:09:21,958 [myid:0] - INFO  [QuorumPeerListener:QuorumCnxManager$Listener@980] - Leaving listener
2021-11-08 11:09:21,958 [myid:1] - WARN  [RecvWorker:0:QuorumCnxManager$RecvWorker@1397] - Connection broken for id 0, my id = 1
java.io.EOFException
	at java.io.DataInputStream.readInt(DataInputStream.java:392)
	at org.apache.zookeeper.server.quorum.QuorumCnxManager$RecvWorker.run(QuorumCnxManager.java:1385)
2021-11-08 11:09:21,958 [myid:0] - WARN  [SendWorker:1:QuorumCnxManager$SendWorker@1283] - Interrupted while waiting for message on queue
java.lang.InterruptedException
	at java.util.concurrent.locks.AbstractQueuedSynchronizer$ConditionObject.reportInterruptAfterWait(AbstractQueuedSynchronizer.java:2014)
	at java.util.concurrent.locks.AbstractQueuedSynchronizer$ConditionObject.awaitNanos(AbstractQueuedSynchronizer.java:2088)
	at org.apache.zookeeper.util.CircularBlockingQueue.poll(CircularBlockingQueue.java:105)
	at org.apache.zookeeper.server.quorum.QuorumCnxManager.pollSendQueue(QuorumCnxManager.java:1448)
	at org.apache.zookeeper.server.quorum.QuorumCnxManager.access$900(QuorumCnxManager.java:99)
	at org.apache.zookeeper.server.quorum.QuorumCnxManager$SendWorker.run(QuorumCnxManager.java:1272)
2021-11-08 11:09:21,958 [myid:1] - WARN  [RecvWorker:0:QuorumCnxManager$RecvWorker@1403] - Interrupting SendWorker thread from RecvWorker. sid: 0. myId: 1
2021-11-08 11:09:21,959 [myid:0] - WARN  [SendWorker:1:QuorumCnxManager$SendWorker@1295] - Send worker leaving thread id 1 my id = 0
2021-11-08 11:09:21,959 [myid:0] - WARN  [RecvWorker:1:QuorumCnxManager$RecvWorker@1397] - Connection broken for id 1, my id = 0
java.net.SocketException: Socket closed
	at java.net.SocketInputStream.read(SocketInputStream.java:183)
	at java.net.SocketInputStream.read(SocketInputStream.java:121)
	at java.io.BufferedInputStream.fill(BufferedInputStream.java:246)
	at java.io.BufferedInputStream.read(BufferedInputStream.java:265)
	at java.io.DataInputStream.readInt(DataInputStream.java:387)
	at org.apache.zookeeper.server.quorum.QuorumCnxManager$RecvWorker.run(QuorumCnxManager.java:1385)
2021-11-08 11:09:21,959 [myid:2] - WARN  [RecvWorker:0:QuorumCnxManager$RecvWorker@1397] - Connection broken for id 0, my id = 2
java.io.EOFException
	at java.io.DataInputStream.readInt(DataInputStream.java:392)
	at org.apache.zookeeper.server.quorum.QuorumCnxManager$RecvWorker.run(QuorumCnxManager.java:1385)
2021-11-08 11:09:21,959 [myid:0] - WARN  [RecvWorker:1:QuorumCnxManager$RecvWorker@1403] - Interrupting SendWorker thread from RecvWorker. sid: 1. myId: 0
2021-11-08 11:09:21,960 [myid:1] - WARN  [SendWorker:0:QuorumCnxManager$SendWorker@1283] - Interrupted while waiting for message on queue
java.lang.InterruptedException
	at java.util.concurrent.locks.AbstractQueuedSynchronizer$ConditionObject.reportInterruptAfterWait(AbstractQueuedSynchronizer.java:2014)
	at java.util.concurrent.locks.AbstractQueuedSynchronizer$ConditionObject.awaitNanos(AbstractQueuedSynchronizer.java:2088)
	at org.apache.zookeeper.util.CircularBlockingQueue.poll(CircularBlockingQueue.java:105)
	at org.apache.zookeeper.server.quorum.QuorumCnxManager.pollSendQueue(QuorumCnxManager.java:1448)
	at org.apache.zookeeper.server.quorum.QuorumCnxManager.access$900(QuorumCnxManager.java:99)
	at org.apache.zookeeper.server.quorum.QuorumCnxManager$SendWorker.run(QuorumCnxManager.java:1272)
2021-11-08 11:09:21,960 [myid:1] - WARN  [SendWorker:0:QuorumCnxManager$SendWorker@1295] - Send worker leaving thread id 0 my id = 1
2021-11-08 11:09:21,959 [myid:0] - WARN  [SendWorker:2:QuorumCnxManager$SendWorker@1283] - Interrupted while waiting for message on queue
java.lang.InterruptedException
	at java.util.concurrent.locks.AbstractQueuedSynchronizer$ConditionObject.reportInterruptAfterWait(AbstractQueuedSynchronizer.java:2014)
	at java.util.concurrent.locks.AbstractQueuedSynchronizer$ConditionObject.awaitNanos(AbstractQueuedSynchronizer.java:2088)
	at org.apache.zookeeper.util.CircularBlockingQueue.poll(CircularBlockingQueue.java:105)
	at org.apache.zookeeper.server.quorum.QuorumCnxManager.pollSendQueue(QuorumCnxManager.java:1448)
	at org.apache.zookeeper.server.quorum.QuorumCnxManager.access$900(QuorumCnxManager.java:99)
	at org.apache.zookeeper.server.quorum.QuorumCnxManager$SendWorker.run(QuorumCnxManager.java:1272)
2021-11-08 11:09:21,960 [myid:2] - WARN  [RecvWorker:0:QuorumCnxManager$RecvWorker@1403] - Interrupting SendWorker thread from RecvWorker. sid: 0. myId: 2
2021-11-08 11:09:21,960 [myid:] - INFO  [main:QuorumBase@426] - Shutting down leader election QuorumPeer[myid=0](plain=127.0.0.1:24687)(secure=disabled)
2021-11-08 11:09:21,960 [myid:0] - WARN  [SendWorker:2:QuorumCnxManager$SendWorker@1295] - Send worker leaving thread id 2 my id = 0
2021-11-08 11:09:21,961 [myid:2] - WARN  [SendWorker:0:QuorumCnxManager$SendWorker@1283] - Interrupted while waiting for message on queue
java.lang.InterruptedException
	at java.util.concurrent.locks.AbstractQueuedSynchronizer$ConditionObject.reportInterruptAfterWait(AbstractQueuedSynchronizer.java:2014)
	at java.util.concurrent.locks.AbstractQueuedSynchronizer$ConditionObject.awaitNanos(AbstractQueuedSynchronizer.java:2088)
	at org.apache.zookeeper.util.CircularBlockingQueue.poll(CircularBlockingQueue.java:105)
	at org.apache.zookeeper.server.quorum.QuorumCnxManager.pollSendQueue(QuorumCnxManager.java:1448)
	at org.apache.zookeeper.server.quorum.QuorumCnxManager.access$900(QuorumCnxManager.java:99)
	at org.apache.zookeeper.server.quorum.QuorumCnxManager$SendWorker.run(QuorumCnxManager.java:1272)
2021-11-08 11:09:21,961 [myid:0] - WARN  [RecvWorker:2:QuorumCnxManager$RecvWorker@1397] - Connection broken for id 2, my id = 0
java.net.SocketException: Socket closed
	at java.net.SocketInputStream.read(SocketInputStream.java:183)
	at java.net.SocketInputStream.read(SocketInputStream.java:121)
	at java.io.BufferedInputStream.fill(BufferedInputStream.java:246)
	at java.io.BufferedInputStream.read(BufferedInputStream.java:265)
	at java.io.DataInputStream.readInt(DataInputStream.java:387)
	at org.apache.zookeeper.server.quorum.QuorumCnxManager$RecvWorker.run(QuorumCnxManager.java:1385)
2021-11-08 11:09:21,961 [myid:2] - WARN  [SendWorker:0:QuorumCnxManager$SendWorker@1295] - Send worker leaving thread id 0 my id = 2
2021-11-08 11:09:21,961 [myid:] - INFO  [main:QuorumBase@431] - Waiting for QuorumPeer[myid=0](plain=127.0.0.1:24687)(secure=disabled) to exit thread
2021-11-08 11:09:21,961 [myid:0] - WARN  [RecvWorker:2:QuorumCnxManager$RecvWorker@1403] - Interrupting SendWorker thread from RecvWorker. sid: 2. myId: 0
2021-11-08 11:09:21,961 [myid:] - INFO  [main:QuorumBase@422] - Shutting down quorum peer QuorumPeer[myid=1](plain=127.0.0.1:24690)(secure=disabled)
2021-11-08 11:09:21,962 [myid:] - INFO  [main:Follower@291] - shutdown Follower
2021-11-08 11:09:21,962 [myid:2] - ERROR [LearnerHandler-/127.0.0.1:2179:LearnerHandler@715] - Unexpected exception in LearnerHandler: 
java.io.EOFException
	at java.io.DataInputStream.readInt(DataInputStream.java:392)
	at org.apache.jute.BinaryInputArchive.readInt(BinaryInputArchive.java:96)
	at org.apache.zookeeper.server.quorum.QuorumPacket.deserialize(QuorumPacket.java:86)
	at org.apache.jute.BinaryInputArchive.readRecord(BinaryInputArchive.java:134)
	at org.apache.zookeeper.server.quorum.LearnerHandler.run(LearnerHandler.java:652)
2021-11-08 11:09:21,962 [myid:1] - WARN  [QuorumPeer[myid=1](plain=127.0.0.1:24690)(secure=disabled):Follower@133] - Exception when following the leader
java.net.SocketException: Socket Closed
	at java.net.SocketInputStream.socketRead0(Native Method)
	at java.net.SocketInputStream.read(SocketInputStream.java:150)
	at java.net.SocketInputStream.read(SocketInputStream.java:121)
	at java.io.BufferedInputStream.fill(BufferedInputStream.java:246)
	at java.io.BufferedInputStream.read(BufferedInputStream.java:265)
	at java.io.DataInputStream.readInt(DataInputStream.java:387)
	at org.apache.jute.BinaryInputArchive.readInt(BinaryInputArchive.java:96)
	at org.apache.zookeeper.server.quorum.QuorumPacket.deserialize(QuorumPacket.java:86)
	at org.apache.jute.BinaryInputArchive.readRecord(BinaryInputArchive.java:134)
	at org.apache.zookeeper.server.quorum.Learner.readPacket(Learner.java:225)
	at org.apache.zookeeper.server.quorum.DIFFSyncConsistencyTest$CustomQuorumPeer$1.readPacket(DIFFSyncConsistencyTest.java:251)
	at org.apache.zookeeper.server.quorum.Follower.followLeader(Follower.java:128)
	at org.apache.zookeeper.server.quorum.QuorumPeer.run(QuorumPeer.java:1515)
2021-11-08 11:09:21,962 [myid:1] - INFO  [QuorumPeer[myid=1](plain=127.0.0.1:24690)(secure=disabled):Follower@147] - Disconnected from leader (with address: /127.0.0.1:24694). Was connected for 13603ms. Sync state: true
2021-11-08 11:09:21,962 [myid:1] - INFO  [QuorumPeer[myid=1](plain=127.0.0.1:24690)(secure=disabled):Follower@291] - shutdown Follower
2021-11-08 11:09:21,962 [myid:] - INFO  [main:ZooKeeperServer@829] - shutting down
2021-11-08 11:09:21,962 [myid:2] - INFO  [LearnerHandler-/127.0.0.1:2179:LearnerHandler@1155] - Synchronously closing socket to learner 1.
2021-11-08 11:09:21,962 [myid:2] - WARN  [LearnerHandler-/127.0.0.1:2179:LearnerHandler@731] - ******* GOODBYE /127.0.0.1:2179 ********
2021-11-08 11:09:21,962 [myid:] - INFO  [main:RequestThrottler@258] - Shutting down
2021-11-08 11:09:21,963 [myid:1] - INFO  [RequestThrottler:RequestThrottler@219] - Draining request throttler queue
2021-11-08 11:09:21,963 [myid:1] - INFO  [RequestThrottler:RequestThrottler@195] - RequestThrottler shutdown. Dropped 0 requests
2021-11-08 11:09:21,963 [myid:] - INFO  [main:FollowerRequestProcessor@172] - Shutting down
2021-11-08 11:09:21,963 [myid:] - INFO  [main:CommitProcessor@632] - Shutting down
2021-11-08 11:09:21,963 [myid:] - INFO  [main:FinalRequestProcessor@684] - shutdown of request processor complete
2021-11-08 11:09:21,964 [myid:1] - INFO  [FollowerRequestProcessor:1:FollowerRequestProcessor@128] - FollowerRequestProcessor exited loop!
2021-11-08 11:09:21,964 [myid:1] - INFO  [CommitProcessor:1:CommitProcessor@420] - CommitProcessor exited loop!
2021-11-08 11:09:21,964 [myid:1] - INFO  [QuorumPeer[myid=1](plain=127.0.0.1:24690)(secure=disabled):QuorumPeer@915] - Peer state changed: looking
2021-11-08 11:09:21,964 [myid:1] - WARN  [QuorumPeer[myid=1](plain=127.0.0.1:24690)(secure=disabled):QuorumPeer@1563] - PeerState set to LOOKING
2021-11-08 11:09:21,964 [myid:1] - WARN  [QuorumPeer[myid=1](plain=127.0.0.1:24690)(secure=disabled):QuorumPeer@1545] - QuorumPeer main thread exited
2021-11-08 11:09:21,964 [myid:1] - INFO  [ConnnectionExpirer:NIOServerCnxnFactory$ConnectionExpirerThread@564] - ConnnectionExpirerThread interrupted
2021-11-08 11:09:21,965 [myid:1] - INFO  [NIOServerCxnFactory.AcceptThread:/127.0.0.1:24690:NIOServerCnxnFactory$AcceptThread@195] - accept thread exitted run method
2021-11-08 11:09:21,965 [myid:1] - INFO  [NIOServerCxnFactory.SelectorThread-0:NIOServerCnxnFactory$SelectorThread@397] - selector thread exitted run method
2021-11-08 11:09:21,965 [myid:1] - INFO  [QuorumPeerListener:QuorumCnxManager$Listener@980] - Leaving listener
2021-11-08 11:09:21,965 [myid:2] - WARN  [RecvWorker:1:QuorumCnxManager$RecvWorker@1397] - Connection broken for id 1, my id = 2
java.io.EOFException
	at java.io.DataInputStream.readInt(DataInputStream.java:392)
	at org.apache.zookeeper.server.quorum.QuorumCnxManager$RecvWorker.run(QuorumCnxManager.java:1385)
2021-11-08 11:09:21,966 [myid:2] - WARN  [RecvWorker:1:QuorumCnxManager$RecvWorker@1403] - Interrupting SendWorker thread from RecvWorker. sid: 1. myId: 2
2021-11-08 11:09:21,966 [myid:] - INFO  [main:QuorumBase@426] - Shutting down leader election QuorumPeer[myid=1](plain=127.0.0.1:24690)(secure=disabled)
2021-11-08 11:09:21,967 [myid:] - INFO  [main:QuorumBase@431] - Waiting for QuorumPeer[myid=1](plain=127.0.0.1:24690)(secure=disabled) to exit thread
2021-11-08 11:09:21,966 [myid:1] - WARN  [SendWorker:2:QuorumCnxManager$SendWorker@1283] - Interrupted while waiting for message on queue
java.lang.InterruptedException
	at java.util.concurrent.locks.AbstractQueuedSynchronizer$ConditionObject.reportInterruptAfterWait(AbstractQueuedSynchronizer.java:2014)
	at java.util.concurrent.locks.AbstractQueuedSynchronizer$ConditionObject.awaitNanos(AbstractQueuedSynchronizer.java:2088)
	at org.apache.zookeeper.util.CircularBlockingQueue.poll(CircularBlockingQueue.java:105)
	at org.apache.zookeeper.server.quorum.QuorumCnxManager.pollSendQueue(QuorumCnxManager.java:1448)
	at org.apache.zookeeper.server.quorum.QuorumCnxManager.access$900(QuorumCnxManager.java:99)
	at org.apache.zookeeper.server.quorum.QuorumCnxManager$SendWorker.run(QuorumCnxManager.java:1272)
2021-11-08 11:09:21,966 [myid:1] - WARN  [RecvWorker:2:QuorumCnxManager$RecvWorker@1397] - Connection broken for id 2, my id = 1
java.net.SocketException: Socket closed
	at java.net.SocketInputStream.read(SocketInputStream.java:183)
	at java.net.SocketInputStream.read(SocketInputStream.java:121)
	at java.io.BufferedInputStream.fill(BufferedInputStream.java:246)
	at java.io.BufferedInputStream.read(BufferedInputStream.java:265)
	at java.io.DataInputStream.readInt(DataInputStream.java:387)
	at org.apache.zookeeper.server.quorum.QuorumCnxManager$RecvWorker.run(QuorumCnxManager.java:1385)
2021-11-08 11:09:21,970 [myid:1] - WARN  [RecvWorker:2:QuorumCnxManager$RecvWorker@1403] - Interrupting SendWorker thread from RecvWorker. sid: 2. myId: 1
2021-11-08 11:09:21,967 [myid:2] - WARN  [SendWorker:1:QuorumCnxManager$SendWorker@1283] - Interrupted while waiting for message on queue
java.lang.InterruptedException
	at java.util.concurrent.locks.AbstractQueuedSynchronizer$ConditionObject.reportInterruptAfterWait(AbstractQueuedSynchronizer.java:2014)
	at java.util.concurrent.locks.AbstractQueuedSynchronizer$ConditionObject.awaitNanos(AbstractQueuedSynchronizer.java:2088)
	at org.apache.zookeeper.util.CircularBlockingQueue.poll(CircularBlockingQueue.java:105)
	at org.apache.zookeeper.server.quorum.QuorumCnxManager.pollSendQueue(QuorumCnxManager.java:1448)
	at org.apache.zookeeper.server.quorum.QuorumCnxManager.access$900(QuorumCnxManager.java:99)
	at org.apache.zookeeper.server.quorum.QuorumCnxManager$SendWorker.run(QuorumCnxManager.java:1272)
2021-11-08 11:09:21,971 [myid:2] - WARN  [SendWorker:1:QuorumCnxManager$SendWorker@1295] - Send worker leaving thread id 1 my id = 2
2021-11-08 11:09:21,970 [myid:1] - WARN  [SendWorker:2:QuorumCnxManager$SendWorker@1295] - Send worker leaving thread id 2 my id = 1
2021-11-08 11:09:23,090 [myid:0] - INFO  [WorkerSender[myid=0]:FastLeaderElection$Messenger$WorkerSender@506] - WorkerSender is down
2021-11-08 11:09:23,116 [myid:0] - INFO  [WorkerReceiver[myid=0]:FastLeaderElection$Messenger$WorkerReceiver@472] - WorkerReceiver is down
2021-11-08 11:09:23,153 [myid:1] - INFO  [WorkerSender[myid=1]:FastLeaderElection$Messenger$WorkerSender@506] - WorkerSender is down
2021-11-08 11:09:23,153 [myid:1] - INFO  [WorkerReceiver[myid=1]:FastLeaderElection$Messenger$WorkerReceiver@472] - WorkerReceiver is down
2021-11-08 11:09:23,565 [myid:2] - INFO  [QuorumPeer[myid=2](plain=127.0.0.1:24693)(secure=disabled):Leader@789] - Shutting down
2021-11-08 11:09:23,565 [myid:2] - INFO  [QuorumPeer[myid=2](plain=127.0.0.1:24693)(secure=disabled):Leader@795] - Shutdown called. For the reason Not sufficient followers synced, only synced with sids: [ [2] ]
2021-11-08 11:09:23,565 [myid:2] - WARN  [LearnerCnxAcceptorHandler-/127.0.0.1:24694:Leader$LearnerCnxAcceptor$LearnerCnxAcceptorHandler@526] - Exception while shutting down acceptor.
java.net.SocketException: socket closed
	at java.net.DualStackPlainSocketImpl.accept0(Native Method)
	at java.net.DualStackPlainSocketImpl.socketAccept(DualStackPlainSocketImpl.java:131)
	at java.net.AbstractPlainSocketImpl.accept(AbstractPlainSocketImpl.java:404)
	at java.net.PlainSocketImpl.accept(PlainSocketImpl.java:199)
	at java.net.ServerSocket.implAccept(ServerSocket.java:545)
	at java.net.ServerSocket.accept(ServerSocket.java:513)
	at org.apache.zookeeper.server.quorum.Leader$LearnerCnxAcceptor$LearnerCnxAcceptorHandler.acceptConnections(Leader.java:513)
	at org.apache.zookeeper.server.quorum.Leader$LearnerCnxAcceptor$LearnerCnxAcceptorHandler.run(Leader.java:496)
	at java.util.concurrent.Executors$RunnableAdapter.call(Executors.java:511)
	at java.util.concurrent.FutureTask.run(FutureTask.java:266)
	at java.util.concurrent.ThreadPoolExecutor.runWorker(ThreadPoolExecutor.java:1142)
	at java.util.concurrent.ThreadPoolExecutor$Worker.run(ThreadPoolExecutor.java:617)
	at java.lang.Thread.run(Thread.java:745)
2021-11-08 11:09:23,566 [myid:2] - INFO  [QuorumPeer[myid=2](plain=127.0.0.1:24693)(secure=disabled):ZooKeeperServer@829] - shutting down
2021-11-08 11:09:23,566 [myid:127.0.0.1:24693] - WARN  [main-SendThread(127.0.0.1:24693):ClientCnxn$SendThread@1290] - Session 0x20058058d280000 for sever xmind.net/127.0.0.1:24693, Closing socket connection. Attempting reconnect except it is a SessionExpiredException.
EndOfStreamException: Unable to read additional data from server sessionid 0x20058058d280000, likely server has closed socket
	at org.apache.zookeeper.ClientCnxnSocketNIO.doIO(ClientCnxnSocketNIO.java:77)
	at org.apache.zookeeper.ClientCnxnSocketNIO.doTransport(ClientCnxnSocketNIO.java:350)
	at org.apache.zookeeper.ClientCnxn$SendThread.run(ClientCnxn.java:1280)
2021-11-08 11:09:23,566 [myid:2] - INFO  [QuorumPeer[myid=2](plain=127.0.0.1:24693)(secure=disabled):RequestThrottler@258] - Shutting down
2021-11-08 11:09:23,566 [myid:2] - INFO  [RequestThrottler:RequestThrottler@219] - Draining request throttler queue
2021-11-08 11:09:23,566 [myid:2] - INFO  [RequestThrottler:RequestThrottler@195] - RequestThrottler shutdown. Dropped 0 requests
2021-11-08 11:09:23,566 [myid:2] - INFO  [QuorumPeer[myid=2](plain=127.0.0.1:24693)(secure=disabled):SessionTrackerImpl@252] - Shutting down
2021-11-08 11:09:23,566 [myid:2] - INFO  [QuorumPeer[myid=2](plain=127.0.0.1:24693)(secure=disabled):LeaderRequestProcessor@79] - Shutting down
2021-11-08 11:09:23,566 [myid:2] - INFO  [QuorumPeer[myid=2](plain=127.0.0.1:24693)(secure=disabled):PrepRequestProcessor@1066] - Shutting down
2021-11-08 11:09:23,566 [myid:2] - INFO  [QuorumPeer[myid=2](plain=127.0.0.1:24693)(secure=disabled):ProposalRequestProcessor@95] - Shutting down
2021-11-08 11:09:23,566 [myid:2] - INFO  [ProcessThread(sid:2 cport:-1)::PrepRequestProcessor@161] - PrepRequestProcessor exited loop!
2021-11-08 11:09:23,567 [myid:2] - INFO  [QuorumPeer[myid=2](plain=127.0.0.1:24693)(secure=disabled):CommitProcessor@632] - Shutting down
2021-11-08 11:09:23,567 [myid:2] - INFO  [QuorumPeer[myid=2](plain=127.0.0.1:24693)(secure=disabled):Leader$ToBeAppliedRequestProcessor@1103] - Shutting down
2021-11-08 11:09:23,567 [myid:2] - INFO  [CommitProcessor:2:CommitProcessor@420] - CommitProcessor exited loop!
2021-11-08 11:09:23,567 [myid:2] - INFO  [QuorumPeer[myid=2](plain=127.0.0.1:24693)(secure=disabled):FinalRequestProcessor@684] - shutdown of request processor complete
2021-11-08 11:09:23,567 [myid:2] - INFO  [QuorumPeer[myid=2](plain=127.0.0.1:24693)(secure=disabled):SyncRequestProcessor@255] - Shutting down
2021-11-08 11:09:23,567 [myid:2] - INFO  [SyncThread:2:SyncRequestProcessor@224] - SyncRequestProcessor exited!
2021-11-08 11:09:23,568 [myid:2] - INFO  [QuorumPeer[myid=2](plain=127.0.0.1:24693)(secure=disabled):FileTxnSnapLog@372] - 1 txns loaded in 0 ms
2021-11-08 11:09:23,568 [myid:2] - INFO  [QuorumPeer[myid=2](plain=127.0.0.1:24693)(secure=disabled):QuorumPeer@915] - Peer state changed: looking
2021-11-08 11:09:23,568 [myid:2] - WARN  [QuorumPeer[myid=2](plain=127.0.0.1:24693)(secure=disabled):QuorumPeer@1563] - PeerState set to LOOKING
2021-11-08 11:09:23,568 [myid:2] - INFO  [QuorumPeer[myid=2](plain=127.0.0.1:24693)(secure=disabled):QuorumPeer@1430] - LOOKING
2021-11-08 11:09:23,568 [myid:2] - INFO  [QuorumPeer[myid=2](plain=127.0.0.1:24693)(secure=disabled):FastLeaderElection@947] - New election. My id = 2, proposed zxid=0x100000002
2021-11-08 11:09:23,569 [myid:2] - INFO  [WorkerReceiver[myid=2]:FastLeaderElection$Messenger$WorkerReceiver@390] - Notification: my state:LOOKING; n.sid:2, n.state:LOOKING, n.leader:2, n.round:0x2, n.peerEpoch:0x1, n.zxid:0x100000002, message format version:0x2, n.config version:0x0
2021-11-08 11:09:23,667 [myid:] - INFO  [main:DIFFSyncConsistencyTest@115] - Old leader id: 2. All proposals: {4294967298=2, 4294967298, sessionid:0x20058058d280000 type:create cxid:0x1 zxid:0x100000002 txntype:1 reqpath:n/a}
2021-11-08 11:09:23,667 [myid:] - INFO  [Thread-7:QuorumPeerConfig@174] - Reading configuration from: D:\mysoft\faiscoGit\myStudy\ZooKeeperLearning\apache-zookeeper-3.7.0\zookeeper-server\target\surefire\test29306962596136479.junit.dir\zoo.cfg
2021-11-08 11:09:23,668 [myid:] - INFO  [Thread-7:QuorumPeerConfig@444] - clientPortAddress is 0.0.0.0:24687
2021-11-08 11:09:23,668 [myid:] - INFO  [Thread-7:QuorumPeerConfig@448] - secureClientPort is not set
2021-11-08 11:09:23,668 [myid:] - INFO  [Thread-7:QuorumPeerConfig@464] - observerMasterPort is not set
2021-11-08 11:09:23,668 [myid:] - INFO  [Thread-7:QuorumPeerConfig@481] - metricsProvider.className is org.apache.zookeeper.metrics.impl.DefaultMetricsProvider
2021-11-08 11:09:23,668 [myid:0] - INFO  [Thread-7:DatadirCleanupManager@78] - autopurge.snapRetainCount set to 3
2021-11-08 11:09:23,668 [myid:0] - INFO  [Thread-7:DatadirCleanupManager@79] - autopurge.purgeInterval set to 0
2021-11-08 11:09:23,668 [myid:0] - INFO  [Thread-7:DatadirCleanupManager@101] - Purge task is not scheduled.
2021-11-08 11:09:23,668 [myid:0] - INFO  [Thread-7:ManagedUtil@44] - Log4j 1.2 jmx support found and enabled.
2021-11-08 11:09:23,669 [myid:0] - ERROR [Thread-7:ManagedUtil@109] - Problems while registering log4j 1.2 jmx beans!
javax.management.InstanceAlreadyExistsException: log4j:hierarchy=default
	at com.sun.jmx.mbeanserver.Repository.addMBean(Repository.java:437)
	at com.sun.jmx.interceptor.DefaultMBeanServerInterceptor.registerWithRepository(DefaultMBeanServerInterceptor.java:1898)
	at com.sun.jmx.interceptor.DefaultMBeanServerInterceptor.registerDynamicMBean(DefaultMBeanServerInterceptor.java:966)
	at com.sun.jmx.interceptor.DefaultMBeanServerInterceptor.registerObject(DefaultMBeanServerInterceptor.java:900)
	at com.sun.jmx.interceptor.DefaultMBeanServerInterceptor.registerMBean(DefaultMBeanServerInterceptor.java:324)
	at com.sun.jmx.mbeanserver.JmxMBeanServer.registerMBean(JmxMBeanServer.java:522)
	at org.apache.zookeeper.jmx.ManagedUtil.registerLog4jMBeans(ManagedUtil.java:72)
	at org.apache.zookeeper.server.quorum.QuorumPeerMain.runFromConfig(QuorumPeerMain.java:147)
	at org.apache.zookeeper.server.quorum.QuorumPeerMain.initializeAndRun(QuorumPeerMain.java:137)
	at org.apache.zookeeper.server.quorum.QuorumPeerTestBase$MainThread.run(QuorumPeerTestBase.java:329)
	at java.lang.Thread.run(Thread.java:745)
2021-11-08 11:09:23,669 [myid:0] - WARN  [Thread-7:QuorumPeerMain@149] - Unable to register log4j JMX control
javax.management.JMException: javax.management.InstanceAlreadyExistsException: log4j:hierarchy=default
	at org.apache.zookeeper.jmx.ManagedUtil.registerLog4jMBeans(ManagedUtil.java:110)
	at org.apache.zookeeper.server.quorum.QuorumPeerMain.runFromConfig(QuorumPeerMain.java:147)
	at org.apache.zookeeper.server.quorum.QuorumPeerMain.initializeAndRun(QuorumPeerMain.java:137)
	at org.apache.zookeeper.server.quorum.QuorumPeerTestBase$MainThread.run(QuorumPeerTestBase.java:329)
	at java.lang.Thread.run(Thread.java:745)
2021-11-08 11:09:23,669 [myid:0] - INFO  [Thread-7:QuorumPeerMain@152] - Starting quorum peer, myid=0
2021-11-08 11:09:23,669 [myid:0] - INFO  [Thread-7:ServerMetrics@62] - ServerMetrics initialized with provider org.apache.zookeeper.metrics.impl.DefaultMetricsProvider@3ac6ae65
2021-11-08 11:09:23,669 [myid:0] - INFO  [Thread-7:DigestAuthenticationProvider@61] - zookeeper.DigestAuthenticationProvider.enabled = true
2021-11-08 11:09:23,669 [myid:0] - INFO  [Thread-7:ServerCnxnFactory@169] - Using org.apache.zookeeper.server.NIOServerCnxnFactory as server connection factory
2021-11-08 11:09:23,669 [myid:0] - WARN  [Thread-7:ServerCnxnFactory@309] - maxCnxns is not configured, using default value 0.
2021-11-08 11:09:23,670 [myid:0] - INFO  [Thread-7:NIOServerCnxnFactory@652] - Configuring NIO connection handler with 10s sessionless connection timeout, 1 selector thread(s), 12 worker threads, and 64 kB direct buffers.
2021-11-08 11:09:23,670 [myid:0] - INFO  [Thread-7:NIOServerCnxnFactory@660] - binding to port /127.0.0.1:24687
2021-11-08 11:09:23,671 [myid:0] - INFO  [Thread-7:FileTxnSnapLog@124] - zookeeper.snapshot.trust.empty : false
2021-11-08 11:09:23,671 [myid:0] - INFO  [Thread-7:QuorumPeer@1742] - Local sessions disabled
2021-11-08 11:09:23,671 [myid:0] - INFO  [Thread-7:QuorumPeer@1753] - Local session upgrading disabled
2021-11-08 11:09:23,671 [myid:0] - INFO  [Thread-7:QuorumPeer@1720] - tickTime set to 4000
2021-11-08 11:09:23,671 [myid:0] - INFO  [Thread-7:QuorumPeer@1764] - minSessionTimeout set to 8000
2021-11-08 11:09:23,671 [myid:0] - INFO  [Thread-7:QuorumPeer@1775] - maxSessionTimeout set to 80000
2021-11-08 11:09:23,671 [myid:0] - INFO  [Thread-7:QuorumPeer@1800] - initLimit set to 10
2021-11-08 11:09:23,671 [myid:0] - INFO  [Thread-7:QuorumPeer@1987] - syncLimit set to 5
2021-11-08 11:09:23,671 [myid:0] - INFO  [Thread-7:QuorumPeer@2002] - connectToLearnerMasterLimit set to 5
2021-11-08 11:09:23,671 [myid:0] - INFO  [Thread-7:WatchManagerFactory@42] - Using org.apache.zookeeper.server.watch.WatchManager as watch manager
2021-11-08 11:09:23,671 [myid:0] - INFO  [Thread-7:WatchManagerFactory@42] - Using org.apache.zookeeper.server.watch.WatchManager as watch manager
2021-11-08 11:09:23,671 [myid:0] - INFO  [Thread-7:ZKDatabase@133] - zookeeper.snapshotSizeFactor = 0.33
2021-11-08 11:09:23,671 [myid:0] - INFO  [Thread-7:ZKDatabase@153] - zookeeper.commitLogCount=500
2021-11-08 11:09:23,672 [myid:0] - INFO  [Thread-7:QuorumPeer@2066] - Using insecure (non-TLS) quorum communication
2021-11-08 11:09:23,672 [myid:0] - INFO  [Thread-7:QuorumPeer@2072] - Port unification disabled
2021-11-08 11:09:23,672 [myid:0] - INFO  [Thread-7:QuorumPeer@179] - multiAddress.enabled set to false
2021-11-08 11:09:23,672 [myid:0] - INFO  [Thread-7:QuorumPeer@204] - multiAddress.reachabilityCheckEnabled set to true
2021-11-08 11:09:23,672 [myid:0] - INFO  [Thread-7:QuorumPeer@191] - multiAddress.reachabilityCheckTimeoutMs set to 1000
2021-11-08 11:09:23,672 [myid:0] - INFO  [Thread-7:QuorumPeer@2527] - QuorumPeer communication is not secured! (SASL auth disabled)
2021-11-08 11:09:23,672 [myid:0] - INFO  [Thread-7:QuorumPeer@2552] - quorum.cnxn.threads.size set to 20
2021-11-08 11:09:23,673 [myid:0] - INFO  [Thread-7:FileSnap@85] - Reading snapshot D:\mysoft\faiscoGit\myStudy\ZooKeeperLearning\apache-zookeeper-3.7.0\zookeeper-server\target\surefire\test29306962596136479.junit.dir\data\version-2\snapshot.0
2021-11-08 11:09:23,673 [myid:0] - INFO  [Thread-7:DataTree@1716] - The digest value is empty in snapshot
2021-11-08 11:09:23,674 [myid:0] - INFO  [Thread-7:FileTxnSnapLog@372] - 1 txns loaded in 0 ms
2021-11-08 11:09:23,674 [myid:0] - INFO  [Thread-7:ZKDatabase@290] - Snapshot loaded in 2 ms, highest zxid is 0x100000001, digest is 1371985504
2021-11-08 11:09:23,674 [myid:0] - INFO  [Thread-7:QuorumPeer@2569] - Using 20000ms as the quorum cnxn socket timeout
2021-11-08 11:09:23,675 [myid:0] - INFO  [Thread-7:QuorumCnxManager$Listener@924] - Election port bind maximum retries is 3
2021-11-08 11:09:23,676 [myid:0] - INFO  [QuorumPeer[myid=0](plain=127.0.0.1:24687)(secure=disabled):QuorumPeer@1430] - LOOKING
2021-11-08 11:09:23,676 [myid:0] - INFO  [QuorumPeer[myid=0](plain=127.0.0.1:24687)(secure=disabled):FastLeaderElection@947] - New election. My id = 0, proposed zxid=0x100000001
2021-11-08 11:09:23,676 [myid:0] - INFO  [WorkerReceiver[myid=0]:FastLeaderElection$Messenger$WorkerReceiver@390] - Notification: my state:LOOKING; n.sid:0, n.state:LOOKING, n.leader:0, n.round:0x1, n.peerEpoch:0x1, n.zxid:0x100000001, message format version:0x2, n.config version:0x0
2021-11-08 11:09:23,679 [myid:2] - INFO  [ListenerHandler-/127.0.0.1:24695:QuorumCnxManager$Listener$ListenerHandler@1071] - Received connection request from /127.0.0.1:2550
2021-11-08 11:09:23,679 [myid:0] - INFO  [QuorumConnectionThread-[myid=0]-2:QuorumCnxManager@514] - Have smaller server identifier, so dropping the connection: (myId:0 --> sid:2)
2021-11-08 11:09:23,680 [myid:0] - INFO  [ListenerHandler-/127.0.0.1:24689:QuorumCnxManager$Listener$ListenerHandler@1066] - 0 is accepting connections now, my election bind port: /127.0.0.1:24689
2021-11-08 11:09:23,768 [myid:] - INFO  [main:DIFFSyncConsistencyTest@150] - Follower 0 started.
2021-11-08 11:09:23,768 [myid:] - INFO  [Thread-8:QuorumPeerConfig@174] - Reading configuration from: D:\mysoft\faiscoGit\myStudy\ZooKeeperLearning\apache-zookeeper-3.7.0\zookeeper-server\target\surefire\test6563239305613020678.junit.dir\zoo.cfg
2021-11-08 11:09:23,769 [myid:] - INFO  [Thread-8:QuorumPeerConfig@444] - clientPortAddress is 0.0.0.0:24690
2021-11-08 11:09:23,769 [myid:] - INFO  [Thread-8:QuorumPeerConfig@448] - secureClientPort is not set
2021-11-08 11:09:23,769 [myid:] - INFO  [Thread-8:QuorumPeerConfig@464] - observerMasterPort is not set
2021-11-08 11:09:23,769 [myid:] - INFO  [Thread-8:QuorumPeerConfig@481] - metricsProvider.className is org.apache.zookeeper.metrics.impl.DefaultMetricsProvider
2021-11-08 11:09:23,769 [myid:1] - INFO  [Thread-8:DatadirCleanupManager@78] - autopurge.snapRetainCount set to 3
2021-11-08 11:09:23,769 [myid:1] - INFO  [Thread-8:DatadirCleanupManager@79] - autopurge.purgeInterval set to 0
2021-11-08 11:09:23,769 [myid:1] - INFO  [Thread-8:DatadirCleanupManager@101] - Purge task is not scheduled.
2021-11-08 11:09:23,769 [myid:1] - INFO  [Thread-8:ManagedUtil@44] - Log4j 1.2 jmx support found and enabled.
2021-11-08 11:09:23,769 [myid:1] - ERROR [Thread-8:ManagedUtil@109] - Problems while registering log4j 1.2 jmx beans!
javax.management.InstanceAlreadyExistsException: log4j:hierarchy=default
	at com.sun.jmx.mbeanserver.Repository.addMBean(Repository.java:437)
	at com.sun.jmx.interceptor.DefaultMBeanServerInterceptor.registerWithRepository(DefaultMBeanServerInterceptor.java:1898)
	at com.sun.jmx.interceptor.DefaultMBeanServerInterceptor.registerDynamicMBean(DefaultMBeanServerInterceptor.java:966)
	at com.sun.jmx.interceptor.DefaultMBeanServerInterceptor.registerObject(DefaultMBeanServerInterceptor.java:900)
	at com.sun.jmx.interceptor.DefaultMBeanServerInterceptor.registerMBean(DefaultMBeanServerInterceptor.java:324)
	at com.sun.jmx.mbeanserver.JmxMBeanServer.registerMBean(JmxMBeanServer.java:522)
	at org.apache.zookeeper.jmx.ManagedUtil.registerLog4jMBeans(ManagedUtil.java:72)
	at org.apache.zookeeper.server.quorum.QuorumPeerMain.runFromConfig(QuorumPeerMain.java:147)
	at org.apache.zookeeper.server.quorum.QuorumPeerMain.initializeAndRun(QuorumPeerMain.java:137)
	at org.apache.zookeeper.server.quorum.QuorumPeerTestBase$MainThread.run(QuorumPeerTestBase.java:329)
	at java.lang.Thread.run(Thread.java:745)
2021-11-08 11:09:23,769 [myid:1] - WARN  [Thread-8:QuorumPeerMain@149] - Unable to register log4j JMX control
javax.management.JMException: javax.management.InstanceAlreadyExistsException: log4j:hierarchy=default
	at org.apache.zookeeper.jmx.ManagedUtil.registerLog4jMBeans(ManagedUtil.java:110)
	at org.apache.zookeeper.server.quorum.QuorumPeerMain.runFromConfig(QuorumPeerMain.java:147)
	at org.apache.zookeeper.server.quorum.QuorumPeerMain.initializeAndRun(QuorumPeerMain.java:137)
	at org.apache.zookeeper.server.quorum.QuorumPeerTestBase$MainThread.run(QuorumPeerTestBase.java:329)
	at java.lang.Thread.run(Thread.java:745)
2021-11-08 11:09:23,769 [myid:1] - INFO  [Thread-8:QuorumPeerMain@152] - Starting quorum peer, myid=1
2021-11-08 11:09:23,769 [myid:1] - INFO  [Thread-8:ServerMetrics@62] - ServerMetrics initialized with provider org.apache.zookeeper.metrics.impl.DefaultMetricsProvider@3d9454f9
2021-11-08 11:09:23,770 [myid:1] - INFO  [Thread-8:DigestAuthenticationProvider@61] - zookeeper.DigestAuthenticationProvider.enabled = true
2021-11-08 11:09:23,770 [myid:1] - INFO  [Thread-8:ServerCnxnFactory@169] - Using org.apache.zookeeper.server.NIOServerCnxnFactory as server connection factory
2021-11-08 11:09:23,770 [myid:1] - WARN  [Thread-8:ServerCnxnFactory@309] - maxCnxns is not configured, using default value 0.
2021-11-08 11:09:23,770 [myid:1] - INFO  [Thread-8:NIOServerCnxnFactory@652] - Configuring NIO connection handler with 10s sessionless connection timeout, 1 selector thread(s), 12 worker threads, and 64 kB direct buffers.
2021-11-08 11:09:23,770 [myid:1] - INFO  [Thread-8:NIOServerCnxnFactory@660] - binding to port /127.0.0.1:24690
2021-11-08 11:09:23,771 [myid:1] - INFO  [Thread-8:FileTxnSnapLog@124] - zookeeper.snapshot.trust.empty : false
2021-11-08 11:09:23,771 [myid:1] - INFO  [Thread-8:QuorumPeer@1742] - Local sessions disabled
2021-11-08 11:09:23,771 [myid:1] - INFO  [Thread-8:QuorumPeer@1753] - Local session upgrading disabled
2021-11-08 11:09:23,771 [myid:1] - INFO  [Thread-8:QuorumPeer@1720] - tickTime set to 4000
2021-11-08 11:09:23,771 [myid:1] - INFO  [Thread-8:QuorumPeer@1764] - minSessionTimeout set to 8000
2021-11-08 11:09:23,771 [myid:1] - INFO  [Thread-8:QuorumPeer@1775] - maxSessionTimeout set to 80000
2021-11-08 11:09:23,771 [myid:1] - INFO  [Thread-8:QuorumPeer@1800] - initLimit set to 10
2021-11-08 11:09:23,771 [myid:1] - INFO  [Thread-8:QuorumPeer@1987] - syncLimit set to 5
2021-11-08 11:09:23,771 [myid:1] - INFO  [Thread-8:QuorumPeer@2002] - connectToLearnerMasterLimit set to 5
2021-11-08 11:09:23,771 [myid:1] - INFO  [Thread-8:WatchManagerFactory@42] - Using org.apache.zookeeper.server.watch.WatchManager as watch manager
2021-11-08 11:09:23,771 [myid:1] - INFO  [Thread-8:WatchManagerFactory@42] - Using org.apache.zookeeper.server.watch.WatchManager as watch manager
2021-11-08 11:09:23,771 [myid:1] - INFO  [Thread-8:ZKDatabase@133] - zookeeper.snapshotSizeFactor = 0.33
2021-11-08 11:09:23,771 [myid:1] - INFO  [Thread-8:ZKDatabase@153] - zookeeper.commitLogCount=500
2021-11-08 11:09:23,772 [myid:1] - INFO  [Thread-8:QuorumPeer@2066] - Using insecure (non-TLS) quorum communication
2021-11-08 11:09:23,772 [myid:1] - INFO  [Thread-8:QuorumPeer@2072] - Port unification disabled
2021-11-08 11:09:23,772 [myid:1] - INFO  [Thread-8:QuorumPeer@179] - multiAddress.enabled set to false
2021-11-08 11:09:23,772 [myid:1] - INFO  [Thread-8:QuorumPeer@204] - multiAddress.reachabilityCheckEnabled set to true
2021-11-08 11:09:23,772 [myid:1] - INFO  [Thread-8:QuorumPeer@191] - multiAddress.reachabilityCheckTimeoutMs set to 1000
2021-11-08 11:09:23,772 [myid:1] - INFO  [Thread-8:QuorumPeer@2527] - QuorumPeer communication is not secured! (SASL auth disabled)
2021-11-08 11:09:23,772 [myid:1] - INFO  [Thread-8:QuorumPeer@2552] - quorum.cnxn.threads.size set to 20
2021-11-08 11:09:23,773 [myid:1] - INFO  [Thread-8:FileSnap@85] - Reading snapshot D:\mysoft\faiscoGit\myStudy\ZooKeeperLearning\apache-zookeeper-3.7.0\zookeeper-server\target\surefire\test6563239305613020678.junit.dir\data\version-2\snapshot.0
2021-11-08 11:09:23,775 [myid:1] - INFO  [Thread-8:DataTree@1716] - The digest value is empty in snapshot
2021-11-08 11:09:23,776 [myid:1] - INFO  [Thread-8:FileTxnSnapLog@372] - 1 txns loaded in 0 ms
2021-11-08 11:09:23,776 [myid:1] - INFO  [Thread-8:ZKDatabase@290] - Snapshot loaded in 3 ms, highest zxid is 0x100000001, digest is 1371985504
2021-11-08 11:09:23,776 [myid:1] - INFO  [Thread-8:QuorumPeer@2569] - Using 20000ms as the quorum cnxn socket timeout
2021-11-08 11:09:23,776 [myid:1] - INFO  [Thread-8:QuorumCnxManager$Listener@924] - Election port bind maximum retries is 3
2021-11-08 11:09:23,777 [myid:2] - INFO  [QuorumPeer[myid=2](plain=127.0.0.1:24693)(secure=disabled):FastLeaderElection@984] - Notification time out: 400
2021-11-08 11:09:23,781 [myid:1] - INFO  [QuorumPeer[myid=1](plain=127.0.0.1:24690)(secure=disabled):QuorumPeer@1430] - LOOKING
2021-11-08 11:09:23,781 [myid:1] - INFO  [QuorumPeer[myid=1](plain=127.0.0.1:24690)(secure=disabled):FastLeaderElection@947] - New election. My id = 1, proposed zxid=0x100000001
2021-11-08 11:09:23,782 [myid:1] - INFO  [WorkerReceiver[myid=1]:FastLeaderElection$Messenger$WorkerReceiver@390] - Notification: my state:LOOKING; n.sid:1, n.state:LOOKING, n.leader:1, n.round:0x1, n.peerEpoch:0x1, n.zxid:0x100000001, message format version:0x2, n.config version:0x0
2021-11-08 11:09:23,783 [myid:0] - INFO  [ListenerHandler-/127.0.0.1:24689:QuorumCnxManager$Listener$ListenerHandler@1071] - Received connection request from /127.0.0.1:2558
2021-11-08 11:09:23,792 [myid:1] - INFO  [ListenerHandler-/127.0.0.1:24692:QuorumCnxManager$Listener$ListenerHandler@1066] - 1 is accepting connections now, my election bind port: /127.0.0.1:24692
2021-11-08 11:09:23,792 [myid:1] - INFO  [WorkerReceiver[myid=1]:FastLeaderElection$Messenger$WorkerReceiver@390] - Notification: my state:LOOKING; n.sid:0, n.state:LOOKING, n.leader:0, n.round:0x1, n.peerEpoch:0x1, n.zxid:0x100000001, message format version:0x2, n.config version:0x0
2021-11-08 11:09:23,792 [myid:2] - INFO  [ListenerHandler-/127.0.0.1:24695:QuorumCnxManager$Listener$ListenerHandler@1071] - Received connection request from /127.0.0.1:2559
2021-11-08 11:09:23,792 [myid:1] - INFO  [QuorumConnectionThread-[myid=1]-2:QuorumCnxManager@514] - Have smaller server identifier, so dropping the connection: (myId:1 --> sid:2)
2021-11-08 11:09:23,792 [myid:0] - INFO  [WorkerReceiver[myid=0]:FastLeaderElection$Messenger$WorkerReceiver@390] - Notification: my state:LOOKING; n.sid:1, n.state:LOOKING, n.leader:1, n.round:0x1, n.peerEpoch:0x1, n.zxid:0x100000001, message format version:0x2, n.config version:0x0
2021-11-08 11:09:23,793 [myid:0] - INFO  [WorkerReceiver[myid=0]:FastLeaderElection$Messenger$WorkerReceiver@390] - Notification: my state:LOOKING; n.sid:0, n.state:LOOKING, n.leader:1, n.round:0x1, n.peerEpoch:0x1, n.zxid:0x100000001, message format version:0x2, n.config version:0x0
2021-11-08 11:09:23,793 [myid:1] - INFO  [WorkerReceiver[myid=1]:FastLeaderElection$Messenger$WorkerReceiver@390] - Notification: my state:LOOKING; n.sid:0, n.state:LOOKING, n.leader:1, n.round:0x1, n.peerEpoch:0x1, n.zxid:0x100000001, message format version:0x2, n.config version:0x0
2021-11-08 11:09:23,794 [myid:2] - INFO  [ListenerHandler-/127.0.0.1:24695:QuorumCnxManager$Listener$ListenerHandler@1071] - Received connection request from /127.0.0.1:2564
2021-11-08 11:09:23,794 [myid:0] - INFO  [QuorumConnectionThread-[myid=0]-3:QuorumCnxManager@514] - Have smaller server identifier, so dropping the connection: (myId:0 --> sid:2)
2021-11-08 11:09:23,871 [myid:] - INFO  [main:DIFFSyncConsistencyTest@150] - Follower 1 started.
2021-11-08 11:09:23,997 [myid:0] - INFO  [QuorumPeer[myid=0](plain=127.0.0.1:24687)(secure=disabled):QuorumPeer@901] - Peer state changed: following
2021-11-08 11:09:23,997 [myid:0] - INFO  [QuorumPeer[myid=0](plain=127.0.0.1:24687)(secure=disabled):QuorumPeer@1512] - FOLLOWING
2021-11-08 11:09:23,997 [myid:0] - INFO  [QuorumPeer[myid=0](plain=127.0.0.1:24687)(secure=disabled):ZooKeeperServer@1300] - minSessionTimeout set to 8000
2021-11-08 11:09:23,997 [myid:0] - INFO  [QuorumPeer[myid=0](plain=127.0.0.1:24687)(secure=disabled):ZooKeeperServer@1309] - maxSessionTimeout set to 80000
2021-11-08 11:09:23,997 [myid:0] - INFO  [QuorumPeer[myid=0](plain=127.0.0.1:24687)(secure=disabled):ResponseCache@45] - getData response cache size is initialized with value 400.
2021-11-08 11:09:23,997 [myid:0] - INFO  [QuorumPeer[myid=0](plain=127.0.0.1:24687)(secure=disabled):ResponseCache@45] - getChildren response cache size is initialized with value 400.
2021-11-08 11:09:23,997 [myid:0] - INFO  [QuorumPeer[myid=0](plain=127.0.0.1:24687)(secure=disabled):RequestPathMetricsCollector@109] - zookeeper.pathStats.slotCapacity = 60
2021-11-08 11:09:23,998 [myid:0] - INFO  [QuorumPeer[myid=0](plain=127.0.0.1:24687)(secure=disabled):RequestPathMetricsCollector@110] - zookeeper.pathStats.slotDuration = 15
2021-11-08 11:09:23,998 [myid:1] - INFO  [QuorumPeer[myid=1](plain=127.0.0.1:24690)(secure=disabled):QuorumPeer@901] - Peer state changed: leading
2021-11-08 11:09:23,998 [myid:0] - INFO  [QuorumPeer[myid=0](plain=127.0.0.1:24687)(secure=disabled):RequestPathMetricsCollector@111] - zookeeper.pathStats.maxDepth = 6
2021-11-08 11:09:23,998 [myid:0] - INFO  [QuorumPeer[myid=0](plain=127.0.0.1:24687)(secure=disabled):RequestPathMetricsCollector@112] - zookeeper.pathStats.initialDelay = 5
2021-11-08 11:09:23,998 [myid:0] - INFO  [QuorumPeer[myid=0](plain=127.0.0.1:24687)(secure=disabled):RequestPathMetricsCollector@113] - zookeeper.pathStats.delay = 5
2021-11-08 11:09:23,998 [myid:0] - INFO  [QuorumPeer[myid=0](plain=127.0.0.1:24687)(secure=disabled):RequestPathMetricsCollector@114] - zookeeper.pathStats.enabled = false
2021-11-08 11:09:23,998 [myid:1] - INFO  [QuorumPeer[myid=1](plain=127.0.0.1:24690)(secure=disabled):QuorumPeer@1527] - LEADING
2021-11-08 11:09:23,998 [myid:1] - INFO  [QuorumPeer[myid=1](plain=127.0.0.1:24690)(secure=disabled):ZooKeeperServer@1300] - minSessionTimeout set to 8000
2021-11-08 11:09:23,998 [myid:1] - INFO  [QuorumPeer[myid=1](plain=127.0.0.1:24690)(secure=disabled):ZooKeeperServer@1309] - maxSessionTimeout set to 80000
2021-11-08 11:09:23,998 [myid:1] - INFO  [QuorumPeer[myid=1](plain=127.0.0.1:24690)(secure=disabled):ResponseCache@45] - getData response cache size is initialized with value 400.
2021-11-08 11:09:23,998 [myid:1] - INFO  [QuorumPeer[myid=1](plain=127.0.0.1:24690)(secure=disabled):ResponseCache@45] - getChildren response cache size is initialized with value 400.
2021-11-08 11:09:23,998 [myid:1] - INFO  [QuorumPeer[myid=1](plain=127.0.0.1:24690)(secure=disabled):RequestPathMetricsCollector@109] - zookeeper.pathStats.slotCapacity = 60
2021-11-08 11:09:23,998 [myid:1] - INFO  [QuorumPeer[myid=1](plain=127.0.0.1:24690)(secure=disabled):RequestPathMetricsCollector@110] - zookeeper.pathStats.slotDuration = 15
2021-11-08 11:09:23,998 [myid:1] - INFO  [QuorumPeer[myid=1](plain=127.0.0.1:24690)(secure=disabled):RequestPathMetricsCollector@111] - zookeeper.pathStats.maxDepth = 6
2021-11-08 11:09:23,998 [myid:1] - INFO  [QuorumPeer[myid=1](plain=127.0.0.1:24690)(secure=disabled):RequestPathMetricsCollector@112] - zookeeper.pathStats.initialDelay = 5
2021-11-08 11:09:23,998 [myid:1] - INFO  [QuorumPeer[myid=1](plain=127.0.0.1:24690)(secure=disabled):RequestPathMetricsCollector@113] - zookeeper.pathStats.delay = 5
2021-11-08 11:09:23,998 [myid:1] - INFO  [QuorumPeer[myid=1](plain=127.0.0.1:24690)(secure=disabled):RequestPathMetricsCollector@114] - zookeeper.pathStats.enabled = false
2021-11-08 11:09:23,998 [myid:0] - INFO  [QuorumPeer[myid=0](plain=127.0.0.1:24687)(secure=disabled):ZooKeeperServer@1536] - The max bytes for all large requests are set to 104857600
2021-11-08 11:09:23,998 [myid:0] - INFO  [QuorumPeer[myid=0](plain=127.0.0.1:24687)(secure=disabled):ZooKeeperServer@1550] - The large request threshold is set to -1
2021-11-08 11:09:23,998 [myid:0] - INFO  [QuorumPeer[myid=0](plain=127.0.0.1:24687)(secure=disabled):AuthenticationHelper@66] - zookeeper.enforce.auth.enabled = false
2021-11-08 11:09:23,998 [myid:0] - INFO  [QuorumPeer[myid=0](plain=127.0.0.1:24687)(secure=disabled):AuthenticationHelper@67] - zookeeper.enforce.auth.schemes = []
2021-11-08 11:09:23,998 [myid:0] - INFO  [QuorumPeer[myid=0](plain=127.0.0.1:24687)(secure=disabled):ZooKeeperServer@361] - Created server with tickTime 4000 minSessionTimeout 8000 maxSessionTimeout 80000 clientPortListenBacklog -1 datadir D:\mysoft\faiscoGit\myStudy\ZooKeeperLearning\apache-zookeeper-3.7.0\zookeeper-server\target\surefire\test29306962596136479.junit.dir\data\version-2 snapdir D:\mysoft\faiscoGit\myStudy\ZooKeeperLearning\apache-zookeeper-3.7.0\zookeeper-server\target\surefire\test29306962596136479.junit.dir\data\version-2
2021-11-08 11:09:23,998 [myid:1] - INFO  [QuorumPeer[myid=1](plain=127.0.0.1:24690)(secure=disabled):ZooKeeperServer@1536] - The max bytes for all large requests are set to 104857600
2021-11-08 11:09:23,998 [myid:1] - INFO  [QuorumPeer[myid=1](plain=127.0.0.1:24690)(secure=disabled):ZooKeeperServer@1550] - The large request threshold is set to -1
2021-11-08 11:09:23,999 [myid:1] - INFO  [QuorumPeer[myid=1](plain=127.0.0.1:24690)(secure=disabled):AuthenticationHelper@66] - zookeeper.enforce.auth.enabled = false
2021-11-08 11:09:23,999 [myid:1] - INFO  [QuorumPeer[myid=1](plain=127.0.0.1:24690)(secure=disabled):AuthenticationHelper@67] - zookeeper.enforce.auth.schemes = []
2021-11-08 11:09:23,999 [myid:1] - INFO  [QuorumPeer[myid=1](plain=127.0.0.1:24690)(secure=disabled):ZooKeeperServer@361] - Created server with tickTime 4000 minSessionTimeout 8000 maxSessionTimeout 80000 clientPortListenBacklog -1 datadir D:\mysoft\faiscoGit\myStudy\ZooKeeperLearning\apache-zookeeper-3.7.0\zookeeper-server\target\surefire\test6563239305613020678.junit.dir\data\version-2 snapdir D:\mysoft\faiscoGit\myStudy\ZooKeeperLearning\apache-zookeeper-3.7.0\zookeeper-server\target\surefire\test6563239305613020678.junit.dir\data\version-2
2021-11-08 11:09:23,998 [myid:0] - INFO  [QuorumPeer[myid=0](plain=127.0.0.1:24687)(secure=disabled):Follower@77] - FOLLOWING - LEADER ELECTION TOOK - 322 MS
2021-11-08 11:09:23,999 [myid:1] - INFO  [QuorumPeer[myid=1](plain=127.0.0.1:24690)(secure=disabled):Leader@584] - LEADING - LEADER ELECTION TOOK - 218 MS
2021-11-08 11:09:23,999 [myid:0] - INFO  [QuorumPeer[myid=0](plain=127.0.0.1:24687)(secure=disabled):QuorumPeer@915] - Peer state changed: following - discovery
2021-11-08 11:09:23,999 [myid:1] - INFO  [QuorumPeer[myid=1](plain=127.0.0.1:24690)(secure=disabled):QuorumPeer@915] - Peer state changed: leading - discovery
2021-11-08 11:09:23,999 [myid:1] - INFO  [QuorumPeer[myid=1](plain=127.0.0.1:24690)(secure=disabled):FileTxnSnapLog@479] - Snapshotting: 0x100000001 to D:\mysoft\faiscoGit\myStudy\ZooKeeperLearning\apache-zookeeper-3.7.0\zookeeper-server\target\surefire\test6563239305613020678.junit.dir\data\version-2\snapshot.100000001
2021-11-08 11:09:24,011 [myid:1] - INFO  [QuorumPeer[myid=1](plain=127.0.0.1:24690)(secure=disabled):ZooKeeperServer@543] - Snapshot taken in 12 ms
2021-11-08 11:09:24,011 [myid:0] - INFO  [LeaderConnector-/127.0.0.1:24691:Learner$LeaderConnector@381] - Successfully connected to leader, using address: /127.0.0.1:24691
2021-11-08 11:09:24,052 [myid:1] - INFO  [LearnerHandler-/127.0.0.1:2567:LearnerHandler@506] - Follower sid: 0 : info : 127.0.0.1:24688:24689:participant;127.0.0.1:24687
2021-11-08 11:09:24,060 [myid:1] - INFO  [QuorumPeer[myid=1](plain=127.0.0.1:24690)(secure=disabled):QuorumPeer@1870] - Dynamic reconfig is disabled, we don't store the last seen config.
2021-11-08 11:09:24,064 [myid:1] - INFO  [LearnerHandler-/127.0.0.1:2567:ZKDatabase@346] - On disk txn sync enabled with snapshotSizeFactor 0.33
2021-11-08 11:09:24,064 [myid:0] - INFO  [QuorumPeer[myid=0](plain=127.0.0.1:24687)(secure=disabled):QuorumPeer@915] - Peer state changed: following - synchronization
2021-11-08 11:09:24,064 [myid:1] - INFO  [LearnerHandler-/127.0.0.1:2567:LearnerHandler@801] - Synchronizing with Learner sid: 0 maxCommittedLog=0x100000001 minCommittedLog=0x100000001 lastProcessedZxid=0x100000001 peerLastZxid=0x100000001
2021-11-08 11:09:24,064 [myid:1] - INFO  [LearnerHandler-/127.0.0.1:2567:LearnerHandler@846] - Sending DIFF zxid=0x100000001 for peer sid: 0
2021-11-08 11:09:24,067 [myid:1] - INFO  [QuorumPeer[myid=1](plain=127.0.0.1:24690)(secure=disabled):QuorumPeer@915] - Peer state changed: leading - synchronization
2021-11-08 11:09:24,083 [myid:0] - INFO  [QuorumPeer[myid=0](plain=127.0.0.1:24687)(secure=disabled):Learner@562] - Getting a diff from the leader 0x100000001
2021-11-08 11:09:24,083 [myid:0] - INFO  [QuorumPeer[myid=0](plain=127.0.0.1:24687)(secure=disabled):QuorumPeer@920] - Peer state changed: following - synchronization - diff
2021-11-08 11:09:24,083 [myid:0] - INFO  [QuorumPeer[myid=0](plain=127.0.0.1:24687)(secure=disabled):Learner@734] - Learner received NEWLEADER message
2021-11-08 11:09:24,084 [myid:0] - INFO  [QuorumPeer[myid=0](plain=127.0.0.1:24687)(secure=disabled):QuorumPeer@1870] - Dynamic reconfig is disabled, we don't store the last seen config.
2021-11-08 11:09:24,087 [myid:0] - INFO  [QuorumPeer[myid=0](plain=127.0.0.1:24687)(secure=disabled):QuorumPeer@920] - Peer state changed: following - synchronization
2021-11-08 11:09:24,087 [myid:0] - INFO  [QuorumPeer[myid=0](plain=127.0.0.1:24687)(secure=disabled):CommitProcessor@491] - Configuring CommitProcessor with readBatchSize -1 commitBatchSize 1
2021-11-08 11:09:24,087 [myid:0] - INFO  [QuorumPeer[myid=0](plain=127.0.0.1:24687)(secure=disabled):CommitProcessor@452] - Configuring CommitProcessor with 6 worker threads.
2021-11-08 11:09:24,087 [myid:0] - INFO  [QuorumPeer[myid=0](plain=127.0.0.1:24687)(secure=disabled):FollowerRequestProcessor@59] - Initialized FollowerRequestProcessor with zookeeper.follower.skipLearnerRequestToNextProcessor as false
2021-11-08 11:09:24,131 [myid:1] - INFO  [QuorumPeer[myid=1](plain=127.0.0.1:24690)(secure=disabled):Leader@1495] - Have quorum of supporters, sids: [[0, 1]]; starting up and setting last processed zxid: 0x200000000
2021-11-08 11:09:24,131 [myid:1] - INFO  [QuorumPeer[myid=1](plain=127.0.0.1:24690)(secure=disabled):Leader@1517] - Dynamic reconfig feature is disabled, skip designatedLeader calculation and reconfig processing.
2021-11-08 11:09:24,131 [myid:1] - INFO  [QuorumPeer[myid=1](plain=127.0.0.1:24690)(secure=disabled):CommitProcessor@491] - Configuring CommitProcessor with readBatchSize -1 commitBatchSize 1
2021-11-08 11:09:24,131 [myid:0] - INFO  [ListenerHandler-/127.0.0.1:24689:QuorumCnxManager$Listener$ListenerHandler@1071] - Received connection request from /127.0.0.1:2536
2021-11-08 11:09:24,131 [myid:1] - INFO  [QuorumPeer[myid=1](plain=127.0.0.1:24690)(secure=disabled):CommitProcessor@452] - Configuring CommitProcessor with 6 worker threads.
2021-11-08 11:09:24,131 [myid:1] - INFO  [QuorumPeer[myid=1](plain=127.0.0.1:24690)(secure=disabled):ProposalRequestProcessor@57] - zookeeper.forward_learner_requests_to_commit_processor_disabled = false
2021-11-08 11:09:24,132 [myid:1] - INFO  [QuorumPeer[myid=1](plain=127.0.0.1:24690)(secure=disabled):ContainerManager@84] - Using checkIntervalMs=60000 maxPerMinute=10000 maxNeverUsedIntervalMs=0
2021-11-08 11:09:24,132 [myid:1] - INFO  [QuorumPeer[myid=1](plain=127.0.0.1:24690)(secure=disabled):QuorumPeer@915] - Peer state changed: leading - broadcast
2021-11-08 11:09:24,132 [myid:0] - WARN  [QuorumPeer[myid=0](plain=127.0.0.1:24687)(secure=disabled):Follower@133] - Exception when following the leader
java.net.SocketTimeoutException: Socket timeout while reading the packet for operation UPTODATE ffffffffffffffff null
	at org.apache.zookeeper.server.quorum.DIFFSyncConsistencyTest$CustomQuorumPeer$1.readPacket(DIFFSyncConsistencyTest.java:254)
	at org.apache.zookeeper.server.quorum.Learner.syncWithLeader(Learner.java:625)
	at org.apache.zookeeper.server.quorum.Follower.followLeader(Follower.java:109)
	at org.apache.zookeeper.server.quorum.QuorumPeer.run(QuorumPeer.java:1515)
2021-11-08 11:09:24,132 [myid:1] - ERROR [LearnerHandler-/127.0.0.1:2567:LearnerHandler@715] - Unexpected exception in LearnerHandler: 
java.io.EOFException
	at java.io.DataInputStream.readInt(DataInputStream.java:392)
	at org.apache.jute.BinaryInputArchive.readInt(BinaryInputArchive.java:96)
	at org.apache.zookeeper.server.quorum.QuorumPacket.deserialize(QuorumPacket.java:86)
	at org.apache.jute.BinaryInputArchive.readRecord(BinaryInputArchive.java:134)
	at org.apache.zookeeper.server.quorum.LearnerHandler.run(LearnerHandler.java:652)
2021-11-08 11:09:24,132 [myid:0] - INFO  [QuorumPeer[myid=0](plain=127.0.0.1:24687)(secure=disabled):Follower@147] - Disconnected from leader (with address: /127.0.0.1:24691). Was connected for 115ms. Sync state: false
2021-11-08 11:09:24,132 [myid:0] - INFO  [QuorumPeer[myid=0](plain=127.0.0.1:24687)(secure=disabled):Follower@291] - shutdown Follower
2021-11-08 11:09:24,133 [myid:0] - INFO  [QuorumPeer[myid=0](plain=127.0.0.1:24687)(secure=disabled):QuorumPeer@915] - Peer state changed: looking
2021-11-08 11:09:24,133 [myid:0] - WARN  [QuorumPeer[myid=0](plain=127.0.0.1:24687)(secure=disabled):QuorumPeer@1563] - PeerState set to LOOKING
2021-11-08 11:09:24,133 [myid:0] - INFO  [QuorumPeer[myid=0](plain=127.0.0.1:24687)(secure=disabled):QuorumPeer@1430] - LOOKING
2021-11-08 11:09:24,132 [myid:1] - INFO  [LearnerHandler-/127.0.0.1:2567:LearnerHandler@1155] - Synchronously closing socket to learner 0.
2021-11-08 11:09:24,133 [myid:1] - WARN  [LearnerHandler-/127.0.0.1:2567:LearnerHandler@731] - ******* GOODBYE /127.0.0.1:2567 ********
2021-11-08 11:09:24,133 [myid:0] - INFO  [QuorumPeer[myid=0](plain=127.0.0.1:24687)(secure=disabled):FastLeaderElection@947] - New election. My id = 0, proposed zxid=0x100000001
2021-11-08 11:09:24,138 [myid:0] - INFO  [WorkerReceiver[myid=0]:FastLeaderElection$Messenger$WorkerReceiver@390] - Notification: my state:LOOKING; n.sid:0, n.state:LOOKING, n.leader:0, n.round:0x2, n.peerEpoch:0x2, n.zxid:0x100000001, message format version:0x2, n.config version:0x0
2021-11-08 11:09:24,138 [myid:1] - INFO  [WorkerReceiver[myid=1]:FastLeaderElection$Messenger$WorkerReceiver@390] - Notification: my state:LEADING; n.sid:0, n.state:LOOKING, n.leader:0, n.round:0x2, n.peerEpoch:0x2, n.zxid:0x100000001, message format version:0x2, n.config version:0x0
2021-11-08 11:09:24,139 [myid:0] - INFO  [WorkerReceiver[myid=0]:FastLeaderElection$Messenger$WorkerReceiver@390] - Notification: my state:LOOKING; n.sid:1, n.state:LEADING, n.leader:1, n.round:0x1, n.peerEpoch:0x2, n.zxid:0x100000001, message format version:0x2, n.config version:0x0
2021-11-08 11:09:24,156 [myid:1] - INFO  [ListenerHandler-/127.0.0.1:24692:QuorumCnxManager$Listener$ListenerHandler@1071] - Received connection request from /127.0.0.1:2537
2021-11-08 11:09:24,345 [myid:1] - INFO  [ProcessThread(sid:1 cport:-1)::PrepRequestProcessor@137] - PrepRequestProcessor (sid:1) started, reconfigEnabled=false
2021-11-08 11:09:24,345 [myid:0] - INFO  [QuorumConnectionThread-[myid=0]-1:QuorumCnxManager@514] - Have smaller server identifier, so dropping the connection: (myId:0 --> sid:1)
2021-11-08 11:09:24,345 [myid:0] - INFO  [QuorumPeer[myid=0](plain=127.0.0.1:24687)(secure=disabled):FastLeaderElection@984] - Notification time out: 400
2021-11-08 11:09:24,345 [myid:1] - INFO  [ListenerHandler-/127.0.0.1:24692:QuorumCnxManager$Listener$ListenerHandler@1071] - Received connection request from /127.0.0.1:2549
2021-11-08 11:09:24,346 [myid:0] - INFO  [WorkerReceiver[myid=0]:FastLeaderElection$Messenger$WorkerReceiver@390] - Notification: my state:LOOKING; n.sid:0, n.state:LOOKING, n.leader:0, n.round:0x2, n.peerEpoch:0x2, n.zxid:0x100000001, message format version:0x2, n.config version:0x0
2021-11-08 11:09:24,346 [myid:1] - INFO  [WorkerReceiver[myid=1]:FastLeaderElection$Messenger$WorkerReceiver@390] - Notification: my state:LEADING; n.sid:0, n.state:LOOKING, n.leader:0, n.round:0x2, n.peerEpoch:0x2, n.zxid:0x100000001, message format version:0x2, n.config version:0x0
2021-11-08 11:09:24,347 [myid:2] - INFO  [WorkerReceiver[myid=2]:FastLeaderElection$Messenger$WorkerReceiver@390] - Notification: my state:LOOKING; n.sid:0, n.state:LOOKING, n.leader:0, n.round:0x2, n.peerEpoch:0x2, n.zxid:0x100000001, message format version:0x2, n.config version:0x0
2021-11-08 11:09:24,347 [myid:2] - INFO  [WorkerReceiver[myid=2]:FastLeaderElection$Messenger$WorkerReceiver@390] - Notification: my state:LOOKING; n.sid:0, n.state:LOOKING, n.leader:0, n.round:0x2, n.peerEpoch:0x2, n.zxid:0x100000001, message format version:0x2, n.config version:0x0
2021-11-08 11:09:24,347 [myid:2] - INFO  [QuorumPeer[myid=2](plain=127.0.0.1:24693)(secure=disabled):FastLeaderElection@984] - Notification time out: 800
2021-11-08 11:09:24,348 [myid:2] - INFO  [WorkerReceiver[myid=2]:FastLeaderElection$Messenger$WorkerReceiver@390] - Notification: my state:LOOKING; n.sid:2, n.state:LOOKING, n.leader:2, n.round:0x2, n.peerEpoch:0x1, n.zxid:0x100000002, message format version:0x2, n.config version:0x0
2021-11-08 11:09:24,348 [myid:2] - INFO  [WorkerReceiver[myid=2]:FastLeaderElection$Messenger$WorkerReceiver@390] - Notification: my state:LOOKING; n.sid:2, n.state:LOOKING, n.leader:0, n.round:0x2, n.peerEpoch:0x2, n.zxid:0x100000001, message format version:0x2, n.config version:0x0
2021-11-08 11:09:24,372 [myid:0] - WARN  [RecvWorker:1:QuorumCnxManager$RecvWorker@1397] - Connection broken for id 1, my id = 0
java.io.EOFException
	at java.io.DataInputStream.readInt(DataInputStream.java:392)
	at org.apache.zookeeper.server.quorum.QuorumCnxManager$RecvWorker.run(QuorumCnxManager.java:1385)
2021-11-08 11:09:24,372 [myid:1] - WARN  [RecvWorker:0:QuorumCnxManager$RecvWorker@1397] - Connection broken for id 0, my id = 1
java.net.SocketException: Socket closed
	at java.net.SocketInputStream.socketRead0(Native Method)
	at java.net.SocketInputStream.read(SocketInputStream.java:150)
	at java.net.SocketInputStream.read(SocketInputStream.java:121)
	at java.io.BufferedInputStream.fill(BufferedInputStream.java:246)
	at java.io.BufferedInputStream.read(BufferedInputStream.java:265)
	at java.io.DataInputStream.readInt(DataInputStream.java:387)
	at org.apache.zookeeper.server.quorum.QuorumCnxManager$RecvWorker.run(QuorumCnxManager.java:1385)
2021-11-08 11:09:24,373 [myid:1] - WARN  [RecvWorker:0:QuorumCnxManager$RecvWorker@1403] - Interrupting SendWorker thread from RecvWorker. sid: 0. myId: 1
2021-11-08 11:09:24,373 [myid:0] - WARN  [RecvWorker:1:QuorumCnxManager$RecvWorker@1403] - Interrupting SendWorker thread from RecvWorker. sid: 1. myId: 0
2021-11-08 11:09:24,373 [myid:0] - INFO  [WorkerReceiver[myid=0]:FastLeaderElection$Messenger$WorkerReceiver@390] - Notification: my state:LOOKING; n.sid:2, n.state:LOOKING, n.leader:2, n.round:0x2, n.peerEpoch:0x1, n.zxid:0x100000002, message format version:0x2, n.config version:0x0
2021-11-08 11:09:24,373 [myid:0] - WARN  [SendWorker:1:QuorumCnxManager$SendWorker@1283] - Interrupted while waiting for message on queue
java.lang.InterruptedException
	at java.util.concurrent.locks.AbstractQueuedSynchronizer$ConditionObject.reportInterruptAfterWait(AbstractQueuedSynchronizer.java:2014)
	at java.util.concurrent.locks.AbstractQueuedSynchronizer$ConditionObject.awaitNanos(AbstractQueuedSynchronizer.java:2088)
	at org.apache.zookeeper.util.CircularBlockingQueue.poll(CircularBlockingQueue.java:105)
	at org.apache.zookeeper.server.quorum.QuorumCnxManager.pollSendQueue(QuorumCnxManager.java:1448)
	at org.apache.zookeeper.server.quorum.QuorumCnxManager.access$900(QuorumCnxManager.java:99)
	at org.apache.zookeeper.server.quorum.QuorumCnxManager$SendWorker.run(QuorumCnxManager.java:1272)
2021-11-08 11:09:24,373 [myid:0] - WARN  [SendWorker:1:QuorumCnxManager$SendWorker@1295] - Send worker leaving thread id 1 my id = 0
2021-11-08 11:09:24,373 [myid:1] - WARN  [SendWorker:0:QuorumCnxManager$SendWorker@1287] - Exception when using channel: for id 0 my id = 1
java.net.SocketException: Socket closed
	at java.net.SocketOutputStream.socketWrite(SocketOutputStream.java:116)
	at java.net.SocketOutputStream.write(SocketOutputStream.java:132)
	at java.io.DataOutputStream.writeInt(DataOutputStream.java:197)
	at org.apache.zookeeper.server.quorum.QuorumCnxManager$SendWorker.send(QuorumCnxManager.java:1229)
	at org.apache.zookeeper.server.quorum.QuorumCnxManager$SendWorker.run(QuorumCnxManager.java:1280)
2021-11-08 11:09:24,374 [myid:1] - WARN  [SendWorker:0:QuorumCnxManager$SendWorker@1295] - Send worker leaving thread id 0 my id = 1
2021-11-08 11:09:24,373 [myid:2] - INFO  [WorkerReceiver[myid=2]:FastLeaderElection$Messenger$WorkerReceiver@390] - Notification: my state:LOOKING; n.sid:1, n.state:LOOKING, n.leader:1, n.round:0x1, n.peerEpoch:0x1, n.zxid:0x100000001, message format version:0x2, n.config version:0x0
2021-11-08 11:09:24,374 [myid:0] - INFO  [WorkerReceiver[myid=0]:FastLeaderElection$Messenger$WorkerReceiver@390] - Notification: my state:LOOKING; n.sid:2, n.state:LOOKING, n.leader:0, n.round:0x2, n.peerEpoch:0x2, n.zxid:0x100000001, message format version:0x2, n.config version:0x0
2021-11-08 11:09:24,374 [myid:1] - INFO  [WorkerReceiver[myid=1]:FastLeaderElection$Messenger$WorkerReceiver@390] - Notification: my state:LEADING; n.sid:2, n.state:LOOKING, n.leader:0, n.round:0x2, n.peerEpoch:0x2, n.zxid:0x100000001, message format version:0x2, n.config version:0x0
2021-11-08 11:09:24,375 [myid:2] - INFO  [WorkerReceiver[myid=2]:FastLeaderElection$Messenger$WorkerReceiver@390] - Notification: my state:LOOKING; n.sid:1, n.state:LEADING, n.leader:1, n.round:0x1, n.peerEpoch:0x2, n.zxid:0x100000001, message format version:0x2, n.config version:0x0
2021-11-08 11:09:24,375 [myid:1] - INFO  [WorkerReceiver[myid=1]:FastLeaderElection$Messenger$WorkerReceiver@390] - Notification: my state:LEADING; n.sid:2, n.state:LOOKING, n.leader:0, n.round:0x2, n.peerEpoch:0x2, n.zxid:0x100000001, message format version:0x2, n.config version:0x0
2021-11-08 11:09:24,377 [myid:2] - INFO  [WorkerReceiver[myid=2]:FastLeaderElection$Messenger$WorkerReceiver@390] - Notification: my state:LOOKING; n.sid:1, n.state:LEADING, n.leader:1, n.round:0x1, n.peerEpoch:0x2, n.zxid:0x100000001, message format version:0x2, n.config version:0x0
2021-11-08 11:09:24,407 [myid:0] - INFO  [ListenerHandler-/127.0.0.1:24689:QuorumCnxManager$Listener$ListenerHandler@1071] - Received connection request from /127.0.0.1:2571
2021-11-08 11:09:24,493 [myid:0] - INFO  [WorkerReceiver[myid=0]:FastLeaderElection$Messenger$WorkerReceiver@390] - Notification: my state:LOOKING; n.sid:1, n.state:LEADING, n.leader:1, n.round:0x1, n.peerEpoch:0x2, n.zxid:0x100000001, message format version:0x2, n.config version:0x0
2021-11-08 11:09:24,493 [myid:1] - INFO  [WorkerReceiver[myid=1]:FastLeaderElection$Messenger$WorkerReceiver@390] - Notification: my state:LEADING; n.sid:0, n.state:LOOKING, n.leader:0, n.round:0x2, n.peerEpoch:0x2, n.zxid:0x100000001, message format version:0x2, n.config version:0x0
2021-11-08 11:09:24,494 [myid:0] - INFO  [WorkerReceiver[myid=0]:FastLeaderElection$Messenger$WorkerReceiver@390] - Notification: my state:LOOKING; n.sid:1, n.state:LEADING, n.leader:1, n.round:0x1, n.peerEpoch:0x2, n.zxid:0x100000001, message format version:0x2, n.config version:0x0
2021-11-08 11:09:24,903 [myid:0] - INFO  [WorkerReceiver[myid=0]:FastLeaderElection$Messenger$WorkerReceiver@390] - Notification: my state:LOOKING; n.sid:0, n.state:LOOKING, n.leader:0, n.round:0x2, n.peerEpoch:0x2, n.zxid:0x100000001, message format version:0x2, n.config version:0x0
2021-11-08 11:09:24,905 [myid:1] - INFO  [WorkerReceiver[myid=1]:FastLeaderElection$Messenger$WorkerReceiver@390] - Notification: my state:LEADING; n.sid:0, n.state:LOOKING, n.leader:0, n.round:0x2, n.peerEpoch:0x2, n.zxid:0x100000001, message format version:0x2, n.config version:0x0
2021-11-08 11:09:24,906 [myid:0] - INFO  [WorkerReceiver[myid=0]:FastLeaderElection$Messenger$WorkerReceiver@390] - Notification: my state:LOOKING; n.sid:1, n.state:LEADING, n.leader:1, n.round:0x1, n.peerEpoch:0x2, n.zxid:0x100000001, message format version:0x2, n.config version:0x0
2021-11-08 11:09:24,906 [myid:0] - INFO  [QuorumPeer[myid=0](plain=127.0.0.1:24687)(secure=disabled):FastLeaderElection@984] - Notification time out: 800
2021-11-08 11:09:24,906 [myid:2] - INFO  [WorkerReceiver[myid=2]:FastLeaderElection$Messenger$WorkerReceiver@390] - Notification: my state:LOOKING; n.sid:0, n.state:LOOKING, n.leader:0, n.round:0x2, n.peerEpoch:0x2, n.zxid:0x100000001, message format version:0x2, n.config version:0x0
2021-11-08 11:09:25,107 [myid:2] - INFO  [QuorumPeer[myid=2](plain=127.0.0.1:24693)(secure=disabled):QuorumPeer@901] - Peer state changed: following
2021-11-08 11:09:25,107 [myid:2] - INFO  [QuorumPeer[myid=2](plain=127.0.0.1:24693)(secure=disabled):QuorumPeer@1512] - FOLLOWING
2021-11-08 11:09:25,107 [myid:2] - INFO  [QuorumPeer[myid=2](plain=127.0.0.1:24693)(secure=disabled):ZooKeeperServer@1300] - minSessionTimeout set to 8000
2021-11-08 11:09:25,107 [myid:2] - INFO  [QuorumPeer[myid=2](plain=127.0.0.1:24693)(secure=disabled):ZooKeeperServer@1309] - maxSessionTimeout set to 80000
2021-11-08 11:09:25,107 [myid:2] - INFO  [QuorumPeer[myid=2](plain=127.0.0.1:24693)(secure=disabled):ResponseCache@45] - getData response cache size is initialized with value 400.
2021-11-08 11:09:25,107 [myid:2] - INFO  [QuorumPeer[myid=2](plain=127.0.0.1:24693)(secure=disabled):ResponseCache@45] - getChildren response cache size is initialized with value 400.
2021-11-08 11:09:25,107 [myid:2] - INFO  [QuorumPeer[myid=2](plain=127.0.0.1:24693)(secure=disabled):RequestPathMetricsCollector@109] - zookeeper.pathStats.slotCapacity = 60
2021-11-08 11:09:25,107 [myid:2] - INFO  [QuorumPeer[myid=2](plain=127.0.0.1:24693)(secure=disabled):RequestPathMetricsCollector@110] - zookeeper.pathStats.slotDuration = 15
2021-11-08 11:09:25,107 [myid:2] - INFO  [QuorumPeer[myid=2](plain=127.0.0.1:24693)(secure=disabled):RequestPathMetricsCollector@111] - zookeeper.pathStats.maxDepth = 6
2021-11-08 11:09:25,107 [myid:2] - INFO  [QuorumPeer[myid=2](plain=127.0.0.1:24693)(secure=disabled):RequestPathMetricsCollector@112] - zookeeper.pathStats.initialDelay = 5
2021-11-08 11:09:25,107 [myid:2] - INFO  [QuorumPeer[myid=2](plain=127.0.0.1:24693)(secure=disabled):RequestPathMetricsCollector@113] - zookeeper.pathStats.delay = 5
2021-11-08 11:09:25,107 [myid:2] - INFO  [QuorumPeer[myid=2](plain=127.0.0.1:24693)(secure=disabled):RequestPathMetricsCollector@114] - zookeeper.pathStats.enabled = false
2021-11-08 11:09:25,107 [myid:2] - INFO  [QuorumPeer[myid=2](plain=127.0.0.1:24693)(secure=disabled):ZooKeeperServer@1536] - The max bytes for all large requests are set to 104857600
2021-11-08 11:09:25,107 [myid:2] - INFO  [QuorumPeer[myid=2](plain=127.0.0.1:24693)(secure=disabled):ZooKeeperServer@1550] - The large request threshold is set to -1
2021-11-08 11:09:25,107 [myid:2] - INFO  [QuorumPeer[myid=2](plain=127.0.0.1:24693)(secure=disabled):AuthenticationHelper@66] - zookeeper.enforce.auth.enabled = false
2021-11-08 11:09:25,107 [myid:2] - INFO  [QuorumPeer[myid=2](plain=127.0.0.1:24693)(secure=disabled):AuthenticationHelper@67] - zookeeper.enforce.auth.schemes = []
2021-11-08 11:09:25,107 [myid:2] - INFO  [QuorumPeer[myid=2](plain=127.0.0.1:24693)(secure=disabled):ZooKeeperServer@361] - Created server with tickTime 10000 minSessionTimeout 8000 maxSessionTimeout 80000 clientPortListenBacklog -1 datadir D:\mysoft\faiscoGit\myStudy\ZooKeeperLearning\apache-zookeeper-3.7.0\zookeeper-server\target\surefire\test5579668075380062502.junit.dir\data\version-2 snapdir D:\mysoft\faiscoGit\myStudy\ZooKeeperLearning\apache-zookeeper-3.7.0\zookeeper-server\target\surefire\test5579668075380062502.junit.dir\data\version-2
2021-11-08 11:09:25,107 [myid:2] - INFO  [QuorumPeer[myid=2](plain=127.0.0.1:24693)(secure=disabled):Follower@77] - FOLLOWING - LEADER ELECTION TOOK - 1540 MS
2021-11-08 11:09:25,108 [myid:2] - INFO  [QuorumPeer[myid=2](plain=127.0.0.1:24693)(secure=disabled):QuorumPeer@915] - Peer state changed: following - discovery
2021-11-08 11:09:25,544 [myid:127.0.0.1:24693] - INFO  [main-SendThread(127.0.0.1:24693):ClientCnxn$SendThread@1171] - Opening socket connection to server xmind.net/127.0.0.1:24693.
2021-11-08 11:09:25,544 [myid:127.0.0.1:24693] - INFO  [main-SendThread(127.0.0.1:24693):ClientCnxn$SendThread@1173] - SASL config status: Will not attempt to authenticate using SASL (unknown error)
2021-11-08 11:09:25,545 [myid:127.0.0.1:24693] - INFO  [main-SendThread(127.0.0.1:24693):ClientCnxn$SendThread@1005] - Socket connection established, initiating session, client: /127.0.0.1:2607, server: xmind.net/127.0.0.1:24693
2021-11-08 11:09:25,560 [myid:2] - WARN  [NIOWorkerThread-5:NIOServerCnxn@380] - Close of session 0x0
java.io.IOException: ZooKeeperServer not running
	at org.apache.zookeeper.server.NIOServerCnxn.readLength(NIOServerCnxn.java:554)
	at org.apache.zookeeper.server.NIOServerCnxn.doIO(NIOServerCnxn.java:339)
	at org.apache.zookeeper.server.NIOServerCnxnFactory$IOWorkRequest.doWork(NIOServerCnxnFactory.java:508)
	at org.apache.zookeeper.server.WorkerService$ScheduledWorkRequest.run(WorkerService.java:154)
	at java.util.concurrent.ThreadPoolExecutor.runWorker(ThreadPoolExecutor.java:1142)
	at java.util.concurrent.ThreadPoolExecutor$Worker.run(ThreadPoolExecutor.java:617)
	at java.lang.Thread.run(Thread.java:745)
2021-11-08 11:09:25,560 [myid:127.0.0.1:24693] - WARN  [main-SendThread(127.0.0.1:24693):ClientCnxn$SendThread@1290] - Session 0x20058058d280000 for sever xmind.net/127.0.0.1:24693, Closing socket connection. Attempting reconnect except it is a SessionExpiredException.
EndOfStreamException: Unable to read additional data from server sessionid 0x20058058d280000, likely server has closed socket
	at org.apache.zookeeper.ClientCnxnSocketNIO.doIO(ClientCnxnSocketNIO.java:77)
	at org.apache.zookeeper.ClientCnxnSocketNIO.doTransport(ClientCnxnSocketNIO.java:350)
	at org.apache.zookeeper.ClientCnxn$SendThread.run(ClientCnxn.java:1280)
2021-11-08 11:09:25,679 [myid:2] - INFO  [SessionTracker:SessionTrackerImpl@175] - SessionTrackerImpl exited loop!
2021-11-08 11:09:25,708 [myid:0] - INFO  [WorkerReceiver[myid=0]:FastLeaderElection$Messenger$WorkerReceiver@390] - Notification: my state:LOOKING; n.sid:0, n.state:LOOKING, n.leader:0, n.round:0x2, n.peerEpoch:0x2, n.zxid:0x100000001, message format version:0x2, n.config version:0x0
2021-11-08 11:09:25,708 [myid:0] - INFO  [QuorumPeer[myid=0](plain=127.0.0.1:24687)(secure=disabled):FastLeaderElection@984] - Notification time out: 1600
2021-11-08 11:09:25,708 [myid:1] - INFO  [WorkerReceiver[myid=1]:FastLeaderElection$Messenger$WorkerReceiver@390] - Notification: my state:LEADING; n.sid:0, n.state:LOOKING, n.leader:0, n.round:0x2, n.peerEpoch:0x2, n.zxid:0x100000001, message format version:0x2, n.config version:0x0
2021-11-08 11:09:25,708 [myid:2] - INFO  [WorkerReceiver[myid=2]:FastLeaderElection$Messenger$WorkerReceiver@390] - Notification: my state:FOLLOWING; n.sid:0, n.state:LOOKING, n.leader:0, n.round:0x2, n.peerEpoch:0x2, n.zxid:0x100000001, message format version:0x2, n.config version:0x0
2021-11-08 11:09:25,709 [myid:0] - INFO  [WorkerReceiver[myid=0]:FastLeaderElection$Messenger$WorkerReceiver@390] - Notification: my state:LOOKING; n.sid:1, n.state:LEADING, n.leader:1, n.round:0x1, n.peerEpoch:0x2, n.zxid:0x100000001, message format version:0x2, n.config version:0x0
2021-11-08 11:09:25,709 [myid:0] - INFO  [WorkerReceiver[myid=0]:FastLeaderElection$Messenger$WorkerReceiver@390] - Notification: my state:LOOKING; n.sid:2, n.state:FOLLOWING, n.leader:0, n.round:0x2, n.peerEpoch:0x2, n.zxid:0x100000001, message format version:0x2, n.config version:0x0
2021-11-08 11:09:25,709 [myid:0] - INFO  [QuorumPeer[myid=0](plain=127.0.0.1:24687)(secure=disabled):QuorumPeer@901] - Peer state changed: leading
2021-11-08 11:09:25,709 [myid:0] - INFO  [QuorumPeer[myid=0](plain=127.0.0.1:24687)(secure=disabled):QuorumPeer@1527] - LEADING
2021-11-08 11:09:25,709 [myid:0] - INFO  [QuorumPeer[myid=0](plain=127.0.0.1:24687)(secure=disabled):ZooKeeperServer@1300] - minSessionTimeout set to 8000
2021-11-08 11:09:25,709 [myid:0] - INFO  [QuorumPeer[myid=0](plain=127.0.0.1:24687)(secure=disabled):ZooKeeperServer@1309] - maxSessionTimeout set to 80000
2021-11-08 11:09:25,709 [myid:0] - INFO  [QuorumPeer[myid=0](plain=127.0.0.1:24687)(secure=disabled):ResponseCache@45] - getData response cache size is initialized with value 400.
2021-11-08 11:09:25,709 [myid:0] - INFO  [QuorumPeer[myid=0](plain=127.0.0.1:24687)(secure=disabled):ResponseCache@45] - getChildren response cache size is initialized with value 400.
2021-11-08 11:09:25,709 [myid:0] - INFO  [QuorumPeer[myid=0](plain=127.0.0.1:24687)(secure=disabled):RequestPathMetricsCollector@109] - zookeeper.pathStats.slotCapacity = 60
2021-11-08 11:09:25,709 [myid:0] - INFO  [QuorumPeer[myid=0](plain=127.0.0.1:24687)(secure=disabled):RequestPathMetricsCollector@110] - zookeeper.pathStats.slotDuration = 15
2021-11-08 11:09:25,709 [myid:0] - INFO  [QuorumPeer[myid=0](plain=127.0.0.1:24687)(secure=disabled):RequestPathMetricsCollector@111] - zookeeper.pathStats.maxDepth = 6
2021-11-08 11:09:25,709 [myid:0] - INFO  [QuorumPeer[myid=0](plain=127.0.0.1:24687)(secure=disabled):RequestPathMetricsCollector@112] - zookeeper.pathStats.initialDelay = 5
2021-11-08 11:09:25,709 [myid:0] - INFO  [QuorumPeer[myid=0](plain=127.0.0.1:24687)(secure=disabled):RequestPathMetricsCollector@113] - zookeeper.pathStats.delay = 5
2021-11-08 11:09:25,709 [myid:0] - INFO  [QuorumPeer[myid=0](plain=127.0.0.1:24687)(secure=disabled):RequestPathMetricsCollector@114] - zookeeper.pathStats.enabled = false
2021-11-08 11:09:25,709 [myid:0] - INFO  [QuorumPeer[myid=0](plain=127.0.0.1:24687)(secure=disabled):ZooKeeperServer@1536] - The max bytes for all large requests are set to 104857600
2021-11-08 11:09:25,709 [myid:0] - INFO  [QuorumPeer[myid=0](plain=127.0.0.1:24687)(secure=disabled):ZooKeeperServer@1550] - The large request threshold is set to -1
2021-11-08 11:09:25,709 [myid:0] - INFO  [QuorumPeer[myid=0](plain=127.0.0.1:24687)(secure=disabled):AuthenticationHelper@66] - zookeeper.enforce.auth.enabled = false
2021-11-08 11:09:25,709 [myid:0] - INFO  [QuorumPeer[myid=0](plain=127.0.0.1:24687)(secure=disabled):AuthenticationHelper@67] - zookeeper.enforce.auth.schemes = []
2021-11-08 11:09:25,710 [myid:0] - INFO  [QuorumPeer[myid=0](plain=127.0.0.1:24687)(secure=disabled):ZooKeeperServer@361] - Created server with tickTime 4000 minSessionTimeout 8000 maxSessionTimeout 80000 clientPortListenBacklog -1 datadir D:\mysoft\faiscoGit\myStudy\ZooKeeperLearning\apache-zookeeper-3.7.0\zookeeper-server\target\surefire\test29306962596136479.junit.dir\data\version-2 snapdir D:\mysoft\faiscoGit\myStudy\ZooKeeperLearning\apache-zookeeper-3.7.0\zookeeper-server\target\surefire\test29306962596136479.junit.dir\data\version-2
2021-11-08 11:09:25,710 [myid:0] - INFO  [QuorumPeer[myid=0](plain=127.0.0.1:24687)(secure=disabled):Leader@584] - LEADING - LEADER ELECTION TOOK - 1577 MS
2021-11-08 11:09:25,710 [myid:0] - INFO  [QuorumPeer[myid=0](plain=127.0.0.1:24687)(secure=disabled):QuorumPeer@915] - Peer state changed: leading - discovery
2021-11-08 11:09:25,710 [myid:0] - INFO  [QuorumPeer[myid=0](plain=127.0.0.1:24687)(secure=disabled):FileTxnSnapLog@479] - Snapshotting: 0x100000001 to D:\mysoft\faiscoGit\myStudy\ZooKeeperLearning\apache-zookeeper-3.7.0\zookeeper-server\target\surefire\test29306962596136479.junit.dir\data\version-2\snapshot.100000001
2021-11-08 11:09:25,711 [myid:0] - INFO  [QuorumPeer[myid=0](plain=127.0.0.1:24687)(secure=disabled):ZooKeeperServer@543] - Snapshot taken in 1 ms
2021-11-08 11:09:26,170 [myid:2] - INFO  [LeaderConnector-/127.0.0.1:24688:Learner$LeaderConnector@381] - Successfully connected to leader, using address: /127.0.0.1:24688
2021-11-08 11:09:26,236 [myid:0] - INFO  [LearnerHandler-/127.0.0.1:2574:LearnerHandler@506] - Follower sid: 2 : info : 127.0.0.1:24694:24695:participant;127.0.0.1:24693
2021-11-08 11:09:26,241 [myid:0] - INFO  [QuorumPeer[myid=0](plain=127.0.0.1:24687)(secure=disabled):QuorumPeer@1870] - Dynamic reconfig is disabled, we don't store the last seen config.
2021-11-08 11:09:26,245 [myid:0] - INFO  [LearnerHandler-/127.0.0.1:2574:ZKDatabase@346] - On disk txn sync enabled with snapshotSizeFactor 0.33
2021-11-08 11:09:26,245 [myid:0] - INFO  [LearnerHandler-/127.0.0.1:2574:LearnerHandler@801] - Synchronizing with Learner sid: 2 maxCommittedLog=0x100000001 minCommittedLog=0x100000001 lastProcessedZxid=0x100000001 peerLastZxid=0x100000002
2021-11-08 11:09:26,245 [myid:2] - INFO  [QuorumPeer[myid=2](plain=127.0.0.1:24693)(secure=disabled):QuorumPeer@915] - Peer state changed: following - synchronization
2021-11-08 11:09:26,250 [myid:0] - INFO  [QuorumPeer[myid=0](plain=127.0.0.1:24687)(secure=disabled):QuorumPeer@915] - Peer state changed: leading - synchronization
2021-11-08 11:09:26,271 [myid:2] - INFO  [QuorumPeer[myid=2](plain=127.0.0.1:24693)(secure=disabled):QuorumPeer@920] - Peer state changed: following - synchronization - trunc
2021-11-08 11:09:26,271 [myid:2] - WARN  [QuorumPeer[myid=2](plain=127.0.0.1:24693)(secure=disabled):Learner@596] - Truncating log to get in sync with the leader 0x100000001
2021-11-08 11:09:26,271 [myid:2] - INFO  [QuorumPeer[myid=2](plain=127.0.0.1:24693)(secure=disabled):WatchManagerFactory@42] - Using org.apache.zookeeper.server.watch.WatchManager as watch manager
2021-11-08 11:09:26,271 [myid:2] - INFO  [QuorumPeer[myid=2](plain=127.0.0.1:24693)(secure=disabled):WatchManagerFactory@42] - Using org.apache.zookeeper.server.watch.WatchManager as watch manager
2021-11-08 11:09:26,272 [myid:2] - INFO  [QuorumPeer[myid=2](plain=127.0.0.1:24693)(secure=disabled):FileSnap@85] - Reading snapshot D:\mysoft\faiscoGit\myStudy\ZooKeeperLearning\apache-zookeeper-3.7.0\zookeeper-server\target\surefire\test5579668075380062502.junit.dir\data\version-2\snapshot.0
2021-11-08 11:09:26,273 [myid:2] - INFO  [QuorumPeer[myid=2](plain=127.0.0.1:24693)(secure=disabled):DataTree@1716] - The digest value is empty in snapshot
2021-11-08 11:09:26,273 [myid:2] - INFO  [QuorumPeer[myid=2](plain=127.0.0.1:24693)(secure=disabled):FileTxnSnapLog@372] - 1 txns loaded in 0 ms
2021-11-08 11:09:26,273 [myid:2] - INFO  [QuorumPeer[myid=2](plain=127.0.0.1:24693)(secure=disabled):ZKDatabase@290] - Snapshot loaded in 1 ms, highest zxid is 0x100000001, digest is 1371985504
2021-11-08 11:09:26,273 [myid:2] - INFO  [QuorumPeer[myid=2](plain=127.0.0.1:24693)(secure=disabled):Learner@734] - Learner received NEWLEADER message
2021-11-08 11:09:26,274 [myid:2] - INFO  [QuorumPeer[myid=2](plain=127.0.0.1:24693)(secure=disabled):QuorumPeer@1870] - Dynamic reconfig is disabled, we don't store the last seen config.
2021-11-08 11:09:26,274 [myid:2] - INFO  [QuorumPeer[myid=2](plain=127.0.0.1:24693)(secure=disabled):FileTxnSnapLog@479] - Snapshotting: 0x100000001 to D:\mysoft\faiscoGit\myStudy\ZooKeeperLearning\apache-zookeeper-3.7.0\zookeeper-server\target\surefire\test5579668075380062502.junit.dir\data\version-2\snapshot.100000001
2021-11-08 11:09:26,274 [myid:2] - INFO  [QuorumPeer[myid=2](plain=127.0.0.1:24693)(secure=disabled):ZooKeeperServer@543] - Snapshot taken in 1 ms
2021-11-08 11:09:26,278 [myid:2] - INFO  [QuorumPeer[myid=2](plain=127.0.0.1:24693)(secure=disabled):QuorumPeer@920] - Peer state changed: following - synchronization
2021-11-08 11:09:26,278 [myid:2] - INFO  [QuorumPeer[myid=2](plain=127.0.0.1:24693)(secure=disabled):CommitProcessor@491] - Configuring CommitProcessor with readBatchSize -1 commitBatchSize 1
2021-11-08 11:09:26,278 [myid:2] - INFO  [QuorumPeer[myid=2](plain=127.0.0.1:24693)(secure=disabled):CommitProcessor@452] - Configuring CommitProcessor with 6 worker threads.
2021-11-08 11:09:26,278 [myid:2] - INFO  [QuorumPeer[myid=2](plain=127.0.0.1:24693)(secure=disabled):FollowerRequestProcessor@59] - Initialized FollowerRequestProcessor with zookeeper.follower.skipLearnerRequestToNextProcessor as false
2021-11-08 11:09:26,332 [myid:0] - INFO  [QuorumPeer[myid=0](plain=127.0.0.1:24687)(secure=disabled):Leader@1495] - Have quorum of supporters, sids: [[0, 2]]; starting up and setting last processed zxid: 0x300000000
2021-11-08 11:09:26,332 [myid:0] - INFO  [QuorumPeer[myid=0](plain=127.0.0.1:24687)(secure=disabled):Leader@1517] - Dynamic reconfig feature is disabled, skip designatedLeader calculation and reconfig processing.
2021-11-08 11:09:26,332 [myid:0] - INFO  [QuorumPeer[myid=0](plain=127.0.0.1:24687)(secure=disabled):CommitProcessor@491] - Configuring CommitProcessor with readBatchSize -1 commitBatchSize 1
2021-11-08 11:09:26,332 [myid:0] - INFO  [QuorumPeer[myid=0](plain=127.0.0.1:24687)(secure=disabled):CommitProcessor@452] - Configuring CommitProcessor with 6 worker threads.
2021-11-08 11:09:26,332 [myid:0] - INFO  [QuorumPeer[myid=0](plain=127.0.0.1:24687)(secure=disabled):ProposalRequestProcessor@57] - zookeeper.forward_learner_requests_to_commit_processor_disabled = false
2021-11-08 11:09:26,341 [myid:0] - INFO  [QuorumPeer[myid=0](plain=127.0.0.1:24687)(secure=disabled):ContainerManager@84] - Using checkIntervalMs=60000 maxPerMinute=10000 maxNeverUsedIntervalMs=0
2021-11-08 11:09:26,341 [myid:0] - INFO  [ProcessThread(sid:0 cport:-1)::PrepRequestProcessor@137] - PrepRequestProcessor (sid:0) started, reconfigEnabled=false
2021-11-08 11:09:26,342 [myid:0] - INFO  [QuorumPeer[myid=0](plain=127.0.0.1:24687)(secure=disabled):QuorumPeer@915] - Peer state changed: leading - broadcast
2021-11-08 11:09:26,343 [myid:2] - INFO  [QuorumPeer[myid=2](plain=127.0.0.1:24693)(secure=disabled):Learner@718] - Learner received UPTODATE message
2021-11-08 11:09:26,343 [myid:2] - INFO  [QuorumPeer[myid=2](plain=127.0.0.1:24693)(secure=disabled):QuorumPeer@915] - Peer state changed: following - broadcast
2021-11-08 11:09:27,627 [myid:127.0.0.1:24693] - INFO  [main-SendThread(127.0.0.1:24693):ClientCnxn$SendThread@1171] - Opening socket connection to server xmind.net/127.0.0.1:24693.
2021-11-08 11:09:27,627 [myid:127.0.0.1:24693] - INFO  [main-SendThread(127.0.0.1:24693):ClientCnxn$SendThread@1173] - SASL config status: Will not attempt to authenticate using SASL (unknown error)
2021-11-08 11:09:27,627 [myid:127.0.0.1:24693] - INFO  [main-SendThread(127.0.0.1:24693):ClientCnxn$SendThread@1005] - Socket connection established, initiating session, client: /127.0.0.1:2673, server: xmind.net/127.0.0.1:24693
2021-11-08 11:09:27,739 [myid:2] - INFO  [NIOWorkerThread-6:Learner@158] - Revalidating client: 0x20058058d280000
2021-11-08 11:09:27,799 [myid:127.0.0.1:24693] - INFO  [main-SendThread(127.0.0.1:24693):ClientCnxn$SendThread@1438] - Session establishment complete on server xmind.net/127.0.0.1:24693, session id = 0x20058058d280000, negotiated timeout = 30000
2021-11-08 11:09:27,960 [myid:] - INFO  [main:QuorumBase@422] - Shutting down quorum peer QuorumPeer[myid=0](plain=127.0.0.1:24687)(secure=disabled)
2021-11-08 11:09:27,960 [myid:] - INFO  [main:Leader@789] - Shutting down
2021-11-08 11:09:27,961 [myid:] - INFO  [main:Leader@795] - Shutdown called. For the reason quorum Peer shutdown
2021-11-08 11:09:27,961 [myid:] - INFO  [main:ZooKeeperServer@829] - shutting down
2021-11-08 11:09:27,961 [myid:0] - WARN  [LearnerCnxAcceptorHandler-/127.0.0.1:24688:Leader$LearnerCnxAcceptor$LearnerCnxAcceptorHandler@526] - Exception while shutting down acceptor.
java.net.SocketException: socket closed
	at java.net.DualStackPlainSocketImpl.accept0(Native Method)
	at java.net.DualStackPlainSocketImpl.socketAccept(DualStackPlainSocketImpl.java:131)
	at java.net.AbstractPlainSocketImpl.accept(AbstractPlainSocketImpl.java:404)
	at java.net.PlainSocketImpl.accept(PlainSocketImpl.java:199)
	at java.net.ServerSocket.implAccept(ServerSocket.java:545)
	at java.net.ServerSocket.accept(ServerSocket.java:513)
	at org.apache.zookeeper.server.quorum.Leader$LearnerCnxAcceptor$LearnerCnxAcceptorHandler.acceptConnections(Leader.java:513)
	at org.apache.zookeeper.server.quorum.Leader$LearnerCnxAcceptor$LearnerCnxAcceptorHandler.run(Leader.java:496)
	at java.util.concurrent.Executors$RunnableAdapter.call(Executors.java:511)
	at java.util.concurrent.FutureTask.run(FutureTask.java:266)
	at java.util.concurrent.ThreadPoolExecutor.runWorker(ThreadPoolExecutor.java:1142)
	at java.util.concurrent.ThreadPoolExecutor$Worker.run(ThreadPoolExecutor.java:617)
	at java.lang.Thread.run(Thread.java:745)
2021-11-08 11:09:27,961 [myid:] - INFO  [main:RequestThrottler@258] - Shutting down
2021-11-08 11:09:27,961 [myid:0] - INFO  [RequestThrottler:RequestThrottler@219] - Draining request throttler queue
2021-11-08 11:09:27,962 [myid:0] - INFO  [RequestThrottler:RequestThrottler@195] - RequestThrottler shutdown. Dropped 0 requests
2021-11-08 11:09:27,962 [myid:] - INFO  [main:SessionTrackerImpl@252] - Shutting down
2021-11-08 11:09:27,962 [myid:] - INFO  [main:LeaderRequestProcessor@79] - Shutting down
2021-11-08 11:09:27,962 [myid:] - INFO  [main:PrepRequestProcessor@1066] - Shutting down
2021-11-08 11:09:27,962 [myid:] - INFO  [main:ProposalRequestProcessor@95] - Shutting down
2021-11-08 11:09:27,962 [myid:] - INFO  [main:CommitProcessor@632] - Shutting down
2021-11-08 11:09:27,962 [myid:0] - INFO  [ProcessThread(sid:0 cport:-1)::PrepRequestProcessor@161] - PrepRequestProcessor exited loop!
2021-11-08 11:09:27,962 [myid:] - INFO  [main:Leader$ToBeAppliedRequestProcessor@1103] - Shutting down
2021-11-08 11:09:27,962 [myid:] - INFO  [main:FinalRequestProcessor@684] - shutdown of request processor complete
2021-11-08 11:09:27,962 [myid:0] - INFO  [CommitProcessor:0:CommitProcessor@420] - CommitProcessor exited loop!
2021-11-08 11:09:27,963 [myid:] - INFO  [main:SyncRequestProcessor@255] - Shutting down
2021-11-08 11:09:27,963 [myid:0] - INFO  [SyncThread:0:SyncRequestProcessor@224] - SyncRequestProcessor exited!
2021-11-08 11:09:27,963 [myid:] - INFO  [main:LearnerHandler@1155] - Synchronously closing socket to learner 2.
2021-11-08 11:09:27,964 [myid:2] - WARN  [QuorumPeer[myid=2](plain=127.0.0.1:24693)(secure=disabled):Follower@133] - Exception when following the leader
java.io.EOFException
	at java.io.DataInputStream.readInt(DataInputStream.java:392)
	at org.apache.jute.BinaryInputArchive.readInt(BinaryInputArchive.java:96)
	at org.apache.zookeeper.server.quorum.QuorumPacket.deserialize(QuorumPacket.java:86)
	at org.apache.jute.BinaryInputArchive.readRecord(BinaryInputArchive.java:134)
	at org.apache.zookeeper.server.quorum.Learner.readPacket(Learner.java:225)
	at org.apache.zookeeper.server.quorum.DIFFSyncConsistencyTest$CustomQuorumPeer$1.readPacket(DIFFSyncConsistencyTest.java:251)
	at org.apache.zookeeper.server.quorum.Follower.followLeader(Follower.java:128)
	at org.apache.zookeeper.server.quorum.QuorumPeer.run(QuorumPeer.java:1515)
2021-11-08 11:09:27,964 [myid:0] - INFO  [ConnnectionExpirer:NIOServerCnxnFactory$ConnectionExpirerThread@564] - ConnnectionExpirerThread interrupted
2021-11-08 11:09:27,964 [myid:0] - ERROR [LearnerHandler-/127.0.0.1:2574:LearnerHandler@715] - Unexpected exception in LearnerHandler: 
java.net.SocketException: Socket Closed
	at java.net.SocketInputStream.socketRead0(Native Method)
	at java.net.SocketInputStream.read(SocketInputStream.java:150)
	at java.net.SocketInputStream.read(SocketInputStream.java:121)
	at java.io.BufferedInputStream.fill(BufferedInputStream.java:246)
	at java.io.BufferedInputStream.read(BufferedInputStream.java:265)
	at java.io.DataInputStream.readInt(DataInputStream.java:387)
	at org.apache.jute.BinaryInputArchive.readInt(BinaryInputArchive.java:96)
	at org.apache.zookeeper.server.quorum.QuorumPacket.deserialize(QuorumPacket.java:86)
	at org.apache.jute.BinaryInputArchive.readRecord(BinaryInputArchive.java:134)
	at org.apache.zookeeper.server.quorum.LearnerHandler.run(LearnerHandler.java:652)
2021-11-08 11:09:27,964 [myid:0] - WARN  [LearnerHandler-/127.0.0.1:2574:LearnerHandler@731] - ******* GOODBYE /127.0.0.1:2574 ********
2021-11-08 11:09:27,965 [myid:0] - WARN  [LearnerHandler-/127.0.0.1:2574:LearnerHandler@1045] - Ignoring unexpected exception
java.lang.InterruptedException
	at java.util.concurrent.locks.AbstractQueuedSynchronizer.acquireInterruptibly(AbstractQueuedSynchronizer.java:1220)
	at java.util.concurrent.locks.ReentrantLock.lockInterruptibly(ReentrantLock.java:335)
	at java.util.concurrent.LinkedBlockingQueue.put(LinkedBlockingQueue.java:339)
	at org.apache.zookeeper.server.quorum.LearnerHandler.shutdown(LearnerHandler.java:1043)
	at org.apache.zookeeper.server.quorum.LearnerHandler.run(LearnerHandler.java:733)
2021-11-08 11:09:27,964 [myid:0] - INFO  [NIOServerCxnFactory.SelectorThread-0:NIOServerCnxnFactory$SelectorThread@397] - selector thread exitted run method
2021-11-08 11:09:27,964 [myid:0] - INFO  [NIOServerCxnFactory.AcceptThread:/127.0.0.1:24687:NIOServerCnxnFactory$AcceptThread@195] - accept thread exitted run method
2021-11-08 11:09:27,965 [myid:2] - INFO  [QuorumPeer[myid=2](plain=127.0.0.1:24693)(secure=disabled):Follower@147] - Disconnected from leader (with address: /127.0.0.1:24688). Was connected for 1728ms. Sync state: true
2021-11-08 11:09:27,965 [myid:2] - INFO  [QuorumPeer[myid=2](plain=127.0.0.1:24693)(secure=disabled):Follower@291] - shutdown Follower
2021-11-08 11:09:27,965 [myid:0] - INFO  [QuorumPeerListener:QuorumCnxManager$Listener@980] - Leaving listener
2021-11-08 11:09:27,965 [myid:0] - WARN  [QuorumPeer[myid=0](plain=127.0.0.1:24687)(secure=disabled):QuorumPeer@1533] - Unexpected exception
java.lang.InterruptedException
	at java.lang.Object.wait(Native Method)
	at org.apache.zookeeper.server.quorum.Leader.lead(Leader.java:727)
	at org.apache.zookeeper.server.quorum.QuorumPeer.run(QuorumPeer.java:1530)
2021-11-08 11:09:27,966 [myid:] - INFO  [main:QuorumBase@426] - Shutting down leader election QuorumPeer[myid=0](plain=127.0.0.1:24687)(secure=disabled)
2021-11-08 11:09:27,966 [myid:127.0.0.1:24693] - WARN  [main-SendThread(127.0.0.1:24693):ClientCnxn$SendThread@1290] - Session 0x20058058d280000 for sever xmind.net/127.0.0.1:24693, Closing socket connection. Attempting reconnect except it is a SessionExpiredException.
EndOfStreamException: Unable to read additional data from server sessionid 0x20058058d280000, likely server has closed socket
	at org.apache.zookeeper.ClientCnxnSocketNIO.doIO(ClientCnxnSocketNIO.java:77)
	at org.apache.zookeeper.ClientCnxnSocketNIO.doTransport(ClientCnxnSocketNIO.java:350)
	at org.apache.zookeeper.ClientCnxn$SendThread.run(ClientCnxn.java:1280)
2021-11-08 11:09:27,966 [myid:2] - WARN  [RecvWorker:0:QuorumCnxManager$RecvWorker@1397] - Connection broken for id 0, my id = 2
java.io.EOFException
	at java.io.DataInputStream.readInt(DataInputStream.java:392)
	at org.apache.zookeeper.server.quorum.QuorumCnxManager$RecvWorker.run(QuorumCnxManager.java:1385)
2021-11-08 11:09:27,966 [myid:2] - WARN  [RecvWorker:0:QuorumCnxManager$RecvWorker@1403] - Interrupting SendWorker thread from RecvWorker. sid: 0. myId: 2
2021-11-08 11:09:27,966 [myid:0] - WARN  [RecvWorker:2:QuorumCnxManager$RecvWorker@1397] - Connection broken for id 2, my id = 0
java.net.SocketException: Socket closed
	at java.net.SocketInputStream.read(SocketInputStream.java:183)
	at java.net.SocketInputStream.read(SocketInputStream.java:121)
	at java.io.BufferedInputStream.fill(BufferedInputStream.java:246)
	at java.io.BufferedInputStream.read(BufferedInputStream.java:265)
	at java.io.DataInputStream.readInt(DataInputStream.java:387)
	at org.apache.zookeeper.server.quorum.QuorumCnxManager$RecvWorker.run(QuorumCnxManager.java:1385)
2021-11-08 11:09:27,966 [myid:2] - INFO  [QuorumPeer[myid=2](plain=127.0.0.1:24693)(secure=disabled):ZooKeeperServer@829] - shutting down
2021-11-08 11:09:27,967 [myid:2] - INFO  [QuorumPeer[myid=2](plain=127.0.0.1:24693)(secure=disabled):RequestThrottler@258] - Shutting down
2021-11-08 11:09:27,965 [myid:0] - WARN  [SendWorker:1:QuorumCnxManager$SendWorker@1283] - Interrupted while waiting for message on queue
java.lang.InterruptedException
	at java.util.concurrent.locks.AbstractQueuedSynchronizer$ConditionObject.reportInterruptAfterWait(AbstractQueuedSynchronizer.java:2014)
	at java.util.concurrent.locks.AbstractQueuedSynchronizer$ConditionObject.awaitNanos(AbstractQueuedSynchronizer.java:2088)
	at org.apache.zookeeper.util.CircularBlockingQueue.poll(CircularBlockingQueue.java:105)
	at org.apache.zookeeper.server.quorum.QuorumCnxManager.pollSendQueue(QuorumCnxManager.java:1448)
	at org.apache.zookeeper.server.quorum.QuorumCnxManager.access$900(QuorumCnxManager.java:99)
	at org.apache.zookeeper.server.quorum.QuorumCnxManager$SendWorker.run(QuorumCnxManager.java:1272)
2021-11-08 11:09:27,965 [myid:0] - WARN  [SendWorker:2:QuorumCnxManager$SendWorker@1283] - Interrupted while waiting for message on queue
java.lang.InterruptedException
	at java.util.concurrent.locks.AbstractQueuedSynchronizer$ConditionObject.reportInterruptAfterWait(AbstractQueuedSynchronizer.java:2014)
	at java.util.concurrent.locks.AbstractQueuedSynchronizer$ConditionObject.awaitNanos(AbstractQueuedSynchronizer.java:2088)
	at org.apache.zookeeper.util.CircularBlockingQueue.poll(CircularBlockingQueue.java:105)
	at org.apache.zookeeper.server.quorum.QuorumCnxManager.pollSendQueue(QuorumCnxManager.java:1448)
	at org.apache.zookeeper.server.quorum.QuorumCnxManager.access$900(QuorumCnxManager.java:99)
	at org.apache.zookeeper.server.quorum.QuorumCnxManager$SendWorker.run(QuorumCnxManager.java:1272)
2021-11-08 11:09:27,965 [myid:1] - WARN  [RecvWorker:0:QuorumCnxManager$RecvWorker@1397] - Connection broken for id 0, my id = 1
java.io.EOFException
	at java.io.DataInputStream.readInt(DataInputStream.java:392)
	at org.apache.zookeeper.server.quorum.QuorumCnxManager$RecvWorker.run(QuorumCnxManager.java:1385)
2021-11-08 11:09:27,967 [myid:1] - WARN  [RecvWorker:0:QuorumCnxManager$RecvWorker@1403] - Interrupting SendWorker thread from RecvWorker. sid: 0. myId: 1
2021-11-08 11:09:27,967 [myid:0] - WARN  [RecvWorker:1:QuorumCnxManager$RecvWorker@1397] - Connection broken for id 1, my id = 0
java.net.SocketException: Socket closed
	at java.net.SocketInputStream.read(SocketInputStream.java:183)
	at java.net.SocketInputStream.read(SocketInputStream.java:121)
	at java.io.BufferedInputStream.fill(BufferedInputStream.java:246)
	at java.io.BufferedInputStream.read(BufferedInputStream.java:265)
	at java.io.DataInputStream.readInt(DataInputStream.java:387)
	at org.apache.zookeeper.server.quorum.QuorumCnxManager$RecvWorker.run(QuorumCnxManager.java:1385)
2021-11-08 11:09:27,967 [myid:0] - WARN  [SendWorker:2:QuorumCnxManager$SendWorker@1295] - Send worker leaving thread id 2 my id = 0
2021-11-08 11:09:27,967 [myid:0] - WARN  [SendWorker:1:QuorumCnxManager$SendWorker@1295] - Send worker leaving thread id 1 my id = 0
2021-11-08 11:09:27,967 [myid:2] - INFO  [RequestThrottler:RequestThrottler@219] - Draining request throttler queue
2021-11-08 11:09:27,967 [myid:0] - WARN  [RecvWorker:2:QuorumCnxManager$RecvWorker@1403] - Interrupting SendWorker thread from RecvWorker. sid: 2. myId: 0
2021-11-08 11:09:27,967 [myid:2] - WARN  [SendWorker:0:QuorumCnxManager$SendWorker@1283] - Interrupted while waiting for message on queue
java.lang.InterruptedException
	at java.util.concurrent.locks.AbstractQueuedSynchronizer$ConditionObject.reportInterruptAfterWait(AbstractQueuedSynchronizer.java:2014)
	at java.util.concurrent.locks.AbstractQueuedSynchronizer$ConditionObject.awaitNanos(AbstractQueuedSynchronizer.java:2088)
	at org.apache.zookeeper.util.CircularBlockingQueue.poll(CircularBlockingQueue.java:105)
	at org.apache.zookeeper.server.quorum.QuorumCnxManager.pollSendQueue(QuorumCnxManager.java:1448)
	at org.apache.zookeeper.server.quorum.QuorumCnxManager.access$900(QuorumCnxManager.java:99)
	at org.apache.zookeeper.server.quorum.QuorumCnxManager$SendWorker.run(QuorumCnxManager.java:1272)
2021-11-08 11:09:27,966 [myid:] - INFO  [main:QuorumBase@431] - Waiting for QuorumPeer[myid=0](plain=127.0.0.1:24687)(secure=disabled) to exit thread
2021-11-08 11:09:27,966 [myid:0] - INFO  [QuorumPeer[myid=0](plain=127.0.0.1:24687)(secure=disabled):Leader@789] - Shutting down
2021-11-08 11:09:27,968 [myid:2] - WARN  [SendWorker:0:QuorumCnxManager$SendWorker@1295] - Send worker leaving thread id 0 my id = 2
2021-11-08 11:09:27,968 [myid:2] - INFO  [RequestThrottler:RequestThrottler@195] - RequestThrottler shutdown. Dropped 0 requests
2021-11-08 11:09:27,967 [myid:0] - WARN  [RecvWorker:1:QuorumCnxManager$RecvWorker@1403] - Interrupting SendWorker thread from RecvWorker. sid: 1. myId: 0
2021-11-08 11:09:27,967 [myid:1] - WARN  [SendWorker:0:QuorumCnxManager$SendWorker@1283] - Interrupted while waiting for message on queue
java.lang.InterruptedException
	at java.util.concurrent.locks.AbstractQueuedSynchronizer$ConditionObject.reportInterruptAfterWait(AbstractQueuedSynchronizer.java:2014)
	at java.util.concurrent.locks.AbstractQueuedSynchronizer$ConditionObject.awaitNanos(AbstractQueuedSynchronizer.java:2088)
	at org.apache.zookeeper.util.CircularBlockingQueue.poll(CircularBlockingQueue.java:105)
	at org.apache.zookeeper.server.quorum.QuorumCnxManager.pollSendQueue(QuorumCnxManager.java:1448)
	at org.apache.zookeeper.server.quorum.QuorumCnxManager.access$900(QuorumCnxManager.java:99)
	at org.apache.zookeeper.server.quorum.QuorumCnxManager$SendWorker.run(QuorumCnxManager.java:1272)
2021-11-08 11:09:27,968 [myid:2] - INFO  [QuorumPeer[myid=2](plain=127.0.0.1:24693)(secure=disabled):FollowerRequestProcessor@172] - Shutting down
2021-11-08 11:09:27,968 [myid:0] - INFO  [QuorumPeer[myid=0](plain=127.0.0.1:24687)(secure=disabled):QuorumPeer@915] - Peer state changed: looking
2021-11-08 11:09:27,969 [myid:2] - INFO  [FollowerRequestProcessor:2:FollowerRequestProcessor@128] - FollowerRequestProcessor exited loop!
2021-11-08 11:09:27,969 [myid:2] - INFO  [QuorumPeer[myid=2](plain=127.0.0.1:24693)(secure=disabled):CommitProcessor@632] - Shutting down
2021-11-08 11:09:27,969 [myid:1] - WARN  [SendWorker:0:QuorumCnxManager$SendWorker@1295] - Send worker leaving thread id 0 my id = 1
2021-11-08 11:09:27,969 [myid:2] - INFO  [CommitProcessor:2:CommitProcessor@420] - CommitProcessor exited loop!
2021-11-08 11:09:27,969 [myid:0] - WARN  [QuorumPeer[myid=0](plain=127.0.0.1:24687)(secure=disabled):QuorumPeer@1563] - PeerState set to LOOKING
2021-11-08 11:09:27,970 [myid:0] - WARN  [QuorumPeer[myid=0](plain=127.0.0.1:24687)(secure=disabled):QuorumPeer@1545] - QuorumPeer main thread exited
2021-11-08 11:09:27,971 [myid:2] - INFO  [QuorumPeer[myid=2](plain=127.0.0.1:24693)(secure=disabled):FinalRequestProcessor@684] - shutdown of request processor complete
2021-11-08 11:09:27,971 [myid:] - INFO  [main:QuorumBase@422] - Shutting down quorum peer QuorumPeer[myid=1](plain=127.0.0.1:24690)(secure=disabled)
2021-11-08 11:09:27,971 [myid:] - INFO  [main:Leader@789] - Shutting down
2021-11-08 11:09:27,971 [myid:2] - INFO  [QuorumPeer[myid=2](plain=127.0.0.1:24693)(secure=disabled):QuorumPeer@915] - Peer state changed: looking
2021-11-08 11:09:27,971 [myid:2] - WARN  [QuorumPeer[myid=2](plain=127.0.0.1:24693)(secure=disabled):QuorumPeer@1563] - PeerState set to LOOKING
2021-11-08 11:09:27,971 [myid:] - INFO  [main:Leader@795] - Shutdown called. For the reason quorum Peer shutdown
2021-11-08 11:09:27,971 [myid:2] - INFO  [QuorumPeer[myid=2](plain=127.0.0.1:24693)(secure=disabled):QuorumPeer@1430] - LOOKING
2021-11-08 11:09:27,971 [myid:] - INFO  [main:ZooKeeperServer@829] - shutting down
2021-11-08 11:09:27,971 [myid:2] - INFO  [QuorumPeer[myid=2](plain=127.0.0.1:24693)(secure=disabled):FastLeaderElection@947] - New election. My id = 2, proposed zxid=0x100000001
2021-11-08 11:09:27,971 [myid:1] - WARN  [LearnerCnxAcceptorHandler-/127.0.0.1:24691:Leader$LearnerCnxAcceptor$LearnerCnxAcceptorHandler@526] - Exception while shutting down acceptor.
java.net.SocketException: socket closed
	at java.net.DualStackPlainSocketImpl.accept0(Native Method)
	at java.net.DualStackPlainSocketImpl.socketAccept(DualStackPlainSocketImpl.java:131)
	at java.net.AbstractPlainSocketImpl.accept(AbstractPlainSocketImpl.java:404)
	at java.net.PlainSocketImpl.accept(PlainSocketImpl.java:199)
	at java.net.ServerSocket.implAccept(ServerSocket.java:545)
	at java.net.ServerSocket.accept(ServerSocket.java:513)
	at org.apache.zookeeper.server.quorum.Leader$LearnerCnxAcceptor$LearnerCnxAcceptorHandler.acceptConnections(Leader.java:513)
	at org.apache.zookeeper.server.quorum.Leader$LearnerCnxAcceptor$LearnerCnxAcceptorHandler.run(Leader.java:496)
	at java.util.concurrent.Executors$RunnableAdapter.call(Executors.java:511)
	at java.util.concurrent.FutureTask.run(FutureTask.java:266)
	at java.util.concurrent.ThreadPoolExecutor.runWorker(ThreadPoolExecutor.java:1142)
	at java.util.concurrent.ThreadPoolExecutor$Worker.run(ThreadPoolExecutor.java:617)
	at java.lang.Thread.run(Thread.java:745)
2021-11-08 11:09:27,971 [myid:] - INFO  [main:RequestThrottler@258] - Shutting down
2021-11-08 11:09:27,973 [myid:1] - INFO  [RequestThrottler:RequestThrottler@219] - Draining request throttler queue
2021-11-08 11:09:27,973 [myid:1] - INFO  [RequestThrottler:RequestThrottler@195] - RequestThrottler shutdown. Dropped 0 requests
2021-11-08 11:09:27,973 [myid:] - INFO  [main:SessionTrackerImpl@252] - Shutting down
2021-11-08 11:09:27,974 [myid:] - INFO  [main:LeaderRequestProcessor@79] - Shutting down
2021-11-08 11:09:27,974 [myid:] - INFO  [main:PrepRequestProcessor@1066] - Shutting down
2021-11-08 11:09:27,974 [myid:] - INFO  [main:ProposalRequestProcessor@95] - Shutting down
2021-11-08 11:09:27,974 [myid:] - INFO  [main:CommitProcessor@632] - Shutting down
2021-11-08 11:09:27,974 [myid:1] - INFO  [ProcessThread(sid:1 cport:-1)::PrepRequestProcessor@161] - PrepRequestProcessor exited loop!
2021-11-08 11:09:27,974 [myid:] - INFO  [main:Leader$ToBeAppliedRequestProcessor@1103] - Shutting down
2021-11-08 11:09:27,975 [myid:] - INFO  [main:FinalRequestProcessor@684] - shutdown of request processor complete
2021-11-08 11:09:27,975 [myid:] - INFO  [main:SyncRequestProcessor@255] - Shutting down
2021-11-08 11:09:27,975 [myid:1] - INFO  [WorkerReceiver[myid=1]:FastLeaderElection$Messenger$WorkerReceiver@390] - Notification: my state:LEADING; n.sid:2, n.state:LOOKING, n.leader:2, n.round:0x3, n.peerEpoch:0x3, n.zxid:0x100000001, message format version:0x2, n.config version:0x0
2021-11-08 11:09:27,976 [myid:2] - INFO  [WorkerReceiver[myid=2]:FastLeaderElection$Messenger$WorkerReceiver@390] - Notification: my state:LOOKING; n.sid:2, n.state:LOOKING, n.leader:2, n.round:0x3, n.peerEpoch:0x3, n.zxid:0x100000001, message format version:0x2, n.config version:0x0
2021-11-08 11:09:27,976 [myid:1] - INFO  [CommitProcessor:1:CommitProcessor@420] - CommitProcessor exited loop!
2021-11-08 11:09:27,976 [myid:1] - INFO  [SyncThread:1:SyncRequestProcessor@224] - SyncRequestProcessor exited!
2021-11-08 11:09:27,977 [myid:2] - INFO  [WorkerReceiver[myid=2]:FastLeaderElection$Messenger$WorkerReceiver@390] - Notification: my state:LOOKING; n.sid:1, n.state:LEADING, n.leader:1, n.round:0x1, n.peerEpoch:0x2, n.zxid:0x100000001, message format version:0x2, n.config version:0x0
2021-11-08 11:09:27,977 [myid:1] - INFO  [ConnnectionExpirer:NIOServerCnxnFactory$ConnectionExpirerThread@564] - ConnnectionExpirerThread interrupted
2021-11-08 11:09:27,977 [myid:1] - INFO  [NIOServerCxnFactory.SelectorThread-0:NIOServerCnxnFactory$SelectorThread@397] - selector thread exitted run method
2021-11-08 11:09:27,977 [myid:1] - INFO  [NIOServerCxnFactory.AcceptThread:/127.0.0.1:24690:NIOServerCnxnFactory$AcceptThread@195] - accept thread exitted run method
2021-11-08 11:09:27,978 [myid:1] - INFO  [QuorumPeerListener:QuorumCnxManager$Listener@980] - Leaving listener
2021-11-08 11:09:27,978 [myid:2] - WARN  [RecvWorker:1:QuorumCnxManager$RecvWorker@1397] - Connection broken for id 1, my id = 2
java.io.EOFException
	at java.io.DataInputStream.readInt(DataInputStream.java:392)
	at org.apache.zookeeper.server.quorum.QuorumCnxManager$RecvWorker.run(QuorumCnxManager.java:1385)
2021-11-08 11:09:27,978 [myid:] - INFO  [main:QuorumBase@426] - Shutting down leader election QuorumPeer[myid=1](plain=127.0.0.1:24690)(secure=disabled)
2021-11-08 11:09:27,978 [myid:1] - WARN  [QuorumPeer[myid=1](plain=127.0.0.1:24690)(secure=disabled):QuorumPeer@1533] - Unexpected exception
java.lang.InterruptedException
	at java.lang.Object.wait(Native Method)
	at org.apache.zookeeper.server.quorum.Leader.lead(Leader.java:727)
	at org.apache.zookeeper.server.quorum.QuorumPeer.run(QuorumPeer.java:1530)
2021-11-08 11:09:27,979 [myid:] - INFO  [main:QuorumBase@431] - Waiting for QuorumPeer[myid=1](plain=127.0.0.1:24690)(secure=disabled) to exit thread
2021-11-08 11:09:27,979 [myid:1] - WARN  [SendWorker:2:QuorumCnxManager$SendWorker@1283] - Interrupted while waiting for message on queue
java.lang.InterruptedException
	at java.util.concurrent.locks.AbstractQueuedSynchronizer$ConditionObject.reportInterruptAfterWait(AbstractQueuedSynchronizer.java:2014)
	at java.util.concurrent.locks.AbstractQueuedSynchronizer$ConditionObject.awaitNanos(AbstractQueuedSynchronizer.java:2088)
	at org.apache.zookeeper.util.CircularBlockingQueue.poll(CircularBlockingQueue.java:105)
	at org.apache.zookeeper.server.quorum.QuorumCnxManager.pollSendQueue(QuorumCnxManager.java:1448)
	at org.apache.zookeeper.server.quorum.QuorumCnxManager.access$900(QuorumCnxManager.java:99)
	at org.apache.zookeeper.server.quorum.QuorumCnxManager$SendWorker.run(QuorumCnxManager.java:1272)
2021-11-08 11:09:27,979 [myid:2] - WARN  [RecvWorker:1:QuorumCnxManager$RecvWorker@1403] - Interrupting SendWorker thread from RecvWorker. sid: 1. myId: 2
2021-11-08 11:09:27,979 [myid:1] - WARN  [RecvWorker:2:QuorumCnxManager$RecvWorker@1397] - Connection broken for id 2, my id = 1
java.net.SocketException: Socket closed
	at java.net.SocketInputStream.read(SocketInputStream.java:183)
	at java.net.SocketInputStream.read(SocketInputStream.java:121)
	at java.io.BufferedInputStream.fill(BufferedInputStream.java:246)
	at java.io.BufferedInputStream.read(BufferedInputStream.java:265)
	at java.io.DataInputStream.readInt(DataInputStream.java:387)
	at org.apache.zookeeper.server.quorum.QuorumCnxManager$RecvWorker.run(QuorumCnxManager.java:1385)
2021-11-08 11:09:27,979 [myid:1] - WARN  [RecvWorker:2:QuorumCnxManager$RecvWorker@1403] - Interrupting SendWorker thread from RecvWorker. sid: 2. myId: 1
2021-11-08 11:09:27,979 [myid:1] - INFO  [QuorumPeer[myid=1](plain=127.0.0.1:24690)(secure=disabled):Leader@789] - Shutting down
2021-11-08 11:09:27,980 [myid:1] - INFO  [QuorumPeer[myid=1](plain=127.0.0.1:24690)(secure=disabled):QuorumPeer@915] - Peer state changed: looking
2021-11-08 11:09:27,980 [myid:1] - WARN  [QuorumPeer[myid=1](plain=127.0.0.1:24690)(secure=disabled):QuorumPeer@1563] - PeerState set to LOOKING
2021-11-08 11:09:27,980 [myid:1] - WARN  [QuorumPeer[myid=1](plain=127.0.0.1:24690)(secure=disabled):QuorumPeer@1545] - QuorumPeer main thread exited
2021-11-08 11:09:27,979 [myid:1] - WARN  [SendWorker:2:QuorumCnxManager$SendWorker@1295] - Send worker leaving thread id 2 my id = 1
2021-11-08 11:09:27,979 [myid:2] - WARN  [SendWorker:1:QuorumCnxManager$SendWorker@1283] - Interrupted while waiting for message on queue
java.lang.InterruptedException
	at java.util.concurrent.locks.AbstractQueuedSynchronizer$ConditionObject.reportInterruptAfterWait(AbstractQueuedSynchronizer.java:2014)
	at java.util.concurrent.locks.AbstractQueuedSynchronizer$ConditionObject.awaitNanos(AbstractQueuedSynchronizer.java:2088)
	at org.apache.zookeeper.util.CircularBlockingQueue.poll(CircularBlockingQueue.java:105)
	at org.apache.zookeeper.server.quorum.QuorumCnxManager.pollSendQueue(QuorumCnxManager.java:1448)
	at org.apache.zookeeper.server.quorum.QuorumCnxManager.access$900(QuorumCnxManager.java:99)
	at org.apache.zookeeper.server.quorum.QuorumCnxManager$SendWorker.run(QuorumCnxManager.java:1272)
2021-11-08 11:09:27,980 [myid:2] - WARN  [SendWorker:1:QuorumCnxManager$SendWorker@1295] - Send worker leaving thread id 1 my id = 2
2021-11-08 11:09:27,981 [myid:] - INFO  [main:QuorumBase@422] - Shutting down quorum peer QuorumPeer[myid=2](plain=127.0.0.1:24693)(secure=disabled)
2021-11-08 11:09:27,981 [myid:2] - INFO  [ConnnectionExpirer:NIOServerCnxnFactory$ConnectionExpirerThread@564] - ConnnectionExpirerThread interrupted
2021-11-08 11:09:27,981 [myid:2] - INFO  [NIOServerCxnFactory.AcceptThread:/127.0.0.1:24693:NIOServerCnxnFactory$AcceptThread@195] - accept thread exitted run method
2021-11-08 11:09:27,981 [myid:2] - INFO  [NIOServerCxnFactory.SelectorThread-0:NIOServerCnxnFactory$SelectorThread@397] - selector thread exitted run method
2021-11-08 11:09:27,982 [myid:2] - WARN  [QuorumPeer[myid=2](plain=127.0.0.1:24693)(secure=disabled):QuorumPeer@1486] - Unexpected exception
java.lang.InterruptedException
	at java.util.concurrent.locks.AbstractQueuedSynchronizer$ConditionObject.reportInterruptAfterWait(AbstractQueuedSynchronizer.java:2014)
	at java.util.concurrent.locks.AbstractQueuedSynchronizer$ConditionObject.awaitNanos(AbstractQueuedSynchronizer.java:2088)
	at java.util.concurrent.LinkedBlockingQueue.poll(LinkedBlockingQueue.java:467)
	at org.apache.zookeeper.server.quorum.FastLeaderElection.lookForLeader(FastLeaderElection.java:966)
	at org.apache.zookeeper.server.quorum.QuorumPeer.run(QuorumPeer.java:1484)
2021-11-08 11:09:27,982 [myid:2] - INFO  [QuorumPeerListener:QuorumCnxManager$Listener@980] - Leaving listener
2021-11-08 11:09:27,982 [myid:2] - INFO  [QuorumPeer[myid=2](plain=127.0.0.1:24693)(secure=disabled):QuorumPeer@915] - Peer state changed: looking
2021-11-08 11:09:27,982 [myid:2] - WARN  [QuorumPeer[myid=2](plain=127.0.0.1:24693)(secure=disabled):QuorumPeer@1545] - QuorumPeer main thread exited
2021-11-08 11:09:27,982 [myid:] - INFO  [main:QuorumBase@426] - Shutting down leader election QuorumPeer[myid=2](plain=127.0.0.1:24693)(secure=disabled)
2021-11-08 11:09:27,983 [myid:] - INFO  [main:QuorumBase@431] - Waiting for QuorumPeer[myid=2](plain=127.0.0.1:24693)(secure=disabled) to exit thread
2021-11-08 11:09:27,983 [myid:] - INFO  [main:ZKTestCase@82] - FINISHED Optional[public void org.apache.zookeeper.server.quorum.DIFFSyncConsistencyTest.testInconsistentDueToUncommittedLog() throws java.lang.Exception]
]]></system-out>
  </testcase>
</testsuite>