<?xml version="1.0" encoding="UTF-8"?>
<testsuite xmlns:xsi="http://www.w3.org/2001/XMLSchema-instance" xsi:noNamespaceSchemaLocation="https://maven.apache.org/surefire/maven-surefire-plugin/xsd/surefire-test-report.xsd" name="org.apache.zookeeper.server.quorum.QuorumPeerMainTest" time="140.244" tests="26" errors="15" skipped="0" failures="0">
  <properties>
    <property name="sun.desktop" value="windows"/>
    <property name="build.test.dir" value="D:\mysoft\faiscoGit\myStudy\ZooKeeperLearning\apache-zookeeper-3.7.0\zookeeper-server\target/surefire"/>
    <property name="awt.toolkit" value="sun.awt.windows.WToolkit"/>
    <property name="file.encoding.pkg" value="sun.io"/>
    <property name="java.specification.version" value="1.8"/>
    <property name="sun.cpu.isalist" value="amd64"/>
    <property name="sun.jnu.encoding" value="GBK"/>
    <property name="java.class.path" value="D:\mysoft\faiscoGit\myStudy\ZooKeeperLearning\apache-zookeeper-3.7.0\zookeeper-server\target\test-classes;D:\mysoft\faiscoGit\myStudy\ZooKeeperLearning\apache-zookeeper-3.7.0\zookeeper-server\target\classes;D:\mysoft\maven\repository\com\github\spotbugs\spotbugs-annotations\4.0.2\spotbugs-annotations-4.0.2.jar;D:\mysoft\maven\repository\com\google\code\findbugs\jsr305\3.0.2\jsr305-3.0.2.jar;D:\mysoft\maven\repository\org\hamcrest\hamcrest-library\2.2\hamcrest-library-2.2.jar;D:\mysoft\maven\repository\org\hamcrest\hamcrest-core\2.2\hamcrest-core-2.2.jar;D:\mysoft\maven\repository\org\hamcrest\hamcrest\2.2\hamcrest-2.2.jar;D:\mysoft\maven\repository\org\apache\commons\commons-collections4\4.4\commons-collections4-4.4.jar;D:\mysoft\maven\repository\org\apache\zookeeper\zookeeper-jute\3.7.0\zookeeper-jute-3.7.0.jar;D:\mysoft\maven\repository\commons-cli\commons-cli\1.4\commons-cli-1.4.jar;D:\mysoft\maven\repository\org\apache\yetus\audience-annotations\0.12.0\audience-annotations-0.12.0.jar;D:\mysoft\maven\repository\io\netty\netty-handler\4.1.59.Final\netty-handler-4.1.59.Final.jar;D:\mysoft\maven\repository\io\netty\netty-common\4.1.59.Final\netty-common-4.1.59.Final.jar;D:\mysoft\maven\repository\io\netty\netty-resolver\4.1.59.Final\netty-resolver-4.1.59.Final.jar;D:\mysoft\maven\repository\io\netty\netty-buffer\4.1.59.Final\netty-buffer-4.1.59.Final.jar;D:\mysoft\maven\repository\io\netty\netty-transport\4.1.59.Final\netty-transport-4.1.59.Final.jar;D:\mysoft\maven\repository\io\netty\netty-codec\4.1.59.Final\netty-codec-4.1.59.Final.jar;D:\mysoft\maven\repository\io\netty\netty-transport-native-epoll\4.1.59.Final\netty-transport-native-epoll-4.1.59.Final.jar;D:\mysoft\maven\repository\io\netty\netty-transport-native-unix-common\4.1.59.Final\netty-transport-native-unix-common-4.1.59.Final.jar;D:\mysoft\maven\repository\org\slf4j\slf4j-api\1.7.30\slf4j-api-1.7.30.jar;D:\mysoft\maven\repository\org\slf4j\slf4j-log4j12\1.7.30\slf4j-log4j12-1.7.30.jar;D:\mysoft\maven\repository\org\eclipse\jetty\jetty-server\9.4.38.v20210224\jetty-server-9.4.38.v20210224.jar;D:\mysoft\maven\repository\javax\servlet\javax.servlet-api\3.1.0\javax.servlet-api-3.1.0.jar;D:\mysoft\maven\repository\org\eclipse\jetty\jetty-http\9.4.38.v20210224\jetty-http-9.4.38.v20210224.jar;D:\mysoft\maven\repository\org\eclipse\jetty\jetty-util\9.4.38.v20210224\jetty-util-9.4.38.v20210224.jar;D:\mysoft\maven\repository\org\eclipse\jetty\jetty-io\9.4.38.v20210224\jetty-io-9.4.38.v20210224.jar;D:\mysoft\maven\repository\org\eclipse\jetty\jetty-servlet\9.4.38.v20210224\jetty-servlet-9.4.38.v20210224.jar;D:\mysoft\maven\repository\org\eclipse\jetty\jetty-security\9.4.38.v20210224\jetty-security-9.4.38.v20210224.jar;D:\mysoft\maven\repository\org\eclipse\jetty\jetty-util-ajax\9.4.38.v20210224\jetty-util-ajax-9.4.38.v20210224.jar;D:\mysoft\maven\repository\org\eclipse\jetty\jetty-client\9.4.38.v20210224\jetty-client-9.4.38.v20210224.jar;D:\mysoft\maven\repository\com\fasterxml\jackson\core\jackson-databind\2.10.5.1\jackson-databind-2.10.5.1.jar;D:\mysoft\maven\repository\com\fasterxml\jackson\core\jackson-annotations\2.10.5\jackson-annotations-2.10.5.jar;D:\mysoft\maven\repository\com\fasterxml\jackson\core\jackson-core\2.10.5\jackson-core-2.10.5.jar;D:\mysoft\maven\repository\org\bouncycastle\bcprov-jdk15on\1.60\bcprov-jdk15on-1.60.jar;D:\mysoft\maven\repository\org\bouncycastle\bcpkix-jdk15on\1.60\bcpkix-jdk15on-1.60.jar;D:\mysoft\maven\repository\jline\jline\2.14.6\jline-2.14.6.jar;D:\mysoft\maven\repository\io\dropwizard\metrics\metrics-core\4.1.12.1\metrics-core-4.1.12.1.jar;D:\mysoft\maven\repository\log4j\log4j\1.2.17\log4j-1.2.17.jar;D:\mysoft\maven\repository\org\apache\kerby\kerb-core\2.0.0\kerb-core-2.0.0.jar;D:\mysoft\maven\repository\org\apache\kerby\kerby-pkix\2.0.0\kerby-pkix-2.0.0.jar;D:\mysoft\maven\repository\org\apache\kerby\kerby-asn1\2.0.0\kerby-asn1-2.0.0.jar;D:\mysoft\maven\repository\org\apache\kerby\kerby-util\2.0.0\kerby-util-2.0.0.jar;D:\mysoft\maven\repository\org\apache\kerby\kerb-simplekdc\2.0.0\kerb-simplekdc-2.0.0.jar;D:\mysoft\maven\repository\org\apache\kerby\kerb-client\2.0.0\kerb-client-2.0.0.jar;D:\mysoft\maven\repository\org\apache\kerby\kerb-common\2.0.0\kerb-common-2.0.0.jar;D:\mysoft\maven\repository\org\apache\kerby\kerb-crypto\2.0.0\kerb-crypto-2.0.0.jar;D:\mysoft\maven\repository\commons-io\commons-io\2.6\commons-io-2.6.jar;D:\mysoft\maven\repository\org\apache\kerby\kerb-util\2.0.0\kerb-util-2.0.0.jar;D:\mysoft\maven\repository\org\apache\kerby\token-provider\2.0.0\token-provider-2.0.0.jar;D:\mysoft\maven\repository\com\nimbusds\nimbus-jose-jwt\4.41.2\nimbus-jose-jwt-4.41.2.jar;D:\mysoft\maven\repository\com\github\stephenc\jcip\jcip-annotations\1.0-1\jcip-annotations-1.0-1.jar;D:\mysoft\maven\repository\net\minidev\json-smart\2.3\json-smart-2.3.jar;D:\mysoft\maven\repository\net\minidev\accessors-smart\1.2\accessors-smart-1.2.jar;D:\mysoft\maven\repository\org\ow2\asm\asm\5.0.4\asm-5.0.4.jar;D:\mysoft\maven\repository\org\apache\kerby\kerb-admin\2.0.0\kerb-admin-2.0.0.jar;D:\mysoft\maven\repository\org\apache\kerby\kerb-server\2.0.0\kerb-server-2.0.0.jar;D:\mysoft\maven\repository\org\apache\kerby\kerb-identity\2.0.0\kerb-identity-2.0.0.jar;D:\mysoft\maven\repository\org\apache\kerby\kerby-xdr\2.0.0\kerby-xdr-2.0.0.jar;D:\mysoft\maven\repository\org\apache\kerby\kerby-config\2.0.0\kerby-config-2.0.0.jar;D:\mysoft\maven\repository\org\mockito\mockito-core\3.6.28\mockito-core-3.6.28.jar;D:\mysoft\maven\repository\net\bytebuddy\byte-buddy\1.10.18\byte-buddy-1.10.18.jar;D:\mysoft\maven\repository\net\bytebuddy\byte-buddy-agent\1.10.18\byte-buddy-agent-1.10.18.jar;D:\mysoft\maven\repository\org\objenesis\objenesis\3.1\objenesis-3.1.jar;D:\mysoft\maven\repository\org\jmockit\jmockit\1.48\jmockit-1.48.jar;D:\mysoft\maven\repository\org\junit\jupiter\junit-jupiter-api\5.6.2\junit-jupiter-api-5.6.2.jar;D:\mysoft\maven\repository\org\apiguardian\apiguardian-api\1.1.0\apiguardian-api-1.1.0.jar;D:\mysoft\maven\repository\org\opentest4j\opentest4j\1.2.0\opentest4j-1.2.0.jar;D:\mysoft\maven\repository\org\junit\platform\junit-platform-commons\1.6.2\junit-platform-commons-1.6.2.jar;D:\mysoft\maven\repository\org\junit\jupiter\junit-jupiter-engine\5.6.2\junit-jupiter-engine-5.6.2.jar;D:\mysoft\maven\repository\org\junit\platform\junit-platform-engine\1.6.2\junit-platform-engine-1.6.2.jar;D:\mysoft\maven\repository\org\junit\jupiter\junit-jupiter-params\5.6.2\junit-jupiter-params-5.6.2.jar;D:\mysoft\maven\repository\org\junit\platform\junit-platform-runner\1.6.2\junit-platform-runner-1.6.2.jar;D:\mysoft\maven\repository\junit\junit\4.13\junit-4.13.jar;D:\mysoft\maven\repository\org\junit\platform\junit-platform-launcher\1.6.2\junit-platform-launcher-1.6.2.jar;D:\mysoft\maven\repository\org\junit\platform\junit-platform-suite-api\1.6.2\junit-platform-suite-api-1.6.2.jar;D:\mysoft\maven\repository\org\xerial\snappy\snappy-java\1.1.7.7\snappy-java-1.1.7.7.jar;"/>
    <property name="java.vm.vendor" value="Oracle Corporation"/>
    <property name="sun.arch.data.model" value="64"/>
    <property name="user.variant" value=""/>
    <property name="java.vendor.url" value="http://java.oracle.com/"/>
    <property name="user.timezone" value="Asia/Shanghai"/>
    <property name="java.vm.specification.version" value="1.8"/>
    <property name="os.name" value="Windows 8.1"/>
    <property name="user.country" value="CN"/>
    <property name="sun.java.launcher" value="SUN_STANDARD"/>
    <property name="sun.boot.library.path" value="C:\Program Files\Java\jdk1.8.0_31\jre\bin"/>
    <property name="sun.java.command" value="C:\Users\faisco\AppData\Local\Temp\surefire7017171567299321585\surefirebooter1502308722705568387.jar C:\Users\faisco\AppData\Local\Temp\surefire7017171567299321585 2021-11-08T11-05-05_200-jvmRun3 surefire4809888015281714711tmp surefire_112856821427872643596tmp"/>
    <property name="surefire.test.class.path" value="D:\mysoft\faiscoGit\myStudy\ZooKeeperLearning\apache-zookeeper-3.7.0\zookeeper-server\target\test-classes;D:\mysoft\faiscoGit\myStudy\ZooKeeperLearning\apache-zookeeper-3.7.0\zookeeper-server\target\classes;D:\mysoft\maven\repository\com\github\spotbugs\spotbugs-annotations\4.0.2\spotbugs-annotations-4.0.2.jar;D:\mysoft\maven\repository\com\google\code\findbugs\jsr305\3.0.2\jsr305-3.0.2.jar;D:\mysoft\maven\repository\org\hamcrest\hamcrest-library\2.2\hamcrest-library-2.2.jar;D:\mysoft\maven\repository\org\hamcrest\hamcrest-core\2.2\hamcrest-core-2.2.jar;D:\mysoft\maven\repository\org\hamcrest\hamcrest\2.2\hamcrest-2.2.jar;D:\mysoft\maven\repository\org\apache\commons\commons-collections4\4.4\commons-collections4-4.4.jar;D:\mysoft\maven\repository\org\apache\zookeeper\zookeeper-jute\3.7.0\zookeeper-jute-3.7.0.jar;D:\mysoft\maven\repository\commons-cli\commons-cli\1.4\commons-cli-1.4.jar;D:\mysoft\maven\repository\org\apache\yetus\audience-annotations\0.12.0\audience-annotations-0.12.0.jar;D:\mysoft\maven\repository\io\netty\netty-handler\4.1.59.Final\netty-handler-4.1.59.Final.jar;D:\mysoft\maven\repository\io\netty\netty-common\4.1.59.Final\netty-common-4.1.59.Final.jar;D:\mysoft\maven\repository\io\netty\netty-resolver\4.1.59.Final\netty-resolver-4.1.59.Final.jar;D:\mysoft\maven\repository\io\netty\netty-buffer\4.1.59.Final\netty-buffer-4.1.59.Final.jar;D:\mysoft\maven\repository\io\netty\netty-transport\4.1.59.Final\netty-transport-4.1.59.Final.jar;D:\mysoft\maven\repository\io\netty\netty-codec\4.1.59.Final\netty-codec-4.1.59.Final.jar;D:\mysoft\maven\repository\io\netty\netty-transport-native-epoll\4.1.59.Final\netty-transport-native-epoll-4.1.59.Final.jar;D:\mysoft\maven\repository\io\netty\netty-transport-native-unix-common\4.1.59.Final\netty-transport-native-unix-common-4.1.59.Final.jar;D:\mysoft\maven\repository\org\slf4j\slf4j-api\1.7.30\slf4j-api-1.7.30.jar;D:\mysoft\maven\repository\org\slf4j\slf4j-log4j12\1.7.30\slf4j-log4j12-1.7.30.jar;D:\mysoft\maven\repository\org\eclipse\jetty\jetty-server\9.4.38.v20210224\jetty-server-9.4.38.v20210224.jar;D:\mysoft\maven\repository\javax\servlet\javax.servlet-api\3.1.0\javax.servlet-api-3.1.0.jar;D:\mysoft\maven\repository\org\eclipse\jetty\jetty-http\9.4.38.v20210224\jetty-http-9.4.38.v20210224.jar;D:\mysoft\maven\repository\org\eclipse\jetty\jetty-util\9.4.38.v20210224\jetty-util-9.4.38.v20210224.jar;D:\mysoft\maven\repository\org\eclipse\jetty\jetty-io\9.4.38.v20210224\jetty-io-9.4.38.v20210224.jar;D:\mysoft\maven\repository\org\eclipse\jetty\jetty-servlet\9.4.38.v20210224\jetty-servlet-9.4.38.v20210224.jar;D:\mysoft\maven\repository\org\eclipse\jetty\jetty-security\9.4.38.v20210224\jetty-security-9.4.38.v20210224.jar;D:\mysoft\maven\repository\org\eclipse\jetty\jetty-util-ajax\9.4.38.v20210224\jetty-util-ajax-9.4.38.v20210224.jar;D:\mysoft\maven\repository\org\eclipse\jetty\jetty-client\9.4.38.v20210224\jetty-client-9.4.38.v20210224.jar;D:\mysoft\maven\repository\com\fasterxml\jackson\core\jackson-databind\2.10.5.1\jackson-databind-2.10.5.1.jar;D:\mysoft\maven\repository\com\fasterxml\jackson\core\jackson-annotations\2.10.5\jackson-annotations-2.10.5.jar;D:\mysoft\maven\repository\com\fasterxml\jackson\core\jackson-core\2.10.5\jackson-core-2.10.5.jar;D:\mysoft\maven\repository\org\bouncycastle\bcprov-jdk15on\1.60\bcprov-jdk15on-1.60.jar;D:\mysoft\maven\repository\org\bouncycastle\bcpkix-jdk15on\1.60\bcpkix-jdk15on-1.60.jar;D:\mysoft\maven\repository\jline\jline\2.14.6\jline-2.14.6.jar;D:\mysoft\maven\repository\io\dropwizard\metrics\metrics-core\4.1.12.1\metrics-core-4.1.12.1.jar;D:\mysoft\maven\repository\log4j\log4j\1.2.17\log4j-1.2.17.jar;D:\mysoft\maven\repository\org\apache\kerby\kerb-core\2.0.0\kerb-core-2.0.0.jar;D:\mysoft\maven\repository\org\apache\kerby\kerby-pkix\2.0.0\kerby-pkix-2.0.0.jar;D:\mysoft\maven\repository\org\apache\kerby\kerby-asn1\2.0.0\kerby-asn1-2.0.0.jar;D:\mysoft\maven\repository\org\apache\kerby\kerby-util\2.0.0\kerby-util-2.0.0.jar;D:\mysoft\maven\repository\org\apache\kerby\kerb-simplekdc\2.0.0\kerb-simplekdc-2.0.0.jar;D:\mysoft\maven\repository\org\apache\kerby\kerb-client\2.0.0\kerb-client-2.0.0.jar;D:\mysoft\maven\repository\org\apache\kerby\kerb-common\2.0.0\kerb-common-2.0.0.jar;D:\mysoft\maven\repository\org\apache\kerby\kerb-crypto\2.0.0\kerb-crypto-2.0.0.jar;D:\mysoft\maven\repository\commons-io\commons-io\2.6\commons-io-2.6.jar;D:\mysoft\maven\repository\org\apache\kerby\kerb-util\2.0.0\kerb-util-2.0.0.jar;D:\mysoft\maven\repository\org\apache\kerby\token-provider\2.0.0\token-provider-2.0.0.jar;D:\mysoft\maven\repository\com\nimbusds\nimbus-jose-jwt\4.41.2\nimbus-jose-jwt-4.41.2.jar;D:\mysoft\maven\repository\com\github\stephenc\jcip\jcip-annotations\1.0-1\jcip-annotations-1.0-1.jar;D:\mysoft\maven\repository\net\minidev\json-smart\2.3\json-smart-2.3.jar;D:\mysoft\maven\repository\net\minidev\accessors-smart\1.2\accessors-smart-1.2.jar;D:\mysoft\maven\repository\org\ow2\asm\asm\5.0.4\asm-5.0.4.jar;D:\mysoft\maven\repository\org\apache\kerby\kerb-admin\2.0.0\kerb-admin-2.0.0.jar;D:\mysoft\maven\repository\org\apache\kerby\kerb-server\2.0.0\kerb-server-2.0.0.jar;D:\mysoft\maven\repository\org\apache\kerby\kerb-identity\2.0.0\kerb-identity-2.0.0.jar;D:\mysoft\maven\repository\org\apache\kerby\kerby-xdr\2.0.0\kerby-xdr-2.0.0.jar;D:\mysoft\maven\repository\org\apache\kerby\kerby-config\2.0.0\kerby-config-2.0.0.jar;D:\mysoft\maven\repository\org\mockito\mockito-core\3.6.28\mockito-core-3.6.28.jar;D:\mysoft\maven\repository\net\bytebuddy\byte-buddy\1.10.18\byte-buddy-1.10.18.jar;D:\mysoft\maven\repository\net\bytebuddy\byte-buddy-agent\1.10.18\byte-buddy-agent-1.10.18.jar;D:\mysoft\maven\repository\org\objenesis\objenesis\3.1\objenesis-3.1.jar;D:\mysoft\maven\repository\org\jmockit\jmockit\1.48\jmockit-1.48.jar;D:\mysoft\maven\repository\org\junit\jupiter\junit-jupiter-api\5.6.2\junit-jupiter-api-5.6.2.jar;D:\mysoft\maven\repository\org\apiguardian\apiguardian-api\1.1.0\apiguardian-api-1.1.0.jar;D:\mysoft\maven\repository\org\opentest4j\opentest4j\1.2.0\opentest4j-1.2.0.jar;D:\mysoft\maven\repository\org\junit\platform\junit-platform-commons\1.6.2\junit-platform-commons-1.6.2.jar;D:\mysoft\maven\repository\org\junit\jupiter\junit-jupiter-engine\5.6.2\junit-jupiter-engine-5.6.2.jar;D:\mysoft\maven\repository\org\junit\platform\junit-platform-engine\1.6.2\junit-platform-engine-1.6.2.jar;D:\mysoft\maven\repository\org\junit\jupiter\junit-jupiter-params\5.6.2\junit-jupiter-params-5.6.2.jar;D:\mysoft\maven\repository\org\junit\platform\junit-platform-runner\1.6.2\junit-platform-runner-1.6.2.jar;D:\mysoft\maven\repository\junit\junit\4.13\junit-4.13.jar;D:\mysoft\maven\repository\org\junit\platform\junit-platform-launcher\1.6.2\junit-platform-launcher-1.6.2.jar;D:\mysoft\maven\repository\org\junit\platform\junit-platform-suite-api\1.6.2\junit-platform-suite-api-1.6.2.jar;D:\mysoft\maven\repository\org\xerial\snappy\snappy-java\1.1.7.7\snappy-java-1.1.7.7.jar;"/>
    <property name="sun.cpu.endian" value="little"/>
    <property name="user.home" value="C:\Users\faisco"/>
    <property name="user.language" value="zh"/>
    <property name="java.specification.vendor" value="Oracle Corporation"/>
    <property name="java.home" value="C:\Program Files\Java\jdk1.8.0_31\jre"/>
    <property name="zookeeper.DigestAuthenticationProvider.superDigest" value="super:D/InIHSb7yEEbrWz8b9l71RjZJU="/>
    <property name="basedir" value="D:\mysoft\faiscoGit\myStudy\ZooKeeperLearning\apache-zookeeper-3.7.0\zookeeper-server"/>
    <property name="file.separator" value="\"/>
    <property name="line.separator" value="&#10;"/>
    <property name="java.vm.specification.vendor" value="Oracle Corporation"/>
    <property name="java.specification.name" value="Java Platform API Specification"/>
    <property name="java.awt.graphicsenv" value="sun.awt.Win32GraphicsEnvironment"/>
    <property name="test.junit.threads" value="8"/>
    <property name="surefire.real.class.path" value="C:\Users\faisco\AppData\Local\Temp\surefire7017171567299321585\surefirebooter1502308722705568387.jar;D:\mysoft\maven\repository\org\jmockit\jmockit\1.48\jmockit-1.48.jar"/>
    <property name="zookeeper.junit.threadid" value="3"/>
    <property name="sun.boot.class.path" value="C:\Program Files\Java\jdk1.8.0_31\jre\lib\resources.jar;C:\Program Files\Java\jdk1.8.0_31\jre\lib\rt.jar;C:\Program Files\Java\jdk1.8.0_31\jre\lib\sunrsasign.jar;C:\Program Files\Java\jdk1.8.0_31\jre\lib\jsse.jar;C:\Program Files\Java\jdk1.8.0_31\jre\lib\jce.jar;C:\Program Files\Java\jdk1.8.0_31\jre\lib\charsets.jar;C:\Program Files\Java\jdk1.8.0_31\jre\lib\jfr.jar;C:\Program Files\Java\jdk1.8.0_31\jre\classes"/>
    <property name="user.script" value=""/>
    <property name="sun.management.compiler" value="HotSpot 64-Bit Tiered Compilers"/>
    <property name="java.runtime.version" value="1.8.0_31-b13"/>
    <property name="user.name" value="faisco"/>
    <property name="path.separator" value=";"/>
    <property name="os.version" value="6.3"/>
    <property name="java.endorsed.dirs" value="C:\Program Files\Java\jdk1.8.0_31\jre\lib\endorsed"/>
    <property name="java.runtime.name" value="Java(TM) SE Runtime Environment"/>
    <property name="file.encoding" value="GBK"/>
    <property name="java.vm.name" value="Java HotSpot(TM) 64-Bit Server VM"/>
    <property name="idea.version2020.1" value="true"/>
    <property name="localRepository" value="D:\mysoft\maven\repository"/>
    <property name="java.vendor.url.bug" value="http://bugreport.sun.com/bugreport/"/>
    <property name="java.io.tmpdir" value="C:\Users\faisco\AppData\Local\Temp\"/>
    <property name="java.version" value="1.8.0_31"/>
    <property name="user.dir" value="D:\mysoft\faiscoGit\myStudy\ZooKeeperLearning\apache-zookeeper-3.7.0\zookeeper-server"/>
    <property name="os.arch" value="amd64"/>
    <property name="java.vm.specification.name" value="Java Virtual Machine Specification"/>
    <property name="java.awt.printerjob" value="sun.awt.windows.WPrinterJob"/>
    <property name="sun.os.patch.level" value=""/>
    <property name="java.library.path" value="C:\Program Files\Java\jdk1.8.0_31\jre\bin;C:\WINDOWS\Sun\Java\bin;C:\WINDOWS\system32;C:\WINDOWS;C:\Program Files\Java\jdk1.8.0_31\jre\bin;C:\Python39\Scripts\;C:\Python39\;C:\Python27\;C:\Python27\Scripts;C:\Program Files (x86)\Intel\Intel(R) Management Engine Components\iCLS\;C:\Program Files\Intel\Intel(R) Management Engine Components\iCLS\;C:\WINDOWS\system32;C:\WINDOWS;C:\WINDOWS\System32\Wbem;C:\WINDOWS\System32\WindowsPowerShell\v1.0\;C:\WINDOWS\System32\OpenSSH\;C:\Program Files (x86)\Intel\Intel(R) Management Engine Components\DAL;C:\Program Files\Intel\Intel(R) Management Engine Components\DAL;C:\Program Files\TortoiseSVN\bin;C:\Program Files\Java\jdk1.8.0_31\bin;D:\soft\Git\cmd;D:\mysoft\maven\apache-maven-3.6.1\bin;C:\ProgramData\chocolatey\bin;C:\Program Files\nodejs\;D:\mysoft\gradle-7.0\bin;C:\ProgramData\Oracle\Java\javapath;C:\Program Files\OpenVPN\bin;C:\Users\faisco\AppData\Local\Microsoft\WindowsApps;;D:\soft\Microsoft VS Code\bin;D:\soft\PyCharm Community Edition 2019.1.3\bin;;D:\soft\PyCharm 2019.2.3\bin;;C:\Users\faisco\AppData\Local\Microsoft\WindowsApps;C:\Program Files\JetBrains\IntelliJ IDEA 2020.1\bin;;C:\Program Files\JetBrains\IntelliJ IDEA Community Edition 2020.1.3\bin;;C:\Users\faisco\AppData\Roaming\npm;."/>
    <property name="junit.jupiter.extensions.autodetection.enabled" value="true"/>
    <property name="java.vm.info" value="mixed mode"/>
    <property name="java.vendor" value="Oracle Corporation"/>
    <property name="java.vm.version" value="25.31-b07"/>
    <property name="java.ext.dirs" value="C:\Program Files\Java\jdk1.8.0_31\jre\lib\ext;C:\WINDOWS\Sun\Java\lib\ext"/>
    <property name="sun.io.unicode.encoding" value="UnicodeLittle"/>
    <property name="java.class.version" value="52.0"/>
  </properties>
  <testcase name="testInconsistentPeerType" classname="org.apache.zookeeper.server.quorum.QuorumPeerMainTest" time="16.414"/>
  <testcase name="testLearnerRequestForwardBehavior" classname="org.apache.zookeeper.server.quorum.QuorumPeerMainTest" time="9.075">
    <error message="org/apache/zookeeper/client/StaticHostProvider" type="java.lang.NoClassDefFoundError"><![CDATA[java.lang.NoClassDefFoundError: org/apache/zookeeper/client/StaticHostProvider
	at org.apache.zookeeper.ZooKeeper.createDefaultHostProvider(ZooKeeper.java:1135)
	at org.apache.zookeeper.ZooKeeper.<init>(ZooKeeper.java:734)
	at org.apache.zookeeper.ZooKeeper.<init>(ZooKeeper.java:448)
	at org.apache.zookeeper.server.quorum.QuorumPeerTestBase$Servers.restartClient(QuorumPeerTestBase.java:432)
	at org.apache.zookeeper.server.quorum.QuorumPeerTestBase.LaunchServers(QuorumPeerTestBase.java:524)
	at org.apache.zookeeper.server.quorum.QuorumPeerTestBase.LaunchServers(QuorumPeerTestBase.java:487)
	at org.apache.zookeeper.server.quorum.QuorumPeerTestBase.LaunchServers(QuorumPeerTestBase.java:482)
	at org.apache.zookeeper.server.quorum.QuorumPeerTestBase.LaunchServers(QuorumPeerTestBase.java:473)
	at org.apache.zookeeper.server.quorum.QuorumPeerMainTest.testLearnerRequestForwardBehavior(QuorumPeerMainTest.java:1595)
Caused by: java.lang.ClassNotFoundException: org.apache.zookeeper.client.StaticHostProvider
	at java.net.URLClassLoader$1.run(URLClassLoader.java:372)
	at java.net.URLClassLoader$1.run(URLClassLoader.java:361)
	at java.security.AccessController.doPrivileged(Native Method)
	at java.net.URLClassLoader.findClass(URLClassLoader.java:360)
	at java.lang.ClassLoader.loadClass(ClassLoader.java:424)
	at java.lang.ClassLoader.loadClass(ClassLoader.java:357)
	... 9 more
]]></error>
    <system-out><![CDATA[2021-11-08 11:10:40,758 [myid:] - INFO  [main:ZKTestCase@77] - STARTING Optional[public void org.apache.zookeeper.server.quorum.QuorumPeerMainTest.testLearnerRequestForwardBehavior() throws java.lang.Exception]
2021-11-08 11:10:40,759 [myid:] - INFO  [main:PortAssignment@87] - Assigned port 16617 from range 16607 - 19299.
2021-11-08 11:10:40,759 [myid:] - INFO  [main:PortAssignment@87] - Assigned port 16618 from range 16607 - 19299.
2021-11-08 11:10:40,759 [myid:] - INFO  [main:PortAssignment@87] - Assigned port 16619 from range 16607 - 19299.
2021-11-08 11:10:40,760 [myid:] - INFO  [main:PortAssignment@87] - Assigned port 16620 from range 16607 - 19299.
2021-11-08 11:10:40,760 [myid:] - INFO  [main:PortAssignment@87] - Assigned port 16621 from range 16607 - 19299.
2021-11-08 11:10:40,760 [myid:] - INFO  [main:PortAssignment@87] - Assigned port 16622 from range 16607 - 19299.
2021-11-08 11:10:40,760 [myid:] - INFO  [main:PortAssignment@87] - Assigned port 16623 from range 16607 - 19299.
2021-11-08 11:10:40,761 [myid:] - INFO  [main:PortAssignment@87] - Assigned port 16624 from range 16607 - 19299.
2021-11-08 11:10:40,761 [myid:] - INFO  [main:PortAssignment@87] - Assigned port 16625 from range 16607 - 19299.
2021-11-08 11:10:40,762 [myid:] - INFO  [main:QuorumPeerTestBase$MainThread@122] - id = 0 tmpDir = D:\mysoft\faiscoGit\myStudy\ZooKeeperLearning\apache-zookeeper-3.7.0\zookeeper-server\target\surefire\test5466316603699267227.junit.dir clientPort = 16617
2021-11-08 11:10:40,767 [myid:] - INFO  [Thread-7:QuorumPeerConfig@174] - Reading configuration from: D:\mysoft\faiscoGit\myStudy\ZooKeeperLearning\apache-zookeeper-3.7.0\zookeeper-server\target\surefire\test5466316603699267227.junit.dir\zoo.cfg
2021-11-08 11:10:40,768 [myid:] - INFO  [Thread-7:QuorumPeerConfig@444] - clientPortAddress is 0.0.0.0:16617
2021-11-08 11:10:40,768 [myid:] - INFO  [Thread-7:QuorumPeerConfig@448] - secureClientPort is not set
2021-11-08 11:10:40,768 [myid:] - INFO  [Thread-7:QuorumPeerConfig@464] - observerMasterPort is not set
2021-11-08 11:10:40,768 [myid:] - INFO  [Thread-7:QuorumPeerConfig@481] - metricsProvider.className is org.apache.zookeeper.metrics.impl.DefaultMetricsProvider
2021-11-08 11:10:40,768 [myid:0] - INFO  [Thread-7:DatadirCleanupManager@78] - autopurge.snapRetainCount set to 3
2021-11-08 11:10:40,768 [myid:0] - INFO  [Thread-7:DatadirCleanupManager@79] - autopurge.purgeInterval set to 0
2021-11-08 11:10:40,768 [myid:0] - INFO  [Thread-7:DatadirCleanupManager@101] - Purge task is not scheduled.
2021-11-08 11:10:40,768 [myid:0] - INFO  [Thread-7:ManagedUtil@44] - Log4j 1.2 jmx support found and enabled.
2021-11-08 11:10:40,768 [myid:0] - ERROR [Thread-7:ManagedUtil@109] - Problems while registering log4j 1.2 jmx beans!
javax.management.InstanceAlreadyExistsException: log4j:hierarchy=default
	at com.sun.jmx.mbeanserver.Repository.addMBean(Repository.java:437)
	at com.sun.jmx.interceptor.DefaultMBeanServerInterceptor.registerWithRepository(DefaultMBeanServerInterceptor.java:1898)
	at com.sun.jmx.interceptor.DefaultMBeanServerInterceptor.registerDynamicMBean(DefaultMBeanServerInterceptor.java:966)
	at com.sun.jmx.interceptor.DefaultMBeanServerInterceptor.registerObject(DefaultMBeanServerInterceptor.java:900)
	at com.sun.jmx.interceptor.DefaultMBeanServerInterceptor.registerMBean(DefaultMBeanServerInterceptor.java:324)
	at com.sun.jmx.mbeanserver.JmxMBeanServer.registerMBean(JmxMBeanServer.java:522)
	at org.apache.zookeeper.jmx.ManagedUtil.registerLog4jMBeans(ManagedUtil.java:72)
	at org.apache.zookeeper.server.quorum.QuorumPeerMain.runFromConfig(QuorumPeerMain.java:147)
	at org.apache.zookeeper.server.quorum.QuorumPeerMain.initializeAndRun(QuorumPeerMain.java:137)
	at org.apache.zookeeper.server.quorum.QuorumPeerTestBase$MainThread.run(QuorumPeerTestBase.java:329)
	at java.lang.Thread.run(Thread.java:745)
2021-11-08 11:10:40,768 [myid:0] - WARN  [Thread-7:QuorumPeerMain@149] - Unable to register log4j JMX control
javax.management.JMException: javax.management.InstanceAlreadyExistsException: log4j:hierarchy=default
	at org.apache.zookeeper.jmx.ManagedUtil.registerLog4jMBeans(ManagedUtil.java:110)
	at org.apache.zookeeper.server.quorum.QuorumPeerMain.runFromConfig(QuorumPeerMain.java:147)
	at org.apache.zookeeper.server.quorum.QuorumPeerMain.initializeAndRun(QuorumPeerMain.java:137)
	at org.apache.zookeeper.server.quorum.QuorumPeerTestBase$MainThread.run(QuorumPeerTestBase.java:329)
	at java.lang.Thread.run(Thread.java:745)
2021-11-08 11:10:40,768 [myid:0] - INFO  [Thread-7:QuorumPeerMain@152] - Starting quorum peer, myid=0
2021-11-08 11:10:40,769 [myid:0] - INFO  [Thread-7:ServerMetrics@62] - ServerMetrics initialized with provider org.apache.zookeeper.metrics.impl.DefaultMetricsProvider@4f2cc012
2021-11-08 11:10:40,769 [myid:0] - INFO  [Thread-7:DigestAuthenticationProvider@61] - zookeeper.DigestAuthenticationProvider.enabled = true
2021-11-08 11:10:40,769 [myid:0] - INFO  [Thread-7:ServerCnxnFactory@169] - Using org.apache.zookeeper.server.NIOServerCnxnFactory as server connection factory
2021-11-08 11:10:40,769 [myid:0] - WARN  [Thread-7:ServerCnxnFactory@309] - maxCnxns is not configured, using default value 0.
2021-11-08 11:10:40,769 [myid:0] - INFO  [Thread-7:NIOServerCnxnFactory@652] - Configuring NIO connection handler with 10s sessionless connection timeout, 1 selector thread(s), 12 worker threads, and 64 kB direct buffers.
2021-11-08 11:10:40,770 [myid:0] - INFO  [Thread-7:NIOServerCnxnFactory@660] - binding to port /127.0.0.1:16617
2021-11-08 11:10:40,770 [myid:0] - INFO  [Thread-7:FileTxnSnapLog@124] - zookeeper.snapshot.trust.empty : false
2021-11-08 11:10:40,771 [myid:0] - INFO  [Thread-7:QuorumPeer@1742] - Local sessions disabled
2021-11-08 11:10:40,771 [myid:0] - INFO  [Thread-7:QuorumPeer@1753] - Local session upgrading disabled
2021-11-08 11:10:40,771 [myid:0] - INFO  [Thread-7:QuorumPeer@1720] - tickTime set to 4000
2021-11-08 11:10:40,771 [myid:0] - INFO  [Thread-7:QuorumPeer@1764] - minSessionTimeout set to 8000
2021-11-08 11:10:40,771 [myid:0] - INFO  [Thread-7:QuorumPeer@1775] - maxSessionTimeout set to 80000
2021-11-08 11:10:40,771 [myid:0] - INFO  [Thread-7:QuorumPeer@1800] - initLimit set to 10
2021-11-08 11:10:40,771 [myid:0] - INFO  [Thread-7:QuorumPeer@1987] - syncLimit set to 5
2021-11-08 11:10:40,771 [myid:0] - INFO  [Thread-7:QuorumPeer@2002] - connectToLearnerMasterLimit set to 5
2021-11-08 11:10:40,771 [myid:0] - INFO  [Thread-7:WatchManagerFactory@42] - Using org.apache.zookeeper.server.watch.WatchManager as watch manager
2021-11-08 11:10:40,771 [myid:0] - INFO  [Thread-7:WatchManagerFactory@42] - Using org.apache.zookeeper.server.watch.WatchManager as watch manager
2021-11-08 11:10:40,771 [myid:0] - INFO  [Thread-7:ZKDatabase@133] - zookeeper.snapshotSizeFactor = 0.33
2021-11-08 11:10:40,771 [myid:0] - INFO  [Thread-7:ZKDatabase@153] - zookeeper.commitLogCount=500
2021-11-08 11:10:40,771 [myid:0] - INFO  [Thread-7:QuorumPeer@2066] - Using insecure (non-TLS) quorum communication
2021-11-08 11:10:40,771 [myid:0] - INFO  [Thread-7:QuorumPeer@2072] - Port unification disabled
2021-11-08 11:10:40,771 [myid:0] - INFO  [Thread-7:QuorumPeer@179] - multiAddress.enabled set to false
2021-11-08 11:10:40,772 [myid:0] - INFO  [Thread-7:QuorumPeer@204] - multiAddress.reachabilityCheckEnabled set to true
2021-11-08 11:10:40,772 [myid:0] - INFO  [Thread-7:QuorumPeer@191] - multiAddress.reachabilityCheckTimeoutMs set to 1000
2021-11-08 11:10:40,772 [myid:0] - INFO  [Thread-7:QuorumPeer@2527] - QuorumPeer communication is not secured! (SASL auth disabled)
2021-11-08 11:10:40,772 [myid:0] - INFO  [Thread-7:QuorumPeer@2552] - quorum.cnxn.threads.size set to 20
2021-11-08 11:10:40,772 [myid:0] - INFO  [Thread-7:FileTxnSnapLog@479] - Snapshotting: 0x0 to D:\mysoft\faiscoGit\myStudy\ZooKeeperLearning\apache-zookeeper-3.7.0\zookeeper-server\target\surefire\test5466316603699267227.junit.dir\data\version-2\snapshot.0
2021-11-08 11:10:40,773 [myid:0] - INFO  [Thread-7:ZKDatabase@290] - Snapshot loaded in 1 ms, highest zxid is 0x0, digest is 1371985504
2021-11-08 11:10:40,773 [myid:0] - INFO  [Thread-7:QuorumPeer@1157] - currentEpoch not found! Creating with a reasonable default of 0. This should only happen when you are upgrading your installation
2021-11-08 11:10:40,775 [myid:0] - INFO  [Thread-7:QuorumPeer@1177] - acceptedEpoch not found! Creating with a reasonable default of 0. This should only happen when you are upgrading your installation
2021-11-08 11:10:40,779 [myid:0] - INFO  [Thread-7:QuorumPeer@2569] - Using 20000ms as the quorum cnxn socket timeout
2021-11-08 11:10:40,779 [myid:0] - INFO  [Thread-7:QuorumCnxManager$Listener@924] - Election port bind maximum retries is 3
2021-11-08 11:10:40,780 [myid:0] - INFO  [ListenerHandler-/127.0.0.1:16619:QuorumCnxManager$Listener$ListenerHandler@1066] - 0 is accepting connections now, my election bind port: /127.0.0.1:16619
2021-11-08 11:10:40,780 [myid:0] - INFO  [QuorumPeer[myid=0](plain=127.0.0.1:16617)(secure=disabled):QuorumPeer@1430] - LOOKING
2021-11-08 11:10:40,780 [myid:0] - INFO  [QuorumPeer[myid=0](plain=127.0.0.1:16617)(secure=disabled):FastLeaderElection@947] - New election. My id = 0, proposed zxid=0x0
2021-11-08 11:10:40,780 [myid:0] - INFO  [WorkerReceiver[myid=0]:FastLeaderElection$Messenger$WorkerReceiver@390] - Notification: my state:LOOKING; n.sid:0, n.state:LOOKING, n.leader:0, n.round:0x1, n.peerEpoch:0x0, n.zxid:0x0, message format version:0x2, n.config version:0x0
2021-11-08 11:10:40,984 [myid:0] - INFO  [QuorumPeer[myid=0](plain=127.0.0.1:16617)(secure=disabled):FastLeaderElection@984] - Notification time out: 400
2021-11-08 11:10:41,384 [myid:0] - INFO  [QuorumPeer[myid=0](plain=127.0.0.1:16617)(secure=disabled):FastLeaderElection@984] - Notification time out: 800
2021-11-08 11:10:42,185 [myid:0] - INFO  [QuorumPeer[myid=0](plain=127.0.0.1:16617)(secure=disabled):FastLeaderElection@984] - Notification time out: 1600
2021-11-08 11:10:42,801 [myid:0] - WARN  [QuorumConnectionThread-[myid=0]-1:QuorumCnxManager@401] - Cannot open channel to 1 at election address /127.0.0.1:16622
java.net.ConnectException: Connection refused: connect
	at java.net.DualStackPlainSocketImpl.waitForConnect(Native Method)
	at java.net.DualStackPlainSocketImpl.socketConnect(DualStackPlainSocketImpl.java:85)
	at java.net.AbstractPlainSocketImpl.doConnect(AbstractPlainSocketImpl.java:345)
	at java.net.AbstractPlainSocketImpl.connectToAddress(AbstractPlainSocketImpl.java:206)
	at java.net.AbstractPlainSocketImpl.connect(AbstractPlainSocketImpl.java:188)
	at java.net.PlainSocketImpl.connect(PlainSocketImpl.java:172)
	at java.net.SocksSocketImpl.connect(SocksSocketImpl.java:392)
	at java.net.Socket.connect(Socket.java:589)
	at org.apache.zookeeper.server.quorum.QuorumCnxManager.initiateConnection(QuorumCnxManager.java:384)
	at org.apache.zookeeper.server.quorum.QuorumCnxManager$QuorumConnectionReqThread.run(QuorumCnxManager.java:458)
	at java.util.concurrent.ThreadPoolExecutor.runWorker(ThreadPoolExecutor.java:1142)
	at java.util.concurrent.ThreadPoolExecutor$Worker.run(ThreadPoolExecutor.java:617)
	at java.lang.Thread.run(Thread.java:745)
2021-11-08 11:10:42,801 [myid:0] - WARN  [QuorumConnectionThread-[myid=0]-2:QuorumCnxManager@401] - Cannot open channel to 2 at election address /127.0.0.1:16625
java.net.ConnectException: Connection refused: connect
	at java.net.DualStackPlainSocketImpl.waitForConnect(Native Method)
	at java.net.DualStackPlainSocketImpl.socketConnect(DualStackPlainSocketImpl.java:85)
	at java.net.AbstractPlainSocketImpl.doConnect(AbstractPlainSocketImpl.java:345)
	at java.net.AbstractPlainSocketImpl.connectToAddress(AbstractPlainSocketImpl.java:206)
	at java.net.AbstractPlainSocketImpl.connect(AbstractPlainSocketImpl.java:188)
	at java.net.PlainSocketImpl.connect(PlainSocketImpl.java:172)
	at java.net.SocksSocketImpl.connect(SocksSocketImpl.java:392)
	at java.net.Socket.connect(Socket.java:589)
	at org.apache.zookeeper.server.quorum.QuorumCnxManager.initiateConnection(QuorumCnxManager.java:384)
	at org.apache.zookeeper.server.quorum.QuorumCnxManager$QuorumConnectionReqThread.run(QuorumCnxManager.java:458)
	at java.util.concurrent.ThreadPoolExecutor.runWorker(ThreadPoolExecutor.java:1142)
	at java.util.concurrent.ThreadPoolExecutor$Worker.run(ThreadPoolExecutor.java:617)
	at java.lang.Thread.run(Thread.java:745)
2021-11-08 11:10:43,788 [myid:0] - INFO  [QuorumPeer[myid=0](plain=127.0.0.1:16617)(secure=disabled):FastLeaderElection@984] - Notification time out: 3200
2021-11-08 11:10:45,832 [myid:0] - WARN  [QuorumConnectionThread-[myid=0]-3:QuorumCnxManager@401] - Cannot open channel to 1 at election address /127.0.0.1:16622
java.net.ConnectException: Connection refused: connect
	at java.net.DualStackPlainSocketImpl.waitForConnect(Native Method)
	at java.net.DualStackPlainSocketImpl.socketConnect(DualStackPlainSocketImpl.java:85)
	at java.net.AbstractPlainSocketImpl.doConnect(AbstractPlainSocketImpl.java:345)
	at java.net.AbstractPlainSocketImpl.connectToAddress(AbstractPlainSocketImpl.java:206)
	at java.net.AbstractPlainSocketImpl.connect(AbstractPlainSocketImpl.java:188)
	at java.net.PlainSocketImpl.connect(PlainSocketImpl.java:172)
	at java.net.SocksSocketImpl.connect(SocksSocketImpl.java:392)
	at java.net.Socket.connect(Socket.java:589)
	at org.apache.zookeeper.server.quorum.QuorumCnxManager.initiateConnection(QuorumCnxManager.java:384)
	at org.apache.zookeeper.server.quorum.QuorumCnxManager$QuorumConnectionReqThread.run(QuorumCnxManager.java:458)
	at java.util.concurrent.ThreadPoolExecutor.runWorker(ThreadPoolExecutor.java:1142)
	at java.util.concurrent.ThreadPoolExecutor$Worker.run(ThreadPoolExecutor.java:617)
	at java.lang.Thread.run(Thread.java:745)
2021-11-08 11:10:45,832 [myid:0] - WARN  [QuorumConnectionThread-[myid=0]-2:QuorumCnxManager@401] - Cannot open channel to 2 at election address /127.0.0.1:16625
java.net.ConnectException: Connection refused: connect
	at java.net.DualStackPlainSocketImpl.waitForConnect(Native Method)
	at java.net.DualStackPlainSocketImpl.socketConnect(DualStackPlainSocketImpl.java:85)
	at java.net.AbstractPlainSocketImpl.doConnect(AbstractPlainSocketImpl.java:345)
	at java.net.AbstractPlainSocketImpl.connectToAddress(AbstractPlainSocketImpl.java:206)
	at java.net.AbstractPlainSocketImpl.connect(AbstractPlainSocketImpl.java:188)
	at java.net.PlainSocketImpl.connect(PlainSocketImpl.java:172)
	at java.net.SocksSocketImpl.connect(SocksSocketImpl.java:392)
	at java.net.Socket.connect(Socket.java:589)
	at org.apache.zookeeper.server.quorum.QuorumCnxManager.initiateConnection(QuorumCnxManager.java:384)
	at org.apache.zookeeper.server.quorum.QuorumCnxManager$QuorumConnectionReqThread.run(QuorumCnxManager.java:458)
	at java.util.concurrent.ThreadPoolExecutor.runWorker(ThreadPoolExecutor.java:1142)
	at java.util.concurrent.ThreadPoolExecutor$Worker.run(ThreadPoolExecutor.java:617)
	at java.lang.Thread.run(Thread.java:745)
2021-11-08 11:10:46,999 [myid:0] - INFO  [QuorumPeer[myid=0](plain=127.0.0.1:16617)(secure=disabled):FastLeaderElection@984] - Notification time out: 6400
2021-11-08 11:10:49,014 [myid:0] - WARN  [QuorumConnectionThread-[myid=0]-2:QuorumCnxManager@401] - Cannot open channel to 1 at election address /127.0.0.1:16622
java.net.ConnectException: Connection refused: connect
	at java.net.DualStackPlainSocketImpl.waitForConnect(Native Method)
	at java.net.DualStackPlainSocketImpl.socketConnect(DualStackPlainSocketImpl.java:85)
	at java.net.AbstractPlainSocketImpl.doConnect(AbstractPlainSocketImpl.java:345)
	at java.net.AbstractPlainSocketImpl.connectToAddress(AbstractPlainSocketImpl.java:206)
	at java.net.AbstractPlainSocketImpl.connect(AbstractPlainSocketImpl.java:188)
	at java.net.PlainSocketImpl.connect(PlainSocketImpl.java:172)
	at java.net.SocksSocketImpl.connect(SocksSocketImpl.java:392)
	at java.net.Socket.connect(Socket.java:589)
	at org.apache.zookeeper.server.quorum.QuorumCnxManager.initiateConnection(QuorumCnxManager.java:384)
	at org.apache.zookeeper.server.quorum.QuorumCnxManager$QuorumConnectionReqThread.run(QuorumCnxManager.java:458)
	at java.util.concurrent.ThreadPoolExecutor.runWorker(ThreadPoolExecutor.java:1142)
	at java.util.concurrent.ThreadPoolExecutor$Worker.run(ThreadPoolExecutor.java:617)
	at java.lang.Thread.run(Thread.java:745)
2021-11-08 11:10:49,029 [myid:0] - WARN  [QuorumConnectionThread-[myid=0]-3:QuorumCnxManager@401] - Cannot open channel to 2 at election address /127.0.0.1:16625
java.net.ConnectException: Connection refused: connect
	at java.net.DualStackPlainSocketImpl.waitForConnect(Native Method)
	at java.net.DualStackPlainSocketImpl.socketConnect(DualStackPlainSocketImpl.java:85)
	at java.net.AbstractPlainSocketImpl.doConnect(AbstractPlainSocketImpl.java:345)
	at java.net.AbstractPlainSocketImpl.connectToAddress(AbstractPlainSocketImpl.java:206)
	at java.net.AbstractPlainSocketImpl.connect(AbstractPlainSocketImpl.java:188)
	at java.net.PlainSocketImpl.connect(PlainSocketImpl.java:172)
	at java.net.SocksSocketImpl.connect(SocksSocketImpl.java:392)
	at java.net.Socket.connect(Socket.java:589)
	at org.apache.zookeeper.server.quorum.QuorumCnxManager.initiateConnection(QuorumCnxManager.java:384)
	at org.apache.zookeeper.server.quorum.QuorumCnxManager$QuorumConnectionReqThread.run(QuorumCnxManager.java:458)
	at java.util.concurrent.ThreadPoolExecutor.runWorker(ThreadPoolExecutor.java:1142)
	at java.util.concurrent.ThreadPoolExecutor$Worker.run(ThreadPoolExecutor.java:617)
	at java.lang.Thread.run(Thread.java:745)
2021-11-08 11:10:49,807 [myid:] - INFO  [main:Environment@98] - Client environment:zookeeper.version=3.7.0-02d8e7728613600d355308bb0a256b6f5b41360c-dirty, built on 2021-11-08 03:06 UTC
2021-11-08 11:10:49,807 [myid:] - INFO  [main:Environment@98] - Client environment:host.name=DESKTOP-3V3H020
2021-11-08 11:10:49,807 [myid:] - INFO  [main:Environment@98] - Client environment:java.version=1.8.0_31
2021-11-08 11:10:49,807 [myid:] - INFO  [main:Environment@98] - Client environment:java.vendor=Oracle Corporation
2021-11-08 11:10:49,807 [myid:] - INFO  [main:Environment@98] - Client environment:java.home=C:\Program Files\Java\jdk1.8.0_31\jre
2021-11-08 11:10:49,807 [myid:] - INFO  [main:Environment@98] - Client environment:java.class.path=D:\mysoft\faiscoGit\myStudy\ZooKeeperLearning\apache-zookeeper-3.7.0\zookeeper-server\target\test-classes;D:\mysoft\faiscoGit\myStudy\ZooKeeperLearning\apache-zookeeper-3.7.0\zookeeper-server\target\classes;D:\mysoft\maven\repository\com\github\spotbugs\spotbugs-annotations\4.0.2\spotbugs-annotations-4.0.2.jar;D:\mysoft\maven\repository\com\google\code\findbugs\jsr305\3.0.2\jsr305-3.0.2.jar;D:\mysoft\maven\repository\org\hamcrest\hamcrest-library\2.2\hamcrest-library-2.2.jar;D:\mysoft\maven\repository\org\hamcrest\hamcrest-core\2.2\hamcrest-core-2.2.jar;D:\mysoft\maven\repository\org\hamcrest\hamcrest\2.2\hamcrest-2.2.jar;D:\mysoft\maven\repository\org\apache\commons\commons-collections4\4.4\commons-collections4-4.4.jar;D:\mysoft\maven\repository\org\apache\zookeeper\zookeeper-jute\3.7.0\zookeeper-jute-3.7.0.jar;D:\mysoft\maven\repository\commons-cli\commons-cli\1.4\commons-cli-1.4.jar;D:\mysoft\maven\repository\org\apache\yetus\audience-annotations\0.12.0\audience-annotations-0.12.0.jar;D:\mysoft\maven\repository\io\netty\netty-handler\4.1.59.Final\netty-handler-4.1.59.Final.jar;D:\mysoft\maven\repository\io\netty\netty-common\4.1.59.Final\netty-common-4.1.59.Final.jar;D:\mysoft\maven\repository\io\netty\netty-resolver\4.1.59.Final\netty-resolver-4.1.59.Final.jar;D:\mysoft\maven\repository\io\netty\netty-buffer\4.1.59.Final\netty-buffer-4.1.59.Final.jar;D:\mysoft\maven\repository\io\netty\netty-transport\4.1.59.Final\netty-transport-4.1.59.Final.jar;D:\mysoft\maven\repository\io\netty\netty-codec\4.1.59.Final\netty-codec-4.1.59.Final.jar;D:\mysoft\maven\repository\io\netty\netty-transport-native-epoll\4.1.59.Final\netty-transport-native-epoll-4.1.59.Final.jar;D:\mysoft\maven\repository\io\netty\netty-transport-native-unix-common\4.1.59.Final\netty-transport-native-unix-common-4.1.59.Final.jar;D:\mysoft\maven\repository\org\slf4j\slf4j-api\1.7.30\slf4j-api-1.7.30.jar;D:\mysoft\maven\repository\org\slf4j\slf4j-log4j12\1.7.30\slf4j-log4j12-1.7.30.jar;D:\mysoft\maven\repository\org\eclipse\jetty\jetty-server\9.4.38.v20210224\jetty-server-9.4.38.v20210224.jar;D:\mysoft\maven\repository\javax\servlet\javax.servlet-api\3.1.0\javax.servlet-api-3.1.0.jar;D:\mysoft\maven\repository\org\eclipse\jetty\jetty-http\9.4.38.v20210224\jetty-http-9.4.38.v20210224.jar;D:\mysoft\maven\repository\org\eclipse\jetty\jetty-util\9.4.38.v20210224\jetty-util-9.4.38.v20210224.jar;D:\mysoft\maven\repository\org\eclipse\jetty\jetty-io\9.4.38.v20210224\jetty-io-9.4.38.v20210224.jar;D:\mysoft\maven\repository\org\eclipse\jetty\jetty-servlet\9.4.38.v20210224\jetty-servlet-9.4.38.v20210224.jar;D:\mysoft\maven\repository\org\eclipse\jetty\jetty-security\9.4.38.v20210224\jetty-security-9.4.38.v20210224.jar;D:\mysoft\maven\repository\org\eclipse\jetty\jetty-util-ajax\9.4.38.v20210224\jetty-util-ajax-9.4.38.v20210224.jar;D:\mysoft\maven\repository\org\eclipse\jetty\jetty-client\9.4.38.v20210224\jetty-client-9.4.38.v20210224.jar;D:\mysoft\maven\repository\com\fasterxml\jackson\core\jackson-databind\2.10.5.1\jackson-databind-2.10.5.1.jar;D:\mysoft\maven\repository\com\fasterxml\jackson\core\jackson-annotations\2.10.5\jackson-annotations-2.10.5.jar;D:\mysoft\maven\repository\com\fasterxml\jackson\core\jackson-core\2.10.5\jackson-core-2.10.5.jar;D:\mysoft\maven\repository\org\bouncycastle\bcprov-jdk15on\1.60\bcprov-jdk15on-1.60.jar;D:\mysoft\maven\repository\org\bouncycastle\bcpkix-jdk15on\1.60\bcpkix-jdk15on-1.60.jar;D:\mysoft\maven\repository\jline\jline\2.14.6\jline-2.14.6.jar;D:\mysoft\maven\repository\io\dropwizard\metrics\metrics-core\4.1.12.1\metrics-core-4.1.12.1.jar;D:\mysoft\maven\repository\log4j\log4j\1.2.17\log4j-1.2.17.jar;D:\mysoft\maven\repository\org\apache\kerby\kerb-core\2.0.0\kerb-core-2.0.0.jar;D:\mysoft\maven\repository\org\apache\kerby\kerby-pkix\2.0.0\kerby-pkix-2.0.0.jar;D:\mysoft\maven\repository\org\apache\kerby\kerby-asn1\2.0.0\kerby-asn1-2.0.0.jar;D:\mysoft\maven\repository\org\apache\kerby\kerby-util\2.0.0\kerby-util-2.0.0.jar;D:\mysoft\maven\repository\org\apache\kerby\kerb-simplekdc\2.0.0\kerb-simplekdc-2.0.0.jar;D:\mysoft\maven\repository\org\apache\kerby\kerb-client\2.0.0\kerb-client-2.0.0.jar;D:\mysoft\maven\repository\org\apache\kerby\kerb-common\2.0.0\kerb-common-2.0.0.jar;D:\mysoft\maven\repository\org\apache\kerby\kerb-crypto\2.0.0\kerb-crypto-2.0.0.jar;D:\mysoft\maven\repository\commons-io\commons-io\2.6\commons-io-2.6.jar;D:\mysoft\maven\repository\org\apache\kerby\kerb-util\2.0.0\kerb-util-2.0.0.jar;D:\mysoft\maven\repository\org\apache\kerby\token-provider\2.0.0\token-provider-2.0.0.jar;D:\mysoft\maven\repository\com\nimbusds\nimbus-jose-jwt\4.41.2\nimbus-jose-jwt-4.41.2.jar;D:\mysoft\maven\repository\com\github\stephenc\jcip\jcip-annotations\1.0-1\jcip-annotations-1.0-1.jar;D:\mysoft\maven\repository\net\minidev\json-smart\2.3\json-smart-2.3.jar;D:\mysoft\maven\repository\net\minidev\accessors-smart\1.2\accessors-smart-1.2.jar;D:\mysoft\maven\repository\org\ow2\asm\asm\5.0.4\asm-5.0.4.jar;D:\mysoft\maven\repository\org\apache\kerby\kerb-admin\2.0.0\kerb-admin-2.0.0.jar;D:\mysoft\maven\repository\org\apache\kerby\kerb-server\2.0.0\kerb-server-2.0.0.jar;D:\mysoft\maven\repository\org\apache\kerby\kerb-identity\2.0.0\kerb-identity-2.0.0.jar;D:\mysoft\maven\repository\org\apache\kerby\kerby-xdr\2.0.0\kerby-xdr-2.0.0.jar;D:\mysoft\maven\repository\org\apache\kerby\kerby-config\2.0.0\kerby-config-2.0.0.jar;D:\mysoft\maven\repository\org\mockito\mockito-core\3.6.28\mockito-core-3.6.28.jar;D:\mysoft\maven\repository\net\bytebuddy\byte-buddy\1.10.18\byte-buddy-1.10.18.jar;D:\mysoft\maven\repository\net\bytebuddy\byte-buddy-agent\1.10.18\byte-buddy-agent-1.10.18.jar;D:\mysoft\maven\repository\org\objenesis\objenesis\3.1\objenesis-3.1.jar;D:\mysoft\maven\repository\org\jmockit\jmockit\1.48\jmockit-1.48.jar;D:\mysoft\maven\repository\org\junit\jupiter\junit-jupiter-api\5.6.2\junit-jupiter-api-5.6.2.jar;D:\mysoft\maven\repository\org\apiguardian\apiguardian-api\1.1.0\apiguardian-api-1.1.0.jar;D:\mysoft\maven\repository\org\opentest4j\opentest4j\1.2.0\opentest4j-1.2.0.jar;D:\mysoft\maven\repository\org\junit\platform\junit-platform-commons\1.6.2\junit-platform-commons-1.6.2.jar;D:\mysoft\maven\repository\org\junit\jupiter\junit-jupiter-engine\5.6.2\junit-jupiter-engine-5.6.2.jar;D:\mysoft\maven\repository\org\junit\platform\junit-platform-engine\1.6.2\junit-platform-engine-1.6.2.jar;D:\mysoft\maven\repository\org\junit\jupiter\junit-jupiter-params\5.6.2\junit-jupiter-params-5.6.2.jar;D:\mysoft\maven\repository\org\junit\platform\junit-platform-runner\1.6.2\junit-platform-runner-1.6.2.jar;D:\mysoft\maven\repository\junit\junit\4.13\junit-4.13.jar;D:\mysoft\maven\repository\org\junit\platform\junit-platform-launcher\1.6.2\junit-platform-launcher-1.6.2.jar;D:\mysoft\maven\repository\org\junit\platform\junit-platform-suite-api\1.6.2\junit-platform-suite-api-1.6.2.jar;D:\mysoft\maven\repository\org\xerial\snappy\snappy-java\1.1.7.7\snappy-java-1.1.7.7.jar;
2021-11-08 11:10:49,807 [myid:] - INFO  [main:Environment@98] - Client environment:java.library.path=C:\Program Files\Java\jdk1.8.0_31\jre\bin;C:\WINDOWS\Sun\Java\bin;C:\WINDOWS\system32;C:\WINDOWS;C:\Program Files\Java\jdk1.8.0_31\jre\bin;C:\Python39\Scripts\;C:\Python39\;C:\Python27\;C:\Python27\Scripts;C:\Program Files (x86)\Intel\Intel(R) Management Engine Components\iCLS\;C:\Program Files\Intel\Intel(R) Management Engine Components\iCLS\;C:\WINDOWS\system32;C:\WINDOWS;C:\WINDOWS\System32\Wbem;C:\WINDOWS\System32\WindowsPowerShell\v1.0\;C:\WINDOWS\System32\OpenSSH\;C:\Program Files (x86)\Intel\Intel(R) Management Engine Components\DAL;C:\Program Files\Intel\Intel(R) Management Engine Components\DAL;C:\Program Files\TortoiseSVN\bin;C:\Program Files\Java\jdk1.8.0_31\bin;D:\soft\Git\cmd;D:\mysoft\maven\apache-maven-3.6.1\bin;C:\ProgramData\chocolatey\bin;C:\Program Files\nodejs\;D:\mysoft\gradle-7.0\bin;C:\ProgramData\Oracle\Java\javapath;C:\Program Files\OpenVPN\bin;C:\Users\faisco\AppData\Local\Microsoft\WindowsApps;;D:\soft\Microsoft VS Code\bin;D:\soft\PyCharm Community Edition 2019.1.3\bin;;D:\soft\PyCharm 2019.2.3\bin;;C:\Users\faisco\AppData\Local\Microsoft\WindowsApps;C:\Program Files\JetBrains\IntelliJ IDEA 2020.1\bin;;C:\Program Files\JetBrains\IntelliJ IDEA Community Edition 2020.1.3\bin;;C:\Users\faisco\AppData\Roaming\npm;.
2021-11-08 11:10:49,808 [myid:] - INFO  [main:Environment@98] - Client environment:java.io.tmpdir=C:\Users\faisco\AppData\Local\Temp\
2021-11-08 11:10:49,808 [myid:] - INFO  [main:Environment@98] - Client environment:java.compiler=<NA>
2021-11-08 11:10:49,808 [myid:] - INFO  [main:Environment@98] - Client environment:os.name=Windows 8.1
2021-11-08 11:10:49,808 [myid:] - INFO  [main:Environment@98] - Client environment:os.arch=amd64
2021-11-08 11:10:49,808 [myid:] - INFO  [main:Environment@98] - Client environment:os.version=6.3
2021-11-08 11:10:49,808 [myid:] - INFO  [main:Environment@98] - Client environment:user.name=faisco
2021-11-08 11:10:49,808 [myid:] - INFO  [main:Environment@98] - Client environment:user.home=C:\Users\faisco
2021-11-08 11:10:49,808 [myid:] - INFO  [main:Environment@98] - Client environment:user.dir=D:\mysoft\faiscoGit\myStudy\ZooKeeperLearning\apache-zookeeper-3.7.0\zookeeper-server
2021-11-08 11:10:49,808 [myid:] - INFO  [main:Environment@98] - Client environment:os.memory.free=184MB
2021-11-08 11:10:49,808 [myid:] - INFO  [main:Environment@98] - Client environment:os.memory.max=455MB
2021-11-08 11:10:49,809 [myid:] - INFO  [main:Environment@98] - Client environment:os.memory.total=243MB
2021-11-08 11:10:49,812 [myid:] - INFO  [main:QuorumPeerTestBase@64] - No servers to shutdown!
2021-11-08 11:10:49,812 [myid:] - INFO  [main:ZKTestCase@82] - FINISHED Optional[public void org.apache.zookeeper.server.quorum.QuorumPeerMainTest.testLearnerRequestForwardBehavior() throws java.lang.Exception]
]]></system-out>
  </testcase>
  <testcase name="testLeaderOutOfView" classname="org.apache.zookeeper.server.quorum.QuorumPeerMainTest" time="1.894"/>
  <testcase name="testFailedTxnAsPartOfQuorumLoss" classname="org.apache.zookeeper.server.quorum.QuorumPeerMainTest" time="0.005">
    <error message="org/apache/zookeeper/client/StaticHostProvider" type="java.lang.NoClassDefFoundError"><![CDATA[java.lang.NoClassDefFoundError: org/apache/zookeeper/client/StaticHostProvider
	at org.apache.zookeeper.ZooKeeper.createDefaultHostProvider(ZooKeeper.java:1135)
	at org.apache.zookeeper.ZooKeeper.<init>(ZooKeeper.java:734)
	at org.apache.zookeeper.ZooKeeper.<init>(ZooKeeper.java:448)
	at org.apache.zookeeper.server.quorum.QuorumPeerTestBase$Servers.restartClient(QuorumPeerTestBase.java:432)
	at org.apache.zookeeper.server.quorum.QuorumPeerTestBase.LaunchServers(QuorumPeerTestBase.java:524)
	at org.apache.zookeeper.server.quorum.QuorumPeerTestBase.LaunchServers(QuorumPeerTestBase.java:487)
	at org.apache.zookeeper.server.quorum.QuorumPeerTestBase.LaunchServers(QuorumPeerTestBase.java:482)
	at org.apache.zookeeper.server.quorum.QuorumPeerTestBase.LaunchServers(QuorumPeerTestBase.java:473)
	at org.apache.zookeeper.server.quorum.QuorumPeerMainTest.testFailedTxnAsPartOfQuorumLoss(QuorumPeerMainTest.java:745)
]]></error>
    <system-out><![CDATA[2021-11-08 11:10:51,726 [myid:] - INFO  [main:ZKTestCase@77] - STARTING Optional[public void org.apache.zookeeper.server.quorum.QuorumPeerMainTest.testFailedTxnAsPartOfQuorumLoss() throws java.lang.Exception]
2021-11-08 11:10:51,726 [myid:] - INFO  [main:PortAssignment@87] - Assigned port 16635 from range 16607 - 19299.
2021-11-08 11:10:51,727 [myid:] - INFO  [main:PortAssignment@87] - Assigned port 16636 from range 16607 - 19299.
2021-11-08 11:10:51,727 [myid:] - INFO  [main:PortAssignment@87] - Assigned port 16637 from range 16607 - 19299.
2021-11-08 11:10:51,727 [myid:] - INFO  [main:PortAssignment@87] - Assigned port 16638 from range 16607 - 19299.
2021-11-08 11:10:51,727 [myid:] - INFO  [main:PortAssignment@87] - Assigned port 16639 from range 16607 - 19299.
2021-11-08 11:10:51,728 [myid:] - INFO  [main:PortAssignment@87] - Assigned port 16640 from range 16607 - 19299.
2021-11-08 11:10:51,728 [myid:] - INFO  [main:PortAssignment@87] - Assigned port 16641 from range 16607 - 19299.
2021-11-08 11:10:51,728 [myid:] - INFO  [main:PortAssignment@87] - Assigned port 16642 from range 16607 - 19299.
2021-11-08 11:10:51,728 [myid:] - INFO  [main:PortAssignment@87] - Assigned port 16643 from range 16607 - 19299.
2021-11-08 11:10:51,729 [myid:] - INFO  [main:QuorumPeerTestBase$MainThread@122] - id = 0 tmpDir = D:\mysoft\faiscoGit\myStudy\ZooKeeperLearning\apache-zookeeper-3.7.0\zookeeper-server\target\surefire\test4798259314347349449.junit.dir clientPort = 16635
2021-11-08 11:10:51,731 [myid:] - INFO  [main:QuorumPeerTestBase@64] - No servers to shutdown!
2021-11-08 11:10:51,731 [myid:] - INFO  [main:ZKTestCase@82] - FINISHED Optional[public void org.apache.zookeeper.server.quorum.QuorumPeerMainTest.testFailedTxnAsPartOfQuorumLoss() throws java.lang.Exception]
]]></system-out>
  </testcase>
  <testcase name="testDataDirAndDataLogDir" classname="org.apache.zookeeper.server.quorum.QuorumPeerMainTest" time="0.633">
    <error message="&#10;Mockito cannot mock this class: class org.apache.zookeeper.server.quorum.QuorumPeerConfig.&#10;&#10;Mockito can only mock non-private &amp; non-final classes.&#10;If you&apos;re not sure why you&apos;re getting this error, please report to the mailing list.&#10;&#10;&#10;Java               : 1.8&#10;JVM vendor name    : Oracle Corporation&#10;JVM vendor version : 25.31-b07&#10;JVM name           : Java HotSpot(TM) 64-Bit Server VM&#10;JVM version        : 1.8.0_31-b13&#10;JVM info           : mixed mode&#10;OS name            : Windows 8.1&#10;OS version         : 6.3&#10;&#10;&#10;Underlying exception : java.lang.IllegalStateException: Error invoking java.lang.reflect.Method#getAnnotatedReturnType" type="org.mockito.exceptions.base.MockitoException"><![CDATA[org.mockito.exceptions.base.MockitoException: 

Mockito cannot mock this class: class org.apache.zookeeper.server.quorum.QuorumPeerConfig.

Mockito can only mock non-private & non-final classes.
If you're not sure why you're getting this error, please report to the mailing list.


Java               : 1.8
JVM vendor name    : Oracle Corporation
JVM vendor version : 25.31-b07
JVM name           : Java HotSpot(TM) 64-Bit Server VM
JVM version        : 1.8.0_31-b13
JVM info           : mixed mode
OS name            : Windows 8.1
OS version         : 6.3


Underlying exception : java.lang.IllegalStateException: Error invoking java.lang.reflect.Method#getAnnotatedReturnType
	at org.apache.zookeeper.server.quorum.QuorumPeerMainTest.testDataDirAndDataLogDir(QuorumPeerMainTest.java:939)
Caused by: java.lang.IllegalStateException: Error invoking java.lang.reflect.Method#getAnnotatedReturnType
	at net.bytebuddy.description.type.TypeDescription$Generic$AnnotationReader$Dispatcher$ForJava8CapableVm$AnnotatedReturnType.resolve(TypeDescription.java:2998)
	at net.bytebuddy.description.type.TypeDescription$Generic$AnnotationReader$Delegator.asList(TypeDescription.java:3252)
	at net.bytebuddy.description.type.TypeDescription$Generic$OfNonGenericType$ForLoadedType.getDeclaredAnnotations(TypeDescription.java:4001)
	at net.bytebuddy.implementation.attribute.AnnotationAppender$ForTypeAnnotations.apply(AnnotationAppender.java:725)
	at net.bytebuddy.implementation.attribute.AnnotationAppender$ForTypeAnnotations.onNonGenericType(AnnotationAppender.java:706)
	at net.bytebuddy.implementation.attribute.AnnotationAppender$ForTypeAnnotations.onNonGenericType(AnnotationAppender.java:409)
	at net.bytebuddy.description.type.TypeDescription$Generic$OfNonGenericType.accept(TypeDescription.java:3783)
	at net.bytebuddy.implementation.attribute.MethodAttributeAppender$ForInstrumentedMethod.apply(MethodAttributeAppender.java:196)
	at net.bytebuddy.implementation.attribute.MethodAttributeAppender$Compound.apply(MethodAttributeAppender.java:484)
	at net.bytebuddy.dynamic.scaffold.TypeWriter$MethodPool$Record$ForDefinedMethod$WithBody.applyAttributes(TypeWriter.java:701)
	at net.bytebuddy.dynamic.scaffold.TypeWriter$MethodPool$Record$ForDefinedMethod$WithBody.applyBody(TypeWriter.java:691)
	at net.bytebuddy.dynamic.scaffold.TypeWriter$MethodPool$Record$ForDefinedMethod.apply(TypeWriter.java:600)
	at net.bytebuddy.dynamic.scaffold.TypeWriter$Default$ForCreation.create(TypeWriter.java:5751)
	at net.bytebuddy.dynamic.scaffold.TypeWriter$Default.make(TypeWriter.java:2166)
	at net.bytebuddy.dynamic.scaffold.subclass.SubclassDynamicTypeBuilder.make(SubclassDynamicTypeBuilder.java:232)
	at net.bytebuddy.dynamic.scaffold.subclass.SubclassDynamicTypeBuilder.make(SubclassDynamicTypeBuilder.java:204)
	at net.bytebuddy.dynamic.DynamicType$Builder$AbstractBase.make(DynamicType.java:3659)
	at net.bytebuddy.dynamic.DynamicType$Builder$AbstractBase$Delegator.make(DynamicType.java:3897)
	at org.mockito.internal.creation.bytebuddy.SubclassBytecodeGenerator.mockClass(SubclassBytecodeGenerator.java:199)
	at org.mockito.internal.creation.bytebuddy.TypeCachingBytecodeGenerator$1.call(TypeCachingBytecodeGenerator.java:46)
	at org.mockito.internal.creation.bytebuddy.TypeCachingBytecodeGenerator$1.call(TypeCachingBytecodeGenerator.java:43)
	at net.bytebuddy.TypeCache.findOrInsert(TypeCache.java:153)
	at net.bytebuddy.TypeCache$WithInlineExpunction.findOrInsert(TypeCache.java:366)
	at net.bytebuddy.TypeCache.findOrInsert(TypeCache.java:175)
	at net.bytebuddy.TypeCache$WithInlineExpunction.findOrInsert(TypeCache.java:377)
	at org.mockito.internal.creation.bytebuddy.TypeCachingBytecodeGenerator.mockClass(TypeCachingBytecodeGenerator.java:36)
	at org.mockito.internal.creation.bytebuddy.SubclassByteBuddyMockMaker.createMockType(SubclassByteBuddyMockMaker.java:77)
	at org.mockito.internal.creation.bytebuddy.SubclassByteBuddyMockMaker.createMock(SubclassByteBuddyMockMaker.java:43)
	at org.mockito.internal.creation.bytebuddy.ByteBuddyMockMaker.createMock(ByteBuddyMockMaker.java:29)
	at org.mockito.internal.util.MockUtil.createMock(MockUtil.java:53)
	at org.mockito.internal.MockitoCore.mock(MockitoCore.java:61)
	at org.mockito.Mockito.mock(Mockito.java:1949)
	at org.mockito.Mockito.mock(Mockito.java:1860)
	... 1 more
Caused by: java.lang.NoClassDefFoundError: org/apache/zookeeper/server/quorum/QuorumPeer$ResponderThread
	at java.lang.Class.getDeclaringClass0(Native Method)
	at java.lang.Class.getDeclaringClass(Class.java:1227)
	at java.lang.Class.getEnclosingClass(Class.java:1269)
	at net.bytebuddy.description.type.TypeDescription$Generic$AnnotationReader$Dispatcher$ForJava8CapableVm$AnnotatedReturnType.resolve(TypeDescription.java:2994)
	... 33 more
Caused by: java.lang.ClassNotFoundException: org.apache.zookeeper.server.quorum.QuorumPeer$ResponderThread
	at java.net.URLClassLoader$1.run(URLClassLoader.java:372)
	at java.net.URLClassLoader$1.run(URLClassLoader.java:361)
	at java.security.AccessController.doPrivileged(Native Method)
	at java.net.URLClassLoader.findClass(URLClassLoader.java:360)
	at java.lang.ClassLoader.loadClass(ClassLoader.java:424)
	at java.lang.ClassLoader.loadClass(ClassLoader.java:357)
	... 37 more
]]></error>
    <system-out><![CDATA[2021-11-08 11:10:51,732 [myid:] - INFO  [main:ZKTestCase@77] - STARTING Optional[public void org.apache.zookeeper.server.quorum.QuorumPeerMainTest.testDataDirAndDataLogDir() throws java.lang.Exception]
2021-11-08 11:10:51,837 [myid:] - INFO  [Thread-13:QuorumPeerConfig@174] - Reading configuration from: D:\mysoft\faiscoGit\myStudy\ZooKeeperLearning\apache-zookeeper-3.7.0\zookeeper-server\target\surefire\test4798259314347349449.junit.dir\zoo.cfg
2021-11-08 11:10:51,838 [myid:] - INFO  [Thread-13:QuorumPeerConfig@444] - clientPortAddress is 0.0.0.0:16635
2021-11-08 11:10:51,838 [myid:] - INFO  [Thread-13:QuorumPeerConfig@448] - secureClientPort is not set
2021-11-08 11:10:51,838 [myid:] - INFO  [Thread-13:QuorumPeerConfig@464] - observerMasterPort is not set
2021-11-08 11:10:51,838 [myid:] - INFO  [Thread-13:QuorumPeerConfig@481] - metricsProvider.className is org.apache.zookeeper.metrics.impl.DefaultMetricsProvider
2021-11-08 11:10:51,839 [myid:0] - INFO  [Thread-13:DatadirCleanupManager@78] - autopurge.snapRetainCount set to 3
2021-11-08 11:10:51,839 [myid:0] - INFO  [Thread-13:DatadirCleanupManager@79] - autopurge.purgeInterval set to 0
2021-11-08 11:10:51,839 [myid:0] - INFO  [Thread-13:DatadirCleanupManager@101] - Purge task is not scheduled.
2021-11-08 11:10:51,839 [myid:0] - INFO  [Thread-13:ManagedUtil@44] - Log4j 1.2 jmx support found and enabled.
2021-11-08 11:10:51,839 [myid:0] - ERROR [Thread-13:ManagedUtil@109] - Problems while registering log4j 1.2 jmx beans!
javax.management.InstanceAlreadyExistsException: log4j:hierarchy=default
	at com.sun.jmx.mbeanserver.Repository.addMBean(Repository.java:437)
	at com.sun.jmx.interceptor.DefaultMBeanServerInterceptor.registerWithRepository(DefaultMBeanServerInterceptor.java:1898)
	at com.sun.jmx.interceptor.DefaultMBeanServerInterceptor.registerDynamicMBean(DefaultMBeanServerInterceptor.java:966)
	at com.sun.jmx.interceptor.DefaultMBeanServerInterceptor.registerObject(DefaultMBeanServerInterceptor.java:900)
	at com.sun.jmx.interceptor.DefaultMBeanServerInterceptor.registerMBean(DefaultMBeanServerInterceptor.java:324)
	at com.sun.jmx.mbeanserver.JmxMBeanServer.registerMBean(JmxMBeanServer.java:522)
	at org.apache.zookeeper.jmx.ManagedUtil.registerLog4jMBeans(ManagedUtil.java:72)
	at org.apache.zookeeper.server.quorum.QuorumPeerMain.runFromConfig(QuorumPeerMain.java:147)
	at org.apache.zookeeper.server.quorum.QuorumPeerMain.initializeAndRun(QuorumPeerMain.java:137)
	at org.apache.zookeeper.server.quorum.QuorumPeerTestBase$MainThread.run(QuorumPeerTestBase.java:329)
	at java.lang.Thread.run(Thread.java:745)
2021-11-08 11:10:51,839 [myid:0] - WARN  [Thread-13:QuorumPeerMain@149] - Unable to register log4j JMX control
javax.management.JMException: javax.management.InstanceAlreadyExistsException: log4j:hierarchy=default
	at org.apache.zookeeper.jmx.ManagedUtil.registerLog4jMBeans(ManagedUtil.java:110)
	at org.apache.zookeeper.server.quorum.QuorumPeerMain.runFromConfig(QuorumPeerMain.java:147)
	at org.apache.zookeeper.server.quorum.QuorumPeerMain.initializeAndRun(QuorumPeerMain.java:137)
	at org.apache.zookeeper.server.quorum.QuorumPeerTestBase$MainThread.run(QuorumPeerTestBase.java:329)
	at java.lang.Thread.run(Thread.java:745)
2021-11-08 11:10:51,839 [myid:0] - INFO  [Thread-13:QuorumPeerMain@152] - Starting quorum peer, myid=0
2021-11-08 11:10:51,839 [myid:0] - INFO  [Thread-13:ServerMetrics@62] - ServerMetrics initialized with provider org.apache.zookeeper.metrics.impl.DefaultMetricsProvider@7d768c71
2021-11-08 11:10:51,840 [myid:0] - INFO  [Thread-13:DigestAuthenticationProvider@61] - zookeeper.DigestAuthenticationProvider.enabled = true
2021-11-08 11:10:51,840 [myid:0] - INFO  [Thread-13:ServerCnxnFactory@169] - Using org.apache.zookeeper.server.NIOServerCnxnFactory as server connection factory
2021-11-08 11:10:51,840 [myid:0] - WARN  [Thread-13:ServerCnxnFactory@309] - maxCnxns is not configured, using default value 0.
2021-11-08 11:10:51,840 [myid:0] - INFO  [Thread-13:NIOServerCnxnFactory@652] - Configuring NIO connection handler with 10s sessionless connection timeout, 1 selector thread(s), 12 worker threads, and 64 kB direct buffers.
2021-11-08 11:10:51,841 [myid:0] - INFO  [Thread-13:NIOServerCnxnFactory@660] - binding to port /127.0.0.1:16635
2021-11-08 11:10:51,841 [myid:0] - INFO  [Thread-13:FileTxnSnapLog@124] - zookeeper.snapshot.trust.empty : false
2021-11-08 11:10:51,929 [myid:0] - INFO  [Thread-13:QuorumPeer@1742] - Local sessions disabled
2021-11-08 11:10:51,929 [myid:0] - INFO  [Thread-13:QuorumPeer@1753] - Local session upgrading disabled
2021-11-08 11:10:51,929 [myid:0] - INFO  [Thread-13:QuorumPeer@1720] - tickTime set to 4000
2021-11-08 11:10:51,929 [myid:0] - INFO  [Thread-13:QuorumPeer@1764] - minSessionTimeout set to 8000
2021-11-08 11:10:51,929 [myid:0] - INFO  [Thread-13:QuorumPeer@1775] - maxSessionTimeout set to 80000
2021-11-08 11:10:51,929 [myid:0] - INFO  [Thread-13:QuorumPeer@1800] - initLimit set to 10
2021-11-08 11:10:51,929 [myid:0] - INFO  [Thread-13:QuorumPeer@1987] - syncLimit set to 5
2021-11-08 11:10:51,929 [myid:0] - INFO  [Thread-13:QuorumPeer@2002] - connectToLearnerMasterLimit set to 5
2021-11-08 11:10:51,929 [myid:0] - INFO  [Thread-13:WatchManagerFactory@42] - Using org.apache.zookeeper.server.watch.WatchManager as watch manager
2021-11-08 11:10:51,929 [myid:0] - INFO  [Thread-13:WatchManagerFactory@42] - Using org.apache.zookeeper.server.watch.WatchManager as watch manager
2021-11-08 11:10:51,929 [myid:0] - INFO  [Thread-13:ZKDatabase@133] - zookeeper.snapshotSizeFactor = 0.33
2021-11-08 11:10:51,929 [myid:0] - INFO  [Thread-13:ZKDatabase@153] - zookeeper.commitLogCount=500
2021-11-08 11:10:51,929 [myid:0] - INFO  [Thread-13:QuorumPeer@2066] - Using insecure (non-TLS) quorum communication
2021-11-08 11:10:51,929 [myid:0] - INFO  [Thread-13:QuorumPeer@2072] - Port unification disabled
2021-11-08 11:10:51,930 [myid:0] - INFO  [Thread-13:QuorumPeer@179] - multiAddress.enabled set to false
2021-11-08 11:10:51,930 [myid:0] - INFO  [Thread-13:QuorumPeer@204] - multiAddress.reachabilityCheckEnabled set to true
2021-11-08 11:10:51,930 [myid:0] - INFO  [Thread-13:QuorumPeer@191] - multiAddress.reachabilityCheckTimeoutMs set to 1000
2021-11-08 11:10:51,930 [myid:0] - INFO  [Thread-13:QuorumPeer@2527] - QuorumPeer communication is not secured! (SASL auth disabled)
2021-11-08 11:10:51,930 [myid:0] - INFO  [Thread-13:QuorumPeer@2552] - quorum.cnxn.threads.size set to 20
2021-11-08 11:10:51,930 [myid:0] - INFO  [Thread-13:FileTxnSnapLog@479] - Snapshotting: 0x0 to D:\mysoft\faiscoGit\myStudy\ZooKeeperLearning\apache-zookeeper-3.7.0\zookeeper-server\target\surefire\test4798259314347349449.junit.dir\data\version-2\snapshot.0
2021-11-08 11:10:52,002 [myid:0] - INFO  [Thread-13:ZKDatabase@290] - Snapshot loaded in 72 ms, highest zxid is 0x0, digest is 1371985504
2021-11-08 11:10:52,002 [myid:0] - INFO  [Thread-13:QuorumPeer@1157] - currentEpoch not found! Creating with a reasonable default of 0. This should only happen when you are upgrading your installation
2021-11-08 11:10:52,082 [myid:0] - INFO  [Thread-13:QuorumPeer@1177] - acceptedEpoch not found! Creating with a reasonable default of 0. This should only happen when you are upgrading your installation
2021-11-08 11:10:52,177 [myid:0] - INFO  [Thread-13:QuorumPeer@2569] - Using 20000ms as the quorum cnxn socket timeout
2021-11-08 11:10:52,177 [myid:0] - INFO  [Thread-13:QuorumCnxManager$Listener@924] - Election port bind maximum retries is 3
2021-11-08 11:10:52,177 [myid:1] - INFO  [QuorumPeer[myid=1](plain=[0:0:0:0:0:0:0:0]:16626)(secure=disabled):FastLeaderElection@984] - Notification time out: 1600
2021-11-08 11:10:52,179 [myid:1] - INFO  [WorkerReceiver[myid=1]:FastLeaderElection$Messenger$WorkerReceiver@390] - Notification: my state:LOOKING; n.sid:1, n.state:LOOKING, n.leader:2, n.round:0x1, n.peerEpoch:0x0, n.zxid:0x0, message format version:0x2, n.config version:0x0
2021-11-08 11:10:52,180 [myid:2] - INFO  [WorkerReceiver[myid=2]:FastLeaderElection$Messenger$WorkerReceiver@390] - Notification: my state:FOLLOWING; n.sid:1, n.state:LOOKING, n.leader:2, n.round:0x1, n.peerEpoch:0x0, n.zxid:0x0, message format version:0x2, n.config version:0x0
2021-11-08 11:10:52,181 [myid:1] - INFO  [WorkerReceiver[myid=1]:FastLeaderElection$Messenger$WorkerReceiver@390] - Notification: my state:LOOKING; n.sid:2, n.state:FOLLOWING, n.leader:3, n.round:0x1, n.peerEpoch:0x1, n.zxid:0x0, message format version:0x2, n.config version:0x0
2021-11-08 11:10:52,184 [myid:1] - WARN  [QuorumPeer[myid=1](plain=[0:0:0:0:0:0:0:0]:16626)(secure=disabled):FastLeaderElection@1105] - Ignoring notification for non-cluster member sid 3 from sid 2
2021-11-08 11:10:52,225 [myid:0] - WARN  [QuorumPeer[myid=0](plain=127.0.0.1:16635)(secure=disabled):MBeanRegistry@110] - Failed to register MBean ReplicatedServer_id0
2021-11-08 11:10:52,225 [myid:0] - WARN  [QuorumPeer[myid=0](plain=127.0.0.1:16635)(secure=disabled):QuorumPeer@1415] - Failed to register with JMX
javax.management.InstanceAlreadyExistsException: org.apache.ZooKeeperService:name0=ReplicatedServer_id0
	at com.sun.jmx.mbeanserver.Repository.addMBean(Repository.java:437)
	at com.sun.jmx.interceptor.DefaultMBeanServerInterceptor.registerWithRepository(DefaultMBeanServerInterceptor.java:1898)
	at com.sun.jmx.interceptor.DefaultMBeanServerInterceptor.registerDynamicMBean(DefaultMBeanServerInterceptor.java:966)
	at com.sun.jmx.interceptor.DefaultMBeanServerInterceptor.registerObject(DefaultMBeanServerInterceptor.java:900)
	at com.sun.jmx.interceptor.DefaultMBeanServerInterceptor.registerMBean(DefaultMBeanServerInterceptor.java:324)
	at com.sun.jmx.mbeanserver.JmxMBeanServer.registerMBean(JmxMBeanServer.java:522)
	at org.apache.zookeeper.jmx.MBeanRegistry.register(MBeanRegistry.java:106)
	at org.apache.zookeeper.server.quorum.QuorumPeer.run(QuorumPeer.java:1393)
2021-11-08 11:10:52,226 [myid:0] - INFO  [QuorumPeer[myid=0](plain=127.0.0.1:16635)(secure=disabled):QuorumPeer@1430] - LOOKING
2021-11-08 11:10:52,226 [myid:0] - INFO  [QuorumPeer[myid=0](plain=127.0.0.1:16635)(secure=disabled):FastLeaderElection@947] - New election. My id = 0, proposed zxid=0x0
2021-11-08 11:10:52,227 [myid:0] - INFO  [ListenerHandler-/127.0.0.1:16637:QuorumCnxManager$Listener$ListenerHandler@1066] - 0 is accepting connections now, my election bind port: /127.0.0.1:16637
2021-11-08 11:10:52,228 [myid:0] - INFO  [WorkerReceiver[myid=0]:FastLeaderElection$Messenger$WorkerReceiver@390] - Notification: my state:LOOKING; n.sid:0, n.state:LOOKING, n.leader:0, n.round:0x1, n.peerEpoch:0x0, n.zxid:0x0, message format version:0x2, n.config version:0x0
2021-11-08 11:10:52,364 [myid:] - INFO  [main:QuorumPeerTestBase@64] - No servers to shutdown!
2021-11-08 11:10:52,365 [myid:] - INFO  [main:ZKTestCase@82] - FINISHED Optional[public void org.apache.zookeeper.server.quorum.QuorumPeerMainTest.testDataDirAndDataLogDir() throws java.lang.Exception]
]]></system-out>
  </testcase>
  <testcase name="testMinMaxSessionTimeOut" classname="org.apache.zookeeper.server.quorum.QuorumPeerMainTest" time="0.011">
    <error message="org/apache/zookeeper/common/PathUtils" type="java.lang.NoClassDefFoundError"><![CDATA[java.lang.NoClassDefFoundError: org/apache/zookeeper/common/PathUtils
	at org.apache.zookeeper.server.quorum.QuorumPeerTestBase$MainThread.<init>(QuorumPeerTestBase.java:224)
	at org.apache.zookeeper.server.quorum.QuorumPeerTestBase$MainThread.<init>(QuorumPeerTestBase.java:200)
	at org.apache.zookeeper.server.quorum.QuorumPeerTestBase$MainThread.<init>(QuorumPeerTestBase.java:196)
	at org.apache.zookeeper.server.quorum.QuorumPeerTestBase$MainThread.<init>(QuorumPeerTestBase.java:188)
	at org.apache.zookeeper.server.quorum.QuorumPeerMainTest.testMinMaxSessionTimeOut(QuorumPeerMainTest.java:689)
Caused by: java.lang.ClassNotFoundException: org.apache.zookeeper.common.PathUtils
	at java.net.URLClassLoader$1.run(URLClassLoader.java:372)
	at java.net.URLClassLoader$1.run(URLClassLoader.java:361)
	at java.security.AccessController.doPrivileged(Native Method)
	at java.net.URLClassLoader.findClass(URLClassLoader.java:360)
	at java.lang.ClassLoader.loadClass(ClassLoader.java:424)
	at java.lang.ClassLoader.loadClass(ClassLoader.java:357)
	... 5 more
]]></error>
    <system-out><![CDATA[2021-11-08 11:10:52,367 [myid:] - INFO  [main:ZKTestCase@77] - STARTING Optional[public void org.apache.zookeeper.server.quorum.QuorumPeerMainTest.testMinMaxSessionTimeOut() throws java.lang.Exception]
2021-11-08 11:10:52,367 [myid:] - INFO  [main:PortAssignment@87] - Assigned port 16644 from range 16607 - 19299.
2021-11-08 11:10:52,368 [myid:] - INFO  [main:PortAssignment@87] - Assigned port 16645 from range 16607 - 19299.
2021-11-08 11:10:52,368 [myid:] - INFO  [main:PortAssignment@87] - Assigned port 16646 from range 16607 - 19299.
2021-11-08 11:10:52,368 [myid:] - INFO  [main:PortAssignment@87] - Assigned port 16647 from range 16607 - 19299.
2021-11-08 11:10:52,369 [myid:] - INFO  [main:PortAssignment@87] - Assigned port 16648 from range 16607 - 19299.
2021-11-08 11:10:52,369 [myid:] - INFO  [main:PortAssignment@87] - Assigned port 16649 from range 16607 - 19299.
2021-11-08 11:10:52,375 [myid:] - INFO  [main:QuorumPeerTestBase$MainThread@205] - id = 1 tmpDir = D:\mysoft\faiscoGit\myStudy\ZooKeeperLearning\apache-zookeeper-3.7.0\zookeeper-server\target\surefire\test5192215891903132967.junit.dir clientPort = 16644 adminServerPort = 8080
2021-11-08 11:10:52,377 [myid:] - INFO  [main:QuorumPeerTestBase@64] - No servers to shutdown!
2021-11-08 11:10:52,378 [myid:] - INFO  [main:ZKTestCase@82] - FINISHED Optional[public void org.apache.zookeeper.server.quorum.QuorumPeerMainTest.testMinMaxSessionTimeOut() throws java.lang.Exception]
]]></system-out>
  </testcase>
  <testcase name="testQuorumPeerExitTime" classname="org.apache.zookeeper.server.quorum.QuorumPeerMainTest" time="30.007"/>
  <testcase name="testMetricsProviderConfiguration" classname="org.apache.zookeeper.server.quorum.QuorumPeerMainTest" time="4.589"/>
  <testcase name="testQuorumV6" classname="org.apache.zookeeper.server.quorum.QuorumPeerMainTest" time="1.037">
    <error message="org/apache/zookeeper/client/StaticHostProvider" type="java.lang.NoClassDefFoundError"><![CDATA[java.lang.NoClassDefFoundError: org/apache/zookeeper/client/StaticHostProvider
	at org.apache.zookeeper.ZooKeeper.createDefaultHostProvider(ZooKeeper.java:1135)
	at org.apache.zookeeper.ZooKeeper.<init>(ZooKeeper.java:734)
	at org.apache.zookeeper.ZooKeeper.<init>(ZooKeeper.java:448)
	at org.apache.zookeeper.server.quorum.QuorumPeerMainTest.testQuorumInternal(QuorumPeerMainTest.java:108)
	at org.apache.zookeeper.server.quorum.QuorumPeerMainTest.testQuorumV6(QuorumPeerMainTest.java:142)
]]></error>
    <system-out><![CDATA[2021-11-08 11:11:26,979 [myid:] - INFO  [main:ZKTestCase@77] - STARTING Optional[public void org.apache.zookeeper.server.quorum.QuorumPeerMainTest.testQuorumV6() throws java.lang.Exception]
2021-11-08 11:11:26,979 [myid:] - INFO  [main:PortAssignment@87] - Assigned port 16662 from range 16607 - 19299.
2021-11-08 11:11:26,980 [myid:] - INFO  [main:PortAssignment@87] - Assigned port 16663 from range 16607 - 19299.
2021-11-08 11:11:26,980 [myid:] - INFO  [main:PortAssignment@87] - Assigned port 16664 from range 16607 - 19299.
2021-11-08 11:11:26,980 [myid:] - INFO  [main:PortAssignment@87] - Assigned port 16665 from range 16607 - 19299.
2021-11-08 11:11:26,980 [myid:] - INFO  [main:PortAssignment@87] - Assigned port 16666 from range 16607 - 19299.
2021-11-08 11:11:26,980 [myid:] - INFO  [main:PortAssignment@87] - Assigned port 16667 from range 16607 - 19299.
2021-11-08 11:11:26,981 [myid:] - INFO  [main:QuorumPeerTestBase$MainThread@122] - id = 1 tmpDir = D:\mysoft\faiscoGit\myStudy\ZooKeeperLearning\apache-zookeeper-3.7.0\zookeeper-server\target\surefire\test8948575759580719274.junit.dir clientPort = 16662
2021-11-08 11:11:26,987 [myid:] - INFO  [main:QuorumPeerTestBase$MainThread@122] - id = 2 tmpDir = D:\mysoft\faiscoGit\myStudy\ZooKeeperLearning\apache-zookeeper-3.7.0\zookeeper-server\target\surefire\test4843787443655240968.junit.dir clientPort = 16663
2021-11-08 11:11:26,988 [myid:] - INFO  [main:FourLetterWordMain@94] - connecting to [::1] 16662
2021-11-08 11:11:26,988 [myid:] - INFO  [Thread-19:QuorumPeerConfig@174] - Reading configuration from: D:\mysoft\faiscoGit\myStudy\ZooKeeperLearning\apache-zookeeper-3.7.0\zookeeper-server\target\surefire\test8948575759580719274.junit.dir\zoo.cfg
2021-11-08 11:11:26,988 [myid:] - INFO  [Thread-20:QuorumPeerConfig@174] - Reading configuration from: D:\mysoft\faiscoGit\myStudy\ZooKeeperLearning\apache-zookeeper-3.7.0\zookeeper-server\target\surefire\test4843787443655240968.junit.dir\zoo.cfg
2021-11-08 11:11:26,989 [myid:] - INFO  [Thread-19:QuorumPeerConfig@444] - clientPortAddress is 0.0.0.0:16662
2021-11-08 11:11:26,989 [myid:] - INFO  [Thread-19:QuorumPeerConfig@448] - secureClientPort is not set
2021-11-08 11:11:26,989 [myid:] - INFO  [Thread-19:QuorumPeerConfig@464] - observerMasterPort is not set
2021-11-08 11:11:26,989 [myid:] - INFO  [Thread-19:QuorumPeerConfig@481] - metricsProvider.className is org.apache.zookeeper.metrics.impl.DefaultMetricsProvider
2021-11-08 11:11:26,989 [myid:] - WARN  [Thread-19:QuorumPeerConfig@713] - No server failure will be tolerated. You need at least 3 servers.
2021-11-08 11:11:26,989 [myid:] - INFO  [Thread-20:QuorumPeerConfig@444] - clientPortAddress is 0.0.0.0:16663
2021-11-08 11:11:26,989 [myid:] - INFO  [Thread-20:QuorumPeerConfig@448] - secureClientPort is not set
2021-11-08 11:11:26,989 [myid:] - INFO  [Thread-20:QuorumPeerConfig@464] - observerMasterPort is not set
2021-11-08 11:11:26,989 [myid:] - INFO  [Thread-20:QuorumPeerConfig@481] - metricsProvider.className is org.apache.zookeeper.metrics.impl.DefaultMetricsProvider
2021-11-08 11:11:26,989 [myid:1] - INFO  [Thread-19:DatadirCleanupManager@78] - autopurge.snapRetainCount set to 3
2021-11-08 11:11:26,989 [myid:1] - INFO  [Thread-19:DatadirCleanupManager@79] - autopurge.purgeInterval set to 0
2021-11-08 11:11:26,989 [myid:1] - INFO  [Thread-19:DatadirCleanupManager@101] - Purge task is not scheduled.
2021-11-08 11:11:26,989 [myid:1] - INFO  [Thread-19:ManagedUtil@44] - Log4j 1.2 jmx support found and enabled.
2021-11-08 11:11:26,989 [myid:] - WARN  [Thread-20:QuorumPeerConfig@713] - No server failure will be tolerated. You need at least 3 servers.
2021-11-08 11:11:26,990 [myid:1] - ERROR [Thread-19:ManagedUtil@109] - Problems while registering log4j 1.2 jmx beans!
javax.management.InstanceAlreadyExistsException: log4j:hierarchy=default
	at com.sun.jmx.mbeanserver.Repository.addMBean(Repository.java:437)
	at com.sun.jmx.interceptor.DefaultMBeanServerInterceptor.registerWithRepository(DefaultMBeanServerInterceptor.java:1898)
	at com.sun.jmx.interceptor.DefaultMBeanServerInterceptor.registerDynamicMBean(DefaultMBeanServerInterceptor.java:966)
	at com.sun.jmx.interceptor.DefaultMBeanServerInterceptor.registerObject(DefaultMBeanServerInterceptor.java:900)
	at com.sun.jmx.interceptor.DefaultMBeanServerInterceptor.registerMBean(DefaultMBeanServerInterceptor.java:324)
	at com.sun.jmx.mbeanserver.JmxMBeanServer.registerMBean(JmxMBeanServer.java:522)
	at org.apache.zookeeper.jmx.ManagedUtil.registerLog4jMBeans(ManagedUtil.java:72)
	at org.apache.zookeeper.server.quorum.QuorumPeerMain.runFromConfig(QuorumPeerMain.java:147)
	at org.apache.zookeeper.server.quorum.QuorumPeerMain.initializeAndRun(QuorumPeerMain.java:137)
	at org.apache.zookeeper.server.quorum.QuorumPeerTestBase$MainThread.run(QuorumPeerTestBase.java:329)
	at java.lang.Thread.run(Thread.java:745)
2021-11-08 11:11:26,990 [myid:1] - WARN  [Thread-19:QuorumPeerMain@149] - Unable to register log4j JMX control
javax.management.JMException: javax.management.InstanceAlreadyExistsException: log4j:hierarchy=default
	at org.apache.zookeeper.jmx.ManagedUtil.registerLog4jMBeans(ManagedUtil.java:110)
	at org.apache.zookeeper.server.quorum.QuorumPeerMain.runFromConfig(QuorumPeerMain.java:147)
	at org.apache.zookeeper.server.quorum.QuorumPeerMain.initializeAndRun(QuorumPeerMain.java:137)
	at org.apache.zookeeper.server.quorum.QuorumPeerTestBase$MainThread.run(QuorumPeerTestBase.java:329)
	at java.lang.Thread.run(Thread.java:745)
2021-11-08 11:11:26,990 [myid:1] - INFO  [Thread-19:QuorumPeerMain@152] - Starting quorum peer, myid=1
2021-11-08 11:11:26,990 [myid:1] - INFO  [Thread-19:ServerMetrics@62] - ServerMetrics initialized with provider org.apache.zookeeper.metrics.impl.DefaultMetricsProvider@7a5d8ceb
2021-11-08 11:11:26,990 [myid:2] - INFO  [Thread-20:DatadirCleanupManager@78] - autopurge.snapRetainCount set to 3
2021-11-08 11:11:26,990 [myid:2] - INFO  [Thread-20:DatadirCleanupManager@79] - autopurge.purgeInterval set to 0
2021-11-08 11:11:26,990 [myid:2] - INFO  [Thread-20:DatadirCleanupManager@101] - Purge task is not scheduled.
2021-11-08 11:11:26,990 [myid:1] - INFO  [Thread-19:DigestAuthenticationProvider@61] - zookeeper.DigestAuthenticationProvider.enabled = true
2021-11-08 11:11:26,990 [myid:2] - INFO  [Thread-20:ManagedUtil@44] - Log4j 1.2 jmx support found and enabled.
2021-11-08 11:11:26,990 [myid:1] - INFO  [Thread-19:ServerCnxnFactory@169] - Using org.apache.zookeeper.server.NIOServerCnxnFactory as server connection factory
2021-11-08 11:11:26,990 [myid:1] - WARN  [Thread-19:ServerCnxnFactory@309] - maxCnxns is not configured, using default value 0.
2021-11-08 11:11:26,990 [myid:2] - ERROR [Thread-20:ManagedUtil@109] - Problems while registering log4j 1.2 jmx beans!
javax.management.InstanceAlreadyExistsException: log4j:hierarchy=default
	at com.sun.jmx.mbeanserver.Repository.addMBean(Repository.java:437)
	at com.sun.jmx.interceptor.DefaultMBeanServerInterceptor.registerWithRepository(DefaultMBeanServerInterceptor.java:1898)
	at com.sun.jmx.interceptor.DefaultMBeanServerInterceptor.registerDynamicMBean(DefaultMBeanServerInterceptor.java:966)
	at com.sun.jmx.interceptor.DefaultMBeanServerInterceptor.registerObject(DefaultMBeanServerInterceptor.java:900)
	at com.sun.jmx.interceptor.DefaultMBeanServerInterceptor.registerMBean(DefaultMBeanServerInterceptor.java:324)
	at com.sun.jmx.mbeanserver.JmxMBeanServer.registerMBean(JmxMBeanServer.java:522)
	at org.apache.zookeeper.jmx.ManagedUtil.registerLog4jMBeans(ManagedUtil.java:72)
	at org.apache.zookeeper.server.quorum.QuorumPeerMain.runFromConfig(QuorumPeerMain.java:147)
	at org.apache.zookeeper.server.quorum.QuorumPeerMain.initializeAndRun(QuorumPeerMain.java:137)
	at org.apache.zookeeper.server.quorum.QuorumPeerTestBase$MainThread.run(QuorumPeerTestBase.java:329)
	at java.lang.Thread.run(Thread.java:745)
2021-11-08 11:11:26,990 [myid:2] - WARN  [Thread-20:QuorumPeerMain@149] - Unable to register log4j JMX control
javax.management.JMException: javax.management.InstanceAlreadyExistsException: log4j:hierarchy=default
	at org.apache.zookeeper.jmx.ManagedUtil.registerLog4jMBeans(ManagedUtil.java:110)
	at org.apache.zookeeper.server.quorum.QuorumPeerMain.runFromConfig(QuorumPeerMain.java:147)
	at org.apache.zookeeper.server.quorum.QuorumPeerMain.initializeAndRun(QuorumPeerMain.java:137)
	at org.apache.zookeeper.server.quorum.QuorumPeerTestBase$MainThread.run(QuorumPeerTestBase.java:329)
	at java.lang.Thread.run(Thread.java:745)
2021-11-08 11:11:26,990 [myid:1] - INFO  [Thread-19:NIOServerCnxnFactory@652] - Configuring NIO connection handler with 10s sessionless connection timeout, 1 selector thread(s), 12 worker threads, and 64 kB direct buffers.
2021-11-08 11:11:26,990 [myid:2] - INFO  [Thread-20:QuorumPeerMain@152] - Starting quorum peer, myid=2
2021-11-08 11:11:26,991 [myid:2] - INFO  [Thread-20:ServerMetrics@62] - ServerMetrics initialized with provider org.apache.zookeeper.metrics.impl.DefaultMetricsProvider@737f4db7
2021-11-08 11:11:26,991 [myid:2] - INFO  [Thread-20:DigestAuthenticationProvider@61] - zookeeper.DigestAuthenticationProvider.enabled = true
2021-11-08 11:11:26,991 [myid:2] - INFO  [Thread-20:ServerCnxnFactory@169] - Using org.apache.zookeeper.server.NIOServerCnxnFactory as server connection factory
2021-11-08 11:11:26,991 [myid:2] - WARN  [Thread-20:ServerCnxnFactory@309] - maxCnxns is not configured, using default value 0.
2021-11-08 11:11:26,991 [myid:2] - INFO  [Thread-20:NIOServerCnxnFactory@652] - Configuring NIO connection handler with 10s sessionless connection timeout, 1 selector thread(s), 12 worker threads, and 64 kB direct buffers.
2021-11-08 11:11:26,991 [myid:1] - INFO  [Thread-19:NIOServerCnxnFactory@660] - binding to port /0.0.0.0:16662
2021-11-08 11:11:26,991 [myid:2] - INFO  [Thread-20:NIOServerCnxnFactory@660] - binding to port /0.0.0.0:16663
2021-11-08 11:11:26,992 [myid:1] - INFO  [Thread-19:FileTxnSnapLog@124] - zookeeper.snapshot.trust.empty : false
2021-11-08 11:11:26,992 [myid:2] - INFO  [Thread-20:FileTxnSnapLog@124] - zookeeper.snapshot.trust.empty : false
2021-11-08 11:11:26,992 [myid:1] - INFO  [Thread-19:QuorumPeer@1742] - Local sessions disabled
2021-11-08 11:11:26,992 [myid:1] - INFO  [Thread-19:QuorumPeer@1753] - Local session upgrading disabled
2021-11-08 11:11:26,992 [myid:1] - INFO  [Thread-19:QuorumPeer@1720] - tickTime set to 4000
2021-11-08 11:11:26,992 [myid:1] - INFO  [Thread-19:QuorumPeer@1764] - minSessionTimeout set to 8000
2021-11-08 11:11:26,992 [myid:1] - INFO  [Thread-19:QuorumPeer@1775] - maxSessionTimeout set to 80000
2021-11-08 11:11:26,992 [myid:1] - INFO  [Thread-19:QuorumPeer@1800] - initLimit set to 10
2021-11-08 11:11:26,992 [myid:1] - INFO  [Thread-19:QuorumPeer@1987] - syncLimit set to 5
2021-11-08 11:11:26,992 [myid:1] - INFO  [Thread-19:QuorumPeer@2002] - connectToLearnerMasterLimit set to 5
2021-11-08 11:11:26,992 [myid:1] - INFO  [Thread-19:WatchManagerFactory@42] - Using org.apache.zookeeper.server.watch.WatchManager as watch manager
2021-11-08 11:11:26,992 [myid:1] - INFO  [Thread-19:WatchManagerFactory@42] - Using org.apache.zookeeper.server.watch.WatchManager as watch manager
2021-11-08 11:11:26,993 [myid:2] - INFO  [Thread-20:QuorumPeer@1742] - Local sessions disabled
2021-11-08 11:11:26,993 [myid:2] - INFO  [Thread-20:QuorumPeer@1753] - Local session upgrading disabled
2021-11-08 11:11:26,993 [myid:1] - INFO  [Thread-19:ZKDatabase@133] - zookeeper.snapshotSizeFactor = 0.33
2021-11-08 11:11:26,993 [myid:2] - INFO  [Thread-20:QuorumPeer@1720] - tickTime set to 4000
2021-11-08 11:11:26,993 [myid:2] - INFO  [Thread-20:QuorumPeer@1764] - minSessionTimeout set to 8000
2021-11-08 11:11:26,993 [myid:1] - INFO  [Thread-19:ZKDatabase@153] - zookeeper.commitLogCount=500
2021-11-08 11:11:26,993 [myid:2] - INFO  [Thread-20:QuorumPeer@1775] - maxSessionTimeout set to 80000
2021-11-08 11:11:26,993 [myid:2] - INFO  [Thread-20:QuorumPeer@1800] - initLimit set to 10
2021-11-08 11:11:26,993 [myid:2] - INFO  [Thread-20:QuorumPeer@1987] - syncLimit set to 5
2021-11-08 11:11:26,993 [myid:2] - INFO  [Thread-20:QuorumPeer@2002] - connectToLearnerMasterLimit set to 5
2021-11-08 11:11:26,993 [myid:2] - INFO  [Thread-20:WatchManagerFactory@42] - Using org.apache.zookeeper.server.watch.WatchManager as watch manager
2021-11-08 11:11:26,993 [myid:1] - INFO  [Thread-19:QuorumPeer@2066] - Using insecure (non-TLS) quorum communication
2021-11-08 11:11:26,993 [myid:1] - INFO  [Thread-19:QuorumPeer@2072] - Port unification disabled
2021-11-08 11:11:26,993 [myid:1] - INFO  [Thread-19:QuorumPeer@179] - multiAddress.enabled set to false
2021-11-08 11:11:26,993 [myid:1] - INFO  [Thread-19:QuorumPeer@204] - multiAddress.reachabilityCheckEnabled set to true
2021-11-08 11:11:26,993 [myid:1] - INFO  [Thread-19:QuorumPeer@191] - multiAddress.reachabilityCheckTimeoutMs set to 1000
2021-11-08 11:11:26,993 [myid:1] - INFO  [Thread-19:QuorumPeer@2527] - QuorumPeer communication is not secured! (SASL auth disabled)
2021-11-08 11:11:26,993 [myid:1] - INFO  [Thread-19:QuorumPeer@2552] - quorum.cnxn.threads.size set to 20
2021-11-08 11:11:26,993 [myid:2] - INFO  [Thread-20:WatchManagerFactory@42] - Using org.apache.zookeeper.server.watch.WatchManager as watch manager
2021-11-08 11:11:26,993 [myid:2] - INFO  [Thread-20:ZKDatabase@133] - zookeeper.snapshotSizeFactor = 0.33
2021-11-08 11:11:26,993 [myid:2] - INFO  [Thread-20:ZKDatabase@153] - zookeeper.commitLogCount=500
2021-11-08 11:11:26,994 [myid:1] - INFO  [Thread-19:FileTxnSnapLog@479] - Snapshotting: 0x0 to D:\mysoft\faiscoGit\myStudy\ZooKeeperLearning\apache-zookeeper-3.7.0\zookeeper-server\target\surefire\test8948575759580719274.junit.dir\data\version-2\snapshot.0
2021-11-08 11:11:26,994 [myid:2] - INFO  [Thread-20:QuorumPeer@2066] - Using insecure (non-TLS) quorum communication
2021-11-08 11:11:26,994 [myid:2] - INFO  [Thread-20:QuorumPeer@2072] - Port unification disabled
2021-11-08 11:11:26,994 [myid:2] - INFO  [Thread-20:QuorumPeer@179] - multiAddress.enabled set to false
2021-11-08 11:11:26,994 [myid:2] - INFO  [Thread-20:QuorumPeer@204] - multiAddress.reachabilityCheckEnabled set to true
2021-11-08 11:11:26,994 [myid:2] - INFO  [Thread-20:QuorumPeer@191] - multiAddress.reachabilityCheckTimeoutMs set to 1000
2021-11-08 11:11:26,994 [myid:2] - INFO  [Thread-20:QuorumPeer@2527] - QuorumPeer communication is not secured! (SASL auth disabled)
2021-11-08 11:11:26,994 [myid:2] - INFO  [Thread-20:QuorumPeer@2552] - quorum.cnxn.threads.size set to 20
2021-11-08 11:11:26,994 [myid:1] - INFO  [Thread-19:ZKDatabase@290] - Snapshot loaded in 1 ms, highest zxid is 0x0, digest is 1371985504
2021-11-08 11:11:26,994 [myid:2] - INFO  [Thread-20:FileTxnSnapLog@479] - Snapshotting: 0x0 to D:\mysoft\faiscoGit\myStudy\ZooKeeperLearning\apache-zookeeper-3.7.0\zookeeper-server\target\surefire\test4843787443655240968.junit.dir\data\version-2\snapshot.0
2021-11-08 11:11:26,994 [myid:1] - INFO  [Thread-19:QuorumPeer@1157] - currentEpoch not found! Creating with a reasonable default of 0. This should only happen when you are upgrading your installation
2021-11-08 11:11:26,997 [myid:2] - INFO  [Thread-20:ZKDatabase@290] - Snapshot loaded in 3 ms, highest zxid is 0x0, digest is 1371985504
2021-11-08 11:11:26,997 [myid:2] - INFO  [Thread-20:QuorumPeer@1157] - currentEpoch not found! Creating with a reasonable default of 0. This should only happen when you are upgrading your installation
2021-11-08 11:11:26,998 [myid:1] - INFO  [Thread-19:QuorumPeer@1177] - acceptedEpoch not found! Creating with a reasonable default of 0. This should only happen when you are upgrading your installation
2021-11-08 11:11:27,000 [myid:2] - INFO  [Thread-20:QuorumPeer@1177] - acceptedEpoch not found! Creating with a reasonable default of 0. This should only happen when you are upgrading your installation
2021-11-08 11:11:27,002 [myid:1] - INFO  [Thread-19:QuorumPeer@2569] - Using 20000ms as the quorum cnxn socket timeout
2021-11-08 11:11:27,002 [myid:1] - INFO  [Thread-19:QuorumCnxManager$Listener@924] - Election port bind maximum retries is 3
2021-11-08 11:11:27,003 [myid:1] - WARN  [QuorumPeer[myid=1](plain=[0:0:0:0:0:0:0:0]:16662)(secure=disabled):MBeanRegistry@110] - Failed to register MBean ReplicatedServer_id1
2021-11-08 11:11:27,003 [myid:1] - WARN  [QuorumPeer[myid=1](plain=[0:0:0:0:0:0:0:0]:16662)(secure=disabled):QuorumPeer@1415] - Failed to register with JMX
javax.management.InstanceAlreadyExistsException: org.apache.ZooKeeperService:name0=ReplicatedServer_id1
	at com.sun.jmx.mbeanserver.Repository.addMBean(Repository.java:437)
	at com.sun.jmx.interceptor.DefaultMBeanServerInterceptor.registerWithRepository(DefaultMBeanServerInterceptor.java:1898)
	at com.sun.jmx.interceptor.DefaultMBeanServerInterceptor.registerDynamicMBean(DefaultMBeanServerInterceptor.java:966)
	at com.sun.jmx.interceptor.DefaultMBeanServerInterceptor.registerObject(DefaultMBeanServerInterceptor.java:900)
	at com.sun.jmx.interceptor.DefaultMBeanServerInterceptor.registerMBean(DefaultMBeanServerInterceptor.java:324)
	at com.sun.jmx.mbeanserver.JmxMBeanServer.registerMBean(JmxMBeanServer.java:522)
	at org.apache.zookeeper.jmx.MBeanRegistry.register(MBeanRegistry.java:106)
	at org.apache.zookeeper.server.quorum.QuorumPeer.run(QuorumPeer.java:1393)
2021-11-08 11:11:27,003 [myid:1] - INFO  [ListenerHandler-/0:0:0:0:0:0:0:1:16665:QuorumCnxManager$Listener$ListenerHandler@1066] - 1 is accepting connections now, my election bind port: /0:0:0:0:0:0:0:1:16665
2021-11-08 11:11:27,003 [myid:1] - INFO  [QuorumPeer[myid=1](plain=[0:0:0:0:0:0:0:0]:16662)(secure=disabled):QuorumPeer@1430] - LOOKING
2021-11-08 11:11:27,003 [myid:1] - WARN  [QuorumPeer[myid=1](plain=[0:0:0:0:0:0:0:0]:16662)(secure=disabled):MBeanRegistry@110] - Failed to register MBean LeaderElection
2021-11-08 11:11:27,003 [myid:1] - WARN  [QuorumPeer[myid=1](plain=[0:0:0:0:0:0:0:0]:16662)(secure=disabled):FastLeaderElection@916] - Failed to register with JMX
javax.management.InstanceAlreadyExistsException: org.apache.ZooKeeperService:name0=LeaderElection
	at com.sun.jmx.mbeanserver.Repository.addMBean(Repository.java:437)
	at com.sun.jmx.interceptor.DefaultMBeanServerInterceptor.registerWithRepository(DefaultMBeanServerInterceptor.java:1898)
	at com.sun.jmx.interceptor.DefaultMBeanServerInterceptor.registerDynamicMBean(DefaultMBeanServerInterceptor.java:966)
	at com.sun.jmx.interceptor.DefaultMBeanServerInterceptor.registerObject(DefaultMBeanServerInterceptor.java:900)
	at com.sun.jmx.interceptor.DefaultMBeanServerInterceptor.registerMBean(DefaultMBeanServerInterceptor.java:324)
	at com.sun.jmx.mbeanserver.JmxMBeanServer.registerMBean(JmxMBeanServer.java:522)
	at org.apache.zookeeper.jmx.MBeanRegistry.register(MBeanRegistry.java:106)
	at org.apache.zookeeper.server.quorum.FastLeaderElection.lookForLeader(FastLeaderElection.java:914)
	at org.apache.zookeeper.server.quorum.QuorumPeer.run(QuorumPeer.java:1484)
2021-11-08 11:11:27,004 [myid:1] - INFO  [QuorumPeer[myid=1](plain=[0:0:0:0:0:0:0:0]:16662)(secure=disabled):FastLeaderElection@947] - New election. My id = 1, proposed zxid=0x0
2021-11-08 11:11:27,004 [myid:1] - INFO  [WorkerReceiver[myid=1]:FastLeaderElection$Messenger$WorkerReceiver@390] - Notification: my state:LOOKING; n.sid:1, n.state:LOOKING, n.leader:1, n.round:0x1, n.peerEpoch:0x0, n.zxid:0x0, message format version:0x2, n.config version:0x0
2021-11-08 11:11:27,005 [myid:2] - INFO  [Thread-20:QuorumPeer@2569] - Using 20000ms as the quorum cnxn socket timeout
2021-11-08 11:11:27,005 [myid:2] - INFO  [Thread-20:QuorumCnxManager$Listener@924] - Election port bind maximum retries is 3
2021-11-08 11:11:27,007 [myid:2] - WARN  [QuorumPeer[myid=2](plain=[0:0:0:0:0:0:0:0]:16663)(secure=disabled):MBeanRegistry@110] - Failed to register MBean ReplicatedServer_id2
2021-11-08 11:11:27,007 [myid:2] - WARN  [QuorumPeer[myid=2](plain=[0:0:0:0:0:0:0:0]:16663)(secure=disabled):QuorumPeer@1415] - Failed to register with JMX
javax.management.InstanceAlreadyExistsException: org.apache.ZooKeeperService:name0=ReplicatedServer_id2
	at com.sun.jmx.mbeanserver.Repository.addMBean(Repository.java:437)
	at com.sun.jmx.interceptor.DefaultMBeanServerInterceptor.registerWithRepository(DefaultMBeanServerInterceptor.java:1898)
	at com.sun.jmx.interceptor.DefaultMBeanServerInterceptor.registerDynamicMBean(DefaultMBeanServerInterceptor.java:966)
	at com.sun.jmx.interceptor.DefaultMBeanServerInterceptor.registerObject(DefaultMBeanServerInterceptor.java:900)
	at com.sun.jmx.interceptor.DefaultMBeanServerInterceptor.registerMBean(DefaultMBeanServerInterceptor.java:324)
	at com.sun.jmx.mbeanserver.JmxMBeanServer.registerMBean(JmxMBeanServer.java:522)
	at org.apache.zookeeper.jmx.MBeanRegistry.register(MBeanRegistry.java:106)
	at org.apache.zookeeper.server.quorum.QuorumPeer.run(QuorumPeer.java:1393)
2021-11-08 11:11:27,008 [myid:2] - INFO  [QuorumPeer[myid=2](plain=[0:0:0:0:0:0:0:0]:16663)(secure=disabled):QuorumPeer@1430] - LOOKING
2021-11-08 11:11:27,008 [myid:2] - INFO  [ListenerHandler-/0:0:0:0:0:0:0:1:16667:QuorumCnxManager$Listener$ListenerHandler@1066] - 2 is accepting connections now, my election bind port: /0:0:0:0:0:0:0:1:16667
2021-11-08 11:11:27,008 [myid:2] - WARN  [QuorumPeer[myid=2](plain=[0:0:0:0:0:0:0:0]:16663)(secure=disabled):MBeanRegistry@110] - Failed to register MBean LeaderElection
2021-11-08 11:11:27,008 [myid:2] - WARN  [QuorumPeer[myid=2](plain=[0:0:0:0:0:0:0:0]:16663)(secure=disabled):FastLeaderElection@916] - Failed to register with JMX
javax.management.InstanceAlreadyExistsException: org.apache.ZooKeeperService:name0=LeaderElection
	at com.sun.jmx.mbeanserver.Repository.addMBean(Repository.java:437)
	at com.sun.jmx.interceptor.DefaultMBeanServerInterceptor.registerWithRepository(DefaultMBeanServerInterceptor.java:1898)
	at com.sun.jmx.interceptor.DefaultMBeanServerInterceptor.registerDynamicMBean(DefaultMBeanServerInterceptor.java:966)
	at com.sun.jmx.interceptor.DefaultMBeanServerInterceptor.registerObject(DefaultMBeanServerInterceptor.java:900)
	at com.sun.jmx.interceptor.DefaultMBeanServerInterceptor.registerMBean(DefaultMBeanServerInterceptor.java:324)
	at com.sun.jmx.mbeanserver.JmxMBeanServer.registerMBean(JmxMBeanServer.java:522)
	at org.apache.zookeeper.jmx.MBeanRegistry.register(MBeanRegistry.java:106)
	at org.apache.zookeeper.server.quorum.FastLeaderElection.lookForLeader(FastLeaderElection.java:914)
	at org.apache.zookeeper.server.quorum.QuorumPeer.run(QuorumPeer.java:1484)
2021-11-08 11:11:27,008 [myid:2] - INFO  [QuorumPeer[myid=2](plain=[0:0:0:0:0:0:0:0]:16663)(secure=disabled):FastLeaderElection@947] - New election. My id = 2, proposed zxid=0x0
2021-11-08 11:11:27,008 [myid:2] - INFO  [WorkerReceiver[myid=2]:FastLeaderElection$Messenger$WorkerReceiver@390] - Notification: my state:LOOKING; n.sid:2, n.state:LOOKING, n.leader:2, n.round:0x1, n.peerEpoch:0x0, n.zxid:0x0, message format version:0x2, n.config version:0x0
2021-11-08 11:11:27,009 [myid:1] - INFO  [ListenerHandler-/0:0:0:0:0:0:0:1:16665:QuorumCnxManager$Listener$ListenerHandler@1071] - Received connection request from /0:0:0:0:0:0:0:1:8238
2021-11-08 11:11:27,010 [myid:2] - INFO  [WorkerReceiver[myid=2]:FastLeaderElection$Messenger$WorkerReceiver@390] - Notification: my state:LOOKING; n.sid:1, n.state:LOOKING, n.leader:1, n.round:0x1, n.peerEpoch:0x0, n.zxid:0x0, message format version:0x2, n.config version:0x0
2021-11-08 11:11:27,010 [myid:1] - INFO  [WorkerReceiver[myid=1]:FastLeaderElection$Messenger$WorkerReceiver@390] - Notification: my state:LOOKING; n.sid:2, n.state:LOOKING, n.leader:2, n.round:0x1, n.peerEpoch:0x0, n.zxid:0x0, message format version:0x2, n.config version:0x0
2021-11-08 11:11:27,011 [myid:1] - INFO  [WorkerReceiver[myid=1]:FastLeaderElection$Messenger$WorkerReceiver@390] - Notification: my state:LOOKING; n.sid:1, n.state:LOOKING, n.leader:2, n.round:0x1, n.peerEpoch:0x0, n.zxid:0x0, message format version:0x2, n.config version:0x0
2021-11-08 11:11:27,011 [myid:2] - INFO  [WorkerReceiver[myid=2]:FastLeaderElection$Messenger$WorkerReceiver@390] - Notification: my state:LOOKING; n.sid:1, n.state:LOOKING, n.leader:2, n.round:0x1, n.peerEpoch:0x0, n.zxid:0x0, message format version:0x2, n.config version:0x0
2021-11-08 11:11:27,212 [myid:2] - INFO  [QuorumPeer[myid=2](plain=[0:0:0:0:0:0:0:0]:16663)(secure=disabled):QuorumPeer@901] - Peer state changed: leading
2021-11-08 11:11:27,214 [myid:1] - INFO  [QuorumPeer[myid=1](plain=[0:0:0:0:0:0:0:0]:16662)(secure=disabled):QuorumPeer@901] - Peer state changed: following
2021-11-08 11:11:27,214 [myid:1] - INFO  [QuorumPeer[myid=1](plain=[0:0:0:0:0:0:0:0]:16662)(secure=disabled):QuorumPeer@1512] - FOLLOWING
2021-11-08 11:11:27,214 [myid:1] - INFO  [QuorumPeer[myid=1](plain=[0:0:0:0:0:0:0:0]:16662)(secure=disabled):ZooKeeperServer@1300] - minSessionTimeout set to 8000
2021-11-08 11:11:27,214 [myid:1] - INFO  [QuorumPeer[myid=1](plain=[0:0:0:0:0:0:0:0]:16662)(secure=disabled):ZooKeeperServer@1309] - maxSessionTimeout set to 80000
2021-11-08 11:11:27,214 [myid:1] - INFO  [QuorumPeer[myid=1](plain=[0:0:0:0:0:0:0:0]:16662)(secure=disabled):ResponseCache@45] - getData response cache size is initialized with value 400.
2021-11-08 11:11:27,214 [myid:1] - INFO  [QuorumPeer[myid=1](plain=[0:0:0:0:0:0:0:0]:16662)(secure=disabled):ResponseCache@45] - getChildren response cache size is initialized with value 400.
2021-11-08 11:11:27,214 [myid:1] - INFO  [QuorumPeer[myid=1](plain=[0:0:0:0:0:0:0:0]:16662)(secure=disabled):RequestPathMetricsCollector@109] - zookeeper.pathStats.slotCapacity = 60
2021-11-08 11:11:27,215 [myid:1] - INFO  [QuorumPeer[myid=1](plain=[0:0:0:0:0:0:0:0]:16662)(secure=disabled):RequestPathMetricsCollector@110] - zookeeper.pathStats.slotDuration = 15
2021-11-08 11:11:27,215 [myid:1] - INFO  [QuorumPeer[myid=1](plain=[0:0:0:0:0:0:0:0]:16662)(secure=disabled):RequestPathMetricsCollector@111] - zookeeper.pathStats.maxDepth = 6
2021-11-08 11:11:27,215 [myid:1] - INFO  [QuorumPeer[myid=1](plain=[0:0:0:0:0:0:0:0]:16662)(secure=disabled):RequestPathMetricsCollector@112] - zookeeper.pathStats.initialDelay = 5
2021-11-08 11:11:27,215 [myid:1] - INFO  [QuorumPeer[myid=1](plain=[0:0:0:0:0:0:0:0]:16662)(secure=disabled):RequestPathMetricsCollector@113] - zookeeper.pathStats.delay = 5
2021-11-08 11:11:27,215 [myid:1] - INFO  [QuorumPeer[myid=1](plain=[0:0:0:0:0:0:0:0]:16662)(secure=disabled):RequestPathMetricsCollector@114] - zookeeper.pathStats.enabled = false
2021-11-08 11:11:27,215 [myid:1] - INFO  [QuorumPeer[myid=1](plain=[0:0:0:0:0:0:0:0]:16662)(secure=disabled):ZooKeeperServer@1536] - The max bytes for all large requests are set to 104857600
2021-11-08 11:11:27,215 [myid:1] - INFO  [QuorumPeer[myid=1](plain=[0:0:0:0:0:0:0:0]:16662)(secure=disabled):ZooKeeperServer@1550] - The large request threshold is set to -1
2021-11-08 11:11:27,215 [myid:1] - INFO  [QuorumPeer[myid=1](plain=[0:0:0:0:0:0:0:0]:16662)(secure=disabled):AuthenticationHelper@66] - zookeeper.enforce.auth.enabled = false
2021-11-08 11:11:27,215 [myid:1] - INFO  [QuorumPeer[myid=1](plain=[0:0:0:0:0:0:0:0]:16662)(secure=disabled):AuthenticationHelper@67] - zookeeper.enforce.auth.schemes = []
2021-11-08 11:11:27,215 [myid:1] - INFO  [QuorumPeer[myid=1](plain=[0:0:0:0:0:0:0:0]:16662)(secure=disabled):ZooKeeperServer@361] - Created server with tickTime 4000 minSessionTimeout 8000 maxSessionTimeout 80000 clientPortListenBacklog -1 datadir D:\mysoft\faiscoGit\myStudy\ZooKeeperLearning\apache-zookeeper-3.7.0\zookeeper-server\target\surefire\test8948575759580719274.junit.dir\data\version-2 snapdir D:\mysoft\faiscoGit\myStudy\ZooKeeperLearning\apache-zookeeper-3.7.0\zookeeper-server\target\surefire\test8948575759580719274.junit.dir\data\version-2
2021-11-08 11:11:27,216 [myid:1] - INFO  [QuorumPeer[myid=1](plain=[0:0:0:0:0:0:0:0]:16662)(secure=disabled):Follower@77] - FOLLOWING - LEADER ELECTION TOOK - 211 MS
2021-11-08 11:11:27,216 [myid:2] - INFO  [QuorumPeer[myid=2](plain=[0:0:0:0:0:0:0:0]:16663)(secure=disabled):QuorumPeer@1527] - LEADING
2021-11-08 11:11:27,216 [myid:1] - INFO  [QuorumPeer[myid=1](plain=[0:0:0:0:0:0:0:0]:16662)(secure=disabled):QuorumPeer@915] - Peer state changed: following - discovery
2021-11-08 11:11:27,216 [myid:2] - INFO  [QuorumPeer[myid=2](plain=[0:0:0:0:0:0:0:0]:16663)(secure=disabled):ZooKeeperServer@1300] - minSessionTimeout set to 8000
2021-11-08 11:11:27,217 [myid:2] - INFO  [QuorumPeer[myid=2](plain=[0:0:0:0:0:0:0:0]:16663)(secure=disabled):ZooKeeperServer@1309] - maxSessionTimeout set to 80000
2021-11-08 11:11:27,217 [myid:2] - INFO  [QuorumPeer[myid=2](plain=[0:0:0:0:0:0:0:0]:16663)(secure=disabled):ResponseCache@45] - getData response cache size is initialized with value 400.
2021-11-08 11:11:27,217 [myid:2] - INFO  [QuorumPeer[myid=2](plain=[0:0:0:0:0:0:0:0]:16663)(secure=disabled):ResponseCache@45] - getChildren response cache size is initialized with value 400.
2021-11-08 11:11:27,217 [myid:2] - INFO  [QuorumPeer[myid=2](plain=[0:0:0:0:0:0:0:0]:16663)(secure=disabled):RequestPathMetricsCollector@109] - zookeeper.pathStats.slotCapacity = 60
2021-11-08 11:11:27,217 [myid:2] - INFO  [QuorumPeer[myid=2](plain=[0:0:0:0:0:0:0:0]:16663)(secure=disabled):RequestPathMetricsCollector@110] - zookeeper.pathStats.slotDuration = 15
2021-11-08 11:11:27,217 [myid:2] - INFO  [QuorumPeer[myid=2](plain=[0:0:0:0:0:0:0:0]:16663)(secure=disabled):RequestPathMetricsCollector@111] - zookeeper.pathStats.maxDepth = 6
2021-11-08 11:11:27,218 [myid:2] - INFO  [QuorumPeer[myid=2](plain=[0:0:0:0:0:0:0:0]:16663)(secure=disabled):RequestPathMetricsCollector@112] - zookeeper.pathStats.initialDelay = 5
2021-11-08 11:11:27,218 [myid:2] - INFO  [QuorumPeer[myid=2](plain=[0:0:0:0:0:0:0:0]:16663)(secure=disabled):RequestPathMetricsCollector@113] - zookeeper.pathStats.delay = 5
2021-11-08 11:11:27,218 [myid:2] - INFO  [QuorumPeer[myid=2](plain=[0:0:0:0:0:0:0:0]:16663)(secure=disabled):RequestPathMetricsCollector@114] - zookeeper.pathStats.enabled = false
2021-11-08 11:11:27,219 [myid:2] - INFO  [QuorumPeer[myid=2](plain=[0:0:0:0:0:0:0:0]:16663)(secure=disabled):ZooKeeperServer@1536] - The max bytes for all large requests are set to 104857600
2021-11-08 11:11:27,219 [myid:2] - INFO  [QuorumPeer[myid=2](plain=[0:0:0:0:0:0:0:0]:16663)(secure=disabled):ZooKeeperServer@1550] - The large request threshold is set to -1
2021-11-08 11:11:27,219 [myid:2] - INFO  [QuorumPeer[myid=2](plain=[0:0:0:0:0:0:0:0]:16663)(secure=disabled):AuthenticationHelper@66] - zookeeper.enforce.auth.enabled = false
2021-11-08 11:11:27,219 [myid:2] - INFO  [QuorumPeer[myid=2](plain=[0:0:0:0:0:0:0:0]:16663)(secure=disabled):AuthenticationHelper@67] - zookeeper.enforce.auth.schemes = []
2021-11-08 11:11:27,219 [myid:2] - INFO  [QuorumPeer[myid=2](plain=[0:0:0:0:0:0:0:0]:16663)(secure=disabled):ZooKeeperServer@361] - Created server with tickTime 4000 minSessionTimeout 8000 maxSessionTimeout 80000 clientPortListenBacklog -1 datadir D:\mysoft\faiscoGit\myStudy\ZooKeeperLearning\apache-zookeeper-3.7.0\zookeeper-server\target\surefire\test4843787443655240968.junit.dir\data\version-2 snapdir D:\mysoft\faiscoGit\myStudy\ZooKeeperLearning\apache-zookeeper-3.7.0\zookeeper-server\target\surefire\test4843787443655240968.junit.dir\data\version-2
2021-11-08 11:11:27,220 [myid:2] - INFO  [QuorumPeer[myid=2](plain=[0:0:0:0:0:0:0:0]:16663)(secure=disabled):Leader@584] - LEADING - LEADER ELECTION TOOK - 211 MS
2021-11-08 11:11:27,220 [myid:2] - INFO  [QuorumPeer[myid=2](plain=[0:0:0:0:0:0:0:0]:16663)(secure=disabled):QuorumPeer@915] - Peer state changed: leading - discovery
2021-11-08 11:11:27,220 [myid:2] - INFO  [QuorumPeer[myid=2](plain=[0:0:0:0:0:0:0:0]:16663)(secure=disabled):FileTxnSnapLog@479] - Snapshotting: 0x0 to D:\mysoft\faiscoGit\myStudy\ZooKeeperLearning\apache-zookeeper-3.7.0\zookeeper-server\target\surefire\test4843787443655240968.junit.dir\data\version-2\snapshot.0
2021-11-08 11:11:27,224 [myid:2] - INFO  [QuorumPeer[myid=2](plain=[0:0:0:0:0:0:0:0]:16663)(secure=disabled):ZooKeeperServer@543] - Snapshot taken in 4 ms
2021-11-08 11:11:27,492 [myid:1] - INFO  [NIOWorkerThread-1:NIOServerCnxn@514] - Processing stat command from /0:0:0:0:0:0:0:1:8228
2021-11-08 11:11:27,507 [myid:2] - INFO  [ListenerHandler-/0:0:0:0:0:0:0:1:16667:QuorumCnxManager$Listener$ListenerHandler@1071] - Received connection request from /0:0:0:0:0:0:0:1:8237
2021-11-08 11:11:27,507 [myid:1] - INFO  [QuorumConnectionThread-[myid=1]-1:QuorumCnxManager@514] - Have smaller server identifier, so dropping the connection: (myId:1 --> sid:2)
2021-11-08 11:11:27,507 [myid:1] - WARN  [RecvWorker:2:QuorumCnxManager$RecvWorker@1397] - Connection broken for id 2, my id = 1
java.io.EOFException
	at java.io.DataInputStream.readInt(DataInputStream.java:392)
	at org.apache.zookeeper.server.quorum.QuorumCnxManager$RecvWorker.run(QuorumCnxManager.java:1385)
2021-11-08 11:11:27,508 [myid:1] - WARN  [RecvWorker:2:QuorumCnxManager$RecvWorker@1403] - Interrupting SendWorker thread from RecvWorker. sid: 2. myId: 1
2021-11-08 11:11:27,508 [myid:2] - WARN  [SendWorker:1:QuorumCnxManager$SendWorker@1283] - Interrupted while waiting for message on queue
java.lang.InterruptedException
	at java.util.concurrent.locks.AbstractQueuedSynchronizer$ConditionObject.reportInterruptAfterWait(AbstractQueuedSynchronizer.java:2014)
	at java.util.concurrent.locks.AbstractQueuedSynchronizer$ConditionObject.awaitNanos(AbstractQueuedSynchronizer.java:2088)
	at org.apache.zookeeper.util.CircularBlockingQueue.poll(CircularBlockingQueue.java:105)
	at org.apache.zookeeper.server.quorum.QuorumCnxManager.pollSendQueue(QuorumCnxManager.java:1448)
	at org.apache.zookeeper.server.quorum.QuorumCnxManager.access$900(QuorumCnxManager.java:99)
	at org.apache.zookeeper.server.quorum.QuorumCnxManager$SendWorker.run(QuorumCnxManager.java:1272)
2021-11-08 11:11:27,507 [myid:2] - WARN  [RecvWorker:1:QuorumCnxManager$RecvWorker@1397] - Connection broken for id 1, my id = 2
java.net.SocketException: Socket closed
	at java.net.SocketInputStream.socketRead0(Native Method)
	at java.net.SocketInputStream.read(SocketInputStream.java:150)
	at java.net.SocketInputStream.read(SocketInputStream.java:121)
	at java.io.BufferedInputStream.fill(BufferedInputStream.java:246)
	at java.io.BufferedInputStream.read(BufferedInputStream.java:265)
	at java.io.DataInputStream.readInt(DataInputStream.java:387)
	at org.apache.zookeeper.server.quorum.QuorumCnxManager$RecvWorker.run(QuorumCnxManager.java:1385)
2021-11-08 11:11:27,509 [myid:2] - WARN  [RecvWorker:1:QuorumCnxManager$RecvWorker@1403] - Interrupting SendWorker thread from RecvWorker. sid: 1. myId: 2
2021-11-08 11:11:27,509 [myid:2] - WARN  [SendWorker:1:QuorumCnxManager$SendWorker@1295] - Send worker leaving thread id 1 my id = 2
2021-11-08 11:11:27,509 [myid:1] - WARN  [SendWorker:2:QuorumCnxManager$SendWorker@1283] - Interrupted while waiting for message on queue
java.lang.InterruptedException
	at java.util.concurrent.locks.AbstractQueuedSynchronizer$ConditionObject.reportInterruptAfterWait(AbstractQueuedSynchronizer.java:2014)
	at java.util.concurrent.locks.AbstractQueuedSynchronizer$ConditionObject.awaitNanos(AbstractQueuedSynchronizer.java:2088)
	at org.apache.zookeeper.util.CircularBlockingQueue.poll(CircularBlockingQueue.java:105)
	at org.apache.zookeeper.server.quorum.QuorumCnxManager.pollSendQueue(QuorumCnxManager.java:1448)
	at org.apache.zookeeper.server.quorum.QuorumCnxManager.access$900(QuorumCnxManager.java:99)
	at org.apache.zookeeper.server.quorum.QuorumCnxManager$SendWorker.run(QuorumCnxManager.java:1272)
2021-11-08 11:11:27,509 [myid:1] - WARN  [SendWorker:2:QuorumCnxManager$SendWorker@1295] - Send worker leaving thread id 2 my id = 1
2021-11-08 11:11:27,509 [myid:1] - INFO  [ListenerHandler-/0:0:0:0:0:0:0:1:16665:QuorumCnxManager$Listener$ListenerHandler@1071] - Received connection request from /0:0:0:0:0:0:0:1:8243
2021-11-08 11:11:27,511 [myid:1] - INFO  [WorkerReceiver[myid=1]:FastLeaderElection$Messenger$WorkerReceiver@390] - Notification: my state:FOLLOWING; n.sid:2, n.state:LOOKING, n.leader:2, n.round:0x1, n.peerEpoch:0x0, n.zxid:0x0, message format version:0x2, n.config version:0x0
2021-11-08 11:11:27,511 [myid:2] - INFO  [WorkerReceiver[myid=2]:FastLeaderElection$Messenger$WorkerReceiver@390] - Notification: my state:LEADING; n.sid:1, n.state:LOOKING, n.leader:2, n.round:0x1, n.peerEpoch:0x0, n.zxid:0x0, message format version:0x2, n.config version:0x0
2021-11-08 11:11:27,511 [myid:1] - INFO  [WorkerReceiver[myid=1]:FastLeaderElection$Messenger$WorkerReceiver@390] - Notification: my state:FOLLOWING; n.sid:2, n.state:LEADING, n.leader:2, n.round:0x1, n.peerEpoch:0x0, n.zxid:0x0, message format version:0x2, n.config version:0x0
2021-11-08 11:11:27,511 [myid:2] - INFO  [WorkerReceiver[myid=2]:FastLeaderElection$Messenger$WorkerReceiver@390] - Notification: my state:LEADING; n.sid:1, n.state:FOLLOWING, n.leader:2, n.round:0x1, n.peerEpoch:0x0, n.zxid:0x0, message format version:0x2, n.config version:0x0
2021-11-08 11:11:27,725 [myid:1] - INFO  [LeaderConnector-/0:0:0:0:0:0:0:1:16666:Learner$LeaderConnector@381] - Successfully connected to leader, using address: /0:0:0:0:0:0:0:1:16666
2021-11-08 11:11:27,747 [myid:] - INFO  [main:FourLetterWordMain@94] - connecting to [::1] 16662
2021-11-08 11:11:27,749 [myid:2] - INFO  [LearnerHandler-/0:0:0:0:0:0:0:1:8241:LearnerHandler@506] - Follower sid: 1 : info : [0:0:0:0:0:0:0:1]:16664:16665:participant;0.0.0.0:16662
2021-11-08 11:11:27,752 [myid:1] - INFO  [NIOWorkerThread-2:NIOServerCnxn@514] - Processing stat command from /0:0:0:0:0:0:0:1:8248
2021-11-08 11:11:27,761 [myid:2] - INFO  [QuorumPeer[myid=2](plain=[0:0:0:0:0:0:0:0]:16663)(secure=disabled):QuorumPeer@1870] - Dynamic reconfig is disabled, we don't store the last seen config.
2021-11-08 11:11:27,765 [myid:1] - INFO  [QuorumPeer[myid=1](plain=[0:0:0:0:0:0:0:0]:16662)(secure=disabled):QuorumPeer@915] - Peer state changed: following - synchronization
2021-11-08 11:11:27,765 [myid:2] - INFO  [LearnerHandler-/0:0:0:0:0:0:0:1:8241:ZKDatabase@346] - On disk txn sync enabled with snapshotSizeFactor 0.33
2021-11-08 11:11:27,765 [myid:2] - INFO  [LearnerHandler-/0:0:0:0:0:0:0:1:8241:LearnerHandler@801] - Synchronizing with Learner sid: 1 maxCommittedLog=0x0 minCommittedLog=0x0 lastProcessedZxid=0x0 peerLastZxid=0x0
2021-11-08 11:11:27,765 [myid:2] - INFO  [LearnerHandler-/0:0:0:0:0:0:0:1:8241:LearnerHandler@846] - Sending DIFF zxid=0x0 for peer sid: 1
2021-11-08 11:11:27,766 [myid:1] - INFO  [QuorumPeer[myid=1](plain=[0:0:0:0:0:0:0:0]:16662)(secure=disabled):Learner@562] - Getting a diff from the leader 0x0
2021-11-08 11:11:27,766 [myid:1] - INFO  [QuorumPeer[myid=1](plain=[0:0:0:0:0:0:0:0]:16662)(secure=disabled):QuorumPeer@920] - Peer state changed: following - synchronization - diff
2021-11-08 11:11:27,767 [myid:1] - INFO  [QuorumPeer[myid=1](plain=[0:0:0:0:0:0:0:0]:16662)(secure=disabled):Learner@734] - Learner received NEWLEADER message
2021-11-08 11:11:27,767 [myid:1] - INFO  [QuorumPeer[myid=1](plain=[0:0:0:0:0:0:0:0]:16662)(secure=disabled):QuorumPeer@1870] - Dynamic reconfig is disabled, we don't store the last seen config.
2021-11-08 11:11:27,768 [myid:2] - INFO  [QuorumPeer[myid=2](plain=[0:0:0:0:0:0:0:0]:16663)(secure=disabled):QuorumPeer@915] - Peer state changed: leading - synchronization
2021-11-08 11:11:27,771 [myid:1] - INFO  [QuorumPeer[myid=1](plain=[0:0:0:0:0:0:0:0]:16662)(secure=disabled):QuorumPeer@920] - Peer state changed: following - synchronization
2021-11-08 11:11:27,771 [myid:1] - INFO  [QuorumPeer[myid=1](plain=[0:0:0:0:0:0:0:0]:16662)(secure=disabled):CommitProcessor@491] - Configuring CommitProcessor with readBatchSize -1 commitBatchSize 1
2021-11-08 11:11:27,771 [myid:1] - INFO  [QuorumPeer[myid=1](plain=[0:0:0:0:0:0:0:0]:16662)(secure=disabled):CommitProcessor@452] - Configuring CommitProcessor with 6 worker threads.
2021-11-08 11:11:27,771 [myid:1] - INFO  [QuorumPeer[myid=1](plain=[0:0:0:0:0:0:0:0]:16662)(secure=disabled):FollowerRequestProcessor@59] - Initialized FollowerRequestProcessor with zookeeper.follower.skipLearnerRequestToNextProcessor as false
2021-11-08 11:11:27,772 [myid:2] - INFO  [QuorumPeer[myid=2](plain=[0:0:0:0:0:0:0:0]:16663)(secure=disabled):Leader@1495] - Have quorum of supporters, sids: [[1, 2]]; starting up and setting last processed zxid: 0x100000000
2021-11-08 11:11:27,772 [myid:2] - INFO  [QuorumPeer[myid=2](plain=[0:0:0:0:0:0:0:0]:16663)(secure=disabled):Leader@1517] - Dynamic reconfig feature is disabled, skip designatedLeader calculation and reconfig processing.
2021-11-08 11:11:27,772 [myid:2] - INFO  [QuorumPeer[myid=2](plain=[0:0:0:0:0:0:0:0]:16663)(secure=disabled):CommitProcessor@491] - Configuring CommitProcessor with readBatchSize -1 commitBatchSize 1
2021-11-08 11:11:27,772 [myid:2] - INFO  [QuorumPeer[myid=2](plain=[0:0:0:0:0:0:0:0]:16663)(secure=disabled):CommitProcessor@452] - Configuring CommitProcessor with 6 worker threads.
2021-11-08 11:11:27,772 [myid:2] - INFO  [QuorumPeer[myid=2](plain=[0:0:0:0:0:0:0:0]:16663)(secure=disabled):ProposalRequestProcessor@57] - zookeeper.forward_learner_requests_to_commit_processor_disabled = false
2021-11-08 11:11:27,773 [myid:2] - INFO  [QuorumPeer[myid=2](plain=[0:0:0:0:0:0:0:0]:16663)(secure=disabled):ContainerManager@84] - Using checkIntervalMs=60000 maxPerMinute=10000 maxNeverUsedIntervalMs=0
2021-11-08 11:11:27,774 [myid:2] - INFO  [ProcessThread(sid:2 cport:-1)::PrepRequestProcessor@137] - PrepRequestProcessor (sid:2) started, reconfigEnabled=false
2021-11-08 11:11:27,774 [myid:2] - INFO  [QuorumPeer[myid=2](plain=[0:0:0:0:0:0:0:0]:16663)(secure=disabled):QuorumPeer@915] - Peer state changed: leading - broadcast
2021-11-08 11:11:27,774 [myid:1] - INFO  [QuorumPeer[myid=1](plain=[0:0:0:0:0:0:0:0]:16662)(secure=disabled):Learner@718] - Learner received UPTODATE message
2021-11-08 11:11:27,774 [myid:1] - INFO  [QuorumPeer[myid=1](plain=[0:0:0:0:0:0:0:0]:16662)(secure=disabled):QuorumPeer@915] - Peer state changed: following - broadcast
2021-11-08 11:11:28,002 [myid:] - INFO  [main:FourLetterWordMain@94] - connecting to [::1] 16662
2021-11-08 11:11:28,005 [myid:1] - INFO  [NIOWorkerThread-3:NIOServerCnxn@514] - Processing stat command from /0:0:0:0:0:0:0:1:8250
2021-11-08 11:11:28,006 [myid:1] - INFO  [NIOWorkerThread-3:StatCommand@52] - Stat command output
2021-11-08 11:11:28,007 [myid:] - INFO  [main:FourLetterWordMain@94] - connecting to [::1] 16663
2021-11-08 11:11:28,011 [myid:2] - INFO  [NIOWorkerThread-1:NIOServerCnxn@514] - Processing stat command from /0:0:0:0:0:0:0:1:8251
2021-11-08 11:11:28,011 [myid:2] - INFO  [NIOWorkerThread-1:StatCommand@52] - Stat command output
2021-11-08 11:11:28,014 [myid:] - INFO  [main:QuorumPeerTestBase@64] - No servers to shutdown!
2021-11-08 11:11:28,015 [myid:] - INFO  [main:ZKTestCase@82] - FINISHED Optional[public void org.apache.zookeeper.server.quorum.QuorumPeerMainTest.testQuorumV6() throws java.lang.Exception]
]]></system-out>
  </testcase>
  <testcase name="testEarlyLeaderAbandonment" classname="org.apache.zookeeper.server.quorum.QuorumPeerMainTest" time="0.02">
    <error message="org/apache/zookeeper/client/StaticHostProvider" type="java.lang.NoClassDefFoundError"><![CDATA[java.lang.NoClassDefFoundError: org/apache/zookeeper/client/StaticHostProvider
	at org.apache.zookeeper.ZooKeeper.createDefaultHostProvider(ZooKeeper.java:1135)
	at org.apache.zookeeper.ZooKeeper.<init>(ZooKeeper.java:734)
	at org.apache.zookeeper.ZooKeeper.<init>(ZooKeeper.java:448)
	at org.apache.zookeeper.server.quorum.QuorumPeerMainTest.testEarlyLeaderAbandonment(QuorumPeerMainTest.java:165)
]]></error>
    <system-out><![CDATA[2021-11-08 11:11:28,018 [myid:] - INFO  [main:ZKTestCase@77] - STARTING Optional[public void org.apache.zookeeper.server.quorum.QuorumPeerMainTest.testEarlyLeaderAbandonment() throws java.lang.Exception]
2021-11-08 11:11:28,020 [myid:] - INFO  [main:PortAssignment@87] - Assigned port 16668 from range 16607 - 19299.
2021-11-08 11:11:28,021 [myid:] - INFO  [main:PortAssignment@87] - Assigned port 16669 from range 16607 - 19299.
2021-11-08 11:11:28,022 [myid:] - INFO  [main:PortAssignment@87] - Assigned port 16670 from range 16607 - 19299.
2021-11-08 11:11:28,022 [myid:] - INFO  [main:PortAssignment@87] - Assigned port 16671 from range 16607 - 19299.
2021-11-08 11:11:28,023 [myid:] - INFO  [main:PortAssignment@87] - Assigned port 16672 from range 16607 - 19299.
2021-11-08 11:11:28,024 [myid:] - INFO  [main:PortAssignment@87] - Assigned port 16673 from range 16607 - 19299.
2021-11-08 11:11:28,025 [myid:] - INFO  [main:PortAssignment@87] - Assigned port 16674 from range 16607 - 19299.
2021-11-08 11:11:28,026 [myid:] - INFO  [main:PortAssignment@87] - Assigned port 16675 from range 16607 - 19299.
2021-11-08 11:11:28,026 [myid:] - INFO  [main:PortAssignment@87] - Assigned port 16676 from range 16607 - 19299.
2021-11-08 11:11:28,029 [myid:] - INFO  [main:QuorumPeerTestBase$MainThread@122] - id = 0 tmpDir = D:\mysoft\faiscoGit\myStudy\ZooKeeperLearning\apache-zookeeper-3.7.0\zookeeper-server\target\surefire\test4161294307654558665.junit.dir clientPort = 16668
2021-11-08 11:11:28,035 [myid:] - INFO  [Thread-23:QuorumPeerConfig@174] - Reading configuration from: D:\mysoft\faiscoGit\myStudy\ZooKeeperLearning\apache-zookeeper-3.7.0\zookeeper-server\target\surefire\test4161294307654558665.junit.dir\zoo.cfg
2021-11-08 11:11:28,035 [myid:] - INFO  [main:QuorumPeerTestBase@64] - No servers to shutdown!
2021-11-08 11:11:28,036 [myid:] - INFO  [Thread-23:QuorumPeerConfig@444] - clientPortAddress is 0.0.0.0:16668
2021-11-08 11:11:28,036 [myid:] - INFO  [main:ZKTestCase@82] - FINISHED Optional[public void org.apache.zookeeper.server.quorum.QuorumPeerMainTest.testEarlyLeaderAbandonment() throws java.lang.Exception]
2021-11-08 11:11:28,036 [myid:] - INFO  [Thread-23:QuorumPeerConfig@448] - secureClientPort is not set
2021-11-08 11:11:28,036 [myid:] - INFO  [Thread-23:QuorumPeerConfig@464] - observerMasterPort is not set
2021-11-08 11:11:28,036 [myid:] - INFO  [Thread-23:QuorumPeerConfig@481] - metricsProvider.className is org.apache.zookeeper.metrics.impl.DefaultMetricsProvider
]]></system-out>
  </testcase>
  <testcase name="testInvalidMetricsProvider" classname="org.apache.zookeeper.server.quorum.QuorumPeerMainTest" time="8.658"/>
  <testcase name="testQuorumDefaults" classname="org.apache.zookeeper.server.quorum.QuorumPeerMainTest" time="5.621"/>
  <testcase name="testLeaderElectionWithDisloyalVoter_stillHasMajority" classname="org.apache.zookeeper.server.quorum.QuorumPeerMainTest" time="0.008">
    <error message="org/apache/zookeeper/common/PathUtils" type="java.lang.NoClassDefFoundError"><![CDATA[java.lang.NoClassDefFoundError: org/apache/zookeeper/common/PathUtils
	at org.apache.zookeeper.server.quorum.QuorumPeerTestBase$MainThread.<init>(QuorumPeerTestBase.java:224)
	at org.apache.zookeeper.server.quorum.QuorumPeerTestBase$MainThread.<init>(QuorumPeerTestBase.java:200)
	at org.apache.zookeeper.server.quorum.QuorumPeerTestBase$MainThread.<init>(QuorumPeerTestBase.java:196)
	at org.apache.zookeeper.server.quorum.QuorumPeerTestBase$MainThread.<init>(QuorumPeerTestBase.java:176)
	at org.apache.zookeeper.server.quorum.QuorumPeerMainTest$5.<init>(QuorumPeerMainTest.java:1249)
	at org.apache.zookeeper.server.quorum.QuorumPeerMainTest.testLeaderElection(QuorumPeerMainTest.java:1249)
	at org.apache.zookeeper.server.quorum.QuorumPeerMainTest.testLeaderElectionWithDisloyalVoter_stillHasMajority(QuorumPeerMainTest.java:1214)
	Suppressed: java.lang.NullPointerException
		at org.apache.zookeeper.server.quorum.QuorumPeerTestBase.tearDown(QuorumPeerTestBase.java:69)
		at sun.reflect.NativeMethodAccessorImpl.invoke0(Native Method)
		at sun.reflect.NativeMethodAccessorImpl.invoke(NativeMethodAccessorImpl.java:62)
		at sun.reflect.DelegatingMethodAccessorImpl.invoke(DelegatingMethodAccessorImpl.java:43)
		at java.lang.reflect.Method.invoke(Method.java:483)
		at org.junit.platform.commons.util.ReflectionUtils.invokeMethod(ReflectionUtils.java:686)
		at org.junit.jupiter.engine.execution.MethodInvocation.proceed(MethodInvocation.java:60)
		at org.junit.jupiter.engine.execution.InvocationInterceptorChain$ValidatingInvocation.proceed(InvocationInterceptorChain.java:131)
		at org.junit.jupiter.engine.extension.TimeoutExtension.intercept(TimeoutExtension.java:149)
		at org.junit.jupiter.engine.extension.TimeoutExtension.interceptLifecycleMethod(TimeoutExtension.java:126)
		at org.junit.jupiter.engine.extension.TimeoutExtension.interceptAfterEachMethod(TimeoutExtension.java:108)
		at org.junit.jupiter.engine.descriptor.ClassBasedTestDescriptor$$Lambda$409/1031061344.apply(Unknown Source)
		at org.junit.jupiter.engine.execution.ExecutableInvoker$ReflectiveInterceptorCall.lambda$ofVoidMethod$0(ExecutableInvoker.java:115)
		at org.junit.jupiter.engine.execution.ExecutableInvoker$ReflectiveInterceptorCall$$Lambda$112/1154002927.apply(Unknown Source)
		at org.junit.jupiter.engine.execution.ExecutableInvoker.lambda$invoke$0(ExecutableInvoker.java:105)
		at org.junit.jupiter.engine.execution.ExecutableInvoker$$Lambda$234/380242442.apply(Unknown Source)
		at org.junit.jupiter.engine.execution.InvocationInterceptorChain$InterceptedInvocation.proceed(InvocationInterceptorChain.java:106)
		at org.junit.jupiter.engine.execution.InvocationInterceptorChain.proceed(InvocationInterceptorChain.java:64)
		at org.junit.jupiter.engine.execution.InvocationInterceptorChain.chainAndInvoke(InvocationInterceptorChain.java:45)
		at org.junit.jupiter.engine.execution.InvocationInterceptorChain.invoke(InvocationInterceptorChain.java:37)
		at org.junit.jupiter.engine.execution.ExecutableInvoker.invoke(ExecutableInvoker.java:104)
		at org.junit.jupiter.engine.execution.ExecutableInvoker.invoke(ExecutableInvoker.java:98)
		at org.junit.jupiter.engine.descriptor.ClassBasedTestDescriptor.invokeMethodInExtensionContext(ClassBasedTestDescriptor.java:481)
		at org.junit.jupiter.engine.descriptor.ClassBasedTestDescriptor.lambda$synthesizeAfterEachMethodAdapter$19(ClassBasedTestDescriptor.java:471)
		at org.junit.jupiter.engine.descriptor.ClassBasedTestDescriptor$$Lambda$210/2141179775.invokeAfterEachMethod(Unknown Source)
		at org.junit.jupiter.engine.descriptor.TestMethodTestDescriptor.lambda$invokeAfterEachMethods$9(TestMethodTestDescriptor.java:238)
		at org.junit.jupiter.engine.descriptor.TestMethodTestDescriptor$$Lambda$408/365181913.invoke(Unknown Source)
		at org.junit.jupiter.engine.descriptor.TestMethodTestDescriptor.lambda$invokeAllAfterMethodsOrCallbacks$12(TestMethodTestDescriptor.java:271)
		at org.junit.jupiter.engine.descriptor.TestMethodTestDescriptor$$Lambda$407/1667148529.execute(Unknown Source)
		at org.junit.platform.engine.support.hierarchical.ThrowableCollector.execute(ThrowableCollector.java:73)
		at org.junit.jupiter.engine.descriptor.TestMethodTestDescriptor.lambda$invokeAllAfterMethodsOrCallbacks$13(TestMethodTestDescriptor.java:271)
		at org.junit.jupiter.engine.descriptor.TestMethodTestDescriptor$$Lambda$406/836220863.accept(Unknown Source)
		at java.util.ArrayList.forEach(ArrayList.java:1249)
		at org.junit.jupiter.engine.descriptor.TestMethodTestDescriptor.invokeAllAfterMethodsOrCallbacks(TestMethodTestDescriptor.java:270)
		at org.junit.jupiter.engine.descriptor.TestMethodTestDescriptor.invokeAfterEachMethods(TestMethodTestDescriptor.java:236)
		at org.junit.jupiter.engine.descriptor.TestMethodTestDescriptor.execute(TestMethodTestDescriptor.java:141)
		at org.junit.jupiter.engine.descriptor.TestMethodTestDescriptor.execute(TestMethodTestDescriptor.java:71)
		at org.junit.platform.engine.support.hierarchical.NodeTestTask.lambda$executeRecursively$5(NodeTestTask.java:135)
		at org.junit.platform.engine.support.hierarchical.NodeTestTask$$Lambda$179/366590980.execute(Unknown Source)
		at org.junit.platform.engine.support.hierarchical.ThrowableCollector.execute(ThrowableCollector.java:73)
		at org.junit.platform.engine.support.hierarchical.NodeTestTask.lambda$executeRecursively$7(NodeTestTask.java:125)
		at org.junit.platform.engine.support.hierarchical.NodeTestTask$$Lambda$178/513700442.invoke(Unknown Source)
		at org.junit.platform.engine.support.hierarchical.Node.around(Node.java:135)
		at org.junit.platform.engine.support.hierarchical.NodeTestTask.lambda$executeRecursively$8(NodeTestTask.java:123)
		at org.junit.platform.engine.support.hierarchical.NodeTestTask$$Lambda$177/1669712678.execute(Unknown Source)
		at org.junit.platform.engine.support.hierarchical.ThrowableCollector.execute(ThrowableCollector.java:73)
		at org.junit.platform.engine.support.hierarchical.NodeTestTask.executeRecursively(NodeTestTask.java:122)
		at org.junit.platform.engine.support.hierarchical.NodeTestTask.execute(NodeTestTask.java:80)
		at org.junit.platform.engine.support.hierarchical.SameThreadHierarchicalTestExecutorService$$Lambda$183/433874882.accept(Unknown Source)
		at java.util.ArrayList.forEach(ArrayList.java:1249)
		at org.junit.platform.engine.support.hierarchical.SameThreadHierarchicalTestExecutorService.invokeAll(SameThreadHierarchicalTestExecutorService.java:38)
		at org.junit.platform.engine.support.hierarchical.NodeTestTask.lambda$executeRecursively$5(NodeTestTask.java:139)
		at org.junit.platform.engine.support.hierarchical.NodeTestTask$$Lambda$179/366590980.execute(Unknown Source)
		at org.junit.platform.engine.support.hierarchical.ThrowableCollector.execute(ThrowableCollector.java:73)
		at org.junit.platform.engine.support.hierarchical.NodeTestTask.lambda$executeRecursively$7(NodeTestTask.java:125)
		at org.junit.platform.engine.support.hierarchical.NodeTestTask$$Lambda$178/513700442.invoke(Unknown Source)
		at org.junit.platform.engine.support.hierarchical.Node.around(Node.java:135)
		at org.junit.platform.engine.support.hierarchical.NodeTestTask.lambda$executeRecursively$8(NodeTestTask.java:123)
		at org.junit.platform.engine.support.hierarchical.NodeTestTask$$Lambda$177/1669712678.execute(Unknown Source)
		at org.junit.platform.engine.support.hierarchical.ThrowableCollector.execute(ThrowableCollector.java:73)
		at org.junit.platform.engine.support.hierarchical.NodeTestTask.executeRecursively(NodeTestTask.java:122)
		at org.junit.platform.engine.support.hierarchical.NodeTestTask.execute(NodeTestTask.java:80)
		at org.junit.platform.engine.support.hierarchical.SameThreadHierarchicalTestExecutorService$$Lambda$183/433874882.accept(Unknown Source)
		at java.util.ArrayList.forEach(ArrayList.java:1249)
		at org.junit.platform.engine.support.hierarchical.SameThreadHierarchicalTestExecutorService.invokeAll(SameThreadHierarchicalTestExecutorService.java:38)
		at org.junit.platform.engine.support.hierarchical.NodeTestTask.lambda$executeRecursively$5(NodeTestTask.java:139)
		at org.junit.platform.engine.support.hierarchical.NodeTestTask$$Lambda$179/366590980.execute(Unknown Source)
		at org.junit.platform.engine.support.hierarchical.ThrowableCollector.execute(ThrowableCollector.java:73)
		at org.junit.platform.engine.support.hierarchical.NodeTestTask.lambda$executeRecursively$7(NodeTestTask.java:125)
		at org.junit.platform.engine.support.hierarchical.NodeTestTask$$Lambda$178/513700442.invoke(Unknown Source)
		at org.junit.platform.engine.support.hierarchical.Node.around(Node.java:135)
		at org.junit.platform.engine.support.hierarchical.NodeTestTask.lambda$executeRecursively$8(NodeTestTask.java:123)
		at org.junit.platform.engine.support.hierarchical.NodeTestTask$$Lambda$177/1669712678.execute(Unknown Source)
		at org.junit.platform.engine.support.hierarchical.ThrowableCollector.execute(ThrowableCollector.java:73)
		at org.junit.platform.engine.support.hierarchical.NodeTestTask.executeRecursively(NodeTestTask.java:122)
		at org.junit.platform.engine.support.hierarchical.NodeTestTask.execute(NodeTestTask.java:80)
		at org.junit.platform.engine.support.hierarchical.SameThreadHierarchicalTestExecutorService.submit(SameThreadHierarchicalTestExecutorService.java:32)
		at org.junit.platform.engine.support.hierarchical.HierarchicalTestExecutor.execute(HierarchicalTestExecutor.java:57)
		at org.junit.platform.engine.support.hierarchical.HierarchicalTestEngine.execute(HierarchicalTestEngine.java:51)
		at org.junit.platform.launcher.core.DefaultLauncher.execute(DefaultLauncher.java:248)
		at org.junit.platform.launcher.core.DefaultLauncher.lambda$execute$5(DefaultLauncher.java:211)
		at org.junit.platform.launcher.core.DefaultLauncher$$Lambda$143/1885996206.accept(Unknown Source)
		at org.junit.platform.launcher.core.DefaultLauncher.withInterceptedStreams(DefaultLauncher.java:226)
		at org.junit.platform.launcher.core.DefaultLauncher.execute(DefaultLauncher.java:199)
		at org.junit.platform.launcher.core.DefaultLauncher.execute(DefaultLauncher.java:132)
		at org.apache.maven.surefire.junitplatform.JUnitPlatformProvider.invokeAllTests(JUnitPlatformProvider.java:142)
		at org.apache.maven.surefire.junitplatform.JUnitPlatformProvider.invoke(JUnitPlatformProvider.java:113)
		at org.apache.maven.surefire.booter.ForkedBooter.invokeProviderInSameClassLoader(ForkedBooter.java:384)
		at org.apache.maven.surefire.booter.ForkedBooter.runSuitesInProcess(ForkedBooter.java:345)
		at org.apache.maven.surefire.booter.ForkedBooter.execute(ForkedBooter.java:126)
		at org.apache.maven.surefire.booter.ForkedBooter.main(ForkedBooter.java:418)
]]></error>
    <system-out><![CDATA[2021-11-08 11:11:42,317 [myid:] - INFO  [main:ZKTestCase@77] - STARTING Optional[public void org.apache.zookeeper.server.quorum.QuorumPeerMainTest.testLeaderElectionWithDisloyalVoter_stillHasMajority() throws java.io.IOException]
2021-11-08 11:11:42,318 [myid:] - INFO  [main:Leader@1351] - Set zookeeper.leader.maxTimeToWaitForEpoch to 3000ms
2021-11-08 11:11:42,318 [myid:] - INFO  [main:PortAssignment@87] - Assigned port 16688 from range 16607 - 19299.
2021-11-08 11:11:42,318 [myid:] - INFO  [main:PortAssignment@87] - Assigned port 16689 from range 16607 - 19299.
2021-11-08 11:11:42,318 [myid:] - INFO  [main:PortAssignment@87] - Assigned port 16690 from range 16607 - 19299.
2021-11-08 11:11:42,319 [myid:] - INFO  [main:PortAssignment@87] - Assigned port 16691 from range 16607 - 19299.
2021-11-08 11:11:42,319 [myid:] - INFO  [main:PortAssignment@87] - Assigned port 16692 from range 16607 - 19299.
2021-11-08 11:11:42,319 [myid:] - INFO  [main:PortAssignment@87] - Assigned port 16693 from range 16607 - 19299.
2021-11-08 11:11:42,319 [myid:] - INFO  [main:PortAssignment@87] - Assigned port 16694 from range 16607 - 19299.
2021-11-08 11:11:42,319 [myid:] - INFO  [main:PortAssignment@87] - Assigned port 16695 from range 16607 - 19299.
2021-11-08 11:11:42,319 [myid:] - INFO  [main:PortAssignment@87] - Assigned port 16696 from range 16607 - 19299.
2021-11-08 11:11:42,320 [myid:] - INFO  [main:PortAssignment@87] - Assigned port 16697 from range 16607 - 19299.
2021-11-08 11:11:42,320 [myid:] - INFO  [main:PortAssignment@87] - Assigned port 16698 from range 16607 - 19299.
2021-11-08 11:11:42,320 [myid:] - INFO  [main:PortAssignment@87] - Assigned port 16699 from range 16607 - 19299.
2021-11-08 11:11:42,320 [myid:] - INFO  [main:PortAssignment@87] - Assigned port 16700 from range 16607 - 19299.
2021-11-08 11:11:42,320 [myid:] - INFO  [main:PortAssignment@87] - Assigned port 16701 from range 16607 - 19299.
2021-11-08 11:11:42,321 [myid:] - INFO  [main:PortAssignment@87] - Assigned port 16702 from range 16607 - 19299.
2021-11-08 11:11:42,322 [myid:] - INFO  [main:QuorumPeerTestBase$MainThread@205] - id = 0 tmpDir = D:\mysoft\faiscoGit\myStudy\ZooKeeperLearning\apache-zookeeper-3.7.0\zookeeper-server\target\surefire\test5701262874688249359.junit.dir clientPort = 16688 adminServerPort = 8080
2021-11-08 11:11:42,324 [myid:] - INFO  [main:ZKTestCase@82] - FINISHED Optional[public void org.apache.zookeeper.server.quorum.QuorumPeerMainTest.testLeaderElectionWithDisloyalVoter_stillHasMajority() throws java.io.IOException]
]]></system-out>
  </testcase>
  <testcase name="testHighestZxidJoinLate" classname="org.apache.zookeeper.server.quorum.QuorumPeerMainTest" time="0.005">
    <error message="org/apache/zookeeper/client/StaticHostProvider" type="java.lang.NoClassDefFoundError"><![CDATA[java.lang.NoClassDefFoundError: org/apache/zookeeper/client/StaticHostProvider
	at org.apache.zookeeper.ZooKeeper.createDefaultHostProvider(ZooKeeper.java:1135)
	at org.apache.zookeeper.ZooKeeper.<init>(ZooKeeper.java:734)
	at org.apache.zookeeper.ZooKeeper.<init>(ZooKeeper.java:448)
	at org.apache.zookeeper.server.quorum.QuorumPeerTestBase$Servers.restartClient(QuorumPeerTestBase.java:432)
	at org.apache.zookeeper.server.quorum.QuorumPeerTestBase.LaunchServers(QuorumPeerTestBase.java:524)
	at org.apache.zookeeper.server.quorum.QuorumPeerTestBase.LaunchServers(QuorumPeerTestBase.java:487)
	at org.apache.zookeeper.server.quorum.QuorumPeerTestBase.LaunchServers(QuorumPeerTestBase.java:482)
	at org.apache.zookeeper.server.quorum.QuorumPeerTestBase.LaunchServers(QuorumPeerTestBase.java:473)
	at org.apache.zookeeper.server.quorum.QuorumPeerMainTest.testHighestZxidJoinLate(QuorumPeerMainTest.java:257)
]]></error>
    <system-out><![CDATA[2021-11-08 11:11:42,325 [myid:] - INFO  [main:ZKTestCase@77] - STARTING Optional[public void org.apache.zookeeper.server.quorum.QuorumPeerMainTest.testHighestZxidJoinLate() throws java.lang.Exception]
2021-11-08 11:11:42,326 [myid:] - INFO  [main:PortAssignment@87] - Assigned port 16703 from range 16607 - 19299.
2021-11-08 11:11:42,326 [myid:] - INFO  [main:PortAssignment@87] - Assigned port 16704 from range 16607 - 19299.
2021-11-08 11:11:42,326 [myid:] - INFO  [main:PortAssignment@87] - Assigned port 16705 from range 16607 - 19299.
2021-11-08 11:11:42,326 [myid:] - INFO  [main:PortAssignment@87] - Assigned port 16706 from range 16607 - 19299.
2021-11-08 11:11:42,326 [myid:] - INFO  [main:PortAssignment@87] - Assigned port 16707 from range 16607 - 19299.
2021-11-08 11:11:42,327 [myid:] - INFO  [main:PortAssignment@87] - Assigned port 16708 from range 16607 - 19299.
2021-11-08 11:11:42,327 [myid:] - INFO  [main:PortAssignment@87] - Assigned port 16709 from range 16607 - 19299.
2021-11-08 11:11:42,327 [myid:] - INFO  [main:PortAssignment@87] - Assigned port 16710 from range 16607 - 19299.
2021-11-08 11:11:42,327 [myid:] - INFO  [main:PortAssignment@87] - Assigned port 16711 from range 16607 - 19299.
2021-11-08 11:11:42,328 [myid:] - INFO  [main:QuorumPeerTestBase$MainThread@122] - id = 0 tmpDir = D:\mysoft\faiscoGit\myStudy\ZooKeeperLearning\apache-zookeeper-3.7.0\zookeeper-server\target\surefire\test6277455155707410179.junit.dir clientPort = 16703
2021-11-08 11:11:42,329 [myid:] - INFO  [Thread-29:QuorumPeerConfig@174] - Reading configuration from: D:\mysoft\faiscoGit\myStudy\ZooKeeperLearning\apache-zookeeper-3.7.0\zookeeper-server\target\surefire\test6277455155707410179.junit.dir\zoo.cfg
2021-11-08 11:11:42,330 [myid:] - INFO  [main:QuorumPeerTestBase@64] - No servers to shutdown!
2021-11-08 11:11:42,330 [myid:] - INFO  [Thread-29:QuorumPeerConfig@444] - clientPortAddress is 0.0.0.0:16703
2021-11-08 11:11:42,330 [myid:] - INFO  [main:ZKTestCase@82] - FINISHED Optional[public void org.apache.zookeeper.server.quorum.QuorumPeerMainTest.testHighestZxidJoinLate() throws java.lang.Exception]
2021-11-08 11:11:42,330 [myid:] - INFO  [Thread-29:QuorumPeerConfig@448] - secureClientPort is not set
2021-11-08 11:11:42,330 [myid:] - INFO  [Thread-29:QuorumPeerConfig@464] - observerMasterPort is not set
2021-11-08 11:11:42,330 [myid:] - INFO  [Thread-29:QuorumPeerConfig@481] - metricsProvider.className is org.apache.zookeeper.metrics.impl.DefaultMetricsProvider
]]></system-out>
  </testcase>
  <testcase name="testLeaderElectionWithDisloyalVoter" classname="org.apache.zookeeper.server.quorum.QuorumPeerMainTest" time="0.007">
    <error message="org/apache/zookeeper/common/PathUtils" type="java.lang.NoClassDefFoundError"><![CDATA[java.lang.NoClassDefFoundError: org/apache/zookeeper/common/PathUtils
	at org.apache.zookeeper.server.quorum.QuorumPeerTestBase$MainThread.<init>(QuorumPeerTestBase.java:224)
	at org.apache.zookeeper.server.quorum.QuorumPeerTestBase$MainThread.<init>(QuorumPeerTestBase.java:200)
	at org.apache.zookeeper.server.quorum.QuorumPeerTestBase$MainThread.<init>(QuorumPeerTestBase.java:196)
	at org.apache.zookeeper.server.quorum.QuorumPeerTestBase$MainThread.<init>(QuorumPeerTestBase.java:176)
	at org.apache.zookeeper.server.quorum.QuorumPeerMainTest$5.<init>(QuorumPeerMainTest.java:1249)
	at org.apache.zookeeper.server.quorum.QuorumPeerMainTest.testLeaderElection(QuorumPeerMainTest.java:1249)
	at org.apache.zookeeper.server.quorum.QuorumPeerMainTest.testLeaderElectionWithDisloyalVoter(QuorumPeerMainTest.java:1201)
	Suppressed: java.lang.NullPointerException
		at org.apache.zookeeper.server.quorum.QuorumPeerTestBase.tearDown(QuorumPeerTestBase.java:69)
		at sun.reflect.NativeMethodAccessorImpl.invoke0(Native Method)
		at sun.reflect.NativeMethodAccessorImpl.invoke(NativeMethodAccessorImpl.java:62)
		at sun.reflect.DelegatingMethodAccessorImpl.invoke(DelegatingMethodAccessorImpl.java:43)
		at java.lang.reflect.Method.invoke(Method.java:483)
		at org.junit.platform.commons.util.ReflectionUtils.invokeMethod(ReflectionUtils.java:686)
		at org.junit.jupiter.engine.execution.MethodInvocation.proceed(MethodInvocation.java:60)
		at org.junit.jupiter.engine.execution.InvocationInterceptorChain$ValidatingInvocation.proceed(InvocationInterceptorChain.java:131)
		at org.junit.jupiter.engine.extension.TimeoutExtension.intercept(TimeoutExtension.java:149)
		at org.junit.jupiter.engine.extension.TimeoutExtension.interceptLifecycleMethod(TimeoutExtension.java:126)
		at org.junit.jupiter.engine.extension.TimeoutExtension.interceptAfterEachMethod(TimeoutExtension.java:108)
		at org.junit.jupiter.engine.descriptor.ClassBasedTestDescriptor$$Lambda$409/1031061344.apply(Unknown Source)
		at org.junit.jupiter.engine.execution.ExecutableInvoker$ReflectiveInterceptorCall.lambda$ofVoidMethod$0(ExecutableInvoker.java:115)
		at org.junit.jupiter.engine.execution.ExecutableInvoker$ReflectiveInterceptorCall$$Lambda$112/1154002927.apply(Unknown Source)
		at org.junit.jupiter.engine.execution.ExecutableInvoker.lambda$invoke$0(ExecutableInvoker.java:105)
		at org.junit.jupiter.engine.execution.ExecutableInvoker$$Lambda$234/380242442.apply(Unknown Source)
		at org.junit.jupiter.engine.execution.InvocationInterceptorChain$InterceptedInvocation.proceed(InvocationInterceptorChain.java:106)
		at org.junit.jupiter.engine.execution.InvocationInterceptorChain.proceed(InvocationInterceptorChain.java:64)
		at org.junit.jupiter.engine.execution.InvocationInterceptorChain.chainAndInvoke(InvocationInterceptorChain.java:45)
		at org.junit.jupiter.engine.execution.InvocationInterceptorChain.invoke(InvocationInterceptorChain.java:37)
		at org.junit.jupiter.engine.execution.ExecutableInvoker.invoke(ExecutableInvoker.java:104)
		at org.junit.jupiter.engine.execution.ExecutableInvoker.invoke(ExecutableInvoker.java:98)
		at org.junit.jupiter.engine.descriptor.ClassBasedTestDescriptor.invokeMethodInExtensionContext(ClassBasedTestDescriptor.java:481)
		at org.junit.jupiter.engine.descriptor.ClassBasedTestDescriptor.lambda$synthesizeAfterEachMethodAdapter$19(ClassBasedTestDescriptor.java:471)
		at org.junit.jupiter.engine.descriptor.ClassBasedTestDescriptor$$Lambda$210/2141179775.invokeAfterEachMethod(Unknown Source)
		at org.junit.jupiter.engine.descriptor.TestMethodTestDescriptor.lambda$invokeAfterEachMethods$9(TestMethodTestDescriptor.java:238)
		at org.junit.jupiter.engine.descriptor.TestMethodTestDescriptor$$Lambda$408/365181913.invoke(Unknown Source)
		at org.junit.jupiter.engine.descriptor.TestMethodTestDescriptor.lambda$invokeAllAfterMethodsOrCallbacks$12(TestMethodTestDescriptor.java:271)
		at org.junit.jupiter.engine.descriptor.TestMethodTestDescriptor$$Lambda$407/1667148529.execute(Unknown Source)
		at org.junit.platform.engine.support.hierarchical.ThrowableCollector.execute(ThrowableCollector.java:73)
		at org.junit.jupiter.engine.descriptor.TestMethodTestDescriptor.lambda$invokeAllAfterMethodsOrCallbacks$13(TestMethodTestDescriptor.java:271)
		at org.junit.jupiter.engine.descriptor.TestMethodTestDescriptor$$Lambda$406/836220863.accept(Unknown Source)
		at java.util.ArrayList.forEach(ArrayList.java:1249)
		at org.junit.jupiter.engine.descriptor.TestMethodTestDescriptor.invokeAllAfterMethodsOrCallbacks(TestMethodTestDescriptor.java:270)
		at org.junit.jupiter.engine.descriptor.TestMethodTestDescriptor.invokeAfterEachMethods(TestMethodTestDescriptor.java:236)
		at org.junit.jupiter.engine.descriptor.TestMethodTestDescriptor.execute(TestMethodTestDescriptor.java:141)
		at org.junit.jupiter.engine.descriptor.TestMethodTestDescriptor.execute(TestMethodTestDescriptor.java:71)
		at org.junit.platform.engine.support.hierarchical.NodeTestTask.lambda$executeRecursively$5(NodeTestTask.java:135)
		at org.junit.platform.engine.support.hierarchical.NodeTestTask$$Lambda$179/366590980.execute(Unknown Source)
		at org.junit.platform.engine.support.hierarchical.ThrowableCollector.execute(ThrowableCollector.java:73)
		at org.junit.platform.engine.support.hierarchical.NodeTestTask.lambda$executeRecursively$7(NodeTestTask.java:125)
		at org.junit.platform.engine.support.hierarchical.NodeTestTask$$Lambda$178/513700442.invoke(Unknown Source)
		at org.junit.platform.engine.support.hierarchical.Node.around(Node.java:135)
		at org.junit.platform.engine.support.hierarchical.NodeTestTask.lambda$executeRecursively$8(NodeTestTask.java:123)
		at org.junit.platform.engine.support.hierarchical.NodeTestTask$$Lambda$177/1669712678.execute(Unknown Source)
		at org.junit.platform.engine.support.hierarchical.ThrowableCollector.execute(ThrowableCollector.java:73)
		at org.junit.platform.engine.support.hierarchical.NodeTestTask.executeRecursively(NodeTestTask.java:122)
		at org.junit.platform.engine.support.hierarchical.NodeTestTask.execute(NodeTestTask.java:80)
		at org.junit.platform.engine.support.hierarchical.SameThreadHierarchicalTestExecutorService$$Lambda$183/433874882.accept(Unknown Source)
		at java.util.ArrayList.forEach(ArrayList.java:1249)
		at org.junit.platform.engine.support.hierarchical.SameThreadHierarchicalTestExecutorService.invokeAll(SameThreadHierarchicalTestExecutorService.java:38)
		at org.junit.platform.engine.support.hierarchical.NodeTestTask.lambda$executeRecursively$5(NodeTestTask.java:139)
		at org.junit.platform.engine.support.hierarchical.NodeTestTask$$Lambda$179/366590980.execute(Unknown Source)
		at org.junit.platform.engine.support.hierarchical.ThrowableCollector.execute(ThrowableCollector.java:73)
		at org.junit.platform.engine.support.hierarchical.NodeTestTask.lambda$executeRecursively$7(NodeTestTask.java:125)
		at org.junit.platform.engine.support.hierarchical.NodeTestTask$$Lambda$178/513700442.invoke(Unknown Source)
		at org.junit.platform.engine.support.hierarchical.Node.around(Node.java:135)
		at org.junit.platform.engine.support.hierarchical.NodeTestTask.lambda$executeRecursively$8(NodeTestTask.java:123)
		at org.junit.platform.engine.support.hierarchical.NodeTestTask$$Lambda$177/1669712678.execute(Unknown Source)
		at org.junit.platform.engine.support.hierarchical.ThrowableCollector.execute(ThrowableCollector.java:73)
		at org.junit.platform.engine.support.hierarchical.NodeTestTask.executeRecursively(NodeTestTask.java:122)
		at org.junit.platform.engine.support.hierarchical.NodeTestTask.execute(NodeTestTask.java:80)
		at org.junit.platform.engine.support.hierarchical.SameThreadHierarchicalTestExecutorService$$Lambda$183/433874882.accept(Unknown Source)
		at java.util.ArrayList.forEach(ArrayList.java:1249)
		at org.junit.platform.engine.support.hierarchical.SameThreadHierarchicalTestExecutorService.invokeAll(SameThreadHierarchicalTestExecutorService.java:38)
		at org.junit.platform.engine.support.hierarchical.NodeTestTask.lambda$executeRecursively$5(NodeTestTask.java:139)
		at org.junit.platform.engine.support.hierarchical.NodeTestTask$$Lambda$179/366590980.execute(Unknown Source)
		at org.junit.platform.engine.support.hierarchical.ThrowableCollector.execute(ThrowableCollector.java:73)
		at org.junit.platform.engine.support.hierarchical.NodeTestTask.lambda$executeRecursively$7(NodeTestTask.java:125)
		at org.junit.platform.engine.support.hierarchical.NodeTestTask$$Lambda$178/513700442.invoke(Unknown Source)
		at org.junit.platform.engine.support.hierarchical.Node.around(Node.java:135)
		at org.junit.platform.engine.support.hierarchical.NodeTestTask.lambda$executeRecursively$8(NodeTestTask.java:123)
		at org.junit.platform.engine.support.hierarchical.NodeTestTask$$Lambda$177/1669712678.execute(Unknown Source)
		at org.junit.platform.engine.support.hierarchical.ThrowableCollector.execute(ThrowableCollector.java:73)
		at org.junit.platform.engine.support.hierarchical.NodeTestTask.executeRecursively(NodeTestTask.java:122)
		at org.junit.platform.engine.support.hierarchical.NodeTestTask.execute(NodeTestTask.java:80)
		at org.junit.platform.engine.support.hierarchical.SameThreadHierarchicalTestExecutorService.submit(SameThreadHierarchicalTestExecutorService.java:32)
		at org.junit.platform.engine.support.hierarchical.HierarchicalTestExecutor.execute(HierarchicalTestExecutor.java:57)
		at org.junit.platform.engine.support.hierarchical.HierarchicalTestEngine.execute(HierarchicalTestEngine.java:51)
		at org.junit.platform.launcher.core.DefaultLauncher.execute(DefaultLauncher.java:248)
		at org.junit.platform.launcher.core.DefaultLauncher.lambda$execute$5(DefaultLauncher.java:211)
		at org.junit.platform.launcher.core.DefaultLauncher$$Lambda$143/1885996206.accept(Unknown Source)
		at org.junit.platform.launcher.core.DefaultLauncher.withInterceptedStreams(DefaultLauncher.java:226)
		at org.junit.platform.launcher.core.DefaultLauncher.execute(DefaultLauncher.java:199)
		at org.junit.platform.launcher.core.DefaultLauncher.execute(DefaultLauncher.java:132)
		at org.apache.maven.surefire.junitplatform.JUnitPlatformProvider.invokeAllTests(JUnitPlatformProvider.java:142)
		at org.apache.maven.surefire.junitplatform.JUnitPlatformProvider.invoke(JUnitPlatformProvider.java:113)
		at org.apache.maven.surefire.booter.ForkedBooter.invokeProviderInSameClassLoader(ForkedBooter.java:384)
		at org.apache.maven.surefire.booter.ForkedBooter.runSuitesInProcess(ForkedBooter.java:345)
		at org.apache.maven.surefire.booter.ForkedBooter.execute(ForkedBooter.java:126)
		at org.apache.maven.surefire.booter.ForkedBooter.main(ForkedBooter.java:418)
]]></error>
    <system-out><![CDATA[2021-11-08 11:11:42,330 [myid:0] - INFO  [Thread-29:DatadirCleanupManager@78] - autopurge.snapRetainCount set to 3
2021-11-08 11:11:42,330 [myid:0] - INFO  [Thread-29:DatadirCleanupManager@79] - autopurge.purgeInterval set to 0
2021-11-08 11:11:42,330 [myid:0] - INFO  [Thread-29:DatadirCleanupManager@101] - Purge task is not scheduled.
2021-11-08 11:11:42,330 [myid:0] - INFO  [Thread-29:ManagedUtil@44] - Log4j 1.2 jmx support found and enabled.
2021-11-08 11:11:42,331 [myid:0] - ERROR [Thread-29:ManagedUtil@109] - Problems while registering log4j 1.2 jmx beans!
javax.management.InstanceAlreadyExistsException: log4j:hierarchy=default
	at com.sun.jmx.mbeanserver.Repository.addMBean(Repository.java:437)
	at com.sun.jmx.interceptor.DefaultMBeanServerInterceptor.registerWithRepository(DefaultMBeanServerInterceptor.java:1898)
	at com.sun.jmx.interceptor.DefaultMBeanServerInterceptor.registerDynamicMBean(DefaultMBeanServerInterceptor.java:966)
	at com.sun.jmx.interceptor.DefaultMBeanServerInterceptor.registerObject(DefaultMBeanServerInterceptor.java:900)
	at com.sun.jmx.interceptor.DefaultMBeanServerInterceptor.registerMBean(DefaultMBeanServerInterceptor.java:324)
	at com.sun.jmx.mbeanserver.JmxMBeanServer.registerMBean(JmxMBeanServer.java:522)
	at org.apache.zookeeper.jmx.ManagedUtil.registerLog4jMBeans(ManagedUtil.java:72)
	at org.apache.zookeeper.server.quorum.QuorumPeerMain.runFromConfig(QuorumPeerMain.java:147)
	at org.apache.zookeeper.server.quorum.QuorumPeerMain.initializeAndRun(QuorumPeerMain.java:137)
	at org.apache.zookeeper.server.quorum.QuorumPeerTestBase$MainThread.run(QuorumPeerTestBase.java:329)
	at java.lang.Thread.run(Thread.java:745)
2021-11-08 11:11:42,331 [myid:0] - WARN  [Thread-29:QuorumPeerMain@149] - Unable to register log4j JMX control
javax.management.JMException: javax.management.InstanceAlreadyExistsException: log4j:hierarchy=default
	at org.apache.zookeeper.jmx.ManagedUtil.registerLog4jMBeans(ManagedUtil.java:110)
	at org.apache.zookeeper.server.quorum.QuorumPeerMain.runFromConfig(QuorumPeerMain.java:147)
	at org.apache.zookeeper.server.quorum.QuorumPeerMain.initializeAndRun(QuorumPeerMain.java:137)
	at org.apache.zookeeper.server.quorum.QuorumPeerTestBase$MainThread.run(QuorumPeerTestBase.java:329)
	at java.lang.Thread.run(Thread.java:745)
2021-11-08 11:11:42,331 [myid:0] - INFO  [Thread-29:QuorumPeerMain@152] - Starting quorum peer, myid=0
2021-11-08 11:11:42,331 [myid:] - INFO  [main:ZKTestCase@77] - STARTING Optional[public void org.apache.zookeeper.server.quorum.QuorumPeerMainTest.testLeaderElectionWithDisloyalVoter() throws java.io.IOException]
2021-11-08 11:11:42,331 [myid:0] - INFO  [Thread-29:ServerMetrics@62] - ServerMetrics initialized with provider org.apache.zookeeper.metrics.impl.DefaultMetricsProvider@5152bc58
2021-11-08 11:11:42,331 [myid:] - INFO  [main:Leader@1351] - Set zookeeper.leader.maxTimeToWaitForEpoch to 1000ms
2021-11-08 11:11:42,331 [myid:0] - INFO  [Thread-29:DigestAuthenticationProvider@61] - zookeeper.DigestAuthenticationProvider.enabled = true
2021-11-08 11:11:42,331 [myid:0] - INFO  [Thread-29:ServerCnxnFactory@169] - Using org.apache.zookeeper.server.NIOServerCnxnFactory as server connection factory
2021-11-08 11:11:42,331 [myid:0] - WARN  [Thread-29:ServerCnxnFactory@309] - maxCnxns is not configured, using default value 0.
2021-11-08 11:11:42,332 [myid:] - INFO  [main:PortAssignment@87] - Assigned port 16712 from range 16607 - 19299.
2021-11-08 11:11:42,332 [myid:0] - INFO  [Thread-29:NIOServerCnxnFactory@652] - Configuring NIO connection handler with 10s sessionless connection timeout, 1 selector thread(s), 12 worker threads, and 64 kB direct buffers.
2021-11-08 11:11:42,332 [myid:] - INFO  [main:PortAssignment@87] - Assigned port 16713 from range 16607 - 19299.
2021-11-08 11:11:42,332 [myid:] - INFO  [main:PortAssignment@87] - Assigned port 16714 from range 16607 - 19299.
2021-11-08 11:11:42,332 [myid:] - INFO  [main:PortAssignment@87] - Assigned port 16715 from range 16607 - 19299.
2021-11-08 11:11:42,332 [myid:0] - INFO  [Thread-29:NIOServerCnxnFactory@660] - binding to port /127.0.0.1:16703
2021-11-08 11:11:42,332 [myid:] - INFO  [main:PortAssignment@87] - Assigned port 16716 from range 16607 - 19299.
2021-11-08 11:11:42,333 [myid:] - INFO  [main:PortAssignment@87] - Assigned port 16717 from range 16607 - 19299.
2021-11-08 11:11:42,333 [myid:] - INFO  [main:PortAssignment@87] - Assigned port 16718 from range 16607 - 19299.
2021-11-08 11:11:42,333 [myid:0] - INFO  [Thread-29:FileTxnSnapLog@124] - zookeeper.snapshot.trust.empty : false
2021-11-08 11:11:42,333 [myid:] - INFO  [main:PortAssignment@87] - Assigned port 16719 from range 16607 - 19299.
2021-11-08 11:11:42,333 [myid:] - INFO  [main:PortAssignment@87] - Assigned port 16720 from range 16607 - 19299.
2021-11-08 11:11:42,333 [myid:] - INFO  [main:PortAssignment@87] - Assigned port 16721 from range 16607 - 19299.
2021-11-08 11:11:42,334 [myid:0] - INFO  [Thread-29:QuorumPeer@1742] - Local sessions disabled
2021-11-08 11:11:42,334 [myid:0] - INFO  [Thread-29:QuorumPeer@1753] - Local session upgrading disabled
2021-11-08 11:11:42,334 [myid:] - INFO  [main:PortAssignment@87] - Assigned port 16722 from range 16607 - 19299.
2021-11-08 11:11:42,334 [myid:0] - INFO  [Thread-29:QuorumPeer@1720] - tickTime set to 4000
2021-11-08 11:11:42,334 [myid:0] - INFO  [Thread-29:QuorumPeer@1764] - minSessionTimeout set to 8000
2021-11-08 11:11:42,334 [myid:0] - INFO  [Thread-29:QuorumPeer@1775] - maxSessionTimeout set to 80000
2021-11-08 11:11:42,334 [myid:0] - INFO  [Thread-29:QuorumPeer@1800] - initLimit set to 10
2021-11-08 11:11:42,334 [myid:0] - INFO  [Thread-29:QuorumPeer@1987] - syncLimit set to 5
2021-11-08 11:11:42,334 [myid:0] - INFO  [Thread-29:QuorumPeer@2002] - connectToLearnerMasterLimit set to 5
2021-11-08 11:11:42,334 [myid:] - INFO  [main:PortAssignment@87] - Assigned port 16723 from range 16607 - 19299.
2021-11-08 11:11:42,334 [myid:0] - INFO  [Thread-29:WatchManagerFactory@42] - Using org.apache.zookeeper.server.watch.WatchManager as watch manager
2021-11-08 11:11:42,334 [myid:0] - INFO  [Thread-29:WatchManagerFactory@42] - Using org.apache.zookeeper.server.watch.WatchManager as watch manager
2021-11-08 11:11:42,334 [myid:0] - INFO  [Thread-29:ZKDatabase@133] - zookeeper.snapshotSizeFactor = 0.33
2021-11-08 11:11:42,334 [myid:] - INFO  [main:PortAssignment@87] - Assigned port 16724 from range 16607 - 19299.
2021-11-08 11:11:42,334 [myid:0] - INFO  [Thread-29:ZKDatabase@153] - zookeeper.commitLogCount=500
2021-11-08 11:11:42,334 [myid:] - INFO  [main:PortAssignment@87] - Assigned port 16725 from range 16607 - 19299.
2021-11-08 11:11:42,334 [myid:0] - INFO  [Thread-29:QuorumPeer@2066] - Using insecure (non-TLS) quorum communication
2021-11-08 11:11:42,335 [myid:0] - INFO  [Thread-29:QuorumPeer@2072] - Port unification disabled
2021-11-08 11:11:42,335 [myid:0] - INFO  [Thread-29:QuorumPeer@179] - multiAddress.enabled set to false
2021-11-08 11:11:42,335 [myid:] - INFO  [main:PortAssignment@87] - Assigned port 16726 from range 16607 - 19299.
2021-11-08 11:11:42,335 [myid:0] - INFO  [Thread-29:QuorumPeer@204] - multiAddress.reachabilityCheckEnabled set to true
2021-11-08 11:11:42,335 [myid:0] - INFO  [Thread-29:QuorumPeer@191] - multiAddress.reachabilityCheckTimeoutMs set to 1000
2021-11-08 11:11:42,335 [myid:0] - INFO  [Thread-29:QuorumPeer@2527] - QuorumPeer communication is not secured! (SASL auth disabled)
2021-11-08 11:11:42,335 [myid:0] - INFO  [Thread-29:QuorumPeer@2552] - quorum.cnxn.threads.size set to 20
2021-11-08 11:11:42,335 [myid:0] - INFO  [Thread-29:FileTxnSnapLog@479] - Snapshotting: 0x0 to D:\mysoft\faiscoGit\myStudy\ZooKeeperLearning\apache-zookeeper-3.7.0\zookeeper-server\target\surefire\test6277455155707410179.junit.dir\data\version-2\snapshot.0
2021-11-08 11:11:42,336 [myid:] - INFO  [main:QuorumPeerTestBase$MainThread@205] - id = 0 tmpDir = D:\mysoft\faiscoGit\myStudy\ZooKeeperLearning\apache-zookeeper-3.7.0\zookeeper-server\target\surefire\test1310327738734689931.junit.dir clientPort = 16712 adminServerPort = 8080
2021-11-08 11:11:42,336 [myid:0] - INFO  [Thread-29:ZKDatabase@290] - Snapshot loaded in 0 ms, highest zxid is 0x0, digest is 1371985504
2021-11-08 11:11:42,336 [myid:0] - INFO  [Thread-29:QuorumPeer@1157] - currentEpoch not found! Creating with a reasonable default of 0. This should only happen when you are upgrading your installation
2021-11-08 11:11:42,337 [myid:] - INFO  [main:ZKTestCase@82] - FINISHED Optional[public void org.apache.zookeeper.server.quorum.QuorumPeerMainTest.testLeaderElectionWithDisloyalVoter() throws java.io.IOException]
]]></system-out>
  </testcase>
  <testcase name="testWithOnlyMinSessionTimeout" classname="org.apache.zookeeper.server.quorum.QuorumPeerMainTest" time="0.005">
    <error message="org/apache/zookeeper/common/PathUtils" type="java.lang.NoClassDefFoundError"><![CDATA[java.lang.NoClassDefFoundError: org/apache/zookeeper/common/PathUtils
	at org.apache.zookeeper.server.quorum.QuorumPeerTestBase$MainThread.<init>(QuorumPeerTestBase.java:224)
	at org.apache.zookeeper.server.quorum.QuorumPeerTestBase$MainThread.<init>(QuorumPeerTestBase.java:200)
	at org.apache.zookeeper.server.quorum.QuorumPeerTestBase$MainThread.<init>(QuorumPeerTestBase.java:196)
	at org.apache.zookeeper.server.quorum.QuorumPeerTestBase$MainThread.<init>(QuorumPeerTestBase.java:188)
	at org.apache.zookeeper.server.quorum.QuorumPeerMainTest.testWithOnlyMinSessionTimeout(QuorumPeerMainTest.java:722)
]]></error>
    <system-out><![CDATA[2021-11-08 11:11:42,339 [myid:] - INFO  [main:ZKTestCase@77] - STARTING Optional[public void org.apache.zookeeper.server.quorum.QuorumPeerMainTest.testWithOnlyMinSessionTimeout() throws java.lang.Exception]
2021-11-08 11:11:42,339 [myid:0] - INFO  [Thread-29:QuorumPeer@1177] - acceptedEpoch not found! Creating with a reasonable default of 0. This should only happen when you are upgrading your installation
2021-11-08 11:11:42,340 [myid:] - INFO  [main:PortAssignment@87] - Assigned port 16727 from range 16607 - 19299.
2021-11-08 11:11:42,340 [myid:] - INFO  [main:PortAssignment@87] - Assigned port 16728 from range 16607 - 19299.
2021-11-08 11:11:42,340 [myid:] - INFO  [main:PortAssignment@87] - Assigned port 16729 from range 16607 - 19299.
2021-11-08 11:11:42,340 [myid:] - INFO  [main:PortAssignment@87] - Assigned port 16730 from range 16607 - 19299.
2021-11-08 11:11:42,340 [myid:] - INFO  [main:PortAssignment@87] - Assigned port 16731 from range 16607 - 19299.
2021-11-08 11:11:42,341 [myid:] - INFO  [main:PortAssignment@87] - Assigned port 16732 from range 16607 - 19299.
2021-11-08 11:11:42,341 [myid:] - INFO  [main:QuorumPeerTestBase$MainThread@205] - id = 1 tmpDir = D:\mysoft\faiscoGit\myStudy\ZooKeeperLearning\apache-zookeeper-3.7.0\zookeeper-server\target\surefire\test2356736500899038347.junit.dir clientPort = 16727 adminServerPort = 8080
2021-11-08 11:11:42,342 [myid:0] - INFO  [Thread-29:QuorumPeer@2569] - Using 20000ms as the quorum cnxn socket timeout
2021-11-08 11:11:42,342 [myid:0] - INFO  [Thread-29:QuorumCnxManager$Listener@924] - Election port bind maximum retries is 3
2021-11-08 11:11:42,343 [myid:0] - WARN  [QuorumPeer[myid=0](plain=127.0.0.1:16703)(secure=disabled):MBeanRegistry@110] - Failed to register MBean ReplicatedServer_id0
2021-11-08 11:11:42,343 [myid:0] - WARN  [QuorumPeer[myid=0](plain=127.0.0.1:16703)(secure=disabled):QuorumPeer@1415] - Failed to register with JMX
javax.management.InstanceAlreadyExistsException: org.apache.ZooKeeperService:name0=ReplicatedServer_id0
	at com.sun.jmx.mbeanserver.Repository.addMBean(Repository.java:437)
	at com.sun.jmx.interceptor.DefaultMBeanServerInterceptor.registerWithRepository(DefaultMBeanServerInterceptor.java:1898)
	at com.sun.jmx.interceptor.DefaultMBeanServerInterceptor.registerDynamicMBean(DefaultMBeanServerInterceptor.java:966)
	at com.sun.jmx.interceptor.DefaultMBeanServerInterceptor.registerObject(DefaultMBeanServerInterceptor.java:900)
	at com.sun.jmx.interceptor.DefaultMBeanServerInterceptor.registerMBean(DefaultMBeanServerInterceptor.java:324)
	at com.sun.jmx.mbeanserver.JmxMBeanServer.registerMBean(JmxMBeanServer.java:522)
	at org.apache.zookeeper.jmx.MBeanRegistry.register(MBeanRegistry.java:106)
	at org.apache.zookeeper.server.quorum.QuorumPeer.run(QuorumPeer.java:1393)
2021-11-08 11:11:42,343 [myid:0] - INFO  [QuorumPeer[myid=0](plain=127.0.0.1:16703)(secure=disabled):QuorumPeer@1430] - LOOKING
2021-11-08 11:11:42,343 [myid:0] - INFO  [ListenerHandler-/127.0.0.1:16705:QuorumCnxManager$Listener$ListenerHandler@1066] - 0 is accepting connections now, my election bind port: /127.0.0.1:16705
2021-11-08 11:11:42,343 [myid:] - INFO  [main:QuorumPeerTestBase@64] - No servers to shutdown!
2021-11-08 11:11:42,343 [myid:0] - WARN  [QuorumPeer[myid=0](plain=127.0.0.1:16703)(secure=disabled):MBeanRegistry@110] - Failed to register MBean LeaderElection
2021-11-08 11:11:42,343 [myid:0] - WARN  [QuorumPeer[myid=0](plain=127.0.0.1:16703)(secure=disabled):FastLeaderElection@916] - Failed to register with JMX
javax.management.InstanceAlreadyExistsException: org.apache.ZooKeeperService:name0=LeaderElection
	at com.sun.jmx.mbeanserver.Repository.addMBean(Repository.java:437)
	at com.sun.jmx.interceptor.DefaultMBeanServerInterceptor.registerWithRepository(DefaultMBeanServerInterceptor.java:1898)
	at com.sun.jmx.interceptor.DefaultMBeanServerInterceptor.registerDynamicMBean(DefaultMBeanServerInterceptor.java:966)
	at com.sun.jmx.interceptor.DefaultMBeanServerInterceptor.registerObject(DefaultMBeanServerInterceptor.java:900)
	at com.sun.jmx.interceptor.DefaultMBeanServerInterceptor.registerMBean(DefaultMBeanServerInterceptor.java:324)
	at com.sun.jmx.mbeanserver.JmxMBeanServer.registerMBean(JmxMBeanServer.java:522)
	at org.apache.zookeeper.jmx.MBeanRegistry.register(MBeanRegistry.java:106)
	at org.apache.zookeeper.server.quorum.FastLeaderElection.lookForLeader(FastLeaderElection.java:914)
	at org.apache.zookeeper.server.quorum.QuorumPeer.run(QuorumPeer.java:1484)
2021-11-08 11:11:42,343 [myid:0] - INFO  [QuorumPeer[myid=0](plain=127.0.0.1:16703)(secure=disabled):FastLeaderElection@947] - New election. My id = 0, proposed zxid=0x0
2021-11-08 11:11:42,344 [myid:] - INFO  [main:ZKTestCase@82] - FINISHED Optional[public void org.apache.zookeeper.server.quorum.QuorumPeerMainTest.testWithOnlyMinSessionTimeout() throws java.lang.Exception]
2021-11-08 11:11:42,344 [myid:0] - INFO  [WorkerReceiver[myid=0]:FastLeaderElection$Messenger$WorkerReceiver@390] - Notification: my state:LOOKING; n.sid:0, n.state:LOOKING, n.leader:0, n.round:0x1, n.peerEpoch:0x0, n.zxid:0x0, message format version:0x2, n.config version:0x0
]]></system-out>
  </testcase>
  <testcase name="testFaultyMetricsProviderOnStop" classname="org.apache.zookeeper.server.quorum.QuorumPeerMainTest" time="4.619"/>
  <testcase name="testInconsistentDueToNewLeaderOrder" classname="org.apache.zookeeper.server.quorum.QuorumPeerMainTest" time="0.005">
    <error message="org/apache/zookeeper/common/PathUtils" type="java.lang.NoClassDefFoundError"><![CDATA[java.lang.NoClassDefFoundError: org/apache/zookeeper/common/PathUtils
	at org.apache.zookeeper.server.quorum.QuorumPeerTestBase$MainThread.<init>(QuorumPeerTestBase.java:224)
	at org.apache.zookeeper.server.quorum.QuorumPeerTestBase$MainThread.<init>(QuorumPeerTestBase.java:200)
	at org.apache.zookeeper.server.quorum.QuorumPeerTestBase$MainThread.<init>(QuorumPeerTestBase.java:196)
	at org.apache.zookeeper.server.quorum.QuorumPeerTestBase$MainThread.<init>(QuorumPeerTestBase.java:176)
	at org.apache.zookeeper.server.quorum.QuorumPeerMainTest$1.<init>(QuorumPeerMainTest.java:1063)
	at org.apache.zookeeper.server.quorum.QuorumPeerMainTest.testInconsistentDueToNewLeaderOrder(QuorumPeerMainTest.java:1063)
]]></error>
    <system-out><![CDATA[2021-11-08 11:11:46,963 [myid:] - INFO  [main:ZKTestCase@77] - STARTING Optional[public void org.apache.zookeeper.server.quorum.QuorumPeerMainTest.testInconsistentDueToNewLeaderOrder() throws java.lang.Exception]
2021-11-08 11:11:46,964 [myid:] - INFO  [main:PortAssignment@87] - Assigned port 16739 from range 16607 - 19299.
2021-11-08 11:11:46,964 [myid:] - INFO  [main:PortAssignment@87] - Assigned port 16740 from range 16607 - 19299.
2021-11-08 11:11:46,964 [myid:] - INFO  [main:PortAssignment@87] - Assigned port 16741 from range 16607 - 19299.
2021-11-08 11:11:46,964 [myid:] - INFO  [main:PortAssignment@87] - Assigned port 16742 from range 16607 - 19299.
2021-11-08 11:11:46,965 [myid:] - INFO  [main:PortAssignment@87] - Assigned port 16743 from range 16607 - 19299.
2021-11-08 11:11:46,965 [myid:] - INFO  [main:PortAssignment@87] - Assigned port 16744 from range 16607 - 19299.
2021-11-08 11:11:46,965 [myid:] - INFO  [main:PortAssignment@87] - Assigned port 16745 from range 16607 - 19299.
2021-11-08 11:11:46,965 [myid:] - INFO  [main:PortAssignment@87] - Assigned port 16746 from range 16607 - 19299.
2021-11-08 11:11:46,965 [myid:] - INFO  [main:PortAssignment@87] - Assigned port 16747 from range 16607 - 19299.
2021-11-08 11:11:46,967 [myid:] - INFO  [main:QuorumPeerTestBase$MainThread@205] - id = 0 tmpDir = D:\mysoft\faiscoGit\myStudy\ZooKeeperLearning\apache-zookeeper-3.7.0\zookeeper-server\target\surefire\test5527842770410229606.junit.dir clientPort = 16739 adminServerPort = 8080
2021-11-08 11:11:46,968 [myid:] - INFO  [main:QuorumPeerTestBase@64] - No servers to shutdown!
2021-11-08 11:11:46,968 [myid:] - INFO  [main:ZKTestCase@82] - FINISHED Optional[public void org.apache.zookeeper.server.quorum.QuorumPeerMainTest.testInconsistentDueToNewLeaderOrder() throws java.lang.Exception]
]]></system-out>
  </testcase>
  <testcase name="testBadPackets" classname="org.apache.zookeeper.server.quorum.QuorumPeerMainTest" time="1.042">
    <error message="org/apache/zookeeper/client/StaticHostProvider" type="java.lang.NoClassDefFoundError"><![CDATA[java.lang.NoClassDefFoundError: org/apache/zookeeper/client/StaticHostProvider
	at org.apache.zookeeper.ZooKeeper.createDefaultHostProvider(ZooKeeper.java:1135)
	at org.apache.zookeeper.ZooKeeper.<init>(ZooKeeper.java:734)
	at org.apache.zookeeper.ZooKeeper.<init>(ZooKeeper.java:448)
	at org.apache.zookeeper.server.quorum.QuorumPeerMainTest.testBadPackets(QuorumPeerMainTest.java:583)
]]></error>
    <system-out><![CDATA[2021-11-08 11:11:46,969 [myid:] - INFO  [main:ZKTestCase@77] - STARTING Optional[public void org.apache.zookeeper.server.quorum.QuorumPeerMainTest.testBadPackets() throws java.lang.Exception]
2021-11-08 11:11:46,969 [myid:] - INFO  [main:PortAssignment@87] - Assigned port 16748 from range 16607 - 19299.
2021-11-08 11:11:46,970 [myid:] - INFO  [main:PortAssignment@87] - Assigned port 16749 from range 16607 - 19299.
2021-11-08 11:11:46,970 [myid:] - INFO  [main:PortAssignment@87] - Assigned port 16750 from range 16607 - 19299.
2021-11-08 11:11:46,970 [myid:] - INFO  [main:PortAssignment@87] - Assigned port 16751 from range 16607 - 19299.
2021-11-08 11:11:46,970 [myid:] - INFO  [main:PortAssignment@87] - Assigned port 16752 from range 16607 - 19299.
2021-11-08 11:11:46,970 [myid:] - INFO  [main:PortAssignment@87] - Assigned port 16753 from range 16607 - 19299.
2021-11-08 11:11:46,971 [myid:] - INFO  [main:QuorumPeerTestBase$MainThread@122] - id = 1 tmpDir = D:\mysoft\faiscoGit\myStudy\ZooKeeperLearning\apache-zookeeper-3.7.0\zookeeper-server\target\surefire\test8750974834354593871.junit.dir clientPort = 16748
2021-11-08 11:11:46,973 [myid:] - INFO  [main:QuorumPeerTestBase$MainThread@122] - id = 2 tmpDir = D:\mysoft\faiscoGit\myStudy\ZooKeeperLearning\apache-zookeeper-3.7.0\zookeeper-server\target\surefire\test8659130493881277966.junit.dir clientPort = 16749
2021-11-08 11:11:46,975 [myid:] - INFO  [main:FourLetterWordMain@94] - connecting to 127.0.0.1 16748
2021-11-08 11:11:46,975 [myid:] - INFO  [Thread-34:QuorumPeerConfig@174] - Reading configuration from: D:\mysoft\faiscoGit\myStudy\ZooKeeperLearning\apache-zookeeper-3.7.0\zookeeper-server\target\surefire\test8750974834354593871.junit.dir\zoo.cfg
2021-11-08 11:11:46,975 [myid:] - INFO  [Thread-35:QuorumPeerConfig@174] - Reading configuration from: D:\mysoft\faiscoGit\myStudy\ZooKeeperLearning\apache-zookeeper-3.7.0\zookeeper-server\target\surefire\test8659130493881277966.junit.dir\zoo.cfg
2021-11-08 11:11:46,975 [myid:] - INFO  [Thread-35:QuorumPeerConfig@444] - clientPortAddress is 0.0.0.0:16749
2021-11-08 11:11:46,976 [myid:] - INFO  [Thread-35:QuorumPeerConfig@448] - secureClientPort is not set
2021-11-08 11:11:46,976 [myid:] - INFO  [Thread-35:QuorumPeerConfig@464] - observerMasterPort is not set
2021-11-08 11:11:46,976 [myid:] - INFO  [Thread-35:QuorumPeerConfig@481] - metricsProvider.className is org.apache.zookeeper.metrics.impl.DefaultMetricsProvider
2021-11-08 11:11:46,975 [myid:] - INFO  [Thread-34:QuorumPeerConfig@444] - clientPortAddress is 0.0.0.0:16748
2021-11-08 11:11:46,976 [myid:] - INFO  [Thread-34:QuorumPeerConfig@448] - secureClientPort is not set
2021-11-08 11:11:46,976 [myid:] - INFO  [Thread-34:QuorumPeerConfig@464] - observerMasterPort is not set
2021-11-08 11:11:46,976 [myid:] - INFO  [Thread-34:QuorumPeerConfig@481] - metricsProvider.className is org.apache.zookeeper.metrics.impl.DefaultMetricsProvider
2021-11-08 11:11:46,976 [myid:] - WARN  [Thread-35:QuorumPeerConfig@713] - No server failure will be tolerated. You need at least 3 servers.
2021-11-08 11:11:46,976 [myid:] - WARN  [Thread-34:QuorumPeerConfig@713] - No server failure will be tolerated. You need at least 3 servers.
2021-11-08 11:11:46,976 [myid:2] - INFO  [Thread-35:DatadirCleanupManager@78] - autopurge.snapRetainCount set to 3
2021-11-08 11:11:46,976 [myid:2] - INFO  [Thread-35:DatadirCleanupManager@79] - autopurge.purgeInterval set to 0
2021-11-08 11:11:46,976 [myid:2] - INFO  [Thread-35:DatadirCleanupManager@101] - Purge task is not scheduled.
2021-11-08 11:11:46,976 [myid:1] - INFO  [Thread-34:DatadirCleanupManager@78] - autopurge.snapRetainCount set to 3
2021-11-08 11:11:46,976 [myid:1] - INFO  [Thread-34:DatadirCleanupManager@79] - autopurge.purgeInterval set to 0
2021-11-08 11:11:46,976 [myid:1] - INFO  [Thread-34:DatadirCleanupManager@101] - Purge task is not scheduled.
2021-11-08 11:11:46,976 [myid:1] - INFO  [Thread-34:ManagedUtil@44] - Log4j 1.2 jmx support found and enabled.
2021-11-08 11:11:46,976 [myid:2] - INFO  [Thread-35:ManagedUtil@44] - Log4j 1.2 jmx support found and enabled.
2021-11-08 11:11:46,976 [myid:1] - ERROR [Thread-34:ManagedUtil@109] - Problems while registering log4j 1.2 jmx beans!
javax.management.InstanceAlreadyExistsException: log4j:hierarchy=default
	at com.sun.jmx.mbeanserver.Repository.addMBean(Repository.java:437)
	at com.sun.jmx.interceptor.DefaultMBeanServerInterceptor.registerWithRepository(DefaultMBeanServerInterceptor.java:1898)
	at com.sun.jmx.interceptor.DefaultMBeanServerInterceptor.registerDynamicMBean(DefaultMBeanServerInterceptor.java:966)
	at com.sun.jmx.interceptor.DefaultMBeanServerInterceptor.registerObject(DefaultMBeanServerInterceptor.java:900)
	at com.sun.jmx.interceptor.DefaultMBeanServerInterceptor.registerMBean(DefaultMBeanServerInterceptor.java:324)
	at com.sun.jmx.mbeanserver.JmxMBeanServer.registerMBean(JmxMBeanServer.java:522)
	at org.apache.zookeeper.jmx.ManagedUtil.registerLog4jMBeans(ManagedUtil.java:72)
	at org.apache.zookeeper.server.quorum.QuorumPeerMain.runFromConfig(QuorumPeerMain.java:147)
	at org.apache.zookeeper.server.quorum.QuorumPeerMain.initializeAndRun(QuorumPeerMain.java:137)
	at org.apache.zookeeper.server.quorum.QuorumPeerTestBase$MainThread.run(QuorumPeerTestBase.java:329)
	at java.lang.Thread.run(Thread.java:745)
2021-11-08 11:11:46,976 [myid:2] - ERROR [Thread-35:ManagedUtil@109] - Problems while registering log4j 1.2 jmx beans!
javax.management.InstanceAlreadyExistsException: log4j:hierarchy=default
	at com.sun.jmx.mbeanserver.Repository.addMBean(Repository.java:437)
	at com.sun.jmx.interceptor.DefaultMBeanServerInterceptor.registerWithRepository(DefaultMBeanServerInterceptor.java:1898)
	at com.sun.jmx.interceptor.DefaultMBeanServerInterceptor.registerDynamicMBean(DefaultMBeanServerInterceptor.java:966)
	at com.sun.jmx.interceptor.DefaultMBeanServerInterceptor.registerObject(DefaultMBeanServerInterceptor.java:900)
	at com.sun.jmx.interceptor.DefaultMBeanServerInterceptor.registerMBean(DefaultMBeanServerInterceptor.java:324)
	at com.sun.jmx.mbeanserver.JmxMBeanServer.registerMBean(JmxMBeanServer.java:522)
	at org.apache.zookeeper.jmx.ManagedUtil.registerLog4jMBeans(ManagedUtil.java:72)
	at org.apache.zookeeper.server.quorum.QuorumPeerMain.runFromConfig(QuorumPeerMain.java:147)
	at org.apache.zookeeper.server.quorum.QuorumPeerMain.initializeAndRun(QuorumPeerMain.java:137)
	at org.apache.zookeeper.server.quorum.QuorumPeerTestBase$MainThread.run(QuorumPeerTestBase.java:329)
	at java.lang.Thread.run(Thread.java:745)
2021-11-08 11:11:46,976 [myid:2] - WARN  [Thread-35:QuorumPeerMain@149] - Unable to register log4j JMX control
javax.management.JMException: javax.management.InstanceAlreadyExistsException: log4j:hierarchy=default
	at org.apache.zookeeper.jmx.ManagedUtil.registerLog4jMBeans(ManagedUtil.java:110)
	at org.apache.zookeeper.server.quorum.QuorumPeerMain.runFromConfig(QuorumPeerMain.java:147)
	at org.apache.zookeeper.server.quorum.QuorumPeerMain.initializeAndRun(QuorumPeerMain.java:137)
	at org.apache.zookeeper.server.quorum.QuorumPeerTestBase$MainThread.run(QuorumPeerTestBase.java:329)
	at java.lang.Thread.run(Thread.java:745)
2021-11-08 11:11:46,977 [myid:2] - INFO  [Thread-35:QuorumPeerMain@152] - Starting quorum peer, myid=2
2021-11-08 11:11:46,976 [myid:1] - WARN  [Thread-34:QuorumPeerMain@149] - Unable to register log4j JMX control
javax.management.JMException: javax.management.InstanceAlreadyExistsException: log4j:hierarchy=default
	at org.apache.zookeeper.jmx.ManagedUtil.registerLog4jMBeans(ManagedUtil.java:110)
	at org.apache.zookeeper.server.quorum.QuorumPeerMain.runFromConfig(QuorumPeerMain.java:147)
	at org.apache.zookeeper.server.quorum.QuorumPeerMain.initializeAndRun(QuorumPeerMain.java:137)
	at org.apache.zookeeper.server.quorum.QuorumPeerTestBase$MainThread.run(QuorumPeerTestBase.java:329)
	at java.lang.Thread.run(Thread.java:745)
2021-11-08 11:11:46,977 [myid:1] - INFO  [Thread-34:QuorumPeerMain@152] - Starting quorum peer, myid=1
2021-11-08 11:11:46,977 [myid:2] - INFO  [Thread-35:ServerMetrics@62] - ServerMetrics initialized with provider org.apache.zookeeper.metrics.impl.DefaultMetricsProvider@6119c2c4
2021-11-08 11:11:46,977 [myid:1] - INFO  [Thread-34:ServerMetrics@62] - ServerMetrics initialized with provider org.apache.zookeeper.metrics.impl.DefaultMetricsProvider@4cdc06bc
2021-11-08 11:11:46,977 [myid:2] - INFO  [Thread-35:DigestAuthenticationProvider@61] - zookeeper.DigestAuthenticationProvider.enabled = true
2021-11-08 11:11:46,977 [myid:1] - INFO  [Thread-34:DigestAuthenticationProvider@61] - zookeeper.DigestAuthenticationProvider.enabled = true
2021-11-08 11:11:46,977 [myid:1] - INFO  [Thread-34:ServerCnxnFactory@169] - Using org.apache.zookeeper.server.NIOServerCnxnFactory as server connection factory
2021-11-08 11:11:46,977 [myid:2] - INFO  [Thread-35:ServerCnxnFactory@169] - Using org.apache.zookeeper.server.NIOServerCnxnFactory as server connection factory
2021-11-08 11:11:46,977 [myid:1] - WARN  [Thread-34:ServerCnxnFactory@309] - maxCnxns is not configured, using default value 0.
2021-11-08 11:11:46,977 [myid:2] - WARN  [Thread-35:ServerCnxnFactory@309] - maxCnxns is not configured, using default value 0.
2021-11-08 11:11:46,977 [myid:1] - INFO  [Thread-34:NIOServerCnxnFactory@652] - Configuring NIO connection handler with 10s sessionless connection timeout, 1 selector thread(s), 12 worker threads, and 64 kB direct buffers.
2021-11-08 11:11:46,977 [myid:2] - INFO  [Thread-35:NIOServerCnxnFactory@652] - Configuring NIO connection handler with 10s sessionless connection timeout, 1 selector thread(s), 12 worker threads, and 64 kB direct buffers.
2021-11-08 11:11:46,978 [myid:1] - INFO  [Thread-34:NIOServerCnxnFactory@660] - binding to port /0.0.0.0:16748
2021-11-08 11:11:46,978 [myid:2] - INFO  [Thread-35:NIOServerCnxnFactory@660] - binding to port /0.0.0.0:16749
2021-11-08 11:11:46,978 [myid:1] - INFO  [Thread-34:FileTxnSnapLog@124] - zookeeper.snapshot.trust.empty : false
2021-11-08 11:11:46,978 [myid:2] - INFO  [Thread-35:FileTxnSnapLog@124] - zookeeper.snapshot.trust.empty : false
2021-11-08 11:11:46,979 [myid:2] - INFO  [Thread-35:QuorumPeer@1742] - Local sessions disabled
2021-11-08 11:11:46,979 [myid:2] - INFO  [Thread-35:QuorumPeer@1753] - Local session upgrading disabled
2021-11-08 11:11:46,979 [myid:2] - INFO  [Thread-35:QuorumPeer@1720] - tickTime set to 4000
2021-11-08 11:11:46,979 [myid:2] - INFO  [Thread-35:QuorumPeer@1764] - minSessionTimeout set to 8000
2021-11-08 11:11:46,979 [myid:2] - INFO  [Thread-35:QuorumPeer@1775] - maxSessionTimeout set to 80000
2021-11-08 11:11:46,979 [myid:2] - INFO  [Thread-35:QuorumPeer@1800] - initLimit set to 10
2021-11-08 11:11:46,979 [myid:1] - INFO  [Thread-34:QuorumPeer@1742] - Local sessions disabled
2021-11-08 11:11:46,979 [myid:1] - INFO  [Thread-34:QuorumPeer@1753] - Local session upgrading disabled
2021-11-08 11:11:46,979 [myid:1] - INFO  [Thread-34:QuorumPeer@1720] - tickTime set to 4000
2021-11-08 11:11:46,979 [myid:1] - INFO  [Thread-34:QuorumPeer@1764] - minSessionTimeout set to 8000
2021-11-08 11:11:46,979 [myid:1] - INFO  [Thread-34:QuorumPeer@1775] - maxSessionTimeout set to 80000
2021-11-08 11:11:46,979 [myid:1] - INFO  [Thread-34:QuorumPeer@1800] - initLimit set to 10
2021-11-08 11:11:46,979 [myid:1] - INFO  [Thread-34:QuorumPeer@1987] - syncLimit set to 5
2021-11-08 11:11:46,979 [myid:1] - INFO  [Thread-34:QuorumPeer@2002] - connectToLearnerMasterLimit set to 5
2021-11-08 11:11:46,979 [myid:2] - INFO  [Thread-35:QuorumPeer@1987] - syncLimit set to 5
2021-11-08 11:11:46,979 [myid:2] - INFO  [Thread-35:QuorumPeer@2002] - connectToLearnerMasterLimit set to 5
2021-11-08 11:11:46,979 [myid:1] - INFO  [Thread-34:WatchManagerFactory@42] - Using org.apache.zookeeper.server.watch.WatchManager as watch manager
2021-11-08 11:11:46,979 [myid:2] - INFO  [Thread-35:WatchManagerFactory@42] - Using org.apache.zookeeper.server.watch.WatchManager as watch manager
2021-11-08 11:11:46,979 [myid:1] - INFO  [Thread-34:WatchManagerFactory@42] - Using org.apache.zookeeper.server.watch.WatchManager as watch manager
2021-11-08 11:11:46,979 [myid:2] - INFO  [Thread-35:WatchManagerFactory@42] - Using org.apache.zookeeper.server.watch.WatchManager as watch manager
2021-11-08 11:11:46,980 [myid:1] - INFO  [Thread-34:ZKDatabase@133] - zookeeper.snapshotSizeFactor = 0.33
2021-11-08 11:11:46,980 [myid:1] - INFO  [Thread-34:ZKDatabase@153] - zookeeper.commitLogCount=500
2021-11-08 11:11:46,980 [myid:2] - INFO  [Thread-35:ZKDatabase@133] - zookeeper.snapshotSizeFactor = 0.33
2021-11-08 11:11:46,980 [myid:2] - INFO  [Thread-35:ZKDatabase@153] - zookeeper.commitLogCount=500
2021-11-08 11:11:46,980 [myid:2] - INFO  [Thread-35:QuorumPeer@2066] - Using insecure (non-TLS) quorum communication
2021-11-08 11:11:46,980 [myid:2] - INFO  [Thread-35:QuorumPeer@2072] - Port unification disabled
2021-11-08 11:11:46,980 [myid:2] - INFO  [Thread-35:QuorumPeer@179] - multiAddress.enabled set to false
2021-11-08 11:11:46,980 [myid:2] - INFO  [Thread-35:QuorumPeer@204] - multiAddress.reachabilityCheckEnabled set to true
2021-11-08 11:11:46,980 [myid:2] - INFO  [Thread-35:QuorumPeer@191] - multiAddress.reachabilityCheckTimeoutMs set to 1000
2021-11-08 11:11:46,980 [myid:2] - INFO  [Thread-35:QuorumPeer@2527] - QuorumPeer communication is not secured! (SASL auth disabled)
2021-11-08 11:11:46,980 [myid:2] - INFO  [Thread-35:QuorumPeer@2552] - quorum.cnxn.threads.size set to 20
2021-11-08 11:11:46,980 [myid:1] - INFO  [Thread-34:QuorumPeer@2066] - Using insecure (non-TLS) quorum communication
2021-11-08 11:11:46,980 [myid:1] - INFO  [Thread-34:QuorumPeer@2072] - Port unification disabled
2021-11-08 11:11:46,980 [myid:1] - INFO  [Thread-34:QuorumPeer@179] - multiAddress.enabled set to false
2021-11-08 11:11:46,980 [myid:1] - INFO  [Thread-34:QuorumPeer@204] - multiAddress.reachabilityCheckEnabled set to true
2021-11-08 11:11:46,980 [myid:1] - INFO  [Thread-34:QuorumPeer@191] - multiAddress.reachabilityCheckTimeoutMs set to 1000
2021-11-08 11:11:46,980 [myid:1] - INFO  [Thread-34:QuorumPeer@2527] - QuorumPeer communication is not secured! (SASL auth disabled)
2021-11-08 11:11:46,980 [myid:1] - INFO  [Thread-34:QuorumPeer@2552] - quorum.cnxn.threads.size set to 20
2021-11-08 11:11:46,980 [myid:2] - INFO  [Thread-35:FileTxnSnapLog@479] - Snapshotting: 0x0 to D:\mysoft\faiscoGit\myStudy\ZooKeeperLearning\apache-zookeeper-3.7.0\zookeeper-server\target\surefire\test8659130493881277966.junit.dir\data\version-2\snapshot.0
2021-11-08 11:11:46,981 [myid:1] - INFO  [Thread-34:FileTxnSnapLog@479] - Snapshotting: 0x0 to D:\mysoft\faiscoGit\myStudy\ZooKeeperLearning\apache-zookeeper-3.7.0\zookeeper-server\target\surefire\test8750974834354593871.junit.dir\data\version-2\snapshot.0
2021-11-08 11:11:46,981 [myid:2] - INFO  [Thread-35:ZKDatabase@290] - Snapshot loaded in 2 ms, highest zxid is 0x0, digest is 1371985504
2021-11-08 11:11:46,981 [myid:1] - INFO  [Thread-34:ZKDatabase@290] - Snapshot loaded in 1 ms, highest zxid is 0x0, digest is 1371985504
2021-11-08 11:11:46,982 [myid:2] - INFO  [Thread-35:QuorumPeer@1157] - currentEpoch not found! Creating with a reasonable default of 0. This should only happen when you are upgrading your installation
2021-11-08 11:11:46,982 [myid:1] - INFO  [Thread-34:QuorumPeer@1157] - currentEpoch not found! Creating with a reasonable default of 0. This should only happen when you are upgrading your installation
2021-11-08 11:11:46,985 [myid:2] - INFO  [Thread-35:QuorumPeer@1177] - acceptedEpoch not found! Creating with a reasonable default of 0. This should only happen when you are upgrading your installation
2021-11-08 11:11:46,989 [myid:1] - INFO  [Thread-34:QuorumPeer@1177] - acceptedEpoch not found! Creating with a reasonable default of 0. This should only happen when you are upgrading your installation
2021-11-08 11:11:46,991 [myid:2] - INFO  [Thread-35:QuorumPeer@2569] - Using 20000ms as the quorum cnxn socket timeout
2021-11-08 11:11:46,991 [myid:2] - INFO  [Thread-35:QuorumCnxManager$Listener@924] - Election port bind maximum retries is 3
2021-11-08 11:11:46,992 [myid:2] - WARN  [QuorumPeer[myid=2](plain=[0:0:0:0:0:0:0:0]:16749)(secure=disabled):MBeanRegistry@110] - Failed to register MBean ReplicatedServer_id2
2021-11-08 11:11:46,992 [myid:2] - WARN  [QuorumPeer[myid=2](plain=[0:0:0:0:0:0:0:0]:16749)(secure=disabled):QuorumPeer@1415] - Failed to register with JMX
javax.management.InstanceAlreadyExistsException: org.apache.ZooKeeperService:name0=ReplicatedServer_id2
	at com.sun.jmx.mbeanserver.Repository.addMBean(Repository.java:437)
	at com.sun.jmx.interceptor.DefaultMBeanServerInterceptor.registerWithRepository(DefaultMBeanServerInterceptor.java:1898)
	at com.sun.jmx.interceptor.DefaultMBeanServerInterceptor.registerDynamicMBean(DefaultMBeanServerInterceptor.java:966)
	at com.sun.jmx.interceptor.DefaultMBeanServerInterceptor.registerObject(DefaultMBeanServerInterceptor.java:900)
	at com.sun.jmx.interceptor.DefaultMBeanServerInterceptor.registerMBean(DefaultMBeanServerInterceptor.java:324)
	at com.sun.jmx.mbeanserver.JmxMBeanServer.registerMBean(JmxMBeanServer.java:522)
	at org.apache.zookeeper.jmx.MBeanRegistry.register(MBeanRegistry.java:106)
	at org.apache.zookeeper.server.quorum.QuorumPeer.run(QuorumPeer.java:1393)
2021-11-08 11:11:46,992 [myid:2] - INFO  [ListenerHandler-/127.0.0.1:16751:QuorumCnxManager$Listener$ListenerHandler@1066] - 2 is accepting connections now, my election bind port: /127.0.0.1:16751
2021-11-08 11:11:46,992 [myid:2] - INFO  [QuorumPeer[myid=2](plain=[0:0:0:0:0:0:0:0]:16749)(secure=disabled):QuorumPeer@1430] - LOOKING
2021-11-08 11:11:46,992 [myid:2] - WARN  [QuorumPeer[myid=2](plain=[0:0:0:0:0:0:0:0]:16749)(secure=disabled):MBeanRegistry@110] - Failed to register MBean LeaderElection
2021-11-08 11:11:46,992 [myid:2] - WARN  [QuorumPeer[myid=2](plain=[0:0:0:0:0:0:0:0]:16749)(secure=disabled):FastLeaderElection@916] - Failed to register with JMX
javax.management.InstanceAlreadyExistsException: org.apache.ZooKeeperService:name0=LeaderElection
	at com.sun.jmx.mbeanserver.Repository.addMBean(Repository.java:437)
	at com.sun.jmx.interceptor.DefaultMBeanServerInterceptor.registerWithRepository(DefaultMBeanServerInterceptor.java:1898)
	at com.sun.jmx.interceptor.DefaultMBeanServerInterceptor.registerDynamicMBean(DefaultMBeanServerInterceptor.java:966)
	at com.sun.jmx.interceptor.DefaultMBeanServerInterceptor.registerObject(DefaultMBeanServerInterceptor.java:900)
	at com.sun.jmx.interceptor.DefaultMBeanServerInterceptor.registerMBean(DefaultMBeanServerInterceptor.java:324)
	at com.sun.jmx.mbeanserver.JmxMBeanServer.registerMBean(JmxMBeanServer.java:522)
	at org.apache.zookeeper.jmx.MBeanRegistry.register(MBeanRegistry.java:106)
	at org.apache.zookeeper.server.quorum.FastLeaderElection.lookForLeader(FastLeaderElection.java:914)
	at org.apache.zookeeper.server.quorum.QuorumPeer.run(QuorumPeer.java:1484)
2021-11-08 11:11:46,992 [myid:2] - INFO  [QuorumPeer[myid=2](plain=[0:0:0:0:0:0:0:0]:16749)(secure=disabled):FastLeaderElection@947] - New election. My id = 2, proposed zxid=0x0
2021-11-08 11:11:46,993 [myid:2] - INFO  [WorkerReceiver[myid=2]:FastLeaderElection$Messenger$WorkerReceiver@390] - Notification: my state:LOOKING; n.sid:2, n.state:LOOKING, n.leader:2, n.round:0x1, n.peerEpoch:0x0, n.zxid:0x0, message format version:0x2, n.config version:0x0
2021-11-08 11:11:46,994 [myid:1] - INFO  [Thread-34:QuorumPeer@2569] - Using 20000ms as the quorum cnxn socket timeout
2021-11-08 11:11:46,994 [myid:1] - INFO  [Thread-34:QuorumCnxManager$Listener@924] - Election port bind maximum retries is 3
2021-11-08 11:11:46,995 [myid:1] - WARN  [QuorumPeer[myid=1](plain=[0:0:0:0:0:0:0:0]:16748)(secure=disabled):MBeanRegistry@110] - Failed to register MBean ReplicatedServer_id1
2021-11-08 11:11:46,995 [myid:1] - WARN  [QuorumPeer[myid=1](plain=[0:0:0:0:0:0:0:0]:16748)(secure=disabled):QuorumPeer@1415] - Failed to register with JMX
javax.management.InstanceAlreadyExistsException: org.apache.ZooKeeperService:name0=ReplicatedServer_id1
	at com.sun.jmx.mbeanserver.Repository.addMBean(Repository.java:437)
	at com.sun.jmx.interceptor.DefaultMBeanServerInterceptor.registerWithRepository(DefaultMBeanServerInterceptor.java:1898)
	at com.sun.jmx.interceptor.DefaultMBeanServerInterceptor.registerDynamicMBean(DefaultMBeanServerInterceptor.java:966)
	at com.sun.jmx.interceptor.DefaultMBeanServerInterceptor.registerObject(DefaultMBeanServerInterceptor.java:900)
	at com.sun.jmx.interceptor.DefaultMBeanServerInterceptor.registerMBean(DefaultMBeanServerInterceptor.java:324)
	at com.sun.jmx.mbeanserver.JmxMBeanServer.registerMBean(JmxMBeanServer.java:522)
	at org.apache.zookeeper.jmx.MBeanRegistry.register(MBeanRegistry.java:106)
	at org.apache.zookeeper.server.quorum.QuorumPeer.run(QuorumPeer.java:1393)
2021-11-08 11:11:46,995 [myid:1] - INFO  [QuorumPeer[myid=1](plain=[0:0:0:0:0:0:0:0]:16748)(secure=disabled):QuorumPeer@1430] - LOOKING
2021-11-08 11:11:46,995 [myid:1] - WARN  [QuorumPeer[myid=1](plain=[0:0:0:0:0:0:0:0]:16748)(secure=disabled):MBeanRegistry@110] - Failed to register MBean LeaderElection
2021-11-08 11:11:46,995 [myid:1] - WARN  [QuorumPeer[myid=1](plain=[0:0:0:0:0:0:0:0]:16748)(secure=disabled):FastLeaderElection@916] - Failed to register with JMX
javax.management.InstanceAlreadyExistsException: org.apache.ZooKeeperService:name0=LeaderElection
	at com.sun.jmx.mbeanserver.Repository.addMBean(Repository.java:437)
	at com.sun.jmx.interceptor.DefaultMBeanServerInterceptor.registerWithRepository(DefaultMBeanServerInterceptor.java:1898)
	at com.sun.jmx.interceptor.DefaultMBeanServerInterceptor.registerDynamicMBean(DefaultMBeanServerInterceptor.java:966)
	at com.sun.jmx.interceptor.DefaultMBeanServerInterceptor.registerObject(DefaultMBeanServerInterceptor.java:900)
	at com.sun.jmx.interceptor.DefaultMBeanServerInterceptor.registerMBean(DefaultMBeanServerInterceptor.java:324)
	at com.sun.jmx.mbeanserver.JmxMBeanServer.registerMBean(JmxMBeanServer.java:522)
	at org.apache.zookeeper.jmx.MBeanRegistry.register(MBeanRegistry.java:106)
	at org.apache.zookeeper.server.quorum.FastLeaderElection.lookForLeader(FastLeaderElection.java:914)
	at org.apache.zookeeper.server.quorum.QuorumPeer.run(QuorumPeer.java:1484)
2021-11-08 11:11:46,995 [myid:1] - INFO  [ListenerHandler-/127.0.0.1:16750:QuorumCnxManager$Listener$ListenerHandler@1066] - 1 is accepting connections now, my election bind port: /127.0.0.1:16750
2021-11-08 11:11:46,996 [myid:1] - INFO  [QuorumPeer[myid=1](plain=[0:0:0:0:0:0:0:0]:16748)(secure=disabled):FastLeaderElection@947] - New election. My id = 1, proposed zxid=0x0
2021-11-08 11:11:46,996 [myid:1] - INFO  [WorkerReceiver[myid=1]:FastLeaderElection$Messenger$WorkerReceiver@390] - Notification: my state:LOOKING; n.sid:1, n.state:LOOKING, n.leader:1, n.round:0x1, n.peerEpoch:0x0, n.zxid:0x0, message format version:0x2, n.config version:0x0
2021-11-08 11:11:46,997 [myid:1] - INFO  [QuorumConnectionThread-[myid=1]-1:QuorumCnxManager@514] - Have smaller server identifier, so dropping the connection: (myId:1 --> sid:2)
2021-11-08 11:11:46,997 [myid:2] - INFO  [ListenerHandler-/127.0.0.1:16751:QuorumCnxManager$Listener$ListenerHandler@1071] - Received connection request from /127.0.0.1:9093
2021-11-08 11:11:47,197 [myid:1] - INFO  [QuorumPeer[myid=1](plain=[0:0:0:0:0:0:0:0]:16748)(secure=disabled):FastLeaderElection@984] - Notification time out: 400
2021-11-08 11:11:47,207 [myid:2] - INFO  [ListenerHandler-/127.0.0.1:16751:QuorumCnxManager$Listener$ListenerHandler@1071] - Received connection request from /127.0.0.1:9110
2021-11-08 11:11:47,207 [myid:1] - INFO  [QuorumConnectionThread-[myid=1]-2:QuorumCnxManager@514] - Have smaller server identifier, so dropping the connection: (myId:1 --> sid:2)
2021-11-08 11:11:47,208 [myid:2] - INFO  [QuorumPeer[myid=2](plain=[0:0:0:0:0:0:0:0]:16749)(secure=disabled):FastLeaderElection@984] - Notification time out: 400
2021-11-08 11:11:47,382 [myid:0] - WARN  [QuorumConnectionThread-[myid=0]-3:QuorumCnxManager@401] - Cannot open channel to 1 at election address /127.0.0.1:16708
java.net.ConnectException: Connection refused: connect
	at java.net.DualStackPlainSocketImpl.waitForConnect(Native Method)
	at java.net.DualStackPlainSocketImpl.socketConnect(DualStackPlainSocketImpl.java:85)
	at java.net.AbstractPlainSocketImpl.doConnect(AbstractPlainSocketImpl.java:345)
	at java.net.AbstractPlainSocketImpl.connectToAddress(AbstractPlainSocketImpl.java:206)
	at java.net.AbstractPlainSocketImpl.connect(AbstractPlainSocketImpl.java:188)
	at java.net.PlainSocketImpl.connect(PlainSocketImpl.java:172)
	at java.net.SocksSocketImpl.connect(SocksSocketImpl.java:392)
	at java.net.Socket.connect(Socket.java:589)
	at org.apache.zookeeper.server.quorum.QuorumCnxManager.initiateConnection(QuorumCnxManager.java:384)
	at org.apache.zookeeper.server.quorum.QuorumCnxManager$QuorumConnectionReqThread.run(QuorumCnxManager.java:458)
	at java.util.concurrent.ThreadPoolExecutor.runWorker(ThreadPoolExecutor.java:1142)
	at java.util.concurrent.ThreadPoolExecutor$Worker.run(ThreadPoolExecutor.java:617)
	at java.lang.Thread.run(Thread.java:745)
2021-11-08 11:11:47,398 [myid:0] - WARN  [QuorumConnectionThread-[myid=0]-1:QuorumCnxManager@401] - Cannot open channel to 2 at election address /127.0.0.1:16711
java.net.ConnectException: Connection refused: connect
	at java.net.DualStackPlainSocketImpl.waitForConnect(Native Method)
	at java.net.DualStackPlainSocketImpl.socketConnect(DualStackPlainSocketImpl.java:85)
	at java.net.AbstractPlainSocketImpl.doConnect(AbstractPlainSocketImpl.java:345)
	at java.net.AbstractPlainSocketImpl.connectToAddress(AbstractPlainSocketImpl.java:206)
	at java.net.AbstractPlainSocketImpl.connect(AbstractPlainSocketImpl.java:188)
	at java.net.PlainSocketImpl.connect(PlainSocketImpl.java:172)
	at java.net.SocksSocketImpl.connect(SocksSocketImpl.java:392)
	at java.net.Socket.connect(Socket.java:589)
	at org.apache.zookeeper.server.quorum.QuorumCnxManager.initiateConnection(QuorumCnxManager.java:384)
	at org.apache.zookeeper.server.quorum.QuorumCnxManager$QuorumConnectionReqThread.run(QuorumCnxManager.java:458)
	at java.util.concurrent.ThreadPoolExecutor.runWorker(ThreadPoolExecutor.java:1142)
	at java.util.concurrent.ThreadPoolExecutor$Worker.run(ThreadPoolExecutor.java:617)
	at java.lang.Thread.run(Thread.java:745)
2021-11-08 11:11:47,496 [myid:1] - INFO  [NIOWorkerThread-1:NIOServerCnxn@514] - Processing stat command from /127.0.0.1:9082
2021-11-08 11:11:47,507 [myid:1] - INFO  [ListenerHandler-/127.0.0.1:16750:QuorumCnxManager$Listener$ListenerHandler@1071] - Received connection request from /127.0.0.1:9092
2021-11-08 11:11:47,517 [myid:1] - INFO  [WorkerReceiver[myid=1]:FastLeaderElection$Messenger$WorkerReceiver@390] - Notification: my state:LOOKING; n.sid:2, n.state:LOOKING, n.leader:2, n.round:0x1, n.peerEpoch:0x0, n.zxid:0x0, message format version:0x2, n.config version:0x0
2021-11-08 11:11:47,517 [myid:2] - INFO  [WorkerReceiver[myid=2]:FastLeaderElection$Messenger$WorkerReceiver@390] - Notification: my state:LOOKING; n.sid:1, n.state:LOOKING, n.leader:1, n.round:0x1, n.peerEpoch:0x0, n.zxid:0x0, message format version:0x2, n.config version:0x0
2021-11-08 11:11:47,517 [myid:1] - INFO  [WorkerReceiver[myid=1]:FastLeaderElection$Messenger$WorkerReceiver@390] - Notification: my state:LOOKING; n.sid:1, n.state:LOOKING, n.leader:2, n.round:0x1, n.peerEpoch:0x0, n.zxid:0x0, message format version:0x2, n.config version:0x0
2021-11-08 11:11:47,518 [myid:2] - INFO  [WorkerReceiver[myid=2]:FastLeaderElection$Messenger$WorkerReceiver@390] - Notification: my state:LOOKING; n.sid:1, n.state:LOOKING, n.leader:2, n.round:0x1, n.peerEpoch:0x0, n.zxid:0x0, message format version:0x2, n.config version:0x0
2021-11-08 11:11:47,719 [myid:2] - INFO  [QuorumPeer[myid=2](plain=[0:0:0:0:0:0:0:0]:16749)(secure=disabled):QuorumPeer@901] - Peer state changed: leading
2021-11-08 11:11:47,719 [myid:2] - INFO  [QuorumPeer[myid=2](plain=[0:0:0:0:0:0:0:0]:16749)(secure=disabled):QuorumPeer@1527] - LEADING
2021-11-08 11:11:47,719 [myid:2] - INFO  [QuorumPeer[myid=2](plain=[0:0:0:0:0:0:0:0]:16749)(secure=disabled):ZooKeeperServer@1300] - minSessionTimeout set to 8000
2021-11-08 11:11:47,719 [myid:2] - INFO  [QuorumPeer[myid=2](plain=[0:0:0:0:0:0:0:0]:16749)(secure=disabled):ZooKeeperServer@1309] - maxSessionTimeout set to 80000
2021-11-08 11:11:47,719 [myid:2] - INFO  [QuorumPeer[myid=2](plain=[0:0:0:0:0:0:0:0]:16749)(secure=disabled):ResponseCache@45] - getData response cache size is initialized with value 400.
2021-11-08 11:11:47,719 [myid:2] - INFO  [QuorumPeer[myid=2](plain=[0:0:0:0:0:0:0:0]:16749)(secure=disabled):ResponseCache@45] - getChildren response cache size is initialized with value 400.
2021-11-08 11:11:47,719 [myid:2] - INFO  [QuorumPeer[myid=2](plain=[0:0:0:0:0:0:0:0]:16749)(secure=disabled):RequestPathMetricsCollector@109] - zookeeper.pathStats.slotCapacity = 60
2021-11-08 11:11:47,719 [myid:2] - INFO  [QuorumPeer[myid=2](plain=[0:0:0:0:0:0:0:0]:16749)(secure=disabled):RequestPathMetricsCollector@110] - zookeeper.pathStats.slotDuration = 15
2021-11-08 11:11:47,719 [myid:2] - INFO  [QuorumPeer[myid=2](plain=[0:0:0:0:0:0:0:0]:16749)(secure=disabled):RequestPathMetricsCollector@111] - zookeeper.pathStats.maxDepth = 6
2021-11-08 11:11:47,720 [myid:2] - INFO  [QuorumPeer[myid=2](plain=[0:0:0:0:0:0:0:0]:16749)(secure=disabled):RequestPathMetricsCollector@112] - zookeeper.pathStats.initialDelay = 5
2021-11-08 11:11:47,720 [myid:2] - INFO  [QuorumPeer[myid=2](plain=[0:0:0:0:0:0:0:0]:16749)(secure=disabled):RequestPathMetricsCollector@113] - zookeeper.pathStats.delay = 5
2021-11-08 11:11:47,720 [myid:2] - INFO  [QuorumPeer[myid=2](plain=[0:0:0:0:0:0:0:0]:16749)(secure=disabled):RequestPathMetricsCollector@114] - zookeeper.pathStats.enabled = false
2021-11-08 11:11:47,720 [myid:2] - INFO  [QuorumPeer[myid=2](plain=[0:0:0:0:0:0:0:0]:16749)(secure=disabled):ZooKeeperServer@1536] - The max bytes for all large requests are set to 104857600
2021-11-08 11:11:47,720 [myid:2] - INFO  [QuorumPeer[myid=2](plain=[0:0:0:0:0:0:0:0]:16749)(secure=disabled):ZooKeeperServer@1550] - The large request threshold is set to -1
2021-11-08 11:11:47,720 [myid:2] - INFO  [QuorumPeer[myid=2](plain=[0:0:0:0:0:0:0:0]:16749)(secure=disabled):AuthenticationHelper@66] - zookeeper.enforce.auth.enabled = false
2021-11-08 11:11:47,720 [myid:2] - INFO  [QuorumPeer[myid=2](plain=[0:0:0:0:0:0:0:0]:16749)(secure=disabled):AuthenticationHelper@67] - zookeeper.enforce.auth.schemes = []
2021-11-08 11:11:47,720 [myid:2] - INFO  [QuorumPeer[myid=2](plain=[0:0:0:0:0:0:0:0]:16749)(secure=disabled):ZooKeeperServer@361] - Created server with tickTime 4000 minSessionTimeout 8000 maxSessionTimeout 80000 clientPortListenBacklog -1 datadir D:\mysoft\faiscoGit\myStudy\ZooKeeperLearning\apache-zookeeper-3.7.0\zookeeper-server\target\surefire\test8659130493881277966.junit.dir\data\version-2 snapdir D:\mysoft\faiscoGit\myStudy\ZooKeeperLearning\apache-zookeeper-3.7.0\zookeeper-server\target\surefire\test8659130493881277966.junit.dir\data\version-2
2021-11-08 11:11:47,720 [myid:2] - INFO  [QuorumPeer[myid=2](plain=[0:0:0:0:0:0:0:0]:16749)(secure=disabled):Leader@584] - LEADING - LEADER ELECTION TOOK - 727 MS
2021-11-08 11:11:47,721 [myid:2] - WARN  [QuorumPeer[myid=2](plain=[0:0:0:0:0:0:0:0]:16749)(secure=disabled):MBeanRegistry@110] - Failed to register MBean Leader
2021-11-08 11:11:47,721 [myid:2] - WARN  [QuorumPeer[myid=2](plain=[0:0:0:0:0:0:0:0]:16749)(secure=disabled):LeaderZooKeeperServer@235] - Failed to register with JMX
javax.management.InstanceAlreadyExistsException: org.apache.ZooKeeperService:name0=Leader
	at com.sun.jmx.mbeanserver.Repository.addMBean(Repository.java:437)
	at com.sun.jmx.interceptor.DefaultMBeanServerInterceptor.registerWithRepository(DefaultMBeanServerInterceptor.java:1898)
	at com.sun.jmx.interceptor.DefaultMBeanServerInterceptor.registerDynamicMBean(DefaultMBeanServerInterceptor.java:966)
	at com.sun.jmx.interceptor.DefaultMBeanServerInterceptor.registerObject(DefaultMBeanServerInterceptor.java:900)
	at com.sun.jmx.interceptor.DefaultMBeanServerInterceptor.registerMBean(DefaultMBeanServerInterceptor.java:324)
	at com.sun.jmx.mbeanserver.JmxMBeanServer.registerMBean(JmxMBeanServer.java:522)
	at org.apache.zookeeper.jmx.MBeanRegistry.register(MBeanRegistry.java:106)
	at org.apache.zookeeper.server.quorum.LeaderZooKeeperServer.registerJMX(LeaderZooKeeperServer.java:233)
	at org.apache.zookeeper.server.quorum.Leader.lead(Leader.java:588)
	at org.apache.zookeeper.server.quorum.QuorumPeer.run(QuorumPeer.java:1530)
2021-11-08 11:11:47,721 [myid:2] - INFO  [QuorumPeer[myid=2](plain=[0:0:0:0:0:0:0:0]:16749)(secure=disabled):QuorumPeer@915] - Peer state changed: leading - discovery
2021-11-08 11:11:47,721 [myid:2] - INFO  [QuorumPeer[myid=2](plain=[0:0:0:0:0:0:0:0]:16749)(secure=disabled):FileTxnSnapLog@479] - Snapshotting: 0x0 to D:\mysoft\faiscoGit\myStudy\ZooKeeperLearning\apache-zookeeper-3.7.0\zookeeper-server\target\surefire\test8659130493881277966.junit.dir\data\version-2\snapshot.0
2021-11-08 11:11:47,723 [myid:2] - INFO  [QuorumPeer[myid=2](plain=[0:0:0:0:0:0:0:0]:16749)(secure=disabled):ZooKeeperServer@543] - Snapshot taken in 3 ms
2021-11-08 11:11:47,734 [myid:1] - INFO  [QuorumPeer[myid=1](plain=[0:0:0:0:0:0:0:0]:16748)(secure=disabled):QuorumPeer@901] - Peer state changed: following
2021-11-08 11:11:47,734 [myid:1] - INFO  [QuorumPeer[myid=1](plain=[0:0:0:0:0:0:0:0]:16748)(secure=disabled):QuorumPeer@1512] - FOLLOWING
2021-11-08 11:11:47,734 [myid:1] - INFO  [QuorumPeer[myid=1](plain=[0:0:0:0:0:0:0:0]:16748)(secure=disabled):ZooKeeperServer@1300] - minSessionTimeout set to 8000
2021-11-08 11:11:47,734 [myid:1] - INFO  [QuorumPeer[myid=1](plain=[0:0:0:0:0:0:0:0]:16748)(secure=disabled):ZooKeeperServer@1309] - maxSessionTimeout set to 80000
2021-11-08 11:11:47,735 [myid:1] - INFO  [QuorumPeer[myid=1](plain=[0:0:0:0:0:0:0:0]:16748)(secure=disabled):ResponseCache@45] - getData response cache size is initialized with value 400.
2021-11-08 11:11:47,735 [myid:1] - INFO  [QuorumPeer[myid=1](plain=[0:0:0:0:0:0:0:0]:16748)(secure=disabled):ResponseCache@45] - getChildren response cache size is initialized with value 400.
2021-11-08 11:11:47,735 [myid:1] - INFO  [QuorumPeer[myid=1](plain=[0:0:0:0:0:0:0:0]:16748)(secure=disabled):RequestPathMetricsCollector@109] - zookeeper.pathStats.slotCapacity = 60
2021-11-08 11:11:47,735 [myid:1] - INFO  [QuorumPeer[myid=1](plain=[0:0:0:0:0:0:0:0]:16748)(secure=disabled):RequestPathMetricsCollector@110] - zookeeper.pathStats.slotDuration = 15
2021-11-08 11:11:47,735 [myid:1] - INFO  [QuorumPeer[myid=1](plain=[0:0:0:0:0:0:0:0]:16748)(secure=disabled):RequestPathMetricsCollector@111] - zookeeper.pathStats.maxDepth = 6
2021-11-08 11:11:47,735 [myid:1] - INFO  [QuorumPeer[myid=1](plain=[0:0:0:0:0:0:0:0]:16748)(secure=disabled):RequestPathMetricsCollector@112] - zookeeper.pathStats.initialDelay = 5
2021-11-08 11:11:47,735 [myid:1] - INFO  [QuorumPeer[myid=1](plain=[0:0:0:0:0:0:0:0]:16748)(secure=disabled):RequestPathMetricsCollector@113] - zookeeper.pathStats.delay = 5
2021-11-08 11:11:47,735 [myid:1] - INFO  [QuorumPeer[myid=1](plain=[0:0:0:0:0:0:0:0]:16748)(secure=disabled):RequestPathMetricsCollector@114] - zookeeper.pathStats.enabled = false
2021-11-08 11:11:47,735 [myid:1] - INFO  [QuorumPeer[myid=1](plain=[0:0:0:0:0:0:0:0]:16748)(secure=disabled):ZooKeeperServer@1536] - The max bytes for all large requests are set to 104857600
2021-11-08 11:11:47,735 [myid:1] - INFO  [QuorumPeer[myid=1](plain=[0:0:0:0:0:0:0:0]:16748)(secure=disabled):ZooKeeperServer@1550] - The large request threshold is set to -1
2021-11-08 11:11:47,735 [myid:1] - INFO  [QuorumPeer[myid=1](plain=[0:0:0:0:0:0:0:0]:16748)(secure=disabled):AuthenticationHelper@66] - zookeeper.enforce.auth.enabled = false
2021-11-08 11:11:47,735 [myid:1] - INFO  [QuorumPeer[myid=1](plain=[0:0:0:0:0:0:0:0]:16748)(secure=disabled):AuthenticationHelper@67] - zookeeper.enforce.auth.schemes = []
2021-11-08 11:11:47,735 [myid:1] - INFO  [QuorumPeer[myid=1](plain=[0:0:0:0:0:0:0:0]:16748)(secure=disabled):ZooKeeperServer@361] - Created server with tickTime 4000 minSessionTimeout 8000 maxSessionTimeout 80000 clientPortListenBacklog -1 datadir D:\mysoft\faiscoGit\myStudy\ZooKeeperLearning\apache-zookeeper-3.7.0\zookeeper-server\target\surefire\test8750974834354593871.junit.dir\data\version-2 snapdir D:\mysoft\faiscoGit\myStudy\ZooKeeperLearning\apache-zookeeper-3.7.0\zookeeper-server\target\surefire\test8750974834354593871.junit.dir\data\version-2
2021-11-08 11:11:47,735 [myid:1] - INFO  [QuorumPeer[myid=1](plain=[0:0:0:0:0:0:0:0]:16748)(secure=disabled):Follower@77] - FOLLOWING - LEADER ELECTION TOOK - 739 MS
2021-11-08 11:11:47,735 [myid:1] - WARN  [QuorumPeer[myid=1](plain=[0:0:0:0:0:0:0:0]:16748)(secure=disabled):MBeanRegistry@110] - Failed to register MBean Follower
2021-11-08 11:11:47,735 [myid:1] - WARN  [QuorumPeer[myid=1](plain=[0:0:0:0:0:0:0:0]:16748)(secure=disabled):LearnerZooKeeperServer@124] - Failed to register with JMX
javax.management.InstanceAlreadyExistsException: org.apache.ZooKeeperService:name0=Follower
	at com.sun.jmx.mbeanserver.Repository.addMBean(Repository.java:437)
	at com.sun.jmx.interceptor.DefaultMBeanServerInterceptor.registerWithRepository(DefaultMBeanServerInterceptor.java:1898)
	at com.sun.jmx.interceptor.DefaultMBeanServerInterceptor.registerDynamicMBean(DefaultMBeanServerInterceptor.java:966)
	at com.sun.jmx.interceptor.DefaultMBeanServerInterceptor.registerObject(DefaultMBeanServerInterceptor.java:900)
	at com.sun.jmx.interceptor.DefaultMBeanServerInterceptor.registerMBean(DefaultMBeanServerInterceptor.java:324)
	at com.sun.jmx.mbeanserver.JmxMBeanServer.registerMBean(JmxMBeanServer.java:522)
	at org.apache.zookeeper.jmx.MBeanRegistry.register(MBeanRegistry.java:106)
	at org.apache.zookeeper.server.quorum.LearnerZooKeeperServer.registerJMX(LearnerZooKeeperServer.java:122)
	at org.apache.zookeeper.server.quorum.Follower.followLeader(Follower.java:80)
	at org.apache.zookeeper.server.quorum.QuorumPeer.run(QuorumPeer.java:1515)
2021-11-08 11:11:47,735 [myid:1] - INFO  [QuorumPeer[myid=1](plain=[0:0:0:0:0:0:0:0]:16748)(secure=disabled):QuorumPeer@915] - Peer state changed: following - discovery
2021-11-08 11:11:47,742 [myid:1] - INFO  [LeaderConnector-/127.0.0.1:16753:Learner$LeaderConnector@381] - Successfully connected to leader, using address: /127.0.0.1:16753
2021-11-08 11:11:47,746 [myid:2] - INFO  [LearnerHandler-/127.0.0.1:9151:LearnerHandler@506] - Follower sid: 1 : info : 127.0.0.1:16752:16750:participant;0.0.0.0:16748
2021-11-08 11:11:47,747 [myid:] - INFO  [main:FourLetterWordMain@94] - connecting to 127.0.0.1 16748
2021-11-08 11:11:47,754 [myid:2] - INFO  [QuorumPeer[myid=2](plain=[0:0:0:0:0:0:0:0]:16749)(secure=disabled):QuorumPeer@1870] - Dynamic reconfig is disabled, we don't store the last seen config.
2021-11-08 11:11:47,756 [myid:1] - INFO  [NIOWorkerThread-2:NIOServerCnxn@514] - Processing stat command from /127.0.0.1:9152
2021-11-08 11:11:47,757 [myid:1] - INFO  [QuorumPeer[myid=1](plain=[0:0:0:0:0:0:0:0]:16748)(secure=disabled):QuorumPeer@915] - Peer state changed: following - synchronization
2021-11-08 11:11:47,757 [myid:2] - INFO  [LearnerHandler-/127.0.0.1:9151:ZKDatabase@346] - On disk txn sync enabled with snapshotSizeFactor 0.33
2021-11-08 11:11:47,757 [myid:2] - INFO  [LearnerHandler-/127.0.0.1:9151:LearnerHandler@801] - Synchronizing with Learner sid: 1 maxCommittedLog=0x0 minCommittedLog=0x0 lastProcessedZxid=0x0 peerLastZxid=0x0
2021-11-08 11:11:47,758 [myid:2] - INFO  [LearnerHandler-/127.0.0.1:9151:LearnerHandler@846] - Sending DIFF zxid=0x0 for peer sid: 1
2021-11-08 11:11:47,763 [myid:2] - INFO  [QuorumPeer[myid=2](plain=[0:0:0:0:0:0:0:0]:16749)(secure=disabled):QuorumPeer@915] - Peer state changed: leading - synchronization
2021-11-08 11:11:47,768 [myid:1] - INFO  [QuorumPeer[myid=1](plain=[0:0:0:0:0:0:0:0]:16748)(secure=disabled):Learner@562] - Getting a diff from the leader 0x0
2021-11-08 11:11:47,768 [myid:1] - INFO  [QuorumPeer[myid=1](plain=[0:0:0:0:0:0:0:0]:16748)(secure=disabled):QuorumPeer@920] - Peer state changed: following - synchronization - diff
2021-11-08 11:11:47,769 [myid:1] - INFO  [QuorumPeer[myid=1](plain=[0:0:0:0:0:0:0:0]:16748)(secure=disabled):Learner@734] - Learner received NEWLEADER message
2021-11-08 11:11:47,770 [myid:1] - INFO  [QuorumPeer[myid=1](plain=[0:0:0:0:0:0:0:0]:16748)(secure=disabled):QuorumPeer@1870] - Dynamic reconfig is disabled, we don't store the last seen config.
2021-11-08 11:11:47,773 [myid:1] - INFO  [QuorumPeer[myid=1](plain=[0:0:0:0:0:0:0:0]:16748)(secure=disabled):QuorumPeer@920] - Peer state changed: following - synchronization
2021-11-08 11:11:47,773 [myid:1] - INFO  [QuorumPeer[myid=1](plain=[0:0:0:0:0:0:0:0]:16748)(secure=disabled):CommitProcessor@491] - Configuring CommitProcessor with readBatchSize -1 commitBatchSize 1
2021-11-08 11:11:47,773 [myid:1] - INFO  [QuorumPeer[myid=1](plain=[0:0:0:0:0:0:0:0]:16748)(secure=disabled):CommitProcessor@452] - Configuring CommitProcessor with 6 worker threads.
2021-11-08 11:11:47,773 [myid:1] - INFO  [QuorumPeer[myid=1](plain=[0:0:0:0:0:0:0:0]:16748)(secure=disabled):FollowerRequestProcessor@59] - Initialized FollowerRequestProcessor with zookeeper.follower.skipLearnerRequestToNextProcessor as false
2021-11-08 11:11:47,780 [myid:2] - INFO  [QuorumPeer[myid=2](plain=[0:0:0:0:0:0:0:0]:16749)(secure=disabled):Leader@1495] - Have quorum of supporters, sids: [[1, 2]]; starting up and setting last processed zxid: 0x100000000
2021-11-08 11:11:47,781 [myid:2] - INFO  [QuorumPeer[myid=2](plain=[0:0:0:0:0:0:0:0]:16749)(secure=disabled):Leader@1517] - Dynamic reconfig feature is disabled, skip designatedLeader calculation and reconfig processing.
2021-11-08 11:11:47,781 [myid:2] - INFO  [QuorumPeer[myid=2](plain=[0:0:0:0:0:0:0:0]:16749)(secure=disabled):CommitProcessor@491] - Configuring CommitProcessor with readBatchSize -1 commitBatchSize 1
2021-11-08 11:11:47,781 [myid:2] - INFO  [QuorumPeer[myid=2](plain=[0:0:0:0:0:0:0:0]:16749)(secure=disabled):CommitProcessor@452] - Configuring CommitProcessor with 6 worker threads.
2021-11-08 11:11:47,781 [myid:2] - INFO  [QuorumPeer[myid=2](plain=[0:0:0:0:0:0:0:0]:16749)(secure=disabled):ProposalRequestProcessor@57] - zookeeper.forward_learner_requests_to_commit_processor_disabled = false
2021-11-08 11:11:47,781 [myid:2] - INFO  [QuorumPeer[myid=2](plain=[0:0:0:0:0:0:0:0]:16749)(secure=disabled):ContainerManager@84] - Using checkIntervalMs=60000 maxPerMinute=10000 maxNeverUsedIntervalMs=0
2021-11-08 11:11:47,781 [myid:2] - WARN  [QuorumPeer[myid=2](plain=[0:0:0:0:0:0:0:0]:16749)(secure=disabled):MBeanRegistry@110] - Failed to register MBean InMemoryDataTree
2021-11-08 11:11:47,781 [myid:2] - WARN  [QuorumPeer[myid=2](plain=[0:0:0:0:0:0:0:0]:16749)(secure=disabled):LeaderZooKeeperServer@215] - Failed to register with JMX
javax.management.InstanceAlreadyExistsException: org.apache.ZooKeeperService:name0=InMemoryDataTree
	at com.sun.jmx.mbeanserver.Repository.addMBean(Repository.java:437)
	at com.sun.jmx.interceptor.DefaultMBeanServerInterceptor.registerWithRepository(DefaultMBeanServerInterceptor.java:1898)
	at com.sun.jmx.interceptor.DefaultMBeanServerInterceptor.registerDynamicMBean(DefaultMBeanServerInterceptor.java:966)
	at com.sun.jmx.interceptor.DefaultMBeanServerInterceptor.registerObject(DefaultMBeanServerInterceptor.java:900)
	at com.sun.jmx.interceptor.DefaultMBeanServerInterceptor.registerMBean(DefaultMBeanServerInterceptor.java:324)
	at com.sun.jmx.mbeanserver.JmxMBeanServer.registerMBean(JmxMBeanServer.java:522)
	at org.apache.zookeeper.jmx.MBeanRegistry.register(MBeanRegistry.java:106)
	at org.apache.zookeeper.server.quorum.LeaderZooKeeperServer.registerJMX(LeaderZooKeeperServer.java:213)
	at org.apache.zookeeper.server.ZooKeeperServer.startupWithServerState(ZooKeeperServer.java:709)
	at org.apache.zookeeper.server.ZooKeeperServer.startup(ZooKeeperServer.java:688)
	at org.apache.zookeeper.server.quorum.LeaderZooKeeperServer.startup(LeaderZooKeeperServer.java:91)
	at org.apache.zookeeper.server.quorum.Leader.startZkServer(Leader.java:1521)
	at org.apache.zookeeper.server.quorum.Leader.lead(Leader.java:688)
	at org.apache.zookeeper.server.quorum.QuorumPeer.run(QuorumPeer.java:1530)
2021-11-08 11:11:47,781 [myid:2] - INFO  [QuorumPeer[myid=2](plain=[0:0:0:0:0:0:0:0]:16749)(secure=disabled):QuorumPeer@915] - Peer state changed: leading - broadcast
2021-11-08 11:11:47,782 [myid:1] - INFO  [QuorumPeer[myid=1](plain=[0:0:0:0:0:0:0:0]:16748)(secure=disabled):Learner@718] - Learner received UPTODATE message
2021-11-08 11:11:47,782 [myid:1] - INFO  [QuorumPeer[myid=1](plain=[0:0:0:0:0:0:0:0]:16748)(secure=disabled):QuorumPeer@915] - Peer state changed: following - broadcast
2021-11-08 11:11:47,782 [myid:2] - INFO  [ProcessThread(sid:2 cport:-1)::PrepRequestProcessor@137] - PrepRequestProcessor (sid:2) started, reconfigEnabled=false
2021-11-08 11:11:48,006 [myid:] - INFO  [main:FourLetterWordMain@94] - connecting to 127.0.0.1 16748
2021-11-08 11:11:48,007 [myid:1] - INFO  [NIOWorkerThread-3:NIOServerCnxn@514] - Processing stat command from /127.0.0.1:9158
2021-11-08 11:11:48,007 [myid:1] - INFO  [NIOWorkerThread-3:StatCommand@52] - Stat command output
2021-11-08 11:11:48,007 [myid:] - INFO  [main:FourLetterWordMain@94] - connecting to 127.0.0.1 16749
2021-11-08 11:11:48,008 [myid:2] - INFO  [NIOWorkerThread-1:NIOServerCnxn@514] - Processing stat command from /127.0.0.1:9159
2021-11-08 11:11:48,008 [myid:2] - INFO  [NIOWorkerThread-1:StatCommand@52] - Stat command output
2021-11-08 11:11:48,009 [myid:1] - INFO  [ListenerHandler-/127.0.0.1:16750:QuorumCnxManager$Listener$ListenerHandler@1071] - Received connection request from /127.0.0.1:9160
2021-11-08 11:11:48,010 [myid:1] - WARN  [ListenerHandler-/127.0.0.1:16750:QuorumCnxManager@630] - Exception reading or writing challenge
java.io.EOFException
	at java.io.DataInputStream.readFully(DataInputStream.java:197)
	at java.io.DataInputStream.readLong(DataInputStream.java:416)
	at org.apache.zookeeper.server.quorum.QuorumCnxManager.handleConnection(QuorumCnxManager.java:602)
	at org.apache.zookeeper.server.quorum.QuorumCnxManager.receiveConnection(QuorumCnxManager.java:555)
	at org.apache.zookeeper.server.quorum.QuorumCnxManager$Listener$ListenerHandler.acceptConnections(QuorumCnxManager.java:1080)
	at org.apache.zookeeper.server.quorum.QuorumCnxManager$Listener$ListenerHandler.run(QuorumCnxManager.java:1034)
	at java.util.concurrent.Executors$RunnableAdapter.call(Executors.java:511)
	at java.util.concurrent.FutureTask.run(FutureTask.java:266)
	at java.util.concurrent.ThreadPoolExecutor.runWorker(ThreadPoolExecutor.java:1142)
	at java.util.concurrent.ThreadPoolExecutor$Worker.run(ThreadPoolExecutor.java:617)
	at java.lang.Thread.run(Thread.java:745)
2021-11-08 11:11:48,010 [myid:2] - INFO  [ListenerHandler-/127.0.0.1:16751:QuorumCnxManager$Listener$ListenerHandler@1071] - Received connection request from /127.0.0.1:9161
2021-11-08 11:11:48,010 [myid:2] - WARN  [ListenerHandler-/127.0.0.1:16751:QuorumCnxManager@630] - Exception reading or writing challenge
java.io.EOFException
	at java.io.DataInputStream.readFully(DataInputStream.java:197)
	at java.io.DataInputStream.readLong(DataInputStream.java:416)
	at org.apache.zookeeper.server.quorum.QuorumCnxManager.handleConnection(QuorumCnxManager.java:602)
	at org.apache.zookeeper.server.quorum.QuorumCnxManager.receiveConnection(QuorumCnxManager.java:555)
	at org.apache.zookeeper.server.quorum.QuorumCnxManager$Listener$ListenerHandler.acceptConnections(QuorumCnxManager.java:1080)
	at org.apache.zookeeper.server.quorum.QuorumCnxManager$Listener$ListenerHandler.run(QuorumCnxManager.java:1034)
	at java.util.concurrent.Executors$RunnableAdapter.call(Executors.java:511)
	at java.util.concurrent.FutureTask.run(FutureTask.java:266)
	at java.util.concurrent.ThreadPoolExecutor.runWorker(ThreadPoolExecutor.java:1142)
	at java.util.concurrent.ThreadPoolExecutor$Worker.run(ThreadPoolExecutor.java:617)
	at java.lang.Thread.run(Thread.java:745)
2021-11-08 11:11:48,010 [myid:] - INFO  [main:QuorumPeerTestBase@64] - No servers to shutdown!
2021-11-08 11:11:48,010 [myid:] - INFO  [main:ZKTestCase@82] - FINISHED Optional[public void org.apache.zookeeper.server.quorum.QuorumPeerMainTest.testBadPackets() throws java.lang.Exception]
]]></system-out>
  </testcase>
  <testcase name="testQuorum" classname="org.apache.zookeeper.server.quorum.QuorumPeerMainTest" time="1.579">
    <error message="org/apache/zookeeper/client/StaticHostProvider" type="java.lang.NoClassDefFoundError"><![CDATA[java.lang.NoClassDefFoundError: org/apache/zookeeper/client/StaticHostProvider
	at org.apache.zookeeper.ZooKeeper.createDefaultHostProvider(ZooKeeper.java:1135)
	at org.apache.zookeeper.ZooKeeper.<init>(ZooKeeper.java:734)
	at org.apache.zookeeper.ZooKeeper.<init>(ZooKeeper.java:448)
	at org.apache.zookeeper.server.quorum.QuorumPeerMainTest.testQuorumInternal(QuorumPeerMainTest.java:108)
	at org.apache.zookeeper.server.quorum.QuorumPeerMainTest.testQuorum(QuorumPeerMainTest.java:134)
]]></error>
    <system-out><![CDATA[2021-11-08 11:11:48,011 [myid:] - INFO  [main:ZKTestCase@77] - STARTING Optional[public void org.apache.zookeeper.server.quorum.QuorumPeerMainTest.testQuorum() throws java.lang.Exception]
2021-11-08 11:11:48,012 [myid:] - INFO  [main:PortAssignment@87] - Assigned port 16754 from range 16607 - 19299.
2021-11-08 11:11:48,012 [myid:] - INFO  [main:PortAssignment@87] - Assigned port 16755 from range 16607 - 19299.
2021-11-08 11:11:48,012 [myid:] - INFO  [main:PortAssignment@87] - Assigned port 16756 from range 16607 - 19299.
2021-11-08 11:11:48,013 [myid:] - INFO  [main:PortAssignment@87] - Assigned port 16757 from range 16607 - 19299.
2021-11-08 11:11:48,013 [myid:] - INFO  [main:PortAssignment@87] - Assigned port 16758 from range 16607 - 19299.
2021-11-08 11:11:48,013 [myid:] - INFO  [main:PortAssignment@87] - Assigned port 16759 from range 16607 - 19299.
2021-11-08 11:11:48,014 [myid:] - INFO  [main:QuorumPeerTestBase$MainThread@122] - id = 1 tmpDir = D:\mysoft\faiscoGit\myStudy\ZooKeeperLearning\apache-zookeeper-3.7.0\zookeeper-server\target\surefire\test5452865623181005642.junit.dir clientPort = 16754
2021-11-08 11:11:48,020 [myid:] - INFO  [main:QuorumPeerTestBase$MainThread@122] - id = 2 tmpDir = D:\mysoft\faiscoGit\myStudy\ZooKeeperLearning\apache-zookeeper-3.7.0\zookeeper-server\target\surefire\test5277234156725132312.junit.dir clientPort = 16755
2021-11-08 11:11:48,021 [myid:] - INFO  [main:FourLetterWordMain@94] - connecting to 127.0.0.1 16754
2021-11-08 11:11:48,023 [myid:] - INFO  [Thread-39:QuorumPeerConfig@174] - Reading configuration from: D:\mysoft\faiscoGit\myStudy\ZooKeeperLearning\apache-zookeeper-3.7.0\zookeeper-server\target\surefire\test5277234156725132312.junit.dir\zoo.cfg
2021-11-08 11:11:48,023 [myid:] - INFO  [Thread-39:QuorumPeerConfig@444] - clientPortAddress is 0.0.0.0:16755
2021-11-08 11:11:48,023 [myid:] - INFO  [Thread-39:QuorumPeerConfig@448] - secureClientPort is not set
2021-11-08 11:11:48,023 [myid:] - INFO  [Thread-39:QuorumPeerConfig@464] - observerMasterPort is not set
2021-11-08 11:11:48,024 [myid:] - INFO  [Thread-39:QuorumPeerConfig@481] - metricsProvider.className is org.apache.zookeeper.metrics.impl.DefaultMetricsProvider
2021-11-08 11:11:48,024 [myid:] - WARN  [Thread-39:QuorumPeerConfig@713] - No server failure will be tolerated. You need at least 3 servers.
2021-11-08 11:11:48,024 [myid:2] - INFO  [Thread-39:DatadirCleanupManager@78] - autopurge.snapRetainCount set to 3
2021-11-08 11:11:48,024 [myid:2] - INFO  [Thread-39:DatadirCleanupManager@79] - autopurge.purgeInterval set to 0
2021-11-08 11:11:48,024 [myid:2] - INFO  [Thread-39:DatadirCleanupManager@101] - Purge task is not scheduled.
2021-11-08 11:11:48,024 [myid:2] - INFO  [Thread-39:ManagedUtil@44] - Log4j 1.2 jmx support found and enabled.
2021-11-08 11:11:48,025 [myid:2] - ERROR [Thread-39:ManagedUtil@109] - Problems while registering log4j 1.2 jmx beans!
javax.management.InstanceAlreadyExistsException: log4j:hierarchy=default
	at com.sun.jmx.mbeanserver.Repository.addMBean(Repository.java:437)
	at com.sun.jmx.interceptor.DefaultMBeanServerInterceptor.registerWithRepository(DefaultMBeanServerInterceptor.java:1898)
	at com.sun.jmx.interceptor.DefaultMBeanServerInterceptor.registerDynamicMBean(DefaultMBeanServerInterceptor.java:966)
	at com.sun.jmx.interceptor.DefaultMBeanServerInterceptor.registerObject(DefaultMBeanServerInterceptor.java:900)
	at com.sun.jmx.interceptor.DefaultMBeanServerInterceptor.registerMBean(DefaultMBeanServerInterceptor.java:324)
	at com.sun.jmx.mbeanserver.JmxMBeanServer.registerMBean(JmxMBeanServer.java:522)
	at org.apache.zookeeper.jmx.ManagedUtil.registerLog4jMBeans(ManagedUtil.java:72)
	at org.apache.zookeeper.server.quorum.QuorumPeerMain.runFromConfig(QuorumPeerMain.java:147)
	at org.apache.zookeeper.server.quorum.QuorumPeerMain.initializeAndRun(QuorumPeerMain.java:137)
	at org.apache.zookeeper.server.quorum.QuorumPeerTestBase$MainThread.run(QuorumPeerTestBase.java:329)
	at java.lang.Thread.run(Thread.java:745)
2021-11-08 11:11:48,025 [myid:2] - WARN  [Thread-39:QuorumPeerMain@149] - Unable to register log4j JMX control
javax.management.JMException: javax.management.InstanceAlreadyExistsException: log4j:hierarchy=default
	at org.apache.zookeeper.jmx.ManagedUtil.registerLog4jMBeans(ManagedUtil.java:110)
	at org.apache.zookeeper.server.quorum.QuorumPeerMain.runFromConfig(QuorumPeerMain.java:147)
	at org.apache.zookeeper.server.quorum.QuorumPeerMain.initializeAndRun(QuorumPeerMain.java:137)
	at org.apache.zookeeper.server.quorum.QuorumPeerTestBase$MainThread.run(QuorumPeerTestBase.java:329)
	at java.lang.Thread.run(Thread.java:745)
2021-11-08 11:11:48,025 [myid:2] - INFO  [Thread-39:QuorumPeerMain@152] - Starting quorum peer, myid=2
2021-11-08 11:11:48,025 [myid:2] - INFO  [Thread-39:ServerMetrics@62] - ServerMetrics initialized with provider org.apache.zookeeper.metrics.impl.DefaultMetricsProvider@3704e02c
2021-11-08 11:11:48,027 [myid:2] - INFO  [Thread-39:DigestAuthenticationProvider@61] - zookeeper.DigestAuthenticationProvider.enabled = true
2021-11-08 11:11:48,027 [myid:2] - INFO  [Thread-39:ServerCnxnFactory@169] - Using org.apache.zookeeper.server.NIOServerCnxnFactory as server connection factory
2021-11-08 11:11:48,027 [myid:2] - WARN  [Thread-39:ServerCnxnFactory@309] - maxCnxns is not configured, using default value 0.
2021-11-08 11:11:48,027 [myid:2] - INFO  [Thread-39:NIOServerCnxnFactory@652] - Configuring NIO connection handler with 10s sessionless connection timeout, 1 selector thread(s), 12 worker threads, and 64 kB direct buffers.
2021-11-08 11:11:48,028 [myid:2] - INFO  [Thread-39:NIOServerCnxnFactory@660] - binding to port /0.0.0.0:16755
2021-11-08 11:11:48,029 [myid:] - INFO  [Thread-38:QuorumPeerConfig@174] - Reading configuration from: D:\mysoft\faiscoGit\myStudy\ZooKeeperLearning\apache-zookeeper-3.7.0\zookeeper-server\target\surefire\test5452865623181005642.junit.dir\zoo.cfg
2021-11-08 11:11:48,030 [myid:] - INFO  [Thread-38:QuorumPeerConfig@444] - clientPortAddress is 0.0.0.0:16754
2021-11-08 11:11:48,030 [myid:] - INFO  [Thread-38:QuorumPeerConfig@448] - secureClientPort is not set
2021-11-08 11:11:48,030 [myid:] - INFO  [Thread-38:QuorumPeerConfig@464] - observerMasterPort is not set
2021-11-08 11:11:48,030 [myid:] - INFO  [Thread-38:QuorumPeerConfig@481] - metricsProvider.className is org.apache.zookeeper.metrics.impl.DefaultMetricsProvider
2021-11-08 11:11:48,030 [myid:] - WARN  [Thread-38:QuorumPeerConfig@713] - No server failure will be tolerated. You need at least 3 servers.
2021-11-08 11:11:48,030 [myid:1] - INFO  [Thread-38:DatadirCleanupManager@78] - autopurge.snapRetainCount set to 3
2021-11-08 11:11:48,030 [myid:1] - INFO  [Thread-38:DatadirCleanupManager@79] - autopurge.purgeInterval set to 0
2021-11-08 11:11:48,030 [myid:1] - INFO  [Thread-38:DatadirCleanupManager@101] - Purge task is not scheduled.
2021-11-08 11:11:48,030 [myid:1] - INFO  [Thread-38:ManagedUtil@44] - Log4j 1.2 jmx support found and enabled.
2021-11-08 11:11:48,031 [myid:1] - ERROR [Thread-38:ManagedUtil@109] - Problems while registering log4j 1.2 jmx beans!
javax.management.InstanceAlreadyExistsException: log4j:hierarchy=default
	at com.sun.jmx.mbeanserver.Repository.addMBean(Repository.java:437)
	at com.sun.jmx.interceptor.DefaultMBeanServerInterceptor.registerWithRepository(DefaultMBeanServerInterceptor.java:1898)
	at com.sun.jmx.interceptor.DefaultMBeanServerInterceptor.registerDynamicMBean(DefaultMBeanServerInterceptor.java:966)
	at com.sun.jmx.interceptor.DefaultMBeanServerInterceptor.registerObject(DefaultMBeanServerInterceptor.java:900)
	at com.sun.jmx.interceptor.DefaultMBeanServerInterceptor.registerMBean(DefaultMBeanServerInterceptor.java:324)
	at com.sun.jmx.mbeanserver.JmxMBeanServer.registerMBean(JmxMBeanServer.java:522)
	at org.apache.zookeeper.jmx.ManagedUtil.registerLog4jMBeans(ManagedUtil.java:72)
	at org.apache.zookeeper.server.quorum.QuorumPeerMain.runFromConfig(QuorumPeerMain.java:147)
	at org.apache.zookeeper.server.quorum.QuorumPeerMain.initializeAndRun(QuorumPeerMain.java:137)
	at org.apache.zookeeper.server.quorum.QuorumPeerTestBase$MainThread.run(QuorumPeerTestBase.java:329)
	at java.lang.Thread.run(Thread.java:745)
2021-11-08 11:11:48,031 [myid:1] - WARN  [Thread-38:QuorumPeerMain@149] - Unable to register log4j JMX control
javax.management.JMException: javax.management.InstanceAlreadyExistsException: log4j:hierarchy=default
	at org.apache.zookeeper.jmx.ManagedUtil.registerLog4jMBeans(ManagedUtil.java:110)
	at org.apache.zookeeper.server.quorum.QuorumPeerMain.runFromConfig(QuorumPeerMain.java:147)
	at org.apache.zookeeper.server.quorum.QuorumPeerMain.initializeAndRun(QuorumPeerMain.java:137)
	at org.apache.zookeeper.server.quorum.QuorumPeerTestBase$MainThread.run(QuorumPeerTestBase.java:329)
	at java.lang.Thread.run(Thread.java:745)
2021-11-08 11:11:48,034 [myid:1] - INFO  [Thread-38:QuorumPeerMain@152] - Starting quorum peer, myid=1
2021-11-08 11:11:48,036 [myid:1] - INFO  [Thread-38:ServerMetrics@62] - ServerMetrics initialized with provider org.apache.zookeeper.metrics.impl.DefaultMetricsProvider@7a40381f
2021-11-08 11:11:48,037 [myid:1] - INFO  [Thread-38:DigestAuthenticationProvider@61] - zookeeper.DigestAuthenticationProvider.enabled = true
2021-11-08 11:11:48,037 [myid:1] - INFO  [Thread-38:ServerCnxnFactory@169] - Using org.apache.zookeeper.server.NIOServerCnxnFactory as server connection factory
2021-11-08 11:11:48,037 [myid:1] - WARN  [Thread-38:ServerCnxnFactory@309] - maxCnxns is not configured, using default value 0.
2021-11-08 11:11:48,037 [myid:1] - INFO  [Thread-38:NIOServerCnxnFactory@652] - Configuring NIO connection handler with 10s sessionless connection timeout, 1 selector thread(s), 12 worker threads, and 64 kB direct buffers.
2021-11-08 11:11:48,037 [myid:2] - INFO  [Thread-39:FileTxnSnapLog@124] - zookeeper.snapshot.trust.empty : false
2021-11-08 11:11:48,038 [myid:2] - INFO  [Thread-39:QuorumPeer@1742] - Local sessions disabled
2021-11-08 11:11:48,038 [myid:2] - INFO  [Thread-39:QuorumPeer@1753] - Local session upgrading disabled
2021-11-08 11:11:48,038 [myid:2] - INFO  [Thread-39:QuorumPeer@1720] - tickTime set to 4000
2021-11-08 11:11:48,039 [myid:2] - INFO  [Thread-39:QuorumPeer@1764] - minSessionTimeout set to 8000
2021-11-08 11:11:48,039 [myid:2] - INFO  [Thread-39:QuorumPeer@1775] - maxSessionTimeout set to 80000
2021-11-08 11:11:48,039 [myid:2] - INFO  [Thread-39:QuorumPeer@1800] - initLimit set to 10
2021-11-08 11:11:48,039 [myid:2] - INFO  [Thread-39:QuorumPeer@1987] - syncLimit set to 5
2021-11-08 11:11:48,039 [myid:2] - INFO  [Thread-39:QuorumPeer@2002] - connectToLearnerMasterLimit set to 5
2021-11-08 11:11:48,039 [myid:2] - INFO  [Thread-39:WatchManagerFactory@42] - Using org.apache.zookeeper.server.watch.WatchManager as watch manager
2021-11-08 11:11:48,039 [myid:2] - INFO  [Thread-39:WatchManagerFactory@42] - Using org.apache.zookeeper.server.watch.WatchManager as watch manager
2021-11-08 11:11:48,039 [myid:2] - INFO  [Thread-39:ZKDatabase@133] - zookeeper.snapshotSizeFactor = 0.33
2021-11-08 11:11:48,039 [myid:2] - INFO  [Thread-39:ZKDatabase@153] - zookeeper.commitLogCount=500
2021-11-08 11:11:48,039 [myid:1] - INFO  [Thread-38:NIOServerCnxnFactory@660] - binding to port /0.0.0.0:16754
2021-11-08 11:11:48,039 [myid:2] - INFO  [Thread-39:QuorumPeer@2066] - Using insecure (non-TLS) quorum communication
2021-11-08 11:11:48,040 [myid:2] - INFO  [Thread-39:QuorumPeer@2072] - Port unification disabled
2021-11-08 11:11:48,040 [myid:2] - INFO  [Thread-39:QuorumPeer@179] - multiAddress.enabled set to false
2021-11-08 11:11:48,040 [myid:2] - INFO  [Thread-39:QuorumPeer@204] - multiAddress.reachabilityCheckEnabled set to true
2021-11-08 11:11:48,040 [myid:2] - INFO  [Thread-39:QuorumPeer@191] - multiAddress.reachabilityCheckTimeoutMs set to 1000
2021-11-08 11:11:48,040 [myid:2] - INFO  [Thread-39:QuorumPeer@2527] - QuorumPeer communication is not secured! (SASL auth disabled)
2021-11-08 11:11:48,040 [myid:2] - INFO  [Thread-39:QuorumPeer@2552] - quorum.cnxn.threads.size set to 20
2021-11-08 11:11:48,040 [myid:2] - INFO  [Thread-39:FileTxnSnapLog@479] - Snapshotting: 0x0 to D:\mysoft\faiscoGit\myStudy\ZooKeeperLearning\apache-zookeeper-3.7.0\zookeeper-server\target\surefire\test5277234156725132312.junit.dir\data\version-2\snapshot.0
2021-11-08 11:11:48,041 [myid:1] - INFO  [Thread-38:FileTxnSnapLog@124] - zookeeper.snapshot.trust.empty : false
2021-11-08 11:11:48,041 [myid:1] - INFO  [Thread-38:QuorumPeer@1742] - Local sessions disabled
2021-11-08 11:11:48,041 [myid:2] - INFO  [Thread-39:ZKDatabase@290] - Snapshot loaded in 2 ms, highest zxid is 0x0, digest is 1371985504
2021-11-08 11:11:48,041 [myid:1] - INFO  [Thread-38:QuorumPeer@1753] - Local session upgrading disabled
2021-11-08 11:11:48,042 [myid:1] - INFO  [Thread-38:QuorumPeer@1720] - tickTime set to 4000
2021-11-08 11:11:48,042 [myid:2] - INFO  [Thread-39:QuorumPeer@1157] - currentEpoch not found! Creating with a reasonable default of 0. This should only happen when you are upgrading your installation
2021-11-08 11:11:48,042 [myid:1] - INFO  [Thread-38:QuorumPeer@1764] - minSessionTimeout set to 8000
2021-11-08 11:11:48,042 [myid:1] - INFO  [Thread-38:QuorumPeer@1775] - maxSessionTimeout set to 80000
2021-11-08 11:11:48,042 [myid:1] - INFO  [Thread-38:QuorumPeer@1800] - initLimit set to 10
2021-11-08 11:11:48,042 [myid:1] - INFO  [Thread-38:QuorumPeer@1987] - syncLimit set to 5
2021-11-08 11:11:48,042 [myid:1] - INFO  [Thread-38:QuorumPeer@2002] - connectToLearnerMasterLimit set to 5
2021-11-08 11:11:48,042 [myid:1] - INFO  [Thread-38:WatchManagerFactory@42] - Using org.apache.zookeeper.server.watch.WatchManager as watch manager
2021-11-08 11:11:48,042 [myid:1] - INFO  [Thread-38:WatchManagerFactory@42] - Using org.apache.zookeeper.server.watch.WatchManager as watch manager
2021-11-08 11:11:48,042 [myid:1] - INFO  [Thread-38:ZKDatabase@133] - zookeeper.snapshotSizeFactor = 0.33
2021-11-08 11:11:48,042 [myid:1] - INFO  [Thread-38:ZKDatabase@153] - zookeeper.commitLogCount=500
2021-11-08 11:11:48,042 [myid:1] - INFO  [Thread-38:QuorumPeer@2066] - Using insecure (non-TLS) quorum communication
2021-11-08 11:11:48,042 [myid:1] - INFO  [Thread-38:QuorumPeer@2072] - Port unification disabled
2021-11-08 11:11:48,042 [myid:1] - INFO  [Thread-38:QuorumPeer@179] - multiAddress.enabled set to false
2021-11-08 11:11:48,043 [myid:1] - INFO  [Thread-38:QuorumPeer@204] - multiAddress.reachabilityCheckEnabled set to true
2021-11-08 11:11:48,043 [myid:1] - INFO  [Thread-38:QuorumPeer@191] - multiAddress.reachabilityCheckTimeoutMs set to 1000
2021-11-08 11:11:48,043 [myid:1] - INFO  [Thread-38:QuorumPeer@2527] - QuorumPeer communication is not secured! (SASL auth disabled)
2021-11-08 11:11:48,043 [myid:1] - INFO  [Thread-38:QuorumPeer@2552] - quorum.cnxn.threads.size set to 20
2021-11-08 11:11:48,043 [myid:1] - INFO  [Thread-38:FileTxnSnapLog@479] - Snapshotting: 0x0 to D:\mysoft\faiscoGit\myStudy\ZooKeeperLearning\apache-zookeeper-3.7.0\zookeeper-server\target\surefire\test5452865623181005642.junit.dir\data\version-2\snapshot.0
2021-11-08 11:11:48,045 [myid:1] - INFO  [Thread-38:ZKDatabase@290] - Snapshot loaded in 2 ms, highest zxid is 0x0, digest is 1371985504
2021-11-08 11:11:48,045 [myid:1] - INFO  [Thread-38:QuorumPeer@1157] - currentEpoch not found! Creating with a reasonable default of 0. This should only happen when you are upgrading your installation
2021-11-08 11:11:48,046 [myid:2] - INFO  [Thread-39:QuorumPeer@1177] - acceptedEpoch not found! Creating with a reasonable default of 0. This should only happen when you are upgrading your installation
2021-11-08 11:11:48,049 [myid:1] - INFO  [Thread-38:QuorumPeer@1177] - acceptedEpoch not found! Creating with a reasonable default of 0. This should only happen when you are upgrading your installation
2021-11-08 11:11:48,052 [myid:2] - INFO  [Thread-39:QuorumPeer@2569] - Using 20000ms as the quorum cnxn socket timeout
2021-11-08 11:11:48,053 [myid:1] - INFO  [Thread-38:QuorumPeer@2569] - Using 20000ms as the quorum cnxn socket timeout
2021-11-08 11:11:48,053 [myid:1] - INFO  [Thread-38:QuorumCnxManager$Listener@924] - Election port bind maximum retries is 3
2021-11-08 11:11:48,053 [myid:2] - INFO  [Thread-39:QuorumCnxManager$Listener@924] - Election port bind maximum retries is 3
2021-11-08 11:11:48,057 [myid:1] - WARN  [QuorumPeer[myid=1](plain=[0:0:0:0:0:0:0:0]:16754)(secure=disabled):MBeanRegistry@110] - Failed to register MBean ReplicatedServer_id1
2021-11-08 11:11:48,057 [myid:1] - WARN  [QuorumPeer[myid=1](plain=[0:0:0:0:0:0:0:0]:16754)(secure=disabled):QuorumPeer@1415] - Failed to register with JMX
javax.management.InstanceAlreadyExistsException: org.apache.ZooKeeperService:name0=ReplicatedServer_id1
	at com.sun.jmx.mbeanserver.Repository.addMBean(Repository.java:437)
	at com.sun.jmx.interceptor.DefaultMBeanServerInterceptor.registerWithRepository(DefaultMBeanServerInterceptor.java:1898)
	at com.sun.jmx.interceptor.DefaultMBeanServerInterceptor.registerDynamicMBean(DefaultMBeanServerInterceptor.java:966)
	at com.sun.jmx.interceptor.DefaultMBeanServerInterceptor.registerObject(DefaultMBeanServerInterceptor.java:900)
	at com.sun.jmx.interceptor.DefaultMBeanServerInterceptor.registerMBean(DefaultMBeanServerInterceptor.java:324)
	at com.sun.jmx.mbeanserver.JmxMBeanServer.registerMBean(JmxMBeanServer.java:522)
	at org.apache.zookeeper.jmx.MBeanRegistry.register(MBeanRegistry.java:106)
	at org.apache.zookeeper.server.quorum.QuorumPeer.run(QuorumPeer.java:1393)
2021-11-08 11:11:48,057 [myid:1] - INFO  [QuorumPeer[myid=1](plain=[0:0:0:0:0:0:0:0]:16754)(secure=disabled):QuorumPeer@1430] - LOOKING
2021-11-08 11:11:48,057 [myid:1] - WARN  [QuorumPeer[myid=1](plain=[0:0:0:0:0:0:0:0]:16754)(secure=disabled):MBeanRegistry@110] - Failed to register MBean LeaderElection
2021-11-08 11:11:48,057 [myid:1] - WARN  [QuorumPeer[myid=1](plain=[0:0:0:0:0:0:0:0]:16754)(secure=disabled):FastLeaderElection@916] - Failed to register with JMX
javax.management.InstanceAlreadyExistsException: org.apache.ZooKeeperService:name0=LeaderElection
	at com.sun.jmx.mbeanserver.Repository.addMBean(Repository.java:437)
	at com.sun.jmx.interceptor.DefaultMBeanServerInterceptor.registerWithRepository(DefaultMBeanServerInterceptor.java:1898)
	at com.sun.jmx.interceptor.DefaultMBeanServerInterceptor.registerDynamicMBean(DefaultMBeanServerInterceptor.java:966)
	at com.sun.jmx.interceptor.DefaultMBeanServerInterceptor.registerObject(DefaultMBeanServerInterceptor.java:900)
	at com.sun.jmx.interceptor.DefaultMBeanServerInterceptor.registerMBean(DefaultMBeanServerInterceptor.java:324)
	at com.sun.jmx.mbeanserver.JmxMBeanServer.registerMBean(JmxMBeanServer.java:522)
	at org.apache.zookeeper.jmx.MBeanRegistry.register(MBeanRegistry.java:106)
	at org.apache.zookeeper.server.quorum.FastLeaderElection.lookForLeader(FastLeaderElection.java:914)
	at org.apache.zookeeper.server.quorum.QuorumPeer.run(QuorumPeer.java:1484)
2021-11-08 11:11:48,057 [myid:1] - INFO  [QuorumPeer[myid=1](plain=[0:0:0:0:0:0:0:0]:16754)(secure=disabled):FastLeaderElection@947] - New election. My id = 1, proposed zxid=0x0
2021-11-08 11:11:48,057 [myid:2] - WARN  [QuorumPeer[myid=2](plain=[0:0:0:0:0:0:0:0]:16755)(secure=disabled):MBeanRegistry@110] - Failed to register MBean ReplicatedServer_id2
2021-11-08 11:11:48,057 [myid:2] - WARN  [QuorumPeer[myid=2](plain=[0:0:0:0:0:0:0:0]:16755)(secure=disabled):QuorumPeer@1415] - Failed to register with JMX
javax.management.InstanceAlreadyExistsException: org.apache.ZooKeeperService:name0=ReplicatedServer_id2
	at com.sun.jmx.mbeanserver.Repository.addMBean(Repository.java:437)
	at com.sun.jmx.interceptor.DefaultMBeanServerInterceptor.registerWithRepository(DefaultMBeanServerInterceptor.java:1898)
	at com.sun.jmx.interceptor.DefaultMBeanServerInterceptor.registerDynamicMBean(DefaultMBeanServerInterceptor.java:966)
	at com.sun.jmx.interceptor.DefaultMBeanServerInterceptor.registerObject(DefaultMBeanServerInterceptor.java:900)
	at com.sun.jmx.interceptor.DefaultMBeanServerInterceptor.registerMBean(DefaultMBeanServerInterceptor.java:324)
	at com.sun.jmx.mbeanserver.JmxMBeanServer.registerMBean(JmxMBeanServer.java:522)
	at org.apache.zookeeper.jmx.MBeanRegistry.register(MBeanRegistry.java:106)
	at org.apache.zookeeper.server.quorum.QuorumPeer.run(QuorumPeer.java:1393)
2021-11-08 11:11:48,057 [myid:2] - INFO  [QuorumPeer[myid=2](plain=[0:0:0:0:0:0:0:0]:16755)(secure=disabled):QuorumPeer@1430] - LOOKING
2021-11-08 11:11:48,057 [myid:2] - WARN  [QuorumPeer[myid=2](plain=[0:0:0:0:0:0:0:0]:16755)(secure=disabled):MBeanRegistry@110] - Failed to register MBean LeaderElection
2021-11-08 11:11:48,057 [myid:2] - WARN  [QuorumPeer[myid=2](plain=[0:0:0:0:0:0:0:0]:16755)(secure=disabled):FastLeaderElection@916] - Failed to register with JMX
javax.management.InstanceAlreadyExistsException: org.apache.ZooKeeperService:name0=LeaderElection
	at com.sun.jmx.mbeanserver.Repository.addMBean(Repository.java:437)
	at com.sun.jmx.interceptor.DefaultMBeanServerInterceptor.registerWithRepository(DefaultMBeanServerInterceptor.java:1898)
	at com.sun.jmx.interceptor.DefaultMBeanServerInterceptor.registerDynamicMBean(DefaultMBeanServerInterceptor.java:966)
	at com.sun.jmx.interceptor.DefaultMBeanServerInterceptor.registerObject(DefaultMBeanServerInterceptor.java:900)
	at com.sun.jmx.interceptor.DefaultMBeanServerInterceptor.registerMBean(DefaultMBeanServerInterceptor.java:324)
	at com.sun.jmx.mbeanserver.JmxMBeanServer.registerMBean(JmxMBeanServer.java:522)
	at org.apache.zookeeper.jmx.MBeanRegistry.register(MBeanRegistry.java:106)
	at org.apache.zookeeper.server.quorum.FastLeaderElection.lookForLeader(FastLeaderElection.java:914)
	at org.apache.zookeeper.server.quorum.QuorumPeer.run(QuorumPeer.java:1484)
2021-11-08 11:11:48,058 [myid:2] - INFO  [QuorumPeer[myid=2](plain=[0:0:0:0:0:0:0:0]:16755)(secure=disabled):FastLeaderElection@947] - New election. My id = 2, proposed zxid=0x0
2021-11-08 11:11:48,058 [myid:1] - INFO  [WorkerReceiver[myid=1]:FastLeaderElection$Messenger$WorkerReceiver@390] - Notification: my state:LOOKING; n.sid:1, n.state:LOOKING, n.leader:1, n.round:0x1, n.peerEpoch:0x0, n.zxid:0x0, message format version:0x2, n.config version:0x0
2021-11-08 11:11:48,058 [myid:2] - INFO  [WorkerReceiver[myid=2]:FastLeaderElection$Messenger$WorkerReceiver@390] - Notification: my state:LOOKING; n.sid:2, n.state:LOOKING, n.leader:2, n.round:0x1, n.peerEpoch:0x0, n.zxid:0x0, message format version:0x2, n.config version:0x0
2021-11-08 11:11:48,066 [myid:2] - INFO  [ListenerHandler-/127.0.0.1:16759:QuorumCnxManager$Listener$ListenerHandler@1066] - 2 is accepting connections now, my election bind port: /127.0.0.1:16759
2021-11-08 11:11:48,066 [myid:1] - INFO  [ListenerHandler-/127.0.0.1:16757:QuorumCnxManager$Listener$ListenerHandler@1066] - 1 is accepting connections now, my election bind port: /127.0.0.1:16757
2021-11-08 11:11:48,067 [myid:2] - INFO  [ListenerHandler-/127.0.0.1:16759:QuorumCnxManager$Listener$ListenerHandler@1071] - Received connection request from /127.0.0.1:9172
2021-11-08 11:11:48,068 [myid:1] - INFO  [QuorumConnectionThread-[myid=1]-1:QuorumCnxManager@514] - Have smaller server identifier, so dropping the connection: (myId:1 --> sid:2)
2021-11-08 11:11:48,259 [myid:2] - INFO  [QuorumPeer[myid=2](plain=[0:0:0:0:0:0:0:0]:16755)(secure=disabled):FastLeaderElection@984] - Notification time out: 400
2021-11-08 11:11:48,260 [myid:1] - INFO  [QuorumPeer[myid=1](plain=[0:0:0:0:0:0:0:0]:16754)(secure=disabled):FastLeaderElection@984] - Notification time out: 400
2021-11-08 11:11:48,261 [myid:2] - INFO  [ListenerHandler-/127.0.0.1:16759:QuorumCnxManager$Listener$ListenerHandler@1071] - Received connection request from /127.0.0.1:9176
2021-11-08 11:11:48,262 [myid:1] - INFO  [QuorumConnectionThread-[myid=1]-2:QuorumCnxManager@514] - Have smaller server identifier, so dropping the connection: (myId:1 --> sid:2)
2021-11-08 11:11:48,532 [myid:1] - INFO  [NIOWorkerThread-1:NIOServerCnxn@514] - Processing stat command from /127.0.0.1:9162
2021-11-08 11:11:48,555 [myid:0] - INFO  [QuorumPeer[myid=0](plain=127.0.0.1:16703)(secure=disabled):FastLeaderElection@984] - Notification time out: 6400
2021-11-08 11:11:48,579 [myid:1] - INFO  [ListenerHandler-/127.0.0.1:16757:QuorumCnxManager$Listener$ListenerHandler@1071] - Received connection request from /127.0.0.1:9171
2021-11-08 11:11:48,581 [myid:1] - INFO  [WorkerReceiver[myid=1]:FastLeaderElection$Messenger$WorkerReceiver@390] - Notification: my state:LOOKING; n.sid:2, n.state:LOOKING, n.leader:2, n.round:0x1, n.peerEpoch:0x0, n.zxid:0x0, message format version:0x2, n.config version:0x0
2021-11-08 11:11:48,581 [myid:2] - INFO  [WorkerReceiver[myid=2]:FastLeaderElection$Messenger$WorkerReceiver@390] - Notification: my state:LOOKING; n.sid:1, n.state:LOOKING, n.leader:1, n.round:0x1, n.peerEpoch:0x0, n.zxid:0x0, message format version:0x2, n.config version:0x0
2021-11-08 11:11:48,582 [myid:1] - INFO  [WorkerReceiver[myid=1]:FastLeaderElection$Messenger$WorkerReceiver@390] - Notification: my state:LOOKING; n.sid:1, n.state:LOOKING, n.leader:2, n.round:0x1, n.peerEpoch:0x0, n.zxid:0x0, message format version:0x2, n.config version:0x0
2021-11-08 11:11:48,582 [myid:2] - INFO  [WorkerReceiver[myid=2]:FastLeaderElection$Messenger$WorkerReceiver@390] - Notification: my state:LOOKING; n.sid:1, n.state:LOOKING, n.leader:2, n.round:0x1, n.peerEpoch:0x0, n.zxid:0x0, message format version:0x2, n.config version:0x0
2021-11-08 11:11:48,782 [myid:] - INFO  [main:FourLetterWordMain@94] - connecting to 127.0.0.1 16754
2021-11-08 11:11:48,784 [myid:1] - INFO  [QuorumPeer[myid=1](plain=[0:0:0:0:0:0:0:0]:16754)(secure=disabled):QuorumPeer@901] - Peer state changed: following
2021-11-08 11:11:48,784 [myid:1] - INFO  [QuorumPeer[myid=1](plain=[0:0:0:0:0:0:0:0]:16754)(secure=disabled):QuorumPeer@1512] - FOLLOWING
2021-11-08 11:11:48,787 [myid:1] - INFO  [QuorumPeer[myid=1](plain=[0:0:0:0:0:0:0:0]:16754)(secure=disabled):ZooKeeperServer@1300] - minSessionTimeout set to 8000
2021-11-08 11:11:48,787 [myid:1] - INFO  [QuorumPeer[myid=1](plain=[0:0:0:0:0:0:0:0]:16754)(secure=disabled):ZooKeeperServer@1309] - maxSessionTimeout set to 80000
2021-11-08 11:11:48,787 [myid:1] - INFO  [QuorumPeer[myid=1](plain=[0:0:0:0:0:0:0:0]:16754)(secure=disabled):ResponseCache@45] - getData response cache size is initialized with value 400.
2021-11-08 11:11:48,787 [myid:1] - INFO  [QuorumPeer[myid=1](plain=[0:0:0:0:0:0:0:0]:16754)(secure=disabled):ResponseCache@45] - getChildren response cache size is initialized with value 400.
2021-11-08 11:11:48,787 [myid:1] - INFO  [QuorumPeer[myid=1](plain=[0:0:0:0:0:0:0:0]:16754)(secure=disabled):RequestPathMetricsCollector@109] - zookeeper.pathStats.slotCapacity = 60
2021-11-08 11:11:48,787 [myid:1] - INFO  [QuorumPeer[myid=1](plain=[0:0:0:0:0:0:0:0]:16754)(secure=disabled):RequestPathMetricsCollector@110] - zookeeper.pathStats.slotDuration = 15
2021-11-08 11:11:48,787 [myid:1] - INFO  [QuorumPeer[myid=1](plain=[0:0:0:0:0:0:0:0]:16754)(secure=disabled):RequestPathMetricsCollector@111] - zookeeper.pathStats.maxDepth = 6
2021-11-08 11:11:48,787 [myid:1] - INFO  [QuorumPeer[myid=1](plain=[0:0:0:0:0:0:0:0]:16754)(secure=disabled):RequestPathMetricsCollector@112] - zookeeper.pathStats.initialDelay = 5
2021-11-08 11:11:48,787 [myid:1] - INFO  [QuorumPeer[myid=1](plain=[0:0:0:0:0:0:0:0]:16754)(secure=disabled):RequestPathMetricsCollector@113] - zookeeper.pathStats.delay = 5
2021-11-08 11:11:48,787 [myid:1] - INFO  [QuorumPeer[myid=1](plain=[0:0:0:0:0:0:0:0]:16754)(secure=disabled):RequestPathMetricsCollector@114] - zookeeper.pathStats.enabled = false
2021-11-08 11:11:48,788 [myid:1] - INFO  [QuorumPeer[myid=1](plain=[0:0:0:0:0:0:0:0]:16754)(secure=disabled):ZooKeeperServer@1536] - The max bytes for all large requests are set to 104857600
2021-11-08 11:11:48,788 [myid:1] - INFO  [QuorumPeer[myid=1](plain=[0:0:0:0:0:0:0:0]:16754)(secure=disabled):ZooKeeperServer@1550] - The large request threshold is set to -1
2021-11-08 11:11:48,788 [myid:1] - INFO  [QuorumPeer[myid=1](plain=[0:0:0:0:0:0:0:0]:16754)(secure=disabled):AuthenticationHelper@66] - zookeeper.enforce.auth.enabled = false
2021-11-08 11:11:48,788 [myid:1] - INFO  [QuorumPeer[myid=1](plain=[0:0:0:0:0:0:0:0]:16754)(secure=disabled):AuthenticationHelper@67] - zookeeper.enforce.auth.schemes = []
2021-11-08 11:11:48,788 [myid:1] - INFO  [QuorumPeer[myid=1](plain=[0:0:0:0:0:0:0:0]:16754)(secure=disabled):ZooKeeperServer@361] - Created server with tickTime 4000 minSessionTimeout 8000 maxSessionTimeout 80000 clientPortListenBacklog -1 datadir D:\mysoft\faiscoGit\myStudy\ZooKeeperLearning\apache-zookeeper-3.7.0\zookeeper-server\target\surefire\test5452865623181005642.junit.dir\data\version-2 snapdir D:\mysoft\faiscoGit\myStudy\ZooKeeperLearning\apache-zookeeper-3.7.0\zookeeper-server\target\surefire\test5452865623181005642.junit.dir\data\version-2
2021-11-08 11:11:48,788 [myid:1] - INFO  [QuorumPeer[myid=1](plain=[0:0:0:0:0:0:0:0]:16754)(secure=disabled):Follower@77] - FOLLOWING - LEADER ELECTION TOOK - 731 MS
2021-11-08 11:11:48,788 [myid:1] - WARN  [QuorumPeer[myid=1](plain=[0:0:0:0:0:0:0:0]:16754)(secure=disabled):MBeanRegistry@110] - Failed to register MBean Follower
2021-11-08 11:11:48,788 [myid:1] - WARN  [QuorumPeer[myid=1](plain=[0:0:0:0:0:0:0:0]:16754)(secure=disabled):LearnerZooKeeperServer@124] - Failed to register with JMX
javax.management.InstanceAlreadyExistsException: org.apache.ZooKeeperService:name0=Follower
	at com.sun.jmx.mbeanserver.Repository.addMBean(Repository.java:437)
	at com.sun.jmx.interceptor.DefaultMBeanServerInterceptor.registerWithRepository(DefaultMBeanServerInterceptor.java:1898)
	at com.sun.jmx.interceptor.DefaultMBeanServerInterceptor.registerDynamicMBean(DefaultMBeanServerInterceptor.java:966)
	at com.sun.jmx.interceptor.DefaultMBeanServerInterceptor.registerObject(DefaultMBeanServerInterceptor.java:900)
	at com.sun.jmx.interceptor.DefaultMBeanServerInterceptor.registerMBean(DefaultMBeanServerInterceptor.java:324)
	at com.sun.jmx.mbeanserver.JmxMBeanServer.registerMBean(JmxMBeanServer.java:522)
	at org.apache.zookeeper.jmx.MBeanRegistry.register(MBeanRegistry.java:106)
	at org.apache.zookeeper.server.quorum.LearnerZooKeeperServer.registerJMX(LearnerZooKeeperServer.java:122)
	at org.apache.zookeeper.server.quorum.Follower.followLeader(Follower.java:80)
	at org.apache.zookeeper.server.quorum.QuorumPeer.run(QuorumPeer.java:1515)
2021-11-08 11:11:48,788 [myid:1] - INFO  [QuorumPeer[myid=1](plain=[0:0:0:0:0:0:0:0]:16754)(secure=disabled):QuorumPeer@915] - Peer state changed: following - discovery
2021-11-08 11:11:48,790 [myid:2] - INFO  [QuorumPeer[myid=2](plain=[0:0:0:0:0:0:0:0]:16755)(secure=disabled):QuorumPeer@901] - Peer state changed: leading
2021-11-08 11:11:48,793 [myid:2] - INFO  [QuorumPeer[myid=2](plain=[0:0:0:0:0:0:0:0]:16755)(secure=disabled):QuorumPeer@1527] - LEADING
2021-11-08 11:11:48,793 [myid:2] - INFO  [QuorumPeer[myid=2](plain=[0:0:0:0:0:0:0:0]:16755)(secure=disabled):ZooKeeperServer@1300] - minSessionTimeout set to 8000
2021-11-08 11:11:48,793 [myid:2] - INFO  [QuorumPeer[myid=2](plain=[0:0:0:0:0:0:0:0]:16755)(secure=disabled):ZooKeeperServer@1309] - maxSessionTimeout set to 80000
2021-11-08 11:11:48,793 [myid:2] - INFO  [QuorumPeer[myid=2](plain=[0:0:0:0:0:0:0:0]:16755)(secure=disabled):ResponseCache@45] - getData response cache size is initialized with value 400.
2021-11-08 11:11:48,793 [myid:2] - INFO  [QuorumPeer[myid=2](plain=[0:0:0:0:0:0:0:0]:16755)(secure=disabled):ResponseCache@45] - getChildren response cache size is initialized with value 400.
2021-11-08 11:11:48,793 [myid:2] - INFO  [QuorumPeer[myid=2](plain=[0:0:0:0:0:0:0:0]:16755)(secure=disabled):RequestPathMetricsCollector@109] - zookeeper.pathStats.slotCapacity = 60
2021-11-08 11:11:48,793 [myid:2] - INFO  [QuorumPeer[myid=2](plain=[0:0:0:0:0:0:0:0]:16755)(secure=disabled):RequestPathMetricsCollector@110] - zookeeper.pathStats.slotDuration = 15
2021-11-08 11:11:48,793 [myid:2] - INFO  [QuorumPeer[myid=2](plain=[0:0:0:0:0:0:0:0]:16755)(secure=disabled):RequestPathMetricsCollector@111] - zookeeper.pathStats.maxDepth = 6
2021-11-08 11:11:48,793 [myid:2] - INFO  [QuorumPeer[myid=2](plain=[0:0:0:0:0:0:0:0]:16755)(secure=disabled):RequestPathMetricsCollector@112] - zookeeper.pathStats.initialDelay = 5
2021-11-08 11:11:48,793 [myid:2] - INFO  [QuorumPeer[myid=2](plain=[0:0:0:0:0:0:0:0]:16755)(secure=disabled):RequestPathMetricsCollector@113] - zookeeper.pathStats.delay = 5
2021-11-08 11:11:48,793 [myid:2] - INFO  [QuorumPeer[myid=2](plain=[0:0:0:0:0:0:0:0]:16755)(secure=disabled):RequestPathMetricsCollector@114] - zookeeper.pathStats.enabled = false
2021-11-08 11:11:48,793 [myid:1] - INFO  [NIOWorkerThread-2:NIOServerCnxn@514] - Processing stat command from /127.0.0.1:9193
2021-11-08 11:11:48,793 [myid:2] - INFO  [QuorumPeer[myid=2](plain=[0:0:0:0:0:0:0:0]:16755)(secure=disabled):ZooKeeperServer@1536] - The max bytes for all large requests are set to 104857600
2021-11-08 11:11:48,793 [myid:2] - INFO  [QuorumPeer[myid=2](plain=[0:0:0:0:0:0:0:0]:16755)(secure=disabled):ZooKeeperServer@1550] - The large request threshold is set to -1
2021-11-08 11:11:48,793 [myid:2] - INFO  [QuorumPeer[myid=2](plain=[0:0:0:0:0:0:0:0]:16755)(secure=disabled):AuthenticationHelper@66] - zookeeper.enforce.auth.enabled = false
2021-11-08 11:11:48,793 [myid:2] - INFO  [QuorumPeer[myid=2](plain=[0:0:0:0:0:0:0:0]:16755)(secure=disabled):AuthenticationHelper@67] - zookeeper.enforce.auth.schemes = []
2021-11-08 11:11:48,793 [myid:2] - INFO  [QuorumPeer[myid=2](plain=[0:0:0:0:0:0:0:0]:16755)(secure=disabled):ZooKeeperServer@361] - Created server with tickTime 4000 minSessionTimeout 8000 maxSessionTimeout 80000 clientPortListenBacklog -1 datadir D:\mysoft\faiscoGit\myStudy\ZooKeeperLearning\apache-zookeeper-3.7.0\zookeeper-server\target\surefire\test5277234156725132312.junit.dir\data\version-2 snapdir D:\mysoft\faiscoGit\myStudy\ZooKeeperLearning\apache-zookeeper-3.7.0\zookeeper-server\target\surefire\test5277234156725132312.junit.dir\data\version-2
2021-11-08 11:11:48,794 [myid:2] - INFO  [QuorumPeer[myid=2](plain=[0:0:0:0:0:0:0:0]:16755)(secure=disabled):Leader@584] - LEADING - LEADER ELECTION TOOK - 736 MS
2021-11-08 11:11:48,794 [myid:2] - WARN  [QuorumPeer[myid=2](plain=[0:0:0:0:0:0:0:0]:16755)(secure=disabled):MBeanRegistry@110] - Failed to register MBean Leader
2021-11-08 11:11:48,794 [myid:2] - WARN  [QuorumPeer[myid=2](plain=[0:0:0:0:0:0:0:0]:16755)(secure=disabled):LeaderZooKeeperServer@235] - Failed to register with JMX
javax.management.InstanceAlreadyExistsException: org.apache.ZooKeeperService:name0=Leader
	at com.sun.jmx.mbeanserver.Repository.addMBean(Repository.java:437)
	at com.sun.jmx.interceptor.DefaultMBeanServerInterceptor.registerWithRepository(DefaultMBeanServerInterceptor.java:1898)
	at com.sun.jmx.interceptor.DefaultMBeanServerInterceptor.registerDynamicMBean(DefaultMBeanServerInterceptor.java:966)
	at com.sun.jmx.interceptor.DefaultMBeanServerInterceptor.registerObject(DefaultMBeanServerInterceptor.java:900)
	at com.sun.jmx.interceptor.DefaultMBeanServerInterceptor.registerMBean(DefaultMBeanServerInterceptor.java:324)
	at com.sun.jmx.mbeanserver.JmxMBeanServer.registerMBean(JmxMBeanServer.java:522)
	at org.apache.zookeeper.jmx.MBeanRegistry.register(MBeanRegistry.java:106)
	at org.apache.zookeeper.server.quorum.LeaderZooKeeperServer.registerJMX(LeaderZooKeeperServer.java:233)
	at org.apache.zookeeper.server.quorum.Leader.lead(Leader.java:588)
	at org.apache.zookeeper.server.quorum.QuorumPeer.run(QuorumPeer.java:1530)
2021-11-08 11:11:48,794 [myid:2] - INFO  [QuorumPeer[myid=2](plain=[0:0:0:0:0:0:0:0]:16755)(secure=disabled):QuorumPeer@915] - Peer state changed: leading - discovery
2021-11-08 11:11:48,794 [myid:2] - INFO  [QuorumPeer[myid=2](plain=[0:0:0:0:0:0:0:0]:16755)(secure=disabled):FileTxnSnapLog@479] - Snapshotting: 0x0 to D:\mysoft\faiscoGit\myStudy\ZooKeeperLearning\apache-zookeeper-3.7.0\zookeeper-server\target\surefire\test5277234156725132312.junit.dir\data\version-2\snapshot.0
2021-11-08 11:11:48,797 [myid:2] - INFO  [QuorumPeer[myid=2](plain=[0:0:0:0:0:0:0:0]:16755)(secure=disabled):ZooKeeperServer@543] - Snapshot taken in 3 ms
2021-11-08 11:11:49,044 [myid:] - INFO  [main:FourLetterWordMain@94] - connecting to 127.0.0.1 16754
2021-11-08 11:11:49,045 [myid:1] - INFO  [NIOWorkerThread-3:NIOServerCnxn@514] - Processing stat command from /127.0.0.1:9202
2021-11-08 11:11:49,297 [myid:] - INFO  [main:FourLetterWordMain@94] - connecting to 127.0.0.1 16754
2021-11-08 11:11:49,308 [myid:1] - INFO  [LeaderConnector-/127.0.0.1:16758:Learner$LeaderConnector@381] - Successfully connected to leader, using address: /127.0.0.1:16758
2021-11-08 11:11:49,335 [myid:1] - INFO  [NIOWorkerThread-4:NIOServerCnxn@514] - Processing stat command from /127.0.0.1:9203
2021-11-08 11:11:49,339 [myid:2] - INFO  [LearnerHandler-/127.0.0.1:9195:LearnerHandler@506] - Follower sid: 1 : info : 127.0.0.1:16756:16757:participant;0.0.0.0:16754
2021-11-08 11:11:49,343 [myid:2] - INFO  [QuorumPeer[myid=2](plain=[0:0:0:0:0:0:0:0]:16755)(secure=disabled):QuorumPeer@1870] - Dynamic reconfig is disabled, we don't store the last seen config.
2021-11-08 11:11:49,351 [myid:2] - INFO  [LearnerHandler-/127.0.0.1:9195:ZKDatabase@346] - On disk txn sync enabled with snapshotSizeFactor 0.33
2021-11-08 11:11:49,351 [myid:2] - INFO  [LearnerHandler-/127.0.0.1:9195:LearnerHandler@801] - Synchronizing with Learner sid: 1 maxCommittedLog=0x0 minCommittedLog=0x0 lastProcessedZxid=0x0 peerLastZxid=0x0
2021-11-08 11:11:49,351 [myid:2] - INFO  [LearnerHandler-/127.0.0.1:9195:LearnerHandler@846] - Sending DIFF zxid=0x0 for peer sid: 1
2021-11-08 11:11:49,351 [myid:1] - INFO  [QuorumPeer[myid=1](plain=[0:0:0:0:0:0:0:0]:16754)(secure=disabled):QuorumPeer@915] - Peer state changed: following - synchronization
2021-11-08 11:11:49,359 [myid:1] - INFO  [QuorumPeer[myid=1](plain=[0:0:0:0:0:0:0:0]:16754)(secure=disabled):Learner@562] - Getting a diff from the leader 0x0
2021-11-08 11:11:49,359 [myid:1] - INFO  [QuorumPeer[myid=1](plain=[0:0:0:0:0:0:0:0]:16754)(secure=disabled):QuorumPeer@920] - Peer state changed: following - synchronization - diff
2021-11-08 11:11:49,360 [myid:2] - INFO  [QuorumPeer[myid=2](plain=[0:0:0:0:0:0:0:0]:16755)(secure=disabled):QuorumPeer@915] - Peer state changed: leading - synchronization
2021-11-08 11:11:49,360 [myid:1] - INFO  [QuorumPeer[myid=1](plain=[0:0:0:0:0:0:0:0]:16754)(secure=disabled):Learner@734] - Learner received NEWLEADER message
2021-11-08 11:11:49,360 [myid:1] - INFO  [QuorumPeer[myid=1](plain=[0:0:0:0:0:0:0:0]:16754)(secure=disabled):QuorumPeer@1870] - Dynamic reconfig is disabled, we don't store the last seen config.
2021-11-08 11:11:49,366 [myid:1] - INFO  [QuorumPeer[myid=1](plain=[0:0:0:0:0:0:0:0]:16754)(secure=disabled):QuorumPeer@920] - Peer state changed: following - synchronization
2021-11-08 11:11:49,366 [myid:1] - INFO  [QuorumPeer[myid=1](plain=[0:0:0:0:0:0:0:0]:16754)(secure=disabled):CommitProcessor@491] - Configuring CommitProcessor with readBatchSize -1 commitBatchSize 1
2021-11-08 11:11:49,366 [myid:1] - INFO  [QuorumPeer[myid=1](plain=[0:0:0:0:0:0:0:0]:16754)(secure=disabled):CommitProcessor@452] - Configuring CommitProcessor with 6 worker threads.
2021-11-08 11:11:49,366 [myid:1] - INFO  [QuorumPeer[myid=1](plain=[0:0:0:0:0:0:0:0]:16754)(secure=disabled):FollowerRequestProcessor@59] - Initialized FollowerRequestProcessor with zookeeper.follower.skipLearnerRequestToNextProcessor as false
2021-11-08 11:11:49,367 [myid:1] - WARN  [QuorumPeer[myid=1](plain=[0:0:0:0:0:0:0:0]:16754)(secure=disabled):MBeanRegistry@110] - Failed to register MBean InMemoryDataTree
2021-11-08 11:11:49,367 [myid:1] - WARN  [QuorumPeer[myid=1](plain=[0:0:0:0:0:0:0:0]:16754)(secure=disabled):LearnerZooKeeperServer@104] - Failed to register with JMX
javax.management.InstanceAlreadyExistsException: org.apache.ZooKeeperService:name0=InMemoryDataTree
	at com.sun.jmx.mbeanserver.Repository.addMBean(Repository.java:437)
	at com.sun.jmx.interceptor.DefaultMBeanServerInterceptor.registerWithRepository(DefaultMBeanServerInterceptor.java:1898)
	at com.sun.jmx.interceptor.DefaultMBeanServerInterceptor.registerDynamicMBean(DefaultMBeanServerInterceptor.java:966)
	at com.sun.jmx.interceptor.DefaultMBeanServerInterceptor.registerObject(DefaultMBeanServerInterceptor.java:900)
	at com.sun.jmx.interceptor.DefaultMBeanServerInterceptor.registerMBean(DefaultMBeanServerInterceptor.java:324)
	at com.sun.jmx.mbeanserver.JmxMBeanServer.registerMBean(JmxMBeanServer.java:522)
	at org.apache.zookeeper.jmx.MBeanRegistry.register(MBeanRegistry.java:106)
	at org.apache.zookeeper.server.quorum.LearnerZooKeeperServer.registerJMX(LearnerZooKeeperServer.java:102)
	at org.apache.zookeeper.server.ZooKeeperServer.startupWithServerState(ZooKeeperServer.java:709)
	at org.apache.zookeeper.server.ZooKeeperServer.startupWithoutServing(ZooKeeperServer.java:692)
	at org.apache.zookeeper.server.quorum.Learner.syncWithLeader(Learner.java:757)
	at org.apache.zookeeper.server.quorum.Follower.followLeader(Follower.java:109)
	at org.apache.zookeeper.server.quorum.QuorumPeer.run(QuorumPeer.java:1515)
2021-11-08 11:11:49,422 [myid:2] - INFO  [QuorumPeer[myid=2](plain=[0:0:0:0:0:0:0:0]:16755)(secure=disabled):Leader@1495] - Have quorum of supporters, sids: [[1, 2]]; starting up and setting last processed zxid: 0x100000000
2021-11-08 11:11:49,422 [myid:2] - INFO  [QuorumPeer[myid=2](plain=[0:0:0:0:0:0:0:0]:16755)(secure=disabled):Leader@1517] - Dynamic reconfig feature is disabled, skip designatedLeader calculation and reconfig processing.
2021-11-08 11:11:49,423 [myid:2] - INFO  [QuorumPeer[myid=2](plain=[0:0:0:0:0:0:0:0]:16755)(secure=disabled):CommitProcessor@491] - Configuring CommitProcessor with readBatchSize -1 commitBatchSize 1
2021-11-08 11:11:49,423 [myid:2] - INFO  [QuorumPeer[myid=2](plain=[0:0:0:0:0:0:0:0]:16755)(secure=disabled):CommitProcessor@452] - Configuring CommitProcessor with 6 worker threads.
2021-11-08 11:11:49,423 [myid:2] - INFO  [QuorumPeer[myid=2](plain=[0:0:0:0:0:0:0:0]:16755)(secure=disabled):ProposalRequestProcessor@57] - zookeeper.forward_learner_requests_to_commit_processor_disabled = false
2021-11-08 11:11:49,423 [myid:2] - INFO  [QuorumPeer[myid=2](plain=[0:0:0:0:0:0:0:0]:16755)(secure=disabled):ContainerManager@84] - Using checkIntervalMs=60000 maxPerMinute=10000 maxNeverUsedIntervalMs=0
2021-11-08 11:11:49,423 [myid:2] - WARN  [QuorumPeer[myid=2](plain=[0:0:0:0:0:0:0:0]:16755)(secure=disabled):MBeanRegistry@110] - Failed to register MBean InMemoryDataTree
2021-11-08 11:11:49,423 [myid:2] - WARN  [QuorumPeer[myid=2](plain=[0:0:0:0:0:0:0:0]:16755)(secure=disabled):LeaderZooKeeperServer@215] - Failed to register with JMX
javax.management.InstanceAlreadyExistsException: org.apache.ZooKeeperService:name0=InMemoryDataTree
	at com.sun.jmx.mbeanserver.Repository.addMBean(Repository.java:437)
	at com.sun.jmx.interceptor.DefaultMBeanServerInterceptor.registerWithRepository(DefaultMBeanServerInterceptor.java:1898)
	at com.sun.jmx.interceptor.DefaultMBeanServerInterceptor.registerDynamicMBean(DefaultMBeanServerInterceptor.java:966)
	at com.sun.jmx.interceptor.DefaultMBeanServerInterceptor.registerObject(DefaultMBeanServerInterceptor.java:900)
	at com.sun.jmx.interceptor.DefaultMBeanServerInterceptor.registerMBean(DefaultMBeanServerInterceptor.java:324)
	at com.sun.jmx.mbeanserver.JmxMBeanServer.registerMBean(JmxMBeanServer.java:522)
	at org.apache.zookeeper.jmx.MBeanRegistry.register(MBeanRegistry.java:106)
	at org.apache.zookeeper.server.quorum.LeaderZooKeeperServer.registerJMX(LeaderZooKeeperServer.java:213)
	at org.apache.zookeeper.server.ZooKeeperServer.startupWithServerState(ZooKeeperServer.java:709)
	at org.apache.zookeeper.server.ZooKeeperServer.startup(ZooKeeperServer.java:688)
	at org.apache.zookeeper.server.quorum.LeaderZooKeeperServer.startup(LeaderZooKeeperServer.java:91)
	at org.apache.zookeeper.server.quorum.Leader.startZkServer(Leader.java:1521)
	at org.apache.zookeeper.server.quorum.Leader.lead(Leader.java:688)
	at org.apache.zookeeper.server.quorum.QuorumPeer.run(QuorumPeer.java:1530)
2021-11-08 11:11:49,423 [myid:2] - INFO  [QuorumPeer[myid=2](plain=[0:0:0:0:0:0:0:0]:16755)(secure=disabled):QuorumPeer@915] - Peer state changed: leading - broadcast
2021-11-08 11:11:49,424 [myid:1] - INFO  [QuorumPeer[myid=1](plain=[0:0:0:0:0:0:0:0]:16754)(secure=disabled):Learner@718] - Learner received UPTODATE message
2021-11-08 11:11:49,425 [myid:1] - INFO  [QuorumPeer[myid=1](plain=[0:0:0:0:0:0:0:0]:16754)(secure=disabled):QuorumPeer@915] - Peer state changed: following - broadcast
2021-11-08 11:11:49,471 [myid:2] - INFO  [ProcessThread(sid:2 cport:-1)::PrepRequestProcessor@137] - PrepRequestProcessor (sid:2) started, reconfigEnabled=false
2021-11-08 11:11:49,586 [myid:] - INFO  [main:FourLetterWordMain@94] - connecting to 127.0.0.1 16754
2021-11-08 11:11:49,587 [myid:1] - INFO  [NIOWorkerThread-5:NIOServerCnxn@514] - Processing stat command from /127.0.0.1:9207
2021-11-08 11:11:49,587 [myid:1] - INFO  [NIOWorkerThread-5:StatCommand@52] - Stat command output
2021-11-08 11:11:49,587 [myid:] - INFO  [main:FourLetterWordMain@94] - connecting to 127.0.0.1 16755
2021-11-08 11:11:49,588 [myid:2] - INFO  [NIOWorkerThread-1:NIOServerCnxn@514] - Processing stat command from /127.0.0.1:9208
2021-11-08 11:11:49,588 [myid:2] - INFO  [NIOWorkerThread-1:StatCommand@52] - Stat command output
2021-11-08 11:11:49,589 [myid:] - INFO  [main:QuorumPeerTestBase@64] - No servers to shutdown!
2021-11-08 11:11:49,590 [myid:] - INFO  [main:ZKTestCase@82] - FINISHED Optional[public void org.apache.zookeeper.server.quorum.QuorumPeerMainTest.testQuorum() throws java.lang.Exception]
]]></system-out>
  </testcase>
  <testcase name="testDiffSyncAfterSnap" classname="org.apache.zookeeper.server.quorum.QuorumPeerMainTest" time="0.005">
    <error type="java.lang.NullPointerException">java.lang.NullPointerException
	at org.apache.zookeeper.server.quorum.QuorumPeerMainTest.testDiffSyncAfterSnap(QuorumPeerMainTest.java:1739)
</error>
    <system-out><![CDATA[2021-11-08 11:11:49,591 [myid:] - INFO  [main:ZKTestCase@77] - STARTING Optional[public void org.apache.zookeeper.server.quorum.QuorumPeerMainTest.testDiffSyncAfterSnap() throws java.lang.Exception]
2021-11-08 11:11:49,591 [myid:] - INFO  [main:PortAssignment@87] - Assigned port 16760 from range 16607 - 19299.
2021-11-08 11:11:49,592 [myid:] - INFO  [main:PortAssignment@87] - Assigned port 16761 from range 16607 - 19299.
2021-11-08 11:11:49,592 [myid:] - INFO  [main:PortAssignment@87] - Assigned port 16762 from range 16607 - 19299.
2021-11-08 11:11:49,592 [myid:] - INFO  [main:PortAssignment@87] - Assigned port 16763 from range 16607 - 19299.
2021-11-08 11:11:49,592 [myid:] - INFO  [main:PortAssignment@87] - Assigned port 16764 from range 16607 - 19299.
2021-11-08 11:11:49,593 [myid:] - INFO  [main:PortAssignment@87] - Assigned port 16765 from range 16607 - 19299.
2021-11-08 11:11:49,593 [myid:] - INFO  [main:PortAssignment@87] - Assigned port 16766 from range 16607 - 19299.
2021-11-08 11:11:49,593 [myid:] - INFO  [main:PortAssignment@87] - Assigned port 16767 from range 16607 - 19299.
2021-11-08 11:11:49,593 [myid:] - INFO  [main:PortAssignment@87] - Assigned port 16768 from range 16607 - 19299.
2021-11-08 11:11:49,596 [myid:] - INFO  [main:QuorumPeerTestBase$MainThread@205] - id = 0 tmpDir = D:\mysoft\faiscoGit\myStudy\ZooKeeperLearning\apache-zookeeper-3.7.0\zookeeper-server\target\surefire\test8989717634716768558.junit.dir clientPort = 16760 adminServerPort = 8080
2021-11-08 11:11:49,597 [myid:] - INFO  [main:QuorumPeerTestBase@64] - No servers to shutdown!
2021-11-08 11:11:49,597 [myid:] - INFO  [main:ZKTestCase@82] - FINISHED Optional[public void org.apache.zookeeper.server.quorum.QuorumPeerMainTest.testDiffSyncAfterSnap() throws java.lang.Exception]
]]></system-out>
  </testcase>
  <testcase name="testMetricsProviderLifecycle" classname="org.apache.zookeeper.server.quorum.QuorumPeerMainTest" time="4.891"/>
  <testcase name="testFaultyMetricsProviderOnConfigure" classname="org.apache.zookeeper.server.quorum.QuorumPeerMainTest" time="9.262"/>
  <testcase name="testElectionFraud" classname="org.apache.zookeeper.server.quorum.QuorumPeerMainTest" time="0.007">
    <error message="org/apache/zookeeper/client/StaticHostProvider" type="java.lang.NoClassDefFoundError"><![CDATA[java.lang.NoClassDefFoundError: org/apache/zookeeper/client/StaticHostProvider
	at org.apache.zookeeper.ZooKeeper.createDefaultHostProvider(ZooKeeper.java:1135)
	at org.apache.zookeeper.ZooKeeper.<init>(ZooKeeper.java:734)
	at org.apache.zookeeper.ZooKeeper.<init>(ZooKeeper.java:448)
	at org.apache.zookeeper.server.quorum.QuorumPeerTestBase$Servers.restartClient(QuorumPeerTestBase.java:432)
	at org.apache.zookeeper.server.quorum.QuorumPeerTestBase.LaunchServers(QuorumPeerTestBase.java:524)
	at org.apache.zookeeper.server.quorum.QuorumPeerTestBase.LaunchServers(QuorumPeerTestBase.java:487)
	at org.apache.zookeeper.server.quorum.QuorumPeerTestBase.LaunchServers(QuorumPeerTestBase.java:482)
	at org.apache.zookeeper.server.quorum.QuorumPeerMainTest.testElectionFraud(QuorumPeerMainTest.java:358)
]]></error>
    <system-out><![CDATA[2021-11-08 11:12:03,747 [myid:] - INFO  [main:ZKTestCase@77] - STARTING Optional[public void org.apache.zookeeper.server.quorum.QuorumPeerMainTest.testElectionFraud() throws java.io.IOException,java.lang.InterruptedException]
2021-11-08 11:12:03,748 [myid:] - INFO  [main:PortAssignment@87] - Assigned port 16780 from range 16607 - 19299.
2021-11-08 11:12:03,748 [myid:] - INFO  [main:PortAssignment@87] - Assigned port 16781 from range 16607 - 19299.
2021-11-08 11:12:03,749 [myid:] - INFO  [main:PortAssignment@87] - Assigned port 16782 from range 16607 - 19299.
2021-11-08 11:12:03,749 [myid:] - INFO  [main:PortAssignment@87] - Assigned port 16783 from range 16607 - 19299.
2021-11-08 11:12:03,749 [myid:] - INFO  [main:PortAssignment@87] - Assigned port 16784 from range 16607 - 19299.
2021-11-08 11:12:03,749 [myid:] - INFO  [main:PortAssignment@87] - Assigned port 16785 from range 16607 - 19299.
2021-11-08 11:12:03,749 [myid:] - INFO  [main:PortAssignment@87] - Assigned port 16786 from range 16607 - 19299.
2021-11-08 11:12:03,750 [myid:] - INFO  [main:PortAssignment@87] - Assigned port 16787 from range 16607 - 19299.
2021-11-08 11:12:03,750 [myid:] - INFO  [main:PortAssignment@87] - Assigned port 16788 from range 16607 - 19299.
2021-11-08 11:12:03,751 [myid:] - INFO  [main:QuorumPeerTestBase$MainThread@122] - id = 0 tmpDir = D:\mysoft\faiscoGit\myStudy\ZooKeeperLearning\apache-zookeeper-3.7.0\zookeeper-server\target\surefire\test6639627188884594251.junit.dir clientPort = 16780
2021-11-08 11:12:03,753 [myid:] - INFO  [main:QuorumPeerTestBase@64] - No servers to shutdown!
2021-11-08 11:12:03,754 [myid:] - INFO  [main:ZKTestCase@82] - FINISHED Optional[public void org.apache.zookeeper.server.quorum.QuorumPeerMainTest.testElectionFraud() throws java.io.IOException,java.lang.InterruptedException]
]]></system-out>
  </testcase>
  <testcase name="testBadPeerAddressInQuorum" classname="org.apache.zookeeper.server.quorum.QuorumPeerMainTest" time="32.132"/>
  <testcase name="testFaultyMetricsProviderOnStart" classname="org.apache.zookeeper.server.quorum.QuorumPeerMainTest" time="8.633"/>
</testsuite>