<?xml version="1.0" encoding="UTF-8"?>
<testsuite xmlns:xsi="http://www.w3.org/2001/XMLSchema-instance" xsi:noNamespaceSchemaLocation="https://maven.apache.org/surefire/maven-surefire-plugin/xsd/surefire-test-report.xsd" name="org.apache.zookeeper.server.quorum.QuorumPeerMainMultiAddressTest" time="139.938" tests="9" errors="2" skipped="0" failures="0">
  <properties>
    <property name="sun.desktop" value="windows"/>
    <property name="build.test.dir" value="D:\mysoft\faiscoGit\myStudy\ZooKeeperLearning\apache-zookeeper-3.7.0\zookeeper-server\target/surefire"/>
    <property name="awt.toolkit" value="sun.awt.windows.WToolkit"/>
    <property name="file.encoding.pkg" value="sun.io"/>
    <property name="java.specification.version" value="1.8"/>
    <property name="sun.cpu.isalist" value="amd64"/>
    <property name="sun.jnu.encoding" value="GBK"/>
    <property name="java.class.path" value="D:\mysoft\faiscoGit\myStudy\ZooKeeperLearning\apache-zookeeper-3.7.0\zookeeper-server\target\test-classes;D:\mysoft\faiscoGit\myStudy\ZooKeeperLearning\apache-zookeeper-3.7.0\zookeeper-server\target\classes;D:\mysoft\maven\repository\com\github\spotbugs\spotbugs-annotations\4.0.2\spotbugs-annotations-4.0.2.jar;D:\mysoft\maven\repository\com\google\code\findbugs\jsr305\3.0.2\jsr305-3.0.2.jar;D:\mysoft\maven\repository\org\hamcrest\hamcrest-library\2.2\hamcrest-library-2.2.jar;D:\mysoft\maven\repository\org\hamcrest\hamcrest-core\2.2\hamcrest-core-2.2.jar;D:\mysoft\maven\repository\org\hamcrest\hamcrest\2.2\hamcrest-2.2.jar;D:\mysoft\maven\repository\org\apache\commons\commons-collections4\4.4\commons-collections4-4.4.jar;D:\mysoft\maven\repository\org\apache\zookeeper\zookeeper-jute\3.7.0\zookeeper-jute-3.7.0.jar;D:\mysoft\maven\repository\commons-cli\commons-cli\1.4\commons-cli-1.4.jar;D:\mysoft\maven\repository\org\apache\yetus\audience-annotations\0.12.0\audience-annotations-0.12.0.jar;D:\mysoft\maven\repository\io\netty\netty-handler\4.1.59.Final\netty-handler-4.1.59.Final.jar;D:\mysoft\maven\repository\io\netty\netty-common\4.1.59.Final\netty-common-4.1.59.Final.jar;D:\mysoft\maven\repository\io\netty\netty-resolver\4.1.59.Final\netty-resolver-4.1.59.Final.jar;D:\mysoft\maven\repository\io\netty\netty-buffer\4.1.59.Final\netty-buffer-4.1.59.Final.jar;D:\mysoft\maven\repository\io\netty\netty-transport\4.1.59.Final\netty-transport-4.1.59.Final.jar;D:\mysoft\maven\repository\io\netty\netty-codec\4.1.59.Final\netty-codec-4.1.59.Final.jar;D:\mysoft\maven\repository\io\netty\netty-transport-native-epoll\4.1.59.Final\netty-transport-native-epoll-4.1.59.Final.jar;D:\mysoft\maven\repository\io\netty\netty-transport-native-unix-common\4.1.59.Final\netty-transport-native-unix-common-4.1.59.Final.jar;D:\mysoft\maven\repository\org\slf4j\slf4j-api\1.7.30\slf4j-api-1.7.30.jar;D:\mysoft\maven\repository\org\slf4j\slf4j-log4j12\1.7.30\slf4j-log4j12-1.7.30.jar;D:\mysoft\maven\repository\org\eclipse\jetty\jetty-server\9.4.38.v20210224\jetty-server-9.4.38.v20210224.jar;D:\mysoft\maven\repository\javax\servlet\javax.servlet-api\3.1.0\javax.servlet-api-3.1.0.jar;D:\mysoft\maven\repository\org\eclipse\jetty\jetty-http\9.4.38.v20210224\jetty-http-9.4.38.v20210224.jar;D:\mysoft\maven\repository\org\eclipse\jetty\jetty-util\9.4.38.v20210224\jetty-util-9.4.38.v20210224.jar;D:\mysoft\maven\repository\org\eclipse\jetty\jetty-io\9.4.38.v20210224\jetty-io-9.4.38.v20210224.jar;D:\mysoft\maven\repository\org\eclipse\jetty\jetty-servlet\9.4.38.v20210224\jetty-servlet-9.4.38.v20210224.jar;D:\mysoft\maven\repository\org\eclipse\jetty\jetty-security\9.4.38.v20210224\jetty-security-9.4.38.v20210224.jar;D:\mysoft\maven\repository\org\eclipse\jetty\jetty-util-ajax\9.4.38.v20210224\jetty-util-ajax-9.4.38.v20210224.jar;D:\mysoft\maven\repository\org\eclipse\jetty\jetty-client\9.4.38.v20210224\jetty-client-9.4.38.v20210224.jar;D:\mysoft\maven\repository\com\fasterxml\jackson\core\jackson-databind\2.10.5.1\jackson-databind-2.10.5.1.jar;D:\mysoft\maven\repository\com\fasterxml\jackson\core\jackson-annotations\2.10.5\jackson-annotations-2.10.5.jar;D:\mysoft\maven\repository\com\fasterxml\jackson\core\jackson-core\2.10.5\jackson-core-2.10.5.jar;D:\mysoft\maven\repository\org\bouncycastle\bcprov-jdk15on\1.60\bcprov-jdk15on-1.60.jar;D:\mysoft\maven\repository\org\bouncycastle\bcpkix-jdk15on\1.60\bcpkix-jdk15on-1.60.jar;D:\mysoft\maven\repository\jline\jline\2.14.6\jline-2.14.6.jar;D:\mysoft\maven\repository\io\dropwizard\metrics\metrics-core\4.1.12.1\metrics-core-4.1.12.1.jar;D:\mysoft\maven\repository\log4j\log4j\1.2.17\log4j-1.2.17.jar;D:\mysoft\maven\repository\org\apache\kerby\kerb-core\2.0.0\kerb-core-2.0.0.jar;D:\mysoft\maven\repository\org\apache\kerby\kerby-pkix\2.0.0\kerby-pkix-2.0.0.jar;D:\mysoft\maven\repository\org\apache\kerby\kerby-asn1\2.0.0\kerby-asn1-2.0.0.jar;D:\mysoft\maven\repository\org\apache\kerby\kerby-util\2.0.0\kerby-util-2.0.0.jar;D:\mysoft\maven\repository\org\apache\kerby\kerb-simplekdc\2.0.0\kerb-simplekdc-2.0.0.jar;D:\mysoft\maven\repository\org\apache\kerby\kerb-client\2.0.0\kerb-client-2.0.0.jar;D:\mysoft\maven\repository\org\apache\kerby\kerb-common\2.0.0\kerb-common-2.0.0.jar;D:\mysoft\maven\repository\org\apache\kerby\kerb-crypto\2.0.0\kerb-crypto-2.0.0.jar;D:\mysoft\maven\repository\commons-io\commons-io\2.6\commons-io-2.6.jar;D:\mysoft\maven\repository\org\apache\kerby\kerb-util\2.0.0\kerb-util-2.0.0.jar;D:\mysoft\maven\repository\org\apache\kerby\token-provider\2.0.0\token-provider-2.0.0.jar;D:\mysoft\maven\repository\com\nimbusds\nimbus-jose-jwt\4.41.2\nimbus-jose-jwt-4.41.2.jar;D:\mysoft\maven\repository\com\github\stephenc\jcip\jcip-annotations\1.0-1\jcip-annotations-1.0-1.jar;D:\mysoft\maven\repository\net\minidev\json-smart\2.3\json-smart-2.3.jar;D:\mysoft\maven\repository\net\minidev\accessors-smart\1.2\accessors-smart-1.2.jar;D:\mysoft\maven\repository\org\ow2\asm\asm\5.0.4\asm-5.0.4.jar;D:\mysoft\maven\repository\org\apache\kerby\kerb-admin\2.0.0\kerb-admin-2.0.0.jar;D:\mysoft\maven\repository\org\apache\kerby\kerb-server\2.0.0\kerb-server-2.0.0.jar;D:\mysoft\maven\repository\org\apache\kerby\kerb-identity\2.0.0\kerb-identity-2.0.0.jar;D:\mysoft\maven\repository\org\apache\kerby\kerby-xdr\2.0.0\kerby-xdr-2.0.0.jar;D:\mysoft\maven\repository\org\apache\kerby\kerby-config\2.0.0\kerby-config-2.0.0.jar;D:\mysoft\maven\repository\org\mockito\mockito-core\3.6.28\mockito-core-3.6.28.jar;D:\mysoft\maven\repository\net\bytebuddy\byte-buddy\1.10.18\byte-buddy-1.10.18.jar;D:\mysoft\maven\repository\net\bytebuddy\byte-buddy-agent\1.10.18\byte-buddy-agent-1.10.18.jar;D:\mysoft\maven\repository\org\objenesis\objenesis\3.1\objenesis-3.1.jar;D:\mysoft\maven\repository\org\jmockit\jmockit\1.48\jmockit-1.48.jar;D:\mysoft\maven\repository\org\junit\jupiter\junit-jupiter-api\5.6.2\junit-jupiter-api-5.6.2.jar;D:\mysoft\maven\repository\org\apiguardian\apiguardian-api\1.1.0\apiguardian-api-1.1.0.jar;D:\mysoft\maven\repository\org\opentest4j\opentest4j\1.2.0\opentest4j-1.2.0.jar;D:\mysoft\maven\repository\org\junit\platform\junit-platform-commons\1.6.2\junit-platform-commons-1.6.2.jar;D:\mysoft\maven\repository\org\junit\jupiter\junit-jupiter-engine\5.6.2\junit-jupiter-engine-5.6.2.jar;D:\mysoft\maven\repository\org\junit\platform\junit-platform-engine\1.6.2\junit-platform-engine-1.6.2.jar;D:\mysoft\maven\repository\org\junit\jupiter\junit-jupiter-params\5.6.2\junit-jupiter-params-5.6.2.jar;D:\mysoft\maven\repository\org\junit\platform\junit-platform-runner\1.6.2\junit-platform-runner-1.6.2.jar;D:\mysoft\maven\repository\junit\junit\4.13\junit-4.13.jar;D:\mysoft\maven\repository\org\junit\platform\junit-platform-launcher\1.6.2\junit-platform-launcher-1.6.2.jar;D:\mysoft\maven\repository\org\junit\platform\junit-platform-suite-api\1.6.2\junit-platform-suite-api-1.6.2.jar;D:\mysoft\maven\repository\org\xerial\snappy\snappy-java\1.1.7.7\snappy-java-1.1.7.7.jar;"/>
    <property name="java.vm.vendor" value="Oracle Corporation"/>
    <property name="sun.arch.data.model" value="64"/>
    <property name="user.variant" value=""/>
    <property name="java.vendor.url" value="http://java.oracle.com/"/>
    <property name="user.timezone" value="Asia/Shanghai"/>
    <property name="java.vm.specification.version" value="1.8"/>
    <property name="os.name" value="Windows 8.1"/>
    <property name="user.country" value="CN"/>
    <property name="sun.java.launcher" value="SUN_STANDARD"/>
    <property name="sun.boot.library.path" value="C:\Program Files\Java\jdk1.8.0_31\jre\bin"/>
    <property name="sun.java.command" value="C:\Users\faisco\AppData\Local\Temp\surefire7017171567299321585\surefirebooter4392708975318249199.jar C:\Users\faisco\AppData\Local\Temp\surefire7017171567299321585 2021-11-08T11-05-05_200-jvmRun7 surefire5412822554303526083tmp surefire_1113178342256001376321tmp"/>
    <property name="surefire.test.class.path" value="D:\mysoft\faiscoGit\myStudy\ZooKeeperLearning\apache-zookeeper-3.7.0\zookeeper-server\target\test-classes;D:\mysoft\faiscoGit\myStudy\ZooKeeperLearning\apache-zookeeper-3.7.0\zookeeper-server\target\classes;D:\mysoft\maven\repository\com\github\spotbugs\spotbugs-annotations\4.0.2\spotbugs-annotations-4.0.2.jar;D:\mysoft\maven\repository\com\google\code\findbugs\jsr305\3.0.2\jsr305-3.0.2.jar;D:\mysoft\maven\repository\org\hamcrest\hamcrest-library\2.2\hamcrest-library-2.2.jar;D:\mysoft\maven\repository\org\hamcrest\hamcrest-core\2.2\hamcrest-core-2.2.jar;D:\mysoft\maven\repository\org\hamcrest\hamcrest\2.2\hamcrest-2.2.jar;D:\mysoft\maven\repository\org\apache\commons\commons-collections4\4.4\commons-collections4-4.4.jar;D:\mysoft\maven\repository\org\apache\zookeeper\zookeeper-jute\3.7.0\zookeeper-jute-3.7.0.jar;D:\mysoft\maven\repository\commons-cli\commons-cli\1.4\commons-cli-1.4.jar;D:\mysoft\maven\repository\org\apache\yetus\audience-annotations\0.12.0\audience-annotations-0.12.0.jar;D:\mysoft\maven\repository\io\netty\netty-handler\4.1.59.Final\netty-handler-4.1.59.Final.jar;D:\mysoft\maven\repository\io\netty\netty-common\4.1.59.Final\netty-common-4.1.59.Final.jar;D:\mysoft\maven\repository\io\netty\netty-resolver\4.1.59.Final\netty-resolver-4.1.59.Final.jar;D:\mysoft\maven\repository\io\netty\netty-buffer\4.1.59.Final\netty-buffer-4.1.59.Final.jar;D:\mysoft\maven\repository\io\netty\netty-transport\4.1.59.Final\netty-transport-4.1.59.Final.jar;D:\mysoft\maven\repository\io\netty\netty-codec\4.1.59.Final\netty-codec-4.1.59.Final.jar;D:\mysoft\maven\repository\io\netty\netty-transport-native-epoll\4.1.59.Final\netty-transport-native-epoll-4.1.59.Final.jar;D:\mysoft\maven\repository\io\netty\netty-transport-native-unix-common\4.1.59.Final\netty-transport-native-unix-common-4.1.59.Final.jar;D:\mysoft\maven\repository\org\slf4j\slf4j-api\1.7.30\slf4j-api-1.7.30.jar;D:\mysoft\maven\repository\org\slf4j\slf4j-log4j12\1.7.30\slf4j-log4j12-1.7.30.jar;D:\mysoft\maven\repository\org\eclipse\jetty\jetty-server\9.4.38.v20210224\jetty-server-9.4.38.v20210224.jar;D:\mysoft\maven\repository\javax\servlet\javax.servlet-api\3.1.0\javax.servlet-api-3.1.0.jar;D:\mysoft\maven\repository\org\eclipse\jetty\jetty-http\9.4.38.v20210224\jetty-http-9.4.38.v20210224.jar;D:\mysoft\maven\repository\org\eclipse\jetty\jetty-util\9.4.38.v20210224\jetty-util-9.4.38.v20210224.jar;D:\mysoft\maven\repository\org\eclipse\jetty\jetty-io\9.4.38.v20210224\jetty-io-9.4.38.v20210224.jar;D:\mysoft\maven\repository\org\eclipse\jetty\jetty-servlet\9.4.38.v20210224\jetty-servlet-9.4.38.v20210224.jar;D:\mysoft\maven\repository\org\eclipse\jetty\jetty-security\9.4.38.v20210224\jetty-security-9.4.38.v20210224.jar;D:\mysoft\maven\repository\org\eclipse\jetty\jetty-util-ajax\9.4.38.v20210224\jetty-util-ajax-9.4.38.v20210224.jar;D:\mysoft\maven\repository\org\eclipse\jetty\jetty-client\9.4.38.v20210224\jetty-client-9.4.38.v20210224.jar;D:\mysoft\maven\repository\com\fasterxml\jackson\core\jackson-databind\2.10.5.1\jackson-databind-2.10.5.1.jar;D:\mysoft\maven\repository\com\fasterxml\jackson\core\jackson-annotations\2.10.5\jackson-annotations-2.10.5.jar;D:\mysoft\maven\repository\com\fasterxml\jackson\core\jackson-core\2.10.5\jackson-core-2.10.5.jar;D:\mysoft\maven\repository\org\bouncycastle\bcprov-jdk15on\1.60\bcprov-jdk15on-1.60.jar;D:\mysoft\maven\repository\org\bouncycastle\bcpkix-jdk15on\1.60\bcpkix-jdk15on-1.60.jar;D:\mysoft\maven\repository\jline\jline\2.14.6\jline-2.14.6.jar;D:\mysoft\maven\repository\io\dropwizard\metrics\metrics-core\4.1.12.1\metrics-core-4.1.12.1.jar;D:\mysoft\maven\repository\log4j\log4j\1.2.17\log4j-1.2.17.jar;D:\mysoft\maven\repository\org\apache\kerby\kerb-core\2.0.0\kerb-core-2.0.0.jar;D:\mysoft\maven\repository\org\apache\kerby\kerby-pkix\2.0.0\kerby-pkix-2.0.0.jar;D:\mysoft\maven\repository\org\apache\kerby\kerby-asn1\2.0.0\kerby-asn1-2.0.0.jar;D:\mysoft\maven\repository\org\apache\kerby\kerby-util\2.0.0\kerby-util-2.0.0.jar;D:\mysoft\maven\repository\org\apache\kerby\kerb-simplekdc\2.0.0\kerb-simplekdc-2.0.0.jar;D:\mysoft\maven\repository\org\apache\kerby\kerb-client\2.0.0\kerb-client-2.0.0.jar;D:\mysoft\maven\repository\org\apache\kerby\kerb-common\2.0.0\kerb-common-2.0.0.jar;D:\mysoft\maven\repository\org\apache\kerby\kerb-crypto\2.0.0\kerb-crypto-2.0.0.jar;D:\mysoft\maven\repository\commons-io\commons-io\2.6\commons-io-2.6.jar;D:\mysoft\maven\repository\org\apache\kerby\kerb-util\2.0.0\kerb-util-2.0.0.jar;D:\mysoft\maven\repository\org\apache\kerby\token-provider\2.0.0\token-provider-2.0.0.jar;D:\mysoft\maven\repository\com\nimbusds\nimbus-jose-jwt\4.41.2\nimbus-jose-jwt-4.41.2.jar;D:\mysoft\maven\repository\com\github\stephenc\jcip\jcip-annotations\1.0-1\jcip-annotations-1.0-1.jar;D:\mysoft\maven\repository\net\minidev\json-smart\2.3\json-smart-2.3.jar;D:\mysoft\maven\repository\net\minidev\accessors-smart\1.2\accessors-smart-1.2.jar;D:\mysoft\maven\repository\org\ow2\asm\asm\5.0.4\asm-5.0.4.jar;D:\mysoft\maven\repository\org\apache\kerby\kerb-admin\2.0.0\kerb-admin-2.0.0.jar;D:\mysoft\maven\repository\org\apache\kerby\kerb-server\2.0.0\kerb-server-2.0.0.jar;D:\mysoft\maven\repository\org\apache\kerby\kerb-identity\2.0.0\kerb-identity-2.0.0.jar;D:\mysoft\maven\repository\org\apache\kerby\kerby-xdr\2.0.0\kerby-xdr-2.0.0.jar;D:\mysoft\maven\repository\org\apache\kerby\kerby-config\2.0.0\kerby-config-2.0.0.jar;D:\mysoft\maven\repository\org\mockito\mockito-core\3.6.28\mockito-core-3.6.28.jar;D:\mysoft\maven\repository\net\bytebuddy\byte-buddy\1.10.18\byte-buddy-1.10.18.jar;D:\mysoft\maven\repository\net\bytebuddy\byte-buddy-agent\1.10.18\byte-buddy-agent-1.10.18.jar;D:\mysoft\maven\repository\org\objenesis\objenesis\3.1\objenesis-3.1.jar;D:\mysoft\maven\repository\org\jmockit\jmockit\1.48\jmockit-1.48.jar;D:\mysoft\maven\repository\org\junit\jupiter\junit-jupiter-api\5.6.2\junit-jupiter-api-5.6.2.jar;D:\mysoft\maven\repository\org\apiguardian\apiguardian-api\1.1.0\apiguardian-api-1.1.0.jar;D:\mysoft\maven\repository\org\opentest4j\opentest4j\1.2.0\opentest4j-1.2.0.jar;D:\mysoft\maven\repository\org\junit\platform\junit-platform-commons\1.6.2\junit-platform-commons-1.6.2.jar;D:\mysoft\maven\repository\org\junit\jupiter\junit-jupiter-engine\5.6.2\junit-jupiter-engine-5.6.2.jar;D:\mysoft\maven\repository\org\junit\platform\junit-platform-engine\1.6.2\junit-platform-engine-1.6.2.jar;D:\mysoft\maven\repository\org\junit\jupiter\junit-jupiter-params\5.6.2\junit-jupiter-params-5.6.2.jar;D:\mysoft\maven\repository\org\junit\platform\junit-platform-runner\1.6.2\junit-platform-runner-1.6.2.jar;D:\mysoft\maven\repository\junit\junit\4.13\junit-4.13.jar;D:\mysoft\maven\repository\org\junit\platform\junit-platform-launcher\1.6.2\junit-platform-launcher-1.6.2.jar;D:\mysoft\maven\repository\org\junit\platform\junit-platform-suite-api\1.6.2\junit-platform-suite-api-1.6.2.jar;D:\mysoft\maven\repository\org\xerial\snappy\snappy-java\1.1.7.7\snappy-java-1.1.7.7.jar;"/>
    <property name="sun.cpu.endian" value="little"/>
    <property name="user.home" value="C:\Users\faisco"/>
    <property name="user.language" value="zh"/>
    <property name="java.specification.vendor" value="Oracle Corporation"/>
    <property name="java.home" value="C:\Program Files\Java\jdk1.8.0_31\jre"/>
    <property name="zookeeper.DigestAuthenticationProvider.superDigest" value="super:D/InIHSb7yEEbrWz8b9l71RjZJU="/>
    <property name="basedir" value="D:\mysoft\faiscoGit\myStudy\ZooKeeperLearning\apache-zookeeper-3.7.0\zookeeper-server"/>
    <property name="file.separator" value="\"/>
    <property name="line.separator" value="&#10;"/>
    <property name="java.vm.specification.vendor" value="Oracle Corporation"/>
    <property name="java.specification.name" value="Java Platform API Specification"/>
    <property name="java.awt.graphicsenv" value="sun.awt.Win32GraphicsEnvironment"/>
    <property name="test.junit.threads" value="8"/>
    <property name="surefire.real.class.path" value="C:\Users\faisco\AppData\Local\Temp\surefire7017171567299321585\surefirebooter4392708975318249199.jar;D:\mysoft\maven\repository\org\jmockit\jmockit\1.48\jmockit-1.48.jar"/>
    <property name="zookeeper.junit.threadid" value="7"/>
    <property name="sun.boot.class.path" value="C:\Program Files\Java\jdk1.8.0_31\jre\lib\resources.jar;C:\Program Files\Java\jdk1.8.0_31\jre\lib\rt.jar;C:\Program Files\Java\jdk1.8.0_31\jre\lib\sunrsasign.jar;C:\Program Files\Java\jdk1.8.0_31\jre\lib\jsse.jar;C:\Program Files\Java\jdk1.8.0_31\jre\lib\jce.jar;C:\Program Files\Java\jdk1.8.0_31\jre\lib\charsets.jar;C:\Program Files\Java\jdk1.8.0_31\jre\lib\jfr.jar;C:\Program Files\Java\jdk1.8.0_31\jre\classes"/>
    <property name="user.script" value=""/>
    <property name="sun.management.compiler" value="HotSpot 64-Bit Tiered Compilers"/>
    <property name="java.runtime.version" value="1.8.0_31-b13"/>
    <property name="user.name" value="faisco"/>
    <property name="path.separator" value=";"/>
    <property name="os.version" value="6.3"/>
    <property name="java.endorsed.dirs" value="C:\Program Files\Java\jdk1.8.0_31\jre\lib\endorsed"/>
    <property name="java.runtime.name" value="Java(TM) SE Runtime Environment"/>
    <property name="file.encoding" value="GBK"/>
    <property name="java.vm.name" value="Java HotSpot(TM) 64-Bit Server VM"/>
    <property name="idea.version2020.1" value="true"/>
    <property name="localRepository" value="D:\mysoft\maven\repository"/>
    <property name="java.vendor.url.bug" value="http://bugreport.sun.com/bugreport/"/>
    <property name="java.io.tmpdir" value="C:\Users\faisco\AppData\Local\Temp\"/>
    <property name="java.version" value="1.8.0_31"/>
    <property name="user.dir" value="D:\mysoft\faiscoGit\myStudy\ZooKeeperLearning\apache-zookeeper-3.7.0\zookeeper-server"/>
    <property name="os.arch" value="amd64"/>
    <property name="java.vm.specification.name" value="Java Virtual Machine Specification"/>
    <property name="java.awt.printerjob" value="sun.awt.windows.WPrinterJob"/>
    <property name="sun.os.patch.level" value=""/>
    <property name="java.library.path" value="C:\Program Files\Java\jdk1.8.0_31\jre\bin;C:\WINDOWS\Sun\Java\bin;C:\WINDOWS\system32;C:\WINDOWS;C:\Program Files\Java\jdk1.8.0_31\jre\bin;C:\Python39\Scripts\;C:\Python39\;C:\Python27\;C:\Python27\Scripts;C:\Program Files (x86)\Intel\Intel(R) Management Engine Components\iCLS\;C:\Program Files\Intel\Intel(R) Management Engine Components\iCLS\;C:\WINDOWS\system32;C:\WINDOWS;C:\WINDOWS\System32\Wbem;C:\WINDOWS\System32\WindowsPowerShell\v1.0\;C:\WINDOWS\System32\OpenSSH\;C:\Program Files (x86)\Intel\Intel(R) Management Engine Components\DAL;C:\Program Files\Intel\Intel(R) Management Engine Components\DAL;C:\Program Files\TortoiseSVN\bin;C:\Program Files\Java\jdk1.8.0_31\bin;D:\soft\Git\cmd;D:\mysoft\maven\apache-maven-3.6.1\bin;C:\ProgramData\chocolatey\bin;C:\Program Files\nodejs\;D:\mysoft\gradle-7.0\bin;C:\ProgramData\Oracle\Java\javapath;C:\Program Files\OpenVPN\bin;C:\Users\faisco\AppData\Local\Microsoft\WindowsApps;;D:\soft\Microsoft VS Code\bin;D:\soft\PyCharm Community Edition 2019.1.3\bin;;D:\soft\PyCharm 2019.2.3\bin;;C:\Users\faisco\AppData\Local\Microsoft\WindowsApps;C:\Program Files\JetBrains\IntelliJ IDEA 2020.1\bin;;C:\Program Files\JetBrains\IntelliJ IDEA Community Edition 2020.1.3\bin;;C:\Users\faisco\AppData\Roaming\npm;."/>
    <property name="junit.jupiter.extensions.autodetection.enabled" value="true"/>
    <property name="java.vm.info" value="mixed mode"/>
    <property name="java.vendor" value="Oracle Corporation"/>
    <property name="java.vm.version" value="25.31-b07"/>
    <property name="java.ext.dirs" value="C:\Program Files\Java\jdk1.8.0_31\jre\lib\ext;C:\WINDOWS\Sun\Java\lib\ext"/>
    <property name="sun.io.unicode.encoding" value="UnicodeLittle"/>
    <property name="java.class.version" value="52.0"/>
  </properties>
  <testcase name="shouldReconfigIncrementallyByAddingMoreAddresses" classname="org.apache.zookeeper.server.quorum.QuorumPeerMainMultiAddressTest" time="19.645"/>
  <testcase name="shouldStartClusterWhenSomeAddressesAreUnreachable" classname="org.apache.zookeeper.server.quorum.QuorumPeerMainMultiAddressTest" time="30.289">
    <error message="Waiting too long" type="java.lang.RuntimeException">java.lang.RuntimeException: Waiting too long
	at org.apache.zookeeper.server.quorum.QuorumPeerTestBase.waitForAll(QuorumPeerTestBase.java:553)
	at org.apache.zookeeper.server.quorum.QuorumPeerTestBase.waitForAll(QuorumPeerTestBase.java:543)
	at org.apache.zookeeper.server.quorum.QuorumPeerMainMultiAddressTest.launchServers(QuorumPeerMainMultiAddressTest.java:284)
	at org.apache.zookeeper.server.quorum.QuorumPeerMainMultiAddressTest.shouldStartClusterWhenSomeAddressesAreUnreachable(QuorumPeerMainMultiAddressTest.java:115)
</error>
    <system-out><![CDATA[2021-11-08 11:10:42,448 [myid:] - INFO  [main:ZKTestCase@77] - STARTING Optional[public void org.apache.zookeeper.server.quorum.QuorumPeerMainMultiAddressTest.shouldStartClusterWhenSomeAddressesAreUnreachable() throws java.lang.Exception]
2021-11-08 11:10:42,448 [myid:] - INFO  [main:PortAssignment@87] - Assigned port 27397 from range 27379 - 30071.
2021-11-08 11:10:42,449 [myid:] - INFO  [main:PortAssignment@87] - Assigned port 27398 from range 27379 - 30071.
2021-11-08 11:10:42,449 [myid:] - INFO  [main:PortAssignment@87] - Assigned port 27399 from range 27379 - 30071.
2021-11-08 11:10:42,449 [myid:] - INFO  [main:PortAssignment@87] - Assigned port 27400 from range 27379 - 30071.
2021-11-08 11:10:42,449 [myid:] - INFO  [main:PortAssignment@87] - Assigned port 27401 from range 27379 - 30071.
2021-11-08 11:10:42,449 [myid:] - INFO  [main:PortAssignment@87] - Assigned port 27402 from range 27379 - 30071.
2021-11-08 11:10:42,450 [myid:] - INFO  [main:PortAssignment@87] - Assigned port 27403 from range 27379 - 30071.
2021-11-08 11:10:42,450 [myid:] - INFO  [main:PortAssignment@87] - Assigned port 27404 from range 27379 - 30071.
2021-11-08 11:10:42,450 [myid:] - INFO  [main:PortAssignment@87] - Assigned port 27405 from range 27379 - 30071.
2021-11-08 11:10:42,450 [myid:] - INFO  [main:PortAssignment@87] - Assigned port 27406 from range 27379 - 30071.
2021-11-08 11:10:42,450 [myid:] - INFO  [main:PortAssignment@87] - Assigned port 27407 from range 27379 - 30071.
2021-11-08 11:10:42,451 [myid:] - INFO  [main:PortAssignment@87] - Assigned port 27408 from range 27379 - 30071.
2021-11-08 11:10:42,451 [myid:] - INFO  [main:PortAssignment@87] - Assigned port 27409 from range 27379 - 30071.
2021-11-08 11:10:42,451 [myid:] - INFO  [main:PortAssignment@87] - Assigned port 27410 from range 27379 - 30071.
2021-11-08 11:10:42,451 [myid:] - INFO  [main:PortAssignment@87] - Assigned port 27411 from range 27379 - 30071.
2021-11-08 11:10:42,451 [myid:] - INFO  [main:QuorumPeerMainMultiAddressTest@277] - starting server 0 with quorum config:
server.0=127.0.0.1:27398:27399|invalid.hostname.unreachable.com:27400:27401;27397
server.1=127.0.0.1:27403:27404|invalid.hostname.unreachable.com:27405:27406;27402
server.2=127.0.0.1:27408:27409|invalid.hostname.unreachable.com:27410:27411;27407
2021-11-08 11:10:42,456 [myid:] - INFO  [main:QuorumPeerTestBase$MainThread@122] - id = 0 tmpDir = D:\mysoft\faiscoGit\myStudy\ZooKeeperLearning\apache-zookeeper-3.7.0\zookeeper-server\target\surefire\test4685261889683247424.junit.dir clientPort = 27397
2021-11-08 11:10:42,458 [myid:] - INFO  [main:ZooKeeper@637] - Initiating client connection, connectString=127.0.0.1:27397 sessionTimeout=30000 watcher=org.apache.zookeeper.server.quorum.QuorumPeerMainMultiAddressTest@59fd97a8
2021-11-08 11:10:42,459 [myid:] - INFO  [Thread-16:QuorumPeerConfig@174] - Reading configuration from: D:\mysoft\faiscoGit\myStudy\ZooKeeperLearning\apache-zookeeper-3.7.0\zookeeper-server\target\surefire\test4685261889683247424.junit.dir\zoo.cfg
2021-11-08 11:10:42,459 [myid:] - INFO  [Thread-16:QuorumPeerConfig@444] - clientPortAddress is 0.0.0.0:27397
2021-11-08 11:10:42,460 [myid:] - INFO  [Thread-16:QuorumPeerConfig@448] - secureClientPort is not set
2021-11-08 11:10:42,460 [myid:] - INFO  [Thread-16:QuorumPeerConfig@464] - observerMasterPort is not set
2021-11-08 11:10:42,460 [myid:] - INFO  [Thread-16:QuorumPeerConfig@481] - metricsProvider.className is org.apache.zookeeper.metrics.impl.DefaultMetricsProvider
2021-11-08 11:10:42,460 [myid:] - INFO  [main:ClientCnxnSocket@239] - jute.maxbuffer value is 1048575 Bytes
2021-11-08 11:10:42,460 [myid:] - INFO  [main:ClientCnxn@1726] - zookeeper.request.timeout value is 0. feature enabled=false
2021-11-08 11:10:42,461 [myid:] - INFO  [main:QuorumPeerMainMultiAddressTest@277] - starting server 1 with quorum config:
server.0=127.0.0.1:27398:27399|invalid.hostname.unreachable.com:27400:27401;27397
server.1=127.0.0.1:27403:27404|invalid.hostname.unreachable.com:27405:27406;27402
server.2=127.0.0.1:27408:27409|invalid.hostname.unreachable.com:27410:27411;27407
2021-11-08 11:10:42,461 [myid:127.0.0.1:27397] - INFO  [main-SendThread(127.0.0.1:27397):ClientCnxn$SendThread@1171] - Opening socket connection to server xmind.net/127.0.0.1:27397.
2021-11-08 11:10:42,461 [myid:127.0.0.1:27397] - INFO  [main-SendThread(127.0.0.1:27397):ClientCnxn$SendThread@1173] - SASL config status: Will not attempt to authenticate using SASL (unknown error)
2021-11-08 11:10:42,462 [myid:] - INFO  [main:QuorumPeerTestBase$MainThread@122] - id = 1 tmpDir = D:\mysoft\faiscoGit\myStudy\ZooKeeperLearning\apache-zookeeper-3.7.0\zookeeper-server\target\surefire\test2015183673483916388.junit.dir clientPort = 27402
2021-11-08 11:10:42,463 [myid:] - INFO  [main:ZooKeeper@637] - Initiating client connection, connectString=127.0.0.1:27402 sessionTimeout=30000 watcher=org.apache.zookeeper.server.quorum.QuorumPeerMainMultiAddressTest@59fd97a8
2021-11-08 11:10:42,464 [myid:] - INFO  [Thread-17:QuorumPeerConfig@174] - Reading configuration from: D:\mysoft\faiscoGit\myStudy\ZooKeeperLearning\apache-zookeeper-3.7.0\zookeeper-server\target\surefire\test2015183673483916388.junit.dir\zoo.cfg
2021-11-08 11:10:42,464 [myid:] - INFO  [Thread-17:QuorumPeerConfig@444] - clientPortAddress is 0.0.0.0:27402
2021-11-08 11:10:42,464 [myid:] - INFO  [Thread-17:QuorumPeerConfig@448] - secureClientPort is not set
2021-11-08 11:10:42,464 [myid:] - INFO  [Thread-17:QuorumPeerConfig@464] - observerMasterPort is not set
2021-11-08 11:10:42,464 [myid:] - INFO  [Thread-17:QuorumPeerConfig@481] - metricsProvider.className is org.apache.zookeeper.metrics.impl.DefaultMetricsProvider
2021-11-08 11:10:42,464 [myid:] - INFO  [main:ClientCnxnSocket@239] - jute.maxbuffer value is 1048575 Bytes
2021-11-08 11:10:42,465 [myid:] - INFO  [main:ClientCnxn@1726] - zookeeper.request.timeout value is 0. feature enabled=false
2021-11-08 11:10:42,465 [myid:] - INFO  [main:QuorumPeerMainMultiAddressTest@277] - starting server 2 with quorum config:
server.0=127.0.0.1:27398:27399|invalid.hostname.unreachable.com:27400:27401;27397
server.1=127.0.0.1:27403:27404|invalid.hostname.unreachable.com:27405:27406;27402
server.2=127.0.0.1:27408:27409|invalid.hostname.unreachable.com:27410:27411;27407
2021-11-08 11:10:42,465 [myid:127.0.0.1:27402] - INFO  [main-SendThread(127.0.0.1:27402):ClientCnxn$SendThread@1171] - Opening socket connection to server xmind.net/127.0.0.1:27402.
2021-11-08 11:10:42,466 [myid:127.0.0.1:27402] - INFO  [main-SendThread(127.0.0.1:27402):ClientCnxn$SendThread@1173] - SASL config status: Will not attempt to authenticate using SASL (unknown error)
2021-11-08 11:10:42,466 [myid:] - INFO  [main:QuorumPeerTestBase$MainThread@122] - id = 2 tmpDir = D:\mysoft\faiscoGit\myStudy\ZooKeeperLearning\apache-zookeeper-3.7.0\zookeeper-server\target\surefire\test4085749427970515432.junit.dir clientPort = 27407
2021-11-08 11:10:42,468 [myid:] - INFO  [main:ZooKeeper@637] - Initiating client connection, connectString=127.0.0.1:27407 sessionTimeout=30000 watcher=org.apache.zookeeper.server.quorum.QuorumPeerMainMultiAddressTest@59fd97a8
2021-11-08 11:10:42,468 [myid:] - INFO  [Thread-18:QuorumPeerConfig@174] - Reading configuration from: D:\mysoft\faiscoGit\myStudy\ZooKeeperLearning\apache-zookeeper-3.7.0\zookeeper-server\target\surefire\test4085749427970515432.junit.dir\zoo.cfg
2021-11-08 11:10:42,469 [myid:] - INFO  [Thread-18:QuorumPeerConfig@444] - clientPortAddress is 0.0.0.0:27407
2021-11-08 11:10:42,469 [myid:] - INFO  [Thread-18:QuorumPeerConfig@448] - secureClientPort is not set
2021-11-08 11:10:42,469 [myid:] - INFO  [Thread-18:QuorumPeerConfig@464] - observerMasterPort is not set
2021-11-08 11:10:42,469 [myid:] - INFO  [Thread-18:QuorumPeerConfig@481] - metricsProvider.className is org.apache.zookeeper.metrics.impl.DefaultMetricsProvider
2021-11-08 11:10:42,469 [myid:] - INFO  [main:ClientCnxnSocket@239] - jute.maxbuffer value is 1048575 Bytes
2021-11-08 11:10:42,469 [myid:] - INFO  [main:ClientCnxn@1726] - zookeeper.request.timeout value is 0. feature enabled=false
2021-11-08 11:10:42,470 [myid:127.0.0.1:27407] - INFO  [main-SendThread(127.0.0.1:27407):ClientCnxn$SendThread@1171] - Opening socket connection to server xmind.net/127.0.0.1:27407.
2021-11-08 11:10:42,470 [myid:127.0.0.1:27407] - INFO  [main-SendThread(127.0.0.1:27407):ClientCnxn$SendThread@1173] - SASL config status: Will not attempt to authenticate using SASL (unknown error)
2021-11-08 11:10:42,801 [myid:1] - INFO  [WorkerReceiver[myid=1]:FastLeaderElection$Messenger$WorkerReceiver@472] - WorkerReceiver is down
2021-11-08 11:10:42,801 [myid:1] - INFO  [WorkerSender[myid=1]:FastLeaderElection$Messenger$WorkerSender@506] - WorkerSender is down
2021-11-08 11:10:42,801 [myid:2] - INFO  [WorkerSender[myid=2]:FastLeaderElection$Messenger$WorkerSender@506] - WorkerSender is down
2021-11-08 11:10:42,803 [myid:2] - INFO  [WorkerReceiver[myid=2]:FastLeaderElection$Messenger$WorkerReceiver@472] - WorkerReceiver is down
2021-11-08 11:10:42,949 [myid:2] - INFO  [Thread-18:DatadirCleanupManager@78] - autopurge.snapRetainCount set to 3
2021-11-08 11:10:42,949 [myid:2] - INFO  [Thread-18:DatadirCleanupManager@79] - autopurge.purgeInterval set to 0
2021-11-08 11:10:42,949 [myid:2] - INFO  [Thread-18:DatadirCleanupManager@101] - Purge task is not scheduled.
2021-11-08 11:10:42,949 [myid:2] - INFO  [Thread-18:ManagedUtil@39] - Log4j 1.2 jmx support is disabled by property.
2021-11-08 11:10:42,949 [myid:2] - INFO  [Thread-18:QuorumPeerMain@152] - Starting quorum peer, myid=2
2021-11-08 11:10:42,949 [myid:2] - INFO  [Thread-18:ServerMetrics@62] - ServerMetrics initialized with provider org.apache.zookeeper.metrics.impl.DefaultMetricsProvider@ffca93b
2021-11-08 11:10:42,949 [myid:2] - INFO  [Thread-18:DigestAuthenticationProvider@61] - zookeeper.DigestAuthenticationProvider.enabled = true
2021-11-08 11:10:42,949 [myid:2] - INFO  [Thread-18:ServerCnxnFactory@169] - Using org.apache.zookeeper.server.NIOServerCnxnFactory as server connection factory
2021-11-08 11:10:42,949 [myid:2] - WARN  [Thread-18:ServerCnxnFactory@309] - maxCnxns is not configured, using default value 0.
2021-11-08 11:10:42,949 [myid:2] - INFO  [Thread-18:NIOServerCnxnFactory@652] - Configuring NIO connection handler with 10s sessionless connection timeout, 1 selector thread(s), 12 worker threads, and 64 kB direct buffers.
2021-11-08 11:10:42,949 [myid:1] - INFO  [Thread-17:DatadirCleanupManager@78] - autopurge.snapRetainCount set to 3
2021-11-08 11:10:42,950 [myid:1] - INFO  [Thread-17:DatadirCleanupManager@79] - autopurge.purgeInterval set to 0
2021-11-08 11:10:42,950 [myid:0] - INFO  [Thread-16:DatadirCleanupManager@78] - autopurge.snapRetainCount set to 3
2021-11-08 11:10:42,950 [myid:0] - INFO  [Thread-16:DatadirCleanupManager@79] - autopurge.purgeInterval set to 0
2021-11-08 11:10:42,950 [myid:0] - INFO  [Thread-16:DatadirCleanupManager@101] - Purge task is not scheduled.
2021-11-08 11:10:42,950 [myid:0] - INFO  [Thread-16:ManagedUtil@39] - Log4j 1.2 jmx support is disabled by property.
2021-11-08 11:10:42,950 [myid:1] - INFO  [Thread-17:DatadirCleanupManager@101] - Purge task is not scheduled.
2021-11-08 11:10:42,950 [myid:1] - INFO  [Thread-17:ManagedUtil@39] - Log4j 1.2 jmx support is disabled by property.
2021-11-08 11:10:42,950 [myid:0] - INFO  [Thread-16:QuorumPeerMain@152] - Starting quorum peer, myid=0
2021-11-08 11:10:42,950 [myid:0] - INFO  [Thread-16:ServerMetrics@62] - ServerMetrics initialized with provider org.apache.zookeeper.metrics.impl.DefaultMetricsProvider@6e62e6a4
2021-11-08 11:10:42,950 [myid:1] - INFO  [Thread-17:QuorumPeerMain@152] - Starting quorum peer, myid=1
2021-11-08 11:10:42,950 [myid:1] - INFO  [Thread-17:ServerMetrics@62] - ServerMetrics initialized with provider org.apache.zookeeper.metrics.impl.DefaultMetricsProvider@7773c0be
2021-11-08 11:10:42,950 [myid:2] - INFO  [Thread-18:NIOServerCnxnFactory@660] - binding to port /0.0.0.0:27407
2021-11-08 11:10:42,950 [myid:0] - INFO  [Thread-16:DigestAuthenticationProvider@61] - zookeeper.DigestAuthenticationProvider.enabled = true
2021-11-08 11:10:42,950 [myid:0] - INFO  [Thread-16:ServerCnxnFactory@169] - Using org.apache.zookeeper.server.NIOServerCnxnFactory as server connection factory
2021-11-08 11:10:42,950 [myid:0] - WARN  [Thread-16:ServerCnxnFactory@309] - maxCnxns is not configured, using default value 0.
2021-11-08 11:10:42,950 [myid:1] - INFO  [Thread-17:DigestAuthenticationProvider@61] - zookeeper.DigestAuthenticationProvider.enabled = true
2021-11-08 11:10:42,950 [myid:0] - INFO  [Thread-16:NIOServerCnxnFactory@652] - Configuring NIO connection handler with 10s sessionless connection timeout, 1 selector thread(s), 12 worker threads, and 64 kB direct buffers.
2021-11-08 11:10:42,950 [myid:1] - INFO  [Thread-17:ServerCnxnFactory@169] - Using org.apache.zookeeper.server.NIOServerCnxnFactory as server connection factory
2021-11-08 11:10:42,950 [myid:1] - WARN  [Thread-17:ServerCnxnFactory@309] - maxCnxns is not configured, using default value 0.
2021-11-08 11:10:42,950 [myid:1] - INFO  [Thread-17:NIOServerCnxnFactory@652] - Configuring NIO connection handler with 10s sessionless connection timeout, 1 selector thread(s), 12 worker threads, and 64 kB direct buffers.
2021-11-08 11:10:42,951 [myid:2] - INFO  [Thread-18:FileTxnSnapLog@124] - zookeeper.snapshot.trust.empty : false
2021-11-08 11:10:42,951 [myid:0] - INFO  [Thread-16:NIOServerCnxnFactory@660] - binding to port /0.0.0.0:27397
2021-11-08 11:10:42,951 [myid:1] - INFO  [Thread-17:NIOServerCnxnFactory@660] - binding to port /0.0.0.0:27402
2021-11-08 11:10:42,951 [myid:2] - INFO  [Thread-18:QuorumPeer@1742] - Local sessions disabled
2021-11-08 11:10:42,951 [myid:2] - INFO  [Thread-18:QuorumPeer@1753] - Local session upgrading disabled
2021-11-08 11:10:42,951 [myid:0] - INFO  [Thread-16:FileTxnSnapLog@124] - zookeeper.snapshot.trust.empty : false
2021-11-08 11:10:42,951 [myid:1] - INFO  [Thread-17:FileTxnSnapLog@124] - zookeeper.snapshot.trust.empty : false
2021-11-08 11:10:42,951 [myid:2] - INFO  [Thread-18:QuorumPeer@1720] - tickTime set to 4000
2021-11-08 11:10:42,951 [myid:2] - INFO  [Thread-18:QuorumPeer@1764] - minSessionTimeout set to 8000
2021-11-08 11:10:42,951 [myid:2] - INFO  [Thread-18:QuorumPeer@1775] - maxSessionTimeout set to 80000
2021-11-08 11:10:42,951 [myid:2] - INFO  [Thread-18:QuorumPeer@1800] - initLimit set to 10
2021-11-08 11:10:42,951 [myid:2] - INFO  [Thread-18:QuorumPeer@1987] - syncLimit set to 5
2021-11-08 11:10:42,952 [myid:2] - INFO  [Thread-18:QuorumPeer@2002] - connectToLearnerMasterLimit set to 5
2021-11-08 11:10:42,952 [myid:2] - INFO  [Thread-18:WatchManagerFactory@42] - Using org.apache.zookeeper.server.watch.WatchManager as watch manager
2021-11-08 11:10:42,952 [myid:1] - INFO  [Thread-17:QuorumPeer@1742] - Local sessions disabled
2021-11-08 11:10:42,952 [myid:1] - INFO  [Thread-17:QuorumPeer@1753] - Local session upgrading disabled
2021-11-08 11:10:42,952 [myid:1] - INFO  [Thread-17:QuorumPeer@1720] - tickTime set to 4000
2021-11-08 11:10:42,952 [myid:1] - INFO  [Thread-17:QuorumPeer@1764] - minSessionTimeout set to 8000
2021-11-08 11:10:42,952 [myid:1] - INFO  [Thread-17:QuorumPeer@1775] - maxSessionTimeout set to 80000
2021-11-08 11:10:42,952 [myid:1] - INFO  [Thread-17:QuorumPeer@1800] - initLimit set to 10
2021-11-08 11:10:42,952 [myid:1] - INFO  [Thread-17:QuorumPeer@1987] - syncLimit set to 5
2021-11-08 11:10:42,952 [myid:1] - INFO  [Thread-17:QuorumPeer@2002] - connectToLearnerMasterLimit set to 5
2021-11-08 11:10:42,952 [myid:0] - INFO  [Thread-16:QuorumPeer@1742] - Local sessions disabled
2021-11-08 11:10:42,952 [myid:2] - INFO  [Thread-18:WatchManagerFactory@42] - Using org.apache.zookeeper.server.watch.WatchManager as watch manager
2021-11-08 11:10:42,952 [myid:1] - INFO  [Thread-17:WatchManagerFactory@42] - Using org.apache.zookeeper.server.watch.WatchManager as watch manager
2021-11-08 11:10:42,952 [myid:0] - INFO  [Thread-16:QuorumPeer@1753] - Local session upgrading disabled
2021-11-08 11:10:42,952 [myid:0] - INFO  [Thread-16:QuorumPeer@1720] - tickTime set to 4000
2021-11-08 11:10:42,952 [myid:1] - INFO  [Thread-17:WatchManagerFactory@42] - Using org.apache.zookeeper.server.watch.WatchManager as watch manager
2021-11-08 11:10:42,952 [myid:0] - INFO  [Thread-16:QuorumPeer@1764] - minSessionTimeout set to 8000
2021-11-08 11:10:42,952 [myid:0] - INFO  [Thread-16:QuorumPeer@1775] - maxSessionTimeout set to 80000
2021-11-08 11:10:42,952 [myid:0] - INFO  [Thread-16:QuorumPeer@1800] - initLimit set to 10
2021-11-08 11:10:42,952 [myid:0] - INFO  [Thread-16:QuorumPeer@1987] - syncLimit set to 5
2021-11-08 11:10:42,952 [myid:0] - INFO  [Thread-16:QuorumPeer@2002] - connectToLearnerMasterLimit set to 5
2021-11-08 11:10:42,952 [myid:2] - INFO  [Thread-18:ZKDatabase@133] - zookeeper.snapshotSizeFactor = 0.33
2021-11-08 11:10:42,952 [myid:0] - INFO  [Thread-16:WatchManagerFactory@42] - Using org.apache.zookeeper.server.watch.WatchManager as watch manager
2021-11-08 11:10:42,952 [myid:0] - INFO  [Thread-16:WatchManagerFactory@42] - Using org.apache.zookeeper.server.watch.WatchManager as watch manager
2021-11-08 11:10:42,952 [myid:0] - INFO  [Thread-16:ZKDatabase@133] - zookeeper.snapshotSizeFactor = 0.33
2021-11-08 11:10:42,952 [myid:1] - INFO  [Thread-17:ZKDatabase@133] - zookeeper.snapshotSizeFactor = 0.33
2021-11-08 11:10:42,953 [myid:1] - INFO  [Thread-17:ZKDatabase@153] - zookeeper.commitLogCount=500
2021-11-08 11:10:42,952 [myid:0] - INFO  [Thread-16:ZKDatabase@153] - zookeeper.commitLogCount=500
2021-11-08 11:10:42,952 [myid:2] - INFO  [Thread-18:ZKDatabase@153] - zookeeper.commitLogCount=500
2021-11-08 11:10:42,953 [myid:1] - INFO  [Thread-17:QuorumPeer@2066] - Using insecure (non-TLS) quorum communication
2021-11-08 11:10:42,953 [myid:2] - INFO  [Thread-18:QuorumPeer@2066] - Using insecure (non-TLS) quorum communication
2021-11-08 11:10:42,953 [myid:2] - INFO  [Thread-18:QuorumPeer@2072] - Port unification disabled
2021-11-08 11:10:42,953 [myid:2] - INFO  [Thread-18:QuorumPeer@179] - multiAddress.enabled set to true
2021-11-08 11:10:42,953 [myid:2] - INFO  [Thread-18:QuorumPeer@204] - multiAddress.reachabilityCheckEnabled set to true
2021-11-08 11:10:42,953 [myid:0] - INFO  [Thread-16:QuorumPeer@2066] - Using insecure (non-TLS) quorum communication
2021-11-08 11:10:42,953 [myid:2] - INFO  [Thread-18:QuorumPeer@191] - multiAddress.reachabilityCheckTimeoutMs set to 1000
2021-11-08 11:10:42,953 [myid:2] - INFO  [Thread-18:QuorumPeer@2527] - QuorumPeer communication is not secured! (SASL auth disabled)
2021-11-08 11:10:42,953 [myid:1] - INFO  [Thread-17:QuorumPeer@2072] - Port unification disabled
2021-11-08 11:10:42,953 [myid:1] - INFO  [Thread-17:QuorumPeer@179] - multiAddress.enabled set to true
2021-11-08 11:10:42,953 [myid:1] - INFO  [Thread-17:QuorumPeer@204] - multiAddress.reachabilityCheckEnabled set to true
2021-11-08 11:10:42,953 [myid:1] - INFO  [Thread-17:QuorumPeer@191] - multiAddress.reachabilityCheckTimeoutMs set to 1000
2021-11-08 11:10:42,953 [myid:1] - INFO  [Thread-17:QuorumPeer@2527] - QuorumPeer communication is not secured! (SASL auth disabled)
2021-11-08 11:10:42,953 [myid:1] - INFO  [Thread-17:QuorumPeer@2552] - quorum.cnxn.threads.size set to 20
2021-11-08 11:10:42,953 [myid:2] - INFO  [Thread-18:QuorumPeer@2552] - quorum.cnxn.threads.size set to 20
2021-11-08 11:10:42,953 [myid:0] - INFO  [Thread-16:QuorumPeer@2072] - Port unification disabled
2021-11-08 11:10:42,953 [myid:0] - INFO  [Thread-16:QuorumPeer@179] - multiAddress.enabled set to true
2021-11-08 11:10:42,953 [myid:0] - INFO  [Thread-16:QuorumPeer@204] - multiAddress.reachabilityCheckEnabled set to true
2021-11-08 11:10:42,953 [myid:0] - INFO  [Thread-16:QuorumPeer@191] - multiAddress.reachabilityCheckTimeoutMs set to 1000
2021-11-08 11:10:42,953 [myid:0] - INFO  [Thread-16:QuorumPeer@2527] - QuorumPeer communication is not secured! (SASL auth disabled)
2021-11-08 11:10:42,953 [myid:0] - INFO  [Thread-16:QuorumPeer@2552] - quorum.cnxn.threads.size set to 20
2021-11-08 11:10:42,954 [myid:1] - INFO  [Thread-17:FileTxnSnapLog@479] - Snapshotting: 0x0 to D:\mysoft\faiscoGit\myStudy\ZooKeeperLearning\apache-zookeeper-3.7.0\zookeeper-server\target\surefire\test2015183673483916388.junit.dir\data\version-2\snapshot.0
2021-11-08 11:10:42,954 [myid:2] - INFO  [Thread-18:FileTxnSnapLog@479] - Snapshotting: 0x0 to D:\mysoft\faiscoGit\myStudy\ZooKeeperLearning\apache-zookeeper-3.7.0\zookeeper-server\target\surefire\test4085749427970515432.junit.dir\data\version-2\snapshot.0
2021-11-08 11:10:42,954 [myid:0] - INFO  [Thread-16:FileTxnSnapLog@479] - Snapshotting: 0x0 to D:\mysoft\faiscoGit\myStudy\ZooKeeperLearning\apache-zookeeper-3.7.0\zookeeper-server\target\surefire\test4685261889683247424.junit.dir\data\version-2\snapshot.0
2021-11-08 11:10:42,954 [myid:1] - INFO  [Thread-17:ZKDatabase@290] - Snapshot loaded in 1 ms, highest zxid is 0x0, digest is 1371985504
2021-11-08 11:10:42,954 [myid:2] - INFO  [Thread-18:ZKDatabase@290] - Snapshot loaded in 1 ms, highest zxid is 0x0, digest is 1371985504
2021-11-08 11:10:42,954 [myid:1] - INFO  [Thread-17:QuorumPeer@1157] - currentEpoch not found! Creating with a reasonable default of 0. This should only happen when you are upgrading your installation
2021-11-08 11:10:42,954 [myid:2] - INFO  [Thread-18:QuorumPeer@1157] - currentEpoch not found! Creating with a reasonable default of 0. This should only happen when you are upgrading your installation
2021-11-08 11:10:42,954 [myid:0] - INFO  [Thread-16:ZKDatabase@290] - Snapshot loaded in 0 ms, highest zxid is 0x0, digest is 1371985504
2021-11-08 11:10:42,955 [myid:0] - INFO  [Thread-16:QuorumPeer@1157] - currentEpoch not found! Creating with a reasonable default of 0. This should only happen when you are upgrading your installation
2021-11-08 11:10:42,959 [myid:1] - INFO  [Thread-17:QuorumPeer@1177] - acceptedEpoch not found! Creating with a reasonable default of 0. This should only happen when you are upgrading your installation
2021-11-08 11:10:42,959 [myid:0] - INFO  [Thread-16:QuorumPeer@1177] - acceptedEpoch not found! Creating with a reasonable default of 0. This should only happen when you are upgrading your installation
2021-11-08 11:10:42,959 [myid:2] - INFO  [Thread-18:QuorumPeer@1177] - acceptedEpoch not found! Creating with a reasonable default of 0. This should only happen when you are upgrading your installation
2021-11-08 11:10:42,963 [myid:0] - INFO  [Thread-16:QuorumPeer@2569] - Using 20000ms as the quorum cnxn socket timeout
2021-11-08 11:10:42,963 [myid:1] - INFO  [Thread-17:QuorumPeer@2569] - Using 20000ms as the quorum cnxn socket timeout
2021-11-08 11:10:42,964 [myid:0] - INFO  [Thread-16:QuorumCnxManager$Listener@924] - Election port bind maximum retries is 3
2021-11-08 11:10:42,964 [myid:1] - INFO  [Thread-17:QuorumCnxManager$Listener@924] - Election port bind maximum retries is 3
2021-11-08 11:10:42,965 [myid:2] - INFO  [Thread-18:QuorumPeer@2569] - Using 20000ms as the quorum cnxn socket timeout
2021-11-08 11:10:42,965 [myid:0] - ERROR [ListenerHandler-invalid.hostname.unreachable.com:27401:QuorumCnxManager$Listener$ListenerHandler@1094] - Exception while listening
java.net.SocketException: Unresolved address
	at java.net.ServerSocket.bind(ServerSocket.java:368)
	at java.net.ServerSocket.bind(ServerSocket.java:329)
	at org.apache.zookeeper.server.quorum.QuorumCnxManager$Listener$ListenerHandler.createNewServerSocket(QuorumCnxManager.java:1136)
	at org.apache.zookeeper.server.quorum.QuorumCnxManager$Listener$ListenerHandler.acceptConnections(QuorumCnxManager.java:1065)
	at org.apache.zookeeper.server.quorum.QuorumCnxManager$Listener$ListenerHandler.run(QuorumCnxManager.java:1034)
	at java.util.concurrent.Executors$RunnableAdapter.call(Executors.java:511)
	at java.util.concurrent.FutureTask.run(FutureTask.java:266)
	at java.util.concurrent.ThreadPoolExecutor.runWorker(ThreadPoolExecutor.java:1142)
	at java.util.concurrent.ThreadPoolExecutor$Worker.run(ThreadPoolExecutor.java:617)
	at java.lang.Thread.run(Thread.java:745)
2021-11-08 11:10:42,965 [myid:0] - INFO  [QuorumPeer[myid=0](plain=[0:0:0:0:0:0:0:0]:27397)(secure=disabled):QuorumPeer@1430] - LOOKING
2021-11-08 11:10:42,965 [myid:2] - INFO  [Thread-18:QuorumCnxManager$Listener@924] - Election port bind maximum retries is 3
2021-11-08 11:10:42,966 [myid:0] - INFO  [ListenerHandler-/127.0.0.1:27399:QuorumCnxManager$Listener$ListenerHandler@1066] - 0 is accepting connections now, my election bind port: /127.0.0.1:27399
2021-11-08 11:10:42,965 [myid:1] - ERROR [ListenerHandler-invalid.hostname.unreachable.com:27406:QuorumCnxManager$Listener$ListenerHandler@1094] - Exception while listening
java.net.SocketException: Unresolved address
	at java.net.ServerSocket.bind(ServerSocket.java:368)
	at java.net.ServerSocket.bind(ServerSocket.java:329)
	at org.apache.zookeeper.server.quorum.QuorumCnxManager$Listener$ListenerHandler.createNewServerSocket(QuorumCnxManager.java:1136)
	at org.apache.zookeeper.server.quorum.QuorumCnxManager$Listener$ListenerHandler.acceptConnections(QuorumCnxManager.java:1065)
	at org.apache.zookeeper.server.quorum.QuorumCnxManager$Listener$ListenerHandler.run(QuorumCnxManager.java:1034)
	at java.util.concurrent.Executors$RunnableAdapter.call(Executors.java:511)
	at java.util.concurrent.FutureTask.run(FutureTask.java:266)
	at java.util.concurrent.ThreadPoolExecutor.runWorker(ThreadPoolExecutor.java:1142)
	at java.util.concurrent.ThreadPoolExecutor$Worker.run(ThreadPoolExecutor.java:617)
	at java.lang.Thread.run(Thread.java:745)
2021-11-08 11:10:42,966 [myid:1] - INFO  [ListenerHandler-/127.0.0.1:27404:QuorumCnxManager$Listener$ListenerHandler@1066] - 1 is accepting connections now, my election bind port: /127.0.0.1:27404
2021-11-08 11:10:42,966 [myid:0] - INFO  [QuorumPeer[myid=0](plain=[0:0:0:0:0:0:0:0]:27397)(secure=disabled):FastLeaderElection@947] - New election. My id = 0, proposed zxid=0x0
2021-11-08 11:10:42,966 [myid:1] - INFO  [QuorumPeer[myid=1](plain=[0:0:0:0:0:0:0:0]:27402)(secure=disabled):QuorumPeer@1430] - LOOKING
2021-11-08 11:10:42,966 [myid:2] - ERROR [ListenerHandler-invalid.hostname.unreachable.com:27411:QuorumCnxManager$Listener$ListenerHandler@1094] - Exception while listening
java.net.SocketException: Unresolved address
	at java.net.ServerSocket.bind(ServerSocket.java:368)
	at java.net.ServerSocket.bind(ServerSocket.java:329)
	at org.apache.zookeeper.server.quorum.QuorumCnxManager$Listener$ListenerHandler.createNewServerSocket(QuorumCnxManager.java:1136)
	at org.apache.zookeeper.server.quorum.QuorumCnxManager$Listener$ListenerHandler.acceptConnections(QuorumCnxManager.java:1065)
	at org.apache.zookeeper.server.quorum.QuorumCnxManager$Listener$ListenerHandler.run(QuorumCnxManager.java:1034)
	at java.util.concurrent.Executors$RunnableAdapter.call(Executors.java:511)
	at java.util.concurrent.FutureTask.run(FutureTask.java:266)
	at java.util.concurrent.ThreadPoolExecutor.runWorker(ThreadPoolExecutor.java:1142)
	at java.util.concurrent.ThreadPoolExecutor$Worker.run(ThreadPoolExecutor.java:617)
	at java.lang.Thread.run(Thread.java:745)
2021-11-08 11:10:42,966 [myid:2] - INFO  [ListenerHandler-/127.0.0.1:27409:QuorumCnxManager$Listener$ListenerHandler@1066] - 2 is accepting connections now, my election bind port: /127.0.0.1:27409
2021-11-08 11:10:42,966 [myid:1] - INFO  [QuorumPeer[myid=1](plain=[0:0:0:0:0:0:0:0]:27402)(secure=disabled):FastLeaderElection@947] - New election. My id = 1, proposed zxid=0x0
2021-11-08 11:10:42,966 [myid:2] - INFO  [QuorumPeer[myid=2](plain=[0:0:0:0:0:0:0:0]:27407)(secure=disabled):QuorumPeer@1430] - LOOKING
2021-11-08 11:10:42,967 [myid:0] - INFO  [WorkerReceiver[myid=0]:FastLeaderElection$Messenger$WorkerReceiver@390] - Notification: my state:LOOKING; n.sid:0, n.state:LOOKING, n.leader:0, n.round:0x1, n.peerEpoch:0x0, n.zxid:0x0, message format version:0x2, n.config version:0x0
2021-11-08 11:10:42,967 [myid:2] - INFO  [QuorumPeer[myid=2](plain=[0:0:0:0:0:0:0:0]:27407)(secure=disabled):FastLeaderElection@947] - New election. My id = 2, proposed zxid=0x0
2021-11-08 11:10:42,968 [myid:1] - INFO  [WorkerReceiver[myid=1]:FastLeaderElection$Messenger$WorkerReceiver@390] - Notification: my state:LOOKING; n.sid:1, n.state:LOOKING, n.leader:1, n.round:0x1, n.peerEpoch:0x0, n.zxid:0x0, message format version:0x2, n.config version:0x0
2021-11-08 11:10:42,969 [myid:2] - INFO  [WorkerReceiver[myid=2]:FastLeaderElection$Messenger$WorkerReceiver@390] - Notification: my state:LOOKING; n.sid:2, n.state:LOOKING, n.leader:2, n.round:0x1, n.peerEpoch:0x0, n.zxid:0x0, message format version:0x2, n.config version:0x0
2021-11-08 11:10:42,970 [myid:127.0.0.1:27407] - INFO  [main-SendThread(127.0.0.1:27407):ClientCnxn$SendThread@1005] - Socket connection established, initiating session, client: /127.0.0.1:2477, server: xmind.net/127.0.0.1:27407
2021-11-08 11:10:42,970 [myid:127.0.0.1:27397] - INFO  [main-SendThread(127.0.0.1:27397):ClientCnxn$SendThread@1005] - Socket connection established, initiating session, client: /127.0.0.1:2465, server: xmind.net/127.0.0.1:27397
2021-11-08 11:10:42,970 [myid:127.0.0.1:27402] - INFO  [main-SendThread(127.0.0.1:27402):ClientCnxn$SendThread@1005] - Socket connection established, initiating session, client: /127.0.0.1:2471, server: xmind.net/127.0.0.1:27402
2021-11-08 11:10:42,971 [myid:0] - WARN  [NIOWorkerThread-1:NIOServerCnxn@380] - Close of session 0x0
java.io.IOException: ZooKeeperServer not running
	at org.apache.zookeeper.server.NIOServerCnxn.readLength(NIOServerCnxn.java:554)
	at org.apache.zookeeper.server.NIOServerCnxn.doIO(NIOServerCnxn.java:339)
	at org.apache.zookeeper.server.NIOServerCnxnFactory$IOWorkRequest.doWork(NIOServerCnxnFactory.java:508)
	at org.apache.zookeeper.server.WorkerService$ScheduledWorkRequest.run(WorkerService.java:154)
	at java.util.concurrent.ThreadPoolExecutor.runWorker(ThreadPoolExecutor.java:1142)
	at java.util.concurrent.ThreadPoolExecutor$Worker.run(ThreadPoolExecutor.java:617)
	at java.lang.Thread.run(Thread.java:745)
2021-11-08 11:10:42,971 [myid:2] - WARN  [NIOWorkerThread-1:NIOServerCnxn@380] - Close of session 0x0
java.io.IOException: ZooKeeperServer not running
	at org.apache.zookeeper.server.NIOServerCnxn.readLength(NIOServerCnxn.java:554)
	at org.apache.zookeeper.server.NIOServerCnxn.doIO(NIOServerCnxn.java:339)
	at org.apache.zookeeper.server.NIOServerCnxnFactory$IOWorkRequest.doWork(NIOServerCnxnFactory.java:508)
	at org.apache.zookeeper.server.WorkerService$ScheduledWorkRequest.run(WorkerService.java:154)
	at java.util.concurrent.ThreadPoolExecutor.runWorker(ThreadPoolExecutor.java:1142)
	at java.util.concurrent.ThreadPoolExecutor$Worker.run(ThreadPoolExecutor.java:617)
	at java.lang.Thread.run(Thread.java:745)
2021-11-08 11:10:42,971 [myid:1] - WARN  [NIOWorkerThread-1:NIOServerCnxn@380] - Close of session 0x0
java.io.IOException: ZooKeeperServer not running
	at org.apache.zookeeper.server.NIOServerCnxn.readLength(NIOServerCnxn.java:554)
	at org.apache.zookeeper.server.NIOServerCnxn.doIO(NIOServerCnxn.java:339)
	at org.apache.zookeeper.server.NIOServerCnxnFactory$IOWorkRequest.doWork(NIOServerCnxnFactory.java:508)
	at org.apache.zookeeper.server.WorkerService$ScheduledWorkRequest.run(WorkerService.java:154)
	at java.util.concurrent.ThreadPoolExecutor.runWorker(ThreadPoolExecutor.java:1142)
	at java.util.concurrent.ThreadPoolExecutor$Worker.run(ThreadPoolExecutor.java:617)
	at java.lang.Thread.run(Thread.java:745)
2021-11-08 11:10:42,972 [myid:127.0.0.1:27407] - WARN  [main-SendThread(127.0.0.1:27407):ClientCnxn$SendThread@1290] - Session 0x0 for sever xmind.net/127.0.0.1:27407, Closing socket connection. Attempting reconnect except it is a SessionExpiredException.
EndOfStreamException: Unable to read additional data from server sessionid 0x0, likely server has closed socket
	at org.apache.zookeeper.ClientCnxnSocketNIO.doIO(ClientCnxnSocketNIO.java:77)
	at org.apache.zookeeper.ClientCnxnSocketNIO.doTransport(ClientCnxnSocketNIO.java:350)
	at org.apache.zookeeper.ClientCnxn$SendThread.run(ClientCnxn.java:1280)
2021-11-08 11:10:42,971 [myid:127.0.0.1:27397] - WARN  [main-SendThread(127.0.0.1:27397):ClientCnxn$SendThread@1290] - Session 0x0 for sever xmind.net/127.0.0.1:27397, Closing socket connection. Attempting reconnect except it is a SessionExpiredException.
EndOfStreamException: Unable to read additional data from server sessionid 0x0, likely server has closed socket
	at org.apache.zookeeper.ClientCnxnSocketNIO.doIO(ClientCnxnSocketNIO.java:77)
	at org.apache.zookeeper.ClientCnxnSocketNIO.doTransport(ClientCnxnSocketNIO.java:350)
	at org.apache.zookeeper.ClientCnxn$SendThread.run(ClientCnxn.java:1280)
2021-11-08 11:10:42,972 [myid:127.0.0.1:27402] - WARN  [main-SendThread(127.0.0.1:27402):ClientCnxn$SendThread@1290] - Session 0x0 for sever xmind.net/127.0.0.1:27402, Closing socket connection. Attempting reconnect except it is a SessionExpiredException.
EndOfStreamException: Unable to read additional data from server sessionid 0x0, likely server has closed socket
	at org.apache.zookeeper.ClientCnxnSocketNIO.doIO(ClientCnxnSocketNIO.java:77)
	at org.apache.zookeeper.ClientCnxnSocketNIO.doTransport(ClientCnxnSocketNIO.java:350)
	at org.apache.zookeeper.ClientCnxn$SendThread.run(ClientCnxn.java:1280)
2021-11-08 11:10:43,171 [myid:1] - INFO  [QuorumPeer[myid=1](plain=[0:0:0:0:0:0:0:0]:27402)(secure=disabled):FastLeaderElection@984] - Notification time out: 400
2021-11-08 11:10:43,172 [myid:2] - INFO  [QuorumPeer[myid=2](plain=[0:0:0:0:0:0:0:0]:27407)(secure=disabled):FastLeaderElection@984] - Notification time out: 400
2021-11-08 11:10:43,175 [myid:0] - INFO  [QuorumPeer[myid=0](plain=[0:0:0:0:0:0:0:0]:27397)(secure=disabled):FastLeaderElection@984] - Notification time out: 400
2021-11-08 11:10:43,593 [myid:0] - INFO  [WorkerSender[myid=0]:FastLeaderElection$Messenger$WorkerSender@506] - WorkerSender is down
2021-11-08 11:10:43,593 [myid:1] - INFO  [QuorumPeer[myid=1](plain=[0:0:0:0:0:0:0:0]:27402)(secure=disabled):FastLeaderElection@984] - Notification time out: 800
2021-11-08 11:10:43,593 [myid:0] - INFO  [WorkerReceiver[myid=0]:FastLeaderElection$Messenger$WorkerReceiver@472] - WorkerReceiver is down
2021-11-08 11:10:43,593 [myid:2] - INFO  [QuorumPeer[myid=2](plain=[0:0:0:0:0:0:0:0]:27407)(secure=disabled):FastLeaderElection@984] - Notification time out: 800
2021-11-08 11:10:43,630 [myid:2] - INFO  [WorkerSender[myid=2]:FastLeaderElection$Messenger$WorkerSender@506] - WorkerSender is down
2021-11-08 11:10:43,631 [myid:2] - INFO  [WorkerReceiver[myid=2]:FastLeaderElection$Messenger$WorkerReceiver@472] - WorkerReceiver is down
2021-11-08 11:10:43,631 [myid:1] - INFO  [WorkerSender[myid=1]:FastLeaderElection$Messenger$WorkerSender@506] - WorkerSender is down
2021-11-08 11:10:43,631 [myid:1] - INFO  [WorkerReceiver[myid=1]:FastLeaderElection$Messenger$WorkerReceiver@472] - WorkerReceiver is down
2021-11-08 11:10:43,632 [myid:0] - INFO  [QuorumPeer[myid=0](plain=[0:0:0:0:0:0:0:0]:27397)(secure=disabled):FastLeaderElection@984] - Notification time out: 800
2021-11-08 11:10:43,684 [myid:127.0.0.1:27380] - INFO  [main-SendThread(127.0.0.1:27380):ClientCnxn$SendThread@1171] - Opening socket connection to server xmind.net/127.0.0.1:27380.
2021-11-08 11:10:43,684 [myid:127.0.0.1:27380] - INFO  [main-SendThread(127.0.0.1:27380):ClientCnxn$SendThread@1173] - SASL config status: Will not attempt to authenticate using SASL (unknown error)
2021-11-08 11:10:43,969 [myid:2] - INFO  [ListenerHandler-/127.0.0.1:27409:QuorumCnxManager$Listener$ListenerHandler@1071] - Received connection request from /127.0.0.1:2509
2021-11-08 11:10:43,970 [myid:0] - INFO  [QuorumConnectionThread-[myid=0]-2:QuorumCnxManager@514] - Have smaller server identifier, so dropping the connection: (myId:0 --> sid:2)
2021-11-08 11:10:43,970 [myid:1] - WARN  [QuorumConnectionThread-[myid=1]-1:QuorumCnxManager@401] - Cannot open channel to 0 at election address invalid.hostname.unreachable.com:27401|/127.0.0.1:27399
java.net.UnknownHostException: invalid.hostname.unreachable.com
	at java.net.AbstractPlainSocketImpl.connect(AbstractPlainSocketImpl.java:184)
	at java.net.PlainSocketImpl.connect(PlainSocketImpl.java:172)
	at java.net.SocksSocketImpl.connect(SocksSocketImpl.java:392)
	at java.net.Socket.connect(Socket.java:589)
	at org.apache.zookeeper.server.quorum.QuorumCnxManager.initiateConnection(QuorumCnxManager.java:384)
	at org.apache.zookeeper.server.quorum.QuorumCnxManager$QuorumConnectionReqThread.run(QuorumCnxManager.java:458)
	at java.util.concurrent.ThreadPoolExecutor.runWorker(ThreadPoolExecutor.java:1142)
	at java.util.concurrent.ThreadPoolExecutor$Worker.run(ThreadPoolExecutor.java:617)
	at java.lang.Thread.run(Thread.java:745)
2021-11-08 11:10:43,972 [myid:2] - INFO  [ListenerHandler-/127.0.0.1:27409:QuorumCnxManager$Listener$ListenerHandler@1071] - Received connection request from /127.0.0.1:2510
2021-11-08 11:10:43,972 [myid:2] - WARN  [QuorumConnectionThread-[myid=2]-1:QuorumCnxManager@401] - Cannot open channel to 0 at election address invalid.hostname.unreachable.com:27401|/127.0.0.1:27399
java.net.UnknownHostException: invalid.hostname.unreachable.com
	at java.net.AbstractPlainSocketImpl.connect(AbstractPlainSocketImpl.java:184)
	at java.net.PlainSocketImpl.connect(PlainSocketImpl.java:172)
	at java.net.SocksSocketImpl.connect(SocksSocketImpl.java:392)
	at java.net.Socket.connect(Socket.java:589)
	at org.apache.zookeeper.server.quorum.QuorumCnxManager.initiateConnection(QuorumCnxManager.java:384)
	at org.apache.zookeeper.server.quorum.QuorumCnxManager$QuorumConnectionReqThread.run(QuorumCnxManager.java:458)
	at java.util.concurrent.ThreadPoolExecutor.runWorker(ThreadPoolExecutor.java:1142)
	at java.util.concurrent.ThreadPoolExecutor$Worker.run(ThreadPoolExecutor.java:617)
	at java.lang.Thread.run(Thread.java:745)
2021-11-08 11:10:43,973 [myid:0] - ERROR [ListenerHandler-invalid.hostname.unreachable.com:27401:QuorumCnxManager$Listener$ListenerHandler@1094] - Exception while listening
java.net.SocketException: Unresolved address
	at java.net.ServerSocket.bind(ServerSocket.java:368)
	at java.net.ServerSocket.bind(ServerSocket.java:329)
	at org.apache.zookeeper.server.quorum.QuorumCnxManager$Listener$ListenerHandler.createNewServerSocket(QuorumCnxManager.java:1136)
	at org.apache.zookeeper.server.quorum.QuorumCnxManager$Listener$ListenerHandler.acceptConnections(QuorumCnxManager.java:1065)
	at org.apache.zookeeper.server.quorum.QuorumCnxManager$Listener$ListenerHandler.run(QuorumCnxManager.java:1034)
	at java.util.concurrent.Executors$RunnableAdapter.call(Executors.java:511)
	at java.util.concurrent.FutureTask.run(FutureTask.java:266)
	at java.util.concurrent.ThreadPoolExecutor.runWorker(ThreadPoolExecutor.java:1142)
	at java.util.concurrent.ThreadPoolExecutor$Worker.run(ThreadPoolExecutor.java:617)
	at java.lang.Thread.run(Thread.java:745)
2021-11-08 11:10:43,973 [myid:2] - ERROR [ListenerHandler-invalid.hostname.unreachable.com:27411:QuorumCnxManager$Listener$ListenerHandler@1094] - Exception while listening
java.net.SocketException: Unresolved address
	at java.net.ServerSocket.bind(ServerSocket.java:368)
	at java.net.ServerSocket.bind(ServerSocket.java:329)
	at org.apache.zookeeper.server.quorum.QuorumCnxManager$Listener$ListenerHandler.createNewServerSocket(QuorumCnxManager.java:1136)
	at org.apache.zookeeper.server.quorum.QuorumCnxManager$Listener$ListenerHandler.acceptConnections(QuorumCnxManager.java:1065)
	at org.apache.zookeeper.server.quorum.QuorumCnxManager$Listener$ListenerHandler.run(QuorumCnxManager.java:1034)
	at java.util.concurrent.Executors$RunnableAdapter.call(Executors.java:511)
	at java.util.concurrent.FutureTask.run(FutureTask.java:266)
	at java.util.concurrent.ThreadPoolExecutor.runWorker(ThreadPoolExecutor.java:1142)
	at java.util.concurrent.ThreadPoolExecutor$Worker.run(ThreadPoolExecutor.java:617)
	at java.lang.Thread.run(Thread.java:745)
2021-11-08 11:10:43,973 [myid:1] - INFO  [QuorumConnectionThread-[myid=1]-2:QuorumCnxManager@514] - Have smaller server identifier, so dropping the connection: (myId:1 --> sid:2)
2021-11-08 11:10:43,978 [myid:0] - WARN  [QuorumConnectionThread-[myid=0]-1:QuorumCnxManager@401] - Cannot open channel to 1 at election address invalid.hostname.unreachable.com:27406|/127.0.0.1:27404
java.net.UnknownHostException: invalid.hostname.unreachable.com
	at java.net.AbstractPlainSocketImpl.connect(AbstractPlainSocketImpl.java:184)
	at java.net.PlainSocketImpl.connect(PlainSocketImpl.java:172)
	at java.net.SocksSocketImpl.connect(SocksSocketImpl.java:392)
	at java.net.Socket.connect(Socket.java:589)
	at org.apache.zookeeper.server.quorum.QuorumCnxManager.initiateConnection(QuorumCnxManager.java:384)
	at org.apache.zookeeper.server.quorum.QuorumCnxManager$QuorumConnectionReqThread.run(QuorumCnxManager.java:458)
	at java.util.concurrent.ThreadPoolExecutor.runWorker(ThreadPoolExecutor.java:1142)
	at java.util.concurrent.ThreadPoolExecutor$Worker.run(ThreadPoolExecutor.java:617)
	at java.lang.Thread.run(Thread.java:745)
2021-11-08 11:10:43,979 [myid:2] - WARN  [QuorumConnectionThread-[myid=2]-2:QuorumCnxManager@401] - Cannot open channel to 1 at election address invalid.hostname.unreachable.com:27406|/127.0.0.1:27404
java.net.UnknownHostException: invalid.hostname.unreachable.com
	at java.net.AbstractPlainSocketImpl.connect(AbstractPlainSocketImpl.java:184)
	at java.net.PlainSocketImpl.connect(PlainSocketImpl.java:172)
	at java.net.SocksSocketImpl.connect(SocksSocketImpl.java:392)
	at java.net.Socket.connect(Socket.java:589)
	at org.apache.zookeeper.server.quorum.QuorumCnxManager.initiateConnection(QuorumCnxManager.java:384)
	at org.apache.zookeeper.server.quorum.QuorumCnxManager$QuorumConnectionReqThread.run(QuorumCnxManager.java:458)
	at java.util.concurrent.ThreadPoolExecutor.runWorker(ThreadPoolExecutor.java:1142)
	at java.util.concurrent.ThreadPoolExecutor$Worker.run(ThreadPoolExecutor.java:617)
	at java.lang.Thread.run(Thread.java:745)
2021-11-08 11:10:44,008 [myid:1] - ERROR [ListenerHandler-invalid.hostname.unreachable.com:27406:QuorumCnxManager$Listener$ListenerHandler@1094] - Exception while listening
java.net.SocketException: Unresolved address
	at java.net.ServerSocket.bind(ServerSocket.java:368)
	at java.net.ServerSocket.bind(ServerSocket.java:329)
	at org.apache.zookeeper.server.quorum.QuorumCnxManager$Listener$ListenerHandler.createNewServerSocket(QuorumCnxManager.java:1136)
	at org.apache.zookeeper.server.quorum.QuorumCnxManager$Listener$ListenerHandler.acceptConnections(QuorumCnxManager.java:1065)
	at org.apache.zookeeper.server.quorum.QuorumCnxManager$Listener$ListenerHandler.run(QuorumCnxManager.java:1034)
	at java.util.concurrent.Executors$RunnableAdapter.call(Executors.java:511)
	at java.util.concurrent.FutureTask.run(FutureTask.java:266)
	at java.util.concurrent.ThreadPoolExecutor.runWorker(ThreadPoolExecutor.java:1142)
	at java.util.concurrent.ThreadPoolExecutor$Worker.run(ThreadPoolExecutor.java:617)
	at java.lang.Thread.run(Thread.java:745)
2021-11-08 11:10:44,353 [myid:127.0.0.1:27407] - INFO  [main-SendThread(127.0.0.1:27407):ClientCnxn$SendThread@1171] - Opening socket connection to server xmind.net/127.0.0.1:27407.
2021-11-08 11:10:44,353 [myid:127.0.0.1:27407] - INFO  [main-SendThread(127.0.0.1:27407):ClientCnxn$SendThread@1173] - SASL config status: Will not attempt to authenticate using SASL (unknown error)
2021-11-08 11:10:44,353 [myid:127.0.0.1:27407] - INFO  [main-SendThread(127.0.0.1:27407):ClientCnxn$SendThread@1005] - Socket connection established, initiating session, client: /127.0.0.1:2512, server: xmind.net/127.0.0.1:27407
2021-11-08 11:10:44,354 [myid:2] - WARN  [NIOWorkerThread-2:NIOServerCnxn@380] - Close of session 0x0
java.io.IOException: ZooKeeperServer not running
	at org.apache.zookeeper.server.NIOServerCnxn.readLength(NIOServerCnxn.java:554)
	at org.apache.zookeeper.server.NIOServerCnxn.doIO(NIOServerCnxn.java:339)
	at org.apache.zookeeper.server.NIOServerCnxnFactory$IOWorkRequest.doWork(NIOServerCnxnFactory.java:508)
	at org.apache.zookeeper.server.WorkerService$ScheduledWorkRequest.run(WorkerService.java:154)
	at java.util.concurrent.ThreadPoolExecutor.runWorker(ThreadPoolExecutor.java:1142)
	at java.util.concurrent.ThreadPoolExecutor$Worker.run(ThreadPoolExecutor.java:617)
	at java.lang.Thread.run(Thread.java:745)
2021-11-08 11:10:44,354 [myid:127.0.0.1:27407] - WARN  [main-SendThread(127.0.0.1:27407):ClientCnxn$SendThread@1290] - Session 0x0 for sever xmind.net/127.0.0.1:27407, Closing socket connection. Attempting reconnect except it is a SessionExpiredException.
EndOfStreamException: Unable to read additional data from server sessionid 0x0, likely server has closed socket
	at org.apache.zookeeper.ClientCnxnSocketNIO.doIO(ClientCnxnSocketNIO.java:77)
	at org.apache.zookeeper.ClientCnxnSocketNIO.doTransport(ClientCnxnSocketNIO.java:350)
	at org.apache.zookeeper.ClientCnxn$SendThread.run(ClientCnxn.java:1280)
2021-11-08 11:10:44,398 [myid:2] - INFO  [QuorumPeer[myid=2](plain=[0:0:0:0:0:0:0:0]:27407)(secure=disabled):FastLeaderElection@984] - Notification time out: 1600
2021-11-08 11:10:44,398 [myid:1] - INFO  [QuorumPeer[myid=1](plain=[0:0:0:0:0:0:0:0]:27402)(secure=disabled):FastLeaderElection@984] - Notification time out: 1600
2021-11-08 11:10:44,433 [myid:0] - INFO  [QuorumPeer[myid=0](plain=[0:0:0:0:0:0:0:0]:27397)(secure=disabled):FastLeaderElection@984] - Notification time out: 1600
2021-11-08 11:10:44,439 [myid:127.0.0.1:27402] - INFO  [main-SendThread(127.0.0.1:27402):ClientCnxn$SendThread@1171] - Opening socket connection to server xmind.net/127.0.0.1:27402.
2021-11-08 11:10:44,439 [myid:127.0.0.1:27402] - INFO  [main-SendThread(127.0.0.1:27402):ClientCnxn$SendThread@1173] - SASL config status: Will not attempt to authenticate using SASL (unknown error)
2021-11-08 11:10:44,440 [myid:127.0.0.1:27402] - INFO  [main-SendThread(127.0.0.1:27402):ClientCnxn$SendThread@1005] - Socket connection established, initiating session, client: /127.0.0.1:2520, server: xmind.net/127.0.0.1:27402
2021-11-08 11:10:44,440 [myid:1] - WARN  [NIOWorkerThread-2:NIOServerCnxn@380] - Close of session 0x0
java.io.IOException: ZooKeeperServer not running
	at org.apache.zookeeper.server.NIOServerCnxn.readLength(NIOServerCnxn.java:554)
	at org.apache.zookeeper.server.NIOServerCnxn.doIO(NIOServerCnxn.java:339)
	at org.apache.zookeeper.server.NIOServerCnxnFactory$IOWorkRequest.doWork(NIOServerCnxnFactory.java:508)
	at org.apache.zookeeper.server.WorkerService$ScheduledWorkRequest.run(WorkerService.java:154)
	at java.util.concurrent.ThreadPoolExecutor.runWorker(ThreadPoolExecutor.java:1142)
	at java.util.concurrent.ThreadPoolExecutor$Worker.run(ThreadPoolExecutor.java:617)
	at java.lang.Thread.run(Thread.java:745)
2021-11-08 11:10:44,441 [myid:127.0.0.1:27402] - WARN  [main-SendThread(127.0.0.1:27402):ClientCnxn$SendThread@1290] - Session 0x0 for sever xmind.net/127.0.0.1:27402, Closing socket connection. Attempting reconnect except it is a SessionExpiredException.
EndOfStreamException: Unable to read additional data from server sessionid 0x0, likely server has closed socket
	at org.apache.zookeeper.ClientCnxnSocketNIO.doIO(ClientCnxnSocketNIO.java:77)
	at org.apache.zookeeper.ClientCnxnSocketNIO.doTransport(ClientCnxnSocketNIO.java:350)
	at org.apache.zookeeper.ClientCnxn$SendThread.run(ClientCnxn.java:1280)
2021-11-08 11:10:44,973 [myid:0] - ERROR [ListenerHandler-invalid.hostname.unreachable.com:27401:QuorumCnxManager$Listener$ListenerHandler@1094] - Exception while listening
java.net.SocketException: Unresolved address
	at java.net.ServerSocket.bind(ServerSocket.java:368)
	at java.net.ServerSocket.bind(ServerSocket.java:329)
	at org.apache.zookeeper.server.quorum.QuorumCnxManager$Listener$ListenerHandler.createNewServerSocket(QuorumCnxManager.java:1136)
	at org.apache.zookeeper.server.quorum.QuorumCnxManager$Listener$ListenerHandler.acceptConnections(QuorumCnxManager.java:1065)
	at org.apache.zookeeper.server.quorum.QuorumCnxManager$Listener$ListenerHandler.run(QuorumCnxManager.java:1034)
	at java.util.concurrent.Executors$RunnableAdapter.call(Executors.java:511)
	at java.util.concurrent.FutureTask.run(FutureTask.java:266)
	at java.util.concurrent.ThreadPoolExecutor.runWorker(ThreadPoolExecutor.java:1142)
	at java.util.concurrent.ThreadPoolExecutor$Worker.run(ThreadPoolExecutor.java:617)
	at java.lang.Thread.run(Thread.java:745)
2021-11-08 11:10:44,973 [myid:2] - ERROR [ListenerHandler-invalid.hostname.unreachable.com:27411:QuorumCnxManager$Listener$ListenerHandler@1094] - Exception while listening
java.net.SocketException: Unresolved address
	at java.net.ServerSocket.bind(ServerSocket.java:368)
	at java.net.ServerSocket.bind(ServerSocket.java:329)
	at org.apache.zookeeper.server.quorum.QuorumCnxManager$Listener$ListenerHandler.createNewServerSocket(QuorumCnxManager.java:1136)
	at org.apache.zookeeper.server.quorum.QuorumCnxManager$Listener$ListenerHandler.acceptConnections(QuorumCnxManager.java:1065)
	at org.apache.zookeeper.server.quorum.QuorumCnxManager$Listener$ListenerHandler.run(QuorumCnxManager.java:1034)
	at java.util.concurrent.Executors$RunnableAdapter.call(Executors.java:511)
	at java.util.concurrent.FutureTask.run(FutureTask.java:266)
	at java.util.concurrent.ThreadPoolExecutor.runWorker(ThreadPoolExecutor.java:1142)
	at java.util.concurrent.ThreadPoolExecutor$Worker.run(ThreadPoolExecutor.java:617)
	at java.lang.Thread.run(Thread.java:745)
2021-11-08 11:10:45,009 [myid:1] - ERROR [ListenerHandler-invalid.hostname.unreachable.com:27406:QuorumCnxManager$Listener$ListenerHandler@1094] - Exception while listening
java.net.SocketException: Unresolved address
	at java.net.ServerSocket.bind(ServerSocket.java:368)
	at java.net.ServerSocket.bind(ServerSocket.java:329)
	at org.apache.zookeeper.server.quorum.QuorumCnxManager$Listener$ListenerHandler.createNewServerSocket(QuorumCnxManager.java:1136)
	at org.apache.zookeeper.server.quorum.QuorumCnxManager$Listener$ListenerHandler.acceptConnections(QuorumCnxManager.java:1065)
	at org.apache.zookeeper.server.quorum.QuorumCnxManager$Listener$ListenerHandler.run(QuorumCnxManager.java:1034)
	at java.util.concurrent.Executors$RunnableAdapter.call(Executors.java:511)
	at java.util.concurrent.FutureTask.run(FutureTask.java:266)
	at java.util.concurrent.ThreadPoolExecutor.runWorker(ThreadPoolExecutor.java:1142)
	at java.util.concurrent.ThreadPoolExecutor$Worker.run(ThreadPoolExecutor.java:617)
	at java.lang.Thread.run(Thread.java:745)
2021-11-08 11:10:45,063 [myid:127.0.0.1:27397] - INFO  [main-SendThread(127.0.0.1:27397):ClientCnxn$SendThread@1171] - Opening socket connection to server xmind.net/127.0.0.1:27397.
2021-11-08 11:10:45,063 [myid:127.0.0.1:27397] - INFO  [main-SendThread(127.0.0.1:27397):ClientCnxn$SendThread@1173] - SASL config status: Will not attempt to authenticate using SASL (unknown error)
2021-11-08 11:10:45,063 [myid:127.0.0.1:27397] - INFO  [main-SendThread(127.0.0.1:27397):ClientCnxn$SendThread@1005] - Socket connection established, initiating session, client: /127.0.0.1:2537, server: xmind.net/127.0.0.1:27397
2021-11-08 11:10:45,064 [myid:0] - WARN  [NIOWorkerThread-2:NIOServerCnxn@380] - Close of session 0x0
java.io.IOException: ZooKeeperServer not running
	at org.apache.zookeeper.server.NIOServerCnxn.readLength(NIOServerCnxn.java:554)
	at org.apache.zookeeper.server.NIOServerCnxn.doIO(NIOServerCnxn.java:339)
	at org.apache.zookeeper.server.NIOServerCnxnFactory$IOWorkRequest.doWork(NIOServerCnxnFactory.java:508)
	at org.apache.zookeeper.server.WorkerService$ScheduledWorkRequest.run(WorkerService.java:154)
	at java.util.concurrent.ThreadPoolExecutor.runWorker(ThreadPoolExecutor.java:1142)
	at java.util.concurrent.ThreadPoolExecutor$Worker.run(ThreadPoolExecutor.java:617)
	at java.lang.Thread.run(Thread.java:745)
2021-11-08 11:10:45,064 [myid:127.0.0.1:27397] - WARN  [main-SendThread(127.0.0.1:27397):ClientCnxn$SendThread@1290] - Session 0x0 for sever xmind.net/127.0.0.1:27397, Closing socket connection. Attempting reconnect except it is a SessionExpiredException.
EndOfStreamException: Unable to read additional data from server sessionid 0x0, likely server has closed socket
	at org.apache.zookeeper.ClientCnxnSocketNIO.doIO(ClientCnxnSocketNIO.java:77)
	at org.apache.zookeeper.ClientCnxnSocketNIO.doTransport(ClientCnxnSocketNIO.java:350)
	at org.apache.zookeeper.ClientCnxn$SendThread.run(ClientCnxn.java:1280)
2021-11-08 11:10:45,398 [myid:2] - WARN  [QuorumConnectionThread-[myid=2]-2:QuorumCnxManager@401] - Cannot open channel to 1 at election address invalid.hostname.unreachable.com:27406|/127.0.0.1:27404
java.net.UnknownHostException: invalid.hostname.unreachable.com
	at java.net.AbstractPlainSocketImpl.connect(AbstractPlainSocketImpl.java:184)
	at java.net.PlainSocketImpl.connect(PlainSocketImpl.java:172)
	at java.net.SocksSocketImpl.connect(SocksSocketImpl.java:392)
	at java.net.Socket.connect(Socket.java:589)
	at org.apache.zookeeper.server.quorum.QuorumCnxManager.initiateConnection(QuorumCnxManager.java:384)
	at org.apache.zookeeper.server.quorum.QuorumCnxManager$QuorumConnectionReqThread.run(QuorumCnxManager.java:458)
	at java.util.concurrent.ThreadPoolExecutor.runWorker(ThreadPoolExecutor.java:1142)
	at java.util.concurrent.ThreadPoolExecutor$Worker.run(ThreadPoolExecutor.java:617)
	at java.lang.Thread.run(Thread.java:745)
2021-11-08 11:10:45,398 [myid:2] - INFO  [ListenerHandler-/127.0.0.1:27409:QuorumCnxManager$Listener$ListenerHandler@1071] - Received connection request from /127.0.0.1:2539
2021-11-08 11:10:45,398 [myid:1] - INFO  [QuorumConnectionThread-[myid=1]-2:QuorumCnxManager@514] - Have smaller server identifier, so dropping the connection: (myId:1 --> sid:2)
2021-11-08 11:10:45,399 [myid:2] - WARN  [QuorumConnectionThread-[myid=2]-3:QuorumCnxManager@401] - Cannot open channel to 0 at election address invalid.hostname.unreachable.com:27401|/127.0.0.1:27399
java.net.UnknownHostException: invalid.hostname.unreachable.com
	at java.net.AbstractPlainSocketImpl.connect(AbstractPlainSocketImpl.java:184)
	at java.net.PlainSocketImpl.connect(PlainSocketImpl.java:172)
	at java.net.SocksSocketImpl.connect(SocksSocketImpl.java:392)
	at java.net.Socket.connect(Socket.java:589)
	at org.apache.zookeeper.server.quorum.QuorumCnxManager.initiateConnection(QuorumCnxManager.java:384)
	at org.apache.zookeeper.server.quorum.QuorumCnxManager$QuorumConnectionReqThread.run(QuorumCnxManager.java:458)
	at java.util.concurrent.ThreadPoolExecutor.runWorker(ThreadPoolExecutor.java:1142)
	at java.util.concurrent.ThreadPoolExecutor$Worker.run(ThreadPoolExecutor.java:617)
	at java.lang.Thread.run(Thread.java:745)
2021-11-08 11:10:45,399 [myid:1] - WARN  [QuorumConnectionThread-[myid=1]-3:QuorumCnxManager@401] - Cannot open channel to 0 at election address invalid.hostname.unreachable.com:27401|/127.0.0.1:27399
java.net.UnknownHostException: invalid.hostname.unreachable.com
	at java.net.AbstractPlainSocketImpl.connect(AbstractPlainSocketImpl.java:184)
	at java.net.PlainSocketImpl.connect(PlainSocketImpl.java:172)
	at java.net.SocksSocketImpl.connect(SocksSocketImpl.java:392)
	at java.net.Socket.connect(Socket.java:589)
	at org.apache.zookeeper.server.quorum.QuorumCnxManager.initiateConnection(QuorumCnxManager.java:384)
	at org.apache.zookeeper.server.quorum.QuorumCnxManager$QuorumConnectionReqThread.run(QuorumCnxManager.java:458)
	at java.util.concurrent.ThreadPoolExecutor.runWorker(ThreadPoolExecutor.java:1142)
	at java.util.concurrent.ThreadPoolExecutor$Worker.run(ThreadPoolExecutor.java:617)
	at java.lang.Thread.run(Thread.java:745)
2021-11-08 11:10:45,434 [myid:0] - WARN  [QuorumConnectionThread-[myid=0]-3:QuorumCnxManager@401] - Cannot open channel to 1 at election address invalid.hostname.unreachable.com:27406|/127.0.0.1:27404
java.net.UnknownHostException: invalid.hostname.unreachable.com
	at java.net.AbstractPlainSocketImpl.connect(AbstractPlainSocketImpl.java:184)
	at java.net.PlainSocketImpl.connect(PlainSocketImpl.java:172)
	at java.net.SocksSocketImpl.connect(SocksSocketImpl.java:392)
	at java.net.Socket.connect(Socket.java:589)
	at org.apache.zookeeper.server.quorum.QuorumCnxManager.initiateConnection(QuorumCnxManager.java:384)
	at org.apache.zookeeper.server.quorum.QuorumCnxManager$QuorumConnectionReqThread.run(QuorumCnxManager.java:458)
	at java.util.concurrent.ThreadPoolExecutor.runWorker(ThreadPoolExecutor.java:1142)
	at java.util.concurrent.ThreadPoolExecutor$Worker.run(ThreadPoolExecutor.java:617)
	at java.lang.Thread.run(Thread.java:745)
2021-11-08 11:10:45,434 [myid:2] - INFO  [ListenerHandler-/127.0.0.1:27409:QuorumCnxManager$Listener$ListenerHandler@1071] - Received connection request from /127.0.0.1:2541
2021-11-08 11:10:45,434 [myid:0] - INFO  [QuorumConnectionThread-[myid=0]-1:QuorumCnxManager@514] - Have smaller server identifier, so dropping the connection: (myId:0 --> sid:2)
2021-11-08 11:10:45,622 [myid:127.0.0.1:27407] - INFO  [main-SendThread(127.0.0.1:27407):ClientCnxn$SendThread@1171] - Opening socket connection to server xmind.net/127.0.0.1:27407.
2021-11-08 11:10:45,622 [myid:127.0.0.1:27407] - INFO  [main-SendThread(127.0.0.1:27407):ClientCnxn$SendThread@1173] - SASL config status: Will not attempt to authenticate using SASL (unknown error)
2021-11-08 11:10:45,622 [myid:127.0.0.1:27407] - INFO  [main-SendThread(127.0.0.1:27407):ClientCnxn$SendThread@1005] - Socket connection established, initiating session, client: /127.0.0.1:2544, server: xmind.net/127.0.0.1:27407
2021-11-08 11:10:45,623 [myid:2] - WARN  [NIOWorkerThread-3:NIOServerCnxn@380] - Close of session 0x0
java.io.IOException: ZooKeeperServer not running
	at org.apache.zookeeper.server.NIOServerCnxn.readLength(NIOServerCnxn.java:554)
	at org.apache.zookeeper.server.NIOServerCnxn.doIO(NIOServerCnxn.java:339)
	at org.apache.zookeeper.server.NIOServerCnxnFactory$IOWorkRequest.doWork(NIOServerCnxnFactory.java:508)
	at org.apache.zookeeper.server.WorkerService$ScheduledWorkRequest.run(WorkerService.java:154)
	at java.util.concurrent.ThreadPoolExecutor.runWorker(ThreadPoolExecutor.java:1142)
	at java.util.concurrent.ThreadPoolExecutor$Worker.run(ThreadPoolExecutor.java:617)
	at java.lang.Thread.run(Thread.java:745)
2021-11-08 11:10:45,623 [myid:127.0.0.1:27407] - WARN  [main-SendThread(127.0.0.1:27407):ClientCnxn$SendThread@1290] - Session 0x0 for sever xmind.net/127.0.0.1:27407, Closing socket connection. Attempting reconnect except it is a SessionExpiredException.
EndOfStreamException: Unable to read additional data from server sessionid 0x0, likely server has closed socket
	at org.apache.zookeeper.ClientCnxnSocketNIO.doIO(ClientCnxnSocketNIO.java:77)
	at org.apache.zookeeper.ClientCnxnSocketNIO.doTransport(ClientCnxnSocketNIO.java:350)
	at org.apache.zookeeper.ClientCnxn$SendThread.run(ClientCnxn.java:1280)
2021-11-08 11:10:45,668 [myid:127.0.0.1:27402] - INFO  [main-SendThread(127.0.0.1:27402):ClientCnxn$SendThread@1171] - Opening socket connection to server xmind.net/127.0.0.1:27402.
2021-11-08 11:10:45,668 [myid:127.0.0.1:27402] - INFO  [main-SendThread(127.0.0.1:27402):ClientCnxn$SendThread@1173] - SASL config status: Will not attempt to authenticate using SASL (unknown error)
2021-11-08 11:10:45,669 [myid:127.0.0.1:27402] - INFO  [main-SendThread(127.0.0.1:27402):ClientCnxn$SendThread@1005] - Socket connection established, initiating session, client: /127.0.0.1:2545, server: xmind.net/127.0.0.1:27402
2021-11-08 11:10:45,669 [myid:1] - WARN  [NIOWorkerThread-3:NIOServerCnxn@380] - Close of session 0x0
java.io.IOException: ZooKeeperServer not running
	at org.apache.zookeeper.server.NIOServerCnxn.readLength(NIOServerCnxn.java:554)
	at org.apache.zookeeper.server.NIOServerCnxn.doIO(NIOServerCnxn.java:339)
	at org.apache.zookeeper.server.NIOServerCnxnFactory$IOWorkRequest.doWork(NIOServerCnxnFactory.java:508)
	at org.apache.zookeeper.server.WorkerService$ScheduledWorkRequest.run(WorkerService.java:154)
	at java.util.concurrent.ThreadPoolExecutor.runWorker(ThreadPoolExecutor.java:1142)
	at java.util.concurrent.ThreadPoolExecutor$Worker.run(ThreadPoolExecutor.java:617)
	at java.lang.Thread.run(Thread.java:745)
2021-11-08 11:10:45,669 [myid:127.0.0.1:27402] - WARN  [main-SendThread(127.0.0.1:27402):ClientCnxn$SendThread@1290] - Session 0x0 for sever xmind.net/127.0.0.1:27402, Closing socket connection. Attempting reconnect except it is a SessionExpiredException.
EndOfStreamException: Unable to read additional data from server sessionid 0x0, likely server has closed socket
	at org.apache.zookeeper.ClientCnxnSocketNIO.doIO(ClientCnxnSocketNIO.java:77)
	at org.apache.zookeeper.ClientCnxnSocketNIO.doTransport(ClientCnxnSocketNIO.java:350)
	at org.apache.zookeeper.ClientCnxn$SendThread.run(ClientCnxn.java:1280)
2021-11-08 11:10:45,682 [myid:2] - INFO  [SessionTracker:SessionTrackerImpl@175] - SessionTrackerImpl exited loop!
2021-11-08 11:10:45,710 [myid:127.0.0.1:27380] - WARN  [main-SendThread(127.0.0.1:27380):ClientCnxn$SendThread@1290] - Session 0x5806e32b0002 for sever xmind.net/127.0.0.1:27380, Closing socket connection. Attempting reconnect except it is a SessionExpiredException.
java.net.ConnectException: Connection refused: no further information
	at sun.nio.ch.SocketChannelImpl.checkConnect(Native Method)
	at sun.nio.ch.SocketChannelImpl.finishConnect(SocketChannelImpl.java:716)
	at org.apache.zookeeper.ClientCnxnSocketNIO.doTransport(ClientCnxnSocketNIO.java:344)
	at org.apache.zookeeper.ClientCnxn$SendThread.run(ClientCnxn.java:1280)
2021-11-08 11:10:45,973 [myid:0] - ERROR [ListenerHandler-invalid.hostname.unreachable.com:27401:QuorumCnxManager$Listener$ListenerHandler@1113] - Leaving listener thread for address invalid.hostname.unreachable.com:27401 after 3 errors. Use zookeeper.electionPortBindRetry property to increase retry count.
2021-11-08 11:10:45,974 [myid:2] - ERROR [ListenerHandler-invalid.hostname.unreachable.com:27411:QuorumCnxManager$Listener$ListenerHandler@1113] - Leaving listener thread for address invalid.hostname.unreachable.com:27411 after 3 errors. Use zookeeper.electionPortBindRetry property to increase retry count.
2021-11-08 11:10:45,998 [myid:2] - INFO  [QuorumPeer[myid=2](plain=[0:0:0:0:0:0:0:0]:27407)(secure=disabled):FastLeaderElection@984] - Notification time out: 3200
2021-11-08 11:10:46,000 [myid:1] - INFO  [QuorumPeer[myid=1](plain=[0:0:0:0:0:0:0:0]:27402)(secure=disabled):FastLeaderElection@984] - Notification time out: 3200
2021-11-08 11:10:46,009 [myid:1] - ERROR [ListenerHandler-invalid.hostname.unreachable.com:27406:QuorumCnxManager$Listener$ListenerHandler@1113] - Leaving listener thread for address invalid.hostname.unreachable.com:27406 after 3 errors. Use zookeeper.electionPortBindRetry property to increase retry count.
2021-11-08 11:10:46,039 [myid:0] - INFO  [QuorumPeer[myid=0](plain=[0:0:0:0:0:0:0:0]:27397)(secure=disabled):FastLeaderElection@984] - Notification time out: 3200
2021-11-08 11:10:46,213 [myid:127.0.0.1:27397] - INFO  [main-SendThread(127.0.0.1:27397):ClientCnxn$SendThread@1171] - Opening socket connection to server xmind.net/127.0.0.1:27397.
2021-11-08 11:10:46,213 [myid:127.0.0.1:27397] - INFO  [main-SendThread(127.0.0.1:27397):ClientCnxn$SendThread@1173] - SASL config status: Will not attempt to authenticate using SASL (unknown error)
2021-11-08 11:10:46,214 [myid:127.0.0.1:27397] - INFO  [main-SendThread(127.0.0.1:27397):ClientCnxn$SendThread@1005] - Socket connection established, initiating session, client: /127.0.0.1:2560, server: xmind.net/127.0.0.1:27397
2021-11-08 11:10:46,214 [myid:0] - WARN  [NIOWorkerThread-3:NIOServerCnxn@380] - Close of session 0x0
java.io.IOException: ZooKeeperServer not running
	at org.apache.zookeeper.server.NIOServerCnxn.readLength(NIOServerCnxn.java:554)
	at org.apache.zookeeper.server.NIOServerCnxn.doIO(NIOServerCnxn.java:339)
	at org.apache.zookeeper.server.NIOServerCnxnFactory$IOWorkRequest.doWork(NIOServerCnxnFactory.java:508)
	at org.apache.zookeeper.server.WorkerService$ScheduledWorkRequest.run(WorkerService.java:154)
	at java.util.concurrent.ThreadPoolExecutor.runWorker(ThreadPoolExecutor.java:1142)
	at java.util.concurrent.ThreadPoolExecutor$Worker.run(ThreadPoolExecutor.java:617)
	at java.lang.Thread.run(Thread.java:745)
2021-11-08 11:10:46,214 [myid:127.0.0.1:27397] - WARN  [main-SendThread(127.0.0.1:27397):ClientCnxn$SendThread@1290] - Session 0x0 for sever xmind.net/127.0.0.1:27397, Closing socket connection. Attempting reconnect except it is a SessionExpiredException.
EndOfStreamException: Unable to read additional data from server sessionid 0x0, likely server has closed socket
	at org.apache.zookeeper.ClientCnxnSocketNIO.doIO(ClientCnxnSocketNIO.java:77)
	at org.apache.zookeeper.ClientCnxnSocketNIO.doTransport(ClientCnxnSocketNIO.java:350)
	at org.apache.zookeeper.ClientCnxn$SendThread.run(ClientCnxn.java:1280)
2021-11-08 11:10:46,400 [myid:2] - WARN  [QuorumConnectionThread-[myid=2]-2:QuorumCnxManager@401] - Cannot open channel to 1 at election address invalid.hostname.unreachable.com:27406|/127.0.0.1:27404
java.net.UnknownHostException: invalid.hostname.unreachable.com
	at java.net.AbstractPlainSocketImpl.connect(AbstractPlainSocketImpl.java:184)
	at java.net.PlainSocketImpl.connect(PlainSocketImpl.java:172)
	at java.net.SocksSocketImpl.connect(SocksSocketImpl.java:392)
	at java.net.Socket.connect(Socket.java:589)
	at org.apache.zookeeper.server.quorum.QuorumCnxManager.initiateConnection(QuorumCnxManager.java:384)
	at org.apache.zookeeper.server.quorum.QuorumCnxManager$QuorumConnectionReqThread.run(QuorumCnxManager.java:458)
	at java.util.concurrent.ThreadPoolExecutor.runWorker(ThreadPoolExecutor.java:1142)
	at java.util.concurrent.ThreadPoolExecutor$Worker.run(ThreadPoolExecutor.java:617)
	at java.lang.Thread.run(Thread.java:745)
2021-11-08 11:10:46,435 [myid:2] - WARN  [QuorumConnectionThread-[myid=2]-3:QuorumCnxManager@401] - Cannot open channel to 0 at election address invalid.hostname.unreachable.com:27401|/127.0.0.1:27399
java.net.UnknownHostException: invalid.hostname.unreachable.com
	at java.net.AbstractPlainSocketImpl.connect(AbstractPlainSocketImpl.java:184)
	at java.net.PlainSocketImpl.connect(PlainSocketImpl.java:172)
	at java.net.SocksSocketImpl.connect(SocksSocketImpl.java:392)
	at java.net.Socket.connect(Socket.java:589)
	at org.apache.zookeeper.server.quorum.QuorumCnxManager.initiateConnection(QuorumCnxManager.java:384)
	at org.apache.zookeeper.server.quorum.QuorumCnxManager$QuorumConnectionReqThread.run(QuorumCnxManager.java:458)
	at java.util.concurrent.ThreadPoolExecutor.runWorker(ThreadPoolExecutor.java:1142)
	at java.util.concurrent.ThreadPoolExecutor$Worker.run(ThreadPoolExecutor.java:617)
	at java.lang.Thread.run(Thread.java:745)
2021-11-08 11:10:46,942 [myid:127.0.0.1:27407] - INFO  [main-SendThread(127.0.0.1:27407):ClientCnxn$SendThread@1171] - Opening socket connection to server xmind.net/127.0.0.1:27407.
2021-11-08 11:10:46,942 [myid:127.0.0.1:27407] - INFO  [main-SendThread(127.0.0.1:27407):ClientCnxn$SendThread@1173] - SASL config status: Will not attempt to authenticate using SASL (unknown error)
2021-11-08 11:10:46,943 [myid:127.0.0.1:27407] - INFO  [main-SendThread(127.0.0.1:27407):ClientCnxn$SendThread@1005] - Socket connection established, initiating session, client: /127.0.0.1:2598, server: xmind.net/127.0.0.1:27407
2021-11-08 11:10:46,979 [myid:2] - WARN  [NIOWorkerThread-4:NIOServerCnxn@380] - Close of session 0x0
java.io.IOException: ZooKeeperServer not running
	at org.apache.zookeeper.server.NIOServerCnxn.readLength(NIOServerCnxn.java:554)
	at org.apache.zookeeper.server.NIOServerCnxn.doIO(NIOServerCnxn.java:339)
	at org.apache.zookeeper.server.NIOServerCnxnFactory$IOWorkRequest.doWork(NIOServerCnxnFactory.java:508)
	at org.apache.zookeeper.server.WorkerService$ScheduledWorkRequest.run(WorkerService.java:154)
	at java.util.concurrent.ThreadPoolExecutor.runWorker(ThreadPoolExecutor.java:1142)
	at java.util.concurrent.ThreadPoolExecutor$Worker.run(ThreadPoolExecutor.java:617)
	at java.lang.Thread.run(Thread.java:745)
2021-11-08 11:10:46,979 [myid:127.0.0.1:27407] - WARN  [main-SendThread(127.0.0.1:27407):ClientCnxn$SendThread@1290] - Session 0x0 for sever xmind.net/127.0.0.1:27407, Closing socket connection. Attempting reconnect except it is a SessionExpiredException.
EndOfStreamException: Unable to read additional data from server sessionid 0x0, likely server has closed socket
	at org.apache.zookeeper.ClientCnxnSocketNIO.doIO(ClientCnxnSocketNIO.java:77)
	at org.apache.zookeeper.ClientCnxnSocketNIO.doTransport(ClientCnxnSocketNIO.java:350)
	at org.apache.zookeeper.ClientCnxn$SendThread.run(ClientCnxn.java:1280)
2021-11-08 11:10:47,001 [myid:2] - INFO  [ListenerHandler-/127.0.0.1:27409:QuorumCnxManager$Listener$ListenerHandler@1071] - Received connection request from /127.0.0.1:2608
2021-11-08 11:10:47,001 [myid:1] - INFO  [QuorumConnectionThread-[myid=1]-2:QuorumCnxManager@514] - Have smaller server identifier, so dropping the connection: (myId:1 --> sid:2)
2021-11-08 11:10:47,002 [myid:1] - WARN  [QuorumConnectionThread-[myid=1]-3:QuorumCnxManager@401] - Cannot open channel to 0 at election address invalid.hostname.unreachable.com:27401|/127.0.0.1:27399
java.net.UnknownHostException: invalid.hostname.unreachable.com
	at java.net.AbstractPlainSocketImpl.connect(AbstractPlainSocketImpl.java:184)
	at java.net.PlainSocketImpl.connect(PlainSocketImpl.java:172)
	at java.net.SocksSocketImpl.connect(SocksSocketImpl.java:392)
	at java.net.Socket.connect(Socket.java:589)
	at org.apache.zookeeper.server.quorum.QuorumCnxManager.initiateConnection(QuorumCnxManager.java:384)
	at org.apache.zookeeper.server.quorum.QuorumCnxManager$QuorumConnectionReqThread.run(QuorumCnxManager.java:458)
	at java.util.concurrent.ThreadPoolExecutor.runWorker(ThreadPoolExecutor.java:1142)
	at java.util.concurrent.ThreadPoolExecutor$Worker.run(ThreadPoolExecutor.java:617)
	at java.lang.Thread.run(Thread.java:745)
2021-11-08 11:10:47,038 [myid:0] - WARN  [QuorumConnectionThread-[myid=0]-1:QuorumCnxManager@401] - Cannot open channel to 1 at election address invalid.hostname.unreachable.com:27406|/127.0.0.1:27404
java.net.UnknownHostException: invalid.hostname.unreachable.com
	at java.net.AbstractPlainSocketImpl.connect(AbstractPlainSocketImpl.java:184)
	at java.net.PlainSocketImpl.connect(PlainSocketImpl.java:172)
	at java.net.SocksSocketImpl.connect(SocksSocketImpl.java:392)
	at java.net.Socket.connect(Socket.java:589)
	at org.apache.zookeeper.server.quorum.QuorumCnxManager.initiateConnection(QuorumCnxManager.java:384)
	at org.apache.zookeeper.server.quorum.QuorumCnxManager$QuorumConnectionReqThread.run(QuorumCnxManager.java:458)
	at java.util.concurrent.ThreadPoolExecutor.runWorker(ThreadPoolExecutor.java:1142)
	at java.util.concurrent.ThreadPoolExecutor$Worker.run(ThreadPoolExecutor.java:617)
	at java.lang.Thread.run(Thread.java:745)
2021-11-08 11:10:47,039 [myid:2] - INFO  [ListenerHandler-/127.0.0.1:27409:QuorumCnxManager$Listener$ListenerHandler@1071] - Received connection request from /127.0.0.1:2626
2021-11-08 11:10:47,039 [myid:0] - INFO  [QuorumConnectionThread-[myid=0]-3:QuorumCnxManager@514] - Have smaller server identifier, so dropping the connection: (myId:0 --> sid:2)
2021-11-08 11:10:47,379 [myid:127.0.0.1:27402] - INFO  [main-SendThread(127.0.0.1:27402):ClientCnxn$SendThread@1171] - Opening socket connection to server xmind.net/127.0.0.1:27402.
2021-11-08 11:10:47,379 [myid:127.0.0.1:27402] - INFO  [main-SendThread(127.0.0.1:27402):ClientCnxn$SendThread@1173] - SASL config status: Will not attempt to authenticate using SASL (unknown error)
2021-11-08 11:10:47,380 [myid:127.0.0.1:27402] - INFO  [main-SendThread(127.0.0.1:27402):ClientCnxn$SendThread@1005] - Socket connection established, initiating session, client: /127.0.0.1:2699, server: xmind.net/127.0.0.1:27402
2021-11-08 11:10:47,381 [myid:1] - WARN  [NIOWorkerThread-4:NIOServerCnxn@380] - Close of session 0x0
java.io.IOException: ZooKeeperServer not running
	at org.apache.zookeeper.server.NIOServerCnxn.readLength(NIOServerCnxn.java:554)
	at org.apache.zookeeper.server.NIOServerCnxn.doIO(NIOServerCnxn.java:339)
	at org.apache.zookeeper.server.NIOServerCnxnFactory$IOWorkRequest.doWork(NIOServerCnxnFactory.java:508)
	at org.apache.zookeeper.server.WorkerService$ScheduledWorkRequest.run(WorkerService.java:154)
	at java.util.concurrent.ThreadPoolExecutor.runWorker(ThreadPoolExecutor.java:1142)
	at java.util.concurrent.ThreadPoolExecutor$Worker.run(ThreadPoolExecutor.java:617)
	at java.lang.Thread.run(Thread.java:745)
2021-11-08 11:10:47,381 [myid:127.0.0.1:27402] - WARN  [main-SendThread(127.0.0.1:27402):ClientCnxn$SendThread@1290] - Session 0x0 for sever xmind.net/127.0.0.1:27402, Closing socket connection. Attempting reconnect except it is a SessionExpiredException.
EndOfStreamException: Unable to read additional data from server sessionid 0x0, likely server has closed socket
	at org.apache.zookeeper.ClientCnxnSocketNIO.doIO(ClientCnxnSocketNIO.java:77)
	at org.apache.zookeeper.ClientCnxnSocketNIO.doTransport(ClientCnxnSocketNIO.java:350)
	at org.apache.zookeeper.ClientCnxn$SendThread.run(ClientCnxn.java:1280)
2021-11-08 11:10:47,406 [myid:127.0.0.1:27380] - INFO  [main-SendThread(127.0.0.1:27380):ClientCnxn$SendThread@1171] - Opening socket connection to server xmind.net/127.0.0.1:27380.
2021-11-08 11:10:47,407 [myid:127.0.0.1:27380] - INFO  [main-SendThread(127.0.0.1:27380):ClientCnxn$SendThread@1173] - SASL config status: Will not attempt to authenticate using SASL (unknown error)
2021-11-08 11:10:48,003 [myid:2] - WARN  [QuorumConnectionThread-[myid=2]-3:QuorumCnxManager@401] - Cannot open channel to 1 at election address invalid.hostname.unreachable.com:27406|/127.0.0.1:27404
java.net.UnknownHostException: invalid.hostname.unreachable.com
	at java.net.AbstractPlainSocketImpl.connect(AbstractPlainSocketImpl.java:184)
	at java.net.PlainSocketImpl.connect(PlainSocketImpl.java:172)
	at java.net.SocksSocketImpl.connect(SocksSocketImpl.java:392)
	at java.net.Socket.connect(Socket.java:589)
	at org.apache.zookeeper.server.quorum.QuorumCnxManager.initiateConnection(QuorumCnxManager.java:384)
	at org.apache.zookeeper.server.quorum.QuorumCnxManager$QuorumConnectionReqThread.run(QuorumCnxManager.java:458)
	at java.util.concurrent.ThreadPoolExecutor.runWorker(ThreadPoolExecutor.java:1142)
	at java.util.concurrent.ThreadPoolExecutor$Worker.run(ThreadPoolExecutor.java:617)
	at java.lang.Thread.run(Thread.java:745)
2021-11-08 11:10:48,041 [myid:2] - WARN  [QuorumConnectionThread-[myid=2]-2:QuorumCnxManager@401] - Cannot open channel to 0 at election address invalid.hostname.unreachable.com:27401|/127.0.0.1:27399
java.net.UnknownHostException: invalid.hostname.unreachable.com
	at java.net.AbstractPlainSocketImpl.connect(AbstractPlainSocketImpl.java:184)
	at java.net.PlainSocketImpl.connect(PlainSocketImpl.java:172)
	at java.net.SocksSocketImpl.connect(SocksSocketImpl.java:392)
	at java.net.Socket.connect(Socket.java:589)
	at org.apache.zookeeper.server.quorum.QuorumCnxManager.initiateConnection(QuorumCnxManager.java:384)
	at org.apache.zookeeper.server.quorum.QuorumCnxManager$QuorumConnectionReqThread.run(QuorumCnxManager.java:458)
	at java.util.concurrent.ThreadPoolExecutor.runWorker(ThreadPoolExecutor.java:1142)
	at java.util.concurrent.ThreadPoolExecutor$Worker.run(ThreadPoolExecutor.java:617)
	at java.lang.Thread.run(Thread.java:745)
2021-11-08 11:10:48,192 [myid:127.0.0.1:27407] - INFO  [main-SendThread(127.0.0.1:27407):ClientCnxn$SendThread@1171] - Opening socket connection to server xmind.net/127.0.0.1:27407.
2021-11-08 11:10:48,192 [myid:127.0.0.1:27407] - INFO  [main-SendThread(127.0.0.1:27407):ClientCnxn$SendThread@1173] - SASL config status: Will not attempt to authenticate using SASL (unknown error)
2021-11-08 11:10:48,192 [myid:127.0.0.1:27407] - INFO  [main-SendThread(127.0.0.1:27407):ClientCnxn$SendThread@1005] - Socket connection established, initiating session, client: /127.0.0.1:2774, server: xmind.net/127.0.0.1:27407
2021-11-08 11:10:48,193 [myid:2] - WARN  [NIOWorkerThread-5:NIOServerCnxn@380] - Close of session 0x0
java.io.IOException: ZooKeeperServer not running
	at org.apache.zookeeper.server.NIOServerCnxn.readLength(NIOServerCnxn.java:554)
	at org.apache.zookeeper.server.NIOServerCnxn.doIO(NIOServerCnxn.java:339)
	at org.apache.zookeeper.server.NIOServerCnxnFactory$IOWorkRequest.doWork(NIOServerCnxnFactory.java:508)
	at org.apache.zookeeper.server.WorkerService$ScheduledWorkRequest.run(WorkerService.java:154)
	at java.util.concurrent.ThreadPoolExecutor.runWorker(ThreadPoolExecutor.java:1142)
	at java.util.concurrent.ThreadPoolExecutor$Worker.run(ThreadPoolExecutor.java:617)
	at java.lang.Thread.run(Thread.java:745)
2021-11-08 11:10:48,194 [myid:127.0.0.1:27407] - WARN  [main-SendThread(127.0.0.1:27407):ClientCnxn$SendThread@1290] - Session 0x0 for sever xmind.net/127.0.0.1:27407, Closing socket connection. Attempting reconnect except it is a SessionExpiredException.
EndOfStreamException: Unable to read additional data from server sessionid 0x0, likely server has closed socket
	at org.apache.zookeeper.ClientCnxnSocketNIO.doIO(ClientCnxnSocketNIO.java:77)
	at org.apache.zookeeper.ClientCnxnSocketNIO.doTransport(ClientCnxnSocketNIO.java:350)
	at org.apache.zookeeper.ClientCnxn$SendThread.run(ClientCnxn.java:1280)
2021-11-08 11:10:48,267 [myid:127.0.0.1:27397] - INFO  [main-SendThread(127.0.0.1:27397):ClientCnxn$SendThread@1171] - Opening socket connection to server xmind.net/127.0.0.1:27397.
2021-11-08 11:10:48,267 [myid:127.0.0.1:27397] - INFO  [main-SendThread(127.0.0.1:27397):ClientCnxn$SendThread@1173] - SASL config status: Will not attempt to authenticate using SASL (unknown error)
2021-11-08 11:10:48,267 [myid:127.0.0.1:27397] - INFO  [main-SendThread(127.0.0.1:27397):ClientCnxn$SendThread@1005] - Socket connection established, initiating session, client: /127.0.0.1:2775, server: xmind.net/127.0.0.1:27397
2021-11-08 11:10:48,268 [myid:0] - WARN  [NIOWorkerThread-4:NIOServerCnxn@380] - Close of session 0x0
java.io.IOException: ZooKeeperServer not running
	at org.apache.zookeeper.server.NIOServerCnxn.readLength(NIOServerCnxn.java:554)
	at org.apache.zookeeper.server.NIOServerCnxn.doIO(NIOServerCnxn.java:339)
	at org.apache.zookeeper.server.NIOServerCnxnFactory$IOWorkRequest.doWork(NIOServerCnxnFactory.java:508)
	at org.apache.zookeeper.server.WorkerService$ScheduledWorkRequest.run(WorkerService.java:154)
	at java.util.concurrent.ThreadPoolExecutor.runWorker(ThreadPoolExecutor.java:1142)
	at java.util.concurrent.ThreadPoolExecutor$Worker.run(ThreadPoolExecutor.java:617)
	at java.lang.Thread.run(Thread.java:745)
2021-11-08 11:10:48,268 [myid:127.0.0.1:27397] - WARN  [main-SendThread(127.0.0.1:27397):ClientCnxn$SendThread@1290] - Session 0x0 for sever xmind.net/127.0.0.1:27397, Closing socket connection. Attempting reconnect except it is a SessionExpiredException.
EndOfStreamException: Unable to read additional data from server sessionid 0x0, likely server has closed socket
	at org.apache.zookeeper.ClientCnxnSocketNIO.doIO(ClientCnxnSocketNIO.java:77)
	at org.apache.zookeeper.ClientCnxnSocketNIO.doTransport(ClientCnxnSocketNIO.java:350)
	at org.apache.zookeeper.ClientCnxn$SendThread.run(ClientCnxn.java:1280)
2021-11-08 11:10:48,830 [myid:127.0.0.1:27402] - INFO  [main-SendThread(127.0.0.1:27402):ClientCnxn$SendThread@1171] - Opening socket connection to server xmind.net/127.0.0.1:27402.
2021-11-08 11:10:48,830 [myid:127.0.0.1:27402] - INFO  [main-SendThread(127.0.0.1:27402):ClientCnxn$SendThread@1173] - SASL config status: Will not attempt to authenticate using SASL (unknown error)
2021-11-08 11:10:48,831 [myid:127.0.0.1:27402] - INFO  [main-SendThread(127.0.0.1:27402):ClientCnxn$SendThread@1005] - Socket connection established, initiating session, client: /127.0.0.1:2779, server: xmind.net/127.0.0.1:27402
2021-11-08 11:10:48,835 [myid:1] - WARN  [NIOWorkerThread-5:NIOServerCnxn@380] - Close of session 0x0
java.io.IOException: ZooKeeperServer not running
	at org.apache.zookeeper.server.NIOServerCnxn.readLength(NIOServerCnxn.java:554)
	at org.apache.zookeeper.server.NIOServerCnxn.doIO(NIOServerCnxn.java:339)
	at org.apache.zookeeper.server.NIOServerCnxnFactory$IOWorkRequest.doWork(NIOServerCnxnFactory.java:508)
	at org.apache.zookeeper.server.WorkerService$ScheduledWorkRequest.run(WorkerService.java:154)
	at java.util.concurrent.ThreadPoolExecutor.runWorker(ThreadPoolExecutor.java:1142)
	at java.util.concurrent.ThreadPoolExecutor$Worker.run(ThreadPoolExecutor.java:617)
	at java.lang.Thread.run(Thread.java:745)
2021-11-08 11:10:48,836 [myid:127.0.0.1:27402] - WARN  [main-SendThread(127.0.0.1:27402):ClientCnxn$SendThread@1290] - Session 0x0 for sever xmind.net/127.0.0.1:27402, Closing socket connection. Attempting reconnect except it is a SessionExpiredException.
EndOfStreamException: Unable to read additional data from server sessionid 0x0, likely server has closed socket
	at org.apache.zookeeper.ClientCnxnSocketNIO.doIO(ClientCnxnSocketNIO.java:77)
	at org.apache.zookeeper.ClientCnxnSocketNIO.doTransport(ClientCnxnSocketNIO.java:350)
	at org.apache.zookeeper.ClientCnxn$SendThread.run(ClientCnxn.java:1280)
2021-11-08 11:10:49,202 [myid:2] - INFO  [QuorumPeer[myid=2](plain=[0:0:0:0:0:0:0:0]:27407)(secure=disabled):FastLeaderElection@984] - Notification time out: 6400
2021-11-08 11:10:49,202 [myid:1] - INFO  [QuorumPeer[myid=1](plain=[0:0:0:0:0:0:0:0]:27402)(secure=disabled):FastLeaderElection@984] - Notification time out: 6400
2021-11-08 11:10:49,249 [myid:0] - INFO  [QuorumPeer[myid=0](plain=[0:0:0:0:0:0:0:0]:27397)(secure=disabled):FastLeaderElection@984] - Notification time out: 6400
2021-11-08 11:10:49,422 [myid:127.0.0.1:27380] - WARN  [main-SendThread(127.0.0.1:27380):ClientCnxn$SendThread@1290] - Session 0x5806e32b0002 for sever xmind.net/127.0.0.1:27380, Closing socket connection. Attempting reconnect except it is a SessionExpiredException.
java.net.ConnectException: Connection refused: no further information
	at sun.nio.ch.SocketChannelImpl.checkConnect(Native Method)
	at sun.nio.ch.SocketChannelImpl.finishConnect(SocketChannelImpl.java:716)
	at org.apache.zookeeper.ClientCnxnSocketNIO.doTransport(ClientCnxnSocketNIO.java:344)
	at org.apache.zookeeper.ClientCnxn$SendThread.run(ClientCnxn.java:1280)
2021-11-08 11:10:50,204 [myid:2] - WARN  [QuorumConnectionThread-[myid=2]-2:QuorumCnxManager@401] - Cannot open channel to 0 at election address invalid.hostname.unreachable.com:27401|/127.0.0.1:27399
java.net.UnknownHostException: invalid.hostname.unreachable.com
	at java.net.AbstractPlainSocketImpl.connect(AbstractPlainSocketImpl.java:184)
	at java.net.PlainSocketImpl.connect(PlainSocketImpl.java:172)
	at java.net.SocksSocketImpl.connect(SocksSocketImpl.java:392)
	at java.net.Socket.connect(Socket.java:589)
	at org.apache.zookeeper.server.quorum.QuorumCnxManager.initiateConnection(QuorumCnxManager.java:384)
	at org.apache.zookeeper.server.quorum.QuorumCnxManager$QuorumConnectionReqThread.run(QuorumCnxManager.java:458)
	at java.util.concurrent.ThreadPoolExecutor.runWorker(ThreadPoolExecutor.java:1142)
	at java.util.concurrent.ThreadPoolExecutor$Worker.run(ThreadPoolExecutor.java:617)
	at java.lang.Thread.run(Thread.java:745)
2021-11-08 11:10:50,204 [myid:1] - INFO  [QuorumConnectionThread-[myid=1]-2:QuorumCnxManager@514] - Have smaller server identifier, so dropping the connection: (myId:1 --> sid:2)
2021-11-08 11:10:50,204 [myid:2] - INFO  [ListenerHandler-/127.0.0.1:27409:QuorumCnxManager$Listener$ListenerHandler@1071] - Received connection request from /127.0.0.1:3092
2021-11-08 11:10:50,204 [myid:2] - WARN  [QuorumConnectionThread-[myid=2]-3:QuorumCnxManager@401] - Cannot open channel to 1 at election address invalid.hostname.unreachable.com:27406|/127.0.0.1:27404
java.net.UnknownHostException: invalid.hostname.unreachable.com
	at java.net.AbstractPlainSocketImpl.connect(AbstractPlainSocketImpl.java:184)
	at java.net.PlainSocketImpl.connect(PlainSocketImpl.java:172)
	at java.net.SocksSocketImpl.connect(SocksSocketImpl.java:392)
	at java.net.Socket.connect(Socket.java:589)
	at org.apache.zookeeper.server.quorum.QuorumCnxManager.initiateConnection(QuorumCnxManager.java:384)
	at org.apache.zookeeper.server.quorum.QuorumCnxManager$QuorumConnectionReqThread.run(QuorumCnxManager.java:458)
	at java.util.concurrent.ThreadPoolExecutor.runWorker(ThreadPoolExecutor.java:1142)
	at java.util.concurrent.ThreadPoolExecutor$Worker.run(ThreadPoolExecutor.java:617)
	at java.lang.Thread.run(Thread.java:745)
2021-11-08 11:10:50,204 [myid:1] - WARN  [QuorumConnectionThread-[myid=1]-3:QuorumCnxManager@401] - Cannot open channel to 0 at election address invalid.hostname.unreachable.com:27401|/127.0.0.1:27399
java.net.UnknownHostException: invalid.hostname.unreachable.com
	at java.net.AbstractPlainSocketImpl.connect(AbstractPlainSocketImpl.java:184)
	at java.net.PlainSocketImpl.connect(PlainSocketImpl.java:172)
	at java.net.SocksSocketImpl.connect(SocksSocketImpl.java:392)
	at java.net.Socket.connect(Socket.java:589)
	at org.apache.zookeeper.server.quorum.QuorumCnxManager.initiateConnection(QuorumCnxManager.java:384)
	at org.apache.zookeeper.server.quorum.QuorumCnxManager$QuorumConnectionReqThread.run(QuorumCnxManager.java:458)
	at java.util.concurrent.ThreadPoolExecutor.runWorker(ThreadPoolExecutor.java:1142)
	at java.util.concurrent.ThreadPoolExecutor$Worker.run(ThreadPoolExecutor.java:617)
	at java.lang.Thread.run(Thread.java:745)
2021-11-08 11:10:50,230 [myid:127.0.0.1:27407] - INFO  [main-SendThread(127.0.0.1:27407):ClientCnxn$SendThread@1171] - Opening socket connection to server xmind.net/127.0.0.1:27407.
2021-11-08 11:10:50,230 [myid:127.0.0.1:27407] - INFO  [main-SendThread(127.0.0.1:27407):ClientCnxn$SendThread@1173] - SASL config status: Will not attempt to authenticate using SASL (unknown error)
2021-11-08 11:10:50,230 [myid:127.0.0.1:27407] - INFO  [main-SendThread(127.0.0.1:27407):ClientCnxn$SendThread@1005] - Socket connection established, initiating session, client: /127.0.0.1:3093, server: xmind.net/127.0.0.1:27407
2021-11-08 11:10:50,237 [myid:127.0.0.1:27397] - INFO  [main-SendThread(127.0.0.1:27397):ClientCnxn$SendThread@1171] - Opening socket connection to server xmind.net/127.0.0.1:27397.
2021-11-08 11:10:50,237 [myid:127.0.0.1:27397] - INFO  [main-SendThread(127.0.0.1:27397):ClientCnxn$SendThread@1173] - SASL config status: Will not attempt to authenticate using SASL (unknown error)
2021-11-08 11:10:50,237 [myid:127.0.0.1:27397] - INFO  [main-SendThread(127.0.0.1:27397):ClientCnxn$SendThread@1005] - Socket connection established, initiating session, client: /127.0.0.1:3095, server: xmind.net/127.0.0.1:27397
2021-11-08 11:10:50,238 [myid:2] - WARN  [NIOWorkerThread-6:NIOServerCnxn@380] - Close of session 0x0
java.io.IOException: ZooKeeperServer not running
	at org.apache.zookeeper.server.NIOServerCnxn.readLength(NIOServerCnxn.java:554)
	at org.apache.zookeeper.server.NIOServerCnxn.doIO(NIOServerCnxn.java:339)
	at org.apache.zookeeper.server.NIOServerCnxnFactory$IOWorkRequest.doWork(NIOServerCnxnFactory.java:508)
	at org.apache.zookeeper.server.WorkerService$ScheduledWorkRequest.run(WorkerService.java:154)
	at java.util.concurrent.ThreadPoolExecutor.runWorker(ThreadPoolExecutor.java:1142)
	at java.util.concurrent.ThreadPoolExecutor$Worker.run(ThreadPoolExecutor.java:617)
	at java.lang.Thread.run(Thread.java:745)
2021-11-08 11:10:50,239 [myid:127.0.0.1:27407] - WARN  [main-SendThread(127.0.0.1:27407):ClientCnxn$SendThread@1290] - Session 0x0 for sever xmind.net/127.0.0.1:27407, Closing socket connection. Attempting reconnect except it is a SessionExpiredException.
EndOfStreamException: Unable to read additional data from server sessionid 0x0, likely server has closed socket
	at org.apache.zookeeper.ClientCnxnSocketNIO.doIO(ClientCnxnSocketNIO.java:77)
	at org.apache.zookeeper.ClientCnxnSocketNIO.doTransport(ClientCnxnSocketNIO.java:350)
	at org.apache.zookeeper.ClientCnxn$SendThread.run(ClientCnxn.java:1280)
2021-11-08 11:10:50,240 [myid:0] - WARN  [NIOWorkerThread-5:NIOServerCnxn@380] - Close of session 0x0
java.io.IOException: ZooKeeperServer not running
	at org.apache.zookeeper.server.NIOServerCnxn.readLength(NIOServerCnxn.java:554)
	at org.apache.zookeeper.server.NIOServerCnxn.doIO(NIOServerCnxn.java:339)
	at org.apache.zookeeper.server.NIOServerCnxnFactory$IOWorkRequest.doWork(NIOServerCnxnFactory.java:508)
	at org.apache.zookeeper.server.WorkerService$ScheduledWorkRequest.run(WorkerService.java:154)
	at java.util.concurrent.ThreadPoolExecutor.runWorker(ThreadPoolExecutor.java:1142)
	at java.util.concurrent.ThreadPoolExecutor$Worker.run(ThreadPoolExecutor.java:617)
	at java.lang.Thread.run(Thread.java:745)
2021-11-08 11:10:50,242 [myid:127.0.0.1:27397] - WARN  [main-SendThread(127.0.0.1:27397):ClientCnxn$SendThread@1290] - Session 0x0 for sever xmind.net/127.0.0.1:27397, Closing socket connection. Attempting reconnect except it is a SessionExpiredException.
EndOfStreamException: Unable to read additional data from server sessionid 0x0, likely server has closed socket
	at org.apache.zookeeper.ClientCnxnSocketNIO.doIO(ClientCnxnSocketNIO.java:77)
	at org.apache.zookeeper.ClientCnxnSocketNIO.doTransport(ClientCnxnSocketNIO.java:350)
	at org.apache.zookeeper.ClientCnxn$SendThread.run(ClientCnxn.java:1280)
2021-11-08 11:10:50,248 [myid:127.0.0.1:27402] - INFO  [main-SendThread(127.0.0.1:27402):ClientCnxn$SendThread@1171] - Opening socket connection to server xmind.net/127.0.0.1:27402.
2021-11-08 11:10:50,248 [myid:127.0.0.1:27402] - INFO  [main-SendThread(127.0.0.1:27402):ClientCnxn$SendThread@1173] - SASL config status: Will not attempt to authenticate using SASL (unknown error)
2021-11-08 11:10:50,248 [myid:127.0.0.1:27402] - INFO  [main-SendThread(127.0.0.1:27402):ClientCnxn$SendThread@1005] - Socket connection established, initiating session, client: /127.0.0.1:3096, server: xmind.net/127.0.0.1:27402
2021-11-08 11:10:50,249 [myid:0] - WARN  [QuorumConnectionThread-[myid=0]-3:QuorumCnxManager@401] - Cannot open channel to 1 at election address invalid.hostname.unreachable.com:27406|/127.0.0.1:27404
java.net.UnknownHostException: invalid.hostname.unreachable.com
	at java.net.AbstractPlainSocketImpl.connect(AbstractPlainSocketImpl.java:184)
	at java.net.PlainSocketImpl.connect(PlainSocketImpl.java:172)
	at java.net.SocksSocketImpl.connect(SocksSocketImpl.java:392)
	at java.net.Socket.connect(Socket.java:589)
	at org.apache.zookeeper.server.quorum.QuorumCnxManager.initiateConnection(QuorumCnxManager.java:384)
	at org.apache.zookeeper.server.quorum.QuorumCnxManager$QuorumConnectionReqThread.run(QuorumCnxManager.java:458)
	at java.util.concurrent.ThreadPoolExecutor.runWorker(ThreadPoolExecutor.java:1142)
	at java.util.concurrent.ThreadPoolExecutor$Worker.run(ThreadPoolExecutor.java:617)
	at java.lang.Thread.run(Thread.java:745)
2021-11-08 11:10:50,249 [myid:1] - WARN  [NIOWorkerThread-6:NIOServerCnxn@380] - Close of session 0x0
java.io.IOException: ZooKeeperServer not running
	at org.apache.zookeeper.server.NIOServerCnxn.readLength(NIOServerCnxn.java:554)
	at org.apache.zookeeper.server.NIOServerCnxn.doIO(NIOServerCnxn.java:339)
	at org.apache.zookeeper.server.NIOServerCnxnFactory$IOWorkRequest.doWork(NIOServerCnxnFactory.java:508)
	at org.apache.zookeeper.server.WorkerService$ScheduledWorkRequest.run(WorkerService.java:154)
	at java.util.concurrent.ThreadPoolExecutor.runWorker(ThreadPoolExecutor.java:1142)
	at java.util.concurrent.ThreadPoolExecutor$Worker.run(ThreadPoolExecutor.java:617)
	at java.lang.Thread.run(Thread.java:745)
2021-11-08 11:10:50,249 [myid:127.0.0.1:27402] - WARN  [main-SendThread(127.0.0.1:27402):ClientCnxn$SendThread@1290] - Session 0x0 for sever xmind.net/127.0.0.1:27402, Closing socket connection. Attempting reconnect except it is a SessionExpiredException.
EndOfStreamException: Unable to read additional data from server sessionid 0x0, likely server has closed socket
	at org.apache.zookeeper.ClientCnxnSocketNIO.doIO(ClientCnxnSocketNIO.java:77)
	at org.apache.zookeeper.ClientCnxnSocketNIO.doTransport(ClientCnxnSocketNIO.java:350)
	at org.apache.zookeeper.ClientCnxn$SendThread.run(ClientCnxn.java:1280)
2021-11-08 11:10:50,250 [myid:2] - INFO  [ListenerHandler-/127.0.0.1:27409:QuorumCnxManager$Listener$ListenerHandler@1071] - Received connection request from /127.0.0.1:3129
2021-11-08 11:10:50,250 [myid:0] - INFO  [QuorumConnectionThread-[myid=0]-1:QuorumCnxManager@514] - Have smaller server identifier, so dropping the connection: (myId:0 --> sid:2)
2021-11-08 11:10:50,904 [myid:127.0.0.1:27380] - INFO  [main-SendThread(127.0.0.1:27380):ClientCnxn$SendThread@1171] - Opening socket connection to server xmind.net/127.0.0.1:27380.
2021-11-08 11:10:50,904 [myid:127.0.0.1:27380] - INFO  [main-SendThread(127.0.0.1:27380):ClientCnxn$SendThread@1173] - SASL config status: Will not attempt to authenticate using SASL (unknown error)
2021-11-08 11:10:51,251 [myid:2] - WARN  [QuorumConnectionThread-[myid=2]-3:QuorumCnxManager@401] - Cannot open channel to 0 at election address invalid.hostname.unreachable.com:27401|/127.0.0.1:27399
java.net.UnknownHostException: invalid.hostname.unreachable.com
	at java.net.AbstractPlainSocketImpl.connect(AbstractPlainSocketImpl.java:184)
	at java.net.PlainSocketImpl.connect(PlainSocketImpl.java:172)
	at java.net.SocksSocketImpl.connect(SocksSocketImpl.java:392)
	at java.net.Socket.connect(Socket.java:589)
	at org.apache.zookeeper.server.quorum.QuorumCnxManager.initiateConnection(QuorumCnxManager.java:384)
	at org.apache.zookeeper.server.quorum.QuorumCnxManager$QuorumConnectionReqThread.run(QuorumCnxManager.java:458)
	at java.util.concurrent.ThreadPoolExecutor.runWorker(ThreadPoolExecutor.java:1142)
	at java.util.concurrent.ThreadPoolExecutor$Worker.run(ThreadPoolExecutor.java:617)
	at java.lang.Thread.run(Thread.java:745)
2021-11-08 11:10:51,496 [myid:127.0.0.1:27402] - INFO  [main-SendThread(127.0.0.1:27402):ClientCnxn$SendThread@1171] - Opening socket connection to server xmind.net/127.0.0.1:27402.
2021-11-08 11:10:51,496 [myid:127.0.0.1:27402] - INFO  [main-SendThread(127.0.0.1:27402):ClientCnxn$SendThread@1173] - SASL config status: Will not attempt to authenticate using SASL (unknown error)
2021-11-08 11:10:51,496 [myid:127.0.0.1:27402] - INFO  [main-SendThread(127.0.0.1:27402):ClientCnxn$SendThread@1005] - Socket connection established, initiating session, client: /127.0.0.1:3546, server: xmind.net/127.0.0.1:27402
2021-11-08 11:10:51,497 [myid:1] - WARN  [NIOWorkerThread-7:NIOServerCnxn@380] - Close of session 0x0
java.io.IOException: ZooKeeperServer not running
	at org.apache.zookeeper.server.NIOServerCnxn.readLength(NIOServerCnxn.java:554)
	at org.apache.zookeeper.server.NIOServerCnxn.doIO(NIOServerCnxn.java:339)
	at org.apache.zookeeper.server.NIOServerCnxnFactory$IOWorkRequest.doWork(NIOServerCnxnFactory.java:508)
	at org.apache.zookeeper.server.WorkerService$ScheduledWorkRequest.run(WorkerService.java:154)
	at java.util.concurrent.ThreadPoolExecutor.runWorker(ThreadPoolExecutor.java:1142)
	at java.util.concurrent.ThreadPoolExecutor$Worker.run(ThreadPoolExecutor.java:617)
	at java.lang.Thread.run(Thread.java:745)
2021-11-08 11:10:51,497 [myid:127.0.0.1:27402] - WARN  [main-SendThread(127.0.0.1:27402):ClientCnxn$SendThread@1290] - Session 0x0 for sever xmind.net/127.0.0.1:27402, Closing socket connection. Attempting reconnect except it is a SessionExpiredException.
EndOfStreamException: Unable to read additional data from server sessionid 0x0, likely server has closed socket
	at org.apache.zookeeper.ClientCnxnSocketNIO.doIO(ClientCnxnSocketNIO.java:77)
	at org.apache.zookeeper.ClientCnxnSocketNIO.doTransport(ClientCnxnSocketNIO.java:350)
	at org.apache.zookeeper.ClientCnxn$SendThread.run(ClientCnxn.java:1280)
2021-11-08 11:10:51,837 [myid:127.0.0.1:27407] - INFO  [main-SendThread(127.0.0.1:27407):ClientCnxn$SendThread@1171] - Opening socket connection to server xmind.net/127.0.0.1:27407.
2021-11-08 11:10:51,837 [myid:127.0.0.1:27407] - INFO  [main-SendThread(127.0.0.1:27407):ClientCnxn$SendThread@1173] - SASL config status: Will not attempt to authenticate using SASL (unknown error)
2021-11-08 11:10:51,838 [myid:127.0.0.1:27407] - INFO  [main-SendThread(127.0.0.1:27407):ClientCnxn$SendThread@1005] - Socket connection established, initiating session, client: /127.0.0.1:3811, server: xmind.net/127.0.0.1:27407
2021-11-08 11:10:51,952 [myid:2] - WARN  [NIOWorkerThread-7:NIOServerCnxn@380] - Close of session 0x0
java.io.IOException: ZooKeeperServer not running
	at org.apache.zookeeper.server.NIOServerCnxn.readLength(NIOServerCnxn.java:554)
	at org.apache.zookeeper.server.NIOServerCnxn.doIO(NIOServerCnxn.java:339)
	at org.apache.zookeeper.server.NIOServerCnxnFactory$IOWorkRequest.doWork(NIOServerCnxnFactory.java:508)
	at org.apache.zookeeper.server.WorkerService$ScheduledWorkRequest.run(WorkerService.java:154)
	at java.util.concurrent.ThreadPoolExecutor.runWorker(ThreadPoolExecutor.java:1142)
	at java.util.concurrent.ThreadPoolExecutor$Worker.run(ThreadPoolExecutor.java:617)
	at java.lang.Thread.run(Thread.java:745)
2021-11-08 11:10:51,952 [myid:127.0.0.1:27407] - WARN  [main-SendThread(127.0.0.1:27407):ClientCnxn$SendThread@1290] - Session 0x0 for sever xmind.net/127.0.0.1:27407, Closing socket connection. Attempting reconnect except it is a SessionExpiredException.
EndOfStreamException: Unable to read additional data from server sessionid 0x0, likely server has closed socket
	at org.apache.zookeeper.ClientCnxnSocketNIO.doIO(ClientCnxnSocketNIO.java:77)
	at org.apache.zookeeper.ClientCnxnSocketNIO.doTransport(ClientCnxnSocketNIO.java:350)
	at org.apache.zookeeper.ClientCnxn$SendThread.run(ClientCnxn.java:1280)
2021-11-08 11:10:51,978 [myid:127.0.0.1:27397] - INFO  [main-SendThread(127.0.0.1:27397):ClientCnxn$SendThread@1171] - Opening socket connection to server xmind.net/127.0.0.1:27397.
2021-11-08 11:10:51,978 [myid:127.0.0.1:27397] - INFO  [main-SendThread(127.0.0.1:27397):ClientCnxn$SendThread@1173] - SASL config status: Will not attempt to authenticate using SASL (unknown error)
2021-11-08 11:10:51,979 [myid:127.0.0.1:27397] - INFO  [main-SendThread(127.0.0.1:27397):ClientCnxn$SendThread@1005] - Socket connection established, initiating session, client: /127.0.0.1:4140, server: xmind.net/127.0.0.1:27397
2021-11-08 11:10:52,092 [myid:0] - WARN  [NIOWorkerThread-6:NIOServerCnxn@380] - Close of session 0x0
java.io.IOException: ZooKeeperServer not running
	at org.apache.zookeeper.server.NIOServerCnxn.readLength(NIOServerCnxn.java:554)
	at org.apache.zookeeper.server.NIOServerCnxn.doIO(NIOServerCnxn.java:339)
	at org.apache.zookeeper.server.NIOServerCnxnFactory$IOWorkRequest.doWork(NIOServerCnxnFactory.java:508)
	at org.apache.zookeeper.server.WorkerService$ScheduledWorkRequest.run(WorkerService.java:154)
	at java.util.concurrent.ThreadPoolExecutor.runWorker(ThreadPoolExecutor.java:1142)
	at java.util.concurrent.ThreadPoolExecutor$Worker.run(ThreadPoolExecutor.java:617)
	at java.lang.Thread.run(Thread.java:745)
2021-11-08 11:10:52,093 [myid:127.0.0.1:27397] - WARN  [main-SendThread(127.0.0.1:27397):ClientCnxn$SendThread@1290] - Session 0x0 for sever xmind.net/127.0.0.1:27397, Closing socket connection. Attempting reconnect except it is a SessionExpiredException.
EndOfStreamException: Unable to read additional data from server sessionid 0x0, likely server has closed socket
	at org.apache.zookeeper.ClientCnxnSocketNIO.doIO(ClientCnxnSocketNIO.java:77)
	at org.apache.zookeeper.ClientCnxnSocketNIO.doTransport(ClientCnxnSocketNIO.java:350)
	at org.apache.zookeeper.ClientCnxn$SendThread.run(ClientCnxn.java:1280)
2021-11-08 11:10:53,029 [myid:127.0.0.1:27402] - INFO  [main-SendThread(127.0.0.1:27402):ClientCnxn$SendThread@1171] - Opening socket connection to server xmind.net/127.0.0.1:27402.
2021-11-08 11:10:53,029 [myid:127.0.0.1:27402] - INFO  [main-SendThread(127.0.0.1:27402):ClientCnxn$SendThread@1173] - SASL config status: Will not attempt to authenticate using SASL (unknown error)
2021-11-08 11:10:53,030 [myid:127.0.0.1:27402] - INFO  [main-SendThread(127.0.0.1:27402):ClientCnxn$SendThread@1005] - Socket connection established, initiating session, client: /127.0.0.1:5096, server: xmind.net/127.0.0.1:27402
2021-11-08 11:10:53,030 [myid:1] - WARN  [NIOWorkerThread-8:NIOServerCnxn@380] - Close of session 0x0
java.io.IOException: ZooKeeperServer not running
	at org.apache.zookeeper.server.NIOServerCnxn.readLength(NIOServerCnxn.java:554)
	at org.apache.zookeeper.server.NIOServerCnxn.doIO(NIOServerCnxn.java:339)
	at org.apache.zookeeper.server.NIOServerCnxnFactory$IOWorkRequest.doWork(NIOServerCnxnFactory.java:508)
	at org.apache.zookeeper.server.WorkerService$ScheduledWorkRequest.run(WorkerService.java:154)
	at java.util.concurrent.ThreadPoolExecutor.runWorker(ThreadPoolExecutor.java:1142)
	at java.util.concurrent.ThreadPoolExecutor$Worker.run(ThreadPoolExecutor.java:617)
	at java.lang.Thread.run(Thread.java:745)
2021-11-08 11:10:53,031 [myid:127.0.0.1:27402] - WARN  [main-SendThread(127.0.0.1:27402):ClientCnxn$SendThread@1290] - Session 0x0 for sever xmind.net/127.0.0.1:27402, Closing socket connection. Attempting reconnect except it is a SessionExpiredException.
EndOfStreamException: Unable to read additional data from server sessionid 0x0, likely server has closed socket
	at org.apache.zookeeper.ClientCnxnSocketNIO.doIO(ClientCnxnSocketNIO.java:77)
	at org.apache.zookeeper.ClientCnxnSocketNIO.doTransport(ClientCnxnSocketNIO.java:350)
	at org.apache.zookeeper.ClientCnxn$SendThread.run(ClientCnxn.java:1280)
2021-11-08 11:10:53,293 [myid:127.0.0.1:27380] - WARN  [main-SendThread(127.0.0.1:27380):ClientCnxn$SendThread@1290] - Session 0x5806e32b0002 for sever xmind.net/127.0.0.1:27380, Closing socket connection. Attempting reconnect except it is a SessionExpiredException.
java.net.ConnectException: Connection refused: no further information
	at sun.nio.ch.SocketChannelImpl.checkConnect(Native Method)
	at sun.nio.ch.SocketChannelImpl.finishConnect(SocketChannelImpl.java:716)
	at org.apache.zookeeper.ClientCnxnSocketNIO.doTransport(ClientCnxnSocketNIO.java:344)
	at org.apache.zookeeper.ClientCnxn$SendThread.run(ClientCnxn.java:1280)
2021-11-08 11:10:53,676 [myid:127.0.0.1:27397] - INFO  [main-SendThread(127.0.0.1:27397):ClientCnxn$SendThread@1171] - Opening socket connection to server xmind.net/127.0.0.1:27397.
2021-11-08 11:10:53,676 [myid:127.0.0.1:27397] - INFO  [main-SendThread(127.0.0.1:27397):ClientCnxn$SendThread@1173] - SASL config status: Will not attempt to authenticate using SASL (unknown error)
2021-11-08 11:10:53,676 [myid:127.0.0.1:27397] - INFO  [main-SendThread(127.0.0.1:27397):ClientCnxn$SendThread@1005] - Socket connection established, initiating session, client: /127.0.0.1:5293, server: xmind.net/127.0.0.1:27397
2021-11-08 11:10:53,678 [myid:0] - WARN  [NIOWorkerThread-7:NIOServerCnxn@380] - Close of session 0x0
java.io.IOException: ZooKeeperServer not running
	at org.apache.zookeeper.server.NIOServerCnxn.readLength(NIOServerCnxn.java:554)
	at org.apache.zookeeper.server.NIOServerCnxn.doIO(NIOServerCnxn.java:339)
	at org.apache.zookeeper.server.NIOServerCnxnFactory$IOWorkRequest.doWork(NIOServerCnxnFactory.java:508)
	at org.apache.zookeeper.server.WorkerService$ScheduledWorkRequest.run(WorkerService.java:154)
	at java.util.concurrent.ThreadPoolExecutor.runWorker(ThreadPoolExecutor.java:1142)
	at java.util.concurrent.ThreadPoolExecutor$Worker.run(ThreadPoolExecutor.java:617)
	at java.lang.Thread.run(Thread.java:745)
2021-11-08 11:10:53,679 [myid:127.0.0.1:27397] - WARN  [main-SendThread(127.0.0.1:27397):ClientCnxn$SendThread@1290] - Session 0x0 for sever xmind.net/127.0.0.1:27397, Closing socket connection. Attempting reconnect except it is a SessionExpiredException.
EndOfStreamException: Unable to read additional data from server sessionid 0x0, likely server has closed socket
	at org.apache.zookeeper.ClientCnxnSocketNIO.doIO(ClientCnxnSocketNIO.java:77)
	at org.apache.zookeeper.ClientCnxnSocketNIO.doTransport(ClientCnxnSocketNIO.java:350)
	at org.apache.zookeeper.ClientCnxn$SendThread.run(ClientCnxn.java:1280)
2021-11-08 11:10:53,717 [myid:127.0.0.1:27407] - INFO  [main-SendThread(127.0.0.1:27407):ClientCnxn$SendThread@1171] - Opening socket connection to server xmind.net/127.0.0.1:27407.
2021-11-08 11:10:53,717 [myid:127.0.0.1:27407] - INFO  [main-SendThread(127.0.0.1:27407):ClientCnxn$SendThread@1173] - SASL config status: Will not attempt to authenticate using SASL (unknown error)
2021-11-08 11:10:53,717 [myid:127.0.0.1:27407] - INFO  [main-SendThread(127.0.0.1:27407):ClientCnxn$SendThread@1005] - Socket connection established, initiating session, client: /127.0.0.1:5613, server: xmind.net/127.0.0.1:27407
2021-11-08 11:10:53,719 [myid:2] - WARN  [NIOWorkerThread-8:NIOServerCnxn@380] - Close of session 0x0
java.io.IOException: ZooKeeperServer not running
	at org.apache.zookeeper.server.NIOServerCnxn.readLength(NIOServerCnxn.java:554)
	at org.apache.zookeeper.server.NIOServerCnxn.doIO(NIOServerCnxn.java:339)
	at org.apache.zookeeper.server.NIOServerCnxnFactory$IOWorkRequest.doWork(NIOServerCnxnFactory.java:508)
	at org.apache.zookeeper.server.WorkerService$ScheduledWorkRequest.run(WorkerService.java:154)
	at java.util.concurrent.ThreadPoolExecutor.runWorker(ThreadPoolExecutor.java:1142)
	at java.util.concurrent.ThreadPoolExecutor$Worker.run(ThreadPoolExecutor.java:617)
	at java.lang.Thread.run(Thread.java:745)
2021-11-08 11:10:53,719 [myid:127.0.0.1:27407] - WARN  [main-SendThread(127.0.0.1:27407):ClientCnxn$SendThread@1290] - Session 0x0 for sever xmind.net/127.0.0.1:27407, Closing socket connection. Attempting reconnect except it is a SessionExpiredException.
EndOfStreamException: Unable to read additional data from server sessionid 0x0, likely server has closed socket
	at org.apache.zookeeper.ClientCnxnSocketNIO.doIO(ClientCnxnSocketNIO.java:77)
	at org.apache.zookeeper.ClientCnxnSocketNIO.doTransport(ClientCnxnSocketNIO.java:350)
	at org.apache.zookeeper.ClientCnxn$SendThread.run(ClientCnxn.java:1280)
2021-11-08 11:10:54,855 [myid:127.0.0.1:27397] - INFO  [main-SendThread(127.0.0.1:27397):ClientCnxn$SendThread@1171] - Opening socket connection to server xmind.net/127.0.0.1:27397.
2021-11-08 11:10:54,855 [myid:127.0.0.1:27397] - INFO  [main-SendThread(127.0.0.1:27397):ClientCnxn$SendThread@1173] - SASL config status: Will not attempt to authenticate using SASL (unknown error)
2021-11-08 11:10:54,856 [myid:127.0.0.1:27397] - INFO  [main-SendThread(127.0.0.1:27397):ClientCnxn$SendThread@1005] - Socket connection established, initiating session, client: /127.0.0.1:5945, server: xmind.net/127.0.0.1:27397
2021-11-08 11:10:54,869 [myid:127.0.0.1:27402] - INFO  [main-SendThread(127.0.0.1:27402):ClientCnxn$SendThread@1171] - Opening socket connection to server xmind.net/127.0.0.1:27402.
2021-11-08 11:10:54,869 [myid:127.0.0.1:27402] - INFO  [main-SendThread(127.0.0.1:27402):ClientCnxn$SendThread@1173] - SASL config status: Will not attempt to authenticate using SASL (unknown error)
2021-11-08 11:10:54,870 [myid:127.0.0.1:27402] - INFO  [main-SendThread(127.0.0.1:27402):ClientCnxn$SendThread@1005] - Socket connection established, initiating session, client: /127.0.0.1:6090, server: xmind.net/127.0.0.1:27402
2021-11-08 11:10:54,897 [myid:0] - WARN  [NIOWorkerThread-8:NIOServerCnxn@380] - Close of session 0x0
java.io.IOException: ZooKeeperServer not running
	at org.apache.zookeeper.server.NIOServerCnxn.readLength(NIOServerCnxn.java:554)
	at org.apache.zookeeper.server.NIOServerCnxn.doIO(NIOServerCnxn.java:339)
	at org.apache.zookeeper.server.NIOServerCnxnFactory$IOWorkRequest.doWork(NIOServerCnxnFactory.java:508)
	at org.apache.zookeeper.server.WorkerService$ScheduledWorkRequest.run(WorkerService.java:154)
	at java.util.concurrent.ThreadPoolExecutor.runWorker(ThreadPoolExecutor.java:1142)
	at java.util.concurrent.ThreadPoolExecutor$Worker.run(ThreadPoolExecutor.java:617)
	at java.lang.Thread.run(Thread.java:745)
2021-11-08 11:10:54,897 [myid:127.0.0.1:27397] - WARN  [main-SendThread(127.0.0.1:27397):ClientCnxn$SendThread@1290] - Session 0x0 for sever xmind.net/127.0.0.1:27397, Closing socket connection. Attempting reconnect except it is a SessionExpiredException.
EndOfStreamException: Unable to read additional data from server sessionid 0x0, likely server has closed socket
	at org.apache.zookeeper.ClientCnxnSocketNIO.doIO(ClientCnxnSocketNIO.java:77)
	at org.apache.zookeeper.ClientCnxnSocketNIO.doTransport(ClientCnxnSocketNIO.java:350)
	at org.apache.zookeeper.ClientCnxn$SendThread.run(ClientCnxn.java:1280)
2021-11-08 11:10:54,907 [myid:1] - WARN  [NIOWorkerThread-9:NIOServerCnxn@380] - Close of session 0x0
java.io.IOException: ZooKeeperServer not running
	at org.apache.zookeeper.server.NIOServerCnxn.readLength(NIOServerCnxn.java:554)
	at org.apache.zookeeper.server.NIOServerCnxn.doIO(NIOServerCnxn.java:339)
	at org.apache.zookeeper.server.NIOServerCnxnFactory$IOWorkRequest.doWork(NIOServerCnxnFactory.java:508)
	at org.apache.zookeeper.server.WorkerService$ScheduledWorkRequest.run(WorkerService.java:154)
	at java.util.concurrent.ThreadPoolExecutor.runWorker(ThreadPoolExecutor.java:1142)
	at java.util.concurrent.ThreadPoolExecutor$Worker.run(ThreadPoolExecutor.java:617)
	at java.lang.Thread.run(Thread.java:745)
2021-11-08 11:10:54,908 [myid:127.0.0.1:27402] - WARN  [main-SendThread(127.0.0.1:27402):ClientCnxn$SendThread@1290] - Session 0x0 for sever xmind.net/127.0.0.1:27402, Closing socket connection. Attempting reconnect except it is a SessionExpiredException.
EndOfStreamException: Unable to read additional data from server sessionid 0x0, likely server has closed socket
	at org.apache.zookeeper.ClientCnxnSocketNIO.doIO(ClientCnxnSocketNIO.java:77)
	at org.apache.zookeeper.ClientCnxnSocketNIO.doTransport(ClientCnxnSocketNIO.java:350)
	at org.apache.zookeeper.ClientCnxn$SendThread.run(ClientCnxn.java:1280)
2021-11-08 11:10:55,188 [myid:127.0.0.1:27380] - INFO  [main-SendThread(127.0.0.1:27380):ClientCnxn$SendThread@1171] - Opening socket connection to server xmind.net/127.0.0.1:27380.
2021-11-08 11:10:55,188 [myid:127.0.0.1:27380] - INFO  [main-SendThread(127.0.0.1:27380):ClientCnxn$SendThread@1173] - SASL config status: Will not attempt to authenticate using SASL (unknown error)
2021-11-08 11:10:55,292 [myid:127.0.0.1:27407] - INFO  [main-SendThread(127.0.0.1:27407):ClientCnxn$SendThread@1171] - Opening socket connection to server xmind.net/127.0.0.1:27407.
2021-11-08 11:10:55,292 [myid:127.0.0.1:27407] - INFO  [main-SendThread(127.0.0.1:27407):ClientCnxn$SendThread@1173] - SASL config status: Will not attempt to authenticate using SASL (unknown error)
2021-11-08 11:10:55,293 [myid:127.0.0.1:27407] - INFO  [main-SendThread(127.0.0.1:27407):ClientCnxn$SendThread@1005] - Socket connection established, initiating session, client: /127.0.0.1:6111, server: xmind.net/127.0.0.1:27407
2021-11-08 11:10:55,295 [myid:2] - WARN  [NIOWorkerThread-9:NIOServerCnxn@380] - Close of session 0x0
java.io.IOException: ZooKeeperServer not running
	at org.apache.zookeeper.server.NIOServerCnxn.readLength(NIOServerCnxn.java:554)
	at org.apache.zookeeper.server.NIOServerCnxn.doIO(NIOServerCnxn.java:339)
	at org.apache.zookeeper.server.NIOServerCnxnFactory$IOWorkRequest.doWork(NIOServerCnxnFactory.java:508)
	at org.apache.zookeeper.server.WorkerService$ScheduledWorkRequest.run(WorkerService.java:154)
	at java.util.concurrent.ThreadPoolExecutor.runWorker(ThreadPoolExecutor.java:1142)
	at java.util.concurrent.ThreadPoolExecutor$Worker.run(ThreadPoolExecutor.java:617)
	at java.lang.Thread.run(Thread.java:745)
2021-11-08 11:10:55,295 [myid:127.0.0.1:27407] - WARN  [main-SendThread(127.0.0.1:27407):ClientCnxn$SendThread@1290] - Session 0x0 for sever xmind.net/127.0.0.1:27407, Closing socket connection. Attempting reconnect except it is a SessionExpiredException.
EndOfStreamException: Unable to read additional data from server sessionid 0x0, likely server has closed socket
	at org.apache.zookeeper.ClientCnxnSocketNIO.doIO(ClientCnxnSocketNIO.java:77)
	at org.apache.zookeeper.ClientCnxnSocketNIO.doTransport(ClientCnxnSocketNIO.java:350)
	at org.apache.zookeeper.ClientCnxn$SendThread.run(ClientCnxn.java:1280)
2021-11-08 11:10:55,611 [myid:2] - INFO  [QuorumPeer[myid=2](plain=[0:0:0:0:0:0:0:0]:27407)(secure=disabled):FastLeaderElection@984] - Notification time out: 12800
2021-11-08 11:10:55,611 [myid:1] - INFO  [QuorumPeer[myid=1](plain=[0:0:0:0:0:0:0:0]:27402)(secure=disabled):FastLeaderElection@984] - Notification time out: 12800
2021-11-08 11:10:55,657 [myid:0] - INFO  [QuorumPeer[myid=0](plain=[0:0:0:0:0:0:0:0]:27397)(secure=disabled):FastLeaderElection@984] - Notification time out: 12800
2021-11-08 11:10:56,180 [myid:127.0.0.1:27402] - INFO  [main-SendThread(127.0.0.1:27402):ClientCnxn$SendThread@1171] - Opening socket connection to server xmind.net/127.0.0.1:27402.
2021-11-08 11:10:56,180 [myid:127.0.0.1:27402] - INFO  [main-SendThread(127.0.0.1:27402):ClientCnxn$SendThread@1173] - SASL config status: Will not attempt to authenticate using SASL (unknown error)
2021-11-08 11:10:56,180 [myid:127.0.0.1:27402] - INFO  [main-SendThread(127.0.0.1:27402):ClientCnxn$SendThread@1005] - Socket connection established, initiating session, client: /127.0.0.1:6129, server: xmind.net/127.0.0.1:27402
2021-11-08 11:10:56,181 [myid:1] - WARN  [NIOWorkerThread-10:NIOServerCnxn@380] - Close of session 0x0
java.io.IOException: ZooKeeperServer not running
	at org.apache.zookeeper.server.NIOServerCnxn.readLength(NIOServerCnxn.java:554)
	at org.apache.zookeeper.server.NIOServerCnxn.doIO(NIOServerCnxn.java:339)
	at org.apache.zookeeper.server.NIOServerCnxnFactory$IOWorkRequest.doWork(NIOServerCnxnFactory.java:508)
	at org.apache.zookeeper.server.WorkerService$ScheduledWorkRequest.run(WorkerService.java:154)
	at java.util.concurrent.ThreadPoolExecutor.runWorker(ThreadPoolExecutor.java:1142)
	at java.util.concurrent.ThreadPoolExecutor$Worker.run(ThreadPoolExecutor.java:617)
	at java.lang.Thread.run(Thread.java:745)
2021-11-08 11:10:56,181 [myid:127.0.0.1:27402] - WARN  [main-SendThread(127.0.0.1:27402):ClientCnxn$SendThread@1290] - Session 0x0 for sever xmind.net/127.0.0.1:27402, Closing socket connection. Attempting reconnect except it is a SessionExpiredException.
EndOfStreamException: Unable to read additional data from server sessionid 0x0, likely server has closed socket
	at org.apache.zookeeper.ClientCnxnSocketNIO.doIO(ClientCnxnSocketNIO.java:77)
	at org.apache.zookeeper.ClientCnxnSocketNIO.doTransport(ClientCnxnSocketNIO.java:350)
	at org.apache.zookeeper.ClientCnxn$SendThread.run(ClientCnxn.java:1280)
2021-11-08 11:10:56,467 [myid:127.0.0.1:27397] - INFO  [main-SendThread(127.0.0.1:27397):ClientCnxn$SendThread@1171] - Opening socket connection to server xmind.net/127.0.0.1:27397.
2021-11-08 11:10:56,467 [myid:127.0.0.1:27397] - INFO  [main-SendThread(127.0.0.1:27397):ClientCnxn$SendThread@1173] - SASL config status: Will not attempt to authenticate using SASL (unknown error)
2021-11-08 11:10:56,468 [myid:127.0.0.1:27397] - INFO  [main-SendThread(127.0.0.1:27397):ClientCnxn$SendThread@1005] - Socket connection established, initiating session, client: /127.0.0.1:6146, server: xmind.net/127.0.0.1:27397
2021-11-08 11:10:56,509 [myid:0] - WARN  [NIOWorkerThread-9:NIOServerCnxn@380] - Close of session 0x0
java.io.IOException: ZooKeeperServer not running
	at org.apache.zookeeper.server.NIOServerCnxn.readLength(NIOServerCnxn.java:554)
	at org.apache.zookeeper.server.NIOServerCnxn.doIO(NIOServerCnxn.java:339)
	at org.apache.zookeeper.server.NIOServerCnxnFactory$IOWorkRequest.doWork(NIOServerCnxnFactory.java:508)
	at org.apache.zookeeper.server.WorkerService$ScheduledWorkRequest.run(WorkerService.java:154)
	at java.util.concurrent.ThreadPoolExecutor.runWorker(ThreadPoolExecutor.java:1142)
	at java.util.concurrent.ThreadPoolExecutor$Worker.run(ThreadPoolExecutor.java:617)
	at java.lang.Thread.run(Thread.java:745)
2021-11-08 11:10:56,510 [myid:127.0.0.1:27397] - WARN  [main-SendThread(127.0.0.1:27397):ClientCnxn$SendThread@1290] - Session 0x0 for sever xmind.net/127.0.0.1:27397, Closing socket connection. Attempting reconnect except it is a SessionExpiredException.
EndOfStreamException: Unable to read additional data from server sessionid 0x0, likely server has closed socket
	at org.apache.zookeeper.ClientCnxnSocketNIO.doIO(ClientCnxnSocketNIO.java:77)
	at org.apache.zookeeper.ClientCnxnSocketNIO.doTransport(ClientCnxnSocketNIO.java:350)
	at org.apache.zookeeper.ClientCnxn$SendThread.run(ClientCnxn.java:1280)
2021-11-08 11:10:56,612 [myid:2] - WARN  [QuorumConnectionThread-[myid=2]-2:QuorumCnxManager@401] - Cannot open channel to 1 at election address invalid.hostname.unreachable.com:27406|/127.0.0.1:27404
java.net.UnknownHostException: invalid.hostname.unreachable.com
	at java.net.AbstractPlainSocketImpl.connect(AbstractPlainSocketImpl.java:184)
	at java.net.PlainSocketImpl.connect(PlainSocketImpl.java:172)
	at java.net.SocksSocketImpl.connect(SocksSocketImpl.java:392)
	at java.net.Socket.connect(Socket.java:589)
	at org.apache.zookeeper.server.quorum.QuorumCnxManager.initiateConnection(QuorumCnxManager.java:384)
	at org.apache.zookeeper.server.quorum.QuorumCnxManager$QuorumConnectionReqThread.run(QuorumCnxManager.java:458)
	at java.util.concurrent.ThreadPoolExecutor.runWorker(ThreadPoolExecutor.java:1142)
	at java.util.concurrent.ThreadPoolExecutor$Worker.run(ThreadPoolExecutor.java:617)
	at java.lang.Thread.run(Thread.java:745)
2021-11-08 11:10:56,613 [myid:2] - INFO  [ListenerHandler-/127.0.0.1:27409:QuorumCnxManager$Listener$ListenerHandler@1071] - Received connection request from /127.0.0.1:6155
2021-11-08 11:10:56,613 [myid:1] - WARN  [QuorumConnectionThread-[myid=1]-3:QuorumCnxManager@401] - Cannot open channel to 0 at election address invalid.hostname.unreachable.com:27401|/127.0.0.1:27399
java.net.UnknownHostException: invalid.hostname.unreachable.com
	at java.net.AbstractPlainSocketImpl.connect(AbstractPlainSocketImpl.java:184)
	at java.net.PlainSocketImpl.connect(PlainSocketImpl.java:172)
	at java.net.SocksSocketImpl.connect(SocksSocketImpl.java:392)
	at java.net.Socket.connect(Socket.java:589)
	at org.apache.zookeeper.server.quorum.QuorumCnxManager.initiateConnection(QuorumCnxManager.java:384)
	at org.apache.zookeeper.server.quorum.QuorumCnxManager$QuorumConnectionReqThread.run(QuorumCnxManager.java:458)
	at java.util.concurrent.ThreadPoolExecutor.runWorker(ThreadPoolExecutor.java:1142)
	at java.util.concurrent.ThreadPoolExecutor$Worker.run(ThreadPoolExecutor.java:617)
	at java.lang.Thread.run(Thread.java:745)
2021-11-08 11:10:56,613 [myid:2] - WARN  [QuorumConnectionThread-[myid=2]-3:QuorumCnxManager@401] - Cannot open channel to 0 at election address invalid.hostname.unreachable.com:27401|/127.0.0.1:27399
java.net.UnknownHostException: invalid.hostname.unreachable.com
	at java.net.AbstractPlainSocketImpl.connect(AbstractPlainSocketImpl.java:184)
	at java.net.PlainSocketImpl.connect(PlainSocketImpl.java:172)
	at java.net.SocksSocketImpl.connect(SocksSocketImpl.java:392)
	at java.net.Socket.connect(Socket.java:589)
	at org.apache.zookeeper.server.quorum.QuorumCnxManager.initiateConnection(QuorumCnxManager.java:384)
	at org.apache.zookeeper.server.quorum.QuorumCnxManager$QuorumConnectionReqThread.run(QuorumCnxManager.java:458)
	at java.util.concurrent.ThreadPoolExecutor.runWorker(ThreadPoolExecutor.java:1142)
	at java.util.concurrent.ThreadPoolExecutor$Worker.run(ThreadPoolExecutor.java:617)
	at java.lang.Thread.run(Thread.java:745)
2021-11-08 11:10:56,613 [myid:1] - INFO  [QuorumConnectionThread-[myid=1]-2:QuorumCnxManager@514] - Have smaller server identifier, so dropping the connection: (myId:1 --> sid:2)
2021-11-08 11:10:56,660 [myid:0] - WARN  [QuorumConnectionThread-[myid=0]-1:QuorumCnxManager@401] - Cannot open channel to 1 at election address invalid.hostname.unreachable.com:27406|/127.0.0.1:27404
java.net.UnknownHostException: invalid.hostname.unreachable.com
	at java.net.AbstractPlainSocketImpl.connect(AbstractPlainSocketImpl.java:184)
	at java.net.PlainSocketImpl.connect(PlainSocketImpl.java:172)
	at java.net.SocksSocketImpl.connect(SocksSocketImpl.java:392)
	at java.net.Socket.connect(Socket.java:589)
	at org.apache.zookeeper.server.quorum.QuorumCnxManager.initiateConnection(QuorumCnxManager.java:384)
	at org.apache.zookeeper.server.quorum.QuorumCnxManager$QuorumConnectionReqThread.run(QuorumCnxManager.java:458)
	at java.util.concurrent.ThreadPoolExecutor.runWorker(ThreadPoolExecutor.java:1142)
	at java.util.concurrent.ThreadPoolExecutor$Worker.run(ThreadPoolExecutor.java:617)
	at java.lang.Thread.run(Thread.java:745)
2021-11-08 11:10:56,661 [myid:2] - INFO  [ListenerHandler-/127.0.0.1:27409:QuorumCnxManager$Listener$ListenerHandler@1071] - Received connection request from /127.0.0.1:6157
2021-11-08 11:10:56,661 [myid:0] - INFO  [QuorumConnectionThread-[myid=0]-3:QuorumCnxManager@514] - Have smaller server identifier, so dropping the connection: (myId:0 --> sid:2)
2021-11-08 11:10:56,993 [myid:127.0.0.1:27407] - INFO  [main-SendThread(127.0.0.1:27407):ClientCnxn$SendThread@1171] - Opening socket connection to server xmind.net/127.0.0.1:27407.
2021-11-08 11:10:56,993 [myid:127.0.0.1:27407] - INFO  [main-SendThread(127.0.0.1:27407):ClientCnxn$SendThread@1173] - SASL config status: Will not attempt to authenticate using SASL (unknown error)
2021-11-08 11:10:56,994 [myid:127.0.0.1:27407] - INFO  [main-SendThread(127.0.0.1:27407):ClientCnxn$SendThread@1005] - Socket connection established, initiating session, client: /127.0.0.1:6162, server: xmind.net/127.0.0.1:27407
2021-11-08 11:10:57,030 [myid:2] - WARN  [NIOWorkerThread-10:NIOServerCnxn@380] - Close of session 0x0
java.io.IOException: ZooKeeperServer not running
	at org.apache.zookeeper.server.NIOServerCnxn.readLength(NIOServerCnxn.java:554)
	at org.apache.zookeeper.server.NIOServerCnxn.doIO(NIOServerCnxn.java:339)
	at org.apache.zookeeper.server.NIOServerCnxnFactory$IOWorkRequest.doWork(NIOServerCnxnFactory.java:508)
	at org.apache.zookeeper.server.WorkerService$ScheduledWorkRequest.run(WorkerService.java:154)
	at java.util.concurrent.ThreadPoolExecutor.runWorker(ThreadPoolExecutor.java:1142)
	at java.util.concurrent.ThreadPoolExecutor$Worker.run(ThreadPoolExecutor.java:617)
	at java.lang.Thread.run(Thread.java:745)
2021-11-08 11:10:57,030 [myid:127.0.0.1:27407] - WARN  [main-SendThread(127.0.0.1:27407):ClientCnxn$SendThread@1290] - Session 0x0 for sever xmind.net/127.0.0.1:27407, Closing socket connection. Attempting reconnect except it is a SessionExpiredException.
EndOfStreamException: Unable to read additional data from server sessionid 0x0, likely server has closed socket
	at org.apache.zookeeper.ClientCnxnSocketNIO.doIO(ClientCnxnSocketNIO.java:77)
	at org.apache.zookeeper.ClientCnxnSocketNIO.doTransport(ClientCnxnSocketNIO.java:350)
	at org.apache.zookeeper.ClientCnxn$SendThread.run(ClientCnxn.java:1280)
2021-11-08 11:10:57,497 [myid:127.0.0.1:27380] - WARN  [main-SendThread(127.0.0.1:27380):ClientCnxn$SendThread@1290] - Session 0x5806e32b0002 for sever xmind.net/127.0.0.1:27380, Closing socket connection. Attempting reconnect except it is a SessionExpiredException.
java.net.ConnectException: Connection refused: no further information
	at sun.nio.ch.SocketChannelImpl.checkConnect(Native Method)
	at sun.nio.ch.SocketChannelImpl.finishConnect(SocketChannelImpl.java:716)
	at org.apache.zookeeper.ClientCnxnSocketNIO.doTransport(ClientCnxnSocketNIO.java:344)
	at org.apache.zookeeper.ClientCnxn$SendThread.run(ClientCnxn.java:1280)
2021-11-08 11:10:57,614 [myid:2] - WARN  [QuorumConnectionThread-[myid=2]-2:QuorumCnxManager@401] - Cannot open channel to 1 at election address invalid.hostname.unreachable.com:27406|/127.0.0.1:27404
java.net.UnknownHostException: invalid.hostname.unreachable.com
	at java.net.AbstractPlainSocketImpl.connect(AbstractPlainSocketImpl.java:184)
	at java.net.PlainSocketImpl.connect(PlainSocketImpl.java:172)
	at java.net.SocksSocketImpl.connect(SocksSocketImpl.java:392)
	at java.net.Socket.connect(Socket.java:589)
	at org.apache.zookeeper.server.quorum.QuorumCnxManager.initiateConnection(QuorumCnxManager.java:384)
	at org.apache.zookeeper.server.quorum.QuorumCnxManager$QuorumConnectionReqThread.run(QuorumCnxManager.java:458)
	at java.util.concurrent.ThreadPoolExecutor.runWorker(ThreadPoolExecutor.java:1142)
	at java.util.concurrent.ThreadPoolExecutor$Worker.run(ThreadPoolExecutor.java:617)
	at java.lang.Thread.run(Thread.java:745)
2021-11-08 11:10:57,664 [myid:2] - WARN  [QuorumConnectionThread-[myid=2]-3:QuorumCnxManager@401] - Cannot open channel to 0 at election address invalid.hostname.unreachable.com:27401|/127.0.0.1:27399
java.net.UnknownHostException: invalid.hostname.unreachable.com
	at java.net.AbstractPlainSocketImpl.connect(AbstractPlainSocketImpl.java:184)
	at java.net.PlainSocketImpl.connect(PlainSocketImpl.java:172)
	at java.net.SocksSocketImpl.connect(SocksSocketImpl.java:392)
	at java.net.Socket.connect(Socket.java:589)
	at org.apache.zookeeper.server.quorum.QuorumCnxManager.initiateConnection(QuorumCnxManager.java:384)
	at org.apache.zookeeper.server.quorum.QuorumCnxManager$QuorumConnectionReqThread.run(QuorumCnxManager.java:458)
	at java.util.concurrent.ThreadPoolExecutor.runWorker(ThreadPoolExecutor.java:1142)
	at java.util.concurrent.ThreadPoolExecutor$Worker.run(ThreadPoolExecutor.java:617)
	at java.lang.Thread.run(Thread.java:745)
2021-11-08 11:10:57,745 [myid:127.0.0.1:27397] - INFO  [main-SendThread(127.0.0.1:27397):ClientCnxn$SendThread@1171] - Opening socket connection to server xmind.net/127.0.0.1:27397.
2021-11-08 11:10:57,746 [myid:127.0.0.1:27397] - INFO  [main-SendThread(127.0.0.1:27397):ClientCnxn$SendThread@1173] - SASL config status: Will not attempt to authenticate using SASL (unknown error)
2021-11-08 11:10:57,746 [myid:127.0.0.1:27397] - INFO  [main-SendThread(127.0.0.1:27397):ClientCnxn$SendThread@1005] - Socket connection established, initiating session, client: /127.0.0.1:6164, server: xmind.net/127.0.0.1:27397
2021-11-08 11:10:57,762 [myid:0] - WARN  [NIOWorkerThread-10:NIOServerCnxn@380] - Close of session 0x0
java.io.IOException: ZooKeeperServer not running
	at org.apache.zookeeper.server.NIOServerCnxn.readLength(NIOServerCnxn.java:554)
	at org.apache.zookeeper.server.NIOServerCnxn.doIO(NIOServerCnxn.java:339)
	at org.apache.zookeeper.server.NIOServerCnxnFactory$IOWorkRequest.doWork(NIOServerCnxnFactory.java:508)
	at org.apache.zookeeper.server.WorkerService$ScheduledWorkRequest.run(WorkerService.java:154)
	at java.util.concurrent.ThreadPoolExecutor.runWorker(ThreadPoolExecutor.java:1142)
	at java.util.concurrent.ThreadPoolExecutor$Worker.run(ThreadPoolExecutor.java:617)
	at java.lang.Thread.run(Thread.java:745)
2021-11-08 11:10:57,762 [myid:127.0.0.1:27397] - WARN  [main-SendThread(127.0.0.1:27397):ClientCnxn$SendThread@1290] - Session 0x0 for sever xmind.net/127.0.0.1:27397, Closing socket connection. Attempting reconnect except it is a SessionExpiredException.
EndOfStreamException: Unable to read additional data from server sessionid 0x0, likely server has closed socket
	at org.apache.zookeeper.ClientCnxnSocketNIO.doIO(ClientCnxnSocketNIO.java:77)
	at org.apache.zookeeper.ClientCnxnSocketNIO.doTransport(ClientCnxnSocketNIO.java:350)
	at org.apache.zookeeper.ClientCnxn$SendThread.run(ClientCnxn.java:1280)
2021-11-08 11:10:58,096 [myid:127.0.0.1:27402] - INFO  [main-SendThread(127.0.0.1:27402):ClientCnxn$SendThread@1171] - Opening socket connection to server xmind.net/127.0.0.1:27402.
2021-11-08 11:10:58,096 [myid:127.0.0.1:27402] - INFO  [main-SendThread(127.0.0.1:27402):ClientCnxn$SendThread@1173] - SASL config status: Will not attempt to authenticate using SASL (unknown error)
2021-11-08 11:10:58,097 [myid:127.0.0.1:27402] - INFO  [main-SendThread(127.0.0.1:27402):ClientCnxn$SendThread@1005] - Socket connection established, initiating session, client: /127.0.0.1:6165, server: xmind.net/127.0.0.1:27402
2021-11-08 11:10:58,097 [myid:1] - WARN  [NIOWorkerThread-11:NIOServerCnxn@380] - Close of session 0x0
java.io.IOException: ZooKeeperServer not running
	at org.apache.zookeeper.server.NIOServerCnxn.readLength(NIOServerCnxn.java:554)
	at org.apache.zookeeper.server.NIOServerCnxn.doIO(NIOServerCnxn.java:339)
	at org.apache.zookeeper.server.NIOServerCnxnFactory$IOWorkRequest.doWork(NIOServerCnxnFactory.java:508)
	at org.apache.zookeeper.server.WorkerService$ScheduledWorkRequest.run(WorkerService.java:154)
	at java.util.concurrent.ThreadPoolExecutor.runWorker(ThreadPoolExecutor.java:1142)
	at java.util.concurrent.ThreadPoolExecutor$Worker.run(ThreadPoolExecutor.java:617)
	at java.lang.Thread.run(Thread.java:745)
2021-11-08 11:10:58,097 [myid:127.0.0.1:27402] - WARN  [main-SendThread(127.0.0.1:27402):ClientCnxn$SendThread@1290] - Session 0x0 for sever xmind.net/127.0.0.1:27402, Closing socket connection. Attempting reconnect except it is a SessionExpiredException.
EndOfStreamException: Unable to read additional data from server sessionid 0x0, likely server has closed socket
	at org.apache.zookeeper.ClientCnxnSocketNIO.doIO(ClientCnxnSocketNIO.java:77)
	at org.apache.zookeeper.ClientCnxnSocketNIO.doTransport(ClientCnxnSocketNIO.java:350)
	at org.apache.zookeeper.ClientCnxn$SendThread.run(ClientCnxn.java:1280)
2021-11-08 11:10:58,791 [myid:127.0.0.1:27407] - INFO  [main-SendThread(127.0.0.1:27407):ClientCnxn$SendThread@1171] - Opening socket connection to server xmind.net/127.0.0.1:27407.
2021-11-08 11:10:58,791 [myid:127.0.0.1:27407] - INFO  [main-SendThread(127.0.0.1:27407):ClientCnxn$SendThread@1173] - SASL config status: Will not attempt to authenticate using SASL (unknown error)
2021-11-08 11:10:58,792 [myid:127.0.0.1:27407] - INFO  [main-SendThread(127.0.0.1:27407):ClientCnxn$SendThread@1005] - Socket connection established, initiating session, client: /127.0.0.1:6177, server: xmind.net/127.0.0.1:27407
2021-11-08 11:10:58,793 [myid:2] - WARN  [NIOWorkerThread-11:NIOServerCnxn@380] - Close of session 0x0
java.io.IOException: ZooKeeperServer not running
	at org.apache.zookeeper.server.NIOServerCnxn.readLength(NIOServerCnxn.java:554)
	at org.apache.zookeeper.server.NIOServerCnxn.doIO(NIOServerCnxn.java:339)
	at org.apache.zookeeper.server.NIOServerCnxnFactory$IOWorkRequest.doWork(NIOServerCnxnFactory.java:508)
	at org.apache.zookeeper.server.WorkerService$ScheduledWorkRequest.run(WorkerService.java:154)
	at java.util.concurrent.ThreadPoolExecutor.runWorker(ThreadPoolExecutor.java:1142)
	at java.util.concurrent.ThreadPoolExecutor$Worker.run(ThreadPoolExecutor.java:617)
	at java.lang.Thread.run(Thread.java:745)
2021-11-08 11:10:58,795 [myid:127.0.0.1:27407] - WARN  [main-SendThread(127.0.0.1:27407):ClientCnxn$SendThread@1290] - Session 0x0 for sever xmind.net/127.0.0.1:27407, Closing socket connection. Attempting reconnect except it is a SessionExpiredException.
EndOfStreamException: Unable to read additional data from server sessionid 0x0, likely server has closed socket
	at org.apache.zookeeper.ClientCnxnSocketNIO.doIO(ClientCnxnSocketNIO.java:77)
	at org.apache.zookeeper.ClientCnxnSocketNIO.doTransport(ClientCnxnSocketNIO.java:350)
	at org.apache.zookeeper.ClientCnxn$SendThread.run(ClientCnxn.java:1280)
2021-11-08 11:10:59,009 [myid:127.0.0.1:27397] - INFO  [main-SendThread(127.0.0.1:27397):ClientCnxn$SendThread@1171] - Opening socket connection to server xmind.net/127.0.0.1:27397.
2021-11-08 11:10:59,010 [myid:127.0.0.1:27397] - INFO  [main-SendThread(127.0.0.1:27397):ClientCnxn$SendThread@1173] - SASL config status: Will not attempt to authenticate using SASL (unknown error)
2021-11-08 11:10:59,010 [myid:127.0.0.1:27397] - INFO  [main-SendThread(127.0.0.1:27397):ClientCnxn$SendThread@1005] - Socket connection established, initiating session, client: /127.0.0.1:6178, server: xmind.net/127.0.0.1:27397
2021-11-08 11:10:59,015 [myid:0] - WARN  [NIOWorkerThread-11:NIOServerCnxn@380] - Close of session 0x0
java.io.IOException: ZooKeeperServer not running
	at org.apache.zookeeper.server.NIOServerCnxn.readLength(NIOServerCnxn.java:554)
	at org.apache.zookeeper.server.NIOServerCnxn.doIO(NIOServerCnxn.java:339)
	at org.apache.zookeeper.server.NIOServerCnxnFactory$IOWorkRequest.doWork(NIOServerCnxnFactory.java:508)
	at org.apache.zookeeper.server.WorkerService$ScheduledWorkRequest.run(WorkerService.java:154)
	at java.util.concurrent.ThreadPoolExecutor.runWorker(ThreadPoolExecutor.java:1142)
	at java.util.concurrent.ThreadPoolExecutor$Worker.run(ThreadPoolExecutor.java:617)
	at java.lang.Thread.run(Thread.java:745)
2021-11-08 11:10:59,016 [myid:127.0.0.1:27397] - WARN  [main-SendThread(127.0.0.1:27397):ClientCnxn$SendThread@1290] - Session 0x0 for sever xmind.net/127.0.0.1:27397, Closing socket connection. Attempting reconnect except it is a SessionExpiredException.
EndOfStreamException: Unable to read additional data from server sessionid 0x0, likely server has closed socket
	at org.apache.zookeeper.ClientCnxnSocketNIO.doIO(ClientCnxnSocketNIO.java:77)
	at org.apache.zookeeper.ClientCnxnSocketNIO.doTransport(ClientCnxnSocketNIO.java:350)
	at org.apache.zookeeper.ClientCnxn$SendThread.run(ClientCnxn.java:1280)
2021-11-08 11:10:59,045 [myid:127.0.0.1:27380] - INFO  [main-SendThread(127.0.0.1:27380):ClientCnxn$SendThread@1171] - Opening socket connection to server xmind.net/127.0.0.1:27380.
2021-11-08 11:10:59,045 [myid:127.0.0.1:27380] - INFO  [main-SendThread(127.0.0.1:27380):ClientCnxn$SendThread@1173] - SASL config status: Will not attempt to authenticate using SASL (unknown error)
2021-11-08 11:10:59,388 [myid:127.0.0.1:27402] - INFO  [main-SendThread(127.0.0.1:27402):ClientCnxn$SendThread@1171] - Opening socket connection to server xmind.net/127.0.0.1:27402.
2021-11-08 11:10:59,388 [myid:127.0.0.1:27402] - INFO  [main-SendThread(127.0.0.1:27402):ClientCnxn$SendThread@1173] - SASL config status: Will not attempt to authenticate using SASL (unknown error)
2021-11-08 11:10:59,389 [myid:127.0.0.1:27402] - INFO  [main-SendThread(127.0.0.1:27402):ClientCnxn$SendThread@1005] - Socket connection established, initiating session, client: /127.0.0.1:6261, server: xmind.net/127.0.0.1:27402
2021-11-08 11:10:59,390 [myid:1] - WARN  [NIOWorkerThread-12:NIOServerCnxn@380] - Close of session 0x0
java.io.IOException: ZooKeeperServer not running
	at org.apache.zookeeper.server.NIOServerCnxn.readLength(NIOServerCnxn.java:554)
	at org.apache.zookeeper.server.NIOServerCnxn.doIO(NIOServerCnxn.java:339)
	at org.apache.zookeeper.server.NIOServerCnxnFactory$IOWorkRequest.doWork(NIOServerCnxnFactory.java:508)
	at org.apache.zookeeper.server.WorkerService$ScheduledWorkRequest.run(WorkerService.java:154)
	at java.util.concurrent.ThreadPoolExecutor.runWorker(ThreadPoolExecutor.java:1142)
	at java.util.concurrent.ThreadPoolExecutor$Worker.run(ThreadPoolExecutor.java:617)
	at java.lang.Thread.run(Thread.java:745)
2021-11-08 11:10:59,390 [myid:127.0.0.1:27402] - WARN  [main-SendThread(127.0.0.1:27402):ClientCnxn$SendThread@1290] - Session 0x0 for sever xmind.net/127.0.0.1:27402, Closing socket connection. Attempting reconnect except it is a SessionExpiredException.
EndOfStreamException: Unable to read additional data from server sessionid 0x0, likely server has closed socket
	at org.apache.zookeeper.ClientCnxnSocketNIO.doIO(ClientCnxnSocketNIO.java:77)
	at org.apache.zookeeper.ClientCnxnSocketNIO.doTransport(ClientCnxnSocketNIO.java:350)
	at org.apache.zookeeper.ClientCnxn$SendThread.run(ClientCnxn.java:1280)
2021-11-08 11:11:00,808 [myid:127.0.0.1:27397] - INFO  [main-SendThread(127.0.0.1:27397):ClientCnxn$SendThread@1171] - Opening socket connection to server xmind.net/127.0.0.1:27397.
2021-11-08 11:11:00,808 [myid:127.0.0.1:27397] - INFO  [main-SendThread(127.0.0.1:27397):ClientCnxn$SendThread@1173] - SASL config status: Will not attempt to authenticate using SASL (unknown error)
2021-11-08 11:11:00,809 [myid:127.0.0.1:27397] - INFO  [main-SendThread(127.0.0.1:27397):ClientCnxn$SendThread@1005] - Socket connection established, initiating session, client: /127.0.0.1:7055, server: xmind.net/127.0.0.1:27397
2021-11-08 11:11:00,835 [myid:127.0.0.1:27407] - INFO  [main-SendThread(127.0.0.1:27407):ClientCnxn$SendThread@1171] - Opening socket connection to server xmind.net/127.0.0.1:27407.
2021-11-08 11:11:00,835 [myid:127.0.0.1:27407] - INFO  [main-SendThread(127.0.0.1:27407):ClientCnxn$SendThread@1173] - SASL config status: Will not attempt to authenticate using SASL (unknown error)
2021-11-08 11:11:00,836 [myid:127.0.0.1:27407] - INFO  [main-SendThread(127.0.0.1:27407):ClientCnxn$SendThread@1005] - Socket connection established, initiating session, client: /127.0.0.1:7068, server: xmind.net/127.0.0.1:27407
2021-11-08 11:11:00,858 [myid:0] - WARN  [NIOWorkerThread-12:NIOServerCnxn@380] - Close of session 0x0
java.io.IOException: ZooKeeperServer not running
	at org.apache.zookeeper.server.NIOServerCnxn.readLength(NIOServerCnxn.java:554)
	at org.apache.zookeeper.server.NIOServerCnxn.doIO(NIOServerCnxn.java:339)
	at org.apache.zookeeper.server.NIOServerCnxnFactory$IOWorkRequest.doWork(NIOServerCnxnFactory.java:508)
	at org.apache.zookeeper.server.WorkerService$ScheduledWorkRequest.run(WorkerService.java:154)
	at java.util.concurrent.ThreadPoolExecutor.runWorker(ThreadPoolExecutor.java:1142)
	at java.util.concurrent.ThreadPoolExecutor$Worker.run(ThreadPoolExecutor.java:617)
	at java.lang.Thread.run(Thread.java:745)
2021-11-08 11:11:00,868 [myid:2] - WARN  [NIOWorkerThread-12:NIOServerCnxn@380] - Close of session 0x0
java.io.IOException: ZooKeeperServer not running
	at org.apache.zookeeper.server.NIOServerCnxn.readLength(NIOServerCnxn.java:554)
	at org.apache.zookeeper.server.NIOServerCnxn.doIO(NIOServerCnxn.java:339)
	at org.apache.zookeeper.server.NIOServerCnxnFactory$IOWorkRequest.doWork(NIOServerCnxnFactory.java:508)
	at org.apache.zookeeper.server.WorkerService$ScheduledWorkRequest.run(WorkerService.java:154)
	at java.util.concurrent.ThreadPoolExecutor.runWorker(ThreadPoolExecutor.java:1142)
	at java.util.concurrent.ThreadPoolExecutor$Worker.run(ThreadPoolExecutor.java:617)
	at java.lang.Thread.run(Thread.java:745)
2021-11-08 11:11:00,883 [myid:127.0.0.1:27407] - WARN  [main-SendThread(127.0.0.1:27407):ClientCnxn$SendThread@1290] - Session 0x0 for sever xmind.net/127.0.0.1:27407, Closing socket connection. Attempting reconnect except it is a SessionExpiredException.
EndOfStreamException: Unable to read additional data from server sessionid 0x0, likely server has closed socket
	at org.apache.zookeeper.ClientCnxnSocketNIO.doIO(ClientCnxnSocketNIO.java:77)
	at org.apache.zookeeper.ClientCnxnSocketNIO.doTransport(ClientCnxnSocketNIO.java:350)
	at org.apache.zookeeper.ClientCnxn$SendThread.run(ClientCnxn.java:1280)
2021-11-08 11:11:00,886 [myid:127.0.0.1:27397] - WARN  [main-SendThread(127.0.0.1:27397):ClientCnxn$SendThread@1290] - Session 0x0 for sever xmind.net/127.0.0.1:27397, Closing socket connection. Attempting reconnect except it is a SessionExpiredException.
EndOfStreamException: Unable to read additional data from server sessionid 0x0, likely server has closed socket
	at org.apache.zookeeper.ClientCnxnSocketNIO.doIO(ClientCnxnSocketNIO.java:77)
	at org.apache.zookeeper.ClientCnxnSocketNIO.doTransport(ClientCnxnSocketNIO.java:350)
	at org.apache.zookeeper.ClientCnxn$SendThread.run(ClientCnxn.java:1280)
2021-11-08 11:11:01,066 [myid:127.0.0.1:27402] - INFO  [main-SendThread(127.0.0.1:27402):ClientCnxn$SendThread@1171] - Opening socket connection to server xmind.net/127.0.0.1:27402.
2021-11-08 11:11:01,066 [myid:127.0.0.1:27402] - INFO  [main-SendThread(127.0.0.1:27402):ClientCnxn$SendThread@1173] - SASL config status: Will not attempt to authenticate using SASL (unknown error)
2021-11-08 11:11:01,067 [myid:127.0.0.1:27402] - INFO  [main-SendThread(127.0.0.1:27402):ClientCnxn$SendThread@1005] - Socket connection established, initiating session, client: /127.0.0.1:7100, server: xmind.net/127.0.0.1:27402
2021-11-08 11:11:01,067 [myid:1] - WARN  [NIOWorkerThread-1:NIOServerCnxn@380] - Close of session 0x0
java.io.IOException: ZooKeeperServer not running
	at org.apache.zookeeper.server.NIOServerCnxn.readLength(NIOServerCnxn.java:554)
	at org.apache.zookeeper.server.NIOServerCnxn.doIO(NIOServerCnxn.java:339)
	at org.apache.zookeeper.server.NIOServerCnxnFactory$IOWorkRequest.doWork(NIOServerCnxnFactory.java:508)
	at org.apache.zookeeper.server.WorkerService$ScheduledWorkRequest.run(WorkerService.java:154)
	at java.util.concurrent.ThreadPoolExecutor.runWorker(ThreadPoolExecutor.java:1142)
	at java.util.concurrent.ThreadPoolExecutor$Worker.run(ThreadPoolExecutor.java:617)
	at java.lang.Thread.run(Thread.java:745)
2021-11-08 11:11:01,067 [myid:127.0.0.1:27402] - WARN  [main-SendThread(127.0.0.1:27402):ClientCnxn$SendThread@1290] - Session 0x0 for sever xmind.net/127.0.0.1:27402, Closing socket connection. Attempting reconnect except it is a SessionExpiredException.
EndOfStreamException: Unable to read additional data from server sessionid 0x0, likely server has closed socket
	at org.apache.zookeeper.ClientCnxnSocketNIO.doIO(ClientCnxnSocketNIO.java:77)
	at org.apache.zookeeper.ClientCnxnSocketNIO.doTransport(ClientCnxnSocketNIO.java:350)
	at org.apache.zookeeper.ClientCnxn$SendThread.run(ClientCnxn.java:1280)
2021-11-08 11:11:01,111 [myid:127.0.0.1:27380] - WARN  [main-SendThread(127.0.0.1:27380):ClientCnxn$SendThread@1290] - Session 0x5806e32b0002 for sever xmind.net/127.0.0.1:27380, Closing socket connection. Attempting reconnect except it is a SessionExpiredException.
java.net.ConnectException: Connection refused: no further information
	at sun.nio.ch.SocketChannelImpl.checkConnect(Native Method)
	at sun.nio.ch.SocketChannelImpl.finishConnect(SocketChannelImpl.java:716)
	at org.apache.zookeeper.ClientCnxnSocketNIO.doTransport(ClientCnxnSocketNIO.java:344)
	at org.apache.zookeeper.ClientCnxn$SendThread.run(ClientCnxn.java:1280)
2021-11-08 11:11:02,748 [myid:127.0.0.1:27397] - INFO  [main-SendThread(127.0.0.1:27397):ClientCnxn$SendThread@1171] - Opening socket connection to server xmind.net/127.0.0.1:27397.
2021-11-08 11:11:02,749 [myid:127.0.0.1:27397] - INFO  [main-SendThread(127.0.0.1:27397):ClientCnxn$SendThread@1173] - SASL config status: Will not attempt to authenticate using SASL (unknown error)
2021-11-08 11:11:02,749 [myid:127.0.0.1:27397] - INFO  [main-SendThread(127.0.0.1:27397):ClientCnxn$SendThread@1005] - Socket connection established, initiating session, client: /127.0.0.1:7198, server: xmind.net/127.0.0.1:27397
2021-11-08 11:11:02,749 [myid:0] - WARN  [NIOWorkerThread-1:NIOServerCnxn@380] - Close of session 0x0
java.io.IOException: ZooKeeperServer not running
	at org.apache.zookeeper.server.NIOServerCnxn.readLength(NIOServerCnxn.java:554)
	at org.apache.zookeeper.server.NIOServerCnxn.doIO(NIOServerCnxn.java:339)
	at org.apache.zookeeper.server.NIOServerCnxnFactory$IOWorkRequest.doWork(NIOServerCnxnFactory.java:508)
	at org.apache.zookeeper.server.WorkerService$ScheduledWorkRequest.run(WorkerService.java:154)
	at java.util.concurrent.ThreadPoolExecutor.runWorker(ThreadPoolExecutor.java:1142)
	at java.util.concurrent.ThreadPoolExecutor$Worker.run(ThreadPoolExecutor.java:617)
	at java.lang.Thread.run(Thread.java:745)
2021-11-08 11:11:02,750 [myid:127.0.0.1:27397] - WARN  [main-SendThread(127.0.0.1:27397):ClientCnxn$SendThread@1290] - Session 0x0 for sever xmind.net/127.0.0.1:27397, Closing socket connection. Attempting reconnect except it is a SessionExpiredException.
EndOfStreamException: Unable to read additional data from server sessionid 0x0, likely server has closed socket
	at org.apache.zookeeper.ClientCnxnSocketNIO.doIO(ClientCnxnSocketNIO.java:77)
	at org.apache.zookeeper.ClientCnxnSocketNIO.doTransport(ClientCnxnSocketNIO.java:350)
	at org.apache.zookeeper.ClientCnxn$SendThread.run(ClientCnxn.java:1280)
2021-11-08 11:11:02,886 [myid:127.0.0.1:27380] - INFO  [main-SendThread(127.0.0.1:27380):ClientCnxn$SendThread@1171] - Opening socket connection to server xmind.net/127.0.0.1:27380.
2021-11-08 11:11:02,886 [myid:127.0.0.1:27380] - INFO  [main-SendThread(127.0.0.1:27380):ClientCnxn$SendThread@1173] - SASL config status: Will not attempt to authenticate using SASL (unknown error)
2021-11-08 11:11:02,927 [myid:127.0.0.1:27407] - INFO  [main-SendThread(127.0.0.1:27407):ClientCnxn$SendThread@1171] - Opening socket connection to server xmind.net/127.0.0.1:27407.
2021-11-08 11:11:02,927 [myid:127.0.0.1:27407] - INFO  [main-SendThread(127.0.0.1:27407):ClientCnxn$SendThread@1173] - SASL config status: Will not attempt to authenticate using SASL (unknown error)
2021-11-08 11:11:02,927 [myid:127.0.0.1:27407] - INFO  [main-SendThread(127.0.0.1:27407):ClientCnxn$SendThread@1005] - Socket connection established, initiating session, client: /127.0.0.1:7203, server: xmind.net/127.0.0.1:27407
2021-11-08 11:11:02,927 [myid:2] - WARN  [NIOWorkerThread-1:NIOServerCnxn@380] - Close of session 0x0
java.io.IOException: ZooKeeperServer not running
	at org.apache.zookeeper.server.NIOServerCnxn.readLength(NIOServerCnxn.java:554)
	at org.apache.zookeeper.server.NIOServerCnxn.doIO(NIOServerCnxn.java:339)
	at org.apache.zookeeper.server.NIOServerCnxnFactory$IOWorkRequest.doWork(NIOServerCnxnFactory.java:508)
	at org.apache.zookeeper.server.WorkerService$ScheduledWorkRequest.run(WorkerService.java:154)
	at java.util.concurrent.ThreadPoolExecutor.runWorker(ThreadPoolExecutor.java:1142)
	at java.util.concurrent.ThreadPoolExecutor$Worker.run(ThreadPoolExecutor.java:617)
	at java.lang.Thread.run(Thread.java:745)
2021-11-08 11:11:02,928 [myid:127.0.0.1:27407] - WARN  [main-SendThread(127.0.0.1:27407):ClientCnxn$SendThread@1290] - Session 0x0 for sever xmind.net/127.0.0.1:27407, Closing socket connection. Attempting reconnect except it is a SessionExpiredException.
EndOfStreamException: Unable to read additional data from server sessionid 0x0, likely server has closed socket
	at org.apache.zookeeper.ClientCnxnSocketNIO.doIO(ClientCnxnSocketNIO.java:77)
	at org.apache.zookeeper.ClientCnxnSocketNIO.doTransport(ClientCnxnSocketNIO.java:350)
	at org.apache.zookeeper.ClientCnxn$SendThread.run(ClientCnxn.java:1280)
2021-11-08 11:11:03,132 [myid:127.0.0.1:27402] - INFO  [main-SendThread(127.0.0.1:27402):ClientCnxn$SendThread@1171] - Opening socket connection to server xmind.net/127.0.0.1:27402.
2021-11-08 11:11:03,132 [myid:127.0.0.1:27402] - INFO  [main-SendThread(127.0.0.1:27402):ClientCnxn$SendThread@1173] - SASL config status: Will not attempt to authenticate using SASL (unknown error)
2021-11-08 11:11:03,132 [myid:127.0.0.1:27402] - INFO  [main-SendThread(127.0.0.1:27402):ClientCnxn$SendThread@1005] - Socket connection established, initiating session, client: /127.0.0.1:7219, server: xmind.net/127.0.0.1:27402
2021-11-08 11:11:03,133 [myid:1] - WARN  [NIOWorkerThread-2:NIOServerCnxn@380] - Close of session 0x0
java.io.IOException: ZooKeeperServer not running
	at org.apache.zookeeper.server.NIOServerCnxn.readLength(NIOServerCnxn.java:554)
	at org.apache.zookeeper.server.NIOServerCnxn.doIO(NIOServerCnxn.java:339)
	at org.apache.zookeeper.server.NIOServerCnxnFactory$IOWorkRequest.doWork(NIOServerCnxnFactory.java:508)
	at org.apache.zookeeper.server.WorkerService$ScheduledWorkRequest.run(WorkerService.java:154)
	at java.util.concurrent.ThreadPoolExecutor.runWorker(ThreadPoolExecutor.java:1142)
	at java.util.concurrent.ThreadPoolExecutor$Worker.run(ThreadPoolExecutor.java:617)
	at java.lang.Thread.run(Thread.java:745)
2021-11-08 11:11:03,133 [myid:127.0.0.1:27402] - WARN  [main-SendThread(127.0.0.1:27402):ClientCnxn$SendThread@1290] - Session 0x0 for sever xmind.net/127.0.0.1:27402, Closing socket connection. Attempting reconnect except it is a SessionExpiredException.
EndOfStreamException: Unable to read additional data from server sessionid 0x0, likely server has closed socket
	at org.apache.zookeeper.ClientCnxnSocketNIO.doIO(ClientCnxnSocketNIO.java:77)
	at org.apache.zookeeper.ClientCnxnSocketNIO.doTransport(ClientCnxnSocketNIO.java:350)
	at org.apache.zookeeper.ClientCnxn$SendThread.run(ClientCnxn.java:1280)
2021-11-08 11:11:04,241 [myid:127.0.0.1:27397] - INFO  [main-SendThread(127.0.0.1:27397):ClientCnxn$SendThread@1171] - Opening socket connection to server xmind.net/127.0.0.1:27397.
2021-11-08 11:11:04,241 [myid:127.0.0.1:27397] - INFO  [main-SendThread(127.0.0.1:27397):ClientCnxn$SendThread@1173] - SASL config status: Will not attempt to authenticate using SASL (unknown error)
2021-11-08 11:11:04,262 [myid:127.0.0.1:27397] - INFO  [main-SendThread(127.0.0.1:27397):ClientCnxn$SendThread@1005] - Socket connection established, initiating session, client: /127.0.0.1:7242, server: xmind.net/127.0.0.1:27397
2021-11-08 11:11:04,263 [myid:0] - WARN  [NIOWorkerThread-2:NIOServerCnxn@380] - Close of session 0x0
java.io.IOException: ZooKeeperServer not running
	at org.apache.zookeeper.server.NIOServerCnxn.readLength(NIOServerCnxn.java:554)
	at org.apache.zookeeper.server.NIOServerCnxn.doIO(NIOServerCnxn.java:339)
	at org.apache.zookeeper.server.NIOServerCnxnFactory$IOWorkRequest.doWork(NIOServerCnxnFactory.java:508)
	at org.apache.zookeeper.server.WorkerService$ScheduledWorkRequest.run(WorkerService.java:154)
	at java.util.concurrent.ThreadPoolExecutor.runWorker(ThreadPoolExecutor.java:1142)
	at java.util.concurrent.ThreadPoolExecutor$Worker.run(ThreadPoolExecutor.java:617)
	at java.lang.Thread.run(Thread.java:745)
2021-11-08 11:11:04,264 [myid:127.0.0.1:27397] - WARN  [main-SendThread(127.0.0.1:27397):ClientCnxn$SendThread@1290] - Session 0x0 for sever xmind.net/127.0.0.1:27397, Closing socket connection. Attempting reconnect except it is a SessionExpiredException.
EndOfStreamException: Unable to read additional data from server sessionid 0x0, likely server has closed socket
	at org.apache.zookeeper.ClientCnxnSocketNIO.doIO(ClientCnxnSocketNIO.java:77)
	at org.apache.zookeeper.ClientCnxnSocketNIO.doTransport(ClientCnxnSocketNIO.java:350)
	at org.apache.zookeeper.ClientCnxn$SendThread.run(ClientCnxn.java:1280)
2021-11-08 11:11:04,586 [myid:127.0.0.1:27402] - INFO  [main-SendThread(127.0.0.1:27402):ClientCnxn$SendThread@1171] - Opening socket connection to server xmind.net/127.0.0.1:27402.
2021-11-08 11:11:04,587 [myid:127.0.0.1:27402] - INFO  [main-SendThread(127.0.0.1:27402):ClientCnxn$SendThread@1173] - SASL config status: Will not attempt to authenticate using SASL (unknown error)
2021-11-08 11:11:04,587 [myid:127.0.0.1:27402] - INFO  [main-SendThread(127.0.0.1:27402):ClientCnxn$SendThread@1005] - Socket connection established, initiating session, client: /127.0.0.1:7250, server: xmind.net/127.0.0.1:27402
2021-11-08 11:11:04,605 [myid:1] - WARN  [NIOWorkerThread-3:NIOServerCnxn@380] - Close of session 0x0
java.io.IOException: ZooKeeperServer not running
	at org.apache.zookeeper.server.NIOServerCnxn.readLength(NIOServerCnxn.java:554)
	at org.apache.zookeeper.server.NIOServerCnxn.doIO(NIOServerCnxn.java:339)
	at org.apache.zookeeper.server.NIOServerCnxnFactory$IOWorkRequest.doWork(NIOServerCnxnFactory.java:508)
	at org.apache.zookeeper.server.WorkerService$ScheduledWorkRequest.run(WorkerService.java:154)
	at java.util.concurrent.ThreadPoolExecutor.runWorker(ThreadPoolExecutor.java:1142)
	at java.util.concurrent.ThreadPoolExecutor$Worker.run(ThreadPoolExecutor.java:617)
	at java.lang.Thread.run(Thread.java:745)
2021-11-08 11:11:04,605 [myid:127.0.0.1:27402] - WARN  [main-SendThread(127.0.0.1:27402):ClientCnxn$SendThread@1290] - Session 0x0 for sever xmind.net/127.0.0.1:27402, Closing socket connection. Attempting reconnect except it is a SessionExpiredException.
EndOfStreamException: Unable to read additional data from server sessionid 0x0, likely server has closed socket
	at org.apache.zookeeper.ClientCnxnSocketNIO.doIO(ClientCnxnSocketNIO.java:77)
	at org.apache.zookeeper.ClientCnxnSocketNIO.doTransport(ClientCnxnSocketNIO.java:350)
	at org.apache.zookeeper.ClientCnxn$SendThread.run(ClientCnxn.java:1280)
2021-11-08 11:11:04,696 [myid:127.0.0.1:27407] - INFO  [main-SendThread(127.0.0.1:27407):ClientCnxn$SendThread@1171] - Opening socket connection to server xmind.net/127.0.0.1:27407.
2021-11-08 11:11:04,696 [myid:127.0.0.1:27407] - INFO  [main-SendThread(127.0.0.1:27407):ClientCnxn$SendThread@1173] - SASL config status: Will not attempt to authenticate using SASL (unknown error)
2021-11-08 11:11:04,697 [myid:127.0.0.1:27407] - INFO  [main-SendThread(127.0.0.1:27407):ClientCnxn$SendThread@1005] - Socket connection established, initiating session, client: /127.0.0.1:7252, server: xmind.net/127.0.0.1:27407
2021-11-08 11:11:04,697 [myid:2] - WARN  [NIOWorkerThread-2:NIOServerCnxn@380] - Close of session 0x0
java.io.IOException: ZooKeeperServer not running
	at org.apache.zookeeper.server.NIOServerCnxn.readLength(NIOServerCnxn.java:554)
	at org.apache.zookeeper.server.NIOServerCnxn.doIO(NIOServerCnxn.java:339)
	at org.apache.zookeeper.server.NIOServerCnxnFactory$IOWorkRequest.doWork(NIOServerCnxnFactory.java:508)
	at org.apache.zookeeper.server.WorkerService$ScheduledWorkRequest.run(WorkerService.java:154)
	at java.util.concurrent.ThreadPoolExecutor.runWorker(ThreadPoolExecutor.java:1142)
	at java.util.concurrent.ThreadPoolExecutor$Worker.run(ThreadPoolExecutor.java:617)
	at java.lang.Thread.run(Thread.java:745)
2021-11-08 11:11:04,697 [myid:127.0.0.1:27407] - WARN  [main-SendThread(127.0.0.1:27407):ClientCnxn$SendThread@1290] - Session 0x0 for sever xmind.net/127.0.0.1:27407, Closing socket connection. Attempting reconnect except it is a SessionExpiredException.
EndOfStreamException: Unable to read additional data from server sessionid 0x0, likely server has closed socket
	at org.apache.zookeeper.ClientCnxnSocketNIO.doIO(ClientCnxnSocketNIO.java:77)
	at org.apache.zookeeper.ClientCnxnSocketNIO.doTransport(ClientCnxnSocketNIO.java:350)
	at org.apache.zookeeper.ClientCnxn$SendThread.run(ClientCnxn.java:1280)
2021-11-08 11:11:05,360 [myid:127.0.0.1:27380] - WARN  [main-SendThread(127.0.0.1:27380):ClientCnxn$SendThread@1290] - Session 0x5806e32b0002 for sever xmind.net/127.0.0.1:27380, Closing socket connection. Attempting reconnect except it is a SessionExpiredException.
java.net.ConnectException: Connection refused: no further information
	at sun.nio.ch.SocketChannelImpl.checkConnect(Native Method)
	at sun.nio.ch.SocketChannelImpl.finishConnect(SocketChannelImpl.java:716)
	at org.apache.zookeeper.ClientCnxnSocketNIO.doTransport(ClientCnxnSocketNIO.java:344)
	at org.apache.zookeeper.ClientCnxn$SendThread.run(ClientCnxn.java:1280)
2021-11-08 11:11:06,252 [myid:127.0.0.1:27407] - INFO  [main-SendThread(127.0.0.1:27407):ClientCnxn$SendThread@1171] - Opening socket connection to server xmind.net/127.0.0.1:27407.
2021-11-08 11:11:06,252 [myid:127.0.0.1:27407] - INFO  [main-SendThread(127.0.0.1:27407):ClientCnxn$SendThread@1173] - SASL config status: Will not attempt to authenticate using SASL (unknown error)
2021-11-08 11:11:06,254 [myid:127.0.0.1:27407] - INFO  [main-SendThread(127.0.0.1:27407):ClientCnxn$SendThread@1005] - Socket connection established, initiating session, client: /127.0.0.1:7273, server: xmind.net/127.0.0.1:27407
2021-11-08 11:11:06,266 [myid:2] - WARN  [NIOWorkerThread-3:NIOServerCnxn@380] - Close of session 0x0
java.io.IOException: ZooKeeperServer not running
	at org.apache.zookeeper.server.NIOServerCnxn.readLength(NIOServerCnxn.java:554)
	at org.apache.zookeeper.server.NIOServerCnxn.doIO(NIOServerCnxn.java:339)
	at org.apache.zookeeper.server.NIOServerCnxnFactory$IOWorkRequest.doWork(NIOServerCnxnFactory.java:508)
	at org.apache.zookeeper.server.WorkerService$ScheduledWorkRequest.run(WorkerService.java:154)
	at java.util.concurrent.ThreadPoolExecutor.runWorker(ThreadPoolExecutor.java:1142)
	at java.util.concurrent.ThreadPoolExecutor$Worker.run(ThreadPoolExecutor.java:617)
	at java.lang.Thread.run(Thread.java:745)
2021-11-08 11:11:06,266 [myid:127.0.0.1:27407] - WARN  [main-SendThread(127.0.0.1:27407):ClientCnxn$SendThread@1290] - Session 0x0 for sever xmind.net/127.0.0.1:27407, Closing socket connection. Attempting reconnect except it is a SessionExpiredException.
EndOfStreamException: Unable to read additional data from server sessionid 0x0, likely server has closed socket
	at org.apache.zookeeper.ClientCnxnSocketNIO.doIO(ClientCnxnSocketNIO.java:77)
	at org.apache.zookeeper.ClientCnxnSocketNIO.doTransport(ClientCnxnSocketNIO.java:350)
	at org.apache.zookeeper.ClientCnxn$SendThread.run(ClientCnxn.java:1280)
2021-11-08 11:11:06,367 [myid:127.0.0.1:27397] - INFO  [main-SendThread(127.0.0.1:27397):ClientCnxn$SendThread@1171] - Opening socket connection to server xmind.net/127.0.0.1:27397.
2021-11-08 11:11:06,368 [myid:127.0.0.1:27397] - INFO  [main-SendThread(127.0.0.1:27397):ClientCnxn$SendThread@1173] - SASL config status: Will not attempt to authenticate using SASL (unknown error)
2021-11-08 11:11:06,368 [myid:127.0.0.1:27397] - INFO  [main-SendThread(127.0.0.1:27397):ClientCnxn$SendThread@1005] - Socket connection established, initiating session, client: /127.0.0.1:7278, server: xmind.net/127.0.0.1:27397
2021-11-08 11:11:06,371 [myid:0] - WARN  [NIOWorkerThread-3:NIOServerCnxn@380] - Close of session 0x0
java.io.IOException: ZooKeeperServer not running
	at org.apache.zookeeper.server.NIOServerCnxn.readLength(NIOServerCnxn.java:554)
	at org.apache.zookeeper.server.NIOServerCnxn.doIO(NIOServerCnxn.java:339)
	at org.apache.zookeeper.server.NIOServerCnxnFactory$IOWorkRequest.doWork(NIOServerCnxnFactory.java:508)
	at org.apache.zookeeper.server.WorkerService$ScheduledWorkRequest.run(WorkerService.java:154)
	at java.util.concurrent.ThreadPoolExecutor.runWorker(ThreadPoolExecutor.java:1142)
	at java.util.concurrent.ThreadPoolExecutor$Worker.run(ThreadPoolExecutor.java:617)
	at java.lang.Thread.run(Thread.java:745)
2021-11-08 11:11:06,371 [myid:127.0.0.1:27397] - WARN  [main-SendThread(127.0.0.1:27397):ClientCnxn$SendThread@1290] - Session 0x0 for sever xmind.net/127.0.0.1:27397, Closing socket connection. Attempting reconnect except it is a SessionExpiredException.
EndOfStreamException: Unable to read additional data from server sessionid 0x0, likely server has closed socket
	at org.apache.zookeeper.ClientCnxnSocketNIO.doIO(ClientCnxnSocketNIO.java:77)
	at org.apache.zookeeper.ClientCnxnSocketNIO.doTransport(ClientCnxnSocketNIO.java:350)
	at org.apache.zookeeper.ClientCnxn$SendThread.run(ClientCnxn.java:1280)
2021-11-08 11:11:06,443 [myid:127.0.0.1:27402] - INFO  [main-SendThread(127.0.0.1:27402):ClientCnxn$SendThread@1171] - Opening socket connection to server xmind.net/127.0.0.1:27402.
2021-11-08 11:11:06,443 [myid:127.0.0.1:27402] - INFO  [main-SendThread(127.0.0.1:27402):ClientCnxn$SendThread@1173] - SASL config status: Will not attempt to authenticate using SASL (unknown error)
2021-11-08 11:11:06,443 [myid:127.0.0.1:27402] - INFO  [main-SendThread(127.0.0.1:27402):ClientCnxn$SendThread@1005] - Socket connection established, initiating session, client: /127.0.0.1:7280, server: xmind.net/127.0.0.1:27402
2021-11-08 11:11:06,443 [myid:1] - WARN  [NIOWorkerThread-4:NIOServerCnxn@380] - Close of session 0x0
java.io.IOException: ZooKeeperServer not running
	at org.apache.zookeeper.server.NIOServerCnxn.readLength(NIOServerCnxn.java:554)
	at org.apache.zookeeper.server.NIOServerCnxn.doIO(NIOServerCnxn.java:339)
	at org.apache.zookeeper.server.NIOServerCnxnFactory$IOWorkRequest.doWork(NIOServerCnxnFactory.java:508)
	at org.apache.zookeeper.server.WorkerService$ScheduledWorkRequest.run(WorkerService.java:154)
	at java.util.concurrent.ThreadPoolExecutor.runWorker(ThreadPoolExecutor.java:1142)
	at java.util.concurrent.ThreadPoolExecutor$Worker.run(ThreadPoolExecutor.java:617)
	at java.lang.Thread.run(Thread.java:745)
2021-11-08 11:11:06,444 [myid:127.0.0.1:27402] - WARN  [main-SendThread(127.0.0.1:27402):ClientCnxn$SendThread@1290] - Session 0x0 for sever xmind.net/127.0.0.1:27402, Closing socket connection. Attempting reconnect except it is a SessionExpiredException.
EndOfStreamException: Unable to read additional data from server sessionid 0x0, likely server has closed socket
	at org.apache.zookeeper.ClientCnxnSocketNIO.doIO(ClientCnxnSocketNIO.java:77)
	at org.apache.zookeeper.ClientCnxnSocketNIO.doTransport(ClientCnxnSocketNIO.java:350)
	at org.apache.zookeeper.ClientCnxn$SendThread.run(ClientCnxn.java:1280)
2021-11-08 11:11:06,671 [myid:127.0.0.1:27380] - INFO  [main-SendThread(127.0.0.1:27380):ClientCnxn$SendThread@1171] - Opening socket connection to server xmind.net/127.0.0.1:27380.
2021-11-08 11:11:06,671 [myid:127.0.0.1:27380] - INFO  [main-SendThread(127.0.0.1:27380):ClientCnxn$SendThread@1173] - SASL config status: Will not attempt to authenticate using SASL (unknown error)
2021-11-08 11:11:07,558 [myid:127.0.0.1:27397] - INFO  [main-SendThread(127.0.0.1:27397):ClientCnxn$SendThread@1171] - Opening socket connection to server xmind.net/127.0.0.1:27397.
2021-11-08 11:11:07,559 [myid:127.0.0.1:27397] - INFO  [main-SendThread(127.0.0.1:27397):ClientCnxn$SendThread@1173] - SASL config status: Will not attempt to authenticate using SASL (unknown error)
2021-11-08 11:11:07,559 [myid:127.0.0.1:27397] - INFO  [main-SendThread(127.0.0.1:27397):ClientCnxn$SendThread@1005] - Socket connection established, initiating session, client: /127.0.0.1:7438, server: xmind.net/127.0.0.1:27397
2021-11-08 11:11:07,560 [myid:0] - WARN  [NIOWorkerThread-4:NIOServerCnxn@380] - Close of session 0x0
java.io.IOException: ZooKeeperServer not running
	at org.apache.zookeeper.server.NIOServerCnxn.readLength(NIOServerCnxn.java:554)
	at org.apache.zookeeper.server.NIOServerCnxn.doIO(NIOServerCnxn.java:339)
	at org.apache.zookeeper.server.NIOServerCnxnFactory$IOWorkRequest.doWork(NIOServerCnxnFactory.java:508)
	at org.apache.zookeeper.server.WorkerService$ScheduledWorkRequest.run(WorkerService.java:154)
	at java.util.concurrent.ThreadPoolExecutor.runWorker(ThreadPoolExecutor.java:1142)
	at java.util.concurrent.ThreadPoolExecutor$Worker.run(ThreadPoolExecutor.java:617)
	at java.lang.Thread.run(Thread.java:745)
2021-11-08 11:11:07,561 [myid:127.0.0.1:27397] - WARN  [main-SendThread(127.0.0.1:27397):ClientCnxn$SendThread@1290] - Session 0x0 for sever xmind.net/127.0.0.1:27397, Closing socket connection. Attempting reconnect except it is a SessionExpiredException.
EndOfStreamException: Unable to read additional data from server sessionid 0x0, likely server has closed socket
	at org.apache.zookeeper.ClientCnxnSocketNIO.doIO(ClientCnxnSocketNIO.java:77)
	at org.apache.zookeeper.ClientCnxnSocketNIO.doTransport(ClientCnxnSocketNIO.java:350)
	at org.apache.zookeeper.ClientCnxn$SendThread.run(ClientCnxn.java:1280)
2021-11-08 11:11:07,679 [myid:127.0.0.1:27407] - INFO  [main-SendThread(127.0.0.1:27407):ClientCnxn$SendThread@1171] - Opening socket connection to server xmind.net/127.0.0.1:27407.
2021-11-08 11:11:07,679 [myid:127.0.0.1:27407] - INFO  [main-SendThread(127.0.0.1:27407):ClientCnxn$SendThread@1173] - SASL config status: Will not attempt to authenticate using SASL (unknown error)
2021-11-08 11:11:07,680 [myid:127.0.0.1:27407] - INFO  [main-SendThread(127.0.0.1:27407):ClientCnxn$SendThread@1005] - Socket connection established, initiating session, client: /127.0.0.1:7439, server: xmind.net/127.0.0.1:27407
2021-11-08 11:11:07,680 [myid:2] - WARN  [NIOWorkerThread-4:NIOServerCnxn@380] - Close of session 0x0
java.io.IOException: ZooKeeperServer not running
	at org.apache.zookeeper.server.NIOServerCnxn.readLength(NIOServerCnxn.java:554)
	at org.apache.zookeeper.server.NIOServerCnxn.doIO(NIOServerCnxn.java:339)
	at org.apache.zookeeper.server.NIOServerCnxnFactory$IOWorkRequest.doWork(NIOServerCnxnFactory.java:508)
	at org.apache.zookeeper.server.WorkerService$ScheduledWorkRequest.run(WorkerService.java:154)
	at java.util.concurrent.ThreadPoolExecutor.runWorker(ThreadPoolExecutor.java:1142)
	at java.util.concurrent.ThreadPoolExecutor$Worker.run(ThreadPoolExecutor.java:617)
	at java.lang.Thread.run(Thread.java:745)
2021-11-08 11:11:07,680 [myid:127.0.0.1:27407] - WARN  [main-SendThread(127.0.0.1:27407):ClientCnxn$SendThread@1290] - Session 0x0 for sever xmind.net/127.0.0.1:27407, Closing socket connection. Attempting reconnect except it is a SessionExpiredException.
EndOfStreamException: Unable to read additional data from server sessionid 0x0, likely server has closed socket
	at org.apache.zookeeper.ClientCnxnSocketNIO.doIO(ClientCnxnSocketNIO.java:77)
	at org.apache.zookeeper.ClientCnxnSocketNIO.doTransport(ClientCnxnSocketNIO.java:350)
	at org.apache.zookeeper.ClientCnxn$SendThread.run(ClientCnxn.java:1280)
2021-11-08 11:11:08,196 [myid:127.0.0.1:27402] - INFO  [main-SendThread(127.0.0.1:27402):ClientCnxn$SendThread@1171] - Opening socket connection to server xmind.net/127.0.0.1:27402.
2021-11-08 11:11:08,196 [myid:127.0.0.1:27402] - INFO  [main-SendThread(127.0.0.1:27402):ClientCnxn$SendThread@1173] - SASL config status: Will not attempt to authenticate using SASL (unknown error)
2021-11-08 11:11:08,196 [myid:127.0.0.1:27402] - INFO  [main-SendThread(127.0.0.1:27402):ClientCnxn$SendThread@1005] - Socket connection established, initiating session, client: /127.0.0.1:7443, server: xmind.net/127.0.0.1:27402
2021-11-08 11:11:08,205 [myid:1] - WARN  [NIOWorkerThread-5:NIOServerCnxn@380] - Close of session 0x0
java.io.IOException: ZooKeeperServer not running
	at org.apache.zookeeper.server.NIOServerCnxn.readLength(NIOServerCnxn.java:554)
	at org.apache.zookeeper.server.NIOServerCnxn.doIO(NIOServerCnxn.java:339)
	at org.apache.zookeeper.server.NIOServerCnxnFactory$IOWorkRequest.doWork(NIOServerCnxnFactory.java:508)
	at org.apache.zookeeper.server.WorkerService$ScheduledWorkRequest.run(WorkerService.java:154)
	at java.util.concurrent.ThreadPoolExecutor.runWorker(ThreadPoolExecutor.java:1142)
	at java.util.concurrent.ThreadPoolExecutor$Worker.run(ThreadPoolExecutor.java:617)
	at java.lang.Thread.run(Thread.java:745)
2021-11-08 11:11:08,205 [myid:127.0.0.1:27402] - WARN  [main-SendThread(127.0.0.1:27402):ClientCnxn$SendThread@1290] - Session 0x0 for sever xmind.net/127.0.0.1:27402, Closing socket connection. Attempting reconnect except it is a SessionExpiredException.
EndOfStreamException: Unable to read additional data from server sessionid 0x0, likely server has closed socket
	at org.apache.zookeeper.ClientCnxnSocketNIO.doIO(ClientCnxnSocketNIO.java:77)
	at org.apache.zookeeper.ClientCnxnSocketNIO.doTransport(ClientCnxnSocketNIO.java:350)
	at org.apache.zookeeper.ClientCnxn$SendThread.run(ClientCnxn.java:1280)
2021-11-08 11:11:08,455 [myid:2] - INFO  [QuorumPeer[myid=2](plain=[0:0:0:0:0:0:0:0]:27407)(secure=disabled):FastLeaderElection@984] - Notification time out: 25600
2021-11-08 11:11:08,455 [myid:1] - INFO  [QuorumPeer[myid=1](plain=[0:0:0:0:0:0:0:0]:27402)(secure=disabled):FastLeaderElection@984] - Notification time out: 25600
2021-11-08 11:11:08,464 [myid:0] - INFO  [QuorumPeer[myid=0](plain=[0:0:0:0:0:0:0:0]:27397)(secure=disabled):FastLeaderElection@984] - Notification time out: 25600
2021-11-08 11:11:08,938 [myid:127.0.0.1:27407] - INFO  [main-SendThread(127.0.0.1:27407):ClientCnxn$SendThread@1171] - Opening socket connection to server xmind.net/127.0.0.1:27407.
2021-11-08 11:11:08,938 [myid:127.0.0.1:27407] - INFO  [main-SendThread(127.0.0.1:27407):ClientCnxn$SendThread@1173] - SASL config status: Will not attempt to authenticate using SASL (unknown error)
2021-11-08 11:11:08,939 [myid:127.0.0.1:27407] - INFO  [main-SendThread(127.0.0.1:27407):ClientCnxn$SendThread@1005] - Socket connection established, initiating session, client: /127.0.0.1:7465, server: xmind.net/127.0.0.1:27407
2021-11-08 11:11:08,939 [myid:2] - WARN  [NIOWorkerThread-5:NIOServerCnxn@380] - Close of session 0x0
java.io.IOException: ZooKeeperServer not running
	at org.apache.zookeeper.server.NIOServerCnxn.readLength(NIOServerCnxn.java:554)
	at org.apache.zookeeper.server.NIOServerCnxn.doIO(NIOServerCnxn.java:339)
	at org.apache.zookeeper.server.NIOServerCnxnFactory$IOWorkRequest.doWork(NIOServerCnxnFactory.java:508)
	at org.apache.zookeeper.server.WorkerService$ScheduledWorkRequest.run(WorkerService.java:154)
	at java.util.concurrent.ThreadPoolExecutor.runWorker(ThreadPoolExecutor.java:1142)
	at java.util.concurrent.ThreadPoolExecutor$Worker.run(ThreadPoolExecutor.java:617)
	at java.lang.Thread.run(Thread.java:745)
2021-11-08 11:11:08,939 [myid:127.0.0.1:27407] - WARN  [main-SendThread(127.0.0.1:27407):ClientCnxn$SendThread@1290] - Session 0x0 for sever xmind.net/127.0.0.1:27407, Closing socket connection. Attempting reconnect except it is a SessionExpiredException.
EndOfStreamException: Unable to read additional data from server sessionid 0x0, likely server has closed socket
	at org.apache.zookeeper.ClientCnxnSocketNIO.doIO(ClientCnxnSocketNIO.java:77)
	at org.apache.zookeeper.ClientCnxnSocketNIO.doTransport(ClientCnxnSocketNIO.java:350)
	at org.apache.zookeeper.ClientCnxn$SendThread.run(ClientCnxn.java:1280)
2021-11-08 11:11:09,037 [myid:127.0.0.1:27397] - INFO  [main-SendThread(127.0.0.1:27397):ClientCnxn$SendThread@1171] - Opening socket connection to server xmind.net/127.0.0.1:27397.
2021-11-08 11:11:09,037 [myid:127.0.0.1:27397] - INFO  [main-SendThread(127.0.0.1:27397):ClientCnxn$SendThread@1173] - SASL config status: Will not attempt to authenticate using SASL (unknown error)
2021-11-08 11:11:09,037 [myid:127.0.0.1:27397] - INFO  [main-SendThread(127.0.0.1:27397):ClientCnxn$SendThread@1005] - Socket connection established, initiating session, client: /127.0.0.1:7467, server: xmind.net/127.0.0.1:27397
2021-11-08 11:11:09,038 [myid:0] - WARN  [NIOWorkerThread-5:NIOServerCnxn@380] - Close of session 0x0
java.io.IOException: ZooKeeperServer not running
	at org.apache.zookeeper.server.NIOServerCnxn.readLength(NIOServerCnxn.java:554)
	at org.apache.zookeeper.server.NIOServerCnxn.doIO(NIOServerCnxn.java:339)
	at org.apache.zookeeper.server.NIOServerCnxnFactory$IOWorkRequest.doWork(NIOServerCnxnFactory.java:508)
	at org.apache.zookeeper.server.WorkerService$ScheduledWorkRequest.run(WorkerService.java:154)
	at java.util.concurrent.ThreadPoolExecutor.runWorker(ThreadPoolExecutor.java:1142)
	at java.util.concurrent.ThreadPoolExecutor$Worker.run(ThreadPoolExecutor.java:617)
	at java.lang.Thread.run(Thread.java:745)
2021-11-08 11:11:09,038 [myid:127.0.0.1:27397] - WARN  [main-SendThread(127.0.0.1:27397):ClientCnxn$SendThread@1290] - Session 0x0 for sever xmind.net/127.0.0.1:27397, Closing socket connection. Attempting reconnect except it is a SessionExpiredException.
EndOfStreamException: Unable to read additional data from server sessionid 0x0, likely server has closed socket
	at org.apache.zookeeper.ClientCnxnSocketNIO.doIO(ClientCnxnSocketNIO.java:77)
	at org.apache.zookeeper.ClientCnxnSocketNIO.doTransport(ClientCnxnSocketNIO.java:350)
	at org.apache.zookeeper.ClientCnxn$SendThread.run(ClientCnxn.java:1280)
2021-11-08 11:11:09,055 [myid:127.0.0.1:27380] - WARN  [main-SendThread(127.0.0.1:27380):ClientCnxn$SendThread@1290] - Session 0x5806e32b0002 for sever xmind.net/127.0.0.1:27380, Closing socket connection. Attempting reconnect except it is a SessionExpiredException.
java.net.ConnectException: Connection refused: no further information
	at sun.nio.ch.SocketChannelImpl.checkConnect(Native Method)
	at sun.nio.ch.SocketChannelImpl.finishConnect(SocketChannelImpl.java:716)
	at org.apache.zookeeper.ClientCnxnSocketNIO.doTransport(ClientCnxnSocketNIO.java:344)
	at org.apache.zookeeper.ClientCnxn$SendThread.run(ClientCnxn.java:1280)
2021-11-08 11:11:09,460 [myid:1] - WARN  [QuorumConnectionThread-[myid=1]-2:QuorumCnxManager@401] - Cannot open channel to 0 at election address invalid.hostname.unreachable.com:27401|/127.0.0.1:27399
java.net.UnknownHostException: invalid.hostname.unreachable.com
	at java.net.AbstractPlainSocketImpl.connect(AbstractPlainSocketImpl.java:184)
	at java.net.PlainSocketImpl.connect(PlainSocketImpl.java:172)
	at java.net.SocksSocketImpl.connect(SocksSocketImpl.java:392)
	at java.net.Socket.connect(Socket.java:589)
	at org.apache.zookeeper.server.quorum.QuorumCnxManager.initiateConnection(QuorumCnxManager.java:384)
	at org.apache.zookeeper.server.quorum.QuorumCnxManager$QuorumConnectionReqThread.run(QuorumCnxManager.java:458)
	at java.util.concurrent.ThreadPoolExecutor.runWorker(ThreadPoolExecutor.java:1142)
	at java.util.concurrent.ThreadPoolExecutor$Worker.run(ThreadPoolExecutor.java:617)
	at java.lang.Thread.run(Thread.java:745)
2021-11-08 11:11:09,460 [myid:2] - INFO  [ListenerHandler-/127.0.0.1:27409:QuorumCnxManager$Listener$ListenerHandler@1071] - Received connection request from /127.0.0.1:7470
2021-11-08 11:11:09,460 [myid:2] - WARN  [QuorumConnectionThread-[myid=2]-2:QuorumCnxManager@401] - Cannot open channel to 1 at election address invalid.hostname.unreachable.com:27406|/127.0.0.1:27404
java.net.UnknownHostException: invalid.hostname.unreachable.com
	at java.net.AbstractPlainSocketImpl.connect(AbstractPlainSocketImpl.java:184)
	at java.net.PlainSocketImpl.connect(PlainSocketImpl.java:172)
	at java.net.SocksSocketImpl.connect(SocksSocketImpl.java:392)
	at java.net.Socket.connect(Socket.java:589)
	at org.apache.zookeeper.server.quorum.QuorumCnxManager.initiateConnection(QuorumCnxManager.java:384)
	at org.apache.zookeeper.server.quorum.QuorumCnxManager$QuorumConnectionReqThread.run(QuorumCnxManager.java:458)
	at java.util.concurrent.ThreadPoolExecutor.runWorker(ThreadPoolExecutor.java:1142)
	at java.util.concurrent.ThreadPoolExecutor$Worker.run(ThreadPoolExecutor.java:617)
	at java.lang.Thread.run(Thread.java:745)
2021-11-08 11:11:09,460 [myid:2] - WARN  [QuorumConnectionThread-[myid=2]-3:QuorumCnxManager@401] - Cannot open channel to 0 at election address invalid.hostname.unreachable.com:27401|/127.0.0.1:27399
java.net.UnknownHostException: invalid.hostname.unreachable.com
	at java.net.AbstractPlainSocketImpl.connect(AbstractPlainSocketImpl.java:184)
	at java.net.PlainSocketImpl.connect(PlainSocketImpl.java:172)
	at java.net.SocksSocketImpl.connect(SocksSocketImpl.java:392)
	at java.net.Socket.connect(Socket.java:589)
	at org.apache.zookeeper.server.quorum.QuorumCnxManager.initiateConnection(QuorumCnxManager.java:384)
	at org.apache.zookeeper.server.quorum.QuorumCnxManager$QuorumConnectionReqThread.run(QuorumCnxManager.java:458)
	at java.util.concurrent.ThreadPoolExecutor.runWorker(ThreadPoolExecutor.java:1142)
	at java.util.concurrent.ThreadPoolExecutor$Worker.run(ThreadPoolExecutor.java:617)
	at java.lang.Thread.run(Thread.java:745)
2021-11-08 11:11:09,460 [myid:1] - INFO  [QuorumConnectionThread-[myid=1]-3:QuorumCnxManager@514] - Have smaller server identifier, so dropping the connection: (myId:1 --> sid:2)
2021-11-08 11:11:09,464 [myid:0] - WARN  [QuorumConnectionThread-[myid=0]-3:QuorumCnxManager@401] - Cannot open channel to 1 at election address invalid.hostname.unreachable.com:27406|/127.0.0.1:27404
java.net.UnknownHostException: invalid.hostname.unreachable.com
	at java.net.AbstractPlainSocketImpl.connect(AbstractPlainSocketImpl.java:184)
	at java.net.PlainSocketImpl.connect(PlainSocketImpl.java:172)
	at java.net.SocksSocketImpl.connect(SocksSocketImpl.java:392)
	at java.net.Socket.connect(Socket.java:589)
	at org.apache.zookeeper.server.quorum.QuorumCnxManager.initiateConnection(QuorumCnxManager.java:384)
	at org.apache.zookeeper.server.quorum.QuorumCnxManager$QuorumConnectionReqThread.run(QuorumCnxManager.java:458)
	at java.util.concurrent.ThreadPoolExecutor.runWorker(ThreadPoolExecutor.java:1142)
	at java.util.concurrent.ThreadPoolExecutor$Worker.run(ThreadPoolExecutor.java:617)
	at java.lang.Thread.run(Thread.java:745)
2021-11-08 11:11:09,466 [myid:2] - INFO  [ListenerHandler-/127.0.0.1:27409:QuorumCnxManager$Listener$ListenerHandler@1071] - Received connection request from /127.0.0.1:7471
2021-11-08 11:11:09,466 [myid:0] - INFO  [QuorumConnectionThread-[myid=0]-1:QuorumCnxManager@514] - Have smaller server identifier, so dropping the connection: (myId:0 --> sid:2)
2021-11-08 11:11:09,578 [myid:127.0.0.1:27402] - INFO  [main-SendThread(127.0.0.1:27402):ClientCnxn$SendThread@1171] - Opening socket connection to server xmind.net/127.0.0.1:27402.
2021-11-08 11:11:09,578 [myid:127.0.0.1:27402] - INFO  [main-SendThread(127.0.0.1:27402):ClientCnxn$SendThread@1173] - SASL config status: Will not attempt to authenticate using SASL (unknown error)
2021-11-08 11:11:09,578 [myid:127.0.0.1:27402] - INFO  [main-SendThread(127.0.0.1:27402):ClientCnxn$SendThread@1005] - Socket connection established, initiating session, client: /127.0.0.1:7475, server: xmind.net/127.0.0.1:27402
2021-11-08 11:11:09,579 [myid:1] - WARN  [NIOWorkerThread-6:NIOServerCnxn@380] - Close of session 0x0
java.io.IOException: ZooKeeperServer not running
	at org.apache.zookeeper.server.NIOServerCnxn.readLength(NIOServerCnxn.java:554)
	at org.apache.zookeeper.server.NIOServerCnxn.doIO(NIOServerCnxn.java:339)
	at org.apache.zookeeper.server.NIOServerCnxnFactory$IOWorkRequest.doWork(NIOServerCnxnFactory.java:508)
	at org.apache.zookeeper.server.WorkerService$ScheduledWorkRequest.run(WorkerService.java:154)
	at java.util.concurrent.ThreadPoolExecutor.runWorker(ThreadPoolExecutor.java:1142)
	at java.util.concurrent.ThreadPoolExecutor$Worker.run(ThreadPoolExecutor.java:617)
	at java.lang.Thread.run(Thread.java:745)
2021-11-08 11:11:09,579 [myid:127.0.0.1:27402] - WARN  [main-SendThread(127.0.0.1:27402):ClientCnxn$SendThread@1290] - Session 0x0 for sever xmind.net/127.0.0.1:27402, Closing socket connection. Attempting reconnect except it is a SessionExpiredException.
EndOfStreamException: Unable to read additional data from server sessionid 0x0, likely server has closed socket
	at org.apache.zookeeper.ClientCnxnSocketNIO.doIO(ClientCnxnSocketNIO.java:77)
	at org.apache.zookeeper.ClientCnxnSocketNIO.doTransport(ClientCnxnSocketNIO.java:350)
	at org.apache.zookeeper.ClientCnxn$SendThread.run(ClientCnxn.java:1280)
2021-11-08 11:11:10,370 [myid:127.0.0.1:27397] - INFO  [main-SendThread(127.0.0.1:27397):ClientCnxn$SendThread@1171] - Opening socket connection to server xmind.net/127.0.0.1:27397.
2021-11-08 11:11:10,371 [myid:127.0.0.1:27397] - INFO  [main-SendThread(127.0.0.1:27397):ClientCnxn$SendThread@1173] - SASL config status: Will not attempt to authenticate using SASL (unknown error)
2021-11-08 11:11:10,371 [myid:127.0.0.1:27397] - INFO  [main-SendThread(127.0.0.1:27397):ClientCnxn$SendThread@1005] - Socket connection established, initiating session, client: /127.0.0.1:7480, server: xmind.net/127.0.0.1:27397
2021-11-08 11:11:10,371 [myid:0] - WARN  [NIOWorkerThread-6:NIOServerCnxn@380] - Close of session 0x0
java.io.IOException: ZooKeeperServer not running
	at org.apache.zookeeper.server.NIOServerCnxn.readLength(NIOServerCnxn.java:554)
	at org.apache.zookeeper.server.NIOServerCnxn.doIO(NIOServerCnxn.java:339)
	at org.apache.zookeeper.server.NIOServerCnxnFactory$IOWorkRequest.doWork(NIOServerCnxnFactory.java:508)
	at org.apache.zookeeper.server.WorkerService$ScheduledWorkRequest.run(WorkerService.java:154)
	at java.util.concurrent.ThreadPoolExecutor.runWorker(ThreadPoolExecutor.java:1142)
	at java.util.concurrent.ThreadPoolExecutor$Worker.run(ThreadPoolExecutor.java:617)
	at java.lang.Thread.run(Thread.java:745)
2021-11-08 11:11:10,371 [myid:127.0.0.1:27397] - WARN  [main-SendThread(127.0.0.1:27397):ClientCnxn$SendThread@1290] - Session 0x0 for sever xmind.net/127.0.0.1:27397, Closing socket connection. Attempting reconnect except it is a SessionExpiredException.
EndOfStreamException: Unable to read additional data from server sessionid 0x0, likely server has closed socket
	at org.apache.zookeeper.ClientCnxnSocketNIO.doIO(ClientCnxnSocketNIO.java:77)
	at org.apache.zookeeper.ClientCnxnSocketNIO.doTransport(ClientCnxnSocketNIO.java:350)
	at org.apache.zookeeper.ClientCnxn$SendThread.run(ClientCnxn.java:1280)
2021-11-08 11:11:10,467 [myid:2] - WARN  [QuorumConnectionThread-[myid=2]-3:QuorumCnxManager@401] - Cannot open channel to 0 at election address invalid.hostname.unreachable.com:27401|/127.0.0.1:27399
java.net.UnknownHostException: invalid.hostname.unreachable.com
	at java.net.AbstractPlainSocketImpl.connect(AbstractPlainSocketImpl.java:184)
	at java.net.PlainSocketImpl.connect(PlainSocketImpl.java:172)
	at java.net.SocksSocketImpl.connect(SocksSocketImpl.java:392)
	at java.net.Socket.connect(Socket.java:589)
	at org.apache.zookeeper.server.quorum.QuorumCnxManager.initiateConnection(QuorumCnxManager.java:384)
	at org.apache.zookeeper.server.quorum.QuorumCnxManager$QuorumConnectionReqThread.run(QuorumCnxManager.java:458)
	at java.util.concurrent.ThreadPoolExecutor.runWorker(ThreadPoolExecutor.java:1142)
	at java.util.concurrent.ThreadPoolExecutor$Worker.run(ThreadPoolExecutor.java:617)
	at java.lang.Thread.run(Thread.java:745)
2021-11-08 11:11:10,530 [myid:127.0.0.1:27407] - INFO  [main-SendThread(127.0.0.1:27407):ClientCnxn$SendThread@1171] - Opening socket connection to server xmind.net/127.0.0.1:27407.
2021-11-08 11:11:10,530 [myid:127.0.0.1:27407] - INFO  [main-SendThread(127.0.0.1:27407):ClientCnxn$SendThread@1173] - SASL config status: Will not attempt to authenticate using SASL (unknown error)
2021-11-08 11:11:10,530 [myid:127.0.0.1:27407] - INFO  [main-SendThread(127.0.0.1:27407):ClientCnxn$SendThread@1005] - Socket connection established, initiating session, client: /127.0.0.1:7481, server: xmind.net/127.0.0.1:27407
2021-11-08 11:11:10,531 [myid:2] - WARN  [NIOWorkerThread-6:NIOServerCnxn@380] - Close of session 0x0
java.io.IOException: ZooKeeperServer not running
	at org.apache.zookeeper.server.NIOServerCnxn.readLength(NIOServerCnxn.java:554)
	at org.apache.zookeeper.server.NIOServerCnxn.doIO(NIOServerCnxn.java:339)
	at org.apache.zookeeper.server.NIOServerCnxnFactory$IOWorkRequest.doWork(NIOServerCnxnFactory.java:508)
	at org.apache.zookeeper.server.WorkerService$ScheduledWorkRequest.run(WorkerService.java:154)
	at java.util.concurrent.ThreadPoolExecutor.runWorker(ThreadPoolExecutor.java:1142)
	at java.util.concurrent.ThreadPoolExecutor$Worker.run(ThreadPoolExecutor.java:617)
	at java.lang.Thread.run(Thread.java:745)
2021-11-08 11:11:10,531 [myid:127.0.0.1:27407] - WARN  [main-SendThread(127.0.0.1:27407):ClientCnxn$SendThread@1290] - Session 0x0 for sever xmind.net/127.0.0.1:27407, Closing socket connection. Attempting reconnect except it is a SessionExpiredException.
EndOfStreamException: Unable to read additional data from server sessionid 0x0, likely server has closed socket
	at org.apache.zookeeper.ClientCnxnSocketNIO.doIO(ClientCnxnSocketNIO.java:77)
	at org.apache.zookeeper.ClientCnxnSocketNIO.doTransport(ClientCnxnSocketNIO.java:350)
	at org.apache.zookeeper.ClientCnxn$SendThread.run(ClientCnxn.java:1280)
2021-11-08 11:11:10,979 [myid:127.0.0.1:27380] - INFO  [main-SendThread(127.0.0.1:27380):ClientCnxn$SendThread@1171] - Opening socket connection to server xmind.net/127.0.0.1:27380.
2021-11-08 11:11:10,979 [myid:127.0.0.1:27380] - INFO  [main-SendThread(127.0.0.1:27380):ClientCnxn$SendThread@1173] - SASL config status: Will not attempt to authenticate using SASL (unknown error)
2021-11-08 11:11:11,081 [myid:127.0.0.1:27402] - INFO  [main-SendThread(127.0.0.1:27402):ClientCnxn$SendThread@1171] - Opening socket connection to server xmind.net/127.0.0.1:27402.
2021-11-08 11:11:11,081 [myid:127.0.0.1:27402] - INFO  [main-SendThread(127.0.0.1:27402):ClientCnxn$SendThread@1173] - SASL config status: Will not attempt to authenticate using SASL (unknown error)
2021-11-08 11:11:11,082 [myid:127.0.0.1:27402] - INFO  [main-SendThread(127.0.0.1:27402):ClientCnxn$SendThread@1005] - Socket connection established, initiating session, client: /127.0.0.1:7484, server: xmind.net/127.0.0.1:27402
2021-11-08 11:11:11,083 [myid:1] - WARN  [NIOWorkerThread-7:NIOServerCnxn@380] - Close of session 0x0
java.io.IOException: ZooKeeperServer not running
	at org.apache.zookeeper.server.NIOServerCnxn.readLength(NIOServerCnxn.java:554)
	at org.apache.zookeeper.server.NIOServerCnxn.doIO(NIOServerCnxn.java:339)
	at org.apache.zookeeper.server.NIOServerCnxnFactory$IOWorkRequest.doWork(NIOServerCnxnFactory.java:508)
	at org.apache.zookeeper.server.WorkerService$ScheduledWorkRequest.run(WorkerService.java:154)
	at java.util.concurrent.ThreadPoolExecutor.runWorker(ThreadPoolExecutor.java:1142)
	at java.util.concurrent.ThreadPoolExecutor$Worker.run(ThreadPoolExecutor.java:617)
	at java.lang.Thread.run(Thread.java:745)
2021-11-08 11:11:11,083 [myid:127.0.0.1:27402] - WARN  [main-SendThread(127.0.0.1:27402):ClientCnxn$SendThread@1290] - Session 0x0 for sever xmind.net/127.0.0.1:27402, Closing socket connection. Attempting reconnect except it is a SessionExpiredException.
EndOfStreamException: Unable to read additional data from server sessionid 0x0, likely server has closed socket
	at org.apache.zookeeper.ClientCnxnSocketNIO.doIO(ClientCnxnSocketNIO.java:77)
	at org.apache.zookeeper.ClientCnxnSocketNIO.doTransport(ClientCnxnSocketNIO.java:350)
	at org.apache.zookeeper.ClientCnxn$SendThread.run(ClientCnxn.java:1280)
2021-11-08 11:11:11,967 [myid:127.0.0.1:27407] - INFO  [main-SendThread(127.0.0.1:27407):ClientCnxn$SendThread@1171] - Opening socket connection to server xmind.net/127.0.0.1:27407.
2021-11-08 11:11:11,967 [myid:127.0.0.1:27407] - INFO  [main-SendThread(127.0.0.1:27407):ClientCnxn$SendThread@1173] - SASL config status: Will not attempt to authenticate using SASL (unknown error)
2021-11-08 11:11:11,967 [myid:127.0.0.1:27407] - INFO  [main-SendThread(127.0.0.1:27407):ClientCnxn$SendThread@1005] - Socket connection established, initiating session, client: /127.0.0.1:7492, server: xmind.net/127.0.0.1:27407
2021-11-08 11:11:11,968 [myid:2] - WARN  [NIOWorkerThread-7:NIOServerCnxn@380] - Close of session 0x0
java.io.IOException: ZooKeeperServer not running
	at org.apache.zookeeper.server.NIOServerCnxn.readLength(NIOServerCnxn.java:554)
	at org.apache.zookeeper.server.NIOServerCnxn.doIO(NIOServerCnxn.java:339)
	at org.apache.zookeeper.server.NIOServerCnxnFactory$IOWorkRequest.doWork(NIOServerCnxnFactory.java:508)
	at org.apache.zookeeper.server.WorkerService$ScheduledWorkRequest.run(WorkerService.java:154)
	at java.util.concurrent.ThreadPoolExecutor.runWorker(ThreadPoolExecutor.java:1142)
	at java.util.concurrent.ThreadPoolExecutor$Worker.run(ThreadPoolExecutor.java:617)
	at java.lang.Thread.run(Thread.java:745)
2021-11-08 11:11:11,968 [myid:127.0.0.1:27407] - WARN  [main-SendThread(127.0.0.1:27407):ClientCnxn$SendThread@1290] - Session 0x0 for sever xmind.net/127.0.0.1:27407, Closing socket connection. Attempting reconnect except it is a SessionExpiredException.
EndOfStreamException: Unable to read additional data from server sessionid 0x0, likely server has closed socket
	at org.apache.zookeeper.ClientCnxnSocketNIO.doIO(ClientCnxnSocketNIO.java:77)
	at org.apache.zookeeper.ClientCnxnSocketNIO.doTransport(ClientCnxnSocketNIO.java:350)
	at org.apache.zookeeper.ClientCnxn$SendThread.run(ClientCnxn.java:1280)
2021-11-08 11:11:12,457 [myid:127.0.0.1:27397] - INFO  [main-SendThread(127.0.0.1:27397):ClientCnxn$SendThread@1171] - Opening socket connection to server xmind.net/127.0.0.1:27397.
2021-11-08 11:11:12,457 [myid:127.0.0.1:27397] - INFO  [main-SendThread(127.0.0.1:27397):ClientCnxn$SendThread@1173] - SASL config status: Will not attempt to authenticate using SASL (unknown error)
2021-11-08 11:11:12,458 [myid:127.0.0.1:27397] - INFO  [main-SendThread(127.0.0.1:27397):ClientCnxn$SendThread@1005] - Socket connection established, initiating session, client: /127.0.0.1:7502, server: xmind.net/127.0.0.1:27397
2021-11-08 11:11:12,458 [myid:0] - WARN  [NIOWorkerThread-7:NIOServerCnxn@380] - Close of session 0x0
java.io.IOException: ZooKeeperServer not running
	at org.apache.zookeeper.server.NIOServerCnxn.readLength(NIOServerCnxn.java:554)
	at org.apache.zookeeper.server.NIOServerCnxn.doIO(NIOServerCnxn.java:339)
	at org.apache.zookeeper.server.NIOServerCnxnFactory$IOWorkRequest.doWork(NIOServerCnxnFactory.java:508)
	at org.apache.zookeeper.server.WorkerService$ScheduledWorkRequest.run(WorkerService.java:154)
	at java.util.concurrent.ThreadPoolExecutor.runWorker(ThreadPoolExecutor.java:1142)
	at java.util.concurrent.ThreadPoolExecutor$Worker.run(ThreadPoolExecutor.java:617)
	at java.lang.Thread.run(Thread.java:745)
2021-11-08 11:11:12,458 [myid:127.0.0.1:27397] - WARN  [main-SendThread(127.0.0.1:27397):ClientCnxn$SendThread@1290] - Session 0x0 for sever xmind.net/127.0.0.1:27397, Closing socket connection. Attempting reconnect except it is a SessionExpiredException.
EndOfStreamException: Unable to read additional data from server sessionid 0x0, likely server has closed socket
	at org.apache.zookeeper.ClientCnxnSocketNIO.doIO(ClientCnxnSocketNIO.java:77)
	at org.apache.zookeeper.ClientCnxnSocketNIO.doTransport(ClientCnxnSocketNIO.java:350)
	at org.apache.zookeeper.ClientCnxn$SendThread.run(ClientCnxn.java:1280)
2021-11-08 11:11:12,499 [myid:127.0.0.1:27402] - INFO  [main-SendThread(127.0.0.1:27402):ClientCnxn$SendThread@1171] - Opening socket connection to server xmind.net/127.0.0.1:27402.
2021-11-08 11:11:12,499 [myid:127.0.0.1:27402] - INFO  [main-SendThread(127.0.0.1:27402):ClientCnxn$SendThread@1173] - SASL config status: Will not attempt to authenticate using SASL (unknown error)
2021-11-08 11:11:12,500 [myid:127.0.0.1:27402] - INFO  [main-SendThread(127.0.0.1:27402):ClientCnxn$SendThread@1005] - Socket connection established, initiating session, client: /127.0.0.1:7510, server: xmind.net/127.0.0.1:27402
2021-11-08 11:11:12,501 [myid:1] - WARN  [NIOWorkerThread-8:NIOServerCnxn@380] - Close of session 0x0
java.io.IOException: ZooKeeperServer not running
	at org.apache.zookeeper.server.NIOServerCnxn.readLength(NIOServerCnxn.java:554)
	at org.apache.zookeeper.server.NIOServerCnxn.doIO(NIOServerCnxn.java:339)
	at org.apache.zookeeper.server.NIOServerCnxnFactory$IOWorkRequest.doWork(NIOServerCnxnFactory.java:508)
	at org.apache.zookeeper.server.WorkerService$ScheduledWorkRequest.run(WorkerService.java:154)
	at java.util.concurrent.ThreadPoolExecutor.runWorker(ThreadPoolExecutor.java:1142)
	at java.util.concurrent.ThreadPoolExecutor$Worker.run(ThreadPoolExecutor.java:617)
	at java.lang.Thread.run(Thread.java:745)
2021-11-08 11:11:12,501 [myid:127.0.0.1:27402] - WARN  [main-SendThread(127.0.0.1:27402):ClientCnxn$SendThread@1290] - Session 0x0 for sever xmind.net/127.0.0.1:27402, Closing socket connection. Attempting reconnect except it is a SessionExpiredException.
EndOfStreamException: Unable to read additional data from server sessionid 0x0, likely server has closed socket
	at org.apache.zookeeper.ClientCnxnSocketNIO.doIO(ClientCnxnSocketNIO.java:77)
	at org.apache.zookeeper.ClientCnxnSocketNIO.doTransport(ClientCnxnSocketNIO.java:350)
	at org.apache.zookeeper.ClientCnxn$SendThread.run(ClientCnxn.java:1280)
2021-11-08 11:11:12,699 [myid:] - ERROR [main:QuorumPeerTestBase@573] - Connection States: {0 : CONNECTING, 1 : CONNECTING, 2 : CONNECTING, }
2021-11-08 11:11:12,706 [myid:] - ERROR [main:ClientBase@639] - Starting logAllStackTraces()
Thread ListenerHandler-/127.0.0.1:27399
	at java.net.DualStackPlainSocketImpl.accept0(Native Method)
	at java.net.DualStackPlainSocketImpl.socketAccept(DualStackPlainSocketImpl.java:131)
	at java.net.AbstractPlainSocketImpl.accept(AbstractPlainSocketImpl.java:404)
	at java.net.PlainSocketImpl.accept(PlainSocketImpl.java:199)
	at java.net.ServerSocket.implAccept(ServerSocket.java:545)
	at java.net.ServerSocket.accept(ServerSocket.java:513)
	at org.apache.zookeeper.server.quorum.QuorumCnxManager$Listener$ListenerHandler.acceptConnections(QuorumCnxManager.java:1069)
	at org.apache.zookeeper.server.quorum.QuorumCnxManager$Listener$ListenerHandler.run(QuorumCnxManager.java:1034)
	at java.util.concurrent.Executors$RunnableAdapter.call(Executors.java:511)
	at java.util.concurrent.FutureTask.run(FutureTask.java:266)
	at java.util.concurrent.ThreadPoolExecutor.runWorker(ThreadPoolExecutor.java:1142)
	at java.util.concurrent.ThreadPoolExecutor$Worker.run(ThreadPoolExecutor.java:617)
	at java.lang.Thread.run(Thread.java:745)
Thread NIOWorkerThread-9
	at sun.misc.Unsafe.park(Native Method)
	at java.util.concurrent.locks.LockSupport.park(LockSupport.java:175)
	at java.util.concurrent.locks.AbstractQueuedSynchronizer$ConditionObject.await(AbstractQueuedSynchronizer.java:2039)
	at java.util.concurrent.LinkedBlockingQueue.take(LinkedBlockingQueue.java:442)
	at java.util.concurrent.ThreadPoolExecutor.getTask(ThreadPoolExecutor.java:1067)
	at java.util.concurrent.ThreadPoolExecutor.runWorker(ThreadPoolExecutor.java:1127)
	at java.util.concurrent.ThreadPoolExecutor$Worker.run(ThreadPoolExecutor.java:617)
	at java.lang.Thread.run(Thread.java:745)
Thread NIOWorkerThread-9
	at sun.misc.Unsafe.park(Native Method)
	at java.util.concurrent.locks.LockSupport.park(LockSupport.java:175)
	at java.util.concurrent.locks.AbstractQueuedSynchronizer$ConditionObject.await(AbstractQueuedSynchronizer.java:2039)
	at java.util.concurrent.LinkedBlockingQueue.take(LinkedBlockingQueue.java:442)
	at java.util.concurrent.ThreadPoolExecutor.getTask(ThreadPoolExecutor.java:1067)
	at java.util.concurrent.ThreadPoolExecutor.runWorker(ThreadPoolExecutor.java:1127)
	at java.util.concurrent.ThreadPoolExecutor$Worker.run(ThreadPoolExecutor.java:617)
	at java.lang.Thread.run(Thread.java:745)
Thread ListenerHandler-/127.0.0.1:27409
	at java.net.DualStackPlainSocketImpl.accept0(Native Method)
	at java.net.DualStackPlainSocketImpl.socketAccept(DualStackPlainSocketImpl.java:131)
	at java.net.AbstractPlainSocketImpl.accept(AbstractPlainSocketImpl.java:404)
	at java.net.PlainSocketImpl.accept(PlainSocketImpl.java:199)
	at java.net.ServerSocket.implAccept(ServerSocket.java:545)
	at java.net.ServerSocket.accept(ServerSocket.java:513)
	at org.apache.zookeeper.server.quorum.QuorumCnxManager$Listener$ListenerHandler.acceptConnections(QuorumCnxManager.java:1069)
	at org.apache.zookeeper.server.quorum.QuorumCnxManager$Listener$ListenerHandler.run(QuorumCnxManager.java:1034)
	at java.util.concurrent.Executors$RunnableAdapter.call(Executors.java:511)
	at java.util.concurrent.FutureTask.run(FutureTask.java:266)
	at java.util.concurrent.ThreadPoolExecutor.runWorker(ThreadPoolExecutor.java:1142)
	at java.util.concurrent.ThreadPoolExecutor$Worker.run(ThreadPoolExecutor.java:617)
	at java.lang.Thread.run(Thread.java:745)
Thread NIOWorkerThread-2
	at sun.misc.Unsafe.park(Native Method)
	at java.util.concurrent.locks.LockSupport.park(LockSupport.java:175)
	at java.util.concurrent.locks.AbstractQueuedSynchronizer$ConditionObject.await(AbstractQueuedSynchronizer.java:2039)
	at java.util.concurrent.LinkedBlockingQueue.take(LinkedBlockingQueue.java:442)
	at java.util.concurrent.ThreadPoolExecutor.getTask(ThreadPoolExecutor.java:1067)
	at java.util.concurrent.ThreadPoolExecutor.runWorker(ThreadPoolExecutor.java:1127)
	at java.util.concurrent.ThreadPoolExecutor$Worker.run(ThreadPoolExecutor.java:617)
	at java.lang.Thread.run(Thread.java:745)
Thread QuorumConnectionThread-[myid=0]-1
	at sun.misc.Unsafe.park(Native Method)
	at java.util.concurrent.locks.LockSupport.parkNanos(LockSupport.java:215)
	at java.util.concurrent.SynchronousQueue$TransferStack.awaitFulfill(SynchronousQueue.java:460)
	at java.util.concurrent.SynchronousQueue$TransferStack.transfer(SynchronousQueue.java:362)
	at java.util.concurrent.SynchronousQueue.poll(SynchronousQueue.java:941)
	at java.util.concurrent.ThreadPoolExecutor.getTask(ThreadPoolExecutor.java:1066)
	at java.util.concurrent.ThreadPoolExecutor.runWorker(ThreadPoolExecutor.java:1127)
	at java.util.concurrent.ThreadPoolExecutor$Worker.run(ThreadPoolExecutor.java:617)
	at java.lang.Thread.run(Thread.java:745)
Thread NIOWorkerThread-10
	at sun.misc.Unsafe.park(Native Method)
	at java.util.concurrent.locks.LockSupport.park(LockSupport.java:175)
	at java.util.concurrent.locks.AbstractQueuedSynchronizer$ConditionObject.await(AbstractQueuedSynchronizer.java:2039)
	at java.util.concurrent.LinkedBlockingQueue.take(LinkedBlockingQueue.java:442)
	at java.util.concurrent.ThreadPoolExecutor.getTask(ThreadPoolExecutor.java:1067)
	at java.util.concurrent.ThreadPoolExecutor.runWorker(ThreadPoolExecutor.java:1127)
	at java.util.concurrent.ThreadPoolExecutor$Worker.run(ThreadPoolExecutor.java:617)
	at java.lang.Thread.run(Thread.java:745)
Thread QuorumPeerListener
	at sun.misc.Unsafe.park(Native Method)
	at java.util.concurrent.locks.LockSupport.park(LockSupport.java:175)
	at java.util.concurrent.locks.AbstractQueuedSynchronizer.parkAndCheckInterrupt(AbstractQueuedSynchronizer.java:836)
	at java.util.concurrent.locks.AbstractQueuedSynchronizer.doAcquireSharedInterruptibly(AbstractQueuedSynchronizer.java:997)
	at java.util.concurrent.locks.AbstractQueuedSynchronizer.acquireSharedInterruptibly(AbstractQueuedSynchronizer.java:1304)
	at java.util.concurrent.CountDownLatch.await(CountDownLatch.java:231)
	at org.apache.zookeeper.server.quorum.QuorumCnxManager$Listener.run(QuorumCnxManager.java:964)
Thread ForkJoinPool.commonPool-worker-4
	at sun.misc.Unsafe.park(Native Method)
	at java.util.concurrent.ForkJoinPool.awaitWork(ForkJoinPool.java:1756)
	at java.util.concurrent.ForkJoinPool.scan(ForkJoinPool.java:1696)
	at java.util.concurrent.ForkJoinPool.runWorker(ForkJoinPool.java:1644)
	at java.util.concurrent.ForkJoinWorkerThread.run(ForkJoinWorkerThread.java:157)
Thread Attach Listener
Thread main
	at java.lang.Thread.dumpThreads(Native Method)
	at java.lang.Thread.getAllStackTraces(Thread.java:1603)
	at org.apache.zookeeper.test.ClientBase.logAllStackTraces(ClientBase.java:631)
	at org.apache.zookeeper.server.quorum.QuorumPeerTestBase.waitForAll(QuorumPeerTestBase.java:552)
	at org.apache.zookeeper.server.quorum.QuorumPeerTestBase.waitForAll(QuorumPeerTestBase.java:543)
	at org.apache.zookeeper.server.quorum.QuorumPeerMainMultiAddressTest.launchServers(QuorumPeerMainMultiAddressTest.java:284)
	at org.apache.zookeeper.server.quorum.QuorumPeerMainMultiAddressTest.shouldStartClusterWhenSomeAddressesAreUnreachable(QuorumPeerMainMultiAddressTest.java:115)
	at sun.reflect.NativeMethodAccessorImpl.invoke0(Native Method)
	at sun.reflect.NativeMethodAccessorImpl.invoke(NativeMethodAccessorImpl.java:62)
	at sun.reflect.DelegatingMethodAccessorImpl.invoke(DelegatingMethodAccessorImpl.java:43)
	at java.lang.reflect.Method.invoke(Method.java:483)
	at org.junit.platform.commons.util.ReflectionUtils.invokeMethod(ReflectionUtils.java:686)
	at org.junit.jupiter.engine.execution.MethodInvocation.proceed(MethodInvocation.java:60)
	at org.junit.jupiter.engine.execution.InvocationInterceptorChain$ValidatingInvocation.proceed(InvocationInterceptorChain.java:131)
	at org.junit.jupiter.engine.extension.TimeoutExtension.intercept(TimeoutExtension.java:149)
	at org.junit.jupiter.engine.extension.TimeoutExtension.interceptTestableMethod(TimeoutExtension.java:140)
	at org.junit.jupiter.engine.extension.TimeoutExtension.interceptTestMethod(TimeoutExtension.java:84)
	at org.junit.jupiter.engine.descriptor.TestMethodTestDescriptor$$Lambda$111/1538399081.apply(Unknown Source)
	at org.junit.jupiter.engine.execution.ExecutableInvoker$ReflectiveInterceptorCall.lambda$ofVoidMethod$0(ExecutableInvoker.java:115)
	at org.junit.jupiter.engine.execution.ExecutableInvoker$ReflectiveInterceptorCall$$Lambda$112/2056418216.apply(Unknown Source)
	at org.junit.jupiter.engine.execution.ExecutableInvoker.lambda$invoke$0(ExecutableInvoker.java:105)
	at org.junit.jupiter.engine.execution.ExecutableInvoker$$Lambda$234/211968962.apply(Unknown Source)
	at org.junit.jupiter.engine.execution.InvocationInterceptorChain$InterceptedInvocation.proceed(InvocationInterceptorChain.java:106)
	at org.junit.jupiter.engine.execution.InvocationInterceptorChain.proceed(InvocationInterceptorChain.java:64)
	at org.junit.jupiter.engine.execution.InvocationInterceptorChain.chainAndInvoke(InvocationInterceptorChain.java:45)
	at org.junit.jupiter.engine.execution.InvocationInterceptorChain.invoke(InvocationInterceptorChain.java:37)
	at org.junit.jupiter.engine.execution.ExecutableInvoker.invoke(ExecutableInvoker.java:104)
	at org.junit.jupiter.engine.execution.ExecutableInvoker.invoke(ExecutableInvoker.java:98)
	at org.junit.jupiter.engine.descriptor.TestMethodTestDescriptor.lambda$invokeTestMethod$6(TestMethodTestDescriptor.java:212)
	at org.junit.jupiter.engine.descriptor.TestMethodTestDescriptor$$Lambda$269/283717519.execute(Unknown Source)
	at org.junit.platform.engine.support.hierarchical.ThrowableCollector.execute(ThrowableCollector.java:73)
	at org.junit.jupiter.engine.descriptor.TestMethodTestDescriptor.invokeTestMethod(TestMethodTestDescriptor.java:208)
	at org.junit.jupiter.engine.descriptor.TestMethodTestDescriptor.execute(TestMethodTestDescriptor.java:137)
	at org.junit.jupiter.engine.descriptor.TestMethodTestDescriptor.execute(TestMethodTestDescriptor.java:71)
	at org.junit.platform.engine.support.hierarchical.NodeTestTask.lambda$executeRecursively$5(NodeTestTask.java:135)
	at org.junit.platform.engine.support.hierarchical.NodeTestTask$$Lambda$179/1308109015.execute(Unknown Source)
	at org.junit.platform.engine.support.hierarchical.ThrowableCollector.execute(ThrowableCollector.java:73)
	at org.junit.platform.engine.support.hierarchical.NodeTestTask.lambda$executeRecursively$7(NodeTestTask.java:125)
	at org.junit.platform.engine.support.hierarchical.NodeTestTask$$Lambda$178/1579526446.invoke(Unknown Source)
	at org.junit.platform.engine.support.hierarchical.Node.around(Node.java:135)
	at org.junit.platform.engine.support.hierarchical.NodeTestTask.lambda$executeRecursively$8(NodeTestTask.java:123)
	at org.junit.platform.engine.support.hierarchical.NodeTestTask$$Lambda$177/1095293768.execute(Unknown Source)
	at org.junit.platform.engine.support.hierarchical.ThrowableCollector.execute(ThrowableCollector.java:73)
	at org.junit.platform.engine.support.hierarchical.NodeTestTask.executeRecursively(NodeTestTask.java:122)
	at org.junit.platform.engine.support.hierarchical.NodeTestTask.execute(NodeTestTask.java:80)
	at org.junit.platform.engine.support.hierarchical.SameThreadHierarchicalTestExecutorService$$Lambda$183/1073533248.accept(Unknown Source)
	at java.util.ArrayList.forEach(ArrayList.java:1249)
	at org.junit.platform.engine.support.hierarchical.SameThreadHierarchicalTestExecutorService.invokeAll(SameThreadHierarchicalTestExecutorService.java:38)
	at org.junit.platform.engine.support.hierarchical.NodeTestTask.lambda$executeRecursively$5(NodeTestTask.java:139)
	at org.junit.platform.engine.support.hierarchical.NodeTestTask$$Lambda$179/1308109015.execute(Unknown Source)
	at org.junit.platform.engine.support.hierarchical.ThrowableCollector.execute(ThrowableCollector.java:73)
	at org.junit.platform.engine.support.hierarchical.NodeTestTask.lambda$executeRecursively$7(NodeTestTask.java:125)
	at org.junit.platform.engine.support.hierarchical.NodeTestTask$$Lambda$178/1579526446.invoke(Unknown Source)
	at org.junit.platform.engine.support.hierarchical.Node.around(Node.java:135)
	at org.junit.platform.engine.support.hierarchical.NodeTestTask.lambda$executeRecursively$8(NodeTestTask.java:123)
	at org.junit.platform.engine.support.hierarchical.NodeTestTask$$Lambda$177/1095293768.execute(Unknown Source)
	at org.junit.platform.engine.support.hierarchical.ThrowableCollector.execute(ThrowableCollector.java:73)
	at org.junit.platform.engine.support.hierarchical.NodeTestTask.executeRecursively(NodeTestTask.java:122)
	at org.junit.platform.engine.support.hierarchical.NodeTestTask.execute(NodeTestTask.java:80)
	at org.junit.platform.engine.support.hierarchical.SameThreadHierarchicalTestExecutorService$$Lambda$183/1073533248.accept(Unknown Source)
	at java.util.ArrayList.forEach(ArrayList.java:1249)
	at org.junit.platform.engine.support.hierarchical.SameThreadHierarchicalTestExecutorService.invokeAll(SameThreadHierarchicalTestExecutorService.java:38)
	at org.junit.platform.engine.support.hierarchical.NodeTestTask.lambda$executeRecursively$5(NodeTestTask.java:139)
	at org.junit.platform.engine.support.hierarchical.NodeTestTask$$Lambda$179/1308109015.execute(Unknown Source)
	at org.junit.platform.engine.support.hierarchical.ThrowableCollector.execute(ThrowableCollector.java:73)
	at org.junit.platform.engine.support.hierarchical.NodeTestTask.lambda$executeRecursively$7(NodeTestTask.java:125)
	at org.junit.platform.engine.support.hierarchical.NodeTestTask$$Lambda$178/1579526446.invoke(Unknown Source)
	at org.junit.platform.engine.support.hierarchical.Node.around(Node.java:135)
	at org.junit.platform.engine.support.hierarchical.NodeTestTask.lambda$executeRecursively$8(NodeTestTask.java:123)
	at org.junit.platform.engine.support.hierarchical.NodeTestTask$$Lambda$177/1095293768.execute(Unknown Source)
	at org.junit.platform.engine.support.hierarchical.ThrowableCollector.execute(ThrowableCollector.java:73)
	at org.junit.platform.engine.support.hierarchical.NodeTestTask.executeRecursively(NodeTestTask.java:122)
	at org.junit.platform.engine.support.hierarchical.NodeTestTask.execute(NodeTestTask.java:80)
	at org.junit.platform.engine.support.hierarchical.SameThreadHierarchicalTestExecutorService.submit(SameThreadHierarchicalTestExecutorService.java:32)
	at org.junit.platform.engine.support.hierarchical.HierarchicalTestExecutor.execute(HierarchicalTestExecutor.java:57)
	at org.junit.platform.engine.support.hierarchical.HierarchicalTestEngine.execute(HierarchicalTestEngine.java:51)
	at org.junit.platform.launcher.core.DefaultLauncher.execute(DefaultLauncher.java:248)
	at org.junit.platform.launcher.core.DefaultLauncher.lambda$execute$5(DefaultLauncher.java:211)
	at org.junit.platform.launcher.core.DefaultLauncher$$Lambda$143/854507466.accept(Unknown Source)
	at org.junit.platform.launcher.core.DefaultLauncher.withInterceptedStreams(DefaultLauncher.java:226)
	at org.junit.platform.launcher.core.DefaultLauncher.execute(DefaultLauncher.java:199)
	at org.junit.platform.launcher.core.DefaultLauncher.execute(DefaultLauncher.java:132)
	at org.apache.maven.surefire.junitplatform.JUnitPlatformProvider.invokeAllTests(JUnitPlatformProvider.java:142)
	at org.apache.maven.surefire.junitplatform.JUnitPlatformProvider.invoke(JUnitPlatformProvider.java:113)
	at org.apache.maven.surefire.booter.ForkedBooter.invokeProviderInSameClassLoader(ForkedBooter.java:384)
	at org.apache.maven.surefire.booter.ForkedBooter.runSuitesInProcess(ForkedBooter.java:345)
	at org.apache.maven.surefire.booter.ForkedBooter.execute(ForkedBooter.java:126)
	at org.apache.maven.surefire.booter.ForkedBooter.main(ForkedBooter.java:418)
Thread WorkerReceiver[myid=1]
	at sun.misc.Unsafe.park(Native Method)
	at java.util.concurrent.locks.LockSupport.parkNanos(LockSupport.java:215)
	at java.util.concurrent.locks.AbstractQueuedSynchronizer$ConditionObject.awaitNanos(AbstractQueuedSynchronizer.java:2078)
	at org.apache.zookeeper.util.CircularBlockingQueue.poll(CircularBlockingQueue.java:105)
	at org.apache.zookeeper.server.quorum.QuorumCnxManager.pollRecvQueue(QuorumCnxManager.java:1474)
	at org.apache.zookeeper.server.quorum.FastLeaderElection$Messenger$WorkerReceiver.run(FastLeaderElection.java:237)
	at java.lang.Thread.run(Thread.java:745)
Thread QuorumPeer[myid=0](plain=[0:0:0:0:0:0:0:0]:27397)(secure=disabled)
	at sun.misc.Unsafe.park(Native Method)
	at java.util.concurrent.locks.LockSupport.parkNanos(LockSupport.java:215)
	at java.util.concurrent.locks.AbstractQueuedSynchronizer$ConditionObject.awaitNanos(AbstractQueuedSynchronizer.java:2078)
	at java.util.concurrent.LinkedBlockingQueue.poll(LinkedBlockingQueue.java:467)
	at org.apache.zookeeper.server.quorum.FastLeaderElection.lookForLeader(FastLeaderElection.java:966)
	at org.apache.zookeeper.server.quorum.QuorumPeer.run(QuorumPeer.java:1484)
Thread SyncThread:1
	at sun.misc.Unsafe.park(Native Method)
	at java.util.concurrent.locks.LockSupport.park(LockSupport.java:175)
	at java.util.concurrent.locks.AbstractQueuedSynchronizer$ConditionObject.await(AbstractQueuedSynchronizer.java:2039)
	at java.util.concurrent.LinkedBlockingQueue.take(LinkedBlockingQueue.java:442)
	at org.apache.zookeeper.server.SyncRequestProcessor.run(SyncRequestProcessor.java:170)
Thread ListenerHandler-/127.0.0.1:27394
	at sun.misc.Unsafe.park(Native Method)
	at java.util.concurrent.locks.LockSupport.park(LockSupport.java:175)
	at java.util.concurrent.locks.AbstractQueuedSynchronizer$ConditionObject.await(AbstractQueuedSynchronizer.java:2039)
	at java.util.concurrent.LinkedBlockingQueue.take(LinkedBlockingQueue.java:442)
	at java.util.concurrent.ThreadPoolExecutor.getTask(ThreadPoolExecutor.java:1067)
	at java.util.concurrent.ThreadPoolExecutor.runWorker(ThreadPoolExecutor.java:1127)
	at java.util.concurrent.ThreadPoolExecutor$Worker.run(ThreadPoolExecutor.java:617)
	at java.lang.Thread.run(Thread.java:745)
Thread NIOWorkerThread-7
	at sun.misc.Unsafe.park(Native Method)
	at java.util.concurrent.locks.LockSupport.park(LockSupport.java:175)
	at java.util.concurrent.locks.AbstractQueuedSynchronizer$ConditionObject.await(AbstractQueuedSynchronizer.java:2039)
	at java.util.concurrent.LinkedBlockingQueue.take(LinkedBlockingQueue.java:442)
	at java.util.concurrent.ThreadPoolExecutor.getTask(ThreadPoolExecutor.java:1067)
	at java.util.concurrent.ThreadPoolExecutor.runWorker(ThreadPoolExecutor.java:1127)
	at java.util.concurrent.ThreadPoolExecutor$Worker.run(ThreadPoolExecutor.java:617)
	at java.lang.Thread.run(Thread.java:745)
Thread NIOWorkerThread-7
	at sun.misc.Unsafe.park(Native Method)
	at java.util.concurrent.locks.LockSupport.park(LockSupport.java:175)
	at java.util.concurrent.locks.AbstractQueuedSynchronizer$ConditionObject.await(AbstractQueuedSynchronizer.java:2039)
	at java.util.concurrent.LinkedBlockingQueue.take(LinkedBlockingQueue.java:442)
	at java.util.concurrent.ThreadPoolExecutor.getTask(ThreadPoolExecutor.java:1067)
	at java.util.concurrent.ThreadPoolExecutor.runWorker(ThreadPoolExecutor.java:1127)
	at java.util.concurrent.ThreadPoolExecutor$Worker.run(ThreadPoolExecutor.java:617)
	at java.lang.Thread.run(Thread.java:745)
Thread Thread-17
	at java.lang.Object.wait(Native Method)
	at java.lang.Thread.join(Thread.java:1245)
	at java.lang.Thread.join(Thread.java:1319)
	at org.apache.zookeeper.server.quorum.QuorumPeerMain.runFromConfig(QuorumPeerMain.java:231)
	at org.apache.zookeeper.server.quorum.QuorumPeerMain.initializeAndRun(QuorumPeerMain.java:137)
	at org.apache.zookeeper.server.quorum.QuorumPeerTestBase$MainThread.run(QuorumPeerTestBase.java:329)
	at java.lang.Thread.run(Thread.java:745)
Thread NIOWorkerThread-4
	at sun.misc.Unsafe.park(Native Method)
	at java.util.concurrent.locks.LockSupport.park(LockSupport.java:175)
	at java.util.concurrent.locks.AbstractQueuedSynchronizer$ConditionObject.await(AbstractQueuedSynchronizer.java:2039)
	at java.util.concurrent.LinkedBlockingQueue.take(LinkedBlockingQueue.java:442)
	at java.util.concurrent.ThreadPoolExecutor.getTask(ThreadPoolExecutor.java:1067)
	at java.util.concurrent.ThreadPoolExecutor.runWorker(ThreadPoolExecutor.java:1127)
	at java.util.concurrent.ThreadPoolExecutor$Worker.run(ThreadPoolExecutor.java:617)
	at java.lang.Thread.run(Thread.java:745)
Thread WorkerReceiver[myid=0]
	at sun.misc.Unsafe.park(Native Method)
	at java.util.concurrent.locks.LockSupport.parkNanos(LockSupport.java:215)
	at java.util.concurrent.locks.AbstractQueuedSynchronizer$ConditionObject.awaitNanos(AbstractQueuedSynchronizer.java:2078)
	at org.apache.zookeeper.util.CircularBlockingQueue.poll(CircularBlockingQueue.java:105)
	at org.apache.zookeeper.server.quorum.QuorumCnxManager.pollRecvQueue(QuorumCnxManager.java:1474)
	at org.apache.zookeeper.server.quorum.FastLeaderElection$Messenger$WorkerReceiver.run(FastLeaderElection.java:237)
	at java.lang.Thread.run(Thread.java:745)
Thread NIOWorkerThread-3
	at sun.misc.Unsafe.park(Native Method)
	at java.util.concurrent.locks.LockSupport.park(LockSupport.java:175)
	at java.util.concurrent.locks.AbstractQueuedSynchronizer$ConditionObject.await(AbstractQueuedSynchronizer.java:2039)
	at java.util.concurrent.LinkedBlockingQueue.take(LinkedBlockingQueue.java:442)
	at java.util.concurrent.ThreadPoolExecutor.getTask(ThreadPoolExecutor.java:1067)
	at java.util.concurrent.ThreadPoolExecutor.runWorker(ThreadPoolExecutor.java:1127)
	at java.util.concurrent.ThreadPoolExecutor$Worker.run(ThreadPoolExecutor.java:617)
	at java.lang.Thread.run(Thread.java:745)
Thread Thread-16
	at java.lang.Object.wait(Native Method)
	at java.lang.Thread.join(Thread.java:1245)
	at java.lang.Thread.join(Thread.java:1319)
	at org.apache.zookeeper.server.quorum.QuorumPeerMain.runFromConfig(QuorumPeerMain.java:231)
	at org.apache.zookeeper.server.quorum.QuorumPeerMain.initializeAndRun(QuorumPeerMain.java:137)
	at org.apache.zookeeper.server.quorum.QuorumPeerTestBase$MainThread.run(QuorumPeerTestBase.java:329)
	at java.lang.Thread.run(Thread.java:745)
Thread NIOWorkerThread-12
	at sun.misc.Unsafe.park(Native Method)
	at java.util.concurrent.locks.LockSupport.park(LockSupport.java:175)
	at java.util.concurrent.locks.AbstractQueuedSynchronizer$ConditionObject.await(AbstractQueuedSynchronizer.java:2039)
	at java.util.concurrent.LinkedBlockingQueue.take(LinkedBlockingQueue.java:442)
	at java.util.concurrent.ThreadPoolExecutor.getTask(ThreadPoolExecutor.java:1067)
	at java.util.concurrent.ThreadPoolExecutor.runWorker(ThreadPoolExecutor.java:1127)
	at java.util.concurrent.ThreadPoolExecutor$Worker.run(ThreadPoolExecutor.java:617)
	at java.lang.Thread.run(Thread.java:745)
Thread ListenerHandler-invalid.hostname.unreachable.com:27411
	at sun.misc.Unsafe.park(Native Method)
	at java.util.concurrent.locks.LockSupport.park(LockSupport.java:175)
	at java.util.concurrent.locks.AbstractQueuedSynchronizer$ConditionObject.await(AbstractQueuedSynchronizer.java:2039)
	at java.util.concurrent.LinkedBlockingQueue.take(LinkedBlockingQueue.java:442)
	at java.util.concurrent.ThreadPoolExecutor.getTask(ThreadPoolExecutor.java:1067)
	at java.util.concurrent.ThreadPoolExecutor.runWorker(ThreadPoolExecutor.java:1127)
	at java.util.concurrent.ThreadPoolExecutor$Worker.run(ThreadPoolExecutor.java:617)
	at java.lang.Thread.run(Thread.java:745)
Thread WorkerReceiver[myid=2]
	at sun.misc.Unsafe.park(Native Method)
	at java.util.concurrent.locks.LockSupport.parkNanos(LockSupport.java:215)
	at java.util.concurrent.locks.AbstractQueuedSynchronizer$ConditionObject.awaitNanos(AbstractQueuedSynchronizer.java:2078)
	at org.apache.zookeeper.util.CircularBlockingQueue.poll(CircularBlockingQueue.java:105)
	at org.apache.zookeeper.server.quorum.QuorumCnxManager.pollRecvQueue(QuorumCnxManager.java:1474)
	at org.apache.zookeeper.server.quorum.FastLeaderElection$Messenger$WorkerReceiver.run(FastLeaderElection.java:237)
	at java.lang.Thread.run(Thread.java:745)
Thread QuorumConnectionThread-[myid=2]-3
	at sun.misc.Unsafe.park(Native Method)
	at java.util.concurrent.locks.LockSupport.parkNanos(LockSupport.java:215)
	at java.util.concurrent.SynchronousQueue$TransferStack.awaitFulfill(SynchronousQueue.java:460)
	at java.util.concurrent.SynchronousQueue$TransferStack.transfer(SynchronousQueue.java:362)
	at java.util.concurrent.SynchronousQueue.poll(SynchronousQueue.java:941)
	at java.util.concurrent.ThreadPoolExecutor.getTask(ThreadPoolExecutor.java:1066)
	at java.util.concurrent.ThreadPoolExecutor.runWorker(ThreadPoolExecutor.java:1127)
	at java.util.concurrent.ThreadPoolExecutor$Worker.run(ThreadPoolExecutor.java:617)
	at java.lang.Thread.run(Thread.java:745)
Thread NIOWorkerThread-6
	at sun.misc.Unsafe.park(Native Method)
	at java.util.concurrent.locks.LockSupport.park(LockSupport.java:175)
	at java.util.concurrent.locks.AbstractQueuedSynchronizer$ConditionObject.await(AbstractQueuedSynchronizer.java:2039)
	at java.util.concurrent.LinkedBlockingQueue.take(LinkedBlockingQueue.java:442)
	at java.util.concurrent.ThreadPoolExecutor.getTask(ThreadPoolExecutor.java:1067)
	at java.util.concurrent.ThreadPoolExecutor.runWorker(ThreadPoolExecutor.java:1127)
	at java.util.concurrent.ThreadPoolExecutor$Worker.run(ThreadPoolExecutor.java:617)
	at java.lang.Thread.run(Thread.java:745)
Thread ConnnectionExpirer
	at java.lang.Thread.sleep(Native Method)
	at org.apache.zookeeper.server.NIOServerCnxnFactory$ConnectionExpirerThread.run(NIOServerCnxnFactory.java:554)
Thread NIOWorkerThread-1
	at sun.misc.Unsafe.park(Native Method)
	at java.util.concurrent.locks.LockSupport.park(LockSupport.java:175)
	at java.util.concurrent.locks.AbstractQueuedSynchronizer$ConditionObject.await(AbstractQueuedSynchronizer.java:2039)
	at java.util.concurrent.LinkedBlockingQueue.take(LinkedBlockingQueue.java:442)
	at java.util.concurrent.ThreadPoolExecutor.getTask(ThreadPoolExecutor.java:1067)
	at java.util.concurrent.ThreadPoolExecutor.runWorker(ThreadPoolExecutor.java:1127)
	at java.util.concurrent.ThreadPoolExecutor$Worker.run(ThreadPoolExecutor.java:617)
	at java.lang.Thread.run(Thread.java:745)
Thread NIOServerCxnFactory.AcceptThread:/0.0.0.0:27402
	at sun.nio.ch.WindowsSelectorImpl$SubSelector.poll0(Native Method)
	at sun.nio.ch.WindowsSelectorImpl$SubSelector.poll(WindowsSelectorImpl.java:296)
	at sun.nio.ch.WindowsSelectorImpl$SubSelector.access$400(WindowsSelectorImpl.java:278)
	at sun.nio.ch.WindowsSelectorImpl.doSelect(WindowsSelectorImpl.java:159)
	at sun.nio.ch.SelectorImpl.lockAndDoSelect(SelectorImpl.java:86)
	at sun.nio.ch.SelectorImpl.select(SelectorImpl.java:97)
	at sun.nio.ch.SelectorImpl.select(SelectorImpl.java:101)
	at org.apache.zookeeper.server.NIOServerCnxnFactory$AcceptThread.select(NIOServerCnxnFactory.java:205)
	at org.apache.zookeeper.server.NIOServerCnxnFactory$AcceptThread.run(NIOServerCnxnFactory.java:181)
Thread NIOWorkerThread-7
	at sun.misc.Unsafe.park(Native Method)
	at java.util.concurrent.locks.LockSupport.park(LockSupport.java:175)
	at java.util.concurrent.locks.AbstractQueuedSynchronizer$ConditionObject.await(AbstractQueuedSynchronizer.java:2039)
	at java.util.concurrent.LinkedBlockingQueue.take(LinkedBlockingQueue.java:442)
	at java.util.concurrent.ThreadPoolExecutor.getTask(ThreadPoolExecutor.java:1067)
	at java.util.concurrent.ThreadPoolExecutor.runWorker(ThreadPoolExecutor.java:1127)
	at java.util.concurrent.ThreadPoolExecutor$Worker.run(ThreadPoolExecutor.java:617)
	at java.lang.Thread.run(Thread.java:745)
Thread ForkJoinPool.commonPool-worker-7
	at sun.misc.Unsafe.park(Native Method)
	at java.util.concurrent.ForkJoinPool.awaitWork(ForkJoinPool.java:1756)
	at java.util.concurrent.ForkJoinPool.scan(ForkJoinPool.java:1696)
	at java.util.concurrent.ForkJoinPool.runWorker(ForkJoinPool.java:1644)
	at java.util.concurrent.ForkJoinWorkerThread.run(ForkJoinWorkerThread.java:157)
Thread NIOWorkerThread-4
	at sun.misc.Unsafe.park(Native Method)
	at java.util.concurrent.locks.LockSupport.park(LockSupport.java:175)
	at java.util.concurrent.locks.AbstractQueuedSynchronizer$ConditionObject.await(AbstractQueuedSynchronizer.java:2039)
	at java.util.concurrent.LinkedBlockingQueue.take(LinkedBlockingQueue.java:442)
	at java.util.concurrent.ThreadPoolExecutor.getTask(ThreadPoolExecutor.java:1067)
	at java.util.concurrent.ThreadPoolExecutor.runWorker(ThreadPoolExecutor.java:1127)
	at java.util.concurrent.ThreadPoolExecutor$Worker.run(ThreadPoolExecutor.java:617)
	at java.lang.Thread.run(Thread.java:745)
Thread QuorumConnectionThread-[myid=1]-2
	at sun.misc.Unsafe.park(Native Method)
	at java.util.concurrent.locks.LockSupport.parkNanos(LockSupport.java:215)
	at java.util.concurrent.SynchronousQueue$TransferStack.awaitFulfill(SynchronousQueue.java:460)
	at java.util.concurrent.SynchronousQueue$TransferStack.transfer(SynchronousQueue.java:362)
	at java.util.concurrent.SynchronousQueue.poll(SynchronousQueue.java:941)
	at java.util.concurrent.ThreadPoolExecutor.getTask(ThreadPoolExecutor.java:1066)
	at java.util.concurrent.ThreadPoolExecutor.runWorker(ThreadPoolExecutor.java:1127)
	at java.util.concurrent.ThreadPoolExecutor$Worker.run(ThreadPoolExecutor.java:617)
	at java.lang.Thread.run(Thread.java:745)
Thread QuorumConnectionThread-[myid=0]-3
	at sun.misc.Unsafe.park(Native Method)
	at java.util.concurrent.locks.LockSupport.parkNanos(LockSupport.java:215)
	at java.util.concurrent.SynchronousQueue$TransferStack.awaitFulfill(SynchronousQueue.java:460)
	at java.util.concurrent.SynchronousQueue$TransferStack.transfer(SynchronousQueue.java:362)
	at java.util.concurrent.SynchronousQueue.poll(SynchronousQueue.java:941)
	at java.util.concurrent.ThreadPoolExecutor.getTask(ThreadPoolExecutor.java:1066)
	at java.util.concurrent.ThreadPoolExecutor.runWorker(ThreadPoolExecutor.java:1127)
	at java.util.concurrent.ThreadPoolExecutor$Worker.run(ThreadPoolExecutor.java:617)
	at java.lang.Thread.run(Thread.java:745)
Thread QuorumPeer[myid=2](plain=[0:0:0:0:0:0:0:0]:27407)(secure=disabled)
	at sun.misc.Unsafe.park(Native Method)
	at java.util.concurrent.locks.LockSupport.parkNanos(LockSupport.java:215)
	at java.util.concurrent.locks.AbstractQueuedSynchronizer$ConditionObject.awaitNanos(AbstractQueuedSynchronizer.java:2078)
	at java.util.concurrent.LinkedBlockingQueue.poll(LinkedBlockingQueue.java:467)
	at org.apache.zookeeper.server.quorum.FastLeaderElection.lookForLeader(FastLeaderElection.java:966)
	at org.apache.zookeeper.server.quorum.QuorumPeer.run(QuorumPeer.java:1484)
Thread NIOWorkerThread-11
	at sun.misc.Unsafe.park(Native Method)
	at java.util.concurrent.locks.LockSupport.park(LockSupport.java:175)
	at java.util.concurrent.locks.AbstractQueuedSynchronizer$ConditionObject.await(AbstractQueuedSynchronizer.java:2039)
	at java.util.concurrent.LinkedBlockingQueue.take(LinkedBlockingQueue.java:442)
	at java.util.concurrent.ThreadPoolExecutor.getTask(ThreadPoolExecutor.java:1067)
	at java.util.concurrent.ThreadPoolExecutor.runWorker(ThreadPoolExecutor.java:1127)
	at java.util.concurrent.ThreadPoolExecutor$Worker.run(ThreadPoolExecutor.java:617)
	at java.lang.Thread.run(Thread.java:745)
Thread ListenerHandler-/127.0.0.1:27387
	at sun.misc.Unsafe.park(Native Method)
	at java.util.concurrent.locks.LockSupport.park(LockSupport.java:175)
	at java.util.concurrent.locks.AbstractQueuedSynchronizer$ConditionObject.await(AbstractQueuedSynchronizer.java:2039)
	at java.util.concurrent.LinkedBlockingQueue.take(LinkedBlockingQueue.java:442)
	at java.util.concurrent.ThreadPoolExecutor.getTask(ThreadPoolExecutor.java:1067)
	at java.util.concurrent.ThreadPoolExecutor.runWorker(ThreadPoolExecutor.java:1127)
	at java.util.concurrent.ThreadPoolExecutor$Worker.run(ThreadPoolExecutor.java:617)
	at java.lang.Thread.run(Thread.java:745)
Thread NIOWorkerThread-11
	at sun.misc.Unsafe.park(Native Method)
	at java.util.concurrent.locks.LockSupport.park(LockSupport.java:175)
	at java.util.concurrent.locks.AbstractQueuedSynchronizer$ConditionObject.await(AbstractQueuedSynchronizer.java:2039)
	at java.util.concurrent.LinkedBlockingQueue.take(LinkedBlockingQueue.java:442)
	at java.util.concurrent.ThreadPoolExecutor.getTask(ThreadPoolExecutor.java:1067)
	at java.util.concurrent.ThreadPoolExecutor.runWorker(ThreadPoolExecutor.java:1127)
	at java.util.concurrent.ThreadPoolExecutor$Worker.run(ThreadPoolExecutor.java:617)
	at java.lang.Thread.run(Thread.java:745)
Thread QuorumConnectionThread-[myid=1]-1
	at sun.misc.Unsafe.park(Native Method)
	at java.util.concurrent.locks.LockSupport.parkNanos(LockSupport.java:215)
	at java.util.concurrent.SynchronousQueue$TransferStack.awaitFulfill(SynchronousQueue.java:460)
	at java.util.concurrent.SynchronousQueue$TransferStack.transfer(SynchronousQueue.java:362)
	at java.util.concurrent.SynchronousQueue.poll(SynchronousQueue.java:941)
	at java.util.concurrent.ThreadPoolExecutor.getTask(ThreadPoolExecutor.java:1066)
	at java.util.concurrent.ThreadPoolExecutor.runWorker(ThreadPoolExecutor.java:1127)
	at java.util.concurrent.ThreadPoolExecutor$Worker.run(ThreadPoolExecutor.java:617)
	at java.lang.Thread.run(Thread.java:745)
Thread ListenerHandler-invalid.hostname.unreachable.com:27401
	at sun.misc.Unsafe.park(Native Method)
	at java.util.concurrent.locks.LockSupport.park(LockSupport.java:175)
	at java.util.concurrent.locks.AbstractQueuedSynchronizer$ConditionObject.await(AbstractQueuedSynchronizer.java:2039)
	at java.util.concurrent.LinkedBlockingQueue.take(LinkedBlockingQueue.java:442)
	at java.util.concurrent.ThreadPoolExecutor.getTask(ThreadPoolExecutor.java:1067)
	at java.util.concurrent.ThreadPoolExecutor.runWorker(ThreadPoolExecutor.java:1127)
	at java.util.concurrent.ThreadPoolExecutor$Worker.run(ThreadPoolExecutor.java:617)
	at java.lang.Thread.run(Thread.java:745)
Thread WorkerSender[myid=0]
	at sun.misc.Unsafe.park(Native Method)
	at java.util.concurrent.locks.LockSupport.parkNanos(LockSupport.java:215)
	at java.util.concurrent.locks.AbstractQueuedSynchronizer$ConditionObject.awaitNanos(AbstractQueuedSynchronizer.java:2078)
	at java.util.concurrent.LinkedBlockingQueue.poll(LinkedBlockingQueue.java:467)
	at org.apache.zookeeper.server.quorum.FastLeaderElection$Messenger$WorkerSender.run(FastLeaderElection.java:496)
	at java.lang.Thread.run(Thread.java:745)
Thread NIOWorkerThread-8
	at sun.misc.Unsafe.park(Native Method)
	at java.util.concurrent.locks.LockSupport.park(LockSupport.java:175)
	at java.util.concurrent.locks.AbstractQueuedSynchronizer$ConditionObject.await(AbstractQueuedSynchronizer.java:2039)
	at java.util.concurrent.LinkedBlockingQueue.take(LinkedBlockingQueue.java:442)
	at java.util.concurrent.ThreadPoolExecutor.getTask(ThreadPoolExecutor.java:1067)
	at java.util.concurrent.ThreadPoolExecutor.runWorker(ThreadPoolExecutor.java:1127)
	at java.util.concurrent.ThreadPoolExecutor$Worker.run(ThreadPoolExecutor.java:617)
	at java.lang.Thread.run(Thread.java:745)
Thread NIOWorkerThread-1
	at sun.misc.Unsafe.park(Native Method)
	at java.util.concurrent.locks.LockSupport.park(LockSupport.java:175)
	at java.util.concurrent.locks.AbstractQueuedSynchronizer$ConditionObject.await(AbstractQueuedSynchronizer.java:2039)
	at java.util.concurrent.LinkedBlockingQueue.take(LinkedBlockingQueue.java:442)
	at java.util.concurrent.ThreadPoolExecutor.getTask(ThreadPoolExecutor.java:1067)
	at java.util.concurrent.ThreadPoolExecutor.runWorker(ThreadPoolExecutor.java:1127)
	at java.util.concurrent.ThreadPoolExecutor$Worker.run(ThreadPoolExecutor.java:617)
	at java.lang.Thread.run(Thread.java:745)
Thread main-EventThread
	at sun.misc.Unsafe.park(Native Method)
	at java.util.concurrent.locks.LockSupport.park(LockSupport.java:175)
	at java.util.concurrent.locks.AbstractQueuedSynchronizer$ConditionObject.await(AbstractQueuedSynchronizer.java:2039)
	at java.util.concurrent.LinkedBlockingQueue.take(LinkedBlockingQueue.java:442)
	at org.apache.zookeeper.ClientCnxn$EventThread.run(ClientCnxn.java:551)
Thread NIOWorkerThread-10
	at sun.misc.Unsafe.park(Native Method)
	at java.util.concurrent.locks.LockSupport.park(LockSupport.java:175)
	at java.util.concurrent.locks.AbstractQueuedSynchronizer$ConditionObject.await(AbstractQueuedSynchronizer.java:2039)
	at java.util.concurrent.LinkedBlockingQueue.take(LinkedBlockingQueue.java:442)
	at java.util.concurrent.ThreadPoolExecutor.getTask(ThreadPoolExecutor.java:1067)
	at java.util.concurrent.ThreadPoolExecutor.runWorker(ThreadPoolExecutor.java:1127)
	at java.util.concurrent.ThreadPoolExecutor$Worker.run(ThreadPoolExecutor.java:617)
	at java.lang.Thread.run(Thread.java:745)
Thread ListenerHandler-invalid.hostname.unreachable.com:27406
	at sun.misc.Unsafe.park(Native Method)
	at java.util.concurrent.locks.LockSupport.park(LockSupport.java:175)
	at java.util.concurrent.locks.AbstractQueuedSynchronizer$ConditionObject.await(AbstractQueuedSynchronizer.java:2039)
	at java.util.concurrent.LinkedBlockingQueue.take(LinkedBlockingQueue.java:442)
	at java.util.concurrent.ThreadPoolExecutor.getTask(ThreadPoolExecutor.java:1067)
	at java.util.concurrent.ThreadPoolExecutor.runWorker(ThreadPoolExecutor.java:1127)
	at java.util.concurrent.ThreadPoolExecutor$Worker.run(ThreadPoolExecutor.java:617)
	at java.lang.Thread.run(Thread.java:745)
Thread NIOWorkerThread-12
	at sun.misc.Unsafe.park(Native Method)
	at java.util.concurrent.locks.LockSupport.park(LockSupport.java:175)
	at java.util.concurrent.locks.AbstractQueuedSynchronizer$ConditionObject.await(AbstractQueuedSynchronizer.java:2039)
	at java.util.concurrent.LinkedBlockingQueue.take(LinkedBlockingQueue.java:442)
	at java.util.concurrent.ThreadPoolExecutor.getTask(ThreadPoolExecutor.java:1067)
	at java.util.concurrent.ThreadPoolExecutor.runWorker(ThreadPoolExecutor.java:1127)
	at java.util.concurrent.ThreadPoolExecutor$Worker.run(ThreadPoolExecutor.java:617)
	at java.lang.Thread.run(Thread.java:745)
Thread WorkerSender[myid=1]
	at sun.misc.Unsafe.park(Native Method)
	at java.util.concurrent.locks.LockSupport.parkNanos(LockSupport.java:215)
	at java.util.concurrent.locks.AbstractQueuedSynchronizer$ConditionObject.awaitNanos(AbstractQueuedSynchronizer.java:2078)
	at java.util.concurrent.LinkedBlockingQueue.poll(LinkedBlockingQueue.java:467)
	at org.apache.zookeeper.server.quorum.FastLeaderElection$Messenger$WorkerSender.run(FastLeaderElection.java:496)
	at java.lang.Thread.run(Thread.java:745)
Thread main-SendThread(127.0.0.1:27402)
	at java.lang.Thread.sleep(Native Method)
	at org.apache.zookeeper.client.StaticHostProvider.next(StaticHostProvider.java:362)
	at org.apache.zookeeper.ClientCnxn$SendThread.run(ClientCnxn.java:1197)
Thread surefire-forkedjvm-ping-30s
	at sun.misc.Unsafe.park(Native Method)
	at java.util.concurrent.locks.LockSupport.parkNanos(LockSupport.java:215)
	at java.util.concurrent.locks.AbstractQueuedSynchronizer$ConditionObject.awaitNanos(AbstractQueuedSynchronizer.java:2078)
	at java.util.concurrent.ScheduledThreadPoolExecutor$DelayedWorkQueue.take(ScheduledThreadPoolExecutor.java:1093)
	at java.util.concurrent.ScheduledThreadPoolExecutor$DelayedWorkQueue.take(ScheduledThreadPoolExecutor.java:809)
	at java.util.concurrent.ThreadPoolExecutor.getTask(ThreadPoolExecutor.java:1067)
	at java.util.concurrent.ThreadPoolExecutor.runWorker(ThreadPoolExecutor.java:1127)
	at java.util.concurrent.ThreadPoolExecutor$Worker.run(ThreadPoolExecutor.java:617)
	at java.lang.Thread.run(Thread.java:745)
Thread NIOWorkerThread-1
	at sun.misc.Unsafe.park(Native Method)
	at java.util.concurrent.locks.LockSupport.park(LockSupport.java:175)
	at java.util.concurrent.locks.AbstractQueuedSynchronizer$ConditionObject.await(AbstractQueuedSynchronizer.java:2039)
	at java.util.concurrent.LinkedBlockingQueue.take(LinkedBlockingQueue.java:442)
	at java.util.concurrent.ThreadPoolExecutor.getTask(ThreadPoolExecutor.java:1067)
	at java.util.concurrent.ThreadPoolExecutor.runWorker(ThreadPoolExecutor.java:1127)
	at java.util.concurrent.ThreadPoolExecutor$Worker.run(ThreadPoolExecutor.java:617)
	at java.lang.Thread.run(Thread.java:745)
Thread ListenerHandler-/127.0.0.1:27382
	at sun.misc.Unsafe.park(Native Method)
	at java.util.concurrent.locks.LockSupport.park(LockSupport.java:175)
	at java.util.concurrent.locks.AbstractQueuedSynchronizer$ConditionObject.await(AbstractQueuedSynchronizer.java:2039)
	at java.util.concurrent.LinkedBlockingQueue.take(LinkedBlockingQueue.java:442)
	at java.util.concurrent.ThreadPoolExecutor.getTask(ThreadPoolExecutor.java:1067)
	at java.util.concurrent.ThreadPoolExecutor.runWorker(ThreadPoolExecutor.java:1127)
	at java.util.concurrent.ThreadPoolExecutor$Worker.run(ThreadPoolExecutor.java:617)
	at java.lang.Thread.run(Thread.java:745)
Thread NIOServerCxnFactory.AcceptThread:/0.0.0.0:27407
	at sun.nio.ch.WindowsSelectorImpl$SubSelector.poll0(Native Method)
	at sun.nio.ch.WindowsSelectorImpl$SubSelector.poll(WindowsSelectorImpl.java:296)
	at sun.nio.ch.WindowsSelectorImpl$SubSelector.access$400(WindowsSelectorImpl.java:278)
	at sun.nio.ch.WindowsSelectorImpl.doSelect(WindowsSelectorImpl.java:159)
	at sun.nio.ch.SelectorImpl.lockAndDoSelect(SelectorImpl.java:86)
	at sun.nio.ch.SelectorImpl.select(SelectorImpl.java:97)
	at sun.nio.ch.SelectorImpl.select(SelectorImpl.java:101)
	at org.apache.zookeeper.server.NIOServerCnxnFactory$AcceptThread.select(NIOServerCnxnFactory.java:205)
	at org.apache.zookeeper.server.NIOServerCnxnFactory$AcceptThread.run(NIOServerCnxnFactory.java:181)
Thread Finalizer
	at java.lang.Object.wait(Native Method)
	at java.lang.ref.ReferenceQueue.remove(ReferenceQueue.java:142)
	at java.lang.ref.ReferenceQueue.remove(ReferenceQueue.java:158)
	at java.lang.ref.Finalizer$FinalizerThread.run(Finalizer.java:209)
Thread Reference Handler
	at java.lang.Object.wait(Native Method)
	at java.lang.Object.wait(Object.java:502)
	at java.lang.ref.Reference$ReferenceHandler.run(Reference.java:157)
Thread NIOWorkerThread-6
	at sun.misc.Unsafe.park(Native Method)
	at java.util.concurrent.locks.LockSupport.park(LockSupport.java:175)
	at java.util.concurrent.locks.AbstractQueuedSynchronizer$ConditionObject.await(AbstractQueuedSynchronizer.java:2039)
	at java.util.concurrent.LinkedBlockingQueue.take(LinkedBlockingQueue.java:442)
	at java.util.concurrent.ThreadPoolExecutor.getTask(ThreadPoolExecutor.java:1067)
	at java.util.concurrent.ThreadPoolExecutor.runWorker(ThreadPoolExecutor.java:1127)
	at java.util.concurrent.ThreadPoolExecutor$Worker.run(ThreadPoolExecutor.java:617)
	at java.lang.Thread.run(Thread.java:745)
Thread NIOServerCxnFactory.AcceptThread:/0.0.0.0:27397
	at sun.nio.ch.WindowsSelectorImpl$SubSelector.poll0(Native Method)
	at sun.nio.ch.WindowsSelectorImpl$SubSelector.poll(WindowsSelectorImpl.java:296)
	at sun.nio.ch.WindowsSelectorImpl$SubSelector.access$400(WindowsSelectorImpl.java:278)
	at sun.nio.ch.WindowsSelectorImpl.doSelect(WindowsSelectorImpl.java:159)
	at sun.nio.ch.SelectorImpl.lockAndDoSelect(SelectorImpl.java:86)
	at sun.nio.ch.SelectorImpl.select(SelectorImpl.java:97)
	at sun.nio.ch.SelectorImpl.select(SelectorImpl.java:101)
	at org.apache.zookeeper.server.NIOServerCnxnFactory$AcceptThread.select(NIOServerCnxnFactory.java:205)
	at org.apache.zookeeper.server.NIOServerCnxnFactory$AcceptThread.run(NIOServerCnxnFactory.java:181)
Thread ListenerHandler-/127.0.0.1:27396
	at sun.misc.Unsafe.park(Native Method)
	at java.util.concurrent.locks.LockSupport.park(LockSupport.java:175)
	at java.util.concurrent.locks.AbstractQueuedSynchronizer$ConditionObject.await(AbstractQueuedSynchronizer.java:2039)
	at java.util.concurrent.LinkedBlockingQueue.take(LinkedBlockingQueue.java:442)
	at java.util.concurrent.ThreadPoolExecutor.getTask(ThreadPoolExecutor.java:1067)
	at java.util.concurrent.ThreadPoolExecutor.runWorker(ThreadPoolExecutor.java:1127)
	at java.util.concurrent.ThreadPoolExecutor$Worker.run(ThreadPoolExecutor.java:617)
	at java.lang.Thread.run(Thread.java:745)
Thread main-SendThread(127.0.0.1:27380)
	at sun.nio.ch.WindowsSelectorImpl$SubSelector.poll0(Native Method)
	at sun.nio.ch.WindowsSelectorImpl$SubSelector.poll(WindowsSelectorImpl.java:296)
	at sun.nio.ch.WindowsSelectorImpl$SubSelector.access$400(WindowsSelectorImpl.java:278)
	at sun.nio.ch.WindowsSelectorImpl.doSelect(WindowsSelectorImpl.java:159)
	at sun.nio.ch.SelectorImpl.lockAndDoSelect(SelectorImpl.java:86)
	at sun.nio.ch.SelectorImpl.select(SelectorImpl.java:97)
	at org.apache.zookeeper.ClientCnxnSocketNIO.doTransport(ClientCnxnSocketNIO.java:332)
	at org.apache.zookeeper.ClientCnxn$SendThread.run(ClientCnxn.java:1280)
Thread WorkerSender[myid=2]
	at sun.misc.Unsafe.park(Native Method)
	at java.util.concurrent.locks.LockSupport.parkNanos(LockSupport.java:215)
	at java.util.concurrent.locks.AbstractQueuedSynchronizer$ConditionObject.awaitNanos(AbstractQueuedSynchronizer.java:2078)
	at java.util.concurrent.LinkedBlockingQueue.poll(LinkedBlockingQueue.java:467)
	at org.apache.zookeeper.server.quorum.FastLeaderElection$Messenger$WorkerSender.run(FastLeaderElection.java:496)
	at java.lang.Thread.run(Thread.java:745)
Thread ListenerHandler-/127.0.0.1:27384
	at sun.misc.Unsafe.park(Native Method)
	at java.util.concurrent.locks.LockSupport.park(LockSupport.java:175)
	at java.util.concurrent.locks.AbstractQueuedSynchronizer$ConditionObject.await(AbstractQueuedSynchronizer.java:2039)
	at java.util.concurrent.LinkedBlockingQueue.take(LinkedBlockingQueue.java:442)
	at java.util.concurrent.ThreadPoolExecutor.getTask(ThreadPoolExecutor.java:1067)
	at java.util.concurrent.ThreadPoolExecutor.runWorker(ThreadPoolExecutor.java:1127)
	at java.util.concurrent.ThreadPoolExecutor$Worker.run(ThreadPoolExecutor.java:617)
	at java.lang.Thread.run(Thread.java:745)
Thread QuorumConnectionThread-[myid=2]-2
	at sun.misc.Unsafe.park(Native Method)
	at java.util.concurrent.locks.LockSupport.parkNanos(LockSupport.java:215)
	at java.util.concurrent.SynchronousQueue$TransferStack.awaitFulfill(SynchronousQueue.java:460)
	at java.util.concurrent.SynchronousQueue$TransferStack.transfer(SynchronousQueue.java:362)
	at java.util.concurrent.SynchronousQueue.poll(SynchronousQueue.java:941)
	at java.util.concurrent.ThreadPoolExecutor.getTask(ThreadPoolExecutor.java:1066)
	at java.util.concurrent.ThreadPoolExecutor.runWorker(ThreadPoolExecutor.java:1127)
	at java.util.concurrent.ThreadPoolExecutor$Worker.run(ThreadPoolExecutor.java:617)
	at java.lang.Thread.run(Thread.java:745)
Thread ForkJoinPool.commonPool-worker-0
	at sun.misc.Unsafe.park(Native Method)
	at java.util.concurrent.ForkJoinPool.awaitWork(ForkJoinPool.java:1756)
	at java.util.concurrent.ForkJoinPool.scan(ForkJoinPool.java:1696)
	at java.util.concurrent.ForkJoinPool.runWorker(ForkJoinPool.java:1644)
	at java.util.concurrent.ForkJoinWorkerThread.run(ForkJoinWorkerThread.java:157)
Thread main-EventThread
	at sun.misc.Unsafe.park(Native Method)
	at java.util.concurrent.locks.LockSupport.park(LockSupport.java:175)
	at java.util.concurrent.locks.AbstractQueuedSynchronizer$ConditionObject.await(AbstractQueuedSynchronizer.java:2039)
	at java.util.concurrent.LinkedBlockingQueue.take(LinkedBlockingQueue.java:442)
	at org.apache.zookeeper.ClientCnxn$EventThread.run(ClientCnxn.java:551)
Thread main-SendThread(127.0.0.1:27397)
	at java.lang.Thread.sleep(Native Method)
	at org.apache.zookeeper.client.StaticHostProvider.next(StaticHostProvider.java:362)
	at org.apache.zookeeper.ClientCnxn$SendThread.run(ClientCnxn.java:1197)
Thread NIOServerCxnFactory.SelectorThread-0
	at sun.nio.ch.WindowsSelectorImpl$SubSelector.poll0(Native Method)
	at sun.nio.ch.WindowsSelectorImpl$SubSelector.poll(WindowsSelectorImpl.java:296)
	at sun.nio.ch.WindowsSelectorImpl$SubSelector.access$400(WindowsSelectorImpl.java:278)
	at sun.nio.ch.WindowsSelectorImpl.doSelect(WindowsSelectorImpl.java:159)
	at sun.nio.ch.SelectorImpl.lockAndDoSelect(SelectorImpl.java:86)
	at sun.nio.ch.SelectorImpl.select(SelectorImpl.java:97)
	at sun.nio.ch.SelectorImpl.select(SelectorImpl.java:101)
	at org.apache.zookeeper.server.NIOServerCnxnFactory$SelectorThread.select(NIOServerCnxnFactory.java:403)
	at org.apache.zookeeper.server.NIOServerCnxnFactory$SelectorThread.run(NIOServerCnxnFactory.java:368)
Thread NIOWorkerThread-5
	at sun.misc.Unsafe.park(Native Method)
	at java.util.concurrent.locks.LockSupport.park(LockSupport.java:175)
	at java.util.concurrent.locks.AbstractQueuedSynchronizer$ConditionObject.await(AbstractQueuedSynchronizer.java:2039)
	at java.util.concurrent.LinkedBlockingQueue.take(LinkedBlockingQueue.java:442)
	at java.util.concurrent.ThreadPoolExecutor.getTask(ThreadPoolExecutor.java:1067)
	at java.util.concurrent.ThreadPoolExecutor.runWorker(ThreadPoolExecutor.java:1127)
	at java.util.concurrent.ThreadPoolExecutor$Worker.run(ThreadPoolExecutor.java:617)
	at java.lang.Thread.run(Thread.java:745)
Thread NIOServerCxnFactory.SelectorThread-0
	at sun.nio.ch.WindowsSelectorImpl$SubSelector.poll0(Native Method)
	at sun.nio.ch.WindowsSelectorImpl$SubSelector.poll(WindowsSelectorImpl.java:296)
	at sun.nio.ch.WindowsSelectorImpl$SubSelector.access$400(WindowsSelectorImpl.java:278)
	at sun.nio.ch.WindowsSelectorImpl.doSelect(WindowsSelectorImpl.java:159)
	at sun.nio.ch.SelectorImpl.lockAndDoSelect(SelectorImpl.java:86)
	at sun.nio.ch.SelectorImpl.select(SelectorImpl.java:97)
	at sun.nio.ch.SelectorImpl.select(SelectorImpl.java:101)
	at org.apache.zookeeper.server.NIOServerCnxnFactory$SelectorThread.select(NIOServerCnxnFactory.java:403)
	at org.apache.zookeeper.server.NIOServerCnxnFactory$SelectorThread.run(NIOServerCnxnFactory.java:368)
Thread ForkJoinPool.commonPool-worker-2
	at sun.misc.Unsafe.park(Native Method)
	at java.util.concurrent.ForkJoinPool.awaitWork(ForkJoinPool.java:1756)
	at java.util.concurrent.ForkJoinPool.scan(ForkJoinPool.java:1696)
	at java.util.concurrent.ForkJoinPool.runWorker(ForkJoinPool.java:1644)
	at java.util.concurrent.ForkJoinWorkerThread.run(ForkJoinWorkerThread.java:157)
Thread NIOWorkerThread-2
	at sun.misc.Unsafe.park(Native Method)
	at java.util.concurrent.locks.LockSupport.park(LockSupport.java:175)
	at java.util.concurrent.locks.AbstractQueuedSynchronizer$ConditionObject.await(AbstractQueuedSynchronizer.java:2039)
	at java.util.concurrent.LinkedBlockingQueue.take(LinkedBlockingQueue.java:442)
	at java.util.concurrent.ThreadPoolExecutor.getTask(ThreadPoolExecutor.java:1067)
	at java.util.concurrent.ThreadPoolExecutor.runWorker(ThreadPoolExecutor.java:1127)
	at java.util.concurrent.ThreadPoolExecutor$Worker.run(ThreadPoolExecutor.java:617)
	at java.lang.Thread.run(Thread.java:745)
Thread main-EventThread
	at sun.misc.Unsafe.park(Native Method)
	at java.util.concurrent.locks.LockSupport.park(LockSupport.java:175)
	at java.util.concurrent.locks.AbstractQueuedSynchronizer$ConditionObject.await(AbstractQueuedSynchronizer.java:2039)
	at java.util.concurrent.LinkedBlockingQueue.take(LinkedBlockingQueue.java:442)
	at org.apache.zookeeper.ClientCnxn$EventThread.run(ClientCnxn.java:551)
Thread NIOWorkerThread-6
	at sun.misc.Unsafe.park(Native Method)
	at java.util.concurrent.locks.LockSupport.park(LockSupport.java:175)
	at java.util.concurrent.locks.AbstractQueuedSynchronizer$ConditionObject.await(AbstractQueuedSynchronizer.java:2039)
	at java.util.concurrent.LinkedBlockingQueue.take(LinkedBlockingQueue.java:442)
	at java.util.concurrent.ThreadPoolExecutor.getTask(ThreadPoolExecutor.java:1067)
	at java.util.concurrent.ThreadPoolExecutor.runWorker(ThreadPoolExecutor.java:1127)
	at java.util.concurrent.ThreadPoolExecutor$Worker.run(ThreadPoolExecutor.java:617)
	at java.lang.Thread.run(Thread.java:745)
Thread ListenerHandler-/127.0.0.1:27394
	at sun.misc.Unsafe.park(Native Method)
	at java.util.concurrent.locks.LockSupport.park(LockSupport.java:175)
	at java.util.concurrent.locks.AbstractQueuedSynchronizer$ConditionObject.await(AbstractQueuedSynchronizer.java:2039)
	at java.util.concurrent.LinkedBlockingQueue.take(LinkedBlockingQueue.java:442)
	at java.util.concurrent.ThreadPoolExecutor.getTask(ThreadPoolExecutor.java:1067)
	at java.util.concurrent.ThreadPoolExecutor.runWorker(ThreadPoolExecutor.java:1127)
	at java.util.concurrent.ThreadPoolExecutor$Worker.run(ThreadPoolExecutor.java:617)
	at java.lang.Thread.run(Thread.java:745)
Thread NIOWorkerThread-8
	at sun.misc.Unsafe.park(Native Method)
	at java.util.concurrent.locks.LockSupport.park(LockSupport.java:175)
	at java.util.concurrent.locks.AbstractQueuedSynchronizer$ConditionObject.await(AbstractQueuedSynchronizer.java:2039)
	at java.util.concurrent.LinkedBlockingQueue.take(LinkedBlockingQueue.java:442)
	at java.util.concurrent.ThreadPoolExecutor.getTask(ThreadPoolExecutor.java:1067)
	at java.util.concurrent.ThreadPoolExecutor.runWorker(ThreadPoolExecutor.java:1127)
	at java.util.concurrent.ThreadPoolExecutor$Worker.run(ThreadPoolExecutor.java:617)
	at java.lang.Thread.run(Thread.java:745)
Thread Signal Dispatcher
Thread NIOWorkerThread-10
	at sun.misc.Unsafe.park(Native Method)
	at java.util.concurrent.locks.LockSupport.park(LockSupport.java:175)
	at java.util.concurrent.locks.AbstractQueuedSynchronizer$ConditionObject.await(AbstractQueuedSynchronizer.java:2039)
	at java.util.concurrent.LinkedBlockingQueue.take(LinkedBlockingQueue.java:442)
	at java.util.concurrent.ThreadPoolExecutor.getTask(ThreadPoolExecutor.java:1067)
	at java.util.concurrent.ThreadPoolExecutor.runWorker(ThreadPoolExecutor.java:1127)
	at java.util.concurrent.ThreadPoolExecutor$Worker.run(ThreadPoolExecutor.java:617)
	at java.lang.Thread.run(Thread.java:745)
Thread QuorumConnectionThread-[myid=2]-1
	at sun.misc.Unsafe.park(Native Method)
	at java.util.concurrent.locks.LockSupport.parkNanos(LockSupport.java:215)
	at java.util.concurrent.SynchronousQueue$TransferStack.awaitFulfill(SynchronousQueue.java:460)
	at java.util.concurrent.SynchronousQueue$TransferStack.transfer(SynchronousQueue.java:362)
	at java.util.concurrent.SynchronousQueue.poll(SynchronousQueue.java:941)
	at java.util.concurrent.ThreadPoolExecutor.getTask(ThreadPoolExecutor.java:1066)
	at java.util.concurrent.ThreadPoolExecutor.runWorker(ThreadPoolExecutor.java:1127)
	at java.util.concurrent.ThreadPoolExecutor$Worker.run(ThreadPoolExecutor.java:617)
	at java.lang.Thread.run(Thread.java:745)
Thread ListenerHandler-/127.0.0.1:27389
	at sun.misc.Unsafe.park(Native Method)
	at java.util.concurrent.locks.LockSupport.park(LockSupport.java:175)
	at java.util.concurrent.locks.AbstractQueuedSynchronizer$ConditionObject.await(AbstractQueuedSynchronizer.java:2039)
	at java.util.concurrent.LinkedBlockingQueue.take(LinkedBlockingQueue.java:442)
	at java.util.concurrent.ThreadPoolExecutor.getTask(ThreadPoolExecutor.java:1067)
	at java.util.concurrent.ThreadPoolExecutor.runWorker(ThreadPoolExecutor.java:1127)
	at java.util.concurrent.ThreadPoolExecutor$Worker.run(ThreadPoolExecutor.java:617)
	at java.lang.Thread.run(Thread.java:745)
Thread NIOWorkerThread-3
	at sun.misc.Unsafe.park(Native Method)
	at java.util.concurrent.locks.LockSupport.park(LockSupport.java:175)
	at java.util.concurrent.locks.AbstractQueuedSynchronizer$ConditionObject.await(AbstractQueuedSynchronizer.java:2039)
	at java.util.concurrent.LinkedBlockingQueue.take(LinkedBlockingQueue.java:442)
	at java.util.concurrent.ThreadPoolExecutor.getTask(ThreadPoolExecutor.java:1067)
	at java.util.concurrent.ThreadPoolExecutor.runWorker(ThreadPoolExecutor.java:1127)
	at java.util.concurrent.ThreadPoolExecutor$Worker.run(ThreadPoolExecutor.java:617)
	at java.lang.Thread.run(Thread.java:745)
Thread Thread-18
	at java.lang.Object.wait(Native Method)
	at java.lang.Thread.join(Thread.java:1245)
	at java.lang.Thread.join(Thread.java:1319)
	at org.apache.zookeeper.server.quorum.QuorumPeerMain.runFromConfig(QuorumPeerMain.java:231)
	at org.apache.zookeeper.server.quorum.QuorumPeerMain.initializeAndRun(QuorumPeerMain.java:137)
	at org.apache.zookeeper.server.quorum.QuorumPeerTestBase$MainThread.run(QuorumPeerTestBase.java:329)
	at java.lang.Thread.run(Thread.java:745)
Thread ListenerHandler-/127.0.0.1:27389
	at sun.misc.Unsafe.park(Native Method)
	at java.util.concurrent.locks.LockSupport.park(LockSupport.java:175)
	at java.util.concurrent.locks.AbstractQueuedSynchronizer$ConditionObject.await(AbstractQueuedSynchronizer.java:2039)
	at java.util.concurrent.LinkedBlockingQueue.take(LinkedBlockingQueue.java:442)
	at java.util.concurrent.ThreadPoolExecutor.getTask(ThreadPoolExecutor.java:1067)
	at java.util.concurrent.ThreadPoolExecutor.runWorker(ThreadPoolExecutor.java:1127)
	at java.util.concurrent.ThreadPoolExecutor$Worker.run(ThreadPoolExecutor.java:617)
	at java.lang.Thread.run(Thread.java:745)
Thread NIOServerCxnFactory.SelectorThread-0
	at sun.nio.ch.WindowsSelectorImpl$SubSelector.poll0(Native Method)
	at sun.nio.ch.WindowsSelectorImpl$SubSelector.poll(WindowsSelectorImpl.java:296)
	at sun.nio.ch.WindowsSelectorImpl$SubSelector.access$400(WindowsSelectorImpl.java:278)
	at sun.nio.ch.WindowsSelectorImpl.doSelect(WindowsSelectorImpl.java:159)
	at sun.nio.ch.SelectorImpl.lockAndDoSelect(SelectorImpl.java:86)
	at sun.nio.ch.SelectorImpl.select(SelectorImpl.java:97)
	at sun.nio.ch.SelectorImpl.select(SelectorImpl.java:101)
	at org.apache.zookeeper.server.NIOServerCnxnFactory$SelectorThread.select(NIOServerCnxnFactory.java:403)
	at org.apache.zookeeper.server.NIOServerCnxnFactory$SelectorThread.run(NIOServerCnxnFactory.java:368)
Thread QuorumPeerListener
	at sun.misc.Unsafe.park(Native Method)
	at java.util.concurrent.locks.LockSupport.park(LockSupport.java:175)
	at java.util.concurrent.locks.AbstractQueuedSynchronizer.parkAndCheckInterrupt(AbstractQueuedSynchronizer.java:836)
	at java.util.concurrent.locks.AbstractQueuedSynchronizer.doAcquireSharedInterruptibly(AbstractQueuedSynchronizer.java:997)
	at java.util.concurrent.locks.AbstractQueuedSynchronizer.acquireSharedInterruptibly(AbstractQueuedSynchronizer.java:1304)
	at java.util.concurrent.CountDownLatch.await(CountDownLatch.java:231)
	at org.apache.zookeeper.server.quorum.QuorumCnxManager$Listener.run(QuorumCnxManager.java:964)
Thread ListenerHandler-/127.0.0.1:27392
	at sun.misc.Unsafe.park(Native Method)
	at java.util.concurrent.locks.LockSupport.park(LockSupport.java:175)
	at java.util.concurrent.locks.AbstractQueuedSynchronizer$ConditionObject.await(AbstractQueuedSynchronizer.java:2039)
	at java.util.concurrent.LinkedBlockingQueue.take(LinkedBlockingQueue.java:442)
	at java.util.concurrent.ThreadPoolExecutor.getTask(ThreadPoolExecutor.java:1067)
	at java.util.concurrent.ThreadPoolExecutor.runWorker(ThreadPoolExecutor.java:1127)
	at java.util.concurrent.ThreadPoolExecutor$Worker.run(ThreadPoolExecutor.java:617)
	at java.lang.Thread.run(Thread.java:745)
Thread NIOWorkerThread-9
	at sun.misc.Unsafe.park(Native Method)
	at java.util.concurrent.locks.LockSupport.park(LockSupport.java:175)
	at java.util.concurrent.locks.AbstractQueuedSynchronizer$ConditionObject.await(AbstractQueuedSynchronizer.java:2039)
	at java.util.concurrent.LinkedBlockingQueue.take(LinkedBlockingQueue.java:442)
	at java.util.concurrent.ThreadPoolExecutor.getTask(ThreadPoolExecutor.java:1067)
	at java.util.concurrent.ThreadPoolExecutor.runWorker(ThreadPoolExecutor.java:1127)
	at java.util.concurrent.ThreadPoolExecutor$Worker.run(ThreadPoolExecutor.java:617)
	at java.lang.Thread.run(Thread.java:745)
Thread ConnnectionExpirer
	at java.lang.Thread.sleep(Native Method)
	at org.apache.zookeeper.server.NIOServerCnxnFactory$ConnectionExpirerThread.run(NIOServerCnxnFactory.java:554)
Thread ListenerHandler-/127.0.0.1:27404
	at java.net.DualStackPlainSocketImpl.accept0(Native Method)
	at java.net.DualStackPlainSocketImpl.socketAccept(DualStackPlainSocketImpl.java:131)
	at java.net.AbstractPlainSocketImpl.accept(AbstractPlainSocketImpl.java:404)
	at java.net.PlainSocketImpl.accept(PlainSocketImpl.java:199)
	at java.net.ServerSocket.implAccept(ServerSocket.java:545)
	at java.net.ServerSocket.accept(ServerSocket.java:513)
	at org.apache.zookeeper.server.quorum.QuorumCnxManager$Listener$ListenerHandler.acceptConnections(QuorumCnxManager.java:1069)
	at org.apache.zookeeper.server.quorum.QuorumCnxManager$Listener$ListenerHandler.run(QuorumCnxManager.java:1034)
	at java.util.concurrent.Executors$RunnableAdapter.call(Executors.java:511)
	at java.util.concurrent.FutureTask.run(FutureTask.java:266)
	at java.util.concurrent.ThreadPoolExecutor.runWorker(ThreadPoolExecutor.java:1142)
	at java.util.concurrent.ThreadPoolExecutor$Worker.run(ThreadPoolExecutor.java:617)
	at java.lang.Thread.run(Thread.java:745)
Thread ListenerHandler-/127.0.0.1:27384
	at sun.misc.Unsafe.park(Native Method)
	at java.util.concurrent.locks.LockSupport.park(LockSupport.java:175)
	at java.util.concurrent.locks.AbstractQueuedSynchronizer$ConditionObject.await(AbstractQueuedSynchronizer.java:2039)
	at java.util.concurrent.LinkedBlockingQueue.take(LinkedBlockingQueue.java:442)
	at java.util.concurrent.ThreadPoolExecutor.getTask(ThreadPoolExecutor.java:1067)
	at java.util.concurrent.ThreadPoolExecutor.runWorker(ThreadPoolExecutor.java:1127)
	at java.util.concurrent.ThreadPoolExecutor$Worker.run(ThreadPoolExecutor.java:617)
	at java.lang.Thread.run(Thread.java:745)
Thread NIOWorkerThread-5
	at sun.misc.Unsafe.park(Native Method)
	at java.util.concurrent.locks.LockSupport.park(LockSupport.java:175)
	at java.util.concurrent.locks.AbstractQueuedSynchronizer$ConditionObject.await(AbstractQueuedSynchronizer.java:2039)
	at java.util.concurrent.LinkedBlockingQueue.take(LinkedBlockingQueue.java:442)
	at java.util.concurrent.ThreadPoolExecutor.getTask(ThreadPoolExecutor.java:1067)
	at java.util.concurrent.ThreadPoolExecutor.runWorker(ThreadPoolExecutor.java:1127)
	at java.util.concurrent.ThreadPoolExecutor$Worker.run(ThreadPoolExecutor.java:617)
	at java.lang.Thread.run(Thread.java:745)
Thread QuorumConnectionThread-[myid=1]-3
	at sun.misc.Unsafe.park(Native Method)
	at java.util.concurrent.locks.LockSupport.parkNanos(LockSupport.java:215)
	at java.util.concurrent.SynchronousQueue$TransferStack.awaitFulfill(SynchronousQueue.java:460)
	at java.util.concurrent.SynchronousQueue$TransferStack.transfer(SynchronousQueue.java:362)
	at java.util.concurrent.SynchronousQueue.poll(SynchronousQueue.java:941)
	at java.util.concurrent.ThreadPoolExecutor.getTask(ThreadPoolExecutor.java:1066)
	at java.util.concurrent.ThreadPoolExecutor.runWorker(ThreadPoolExecutor.java:1127)
	at java.util.concurrent.ThreadPoolExecutor$Worker.run(ThreadPoolExecutor.java:617)
	at java.lang.Thread.run(Thread.java:745)
Thread QuorumPeer[myid=1](plain=[0:0:0:0:0:0:0:0]:27402)(secure=disabled)
	at sun.misc.Unsafe.park(Native Method)
	at java.util.concurrent.locks.LockSupport.parkNanos(LockSupport.java:215)
	at java.util.concurrent.locks.AbstractQueuedSynchronizer$ConditionObject.awaitNanos(AbstractQueuedSynchronizer.java:2078)
	at java.util.concurrent.LinkedBlockingQueue.poll(LinkedBlockingQueue.java:467)
	at org.apache.zookeeper.server.quorum.FastLeaderElection.lookForLeader(FastLeaderElection.java:966)
	at org.apache.zookeeper.server.quorum.QuorumPeer.run(QuorumPeer.java:1484)
Thread NIOWorkerThread-3
	at sun.misc.Unsafe.park(Native Method)
	at java.util.concurrent.locks.LockSupport.park(LockSupport.java:175)
	at java.util.concurrent.locks.AbstractQueuedSynchronizer$ConditionObject.await(AbstractQueuedSynchronizer.java:2039)
	at java.util.concurrent.LinkedBlockingQueue.take(LinkedBlockingQueue.java:442)
	at java.util.concurrent.ThreadPoolExecutor.getTask(ThreadPoolExecutor.java:1067)
	at java.util.concurrent.ThreadPoolExecutor.runWorker(ThreadPoolExecutor.java:1127)
	at java.util.concurrent.ThreadPoolExecutor$Worker.run(ThreadPoolExecutor.java:617)
	at java.lang.Thread.run(Thread.java:745)
Thread ListenerHandler-/127.0.0.1:27392
	at sun.misc.Unsafe.park(Native Method)
	at java.util.concurrent.locks.LockSupport.park(LockSupport.java:175)
	at java.util.concurrent.locks.AbstractQueuedSynchronizer$ConditionObject.await(AbstractQueuedSynchronizer.java:2039)
	at java.util.concurrent.LinkedBlockingQueue.take(LinkedBlockingQueue.java:442)
	at java.util.concurrent.ThreadPoolExecutor.getTask(ThreadPoolExecutor.java:1067)
	at java.util.concurrent.ThreadPoolExecutor.runWorker(ThreadPoolExecutor.java:1127)
	at java.util.concurrent.ThreadPoolExecutor$Worker.run(ThreadPoolExecutor.java:617)
	at java.lang.Thread.run(Thread.java:745)
Thread ListenerHandler-/127.0.0.1:27387
	at sun.misc.Unsafe.park(Native Method)
	at java.util.concurrent.locks.LockSupport.park(LockSupport.java:175)
	at java.util.concurrent.locks.AbstractQueuedSynchronizer$ConditionObject.await(AbstractQueuedSynchronizer.java:2039)
	at java.util.concurrent.LinkedBlockingQueue.take(LinkedBlockingQueue.java:442)
	at java.util.concurrent.ThreadPoolExecutor.getTask(ThreadPoolExecutor.java:1067)
	at java.util.concurrent.ThreadPoolExecutor.runWorker(ThreadPoolExecutor.java:1127)
	at java.util.concurrent.ThreadPoolExecutor$Worker.run(ThreadPoolExecutor.java:617)
	at java.lang.Thread.run(Thread.java:745)
Thread QuorumPeerListener
	at sun.misc.Unsafe.park(Native Method)
	at java.util.concurrent.locks.LockSupport.park(LockSupport.java:175)
	at java.util.concurrent.locks.AbstractQueuedSynchronizer.parkAndCheckInterrupt(AbstractQueuedSynchronizer.java:836)
	at java.util.concurrent.locks.AbstractQueuedSynchronizer.doAcquireSharedInterruptibly(AbstractQueuedSynchronizer.java:997)
	at java.util.concurrent.locks.AbstractQueuedSynchronizer.acquireSharedInterruptibly(AbstractQueuedSynchronizer.java:1304)
	at java.util.concurrent.CountDownLatch.await(CountDownLatch.java:231)
	at org.apache.zookeeper.server.quorum.QuorumCnxManager$Listener.run(QuorumCnxManager.java:964)
Thread NIOWorkerThread-4
	at sun.misc.Unsafe.park(Native Method)
	at java.util.concurrent.locks.LockSupport.park(LockSupport.java:175)
	at java.util.concurrent.locks.AbstractQueuedSynchronizer$ConditionObject.await(AbstractQueuedSynchronizer.java:2039)
	at java.util.concurrent.LinkedBlockingQueue.take(LinkedBlockingQueue.java:442)
	at java.util.concurrent.ThreadPoolExecutor.getTask(ThreadPoolExecutor.java:1067)
	at java.util.concurrent.ThreadPoolExecutor.runWorker(ThreadPoolExecutor.java:1127)
	at java.util.concurrent.ThreadPoolExecutor$Worker.run(ThreadPoolExecutor.java:617)
	at java.lang.Thread.run(Thread.java:745)
Thread NIOWorkerThread-5
	at sun.misc.Unsafe.park(Native Method)
	at java.util.concurrent.locks.LockSupport.park(LockSupport.java:175)
	at java.util.concurrent.locks.AbstractQueuedSynchronizer$ConditionObject.await(AbstractQueuedSynchronizer.java:2039)
	at java.util.concurrent.LinkedBlockingQueue.take(LinkedBlockingQueue.java:442)
	at java.util.concurrent.ThreadPoolExecutor.getTask(ThreadPoolExecutor.java:1067)
	at java.util.concurrent.ThreadPoolExecutor.runWorker(ThreadPoolExecutor.java:1127)
	at java.util.concurrent.ThreadPoolExecutor$Worker.run(ThreadPoolExecutor.java:617)
	at java.lang.Thread.run(Thread.java:745)
Thread NIOWorkerThread-2
	at sun.misc.Unsafe.park(Native Method)
	at java.util.concurrent.locks.LockSupport.park(LockSupport.java:175)
	at java.util.concurrent.locks.AbstractQueuedSynchronizer$ConditionObject.await(AbstractQueuedSynchronizer.java:2039)
	at java.util.concurrent.LinkedBlockingQueue.take(LinkedBlockingQueue.java:442)
	at java.util.concurrent.ThreadPoolExecutor.getTask(ThreadPoolExecutor.java:1067)
	at java.util.concurrent.ThreadPoolExecutor.runWorker(ThreadPoolExecutor.java:1127)
	at java.util.concurrent.ThreadPoolExecutor$Worker.run(ThreadPoolExecutor.java:617)
	at java.lang.Thread.run(Thread.java:745)
Thread surefire-forkedjvm-command-thread
	at java.io.FileInputStream.readBytes(Native Method)
	at java.io.FileInputStream.read(FileInputStream.java:246)
	at java.io.BufferedInputStream.fill(BufferedInputStream.java:246)
	at java.io.BufferedInputStream.read(BufferedInputStream.java:265)
	at java.io.DataInputStream.readInt(DataInputStream.java:387)
	at org.apache.maven.surefire.booter.MasterProcessCommand.decode(MasterProcessCommand.java:115)
	at org.apache.maven.surefire.booter.CommandReader$CommandRunnable.run(CommandReader.java:391)
	at java.lang.Thread.run(Thread.java:745)
Thread ConnnectionExpirer
	at java.lang.Thread.sleep(Native Method)
	at org.apache.zookeeper.server.NIOServerCnxnFactory$ConnectionExpirerThread.run(NIOServerCnxnFactory.java:554)
Thread SyncThread:0
	at sun.misc.Unsafe.park(Native Method)
	at java.util.concurrent.locks.LockSupport.park(LockSupport.java:175)
	at java.util.concurrent.locks.AbstractQueuedSynchronizer$ConditionObject.await(AbstractQueuedSynchronizer.java:2039)
	at java.util.concurrent.LinkedBlockingQueue.take(LinkedBlockingQueue.java:442)
	at org.apache.zookeeper.server.SyncRequestProcessor.run(SyncRequestProcessor.java:170)
Thread NIOWorkerThread-11
	at sun.misc.Unsafe.park(Native Method)
	at java.util.concurrent.locks.LockSupport.park(LockSupport.java:175)
	at java.util.concurrent.locks.AbstractQueuedSynchronizer$ConditionObject.await(AbstractQueuedSynchronizer.java:2039)
	at java.util.concurrent.LinkedBlockingQueue.take(LinkedBlockingQueue.java:442)
	at java.util.concurrent.ThreadPoolExecutor.getTask(ThreadPoolExecutor.java:1067)
	at java.util.concurrent.ThreadPoolExecutor.runWorker(ThreadPoolExecutor.java:1127)
	at java.util.concurrent.ThreadPoolExecutor$Worker.run(ThreadPoolExecutor.java:617)
	at java.lang.Thread.run(Thread.java:745)
Thread NIOWorkerThread-8
	at sun.misc.Unsafe.park(Native Method)
	at java.util.concurrent.locks.LockSupport.park(LockSupport.java:175)
	at java.util.concurrent.locks.AbstractQueuedSynchronizer$ConditionObject.await(AbstractQueuedSynchronizer.java:2039)
	at java.util.concurrent.LinkedBlockingQueue.take(LinkedBlockingQueue.java:442)
	at java.util.concurrent.ThreadPoolExecutor.getTask(ThreadPoolExecutor.java:1067)
	at java.util.concurrent.ThreadPoolExecutor.runWorker(ThreadPoolExecutor.java:1127)
	at java.util.concurrent.ThreadPoolExecutor$Worker.run(ThreadPoolExecutor.java:617)
	at java.lang.Thread.run(Thread.java:745)
Thread NIOWorkerThread-12
	at sun.misc.Unsafe.park(Native Method)
	at java.util.concurrent.locks.LockSupport.park(LockSupport.java:175)
	at java.util.concurrent.locks.AbstractQueuedSynchronizer$ConditionObject.await(AbstractQueuedSynchronizer.java:2039)
	at java.util.concurrent.LinkedBlockingQueue.take(LinkedBlockingQueue.java:442)
	at java.util.concurrent.ThreadPoolExecutor.getTask(ThreadPoolExecutor.java:1067)
	at java.util.concurrent.ThreadPoolExecutor.runWorker(ThreadPoolExecutor.java:1127)
	at java.util.concurrent.ThreadPoolExecutor$Worker.run(ThreadPoolExecutor.java:617)
	at java.lang.Thread.run(Thread.java:745)
Thread main-SendThread(127.0.0.1:27407)
	at java.lang.Thread.sleep(Native Method)
	at org.apache.zookeeper.client.StaticHostProvider.next(StaticHostProvider.java:362)
	at org.apache.zookeeper.ClientCnxn$SendThread.run(ClientCnxn.java:1197)
Thread ListenerHandler-/127.0.0.1:27382
	at sun.misc.Unsafe.park(Native Method)
	at java.util.concurrent.locks.LockSupport.park(LockSupport.java:175)
	at java.util.concurrent.locks.AbstractQueuedSynchronizer$ConditionObject.await(AbstractQueuedSynchronizer.java:2039)
	at java.util.concurrent.LinkedBlockingQueue.take(LinkedBlockingQueue.java:442)
	at java.util.concurrent.ThreadPoolExecutor.getTask(ThreadPoolExecutor.java:1067)
	at java.util.concurrent.ThreadPoolExecutor.runWorker(ThreadPoolExecutor.java:1127)
	at java.util.concurrent.ThreadPoolExecutor$Worker.run(ThreadPoolExecutor.java:617)
	at java.lang.Thread.run(Thread.java:745)
Thread QuorumConnectionThread-[myid=0]-2
	at sun.misc.Unsafe.park(Native Method)
	at java.util.concurrent.locks.LockSupport.parkNanos(LockSupport.java:215)
	at java.util.concurrent.SynchronousQueue$TransferStack.awaitFulfill(SynchronousQueue.java:460)
	at java.util.concurrent.SynchronousQueue$TransferStack.transfer(SynchronousQueue.java:362)
	at java.util.concurrent.SynchronousQueue.poll(SynchronousQueue.java:941)
	at java.util.concurrent.ThreadPoolExecutor.getTask(ThreadPoolExecutor.java:1066)
	at java.util.concurrent.ThreadPoolExecutor.runWorker(ThreadPoolExecutor.java:1127)
	at java.util.concurrent.ThreadPoolExecutor$Worker.run(ThreadPoolExecutor.java:617)
	at java.lang.Thread.run(Thread.java:745)
Thread main-EventThread
	at sun.misc.Unsafe.park(Native Method)
	at java.util.concurrent.locks.LockSupport.park(LockSupport.java:175)
	at java.util.concurrent.locks.AbstractQueuedSynchronizer$ConditionObject.await(AbstractQueuedSynchronizer.java:2039)
	at java.util.concurrent.LinkedBlockingQueue.take(LinkedBlockingQueue.java:442)
	at org.apache.zookeeper.ClientCnxn$EventThread.run(ClientCnxn.java:551)
Ending logAllStackTraces()

2021-11-08 11:11:12,709 [myid:] - INFO  [main:QuorumBase@422] - Shutting down quorum peer QuorumPeer[myid=0](plain=[0:0:0:0:0:0:0:0]:27397)(secure=disabled)
2021-11-08 11:11:12,710 [myid:0] - INFO  [NIOServerCxnFactory.SelectorThread-0:NIOServerCnxnFactory$SelectorThread@397] - selector thread exitted run method
2021-11-08 11:11:12,710 [myid:0] - INFO  [NIOServerCxnFactory.AcceptThread:/0.0.0.0:27397:NIOServerCnxnFactory$AcceptThread@195] - accept thread exitted run method
2021-11-08 11:11:12,711 [myid:0] - INFO  [ConnnectionExpirer:NIOServerCnxnFactory$ConnectionExpirerThread@564] - ConnnectionExpirerThread interrupted
2021-11-08 11:11:12,713 [myid:0] - INFO  [QuorumPeerListener:QuorumCnxManager$Listener@980] - Leaving listener
2021-11-08 11:11:12,713 [myid:] - INFO  [main:QuorumBase@426] - Shutting down leader election QuorumPeer[myid=0](plain=[0:0:0:0:0:0:0:0]:27397)(secure=disabled)
2021-11-08 11:11:12,714 [myid:] - INFO  [main:QuorumBase@431] - Waiting for QuorumPeer[myid=0](plain=[0:0:0:0:0:0:0:0]:27397)(secure=disabled) to exit thread
2021-11-08 11:11:12,714 [myid:0] - WARN  [QuorumPeer[myid=0](plain=[0:0:0:0:0:0:0:0]:27397)(secure=disabled):QuorumPeer@1486] - Unexpected exception
java.lang.InterruptedException
	at java.util.concurrent.locks.AbstractQueuedSynchronizer$ConditionObject.reportInterruptAfterWait(AbstractQueuedSynchronizer.java:2014)
	at java.util.concurrent.locks.AbstractQueuedSynchronizer$ConditionObject.awaitNanos(AbstractQueuedSynchronizer.java:2088)
	at java.util.concurrent.LinkedBlockingQueue.poll(LinkedBlockingQueue.java:467)
	at org.apache.zookeeper.server.quorum.FastLeaderElection.lookForLeader(FastLeaderElection.java:966)
	at org.apache.zookeeper.server.quorum.QuorumPeer.run(QuorumPeer.java:1484)
2021-11-08 11:11:12,714 [myid:0] - INFO  [QuorumPeer[myid=0](plain=[0:0:0:0:0:0:0:0]:27397)(secure=disabled):QuorumPeer@915] - Peer state changed: looking
2021-11-08 11:11:12,714 [myid:0] - WARN  [QuorumPeer[myid=0](plain=[0:0:0:0:0:0:0:0]:27397)(secure=disabled):QuorumPeer@1545] - QuorumPeer main thread exited
2021-11-08 11:11:12,715 [myid:] - INFO  [main:QuorumBase@422] - Shutting down quorum peer QuorumPeer[myid=1](plain=[0:0:0:0:0:0:0:0]:27402)(secure=disabled)
2021-11-08 11:11:12,715 [myid:1] - INFO  [NIOServerCxnFactory.SelectorThread-0:NIOServerCnxnFactory$SelectorThread@397] - selector thread exitted run method
2021-11-08 11:11:12,715 [myid:1] - INFO  [NIOServerCxnFactory.AcceptThread:/0.0.0.0:27402:NIOServerCnxnFactory$AcceptThread@195] - accept thread exitted run method
2021-11-08 11:11:12,719 [myid:1] - INFO  [ConnnectionExpirer:NIOServerCnxnFactory$ConnectionExpirerThread@564] - ConnnectionExpirerThread interrupted
2021-11-08 11:11:12,721 [myid:1] - WARN  [QuorumPeer[myid=1](plain=[0:0:0:0:0:0:0:0]:27402)(secure=disabled):QuorumPeer@1486] - Unexpected exception
java.lang.InterruptedException
	at java.util.concurrent.locks.AbstractQueuedSynchronizer$ConditionObject.reportInterruptAfterWait(AbstractQueuedSynchronizer.java:2014)
	at java.util.concurrent.locks.AbstractQueuedSynchronizer$ConditionObject.awaitNanos(AbstractQueuedSynchronizer.java:2088)
	at java.util.concurrent.LinkedBlockingQueue.poll(LinkedBlockingQueue.java:467)
	at org.apache.zookeeper.server.quorum.FastLeaderElection.lookForLeader(FastLeaderElection.java:966)
	at org.apache.zookeeper.server.quorum.QuorumPeer.run(QuorumPeer.java:1484)
2021-11-08 11:11:12,721 [myid:1] - INFO  [QuorumPeer[myid=1](plain=[0:0:0:0:0:0:0:0]:27402)(secure=disabled):QuorumPeer@915] - Peer state changed: looking
2021-11-08 11:11:12,721 [myid:1] - WARN  [QuorumPeer[myid=1](plain=[0:0:0:0:0:0:0:0]:27402)(secure=disabled):QuorumPeer@1545] - QuorumPeer main thread exited
2021-11-08 11:11:12,721 [myid:1] - INFO  [QuorumPeerListener:QuorumCnxManager$Listener@980] - Leaving listener
2021-11-08 11:11:12,722 [myid:] - INFO  [main:QuorumBase@426] - Shutting down leader election QuorumPeer[myid=1](plain=[0:0:0:0:0:0:0:0]:27402)(secure=disabled)
2021-11-08 11:11:12,722 [myid:] - INFO  [main:QuorumBase@431] - Waiting for QuorumPeer[myid=1](plain=[0:0:0:0:0:0:0:0]:27402)(secure=disabled) to exit thread
2021-11-08 11:11:12,722 [myid:] - INFO  [main:QuorumBase@422] - Shutting down quorum peer QuorumPeer[myid=2](plain=[0:0:0:0:0:0:0:0]:27407)(secure=disabled)
2021-11-08 11:11:12,723 [myid:2] - INFO  [NIOServerCxnFactory.AcceptThread:/0.0.0.0:27407:NIOServerCnxnFactory$AcceptThread@195] - accept thread exitted run method
2021-11-08 11:11:12,723 [myid:2] - INFO  [NIOServerCxnFactory.SelectorThread-0:NIOServerCnxnFactory$SelectorThread@397] - selector thread exitted run method
2021-11-08 11:11:12,723 [myid:2] - INFO  [ConnnectionExpirer:NIOServerCnxnFactory$ConnectionExpirerThread@564] - ConnnectionExpirerThread interrupted
2021-11-08 11:11:12,726 [myid:2] - WARN  [QuorumPeer[myid=2](plain=[0:0:0:0:0:0:0:0]:27407)(secure=disabled):QuorumPeer@1486] - Unexpected exception
java.lang.InterruptedException
	at java.util.concurrent.locks.AbstractQueuedSynchronizer$ConditionObject.reportInterruptAfterWait(AbstractQueuedSynchronizer.java:2014)
	at java.util.concurrent.locks.AbstractQueuedSynchronizer$ConditionObject.awaitNanos(AbstractQueuedSynchronizer.java:2088)
	at java.util.concurrent.LinkedBlockingQueue.poll(LinkedBlockingQueue.java:467)
	at org.apache.zookeeper.server.quorum.FastLeaderElection.lookForLeader(FastLeaderElection.java:966)
	at org.apache.zookeeper.server.quorum.QuorumPeer.run(QuorumPeer.java:1484)
2021-11-08 11:11:12,726 [myid:2] - INFO  [QuorumPeer[myid=2](plain=[0:0:0:0:0:0:0:0]:27407)(secure=disabled):QuorumPeer@915] - Peer state changed: looking
2021-11-08 11:11:12,726 [myid:2] - WARN  [QuorumPeer[myid=2](plain=[0:0:0:0:0:0:0:0]:27407)(secure=disabled):QuorumPeer@1545] - QuorumPeer main thread exited
2021-11-08 11:11:12,727 [myid:2] - INFO  [QuorumPeerListener:QuorumCnxManager$Listener@980] - Leaving listener
2021-11-08 11:11:12,727 [myid:] - INFO  [main:QuorumBase@426] - Shutting down leader election QuorumPeer[myid=2](plain=[0:0:0:0:0:0:0:0]:27407)(secure=disabled)
2021-11-08 11:11:12,727 [myid:] - INFO  [main:QuorumBase@431] - Waiting for QuorumPeer[myid=2](plain=[0:0:0:0:0:0:0:0]:27407)(secure=disabled) to exit thread
2021-11-08 11:11:12,728 [myid:] - INFO  [main:ZKTestCase@82] - FINISHED Optional[public void org.apache.zookeeper.server.quorum.QuorumPeerMainMultiAddressTest.shouldStartClusterWhenSomeAddressesAreUnreachable() throws java.lang.Exception]
]]></system-out>
  </testcase>
  <testcase name="shouldStartClusterWhenSomeAddressesAreUnreachable_IPv6" classname="org.apache.zookeeper.server.quorum.QuorumPeerMainMultiAddressTest" time="30.107">
    <error message="Waiting too long" type="java.lang.RuntimeException">java.lang.RuntimeException: Waiting too long
	at org.apache.zookeeper.server.quorum.QuorumPeerTestBase.waitForAll(QuorumPeerTestBase.java:553)
	at org.apache.zookeeper.server.quorum.QuorumPeerTestBase.waitForAll(QuorumPeerTestBase.java:543)
	at org.apache.zookeeper.server.quorum.QuorumPeerMainMultiAddressTest.launchServers(QuorumPeerMainMultiAddressTest.java:284)
	at org.apache.zookeeper.server.quorum.QuorumPeerMainMultiAddressTest.shouldStartClusterWhenSomeAddressesAreUnreachable(QuorumPeerMainMultiAddressTest.java:115)
	at org.apache.zookeeper.server.quorum.QuorumPeerMainMultiAddressTest.shouldStartClusterWhenSomeAddressesAreUnreachable_IPv6(QuorumPeerMainMultiAddressTest.java:125)
</error>
    <system-out><![CDATA[2021-11-08 11:11:12,734 [myid:] - INFO  [main:ZKTestCase@77] - STARTING Optional[public void org.apache.zookeeper.server.quorum.QuorumPeerMainMultiAddressTest.shouldStartClusterWhenSomeAddressesAreUnreachable_IPv6() throws java.lang.Exception]
2021-11-08 11:11:12,735 [myid:] - INFO  [main:PortAssignment@87] - Assigned port 27412 from range 27379 - 30071.
2021-11-08 11:11:12,735 [myid:] - INFO  [main:PortAssignment@87] - Assigned port 27413 from range 27379 - 30071.
2021-11-08 11:11:12,735 [myid:] - INFO  [main:PortAssignment@87] - Assigned port 27414 from range 27379 - 30071.
2021-11-08 11:11:12,735 [myid:] - INFO  [main:PortAssignment@87] - Assigned port 27415 from range 27379 - 30071.
2021-11-08 11:11:12,736 [myid:] - INFO  [main:PortAssignment@87] - Assigned port 27416 from range 27379 - 30071.
2021-11-08 11:11:12,736 [myid:] - INFO  [main:PortAssignment@87] - Assigned port 27417 from range 27379 - 30071.
2021-11-08 11:11:12,736 [myid:] - INFO  [main:PortAssignment@87] - Assigned port 27418 from range 27379 - 30071.
2021-11-08 11:11:12,737 [myid:] - INFO  [main:PortAssignment@87] - Assigned port 27419 from range 27379 - 30071.
2021-11-08 11:11:12,737 [myid:] - INFO  [main:PortAssignment@87] - Assigned port 27420 from range 27379 - 30071.
2021-11-08 11:11:12,737 [myid:] - INFO  [main:PortAssignment@87] - Assigned port 27421 from range 27379 - 30071.
2021-11-08 11:11:12,737 [myid:] - INFO  [main:PortAssignment@87] - Assigned port 27422 from range 27379 - 30071.
2021-11-08 11:11:12,738 [myid:] - INFO  [main:PortAssignment@87] - Assigned port 27423 from range 27379 - 30071.
2021-11-08 11:11:12,738 [myid:] - INFO  [main:PortAssignment@87] - Assigned port 27424 from range 27379 - 30071.
2021-11-08 11:11:12,738 [myid:] - INFO  [main:PortAssignment@87] - Assigned port 27425 from range 27379 - 30071.
2021-11-08 11:11:12,738 [myid:] - INFO  [main:PortAssignment@87] - Assigned port 27426 from range 27379 - 30071.
2021-11-08 11:11:12,739 [myid:] - INFO  [main:QuorumPeerMainMultiAddressTest@277] - starting server 0 with quorum config:
server.0=[0:0:0:0:0:0:0:1]:27413:27414|invalid.hostname.unreachable.com:27415:27416;27412
server.1=[0:0:0:0:0:0:0:1]:27418:27419|invalid.hostname.unreachable.com:27420:27421;27417
server.2=[0:0:0:0:0:0:0:1]:27423:27424|invalid.hostname.unreachable.com:27425:27426;27422
2021-11-08 11:11:12,742 [myid:] - INFO  [main:QuorumPeerTestBase$MainThread@122] - id = 0 tmpDir = D:\mysoft\faiscoGit\myStudy\ZooKeeperLearning\apache-zookeeper-3.7.0\zookeeper-server\target\surefire\test3373574138025078394.junit.dir clientPort = 27412
2021-11-08 11:11:12,746 [myid:] - INFO  [main:ZooKeeper@637] - Initiating client connection, connectString=127.0.0.1:27412 sessionTimeout=30000 watcher=org.apache.zookeeper.server.quorum.QuorumPeerMainMultiAddressTest@130d63be
2021-11-08 11:11:12,747 [myid:] - INFO  [main:ClientCnxnSocket@239] - jute.maxbuffer value is 1048575 Bytes
2021-11-08 11:11:12,747 [myid:] - INFO  [main:ClientCnxn@1726] - zookeeper.request.timeout value is 0. feature enabled=false
2021-11-08 11:11:12,748 [myid:] - INFO  [main:QuorumPeerMainMultiAddressTest@277] - starting server 1 with quorum config:
server.0=[0:0:0:0:0:0:0:1]:27413:27414|invalid.hostname.unreachable.com:27415:27416;27412
server.1=[0:0:0:0:0:0:0:1]:27418:27419|invalid.hostname.unreachable.com:27420:27421;27417
server.2=[0:0:0:0:0:0:0:1]:27423:27424|invalid.hostname.unreachable.com:27425:27426;27422
2021-11-08 11:11:12,749 [myid:] - INFO  [main:QuorumPeerTestBase$MainThread@122] - id = 1 tmpDir = D:\mysoft\faiscoGit\myStudy\ZooKeeperLearning\apache-zookeeper-3.7.0\zookeeper-server\target\surefire\test5292784132127729178.junit.dir clientPort = 27417
2021-11-08 11:11:12,750 [myid:] - INFO  [main:ZooKeeper@637] - Initiating client connection, connectString=127.0.0.1:27417 sessionTimeout=30000 watcher=org.apache.zookeeper.server.quorum.QuorumPeerMainMultiAddressTest@130d63be
2021-11-08 11:11:12,751 [myid:] - INFO  [main:ClientCnxnSocket@239] - jute.maxbuffer value is 1048575 Bytes
2021-11-08 11:11:12,751 [myid:] - INFO  [main:ClientCnxn@1726] - zookeeper.request.timeout value is 0. feature enabled=false
2021-11-08 11:11:12,752 [myid:] - INFO  [main:QuorumPeerMainMultiAddressTest@277] - starting server 2 with quorum config:
server.0=[0:0:0:0:0:0:0:1]:27413:27414|invalid.hostname.unreachable.com:27415:27416;27412
server.1=[0:0:0:0:0:0:0:1]:27418:27419|invalid.hostname.unreachable.com:27420:27421;27417
server.2=[0:0:0:0:0:0:0:1]:27423:27424|invalid.hostname.unreachable.com:27425:27426;27422
2021-11-08 11:11:12,753 [myid:] - INFO  [main:QuorumPeerTestBase$MainThread@122] - id = 2 tmpDir = D:\mysoft\faiscoGit\myStudy\ZooKeeperLearning\apache-zookeeper-3.7.0\zookeeper-server\target\surefire\test1550159703804037667.junit.dir clientPort = 27422
2021-11-08 11:11:12,755 [myid:] - INFO  [main:ZooKeeper@637] - Initiating client connection, connectString=127.0.0.1:27422 sessionTimeout=30000 watcher=org.apache.zookeeper.server.quorum.QuorumPeerMainMultiAddressTest@130d63be
2021-11-08 11:11:12,757 [myid:] - INFO  [main:ClientCnxnSocket@239] - jute.maxbuffer value is 1048575 Bytes
2021-11-08 11:11:12,757 [myid:] - INFO  [main:ClientCnxn@1726] - zookeeper.request.timeout value is 0. feature enabled=false
2021-11-08 11:11:12,761 [myid:] - INFO  [Thread-20:QuorumPeerConfig@174] - Reading configuration from: D:\mysoft\faiscoGit\myStudy\ZooKeeperLearning\apache-zookeeper-3.7.0\zookeeper-server\target\surefire\test5292784132127729178.junit.dir\zoo.cfg
2021-11-08 11:11:12,762 [myid:] - INFO  [Thread-20:QuorumPeerConfig@444] - clientPortAddress is 0.0.0.0:27417
2021-11-08 11:11:12,762 [myid:] - INFO  [Thread-20:QuorumPeerConfig@448] - secureClientPort is not set
2021-11-08 11:11:12,762 [myid:] - INFO  [Thread-20:QuorumPeerConfig@464] - observerMasterPort is not set
2021-11-08 11:11:12,762 [myid:] - INFO  [Thread-20:QuorumPeerConfig@481] - metricsProvider.className is org.apache.zookeeper.metrics.impl.DefaultMetricsProvider
2021-11-08 11:11:12,769 [myid:] - INFO  [Thread-19:QuorumPeerConfig@174] - Reading configuration from: D:\mysoft\faiscoGit\myStudy\ZooKeeperLearning\apache-zookeeper-3.7.0\zookeeper-server\target\surefire\test3373574138025078394.junit.dir\zoo.cfg
2021-11-08 11:11:12,769 [myid:1] - INFO  [Thread-20:DatadirCleanupManager@78] - autopurge.snapRetainCount set to 3
2021-11-08 11:11:12,769 [myid:127.0.0.1:27417] - INFO  [main-SendThread(127.0.0.1:27417):ClientCnxn$SendThread@1171] - Opening socket connection to server xmind.net/127.0.0.1:27417.
2021-11-08 11:11:12,769 [myid:1] - INFO  [Thread-20:DatadirCleanupManager@79] - autopurge.purgeInterval set to 0
2021-11-08 11:11:12,769 [myid:1] - INFO  [Thread-20:DatadirCleanupManager@101] - Purge task is not scheduled.
2021-11-08 11:11:12,769 [myid:1] - INFO  [Thread-20:ManagedUtil@39] - Log4j 1.2 jmx support is disabled by property.
2021-11-08 11:11:12,769 [myid:1] - INFO  [Thread-20:QuorumPeerMain@152] - Starting quorum peer, myid=1
2021-11-08 11:11:12,769 [myid:127.0.0.1:27417] - INFO  [main-SendThread(127.0.0.1:27417):ClientCnxn$SendThread@1173] - SASL config status: Will not attempt to authenticate using SASL (unknown error)
2021-11-08 11:11:12,770 [myid:1] - INFO  [Thread-20:ServerMetrics@62] - ServerMetrics initialized with provider org.apache.zookeeper.metrics.impl.DefaultMetricsProvider@1375fefe
2021-11-08 11:11:12,770 [myid:1] - INFO  [Thread-20:DigestAuthenticationProvider@61] - zookeeper.DigestAuthenticationProvider.enabled = true
2021-11-08 11:11:12,770 [myid:1] - INFO  [Thread-20:ServerCnxnFactory@169] - Using org.apache.zookeeper.server.NIOServerCnxnFactory as server connection factory
2021-11-08 11:11:12,770 [myid:1] - WARN  [Thread-20:ServerCnxnFactory@309] - maxCnxns is not configured, using default value 0.
2021-11-08 11:11:12,770 [myid:1] - INFO  [Thread-20:NIOServerCnxnFactory@652] - Configuring NIO connection handler with 10s sessionless connection timeout, 1 selector thread(s), 12 worker threads, and 64 kB direct buffers.
2021-11-08 11:11:12,769 [myid:] - INFO  [Thread-19:QuorumPeerConfig@444] - clientPortAddress is 0.0.0.0:27412
2021-11-08 11:11:12,770 [myid:] - INFO  [Thread-19:QuorumPeerConfig@448] - secureClientPort is not set
2021-11-08 11:11:12,770 [myid:] - INFO  [Thread-19:QuorumPeerConfig@464] - observerMasterPort is not set
2021-11-08 11:11:12,770 [myid:] - INFO  [Thread-19:QuorumPeerConfig@481] - metricsProvider.className is org.apache.zookeeper.metrics.impl.DefaultMetricsProvider
2021-11-08 11:11:12,770 [myid:1] - INFO  [Thread-20:NIOServerCnxnFactory@660] - binding to port /0.0.0.0:27417
2021-11-08 11:11:12,771 [myid:1] - INFO  [Thread-20:FileTxnSnapLog@124] - zookeeper.snapshot.trust.empty : false
2021-11-08 11:11:12,771 [myid:1] - INFO  [Thread-20:QuorumPeer@1742] - Local sessions disabled
2021-11-08 11:11:12,771 [myid:1] - INFO  [Thread-20:QuorumPeer@1753] - Local session upgrading disabled
2021-11-08 11:11:12,771 [myid:1] - INFO  [Thread-20:QuorumPeer@1720] - tickTime set to 4000
2021-11-08 11:11:12,771 [myid:1] - INFO  [Thread-20:QuorumPeer@1764] - minSessionTimeout set to 8000
2021-11-08 11:11:12,771 [myid:1] - INFO  [Thread-20:QuorumPeer@1775] - maxSessionTimeout set to 80000
2021-11-08 11:11:12,772 [myid:1] - INFO  [Thread-20:QuorumPeer@1800] - initLimit set to 10
2021-11-08 11:11:12,772 [myid:1] - INFO  [Thread-20:QuorumPeer@1987] - syncLimit set to 5
2021-11-08 11:11:12,772 [myid:1] - INFO  [Thread-20:QuorumPeer@2002] - connectToLearnerMasterLimit set to 5
2021-11-08 11:11:12,770 [myid:] - INFO  [Thread-21:QuorumPeerConfig@174] - Reading configuration from: D:\mysoft\faiscoGit\myStudy\ZooKeeperLearning\apache-zookeeper-3.7.0\zookeeper-server\target\surefire\test1550159703804037667.junit.dir\zoo.cfg
2021-11-08 11:11:12,772 [myid:1] - INFO  [Thread-20:WatchManagerFactory@42] - Using org.apache.zookeeper.server.watch.WatchManager as watch manager
2021-11-08 11:11:12,772 [myid:1] - INFO  [Thread-20:WatchManagerFactory@42] - Using org.apache.zookeeper.server.watch.WatchManager as watch manager
2021-11-08 11:11:12,772 [myid:] - INFO  [Thread-21:QuorumPeerConfig@444] - clientPortAddress is 0.0.0.0:27422
2021-11-08 11:11:12,772 [myid:] - INFO  [Thread-21:QuorumPeerConfig@448] - secureClientPort is not set
2021-11-08 11:11:12,772 [myid:] - INFO  [Thread-21:QuorumPeerConfig@464] - observerMasterPort is not set
2021-11-08 11:11:12,772 [myid:] - INFO  [Thread-21:QuorumPeerConfig@481] - metricsProvider.className is org.apache.zookeeper.metrics.impl.DefaultMetricsProvider
2021-11-08 11:11:12,772 [myid:1] - INFO  [Thread-20:ZKDatabase@133] - zookeeper.snapshotSizeFactor = 0.33
2021-11-08 11:11:12,772 [myid:1] - INFO  [Thread-20:ZKDatabase@153] - zookeeper.commitLogCount=500
2021-11-08 11:11:12,773 [myid:1] - INFO  [Thread-20:QuorumPeer@2066] - Using insecure (non-TLS) quorum communication
2021-11-08 11:11:12,773 [myid:1] - INFO  [Thread-20:QuorumPeer@2072] - Port unification disabled
2021-11-08 11:11:12,773 [myid:1] - INFO  [Thread-20:QuorumPeer@179] - multiAddress.enabled set to true
2021-11-08 11:11:12,773 [myid:1] - INFO  [Thread-20:QuorumPeer@204] - multiAddress.reachabilityCheckEnabled set to true
2021-11-08 11:11:12,773 [myid:1] - INFO  [Thread-20:QuorumPeer@191] - multiAddress.reachabilityCheckTimeoutMs set to 1000
2021-11-08 11:11:12,773 [myid:1] - INFO  [Thread-20:QuorumPeer@2527] - QuorumPeer communication is not secured! (SASL auth disabled)
2021-11-08 11:11:12,773 [myid:1] - INFO  [Thread-20:QuorumPeer@2552] - quorum.cnxn.threads.size set to 20
2021-11-08 11:11:12,774 [myid:127.0.0.1:27422] - INFO  [main-SendThread(127.0.0.1:27422):ClientCnxn$SendThread@1171] - Opening socket connection to server xmind.net/127.0.0.1:27422.
2021-11-08 11:11:12,774 [myid:127.0.0.1:27422] - INFO  [main-SendThread(127.0.0.1:27422):ClientCnxn$SendThread@1173] - SASL config status: Will not attempt to authenticate using SASL (unknown error)
2021-11-08 11:11:12,774 [myid:1] - INFO  [Thread-20:FileTxnSnapLog@479] - Snapshotting: 0x0 to D:\mysoft\faiscoGit\myStudy\ZooKeeperLearning\apache-zookeeper-3.7.0\zookeeper-server\target\surefire\test5292784132127729178.junit.dir\data\version-2\snapshot.0
2021-11-08 11:11:12,775 [myid:1] - INFO  [Thread-20:ZKDatabase@290] - Snapshot loaded in 1 ms, highest zxid is 0x0, digest is 1371985504
2021-11-08 11:11:12,775 [myid:1] - INFO  [Thread-20:QuorumPeer@1157] - currentEpoch not found! Creating with a reasonable default of 0. This should only happen when you are upgrading your installation
2021-11-08 11:11:12,776 [myid:127.0.0.1:27412] - INFO  [main-SendThread(127.0.0.1:27412):ClientCnxn$SendThread@1171] - Opening socket connection to server xmind.net/127.0.0.1:27412.
2021-11-08 11:11:12,776 [myid:127.0.0.1:27412] - INFO  [main-SendThread(127.0.0.1:27412):ClientCnxn$SendThread@1173] - SASL config status: Will not attempt to authenticate using SASL (unknown error)
2021-11-08 11:11:12,779 [myid:1] - INFO  [Thread-20:QuorumPeer@1177] - acceptedEpoch not found! Creating with a reasonable default of 0. This should only happen when you are upgrading your installation
2021-11-08 11:11:12,783 [myid:1] - INFO  [Thread-20:QuorumPeer@2569] - Using 20000ms as the quorum cnxn socket timeout
2021-11-08 11:11:12,783 [myid:1] - INFO  [Thread-20:QuorumCnxManager$Listener@924] - Election port bind maximum retries is 3
2021-11-08 11:11:12,785 [myid:2] - INFO  [Thread-21:DatadirCleanupManager@78] - autopurge.snapRetainCount set to 3
2021-11-08 11:11:12,786 [myid:2] - INFO  [Thread-21:DatadirCleanupManager@79] - autopurge.purgeInterval set to 0
2021-11-08 11:11:12,786 [myid:2] - INFO  [Thread-21:DatadirCleanupManager@101] - Purge task is not scheduled.
2021-11-08 11:11:12,786 [myid:2] - INFO  [Thread-21:ManagedUtil@39] - Log4j 1.2 jmx support is disabled by property.
2021-11-08 11:11:12,786 [myid:2] - INFO  [Thread-21:QuorumPeerMain@152] - Starting quorum peer, myid=2
2021-11-08 11:11:12,786 [myid:2] - INFO  [Thread-21:ServerMetrics@62] - ServerMetrics initialized with provider org.apache.zookeeper.metrics.impl.DefaultMetricsProvider@6a32135f
2021-11-08 11:11:12,786 [myid:2] - INFO  [Thread-21:DigestAuthenticationProvider@61] - zookeeper.DigestAuthenticationProvider.enabled = true
2021-11-08 11:11:12,787 [myid:2] - INFO  [Thread-21:ServerCnxnFactory@169] - Using org.apache.zookeeper.server.NIOServerCnxnFactory as server connection factory
2021-11-08 11:11:12,787 [myid:2] - WARN  [Thread-21:ServerCnxnFactory@309] - maxCnxns is not configured, using default value 0.
2021-11-08 11:11:12,787 [myid:2] - INFO  [Thread-21:NIOServerCnxnFactory@652] - Configuring NIO connection handler with 10s sessionless connection timeout, 1 selector thread(s), 12 worker threads, and 64 kB direct buffers.
2021-11-08 11:11:12,788 [myid:2] - INFO  [Thread-21:NIOServerCnxnFactory@660] - binding to port /0.0.0.0:27422
2021-11-08 11:11:12,789 [myid:2] - INFO  [Thread-21:FileTxnSnapLog@124] - zookeeper.snapshot.trust.empty : false
2021-11-08 11:11:12,802 [myid:1] - INFO  [QuorumPeer[myid=1](plain=[0:0:0:0:0:0:0:0]:27417)(secure=disabled):QuorumPeer@1430] - LOOKING
2021-11-08 11:11:12,802 [myid:0] - INFO  [Thread-19:DatadirCleanupManager@78] - autopurge.snapRetainCount set to 3
2021-11-08 11:11:12,802 [myid:1] - INFO  [QuorumPeer[myid=1](plain=[0:0:0:0:0:0:0:0]:27417)(secure=disabled):FastLeaderElection@947] - New election. My id = 1, proposed zxid=0x0
2021-11-08 11:11:12,802 [myid:2] - INFO  [Thread-21:QuorumPeer@1742] - Local sessions disabled
2021-11-08 11:11:12,803 [myid:2] - INFO  [Thread-21:QuorumPeer@1753] - Local session upgrading disabled
2021-11-08 11:11:12,803 [myid:2] - INFO  [Thread-21:QuorumPeer@1720] - tickTime set to 4000
2021-11-08 11:11:12,803 [myid:2] - INFO  [Thread-21:QuorumPeer@1764] - minSessionTimeout set to 8000
2021-11-08 11:11:12,803 [myid:2] - INFO  [Thread-21:QuorumPeer@1775] - maxSessionTimeout set to 80000
2021-11-08 11:11:12,803 [myid:2] - INFO  [Thread-21:QuorumPeer@1800] - initLimit set to 10
2021-11-08 11:11:12,803 [myid:2] - INFO  [Thread-21:QuorumPeer@1987] - syncLimit set to 5
2021-11-08 11:11:12,803 [myid:2] - INFO  [Thread-21:QuorumPeer@2002] - connectToLearnerMasterLimit set to 5
2021-11-08 11:11:12,802 [myid:0] - INFO  [Thread-19:DatadirCleanupManager@79] - autopurge.purgeInterval set to 0
2021-11-08 11:11:12,803 [myid:0] - INFO  [Thread-19:DatadirCleanupManager@101] - Purge task is not scheduled.
2021-11-08 11:11:12,803 [myid:0] - INFO  [Thread-19:ManagedUtil@39] - Log4j 1.2 jmx support is disabled by property.
2021-11-08 11:11:12,803 [myid:0] - INFO  [Thread-19:QuorumPeerMain@152] - Starting quorum peer, myid=0
2021-11-08 11:11:12,803 [myid:0] - INFO  [Thread-19:ServerMetrics@62] - ServerMetrics initialized with provider org.apache.zookeeper.metrics.impl.DefaultMetricsProvider@62f37f3f
2021-11-08 11:11:12,803 [myid:2] - INFO  [Thread-21:WatchManagerFactory@42] - Using org.apache.zookeeper.server.watch.WatchManager as watch manager
2021-11-08 11:11:12,803 [myid:2] - INFO  [Thread-21:WatchManagerFactory@42] - Using org.apache.zookeeper.server.watch.WatchManager as watch manager
2021-11-08 11:11:12,803 [myid:0] - INFO  [Thread-19:DigestAuthenticationProvider@61] - zookeeper.DigestAuthenticationProvider.enabled = true
2021-11-08 11:11:12,803 [myid:2] - INFO  [Thread-21:ZKDatabase@133] - zookeeper.snapshotSizeFactor = 0.33
2021-11-08 11:11:12,803 [myid:2] - INFO  [Thread-21:ZKDatabase@153] - zookeeper.commitLogCount=500
2021-11-08 11:11:12,803 [myid:0] - INFO  [Thread-19:ServerCnxnFactory@169] - Using org.apache.zookeeper.server.NIOServerCnxnFactory as server connection factory
2021-11-08 11:11:12,803 [myid:0] - WARN  [Thread-19:ServerCnxnFactory@309] - maxCnxns is not configured, using default value 0.
2021-11-08 11:11:12,803 [myid:0] - INFO  [Thread-19:NIOServerCnxnFactory@652] - Configuring NIO connection handler with 10s sessionless connection timeout, 1 selector thread(s), 12 worker threads, and 64 kB direct buffers.
2021-11-08 11:11:12,805 [myid:2] - INFO  [Thread-21:QuorumPeer@2066] - Using insecure (non-TLS) quorum communication
2021-11-08 11:11:12,805 [myid:2] - INFO  [Thread-21:QuorumPeer@2072] - Port unification disabled
2021-11-08 11:11:12,805 [myid:2] - INFO  [Thread-21:QuorumPeer@179] - multiAddress.enabled set to true
2021-11-08 11:11:12,805 [myid:2] - INFO  [Thread-21:QuorumPeer@204] - multiAddress.reachabilityCheckEnabled set to true
2021-11-08 11:11:12,805 [myid:2] - INFO  [Thread-21:QuorumPeer@191] - multiAddress.reachabilityCheckTimeoutMs set to 1000
2021-11-08 11:11:12,805 [myid:2] - INFO  [Thread-21:QuorumPeer@2527] - QuorumPeer communication is not secured! (SASL auth disabled)
2021-11-08 11:11:12,805 [myid:2] - INFO  [Thread-21:QuorumPeer@2552] - quorum.cnxn.threads.size set to 20
2021-11-08 11:11:12,805 [myid:0] - INFO  [Thread-19:NIOServerCnxnFactory@660] - binding to port /0.0.0.0:27412
2021-11-08 11:11:12,805 [myid:2] - INFO  [Thread-21:FileTxnSnapLog@479] - Snapshotting: 0x0 to D:\mysoft\faiscoGit\myStudy\ZooKeeperLearning\apache-zookeeper-3.7.0\zookeeper-server\target\surefire\test1550159703804037667.junit.dir\data\version-2\snapshot.0
2021-11-08 11:11:12,806 [myid:0] - INFO  [Thread-19:FileTxnSnapLog@124] - zookeeper.snapshot.trust.empty : false
2021-11-08 11:11:12,806 [myid:2] - INFO  [Thread-21:ZKDatabase@290] - Snapshot loaded in 0 ms, highest zxid is 0x0, digest is 1371985504
2021-11-08 11:11:12,805 [myid:1] - INFO  [ListenerHandler-/0:0:0:0:0:0:0:1:27419:QuorumCnxManager$Listener$ListenerHandler@1066] - 1 is accepting connections now, my election bind port: /0:0:0:0:0:0:0:1:27419
2021-11-08 11:11:12,806 [myid:2] - INFO  [Thread-21:QuorumPeer@1157] - currentEpoch not found! Creating with a reasonable default of 0. This should only happen when you are upgrading your installation
2021-11-08 11:11:12,807 [myid:0] - INFO  [Thread-19:QuorumPeer@1742] - Local sessions disabled
2021-11-08 11:11:12,807 [myid:0] - INFO  [Thread-19:QuorumPeer@1753] - Local session upgrading disabled
2021-11-08 11:11:12,807 [myid:0] - INFO  [Thread-19:QuorumPeer@1720] - tickTime set to 4000
2021-11-08 11:11:12,807 [myid:0] - INFO  [Thread-19:QuorumPeer@1764] - minSessionTimeout set to 8000
2021-11-08 11:11:12,807 [myid:0] - INFO  [Thread-19:QuorumPeer@1775] - maxSessionTimeout set to 80000
2021-11-08 11:11:12,807 [myid:0] - INFO  [Thread-19:QuorumPeer@1800] - initLimit set to 10
2021-11-08 11:11:12,807 [myid:0] - INFO  [Thread-19:QuorumPeer@1987] - syncLimit set to 5
2021-11-08 11:11:12,807 [myid:0] - INFO  [Thread-19:QuorumPeer@2002] - connectToLearnerMasterLimit set to 5
2021-11-08 11:11:12,808 [myid:0] - INFO  [Thread-19:WatchManagerFactory@42] - Using org.apache.zookeeper.server.watch.WatchManager as watch manager
2021-11-08 11:11:12,808 [myid:0] - INFO  [Thread-19:WatchManagerFactory@42] - Using org.apache.zookeeper.server.watch.WatchManager as watch manager
2021-11-08 11:11:12,809 [myid:0] - INFO  [Thread-19:ZKDatabase@133] - zookeeper.snapshotSizeFactor = 0.33
2021-11-08 11:11:12,809 [myid:0] - INFO  [Thread-19:ZKDatabase@153] - zookeeper.commitLogCount=500
2021-11-08 11:11:12,809 [myid:0] - INFO  [Thread-19:QuorumPeer@2066] - Using insecure (non-TLS) quorum communication
2021-11-08 11:11:12,809 [myid:0] - INFO  [Thread-19:QuorumPeer@2072] - Port unification disabled
2021-11-08 11:11:12,809 [myid:0] - INFO  [Thread-19:QuorumPeer@179] - multiAddress.enabled set to true
2021-11-08 11:11:12,810 [myid:0] - INFO  [Thread-19:QuorumPeer@204] - multiAddress.reachabilityCheckEnabled set to true
2021-11-08 11:11:12,810 [myid:0] - INFO  [Thread-19:QuorumPeer@191] - multiAddress.reachabilityCheckTimeoutMs set to 1000
2021-11-08 11:11:12,810 [myid:0] - INFO  [Thread-19:QuorumPeer@2527] - QuorumPeer communication is not secured! (SASL auth disabled)
2021-11-08 11:11:12,810 [myid:0] - INFO  [Thread-19:QuorumPeer@2552] - quorum.cnxn.threads.size set to 20
2021-11-08 11:11:12,810 [myid:0] - INFO  [Thread-19:FileTxnSnapLog@479] - Snapshotting: 0x0 to D:\mysoft\faiscoGit\myStudy\ZooKeeperLearning\apache-zookeeper-3.7.0\zookeeper-server\target\surefire\test3373574138025078394.junit.dir\data\version-2\snapshot.0
2021-11-08 11:11:12,811 [myid:1] - INFO  [WorkerReceiver[myid=1]:FastLeaderElection$Messenger$WorkerReceiver@390] - Notification: my state:LOOKING; n.sid:1, n.state:LOOKING, n.leader:1, n.round:0x1, n.peerEpoch:0x0, n.zxid:0x0, message format version:0x2, n.config version:0x0
2021-11-08 11:11:12,819 [myid:0] - INFO  [Thread-19:ZKDatabase@290] - Snapshot loaded in 10 ms, highest zxid is 0x0, digest is 1371985504
2021-11-08 11:11:12,819 [myid:0] - INFO  [Thread-19:QuorumPeer@1157] - currentEpoch not found! Creating with a reasonable default of 0. This should only happen when you are upgrading your installation
2021-11-08 11:11:12,823 [myid:1] - ERROR [ListenerHandler-invalid.hostname.unreachable.com:27421:QuorumCnxManager$Listener$ListenerHandler@1094] - Exception while listening
java.net.SocketException: Unresolved address
	at java.net.ServerSocket.bind(ServerSocket.java:368)
	at java.net.ServerSocket.bind(ServerSocket.java:329)
	at org.apache.zookeeper.server.quorum.QuorumCnxManager$Listener$ListenerHandler.createNewServerSocket(QuorumCnxManager.java:1136)
	at org.apache.zookeeper.server.quorum.QuorumCnxManager$Listener$ListenerHandler.acceptConnections(QuorumCnxManager.java:1065)
	at org.apache.zookeeper.server.quorum.QuorumCnxManager$Listener$ListenerHandler.run(QuorumCnxManager.java:1034)
	at java.util.concurrent.Executors$RunnableAdapter.call(Executors.java:511)
	at java.util.concurrent.FutureTask.run(FutureTask.java:266)
	at java.util.concurrent.ThreadPoolExecutor.runWorker(ThreadPoolExecutor.java:1142)
	at java.util.concurrent.ThreadPoolExecutor$Worker.run(ThreadPoolExecutor.java:617)
	at java.lang.Thread.run(Thread.java:745)
2021-11-08 11:11:12,830 [myid:2] - INFO  [Thread-21:QuorumPeer@1177] - acceptedEpoch not found! Creating with a reasonable default of 0. This should only happen when you are upgrading your installation
2021-11-08 11:11:12,830 [myid:0] - INFO  [Thread-19:QuorumPeer@1177] - acceptedEpoch not found! Creating with a reasonable default of 0. This should only happen when you are upgrading your installation
2021-11-08 11:11:12,846 [myid:2] - INFO  [Thread-21:QuorumPeer@2569] - Using 20000ms as the quorum cnxn socket timeout
2021-11-08 11:11:12,847 [myid:2] - INFO  [Thread-21:QuorumCnxManager$Listener@924] - Election port bind maximum retries is 3
2021-11-08 11:11:12,848 [myid:0] - INFO  [Thread-19:QuorumPeer@2569] - Using 20000ms as the quorum cnxn socket timeout
2021-11-08 11:11:12,848 [myid:0] - INFO  [Thread-19:QuorumCnxManager$Listener@924] - Election port bind maximum retries is 3
2021-11-08 11:11:12,872 [myid:0] - INFO  [QuorumPeer[myid=0](plain=[0:0:0:0:0:0:0:0]:27412)(secure=disabled):QuorumPeer@1430] - LOOKING
2021-11-08 11:11:12,872 [myid:0] - INFO  [QuorumPeer[myid=0](plain=[0:0:0:0:0:0:0:0]:27412)(secure=disabled):FastLeaderElection@947] - New election. My id = 0, proposed zxid=0x0
2021-11-08 11:11:12,891 [myid:0] - INFO  [ListenerHandler-/0:0:0:0:0:0:0:1:27414:QuorumCnxManager$Listener$ListenerHandler@1066] - 0 is accepting connections now, my election bind port: /0:0:0:0:0:0:0:1:27414
2021-11-08 11:11:12,891 [myid:2] - INFO  [ListenerHandler-/0:0:0:0:0:0:0:1:27424:QuorumCnxManager$Listener$ListenerHandler@1066] - 2 is accepting connections now, my election bind port: /0:0:0:0:0:0:0:1:27424
2021-11-08 11:11:12,891 [myid:0] - ERROR [ListenerHandler-invalid.hostname.unreachable.com:27416:QuorumCnxManager$Listener$ListenerHandler@1094] - Exception while listening
java.net.SocketException: Unresolved address
	at java.net.ServerSocket.bind(ServerSocket.java:368)
	at java.net.ServerSocket.bind(ServerSocket.java:329)
	at org.apache.zookeeper.server.quorum.QuorumCnxManager$Listener$ListenerHandler.createNewServerSocket(QuorumCnxManager.java:1136)
	at org.apache.zookeeper.server.quorum.QuorumCnxManager$Listener$ListenerHandler.acceptConnections(QuorumCnxManager.java:1065)
	at org.apache.zookeeper.server.quorum.QuorumCnxManager$Listener$ListenerHandler.run(QuorumCnxManager.java:1034)
	at java.util.concurrent.Executors$RunnableAdapter.call(Executors.java:511)
	at java.util.concurrent.FutureTask.run(FutureTask.java:266)
	at java.util.concurrent.ThreadPoolExecutor.runWorker(ThreadPoolExecutor.java:1142)
	at java.util.concurrent.ThreadPoolExecutor$Worker.run(ThreadPoolExecutor.java:617)
	at java.lang.Thread.run(Thread.java:745)
2021-11-08 11:11:12,890 [myid:2] - ERROR [ListenerHandler-invalid.hostname.unreachable.com:27426:QuorumCnxManager$Listener$ListenerHandler@1094] - Exception while listening
java.net.SocketException: Unresolved address
	at java.net.ServerSocket.bind(ServerSocket.java:368)
	at java.net.ServerSocket.bind(ServerSocket.java:329)
	at org.apache.zookeeper.server.quorum.QuorumCnxManager$Listener$ListenerHandler.createNewServerSocket(QuorumCnxManager.java:1136)
	at org.apache.zookeeper.server.quorum.QuorumCnxManager$Listener$ListenerHandler.acceptConnections(QuorumCnxManager.java:1065)
	at org.apache.zookeeper.server.quorum.QuorumCnxManager$Listener$ListenerHandler.run(QuorumCnxManager.java:1034)
	at java.util.concurrent.Executors$RunnableAdapter.call(Executors.java:511)
	at java.util.concurrent.FutureTask.run(FutureTask.java:266)
	at java.util.concurrent.ThreadPoolExecutor.runWorker(ThreadPoolExecutor.java:1142)
	at java.util.concurrent.ThreadPoolExecutor$Worker.run(ThreadPoolExecutor.java:617)
	at java.lang.Thread.run(Thread.java:745)
2021-11-08 11:11:12,890 [myid:2] - INFO  [QuorumPeer[myid=2](plain=[0:0:0:0:0:0:0:0]:27422)(secure=disabled):QuorumPeer@1430] - LOOKING
2021-11-08 11:11:12,892 [myid:0] - INFO  [WorkerReceiver[myid=0]:FastLeaderElection$Messenger$WorkerReceiver@390] - Notification: my state:LOOKING; n.sid:0, n.state:LOOKING, n.leader:0, n.round:0x1, n.peerEpoch:0x0, n.zxid:0x0, message format version:0x2, n.config version:0x0
2021-11-08 11:11:12,893 [myid:2] - INFO  [QuorumPeer[myid=2](plain=[0:0:0:0:0:0:0:0]:27422)(secure=disabled):FastLeaderElection@947] - New election. My id = 2, proposed zxid=0x0
2021-11-08 11:11:12,893 [myid:2] - INFO  [WorkerReceiver[myid=2]:FastLeaderElection$Messenger$WorkerReceiver@390] - Notification: my state:LOOKING; n.sid:2, n.state:LOOKING, n.leader:2, n.round:0x1, n.peerEpoch:0x0, n.zxid:0x0, message format version:0x2, n.config version:0x0
2021-11-08 11:11:13,013 [myid:1] - INFO  [QuorumPeer[myid=1](plain=[0:0:0:0:0:0:0:0]:27417)(secure=disabled):FastLeaderElection@984] - Notification time out: 400
2021-11-08 11:11:13,021 [myid:127.0.0.1:27380] - WARN  [main-SendThread(127.0.0.1:27380):ClientCnxn$SendThread@1290] - Session 0x5806e32b0002 for sever xmind.net/127.0.0.1:27380, Closing socket connection. Attempting reconnect except it is a SessionExpiredException.
java.net.ConnectException: Connection refused: no further information
	at sun.nio.ch.SocketChannelImpl.checkConnect(Native Method)
	at sun.nio.ch.SocketChannelImpl.finishConnect(SocketChannelImpl.java:716)
	at org.apache.zookeeper.ClientCnxnSocketNIO.doTransport(ClientCnxnSocketNIO.java:344)
	at org.apache.zookeeper.ClientCnxn$SendThread.run(ClientCnxn.java:1280)
2021-11-08 11:11:13,056 [myid:0] - INFO  [WorkerReceiver[myid=0]:FastLeaderElection$Messenger$WorkerReceiver@472] - WorkerReceiver is down
2021-11-08 11:11:13,056 [myid:2] - INFO  [WorkerSender[myid=2]:FastLeaderElection$Messenger$WorkerSender@506] - WorkerSender is down
2021-11-08 11:11:13,056 [myid:2] - INFO  [WorkerReceiver[myid=2]:FastLeaderElection$Messenger$WorkerReceiver@472] - WorkerReceiver is down
2021-11-08 11:11:13,058 [myid:1] - INFO  [WorkerSender[myid=1]:FastLeaderElection$Messenger$WorkerSender@506] - WorkerSender is down
2021-11-08 11:11:13,078 [myid:0] - INFO  [WorkerSender[myid=0]:FastLeaderElection$Messenger$WorkerSender@506] - WorkerSender is down
2021-11-08 11:11:13,078 [myid:1] - INFO  [WorkerReceiver[myid=1]:FastLeaderElection$Messenger$WorkerReceiver@472] - WorkerReceiver is down
2021-11-08 11:11:13,093 [myid:0] - INFO  [QuorumPeer[myid=0](plain=[0:0:0:0:0:0:0:0]:27412)(secure=disabled):FastLeaderElection@984] - Notification time out: 400
2021-11-08 11:11:13,094 [myid:2] - INFO  [QuorumPeer[myid=2](plain=[0:0:0:0:0:0:0:0]:27422)(secure=disabled):FastLeaderElection@984] - Notification time out: 400
2021-11-08 11:11:13,273 [myid:127.0.0.1:27417] - INFO  [main-SendThread(127.0.0.1:27417):ClientCnxn$SendThread@1005] - Socket connection established, initiating session, client: /127.0.0.1:7552, server: xmind.net/127.0.0.1:27417
2021-11-08 11:11:13,274 [myid:1] - WARN  [NIOWorkerThread-1:NIOServerCnxn@380] - Close of session 0x0
java.io.IOException: ZooKeeperServer not running
	at org.apache.zookeeper.server.NIOServerCnxn.readLength(NIOServerCnxn.java:554)
	at org.apache.zookeeper.server.NIOServerCnxn.doIO(NIOServerCnxn.java:339)
	at org.apache.zookeeper.server.NIOServerCnxnFactory$IOWorkRequest.doWork(NIOServerCnxnFactory.java:508)
	at org.apache.zookeeper.server.WorkerService$ScheduledWorkRequest.run(WorkerService.java:154)
	at java.util.concurrent.ThreadPoolExecutor.runWorker(ThreadPoolExecutor.java:1142)
	at java.util.concurrent.ThreadPoolExecutor$Worker.run(ThreadPoolExecutor.java:617)
	at java.lang.Thread.run(Thread.java:745)
2021-11-08 11:11:13,274 [myid:127.0.0.1:27417] - WARN  [main-SendThread(127.0.0.1:27417):ClientCnxn$SendThread@1290] - Session 0x0 for sever xmind.net/127.0.0.1:27417, Closing socket connection. Attempting reconnect except it is a SessionExpiredException.
EndOfStreamException: Unable to read additional data from server sessionid 0x0, likely server has closed socket
	at org.apache.zookeeper.ClientCnxnSocketNIO.doIO(ClientCnxnSocketNIO.java:77)
	at org.apache.zookeeper.ClientCnxnSocketNIO.doTransport(ClientCnxnSocketNIO.java:350)
	at org.apache.zookeeper.ClientCnxn$SendThread.run(ClientCnxn.java:1280)
2021-11-08 11:11:13,289 [myid:127.0.0.1:27422] - INFO  [main-SendThread(127.0.0.1:27422):ClientCnxn$SendThread@1005] - Socket connection established, initiating session, client: /127.0.0.1:7558, server: xmind.net/127.0.0.1:27422
2021-11-08 11:11:13,289 [myid:127.0.0.1:27412] - INFO  [main-SendThread(127.0.0.1:27412):ClientCnxn$SendThread@1005] - Socket connection established, initiating session, client: /127.0.0.1:7559, server: xmind.net/127.0.0.1:27412
2021-11-08 11:11:13,289 [myid:2] - WARN  [NIOWorkerThread-1:NIOServerCnxn@380] - Close of session 0x0
java.io.IOException: ZooKeeperServer not running
	at org.apache.zookeeper.server.NIOServerCnxn.readLength(NIOServerCnxn.java:554)
	at org.apache.zookeeper.server.NIOServerCnxn.doIO(NIOServerCnxn.java:339)
	at org.apache.zookeeper.server.NIOServerCnxnFactory$IOWorkRequest.doWork(NIOServerCnxnFactory.java:508)
	at org.apache.zookeeper.server.WorkerService$ScheduledWorkRequest.run(WorkerService.java:154)
	at java.util.concurrent.ThreadPoolExecutor.runWorker(ThreadPoolExecutor.java:1142)
	at java.util.concurrent.ThreadPoolExecutor$Worker.run(ThreadPoolExecutor.java:617)
	at java.lang.Thread.run(Thread.java:745)
2021-11-08 11:11:13,290 [myid:127.0.0.1:27422] - WARN  [main-SendThread(127.0.0.1:27422):ClientCnxn$SendThread@1290] - Session 0x0 for sever xmind.net/127.0.0.1:27422, Closing socket connection. Attempting reconnect except it is a SessionExpiredException.
EndOfStreamException: Unable to read additional data from server sessionid 0x0, likely server has closed socket
	at org.apache.zookeeper.ClientCnxnSocketNIO.doIO(ClientCnxnSocketNIO.java:77)
	at org.apache.zookeeper.ClientCnxnSocketNIO.doTransport(ClientCnxnSocketNIO.java:350)
	at org.apache.zookeeper.ClientCnxn$SendThread.run(ClientCnxn.java:1280)
2021-11-08 11:11:13,289 [myid:0] - WARN  [NIOWorkerThread-1:NIOServerCnxn@380] - Close of session 0x0
java.io.IOException: ZooKeeperServer not running
	at org.apache.zookeeper.server.NIOServerCnxn.readLength(NIOServerCnxn.java:554)
	at org.apache.zookeeper.server.NIOServerCnxn.doIO(NIOServerCnxn.java:339)
	at org.apache.zookeeper.server.NIOServerCnxnFactory$IOWorkRequest.doWork(NIOServerCnxnFactory.java:508)
	at org.apache.zookeeper.server.WorkerService$ScheduledWorkRequest.run(WorkerService.java:154)
	at java.util.concurrent.ThreadPoolExecutor.runWorker(ThreadPoolExecutor.java:1142)
	at java.util.concurrent.ThreadPoolExecutor$Worker.run(ThreadPoolExecutor.java:617)
	at java.lang.Thread.run(Thread.java:745)
2021-11-08 11:11:13,290 [myid:127.0.0.1:27412] - WARN  [main-SendThread(127.0.0.1:27412):ClientCnxn$SendThread@1290] - Session 0x0 for sever xmind.net/127.0.0.1:27412, Closing socket connection. Attempting reconnect except it is a SessionExpiredException.
EndOfStreamException: Unable to read additional data from server sessionid 0x0, likely server has closed socket
	at org.apache.zookeeper.ClientCnxnSocketNIO.doIO(ClientCnxnSocketNIO.java:77)
	at org.apache.zookeeper.ClientCnxnSocketNIO.doTransport(ClientCnxnSocketNIO.java:350)
	at org.apache.zookeeper.ClientCnxn$SendThread.run(ClientCnxn.java:1280)
2021-11-08 11:11:13,414 [myid:1] - INFO  [QuorumPeer[myid=1](plain=[0:0:0:0:0:0:0:0]:27417)(secure=disabled):FastLeaderElection@984] - Notification time out: 800
2021-11-08 11:11:13,494 [myid:0] - INFO  [QuorumPeer[myid=0](plain=[0:0:0:0:0:0:0:0]:27412)(secure=disabled):FastLeaderElection@984] - Notification time out: 800
2021-11-08 11:11:13,495 [myid:2] - INFO  [QuorumPeer[myid=2](plain=[0:0:0:0:0:0:0:0]:27422)(secure=disabled):FastLeaderElection@984] - Notification time out: 800
2021-11-08 11:11:13,823 [myid:1] - ERROR [ListenerHandler-invalid.hostname.unreachable.com:27421:QuorumCnxManager$Listener$ListenerHandler@1094] - Exception while listening
java.net.SocketException: Unresolved address
	at java.net.ServerSocket.bind(ServerSocket.java:368)
	at java.net.ServerSocket.bind(ServerSocket.java:329)
	at org.apache.zookeeper.server.quorum.QuorumCnxManager$Listener$ListenerHandler.createNewServerSocket(QuorumCnxManager.java:1136)
	at org.apache.zookeeper.server.quorum.QuorumCnxManager$Listener$ListenerHandler.acceptConnections(QuorumCnxManager.java:1065)
	at org.apache.zookeeper.server.quorum.QuorumCnxManager$Listener$ListenerHandler.run(QuorumCnxManager.java:1034)
	at java.util.concurrent.Executors$RunnableAdapter.call(Executors.java:511)
	at java.util.concurrent.FutureTask.run(FutureTask.java:266)
	at java.util.concurrent.ThreadPoolExecutor.runWorker(ThreadPoolExecutor.java:1142)
	at java.util.concurrent.ThreadPoolExecutor$Worker.run(ThreadPoolExecutor.java:617)
	at java.lang.Thread.run(Thread.java:745)
2021-11-08 11:11:13,824 [myid:1] - WARN  [QuorumConnectionThread-[myid=1]-1:QuorumCnxManager@401] - Cannot open channel to 0 at election address invalid.hostname.unreachable.com:27416|/0:0:0:0:0:0:0:1:27414
java.net.UnknownHostException: invalid.hostname.unreachable.com
	at java.net.AbstractPlainSocketImpl.connect(AbstractPlainSocketImpl.java:184)
	at java.net.PlainSocketImpl.connect(PlainSocketImpl.java:172)
	at java.net.SocksSocketImpl.connect(SocksSocketImpl.java:392)
	at java.net.Socket.connect(Socket.java:589)
	at org.apache.zookeeper.server.quorum.QuorumCnxManager.initiateConnection(QuorumCnxManager.java:384)
	at org.apache.zookeeper.server.quorum.QuorumCnxManager$QuorumConnectionReqThread.run(QuorumCnxManager.java:458)
	at java.util.concurrent.ThreadPoolExecutor.runWorker(ThreadPoolExecutor.java:1142)
	at java.util.concurrent.ThreadPoolExecutor$Worker.run(ThreadPoolExecutor.java:617)
	at java.lang.Thread.run(Thread.java:745)
2021-11-08 11:11:13,825 [myid:1] - INFO  [QuorumConnectionThread-[myid=1]-2:QuorumCnxManager@514] - Have smaller server identifier, so dropping the connection: (myId:1 --> sid:2)
2021-11-08 11:11:13,825 [myid:2] - INFO  [ListenerHandler-/0:0:0:0:0:0:0:1:27424:QuorumCnxManager$Listener$ListenerHandler@1071] - Received connection request from /0:0:0:0:0:0:0:1:7722
2021-11-08 11:11:13,891 [myid:0] - ERROR [ListenerHandler-invalid.hostname.unreachable.com:27416:QuorumCnxManager$Listener$ListenerHandler@1094] - Exception while listening
java.net.SocketException: Unresolved address
	at java.net.ServerSocket.bind(ServerSocket.java:368)
	at java.net.ServerSocket.bind(ServerSocket.java:329)
	at org.apache.zookeeper.server.quorum.QuorumCnxManager$Listener$ListenerHandler.createNewServerSocket(QuorumCnxManager.java:1136)
	at org.apache.zookeeper.server.quorum.QuorumCnxManager$Listener$ListenerHandler.acceptConnections(QuorumCnxManager.java:1065)
	at org.apache.zookeeper.server.quorum.QuorumCnxManager$Listener$ListenerHandler.run(QuorumCnxManager.java:1034)
	at java.util.concurrent.Executors$RunnableAdapter.call(Executors.java:511)
	at java.util.concurrent.FutureTask.run(FutureTask.java:266)
	at java.util.concurrent.ThreadPoolExecutor.runWorker(ThreadPoolExecutor.java:1142)
	at java.util.concurrent.ThreadPoolExecutor$Worker.run(ThreadPoolExecutor.java:617)
	at java.lang.Thread.run(Thread.java:745)
2021-11-08 11:11:13,892 [myid:2] - ERROR [ListenerHandler-invalid.hostname.unreachable.com:27426:QuorumCnxManager$Listener$ListenerHandler@1094] - Exception while listening
java.net.SocketException: Unresolved address
	at java.net.ServerSocket.bind(ServerSocket.java:368)
	at java.net.ServerSocket.bind(ServerSocket.java:329)
	at org.apache.zookeeper.server.quorum.QuorumCnxManager$Listener$ListenerHandler.createNewServerSocket(QuorumCnxManager.java:1136)
	at org.apache.zookeeper.server.quorum.QuorumCnxManager$Listener$ListenerHandler.acceptConnections(QuorumCnxManager.java:1065)
	at org.apache.zookeeper.server.quorum.QuorumCnxManager$Listener$ListenerHandler.run(QuorumCnxManager.java:1034)
	at java.util.concurrent.Executors$RunnableAdapter.call(Executors.java:511)
	at java.util.concurrent.FutureTask.run(FutureTask.java:266)
	at java.util.concurrent.ThreadPoolExecutor.runWorker(ThreadPoolExecutor.java:1142)
	at java.util.concurrent.ThreadPoolExecutor$Worker.run(ThreadPoolExecutor.java:617)
	at java.lang.Thread.run(Thread.java:745)
2021-11-08 11:11:13,895 [myid:2] - WARN  [QuorumConnectionThread-[myid=2]-1:QuorumCnxManager@401] - Cannot open channel to 0 at election address invalid.hostname.unreachable.com:27416|/0:0:0:0:0:0:0:1:27414
java.net.UnknownHostException: invalid.hostname.unreachable.com
	at java.net.AbstractPlainSocketImpl.connect(AbstractPlainSocketImpl.java:184)
	at java.net.PlainSocketImpl.connect(PlainSocketImpl.java:172)
	at java.net.SocksSocketImpl.connect(SocksSocketImpl.java:392)
	at java.net.Socket.connect(Socket.java:589)
	at org.apache.zookeeper.server.quorum.QuorumCnxManager.initiateConnection(QuorumCnxManager.java:384)
	at org.apache.zookeeper.server.quorum.QuorumCnxManager$QuorumConnectionReqThread.run(QuorumCnxManager.java:458)
	at java.util.concurrent.ThreadPoolExecutor.runWorker(ThreadPoolExecutor.java:1142)
	at java.util.concurrent.ThreadPoolExecutor$Worker.run(ThreadPoolExecutor.java:617)
	at java.lang.Thread.run(Thread.java:745)
2021-11-08 11:11:13,896 [myid:2] - WARN  [QuorumConnectionThread-[myid=2]-2:QuorumCnxManager@401] - Cannot open channel to 1 at election address invalid.hostname.unreachable.com:27421|/0:0:0:0:0:0:0:1:27419
java.net.UnknownHostException: invalid.hostname.unreachable.com
	at java.net.AbstractPlainSocketImpl.connect(AbstractPlainSocketImpl.java:184)
	at java.net.PlainSocketImpl.connect(PlainSocketImpl.java:172)
	at java.net.SocksSocketImpl.connect(SocksSocketImpl.java:392)
	at java.net.Socket.connect(Socket.java:589)
	at org.apache.zookeeper.server.quorum.QuorumCnxManager.initiateConnection(QuorumCnxManager.java:384)
	at org.apache.zookeeper.server.quorum.QuorumCnxManager$QuorumConnectionReqThread.run(QuorumCnxManager.java:458)
	at java.util.concurrent.ThreadPoolExecutor.runWorker(ThreadPoolExecutor.java:1142)
	at java.util.concurrent.ThreadPoolExecutor$Worker.run(ThreadPoolExecutor.java:617)
	at java.lang.Thread.run(Thread.java:745)
2021-11-08 11:11:13,903 [myid:0] - WARN  [QuorumConnectionThread-[myid=0]-1:QuorumCnxManager@401] - Cannot open channel to 1 at election address invalid.hostname.unreachable.com:27421|/0:0:0:0:0:0:0:1:27419
java.net.UnknownHostException: invalid.hostname.unreachable.com
	at java.net.AbstractPlainSocketImpl.connect(AbstractPlainSocketImpl.java:184)
	at java.net.PlainSocketImpl.connect(PlainSocketImpl.java:172)
	at java.net.SocksSocketImpl.connect(SocksSocketImpl.java:392)
	at java.net.Socket.connect(Socket.java:589)
	at org.apache.zookeeper.server.quorum.QuorumCnxManager.initiateConnection(QuorumCnxManager.java:384)
	at org.apache.zookeeper.server.quorum.QuorumCnxManager$QuorumConnectionReqThread.run(QuorumCnxManager.java:458)
	at java.util.concurrent.ThreadPoolExecutor.runWorker(ThreadPoolExecutor.java:1142)
	at java.util.concurrent.ThreadPoolExecutor$Worker.run(ThreadPoolExecutor.java:617)
	at java.lang.Thread.run(Thread.java:745)
2021-11-08 11:11:13,906 [myid:2] - INFO  [ListenerHandler-/0:0:0:0:0:0:0:1:27424:QuorumCnxManager$Listener$ListenerHandler@1071] - Received connection request from /0:0:0:0:0:0:0:1:7723
2021-11-08 11:11:13,906 [myid:0] - INFO  [QuorumConnectionThread-[myid=0]-2:QuorumCnxManager@514] - Have smaller server identifier, so dropping the connection: (myId:0 --> sid:2)
2021-11-08 11:11:13,934 [myid:127.0.0.1:27407] - INFO  [main-SendThread(127.0.0.1:27407):ClientCnxn$SendThread@1171] - Opening socket connection to server xmind.net/127.0.0.1:27407.
2021-11-08 11:11:13,934 [myid:127.0.0.1:27407] - INFO  [main-SendThread(127.0.0.1:27407):ClientCnxn$SendThread@1173] - SASL config status: Will not attempt to authenticate using SASL (unknown error)
2021-11-08 11:11:14,215 [myid:1] - INFO  [QuorumPeer[myid=1](plain=[0:0:0:0:0:0:0:0]:27417)(secure=disabled):FastLeaderElection@984] - Notification time out: 1600
2021-11-08 11:11:14,295 [myid:0] - INFO  [QuorumPeer[myid=0](plain=[0:0:0:0:0:0:0:0]:27412)(secure=disabled):FastLeaderElection@984] - Notification time out: 1600
2021-11-08 11:11:14,297 [myid:2] - INFO  [QuorumPeer[myid=2](plain=[0:0:0:0:0:0:0:0]:27422)(secure=disabled):FastLeaderElection@984] - Notification time out: 1600
2021-11-08 11:11:14,367 [myid:127.0.0.1:27402] - INFO  [main-SendThread(127.0.0.1:27402):ClientCnxn$SendThread@1171] - Opening socket connection to server xmind.net/127.0.0.1:27402.
2021-11-08 11:11:14,367 [myid:127.0.0.1:27402] - INFO  [main-SendThread(127.0.0.1:27402):ClientCnxn$SendThread@1173] - SASL config status: Will not attempt to authenticate using SASL (unknown error)
2021-11-08 11:11:14,394 [myid:127.0.0.1:27397] - INFO  [main-SendThread(127.0.0.1:27397):ClientCnxn$SendThread@1171] - Opening socket connection to server xmind.net/127.0.0.1:27397.
2021-11-08 11:11:14,394 [myid:127.0.0.1:27397] - INFO  [main-SendThread(127.0.0.1:27397):ClientCnxn$SendThread@1173] - SASL config status: Will not attempt to authenticate using SASL (unknown error)
2021-11-08 11:11:14,409 [myid:127.0.0.1:27422] - INFO  [main-SendThread(127.0.0.1:27422):ClientCnxn$SendThread@1171] - Opening socket connection to server xmind.net/127.0.0.1:27422.
2021-11-08 11:11:14,409 [myid:127.0.0.1:27422] - INFO  [main-SendThread(127.0.0.1:27422):ClientCnxn$SendThread@1173] - SASL config status: Will not attempt to authenticate using SASL (unknown error)
2021-11-08 11:11:14,410 [myid:127.0.0.1:27422] - INFO  [main-SendThread(127.0.0.1:27422):ClientCnxn$SendThread@1005] - Socket connection established, initiating session, client: /127.0.0.1:7778, server: xmind.net/127.0.0.1:27422
2021-11-08 11:11:14,412 [myid:2] - WARN  [NIOWorkerThread-2:NIOServerCnxn@380] - Close of session 0x0
java.io.IOException: ZooKeeperServer not running
	at org.apache.zookeeper.server.NIOServerCnxn.readLength(NIOServerCnxn.java:554)
	at org.apache.zookeeper.server.NIOServerCnxn.doIO(NIOServerCnxn.java:339)
	at org.apache.zookeeper.server.NIOServerCnxnFactory$IOWorkRequest.doWork(NIOServerCnxnFactory.java:508)
	at org.apache.zookeeper.server.WorkerService$ScheduledWorkRequest.run(WorkerService.java:154)
	at java.util.concurrent.ThreadPoolExecutor.runWorker(ThreadPoolExecutor.java:1142)
	at java.util.concurrent.ThreadPoolExecutor$Worker.run(ThreadPoolExecutor.java:617)
	at java.lang.Thread.run(Thread.java:745)
2021-11-08 11:11:14,412 [myid:127.0.0.1:27422] - WARN  [main-SendThread(127.0.0.1:27422):ClientCnxn$SendThread@1290] - Session 0x0 for sever xmind.net/127.0.0.1:27422, Closing socket connection. Attempting reconnect except it is a SessionExpiredException.
EndOfStreamException: Unable to read additional data from server sessionid 0x0, likely server has closed socket
	at org.apache.zookeeper.ClientCnxnSocketNIO.doIO(ClientCnxnSocketNIO.java:77)
	at org.apache.zookeeper.ClientCnxnSocketNIO.doTransport(ClientCnxnSocketNIO.java:350)
	at org.apache.zookeeper.ClientCnxn$SendThread.run(ClientCnxn.java:1280)
2021-11-08 11:11:14,823 [myid:1] - ERROR [ListenerHandler-invalid.hostname.unreachable.com:27421:QuorumCnxManager$Listener$ListenerHandler@1094] - Exception while listening
java.net.SocketException: Unresolved address
	at java.net.ServerSocket.bind(ServerSocket.java:368)
	at java.net.ServerSocket.bind(ServerSocket.java:329)
	at org.apache.zookeeper.server.quorum.QuorumCnxManager$Listener$ListenerHandler.createNewServerSocket(QuorumCnxManager.java:1136)
	at org.apache.zookeeper.server.quorum.QuorumCnxManager$Listener$ListenerHandler.acceptConnections(QuorumCnxManager.java:1065)
	at org.apache.zookeeper.server.quorum.QuorumCnxManager$Listener$ListenerHandler.run(QuorumCnxManager.java:1034)
	at java.util.concurrent.Executors$RunnableAdapter.call(Executors.java:511)
	at java.util.concurrent.FutureTask.run(FutureTask.java:266)
	at java.util.concurrent.ThreadPoolExecutor.runWorker(ThreadPoolExecutor.java:1142)
	at java.util.concurrent.ThreadPoolExecutor$Worker.run(ThreadPoolExecutor.java:617)
	at java.lang.Thread.run(Thread.java:745)
2021-11-08 11:11:14,833 [myid:127.0.0.1:27380] - INFO  [main-SendThread(127.0.0.1:27380):ClientCnxn$SendThread@1171] - Opening socket connection to server xmind.net/127.0.0.1:27380.
2021-11-08 11:11:14,833 [myid:127.0.0.1:27380] - INFO  [main-SendThread(127.0.0.1:27380):ClientCnxn$SendThread@1173] - SASL config status: Will not attempt to authenticate using SASL (unknown error)
2021-11-08 11:11:14,891 [myid:0] - ERROR [ListenerHandler-invalid.hostname.unreachable.com:27416:QuorumCnxManager$Listener$ListenerHandler@1094] - Exception while listening
java.net.SocketException: Unresolved address
	at java.net.ServerSocket.bind(ServerSocket.java:368)
	at java.net.ServerSocket.bind(ServerSocket.java:329)
	at org.apache.zookeeper.server.quorum.QuorumCnxManager$Listener$ListenerHandler.createNewServerSocket(QuorumCnxManager.java:1136)
	at org.apache.zookeeper.server.quorum.QuorumCnxManager$Listener$ListenerHandler.acceptConnections(QuorumCnxManager.java:1065)
	at org.apache.zookeeper.server.quorum.QuorumCnxManager$Listener$ListenerHandler.run(QuorumCnxManager.java:1034)
	at java.util.concurrent.Executors$RunnableAdapter.call(Executors.java:511)
	at java.util.concurrent.FutureTask.run(FutureTask.java:266)
	at java.util.concurrent.ThreadPoolExecutor.runWorker(ThreadPoolExecutor.java:1142)
	at java.util.concurrent.ThreadPoolExecutor$Worker.run(ThreadPoolExecutor.java:617)
	at java.lang.Thread.run(Thread.java:745)
2021-11-08 11:11:14,892 [myid:2] - ERROR [ListenerHandler-invalid.hostname.unreachable.com:27426:QuorumCnxManager$Listener$ListenerHandler@1094] - Exception while listening
java.net.SocketException: Unresolved address
	at java.net.ServerSocket.bind(ServerSocket.java:368)
	at java.net.ServerSocket.bind(ServerSocket.java:329)
	at org.apache.zookeeper.server.quorum.QuorumCnxManager$Listener$ListenerHandler.createNewServerSocket(QuorumCnxManager.java:1136)
	at org.apache.zookeeper.server.quorum.QuorumCnxManager$Listener$ListenerHandler.acceptConnections(QuorumCnxManager.java:1065)
	at org.apache.zookeeper.server.quorum.QuorumCnxManager$Listener$ListenerHandler.run(QuorumCnxManager.java:1034)
	at java.util.concurrent.Executors$RunnableAdapter.call(Executors.java:511)
	at java.util.concurrent.FutureTask.run(FutureTask.java:266)
	at java.util.concurrent.ThreadPoolExecutor.runWorker(ThreadPoolExecutor.java:1142)
	at java.util.concurrent.ThreadPoolExecutor$Worker.run(ThreadPoolExecutor.java:617)
	at java.lang.Thread.run(Thread.java:745)
2021-11-08 11:11:14,908 [myid:2] - WARN  [QuorumConnectionThread-[myid=2]-3:QuorumCnxManager@401] - Cannot open channel to 0 at election address invalid.hostname.unreachable.com:27416|/0:0:0:0:0:0:0:1:27414
java.net.UnknownHostException: invalid.hostname.unreachable.com
	at java.net.AbstractPlainSocketImpl.connect(AbstractPlainSocketImpl.java:184)
	at java.net.PlainSocketImpl.connect(PlainSocketImpl.java:172)
	at java.net.SocksSocketImpl.connect(SocksSocketImpl.java:392)
	at java.net.Socket.connect(Socket.java:589)
	at org.apache.zookeeper.server.quorum.QuorumCnxManager.initiateConnection(QuorumCnxManager.java:384)
	at org.apache.zookeeper.server.quorum.QuorumCnxManager$QuorumConnectionReqThread.run(QuorumCnxManager.java:458)
	at java.util.concurrent.ThreadPoolExecutor.runWorker(ThreadPoolExecutor.java:1142)
	at java.util.concurrent.ThreadPoolExecutor$Worker.run(ThreadPoolExecutor.java:617)
	at java.lang.Thread.run(Thread.java:745)
2021-11-08 11:11:15,108 [myid:127.0.0.1:27412] - INFO  [main-SendThread(127.0.0.1:27412):ClientCnxn$SendThread@1171] - Opening socket connection to server xmind.net/127.0.0.1:27412.
2021-11-08 11:11:15,108 [myid:127.0.0.1:27412] - INFO  [main-SendThread(127.0.0.1:27412):ClientCnxn$SendThread@1173] - SASL config status: Will not attempt to authenticate using SASL (unknown error)
2021-11-08 11:11:15,109 [myid:127.0.0.1:27412] - INFO  [main-SendThread(127.0.0.1:27412):ClientCnxn$SendThread@1005] - Socket connection established, initiating session, client: /127.0.0.1:7782, server: xmind.net/127.0.0.1:27412
2021-11-08 11:11:15,110 [myid:0] - WARN  [NIOWorkerThread-2:NIOServerCnxn@380] - Close of session 0x0
java.io.IOException: ZooKeeperServer not running
	at org.apache.zookeeper.server.NIOServerCnxn.readLength(NIOServerCnxn.java:554)
	at org.apache.zookeeper.server.NIOServerCnxn.doIO(NIOServerCnxn.java:339)
	at org.apache.zookeeper.server.NIOServerCnxnFactory$IOWorkRequest.doWork(NIOServerCnxnFactory.java:508)
	at org.apache.zookeeper.server.WorkerService$ScheduledWorkRequest.run(WorkerService.java:154)
	at java.util.concurrent.ThreadPoolExecutor.runWorker(ThreadPoolExecutor.java:1142)
	at java.util.concurrent.ThreadPoolExecutor$Worker.run(ThreadPoolExecutor.java:617)
	at java.lang.Thread.run(Thread.java:745)
2021-11-08 11:11:15,110 [myid:127.0.0.1:27412] - WARN  [main-SendThread(127.0.0.1:27412):ClientCnxn$SendThread@1290] - Session 0x0 for sever xmind.net/127.0.0.1:27412, Closing socket connection. Attempting reconnect except it is a SessionExpiredException.
EndOfStreamException: Unable to read additional data from server sessionid 0x0, likely server has closed socket
	at org.apache.zookeeper.ClientCnxnSocketNIO.doIO(ClientCnxnSocketNIO.java:77)
	at org.apache.zookeeper.ClientCnxnSocketNIO.doTransport(ClientCnxnSocketNIO.java:350)
	at org.apache.zookeeper.ClientCnxn$SendThread.run(ClientCnxn.java:1280)
2021-11-08 11:11:15,186 [myid:127.0.0.1:27417] - INFO  [main-SendThread(127.0.0.1:27417):ClientCnxn$SendThread@1171] - Opening socket connection to server xmind.net/127.0.0.1:27417.
2021-11-08 11:11:15,186 [myid:127.0.0.1:27417] - INFO  [main-SendThread(127.0.0.1:27417):ClientCnxn$SendThread@1173] - SASL config status: Will not attempt to authenticate using SASL (unknown error)
2021-11-08 11:11:15,186 [myid:127.0.0.1:27417] - INFO  [main-SendThread(127.0.0.1:27417):ClientCnxn$SendThread@1005] - Socket connection established, initiating session, client: /127.0.0.1:7821, server: xmind.net/127.0.0.1:27417
2021-11-08 11:11:15,187 [myid:1] - WARN  [NIOWorkerThread-2:NIOServerCnxn@380] - Close of session 0x0
java.io.IOException: ZooKeeperServer not running
	at org.apache.zookeeper.server.NIOServerCnxn.readLength(NIOServerCnxn.java:554)
	at org.apache.zookeeper.server.NIOServerCnxn.doIO(NIOServerCnxn.java:339)
	at org.apache.zookeeper.server.NIOServerCnxnFactory$IOWorkRequest.doWork(NIOServerCnxnFactory.java:508)
	at org.apache.zookeeper.server.WorkerService$ScheduledWorkRequest.run(WorkerService.java:154)
	at java.util.concurrent.ThreadPoolExecutor.runWorker(ThreadPoolExecutor.java:1142)
	at java.util.concurrent.ThreadPoolExecutor$Worker.run(ThreadPoolExecutor.java:617)
	at java.lang.Thread.run(Thread.java:745)
2021-11-08 11:11:15,187 [myid:127.0.0.1:27417] - WARN  [main-SendThread(127.0.0.1:27417):ClientCnxn$SendThread@1290] - Session 0x0 for sever xmind.net/127.0.0.1:27417, Closing socket connection. Attempting reconnect except it is a SessionExpiredException.
EndOfStreamException: Unable to read additional data from server sessionid 0x0, likely server has closed socket
	at org.apache.zookeeper.ClientCnxnSocketNIO.doIO(ClientCnxnSocketNIO.java:77)
	at org.apache.zookeeper.ClientCnxnSocketNIO.doTransport(ClientCnxnSocketNIO.java:350)
	at org.apache.zookeeper.ClientCnxn$SendThread.run(ClientCnxn.java:1280)
2021-11-08 11:11:15,216 [myid:1] - WARN  [QuorumConnectionThread-[myid=1]-3:QuorumCnxManager@401] - Cannot open channel to 0 at election address invalid.hostname.unreachable.com:27416|/0:0:0:0:0:0:0:1:27414
java.net.UnknownHostException: invalid.hostname.unreachable.com
	at java.net.AbstractPlainSocketImpl.connect(AbstractPlainSocketImpl.java:184)
	at java.net.PlainSocketImpl.connect(PlainSocketImpl.java:172)
	at java.net.SocksSocketImpl.connect(SocksSocketImpl.java:392)
	at java.net.Socket.connect(Socket.java:589)
	at org.apache.zookeeper.server.quorum.QuorumCnxManager.initiateConnection(QuorumCnxManager.java:384)
	at org.apache.zookeeper.server.quorum.QuorumCnxManager$QuorumConnectionReqThread.run(QuorumCnxManager.java:458)
	at java.util.concurrent.ThreadPoolExecutor.runWorker(ThreadPoolExecutor.java:1142)
	at java.util.concurrent.ThreadPoolExecutor$Worker.run(ThreadPoolExecutor.java:617)
	at java.lang.Thread.run(Thread.java:745)
2021-11-08 11:11:15,216 [myid:2] - INFO  [ListenerHandler-/0:0:0:0:0:0:0:1:27424:QuorumCnxManager$Listener$ListenerHandler@1071] - Received connection request from /0:0:0:0:0:0:0:1:7825
2021-11-08 11:11:15,216 [myid:1] - INFO  [QuorumConnectionThread-[myid=1]-2:QuorumCnxManager@514] - Have smaller server identifier, so dropping the connection: (myId:1 --> sid:2)
2021-11-08 11:11:15,296 [myid:0] - WARN  [QuorumConnectionThread-[myid=0]-3:QuorumCnxManager@401] - Cannot open channel to 1 at election address invalid.hostname.unreachable.com:27421|/0:0:0:0:0:0:0:1:27419
java.net.UnknownHostException: invalid.hostname.unreachable.com
	at java.net.AbstractPlainSocketImpl.connect(AbstractPlainSocketImpl.java:184)
	at java.net.PlainSocketImpl.connect(PlainSocketImpl.java:172)
	at java.net.SocksSocketImpl.connect(SocksSocketImpl.java:392)
	at java.net.Socket.connect(Socket.java:589)
	at org.apache.zookeeper.server.quorum.QuorumCnxManager.initiateConnection(QuorumCnxManager.java:384)
	at org.apache.zookeeper.server.quorum.QuorumCnxManager$QuorumConnectionReqThread.run(QuorumCnxManager.java:458)
	at java.util.concurrent.ThreadPoolExecutor.runWorker(ThreadPoolExecutor.java:1142)
	at java.util.concurrent.ThreadPoolExecutor$Worker.run(ThreadPoolExecutor.java:617)
	at java.lang.Thread.run(Thread.java:745)
2021-11-08 11:11:15,297 [myid:0] - INFO  [QuorumConnectionThread-[myid=0]-2:QuorumCnxManager@514] - Have smaller server identifier, so dropping the connection: (myId:0 --> sid:2)
2021-11-08 11:11:15,297 [myid:2] - WARN  [QuorumConnectionThread-[myid=2]-2:QuorumCnxManager@401] - Cannot open channel to 1 at election address invalid.hostname.unreachable.com:27421|/0:0:0:0:0:0:0:1:27419
java.net.UnknownHostException: invalid.hostname.unreachable.com
	at java.net.AbstractPlainSocketImpl.connect(AbstractPlainSocketImpl.java:184)
	at java.net.PlainSocketImpl.connect(PlainSocketImpl.java:172)
	at java.net.SocksSocketImpl.connect(SocksSocketImpl.java:392)
	at java.net.Socket.connect(Socket.java:589)
	at org.apache.zookeeper.server.quorum.QuorumCnxManager.initiateConnection(QuorumCnxManager.java:384)
	at org.apache.zookeeper.server.quorum.QuorumCnxManager$QuorumConnectionReqThread.run(QuorumCnxManager.java:458)
	at java.util.concurrent.ThreadPoolExecutor.runWorker(ThreadPoolExecutor.java:1142)
	at java.util.concurrent.ThreadPoolExecutor$Worker.run(ThreadPoolExecutor.java:617)
	at java.lang.Thread.run(Thread.java:745)
2021-11-08 11:11:15,297 [myid:2] - INFO  [ListenerHandler-/0:0:0:0:0:0:0:1:27424:QuorumCnxManager$Listener$ListenerHandler@1071] - Received connection request from /0:0:0:0:0:0:0:1:7826
2021-11-08 11:11:15,817 [myid:1] - INFO  [QuorumPeer[myid=1](plain=[0:0:0:0:0:0:0:0]:27417)(secure=disabled):FastLeaderElection@984] - Notification time out: 3200
2021-11-08 11:11:15,823 [myid:1] - ERROR [ListenerHandler-invalid.hostname.unreachable.com:27421:QuorumCnxManager$Listener$ListenerHandler@1113] - Leaving listener thread for address invalid.hostname.unreachable.com:27421 after 3 errors. Use zookeeper.electionPortBindRetry property to increase retry count.
2021-11-08 11:11:15,863 [myid:127.0.0.1:27422] - INFO  [main-SendThread(127.0.0.1:27422):ClientCnxn$SendThread@1171] - Opening socket connection to server xmind.net/127.0.0.1:27422.
2021-11-08 11:11:15,863 [myid:127.0.0.1:27422] - INFO  [main-SendThread(127.0.0.1:27422):ClientCnxn$SendThread@1173] - SASL config status: Will not attempt to authenticate using SASL (unknown error)
2021-11-08 11:11:15,864 [myid:127.0.0.1:27422] - INFO  [main-SendThread(127.0.0.1:27422):ClientCnxn$SendThread@1005] - Socket connection established, initiating session, client: /127.0.0.1:7860, server: xmind.net/127.0.0.1:27422
2021-11-08 11:11:15,864 [myid:2] - WARN  [NIOWorkerThread-3:NIOServerCnxn@380] - Close of session 0x0
java.io.IOException: ZooKeeperServer not running
	at org.apache.zookeeper.server.NIOServerCnxn.readLength(NIOServerCnxn.java:554)
	at org.apache.zookeeper.server.NIOServerCnxn.doIO(NIOServerCnxn.java:339)
	at org.apache.zookeeper.server.NIOServerCnxnFactory$IOWorkRequest.doWork(NIOServerCnxnFactory.java:508)
	at org.apache.zookeeper.server.WorkerService$ScheduledWorkRequest.run(WorkerService.java:154)
	at java.util.concurrent.ThreadPoolExecutor.runWorker(ThreadPoolExecutor.java:1142)
	at java.util.concurrent.ThreadPoolExecutor$Worker.run(ThreadPoolExecutor.java:617)
	at java.lang.Thread.run(Thread.java:745)
2021-11-08 11:11:15,864 [myid:127.0.0.1:27422] - WARN  [main-SendThread(127.0.0.1:27422):ClientCnxn$SendThread@1290] - Session 0x0 for sever xmind.net/127.0.0.1:27422, Closing socket connection. Attempting reconnect except it is a SessionExpiredException.
EndOfStreamException: Unable to read additional data from server sessionid 0x0, likely server has closed socket
	at org.apache.zookeeper.ClientCnxnSocketNIO.doIO(ClientCnxnSocketNIO.java:77)
	at org.apache.zookeeper.ClientCnxnSocketNIO.doTransport(ClientCnxnSocketNIO.java:350)
	at org.apache.zookeeper.ClientCnxn$SendThread.run(ClientCnxn.java:1280)
2021-11-08 11:11:15,893 [myid:0] - ERROR [ListenerHandler-invalid.hostname.unreachable.com:27416:QuorumCnxManager$Listener$ListenerHandler@1113] - Leaving listener thread for address invalid.hostname.unreachable.com:27416 after 3 errors. Use zookeeper.electionPortBindRetry property to increase retry count.
2021-11-08 11:11:15,893 [myid:2] - ERROR [ListenerHandler-invalid.hostname.unreachable.com:27426:QuorumCnxManager$Listener$ListenerHandler@1113] - Leaving listener thread for address invalid.hostname.unreachable.com:27426 after 3 errors. Use zookeeper.electionPortBindRetry property to increase retry count.
2021-11-08 11:11:15,898 [myid:2] - INFO  [QuorumPeer[myid=2](plain=[0:0:0:0:0:0:0:0]:27422)(secure=disabled):FastLeaderElection@984] - Notification time out: 3200
2021-11-08 11:11:15,898 [myid:0] - INFO  [QuorumPeer[myid=0](plain=[0:0:0:0:0:0:0:0]:27412)(secure=disabled):FastLeaderElection@984] - Notification time out: 3200
2021-11-08 11:11:15,955 [myid:127.0.0.1:27407] - WARN  [main-SendThread(127.0.0.1:27407):ClientCnxn$SendThread@1290] - Session 0x0 for sever xmind.net/127.0.0.1:27407, Closing socket connection. Attempting reconnect except it is a SessionExpiredException.
java.net.ConnectException: Connection refused: no further information
	at sun.nio.ch.SocketChannelImpl.checkConnect(Native Method)
	at sun.nio.ch.SocketChannelImpl.finishConnect(SocketChannelImpl.java:716)
	at org.apache.zookeeper.ClientCnxnSocketNIO.doTransport(ClientCnxnSocketNIO.java:344)
	at org.apache.zookeeper.ClientCnxn$SendThread.run(ClientCnxn.java:1280)
2021-11-08 11:11:16,300 [myid:2] - WARN  [QuorumConnectionThread-[myid=2]-2:QuorumCnxManager@401] - Cannot open channel to 0 at election address invalid.hostname.unreachable.com:27416|/0:0:0:0:0:0:0:1:27414
java.net.UnknownHostException: invalid.hostname.unreachable.com
	at java.net.AbstractPlainSocketImpl.connect(AbstractPlainSocketImpl.java:184)
	at java.net.PlainSocketImpl.connect(PlainSocketImpl.java:172)
	at java.net.SocksSocketImpl.connect(SocksSocketImpl.java:392)
	at java.net.Socket.connect(Socket.java:589)
	at org.apache.zookeeper.server.quorum.QuorumCnxManager.initiateConnection(QuorumCnxManager.java:384)
	at org.apache.zookeeper.server.quorum.QuorumCnxManager$QuorumConnectionReqThread.run(QuorumCnxManager.java:458)
	at java.util.concurrent.ThreadPoolExecutor.runWorker(ThreadPoolExecutor.java:1142)
	at java.util.concurrent.ThreadPoolExecutor$Worker.run(ThreadPoolExecutor.java:617)
	at java.lang.Thread.run(Thread.java:745)
2021-11-08 11:11:16,396 [myid:127.0.0.1:27402] - WARN  [main-SendThread(127.0.0.1:27402):ClientCnxn$SendThread@1290] - Session 0x0 for sever xmind.net/127.0.0.1:27402, Closing socket connection. Attempting reconnect except it is a SessionExpiredException.
java.net.ConnectException: Connection refused: no further information
	at sun.nio.ch.SocketChannelImpl.checkConnect(Native Method)
	at sun.nio.ch.SocketChannelImpl.finishConnect(SocketChannelImpl.java:716)
	at org.apache.zookeeper.ClientCnxnSocketNIO.doTransport(ClientCnxnSocketNIO.java:344)
	at org.apache.zookeeper.ClientCnxn$SendThread.run(ClientCnxn.java:1280)
2021-11-08 11:11:16,425 [myid:127.0.0.1:27412] - INFO  [main-SendThread(127.0.0.1:27412):ClientCnxn$SendThread@1171] - Opening socket connection to server xmind.net/127.0.0.1:27412.
2021-11-08 11:11:16,425 [myid:127.0.0.1:27412] - INFO  [main-SendThread(127.0.0.1:27412):ClientCnxn$SendThread@1173] - SASL config status: Will not attempt to authenticate using SASL (unknown error)
2021-11-08 11:11:16,425 [myid:127.0.0.1:27412] - INFO  [main-SendThread(127.0.0.1:27412):ClientCnxn$SendThread@1005] - Socket connection established, initiating session, client: /127.0.0.1:7873, server: xmind.net/127.0.0.1:27412
2021-11-08 11:11:16,426 [myid:0] - WARN  [NIOWorkerThread-3:NIOServerCnxn@380] - Close of session 0x0
java.io.IOException: ZooKeeperServer not running
	at org.apache.zookeeper.server.NIOServerCnxn.readLength(NIOServerCnxn.java:554)
	at org.apache.zookeeper.server.NIOServerCnxn.doIO(NIOServerCnxn.java:339)
	at org.apache.zookeeper.server.NIOServerCnxnFactory$IOWorkRequest.doWork(NIOServerCnxnFactory.java:508)
	at org.apache.zookeeper.server.WorkerService$ScheduledWorkRequest.run(WorkerService.java:154)
	at java.util.concurrent.ThreadPoolExecutor.runWorker(ThreadPoolExecutor.java:1142)
	at java.util.concurrent.ThreadPoolExecutor$Worker.run(ThreadPoolExecutor.java:617)
	at java.lang.Thread.run(Thread.java:745)
2021-11-08 11:11:16,426 [myid:127.0.0.1:27412] - WARN  [main-SendThread(127.0.0.1:27412):ClientCnxn$SendThread@1290] - Session 0x0 for sever xmind.net/127.0.0.1:27412, Closing socket connection. Attempting reconnect except it is a SessionExpiredException.
EndOfStreamException: Unable to read additional data from server sessionid 0x0, likely server has closed socket
	at org.apache.zookeeper.ClientCnxnSocketNIO.doIO(ClientCnxnSocketNIO.java:77)
	at org.apache.zookeeper.ClientCnxnSocketNIO.doTransport(ClientCnxnSocketNIO.java:350)
	at org.apache.zookeeper.ClientCnxn$SendThread.run(ClientCnxn.java:1280)
2021-11-08 11:11:16,428 [myid:127.0.0.1:27397] - WARN  [main-SendThread(127.0.0.1:27397):ClientCnxn$SendThread@1290] - Session 0x0 for sever xmind.net/127.0.0.1:27397, Closing socket connection. Attempting reconnect except it is a SessionExpiredException.
java.net.ConnectException: Connection refused: no further information
	at sun.nio.ch.SocketChannelImpl.checkConnect(Native Method)
	at sun.nio.ch.SocketChannelImpl.finishConnect(SocketChannelImpl.java:716)
	at org.apache.zookeeper.ClientCnxnSocketNIO.doTransport(ClientCnxnSocketNIO.java:344)
	at org.apache.zookeeper.ClientCnxn$SendThread.run(ClientCnxn.java:1280)
2021-11-08 11:11:16,700 [myid:127.0.0.1:27417] - INFO  [main-SendThread(127.0.0.1:27417):ClientCnxn$SendThread@1171] - Opening socket connection to server xmind.net/127.0.0.1:27417.
2021-11-08 11:11:16,700 [myid:127.0.0.1:27417] - INFO  [main-SendThread(127.0.0.1:27417):ClientCnxn$SendThread@1173] - SASL config status: Will not attempt to authenticate using SASL (unknown error)
2021-11-08 11:11:16,700 [myid:127.0.0.1:27417] - INFO  [main-SendThread(127.0.0.1:27417):ClientCnxn$SendThread@1005] - Socket connection established, initiating session, client: /127.0.0.1:7875, server: xmind.net/127.0.0.1:27417
2021-11-08 11:11:16,701 [myid:1] - WARN  [NIOWorkerThread-3:NIOServerCnxn@380] - Close of session 0x0
java.io.IOException: ZooKeeperServer not running
	at org.apache.zookeeper.server.NIOServerCnxn.readLength(NIOServerCnxn.java:554)
	at org.apache.zookeeper.server.NIOServerCnxn.doIO(NIOServerCnxn.java:339)
	at org.apache.zookeeper.server.NIOServerCnxnFactory$IOWorkRequest.doWork(NIOServerCnxnFactory.java:508)
	at org.apache.zookeeper.server.WorkerService$ScheduledWorkRequest.run(WorkerService.java:154)
	at java.util.concurrent.ThreadPoolExecutor.runWorker(ThreadPoolExecutor.java:1142)
	at java.util.concurrent.ThreadPoolExecutor$Worker.run(ThreadPoolExecutor.java:617)
	at java.lang.Thread.run(Thread.java:745)
2021-11-08 11:11:16,701 [myid:127.0.0.1:27417] - WARN  [main-SendThread(127.0.0.1:27417):ClientCnxn$SendThread@1290] - Session 0x0 for sever xmind.net/127.0.0.1:27417, Closing socket connection. Attempting reconnect except it is a SessionExpiredException.
EndOfStreamException: Unable to read additional data from server sessionid 0x0, likely server has closed socket
	at org.apache.zookeeper.ClientCnxnSocketNIO.doIO(ClientCnxnSocketNIO.java:77)
	at org.apache.zookeeper.ClientCnxnSocketNIO.doTransport(ClientCnxnSocketNIO.java:350)
	at org.apache.zookeeper.ClientCnxn$SendThread.run(ClientCnxn.java:1280)
2021-11-08 11:11:16,817 [myid:1] - WARN  [QuorumConnectionThread-[myid=1]-2:QuorumCnxManager@401] - Cannot open channel to 0 at election address invalid.hostname.unreachable.com:27416|/0:0:0:0:0:0:0:1:27414
java.net.UnknownHostException: invalid.hostname.unreachable.com
	at java.net.AbstractPlainSocketImpl.connect(AbstractPlainSocketImpl.java:184)
	at java.net.PlainSocketImpl.connect(PlainSocketImpl.java:172)
	at java.net.SocksSocketImpl.connect(SocksSocketImpl.java:392)
	at java.net.Socket.connect(Socket.java:589)
	at org.apache.zookeeper.server.quorum.QuorumCnxManager.initiateConnection(QuorumCnxManager.java:384)
	at org.apache.zookeeper.server.quorum.QuorumCnxManager$QuorumConnectionReqThread.run(QuorumCnxManager.java:458)
	at java.util.concurrent.ThreadPoolExecutor.runWorker(ThreadPoolExecutor.java:1142)
	at java.util.concurrent.ThreadPoolExecutor$Worker.run(ThreadPoolExecutor.java:617)
	at java.lang.Thread.run(Thread.java:745)
2021-11-08 11:11:16,817 [myid:2] - INFO  [ListenerHandler-/0:0:0:0:0:0:0:1:27424:QuorumCnxManager$Listener$ListenerHandler@1071] - Received connection request from /0:0:0:0:0:0:0:1:7876
2021-11-08 11:11:16,817 [myid:1] - INFO  [QuorumConnectionThread-[myid=1]-3:QuorumCnxManager@514] - Have smaller server identifier, so dropping the connection: (myId:1 --> sid:2)
2021-11-08 11:11:16,857 [myid:127.0.0.1:27380] - WARN  [main-SendThread(127.0.0.1:27380):ClientCnxn$SendThread@1290] - Session 0x5806e32b0002 for sever xmind.net/127.0.0.1:27380, Closing socket connection. Attempting reconnect except it is a SessionExpiredException.
java.net.ConnectException: Connection refused: no further information
	at sun.nio.ch.SocketChannelImpl.checkConnect(Native Method)
	at sun.nio.ch.SocketChannelImpl.finishConnect(SocketChannelImpl.java:716)
	at org.apache.zookeeper.ClientCnxnSocketNIO.doTransport(ClientCnxnSocketNIO.java:344)
	at org.apache.zookeeper.ClientCnxn$SendThread.run(ClientCnxn.java:1280)
2021-11-08 11:11:16,899 [myid:0] - WARN  [QuorumConnectionThread-[myid=0]-2:QuorumCnxManager@401] - Cannot open channel to 1 at election address invalid.hostname.unreachable.com:27421|/0:0:0:0:0:0:0:1:27419
java.net.UnknownHostException: invalid.hostname.unreachable.com
	at java.net.AbstractPlainSocketImpl.connect(AbstractPlainSocketImpl.java:184)
	at java.net.PlainSocketImpl.connect(PlainSocketImpl.java:172)
	at java.net.SocksSocketImpl.connect(SocksSocketImpl.java:392)
	at java.net.Socket.connect(Socket.java:589)
	at org.apache.zookeeper.server.quorum.QuorumCnxManager.initiateConnection(QuorumCnxManager.java:384)
	at org.apache.zookeeper.server.quorum.QuorumCnxManager$QuorumConnectionReqThread.run(QuorumCnxManager.java:458)
	at java.util.concurrent.ThreadPoolExecutor.runWorker(ThreadPoolExecutor.java:1142)
	at java.util.concurrent.ThreadPoolExecutor$Worker.run(ThreadPoolExecutor.java:617)
	at java.lang.Thread.run(Thread.java:745)
2021-11-08 11:11:16,899 [myid:2] - WARN  [QuorumConnectionThread-[myid=2]-3:QuorumCnxManager@401] - Cannot open channel to 1 at election address invalid.hostname.unreachable.com:27421|/0:0:0:0:0:0:0:1:27419
java.net.UnknownHostException: invalid.hostname.unreachable.com
	at java.net.AbstractPlainSocketImpl.connect(AbstractPlainSocketImpl.java:184)
	at java.net.PlainSocketImpl.connect(PlainSocketImpl.java:172)
	at java.net.SocksSocketImpl.connect(SocksSocketImpl.java:392)
	at java.net.Socket.connect(Socket.java:589)
	at org.apache.zookeeper.server.quorum.QuorumCnxManager.initiateConnection(QuorumCnxManager.java:384)
	at org.apache.zookeeper.server.quorum.QuorumCnxManager$QuorumConnectionReqThread.run(QuorumCnxManager.java:458)
	at java.util.concurrent.ThreadPoolExecutor.runWorker(ThreadPoolExecutor.java:1142)
	at java.util.concurrent.ThreadPoolExecutor$Worker.run(ThreadPoolExecutor.java:617)
	at java.lang.Thread.run(Thread.java:745)
2021-11-08 11:11:16,899 [myid:0] - INFO  [QuorumConnectionThread-[myid=0]-3:QuorumCnxManager@514] - Have smaller server identifier, so dropping the connection: (myId:0 --> sid:2)
2021-11-08 11:11:16,899 [myid:2] - INFO  [ListenerHandler-/0:0:0:0:0:0:0:1:27424:QuorumCnxManager$Listener$ListenerHandler@1071] - Received connection request from /0:0:0:0:0:0:0:1:7877
2021-11-08 11:11:17,685 [myid:127.0.0.1:27402] - INFO  [main-SendThread(127.0.0.1:27402):ClientCnxn$SendThread@1171] - Opening socket connection to server xmind.net/127.0.0.1:27402.
2021-11-08 11:11:17,685 [myid:127.0.0.1:27402] - INFO  [main-SendThread(127.0.0.1:27402):ClientCnxn$SendThread@1173] - SASL config status: Will not attempt to authenticate using SASL (unknown error)
2021-11-08 11:11:17,806 [myid:127.0.0.1:27422] - INFO  [main-SendThread(127.0.0.1:27422):ClientCnxn$SendThread@1171] - Opening socket connection to server xmind.net/127.0.0.1:27422.
2021-11-08 11:11:17,806 [myid:127.0.0.1:27422] - INFO  [main-SendThread(127.0.0.1:27422):ClientCnxn$SendThread@1173] - SASL config status: Will not attempt to authenticate using SASL (unknown error)
2021-11-08 11:11:17,806 [myid:127.0.0.1:27422] - INFO  [main-SendThread(127.0.0.1:27422):ClientCnxn$SendThread@1005] - Socket connection established, initiating session, client: /127.0.0.1:7891, server: xmind.net/127.0.0.1:27422
2021-11-08 11:11:17,807 [myid:2] - WARN  [NIOWorkerThread-4:NIOServerCnxn@380] - Close of session 0x0
java.io.IOException: ZooKeeperServer not running
	at org.apache.zookeeper.server.NIOServerCnxn.readLength(NIOServerCnxn.java:554)
	at org.apache.zookeeper.server.NIOServerCnxn.doIO(NIOServerCnxn.java:339)
	at org.apache.zookeeper.server.NIOServerCnxnFactory$IOWorkRequest.doWork(NIOServerCnxnFactory.java:508)
	at org.apache.zookeeper.server.WorkerService$ScheduledWorkRequest.run(WorkerService.java:154)
	at java.util.concurrent.ThreadPoolExecutor.runWorker(ThreadPoolExecutor.java:1142)
	at java.util.concurrent.ThreadPoolExecutor$Worker.run(ThreadPoolExecutor.java:617)
	at java.lang.Thread.run(Thread.java:745)
2021-11-08 11:11:17,807 [myid:127.0.0.1:27422] - WARN  [main-SendThread(127.0.0.1:27422):ClientCnxn$SendThread@1290] - Session 0x0 for sever xmind.net/127.0.0.1:27422, Closing socket connection. Attempting reconnect except it is a SessionExpiredException.
EndOfStreamException: Unable to read additional data from server sessionid 0x0, likely server has closed socket
	at org.apache.zookeeper.ClientCnxnSocketNIO.doIO(ClientCnxnSocketNIO.java:77)
	at org.apache.zookeeper.ClientCnxnSocketNIO.doTransport(ClientCnxnSocketNIO.java:350)
	at org.apache.zookeeper.ClientCnxn$SendThread.run(ClientCnxn.java:1280)
2021-11-08 11:11:17,829 [myid:127.0.0.1:27397] - INFO  [main-SendThread(127.0.0.1:27397):ClientCnxn$SendThread@1171] - Opening socket connection to server xmind.net/127.0.0.1:27397.
2021-11-08 11:11:17,829 [myid:127.0.0.1:27397] - INFO  [main-SendThread(127.0.0.1:27397):ClientCnxn$SendThread@1173] - SASL config status: Will not attempt to authenticate using SASL (unknown error)
2021-11-08 11:11:17,900 [myid:2] - WARN  [QuorumConnectionThread-[myid=2]-3:QuorumCnxManager@401] - Cannot open channel to 0 at election address invalid.hostname.unreachable.com:27416|/0:0:0:0:0:0:0:1:27414
java.net.UnknownHostException: invalid.hostname.unreachable.com
	at java.net.AbstractPlainSocketImpl.connect(AbstractPlainSocketImpl.java:184)
	at java.net.PlainSocketImpl.connect(PlainSocketImpl.java:172)
	at java.net.SocksSocketImpl.connect(SocksSocketImpl.java:392)
	at java.net.Socket.connect(Socket.java:589)
	at org.apache.zookeeper.server.quorum.QuorumCnxManager.initiateConnection(QuorumCnxManager.java:384)
	at org.apache.zookeeper.server.quorum.QuorumCnxManager$QuorumConnectionReqThread.run(QuorumCnxManager.java:458)
	at java.util.concurrent.ThreadPoolExecutor.runWorker(ThreadPoolExecutor.java:1142)
	at java.util.concurrent.ThreadPoolExecutor$Worker.run(ThreadPoolExecutor.java:617)
	at java.lang.Thread.run(Thread.java:745)
2021-11-08 11:11:17,922 [myid:127.0.0.1:27407] - INFO  [main-SendThread(127.0.0.1:27407):ClientCnxn$SendThread@1171] - Opening socket connection to server xmind.net/127.0.0.1:27407.
2021-11-08 11:11:17,922 [myid:127.0.0.1:27407] - INFO  [main-SendThread(127.0.0.1:27407):ClientCnxn$SendThread@1173] - SASL config status: Will not attempt to authenticate using SASL (unknown error)
2021-11-08 11:11:18,017 [myid:127.0.0.1:27380] - INFO  [main-SendThread(127.0.0.1:27380):ClientCnxn$SendThread@1171] - Opening socket connection to server xmind.net/127.0.0.1:27380.
2021-11-08 11:11:18,017 [myid:127.0.0.1:27380] - INFO  [main-SendThread(127.0.0.1:27380):ClientCnxn$SendThread@1173] - SASL config status: Will not attempt to authenticate using SASL (unknown error)
2021-11-08 11:11:18,344 [myid:127.0.0.1:27412] - INFO  [main-SendThread(127.0.0.1:27412):ClientCnxn$SendThread@1171] - Opening socket connection to server xmind.net/127.0.0.1:27412.
2021-11-08 11:11:18,344 [myid:127.0.0.1:27412] - INFO  [main-SendThread(127.0.0.1:27412):ClientCnxn$SendThread@1173] - SASL config status: Will not attempt to authenticate using SASL (unknown error)
2021-11-08 11:11:18,344 [myid:127.0.0.1:27412] - INFO  [main-SendThread(127.0.0.1:27412):ClientCnxn$SendThread@1005] - Socket connection established, initiating session, client: /127.0.0.1:7911, server: xmind.net/127.0.0.1:27412
2021-11-08 11:11:18,345 [myid:0] - WARN  [NIOWorkerThread-4:NIOServerCnxn@380] - Close of session 0x0
java.io.IOException: ZooKeeperServer not running
	at org.apache.zookeeper.server.NIOServerCnxn.readLength(NIOServerCnxn.java:554)
	at org.apache.zookeeper.server.NIOServerCnxn.doIO(NIOServerCnxn.java:339)
	at org.apache.zookeeper.server.NIOServerCnxnFactory$IOWorkRequest.doWork(NIOServerCnxnFactory.java:508)
	at org.apache.zookeeper.server.WorkerService$ScheduledWorkRequest.run(WorkerService.java:154)
	at java.util.concurrent.ThreadPoolExecutor.runWorker(ThreadPoolExecutor.java:1142)
	at java.util.concurrent.ThreadPoolExecutor$Worker.run(ThreadPoolExecutor.java:617)
	at java.lang.Thread.run(Thread.java:745)
2021-11-08 11:11:18,345 [myid:127.0.0.1:27412] - WARN  [main-SendThread(127.0.0.1:27412):ClientCnxn$SendThread@1290] - Session 0x0 for sever xmind.net/127.0.0.1:27412, Closing socket connection. Attempting reconnect except it is a SessionExpiredException.
EndOfStreamException: Unable to read additional data from server sessionid 0x0, likely server has closed socket
	at org.apache.zookeeper.ClientCnxnSocketNIO.doIO(ClientCnxnSocketNIO.java:77)
	at org.apache.zookeeper.ClientCnxnSocketNIO.doTransport(ClientCnxnSocketNIO.java:350)
	at org.apache.zookeeper.ClientCnxn$SendThread.run(ClientCnxn.java:1280)
2021-11-08 11:11:18,500 [myid:127.0.0.1:27417] - INFO  [main-SendThread(127.0.0.1:27417):ClientCnxn$SendThread@1171] - Opening socket connection to server xmind.net/127.0.0.1:27417.
2021-11-08 11:11:18,500 [myid:127.0.0.1:27417] - INFO  [main-SendThread(127.0.0.1:27417):ClientCnxn$SendThread@1173] - SASL config status: Will not attempt to authenticate using SASL (unknown error)
2021-11-08 11:11:18,501 [myid:127.0.0.1:27417] - INFO  [main-SendThread(127.0.0.1:27417):ClientCnxn$SendThread@1005] - Socket connection established, initiating session, client: /127.0.0.1:7957, server: xmind.net/127.0.0.1:27417
2021-11-08 11:11:18,501 [myid:1] - WARN  [NIOWorkerThread-4:NIOServerCnxn@380] - Close of session 0x0
java.io.IOException: ZooKeeperServer not running
	at org.apache.zookeeper.server.NIOServerCnxn.readLength(NIOServerCnxn.java:554)
	at org.apache.zookeeper.server.NIOServerCnxn.doIO(NIOServerCnxn.java:339)
	at org.apache.zookeeper.server.NIOServerCnxnFactory$IOWorkRequest.doWork(NIOServerCnxnFactory.java:508)
	at org.apache.zookeeper.server.WorkerService$ScheduledWorkRequest.run(WorkerService.java:154)
	at java.util.concurrent.ThreadPoolExecutor.runWorker(ThreadPoolExecutor.java:1142)
	at java.util.concurrent.ThreadPoolExecutor$Worker.run(ThreadPoolExecutor.java:617)
	at java.lang.Thread.run(Thread.java:745)
2021-11-08 11:11:18,501 [myid:127.0.0.1:27417] - WARN  [main-SendThread(127.0.0.1:27417):ClientCnxn$SendThread@1290] - Session 0x0 for sever xmind.net/127.0.0.1:27417, Closing socket connection. Attempting reconnect except it is a SessionExpiredException.
EndOfStreamException: Unable to read additional data from server sessionid 0x0, likely server has closed socket
	at org.apache.zookeeper.ClientCnxnSocketNIO.doIO(ClientCnxnSocketNIO.java:77)
	at org.apache.zookeeper.ClientCnxnSocketNIO.doTransport(ClientCnxnSocketNIO.java:350)
	at org.apache.zookeeper.ClientCnxn$SendThread.run(ClientCnxn.java:1280)
2021-11-08 11:11:19,029 [myid:1] - INFO  [QuorumPeer[myid=1](plain=[0:0:0:0:0:0:0:0]:27417)(secure=disabled):FastLeaderElection@984] - Notification time out: 6400
2021-11-08 11:11:19,099 [myid:2] - INFO  [QuorumPeer[myid=2](plain=[0:0:0:0:0:0:0:0]:27422)(secure=disabled):FastLeaderElection@984] - Notification time out: 6400
2021-11-08 11:11:19,101 [myid:0] - INFO  [QuorumPeer[myid=0](plain=[0:0:0:0:0:0:0:0]:27412)(secure=disabled):FastLeaderElection@984] - Notification time out: 6400
2021-11-08 11:11:19,485 [myid:127.0.0.1:27422] - INFO  [main-SendThread(127.0.0.1:27422):ClientCnxn$SendThread@1171] - Opening socket connection to server xmind.net/127.0.0.1:27422.
2021-11-08 11:11:19,485 [myid:127.0.0.1:27422] - INFO  [main-SendThread(127.0.0.1:27422):ClientCnxn$SendThread@1173] - SASL config status: Will not attempt to authenticate using SASL (unknown error)
2021-11-08 11:11:19,486 [myid:127.0.0.1:27422] - INFO  [main-SendThread(127.0.0.1:27422):ClientCnxn$SendThread@1005] - Socket connection established, initiating session, client: /127.0.0.1:7979, server: xmind.net/127.0.0.1:27422
2021-11-08 11:11:19,488 [myid:2] - WARN  [NIOWorkerThread-5:NIOServerCnxn@380] - Close of session 0x0
java.io.IOException: ZooKeeperServer not running
	at org.apache.zookeeper.server.NIOServerCnxn.readLength(NIOServerCnxn.java:554)
	at org.apache.zookeeper.server.NIOServerCnxn.doIO(NIOServerCnxn.java:339)
	at org.apache.zookeeper.server.NIOServerCnxnFactory$IOWorkRequest.doWork(NIOServerCnxnFactory.java:508)
	at org.apache.zookeeper.server.WorkerService$ScheduledWorkRequest.run(WorkerService.java:154)
	at java.util.concurrent.ThreadPoolExecutor.runWorker(ThreadPoolExecutor.java:1142)
	at java.util.concurrent.ThreadPoolExecutor$Worker.run(ThreadPoolExecutor.java:617)
	at java.lang.Thread.run(Thread.java:745)
2021-11-08 11:11:19,489 [myid:127.0.0.1:27422] - WARN  [main-SendThread(127.0.0.1:27422):ClientCnxn$SendThread@1290] - Session 0x0 for sever xmind.net/127.0.0.1:27422, Closing socket connection. Attempting reconnect except it is a SessionExpiredException.
EndOfStreamException: Unable to read additional data from server sessionid 0x0, likely server has closed socket
	at org.apache.zookeeper.ClientCnxnSocketNIO.doIO(ClientCnxnSocketNIO.java:77)
	at org.apache.zookeeper.ClientCnxnSocketNIO.doTransport(ClientCnxnSocketNIO.java:350)
	at org.apache.zookeeper.ClientCnxn$SendThread.run(ClientCnxn.java:1280)
2021-11-08 11:11:19,739 [myid:127.0.0.1:27402] - WARN  [main-SendThread(127.0.0.1:27402):ClientCnxn$SendThread@1290] - Session 0x0 for sever xmind.net/127.0.0.1:27402, Closing socket connection. Attempting reconnect except it is a SessionExpiredException.
java.net.ConnectException: Connection refused: no further information
	at sun.nio.ch.SocketChannelImpl.checkConnect(Native Method)
	at sun.nio.ch.SocketChannelImpl.finishConnect(SocketChannelImpl.java:716)
	at org.apache.zookeeper.ClientCnxnSocketNIO.doTransport(ClientCnxnSocketNIO.java:344)
	at org.apache.zookeeper.ClientCnxn$SendThread.run(ClientCnxn.java:1280)
2021-11-08 11:11:19,864 [myid:127.0.0.1:27397] - WARN  [main-SendThread(127.0.0.1:27397):ClientCnxn$SendThread@1290] - Session 0x0 for sever xmind.net/127.0.0.1:27397, Closing socket connection. Attempting reconnect except it is a SessionExpiredException.
java.net.ConnectException: Connection refused: no further information
	at sun.nio.ch.SocketChannelImpl.checkConnect(Native Method)
	at sun.nio.ch.SocketChannelImpl.finishConnect(SocketChannelImpl.java:716)
	at org.apache.zookeeper.ClientCnxnSocketNIO.doTransport(ClientCnxnSocketNIO.java:344)
	at org.apache.zookeeper.ClientCnxn$SendThread.run(ClientCnxn.java:1280)
2021-11-08 11:11:19,955 [myid:127.0.0.1:27407] - WARN  [main-SendThread(127.0.0.1:27407):ClientCnxn$SendThread@1290] - Session 0x0 for sever xmind.net/127.0.0.1:27407, Closing socket connection. Attempting reconnect except it is a SessionExpiredException.
java.net.ConnectException: Connection refused: no further information
	at sun.nio.ch.SocketChannelImpl.checkConnect(Native Method)
	at sun.nio.ch.SocketChannelImpl.finishConnect(SocketChannelImpl.java:716)
	at org.apache.zookeeper.ClientCnxnSocketNIO.doTransport(ClientCnxnSocketNIO.java:344)
	at org.apache.zookeeper.ClientCnxn$SendThread.run(ClientCnxn.java:1280)
2021-11-08 11:11:19,978 [myid:127.0.0.1:27412] - INFO  [main-SendThread(127.0.0.1:27412):ClientCnxn$SendThread@1171] - Opening socket connection to server xmind.net/127.0.0.1:27412.
2021-11-08 11:11:19,978 [myid:127.0.0.1:27412] - INFO  [main-SendThread(127.0.0.1:27412):ClientCnxn$SendThread@1173] - SASL config status: Will not attempt to authenticate using SASL (unknown error)
2021-11-08 11:11:19,978 [myid:127.0.0.1:27412] - INFO  [main-SendThread(127.0.0.1:27412):ClientCnxn$SendThread@1005] - Socket connection established, initiating session, client: /127.0.0.1:7988, server: xmind.net/127.0.0.1:27412
2021-11-08 11:11:19,979 [myid:0] - WARN  [NIOWorkerThread-5:NIOServerCnxn@380] - Close of session 0x0
java.io.IOException: ZooKeeperServer not running
	at org.apache.zookeeper.server.NIOServerCnxn.readLength(NIOServerCnxn.java:554)
	at org.apache.zookeeper.server.NIOServerCnxn.doIO(NIOServerCnxn.java:339)
	at org.apache.zookeeper.server.NIOServerCnxnFactory$IOWorkRequest.doWork(NIOServerCnxnFactory.java:508)
	at org.apache.zookeeper.server.WorkerService$ScheduledWorkRequest.run(WorkerService.java:154)
	at java.util.concurrent.ThreadPoolExecutor.runWorker(ThreadPoolExecutor.java:1142)
	at java.util.concurrent.ThreadPoolExecutor$Worker.run(ThreadPoolExecutor.java:617)
	at java.lang.Thread.run(Thread.java:745)
2021-11-08 11:11:19,979 [myid:127.0.0.1:27412] - WARN  [main-SendThread(127.0.0.1:27412):ClientCnxn$SendThread@1290] - Session 0x0 for sever xmind.net/127.0.0.1:27412, Closing socket connection. Attempting reconnect except it is a SessionExpiredException.
EndOfStreamException: Unable to read additional data from server sessionid 0x0, likely server has closed socket
	at org.apache.zookeeper.ClientCnxnSocketNIO.doIO(ClientCnxnSocketNIO.java:77)
	at org.apache.zookeeper.ClientCnxnSocketNIO.doTransport(ClientCnxnSocketNIO.java:350)
	at org.apache.zookeeper.ClientCnxn$SendThread.run(ClientCnxn.java:1280)
2021-11-08 11:11:20,030 [myid:1] - WARN  [QuorumConnectionThread-[myid=1]-3:QuorumCnxManager@401] - Cannot open channel to 0 at election address invalid.hostname.unreachable.com:27416|/0:0:0:0:0:0:0:1:27414
java.net.UnknownHostException: invalid.hostname.unreachable.com
	at java.net.AbstractPlainSocketImpl.connect(AbstractPlainSocketImpl.java:184)
	at java.net.PlainSocketImpl.connect(PlainSocketImpl.java:172)
	at java.net.SocksSocketImpl.connect(SocksSocketImpl.java:392)
	at java.net.Socket.connect(Socket.java:589)
	at org.apache.zookeeper.server.quorum.QuorumCnxManager.initiateConnection(QuorumCnxManager.java:384)
	at org.apache.zookeeper.server.quorum.QuorumCnxManager$QuorumConnectionReqThread.run(QuorumCnxManager.java:458)
	at java.util.concurrent.ThreadPoolExecutor.runWorker(ThreadPoolExecutor.java:1142)
	at java.util.concurrent.ThreadPoolExecutor$Worker.run(ThreadPoolExecutor.java:617)
	at java.lang.Thread.run(Thread.java:745)
2021-11-08 11:11:20,030 [myid:1] - INFO  [QuorumConnectionThread-[myid=1]-2:QuorumCnxManager@514] - Have smaller server identifier, so dropping the connection: (myId:1 --> sid:2)
2021-11-08 11:11:20,030 [myid:2] - INFO  [ListenerHandler-/0:0:0:0:0:0:0:1:27424:QuorumCnxManager$Listener$ListenerHandler@1071] - Received connection request from /0:0:0:0:0:0:0:1:7989
2021-11-08 11:11:20,055 [myid:127.0.0.1:27380] - WARN  [main-SendThread(127.0.0.1:27380):ClientCnxn$SendThread@1290] - Session 0x5806e32b0002 for sever xmind.net/127.0.0.1:27380, Closing socket connection. Attempting reconnect except it is a SessionExpiredException.
java.net.ConnectException: Connection refused: no further information
	at sun.nio.ch.SocketChannelImpl.checkConnect(Native Method)
	at sun.nio.ch.SocketChannelImpl.finishConnect(SocketChannelImpl.java:716)
	at org.apache.zookeeper.ClientCnxnSocketNIO.doTransport(ClientCnxnSocketNIO.java:344)
	at org.apache.zookeeper.ClientCnxn$SendThread.run(ClientCnxn.java:1280)
2021-11-08 11:11:20,100 [myid:2] - WARN  [QuorumConnectionThread-[myid=2]-3:QuorumCnxManager@401] - Cannot open channel to 0 at election address invalid.hostname.unreachable.com:27416|/0:0:0:0:0:0:0:1:27414
java.net.UnknownHostException: invalid.hostname.unreachable.com
	at java.net.AbstractPlainSocketImpl.connect(AbstractPlainSocketImpl.java:184)
	at java.net.PlainSocketImpl.connect(PlainSocketImpl.java:172)
	at java.net.SocksSocketImpl.connect(SocksSocketImpl.java:392)
	at java.net.Socket.connect(Socket.java:589)
	at org.apache.zookeeper.server.quorum.QuorumCnxManager.initiateConnection(QuorumCnxManager.java:384)
	at org.apache.zookeeper.server.quorum.QuorumCnxManager$QuorumConnectionReqThread.run(QuorumCnxManager.java:458)
	at java.util.concurrent.ThreadPoolExecutor.runWorker(ThreadPoolExecutor.java:1142)
	at java.util.concurrent.ThreadPoolExecutor$Worker.run(ThreadPoolExecutor.java:617)
	at java.lang.Thread.run(Thread.java:745)
2021-11-08 11:11:20,100 [myid:2] - WARN  [QuorumConnectionThread-[myid=2]-2:QuorumCnxManager@401] - Cannot open channel to 1 at election address invalid.hostname.unreachable.com:27421|/0:0:0:0:0:0:0:1:27419
java.net.UnknownHostException: invalid.hostname.unreachable.com
	at java.net.AbstractPlainSocketImpl.connect(AbstractPlainSocketImpl.java:184)
	at java.net.PlainSocketImpl.connect(PlainSocketImpl.java:172)
	at java.net.SocksSocketImpl.connect(SocksSocketImpl.java:392)
	at java.net.Socket.connect(Socket.java:589)
	at org.apache.zookeeper.server.quorum.QuorumCnxManager.initiateConnection(QuorumCnxManager.java:384)
	at org.apache.zookeeper.server.quorum.QuorumCnxManager$QuorumConnectionReqThread.run(QuorumCnxManager.java:458)
	at java.util.concurrent.ThreadPoolExecutor.runWorker(ThreadPoolExecutor.java:1142)
	at java.util.concurrent.ThreadPoolExecutor$Worker.run(ThreadPoolExecutor.java:617)
	at java.lang.Thread.run(Thread.java:745)
2021-11-08 11:11:20,100 [myid:2] - INFO  [ListenerHandler-/0:0:0:0:0:0:0:1:27424:QuorumCnxManager$Listener$ListenerHandler@1071] - Received connection request from /0:0:0:0:0:0:0:1:7990
2021-11-08 11:11:20,100 [myid:0] - INFO  [QuorumConnectionThread-[myid=0]-2:QuorumCnxManager@514] - Have smaller server identifier, so dropping the connection: (myId:0 --> sid:2)
2021-11-08 11:11:20,101 [myid:0] - WARN  [QuorumConnectionThread-[myid=0]-3:QuorumCnxManager@401] - Cannot open channel to 1 at election address invalid.hostname.unreachable.com:27421|/0:0:0:0:0:0:0:1:27419
java.net.UnknownHostException: invalid.hostname.unreachable.com
	at java.net.AbstractPlainSocketImpl.connect(AbstractPlainSocketImpl.java:184)
	at java.net.PlainSocketImpl.connect(PlainSocketImpl.java:172)
	at java.net.SocksSocketImpl.connect(SocksSocketImpl.java:392)
	at java.net.Socket.connect(Socket.java:589)
	at org.apache.zookeeper.server.quorum.QuorumCnxManager.initiateConnection(QuorumCnxManager.java:384)
	at org.apache.zookeeper.server.quorum.QuorumCnxManager$QuorumConnectionReqThread.run(QuorumCnxManager.java:458)
	at java.util.concurrent.ThreadPoolExecutor.runWorker(ThreadPoolExecutor.java:1142)
	at java.util.concurrent.ThreadPoolExecutor$Worker.run(ThreadPoolExecutor.java:617)
	at java.lang.Thread.run(Thread.java:745)
2021-11-08 11:11:20,526 [myid:127.0.0.1:27417] - INFO  [main-SendThread(127.0.0.1:27417):ClientCnxn$SendThread@1171] - Opening socket connection to server xmind.net/127.0.0.1:27417.
2021-11-08 11:11:20,526 [myid:127.0.0.1:27417] - INFO  [main-SendThread(127.0.0.1:27417):ClientCnxn$SendThread@1173] - SASL config status: Will not attempt to authenticate using SASL (unknown error)
2021-11-08 11:11:20,526 [myid:127.0.0.1:27417] - INFO  [main-SendThread(127.0.0.1:27417):ClientCnxn$SendThread@1005] - Socket connection established, initiating session, client: /127.0.0.1:7997, server: xmind.net/127.0.0.1:27417
2021-11-08 11:11:20,527 [myid:1] - WARN  [NIOWorkerThread-5:NIOServerCnxn@380] - Close of session 0x0
java.io.IOException: ZooKeeperServer not running
	at org.apache.zookeeper.server.NIOServerCnxn.readLength(NIOServerCnxn.java:554)
	at org.apache.zookeeper.server.NIOServerCnxn.doIO(NIOServerCnxn.java:339)
	at org.apache.zookeeper.server.NIOServerCnxnFactory$IOWorkRequest.doWork(NIOServerCnxnFactory.java:508)
	at org.apache.zookeeper.server.WorkerService$ScheduledWorkRequest.run(WorkerService.java:154)
	at java.util.concurrent.ThreadPoolExecutor.runWorker(ThreadPoolExecutor.java:1142)
	at java.util.concurrent.ThreadPoolExecutor$Worker.run(ThreadPoolExecutor.java:617)
	at java.lang.Thread.run(Thread.java:745)
2021-11-08 11:11:20,527 [myid:127.0.0.1:27417] - WARN  [main-SendThread(127.0.0.1:27417):ClientCnxn$SendThread@1290] - Session 0x0 for sever xmind.net/127.0.0.1:27417, Closing socket connection. Attempting reconnect except it is a SessionExpiredException.
EndOfStreamException: Unable to read additional data from server sessionid 0x0, likely server has closed socket
	at org.apache.zookeeper.ClientCnxnSocketNIO.doIO(ClientCnxnSocketNIO.java:77)
	at org.apache.zookeeper.ClientCnxnSocketNIO.doTransport(ClientCnxnSocketNIO.java:350)
	at org.apache.zookeeper.ClientCnxn$SendThread.run(ClientCnxn.java:1280)
2021-11-08 11:11:20,856 [myid:127.0.0.1:27402] - INFO  [main-SendThread(127.0.0.1:27402):ClientCnxn$SendThread@1171] - Opening socket connection to server xmind.net/127.0.0.1:27402.
2021-11-08 11:11:20,856 [myid:127.0.0.1:27402] - INFO  [main-SendThread(127.0.0.1:27402):ClientCnxn$SendThread@1173] - SASL config status: Will not attempt to authenticate using SASL (unknown error)
2021-11-08 11:11:21,079 [myid:127.0.0.1:27407] - INFO  [main-SendThread(127.0.0.1:27407):ClientCnxn$SendThread@1171] - Opening socket connection to server xmind.net/127.0.0.1:27407.
2021-11-08 11:11:21,079 [myid:127.0.0.1:27407] - INFO  [main-SendThread(127.0.0.1:27407):ClientCnxn$SendThread@1173] - SASL config status: Will not attempt to authenticate using SASL (unknown error)
2021-11-08 11:11:21,101 [myid:2] - WARN  [QuorumConnectionThread-[myid=2]-2:QuorumCnxManager@401] - Cannot open channel to 0 at election address invalid.hostname.unreachable.com:27416|/0:0:0:0:0:0:0:1:27414
java.net.UnknownHostException: invalid.hostname.unreachable.com
	at java.net.AbstractPlainSocketImpl.connect(AbstractPlainSocketImpl.java:184)
	at java.net.PlainSocketImpl.connect(PlainSocketImpl.java:172)
	at java.net.SocksSocketImpl.connect(SocksSocketImpl.java:392)
	at java.net.Socket.connect(Socket.java:589)
	at org.apache.zookeeper.server.quorum.QuorumCnxManager.initiateConnection(QuorumCnxManager.java:384)
	at org.apache.zookeeper.server.quorum.QuorumCnxManager$QuorumConnectionReqThread.run(QuorumCnxManager.java:458)
	at java.util.concurrent.ThreadPoolExecutor.runWorker(ThreadPoolExecutor.java:1142)
	at java.util.concurrent.ThreadPoolExecutor$Worker.run(ThreadPoolExecutor.java:617)
	at java.lang.Thread.run(Thread.java:745)
2021-11-08 11:11:21,118 [myid:127.0.0.1:27397] - INFO  [main-SendThread(127.0.0.1:27397):ClientCnxn$SendThread@1171] - Opening socket connection to server xmind.net/127.0.0.1:27397.
2021-11-08 11:11:21,118 [myid:127.0.0.1:27397] - INFO  [main-SendThread(127.0.0.1:27397):ClientCnxn$SendThread@1173] - SASL config status: Will not attempt to authenticate using SASL (unknown error)
2021-11-08 11:11:21,509 [myid:127.0.0.1:27422] - INFO  [main-SendThread(127.0.0.1:27422):ClientCnxn$SendThread@1171] - Opening socket connection to server xmind.net/127.0.0.1:27422.
2021-11-08 11:11:21,509 [myid:127.0.0.1:27422] - INFO  [main-SendThread(127.0.0.1:27422):ClientCnxn$SendThread@1173] - SASL config status: Will not attempt to authenticate using SASL (unknown error)
2021-11-08 11:11:21,510 [myid:127.0.0.1:27422] - INFO  [main-SendThread(127.0.0.1:27422):ClientCnxn$SendThread@1005] - Socket connection established, initiating session, client: /127.0.0.1:8017, server: xmind.net/127.0.0.1:27422
2021-11-08 11:11:21,511 [myid:2] - WARN  [NIOWorkerThread-6:NIOServerCnxn@380] - Close of session 0x0
java.io.IOException: ZooKeeperServer not running
	at org.apache.zookeeper.server.NIOServerCnxn.readLength(NIOServerCnxn.java:554)
	at org.apache.zookeeper.server.NIOServerCnxn.doIO(NIOServerCnxn.java:339)
	at org.apache.zookeeper.server.NIOServerCnxnFactory$IOWorkRequest.doWork(NIOServerCnxnFactory.java:508)
	at org.apache.zookeeper.server.WorkerService$ScheduledWorkRequest.run(WorkerService.java:154)
	at java.util.concurrent.ThreadPoolExecutor.runWorker(ThreadPoolExecutor.java:1142)
	at java.util.concurrent.ThreadPoolExecutor$Worker.run(ThreadPoolExecutor.java:617)
	at java.lang.Thread.run(Thread.java:745)
2021-11-08 11:11:21,511 [myid:127.0.0.1:27422] - WARN  [main-SendThread(127.0.0.1:27422):ClientCnxn$SendThread@1290] - Session 0x0 for sever xmind.net/127.0.0.1:27422, Closing socket connection. Attempting reconnect except it is a SessionExpiredException.
EndOfStreamException: Unable to read additional data from server sessionid 0x0, likely server has closed socket
	at org.apache.zookeeper.ClientCnxnSocketNIO.doIO(ClientCnxnSocketNIO.java:77)
	at org.apache.zookeeper.ClientCnxnSocketNIO.doTransport(ClientCnxnSocketNIO.java:350)
	at org.apache.zookeeper.ClientCnxn$SendThread.run(ClientCnxn.java:1280)
2021-11-08 11:11:21,664 [myid:127.0.0.1:27412] - INFO  [main-SendThread(127.0.0.1:27412):ClientCnxn$SendThread@1171] - Opening socket connection to server xmind.net/127.0.0.1:27412.
2021-11-08 11:11:21,664 [myid:127.0.0.1:27412] - INFO  [main-SendThread(127.0.0.1:27412):ClientCnxn$SendThread@1173] - SASL config status: Will not attempt to authenticate using SASL (unknown error)
2021-11-08 11:11:21,664 [myid:127.0.0.1:27412] - INFO  [main-SendThread(127.0.0.1:27412):ClientCnxn$SendThread@1005] - Socket connection established, initiating session, client: /127.0.0.1:8018, server: xmind.net/127.0.0.1:27412
2021-11-08 11:11:21,665 [myid:0] - WARN  [NIOWorkerThread-6:NIOServerCnxn@380] - Close of session 0x0
java.io.IOException: ZooKeeperServer not running
	at org.apache.zookeeper.server.NIOServerCnxn.readLength(NIOServerCnxn.java:554)
	at org.apache.zookeeper.server.NIOServerCnxn.doIO(NIOServerCnxn.java:339)
	at org.apache.zookeeper.server.NIOServerCnxnFactory$IOWorkRequest.doWork(NIOServerCnxnFactory.java:508)
	at org.apache.zookeeper.server.WorkerService$ScheduledWorkRequest.run(WorkerService.java:154)
	at java.util.concurrent.ThreadPoolExecutor.runWorker(ThreadPoolExecutor.java:1142)
	at java.util.concurrent.ThreadPoolExecutor$Worker.run(ThreadPoolExecutor.java:617)
	at java.lang.Thread.run(Thread.java:745)
2021-11-08 11:11:21,665 [myid:127.0.0.1:27412] - WARN  [main-SendThread(127.0.0.1:27412):ClientCnxn$SendThread@1290] - Session 0x0 for sever xmind.net/127.0.0.1:27412, Closing socket connection. Attempting reconnect except it is a SessionExpiredException.
EndOfStreamException: Unable to read additional data from server sessionid 0x0, likely server has closed socket
	at org.apache.zookeeper.ClientCnxnSocketNIO.doIO(ClientCnxnSocketNIO.java:77)
	at org.apache.zookeeper.ClientCnxnSocketNIO.doTransport(ClientCnxnSocketNIO.java:350)
	at org.apache.zookeeper.ClientCnxn$SendThread.run(ClientCnxn.java:1280)
2021-11-08 11:11:21,685 [myid:127.0.0.1:27417] - INFO  [main-SendThread(127.0.0.1:27417):ClientCnxn$SendThread@1171] - Opening socket connection to server xmind.net/127.0.0.1:27417.
2021-11-08 11:11:21,685 [myid:127.0.0.1:27417] - INFO  [main-SendThread(127.0.0.1:27417):ClientCnxn$SendThread@1173] - SASL config status: Will not attempt to authenticate using SASL (unknown error)
2021-11-08 11:11:21,686 [myid:127.0.0.1:27417] - INFO  [main-SendThread(127.0.0.1:27417):ClientCnxn$SendThread@1005] - Socket connection established, initiating session, client: /127.0.0.1:8019, server: xmind.net/127.0.0.1:27417
2021-11-08 11:11:21,687 [myid:1] - WARN  [NIOWorkerThread-6:NIOServerCnxn@380] - Close of session 0x0
java.io.IOException: ZooKeeperServer not running
	at org.apache.zookeeper.server.NIOServerCnxn.readLength(NIOServerCnxn.java:554)
	at org.apache.zookeeper.server.NIOServerCnxn.doIO(NIOServerCnxn.java:339)
	at org.apache.zookeeper.server.NIOServerCnxnFactory$IOWorkRequest.doWork(NIOServerCnxnFactory.java:508)
	at org.apache.zookeeper.server.WorkerService$ScheduledWorkRequest.run(WorkerService.java:154)
	at java.util.concurrent.ThreadPoolExecutor.runWorker(ThreadPoolExecutor.java:1142)
	at java.util.concurrent.ThreadPoolExecutor$Worker.run(ThreadPoolExecutor.java:617)
	at java.lang.Thread.run(Thread.java:745)
2021-11-08 11:11:21,688 [myid:127.0.0.1:27417] - WARN  [main-SendThread(127.0.0.1:27417):ClientCnxn$SendThread@1290] - Session 0x0 for sever xmind.net/127.0.0.1:27417, Closing socket connection. Attempting reconnect except it is a SessionExpiredException.
EndOfStreamException: Unable to read additional data from server sessionid 0x0, likely server has closed socket
	at org.apache.zookeeper.ClientCnxnSocketNIO.doIO(ClientCnxnSocketNIO.java:77)
	at org.apache.zookeeper.ClientCnxnSocketNIO.doTransport(ClientCnxnSocketNIO.java:350)
	at org.apache.zookeeper.ClientCnxn$SendThread.run(ClientCnxn.java:1280)
2021-11-08 11:11:21,806 [myid:127.0.0.1:27380] - INFO  [main-SendThread(127.0.0.1:27380):ClientCnxn$SendThread@1171] - Opening socket connection to server xmind.net/127.0.0.1:27380.
2021-11-08 11:11:21,806 [myid:127.0.0.1:27380] - INFO  [main-SendThread(127.0.0.1:27380):ClientCnxn$SendThread@1173] - SASL config status: Will not attempt to authenticate using SASL (unknown error)
2021-11-08 11:11:22,907 [myid:127.0.0.1:27402] - WARN  [main-SendThread(127.0.0.1:27402):ClientCnxn$SendThread@1290] - Session 0x0 for sever xmind.net/127.0.0.1:27402, Closing socket connection. Attempting reconnect except it is a SessionExpiredException.
java.net.ConnectException: Connection refused: no further information
	at sun.nio.ch.SocketChannelImpl.checkConnect(Native Method)
	at sun.nio.ch.SocketChannelImpl.finishConnect(SocketChannelImpl.java:716)
	at org.apache.zookeeper.ClientCnxnSocketNIO.doTransport(ClientCnxnSocketNIO.java:344)
	at org.apache.zookeeper.ClientCnxn$SendThread.run(ClientCnxn.java:1280)
2021-11-08 11:11:23,100 [myid:127.0.0.1:27417] - INFO  [main-SendThread(127.0.0.1:27417):ClientCnxn$SendThread@1171] - Opening socket connection to server xmind.net/127.0.0.1:27417.
2021-11-08 11:11:23,100 [myid:127.0.0.1:27417] - INFO  [main-SendThread(127.0.0.1:27417):ClientCnxn$SendThread@1173] - SASL config status: Will not attempt to authenticate using SASL (unknown error)
2021-11-08 11:11:23,101 [myid:127.0.0.1:27417] - INFO  [main-SendThread(127.0.0.1:27417):ClientCnxn$SendThread@1005] - Socket connection established, initiating session, client: /127.0.0.1:8100, server: xmind.net/127.0.0.1:27417
2021-11-08 11:11:23,125 [myid:127.0.0.1:27407] - WARN  [main-SendThread(127.0.0.1:27407):ClientCnxn$SendThread@1290] - Session 0x0 for sever xmind.net/127.0.0.1:27407, Closing socket connection. Attempting reconnect except it is a SessionExpiredException.
java.net.ConnectException: Connection refused: no further information
	at sun.nio.ch.SocketChannelImpl.checkConnect(Native Method)
	at sun.nio.ch.SocketChannelImpl.finishConnect(SocketChannelImpl.java:716)
	at org.apache.zookeeper.ClientCnxnSocketNIO.doTransport(ClientCnxnSocketNIO.java:344)
	at org.apache.zookeeper.ClientCnxn$SendThread.run(ClientCnxn.java:1280)
2021-11-08 11:11:23,128 [myid:1] - WARN  [NIOWorkerThread-7:NIOServerCnxn@380] - Close of session 0x0
java.io.IOException: ZooKeeperServer not running
	at org.apache.zookeeper.server.NIOServerCnxn.readLength(NIOServerCnxn.java:554)
	at org.apache.zookeeper.server.NIOServerCnxn.doIO(NIOServerCnxn.java:339)
	at org.apache.zookeeper.server.NIOServerCnxnFactory$IOWorkRequest.doWork(NIOServerCnxnFactory.java:508)
	at org.apache.zookeeper.server.WorkerService$ScheduledWorkRequest.run(WorkerService.java:154)
	at java.util.concurrent.ThreadPoolExecutor.runWorker(ThreadPoolExecutor.java:1142)
	at java.util.concurrent.ThreadPoolExecutor$Worker.run(ThreadPoolExecutor.java:617)
	at java.lang.Thread.run(Thread.java:745)
2021-11-08 11:11:23,129 [myid:127.0.0.1:27417] - WARN  [main-SendThread(127.0.0.1:27417):ClientCnxn$SendThread@1290] - Session 0x0 for sever xmind.net/127.0.0.1:27417, Closing socket connection. Attempting reconnect except it is a SessionExpiredException.
EndOfStreamException: Unable to read additional data from server sessionid 0x0, likely server has closed socket
	at org.apache.zookeeper.ClientCnxnSocketNIO.doIO(ClientCnxnSocketNIO.java:77)
	at org.apache.zookeeper.ClientCnxnSocketNIO.doTransport(ClientCnxnSocketNIO.java:350)
	at org.apache.zookeeper.ClientCnxn$SendThread.run(ClientCnxn.java:1280)
2021-11-08 11:11:23,148 [myid:127.0.0.1:27422] - INFO  [main-SendThread(127.0.0.1:27422):ClientCnxn$SendThread@1171] - Opening socket connection to server xmind.net/127.0.0.1:27422.
2021-11-08 11:11:23,148 [myid:127.0.0.1:27422] - INFO  [main-SendThread(127.0.0.1:27422):ClientCnxn$SendThread@1173] - SASL config status: Will not attempt to authenticate using SASL (unknown error)
2021-11-08 11:11:23,149 [myid:127.0.0.1:27422] - INFO  [main-SendThread(127.0.0.1:27422):ClientCnxn$SendThread@1005] - Socket connection established, initiating session, client: /127.0.0.1:8102, server: xmind.net/127.0.0.1:27422
2021-11-08 11:11:23,150 [myid:2] - WARN  [NIOWorkerThread-7:NIOServerCnxn@380] - Close of session 0x0
java.io.IOException: ZooKeeperServer not running
	at org.apache.zookeeper.server.NIOServerCnxn.readLength(NIOServerCnxn.java:554)
	at org.apache.zookeeper.server.NIOServerCnxn.doIO(NIOServerCnxn.java:339)
	at org.apache.zookeeper.server.NIOServerCnxnFactory$IOWorkRequest.doWork(NIOServerCnxnFactory.java:508)
	at org.apache.zookeeper.server.WorkerService$ScheduledWorkRequest.run(WorkerService.java:154)
	at java.util.concurrent.ThreadPoolExecutor.runWorker(ThreadPoolExecutor.java:1142)
	at java.util.concurrent.ThreadPoolExecutor$Worker.run(ThreadPoolExecutor.java:617)
	at java.lang.Thread.run(Thread.java:745)
2021-11-08 11:11:23,150 [myid:127.0.0.1:27422] - WARN  [main-SendThread(127.0.0.1:27422):ClientCnxn$SendThread@1290] - Session 0x0 for sever xmind.net/127.0.0.1:27422, Closing socket connection. Attempting reconnect except it is a SessionExpiredException.
EndOfStreamException: Unable to read additional data from server sessionid 0x0, likely server has closed socket
	at org.apache.zookeeper.ClientCnxnSocketNIO.doIO(ClientCnxnSocketNIO.java:77)
	at org.apache.zookeeper.ClientCnxnSocketNIO.doTransport(ClientCnxnSocketNIO.java:350)
	at org.apache.zookeeper.ClientCnxn$SendThread.run(ClientCnxn.java:1280)
2021-11-08 11:11:23,172 [myid:127.0.0.1:27397] - WARN  [main-SendThread(127.0.0.1:27397):ClientCnxn$SendThread@1290] - Session 0x0 for sever xmind.net/127.0.0.1:27397, Closing socket connection. Attempting reconnect except it is a SessionExpiredException.
java.net.ConnectException: Connection refused: no further information
	at sun.nio.ch.SocketChannelImpl.checkConnect(Native Method)
	at sun.nio.ch.SocketChannelImpl.finishConnect(SocketChannelImpl.java:716)
	at org.apache.zookeeper.ClientCnxnSocketNIO.doTransport(ClientCnxnSocketNIO.java:344)
	at org.apache.zookeeper.ClientCnxn$SendThread.run(ClientCnxn.java:1280)
2021-11-08 11:11:23,536 [myid:127.0.0.1:27412] - INFO  [main-SendThread(127.0.0.1:27412):ClientCnxn$SendThread@1171] - Opening socket connection to server xmind.net/127.0.0.1:27412.
2021-11-08 11:11:23,536 [myid:127.0.0.1:27412] - INFO  [main-SendThread(127.0.0.1:27412):ClientCnxn$SendThread@1173] - SASL config status: Will not attempt to authenticate using SASL (unknown error)
2021-11-08 11:11:23,536 [myid:127.0.0.1:27412] - INFO  [main-SendThread(127.0.0.1:27412):ClientCnxn$SendThread@1005] - Socket connection established, initiating session, client: /127.0.0.1:8105, server: xmind.net/127.0.0.1:27412
2021-11-08 11:11:23,537 [myid:0] - WARN  [NIOWorkerThread-7:NIOServerCnxn@380] - Close of session 0x0
java.io.IOException: ZooKeeperServer not running
	at org.apache.zookeeper.server.NIOServerCnxn.readLength(NIOServerCnxn.java:554)
	at org.apache.zookeeper.server.NIOServerCnxn.doIO(NIOServerCnxn.java:339)
	at org.apache.zookeeper.server.NIOServerCnxnFactory$IOWorkRequest.doWork(NIOServerCnxnFactory.java:508)
	at org.apache.zookeeper.server.WorkerService$ScheduledWorkRequest.run(WorkerService.java:154)
	at java.util.concurrent.ThreadPoolExecutor.runWorker(ThreadPoolExecutor.java:1142)
	at java.util.concurrent.ThreadPoolExecutor$Worker.run(ThreadPoolExecutor.java:617)
	at java.lang.Thread.run(Thread.java:745)
2021-11-08 11:11:23,537 [myid:127.0.0.1:27412] - WARN  [main-SendThread(127.0.0.1:27412):ClientCnxn$SendThread@1290] - Session 0x0 for sever xmind.net/127.0.0.1:27412, Closing socket connection. Attempting reconnect except it is a SessionExpiredException.
EndOfStreamException: Unable to read additional data from server sessionid 0x0, likely server has closed socket
	at org.apache.zookeeper.ClientCnxnSocketNIO.doIO(ClientCnxnSocketNIO.java:77)
	at org.apache.zookeeper.ClientCnxnSocketNIO.doTransport(ClientCnxnSocketNIO.java:350)
	at org.apache.zookeeper.ClientCnxn$SendThread.run(ClientCnxn.java:1280)
2021-11-08 11:11:23,847 [myid:127.0.0.1:27380] - WARN  [main-SendThread(127.0.0.1:27380):ClientCnxn$SendThread@1290] - Session 0x5806e32b0002 for sever xmind.net/127.0.0.1:27380, Closing socket connection. Attempting reconnect except it is a SessionExpiredException.
java.net.ConnectException: Connection refused: no further information
	at sun.nio.ch.SocketChannelImpl.checkConnect(Native Method)
	at sun.nio.ch.SocketChannelImpl.finishConnect(SocketChannelImpl.java:716)
	at org.apache.zookeeper.ClientCnxnSocketNIO.doTransport(ClientCnxnSocketNIO.java:344)
	at org.apache.zookeeper.ClientCnxn$SendThread.run(ClientCnxn.java:1280)
2021-11-08 11:11:24,328 [myid:127.0.0.1:27402] - INFO  [main-SendThread(127.0.0.1:27402):ClientCnxn$SendThread@1171] - Opening socket connection to server xmind.net/127.0.0.1:27402.
2021-11-08 11:11:24,328 [myid:127.0.0.1:27402] - INFO  [main-SendThread(127.0.0.1:27402):ClientCnxn$SendThread@1173] - SASL config status: Will not attempt to authenticate using SASL (unknown error)
2021-11-08 11:11:24,389 [myid:127.0.0.1:27397] - INFO  [main-SendThread(127.0.0.1:27397):ClientCnxn$SendThread@1171] - Opening socket connection to server xmind.net/127.0.0.1:27397.
2021-11-08 11:11:24,389 [myid:127.0.0.1:27397] - INFO  [main-SendThread(127.0.0.1:27397):ClientCnxn$SendThread@1173] - SASL config status: Will not attempt to authenticate using SASL (unknown error)
2021-11-08 11:11:24,737 [myid:127.0.0.1:27417] - INFO  [main-SendThread(127.0.0.1:27417):ClientCnxn$SendThread@1171] - Opening socket connection to server xmind.net/127.0.0.1:27417.
2021-11-08 11:11:24,737 [myid:127.0.0.1:27417] - INFO  [main-SendThread(127.0.0.1:27417):ClientCnxn$SendThread@1173] - SASL config status: Will not attempt to authenticate using SASL (unknown error)
2021-11-08 11:11:24,737 [myid:127.0.0.1:27417] - INFO  [main-SendThread(127.0.0.1:27417):ClientCnxn$SendThread@1005] - Socket connection established, initiating session, client: /127.0.0.1:8167, server: xmind.net/127.0.0.1:27417
2021-11-08 11:11:24,738 [myid:1] - WARN  [NIOWorkerThread-8:NIOServerCnxn@380] - Close of session 0x0
java.io.IOException: ZooKeeperServer not running
	at org.apache.zookeeper.server.NIOServerCnxn.readLength(NIOServerCnxn.java:554)
	at org.apache.zookeeper.server.NIOServerCnxn.doIO(NIOServerCnxn.java:339)
	at org.apache.zookeeper.server.NIOServerCnxnFactory$IOWorkRequest.doWork(NIOServerCnxnFactory.java:508)
	at org.apache.zookeeper.server.WorkerService$ScheduledWorkRequest.run(WorkerService.java:154)
	at java.util.concurrent.ThreadPoolExecutor.runWorker(ThreadPoolExecutor.java:1142)
	at java.util.concurrent.ThreadPoolExecutor$Worker.run(ThreadPoolExecutor.java:617)
	at java.lang.Thread.run(Thread.java:745)
2021-11-08 11:11:24,738 [myid:127.0.0.1:27417] - WARN  [main-SendThread(127.0.0.1:27417):ClientCnxn$SendThread@1290] - Session 0x0 for sever xmind.net/127.0.0.1:27417, Closing socket connection. Attempting reconnect except it is a SessionExpiredException.
EndOfStreamException: Unable to read additional data from server sessionid 0x0, likely server has closed socket
	at org.apache.zookeeper.ClientCnxnSocketNIO.doIO(ClientCnxnSocketNIO.java:77)
	at org.apache.zookeeper.ClientCnxnSocketNIO.doTransport(ClientCnxnSocketNIO.java:350)
	at org.apache.zookeeper.ClientCnxn$SendThread.run(ClientCnxn.java:1280)
2021-11-08 11:11:25,001 [myid:127.0.0.1:27407] - INFO  [main-SendThread(127.0.0.1:27407):ClientCnxn$SendThread@1171] - Opening socket connection to server xmind.net/127.0.0.1:27407.
2021-11-08 11:11:25,001 [myid:127.0.0.1:27407] - INFO  [main-SendThread(127.0.0.1:27407):ClientCnxn$SendThread@1173] - SASL config status: Will not attempt to authenticate using SASL (unknown error)
2021-11-08 11:11:25,041 [myid:127.0.0.1:27422] - INFO  [main-SendThread(127.0.0.1:27422):ClientCnxn$SendThread@1171] - Opening socket connection to server xmind.net/127.0.0.1:27422.
2021-11-08 11:11:25,041 [myid:127.0.0.1:27422] - INFO  [main-SendThread(127.0.0.1:27422):ClientCnxn$SendThread@1173] - SASL config status: Will not attempt to authenticate using SASL (unknown error)
2021-11-08 11:11:25,041 [myid:127.0.0.1:27422] - INFO  [main-SendThread(127.0.0.1:27422):ClientCnxn$SendThread@1005] - Socket connection established, initiating session, client: /127.0.0.1:8188, server: xmind.net/127.0.0.1:27422
2021-11-08 11:11:25,042 [myid:2] - WARN  [NIOWorkerThread-8:NIOServerCnxn@380] - Close of session 0x0
java.io.IOException: ZooKeeperServer not running
	at org.apache.zookeeper.server.NIOServerCnxn.readLength(NIOServerCnxn.java:554)
	at org.apache.zookeeper.server.NIOServerCnxn.doIO(NIOServerCnxn.java:339)
	at org.apache.zookeeper.server.NIOServerCnxnFactory$IOWorkRequest.doWork(NIOServerCnxnFactory.java:508)
	at org.apache.zookeeper.server.WorkerService$ScheduledWorkRequest.run(WorkerService.java:154)
	at java.util.concurrent.ThreadPoolExecutor.runWorker(ThreadPoolExecutor.java:1142)
	at java.util.concurrent.ThreadPoolExecutor$Worker.run(ThreadPoolExecutor.java:617)
	at java.lang.Thread.run(Thread.java:745)
2021-11-08 11:11:25,042 [myid:127.0.0.1:27422] - WARN  [main-SendThread(127.0.0.1:27422):ClientCnxn$SendThread@1290] - Session 0x0 for sever xmind.net/127.0.0.1:27422, Closing socket connection. Attempting reconnect except it is a SessionExpiredException.
EndOfStreamException: Unable to read additional data from server sessionid 0x0, likely server has closed socket
	at org.apache.zookeeper.ClientCnxnSocketNIO.doIO(ClientCnxnSocketNIO.java:77)
	at org.apache.zookeeper.ClientCnxnSocketNIO.doTransport(ClientCnxnSocketNIO.java:350)
	at org.apache.zookeeper.ClientCnxn$SendThread.run(ClientCnxn.java:1280)
2021-11-08 11:11:25,429 [myid:1] - INFO  [QuorumPeer[myid=1](plain=[0:0:0:0:0:0:0:0]:27417)(secure=disabled):FastLeaderElection@984] - Notification time out: 12800
2021-11-08 11:11:25,442 [myid:127.0.0.1:27412] - INFO  [main-SendThread(127.0.0.1:27412):ClientCnxn$SendThread@1171] - Opening socket connection to server xmind.net/127.0.0.1:27412.
2021-11-08 11:11:25,442 [myid:127.0.0.1:27412] - INFO  [main-SendThread(127.0.0.1:27412):ClientCnxn$SendThread@1173] - SASL config status: Will not attempt to authenticate using SASL (unknown error)
2021-11-08 11:11:25,442 [myid:127.0.0.1:27412] - INFO  [main-SendThread(127.0.0.1:27412):ClientCnxn$SendThread@1005] - Socket connection established, initiating session, client: /127.0.0.1:8205, server: xmind.net/127.0.0.1:27412
2021-11-08 11:11:25,443 [myid:0] - WARN  [NIOWorkerThread-8:NIOServerCnxn@380] - Close of session 0x0
java.io.IOException: ZooKeeperServer not running
	at org.apache.zookeeper.server.NIOServerCnxn.readLength(NIOServerCnxn.java:554)
	at org.apache.zookeeper.server.NIOServerCnxn.doIO(NIOServerCnxn.java:339)
	at org.apache.zookeeper.server.NIOServerCnxnFactory$IOWorkRequest.doWork(NIOServerCnxnFactory.java:508)
	at org.apache.zookeeper.server.WorkerService$ScheduledWorkRequest.run(WorkerService.java:154)
	at java.util.concurrent.ThreadPoolExecutor.runWorker(ThreadPoolExecutor.java:1142)
	at java.util.concurrent.ThreadPoolExecutor$Worker.run(ThreadPoolExecutor.java:617)
	at java.lang.Thread.run(Thread.java:745)
2021-11-08 11:11:25,443 [myid:127.0.0.1:27412] - WARN  [main-SendThread(127.0.0.1:27412):ClientCnxn$SendThread@1290] - Session 0x0 for sever xmind.net/127.0.0.1:27412, Closing socket connection. Attempting reconnect except it is a SessionExpiredException.
EndOfStreamException: Unable to read additional data from server sessionid 0x0, likely server has closed socket
	at org.apache.zookeeper.ClientCnxnSocketNIO.doIO(ClientCnxnSocketNIO.java:77)
	at org.apache.zookeeper.ClientCnxnSocketNIO.doTransport(ClientCnxnSocketNIO.java:350)
	at org.apache.zookeeper.ClientCnxn$SendThread.run(ClientCnxn.java:1280)
2021-11-08 11:11:25,459 [myid:127.0.0.1:27380] - INFO  [main-SendThread(127.0.0.1:27380):ClientCnxn$SendThread@1171] - Opening socket connection to server xmind.net/127.0.0.1:27380.
2021-11-08 11:11:25,459 [myid:127.0.0.1:27380] - INFO  [main-SendThread(127.0.0.1:27380):ClientCnxn$SendThread@1173] - SASL config status: Will not attempt to authenticate using SASL (unknown error)
2021-11-08 11:11:25,501 [myid:2] - INFO  [QuorumPeer[myid=2](plain=[0:0:0:0:0:0:0:0]:27422)(secure=disabled):FastLeaderElection@984] - Notification time out: 12800
2021-11-08 11:11:25,502 [myid:0] - INFO  [QuorumPeer[myid=0](plain=[0:0:0:0:0:0:0:0]:27412)(secure=disabled):FastLeaderElection@984] - Notification time out: 12800
2021-11-08 11:11:26,355 [myid:127.0.0.1:27402] - WARN  [main-SendThread(127.0.0.1:27402):ClientCnxn$SendThread@1290] - Session 0x0 for sever xmind.net/127.0.0.1:27402, Closing socket connection. Attempting reconnect except it is a SessionExpiredException.
java.net.ConnectException: Connection refused: no further information
	at sun.nio.ch.SocketChannelImpl.checkConnect(Native Method)
	at sun.nio.ch.SocketChannelImpl.finishConnect(SocketChannelImpl.java:716)
	at org.apache.zookeeper.ClientCnxnSocketNIO.doTransport(ClientCnxnSocketNIO.java:344)
	at org.apache.zookeeper.ClientCnxn$SendThread.run(ClientCnxn.java:1280)
2021-11-08 11:11:26,366 [myid:127.0.0.1:27417] - INFO  [main-SendThread(127.0.0.1:27417):ClientCnxn$SendThread@1171] - Opening socket connection to server xmind.net/127.0.0.1:27417.
2021-11-08 11:11:26,366 [myid:127.0.0.1:27417] - INFO  [main-SendThread(127.0.0.1:27417):ClientCnxn$SendThread@1173] - SASL config status: Will not attempt to authenticate using SASL (unknown error)
2021-11-08 11:11:26,366 [myid:127.0.0.1:27417] - INFO  [main-SendThread(127.0.0.1:27417):ClientCnxn$SendThread@1005] - Socket connection established, initiating session, client: /127.0.0.1:8215, server: xmind.net/127.0.0.1:27417
2021-11-08 11:11:26,367 [myid:1] - WARN  [NIOWorkerThread-9:NIOServerCnxn@380] - Close of session 0x0
java.io.IOException: ZooKeeperServer not running
	at org.apache.zookeeper.server.NIOServerCnxn.readLength(NIOServerCnxn.java:554)
	at org.apache.zookeeper.server.NIOServerCnxn.doIO(NIOServerCnxn.java:339)
	at org.apache.zookeeper.server.NIOServerCnxnFactory$IOWorkRequest.doWork(NIOServerCnxnFactory.java:508)
	at org.apache.zookeeper.server.WorkerService$ScheduledWorkRequest.run(WorkerService.java:154)
	at java.util.concurrent.ThreadPoolExecutor.runWorker(ThreadPoolExecutor.java:1142)
	at java.util.concurrent.ThreadPoolExecutor$Worker.run(ThreadPoolExecutor.java:617)
	at java.lang.Thread.run(Thread.java:745)
2021-11-08 11:11:26,367 [myid:127.0.0.1:27417] - WARN  [main-SendThread(127.0.0.1:27417):ClientCnxn$SendThread@1290] - Session 0x0 for sever xmind.net/127.0.0.1:27417, Closing socket connection. Attempting reconnect except it is a SessionExpiredException.
EndOfStreamException: Unable to read additional data from server sessionid 0x0, likely server has closed socket
	at org.apache.zookeeper.ClientCnxnSocketNIO.doIO(ClientCnxnSocketNIO.java:77)
	at org.apache.zookeeper.ClientCnxnSocketNIO.doTransport(ClientCnxnSocketNIO.java:350)
	at org.apache.zookeeper.ClientCnxn$SendThread.run(ClientCnxn.java:1280)
2021-11-08 11:11:26,417 [myid:127.0.0.1:27397] - WARN  [main-SendThread(127.0.0.1:27397):ClientCnxn$SendThread@1290] - Session 0x0 for sever xmind.net/127.0.0.1:27397, Closing socket connection. Attempting reconnect except it is a SessionExpiredException.
java.net.ConnectException: Connection refused: no further information
	at sun.nio.ch.SocketChannelImpl.checkConnect(Native Method)
	at sun.nio.ch.SocketChannelImpl.finishConnect(SocketChannelImpl.java:716)
	at org.apache.zookeeper.ClientCnxnSocketNIO.doTransport(ClientCnxnSocketNIO.java:344)
	at org.apache.zookeeper.ClientCnxn$SendThread.run(ClientCnxn.java:1280)
2021-11-08 11:11:26,430 [myid:1] - WARN  [QuorumConnectionThread-[myid=1]-2:QuorumCnxManager@401] - Cannot open channel to 0 at election address invalid.hostname.unreachable.com:27416|/0:0:0:0:0:0:0:1:27414
java.net.UnknownHostException: invalid.hostname.unreachable.com
	at java.net.AbstractPlainSocketImpl.connect(AbstractPlainSocketImpl.java:184)
	at java.net.PlainSocketImpl.connect(PlainSocketImpl.java:172)
	at java.net.SocksSocketImpl.connect(SocksSocketImpl.java:392)
	at java.net.Socket.connect(Socket.java:589)
	at org.apache.zookeeper.server.quorum.QuorumCnxManager.initiateConnection(QuorumCnxManager.java:384)
	at org.apache.zookeeper.server.quorum.QuorumCnxManager$QuorumConnectionReqThread.run(QuorumCnxManager.java:458)
	at java.util.concurrent.ThreadPoolExecutor.runWorker(ThreadPoolExecutor.java:1142)
	at java.util.concurrent.ThreadPoolExecutor$Worker.run(ThreadPoolExecutor.java:617)
	at java.lang.Thread.run(Thread.java:745)
2021-11-08 11:11:26,430 [myid:2] - INFO  [ListenerHandler-/0:0:0:0:0:0:0:1:27424:QuorumCnxManager$Listener$ListenerHandler@1071] - Received connection request from /0:0:0:0:0:0:0:1:8217
2021-11-08 11:11:26,430 [myid:1] - INFO  [QuorumConnectionThread-[myid=1]-3:QuorumCnxManager@514] - Have smaller server identifier, so dropping the connection: (myId:1 --> sid:2)
2021-11-08 11:11:26,501 [myid:2] - WARN  [QuorumConnectionThread-[myid=2]-2:QuorumCnxManager@401] - Cannot open channel to 0 at election address invalid.hostname.unreachable.com:27416|/0:0:0:0:0:0:0:1:27414
java.net.UnknownHostException: invalid.hostname.unreachable.com
	at java.net.AbstractPlainSocketImpl.connect(AbstractPlainSocketImpl.java:184)
	at java.net.PlainSocketImpl.connect(PlainSocketImpl.java:172)
	at java.net.SocksSocketImpl.connect(SocksSocketImpl.java:392)
	at java.net.Socket.connect(Socket.java:589)
	at org.apache.zookeeper.server.quorum.QuorumCnxManager.initiateConnection(QuorumCnxManager.java:384)
	at org.apache.zookeeper.server.quorum.QuorumCnxManager$QuorumConnectionReqThread.run(QuorumCnxManager.java:458)
	at java.util.concurrent.ThreadPoolExecutor.runWorker(ThreadPoolExecutor.java:1142)
	at java.util.concurrent.ThreadPoolExecutor$Worker.run(ThreadPoolExecutor.java:617)
	at java.lang.Thread.run(Thread.java:745)
2021-11-08 11:11:26,501 [myid:0] - WARN  [QuorumConnectionThread-[myid=0]-3:QuorumCnxManager@401] - Cannot open channel to 1 at election address invalid.hostname.unreachable.com:27421|/0:0:0:0:0:0:0:1:27419
java.net.UnknownHostException: invalid.hostname.unreachable.com
	at java.net.AbstractPlainSocketImpl.connect(AbstractPlainSocketImpl.java:184)
	at java.net.PlainSocketImpl.connect(PlainSocketImpl.java:172)
	at java.net.SocksSocketImpl.connect(SocksSocketImpl.java:392)
	at java.net.Socket.connect(Socket.java:589)
	at org.apache.zookeeper.server.quorum.QuorumCnxManager.initiateConnection(QuorumCnxManager.java:384)
	at org.apache.zookeeper.server.quorum.QuorumCnxManager$QuorumConnectionReqThread.run(QuorumCnxManager.java:458)
	at java.util.concurrent.ThreadPoolExecutor.runWorker(ThreadPoolExecutor.java:1142)
	at java.util.concurrent.ThreadPoolExecutor$Worker.run(ThreadPoolExecutor.java:617)
	at java.lang.Thread.run(Thread.java:745)
2021-11-08 11:11:26,501 [myid:2] - WARN  [QuorumConnectionThread-[myid=2]-3:QuorumCnxManager@401] - Cannot open channel to 1 at election address invalid.hostname.unreachable.com:27421|/0:0:0:0:0:0:0:1:27419
java.net.UnknownHostException: invalid.hostname.unreachable.com
	at java.net.AbstractPlainSocketImpl.connect(AbstractPlainSocketImpl.java:184)
	at java.net.PlainSocketImpl.connect(PlainSocketImpl.java:172)
	at java.net.SocksSocketImpl.connect(SocksSocketImpl.java:392)
	at java.net.Socket.connect(Socket.java:589)
	at org.apache.zookeeper.server.quorum.QuorumCnxManager.initiateConnection(QuorumCnxManager.java:384)
	at org.apache.zookeeper.server.quorum.QuorumCnxManager$QuorumConnectionReqThread.run(QuorumCnxManager.java:458)
	at java.util.concurrent.ThreadPoolExecutor.runWorker(ThreadPoolExecutor.java:1142)
	at java.util.concurrent.ThreadPoolExecutor$Worker.run(ThreadPoolExecutor.java:617)
	at java.lang.Thread.run(Thread.java:745)
2021-11-08 11:11:26,503 [myid:2] - INFO  [ListenerHandler-/0:0:0:0:0:0:0:1:27424:QuorumCnxManager$Listener$ListenerHandler@1071] - Received connection request from /0:0:0:0:0:0:0:1:8218
2021-11-08 11:11:26,503 [myid:0] - INFO  [QuorumConnectionThread-[myid=0]-2:QuorumCnxManager@514] - Have smaller server identifier, so dropping the connection: (myId:0 --> sid:2)
2021-11-08 11:11:26,746 [myid:127.0.0.1:27422] - INFO  [main-SendThread(127.0.0.1:27422):ClientCnxn$SendThread@1171] - Opening socket connection to server xmind.net/127.0.0.1:27422.
2021-11-08 11:11:26,746 [myid:127.0.0.1:27422] - INFO  [main-SendThread(127.0.0.1:27422):ClientCnxn$SendThread@1173] - SASL config status: Will not attempt to authenticate using SASL (unknown error)
2021-11-08 11:11:26,746 [myid:127.0.0.1:27422] - INFO  [main-SendThread(127.0.0.1:27422):ClientCnxn$SendThread@1005] - Socket connection established, initiating session, client: /127.0.0.1:8222, server: xmind.net/127.0.0.1:27422
2021-11-08 11:11:26,747 [myid:2] - WARN  [NIOWorkerThread-9:NIOServerCnxn@380] - Close of session 0x0
java.io.IOException: ZooKeeperServer not running
	at org.apache.zookeeper.server.NIOServerCnxn.readLength(NIOServerCnxn.java:554)
	at org.apache.zookeeper.server.NIOServerCnxn.doIO(NIOServerCnxn.java:339)
	at org.apache.zookeeper.server.NIOServerCnxnFactory$IOWorkRequest.doWork(NIOServerCnxnFactory.java:508)
	at org.apache.zookeeper.server.WorkerService$ScheduledWorkRequest.run(WorkerService.java:154)
	at java.util.concurrent.ThreadPoolExecutor.runWorker(ThreadPoolExecutor.java:1142)
	at java.util.concurrent.ThreadPoolExecutor$Worker.run(ThreadPoolExecutor.java:617)
	at java.lang.Thread.run(Thread.java:745)
2021-11-08 11:11:26,747 [myid:127.0.0.1:27422] - WARN  [main-SendThread(127.0.0.1:27422):ClientCnxn$SendThread@1290] - Session 0x0 for sever xmind.net/127.0.0.1:27422, Closing socket connection. Attempting reconnect except it is a SessionExpiredException.
EndOfStreamException: Unable to read additional data from server sessionid 0x0, likely server has closed socket
	at org.apache.zookeeper.ClientCnxnSocketNIO.doIO(ClientCnxnSocketNIO.java:77)
	at org.apache.zookeeper.ClientCnxnSocketNIO.doTransport(ClientCnxnSocketNIO.java:350)
	at org.apache.zookeeper.ClientCnxn$SendThread.run(ClientCnxn.java:1280)
2021-11-08 11:11:26,988 [myid:127.0.0.1:27412] - INFO  [main-SendThread(127.0.0.1:27412):ClientCnxn$SendThread@1171] - Opening socket connection to server xmind.net/127.0.0.1:27412.
2021-11-08 11:11:26,988 [myid:127.0.0.1:27412] - INFO  [main-SendThread(127.0.0.1:27412):ClientCnxn$SendThread@1173] - SASL config status: Will not attempt to authenticate using SASL (unknown error)
2021-11-08 11:11:26,988 [myid:127.0.0.1:27412] - INFO  [main-SendThread(127.0.0.1:27412):ClientCnxn$SendThread@1005] - Socket connection established, initiating session, client: /127.0.0.1:8227, server: xmind.net/127.0.0.1:27412
2021-11-08 11:11:26,990 [myid:0] - WARN  [NIOWorkerThread-9:NIOServerCnxn@380] - Close of session 0x0
java.io.IOException: ZooKeeperServer not running
	at org.apache.zookeeper.server.NIOServerCnxn.readLength(NIOServerCnxn.java:554)
	at org.apache.zookeeper.server.NIOServerCnxn.doIO(NIOServerCnxn.java:339)
	at org.apache.zookeeper.server.NIOServerCnxnFactory$IOWorkRequest.doWork(NIOServerCnxnFactory.java:508)
	at org.apache.zookeeper.server.WorkerService$ScheduledWorkRequest.run(WorkerService.java:154)
	at java.util.concurrent.ThreadPoolExecutor.runWorker(ThreadPoolExecutor.java:1142)
	at java.util.concurrent.ThreadPoolExecutor$Worker.run(ThreadPoolExecutor.java:617)
	at java.lang.Thread.run(Thread.java:745)
2021-11-08 11:11:26,990 [myid:127.0.0.1:27412] - WARN  [main-SendThread(127.0.0.1:27412):ClientCnxn$SendThread@1290] - Session 0x0 for sever xmind.net/127.0.0.1:27412, Closing socket connection. Attempting reconnect except it is a SessionExpiredException.
EndOfStreamException: Unable to read additional data from server sessionid 0x0, likely server has closed socket
	at org.apache.zookeeper.ClientCnxnSocketNIO.doIO(ClientCnxnSocketNIO.java:77)
	at org.apache.zookeeper.ClientCnxnSocketNIO.doTransport(ClientCnxnSocketNIO.java:350)
	at org.apache.zookeeper.ClientCnxn$SendThread.run(ClientCnxn.java:1280)
2021-11-08 11:11:27,025 [myid:127.0.0.1:27407] - WARN  [main-SendThread(127.0.0.1:27407):ClientCnxn$SendThread@1290] - Session 0x0 for sever xmind.net/127.0.0.1:27407, Closing socket connection. Attempting reconnect except it is a SessionExpiredException.
java.net.ConnectException: Connection refused: no further information
	at sun.nio.ch.SocketChannelImpl.checkConnect(Native Method)
	at sun.nio.ch.SocketChannelImpl.finishConnect(SocketChannelImpl.java:716)
	at org.apache.zookeeper.ClientCnxnSocketNIO.doTransport(ClientCnxnSocketNIO.java:344)
	at org.apache.zookeeper.ClientCnxn$SendThread.run(ClientCnxn.java:1280)
2021-11-08 11:11:27,491 [myid:127.0.0.1:27380] - WARN  [main-SendThread(127.0.0.1:27380):ClientCnxn$SendThread@1290] - Session 0x5806e32b0002 for sever xmind.net/127.0.0.1:27380, Closing socket connection. Attempting reconnect except it is a SessionExpiredException.
java.net.ConnectException: Connection refused: no further information
	at sun.nio.ch.SocketChannelImpl.checkConnect(Native Method)
	at sun.nio.ch.SocketChannelImpl.finishConnect(SocketChannelImpl.java:716)
	at org.apache.zookeeper.ClientCnxnSocketNIO.doTransport(ClientCnxnSocketNIO.java:344)
	at org.apache.zookeeper.ClientCnxn$SendThread.run(ClientCnxn.java:1280)
2021-11-08 11:11:27,505 [myid:2] - WARN  [QuorumConnectionThread-[myid=2]-3:QuorumCnxManager@401] - Cannot open channel to 0 at election address invalid.hostname.unreachable.com:27416|/0:0:0:0:0:0:0:1:27414
java.net.UnknownHostException: invalid.hostname.unreachable.com
	at java.net.AbstractPlainSocketImpl.connect(AbstractPlainSocketImpl.java:184)
	at java.net.PlainSocketImpl.connect(PlainSocketImpl.java:172)
	at java.net.SocksSocketImpl.connect(SocksSocketImpl.java:392)
	at java.net.Socket.connect(Socket.java:589)
	at org.apache.zookeeper.server.quorum.QuorumCnxManager.initiateConnection(QuorumCnxManager.java:384)
	at org.apache.zookeeper.server.quorum.QuorumCnxManager$QuorumConnectionReqThread.run(QuorumCnxManager.java:458)
	at java.util.concurrent.ThreadPoolExecutor.runWorker(ThreadPoolExecutor.java:1142)
	at java.util.concurrent.ThreadPoolExecutor$Worker.run(ThreadPoolExecutor.java:617)
	at java.lang.Thread.run(Thread.java:745)
2021-11-08 11:11:27,607 [myid:127.0.0.1:27417] - INFO  [main-SendThread(127.0.0.1:27417):ClientCnxn$SendThread@1171] - Opening socket connection to server xmind.net/127.0.0.1:27417.
2021-11-08 11:11:27,607 [myid:127.0.0.1:27417] - INFO  [main-SendThread(127.0.0.1:27417):ClientCnxn$SendThread@1173] - SASL config status: Will not attempt to authenticate using SASL (unknown error)
2021-11-08 11:11:27,608 [myid:127.0.0.1:27417] - INFO  [main-SendThread(127.0.0.1:27417):ClientCnxn$SendThread@1005] - Socket connection established, initiating session, client: /127.0.0.1:8244, server: xmind.net/127.0.0.1:27417
2021-11-08 11:11:27,609 [myid:1] - WARN  [NIOWorkerThread-10:NIOServerCnxn@380] - Close of session 0x0
java.io.IOException: ZooKeeperServer not running
	at org.apache.zookeeper.server.NIOServerCnxn.readLength(NIOServerCnxn.java:554)
	at org.apache.zookeeper.server.NIOServerCnxn.doIO(NIOServerCnxn.java:339)
	at org.apache.zookeeper.server.NIOServerCnxnFactory$IOWorkRequest.doWork(NIOServerCnxnFactory.java:508)
	at org.apache.zookeeper.server.WorkerService$ScheduledWorkRequest.run(WorkerService.java:154)
	at java.util.concurrent.ThreadPoolExecutor.runWorker(ThreadPoolExecutor.java:1142)
	at java.util.concurrent.ThreadPoolExecutor$Worker.run(ThreadPoolExecutor.java:617)
	at java.lang.Thread.run(Thread.java:745)
2021-11-08 11:11:27,609 [myid:127.0.0.1:27417] - WARN  [main-SendThread(127.0.0.1:27417):ClientCnxn$SendThread@1290] - Session 0x0 for sever xmind.net/127.0.0.1:27417, Closing socket connection. Attempting reconnect except it is a SessionExpiredException.
EndOfStreamException: Unable to read additional data from server sessionid 0x0, likely server has closed socket
	at org.apache.zookeeper.ClientCnxnSocketNIO.doIO(ClientCnxnSocketNIO.java:77)
	at org.apache.zookeeper.ClientCnxnSocketNIO.doTransport(ClientCnxnSocketNIO.java:350)
	at org.apache.zookeeper.ClientCnxn$SendThread.run(ClientCnxn.java:1280)
2021-11-08 11:11:28,326 [myid:127.0.0.1:27397] - INFO  [main-SendThread(127.0.0.1:27397):ClientCnxn$SendThread@1171] - Opening socket connection to server xmind.net/127.0.0.1:27397.
2021-11-08 11:11:28,326 [myid:127.0.0.1:27397] - INFO  [main-SendThread(127.0.0.1:27397):ClientCnxn$SendThread@1173] - SASL config status: Will not attempt to authenticate using SASL (unknown error)
2021-11-08 11:11:28,346 [myid:127.0.0.1:27402] - INFO  [main-SendThread(127.0.0.1:27402):ClientCnxn$SendThread@1171] - Opening socket connection to server xmind.net/127.0.0.1:27402.
2021-11-08 11:11:28,346 [myid:127.0.0.1:27402] - INFO  [main-SendThread(127.0.0.1:27402):ClientCnxn$SendThread@1173] - SASL config status: Will not attempt to authenticate using SASL (unknown error)
2021-11-08 11:11:28,410 [myid:127.0.0.1:27412] - INFO  [main-SendThread(127.0.0.1:27412):ClientCnxn$SendThread@1171] - Opening socket connection to server xmind.net/127.0.0.1:27412.
2021-11-08 11:11:28,410 [myid:127.0.0.1:27412] - INFO  [main-SendThread(127.0.0.1:27412):ClientCnxn$SendThread@1173] - SASL config status: Will not attempt to authenticate using SASL (unknown error)
2021-11-08 11:11:28,410 [myid:127.0.0.1:27412] - INFO  [main-SendThread(127.0.0.1:27412):ClientCnxn$SendThread@1005] - Socket connection established, initiating session, client: /127.0.0.1:8267, server: xmind.net/127.0.0.1:27412
2021-11-08 11:11:28,411 [myid:0] - WARN  [NIOWorkerThread-10:NIOServerCnxn@380] - Close of session 0x0
java.io.IOException: ZooKeeperServer not running
	at org.apache.zookeeper.server.NIOServerCnxn.readLength(NIOServerCnxn.java:554)
	at org.apache.zookeeper.server.NIOServerCnxn.doIO(NIOServerCnxn.java:339)
	at org.apache.zookeeper.server.NIOServerCnxnFactory$IOWorkRequest.doWork(NIOServerCnxnFactory.java:508)
	at org.apache.zookeeper.server.WorkerService$ScheduledWorkRequest.run(WorkerService.java:154)
	at java.util.concurrent.ThreadPoolExecutor.runWorker(ThreadPoolExecutor.java:1142)
	at java.util.concurrent.ThreadPoolExecutor$Worker.run(ThreadPoolExecutor.java:617)
	at java.lang.Thread.run(Thread.java:745)
2021-11-08 11:11:28,411 [myid:127.0.0.1:27412] - WARN  [main-SendThread(127.0.0.1:27412):ClientCnxn$SendThread@1290] - Session 0x0 for sever xmind.net/127.0.0.1:27412, Closing socket connection. Attempting reconnect except it is a SessionExpiredException.
EndOfStreamException: Unable to read additional data from server sessionid 0x0, likely server has closed socket
	at org.apache.zookeeper.ClientCnxnSocketNIO.doIO(ClientCnxnSocketNIO.java:77)
	at org.apache.zookeeper.ClientCnxnSocketNIO.doTransport(ClientCnxnSocketNIO.java:350)
	at org.apache.zookeeper.ClientCnxn$SendThread.run(ClientCnxn.java:1280)
2021-11-08 11:11:28,578 [myid:127.0.0.1:27422] - INFO  [main-SendThread(127.0.0.1:27422):ClientCnxn$SendThread@1171] - Opening socket connection to server xmind.net/127.0.0.1:27422.
2021-11-08 11:11:28,578 [myid:127.0.0.1:27422] - INFO  [main-SendThread(127.0.0.1:27422):ClientCnxn$SendThread@1173] - SASL config status: Will not attempt to authenticate using SASL (unknown error)
2021-11-08 11:11:28,578 [myid:127.0.0.1:27422] - INFO  [main-SendThread(127.0.0.1:27422):ClientCnxn$SendThread@1005] - Socket connection established, initiating session, client: /127.0.0.1:8269, server: xmind.net/127.0.0.1:27422
2021-11-08 11:11:28,579 [myid:2] - WARN  [NIOWorkerThread-10:NIOServerCnxn@380] - Close of session 0x0
java.io.IOException: ZooKeeperServer not running
	at org.apache.zookeeper.server.NIOServerCnxn.readLength(NIOServerCnxn.java:554)
	at org.apache.zookeeper.server.NIOServerCnxn.doIO(NIOServerCnxn.java:339)
	at org.apache.zookeeper.server.NIOServerCnxnFactory$IOWorkRequest.doWork(NIOServerCnxnFactory.java:508)
	at org.apache.zookeeper.server.WorkerService$ScheduledWorkRequest.run(WorkerService.java:154)
	at java.util.concurrent.ThreadPoolExecutor.runWorker(ThreadPoolExecutor.java:1142)
	at java.util.concurrent.ThreadPoolExecutor$Worker.run(ThreadPoolExecutor.java:617)
	at java.lang.Thread.run(Thread.java:745)
2021-11-08 11:11:28,579 [myid:127.0.0.1:27422] - WARN  [main-SendThread(127.0.0.1:27422):ClientCnxn$SendThread@1290] - Session 0x0 for sever xmind.net/127.0.0.1:27422, Closing socket connection. Attempting reconnect except it is a SessionExpiredException.
EndOfStreamException: Unable to read additional data from server sessionid 0x0, likely server has closed socket
	at org.apache.zookeeper.ClientCnxnSocketNIO.doIO(ClientCnxnSocketNIO.java:77)
	at org.apache.zookeeper.ClientCnxnSocketNIO.doTransport(ClientCnxnSocketNIO.java:350)
	at org.apache.zookeeper.ClientCnxn$SendThread.run(ClientCnxn.java:1280)
2021-11-08 11:11:28,615 [myid:127.0.0.1:27407] - INFO  [main-SendThread(127.0.0.1:27407):ClientCnxn$SendThread@1171] - Opening socket connection to server xmind.net/127.0.0.1:27407.
2021-11-08 11:11:28,615 [myid:127.0.0.1:27407] - INFO  [main-SendThread(127.0.0.1:27407):ClientCnxn$SendThread@1173] - SASL config status: Will not attempt to authenticate using SASL (unknown error)
2021-11-08 11:11:28,757 [myid:127.0.0.1:27380] - INFO  [main-SendThread(127.0.0.1:27380):ClientCnxn$SendThread@1171] - Opening socket connection to server xmind.net/127.0.0.1:27380.
2021-11-08 11:11:28,757 [myid:127.0.0.1:27380] - INFO  [main-SendThread(127.0.0.1:27380):ClientCnxn$SendThread@1173] - SASL config status: Will not attempt to authenticate using SASL (unknown error)
2021-11-08 11:11:28,822 [myid:127.0.0.1:27417] - INFO  [main-SendThread(127.0.0.1:27417):ClientCnxn$SendThread@1171] - Opening socket connection to server xmind.net/127.0.0.1:27417.
2021-11-08 11:11:28,822 [myid:127.0.0.1:27417] - INFO  [main-SendThread(127.0.0.1:27417):ClientCnxn$SendThread@1173] - SASL config status: Will not attempt to authenticate using SASL (unknown error)
2021-11-08 11:11:28,822 [myid:127.0.0.1:27417] - INFO  [main-SendThread(127.0.0.1:27417):ClientCnxn$SendThread@1005] - Socket connection established, initiating session, client: /127.0.0.1:8275, server: xmind.net/127.0.0.1:27417
2021-11-08 11:11:28,823 [myid:1] - WARN  [NIOWorkerThread-11:NIOServerCnxn@380] - Close of session 0x0
java.io.IOException: ZooKeeperServer not running
	at org.apache.zookeeper.server.NIOServerCnxn.readLength(NIOServerCnxn.java:554)
	at org.apache.zookeeper.server.NIOServerCnxn.doIO(NIOServerCnxn.java:339)
	at org.apache.zookeeper.server.NIOServerCnxnFactory$IOWorkRequest.doWork(NIOServerCnxnFactory.java:508)
	at org.apache.zookeeper.server.WorkerService$ScheduledWorkRequest.run(WorkerService.java:154)
	at java.util.concurrent.ThreadPoolExecutor.runWorker(ThreadPoolExecutor.java:1142)
	at java.util.concurrent.ThreadPoolExecutor$Worker.run(ThreadPoolExecutor.java:617)
	at java.lang.Thread.run(Thread.java:745)
2021-11-08 11:11:28,823 [myid:127.0.0.1:27417] - WARN  [main-SendThread(127.0.0.1:27417):ClientCnxn$SendThread@1290] - Session 0x0 for sever xmind.net/127.0.0.1:27417, Closing socket connection. Attempting reconnect except it is a SessionExpiredException.
EndOfStreamException: Unable to read additional data from server sessionid 0x0, likely server has closed socket
	at org.apache.zookeeper.ClientCnxnSocketNIO.doIO(ClientCnxnSocketNIO.java:77)
	at org.apache.zookeeper.ClientCnxnSocketNIO.doTransport(ClientCnxnSocketNIO.java:350)
	at org.apache.zookeeper.ClientCnxn$SendThread.run(ClientCnxn.java:1280)
2021-11-08 11:11:29,584 [myid:127.0.0.1:27412] - INFO  [main-SendThread(127.0.0.1:27412):ClientCnxn$SendThread@1171] - Opening socket connection to server xmind.net/127.0.0.1:27412.
2021-11-08 11:11:29,584 [myid:127.0.0.1:27412] - INFO  [main-SendThread(127.0.0.1:27412):ClientCnxn$SendThread@1173] - SASL config status: Will not attempt to authenticate using SASL (unknown error)
2021-11-08 11:11:29,585 [myid:127.0.0.1:27412] - INFO  [main-SendThread(127.0.0.1:27412):ClientCnxn$SendThread@1005] - Socket connection established, initiating session, client: /127.0.0.1:8281, server: xmind.net/127.0.0.1:27412
2021-11-08 11:11:29,587 [myid:0] - WARN  [NIOWorkerThread-11:NIOServerCnxn@380] - Close of session 0x0
java.io.IOException: ZooKeeperServer not running
	at org.apache.zookeeper.server.NIOServerCnxn.readLength(NIOServerCnxn.java:554)
	at org.apache.zookeeper.server.NIOServerCnxn.doIO(NIOServerCnxn.java:339)
	at org.apache.zookeeper.server.NIOServerCnxnFactory$IOWorkRequest.doWork(NIOServerCnxnFactory.java:508)
	at org.apache.zookeeper.server.WorkerService$ScheduledWorkRequest.run(WorkerService.java:154)
	at java.util.concurrent.ThreadPoolExecutor.runWorker(ThreadPoolExecutor.java:1142)
	at java.util.concurrent.ThreadPoolExecutor$Worker.run(ThreadPoolExecutor.java:617)
	at java.lang.Thread.run(Thread.java:745)
2021-11-08 11:11:29,587 [myid:127.0.0.1:27412] - WARN  [main-SendThread(127.0.0.1:27412):ClientCnxn$SendThread@1290] - Session 0x0 for sever xmind.net/127.0.0.1:27412, Closing socket connection. Attempting reconnect except it is a SessionExpiredException.
EndOfStreamException: Unable to read additional data from server sessionid 0x0, likely server has closed socket
	at org.apache.zookeeper.ClientCnxnSocketNIO.doIO(ClientCnxnSocketNIO.java:77)
	at org.apache.zookeeper.ClientCnxnSocketNIO.doTransport(ClientCnxnSocketNIO.java:350)
	at org.apache.zookeeper.ClientCnxn$SendThread.run(ClientCnxn.java:1280)
2021-11-08 11:11:29,929 [myid:127.0.0.1:27422] - INFO  [main-SendThread(127.0.0.1:27422):ClientCnxn$SendThread@1171] - Opening socket connection to server xmind.net/127.0.0.1:27422.
2021-11-08 11:11:29,929 [myid:127.0.0.1:27422] - INFO  [main-SendThread(127.0.0.1:27422):ClientCnxn$SendThread@1173] - SASL config status: Will not attempt to authenticate using SASL (unknown error)
2021-11-08 11:11:29,929 [myid:127.0.0.1:27422] - INFO  [main-SendThread(127.0.0.1:27422):ClientCnxn$SendThread@1005] - Socket connection established, initiating session, client: /127.0.0.1:8286, server: xmind.net/127.0.0.1:27422
2021-11-08 11:11:29,930 [myid:2] - WARN  [NIOWorkerThread-11:NIOServerCnxn@380] - Close of session 0x0
java.io.IOException: ZooKeeperServer not running
	at org.apache.zookeeper.server.NIOServerCnxn.readLength(NIOServerCnxn.java:554)
	at org.apache.zookeeper.server.NIOServerCnxn.doIO(NIOServerCnxn.java:339)
	at org.apache.zookeeper.server.NIOServerCnxnFactory$IOWorkRequest.doWork(NIOServerCnxnFactory.java:508)
	at org.apache.zookeeper.server.WorkerService$ScheduledWorkRequest.run(WorkerService.java:154)
	at java.util.concurrent.ThreadPoolExecutor.runWorker(ThreadPoolExecutor.java:1142)
	at java.util.concurrent.ThreadPoolExecutor$Worker.run(ThreadPoolExecutor.java:617)
	at java.lang.Thread.run(Thread.java:745)
2021-11-08 11:11:29,930 [myid:127.0.0.1:27422] - WARN  [main-SendThread(127.0.0.1:27422):ClientCnxn$SendThread@1290] - Session 0x0 for sever xmind.net/127.0.0.1:27422, Closing socket connection. Attempting reconnect except it is a SessionExpiredException.
EndOfStreamException: Unable to read additional data from server sessionid 0x0, likely server has closed socket
	at org.apache.zookeeper.ClientCnxnSocketNIO.doIO(ClientCnxnSocketNIO.java:77)
	at org.apache.zookeeper.ClientCnxnSocketNIO.doTransport(ClientCnxnSocketNIO.java:350)
	at org.apache.zookeeper.ClientCnxn$SendThread.run(ClientCnxn.java:1280)
2021-11-08 11:11:30,366 [myid:127.0.0.1:27397] - WARN  [main-SendThread(127.0.0.1:27397):ClientCnxn$SendThread@1290] - Session 0x0 for sever xmind.net/127.0.0.1:27397, Closing socket connection. Attempting reconnect except it is a SessionExpiredException.
java.net.ConnectException: Connection refused: no further information
	at sun.nio.ch.SocketChannelImpl.checkConnect(Native Method)
	at sun.nio.ch.SocketChannelImpl.finishConnect(SocketChannelImpl.java:716)
	at org.apache.zookeeper.ClientCnxnSocketNIO.doTransport(ClientCnxnSocketNIO.java:344)
	at org.apache.zookeeper.ClientCnxn$SendThread.run(ClientCnxn.java:1280)
2021-11-08 11:11:30,381 [myid:127.0.0.1:27402] - WARN  [main-SendThread(127.0.0.1:27402):ClientCnxn$SendThread@1290] - Session 0x0 for sever xmind.net/127.0.0.1:27402, Closing socket connection. Attempting reconnect except it is a SessionExpiredException.
java.net.ConnectException: Connection refused: no further information
	at sun.nio.ch.SocketChannelImpl.checkConnect(Native Method)
	at sun.nio.ch.SocketChannelImpl.finishConnect(SocketChannelImpl.java:716)
	at org.apache.zookeeper.ClientCnxnSocketNIO.doTransport(ClientCnxnSocketNIO.java:344)
	at org.apache.zookeeper.ClientCnxn$SendThread.run(ClientCnxn.java:1280)
2021-11-08 11:11:30,664 [myid:127.0.0.1:27407] - WARN  [main-SendThread(127.0.0.1:27407):ClientCnxn$SendThread@1290] - Session 0x0 for sever xmind.net/127.0.0.1:27407, Closing socket connection. Attempting reconnect except it is a SessionExpiredException.
java.net.ConnectException: Connection refused: no further information
	at sun.nio.ch.SocketChannelImpl.checkConnect(Native Method)
	at sun.nio.ch.SocketChannelImpl.finishConnect(SocketChannelImpl.java:716)
	at org.apache.zookeeper.ClientCnxnSocketNIO.doTransport(ClientCnxnSocketNIO.java:344)
	at org.apache.zookeeper.ClientCnxn$SendThread.run(ClientCnxn.java:1280)
2021-11-08 11:11:30,790 [myid:127.0.0.1:27380] - WARN  [main-SendThread(127.0.0.1:27380):ClientCnxn$SendThread@1290] - Session 0x5806e32b0002 for sever xmind.net/127.0.0.1:27380, Closing socket connection. Attempting reconnect except it is a SessionExpiredException.
java.net.ConnectException: Connection refused: no further information
	at sun.nio.ch.SocketChannelImpl.checkConnect(Native Method)
	at sun.nio.ch.SocketChannelImpl.finishConnect(SocketChannelImpl.java:716)
	at org.apache.zookeeper.ClientCnxnSocketNIO.doTransport(ClientCnxnSocketNIO.java:344)
	at org.apache.zookeeper.ClientCnxn$SendThread.run(ClientCnxn.java:1280)
2021-11-08 11:11:30,820 [myid:127.0.0.1:27412] - INFO  [main-SendThread(127.0.0.1:27412):ClientCnxn$SendThread@1171] - Opening socket connection to server xmind.net/127.0.0.1:27412.
2021-11-08 11:11:30,820 [myid:127.0.0.1:27412] - INFO  [main-SendThread(127.0.0.1:27412):ClientCnxn$SendThread@1173] - SASL config status: Will not attempt to authenticate using SASL (unknown error)
2021-11-08 11:11:30,820 [myid:127.0.0.1:27412] - INFO  [main-SendThread(127.0.0.1:27412):ClientCnxn$SendThread@1005] - Socket connection established, initiating session, client: /127.0.0.1:8294, server: xmind.net/127.0.0.1:27412
2021-11-08 11:11:30,821 [myid:0] - WARN  [NIOWorkerThread-12:NIOServerCnxn@380] - Close of session 0x0
java.io.IOException: ZooKeeperServer not running
	at org.apache.zookeeper.server.NIOServerCnxn.readLength(NIOServerCnxn.java:554)
	at org.apache.zookeeper.server.NIOServerCnxn.doIO(NIOServerCnxn.java:339)
	at org.apache.zookeeper.server.NIOServerCnxnFactory$IOWorkRequest.doWork(NIOServerCnxnFactory.java:508)
	at org.apache.zookeeper.server.WorkerService$ScheduledWorkRequest.run(WorkerService.java:154)
	at java.util.concurrent.ThreadPoolExecutor.runWorker(ThreadPoolExecutor.java:1142)
	at java.util.concurrent.ThreadPoolExecutor$Worker.run(ThreadPoolExecutor.java:617)
	at java.lang.Thread.run(Thread.java:745)
2021-11-08 11:11:30,822 [myid:127.0.0.1:27412] - WARN  [main-SendThread(127.0.0.1:27412):ClientCnxn$SendThread@1290] - Session 0x0 for sever xmind.net/127.0.0.1:27412, Closing socket connection. Attempting reconnect except it is a SessionExpiredException.
EndOfStreamException: Unable to read additional data from server sessionid 0x0, likely server has closed socket
	at org.apache.zookeeper.ClientCnxnSocketNIO.doIO(ClientCnxnSocketNIO.java:77)
	at org.apache.zookeeper.ClientCnxnSocketNIO.doTransport(ClientCnxnSocketNIO.java:350)
	at org.apache.zookeeper.ClientCnxn$SendThread.run(ClientCnxn.java:1280)
2021-11-08 11:11:30,874 [myid:127.0.0.1:27417] - INFO  [main-SendThread(127.0.0.1:27417):ClientCnxn$SendThread@1171] - Opening socket connection to server xmind.net/127.0.0.1:27417.
2021-11-08 11:11:30,874 [myid:127.0.0.1:27417] - INFO  [main-SendThread(127.0.0.1:27417):ClientCnxn$SendThread@1173] - SASL config status: Will not attempt to authenticate using SASL (unknown error)
2021-11-08 11:11:30,874 [myid:127.0.0.1:27417] - INFO  [main-SendThread(127.0.0.1:27417):ClientCnxn$SendThread@1005] - Socket connection established, initiating session, client: /127.0.0.1:8296, server: xmind.net/127.0.0.1:27417
2021-11-08 11:11:30,875 [myid:1] - WARN  [NIOWorkerThread-12:NIOServerCnxn@380] - Close of session 0x0
java.io.IOException: ZooKeeperServer not running
	at org.apache.zookeeper.server.NIOServerCnxn.readLength(NIOServerCnxn.java:554)
	at org.apache.zookeeper.server.NIOServerCnxn.doIO(NIOServerCnxn.java:339)
	at org.apache.zookeeper.server.NIOServerCnxnFactory$IOWorkRequest.doWork(NIOServerCnxnFactory.java:508)
	at org.apache.zookeeper.server.WorkerService$ScheduledWorkRequest.run(WorkerService.java:154)
	at java.util.concurrent.ThreadPoolExecutor.runWorker(ThreadPoolExecutor.java:1142)
	at java.util.concurrent.ThreadPoolExecutor$Worker.run(ThreadPoolExecutor.java:617)
	at java.lang.Thread.run(Thread.java:745)
2021-11-08 11:11:30,875 [myid:127.0.0.1:27417] - WARN  [main-SendThread(127.0.0.1:27417):ClientCnxn$SendThread@1290] - Session 0x0 for sever xmind.net/127.0.0.1:27417, Closing socket connection. Attempting reconnect except it is a SessionExpiredException.
EndOfStreamException: Unable to read additional data from server sessionid 0x0, likely server has closed socket
	at org.apache.zookeeper.ClientCnxnSocketNIO.doIO(ClientCnxnSocketNIO.java:77)
	at org.apache.zookeeper.ClientCnxnSocketNIO.doTransport(ClientCnxnSocketNIO.java:350)
	at org.apache.zookeeper.ClientCnxn$SendThread.run(ClientCnxn.java:1280)
2021-11-08 11:11:31,557 [myid:127.0.0.1:27397] - INFO  [main-SendThread(127.0.0.1:27397):ClientCnxn$SendThread@1171] - Opening socket connection to server xmind.net/127.0.0.1:27397.
2021-11-08 11:11:31,557 [myid:127.0.0.1:27397] - INFO  [main-SendThread(127.0.0.1:27397):ClientCnxn$SendThread@1173] - SASL config status: Will not attempt to authenticate using SASL (unknown error)
2021-11-08 11:11:31,721 [myid:127.0.0.1:27422] - INFO  [main-SendThread(127.0.0.1:27422):ClientCnxn$SendThread@1171] - Opening socket connection to server xmind.net/127.0.0.1:27422.
2021-11-08 11:11:31,721 [myid:127.0.0.1:27422] - INFO  [main-SendThread(127.0.0.1:27422):ClientCnxn$SendThread@1173] - SASL config status: Will not attempt to authenticate using SASL (unknown error)
2021-11-08 11:11:31,721 [myid:127.0.0.1:27422] - INFO  [main-SendThread(127.0.0.1:27422):ClientCnxn$SendThread@1005] - Socket connection established, initiating session, client: /127.0.0.1:8314, server: xmind.net/127.0.0.1:27422
2021-11-08 11:11:31,722 [myid:2] - WARN  [NIOWorkerThread-12:NIOServerCnxn@380] - Close of session 0x0
java.io.IOException: ZooKeeperServer not running
	at org.apache.zookeeper.server.NIOServerCnxn.readLength(NIOServerCnxn.java:554)
	at org.apache.zookeeper.server.NIOServerCnxn.doIO(NIOServerCnxn.java:339)
	at org.apache.zookeeper.server.NIOServerCnxnFactory$IOWorkRequest.doWork(NIOServerCnxnFactory.java:508)
	at org.apache.zookeeper.server.WorkerService$ScheduledWorkRequest.run(WorkerService.java:154)
	at java.util.concurrent.ThreadPoolExecutor.runWorker(ThreadPoolExecutor.java:1142)
	at java.util.concurrent.ThreadPoolExecutor$Worker.run(ThreadPoolExecutor.java:617)
	at java.lang.Thread.run(Thread.java:745)
2021-11-08 11:11:31,722 [myid:127.0.0.1:27422] - WARN  [main-SendThread(127.0.0.1:27422):ClientCnxn$SendThread@1290] - Session 0x0 for sever xmind.net/127.0.0.1:27422, Closing socket connection. Attempting reconnect except it is a SessionExpiredException.
EndOfStreamException: Unable to read additional data from server sessionid 0x0, likely server has closed socket
	at org.apache.zookeeper.ClientCnxnSocketNIO.doIO(ClientCnxnSocketNIO.java:77)
	at org.apache.zookeeper.ClientCnxnSocketNIO.doTransport(ClientCnxnSocketNIO.java:350)
	at org.apache.zookeeper.ClientCnxn$SendThread.run(ClientCnxn.java:1280)
2021-11-08 11:11:31,890 [myid:127.0.0.1:27402] - INFO  [main-SendThread(127.0.0.1:27402):ClientCnxn$SendThread@1171] - Opening socket connection to server xmind.net/127.0.0.1:27402.
2021-11-08 11:11:31,890 [myid:127.0.0.1:27402] - INFO  [main-SendThread(127.0.0.1:27402):ClientCnxn$SendThread@1173] - SASL config status: Will not attempt to authenticate using SASL (unknown error)
2021-11-08 11:11:32,113 [myid:127.0.0.1:27380] - INFO  [main-SendThread(127.0.0.1:27380):ClientCnxn$SendThread@1171] - Opening socket connection to server xmind.net/127.0.0.1:27380.
2021-11-08 11:11:32,113 [myid:127.0.0.1:27380] - INFO  [main-SendThread(127.0.0.1:27380):ClientCnxn$SendThread@1173] - SASL config status: Will not attempt to authenticate using SASL (unknown error)
2021-11-08 11:11:32,382 [myid:127.0.0.1:27407] - INFO  [main-SendThread(127.0.0.1:27407):ClientCnxn$SendThread@1171] - Opening socket connection to server xmind.net/127.0.0.1:27407.
2021-11-08 11:11:32,382 [myid:127.0.0.1:27407] - INFO  [main-SendThread(127.0.0.1:27407):ClientCnxn$SendThread@1173] - SASL config status: Will not attempt to authenticate using SASL (unknown error)
2021-11-08 11:11:32,582 [myid:127.0.0.1:27412] - INFO  [main-SendThread(127.0.0.1:27412):ClientCnxn$SendThread@1171] - Opening socket connection to server xmind.net/127.0.0.1:27412.
2021-11-08 11:11:32,582 [myid:127.0.0.1:27412] - INFO  [main-SendThread(127.0.0.1:27412):ClientCnxn$SendThread@1173] - SASL config status: Will not attempt to authenticate using SASL (unknown error)
2021-11-08 11:11:32,582 [myid:127.0.0.1:27412] - INFO  [main-SendThread(127.0.0.1:27412):ClientCnxn$SendThread@1005] - Socket connection established, initiating session, client: /127.0.0.1:8342, server: xmind.net/127.0.0.1:27412
2021-11-08 11:11:32,583 [myid:0] - WARN  [NIOWorkerThread-1:NIOServerCnxn@380] - Close of session 0x0
java.io.IOException: ZooKeeperServer not running
	at org.apache.zookeeper.server.NIOServerCnxn.readLength(NIOServerCnxn.java:554)
	at org.apache.zookeeper.server.NIOServerCnxn.doIO(NIOServerCnxn.java:339)
	at org.apache.zookeeper.server.NIOServerCnxnFactory$IOWorkRequest.doWork(NIOServerCnxnFactory.java:508)
	at org.apache.zookeeper.server.WorkerService$ScheduledWorkRequest.run(WorkerService.java:154)
	at java.util.concurrent.ThreadPoolExecutor.runWorker(ThreadPoolExecutor.java:1142)
	at java.util.concurrent.ThreadPoolExecutor$Worker.run(ThreadPoolExecutor.java:617)
	at java.lang.Thread.run(Thread.java:745)
2021-11-08 11:11:32,583 [myid:127.0.0.1:27412] - WARN  [main-SendThread(127.0.0.1:27412):ClientCnxn$SendThread@1290] - Session 0x0 for sever xmind.net/127.0.0.1:27412, Closing socket connection. Attempting reconnect except it is a SessionExpiredException.
EndOfStreamException: Unable to read additional data from server sessionid 0x0, likely server has closed socket
	at org.apache.zookeeper.ClientCnxnSocketNIO.doIO(ClientCnxnSocketNIO.java:77)
	at org.apache.zookeeper.ClientCnxnSocketNIO.doTransport(ClientCnxnSocketNIO.java:350)
	at org.apache.zookeeper.ClientCnxn$SendThread.run(ClientCnxn.java:1280)
2021-11-08 11:11:32,730 [myid:127.0.0.1:27417] - INFO  [main-SendThread(127.0.0.1:27417):ClientCnxn$SendThread@1171] - Opening socket connection to server xmind.net/127.0.0.1:27417.
2021-11-08 11:11:32,730 [myid:127.0.0.1:27417] - INFO  [main-SendThread(127.0.0.1:27417):ClientCnxn$SendThread@1173] - SASL config status: Will not attempt to authenticate using SASL (unknown error)
2021-11-08 11:11:32,730 [myid:127.0.0.1:27417] - INFO  [main-SendThread(127.0.0.1:27417):ClientCnxn$SendThread@1005] - Socket connection established, initiating session, client: /127.0.0.1:8348, server: xmind.net/127.0.0.1:27417
2021-11-08 11:11:32,731 [myid:1] - WARN  [NIOWorkerThread-1:NIOServerCnxn@380] - Close of session 0x0
java.io.IOException: ZooKeeperServer not running
	at org.apache.zookeeper.server.NIOServerCnxn.readLength(NIOServerCnxn.java:554)
	at org.apache.zookeeper.server.NIOServerCnxn.doIO(NIOServerCnxn.java:339)
	at org.apache.zookeeper.server.NIOServerCnxnFactory$IOWorkRequest.doWork(NIOServerCnxnFactory.java:508)
	at org.apache.zookeeper.server.WorkerService$ScheduledWorkRequest.run(WorkerService.java:154)
	at java.util.concurrent.ThreadPoolExecutor.runWorker(ThreadPoolExecutor.java:1142)
	at java.util.concurrent.ThreadPoolExecutor$Worker.run(ThreadPoolExecutor.java:617)
	at java.lang.Thread.run(Thread.java:745)
2021-11-08 11:11:32,731 [myid:127.0.0.1:27417] - WARN  [main-SendThread(127.0.0.1:27417):ClientCnxn$SendThread@1290] - Session 0x0 for sever xmind.net/127.0.0.1:27417, Closing socket connection. Attempting reconnect except it is a SessionExpiredException.
EndOfStreamException: Unable to read additional data from server sessionid 0x0, likely server has closed socket
	at org.apache.zookeeper.ClientCnxnSocketNIO.doIO(ClientCnxnSocketNIO.java:77)
	at org.apache.zookeeper.ClientCnxnSocketNIO.doTransport(ClientCnxnSocketNIO.java:350)
	at org.apache.zookeeper.ClientCnxn$SendThread.run(ClientCnxn.java:1280)
2021-11-08 11:11:33,589 [myid:127.0.0.1:27397] - WARN  [main-SendThread(127.0.0.1:27397):ClientCnxn$SendThread@1290] - Session 0x0 for sever xmind.net/127.0.0.1:27397, Closing socket connection. Attempting reconnect except it is a SessionExpiredException.
java.net.ConnectException: Connection refused: no further information
	at sun.nio.ch.SocketChannelImpl.checkConnect(Native Method)
	at sun.nio.ch.SocketChannelImpl.finishConnect(SocketChannelImpl.java:716)
	at org.apache.zookeeper.ClientCnxnSocketNIO.doTransport(ClientCnxnSocketNIO.java:344)
	at org.apache.zookeeper.ClientCnxn$SendThread.run(ClientCnxn.java:1280)
2021-11-08 11:11:33,604 [myid:127.0.0.1:27422] - INFO  [main-SendThread(127.0.0.1:27422):ClientCnxn$SendThread@1171] - Opening socket connection to server xmind.net/127.0.0.1:27422.
2021-11-08 11:11:33,604 [myid:127.0.0.1:27422] - INFO  [main-SendThread(127.0.0.1:27422):ClientCnxn$SendThread@1173] - SASL config status: Will not attempt to authenticate using SASL (unknown error)
2021-11-08 11:11:33,605 [myid:127.0.0.1:27422] - INFO  [main-SendThread(127.0.0.1:27422):ClientCnxn$SendThread@1005] - Socket connection established, initiating session, client: /127.0.0.1:8357, server: xmind.net/127.0.0.1:27422
2021-11-08 11:11:33,605 [myid:2] - WARN  [NIOWorkerThread-1:NIOServerCnxn@380] - Close of session 0x0
java.io.IOException: ZooKeeperServer not running
	at org.apache.zookeeper.server.NIOServerCnxn.readLength(NIOServerCnxn.java:554)
	at org.apache.zookeeper.server.NIOServerCnxn.doIO(NIOServerCnxn.java:339)
	at org.apache.zookeeper.server.NIOServerCnxnFactory$IOWorkRequest.doWork(NIOServerCnxnFactory.java:508)
	at org.apache.zookeeper.server.WorkerService$ScheduledWorkRequest.run(WorkerService.java:154)
	at java.util.concurrent.ThreadPoolExecutor.runWorker(ThreadPoolExecutor.java:1142)
	at java.util.concurrent.ThreadPoolExecutor$Worker.run(ThreadPoolExecutor.java:617)
	at java.lang.Thread.run(Thread.java:745)
2021-11-08 11:11:33,605 [myid:127.0.0.1:27422] - WARN  [main-SendThread(127.0.0.1:27422):ClientCnxn$SendThread@1290] - Session 0x0 for sever xmind.net/127.0.0.1:27422, Closing socket connection. Attempting reconnect except it is a SessionExpiredException.
EndOfStreamException: Unable to read additional data from server sessionid 0x0, likely server has closed socket
	at org.apache.zookeeper.ClientCnxnSocketNIO.doIO(ClientCnxnSocketNIO.java:77)
	at org.apache.zookeeper.ClientCnxnSocketNIO.doTransport(ClientCnxnSocketNIO.java:350)
	at org.apache.zookeeper.ClientCnxn$SendThread.run(ClientCnxn.java:1280)
2021-11-08 11:11:33,920 [myid:127.0.0.1:27402] - WARN  [main-SendThread(127.0.0.1:27402):ClientCnxn$SendThread@1290] - Session 0x0 for sever xmind.net/127.0.0.1:27402, Closing socket connection. Attempting reconnect except it is a SessionExpiredException.
java.net.ConnectException: Connection refused: no further information
	at sun.nio.ch.SocketChannelImpl.checkConnect(Native Method)
	at sun.nio.ch.SocketChannelImpl.finishConnect(SocketChannelImpl.java:716)
	at org.apache.zookeeper.ClientCnxnSocketNIO.doTransport(ClientCnxnSocketNIO.java:344)
	at org.apache.zookeeper.ClientCnxn$SendThread.run(ClientCnxn.java:1280)
2021-11-08 11:11:34,055 [myid:127.0.0.1:27412] - INFO  [main-SendThread(127.0.0.1:27412):ClientCnxn$SendThread@1171] - Opening socket connection to server xmind.net/127.0.0.1:27412.
2021-11-08 11:11:34,055 [myid:127.0.0.1:27412] - INFO  [main-SendThread(127.0.0.1:27412):ClientCnxn$SendThread@1173] - SASL config status: Will not attempt to authenticate using SASL (unknown error)
2021-11-08 11:11:34,055 [myid:127.0.0.1:27412] - INFO  [main-SendThread(127.0.0.1:27412):ClientCnxn$SendThread@1005] - Socket connection established, initiating session, client: /127.0.0.1:8362, server: xmind.net/127.0.0.1:27412
2021-11-08 11:11:34,056 [myid:0] - WARN  [NIOWorkerThread-2:NIOServerCnxn@380] - Close of session 0x0
java.io.IOException: ZooKeeperServer not running
	at org.apache.zookeeper.server.NIOServerCnxn.readLength(NIOServerCnxn.java:554)
	at org.apache.zookeeper.server.NIOServerCnxn.doIO(NIOServerCnxn.java:339)
	at org.apache.zookeeper.server.NIOServerCnxnFactory$IOWorkRequest.doWork(NIOServerCnxnFactory.java:508)
	at org.apache.zookeeper.server.WorkerService$ScheduledWorkRequest.run(WorkerService.java:154)
	at java.util.concurrent.ThreadPoolExecutor.runWorker(ThreadPoolExecutor.java:1142)
	at java.util.concurrent.ThreadPoolExecutor$Worker.run(ThreadPoolExecutor.java:617)
	at java.lang.Thread.run(Thread.java:745)
2021-11-08 11:11:34,056 [myid:127.0.0.1:27412] - WARN  [main-SendThread(127.0.0.1:27412):ClientCnxn$SendThread@1290] - Session 0x0 for sever xmind.net/127.0.0.1:27412, Closing socket connection. Attempting reconnect except it is a SessionExpiredException.
EndOfStreamException: Unable to read additional data from server sessionid 0x0, likely server has closed socket
	at org.apache.zookeeper.ClientCnxnSocketNIO.doIO(ClientCnxnSocketNIO.java:77)
	at org.apache.zookeeper.ClientCnxnSocketNIO.doTransport(ClientCnxnSocketNIO.java:350)
	at org.apache.zookeeper.ClientCnxn$SendThread.run(ClientCnxn.java:1280)
2021-11-08 11:11:34,138 [myid:127.0.0.1:27380] - WARN  [main-SendThread(127.0.0.1:27380):ClientCnxn$SendThread@1290] - Session 0x5806e32b0002 for sever xmind.net/127.0.0.1:27380, Closing socket connection. Attempting reconnect except it is a SessionExpiredException.
java.net.ConnectException: Connection refused: no further information
	at sun.nio.ch.SocketChannelImpl.checkConnect(Native Method)
	at sun.nio.ch.SocketChannelImpl.finishConnect(SocketChannelImpl.java:716)
	at org.apache.zookeeper.ClientCnxnSocketNIO.doTransport(ClientCnxnSocketNIO.java:344)
	at org.apache.zookeeper.ClientCnxn$SendThread.run(ClientCnxn.java:1280)
2021-11-08 11:11:34,229 [myid:127.0.0.1:27417] - INFO  [main-SendThread(127.0.0.1:27417):ClientCnxn$SendThread@1171] - Opening socket connection to server xmind.net/127.0.0.1:27417.
2021-11-08 11:11:34,229 [myid:127.0.0.1:27417] - INFO  [main-SendThread(127.0.0.1:27417):ClientCnxn$SendThread@1173] - SASL config status: Will not attempt to authenticate using SASL (unknown error)
2021-11-08 11:11:34,230 [myid:127.0.0.1:27417] - INFO  [main-SendThread(127.0.0.1:27417):ClientCnxn$SendThread@1005] - Socket connection established, initiating session, client: /127.0.0.1:8364, server: xmind.net/127.0.0.1:27417
2021-11-08 11:11:34,230 [myid:1] - WARN  [NIOWorkerThread-2:NIOServerCnxn@380] - Close of session 0x0
java.io.IOException: ZooKeeperServer not running
	at org.apache.zookeeper.server.NIOServerCnxn.readLength(NIOServerCnxn.java:554)
	at org.apache.zookeeper.server.NIOServerCnxn.doIO(NIOServerCnxn.java:339)
	at org.apache.zookeeper.server.NIOServerCnxnFactory$IOWorkRequest.doWork(NIOServerCnxnFactory.java:508)
	at org.apache.zookeeper.server.WorkerService$ScheduledWorkRequest.run(WorkerService.java:154)
	at java.util.concurrent.ThreadPoolExecutor.runWorker(ThreadPoolExecutor.java:1142)
	at java.util.concurrent.ThreadPoolExecutor$Worker.run(ThreadPoolExecutor.java:617)
	at java.lang.Thread.run(Thread.java:745)
2021-11-08 11:11:34,231 [myid:127.0.0.1:27417] - WARN  [main-SendThread(127.0.0.1:27417):ClientCnxn$SendThread@1290] - Session 0x0 for sever xmind.net/127.0.0.1:27417, Closing socket connection. Attempting reconnect except it is a SessionExpiredException.
EndOfStreamException: Unable to read additional data from server sessionid 0x0, likely server has closed socket
	at org.apache.zookeeper.ClientCnxnSocketNIO.doIO(ClientCnxnSocketNIO.java:77)
	at org.apache.zookeeper.ClientCnxnSocketNIO.doTransport(ClientCnxnSocketNIO.java:350)
	at org.apache.zookeeper.ClientCnxn$SendThread.run(ClientCnxn.java:1280)
2021-11-08 11:11:34,417 [myid:127.0.0.1:27407] - WARN  [main-SendThread(127.0.0.1:27407):ClientCnxn$SendThread@1290] - Session 0x0 for sever xmind.net/127.0.0.1:27407, Closing socket connection. Attempting reconnect except it is a SessionExpiredException.
java.net.ConnectException: Connection refused: no further information
	at sun.nio.ch.SocketChannelImpl.checkConnect(Native Method)
	at sun.nio.ch.SocketChannelImpl.finishConnect(SocketChannelImpl.java:716)
	at org.apache.zookeeper.ClientCnxnSocketNIO.doTransport(ClientCnxnSocketNIO.java:344)
	at org.apache.zookeeper.ClientCnxn$SendThread.run(ClientCnxn.java:1280)
2021-11-08 11:11:35,073 [myid:127.0.0.1:27397] - INFO  [main-SendThread(127.0.0.1:27397):ClientCnxn$SendThread@1171] - Opening socket connection to server xmind.net/127.0.0.1:27397.
2021-11-08 11:11:35,073 [myid:127.0.0.1:27397] - INFO  [main-SendThread(127.0.0.1:27397):ClientCnxn$SendThread@1173] - SASL config status: Will not attempt to authenticate using SASL (unknown error)
2021-11-08 11:11:35,219 [myid:127.0.0.1:27402] - INFO  [main-SendThread(127.0.0.1:27402):ClientCnxn$SendThread@1171] - Opening socket connection to server xmind.net/127.0.0.1:27402.
2021-11-08 11:11:35,219 [myid:127.0.0.1:27402] - INFO  [main-SendThread(127.0.0.1:27402):ClientCnxn$SendThread@1173] - SASL config status: Will not attempt to authenticate using SASL (unknown error)
2021-11-08 11:11:35,551 [myid:127.0.0.1:27422] - INFO  [main-SendThread(127.0.0.1:27422):ClientCnxn$SendThread@1171] - Opening socket connection to server xmind.net/127.0.0.1:27422.
2021-11-08 11:11:35,551 [myid:127.0.0.1:27422] - INFO  [main-SendThread(127.0.0.1:27422):ClientCnxn$SendThread@1173] - SASL config status: Will not attempt to authenticate using SASL (unknown error)
2021-11-08 11:11:35,551 [myid:127.0.0.1:27422] - INFO  [main-SendThread(127.0.0.1:27422):ClientCnxn$SendThread@1005] - Socket connection established, initiating session, client: /127.0.0.1:8441, server: xmind.net/127.0.0.1:27422
2021-11-08 11:11:35,552 [myid:2] - WARN  [NIOWorkerThread-2:NIOServerCnxn@380] - Close of session 0x0
java.io.IOException: ZooKeeperServer not running
	at org.apache.zookeeper.server.NIOServerCnxn.readLength(NIOServerCnxn.java:554)
	at org.apache.zookeeper.server.NIOServerCnxn.doIO(NIOServerCnxn.java:339)
	at org.apache.zookeeper.server.NIOServerCnxnFactory$IOWorkRequest.doWork(NIOServerCnxnFactory.java:508)
	at org.apache.zookeeper.server.WorkerService$ScheduledWorkRequest.run(WorkerService.java:154)
	at java.util.concurrent.ThreadPoolExecutor.runWorker(ThreadPoolExecutor.java:1142)
	at java.util.concurrent.ThreadPoolExecutor$Worker.run(ThreadPoolExecutor.java:617)
	at java.lang.Thread.run(Thread.java:745)
2021-11-08 11:11:35,552 [myid:127.0.0.1:27422] - WARN  [main-SendThread(127.0.0.1:27422):ClientCnxn$SendThread@1290] - Session 0x0 for sever xmind.net/127.0.0.1:27422, Closing socket connection. Attempting reconnect except it is a SessionExpiredException.
EndOfStreamException: Unable to read additional data from server sessionid 0x0, likely server has closed socket
	at org.apache.zookeeper.ClientCnxnSocketNIO.doIO(ClientCnxnSocketNIO.java:77)
	at org.apache.zookeeper.ClientCnxnSocketNIO.doTransport(ClientCnxnSocketNIO.java:350)
	at org.apache.zookeeper.ClientCnxn$SendThread.run(ClientCnxn.java:1280)
2021-11-08 11:11:35,619 [myid:127.0.0.1:27417] - INFO  [main-SendThread(127.0.0.1:27417):ClientCnxn$SendThread@1171] - Opening socket connection to server xmind.net/127.0.0.1:27417.
2021-11-08 11:11:35,619 [myid:127.0.0.1:27417] - INFO  [main-SendThread(127.0.0.1:27417):ClientCnxn$SendThread@1173] - SASL config status: Will not attempt to authenticate using SASL (unknown error)
2021-11-08 11:11:35,620 [myid:127.0.0.1:27417] - INFO  [main-SendThread(127.0.0.1:27417):ClientCnxn$SendThread@1005] - Socket connection established, initiating session, client: /127.0.0.1:8445, server: xmind.net/127.0.0.1:27417
2021-11-08 11:11:35,620 [myid:1] - WARN  [NIOWorkerThread-3:NIOServerCnxn@380] - Close of session 0x0
java.io.IOException: ZooKeeperServer not running
	at org.apache.zookeeper.server.NIOServerCnxn.readLength(NIOServerCnxn.java:554)
	at org.apache.zookeeper.server.NIOServerCnxn.doIO(NIOServerCnxn.java:339)
	at org.apache.zookeeper.server.NIOServerCnxnFactory$IOWorkRequest.doWork(NIOServerCnxnFactory.java:508)
	at org.apache.zookeeper.server.WorkerService$ScheduledWorkRequest.run(WorkerService.java:154)
	at java.util.concurrent.ThreadPoolExecutor.runWorker(ThreadPoolExecutor.java:1142)
	at java.util.concurrent.ThreadPoolExecutor$Worker.run(ThreadPoolExecutor.java:617)
	at java.lang.Thread.run(Thread.java:745)
2021-11-08 11:11:35,620 [myid:127.0.0.1:27417] - WARN  [main-SendThread(127.0.0.1:27417):ClientCnxn$SendThread@1290] - Session 0x0 for sever xmind.net/127.0.0.1:27417, Closing socket connection. Attempting reconnect except it is a SessionExpiredException.
EndOfStreamException: Unable to read additional data from server sessionid 0x0, likely server has closed socket
	at org.apache.zookeeper.ClientCnxnSocketNIO.doIO(ClientCnxnSocketNIO.java:77)
	at org.apache.zookeeper.ClientCnxnSocketNIO.doTransport(ClientCnxnSocketNIO.java:350)
	at org.apache.zookeeper.ClientCnxn$SendThread.run(ClientCnxn.java:1280)
2021-11-08 11:11:35,761 [myid:127.0.0.1:27380] - INFO  [main-SendThread(127.0.0.1:27380):ClientCnxn$SendThread@1171] - Opening socket connection to server xmind.net/127.0.0.1:27380.
2021-11-08 11:11:35,761 [myid:127.0.0.1:27380] - INFO  [main-SendThread(127.0.0.1:27380):ClientCnxn$SendThread@1173] - SASL config status: Will not attempt to authenticate using SASL (unknown error)
2021-11-08 11:11:35,763 [myid:127.0.0.1:27407] - INFO  [main-SendThread(127.0.0.1:27407):ClientCnxn$SendThread@1171] - Opening socket connection to server xmind.net/127.0.0.1:27407.
2021-11-08 11:11:35,763 [myid:127.0.0.1:27407] - INFO  [main-SendThread(127.0.0.1:27407):ClientCnxn$SendThread@1173] - SASL config status: Will not attempt to authenticate using SASL (unknown error)
2021-11-08 11:11:35,891 [myid:127.0.0.1:27412] - INFO  [main-SendThread(127.0.0.1:27412):ClientCnxn$SendThread@1171] - Opening socket connection to server xmind.net/127.0.0.1:27412.
2021-11-08 11:11:35,891 [myid:127.0.0.1:27412] - INFO  [main-SendThread(127.0.0.1:27412):ClientCnxn$SendThread@1173] - SASL config status: Will not attempt to authenticate using SASL (unknown error)
2021-11-08 11:11:35,893 [myid:127.0.0.1:27412] - INFO  [main-SendThread(127.0.0.1:27412):ClientCnxn$SendThread@1005] - Socket connection established, initiating session, client: /127.0.0.1:8482, server: xmind.net/127.0.0.1:27412
2021-11-08 11:11:35,895 [myid:0] - WARN  [NIOWorkerThread-3:NIOServerCnxn@380] - Close of session 0x0
java.io.IOException: ZooKeeperServer not running
	at org.apache.zookeeper.server.NIOServerCnxn.readLength(NIOServerCnxn.java:554)
	at org.apache.zookeeper.server.NIOServerCnxn.doIO(NIOServerCnxn.java:339)
	at org.apache.zookeeper.server.NIOServerCnxnFactory$IOWorkRequest.doWork(NIOServerCnxnFactory.java:508)
	at org.apache.zookeeper.server.WorkerService$ScheduledWorkRequest.run(WorkerService.java:154)
	at java.util.concurrent.ThreadPoolExecutor.runWorker(ThreadPoolExecutor.java:1142)
	at java.util.concurrent.ThreadPoolExecutor$Worker.run(ThreadPoolExecutor.java:617)
	at java.lang.Thread.run(Thread.java:745)
2021-11-08 11:11:35,895 [myid:127.0.0.1:27412] - WARN  [main-SendThread(127.0.0.1:27412):ClientCnxn$SendThread@1290] - Session 0x0 for sever xmind.net/127.0.0.1:27412, Closing socket connection. Attempting reconnect except it is a SessionExpiredException.
EndOfStreamException: Unable to read additional data from server sessionid 0x0, likely server has closed socket
	at org.apache.zookeeper.ClientCnxnSocketNIO.doIO(ClientCnxnSocketNIO.java:77)
	at org.apache.zookeeper.ClientCnxnSocketNIO.doTransport(ClientCnxnSocketNIO.java:350)
	at org.apache.zookeeper.ClientCnxn$SendThread.run(ClientCnxn.java:1280)
2021-11-08 11:11:36,795 [myid:127.0.0.1:27422] - INFO  [main-SendThread(127.0.0.1:27422):ClientCnxn$SendThread@1171] - Opening socket connection to server xmind.net/127.0.0.1:27422.
2021-11-08 11:11:36,795 [myid:127.0.0.1:27422] - INFO  [main-SendThread(127.0.0.1:27422):ClientCnxn$SendThread@1173] - SASL config status: Will not attempt to authenticate using SASL (unknown error)
2021-11-08 11:11:36,796 [myid:127.0.0.1:27422] - INFO  [main-SendThread(127.0.0.1:27422):ClientCnxn$SendThread@1005] - Socket connection established, initiating session, client: /127.0.0.1:8540, server: xmind.net/127.0.0.1:27422
2021-11-08 11:11:36,797 [myid:2] - WARN  [NIOWorkerThread-3:NIOServerCnxn@380] - Close of session 0x0
java.io.IOException: ZooKeeperServer not running
	at org.apache.zookeeper.server.NIOServerCnxn.readLength(NIOServerCnxn.java:554)
	at org.apache.zookeeper.server.NIOServerCnxn.doIO(NIOServerCnxn.java:339)
	at org.apache.zookeeper.server.NIOServerCnxnFactory$IOWorkRequest.doWork(NIOServerCnxnFactory.java:508)
	at org.apache.zookeeper.server.WorkerService$ScheduledWorkRequest.run(WorkerService.java:154)
	at java.util.concurrent.ThreadPoolExecutor.runWorker(ThreadPoolExecutor.java:1142)
	at java.util.concurrent.ThreadPoolExecutor$Worker.run(ThreadPoolExecutor.java:617)
	at java.lang.Thread.run(Thread.java:745)
2021-11-08 11:11:36,797 [myid:127.0.0.1:27422] - WARN  [main-SendThread(127.0.0.1:27422):ClientCnxn$SendThread@1290] - Session 0x0 for sever xmind.net/127.0.0.1:27422, Closing socket connection. Attempting reconnect except it is a SessionExpiredException.
EndOfStreamException: Unable to read additional data from server sessionid 0x0, likely server has closed socket
	at org.apache.zookeeper.ClientCnxnSocketNIO.doIO(ClientCnxnSocketNIO.java:77)
	at org.apache.zookeeper.ClientCnxnSocketNIO.doTransport(ClientCnxnSocketNIO.java:350)
	at org.apache.zookeeper.ClientCnxn$SendThread.run(ClientCnxn.java:1280)
2021-11-08 11:11:37,113 [myid:127.0.0.1:27397] - WARN  [main-SendThread(127.0.0.1:27397):ClientCnxn$SendThread@1290] - Session 0x0 for sever xmind.net/127.0.0.1:27397, Closing socket connection. Attempting reconnect except it is a SessionExpiredException.
java.net.ConnectException: Connection refused: no further information
	at sun.nio.ch.SocketChannelImpl.checkConnect(Native Method)
	at sun.nio.ch.SocketChannelImpl.finishConnect(SocketChannelImpl.java:716)
	at org.apache.zookeeper.ClientCnxnSocketNIO.doTransport(ClientCnxnSocketNIO.java:344)
	at org.apache.zookeeper.ClientCnxn$SendThread.run(ClientCnxn.java:1280)
2021-11-08 11:11:37,253 [myid:127.0.0.1:27402] - WARN  [main-SendThread(127.0.0.1:27402):ClientCnxn$SendThread@1290] - Session 0x0 for sever xmind.net/127.0.0.1:27402, Closing socket connection. Attempting reconnect except it is a SessionExpiredException.
java.net.ConnectException: Connection refused: no further information
	at sun.nio.ch.SocketChannelImpl.checkConnect(Native Method)
	at sun.nio.ch.SocketChannelImpl.finishConnect(SocketChannelImpl.java:716)
	at org.apache.zookeeper.ClientCnxnSocketNIO.doTransport(ClientCnxnSocketNIO.java:344)
	at org.apache.zookeeper.ClientCnxn$SendThread.run(ClientCnxn.java:1280)
2021-11-08 11:11:37,527 [myid:127.0.0.1:27417] - INFO  [main-SendThread(127.0.0.1:27417):ClientCnxn$SendThread@1171] - Opening socket connection to server xmind.net/127.0.0.1:27417.
2021-11-08 11:11:37,527 [myid:127.0.0.1:27417] - INFO  [main-SendThread(127.0.0.1:27417):ClientCnxn$SendThread@1173] - SASL config status: Will not attempt to authenticate using SASL (unknown error)
2021-11-08 11:11:37,527 [myid:127.0.0.1:27417] - INFO  [main-SendThread(127.0.0.1:27417):ClientCnxn$SendThread@1005] - Socket connection established, initiating session, client: /127.0.0.1:8582, server: xmind.net/127.0.0.1:27417
2021-11-08 11:11:37,527 [myid:1] - WARN  [NIOWorkerThread-4:NIOServerCnxn@380] - Close of session 0x0
java.io.IOException: ZooKeeperServer not running
	at org.apache.zookeeper.server.NIOServerCnxn.readLength(NIOServerCnxn.java:554)
	at org.apache.zookeeper.server.NIOServerCnxn.doIO(NIOServerCnxn.java:339)
	at org.apache.zookeeper.server.NIOServerCnxnFactory$IOWorkRequest.doWork(NIOServerCnxnFactory.java:508)
	at org.apache.zookeeper.server.WorkerService$ScheduledWorkRequest.run(WorkerService.java:154)
	at java.util.concurrent.ThreadPoolExecutor.runWorker(ThreadPoolExecutor.java:1142)
	at java.util.concurrent.ThreadPoolExecutor$Worker.run(ThreadPoolExecutor.java:617)
	at java.lang.Thread.run(Thread.java:745)
2021-11-08 11:11:37,527 [myid:127.0.0.1:27417] - WARN  [main-SendThread(127.0.0.1:27417):ClientCnxn$SendThread@1290] - Session 0x0 for sever xmind.net/127.0.0.1:27417, Closing socket connection. Attempting reconnect except it is a SessionExpiredException.
EndOfStreamException: Unable to read additional data from server sessionid 0x0, likely server has closed socket
	at org.apache.zookeeper.ClientCnxnSocketNIO.doIO(ClientCnxnSocketNIO.java:77)
	at org.apache.zookeeper.ClientCnxnSocketNIO.doTransport(ClientCnxnSocketNIO.java:350)
	at org.apache.zookeeper.ClientCnxn$SendThread.run(ClientCnxn.java:1280)
2021-11-08 11:11:37,577 [myid:127.0.0.1:27412] - INFO  [main-SendThread(127.0.0.1:27412):ClientCnxn$SendThread@1171] - Opening socket connection to server xmind.net/127.0.0.1:27412.
2021-11-08 11:11:37,577 [myid:127.0.0.1:27412] - INFO  [main-SendThread(127.0.0.1:27412):ClientCnxn$SendThread@1173] - SASL config status: Will not attempt to authenticate using SASL (unknown error)
2021-11-08 11:11:37,577 [myid:127.0.0.1:27412] - INFO  [main-SendThread(127.0.0.1:27412):ClientCnxn$SendThread@1005] - Socket connection established, initiating session, client: /127.0.0.1:8584, server: xmind.net/127.0.0.1:27412
2021-11-08 11:11:37,578 [myid:0] - WARN  [NIOWorkerThread-4:NIOServerCnxn@380] - Close of session 0x0
java.io.IOException: ZooKeeperServer not running
	at org.apache.zookeeper.server.NIOServerCnxn.readLength(NIOServerCnxn.java:554)
	at org.apache.zookeeper.server.NIOServerCnxn.doIO(NIOServerCnxn.java:339)
	at org.apache.zookeeper.server.NIOServerCnxnFactory$IOWorkRequest.doWork(NIOServerCnxnFactory.java:508)
	at org.apache.zookeeper.server.WorkerService$ScheduledWorkRequest.run(WorkerService.java:154)
	at java.util.concurrent.ThreadPoolExecutor.runWorker(ThreadPoolExecutor.java:1142)
	at java.util.concurrent.ThreadPoolExecutor$Worker.run(ThreadPoolExecutor.java:617)
	at java.lang.Thread.run(Thread.java:745)
2021-11-08 11:11:37,578 [myid:127.0.0.1:27412] - WARN  [main-SendThread(127.0.0.1:27412):ClientCnxn$SendThread@1290] - Session 0x0 for sever xmind.net/127.0.0.1:27412, Closing socket connection. Attempting reconnect except it is a SessionExpiredException.
EndOfStreamException: Unable to read additional data from server sessionid 0x0, likely server has closed socket
	at org.apache.zookeeper.ClientCnxnSocketNIO.doIO(ClientCnxnSocketNIO.java:77)
	at org.apache.zookeeper.ClientCnxnSocketNIO.doTransport(ClientCnxnSocketNIO.java:350)
	at org.apache.zookeeper.ClientCnxn$SendThread.run(ClientCnxn.java:1280)
2021-11-08 11:11:37,785 [myid:127.0.0.1:27380] - WARN  [main-SendThread(127.0.0.1:27380):ClientCnxn$SendThread@1290] - Session 0x5806e32b0002 for sever xmind.net/127.0.0.1:27380, Closing socket connection. Attempting reconnect except it is a SessionExpiredException.
java.net.ConnectException: Connection refused: no further information
	at sun.nio.ch.SocketChannelImpl.checkConnect(Native Method)
	at sun.nio.ch.SocketChannelImpl.finishConnect(SocketChannelImpl.java:716)
	at org.apache.zookeeper.ClientCnxnSocketNIO.doTransport(ClientCnxnSocketNIO.java:344)
	at org.apache.zookeeper.ClientCnxn$SendThread.run(ClientCnxn.java:1280)
2021-11-08 11:11:37,785 [myid:127.0.0.1:27407] - WARN  [main-SendThread(127.0.0.1:27407):ClientCnxn$SendThread@1290] - Session 0x0 for sever xmind.net/127.0.0.1:27407, Closing socket connection. Attempting reconnect except it is a SessionExpiredException.
java.net.ConnectException: Connection refused: no further information
	at sun.nio.ch.SocketChannelImpl.checkConnect(Native Method)
	at sun.nio.ch.SocketChannelImpl.finishConnect(SocketChannelImpl.java:716)
	at org.apache.zookeeper.ClientCnxnSocketNIO.doTransport(ClientCnxnSocketNIO.java:344)
	at org.apache.zookeeper.ClientCnxn$SendThread.run(ClientCnxn.java:1280)
2021-11-08 11:11:38,040 [myid:127.0.0.1:27422] - INFO  [main-SendThread(127.0.0.1:27422):ClientCnxn$SendThread@1171] - Opening socket connection to server xmind.net/127.0.0.1:27422.
2021-11-08 11:11:38,040 [myid:127.0.0.1:27422] - INFO  [main-SendThread(127.0.0.1:27422):ClientCnxn$SendThread@1173] - SASL config status: Will not attempt to authenticate using SASL (unknown error)
2021-11-08 11:11:38,040 [myid:127.0.0.1:27422] - INFO  [main-SendThread(127.0.0.1:27422):ClientCnxn$SendThread@1005] - Socket connection established, initiating session, client: /127.0.0.1:8621, server: xmind.net/127.0.0.1:27422
2021-11-08 11:11:38,041 [myid:2] - WARN  [NIOWorkerThread-4:NIOServerCnxn@380] - Close of session 0x0
java.io.IOException: ZooKeeperServer not running
	at org.apache.zookeeper.server.NIOServerCnxn.readLength(NIOServerCnxn.java:554)
	at org.apache.zookeeper.server.NIOServerCnxn.doIO(NIOServerCnxn.java:339)
	at org.apache.zookeeper.server.NIOServerCnxnFactory$IOWorkRequest.doWork(NIOServerCnxnFactory.java:508)
	at org.apache.zookeeper.server.WorkerService$ScheduledWorkRequest.run(WorkerService.java:154)
	at java.util.concurrent.ThreadPoolExecutor.runWorker(ThreadPoolExecutor.java:1142)
	at java.util.concurrent.ThreadPoolExecutor$Worker.run(ThreadPoolExecutor.java:617)
	at java.lang.Thread.run(Thread.java:745)
2021-11-08 11:11:38,041 [myid:127.0.0.1:27422] - WARN  [main-SendThread(127.0.0.1:27422):ClientCnxn$SendThread@1290] - Session 0x0 for sever xmind.net/127.0.0.1:27422, Closing socket connection. Attempting reconnect except it is a SessionExpiredException.
EndOfStreamException: Unable to read additional data from server sessionid 0x0, likely server has closed socket
	at org.apache.zookeeper.ClientCnxnSocketNIO.doIO(ClientCnxnSocketNIO.java:77)
	at org.apache.zookeeper.ClientCnxnSocketNIO.doTransport(ClientCnxnSocketNIO.java:350)
	at org.apache.zookeeper.ClientCnxn$SendThread.run(ClientCnxn.java:1280)
2021-11-08 11:11:38,249 [myid:1] - INFO  [QuorumPeer[myid=1](plain=[0:0:0:0:0:0:0:0]:27417)(secure=disabled):FastLeaderElection@984] - Notification time out: 25600
2021-11-08 11:11:38,304 [myid:0] - INFO  [QuorumPeer[myid=0](plain=[0:0:0:0:0:0:0:0]:27412)(secure=disabled):FastLeaderElection@984] - Notification time out: 25600
2021-11-08 11:11:38,304 [myid:2] - INFO  [QuorumPeer[myid=2](plain=[0:0:0:0:0:0:0:0]:27422)(secure=disabled):FastLeaderElection@984] - Notification time out: 25600
2021-11-08 11:11:38,719 [myid:127.0.0.1:27402] - INFO  [main-SendThread(127.0.0.1:27402):ClientCnxn$SendThread@1171] - Opening socket connection to server xmind.net/127.0.0.1:27402.
2021-11-08 11:11:38,719 [myid:127.0.0.1:27402] - INFO  [main-SendThread(127.0.0.1:27402):ClientCnxn$SendThread@1173] - SASL config status: Will not attempt to authenticate using SASL (unknown error)
2021-11-08 11:11:39,163 [myid:127.0.0.1:27397] - INFO  [main-SendThread(127.0.0.1:27397):ClientCnxn$SendThread@1171] - Opening socket connection to server xmind.net/127.0.0.1:27397.
2021-11-08 11:11:39,163 [myid:127.0.0.1:27397] - INFO  [main-SendThread(127.0.0.1:27397):ClientCnxn$SendThread@1173] - SASL config status: Will not attempt to authenticate using SASL (unknown error)
2021-11-08 11:11:39,223 [myid:127.0.0.1:27380] - INFO  [main-SendThread(127.0.0.1:27380):ClientCnxn$SendThread@1171] - Opening socket connection to server xmind.net/127.0.0.1:27380.
2021-11-08 11:11:39,223 [myid:127.0.0.1:27380] - INFO  [main-SendThread(127.0.0.1:27380):ClientCnxn$SendThread@1173] - SASL config status: Will not attempt to authenticate using SASL (unknown error)
2021-11-08 11:11:39,249 [myid:1] - WARN  [QuorumConnectionThread-[myid=1]-3:QuorumCnxManager@401] - Cannot open channel to 0 at election address invalid.hostname.unreachable.com:27416|/0:0:0:0:0:0:0:1:27414
java.net.UnknownHostException: invalid.hostname.unreachable.com
	at java.net.AbstractPlainSocketImpl.connect(AbstractPlainSocketImpl.java:184)
	at java.net.PlainSocketImpl.connect(PlainSocketImpl.java:172)
	at java.net.SocksSocketImpl.connect(SocksSocketImpl.java:392)
	at java.net.Socket.connect(Socket.java:589)
	at org.apache.zookeeper.server.quorum.QuorumCnxManager.initiateConnection(QuorumCnxManager.java:384)
	at org.apache.zookeeper.server.quorum.QuorumCnxManager$QuorumConnectionReqThread.run(QuorumCnxManager.java:458)
	at java.util.concurrent.ThreadPoolExecutor.runWorker(ThreadPoolExecutor.java:1142)
	at java.util.concurrent.ThreadPoolExecutor$Worker.run(ThreadPoolExecutor.java:617)
	at java.lang.Thread.run(Thread.java:745)
2021-11-08 11:11:39,249 [myid:2] - INFO  [ListenerHandler-/0:0:0:0:0:0:0:1:27424:QuorumCnxManager$Listener$ListenerHandler@1071] - Received connection request from /0:0:0:0:0:0:0:1:8652
2021-11-08 11:11:39,249 [myid:1] - INFO  [QuorumConnectionThread-[myid=1]-2:QuorumCnxManager@514] - Have smaller server identifier, so dropping the connection: (myId:1 --> sid:2)
2021-11-08 11:11:39,304 [myid:0] - WARN  [QuorumConnectionThread-[myid=0]-2:QuorumCnxManager@401] - Cannot open channel to 1 at election address invalid.hostname.unreachable.com:27421|/0:0:0:0:0:0:0:1:27419
java.net.UnknownHostException: invalid.hostname.unreachable.com
	at java.net.AbstractPlainSocketImpl.connect(AbstractPlainSocketImpl.java:184)
	at java.net.PlainSocketImpl.connect(PlainSocketImpl.java:172)
	at java.net.SocksSocketImpl.connect(SocksSocketImpl.java:392)
	at java.net.Socket.connect(Socket.java:589)
	at org.apache.zookeeper.server.quorum.QuorumCnxManager.initiateConnection(QuorumCnxManager.java:384)
	at org.apache.zookeeper.server.quorum.QuorumCnxManager$QuorumConnectionReqThread.run(QuorumCnxManager.java:458)
	at java.util.concurrent.ThreadPoolExecutor.runWorker(ThreadPoolExecutor.java:1142)
	at java.util.concurrent.ThreadPoolExecutor$Worker.run(ThreadPoolExecutor.java:617)
	at java.lang.Thread.run(Thread.java:745)
2021-11-08 11:11:39,304 [myid:2] - WARN  [QuorumConnectionThread-[myid=2]-3:QuorumCnxManager@401] - Cannot open channel to 0 at election address invalid.hostname.unreachable.com:27416|/0:0:0:0:0:0:0:1:27414
java.net.UnknownHostException: invalid.hostname.unreachable.com
	at java.net.AbstractPlainSocketImpl.connect(AbstractPlainSocketImpl.java:184)
	at java.net.PlainSocketImpl.connect(PlainSocketImpl.java:172)
	at java.net.SocksSocketImpl.connect(SocksSocketImpl.java:392)
	at java.net.Socket.connect(Socket.java:589)
	at org.apache.zookeeper.server.quorum.QuorumCnxManager.initiateConnection(QuorumCnxManager.java:384)
	at org.apache.zookeeper.server.quorum.QuorumCnxManager$QuorumConnectionReqThread.run(QuorumCnxManager.java:458)
	at java.util.concurrent.ThreadPoolExecutor.runWorker(ThreadPoolExecutor.java:1142)
	at java.util.concurrent.ThreadPoolExecutor$Worker.run(ThreadPoolExecutor.java:617)
	at java.lang.Thread.run(Thread.java:745)
2021-11-08 11:11:39,305 [myid:2] - WARN  [QuorumConnectionThread-[myid=2]-2:QuorumCnxManager@401] - Cannot open channel to 1 at election address invalid.hostname.unreachable.com:27421|/0:0:0:0:0:0:0:1:27419
java.net.UnknownHostException: invalid.hostname.unreachable.com
	at java.net.AbstractPlainSocketImpl.connect(AbstractPlainSocketImpl.java:184)
	at java.net.PlainSocketImpl.connect(PlainSocketImpl.java:172)
	at java.net.SocksSocketImpl.connect(SocksSocketImpl.java:392)
	at java.net.Socket.connect(Socket.java:589)
	at org.apache.zookeeper.server.quorum.QuorumCnxManager.initiateConnection(QuorumCnxManager.java:384)
	at org.apache.zookeeper.server.quorum.QuorumCnxManager$QuorumConnectionReqThread.run(QuorumCnxManager.java:458)
	at java.util.concurrent.ThreadPoolExecutor.runWorker(ThreadPoolExecutor.java:1142)
	at java.util.concurrent.ThreadPoolExecutor$Worker.run(ThreadPoolExecutor.java:617)
	at java.lang.Thread.run(Thread.java:745)
2021-11-08 11:11:39,305 [myid:2] - INFO  [ListenerHandler-/0:0:0:0:0:0:0:1:27424:QuorumCnxManager$Listener$ListenerHandler@1071] - Received connection request from /0:0:0:0:0:0:0:1:8653
2021-11-08 11:11:39,305 [myid:0] - INFO  [QuorumConnectionThread-[myid=0]-3:QuorumCnxManager@514] - Have smaller server identifier, so dropping the connection: (myId:0 --> sid:2)
2021-11-08 11:11:39,316 [myid:127.0.0.1:27417] - INFO  [main-SendThread(127.0.0.1:27417):ClientCnxn$SendThread@1171] - Opening socket connection to server xmind.net/127.0.0.1:27417.
2021-11-08 11:11:39,316 [myid:127.0.0.1:27417] - INFO  [main-SendThread(127.0.0.1:27417):ClientCnxn$SendThread@1173] - SASL config status: Will not attempt to authenticate using SASL (unknown error)
2021-11-08 11:11:39,317 [myid:127.0.0.1:27417] - INFO  [main-SendThread(127.0.0.1:27417):ClientCnxn$SendThread@1005] - Socket connection established, initiating session, client: /127.0.0.1:8655, server: xmind.net/127.0.0.1:27417
2021-11-08 11:11:39,317 [myid:1] - WARN  [NIOWorkerThread-5:NIOServerCnxn@380] - Close of session 0x0
java.io.IOException: ZooKeeperServer not running
	at org.apache.zookeeper.server.NIOServerCnxn.readLength(NIOServerCnxn.java:554)
	at org.apache.zookeeper.server.NIOServerCnxn.doIO(NIOServerCnxn.java:339)
	at org.apache.zookeeper.server.NIOServerCnxnFactory$IOWorkRequest.doWork(NIOServerCnxnFactory.java:508)
	at org.apache.zookeeper.server.WorkerService$ScheduledWorkRequest.run(WorkerService.java:154)
	at java.util.concurrent.ThreadPoolExecutor.runWorker(ThreadPoolExecutor.java:1142)
	at java.util.concurrent.ThreadPoolExecutor$Worker.run(ThreadPoolExecutor.java:617)
	at java.lang.Thread.run(Thread.java:745)
2021-11-08 11:11:39,317 [myid:127.0.0.1:27417] - WARN  [main-SendThread(127.0.0.1:27417):ClientCnxn$SendThread@1290] - Session 0x0 for sever xmind.net/127.0.0.1:27417, Closing socket connection. Attempting reconnect except it is a SessionExpiredException.
EndOfStreamException: Unable to read additional data from server sessionid 0x0, likely server has closed socket
	at org.apache.zookeeper.ClientCnxnSocketNIO.doIO(ClientCnxnSocketNIO.java:77)
	at org.apache.zookeeper.ClientCnxnSocketNIO.doTransport(ClientCnxnSocketNIO.java:350)
	at org.apache.zookeeper.ClientCnxn$SendThread.run(ClientCnxn.java:1280)
2021-11-08 11:11:39,394 [myid:127.0.0.1:27412] - INFO  [main-SendThread(127.0.0.1:27412):ClientCnxn$SendThread@1171] - Opening socket connection to server xmind.net/127.0.0.1:27412.
2021-11-08 11:11:39,394 [myid:127.0.0.1:27412] - INFO  [main-SendThread(127.0.0.1:27412):ClientCnxn$SendThread@1173] - SASL config status: Will not attempt to authenticate using SASL (unknown error)
2021-11-08 11:11:39,394 [myid:127.0.0.1:27412] - INFO  [main-SendThread(127.0.0.1:27412):ClientCnxn$SendThread@1005] - Socket connection established, initiating session, client: /127.0.0.1:8657, server: xmind.net/127.0.0.1:27412
2021-11-08 11:11:39,395 [myid:0] - WARN  [NIOWorkerThread-5:NIOServerCnxn@380] - Close of session 0x0
java.io.IOException: ZooKeeperServer not running
	at org.apache.zookeeper.server.NIOServerCnxn.readLength(NIOServerCnxn.java:554)
	at org.apache.zookeeper.server.NIOServerCnxn.doIO(NIOServerCnxn.java:339)
	at org.apache.zookeeper.server.NIOServerCnxnFactory$IOWorkRequest.doWork(NIOServerCnxnFactory.java:508)
	at org.apache.zookeeper.server.WorkerService$ScheduledWorkRequest.run(WorkerService.java:154)
	at java.util.concurrent.ThreadPoolExecutor.runWorker(ThreadPoolExecutor.java:1142)
	at java.util.concurrent.ThreadPoolExecutor$Worker.run(ThreadPoolExecutor.java:617)
	at java.lang.Thread.run(Thread.java:745)
2021-11-08 11:11:39,395 [myid:127.0.0.1:27412] - WARN  [main-SendThread(127.0.0.1:27412):ClientCnxn$SendThread@1290] - Session 0x0 for sever xmind.net/127.0.0.1:27412, Closing socket connection. Attempting reconnect except it is a SessionExpiredException.
EndOfStreamException: Unable to read additional data from server sessionid 0x0, likely server has closed socket
	at org.apache.zookeeper.ClientCnxnSocketNIO.doIO(ClientCnxnSocketNIO.java:77)
	at org.apache.zookeeper.ClientCnxnSocketNIO.doTransport(ClientCnxnSocketNIO.java:350)
	at org.apache.zookeeper.ClientCnxn$SendThread.run(ClientCnxn.java:1280)
2021-11-08 11:11:39,435 [myid:127.0.0.1:27407] - INFO  [main-SendThread(127.0.0.1:27407):ClientCnxn$SendThread@1171] - Opening socket connection to server xmind.net/127.0.0.1:27407.
2021-11-08 11:11:39,435 [myid:127.0.0.1:27407] - INFO  [main-SendThread(127.0.0.1:27407):ClientCnxn$SendThread@1173] - SASL config status: Will not attempt to authenticate using SASL (unknown error)
2021-11-08 11:11:39,746 [myid:127.0.0.1:27422] - INFO  [main-SendThread(127.0.0.1:27422):ClientCnxn$SendThread@1171] - Opening socket connection to server xmind.net/127.0.0.1:27422.
2021-11-08 11:11:39,746 [myid:127.0.0.1:27422] - INFO  [main-SendThread(127.0.0.1:27422):ClientCnxn$SendThread@1173] - SASL config status: Will not attempt to authenticate using SASL (unknown error)
2021-11-08 11:11:39,746 [myid:127.0.0.1:27422] - INFO  [main-SendThread(127.0.0.1:27422):ClientCnxn$SendThread@1005] - Socket connection established, initiating session, client: /127.0.0.1:8660, server: xmind.net/127.0.0.1:27422
2021-11-08 11:11:39,746 [myid:2] - WARN  [NIOWorkerThread-5:NIOServerCnxn@380] - Close of session 0x0
java.io.IOException: ZooKeeperServer not running
	at org.apache.zookeeper.server.NIOServerCnxn.readLength(NIOServerCnxn.java:554)
	at org.apache.zookeeper.server.NIOServerCnxn.doIO(NIOServerCnxn.java:339)
	at org.apache.zookeeper.server.NIOServerCnxnFactory$IOWorkRequest.doWork(NIOServerCnxnFactory.java:508)
	at org.apache.zookeeper.server.WorkerService$ScheduledWorkRequest.run(WorkerService.java:154)
	at java.util.concurrent.ThreadPoolExecutor.runWorker(ThreadPoolExecutor.java:1142)
	at java.util.concurrent.ThreadPoolExecutor$Worker.run(ThreadPoolExecutor.java:617)
	at java.lang.Thread.run(Thread.java:745)
2021-11-08 11:11:39,747 [myid:127.0.0.1:27422] - WARN  [main-SendThread(127.0.0.1:27422):ClientCnxn$SendThread@1290] - Session 0x0 for sever xmind.net/127.0.0.1:27422, Closing socket connection. Attempting reconnect except it is a SessionExpiredException.
EndOfStreamException: Unable to read additional data from server sessionid 0x0, likely server has closed socket
	at org.apache.zookeeper.ClientCnxnSocketNIO.doIO(ClientCnxnSocketNIO.java:77)
	at org.apache.zookeeper.ClientCnxnSocketNIO.doTransport(ClientCnxnSocketNIO.java:350)
	at org.apache.zookeeper.ClientCnxn$SendThread.run(ClientCnxn.java:1280)
2021-11-08 11:11:40,305 [myid:2] - WARN  [QuorumConnectionThread-[myid=2]-2:QuorumCnxManager@401] - Cannot open channel to 0 at election address invalid.hostname.unreachable.com:27416|/0:0:0:0:0:0:0:1:27414
java.net.UnknownHostException: invalid.hostname.unreachable.com
	at java.net.AbstractPlainSocketImpl.connect(AbstractPlainSocketImpl.java:184)
	at java.net.PlainSocketImpl.connect(PlainSocketImpl.java:172)
	at java.net.SocksSocketImpl.connect(SocksSocketImpl.java:392)
	at java.net.Socket.connect(Socket.java:589)
	at org.apache.zookeeper.server.quorum.QuorumCnxManager.initiateConnection(QuorumCnxManager.java:384)
	at org.apache.zookeeper.server.quorum.QuorumCnxManager$QuorumConnectionReqThread.run(QuorumCnxManager.java:458)
	at java.util.concurrent.ThreadPoolExecutor.runWorker(ThreadPoolExecutor.java:1142)
	at java.util.concurrent.ThreadPoolExecutor$Worker.run(ThreadPoolExecutor.java:617)
	at java.lang.Thread.run(Thread.java:745)
2021-11-08 11:11:40,529 [myid:127.0.0.1:27412] - INFO  [main-SendThread(127.0.0.1:27412):ClientCnxn$SendThread@1171] - Opening socket connection to server xmind.net/127.0.0.1:27412.
2021-11-08 11:11:40,529 [myid:127.0.0.1:27412] - INFO  [main-SendThread(127.0.0.1:27412):ClientCnxn$SendThread@1173] - SASL config status: Will not attempt to authenticate using SASL (unknown error)
2021-11-08 11:11:40,530 [myid:127.0.0.1:27412] - INFO  [main-SendThread(127.0.0.1:27412):ClientCnxn$SendThread@1005] - Socket connection established, initiating session, client: /127.0.0.1:8678, server: xmind.net/127.0.0.1:27412
2021-11-08 11:11:40,531 [myid:0] - WARN  [NIOWorkerThread-6:NIOServerCnxn@380] - Close of session 0x0
java.io.IOException: ZooKeeperServer not running
	at org.apache.zookeeper.server.NIOServerCnxn.readLength(NIOServerCnxn.java:554)
	at org.apache.zookeeper.server.NIOServerCnxn.doIO(NIOServerCnxn.java:339)
	at org.apache.zookeeper.server.NIOServerCnxnFactory$IOWorkRequest.doWork(NIOServerCnxnFactory.java:508)
	at org.apache.zookeeper.server.WorkerService$ScheduledWorkRequest.run(WorkerService.java:154)
	at java.util.concurrent.ThreadPoolExecutor.runWorker(ThreadPoolExecutor.java:1142)
	at java.util.concurrent.ThreadPoolExecutor$Worker.run(ThreadPoolExecutor.java:617)
	at java.lang.Thread.run(Thread.java:745)
2021-11-08 11:11:40,533 [myid:127.0.0.1:27412] - WARN  [main-SendThread(127.0.0.1:27412):ClientCnxn$SendThread@1290] - Session 0x0 for sever xmind.net/127.0.0.1:27412, Closing socket connection. Attempting reconnect except it is a SessionExpiredException.
EndOfStreamException: Unable to read additional data from server sessionid 0x0, likely server has closed socket
	at org.apache.zookeeper.ClientCnxnSocketNIO.doIO(ClientCnxnSocketNIO.java:77)
	at org.apache.zookeeper.ClientCnxnSocketNIO.doTransport(ClientCnxnSocketNIO.java:350)
	at org.apache.zookeeper.ClientCnxn$SendThread.run(ClientCnxn.java:1280)
2021-11-08 11:11:40,751 [myid:127.0.0.1:27402] - WARN  [main-SendThread(127.0.0.1:27402):ClientCnxn$SendThread@1290] - Session 0x0 for sever xmind.net/127.0.0.1:27402, Closing socket connection. Attempting reconnect except it is a SessionExpiredException.
java.net.ConnectException: Connection refused: no further information
	at sun.nio.ch.SocketChannelImpl.checkConnect(Native Method)
	at sun.nio.ch.SocketChannelImpl.finishConnect(SocketChannelImpl.java:716)
	at org.apache.zookeeper.ClientCnxnSocketNIO.doTransport(ClientCnxnSocketNIO.java:344)
	at org.apache.zookeeper.ClientCnxn$SendThread.run(ClientCnxn.java:1280)
2021-11-08 11:11:40,755 [myid:127.0.0.1:27417] - INFO  [main-SendThread(127.0.0.1:27417):ClientCnxn$SendThread@1171] - Opening socket connection to server xmind.net/127.0.0.1:27417.
2021-11-08 11:11:40,755 [myid:127.0.0.1:27417] - INFO  [main-SendThread(127.0.0.1:27417):ClientCnxn$SendThread@1173] - SASL config status: Will not attempt to authenticate using SASL (unknown error)
2021-11-08 11:11:40,755 [myid:127.0.0.1:27417] - INFO  [main-SendThread(127.0.0.1:27417):ClientCnxn$SendThread@1005] - Socket connection established, initiating session, client: /127.0.0.1:8683, server: xmind.net/127.0.0.1:27417
2021-11-08 11:11:40,756 [myid:1] - WARN  [NIOWorkerThread-6:NIOServerCnxn@380] - Close of session 0x0
java.io.IOException: ZooKeeperServer not running
	at org.apache.zookeeper.server.NIOServerCnxn.readLength(NIOServerCnxn.java:554)
	at org.apache.zookeeper.server.NIOServerCnxn.doIO(NIOServerCnxn.java:339)
	at org.apache.zookeeper.server.NIOServerCnxnFactory$IOWorkRequest.doWork(NIOServerCnxnFactory.java:508)
	at org.apache.zookeeper.server.WorkerService$ScheduledWorkRequest.run(WorkerService.java:154)
	at java.util.concurrent.ThreadPoolExecutor.runWorker(ThreadPoolExecutor.java:1142)
	at java.util.concurrent.ThreadPoolExecutor$Worker.run(ThreadPoolExecutor.java:617)
	at java.lang.Thread.run(Thread.java:745)
2021-11-08 11:11:40,756 [myid:127.0.0.1:27417] - WARN  [main-SendThread(127.0.0.1:27417):ClientCnxn$SendThread@1290] - Session 0x0 for sever xmind.net/127.0.0.1:27417, Closing socket connection. Attempting reconnect except it is a SessionExpiredException.
EndOfStreamException: Unable to read additional data from server sessionid 0x0, likely server has closed socket
	at org.apache.zookeeper.ClientCnxnSocketNIO.doIO(ClientCnxnSocketNIO.java:77)
	at org.apache.zookeeper.ClientCnxnSocketNIO.doTransport(ClientCnxnSocketNIO.java:350)
	at org.apache.zookeeper.ClientCnxn$SendThread.run(ClientCnxn.java:1280)
2021-11-08 11:11:41,203 [myid:127.0.0.1:27397] - WARN  [main-SendThread(127.0.0.1:27397):ClientCnxn$SendThread@1290] - Session 0x0 for sever xmind.net/127.0.0.1:27397, Closing socket connection. Attempting reconnect except it is a SessionExpiredException.
java.net.ConnectException: Connection refused: no further information
	at sun.nio.ch.SocketChannelImpl.checkConnect(Native Method)
	at sun.nio.ch.SocketChannelImpl.finishConnect(SocketChannelImpl.java:716)
	at org.apache.zookeeper.ClientCnxnSocketNIO.doTransport(ClientCnxnSocketNIO.java:344)
	at org.apache.zookeeper.ClientCnxn$SendThread.run(ClientCnxn.java:1280)
2021-11-08 11:11:41,265 [myid:127.0.0.1:27380] - WARN  [main-SendThread(127.0.0.1:27380):ClientCnxn$SendThread@1290] - Session 0x5806e32b0002 for sever xmind.net/127.0.0.1:27380, Closing socket connection. Attempting reconnect except it is a SessionExpiredException.
java.net.ConnectException: Connection refused: no further information
	at sun.nio.ch.SocketChannelImpl.checkConnect(Native Method)
	at sun.nio.ch.SocketChannelImpl.finishConnect(SocketChannelImpl.java:716)
	at org.apache.zookeeper.ClientCnxnSocketNIO.doTransport(ClientCnxnSocketNIO.java:344)
	at org.apache.zookeeper.ClientCnxn$SendThread.run(ClientCnxn.java:1280)
2021-11-08 11:11:41,472 [myid:127.0.0.1:27407] - WARN  [main-SendThread(127.0.0.1:27407):ClientCnxn$SendThread@1290] - Session 0x0 for sever xmind.net/127.0.0.1:27407, Closing socket connection. Attempting reconnect except it is a SessionExpiredException.
java.net.ConnectException: Connection refused: no further information
	at sun.nio.ch.SocketChannelImpl.checkConnect(Native Method)
	at sun.nio.ch.SocketChannelImpl.finishConnect(SocketChannelImpl.java:716)
	at org.apache.zookeeper.ClientCnxnSocketNIO.doTransport(ClientCnxnSocketNIO.java:344)
	at org.apache.zookeeper.ClientCnxn$SendThread.run(ClientCnxn.java:1280)
2021-11-08 11:11:41,822 [myid:127.0.0.1:27422] - INFO  [main-SendThread(127.0.0.1:27422):ClientCnxn$SendThread@1171] - Opening socket connection to server xmind.net/127.0.0.1:27422.
2021-11-08 11:11:41,822 [myid:127.0.0.1:27422] - INFO  [main-SendThread(127.0.0.1:27422):ClientCnxn$SendThread@1173] - SASL config status: Will not attempt to authenticate using SASL (unknown error)
2021-11-08 11:11:41,822 [myid:127.0.0.1:27422] - INFO  [main-SendThread(127.0.0.1:27422):ClientCnxn$SendThread@1005] - Socket connection established, initiating session, client: /127.0.0.1:8752, server: xmind.net/127.0.0.1:27422
2021-11-08 11:11:41,822 [myid:2] - WARN  [NIOWorkerThread-6:NIOServerCnxn@380] - Close of session 0x0
java.io.IOException: ZooKeeperServer not running
	at org.apache.zookeeper.server.NIOServerCnxn.readLength(NIOServerCnxn.java:554)
	at org.apache.zookeeper.server.NIOServerCnxn.doIO(NIOServerCnxn.java:339)
	at org.apache.zookeeper.server.NIOServerCnxnFactory$IOWorkRequest.doWork(NIOServerCnxnFactory.java:508)
	at org.apache.zookeeper.server.WorkerService$ScheduledWorkRequest.run(WorkerService.java:154)
	at java.util.concurrent.ThreadPoolExecutor.runWorker(ThreadPoolExecutor.java:1142)
	at java.util.concurrent.ThreadPoolExecutor$Worker.run(ThreadPoolExecutor.java:617)
	at java.lang.Thread.run(Thread.java:745)
2021-11-08 11:11:41,823 [myid:127.0.0.1:27422] - WARN  [main-SendThread(127.0.0.1:27422):ClientCnxn$SendThread@1290] - Session 0x0 for sever xmind.net/127.0.0.1:27422, Closing socket connection. Attempting reconnect except it is a SessionExpiredException.
EndOfStreamException: Unable to read additional data from server sessionid 0x0, likely server has closed socket
	at org.apache.zookeeper.ClientCnxnSocketNIO.doIO(ClientCnxnSocketNIO.java:77)
	at org.apache.zookeeper.ClientCnxnSocketNIO.doTransport(ClientCnxnSocketNIO.java:350)
	at org.apache.zookeeper.ClientCnxn$SendThread.run(ClientCnxn.java:1280)
2021-11-08 11:11:42,038 [myid:127.0.0.1:27417] - INFO  [main-SendThread(127.0.0.1:27417):ClientCnxn$SendThread@1171] - Opening socket connection to server xmind.net/127.0.0.1:27417.
2021-11-08 11:11:42,038 [myid:127.0.0.1:27417] - INFO  [main-SendThread(127.0.0.1:27417):ClientCnxn$SendThread@1173] - SASL config status: Will not attempt to authenticate using SASL (unknown error)
2021-11-08 11:11:42,038 [myid:127.0.0.1:27417] - INFO  [main-SendThread(127.0.0.1:27417):ClientCnxn$SendThread@1005] - Socket connection established, initiating session, client: /127.0.0.1:8761, server: xmind.net/127.0.0.1:27417
2021-11-08 11:11:42,039 [myid:1] - WARN  [NIOWorkerThread-7:NIOServerCnxn@380] - Close of session 0x0
java.io.IOException: ZooKeeperServer not running
	at org.apache.zookeeper.server.NIOServerCnxn.readLength(NIOServerCnxn.java:554)
	at org.apache.zookeeper.server.NIOServerCnxn.doIO(NIOServerCnxn.java:339)
	at org.apache.zookeeper.server.NIOServerCnxnFactory$IOWorkRequest.doWork(NIOServerCnxnFactory.java:508)
	at org.apache.zookeeper.server.WorkerService$ScheduledWorkRequest.run(WorkerService.java:154)
	at java.util.concurrent.ThreadPoolExecutor.runWorker(ThreadPoolExecutor.java:1142)
	at java.util.concurrent.ThreadPoolExecutor$Worker.run(ThreadPoolExecutor.java:617)
	at java.lang.Thread.run(Thread.java:745)
2021-11-08 11:11:42,039 [myid:127.0.0.1:27417] - WARN  [main-SendThread(127.0.0.1:27417):ClientCnxn$SendThread@1290] - Session 0x0 for sever xmind.net/127.0.0.1:27417, Closing socket connection. Attempting reconnect except it is a SessionExpiredException.
EndOfStreamException: Unable to read additional data from server sessionid 0x0, likely server has closed socket
	at org.apache.zookeeper.ClientCnxnSocketNIO.doIO(ClientCnxnSocketNIO.java:77)
	at org.apache.zookeeper.ClientCnxnSocketNIO.doTransport(ClientCnxnSocketNIO.java:350)
	at org.apache.zookeeper.ClientCnxn$SendThread.run(ClientCnxn.java:1280)
2021-11-08 11:11:42,096 [myid:127.0.0.1:27412] - INFO  [main-SendThread(127.0.0.1:27412):ClientCnxn$SendThread@1171] - Opening socket connection to server xmind.net/127.0.0.1:27412.
2021-11-08 11:11:42,096 [myid:127.0.0.1:27412] - INFO  [main-SendThread(127.0.0.1:27412):ClientCnxn$SendThread@1173] - SASL config status: Will not attempt to authenticate using SASL (unknown error)
2021-11-08 11:11:42,098 [myid:127.0.0.1:27412] - INFO  [main-SendThread(127.0.0.1:27412):ClientCnxn$SendThread@1005] - Socket connection established, initiating session, client: /127.0.0.1:8765, server: xmind.net/127.0.0.1:27412
2021-11-08 11:11:42,100 [myid:0] - WARN  [NIOWorkerThread-7:NIOServerCnxn@380] - Close of session 0x0
java.io.IOException: ZooKeeperServer not running
	at org.apache.zookeeper.server.NIOServerCnxn.readLength(NIOServerCnxn.java:554)
	at org.apache.zookeeper.server.NIOServerCnxn.doIO(NIOServerCnxn.java:339)
	at org.apache.zookeeper.server.NIOServerCnxnFactory$IOWorkRequest.doWork(NIOServerCnxnFactory.java:508)
	at org.apache.zookeeper.server.WorkerService$ScheduledWorkRequest.run(WorkerService.java:154)
	at java.util.concurrent.ThreadPoolExecutor.runWorker(ThreadPoolExecutor.java:1142)
	at java.util.concurrent.ThreadPoolExecutor$Worker.run(ThreadPoolExecutor.java:617)
	at java.lang.Thread.run(Thread.java:745)
2021-11-08 11:11:42,101 [myid:127.0.0.1:27412] - WARN  [main-SendThread(127.0.0.1:27412):ClientCnxn$SendThread@1290] - Session 0x0 for sever xmind.net/127.0.0.1:27412, Closing socket connection. Attempting reconnect except it is a SessionExpiredException.
EndOfStreamException: Unable to read additional data from server sessionid 0x0, likely server has closed socket
	at org.apache.zookeeper.ClientCnxnSocketNIO.doIO(ClientCnxnSocketNIO.java:77)
	at org.apache.zookeeper.ClientCnxnSocketNIO.doTransport(ClientCnxnSocketNIO.java:350)
	at org.apache.zookeeper.ClientCnxn$SendThread.run(ClientCnxn.java:1280)
2021-11-08 11:11:42,590 [myid:127.0.0.1:27407] - INFO  [main-SendThread(127.0.0.1:27407):ClientCnxn$SendThread@1171] - Opening socket connection to server xmind.net/127.0.0.1:27407.
2021-11-08 11:11:42,590 [myid:127.0.0.1:27407] - INFO  [main-SendThread(127.0.0.1:27407):ClientCnxn$SendThread@1173] - SASL config status: Will not attempt to authenticate using SASL (unknown error)
2021-11-08 11:11:42,697 [myid:127.0.0.1:27380] - INFO  [main-SendThread(127.0.0.1:27380):ClientCnxn$SendThread@1171] - Opening socket connection to server xmind.net/127.0.0.1:27380.
2021-11-08 11:11:42,697 [myid:127.0.0.1:27380] - INFO  [main-SendThread(127.0.0.1:27380):ClientCnxn$SendThread@1173] - SASL config status: Will not attempt to authenticate using SASL (unknown error)
2021-11-08 11:11:42,801 [myid:] - ERROR [main:QuorumPeerTestBase@573] - Connection States: {0 : CONNECTING, 1 : CONNECTING, 2 : CONNECTING, }
2021-11-08 11:11:42,804 [myid:127.0.0.1:27397] - INFO  [main-SendThread(127.0.0.1:27397):ClientCnxn$SendThread@1171] - Opening socket connection to server xmind.net/127.0.0.1:27397.
2021-11-08 11:11:42,804 [myid:127.0.0.1:27397] - INFO  [main-SendThread(127.0.0.1:27397):ClientCnxn$SendThread@1173] - SASL config status: Will not attempt to authenticate using SASL (unknown error)
2021-11-08 11:11:42,807 [myid:127.0.0.1:27402] - INFO  [main-SendThread(127.0.0.1:27402):ClientCnxn$SendThread@1171] - Opening socket connection to server xmind.net/127.0.0.1:27402.
2021-11-08 11:11:42,808 [myid:127.0.0.1:27402] - INFO  [main-SendThread(127.0.0.1:27402):ClientCnxn$SendThread@1173] - SASL config status: Will not attempt to authenticate using SASL (unknown error)
2021-11-08 11:11:42,830 [myid:] - ERROR [main:ClientBase@639] - Starting logAllStackTraces()
Thread ListenerHandler-/127.0.0.1:27399
	at sun.misc.Unsafe.park(Native Method)
	at java.util.concurrent.locks.LockSupport.park(LockSupport.java:175)
	at java.util.concurrent.locks.AbstractQueuedSynchronizer$ConditionObject.await(AbstractQueuedSynchronizer.java:2039)
	at java.util.concurrent.LinkedBlockingQueue.take(LinkedBlockingQueue.java:442)
	at java.util.concurrent.ThreadPoolExecutor.getTask(ThreadPoolExecutor.java:1067)
	at java.util.concurrent.ThreadPoolExecutor.runWorker(ThreadPoolExecutor.java:1127)
	at java.util.concurrent.ThreadPoolExecutor$Worker.run(ThreadPoolExecutor.java:617)
	at java.lang.Thread.run(Thread.java:745)
Thread main-SendThread(127.0.0.1:27412)
	at java.lang.Thread.sleep(Native Method)
	at org.apache.zookeeper.client.StaticHostProvider.next(StaticHostProvider.java:362)
	at org.apache.zookeeper.ClientCnxn$SendThread.run(ClientCnxn.java:1197)
Thread NIOServerCxnFactory.AcceptThread:/0.0.0.0:27412
	at sun.nio.ch.WindowsSelectorImpl$SubSelector.poll0(Native Method)
	at sun.nio.ch.WindowsSelectorImpl$SubSelector.poll(WindowsSelectorImpl.java:296)
	at sun.nio.ch.WindowsSelectorImpl$SubSelector.access$400(WindowsSelectorImpl.java:278)
	at sun.nio.ch.WindowsSelectorImpl.doSelect(WindowsSelectorImpl.java:159)
	at sun.nio.ch.SelectorImpl.lockAndDoSelect(SelectorImpl.java:86)
	at sun.nio.ch.SelectorImpl.select(SelectorImpl.java:97)
	at sun.nio.ch.SelectorImpl.select(SelectorImpl.java:101)
	at org.apache.zookeeper.server.NIOServerCnxnFactory$AcceptThread.select(NIOServerCnxnFactory.java:205)
	at org.apache.zookeeper.server.NIOServerCnxnFactory$AcceptThread.run(NIOServerCnxnFactory.java:181)
Thread ListenerHandler-invalid.hostname.unreachable.com:27416
	at sun.misc.Unsafe.park(Native Method)
	at java.util.concurrent.locks.LockSupport.park(LockSupport.java:175)
	at java.util.concurrent.locks.AbstractQueuedSynchronizer$ConditionObject.await(AbstractQueuedSynchronizer.java:2039)
	at java.util.concurrent.LinkedBlockingQueue.take(LinkedBlockingQueue.java:442)
	at java.util.concurrent.ThreadPoolExecutor.getTask(ThreadPoolExecutor.java:1067)
	at java.util.concurrent.ThreadPoolExecutor.runWorker(ThreadPoolExecutor.java:1127)
	at java.util.concurrent.ThreadPoolExecutor$Worker.run(ThreadPoolExecutor.java:617)
	at java.lang.Thread.run(Thread.java:745)
Thread ListenerHandler-/127.0.0.1:27409
	at sun.misc.Unsafe.park(Native Method)
	at java.util.concurrent.locks.LockSupport.park(LockSupport.java:175)
	at java.util.concurrent.locks.AbstractQueuedSynchronizer$ConditionObject.await(AbstractQueuedSynchronizer.java:2039)
	at java.util.concurrent.LinkedBlockingQueue.take(LinkedBlockingQueue.java:442)
	at java.util.concurrent.ThreadPoolExecutor.getTask(ThreadPoolExecutor.java:1067)
	at java.util.concurrent.ThreadPoolExecutor.runWorker(ThreadPoolExecutor.java:1127)
	at java.util.concurrent.ThreadPoolExecutor$Worker.run(ThreadPoolExecutor.java:617)
	at java.lang.Thread.run(Thread.java:745)
Thread NIOWorkerThread-4
	at sun.misc.Unsafe.park(Native Method)
	at java.util.concurrent.locks.LockSupport.park(LockSupport.java:175)
	at java.util.concurrent.locks.AbstractQueuedSynchronizer$ConditionObject.await(AbstractQueuedSynchronizer.java:2039)
	at java.util.concurrent.LinkedBlockingQueue.take(LinkedBlockingQueue.java:442)
	at java.util.concurrent.ThreadPoolExecutor.getTask(ThreadPoolExecutor.java:1067)
	at java.util.concurrent.ThreadPoolExecutor.runWorker(ThreadPoolExecutor.java:1127)
	at java.util.concurrent.ThreadPoolExecutor$Worker.run(ThreadPoolExecutor.java:617)
	at java.lang.Thread.run(Thread.java:745)
Thread Thread-21
	at java.lang.Object.wait(Native Method)
	at java.lang.Thread.join(Thread.java:1245)
	at java.lang.Thread.join(Thread.java:1319)
	at org.apache.zookeeper.server.quorum.QuorumPeerMain.runFromConfig(QuorumPeerMain.java:231)
	at org.apache.zookeeper.server.quorum.QuorumPeerMain.initializeAndRun(QuorumPeerMain.java:137)
	at org.apache.zookeeper.server.quorum.QuorumPeerTestBase$MainThread.run(QuorumPeerTestBase.java:329)
	at java.lang.Thread.run(Thread.java:745)
Thread WorkerSender[myid=2]
	at sun.misc.Unsafe.park(Native Method)
	at java.util.concurrent.locks.LockSupport.parkNanos(LockSupport.java:215)
	at java.util.concurrent.locks.AbstractQueuedSynchronizer$ConditionObject.awaitNanos(AbstractQueuedSynchronizer.java:2078)
	at java.util.concurrent.LinkedBlockingQueue.poll(LinkedBlockingQueue.java:467)
	at org.apache.zookeeper.server.quorum.FastLeaderElection$Messenger$WorkerSender.run(FastLeaderElection.java:496)
	at java.lang.Thread.run(Thread.java:745)
Thread WorkerReceiver[myid=1]
	at sun.misc.Unsafe.park(Native Method)
	at java.util.concurrent.locks.LockSupport.parkNanos(LockSupport.java:215)
	at java.util.concurrent.locks.AbstractQueuedSynchronizer$ConditionObject.awaitNanos(AbstractQueuedSynchronizer.java:2078)
	at org.apache.zookeeper.util.CircularBlockingQueue.poll(CircularBlockingQueue.java:105)
	at org.apache.zookeeper.server.quorum.QuorumCnxManager.pollRecvQueue(QuorumCnxManager.java:1474)
	at org.apache.zookeeper.server.quorum.FastLeaderElection$Messenger$WorkerReceiver.run(FastLeaderElection.java:237)
	at java.lang.Thread.run(Thread.java:745)
Thread Attach Listener
Thread NIOWorkerThread-2
	at sun.misc.Unsafe.park(Native Method)
	at java.util.concurrent.locks.LockSupport.park(LockSupport.java:175)
	at java.util.concurrent.locks.AbstractQueuedSynchronizer$ConditionObject.await(AbstractQueuedSynchronizer.java:2039)
	at java.util.concurrent.LinkedBlockingQueue.take(LinkedBlockingQueue.java:442)
	at java.util.concurrent.ThreadPoolExecutor.getTask(ThreadPoolExecutor.java:1067)
	at java.util.concurrent.ThreadPoolExecutor.runWorker(ThreadPoolExecutor.java:1127)
	at java.util.concurrent.ThreadPoolExecutor$Worker.run(ThreadPoolExecutor.java:617)
	at java.lang.Thread.run(Thread.java:745)
Thread main
	at java.lang.Thread.dumpThreads(Native Method)
	at java.lang.Thread.getAllStackTraces(Thread.java:1603)
	at org.apache.zookeeper.test.ClientBase.logAllStackTraces(ClientBase.java:631)
	at org.apache.zookeeper.server.quorum.QuorumPeerTestBase.waitForAll(QuorumPeerTestBase.java:552)
	at org.apache.zookeeper.server.quorum.QuorumPeerTestBase.waitForAll(QuorumPeerTestBase.java:543)
	at org.apache.zookeeper.server.quorum.QuorumPeerMainMultiAddressTest.launchServers(QuorumPeerMainMultiAddressTest.java:284)
	at org.apache.zookeeper.server.quorum.QuorumPeerMainMultiAddressTest.shouldStartClusterWhenSomeAddressesAreUnreachable(QuorumPeerMainMultiAddressTest.java:115)
	at org.apache.zookeeper.server.quorum.QuorumPeerMainMultiAddressTest.shouldStartClusterWhenSomeAddressesAreUnreachable_IPv6(QuorumPeerMainMultiAddressTest.java:125)
	at sun.reflect.NativeMethodAccessorImpl.invoke0(Native Method)
	at sun.reflect.NativeMethodAccessorImpl.invoke(NativeMethodAccessorImpl.java:62)
	at sun.reflect.DelegatingMethodAccessorImpl.invoke(DelegatingMethodAccessorImpl.java:43)
	at java.lang.reflect.Method.invoke(Method.java:483)
	at org.junit.platform.commons.util.ReflectionUtils.invokeMethod(ReflectionUtils.java:686)
	at org.junit.jupiter.engine.execution.MethodInvocation.proceed(MethodInvocation.java:60)
	at org.junit.jupiter.engine.execution.InvocationInterceptorChain$ValidatingInvocation.proceed(InvocationInterceptorChain.java:131)
	at org.junit.jupiter.engine.extension.TimeoutExtension.intercept(TimeoutExtension.java:149)
	at org.junit.jupiter.engine.extension.TimeoutExtension.interceptTestableMethod(TimeoutExtension.java:140)
	at org.junit.jupiter.engine.extension.TimeoutExtension.interceptTestMethod(TimeoutExtension.java:84)
	at org.junit.jupiter.engine.descriptor.TestMethodTestDescriptor$$Lambda$111/1538399081.apply(Unknown Source)
	at org.junit.jupiter.engine.execution.ExecutableInvoker$ReflectiveInterceptorCall.lambda$ofVoidMethod$0(ExecutableInvoker.java:115)
	at org.junit.jupiter.engine.execution.ExecutableInvoker$ReflectiveInterceptorCall$$Lambda$112/2056418216.apply(Unknown Source)
	at org.junit.jupiter.engine.execution.ExecutableInvoker.lambda$invoke$0(ExecutableInvoker.java:105)
	at org.junit.jupiter.engine.execution.ExecutableInvoker$$Lambda$234/211968962.apply(Unknown Source)
	at org.junit.jupiter.engine.execution.InvocationInterceptorChain$InterceptedInvocation.proceed(InvocationInterceptorChain.java:106)
	at org.junit.jupiter.engine.execution.InvocationInterceptorChain.proceed(InvocationInterceptorChain.java:64)
	at org.junit.jupiter.engine.execution.InvocationInterceptorChain.chainAndInvoke(InvocationInterceptorChain.java:45)
	at org.junit.jupiter.engine.execution.InvocationInterceptorChain.invoke(InvocationInterceptorChain.java:37)
	at org.junit.jupiter.engine.execution.ExecutableInvoker.invoke(ExecutableInvoker.java:104)
	at org.junit.jupiter.engine.execution.ExecutableInvoker.invoke(ExecutableInvoker.java:98)
	at org.junit.jupiter.engine.descriptor.TestMethodTestDescriptor.lambda$invokeTestMethod$6(TestMethodTestDescriptor.java:212)
	at org.junit.jupiter.engine.descriptor.TestMethodTestDescriptor$$Lambda$269/283717519.execute(Unknown Source)
	at org.junit.platform.engine.support.hierarchical.ThrowableCollector.execute(ThrowableCollector.java:73)
	at org.junit.jupiter.engine.descriptor.TestMethodTestDescriptor.invokeTestMethod(TestMethodTestDescriptor.java:208)
	at org.junit.jupiter.engine.descriptor.TestMethodTestDescriptor.execute(TestMethodTestDescriptor.java:137)
	at org.junit.jupiter.engine.descriptor.TestMethodTestDescriptor.execute(TestMethodTestDescriptor.java:71)
	at org.junit.platform.engine.support.hierarchical.NodeTestTask.lambda$executeRecursively$5(NodeTestTask.java:135)
	at org.junit.platform.engine.support.hierarchical.NodeTestTask$$Lambda$179/1308109015.execute(Unknown Source)
	at org.junit.platform.engine.support.hierarchical.ThrowableCollector.execute(ThrowableCollector.java:73)
	at org.junit.platform.engine.support.hierarchical.NodeTestTask.lambda$executeRecursively$7(NodeTestTask.java:125)
	at org.junit.platform.engine.support.hierarchical.NodeTestTask$$Lambda$178/1579526446.invoke(Unknown Source)
	at org.junit.platform.engine.support.hierarchical.Node.around(Node.java:135)
	at org.junit.platform.engine.support.hierarchical.NodeTestTask.lambda$executeRecursively$8(NodeTestTask.java:123)
	at org.junit.platform.engine.support.hierarchical.NodeTestTask$$Lambda$177/1095293768.execute(Unknown Source)
	at org.junit.platform.engine.support.hierarchical.ThrowableCollector.execute(ThrowableCollector.java:73)
	at org.junit.platform.engine.support.hierarchical.NodeTestTask.executeRecursively(NodeTestTask.java:122)
	at org.junit.platform.engine.support.hierarchical.NodeTestTask.execute(NodeTestTask.java:80)
	at org.junit.platform.engine.support.hierarchical.SameThreadHierarchicalTestExecutorService$$Lambda$183/1073533248.accept(Unknown Source)
	at java.util.ArrayList.forEach(ArrayList.java:1249)
	at org.junit.platform.engine.support.hierarchical.SameThreadHierarchicalTestExecutorService.invokeAll(SameThreadHierarchicalTestExecutorService.java:38)
	at org.junit.platform.engine.support.hierarchical.NodeTestTask.lambda$executeRecursively$5(NodeTestTask.java:139)
	at org.junit.platform.engine.support.hierarchical.NodeTestTask$$Lambda$179/1308109015.execute(Unknown Source)
	at org.junit.platform.engine.support.hierarchical.ThrowableCollector.execute(ThrowableCollector.java:73)
	at org.junit.platform.engine.support.hierarchical.NodeTestTask.lambda$executeRecursively$7(NodeTestTask.java:125)
	at org.junit.platform.engine.support.hierarchical.NodeTestTask$$Lambda$178/1579526446.invoke(Unknown Source)
	at org.junit.platform.engine.support.hierarchical.Node.around(Node.java:135)
	at org.junit.platform.engine.support.hierarchical.NodeTestTask.lambda$executeRecursively$8(NodeTestTask.java:123)
	at org.junit.platform.engine.support.hierarchical.NodeTestTask$$Lambda$177/1095293768.execute(Unknown Source)
	at org.junit.platform.engine.support.hierarchical.ThrowableCollector.execute(ThrowableCollector.java:73)
	at org.junit.platform.engine.support.hierarchical.NodeTestTask.executeRecursively(NodeTestTask.java:122)
	at org.junit.platform.engine.support.hierarchical.NodeTestTask.execute(NodeTestTask.java:80)
	at org.junit.platform.engine.support.hierarchical.SameThreadHierarchicalTestExecutorService$$Lambda$183/1073533248.accept(Unknown Source)
	at java.util.ArrayList.forEach(ArrayList.java:1249)
	at org.junit.platform.engine.support.hierarchical.SameThreadHierarchicalTestExecutorService.invokeAll(SameThreadHierarchicalTestExecutorService.java:38)
	at org.junit.platform.engine.support.hierarchical.NodeTestTask.lambda$executeRecursively$5(NodeTestTask.java:139)
	at org.junit.platform.engine.support.hierarchical.NodeTestTask$$Lambda$179/1308109015.execute(Unknown Source)
	at org.junit.platform.engine.support.hierarchical.ThrowableCollector.execute(ThrowableCollector.java:73)
	at org.junit.platform.engine.support.hierarchical.NodeTestTask.lambda$executeRecursively$7(NodeTestTask.java:125)
	at org.junit.platform.engine.support.hierarchical.NodeTestTask$$Lambda$178/1579526446.invoke(Unknown Source)
	at org.junit.platform.engine.support.hierarchical.Node.around(Node.java:135)
	at org.junit.platform.engine.support.hierarchical.NodeTestTask.lambda$executeRecursively$8(NodeTestTask.java:123)
	at org.junit.platform.engine.support.hierarchical.NodeTestTask$$Lambda$177/1095293768.execute(Unknown Source)
	at org.junit.platform.engine.support.hierarchical.ThrowableCollector.execute(ThrowableCollector.java:73)
	at org.junit.platform.engine.support.hierarchical.NodeTestTask.executeRecursively(NodeTestTask.java:122)
	at org.junit.platform.engine.support.hierarchical.NodeTestTask.execute(NodeTestTask.java:80)
	at org.junit.platform.engine.support.hierarchical.SameThreadHierarchicalTestExecutorService.submit(SameThreadHierarchicalTestExecutorService.java:32)
	at org.junit.platform.engine.support.hierarchical.HierarchicalTestExecutor.execute(HierarchicalTestExecutor.java:57)
	at org.junit.platform.engine.support.hierarchical.HierarchicalTestEngine.execute(HierarchicalTestEngine.java:51)
	at org.junit.platform.launcher.core.DefaultLauncher.execute(DefaultLauncher.java:248)
	at org.junit.platform.launcher.core.DefaultLauncher.lambda$execute$5(DefaultLauncher.java:211)
	at org.junit.platform.launcher.core.DefaultLauncher$$Lambda$143/854507466.accept(Unknown Source)
	at org.junit.platform.launcher.core.DefaultLauncher.withInterceptedStreams(DefaultLauncher.java:226)
	at org.junit.platform.launcher.core.DefaultLauncher.execute(DefaultLauncher.java:199)
	at org.junit.platform.launcher.core.DefaultLauncher.execute(DefaultLauncher.java:132)
	at org.apache.maven.surefire.junitplatform.JUnitPlatformProvider.invokeAllTests(JUnitPlatformProvider.java:142)
	at org.apache.maven.surefire.junitplatform.JUnitPlatformProvider.invoke(JUnitPlatformProvider.java:113)
	at org.apache.maven.surefire.booter.ForkedBooter.invokeProviderInSameClassLoader(ForkedBooter.java:384)
	at org.apache.maven.surefire.booter.ForkedBooter.runSuitesInProcess(ForkedBooter.java:345)
	at org.apache.maven.surefire.booter.ForkedBooter.execute(ForkedBooter.java:126)
	at org.apache.maven.surefire.booter.ForkedBooter.main(ForkedBooter.java:418)
Thread QuorumConnectionThread-[myid=1]-2
	at sun.misc.Unsafe.park(Native Method)
	at java.util.concurrent.locks.LockSupport.parkNanos(LockSupport.java:215)
	at java.util.concurrent.SynchronousQueue$TransferStack.awaitFulfill(SynchronousQueue.java:460)
	at java.util.concurrent.SynchronousQueue$TransferStack.transfer(SynchronousQueue.java:362)
	at java.util.concurrent.SynchronousQueue.poll(SynchronousQueue.java:941)
	at java.util.concurrent.ThreadPoolExecutor.getTask(ThreadPoolExecutor.java:1066)
	at java.util.concurrent.ThreadPoolExecutor.runWorker(ThreadPoolExecutor.java:1127)
	at java.util.concurrent.ThreadPoolExecutor$Worker.run(ThreadPoolExecutor.java:617)
	at java.lang.Thread.run(Thread.java:745)
Thread SyncThread:1
	at sun.misc.Unsafe.park(Native Method)
	at java.util.concurrent.locks.LockSupport.park(LockSupport.java:175)
	at java.util.concurrent.locks.AbstractQueuedSynchronizer$ConditionObject.await(AbstractQueuedSynchronizer.java:2039)
	at java.util.concurrent.LinkedBlockingQueue.take(LinkedBlockingQueue.java:442)
	at org.apache.zookeeper.server.SyncRequestProcessor.run(SyncRequestProcessor.java:170)
Thread QuorumConnectionThread-[myid=1]-1
	at sun.misc.Unsafe.park(Native Method)
	at java.util.concurrent.locks.LockSupport.parkNanos(LockSupport.java:215)
	at java.util.concurrent.SynchronousQueue$TransferStack.awaitFulfill(SynchronousQueue.java:460)
	at java.util.concurrent.SynchronousQueue$TransferStack.transfer(SynchronousQueue.java:362)
	at java.util.concurrent.SynchronousQueue.poll(SynchronousQueue.java:941)
	at java.util.concurrent.ThreadPoolExecutor.getTask(ThreadPoolExecutor.java:1066)
	at java.util.concurrent.ThreadPoolExecutor.runWorker(ThreadPoolExecutor.java:1127)
	at java.util.concurrent.ThreadPoolExecutor$Worker.run(ThreadPoolExecutor.java:617)
	at java.lang.Thread.run(Thread.java:745)
Thread ListenerHandler-/127.0.0.1:27394
	at sun.misc.Unsafe.park(Native Method)
	at java.util.concurrent.locks.LockSupport.park(LockSupport.java:175)
	at java.util.concurrent.locks.AbstractQueuedSynchronizer$ConditionObject.await(AbstractQueuedSynchronizer.java:2039)
	at java.util.concurrent.LinkedBlockingQueue.take(LinkedBlockingQueue.java:442)
	at java.util.concurrent.ThreadPoolExecutor.getTask(ThreadPoolExecutor.java:1067)
	at java.util.concurrent.ThreadPoolExecutor.runWorker(ThreadPoolExecutor.java:1127)
	at java.util.concurrent.ThreadPoolExecutor$Worker.run(ThreadPoolExecutor.java:617)
	at java.lang.Thread.run(Thread.java:745)
Thread NIOWorkerThread-7
	at sun.misc.Unsafe.park(Native Method)
	at java.util.concurrent.locks.LockSupport.park(LockSupport.java:175)
	at java.util.concurrent.locks.AbstractQueuedSynchronizer$ConditionObject.await(AbstractQueuedSynchronizer.java:2039)
	at java.util.concurrent.LinkedBlockingQueue.take(LinkedBlockingQueue.java:442)
	at java.util.concurrent.ThreadPoolExecutor.getTask(ThreadPoolExecutor.java:1067)
	at java.util.concurrent.ThreadPoolExecutor.runWorker(ThreadPoolExecutor.java:1127)
	at java.util.concurrent.ThreadPoolExecutor$Worker.run(ThreadPoolExecutor.java:617)
	at java.lang.Thread.run(Thread.java:745)
Thread NIOWorkerThread-6
	at sun.misc.Unsafe.park(Native Method)
	at java.util.concurrent.locks.LockSupport.park(LockSupport.java:175)
	at java.util.concurrent.locks.AbstractQueuedSynchronizer$ConditionObject.await(AbstractQueuedSynchronizer.java:2039)
	at java.util.concurrent.LinkedBlockingQueue.take(LinkedBlockingQueue.java:442)
	at java.util.concurrent.ThreadPoolExecutor.getTask(ThreadPoolExecutor.java:1067)
	at java.util.concurrent.ThreadPoolExecutor.runWorker(ThreadPoolExecutor.java:1127)
	at java.util.concurrent.ThreadPoolExecutor$Worker.run(ThreadPoolExecutor.java:617)
	at java.lang.Thread.run(Thread.java:745)
Thread NIOServerCxnFactory.SelectorThread-0
	at sun.nio.ch.WindowsSelectorImpl$SubSelector.poll0(Native Method)
	at sun.nio.ch.WindowsSelectorImpl$SubSelector.poll(WindowsSelectorImpl.java:296)
	at sun.nio.ch.WindowsSelectorImpl$SubSelector.access$400(WindowsSelectorImpl.java:278)
	at sun.nio.ch.WindowsSelectorImpl.doSelect(WindowsSelectorImpl.java:159)
	at sun.nio.ch.SelectorImpl.lockAndDoSelect(SelectorImpl.java:86)
	at sun.nio.ch.SelectorImpl.select(SelectorImpl.java:97)
	at sun.nio.ch.SelectorImpl.select(SelectorImpl.java:101)
	at org.apache.zookeeper.server.NIOServerCnxnFactory$SelectorThread.select(NIOServerCnxnFactory.java:403)
	at org.apache.zookeeper.server.NIOServerCnxnFactory$SelectorThread.run(NIOServerCnxnFactory.java:368)
Thread QuorumPeerListener
	at sun.misc.Unsafe.park(Native Method)
	at java.util.concurrent.locks.LockSupport.park(LockSupport.java:175)
	at java.util.concurrent.locks.AbstractQueuedSynchronizer.parkAndCheckInterrupt(AbstractQueuedSynchronizer.java:836)
	at java.util.concurrent.locks.AbstractQueuedSynchronizer.doAcquireSharedInterruptibly(AbstractQueuedSynchronizer.java:997)
	at java.util.concurrent.locks.AbstractQueuedSynchronizer.acquireSharedInterruptibly(AbstractQueuedSynchronizer.java:1304)
	at java.util.concurrent.CountDownLatch.await(CountDownLatch.java:231)
	at org.apache.zookeeper.server.quorum.QuorumCnxManager$Listener.run(QuorumCnxManager.java:964)
Thread NIOWorkerThread-7
	at sun.misc.Unsafe.park(Native Method)
	at java.util.concurrent.locks.LockSupport.park(LockSupport.java:175)
	at java.util.concurrent.locks.AbstractQueuedSynchronizer$ConditionObject.await(AbstractQueuedSynchronizer.java:2039)
	at java.util.concurrent.LinkedBlockingQueue.take(LinkedBlockingQueue.java:442)
	at java.util.concurrent.ThreadPoolExecutor.getTask(ThreadPoolExecutor.java:1067)
	at java.util.concurrent.ThreadPoolExecutor.runWorker(ThreadPoolExecutor.java:1127)
	at java.util.concurrent.ThreadPoolExecutor$Worker.run(ThreadPoolExecutor.java:617)
	at java.lang.Thread.run(Thread.java:745)
Thread NIOWorkerThread-7
	at sun.misc.Unsafe.park(Native Method)
	at java.util.concurrent.locks.LockSupport.park(LockSupport.java:175)
	at java.util.concurrent.locks.AbstractQueuedSynchronizer$ConditionObject.await(AbstractQueuedSynchronizer.java:2039)
	at java.util.concurrent.LinkedBlockingQueue.take(LinkedBlockingQueue.java:442)
	at java.util.concurrent.ThreadPoolExecutor.getTask(ThreadPoolExecutor.java:1067)
	at java.util.concurrent.ThreadPoolExecutor.runWorker(ThreadPoolExecutor.java:1127)
	at java.util.concurrent.ThreadPoolExecutor$Worker.run(ThreadPoolExecutor.java:617)
	at java.lang.Thread.run(Thread.java:745)
Thread ListenerHandler-invalid.hostname.unreachable.com:27411
	at sun.misc.Unsafe.park(Native Method)
	at java.util.concurrent.locks.LockSupport.park(LockSupport.java:175)
	at java.util.concurrent.locks.AbstractQueuedSynchronizer$ConditionObject.await(AbstractQueuedSynchronizer.java:2039)
	at java.util.concurrent.LinkedBlockingQueue.take(LinkedBlockingQueue.java:442)
	at java.util.concurrent.ThreadPoolExecutor.getTask(ThreadPoolExecutor.java:1067)
	at java.util.concurrent.ThreadPoolExecutor.runWorker(ThreadPoolExecutor.java:1127)
	at java.util.concurrent.ThreadPoolExecutor$Worker.run(ThreadPoolExecutor.java:617)
	at java.lang.Thread.run(Thread.java:745)
Thread NIOWorkerThread-5
	at sun.misc.Unsafe.park(Native Method)
	at java.util.concurrent.locks.LockSupport.park(LockSupport.java:175)
	at java.util.concurrent.locks.AbstractQueuedSynchronizer$ConditionObject.await(AbstractQueuedSynchronizer.java:2039)
	at java.util.concurrent.LinkedBlockingQueue.take(LinkedBlockingQueue.java:442)
	at java.util.concurrent.ThreadPoolExecutor.getTask(ThreadPoolExecutor.java:1067)
	at java.util.concurrent.ThreadPoolExecutor.runWorker(ThreadPoolExecutor.java:1127)
	at java.util.concurrent.ThreadPoolExecutor$Worker.run(ThreadPoolExecutor.java:617)
	at java.lang.Thread.run(Thread.java:745)
Thread WorkerReceiver[myid=2]
	at sun.misc.Unsafe.park(Native Method)
	at java.util.concurrent.locks.LockSupport.parkNanos(LockSupport.java:215)
	at java.util.concurrent.locks.AbstractQueuedSynchronizer$ConditionObject.awaitNanos(AbstractQueuedSynchronizer.java:2078)
	at org.apache.zookeeper.util.CircularBlockingQueue.poll(CircularBlockingQueue.java:105)
	at org.apache.zookeeper.server.quorum.QuorumCnxManager.pollRecvQueue(QuorumCnxManager.java:1474)
	at org.apache.zookeeper.server.quorum.FastLeaderElection$Messenger$WorkerReceiver.run(FastLeaderElection.java:237)
	at java.lang.Thread.run(Thread.java:745)
Thread QuorumPeerListener
	at sun.misc.Unsafe.park(Native Method)
	at java.util.concurrent.locks.LockSupport.park(LockSupport.java:175)
	at java.util.concurrent.locks.AbstractQueuedSynchronizer.parkAndCheckInterrupt(AbstractQueuedSynchronizer.java:836)
	at java.util.concurrent.locks.AbstractQueuedSynchronizer.doAcquireSharedInterruptibly(AbstractQueuedSynchronizer.java:997)
	at java.util.concurrent.locks.AbstractQueuedSynchronizer.acquireSharedInterruptibly(AbstractQueuedSynchronizer.java:1304)
	at java.util.concurrent.CountDownLatch.await(CountDownLatch.java:231)
	at org.apache.zookeeper.server.quorum.QuorumCnxManager$Listener.run(QuorumCnxManager.java:964)
Thread Thread-19
	at java.lang.Object.wait(Native Method)
	at java.lang.Thread.join(Thread.java:1245)
	at java.lang.Thread.join(Thread.java:1319)
	at org.apache.zookeeper.server.quorum.QuorumPeerMain.runFromConfig(QuorumPeerMain.java:231)
	at org.apache.zookeeper.server.quorum.QuorumPeerMain.initializeAndRun(QuorumPeerMain.java:137)
	at org.apache.zookeeper.server.quorum.QuorumPeerTestBase$MainThread.run(QuorumPeerTestBase.java:329)
	at java.lang.Thread.run(Thread.java:745)
Thread QuorumConnectionThread-[myid=0]-2
	at sun.misc.Unsafe.park(Native Method)
	at java.util.concurrent.locks.LockSupport.parkNanos(LockSupport.java:215)
	at java.util.concurrent.SynchronousQueue$TransferStack.awaitFulfill(SynchronousQueue.java:460)
	at java.util.concurrent.SynchronousQueue$TransferStack.transfer(SynchronousQueue.java:362)
	at java.util.concurrent.SynchronousQueue.poll(SynchronousQueue.java:941)
	at java.util.concurrent.ThreadPoolExecutor.getTask(ThreadPoolExecutor.java:1066)
	at java.util.concurrent.ThreadPoolExecutor.runWorker(ThreadPoolExecutor.java:1127)
	at java.util.concurrent.ThreadPoolExecutor$Worker.run(ThreadPoolExecutor.java:617)
	at java.lang.Thread.run(Thread.java:745)
Thread NIOWorkerThread-9
	at sun.misc.Unsafe.park(Native Method)
	at java.util.concurrent.locks.LockSupport.park(LockSupport.java:175)
	at java.util.concurrent.locks.AbstractQueuedSynchronizer$ConditionObject.await(AbstractQueuedSynchronizer.java:2039)
	at java.util.concurrent.LinkedBlockingQueue.take(LinkedBlockingQueue.java:442)
	at java.util.concurrent.ThreadPoolExecutor.getTask(ThreadPoolExecutor.java:1067)
	at java.util.concurrent.ThreadPoolExecutor.runWorker(ThreadPoolExecutor.java:1127)
	at java.util.concurrent.ThreadPoolExecutor$Worker.run(ThreadPoolExecutor.java:617)
	at java.lang.Thread.run(Thread.java:745)
Thread NIOServerCxnFactory.AcceptThread:/0.0.0.0:27417
	at sun.nio.ch.WindowsSelectorImpl$SubSelector.poll0(Native Method)
	at sun.nio.ch.WindowsSelectorImpl$SubSelector.poll(WindowsSelectorImpl.java:296)
	at sun.nio.ch.WindowsSelectorImpl$SubSelector.access$400(WindowsSelectorImpl.java:278)
	at sun.nio.ch.WindowsSelectorImpl.doSelect(WindowsSelectorImpl.java:159)
	at sun.nio.ch.SelectorImpl.lockAndDoSelect(SelectorImpl.java:86)
	at sun.nio.ch.SelectorImpl.select(SelectorImpl.java:97)
	at sun.nio.ch.SelectorImpl.select(SelectorImpl.java:101)
	at org.apache.zookeeper.server.NIOServerCnxnFactory$AcceptThread.select(NIOServerCnxnFactory.java:205)
	at org.apache.zookeeper.server.NIOServerCnxnFactory$AcceptThread.run(NIOServerCnxnFactory.java:181)
Thread NIOServerCxnFactory.AcceptThread:/0.0.0.0:27422
	at sun.nio.ch.WindowsSelectorImpl$SubSelector.poll0(Native Method)
	at sun.nio.ch.WindowsSelectorImpl$SubSelector.poll(WindowsSelectorImpl.java:296)
	at sun.nio.ch.WindowsSelectorImpl$SubSelector.access$400(WindowsSelectorImpl.java:278)
	at sun.nio.ch.WindowsSelectorImpl.doSelect(WindowsSelectorImpl.java:159)
	at sun.nio.ch.SelectorImpl.lockAndDoSelect(SelectorImpl.java:86)
	at sun.nio.ch.SelectorImpl.select(SelectorImpl.java:97)
	at sun.nio.ch.SelectorImpl.select(SelectorImpl.java:101)
	at org.apache.zookeeper.server.NIOServerCnxnFactory$AcceptThread.select(NIOServerCnxnFactory.java:205)
	at org.apache.zookeeper.server.NIOServerCnxnFactory$AcceptThread.run(NIOServerCnxnFactory.java:181)
Thread NIOWorkerThread-10
	at sun.misc.Unsafe.park(Native Method)
	at java.util.concurrent.locks.LockSupport.park(LockSupport.java:175)
	at java.util.concurrent.locks.AbstractQueuedSynchronizer$ConditionObject.await(AbstractQueuedSynchronizer.java:2039)
	at java.util.concurrent.LinkedBlockingQueue.take(LinkedBlockingQueue.java:442)
	at java.util.concurrent.ThreadPoolExecutor.getTask(ThreadPoolExecutor.java:1067)
	at java.util.concurrent.ThreadPoolExecutor.runWorker(ThreadPoolExecutor.java:1127)
	at java.util.concurrent.ThreadPoolExecutor$Worker.run(ThreadPoolExecutor.java:617)
	at java.lang.Thread.run(Thread.java:745)
Thread ListenerHandler-/127.0.0.1:27387
	at sun.misc.Unsafe.park(Native Method)
	at java.util.concurrent.locks.LockSupport.park(LockSupport.java:175)
	at java.util.concurrent.locks.AbstractQueuedSynchronizer$ConditionObject.await(AbstractQueuedSynchronizer.java:2039)
	at java.util.concurrent.LinkedBlockingQueue.take(LinkedBlockingQueue.java:442)
	at java.util.concurrent.ThreadPoolExecutor.getTask(ThreadPoolExecutor.java:1067)
	at java.util.concurrent.ThreadPoolExecutor.runWorker(ThreadPoolExecutor.java:1127)
	at java.util.concurrent.ThreadPoolExecutor$Worker.run(ThreadPoolExecutor.java:617)
	at java.lang.Thread.run(Thread.java:745)
Thread NIOServerCxnFactory.SelectorThread-0
	at sun.nio.ch.WindowsSelectorImpl$SubSelector.poll0(Native Method)
	at sun.nio.ch.WindowsSelectorImpl$SubSelector.poll(WindowsSelectorImpl.java:296)
	at sun.nio.ch.WindowsSelectorImpl$SubSelector.access$400(WindowsSelectorImpl.java:278)
	at sun.nio.ch.WindowsSelectorImpl.doSelect(WindowsSelectorImpl.java:159)
	at sun.nio.ch.SelectorImpl.lockAndDoSelect(SelectorImpl.java:86)
	at sun.nio.ch.SelectorImpl.select(SelectorImpl.java:97)
	at sun.nio.ch.SelectorImpl.select(SelectorImpl.java:101)
	at org.apache.zookeeper.server.NIOServerCnxnFactory$SelectorThread.select(NIOServerCnxnFactory.java:403)
	at org.apache.zookeeper.server.NIOServerCnxnFactory$SelectorThread.run(NIOServerCnxnFactory.java:368)
Thread ListenerHandler-/0:0:0:0:0:0:0:1:27424
	at java.net.DualStackPlainSocketImpl.accept0(Native Method)
	at java.net.DualStackPlainSocketImpl.socketAccept(DualStackPlainSocketImpl.java:131)
	at java.net.AbstractPlainSocketImpl.accept(AbstractPlainSocketImpl.java:404)
	at java.net.PlainSocketImpl.accept(PlainSocketImpl.java:199)
	at java.net.ServerSocket.implAccept(ServerSocket.java:545)
	at java.net.ServerSocket.accept(ServerSocket.java:513)
	at org.apache.zookeeper.server.quorum.QuorumCnxManager$Listener$ListenerHandler.acceptConnections(QuorumCnxManager.java:1069)
	at org.apache.zookeeper.server.quorum.QuorumCnxManager$Listener$ListenerHandler.run(QuorumCnxManager.java:1034)
	at java.util.concurrent.Executors$RunnableAdapter.call(Executors.java:511)
	at java.util.concurrent.FutureTask.run(FutureTask.java:266)
	at java.util.concurrent.ThreadPoolExecutor.runWorker(ThreadPoolExecutor.java:1142)
	at java.util.concurrent.ThreadPoolExecutor$Worker.run(ThreadPoolExecutor.java:617)
	at java.lang.Thread.run(Thread.java:745)
Thread NIOWorkerThread-3
	at sun.misc.Unsafe.park(Native Method)
	at java.util.concurrent.locks.LockSupport.park(LockSupport.java:175)
	at java.util.concurrent.locks.AbstractQueuedSynchronizer$ConditionObject.await(AbstractQueuedSynchronizer.java:2039)
	at java.util.concurrent.LinkedBlockingQueue.take(LinkedBlockingQueue.java:442)
	at java.util.concurrent.ThreadPoolExecutor.getTask(ThreadPoolExecutor.java:1067)
	at java.util.concurrent.ThreadPoolExecutor.runWorker(ThreadPoolExecutor.java:1127)
	at java.util.concurrent.ThreadPoolExecutor$Worker.run(ThreadPoolExecutor.java:617)
	at java.lang.Thread.run(Thread.java:745)
Thread ListenerHandler-invalid.hostname.unreachable.com:27426
	at sun.misc.Unsafe.park(Native Method)
	at java.util.concurrent.locks.LockSupport.park(LockSupport.java:175)
	at java.util.concurrent.locks.AbstractQueuedSynchronizer$ConditionObject.await(AbstractQueuedSynchronizer.java:2039)
	at java.util.concurrent.LinkedBlockingQueue.take(LinkedBlockingQueue.java:442)
	at java.util.concurrent.ThreadPoolExecutor.getTask(ThreadPoolExecutor.java:1067)
	at java.util.concurrent.ThreadPoolExecutor.runWorker(ThreadPoolExecutor.java:1127)
	at java.util.concurrent.ThreadPoolExecutor$Worker.run(ThreadPoolExecutor.java:617)
	at java.lang.Thread.run(Thread.java:745)
Thread QuorumPeer[myid=2](plain=[0:0:0:0:0:0:0:0]:27422)(secure=disabled)
	at sun.misc.Unsafe.park(Native Method)
	at java.util.concurrent.locks.LockSupport.parkNanos(LockSupport.java:215)
	at java.util.concurrent.locks.AbstractQueuedSynchronizer$ConditionObject.awaitNanos(AbstractQueuedSynchronizer.java:2078)
	at java.util.concurrent.LinkedBlockingQueue.poll(LinkedBlockingQueue.java:467)
	at org.apache.zookeeper.server.quorum.FastLeaderElection.lookForLeader(FastLeaderElection.java:966)
	at org.apache.zookeeper.server.quorum.QuorumPeer.run(QuorumPeer.java:1484)
Thread NIOWorkerThread-8
	at sun.misc.Unsafe.park(Native Method)
	at java.util.concurrent.locks.LockSupport.park(LockSupport.java:175)
	at java.util.concurrent.locks.AbstractQueuedSynchronizer$ConditionObject.await(AbstractQueuedSynchronizer.java:2039)
	at java.util.concurrent.LinkedBlockingQueue.take(LinkedBlockingQueue.java:442)
	at java.util.concurrent.ThreadPoolExecutor.getTask(ThreadPoolExecutor.java:1067)
	at java.util.concurrent.ThreadPoolExecutor.runWorker(ThreadPoolExecutor.java:1127)
	at java.util.concurrent.ThreadPoolExecutor$Worker.run(ThreadPoolExecutor.java:617)
	at java.lang.Thread.run(Thread.java:745)
Thread NIOWorkerThread-10
	at sun.misc.Unsafe.park(Native Method)
	at java.util.concurrent.locks.LockSupport.park(LockSupport.java:175)
	at java.util.concurrent.locks.AbstractQueuedSynchronizer$ConditionObject.await(AbstractQueuedSynchronizer.java:2039)
	at java.util.concurrent.LinkedBlockingQueue.take(LinkedBlockingQueue.java:442)
	at java.util.concurrent.ThreadPoolExecutor.getTask(ThreadPoolExecutor.java:1067)
	at java.util.concurrent.ThreadPoolExecutor.runWorker(ThreadPoolExecutor.java:1127)
	at java.util.concurrent.ThreadPoolExecutor$Worker.run(ThreadPoolExecutor.java:617)
	at java.lang.Thread.run(Thread.java:745)
Thread NIOWorkerThread-1
	at sun.misc.Unsafe.park(Native Method)
	at java.util.concurrent.locks.LockSupport.park(LockSupport.java:175)
	at java.util.concurrent.locks.AbstractQueuedSynchronizer$ConditionObject.await(AbstractQueuedSynchronizer.java:2039)
	at java.util.concurrent.LinkedBlockingQueue.take(LinkedBlockingQueue.java:442)
	at java.util.concurrent.ThreadPoolExecutor.getTask(ThreadPoolExecutor.java:1067)
	at java.util.concurrent.ThreadPoolExecutor.runWorker(ThreadPoolExecutor.java:1127)
	at java.util.concurrent.ThreadPoolExecutor$Worker.run(ThreadPoolExecutor.java:617)
	at java.lang.Thread.run(Thread.java:745)
Thread ListenerHandler-invalid.hostname.unreachable.com:27401
	at sun.misc.Unsafe.park(Native Method)
	at java.util.concurrent.locks.LockSupport.park(LockSupport.java:175)
	at java.util.concurrent.locks.AbstractQueuedSynchronizer$ConditionObject.await(AbstractQueuedSynchronizer.java:2039)
	at java.util.concurrent.LinkedBlockingQueue.take(LinkedBlockingQueue.java:442)
	at java.util.concurrent.ThreadPoolExecutor.getTask(ThreadPoolExecutor.java:1067)
	at java.util.concurrent.ThreadPoolExecutor.runWorker(ThreadPoolExecutor.java:1127)
	at java.util.concurrent.ThreadPoolExecutor$Worker.run(ThreadPoolExecutor.java:617)
	at java.lang.Thread.run(Thread.java:745)
Thread ConnnectionExpirer
	at java.lang.Thread.sleep(Native Method)
	at org.apache.zookeeper.server.NIOServerCnxnFactory$ConnectionExpirerThread.run(NIOServerCnxnFactory.java:554)
Thread NIOWorkerThread-3
	at sun.misc.Unsafe.park(Native Method)
	at java.util.concurrent.locks.LockSupport.park(LockSupport.java:175)
	at java.util.concurrent.locks.AbstractQueuedSynchronizer$ConditionObject.await(AbstractQueuedSynchronizer.java:2039)
	at java.util.concurrent.LinkedBlockingQueue.take(LinkedBlockingQueue.java:442)
	at java.util.concurrent.ThreadPoolExecutor.getTask(ThreadPoolExecutor.java:1067)
	at java.util.concurrent.ThreadPoolExecutor.runWorker(ThreadPoolExecutor.java:1127)
	at java.util.concurrent.ThreadPoolExecutor$Worker.run(ThreadPoolExecutor.java:617)
	at java.lang.Thread.run(Thread.java:745)
Thread main-EventThread
	at sun.misc.Unsafe.park(Native Method)
	at java.util.concurrent.locks.LockSupport.park(LockSupport.java:175)
	at java.util.concurrent.locks.AbstractQueuedSynchronizer$ConditionObject.await(AbstractQueuedSynchronizer.java:2039)
	at java.util.concurrent.LinkedBlockingQueue.take(LinkedBlockingQueue.java:442)
	at org.apache.zookeeper.ClientCnxn$EventThread.run(ClientCnxn.java:551)
Thread WorkerSender[myid=1]
	at sun.misc.Unsafe.park(Native Method)
	at java.util.concurrent.locks.LockSupport.parkNanos(LockSupport.java:215)
	at java.util.concurrent.locks.AbstractQueuedSynchronizer$ConditionObject.awaitNanos(AbstractQueuedSynchronizer.java:2078)
	at java.util.concurrent.LinkedBlockingQueue.poll(LinkedBlockingQueue.java:467)
	at org.apache.zookeeper.server.quorum.FastLeaderElection$Messenger$WorkerSender.run(FastLeaderElection.java:496)
	at java.lang.Thread.run(Thread.java:745)
Thread Thread-20
	at java.lang.Object.wait(Native Method)
	at java.lang.Thread.join(Thread.java:1245)
	at java.lang.Thread.join(Thread.java:1319)
	at org.apache.zookeeper.server.quorum.QuorumPeerMain.runFromConfig(QuorumPeerMain.java:231)
	at org.apache.zookeeper.server.quorum.QuorumPeerMain.initializeAndRun(QuorumPeerMain.java:137)
	at org.apache.zookeeper.server.quorum.QuorumPeerTestBase$MainThread.run(QuorumPeerTestBase.java:329)
	at java.lang.Thread.run(Thread.java:745)
Thread NIOWorkerThread-4
	at sun.misc.Unsafe.park(Native Method)
	at java.util.concurrent.locks.LockSupport.park(LockSupport.java:175)
	at java.util.concurrent.locks.AbstractQueuedSynchronizer$ConditionObject.await(AbstractQueuedSynchronizer.java:2039)
	at java.util.concurrent.LinkedBlockingQueue.take(LinkedBlockingQueue.java:442)
	at java.util.concurrent.ThreadPoolExecutor.getTask(ThreadPoolExecutor.java:1067)
	at java.util.concurrent.ThreadPoolExecutor.runWorker(ThreadPoolExecutor.java:1127)
	at java.util.concurrent.ThreadPoolExecutor$Worker.run(ThreadPoolExecutor.java:617)
	at java.lang.Thread.run(Thread.java:745)
Thread ListenerHandler-invalid.hostname.unreachable.com:27406
	at sun.misc.Unsafe.park(Native Method)
	at java.util.concurrent.locks.LockSupport.park(LockSupport.java:175)
	at java.util.concurrent.locks.AbstractQueuedSynchronizer$ConditionObject.await(AbstractQueuedSynchronizer.java:2039)
	at java.util.concurrent.LinkedBlockingQueue.take(LinkedBlockingQueue.java:442)
	at java.util.concurrent.ThreadPoolExecutor.getTask(ThreadPoolExecutor.java:1067)
	at java.util.concurrent.ThreadPoolExecutor.runWorker(ThreadPoolExecutor.java:1127)
	at java.util.concurrent.ThreadPoolExecutor$Worker.run(ThreadPoolExecutor.java:617)
	at java.lang.Thread.run(Thread.java:745)
Thread WorkerSender[myid=0]
	at sun.misc.Unsafe.park(Native Method)
	at java.util.concurrent.locks.LockSupport.parkNanos(LockSupport.java:215)
	at java.util.concurrent.locks.AbstractQueuedSynchronizer$ConditionObject.awaitNanos(AbstractQueuedSynchronizer.java:2078)
	at java.util.concurrent.LinkedBlockingQueue.poll(LinkedBlockingQueue.java:467)
	at org.apache.zookeeper.server.quorum.FastLeaderElection$Messenger$WorkerSender.run(FastLeaderElection.java:496)
	at java.lang.Thread.run(Thread.java:745)
Thread QuorumConnectionThread-[myid=0]-3
	at sun.misc.Unsafe.park(Native Method)
	at java.util.concurrent.locks.LockSupport.parkNanos(LockSupport.java:215)
	at java.util.concurrent.SynchronousQueue$TransferStack.awaitFulfill(SynchronousQueue.java:460)
	at java.util.concurrent.SynchronousQueue$TransferStack.transfer(SynchronousQueue.java:362)
	at java.util.concurrent.SynchronousQueue.poll(SynchronousQueue.java:941)
	at java.util.concurrent.ThreadPoolExecutor.getTask(ThreadPoolExecutor.java:1066)
	at java.util.concurrent.ThreadPoolExecutor.runWorker(ThreadPoolExecutor.java:1127)
	at java.util.concurrent.ThreadPoolExecutor$Worker.run(ThreadPoolExecutor.java:617)
	at java.lang.Thread.run(Thread.java:745)
Thread NIOWorkerThread-10
	at sun.misc.Unsafe.park(Native Method)
	at java.util.concurrent.locks.LockSupport.park(LockSupport.java:175)
	at java.util.concurrent.locks.AbstractQueuedSynchronizer$ConditionObject.await(AbstractQueuedSynchronizer.java:2039)
	at java.util.concurrent.LinkedBlockingQueue.take(LinkedBlockingQueue.java:442)
	at java.util.concurrent.ThreadPoolExecutor.getTask(ThreadPoolExecutor.java:1067)
	at java.util.concurrent.ThreadPoolExecutor.runWorker(ThreadPoolExecutor.java:1127)
	at java.util.concurrent.ThreadPoolExecutor$Worker.run(ThreadPoolExecutor.java:617)
	at java.lang.Thread.run(Thread.java:745)
Thread QuorumPeerListener
	at sun.misc.Unsafe.park(Native Method)
	at java.util.concurrent.locks.LockSupport.park(LockSupport.java:175)
	at java.util.concurrent.locks.AbstractQueuedSynchronizer.parkAndCheckInterrupt(AbstractQueuedSynchronizer.java:836)
	at java.util.concurrent.locks.AbstractQueuedSynchronizer.doAcquireSharedInterruptibly(AbstractQueuedSynchronizer.java:997)
	at java.util.concurrent.locks.AbstractQueuedSynchronizer.acquireSharedInterruptibly(AbstractQueuedSynchronizer.java:1304)
	at java.util.concurrent.CountDownLatch.await(CountDownLatch.java:231)
	at org.apache.zookeeper.server.quorum.QuorumCnxManager$Listener.run(QuorumCnxManager.java:964)
Thread main-SendThread(127.0.0.1:27402)
	at java.lang.Thread.sleep(Native Method)
	at org.apache.zookeeper.ClientCnxn$SendThread.startConnect(ClientCnxn.java:1136)
	at org.apache.zookeeper.ClientCnxn$SendThread.run(ClientCnxn.java:1200)
Thread surefire-forkedjvm-ping-30s
	at sun.misc.Unsafe.park(Native Method)
	at java.util.concurrent.locks.LockSupport.parkNanos(LockSupport.java:215)
	at java.util.concurrent.locks.AbstractQueuedSynchronizer$ConditionObject.awaitNanos(AbstractQueuedSynchronizer.java:2078)
	at java.util.concurrent.ScheduledThreadPoolExecutor$DelayedWorkQueue.take(ScheduledThreadPoolExecutor.java:1093)
	at java.util.concurrent.ScheduledThreadPoolExecutor$DelayedWorkQueue.take(ScheduledThreadPoolExecutor.java:809)
	at java.util.concurrent.ThreadPoolExecutor.getTask(ThreadPoolExecutor.java:1067)
	at java.util.concurrent.ThreadPoolExecutor.runWorker(ThreadPoolExecutor.java:1127)
	at java.util.concurrent.ThreadPoolExecutor$Worker.run(ThreadPoolExecutor.java:617)
	at java.lang.Thread.run(Thread.java:745)
Thread NIOWorkerThread-11
	at sun.misc.Unsafe.park(Native Method)
	at java.util.concurrent.locks.LockSupport.park(LockSupport.java:175)
	at java.util.concurrent.locks.AbstractQueuedSynchronizer$ConditionObject.await(AbstractQueuedSynchronizer.java:2039)
	at java.util.concurrent.LinkedBlockingQueue.take(LinkedBlockingQueue.java:442)
	at java.util.concurrent.ThreadPoolExecutor.getTask(ThreadPoolExecutor.java:1067)
	at java.util.concurrent.ThreadPoolExecutor.runWorker(ThreadPoolExecutor.java:1127)
	at java.util.concurrent.ThreadPoolExecutor$Worker.run(ThreadPoolExecutor.java:617)
	at java.lang.Thread.run(Thread.java:745)
Thread ListenerHandler-/127.0.0.1:27382
	at sun.misc.Unsafe.park(Native Method)
	at java.util.concurrent.locks.LockSupport.park(LockSupport.java:175)
	at java.util.concurrent.locks.AbstractQueuedSynchronizer$ConditionObject.await(AbstractQueuedSynchronizer.java:2039)
	at java.util.concurrent.LinkedBlockingQueue.take(LinkedBlockingQueue.java:442)
	at java.util.concurrent.ThreadPoolExecutor.getTask(ThreadPoolExecutor.java:1067)
	at java.util.concurrent.ThreadPoolExecutor.runWorker(ThreadPoolExecutor.java:1127)
	at java.util.concurrent.ThreadPoolExecutor$Worker.run(ThreadPoolExecutor.java:617)
	at java.lang.Thread.run(Thread.java:745)
Thread NIOWorkerThread-9
	at sun.misc.Unsafe.park(Native Method)
	at java.util.concurrent.locks.LockSupport.park(LockSupport.java:175)
	at java.util.concurrent.locks.AbstractQueuedSynchronizer$ConditionObject.await(AbstractQueuedSynchronizer.java:2039)
	at java.util.concurrent.LinkedBlockingQueue.take(LinkedBlockingQueue.java:442)
	at java.util.concurrent.ThreadPoolExecutor.getTask(ThreadPoolExecutor.java:1067)
	at java.util.concurrent.ThreadPoolExecutor.runWorker(ThreadPoolExecutor.java:1127)
	at java.util.concurrent.ThreadPoolExecutor$Worker.run(ThreadPoolExecutor.java:617)
	at java.lang.Thread.run(Thread.java:745)
Thread ListenerHandler-invalid.hostname.unreachable.com:27421
	at sun.misc.Unsafe.park(Native Method)
	at java.util.concurrent.locks.LockSupport.park(LockSupport.java:175)
	at java.util.concurrent.locks.AbstractQueuedSynchronizer$ConditionObject.await(AbstractQueuedSynchronizer.java:2039)
	at java.util.concurrent.LinkedBlockingQueue.take(LinkedBlockingQueue.java:442)
	at java.util.concurrent.ThreadPoolExecutor.getTask(ThreadPoolExecutor.java:1067)
	at java.util.concurrent.ThreadPoolExecutor.runWorker(ThreadPoolExecutor.java:1127)
	at java.util.concurrent.ThreadPoolExecutor$Worker.run(ThreadPoolExecutor.java:617)
	at java.lang.Thread.run(Thread.java:745)
Thread ListenerHandler-/0:0:0:0:0:0:0:1:27419
	at java.net.DualStackPlainSocketImpl.accept0(Native Method)
	at java.net.DualStackPlainSocketImpl.socketAccept(DualStackPlainSocketImpl.java:131)
	at java.net.AbstractPlainSocketImpl.accept(AbstractPlainSocketImpl.java:404)
	at java.net.PlainSocketImpl.accept(PlainSocketImpl.java:199)
	at java.net.ServerSocket.implAccept(ServerSocket.java:545)
	at java.net.ServerSocket.accept(ServerSocket.java:513)
	at org.apache.zookeeper.server.quorum.QuorumCnxManager$Listener$ListenerHandler.acceptConnections(QuorumCnxManager.java:1069)
	at org.apache.zookeeper.server.quorum.QuorumCnxManager$Listener$ListenerHandler.run(QuorumCnxManager.java:1034)
	at java.util.concurrent.Executors$RunnableAdapter.call(Executors.java:511)
	at java.util.concurrent.FutureTask.run(FutureTask.java:266)
	at java.util.concurrent.ThreadPoolExecutor.runWorker(ThreadPoolExecutor.java:1142)
	at java.util.concurrent.ThreadPoolExecutor$Worker.run(ThreadPoolExecutor.java:617)
	at java.lang.Thread.run(Thread.java:745)
Thread QuorumPeer[myid=1](plain=[0:0:0:0:0:0:0:0]:27417)(secure=disabled)
	at sun.misc.Unsafe.park(Native Method)
	at java.util.concurrent.locks.LockSupport.parkNanos(LockSupport.java:215)
	at java.util.concurrent.locks.AbstractQueuedSynchronizer$ConditionObject.awaitNanos(AbstractQueuedSynchronizer.java:2078)
	at java.util.concurrent.LinkedBlockingQueue.poll(LinkedBlockingQueue.java:467)
	at org.apache.zookeeper.server.quorum.FastLeaderElection.lookForLeader(FastLeaderElection.java:966)
	at org.apache.zookeeper.server.quorum.QuorumPeer.run(QuorumPeer.java:1484)
Thread Finalizer
	at java.lang.Object.wait(Native Method)
	at java.lang.ref.ReferenceQueue.remove(ReferenceQueue.java:142)
	at java.lang.ref.ReferenceQueue.remove(ReferenceQueue.java:158)
	at java.lang.ref.Finalizer$FinalizerThread.run(Finalizer.java:209)
Thread Reference Handler
	at java.lang.Object.wait(Native Method)
	at java.lang.Object.wait(Object.java:502)
	at java.lang.ref.Reference$ReferenceHandler.run(Reference.java:157)
Thread ConnnectionExpirer
	at java.lang.Thread.sleep(Native Method)
	at org.apache.zookeeper.server.NIOServerCnxnFactory$ConnectionExpirerThread.run(NIOServerCnxnFactory.java:554)
Thread ListenerHandler-/127.0.0.1:27396
	at sun.misc.Unsafe.park(Native Method)
	at java.util.concurrent.locks.LockSupport.park(LockSupport.java:175)
	at java.util.concurrent.locks.AbstractQueuedSynchronizer$ConditionObject.await(AbstractQueuedSynchronizer.java:2039)
	at java.util.concurrent.LinkedBlockingQueue.take(LinkedBlockingQueue.java:442)
	at java.util.concurrent.ThreadPoolExecutor.getTask(ThreadPoolExecutor.java:1067)
	at java.util.concurrent.ThreadPoolExecutor.runWorker(ThreadPoolExecutor.java:1127)
	at java.util.concurrent.ThreadPoolExecutor$Worker.run(ThreadPoolExecutor.java:617)
	at java.lang.Thread.run(Thread.java:745)
Thread main-SendThread(127.0.0.1:27380)
	at sun.nio.ch.WindowsSelectorImpl$SubSelector.poll0(Native Method)
	at sun.nio.ch.WindowsSelectorImpl$SubSelector.poll(WindowsSelectorImpl.java:296)
	at sun.nio.ch.WindowsSelectorImpl$SubSelector.access$400(WindowsSelectorImpl.java:278)
	at sun.nio.ch.WindowsSelectorImpl.doSelect(WindowsSelectorImpl.java:159)
	at sun.nio.ch.SelectorImpl.lockAndDoSelect(SelectorImpl.java:86)
	at sun.nio.ch.SelectorImpl.select(SelectorImpl.java:97)
	at org.apache.zookeeper.ClientCnxnSocketNIO.doTransport(ClientCnxnSocketNIO.java:332)
	at org.apache.zookeeper.ClientCnxn$SendThread.run(ClientCnxn.java:1280)
Thread ListenerHandler-/127.0.0.1:27384
	at sun.misc.Unsafe.park(Native Method)
	at java.util.concurrent.locks.LockSupport.park(LockSupport.java:175)
	at java.util.concurrent.locks.AbstractQueuedSynchronizer$ConditionObject.await(AbstractQueuedSynchronizer.java:2039)
	at java.util.concurrent.LinkedBlockingQueue.take(LinkedBlockingQueue.java:442)
	at java.util.concurrent.ThreadPoolExecutor.getTask(ThreadPoolExecutor.java:1067)
	at java.util.concurrent.ThreadPoolExecutor.runWorker(ThreadPoolExecutor.java:1127)
	at java.util.concurrent.ThreadPoolExecutor$Worker.run(ThreadPoolExecutor.java:617)
	at java.lang.Thread.run(Thread.java:745)
Thread ForkJoinPool.commonPool-worker-0
	at sun.misc.Unsafe.park(Native Method)
	at java.util.concurrent.ForkJoinPool.awaitWork(ForkJoinPool.java:1756)
	at java.util.concurrent.ForkJoinPool.scan(ForkJoinPool.java:1696)
	at java.util.concurrent.ForkJoinPool.runWorker(ForkJoinPool.java:1644)
	at java.util.concurrent.ForkJoinWorkerThread.run(ForkJoinWorkerThread.java:157)
Thread main-EventThread
	at sun.misc.Unsafe.park(Native Method)
	at java.util.concurrent.locks.LockSupport.park(LockSupport.java:175)
	at java.util.concurrent.locks.AbstractQueuedSynchronizer$ConditionObject.await(AbstractQueuedSynchronizer.java:2039)
	at java.util.concurrent.LinkedBlockingQueue.take(LinkedBlockingQueue.java:442)
	at org.apache.zookeeper.ClientCnxn$EventThread.run(ClientCnxn.java:551)
Thread main-SendThread(127.0.0.1:27397)
	at java.net.Inet6AddressImpl.getHostByAddr(Native Method)
	at java.net.InetAddress$2.getHostByAddr(InetAddress.java:911)
	at java.net.InetAddress.getHostFromNameService(InetAddress.java:596)
	at java.net.InetAddress.getCanonicalHostName(InetAddress.java:567)
	at org.apache.zookeeper.SaslServerPrincipal$WrapperInetAddress.getCanonicalHostName(SaslServerPrincipal.java:133)
	at org.apache.zookeeper.SaslServerPrincipal.getServerPrincipal(SaslServerPrincipal.java:81)
	at org.apache.zookeeper.SaslServerPrincipal.getServerPrincipal(SaslServerPrincipal.java:41)
	at org.apache.zookeeper.ClientCnxn$SendThread.startConnect(ClientCnxn.java:1151)
	at org.apache.zookeeper.ClientCnxn$SendThread.run(ClientCnxn.java:1200)
Thread NIOWorkerThread-12
	at sun.misc.Unsafe.park(Native Method)
	at java.util.concurrent.locks.LockSupport.park(LockSupport.java:175)
	at java.util.concurrent.locks.AbstractQueuedSynchronizer$ConditionObject.await(AbstractQueuedSynchronizer.java:2039)
	at java.util.concurrent.LinkedBlockingQueue.take(LinkedBlockingQueue.java:442)
	at java.util.concurrent.ThreadPoolExecutor.getTask(ThreadPoolExecutor.java:1067)
	at java.util.concurrent.ThreadPoolExecutor.runWorker(ThreadPoolExecutor.java:1127)
	at java.util.concurrent.ThreadPoolExecutor$Worker.run(ThreadPoolExecutor.java:617)
	at java.lang.Thread.run(Thread.java:745)
Thread NIOWorkerThread-11
	at sun.misc.Unsafe.park(Native Method)
	at java.util.concurrent.locks.LockSupport.park(LockSupport.java:175)
	at java.util.concurrent.locks.AbstractQueuedSynchronizer$ConditionObject.await(AbstractQueuedSynchronizer.java:2039)
	at java.util.concurrent.LinkedBlockingQueue.take(LinkedBlockingQueue.java:442)
	at java.util.concurrent.ThreadPoolExecutor.getTask(ThreadPoolExecutor.java:1067)
	at java.util.concurrent.ThreadPoolExecutor.runWorker(ThreadPoolExecutor.java:1127)
	at java.util.concurrent.ThreadPoolExecutor$Worker.run(ThreadPoolExecutor.java:617)
	at java.lang.Thread.run(Thread.java:745)
Thread NIOWorkerThread-2
	at sun.misc.Unsafe.park(Native Method)
	at java.util.concurrent.locks.LockSupport.park(LockSupport.java:175)
	at java.util.concurrent.locks.AbstractQueuedSynchronizer$ConditionObject.await(AbstractQueuedSynchronizer.java:2039)
	at java.util.concurrent.LinkedBlockingQueue.take(LinkedBlockingQueue.java:442)
	at java.util.concurrent.ThreadPoolExecutor.getTask(ThreadPoolExecutor.java:1067)
	at java.util.concurrent.ThreadPoolExecutor.runWorker(ThreadPoolExecutor.java:1127)
	at java.util.concurrent.ThreadPoolExecutor$Worker.run(ThreadPoolExecutor.java:617)
	at java.lang.Thread.run(Thread.java:745)
Thread main-EventThread
	at sun.misc.Unsafe.park(Native Method)
	at java.util.concurrent.locks.LockSupport.park(LockSupport.java:175)
	at java.util.concurrent.locks.AbstractQueuedSynchronizer$ConditionObject.await(AbstractQueuedSynchronizer.java:2039)
	at java.util.concurrent.LinkedBlockingQueue.take(LinkedBlockingQueue.java:442)
	at org.apache.zookeeper.ClientCnxn$EventThread.run(ClientCnxn.java:551)
Thread NIOWorkerThread-1
	at sun.misc.Unsafe.park(Native Method)
	at java.util.concurrent.locks.LockSupport.park(LockSupport.java:175)
	at java.util.concurrent.locks.AbstractQueuedSynchronizer$ConditionObject.await(AbstractQueuedSynchronizer.java:2039)
	at java.util.concurrent.LinkedBlockingQueue.take(LinkedBlockingQueue.java:442)
	at java.util.concurrent.ThreadPoolExecutor.getTask(ThreadPoolExecutor.java:1067)
	at java.util.concurrent.ThreadPoolExecutor.runWorker(ThreadPoolExecutor.java:1127)
	at java.util.concurrent.ThreadPoolExecutor$Worker.run(ThreadPoolExecutor.java:617)
	at java.lang.Thread.run(Thread.java:745)
Thread NIOWorkerThread-3
	at sun.misc.Unsafe.park(Native Method)
	at java.util.concurrent.locks.LockSupport.park(LockSupport.java:175)
	at java.util.concurrent.locks.AbstractQueuedSynchronizer$ConditionObject.await(AbstractQueuedSynchronizer.java:2039)
	at java.util.concurrent.LinkedBlockingQueue.take(LinkedBlockingQueue.java:442)
	at java.util.concurrent.ThreadPoolExecutor.getTask(ThreadPoolExecutor.java:1067)
	at java.util.concurrent.ThreadPoolExecutor.runWorker(ThreadPoolExecutor.java:1127)
	at java.util.concurrent.ThreadPoolExecutor$Worker.run(ThreadPoolExecutor.java:617)
	at java.lang.Thread.run(Thread.java:745)
Thread ListenerHandler-/127.0.0.1:27394
	at sun.misc.Unsafe.park(Native Method)
	at java.util.concurrent.locks.LockSupport.park(LockSupport.java:175)
	at java.util.concurrent.locks.AbstractQueuedSynchronizer$ConditionObject.await(AbstractQueuedSynchronizer.java:2039)
	at java.util.concurrent.LinkedBlockingQueue.take(LinkedBlockingQueue.java:442)
	at java.util.concurrent.ThreadPoolExecutor.getTask(ThreadPoolExecutor.java:1067)
	at java.util.concurrent.ThreadPoolExecutor.runWorker(ThreadPoolExecutor.java:1127)
	at java.util.concurrent.ThreadPoolExecutor$Worker.run(ThreadPoolExecutor.java:617)
	at java.lang.Thread.run(Thread.java:745)
Thread NIOServerCxnFactory.SelectorThread-0
	at sun.nio.ch.WindowsSelectorImpl$SubSelector.poll0(Native Method)
	at sun.nio.ch.WindowsSelectorImpl$SubSelector.poll(WindowsSelectorImpl.java:296)
	at sun.nio.ch.WindowsSelectorImpl$SubSelector.access$400(WindowsSelectorImpl.java:278)
	at sun.nio.ch.WindowsSelectorImpl.doSelect(WindowsSelectorImpl.java:159)
	at sun.nio.ch.SelectorImpl.lockAndDoSelect(SelectorImpl.java:86)
	at sun.nio.ch.SelectorImpl.select(SelectorImpl.java:97)
	at sun.nio.ch.SelectorImpl.select(SelectorImpl.java:101)
	at org.apache.zookeeper.server.NIOServerCnxnFactory$SelectorThread.select(NIOServerCnxnFactory.java:403)
	at org.apache.zookeeper.server.NIOServerCnxnFactory$SelectorThread.run(NIOServerCnxnFactory.java:368)
Thread Signal Dispatcher
Thread WorkerReceiver[myid=0]
	at sun.misc.Unsafe.park(Native Method)
	at java.util.concurrent.locks.LockSupport.parkNanos(LockSupport.java:215)
	at java.util.concurrent.locks.AbstractQueuedSynchronizer$ConditionObject.awaitNanos(AbstractQueuedSynchronizer.java:2078)
	at org.apache.zookeeper.util.CircularBlockingQueue.poll(CircularBlockingQueue.java:105)
	at org.apache.zookeeper.server.quorum.QuorumCnxManager.pollRecvQueue(QuorumCnxManager.java:1474)
	at org.apache.zookeeper.server.quorum.FastLeaderElection$Messenger$WorkerReceiver.run(FastLeaderElection.java:237)
	at java.lang.Thread.run(Thread.java:745)
Thread main-EventThread
	at sun.misc.Unsafe.park(Native Method)
	at java.util.concurrent.locks.LockSupport.park(LockSupport.java:175)
	at java.util.concurrent.locks.AbstractQueuedSynchronizer$ConditionObject.await(AbstractQueuedSynchronizer.java:2039)
	at java.util.concurrent.LinkedBlockingQueue.take(LinkedBlockingQueue.java:442)
	at org.apache.zookeeper.ClientCnxn$EventThread.run(ClientCnxn.java:551)
Thread main-EventThread
	at sun.misc.Unsafe.park(Native Method)
	at java.util.concurrent.locks.LockSupport.park(LockSupport.java:175)
	at java.util.concurrent.locks.AbstractQueuedSynchronizer$ConditionObject.await(AbstractQueuedSynchronizer.java:2039)
	at java.util.concurrent.LinkedBlockingQueue.take(LinkedBlockingQueue.java:442)
	at org.apache.zookeeper.ClientCnxn$EventThread.run(ClientCnxn.java:551)
Thread ListenerHandler-/127.0.0.1:27389
	at sun.misc.Unsafe.park(Native Method)
	at java.util.concurrent.locks.LockSupport.park(LockSupport.java:175)
	at java.util.concurrent.locks.AbstractQueuedSynchronizer$ConditionObject.await(AbstractQueuedSynchronizer.java:2039)
	at java.util.concurrent.LinkedBlockingQueue.take(LinkedBlockingQueue.java:442)
	at java.util.concurrent.ThreadPoolExecutor.getTask(ThreadPoolExecutor.java:1067)
	at java.util.concurrent.ThreadPoolExecutor.runWorker(ThreadPoolExecutor.java:1127)
	at java.util.concurrent.ThreadPoolExecutor$Worker.run(ThreadPoolExecutor.java:617)
	at java.lang.Thread.run(Thread.java:745)
Thread NIOWorkerThread-2
	at sun.misc.Unsafe.park(Native Method)
	at java.util.concurrent.locks.LockSupport.park(LockSupport.java:175)
	at java.util.concurrent.locks.AbstractQueuedSynchronizer$ConditionObject.await(AbstractQueuedSynchronizer.java:2039)
	at java.util.concurrent.LinkedBlockingQueue.take(LinkedBlockingQueue.java:442)
	at java.util.concurrent.ThreadPoolExecutor.getTask(ThreadPoolExecutor.java:1067)
	at java.util.concurrent.ThreadPoolExecutor.runWorker(ThreadPoolExecutor.java:1127)
	at java.util.concurrent.ThreadPoolExecutor$Worker.run(ThreadPoolExecutor.java:617)
	at java.lang.Thread.run(Thread.java:745)
Thread QuorumConnectionThread-[myid=2]-1
	at sun.misc.Unsafe.park(Native Method)
	at java.util.concurrent.locks.LockSupport.parkNanos(LockSupport.java:215)
	at java.util.concurrent.SynchronousQueue$TransferStack.awaitFulfill(SynchronousQueue.java:460)
	at java.util.concurrent.SynchronousQueue$TransferStack.transfer(SynchronousQueue.java:362)
	at java.util.concurrent.SynchronousQueue.poll(SynchronousQueue.java:941)
	at java.util.concurrent.ThreadPoolExecutor.getTask(ThreadPoolExecutor.java:1066)
	at java.util.concurrent.ThreadPoolExecutor.runWorker(ThreadPoolExecutor.java:1127)
	at java.util.concurrent.ThreadPoolExecutor$Worker.run(ThreadPoolExecutor.java:617)
	at java.lang.Thread.run(Thread.java:745)
Thread QuorumConnectionThread-[myid=1]-3
	at sun.misc.Unsafe.park(Native Method)
	at java.util.concurrent.locks.LockSupport.parkNanos(LockSupport.java:215)
	at java.util.concurrent.SynchronousQueue$TransferStack.awaitFulfill(SynchronousQueue.java:460)
	at java.util.concurrent.SynchronousQueue$TransferStack.transfer(SynchronousQueue.java:362)
	at java.util.concurrent.SynchronousQueue.poll(SynchronousQueue.java:941)
	at java.util.concurrent.ThreadPoolExecutor.getTask(ThreadPoolExecutor.java:1066)
	at java.util.concurrent.ThreadPoolExecutor.runWorker(ThreadPoolExecutor.java:1127)
	at java.util.concurrent.ThreadPoolExecutor$Worker.run(ThreadPoolExecutor.java:617)
	at java.lang.Thread.run(Thread.java:745)
Thread NIOWorkerThread-8
	at sun.misc.Unsafe.park(Native Method)
	at java.util.concurrent.locks.LockSupport.park(LockSupport.java:175)
	at java.util.concurrent.locks.AbstractQueuedSynchronizer$ConditionObject.await(AbstractQueuedSynchronizer.java:2039)
	at java.util.concurrent.LinkedBlockingQueue.take(LinkedBlockingQueue.java:442)
	at java.util.concurrent.ThreadPoolExecutor.getTask(ThreadPoolExecutor.java:1067)
	at java.util.concurrent.ThreadPoolExecutor.runWorker(ThreadPoolExecutor.java:1127)
	at java.util.concurrent.ThreadPoolExecutor$Worker.run(ThreadPoolExecutor.java:617)
	at java.lang.Thread.run(Thread.java:745)
Thread NIOWorkerThread-6
	at sun.misc.Unsafe.park(Native Method)
	at java.util.concurrent.locks.LockSupport.park(LockSupport.java:175)
	at java.util.concurrent.locks.AbstractQueuedSynchronizer$ConditionObject.await(AbstractQueuedSynchronizer.java:2039)
	at java.util.concurrent.LinkedBlockingQueue.take(LinkedBlockingQueue.java:442)
	at java.util.concurrent.ThreadPoolExecutor.getTask(ThreadPoolExecutor.java:1067)
	at java.util.concurrent.ThreadPoolExecutor.runWorker(ThreadPoolExecutor.java:1127)
	at java.util.concurrent.ThreadPoolExecutor$Worker.run(ThreadPoolExecutor.java:617)
	at java.lang.Thread.run(Thread.java:745)
Thread QuorumConnectionThread-[myid=2]-3
	at sun.misc.Unsafe.park(Native Method)
	at java.util.concurrent.locks.LockSupport.parkNanos(LockSupport.java:215)
	at java.util.concurrent.SynchronousQueue$TransferStack.awaitFulfill(SynchronousQueue.java:460)
	at java.util.concurrent.SynchronousQueue$TransferStack.transfer(SynchronousQueue.java:362)
	at java.util.concurrent.SynchronousQueue.poll(SynchronousQueue.java:941)
	at java.util.concurrent.ThreadPoolExecutor.getTask(ThreadPoolExecutor.java:1066)
	at java.util.concurrent.ThreadPoolExecutor.runWorker(ThreadPoolExecutor.java:1127)
	at java.util.concurrent.ThreadPoolExecutor$Worker.run(ThreadPoolExecutor.java:617)
	at java.lang.Thread.run(Thread.java:745)
Thread ListenerHandler-/127.0.0.1:27389
	at sun.misc.Unsafe.park(Native Method)
	at java.util.concurrent.locks.LockSupport.park(LockSupport.java:175)
	at java.util.concurrent.locks.AbstractQueuedSynchronizer$ConditionObject.await(AbstractQueuedSynchronizer.java:2039)
	at java.util.concurrent.LinkedBlockingQueue.take(LinkedBlockingQueue.java:442)
	at java.util.concurrent.ThreadPoolExecutor.getTask(ThreadPoolExecutor.java:1067)
	at java.util.concurrent.ThreadPoolExecutor.runWorker(ThreadPoolExecutor.java:1127)
	at java.util.concurrent.ThreadPoolExecutor$Worker.run(ThreadPoolExecutor.java:617)
	at java.lang.Thread.run(Thread.java:745)
Thread main-EventThread
	at sun.misc.Unsafe.park(Native Method)
	at java.util.concurrent.locks.LockSupport.park(LockSupport.java:175)
	at java.util.concurrent.locks.AbstractQueuedSynchronizer$ConditionObject.await(AbstractQueuedSynchronizer.java:2039)
	at java.util.concurrent.LinkedBlockingQueue.take(LinkedBlockingQueue.java:442)
	at org.apache.zookeeper.ClientCnxn$EventThread.run(ClientCnxn.java:551)
Thread NIOWorkerThread-4
	at sun.misc.Unsafe.park(Native Method)
	at java.util.concurrent.locks.LockSupport.park(LockSupport.java:175)
	at java.util.concurrent.locks.AbstractQueuedSynchronizer$ConditionObject.await(AbstractQueuedSynchronizer.java:2039)
	at java.util.concurrent.LinkedBlockingQueue.take(LinkedBlockingQueue.java:442)
	at java.util.concurrent.ThreadPoolExecutor.getTask(ThreadPoolExecutor.java:1067)
	at java.util.concurrent.ThreadPoolExecutor.runWorker(ThreadPoolExecutor.java:1127)
	at java.util.concurrent.ThreadPoolExecutor$Worker.run(ThreadPoolExecutor.java:617)
	at java.lang.Thread.run(Thread.java:745)
Thread QuorumConnectionThread-[myid=0]-1
	at sun.misc.Unsafe.park(Native Method)
	at java.util.concurrent.locks.LockSupport.parkNanos(LockSupport.java:215)
	at java.util.concurrent.SynchronousQueue$TransferStack.awaitFulfill(SynchronousQueue.java:460)
	at java.util.concurrent.SynchronousQueue$TransferStack.transfer(SynchronousQueue.java:362)
	at java.util.concurrent.SynchronousQueue.poll(SynchronousQueue.java:941)
	at java.util.concurrent.ThreadPoolExecutor.getTask(ThreadPoolExecutor.java:1066)
	at java.util.concurrent.ThreadPoolExecutor.runWorker(ThreadPoolExecutor.java:1127)
	at java.util.concurrent.ThreadPoolExecutor$Worker.run(ThreadPoolExecutor.java:617)
	at java.lang.Thread.run(Thread.java:745)
Thread ForkJoinPool.commonPool-worker-5
	at sun.misc.Unsafe.park(Native Method)
	at java.util.concurrent.ForkJoinPool.awaitWork(ForkJoinPool.java:1756)
	at java.util.concurrent.ForkJoinPool.scan(ForkJoinPool.java:1696)
	at java.util.concurrent.ForkJoinPool.runWorker(ForkJoinPool.java:1644)
	at java.util.concurrent.ForkJoinWorkerThread.run(ForkJoinWorkerThread.java:157)
Thread NIOWorkerThread-8
	at sun.misc.Unsafe.park(Native Method)
	at java.util.concurrent.locks.LockSupport.park(LockSupport.java:175)
	at java.util.concurrent.locks.AbstractQueuedSynchronizer$ConditionObject.await(AbstractQueuedSynchronizer.java:2039)
	at java.util.concurrent.LinkedBlockingQueue.take(LinkedBlockingQueue.java:442)
	at java.util.concurrent.ThreadPoolExecutor.getTask(ThreadPoolExecutor.java:1067)
	at java.util.concurrent.ThreadPoolExecutor.runWorker(ThreadPoolExecutor.java:1127)
	at java.util.concurrent.ThreadPoolExecutor$Worker.run(ThreadPoolExecutor.java:617)
	at java.lang.Thread.run(Thread.java:745)
Thread ListenerHandler-/0:0:0:0:0:0:0:1:27414
	at java.net.DualStackPlainSocketImpl.accept0(Native Method)
	at java.net.DualStackPlainSocketImpl.socketAccept(DualStackPlainSocketImpl.java:131)
	at java.net.AbstractPlainSocketImpl.accept(AbstractPlainSocketImpl.java:404)
	at java.net.PlainSocketImpl.accept(PlainSocketImpl.java:199)
	at java.net.ServerSocket.implAccept(ServerSocket.java:545)
	at java.net.ServerSocket.accept(ServerSocket.java:513)
	at org.apache.zookeeper.server.quorum.QuorumCnxManager$Listener$ListenerHandler.acceptConnections(QuorumCnxManager.java:1069)
	at org.apache.zookeeper.server.quorum.QuorumCnxManager$Listener$ListenerHandler.run(QuorumCnxManager.java:1034)
	at java.util.concurrent.Executors$RunnableAdapter.call(Executors.java:511)
	at java.util.concurrent.FutureTask.run(FutureTask.java:266)
	at java.util.concurrent.ThreadPoolExecutor.runWorker(ThreadPoolExecutor.java:1142)
	at java.util.concurrent.ThreadPoolExecutor$Worker.run(ThreadPoolExecutor.java:617)
	at java.lang.Thread.run(Thread.java:745)
Thread QuorumPeer[myid=0](plain=[0:0:0:0:0:0:0:0]:27412)(secure=disabled)
	at sun.misc.Unsafe.park(Native Method)
	at java.util.concurrent.locks.LockSupport.parkNanos(LockSupport.java:215)
	at java.util.concurrent.locks.AbstractQueuedSynchronizer$ConditionObject.awaitNanos(AbstractQueuedSynchronizer.java:2078)
	at java.util.concurrent.LinkedBlockingQueue.poll(LinkedBlockingQueue.java:467)
	at org.apache.zookeeper.server.quorum.FastLeaderElection.lookForLeader(FastLeaderElection.java:966)
	at org.apache.zookeeper.server.quorum.QuorumPeer.run(QuorumPeer.java:1484)
Thread ListenerHandler-/127.0.0.1:27392
	at sun.misc.Unsafe.park(Native Method)
	at java.util.concurrent.locks.LockSupport.park(LockSupport.java:175)
	at java.util.concurrent.locks.AbstractQueuedSynchronizer$ConditionObject.await(AbstractQueuedSynchronizer.java:2039)
	at java.util.concurrent.LinkedBlockingQueue.take(LinkedBlockingQueue.java:442)
	at java.util.concurrent.ThreadPoolExecutor.getTask(ThreadPoolExecutor.java:1067)
	at java.util.concurrent.ThreadPoolExecutor.runWorker(ThreadPoolExecutor.java:1127)
	at java.util.concurrent.ThreadPoolExecutor$Worker.run(ThreadPoolExecutor.java:617)
	at java.lang.Thread.run(Thread.java:745)
Thread main-SendThread(127.0.0.1:27417)
	at java.lang.Thread.sleep(Native Method)
	at org.apache.zookeeper.client.StaticHostProvider.next(StaticHostProvider.java:362)
	at org.apache.zookeeper.ClientCnxn$SendThread.run(ClientCnxn.java:1197)
Thread main-SendThread(127.0.0.1:27422)
	at java.lang.Thread.sleep(Native Method)
	at org.apache.zookeeper.client.StaticHostProvider.next(StaticHostProvider.java:362)
	at org.apache.zookeeper.ClientCnxn$SendThread.run(ClientCnxn.java:1197)
Thread ForkJoinPool.commonPool-worker-6
	at sun.misc.Unsafe.park(Native Method)
	at java.util.concurrent.ForkJoinPool.awaitWork(ForkJoinPool.java:1756)
	at java.util.concurrent.ForkJoinPool.scan(ForkJoinPool.java:1696)
	at java.util.concurrent.ForkJoinPool.runWorker(ForkJoinPool.java:1644)
	at java.util.concurrent.ForkJoinWorkerThread.run(ForkJoinWorkerThread.java:157)
Thread NIOWorkerThread-12
	at sun.misc.Unsafe.park(Native Method)
	at java.util.concurrent.locks.LockSupport.park(LockSupport.java:175)
	at java.util.concurrent.locks.AbstractQueuedSynchronizer$ConditionObject.await(AbstractQueuedSynchronizer.java:2039)
	at java.util.concurrent.LinkedBlockingQueue.take(LinkedBlockingQueue.java:442)
	at java.util.concurrent.ThreadPoolExecutor.getTask(ThreadPoolExecutor.java:1067)
	at java.util.concurrent.ThreadPoolExecutor.runWorker(ThreadPoolExecutor.java:1127)
	at java.util.concurrent.ThreadPoolExecutor$Worker.run(ThreadPoolExecutor.java:617)
	at java.lang.Thread.run(Thread.java:745)
Thread ConnnectionExpirer
	at java.lang.Thread.sleep(Native Method)
	at org.apache.zookeeper.server.NIOServerCnxnFactory$ConnectionExpirerThread.run(NIOServerCnxnFactory.java:554)
Thread ListenerHandler-/127.0.0.1:27404
	at sun.misc.Unsafe.park(Native Method)
	at java.util.concurrent.locks.LockSupport.park(LockSupport.java:175)
	at java.util.concurrent.locks.AbstractQueuedSynchronizer$ConditionObject.await(AbstractQueuedSynchronizer.java:2039)
	at java.util.concurrent.LinkedBlockingQueue.take(LinkedBlockingQueue.java:442)
	at java.util.concurrent.ThreadPoolExecutor.getTask(ThreadPoolExecutor.java:1067)
	at java.util.concurrent.ThreadPoolExecutor.runWorker(ThreadPoolExecutor.java:1127)
	at java.util.concurrent.ThreadPoolExecutor$Worker.run(ThreadPoolExecutor.java:617)
	at java.lang.Thread.run(Thread.java:745)
Thread ListenerHandler-/127.0.0.1:27384
	at sun.misc.Unsafe.park(Native Method)
	at java.util.concurrent.locks.LockSupport.park(LockSupport.java:175)
	at java.util.concurrent.locks.AbstractQueuedSynchronizer$ConditionObject.await(AbstractQueuedSynchronizer.java:2039)
	at java.util.concurrent.LinkedBlockingQueue.take(LinkedBlockingQueue.java:442)
	at java.util.concurrent.ThreadPoolExecutor.getTask(ThreadPoolExecutor.java:1067)
	at java.util.concurrent.ThreadPoolExecutor.runWorker(ThreadPoolExecutor.java:1127)
	at java.util.concurrent.ThreadPoolExecutor$Worker.run(ThreadPoolExecutor.java:617)
	at java.lang.Thread.run(Thread.java:745)
Thread NIOWorkerThread-5
	at sun.misc.Unsafe.park(Native Method)
	at java.util.concurrent.locks.LockSupport.park(LockSupport.java:175)
	at java.util.concurrent.locks.AbstractQueuedSynchronizer$ConditionObject.await(AbstractQueuedSynchronizer.java:2039)
	at java.util.concurrent.LinkedBlockingQueue.take(LinkedBlockingQueue.java:442)
	at java.util.concurrent.ThreadPoolExecutor.getTask(ThreadPoolExecutor.java:1067)
	at java.util.concurrent.ThreadPoolExecutor.runWorker(ThreadPoolExecutor.java:1127)
	at java.util.concurrent.ThreadPoolExecutor$Worker.run(ThreadPoolExecutor.java:617)
	at java.lang.Thread.run(Thread.java:745)
Thread ForkJoinPool.commonPool-worker-7
	at sun.misc.Unsafe.park(Native Method)
	at java.util.concurrent.ForkJoinPool.awaitWork(ForkJoinPool.java:1756)
	at java.util.concurrent.ForkJoinPool.scan(ForkJoinPool.java:1696)
	at java.util.concurrent.ForkJoinPool.runWorker(ForkJoinPool.java:1644)
	at java.util.concurrent.ForkJoinWorkerThread.run(ForkJoinWorkerThread.java:157)
Thread NIOWorkerThread-5
	at sun.misc.Unsafe.park(Native Method)
	at java.util.concurrent.locks.LockSupport.park(LockSupport.java:175)
	at java.util.concurrent.locks.AbstractQueuedSynchronizer$ConditionObject.await(AbstractQueuedSynchronizer.java:2039)
	at java.util.concurrent.LinkedBlockingQueue.take(LinkedBlockingQueue.java:442)
	at java.util.concurrent.ThreadPoolExecutor.getTask(ThreadPoolExecutor.java:1067)
	at java.util.concurrent.ThreadPoolExecutor.runWorker(ThreadPoolExecutor.java:1127)
	at java.util.concurrent.ThreadPoolExecutor$Worker.run(ThreadPoolExecutor.java:617)
	at java.lang.Thread.run(Thread.java:745)
Thread ListenerHandler-/127.0.0.1:27392
	at sun.misc.Unsafe.park(Native Method)
	at java.util.concurrent.locks.LockSupport.park(LockSupport.java:175)
	at java.util.concurrent.locks.AbstractQueuedSynchronizer$ConditionObject.await(AbstractQueuedSynchronizer.java:2039)
	at java.util.concurrent.LinkedBlockingQueue.take(LinkedBlockingQueue.java:442)
	at java.util.concurrent.ThreadPoolExecutor.getTask(ThreadPoolExecutor.java:1067)
	at java.util.concurrent.ThreadPoolExecutor.runWorker(ThreadPoolExecutor.java:1127)
	at java.util.concurrent.ThreadPoolExecutor$Worker.run(ThreadPoolExecutor.java:617)
	at java.lang.Thread.run(Thread.java:745)
Thread NIOWorkerThread-11
	at sun.misc.Unsafe.park(Native Method)
	at java.util.concurrent.locks.LockSupport.park(LockSupport.java:175)
	at java.util.concurrent.locks.AbstractQueuedSynchronizer$ConditionObject.await(AbstractQueuedSynchronizer.java:2039)
	at java.util.concurrent.LinkedBlockingQueue.take(LinkedBlockingQueue.java:442)
	at java.util.concurrent.ThreadPoolExecutor.getTask(ThreadPoolExecutor.java:1067)
	at java.util.concurrent.ThreadPoolExecutor.runWorker(ThreadPoolExecutor.java:1127)
	at java.util.concurrent.ThreadPoolExecutor$Worker.run(ThreadPoolExecutor.java:617)
	at java.lang.Thread.run(Thread.java:745)
Thread ListenerHandler-/127.0.0.1:27387
	at sun.misc.Unsafe.park(Native Method)
	at java.util.concurrent.locks.LockSupport.park(LockSupport.java:175)
	at java.util.concurrent.locks.AbstractQueuedSynchronizer$ConditionObject.await(AbstractQueuedSynchronizer.java:2039)
	at java.util.concurrent.LinkedBlockingQueue.take(LinkedBlockingQueue.java:442)
	at java.util.concurrent.ThreadPoolExecutor.getTask(ThreadPoolExecutor.java:1067)
	at java.util.concurrent.ThreadPoolExecutor.runWorker(ThreadPoolExecutor.java:1127)
	at java.util.concurrent.ThreadPoolExecutor$Worker.run(ThreadPoolExecutor.java:617)
	at java.lang.Thread.run(Thread.java:745)
Thread QuorumConnectionThread-[myid=2]-2
	at sun.misc.Unsafe.park(Native Method)
	at java.util.concurrent.locks.LockSupport.parkNanos(LockSupport.java:215)
	at java.util.concurrent.SynchronousQueue$TransferStack.awaitFulfill(SynchronousQueue.java:460)
	at java.util.concurrent.SynchronousQueue$TransferStack.transfer(SynchronousQueue.java:362)
	at java.util.concurrent.SynchronousQueue.poll(SynchronousQueue.java:941)
	at java.util.concurrent.ThreadPoolExecutor.getTask(ThreadPoolExecutor.java:1066)
	at java.util.concurrent.ThreadPoolExecutor.runWorker(ThreadPoolExecutor.java:1127)
	at java.util.concurrent.ThreadPoolExecutor$Worker.run(ThreadPoolExecutor.java:617)
	at java.lang.Thread.run(Thread.java:745)
Thread NIOWorkerThread-9
	at sun.misc.Unsafe.park(Native Method)
	at java.util.concurrent.locks.LockSupport.park(LockSupport.java:175)
	at java.util.concurrent.locks.AbstractQueuedSynchronizer$ConditionObject.await(AbstractQueuedSynchronizer.java:2039)
	at java.util.concurrent.LinkedBlockingQueue.take(LinkedBlockingQueue.java:442)
	at java.util.concurrent.ThreadPoolExecutor.getTask(ThreadPoolExecutor.java:1067)
	at java.util.concurrent.ThreadPoolExecutor.runWorker(ThreadPoolExecutor.java:1127)
	at java.util.concurrent.ThreadPoolExecutor$Worker.run(ThreadPoolExecutor.java:617)
	at java.lang.Thread.run(Thread.java:745)
Thread surefire-forkedjvm-command-thread
	at java.io.FileInputStream.readBytes(Native Method)
	at java.io.FileInputStream.read(FileInputStream.java:246)
	at java.io.BufferedInputStream.fill(BufferedInputStream.java:246)
	at java.io.BufferedInputStream.read(BufferedInputStream.java:265)
	at java.io.DataInputStream.readInt(DataInputStream.java:387)
	at org.apache.maven.surefire.booter.MasterProcessCommand.decode(MasterProcessCommand.java:115)
	at org.apache.maven.surefire.booter.CommandReader$CommandRunnable.run(CommandReader.java:391)
	at java.lang.Thread.run(Thread.java:745)
Thread SyncThread:0
	at sun.misc.Unsafe.park(Native Method)
	at java.util.concurrent.locks.LockSupport.park(LockSupport.java:175)
	at java.util.concurrent.locks.AbstractQueuedSynchronizer$ConditionObject.await(AbstractQueuedSynchronizer.java:2039)
	at java.util.concurrent.LinkedBlockingQueue.take(LinkedBlockingQueue.java:442)
	at org.apache.zookeeper.server.SyncRequestProcessor.run(SyncRequestProcessor.java:170)
Thread NIOWorkerThread-12
	at sun.misc.Unsafe.park(Native Method)
	at java.util.concurrent.locks.LockSupport.park(LockSupport.java:175)
	at java.util.concurrent.locks.AbstractQueuedSynchronizer$ConditionObject.await(AbstractQueuedSynchronizer.java:2039)
	at java.util.concurrent.LinkedBlockingQueue.take(LinkedBlockingQueue.java:442)
	at java.util.concurrent.ThreadPoolExecutor.getTask(ThreadPoolExecutor.java:1067)
	at java.util.concurrent.ThreadPoolExecutor.runWorker(ThreadPoolExecutor.java:1127)
	at java.util.concurrent.ThreadPoolExecutor$Worker.run(ThreadPoolExecutor.java:617)
	at java.lang.Thread.run(Thread.java:745)
Thread NIOWorkerThread-6
	at sun.misc.Unsafe.park(Native Method)
	at java.util.concurrent.locks.LockSupport.park(LockSupport.java:175)
	at java.util.concurrent.locks.AbstractQueuedSynchronizer$ConditionObject.await(AbstractQueuedSynchronizer.java:2039)
	at java.util.concurrent.LinkedBlockingQueue.take(LinkedBlockingQueue.java:442)
	at java.util.concurrent.ThreadPoolExecutor.getTask(ThreadPoolExecutor.java:1067)
	at java.util.concurrent.ThreadPoolExecutor.runWorker(ThreadPoolExecutor.java:1127)
	at java.util.concurrent.ThreadPoolExecutor$Worker.run(ThreadPoolExecutor.java:617)
	at java.lang.Thread.run(Thread.java:745)
Thread main-SendThread(127.0.0.1:27407)
	at sun.nio.ch.WindowsSelectorImpl$SubSelector.poll0(Native Method)
	at sun.nio.ch.WindowsSelectorImpl$SubSelector.poll(WindowsSelectorImpl.java:296)
	at sun.nio.ch.WindowsSelectorImpl$SubSelector.access$400(WindowsSelectorImpl.java:278)
	at sun.nio.ch.WindowsSelectorImpl.doSelect(WindowsSelectorImpl.java:159)
	at sun.nio.ch.SelectorImpl.lockAndDoSelect(SelectorImpl.java:86)
	at sun.nio.ch.SelectorImpl.select(SelectorImpl.java:97)
	at org.apache.zookeeper.ClientCnxnSocketNIO.doTransport(ClientCnxnSocketNIO.java:332)
	at org.apache.zookeeper.ClientCnxn$SendThread.run(ClientCnxn.java:1280)
Thread ListenerHandler-/127.0.0.1:27382
	at sun.misc.Unsafe.park(Native Method)
	at java.util.concurrent.locks.LockSupport.park(LockSupport.java:175)
	at java.util.concurrent.locks.AbstractQueuedSynchronizer$ConditionObject.await(AbstractQueuedSynchronizer.java:2039)
	at java.util.concurrent.LinkedBlockingQueue.take(LinkedBlockingQueue.java:442)
	at java.util.concurrent.ThreadPoolExecutor.getTask(ThreadPoolExecutor.java:1067)
	at java.util.concurrent.ThreadPoolExecutor.runWorker(ThreadPoolExecutor.java:1127)
	at java.util.concurrent.ThreadPoolExecutor$Worker.run(ThreadPoolExecutor.java:617)
	at java.lang.Thread.run(Thread.java:745)
Thread NIOWorkerThread-1
	at sun.misc.Unsafe.park(Native Method)
	at java.util.concurrent.locks.LockSupport.park(LockSupport.java:175)
	at java.util.concurrent.locks.AbstractQueuedSynchronizer$ConditionObject.await(AbstractQueuedSynchronizer.java:2039)
	at java.util.concurrent.LinkedBlockingQueue.take(LinkedBlockingQueue.java:442)
	at java.util.concurrent.ThreadPoolExecutor.getTask(ThreadPoolExecutor.java:1067)
	at java.util.concurrent.ThreadPoolExecutor.runWorker(ThreadPoolExecutor.java:1127)
	at java.util.concurrent.ThreadPoolExecutor$Worker.run(ThreadPoolExecutor.java:617)
	at java.lang.Thread.run(Thread.java:745)
Thread main-EventThread
	at sun.misc.Unsafe.park(Native Method)
	at java.util.concurrent.locks.LockSupport.park(LockSupport.java:175)
	at java.util.concurrent.locks.AbstractQueuedSynchronizer$ConditionObject.await(AbstractQueuedSynchronizer.java:2039)
	at java.util.concurrent.LinkedBlockingQueue.take(LinkedBlockingQueue.java:442)
	at org.apache.zookeeper.ClientCnxn$EventThread.run(ClientCnxn.java:551)
Ending logAllStackTraces()

2021-11-08 11:11:42,834 [myid:] - INFO  [main:QuorumBase@422] - Shutting down quorum peer QuorumPeer[myid=0](plain=[0:0:0:0:0:0:0:0]:27412)(secure=disabled)
2021-11-08 11:11:42,836 [myid:0] - INFO  [ConnnectionExpirer:NIOServerCnxnFactory$ConnectionExpirerThread@564] - ConnnectionExpirerThread interrupted
2021-11-08 11:11:42,836 [myid:0] - INFO  [NIOServerCxnFactory.AcceptThread:/0.0.0.0:27412:NIOServerCnxnFactory$AcceptThread@195] - accept thread exitted run method
2021-11-08 11:11:42,836 [myid:0] - INFO  [NIOServerCxnFactory.SelectorThread-0:NIOServerCnxnFactory$SelectorThread@397] - selector thread exitted run method
2021-11-08 11:11:42,837 [myid:0] - INFO  [QuorumPeerListener:QuorumCnxManager$Listener@980] - Leaving listener
2021-11-08 11:11:42,837 [myid:0] - WARN  [QuorumPeer[myid=0](plain=[0:0:0:0:0:0:0:0]:27412)(secure=disabled):QuorumPeer@1486] - Unexpected exception
java.lang.InterruptedException
	at java.util.concurrent.locks.AbstractQueuedSynchronizer$ConditionObject.reportInterruptAfterWait(AbstractQueuedSynchronizer.java:2014)
	at java.util.concurrent.locks.AbstractQueuedSynchronizer$ConditionObject.awaitNanos(AbstractQueuedSynchronizer.java:2088)
	at java.util.concurrent.LinkedBlockingQueue.poll(LinkedBlockingQueue.java:467)
	at org.apache.zookeeper.server.quorum.FastLeaderElection.lookForLeader(FastLeaderElection.java:966)
	at org.apache.zookeeper.server.quorum.QuorumPeer.run(QuorumPeer.java:1484)
2021-11-08 11:11:42,837 [myid:] - INFO  [main:QuorumBase@426] - Shutting down leader election QuorumPeer[myid=0](plain=[0:0:0:0:0:0:0:0]:27412)(secure=disabled)
2021-11-08 11:11:42,838 [myid:] - INFO  [main:QuorumBase@431] - Waiting for QuorumPeer[myid=0](plain=[0:0:0:0:0:0:0:0]:27412)(secure=disabled) to exit thread
2021-11-08 11:11:42,838 [myid:0] - INFO  [QuorumPeer[myid=0](plain=[0:0:0:0:0:0:0:0]:27412)(secure=disabled):QuorumPeer@915] - Peer state changed: looking
2021-11-08 11:11:42,838 [myid:0] - WARN  [QuorumPeer[myid=0](plain=[0:0:0:0:0:0:0:0]:27412)(secure=disabled):QuorumPeer@1545] - QuorumPeer main thread exited
2021-11-08 11:11:42,838 [myid:] - INFO  [main:QuorumBase@422] - Shutting down quorum peer QuorumPeer[myid=1](plain=[0:0:0:0:0:0:0:0]:27417)(secure=disabled)
2021-11-08 11:11:42,838 [myid:1] - INFO  [ConnnectionExpirer:NIOServerCnxnFactory$ConnectionExpirerThread@564] - ConnnectionExpirerThread interrupted
2021-11-08 11:11:42,839 [myid:1] - INFO  [NIOServerCxnFactory.AcceptThread:/0.0.0.0:27417:NIOServerCnxnFactory$AcceptThread@195] - accept thread exitted run method
2021-11-08 11:11:42,839 [myid:1] - INFO  [NIOServerCxnFactory.SelectorThread-0:NIOServerCnxnFactory$SelectorThread@397] - selector thread exitted run method
2021-11-08 11:11:42,839 [myid:1] - WARN  [QuorumPeer[myid=1](plain=[0:0:0:0:0:0:0:0]:27417)(secure=disabled):QuorumPeer@1486] - Unexpected exception
java.lang.InterruptedException
	at java.util.concurrent.locks.AbstractQueuedSynchronizer$ConditionObject.reportInterruptAfterWait(AbstractQueuedSynchronizer.java:2014)
	at java.util.concurrent.locks.AbstractQueuedSynchronizer$ConditionObject.awaitNanos(AbstractQueuedSynchronizer.java:2088)
	at java.util.concurrent.LinkedBlockingQueue.poll(LinkedBlockingQueue.java:467)
	at org.apache.zookeeper.server.quorum.FastLeaderElection.lookForLeader(FastLeaderElection.java:966)
	at org.apache.zookeeper.server.quorum.QuorumPeer.run(QuorumPeer.java:1484)
2021-11-08 11:11:42,839 [myid:1] - INFO  [QuorumPeer[myid=1](plain=[0:0:0:0:0:0:0:0]:27417)(secure=disabled):QuorumPeer@915] - Peer state changed: looking
2021-11-08 11:11:42,839 [myid:1] - INFO  [QuorumPeerListener:QuorumCnxManager$Listener@980] - Leaving listener
2021-11-08 11:11:42,839 [myid:1] - WARN  [QuorumPeer[myid=1](plain=[0:0:0:0:0:0:0:0]:27417)(secure=disabled):QuorumPeer@1545] - QuorumPeer main thread exited
2021-11-08 11:11:42,840 [myid:] - INFO  [main:QuorumBase@426] - Shutting down leader election QuorumPeer[myid=1](plain=[0:0:0:0:0:0:0:0]:27417)(secure=disabled)
2021-11-08 11:11:42,840 [myid:] - INFO  [main:QuorumBase@431] - Waiting for QuorumPeer[myid=1](plain=[0:0:0:0:0:0:0:0]:27417)(secure=disabled) to exit thread
2021-11-08 11:11:42,840 [myid:] - INFO  [main:QuorumBase@422] - Shutting down quorum peer QuorumPeer[myid=2](plain=[0:0:0:0:0:0:0:0]:27422)(secure=disabled)
2021-11-08 11:11:42,840 [myid:2] - INFO  [ConnnectionExpirer:NIOServerCnxnFactory$ConnectionExpirerThread@564] - ConnnectionExpirerThread interrupted
2021-11-08 11:11:42,840 [myid:2] - INFO  [NIOServerCxnFactory.SelectorThread-0:NIOServerCnxnFactory$SelectorThread@397] - selector thread exitted run method
2021-11-08 11:11:42,840 [myid:2] - INFO  [NIOServerCxnFactory.AcceptThread:/0.0.0.0:27422:NIOServerCnxnFactory$AcceptThread@195] - accept thread exitted run method
2021-11-08 11:11:42,841 [myid:2] - INFO  [QuorumPeerListener:QuorumCnxManager$Listener@980] - Leaving listener
2021-11-08 11:11:42,841 [myid:2] - WARN  [QuorumPeer[myid=2](plain=[0:0:0:0:0:0:0:0]:27422)(secure=disabled):QuorumPeer@1486] - Unexpected exception
java.lang.InterruptedException
	at java.util.concurrent.locks.AbstractQueuedSynchronizer$ConditionObject.reportInterruptAfterWait(AbstractQueuedSynchronizer.java:2014)
	at java.util.concurrent.locks.AbstractQueuedSynchronizer$ConditionObject.awaitNanos(AbstractQueuedSynchronizer.java:2088)
	at java.util.concurrent.LinkedBlockingQueue.poll(LinkedBlockingQueue.java:467)
	at org.apache.zookeeper.server.quorum.FastLeaderElection.lookForLeader(FastLeaderElection.java:966)
	at org.apache.zookeeper.server.quorum.QuorumPeer.run(QuorumPeer.java:1484)
2021-11-08 11:11:42,841 [myid:] - INFO  [main:QuorumBase@426] - Shutting down leader election QuorumPeer[myid=2](plain=[0:0:0:0:0:0:0:0]:27422)(secure=disabled)
2021-11-08 11:11:42,842 [myid:] - INFO  [main:QuorumBase@431] - Waiting for QuorumPeer[myid=2](plain=[0:0:0:0:0:0:0:0]:27422)(secure=disabled) to exit thread
2021-11-08 11:11:42,841 [myid:2] - INFO  [QuorumPeer[myid=2](plain=[0:0:0:0:0:0:0:0]:27422)(secure=disabled):QuorumPeer@915] - Peer state changed: looking
2021-11-08 11:11:42,842 [myid:2] - WARN  [QuorumPeer[myid=2](plain=[0:0:0:0:0:0:0:0]:27422)(secure=disabled):QuorumPeer@1545] - QuorumPeer main thread exited
2021-11-08 11:11:42,843 [myid:] - INFO  [main:ZKTestCase@82] - FINISHED Optional[public void org.apache.zookeeper.server.quorum.QuorumPeerMainMultiAddressTest.shouldStartClusterWhenSomeAddressesAreUnreachable_IPv6() throws java.lang.Exception]
]]></system-out>
  </testcase>
  <testcase name="shouldStartClusterWithMultipleAddresses_IPv6" classname="org.apache.zookeeper.server.quorum.QuorumPeerMainMultiAddressTest" time="7.434"/>
  <testcase name="shouldReconfigNonIncrementally" classname="org.apache.zookeeper.server.quorum.QuorumPeerMainMultiAddressTest" time="13.268"/>
  <testcase name="shouldStartClusterWithMultipleAddresses" classname="org.apache.zookeeper.server.quorum.QuorumPeerMainMultiAddressTest" time="9.2"/>
  <testcase name="shouldReconfigIncrementally_IPv6" classname="org.apache.zookeeper.server.quorum.QuorumPeerMainMultiAddressTest" time="10.529"/>
  <testcase name="shouldFailToReconfigWithMultipleAddressesWhenFeatureIsDisabled" classname="org.apache.zookeeper.server.quorum.QuorumPeerMainMultiAddressTest" time="4.258"/>
  <testcase name="shouldReconfigIncrementallyByDeletingSomeAddresses" classname="org.apache.zookeeper.server.quorum.QuorumPeerMainMultiAddressTest" time="15.12"/>
</testsuite>