<?xml version="1.0" encoding="UTF-8"?>
<testsuite xmlns:xsi="http://www.w3.org/2001/XMLSchema-instance" xsi:noNamespaceSchemaLocation="https://maven.apache.org/surefire/maven-surefire-plugin/xsd/surefire-test-report.xsd" name="org.apache.zookeeper.server.quorum.FuzzySnapshotRelatedTest" time="70.874" tests="5" errors="1" skipped="0" failures="0">
  <properties>
    <property name="sun.desktop" value="windows"/>
    <property name="build.test.dir" value="D:\mysoft\faiscoGit\myStudy\ZooKeeperLearning\apache-zookeeper-3.7.0\zookeeper-server\target/surefire"/>
    <property name="awt.toolkit" value="sun.awt.windows.WToolkit"/>
    <property name="file.encoding.pkg" value="sun.io"/>
    <property name="java.specification.version" value="1.8"/>
    <property name="sun.cpu.isalist" value="amd64"/>
    <property name="sun.jnu.encoding" value="GBK"/>
    <property name="java.class.path" value="D:\mysoft\faiscoGit\myStudy\ZooKeeperLearning\apache-zookeeper-3.7.0\zookeeper-server\target\test-classes;D:\mysoft\faiscoGit\myStudy\ZooKeeperLearning\apache-zookeeper-3.7.0\zookeeper-server\target\classes;D:\mysoft\maven\repository\com\github\spotbugs\spotbugs-annotations\4.0.2\spotbugs-annotations-4.0.2.jar;D:\mysoft\maven\repository\com\google\code\findbugs\jsr305\3.0.2\jsr305-3.0.2.jar;D:\mysoft\maven\repository\org\hamcrest\hamcrest-library\2.2\hamcrest-library-2.2.jar;D:\mysoft\maven\repository\org\hamcrest\hamcrest-core\2.2\hamcrest-core-2.2.jar;D:\mysoft\maven\repository\org\hamcrest\hamcrest\2.2\hamcrest-2.2.jar;D:\mysoft\maven\repository\org\apache\commons\commons-collections4\4.4\commons-collections4-4.4.jar;D:\mysoft\maven\repository\org\apache\zookeeper\zookeeper-jute\3.7.0\zookeeper-jute-3.7.0.jar;D:\mysoft\maven\repository\commons-cli\commons-cli\1.4\commons-cli-1.4.jar;D:\mysoft\maven\repository\org\apache\yetus\audience-annotations\0.12.0\audience-annotations-0.12.0.jar;D:\mysoft\maven\repository\io\netty\netty-handler\4.1.59.Final\netty-handler-4.1.59.Final.jar;D:\mysoft\maven\repository\io\netty\netty-common\4.1.59.Final\netty-common-4.1.59.Final.jar;D:\mysoft\maven\repository\io\netty\netty-resolver\4.1.59.Final\netty-resolver-4.1.59.Final.jar;D:\mysoft\maven\repository\io\netty\netty-buffer\4.1.59.Final\netty-buffer-4.1.59.Final.jar;D:\mysoft\maven\repository\io\netty\netty-transport\4.1.59.Final\netty-transport-4.1.59.Final.jar;D:\mysoft\maven\repository\io\netty\netty-codec\4.1.59.Final\netty-codec-4.1.59.Final.jar;D:\mysoft\maven\repository\io\netty\netty-transport-native-epoll\4.1.59.Final\netty-transport-native-epoll-4.1.59.Final.jar;D:\mysoft\maven\repository\io\netty\netty-transport-native-unix-common\4.1.59.Final\netty-transport-native-unix-common-4.1.59.Final.jar;D:\mysoft\maven\repository\org\slf4j\slf4j-api\1.7.30\slf4j-api-1.7.30.jar;D:\mysoft\maven\repository\org\slf4j\slf4j-log4j12\1.7.30\slf4j-log4j12-1.7.30.jar;D:\mysoft\maven\repository\org\eclipse\jetty\jetty-server\9.4.38.v20210224\jetty-server-9.4.38.v20210224.jar;D:\mysoft\maven\repository\javax\servlet\javax.servlet-api\3.1.0\javax.servlet-api-3.1.0.jar;D:\mysoft\maven\repository\org\eclipse\jetty\jetty-http\9.4.38.v20210224\jetty-http-9.4.38.v20210224.jar;D:\mysoft\maven\repository\org\eclipse\jetty\jetty-util\9.4.38.v20210224\jetty-util-9.4.38.v20210224.jar;D:\mysoft\maven\repository\org\eclipse\jetty\jetty-io\9.4.38.v20210224\jetty-io-9.4.38.v20210224.jar;D:\mysoft\maven\repository\org\eclipse\jetty\jetty-servlet\9.4.38.v20210224\jetty-servlet-9.4.38.v20210224.jar;D:\mysoft\maven\repository\org\eclipse\jetty\jetty-security\9.4.38.v20210224\jetty-security-9.4.38.v20210224.jar;D:\mysoft\maven\repository\org\eclipse\jetty\jetty-util-ajax\9.4.38.v20210224\jetty-util-ajax-9.4.38.v20210224.jar;D:\mysoft\maven\repository\org\eclipse\jetty\jetty-client\9.4.38.v20210224\jetty-client-9.4.38.v20210224.jar;D:\mysoft\maven\repository\com\fasterxml\jackson\core\jackson-databind\2.10.5.1\jackson-databind-2.10.5.1.jar;D:\mysoft\maven\repository\com\fasterxml\jackson\core\jackson-annotations\2.10.5\jackson-annotations-2.10.5.jar;D:\mysoft\maven\repository\com\fasterxml\jackson\core\jackson-core\2.10.5\jackson-core-2.10.5.jar;D:\mysoft\maven\repository\org\bouncycastle\bcprov-jdk15on\1.60\bcprov-jdk15on-1.60.jar;D:\mysoft\maven\repository\org\bouncycastle\bcpkix-jdk15on\1.60\bcpkix-jdk15on-1.60.jar;D:\mysoft\maven\repository\jline\jline\2.14.6\jline-2.14.6.jar;D:\mysoft\maven\repository\io\dropwizard\metrics\metrics-core\4.1.12.1\metrics-core-4.1.12.1.jar;D:\mysoft\maven\repository\log4j\log4j\1.2.17\log4j-1.2.17.jar;D:\mysoft\maven\repository\org\apache\kerby\kerb-core\2.0.0\kerb-core-2.0.0.jar;D:\mysoft\maven\repository\org\apache\kerby\kerby-pkix\2.0.0\kerby-pkix-2.0.0.jar;D:\mysoft\maven\repository\org\apache\kerby\kerby-asn1\2.0.0\kerby-asn1-2.0.0.jar;D:\mysoft\maven\repository\org\apache\kerby\kerby-util\2.0.0\kerby-util-2.0.0.jar;D:\mysoft\maven\repository\org\apache\kerby\kerb-simplekdc\2.0.0\kerb-simplekdc-2.0.0.jar;D:\mysoft\maven\repository\org\apache\kerby\kerb-client\2.0.0\kerb-client-2.0.0.jar;D:\mysoft\maven\repository\org\apache\kerby\kerb-common\2.0.0\kerb-common-2.0.0.jar;D:\mysoft\maven\repository\org\apache\kerby\kerb-crypto\2.0.0\kerb-crypto-2.0.0.jar;D:\mysoft\maven\repository\commons-io\commons-io\2.6\commons-io-2.6.jar;D:\mysoft\maven\repository\org\apache\kerby\kerb-util\2.0.0\kerb-util-2.0.0.jar;D:\mysoft\maven\repository\org\apache\kerby\token-provider\2.0.0\token-provider-2.0.0.jar;D:\mysoft\maven\repository\com\nimbusds\nimbus-jose-jwt\4.41.2\nimbus-jose-jwt-4.41.2.jar;D:\mysoft\maven\repository\com\github\stephenc\jcip\jcip-annotations\1.0-1\jcip-annotations-1.0-1.jar;D:\mysoft\maven\repository\net\minidev\json-smart\2.3\json-smart-2.3.jar;D:\mysoft\maven\repository\net\minidev\accessors-smart\1.2\accessors-smart-1.2.jar;D:\mysoft\maven\repository\org\ow2\asm\asm\5.0.4\asm-5.0.4.jar;D:\mysoft\maven\repository\org\apache\kerby\kerb-admin\2.0.0\kerb-admin-2.0.0.jar;D:\mysoft\maven\repository\org\apache\kerby\kerb-server\2.0.0\kerb-server-2.0.0.jar;D:\mysoft\maven\repository\org\apache\kerby\kerb-identity\2.0.0\kerb-identity-2.0.0.jar;D:\mysoft\maven\repository\org\apache\kerby\kerby-xdr\2.0.0\kerby-xdr-2.0.0.jar;D:\mysoft\maven\repository\org\apache\kerby\kerby-config\2.0.0\kerby-config-2.0.0.jar;D:\mysoft\maven\repository\org\mockito\mockito-core\3.6.28\mockito-core-3.6.28.jar;D:\mysoft\maven\repository\net\bytebuddy\byte-buddy\1.10.18\byte-buddy-1.10.18.jar;D:\mysoft\maven\repository\net\bytebuddy\byte-buddy-agent\1.10.18\byte-buddy-agent-1.10.18.jar;D:\mysoft\maven\repository\org\objenesis\objenesis\3.1\objenesis-3.1.jar;D:\mysoft\maven\repository\org\jmockit\jmockit\1.48\jmockit-1.48.jar;D:\mysoft\maven\repository\org\junit\jupiter\junit-jupiter-api\5.6.2\junit-jupiter-api-5.6.2.jar;D:\mysoft\maven\repository\org\apiguardian\apiguardian-api\1.1.0\apiguardian-api-1.1.0.jar;D:\mysoft\maven\repository\org\opentest4j\opentest4j\1.2.0\opentest4j-1.2.0.jar;D:\mysoft\maven\repository\org\junit\platform\junit-platform-commons\1.6.2\junit-platform-commons-1.6.2.jar;D:\mysoft\maven\repository\org\junit\jupiter\junit-jupiter-engine\5.6.2\junit-jupiter-engine-5.6.2.jar;D:\mysoft\maven\repository\org\junit\platform\junit-platform-engine\1.6.2\junit-platform-engine-1.6.2.jar;D:\mysoft\maven\repository\org\junit\jupiter\junit-jupiter-params\5.6.2\junit-jupiter-params-5.6.2.jar;D:\mysoft\maven\repository\org\junit\platform\junit-platform-runner\1.6.2\junit-platform-runner-1.6.2.jar;D:\mysoft\maven\repository\junit\junit\4.13\junit-4.13.jar;D:\mysoft\maven\repository\org\junit\platform\junit-platform-launcher\1.6.2\junit-platform-launcher-1.6.2.jar;D:\mysoft\maven\repository\org\junit\platform\junit-platform-suite-api\1.6.2\junit-platform-suite-api-1.6.2.jar;D:\mysoft\maven\repository\org\xerial\snappy\snappy-java\1.1.7.7\snappy-java-1.1.7.7.jar;"/>
    <property name="java.vm.vendor" value="Oracle Corporation"/>
    <property name="sun.arch.data.model" value="64"/>
    <property name="user.variant" value=""/>
    <property name="java.vendor.url" value="http://java.oracle.com/"/>
    <property name="user.timezone" value="Asia/Shanghai"/>
    <property name="java.vm.specification.version" value="1.8"/>
    <property name="os.name" value="Windows 8.1"/>
    <property name="user.country" value="CN"/>
    <property name="sun.java.launcher" value="SUN_STANDARD"/>
    <property name="sun.boot.library.path" value="C:\Program Files\Java\jdk1.8.0_31\jre\bin"/>
    <property name="sun.java.command" value="C:\Users\faisco\AppData\Local\Temp\surefire7017171567299321585\surefirebooter1211533847276103246.jar C:\Users\faisco\AppData\Local\Temp\surefire7017171567299321585 2021-11-08T11-05-05_200-jvmRun4 surefire6463782285911587763tmp surefire_952624606256703135680tmp"/>
    <property name="surefire.test.class.path" value="D:\mysoft\faiscoGit\myStudy\ZooKeeperLearning\apache-zookeeper-3.7.0\zookeeper-server\target\test-classes;D:\mysoft\faiscoGit\myStudy\ZooKeeperLearning\apache-zookeeper-3.7.0\zookeeper-server\target\classes;D:\mysoft\maven\repository\com\github\spotbugs\spotbugs-annotations\4.0.2\spotbugs-annotations-4.0.2.jar;D:\mysoft\maven\repository\com\google\code\findbugs\jsr305\3.0.2\jsr305-3.0.2.jar;D:\mysoft\maven\repository\org\hamcrest\hamcrest-library\2.2\hamcrest-library-2.2.jar;D:\mysoft\maven\repository\org\hamcrest\hamcrest-core\2.2\hamcrest-core-2.2.jar;D:\mysoft\maven\repository\org\hamcrest\hamcrest\2.2\hamcrest-2.2.jar;D:\mysoft\maven\repository\org\apache\commons\commons-collections4\4.4\commons-collections4-4.4.jar;D:\mysoft\maven\repository\org\apache\zookeeper\zookeeper-jute\3.7.0\zookeeper-jute-3.7.0.jar;D:\mysoft\maven\repository\commons-cli\commons-cli\1.4\commons-cli-1.4.jar;D:\mysoft\maven\repository\org\apache\yetus\audience-annotations\0.12.0\audience-annotations-0.12.0.jar;D:\mysoft\maven\repository\io\netty\netty-handler\4.1.59.Final\netty-handler-4.1.59.Final.jar;D:\mysoft\maven\repository\io\netty\netty-common\4.1.59.Final\netty-common-4.1.59.Final.jar;D:\mysoft\maven\repository\io\netty\netty-resolver\4.1.59.Final\netty-resolver-4.1.59.Final.jar;D:\mysoft\maven\repository\io\netty\netty-buffer\4.1.59.Final\netty-buffer-4.1.59.Final.jar;D:\mysoft\maven\repository\io\netty\netty-transport\4.1.59.Final\netty-transport-4.1.59.Final.jar;D:\mysoft\maven\repository\io\netty\netty-codec\4.1.59.Final\netty-codec-4.1.59.Final.jar;D:\mysoft\maven\repository\io\netty\netty-transport-native-epoll\4.1.59.Final\netty-transport-native-epoll-4.1.59.Final.jar;D:\mysoft\maven\repository\io\netty\netty-transport-native-unix-common\4.1.59.Final\netty-transport-native-unix-common-4.1.59.Final.jar;D:\mysoft\maven\repository\org\slf4j\slf4j-api\1.7.30\slf4j-api-1.7.30.jar;D:\mysoft\maven\repository\org\slf4j\slf4j-log4j12\1.7.30\slf4j-log4j12-1.7.30.jar;D:\mysoft\maven\repository\org\eclipse\jetty\jetty-server\9.4.38.v20210224\jetty-server-9.4.38.v20210224.jar;D:\mysoft\maven\repository\javax\servlet\javax.servlet-api\3.1.0\javax.servlet-api-3.1.0.jar;D:\mysoft\maven\repository\org\eclipse\jetty\jetty-http\9.4.38.v20210224\jetty-http-9.4.38.v20210224.jar;D:\mysoft\maven\repository\org\eclipse\jetty\jetty-util\9.4.38.v20210224\jetty-util-9.4.38.v20210224.jar;D:\mysoft\maven\repository\org\eclipse\jetty\jetty-io\9.4.38.v20210224\jetty-io-9.4.38.v20210224.jar;D:\mysoft\maven\repository\org\eclipse\jetty\jetty-servlet\9.4.38.v20210224\jetty-servlet-9.4.38.v20210224.jar;D:\mysoft\maven\repository\org\eclipse\jetty\jetty-security\9.4.38.v20210224\jetty-security-9.4.38.v20210224.jar;D:\mysoft\maven\repository\org\eclipse\jetty\jetty-util-ajax\9.4.38.v20210224\jetty-util-ajax-9.4.38.v20210224.jar;D:\mysoft\maven\repository\org\eclipse\jetty\jetty-client\9.4.38.v20210224\jetty-client-9.4.38.v20210224.jar;D:\mysoft\maven\repository\com\fasterxml\jackson\core\jackson-databind\2.10.5.1\jackson-databind-2.10.5.1.jar;D:\mysoft\maven\repository\com\fasterxml\jackson\core\jackson-annotations\2.10.5\jackson-annotations-2.10.5.jar;D:\mysoft\maven\repository\com\fasterxml\jackson\core\jackson-core\2.10.5\jackson-core-2.10.5.jar;D:\mysoft\maven\repository\org\bouncycastle\bcprov-jdk15on\1.60\bcprov-jdk15on-1.60.jar;D:\mysoft\maven\repository\org\bouncycastle\bcpkix-jdk15on\1.60\bcpkix-jdk15on-1.60.jar;D:\mysoft\maven\repository\jline\jline\2.14.6\jline-2.14.6.jar;D:\mysoft\maven\repository\io\dropwizard\metrics\metrics-core\4.1.12.1\metrics-core-4.1.12.1.jar;D:\mysoft\maven\repository\log4j\log4j\1.2.17\log4j-1.2.17.jar;D:\mysoft\maven\repository\org\apache\kerby\kerb-core\2.0.0\kerb-core-2.0.0.jar;D:\mysoft\maven\repository\org\apache\kerby\kerby-pkix\2.0.0\kerby-pkix-2.0.0.jar;D:\mysoft\maven\repository\org\apache\kerby\kerby-asn1\2.0.0\kerby-asn1-2.0.0.jar;D:\mysoft\maven\repository\org\apache\kerby\kerby-util\2.0.0\kerby-util-2.0.0.jar;D:\mysoft\maven\repository\org\apache\kerby\kerb-simplekdc\2.0.0\kerb-simplekdc-2.0.0.jar;D:\mysoft\maven\repository\org\apache\kerby\kerb-client\2.0.0\kerb-client-2.0.0.jar;D:\mysoft\maven\repository\org\apache\kerby\kerb-common\2.0.0\kerb-common-2.0.0.jar;D:\mysoft\maven\repository\org\apache\kerby\kerb-crypto\2.0.0\kerb-crypto-2.0.0.jar;D:\mysoft\maven\repository\commons-io\commons-io\2.6\commons-io-2.6.jar;D:\mysoft\maven\repository\org\apache\kerby\kerb-util\2.0.0\kerb-util-2.0.0.jar;D:\mysoft\maven\repository\org\apache\kerby\token-provider\2.0.0\token-provider-2.0.0.jar;D:\mysoft\maven\repository\com\nimbusds\nimbus-jose-jwt\4.41.2\nimbus-jose-jwt-4.41.2.jar;D:\mysoft\maven\repository\com\github\stephenc\jcip\jcip-annotations\1.0-1\jcip-annotations-1.0-1.jar;D:\mysoft\maven\repository\net\minidev\json-smart\2.3\json-smart-2.3.jar;D:\mysoft\maven\repository\net\minidev\accessors-smart\1.2\accessors-smart-1.2.jar;D:\mysoft\maven\repository\org\ow2\asm\asm\5.0.4\asm-5.0.4.jar;D:\mysoft\maven\repository\org\apache\kerby\kerb-admin\2.0.0\kerb-admin-2.0.0.jar;D:\mysoft\maven\repository\org\apache\kerby\kerb-server\2.0.0\kerb-server-2.0.0.jar;D:\mysoft\maven\repository\org\apache\kerby\kerb-identity\2.0.0\kerb-identity-2.0.0.jar;D:\mysoft\maven\repository\org\apache\kerby\kerby-xdr\2.0.0\kerby-xdr-2.0.0.jar;D:\mysoft\maven\repository\org\apache\kerby\kerby-config\2.0.0\kerby-config-2.0.0.jar;D:\mysoft\maven\repository\org\mockito\mockito-core\3.6.28\mockito-core-3.6.28.jar;D:\mysoft\maven\repository\net\bytebuddy\byte-buddy\1.10.18\byte-buddy-1.10.18.jar;D:\mysoft\maven\repository\net\bytebuddy\byte-buddy-agent\1.10.18\byte-buddy-agent-1.10.18.jar;D:\mysoft\maven\repository\org\objenesis\objenesis\3.1\objenesis-3.1.jar;D:\mysoft\maven\repository\org\jmockit\jmockit\1.48\jmockit-1.48.jar;D:\mysoft\maven\repository\org\junit\jupiter\junit-jupiter-api\5.6.2\junit-jupiter-api-5.6.2.jar;D:\mysoft\maven\repository\org\apiguardian\apiguardian-api\1.1.0\apiguardian-api-1.1.0.jar;D:\mysoft\maven\repository\org\opentest4j\opentest4j\1.2.0\opentest4j-1.2.0.jar;D:\mysoft\maven\repository\org\junit\platform\junit-platform-commons\1.6.2\junit-platform-commons-1.6.2.jar;D:\mysoft\maven\repository\org\junit\jupiter\junit-jupiter-engine\5.6.2\junit-jupiter-engine-5.6.2.jar;D:\mysoft\maven\repository\org\junit\platform\junit-platform-engine\1.6.2\junit-platform-engine-1.6.2.jar;D:\mysoft\maven\repository\org\junit\jupiter\junit-jupiter-params\5.6.2\junit-jupiter-params-5.6.2.jar;D:\mysoft\maven\repository\org\junit\platform\junit-platform-runner\1.6.2\junit-platform-runner-1.6.2.jar;D:\mysoft\maven\repository\junit\junit\4.13\junit-4.13.jar;D:\mysoft\maven\repository\org\junit\platform\junit-platform-launcher\1.6.2\junit-platform-launcher-1.6.2.jar;D:\mysoft\maven\repository\org\junit\platform\junit-platform-suite-api\1.6.2\junit-platform-suite-api-1.6.2.jar;D:\mysoft\maven\repository\org\xerial\snappy\snappy-java\1.1.7.7\snappy-java-1.1.7.7.jar;"/>
    <property name="sun.cpu.endian" value="little"/>
    <property name="user.home" value="C:\Users\faisco"/>
    <property name="user.language" value="zh"/>
    <property name="java.specification.vendor" value="Oracle Corporation"/>
    <property name="java.home" value="C:\Program Files\Java\jdk1.8.0_31\jre"/>
    <property name="zookeeper.DigestAuthenticationProvider.superDigest" value="super:D/InIHSb7yEEbrWz8b9l71RjZJU="/>
    <property name="basedir" value="D:\mysoft\faiscoGit\myStudy\ZooKeeperLearning\apache-zookeeper-3.7.0\zookeeper-server"/>
    <property name="file.separator" value="\"/>
    <property name="line.separator" value="&#10;"/>
    <property name="java.vm.specification.vendor" value="Oracle Corporation"/>
    <property name="java.specification.name" value="Java Platform API Specification"/>
    <property name="java.awt.graphicsenv" value="sun.awt.Win32GraphicsEnvironment"/>
    <property name="test.junit.threads" value="8"/>
    <property name="surefire.real.class.path" value="C:\Users\faisco\AppData\Local\Temp\surefire7017171567299321585\surefirebooter1211533847276103246.jar;D:\mysoft\maven\repository\org\jmockit\jmockit\1.48\jmockit-1.48.jar"/>
    <property name="zookeeper.junit.threadid" value="4"/>
    <property name="sun.boot.class.path" value="C:\Program Files\Java\jdk1.8.0_31\jre\lib\resources.jar;C:\Program Files\Java\jdk1.8.0_31\jre\lib\rt.jar;C:\Program Files\Java\jdk1.8.0_31\jre\lib\sunrsasign.jar;C:\Program Files\Java\jdk1.8.0_31\jre\lib\jsse.jar;C:\Program Files\Java\jdk1.8.0_31\jre\lib\jce.jar;C:\Program Files\Java\jdk1.8.0_31\jre\lib\charsets.jar;C:\Program Files\Java\jdk1.8.0_31\jre\lib\jfr.jar;C:\Program Files\Java\jdk1.8.0_31\jre\classes"/>
    <property name="user.script" value=""/>
    <property name="sun.management.compiler" value="HotSpot 64-Bit Tiered Compilers"/>
    <property name="java.runtime.version" value="1.8.0_31-b13"/>
    <property name="user.name" value="faisco"/>
    <property name="path.separator" value=";"/>
    <property name="os.version" value="6.3"/>
    <property name="java.endorsed.dirs" value="C:\Program Files\Java\jdk1.8.0_31\jre\lib\endorsed"/>
    <property name="java.runtime.name" value="Java(TM) SE Runtime Environment"/>
    <property name="file.encoding" value="GBK"/>
    <property name="java.vm.name" value="Java HotSpot(TM) 64-Bit Server VM"/>
    <property name="idea.version2020.1" value="true"/>
    <property name="localRepository" value="D:\mysoft\maven\repository"/>
    <property name="java.vendor.url.bug" value="http://bugreport.sun.com/bugreport/"/>
    <property name="java.io.tmpdir" value="C:\Users\faisco\AppData\Local\Temp\"/>
    <property name="java.version" value="1.8.0_31"/>
    <property name="user.dir" value="D:\mysoft\faiscoGit\myStudy\ZooKeeperLearning\apache-zookeeper-3.7.0\zookeeper-server"/>
    <property name="os.arch" value="amd64"/>
    <property name="java.vm.specification.name" value="Java Virtual Machine Specification"/>
    <property name="java.awt.printerjob" value="sun.awt.windows.WPrinterJob"/>
    <property name="sun.os.patch.level" value=""/>
    <property name="java.library.path" value="C:\Program Files\Java\jdk1.8.0_31\jre\bin;C:\WINDOWS\Sun\Java\bin;C:\WINDOWS\system32;C:\WINDOWS;C:\Program Files\Java\jdk1.8.0_31\jre\bin;C:\Python39\Scripts\;C:\Python39\;C:\Python27\;C:\Python27\Scripts;C:\Program Files (x86)\Intel\Intel(R) Management Engine Components\iCLS\;C:\Program Files\Intel\Intel(R) Management Engine Components\iCLS\;C:\WINDOWS\system32;C:\WINDOWS;C:\WINDOWS\System32\Wbem;C:\WINDOWS\System32\WindowsPowerShell\v1.0\;C:\WINDOWS\System32\OpenSSH\;C:\Program Files (x86)\Intel\Intel(R) Management Engine Components\DAL;C:\Program Files\Intel\Intel(R) Management Engine Components\DAL;C:\Program Files\TortoiseSVN\bin;C:\Program Files\Java\jdk1.8.0_31\bin;D:\soft\Git\cmd;D:\mysoft\maven\apache-maven-3.6.1\bin;C:\ProgramData\chocolatey\bin;C:\Program Files\nodejs\;D:\mysoft\gradle-7.0\bin;C:\ProgramData\Oracle\Java\javapath;C:\Program Files\OpenVPN\bin;C:\Users\faisco\AppData\Local\Microsoft\WindowsApps;;D:\soft\Microsoft VS Code\bin;D:\soft\PyCharm Community Edition 2019.1.3\bin;;D:\soft\PyCharm 2019.2.3\bin;;C:\Users\faisco\AppData\Local\Microsoft\WindowsApps;C:\Program Files\JetBrains\IntelliJ IDEA 2020.1\bin;;C:\Program Files\JetBrains\IntelliJ IDEA Community Edition 2020.1.3\bin;;C:\Users\faisco\AppData\Roaming\npm;."/>
    <property name="junit.jupiter.extensions.autodetection.enabled" value="true"/>
    <property name="java.vm.info" value="mixed mode"/>
    <property name="java.vendor" value="Oracle Corporation"/>
    <property name="java.vm.version" value="25.31-b07"/>
    <property name="java.ext.dirs" value="C:\Program Files\Java\jdk1.8.0_31\jre\lib\ext;C:\WINDOWS\Sun\Java\lib\ext"/>
    <property name="sun.io.unicode.encoding" value="UnicodeLittle"/>
    <property name="java.class.version" value="52.0"/>
  </properties>
  <testcase name="testGlobalSessionConsistency" classname="org.apache.zookeeper.server.quorum.FuzzySnapshotRelatedTest" time="28.428"/>
  <testcase name="testPZxidUpdatedWhenLoadingSnapshot" classname="org.apache.zookeeper.server.quorum.FuzzySnapshotRelatedTest" time="10.964"/>
  <testcase name="testPZxidUpdatedDuringSnapSyncing" classname="org.apache.zookeeper.server.quorum.FuzzySnapshotRelatedTest" time="12.346"/>
  <testcase name="testMultiOpConsistency" classname="org.apache.zookeeper.server.quorum.FuzzySnapshotRelatedTest" time="11.696"/>
  <testcase name="testMultiOpDigestConsistentDuringSnapshot" classname="org.apache.zookeeper.server.quorum.FuzzySnapshotRelatedTest" time="7.333">
    <error message="org/apache/zookeeper/server/quorum/FuzzySnapshotRelatedTest$3" type="java.lang.NoClassDefFoundError">java.lang.NoClassDefFoundError: org/apache/zookeeper/server/quorum/FuzzySnapshotRelatedTest$3
	at org.apache.zookeeper.server.quorum.FuzzySnapshotRelatedTest.testMultiOpDigestConsistentDuringSnapshot(FuzzySnapshotRelatedTest.java:260)
Caused by: java.lang.ClassNotFoundException: org.apache.zookeeper.server.quorum.FuzzySnapshotRelatedTest$3
	at java.net.URLClassLoader$1.run(URLClassLoader.java:372)
	at java.net.URLClassLoader$1.run(URLClassLoader.java:361)
	at java.security.AccessController.doPrivileged(Native Method)
	at java.net.URLClassLoader.findClass(URLClassLoader.java:360)
	at java.lang.ClassLoader.loadClass(ClassLoader.java:424)
	at java.lang.ClassLoader.loadClass(ClassLoader.java:357)
	... 1 more
</error>
    <system-out><![CDATA[2021-11-08 11:10:47,282 [myid:] - INFO  [main-EventThread:ClientCnxn$EventThread@570] - EventThread shut down for session: 0x2005806e2680000
2021-11-08 11:10:47,283 [myid:] - INFO  [main:ZKTestCase@77] - STARTING Optional[public void org.apache.zookeeper.server.quorum.FuzzySnapshotRelatedTest.testMultiOpDigestConsistentDuringSnapshot() throws java.lang.Exception]
2021-11-08 11:10:47,283 [myid:] - INFO  [main:ZooKeeperServer@2141] - zookeeper.digest.enabled = true
2021-11-08 11:10:47,283 [myid:] - INFO  [main:FuzzySnapshotRelatedTest@77] - Start up a 3 server quorum
2021-11-08 11:10:47,283 [myid:] - INFO  [main:PortAssignment@87] - Assigned port 19337 from range 19300 - 21992.
2021-11-08 11:10:47,284 [myid:] - INFO  [main:PortAssignment@87] - Assigned port 19338 from range 19300 - 21992.
2021-11-08 11:10:47,284 [myid:] - INFO  [main:PortAssignment@87] - Assigned port 19339 from range 19300 - 21992.
2021-11-08 11:10:47,284 [myid:] - INFO  [main:PortAssignment@87] - Assigned port 19340 from range 19300 - 21992.
2021-11-08 11:10:47,284 [myid:] - INFO  [main:PortAssignment@87] - Assigned port 19341 from range 19300 - 21992.
2021-11-08 11:10:47,284 [myid:] - INFO  [main:PortAssignment@87] - Assigned port 19342 from range 19300 - 21992.
2021-11-08 11:10:47,285 [myid:] - INFO  [main:PortAssignment@87] - Assigned port 19343 from range 19300 - 21992.
2021-11-08 11:10:47,285 [myid:] - INFO  [main:PortAssignment@87] - Assigned port 19344 from range 19300 - 21992.
2021-11-08 11:10:47,285 [myid:] - INFO  [main:PortAssignment@87] - Assigned port 19345 from range 19300 - 21992.
2021-11-08 11:10:47,289 [myid:] - INFO  [main:QuorumPeerTestBase$MainThread@205] - id = 0 tmpDir = D:\mysoft\faiscoGit\myStudy\ZooKeeperLearning\apache-zookeeper-3.7.0\zookeeper-server\target\surefire\test2552215350333920110.junit.dir clientPort = 19337 adminServerPort = 8080
2021-11-08 11:10:47,299 [myid:] - INFO  [main:ZooKeeper@637] - Initiating client connection, connectString=127.0.0.1:19337 sessionTimeout=30000 watcher=org.apache.zookeeper.server.quorum.FuzzySnapshotRelatedTest@123ef382
2021-11-08 11:10:47,300 [myid:] - INFO  [Thread-33:QuorumPeerConfig@174] - Reading configuration from: D:\mysoft\faiscoGit\myStudy\ZooKeeperLearning\apache-zookeeper-3.7.0\zookeeper-server\target\surefire\test2552215350333920110.junit.dir\zoo.cfg
2021-11-08 11:10:47,301 [myid:] - INFO  [main:ClientCnxnSocket@239] - jute.maxbuffer value is 1048575 Bytes
2021-11-08 11:10:47,301 [myid:] - INFO  [Thread-33:QuorumPeerConfig@444] - clientPortAddress is 0.0.0.0:19337
2021-11-08 11:10:47,301 [myid:] - INFO  [Thread-33:QuorumPeerConfig@448] - secureClientPort is not set
2021-11-08 11:10:47,301 [myid:] - INFO  [Thread-33:QuorumPeerConfig@464] - observerMasterPort is not set
2021-11-08 11:10:47,301 [myid:] - INFO  [Thread-33:QuorumPeerConfig@481] - metricsProvider.className is org.apache.zookeeper.metrics.impl.DefaultMetricsProvider
2021-11-08 11:10:47,301 [myid:] - INFO  [main:ClientCnxn@1726] - zookeeper.request.timeout value is 0. feature enabled=false
2021-11-08 11:10:47,301 [myid:0] - INFO  [Thread-33:DatadirCleanupManager@78] - autopurge.snapRetainCount set to 3
2021-11-08 11:10:47,301 [myid:0] - INFO  [Thread-33:DatadirCleanupManager@79] - autopurge.purgeInterval set to 0
2021-11-08 11:10:47,301 [myid:0] - INFO  [Thread-33:DatadirCleanupManager@101] - Purge task is not scheduled.
2021-11-08 11:10:47,301 [myid:0] - INFO  [Thread-33:ManagedUtil@44] - Log4j 1.2 jmx support found and enabled.
2021-11-08 11:10:47,301 [myid:0] - ERROR [Thread-33:ManagedUtil@109] - Problems while registering log4j 1.2 jmx beans!
javax.management.InstanceAlreadyExistsException: log4j:hierarchy=default
	at com.sun.jmx.mbeanserver.Repository.addMBean(Repository.java:437)
	at com.sun.jmx.interceptor.DefaultMBeanServerInterceptor.registerWithRepository(DefaultMBeanServerInterceptor.java:1898)
	at com.sun.jmx.interceptor.DefaultMBeanServerInterceptor.registerDynamicMBean(DefaultMBeanServerInterceptor.java:966)
	at com.sun.jmx.interceptor.DefaultMBeanServerInterceptor.registerObject(DefaultMBeanServerInterceptor.java:900)
	at com.sun.jmx.interceptor.DefaultMBeanServerInterceptor.registerMBean(DefaultMBeanServerInterceptor.java:324)
	at com.sun.jmx.mbeanserver.JmxMBeanServer.registerMBean(JmxMBeanServer.java:522)
	at org.apache.zookeeper.jmx.ManagedUtil.registerLog4jMBeans(ManagedUtil.java:72)
	at org.apache.zookeeper.server.quorum.QuorumPeerMain.runFromConfig(QuorumPeerMain.java:147)
	at org.apache.zookeeper.server.quorum.QuorumPeerMain.initializeAndRun(QuorumPeerMain.java:137)
	at org.apache.zookeeper.server.quorum.QuorumPeerTestBase$MainThread.run(QuorumPeerTestBase.java:329)
	at java.lang.Thread.run(Thread.java:745)
2021-11-08 11:10:47,302 [myid:0] - WARN  [Thread-33:QuorumPeerMain@149] - Unable to register log4j JMX control
javax.management.JMException: javax.management.InstanceAlreadyExistsException: log4j:hierarchy=default
	at org.apache.zookeeper.jmx.ManagedUtil.registerLog4jMBeans(ManagedUtil.java:110)
	at org.apache.zookeeper.server.quorum.QuorumPeerMain.runFromConfig(QuorumPeerMain.java:147)
	at org.apache.zookeeper.server.quorum.QuorumPeerMain.initializeAndRun(QuorumPeerMain.java:137)
	at org.apache.zookeeper.server.quorum.QuorumPeerTestBase$MainThread.run(QuorumPeerTestBase.java:329)
	at java.lang.Thread.run(Thread.java:745)
2021-11-08 11:10:47,302 [myid:0] - INFO  [Thread-33:QuorumPeerMain@152] - Starting quorum peer, myid=0
2021-11-08 11:10:47,302 [myid:0] - INFO  [Thread-33:ServerMetrics@62] - ServerMetrics initialized with provider org.apache.zookeeper.metrics.impl.DefaultMetricsProvider@7b126fa
2021-11-08 11:10:47,302 [myid:0] - INFO  [Thread-33:DigestAuthenticationProvider@61] - zookeeper.DigestAuthenticationProvider.enabled = true
2021-11-08 11:10:47,302 [myid:0] - INFO  [Thread-33:ServerCnxnFactory@169] - Using org.apache.zookeeper.server.NIOServerCnxnFactory as server connection factory
2021-11-08 11:10:47,302 [myid:0] - WARN  [Thread-33:ServerCnxnFactory@309] - maxCnxns is not configured, using default value 0.
2021-11-08 11:10:47,302 [myid:0] - INFO  [Thread-33:NIOServerCnxnFactory@652] - Configuring NIO connection handler with 10s sessionless connection timeout, 1 selector thread(s), 12 worker threads, and 64 kB direct buffers.
2021-11-08 11:10:47,324 [myid:127.0.0.1:19337] - INFO  [main-SendThread(127.0.0.1:19337):ClientCnxn$SendThread@1171] - Opening socket connection to server xmind.net/127.0.0.1:19337.
2021-11-08 11:10:47,324 [myid:127.0.0.1:19337] - INFO  [main-SendThread(127.0.0.1:19337):ClientCnxn$SendThread@1173] - SASL config status: Will not attempt to authenticate using SASL (unknown error)
2021-11-08 11:10:47,326 [myid:127.0.0.1:19301] - INFO  [main-SendThread(127.0.0.1:19301):ClientCnxn$SendThread@1171] - Opening socket connection to server xmind.net/127.0.0.1:19301.
2021-11-08 11:10:47,327 [myid:127.0.0.1:19301] - INFO  [main-SendThread(127.0.0.1:19301):ClientCnxn$SendThread@1173] - SASL config status: Will not attempt to authenticate using SASL (unknown error)
2021-11-08 11:10:47,327 [myid:0] - INFO  [Thread-33:NIOServerCnxnFactory@660] - binding to port /127.0.0.1:19337
2021-11-08 11:10:47,329 [myid:0] - INFO  [Thread-33:FileTxnSnapLog@124] - zookeeper.snapshot.trust.empty : false
2021-11-08 11:10:47,329 [myid:0] - INFO  [Thread-33:QuorumPeer@1742] - Local sessions disabled
2021-11-08 11:10:47,329 [myid:0] - INFO  [Thread-33:QuorumPeer@1753] - Local session upgrading disabled
2021-11-08 11:10:47,329 [myid:0] - INFO  [Thread-33:QuorumPeer@1720] - tickTime set to 4000
2021-11-08 11:10:47,329 [myid:0] - INFO  [Thread-33:QuorumPeer@1764] - minSessionTimeout set to 8000
2021-11-08 11:10:47,329 [myid:0] - INFO  [Thread-33:QuorumPeer@1775] - maxSessionTimeout set to 80000
2021-11-08 11:10:47,329 [myid:0] - INFO  [Thread-33:QuorumPeer@1800] - initLimit set to 10
2021-11-08 11:10:47,329 [myid:0] - INFO  [Thread-33:QuorumPeer@1987] - syncLimit set to 5
2021-11-08 11:10:47,329 [myid:0] - INFO  [Thread-33:QuorumPeer@2002] - connectToLearnerMasterLimit set to 5
2021-11-08 11:10:47,329 [myid:0] - INFO  [Thread-33:WatchManagerFactory@42] - Using org.apache.zookeeper.server.watch.WatchManager as watch manager
2021-11-08 11:10:47,329 [myid:0] - INFO  [Thread-33:WatchManagerFactory@42] - Using org.apache.zookeeper.server.watch.WatchManager as watch manager
2021-11-08 11:10:47,329 [myid:0] - INFO  [Thread-33:ZKDatabase@133] - zookeeper.snapshotSizeFactor = 0.33
2021-11-08 11:10:47,329 [myid:0] - INFO  [Thread-33:ZKDatabase@153] - zookeeper.commitLogCount=500
2021-11-08 11:10:47,329 [myid:0] - INFO  [Thread-33:WatchManagerFactory@42] - Using org.apache.zookeeper.server.watch.WatchManager as watch manager
2021-11-08 11:10:47,330 [myid:0] - INFO  [Thread-33:WatchManagerFactory@42] - Using org.apache.zookeeper.server.watch.WatchManager as watch manager
2021-11-08 11:10:47,330 [myid:0] - INFO  [Thread-33:ZKDatabase@133] - zookeeper.snapshotSizeFactor = 0.33
2021-11-08 11:10:47,330 [myid:0] - INFO  [Thread-33:ZKDatabase@153] - zookeeper.commitLogCount=500
2021-11-08 11:10:47,330 [myid:0] - INFO  [Thread-33:QuorumPeer@2066] - Using insecure (non-TLS) quorum communication
2021-11-08 11:10:47,330 [myid:0] - INFO  [Thread-33:QuorumPeer@2072] - Port unification disabled
2021-11-08 11:10:47,330 [myid:0] - INFO  [Thread-33:QuorumPeer@179] - multiAddress.enabled set to false
2021-11-08 11:10:47,330 [myid:0] - INFO  [Thread-33:QuorumPeer@204] - multiAddress.reachabilityCheckEnabled set to true
2021-11-08 11:10:47,330 [myid:0] - INFO  [Thread-33:QuorumPeer@191] - multiAddress.reachabilityCheckTimeoutMs set to 1000
2021-11-08 11:10:47,330 [myid:0] - INFO  [Thread-33:QuorumPeer@2527] - QuorumPeer communication is not secured! (SASL auth disabled)
2021-11-08 11:10:47,330 [myid:0] - INFO  [Thread-33:QuorumPeer@2552] - quorum.cnxn.threads.size set to 20
2021-11-08 11:10:47,330 [myid:0] - INFO  [Thread-33:FileTxnSnapLog@260] - Initialize file found, an empty database will not block voting participation
2021-11-08 11:10:47,331 [myid:0] - INFO  [Thread-33:FileTxnSnapLog@479] - Snapshotting: 0x0 to D:\mysoft\faiscoGit\myStudy\ZooKeeperLearning\apache-zookeeper-3.7.0\zookeeper-server\target\surefire\test2552215350333920110.junit.dir\data\version-2\snapshot.0
2021-11-08 11:10:47,331 [myid:0] - INFO  [Thread-33:ZKDatabase@290] - Snapshot loaded in 1 ms, highest zxid is 0x0, digest is 1371985504
2021-11-08 11:10:47,331 [myid:0] - INFO  [Thread-33:QuorumPeer@1157] - currentEpoch not found! Creating with a reasonable default of 0. This should only happen when you are upgrading your installation
2021-11-08 11:10:47,336 [myid:] - INFO  [main:QuorumPeerTestBase$MainThread@205] - id = 1 tmpDir = D:\mysoft\faiscoGit\myStudy\ZooKeeperLearning\apache-zookeeper-3.7.0\zookeeper-server\target\surefire\test5491578781283661656.junit.dir clientPort = 19340 adminServerPort = 8080
2021-11-08 11:10:47,346 [myid:] - INFO  [main:ZooKeeper@637] - Initiating client connection, connectString=127.0.0.1:19340 sessionTimeout=30000 watcher=org.apache.zookeeper.server.quorum.FuzzySnapshotRelatedTest@123ef382
2021-11-08 11:10:47,349 [myid:] - INFO  [main:ClientCnxnSocket@239] - jute.maxbuffer value is 1048575 Bytes
2021-11-08 11:10:47,349 [myid:0] - INFO  [Thread-33:QuorumPeer@1177] - acceptedEpoch not found! Creating with a reasonable default of 0. This should only happen when you are upgrading your installation
2021-11-08 11:10:47,350 [myid:] - INFO  [Thread-34:QuorumPeerConfig@174] - Reading configuration from: D:\mysoft\faiscoGit\myStudy\ZooKeeperLearning\apache-zookeeper-3.7.0\zookeeper-server\target\surefire\test5491578781283661656.junit.dir\zoo.cfg
2021-11-08 11:10:47,350 [myid:] - INFO  [main:ClientCnxn@1726] - zookeeper.request.timeout value is 0. feature enabled=false
2021-11-08 11:10:47,351 [myid:] - INFO  [Thread-34:QuorumPeerConfig@444] - clientPortAddress is 0.0.0.0:19340
2021-11-08 11:10:47,351 [myid:] - INFO  [Thread-34:QuorumPeerConfig@448] - secureClientPort is not set
2021-11-08 11:10:47,351 [myid:] - INFO  [Thread-34:QuorumPeerConfig@464] - observerMasterPort is not set
2021-11-08 11:10:47,351 [myid:] - INFO  [Thread-34:QuorumPeerConfig@481] - metricsProvider.className is org.apache.zookeeper.metrics.impl.DefaultMetricsProvider
2021-11-08 11:10:47,351 [myid:1] - INFO  [Thread-34:DatadirCleanupManager@78] - autopurge.snapRetainCount set to 3
2021-11-08 11:10:47,351 [myid:1] - INFO  [Thread-34:DatadirCleanupManager@79] - autopurge.purgeInterval set to 0
2021-11-08 11:10:47,351 [myid:1] - INFO  [Thread-34:DatadirCleanupManager@101] - Purge task is not scheduled.
2021-11-08 11:10:47,351 [myid:1] - INFO  [Thread-34:ManagedUtil@44] - Log4j 1.2 jmx support found and enabled.
2021-11-08 11:10:47,351 [myid:1] - ERROR [Thread-34:ManagedUtil@109] - Problems while registering log4j 1.2 jmx beans!
javax.management.InstanceAlreadyExistsException: log4j:hierarchy=default
	at com.sun.jmx.mbeanserver.Repository.addMBean(Repository.java:437)
	at com.sun.jmx.interceptor.DefaultMBeanServerInterceptor.registerWithRepository(DefaultMBeanServerInterceptor.java:1898)
	at com.sun.jmx.interceptor.DefaultMBeanServerInterceptor.registerDynamicMBean(DefaultMBeanServerInterceptor.java:966)
	at com.sun.jmx.interceptor.DefaultMBeanServerInterceptor.registerObject(DefaultMBeanServerInterceptor.java:900)
	at com.sun.jmx.interceptor.DefaultMBeanServerInterceptor.registerMBean(DefaultMBeanServerInterceptor.java:324)
	at com.sun.jmx.mbeanserver.JmxMBeanServer.registerMBean(JmxMBeanServer.java:522)
	at org.apache.zookeeper.jmx.ManagedUtil.registerLog4jMBeans(ManagedUtil.java:72)
	at org.apache.zookeeper.server.quorum.QuorumPeerMain.runFromConfig(QuorumPeerMain.java:147)
	at org.apache.zookeeper.server.quorum.QuorumPeerMain.initializeAndRun(QuorumPeerMain.java:137)
	at org.apache.zookeeper.server.quorum.QuorumPeerTestBase$MainThread.run(QuorumPeerTestBase.java:329)
	at java.lang.Thread.run(Thread.java:745)
2021-11-08 11:10:47,351 [myid:1] - WARN  [Thread-34:QuorumPeerMain@149] - Unable to register log4j JMX control
javax.management.JMException: javax.management.InstanceAlreadyExistsException: log4j:hierarchy=default
	at org.apache.zookeeper.jmx.ManagedUtil.registerLog4jMBeans(ManagedUtil.java:110)
	at org.apache.zookeeper.server.quorum.QuorumPeerMain.runFromConfig(QuorumPeerMain.java:147)
	at org.apache.zookeeper.server.quorum.QuorumPeerMain.initializeAndRun(QuorumPeerMain.java:137)
	at org.apache.zookeeper.server.quorum.QuorumPeerTestBase$MainThread.run(QuorumPeerTestBase.java:329)
	at java.lang.Thread.run(Thread.java:745)
2021-11-08 11:10:47,352 [myid:1] - INFO  [Thread-34:QuorumPeerMain@152] - Starting quorum peer, myid=1
2021-11-08 11:10:47,352 [myid:1] - INFO  [Thread-34:ServerMetrics@62] - ServerMetrics initialized with provider org.apache.zookeeper.metrics.impl.DefaultMetricsProvider@50ed9fa6
2021-11-08 11:10:47,352 [myid:1] - INFO  [Thread-34:DigestAuthenticationProvider@61] - zookeeper.DigestAuthenticationProvider.enabled = true
2021-11-08 11:10:47,352 [myid:1] - INFO  [Thread-34:ServerCnxnFactory@169] - Using org.apache.zookeeper.server.NIOServerCnxnFactory as server connection factory
2021-11-08 11:10:47,352 [myid:1] - WARN  [Thread-34:ServerCnxnFactory@309] - maxCnxns is not configured, using default value 0.
2021-11-08 11:10:47,352 [myid:1] - INFO  [Thread-34:NIOServerCnxnFactory@652] - Configuring NIO connection handler with 10s sessionless connection timeout, 1 selector thread(s), 12 worker threads, and 64 kB direct buffers.
2021-11-08 11:10:47,353 [myid:1] - INFO  [Thread-34:NIOServerCnxnFactory@660] - binding to port /127.0.0.1:19340
2021-11-08 11:10:47,355 [myid:1] - INFO  [Thread-34:FileTxnSnapLog@124] - zookeeper.snapshot.trust.empty : false
2021-11-08 11:10:47,356 [myid:1] - INFO  [Thread-34:QuorumPeer@1742] - Local sessions disabled
2021-11-08 11:10:47,356 [myid:1] - INFO  [Thread-34:QuorumPeer@1753] - Local session upgrading disabled
2021-11-08 11:10:47,356 [myid:1] - INFO  [Thread-34:QuorumPeer@1720] - tickTime set to 4000
2021-11-08 11:10:47,356 [myid:1] - INFO  [Thread-34:QuorumPeer@1764] - minSessionTimeout set to 8000
2021-11-08 11:10:47,356 [myid:1] - INFO  [Thread-34:QuorumPeer@1775] - maxSessionTimeout set to 80000
2021-11-08 11:10:47,356 [myid:1] - INFO  [Thread-34:QuorumPeer@1800] - initLimit set to 10
2021-11-08 11:10:47,356 [myid:1] - INFO  [Thread-34:QuorumPeer@1987] - syncLimit set to 5
2021-11-08 11:10:47,356 [myid:1] - INFO  [Thread-34:QuorumPeer@2002] - connectToLearnerMasterLimit set to 5
2021-11-08 11:10:47,356 [myid:1] - INFO  [Thread-34:WatchManagerFactory@42] - Using org.apache.zookeeper.server.watch.WatchManager as watch manager
2021-11-08 11:10:47,357 [myid:1] - INFO  [Thread-34:WatchManagerFactory@42] - Using org.apache.zookeeper.server.watch.WatchManager as watch manager
2021-11-08 11:10:47,357 [myid:1] - INFO  [Thread-34:ZKDatabase@133] - zookeeper.snapshotSizeFactor = 0.33
2021-11-08 11:10:47,357 [myid:1] - INFO  [Thread-34:ZKDatabase@153] - zookeeper.commitLogCount=500
2021-11-08 11:10:47,357 [myid:1] - INFO  [Thread-34:WatchManagerFactory@42] - Using org.apache.zookeeper.server.watch.WatchManager as watch manager
2021-11-08 11:10:47,357 [myid:1] - INFO  [Thread-34:WatchManagerFactory@42] - Using org.apache.zookeeper.server.watch.WatchManager as watch manager
2021-11-08 11:10:47,357 [myid:1] - INFO  [Thread-34:ZKDatabase@133] - zookeeper.snapshotSizeFactor = 0.33
2021-11-08 11:10:47,357 [myid:1] - INFO  [Thread-34:ZKDatabase@153] - zookeeper.commitLogCount=500
2021-11-08 11:10:47,357 [myid:1] - INFO  [Thread-34:QuorumPeer@2066] - Using insecure (non-TLS) quorum communication
2021-11-08 11:10:47,357 [myid:1] - INFO  [Thread-34:QuorumPeer@2072] - Port unification disabled
2021-11-08 11:10:47,357 [myid:1] - INFO  [Thread-34:QuorumPeer@179] - multiAddress.enabled set to false
2021-11-08 11:10:47,357 [myid:1] - INFO  [Thread-34:QuorumPeer@204] - multiAddress.reachabilityCheckEnabled set to true
2021-11-08 11:10:47,357 [myid:1] - INFO  [Thread-34:QuorumPeer@191] - multiAddress.reachabilityCheckTimeoutMs set to 1000
2021-11-08 11:10:47,357 [myid:1] - INFO  [Thread-34:QuorumPeer@2527] - QuorumPeer communication is not secured! (SASL auth disabled)
2021-11-08 11:10:47,357 [myid:1] - INFO  [Thread-34:QuorumPeer@2552] - quorum.cnxn.threads.size set to 20
2021-11-08 11:10:47,358 [myid:1] - INFO  [Thread-34:FileTxnSnapLog@260] - Initialize file found, an empty database will not block voting participation
2021-11-08 11:10:47,358 [myid:1] - INFO  [Thread-34:FileTxnSnapLog@479] - Snapshotting: 0x0 to D:\mysoft\faiscoGit\myStudy\ZooKeeperLearning\apache-zookeeper-3.7.0\zookeeper-server\target\surefire\test5491578781283661656.junit.dir\data\version-2\snapshot.0
2021-11-08 11:10:47,367 [myid:1] - INFO  [Thread-34:ZKDatabase@290] - Snapshot loaded in 9 ms, highest zxid is 0x0, digest is 1371985504
2021-11-08 11:10:47,367 [myid:0] - INFO  [Thread-33:QuorumPeer@2569] - Using 20000ms as the quorum cnxn socket timeout
2021-11-08 11:10:47,367 [myid:0] - INFO  [Thread-33:QuorumCnxManager$Listener@924] - Election port bind maximum retries is 3
2021-11-08 11:10:47,367 [myid:1] - INFO  [Thread-34:QuorumPeer@1157] - currentEpoch not found! Creating with a reasonable default of 0. This should only happen when you are upgrading your installation
2021-11-08 11:10:47,368 [myid:127.0.0.1:19340] - INFO  [main-SendThread(127.0.0.1:19340):ClientCnxn$SendThread@1171] - Opening socket connection to server xmind.net/127.0.0.1:19340.
2021-11-08 11:10:47,368 [myid:127.0.0.1:19340] - INFO  [main-SendThread(127.0.0.1:19340):ClientCnxn$SendThread@1173] - SASL config status: Will not attempt to authenticate using SASL (unknown error)
2021-11-08 11:10:47,390 [myid:127.0.0.1:19340] - INFO  [main-SendThread(127.0.0.1:19340):ClientCnxn$SendThread@1005] - Socket connection established, initiating session, client: /127.0.0.1:2698, server: xmind.net/127.0.0.1:19340
2021-11-08 11:10:47,390 [myid:0] - INFO  [QuorumPeer[myid=0](plain=127.0.0.1:19337)(secure=disabled):QuorumPeer@1430] - LOOKING
2021-11-08 11:10:47,390 [myid:0] - INFO  [QuorumPeer[myid=0](plain=127.0.0.1:19337)(secure=disabled):FastLeaderElection@947] - New election. My id = 0, proposed zxid=0x0
2021-11-08 11:10:47,391 [myid:0] - INFO  [WorkerReceiver[myid=0]:FastLeaderElection$Messenger$WorkerReceiver@390] - Notification: my state:LOOKING; n.sid:0, n.state:LOOKING, n.leader:0, n.round:0x1, n.peerEpoch:0x0, n.zxid:0x0, message format version:0x2, n.config version:0x0
2021-11-08 11:10:47,391 [myid:] - INFO  [main:QuorumPeerTestBase$MainThread@205] - id = 2 tmpDir = D:\mysoft\faiscoGit\myStudy\ZooKeeperLearning\apache-zookeeper-3.7.0\zookeeper-server\target\surefire\test5223592856158657203.junit.dir clientPort = 19343 adminServerPort = 8080
2021-11-08 11:10:47,391 [myid:0] - INFO  [ListenerHandler-/127.0.0.1:19339:QuorumCnxManager$Listener$ListenerHandler@1066] - 0 is accepting connections now, my election bind port: /127.0.0.1:19339
2021-11-08 11:10:47,395 [myid:] - INFO  [main:ZooKeeper@637] - Initiating client connection, connectString=127.0.0.1:19343 sessionTimeout=30000 watcher=org.apache.zookeeper.server.quorum.FuzzySnapshotRelatedTest@123ef382
2021-11-08 11:10:47,397 [myid:1] - INFO  [Thread-34:QuorumPeer@1177] - acceptedEpoch not found! Creating with a reasonable default of 0. This should only happen when you are upgrading your installation
2021-11-08 11:10:47,399 [myid:] - INFO  [main:ClientCnxnSocket@239] - jute.maxbuffer value is 1048575 Bytes
2021-11-08 11:10:47,399 [myid:] - INFO  [main:ClientCnxn@1726] - zookeeper.request.timeout value is 0. feature enabled=false
2021-11-08 11:10:47,403 [myid:] - INFO  [Thread-35:QuorumPeerConfig@174] - Reading configuration from: D:\mysoft\faiscoGit\myStudy\ZooKeeperLearning\apache-zookeeper-3.7.0\zookeeper-server\target\surefire\test5223592856158657203.junit.dir\zoo.cfg
2021-11-08 11:10:47,403 [myid:127.0.0.1:19343] - INFO  [main-SendThread(127.0.0.1:19343):ClientCnxn$SendThread@1171] - Opening socket connection to server xmind.net/127.0.0.1:19343.
2021-11-08 11:10:47,403 [myid:127.0.0.1:19343] - INFO  [main-SendThread(127.0.0.1:19343):ClientCnxn$SendThread@1173] - SASL config status: Will not attempt to authenticate using SASL (unknown error)
2021-11-08 11:10:47,403 [myid:] - INFO  [Thread-35:QuorumPeerConfig@444] - clientPortAddress is 0.0.0.0:19343
2021-11-08 11:10:47,403 [myid:] - INFO  [Thread-35:QuorumPeerConfig@448] - secureClientPort is not set
2021-11-08 11:10:47,403 [myid:] - INFO  [Thread-35:QuorumPeerConfig@464] - observerMasterPort is not set
2021-11-08 11:10:47,403 [myid:] - INFO  [Thread-35:QuorumPeerConfig@481] - metricsProvider.className is org.apache.zookeeper.metrics.impl.DefaultMetricsProvider
2021-11-08 11:10:47,403 [myid:2] - INFO  [Thread-35:DatadirCleanupManager@78] - autopurge.snapRetainCount set to 3
2021-11-08 11:10:47,403 [myid:2] - INFO  [Thread-35:DatadirCleanupManager@79] - autopurge.purgeInterval set to 0
2021-11-08 11:10:47,403 [myid:2] - INFO  [Thread-35:DatadirCleanupManager@101] - Purge task is not scheduled.
2021-11-08 11:10:47,404 [myid:2] - INFO  [Thread-35:ManagedUtil@44] - Log4j 1.2 jmx support found and enabled.
2021-11-08 11:10:47,404 [myid:2] - ERROR [Thread-35:ManagedUtil@109] - Problems while registering log4j 1.2 jmx beans!
javax.management.InstanceAlreadyExistsException: log4j:hierarchy=default
	at com.sun.jmx.mbeanserver.Repository.addMBean(Repository.java:437)
	at com.sun.jmx.interceptor.DefaultMBeanServerInterceptor.registerWithRepository(DefaultMBeanServerInterceptor.java:1898)
	at com.sun.jmx.interceptor.DefaultMBeanServerInterceptor.registerDynamicMBean(DefaultMBeanServerInterceptor.java:966)
	at com.sun.jmx.interceptor.DefaultMBeanServerInterceptor.registerObject(DefaultMBeanServerInterceptor.java:900)
	at com.sun.jmx.interceptor.DefaultMBeanServerInterceptor.registerMBean(DefaultMBeanServerInterceptor.java:324)
	at com.sun.jmx.mbeanserver.JmxMBeanServer.registerMBean(JmxMBeanServer.java:522)
	at org.apache.zookeeper.jmx.ManagedUtil.registerLog4jMBeans(ManagedUtil.java:72)
	at org.apache.zookeeper.server.quorum.QuorumPeerMain.runFromConfig(QuorumPeerMain.java:147)
	at org.apache.zookeeper.server.quorum.QuorumPeerMain.initializeAndRun(QuorumPeerMain.java:137)
	at org.apache.zookeeper.server.quorum.QuorumPeerTestBase$MainThread.run(QuorumPeerTestBase.java:329)
	at java.lang.Thread.run(Thread.java:745)
2021-11-08 11:10:47,404 [myid:2] - WARN  [Thread-35:QuorumPeerMain@149] - Unable to register log4j JMX control
javax.management.JMException: javax.management.InstanceAlreadyExistsException: log4j:hierarchy=default
	at org.apache.zookeeper.jmx.ManagedUtil.registerLog4jMBeans(ManagedUtil.java:110)
	at org.apache.zookeeper.server.quorum.QuorumPeerMain.runFromConfig(QuorumPeerMain.java:147)
	at org.apache.zookeeper.server.quorum.QuorumPeerMain.initializeAndRun(QuorumPeerMain.java:137)
	at org.apache.zookeeper.server.quorum.QuorumPeerTestBase$MainThread.run(QuorumPeerTestBase.java:329)
	at java.lang.Thread.run(Thread.java:745)
2021-11-08 11:10:47,404 [myid:2] - INFO  [Thread-35:QuorumPeerMain@152] - Starting quorum peer, myid=2
2021-11-08 11:10:47,404 [myid:2] - INFO  [Thread-35:ServerMetrics@62] - ServerMetrics initialized with provider org.apache.zookeeper.metrics.impl.DefaultMetricsProvider@61510c2f
2021-11-08 11:10:47,404 [myid:2] - INFO  [Thread-35:DigestAuthenticationProvider@61] - zookeeper.DigestAuthenticationProvider.enabled = true
2021-11-08 11:10:47,404 [myid:2] - INFO  [Thread-35:ServerCnxnFactory@169] - Using org.apache.zookeeper.server.NIOServerCnxnFactory as server connection factory
2021-11-08 11:10:47,404 [myid:2] - WARN  [Thread-35:ServerCnxnFactory@309] - maxCnxns is not configured, using default value 0.
2021-11-08 11:10:47,404 [myid:2] - INFO  [Thread-35:NIOServerCnxnFactory@652] - Configuring NIO connection handler with 10s sessionless connection timeout, 1 selector thread(s), 12 worker threads, and 64 kB direct buffers.
2021-11-08 11:10:47,405 [myid:2] - INFO  [Thread-35:NIOServerCnxnFactory@660] - binding to port /127.0.0.1:19343
2021-11-08 11:10:47,406 [myid:2] - INFO  [Thread-35:FileTxnSnapLog@124] - zookeeper.snapshot.trust.empty : false
2021-11-08 11:10:47,406 [myid:2] - INFO  [Thread-35:QuorumPeer@1742] - Local sessions disabled
2021-11-08 11:10:47,406 [myid:2] - INFO  [Thread-35:QuorumPeer@1753] - Local session upgrading disabled
2021-11-08 11:10:47,406 [myid:2] - INFO  [Thread-35:QuorumPeer@1720] - tickTime set to 4000
2021-11-08 11:10:47,406 [myid:2] - INFO  [Thread-35:QuorumPeer@1764] - minSessionTimeout set to 8000
2021-11-08 11:10:47,406 [myid:2] - INFO  [Thread-35:QuorumPeer@1775] - maxSessionTimeout set to 80000
2021-11-08 11:10:47,406 [myid:2] - INFO  [Thread-35:QuorumPeer@1800] - initLimit set to 10
2021-11-08 11:10:47,406 [myid:2] - INFO  [Thread-35:QuorumPeer@1987] - syncLimit set to 5
2021-11-08 11:10:47,406 [myid:2] - INFO  [Thread-35:QuorumPeer@2002] - connectToLearnerMasterLimit set to 5
2021-11-08 11:10:47,407 [myid:2] - INFO  [Thread-35:WatchManagerFactory@42] - Using org.apache.zookeeper.server.watch.WatchManager as watch manager
2021-11-08 11:10:47,407 [myid:2] - INFO  [Thread-35:WatchManagerFactory@42] - Using org.apache.zookeeper.server.watch.WatchManager as watch manager
2021-11-08 11:10:47,407 [myid:2] - INFO  [Thread-35:ZKDatabase@133] - zookeeper.snapshotSizeFactor = 0.33
2021-11-08 11:10:47,407 [myid:2] - INFO  [Thread-35:ZKDatabase@153] - zookeeper.commitLogCount=500
2021-11-08 11:10:47,407 [myid:2] - INFO  [Thread-35:WatchManagerFactory@42] - Using org.apache.zookeeper.server.watch.WatchManager as watch manager
2021-11-08 11:10:47,407 [myid:2] - INFO  [Thread-35:WatchManagerFactory@42] - Using org.apache.zookeeper.server.watch.WatchManager as watch manager
2021-11-08 11:10:47,407 [myid:2] - INFO  [Thread-35:ZKDatabase@133] - zookeeper.snapshotSizeFactor = 0.33
2021-11-08 11:10:47,407 [myid:2] - INFO  [Thread-35:ZKDatabase@153] - zookeeper.commitLogCount=500
2021-11-08 11:10:47,407 [myid:2] - INFO  [Thread-35:QuorumPeer@2066] - Using insecure (non-TLS) quorum communication
2021-11-08 11:10:47,407 [myid:2] - INFO  [Thread-35:QuorumPeer@2072] - Port unification disabled
2021-11-08 11:10:47,408 [myid:2] - INFO  [Thread-35:QuorumPeer@179] - multiAddress.enabled set to false
2021-11-08 11:10:47,408 [myid:2] - INFO  [Thread-35:QuorumPeer@204] - multiAddress.reachabilityCheckEnabled set to true
2021-11-08 11:10:47,408 [myid:2] - INFO  [Thread-35:QuorumPeer@191] - multiAddress.reachabilityCheckTimeoutMs set to 1000
2021-11-08 11:10:47,408 [myid:2] - INFO  [Thread-35:QuorumPeer@2527] - QuorumPeer communication is not secured! (SASL auth disabled)
2021-11-08 11:10:47,408 [myid:2] - INFO  [Thread-35:QuorumPeer@2552] - quorum.cnxn.threads.size set to 20
2021-11-08 11:10:47,408 [myid:2] - INFO  [Thread-35:FileTxnSnapLog@260] - Initialize file found, an empty database will not block voting participation
2021-11-08 11:10:47,408 [myid:2] - INFO  [Thread-35:FileTxnSnapLog@479] - Snapshotting: 0x0 to D:\mysoft\faiscoGit\myStudy\ZooKeeperLearning\apache-zookeeper-3.7.0\zookeeper-server\target\surefire\test5223592856158657203.junit.dir\data\version-2\snapshot.0
2021-11-08 11:10:47,409 [myid:2] - INFO  [Thread-35:ZKDatabase@290] - Snapshot loaded in 1 ms, highest zxid is 0x0, digest is 1371985504
2021-11-08 11:10:47,409 [myid:2] - INFO  [Thread-35:QuorumPeer@1157] - currentEpoch not found! Creating with a reasonable default of 0. This should only happen when you are upgrading your installation
2021-11-08 11:10:47,412 [myid:2] - INFO  [Thread-35:QuorumPeer@1177] - acceptedEpoch not found! Creating with a reasonable default of 0. This should only happen when you are upgrading your installation
2021-11-08 11:10:47,418 [myid:2] - INFO  [Thread-35:QuorumPeer@2569] - Using 20000ms as the quorum cnxn socket timeout
2021-11-08 11:10:47,418 [myid:2] - INFO  [Thread-35:QuorumCnxManager$Listener@924] - Election port bind maximum retries is 3
2021-11-08 11:10:47,420 [myid:2] - INFO  [QuorumPeer[myid=2](plain=127.0.0.1:19343)(secure=disabled):QuorumPeer@1430] - LOOKING
2021-11-08 11:10:47,420 [myid:2] - INFO  [QuorumPeer[myid=2](plain=127.0.0.1:19343)(secure=disabled):FastLeaderElection@947] - New election. My id = 2, proposed zxid=0x0
2021-11-08 11:10:47,421 [myid:2] - INFO  [WorkerReceiver[myid=2]:FastLeaderElection$Messenger$WorkerReceiver@390] - Notification: my state:LOOKING; n.sid:2, n.state:LOOKING, n.leader:2, n.round:0x1, n.peerEpoch:0x0, n.zxid:0x0, message format version:0x2, n.config version:0x0
2021-11-08 11:10:47,422 [myid:1] - INFO  [Thread-34:QuorumPeer@2569] - Using 20000ms as the quorum cnxn socket timeout
2021-11-08 11:10:47,426 [myid:1] - INFO  [Thread-34:QuorumCnxManager$Listener@924] - Election port bind maximum retries is 3
2021-11-08 11:10:47,427 [myid:0] - INFO  [ListenerHandler-/127.0.0.1:19339:QuorumCnxManager$Listener$ListenerHandler@1071] - Received connection request from /127.0.0.1:2723
2021-11-08 11:10:47,449 [myid:1] - INFO  [QuorumPeer[myid=1](plain=127.0.0.1:19340)(secure=disabled):QuorumPeer@1430] - LOOKING
2021-11-08 11:10:47,450 [myid:1] - INFO  [QuorumPeer[myid=1](plain=127.0.0.1:19340)(secure=disabled):FastLeaderElection@947] - New election. My id = 1, proposed zxid=0x0
2021-11-08 11:10:47,450 [myid:2] - INFO  [ListenerHandler-/127.0.0.1:19345:QuorumCnxManager$Listener$ListenerHandler@1066] - 2 is accepting connections now, my election bind port: /127.0.0.1:19345
2021-11-08 11:10:47,450 [myid:1] - INFO  [ListenerHandler-/127.0.0.1:19342:QuorumCnxManager$Listener$ListenerHandler@1066] - 1 is accepting connections now, my election bind port: /127.0.0.1:19342
2021-11-08 11:10:47,450 [myid:1] - INFO  [WorkerReceiver[myid=1]:FastLeaderElection$Messenger$WorkerReceiver@390] - Notification: my state:LOOKING; n.sid:1, n.state:LOOKING, n.leader:1, n.round:0x1, n.peerEpoch:0x0, n.zxid:0x0, message format version:0x2, n.config version:0x0
2021-11-08 11:10:47,455 [myid:1] - WARN  [NIOWorkerThread-1:NIOServerCnxn@380] - Close of session 0x0
java.io.IOException: ZooKeeperServer not running
	at org.apache.zookeeper.server.NIOServerCnxn.readLength(NIOServerCnxn.java:554)
	at org.apache.zookeeper.server.NIOServerCnxn.doIO(NIOServerCnxn.java:339)
	at org.apache.zookeeper.server.NIOServerCnxnFactory$IOWorkRequest.doWork(NIOServerCnxnFactory.java:508)
	at org.apache.zookeeper.server.WorkerService$ScheduledWorkRequest.run(WorkerService.java:154)
	at java.util.concurrent.ThreadPoolExecutor.runWorker(ThreadPoolExecutor.java:1142)
	at java.util.concurrent.ThreadPoolExecutor$Worker.run(ThreadPoolExecutor.java:617)
	at java.lang.Thread.run(Thread.java:745)
2021-11-08 11:10:47,455 [myid:127.0.0.1:19340] - WARN  [main-SendThread(127.0.0.1:19340):ClientCnxn$SendThread@1290] - Session 0x0 for sever xmind.net/127.0.0.1:19340, Closing socket connection. Attempting reconnect except it is a SessionExpiredException.
EndOfStreamException: Unable to read additional data from server sessionid 0x0, likely server has closed socket
	at org.apache.zookeeper.ClientCnxnSocketNIO.doIO(ClientCnxnSocketNIO.java:77)
	at org.apache.zookeeper.ClientCnxnSocketNIO.doTransport(ClientCnxnSocketNIO.java:350)
	at org.apache.zookeeper.ClientCnxn$SendThread.run(ClientCnxn.java:1280)
2021-11-08 11:10:47,457 [myid:0] - INFO  [ListenerHandler-/127.0.0.1:19339:QuorumCnxManager$Listener$ListenerHandler@1071] - Received connection request from /127.0.0.1:2724
2021-11-08 11:10:47,468 [myid:0] - INFO  [WorkerReceiver[myid=0]:FastLeaderElection$Messenger$WorkerReceiver@390] - Notification: my state:LOOKING; n.sid:2, n.state:LOOKING, n.leader:2, n.round:0x1, n.peerEpoch:0x0, n.zxid:0x0, message format version:0x2, n.config version:0x0
2021-11-08 11:10:47,468 [myid:1] - INFO  [WorkerReceiver[myid=1]:FastLeaderElection$Messenger$WorkerReceiver@390] - Notification: my state:LOOKING; n.sid:0, n.state:LOOKING, n.leader:0, n.round:0x1, n.peerEpoch:0x0, n.zxid:0x0, message format version:0x2, n.config version:0x0
2021-11-08 11:10:47,469 [myid:2] - INFO  [ListenerHandler-/127.0.0.1:19345:QuorumCnxManager$Listener$ListenerHandler@1071] - Received connection request from /127.0.0.1:2727
2021-11-08 11:10:47,469 [myid:1] - INFO  [QuorumConnectionThread-[myid=1]-2:QuorumCnxManager@514] - Have smaller server identifier, so dropping the connection: (myId:1 --> sid:2)
2021-11-08 11:10:47,469 [myid:0] - INFO  [WorkerReceiver[myid=0]:FastLeaderElection$Messenger$WorkerReceiver@390] - Notification: my state:LOOKING; n.sid:1, n.state:LOOKING, n.leader:1, n.round:0x1, n.peerEpoch:0x0, n.zxid:0x0, message format version:0x2, n.config version:0x0
2021-11-08 11:10:47,470 [myid:2] - INFO  [WorkerReceiver[myid=2]:FastLeaderElection$Messenger$WorkerReceiver@390] - Notification: my state:LOOKING; n.sid:0, n.state:LOOKING, n.leader:0, n.round:0x1, n.peerEpoch:0x0, n.zxid:0x0, message format version:0x2, n.config version:0x0
2021-11-08 11:10:47,470 [myid:0] - INFO  [WorkerReceiver[myid=0]:FastLeaderElection$Messenger$WorkerReceiver@390] - Notification: my state:LOOKING; n.sid:0, n.state:LOOKING, n.leader:2, n.round:0x1, n.peerEpoch:0x0, n.zxid:0x0, message format version:0x2, n.config version:0x0
2021-11-08 11:10:47,470 [myid:1] - INFO  [WorkerReceiver[myid=1]:FastLeaderElection$Messenger$WorkerReceiver@390] - Notification: my state:LOOKING; n.sid:0, n.state:LOOKING, n.leader:2, n.round:0x1, n.peerEpoch:0x0, n.zxid:0x0, message format version:0x2, n.config version:0x0
2021-11-08 11:10:47,470 [myid:2] - INFO  [WorkerReceiver[myid=2]:FastLeaderElection$Messenger$WorkerReceiver@390] - Notification: my state:LOOKING; n.sid:0, n.state:LOOKING, n.leader:2, n.round:0x1, n.peerEpoch:0x0, n.zxid:0x0, message format version:0x2, n.config version:0x0
2021-11-08 11:10:47,471 [myid:0] - INFO  [WorkerReceiver[myid=0]:FastLeaderElection$Messenger$WorkerReceiver@390] - Notification: my state:LOOKING; n.sid:1, n.state:LOOKING, n.leader:2, n.round:0x1, n.peerEpoch:0x0, n.zxid:0x0, message format version:0x2, n.config version:0x0
2021-11-08 11:10:47,471 [myid:1] - INFO  [WorkerReceiver[myid=1]:FastLeaderElection$Messenger$WorkerReceiver@390] - Notification: my state:LOOKING; n.sid:1, n.state:LOOKING, n.leader:2, n.round:0x1, n.peerEpoch:0x0, n.zxid:0x0, message format version:0x2, n.config version:0x0
2021-11-08 11:10:47,472 [myid:2] - INFO  [ListenerHandler-/127.0.0.1:19345:QuorumCnxManager$Listener$ListenerHandler@1071] - Received connection request from /127.0.0.1:2728
2021-11-08 11:10:47,472 [myid:1] - INFO  [QuorumConnectionThread-[myid=1]-3:QuorumCnxManager@514] - Have smaller server identifier, so dropping the connection: (myId:1 --> sid:2)
2021-11-08 11:10:47,670 [myid:2] - INFO  [QuorumPeer[myid=2](plain=127.0.0.1:19343)(secure=disabled):QuorumPeer@901] - Peer state changed: leading
2021-11-08 11:10:47,670 [myid:2] - INFO  [QuorumPeer[myid=2](plain=127.0.0.1:19343)(secure=disabled):QuorumPeer@1527] - LEADING
2021-11-08 11:10:47,670 [myid:2] - INFO  [QuorumPeer[myid=2](plain=127.0.0.1:19343)(secure=disabled):ZooKeeperServer@1300] - minSessionTimeout set to 8000
2021-11-08 11:10:47,670 [myid:2] - INFO  [QuorumPeer[myid=2](plain=127.0.0.1:19343)(secure=disabled):ZooKeeperServer@1309] - maxSessionTimeout set to 80000
2021-11-08 11:10:47,670 [myid:2] - INFO  [QuorumPeer[myid=2](plain=127.0.0.1:19343)(secure=disabled):ResponseCache@45] - getData response cache size is initialized with value 400.
2021-11-08 11:10:47,670 [myid:2] - INFO  [QuorumPeer[myid=2](plain=127.0.0.1:19343)(secure=disabled):ResponseCache@45] - getChildren response cache size is initialized with value 400.
2021-11-08 11:10:47,670 [myid:2] - INFO  [QuorumPeer[myid=2](plain=127.0.0.1:19343)(secure=disabled):RequestPathMetricsCollector@109] - zookeeper.pathStats.slotCapacity = 60
2021-11-08 11:10:47,670 [myid:2] - INFO  [QuorumPeer[myid=2](plain=127.0.0.1:19343)(secure=disabled):RequestPathMetricsCollector@110] - zookeeper.pathStats.slotDuration = 15
2021-11-08 11:10:47,670 [myid:2] - INFO  [QuorumPeer[myid=2](plain=127.0.0.1:19343)(secure=disabled):RequestPathMetricsCollector@111] - zookeeper.pathStats.maxDepth = 6
2021-11-08 11:10:47,670 [myid:2] - INFO  [QuorumPeer[myid=2](plain=127.0.0.1:19343)(secure=disabled):RequestPathMetricsCollector@112] - zookeeper.pathStats.initialDelay = 5
2021-11-08 11:10:47,670 [myid:2] - INFO  [QuorumPeer[myid=2](plain=127.0.0.1:19343)(secure=disabled):RequestPathMetricsCollector@113] - zookeeper.pathStats.delay = 5
2021-11-08 11:10:47,670 [myid:2] - INFO  [QuorumPeer[myid=2](plain=127.0.0.1:19343)(secure=disabled):RequestPathMetricsCollector@114] - zookeeper.pathStats.enabled = false
2021-11-08 11:10:47,670 [myid:2] - INFO  [QuorumPeer[myid=2](plain=127.0.0.1:19343)(secure=disabled):ZooKeeperServer@1536] - The max bytes for all large requests are set to 104857600
2021-11-08 11:10:47,670 [myid:2] - INFO  [QuorumPeer[myid=2](plain=127.0.0.1:19343)(secure=disabled):ZooKeeperServer@1550] - The large request threshold is set to -1
2021-11-08 11:10:47,670 [myid:2] - INFO  [QuorumPeer[myid=2](plain=127.0.0.1:19343)(secure=disabled):AuthenticationHelper@66] - zookeeper.enforce.auth.enabled = false
2021-11-08 11:10:47,670 [myid:2] - INFO  [QuorumPeer[myid=2](plain=127.0.0.1:19343)(secure=disabled):AuthenticationHelper@67] - zookeeper.enforce.auth.schemes = []
2021-11-08 11:10:47,670 [myid:2] - INFO  [QuorumPeer[myid=2](plain=127.0.0.1:19343)(secure=disabled):ZooKeeperServer@361] - Created server with tickTime 4000 minSessionTimeout 8000 maxSessionTimeout 80000 clientPortListenBacklog -1 datadir D:\mysoft\faiscoGit\myStudy\ZooKeeperLearning\apache-zookeeper-3.7.0\zookeeper-server\target\surefire\test5223592856158657203.junit.dir\data\version-2 snapdir D:\mysoft\faiscoGit\myStudy\ZooKeeperLearning\apache-zookeeper-3.7.0\zookeeper-server\target\surefire\test5223592856158657203.junit.dir\data\version-2
2021-11-08 11:10:47,671 [myid:2] - INFO  [QuorumPeer[myid=2](plain=127.0.0.1:19343)(secure=disabled):Leader@584] - LEADING - LEADER ELECTION TOOK - 251 MS
2021-11-08 11:10:47,671 [myid:0] - INFO  [QuorumPeer[myid=0](plain=127.0.0.1:19337)(secure=disabled):QuorumPeer@901] - Peer state changed: following
2021-11-08 11:10:47,671 [myid:0] - INFO  [QuorumPeer[myid=0](plain=127.0.0.1:19337)(secure=disabled):QuorumPeer@1512] - FOLLOWING
2021-11-08 11:10:47,671 [myid:0] - INFO  [QuorumPeer[myid=0](plain=127.0.0.1:19337)(secure=disabled):ZooKeeperServer@1300] - minSessionTimeout set to 8000
2021-11-08 11:10:47,671 [myid:0] - INFO  [QuorumPeer[myid=0](plain=127.0.0.1:19337)(secure=disabled):ZooKeeperServer@1309] - maxSessionTimeout set to 80000
2021-11-08 11:10:47,671 [myid:0] - INFO  [QuorumPeer[myid=0](plain=127.0.0.1:19337)(secure=disabled):ResponseCache@45] - getData response cache size is initialized with value 400.
2021-11-08 11:10:47,671 [myid:0] - INFO  [QuorumPeer[myid=0](plain=127.0.0.1:19337)(secure=disabled):ResponseCache@45] - getChildren response cache size is initialized with value 400.
2021-11-08 11:10:47,671 [myid:0] - INFO  [QuorumPeer[myid=0](plain=127.0.0.1:19337)(secure=disabled):RequestPathMetricsCollector@109] - zookeeper.pathStats.slotCapacity = 60
2021-11-08 11:10:47,671 [myid:0] - INFO  [QuorumPeer[myid=0](plain=127.0.0.1:19337)(secure=disabled):RequestPathMetricsCollector@110] - zookeeper.pathStats.slotDuration = 15
2021-11-08 11:10:47,671 [myid:0] - INFO  [QuorumPeer[myid=0](plain=127.0.0.1:19337)(secure=disabled):RequestPathMetricsCollector@111] - zookeeper.pathStats.maxDepth = 6
2021-11-08 11:10:47,671 [myid:0] - INFO  [QuorumPeer[myid=0](plain=127.0.0.1:19337)(secure=disabled):RequestPathMetricsCollector@112] - zookeeper.pathStats.initialDelay = 5
2021-11-08 11:10:47,671 [myid:0] - INFO  [QuorumPeer[myid=0](plain=127.0.0.1:19337)(secure=disabled):RequestPathMetricsCollector@113] - zookeeper.pathStats.delay = 5
2021-11-08 11:10:47,672 [myid:0] - INFO  [QuorumPeer[myid=0](plain=127.0.0.1:19337)(secure=disabled):RequestPathMetricsCollector@114] - zookeeper.pathStats.enabled = false
2021-11-08 11:10:47,672 [myid:0] - INFO  [QuorumPeer[myid=0](plain=127.0.0.1:19337)(secure=disabled):ZooKeeperServer@1536] - The max bytes for all large requests are set to 104857600
2021-11-08 11:10:47,672 [myid:0] - INFO  [QuorumPeer[myid=0](plain=127.0.0.1:19337)(secure=disabled):ZooKeeperServer@1550] - The large request threshold is set to -1
2021-11-08 11:10:47,672 [myid:0] - INFO  [QuorumPeer[myid=0](plain=127.0.0.1:19337)(secure=disabled):AuthenticationHelper@66] - zookeeper.enforce.auth.enabled = false
2021-11-08 11:10:47,672 [myid:0] - INFO  [QuorumPeer[myid=0](plain=127.0.0.1:19337)(secure=disabled):AuthenticationHelper@67] - zookeeper.enforce.auth.schemes = []
2021-11-08 11:10:47,672 [myid:0] - INFO  [QuorumPeer[myid=0](plain=127.0.0.1:19337)(secure=disabled):ZooKeeperServer@361] - Created server with tickTime 4000 minSessionTimeout 8000 maxSessionTimeout 80000 clientPortListenBacklog -1 datadir D:\mysoft\faiscoGit\myStudy\ZooKeeperLearning\apache-zookeeper-3.7.0\zookeeper-server\target\surefire\test2552215350333920110.junit.dir\data\version-2 snapdir D:\mysoft\faiscoGit\myStudy\ZooKeeperLearning\apache-zookeeper-3.7.0\zookeeper-server\target\surefire\test2552215350333920110.junit.dir\data\version-2
2021-11-08 11:10:47,672 [myid:0] - INFO  [QuorumPeer[myid=0](plain=127.0.0.1:19337)(secure=disabled):Follower@77] - FOLLOWING - LEADER ELECTION TOOK - 281 MS
2021-11-08 11:10:47,672 [myid:0] - INFO  [QuorumPeer[myid=0](plain=127.0.0.1:19337)(secure=disabled):QuorumPeer@915] - Peer state changed: following - discovery
2021-11-08 11:10:47,671 [myid:2] - INFO  [QuorumPeer[myid=2](plain=127.0.0.1:19343)(secure=disabled):QuorumPeer@915] - Peer state changed: leading - discovery
2021-11-08 11:10:47,673 [myid:2] - INFO  [QuorumPeer[myid=2](plain=127.0.0.1:19343)(secure=disabled):FileTxnSnapLog@479] - Snapshotting: 0x0 to D:\mysoft\faiscoGit\myStudy\ZooKeeperLearning\apache-zookeeper-3.7.0\zookeeper-server\target\surefire\test5223592856158657203.junit.dir\data\version-2\snapshot.0
2021-11-08 11:10:47,673 [myid:0] - INFO  [LeaderConnector-/127.0.0.1:19344:Learner$LeaderConnector@381] - Successfully connected to leader, using address: /127.0.0.1:19344
2021-11-08 11:10:47,671 [myid:1] - INFO  [QuorumPeer[myid=1](plain=127.0.0.1:19340)(secure=disabled):QuorumPeer@901] - Peer state changed: following
2021-11-08 11:10:47,674 [myid:1] - INFO  [QuorumPeer[myid=1](plain=127.0.0.1:19340)(secure=disabled):QuorumPeer@1512] - FOLLOWING
2021-11-08 11:10:47,674 [myid:1] - INFO  [QuorumPeer[myid=1](plain=127.0.0.1:19340)(secure=disabled):ZooKeeperServer@1300] - minSessionTimeout set to 8000
2021-11-08 11:10:47,674 [myid:1] - INFO  [QuorumPeer[myid=1](plain=127.0.0.1:19340)(secure=disabled):ZooKeeperServer@1309] - maxSessionTimeout set to 80000
2021-11-08 11:10:47,674 [myid:1] - INFO  [QuorumPeer[myid=1](plain=127.0.0.1:19340)(secure=disabled):ResponseCache@45] - getData response cache size is initialized with value 400.
2021-11-08 11:10:47,674 [myid:1] - INFO  [QuorumPeer[myid=1](plain=127.0.0.1:19340)(secure=disabled):ResponseCache@45] - getChildren response cache size is initialized with value 400.
2021-11-08 11:10:47,674 [myid:1] - INFO  [QuorumPeer[myid=1](plain=127.0.0.1:19340)(secure=disabled):RequestPathMetricsCollector@109] - zookeeper.pathStats.slotCapacity = 60
2021-11-08 11:10:47,675 [myid:1] - INFO  [QuorumPeer[myid=1](plain=127.0.0.1:19340)(secure=disabled):RequestPathMetricsCollector@110] - zookeeper.pathStats.slotDuration = 15
2021-11-08 11:10:47,675 [myid:1] - INFO  [QuorumPeer[myid=1](plain=127.0.0.1:19340)(secure=disabled):RequestPathMetricsCollector@111] - zookeeper.pathStats.maxDepth = 6
2021-11-08 11:10:47,675 [myid:1] - INFO  [QuorumPeer[myid=1](plain=127.0.0.1:19340)(secure=disabled):RequestPathMetricsCollector@112] - zookeeper.pathStats.initialDelay = 5
2021-11-08 11:10:47,675 [myid:1] - INFO  [QuorumPeer[myid=1](plain=127.0.0.1:19340)(secure=disabled):RequestPathMetricsCollector@113] - zookeeper.pathStats.delay = 5
2021-11-08 11:10:47,675 [myid:1] - INFO  [QuorumPeer[myid=1](plain=127.0.0.1:19340)(secure=disabled):RequestPathMetricsCollector@114] - zookeeper.pathStats.enabled = false
2021-11-08 11:10:47,675 [myid:1] - INFO  [QuorumPeer[myid=1](plain=127.0.0.1:19340)(secure=disabled):ZooKeeperServer@1536] - The max bytes for all large requests are set to 104857600
2021-11-08 11:10:47,675 [myid:1] - INFO  [QuorumPeer[myid=1](plain=127.0.0.1:19340)(secure=disabled):ZooKeeperServer@1550] - The large request threshold is set to -1
2021-11-08 11:10:47,675 [myid:1] - INFO  [QuorumPeer[myid=1](plain=127.0.0.1:19340)(secure=disabled):AuthenticationHelper@66] - zookeeper.enforce.auth.enabled = false
2021-11-08 11:10:47,675 [myid:2] - INFO  [QuorumPeer[myid=2](plain=127.0.0.1:19343)(secure=disabled):ZooKeeperServer@543] - Snapshot taken in 2 ms
2021-11-08 11:10:47,675 [myid:1] - INFO  [QuorumPeer[myid=1](plain=127.0.0.1:19340)(secure=disabled):AuthenticationHelper@67] - zookeeper.enforce.auth.schemes = []
2021-11-08 11:10:47,675 [myid:1] - INFO  [QuorumPeer[myid=1](plain=127.0.0.1:19340)(secure=disabled):ZooKeeperServer@361] - Created server with tickTime 4000 minSessionTimeout 8000 maxSessionTimeout 80000 clientPortListenBacklog -1 datadir D:\mysoft\faiscoGit\myStudy\ZooKeeperLearning\apache-zookeeper-3.7.0\zookeeper-server\target\surefire\test5491578781283661656.junit.dir\data\version-2 snapdir D:\mysoft\faiscoGit\myStudy\ZooKeeperLearning\apache-zookeeper-3.7.0\zookeeper-server\target\surefire\test5491578781283661656.junit.dir\data\version-2
2021-11-08 11:10:47,675 [myid:1] - INFO  [QuorumPeer[myid=1](plain=127.0.0.1:19340)(secure=disabled):Follower@77] - FOLLOWING - LEADER ELECTION TOOK - 226 MS
2021-11-08 11:10:47,676 [myid:1] - INFO  [QuorumPeer[myid=1](plain=127.0.0.1:19340)(secure=disabled):QuorumPeer@915] - Peer state changed: following - discovery
2021-11-08 11:10:47,684 [myid:2] - INFO  [LearnerCnxAcceptorHandler-/127.0.0.1:19344:LearnerHandler@281] - Forcing snapshot sync is enabled
2021-11-08 11:10:47,684 [myid:1] - INFO  [LeaderConnector-/127.0.0.1:19344:Learner$LeaderConnector@381] - Successfully connected to leader, using address: /127.0.0.1:19344
2021-11-08 11:10:47,685 [myid:2] - INFO  [LearnerCnxAcceptorHandler-/127.0.0.1:19344:LearnerHandler@281] - Forcing snapshot sync is enabled
2021-11-08 11:10:47,686 [myid:2] - INFO  [LearnerHandler-/127.0.0.1:2736:LearnerHandler@506] - Follower sid: 1 : info : 127.0.0.1:19341:19342:participant;127.0.0.1:19340
2021-11-08 11:10:47,686 [myid:2] - INFO  [LearnerHandler-/127.0.0.1:2734:LearnerHandler@506] - Follower sid: 0 : info : 127.0.0.1:19338:19339:participant;127.0.0.1:19337
2021-11-08 11:10:47,695 [myid:2] - INFO  [QuorumPeer[myid=2](plain=127.0.0.1:19343)(secure=disabled):QuorumPeer@1870] - Dynamic reconfig is disabled, we don't store the last seen config.
2021-11-08 11:10:47,698 [myid:2] - INFO  [LearnerHandler-/127.0.0.1:2734:ZKDatabase@346] - On disk txn sync enabled with snapshotSizeFactor 0.33
2021-11-08 11:10:47,698 [myid:0] - INFO  [QuorumPeer[myid=0](plain=127.0.0.1:19337)(secure=disabled):QuorumPeer@915] - Peer state changed: following - synchronization
2021-11-08 11:10:47,698 [myid:2] - INFO  [LearnerHandler-/127.0.0.1:2734:LearnerHandler@801] - Synchronizing with Learner sid: 0 maxCommittedLog=0x0 minCommittedLog=0x0 lastProcessedZxid=0x0 peerLastZxid=0x0
2021-11-08 11:10:47,699 [myid:2] - WARN  [LearnerHandler-/127.0.0.1:2734:LearnerHandler@843] - Forcing snapshot sync - should not see this in production
2021-11-08 11:10:47,699 [myid:0] - INFO  [QuorumPeer[myid=0](plain=127.0.0.1:19337)(secure=disabled):QuorumPeer@920] - Peer state changed: following - synchronization - snap
2021-11-08 11:10:47,699 [myid:2] - INFO  [LearnerHandler-/127.0.0.1:2736:ZKDatabase@346] - On disk txn sync enabled with snapshotSizeFactor 0.33
2021-11-08 11:10:47,699 [myid:1] - INFO  [QuorumPeer[myid=1](plain=127.0.0.1:19340)(secure=disabled):QuorumPeer@915] - Peer state changed: following - synchronization
2021-11-08 11:10:47,699 [myid:2] - INFO  [LearnerHandler-/127.0.0.1:2736:LearnerHandler@801] - Synchronizing with Learner sid: 1 maxCommittedLog=0x0 minCommittedLog=0x0 lastProcessedZxid=0x0 peerLastZxid=0x0
2021-11-08 11:10:47,699 [myid:0] - INFO  [QuorumPeer[myid=0](plain=127.0.0.1:19337)(secure=disabled):Learner@573] - Getting a snapshot from leader 0x0
2021-11-08 11:10:47,699 [myid:2] - INFO  [LearnerHandler-/127.0.0.1:2734:LearnerHandler@568] - Sending snapshot last zxid of peer is 0x0, zxid of leader is 0x100000000, send zxid of db as 0x0, 1 concurrent snapshot sync, snapshot sync was exempt from throttle
2021-11-08 11:10:47,699 [myid:2] - WARN  [LearnerHandler-/127.0.0.1:2736:LearnerHandler@843] - Forcing snapshot sync - should not see this in production
2021-11-08 11:10:47,699 [myid:0] - INFO  [QuorumPeer[myid=0](plain=127.0.0.1:19337)(secure=disabled):WatchManagerFactory@42] - Using org.apache.zookeeper.server.watch.WatchManager as watch manager
2021-11-08 11:10:47,699 [myid:1] - INFO  [QuorumPeer[myid=1](plain=127.0.0.1:19340)(secure=disabled):QuorumPeer@920] - Peer state changed: following - synchronization - snap
2021-11-08 11:10:47,699 [myid:2] - INFO  [LearnerHandler-/127.0.0.1:2736:LearnerHandler@568] - Sending snapshot last zxid of peer is 0x0, zxid of leader is 0x100000000, send zxid of db as 0x0, 2 concurrent snapshot sync, snapshot sync was exempt from throttle
2021-11-08 11:10:47,699 [myid:1] - INFO  [QuorumPeer[myid=1](plain=127.0.0.1:19340)(secure=disabled):Learner@573] - Getting a snapshot from leader 0x0
2021-11-08 11:10:47,699 [myid:0] - INFO  [QuorumPeer[myid=0](plain=127.0.0.1:19337)(secure=disabled):WatchManagerFactory@42] - Using org.apache.zookeeper.server.watch.WatchManager as watch manager
2021-11-08 11:10:47,699 [myid:1] - INFO  [QuorumPeer[myid=1](plain=127.0.0.1:19340)(secure=disabled):WatchManagerFactory@42] - Using org.apache.zookeeper.server.watch.WatchManager as watch manager
2021-11-08 11:10:47,699 [myid:1] - INFO  [QuorumPeer[myid=1](plain=127.0.0.1:19340)(secure=disabled):WatchManagerFactory@42] - Using org.apache.zookeeper.server.watch.WatchManager as watch manager
2021-11-08 11:10:47,703 [myid:0] - INFO  [QuorumPeer[myid=0](plain=127.0.0.1:19337)(secure=disabled):Learner@734] - Learner received NEWLEADER message
2021-11-08 11:10:47,703 [myid:1] - INFO  [QuorumPeer[myid=1](plain=127.0.0.1:19340)(secure=disabled):Learner@734] - Learner received NEWLEADER message
2021-11-08 11:10:47,703 [myid:0] - INFO  [QuorumPeer[myid=0](plain=127.0.0.1:19337)(secure=disabled):QuorumPeer@1870] - Dynamic reconfig is disabled, we don't store the last seen config.
2021-11-08 11:10:47,703 [myid:1] - INFO  [QuorumPeer[myid=1](plain=127.0.0.1:19340)(secure=disabled):QuorumPeer@1870] - Dynamic reconfig is disabled, we don't store the last seen config.
2021-11-08 11:10:47,703 [myid:0] - INFO  [QuorumPeer[myid=0](plain=127.0.0.1:19337)(secure=disabled):FileTxnSnapLog@479] - Snapshotting: 0x0 to D:\mysoft\faiscoGit\myStudy\ZooKeeperLearning\apache-zookeeper-3.7.0\zookeeper-server\target\surefire\test2552215350333920110.junit.dir\data\version-2\snapshot.0
2021-11-08 11:10:47,703 [myid:1] - INFO  [QuorumPeer[myid=1](plain=127.0.0.1:19340)(secure=disabled):FileTxnSnapLog@479] - Snapshotting: 0x0 to D:\mysoft\faiscoGit\myStudy\ZooKeeperLearning\apache-zookeeper-3.7.0\zookeeper-server\target\surefire\test5491578781283661656.junit.dir\data\version-2\snapshot.0
2021-11-08 11:10:47,709 [myid:1] - INFO  [QuorumPeer[myid=1](plain=127.0.0.1:19340)(secure=disabled):ZooKeeperServer@543] - Snapshot taken in 5 ms
2021-11-08 11:10:47,711 [myid:2] - INFO  [QuorumPeer[myid=2](plain=127.0.0.1:19343)(secure=disabled):QuorumPeer@915] - Peer state changed: leading - synchronization
2021-11-08 11:10:47,714 [myid:1] - INFO  [QuorumPeer[myid=1](plain=127.0.0.1:19340)(secure=disabled):QuorumPeer@920] - Peer state changed: following - synchronization
2021-11-08 11:10:47,714 [myid:1] - INFO  [QuorumPeer[myid=1](plain=127.0.0.1:19340)(secure=disabled):CommitProcessor@491] - Configuring CommitProcessor with readBatchSize -1 commitBatchSize 1
2021-11-08 11:10:47,714 [myid:1] - INFO  [QuorumPeer[myid=1](plain=127.0.0.1:19340)(secure=disabled):CommitProcessor@452] - Configuring CommitProcessor with 6 worker threads.
2021-11-08 11:10:47,714 [myid:1] - INFO  [QuorumPeer[myid=1](plain=127.0.0.1:19340)(secure=disabled):FollowerRequestProcessor@59] - Initialized FollowerRequestProcessor with zookeeper.follower.skipLearnerRequestToNextProcessor as false
2021-11-08 11:10:47,714 [myid:2] - INFO  [QuorumPeer[myid=2](plain=127.0.0.1:19343)(secure=disabled):Leader@1495] - Have quorum of supporters, sids: [[1, 2]]; starting up and setting last processed zxid: 0x100000000
2021-11-08 11:10:47,714 [myid:2] - INFO  [QuorumPeer[myid=2](plain=127.0.0.1:19343)(secure=disabled):Leader@1517] - Dynamic reconfig feature is disabled, skip designatedLeader calculation and reconfig processing.
2021-11-08 11:10:47,714 [myid:2] - INFO  [QuorumPeer[myid=2](plain=127.0.0.1:19343)(secure=disabled):CommitProcessor@491] - Configuring CommitProcessor with readBatchSize -1 commitBatchSize 1
2021-11-08 11:10:47,715 [myid:2] - INFO  [QuorumPeer[myid=2](plain=127.0.0.1:19343)(secure=disabled):CommitProcessor@452] - Configuring CommitProcessor with 6 worker threads.
2021-11-08 11:10:47,715 [myid:2] - INFO  [QuorumPeer[myid=2](plain=127.0.0.1:19343)(secure=disabled):ProposalRequestProcessor@57] - zookeeper.forward_learner_requests_to_commit_processor_disabled = false
2021-11-08 11:10:47,715 [myid:2] - INFO  [QuorumPeer[myid=2](plain=127.0.0.1:19343)(secure=disabled):ContainerManager@84] - Using checkIntervalMs=60000 maxPerMinute=10000 maxNeverUsedIntervalMs=0
2021-11-08 11:10:47,715 [myid:2] - INFO  [QuorumPeer[myid=2](plain=127.0.0.1:19343)(secure=disabled):QuorumPeer@915] - Peer state changed: leading - broadcast
2021-11-08 11:10:47,715 [myid:1] - INFO  [QuorumPeer[myid=1](plain=127.0.0.1:19340)(secure=disabled):Learner@718] - Learner received UPTODATE message
2021-11-08 11:10:47,715 [myid:0] - INFO  [QuorumPeer[myid=0](plain=127.0.0.1:19337)(secure=disabled):ZooKeeperServer@543] - Snapshot taken in 12 ms
2021-11-08 11:10:47,715 [myid:1] - INFO  [QuorumPeer[myid=1](plain=127.0.0.1:19340)(secure=disabled):QuorumPeer@915] - Peer state changed: following - broadcast
2021-11-08 11:10:47,717 [myid:2] - INFO  [ProcessThread(sid:2 cport:-1)::PrepRequestProcessor@137] - PrepRequestProcessor (sid:2) started, reconfigEnabled=false
2021-11-08 11:10:47,720 [myid:0] - INFO  [QuorumPeer[myid=0](plain=127.0.0.1:19337)(secure=disabled):QuorumPeer@920] - Peer state changed: following - synchronization
2021-11-08 11:10:47,720 [myid:0] - INFO  [QuorumPeer[myid=0](plain=127.0.0.1:19337)(secure=disabled):CommitProcessor@491] - Configuring CommitProcessor with readBatchSize -1 commitBatchSize 1
2021-11-08 11:10:47,720 [myid:0] - INFO  [QuorumPeer[myid=0](plain=127.0.0.1:19337)(secure=disabled):CommitProcessor@452] - Configuring CommitProcessor with 6 worker threads.
2021-11-08 11:10:47,720 [myid:0] - INFO  [QuorumPeer[myid=0](plain=127.0.0.1:19337)(secure=disabled):FollowerRequestProcessor@59] - Initialized FollowerRequestProcessor with zookeeper.follower.skipLearnerRequestToNextProcessor as false
2021-11-08 11:10:47,721 [myid:0] - INFO  [QuorumPeer[myid=0](plain=127.0.0.1:19337)(secure=disabled):Learner@718] - Learner received UPTODATE message
2021-11-08 11:10:47,721 [myid:0] - INFO  [QuorumPeer[myid=0](plain=127.0.0.1:19337)(secure=disabled):QuorumPeer@915] - Peer state changed: following - broadcast
2021-11-08 11:10:47,836 [myid:127.0.0.1:19337] - INFO  [main-SendThread(127.0.0.1:19337):ClientCnxn$SendThread@1005] - Socket connection established, initiating session, client: /127.0.0.1:2663, server: xmind.net/127.0.0.1:19337
2021-11-08 11:10:47,838 [myid:2] - INFO  [SyncThread:2:FileTxnLog@284] - Creating new log file: log.100000001
2021-11-08 11:10:47,838 [myid:1] - WARN  [QuorumPeer[myid=1](plain=127.0.0.1:19340)(secure=disabled):Follower@174] - Got zxid 0x100000001 expected 0x1
2021-11-08 11:10:47,838 [myid:0] - WARN  [QuorumPeer[myid=0](plain=127.0.0.1:19337)(secure=disabled):Follower@174] - Got zxid 0x100000001 expected 0x1
2021-11-08 11:10:47,838 [myid:1] - INFO  [SyncThread:1:FileTxnLog@284] - Creating new log file: log.100000001
2021-11-08 11:10:47,838 [myid:0] - INFO  [SyncThread:0:FileTxnLog@284] - Creating new log file: log.100000001
2021-11-08 11:10:47,840 [myid:2] - INFO  [CommitProcessor:2:LeaderSessionTracker@104] - Committing global session 0x580710a60000
2021-11-08 11:10:47,840 [myid:1] - INFO  [CommitProcessor:1:LearnerSessionTracker@116] - Committing global session 0x580710a60000
2021-11-08 11:10:47,840 [myid:0] - INFO  [CommitProcessor:0:LearnerSessionTracker@116] - Committing global session 0x580710a60000
2021-11-08 11:10:47,841 [myid:127.0.0.1:19337] - INFO  [main-SendThread(127.0.0.1:19337):ClientCnxn$SendThread@1438] - Session establishment complete on server xmind.net/127.0.0.1:19337, session id = 0x580710a60000, negotiated timeout = 30000
2021-11-08 11:10:47,912 [myid:127.0.0.1:19343] - INFO  [main-SendThread(127.0.0.1:19343):ClientCnxn$SendThread@1005] - Socket connection established, initiating session, client: /127.0.0.1:2712, server: xmind.net/127.0.0.1:19343
2021-11-08 11:10:47,912 [myid:0] - INFO  [QuorumConnectionThread-[myid=0]-1:QuorumCnxManager@514] - Have smaller server identifier, so dropping the connection: (myId:0 --> sid:1)
2021-11-08 11:10:47,912 [myid:0] - INFO  [QuorumConnectionThread-[myid=0]-2:QuorumCnxManager@514] - Have smaller server identifier, so dropping the connection: (myId:0 --> sid:2)
2021-11-08 11:10:47,912 [myid:2] - INFO  [ListenerHandler-/127.0.0.1:19345:QuorumCnxManager$Listener$ListenerHandler@1071] - Received connection request from /127.0.0.1:2710
2021-11-08 11:10:47,913 [myid:1] - INFO  [ListenerHandler-/127.0.0.1:19342:QuorumCnxManager$Listener$ListenerHandler@1071] - Received connection request from /127.0.0.1:2709
2021-11-08 11:10:47,913 [myid:1] - WARN  [SendWorker:0:QuorumCnxManager$SendWorker@1283] - Interrupted while waiting for message on queue
java.lang.InterruptedException
	at java.util.concurrent.locks.AbstractQueuedSynchronizer$ConditionObject.reportInterruptAfterWait(AbstractQueuedSynchronizer.java:2014)
	at java.util.concurrent.locks.AbstractQueuedSynchronizer$ConditionObject.awaitNanos(AbstractQueuedSynchronizer.java:2088)
	at org.apache.zookeeper.util.CircularBlockingQueue.poll(CircularBlockingQueue.java:105)
	at org.apache.zookeeper.server.quorum.QuorumCnxManager.pollSendQueue(QuorumCnxManager.java:1448)
	at org.apache.zookeeper.server.quorum.QuorumCnxManager.access$900(QuorumCnxManager.java:99)
	at org.apache.zookeeper.server.quorum.QuorumCnxManager$SendWorker.run(QuorumCnxManager.java:1272)
2021-11-08 11:10:47,913 [myid:2] - WARN  [RecvWorker:0:QuorumCnxManager$RecvWorker@1397] - Connection broken for id 0, my id = 2
java.net.SocketException: Socket closed
	at java.net.SocketInputStream.socketRead0(Native Method)
	at java.net.SocketInputStream.read(SocketInputStream.java:150)
	at java.net.SocketInputStream.read(SocketInputStream.java:121)
	at java.io.BufferedInputStream.fill(BufferedInputStream.java:246)
	at java.io.BufferedInputStream.read(BufferedInputStream.java:265)
	at java.io.DataInputStream.readInt(DataInputStream.java:387)
	at org.apache.zookeeper.server.quorum.QuorumCnxManager$RecvWorker.run(QuorumCnxManager.java:1385)
2021-11-08 11:10:47,913 [myid:2] - WARN  [RecvWorker:0:QuorumCnxManager$RecvWorker@1403] - Interrupting SendWorker thread from RecvWorker. sid: 0. myId: 2
2021-11-08 11:10:47,913 [myid:0] - WARN  [RecvWorker:2:QuorumCnxManager$RecvWorker@1397] - Connection broken for id 2, my id = 0
java.io.EOFException
	at java.io.DataInputStream.readInt(DataInputStream.java:392)
	at org.apache.zookeeper.server.quorum.QuorumCnxManager$RecvWorker.run(QuorumCnxManager.java:1385)
2021-11-08 11:10:47,914 [myid:0] - WARN  [RecvWorker:2:QuorumCnxManager$RecvWorker@1403] - Interrupting SendWorker thread from RecvWorker. sid: 2. myId: 0
2021-11-08 11:10:47,913 [myid:1] - WARN  [SendWorker:0:QuorumCnxManager$SendWorker@1295] - Send worker leaving thread id 0 my id = 1
2021-11-08 11:10:47,913 [myid:1] - WARN  [RecvWorker:0:QuorumCnxManager$RecvWorker@1397] - Connection broken for id 0, my id = 1
java.net.SocketException: Socket closed
	at java.net.SocketInputStream.socketRead0(Native Method)
	at java.net.SocketInputStream.read(SocketInputStream.java:150)
	at java.net.SocketInputStream.read(SocketInputStream.java:121)
	at java.io.BufferedInputStream.fill(BufferedInputStream.java:246)
	at java.io.BufferedInputStream.read(BufferedInputStream.java:265)
	at java.io.DataInputStream.readInt(DataInputStream.java:387)
	at org.apache.zookeeper.server.quorum.QuorumCnxManager$RecvWorker.run(QuorumCnxManager.java:1385)
2021-11-08 11:10:47,914 [myid:1] - WARN  [RecvWorker:0:QuorumCnxManager$RecvWorker@1403] - Interrupting SendWorker thread from RecvWorker. sid: 0. myId: 1
2021-11-08 11:10:47,914 [myid:0] - WARN  [SendWorker:2:QuorumCnxManager$SendWorker@1283] - Interrupted while waiting for message on queue
java.lang.InterruptedException
	at java.util.concurrent.locks.AbstractQueuedSynchronizer$ConditionObject.reportInterruptAfterWait(AbstractQueuedSynchronizer.java:2014)
	at java.util.concurrent.locks.AbstractQueuedSynchronizer$ConditionObject.awaitNanos(AbstractQueuedSynchronizer.java:2088)
	at org.apache.zookeeper.util.CircularBlockingQueue.poll(CircularBlockingQueue.java:105)
	at org.apache.zookeeper.server.quorum.QuorumCnxManager.pollSendQueue(QuorumCnxManager.java:1448)
	at org.apache.zookeeper.server.quorum.QuorumCnxManager.access$900(QuorumCnxManager.java:99)
	at org.apache.zookeeper.server.quorum.QuorumCnxManager$SendWorker.run(QuorumCnxManager.java:1272)
2021-11-08 11:10:47,913 [myid:2] - WARN  [SendWorker:0:QuorumCnxManager$SendWorker@1283] - Interrupted while waiting for message on queue
java.lang.InterruptedException
	at java.util.concurrent.locks.AbstractQueuedSynchronizer$ConditionObject.reportInterruptAfterWait(AbstractQueuedSynchronizer.java:2014)
	at java.util.concurrent.locks.AbstractQueuedSynchronizer$ConditionObject.awaitNanos(AbstractQueuedSynchronizer.java:2088)
	at org.apache.zookeeper.util.CircularBlockingQueue.poll(CircularBlockingQueue.java:105)
	at org.apache.zookeeper.server.quorum.QuorumCnxManager.pollSendQueue(QuorumCnxManager.java:1448)
	at org.apache.zookeeper.server.quorum.QuorumCnxManager.access$900(QuorumCnxManager.java:99)
	at org.apache.zookeeper.server.quorum.QuorumCnxManager$SendWorker.run(QuorumCnxManager.java:1272)
2021-11-08 11:10:47,914 [myid:2] - WARN  [SendWorker:0:QuorumCnxManager$SendWorker@1295] - Send worker leaving thread id 0 my id = 2
2021-11-08 11:10:47,913 [myid:0] - WARN  [RecvWorker:1:QuorumCnxManager$RecvWorker@1397] - Connection broken for id 1, my id = 0
java.io.EOFException
	at java.io.DataInputStream.readInt(DataInputStream.java:392)
	at org.apache.zookeeper.server.quorum.QuorumCnxManager$RecvWorker.run(QuorumCnxManager.java:1385)
2021-11-08 11:10:47,915 [myid:0] - WARN  [RecvWorker:1:QuorumCnxManager$RecvWorker@1403] - Interrupting SendWorker thread from RecvWorker. sid: 1. myId: 0
2021-11-08 11:10:47,914 [myid:0] - WARN  [SendWorker:2:QuorumCnxManager$SendWorker@1295] - Send worker leaving thread id 2 my id = 0
2021-11-08 11:10:47,915 [myid:0] - WARN  [SendWorker:1:QuorumCnxManager$SendWorker@1283] - Interrupted while waiting for message on queue
java.lang.InterruptedException
	at java.util.concurrent.locks.AbstractQueuedSynchronizer$ConditionObject.reportInterruptAfterWait(AbstractQueuedSynchronizer.java:2014)
	at java.util.concurrent.locks.AbstractQueuedSynchronizer$ConditionObject.awaitNanos(AbstractQueuedSynchronizer.java:2088)
	at org.apache.zookeeper.util.CircularBlockingQueue.poll(CircularBlockingQueue.java:105)
	at org.apache.zookeeper.server.quorum.QuorumCnxManager.pollSendQueue(QuorumCnxManager.java:1448)
	at org.apache.zookeeper.server.quorum.QuorumCnxManager.access$900(QuorumCnxManager.java:99)
	at org.apache.zookeeper.server.quorum.QuorumCnxManager$SendWorker.run(QuorumCnxManager.java:1272)
2021-11-08 11:10:47,915 [myid:0] - WARN  [SendWorker:1:QuorumCnxManager$SendWorker@1295] - Send worker leaving thread id 1 my id = 0
2021-11-08 11:10:47,917 [myid:0] - INFO  [ListenerHandler-/127.0.0.1:19339:QuorumCnxManager$Listener$ListenerHandler@1071] - Received connection request from /127.0.0.1:2754
2021-11-08 11:10:47,919 [myid:0] - INFO  [ListenerHandler-/127.0.0.1:19339:QuorumCnxManager$Listener$ListenerHandler@1071] - Received connection request from /127.0.0.1:2755
2021-11-08 11:10:47,920 [myid:0] - INFO  [CommitProcessor:0:LearnerSessionTracker@116] - Committing global session 0x200580710b30000
2021-11-08 11:10:47,920 [myid:2] - INFO  [CommitProcessor:2:LeaderSessionTracker@104] - Committing global session 0x200580710b30000
2021-11-08 11:10:47,920 [myid:1] - INFO  [CommitProcessor:1:LearnerSessionTracker@116] - Committing global session 0x200580710b30000
2021-11-08 11:10:47,922 [myid:2] - INFO  [WorkerReceiver[myid=2]:FastLeaderElection$Messenger$WorkerReceiver@390] - Notification: my state:LEADING; n.sid:0, n.state:LOOKING, n.leader:2, n.round:0x1, n.peerEpoch:0x0, n.zxid:0x0, message format version:0x2, n.config version:0x0
2021-11-08 11:10:47,922 [myid:0] - INFO  [WorkerReceiver[myid=0]:FastLeaderElection$Messenger$WorkerReceiver@390] - Notification: my state:FOLLOWING; n.sid:1, n.state:LOOKING, n.leader:2, n.round:0x1, n.peerEpoch:0x0, n.zxid:0x0, message format version:0x2, n.config version:0x0
2021-11-08 11:10:47,922 [myid:1] - INFO  [WorkerReceiver[myid=1]:FastLeaderElection$Messenger$WorkerReceiver@390] - Notification: my state:FOLLOWING; n.sid:0, n.state:LOOKING, n.leader:2, n.round:0x1, n.peerEpoch:0x0, n.zxid:0x0, message format version:0x2, n.config version:0x0
2021-11-08 11:10:47,923 [myid:0] - INFO  [WorkerReceiver[myid=0]:FastLeaderElection$Messenger$WorkerReceiver@390] - Notification: my state:FOLLOWING; n.sid:2, n.state:LOOKING, n.leader:2, n.round:0x1, n.peerEpoch:0x0, n.zxid:0x0, message format version:0x2, n.config version:0x0
2021-11-08 11:10:47,923 [myid:0] - INFO  [WorkerReceiver[myid=0]:FastLeaderElection$Messenger$WorkerReceiver@390] - Notification: my state:FOLLOWING; n.sid:2, n.state:LEADING, n.leader:2, n.round:0x1, n.peerEpoch:0x1, n.zxid:0x0, message format version:0x2, n.config version:0x0
2021-11-08 11:10:47,924 [myid:0] - INFO  [WorkerReceiver[myid=0]:FastLeaderElection$Messenger$WorkerReceiver@390] - Notification: my state:FOLLOWING; n.sid:1, n.state:FOLLOWING, n.leader:2, n.round:0x1, n.peerEpoch:0x1, n.zxid:0x0, message format version:0x2, n.config version:0x0
2021-11-08 11:10:47,924 [myid:1] - INFO  [WorkerReceiver[myid=1]:FastLeaderElection$Messenger$WorkerReceiver@390] - Notification: my state:FOLLOWING; n.sid:0, n.state:FOLLOWING, n.leader:2, n.round:0x1, n.peerEpoch:0x1, n.zxid:0x0, message format version:0x2, n.config version:0x0
2021-11-08 11:10:47,924 [myid:2] - INFO  [WorkerReceiver[myid=2]:FastLeaderElection$Messenger$WorkerReceiver@390] - Notification: my state:LEADING; n.sid:0, n.state:FOLLOWING, n.leader:2, n.round:0x1, n.peerEpoch:0x1, n.zxid:0x0, message format version:0x2, n.config version:0x0
2021-11-08 11:10:47,924 [myid:127.0.0.1:19343] - INFO  [main-SendThread(127.0.0.1:19343):ClientCnxn$SendThread@1438] - Session establishment complete on server xmind.net/127.0.0.1:19343, session id = 0x200580710b30000, negotiated timeout = 30000
2021-11-08 11:10:47,934 [myid:1] - INFO  [ListenerHandler-/127.0.0.1:19342:QuorumCnxManager$Listener$ListenerHandler@1071] - Received connection request from /127.0.0.1:2721
2021-11-08 11:10:47,935 [myid:2] - INFO  [WorkerReceiver[myid=2]:FastLeaderElection$Messenger$WorkerReceiver@390] - Notification: my state:LEADING; n.sid:1, n.state:LOOKING, n.leader:2, n.round:0x1, n.peerEpoch:0x0, n.zxid:0x0, message format version:0x2, n.config version:0x0
2021-11-08 11:10:47,935 [myid:1] - INFO  [WorkerReceiver[myid=1]:FastLeaderElection$Messenger$WorkerReceiver@390] - Notification: my state:FOLLOWING; n.sid:2, n.state:LOOKING, n.leader:2, n.round:0x1, n.peerEpoch:0x0, n.zxid:0x0, message format version:0x2, n.config version:0x0
2021-11-08 11:10:47,936 [myid:1] - INFO  [WorkerReceiver[myid=1]:FastLeaderElection$Messenger$WorkerReceiver@390] - Notification: my state:FOLLOWING; n.sid:2, n.state:LEADING, n.leader:2, n.round:0x1, n.peerEpoch:0x1, n.zxid:0x0, message format version:0x2, n.config version:0x0
2021-11-08 11:10:47,936 [myid:2] - INFO  [WorkerReceiver[myid=2]:FastLeaderElection$Messenger$WorkerReceiver@390] - Notification: my state:LEADING; n.sid:1, n.state:FOLLOWING, n.leader:2, n.round:0x1, n.peerEpoch:0x1, n.zxid:0x0, message format version:0x2, n.config version:0x0
2021-11-08 11:10:49,114 [myid:127.0.0.1:19340] - INFO  [main-SendThread(127.0.0.1:19340):ClientCnxn$SendThread@1171] - Opening socket connection to server xmind.net/127.0.0.1:19340.
2021-11-08 11:10:49,114 [myid:127.0.0.1:19340] - INFO  [main-SendThread(127.0.0.1:19340):ClientCnxn$SendThread@1173] - SASL config status: Will not attempt to authenticate using SASL (unknown error)
2021-11-08 11:10:49,115 [myid:127.0.0.1:19340] - INFO  [main-SendThread(127.0.0.1:19340):ClientCnxn$SendThread@1005] - Socket connection established, initiating session, client: /127.0.0.1:2804, server: xmind.net/127.0.0.1:19340
2021-11-08 11:10:49,129 [myid:2] - INFO  [CommitProcessor:2:LeaderSessionTracker@104] - Committing global session 0x100580710a60000
2021-11-08 11:10:49,129 [myid:1] - INFO  [CommitProcessor:1:LearnerSessionTracker@116] - Committing global session 0x100580710a60000
2021-11-08 11:10:49,130 [myid:0] - INFO  [CommitProcessor:0:LearnerSessionTracker@116] - Committing global session 0x100580710a60000
2021-11-08 11:10:49,132 [myid:127.0.0.1:19340] - INFO  [main-SendThread(127.0.0.1:19340):ClientCnxn$SendThread@1438] - Session establishment complete on server xmind.net/127.0.0.1:19340, session id = 0x100580710a60000, negotiated timeout = 30000
2021-11-08 11:10:49,345 [myid:127.0.0.1:19301] - WARN  [main-SendThread(127.0.0.1:19301):ClientCnxn$SendThread@1290] - Session 0x580661430001 for sever xmind.net/127.0.0.1:19301, Closing socket connection. Attempting reconnect except it is a SessionExpiredException.
java.net.ConnectException: Connection refused: no further information
	at sun.nio.ch.SocketChannelImpl.checkConnect(Native Method)
	at sun.nio.ch.SocketChannelImpl.finishConnect(SocketChannelImpl.java:716)
	at org.apache.zookeeper.ClientCnxnSocketNIO.doTransport(ClientCnxnSocketNIO.java:344)
	at org.apache.zookeeper.ClientCnxn$SendThread.run(ClientCnxn.java:1280)
2021-11-08 11:10:50,412 [myid:] - INFO  [main:FuzzySnapshotRelatedTest@105] - all servers started
2021-11-08 11:10:50,415 [myid:] - INFO  [main:FuzzySnapshotRelatedTest@251] - Create some txns
2021-11-08 11:10:50,451 [myid:] - INFO  [main:ZooKeeperServer@2141] - zookeeper.digest.enabled = false
2021-11-08 11:10:50,452 [myid:] - INFO  [main:QuorumBase@422] - Shutting down quorum peer QuorumPeer[myid=0](plain=127.0.0.1:19337)(secure=disabled)
2021-11-08 11:10:50,452 [myid:] - INFO  [main:Follower@291] - shutdown Follower
2021-11-08 11:10:50,452 [myid:127.0.0.1:19337] - WARN  [main-SendThread(127.0.0.1:19337):ClientCnxn$SendThread@1290] - Session 0x580710a60000 for sever xmind.net/127.0.0.1:19337, Closing socket connection. Attempting reconnect except it is a SessionExpiredException.
EndOfStreamException: Unable to read additional data from server sessionid 0x580710a60000, likely server has closed socket
	at org.apache.zookeeper.ClientCnxnSocketNIO.doIO(ClientCnxnSocketNIO.java:77)
	at org.apache.zookeeper.ClientCnxnSocketNIO.doTransport(ClientCnxnSocketNIO.java:350)
	at org.apache.zookeeper.ClientCnxn$SendThread.run(ClientCnxn.java:1280)
2021-11-08 11:10:50,452 [myid:2] - ERROR [LearnerHandler-/127.0.0.1:2734:LearnerHandler@715] - Unexpected exception in LearnerHandler: 
java.io.EOFException
	at java.io.DataInputStream.readInt(DataInputStream.java:392)
	at org.apache.jute.BinaryInputArchive.readInt(BinaryInputArchive.java:96)
	at org.apache.zookeeper.server.quorum.QuorumPacket.deserialize(QuorumPacket.java:86)
	at org.apache.jute.BinaryInputArchive.readRecord(BinaryInputArchive.java:134)
	at org.apache.zookeeper.server.quorum.LearnerHandler.run(LearnerHandler.java:652)
2021-11-08 11:10:50,452 [myid:0] - WARN  [QuorumPeer[myid=0](plain=127.0.0.1:19337)(secure=disabled):Follower@133] - Exception when following the leader
java.net.SocketException: Socket Closed
	at java.net.SocketInputStream.socketRead0(Native Method)
	at java.net.SocketInputStream.read(SocketInputStream.java:150)
	at java.net.SocketInputStream.read(SocketInputStream.java:121)
	at java.io.BufferedInputStream.fill(BufferedInputStream.java:246)
	at java.io.BufferedInputStream.read(BufferedInputStream.java:265)
	at java.io.DataInputStream.readInt(DataInputStream.java:387)
	at org.apache.jute.BinaryInputArchive.readInt(BinaryInputArchive.java:96)
	at org.apache.zookeeper.server.quorum.QuorumPacket.deserialize(QuorumPacket.java:86)
	at org.apache.jute.BinaryInputArchive.readRecord(BinaryInputArchive.java:134)
	at org.apache.zookeeper.server.quorum.Learner.readPacket(Learner.java:225)
	at org.apache.zookeeper.server.quorum.Follower.followLeader(Follower.java:128)
	at org.apache.zookeeper.server.quorum.QuorumPeer.run(QuorumPeer.java:1515)
2021-11-08 11:10:50,452 [myid:] - INFO  [main:ZooKeeperServer@829] - shutting down
2021-11-08 11:10:50,452 [myid:2] - INFO  [LearnerHandler-/127.0.0.1:2734:LearnerHandler@1155] - Synchronously closing socket to learner 0.
2021-11-08 11:10:50,453 [myid:] - INFO  [main:RequestThrottler@258] - Shutting down
2021-11-08 11:10:50,452 [myid:0] - INFO  [QuorumPeer[myid=0](plain=127.0.0.1:19337)(secure=disabled):Follower@147] - Disconnected from leader (with address: /127.0.0.1:19344). Was connected for 2768ms. Sync state: true
2021-11-08 11:10:50,453 [myid:2] - WARN  [LearnerHandler-/127.0.0.1:2734:LearnerHandler@731] - ******* GOODBYE /127.0.0.1:2734 ********
2021-11-08 11:10:50,453 [myid:0] - INFO  [QuorumPeer[myid=0](plain=127.0.0.1:19337)(secure=disabled):Follower@291] - shutdown Follower
2021-11-08 11:10:50,453 [myid:0] - INFO  [RequestThrottler:RequestThrottler@219] - Draining request throttler queue
2021-11-08 11:10:50,453 [myid:0] - INFO  [RequestThrottler:RequestThrottler@195] - RequestThrottler shutdown. Dropped 0 requests
2021-11-08 11:10:50,453 [myid:] - INFO  [main:FollowerRequestProcessor@172] - Shutting down
2021-11-08 11:10:50,453 [myid:] - INFO  [main:CommitProcessor@632] - Shutting down
2021-11-08 11:10:50,453 [myid:0] - INFO  [FollowerRequestProcessor:0:FollowerRequestProcessor@128] - FollowerRequestProcessor exited loop!
2021-11-08 11:10:50,453 [myid:0] - INFO  [CommitProcessor:0:CommitProcessor@420] - CommitProcessor exited loop!
2021-11-08 11:10:50,453 [myid:] - INFO  [main:FinalRequestProcessor@684] - shutdown of request processor complete
2021-11-08 11:10:50,454 [myid:0] - INFO  [QuorumPeer[myid=0](plain=127.0.0.1:19337)(secure=disabled):QuorumPeer@915] - Peer state changed: looking
2021-11-08 11:10:50,454 [myid:0] - WARN  [QuorumPeer[myid=0](plain=127.0.0.1:19337)(secure=disabled):QuorumPeer@1563] - PeerState set to LOOKING
2021-11-08 11:10:50,454 [myid:0] - WARN  [QuorumPeer[myid=0](plain=127.0.0.1:19337)(secure=disabled):QuorumPeer@1545] - QuorumPeer main thread exited
2021-11-08 11:10:50,455 [myid:0] - INFO  [ConnnectionExpirer:NIOServerCnxnFactory$ConnectionExpirerThread@564] - ConnnectionExpirerThread interrupted
2021-11-08 11:10:50,455 [myid:0] - INFO  [NIOServerCxnFactory.AcceptThread:/127.0.0.1:19337:NIOServerCnxnFactory$AcceptThread@195] - accept thread exitted run method
2021-11-08 11:10:50,456 [myid:0] - INFO  [NIOServerCxnFactory.SelectorThread-0:NIOServerCnxnFactory$SelectorThread@397] - selector thread exitted run method
2021-11-08 11:10:50,456 [myid:0] - INFO  [QuorumPeerListener:QuorumCnxManager$Listener@980] - Leaving listener
2021-11-08 11:10:50,456 [myid:1] - WARN  [RecvWorker:0:QuorumCnxManager$RecvWorker@1397] - Connection broken for id 0, my id = 1
java.io.EOFException
	at java.io.DataInputStream.readInt(DataInputStream.java:392)
	at org.apache.zookeeper.server.quorum.QuorumCnxManager$RecvWorker.run(QuorumCnxManager.java:1385)
2021-11-08 11:10:50,457 [myid:2] - WARN  [RecvWorker:0:QuorumCnxManager$RecvWorker@1397] - Connection broken for id 0, my id = 2
java.io.EOFException
	at java.io.DataInputStream.readInt(DataInputStream.java:392)
	at org.apache.zookeeper.server.quorum.QuorumCnxManager$RecvWorker.run(QuorumCnxManager.java:1385)
2021-11-08 11:10:50,457 [myid:0] - WARN  [RecvWorker:1:QuorumCnxManager$RecvWorker@1397] - Connection broken for id 1, my id = 0
java.net.SocketException: Socket closed
	at java.net.SocketInputStream.socketRead0(Native Method)
	at java.net.SocketInputStream.read(SocketInputStream.java:150)
	at java.net.SocketInputStream.read(SocketInputStream.java:121)
	at java.io.BufferedInputStream.fill(BufferedInputStream.java:246)
	at java.io.BufferedInputStream.read(BufferedInputStream.java:265)
	at java.io.DataInputStream.readInt(DataInputStream.java:387)
	at org.apache.zookeeper.server.quorum.QuorumCnxManager$RecvWorker.run(QuorumCnxManager.java:1385)
2021-11-08 11:10:50,457 [myid:0] - WARN  [RecvWorker:1:QuorumCnxManager$RecvWorker@1403] - Interrupting SendWorker thread from RecvWorker. sid: 1. myId: 0
2021-11-08 11:10:50,457 [myid:0] - WARN  [SendWorker:1:QuorumCnxManager$SendWorker@1283] - Interrupted while waiting for message on queue
java.lang.InterruptedException
	at java.util.concurrent.locks.AbstractQueuedSynchronizer$ConditionObject.reportInterruptAfterWait(AbstractQueuedSynchronizer.java:2014)
	at java.util.concurrent.locks.AbstractQueuedSynchronizer$ConditionObject.awaitNanos(AbstractQueuedSynchronizer.java:2088)
	at org.apache.zookeeper.util.CircularBlockingQueue.poll(CircularBlockingQueue.java:105)
	at org.apache.zookeeper.server.quorum.QuorumCnxManager.pollSendQueue(QuorumCnxManager.java:1448)
	at org.apache.zookeeper.server.quorum.QuorumCnxManager.access$900(QuorumCnxManager.java:99)
	at org.apache.zookeeper.server.quorum.QuorumCnxManager$SendWorker.run(QuorumCnxManager.java:1272)
2021-11-08 11:10:50,457 [myid:2] - WARN  [RecvWorker:0:QuorumCnxManager$RecvWorker@1403] - Interrupting SendWorker thread from RecvWorker. sid: 0. myId: 2
2021-11-08 11:10:50,457 [myid:0] - WARN  [RecvWorker:2:QuorumCnxManager$RecvWorker@1397] - Connection broken for id 2, my id = 0
java.net.SocketException: Socket closed
	at java.net.SocketInputStream.socketRead0(Native Method)
	at java.net.SocketInputStream.read(SocketInputStream.java:150)
	at java.net.SocketInputStream.read(SocketInputStream.java:121)
	at java.io.BufferedInputStream.fill(BufferedInputStream.java:246)
	at java.io.BufferedInputStream.read(BufferedInputStream.java:265)
	at java.io.DataInputStream.readInt(DataInputStream.java:387)
	at org.apache.zookeeper.server.quorum.QuorumCnxManager$RecvWorker.run(QuorumCnxManager.java:1385)
2021-11-08 11:10:50,457 [myid:0] - WARN  [RecvWorker:2:QuorumCnxManager$RecvWorker@1403] - Interrupting SendWorker thread from RecvWorker. sid: 2. myId: 0
2021-11-08 11:10:50,457 [myid:0] - WARN  [SendWorker:1:QuorumCnxManager$SendWorker@1295] - Send worker leaving thread id 1 my id = 0
2021-11-08 11:10:50,457 [myid:0] - WARN  [SendWorker:2:QuorumCnxManager$SendWorker@1283] - Interrupted while waiting for message on queue
java.lang.InterruptedException
	at java.util.concurrent.locks.AbstractQueuedSynchronizer$ConditionObject.reportInterruptAfterWait(AbstractQueuedSynchronizer.java:2014)
	at java.util.concurrent.locks.AbstractQueuedSynchronizer$ConditionObject.awaitNanos(AbstractQueuedSynchronizer.java:2088)
	at org.apache.zookeeper.util.CircularBlockingQueue.poll(CircularBlockingQueue.java:105)
	at org.apache.zookeeper.server.quorum.QuorumCnxManager.pollSendQueue(QuorumCnxManager.java:1448)
	at org.apache.zookeeper.server.quorum.QuorumCnxManager.access$900(QuorumCnxManager.java:99)
	at org.apache.zookeeper.server.quorum.QuorumCnxManager$SendWorker.run(QuorumCnxManager.java:1272)
2021-11-08 11:10:50,457 [myid:1] - WARN  [RecvWorker:0:QuorumCnxManager$RecvWorker@1403] - Interrupting SendWorker thread from RecvWorker. sid: 0. myId: 1
2021-11-08 11:10:50,457 [myid:2] - WARN  [SendWorker:0:QuorumCnxManager$SendWorker@1283] - Interrupted while waiting for message on queue
java.lang.InterruptedException
	at java.util.concurrent.locks.AbstractQueuedSynchronizer$ConditionObject.reportInterruptAfterWait(AbstractQueuedSynchronizer.java:2014)
	at java.util.concurrent.locks.AbstractQueuedSynchronizer$ConditionObject.awaitNanos(AbstractQueuedSynchronizer.java:2088)
	at org.apache.zookeeper.util.CircularBlockingQueue.poll(CircularBlockingQueue.java:105)
	at org.apache.zookeeper.server.quorum.QuorumCnxManager.pollSendQueue(QuorumCnxManager.java:1448)
	at org.apache.zookeeper.server.quorum.QuorumCnxManager.access$900(QuorumCnxManager.java:99)
	at org.apache.zookeeper.server.quorum.QuorumCnxManager$SendWorker.run(QuorumCnxManager.java:1272)
2021-11-08 11:10:50,458 [myid:2] - WARN  [SendWorker:0:QuorumCnxManager$SendWorker@1295] - Send worker leaving thread id 0 my id = 2
2021-11-08 11:10:50,457 [myid:] - INFO  [main:QuorumBase@426] - Shutting down leader election QuorumPeer[myid=0](plain=127.0.0.1:19337)(secure=disabled)
2021-11-08 11:10:50,458 [myid:] - INFO  [main:QuorumBase@431] - Waiting for QuorumPeer[myid=0](plain=127.0.0.1:19337)(secure=disabled) to exit thread
2021-11-08 11:10:50,458 [myid:] - INFO  [main:QuorumBase@422] - Shutting down quorum peer QuorumPeer[myid=1](plain=127.0.0.1:19340)(secure=disabled)
2021-11-08 11:10:50,458 [myid:] - INFO  [main:Follower@291] - shutdown Follower
2021-11-08 11:10:50,458 [myid:1] - WARN  [SendWorker:0:QuorumCnxManager$SendWorker@1283] - Interrupted while waiting for message on queue
java.lang.InterruptedException
	at java.util.concurrent.locks.AbstractQueuedSynchronizer$ConditionObject.reportInterruptAfterWait(AbstractQueuedSynchronizer.java:2014)
	at java.util.concurrent.locks.AbstractQueuedSynchronizer$ConditionObject.awaitNanos(AbstractQueuedSynchronizer.java:2088)
	at org.apache.zookeeper.util.CircularBlockingQueue.poll(CircularBlockingQueue.java:105)
	at org.apache.zookeeper.server.quorum.QuorumCnxManager.pollSendQueue(QuorumCnxManager.java:1448)
	at org.apache.zookeeper.server.quorum.QuorumCnxManager.access$900(QuorumCnxManager.java:99)
	at org.apache.zookeeper.server.quorum.QuorumCnxManager$SendWorker.run(QuorumCnxManager.java:1272)
2021-11-08 11:10:50,458 [myid:1] - WARN  [SendWorker:0:QuorumCnxManager$SendWorker@1295] - Send worker leaving thread id 0 my id = 1
2021-11-08 11:10:50,459 [myid:2] - ERROR [LearnerHandler-/127.0.0.1:2736:LearnerHandler@715] - Unexpected exception in LearnerHandler: 
java.io.EOFException
	at java.io.DataInputStream.readInt(DataInputStream.java:392)
	at org.apache.jute.BinaryInputArchive.readInt(BinaryInputArchive.java:96)
	at org.apache.zookeeper.server.quorum.QuorumPacket.deserialize(QuorumPacket.java:86)
	at org.apache.jute.BinaryInputArchive.readRecord(BinaryInputArchive.java:134)
	at org.apache.zookeeper.server.quorum.LearnerHandler.run(LearnerHandler.java:652)
2021-11-08 11:10:50,458 [myid:0] - WARN  [SendWorker:2:QuorumCnxManager$SendWorker@1295] - Send worker leaving thread id 2 my id = 0
2021-11-08 11:10:50,459 [myid:1] - WARN  [QuorumPeer[myid=1](plain=127.0.0.1:19340)(secure=disabled):Follower@133] - Exception when following the leader
java.net.SocketException: Socket Closed
	at java.net.SocketInputStream.socketRead0(Native Method)
	at java.net.SocketInputStream.read(SocketInputStream.java:150)
	at java.net.SocketInputStream.read(SocketInputStream.java:121)
	at java.io.BufferedInputStream.fill(BufferedInputStream.java:246)
	at java.io.BufferedInputStream.read(BufferedInputStream.java:265)
	at java.io.DataInputStream.readInt(DataInputStream.java:387)
	at org.apache.jute.BinaryInputArchive.readInt(BinaryInputArchive.java:96)
	at org.apache.zookeeper.server.quorum.QuorumPacket.deserialize(QuorumPacket.java:86)
	at org.apache.jute.BinaryInputArchive.readRecord(BinaryInputArchive.java:134)
	at org.apache.zookeeper.server.quorum.Learner.readPacket(Learner.java:225)
	at org.apache.zookeeper.server.quorum.Follower.followLeader(Follower.java:128)
	at org.apache.zookeeper.server.quorum.QuorumPeer.run(QuorumPeer.java:1515)
2021-11-08 11:10:50,459 [myid:] - INFO  [main:ZooKeeperServer@829] - shutting down
2021-11-08 11:10:50,459 [myid:2] - INFO  [LearnerHandler-/127.0.0.1:2736:LearnerHandler@1155] - Synchronously closing socket to learner 1.
2021-11-08 11:10:50,459 [myid:127.0.0.1:19340] - WARN  [main-SendThread(127.0.0.1:19340):ClientCnxn$SendThread@1290] - Session 0x100580710a60000 for sever xmind.net/127.0.0.1:19340, Closing socket connection. Attempting reconnect except it is a SessionExpiredException.
EndOfStreamException: Unable to read additional data from server sessionid 0x100580710a60000, likely server has closed socket
	at org.apache.zookeeper.ClientCnxnSocketNIO.doIO(ClientCnxnSocketNIO.java:77)
	at org.apache.zookeeper.ClientCnxnSocketNIO.doTransport(ClientCnxnSocketNIO.java:350)
	at org.apache.zookeeper.ClientCnxn$SendThread.run(ClientCnxn.java:1280)
2021-11-08 11:10:50,459 [myid:] - INFO  [main:RequestThrottler@258] - Shutting down
2021-11-08 11:10:50,459 [myid:2] - WARN  [LearnerHandler-/127.0.0.1:2736:LearnerHandler@731] - ******* GOODBYE /127.0.0.1:2736 ********
2021-11-08 11:10:50,459 [myid:1] - INFO  [QuorumPeer[myid=1](plain=127.0.0.1:19340)(secure=disabled):Follower@147] - Disconnected from leader (with address: /127.0.0.1:19344). Was connected for 2774ms. Sync state: true
2021-11-08 11:10:50,459 [myid:1] - INFO  [QuorumPeer[myid=1](plain=127.0.0.1:19340)(secure=disabled):Follower@291] - shutdown Follower
2021-11-08 11:10:50,459 [myid:1] - INFO  [RequestThrottler:RequestThrottler@219] - Draining request throttler queue
2021-11-08 11:10:50,459 [myid:1] - INFO  [RequestThrottler:RequestThrottler@195] - RequestThrottler shutdown. Dropped 0 requests
2021-11-08 11:10:50,460 [myid:] - INFO  [main:FollowerRequestProcessor@172] - Shutting down
2021-11-08 11:10:50,460 [myid:] - INFO  [main:CommitProcessor@632] - Shutting down
2021-11-08 11:10:50,460 [myid:1] - INFO  [FollowerRequestProcessor:1:FollowerRequestProcessor@128] - FollowerRequestProcessor exited loop!
2021-11-08 11:10:50,460 [myid:] - INFO  [main:FinalRequestProcessor@684] - shutdown of request processor complete
2021-11-08 11:10:50,460 [myid:1] - INFO  [CommitProcessor:1:CommitProcessor@420] - CommitProcessor exited loop!
2021-11-08 11:10:50,461 [myid:1] - INFO  [QuorumPeer[myid=1](plain=127.0.0.1:19340)(secure=disabled):QuorumPeer@915] - Peer state changed: looking
2021-11-08 11:10:50,461 [myid:1] - WARN  [QuorumPeer[myid=1](plain=127.0.0.1:19340)(secure=disabled):QuorumPeer@1563] - PeerState set to LOOKING
2021-11-08 11:10:50,461 [myid:1] - WARN  [QuorumPeer[myid=1](plain=127.0.0.1:19340)(secure=disabled):QuorumPeer@1545] - QuorumPeer main thread exited
2021-11-08 11:10:50,461 [myid:1] - INFO  [NIOServerCxnFactory.AcceptThread:/127.0.0.1:19340:NIOServerCnxnFactory$AcceptThread@195] - accept thread exitted run method
2021-11-08 11:10:50,461 [myid:1] - INFO  [ConnnectionExpirer:NIOServerCnxnFactory$ConnectionExpirerThread@564] - ConnnectionExpirerThread interrupted
2021-11-08 11:10:50,461 [myid:1] - INFO  [NIOServerCxnFactory.SelectorThread-0:NIOServerCnxnFactory$SelectorThread@397] - selector thread exitted run method
2021-11-08 11:10:50,462 [myid:1] - INFO  [QuorumPeerListener:QuorumCnxManager$Listener@980] - Leaving listener
2021-11-08 11:10:50,462 [myid:2] - WARN  [RecvWorker:1:QuorumCnxManager$RecvWorker@1397] - Connection broken for id 1, my id = 2
java.io.EOFException
	at java.io.DataInputStream.readInt(DataInputStream.java:392)
	at org.apache.zookeeper.server.quorum.QuorumCnxManager$RecvWorker.run(QuorumCnxManager.java:1385)
2021-11-08 11:10:50,462 [myid:1] - WARN  [RecvWorker:2:QuorumCnxManager$RecvWorker@1397] - Connection broken for id 2, my id = 1
java.net.SocketException: Socket closed
	at java.net.SocketInputStream.socketRead0(Native Method)
	at java.net.SocketInputStream.read(SocketInputStream.java:150)
	at java.net.SocketInputStream.read(SocketInputStream.java:121)
	at java.io.BufferedInputStream.fill(BufferedInputStream.java:246)
	at java.io.BufferedInputStream.read(BufferedInputStream.java:265)
	at java.io.DataInputStream.readInt(DataInputStream.java:387)
	at org.apache.zookeeper.server.quorum.QuorumCnxManager$RecvWorker.run(QuorumCnxManager.java:1385)
2021-11-08 11:10:50,462 [myid:1] - WARN  [RecvWorker:2:QuorumCnxManager$RecvWorker@1403] - Interrupting SendWorker thread from RecvWorker. sid: 2. myId: 1
2021-11-08 11:10:50,462 [myid:1] - WARN  [SendWorker:2:QuorumCnxManager$SendWorker@1283] - Interrupted while waiting for message on queue
java.lang.InterruptedException
	at java.util.concurrent.locks.AbstractQueuedSynchronizer$ConditionObject.reportInterruptAfterWait(AbstractQueuedSynchronizer.java:2014)
	at java.util.concurrent.locks.AbstractQueuedSynchronizer$ConditionObject.awaitNanos(AbstractQueuedSynchronizer.java:2088)
	at org.apache.zookeeper.util.CircularBlockingQueue.poll(CircularBlockingQueue.java:105)
	at org.apache.zookeeper.server.quorum.QuorumCnxManager.pollSendQueue(QuorumCnxManager.java:1448)
	at org.apache.zookeeper.server.quorum.QuorumCnxManager.access$900(QuorumCnxManager.java:99)
	at org.apache.zookeeper.server.quorum.QuorumCnxManager$SendWorker.run(QuorumCnxManager.java:1272)
2021-11-08 11:10:50,462 [myid:2] - WARN  [RecvWorker:1:QuorumCnxManager$RecvWorker@1403] - Interrupting SendWorker thread from RecvWorker. sid: 1. myId: 2
2021-11-08 11:10:50,463 [myid:2] - WARN  [SendWorker:1:QuorumCnxManager$SendWorker@1283] - Interrupted while waiting for message on queue
java.lang.InterruptedException
	at java.util.concurrent.locks.AbstractQueuedSynchronizer$ConditionObject.reportInterruptAfterWait(AbstractQueuedSynchronizer.java:2014)
	at java.util.concurrent.locks.AbstractQueuedSynchronizer$ConditionObject.awaitNanos(AbstractQueuedSynchronizer.java:2088)
	at org.apache.zookeeper.util.CircularBlockingQueue.poll(CircularBlockingQueue.java:105)
	at org.apache.zookeeper.server.quorum.QuorumCnxManager.pollSendQueue(QuorumCnxManager.java:1448)
	at org.apache.zookeeper.server.quorum.QuorumCnxManager.access$900(QuorumCnxManager.java:99)
	at org.apache.zookeeper.server.quorum.QuorumCnxManager$SendWorker.run(QuorumCnxManager.java:1272)
2021-11-08 11:10:50,463 [myid:2] - WARN  [SendWorker:1:QuorumCnxManager$SendWorker@1295] - Send worker leaving thread id 1 my id = 2
2021-11-08 11:10:50,463 [myid:1] - WARN  [SendWorker:2:QuorumCnxManager$SendWorker@1295] - Send worker leaving thread id 2 my id = 1
2021-11-08 11:10:50,462 [myid:] - INFO  [main:QuorumBase@426] - Shutting down leader election QuorumPeer[myid=1](plain=127.0.0.1:19340)(secure=disabled)
2021-11-08 11:10:50,463 [myid:] - INFO  [main:QuorumBase@431] - Waiting for QuorumPeer[myid=1](plain=127.0.0.1:19340)(secure=disabled) to exit thread
2021-11-08 11:10:50,463 [myid:] - INFO  [main:QuorumBase@422] - Shutting down quorum peer QuorumPeer[myid=2](plain=127.0.0.1:19343)(secure=disabled)
2021-11-08 11:10:50,463 [myid:] - INFO  [main:Leader@789] - Shutting down
2021-11-08 11:10:50,464 [myid:] - INFO  [main:Leader@795] - Shutdown called. For the reason quorum Peer shutdown
2021-11-08 11:10:50,464 [myid:2] - WARN  [LearnerCnxAcceptorHandler-/127.0.0.1:19344:Leader$LearnerCnxAcceptor$LearnerCnxAcceptorHandler@526] - Exception while shutting down acceptor.
java.net.SocketException: socket closed
	at java.net.DualStackPlainSocketImpl.accept0(Native Method)
	at java.net.DualStackPlainSocketImpl.socketAccept(DualStackPlainSocketImpl.java:131)
	at java.net.AbstractPlainSocketImpl.accept(AbstractPlainSocketImpl.java:404)
	at java.net.PlainSocketImpl.accept(PlainSocketImpl.java:199)
	at java.net.ServerSocket.implAccept(ServerSocket.java:545)
	at java.net.ServerSocket.accept(ServerSocket.java:513)
	at org.apache.zookeeper.server.quorum.Leader$LearnerCnxAcceptor$LearnerCnxAcceptorHandler.acceptConnections(Leader.java:513)
	at org.apache.zookeeper.server.quorum.Leader$LearnerCnxAcceptor$LearnerCnxAcceptorHandler.run(Leader.java:496)
	at java.util.concurrent.Executors$RunnableAdapter.call(Executors.java:511)
	at java.util.concurrent.FutureTask.run(FutureTask.java:266)
	at java.util.concurrent.ThreadPoolExecutor.runWorker(ThreadPoolExecutor.java:1142)
	at java.util.concurrent.ThreadPoolExecutor$Worker.run(ThreadPoolExecutor.java:617)
	at java.lang.Thread.run(Thread.java:745)
2021-11-08 11:10:50,464 [myid:] - INFO  [main:ZooKeeperServer@829] - shutting down
2021-11-08 11:10:50,464 [myid:127.0.0.1:19343] - WARN  [main-SendThread(127.0.0.1:19343):ClientCnxn$SendThread@1290] - Session 0x200580710b30000 for sever xmind.net/127.0.0.1:19343, Closing socket connection. Attempting reconnect except it is a SessionExpiredException.
EndOfStreamException: Unable to read additional data from server sessionid 0x200580710b30000, likely server has closed socket
	at org.apache.zookeeper.ClientCnxnSocketNIO.doIO(ClientCnxnSocketNIO.java:77)
	at org.apache.zookeeper.ClientCnxnSocketNIO.doTransport(ClientCnxnSocketNIO.java:350)
	at org.apache.zookeeper.ClientCnxn$SendThread.run(ClientCnxn.java:1280)
2021-11-08 11:10:50,464 [myid:] - INFO  [main:RequestThrottler@258] - Shutting down
2021-11-08 11:10:50,465 [myid:2] - INFO  [RequestThrottler:RequestThrottler@219] - Draining request throttler queue
2021-11-08 11:10:50,465 [myid:2] - INFO  [RequestThrottler:RequestThrottler@195] - RequestThrottler shutdown. Dropped 0 requests
2021-11-08 11:10:50,465 [myid:] - INFO  [main:SessionTrackerImpl@252] - Shutting down
2021-11-08 11:10:50,465 [myid:] - INFO  [main:LeaderRequestProcessor@79] - Shutting down
2021-11-08 11:10:50,465 [myid:] - INFO  [main:PrepRequestProcessor@1066] - Shutting down
2021-11-08 11:10:50,465 [myid:] - INFO  [main:ProposalRequestProcessor@95] - Shutting down
2021-11-08 11:10:50,465 [myid:] - INFO  [main:CommitProcessor@632] - Shutting down
2021-11-08 11:10:50,466 [myid:] - INFO  [main:Leader$ToBeAppliedRequestProcessor@1103] - Shutting down
2021-11-08 11:10:50,466 [myid:] - INFO  [main:FinalRequestProcessor@684] - shutdown of request processor complete
2021-11-08 11:10:50,466 [myid:] - INFO  [main:SyncRequestProcessor@255] - Shutting down
2021-11-08 11:10:50,465 [myid:2] - INFO  [ProcessThread(sid:2 cport:-1)::PrepRequestProcessor@161] - PrepRequestProcessor exited loop!
2021-11-08 11:10:50,466 [myid:2] - INFO  [CommitProcessor:2:CommitProcessor@420] - CommitProcessor exited loop!
2021-11-08 11:10:50,467 [myid:2] - INFO  [SyncThread:2:SyncRequestProcessor@224] - SyncRequestProcessor exited!
2021-11-08 11:10:50,467 [myid:2] - INFO  [ConnnectionExpirer:NIOServerCnxnFactory$ConnectionExpirerThread@564] - ConnnectionExpirerThread interrupted
2021-11-08 11:10:50,468 [myid:2] - INFO  [NIOServerCxnFactory.SelectorThread-0:NIOServerCnxnFactory$SelectorThread@397] - selector thread exitted run method
2021-11-08 11:10:50,468 [myid:2] - INFO  [NIOServerCxnFactory.AcceptThread:/127.0.0.1:19343:NIOServerCnxnFactory$AcceptThread@195] - accept thread exitted run method
2021-11-08 11:10:50,468 [myid:2] - INFO  [QuorumPeerListener:QuorumCnxManager$Listener@980] - Leaving listener
2021-11-08 11:10:50,468 [myid:2] - WARN  [QuorumPeer[myid=2](plain=127.0.0.1:19343)(secure=disabled):QuorumPeer@1533] - Unexpected exception
java.lang.InterruptedException
	at java.lang.Object.wait(Native Method)
	at org.apache.zookeeper.server.quorum.Leader.lead(Leader.java:727)
	at org.apache.zookeeper.server.quorum.QuorumPeer.run(QuorumPeer.java:1530)
2021-11-08 11:10:50,468 [myid:2] - INFO  [QuorumPeer[myid=2](plain=127.0.0.1:19343)(secure=disabled):Leader@789] - Shutting down
2021-11-08 11:10:50,468 [myid:2] - INFO  [QuorumPeer[myid=2](plain=127.0.0.1:19343)(secure=disabled):QuorumPeer@915] - Peer state changed: looking
2021-11-08 11:10:50,468 [myid:2] - WARN  [QuorumPeer[myid=2](plain=127.0.0.1:19343)(secure=disabled):QuorumPeer@1563] - PeerState set to LOOKING
2021-11-08 11:10:50,468 [myid:2] - WARN  [QuorumPeer[myid=2](plain=127.0.0.1:19343)(secure=disabled):QuorumPeer@1545] - QuorumPeer main thread exited
2021-11-08 11:10:50,468 [myid:] - INFO  [main:QuorumBase@426] - Shutting down leader election QuorumPeer[myid=2](plain=127.0.0.1:19343)(secure=disabled)
2021-11-08 11:10:50,469 [myid:] - INFO  [main:QuorumBase@431] - Waiting for QuorumPeer[myid=2](plain=127.0.0.1:19343)(secure=disabled) to exit thread
2021-11-08 11:10:50,658 [myid:] - INFO  [main:ZooKeeper@1232] - Session: 0x580710a60000 closed
2021-11-08 11:10:50,659 [myid:] - INFO  [main-EventThread:ClientCnxn$EventThread@570] - EventThread shut down for session: 0x580710a60000
2021-11-08 11:10:50,928 [myid:0] - INFO  [WorkerReceiver[myid=0]:FastLeaderElection$Messenger$WorkerReceiver@472] - WorkerReceiver is down
2021-11-08 11:10:50,937 [myid:2] - INFO  [WorkerReceiver[myid=2]:FastLeaderElection$Messenger$WorkerReceiver@472] - WorkerReceiver is down
2021-11-08 11:10:50,937 [myid:2] - INFO  [WorkerSender[myid=2]:FastLeaderElection$Messenger$WorkerSender@506] - WorkerSender is down
2021-11-08 11:10:50,956 [myid:0] - INFO  [WorkerSender[myid=0]:FastLeaderElection$Messenger$WorkerSender@506] - WorkerSender is down
2021-11-08 11:10:50,970 [myid:1] - INFO  [WorkerReceiver[myid=1]:FastLeaderElection$Messenger$WorkerReceiver@472] - WorkerReceiver is down
2021-11-08 11:10:50,970 [myid:1] - INFO  [WorkerSender[myid=1]:FastLeaderElection$Messenger$WorkerSender@506] - WorkerSender is down
2021-11-08 11:10:51,349 [myid:127.0.0.1:19301] - INFO  [main-SendThread(127.0.0.1:19301):ClientCnxn$SendThread@1171] - Opening socket connection to server xmind.net/127.0.0.1:19301.
2021-11-08 11:10:51,349 [myid:127.0.0.1:19301] - INFO  [main-SendThread(127.0.0.1:19301):ClientCnxn$SendThread@1173] - SASL config status: Will not attempt to authenticate using SASL (unknown error)
2021-11-08 11:10:51,703 [myid:127.0.0.1:19340] - INFO  [main-SendThread(127.0.0.1:19340):ClientCnxn$SendThread@1171] - Opening socket connection to server xmind.net/127.0.0.1:19340.
2021-11-08 11:10:51,703 [myid:127.0.0.1:19340] - INFO  [main-SendThread(127.0.0.1:19340):ClientCnxn$SendThread@1173] - SASL config status: Will not attempt to authenticate using SASL (unknown error)
2021-11-08 11:10:52,250 [myid:127.0.0.1:19343] - INFO  [main-SendThread(127.0.0.1:19343):ClientCnxn$SendThread@1171] - Opening socket connection to server xmind.net/127.0.0.1:19343.
2021-11-08 11:10:52,250 [myid:127.0.0.1:19343] - INFO  [main-SendThread(127.0.0.1:19343):ClientCnxn$SendThread@1173] - SASL config status: Will not attempt to authenticate using SASL (unknown error)
2021-11-08 11:10:53,698 [myid:2] - INFO  [SessionTracker:SessionTrackerImpl@175] - SessionTrackerImpl exited loop!
2021-11-08 11:10:53,702 [myid:127.0.0.1:19301] - WARN  [main-SendThread(127.0.0.1:19301):ClientCnxn$SendThread@1290] - Session 0x580661430001 for sever xmind.net/127.0.0.1:19301, Closing socket connection. Attempting reconnect except it is a SessionExpiredException.
java.net.ConnectException: Connection refused: no further information
	at sun.nio.ch.SocketChannelImpl.checkConnect(Native Method)
	at sun.nio.ch.SocketChannelImpl.finishConnect(SocketChannelImpl.java:716)
	at org.apache.zookeeper.ClientCnxnSocketNIO.doTransport(ClientCnxnSocketNIO.java:344)
	at org.apache.zookeeper.ClientCnxn$SendThread.run(ClientCnxn.java:1280)
2021-11-08 11:10:53,970 [myid:127.0.0.1:19340] - WARN  [main-SendThread(127.0.0.1:19340):ClientCnxn$SendThread@1284] - An exception was thrown while closing send thread for session 0x100580710a60000.
java.net.ConnectException: Connection refused: no further information
	at sun.nio.ch.SocketChannelImpl.checkConnect(Native Method)
	at sun.nio.ch.SocketChannelImpl.finishConnect(SocketChannelImpl.java:716)
	at org.apache.zookeeper.ClientCnxnSocketNIO.doTransport(ClientCnxnSocketNIO.java:344)
	at org.apache.zookeeper.ClientCnxn$SendThread.run(ClientCnxn.java:1280)
2021-11-08 11:10:54,080 [myid:] - INFO  [main:ZooKeeper@1232] - Session: 0x100580710a60000 closed
2021-11-08 11:10:54,081 [myid:] - INFO  [main-EventThread:ClientCnxn$EventThread@570] - EventThread shut down for session: 0x100580710a60000
2021-11-08 11:10:54,502 [myid:127.0.0.1:19343] - WARN  [main-SendThread(127.0.0.1:19343):ClientCnxn$SendThread@1284] - An exception was thrown while closing send thread for session 0x200580710b30000.
java.net.ConnectException: Connection refused: no further information
	at sun.nio.ch.SocketChannelImpl.checkConnect(Native Method)
	at sun.nio.ch.SocketChannelImpl.finishConnect(SocketChannelImpl.java:716)
	at org.apache.zookeeper.ClientCnxnSocketNIO.doTransport(ClientCnxnSocketNIO.java:344)
	at org.apache.zookeeper.ClientCnxn$SendThread.run(ClientCnxn.java:1280)
2021-11-08 11:10:54,612 [myid:] - INFO  [main:ZooKeeper@1232] - Session: 0x200580710b30000 closed
2021-11-08 11:10:54,612 [myid:] - INFO  [main-EventThread:ClientCnxn$EventThread@570] - EventThread shut down for session: 0x200580710b30000
2021-11-08 11:10:54,612 [myid:] - INFO  [main:ZKTestCase@82] - FINISHED Optional[public void org.apache.zookeeper.server.quorum.FuzzySnapshotRelatedTest.testMultiOpDigestConsistentDuringSnapshot() throws java.lang.Exception]
]]></system-out>
  </testcase>
</testsuite>