<?xml version="1.0" encoding="UTF-8"?>
<testsuite xmlns:xsi="http://www.w3.org/2001/XMLSchema-instance" xsi:noNamespaceSchemaLocation="https://maven.apache.org/surefire/maven-surefire-plugin/xsd/surefire-test-report.xsd" name="org.apache.zookeeper.test.FourLetterWordsWhiteListTest" time="62.56" tests="6" errors="2" skipped="0" failures="0">
  <properties>
    <property name="sun.desktop" value="windows"/>
    <property name="build.test.dir" value="D:\mysoft\faiscoGit\myStudy\ZooKeeperLearning\apache-zookeeper-3.7.0\zookeeper-server\target/surefire"/>
    <property name="awt.toolkit" value="sun.awt.windows.WToolkit"/>
    <property name="file.encoding.pkg" value="sun.io"/>
    <property name="java.specification.version" value="1.8"/>
    <property name="sun.cpu.isalist" value="amd64"/>
    <property name="sun.jnu.encoding" value="GBK"/>
    <property name="java.class.path" value="D:\mysoft\faiscoGit\myStudy\ZooKeeperLearning\apache-zookeeper-3.7.0\zookeeper-server\target\test-classes;D:\mysoft\faiscoGit\myStudy\ZooKeeperLearning\apache-zookeeper-3.7.0\zookeeper-server\target\classes;D:\mysoft\maven\repository\com\github\spotbugs\spotbugs-annotations\4.0.2\spotbugs-annotations-4.0.2.jar;D:\mysoft\maven\repository\com\google\code\findbugs\jsr305\3.0.2\jsr305-3.0.2.jar;D:\mysoft\maven\repository\org\hamcrest\hamcrest-library\2.2\hamcrest-library-2.2.jar;D:\mysoft\maven\repository\org\hamcrest\hamcrest-core\2.2\hamcrest-core-2.2.jar;D:\mysoft\maven\repository\org\hamcrest\hamcrest\2.2\hamcrest-2.2.jar;D:\mysoft\maven\repository\org\apache\commons\commons-collections4\4.4\commons-collections4-4.4.jar;D:\mysoft\maven\repository\org\apache\zookeeper\zookeeper-jute\3.7.0\zookeeper-jute-3.7.0.jar;D:\mysoft\maven\repository\commons-cli\commons-cli\1.4\commons-cli-1.4.jar;D:\mysoft\maven\repository\org\apache\yetus\audience-annotations\0.12.0\audience-annotations-0.12.0.jar;D:\mysoft\maven\repository\io\netty\netty-handler\4.1.59.Final\netty-handler-4.1.59.Final.jar;D:\mysoft\maven\repository\io\netty\netty-common\4.1.59.Final\netty-common-4.1.59.Final.jar;D:\mysoft\maven\repository\io\netty\netty-resolver\4.1.59.Final\netty-resolver-4.1.59.Final.jar;D:\mysoft\maven\repository\io\netty\netty-buffer\4.1.59.Final\netty-buffer-4.1.59.Final.jar;D:\mysoft\maven\repository\io\netty\netty-transport\4.1.59.Final\netty-transport-4.1.59.Final.jar;D:\mysoft\maven\repository\io\netty\netty-codec\4.1.59.Final\netty-codec-4.1.59.Final.jar;D:\mysoft\maven\repository\io\netty\netty-transport-native-epoll\4.1.59.Final\netty-transport-native-epoll-4.1.59.Final.jar;D:\mysoft\maven\repository\io\netty\netty-transport-native-unix-common\4.1.59.Final\netty-transport-native-unix-common-4.1.59.Final.jar;D:\mysoft\maven\repository\org\slf4j\slf4j-api\1.7.30\slf4j-api-1.7.30.jar;D:\mysoft\maven\repository\org\slf4j\slf4j-log4j12\1.7.30\slf4j-log4j12-1.7.30.jar;D:\mysoft\maven\repository\org\eclipse\jetty\jetty-server\9.4.38.v20210224\jetty-server-9.4.38.v20210224.jar;D:\mysoft\maven\repository\javax\servlet\javax.servlet-api\3.1.0\javax.servlet-api-3.1.0.jar;D:\mysoft\maven\repository\org\eclipse\jetty\jetty-http\9.4.38.v20210224\jetty-http-9.4.38.v20210224.jar;D:\mysoft\maven\repository\org\eclipse\jetty\jetty-util\9.4.38.v20210224\jetty-util-9.4.38.v20210224.jar;D:\mysoft\maven\repository\org\eclipse\jetty\jetty-io\9.4.38.v20210224\jetty-io-9.4.38.v20210224.jar;D:\mysoft\maven\repository\org\eclipse\jetty\jetty-servlet\9.4.38.v20210224\jetty-servlet-9.4.38.v20210224.jar;D:\mysoft\maven\repository\org\eclipse\jetty\jetty-security\9.4.38.v20210224\jetty-security-9.4.38.v20210224.jar;D:\mysoft\maven\repository\org\eclipse\jetty\jetty-util-ajax\9.4.38.v20210224\jetty-util-ajax-9.4.38.v20210224.jar;D:\mysoft\maven\repository\org\eclipse\jetty\jetty-client\9.4.38.v20210224\jetty-client-9.4.38.v20210224.jar;D:\mysoft\maven\repository\com\fasterxml\jackson\core\jackson-databind\2.10.5.1\jackson-databind-2.10.5.1.jar;D:\mysoft\maven\repository\com\fasterxml\jackson\core\jackson-annotations\2.10.5\jackson-annotations-2.10.5.jar;D:\mysoft\maven\repository\com\fasterxml\jackson\core\jackson-core\2.10.5\jackson-core-2.10.5.jar;D:\mysoft\maven\repository\org\bouncycastle\bcprov-jdk15on\1.60\bcprov-jdk15on-1.60.jar;D:\mysoft\maven\repository\org\bouncycastle\bcpkix-jdk15on\1.60\bcpkix-jdk15on-1.60.jar;D:\mysoft\maven\repository\jline\jline\2.14.6\jline-2.14.6.jar;D:\mysoft\maven\repository\io\dropwizard\metrics\metrics-core\4.1.12.1\metrics-core-4.1.12.1.jar;D:\mysoft\maven\repository\log4j\log4j\1.2.17\log4j-1.2.17.jar;D:\mysoft\maven\repository\org\apache\kerby\kerb-core\2.0.0\kerb-core-2.0.0.jar;D:\mysoft\maven\repository\org\apache\kerby\kerby-pkix\2.0.0\kerby-pkix-2.0.0.jar;D:\mysoft\maven\repository\org\apache\kerby\kerby-asn1\2.0.0\kerby-asn1-2.0.0.jar;D:\mysoft\maven\repository\org\apache\kerby\kerby-util\2.0.0\kerby-util-2.0.0.jar;D:\mysoft\maven\repository\org\apache\kerby\kerb-simplekdc\2.0.0\kerb-simplekdc-2.0.0.jar;D:\mysoft\maven\repository\org\apache\kerby\kerb-client\2.0.0\kerb-client-2.0.0.jar;D:\mysoft\maven\repository\org\apache\kerby\kerb-common\2.0.0\kerb-common-2.0.0.jar;D:\mysoft\maven\repository\org\apache\kerby\kerb-crypto\2.0.0\kerb-crypto-2.0.0.jar;D:\mysoft\maven\repository\commons-io\commons-io\2.6\commons-io-2.6.jar;D:\mysoft\maven\repository\org\apache\kerby\kerb-util\2.0.0\kerb-util-2.0.0.jar;D:\mysoft\maven\repository\org\apache\kerby\token-provider\2.0.0\token-provider-2.0.0.jar;D:\mysoft\maven\repository\com\nimbusds\nimbus-jose-jwt\4.41.2\nimbus-jose-jwt-4.41.2.jar;D:\mysoft\maven\repository\com\github\stephenc\jcip\jcip-annotations\1.0-1\jcip-annotations-1.0-1.jar;D:\mysoft\maven\repository\net\minidev\json-smart\2.3\json-smart-2.3.jar;D:\mysoft\maven\repository\net\minidev\accessors-smart\1.2\accessors-smart-1.2.jar;D:\mysoft\maven\repository\org\ow2\asm\asm\5.0.4\asm-5.0.4.jar;D:\mysoft\maven\repository\org\apache\kerby\kerb-admin\2.0.0\kerb-admin-2.0.0.jar;D:\mysoft\maven\repository\org\apache\kerby\kerb-server\2.0.0\kerb-server-2.0.0.jar;D:\mysoft\maven\repository\org\apache\kerby\kerb-identity\2.0.0\kerb-identity-2.0.0.jar;D:\mysoft\maven\repository\org\apache\kerby\kerby-xdr\2.0.0\kerby-xdr-2.0.0.jar;D:\mysoft\maven\repository\org\apache\kerby\kerby-config\2.0.0\kerby-config-2.0.0.jar;D:\mysoft\maven\repository\org\mockito\mockito-core\3.6.28\mockito-core-3.6.28.jar;D:\mysoft\maven\repository\net\bytebuddy\byte-buddy\1.10.18\byte-buddy-1.10.18.jar;D:\mysoft\maven\repository\net\bytebuddy\byte-buddy-agent\1.10.18\byte-buddy-agent-1.10.18.jar;D:\mysoft\maven\repository\org\objenesis\objenesis\3.1\objenesis-3.1.jar;D:\mysoft\maven\repository\org\jmockit\jmockit\1.48\jmockit-1.48.jar;D:\mysoft\maven\repository\org\junit\jupiter\junit-jupiter-api\5.6.2\junit-jupiter-api-5.6.2.jar;D:\mysoft\maven\repository\org\apiguardian\apiguardian-api\1.1.0\apiguardian-api-1.1.0.jar;D:\mysoft\maven\repository\org\opentest4j\opentest4j\1.2.0\opentest4j-1.2.0.jar;D:\mysoft\maven\repository\org\junit\platform\junit-platform-commons\1.6.2\junit-platform-commons-1.6.2.jar;D:\mysoft\maven\repository\org\junit\jupiter\junit-jupiter-engine\5.6.2\junit-jupiter-engine-5.6.2.jar;D:\mysoft\maven\repository\org\junit\platform\junit-platform-engine\1.6.2\junit-platform-engine-1.6.2.jar;D:\mysoft\maven\repository\org\junit\jupiter\junit-jupiter-params\5.6.2\junit-jupiter-params-5.6.2.jar;D:\mysoft\maven\repository\org\junit\platform\junit-platform-runner\1.6.2\junit-platform-runner-1.6.2.jar;D:\mysoft\maven\repository\junit\junit\4.13\junit-4.13.jar;D:\mysoft\maven\repository\org\junit\platform\junit-platform-launcher\1.6.2\junit-platform-launcher-1.6.2.jar;D:\mysoft\maven\repository\org\junit\platform\junit-platform-suite-api\1.6.2\junit-platform-suite-api-1.6.2.jar;D:\mysoft\maven\repository\org\xerial\snappy\snappy-java\1.1.7.7\snappy-java-1.1.7.7.jar;"/>
    <property name="java.vm.vendor" value="Oracle Corporation"/>
    <property name="sun.arch.data.model" value="64"/>
    <property name="user.variant" value=""/>
    <property name="java.vendor.url" value="http://java.oracle.com/"/>
    <property name="user.timezone" value="Asia/Shanghai"/>
    <property name="java.vm.specification.version" value="1.8"/>
    <property name="os.name" value="Windows 8.1"/>
    <property name="user.country" value="CN"/>
    <property name="sun.java.launcher" value="SUN_STANDARD"/>
    <property name="sun.boot.library.path" value="C:\Program Files\Java\jdk1.8.0_31\jre\bin"/>
    <property name="sun.java.command" value="C:\Users\faisco\AppData\Local\Temp\surefire7017171567299321585\surefirebooter6409591367200845210.jar C:\Users\faisco\AppData\Local\Temp\surefire7017171567299321585 2021-11-08T11-05-05_200-jvmRun4 surefire4403221069177973673tmp surefire_2142159461497075278759tmp"/>
    <property name="surefire.test.class.path" value="D:\mysoft\faiscoGit\myStudy\ZooKeeperLearning\apache-zookeeper-3.7.0\zookeeper-server\target\test-classes;D:\mysoft\faiscoGit\myStudy\ZooKeeperLearning\apache-zookeeper-3.7.0\zookeeper-server\target\classes;D:\mysoft\maven\repository\com\github\spotbugs\spotbugs-annotations\4.0.2\spotbugs-annotations-4.0.2.jar;D:\mysoft\maven\repository\com\google\code\findbugs\jsr305\3.0.2\jsr305-3.0.2.jar;D:\mysoft\maven\repository\org\hamcrest\hamcrest-library\2.2\hamcrest-library-2.2.jar;D:\mysoft\maven\repository\org\hamcrest\hamcrest-core\2.2\hamcrest-core-2.2.jar;D:\mysoft\maven\repository\org\hamcrest\hamcrest\2.2\hamcrest-2.2.jar;D:\mysoft\maven\repository\org\apache\commons\commons-collections4\4.4\commons-collections4-4.4.jar;D:\mysoft\maven\repository\org\apache\zookeeper\zookeeper-jute\3.7.0\zookeeper-jute-3.7.0.jar;D:\mysoft\maven\repository\commons-cli\commons-cli\1.4\commons-cli-1.4.jar;D:\mysoft\maven\repository\org\apache\yetus\audience-annotations\0.12.0\audience-annotations-0.12.0.jar;D:\mysoft\maven\repository\io\netty\netty-handler\4.1.59.Final\netty-handler-4.1.59.Final.jar;D:\mysoft\maven\repository\io\netty\netty-common\4.1.59.Final\netty-common-4.1.59.Final.jar;D:\mysoft\maven\repository\io\netty\netty-resolver\4.1.59.Final\netty-resolver-4.1.59.Final.jar;D:\mysoft\maven\repository\io\netty\netty-buffer\4.1.59.Final\netty-buffer-4.1.59.Final.jar;D:\mysoft\maven\repository\io\netty\netty-transport\4.1.59.Final\netty-transport-4.1.59.Final.jar;D:\mysoft\maven\repository\io\netty\netty-codec\4.1.59.Final\netty-codec-4.1.59.Final.jar;D:\mysoft\maven\repository\io\netty\netty-transport-native-epoll\4.1.59.Final\netty-transport-native-epoll-4.1.59.Final.jar;D:\mysoft\maven\repository\io\netty\netty-transport-native-unix-common\4.1.59.Final\netty-transport-native-unix-common-4.1.59.Final.jar;D:\mysoft\maven\repository\org\slf4j\slf4j-api\1.7.30\slf4j-api-1.7.30.jar;D:\mysoft\maven\repository\org\slf4j\slf4j-log4j12\1.7.30\slf4j-log4j12-1.7.30.jar;D:\mysoft\maven\repository\org\eclipse\jetty\jetty-server\9.4.38.v20210224\jetty-server-9.4.38.v20210224.jar;D:\mysoft\maven\repository\javax\servlet\javax.servlet-api\3.1.0\javax.servlet-api-3.1.0.jar;D:\mysoft\maven\repository\org\eclipse\jetty\jetty-http\9.4.38.v20210224\jetty-http-9.4.38.v20210224.jar;D:\mysoft\maven\repository\org\eclipse\jetty\jetty-util\9.4.38.v20210224\jetty-util-9.4.38.v20210224.jar;D:\mysoft\maven\repository\org\eclipse\jetty\jetty-io\9.4.38.v20210224\jetty-io-9.4.38.v20210224.jar;D:\mysoft\maven\repository\org\eclipse\jetty\jetty-servlet\9.4.38.v20210224\jetty-servlet-9.4.38.v20210224.jar;D:\mysoft\maven\repository\org\eclipse\jetty\jetty-security\9.4.38.v20210224\jetty-security-9.4.38.v20210224.jar;D:\mysoft\maven\repository\org\eclipse\jetty\jetty-util-ajax\9.4.38.v20210224\jetty-util-ajax-9.4.38.v20210224.jar;D:\mysoft\maven\repository\org\eclipse\jetty\jetty-client\9.4.38.v20210224\jetty-client-9.4.38.v20210224.jar;D:\mysoft\maven\repository\com\fasterxml\jackson\core\jackson-databind\2.10.5.1\jackson-databind-2.10.5.1.jar;D:\mysoft\maven\repository\com\fasterxml\jackson\core\jackson-annotations\2.10.5\jackson-annotations-2.10.5.jar;D:\mysoft\maven\repository\com\fasterxml\jackson\core\jackson-core\2.10.5\jackson-core-2.10.5.jar;D:\mysoft\maven\repository\org\bouncycastle\bcprov-jdk15on\1.60\bcprov-jdk15on-1.60.jar;D:\mysoft\maven\repository\org\bouncycastle\bcpkix-jdk15on\1.60\bcpkix-jdk15on-1.60.jar;D:\mysoft\maven\repository\jline\jline\2.14.6\jline-2.14.6.jar;D:\mysoft\maven\repository\io\dropwizard\metrics\metrics-core\4.1.12.1\metrics-core-4.1.12.1.jar;D:\mysoft\maven\repository\log4j\log4j\1.2.17\log4j-1.2.17.jar;D:\mysoft\maven\repository\org\apache\kerby\kerb-core\2.0.0\kerb-core-2.0.0.jar;D:\mysoft\maven\repository\org\apache\kerby\kerby-pkix\2.0.0\kerby-pkix-2.0.0.jar;D:\mysoft\maven\repository\org\apache\kerby\kerby-asn1\2.0.0\kerby-asn1-2.0.0.jar;D:\mysoft\maven\repository\org\apache\kerby\kerby-util\2.0.0\kerby-util-2.0.0.jar;D:\mysoft\maven\repository\org\apache\kerby\kerb-simplekdc\2.0.0\kerb-simplekdc-2.0.0.jar;D:\mysoft\maven\repository\org\apache\kerby\kerb-client\2.0.0\kerb-client-2.0.0.jar;D:\mysoft\maven\repository\org\apache\kerby\kerb-common\2.0.0\kerb-common-2.0.0.jar;D:\mysoft\maven\repository\org\apache\kerby\kerb-crypto\2.0.0\kerb-crypto-2.0.0.jar;D:\mysoft\maven\repository\commons-io\commons-io\2.6\commons-io-2.6.jar;D:\mysoft\maven\repository\org\apache\kerby\kerb-util\2.0.0\kerb-util-2.0.0.jar;D:\mysoft\maven\repository\org\apache\kerby\token-provider\2.0.0\token-provider-2.0.0.jar;D:\mysoft\maven\repository\com\nimbusds\nimbus-jose-jwt\4.41.2\nimbus-jose-jwt-4.41.2.jar;D:\mysoft\maven\repository\com\github\stephenc\jcip\jcip-annotations\1.0-1\jcip-annotations-1.0-1.jar;D:\mysoft\maven\repository\net\minidev\json-smart\2.3\json-smart-2.3.jar;D:\mysoft\maven\repository\net\minidev\accessors-smart\1.2\accessors-smart-1.2.jar;D:\mysoft\maven\repository\org\ow2\asm\asm\5.0.4\asm-5.0.4.jar;D:\mysoft\maven\repository\org\apache\kerby\kerb-admin\2.0.0\kerb-admin-2.0.0.jar;D:\mysoft\maven\repository\org\apache\kerby\kerb-server\2.0.0\kerb-server-2.0.0.jar;D:\mysoft\maven\repository\org\apache\kerby\kerb-identity\2.0.0\kerb-identity-2.0.0.jar;D:\mysoft\maven\repository\org\apache\kerby\kerby-xdr\2.0.0\kerby-xdr-2.0.0.jar;D:\mysoft\maven\repository\org\apache\kerby\kerby-config\2.0.0\kerby-config-2.0.0.jar;D:\mysoft\maven\repository\org\mockito\mockito-core\3.6.28\mockito-core-3.6.28.jar;D:\mysoft\maven\repository\net\bytebuddy\byte-buddy\1.10.18\byte-buddy-1.10.18.jar;D:\mysoft\maven\repository\net\bytebuddy\byte-buddy-agent\1.10.18\byte-buddy-agent-1.10.18.jar;D:\mysoft\maven\repository\org\objenesis\objenesis\3.1\objenesis-3.1.jar;D:\mysoft\maven\repository\org\jmockit\jmockit\1.48\jmockit-1.48.jar;D:\mysoft\maven\repository\org\junit\jupiter\junit-jupiter-api\5.6.2\junit-jupiter-api-5.6.2.jar;D:\mysoft\maven\repository\org\apiguardian\apiguardian-api\1.1.0\apiguardian-api-1.1.0.jar;D:\mysoft\maven\repository\org\opentest4j\opentest4j\1.2.0\opentest4j-1.2.0.jar;D:\mysoft\maven\repository\org\junit\platform\junit-platform-commons\1.6.2\junit-platform-commons-1.6.2.jar;D:\mysoft\maven\repository\org\junit\jupiter\junit-jupiter-engine\5.6.2\junit-jupiter-engine-5.6.2.jar;D:\mysoft\maven\repository\org\junit\platform\junit-platform-engine\1.6.2\junit-platform-engine-1.6.2.jar;D:\mysoft\maven\repository\org\junit\jupiter\junit-jupiter-params\5.6.2\junit-jupiter-params-5.6.2.jar;D:\mysoft\maven\repository\org\junit\platform\junit-platform-runner\1.6.2\junit-platform-runner-1.6.2.jar;D:\mysoft\maven\repository\junit\junit\4.13\junit-4.13.jar;D:\mysoft\maven\repository\org\junit\platform\junit-platform-launcher\1.6.2\junit-platform-launcher-1.6.2.jar;D:\mysoft\maven\repository\org\junit\platform\junit-platform-suite-api\1.6.2\junit-platform-suite-api-1.6.2.jar;D:\mysoft\maven\repository\org\xerial\snappy\snappy-java\1.1.7.7\snappy-java-1.1.7.7.jar;"/>
    <property name="sun.cpu.endian" value="little"/>
    <property name="user.home" value="C:\Users\faisco"/>
    <property name="user.language" value="zh"/>
    <property name="java.specification.vendor" value="Oracle Corporation"/>
    <property name="java.home" value="C:\Program Files\Java\jdk1.8.0_31\jre"/>
    <property name="zookeeper.DigestAuthenticationProvider.superDigest" value="super:D/InIHSb7yEEbrWz8b9l71RjZJU="/>
    <property name="basedir" value="D:\mysoft\faiscoGit\myStudy\ZooKeeperLearning\apache-zookeeper-3.7.0\zookeeper-server"/>
    <property name="file.separator" value="\"/>
    <property name="line.separator" value="&#10;"/>
    <property name="java.vm.specification.vendor" value="Oracle Corporation"/>
    <property name="java.specification.name" value="Java Platform API Specification"/>
    <property name="java.awt.graphicsenv" value="sun.awt.Win32GraphicsEnvironment"/>
    <property name="test.junit.threads" value="8"/>
    <property name="surefire.real.class.path" value="C:\Users\faisco\AppData\Local\Temp\surefire7017171567299321585\surefirebooter6409591367200845210.jar;D:\mysoft\maven\repository\org\jmockit\jmockit\1.48\jmockit-1.48.jar"/>
    <property name="zookeeper.junit.threadid" value="4"/>
    <property name="sun.boot.class.path" value="C:\Program Files\Java\jdk1.8.0_31\jre\lib\resources.jar;C:\Program Files\Java\jdk1.8.0_31\jre\lib\rt.jar;C:\Program Files\Java\jdk1.8.0_31\jre\lib\sunrsasign.jar;C:\Program Files\Java\jdk1.8.0_31\jre\lib\jsse.jar;C:\Program Files\Java\jdk1.8.0_31\jre\lib\jce.jar;C:\Program Files\Java\jdk1.8.0_31\jre\lib\charsets.jar;C:\Program Files\Java\jdk1.8.0_31\jre\lib\jfr.jar;C:\Program Files\Java\jdk1.8.0_31\jre\classes"/>
    <property name="user.script" value=""/>
    <property name="sun.management.compiler" value="HotSpot 64-Bit Tiered Compilers"/>
    <property name="java.runtime.version" value="1.8.0_31-b13"/>
    <property name="user.name" value="faisco"/>
    <property name="path.separator" value=";"/>
    <property name="os.version" value="6.3"/>
    <property name="java.endorsed.dirs" value="C:\Program Files\Java\jdk1.8.0_31\jre\lib\endorsed"/>
    <property name="java.runtime.name" value="Java(TM) SE Runtime Environment"/>
    <property name="file.encoding" value="GBK"/>
    <property name="java.vm.name" value="Java HotSpot(TM) 64-Bit Server VM"/>
    <property name="idea.version2020.1" value="true"/>
    <property name="localRepository" value="D:\mysoft\maven\repository"/>
    <property name="java.vendor.url.bug" value="http://bugreport.sun.com/bugreport/"/>
    <property name="java.io.tmpdir" value="C:\Users\faisco\AppData\Local\Temp\"/>
    <property name="java.version" value="1.8.0_31"/>
    <property name="user.dir" value="D:\mysoft\faiscoGit\myStudy\ZooKeeperLearning\apache-zookeeper-3.7.0\zookeeper-server"/>
    <property name="os.arch" value="amd64"/>
    <property name="java.vm.specification.name" value="Java Virtual Machine Specification"/>
    <property name="java.awt.printerjob" value="sun.awt.windows.WPrinterJob"/>
    <property name="sun.os.patch.level" value=""/>
    <property name="java.library.path" value="C:\Program Files\Java\jdk1.8.0_31\jre\bin;C:\WINDOWS\Sun\Java\bin;C:\WINDOWS\system32;C:\WINDOWS;C:\Program Files\Java\jdk1.8.0_31\jre\bin;C:\Python39\Scripts\;C:\Python39\;C:\Python27\;C:\Python27\Scripts;C:\Program Files (x86)\Intel\Intel(R) Management Engine Components\iCLS\;C:\Program Files\Intel\Intel(R) Management Engine Components\iCLS\;C:\WINDOWS\system32;C:\WINDOWS;C:\WINDOWS\System32\Wbem;C:\WINDOWS\System32\WindowsPowerShell\v1.0\;C:\WINDOWS\System32\OpenSSH\;C:\Program Files (x86)\Intel\Intel(R) Management Engine Components\DAL;C:\Program Files\Intel\Intel(R) Management Engine Components\DAL;C:\Program Files\TortoiseSVN\bin;C:\Program Files\Java\jdk1.8.0_31\bin;D:\soft\Git\cmd;D:\mysoft\maven\apache-maven-3.6.1\bin;C:\ProgramData\chocolatey\bin;C:\Program Files\nodejs\;D:\mysoft\gradle-7.0\bin;C:\ProgramData\Oracle\Java\javapath;C:\Program Files\OpenVPN\bin;C:\Users\faisco\AppData\Local\Microsoft\WindowsApps;;D:\soft\Microsoft VS Code\bin;D:\soft\PyCharm Community Edition 2019.1.3\bin;;D:\soft\PyCharm 2019.2.3\bin;;C:\Users\faisco\AppData\Local\Microsoft\WindowsApps;C:\Program Files\JetBrains\IntelliJ IDEA 2020.1\bin;;C:\Program Files\JetBrains\IntelliJ IDEA Community Edition 2020.1.3\bin;;C:\Users\faisco\AppData\Roaming\npm;."/>
    <property name="junit.jupiter.extensions.autodetection.enabled" value="true"/>
    <property name="java.vm.info" value="mixed mode"/>
    <property name="java.vendor" value="Oracle Corporation"/>
    <property name="java.vm.version" value="25.31-b07"/>
    <property name="java.ext.dirs" value="C:\Program Files\Java\jdk1.8.0_31\jre\lib\ext;C:\WINDOWS\Sun\Java\lib\ext"/>
    <property name="sun.io.unicode.encoding" value="UnicodeLittle"/>
    <property name="java.class.version" value="52.0"/>
  </properties>
  <testcase name="testISROEnabledWhenReadOnlyModeEnabled" classname="org.apache.zookeeper.test.FourLetterWordsWhiteListTest" time="14.131"/>
  <testcase name="testFourLetterWordsEnableSomeCommands" classname="org.apache.zookeeper.test.FourLetterWordsWhiteListTest" time="4.218"/>
  <testcase name="testFourLetterWordsEnableAllCommandsThroughAsterisk" classname="org.apache.zookeeper.test.FourLetterWordsWhiteListTest" time="13.264">
    <error message="Exception while executing four letter word: envi" type="java.io.IOException">java.io.IOException: Exception while executing four letter word: envi
	at org.apache.zookeeper.client.FourLetterWordMain.send4LetterWord(FourLetterWordMain.java:134)
	at org.apache.zookeeper.client.FourLetterWordMain.send4LetterWord(FourLetterWordMain.java:56)
	at org.apache.zookeeper.test.FourLetterWordsWhiteListTest.sendRequest(FourLetterWordsWhiteListTest.java:235)
	at org.apache.zookeeper.test.FourLetterWordsWhiteListTest.verifyFuzzyMatch(FourLetterWordsWhiteListTest.java:239)
	at org.apache.zookeeper.test.FourLetterWordsWhiteListTest.verifyAllCommandsSuccess(FourLetterWordsWhiteListTest.java:147)
	at org.apache.zookeeper.test.FourLetterWordsWhiteListTest.testFourLetterWordsEnableAllCommandsThroughAsterisk(FourLetterWordsWhiteListTest.java:130)
Caused by: java.net.SocketTimeoutException: Read timed out
	at java.net.SocketInputStream.socketRead0(Native Method)
	at java.net.SocketInputStream.read(SocketInputStream.java:150)
	at java.net.SocketInputStream.read(SocketInputStream.java:121)
	at java.io.InputStreamReader.read(InputStreamReader.java:184)
	at java.io.BufferedReader.fill(BufferedReader.java:161)
	at java.io.BufferedReader.readLine(BufferedReader.java:324)
	at java.io.BufferedReader.readLine(BufferedReader.java:389)
	at org.apache.zookeeper.client.FourLetterWordMain.send4LetterWord(FourLetterWordMain.java:129)
	... 5 more
</error>
    <system-out><![CDATA[2021-11-08 11:21:26,230 [myid:] - INFO  [main:PortAssignment@87] - Assigned port 19303 from range 19300 - 21992.
2021-11-08 11:21:26,231 [myid:] - INFO  [main:ZKTestCase@77] - STARTING Optional[public void org.apache.zookeeper.test.FourLetterWordsWhiteListTest.testFourLetterWordsEnableAllCommandsThroughAsterisk() throws java.lang.Exception]
2021-11-08 11:21:26,232 [myid:] - INFO  [main:JMXEnv@58] - connecting to addr service:jmx:rmi://127.0.0.1/stub/rO0ABXNyAC5qYXZheC5tYW5hZ2VtZW50LnJlbW90ZS5ybWkuUk1JU2VydmVySW1wbF9TdHViAAAAAAAAAAICAAB4cgAaamF2YS5ybWkuc2VydmVyLlJlbW90ZVN0dWLp/tzJi+FlGgIAAHhyABxqYXZhLnJtaS5zZXJ2ZXIuUmVtb3RlT2JqZWN002G0kQxhMx4DAAB4cHc6AAtVbmljYXN0UmVmMgAADzE2OS4yNTQuMTU2LjIzMQAAHlIr18SldQmTARlPOUEAAAF8/ZBYVYAYAHg=
2021-11-08 11:21:26,236 [myid:] - INFO  [main:ClientBase@514] - STARTING server
2021-11-08 11:21:26,237 [myid:] - INFO  [main:ClientBase@423] - CREATING server instance 127.0.0.1:19303
2021-11-08 11:21:26,237 [myid:] - INFO  [main:ServerCnxnFactory@169] - Using org.apache.zookeeper.server.NIOServerCnxnFactory as server connection factory
2021-11-08 11:21:26,237 [myid:] - WARN  [main:ServerCnxnFactory@309] - maxCnxns is not configured, using default value 0.
2021-11-08 11:21:26,237 [myid:] - INFO  [main:NIOServerCnxnFactory@652] - Configuring NIO connection handler with 10s sessionless connection timeout, 1 selector thread(s), 12 worker threads, and 64 kB direct buffers.
2021-11-08 11:21:26,238 [myid:] - INFO  [main:NIOServerCnxnFactory@660] - binding to port 0.0.0.0/0.0.0.0:19303
2021-11-08 11:21:26,238 [myid:] - INFO  [main:ClientBase@395] - STARTING server instance 127.0.0.1:19303
2021-11-08 11:21:26,239 [myid:] - INFO  [main:FileTxnSnapLog@124] - zookeeper.snapshot.trust.empty : false
2021-11-08 11:21:26,239 [myid:] - INFO  [main:WatchManagerFactory@42] - Using org.apache.zookeeper.server.watch.WatchManager as watch manager
2021-11-08 11:21:26,239 [myid:] - INFO  [main:WatchManagerFactory@42] - Using org.apache.zookeeper.server.watch.WatchManager as watch manager
2021-11-08 11:21:26,240 [myid:] - INFO  [main:ZKDatabase@133] - zookeeper.snapshotSizeFactor = 0.33
2021-11-08 11:21:26,240 [myid:] - INFO  [main:ZKDatabase@153] - zookeeper.commitLogCount=500
2021-11-08 11:21:26,240 [myid:] - INFO  [main:ZooKeeperServer@1300] - minSessionTimeout set to 6000
2021-11-08 11:21:26,240 [myid:] - INFO  [main:ZooKeeperServer@1309] - maxSessionTimeout set to 60000
2021-11-08 11:21:26,240 [myid:] - INFO  [main:ResponseCache@45] - getData response cache size is initialized with value 400.
2021-11-08 11:21:26,240 [myid:] - INFO  [main:ResponseCache@45] - getChildren response cache size is initialized with value 400.
2021-11-08 11:21:26,240 [myid:] - INFO  [main:RequestPathMetricsCollector@109] - zookeeper.pathStats.slotCapacity = 60
2021-11-08 11:21:26,240 [myid:] - INFO  [main:RequestPathMetricsCollector@110] - zookeeper.pathStats.slotDuration = 15
2021-11-08 11:21:26,240 [myid:] - INFO  [main:RequestPathMetricsCollector@111] - zookeeper.pathStats.maxDepth = 6
2021-11-08 11:21:26,241 [myid:] - INFO  [main:RequestPathMetricsCollector@112] - zookeeper.pathStats.initialDelay = 5
2021-11-08 11:21:26,241 [myid:] - INFO  [main:RequestPathMetricsCollector@113] - zookeeper.pathStats.delay = 5
2021-11-08 11:21:26,241 [myid:] - INFO  [main:RequestPathMetricsCollector@114] - zookeeper.pathStats.enabled = false
2021-11-08 11:21:26,241 [myid:] - INFO  [main:ZooKeeperServer@1536] - The max bytes for all large requests are set to 104857600
2021-11-08 11:21:26,241 [myid:] - INFO  [main:ZooKeeperServer@1550] - The large request threshold is set to -1
2021-11-08 11:21:26,241 [myid:] - INFO  [main:AuthenticationHelper@66] - zookeeper.enforce.auth.enabled = false
2021-11-08 11:21:26,241 [myid:] - INFO  [main:AuthenticationHelper@67] - zookeeper.enforce.auth.schemes = []
2021-11-08 11:21:26,241 [myid:] - INFO  [main:ZooKeeperServer@361] - Created server with tickTime 3000 minSessionTimeout 6000 maxSessionTimeout 60000 clientPortListenBacklog -1 datadir D:\mysoft\faiscoGit\myStudy\ZooKeeperLearning\apache-zookeeper-3.7.0\zookeeper-server\target\surefire\test1930934351840236155.junit.dir\version-2 snapdir D:\mysoft\faiscoGit\myStudy\ZooKeeperLearning\apache-zookeeper-3.7.0\zookeeper-server\target\surefire\test1930934351840236155.junit.dir\version-2
2021-11-08 11:21:26,242 [myid:] - INFO  [main:FileTxnSnapLog@260] - Initialize file found, an empty database will not block voting participation
2021-11-08 11:21:26,243 [myid:] - INFO  [main:FileTxnSnapLog@479] - Snapshotting: 0x0 to D:\mysoft\faiscoGit\myStudy\ZooKeeperLearning\apache-zookeeper-3.7.0\zookeeper-server\target\surefire\test1930934351840236155.junit.dir\version-2\snapshot.0
2021-11-08 11:21:26,243 [myid:] - INFO  [main:ZKDatabase@290] - Snapshot loaded in 2 ms, highest zxid is 0x0, digest is 1371985504
2021-11-08 11:21:26,244 [myid:] - INFO  [main:FileTxnSnapLog@479] - Snapshotting: 0x0 to D:\mysoft\faiscoGit\myStudy\ZooKeeperLearning\apache-zookeeper-3.7.0\zookeeper-server\target\surefire\test1930934351840236155.junit.dir\version-2\snapshot.0
2021-11-08 11:21:26,244 [myid:] - INFO  [main:ZooKeeperServer@543] - Snapshot taken in 1 ms
2021-11-08 11:21:26,245 [myid:] - INFO  [ProcessThread(sid:0 cport:19303)::PrepRequestProcessor@137] - PrepRequestProcessor (sid:0) started, reconfigEnabled=false
2021-11-08 11:21:26,245 [myid:] - INFO  [main:FourLetterWordMain@94] - connecting to 127.0.0.1 19303
2021-11-08 11:21:26,246 [myid:] - INFO  [NIOWorkerThread-1:NIOServerCnxn@514] - Processing stat command from /127.0.0.1:8295
2021-11-08 11:21:26,246 [myid:] - INFO  [NIOWorkerThread-1:StatCommand@52] - Stat command output
2021-11-08 11:21:26,246 [myid:] - INFO  [main:JMXEnv@219] - ensureParent:[InMemoryDataTree, StandaloneServer_port]
2021-11-08 11:21:26,247 [myid:] - INFO  [main:JMXEnv@235] - expect:InMemoryDataTree
2021-11-08 11:21:26,247 [myid:] - INFO  [main:JMXEnv@239] - found:InMemoryDataTree org.apache.ZooKeeperService:name0=StandaloneServer_port19303,name1=InMemoryDataTree
2021-11-08 11:21:26,248 [myid:] - INFO  [main:JMXEnv@235] - expect:StandaloneServer_port
2021-11-08 11:21:26,248 [myid:] - INFO  [main:JMXEnv@239] - found:StandaloneServer_port org.apache.ZooKeeperService:name0=StandaloneServer_port19303
2021-11-08 11:21:26,248 [myid:] - INFO  [main:ClientBase@501] - Client test setup finished
2021-11-08 11:21:26,248 [myid:] - INFO  [main:ClientBase@557] - STOPPING server
2021-11-08 11:21:26,249 [myid:] - INFO  [NIOServerCxnFactory.SelectorThread-0:NIOServerCnxnFactory$SelectorThread@397] - selector thread exitted run method
2021-11-08 11:21:26,249 [myid:] - INFO  [NIOServerCxnFactory.AcceptThread:0.0.0.0/0.0.0.0:19303:NIOServerCnxnFactory$AcceptThread@195] - accept thread exitted run method
2021-11-08 11:21:26,249 [myid:] - INFO  [ConnnectionExpirer:NIOServerCnxnFactory$ConnectionExpirerThread@564] - ConnnectionExpirerThread interrupted
2021-11-08 11:21:26,250 [myid:] - INFO  [main:ZooKeeperServer@829] - shutting down
2021-11-08 11:21:26,250 [myid:] - INFO  [main:RequestThrottler@258] - Shutting down
2021-11-08 11:21:26,250 [myid:] - INFO  [RequestThrottler:RequestThrottler@219] - Draining request throttler queue
2021-11-08 11:21:26,250 [myid:] - INFO  [RequestThrottler:RequestThrottler@195] - RequestThrottler shutdown. Dropped 0 requests
2021-11-08 11:21:26,251 [myid:] - INFO  [main:SessionTrackerImpl@252] - Shutting down
2021-11-08 11:21:26,251 [myid:] - INFO  [main:PrepRequestProcessor@1066] - Shutting down
2021-11-08 11:21:26,251 [myid:] - INFO  [main:SyncRequestProcessor@255] - Shutting down
2021-11-08 11:21:26,251 [myid:] - INFO  [ProcessThread(sid:0 cport:19303)::PrepRequestProcessor@161] - PrepRequestProcessor exited loop!
2021-11-08 11:21:26,251 [myid:] - INFO  [SyncThread:0:SyncRequestProcessor@224] - SyncRequestProcessor exited!
2021-11-08 11:21:26,251 [myid:] - INFO  [main:FinalRequestProcessor@684] - shutdown of request processor complete
2021-11-08 11:21:26,252 [myid:] - INFO  [main:FourLetterWordMain@94] - connecting to 127.0.0.1 19303
2021-11-08 11:21:26,689 [myid:] - INFO  [SessionTracker:SessionTrackerImpl@175] - SessionTrackerImpl exited loop!
2021-11-08 11:21:26,689 [myid:] - INFO  [SessionTracker:SessionTrackerImpl@175] - SessionTrackerImpl exited loop!
2021-11-08 11:21:28,287 [myid:] - INFO  [main:JMXEnv@142] - ensureOnly:[]
2021-11-08 11:21:28,288 [myid:] - INFO  [main:ClientBase@514] - STARTING server
2021-11-08 11:21:28,288 [myid:] - INFO  [main:ClientBase@423] - CREATING server instance 127.0.0.1:19303
2021-11-08 11:21:28,288 [myid:] - INFO  [main:ServerCnxnFactory@169] - Using org.apache.zookeeper.server.NIOServerCnxnFactory as server connection factory
2021-11-08 11:21:28,288 [myid:] - WARN  [main:ServerCnxnFactory@309] - maxCnxns is not configured, using default value 0.
2021-11-08 11:21:28,288 [myid:] - INFO  [main:NIOServerCnxnFactory@652] - Configuring NIO connection handler with 10s sessionless connection timeout, 1 selector thread(s), 12 worker threads, and 64 kB direct buffers.
2021-11-08 11:21:28,289 [myid:] - INFO  [main:NIOServerCnxnFactory@660] - binding to port 0.0.0.0/0.0.0.0:19303
2021-11-08 11:21:28,290 [myid:] - INFO  [main:ClientBase@395] - STARTING server instance 127.0.0.1:19303
2021-11-08 11:21:28,291 [myid:] - INFO  [main:FileTxnSnapLog@124] - zookeeper.snapshot.trust.empty : false
2021-11-08 11:21:28,291 [myid:] - INFO  [main:WatchManagerFactory@42] - Using org.apache.zookeeper.server.watch.WatchManager as watch manager
2021-11-08 11:21:28,291 [myid:] - INFO  [main:WatchManagerFactory@42] - Using org.apache.zookeeper.server.watch.WatchManager as watch manager
2021-11-08 11:21:28,291 [myid:] - INFO  [main:ZKDatabase@133] - zookeeper.snapshotSizeFactor = 0.33
2021-11-08 11:21:28,291 [myid:] - INFO  [main:ZKDatabase@153] - zookeeper.commitLogCount=500
2021-11-08 11:21:28,292 [myid:] - INFO  [main:ZooKeeperServer@1300] - minSessionTimeout set to 6000
2021-11-08 11:21:28,292 [myid:] - INFO  [main:ZooKeeperServer@1309] - maxSessionTimeout set to 60000
2021-11-08 11:21:28,292 [myid:] - INFO  [main:ResponseCache@45] - getData response cache size is initialized with value 400.
2021-11-08 11:21:28,292 [myid:] - INFO  [main:ResponseCache@45] - getChildren response cache size is initialized with value 400.
2021-11-08 11:21:28,292 [myid:] - INFO  [main:RequestPathMetricsCollector@109] - zookeeper.pathStats.slotCapacity = 60
2021-11-08 11:21:28,292 [myid:] - INFO  [main:RequestPathMetricsCollector@110] - zookeeper.pathStats.slotDuration = 15
2021-11-08 11:21:28,292 [myid:] - INFO  [main:RequestPathMetricsCollector@111] - zookeeper.pathStats.maxDepth = 6
2021-11-08 11:21:28,292 [myid:] - INFO  [main:RequestPathMetricsCollector@112] - zookeeper.pathStats.initialDelay = 5
2021-11-08 11:21:28,292 [myid:] - INFO  [main:RequestPathMetricsCollector@113] - zookeeper.pathStats.delay = 5
2021-11-08 11:21:28,293 [myid:] - INFO  [main:RequestPathMetricsCollector@114] - zookeeper.pathStats.enabled = false
2021-11-08 11:21:28,293 [myid:] - INFO  [main:ZooKeeperServer@1536] - The max bytes for all large requests are set to 104857600
2021-11-08 11:21:28,293 [myid:] - INFO  [main:ZooKeeperServer@1550] - The large request threshold is set to -1
2021-11-08 11:21:28,293 [myid:] - INFO  [main:AuthenticationHelper@66] - zookeeper.enforce.auth.enabled = false
2021-11-08 11:21:28,293 [myid:] - INFO  [main:AuthenticationHelper@67] - zookeeper.enforce.auth.schemes = []
2021-11-08 11:21:28,293 [myid:] - INFO  [main:ZooKeeperServer@361] - Created server with tickTime 3000 minSessionTimeout 6000 maxSessionTimeout 60000 clientPortListenBacklog -1 datadir D:\mysoft\faiscoGit\myStudy\ZooKeeperLearning\apache-zookeeper-3.7.0\zookeeper-server\target\surefire\test1930934351840236155.junit.dir\version-2 snapdir D:\mysoft\faiscoGit\myStudy\ZooKeeperLearning\apache-zookeeper-3.7.0\zookeeper-server\target\surefire\test1930934351840236155.junit.dir\version-2
2021-11-08 11:21:28,294 [myid:] - INFO  [main:FileSnap@85] - Reading snapshot D:\mysoft\faiscoGit\myStudy\ZooKeeperLearning\apache-zookeeper-3.7.0\zookeeper-server\target\surefire\test1930934351840236155.junit.dir\version-2\snapshot.0
2021-11-08 11:21:28,294 [myid:] - INFO  [main:DataTree@1716] - The digest value is empty in snapshot
2021-11-08 11:21:28,295 [myid:] - INFO  [main:ZKDatabase@290] - Snapshot loaded in 1 ms, highest zxid is 0x0, digest is 1371985504
2021-11-08 11:21:28,295 [myid:] - INFO  [main:FileTxnSnapLog@479] - Snapshotting: 0x0 to D:\mysoft\faiscoGit\myStudy\ZooKeeperLearning\apache-zookeeper-3.7.0\zookeeper-server\target\surefire\test1930934351840236155.junit.dir\version-2\snapshot.0
2021-11-08 11:21:28,296 [myid:] - INFO  [main:ZooKeeperServer@543] - Snapshot taken in 1 ms
2021-11-08 11:21:28,296 [myid:] - INFO  [main:FourLetterWordMain@94] - connecting to 127.0.0.1 19303
2021-11-08 11:21:28,383 [myid:] - INFO  [ProcessThread(sid:0 cport:19303)::PrepRequestProcessor@137] - PrepRequestProcessor (sid:0) started, reconfigEnabled=false
2021-11-08 11:21:28,389 [myid:] - INFO  [NIOWorkerThread-1:FourLetterCommands@223] - The list of known four letter word commands is : [{1936881266=srvr, 1937006964=stat, 2003003491=wchc, 1685417328=dump, 1668445044=crst, 1936880500=srst, 1701738089=envi, 1668247142=conf, -720899=telnet close, 1751217000=hash, 2003003507=wchs, 2003003504=wchp, 1684632179=dirs, 1668247155=cons, 1835955314=mntr, 1769173615=isro, 1920298859=ruok, 1735683435=gtmk, 1937010027=stmk}]
2021-11-08 11:21:28,389 [myid:] - INFO  [NIOWorkerThread-1:FourLetterCommands@224] - The list of enabled four letter word commands is : [[wchs, stat, wchp, dirs, stmk, conf, ruok, mntr, srvr, wchc, envi, srst, isro, dump, gtmk, telnet close, crst, hash, cons]]
2021-11-08 11:21:28,389 [myid:] - INFO  [NIOWorkerThread-1:NIOServerCnxn@514] - Processing stat command from /127.0.0.1:8327
2021-11-08 11:21:28,389 [myid:] - INFO  [NIOWorkerThread-1:StatCommand@52] - Stat command output
2021-11-08 11:21:28,389 [myid:] - INFO  [main:JMXEnv@219] - ensureParent:[InMemoryDataTree, StandaloneServer_port]
2021-11-08 11:21:28,390 [myid:] - INFO  [main:JMXEnv@235] - expect:InMemoryDataTree
2021-11-08 11:21:28,391 [myid:] - INFO  [main:JMXEnv@239] - found:InMemoryDataTree org.apache.ZooKeeperService:name0=StandaloneServer_port19303,name1=InMemoryDataTree
2021-11-08 11:21:28,391 [myid:] - INFO  [main:JMXEnv@235] - expect:StandaloneServer_port
2021-11-08 11:21:28,391 [myid:] - INFO  [main:JMXEnv@239] - found:StandaloneServer_port org.apache.ZooKeeperService:name0=StandaloneServer_port19303
2021-11-08 11:21:28,391 [myid:] - INFO  [main:FourLetterWordMain@94] - connecting to 127.0.0.1 19303
2021-11-08 11:21:28,408 [myid:] - INFO  [NIOWorkerThread-2:NIOServerCnxn@514] - Processing ruok command from /127.0.0.1:8328
2021-11-08 11:21:28,409 [myid:] - INFO  [main:FourLetterWordsWhiteListTest@250] - cmd ruok expected an exact match of imok; got imok

2021-11-08 11:21:28,409 [myid:] - INFO  [main:FourLetterWordMain@94] - connecting to 127.0.0.1 19303
2021-11-08 11:21:28,412 [myid:] - INFO  [NIOWorkerThread-3:NIOServerCnxn@514] - Processing envi command from /127.0.0.1:8329
2021-11-08 11:21:33,413 [myid:] - INFO  [main:ClientBase@583] - tearDown starting
2021-11-08 11:21:33,414 [myid:] - INFO  [main:ClientBase@557] - STOPPING server
2021-11-08 11:21:33,414 [myid:] - INFO  [ConnnectionExpirer:NIOServerCnxnFactory$ConnectionExpirerThread@564] - ConnnectionExpirerThread interrupted
2021-11-08 11:21:33,414 [myid:] - INFO  [NIOServerCxnFactory.AcceptThread:0.0.0.0/0.0.0.0:19303:NIOServerCnxnFactory$AcceptThread@195] - accept thread exitted run method
2021-11-08 11:21:33,416 [myid:] - INFO  [NIOServerCxnFactory.SelectorThread-0:NIOServerCnxnFactory$SelectorThread@397] - selector thread exitted run method
2021-11-08 11:21:37,460 [myid:] - ERROR [NIOWorkerThread-3:NIOServerCnxn@134] - Error sending data synchronously 
java.io.IOException: 你的主机中的软件中止了一个已建立的连接。
	at sun.nio.ch.SocketDispatcher.write0(Native Method)
	at sun.nio.ch.SocketDispatcher.write(SocketDispatcher.java:51)
	at sun.nio.ch.IOUtil.writeFromNativeBuffer(IOUtil.java:93)
	at sun.nio.ch.IOUtil.write(IOUtil.java:65)
	at sun.nio.ch.SocketChannelImpl.write(SocketChannelImpl.java:470)
	at org.apache.zookeeper.server.NIOServerCnxn.sendBufferSync(NIOServerCnxn.java:129)
	at org.apache.zookeeper.server.NIOServerCnxn$SendBufferWriter.checkFlush(NIOServerCnxn.java:446)
	at org.apache.zookeeper.server.NIOServerCnxn$SendBufferWriter.flush(NIOServerCnxn.java:463)
	at java.io.BufferedWriter.flush(BufferedWriter.java:254)
	at java.io.PrintWriter.flush(PrintWriter.java:320)
	at org.apache.zookeeper.server.ServerCnxn.cleanupWriterSocket(ServerCnxn.java:591)
	at org.apache.zookeeper.server.command.AbstractFourLetterCommand.run(AbstractFourLetterCommand.java:60)
	at org.apache.zookeeper.server.command.AbstractFourLetterCommand.start(AbstractFourLetterCommand.java:51)
	at org.apache.zookeeper.server.command.CommandExecutor.execute(CommandExecutor.java:45)
	at org.apache.zookeeper.server.NIOServerCnxn.checkFourLetterWord(NIOServerCnxn.java:530)
	at org.apache.zookeeper.server.NIOServerCnxn.readLength(NIOServerCnxn.java:544)
	at org.apache.zookeeper.server.NIOServerCnxn.doIO(NIOServerCnxn.java:339)
	at org.apache.zookeeper.server.NIOServerCnxnFactory$IOWorkRequest.doWork(NIOServerCnxnFactory.java:508)
	at org.apache.zookeeper.server.WorkerService$ScheduledWorkRequest.run(WorkerService.java:154)
	at java.util.concurrent.ThreadPoolExecutor.runWorker(ThreadPoolExecutor.java:1142)
	at java.util.concurrent.ThreadPoolExecutor$Worker.run(ThreadPoolExecutor.java:617)
	at java.lang.Thread.run(Thread.java:745)
2021-11-08 11:21:37,462 [myid:] - INFO  [main:ZooKeeperServer@829] - shutting down
2021-11-08 11:21:37,462 [myid:] - INFO  [main:RequestThrottler@258] - Shutting down
2021-11-08 11:21:37,462 [myid:] - INFO  [RequestThrottler:RequestThrottler@219] - Draining request throttler queue
2021-11-08 11:21:37,463 [myid:] - INFO  [RequestThrottler:RequestThrottler@195] - RequestThrottler shutdown. Dropped 0 requests
2021-11-08 11:21:37,463 [myid:] - INFO  [main:SessionTrackerImpl@252] - Shutting down
2021-11-08 11:21:37,463 [myid:] - INFO  [main:PrepRequestProcessor@1066] - Shutting down
2021-11-08 11:21:37,463 [myid:] - INFO  [main:SyncRequestProcessor@255] - Shutting down
2021-11-08 11:21:37,463 [myid:] - INFO  [ProcessThread(sid:0 cport:19303)::PrepRequestProcessor@161] - PrepRequestProcessor exited loop!
2021-11-08 11:21:37,463 [myid:] - INFO  [SyncThread:0:SyncRequestProcessor@224] - SyncRequestProcessor exited!
2021-11-08 11:21:37,463 [myid:] - INFO  [main:FinalRequestProcessor@684] - shutdown of request processor complete
2021-11-08 11:21:37,464 [myid:] - INFO  [main:FourLetterWordMain@94] - connecting to 127.0.0.1 19303
2021-11-08 11:21:38,745 [myid:] - INFO  [SessionTracker:SessionTrackerImpl@175] - SessionTrackerImpl exited loop!
2021-11-08 11:21:39,488 [myid:] - INFO  [main:JMXEnv@142] - ensureOnly:[]
2021-11-08 11:21:39,491 [myid:] - INFO  [main:ZKTestCase@82] - FINISHED Optional[public void org.apache.zookeeper.test.FourLetterWordsWhiteListTest.testFourLetterWordsEnableAllCommandsThroughAsterisk() throws java.lang.Exception]
]]></system-out>
  </testcase>
  <testcase name="testFourLetterWordsEnableAllCommandsThroughExplicitList" classname="org.apache.zookeeper.test.FourLetterWordsWhiteListTest" time="13.151">
    <error message="Exception while executing four letter word: envi" type="java.io.IOException">java.io.IOException: Exception while executing four letter word: envi
	at org.apache.zookeeper.client.FourLetterWordMain.send4LetterWord(FourLetterWordMain.java:134)
	at org.apache.zookeeper.client.FourLetterWordMain.send4LetterWord(FourLetterWordMain.java:56)
	at org.apache.zookeeper.test.FourLetterWordsWhiteListTest.sendRequest(FourLetterWordsWhiteListTest.java:235)
	at org.apache.zookeeper.test.FourLetterWordsWhiteListTest.verifyFuzzyMatch(FourLetterWordsWhiteListTest.java:239)
	at org.apache.zookeeper.test.FourLetterWordsWhiteListTest.verifyAllCommandsSuccess(FourLetterWordsWhiteListTest.java:147)
	at org.apache.zookeeper.test.FourLetterWordsWhiteListTest.testFourLetterWordsEnableAllCommandsThroughExplicitList(FourLetterWordsWhiteListTest.java:142)
Caused by: java.net.SocketTimeoutException: Read timed out
	at java.net.SocketInputStream.socketRead0(Native Method)
	at java.net.SocketInputStream.read(SocketInputStream.java:150)
	at java.net.SocketInputStream.read(SocketInputStream.java:121)
	at java.io.InputStreamReader.read(InputStreamReader.java:184)
	at java.io.BufferedReader.fill(BufferedReader.java:161)
	at java.io.BufferedReader.readLine(BufferedReader.java:324)
	at java.io.BufferedReader.readLine(BufferedReader.java:389)
	at org.apache.zookeeper.client.FourLetterWordMain.send4LetterWord(FourLetterWordMain.java:129)
	... 5 more
</error>
    <system-out><![CDATA[2021-11-08 11:21:39,495 [myid:] - INFO  [main:PortAssignment@87] - Assigned port 19304 from range 19300 - 21992.
2021-11-08 11:21:39,496 [myid:] - INFO  [main:ZKTestCase@77] - STARTING Optional[public void org.apache.zookeeper.test.FourLetterWordsWhiteListTest.testFourLetterWordsEnableAllCommandsThroughExplicitList() throws java.lang.Exception]
2021-11-08 11:21:39,497 [myid:] - INFO  [main:JMXEnv@58] - connecting to addr service:jmx:rmi://127.0.0.1/stub/rO0ABXNyAC5qYXZheC5tYW5hZ2VtZW50LnJlbW90ZS5ybWkuUk1JU2VydmVySW1wbF9TdHViAAAAAAAAAAICAAB4cgAaamF2YS5ybWkuc2VydmVyLlJlbW90ZVN0dWLp/tzJi+FlGgIAAHhyABxqYXZhLnJtaS5zZXJ2ZXIuUmVtb3RlT2JqZWN002G0kQxhMx4DAAB4cHc6AAtVbmljYXN0UmVmMgAADzE2OS4yNTQuMTU2LjIzMQAAHlI+7JumjGpJFxlPOUEAAAF8/ZBYVYAjAHg=
2021-11-08 11:21:39,501 [myid:] - INFO  [main:ClientBase@514] - STARTING server
2021-11-08 11:21:39,501 [myid:] - INFO  [main:ClientBase@423] - CREATING server instance 127.0.0.1:19304
2021-11-08 11:21:39,501 [myid:] - INFO  [main:ServerCnxnFactory@169] - Using org.apache.zookeeper.server.NIOServerCnxnFactory as server connection factory
2021-11-08 11:21:39,502 [myid:] - WARN  [main:ServerCnxnFactory@309] - maxCnxns is not configured, using default value 0.
2021-11-08 11:21:39,502 [myid:] - INFO  [main:NIOServerCnxnFactory@652] - Configuring NIO connection handler with 10s sessionless connection timeout, 1 selector thread(s), 12 worker threads, and 64 kB direct buffers.
2021-11-08 11:21:39,502 [myid:] - INFO  [main:NIOServerCnxnFactory@660] - binding to port 0.0.0.0/0.0.0.0:19304
2021-11-08 11:21:39,503 [myid:] - INFO  [main:ClientBase@395] - STARTING server instance 127.0.0.1:19304
2021-11-08 11:21:39,503 [myid:] - INFO  [main:FileTxnSnapLog@124] - zookeeper.snapshot.trust.empty : false
2021-11-08 11:21:39,504 [myid:] - INFO  [main:WatchManagerFactory@42] - Using org.apache.zookeeper.server.watch.WatchManager as watch manager
2021-11-08 11:21:39,504 [myid:] - INFO  [main:WatchManagerFactory@42] - Using org.apache.zookeeper.server.watch.WatchManager as watch manager
2021-11-08 11:21:39,504 [myid:] - INFO  [main:ZKDatabase@133] - zookeeper.snapshotSizeFactor = 0.33
2021-11-08 11:21:39,504 [myid:] - INFO  [main:ZKDatabase@153] - zookeeper.commitLogCount=500
2021-11-08 11:21:39,505 [myid:] - INFO  [main:ZooKeeperServer@1300] - minSessionTimeout set to 6000
2021-11-08 11:21:39,505 [myid:] - INFO  [main:ZooKeeperServer@1309] - maxSessionTimeout set to 60000
2021-11-08 11:21:39,505 [myid:] - INFO  [main:ResponseCache@45] - getData response cache size is initialized with value 400.
2021-11-08 11:21:39,505 [myid:] - INFO  [main:ResponseCache@45] - getChildren response cache size is initialized with value 400.
2021-11-08 11:21:39,505 [myid:] - INFO  [main:RequestPathMetricsCollector@109] - zookeeper.pathStats.slotCapacity = 60
2021-11-08 11:21:39,505 [myid:] - INFO  [main:RequestPathMetricsCollector@110] - zookeeper.pathStats.slotDuration = 15
2021-11-08 11:21:39,505 [myid:] - INFO  [main:RequestPathMetricsCollector@111] - zookeeper.pathStats.maxDepth = 6
2021-11-08 11:21:39,505 [myid:] - INFO  [main:RequestPathMetricsCollector@112] - zookeeper.pathStats.initialDelay = 5
2021-11-08 11:21:39,506 [myid:] - INFO  [main:RequestPathMetricsCollector@113] - zookeeper.pathStats.delay = 5
2021-11-08 11:21:39,506 [myid:] - INFO  [main:RequestPathMetricsCollector@114] - zookeeper.pathStats.enabled = false
2021-11-08 11:21:39,506 [myid:] - INFO  [main:ZooKeeperServer@1536] - The max bytes for all large requests are set to 104857600
2021-11-08 11:21:39,506 [myid:] - INFO  [main:ZooKeeperServer@1550] - The large request threshold is set to -1
2021-11-08 11:21:39,506 [myid:] - INFO  [main:AuthenticationHelper@66] - zookeeper.enforce.auth.enabled = false
2021-11-08 11:21:39,506 [myid:] - INFO  [main:AuthenticationHelper@67] - zookeeper.enforce.auth.schemes = []
2021-11-08 11:21:39,506 [myid:] - INFO  [main:ZooKeeperServer@361] - Created server with tickTime 3000 minSessionTimeout 6000 maxSessionTimeout 60000 clientPortListenBacklog -1 datadir D:\mysoft\faiscoGit\myStudy\ZooKeeperLearning\apache-zookeeper-3.7.0\zookeeper-server\target\surefire\test5657571600721545414.junit.dir\version-2 snapdir D:\mysoft\faiscoGit\myStudy\ZooKeeperLearning\apache-zookeeper-3.7.0\zookeeper-server\target\surefire\test5657571600721545414.junit.dir\version-2
2021-11-08 11:21:39,507 [myid:] - INFO  [main:FileTxnSnapLog@260] - Initialize file found, an empty database will not block voting participation
2021-11-08 11:21:39,507 [myid:] - INFO  [main:FileTxnSnapLog@479] - Snapshotting: 0x0 to D:\mysoft\faiscoGit\myStudy\ZooKeeperLearning\apache-zookeeper-3.7.0\zookeeper-server\target\surefire\test5657571600721545414.junit.dir\version-2\snapshot.0
2021-11-08 11:21:39,508 [myid:] - INFO  [main:ZKDatabase@290] - Snapshot loaded in 2 ms, highest zxid is 0x0, digest is 1371985504
2021-11-08 11:21:39,508 [myid:] - INFO  [main:FileTxnSnapLog@479] - Snapshotting: 0x0 to D:\mysoft\faiscoGit\myStudy\ZooKeeperLearning\apache-zookeeper-3.7.0\zookeeper-server\target\surefire\test5657571600721545414.junit.dir\version-2\snapshot.0
2021-11-08 11:21:39,509 [myid:] - INFO  [main:ZooKeeperServer@543] - Snapshot taken in 0 ms
2021-11-08 11:21:39,509 [myid:] - INFO  [ProcessThread(sid:0 cport:19304)::PrepRequestProcessor@137] - PrepRequestProcessor (sid:0) started, reconfigEnabled=false
2021-11-08 11:21:39,509 [myid:] - INFO  [main:FourLetterWordMain@94] - connecting to 127.0.0.1 19304
2021-11-08 11:21:39,510 [myid:] - INFO  [NIOWorkerThread-1:NIOServerCnxn@514] - Processing stat command from /127.0.0.1:8721
2021-11-08 11:21:39,510 [myid:] - INFO  [NIOWorkerThread-1:StatCommand@52] - Stat command output
2021-11-08 11:21:39,511 [myid:] - INFO  [main:JMXEnv@219] - ensureParent:[InMemoryDataTree, StandaloneServer_port]
2021-11-08 11:21:39,511 [myid:] - INFO  [main:JMXEnv@235] - expect:InMemoryDataTree
2021-11-08 11:21:39,512 [myid:] - INFO  [main:JMXEnv@239] - found:InMemoryDataTree org.apache.ZooKeeperService:name0=StandaloneServer_port19304,name1=InMemoryDataTree
2021-11-08 11:21:39,512 [myid:] - INFO  [main:JMXEnv@235] - expect:StandaloneServer_port
2021-11-08 11:21:39,512 [myid:] - INFO  [main:JMXEnv@239] - found:StandaloneServer_port org.apache.ZooKeeperService:name0=StandaloneServer_port19304
2021-11-08 11:21:39,512 [myid:] - INFO  [main:ClientBase@501] - Client test setup finished
2021-11-08 11:21:39,512 [myid:] - INFO  [main:ClientBase@557] - STOPPING server
2021-11-08 11:21:39,513 [myid:] - INFO  [ConnnectionExpirer:NIOServerCnxnFactory$ConnectionExpirerThread@564] - ConnnectionExpirerThread interrupted
2021-11-08 11:21:39,513 [myid:] - INFO  [NIOServerCxnFactory.AcceptThread:0.0.0.0/0.0.0.0:19304:NIOServerCnxnFactory$AcceptThread@195] - accept thread exitted run method
2021-11-08 11:21:39,513 [myid:] - INFO  [NIOServerCxnFactory.SelectorThread-0:NIOServerCnxnFactory$SelectorThread@397] - selector thread exitted run method
2021-11-08 11:21:39,513 [myid:] - INFO  [main:ZooKeeperServer@829] - shutting down
2021-11-08 11:21:39,513 [myid:] - INFO  [main:RequestThrottler@258] - Shutting down
2021-11-08 11:21:39,513 [myid:] - INFO  [RequestThrottler:RequestThrottler@219] - Draining request throttler queue
2021-11-08 11:21:39,513 [myid:] - INFO  [RequestThrottler:RequestThrottler@195] - RequestThrottler shutdown. Dropped 0 requests
2021-11-08 11:21:39,513 [myid:] - INFO  [main:SessionTrackerImpl@252] - Shutting down
2021-11-08 11:21:39,514 [myid:] - INFO  [main:PrepRequestProcessor@1066] - Shutting down
2021-11-08 11:21:39,514 [myid:] - INFO  [main:SyncRequestProcessor@255] - Shutting down
2021-11-08 11:21:39,514 [myid:] - INFO  [ProcessThread(sid:0 cport:19304)::PrepRequestProcessor@161] - PrepRequestProcessor exited loop!
2021-11-08 11:21:39,514 [myid:] - INFO  [SyncThread:0:SyncRequestProcessor@224] - SyncRequestProcessor exited!
2021-11-08 11:21:39,514 [myid:] - INFO  [main:FinalRequestProcessor@684] - shutdown of request processor complete
2021-11-08 11:21:39,515 [myid:] - INFO  [main:FourLetterWordMain@94] - connecting to 127.0.0.1 19304
2021-11-08 11:21:41,544 [myid:] - INFO  [main:JMXEnv@142] - ensureOnly:[]
2021-11-08 11:21:41,545 [myid:] - INFO  [main:ClientBase@514] - STARTING server
2021-11-08 11:21:41,545 [myid:] - INFO  [main:ClientBase@423] - CREATING server instance 127.0.0.1:19304
2021-11-08 11:21:41,545 [myid:] - INFO  [main:ServerCnxnFactory@169] - Using org.apache.zookeeper.server.NIOServerCnxnFactory as server connection factory
2021-11-08 11:21:41,545 [myid:] - WARN  [main:ServerCnxnFactory@309] - maxCnxns is not configured, using default value 0.
2021-11-08 11:21:41,545 [myid:] - INFO  [main:NIOServerCnxnFactory@652] - Configuring NIO connection handler with 10s sessionless connection timeout, 1 selector thread(s), 12 worker threads, and 64 kB direct buffers.
2021-11-08 11:21:41,546 [myid:] - INFO  [main:NIOServerCnxnFactory@660] - binding to port 0.0.0.0/0.0.0.0:19304
2021-11-08 11:21:41,547 [myid:] - INFO  [main:ClientBase@395] - STARTING server instance 127.0.0.1:19304
2021-11-08 11:21:41,547 [myid:] - INFO  [main:FileTxnSnapLog@124] - zookeeper.snapshot.trust.empty : false
2021-11-08 11:21:41,547 [myid:] - INFO  [main:WatchManagerFactory@42] - Using org.apache.zookeeper.server.watch.WatchManager as watch manager
2021-11-08 11:21:41,548 [myid:] - INFO  [main:WatchManagerFactory@42] - Using org.apache.zookeeper.server.watch.WatchManager as watch manager
2021-11-08 11:21:41,548 [myid:] - INFO  [main:ZKDatabase@133] - zookeeper.snapshotSizeFactor = 0.33
2021-11-08 11:21:41,548 [myid:] - INFO  [main:ZKDatabase@153] - zookeeper.commitLogCount=500
2021-11-08 11:21:41,548 [myid:] - INFO  [main:ZooKeeperServer@1300] - minSessionTimeout set to 6000
2021-11-08 11:21:41,548 [myid:] - INFO  [main:ZooKeeperServer@1309] - maxSessionTimeout set to 60000
2021-11-08 11:21:41,548 [myid:] - INFO  [main:ResponseCache@45] - getData response cache size is initialized with value 400.
2021-11-08 11:21:41,548 [myid:] - INFO  [main:ResponseCache@45] - getChildren response cache size is initialized with value 400.
2021-11-08 11:21:41,549 [myid:] - INFO  [main:RequestPathMetricsCollector@109] - zookeeper.pathStats.slotCapacity = 60
2021-11-08 11:21:41,549 [myid:] - INFO  [main:RequestPathMetricsCollector@110] - zookeeper.pathStats.slotDuration = 15
2021-11-08 11:21:41,549 [myid:] - INFO  [main:RequestPathMetricsCollector@111] - zookeeper.pathStats.maxDepth = 6
2021-11-08 11:21:41,549 [myid:] - INFO  [main:RequestPathMetricsCollector@112] - zookeeper.pathStats.initialDelay = 5
2021-11-08 11:21:41,549 [myid:] - INFO  [main:RequestPathMetricsCollector@113] - zookeeper.pathStats.delay = 5
2021-11-08 11:21:41,549 [myid:] - INFO  [main:RequestPathMetricsCollector@114] - zookeeper.pathStats.enabled = false
2021-11-08 11:21:41,549 [myid:] - INFO  [main:ZooKeeperServer@1536] - The max bytes for all large requests are set to 104857600
2021-11-08 11:21:41,549 [myid:] - INFO  [main:ZooKeeperServer@1550] - The large request threshold is set to -1
2021-11-08 11:21:41,549 [myid:] - INFO  [main:AuthenticationHelper@66] - zookeeper.enforce.auth.enabled = false
2021-11-08 11:21:41,550 [myid:] - INFO  [main:AuthenticationHelper@67] - zookeeper.enforce.auth.schemes = []
2021-11-08 11:21:41,550 [myid:] - INFO  [main:ZooKeeperServer@361] - Created server with tickTime 3000 minSessionTimeout 6000 maxSessionTimeout 60000 clientPortListenBacklog -1 datadir D:\mysoft\faiscoGit\myStudy\ZooKeeperLearning\apache-zookeeper-3.7.0\zookeeper-server\target\surefire\test5657571600721545414.junit.dir\version-2 snapdir D:\mysoft\faiscoGit\myStudy\ZooKeeperLearning\apache-zookeeper-3.7.0\zookeeper-server\target\surefire\test5657571600721545414.junit.dir\version-2
2021-11-08 11:21:41,550 [myid:] - INFO  [main:FileSnap@85] - Reading snapshot D:\mysoft\faiscoGit\myStudy\ZooKeeperLearning\apache-zookeeper-3.7.0\zookeeper-server\target\surefire\test5657571600721545414.junit.dir\version-2\snapshot.0
2021-11-08 11:21:41,551 [myid:] - INFO  [main:DataTree@1716] - The digest value is empty in snapshot
2021-11-08 11:21:41,551 [myid:] - INFO  [main:ZKDatabase@290] - Snapshot loaded in 1 ms, highest zxid is 0x0, digest is 1371985504
2021-11-08 11:21:41,551 [myid:] - INFO  [main:FileTxnSnapLog@479] - Snapshotting: 0x0 to D:\mysoft\faiscoGit\myStudy\ZooKeeperLearning\apache-zookeeper-3.7.0\zookeeper-server\target\surefire\test5657571600721545414.junit.dir\version-2\snapshot.0
2021-11-08 11:21:41,552 [myid:] - INFO  [main:ZooKeeperServer@543] - Snapshot taken in 1 ms
2021-11-08 11:21:41,553 [myid:] - INFO  [main:FourLetterWordMain@94] - connecting to 127.0.0.1 19304
2021-11-08 11:21:41,556 [myid:] - INFO  [ProcessThread(sid:0 cport:19304)::PrepRequestProcessor@137] - PrepRequestProcessor (sid:0) started, reconfigEnabled=false
2021-11-08 11:21:41,557 [myid:] - INFO  [NIOWorkerThread-1:FourLetterCommands@223] - The list of known four letter word commands is : [{1936881266=srvr, 1937006964=stat, 2003003491=wchc, 1685417328=dump, 1668445044=crst, 1936880500=srst, 1701738089=envi, 1668247142=conf, -720899=telnet close, 1751217000=hash, 2003003507=wchs, 2003003504=wchp, 1684632179=dirs, 1668247155=cons, 1835955314=mntr, 1769173615=isro, 1920298859=ruok, 1735683435=gtmk, 1937010027=stmk}]
2021-11-08 11:21:41,557 [myid:] - INFO  [NIOWorkerThread-1:FourLetterCommands@224] - The list of enabled four letter word commands is : [[wchs, stat, wchp, dirs, stmk, ruok, conf, mntr, srvr, wchc, envi, srst, isro, dump, gtmk, crst, cons]]
2021-11-08 11:21:41,557 [myid:] - INFO  [NIOWorkerThread-1:NIOServerCnxn@514] - Processing stat command from /127.0.0.1:8744
2021-11-08 11:21:41,557 [myid:] - INFO  [NIOWorkerThread-1:StatCommand@52] - Stat command output
2021-11-08 11:21:41,557 [myid:] - INFO  [main:JMXEnv@219] - ensureParent:[InMemoryDataTree, StandaloneServer_port]
2021-11-08 11:21:41,558 [myid:] - INFO  [main:JMXEnv@235] - expect:InMemoryDataTree
2021-11-08 11:21:41,558 [myid:] - INFO  [main:JMXEnv@239] - found:InMemoryDataTree org.apache.ZooKeeperService:name0=StandaloneServer_port19304,name1=InMemoryDataTree
2021-11-08 11:21:41,558 [myid:] - INFO  [main:JMXEnv@235] - expect:StandaloneServer_port
2021-11-08 11:21:41,558 [myid:] - INFO  [main:JMXEnv@239] - found:StandaloneServer_port org.apache.ZooKeeperService:name0=StandaloneServer_port19304
2021-11-08 11:21:41,559 [myid:] - INFO  [main:FourLetterWordMain@94] - connecting to 127.0.0.1 19304
2021-11-08 11:21:41,560 [myid:] - INFO  [NIOWorkerThread-2:NIOServerCnxn@514] - Processing ruok command from /127.0.0.1:8745
2021-11-08 11:21:41,560 [myid:] - INFO  [main:FourLetterWordsWhiteListTest@250] - cmd ruok expected an exact match of imok; got imok

2021-11-08 11:21:41,561 [myid:] - INFO  [main:FourLetterWordMain@94] - connecting to 127.0.0.1 19304
2021-11-08 11:21:41,562 [myid:] - INFO  [NIOWorkerThread-3:NIOServerCnxn@514] - Processing envi command from /127.0.0.1:8746
2021-11-08 11:21:41,689 [myid:] - INFO  [SessionTracker:SessionTrackerImpl@175] - SessionTrackerImpl exited loop!
2021-11-08 11:21:46,562 [myid:] - INFO  [main:ClientBase@583] - tearDown starting
2021-11-08 11:21:46,562 [myid:] - INFO  [main:ClientBase@557] - STOPPING server
2021-11-08 11:21:46,563 [myid:] - INFO  [ConnnectionExpirer:NIOServerCnxnFactory$ConnectionExpirerThread@564] - ConnnectionExpirerThread interrupted
2021-11-08 11:21:46,563 [myid:] - INFO  [NIOServerCxnFactory.SelectorThread-0:NIOServerCnxnFactory$SelectorThread@397] - selector thread exitted run method
2021-11-08 11:21:46,563 [myid:] - INFO  [NIOServerCxnFactory.AcceptThread:0.0.0.0/0.0.0.0:19304:NIOServerCnxnFactory$AcceptThread@195] - accept thread exitted run method
2021-11-08 11:21:50,607 [myid:] - ERROR [NIOWorkerThread-3:NIOServerCnxn@134] - Error sending data synchronously 
java.io.IOException: 你的主机中的软件中止了一个已建立的连接。
	at sun.nio.ch.SocketDispatcher.write0(Native Method)
	at sun.nio.ch.SocketDispatcher.write(SocketDispatcher.java:51)
	at sun.nio.ch.IOUtil.writeFromNativeBuffer(IOUtil.java:93)
	at sun.nio.ch.IOUtil.write(IOUtil.java:65)
	at sun.nio.ch.SocketChannelImpl.write(SocketChannelImpl.java:470)
	at org.apache.zookeeper.server.NIOServerCnxn.sendBufferSync(NIOServerCnxn.java:129)
	at org.apache.zookeeper.server.NIOServerCnxn$SendBufferWriter.checkFlush(NIOServerCnxn.java:446)
	at org.apache.zookeeper.server.NIOServerCnxn$SendBufferWriter.flush(NIOServerCnxn.java:463)
	at java.io.BufferedWriter.flush(BufferedWriter.java:254)
	at java.io.PrintWriter.flush(PrintWriter.java:320)
	at org.apache.zookeeper.server.ServerCnxn.cleanupWriterSocket(ServerCnxn.java:591)
	at org.apache.zookeeper.server.command.AbstractFourLetterCommand.run(AbstractFourLetterCommand.java:60)
	at org.apache.zookeeper.server.command.AbstractFourLetterCommand.start(AbstractFourLetterCommand.java:51)
	at org.apache.zookeeper.server.command.CommandExecutor.execute(CommandExecutor.java:45)
	at org.apache.zookeeper.server.NIOServerCnxn.checkFourLetterWord(NIOServerCnxn.java:530)
	at org.apache.zookeeper.server.NIOServerCnxn.readLength(NIOServerCnxn.java:544)
	at org.apache.zookeeper.server.NIOServerCnxn.doIO(NIOServerCnxn.java:339)
	at org.apache.zookeeper.server.NIOServerCnxnFactory$IOWorkRequest.doWork(NIOServerCnxnFactory.java:508)
	at org.apache.zookeeper.server.WorkerService$ScheduledWorkRequest.run(WorkerService.java:154)
	at java.util.concurrent.ThreadPoolExecutor.runWorker(ThreadPoolExecutor.java:1142)
	at java.util.concurrent.ThreadPoolExecutor$Worker.run(ThreadPoolExecutor.java:617)
	at java.lang.Thread.run(Thread.java:745)
2021-11-08 11:21:50,607 [myid:] - INFO  [main:ZooKeeperServer@829] - shutting down
2021-11-08 11:21:50,608 [myid:] - INFO  [main:RequestThrottler@258] - Shutting down
2021-11-08 11:21:50,608 [myid:] - INFO  [RequestThrottler:RequestThrottler@219] - Draining request throttler queue
2021-11-08 11:21:50,608 [myid:] - INFO  [RequestThrottler:RequestThrottler@195] - RequestThrottler shutdown. Dropped 0 requests
2021-11-08 11:21:50,608 [myid:] - INFO  [main:SessionTrackerImpl@252] - Shutting down
2021-11-08 11:21:50,608 [myid:] - INFO  [main:PrepRequestProcessor@1066] - Shutting down
2021-11-08 11:21:50,608 [myid:] - INFO  [main:SyncRequestProcessor@255] - Shutting down
2021-11-08 11:21:50,608 [myid:] - INFO  [ProcessThread(sid:0 cport:19304)::PrepRequestProcessor@161] - PrepRequestProcessor exited loop!
2021-11-08 11:21:50,608 [myid:] - INFO  [SyncThread:0:SyncRequestProcessor@224] - SyncRequestProcessor exited!
2021-11-08 11:21:50,609 [myid:] - INFO  [main:FinalRequestProcessor@684] - shutdown of request processor complete
2021-11-08 11:21:50,609 [myid:] - INFO  [main:FourLetterWordMain@94] - connecting to 127.0.0.1 19304
2021-11-08 11:21:50,699 [myid:] - INFO  [SessionTracker:SessionTrackerImpl@175] - SessionTrackerImpl exited loop!
2021-11-08 11:21:52,644 [myid:] - INFO  [main:JMXEnv@142] - ensureOnly:[]
2021-11-08 11:21:52,647 [myid:] - INFO  [main:ZKTestCase@82] - FINISHED Optional[public void org.apache.zookeeper.test.FourLetterWordsWhiteListTest.testFourLetterWordsEnableAllCommandsThroughExplicitList() throws java.lang.Exception]
]]></system-out>
  </testcase>
  <testcase name="testFourLetterWordsAllDisabledByDefault" classname="org.apache.zookeeper.test.FourLetterWordsWhiteListTest" time="13.572"/>
  <testcase name="testFourLetterWordsInvalidConfiguration" classname="org.apache.zookeeper.test.FourLetterWordsWhiteListTest" time="4.141"/>
</testsuite>