<?xml version="1.0" encoding="UTF-8"?>
<testsuite xmlns:xsi="http://www.w3.org/2001/XMLSchema-instance" xsi:noNamespaceSchemaLocation="https://maven.apache.org/surefire/maven-surefire-plugin/xsd/surefire-test-report.xsd" name="org.apache.zookeeper.server.NettyServerCnxnTest" time="152.864" tests="10" errors="2" skipped="0" failures="0">
  <properties>
    <property name="sun.desktop" value="windows"/>
    <property name="build.test.dir" value="D:\mysoft\faiscoGit\myStudy\ZooKeeperLearning\apache-zookeeper-3.7.0\zookeeper-server\target/surefire"/>
    <property name="awt.toolkit" value="sun.awt.windows.WToolkit"/>
    <property name="file.encoding.pkg" value="sun.io"/>
    <property name="java.specification.version" value="1.8"/>
    <property name="sun.cpu.isalist" value="amd64"/>
    <property name="sun.jnu.encoding" value="GBK"/>
    <property name="java.class.path" value="D:\mysoft\faiscoGit\myStudy\ZooKeeperLearning\apache-zookeeper-3.7.0\zookeeper-server\target\test-classes;D:\mysoft\faiscoGit\myStudy\ZooKeeperLearning\apache-zookeeper-3.7.0\zookeeper-server\target\classes;D:\mysoft\maven\repository\com\github\spotbugs\spotbugs-annotations\4.0.2\spotbugs-annotations-4.0.2.jar;D:\mysoft\maven\repository\com\google\code\findbugs\jsr305\3.0.2\jsr305-3.0.2.jar;D:\mysoft\maven\repository\org\hamcrest\hamcrest-library\2.2\hamcrest-library-2.2.jar;D:\mysoft\maven\repository\org\hamcrest\hamcrest-core\2.2\hamcrest-core-2.2.jar;D:\mysoft\maven\repository\org\hamcrest\hamcrest\2.2\hamcrest-2.2.jar;D:\mysoft\maven\repository\org\apache\commons\commons-collections4\4.4\commons-collections4-4.4.jar;D:\mysoft\maven\repository\org\apache\zookeeper\zookeeper-jute\3.7.0\zookeeper-jute-3.7.0.jar;D:\mysoft\maven\repository\commons-cli\commons-cli\1.4\commons-cli-1.4.jar;D:\mysoft\maven\repository\org\apache\yetus\audience-annotations\0.12.0\audience-annotations-0.12.0.jar;D:\mysoft\maven\repository\io\netty\netty-handler\4.1.59.Final\netty-handler-4.1.59.Final.jar;D:\mysoft\maven\repository\io\netty\netty-common\4.1.59.Final\netty-common-4.1.59.Final.jar;D:\mysoft\maven\repository\io\netty\netty-resolver\4.1.59.Final\netty-resolver-4.1.59.Final.jar;D:\mysoft\maven\repository\io\netty\netty-buffer\4.1.59.Final\netty-buffer-4.1.59.Final.jar;D:\mysoft\maven\repository\io\netty\netty-transport\4.1.59.Final\netty-transport-4.1.59.Final.jar;D:\mysoft\maven\repository\io\netty\netty-codec\4.1.59.Final\netty-codec-4.1.59.Final.jar;D:\mysoft\maven\repository\io\netty\netty-transport-native-epoll\4.1.59.Final\netty-transport-native-epoll-4.1.59.Final.jar;D:\mysoft\maven\repository\io\netty\netty-transport-native-unix-common\4.1.59.Final\netty-transport-native-unix-common-4.1.59.Final.jar;D:\mysoft\maven\repository\org\slf4j\slf4j-api\1.7.30\slf4j-api-1.7.30.jar;D:\mysoft\maven\repository\org\slf4j\slf4j-log4j12\1.7.30\slf4j-log4j12-1.7.30.jar;D:\mysoft\maven\repository\org\eclipse\jetty\jetty-server\9.4.38.v20210224\jetty-server-9.4.38.v20210224.jar;D:\mysoft\maven\repository\javax\servlet\javax.servlet-api\3.1.0\javax.servlet-api-3.1.0.jar;D:\mysoft\maven\repository\org\eclipse\jetty\jetty-http\9.4.38.v20210224\jetty-http-9.4.38.v20210224.jar;D:\mysoft\maven\repository\org\eclipse\jetty\jetty-util\9.4.38.v20210224\jetty-util-9.4.38.v20210224.jar;D:\mysoft\maven\repository\org\eclipse\jetty\jetty-io\9.4.38.v20210224\jetty-io-9.4.38.v20210224.jar;D:\mysoft\maven\repository\org\eclipse\jetty\jetty-servlet\9.4.38.v20210224\jetty-servlet-9.4.38.v20210224.jar;D:\mysoft\maven\repository\org\eclipse\jetty\jetty-security\9.4.38.v20210224\jetty-security-9.4.38.v20210224.jar;D:\mysoft\maven\repository\org\eclipse\jetty\jetty-util-ajax\9.4.38.v20210224\jetty-util-ajax-9.4.38.v20210224.jar;D:\mysoft\maven\repository\org\eclipse\jetty\jetty-client\9.4.38.v20210224\jetty-client-9.4.38.v20210224.jar;D:\mysoft\maven\repository\com\fasterxml\jackson\core\jackson-databind\2.10.5.1\jackson-databind-2.10.5.1.jar;D:\mysoft\maven\repository\com\fasterxml\jackson\core\jackson-annotations\2.10.5\jackson-annotations-2.10.5.jar;D:\mysoft\maven\repository\com\fasterxml\jackson\core\jackson-core\2.10.5\jackson-core-2.10.5.jar;D:\mysoft\maven\repository\org\bouncycastle\bcprov-jdk15on\1.60\bcprov-jdk15on-1.60.jar;D:\mysoft\maven\repository\org\bouncycastle\bcpkix-jdk15on\1.60\bcpkix-jdk15on-1.60.jar;D:\mysoft\maven\repository\jline\jline\2.14.6\jline-2.14.6.jar;D:\mysoft\maven\repository\io\dropwizard\metrics\metrics-core\4.1.12.1\metrics-core-4.1.12.1.jar;D:\mysoft\maven\repository\log4j\log4j\1.2.17\log4j-1.2.17.jar;D:\mysoft\maven\repository\org\apache\kerby\kerb-core\2.0.0\kerb-core-2.0.0.jar;D:\mysoft\maven\repository\org\apache\kerby\kerby-pkix\2.0.0\kerby-pkix-2.0.0.jar;D:\mysoft\maven\repository\org\apache\kerby\kerby-asn1\2.0.0\kerby-asn1-2.0.0.jar;D:\mysoft\maven\repository\org\apache\kerby\kerby-util\2.0.0\kerby-util-2.0.0.jar;D:\mysoft\maven\repository\org\apache\kerby\kerb-simplekdc\2.0.0\kerb-simplekdc-2.0.0.jar;D:\mysoft\maven\repository\org\apache\kerby\kerb-client\2.0.0\kerb-client-2.0.0.jar;D:\mysoft\maven\repository\org\apache\kerby\kerb-common\2.0.0\kerb-common-2.0.0.jar;D:\mysoft\maven\repository\org\apache\kerby\kerb-crypto\2.0.0\kerb-crypto-2.0.0.jar;D:\mysoft\maven\repository\commons-io\commons-io\2.6\commons-io-2.6.jar;D:\mysoft\maven\repository\org\apache\kerby\kerb-util\2.0.0\kerb-util-2.0.0.jar;D:\mysoft\maven\repository\org\apache\kerby\token-provider\2.0.0\token-provider-2.0.0.jar;D:\mysoft\maven\repository\com\nimbusds\nimbus-jose-jwt\4.41.2\nimbus-jose-jwt-4.41.2.jar;D:\mysoft\maven\repository\com\github\stephenc\jcip\jcip-annotations\1.0-1\jcip-annotations-1.0-1.jar;D:\mysoft\maven\repository\net\minidev\json-smart\2.3\json-smart-2.3.jar;D:\mysoft\maven\repository\net\minidev\accessors-smart\1.2\accessors-smart-1.2.jar;D:\mysoft\maven\repository\org\ow2\asm\asm\5.0.4\asm-5.0.4.jar;D:\mysoft\maven\repository\org\apache\kerby\kerb-admin\2.0.0\kerb-admin-2.0.0.jar;D:\mysoft\maven\repository\org\apache\kerby\kerb-server\2.0.0\kerb-server-2.0.0.jar;D:\mysoft\maven\repository\org\apache\kerby\kerb-identity\2.0.0\kerb-identity-2.0.0.jar;D:\mysoft\maven\repository\org\apache\kerby\kerby-xdr\2.0.0\kerby-xdr-2.0.0.jar;D:\mysoft\maven\repository\org\apache\kerby\kerby-config\2.0.0\kerby-config-2.0.0.jar;D:\mysoft\maven\repository\org\mockito\mockito-core\3.6.28\mockito-core-3.6.28.jar;D:\mysoft\maven\repository\net\bytebuddy\byte-buddy\1.10.18\byte-buddy-1.10.18.jar;D:\mysoft\maven\repository\net\bytebuddy\byte-buddy-agent\1.10.18\byte-buddy-agent-1.10.18.jar;D:\mysoft\maven\repository\org\objenesis\objenesis\3.1\objenesis-3.1.jar;D:\mysoft\maven\repository\org\jmockit\jmockit\1.48\jmockit-1.48.jar;D:\mysoft\maven\repository\org\junit\jupiter\junit-jupiter-api\5.6.2\junit-jupiter-api-5.6.2.jar;D:\mysoft\maven\repository\org\apiguardian\apiguardian-api\1.1.0\apiguardian-api-1.1.0.jar;D:\mysoft\maven\repository\org\opentest4j\opentest4j\1.2.0\opentest4j-1.2.0.jar;D:\mysoft\maven\repository\org\junit\platform\junit-platform-commons\1.6.2\junit-platform-commons-1.6.2.jar;D:\mysoft\maven\repository\org\junit\jupiter\junit-jupiter-engine\5.6.2\junit-jupiter-engine-5.6.2.jar;D:\mysoft\maven\repository\org\junit\platform\junit-platform-engine\1.6.2\junit-platform-engine-1.6.2.jar;D:\mysoft\maven\repository\org\junit\jupiter\junit-jupiter-params\5.6.2\junit-jupiter-params-5.6.2.jar;D:\mysoft\maven\repository\org\junit\platform\junit-platform-runner\1.6.2\junit-platform-runner-1.6.2.jar;D:\mysoft\maven\repository\junit\junit\4.13\junit-4.13.jar;D:\mysoft\maven\repository\org\junit\platform\junit-platform-launcher\1.6.2\junit-platform-launcher-1.6.2.jar;D:\mysoft\maven\repository\org\junit\platform\junit-platform-suite-api\1.6.2\junit-platform-suite-api-1.6.2.jar;D:\mysoft\maven\repository\org\xerial\snappy\snappy-java\1.1.7.7\snappy-java-1.1.7.7.jar;"/>
    <property name="java.vm.vendor" value="Oracle Corporation"/>
    <property name="sun.arch.data.model" value="64"/>
    <property name="user.variant" value=""/>
    <property name="java.vendor.url" value="http://java.oracle.com/"/>
    <property name="user.timezone" value="Asia/Shanghai"/>
    <property name="java.vm.specification.version" value="1.8"/>
    <property name="os.name" value="Windows 8.1"/>
    <property name="user.country" value="CN"/>
    <property name="sun.java.launcher" value="SUN_STANDARD"/>
    <property name="sun.boot.library.path" value="C:\Program Files\Java\jdk1.8.0_31\jre\bin"/>
    <property name="sun.java.command" value="C:\Users\faisco\AppData\Local\Temp\surefire7017171567299321585\surefirebooter3057133347547803486.jar C:\Users\faisco\AppData\Local\Temp\surefire7017171567299321585 2021-11-08T11-05-05_200-jvmRun8 surefire1801638421158298803tmp surefire_627783622596583168988tmp"/>
    <property name="surefire.test.class.path" value="D:\mysoft\faiscoGit\myStudy\ZooKeeperLearning\apache-zookeeper-3.7.0\zookeeper-server\target\test-classes;D:\mysoft\faiscoGit\myStudy\ZooKeeperLearning\apache-zookeeper-3.7.0\zookeeper-server\target\classes;D:\mysoft\maven\repository\com\github\spotbugs\spotbugs-annotations\4.0.2\spotbugs-annotations-4.0.2.jar;D:\mysoft\maven\repository\com\google\code\findbugs\jsr305\3.0.2\jsr305-3.0.2.jar;D:\mysoft\maven\repository\org\hamcrest\hamcrest-library\2.2\hamcrest-library-2.2.jar;D:\mysoft\maven\repository\org\hamcrest\hamcrest-core\2.2\hamcrest-core-2.2.jar;D:\mysoft\maven\repository\org\hamcrest\hamcrest\2.2\hamcrest-2.2.jar;D:\mysoft\maven\repository\org\apache\commons\commons-collections4\4.4\commons-collections4-4.4.jar;D:\mysoft\maven\repository\org\apache\zookeeper\zookeeper-jute\3.7.0\zookeeper-jute-3.7.0.jar;D:\mysoft\maven\repository\commons-cli\commons-cli\1.4\commons-cli-1.4.jar;D:\mysoft\maven\repository\org\apache\yetus\audience-annotations\0.12.0\audience-annotations-0.12.0.jar;D:\mysoft\maven\repository\io\netty\netty-handler\4.1.59.Final\netty-handler-4.1.59.Final.jar;D:\mysoft\maven\repository\io\netty\netty-common\4.1.59.Final\netty-common-4.1.59.Final.jar;D:\mysoft\maven\repository\io\netty\netty-resolver\4.1.59.Final\netty-resolver-4.1.59.Final.jar;D:\mysoft\maven\repository\io\netty\netty-buffer\4.1.59.Final\netty-buffer-4.1.59.Final.jar;D:\mysoft\maven\repository\io\netty\netty-transport\4.1.59.Final\netty-transport-4.1.59.Final.jar;D:\mysoft\maven\repository\io\netty\netty-codec\4.1.59.Final\netty-codec-4.1.59.Final.jar;D:\mysoft\maven\repository\io\netty\netty-transport-native-epoll\4.1.59.Final\netty-transport-native-epoll-4.1.59.Final.jar;D:\mysoft\maven\repository\io\netty\netty-transport-native-unix-common\4.1.59.Final\netty-transport-native-unix-common-4.1.59.Final.jar;D:\mysoft\maven\repository\org\slf4j\slf4j-api\1.7.30\slf4j-api-1.7.30.jar;D:\mysoft\maven\repository\org\slf4j\slf4j-log4j12\1.7.30\slf4j-log4j12-1.7.30.jar;D:\mysoft\maven\repository\org\eclipse\jetty\jetty-server\9.4.38.v20210224\jetty-server-9.4.38.v20210224.jar;D:\mysoft\maven\repository\javax\servlet\javax.servlet-api\3.1.0\javax.servlet-api-3.1.0.jar;D:\mysoft\maven\repository\org\eclipse\jetty\jetty-http\9.4.38.v20210224\jetty-http-9.4.38.v20210224.jar;D:\mysoft\maven\repository\org\eclipse\jetty\jetty-util\9.4.38.v20210224\jetty-util-9.4.38.v20210224.jar;D:\mysoft\maven\repository\org\eclipse\jetty\jetty-io\9.4.38.v20210224\jetty-io-9.4.38.v20210224.jar;D:\mysoft\maven\repository\org\eclipse\jetty\jetty-servlet\9.4.38.v20210224\jetty-servlet-9.4.38.v20210224.jar;D:\mysoft\maven\repository\org\eclipse\jetty\jetty-security\9.4.38.v20210224\jetty-security-9.4.38.v20210224.jar;D:\mysoft\maven\repository\org\eclipse\jetty\jetty-util-ajax\9.4.38.v20210224\jetty-util-ajax-9.4.38.v20210224.jar;D:\mysoft\maven\repository\org\eclipse\jetty\jetty-client\9.4.38.v20210224\jetty-client-9.4.38.v20210224.jar;D:\mysoft\maven\repository\com\fasterxml\jackson\core\jackson-databind\2.10.5.1\jackson-databind-2.10.5.1.jar;D:\mysoft\maven\repository\com\fasterxml\jackson\core\jackson-annotations\2.10.5\jackson-annotations-2.10.5.jar;D:\mysoft\maven\repository\com\fasterxml\jackson\core\jackson-core\2.10.5\jackson-core-2.10.5.jar;D:\mysoft\maven\repository\org\bouncycastle\bcprov-jdk15on\1.60\bcprov-jdk15on-1.60.jar;D:\mysoft\maven\repository\org\bouncycastle\bcpkix-jdk15on\1.60\bcpkix-jdk15on-1.60.jar;D:\mysoft\maven\repository\jline\jline\2.14.6\jline-2.14.6.jar;D:\mysoft\maven\repository\io\dropwizard\metrics\metrics-core\4.1.12.1\metrics-core-4.1.12.1.jar;D:\mysoft\maven\repository\log4j\log4j\1.2.17\log4j-1.2.17.jar;D:\mysoft\maven\repository\org\apache\kerby\kerb-core\2.0.0\kerb-core-2.0.0.jar;D:\mysoft\maven\repository\org\apache\kerby\kerby-pkix\2.0.0\kerby-pkix-2.0.0.jar;D:\mysoft\maven\repository\org\apache\kerby\kerby-asn1\2.0.0\kerby-asn1-2.0.0.jar;D:\mysoft\maven\repository\org\apache\kerby\kerby-util\2.0.0\kerby-util-2.0.0.jar;D:\mysoft\maven\repository\org\apache\kerby\kerb-simplekdc\2.0.0\kerb-simplekdc-2.0.0.jar;D:\mysoft\maven\repository\org\apache\kerby\kerb-client\2.0.0\kerb-client-2.0.0.jar;D:\mysoft\maven\repository\org\apache\kerby\kerb-common\2.0.0\kerb-common-2.0.0.jar;D:\mysoft\maven\repository\org\apache\kerby\kerb-crypto\2.0.0\kerb-crypto-2.0.0.jar;D:\mysoft\maven\repository\commons-io\commons-io\2.6\commons-io-2.6.jar;D:\mysoft\maven\repository\org\apache\kerby\kerb-util\2.0.0\kerb-util-2.0.0.jar;D:\mysoft\maven\repository\org\apache\kerby\token-provider\2.0.0\token-provider-2.0.0.jar;D:\mysoft\maven\repository\com\nimbusds\nimbus-jose-jwt\4.41.2\nimbus-jose-jwt-4.41.2.jar;D:\mysoft\maven\repository\com\github\stephenc\jcip\jcip-annotations\1.0-1\jcip-annotations-1.0-1.jar;D:\mysoft\maven\repository\net\minidev\json-smart\2.3\json-smart-2.3.jar;D:\mysoft\maven\repository\net\minidev\accessors-smart\1.2\accessors-smart-1.2.jar;D:\mysoft\maven\repository\org\ow2\asm\asm\5.0.4\asm-5.0.4.jar;D:\mysoft\maven\repository\org\apache\kerby\kerb-admin\2.0.0\kerb-admin-2.0.0.jar;D:\mysoft\maven\repository\org\apache\kerby\kerb-server\2.0.0\kerb-server-2.0.0.jar;D:\mysoft\maven\repository\org\apache\kerby\kerb-identity\2.0.0\kerb-identity-2.0.0.jar;D:\mysoft\maven\repository\org\apache\kerby\kerby-xdr\2.0.0\kerby-xdr-2.0.0.jar;D:\mysoft\maven\repository\org\apache\kerby\kerby-config\2.0.0\kerby-config-2.0.0.jar;D:\mysoft\maven\repository\org\mockito\mockito-core\3.6.28\mockito-core-3.6.28.jar;D:\mysoft\maven\repository\net\bytebuddy\byte-buddy\1.10.18\byte-buddy-1.10.18.jar;D:\mysoft\maven\repository\net\bytebuddy\byte-buddy-agent\1.10.18\byte-buddy-agent-1.10.18.jar;D:\mysoft\maven\repository\org\objenesis\objenesis\3.1\objenesis-3.1.jar;D:\mysoft\maven\repository\org\jmockit\jmockit\1.48\jmockit-1.48.jar;D:\mysoft\maven\repository\org\junit\jupiter\junit-jupiter-api\5.6.2\junit-jupiter-api-5.6.2.jar;D:\mysoft\maven\repository\org\apiguardian\apiguardian-api\1.1.0\apiguardian-api-1.1.0.jar;D:\mysoft\maven\repository\org\opentest4j\opentest4j\1.2.0\opentest4j-1.2.0.jar;D:\mysoft\maven\repository\org\junit\platform\junit-platform-commons\1.6.2\junit-platform-commons-1.6.2.jar;D:\mysoft\maven\repository\org\junit\jupiter\junit-jupiter-engine\5.6.2\junit-jupiter-engine-5.6.2.jar;D:\mysoft\maven\repository\org\junit\platform\junit-platform-engine\1.6.2\junit-platform-engine-1.6.2.jar;D:\mysoft\maven\repository\org\junit\jupiter\junit-jupiter-params\5.6.2\junit-jupiter-params-5.6.2.jar;D:\mysoft\maven\repository\org\junit\platform\junit-platform-runner\1.6.2\junit-platform-runner-1.6.2.jar;D:\mysoft\maven\repository\junit\junit\4.13\junit-4.13.jar;D:\mysoft\maven\repository\org\junit\platform\junit-platform-launcher\1.6.2\junit-platform-launcher-1.6.2.jar;D:\mysoft\maven\repository\org\junit\platform\junit-platform-suite-api\1.6.2\junit-platform-suite-api-1.6.2.jar;D:\mysoft\maven\repository\org\xerial\snappy\snappy-java\1.1.7.7\snappy-java-1.1.7.7.jar;"/>
    <property name="sun.cpu.endian" value="little"/>
    <property name="user.home" value="C:\Users\faisco"/>
    <property name="user.language" value="zh"/>
    <property name="java.specification.vendor" value="Oracle Corporation"/>
    <property name="java.home" value="C:\Program Files\Java\jdk1.8.0_31\jre"/>
    <property name="zookeeper.DigestAuthenticationProvider.superDigest" value="super:D/InIHSb7yEEbrWz8b9l71RjZJU="/>
    <property name="basedir" value="D:\mysoft\faiscoGit\myStudy\ZooKeeperLearning\apache-zookeeper-3.7.0\zookeeper-server"/>
    <property name="file.separator" value="\"/>
    <property name="line.separator" value="&#10;"/>
    <property name="java.vm.specification.vendor" value="Oracle Corporation"/>
    <property name="java.specification.name" value="Java Platform API Specification"/>
    <property name="java.awt.graphicsenv" value="sun.awt.Win32GraphicsEnvironment"/>
    <property name="test.junit.threads" value="8"/>
    <property name="surefire.real.class.path" value="C:\Users\faisco\AppData\Local\Temp\surefire7017171567299321585\surefirebooter3057133347547803486.jar;D:\mysoft\maven\repository\org\jmockit\jmockit\1.48\jmockit-1.48.jar"/>
    <property name="zookeeper.junit.threadid" value="8"/>
    <property name="sun.boot.class.path" value="C:\Program Files\Java\jdk1.8.0_31\jre\lib\resources.jar;C:\Program Files\Java\jdk1.8.0_31\jre\lib\rt.jar;C:\Program Files\Java\jdk1.8.0_31\jre\lib\sunrsasign.jar;C:\Program Files\Java\jdk1.8.0_31\jre\lib\jsse.jar;C:\Program Files\Java\jdk1.8.0_31\jre\lib\jce.jar;C:\Program Files\Java\jdk1.8.0_31\jre\lib\charsets.jar;C:\Program Files\Java\jdk1.8.0_31\jre\lib\jfr.jar;C:\Program Files\Java\jdk1.8.0_31\jre\classes"/>
    <property name="user.script" value=""/>
    <property name="sun.management.compiler" value="HotSpot 64-Bit Tiered Compilers"/>
    <property name="java.runtime.version" value="1.8.0_31-b13"/>
    <property name="user.name" value="faisco"/>
    <property name="path.separator" value=";"/>
    <property name="os.version" value="6.3"/>
    <property name="java.endorsed.dirs" value="C:\Program Files\Java\jdk1.8.0_31\jre\lib\endorsed"/>
    <property name="java.runtime.name" value="Java(TM) SE Runtime Environment"/>
    <property name="file.encoding" value="GBK"/>
    <property name="java.vm.name" value="Java HotSpot(TM) 64-Bit Server VM"/>
    <property name="idea.version2020.1" value="true"/>
    <property name="localRepository" value="D:\mysoft\maven\repository"/>
    <property name="java.vendor.url.bug" value="http://bugreport.sun.com/bugreport/"/>
    <property name="java.io.tmpdir" value="C:\Users\faisco\AppData\Local\Temp\"/>
    <property name="java.version" value="1.8.0_31"/>
    <property name="user.dir" value="D:\mysoft\faiscoGit\myStudy\ZooKeeperLearning\apache-zookeeper-3.7.0\zookeeper-server"/>
    <property name="os.arch" value="amd64"/>
    <property name="java.vm.specification.name" value="Java Virtual Machine Specification"/>
    <property name="java.awt.printerjob" value="sun.awt.windows.WPrinterJob"/>
    <property name="sun.os.patch.level" value=""/>
    <property name="java.library.path" value="C:\Program Files\Java\jdk1.8.0_31\jre\bin;C:\WINDOWS\Sun\Java\bin;C:\WINDOWS\system32;C:\WINDOWS;C:\Program Files\Java\jdk1.8.0_31\jre\bin;C:\Python39\Scripts\;C:\Python39\;C:\Python27\;C:\Python27\Scripts;C:\Program Files (x86)\Intel\Intel(R) Management Engine Components\iCLS\;C:\Program Files\Intel\Intel(R) Management Engine Components\iCLS\;C:\WINDOWS\system32;C:\WINDOWS;C:\WINDOWS\System32\Wbem;C:\WINDOWS\System32\WindowsPowerShell\v1.0\;C:\WINDOWS\System32\OpenSSH\;C:\Program Files (x86)\Intel\Intel(R) Management Engine Components\DAL;C:\Program Files\Intel\Intel(R) Management Engine Components\DAL;C:\Program Files\TortoiseSVN\bin;C:\Program Files\Java\jdk1.8.0_31\bin;D:\soft\Git\cmd;D:\mysoft\maven\apache-maven-3.6.1\bin;C:\ProgramData\chocolatey\bin;C:\Program Files\nodejs\;D:\mysoft\gradle-7.0\bin;C:\ProgramData\Oracle\Java\javapath;C:\Program Files\OpenVPN\bin;C:\Users\faisco\AppData\Local\Microsoft\WindowsApps;;D:\soft\Microsoft VS Code\bin;D:\soft\PyCharm Community Edition 2019.1.3\bin;;D:\soft\PyCharm 2019.2.3\bin;;C:\Users\faisco\AppData\Local\Microsoft\WindowsApps;C:\Program Files\JetBrains\IntelliJ IDEA 2020.1\bin;;C:\Program Files\JetBrains\IntelliJ IDEA Community Edition 2020.1.3\bin;;C:\Users\faisco\AppData\Roaming\npm;."/>
    <property name="junit.jupiter.extensions.autodetection.enabled" value="true"/>
    <property name="java.vm.info" value="mixed mode"/>
    <property name="java.vendor" value="Oracle Corporation"/>
    <property name="java.vm.version" value="25.31-b07"/>
    <property name="java.ext.dirs" value="C:\Program Files\Java\jdk1.8.0_31\jre\lib\ext;C:\WINDOWS\Sun\Java\lib\ext"/>
    <property name="sun.io.unicode.encoding" value="UnicodeLittle"/>
    <property name="java.class.version" value="52.0"/>
  </properties>
  <testcase name="testEnableDisableThrottling_secure_random" classname="org.apache.zookeeper.server.NettyServerCnxnTest" time="54.5">
    <error message="Unable to connect to server" type="java.net.ProtocolException">java.net.ProtocolException: Unable to connect to server
	at org.apache.zookeeper.test.ClientBase.createClient(ClientBase.java:201)
	at org.apache.zookeeper.test.ClientBase.createClient(ClientBase.java:193)
	at org.apache.zookeeper.test.ClientBase.createClient(ClientBase.java:182)
	at org.apache.zookeeper.test.ClientBase.createClient(ClientBase.java:177)
	at org.apache.zookeeper.server.NettyServerCnxnTest.runEnableDisableThrottling(NettyServerCnxnTest.java:301)
	at org.apache.zookeeper.server.NettyServerCnxnTest.testEnableDisableThrottling_secure_random(NettyServerCnxnTest.java:270)
</error>
    <system-out><![CDATA[2021-11-08 11:07:12,024 [myid:] - INFO  [main:PortAssignment@154] - Test process 8/8 using ports from 30072 - 32764.
2021-11-08 11:07:12,034 [myid:] - INFO  [main:PortAssignment@87] - Assigned port 30073 from range 30072 - 32764.
2021-11-08 11:07:12,054 [myid:] - INFO  [main:ZKTestCase@77] - STARTING Optional[public void org.apache.zookeeper.server.NettyServerCnxnTest.testEnableDisableThrottling_secure_random() throws java.lang.Exception]
2021-11-08 11:07:13,806 [myid:] - INFO  [main:JMXEnv@58] - connecting to addr service:jmx:rmi://127.0.0.1/stub/rO0ABXNyAC5qYXZheC5tYW5hZ2VtZW50LnJlbW90ZS5ybWkuUk1JU2VydmVySW1wbF9TdHViAAAAAAAAAAICAAB4cgAaamF2YS5ybWkuc2VydmVyLlJlbW90ZVN0dWLp/tzJi+FlGgIAAHhyABxqYXZhLnJtaS5zZXJ2ZXIuUmVtb3RlT2JqZWN002G0kQxhMx4DAAB4cHc6AAtVbmljYXN0UmVmMgAADzE2OS4yNTQuMTU2LjIzMQAAJeHmRDTcX4zue6eKPecAAAF8/YOX1oABAHg=
2021-11-08 11:07:13,838 [myid:] - INFO  [main:ClientBase@514] - STARTING server
2021-11-08 11:07:13,838 [myid:] - INFO  [main:ClientBase@423] - CREATING server instance 127.0.0.1:30073
2021-11-08 11:07:13,872 [myid:] - INFO  [main:X509Util@77] - Setting -D jdk.tls.rejectClientInitiatedRenegotiation=true to disable client-initiated TLS renegotiation
2021-11-08 11:07:13,872 [myid:] - INFO  [main:NettyServerCnxnFactory@507] - zookeeper.client.portUnification=false
2021-11-08 11:07:13,873 [myid:] - INFO  [main:NettyServerCnxnFactory@519] - zookeeper.netty.advancedFlowControl.enabled = false
2021-11-08 11:07:13,873 [myid:] - INFO  [main:NettyServerCnxnFactory@106] - handshakeThrottlingEnabled = false, zookeeper.netty.server.outstandingHandshake.limit = -1
2021-11-08 11:07:14,429 [myid:] - INFO  [main:ServerCnxnFactory@169] - Using org.apache.zookeeper.server.NettyServerCnxnFactory as server connection factory
2021-11-08 11:07:14,430 [myid:] - WARN  [main:ServerCnxnFactory@309] - maxCnxns is not configured, using default value 0.
2021-11-08 11:07:14,431 [myid:] - INFO  [main:NettyServerCnxnFactory@606] - configure org.apache.zookeeper.server.NettyServerCnxnFactory@3738449f secure: false on addr 0.0.0.0/0.0.0.0:30073
2021-11-08 11:07:14,431 [myid:] - INFO  [main:ClientBase@395] - STARTING server instance 127.0.0.1:30073
2021-11-08 11:07:14,437 [myid:] - INFO  [main:ZookeeperBanner@42] - 
2021-11-08 11:07:14,437 [myid:] - INFO  [main:ZookeeperBanner@42] -   ______                  _                                          
2021-11-08 11:07:14,438 [myid:] - INFO  [main:ZookeeperBanner@42] -  |___  /                 | |                                         
2021-11-08 11:07:14,438 [myid:] - INFO  [main:ZookeeperBanner@42] -     / /    ___     ___   | | __   ___    ___   _ __     ___   _ __   
2021-11-08 11:07:14,438 [myid:] - INFO  [main:ZookeeperBanner@42] -    / /    / _ \   / _ \  | |/ /  / _ \  / _ \ | '_ \   / _ \ | '__|
2021-11-08 11:07:14,438 [myid:] - INFO  [main:ZookeeperBanner@42] -   / /__  | (_) | | (_) | |   <  |  __/ |  __/ | |_) | |  __/ | |    
2021-11-08 11:07:14,438 [myid:] - INFO  [main:ZookeeperBanner@42] -  /_____|  \___/   \___/  |_|\_\  \___|  \___| | .__/   \___| |_|
2021-11-08 11:07:14,438 [myid:] - INFO  [main:ZookeeperBanner@42] -                                               | |                     
2021-11-08 11:07:14,439 [myid:] - INFO  [main:ZookeeperBanner@42] -                                               |_|                     
2021-11-08 11:07:14,439 [myid:] - INFO  [main:ZookeeperBanner@42] - 
2021-11-08 11:07:23,554 [myid:] - INFO  [main:Environment@98] - Server environment:zookeeper.version=3.7.0-02d8e7728613600d355308bb0a256b6f5b41360c-dirty, built on 2021-11-08 03:06 UTC
2021-11-08 11:07:23,554 [myid:] - INFO  [main:Environment@98] - Server environment:host.name=DESKTOP-3V3H020
2021-11-08 11:07:23,554 [myid:] - INFO  [main:Environment@98] - Server environment:java.version=1.8.0_31
2021-11-08 11:07:23,555 [myid:] - INFO  [main:Environment@98] - Server environment:java.vendor=Oracle Corporation
2021-11-08 11:07:23,555 [myid:] - INFO  [main:Environment@98] - Server environment:java.home=C:\Program Files\Java\jdk1.8.0_31\jre
2021-11-08 11:07:23,555 [myid:] - INFO  [main:Environment@98] - Server environment:java.class.path=D:\mysoft\faiscoGit\myStudy\ZooKeeperLearning\apache-zookeeper-3.7.0\zookeeper-server\target\test-classes;D:\mysoft\faiscoGit\myStudy\ZooKeeperLearning\apache-zookeeper-3.7.0\zookeeper-server\target\classes;D:\mysoft\maven\repository\com\github\spotbugs\spotbugs-annotations\4.0.2\spotbugs-annotations-4.0.2.jar;D:\mysoft\maven\repository\com\google\code\findbugs\jsr305\3.0.2\jsr305-3.0.2.jar;D:\mysoft\maven\repository\org\hamcrest\hamcrest-library\2.2\hamcrest-library-2.2.jar;D:\mysoft\maven\repository\org\hamcrest\hamcrest-core\2.2\hamcrest-core-2.2.jar;D:\mysoft\maven\repository\org\hamcrest\hamcrest\2.2\hamcrest-2.2.jar;D:\mysoft\maven\repository\org\apache\commons\commons-collections4\4.4\commons-collections4-4.4.jar;D:\mysoft\maven\repository\org\apache\zookeeper\zookeeper-jute\3.7.0\zookeeper-jute-3.7.0.jar;D:\mysoft\maven\repository\commons-cli\commons-cli\1.4\commons-cli-1.4.jar;D:\mysoft\maven\repository\org\apache\yetus\audience-annotations\0.12.0\audience-annotations-0.12.0.jar;D:\mysoft\maven\repository\io\netty\netty-handler\4.1.59.Final\netty-handler-4.1.59.Final.jar;D:\mysoft\maven\repository\io\netty\netty-common\4.1.59.Final\netty-common-4.1.59.Final.jar;D:\mysoft\maven\repository\io\netty\netty-resolver\4.1.59.Final\netty-resolver-4.1.59.Final.jar;D:\mysoft\maven\repository\io\netty\netty-buffer\4.1.59.Final\netty-buffer-4.1.59.Final.jar;D:\mysoft\maven\repository\io\netty\netty-transport\4.1.59.Final\netty-transport-4.1.59.Final.jar;D:\mysoft\maven\repository\io\netty\netty-codec\4.1.59.Final\netty-codec-4.1.59.Final.jar;D:\mysoft\maven\repository\io\netty\netty-transport-native-epoll\4.1.59.Final\netty-transport-native-epoll-4.1.59.Final.jar;D:\mysoft\maven\repository\io\netty\netty-transport-native-unix-common\4.1.59.Final\netty-transport-native-unix-common-4.1.59.Final.jar;D:\mysoft\maven\repository\org\slf4j\slf4j-api\1.7.30\slf4j-api-1.7.30.jar;D:\mysoft\maven\repository\org\slf4j\slf4j-log4j12\1.7.30\slf4j-log4j12-1.7.30.jar;D:\mysoft\maven\repository\org\eclipse\jetty\jetty-server\9.4.38.v20210224\jetty-server-9.4.38.v20210224.jar;D:\mysoft\maven\repository\javax\servlet\javax.servlet-api\3.1.0\javax.servlet-api-3.1.0.jar;D:\mysoft\maven\repository\org\eclipse\jetty\jetty-http\9.4.38.v20210224\jetty-http-9.4.38.v20210224.jar;D:\mysoft\maven\repository\org\eclipse\jetty\jetty-util\9.4.38.v20210224\jetty-util-9.4.38.v20210224.jar;D:\mysoft\maven\repository\org\eclipse\jetty\jetty-io\9.4.38.v20210224\jetty-io-9.4.38.v20210224.jar;D:\mysoft\maven\repository\org\eclipse\jetty\jetty-servlet\9.4.38.v20210224\jetty-servlet-9.4.38.v20210224.jar;D:\mysoft\maven\repository\org\eclipse\jetty\jetty-security\9.4.38.v20210224\jetty-security-9.4.38.v20210224.jar;D:\mysoft\maven\repository\org\eclipse\jetty\jetty-util-ajax\9.4.38.v20210224\jetty-util-ajax-9.4.38.v20210224.jar;D:\mysoft\maven\repository\org\eclipse\jetty\jetty-client\9.4.38.v20210224\jetty-client-9.4.38.v20210224.jar;D:\mysoft\maven\repository\com\fasterxml\jackson\core\jackson-databind\2.10.5.1\jackson-databind-2.10.5.1.jar;D:\mysoft\maven\repository\com\fasterxml\jackson\core\jackson-annotations\2.10.5\jackson-annotations-2.10.5.jar;D:\mysoft\maven\repository\com\fasterxml\jackson\core\jackson-core\2.10.5\jackson-core-2.10.5.jar;D:\mysoft\maven\repository\org\bouncycastle\bcprov-jdk15on\1.60\bcprov-jdk15on-1.60.jar;D:\mysoft\maven\repository\org\bouncycastle\bcpkix-jdk15on\1.60\bcpkix-jdk15on-1.60.jar;D:\mysoft\maven\repository\jline\jline\2.14.6\jline-2.14.6.jar;D:\mysoft\maven\repository\io\dropwizard\metrics\metrics-core\4.1.12.1\metrics-core-4.1.12.1.jar;D:\mysoft\maven\repository\log4j\log4j\1.2.17\log4j-1.2.17.jar;D:\mysoft\maven\repository\org\apache\kerby\kerb-core\2.0.0\kerb-core-2.0.0.jar;D:\mysoft\maven\repository\org\apache\kerby\kerby-pkix\2.0.0\kerby-pkix-2.0.0.jar;D:\mysoft\maven\repository\org\apache\kerby\kerby-asn1\2.0.0\kerby-asn1-2.0.0.jar;D:\mysoft\maven\repository\org\apache\kerby\kerby-util\2.0.0\kerby-util-2.0.0.jar;D:\mysoft\maven\repository\org\apache\kerby\kerb-simplekdc\2.0.0\kerb-simplekdc-2.0.0.jar;D:\mysoft\maven\repository\org\apache\kerby\kerb-client\2.0.0\kerb-client-2.0.0.jar;D:\mysoft\maven\repository\org\apache\kerby\kerb-common\2.0.0\kerb-common-2.0.0.jar;D:\mysoft\maven\repository\org\apache\kerby\kerb-crypto\2.0.0\kerb-crypto-2.0.0.jar;D:\mysoft\maven\repository\commons-io\commons-io\2.6\commons-io-2.6.jar;D:\mysoft\maven\repository\org\apache\kerby\kerb-util\2.0.0\kerb-util-2.0.0.jar;D:\mysoft\maven\repository\org\apache\kerby\token-provider\2.0.0\token-provider-2.0.0.jar;D:\mysoft\maven\repository\com\nimbusds\nimbus-jose-jwt\4.41.2\nimbus-jose-jwt-4.41.2.jar;D:\mysoft\maven\repository\com\github\stephenc\jcip\jcip-annotations\1.0-1\jcip-annotations-1.0-1.jar;D:\mysoft\maven\repository\net\minidev\json-smart\2.3\json-smart-2.3.jar;D:\mysoft\maven\repository\net\minidev\accessors-smart\1.2\accessors-smart-1.2.jar;D:\mysoft\maven\repository\org\ow2\asm\asm\5.0.4\asm-5.0.4.jar;D:\mysoft\maven\repository\org\apache\kerby\kerb-admin\2.0.0\kerb-admin-2.0.0.jar;D:\mysoft\maven\repository\org\apache\kerby\kerb-server\2.0.0\kerb-server-2.0.0.jar;D:\mysoft\maven\repository\org\apache\kerby\kerb-identity\2.0.0\kerb-identity-2.0.0.jar;D:\mysoft\maven\repository\org\apache\kerby\kerby-xdr\2.0.0\kerby-xdr-2.0.0.jar;D:\mysoft\maven\repository\org\apache\kerby\kerby-config\2.0.0\kerby-config-2.0.0.jar;D:\mysoft\maven\repository\org\mockito\mockito-core\3.6.28\mockito-core-3.6.28.jar;D:\mysoft\maven\repository\net\bytebuddy\byte-buddy\1.10.18\byte-buddy-1.10.18.jar;D:\mysoft\maven\repository\net\bytebuddy\byte-buddy-agent\1.10.18\byte-buddy-agent-1.10.18.jar;D:\mysoft\maven\repository\org\objenesis\objenesis\3.1\objenesis-3.1.jar;D:\mysoft\maven\repository\org\jmockit\jmockit\1.48\jmockit-1.48.jar;D:\mysoft\maven\repository\org\junit\jupiter\junit-jupiter-api\5.6.2\junit-jupiter-api-5.6.2.jar;D:\mysoft\maven\repository\org\apiguardian\apiguardian-api\1.1.0\apiguardian-api-1.1.0.jar;D:\mysoft\maven\repository\org\opentest4j\opentest4j\1.2.0\opentest4j-1.2.0.jar;D:\mysoft\maven\repository\org\junit\platform\junit-platform-commons\1.6.2\junit-platform-commons-1.6.2.jar;D:\mysoft\maven\repository\org\junit\jupiter\junit-jupiter-engine\5.6.2\junit-jupiter-engine-5.6.2.jar;D:\mysoft\maven\repository\org\junit\platform\junit-platform-engine\1.6.2\junit-platform-engine-1.6.2.jar;D:\mysoft\maven\repository\org\junit\jupiter\junit-jupiter-params\5.6.2\junit-jupiter-params-5.6.2.jar;D:\mysoft\maven\repository\org\junit\platform\junit-platform-runner\1.6.2\junit-platform-runner-1.6.2.jar;D:\mysoft\maven\repository\junit\junit\4.13\junit-4.13.jar;D:\mysoft\maven\repository\org\junit\platform\junit-platform-launcher\1.6.2\junit-platform-launcher-1.6.2.jar;D:\mysoft\maven\repository\org\junit\platform\junit-platform-suite-api\1.6.2\junit-platform-suite-api-1.6.2.jar;D:\mysoft\maven\repository\org\xerial\snappy\snappy-java\1.1.7.7\snappy-java-1.1.7.7.jar;
2021-11-08 11:07:23,575 [myid:] - INFO  [main:Environment@98] - Server environment:java.library.path=C:\Program Files\Java\jdk1.8.0_31\jre\bin;C:\WINDOWS\Sun\Java\bin;C:\WINDOWS\system32;C:\WINDOWS;C:\Program Files\Java\jdk1.8.0_31\jre\bin;C:\Python39\Scripts\;C:\Python39\;C:\Python27\;C:\Python27\Scripts;C:\Program Files (x86)\Intel\Intel(R) Management Engine Components\iCLS\;C:\Program Files\Intel\Intel(R) Management Engine Components\iCLS\;C:\WINDOWS\system32;C:\WINDOWS;C:\WINDOWS\System32\Wbem;C:\WINDOWS\System32\WindowsPowerShell\v1.0\;C:\WINDOWS\System32\OpenSSH\;C:\Program Files (x86)\Intel\Intel(R) Management Engine Components\DAL;C:\Program Files\Intel\Intel(R) Management Engine Components\DAL;C:\Program Files\TortoiseSVN\bin;C:\Program Files\Java\jdk1.8.0_31\bin;D:\soft\Git\cmd;D:\mysoft\maven\apache-maven-3.6.1\bin;C:\ProgramData\chocolatey\bin;C:\Program Files\nodejs\;D:\mysoft\gradle-7.0\bin;C:\ProgramData\Oracle\Java\javapath;C:\Program Files\OpenVPN\bin;C:\Users\faisco\AppData\Local\Microsoft\WindowsApps;;D:\soft\Microsoft VS Code\bin;D:\soft\PyCharm Community Edition 2019.1.3\bin;;D:\soft\PyCharm 2019.2.3\bin;;C:\Users\faisco\AppData\Local\Microsoft\WindowsApps;C:\Program Files\JetBrains\IntelliJ IDEA 2020.1\bin;;C:\Program Files\JetBrains\IntelliJ IDEA Community Edition 2020.1.3\bin;;C:\Users\faisco\AppData\Roaming\npm;.
2021-11-08 11:07:23,575 [myid:] - INFO  [main:Environment@98] - Server environment:java.io.tmpdir=C:\Users\faisco\AppData\Local\Temp\
2021-11-08 11:07:23,575 [myid:] - INFO  [main:Environment@98] - Server environment:java.compiler=<NA>
2021-11-08 11:07:23,576 [myid:] - INFO  [main:Environment@98] - Server environment:os.name=Windows 8.1
2021-11-08 11:07:23,576 [myid:] - INFO  [main:Environment@98] - Server environment:os.arch=amd64
2021-11-08 11:07:23,576 [myid:] - INFO  [main:Environment@98] - Server environment:os.version=6.3
2021-11-08 11:07:23,576 [myid:] - INFO  [main:Environment@98] - Server environment:user.name=faisco
2021-11-08 11:07:23,576 [myid:] - INFO  [main:Environment@98] - Server environment:user.home=C:\Users\faisco
2021-11-08 11:07:23,576 [myid:] - INFO  [main:Environment@98] - Server environment:user.dir=D:\mysoft\faiscoGit\myStudy\ZooKeeperLearning\apache-zookeeper-3.7.0\zookeeper-server
2021-11-08 11:07:23,576 [myid:] - INFO  [main:Environment@98] - Server environment:os.memory.free=286MB
2021-11-08 11:07:23,577 [myid:] - INFO  [main:Environment@98] - Server environment:os.memory.max=455MB
2021-11-08 11:07:23,577 [myid:] - INFO  [main:Environment@98] - Server environment:os.memory.total=307MB
2021-11-08 11:07:23,577 [myid:] - INFO  [main:ZooKeeperServer@138] - zookeeper.enableEagerACLCheck = false
2021-11-08 11:07:23,577 [myid:] - INFO  [main:ZooKeeperServer@151] - zookeeper.digest.enabled = true
2021-11-08 11:07:23,577 [myid:] - INFO  [main:ZooKeeperServer@155] - zookeeper.closeSessionTxn.enabled = true
2021-11-08 11:07:23,578 [myid:] - INFO  [main:ZooKeeperServer@1499] - zookeeper.flushDelay=0
2021-11-08 11:07:23,578 [myid:] - INFO  [main:ZooKeeperServer@1508] - zookeeper.maxWriteQueuePollTime=0
2021-11-08 11:07:23,578 [myid:] - INFO  [main:ZooKeeperServer@1517] - zookeeper.maxBatchSize=1000
2021-11-08 11:07:23,578 [myid:] - INFO  [main:ZooKeeperServer@260] - zookeeper.intBufferStartingSizeBytes = 1024
2021-11-08 11:07:23,580 [myid:] - INFO  [main:FileTxnSnapLog@124] - zookeeper.snapshot.trust.empty : false
2021-11-08 11:07:23,611 [myid:] - INFO  [main:WatchManagerFactory@42] - Using org.apache.zookeeper.server.watch.WatchManager as watch manager
2021-11-08 11:07:23,612 [myid:] - INFO  [main:WatchManagerFactory@42] - Using org.apache.zookeeper.server.watch.WatchManager as watch manager
2021-11-08 11:07:23,612 [myid:] - INFO  [main:ZKDatabase@133] - zookeeper.snapshotSizeFactor = 0.33
2021-11-08 11:07:23,612 [myid:] - INFO  [main:ZKDatabase@153] - zookeeper.commitLogCount=500
2021-11-08 11:07:23,615 [myid:] - INFO  [main:BlueThrottle@141] - Weighed connection throttling is disabled
2021-11-08 11:07:23,617 [myid:] - INFO  [main:ZooKeeperServer@1300] - minSessionTimeout set to 6000
2021-11-08 11:07:23,617 [myid:] - INFO  [main:ZooKeeperServer@1309] - maxSessionTimeout set to 60000
2021-11-08 11:07:23,618 [myid:] - INFO  [main:ResponseCache@45] - getData response cache size is initialized with value 400.
2021-11-08 11:07:23,619 [myid:] - INFO  [main:ResponseCache@45] - getChildren response cache size is initialized with value 400.
2021-11-08 11:07:23,619 [myid:] - INFO  [main:RequestPathMetricsCollector@109] - zookeeper.pathStats.slotCapacity = 60
2021-11-08 11:07:23,620 [myid:] - INFO  [main:RequestPathMetricsCollector@110] - zookeeper.pathStats.slotDuration = 15
2021-11-08 11:07:23,620 [myid:] - INFO  [main:RequestPathMetricsCollector@111] - zookeeper.pathStats.maxDepth = 6
2021-11-08 11:07:23,620 [myid:] - INFO  [main:RequestPathMetricsCollector@112] - zookeeper.pathStats.initialDelay = 5
2021-11-08 11:07:23,620 [myid:] - INFO  [main:RequestPathMetricsCollector@113] - zookeeper.pathStats.delay = 5
2021-11-08 11:07:23,620 [myid:] - INFO  [main:RequestPathMetricsCollector@114] - zookeeper.pathStats.enabled = false
2021-11-08 11:07:23,622 [myid:] - INFO  [main:ZooKeeperServer@1536] - The max bytes for all large requests are set to 104857600
2021-11-08 11:07:23,622 [myid:] - INFO  [main:ZooKeeperServer@1550] - The large request threshold is set to -1
2021-11-08 11:07:23,623 [myid:] - INFO  [main:AuthenticationHelper@66] - zookeeper.enforce.auth.enabled = false
2021-11-08 11:07:23,623 [myid:] - INFO  [main:AuthenticationHelper@67] - zookeeper.enforce.auth.schemes = []
2021-11-08 11:07:23,623 [myid:] - INFO  [main:ZooKeeperServer@361] - Created server with tickTime 3000 minSessionTimeout 6000 maxSessionTimeout 60000 clientPortListenBacklog -1 datadir D:\mysoft\faiscoGit\myStudy\ZooKeeperLearning\apache-zookeeper-3.7.0\zookeeper-server\target\surefire\test4536382178493193512.junit.dir\version-2 snapdir D:\mysoft\faiscoGit\myStudy\ZooKeeperLearning\apache-zookeeper-3.7.0\zookeeper-server\target\surefire\test4536382178493193512.junit.dir\version-2
2021-11-08 11:07:23,623 [myid:] - INFO  [main:NettyServerCnxnFactory@695] - binding to port 0.0.0.0/0.0.0.0:30073
2021-11-08 11:07:25,297 [myid:] - INFO  [main:NettyServerCnxnFactory@700] - bound to port 30073
2021-11-08 11:07:25,311 [myid:] - INFO  [main:FileTxnSnapLog@260] - Initialize file found, an empty database will not block voting participation
2021-11-08 11:07:25,332 [myid:] - INFO  [main:SnapStream@61] - zookeeper.snapshot.compression.method = CHECKED
2021-11-08 11:07:25,333 [myid:] - INFO  [main:FileTxnSnapLog@479] - Snapshotting: 0x0 to D:\mysoft\faiscoGit\myStudy\ZooKeeperLearning\apache-zookeeper-3.7.0\zookeeper-server\target\surefire\test4536382178493193512.junit.dir\version-2\snapshot.0
2021-11-08 11:07:25,340 [myid:] - INFO  [main:ZKDatabase@290] - Snapshot loaded in 42 ms, highest zxid is 0x0, digest is 1371985504
2021-11-08 11:07:25,341 [myid:] - INFO  [main:FileTxnSnapLog@479] - Snapshotting: 0x0 to D:\mysoft\faiscoGit\myStudy\ZooKeeperLearning\apache-zookeeper-3.7.0\zookeeper-server\target\surefire\test4536382178493193512.junit.dir\version-2\snapshot.0
2021-11-08 11:07:25,343 [myid:] - INFO  [main:ZooKeeperServer@543] - Snapshot taken in 3 ms
2021-11-08 11:07:25,359 [myid:] - INFO  [main:RequestThrottler@75] - zookeeper.request_throttler.shutdownTimeout = 10000
2021-11-08 11:07:25,360 [myid:] - INFO  [ProcessThread(sid:0 cport:30073)::PrepRequestProcessor@137] - PrepRequestProcessor (sid:0) started, reconfigEnabled=false
2021-11-08 11:07:25,371 [myid:] - INFO  [main:FourLetterWordMain@94] - connecting to 127.0.0.1 30073
2021-11-08 11:07:25,410 [myid:] - INFO  [nioEventLoopGroup-4-1:FourLetterCommands@223] - The list of known four letter word commands is : [{1936881266=srvr, 1937006964=stat, 2003003491=wchc, 1685417328=dump, 1668445044=crst, 1936880500=srst, 1701738089=envi, 1668247142=conf, -720899=telnet close, 1751217000=hash, 2003003507=wchs, 2003003504=wchp, 1684632179=dirs, 1668247155=cons, 1835955314=mntr, 1769173615=isro, 1920298859=ruok, 1735683435=gtmk, 1937010027=stmk}]
2021-11-08 11:07:25,410 [myid:] - INFO  [nioEventLoopGroup-4-1:FourLetterCommands@224] - The list of enabled four letter word commands is : [[wchs, stat, wchp, dirs, stmk, conf, ruok, mntr, srvr, wchc, envi, srst, isro, dump, gtmk, telnet close, crst, hash, cons]]
2021-11-08 11:07:25,410 [myid:] - INFO  [nioEventLoopGroup-4-1:NettyServerCnxn@294] - Processing stat command from /127.0.0.1:10023
2021-11-08 11:07:25,415 [myid:] - INFO  [nioEventLoopGroup-4-1:StatCommand@52] - Stat command output
2021-11-08 11:07:25,425 [myid:] - INFO  [main:JMXEnv@219] - ensureParent:[InMemoryDataTree, StandaloneServer_port]
2021-11-08 11:07:25,428 [myid:] - INFO  [main:JMXEnv@235] - expect:InMemoryDataTree
2021-11-08 11:07:25,429 [myid:] - INFO  [main:JMXEnv@239] - found:InMemoryDataTree org.apache.ZooKeeperService:name0=StandaloneServer_port30073,name1=InMemoryDataTree
2021-11-08 11:07:25,429 [myid:] - INFO  [main:JMXEnv@235] - expect:StandaloneServer_port
2021-11-08 11:07:25,429 [myid:] - INFO  [main:JMXEnv@239] - found:StandaloneServer_port org.apache.ZooKeeperService:name0=StandaloneServer_port30073
2021-11-08 11:07:25,430 [myid:] - INFO  [main:ClientBase@501] - Client test setup finished
2021-11-08 11:07:34,466 [myid:] - INFO  [main:Environment@98] - Client environment:zookeeper.version=3.7.0-02d8e7728613600d355308bb0a256b6f5b41360c-dirty, built on 2021-11-08 03:06 UTC
2021-11-08 11:07:34,466 [myid:] - INFO  [main:Environment@98] - Client environment:host.name=DESKTOP-3V3H020
2021-11-08 11:07:34,466 [myid:] - INFO  [main:Environment@98] - Client environment:java.version=1.8.0_31
2021-11-08 11:07:34,466 [myid:] - INFO  [main:Environment@98] - Client environment:java.vendor=Oracle Corporation
2021-11-08 11:07:34,467 [myid:] - INFO  [main:Environment@98] - Client environment:java.home=C:\Program Files\Java\jdk1.8.0_31\jre
2021-11-08 11:07:34,467 [myid:] - INFO  [main:Environment@98] - Client environment:java.class.path=D:\mysoft\faiscoGit\myStudy\ZooKeeperLearning\apache-zookeeper-3.7.0\zookeeper-server\target\test-classes;D:\mysoft\faiscoGit\myStudy\ZooKeeperLearning\apache-zookeeper-3.7.0\zookeeper-server\target\classes;D:\mysoft\maven\repository\com\github\spotbugs\spotbugs-annotations\4.0.2\spotbugs-annotations-4.0.2.jar;D:\mysoft\maven\repository\com\google\code\findbugs\jsr305\3.0.2\jsr305-3.0.2.jar;D:\mysoft\maven\repository\org\hamcrest\hamcrest-library\2.2\hamcrest-library-2.2.jar;D:\mysoft\maven\repository\org\hamcrest\hamcrest-core\2.2\hamcrest-core-2.2.jar;D:\mysoft\maven\repository\org\hamcrest\hamcrest\2.2\hamcrest-2.2.jar;D:\mysoft\maven\repository\org\apache\commons\commons-collections4\4.4\commons-collections4-4.4.jar;D:\mysoft\maven\repository\org\apache\zookeeper\zookeeper-jute\3.7.0\zookeeper-jute-3.7.0.jar;D:\mysoft\maven\repository\commons-cli\commons-cli\1.4\commons-cli-1.4.jar;D:\mysoft\maven\repository\org\apache\yetus\audience-annotations\0.12.0\audience-annotations-0.12.0.jar;D:\mysoft\maven\repository\io\netty\netty-handler\4.1.59.Final\netty-handler-4.1.59.Final.jar;D:\mysoft\maven\repository\io\netty\netty-common\4.1.59.Final\netty-common-4.1.59.Final.jar;D:\mysoft\maven\repository\io\netty\netty-resolver\4.1.59.Final\netty-resolver-4.1.59.Final.jar;D:\mysoft\maven\repository\io\netty\netty-buffer\4.1.59.Final\netty-buffer-4.1.59.Final.jar;D:\mysoft\maven\repository\io\netty\netty-transport\4.1.59.Final\netty-transport-4.1.59.Final.jar;D:\mysoft\maven\repository\io\netty\netty-codec\4.1.59.Final\netty-codec-4.1.59.Final.jar;D:\mysoft\maven\repository\io\netty\netty-transport-native-epoll\4.1.59.Final\netty-transport-native-epoll-4.1.59.Final.jar;D:\mysoft\maven\repository\io\netty\netty-transport-native-unix-common\4.1.59.Final\netty-transport-native-unix-common-4.1.59.Final.jar;D:\mysoft\maven\repository\org\slf4j\slf4j-api\1.7.30\slf4j-api-1.7.30.jar;D:\mysoft\maven\repository\org\slf4j\slf4j-log4j12\1.7.30\slf4j-log4j12-1.7.30.jar;D:\mysoft\maven\repository\org\eclipse\jetty\jetty-server\9.4.38.v20210224\jetty-server-9.4.38.v20210224.jar;D:\mysoft\maven\repository\javax\servlet\javax.servlet-api\3.1.0\javax.servlet-api-3.1.0.jar;D:\mysoft\maven\repository\org\eclipse\jetty\jetty-http\9.4.38.v20210224\jetty-http-9.4.38.v20210224.jar;D:\mysoft\maven\repository\org\eclipse\jetty\jetty-util\9.4.38.v20210224\jetty-util-9.4.38.v20210224.jar;D:\mysoft\maven\repository\org\eclipse\jetty\jetty-io\9.4.38.v20210224\jetty-io-9.4.38.v20210224.jar;D:\mysoft\maven\repository\org\eclipse\jetty\jetty-servlet\9.4.38.v20210224\jetty-servlet-9.4.38.v20210224.jar;D:\mysoft\maven\repository\org\eclipse\jetty\jetty-security\9.4.38.v20210224\jetty-security-9.4.38.v20210224.jar;D:\mysoft\maven\repository\org\eclipse\jetty\jetty-util-ajax\9.4.38.v20210224\jetty-util-ajax-9.4.38.v20210224.jar;D:\mysoft\maven\repository\org\eclipse\jetty\jetty-client\9.4.38.v20210224\jetty-client-9.4.38.v20210224.jar;D:\mysoft\maven\repository\com\fasterxml\jackson\core\jackson-databind\2.10.5.1\jackson-databind-2.10.5.1.jar;D:\mysoft\maven\repository\com\fasterxml\jackson\core\jackson-annotations\2.10.5\jackson-annotations-2.10.5.jar;D:\mysoft\maven\repository\com\fasterxml\jackson\core\jackson-core\2.10.5\jackson-core-2.10.5.jar;D:\mysoft\maven\repository\org\bouncycastle\bcprov-jdk15on\1.60\bcprov-jdk15on-1.60.jar;D:\mysoft\maven\repository\org\bouncycastle\bcpkix-jdk15on\1.60\bcpkix-jdk15on-1.60.jar;D:\mysoft\maven\repository\jline\jline\2.14.6\jline-2.14.6.jar;D:\mysoft\maven\repository\io\dropwizard\metrics\metrics-core\4.1.12.1\metrics-core-4.1.12.1.jar;D:\mysoft\maven\repository\log4j\log4j\1.2.17\log4j-1.2.17.jar;D:\mysoft\maven\repository\org\apache\kerby\kerb-core\2.0.0\kerb-core-2.0.0.jar;D:\mysoft\maven\repository\org\apache\kerby\kerby-pkix\2.0.0\kerby-pkix-2.0.0.jar;D:\mysoft\maven\repository\org\apache\kerby\kerby-asn1\2.0.0\kerby-asn1-2.0.0.jar;D:\mysoft\maven\repository\org\apache\kerby\kerby-util\2.0.0\kerby-util-2.0.0.jar;D:\mysoft\maven\repository\org\apache\kerby\kerb-simplekdc\2.0.0\kerb-simplekdc-2.0.0.jar;D:\mysoft\maven\repository\org\apache\kerby\kerb-client\2.0.0\kerb-client-2.0.0.jar;D:\mysoft\maven\repository\org\apache\kerby\kerb-common\2.0.0\kerb-common-2.0.0.jar;D:\mysoft\maven\repository\org\apache\kerby\kerb-crypto\2.0.0\kerb-crypto-2.0.0.jar;D:\mysoft\maven\repository\commons-io\commons-io\2.6\commons-io-2.6.jar;D:\mysoft\maven\repository\org\apache\kerby\kerb-util\2.0.0\kerb-util-2.0.0.jar;D:\mysoft\maven\repository\org\apache\kerby\token-provider\2.0.0\token-provider-2.0.0.jar;D:\mysoft\maven\repository\com\nimbusds\nimbus-jose-jwt\4.41.2\nimbus-jose-jwt-4.41.2.jar;D:\mysoft\maven\repository\com\github\stephenc\jcip\jcip-annotations\1.0-1\jcip-annotations-1.0-1.jar;D:\mysoft\maven\repository\net\minidev\json-smart\2.3\json-smart-2.3.jar;D:\mysoft\maven\repository\net\minidev\accessors-smart\1.2\accessors-smart-1.2.jar;D:\mysoft\maven\repository\org\ow2\asm\asm\5.0.4\asm-5.0.4.jar;D:\mysoft\maven\repository\org\apache\kerby\kerb-admin\2.0.0\kerb-admin-2.0.0.jar;D:\mysoft\maven\repository\org\apache\kerby\kerb-server\2.0.0\kerb-server-2.0.0.jar;D:\mysoft\maven\repository\org\apache\kerby\kerb-identity\2.0.0\kerb-identity-2.0.0.jar;D:\mysoft\maven\repository\org\apache\kerby\kerby-xdr\2.0.0\kerby-xdr-2.0.0.jar;D:\mysoft\maven\repository\org\apache\kerby\kerby-config\2.0.0\kerby-config-2.0.0.jar;D:\mysoft\maven\repository\org\mockito\mockito-core\3.6.28\mockito-core-3.6.28.jar;D:\mysoft\maven\repository\net\bytebuddy\byte-buddy\1.10.18\byte-buddy-1.10.18.jar;D:\mysoft\maven\repository\net\bytebuddy\byte-buddy-agent\1.10.18\byte-buddy-agent-1.10.18.jar;D:\mysoft\maven\repository\org\objenesis\objenesis\3.1\objenesis-3.1.jar;D:\mysoft\maven\repository\org\jmockit\jmockit\1.48\jmockit-1.48.jar;D:\mysoft\maven\repository\org\junit\jupiter\junit-jupiter-api\5.6.2\junit-jupiter-api-5.6.2.jar;D:\mysoft\maven\repository\org\apiguardian\apiguardian-api\1.1.0\apiguardian-api-1.1.0.jar;D:\mysoft\maven\repository\org\opentest4j\opentest4j\1.2.0\opentest4j-1.2.0.jar;D:\mysoft\maven\repository\org\junit\platform\junit-platform-commons\1.6.2\junit-platform-commons-1.6.2.jar;D:\mysoft\maven\repository\org\junit\jupiter\junit-jupiter-engine\5.6.2\junit-jupiter-engine-5.6.2.jar;D:\mysoft\maven\repository\org\junit\platform\junit-platform-engine\1.6.2\junit-platform-engine-1.6.2.jar;D:\mysoft\maven\repository\org\junit\jupiter\junit-jupiter-params\5.6.2\junit-jupiter-params-5.6.2.jar;D:\mysoft\maven\repository\org\junit\platform\junit-platform-runner\1.6.2\junit-platform-runner-1.6.2.jar;D:\mysoft\maven\repository\junit\junit\4.13\junit-4.13.jar;D:\mysoft\maven\repository\org\junit\platform\junit-platform-launcher\1.6.2\junit-platform-launcher-1.6.2.jar;D:\mysoft\maven\repository\org\junit\platform\junit-platform-suite-api\1.6.2\junit-platform-suite-api-1.6.2.jar;D:\mysoft\maven\repository\org\xerial\snappy\snappy-java\1.1.7.7\snappy-java-1.1.7.7.jar;
2021-11-08 11:07:34,467 [myid:] - INFO  [main:Environment@98] - Client environment:java.library.path=C:\Program Files\Java\jdk1.8.0_31\jre\bin;C:\WINDOWS\Sun\Java\bin;C:\WINDOWS\system32;C:\WINDOWS;C:\Program Files\Java\jdk1.8.0_31\jre\bin;C:\Python39\Scripts\;C:\Python39\;C:\Python27\;C:\Python27\Scripts;C:\Program Files (x86)\Intel\Intel(R) Management Engine Components\iCLS\;C:\Program Files\Intel\Intel(R) Management Engine Components\iCLS\;C:\WINDOWS\system32;C:\WINDOWS;C:\WINDOWS\System32\Wbem;C:\WINDOWS\System32\WindowsPowerShell\v1.0\;C:\WINDOWS\System32\OpenSSH\;C:\Program Files (x86)\Intel\Intel(R) Management Engine Components\DAL;C:\Program Files\Intel\Intel(R) Management Engine Components\DAL;C:\Program Files\TortoiseSVN\bin;C:\Program Files\Java\jdk1.8.0_31\bin;D:\soft\Git\cmd;D:\mysoft\maven\apache-maven-3.6.1\bin;C:\ProgramData\chocolatey\bin;C:\Program Files\nodejs\;D:\mysoft\gradle-7.0\bin;C:\ProgramData\Oracle\Java\javapath;C:\Program Files\OpenVPN\bin;C:\Users\faisco\AppData\Local\Microsoft\WindowsApps;;D:\soft\Microsoft VS Code\bin;D:\soft\PyCharm Community Edition 2019.1.3\bin;;D:\soft\PyCharm 2019.2.3\bin;;C:\Users\faisco\AppData\Local\Microsoft\WindowsApps;C:\Program Files\JetBrains\IntelliJ IDEA 2020.1\bin;;C:\Program Files\JetBrains\IntelliJ IDEA Community Edition 2020.1.3\bin;;C:\Users\faisco\AppData\Roaming\npm;.
2021-11-08 11:07:34,468 [myid:] - INFO  [main:Environment@98] - Client environment:java.io.tmpdir=C:\Users\faisco\AppData\Local\Temp\
2021-11-08 11:07:34,468 [myid:] - INFO  [main:Environment@98] - Client environment:java.compiler=<NA>
2021-11-08 11:07:34,468 [myid:] - INFO  [main:Environment@98] - Client environment:os.name=Windows 8.1
2021-11-08 11:07:34,468 [myid:] - INFO  [main:Environment@98] - Client environment:os.arch=amd64
2021-11-08 11:07:34,468 [myid:] - INFO  [main:Environment@98] - Client environment:os.version=6.3
2021-11-08 11:07:34,468 [myid:] - INFO  [main:Environment@98] - Client environment:user.name=faisco
2021-11-08 11:07:34,469 [myid:] - INFO  [main:Environment@98] - Client environment:user.home=C:\Users\faisco
2021-11-08 11:07:34,469 [myid:] - INFO  [main:Environment@98] - Client environment:user.dir=D:\mysoft\faiscoGit\myStudy\ZooKeeperLearning\apache-zookeeper-3.7.0\zookeeper-server
2021-11-08 11:07:34,469 [myid:] - INFO  [main:Environment@98] - Client environment:os.memory.free=267MB
2021-11-08 11:07:34,469 [myid:] - INFO  [main:Environment@98] - Client environment:os.memory.max=455MB
2021-11-08 11:07:34,470 [myid:] - INFO  [main:Environment@98] - Client environment:os.memory.total=307MB
2021-11-08 11:07:34,473 [myid:] - INFO  [main:ZooKeeper@637] - Initiating client connection, connectString=127.0.0.1:30073 sessionTimeout=30000 watcher=org.apache.zookeeper.test.ClientBase$CountdownWatcher@a38c7fe
2021-11-08 11:07:34,476 [myid:] - INFO  [main:ClientCnxnSocket@239] - jute.maxbuffer value is 1048575 Bytes
2021-11-08 11:07:34,483 [myid:] - INFO  [main:ClientCnxn@1726] - zookeeper.request.timeout value is 0. feature enabled=false
2021-11-08 11:07:34,488 [myid:127.0.0.1:30073] - INFO  [main-SendThread(127.0.0.1:30073):ClientCnxn$SendThread@1171] - Opening socket connection to server xmind.net/127.0.0.1:30073.
2021-11-08 11:07:34,488 [myid:127.0.0.1:30073] - INFO  [main-SendThread(127.0.0.1:30073):ClientCnxn$SendThread@1173] - SASL config status: Will not attempt to authenticate using SASL (unknown error)
adding as trusted cert:
  Subject: CN=localhost, OU=ZooKeeper, O=Apache, L=Unknown, ST=Unknown, C=Unknown
  Issuer:  CN=localhost, OU=ZooKeeper, O=Apache, L=Unknown, ST=Unknown, C=Unknown
  Algorithm: RSA; Serial number: 0x7334b506
  Valid from Sat Jan 31 02:57:30 CST 2015 until Wed Feb 08 02:57:30 CST 3015

trigger seeding of SecureRandom
done seeding SecureRandom
Using SSLEngineImpl.
Ignoring unavailable cipher suite: TLS_DHE_DSS_WITH_AES_256_GCM_SHA384
Ignoring unavailable cipher suite: TLS_RSA_WITH_AES_256_CBC_SHA
Ignoring unavailable cipher suite: TLS_DHE_RSA_WITH_AES_256_GCM_SHA384
Ignoring unavailable cipher suite: TLS_ECDH_ECDSA_WITH_AES_256_CBC_SHA
Ignoring unavailable cipher suite: TLS_ECDHE_ECDSA_WITH_AES_256_GCM_SHA384
Ignoring unavailable cipher suite: TLS_RSA_WITH_AES_256_CBC_SHA256
Ignoring unavailable cipher suite: TLS_DHE_DSS_WITH_AES_256_CBC_SHA
Ignoring unavailable cipher suite: TLS_ECDH_ECDSA_WITH_AES_256_GCM_SHA384
Ignoring unavailable cipher suite: TLS_ECDH_RSA_WITH_AES_256_CBC_SHA384
Ignoring unavailable cipher suite: TLS_RSA_WITH_AES_256_GCM_SHA384
Ignoring unavailable cipher suite: TLS_ECDH_ECDSA_WITH_AES_256_CBC_SHA384
Ignoring unavailable cipher suite: TLS_ECDHE_RSA_WITH_AES_256_CBC_SHA384
Ignoring unavailable cipher suite: TLS_ECDH_RSA_WITH_AES_256_CBC_SHA
Ignoring unavailable cipher suite: TLS_ECDH_RSA_WITH_AES_256_GCM_SHA384
Ignoring unavailable cipher suite: TLS_ECDHE_ECDSA_WITH_AES_256_CBC_SHA384
Ignoring unavailable cipher suite: TLS_DHE_RSA_WITH_AES_256_CBC_SHA256
Ignoring unavailable cipher suite: TLS_ECDHE_ECDSA_WITH_AES_256_CBC_SHA
Ignoring unavailable cipher suite: TLS_DHE_DSS_WITH_AES_256_CBC_SHA256
Ignoring unavailable cipher suite: TLS_DHE_RSA_WITH_AES_256_CBC_SHA
Ignoring unavailable cipher suite: TLS_ECDHE_RSA_WITH_AES_256_CBC_SHA
Ignoring unavailable cipher suite: TLS_ECDHE_RSA_WITH_AES_256_GCM_SHA384
2021-11-08 11:07:34,631 [myid:127.0.0.1:30073] - INFO  [nioEventLoopGroup-5-1:ClientCnxnSocketNetty$ZKClientPipelineFactory@454] - SSL handler added for channel: [id: 0xc19ca25e]
2021-11-08 11:07:34,639 [myid:127.0.0.1:30073] - INFO  [nioEventLoopGroup-5-1:ClientCnxn$SendThread@1005] - Socket connection established, initiating session, client: /127.0.0.1:1045, server: xmind.net/127.0.0.1:30073
2021-11-08 11:07:34,641 [myid:127.0.0.1:30073] - INFO  [nioEventLoopGroup-5-1:ClientCnxnSocketNetty$1@184] - channel is connected: [id: 0xc19ca25e, L:/127.0.0.1:1045 - R:xmind.net/127.0.0.1:30073]
2021-11-08 11:07:34,641 [myid:] - INFO  [nioEventLoopGroup-4-2:DigestAuthenticationProvider@47] - ACL digest algorithm is: SHA1
2021-11-08 11:07:34,642 [myid:] - INFO  [nioEventLoopGroup-4-2:DigestAuthenticationProvider@61] - zookeeper.DigestAuthenticationProvider.enabled = true
Allow unsafe renegotiation: false
Allow legacy hello messages: true
Is initial handshake: true
Is secure renegotiation: false
Ignoring unsupported cipher suite: TLS_ECDHE_ECDSA_WITH_AES_128_CBC_SHA256 for TLSv1
Ignoring unsupported cipher suite: TLS_ECDHE_RSA_WITH_AES_128_CBC_SHA256 for TLSv1
Ignoring unsupported cipher suite: TLS_RSA_WITH_AES_128_CBC_SHA256 for TLSv1
Ignoring unsupported cipher suite: TLS_ECDH_ECDSA_WITH_AES_128_CBC_SHA256 for TLSv1
Ignoring unsupported cipher suite: TLS_ECDH_RSA_WITH_AES_128_CBC_SHA256 for TLSv1
Ignoring unsupported cipher suite: TLS_DHE_RSA_WITH_AES_128_CBC_SHA256 for TLSv1
Ignoring unsupported cipher suite: TLS_DHE_DSS_WITH_AES_128_CBC_SHA256 for TLSv1
Ignoring unsupported cipher suite: TLS_ECDHE_ECDSA_WITH_AES_128_CBC_SHA256 for TLSv1.1
Ignoring unsupported cipher suite: TLS_ECDHE_RSA_WITH_AES_128_CBC_SHA256 for TLSv1.1
Ignoring unsupported cipher suite: TLS_RSA_WITH_AES_128_CBC_SHA256 for TLSv1.1
Ignoring unsupported cipher suite: TLS_ECDH_ECDSA_WITH_AES_128_CBC_SHA256 for TLSv1.1
Ignoring unsupported cipher suite: TLS_ECDH_RSA_WITH_AES_128_CBC_SHA256 for TLSv1.1
Ignoring unsupported cipher suite: TLS_DHE_RSA_WITH_AES_128_CBC_SHA256 for TLSv1.1
Ignoring unsupported cipher suite: TLS_DHE_DSS_WITH_AES_128_CBC_SHA256 for TLSv1.1
adding as trusted cert:
  Subject: CN=localhost, OU=ZooKeeper, O=Apache, L=Unknown, ST=Unknown, C=Unknown
  Issuer:  CN=localhost, OU=ZooKeeper, O=Apache, L=Unknown, ST=Unknown, C=Unknown
  Algorithm: RSA; Serial number: 0x7334b506
  Valid from Sat Jan 31 02:57:30 CST 2015 until Wed Feb 08 02:57:30 CST 3015

trigger seeding of SecureRandom
done seeding SecureRandom
adding as trusted cert:
  Subject: CN=localhost, OU=ZooKeeper, O=Apache, L=Unknown, ST=Unknown, C=Unknown
  Issuer:  CN=localhost, OU=ZooKeeper, O=Apache, L=Unknown, ST=Unknown, C=Unknown
  Algorithm: RSA; Serial number: 0x7334b506
  Valid from Sat Jan 31 02:57:30 CST 2015 until Wed Feb 08 02:57:30 CST 3015

trigger seeding of SecureRandom
done seeding SecureRandom
%% No cached client session
*** ClientHello, TLSv1.2
RandomCookie:  GMT: 1619498102 bytes = { 82, 161, 35, 45, 180, 208, 24, 142, 197, 254, 121, 69, 210, 125, 216, 14, 228, 193, 48, 3, 23, 233, 237, 87, 120, 114, 232, 46 }
Session ID:  {}
Cipher Suites: [TLS_ECDHE_ECDSA_WITH_AES_128_CBC_SHA256, TLS_ECDHE_RSA_WITH_AES_128_CBC_SHA256, TLS_RSA_WITH_AES_128_CBC_SHA256, TLS_ECDH_ECDSA_WITH_AES_128_CBC_SHA256, TLS_ECDH_RSA_WITH_AES_128_CBC_SHA256, TLS_DHE_RSA_WITH_AES_128_CBC_SHA256, TLS_DHE_DSS_WITH_AES_128_CBC_SHA256, TLS_ECDHE_ECDSA_WITH_AES_128_CBC_SHA, TLS_ECDHE_RSA_WITH_AES_128_CBC_SHA, TLS_RSA_WITH_AES_128_CBC_SHA, TLS_ECDH_ECDSA_WITH_AES_128_CBC_SHA, TLS_ECDH_RSA_WITH_AES_128_CBC_SHA, TLS_DHE_RSA_WITH_AES_128_CBC_SHA, TLS_DHE_DSS_WITH_AES_128_CBC_SHA, TLS_ECDHE_ECDSA_WITH_AES_128_GCM_SHA256, TLS_ECDHE_RSA_WITH_AES_128_GCM_SHA256, TLS_RSA_WITH_AES_128_GCM_SHA256, TLS_ECDH_ECDSA_WITH_AES_128_GCM_SHA256, TLS_ECDH_RSA_WITH_AES_128_GCM_SHA256, TLS_DHE_RSA_WITH_AES_128_GCM_SHA256, TLS_DHE_DSS_WITH_AES_128_GCM_SHA256, TLS_ECDHE_ECDSA_WITH_3DES_EDE_CBC_SHA, TLS_ECDHE_RSA_WITH_3DES_EDE_CBC_SHA, SSL_RSA_WITH_3DES_EDE_CBC_SHA, TLS_ECDH_ECDSA_WITH_3DES_EDE_CBC_SHA, TLS_ECDH_RSA_WITH_3DES_EDE_CBC_SHA, SSL_DHE_RSA_WITH_3DES_EDE_CBC_SHA, SSL_DHE_DSS_WITH_3DES_EDE_CBC_SHA, TLS_ECDHE_ECDSA_WITH_RC4_128_SHA, TLS_ECDHE_RSA_WITH_RC4_128_SHA, SSL_RSA_WITH_RC4_128_SHA, TLS_ECDH_ECDSA_WITH_RC4_128_SHA, TLS_ECDH_RSA_WITH_RC4_128_SHA, SSL_RSA_WITH_RC4_128_MD5, TLS_EMPTY_RENEGOTIATION_INFO_SCSV]
Compression Methods:  { 0 }
Extension elliptic_curves, curve names: {secp256r1, sect163k1, sect163r2, secp192r1, secp224r1, sect233k1, sect233r1, sect283k1, sect283r1, secp384r1, sect409k1, sect409r1, secp521r1, sect571k1, sect571r1, secp160k1, secp160r1, secp160r2, sect163r1, secp192k1, sect193r1, sect193r2, secp224k1, sect239k1, secp256k1}
Extension ec_point_formats, formats: [uncompressed]
Extension signature_algorithms, signature_algorithms: SHA512withECDSA, SHA512withRSA, SHA384withECDSA, SHA384withRSA, SHA256withECDSA, SHA256withRSA, SHA224withECDSA, SHA224withRSA, SHA1withECDSA, SHA1withRSA, SHA1withDSA, MD5withRSA
Extension server_name, server_name: [type=host_name (0), value=xmind.net]
***
nioEventLoopGroup-5-1, WRITE: TLSv1.2 Handshake, length = 225
trustStore is: C:\Program Files\Java\jdk1.8.0_31\jre\lib\security\cacerts
trustStore type is : jks
trustStore provider is : 
init truststore
adding as trusted cert:
  Subject: CN=Equifax Secure Global eBusiness CA-1, O=Equifax Secure Inc., C=US
  Issuer:  CN=Equifax Secure Global eBusiness CA-1, O=Equifax Secure Inc., C=US
  Algorithm: RSA; Serial number: 0xc3517
  Valid from Mon Jun 21 12:00:00 CST 1999 until Mon Jun 22 12:00:00 CST 2020

adding as trusted cert:
  Subject: CN=SecureTrust CA, O=SecureTrust Corporation, C=US
  Issuer:  CN=SecureTrust CA, O=SecureTrust Corporation, C=US
  Algorithm: RSA; Serial number: 0xcf08e5c0816a5ad427ff0eb271859d0
  Valid from Wed Nov 08 03:31:18 CST 2006 until Tue Jan 01 03:40:55 CST 2030

adding as trusted cert:
  Subject: CN=Starfield Root Certificate Authority - G2, O="Starfield Technologies, Inc.", L=Scottsdale, ST=Arizona, C=US
  Issuer:  CN=Starfield Root Certificate Authority - G2, O="Starfield Technologies, Inc.", L=Scottsdale, ST=Arizona, C=US
  Algorithm: RSA; Serial number: 0x0
  Valid from Tue Sep 01 08:00:00 CST 2009 until Fri Jan 01 07:59:59 CST 2038

adding as trusted cert:
  Subject: CN=VeriSign Class 2 Public Primary Certification Authority - G3, OU="(c) 1999 VeriSign, Inc. - For authorized use only", OU=VeriSign Trust Network, O="VeriSign, Inc.", C=US
  Issuer:  CN=VeriSign Class 2 Public Primary Certification Authority - G3, OU="(c) 1999 VeriSign, Inc. - For authorized use only", OU=VeriSign Trust Network, O="VeriSign, Inc.", C=US
  Algorithm: RSA; Serial number: 0x6170cb498c5f984529e7b0a6d9505b7a
  Valid from Fri Oct 01 08:00:00 CST 1999 until Thu Jul 17 07:59:59 CST 2036

adding as trusted cert:
  Subject: OU=Security Communication RootCA1, O=SECOM Trust.net, C=JP
  Issuer:  OU=Security Communication RootCA1, O=SECOM Trust.net, C=JP
  Algorithm: RSA; Serial number: 0x0
  Valid from Tue Sep 30 12:20:49 CST 2003 until Sat Sep 30 12:20:49 CST 2023

adding as trusted cert:
  Subject: CN=DigiCert Global Root CA, OU=www.digicert.com, O=DigiCert Inc, C=US
  Issuer:  CN=DigiCert Global Root CA, OU=www.digicert.com, O=DigiCert Inc, C=US
  Algorithm: RSA; Serial number: 0x83be056904246b1a1756ac95991c74a
  Valid from Fri Nov 10 08:00:00 CST 2006 until Mon Nov 10 08:00:00 CST 2031

adding as trusted cert:
  Subject: CN=Entrust.net Certification Authority (2048), OU=(c) 1999 Entrust.net Limited, OU=www.entrust.net/CPS_2048 incorp. by ref. (limits liab.), O=Entrust.net
  Issuer:  CN=Entrust.net Certification Authority (2048), OU=(c) 1999 Entrust.net Limited, OU=www.entrust.net/CPS_2048 incorp. by ref. (limits liab.), O=Entrust.net
  Algorithm: RSA; Serial number: 0x3863def8
  Valid from Sat Dec 25 01:50:51 CST 1999 until Tue Jul 24 22:15:12 CST 2029

adding as trusted cert:
  Subject: CN=thawte Primary Root CA, OU="(c) 2006 thawte, Inc. - For authorized use only", OU=Certification Services Division, O="thawte, Inc.", C=US
  Issuer:  CN=thawte Primary Root CA, OU="(c) 2006 thawte, Inc. - For authorized use only", OU=Certification Services Division, O="thawte, Inc.", C=US
  Algorithm: RSA; Serial number: 0x344ed55720d5edec49f42fce37db2b6d
  Valid from Fri Nov 17 08:00:00 CST 2006 until Thu Jul 17 07:59:59 CST 2036

adding as trusted cert:
  Subject: EMAILADDRESS=info@valicert.com, CN=http://www.valicert.com/, OU=ValiCert Class 2 Policy Validation Authority, O="ValiCert, Inc.", L=ValiCert Validation Network
  Issuer:  EMAILADDRESS=info@valicert.com, CN=http://www.valicert.com/, OU=ValiCert Class 2 Policy Validation Authority, O="ValiCert, Inc.", L=ValiCert Validation Network
  Algorithm: RSA; Serial number: 0x1
  Valid from Sat Jun 26 08:19:54 CST 1999 until Wed Jun 26 08:19:54 CST 2019

adding as trusted cert:
  Subject: CN=Go Daddy Root Certificate Authority - G2, O="GoDaddy.com, Inc.", L=Scottsdale, ST=Arizona, C=US
  Issuer:  CN=Go Daddy Root Certificate Authority - G2, O="GoDaddy.com, Inc.", L=Scottsdale, ST=Arizona, C=US
  Algorithm: RSA; Serial number: 0x0
  Valid from Tue Sep 01 08:00:00 CST 2009 until Fri Jan 01 07:59:59 CST 2038

adding as trusted cert:
  Subject: EMAILADDRESS=personal-freemail@thawte.com, CN=Thawte Personal Freemail CA, OU=Certification Services Division, O=Thawte Consulting, L=Cape Town, ST=Western Cape, C=ZA
  Issuer:  EMAILADDRESS=personal-freemail@thawte.com, CN=Thawte Personal Freemail CA, OU=Certification Services Division, O=Thawte Consulting, L=Cape Town, ST=Western Cape, C=ZA
  Algorithm: RSA; Serial number: 0x123df0e7da2a2247a43889e08aeec967
  Valid from Mon Jan 01 08:00:00 CST 1996 until Sat Jan 02 07:59:59 CST 2021

adding as trusted cert:
  Subject: CN=GeoTrust Primary Certification Authority, O=GeoTrust Inc., C=US
  Issuer:  CN=GeoTrust Primary Certification Authority, O=GeoTrust Inc., C=US
  Algorithm: RSA; Serial number: 0x18acb56afd69b6153a636cafdafac4a1
  Valid from Mon Nov 27 08:00:00 CST 2006 until Thu Jul 17 07:59:59 CST 2036

adding as trusted cert:
  Subject: CN=VeriSign Class 1 Public Primary Certification Authority - G3, OU="(c) 1999 VeriSign, Inc. - For authorized use only", OU=VeriSign Trust Network, O="VeriSign, Inc.", C=US
  Issuer:  CN=VeriSign Class 1 Public Primary Certification Authority - G3, OU="(c) 1999 VeriSign, Inc. - For authorized use only", OU=VeriSign Trust Network, O="VeriSign, Inc.", C=US
  Algorithm: RSA; Serial number: 0x8b5b75568454850b00cfaf3848ceb1a4
  Valid from Fri Oct 01 08:00:00 CST 1999 until Thu Jul 17 07:59:59 CST 2036

adding as trusted cert:
  Subject: CN=VeriSign Class 3 Public Primary Certification Authority - G4, OU="(c) 2007 VeriSign, Inc. - For authorized use only", OU=VeriSign Trust Network, O="VeriSign, Inc.", C=US
  Issuer:  CN=VeriSign Class 3 Public Primary Certification Authority - G4, OU="(c) 2007 VeriSign, Inc. - For authorized use only", OU=VeriSign Trust Network, O="VeriSign, Inc.", C=US
  Algorithm: EC; Serial number: 0x2f80fe238c0e220f486712289187acb3
  Valid from Mon Nov 05 08:00:00 CST 2007 until Tue Jan 19 07:59:59 CST 2038

adding as trusted cert:
  Subject: CN=Entrust Root Certification Authority, OU="(c) 2006 Entrust, Inc.", OU=www.entrust.net/CPS is incorporated by reference, O="Entrust, Inc.", C=US
  Issuer:  CN=Entrust Root Certification Authority, OU="(c) 2006 Entrust, Inc.", OU=www.entrust.net/CPS is incorporated by reference, O="Entrust, Inc.", C=US
  Algorithm: RSA; Serial number: 0x456b5054
  Valid from Tue Nov 28 04:23:42 CST 2006 until Sat Nov 28 04:53:42 CST 2026

adding as trusted cert:
  Subject: OU=Security Communication RootCA2, O="SECOM Trust Systems CO.,LTD.", C=JP
  Issuer:  OU=Security Communication RootCA2, O="SECOM Trust Systems CO.,LTD.", C=JP
  Algorithm: RSA; Serial number: 0x0
  Valid from Fri May 29 13:00:39 CST 2009 until Tue May 29 13:00:39 CST 2029

adding as trusted cert:
  Subject: OU=VeriSign Trust Network, OU="(c) 1998 VeriSign, Inc. - For authorized use only", OU=Class 3 Public Primary Certification Authority - G2, O="VeriSign, Inc.", C=US
  Issuer:  OU=VeriSign Trust Network, OU="(c) 1998 VeriSign, Inc. - For authorized use only", OU=Class 3 Public Primary Certification Authority - G2, O="VeriSign, Inc.", C=US
  Algorithm: RSA; Serial number: 0x7dd9fe07cfa81eb7107967fba78934c6
  Valid from Mon May 18 08:00:00 CST 1998 until Wed Aug 02 07:59:59 CST 2028

adding as trusted cert:
  Subject: OU=ePKI Root Certification Authority, O="Chunghwa Telecom Co., Ltd.", C=TW
  Issuer:  OU=ePKI Root Certification Authority, O="Chunghwa Telecom Co., Ltd.", C=TW
  Algorithm: RSA; Serial number: 0x15c8bd65475cafb897005ee406d2bc9d
  Valid from Mon Dec 20 10:31:27 CST 2004 until Wed Dec 20 10:31:27 CST 2034

adding as trusted cert:
  Subject: CN=AffirmTrust Commercial, O=AffirmTrust, C=US
  Issuer:  CN=AffirmTrust Commercial, O=AffirmTrust, C=US
  Algorithm: RSA; Serial number: 0x7777062726a9b17c
  Valid from Fri Jan 29 22:06:06 CST 2010 until Tue Dec 31 22:06:06 CST 2030

adding as trusted cert:
  Subject: CN=TC TrustCenter Universal CA I, OU=TC TrustCenter Universal CA, O=TC TrustCenter GmbH, C=DE
  Issuer:  CN=TC TrustCenter Universal CA I, OU=TC TrustCenter Universal CA, O=TC TrustCenter GmbH, C=DE
  Algorithm: RSA; Serial number: 0x1da200010002ecb76080788db606
  Valid from Wed Mar 22 23:54:28 CST 2006 until Thu Jan 01 06:59:59 CST 2026

adding as trusted cert:
  Subject: CN=Certum Trusted Network CA, OU=Certum Certification Authority, O=Unizeto Technologies S.A., C=PL
  Issuer:  CN=Certum Trusted Network CA, OU=Certum Certification Authority, O=Unizeto Technologies S.A., C=PL
  Algorithm: RSA; Serial number: 0x444c0
  Valid from Wed Oct 22 20:07:37 CST 2008 until Mon Dec 31 20:07:37 CST 2029

adding as trusted cert:
  Subject: CN=Certum CA, O=Unizeto Sp. z o.o., C=PL
  Issuer:  CN=Certum CA, O=Unizeto Sp. z o.o., C=PL
  Algorithm: RSA; Serial number: 0x10020
  Valid from Tue Jun 11 18:46:39 CST 2002 until Fri Jun 11 18:46:39 CST 2027

adding as trusted cert:
  Subject: CN=XRamp Global Certification Authority, O=XRamp Security Services Inc, OU=www.xrampsecurity.com, C=US
  Issuer:  CN=XRamp Global Certification Authority, O=XRamp Security Services Inc, OU=www.xrampsecurity.com, C=US
  Algorithm: RSA; Serial number: 0x50946cec18ead59c4dd597ef758fa0ad
  Valid from Tue Nov 02 01:14:04 CST 2004 until Mon Jan 01 13:37:19 CST 2035

adding as trusted cert:
  Subject: CN=AddTrust Qualified CA Root, OU=AddTrust TTP Network, O=AddTrust AB, C=SE
  Issuer:  CN=AddTrust Qualified CA Root, OU=AddTrust TTP Network, O=AddTrust AB, C=SE
  Algorithm: RSA; Serial number: 0x1
  Valid from Tue May 30 18:44:50 CST 2000 until Sat May 30 18:44:50 CST 2020

adding as trusted cert:
  Subject: CN=Buypass Class 2 Root CA, O=Buypass AS-983163327, C=NO
  Issuer:  CN=Buypass Class 2 Root CA, O=Buypass AS-983163327, C=NO
  Algorithm: RSA; Serial number: 0x2
  Valid from Tue Oct 26 16:38:03 CST 2010 until Fri Oct 26 16:38:03 CST 2040

adding as trusted cert:
  Subject: CN=TC TrustCenter Class 2 CA II, OU=TC TrustCenter Class 2 CA, O=TC TrustCenter GmbH, C=DE
  Issuer:  CN=TC TrustCenter Class 2 CA II, OU=TC TrustCenter Class 2 CA, O=TC TrustCenter GmbH, C=DE
  Algorithm: RSA; Serial number: 0x2e6a000100021fd752212c115c3b
  Valid from Thu Jan 12 22:38:43 CST 2006 until Thu Jan 01 06:59:59 CST 2026

adding as trusted cert:
  Subject: CN=Sonera Class2 CA, O=Sonera, C=FI
  Issuer:  CN=Sonera Class2 CA, O=Sonera, C=FI
  Algorithm: RSA; Serial number: 0x1d
  Valid from Fri Apr 06 15:29:40 CST 2001 until Tue Apr 06 15:29:40 CST 2021

adding as trusted cert:
  Subject: CN=America Online Root Certification Authority 1, O=America Online Inc., C=US
  Issuer:  CN=America Online Root Certification Authority 1, O=America Online Inc., C=US
  Algorithm: RSA; Serial number: 0x1
  Valid from Tue May 28 14:00:00 CST 2002 until Fri Nov 20 04:43:00 CST 2037

adding as trusted cert:
  Subject: CN=GeoTrust Primary Certification Authority - G2, OU=(c) 2007 GeoTrust Inc. - For authorized use only, O=GeoTrust Inc., C=US
  Issuer:  CN=GeoTrust Primary Certification Authority - G2, OU=(c) 2007 GeoTrust Inc. - For authorized use only, O=GeoTrust Inc., C=US
  Algorithm: EC; Serial number: 0x3cb2f4480a00e2feeb243b5e603ec36b
  Valid from Mon Nov 05 08:00:00 CST 2007 until Tue Jan 19 07:59:59 CST 2038

adding as trusted cert:
  Subject: CN=SwissSign Gold CA - G2, O=SwissSign AG, C=CH
  Issuer:  CN=SwissSign Gold CA - G2, O=SwissSign AG, C=CH
  Algorithm: RSA; Serial number: 0xbb401c43f55e4fb0
  Valid from Wed Oct 25 16:30:35 CST 2006 until Sat Oct 25 16:30:35 CST 2036

adding as trusted cert:
  Subject: CN=UTN - DATACorp SGC, OU=http://www.usertrust.com, O=The USERTRUST Network, L=Salt Lake City, ST=UT, C=US
  Issuer:  CN=UTN - DATACorp SGC, OU=http://www.usertrust.com, O=The USERTRUST Network, L=Salt Lake City, ST=UT, C=US
  Algorithm: RSA; Serial number: 0x44be0c8b500021b411d32a6806a9ad69
  Valid from Fri Jun 25 02:57:21 CST 1999 until Tue Jun 25 03:06:30 CST 2019

adding as trusted cert:
  Subject: CN=QuoVadis Root CA 2, O=QuoVadis Limited, C=BM
  Issuer:  CN=QuoVadis Root CA 2, O=QuoVadis Limited, C=BM
  Algorithm: RSA; Serial number: 0x509
  Valid from Sat Nov 25 02:27:00 CST 2006 until Tue Nov 25 02:23:33 CST 2031

adding as trusted cert:
  Subject: CN=Deutsche Telekom Root CA 2, OU=T-TeleSec Trust Center, O=Deutsche Telekom AG, C=DE
  Issuer:  CN=Deutsche Telekom Root CA 2, OU=T-TeleSec Trust Center, O=Deutsche Telekom AG, C=DE
  Algorithm: RSA; Serial number: 0x26
  Valid from Fri Jul 09 20:11:00 CST 1999 until Wed Jul 10 07:59:00 CST 2019

adding as trusted cert:
  Subject: OU=Equifax Secure Certificate Authority, O=Equifax, C=US
  Issuer:  OU=Equifax Secure Certificate Authority, O=Equifax, C=US
  Algorithm: RSA; Serial number: 0x35def4cf
  Valid from Sun Aug 23 00:41:51 CST 1998 until Thu Aug 23 00:41:51 CST 2018

adding as trusted cert:
  Subject: OU=Class 1 Public Primary Certification Authority, O="VeriSign, Inc.", C=US
  Issuer:  OU=Class 1 Public Primary Certification Authority, O="VeriSign, Inc.", C=US
  Algorithm: RSA; Serial number: 0x3f691e819cf09a4af373ffb948a2e4dd
  Valid from Mon Jan 29 08:00:00 CST 1996 until Thu Aug 03 07:59:59 CST 2028

adding as trusted cert:
  Subject: CN=DigiCert High Assurance EV Root CA, OU=www.digicert.com, O=DigiCert Inc, C=US
  Issuer:  CN=DigiCert High Assurance EV Root CA, OU=www.digicert.com, O=DigiCert Inc, C=US
  Algorithm: RSA; Serial number: 0x2ac5c266a0b409b8f0b79f2ae462577
  Valid from Fri Nov 10 08:00:00 CST 2006 until Mon Nov 10 08:00:00 CST 2031

adding as trusted cert:
  Subject: OU=VeriSign Trust Network, OU="(c) 1998 VeriSign, Inc. - For authorized use only", OU=Class 2 Public Primary Certification Authority - G2, O="VeriSign, Inc.", C=US
  Issuer:  OU=VeriSign Trust Network, OU="(c) 1998 VeriSign, Inc. - For authorized use only", OU=Class 2 Public Primary Certification Authority - G2, O="VeriSign, Inc.", C=US
  Algorithm: RSA; Serial number: 0xb92f60cc889fa17a4609b85b706c8aaf
  Valid from Mon May 18 08:00:00 CST 1998 until Wed Aug 02 07:59:59 CST 2028

adding as trusted cert:
  Subject: CN=VeriSign Class 3 Public Primary Certification Authority - G5, OU="(c) 2006 VeriSign, Inc. - For authorized use only", OU=VeriSign Trust Network, O="VeriSign, Inc.", C=US
  Issuer:  CN=VeriSign Class 3 Public Primary Certification Authority - G5, OU="(c) 2006 VeriSign, Inc. - For authorized use only", OU=VeriSign Trust Network, O="VeriSign, Inc.", C=US
  Algorithm: RSA; Serial number: 0x18dad19e267de8bb4a2158cdcc6b3b4a
  Valid from Wed Nov 08 08:00:00 CST 2006 until Thu Jul 17 07:59:59 CST 2036

adding as trusted cert:
  Subject: CN=GlobalSign, O=GlobalSign, OU=GlobalSign Root CA - R2
  Issuer:  CN=GlobalSign, O=GlobalSign, OU=GlobalSign Root CA - R2
  Algorithm: RSA; Serial number: 0x400000000010f8626e60d
  Valid from Fri Dec 15 16:00:00 CST 2006 until Wed Dec 15 16:00:00 CST 2021

adding as trusted cert:
  Subject: CN=QuoVadis Root CA 3, O=QuoVadis Limited, C=BM
  Issuer:  CN=QuoVadis Root CA 3, O=QuoVadis Limited, C=BM
  Algorithm: RSA; Serial number: 0x5c6
  Valid from Sat Nov 25 03:11:23 CST 2006 until Tue Nov 25 03:06:44 CST 2031

adding as trusted cert:
  Subject: CN=GeoTrust Universal CA, O=GeoTrust Inc., C=US
  Issuer:  CN=GeoTrust Universal CA, O=GeoTrust Inc., C=US
  Algorithm: RSA; Serial number: 0x1
  Valid from Thu Mar 04 13:00:00 CST 2004 until Sun Mar 04 13:00:00 CST 2029

adding as trusted cert:
  Subject: CN=GlobalSign, O=GlobalSign, OU=GlobalSign Root CA - R3
  Issuer:  CN=GlobalSign, O=GlobalSign, OU=GlobalSign Root CA - R3
  Algorithm: RSA; Serial number: 0x4000000000121585308a2
  Valid from Wed Mar 18 18:00:00 CST 2009 until Sun Mar 18 18:00:00 CST 2029

adding as trusted cert:
  Subject: CN=Starfield Services Root Certificate Authority - G2, O="Starfield Technologies, Inc.", L=Scottsdale, ST=Arizona, C=US
  Issuer:  CN=Starfield Services Root Certificate Authority - G2, O="Starfield Technologies, Inc.", L=Scottsdale, ST=Arizona, C=US
  Algorithm: RSA; Serial number: 0x0
  Valid from Tue Sep 01 08:00:00 CST 2009 until Fri Jan 01 07:59:59 CST 2038

adding as trusted cert:
  Subject: CN=Baltimore CyberTrust Root, OU=CyberTrust, O=Baltimore, C=IE
  Issuer:  CN=Baltimore CyberTrust Root, OU=CyberTrust, O=Baltimore, C=IE
  Algorithm: RSA; Serial number: 0x20000b9
  Valid from Sat May 13 02:46:00 CST 2000 until Tue May 13 07:59:00 CST 2025

adding as trusted cert:
  Subject: OU=Starfield Class 2 Certification Authority, O="Starfield Technologies, Inc.", C=US
  Issuer:  OU=Starfield Class 2 Certification Authority, O="Starfield Technologies, Inc.", C=US
  Algorithm: RSA; Serial number: 0x0
  Valid from Wed Jun 30 01:39:16 CST 2004 until Fri Jun 30 01:39:16 CST 2034

adding as trusted cert:
  Subject: CN=Thawte Timestamping CA, OU=Thawte Certification, O=Thawte, L=Durbanville, ST=Western Cape, C=ZA
  Issuer:  CN=Thawte Timestamping CA, OU=Thawte Certification, O=Thawte, L=Durbanville, ST=Western Cape, C=ZA
  Algorithm: RSA; Serial number: 0x67c8e1e8e3be1cbdfc913b8ea6238749
  Valid from Wed Jan 01 08:00:00 CST 1997 until Sat Jan 02 07:59:59 CST 2021

adding as trusted cert:
  Subject: CN=AAA Certificate Services, O=Comodo CA Limited, L=Salford, ST=Greater Manchester, C=GB
  Issuer:  CN=AAA Certificate Services, O=Comodo CA Limited, L=Salford, ST=Greater Manchester, C=GB
  Algorithm: RSA; Serial number: 0x1
  Valid from Thu Jan 01 08:00:00 CST 2004 until Mon Jan 01 07:59:59 CST 2029

adding as trusted cert:
  Subject: CN=UTN-USERFirst-Hardware, OU=http://www.usertrust.com, O=The USERTRUST Network, L=Salt Lake City, ST=UT, C=US
  Issuer:  CN=UTN-USERFirst-Hardware, OU=http://www.usertrust.com, O=The USERTRUST Network, L=Salt Lake City, ST=UT, C=US
  Algorithm: RSA; Serial number: 0x44be0c8b500024b411d3362afe650afd
  Valid from Sat Jul 10 02:10:42 CST 1999 until Wed Jul 10 02:19:22 CST 2019

adding as trusted cert:
  Subject: CN=Chambers of Commerce Root, OU=http://www.chambersign.org, O=AC Camerfirma SA CIF A82743287, C=EU
  Issuer:  CN=Chambers of Commerce Root, OU=http://www.chambersign.org, O=AC Camerfirma SA CIF A82743287, C=EU
  Algorithm: RSA; Serial number: 0x0
  Valid from Wed Oct 01 00:13:43 CST 2003 until Thu Oct 01 00:13:44 CST 2037

adding as trusted cert:
  Subject: CN=VeriSign Class 3 Public Primary Certification Authority - G3, OU="(c) 1999 VeriSign, Inc. - For authorized use only", OU=VeriSign Trust Network, O="VeriSign, Inc.", C=US
  Issuer:  CN=VeriSign Class 3 Public Primary Certification Authority - G3, OU="(c) 1999 VeriSign, Inc. - For authorized use only", OU=VeriSign Trust Network, O="VeriSign, Inc.", C=US
  Algorithm: RSA; Serial number: 0x9b7e0649a33e62b9d5ee90487129ef57
  Valid from Fri Oct 01 08:00:00 CST 1999 until Thu Jul 17 07:59:59 CST 2036

adding as trusted cert:
  Subject: CN=GlobalSign Root CA, OU=Root CA, O=GlobalSign nv-sa, C=BE
  Issuer:  CN=GlobalSign Root CA, OU=Root CA, O=GlobalSign nv-sa, C=BE
  Algorithm: RSA; Serial number: 0x40000000001154b5ac394
  Valid from Tue Sep 01 20:00:00 CST 1998 until Fri Jan 28 20:00:00 CST 2028

adding as trusted cert:
  Subject: CN=UTN-USERFirst-Object, OU=http://www.usertrust.com, O=The USERTRUST Network, L=Salt Lake City, ST=UT, C=US
  Issuer:  CN=UTN-USERFirst-Object, OU=http://www.usertrust.com, O=The USERTRUST Network, L=Salt Lake City, ST=UT, C=US
  Algorithm: RSA; Serial number: 0x44be0c8b500024b411d3362de0b35f1b
  Valid from Sat Jul 10 02:31:20 CST 1999 until Wed Jul 10 02:40:36 CST 2019

adding as trusted cert:
  Subject: EMAILADDRESS=server-certs@thawte.com, CN=Thawte Server CA, OU=Certification Services Division, O=Thawte Consulting cc, L=Cape Town, ST=Western Cape, C=ZA
  Issuer:  EMAILADDRESS=server-certs@thawte.com, CN=Thawte Server CA, OU=Certification Services Division, O=Thawte Consulting cc, L=Cape Town, ST=Western Cape, C=ZA
  Algorithm: RSA; Serial number: 0x34a4fff630af4ca53c331742a1946675
  Valid from Thu Aug 01 08:00:00 CST 1996 until Sat Jan 02 07:59:59 CST 2021

adding as trusted cert:
  Subject: CN=AffirmTrust Networking, O=AffirmTrust, C=US
  Issuer:  CN=AffirmTrust Networking, O=AffirmTrust, C=US
  Algorithm: RSA; Serial number: 0x7c4f04391cd4992d
  Valid from Fri Jan 29 22:08:24 CST 2010 until Tue Dec 31 22:08:24 CST 2030

adding as trusted cert:
  Subject: OU=Class 3 Public Primary Certification Authority, O="VeriSign, Inc.", C=US
  Issuer:  OU=Class 3 Public Primary Certification Authority, O="VeriSign, Inc.", C=US
  Algorithm: RSA; Serial number: 0x3c9131cb1ff6d01b0e9ab8d044bf12be
  Valid from Mon Jan 29 08:00:00 CST 1996 until Thu Aug 03 07:59:59 CST 2028

adding as trusted cert:
  Subject: CN=AffirmTrust Premium, O=AffirmTrust, C=US
  Issuer:  CN=AffirmTrust Premium, O=AffirmTrust, C=US
  Algorithm: RSA; Serial number: 0x6d8c1446b1a60aee
  Valid from Fri Jan 29 22:10:36 CST 2010 until Mon Dec 31 22:10:36 CST 2040

adding as trusted cert:
  Subject: CN=TC TrustCenter Class 4 CA II, OU=TC TrustCenter Class 4 CA, O=TC TrustCenter GmbH, C=DE
  Issuer:  CN=TC TrustCenter Class 4 CA II, OU=TC TrustCenter Class 4 CA, O=TC TrustCenter GmbH, C=DE
  Algorithm: RSA; Serial number: 0x5c00001000241d0060a4dce7510
  Valid from Thu Mar 23 22:10:23 CST 2006 until Thu Jan 01 06:59:59 CST 2026

adding as trusted cert:
  Subject: CN=Baltimore CyberTrust Code Signing Root, OU=CyberTrust, O=Baltimore, C=IE
  Issuer:  CN=Baltimore CyberTrust Code Signing Root, OU=CyberTrust, O=Baltimore, C=IE
  Algorithm: RSA; Serial number: 0x20000bf
  Valid from Wed May 17 22:01:00 CST 2000 until Sun May 18 07:59:00 CST 2025

adding as trusted cert:
  Subject: CN=America Online Root Certification Authority 2, O=America Online Inc., C=US
  Issuer:  CN=America Online Root Certification Authority 2, O=America Online Inc., C=US
  Algorithm: RSA; Serial number: 0x1
  Valid from Tue May 28 14:00:00 CST 2002 until Tue Sep 29 22:08:00 CST 2037

adding as trusted cert:
  Subject: CN=QuoVadis Root Certification Authority, OU=Root Certification Authority, O=QuoVadis Limited, C=BM
  Issuer:  CN=QuoVadis Root Certification Authority, OU=Root Certification Authority, O=QuoVadis Limited, C=BM
  Algorithm: RSA; Serial number: 0x3ab6508b
  Valid from Tue Mar 20 02:33:33 CST 2001 until Thu Mar 18 02:33:33 CST 2021

adding as trusted cert:
  Subject: CN=Class 3P Primary CA, O=Certplus, C=FR
  Issuer:  CN=Class 3P Primary CA, O=Certplus, C=FR
  Algorithm: RSA; Serial number: 0xbf5cdbb6f21c6ec04deb7a023b36e879
  Valid from Thu Jul 08 01:10:00 CST 1999 until Sun Jul 07 07:59:59 CST 2019

adding as trusted cert:
  Subject: CN=Equifax Secure eBusiness CA-1, O=Equifax Secure Inc., C=US
  Issuer:  CN=Equifax Secure eBusiness CA-1, O=Equifax Secure Inc., C=US
  Algorithm: RSA; Serial number: 0x59e3
  Valid from Mon Jun 21 12:00:00 CST 1999 until Mon Jun 22 12:00:00 CST 2020

adding as trusted cert:
  Subject: CN=Buypass Class 3 Root CA, O=Buypass AS-983163327, C=NO
  Issuer:  CN=Buypass Class 3 Root CA, O=Buypass AS-983163327, C=NO
  Algorithm: RSA; Serial number: 0x2
  Valid from Tue Oct 26 16:28:58 CST 2010 until Fri Oct 26 16:28:58 CST 2040

adding as trusted cert:
  Subject: OU=Security Communication EV RootCA1, O="SECOM Trust Systems CO.,LTD.", C=JP
  Issuer:  OU=Security Communication EV RootCA1, O="SECOM Trust Systems CO.,LTD.", C=JP
  Algorithm: RSA; Serial number: 0x0
  Valid from Wed Jun 06 10:12:32 CST 2007 until Sat Jun 06 10:12:32 CST 2037

adding as trusted cert:
  Subject: CN=GeoTrust Primary Certification Authority - G3, OU=(c) 2008 GeoTrust Inc. - For authorized use only, O=GeoTrust Inc., C=US
  Issuer:  CN=GeoTrust Primary Certification Authority - G3, OU=(c) 2008 GeoTrust Inc. - For authorized use only, O=GeoTrust Inc., C=US
  Algorithm: RSA; Serial number: 0x15ac6e9419b2794b41f627a9c3180f1f
  Valid from Wed Apr 02 08:00:00 CST 2008 until Wed Dec 02 07:59:59 CST 2037

adding as trusted cert:
  Subject: CN=thawte Primary Root CA - G2, OU="(c) 2007 thawte, Inc. - For authorized use only", O="thawte, Inc.", C=US
  Issuer:  CN=thawte Primary Root CA - G2, OU="(c) 2007 thawte, Inc. - For authorized use only", O="thawte, Inc.", C=US
  Algorithm: EC; Serial number: 0x35fc265cd9844fc93d263d579baed756
  Valid from Mon Nov 05 08:00:00 CST 2007 until Tue Jan 19 07:59:59 CST 2038

adding as trusted cert:
  Subject: CN=VeriSign Universal Root Certification Authority, OU="(c) 2008 VeriSign, Inc. - For authorized use only", OU=VeriSign Trust Network, O="VeriSign, Inc.", C=US
  Issuer:  CN=VeriSign Universal Root Certification Authority, OU="(c) 2008 VeriSign, Inc. - For authorized use only", OU=VeriSign Trust Network, O="VeriSign, Inc.", C=US
  Algorithm: RSA; Serial number: 0x401ac46421b31321030ebbe4121ac51d
  Valid from Wed Apr 02 08:00:00 CST 2008 until Wed Dec 02 07:59:59 CST 2037

adding as trusted cert:
  Subject: CN=Chambers of Commerce Root - 2008, O=AC Camerfirma S.A., SERIALNUMBER=A82743287, L=Madrid (see current address at www.camerfirma.com/address), C=EU
  Issuer:  CN=Chambers of Commerce Root - 2008, O=AC Camerfirma S.A., SERIALNUMBER=A82743287, L=Madrid (see current address at www.camerfirma.com/address), C=EU
  Algorithm: RSA; Serial number: 0xa3da427ea4b1aeda
  Valid from Fri Aug 01 20:29:50 CST 2008 until Sat Jul 31 20:29:50 CST 2038

adding as trusted cert:
  Subject: CN=SwissSign Silver CA - G2, O=SwissSign AG, C=CH
  Issuer:  CN=SwissSign Silver CA - G2, O=SwissSign AG, C=CH
  Algorithm: RSA; Serial number: 0x4f1bd42f54bb2f4b
  Valid from Wed Oct 25 16:32:46 CST 2006 until Sat Oct 25 16:32:46 CST 2036

adding as trusted cert:
  Subject: CN=Entrust Root Certification Authority - G2, OU="(c) 2009 Entrust, Inc. - for authorized use only", OU=See www.entrust.net/legal-terms, O="Entrust, Inc.", C=US
  Issuer:  CN=Entrust Root Certification Authority - G2, OU="(c) 2009 Entrust, Inc. - for authorized use only", OU=See www.entrust.net/legal-terms, O="Entrust, Inc.", C=US
  Algorithm: RSA; Serial number: 0x4a538c28
  Valid from Wed Jul 08 01:25:54 CST 2009 until Sun Dec 08 01:55:54 CST 2030

adding as trusted cert:
  Subject: CN=AddTrust Class 1 CA Root, OU=AddTrust TTP Network, O=AddTrust AB, C=SE
  Issuer:  CN=AddTrust Class 1 CA Root, OU=AddTrust TTP Network, O=AddTrust AB, C=SE
  Algorithm: RSA; Serial number: 0x1
  Valid from Tue May 30 18:38:31 CST 2000 until Sat May 30 18:38:31 CST 2020

adding as trusted cert:
  Subject: CN=DigiCert Assured ID Root CA, OU=www.digicert.com, O=DigiCert Inc, C=US
  Issuer:  CN=DigiCert Assured ID Root CA, OU=www.digicert.com, O=DigiCert Inc, C=US
  Algorithm: RSA; Serial number: 0xce7e0e517d846fe8fe560fc1bf03039
  Valid from Fri Nov 10 08:00:00 CST 2006 until Mon Nov 10 08:00:00 CST 2031

adding as trusted cert:
  Subject: OU=Go Daddy Class 2 Certification Authority, O="The Go Daddy Group, Inc.", C=US
  Issuer:  OU=Go Daddy Class 2 Certification Authority, O="The Go Daddy Group, Inc.", C=US
  Algorithm: RSA; Serial number: 0x0
  Valid from Wed Jun 30 01:06:20 CST 2004 until Fri Jun 30 01:06:20 CST 2034

adding as trusted cert:
  Subject: CN=AddTrust External CA Root, OU=AddTrust External TTP Network, O=AddTrust AB, C=SE
  Issuer:  CN=AddTrust External CA Root, OU=AddTrust External TTP Network, O=AddTrust AB, C=SE
  Algorithm: RSA; Serial number: 0x1
  Valid from Tue May 30 18:48:38 CST 2000 until Sat May 30 18:48:38 CST 2020

adding as trusted cert:
  Subject: CN=T-TeleSec GlobalRoot Class 3, OU=T-Systems Trust Center, O=T-Systems Enterprise Services GmbH, C=DE
  Issuer:  CN=T-TeleSec GlobalRoot Class 3, OU=T-Systems Trust Center, O=T-Systems Enterprise Services GmbH, C=DE
  Algorithm: RSA; Serial number: 0x1
  Valid from Wed Oct 01 18:29:56 CST 2008 until Sun Oct 02 07:59:59 CST 2033

adding as trusted cert:
  Subject: CN=Global Chambersign Root - 2008, O=AC Camerfirma S.A., SERIALNUMBER=A82743287, L=Madrid (see current address at www.camerfirma.com/address), C=EU
  Issuer:  CN=Global Chambersign Root - 2008, O=AC Camerfirma S.A., SERIALNUMBER=A82743287, L=Madrid (see current address at www.camerfirma.com/address), C=EU
  Algorithm: RSA; Serial number: 0xc9cdd3e9d57d23ce
  Valid from Fri Aug 01 20:31:40 CST 2008 until Sat Jul 31 20:31:40 CST 2038

adding as trusted cert:
  Subject: EMAILADDRESS=info@valicert.com, CN=http://www.valicert.com/, OU=ValiCert Class 1 Policy Validation Authority, O="ValiCert, Inc.", L=ValiCert Validation Network
  Issuer:  EMAILADDRESS=info@valicert.com, CN=http://www.valicert.com/, OU=ValiCert Class 1 Policy Validation Authority, O="ValiCert, Inc.", L=ValiCert Validation Network
  Algorithm: RSA; Serial number: 0x1
  Valid from Sat Jun 26 06:23:48 CST 1999 until Wed Jun 26 06:23:48 CST 2019

adding as trusted cert:
  Subject: CN=thawte Primary Root CA - G3, OU="(c) 2008 thawte, Inc. - For authorized use only", OU=Certification Services Division, O="thawte, Inc.", C=US
  Issuer:  CN=thawte Primary Root CA - G3, OU="(c) 2008 thawte, Inc. - For authorized use only", OU=Certification Services Division, O="thawte, Inc.", C=US
  Algorithm: RSA; Serial number: 0x600197b746a7eab4b49ad64b2ff790fb
  Valid from Wed Apr 02 08:00:00 CST 2008 until Wed Dec 02 07:59:59 CST 2037

adding as trusted cert:
  Subject: EMAILADDRESS=premium-server@thawte.com, CN=Thawte Premium Server CA, OU=Certification Services Division, O=Thawte Consulting cc, L=Cape Town, ST=Western Cape, C=ZA
  Issuer:  EMAILADDRESS=premium-server@thawte.com, CN=Thawte Premium Server CA, OU=Certification Services Division, O=Thawte Consulting cc, L=Cape Town, ST=Western Cape, C=ZA
  Algorithm: RSA; Serial number: 0x36122296c5e338a520a1d25f4cd70954
  Valid from Thu Aug 01 08:00:00 CST 1996 until Sat Jan 02 07:59:59 CST 2021

adding as trusted cert:
  Subject: CN=GTE CyberTrust Global Root, OU="GTE CyberTrust Solutions, Inc.", O=GTE Corporation, C=US
  Issuer:  CN=GTE CyberTrust Global Root, OU="GTE CyberTrust Solutions, Inc.", O=GTE Corporation, C=US
  Algorithm: RSA; Serial number: 0x1a5
  Valid from Thu Aug 13 08:29:00 CST 1998 until Tue Aug 14 07:59:00 CST 2018

adding as trusted cert:
  Subject: CN=UTN-USERFirst-Client Authentication and Email, OU=http://www.usertrust.com, O=The USERTRUST Network, L=Salt Lake City, ST=UT, C=US
  Issuer:  CN=UTN-USERFirst-Client Authentication and Email, OU=http://www.usertrust.com, O=The USERTRUST Network, L=Salt Lake City, ST=UT, C=US
  Algorithm: RSA; Serial number: 0x44be0c8b500024b411d336252567c989
  Valid from Sat Jul 10 01:28:50 CST 1999 until Wed Jul 10 01:36:58 CST 2019

adding as trusted cert:
  Subject: CN=Class 2 Primary CA, O=Certplus, C=FR
  Issuer:  CN=Class 2 Primary CA, O=Certplus, C=FR
  Algorithm: RSA; Serial number: 0x85bd4bf3d8dae369f694d75fc3a54423
  Valid from Thu Jul 08 01:05:00 CST 1999 until Sun Jul 07 07:59:59 CST 2019

adding as trusted cert:
  Subject: CN=AffirmTrust Premium ECC, O=AffirmTrust, C=US
  Issuer:  CN=AffirmTrust Premium ECC, O=AffirmTrust, C=US
  Algorithm: EC; Serial number: 0x7497258ac73f7a54
  Valid from Fri Jan 29 22:20:24 CST 2010 until Mon Dec 31 22:20:24 CST 2040

adding as trusted cert:
  Subject: CN=T-TeleSec GlobalRoot Class 2, OU=T-Systems Trust Center, O=T-Systems Enterprise Services GmbH, C=DE
  Issuer:  CN=T-TeleSec GlobalRoot Class 2, OU=T-Systems Trust Center, O=T-Systems Enterprise Services GmbH, C=DE
  Algorithm: RSA; Serial number: 0x1
  Valid from Wed Oct 01 18:40:14 CST 2008 until Sun Oct 02 07:59:59 CST 2033

adding as trusted cert:
  Subject: CN=GeoTrust Global CA, O=GeoTrust Inc., C=US
  Issuer:  CN=GeoTrust Global CA, O=GeoTrust Inc., C=US
  Algorithm: RSA; Serial number: 0x23456
  Valid from Tue May 21 12:00:00 CST 2002 until Sat May 21 12:00:00 CST 2022

adding as trusted cert:
  Subject: CN=Sonera Class1 CA, O=Sonera, C=FI
  Issuer:  CN=Sonera Class1 CA, O=Sonera, C=FI
  Algorithm: RSA; Serial number: 0x24
  Valid from Fri Apr 06 18:49:13 CST 2001 until Tue Apr 06 18:49:13 CST 2021

adding as trusted cert:
  Subject: CN=SwissSign Platinum CA - G2, O=SwissSign AG, C=CH
  Issuer:  CN=SwissSign Platinum CA - G2, O=SwissSign AG, C=CH
  Algorithm: RSA; Serial number: 0x4eb200670c035d4f
  Valid from Wed Oct 25 16:36:00 CST 2006 until Sat Oct 25 16:36:00 CST 2036

adding as trusted cert:
  Subject: OU=VeriSign Trust Network, OU="(c) 1998 VeriSign, Inc. - For authorized use only", OU=Class 1 Public Primary Certification Authority - G2, O="VeriSign, Inc.", C=US
  Issuer:  OU=VeriSign Trust Network, OU="(c) 1998 VeriSign, Inc. - For authorized use only", OU=Class 1 Public Primary Certification Authority - G2, O="VeriSign, Inc.", C=US
  Algorithm: RSA; Serial number: 0x4cc7eaaa983e71d39310f83d3a899192
  Valid from Mon May 18 08:00:00 CST 1998 until Wed Aug 02 07:59:59 CST 2028

adding as trusted cert:
  Subject: CN=KEYNECTIS ROOT CA, OU=ROOT, O=KEYNECTIS, C=FR
  Issuer:  CN=KEYNECTIS ROOT CA, OU=ROOT, O=KEYNECTIS, C=FR
  Algorithm: RSA; Serial number: 0x1121bc276c5547af584eefd4ced629b2a285
  Valid from Tue May 26 08:00:00 CST 2009 until Tue May 26 08:00:00 CST 2020

trigger seeding of SecureRandom
done seeding SecureRandom
Using SSLEngineImpl.
Ignoring unavailable cipher suite: TLS_DHE_DSS_WITH_AES_256_GCM_SHA384
Ignoring unavailable cipher suite: TLS_RSA_WITH_AES_256_CBC_SHA
Ignoring unavailable cipher suite: TLS_DHE_RSA_WITH_AES_256_GCM_SHA384
Ignoring unavailable cipher suite: TLS_ECDH_ECDSA_WITH_AES_256_CBC_SHA
Ignoring unavailable cipher suite: TLS_ECDHE_ECDSA_WITH_AES_256_GCM_SHA384
Ignoring unavailable cipher suite: TLS_RSA_WITH_AES_256_CBC_SHA256
Ignoring unavailable cipher suite: TLS_DHE_DSS_WITH_AES_256_CBC_SHA
Ignoring unavailable cipher suite: TLS_ECDH_ECDSA_WITH_AES_256_GCM_SHA384
Ignoring unavailable cipher suite: TLS_ECDH_RSA_WITH_AES_256_CBC_SHA384
Ignoring unavailable cipher suite: TLS_RSA_WITH_AES_256_GCM_SHA384
Ignoring unavailable cipher suite: TLS_ECDH_ECDSA_WITH_AES_256_CBC_SHA384
Ignoring unavailable cipher suite: TLS_ECDHE_RSA_WITH_AES_256_CBC_SHA384
Ignoring unavailable cipher suite: TLS_ECDH_RSA_WITH_AES_256_CBC_SHA
Ignoring unavailable cipher suite: TLS_ECDH_RSA_WITH_AES_256_GCM_SHA384
Ignoring unavailable cipher suite: TLS_ECDHE_ECDSA_WITH_AES_256_CBC_SHA384
Ignoring unavailable cipher suite: TLS_DHE_RSA_WITH_AES_256_CBC_SHA256
Ignoring unavailable cipher suite: TLS_ECDHE_ECDSA_WITH_AES_256_CBC_SHA
Ignoring unavailable cipher suite: TLS_DHE_DSS_WITH_AES_256_CBC_SHA256
Ignoring unavailable cipher suite: TLS_DHE_RSA_WITH_AES_256_CBC_SHA
Ignoring unavailable cipher suite: TLS_ECDHE_RSA_WITH_AES_256_CBC_SHA
Ignoring unavailable cipher suite: TLS_ECDHE_RSA_WITH_AES_256_GCM_SHA384
Ignoring unavailable cipher suite: TLS_DHE_DSS_WITH_AES_256_GCM_SHA384
Ignoring unavailable cipher suite: TLS_RSA_WITH_AES_256_CBC_SHA
Ignoring unavailable cipher suite: TLS_DHE_RSA_WITH_AES_256_GCM_SHA384
Ignoring unavailable cipher suite: TLS_ECDH_ECDSA_WITH_AES_256_CBC_SHA
Ignoring unavailable cipher suite: TLS_ECDHE_ECDSA_WITH_AES_256_GCM_SHA384
Ignoring unavailable cipher suite: TLS_RSA_WITH_AES_256_CBC_SHA256
Ignoring unavailable cipher suite: TLS_DHE_DSS_WITH_AES_256_CBC_SHA
Ignoring unavailable cipher suite: TLS_ECDH_ECDSA_WITH_AES_256_GCM_SHA384
Ignoring unavailable cipher suite: TLS_ECDH_RSA_WITH_AES_256_CBC_SHA384
Ignoring unavailable cipher suite: TLS_RSA_WITH_AES_256_GCM_SHA384
Ignoring unavailable cipher suite: TLS_ECDH_ECDSA_WITH_AES_256_CBC_SHA384
Ignoring unavailable cipher suite: TLS_ECDHE_RSA_WITH_AES_256_CBC_SHA384
Ignoring unavailable cipher suite: TLS_ECDH_RSA_WITH_AES_256_CBC_SHA
Ignoring unavailable cipher suite: TLS_ECDH_RSA_WITH_AES_256_GCM_SHA384
Ignoring unavailable cipher suite: TLS_ECDHE_ECDSA_WITH_AES_256_CBC_SHA384
Ignoring unavailable cipher suite: TLS_DHE_RSA_WITH_AES_256_CBC_SHA256
Ignoring unavailable cipher suite: TLS_ECDHE_ECDSA_WITH_AES_256_CBC_SHA
Ignoring unavailable cipher suite: TLS_DHE_DSS_WITH_AES_256_CBC_SHA256
Ignoring unavailable cipher suite: TLS_DHE_RSA_WITH_AES_256_CBC_SHA
Ignoring unavailable cipher suite: TLS_ECDHE_RSA_WITH_AES_256_CBC_SHA
Ignoring unavailable cipher suite: TLS_ECDHE_RSA_WITH_AES_256_GCM_SHA384
trigger seeding of SecureRandom
done seeding SecureRandom
Ignoring unavailable cipher suite: TLS_DHE_DSS_WITH_AES_256_GCM_SHA384
Ignoring unavailable cipher suite: TLS_RSA_WITH_AES_256_CBC_SHA
Ignoring unavailable cipher suite: TLS_DHE_RSA_WITH_AES_256_GCM_SHA384
Ignoring unavailable cipher suite: TLS_ECDH_ECDSA_WITH_AES_256_CBC_SHA
Ignoring unavailable cipher suite: TLS_ECDHE_ECDSA_WITH_AES_256_GCM_SHA384
Ignoring unavailable cipher suite: TLS_RSA_WITH_AES_256_CBC_SHA256
Ignoring unavailable cipher suite: TLS_DHE_DSS_WITH_AES_256_CBC_SHA
Ignoring unavailable cipher suite: TLS_ECDH_ECDSA_WITH_AES_256_GCM_SHA384
Ignoring unavailable cipher suite: TLS_ECDH_RSA_WITH_AES_256_CBC_SHA384
Ignoring unavailable cipher suite: TLS_RSA_WITH_AES_256_GCM_SHA384
Ignoring unavailable cipher suite: TLS_ECDH_ECDSA_WITH_AES_256_CBC_SHA384
Ignoring unavailable cipher suite: TLS_ECDHE_RSA_WITH_AES_256_CBC_SHA384
Ignoring unavailable cipher suite: TLS_ECDH_RSA_WITH_AES_256_CBC_SHA
Ignoring unavailable cipher suite: TLS_ECDH_RSA_WITH_AES_256_GCM_SHA384
Ignoring unavailable cipher suite: TLS_ECDHE_ECDSA_WITH_AES_256_CBC_SHA384
Ignoring unavailable cipher suite: TLS_DHE_RSA_WITH_AES_256_CBC_SHA256
Ignoring unavailable cipher suite: TLS_ECDHE_ECDSA_WITH_AES_256_CBC_SHA
Ignoring unavailable cipher suite: TLS_DHE_DSS_WITH_AES_256_CBC_SHA256
Ignoring unavailable cipher suite: TLS_DHE_RSA_WITH_AES_256_CBC_SHA
Ignoring unavailable cipher suite: TLS_ECDHE_RSA_WITH_AES_256_CBC_SHA
Ignoring unavailable cipher suite: TLS_ECDHE_RSA_WITH_AES_256_GCM_SHA384
Ignoring unavailable cipher suite: TLS_DHE_DSS_WITH_AES_256_GCM_SHA384
Ignoring unavailable cipher suite: TLS_DH_anon_WITH_AES_256_CBC_SHA
Ignoring unavailable cipher suite: TLS_DH_anon_WITH_AES_256_CBC_SHA256
Ignoring unavailable cipher suite: TLS_RSA_WITH_AES_256_CBC_SHA
Ignoring unavailable cipher suite: TLS_DHE_RSA_WITH_AES_256_GCM_SHA384
Ignoring unavailable cipher suite: TLS_ECDH_ECDSA_WITH_AES_256_CBC_SHA
Ignoring unavailable cipher suite: TLS_ECDHE_ECDSA_WITH_AES_256_GCM_SHA384
Ignoring unavailable cipher suite: TLS_RSA_WITH_AES_256_CBC_SHA256
Ignoring unavailable cipher suite: TLS_DHE_DSS_WITH_AES_256_CBC_SHA
Ignoring unavailable cipher suite: TLS_ECDH_ECDSA_WITH_AES_256_GCM_SHA384
Ignoring unavailable cipher suite: TLS_ECDH_RSA_WITH_AES_256_CBC_SHA384
Ignoring unavailable cipher suite: TLS_RSA_WITH_AES_256_GCM_SHA384
Ignoring unavailable cipher suite: TLS_ECDH_ECDSA_WITH_AES_256_CBC_SHA384
Ignoring unavailable cipher suite: TLS_ECDH_anon_WITH_AES_256_CBC_SHA
Ignoring unavailable cipher suite: TLS_ECDHE_RSA_WITH_AES_256_CBC_SHA384
Ignoring unavailable cipher suite: TLS_ECDH_RSA_WITH_AES_256_CBC_SHA
Ignoring unavailable cipher suite: TLS_ECDH_RSA_WITH_AES_256_GCM_SHA384
Ignoring unavailable cipher suite: TLS_ECDHE_ECDSA_WITH_AES_256_CBC_SHA384
Ignoring unavailable cipher suite: TLS_DHE_RSA_WITH_AES_256_CBC_SHA256
Ignoring unavailable cipher suite: TLS_ECDHE_ECDSA_WITH_AES_256_CBC_SHA
Ignoring unavailable cipher suite: TLS_DHE_DSS_WITH_AES_256_CBC_SHA256
Ignoring unavailable cipher suite: TLS_DHE_RSA_WITH_AES_256_CBC_SHA
Ignoring unavailable cipher suite: TLS_ECDHE_RSA_WITH_AES_256_CBC_SHA
Ignoring unavailable cipher suite: TLS_ECDHE_RSA_WITH_AES_256_GCM_SHA384
Ignoring unavailable cipher suite: TLS_DH_anon_WITH_AES_256_GCM_SHA384
trigger seeding of SecureRandom
done seeding SecureRandom
Ignoring unavailable cipher suite: TLS_DHE_DSS_WITH_AES_256_GCM_SHA384
Ignoring unavailable cipher suite: TLS_RSA_WITH_AES_256_CBC_SHA
Ignoring unavailable cipher suite: TLS_DHE_RSA_WITH_AES_256_GCM_SHA384
Ignoring unavailable cipher suite: TLS_ECDH_ECDSA_WITH_AES_256_CBC_SHA
Ignoring unavailable cipher suite: TLS_ECDHE_ECDSA_WITH_AES_256_GCM_SHA384
Ignoring unavailable cipher suite: TLS_RSA_WITH_AES_256_CBC_SHA256
Ignoring unavailable cipher suite: TLS_DHE_DSS_WITH_AES_256_CBC_SHA
Ignoring unavailable cipher suite: TLS_ECDH_ECDSA_WITH_AES_256_GCM_SHA384
Ignoring unavailable cipher suite: TLS_ECDH_RSA_WITH_AES_256_CBC_SHA384
Ignoring unavailable cipher suite: TLS_RSA_WITH_AES_256_GCM_SHA384
Ignoring unavailable cipher suite: TLS_ECDH_ECDSA_WITH_AES_256_CBC_SHA384
Ignoring unavailable cipher suite: TLS_ECDHE_RSA_WITH_AES_256_CBC_SHA384
Ignoring unavailable cipher suite: TLS_ECDH_RSA_WITH_AES_256_CBC_SHA
Ignoring unavailable cipher suite: TLS_ECDH_RSA_WITH_AES_256_GCM_SHA384
Ignoring unavailable cipher suite: TLS_ECDHE_ECDSA_WITH_AES_256_CBC_SHA384
Ignoring unavailable cipher suite: TLS_DHE_RSA_WITH_AES_256_CBC_SHA256
Ignoring unavailable cipher suite: TLS_ECDHE_ECDSA_WITH_AES_256_CBC_SHA
Ignoring unavailable cipher suite: TLS_DHE_DSS_WITH_AES_256_CBC_SHA256
Ignoring unavailable cipher suite: TLS_DHE_RSA_WITH_AES_256_CBC_SHA
Ignoring unavailable cipher suite: TLS_ECDHE_RSA_WITH_AES_256_CBC_SHA
Ignoring unavailable cipher suite: TLS_ECDHE_RSA_WITH_AES_256_GCM_SHA384
Ignoring unavailable cipher suite: TLS_DHE_DSS_WITH_AES_256_GCM_SHA384
Ignoring unavailable cipher suite: TLS_DH_anon_WITH_AES_256_CBC_SHA
Ignoring unavailable cipher suite: TLS_DH_anon_WITH_AES_256_CBC_SHA256
Ignoring unavailable cipher suite: TLS_RSA_WITH_AES_256_CBC_SHA
Ignoring unavailable cipher suite: TLS_DHE_RSA_WITH_AES_256_GCM_SHA384
Ignoring unavailable cipher suite: TLS_ECDH_ECDSA_WITH_AES_256_CBC_SHA
Ignoring unavailable cipher suite: TLS_ECDHE_ECDSA_WITH_AES_256_GCM_SHA384
Ignoring unavailable cipher suite: TLS_RSA_WITH_AES_256_CBC_SHA256
Ignoring unavailable cipher suite: TLS_DHE_DSS_WITH_AES_256_CBC_SHA
Ignoring unavailable cipher suite: TLS_ECDH_ECDSA_WITH_AES_256_GCM_SHA384
Ignoring unavailable cipher suite: TLS_ECDH_RSA_WITH_AES_256_CBC_SHA384
Ignoring unavailable cipher suite: TLS_RSA_WITH_AES_256_GCM_SHA384
Ignoring unavailable cipher suite: TLS_ECDH_ECDSA_WITH_AES_256_CBC_SHA384
Ignoring unavailable cipher suite: TLS_ECDH_anon_WITH_AES_256_CBC_SHA
Ignoring unavailable cipher suite: TLS_ECDHE_RSA_WITH_AES_256_CBC_SHA384
Ignoring unavailable cipher suite: TLS_ECDH_RSA_WITH_AES_256_CBC_SHA
Ignoring unavailable cipher suite: TLS_ECDH_RSA_WITH_AES_256_GCM_SHA384
Ignoring unavailable cipher suite: TLS_ECDHE_ECDSA_WITH_AES_256_CBC_SHA384
Ignoring unavailable cipher suite: TLS_DHE_RSA_WITH_AES_256_CBC_SHA256
Ignoring unavailable cipher suite: TLS_ECDHE_ECDSA_WITH_AES_256_CBC_SHA
Ignoring unavailable cipher suite: TLS_DHE_DSS_WITH_AES_256_CBC_SHA256
Ignoring unavailable cipher suite: TLS_DHE_RSA_WITH_AES_256_CBC_SHA
Ignoring unavailable cipher suite: TLS_ECDHE_RSA_WITH_AES_256_CBC_SHA
Ignoring unavailable cipher suite: TLS_ECDHE_RSA_WITH_AES_256_GCM_SHA384
Ignoring unavailable cipher suite: TLS_DH_anon_WITH_AES_256_GCM_SHA384
Using SSLEngineImpl.
Ignoring unavailable cipher suite: TLS_DHE_DSS_WITH_AES_256_GCM_SHA384
Ignoring unavailable cipher suite: TLS_RSA_WITH_AES_256_CBC_SHA
Ignoring unavailable cipher suite: TLS_DHE_RSA_WITH_AES_256_GCM_SHA384
Ignoring unavailable cipher suite: TLS_ECDH_ECDSA_WITH_AES_256_CBC_SHA
Ignoring unavailable cipher suite: TLS_ECDHE_ECDSA_WITH_AES_256_GCM_SHA384
Ignoring unavailable cipher suite: TLS_RSA_WITH_AES_256_CBC_SHA256
Ignoring unavailable cipher suite: TLS_DHE_DSS_WITH_AES_256_CBC_SHA
Ignoring unavailable cipher suite: TLS_ECDH_ECDSA_WITH_AES_256_GCM_SHA384
Ignoring unavailable cipher suite: TLS_ECDH_RSA_WITH_AES_256_CBC_SHA384
Ignoring unavailable cipher suite: TLS_RSA_WITH_AES_256_GCM_SHA384
Ignoring unavailable cipher suite: TLS_ECDH_ECDSA_WITH_AES_256_CBC_SHA384
Ignoring unavailable cipher suite: TLS_ECDHE_RSA_WITH_AES_256_CBC_SHA384
Ignoring unavailable cipher suite: TLS_ECDH_RSA_WITH_AES_256_CBC_SHA
Ignoring unavailable cipher suite: TLS_ECDH_RSA_WITH_AES_256_GCM_SHA384
Ignoring unavailable cipher suite: TLS_ECDHE_ECDSA_WITH_AES_256_CBC_SHA384
Ignoring unavailable cipher suite: TLS_DHE_RSA_WITH_AES_256_CBC_SHA256
Ignoring unavailable cipher suite: TLS_ECDHE_ECDSA_WITH_AES_256_CBC_SHA
Ignoring unavailable cipher suite: TLS_DHE_DSS_WITH_AES_256_CBC_SHA256
Ignoring unavailable cipher suite: TLS_DHE_RSA_WITH_AES_256_CBC_SHA
Ignoring unavailable cipher suite: TLS_ECDHE_RSA_WITH_AES_256_CBC_SHA
Ignoring unavailable cipher suite: TLS_ECDHE_RSA_WITH_AES_256_GCM_SHA384
2021-11-08 11:07:34,702 [myid:] - WARN  [nioEventLoopGroup-4-2:ChannelInitializer@97] - Failed to initialize a channel. Closing: [id: 0x6454b3a6, L:/127.0.0.1:30073 - R:/127.0.0.1:1045]
java.lang.IllegalArgumentException: Cannot support TLS_ECDHE_ECDSA_WITH_AES_256_CBC_SHA384 with currently installed providers
	at sun.security.ssl.CipherSuiteList.<init>(CipherSuiteList.java:92)
	at sun.security.ssl.SSLEngineImpl.setEnabledCipherSuites(SSLEngineImpl.java:2038)
	at io.netty.handler.ssl.JdkSslContext.configureAndWrapEngine(JdkSslContext.java:341)
	at io.netty.handler.ssl.JdkSslContext.newEngine(JdkSslContext.java:331)
	at io.netty.handler.ssl.SslContext.newHandler(SslContext.java:956)
	at io.netty.handler.ssl.SslContext.newHandler(SslContext.java:948)
	at org.apache.zookeeper.server.NettyServerCnxnFactory.initSSL(NettyServerCnxnFactory.java:575)
	at org.apache.zookeeper.server.NettyServerCnxnFactory.access$1300(NettyServerCnxnFactory.java:80)
	at org.apache.zookeeper.server.NettyServerCnxnFactory$1.initChannel(NettyServerCnxnFactory.java:540)
	at org.apache.zookeeper.server.NettyServerCnxnFactory$1.initChannel(NettyServerCnxnFactory.java:532)
	at io.netty.channel.ChannelInitializer.initChannel(ChannelInitializer.java:129)
	at io.netty.channel.ChannelInitializer.handlerAdded(ChannelInitializer.java:112)
	at io.netty.channel.AbstractChannelHandlerContext.callHandlerAdded(AbstractChannelHandlerContext.java:938)
	at io.netty.channel.DefaultChannelPipeline.callHandlerAdded0(DefaultChannelPipeline.java:609)
	at io.netty.channel.DefaultChannelPipeline.access$100(DefaultChannelPipeline.java:46)
	at io.netty.channel.DefaultChannelPipeline$PendingHandlerAddedTask.execute(DefaultChannelPipeline.java:1463)
	at io.netty.channel.DefaultChannelPipeline.callHandlerAddedForAllHandlers(DefaultChannelPipeline.java:1115)
	at io.netty.channel.DefaultChannelPipeline.invokeHandlerAddedIfNeeded(DefaultChannelPipeline.java:650)
	at io.netty.channel.AbstractChannel$AbstractUnsafe.register0(AbstractChannel.java:502)
	at io.netty.channel.AbstractChannel$AbstractUnsafe.access$200(AbstractChannel.java:417)
	at io.netty.channel.AbstractChannel$AbstractUnsafe$1.run(AbstractChannel.java:474)
	at io.netty.util.concurrent.AbstractEventExecutor.safeExecute(AbstractEventExecutor.java:164)
	at io.netty.util.concurrent.SingleThreadEventExecutor.runAllTasks(SingleThreadEventExecutor.java:472)
	at io.netty.channel.nio.NioEventLoop.run(NioEventLoop.java:500)
	at io.netty.util.concurrent.SingleThreadEventExecutor$4.run(SingleThreadEventExecutor.java:989)
	at io.netty.util.internal.ThreadExecutorMap$2.run(ThreadExecutorMap.java:74)
	at io.netty.util.concurrent.FastThreadLocalRunnable.run(FastThreadLocalRunnable.java:30)
	at java.lang.Thread.run(Thread.java:745)
nioEventLoopGroup-5-1, called closeOutbound()
nioEventLoopGroup-5-1, closeOutboundInternal()
nioEventLoopGroup-5-1, SEND TLSv1.2 ALERT:  warning, description = close_notify
nioEventLoopGroup-5-1, WRITE: TLSv1.2 Alert, length = 2
nioEventLoopGroup-5-1, called closeInbound()
nioEventLoopGroup-5-1, fatal error: 80: Inbound closed before receiving peer's close_notify: possible truncation attack?
javax.net.ssl.SSLException: Inbound closed before receiving peer's close_notify: possible truncation attack?
nioEventLoopGroup-5-1, SEND TLSv1.2 ALERT:  fatal, description = internal_error
nioEventLoopGroup-5-1, Exception sending alert: java.io.IOException: writer side was already closed.
2021-11-08 11:07:34,708 [myid:127.0.0.1:30073] - INFO  [nioEventLoopGroup-5-1:ClientCnxnSocketNetty$ZKClientHandler@469] - channel is disconnected: [id: 0xc19ca25e, L:/127.0.0.1:1045 ! R:xmind.net/127.0.0.1:30073]
2021-11-08 11:07:34,709 [myid:127.0.0.1:30073] - INFO  [nioEventLoopGroup-5-1:ClientCnxnSocketNetty@249] - channel is told closing
2021-11-08 11:07:34,709 [myid:127.0.0.1:30073] - WARN  [main-SendThread(127.0.0.1:30073):ClientCnxn$SendThread@1290] - Session 0x0 for sever xmind.net/127.0.0.1:30073, Closing socket connection. Attempting reconnect except it is a SessionExpiredException.
EndOfStreamException: channel for sessionid 0x0 is lost
	at org.apache.zookeeper.ClientCnxnSocketNetty.doTransport(ClientCnxnSocketNetty.java:285)
	at org.apache.zookeeper.ClientCnxn$SendThread.run(ClientCnxn.java:1280)
2021-11-08 11:07:36,149 [myid:127.0.0.1:30073] - INFO  [main-SendThread(127.0.0.1:30073):ClientCnxn$SendThread@1171] - Opening socket connection to server xmind.net/127.0.0.1:30073.
2021-11-08 11:07:36,149 [myid:127.0.0.1:30073] - INFO  [main-SendThread(127.0.0.1:30073):ClientCnxn$SendThread@1173] - SASL config status: Will not attempt to authenticate using SASL (unknown error)
adding as trusted cert:
  Subject: CN=localhost, OU=ZooKeeper, O=Apache, L=Unknown, ST=Unknown, C=Unknown
  Issuer:  CN=localhost, OU=ZooKeeper, O=Apache, L=Unknown, ST=Unknown, C=Unknown
  Algorithm: RSA; Serial number: 0x7334b506
  Valid from Sat Jan 31 02:57:30 CST 2015 until Wed Feb 08 02:57:30 CST 3015

trigger seeding of SecureRandom
done seeding SecureRandom
Using SSLEngineImpl.
Ignoring unavailable cipher suite: TLS_DHE_DSS_WITH_AES_256_GCM_SHA384
Ignoring unavailable cipher suite: TLS_RSA_WITH_AES_256_CBC_SHA
Ignoring unavailable cipher suite: TLS_DHE_RSA_WITH_AES_256_GCM_SHA384
Ignoring unavailable cipher suite: TLS_ECDH_ECDSA_WITH_AES_256_CBC_SHA
Ignoring unavailable cipher suite: TLS_ECDHE_ECDSA_WITH_AES_256_GCM_SHA384
Ignoring unavailable cipher suite: TLS_RSA_WITH_AES_256_CBC_SHA256
Ignoring unavailable cipher suite: TLS_DHE_DSS_WITH_AES_256_CBC_SHA
Ignoring unavailable cipher suite: TLS_ECDH_ECDSA_WITH_AES_256_GCM_SHA384
Ignoring unavailable cipher suite: TLS_ECDH_RSA_WITH_AES_256_CBC_SHA384
Ignoring unavailable cipher suite: TLS_RSA_WITH_AES_256_GCM_SHA384
Ignoring unavailable cipher suite: TLS_ECDH_ECDSA_WITH_AES_256_CBC_SHA384
Ignoring unavailable cipher suite: TLS_ECDHE_RSA_WITH_AES_256_CBC_SHA384
Ignoring unavailable cipher suite: TLS_ECDH_RSA_WITH_AES_256_CBC_SHA
Ignoring unavailable cipher suite: TLS_ECDH_RSA_WITH_AES_256_GCM_SHA384
Ignoring unavailable cipher suite: TLS_ECDHE_ECDSA_WITH_AES_256_CBC_SHA384
Ignoring unavailable cipher suite: TLS_DHE_RSA_WITH_AES_256_CBC_SHA256
Ignoring unavailable cipher suite: TLS_ECDHE_ECDSA_WITH_AES_256_CBC_SHA
Ignoring unavailable cipher suite: TLS_DHE_DSS_WITH_AES_256_CBC_SHA256
Ignoring unavailable cipher suite: TLS_DHE_RSA_WITH_AES_256_CBC_SHA
Ignoring unavailable cipher suite: TLS_ECDHE_RSA_WITH_AES_256_CBC_SHA
Ignoring unavailable cipher suite: TLS_ECDHE_RSA_WITH_AES_256_GCM_SHA384
2021-11-08 11:07:36,151 [myid:127.0.0.1:30073] - INFO  [nioEventLoopGroup-5-1:ClientCnxnSocketNetty$ZKClientPipelineFactory@454] - SSL handler added for channel: [id: 0x5abecba4]
2021-11-08 11:07:36,152 [myid:127.0.0.1:30073] - INFO  [nioEventLoopGroup-5-1:ClientCnxn$SendThread@1005] - Socket connection established, initiating session, client: /127.0.0.1:1102, server: xmind.net/127.0.0.1:30073
2021-11-08 11:07:36,152 [myid:127.0.0.1:30073] - INFO  [nioEventLoopGroup-5-1:ClientCnxnSocketNetty$1@184] - channel is connected: [id: 0x5abecba4, L:/127.0.0.1:1102 - R:xmind.net/127.0.0.1:30073]
Allow unsafe renegotiation: false
Allow legacy hello messages: true
Is initial handshake: true
Is secure renegotiation: false
Ignoring unsupported cipher suite: TLS_ECDHE_ECDSA_WITH_AES_128_CBC_SHA256 for TLSv1
Ignoring unsupported cipher suite: TLS_ECDHE_RSA_WITH_AES_128_CBC_SHA256 for TLSv1
Ignoring unsupported cipher suite: TLS_RSA_WITH_AES_128_CBC_SHA256 for TLSv1
Ignoring unsupported cipher suite: TLS_ECDH_ECDSA_WITH_AES_128_CBC_SHA256 for TLSv1
Ignoring unsupported cipher suite: TLS_ECDH_RSA_WITH_AES_128_CBC_SHA256 for TLSv1
Ignoring unsupported cipher suite: TLS_DHE_RSA_WITH_AES_128_CBC_SHA256 for TLSv1
Ignoring unsupported cipher suite: TLS_DHE_DSS_WITH_AES_128_CBC_SHA256 for TLSv1
Ignoring unsupported cipher suite: TLS_ECDHE_ECDSA_WITH_AES_128_CBC_SHA256 for TLSv1.1
Ignoring unsupported cipher suite: TLS_ECDHE_RSA_WITH_AES_128_CBC_SHA256 for TLSv1.1
Ignoring unsupported cipher suite: TLS_RSA_WITH_AES_128_CBC_SHA256 for TLSv1.1
Ignoring unsupported cipher suite: TLS_ECDH_ECDSA_WITH_AES_128_CBC_SHA256 for TLSv1.1
Ignoring unsupported cipher suite: TLS_ECDH_RSA_WITH_AES_128_CBC_SHA256 for TLSv1.1
Ignoring unsupported cipher suite: TLS_DHE_RSA_WITH_AES_128_CBC_SHA256 for TLSv1.1
Ignoring unsupported cipher suite: TLS_DHE_DSS_WITH_AES_128_CBC_SHA256 for TLSv1.1
%% No cached client session
*** ClientHello, TLSv1.2
RandomCookie:  GMT: 1619498104 bytes = { 25, 44, 200, 60, 182, 125, 187, 213, 146, 194, 177, 71, 97, 12, 150, 198, 221, 28, 204, 111, 114, 29, 48, 114, 243, 226, 93, 59 }
Session ID:  {}
Cipher Suites: [TLS_ECDHE_ECDSA_WITH_AES_128_CBC_SHA256, TLS_ECDHE_RSA_WITH_AES_128_CBC_SHA256, TLS_RSA_WITH_AES_128_CBC_SHA256, TLS_ECDH_ECDSA_WITH_AES_128_CBC_SHA256, TLS_ECDH_RSA_WITH_AES_128_CBC_SHA256, TLS_DHE_RSA_WITH_AES_128_CBC_SHA256, TLS_DHE_DSS_WITH_AES_128_CBC_SHA256, TLS_ECDHE_ECDSA_WITH_AES_128_CBC_SHA, TLS_ECDHE_RSA_WITH_AES_128_CBC_SHA, TLS_RSA_WITH_AES_128_CBC_SHA, TLS_ECDH_ECDSA_WITH_AES_128_CBC_SHA, TLS_ECDH_RSA_WITH_AES_128_CBC_SHA, TLS_DHE_RSA_WITH_AES_128_CBC_SHA, TLS_DHE_DSS_WITH_AES_128_CBC_SHA, TLS_ECDHE_ECDSA_WITH_AES_128_GCM_SHA256, TLS_ECDHE_RSA_WITH_AES_128_GCM_SHA256, TLS_RSA_WITH_AES_128_GCM_SHA256, TLS_ECDH_ECDSA_WITH_AES_128_GCM_SHA256, TLS_ECDH_RSA_WITH_AES_128_GCM_SHA256, TLS_DHE_RSA_WITH_AES_128_GCM_SHA256, TLS_DHE_DSS_WITH_AES_128_GCM_SHA256, TLS_ECDHE_ECDSA_WITH_3DES_EDE_CBC_SHA, TLS_ECDHE_RSA_WITH_3DES_EDE_CBC_SHA, SSL_RSA_WITH_3DES_EDE_CBC_SHA, TLS_ECDH_ECDSA_WITH_3DES_EDE_CBC_SHA, TLS_ECDH_RSA_WITH_3DES_EDE_CBC_SHA, SSL_DHE_RSA_WITH_3DES_EDE_CBC_SHA, SSL_DHE_DSS_WITH_3DES_EDE_CBC_SHA, TLS_ECDHE_ECDSA_WITH_RC4_128_SHA, TLS_ECDHE_RSA_WITH_RC4_128_SHA, SSL_RSA_WITH_RC4_128_SHA, TLS_ECDH_ECDSA_WITH_RC4_128_SHA, TLS_ECDH_RSA_WITH_RC4_128_SHA, SSL_RSA_WITH_RC4_128_MD5, TLS_EMPTY_RENEGOTIATION_INFO_SCSV]
Compression Methods:  { 0 }
Extension elliptic_curves, curve names: {secp256r1, sect163k1, sect163r2, secp192r1, secp224r1, sect233k1, sect233r1, sect283k1, sect283r1, secp384r1, sect409k1, sect409r1, secp521r1, sect571k1, sect571r1, secp160k1, secp160r1, secp160r2, sect163r1, secp192k1, sect193r1, sect193r2, secp224k1, sect239k1, secp256k1}
Extension ec_point_formats, formats: [uncompressed]
Extension signature_algorithms, signature_algorithms: SHA512withECDSA, SHA512withRSA, SHA384withECDSA, SHA384withRSA, SHA256withECDSA, SHA256withRSA, SHA224withECDSA, SHA224withRSA, SHA1withECDSA, SHA1withRSA, SHA1withDSA, MD5withRSA
Extension server_name, server_name: [type=host_name (0), value=xmind.net]
***
nioEventLoopGroup-5-1, WRITE: TLSv1.2 Handshake, length = 225
trigger seeding of SecureRandom
done seeding SecureRandom
Using SSLEngineImpl.
Ignoring unavailable cipher suite: TLS_DHE_DSS_WITH_AES_256_GCM_SHA384
Ignoring unavailable cipher suite: TLS_RSA_WITH_AES_256_CBC_SHA
Ignoring unavailable cipher suite: TLS_DHE_RSA_WITH_AES_256_GCM_SHA384
Ignoring unavailable cipher suite: TLS_ECDH_ECDSA_WITH_AES_256_CBC_SHA
Ignoring unavailable cipher suite: TLS_ECDHE_ECDSA_WITH_AES_256_GCM_SHA384
Ignoring unavailable cipher suite: TLS_RSA_WITH_AES_256_CBC_SHA256
Ignoring unavailable cipher suite: TLS_DHE_DSS_WITH_AES_256_CBC_SHA
Ignoring unavailable cipher suite: TLS_ECDH_ECDSA_WITH_AES_256_GCM_SHA384
Ignoring unavailable cipher suite: TLS_ECDH_RSA_WITH_AES_256_CBC_SHA384
Ignoring unavailable cipher suite: TLS_RSA_WITH_AES_256_GCM_SHA384
Ignoring unavailable cipher suite: TLS_ECDH_ECDSA_WITH_AES_256_CBC_SHA384
Ignoring unavailable cipher suite: TLS_ECDHE_RSA_WITH_AES_256_CBC_SHA384
Ignoring unavailable cipher suite: TLS_ECDH_RSA_WITH_AES_256_CBC_SHA
Ignoring unavailable cipher suite: TLS_ECDH_RSA_WITH_AES_256_GCM_SHA384
Ignoring unavailable cipher suite: TLS_ECDHE_ECDSA_WITH_AES_256_CBC_SHA384
Ignoring unavailable cipher suite: TLS_DHE_RSA_WITH_AES_256_CBC_SHA256
Ignoring unavailable cipher suite: TLS_ECDHE_ECDSA_WITH_AES_256_CBC_SHA
Ignoring unavailable cipher suite: TLS_DHE_DSS_WITH_AES_256_CBC_SHA256
Ignoring unavailable cipher suite: TLS_DHE_RSA_WITH_AES_256_CBC_SHA
Ignoring unavailable cipher suite: TLS_ECDHE_RSA_WITH_AES_256_CBC_SHA
Ignoring unavailable cipher suite: TLS_ECDHE_RSA_WITH_AES_256_GCM_SHA384
2021-11-08 11:07:36,156 [myid:] - WARN  [nioEventLoopGroup-4-3:ChannelInitializer@97] - Failed to initialize a channel. Closing: [id: 0x8cfb9a52, L:/127.0.0.1:30073 - R:/127.0.0.1:1102]
java.lang.IllegalArgumentException: Cannot support TLS_ECDHE_ECDSA_WITH_AES_256_CBC_SHA384 with currently installed providers
	at sun.security.ssl.CipherSuiteList.<init>(CipherSuiteList.java:92)
	at sun.security.ssl.SSLEngineImpl.setEnabledCipherSuites(SSLEngineImpl.java:2038)
	at io.netty.handler.ssl.JdkSslContext.configureAndWrapEngine(JdkSslContext.java:341)
	at io.netty.handler.ssl.JdkSslContext.newEngine(JdkSslContext.java:331)
	at io.netty.handler.ssl.SslContext.newHandler(SslContext.java:956)
	at io.netty.handler.ssl.SslContext.newHandler(SslContext.java:948)
	at org.apache.zookeeper.server.NettyServerCnxnFactory.initSSL(NettyServerCnxnFactory.java:575)
	at org.apache.zookeeper.server.NettyServerCnxnFactory.access$1300(NettyServerCnxnFactory.java:80)
	at org.apache.zookeeper.server.NettyServerCnxnFactory$1.initChannel(NettyServerCnxnFactory.java:540)
	at org.apache.zookeeper.server.NettyServerCnxnFactory$1.initChannel(NettyServerCnxnFactory.java:532)
	at io.netty.channel.ChannelInitializer.initChannel(ChannelInitializer.java:129)
	at io.netty.channel.ChannelInitializer.handlerAdded(ChannelInitializer.java:112)
	at io.netty.channel.AbstractChannelHandlerContext.callHandlerAdded(AbstractChannelHandlerContext.java:938)
	at io.netty.channel.DefaultChannelPipeline.callHandlerAdded0(DefaultChannelPipeline.java:609)
	at io.netty.channel.DefaultChannelPipeline.access$100(DefaultChannelPipeline.java:46)
	at io.netty.channel.DefaultChannelPipeline$PendingHandlerAddedTask.execute(DefaultChannelPipeline.java:1463)
	at io.netty.channel.DefaultChannelPipeline.callHandlerAddedForAllHandlers(DefaultChannelPipeline.java:1115)
	at io.netty.channel.DefaultChannelPipeline.invokeHandlerAddedIfNeeded(DefaultChannelPipeline.java:650)
	at io.netty.channel.AbstractChannel$AbstractUnsafe.register0(AbstractChannel.java:502)
	at io.netty.channel.AbstractChannel$AbstractUnsafe.access$200(AbstractChannel.java:417)
	at io.netty.channel.AbstractChannel$AbstractUnsafe$1.run(AbstractChannel.java:474)
	at io.netty.util.concurrent.AbstractEventExecutor.safeExecute(AbstractEventExecutor.java:164)
	at io.netty.util.concurrent.SingleThreadEventExecutor.runAllTasks(SingleThreadEventExecutor.java:472)
	at io.netty.channel.nio.NioEventLoop.run(NioEventLoop.java:500)
	at io.netty.util.concurrent.SingleThreadEventExecutor$4.run(SingleThreadEventExecutor.java:989)
	at io.netty.util.internal.ThreadExecutorMap$2.run(ThreadExecutorMap.java:74)
	at io.netty.util.concurrent.FastThreadLocalRunnable.run(FastThreadLocalRunnable.java:30)
	at java.lang.Thread.run(Thread.java:745)
nioEventLoopGroup-5-1, called closeOutbound()
nioEventLoopGroup-5-1, closeOutboundInternal()
nioEventLoopGroup-5-1, SEND TLSv1.2 ALERT:  warning, description = close_notify
nioEventLoopGroup-5-1, WRITE: TLSv1.2 Alert, length = 2
nioEventLoopGroup-5-1, called closeInbound()
nioEventLoopGroup-5-1, fatal error: 80: Inbound closed before receiving peer's close_notify: possible truncation attack?
javax.net.ssl.SSLException: Inbound closed before receiving peer's close_notify: possible truncation attack?
nioEventLoopGroup-5-1, SEND TLSv1.2 ALERT:  fatal, description = internal_error
nioEventLoopGroup-5-1, Exception sending alert: java.io.IOException: writer side was already closed.
2021-11-08 11:07:36,157 [myid:127.0.0.1:30073] - INFO  [nioEventLoopGroup-5-1:ClientCnxnSocketNetty$ZKClientHandler@469] - channel is disconnected: [id: 0x5abecba4, L:/127.0.0.1:1102 ! R:xmind.net/127.0.0.1:30073]
2021-11-08 11:07:36,157 [myid:127.0.0.1:30073] - INFO  [nioEventLoopGroup-5-1:ClientCnxnSocketNetty@249] - channel is told closing
2021-11-08 11:07:36,158 [myid:127.0.0.1:30073] - WARN  [main-SendThread(127.0.0.1:30073):ClientCnxn$SendThread@1290] - Session 0x0 for sever xmind.net/127.0.0.1:30073, Closing socket connection. Attempting reconnect except it is a SessionExpiredException.
EndOfStreamException: channel for sessionid 0x0 is lost
	at org.apache.zookeeper.ClientCnxnSocketNetty.doTransport(ClientCnxnSocketNetty.java:285)
	at org.apache.zookeeper.ClientCnxn$SendThread.run(ClientCnxn.java:1280)
2021-11-08 11:07:37,673 [myid:127.0.0.1:30073] - INFO  [main-SendThread(127.0.0.1:30073):ClientCnxn$SendThread@1171] - Opening socket connection to server xmind.net/127.0.0.1:30073.
2021-11-08 11:07:37,673 [myid:127.0.0.1:30073] - INFO  [main-SendThread(127.0.0.1:30073):ClientCnxn$SendThread@1173] - SASL config status: Will not attempt to authenticate using SASL (unknown error)
adding as trusted cert:
  Subject: CN=localhost, OU=ZooKeeper, O=Apache, L=Unknown, ST=Unknown, C=Unknown
  Issuer:  CN=localhost, OU=ZooKeeper, O=Apache, L=Unknown, ST=Unknown, C=Unknown
  Algorithm: RSA; Serial number: 0x7334b506
  Valid from Sat Jan 31 02:57:30 CST 2015 until Wed Feb 08 02:57:30 CST 3015

trigger seeding of SecureRandom
done seeding SecureRandom
Using SSLEngineImpl.
Ignoring unavailable cipher suite: TLS_DHE_DSS_WITH_AES_256_GCM_SHA384
Ignoring unavailable cipher suite: TLS_RSA_WITH_AES_256_CBC_SHA
Ignoring unavailable cipher suite: TLS_DHE_RSA_WITH_AES_256_GCM_SHA384
Ignoring unavailable cipher suite: TLS_ECDH_ECDSA_WITH_AES_256_CBC_SHA
Ignoring unavailable cipher suite: TLS_ECDHE_ECDSA_WITH_AES_256_GCM_SHA384
Ignoring unavailable cipher suite: TLS_RSA_WITH_AES_256_CBC_SHA256
Ignoring unavailable cipher suite: TLS_DHE_DSS_WITH_AES_256_CBC_SHA
Ignoring unavailable cipher suite: TLS_ECDH_ECDSA_WITH_AES_256_GCM_SHA384
Ignoring unavailable cipher suite: TLS_ECDH_RSA_WITH_AES_256_CBC_SHA384
Ignoring unavailable cipher suite: TLS_RSA_WITH_AES_256_GCM_SHA384
Ignoring unavailable cipher suite: TLS_ECDH_ECDSA_WITH_AES_256_CBC_SHA384
Ignoring unavailable cipher suite: TLS_ECDHE_RSA_WITH_AES_256_CBC_SHA384
Ignoring unavailable cipher suite: TLS_ECDH_RSA_WITH_AES_256_CBC_SHA
Ignoring unavailable cipher suite: TLS_ECDH_RSA_WITH_AES_256_GCM_SHA384
Ignoring unavailable cipher suite: TLS_ECDHE_ECDSA_WITH_AES_256_CBC_SHA384
Ignoring unavailable cipher suite: TLS_DHE_RSA_WITH_AES_256_CBC_SHA256
Ignoring unavailable cipher suite: TLS_ECDHE_ECDSA_WITH_AES_256_CBC_SHA
Ignoring unavailable cipher suite: TLS_DHE_DSS_WITH_AES_256_CBC_SHA256
Ignoring unavailable cipher suite: TLS_DHE_RSA_WITH_AES_256_CBC_SHA
Ignoring unavailable cipher suite: TLS_ECDHE_RSA_WITH_AES_256_CBC_SHA
Ignoring unavailable cipher suite: TLS_ECDHE_RSA_WITH_AES_256_GCM_SHA384
2021-11-08 11:07:37,675 [myid:127.0.0.1:30073] - INFO  [nioEventLoopGroup-5-1:ClientCnxnSocketNetty$ZKClientPipelineFactory@454] - SSL handler added for channel: [id: 0x0675a84f]
2021-11-08 11:07:37,676 [myid:127.0.0.1:30073] - INFO  [nioEventLoopGroup-5-1:ClientCnxn$SendThread@1005] - Socket connection established, initiating session, client: /127.0.0.1:1126, server: xmind.net/127.0.0.1:30073
2021-11-08 11:07:37,676 [myid:127.0.0.1:30073] - INFO  [nioEventLoopGroup-5-1:ClientCnxnSocketNetty$1@184] - channel is connected: [id: 0x0675a84f, L:/127.0.0.1:1126 - R:xmind.net/127.0.0.1:30073]
Allow unsafe renegotiation: false
Allow legacy hello messages: true
Is initial handshake: true
Is secure renegotiation: false
Ignoring unsupported cipher suite: TLS_ECDHE_ECDSA_WITH_AES_128_CBC_SHA256 for TLSv1
Ignoring unsupported cipher suite: TLS_ECDHE_RSA_WITH_AES_128_CBC_SHA256 for TLSv1
Ignoring unsupported cipher suite: TLS_RSA_WITH_AES_128_CBC_SHA256 for TLSv1
Ignoring unsupported cipher suite: TLS_ECDH_ECDSA_WITH_AES_128_CBC_SHA256 for TLSv1
Ignoring unsupported cipher suite: TLS_ECDH_RSA_WITH_AES_128_CBC_SHA256 for TLSv1
Ignoring unsupported cipher suite: TLS_DHE_RSA_WITH_AES_128_CBC_SHA256 for TLSv1
Ignoring unsupported cipher suite: TLS_DHE_DSS_WITH_AES_128_CBC_SHA256 for TLSv1
Ignoring unsupported cipher suite: TLS_ECDHE_ECDSA_WITH_AES_128_CBC_SHA256 for TLSv1.1
Ignoring unsupported cipher suite: TLS_ECDHE_RSA_WITH_AES_128_CBC_SHA256 for TLSv1.1
Ignoring unsupported cipher suite: TLS_RSA_WITH_AES_128_CBC_SHA256 for TLSv1.1
Ignoring unsupported cipher suite: TLS_ECDH_ECDSA_WITH_AES_128_CBC_SHA256 for TLSv1.1
Ignoring unsupported cipher suite: TLS_ECDH_RSA_WITH_AES_128_CBC_SHA256 for TLSv1.1
Ignoring unsupported cipher suite: TLS_DHE_RSA_WITH_AES_128_CBC_SHA256 for TLSv1.1
Ignoring unsupported cipher suite: TLS_DHE_DSS_WITH_AES_128_CBC_SHA256 for TLSv1.1
%% No cached client session
*** ClientHello, TLSv1.2
RandomCookie:  GMT: 1619498105 bytes = { 26, 105, 122, 105, 252, 73, 244, 241, 169, 132, 51, 56, 93, 242, 85, 255, 95, 173, 59, 245, 95, 83, 240, 22, 1, 132, 77, 57 }
Session ID:  {}
Cipher Suites: [TLS_ECDHE_ECDSA_WITH_AES_128_CBC_SHA256, TLS_ECDHE_RSA_WITH_AES_128_CBC_SHA256, TLS_RSA_WITH_AES_128_CBC_SHA256, TLS_ECDH_ECDSA_WITH_AES_128_CBC_SHA256, TLS_ECDH_RSA_WITH_AES_128_CBC_SHA256, TLS_DHE_RSA_WITH_AES_128_CBC_SHA256, TLS_DHE_DSS_WITH_AES_128_CBC_SHA256, TLS_ECDHE_ECDSA_WITH_AES_128_CBC_SHA, TLS_ECDHE_RSA_WITH_AES_128_CBC_SHA, TLS_RSA_WITH_AES_128_CBC_SHA, TLS_ECDH_ECDSA_WITH_AES_128_CBC_SHA, TLS_ECDH_RSA_WITH_AES_128_CBC_SHA, TLS_DHE_RSA_WITH_AES_128_CBC_SHA, TLS_DHE_DSS_WITH_AES_128_CBC_SHA, TLS_ECDHE_ECDSA_WITH_AES_128_GCM_SHA256, TLS_ECDHE_RSA_WITH_AES_128_GCM_SHA256, TLS_RSA_WITH_AES_128_GCM_SHA256, TLS_ECDH_ECDSA_WITH_AES_128_GCM_SHA256, TLS_ECDH_RSA_WITH_AES_128_GCM_SHA256, TLS_DHE_RSA_WITH_AES_128_GCM_SHA256, TLS_DHE_DSS_WITH_AES_128_GCM_SHA256, TLS_ECDHE_ECDSA_WITH_3DES_EDE_CBC_SHA, TLS_ECDHE_RSA_WITH_3DES_EDE_CBC_SHA, SSL_RSA_WITH_3DES_EDE_CBC_SHA, TLS_ECDH_ECDSA_WITH_3DES_EDE_CBC_SHA, TLS_ECDH_RSA_WITH_3DES_EDE_CBC_SHA, SSL_DHE_RSA_WITH_3DES_EDE_CBC_SHA, SSL_DHE_DSS_WITH_3DES_EDE_CBC_SHA, TLS_ECDHE_ECDSA_WITH_RC4_128_SHA, TLS_ECDHE_RSA_WITH_RC4_128_SHA, SSL_RSA_WITH_RC4_128_SHA, TLS_ECDH_ECDSA_WITH_RC4_128_SHA, TLS_ECDH_RSA_WITH_RC4_128_SHA, SSL_RSA_WITH_RC4_128_MD5, TLS_EMPTY_RENEGOTIATION_INFO_SCSV]
Compression Methods:  { 0 }
Extension elliptic_curves, curve names: {secp256r1, sect163k1, sect163r2, secp192r1, secp224r1, sect233k1, sect233r1, sect283k1, sect283r1, secp384r1, sect409k1, sect409r1, secp521r1, sect571k1, sect571r1, secp160k1, secp160r1, secp160r2, sect163r1, secp192k1, sect193r1, sect193r2, secp224k1, sect239k1, secp256k1}
Extension ec_point_formats, formats: [uncompressed]
Extension signature_algorithms, signature_algorithms: SHA512withECDSA, SHA512withRSA, SHA384withECDSA, SHA384withRSA, SHA256withECDSA, SHA256withRSA, SHA224withECDSA, SHA224withRSA, SHA1withECDSA, SHA1withRSA, SHA1withDSA, MD5withRSA
Extension server_name, server_name: [type=host_name (0), value=xmind.net]
***
nioEventLoopGroup-5-1, WRITE: TLSv1.2 Handshake, length = 225
trigger seeding of SecureRandom
done seeding SecureRandom
Using SSLEngineImpl.
Ignoring unavailable cipher suite: TLS_DHE_DSS_WITH_AES_256_GCM_SHA384
Ignoring unavailable cipher suite: TLS_RSA_WITH_AES_256_CBC_SHA
Ignoring unavailable cipher suite: TLS_DHE_RSA_WITH_AES_256_GCM_SHA384
Ignoring unavailable cipher suite: TLS_ECDH_ECDSA_WITH_AES_256_CBC_SHA
Ignoring unavailable cipher suite: TLS_ECDHE_ECDSA_WITH_AES_256_GCM_SHA384
Ignoring unavailable cipher suite: TLS_RSA_WITH_AES_256_CBC_SHA256
Ignoring unavailable cipher suite: TLS_DHE_DSS_WITH_AES_256_CBC_SHA
Ignoring unavailable cipher suite: TLS_ECDH_ECDSA_WITH_AES_256_GCM_SHA384
Ignoring unavailable cipher suite: TLS_ECDH_RSA_WITH_AES_256_CBC_SHA384
Ignoring unavailable cipher suite: TLS_RSA_WITH_AES_256_GCM_SHA384
Ignoring unavailable cipher suite: TLS_ECDH_ECDSA_WITH_AES_256_CBC_SHA384
Ignoring unavailable cipher suite: TLS_ECDHE_RSA_WITH_AES_256_CBC_SHA384
Ignoring unavailable cipher suite: TLS_ECDH_RSA_WITH_AES_256_CBC_SHA
Ignoring unavailable cipher suite: TLS_ECDH_RSA_WITH_AES_256_GCM_SHA384
Ignoring unavailable cipher suite: TLS_ECDHE_ECDSA_WITH_AES_256_CBC_SHA384
Ignoring unavailable cipher suite: TLS_DHE_RSA_WITH_AES_256_CBC_SHA256
Ignoring unavailable cipher suite: TLS_ECDHE_ECDSA_WITH_AES_256_CBC_SHA
Ignoring unavailable cipher suite: TLS_DHE_DSS_WITH_AES_256_CBC_SHA256
Ignoring unavailable cipher suite: TLS_DHE_RSA_WITH_AES_256_CBC_SHA
Ignoring unavailable cipher suite: TLS_ECDHE_RSA_WITH_AES_256_CBC_SHA
Ignoring unavailable cipher suite: TLS_ECDHE_RSA_WITH_AES_256_GCM_SHA384
2021-11-08 11:07:37,682 [myid:] - WARN  [nioEventLoopGroup-4-4:ChannelInitializer@97] - Failed to initialize a channel. Closing: [id: 0x5cb6d90c, L:/127.0.0.1:30073 - R:/127.0.0.1:1126]
java.lang.IllegalArgumentException: Cannot support TLS_ECDHE_ECDSA_WITH_AES_256_CBC_SHA384 with currently installed providers
	at sun.security.ssl.CipherSuiteList.<init>(CipherSuiteList.java:92)
	at sun.security.ssl.SSLEngineImpl.setEnabledCipherSuites(SSLEngineImpl.java:2038)
	at io.netty.handler.ssl.JdkSslContext.configureAndWrapEngine(JdkSslContext.java:341)
	at io.netty.handler.ssl.JdkSslContext.newEngine(JdkSslContext.java:331)
	at io.netty.handler.ssl.SslContext.newHandler(SslContext.java:956)
	at io.netty.handler.ssl.SslContext.newHandler(SslContext.java:948)
	at org.apache.zookeeper.server.NettyServerCnxnFactory.initSSL(NettyServerCnxnFactory.java:575)
	at org.apache.zookeeper.server.NettyServerCnxnFactory.access$1300(NettyServerCnxnFactory.java:80)
	at org.apache.zookeeper.server.NettyServerCnxnFactory$1.initChannel(NettyServerCnxnFactory.java:540)
	at org.apache.zookeeper.server.NettyServerCnxnFactory$1.initChannel(NettyServerCnxnFactory.java:532)
	at io.netty.channel.ChannelInitializer.initChannel(ChannelInitializer.java:129)
	at io.netty.channel.ChannelInitializer.handlerAdded(ChannelInitializer.java:112)
	at io.netty.channel.AbstractChannelHandlerContext.callHandlerAdded(AbstractChannelHandlerContext.java:938)
	at io.netty.channel.DefaultChannelPipeline.callHandlerAdded0(DefaultChannelPipeline.java:609)
	at io.netty.channel.DefaultChannelPipeline.access$100(DefaultChannelPipeline.java:46)
	at io.netty.channel.DefaultChannelPipeline$PendingHandlerAddedTask.execute(DefaultChannelPipeline.java:1463)
	at io.netty.channel.DefaultChannelPipeline.callHandlerAddedForAllHandlers(DefaultChannelPipeline.java:1115)
	at io.netty.channel.DefaultChannelPipeline.invokeHandlerAddedIfNeeded(DefaultChannelPipeline.java:650)
	at io.netty.channel.AbstractChannel$AbstractUnsafe.register0(AbstractChannel.java:502)
	at io.netty.channel.AbstractChannel$AbstractUnsafe.access$200(AbstractChannel.java:417)
	at io.netty.channel.AbstractChannel$AbstractUnsafe$1.run(AbstractChannel.java:474)
	at io.netty.util.concurrent.AbstractEventExecutor.safeExecute(AbstractEventExecutor.java:164)
	at io.netty.util.concurrent.SingleThreadEventExecutor.runAllTasks(SingleThreadEventExecutor.java:472)
	at io.netty.channel.nio.NioEventLoop.run(NioEventLoop.java:500)
	at io.netty.util.concurrent.SingleThreadEventExecutor$4.run(SingleThreadEventExecutor.java:989)
	at io.netty.util.internal.ThreadExecutorMap$2.run(ThreadExecutorMap.java:74)
	at io.netty.util.concurrent.FastThreadLocalRunnable.run(FastThreadLocalRunnable.java:30)
	at java.lang.Thread.run(Thread.java:745)
nioEventLoopGroup-5-1, called closeOutbound()
nioEventLoopGroup-5-1, closeOutboundInternal()
nioEventLoopGroup-5-1, SEND TLSv1.2 ALERT:  warning, description = close_notify
nioEventLoopGroup-5-1, WRITE: TLSv1.2 Alert, length = 2
nioEventLoopGroup-5-1, called closeInbound()
nioEventLoopGroup-5-1, fatal error: 80: Inbound closed before receiving peer's close_notify: possible truncation attack?
javax.net.ssl.SSLException: Inbound closed before receiving peer's close_notify: possible truncation attack?
nioEventLoopGroup-5-1, SEND TLSv1.2 ALERT:  fatal, description = internal_error
nioEventLoopGroup-5-1, Exception sending alert: java.io.IOException: writer side was already closed.
2021-11-08 11:07:37,683 [myid:127.0.0.1:30073] - INFO  [nioEventLoopGroup-5-1:ClientCnxnSocketNetty$ZKClientHandler@469] - channel is disconnected: [id: 0x0675a84f, L:/127.0.0.1:1126 ! R:xmind.net/127.0.0.1:30073]
2021-11-08 11:07:37,683 [myid:127.0.0.1:30073] - INFO  [nioEventLoopGroup-5-1:ClientCnxnSocketNetty@249] - channel is told closing
2021-11-08 11:07:37,683 [myid:127.0.0.1:30073] - WARN  [main-SendThread(127.0.0.1:30073):ClientCnxn$SendThread@1290] - Session 0x0 for sever xmind.net/127.0.0.1:30073, Closing socket connection. Attempting reconnect except it is a SessionExpiredException.
EndOfStreamException: channel for sessionid 0x0 is lost
	at org.apache.zookeeper.ClientCnxnSocketNetty.doTransport(ClientCnxnSocketNetty.java:285)
	at org.apache.zookeeper.ClientCnxn$SendThread.run(ClientCnxn.java:1280)
2021-11-08 11:07:39,663 [myid:127.0.0.1:30073] - INFO  [main-SendThread(127.0.0.1:30073):ClientCnxn$SendThread@1171] - Opening socket connection to server xmind.net/127.0.0.1:30073.
2021-11-08 11:07:39,663 [myid:127.0.0.1:30073] - INFO  [main-SendThread(127.0.0.1:30073):ClientCnxn$SendThread@1173] - SASL config status: Will not attempt to authenticate using SASL (unknown error)
adding as trusted cert:
  Subject: CN=localhost, OU=ZooKeeper, O=Apache, L=Unknown, ST=Unknown, C=Unknown
  Issuer:  CN=localhost, OU=ZooKeeper, O=Apache, L=Unknown, ST=Unknown, C=Unknown
  Algorithm: RSA; Serial number: 0x7334b506
  Valid from Sat Jan 31 02:57:30 CST 2015 until Wed Feb 08 02:57:30 CST 3015

trigger seeding of SecureRandom
done seeding SecureRandom
Using SSLEngineImpl.
Ignoring unavailable cipher suite: TLS_DHE_DSS_WITH_AES_256_GCM_SHA384
Ignoring unavailable cipher suite: TLS_RSA_WITH_AES_256_CBC_SHA
Ignoring unavailable cipher suite: TLS_DHE_RSA_WITH_AES_256_GCM_SHA384
Ignoring unavailable cipher suite: TLS_ECDH_ECDSA_WITH_AES_256_CBC_SHA
Ignoring unavailable cipher suite: TLS_ECDHE_ECDSA_WITH_AES_256_GCM_SHA384
Ignoring unavailable cipher suite: TLS_RSA_WITH_AES_256_CBC_SHA256
Ignoring unavailable cipher suite: TLS_DHE_DSS_WITH_AES_256_CBC_SHA
Ignoring unavailable cipher suite: TLS_ECDH_ECDSA_WITH_AES_256_GCM_SHA384
Ignoring unavailable cipher suite: TLS_ECDH_RSA_WITH_AES_256_CBC_SHA384
Ignoring unavailable cipher suite: TLS_RSA_WITH_AES_256_GCM_SHA384
Ignoring unavailable cipher suite: TLS_ECDH_ECDSA_WITH_AES_256_CBC_SHA384
Ignoring unavailable cipher suite: TLS_ECDHE_RSA_WITH_AES_256_CBC_SHA384
Ignoring unavailable cipher suite: TLS_ECDH_RSA_WITH_AES_256_CBC_SHA
Ignoring unavailable cipher suite: TLS_ECDH_RSA_WITH_AES_256_GCM_SHA384
Ignoring unavailable cipher suite: TLS_ECDHE_ECDSA_WITH_AES_256_CBC_SHA384
Ignoring unavailable cipher suite: TLS_DHE_RSA_WITH_AES_256_CBC_SHA256
Ignoring unavailable cipher suite: TLS_ECDHE_ECDSA_WITH_AES_256_CBC_SHA
Ignoring unavailable cipher suite: TLS_DHE_DSS_WITH_AES_256_CBC_SHA256
Ignoring unavailable cipher suite: TLS_DHE_RSA_WITH_AES_256_CBC_SHA
Ignoring unavailable cipher suite: TLS_ECDHE_RSA_WITH_AES_256_CBC_SHA
Ignoring unavailable cipher suite: TLS_ECDHE_RSA_WITH_AES_256_GCM_SHA384
2021-11-08 11:07:39,666 [myid:127.0.0.1:30073] - INFO  [nioEventLoopGroup-5-1:ClientCnxnSocketNetty$ZKClientPipelineFactory@454] - SSL handler added for channel: [id: 0x0fec48d8]
2021-11-08 11:07:39,666 [myid:127.0.0.1:30073] - INFO  [nioEventLoopGroup-5-1:ClientCnxn$SendThread@1005] - Socket connection established, initiating session, client: /127.0.0.1:1151, server: xmind.net/127.0.0.1:30073
2021-11-08 11:07:39,666 [myid:127.0.0.1:30073] - INFO  [nioEventLoopGroup-5-1:ClientCnxnSocketNetty$1@184] - channel is connected: [id: 0x0fec48d8, L:/127.0.0.1:1151 - R:xmind.net/127.0.0.1:30073]
Allow unsafe renegotiation: false
Allow legacy hello messages: true
Is initial handshake: true
Is secure renegotiation: false
Ignoring unsupported cipher suite: TLS_ECDHE_ECDSA_WITH_AES_128_CBC_SHA256 for TLSv1
Ignoring unsupported cipher suite: TLS_ECDHE_RSA_WITH_AES_128_CBC_SHA256 for TLSv1
Ignoring unsupported cipher suite: TLS_RSA_WITH_AES_128_CBC_SHA256 for TLSv1
Ignoring unsupported cipher suite: TLS_ECDH_ECDSA_WITH_AES_128_CBC_SHA256 for TLSv1
Ignoring unsupported cipher suite: TLS_ECDH_RSA_WITH_AES_128_CBC_SHA256 for TLSv1
Ignoring unsupported cipher suite: TLS_DHE_RSA_WITH_AES_128_CBC_SHA256 for TLSv1
Ignoring unsupported cipher suite: TLS_DHE_DSS_WITH_AES_128_CBC_SHA256 for TLSv1
Ignoring unsupported cipher suite: TLS_ECDHE_ECDSA_WITH_AES_128_CBC_SHA256 for TLSv1.1
Ignoring unsupported cipher suite: TLS_ECDHE_RSA_WITH_AES_128_CBC_SHA256 for TLSv1.1
Ignoring unsupported cipher suite: TLS_RSA_WITH_AES_128_CBC_SHA256 for TLSv1.1
Ignoring unsupported cipher suite: TLS_ECDH_ECDSA_WITH_AES_128_CBC_SHA256 for TLSv1.1
Ignoring unsupported cipher suite: TLS_ECDH_RSA_WITH_AES_128_CBC_SHA256 for TLSv1.1
Ignoring unsupported cipher suite: TLS_DHE_RSA_WITH_AES_128_CBC_SHA256 for TLSv1.1
Ignoring unsupported cipher suite: TLS_DHE_DSS_WITH_AES_128_CBC_SHA256 for TLSv1.1
%% No cached client session
trigger seeding of SecureRandom
done seeding SecureRandom
Using SSLEngineImpl.
*** ClientHello, TLSv1.2
RandomCookie:  GMT: 1619498107 bytes = { 86, 152, 105, 17Ignoring unavailable cipher suite: TLS_DHE_DSS_WITH_AES_256_GCM_SHA384
, 196, 67, 217, 187, 26, 44, 122, 198, 33, 234, 191, 181, 108, 39, 252, 112, 201, 154, 22Ignoring unavailable cipher suite: TLS_RSA_WITH_AES_256_CBC_SHA
, 106, 32, 248, 47, 155 }
Session ID:  {}
Cipher Suites: [TLS_ECDHE_ECDSA_WITH_AES_128_CBC_SHA256, TLS_ECDHE_RSA_WITH_AES_128_CBC_SHA256, TLS_RSA_WITH_AES_128_CBC_SHA256, TLS_ECDH_ECDSA_WITH_AES_128_CBC_SHA256, TLS_ECDH_RSA_WITH_AES_128_CBC_SHA256, TLS_DHE_RSA_WITH_AES_128_CBC_SHA256, TLS_DHE_DSS_WITH_AES_128_CBC_SHA256, TLS_ECDHE_ECDSA_WITH_AES_128_CBC_SHA, TLS_ECDHE_RSA_WITH_AES_128_CBC_SHA, TLS_RSA_WITH_AES_128_CBC_SHA, TLS_ECDH_ECDSA_WITH_AES_128_CBC_SHA, TLS_ECDH_RSA_WITH_AES_128_CBC_SHA, TLS_DHE_RSA_WITH_AES_128_CBC_SHA, TLS_DHE_DSS_WITH_AES_128_CBC_SHA, TLS_ECDHE_ECDSA_WITH_AES_128_GCM_SHA256, TLS_ECDHE_RSA_WITH_AES_128_GCM_SHA256, TLS_RSA_WITH_AES_128_GCM_SHA256, TLS_ECDH_ECDSA_WITH_AES_128_GCM_SHA256, TLS_ECDH_RSA_WITH_AES_128_GCM_SHA256, TLS_DHE_RSA_WITH_AES_128_GCM_SHA256, TLS_DHE_DSS_WITH_AES_128_GCM_SHA256, TLS_ECDHE_ECDSA_WITH_3DES_EDE_CBC_SHA, TLS_ECDHE_RSA_WITH_3DES_EDE_CBC_SHA, SSL_RSA_WITH_3DES_EDE_CBC_SHA, TLS_ECDH_ECDSA_WITH_3DES_EDE_CBC_SHA, TLS_ECDH_RSA_WITH_3DES_EDE_CBC_SHA, SSL_DHE_RSA_WITH_3DES_EDE_CBC_SHA, SSL_DHE_DSS_WITH_3DES_EDE_CBC_SHA, TLS_ECDHE_ECDSA_WITH_RC4_128_SHA, TLS_ECDHE_RSA_WITH_RC4_128_SHA, SSL_RSA_WITH_RC4_128_SHA, TLS_ECDH_ECDSA_WITH_RC4_128_SHA, TLS_ECDH_RSA_WITH_RC4_128_SHA, SSL_RSA_WITH_RC4_128_MD5, TLS_EMPTY_RENEGOTIATION_INFO_SCSV]
Compression Methods:  { 0 }
Ignoring unavailable cipher suite: TLS_DHE_RSA_WITH_AES_256_GCM_SHA384
Ignoring unavailable cipher suite: TLS_ECDH_ECDSA_WITH_AES_256_CBC_SHA
Ignoring unavailable cipher suite: TLS_ECDHE_ECDSA_WITH_AES_256_GCM_SHA384
Ignoring unavailable cipher suite: TLS_RSA_WITH_AES_256_CBC_SHA256
Ignoring unavailable cipher suite: TLS_DHE_DSS_WITH_AES_256_CBC_SHA
Extension elliptic_curves, curve names: {secp256r1, sect163k1, sect163r2, secp192r1, secp224r1, sect233k1, sect233r1, sect283k1, sect283r1, secp384r1, sect409k1, sect409r1, secp521r1, sect571k1, sect571r1, secp160k1, secp160r1, secp160r2, sect163r1, secp192k1, sect193r1, sect193r2, secp224k1, sect239k1, secp256k1}
Extension ec_point_formats, formats: [uncompressed]
Extension signature_algorithms, signature_algorithms: SHA512withECDSA, SHA512withRSA, SHA384withECDSA, SHA384withRSA, SHA256withECDSA, SHA256withRSA, SHA224withECDSA, SHA224withRSA, SHA1withECDSA, SHA1withRSA, SHA1withDSA, MD5withRSA
Ignoring unavailable cipher suite: TLS_ECDH_ECDSA_WITH_AES_256_GCM_SHA384
Extension server_name, server_name: [type=host_name (0), value=xmind.net]
***
Ignoring unavailable cipher suite: TLS_ECDH_RSA_WITH_AES_256_CBC_SHA384
nioEventLoopGroup-5-1, WRITE: TLSv1.2 Handshake, length = 225
Ignoring unavailable cipher suite: TLS_RSA_WITH_AES_256_GCM_SHA384
Ignoring unavailable cipher suite: TLS_ECDH_ECDSA_WITH_AES_256_CBC_SHA384
Ignoring unavailable cipher suite: TLS_ECDHE_RSA_WITH_AES_256_CBC_SHA384
Ignoring unavailable cipher suite: TLS_ECDH_RSA_WITH_AES_256_CBC_SHA
Ignoring unavailable cipher suite: TLS_ECDH_RSA_WITH_AES_256_GCM_SHA384
Ignoring unavailable cipher suite: TLS_ECDHE_ECDSA_WITH_AES_256_CBC_SHA384
Ignoring unavailable cipher suite: TLS_DHE_RSA_WITH_AES_256_CBC_SHA256
Ignoring unavailable cipher suite: TLS_ECDHE_ECDSA_WITH_AES_256_CBC_SHA
Ignoring unavailable cipher suite: TLS_DHE_DSS_WITH_AES_256_CBC_SHA256
Ignoring unavailable cipher suite: TLS_DHE_RSA_WITH_AES_256_CBC_SHA
Ignoring unavailable cipher suite: TLS_ECDHE_RSA_WITH_AES_256_CBC_SHA
Ignoring unavailable cipher suite: TLS_ECDHE_RSA_WITH_AES_256_GCM_SHA384
2021-11-08 11:07:39,668 [myid:] - WARN  [nioEventLoopGroup-4-5:ChannelInitializer@97] - Failed to initialize a channel. Closing: [id: 0x5985886a, L:/127.0.0.1:30073 - R:/127.0.0.1:1151]
java.lang.IllegalArgumentException: Cannot support TLS_ECDHE_ECDSA_WITH_AES_256_CBC_SHA384 with currently installed providers
	at sun.security.ssl.CipherSuiteList.<init>(CipherSuiteList.java:92)
	at sun.security.ssl.SSLEngineImpl.setEnabledCipherSuites(SSLEngineImpl.java:2038)
	at io.netty.handler.ssl.JdkSslContext.configureAndWrapEngine(JdkSslContext.java:341)
	at io.netty.handler.ssl.JdkSslContext.newEngine(JdkSslContext.java:331)
	at io.netty.handler.ssl.SslContext.newHandler(SslContext.java:956)
	at io.netty.handler.ssl.SslContext.newHandler(SslContext.java:948)
	at org.apache.zookeeper.server.NettyServerCnxnFactory.initSSL(NettyServerCnxnFactory.java:575)
	at org.apache.zookeeper.server.NettyServerCnxnFactory.access$1300(NettyServerCnxnFactory.java:80)
	at org.apache.zookeeper.server.NettyServerCnxnFactory$1.initChannel(NettyServerCnxnFactory.java:540)
	at org.apache.zookeeper.server.NettyServerCnxnFactory$1.initChannel(NettyServerCnxnFactory.java:532)
	at io.netty.channel.ChannelInitializer.initChannel(ChannelInitializer.java:129)
	at io.netty.channel.ChannelInitializer.handlerAdded(ChannelInitializer.java:112)
	at io.netty.channel.AbstractChannelHandlerContext.callHandlerAdded(AbstractChannelHandlerContext.java:938)
	at io.netty.channel.DefaultChannelPipeline.callHandlerAdded0(DefaultChannelPipeline.java:609)
	at io.netty.channel.DefaultChannelPipeline.access$100(DefaultChannelPipeline.java:46)
	at io.netty.channel.DefaultChannelPipeline$PendingHandlerAddedTask.execute(DefaultChannelPipeline.java:1463)
	at io.netty.channel.DefaultChannelPipeline.callHandlerAddedForAllHandlers(DefaultChannelPipeline.java:1115)
	at io.netty.channel.DefaultChannelPipeline.invokeHandlerAddedIfNeeded(DefaultChannelPipeline.java:650)
	at io.netty.channel.AbstractChannel$AbstractUnsafe.register0(AbstractChannel.java:502)
	at io.netty.channel.AbstractChannel$AbstractUnsafe.access$200(AbstractChannel.java:417)
	at io.netty.channel.AbstractChannel$AbstractUnsafe$1.run(AbstractChannel.java:474)
	at io.netty.util.concurrent.AbstractEventExecutor.safeExecute(AbstractEventExecutor.java:164)
	at io.netty.util.concurrent.SingleThreadEventExecutor.runAllTasks(SingleThreadEventExecutor.java:472)
	at io.netty.channel.nio.NioEventLoop.run(NioEventLoop.java:500)
	at io.netty.util.concurrent.SingleThreadEventExecutor$4.run(SingleThreadEventExecutor.java:989)
	at io.netty.util.internal.ThreadExecutorMap$2.run(ThreadExecutorMap.java:74)
	at io.netty.util.concurrent.FastThreadLocalRunnable.run(FastThreadLocalRunnable.java:30)
	at java.lang.Thread.run(Thread.java:745)
nioEventLoopGroup-5-1, called closeOutbound()
nioEventLoopGroup-5-1, closeOutboundInternal()
nioEventLoopGroup-5-1, SEND TLSv1.2 ALERT:  warning, description = close_notify
nioEventLoopGroup-5-1, WRITE: TLSv1.2 Alert, length = 2
nioEventLoopGroup-5-1, called closeInbound()
nioEventLoopGroup-5-1, fatal error: 80: Inbound closed before receiving peer's close_notify: possible truncation attack?
javax.net.ssl.SSLException: Inbound closed before receiving peer's close_notify: possible truncation attack?
nioEventLoopGroup-5-1, SEND TLSv1.2 ALERT:  fatal, description = internal_error
nioEventLoopGroup-5-1, Exception sending alert: java.io.IOException: writer side was already closed.
2021-11-08 11:07:39,669 [myid:127.0.0.1:30073] - INFO  [nioEventLoopGroup-5-1:ClientCnxnSocketNetty$ZKClientHandler@469] - channel is disconnected: [id: 0x0fec48d8, L:/127.0.0.1:1151 ! R:xmind.net/127.0.0.1:30073]
2021-11-08 11:07:39,669 [myid:127.0.0.1:30073] - INFO  [nioEventLoopGroup-5-1:ClientCnxnSocketNetty@249] - channel is told closing
2021-11-08 11:07:39,669 [myid:127.0.0.1:30073] - WARN  [main-SendThread(127.0.0.1:30073):ClientCnxn$SendThread@1290] - Session 0x0 for sever xmind.net/127.0.0.1:30073, Closing socket connection. Attempting reconnect except it is a SessionExpiredException.
EndOfStreamException: channel for sessionid 0x0 is lost
	at org.apache.zookeeper.ClientCnxnSocketNetty.doTransport(ClientCnxnSocketNetty.java:285)
	at org.apache.zookeeper.ClientCnxn$SendThread.run(ClientCnxn.java:1280)
2021-11-08 11:07:41,040 [myid:127.0.0.1:30073] - INFO  [main-SendThread(127.0.0.1:30073):ClientCnxn$SendThread@1171] - Opening socket connection to server xmind.net/127.0.0.1:30073.
2021-11-08 11:07:41,040 [myid:127.0.0.1:30073] - INFO  [main-SendThread(127.0.0.1:30073):ClientCnxn$SendThread@1173] - SASL config status: Will not attempt to authenticate using SASL (unknown error)
adding as trusted cert:
  Subject: CN=localhost, OU=ZooKeeper, O=Apache, L=Unknown, ST=Unknown, C=Unknown
  Issuer:  CN=localhost, OU=ZooKeeper, O=Apache, L=Unknown, ST=Unknown, C=Unknown
  Algorithm: RSA; Serial number: 0x7334b506
  Valid from Sat Jan 31 02:57:30 CST 2015 until Wed Feb 08 02:57:30 CST 3015

trigger seeding of SecureRandom
done seeding SecureRandom
Using SSLEngineImpl.
Ignoring unavailable cipher suite: TLS_DHE_DSS_WITH_AES_256_GCM_SHA384
Ignoring unavailable cipher suite: TLS_RSA_WITH_AES_256_CBC_SHA
Ignoring unavailable cipher suite: TLS_DHE_RSA_WITH_AES_256_GCM_SHA384
Ignoring unavailable cipher suite: TLS_ECDH_ECDSA_WITH_AES_256_CBC_SHA
Ignoring unavailable cipher suite: TLS_ECDHE_ECDSA_WITH_AES_256_GCM_SHA384
Ignoring unavailable cipher suite: TLS_RSA_WITH_AES_256_CBC_SHA256
Ignoring unavailable cipher suite: TLS_DHE_DSS_WITH_AES_256_CBC_SHA
Ignoring unavailable cipher suite: TLS_ECDH_ECDSA_WITH_AES_256_GCM_SHA384
Ignoring unavailable cipher suite: TLS_ECDH_RSA_WITH_AES_256_CBC_SHA384
Ignoring unavailable cipher suite: TLS_RSA_WITH_AES_256_GCM_SHA384
Ignoring unavailable cipher suite: TLS_ECDH_ECDSA_WITH_AES_256_CBC_SHA384
Ignoring unavailable cipher suite: TLS_ECDHE_RSA_WITH_AES_256_CBC_SHA384
Ignoring unavailable cipher suite: TLS_ECDH_RSA_WITH_AES_256_CBC_SHA
Ignoring unavailable cipher suite: TLS_ECDH_RSA_WITH_AES_256_GCM_SHA384
Ignoring unavailable cipher suite: TLS_ECDHE_ECDSA_WITH_AES_256_CBC_SHA384
Ignoring unavailable cipher suite: TLS_DHE_RSA_WITH_AES_256_CBC_SHA256
Ignoring unavailable cipher suite: TLS_ECDHE_ECDSA_WITH_AES_256_CBC_SHA
Ignoring unavailable cipher suite: TLS_DHE_DSS_WITH_AES_256_CBC_SHA256
Ignoring unavailable cipher suite: TLS_DHE_RSA_WITH_AES_256_CBC_SHA
Ignoring unavailable cipher suite: TLS_ECDHE_RSA_WITH_AES_256_CBC_SHA
Ignoring unavailable cipher suite: TLS_ECDHE_RSA_WITH_AES_256_GCM_SHA384
2021-11-08 11:07:41,042 [myid:127.0.0.1:30073] - INFO  [nioEventLoopGroup-5-1:ClientCnxnSocketNetty$ZKClientPipelineFactory@454] - SSL handler added for channel: [id: 0xac14e832]
2021-11-08 11:07:41,043 [myid:127.0.0.1:30073] - INFO  [nioEventLoopGroup-5-1:ClientCnxn$SendThread@1005] - Socket connection established, initiating session, client: /127.0.0.1:1167, server: xmind.net/127.0.0.1:30073
2021-11-08 11:07:41,043 [myid:127.0.0.1:30073] - INFO  [nioEventLoopGroup-5-1:ClientCnxnSocketNetty$1@184] - channel is connected: [id: 0xac14e832, L:/127.0.0.1:1167 - R:xmind.net/127.0.0.1:30073]
Allow unsafe renegotiation: false
Allow legacy hello messages: true
Is initial handshake: true
Is secure renegotiation: false
Ignoring unsupported cipher suite: TLS_ECDHE_ECDSA_WITH_AES_128_CBC_SHA256 for TLSv1
Ignoring unsupported cipher suite: TLS_ECDHE_RSA_WITH_AES_128_CBC_SHA256 for TLSv1
Ignoring unsupported cipher suite: TLS_RSA_WITH_AES_128_CBC_SHA256 for TLSv1
Ignoring unsupported cipher suite: TLS_ECDH_ECDSA_WITH_AES_128_CBC_SHA256 for TLSv1
Ignoring unsupported cipher suite: TLS_ECDH_RSA_WITH_AES_128_CBC_SHA256 for TLSv1
Ignoring unsupported cipher suite: TLS_DHE_RSA_WITH_AES_128_CBC_SHA256 for TLSv1
Ignoring unsupported cipher suite: TLS_DHE_DSS_WITH_AES_128_CBC_SHA256 for TLSv1
Ignoring unsupported cipher suite: TLS_ECDHE_ECDSA_WITH_AES_128_CBC_SHA256 for TLSv1.1
Ignoring unsupported cipher suite: TLS_ECDHE_RSA_WITH_AES_128_CBC_SHA256 for TLSv1.1
Ignoring unsupported cipher suite: TLS_RSA_WITH_AES_128_CBC_SHA256 for TLSv1.1
Ignoring unsupported cipher suite: TLS_ECDH_ECDSA_WITH_AES_128_CBC_SHA256 for TLSv1.1
Ignoring unsupported cipher suite: TLS_ECDH_RSA_WITH_AES_128_CBC_SHA256 for TLSv1.1
Ignoring unsupported cipher suite: TLS_DHE_RSA_WITH_AES_128_CBC_SHA256 for TLSv1.1
Ignoring unsupported cipher suite: TLS_DHE_DSS_WITH_AES_128_CBC_SHA256 for TLSv1.1
%% No cached client session
*** ClientHello, TLSv1.2
RandomCookie:  GMT: 1619498109 bytes = { 2, 144, 20, 223, 201, 116, 210, 155, 185, 149, 49, 190, 31, 163, 123, 89, 94, 97, 15, 219, 210, 202, 116, 81, 190, 204, 68, 45 }
Session ID:  {}
Cipher Suites: [TLS_ECDHE_ECDSA_WITH_AES_128_CBC_SHA256, TLS_ECDHE_RSA_WITH_AES_128_CBC_SHA256, TLS_RSA_WITH_AES_128_CBC_SHA256, TLS_ECDH_ECDSA_WITH_AES_128_CBC_SHA256, TLS_ECDH_RSA_WITH_AES_128_CBC_SHA256, TLS_DHE_RSA_WITH_AES_128_CBC_SHA256, TLS_DHE_DSS_WITH_AES_128_CBC_SHA256, TLS_ECDHE_ECDSA_WITH_AES_128_CBC_SHA, TLS_ECDHE_RSA_WITH_AES_128_CBC_SHA, TLS_RSA_WITH_AES_128_CBC_SHA, TLS_ECDH_ECDSA_WITH_AES_128_CBC_SHA, TLS_ECDH_RSA_WITH_AES_128_CBC_SHA, TLS_DHE_RSA_WITH_AES_128_CBC_SHA, TLS_DHE_DSS_WITH_AES_128_CBC_SHA, TLS_ECDHE_ECDSA_WITH_AES_128_GCM_SHA256, TLS_ECDHE_RSA_WITH_AES_128_GCM_SHA256, TLS_RSA_WITH_AES_128_GCM_SHA256, TLS_ECDH_ECDSA_WITH_AES_128_GCM_SHA256, TLS_ECDH_RSA_WITH_AES_128_GCM_SHA256, TLS_DHE_RSA_WITH_AES_128_GCM_SHA256, TLS_DHE_DSS_WITH_AES_128_GCM_SHA256, TLS_ECDHE_ECDSA_WITH_3DES_EDE_CBC_SHA, TLS_ECDHE_RSA_WITH_3DES_EDE_CBC_SHA, SSL_RSA_WITH_3DES_EDE_CBC_SHA, TLS_ECDH_ECDSA_WITH_3DES_EDE_CBC_SHA, TLS_ECDH_RSA_WITH_3DES_EDE_CBC_SHA, SSL_DHE_RSA_WITH_3DES_EDE_CBC_SHA, SSL_DHE_DSS_WITH_3DES_EDE_CBC_SHA, TLS_ECDHE_ECDSA_WITH_RC4_128_SHA, TLS_ECDHE_RSA_WITH_RC4_128_SHA, SSL_RSA_WITH_RC4_128_SHA, TLS_ECDH_ECDSA_WITH_RC4_128_SHA, TLS_ECDH_RSA_WITH_RC4_128_SHA, SSL_RSA_WITH_RC4_128_MD5, TLS_EMPTY_RENEGOTIATION_INFO_SCSV]
Compression Methods:  { 0 }
trigger seeding of SecureRandom
done seeding SecureRandom
Using SSLEngineImpl.
Ignoring unavailable cipher suite: TLS_DHE_DSS_WITH_AES_256_GCM_SHA384
Extension elliptic_curves, curve names: {secp256r1, sect163k1, sect163r2, secp192r1, secp224r1, sect233k1, sect233r1, sect283k1, sect283r1, secp384r1, sect409k1, sect409r1, secp521r1, sect571k1, sect571r1, secp160k1, secp160r1, secp160r2, sect163r1, secp192k1, sect193r1, sect193r2, secp224k1, sect239k1, secp256k1}
Extension ec_point_formats, formats: [uncompressed]
Extension signature_algorithms, signature_algorithms: SHA512withECDSA, SHA512withRSA, SHA384withECDSA, SHA384withRSA, SHA256withECDSA, SHA256withRSA, SHA224withECDSA, SHA224withRSA, SHA1withECDSA, SHA1withRSA, SHA1withDSA, MD5withRSA
Extension server_name, server_name: [type=host_name (0), value=xmind.net]
***
nioEventLoopGroup-5-1, WRITE: TLSv1.2 Handshake, length = 225
Ignoring unavailable cipher suite: TLS_RSA_WITH_AES_256_CBC_SHA
Ignoring unavailable cipher suite: TLS_DHE_RSA_WITH_AES_256_GCM_SHA384
Ignoring unavailable cipher suite: TLS_ECDH_ECDSA_WITH_AES_256_CBC_SHA
Ignoring unavailable cipher suite: TLS_ECDHE_ECDSA_WITH_AES_256_GCM_SHA384
Ignoring unavailable cipher suite: TLS_RSA_WITH_AES_256_CBC_SHA256
Ignoring unavailable cipher suite: TLS_DHE_DSS_WITH_AES_256_CBC_SHA
Ignoring unavailable cipher suite: TLS_ECDH_ECDSA_WITH_AES_256_GCM_SHA384
Ignoring unavailable cipher suite: TLS_ECDH_RSA_WITH_AES_256_CBC_SHA384
Ignoring unavailable cipher suite: TLS_RSA_WITH_AES_256_GCM_SHA384
Ignoring unavailable cipher suite: TLS_ECDH_ECDSA_WITH_AES_256_CBC_SHA384
Ignoring unavailable cipher suite: TLS_ECDHE_RSA_WITH_AES_256_CBC_SHA384
Ignoring unavailable cipher suite: TLS_ECDH_RSA_WITH_AES_256_CBC_SHA
Ignoring unavailable cipher suite: TLS_ECDH_RSA_WITH_AES_256_GCM_SHA384
Ignoring unavailable cipher suite: TLS_ECDHE_ECDSA_WITH_AES_256_CBC_SHA384
Ignoring unavailable cipher suite: TLS_DHE_RSA_WITH_AES_256_CBC_SHA256
Ignoring unavailable cipher suite: TLS_ECDHE_ECDSA_WITH_AES_256_CBC_SHA
Ignoring unavailable cipher suite: TLS_DHE_DSS_WITH_AES_256_CBC_SHA256
Ignoring unavailable cipher suite: TLS_DHE_RSA_WITH_AES_256_CBC_SHA
Ignoring unavailable cipher suite: TLS_ECDHE_RSA_WITH_AES_256_CBC_SHA
Ignoring unavailable cipher suite: TLS_ECDHE_RSA_WITH_AES_256_GCM_SHA384
2021-11-08 11:07:41,045 [myid:] - WARN  [nioEventLoopGroup-4-6:ChannelInitializer@97] - Failed to initialize a channel. Closing: [id: 0xf17e6368, L:/127.0.0.1:30073 - R:/127.0.0.1:1167]
java.lang.IllegalArgumentException: Cannot support TLS_ECDHE_ECDSA_WITH_AES_256_CBC_SHA384 with currently installed providers
	at sun.security.ssl.CipherSuiteList.<init>(CipherSuiteList.java:92)
	at sun.security.ssl.SSLEngineImpl.setEnabledCipherSuites(SSLEngineImpl.java:2038)
	at io.netty.handler.ssl.JdkSslContext.configureAndWrapEngine(JdkSslContext.java:341)
	at io.netty.handler.ssl.JdkSslContext.newEngine(JdkSslContext.java:331)
	at io.netty.handler.ssl.SslContext.newHandler(SslContext.java:956)
	at io.netty.handler.ssl.SslContext.newHandler(SslContext.java:948)
	at org.apache.zookeeper.server.NettyServerCnxnFactory.initSSL(NettyServerCnxnFactory.java:575)
	at org.apache.zookeeper.server.NettyServerCnxnFactory.access$1300(NettyServerCnxnFactory.java:80)
	at org.apache.zookeeper.server.NettyServerCnxnFactory$1.initChannel(NettyServerCnxnFactory.java:540)
	at org.apache.zookeeper.server.NettyServerCnxnFactory$1.initChannel(NettyServerCnxnFactory.java:532)
	at io.netty.channel.ChannelInitializer.initChannel(ChannelInitializer.java:129)
	at io.netty.channel.ChannelInitializer.handlerAdded(ChannelInitializer.java:112)
	at io.netty.channel.AbstractChannelHandlerContext.callHandlerAdded(AbstractChannelHandlerContext.java:938)
	at io.netty.channel.DefaultChannelPipeline.callHandlerAdded0(DefaultChannelPipeline.java:609)
	at io.netty.channel.DefaultChannelPipeline.access$100(DefaultChannelPipeline.java:46)
	at io.netty.channel.DefaultChannelPipeline$PendingHandlerAddedTask.execute(DefaultChannelPipeline.java:1463)
	at io.netty.channel.DefaultChannelPipeline.callHandlerAddedForAllHandlers(DefaultChannelPipeline.java:1115)
	at io.netty.channel.DefaultChannelPipeline.invokeHandlerAddedIfNeeded(DefaultChannelPipeline.java:650)
	at io.netty.channel.AbstractChannel$AbstractUnsafe.register0(AbstractChannel.java:502)
	at io.netty.channel.AbstractChannel$AbstractUnsafe.access$200(AbstractChannel.java:417)
	at io.netty.channel.AbstractChannel$AbstractUnsafe$1.run(AbstractChannel.java:474)
	at io.netty.util.concurrent.AbstractEventExecutor.safeExecute(AbstractEventExecutor.java:164)
	at io.netty.util.concurrent.SingleThreadEventExecutor.runAllTasks(SingleThreadEventExecutor.java:472)
	at io.netty.channel.nio.NioEventLoop.run(NioEventLoop.java:500)
	at io.netty.util.concurrent.SingleThreadEventExecutor$4.run(SingleThreadEventExecutor.java:989)
	at io.netty.util.internal.ThreadExecutorMap$2.run(ThreadExecutorMap.java:74)
	at io.netty.util.concurrent.FastThreadLocalRunnable.run(FastThreadLocalRunnable.java:30)
	at java.lang.Thread.run(Thread.java:745)
nioEventLoopGroup-5-1, called closeOutbound()
nioEventLoopGroup-5-1, closeOutboundInternal()
nioEventLoopGroup-5-1, SEND TLSv1.2 ALERT:  warning, description = close_notify
nioEventLoopGroup-5-1, WRITE: TLSv1.2 Alert, length = 2
nioEventLoopGroup-5-1, called closeInbound()
nioEventLoopGroup-5-1, fatal error: 80: Inbound closed before receiving peer's close_notify: possible truncation attack?
javax.net.ssl.SSLException: Inbound closed before receiving peer's close_notify: possible truncation attack?
nioEventLoopGroup-5-1, SEND TLSv1.2 ALERT:  fatal, description = internal_error
nioEventLoopGroup-5-1, Exception sending alert: java.io.IOException: writer side was already closed.
2021-11-08 11:07:41,046 [myid:127.0.0.1:30073] - INFO  [nioEventLoopGroup-5-1:ClientCnxnSocketNetty$ZKClientHandler@469] - channel is disconnected: [id: 0xac14e832, L:/127.0.0.1:1167 ! R:xmind.net/127.0.0.1:30073]
2021-11-08 11:07:41,046 [myid:127.0.0.1:30073] - INFO  [nioEventLoopGroup-5-1:ClientCnxnSocketNetty@249] - channel is told closing
2021-11-08 11:07:41,046 [myid:127.0.0.1:30073] - WARN  [main-SendThread(127.0.0.1:30073):ClientCnxn$SendThread@1290] - Session 0x0 for sever xmind.net/127.0.0.1:30073, Closing socket connection. Attempting reconnect except it is a SessionExpiredException.
EndOfStreamException: channel for sessionid 0x0 is lost
	at org.apache.zookeeper.ClientCnxnSocketNetty.doTransport(ClientCnxnSocketNetty.java:285)
	at org.apache.zookeeper.ClientCnxn$SendThread.run(ClientCnxn.java:1280)
2021-11-08 11:07:42,972 [myid:127.0.0.1:30073] - INFO  [main-SendThread(127.0.0.1:30073):ClientCnxn$SendThread@1171] - Opening socket connection to server xmind.net/127.0.0.1:30073.
2021-11-08 11:07:42,972 [myid:127.0.0.1:30073] - INFO  [main-SendThread(127.0.0.1:30073):ClientCnxn$SendThread@1173] - SASL config status: Will not attempt to authenticate using SASL (unknown error)
adding as trusted cert:
  Subject: CN=localhost, OU=ZooKeeper, O=Apache, L=Unknown, ST=Unknown, C=Unknown
  Issuer:  CN=localhost, OU=ZooKeeper, O=Apache, L=Unknown, ST=Unknown, C=Unknown
  Algorithm: RSA; Serial number: 0x7334b506
  Valid from Sat Jan 31 02:57:30 CST 2015 until Wed Feb 08 02:57:30 CST 3015

trigger seeding of SecureRandom
done seeding SecureRandom
Using SSLEngineImpl.
Ignoring unavailable cipher suite: TLS_DHE_DSS_WITH_AES_256_GCM_SHA384
Ignoring unavailable cipher suite: TLS_RSA_WITH_AES_256_CBC_SHA
Ignoring unavailable cipher suite: TLS_DHE_RSA_WITH_AES_256_GCM_SHA384
Ignoring unavailable cipher suite: TLS_ECDH_ECDSA_WITH_AES_256_CBC_SHA
Ignoring unavailable cipher suite: TLS_ECDHE_ECDSA_WITH_AES_256_GCM_SHA384
Ignoring unavailable cipher suite: TLS_RSA_WITH_AES_256_CBC_SHA256
Ignoring unavailable cipher suite: TLS_DHE_DSS_WITH_AES_256_CBC_SHA
Ignoring unavailable cipher suite: TLS_ECDH_ECDSA_WITH_AES_256_GCM_SHA384
Ignoring unavailable cipher suite: TLS_ECDH_RSA_WITH_AES_256_CBC_SHA384
Ignoring unavailable cipher suite: TLS_RSA_WITH_AES_256_GCM_SHA384
Ignoring unavailable cipher suite: TLS_ECDH_ECDSA_WITH_AES_256_CBC_SHA384
Ignoring unavailable cipher suite: TLS_ECDHE_RSA_WITH_AES_256_CBC_SHA384
Ignoring unavailable cipher suite: TLS_ECDH_RSA_WITH_AES_256_CBC_SHA
Ignoring unavailable cipher suite: TLS_ECDH_RSA_WITH_AES_256_GCM_SHA384
Ignoring unavailable cipher suite: TLS_ECDHE_ECDSA_WITH_AES_256_CBC_SHA384
Ignoring unavailable cipher suite: TLS_DHE_RSA_WITH_AES_256_CBC_SHA256
Ignoring unavailable cipher suite: TLS_ECDHE_ECDSA_WITH_AES_256_CBC_SHA
Ignoring unavailable cipher suite: TLS_DHE_DSS_WITH_AES_256_CBC_SHA256
Ignoring unavailable cipher suite: TLS_DHE_RSA_WITH_AES_256_CBC_SHA
Ignoring unavailable cipher suite: TLS_ECDHE_RSA_WITH_AES_256_CBC_SHA
Ignoring unavailable cipher suite: TLS_ECDHE_RSA_WITH_AES_256_GCM_SHA384
2021-11-08 11:07:42,980 [myid:127.0.0.1:30073] - INFO  [nioEventLoopGroup-5-1:ClientCnxnSocketNetty$ZKClientPipelineFactory@454] - SSL handler added for channel: [id: 0xf07bd87f]
2021-11-08 11:07:42,983 [myid:127.0.0.1:30073] - INFO  [nioEventLoopGroup-5-1:ClientCnxn$SendThread@1005] - Socket connection established, initiating session, client: /127.0.0.1:1192, server: xmind.net/127.0.0.1:30073
2021-11-08 11:07:42,983 [myid:127.0.0.1:30073] - INFO  [nioEventLoopGroup-5-1:ClientCnxnSocketNetty$1@184] - channel is connected: [id: 0xf07bd87f, L:/127.0.0.1:1192 - R:xmind.net/127.0.0.1:30073]
Allow unsafe renegotiation: false
Allow legacy hello messages: true
Is initial handshake: true
Is secure renegotiation: false
Ignoring unsupported cipher suite: TLS_ECDHE_ECDSA_WITH_AES_128_CBC_SHA256 for TLSv1
Ignoring unsupported cipher suite: TLS_ECDHE_RSA_WITH_AES_128_CBC_SHA256 for TLSv1
Ignoring unsupported cipher suite: TLS_RSA_WITH_AES_128_CBC_SHA256 for TLSv1
Ignoring unsupported cipher suite: TLS_ECDH_ECDSA_WITH_AES_128_CBC_SHA256 for TLSv1
Ignoring unsupported cipher suite: TLS_ECDH_RSA_WITH_AES_128_CBC_SHA256 for TLSv1
Ignoring unsupported cipher suite: TLS_DHE_RSA_WITH_AES_128_CBC_SHA256 for TLSv1
Ignoring unsupported cipher suite: TLS_DHE_DSS_WITH_AES_128_CBC_SHA256 for TLSv1
Ignoring unsupported cipher suite: TLS_ECDHE_ECDSA_WITH_AES_128_CBC_SHA256 for TLSv1.1
Ignoring unsupported cipher suite: TLS_ECDHE_RSA_WITH_AES_128_CBC_SHA256 for TLSv1.1
Ignoring unsupported cipher suite: TLS_RSA_WITH_AES_128_CBC_SHA256 for TLSv1.1
Ignoring unsupported cipher suite: TLS_ECDH_ECDSA_WITH_AES_128_CBC_SHA256 for TLSv1.1
Ignoring unsupported cipher suite: TLS_ECDH_RSA_WITH_AES_128_CBC_SHA256 for TLSv1.1
Ignoring unsupported cipher suite: TLS_DHE_RSA_WITH_AES_128_CBC_SHA256 for TLSv1.1
Ignoring unsupported cipher suite: TLS_DHE_DSS_WITH_AES_128_CBC_SHA256 for TLSv1.1
%% No cached client session
*** ClientHello, TLSv1.2
RandomCookie:  trigger seeding of SecureRandom
GMT: 1619498110 bytes = { done seeding SecureRandom
129, Using SSLEngineImpl.
60, 217, 39, 5, 198, Ignoring unavailable cipher suite: TLS_DHE_DSS_WITH_AES_256_GCM_SHA384
41, 112, 29, 185, 173, 154, 142, 123, 166, 195, 193, 53, 247, 140, 222, 190, 219, 39, 191, 131, 128, 52 }
Session ID:  {}
Ignoring unavailable cipher suite: TLS_RSA_WITH_AES_256_CBC_SHA
Cipher Suites: [TLS_ECDHE_ECDSA_WITH_AES_128_CBC_SHA256, TLS_ECDHE_RSA_WITH_AES_128_CBC_SHA256, TLS_RSA_WITH_AES_128_CBC_SHA256, TLS_ECDH_ECDSA_WITH_AES_128_CBC_SHA256, TLS_ECDH_RSA_WITH_AES_128_CBC_SHA256, TLS_DHE_RSA_WITH_AES_128_CBC_SHA256, TLS_DHE_DSS_WITH_AES_128_CBC_SHA256, TLS_ECDHE_ECDSA_WITH_AES_128_CBC_SHA, TLS_ECDHE_RSA_WITH_AES_128_CBC_SHA, TLS_RSA_WITH_AES_128_CBC_SHA, TLS_ECDH_ECDSA_WITH_AES_128_CBC_SHA, TLS_ECDH_RSA_WITH_AES_128_CBC_SHA, TLS_DHE_RSA_WITH_AES_128_CBC_SHA, TLS_DHE_DSS_WITH_AES_128_CBC_SHA, TLS_ECDHE_ECDSA_WITH_AES_128_GCM_SHA256, TLS_ECDHE_RSA_WITH_AES_128_GCM_SHA256, TLS_RSA_WITH_AES_128_GCM_SHA256, TLS_ECDH_ECDSA_WITH_AES_128_GCM_SHA256, TLS_ECDH_RSA_WITH_AES_128_GCM_SHA256, TLS_DHE_RSA_WITH_AES_128_GCM_SHA256, TLS_DHE_DSS_WITH_AES_128_GCM_SHA256, TLS_ECDHE_ECDSA_WITH_3DES_EDE_CBC_SHA, TLS_ECDHE_RSA_WITH_3DES_EDE_CBC_SHA, SSL_RSA_WITH_3DES_EDE_CBC_SHA, TLS_ECDH_ECDSA_WITH_3DES_EDE_CBC_SHA, TLS_ECDH_RSA_WITH_3DES_EDE_CBC_SHA, SSL_DHE_RSA_WITH_3DES_EDE_CBC_SHA, SSL_DHE_DSS_WITH_3DES_EDE_CBC_SHA, TLS_ECDHE_ECDSA_WITH_RC4_128_SHA, TLS_ECDHE_RSA_WITH_RC4_128_SHA, SSL_RSA_WITH_RC4_128_SHA, TLS_ECDH_ECDSA_WITH_RC4_128_SHA, TLS_ECDH_RSA_WITH_RC4_128_SHA, SSL_RSA_WITH_RC4_128_MD5, TLS_EMPTY_RENEGOTIATION_INFO_SCSV]
Compression Methods:  { 0 }
Ignoring unavailable cipher suite: TLS_DHE_RSA_WITH_AES_256_GCM_SHA384
Ignoring unavailable cipher suite: TLS_ECDH_ECDSA_WITH_AES_256_CBC_SHA
Extension elliptic_curves, curve names: {secp256r1, sect163k1, sect163r2, secp192r1, secp224r1, sect233k1, sect233r1, sect283k1, sect283r1, secp384r1, sect409k1, sect409r1, secp521r1, sect571k1, sect571r1, secp160k1, secp160r1, secp160r2, sect163r1, secp192k1, sect193r1, sect193r2, secp224k1, sect239k1, secp256k1}
Ignoring unavailable cipher suite: TLS_ECDHE_ECDSA_WITH_AES_256_GCM_SHA384
Extension ec_point_formats, formats: [uncompressed]
Ignoring unavailable cipher suite: TLS_RSA_WITH_AES_256_CBC_SHA256
Extension signature_algorithms, signature_algorithms: SHA512withECDSA, SHA512withRSA, SHA384withECDSA, SHA384withRSA, SHA256withECDSA, SHA256withRSA, SHA224withECDSA, SHA224withRSA, SHA1withECDSA, SHA1withRSA, SHA1withDSA, MD5withRSA
Extension server_name, server_name: [type=host_name (0), value=xmind.net]
***
Ignoring unavailable cipher suite: TLS_DHE_DSS_WITH_AES_256_CBC_SHA
nioEventLoopGroup-5-1, WRITE: TLSv1.2 Handshake, length = 225
Ignoring unavailable cipher suite: TLS_ECDH_ECDSA_WITH_AES_256_GCM_SHA384
Ignoring unavailable cipher suite: TLS_ECDH_RSA_WITH_AES_256_CBC_SHA384
Ignoring unavailable cipher suite: TLS_RSA_WITH_AES_256_GCM_SHA384
Ignoring unavailable cipher suite: TLS_ECDH_ECDSA_WITH_AES_256_CBC_SHA384
Ignoring unavailable cipher suite: TLS_ECDHE_RSA_WITH_AES_256_CBC_SHA384
Ignoring unavailable cipher suite: TLS_ECDH_RSA_WITH_AES_256_CBC_SHA
Ignoring unavailable cipher suite: TLS_ECDH_RSA_WITH_AES_256_GCM_SHA384
Ignoring unavailable cipher suite: TLS_ECDHE_ECDSA_WITH_AES_256_CBC_SHA384
Ignoring unavailable cipher suite: TLS_DHE_RSA_WITH_AES_256_CBC_SHA256
Ignoring unavailable cipher suite: TLS_ECDHE_ECDSA_WITH_AES_256_CBC_SHA
Ignoring unavailable cipher suite: TLS_DHE_DSS_WITH_AES_256_CBC_SHA256
Ignoring unavailable cipher suite: TLS_DHE_RSA_WITH_AES_256_CBC_SHA
Ignoring unavailable cipher suite: TLS_ECDHE_RSA_WITH_AES_256_CBC_SHA
Ignoring unavailable cipher suite: TLS_ECDHE_RSA_WITH_AES_256_GCM_SHA384
2021-11-08 11:07:42,989 [myid:] - WARN  [nioEventLoopGroup-4-7:ChannelInitializer@97] - Failed to initialize a channel. Closing: [id: 0xbf3845c0, L:/127.0.0.1:30073 - R:/127.0.0.1:1192]
java.lang.IllegalArgumentException: Cannot support TLS_ECDHE_ECDSA_WITH_AES_256_CBC_SHA384 with currently installed providers
	at sun.security.ssl.CipherSuiteList.<init>(CipherSuiteList.java:92)
	at sun.security.ssl.SSLEngineImpl.setEnabledCipherSuites(SSLEngineImpl.java:2038)
	at io.netty.handler.ssl.JdkSslContext.configureAndWrapEngine(JdkSslContext.java:341)
	at io.netty.handler.ssl.JdkSslContext.newEngine(JdkSslContext.java:331)
	at io.netty.handler.ssl.SslContext.newHandler(SslContext.java:956)
	at io.netty.handler.ssl.SslContext.newHandler(SslContext.java:948)
	at org.apache.zookeeper.server.NettyServerCnxnFactory.initSSL(NettyServerCnxnFactory.java:575)
	at org.apache.zookeeper.server.NettyServerCnxnFactory.access$1300(NettyServerCnxnFactory.java:80)
	at org.apache.zookeeper.server.NettyServerCnxnFactory$1.initChannel(NettyServerCnxnFactory.java:540)
	at org.apache.zookeeper.server.NettyServerCnxnFactory$1.initChannel(NettyServerCnxnFactory.java:532)
	at io.netty.channel.ChannelInitializer.initChannel(ChannelInitializer.java:129)
	at io.netty.channel.ChannelInitializer.handlerAdded(ChannelInitializer.java:112)
	at io.netty.channel.AbstractChannelHandlerContext.callHandlerAdded(AbstractChannelHandlerContext.java:938)
	at io.netty.channel.DefaultChannelPipeline.callHandlerAdded0(DefaultChannelPipeline.java:609)
	at io.netty.channel.DefaultChannelPipeline.access$100(DefaultChannelPipeline.java:46)
	at io.netty.channel.DefaultChannelPipeline$PendingHandlerAddedTask.execute(DefaultChannelPipeline.java:1463)
	at io.netty.channel.DefaultChannelPipeline.callHandlerAddedForAllHandlers(DefaultChannelPipeline.java:1115)
	at io.netty.channel.DefaultChannelPipeline.invokeHandlerAddedIfNeeded(DefaultChannelPipeline.java:650)
	at io.netty.channel.AbstractChannel$AbstractUnsafe.register0(AbstractChannel.java:502)
	at io.netty.channel.AbstractChannel$AbstractUnsafe.access$200(AbstractChannel.java:417)
	at io.netty.channel.AbstractChannel$AbstractUnsafe$1.run(AbstractChannel.java:474)
	at io.netty.util.concurrent.AbstractEventExecutor.safeExecute(AbstractEventExecutor.java:164)
	at io.netty.util.concurrent.SingleThreadEventExecutor.runAllTasks(SingleThreadEventExecutor.java:472)
	at io.netty.channel.nio.NioEventLoop.run(NioEventLoop.java:500)
	at io.netty.util.concurrent.SingleThreadEventExecutor$4.run(SingleThreadEventExecutor.java:989)
	at io.netty.util.internal.ThreadExecutorMap$2.run(ThreadExecutorMap.java:74)
	at io.netty.util.concurrent.FastThreadLocalRunnable.run(FastThreadLocalRunnable.java:30)
	at java.lang.Thread.run(Thread.java:745)
nioEventLoopGroup-5-1, called closeOutbound()
nioEventLoopGroup-5-1, closeOutboundInternal()
nioEventLoopGroup-5-1, SEND TLSv1.2 ALERT:  warning, description = close_notify
nioEventLoopGroup-5-1, WRITE: TLSv1.2 Alert, length = 2
nioEventLoopGroup-5-1, called closeInbound()
nioEventLoopGroup-5-1, fatal error: 80: Inbound closed before receiving peer's close_notify: possible truncation attack?
javax.net.ssl.SSLException: Inbound closed before receiving peer's close_notify: possible truncation attack?
nioEventLoopGroup-5-1, SEND TLSv1.2 ALERT:  fatal, description = internal_error
nioEventLoopGroup-5-1, Exception sending alert: java.io.IOException: writer side was already closed.
2021-11-08 11:07:42,991 [myid:127.0.0.1:30073] - INFO  [nioEventLoopGroup-5-1:ClientCnxnSocketNetty$ZKClientHandler@469] - channel is disconnected: [id: 0xf07bd87f, L:/127.0.0.1:1192 ! R:xmind.net/127.0.0.1:30073]
2021-11-08 11:07:42,992 [myid:127.0.0.1:30073] - INFO  [nioEventLoopGroup-5-1:ClientCnxnSocketNetty@249] - channel is told closing
2021-11-08 11:07:42,992 [myid:127.0.0.1:30073] - WARN  [main-SendThread(127.0.0.1:30073):ClientCnxn$SendThread@1290] - Session 0x0 for sever xmind.net/127.0.0.1:30073, Closing socket connection. Attempting reconnect except it is a SessionExpiredException.
EndOfStreamException: channel for sessionid 0x0 is lost
	at org.apache.zookeeper.ClientCnxnSocketNetty.doTransport(ClientCnxnSocketNetty.java:285)
	at org.apache.zookeeper.ClientCnxn$SendThread.run(ClientCnxn.java:1280)
2021-11-08 11:07:44,688 [myid:127.0.0.1:30073] - INFO  [main-SendThread(127.0.0.1:30073):ClientCnxn$SendThread@1171] - Opening socket connection to server xmind.net/127.0.0.1:30073.
2021-11-08 11:07:44,688 [myid:127.0.0.1:30073] - INFO  [main-SendThread(127.0.0.1:30073):ClientCnxn$SendThread@1173] - SASL config status: Will not attempt to authenticate using SASL (unknown error)
adding as trusted cert:
  Subject: CN=localhost, OU=ZooKeeper, O=Apache, L=Unknown, ST=Unknown, C=Unknown
  Issuer:  CN=localhost, OU=ZooKeeper, O=Apache, L=Unknown, ST=Unknown, C=Unknown
  Algorithm: RSA; Serial number: 0x7334b506
  Valid from Sat Jan 31 02:57:30 CST 2015 until Wed Feb 08 02:57:30 CST 3015

trigger seeding of SecureRandom
done seeding SecureRandom
Using SSLEngineImpl.
Ignoring unavailable cipher suite: TLS_DHE_DSS_WITH_AES_256_GCM_SHA384
Ignoring unavailable cipher suite: TLS_RSA_WITH_AES_256_CBC_SHA
Ignoring unavailable cipher suite: TLS_DHE_RSA_WITH_AES_256_GCM_SHA384
Ignoring unavailable cipher suite: TLS_ECDH_ECDSA_WITH_AES_256_CBC_SHA
Ignoring unavailable cipher suite: TLS_ECDHE_ECDSA_WITH_AES_256_GCM_SHA384
Ignoring unavailable cipher suite: TLS_RSA_WITH_AES_256_CBC_SHA256
Ignoring unavailable cipher suite: TLS_DHE_DSS_WITH_AES_256_CBC_SHA
Ignoring unavailable cipher suite: TLS_ECDH_ECDSA_WITH_AES_256_GCM_SHA384
Ignoring unavailable cipher suite: TLS_ECDH_RSA_WITH_AES_256_CBC_SHA384
Ignoring unavailable cipher suite: TLS_RSA_WITH_AES_256_GCM_SHA384
Ignoring unavailable cipher suite: TLS_ECDH_ECDSA_WITH_AES_256_CBC_SHA384
Ignoring unavailable cipher suite: TLS_ECDHE_RSA_WITH_AES_256_CBC_SHA384
Ignoring unavailable cipher suite: TLS_ECDH_RSA_WITH_AES_256_CBC_SHA
Ignoring unavailable cipher suite: TLS_ECDH_RSA_WITH_AES_256_GCM_SHA384
Ignoring unavailable cipher suite: TLS_ECDHE_ECDSA_WITH_AES_256_CBC_SHA384
Ignoring unavailable cipher suite: TLS_DHE_RSA_WITH_AES_256_CBC_SHA256
Ignoring unavailable cipher suite: TLS_ECDHE_ECDSA_WITH_AES_256_CBC_SHA
Ignoring unavailable cipher suite: TLS_DHE_DSS_WITH_AES_256_CBC_SHA256
Ignoring unavailable cipher suite: TLS_DHE_RSA_WITH_AES_256_CBC_SHA
Ignoring unavailable cipher suite: TLS_ECDHE_RSA_WITH_AES_256_CBC_SHA
Ignoring unavailable cipher suite: TLS_ECDHE_RSA_WITH_AES_256_GCM_SHA384
2021-11-08 11:07:44,690 [myid:127.0.0.1:30073] - INFO  [nioEventLoopGroup-5-1:ClientCnxnSocketNetty$ZKClientPipelineFactory@454] - SSL handler added for channel: [id: 0xf316a580]
2021-11-08 11:07:44,691 [myid:127.0.0.1:30073] - INFO  [nioEventLoopGroup-5-1:ClientCnxn$SendThread@1005] - Socket connection established, initiating session, client: /127.0.0.1:1217, server: xmind.net/127.0.0.1:30073
2021-11-08 11:07:44,691 [myid:127.0.0.1:30073] - INFO  [nioEventLoopGroup-5-1:ClientCnxnSocketNetty$1@184] - channel is connected: [id: 0xf316a580, L:/127.0.0.1:1217 - R:xmind.net/127.0.0.1:30073]
Allow unsafe renegotiation: false
Allow legacy hello messages: true
Is initial handshake: true
Is secure renegotiation: false
Ignoring unsupported cipher suite: TLS_ECDHE_ECDSA_WITH_AES_128_CBC_SHA256 for TLSv1
Ignoring unsupported cipher suite: TLS_ECDHE_RSA_WITH_AES_128_CBC_SHA256 for TLSv1
Ignoring unsupported cipher suite: TLS_RSA_WITH_AES_128_CBC_SHA256 for TLSv1
Ignoring unsupported cipher suite: TLS_ECDH_ECDSA_WITH_AES_128_CBC_SHA256 for TLSv1
Ignoring unsupported cipher suite: TLS_ECDH_RSA_WITH_AES_128_CBC_SHA256 for TLSv1
Ignoring unsupported cipher suite: TLS_DHE_RSA_WITH_AES_128_CBC_SHA256 for TLSv1
Ignoring unsupported cipher suite: TLS_DHE_DSS_WITH_AES_128_CBC_SHA256 for TLSv1
Ignoring unsupported cipher suite: TLS_ECDHE_ECDSA_WITH_AES_128_CBC_SHA256 for TLSv1.1
Ignoring unsupported cipher suite: TLS_ECDHE_RSA_WITH_AES_128_CBC_SHA256 for TLSv1.1
Ignoring unsupported cipher suite: TLS_RSA_WITH_AES_128_CBC_SHA256 for TLSv1.1
Ignoring unsupported cipher suite: TLS_ECDH_ECDSA_WITH_AES_128_CBC_SHA256 for TLSv1.1
Ignoring unsupported cipher suite: TLS_ECDH_RSA_WITH_AES_128_CBC_SHA256 for TLSv1.1
Ignoring unsupported cipher suite: TLS_DHE_RSA_WITH_AES_128_CBC_SHA256 for TLSv1.1
Ignoring unsupported cipher suite: TLS_DHE_DSS_WITH_AES_128_CBC_SHA256 for TLSv1.1
%% No cached client session
*** ClientHello, TLSv1.2
RandomCookie:  GMT: 1619497856 bytes = { 37, 113, 135, 137, 102, 41, 119, 68, 142, 108, 128, 8, 238, 99, 224, 47, 70, 12, 96, 152, 4, 175, 2, 222, 40, 9, 37, 85 }
Session ID:  {}
Cipher Suites: [TLS_ECDHE_ECDSA_WITH_AES_128_CBC_SHA256, TLS_ECDHE_RSA_WITH_AES_128_CBC_SHA256, TLS_RSA_WITH_AES_128_CBC_SHA256, TLS_ECDH_ECDSA_WITH_AES_128_CBC_SHA256, TLS_ECDH_RSA_WITH_AES_128_CBC_SHA256, TLS_DHE_RSA_WITH_AES_128_CBC_SHA256, TLS_DHE_DSS_WITH_AES_128_CBC_SHA256, TLS_ECDHE_ECDSA_WITH_AES_128_CBC_SHA, TLS_ECDHE_RSA_WITH_AES_128_CBC_SHA, TLS_RSA_WITH_AES_128_CBC_SHA, TLS_ECDH_ECDSA_WITH_AES_128_CBC_SHA, TLS_ECDH_RSA_WITH_AES_128_CBC_SHA, TLS_DHE_RSA_WITH_AES_128_CBC_SHA, TLS_DHE_DSS_WITH_AES_128_CBC_SHA, TLS_ECDHE_ECDSA_WITH_AES_128_GCM_SHA256, TLS_ECDHE_RSA_WITH_AES_128_GCM_SHA256, TLS_RSA_WITH_AES_128_GCM_SHA256, TLS_ECDH_ECDSA_WITH_AES_128_GCM_SHA256, TLS_ECDH_RSA_WITH_AES_128_GCM_SHA256, TLS_DHE_RSA_WITH_AES_128_GCM_SHA256, TLS_DHE_DSS_WITH_AES_128_GCM_SHA256, TLS_ECDHE_ECDSA_WITH_3DES_EDE_CBC_SHA, TLS_ECDHE_RSA_WITH_3DES_EDE_CBC_SHA, SSL_RSA_WITH_3DES_EDE_CBC_SHA, TLS_ECDH_ECDSA_WITH_3DES_EDE_CBC_SHA, TLS_ECDH_RSA_WITH_3DES_EDE_CBC_SHA, SSL_DHE_RSA_WITH_3DES_EDE_CBC_SHA, SSL_DHE_DSS_WITH_3DES_EDE_CBC_SHA, TLS_ECDHE_ECDSA_WITH_RC4_128_SHA, TLS_ECDHE_RSA_WITH_RC4_128_SHA, SSL_RSA_WITH_RC4_128_SHA, TLS_ECDH_ECDSA_WITH_RC4_128_SHA, TLS_ECDH_RSA_WITH_RC4_128_SHA, SSL_RSA_WITH_RC4_128_MD5, TLS_EMPTY_RENEGOTIATION_INFO_SCSV]
Compression Methods:  { 0 }
Extension elliptic_curves, curve names: {secp256r1, sect163k1, sect163r2, secp192r1, secp224r1, sect233k1, sect233r1, sect283k1, sect283r1, secp384r1, sect409k1, sect409r1, secp521r1, sect571k1, sect571r1, secp160k1, secp160r1, secp160r2, sect163r1, secp192k1, sect193r1, sect193r2, secp224k1, sect239k1, secp256k1}
Extension ec_point_formats, formats: [uncompressed]
Extension signature_algorithms, signature_algorithms: SHA512withECDSA, SHA512withRSA, SHA384withECDSA, SHA384withRSA, SHA256withECDSA, SHA256withRSA, SHA224withECDSA, SHA224withRSA, SHA1withECDSA, SHA1withRSA, SHA1withDSA, MD5withRSA
Extension server_name, server_name: [type=host_name (0), value=xmind.net]
***
nioEventLoopGroup-5-1, WRITE: TLSv1.2 Handshake, length = 225
trigger seeding of SecureRandom
done seeding SecureRandom
Using SSLEngineImpl.
Ignoring unavailable cipher suite: TLS_DHE_DSS_WITH_AES_256_GCM_SHA384
Ignoring unavailable cipher suite: TLS_RSA_WITH_AES_256_CBC_SHA
Ignoring unavailable cipher suite: TLS_DHE_RSA_WITH_AES_256_GCM_SHA384
Ignoring unavailable cipher suite: TLS_ECDH_ECDSA_WITH_AES_256_CBC_SHA
Ignoring unavailable cipher suite: TLS_ECDHE_ECDSA_WITH_AES_256_GCM_SHA384
Ignoring unavailable cipher suite: TLS_RSA_WITH_AES_256_CBC_SHA256
Ignoring unavailable cipher suite: TLS_DHE_DSS_WITH_AES_256_CBC_SHA
Ignoring unavailable cipher suite: TLS_ECDH_ECDSA_WITH_AES_256_GCM_SHA384
Ignoring unavailable cipher suite: TLS_ECDH_RSA_WITH_AES_256_CBC_SHA384
Ignoring unavailable cipher suite: TLS_RSA_WITH_AES_256_GCM_SHA384
Ignoring unavailable cipher suite: TLS_ECDH_ECDSA_WITH_AES_256_CBC_SHA384
Ignoring unavailable cipher suite: TLS_ECDHE_RSA_WITH_AES_256_CBC_SHA384
Ignoring unavailable cipher suite: TLS_ECDH_RSA_WITH_AES_256_CBC_SHA
Ignoring unavailable cipher suite: TLS_ECDH_RSA_WITH_AES_256_GCM_SHA384
Ignoring unavailable cipher suite: TLS_ECDHE_ECDSA_WITH_AES_256_CBC_SHA384
Ignoring unavailable cipher suite: TLS_DHE_RSA_WITH_AES_256_CBC_SHA256
Ignoring unavailable cipher suite: TLS_ECDHE_ECDSA_WITH_AES_256_CBC_SHA
Ignoring unavailable cipher suite: TLS_DHE_DSS_WITH_AES_256_CBC_SHA256
Ignoring unavailable cipher suite: TLS_DHE_RSA_WITH_AES_256_CBC_SHA
Ignoring unavailable cipher suite: TLS_ECDHE_RSA_WITH_AES_256_CBC_SHA
Ignoring unavailable cipher suite: TLS_ECDHE_RSA_WITH_AES_256_GCM_SHA384
2021-11-08 11:07:44,696 [myid:] - WARN  [nioEventLoopGroup-4-8:ChannelInitializer@97] - Failed to initialize a channel. Closing: [id: 0xfb216046, L:/127.0.0.1:30073 - R:/127.0.0.1:1217]
java.lang.IllegalArgumentException: Cannot support TLS_ECDHE_ECDSA_WITH_AES_256_CBC_SHA384 with currently installed providers
	at sun.security.ssl.CipherSuiteList.<init>(CipherSuiteList.java:92)
	at sun.security.ssl.SSLEngineImpl.setEnabledCipherSuites(SSLEngineImpl.java:2038)
	at io.netty.handler.ssl.JdkSslContext.configureAndWrapEngine(JdkSslContext.java:341)
	at io.netty.handler.ssl.JdkSslContext.newEngine(JdkSslContext.java:331)
	at io.netty.handler.ssl.SslContext.newHandler(SslContext.java:956)
	at io.netty.handler.ssl.SslContext.newHandler(SslContext.java:948)
	at org.apache.zookeeper.server.NettyServerCnxnFactory.initSSL(NettyServerCnxnFactory.java:575)
	at org.apache.zookeeper.server.NettyServerCnxnFactory.access$1300(NettyServerCnxnFactory.java:80)
	at org.apache.zookeeper.server.NettyServerCnxnFactory$1.initChannel(NettyServerCnxnFactory.java:540)
	at org.apache.zookeeper.server.NettyServerCnxnFactory$1.initChannel(NettyServerCnxnFactory.java:532)
	at io.netty.channel.ChannelInitializer.initChannel(ChannelInitializer.java:129)
	at io.netty.channel.ChannelInitializer.handlerAdded(ChannelInitializer.java:112)
	at io.netty.channel.AbstractChannelHandlerContext.callHandlerAdded(AbstractChannelHandlerContext.java:938)
	at io.netty.channel.DefaultChannelPipeline.callHandlerAdded0(DefaultChannelPipeline.java:609)
	at io.netty.channel.DefaultChannelPipeline.access$100(DefaultChannelPipeline.java:46)
	at io.netty.channel.DefaultChannelPipeline$PendingHandlerAddedTask.execute(DefaultChannelPipeline.java:1463)
	at io.netty.channel.DefaultChannelPipeline.callHandlerAddedForAllHandlers(DefaultChannelPipeline.java:1115)
	at io.netty.channel.DefaultChannelPipeline.invokeHandlerAddedIfNeeded(DefaultChannelPipeline.java:650)
	at io.netty.channel.AbstractChannel$AbstractUnsafe.register0(AbstractChannel.java:502)
	at io.netty.channel.AbstractChannel$AbstractUnsafe.access$200(AbstractChannel.java:417)
	at io.netty.channel.AbstractChannel$AbstractUnsafe$1.run(AbstractChannel.java:474)
	at io.netty.util.concurrent.AbstractEventExecutor.safeExecute(AbstractEventExecutor.java:164)
	at io.netty.util.concurrent.SingleThreadEventExecutor.runAllTasks(SingleThreadEventExecutor.java:472)
	at io.netty.channel.nio.NioEventLoop.run(NioEventLoop.java:500)
	at io.netty.util.concurrent.SingleThreadEventExecutor$4.run(SingleThreadEventExecutor.java:989)
	at io.netty.util.internal.ThreadExecutorMap$2.run(ThreadExecutorMap.java:74)
	at io.netty.util.concurrent.FastThreadLocalRunnable.run(FastThreadLocalRunnable.java:30)
	at java.lang.Thread.run(Thread.java:745)
nioEventLoopGroup-5-1, called closeOutbound()
nioEventLoopGroup-5-1, closeOutboundInternal()
nioEventLoopGroup-5-1, SEND TLSv1.2 ALERT:  warning, description = close_notify
nioEventLoopGroup-5-1, WRITE: TLSv1.2 Alert, length = 2
nioEventLoopGroup-5-1, called closeInbound()
nioEventLoopGroup-5-1, fatal error: 80: Inbound closed before receiving peer's close_notify: possible truncation attack?
javax.net.ssl.SSLException: Inbound closed before receiving peer's close_notify: possible truncation attack?
nioEventLoopGroup-5-1, SEND TLSv1.2 ALERT:  fatal, description = internal_error
nioEventLoopGroup-5-1, Exception sending alert: java.io.IOException: writer side was already closed.
2021-11-08 11:07:44,697 [myid:127.0.0.1:30073] - INFO  [nioEventLoopGroup-5-1:ClientCnxnSocketNetty$ZKClientHandler@469] - channel is disconnected: [id: 0xf316a580, L:/127.0.0.1:1217 ! R:xmind.net/127.0.0.1:30073]
2021-11-08 11:07:44,698 [myid:127.0.0.1:30073] - INFO  [nioEventLoopGroup-5-1:ClientCnxnSocketNetty@249] - channel is told closing
2021-11-08 11:07:44,698 [myid:127.0.0.1:30073] - WARN  [main-SendThread(127.0.0.1:30073):ClientCnxn$SendThread@1290] - Session 0x0 for sever xmind.net/127.0.0.1:30073, Closing socket connection. Attempting reconnect except it is a SessionExpiredException.
EndOfStreamException: channel for sessionid 0x0 is lost
	at org.apache.zookeeper.ClientCnxnSocketNetty.doTransport(ClientCnxnSocketNetty.java:285)
	at org.apache.zookeeper.ClientCnxn$SendThread.run(ClientCnxn.java:1280)
2021-11-08 11:07:46,210 [myid:127.0.0.1:30073] - INFO  [main-SendThread(127.0.0.1:30073):ClientCnxn$SendThread@1171] - Opening socket connection to server xmind.net/127.0.0.1:30073.
2021-11-08 11:07:46,210 [myid:127.0.0.1:30073] - INFO  [main-SendThread(127.0.0.1:30073):ClientCnxn$SendThread@1173] - SASL config status: Will not attempt to authenticate using SASL (unknown error)
adding as trusted cert:
  Subject: CN=localhost, OU=ZooKeeper, O=Apache, L=Unknown, ST=Unknown, C=Unknown
  Issuer:  CN=localhost, OU=ZooKeeper, O=Apache, L=Unknown, ST=Unknown, C=Unknown
  Algorithm: RSA; Serial number: 0x7334b506
  Valid from Sat Jan 31 02:57:30 CST 2015 until Wed Feb 08 02:57:30 CST 3015

trigger seeding of SecureRandom
done seeding SecureRandom
Using SSLEngineImpl.
Ignoring unavailable cipher suite: TLS_DHE_DSS_WITH_AES_256_GCM_SHA384
Ignoring unavailable cipher suite: TLS_RSA_WITH_AES_256_CBC_SHA
Ignoring unavailable cipher suite: TLS_DHE_RSA_WITH_AES_256_GCM_SHA384
Ignoring unavailable cipher suite: TLS_ECDH_ECDSA_WITH_AES_256_CBC_SHA
Ignoring unavailable cipher suite: TLS_ECDHE_ECDSA_WITH_AES_256_GCM_SHA384
Ignoring unavailable cipher suite: TLS_RSA_WITH_AES_256_CBC_SHA256
Ignoring unavailable cipher suite: TLS_DHE_DSS_WITH_AES_256_CBC_SHA
Ignoring unavailable cipher suite: TLS_ECDH_ECDSA_WITH_AES_256_GCM_SHA384
Ignoring unavailable cipher suite: TLS_ECDH_RSA_WITH_AES_256_CBC_SHA384
Ignoring unavailable cipher suite: TLS_RSA_WITH_AES_256_GCM_SHA384
Ignoring unavailable cipher suite: TLS_ECDH_ECDSA_WITH_AES_256_CBC_SHA384
Ignoring unavailable cipher suite: TLS_ECDHE_RSA_WITH_AES_256_CBC_SHA384
Ignoring unavailable cipher suite: TLS_ECDH_RSA_WITH_AES_256_CBC_SHA
Ignoring unavailable cipher suite: TLS_ECDH_RSA_WITH_AES_256_GCM_SHA384
Ignoring unavailable cipher suite: TLS_ECDHE_ECDSA_WITH_AES_256_CBC_SHA384
Ignoring unavailable cipher suite: TLS_DHE_RSA_WITH_AES_256_CBC_SHA256
Ignoring unavailable cipher suite: TLS_ECDHE_ECDSA_WITH_AES_256_CBC_SHA
Ignoring unavailable cipher suite: TLS_DHE_DSS_WITH_AES_256_CBC_SHA256
Ignoring unavailable cipher suite: TLS_DHE_RSA_WITH_AES_256_CBC_SHA
Ignoring unavailable cipher suite: TLS_ECDHE_RSA_WITH_AES_256_CBC_SHA
Ignoring unavailable cipher suite: TLS_ECDHE_RSA_WITH_AES_256_GCM_SHA384
2021-11-08 11:07:46,212 [myid:127.0.0.1:30073] - INFO  [nioEventLoopGroup-5-1:ClientCnxnSocketNetty$ZKClientPipelineFactory@454] - SSL handler added for channel: [id: 0x6d8aaf89]
2021-11-08 11:07:46,213 [myid:127.0.0.1:30073] - INFO  [nioEventLoopGroup-5-1:ClientCnxn$SendThread@1005] - Socket connection established, initiating session, client: /127.0.0.1:1240, server: xmind.net/127.0.0.1:30073
2021-11-08 11:07:46,213 [myid:127.0.0.1:30073] - INFO  [nioEventLoopGroup-5-1:ClientCnxnSocketNetty$1@184] - channel is connected: [id: 0x6d8aaf89, L:/127.0.0.1:1240 - R:xmind.net/127.0.0.1:30073]
Allow unsafe renegotiation: false
Allow legacy hello messages: true
Is initial handshake: true
Is secure renegotiation: false
Ignoring unsupported cipher suite: TLS_ECDHE_ECDSA_WITH_AES_128_CBC_SHA256 for TLSv1
Ignoring unsupported cipher suite: TLS_ECDHE_RSA_WITH_AES_128_CBC_SHA256 for TLSv1
Ignoring unsupported cipher suite: TLS_RSA_WITH_AES_128_CBC_SHA256 for TLSv1
Ignoring unsupported cipher suite: TLS_ECDH_ECDSA_WITH_AES_128_CBC_SHA256 for TLSv1
Ignoring unsupported cipher suite: TLS_ECDH_RSA_WITH_AES_128_CBC_SHA256 for TLSv1
Ignoring unsupported cipher suite: TLS_DHE_RSA_WITH_AES_128_CBC_SHA256 for TLSv1
Ignoring unsupported cipher suite: TLS_DHE_DSS_WITH_AES_128_CBC_SHA256 for TLSv1
Ignoring unsupported cipher suite: TLS_ECDHE_ECDSA_WITH_AES_128_CBC_SHA256 for TLSv1.1
Ignoring unsupported cipher suite: TLS_ECDHE_RSA_WITH_AES_128_CBC_SHA256 for TLSv1.1
Ignoring unsupported cipher suite: TLS_RSA_WITH_AES_128_CBC_SHA256 for TLSv1.1
Ignoring unsupported cipher suite: TLS_ECDH_ECDSA_WITH_AES_128_CBC_SHA256 for TLSv1.1
Ignoring unsupported cipher suite: TLS_ECDH_RSA_WITH_AES_128_CBC_SHA256 for TLSv1.1
Ignoring unsupported cipher suite: TLS_DHE_RSA_WITH_AES_128_CBC_SHA256 for TLSv1.1
Ignoring unsupported cipher suite: TLS_DHE_DSS_WITH_AES_128_CBC_SHA256 for TLSv1.1
%% No cached client session
*** ClientHello, TLSv1.2
RandomCookie:  GMT: 1619497858 bytes = { 67, 245, 252, 182, 240, 66, 238, 134, 17, 143, 130, 60, 190, 71, 15, 4, 147, 61, 202, 185, 214, 134, 242, 234, trigger seeding of SecureRandom
22, done seeding SecureRandom
243, 88, 36 }
Session ID:  Using SSLEngineImpl.
{}
Cipher Suites: [TLS_ECDHE_ECDSA_WITH_AES_128_CBC_SHA256, TLS_ECDHE_RSA_WITH_AES_128_CBC_SHA256, TLS_RSA_WITH_AES_128_CBC_SHA256, TLS_ECDH_ECDSA_WITH_AES_128_CBC_SHA256, TLS_ECDH_RSA_WITH_AES_128_CBC_SHA256, TLS_DHE_RSA_WITH_AES_128_CBC_SHA256, TLS_DHE_DSS_WITH_AES_128_CBC_SHA256, TLS_ECDHE_ECDSA_WITH_AES_128_CBC_SHA, TLS_ECDHE_RSA_WITH_AES_128_CBC_SHA, TLS_RSA_WITH_AES_128_CBC_SHA, TLS_ECDH_ECDSA_WITH_AES_128_CBC_SHA, TLS_ECDH_RSA_WITH_AES_128_CBC_SHA, TLS_DHE_RSA_WITH_AES_128_CBC_SHA, TLS_DHE_DSS_WITH_AES_128_CBC_SHA, TLS_ECDHE_ECDSA_WITH_AES_128_GCM_SHA256, TLS_ECDHE_RSA_WITH_AES_128_GCM_SHA256, TLS_RSA_WITH_AES_128_GCM_SHA256, TLS_ECDH_ECDSA_WITH_AES_128_GCM_SHA256, TLS_ECDH_RSA_WITH_AES_128_GCM_SHA256, TLS_DHE_RSA_WITH_AES_128_GCM_SHA256, TLS_DHE_DSS_WITH_AES_128_GCM_SHA256, TLS_ECDHE_ECDSA_WITH_3DES_EDE_CBC_SHA, TLS_ECDHE_RSA_WITH_3DES_EDE_CBC_SHA, SSL_RSA_WITH_3DES_EDE_CBC_SHA, TLS_ECDH_ECDSA_WITH_3DES_EDE_CBC_SHA, TLS_ECDH_RSA_WITH_3DES_EDE_CBC_SHA, SSL_DHE_RSA_WITH_3DES_EDE_CBC_SHA, SSL_DHE_DSS_WITH_3DES_EDE_CBC_SHA, TLS_ECDHE_ECDSA_WITH_RC4_128_SHA, TLS_ECDHE_RSA_WITH_RC4_128_SHA, SSL_RSA_WITH_RC4_128_SHA, TLS_ECDH_ECDSA_WITH_RC4_128_SHA, TLS_ECDH_RSA_WITH_RC4_128_SHA, SSL_RSA_WITH_RC4_128_MD5, TLS_EMPTY_RENEGOTIATION_INFO_SCSV]
Compression Methods:  { Ignoring unavailable cipher suite: TLS_DHE_DSS_WITH_AES_256_GCM_SHA384
0 }
Ignoring unavailable cipher suite: TLS_RSA_WITH_AES_256_CBC_SHA
Extension elliptic_curves, curve names: {secp256r1, sect163k1, sect163r2, secp192r1, secp224r1, sect233k1, sect233r1, sect283k1, sect283r1, secp384r1, sect409k1, sect409r1, secp521r1, sect571k1, sect571r1, secp160k1, secp160r1, secp160r2, sect163r1, secp192k1, sect193r1, sect193r2, secp224k1, sect239k1, secp256k1}
Extension ec_point_formats, formats: [uncompressed]
Extension signature_algorithms, signature_algorithms: SHA512withECDSA, SHA512withRSA, SHA384withECDSA, SHA384withRSA, SHA256withECDSA, SHA256withRSA, SHA224withECDSA, SHA224withRSA, SHA1withECDSA, SHA1withRSA, SHA1withDSA, MD5withRSA
Extension server_name, server_name: [type=host_name (0), value=xmind.net]
***
nioEventLoopGroup-5-1, WRITE: TLSv1.2 Handshake, length = 225
Ignoring unavailable cipher suite: TLS_DHE_RSA_WITH_AES_256_GCM_SHA384
Ignoring unavailable cipher suite: TLS_ECDH_ECDSA_WITH_AES_256_CBC_SHA
Ignoring unavailable cipher suite: TLS_ECDHE_ECDSA_WITH_AES_256_GCM_SHA384
Ignoring unavailable cipher suite: TLS_RSA_WITH_AES_256_CBC_SHA256
Ignoring unavailable cipher suite: TLS_DHE_DSS_WITH_AES_256_CBC_SHA
Ignoring unavailable cipher suite: TLS_ECDH_ECDSA_WITH_AES_256_GCM_SHA384
Ignoring unavailable cipher suite: TLS_ECDH_RSA_WITH_AES_256_CBC_SHA384
Ignoring unavailable cipher suite: TLS_RSA_WITH_AES_256_GCM_SHA384
Ignoring unavailable cipher suite: TLS_ECDH_ECDSA_WITH_AES_256_CBC_SHA384
Ignoring unavailable cipher suite: TLS_ECDHE_RSA_WITH_AES_256_CBC_SHA384
Ignoring unavailable cipher suite: TLS_ECDH_RSA_WITH_AES_256_CBC_SHA
Ignoring unavailable cipher suite: TLS_ECDH_RSA_WITH_AES_256_GCM_SHA384
Ignoring unavailable cipher suite: TLS_ECDHE_ECDSA_WITH_AES_256_CBC_SHA384
Ignoring unavailable cipher suite: TLS_DHE_RSA_WITH_AES_256_CBC_SHA256
Ignoring unavailable cipher suite: TLS_ECDHE_ECDSA_WITH_AES_256_CBC_SHA
Ignoring unavailable cipher suite: TLS_DHE_DSS_WITH_AES_256_CBC_SHA256
Ignoring unavailable cipher suite: TLS_DHE_RSA_WITH_AES_256_CBC_SHA
Ignoring unavailable cipher suite: TLS_ECDHE_RSA_WITH_AES_256_CBC_SHA
Ignoring unavailable cipher suite: TLS_ECDHE_RSA_WITH_AES_256_GCM_SHA384
2021-11-08 11:07:46,215 [myid:] - WARN  [nioEventLoopGroup-4-9:ChannelInitializer@97] - Failed to initialize a channel. Closing: [id: 0x1270f054, L:/127.0.0.1:30073 - R:/127.0.0.1:1240]
java.lang.IllegalArgumentException: Cannot support TLS_ECDHE_ECDSA_WITH_AES_256_CBC_SHA384 with currently installed providers
	at sun.security.ssl.CipherSuiteList.<init>(CipherSuiteList.java:92)
	at sun.security.ssl.SSLEngineImpl.setEnabledCipherSuites(SSLEngineImpl.java:2038)
	at io.netty.handler.ssl.JdkSslContext.configureAndWrapEngine(JdkSslContext.java:341)
	at io.netty.handler.ssl.JdkSslContext.newEngine(JdkSslContext.java:331)
	at io.netty.handler.ssl.SslContext.newHandler(SslContext.java:956)
	at io.netty.handler.ssl.SslContext.newHandler(SslContext.java:948)
	at org.apache.zookeeper.server.NettyServerCnxnFactory.initSSL(NettyServerCnxnFactory.java:575)
	at org.apache.zookeeper.server.NettyServerCnxnFactory.access$1300(NettyServerCnxnFactory.java:80)
	at org.apache.zookeeper.server.NettyServerCnxnFactory$1.initChannel(NettyServerCnxnFactory.java:540)
	at org.apache.zookeeper.server.NettyServerCnxnFactory$1.initChannel(NettyServerCnxnFactory.java:532)
	at io.netty.channel.ChannelInitializer.initChannel(ChannelInitializer.java:129)
	at io.netty.channel.ChannelInitializer.handlerAdded(ChannelInitializer.java:112)
	at io.netty.channel.AbstractChannelHandlerContext.callHandlerAdded(AbstractChannelHandlerContext.java:938)
	at io.netty.channel.DefaultChannelPipeline.callHandlerAdded0(DefaultChannelPipeline.java:609)
	at io.netty.channel.DefaultChannelPipeline.access$100(DefaultChannelPipeline.java:46)
	at io.netty.channel.DefaultChannelPipeline$PendingHandlerAddedTask.execute(DefaultChannelPipeline.java:1463)
	at io.netty.channel.DefaultChannelPipeline.callHandlerAddedForAllHandlers(DefaultChannelPipeline.java:1115)
	at io.netty.channel.DefaultChannelPipeline.invokeHandlerAddedIfNeeded(DefaultChannelPipeline.java:650)
	at io.netty.channel.AbstractChannel$AbstractUnsafe.register0(AbstractChannel.java:502)
	at io.netty.channel.AbstractChannel$AbstractUnsafe.access$200(AbstractChannel.java:417)
	at io.netty.channel.AbstractChannel$AbstractUnsafe$1.run(AbstractChannel.java:474)
	at io.netty.util.concurrent.AbstractEventExecutor.safeExecute(AbstractEventExecutor.java:164)
	at io.netty.util.concurrent.SingleThreadEventExecutor.runAllTasks(SingleThreadEventExecutor.java:472)
	at io.netty.channel.nio.NioEventLoop.run(NioEventLoop.java:500)
	at io.netty.util.concurrent.SingleThreadEventExecutor$4.run(SingleThreadEventExecutor.java:989)
	at io.netty.util.internal.ThreadExecutorMap$2.run(ThreadExecutorMap.java:74)
	at io.netty.util.concurrent.FastThreadLocalRunnable.run(FastThreadLocalRunnable.java:30)
	at java.lang.Thread.run(Thread.java:745)
nioEventLoopGroup-5-1, called closeOutbound()
nioEventLoopGroup-5-1, closeOutboundInternal()
nioEventLoopGroup-5-1, SEND TLSv1.2 ALERT:  warning, description = close_notify
nioEventLoopGroup-5-1, WRITE: TLSv1.2 Alert, length = 2
nioEventLoopGroup-5-1, called closeInbound()
nioEventLoopGroup-5-1, fatal error: 80: Inbound closed before receiving peer's close_notify: possible truncation attack?
javax.net.ssl.SSLException: Inbound closed before receiving peer's close_notify: possible truncation attack?
nioEventLoopGroup-5-1, SEND TLSv1.2 ALERT:  fatal, description = internal_error
nioEventLoopGroup-5-1, Exception sending alert: java.io.IOException: writer side was already closed.
2021-11-08 11:07:46,216 [myid:127.0.0.1:30073] - INFO  [nioEventLoopGroup-5-1:ClientCnxnSocketNetty$ZKClientHandler@469] - channel is disconnected: [id: 0x6d8aaf89, L:/127.0.0.1:1240 ! R:xmind.net/127.0.0.1:30073]
2021-11-08 11:07:46,216 [myid:127.0.0.1:30073] - INFO  [nioEventLoopGroup-5-1:ClientCnxnSocketNetty@249] - channel is told closing
2021-11-08 11:07:46,216 [myid:127.0.0.1:30073] - WARN  [main-SendThread(127.0.0.1:30073):ClientCnxn$SendThread@1290] - Session 0x0 for sever xmind.net/127.0.0.1:30073, Closing socket connection. Attempting reconnect except it is a SessionExpiredException.
EndOfStreamException: channel for sessionid 0x0 is lost
	at org.apache.zookeeper.ClientCnxnSocketNetty.doTransport(ClientCnxnSocketNetty.java:285)
	at org.apache.zookeeper.ClientCnxn$SendThread.run(ClientCnxn.java:1280)
2021-11-08 11:07:47,281 [myid:127.0.0.1:30073] - INFO  [main-SendThread(127.0.0.1:30073):ClientCnxn$SendThread@1171] - Opening socket connection to server xmind.net/127.0.0.1:30073.
2021-11-08 11:07:47,281 [myid:127.0.0.1:30073] - INFO  [main-SendThread(127.0.0.1:30073):ClientCnxn$SendThread@1173] - SASL config status: Will not attempt to authenticate using SASL (unknown error)
adding as trusted cert:
  Subject: CN=localhost, OU=ZooKeeper, O=Apache, L=Unknown, ST=Unknown, C=Unknown
  Issuer:  CN=localhost, OU=ZooKeeper, O=Apache, L=Unknown, ST=Unknown, C=Unknown
  Algorithm: RSA; Serial number: 0x7334b506
  Valid from Sat Jan 31 02:57:30 CST 2015 until Wed Feb 08 02:57:30 CST 3015

trigger seeding of SecureRandom
done seeding SecureRandom
Using SSLEngineImpl.
Ignoring unavailable cipher suite: TLS_DHE_DSS_WITH_AES_256_GCM_SHA384
Ignoring unavailable cipher suite: TLS_RSA_WITH_AES_256_CBC_SHA
Ignoring unavailable cipher suite: TLS_DHE_RSA_WITH_AES_256_GCM_SHA384
Ignoring unavailable cipher suite: TLS_ECDH_ECDSA_WITH_AES_256_CBC_SHA
Ignoring unavailable cipher suite: TLS_ECDHE_ECDSA_WITH_AES_256_GCM_SHA384
Ignoring unavailable cipher suite: TLS_RSA_WITH_AES_256_CBC_SHA256
Ignoring unavailable cipher suite: TLS_DHE_DSS_WITH_AES_256_CBC_SHA
Ignoring unavailable cipher suite: TLS_ECDH_ECDSA_WITH_AES_256_GCM_SHA384
Ignoring unavailable cipher suite: TLS_ECDH_RSA_WITH_AES_256_CBC_SHA384
Ignoring unavailable cipher suite: TLS_RSA_WITH_AES_256_GCM_SHA384
Ignoring unavailable cipher suite: TLS_ECDH_ECDSA_WITH_AES_256_CBC_SHA384
Ignoring unavailable cipher suite: TLS_ECDHE_RSA_WITH_AES_256_CBC_SHA384
Ignoring unavailable cipher suite: TLS_ECDH_RSA_WITH_AES_256_CBC_SHA
Ignoring unavailable cipher suite: TLS_ECDH_RSA_WITH_AES_256_GCM_SHA384
Ignoring unavailable cipher suite: TLS_ECDHE_ECDSA_WITH_AES_256_CBC_SHA384
Ignoring unavailable cipher suite: TLS_DHE_RSA_WITH_AES_256_CBC_SHA256
Ignoring unavailable cipher suite: TLS_ECDHE_ECDSA_WITH_AES_256_CBC_SHA
Ignoring unavailable cipher suite: TLS_DHE_DSS_WITH_AES_256_CBC_SHA256
Ignoring unavailable cipher suite: TLS_DHE_RSA_WITH_AES_256_CBC_SHA
Ignoring unavailable cipher suite: TLS_ECDHE_RSA_WITH_AES_256_CBC_SHA
Ignoring unavailable cipher suite: TLS_ECDHE_RSA_WITH_AES_256_GCM_SHA384
2021-11-08 11:07:47,283 [myid:127.0.0.1:30073] - INFO  [nioEventLoopGroup-5-1:ClientCnxnSocketNetty$ZKClientPipelineFactory@454] - SSL handler added for channel: [id: 0x54328e34]
2021-11-08 11:07:47,284 [myid:127.0.0.1:30073] - INFO  [nioEventLoopGroup-5-1:ClientCnxn$SendThread@1005] - Socket connection established, initiating session, client: /127.0.0.1:1262, server: xmind.net/127.0.0.1:30073
2021-11-08 11:07:47,284 [myid:127.0.0.1:30073] - INFO  [nioEventLoopGroup-5-1:ClientCnxnSocketNetty$1@184] - channel is connected: [id: 0x54328e34, L:/127.0.0.1:1262 - R:xmind.net/127.0.0.1:30073]
Allow unsafe renegotiation: false
Allow legacy hello messages: true
Is initial handshake: true
Is secure renegotiation: false
Ignoring unsupported cipher suite: TLS_ECDHE_ECDSA_WITH_AES_128_CBC_SHA256 for TLSv1
Ignoring unsupported cipher suite: TLS_ECDHE_RSA_WITH_AES_128_CBC_SHA256 for TLSv1
Ignoring unsupported cipher suite: TLS_RSA_WITH_AES_128_CBC_SHA256 for TLSv1
Ignoring unsupported cipher suite: TLS_ECDH_ECDSA_WITH_AES_128_CBC_SHA256 for TLSv1
Ignoring unsupported cipher suite: TLS_ECDH_RSA_WITH_AES_128_CBC_SHA256 for TLSv1
Ignoring unsupported cipher suite: TLS_DHE_RSA_WITH_AES_128_CBC_SHA256 for TLSv1
Ignoring unsupported cipher suite: TLS_DHE_DSS_WITH_AES_128_CBC_SHA256 for TLSv1
Ignoring unsupported cipher suite: TLS_ECDHE_ECDSA_WITH_AES_128_CBC_SHA256 for TLSv1.1
Ignoring unsupported cipher suite: TLS_ECDHE_RSA_WITH_AES_128_CBC_SHA256 for TLSv1.1
Ignoring unsupported cipher suite: TLS_RSA_WITH_AES_128_CBC_SHA256 for TLSv1.1
Ignoring unsupported cipher suite: TLS_ECDH_ECDSA_WITH_AES_128_CBC_SHA256 for TLSv1.1
Ignoring unsupported cipher suite: TLS_ECDH_RSA_WITH_AES_128_CBC_SHA256 for TLSv1.1
Ignoring unsupported cipher suite: TLS_DHE_RSA_WITH_AES_128_CBC_SHA256 for TLSv1.1
Ignoring unsupported cipher suite: TLS_DHE_DSS_WITH_AES_128_CBC_SHA256 for TLSv1.1
%% No cached client session
*** ClientHello, TLSv1.2
RandomCookie:  GMT: 1619497859 bytes = { trigger seeding of SecureRandom
117done seeding SecureRandom
, 39, Using SSLEngineImpl.
168, 67, 117, 90, 120, 11, 121, 248, 22, Ignoring unavailable cipher suite: TLS_DHE_DSS_WITH_AES_256_GCM_SHA384
251, 218, 107, 191, 77, 236, 208, 79, 10, 63, 225, 2, 214, 95, 146, 71, 199 }
Session ID:  {}Ignoring unavailable cipher suite: TLS_RSA_WITH_AES_256_CBC_SHA

Cipher Suites: [TLS_ECDHE_ECDSA_WITH_AES_128_CBC_SHA256, TLS_ECDHE_RSA_WITH_AES_128_CBC_SHA256, TLS_RSA_WITH_AES_128_CBC_SHA256, TLS_ECDH_ECDSA_WITH_AES_128_CBC_SHA256, TLS_ECDH_RSA_WITH_AES_128_CBC_SHA256, TLS_DHE_RSA_WITH_AES_128_CBC_SHA256, TLS_DHE_DSS_WITH_AES_128_CBC_SHA256, TLS_ECDHE_ECDSA_WITH_AES_128_CBC_SHA, TLS_ECDHE_RSA_WITH_AES_128_CBC_SHA, TLS_RSA_WITH_AES_128_CBC_SHA, TLS_ECDH_ECDSA_WITH_AES_128_CBC_SHA, TLS_ECDH_RSA_WITH_AES_128_CBC_SHA, TLS_DHE_RSA_WITH_AES_128_CBC_SHA, TLS_DHE_DSS_WITH_AES_128_CBC_SHA, TLS_ECDHE_ECDSA_WITH_AES_128_GCM_SHA256, TLS_ECDHE_RSA_WITH_AES_128_GCM_SHA256, TLS_RSA_WITH_AES_128_GCM_SHA256, TLS_ECDH_ECDSA_WITH_AES_128_GCM_SHA256, TLS_ECDH_RSA_WITH_AES_128_GCM_SHA256, TLS_DHE_RSA_WITH_AES_128_GCM_SHA256, TLS_DHE_DSS_WITH_AES_128_GCM_SHA256, TLS_ECDHE_ECDSA_WITH_3DES_EDE_CBC_SHA, TLS_ECDHE_RSA_WITH_3DES_EDE_CBC_SHA, SSL_RSA_WITH_3DES_EDE_CBC_SHA, TLS_ECDH_ECDSA_WITH_3DES_EDE_CBC_SHA, TLS_ECDH_RSA_WITH_3DES_EDE_CBC_SHA, SSL_DHE_RSA_WITH_3DES_EDE_CBC_SHA, SSL_DHE_DSS_WITH_3DES_EDE_CBC_SHA, TLS_ECDHE_ECDSA_WITH_RC4_128_SHA, TLS_ECDHE_RSA_WITH_RC4_128_SHA, SSL_RSA_WITH_RC4_128_SHA, TLS_ECDH_ECDSA_WITH_RC4_128_SHA, TLS_ECDH_RSA_WITH_RC4_128_SHA, SSL_RSA_WITH_RC4_128_MD5, TLS_EMPTY_RENEGOTIATION_INFO_SCSV]
Compression Methods:  { 0 }
Ignoring unavailable cipher suite: TLS_DHE_RSA_WITH_AES_256_GCM_SHA384
Ignoring unavailable cipher suite: TLS_ECDH_ECDSA_WITH_AES_256_CBC_SHA
Ignoring unavailable cipher suite: TLS_ECDHE_ECDSA_WITH_AES_256_GCM_SHA384
Ignoring unavailable cipher suite: TLS_RSA_WITH_AES_256_CBC_SHA256
Ignoring unavailable cipher suite: TLS_DHE_DSS_WITH_AES_256_CBC_SHA
Extension elliptic_curves, curve names: {secp256r1, sect163k1, sect163r2, secp192r1, secp224r1, sect233k1, sect233r1, sect283k1, sect283r1, secp384r1, sect409k1, sect409r1, secp521r1, sect571k1, sect571r1, secp160k1, secp160r1, secp160r2, sect163r1, secp192k1, sect193r1, sect193r2, secp224k1, sect239k1, secp256k1}
Extension ec_point_formats, formats: [uncompressed]
Ignoring unavailable cipher suite: TLS_ECDH_ECDSA_WITH_AES_256_GCM_SHA384
Extension signature_algorithms, signature_algorithms: SHA512withECDSA, SHA512withRSA, SHA384withECDSA, SHA384withRSA, SHA256withECDSA, SHA256withRSA, SHA224withECDSA, SHA224withRSA, SHA1withECDSA, SHA1withRSA, SHA1withDSA, MD5withRSA
Extension server_name, server_name: [type=host_name (0), value=xmind.net]
***
Ignoring unavailable cipher suite: TLS_ECDH_RSA_WITH_AES_256_CBC_SHA384
nioEventLoopGroup-5-1, WRITE: TLSv1.2 Handshake, length = 225
Ignoring unavailable cipher suite: TLS_RSA_WITH_AES_256_GCM_SHA384
Ignoring unavailable cipher suite: TLS_ECDH_ECDSA_WITH_AES_256_CBC_SHA384
Ignoring unavailable cipher suite: TLS_ECDHE_RSA_WITH_AES_256_CBC_SHA384
Ignoring unavailable cipher suite: TLS_ECDH_RSA_WITH_AES_256_CBC_SHA
Ignoring unavailable cipher suite: TLS_ECDH_RSA_WITH_AES_256_GCM_SHA384
Ignoring unavailable cipher suite: TLS_ECDHE_ECDSA_WITH_AES_256_CBC_SHA384
Ignoring unavailable cipher suite: TLS_DHE_RSA_WITH_AES_256_CBC_SHA256
Ignoring unavailable cipher suite: TLS_ECDHE_ECDSA_WITH_AES_256_CBC_SHA
Ignoring unavailable cipher suite: TLS_DHE_DSS_WITH_AES_256_CBC_SHA256
Ignoring unavailable cipher suite: TLS_DHE_RSA_WITH_AES_256_CBC_SHA
Ignoring unavailable cipher suite: TLS_ECDHE_RSA_WITH_AES_256_CBC_SHA
Ignoring unavailable cipher suite: TLS_ECDHE_RSA_WITH_AES_256_GCM_SHA384
2021-11-08 11:07:47,285 [myid:] - WARN  [nioEventLoopGroup-4-10:ChannelInitializer@97] - Failed to initialize a channel. Closing: [id: 0x0aba93bf, L:/127.0.0.1:30073 - R:/127.0.0.1:1262]
java.lang.IllegalArgumentException: Cannot support TLS_ECDHE_ECDSA_WITH_AES_256_CBC_SHA384 with currently installed providers
	at sun.security.ssl.CipherSuiteList.<init>(CipherSuiteList.java:92)
	at sun.security.ssl.SSLEngineImpl.setEnabledCipherSuites(SSLEngineImpl.java:2038)
	at io.netty.handler.ssl.JdkSslContext.configureAndWrapEngine(JdkSslContext.java:341)
	at io.netty.handler.ssl.JdkSslContext.newEngine(JdkSslContext.java:331)
	at io.netty.handler.ssl.SslContext.newHandler(SslContext.java:956)
	at io.netty.handler.ssl.SslContext.newHandler(SslContext.java:948)
	at org.apache.zookeeper.server.NettyServerCnxnFactory.initSSL(NettyServerCnxnFactory.java:575)
	at org.apache.zookeeper.server.NettyServerCnxnFactory.access$1300(NettyServerCnxnFactory.java:80)
	at org.apache.zookeeper.server.NettyServerCnxnFactory$1.initChannel(NettyServerCnxnFactory.java:540)
	at org.apache.zookeeper.server.NettyServerCnxnFactory$1.initChannel(NettyServerCnxnFactory.java:532)
	at io.netty.channel.ChannelInitializer.initChannel(ChannelInitializer.java:129)
	at io.netty.channel.ChannelInitializer.handlerAdded(ChannelInitializer.java:112)
	at io.netty.channel.AbstractChannelHandlerContext.callHandlerAdded(AbstractChannelHandlerContext.java:938)
	at io.netty.channel.DefaultChannelPipeline.callHandlerAdded0(DefaultChannelPipeline.java:609)
	at io.netty.channel.DefaultChannelPipeline.access$100(DefaultChannelPipeline.java:46)
	at io.netty.channel.DefaultChannelPipeline$PendingHandlerAddedTask.execute(DefaultChannelPipeline.java:1463)
	at io.netty.channel.DefaultChannelPipeline.callHandlerAddedForAllHandlers(DefaultChannelPipeline.java:1115)
	at io.netty.channel.DefaultChannelPipeline.invokeHandlerAddedIfNeeded(DefaultChannelPipeline.java:650)
	at io.netty.channel.AbstractChannel$AbstractUnsafe.register0(AbstractChannel.java:502)
	at io.netty.channel.AbstractChannel$AbstractUnsafe.access$200(AbstractChannel.java:417)
	at io.netty.channel.AbstractChannel$AbstractUnsafe$1.run(AbstractChannel.java:474)
	at io.netty.util.concurrent.AbstractEventExecutor.safeExecute(AbstractEventExecutor.java:164)
	at io.netty.util.concurrent.SingleThreadEventExecutor.runAllTasks(SingleThreadEventExecutor.java:472)
	at io.netty.channel.nio.NioEventLoop.run(NioEventLoop.java:500)
	at io.netty.util.concurrent.SingleThreadEventExecutor$4.run(SingleThreadEventExecutor.java:989)
	at io.netty.util.internal.ThreadExecutorMap$2.run(ThreadExecutorMap.java:74)
	at io.netty.util.concurrent.FastThreadLocalRunnable.run(FastThreadLocalRunnable.java:30)
	at java.lang.Thread.run(Thread.java:745)
nioEventLoopGroup-5-1, called closeOutbound()
nioEventLoopGroup-5-1, closeOutboundInternal()
nioEventLoopGroup-5-1, SEND TLSv1.2 ALERT:  warning, description = close_notify
nioEventLoopGroup-5-1, WRITE: TLSv1.2 Alert, length = 2
nioEventLoopGroup-5-1, called closeInbound()
nioEventLoopGroup-5-1, fatal error: 80: Inbound closed before receiving peer's close_notify: possible truncation attack?
javax.net.ssl.SSLException: Inbound closed before receiving peer's close_notify: possible truncation attack?
nioEventLoopGroup-5-1, SEND TLSv1.2 ALERT:  fatal, description = internal_error
nioEventLoopGroup-5-1, Exception sending alert: java.io.IOException: writer side was already closed.
2021-11-08 11:07:47,286 [myid:127.0.0.1:30073] - INFO  [nioEventLoopGroup-5-1:ClientCnxnSocketNetty$ZKClientHandler@469] - channel is disconnected: [id: 0x54328e34, L:/127.0.0.1:1262 ! R:xmind.net/127.0.0.1:30073]
2021-11-08 11:07:47,287 [myid:127.0.0.1:30073] - INFO  [nioEventLoopGroup-5-1:ClientCnxnSocketNetty@249] - channel is told closing
2021-11-08 11:07:47,287 [myid:127.0.0.1:30073] - WARN  [main-SendThread(127.0.0.1:30073):ClientCnxn$SendThread@1290] - Session 0x0 for sever xmind.net/127.0.0.1:30073, Closing socket connection. Attempting reconnect except it is a SessionExpiredException.
EndOfStreamException: channel for sessionid 0x0 is lost
	at org.apache.zookeeper.ClientCnxnSocketNetty.doTransport(ClientCnxnSocketNetty.java:285)
	at org.apache.zookeeper.ClientCnxn$SendThread.run(ClientCnxn.java:1280)
2021-11-08 11:07:48,922 [myid:127.0.0.1:30073] - INFO  [main-SendThread(127.0.0.1:30073):ClientCnxn$SendThread@1171] - Opening socket connection to server xmind.net/127.0.0.1:30073.
2021-11-08 11:07:48,922 [myid:127.0.0.1:30073] - INFO  [main-SendThread(127.0.0.1:30073):ClientCnxn$SendThread@1173] - SASL config status: Will not attempt to authenticate using SASL (unknown error)
adding as trusted cert:
  Subject: CN=localhost, OU=ZooKeeper, O=Apache, L=Unknown, ST=Unknown, C=Unknown
  Issuer:  CN=localhost, OU=ZooKeeper, O=Apache, L=Unknown, ST=Unknown, C=Unknown
  Algorithm: RSA; Serial number: 0x7334b506
  Valid from Sat Jan 31 02:57:30 CST 2015 until Wed Feb 08 02:57:30 CST 3015

trigger seeding of SecureRandom
done seeding SecureRandom
Using SSLEngineImpl.
Ignoring unavailable cipher suite: TLS_DHE_DSS_WITH_AES_256_GCM_SHA384
Ignoring unavailable cipher suite: TLS_RSA_WITH_AES_256_CBC_SHA
Ignoring unavailable cipher suite: TLS_DHE_RSA_WITH_AES_256_GCM_SHA384
Ignoring unavailable cipher suite: TLS_ECDH_ECDSA_WITH_AES_256_CBC_SHA
Ignoring unavailable cipher suite: TLS_ECDHE_ECDSA_WITH_AES_256_GCM_SHA384
Ignoring unavailable cipher suite: TLS_RSA_WITH_AES_256_CBC_SHA256
Ignoring unavailable cipher suite: TLS_DHE_DSS_WITH_AES_256_CBC_SHA
Ignoring unavailable cipher suite: TLS_ECDH_ECDSA_WITH_AES_256_GCM_SHA384
Ignoring unavailable cipher suite: TLS_ECDH_RSA_WITH_AES_256_CBC_SHA384
Ignoring unavailable cipher suite: TLS_RSA_WITH_AES_256_GCM_SHA384
Ignoring unavailable cipher suite: TLS_ECDH_ECDSA_WITH_AES_256_CBC_SHA384
Ignoring unavailable cipher suite: TLS_ECDHE_RSA_WITH_AES_256_CBC_SHA384
Ignoring unavailable cipher suite: TLS_ECDH_RSA_WITH_AES_256_CBC_SHA
Ignoring unavailable cipher suite: TLS_ECDH_RSA_WITH_AES_256_GCM_SHA384
Ignoring unavailable cipher suite: TLS_ECDHE_ECDSA_WITH_AES_256_CBC_SHA384
Ignoring unavailable cipher suite: TLS_DHE_RSA_WITH_AES_256_CBC_SHA256
Ignoring unavailable cipher suite: TLS_ECDHE_ECDSA_WITH_AES_256_CBC_SHA
Ignoring unavailable cipher suite: TLS_DHE_DSS_WITH_AES_256_CBC_SHA256
Ignoring unavailable cipher suite: TLS_DHE_RSA_WITH_AES_256_CBC_SHA
Ignoring unavailable cipher suite: TLS_ECDHE_RSA_WITH_AES_256_CBC_SHA
Ignoring unavailable cipher suite: TLS_ECDHE_RSA_WITH_AES_256_GCM_SHA384
2021-11-08 11:07:48,924 [myid:127.0.0.1:30073] - INFO  [nioEventLoopGroup-5-1:ClientCnxnSocketNetty$ZKClientPipelineFactory@454] - SSL handler added for channel: [id: 0xcc1ea337]
2021-11-08 11:07:48,925 [myid:127.0.0.1:30073] - INFO  [nioEventLoopGroup-5-1:ClientCnxn$SendThread@1005] - Socket connection established, initiating session, client: /127.0.0.1:1338, server: xmind.net/127.0.0.1:30073
2021-11-08 11:07:48,925 [myid:127.0.0.1:30073] - INFO  [nioEventLoopGroup-5-1:ClientCnxnSocketNetty$1@184] - channel is connected: [id: 0xcc1ea337, L:/127.0.0.1:1338 - R:xmind.net/127.0.0.1:30073]
Allow unsafe renegotiation: false
Allow legacy hello messages: true
Is initial handshake: true
Is secure renegotiation: false
Ignoring unsupported cipher suite: TLS_ECDHE_ECDSA_WITH_AES_128_CBC_SHA256 for TLSv1
Ignoring unsupported cipher suite: TLS_ECDHE_RSA_WITH_AES_128_CBC_SHA256 for TLSv1
Ignoring unsupported cipher suite: TLS_RSA_WITH_AES_128_CBC_SHA256 for TLSv1
Ignoring unsupported cipher suite: TLS_ECDH_ECDSA_WITH_AES_128_CBC_SHA256 for TLSv1
Ignoring unsupported cipher suite: TLS_ECDH_RSA_WITH_AES_128_CBC_SHA256 for TLSv1
Ignoring unsupported cipher suite: TLS_DHE_RSA_WITH_AES_128_CBC_SHA256 for TLSv1
Ignoring unsupported cipher suite: TLS_DHE_DSS_WITH_AES_128_CBC_SHA256 for TLSv1
Ignoring unsupported cipher suite: TLS_ECDHE_ECDSA_WITH_AES_128_CBC_SHA256 for TLSv1.1
Ignoring unsupported cipher suite: TLS_ECDHE_RSA_WITH_AES_128_CBC_SHA256 for TLSv1.1
Ignoring unsupported cipher suite: TLS_RSA_WITH_AES_128_CBC_SHA256 for TLSv1.1
Ignoring unsupported cipher suite: TLS_ECDH_ECDSA_WITH_AES_128_CBC_SHA256 for TLSv1.1
Ignoring unsupported cipher suite: TLS_ECDH_RSA_WITH_AES_128_CBC_SHA256 for TLSv1.1
Ignoring unsupported cipher suite: TLS_DHE_RSA_WITH_AES_128_CBC_SHA256 for TLSv1.1
Ignoring unsupported cipher suite: TLS_DHE_DSS_WITH_AES_128_CBC_SHA256 for TLSv1.1
%% No cached client session
*** ClientHello, TLSv1.2
RandomCookie:  GMT: 1619497860 bytes = { 159, 153, 27, 27, 10, 48, 232, 190, 195, 43, 198, 99, 47, 157, 22, 241, 234, 139, 198, 165, 85, 37, 95, 127, 142, 82, 239, 83 }
Session ID:  {}
Cipher Suites: [TLS_ECDHE_ECDSA_WITH_AES_128_CBC_SHA256, TLS_ECDHE_RSA_WITH_AES_128_CBC_SHA256, TLS_RSA_WITH_AES_128_CBC_SHA256, TLS_ECDH_ECDSA_WITH_AES_128_CBC_SHA256, TLS_ECDH_RSA_WITH_AES_128_CBC_SHA256, TLS_DHE_RSA_WITH_AES_128_CBC_SHA256, TLS_DHE_DSS_WITH_AES_128_CBC_SHA256, TLS_ECDHE_ECDSA_WITH_AES_128_CBC_SHA, TLS_ECDHE_RSA_WITH_AES_128_CBC_SHA, TLS_RSA_WITH_AES_128_CBC_SHA, TLS_ECDH_ECDSA_WITH_AES_128_CBC_SHA, TLS_ECDH_RSA_WITH_AES_128_CBC_SHA, TLS_DHE_RSA_WITH_AES_128_CBC_SHA, TLS_DHE_DSS_WITH_AES_128_CBC_SHA, TLS_ECDHE_ECDSA_WITH_AES_128_GCM_SHA256, TLS_ECDHE_RSA_WITH_AES_128_GCM_SHA256, TLS_RSA_WITH_AES_128_GCM_SHA256, TLS_ECDH_ECDSA_WITH_AES_128_GCM_SHA256, TLS_ECDH_RSA_WITH_AES_128_GCM_SHA256, TLS_DHE_RSA_WITH_AES_128_GCM_SHA256, TLS_DHE_DSS_WITH_AES_128_GCM_SHA256, TLS_ECDHE_ECDSA_WITH_3DES_EDE_CBC_SHA, TLS_ECDHE_RSA_WITH_3DES_EDE_CBC_SHA, SSL_RSA_WITH_3DES_EDE_CBC_SHA, TLS_ECDH_ECDSA_WITH_3DES_EDE_CBC_SHA, TLS_ECDH_RSA_WITH_3DES_EDE_CBC_SHA, SSL_DHE_RSA_WITH_3DES_EDE_CBC_SHA, SSL_DHE_DSS_WITH_3DES_EDE_CBC_SHA, TLS_ECDHE_ECDSA_WITH_RC4_128_SHA, TLS_ECDHE_RSA_WITH_RC4_128_SHA, SSL_RSA_WITH_RC4_128_SHA, TLS_ECDH_ECDSA_WITH_RC4_128_SHA, TLS_ECDH_RSA_WITH_RC4_128_SHA, SSL_RSA_WITH_RC4_128_MD5, TLS_EMPTY_RENEGOTIATION_INFO_SCSV]
Compression Methods:  { 0 }
Extension elliptic_curves, curve names: {secp256r1, sect163k1, sect163r2, secp192r1, secp224r1, sect233k1, sect233r1, sect283k1, sect283r1, secp384r1, sect409k1, sect409r1, secp521r1, sect571k1, sect571r1, secp160k1, secp160r1, secp160r2, sect163r1, secp192k1, sect193r1, sect193r2, secp224k1, sect239k1, secp256k1}
Extension ec_point_formats, formats: [uncompressed]
Extension signature_algorithms, signature_algorithms: SHA512withECDSA, SHA512withRSA, SHA384withECDSA, SHA384withRSA, SHA256withECDSA, SHA256withRSA, SHA224withECDSA, SHA224withRSA, SHA1withECDSA, SHA1withRSA, SHA1withDSA, MD5withRSA
Extension server_name, server_name: [type=host_name (0), value=xmind.net]
***
nioEventLoopGroup-5-1, WRITE: TLSv1.2 Handshake, length = 225
trigger seeding of SecureRandom
done seeding SecureRandom
Using SSLEngineImpl.
Ignoring unavailable cipher suite: TLS_DHE_DSS_WITH_AES_256_GCM_SHA384
Ignoring unavailable cipher suite: TLS_RSA_WITH_AES_256_CBC_SHA
Ignoring unavailable cipher suite: TLS_DHE_RSA_WITH_AES_256_GCM_SHA384
Ignoring unavailable cipher suite: TLS_ECDH_ECDSA_WITH_AES_256_CBC_SHA
Ignoring unavailable cipher suite: TLS_ECDHE_ECDSA_WITH_AES_256_GCM_SHA384
Ignoring unavailable cipher suite: TLS_RSA_WITH_AES_256_CBC_SHA256
Ignoring unavailable cipher suite: TLS_DHE_DSS_WITH_AES_256_CBC_SHA
Ignoring unavailable cipher suite: TLS_ECDH_ECDSA_WITH_AES_256_GCM_SHA384
Ignoring unavailable cipher suite: TLS_ECDH_RSA_WITH_AES_256_CBC_SHA384
Ignoring unavailable cipher suite: TLS_RSA_WITH_AES_256_GCM_SHA384
Ignoring unavailable cipher suite: TLS_ECDH_ECDSA_WITH_AES_256_CBC_SHA384
Ignoring unavailable cipher suite: TLS_ECDHE_RSA_WITH_AES_256_CBC_SHA384
Ignoring unavailable cipher suite: TLS_ECDH_RSA_WITH_AES_256_CBC_SHA
Ignoring unavailable cipher suite: TLS_ECDH_RSA_WITH_AES_256_GCM_SHA384
Ignoring unavailable cipher suite: TLS_ECDHE_ECDSA_WITH_AES_256_CBC_SHA384
Ignoring unavailable cipher suite: TLS_DHE_RSA_WITH_AES_256_CBC_SHA256
Ignoring unavailable cipher suite: TLS_ECDHE_ECDSA_WITH_AES_256_CBC_SHA
Ignoring unavailable cipher suite: TLS_DHE_DSS_WITH_AES_256_CBC_SHA256
Ignoring unavailable cipher suite: TLS_DHE_RSA_WITH_AES_256_CBC_SHA
Ignoring unavailable cipher suite: TLS_ECDHE_RSA_WITH_AES_256_CBC_SHA
Ignoring unavailable cipher suite: TLS_ECDHE_RSA_WITH_AES_256_GCM_SHA384
2021-11-08 11:07:48,930 [myid:] - WARN  [nioEventLoopGroup-4-11:ChannelInitializer@97] - Failed to initialize a channel. Closing: [id: 0x710b6597, L:/127.0.0.1:30073 - R:/127.0.0.1:1338]
java.lang.IllegalArgumentException: Cannot support TLS_ECDHE_ECDSA_WITH_AES_256_CBC_SHA384 with currently installed providers
	at sun.security.ssl.CipherSuiteList.<init>(CipherSuiteList.java:92)
	at sun.security.ssl.SSLEngineImpl.setEnabledCipherSuites(SSLEngineImpl.java:2038)
	at io.netty.handler.ssl.JdkSslContext.configureAndWrapEngine(JdkSslContext.java:341)
	at io.netty.handler.ssl.JdkSslContext.newEngine(JdkSslContext.java:331)
	at io.netty.handler.ssl.SslContext.newHandler(SslContext.java:956)
	at io.netty.handler.ssl.SslContext.newHandler(SslContext.java:948)
	at org.apache.zookeeper.server.NettyServerCnxnFactory.initSSL(NettyServerCnxnFactory.java:575)
	at org.apache.zookeeper.server.NettyServerCnxnFactory.access$1300(NettyServerCnxnFactory.java:80)
	at org.apache.zookeeper.server.NettyServerCnxnFactory$1.initChannel(NettyServerCnxnFactory.java:540)
	at org.apache.zookeeper.server.NettyServerCnxnFactory$1.initChannel(NettyServerCnxnFactory.java:532)
	at io.netty.channel.ChannelInitializer.initChannel(ChannelInitializer.java:129)
	at io.netty.channel.ChannelInitializer.handlerAdded(ChannelInitializer.java:112)
	at io.netty.channel.AbstractChannelHandlerContext.callHandlerAdded(AbstractChannelHandlerContext.java:938)
	at io.netty.channel.DefaultChannelPipeline.callHandlerAdded0(DefaultChannelPipeline.java:609)
	at io.netty.channel.DefaultChannelPipeline.access$100(DefaultChannelPipeline.java:46)
	at io.netty.channel.DefaultChannelPipeline$PendingHandlerAddedTask.execute(DefaultChannelPipeline.java:1463)
	at io.netty.channel.DefaultChannelPipeline.callHandlerAddedForAllHandlers(DefaultChannelPipeline.java:1115)
	at io.netty.channel.DefaultChannelPipeline.invokeHandlerAddedIfNeeded(DefaultChannelPipeline.java:650)
	at io.netty.channel.AbstractChannel$AbstractUnsafe.register0(AbstractChannel.java:502)
	at io.netty.channel.AbstractChannel$AbstractUnsafe.access$200(AbstractChannel.java:417)
	at io.netty.channel.AbstractChannel$AbstractUnsafe$1.run(AbstractChannel.java:474)
	at io.netty.util.concurrent.AbstractEventExecutor.safeExecute(AbstractEventExecutor.java:164)
	at io.netty.util.concurrent.SingleThreadEventExecutor.runAllTasks(SingleThreadEventExecutor.java:472)
	at io.netty.channel.nio.NioEventLoop.run(NioEventLoop.java:500)
	at io.netty.util.concurrent.SingleThreadEventExecutor$4.run(SingleThreadEventExecutor.java:989)
	at io.netty.util.internal.ThreadExecutorMap$2.run(ThreadExecutorMap.java:74)
	at io.netty.util.concurrent.FastThreadLocalRunnable.run(FastThreadLocalRunnable.java:30)
	at java.lang.Thread.run(Thread.java:745)
nioEventLoopGroup-5-1, called closeOutbound()
nioEventLoopGroup-5-1, closeOutboundInternal()
nioEventLoopGroup-5-1, SEND TLSv1.2 ALERT:  warning, description = close_notify
nioEventLoopGroup-5-1, WRITE: TLSv1.2 Alert, length = 2
nioEventLoopGroup-5-1, called closeInbound()
nioEventLoopGroup-5-1, fatal error: 80: Inbound closed before receiving peer's close_notify: possible truncation attack?
javax.net.ssl.SSLException: Inbound closed before receiving peer's close_notify: possible truncation attack?
nioEventLoopGroup-5-1, SEND TLSv1.2 ALERT:  fatal, description = internal_error
nioEventLoopGroup-5-1, Exception sending alert: java.io.IOException: writer side was already closed.
2021-11-08 11:07:48,932 [myid:127.0.0.1:30073] - INFO  [nioEventLoopGroup-5-1:ClientCnxnSocketNetty$ZKClientHandler@469] - channel is disconnected: [id: 0xcc1ea337, L:/127.0.0.1:1338 ! R:xmind.net/127.0.0.1:30073]
2021-11-08 11:07:48,932 [myid:127.0.0.1:30073] - INFO  [nioEventLoopGroup-5-1:ClientCnxnSocketNetty@249] - channel is told closing
2021-11-08 11:07:48,932 [myid:127.0.0.1:30073] - WARN  [main-SendThread(127.0.0.1:30073):ClientCnxn$SendThread@1290] - Session 0x0 for sever xmind.net/127.0.0.1:30073, Closing socket connection. Attempting reconnect except it is a SessionExpiredException.
EndOfStreamException: channel for sessionid 0x0 is lost
	at org.apache.zookeeper.ClientCnxnSocketNetty.doTransport(ClientCnxnSocketNetty.java:285)
	at org.apache.zookeeper.ClientCnxn$SendThread.run(ClientCnxn.java:1280)
2021-11-08 11:07:50,671 [myid:127.0.0.1:30073] - INFO  [main-SendThread(127.0.0.1:30073):ClientCnxn$SendThread@1171] - Opening socket connection to server xmind.net/127.0.0.1:30073.
2021-11-08 11:07:50,671 [myid:127.0.0.1:30073] - INFO  [main-SendThread(127.0.0.1:30073):ClientCnxn$SendThread@1173] - SASL config status: Will not attempt to authenticate using SASL (unknown error)
adding as trusted cert:
  Subject: CN=localhost, OU=ZooKeeper, O=Apache, L=Unknown, ST=Unknown, C=Unknown
  Issuer:  CN=localhost, OU=ZooKeeper, O=Apache, L=Unknown, ST=Unknown, C=Unknown
  Algorithm: RSA; Serial number: 0x7334b506
  Valid from Sat Jan 31 02:57:30 CST 2015 until Wed Feb 08 02:57:30 CST 3015

trigger seeding of SecureRandom
done seeding SecureRandom
Using SSLEngineImpl.
Ignoring unavailable cipher suite: TLS_DHE_DSS_WITH_AES_256_GCM_SHA384
Ignoring unavailable cipher suite: TLS_RSA_WITH_AES_256_CBC_SHA
Ignoring unavailable cipher suite: TLS_DHE_RSA_WITH_AES_256_GCM_SHA384
Ignoring unavailable cipher suite: TLS_ECDH_ECDSA_WITH_AES_256_CBC_SHA
Ignoring unavailable cipher suite: TLS_ECDHE_ECDSA_WITH_AES_256_GCM_SHA384
Ignoring unavailable cipher suite: TLS_RSA_WITH_AES_256_CBC_SHA256
Ignoring unavailable cipher suite: TLS_DHE_DSS_WITH_AES_256_CBC_SHA
Ignoring unavailable cipher suite: TLS_ECDH_ECDSA_WITH_AES_256_GCM_SHA384
Ignoring unavailable cipher suite: TLS_ECDH_RSA_WITH_AES_256_CBC_SHA384
Ignoring unavailable cipher suite: TLS_RSA_WITH_AES_256_GCM_SHA384
Ignoring unavailable cipher suite: TLS_ECDH_ECDSA_WITH_AES_256_CBC_SHA384
Ignoring unavailable cipher suite: TLS_ECDHE_RSA_WITH_AES_256_CBC_SHA384
Ignoring unavailable cipher suite: TLS_ECDH_RSA_WITH_AES_256_CBC_SHA
Ignoring unavailable cipher suite: TLS_ECDH_RSA_WITH_AES_256_GCM_SHA384
Ignoring unavailable cipher suite: TLS_ECDHE_ECDSA_WITH_AES_256_CBC_SHA384
Ignoring unavailable cipher suite: TLS_DHE_RSA_WITH_AES_256_CBC_SHA256
Ignoring unavailable cipher suite: TLS_ECDHE_ECDSA_WITH_AES_256_CBC_SHA
Ignoring unavailable cipher suite: TLS_DHE_DSS_WITH_AES_256_CBC_SHA256
Ignoring unavailable cipher suite: TLS_DHE_RSA_WITH_AES_256_CBC_SHA
Ignoring unavailable cipher suite: TLS_ECDHE_RSA_WITH_AES_256_CBC_SHA
Ignoring unavailable cipher suite: TLS_ECDHE_RSA_WITH_AES_256_GCM_SHA384
2021-11-08 11:07:50,673 [myid:127.0.0.1:30073] - INFO  [nioEventLoopGroup-5-1:ClientCnxnSocketNetty$ZKClientPipelineFactory@454] - SSL handler added for channel: [id: 0x6c5126e5]
2021-11-08 11:07:50,674 [myid:127.0.0.1:30073] - INFO  [nioEventLoopGroup-5-1:ClientCnxn$SendThread@1005] - Socket connection established, initiating session, client: /127.0.0.1:1443, server: xmind.net/127.0.0.1:30073
2021-11-08 11:07:50,674 [myid:127.0.0.1:30073] - INFO  [nioEventLoopGroup-5-1:ClientCnxnSocketNetty$1@184] - channel is connected: [id: 0x6c5126e5, L:/127.0.0.1:1443 - R:xmind.net/127.0.0.1:30073]
Allow unsafe renegotiation: false
Allow legacy hello messages: true
Is initial handshake: true
Is secure renegotiation: false
Ignoring unsupported cipher suite: TLS_ECDHE_ECDSA_WITH_AES_128_CBC_SHA256 for TLSv1
Ignoring unsupported cipher suite: TLS_ECDHE_RSA_WITH_AES_128_CBC_SHA256 for TLSv1
Ignoring unsupported cipher suite: TLS_RSA_WITH_AES_128_CBC_SHA256 for TLSv1
Ignoring unsupported cipher suite: TLS_ECDH_ECDSA_WITH_AES_128_CBC_SHA256 for TLSv1
Ignoring unsupported cipher suite: TLS_ECDH_RSA_WITH_AES_128_CBC_SHA256 for TLSv1
Ignoring unsupported cipher suite: TLS_DHE_RSA_WITH_AES_128_CBC_SHA256 for TLSv1
Ignoring unsupported cipher suite: TLS_DHE_DSS_WITH_AES_128_CBC_SHA256 for TLSv1
Ignoring unsupported cipher suite: TLS_ECDHE_ECDSA_WITH_AES_128_CBC_SHA256 for TLSv1.1
Ignoring unsupported cipher suite: TLS_ECDHE_RSA_WITH_AES_128_CBC_SHA256 for TLSv1.1
Ignoring unsupported cipher suite: TLS_RSA_WITH_AES_128_CBC_SHA256 for TLSv1.1
Ignoring unsupported cipher suite: TLS_ECDH_ECDSA_WITH_AES_128_CBC_SHA256 for TLSv1.1
Ignoring unsupported cipher suite: TLS_ECDH_RSA_WITH_AES_128_CBC_SHA256 for TLSv1.1
Ignoring unsupported cipher suite: TLS_DHE_RSA_WITH_AES_128_CBC_SHA256 for TLSv1.1
Ignoring unsupported cipher suite: TLS_DHE_DSS_WITH_AES_128_CBC_SHA256 for TLSv1.1
%% No cached client session
*** ClientHello, TLSv1.2
RandomCookie:  GMT: 1619497862 bytes = { 178, 99, 21, 110, 253, 240, 109, 107, 134, 101, 82, 102, 78, 27, 186, 196, 101, 8, 29, 104, 12, 179, 138, 183, 148, 131, 63, 1 }
Session ID:  {}
Cipher Suites: [TLS_ECDHE_ECDSA_WITH_AES_128_CBC_SHA256, TLS_ECDHE_RSA_WITH_AES_128_CBC_SHA256, TLS_RSA_WITH_AES_128_CBC_SHA256, TLS_ECDH_ECDSA_WITH_AES_128_CBC_SHA256, TLS_ECDH_RSA_WITH_AES_128_CBC_SHA256, TLS_DHE_RSA_WITH_AES_128_CBC_SHA256, TLS_DHE_DSS_WITH_AES_128_CBC_SHA256, TLS_ECDHE_ECDSA_WITH_AES_128_CBC_SHA, TLS_ECDHE_RSA_WITH_AES_128_CBC_SHA, TLS_RSA_WITH_AES_128_CBC_SHA, TLS_ECDH_ECDSA_WITH_AES_128_CBC_SHA, TLS_ECDH_RSA_WITH_AES_128_CBC_SHA, TLS_DHE_RSA_WITH_AES_128_CBC_SHA, TLS_DHE_DSS_WITH_AES_128_CBC_SHA, TLS_ECDHE_ECDSA_WITH_AES_128_GCM_SHA256, TLS_ECDHE_RSA_WITH_AES_128_GCM_SHA256, TLS_RSA_WITH_AES_128_GCM_SHA256, TLS_ECDH_ECDSA_WITH_AES_128_GCM_SHA256, TLS_ECDH_RSA_WITH_AES_128_GCM_SHA256, TLS_DHE_RSA_WITH_AES_128_GCM_SHA256, TLS_DHE_DSS_WITH_AES_128_GCM_SHA256, TLS_ECDHE_ECDSA_WITH_3DES_EDE_CBC_SHA, TLS_ECDHE_RSA_WITH_3DES_EDE_CBC_SHA, SSL_RSA_WITH_3DES_EDE_CBC_SHA, TLS_ECDH_ECDSA_WITH_3DES_EDE_CBC_SHA, TLS_ECDH_RSA_WITH_3DES_EDE_CBC_SHA, SSL_DHE_RSA_WITH_3DES_EDE_CBC_SHA, SSL_DHE_DSS_WITH_3DES_EDE_CBC_SHA, TLS_ECDHE_ECDSA_WITH_RC4_128_SHA, TLS_ECDHE_RSA_WITH_RC4_128_SHA, SSL_RSA_WITH_RC4_128_SHA, TLS_ECDH_ECDSA_WITH_RC4_128_SHA, TLS_ECDH_RSA_WITH_RC4_128_SHA, SSL_RSA_WITH_RC4_128_MD5, TLS_EMPTY_RENEGOTIATION_INFO_SCSV]
Compression Methods:  { 0 }
Extension elliptic_curves, curve names: {secp256r1, sect163k1, sect163r2, secp192r1, secp224r1, sect233k1, sect233r1, sect283k1, sect283r1, secp384r1, sect409k1, sect409r1, secp521r1, sect571k1, sect571r1, secp160k1, secp160r1, secp160r2, sect163r1, secp192k1, sect193r1, sect193r2, secp224k1, sect239k1, secp256k1}
Extension ec_point_formats, formats: [uncompressed]
Extension signature_algorithms, signature_algorithms: SHA512withECDSA, SHA512withRSA, SHA384withECDSA, SHA384withRSA, SHA256withECDSA, SHA256withRSA, SHA224withECDSA, SHA224withRSA, SHA1withECDSA, SHA1withRSA, SHA1withDSA, MD5withRSA
Extension server_name, server_name: [type=host_name (0), value=xmind.net]
***
nioEventLoopGroup-5-1, WRITE: TLSv1.2 Handshake, length = 225
trigger seeding of SecureRandom
done seeding SecureRandom
Using SSLEngineImpl.
Ignoring unavailable cipher suite: TLS_DHE_DSS_WITH_AES_256_GCM_SHA384
Ignoring unavailable cipher suite: TLS_RSA_WITH_AES_256_CBC_SHA
Ignoring unavailable cipher suite: TLS_DHE_RSA_WITH_AES_256_GCM_SHA384
Ignoring unavailable cipher suite: TLS_ECDH_ECDSA_WITH_AES_256_CBC_SHA
Ignoring unavailable cipher suite: TLS_ECDHE_ECDSA_WITH_AES_256_GCM_SHA384
Ignoring unavailable cipher suite: TLS_RSA_WITH_AES_256_CBC_SHA256
Ignoring unavailable cipher suite: TLS_DHE_DSS_WITH_AES_256_CBC_SHA
Ignoring unavailable cipher suite: TLS_ECDH_ECDSA_WITH_AES_256_GCM_SHA384
Ignoring unavailable cipher suite: TLS_ECDH_RSA_WITH_AES_256_CBC_SHA384
Ignoring unavailable cipher suite: TLS_RSA_WITH_AES_256_GCM_SHA384
Ignoring unavailable cipher suite: TLS_ECDH_ECDSA_WITH_AES_256_CBC_SHA384
Ignoring unavailable cipher suite: TLS_ECDHE_RSA_WITH_AES_256_CBC_SHA384
Ignoring unavailable cipher suite: TLS_ECDH_RSA_WITH_AES_256_CBC_SHA
Ignoring unavailable cipher suite: TLS_ECDH_RSA_WITH_AES_256_GCM_SHA384
Ignoring unavailable cipher suite: TLS_ECDHE_ECDSA_WITH_AES_256_CBC_SHA384
Ignoring unavailable cipher suite: TLS_DHE_RSA_WITH_AES_256_CBC_SHA256
Ignoring unavailable cipher suite: TLS_ECDHE_ECDSA_WITH_AES_256_CBC_SHA
Ignoring unavailable cipher suite: TLS_DHE_DSS_WITH_AES_256_CBC_SHA256
Ignoring unavailable cipher suite: TLS_DHE_RSA_WITH_AES_256_CBC_SHA
Ignoring unavailable cipher suite: TLS_ECDHE_RSA_WITH_AES_256_CBC_SHA
Ignoring unavailable cipher suite: TLS_ECDHE_RSA_WITH_AES_256_GCM_SHA384
2021-11-08 11:07:50,678 [myid:] - WARN  [nioEventLoopGroup-4-12:ChannelInitializer@97] - Failed to initialize a channel. Closing: [id: 0x15d641b1, L:/127.0.0.1:30073 - R:/127.0.0.1:1443]
java.lang.IllegalArgumentException: Cannot support TLS_ECDHE_ECDSA_WITH_AES_256_CBC_SHA384 with currently installed providers
	at sun.security.ssl.CipherSuiteList.<init>(CipherSuiteList.java:92)
	at sun.security.ssl.SSLEngineImpl.setEnabledCipherSuites(SSLEngineImpl.java:2038)
	at io.netty.handler.ssl.JdkSslContext.configureAndWrapEngine(JdkSslContext.java:341)
	at io.netty.handler.ssl.JdkSslContext.newEngine(JdkSslContext.java:331)
	at io.netty.handler.ssl.SslContext.newHandler(SslContext.java:956)
	at io.netty.handler.ssl.SslContext.newHandler(SslContext.java:948)
	at org.apache.zookeeper.server.NettyServerCnxnFactory.initSSL(NettyServerCnxnFactory.java:575)
	at org.apache.zookeeper.server.NettyServerCnxnFactory.access$1300(NettyServerCnxnFactory.java:80)
	at org.apache.zookeeper.server.NettyServerCnxnFactory$1.initChannel(NettyServerCnxnFactory.java:540)
	at org.apache.zookeeper.server.NettyServerCnxnFactory$1.initChannel(NettyServerCnxnFactory.java:532)
	at io.netty.channel.ChannelInitializer.initChannel(ChannelInitializer.java:129)
	at io.netty.channel.ChannelInitializer.handlerAdded(ChannelInitializer.java:112)
	at io.netty.channel.AbstractChannelHandlerContext.callHandlerAdded(AbstractChannelHandlerContext.java:938)
	at io.netty.channel.DefaultChannelPipeline.callHandlerAdded0(DefaultChannelPipeline.java:609)
	at io.netty.channel.DefaultChannelPipeline.access$100(DefaultChannelPipeline.java:46)
	at io.netty.channel.DefaultChannelPipeline$PendingHandlerAddedTask.execute(DefaultChannelPipeline.java:1463)
	at io.netty.channel.DefaultChannelPipeline.callHandlerAddedForAllHandlers(DefaultChannelPipeline.java:1115)
	at io.netty.channel.DefaultChannelPipeline.invokeHandlerAddedIfNeeded(DefaultChannelPipeline.java:650)
	at io.netty.channel.AbstractChannel$AbstractUnsafe.register0(AbstractChannel.java:502)
	at io.netty.channel.AbstractChannel$AbstractUnsafe.access$200(AbstractChannel.java:417)
	at io.netty.channel.AbstractChannel$AbstractUnsafe$1.run(AbstractChannel.java:474)
	at io.netty.util.concurrent.AbstractEventExecutor.safeExecute(AbstractEventExecutor.java:164)
	at io.netty.util.concurrent.SingleThreadEventExecutor.runAllTasks(SingleThreadEventExecutor.java:472)
	at io.netty.channel.nio.NioEventLoop.run(NioEventLoop.java:500)
	at io.netty.util.concurrent.SingleThreadEventExecutor$4.run(SingleThreadEventExecutor.java:989)
	at io.netty.util.internal.ThreadExecutorMap$2.run(ThreadExecutorMap.java:74)
	at io.netty.util.concurrent.FastThreadLocalRunnable.run(FastThreadLocalRunnable.java:30)
	at java.lang.Thread.run(Thread.java:745)
nioEventLoopGroup-5-1, called closeOutbound()
nioEventLoopGroup-5-1, closeOutboundInternal()
nioEventLoopGroup-5-1, SEND TLSv1.2 ALERT:  warning, description = close_notify
nioEventLoopGroup-5-1, WRITE: TLSv1.2 Alert, length = 2
nioEventLoopGroup-5-1, called closeInbound()
nioEventLoopGroup-5-1, fatal error: 80: Inbound closed before receiving peer's close_notify: possible truncation attack?
javax.net.ssl.SSLException: Inbound closed before receiving peer's close_notify: possible truncation attack?
nioEventLoopGroup-5-1, SEND TLSv1.2 ALERT:  fatal, description = internal_error
nioEventLoopGroup-5-1, Exception sending alert: java.io.IOException: writer side was already closed.
2021-11-08 11:07:50,678 [myid:127.0.0.1:30073] - INFO  [nioEventLoopGroup-5-1:ClientCnxnSocketNetty$ZKClientHandler@469] - channel is disconnected: [id: 0x6c5126e5, L:/127.0.0.1:1443 ! R:xmind.net/127.0.0.1:30073]
2021-11-08 11:07:50,679 [myid:127.0.0.1:30073] - INFO  [nioEventLoopGroup-5-1:ClientCnxnSocketNetty@249] - channel is told closing
2021-11-08 11:07:50,679 [myid:127.0.0.1:30073] - WARN  [main-SendThread(127.0.0.1:30073):ClientCnxn$SendThread@1290] - Session 0x0 for sever xmind.net/127.0.0.1:30073, Closing socket connection. Attempting reconnect except it is a SessionExpiredException.
EndOfStreamException: channel for sessionid 0x0 is lost
	at org.apache.zookeeper.ClientCnxnSocketNetty.doTransport(ClientCnxnSocketNetty.java:285)
	at org.apache.zookeeper.ClientCnxn$SendThread.run(ClientCnxn.java:1280)
2021-11-08 11:07:52,678 [myid:127.0.0.1:30073] - INFO  [main-SendThread(127.0.0.1:30073):ClientCnxn$SendThread@1171] - Opening socket connection to server xmind.net/127.0.0.1:30073.
2021-11-08 11:07:52,678 [myid:127.0.0.1:30073] - INFO  [main-SendThread(127.0.0.1:30073):ClientCnxn$SendThread@1173] - SASL config status: Will not attempt to authenticate using SASL (unknown error)
adding as trusted cert:
  Subject: CN=localhost, OU=ZooKeeper, O=Apache, L=Unknown, ST=Unknown, C=Unknown
  Issuer:  CN=localhost, OU=ZooKeeper, O=Apache, L=Unknown, ST=Unknown, C=Unknown
  Algorithm: RSA; Serial number: 0x7334b506
  Valid from Sat Jan 31 02:57:30 CST 2015 until Wed Feb 08 02:57:30 CST 3015

trigger seeding of SecureRandom
done seeding SecureRandom
Using SSLEngineImpl.
Ignoring unavailable cipher suite: TLS_DHE_DSS_WITH_AES_256_GCM_SHA384
Ignoring unavailable cipher suite: TLS_RSA_WITH_AES_256_CBC_SHA
Ignoring unavailable cipher suite: TLS_DHE_RSA_WITH_AES_256_GCM_SHA384
Ignoring unavailable cipher suite: TLS_ECDH_ECDSA_WITH_AES_256_CBC_SHA
Ignoring unavailable cipher suite: TLS_ECDHE_ECDSA_WITH_AES_256_GCM_SHA384
Ignoring unavailable cipher suite: TLS_RSA_WITH_AES_256_CBC_SHA256
Ignoring unavailable cipher suite: TLS_DHE_DSS_WITH_AES_256_CBC_SHA
Ignoring unavailable cipher suite: TLS_ECDH_ECDSA_WITH_AES_256_GCM_SHA384
Ignoring unavailable cipher suite: TLS_ECDH_RSA_WITH_AES_256_CBC_SHA384
Ignoring unavailable cipher suite: TLS_RSA_WITH_AES_256_GCM_SHA384
Ignoring unavailable cipher suite: TLS_ECDH_ECDSA_WITH_AES_256_CBC_SHA384
Ignoring unavailable cipher suite: TLS_ECDHE_RSA_WITH_AES_256_CBC_SHA384
Ignoring unavailable cipher suite: TLS_ECDH_RSA_WITH_AES_256_CBC_SHA
Ignoring unavailable cipher suite: TLS_ECDH_RSA_WITH_AES_256_GCM_SHA384
Ignoring unavailable cipher suite: TLS_ECDHE_ECDSA_WITH_AES_256_CBC_SHA384
Ignoring unavailable cipher suite: TLS_DHE_RSA_WITH_AES_256_CBC_SHA256
Ignoring unavailable cipher suite: TLS_ECDHE_ECDSA_WITH_AES_256_CBC_SHA
Ignoring unavailable cipher suite: TLS_DHE_DSS_WITH_AES_256_CBC_SHA256
Ignoring unavailable cipher suite: TLS_DHE_RSA_WITH_AES_256_CBC_SHA
Ignoring unavailable cipher suite: TLS_ECDHE_RSA_WITH_AES_256_CBC_SHA
Ignoring unavailable cipher suite: TLS_ECDHE_RSA_WITH_AES_256_GCM_SHA384
2021-11-08 11:07:52,680 [myid:127.0.0.1:30073] - INFO  [nioEventLoopGroup-5-1:ClientCnxnSocketNetty$ZKClientPipelineFactory@454] - SSL handler added for channel: [id: 0xfe023270]
2021-11-08 11:07:52,681 [myid:127.0.0.1:30073] - INFO  [nioEventLoopGroup-5-1:ClientCnxn$SendThread@1005] - Socket connection established, initiating session, client: /127.0.0.1:1489, server: xmind.net/127.0.0.1:30073
2021-11-08 11:07:52,681 [myid:127.0.0.1:30073] - INFO  [nioEventLoopGroup-5-1:ClientCnxnSocketNetty$1@184] - channel is connected: [id: 0xfe023270, L:/127.0.0.1:1489 - R:xmind.net/127.0.0.1:30073]
Allow unsafe renegotiation: false
Allow legacy hello messages: true
Is initial handshake: true
Is secure renegotiation: false
Ignoring unsupported cipher suite: TLS_ECDHE_ECDSA_WITH_AES_128_CBC_SHA256 for TLSv1
Ignoring unsupported cipher suite: TLS_ECDHE_RSA_WITH_AES_128_CBC_SHA256 for TLSv1
Ignoring unsupported cipher suite: TLS_RSA_WITH_AES_128_CBC_SHA256 for TLSv1
Ignoring unsupported cipher suite: TLS_ECDH_ECDSA_WITH_AES_128_CBC_SHA256 for TLSv1
Ignoring unsupported cipher suite: TLS_ECDH_RSA_WITH_AES_128_CBC_SHA256 for TLSv1
Ignoring unsupported cipher suite: TLS_DHE_RSA_WITH_AES_128_CBC_SHA256 for TLSv1
Ignoring unsupported cipher suite: TLS_DHE_DSS_WITH_AES_128_CBC_SHA256 for TLSv1
Ignoring unsupported cipher suite: TLS_ECDHE_ECDSA_WITH_AES_128_CBC_SHA256 for TLSv1.1
Ignoring unsupported cipher suite: TLS_ECDHE_RSA_WITH_AES_128_CBC_SHA256 for TLSv1.1
Ignoring unsupported cipher suite: TLS_RSA_WITH_AES_128_CBC_SHA256 for TLSv1.1
Ignoring unsupported cipher suite: TLS_ECDH_ECDSA_WITH_AES_128_CBC_SHA256 for TLSv1.1
Ignoring unsupported cipher suite: TLS_ECDH_RSA_WITH_AES_128_CBC_SHA256 for TLSv1.1
Ignoring unsupported cipher suite: TLS_DHE_RSA_WITH_AES_128_CBC_SHA256 for TLSv1.1
Ignoring unsupported cipher suite: TLS_DHE_DSS_WITH_AES_128_CBC_SHA256 for TLSv1.1
trigger seeding of SecureRandom
done seeding SecureRandom
Using SSLEngineImpl.
Ignoring unavailable cipher suite: TLS_DHE_DSS_WITH_AES_256_GCM_SHA384
%% No cached client session
Ignoring unavailable cipher suite: TLS_RSA_WITH_AES_256_CBC_SHA
*** ClientHello, TLSv1.2
RandomCookie:  GMT: 1619497864 bytes = { 241, 89, 207, 66, 231, 214, 64, 134, 172, 243, 27, 236, 70, 238Ignoring unavailable cipher suite: TLS_DHE_RSA_WITH_AES_256_GCM_SHA384
, Ignoring unavailable cipher suite: TLS_ECDH_ECDSA_WITH_AES_256_CBC_SHA
174Ignoring unavailable cipher suite: TLS_ECDHE_ECDSA_WITH_AES_256_GCM_SHA384
Ignoring unavailable cipher suite: TLS_RSA_WITH_AES_256_CBC_SHA256
, 234, 101Ignoring unavailable cipher suite: TLS_DHE_DSS_WITH_AES_256_CBC_SHA
, 66, 81, 4, 253, 184, 99, 227, 14, 234, Ignoring unavailable cipher suite: TLS_ECDH_ECDSA_WITH_AES_256_GCM_SHA384
40, 162 }
Ignoring unavailable cipher suite: TLS_ECDH_RSA_WITH_AES_256_CBC_SHA384
Session ID:  {}Ignoring unavailable cipher suite: TLS_RSA_WITH_AES_256_GCM_SHA384
Ignoring unavailable cipher suite: TLS_ECDH_ECDSA_WITH_AES_256_CBC_SHA384

Ignoring unavailable cipher suite: TLS_ECDHE_RSA_WITH_AES_256_CBC_SHA384
Ignoring unavailable cipher suite: TLS_ECDH_RSA_WITH_AES_256_CBC_SHA
Cipher Suites: [TLS_ECDHE_ECDSA_WITH_AES_128_CBC_SHA256, TLS_ECDHE_RSA_WITH_AES_128_CBC_SHA256, TLS_RSA_WITH_AES_128_CBC_SHA256, TLS_ECDH_ECDSA_WITH_AES_128_CBC_SHA256, TLS_ECDH_RSA_WITH_AES_128_CBC_SHA256, TLS_DHE_RSA_WITH_AES_128_CBC_SHA256, TLS_DHE_DSS_WITH_AES_128_CBC_SHA256, TLS_ECDHE_ECDSA_WITH_AES_128_CBC_SHA, TLS_ECDHE_RSA_WITH_AES_128_CBC_SHA, TLS_RSA_WITH_AES_128_CBC_SHA, TLS_ECDH_ECDSA_WITH_AES_128_CBC_SHA, TLS_ECDH_RSA_WITH_AES_128_CBC_SHA, TLS_DHE_RSA_WITH_AES_128_CBC_SHA, TLS_DHE_DSS_WITH_AES_128_CBC_SHA, TLS_ECDHE_ECDSA_WITH_AES_128_GCM_SHA256, TLS_ECDHE_RSA_WITH_AES_128_GCM_SHA256, TLS_RSA_WITH_AES_128_GCM_SHA256, TLS_ECDH_ECDSA_WITH_AES_128_GCM_SHA256, TLS_ECDH_RSA_WITH_AES_128_GCM_SHA256, TLS_DHE_RSA_WITH_AES_128_GCM_SHA256, TLS_DHE_DSS_WITH_AES_128_GCM_SHA256, TLS_ECDHE_ECDSA_WITH_3DES_EDE_CBC_SHA, TLS_ECDHE_RSA_WITH_3DES_EDE_CBC_SHA, SSL_RSA_WITH_3DES_EDE_CBC_SHA, TLS_ECDH_ECDSA_WITH_3DES_EDE_CBC_SHA, TLS_ECDH_RSA_WITH_3DES_EDE_CBC_SHA, SSL_DHE_RSA_WITH_3DES_EDE_CBC_SHA, SSL_DHE_DSS_WITH_3DES_EDE_CBC_SHA, TLS_ECDHE_ECDSA_WITH_RC4_128_SHA, TLS_ECDHE_RSA_WITH_RC4_128_SHA, SSL_RSA_WITH_RC4_128_SHA, TLS_ECDH_ECDSA_WITH_RC4_128_SHA, TLS_ECDH_RSA_WITH_RC4_128_SHA, SSL_RSA_WITH_RC4_128_MD5, TLS_EMPTY_RENEGOTIATION_INFO_SCSV]
Ignoring unavailable cipher suite: TLS_ECDH_RSA_WITH_AES_256_GCM_SHA384
Compression Methods:  { 0 }
Ignoring unavailable cipher suite: TLS_ECDHE_ECDSA_WITH_AES_256_CBC_SHA384
Ignoring unavailable cipher suite: TLS_DHE_RSA_WITH_AES_256_CBC_SHA256
Ignoring unavailable cipher suite: TLS_ECDHE_ECDSA_WITH_AES_256_CBC_SHA
Ignoring unavailable cipher suite: TLS_DHE_DSS_WITH_AES_256_CBC_SHA256
Ignoring unavailable cipher suite: TLS_DHE_RSA_WITH_AES_256_CBC_SHA
Ignoring unavailable cipher suite: TLS_ECDHE_RSA_WITH_AES_256_CBC_SHA
Ignoring unavailable cipher suite: TLS_ECDHE_RSA_WITH_AES_256_GCM_SHA384
Extension elliptic_curves, curve names: {secp256r1, sect163k1, sect163r2, secp192r1, secp224r1, sect233k1, sect233r1, sect283k1, sect283r1, secp384r1, sect409k1, sect409r1, secp521r1, sect571k1, sect571r1, secp160k1, secp160r1, secp160r2, sect163r1, secp192k1, sect193r1, sect193r2, secp224k1, sect239k1, secp256k1}
Extension ec_point_formats, formats: [uncompressed]
Extension signature_algorithms, signature_algorithms: SHA512withECDSA, SHA512withRSA, SHA384withECDSA, SHA384withRSA, SHA256withECDSA, SHA256withRSA, SHA224withECDSA, SHA224withRSA, SHA1withECDSA, SHA1withRSA, SHA1withDSA, MD5withRSA
Extension server_name, server_name: [type=host_name (0), value=xmind.net]
***
nioEventLoopGroup-5-1, WRITE: TLSv1.2 Handshake, length = 225
2021-11-08 11:07:52,682 [myid:] - WARN  [nioEventLoopGroup-4-1:ChannelInitializer@97] - Failed to initialize a channel. Closing: [id: 0xcdfad7b2, L:/127.0.0.1:30073 - R:/127.0.0.1:1489]
java.lang.IllegalArgumentException: Cannot support TLS_ECDHE_ECDSA_WITH_AES_256_CBC_SHA384 with currently installed providers
	at sun.security.ssl.CipherSuiteList.<init>(CipherSuiteList.java:92)
	at sun.security.ssl.SSLEngineImpl.setEnabledCipherSuites(SSLEngineImpl.java:2038)
	at io.netty.handler.ssl.JdkSslContext.configureAndWrapEngine(JdkSslContext.java:341)
	at io.netty.handler.ssl.JdkSslContext.newEngine(JdkSslContext.java:331)
	at io.netty.handler.ssl.SslContext.newHandler(SslContext.java:956)
	at io.netty.handler.ssl.SslContext.newHandler(SslContext.java:948)
	at org.apache.zookeeper.server.NettyServerCnxnFactory.initSSL(NettyServerCnxnFactory.java:575)
	at org.apache.zookeeper.server.NettyServerCnxnFactory.access$1300(NettyServerCnxnFactory.java:80)
	at org.apache.zookeeper.server.NettyServerCnxnFactory$1.initChannel(NettyServerCnxnFactory.java:540)
	at org.apache.zookeeper.server.NettyServerCnxnFactory$1.initChannel(NettyServerCnxnFactory.java:532)
	at io.netty.channel.ChannelInitializer.initChannel(ChannelInitializer.java:129)
	at io.netty.channel.ChannelInitializer.handlerAdded(ChannelInitializer.java:112)
	at io.netty.channel.AbstractChannelHandlerContext.callHandlerAdded(AbstractChannelHandlerContext.java:938)
	at io.netty.channel.DefaultChannelPipeline.callHandlerAdded0(DefaultChannelPipeline.java:609)
	at io.netty.channel.DefaultChannelPipeline.access$100(DefaultChannelPipeline.java:46)
	at io.netty.channel.DefaultChannelPipeline$PendingHandlerAddedTask.execute(DefaultChannelPipeline.java:1463)
	at io.netty.channel.DefaultChannelPipeline.callHandlerAddedForAllHandlers(DefaultChannelPipeline.java:1115)
	at io.netty.channel.DefaultChannelPipeline.invokeHandlerAddedIfNeeded(DefaultChannelPipeline.java:650)
	at io.netty.channel.AbstractChannel$AbstractUnsafe.register0(AbstractChannel.java:502)
	at io.netty.channel.AbstractChannel$AbstractUnsafe.access$200(AbstractChannel.java:417)
	at io.netty.channel.AbstractChannel$AbstractUnsafe$1.run(AbstractChannel.java:474)
	at io.netty.util.concurrent.AbstractEventExecutor.safeExecute(AbstractEventExecutor.java:164)
	at io.netty.util.concurrent.SingleThreadEventExecutor.runAllTasks(SingleThreadEventExecutor.java:472)
	at io.netty.channel.nio.NioEventLoop.run(NioEventLoop.java:500)
	at io.netty.util.concurrent.SingleThreadEventExecutor$4.run(SingleThreadEventExecutor.java:989)
	at io.netty.util.internal.ThreadExecutorMap$2.run(ThreadExecutorMap.java:74)
	at io.netty.util.concurrent.FastThreadLocalRunnable.run(FastThreadLocalRunnable.java:30)
	at java.lang.Thread.run(Thread.java:745)
nioEventLoopGroup-5-1, called closeOutbound()
nioEventLoopGroup-5-1, closeOutboundInternal()
nioEventLoopGroup-5-1, SEND TLSv1.2 ALERT:  warning, description = close_notify
nioEventLoopGroup-5-1, WRITE: TLSv1.2 Alert, length = 2
nioEventLoopGroup-5-1, called closeInbound()
nioEventLoopGroup-5-1, fatal error: 80: Inbound closed before receiving peer's close_notify: possible truncation attack?
javax.net.ssl.SSLException: Inbound closed before receiving peer's close_notify: possible truncation attack?
nioEventLoopGroup-5-1, SEND TLSv1.2 ALERT:  fatal, description = internal_error
nioEventLoopGroup-5-1, Exception sending alert: java.io.IOException: writer side was already closed.
2021-11-08 11:07:52,683 [myid:127.0.0.1:30073] - INFO  [nioEventLoopGroup-5-1:ClientCnxnSocketNetty$ZKClientHandler@469] - channel is disconnected: [id: 0xfe023270, L:/127.0.0.1:1489 ! R:xmind.net/127.0.0.1:30073]
2021-11-08 11:07:52,683 [myid:127.0.0.1:30073] - INFO  [nioEventLoopGroup-5-1:ClientCnxnSocketNetty@249] - channel is told closing
2021-11-08 11:07:52,683 [myid:127.0.0.1:30073] - WARN  [main-SendThread(127.0.0.1:30073):ClientCnxn$SendThread@1290] - Session 0x0 for sever xmind.net/127.0.0.1:30073, Closing socket connection. Attempting reconnect except it is a SessionExpiredException.
EndOfStreamException: channel for sessionid 0x0 is lost
	at org.apache.zookeeper.ClientCnxnSocketNetty.doTransport(ClientCnxnSocketNetty.java:285)
	at org.apache.zookeeper.ClientCnxn$SendThread.run(ClientCnxn.java:1280)
2021-11-08 11:07:54,329 [myid:127.0.0.1:30073] - INFO  [main-SendThread(127.0.0.1:30073):ClientCnxn$SendThread@1171] - Opening socket connection to server xmind.net/127.0.0.1:30073.
2021-11-08 11:07:54,329 [myid:127.0.0.1:30073] - INFO  [main-SendThread(127.0.0.1:30073):ClientCnxn$SendThread@1173] - SASL config status: Will not attempt to authenticate using SASL (unknown error)
adding as trusted cert:
  Subject: CN=localhost, OU=ZooKeeper, O=Apache, L=Unknown, ST=Unknown, C=Unknown
  Issuer:  CN=localhost, OU=ZooKeeper, O=Apache, L=Unknown, ST=Unknown, C=Unknown
  Algorithm: RSA; Serial number: 0x7334b506
  Valid from Sat Jan 31 02:57:30 CST 2015 until Wed Feb 08 02:57:30 CST 3015

trigger seeding of SecureRandom
done seeding SecureRandom
Using SSLEngineImpl.
Ignoring unavailable cipher suite: TLS_DHE_DSS_WITH_AES_256_GCM_SHA384
Ignoring unavailable cipher suite: TLS_RSA_WITH_AES_256_CBC_SHA
Ignoring unavailable cipher suite: TLS_DHE_RSA_WITH_AES_256_GCM_SHA384
Ignoring unavailable cipher suite: TLS_ECDH_ECDSA_WITH_AES_256_CBC_SHA
Ignoring unavailable cipher suite: TLS_ECDHE_ECDSA_WITH_AES_256_GCM_SHA384
Ignoring unavailable cipher suite: TLS_RSA_WITH_AES_256_CBC_SHA256
Ignoring unavailable cipher suite: TLS_DHE_DSS_WITH_AES_256_CBC_SHA
Ignoring unavailable cipher suite: TLS_ECDH_ECDSA_WITH_AES_256_GCM_SHA384
Ignoring unavailable cipher suite: TLS_ECDH_RSA_WITH_AES_256_CBC_SHA384
Ignoring unavailable cipher suite: TLS_RSA_WITH_AES_256_GCM_SHA384
Ignoring unavailable cipher suite: TLS_ECDH_ECDSA_WITH_AES_256_CBC_SHA384
Ignoring unavailable cipher suite: TLS_ECDHE_RSA_WITH_AES_256_CBC_SHA384
Ignoring unavailable cipher suite: TLS_ECDH_RSA_WITH_AES_256_CBC_SHA
Ignoring unavailable cipher suite: TLS_ECDH_RSA_WITH_AES_256_GCM_SHA384
Ignoring unavailable cipher suite: TLS_ECDHE_ECDSA_WITH_AES_256_CBC_SHA384
Ignoring unavailable cipher suite: TLS_DHE_RSA_WITH_AES_256_CBC_SHA256
Ignoring unavailable cipher suite: TLS_ECDHE_ECDSA_WITH_AES_256_CBC_SHA
Ignoring unavailable cipher suite: TLS_DHE_DSS_WITH_AES_256_CBC_SHA256
Ignoring unavailable cipher suite: TLS_DHE_RSA_WITH_AES_256_CBC_SHA
Ignoring unavailable cipher suite: TLS_ECDHE_RSA_WITH_AES_256_CBC_SHA
Ignoring unavailable cipher suite: TLS_ECDHE_RSA_WITH_AES_256_GCM_SHA384
2021-11-08 11:07:54,331 [myid:127.0.0.1:30073] - INFO  [nioEventLoopGroup-5-1:ClientCnxnSocketNetty$ZKClientPipelineFactory@454] - SSL handler added for channel: [id: 0x478fa394]
2021-11-08 11:07:54,332 [myid:127.0.0.1:30073] - INFO  [nioEventLoopGroup-5-1:ClientCnxn$SendThread@1005] - Socket connection established, initiating session, client: /127.0.0.1:1591, server: xmind.net/127.0.0.1:30073
2021-11-08 11:07:54,332 [myid:127.0.0.1:30073] - INFO  [nioEventLoopGroup-5-1:ClientCnxnSocketNetty$1@184] - channel is connected: [id: 0x478fa394, L:/127.0.0.1:1591 - R:xmind.net/127.0.0.1:30073]
Allow unsafe renegotiation: false
Allow legacy hello messages: true
Is initial handshake: true
Is secure renegotiation: false
Ignoring unsupported cipher suite: TLS_ECDHE_ECDSA_WITH_AES_128_CBC_SHA256 for TLSv1
Ignoring unsupported cipher suite: TLS_ECDHE_RSA_WITH_AES_128_CBC_SHA256 for TLSv1
Ignoring unsupported cipher suite: TLS_RSA_WITH_AES_128_CBC_SHA256 for TLSv1
Ignoring unsupported cipher suite: TLS_ECDH_ECDSA_WITH_AES_128_CBC_SHA256 for TLSv1
Ignoring unsupported cipher suite: TLS_ECDH_RSA_WITH_AES_128_CBC_SHA256 for TLSv1
Ignoring unsupported cipher suite: TLS_DHE_RSA_WITH_AES_128_CBC_SHA256 for TLSv1
Ignoring unsupported cipher suite: TLS_DHE_DSS_WITH_AES_128_CBC_SHA256 for TLSv1
trigger seeding of SecureRandom
Ignoring unsupported cipher suite: TLS_ECDHE_ECDSA_WITH_AES_128_CBC_SHA256 for TLSv1.1
Ignoring unsupported cipher suite: TLS_ECDHE_RSA_WITH_AES_128_CBC_SHA256 for TLSv1.1
Ignoring unsupported cipher suite: TLS_RSA_WITH_AES_128_CBC_SHA256 for TLSv1.1
done seeding SecureRandom
Ignoring unsupported cipher suite: TLS_ECDH_ECDSA_WITH_AES_128_CBC_SHA256 for TLSv1.1
Ignoring unsupported cipher suite: TLS_ECDH_RSA_WITH_AES_128_CBC_SHA256 for TLSv1.1
Ignoring unsupported cipher suite: TLS_DHE_RSA_WITH_AES_128_CBC_SHA256 for TLSv1.1
Ignoring unsupported cipher suite: TLS_DHE_DSS_WITH_AES_128_CBC_SHA256 for TLSv1.1
Using SSLEngineImpl.
Ignoring unavailable cipher suite: TLS_DHE_DSS_WITH_AES_256_GCM_SHA384
Ignoring unavailable cipher suite: TLS_RSA_WITH_AES_256_CBC_SHA
Ignoring unavailable cipher suite: TLS_DHE_RSA_WITH_AES_256_GCM_SHA384
Ignoring unavailable cipher suite: TLS_ECDH_ECDSA_WITH_AES_256_CBC_SHA
Ignoring unavailable cipher suite: TLS_ECDHE_ECDSA_WITH_AES_256_GCM_SHA384
Ignoring unavailable cipher suite: TLS_RSA_WITH_AES_256_CBC_SHA256
Ignoring unavailable cipher suite: TLS_DHE_DSS_WITH_AES_256_CBC_SHA
%% No cached client session
Ignoring unavailable cipher suite: TLS_ECDH_ECDSA_WITH_AES_256_GCM_SHA384
Ignoring unavailable cipher suite: TLS_ECDH_RSA_WITH_AES_256_CBC_SHA384
Ignoring unavailable cipher suite: TLS_RSA_WITH_AES_256_GCM_SHA384
Ignoring unavailable cipher suite: TLS_ECDH_ECDSA_WITH_AES_256_CBC_SHA384
Ignoring unavailable cipher suite: TLS_ECDHE_RSA_WITH_AES_256_CBC_SHA384
Ignoring unavailable cipher suite: TLS_ECDH_RSA_WITH_AES_256_CBC_SHA
*** ClientHello, TLSv1.2
Ignoring unavailable cipher suite: TLS_ECDH_RSA_WITH_AES_256_GCM_SHA384
RandomCookie:  GMT: 1619497866 bytes = { 107, 56, 8, 204, 84, 225, 13Ignoring unavailable cipher suite: TLS_ECDHE_ECDSA_WITH_AES_256_CBC_SHA384
Ignoring unavailable cipher suite: TLS_DHE_RSA_WITH_AES_256_CBC_SHA256
Ignoring unavailable cipher suite: TLS_ECDHE_ECDSA_WITH_AES_256_CBC_SHA
Ignoring unavailable cipher suite: TLS_DHE_DSS_WITH_AES_256_CBC_SHA256
, 29, 223, 22, Ignoring unavailable cipher suite: TLS_DHE_RSA_WITH_AES_256_CBC_SHA
73, 216, Ignoring unavailable cipher suite: TLS_ECDHE_RSA_WITH_AES_256_CBC_SHA
242, Ignoring unavailable cipher suite: TLS_ECDHE_RSA_WITH_AES_256_GCM_SHA384
5, 223, 202, 43, 136, 171, 73, 66, 78, 180, 123, 218, 115, 136, 114 }
Session ID:  {}
Cipher Suites: [TLS_ECDHE_ECDSA_WITH_AES_128_CBC_SHA256, TLS_ECDHE_RSA_WITH_AES_128_CBC_SHA256, TLS_RSA_WITH_AES_128_CBC_SHA256, TLS_ECDH_ECDSA_WITH_AES_128_CBC_SHA256, TLS_ECDH_RSA_WITH_AES_128_CBC_SHA256, TLS_DHE_RSA_WITH_AES_128_CBC_SHA256, TLS_DHE_DSS_WITH_AES_128_CBC_SHA256, TLS_ECDHE_ECDSA_WITH_AES_128_CBC_SHA, TLS_ECDHE_RSA_WITH_AES_128_CBC_SHA, TLS_RSA_WITH_AES_128_CBC_SHA, TLS_ECDH_ECDSA_WITH_AES_128_CBC_SHA, TLS_ECDH_RSA_WITH_AES_128_CBC_SHA, TLS_DHE_RSA_WITH_AES_128_CBC_SHA, TLS_DHE_DSS_WITH_AES_128_CBC_SHA, TLS_ECDHE_ECDSA_WITH_AES_128_GCM_SHA256, TLS_ECDHE_RSA_WITH_AES_128_GCM_SHA256, TLS_RSA_WITH_AES_128_GCM_SHA256, TLS_ECDH_ECDSA_WITH_AES_128_GCM_SHA256, TLS_ECDH_RSA_WITH_AES_128_GCM_SHA256, TLS_DHE_RSA_WITH_AES_128_GCM_SHA256, TLS_DHE_DSS_WITH_AES_128_GCM_SHA256, TLS_ECDHE_ECDSA_WITH_3DES_EDE_CBC_SHA, TLS_ECDHE_RSA_WITH_3DES_EDE_CBC_SHA, SSL_RSA_WITH_3DES_EDE_CBC_SHA, TLS_ECDH_ECDSA_WITH_3DES_EDE_CBC_SHA, TLS_ECDH_RSA_WITH_3DES_EDE_CBC_SHA, SSL_DHE_RSA_WITH_3DES_EDE_CBC_SHA, SSL_DHE_DSS_WITH_3DES_EDE_CBC_SHA, TLS_ECDHE_ECDSA_WITH_RC4_128_SHA, TLS_ECDHE_RSA_WITH_RC4_128_SHA, SSL_RSA_WITH_RC4_128_SHA, TLS_ECDH_ECDSA_WITH_RC4_128_SHA, TLS_ECDH_RSA_WITH_RC4_128_SHA, SSL_RSA_WITH_RC4_128_MD5, TLS_EMPTY_RENEGOTIATION_INFO_SCSV]
Compression Methods:  { 0 }
Extension elliptic_curves, curve names: {secp256r1, sect163k1, sect163r2, secp192r1, secp224r1, sect233k1, sect233r1, sect283k1, sect283r1, secp384r1, sect409k1, sect409r1, secp521r1, sect571k1, sect571r1, secp160k1, secp160r1, secp160r2, sect163r1, secp192k1, sect193r1, sect193r2, secp224k1, sect239k1, secp256k1}
Extension ec_point_formats, formats: [uncompressed]
Extension signature_algorithms, signature_algorithms: SHA512withECDSA, SHA512withRSA, SHA384withECDSA, SHA384withRSA, SHA256withECDSA, SHA256withRSA, SHA224withECDSA, SHA224withRSA, SHA1withECDSA, SHA1withRSA, SHA1withDSA, MD5withRSA
Extension server_name, server_name: [type=host_name (0), value=xmind.net]
***
nioEventLoopGroup-5-1, WRITE: TLSv1.2 Handshake, length = 225
2021-11-08 11:07:54,333 [myid:] - WARN  [nioEventLoopGroup-4-2:ChannelInitializer@97] - Failed to initialize a channel. Closing: [id: 0xdf29a5b0, L:/127.0.0.1:30073 - R:/127.0.0.1:1591]
java.lang.IllegalArgumentException: Cannot support TLS_ECDHE_ECDSA_WITH_AES_256_CBC_SHA384 with currently installed providers
	at sun.security.ssl.CipherSuiteList.<init>(CipherSuiteList.java:92)
	at sun.security.ssl.SSLEngineImpl.setEnabledCipherSuites(SSLEngineImpl.java:2038)
	at io.netty.handler.ssl.JdkSslContext.configureAndWrapEngine(JdkSslContext.java:341)
	at io.netty.handler.ssl.JdkSslContext.newEngine(JdkSslContext.java:331)
	at io.netty.handler.ssl.SslContext.newHandler(SslContext.java:956)
	at io.netty.handler.ssl.SslContext.newHandler(SslContext.java:948)
	at org.apache.zookeeper.server.NettyServerCnxnFactory.initSSL(NettyServerCnxnFactory.java:575)
	at org.apache.zookeeper.server.NettyServerCnxnFactory.access$1300(NettyServerCnxnFactory.java:80)
	at org.apache.zookeeper.server.NettyServerCnxnFactory$1.initChannel(NettyServerCnxnFactory.java:540)
	at org.apache.zookeeper.server.NettyServerCnxnFactory$1.initChannel(NettyServerCnxnFactory.java:532)
	at io.netty.channel.ChannelInitializer.initChannel(ChannelInitializer.java:129)
	at io.netty.channel.ChannelInitializer.handlerAdded(ChannelInitializer.java:112)
	at io.netty.channel.AbstractChannelHandlerContext.callHandlerAdded(AbstractChannelHandlerContext.java:938)
	at io.netty.channel.DefaultChannelPipeline.callHandlerAdded0(DefaultChannelPipeline.java:609)
	at io.netty.channel.DefaultChannelPipeline.access$100(DefaultChannelPipeline.java:46)
	at io.netty.channel.DefaultChannelPipeline$PendingHandlerAddedTask.execute(DefaultChannelPipeline.java:1463)
	at io.netty.channel.DefaultChannelPipeline.callHandlerAddedForAllHandlers(DefaultChannelPipeline.java:1115)
	at io.netty.channel.DefaultChannelPipeline.invokeHandlerAddedIfNeeded(DefaultChannelPipeline.java:650)
	at io.netty.channel.AbstractChannel$AbstractUnsafe.register0(AbstractChannel.java:502)
	at io.netty.channel.AbstractChannel$AbstractUnsafe.access$200(AbstractChannel.java:417)
	at io.netty.channel.AbstractChannel$AbstractUnsafe$1.run(AbstractChannel.java:474)
	at io.netty.util.concurrent.AbstractEventExecutor.safeExecute(AbstractEventExecutor.java:164)
	at io.netty.util.concurrent.SingleThreadEventExecutor.runAllTasks(SingleThreadEventExecutor.java:472)
	at io.netty.channel.nio.NioEventLoop.run(NioEventLoop.java:500)
	at io.netty.util.concurrent.SingleThreadEventExecutor$4.run(SingleThreadEventExecutor.java:989)
	at io.netty.util.internal.ThreadExecutorMap$2.run(ThreadExecutorMap.java:74)
	at io.netty.util.concurrent.FastThreadLocalRunnable.run(FastThreadLocalRunnable.java:30)
	at java.lang.Thread.run(Thread.java:745)
2021-11-08 11:07:54,334 [myid:127.0.0.1:30073] - ERROR [nioEventLoopGroup-5-1:ClientCnxnSocketNetty$ZKClientHandler@522] - Unexpected throwable
java.io.IOException: 你的主机中的软件中止了一个已建立的连接。
	at sun.nio.ch.SocketDispatcher.read0(Native Method)
	at sun.nio.ch.SocketDispatcher.read(SocketDispatcher.java:43)
	at sun.nio.ch.IOUtil.readIntoNativeBuffer(IOUtil.java:223)
	at sun.nio.ch.IOUtil.read(IOUtil.java:192)
	at sun.nio.ch.SocketChannelImpl.read(SocketChannelImpl.java:379)
	at io.netty.buffer.PooledByteBuf.setBytes(PooledByteBuf.java:253)
	at io.netty.buffer.AbstractByteBuf.writeBytes(AbstractByteBuf.java:1134)
	at io.netty.buffer.WrappedByteBuf.writeBytes(WrappedByteBuf.java:821)
	at io.netty.buffer.AdvancedLeakAwareByteBuf.writeBytes(AdvancedLeakAwareByteBuf.java:635)
	at io.netty.channel.socket.nio.NioSocketChannel.doReadBytes(NioSocketChannel.java:350)
	at io.netty.channel.nio.AbstractNioByteChannel$NioByteUnsafe.read(AbstractNioByteChannel.java:151)
	at io.netty.channel.nio.NioEventLoop.processSelectedKey(NioEventLoop.java:719)
	at io.netty.channel.nio.NioEventLoop.processSelectedKeysOptimized(NioEventLoop.java:655)
	at io.netty.channel.nio.NioEventLoop.processSelectedKeys(NioEventLoop.java:581)
	at io.netty.channel.nio.NioEventLoop.run(NioEventLoop.java:493)
	at io.netty.util.concurrent.SingleThreadEventExecutor$4.run(SingleThreadEventExecutor.java:989)
	at io.netty.util.internal.ThreadExecutorMap$2.run(ThreadExecutorMap.java:74)
	at io.netty.util.concurrent.FastThreadLocalRunnable.run(FastThreadLocalRunnable.java:30)
	at java.lang.Thread.run(Thread.java:745)
2021-11-08 11:07:54,334 [myid:127.0.0.1:30073] - INFO  [nioEventLoopGroup-5-1:ClientCnxnSocketNetty@249] - channel is told closing
nioEventLoopGroup-5-1, called closeOutbound()
nioEventLoopGroup-5-1, closeOutboundInternal()
nioEventLoopGroup-5-1, SEND TLSv1.2 ALERT:  warning, description = close_notify
nioEventLoopGroup-5-1, WRITE: TLSv1.2 Alert, length = 2
2021-11-08 11:07:54,334 [myid:127.0.0.1:30073] - WARN  [main-SendThread(127.0.0.1:30073):ClientCnxn$SendThread@1290] - Session 0x0 for sever xmind.net/127.0.0.1:30073, Closing socket connection. Attempting reconnect except it is a SessionExpiredException.
EndOfStreamException: channel for sessionid 0x0 is lost
	at org.apache.zookeeper.ClientCnxnSocketNetty.doTransport(ClientCnxnSocketNetty.java:285)
	at org.apache.zookeeper.ClientCnxn$SendThread.run(ClientCnxn.java:1280)
nioEventLoopGroup-5-1, called closeInbound()
nioEventLoopGroup-5-1, fatal error: 80: Inbound closed before receiving peer's close_notify: possible truncation attack?
javax.net.ssl.SSLException: Inbound closed before receiving peer's close_notify: possible truncation attack?
nioEventLoopGroup-5-1, SEND TLSv1.2 ALERT:  fatal, description = internal_error
nioEventLoopGroup-5-1, Exception sending alert: java.io.IOException: writer side was already closed.
2021-11-08 11:07:54,335 [myid:127.0.0.1:30073] - INFO  [nioEventLoopGroup-5-1:ClientCnxnSocketNetty$ZKClientHandler@469] - channel is disconnected: [id: 0x478fa394, L:/127.0.0.1:1591 ! R:xmind.net/127.0.0.1:30073]
2021-11-08 11:07:55,481 [myid:127.0.0.1:30073] - INFO  [main-SendThread(127.0.0.1:30073):ClientCnxn$SendThread@1171] - Opening socket connection to server xmind.net/127.0.0.1:30073.
2021-11-08 11:07:55,481 [myid:127.0.0.1:30073] - INFO  [main-SendThread(127.0.0.1:30073):ClientCnxn$SendThread@1173] - SASL config status: Will not attempt to authenticate using SASL (unknown error)
adding as trusted cert:
  Subject: CN=localhost, OU=ZooKeeper, O=Apache, L=Unknown, ST=Unknown, C=Unknown
  Issuer:  CN=localhost, OU=ZooKeeper, O=Apache, L=Unknown, ST=Unknown, C=Unknown
  Algorithm: RSA; Serial number: 0x7334b506
  Valid from Sat Jan 31 02:57:30 CST 2015 until Wed Feb 08 02:57:30 CST 3015

trigger seeding of SecureRandom
done seeding SecureRandom
Using SSLEngineImpl.
Ignoring unavailable cipher suite: TLS_DHE_DSS_WITH_AES_256_GCM_SHA384
Ignoring unavailable cipher suite: TLS_RSA_WITH_AES_256_CBC_SHA
Ignoring unavailable cipher suite: TLS_DHE_RSA_WITH_AES_256_GCM_SHA384
Ignoring unavailable cipher suite: TLS_ECDH_ECDSA_WITH_AES_256_CBC_SHA
Ignoring unavailable cipher suite: TLS_ECDHE_ECDSA_WITH_AES_256_GCM_SHA384
Ignoring unavailable cipher suite: TLS_RSA_WITH_AES_256_CBC_SHA256
Ignoring unavailable cipher suite: TLS_DHE_DSS_WITH_AES_256_CBC_SHA
Ignoring unavailable cipher suite: TLS_ECDH_ECDSA_WITH_AES_256_GCM_SHA384
Ignoring unavailable cipher suite: TLS_ECDH_RSA_WITH_AES_256_CBC_SHA384
Ignoring unavailable cipher suite: TLS_RSA_WITH_AES_256_GCM_SHA384
Ignoring unavailable cipher suite: TLS_ECDH_ECDSA_WITH_AES_256_CBC_SHA384
Ignoring unavailable cipher suite: TLS_ECDHE_RSA_WITH_AES_256_CBC_SHA384
Ignoring unavailable cipher suite: TLS_ECDH_RSA_WITH_AES_256_CBC_SHA
Ignoring unavailable cipher suite: TLS_ECDH_RSA_WITH_AES_256_GCM_SHA384
Ignoring unavailable cipher suite: TLS_ECDHE_ECDSA_WITH_AES_256_CBC_SHA384
Ignoring unavailable cipher suite: TLS_DHE_RSA_WITH_AES_256_CBC_SHA256
Ignoring unavailable cipher suite: TLS_ECDHE_ECDSA_WITH_AES_256_CBC_SHA
Ignoring unavailable cipher suite: TLS_DHE_DSS_WITH_AES_256_CBC_SHA256
Ignoring unavailable cipher suite: TLS_DHE_RSA_WITH_AES_256_CBC_SHA
Ignoring unavailable cipher suite: TLS_ECDHE_RSA_WITH_AES_256_CBC_SHA
Ignoring unavailable cipher suite: TLS_ECDHE_RSA_WITH_AES_256_GCM_SHA384
2021-11-08 11:07:55,483 [myid:127.0.0.1:30073] - INFO  [nioEventLoopGroup-5-1:ClientCnxnSocketNetty$ZKClientPipelineFactory@454] - SSL handler added for channel: [id: 0xe8608807]
2021-11-08 11:07:55,484 [myid:127.0.0.1:30073] - INFO  [nioEventLoopGroup-5-1:ClientCnxn$SendThread@1005] - Socket connection established, initiating session, client: /127.0.0.1:1610, server: xmind.net/127.0.0.1:30073
2021-11-08 11:07:55,484 [myid:127.0.0.1:30073] - INFO  [nioEventLoopGroup-5-1:ClientCnxnSocketNetty$1@184] - channel is connected: [id: 0xe8608807, L:/127.0.0.1:1610 - R:xmind.net/127.0.0.1:30073]
Allow unsafe renegotiation: false
Allow legacy hello messages: true
Is initial handshake: true
Is secure renegotiation: false
Ignoring unsupported cipher suite: TLS_ECDHE_ECDSA_WITH_AES_128_CBC_SHA256 for TLSv1
Ignoring unsupported cipher suite: TLS_ECDHE_RSA_WITH_AES_128_CBC_SHA256 for TLSv1
Ignoring unsupported cipher suite: TLS_RSA_WITH_AES_128_CBC_SHA256 for TLSv1
Ignoring unsupported cipher suite: TLS_ECDH_ECDSA_WITH_AES_128_CBC_SHA256 for TLSv1
trigger seeding of SecureRandom
Ignoring unsupported cipher suite: TLS_ECDH_RSA_WITH_AES_128_CBC_SHA256 for TLSv1
Ignoring unsupported cipher suite: TLS_DHE_RSA_WITH_AES_128_CBC_SHA256 for TLSv1
Ignoring unsupported cipher suite: TLS_DHE_DSS_WITH_AES_128_CBC_SHA256 for TLSv1
done seeding SecureRandom
Ignoring unsupported cipher suite: TLS_ECDHE_ECDSA_WITH_AES_128_CBC_SHA256 for TLSv1.1
Using SSLEngineImpl.
Ignoring unsupported cipher suite: TLS_ECDHE_RSA_WITH_AES_128_CBC_SHA256 for TLSv1.1
Ignoring unsupported cipher suite: TLS_RSA_WITH_AES_128_CBC_SHA256 for TLSv1.1
Ignoring unavailable cipher suite: TLS_DHE_DSS_WITH_AES_256_GCM_SHA384
Ignoring unsupported cipher suite: TLS_ECDH_ECDSA_WITH_AES_128_CBC_SHA256 for TLSv1.1
Ignoring unsupported cipher suite: TLS_ECDH_RSA_WITH_AES_128_CBC_SHA256 for TLSv1.1
Ignoring unsupported cipher suite: TLS_DHE_RSA_WITH_AES_128_CBC_SHA256 for TLSv1.1
Ignoring unsupported cipher suite: TLS_DHE_DSS_WITH_AES_128_CBC_SHA256 for TLSv1.1
Ignoring unavailable cipher suite: TLS_RSA_WITH_AES_256_CBC_SHA
Ignoring unavailable cipher suite: TLS_DHE_RSA_WITH_AES_256_GCM_SHA384
Ignoring unavailable cipher suite: TLS_ECDH_ECDSA_WITH_AES_256_CBC_SHA
Ignoring unavailable cipher suite: TLS_ECDHE_ECDSA_WITH_AES_256_GCM_SHA384
Ignoring unavailable cipher suite: TLS_RSA_WITH_AES_256_CBC_SHA256
Ignoring unavailable cipher suite: TLS_DHE_DSS_WITH_AES_256_CBC_SHA
%% No cached client session
Ignoring unavailable cipher suite: TLS_ECDH_ECDSA_WITH_AES_256_GCM_SHA384
Ignoring unavailable cipher suite: TLS_ECDH_RSA_WITH_AES_256_CBC_SHA384
Ignoring unavailable cipher suite: TLS_RSA_WITH_AES_256_GCM_SHA384
Ignoring unavailable cipher suite: TLS_ECDH_ECDSA_WITH_AES_256_CBC_SHA384
Ignoring unavailable cipher suite: TLS_ECDHE_RSA_WITH_AES_256_CBC_SHA384
Ignoring unavailable cipher suite: TLS_ECDH_RSA_WITH_AES_256_CBC_SHA
*** ClientHello, TLSv1.2
RandomCookie:  GMT: 1619497867 bytes = { 64Ignoring unavailable cipher suite: TLS_ECDH_RSA_WITH_AES_256_GCM_SHA384
, 254, 180, 58, 20, 187, 29, 31Ignoring unavailable cipher suite: TLS_ECDHE_ECDSA_WITH_AES_256_CBC_SHA384
, Ignoring unavailable cipher suite: TLS_DHE_RSA_WITH_AES_256_CBC_SHA256
232, Ignoring unavailable cipher suite: TLS_ECDHE_ECDSA_WITH_AES_256_CBC_SHA
42Ignoring unavailable cipher suite: TLS_DHE_DSS_WITH_AES_256_CBC_SHA256
, 4, 135, 45Ignoring unavailable cipher suite: TLS_DHE_RSA_WITH_AES_256_CBC_SHA
, 16, 105, 32, 30Ignoring unavailable cipher suite: TLS_ECDHE_RSA_WITH_AES_256_CBC_SHA
, 49, 254, 200Ignoring unavailable cipher suite: TLS_ECDHE_RSA_WITH_AES_256_GCM_SHA384
, 123, 117, 233, 145, 86, 7, 187, 85 }
Session ID:  {}
Cipher Suites: [TLS_ECDHE_ECDSA_WITH_AES_128_CBC_SHA256, TLS_ECDHE_RSA_WITH_AES_128_CBC_SHA256, TLS_RSA_WITH_AES_128_CBC_SHA256, TLS_ECDH_ECDSA_WITH_AES_128_CBC_SHA256, TLS_ECDH_RSA_WITH_AES_128_CBC_SHA256, TLS_DHE_RSA_WITH_AES_128_CBC_SHA256, TLS_DHE_DSS_WITH_AES_128_CBC_SHA256, TLS_ECDHE_ECDSA_WITH_AES_128_CBC_SHA, TLS_ECDHE_RSA_WITH_AES_128_CBC_SHA, TLS_RSA_WITH_AES_128_CBC_SHA, TLS_ECDH_ECDSA_WITH_AES_128_CBC_SHA, TLS_ECDH_RSA_WITH_AES_128_CBC_SHA, TLS_DHE_RSA_WITH_AES_128_CBC_SHA, TLS_DHE_DSS_WITH_AES_128_CBC_SHA, TLS_ECDHE_ECDSA_WITH_AES_128_GCM_SHA256, TLS_ECDHE_RSA_WITH_AES_128_GCM_SHA256, TLS_RSA_WITH_AES_128_GCM_SHA256, TLS_ECDH_ECDSA_WITH_AES_128_GCM_SHA256, TLS_ECDH_RSA_WITH_AES_128_GCM_SHA256, TLS_DHE_RSA_WITH_AES_128_GCM_SHA256, TLS_DHE_DSS_WITH_AES_128_GCM_SHA256, TLS_ECDHE_ECDSA_WITH_3DES_EDE_CBC_SHA, TLS_ECDHE_RSA_WITH_3DES_EDE_CBC_SHA, SSL_RSA_WITH_3DES_EDE_CBC_SHA, TLS_ECDH_ECDSA_WITH_3DES_EDE_CBC_SHA, TLS_ECDH_RSA_WITH_3DES_EDE_CBC_SHA, SSL_DHE_RSA_WITH_3DES_EDE_CBC_SHA, SSL_DHE_DSS_WITH_3DES_EDE_CBC_SHA, TLS_ECDHE_ECDSA_WITH_RC4_128_SHA, TLS_ECDHE_RSA_WITH_RC4_128_SHA, SSL_RSA_WITH_RC4_128_SHA, TLS_ECDH_ECDSA_WITH_RC4_128_SHA, TLS_ECDH_RSA_WITH_RC4_128_SHA, SSL_RSA_WITH_RC4_128_MD5, TLS_EMPTY_RENEGOTIATION_INFO_SCSV]
Compression Methods:  { 0 }
Extension elliptic_curves, curve names: {secp256r1, sect163k1, sect163r2, secp192r1, secp224r1, sect233k1, sect233r1, sect283k1, sect283r1, secp384r1, sect409k1, sect409r1, secp521r1, sect571k1, sect571r1, secp160k1, secp160r1, secp160r2, sect163r1, secp192k1, sect193r1, sect193r2, secp224k1, sect239k1, secp256k1}
Extension ec_point_formats, formats: [uncompressed]
Extension signature_algorithms, signature_algorithms: SHA512withECDSA, SHA512withRSA, SHA384withECDSA, SHA384withRSA, SHA256withECDSA, SHA256withRSA, SHA224withECDSA, SHA224withRSA, SHA1withECDSA, SHA1withRSA, SHA1withDSA, MD5withRSA
Extension server_name, server_name: [type=host_name (0), value=xmind.net]
***
nioEventLoopGroup-5-1, WRITE: TLSv1.2 Handshake, length = 225
2021-11-08 11:07:55,485 [myid:] - WARN  [nioEventLoopGroup-4-3:ChannelInitializer@97] - Failed to initialize a channel. Closing: [id: 0x352e51fd, L:/127.0.0.1:30073 - R:/127.0.0.1:1610]
java.lang.IllegalArgumentException: Cannot support TLS_ECDHE_ECDSA_WITH_AES_256_CBC_SHA384 with currently installed providers
	at sun.security.ssl.CipherSuiteList.<init>(CipherSuiteList.java:92)
	at sun.security.ssl.SSLEngineImpl.setEnabledCipherSuites(SSLEngineImpl.java:2038)
	at io.netty.handler.ssl.JdkSslContext.configureAndWrapEngine(JdkSslContext.java:341)
	at io.netty.handler.ssl.JdkSslContext.newEngine(JdkSslContext.java:331)
	at io.netty.handler.ssl.SslContext.newHandler(SslContext.java:956)
	at io.netty.handler.ssl.SslContext.newHandler(SslContext.java:948)
	at org.apache.zookeeper.server.NettyServerCnxnFactory.initSSL(NettyServerCnxnFactory.java:575)
	at org.apache.zookeeper.server.NettyServerCnxnFactory.access$1300(NettyServerCnxnFactory.java:80)
	at org.apache.zookeeper.server.NettyServerCnxnFactory$1.initChannel(NettyServerCnxnFactory.java:540)
	at org.apache.zookeeper.server.NettyServerCnxnFactory$1.initChannel(NettyServerCnxnFactory.java:532)
	at io.netty.channel.ChannelInitializer.initChannel(ChannelInitializer.java:129)
	at io.netty.channel.ChannelInitializer.handlerAdded(ChannelInitializer.java:112)
	at io.netty.channel.AbstractChannelHandlerContext.callHandlerAdded(AbstractChannelHandlerContext.java:938)
	at io.netty.channel.DefaultChannelPipeline.callHandlerAdded0(DefaultChannelPipeline.java:609)
	at io.netty.channel.DefaultChannelPipeline.access$100(DefaultChannelPipeline.java:46)
	at io.netty.channel.DefaultChannelPipeline$PendingHandlerAddedTask.execute(DefaultChannelPipeline.java:1463)
	at io.netty.channel.DefaultChannelPipeline.callHandlerAddedForAllHandlers(DefaultChannelPipeline.java:1115)
	at io.netty.channel.DefaultChannelPipeline.invokeHandlerAddedIfNeeded(DefaultChannelPipeline.java:650)
	at io.netty.channel.AbstractChannel$AbstractUnsafe.register0(AbstractChannel.java:502)
	at io.netty.channel.AbstractChannel$AbstractUnsafe.access$200(AbstractChannel.java:417)
	at io.netty.channel.AbstractChannel$AbstractUnsafe$1.run(AbstractChannel.java:474)
	at io.netty.util.concurrent.AbstractEventExecutor.safeExecute(AbstractEventExecutor.java:164)
	at io.netty.util.concurrent.SingleThreadEventExecutor.runAllTasks(SingleThreadEventExecutor.java:472)
	at io.netty.channel.nio.NioEventLoop.run(NioEventLoop.java:500)
	at io.netty.util.concurrent.SingleThreadEventExecutor$4.run(SingleThreadEventExecutor.java:989)
	at io.netty.util.internal.ThreadExecutorMap$2.run(ThreadExecutorMap.java:74)
	at io.netty.util.concurrent.FastThreadLocalRunnable.run(FastThreadLocalRunnable.java:30)
	at java.lang.Thread.run(Thread.java:745)
2021-11-08 11:07:55,486 [myid:127.0.0.1:30073] - ERROR [nioEventLoopGroup-5-1:ClientCnxnSocketNetty$ZKClientHandler@522] - Unexpected throwable
java.io.IOException: 你的主机中的软件中止了一个已建立的连接。
	at sun.nio.ch.SocketDispatcher.read0(Native Method)
	at sun.nio.ch.SocketDispatcher.read(SocketDispatcher.java:43)
	at sun.nio.ch.IOUtil.readIntoNativeBuffer(IOUtil.java:223)
	at sun.nio.ch.IOUtil.read(IOUtil.java:192)
	at sun.nio.ch.SocketChannelImpl.read(SocketChannelImpl.java:379)
	at io.netty.buffer.PooledByteBuf.setBytes(PooledByteBuf.java:253)
	at io.netty.buffer.AbstractByteBuf.writeBytes(AbstractByteBuf.java:1134)
	at io.netty.buffer.WrappedByteBuf.writeBytes(WrappedByteBuf.java:821)
	at io.netty.buffer.AdvancedLeakAwareByteBuf.writeBytes(AdvancedLeakAwareByteBuf.java:635)
	at io.netty.channel.socket.nio.NioSocketChannel.doReadBytes(NioSocketChannel.java:350)
	at io.netty.channel.nio.AbstractNioByteChannel$NioByteUnsafe.read(AbstractNioByteChannel.java:151)
	at io.netty.channel.nio.NioEventLoop.processSelectedKey(NioEventLoop.java:719)
	at io.netty.channel.nio.NioEventLoop.processSelectedKeysOptimized(NioEventLoop.java:655)
	at io.netty.channel.nio.NioEventLoop.processSelectedKeys(NioEventLoop.java:581)
	at io.netty.channel.nio.NioEventLoop.run(NioEventLoop.java:493)
	at io.netty.util.concurrent.SingleThreadEventExecutor$4.run(SingleThreadEventExecutor.java:989)
	at io.netty.util.internal.ThreadExecutorMap$2.run(ThreadExecutorMap.java:74)
	at io.netty.util.concurrent.FastThreadLocalRunnable.run(FastThreadLocalRunnable.java:30)
	at java.lang.Thread.run(Thread.java:745)
2021-11-08 11:07:55,486 [myid:127.0.0.1:30073] - INFO  [nioEventLoopGroup-5-1:ClientCnxnSocketNetty@249] - channel is told closing
nioEventLoopGroup-5-1, called closeOutbound()
nioEventLoopGroup-5-1, closeOutboundInternal()
nioEventLoopGroup-5-1, SEND TLSv1.2 ALERT:  warning, description = close_notify
nioEventLoopGroup-5-1, WRITE: TLSv1.2 Alert, length = 2
2021-11-08 11:07:55,486 [myid:127.0.0.1:30073] - WARN  [main-SendThread(127.0.0.1:30073):ClientCnxn$SendThread@1290] - Session 0x0 for sever xmind.net/127.0.0.1:30073, Closing socket connection. Attempting reconnect except it is a SessionExpiredException.
EndOfStreamException: channel for sessionid 0x0 is lost
	at org.apache.zookeeper.ClientCnxnSocketNetty.doTransport(ClientCnxnSocketNetty.java:285)
	at org.apache.zookeeper.ClientCnxn$SendThread.run(ClientCnxn.java:1280)
nioEventLoopGroup-5-1, called closeInbound()
nioEventLoopGroup-5-1, fatal error: 80: Inbound closed before receiving peer's close_notify: possible truncation attack?
javax.net.ssl.SSLException: Inbound closed before receiving peer's close_notify: possible truncation attack?
nioEventLoopGroup-5-1, SEND TLSv1.2 ALERT:  fatal, description = internal_error
nioEventLoopGroup-5-1, Exception sending alert: java.io.IOException: writer side was already closed.
2021-11-08 11:07:55,486 [myid:127.0.0.1:30073] - INFO  [nioEventLoopGroup-5-1:ClientCnxnSocketNetty$ZKClientHandler@469] - channel is disconnected: [id: 0xe8608807, L:/127.0.0.1:1610 ! R:xmind.net/127.0.0.1:30073]
2021-11-08 11:07:57,176 [myid:127.0.0.1:30073] - INFO  [main-SendThread(127.0.0.1:30073):ClientCnxn$SendThread@1171] - Opening socket connection to server xmind.net/127.0.0.1:30073.
2021-11-08 11:07:57,176 [myid:127.0.0.1:30073] - INFO  [main-SendThread(127.0.0.1:30073):ClientCnxn$SendThread@1173] - SASL config status: Will not attempt to authenticate using SASL (unknown error)
adding as trusted cert:
  Subject: CN=localhost, OU=ZooKeeper, O=Apache, L=Unknown, ST=Unknown, C=Unknown
  Issuer:  CN=localhost, OU=ZooKeeper, O=Apache, L=Unknown, ST=Unknown, C=Unknown
  Algorithm: RSA; Serial number: 0x7334b506
  Valid from Sat Jan 31 02:57:30 CST 2015 until Wed Feb 08 02:57:30 CST 3015

trigger seeding of SecureRandom
done seeding SecureRandom
Using SSLEngineImpl.
Ignoring unavailable cipher suite: TLS_DHE_DSS_WITH_AES_256_GCM_SHA384
Ignoring unavailable cipher suite: TLS_RSA_WITH_AES_256_CBC_SHA
Ignoring unavailable cipher suite: TLS_DHE_RSA_WITH_AES_256_GCM_SHA384
Ignoring unavailable cipher suite: TLS_ECDH_ECDSA_WITH_AES_256_CBC_SHA
Ignoring unavailable cipher suite: TLS_ECDHE_ECDSA_WITH_AES_256_GCM_SHA384
Ignoring unavailable cipher suite: TLS_RSA_WITH_AES_256_CBC_SHA256
Ignoring unavailable cipher suite: TLS_DHE_DSS_WITH_AES_256_CBC_SHA
Ignoring unavailable cipher suite: TLS_ECDH_ECDSA_WITH_AES_256_GCM_SHA384
Ignoring unavailable cipher suite: TLS_ECDH_RSA_WITH_AES_256_CBC_SHA384
Ignoring unavailable cipher suite: TLS_RSA_WITH_AES_256_GCM_SHA384
Ignoring unavailable cipher suite: TLS_ECDH_ECDSA_WITH_AES_256_CBC_SHA384
Ignoring unavailable cipher suite: TLS_ECDHE_RSA_WITH_AES_256_CBC_SHA384
Ignoring unavailable cipher suite: TLS_ECDH_RSA_WITH_AES_256_CBC_SHA
Ignoring unavailable cipher suite: TLS_ECDH_RSA_WITH_AES_256_GCM_SHA384
Ignoring unavailable cipher suite: TLS_ECDHE_ECDSA_WITH_AES_256_CBC_SHA384
Ignoring unavailable cipher suite: TLS_DHE_RSA_WITH_AES_256_CBC_SHA256
Ignoring unavailable cipher suite: TLS_ECDHE_ECDSA_WITH_AES_256_CBC_SHA
Ignoring unavailable cipher suite: TLS_DHE_DSS_WITH_AES_256_CBC_SHA256
Ignoring unavailable cipher suite: TLS_DHE_RSA_WITH_AES_256_CBC_SHA
Ignoring unavailable cipher suite: TLS_ECDHE_RSA_WITH_AES_256_CBC_SHA
Ignoring unavailable cipher suite: TLS_ECDHE_RSA_WITH_AES_256_GCM_SHA384
2021-11-08 11:07:57,178 [myid:127.0.0.1:30073] - INFO  [nioEventLoopGroup-5-1:ClientCnxnSocketNetty$ZKClientPipelineFactory@454] - SSL handler added for channel: [id: 0x3bb7ea99]
2021-11-08 11:07:57,178 [myid:127.0.0.1:30073] - INFO  [nioEventLoopGroup-5-1:ClientCnxn$SendThread@1005] - Socket connection established, initiating session, client: /127.0.0.1:1645, server: xmind.net/127.0.0.1:30073
2021-11-08 11:07:57,179 [myid:127.0.0.1:30073] - INFO  [nioEventLoopGroup-5-1:ClientCnxnSocketNetty$1@184] - channel is connected: [id: 0x3bb7ea99, L:/127.0.0.1:1645 - R:xmind.net/127.0.0.1:30073]
Allow unsafe renegotiation: false
Allow legacy hello messages: true
Is initial handshake: true
Is secure renegotiation: false
trigger seeding of SecureRandom
Ignoring unsupported cipher suite: TLS_ECDHE_ECDSA_WITH_AES_128_CBC_SHA256 for TLSv1
Ignoring unsupported cipher suite: TLS_ECDHE_RSA_WITH_AES_128_CBC_SHA256 for TLSv1
Ignoring unsupported cipher suite: TLS_RSA_WITH_AES_128_CBC_SHA256 for TLSv1
Ignoring unsupported cipher suite: TLS_ECDH_ECDSA_WITH_AES_128_CBC_SHA256 for TLSv1
done seeding SecureRandom
Ignoring unsupported cipher suite: TLS_ECDH_RSA_WITH_AES_128_CBC_SHA256 for TLSv1
Ignoring unsupported cipher suite: TLS_DHE_RSA_WITH_AES_128_CBC_SHA256 for TLSv1
Ignoring unsupported cipher suite: TLS_DHE_DSS_WITH_AES_128_CBC_SHA256 for TLSv1
Using SSLEngineImpl.
Ignoring unavailable cipher suite: TLS_DHE_DSS_WITH_AES_256_GCM_SHA384
Ignoring unsupported cipher suite: TLS_ECDHE_ECDSA_WITH_AES_128_CBC_SHA256 for TLSv1.1
Ignoring unsupported cipher suite: TLS_ECDHE_RSA_WITH_AES_128_CBC_SHA256 for TLSv1.1
Ignoring unsupported cipher suite: TLS_RSA_WITH_AES_128_CBC_SHA256 for TLSv1.1
Ignoring unsupported cipher suite: TLS_ECDH_ECDSA_WITH_AES_128_CBC_SHA256 for TLSv1.1
Ignoring unsupported cipher suite: TLS_ECDH_RSA_WITH_AES_128_CBC_SHA256 for TLSv1.1
Ignoring unsupported cipher suite: TLS_DHE_RSA_WITH_AES_128_CBC_SHA256 for TLSv1.1
Ignoring unsupported cipher suite: TLS_DHE_DSS_WITH_AES_128_CBC_SHA256 for TLSv1.1
Ignoring unavailable cipher suite: TLS_RSA_WITH_AES_256_CBC_SHA
Ignoring unavailable cipher suite: TLS_DHE_RSA_WITH_AES_256_GCM_SHA384
Ignoring unavailable cipher suite: TLS_ECDH_ECDSA_WITH_AES_256_CBC_SHA
Ignoring unavailable cipher suite: TLS_ECDHE_ECDSA_WITH_AES_256_GCM_SHA384
Ignoring unavailable cipher suite: TLS_RSA_WITH_AES_256_CBC_SHA256
Ignoring unavailable cipher suite: TLS_DHE_DSS_WITH_AES_256_CBC_SHA
Ignoring unavailable cipher suite: TLS_ECDH_ECDSA_WITH_AES_256_GCM_SHA384
%% No cached client session
Ignoring unavailable cipher suite: TLS_ECDH_RSA_WITH_AES_256_CBC_SHA384
Ignoring unavailable cipher suite: TLS_RSA_WITH_AES_256_GCM_SHA384
Ignoring unavailable cipher suite: TLS_ECDH_ECDSA_WITH_AES_256_CBC_SHA384
Ignoring unavailable cipher suite: TLS_ECDHE_RSA_WITH_AES_256_CBC_SHA384
Ignoring unavailable cipher suite: TLS_ECDH_RSA_WITH_AES_256_CBC_SHA
Ignoring unavailable cipher suite: TLS_ECDH_RSA_WITH_AES_256_GCM_SHA384
*** ClientHello, TLSv1.2
RandomCookie:  GMT: 1619497869 bytes = { 133, Ignoring unavailable cipher suite: TLS_ECDHE_ECDSA_WITH_AES_256_CBC_SHA384
159Ignoring unavailable cipher suite: TLS_DHE_RSA_WITH_AES_256_CBC_SHA256
, 47, 29Ignoring unavailable cipher suite: TLS_ECDHE_ECDSA_WITH_AES_256_CBC_SHA
, Ignoring unavailable cipher suite: TLS_DHE_DSS_WITH_AES_256_CBC_SHA256
116, 118, 119Ignoring unavailable cipher suite: TLS_DHE_RSA_WITH_AES_256_CBC_SHA
, 50, 86, 2, 168Ignoring unavailable cipher suite: TLS_ECDHE_RSA_WITH_AES_256_CBC_SHA
, 24, 59, Ignoring unavailable cipher suite: TLS_ECDHE_RSA_WITH_AES_256_GCM_SHA384
45, 248, 186, 119, 142, 222, 217, 114, 237, 251, 74, 211, 243, 82, 229 }
Session ID:  {}
Cipher Suites: [TLS_ECDHE_ECDSA_WITH_AES_128_CBC_SHA256, TLS_ECDHE_RSA_WITH_AES_128_CBC_SHA256, TLS_RSA_WITH_AES_128_CBC_SHA256, TLS_ECDH_ECDSA_WITH_AES_128_CBC_SHA256, TLS_ECDH_RSA_WITH_AES_128_CBC_SHA256, TLS_DHE_RSA_WITH_AES_128_CBC_SHA256, TLS_DHE_DSS_WITH_AES_128_CBC_SHA256, TLS_ECDHE_ECDSA_WITH_AES_128_CBC_SHA, TLS_ECDHE_RSA_WITH_AES_128_CBC_SHA, TLS_RSA_WITH_AES_128_CBC_SHA, TLS_ECDH_ECDSA_WITH_AES_128_CBC_SHA, TLS_ECDH_RSA_WITH_AES_128_CBC_SHA, TLS_DHE_RSA_WITH_AES_128_CBC_SHA, TLS_DHE_DSS_WITH_AES_128_CBC_SHA, TLS_ECDHE_ECDSA_WITH_AES_128_GCM_SHA256, TLS_ECDHE_RSA_WITH_AES_128_GCM_SHA256, TLS_RSA_WITH_AES_128_GCM_SHA256, TLS_ECDH_ECDSA_WITH_AES_128_GCM_SHA256, TLS_ECDH_RSA_WITH_AES_128_GCM_SHA256, TLS_DHE_RSA_WITH_AES_128_GCM_SHA256, TLS_DHE_DSS_WITH_AES_128_GCM_SHA256, TLS_ECDHE_ECDSA_WITH_3DES_EDE_CBC_SHA, TLS_ECDHE_RSA_WITH_3DES_EDE_CBC_SHA, SSL_RSA_WITH_3DES_EDE_CBC_SHA, TLS_ECDH_ECDSA_WITH_3DES_EDE_CBC_SHA, TLS_ECDH_RSA_WITH_3DES_EDE_CBC_SHA, SSL_DHE_RSA_WITH_3DES_EDE_CBC_SHA, SSL_DHE_DSS_WITH_3DES_EDE_CBC_SHA, TLS_ECDHE_ECDSA_WITH_RC4_128_SHA, TLS_ECDHE_RSA_WITH_RC4_128_SHA, SSL_RSA_WITH_RC4_128_SHA, TLS_ECDH_ECDSA_WITH_RC4_128_SHA, TLS_ECDH_RSA_WITH_RC4_128_SHA, SSL_RSA_WITH_RC4_128_MD5, TLS_EMPTY_RENEGOTIATION_INFO_SCSV]
Compression Methods:  { 0 }
Extension elliptic_curves, curve names: {secp256r1, sect163k1, sect163r2, secp192r1, secp224r1, sect233k1, sect233r1, sect283k1, sect283r1, secp384r1, sect409k1, sect409r1, secp521r1, sect571k1, sect571r1, secp160k1, secp160r1, secp160r2, sect163r1, secp192k1, sect193r1, sect193r2, secp224k1, sect239k1, secp256k1}
Extension ec_point_formats, formats: [uncompressed]
Extension signature_algorithms, signature_algorithms: SHA512withECDSA, SHA512withRSA, SHA384withECDSA, SHA384withRSA, SHA256withECDSA, SHA256withRSA, SHA224withECDSA, SHA224withRSA, SHA1withECDSA, SHA1withRSA, SHA1withDSA, MD5withRSA
Extension server_name, server_name: [type=host_name (0), value=xmind.net]
***
nioEventLoopGroup-5-1, WRITE: TLSv1.2 Handshake, length = 225
2021-11-08 11:07:57,180 [myid:] - WARN  [nioEventLoopGroup-4-4:ChannelInitializer@97] - Failed to initialize a channel. Closing: [id: 0xba646bd8, L:/127.0.0.1:30073 - R:/127.0.0.1:1645]
java.lang.IllegalArgumentException: Cannot support TLS_ECDHE_ECDSA_WITH_AES_256_CBC_SHA384 with currently installed providers
	at sun.security.ssl.CipherSuiteList.<init>(CipherSuiteList.java:92)
	at sun.security.ssl.SSLEngineImpl.setEnabledCipherSuites(SSLEngineImpl.java:2038)
	at io.netty.handler.ssl.JdkSslContext.configureAndWrapEngine(JdkSslContext.java:341)
	at io.netty.handler.ssl.JdkSslContext.newEngine(JdkSslContext.java:331)
	at io.netty.handler.ssl.SslContext.newHandler(SslContext.java:956)
	at io.netty.handler.ssl.SslContext.newHandler(SslContext.java:948)
	at org.apache.zookeeper.server.NettyServerCnxnFactory.initSSL(NettyServerCnxnFactory.java:575)
	at org.apache.zookeeper.server.NettyServerCnxnFactory.access$1300(NettyServerCnxnFactory.java:80)
	at org.apache.zookeeper.server.NettyServerCnxnFactory$1.initChannel(NettyServerCnxnFactory.java:540)
	at org.apache.zookeeper.server.NettyServerCnxnFactory$1.initChannel(NettyServerCnxnFactory.java:532)
	at io.netty.channel.ChannelInitializer.initChannel(ChannelInitializer.java:129)
	at io.netty.channel.ChannelInitializer.handlerAdded(ChannelInitializer.java:112)
	at io.netty.channel.AbstractChannelHandlerContext.callHandlerAdded(AbstractChannelHandlerContext.java:938)
	at io.netty.channel.DefaultChannelPipeline.callHandlerAdded0(DefaultChannelPipeline.java:609)
	at io.netty.channel.DefaultChannelPipeline.access$100(DefaultChannelPipeline.java:46)
	at io.netty.channel.DefaultChannelPipeline$PendingHandlerAddedTask.execute(DefaultChannelPipeline.java:1463)
	at io.netty.channel.DefaultChannelPipeline.callHandlerAddedForAllHandlers(DefaultChannelPipeline.java:1115)
	at io.netty.channel.DefaultChannelPipeline.invokeHandlerAddedIfNeeded(DefaultChannelPipeline.java:650)
	at io.netty.channel.AbstractChannel$AbstractUnsafe.register0(AbstractChannel.java:502)
	at io.netty.channel.AbstractChannel$AbstractUnsafe.access$200(AbstractChannel.java:417)
	at io.netty.channel.AbstractChannel$AbstractUnsafe$1.run(AbstractChannel.java:474)
	at io.netty.util.concurrent.AbstractEventExecutor.safeExecute(AbstractEventExecutor.java:164)
	at io.netty.util.concurrent.SingleThreadEventExecutor.runAllTasks(SingleThreadEventExecutor.java:472)
	at io.netty.channel.nio.NioEventLoop.run(NioEventLoop.java:500)
	at io.netty.util.concurrent.SingleThreadEventExecutor$4.run(SingleThreadEventExecutor.java:989)
	at io.netty.util.internal.ThreadExecutorMap$2.run(ThreadExecutorMap.java:74)
	at io.netty.util.concurrent.FastThreadLocalRunnable.run(FastThreadLocalRunnable.java:30)
	at java.lang.Thread.run(Thread.java:745)
2021-11-08 11:07:57,181 [myid:127.0.0.1:30073] - ERROR [nioEventLoopGroup-5-1:ClientCnxnSocketNetty$ZKClientHandler@522] - Unexpected throwable
java.io.IOException: 你的主机中的软件中止了一个已建立的连接。
	at sun.nio.ch.SocketDispatcher.read0(Native Method)
	at sun.nio.ch.SocketDispatcher.read(SocketDispatcher.java:43)
	at sun.nio.ch.IOUtil.readIntoNativeBuffer(IOUtil.java:223)
	at sun.nio.ch.IOUtil.read(IOUtil.java:192)
	at sun.nio.ch.SocketChannelImpl.read(SocketChannelImpl.java:379)
	at io.netty.buffer.PooledByteBuf.setBytes(PooledByteBuf.java:253)
	at io.netty.buffer.AbstractByteBuf.writeBytes(AbstractByteBuf.java:1134)
	at io.netty.buffer.WrappedByteBuf.writeBytes(WrappedByteBuf.java:821)
	at io.netty.buffer.AdvancedLeakAwareByteBuf.writeBytes(AdvancedLeakAwareByteBuf.java:635)
	at io.netty.channel.socket.nio.NioSocketChannel.doReadBytes(NioSocketChannel.java:350)
	at io.netty.channel.nio.AbstractNioByteChannel$NioByteUnsafe.read(AbstractNioByteChannel.java:151)
	at io.netty.channel.nio.NioEventLoop.processSelectedKey(NioEventLoop.java:719)
	at io.netty.channel.nio.NioEventLoop.processSelectedKeysOptimized(NioEventLoop.java:655)
	at io.netty.channel.nio.NioEventLoop.processSelectedKeys(NioEventLoop.java:581)
	at io.netty.channel.nio.NioEventLoop.run(NioEventLoop.java:493)
	at io.netty.util.concurrent.SingleThreadEventExecutor$4.run(SingleThreadEventExecutor.java:989)
	at io.netty.util.internal.ThreadExecutorMap$2.run(ThreadExecutorMap.java:74)
	at io.netty.util.concurrent.FastThreadLocalRunnable.run(FastThreadLocalRunnable.java:30)
	at java.lang.Thread.run(Thread.java:745)
2021-11-08 11:07:57,181 [myid:127.0.0.1:30073] - INFO  [nioEventLoopGroup-5-1:ClientCnxnSocketNetty@249] - channel is told closing
nioEventLoopGroup-5-1, called closeOutbound()
nioEventLoopGroup-5-1, closeOutboundInternal()
nioEventLoopGroup-5-1, SEND TLSv1.2 ALERT:  warning, description = close_notify
nioEventLoopGroup-5-1, WRITE: TLSv1.2 Alert, length = 2
nioEventLoopGroup-5-1, called closeInbound()
nioEventLoopGroup-5-1, fatal error: 80: Inbound closed before receiving peer's close_notify: possible truncation attack?
javax.net.ssl.SSLException: Inbound closed before receiving peer's close_notify: possible truncation attack?
nioEventLoopGroup-5-1, SEND TLSv1.2 ALERT:  fatal, description = internal_error
nioEventLoopGroup-5-1, Exception sending alert: java.io.IOException: writer side was already closed.
2021-11-08 11:07:57,181 [myid:127.0.0.1:30073] - WARN  [main-SendThread(127.0.0.1:30073):ClientCnxn$SendThread@1290] - Session 0x0 for sever xmind.net/127.0.0.1:30073, Closing socket connection. Attempting reconnect except it is a SessionExpiredException.
EndOfStreamException: channel for sessionid 0x0 is lost
	at org.apache.zookeeper.ClientCnxnSocketNetty.doTransport(ClientCnxnSocketNetty.java:285)
	at org.apache.zookeeper.ClientCnxn$SendThread.run(ClientCnxn.java:1280)
2021-11-08 11:07:57,181 [myid:127.0.0.1:30073] - INFO  [nioEventLoopGroup-5-1:ClientCnxnSocketNetty$ZKClientHandler@469] - channel is disconnected: [id: 0x3bb7ea99, L:/127.0.0.1:1645 ! R:xmind.net/127.0.0.1:30073]
2021-11-08 11:07:58,232 [myid:127.0.0.1:30073] - INFO  [main-SendThread(127.0.0.1:30073):ClientCnxn$SendThread@1171] - Opening socket connection to server xmind.net/127.0.0.1:30073.
2021-11-08 11:07:58,232 [myid:127.0.0.1:30073] - INFO  [main-SendThread(127.0.0.1:30073):ClientCnxn$SendThread@1173] - SASL config status: Will not attempt to authenticate using SASL (unknown error)
adding as trusted cert:
  Subject: CN=localhost, OU=ZooKeeper, O=Apache, L=Unknown, ST=Unknown, C=Unknown
  Issuer:  CN=localhost, OU=ZooKeeper, O=Apache, L=Unknown, ST=Unknown, C=Unknown
  Algorithm: RSA; Serial number: 0x7334b506
  Valid from Sat Jan 31 02:57:30 CST 2015 until Wed Feb 08 02:57:30 CST 3015

trigger seeding of SecureRandom
done seeding SecureRandom
Using SSLEngineImpl.
Ignoring unavailable cipher suite: TLS_DHE_DSS_WITH_AES_256_GCM_SHA384
Ignoring unavailable cipher suite: TLS_RSA_WITH_AES_256_CBC_SHA
Ignoring unavailable cipher suite: TLS_DHE_RSA_WITH_AES_256_GCM_SHA384
Ignoring unavailable cipher suite: TLS_ECDH_ECDSA_WITH_AES_256_CBC_SHA
Ignoring unavailable cipher suite: TLS_ECDHE_ECDSA_WITH_AES_256_GCM_SHA384
Ignoring unavailable cipher suite: TLS_RSA_WITH_AES_256_CBC_SHA256
Ignoring unavailable cipher suite: TLS_DHE_DSS_WITH_AES_256_CBC_SHA
Ignoring unavailable cipher suite: TLS_ECDH_ECDSA_WITH_AES_256_GCM_SHA384
Ignoring unavailable cipher suite: TLS_ECDH_RSA_WITH_AES_256_CBC_SHA384
Ignoring unavailable cipher suite: TLS_RSA_WITH_AES_256_GCM_SHA384
Ignoring unavailable cipher suite: TLS_ECDH_ECDSA_WITH_AES_256_CBC_SHA384
Ignoring unavailable cipher suite: TLS_ECDHE_RSA_WITH_AES_256_CBC_SHA384
Ignoring unavailable cipher suite: TLS_ECDH_RSA_WITH_AES_256_CBC_SHA
Ignoring unavailable cipher suite: TLS_ECDH_RSA_WITH_AES_256_GCM_SHA384
Ignoring unavailable cipher suite: TLS_ECDHE_ECDSA_WITH_AES_256_CBC_SHA384
Ignoring unavailable cipher suite: TLS_DHE_RSA_WITH_AES_256_CBC_SHA256
Ignoring unavailable cipher suite: TLS_ECDHE_ECDSA_WITH_AES_256_CBC_SHA
Ignoring unavailable cipher suite: TLS_DHE_DSS_WITH_AES_256_CBC_SHA256
Ignoring unavailable cipher suite: TLS_DHE_RSA_WITH_AES_256_CBC_SHA
Ignoring unavailable cipher suite: TLS_ECDHE_RSA_WITH_AES_256_CBC_SHA
Ignoring unavailable cipher suite: TLS_ECDHE_RSA_WITH_AES_256_GCM_SHA384
2021-11-08 11:07:58,240 [myid:127.0.0.1:30073] - INFO  [nioEventLoopGroup-5-1:ClientCnxnSocketNetty$ZKClientPipelineFactory@454] - SSL handler added for channel: [id: 0x23301842]
2021-11-08 11:07:58,241 [myid:127.0.0.1:30073] - INFO  [nioEventLoopGroup-5-1:ClientCnxn$SendThread@1005] - Socket connection established, initiating session, client: /127.0.0.1:1692, server: xmind.net/127.0.0.1:30073
2021-11-08 11:07:58,242 [myid:127.0.0.1:30073] - INFO  [nioEventLoopGroup-5-1:ClientCnxnSocketNetty$1@184] - channel is connected: [id: 0x23301842, L:/127.0.0.1:1692 - R:xmind.net/127.0.0.1:30073]
Allow unsafe renegotiation: false
Allow legacy hello messages: true
Is initial handshake: true
Is secure renegotiation: false
trigger seeding of SecureRandom
Ignoring unsupported cipher suite: TLS_ECDHE_ECDSA_WITH_AES_128_CBC_SHA256 for TLSv1
Ignoring unsupported cipher suite: TLS_ECDHE_RSA_WITH_AES_128_CBC_SHA256 for TLSv1
Ignoring unsupported cipher suite: TLS_RSA_WITH_AES_128_CBC_SHA256 for TLSv1
done seeding SecureRandom
Ignoring unsupported cipher suite: TLS_ECDH_ECDSA_WITH_AES_128_CBC_SHA256 for TLSv1
Ignoring unsupported cipher suite: TLS_ECDH_RSA_WITH_AES_128_CBC_SHA256 for TLSv1
Ignoring unsupported cipher suite: TLS_DHE_RSA_WITH_AES_128_CBC_SHA256 for TLSv1
Ignoring unsupported cipher suite: TLS_DHE_DSS_WITH_AES_128_CBC_SHA256 for TLSv1
Using SSLEngineImpl.
Ignoring unsupported cipher suite: TLS_ECDHE_ECDSA_WITH_AES_128_CBC_SHA256 for TLSv1.1
Ignoring unavailable cipher suite: TLS_DHE_DSS_WITH_AES_256_GCM_SHA384
Ignoring unsupported cipher suite: TLS_ECDHE_RSA_WITH_AES_128_CBC_SHA256 for TLSv1.1
Ignoring unsupported cipher suite: TLS_RSA_WITH_AES_128_CBC_SHA256 for TLSv1.1
Ignoring unsupported cipher suite: TLS_ECDH_ECDSA_WITH_AES_128_CBC_SHA256 for TLSv1.1
Ignoring unsupported cipher suite: TLS_ECDH_RSA_WITH_AES_128_CBC_SHA256 for TLSv1.1
Ignoring unsupported cipher suite: TLS_DHE_RSA_WITH_AES_128_CBC_SHA256 for TLSv1.1
Ignoring unsupported cipher suite: TLS_DHE_DSS_WITH_AES_128_CBC_SHA256 for TLSv1.1
Ignoring unavailable cipher suite: TLS_RSA_WITH_AES_256_CBC_SHA
Ignoring unavailable cipher suite: TLS_DHE_RSA_WITH_AES_256_GCM_SHA384
Ignoring unavailable cipher suite: TLS_ECDH_ECDSA_WITH_AES_256_CBC_SHA
Ignoring unavailable cipher suite: TLS_ECDHE_ECDSA_WITH_AES_256_GCM_SHA384
Ignoring unavailable cipher suite: TLS_RSA_WITH_AES_256_CBC_SHA256
Ignoring unavailable cipher suite: TLS_DHE_DSS_WITH_AES_256_CBC_SHA
%% No cached client session
Ignoring unavailable cipher suite: TLS_ECDH_ECDSA_WITH_AES_256_GCM_SHA384
Ignoring unavailable cipher suite: TLS_ECDH_RSA_WITH_AES_256_CBC_SHA384
Ignoring unavailable cipher suite: TLS_RSA_WITH_AES_256_GCM_SHA384
Ignoring unavailable cipher suite: TLS_ECDH_ECDSA_WITH_AES_256_CBC_SHA384
Ignoring unavailable cipher suite: TLS_ECDHE_RSA_WITH_AES_256_CBC_SHA384
Ignoring unavailable cipher suite: TLS_ECDH_RSA_WITH_AES_256_CBC_SHA
*** ClientHello, TLSv1.2
RandomCookie:  GMT: 1619497870 bytes = { 246, Ignoring unavailable cipher suite: TLS_ECDH_RSA_WITH_AES_256_GCM_SHA384
194, 12, 45, 81, 30, 136, 53, 84, Ignoring unavailable cipher suite: TLS_ECDHE_ECDSA_WITH_AES_256_CBC_SHA384
237Ignoring unavailable cipher suite: TLS_DHE_RSA_WITH_AES_256_CBC_SHA256
, 160, 152, 248Ignoring unavailable cipher suite: TLS_ECDHE_ECDSA_WITH_AES_256_CBC_SHA
, Ignoring unavailable cipher suite: TLS_DHE_DSS_WITH_AES_256_CBC_SHA256
0, 145, 47, 0, Ignoring unavailable cipher suite: TLS_DHE_RSA_WITH_AES_256_CBC_SHA
249, 126, Ignoring unavailable cipher suite: TLS_ECDHE_RSA_WITH_AES_256_CBC_SHA
48, 163, Ignoring unavailable cipher suite: TLS_ECDHE_RSA_WITH_AES_256_GCM_SHA384
167, 134, 79, 182, 134, 222, 146 }
Session ID:  {}
Cipher Suites: [TLS_ECDHE_ECDSA_WITH_AES_128_CBC_SHA256, TLS_ECDHE_RSA_WITH_AES_128_CBC_SHA256, TLS_RSA_WITH_AES_128_CBC_SHA256, TLS_ECDH_ECDSA_WITH_AES_128_CBC_SHA256, TLS_ECDH_RSA_WITH_AES_128_CBC_SHA256, TLS_DHE_RSA_WITH_AES_128_CBC_SHA256, TLS_DHE_DSS_WITH_AES_128_CBC_SHA256, TLS_ECDHE_ECDSA_WITH_AES_128_CBC_SHA, TLS_ECDHE_RSA_WITH_AES_128_CBC_SHA, TLS_RSA_WITH_AES_128_CBC_SHA, TLS_ECDH_ECDSA_WITH_AES_128_CBC_SHA, TLS_ECDH_RSA_WITH_AES_128_CBC_SHA, TLS_DHE_RSA_WITH_AES_128_CBC_SHA, TLS_DHE_DSS_WITH_AES_128_CBC_SHA, TLS_ECDHE_ECDSA_WITH_AES_128_GCM_SHA256, TLS_ECDHE_RSA_WITH_AES_128_GCM_SHA256, TLS_RSA_WITH_AES_128_GCM_SHA256, TLS_ECDH_ECDSA_WITH_AES_128_GCM_SHA256, TLS_ECDH_RSA_WITH_AES_128_GCM_SHA256, TLS_DHE_RSA_WITH_AES_128_GCM_SHA256, TLS_DHE_DSS_WITH_AES_128_GCM_SHA256, TLS_ECDHE_ECDSA_WITH_3DES_EDE_CBC_SHA, TLS_ECDHE_RSA_WITH_3DES_EDE_CBC_SHA, SSL_RSA_WITH_3DES_EDE_CBC_SHA, TLS_ECDH_ECDSA_WITH_3DES_EDE_CBC_SHA, TLS_ECDH_RSA_WITH_3DES_EDE_CBC_SHA, SSL_DHE_RSA_WITH_3DES_EDE_CBC_SHA, SSL_DHE_DSS_WITH_3DES_EDE_CBC_SHA, TLS_ECDHE_ECDSA_WITH_RC4_128_SHA, TLS_ECDHE_RSA_WITH_RC4_128_SHA, SSL_RSA_WITH_RC4_128_SHA, TLS_ECDH_ECDSA_WITH_RC4_128_SHA, TLS_ECDH_RSA_WITH_RC4_128_SHA, SSL_RSA_WITH_RC4_128_MD5, TLS_EMPTY_RENEGOTIATION_INFO_SCSV]
Compression Methods:  { 0 }
Extension elliptic_curves, curve names: {secp256r1, sect163k1, sect163r2, secp192r1, secp224r1, sect233k1, sect233r1, sect283k1, sect283r1, secp384r1, sect409k1, sect409r1, secp521r1, sect571k1, sect571r1, secp160k1, secp160r1, secp160r2, sect163r1, secp192k1, sect193r1, sect193r2, secp224k1, sect239k1, secp256k1}
Extension ec_point_formats, formats: [uncompressed]
Extension signature_algorithms, signature_algorithms: SHA512withECDSA, SHA512withRSA, SHA384withECDSA, SHA384withRSA, SHA256withECDSA, SHA256withRSA, SHA224withECDSA, SHA224withRSA, SHA1withECDSA, SHA1withRSA, SHA1withDSA, MD5withRSA
Extension server_name, server_name: [type=host_name (0), value=xmind.net]
***
nioEventLoopGroup-5-1, WRITE: TLSv1.2 Handshake, length = 225
2021-11-08 11:07:58,246 [myid:] - WARN  [nioEventLoopGroup-4-5:ChannelInitializer@97] - Failed to initialize a channel. Closing: [id: 0x999bb189, L:/127.0.0.1:30073 - R:/127.0.0.1:1692]
java.lang.IllegalArgumentException: Cannot support TLS_ECDHE_ECDSA_WITH_AES_256_CBC_SHA384 with currently installed providers
	at sun.security.ssl.CipherSuiteList.<init>(CipherSuiteList.java:92)
	at sun.security.ssl.SSLEngineImpl.setEnabledCipherSuites(SSLEngineImpl.java:2038)
	at io.netty.handler.ssl.JdkSslContext.configureAndWrapEngine(JdkSslContext.java:341)
	at io.netty.handler.ssl.JdkSslContext.newEngine(JdkSslContext.java:331)
	at io.netty.handler.ssl.SslContext.newHandler(SslContext.java:956)
	at io.netty.handler.ssl.SslContext.newHandler(SslContext.java:948)
	at org.apache.zookeeper.server.NettyServerCnxnFactory.initSSL(NettyServerCnxnFactory.java:575)
	at org.apache.zookeeper.server.NettyServerCnxnFactory.access$1300(NettyServerCnxnFactory.java:80)
	at org.apache.zookeeper.server.NettyServerCnxnFactory$1.initChannel(NettyServerCnxnFactory.java:540)
	at org.apache.zookeeper.server.NettyServerCnxnFactory$1.initChannel(NettyServerCnxnFactory.java:532)
	at io.netty.channel.ChannelInitializer.initChannel(ChannelInitializer.java:129)
	at io.netty.channel.ChannelInitializer.handlerAdded(ChannelInitializer.java:112)
	at io.netty.channel.AbstractChannelHandlerContext.callHandlerAdded(AbstractChannelHandlerContext.java:938)
	at io.netty.channel.DefaultChannelPipeline.callHandlerAdded0(DefaultChannelPipeline.java:609)
	at io.netty.channel.DefaultChannelPipeline.access$100(DefaultChannelPipeline.java:46)
	at io.netty.channel.DefaultChannelPipeline$PendingHandlerAddedTask.execute(DefaultChannelPipeline.java:1463)
	at io.netty.channel.DefaultChannelPipeline.callHandlerAddedForAllHandlers(DefaultChannelPipeline.java:1115)
	at io.netty.channel.DefaultChannelPipeline.invokeHandlerAddedIfNeeded(DefaultChannelPipeline.java:650)
	at io.netty.channel.AbstractChannel$AbstractUnsafe.register0(AbstractChannel.java:502)
	at io.netty.channel.AbstractChannel$AbstractUnsafe.access$200(AbstractChannel.java:417)
	at io.netty.channel.AbstractChannel$AbstractUnsafe$1.run(AbstractChannel.java:474)
	at io.netty.util.concurrent.AbstractEventExecutor.safeExecute(AbstractEventExecutor.java:164)
	at io.netty.util.concurrent.SingleThreadEventExecutor.runAllTasks(SingleThreadEventExecutor.java:472)
	at io.netty.channel.nio.NioEventLoop.run(NioEventLoop.java:500)
	at io.netty.util.concurrent.SingleThreadEventExecutor$4.run(SingleThreadEventExecutor.java:989)
	at io.netty.util.internal.ThreadExecutorMap$2.run(ThreadExecutorMap.java:74)
	at io.netty.util.concurrent.FastThreadLocalRunnable.run(FastThreadLocalRunnable.java:30)
	at java.lang.Thread.run(Thread.java:745)
nioEventLoopGroup-5-1, called closeOutbound()
nioEventLoopGroup-5-1, closeOutboundInternal()
nioEventLoopGroup-5-1, SEND TLSv1.2 ALERT:  warning, description = close_notify
nioEventLoopGroup-5-1, WRITE: TLSv1.2 Alert, length = 2
nioEventLoopGroup-5-1, called closeInbound()
nioEventLoopGroup-5-1, fatal error: 80: Inbound closed before receiving peer's close_notify: possible truncation attack?
javax.net.ssl.SSLException: Inbound closed before receiving peer's close_notify: possible truncation attack?
nioEventLoopGroup-5-1, SEND TLSv1.2 ALERT:  fatal, description = internal_error
nioEventLoopGroup-5-1, Exception sending alert: java.io.IOException: writer side was already closed.
2021-11-08 11:07:58,251 [myid:127.0.0.1:30073] - INFO  [nioEventLoopGroup-5-1:ClientCnxnSocketNetty$ZKClientHandler@469] - channel is disconnected: [id: 0x23301842, L:/127.0.0.1:1692 ! R:xmind.net/127.0.0.1:30073]
2021-11-08 11:07:58,251 [myid:127.0.0.1:30073] - INFO  [nioEventLoopGroup-5-1:ClientCnxnSocketNetty@249] - channel is told closing
2021-11-08 11:07:58,251 [myid:127.0.0.1:30073] - WARN  [main-SendThread(127.0.0.1:30073):ClientCnxn$SendThread@1290] - Session 0x0 for sever xmind.net/127.0.0.1:30073, Closing socket connection. Attempting reconnect except it is a SessionExpiredException.
EndOfStreamException: channel for sessionid 0x0 is lost
	at org.apache.zookeeper.ClientCnxnSocketNetty.doTransport(ClientCnxnSocketNetty.java:285)
	at org.apache.zookeeper.ClientCnxn$SendThread.run(ClientCnxn.java:1280)
2021-11-08 11:07:59,773 [myid:127.0.0.1:30073] - INFO  [main-SendThread(127.0.0.1:30073):ClientCnxn$SendThread@1171] - Opening socket connection to server xmind.net/127.0.0.1:30073.
2021-11-08 11:07:59,773 [myid:127.0.0.1:30073] - INFO  [main-SendThread(127.0.0.1:30073):ClientCnxn$SendThread@1173] - SASL config status: Will not attempt to authenticate using SASL (unknown error)
adding as trusted cert:
  Subject: CN=localhost, OU=ZooKeeper, O=Apache, L=Unknown, ST=Unknown, C=Unknown
  Issuer:  CN=localhost, OU=ZooKeeper, O=Apache, L=Unknown, ST=Unknown, C=Unknown
  Algorithm: RSA; Serial number: 0x7334b506
  Valid from Sat Jan 31 02:57:30 CST 2015 until Wed Feb 08 02:57:30 CST 3015

trigger seeding of SecureRandom
done seeding SecureRandom
Using SSLEngineImpl.
Ignoring unavailable cipher suite: TLS_DHE_DSS_WITH_AES_256_GCM_SHA384
Ignoring unavailable cipher suite: TLS_RSA_WITH_AES_256_CBC_SHA
Ignoring unavailable cipher suite: TLS_DHE_RSA_WITH_AES_256_GCM_SHA384
Ignoring unavailable cipher suite: TLS_ECDH_ECDSA_WITH_AES_256_CBC_SHA
Ignoring unavailable cipher suite: TLS_ECDHE_ECDSA_WITH_AES_256_GCM_SHA384
Ignoring unavailable cipher suite: TLS_RSA_WITH_AES_256_CBC_SHA256
Ignoring unavailable cipher suite: TLS_DHE_DSS_WITH_AES_256_CBC_SHA
Ignoring unavailable cipher suite: TLS_ECDH_ECDSA_WITH_AES_256_GCM_SHA384
Ignoring unavailable cipher suite: TLS_ECDH_RSA_WITH_AES_256_CBC_SHA384
Ignoring unavailable cipher suite: TLS_RSA_WITH_AES_256_GCM_SHA384
Ignoring unavailable cipher suite: TLS_ECDH_ECDSA_WITH_AES_256_CBC_SHA384
Ignoring unavailable cipher suite: TLS_ECDHE_RSA_WITH_AES_256_CBC_SHA384
Ignoring unavailable cipher suite: TLS_ECDH_RSA_WITH_AES_256_CBC_SHA
Ignoring unavailable cipher suite: TLS_ECDH_RSA_WITH_AES_256_GCM_SHA384
Ignoring unavailable cipher suite: TLS_ECDHE_ECDSA_WITH_AES_256_CBC_SHA384
Ignoring unavailable cipher suite: TLS_DHE_RSA_WITH_AES_256_CBC_SHA256
Ignoring unavailable cipher suite: TLS_ECDHE_ECDSA_WITH_AES_256_CBC_SHA
Ignoring unavailable cipher suite: TLS_DHE_DSS_WITH_AES_256_CBC_SHA256
Ignoring unavailable cipher suite: TLS_DHE_RSA_WITH_AES_256_CBC_SHA
Ignoring unavailable cipher suite: TLS_ECDHE_RSA_WITH_AES_256_CBC_SHA
Ignoring unavailable cipher suite: TLS_ECDHE_RSA_WITH_AES_256_GCM_SHA384
2021-11-08 11:07:59,775 [myid:127.0.0.1:30073] - INFO  [nioEventLoopGroup-5-1:ClientCnxnSocketNetty$ZKClientPipelineFactory@454] - SSL handler added for channel: [id: 0xc014a9cf]
2021-11-08 11:07:59,776 [myid:127.0.0.1:30073] - INFO  [nioEventLoopGroup-5-1:ClientCnxn$SendThread@1005] - Socket connection established, initiating session, client: /127.0.0.1:1705, server: xmind.net/127.0.0.1:30073
2021-11-08 11:07:59,776 [myid:127.0.0.1:30073] - INFO  [nioEventLoopGroup-5-1:ClientCnxnSocketNetty$1@184] - channel is connected: [id: 0xc014a9cf, L:/127.0.0.1:1705 - R:xmind.net/127.0.0.1:30073]
Allow unsafe renegotiation: false
Allow legacy hello messages: true
Is initial handshake: true
Is secure renegotiation: false
trigger seeding of SecureRandom
Ignoring unsupported cipher suite: TLS_ECDHE_ECDSA_WITH_AES_128_CBC_SHA256 for TLSv1
Ignoring unsupported cipher suite: TLS_ECDHE_RSA_WITH_AES_128_CBC_SHA256 for TLSv1
Ignoring unsupported cipher suite: TLS_RSA_WITH_AES_128_CBC_SHA256 for TLSv1
Ignoring unsupported cipher suite: TLS_ECDH_ECDSA_WITH_AES_128_CBC_SHA256 for TLSv1
Ignoring unsupported cipher suite: TLS_ECDH_RSA_WITH_AES_128_CBC_SHA256 for TLSv1
Ignoring unsupported cipher suite: TLS_DHE_RSA_WITH_AES_128_CBC_SHA256 for TLSv1
done seeding SecureRandom
Ignoring unsupported cipher suite: TLS_DHE_DSS_WITH_AES_128_CBC_SHA256 for TLSv1
Using SSLEngineImpl.
Ignoring unsupported cipher suite: TLS_ECDHE_ECDSA_WITH_AES_128_CBC_SHA256 for TLSv1.1
Ignoring unavailable cipher suite: TLS_DHE_DSS_WITH_AES_256_GCM_SHA384
Ignoring unsupported cipher suite: TLS_ECDHE_RSA_WITH_AES_128_CBC_SHA256 for TLSv1.1
Ignoring unsupported cipher suite: TLS_RSA_WITH_AES_128_CBC_SHA256 for TLSv1.1
Ignoring unsupported cipher suite: TLS_ECDH_ECDSA_WITH_AES_128_CBC_SHA256 for TLSv1.1
Ignoring unsupported cipher suite: TLS_ECDH_RSA_WITH_AES_128_CBC_SHA256 for TLSv1.1
Ignoring unsupported cipher suite: TLS_DHE_RSA_WITH_AES_128_CBC_SHA256 for TLSv1.1
Ignoring unsupported cipher suite: TLS_DHE_DSS_WITH_AES_128_CBC_SHA256 for TLSv1.1
Ignoring unavailable cipher suite: TLS_RSA_WITH_AES_256_CBC_SHA
Ignoring unavailable cipher suite: TLS_DHE_RSA_WITH_AES_256_GCM_SHA384
Ignoring unavailable cipher suite: TLS_ECDH_ECDSA_WITH_AES_256_CBC_SHA
Ignoring unavailable cipher suite: TLS_ECDHE_ECDSA_WITH_AES_256_GCM_SHA384
Ignoring unavailable cipher suite: TLS_RSA_WITH_AES_256_CBC_SHA256
Ignoring unavailable cipher suite: TLS_DHE_DSS_WITH_AES_256_CBC_SHA
Ignoring unavailable cipher suite: TLS_ECDH_ECDSA_WITH_AES_256_GCM_SHA384
%% No cached client session
Ignoring unavailable cipher suite: TLS_ECDH_RSA_WITH_AES_256_CBC_SHA384
Ignoring unavailable cipher suite: TLS_RSA_WITH_AES_256_GCM_SHA384
Ignoring unavailable cipher suite: TLS_ECDH_ECDSA_WITH_AES_256_CBC_SHA384
Ignoring unavailable cipher suite: TLS_ECDHE_RSA_WITH_AES_256_CBC_SHA384
Ignoring unavailable cipher suite: TLS_ECDH_RSA_WITH_AES_256_CBC_SHA
Ignoring unavailable cipher suite: TLS_ECDH_RSA_WITH_AES_256_GCM_SHA384
*** ClientHello, TLSv1.2
RandomCookie:  GMT: 1619497871 bytes = { 229, 21Ignoring unavailable cipher suite: TLS_ECDHE_ECDSA_WITH_AES_256_CBC_SHA384
, 145, 246Ignoring unavailable cipher suite: TLS_DHE_RSA_WITH_AES_256_CBC_SHA256
, 79, 126, Ignoring unavailable cipher suite: TLS_ECDHE_ECDSA_WITH_AES_256_CBC_SHA
10Ignoring unavailable cipher suite: TLS_DHE_DSS_WITH_AES_256_CBC_SHA256
, 234, 200, Ignoring unavailable cipher suite: TLS_DHE_RSA_WITH_AES_256_CBC_SHA
224, Ignoring unavailable cipher suite: TLS_ECDHE_RSA_WITH_AES_256_CBC_SHA
232, Ignoring unavailable cipher suite: TLS_ECDHE_RSA_WITH_AES_256_GCM_SHA384
164, 63, 19, 207, 231, 25, 115, 190, 236, 147, 136, 204, 47, 115, 150, 205, 44 }
Session ID:  {}
Cipher Suites: [TLS_ECDHE_ECDSA_WITH_AES_128_CBC_SHA256, TLS_ECDHE_RSA_WITH_AES_128_CBC_SHA256, TLS_RSA_WITH_AES_128_CBC_SHA256, TLS_ECDH_ECDSA_WITH_AES_128_CBC_SHA256, TLS_ECDH_RSA_WITH_AES_128_CBC_SHA256, TLS_DHE_RSA_WITH_AES_128_CBC_SHA256, TLS_DHE_DSS_WITH_AES_128_CBC_SHA256, TLS_ECDHE_ECDSA_WITH_AES_128_CBC_SHA, TLS_ECDHE_RSA_WITH_AES_128_CBC_SHA, TLS_RSA_WITH_AES_128_CBC_SHA, TLS_ECDH_ECDSA_WITH_AES_128_CBC_SHA, TLS_ECDH_RSA_WITH_AES_128_CBC_SHA, TLS_DHE_RSA_WITH_AES_128_CBC_SHA, TLS_DHE_DSS_WITH_AES_128_CBC_SHA, TLS_ECDHE_ECDSA_WITH_AES_128_GCM_SHA256, TLS_ECDHE_RSA_WITH_AES_128_GCM_SHA256, TLS_RSA_WITH_AES_128_GCM_SHA256, TLS_ECDH_ECDSA_WITH_AES_128_GCM_SHA256, TLS_ECDH_RSA_WITH_AES_128_GCM_SHA256, TLS_DHE_RSA_WITH_AES_128_GCM_SHA256, TLS_DHE_DSS_WITH_AES_128_GCM_SHA256, TLS_ECDHE_ECDSA_WITH_3DES_EDE_CBC_SHA, TLS_ECDHE_RSA_WITH_3DES_EDE_CBC_SHA, SSL_RSA_WITH_3DES_EDE_CBC_SHA, TLS_ECDH_ECDSA_WITH_3DES_EDE_CBC_SHA, TLS_ECDH_RSA_WITH_3DES_EDE_CBC_SHA, SSL_DHE_RSA_WITH_3DES_EDE_CBC_SHA, SSL_DHE_DSS_WITH_3DES_EDE_CBC_SHA, TLS_ECDHE_ECDSA_WITH_RC4_128_SHA, TLS_ECDHE_RSA_WITH_RC4_128_SHA, SSL_RSA_WITH_RC4_128_SHA, TLS_ECDH_ECDSA_WITH_RC4_128_SHA, TLS_ECDH_RSA_WITH_RC4_128_SHA, SSL_RSA_WITH_RC4_128_MD5, TLS_EMPTY_RENEGOTIATION_INFO_SCSV]
Compression Methods:  { 0 }
Extension elliptic_curves, curve names: {secp256r1, sect163k1, sect163r2, secp192r1, secp224r1, sect233k1, sect233r1, sect283k1, sect283r1, secp384r1, sect409k1, sect409r1, secp521r1, sect571k1, sect571r1, secp160k1, secp160r1, secp160r2, sect163r1, secp192k1, sect193r1, sect193r2, secp224k1, sect239k1, secp256k1}
Extension ec_point_formats, formats: [uncompressed]
Extension signature_algorithms, signature_algorithms: SHA512withECDSA, SHA512withRSA, SHA384withECDSA, SHA384withRSA, SHA256withECDSA, SHA256withRSA, SHA224withECDSA, SHA224withRSA, SHA1withECDSA, SHA1withRSA, SHA1withDSA, MD5withRSA
Extension server_name, server_name: [type=host_name (0), value=xmind.net]
***
nioEventLoopGroup-5-1, WRITE: TLSv1.2 Handshake, length = 225
2021-11-08 11:07:59,777 [myid:] - WARN  [nioEventLoopGroup-4-6:ChannelInitializer@97] - Failed to initialize a channel. Closing: [id: 0xa4d39c27, L:/127.0.0.1:30073 - R:/127.0.0.1:1705]
java.lang.IllegalArgumentException: Cannot support TLS_ECDHE_ECDSA_WITH_AES_256_CBC_SHA384 with currently installed providers
	at sun.security.ssl.CipherSuiteList.<init>(CipherSuiteList.java:92)
	at sun.security.ssl.SSLEngineImpl.setEnabledCipherSuites(SSLEngineImpl.java:2038)
	at io.netty.handler.ssl.JdkSslContext.configureAndWrapEngine(JdkSslContext.java:341)
	at io.netty.handler.ssl.JdkSslContext.newEngine(JdkSslContext.java:331)
	at io.netty.handler.ssl.SslContext.newHandler(SslContext.java:956)
	at io.netty.handler.ssl.SslContext.newHandler(SslContext.java:948)
	at org.apache.zookeeper.server.NettyServerCnxnFactory.initSSL(NettyServerCnxnFactory.java:575)
	at org.apache.zookeeper.server.NettyServerCnxnFactory.access$1300(NettyServerCnxnFactory.java:80)
	at org.apache.zookeeper.server.NettyServerCnxnFactory$1.initChannel(NettyServerCnxnFactory.java:540)
	at org.apache.zookeeper.server.NettyServerCnxnFactory$1.initChannel(NettyServerCnxnFactory.java:532)
	at io.netty.channel.ChannelInitializer.initChannel(ChannelInitializer.java:129)
	at io.netty.channel.ChannelInitializer.handlerAdded(ChannelInitializer.java:112)
	at io.netty.channel.AbstractChannelHandlerContext.callHandlerAdded(AbstractChannelHandlerContext.java:938)
	at io.netty.channel.DefaultChannelPipeline.callHandlerAdded0(DefaultChannelPipeline.java:609)
	at io.netty.channel.DefaultChannelPipeline.access$100(DefaultChannelPipeline.java:46)
	at io.netty.channel.DefaultChannelPipeline$PendingHandlerAddedTask.execute(DefaultChannelPipeline.java:1463)
	at io.netty.channel.DefaultChannelPipeline.callHandlerAddedForAllHandlers(DefaultChannelPipeline.java:1115)
	at io.netty.channel.DefaultChannelPipeline.invokeHandlerAddedIfNeeded(DefaultChannelPipeline.java:650)
	at io.netty.channel.AbstractChannel$AbstractUnsafe.register0(AbstractChannel.java:502)
	at io.netty.channel.AbstractChannel$AbstractUnsafe.access$200(AbstractChannel.java:417)
	at io.netty.channel.AbstractChannel$AbstractUnsafe$1.run(AbstractChannel.java:474)
	at io.netty.util.concurrent.AbstractEventExecutor.safeExecute(AbstractEventExecutor.java:164)
	at io.netty.util.concurrent.SingleThreadEventExecutor.runAllTasks(SingleThreadEventExecutor.java:472)
	at io.netty.channel.nio.NioEventLoop.run(NioEventLoop.java:500)
	at io.netty.util.concurrent.SingleThreadEventExecutor$4.run(SingleThreadEventExecutor.java:989)
	at io.netty.util.internal.ThreadExecutorMap$2.run(ThreadExecutorMap.java:74)
	at io.netty.util.concurrent.FastThreadLocalRunnable.run(FastThreadLocalRunnable.java:30)
	at java.lang.Thread.run(Thread.java:745)
2021-11-08 11:07:59,777 [myid:127.0.0.1:30073] - ERROR [nioEventLoopGroup-5-1:ClientCnxnSocketNetty$ZKClientHandler@522] - Unexpected throwable
java.io.IOException: 你的主机中的软件中止了一个已建立的连接。
	at sun.nio.ch.SocketDispatcher.read0(Native Method)
	at sun.nio.ch.SocketDispatcher.read(SocketDispatcher.java:43)
	at sun.nio.ch.IOUtil.readIntoNativeBuffer(IOUtil.java:223)
	at sun.nio.ch.IOUtil.read(IOUtil.java:192)
	at sun.nio.ch.SocketChannelImpl.read(SocketChannelImpl.java:379)
	at io.netty.buffer.PooledByteBuf.setBytes(PooledByteBuf.java:253)
	at io.netty.buffer.AbstractByteBuf.writeBytes(AbstractByteBuf.java:1134)
	at io.netty.buffer.WrappedByteBuf.writeBytes(WrappedByteBuf.java:821)
	at io.netty.buffer.AdvancedLeakAwareByteBuf.writeBytes(AdvancedLeakAwareByteBuf.java:635)
	at io.netty.channel.socket.nio.NioSocketChannel.doReadBytes(NioSocketChannel.java:350)
	at io.netty.channel.nio.AbstractNioByteChannel$NioByteUnsafe.read(AbstractNioByteChannel.java:151)
	at io.netty.channel.nio.NioEventLoop.processSelectedKey(NioEventLoop.java:719)
	at io.netty.channel.nio.NioEventLoop.processSelectedKeysOptimized(NioEventLoop.java:655)
	at io.netty.channel.nio.NioEventLoop.processSelectedKeys(NioEventLoop.java:581)
	at io.netty.channel.nio.NioEventLoop.run(NioEventLoop.java:493)
	at io.netty.util.concurrent.SingleThreadEventExecutor$4.run(SingleThreadEventExecutor.java:989)
	at io.netty.util.internal.ThreadExecutorMap$2.run(ThreadExecutorMap.java:74)
	at io.netty.util.concurrent.FastThreadLocalRunnable.run(FastThreadLocalRunnable.java:30)
	at java.lang.Thread.run(Thread.java:745)
2021-11-08 11:07:59,777 [myid:127.0.0.1:30073] - INFO  [nioEventLoopGroup-5-1:ClientCnxnSocketNetty@249] - channel is told closing
nioEventLoopGroup-5-1, called closeOutbound()
nioEventLoopGroup-5-1, closeOutboundInternal()
nioEventLoopGroup-5-1, SEND TLSv1.2 ALERT:  warning, description = close_notify
nioEventLoopGroup-5-1, WRITE: TLSv1.2 Alert, length = 2
nioEventLoopGroup-5-1, called closeInbound()
nioEventLoopGroup-5-1, fatal error: 80: Inbound closed before receiving peer's close_notify: possible truncation attack?
javax.net.ssl.SSLException: Inbound closed before receiving peer's close_notify: possible truncation attack?
nioEventLoopGroup-5-1, SEND TLSv1.2 ALERT:  fatal, description = internal_error
nioEventLoopGroup-5-1, Exception sending alert: java.io.IOException: writer side was already closed.
2021-11-08 11:07:59,778 [myid:127.0.0.1:30073] - INFO  [nioEventLoopGroup-5-1:ClientCnxnSocketNetty$ZKClientHandler@469] - channel is disconnected: [id: 0xc014a9cf, L:/127.0.0.1:1705 ! R:xmind.net/127.0.0.1:30073]
2021-11-08 11:08:04,497 [myid:] - INFO  [main:ClientBase@583] - tearDown starting
2021-11-08 11:08:04,497 [myid:] - INFO  [main:ClientBase@557] - STOPPING server
2021-11-08 11:08:04,498 [myid:] - INFO  [main:NettyServerCnxnFactory@647] - shutdown called /0:0:0:0:0:0:0:0:30073
2021-11-08 11:08:04,501 [myid:] - INFO  [main:ZooKeeperServer@829] - shutting down
2021-11-08 11:08:04,502 [myid:] - INFO  [main:RequestThrottler@258] - Shutting down
2021-11-08 11:08:04,502 [myid:] - INFO  [RequestThrottler:RequestThrottler@219] - Draining request throttler queue
2021-11-08 11:08:04,502 [myid:] - INFO  [RequestThrottler:RequestThrottler@195] - RequestThrottler shutdown. Dropped 0 requests
2021-11-08 11:08:04,503 [myid:] - INFO  [main:SessionTrackerImpl@252] - Shutting down
2021-11-08 11:08:04,503 [myid:] - INFO  [main:PrepRequestProcessor@1066] - Shutting down
2021-11-08 11:08:04,504 [myid:] - INFO  [main:SyncRequestProcessor@255] - Shutting down
2021-11-08 11:08:04,504 [myid:] - INFO  [ProcessThread(sid:0 cport:30073)::PrepRequestProcessor@161] - PrepRequestProcessor exited loop!
2021-11-08 11:08:04,505 [myid:] - INFO  [SyncThread:0:SyncRequestProcessor@224] - SyncRequestProcessor exited!
2021-11-08 11:08:04,506 [myid:] - INFO  [main:FinalRequestProcessor@684] - shutdown of request processor complete
2021-11-08 11:08:04,506 [myid:] - INFO  [main:FourLetterWordMain@94] - connecting to 127.0.0.1 30073
2021-11-08 11:08:04,507 [myid:] - INFO  [main:FourLetterWordMain@100] - using secure socket
2021-11-08 11:08:04,507 [myid:] - WARN  [main:X509Util@345] - zookeeper.ssl.keyStore.location not specified
2021-11-08 11:08:04,507 [myid:] - WARN  [main:X509Util@366] - zookeeper.ssl.trustStore.location not specified
trustStore is: C:\Program Files\Java\jdk1.8.0_31\jre\lib\security\cacerts
trustStore type is : jks
trustStore provider is : 
init truststore
adding as trusted cert:
  Subject: CN=Equifax Secure Global eBusiness CA-1, O=Equifax Secure Inc., C=US
  Issuer:  CN=Equifax Secure Global eBusiness CA-1, O=Equifax Secure Inc., C=US
  Algorithm: RSA; Serial number: 0xc3517
  Valid from Mon Jun 21 12:00:00 CST 1999 until Mon Jun 22 12:00:00 CST 2020

adding as trusted cert:
  Subject: CN=SecureTrust CA, O=SecureTrust Corporation, C=US
  Issuer:  CN=SecureTrust CA, O=SecureTrust Corporation, C=US
  Algorithm: RSA; Serial number: 0xcf08e5c0816a5ad427ff0eb271859d0
  Valid from Wed Nov 08 03:31:18 CST 2006 until Tue Jan 01 03:40:55 CST 2030

adding as trusted cert:
  Subject: CN=Starfield Root Certificate Authority - G2, O="Starfield Technologies, Inc.", L=Scottsdale, ST=Arizona, C=US
  Issuer:  CN=Starfield Root Certificate Authority - G2, O="Starfield Technologies, Inc.", L=Scottsdale, ST=Arizona, C=US
  Algorithm: RSA; Serial number: 0x0
  Valid from Tue Sep 01 08:00:00 CST 2009 until Fri Jan 01 07:59:59 CST 2038

adding as trusted cert:
  Subject: CN=VeriSign Class 2 Public Primary Certification Authority - G3, OU="(c) 1999 VeriSign, Inc. - For authorized use only", OU=VeriSign Trust Network, O="VeriSign, Inc.", C=US
  Issuer:  CN=VeriSign Class 2 Public Primary Certification Authority - G3, OU="(c) 1999 VeriSign, Inc. - For authorized use only", OU=VeriSign Trust Network, O="VeriSign, Inc.", C=US
  Algorithm: RSA; Serial number: 0x6170cb498c5f984529e7b0a6d9505b7a
  Valid from Fri Oct 01 08:00:00 CST 1999 until Thu Jul 17 07:59:59 CST 2036

adding as trusted cert:
  Subject: OU=Security Communication RootCA1, O=SECOM Trust.net, C=JP
  Issuer:  OU=Security Communication RootCA1, O=SECOM Trust.net, C=JP
  Algorithm: RSA; Serial number: 0x0
  Valid from Tue Sep 30 12:20:49 CST 2003 until Sat Sep 30 12:20:49 CST 2023

adding as trusted cert:
  Subject: CN=DigiCert Global Root CA, OU=www.digicert.com, O=DigiCert Inc, C=US
  Issuer:  CN=DigiCert Global Root CA, OU=www.digicert.com, O=DigiCert Inc, C=US
  Algorithm: RSA; Serial number: 0x83be056904246b1a1756ac95991c74a
  Valid from Fri Nov 10 08:00:00 CST 2006 until Mon Nov 10 08:00:00 CST 2031

adding as trusted cert:
  Subject: CN=Entrust.net Certification Authority (2048), OU=(c) 1999 Entrust.net Limited, OU=www.entrust.net/CPS_2048 incorp. by ref. (limits liab.), O=Entrust.net
  Issuer:  CN=Entrust.net Certification Authority (2048), OU=(c) 1999 Entrust.net Limited, OU=www.entrust.net/CPS_2048 incorp. by ref. (limits liab.), O=Entrust.net
  Algorithm: RSA; Serial number: 0x3863def8
  Valid from Sat Dec 25 01:50:51 CST 1999 until Tue Jul 24 22:15:12 CST 2029

adding as trusted cert:
  Subject: CN=thawte Primary Root CA, OU="(c) 2006 thawte, Inc. - For authorized use only", OU=Certification Services Division, O="thawte, Inc.", C=US
  Issuer:  CN=thawte Primary Root CA, OU="(c) 2006 thawte, Inc. - For authorized use only", OU=Certification Services Division, O="thawte, Inc.", C=US
  Algorithm: RSA; Serial number: 0x344ed55720d5edec49f42fce37db2b6d
  Valid from Fri Nov 17 08:00:00 CST 2006 until Thu Jul 17 07:59:59 CST 2036

adding as trusted cert:
  Subject: EMAILADDRESS=info@valicert.com, CN=http://www.valicert.com/, OU=ValiCert Class 2 Policy Validation Authority, O="ValiCert, Inc.", L=ValiCert Validation Network
  Issuer:  EMAILADDRESS=info@valicert.com, CN=http://www.valicert.com/, OU=ValiCert Class 2 Policy Validation Authority, O="ValiCert, Inc.", L=ValiCert Validation Network
  Algorithm: RSA; Serial number: 0x1
  Valid from Sat Jun 26 08:19:54 CST 1999 until Wed Jun 26 08:19:54 CST 2019

adding as trusted cert:
  Subject: CN=Go Daddy Root Certificate Authority - G2, O="GoDaddy.com, Inc.", L=Scottsdale, ST=Arizona, C=US
  Issuer:  CN=Go Daddy Root Certificate Authority - G2, O="GoDaddy.com, Inc.", L=Scottsdale, ST=Arizona, C=US
  Algorithm: RSA; Serial number: 0x0
  Valid from Tue Sep 01 08:00:00 CST 2009 until Fri Jan 01 07:59:59 CST 2038

adding as trusted cert:
  Subject: EMAILADDRESS=personal-freemail@thawte.com, CN=Thawte Personal Freemail CA, OU=Certification Services Division, O=Thawte Consulting, L=Cape Town, ST=Western Cape, C=ZA
  Issuer:  EMAILADDRESS=personal-freemail@thawte.com, CN=Thawte Personal Freemail CA, OU=Certification Services Division, O=Thawte Consulting, L=Cape Town, ST=Western Cape, C=ZA
  Algorithm: RSA; Serial number: 0x123df0e7da2a2247a43889e08aeec967
  Valid from Mon Jan 01 08:00:00 CST 1996 until Sat Jan 02 07:59:59 CST 2021

adding as trusted cert:
  Subject: CN=GeoTrust Primary Certification Authority, O=GeoTrust Inc., C=US
  Issuer:  CN=GeoTrust Primary Certification Authority, O=GeoTrust Inc., C=US
  Algorithm: RSA; Serial number: 0x18acb56afd69b6153a636cafdafac4a1
  Valid from Mon Nov 27 08:00:00 CST 2006 until Thu Jul 17 07:59:59 CST 2036

adding as trusted cert:
  Subject: CN=VeriSign Class 1 Public Primary Certification Authority - G3, OU="(c) 1999 VeriSign, Inc. - For authorized use only", OU=VeriSign Trust Network, O="VeriSign, Inc.", C=US
  Issuer:  CN=VeriSign Class 1 Public Primary Certification Authority - G3, OU="(c) 1999 VeriSign, Inc. - For authorized use only", OU=VeriSign Trust Network, O="VeriSign, Inc.", C=US
  Algorithm: RSA; Serial number: 0x8b5b75568454850b00cfaf3848ceb1a4
  Valid from Fri Oct 01 08:00:00 CST 1999 until Thu Jul 17 07:59:59 CST 2036

adding as trusted cert:
  Subject: CN=VeriSign Class 3 Public Primary Certification Authority - G4, OU="(c) 2007 VeriSign, Inc. - For authorized use only", OU=VeriSign Trust Network, O="VeriSign, Inc.", C=US
  Issuer:  CN=VeriSign Class 3 Public Primary Certification Authority - G4, OU="(c) 2007 VeriSign, Inc. - For authorized use only", OU=VeriSign Trust Network, O="VeriSign, Inc.", C=US
  Algorithm: EC; Serial number: 0x2f80fe238c0e220f486712289187acb3
  Valid from Mon Nov 05 08:00:00 CST 2007 until Tue Jan 19 07:59:59 CST 2038

adding as trusted cert:
  Subject: CN=Entrust Root Certification Authority, OU="(c) 2006 Entrust, Inc.", OU=www.entrust.net/CPS is incorporated by reference, O="Entrust, Inc.", C=US
  Issuer:  CN=Entrust Root Certification Authority, OU="(c) 2006 Entrust, Inc.", OU=www.entrust.net/CPS is incorporated by reference, O="Entrust, Inc.", C=US
  Algorithm: RSA; Serial number: 0x456b5054
  Valid from Tue Nov 28 04:23:42 CST 2006 until Sat Nov 28 04:53:42 CST 2026

adding as trusted cert:
  Subject: OU=Security Communication RootCA2, O="SECOM Trust Systems CO.,LTD.", C=JP
  Issuer:  OU=Security Communication RootCA2, O="SECOM Trust Systems CO.,LTD.", C=JP
  Algorithm: RSA; Serial number: 0x0
  Valid from Fri May 29 13:00:39 CST 2009 until Tue May 29 13:00:39 CST 2029

adding as trusted cert:
  Subject: OU=VeriSign Trust Network, OU="(c) 1998 VeriSign, Inc. - For authorized use only", OU=Class 3 Public Primary Certification Authority - G2, O="VeriSign, Inc.", C=US
  Issuer:  OU=VeriSign Trust Network, OU="(c) 1998 VeriSign, Inc. - For authorized use only", OU=Class 3 Public Primary Certification Authority - G2, O="VeriSign, Inc.", C=US
  Algorithm: RSA; Serial number: 0x7dd9fe07cfa81eb7107967fba78934c6
  Valid from Mon May 18 08:00:00 CST 1998 until Wed Aug 02 07:59:59 CST 2028

adding as trusted cert:
  Subject: OU=ePKI Root Certification Authority, O="Chunghwa Telecom Co., Ltd.", C=TW
  Issuer:  OU=ePKI Root Certification Authority, O="Chunghwa Telecom Co., Ltd.", C=TW
  Algorithm: RSA; Serial number: 0x15c8bd65475cafb897005ee406d2bc9d
  Valid from Mon Dec 20 10:31:27 CST 2004 until Wed Dec 20 10:31:27 CST 2034

adding as trusted cert:
  Subject: CN=AffirmTrust Commercial, O=AffirmTrust, C=US
  Issuer:  CN=AffirmTrust Commercial, O=AffirmTrust, C=US
  Algorithm: RSA; Serial number: 0x7777062726a9b17c
  Valid from Fri Jan 29 22:06:06 CST 2010 until Tue Dec 31 22:06:06 CST 2030

adding as trusted cert:
  Subject: CN=TC TrustCenter Universal CA I, OU=TC TrustCenter Universal CA, O=TC TrustCenter GmbH, C=DE
  Issuer:  CN=TC TrustCenter Universal CA I, OU=TC TrustCenter Universal CA, O=TC TrustCenter GmbH, C=DE
  Algorithm: RSA; Serial number: 0x1da200010002ecb76080788db606
  Valid from Wed Mar 22 23:54:28 CST 2006 until Thu Jan 01 06:59:59 CST 2026

adding as trusted cert:
  Subject: CN=Certum Trusted Network CA, OU=Certum Certification Authority, O=Unizeto Technologies S.A., C=PL
  Issuer:  CN=Certum Trusted Network CA, OU=Certum Certification Authority, O=Unizeto Technologies S.A., C=PL
  Algorithm: RSA; Serial number: 0x444c0
  Valid from Wed Oct 22 20:07:37 CST 2008 until Mon Dec 31 20:07:37 CST 2029

adding as trusted cert:
  Subject: CN=Certum CA, O=Unizeto Sp. z o.o., C=PL
  Issuer:  CN=Certum CA, O=Unizeto Sp. z o.o., C=PL
  Algorithm: RSA; Serial number: 0x10020
  Valid from Tue Jun 11 18:46:39 CST 2002 until Fri Jun 11 18:46:39 CST 2027

adding as trusted cert:
  Subject: CN=XRamp Global Certification Authority, O=XRamp Security Services Inc, OU=www.xrampsecurity.com, C=US
  Issuer:  CN=XRamp Global Certification Authority, O=XRamp Security Services Inc, OU=www.xrampsecurity.com, C=US
  Algorithm: RSA; Serial number: 0x50946cec18ead59c4dd597ef758fa0ad
  Valid from Tue Nov 02 01:14:04 CST 2004 until Mon Jan 01 13:37:19 CST 2035

adding as trusted cert:
  Subject: CN=AddTrust Qualified CA Root, OU=AddTrust TTP Network, O=AddTrust AB, C=SE
  Issuer:  CN=AddTrust Qualified CA Root, OU=AddTrust TTP Network, O=AddTrust AB, C=SE
  Algorithm: RSA; Serial number: 0x1
  Valid from Tue May 30 18:44:50 CST 2000 until Sat May 30 18:44:50 CST 2020

adding as trusted cert:
  Subject: CN=Buypass Class 2 Root CA, O=Buypass AS-983163327, C=NO
  Issuer:  CN=Buypass Class 2 Root CA, O=Buypass AS-983163327, C=NO
  Algorithm: RSA; Serial number: 0x2
  Valid from Tue Oct 26 16:38:03 CST 2010 until Fri Oct 26 16:38:03 CST 2040

adding as trusted cert:
  Subject: CN=TC TrustCenter Class 2 CA II, OU=TC TrustCenter Class 2 CA, O=TC TrustCenter GmbH, C=DE
  Issuer:  CN=TC TrustCenter Class 2 CA II, OU=TC TrustCenter Class 2 CA, O=TC TrustCenter GmbH, C=DE
  Algorithm: RSA; Serial number: 0x2e6a000100021fd752212c115c3b
  Valid from Thu Jan 12 22:38:43 CST 2006 until Thu Jan 01 06:59:59 CST 2026

adding as trusted cert:
  Subject: CN=Sonera Class2 CA, O=Sonera, C=FI
  Issuer:  CN=Sonera Class2 CA, O=Sonera, C=FI
  Algorithm: RSA; Serial number: 0x1d
  Valid from Fri Apr 06 15:29:40 CST 2001 until Tue Apr 06 15:29:40 CST 2021

adding as trusted cert:
  Subject: CN=America Online Root Certification Authority 1, O=America Online Inc., C=US
  Issuer:  CN=America Online Root Certification Authority 1, O=America Online Inc., C=US
  Algorithm: RSA; Serial number: 0x1
  Valid from Tue May 28 14:00:00 CST 2002 until Fri Nov 20 04:43:00 CST 2037

adding as trusted cert:
  Subject: CN=GeoTrust Primary Certification Authority - G2, OU=(c) 2007 GeoTrust Inc. - For authorized use only, O=GeoTrust Inc., C=US
  Issuer:  CN=GeoTrust Primary Certification Authority - G2, OU=(c) 2007 GeoTrust Inc. - For authorized use only, O=GeoTrust Inc., C=US
  Algorithm: EC; Serial number: 0x3cb2f4480a00e2feeb243b5e603ec36b
  Valid from Mon Nov 05 08:00:00 CST 2007 until Tue Jan 19 07:59:59 CST 2038

adding as trusted cert:
  Subject: CN=SwissSign Gold CA - G2, O=SwissSign AG, C=CH
  Issuer:  CN=SwissSign Gold CA - G2, O=SwissSign AG, C=CH
  Algorithm: RSA; Serial number: 0xbb401c43f55e4fb0
  Valid from Wed Oct 25 16:30:35 CST 2006 until Sat Oct 25 16:30:35 CST 2036

adding as trusted cert:
  Subject: CN=UTN - DATACorp SGC, OU=http://www.usertrust.com, O=The USERTRUST Network, L=Salt Lake City, ST=UT, C=US
  Issuer:  CN=UTN - DATACorp SGC, OU=http://www.usertrust.com, O=The USERTRUST Network, L=Salt Lake City, ST=UT, C=US
  Algorithm: RSA; Serial number: 0x44be0c8b500021b411d32a6806a9ad69
  Valid from Fri Jun 25 02:57:21 CST 1999 until Tue Jun 25 03:06:30 CST 2019

adding as trusted cert:
  Subject: CN=QuoVadis Root CA 2, O=QuoVadis Limited, C=BM
  Issuer:  CN=QuoVadis Root CA 2, O=QuoVadis Limited, C=BM
  Algorithm: RSA; Serial number: 0x509
  Valid from Sat Nov 25 02:27:00 CST 2006 until Tue Nov 25 02:23:33 CST 2031

adding as trusted cert:
  Subject: CN=Deutsche Telekom Root CA 2, OU=T-TeleSec Trust Center, O=Deutsche Telekom AG, C=DE
  Issuer:  CN=Deutsche Telekom Root CA 2, OU=T-TeleSec Trust Center, O=Deutsche Telekom AG, C=DE
  Algorithm: RSA; Serial number: 0x26
  Valid from Fri Jul 09 20:11:00 CST 1999 until Wed Jul 10 07:59:00 CST 2019

adding as trusted cert:
  Subject: OU=Equifax Secure Certificate Authority, O=Equifax, C=US
  Issuer:  OU=Equifax Secure Certificate Authority, O=Equifax, C=US
  Algorithm: RSA; Serial number: 0x35def4cf
  Valid from Sun Aug 23 00:41:51 CST 1998 until Thu Aug 23 00:41:51 CST 2018

adding as trusted cert:
  Subject: OU=Class 1 Public Primary Certification Authority, O="VeriSign, Inc.", C=US
  Issuer:  OU=Class 1 Public Primary Certification Authority, O="VeriSign, Inc.", C=US
  Algorithm: RSA; Serial number: 0x3f691e819cf09a4af373ffb948a2e4dd
  Valid from Mon Jan 29 08:00:00 CST 1996 until Thu Aug 03 07:59:59 CST 2028

adding as trusted cert:
  Subject: CN=DigiCert High Assurance EV Root CA, OU=www.digicert.com, O=DigiCert Inc, C=US
  Issuer:  CN=DigiCert High Assurance EV Root CA, OU=www.digicert.com, O=DigiCert Inc, C=US
  Algorithm: RSA; Serial number: 0x2ac5c266a0b409b8f0b79f2ae462577
  Valid from Fri Nov 10 08:00:00 CST 2006 until Mon Nov 10 08:00:00 CST 2031

adding as trusted cert:
  Subject: OU=VeriSign Trust Network, OU="(c) 1998 VeriSign, Inc. - For authorized use only", OU=Class 2 Public Primary Certification Authority - G2, O="VeriSign, Inc.", C=US
  Issuer:  OU=VeriSign Trust Network, OU="(c) 1998 VeriSign, Inc. - For authorized use only", OU=Class 2 Public Primary Certification Authority - G2, O="VeriSign, Inc.", C=US
  Algorithm: RSA; Serial number: 0xb92f60cc889fa17a4609b85b706c8aaf
  Valid from Mon May 18 08:00:00 CST 1998 until Wed Aug 02 07:59:59 CST 2028

adding as trusted cert:
  Subject: CN=VeriSign Class 3 Public Primary Certification Authority - G5, OU="(c) 2006 VeriSign, Inc. - For authorized use only", OU=VeriSign Trust Network, O="VeriSign, Inc.", C=US
  Issuer:  CN=VeriSign Class 3 Public Primary Certification Authority - G5, OU="(c) 2006 VeriSign, Inc. - For authorized use only", OU=VeriSign Trust Network, O="VeriSign, Inc.", C=US
  Algorithm: RSA; Serial number: 0x18dad19e267de8bb4a2158cdcc6b3b4a
  Valid from Wed Nov 08 08:00:00 CST 2006 until Thu Jul 17 07:59:59 CST 2036

adding as trusted cert:
  Subject: CN=GlobalSign, O=GlobalSign, OU=GlobalSign Root CA - R2
  Issuer:  CN=GlobalSign, O=GlobalSign, OU=GlobalSign Root CA - R2
  Algorithm: RSA; Serial number: 0x400000000010f8626e60d
  Valid from Fri Dec 15 16:00:00 CST 2006 until Wed Dec 15 16:00:00 CST 2021

adding as trusted cert:
  Subject: CN=QuoVadis Root CA 3, O=QuoVadis Limited, C=BM
  Issuer:  CN=QuoVadis Root CA 3, O=QuoVadis Limited, C=BM
  Algorithm: RSA; Serial number: 0x5c6
  Valid from Sat Nov 25 03:11:23 CST 2006 until Tue Nov 25 03:06:44 CST 2031

adding as trusted cert:
  Subject: CN=GeoTrust Universal CA, O=GeoTrust Inc., C=US
  Issuer:  CN=GeoTrust Universal CA, O=GeoTrust Inc., C=US
  Algorithm: RSA; Serial number: 0x1
  Valid from Thu Mar 04 13:00:00 CST 2004 until Sun Mar 04 13:00:00 CST 2029

adding as trusted cert:
  Subject: CN=GlobalSign, O=GlobalSign, OU=GlobalSign Root CA - R3
  Issuer:  CN=GlobalSign, O=GlobalSign, OU=GlobalSign Root CA - R3
  Algorithm: RSA; Serial number: 0x4000000000121585308a2
  Valid from Wed Mar 18 18:00:00 CST 2009 until Sun Mar 18 18:00:00 CST 2029

adding as trusted cert:
  Subject: CN=Starfield Services Root Certificate Authority - G2, O="Starfield Technologies, Inc.", L=Scottsdale, ST=Arizona, C=US
  Issuer:  CN=Starfield Services Root Certificate Authority - G2, O="Starfield Technologies, Inc.", L=Scottsdale, ST=Arizona, C=US
  Algorithm: RSA; Serial number: 0x0
  Valid from Tue Sep 01 08:00:00 CST 2009 until Fri Jan 01 07:59:59 CST 2038

adding as trusted cert:
  Subject: CN=Baltimore CyberTrust Root, OU=CyberTrust, O=Baltimore, C=IE
  Issuer:  CN=Baltimore CyberTrust Root, OU=CyberTrust, O=Baltimore, C=IE
  Algorithm: RSA; Serial number: 0x20000b9
  Valid from Sat May 13 02:46:00 CST 2000 until Tue May 13 07:59:00 CST 2025

adding as trusted cert:
  Subject: OU=Starfield Class 2 Certification Authority, O="Starfield Technologies, Inc.", C=US
  Issuer:  OU=Starfield Class 2 Certification Authority, O="Starfield Technologies, Inc.", C=US
  Algorithm: RSA; Serial number: 0x0
  Valid from Wed Jun 30 01:39:16 CST 2004 until Fri Jun 30 01:39:16 CST 2034

adding as trusted cert:
  Subject: CN=Thawte Timestamping CA, OU=Thawte Certification, O=Thawte, L=Durbanville, ST=Western Cape, C=ZA
  Issuer:  CN=Thawte Timestamping CA, OU=Thawte Certification, O=Thawte, L=Durbanville, ST=Western Cape, C=ZA
  Algorithm: RSA; Serial number: 0x67c8e1e8e3be1cbdfc913b8ea6238749
  Valid from Wed Jan 01 08:00:00 CST 1997 until Sat Jan 02 07:59:59 CST 2021

adding as trusted cert:
  Subject: CN=AAA Certificate Services, O=Comodo CA Limited, L=Salford, ST=Greater Manchester, C=GB
  Issuer:  CN=AAA Certificate Services, O=Comodo CA Limited, L=Salford, ST=Greater Manchester, C=GB
  Algorithm: RSA; Serial number: 0x1
  Valid from Thu Jan 01 08:00:00 CST 2004 until Mon Jan 01 07:59:59 CST 2029

adding as trusted cert:
  Subject: CN=UTN-USERFirst-Hardware, OU=http://www.usertrust.com, O=The USERTRUST Network, L=Salt Lake City, ST=UT, C=US
  Issuer:  CN=UTN-USERFirst-Hardware, OU=http://www.usertrust.com, O=The USERTRUST Network, L=Salt Lake City, ST=UT, C=US
  Algorithm: RSA; Serial number: 0x44be0c8b500024b411d3362afe650afd
  Valid from Sat Jul 10 02:10:42 CST 1999 until Wed Jul 10 02:19:22 CST 2019

adding as trusted cert:
  Subject: CN=Chambers of Commerce Root, OU=http://www.chambersign.org, O=AC Camerfirma SA CIF A82743287, C=EU
  Issuer:  CN=Chambers of Commerce Root, OU=http://www.chambersign.org, O=AC Camerfirma SA CIF A82743287, C=EU
  Algorithm: RSA; Serial number: 0x0
  Valid from Wed Oct 01 00:13:43 CST 2003 until Thu Oct 01 00:13:44 CST 2037

adding as trusted cert:
  Subject: CN=VeriSign Class 3 Public Primary Certification Authority - G3, OU="(c) 1999 VeriSign, Inc. - For authorized use only", OU=VeriSign Trust Network, O="VeriSign, Inc.", C=US
  Issuer:  CN=VeriSign Class 3 Public Primary Certification Authority - G3, OU="(c) 1999 VeriSign, Inc. - For authorized use only", OU=VeriSign Trust Network, O="VeriSign, Inc.", C=US
  Algorithm: RSA; Serial number: 0x9b7e0649a33e62b9d5ee90487129ef57
  Valid from Fri Oct 01 08:00:00 CST 1999 until Thu Jul 17 07:59:59 CST 2036

adding as trusted cert:
  Subject: CN=GlobalSign Root CA, OU=Root CA, O=GlobalSign nv-sa, C=BE
  Issuer:  CN=GlobalSign Root CA, OU=Root CA, O=GlobalSign nv-sa, C=BE
  Algorithm: RSA; Serial number: 0x40000000001154b5ac394
  Valid from Tue Sep 01 20:00:00 CST 1998 until Fri Jan 28 20:00:00 CST 2028

adding as trusted cert:
  Subject: CN=UTN-USERFirst-Object, OU=http://www.usertrust.com, O=The USERTRUST Network, L=Salt Lake City, ST=UT, C=US
  Issuer:  CN=UTN-USERFirst-Object, OU=http://www.usertrust.com, O=The USERTRUST Network, L=Salt Lake City, ST=UT, C=US
  Algorithm: RSA; Serial number: 0x44be0c8b500024b411d3362de0b35f1b
  Valid from Sat Jul 10 02:31:20 CST 1999 until Wed Jul 10 02:40:36 CST 2019

adding as trusted cert:
  Subject: EMAILADDRESS=server-certs@thawte.com, CN=Thawte Server CA, OU=Certification Services Division, O=Thawte Consulting cc, L=Cape Town, ST=Western Cape, C=ZA
  Issuer:  EMAILADDRESS=server-certs@thawte.com, CN=Thawte Server CA, OU=Certification Services Division, O=Thawte Consulting cc, L=Cape Town, ST=Western Cape, C=ZA
  Algorithm: RSA; Serial number: 0x34a4fff630af4ca53c331742a1946675
  Valid from Thu Aug 01 08:00:00 CST 1996 until Sat Jan 02 07:59:59 CST 2021

adding as trusted cert:
  Subject: CN=AffirmTrust Networking, O=AffirmTrust, C=US
  Issuer:  CN=AffirmTrust Networking, O=AffirmTrust, C=US
  Algorithm: RSA; Serial number: 0x7c4f04391cd4992d
  Valid from Fri Jan 29 22:08:24 CST 2010 until Tue Dec 31 22:08:24 CST 2030

adding as trusted cert:
  Subject: OU=Class 3 Public Primary Certification Authority, O="VeriSign, Inc.", C=US
  Issuer:  OU=Class 3 Public Primary Certification Authority, O="VeriSign, Inc.", C=US
  Algorithm: RSA; Serial number: 0x3c9131cb1ff6d01b0e9ab8d044bf12be
  Valid from Mon Jan 29 08:00:00 CST 1996 until Thu Aug 03 07:59:59 CST 2028

adding as trusted cert:
  Subject: CN=AffirmTrust Premium, O=AffirmTrust, C=US
  Issuer:  CN=AffirmTrust Premium, O=AffirmTrust, C=US
  Algorithm: RSA; Serial number: 0x6d8c1446b1a60aee
  Valid from Fri Jan 29 22:10:36 CST 2010 until Mon Dec 31 22:10:36 CST 2040

adding as trusted cert:
  Subject: CN=TC TrustCenter Class 4 CA II, OU=TC TrustCenter Class 4 CA, O=TC TrustCenter GmbH, C=DE
  Issuer:  CN=TC TrustCenter Class 4 CA II, OU=TC TrustCenter Class 4 CA, O=TC TrustCenter GmbH, C=DE
  Algorithm: RSA; Serial number: 0x5c00001000241d0060a4dce7510
  Valid from Thu Mar 23 22:10:23 CST 2006 until Thu Jan 01 06:59:59 CST 2026

adding as trusted cert:
  Subject: CN=Baltimore CyberTrust Code Signing Root, OU=CyberTrust, O=Baltimore, C=IE
  Issuer:  CN=Baltimore CyberTrust Code Signing Root, OU=CyberTrust, O=Baltimore, C=IE
  Algorithm: RSA; Serial number: 0x20000bf
  Valid from Wed May 17 22:01:00 CST 2000 until Sun May 18 07:59:00 CST 2025

adding as trusted cert:
  Subject: CN=America Online Root Certification Authority 2, O=America Online Inc., C=US
  Issuer:  CN=America Online Root Certification Authority 2, O=America Online Inc., C=US
  Algorithm: RSA; Serial number: 0x1
  Valid from Tue May 28 14:00:00 CST 2002 until Tue Sep 29 22:08:00 CST 2037

adding as trusted cert:
  Subject: CN=QuoVadis Root Certification Authority, OU=Root Certification Authority, O=QuoVadis Limited, C=BM
  Issuer:  CN=QuoVadis Root Certification Authority, OU=Root Certification Authority, O=QuoVadis Limited, C=BM
  Algorithm: RSA; Serial number: 0x3ab6508b
  Valid from Tue Mar 20 02:33:33 CST 2001 until Thu Mar 18 02:33:33 CST 2021

adding as trusted cert:
  Subject: CN=Class 3P Primary CA, O=Certplus, C=FR
  Issuer:  CN=Class 3P Primary CA, O=Certplus, C=FR
  Algorithm: RSA; Serial number: 0xbf5cdbb6f21c6ec04deb7a023b36e879
  Valid from Thu Jul 08 01:10:00 CST 1999 until Sun Jul 07 07:59:59 CST 2019

adding as trusted cert:
  Subject: CN=Equifax Secure eBusiness CA-1, O=Equifax Secure Inc., C=US
  Issuer:  CN=Equifax Secure eBusiness CA-1, O=Equifax Secure Inc., C=US
  Algorithm: RSA; Serial number: 0x59e3
  Valid from Mon Jun 21 12:00:00 CST 1999 until Mon Jun 22 12:00:00 CST 2020

adding as trusted cert:
  Subject: CN=Buypass Class 3 Root CA, O=Buypass AS-983163327, C=NO
  Issuer:  CN=Buypass Class 3 Root CA, O=Buypass AS-983163327, C=NO
  Algorithm: RSA; Serial number: 0x2
  Valid from Tue Oct 26 16:28:58 CST 2010 until Fri Oct 26 16:28:58 CST 2040

adding as trusted cert:
  Subject: OU=Security Communication EV RootCA1, O="SECOM Trust Systems CO.,LTD.", C=JP
  Issuer:  OU=Security Communication EV RootCA1, O="SECOM Trust Systems CO.,LTD.", C=JP
  Algorithm: RSA; Serial number: 0x0
  Valid from Wed Jun 06 10:12:32 CST 2007 until Sat Jun 06 10:12:32 CST 2037

adding as trusted cert:
  Subject: CN=GeoTrust Primary Certification Authority - G3, OU=(c) 2008 GeoTrust Inc. - For authorized use only, O=GeoTrust Inc., C=US
  Issuer:  CN=GeoTrust Primary Certification Authority - G3, OU=(c) 2008 GeoTrust Inc. - For authorized use only, O=GeoTrust Inc., C=US
  Algorithm: RSA; Serial number: 0x15ac6e9419b2794b41f627a9c3180f1f
  Valid from Wed Apr 02 08:00:00 CST 2008 until Wed Dec 02 07:59:59 CST 2037

adding as trusted cert:
  Subject: CN=thawte Primary Root CA - G2, OU="(c) 2007 thawte, Inc. - For authorized use only", O="thawte, Inc.", C=US
  Issuer:  CN=thawte Primary Root CA - G2, OU="(c) 2007 thawte, Inc. - For authorized use only", O="thawte, Inc.", C=US
  Algorithm: EC; Serial number: 0x35fc265cd9844fc93d263d579baed756
  Valid from Mon Nov 05 08:00:00 CST 2007 until Tue Jan 19 07:59:59 CST 2038

adding as trusted cert:
  Subject: CN=VeriSign Universal Root Certification Authority, OU="(c) 2008 VeriSign, Inc. - For authorized use only", OU=VeriSign Trust Network, O="VeriSign, Inc.", C=US
  Issuer:  CN=VeriSign Universal Root Certification Authority, OU="(c) 2008 VeriSign, Inc. - For authorized use only", OU=VeriSign Trust Network, O="VeriSign, Inc.", C=US
  Algorithm: RSA; Serial number: 0x401ac46421b31321030ebbe4121ac51d
  Valid from Wed Apr 02 08:00:00 CST 2008 until Wed Dec 02 07:59:59 CST 2037

adding as trusted cert:
  Subject: CN=Chambers of Commerce Root - 2008, O=AC Camerfirma S.A., SERIALNUMBER=A82743287, L=Madrid (see current address at www.camerfirma.com/address), C=EU
  Issuer:  CN=Chambers of Commerce Root - 2008, O=AC Camerfirma S.A., SERIALNUMBER=A82743287, L=Madrid (see current address at www.camerfirma.com/address), C=EU
  Algorithm: RSA; Serial number: 0xa3da427ea4b1aeda
  Valid from Fri Aug 01 20:29:50 CST 2008 until Sat Jul 31 20:29:50 CST 2038

adding as trusted cert:
  Subject: CN=SwissSign Silver CA - G2, O=SwissSign AG, C=CH
  Issuer:  CN=SwissSign Silver CA - G2, O=SwissSign AG, C=CH
  Algorithm: RSA; Serial number: 0x4f1bd42f54bb2f4b
  Valid from Wed Oct 25 16:32:46 CST 2006 until Sat Oct 25 16:32:46 CST 2036

adding as trusted cert:
  Subject: CN=Entrust Root Certification Authority - G2, OU="(c) 2009 Entrust, Inc. - for authorized use only", OU=See www.entrust.net/legal-terms, O="Entrust, Inc.", C=US
  Issuer:  CN=Entrust Root Certification Authority - G2, OU="(c) 2009 Entrust, Inc. - for authorized use only", OU=See www.entrust.net/legal-terms, O="Entrust, Inc.", C=US
  Algorithm: RSA; Serial number: 0x4a538c28
  Valid from Wed Jul 08 01:25:54 CST 2009 until Sun Dec 08 01:55:54 CST 2030

adding as trusted cert:
  Subject: CN=AddTrust Class 1 CA Root, OU=AddTrust TTP Network, O=AddTrust AB, C=SE
  Issuer:  CN=AddTrust Class 1 CA Root, OU=AddTrust TTP Network, O=AddTrust AB, C=SE
  Algorithm: RSA; Serial number: 0x1
  Valid from Tue May 30 18:38:31 CST 2000 until Sat May 30 18:38:31 CST 2020

adding as trusted cert:
  Subject: CN=DigiCert Assured ID Root CA, OU=www.digicert.com, O=DigiCert Inc, C=US
  Issuer:  CN=DigiCert Assured ID Root CA, OU=www.digicert.com, O=DigiCert Inc, C=US
  Algorithm: RSA; Serial number: 0xce7e0e517d846fe8fe560fc1bf03039
  Valid from Fri Nov 10 08:00:00 CST 2006 until Mon Nov 10 08:00:00 CST 2031

adding as trusted cert:
  Subject: OU=Go Daddy Class 2 Certification Authority, O="The Go Daddy Group, Inc.", C=US
  Issuer:  OU=Go Daddy Class 2 Certification Authority, O="The Go Daddy Group, Inc.", C=US
  Algorithm: RSA; Serial number: 0x0
  Valid from Wed Jun 30 01:06:20 CST 2004 until Fri Jun 30 01:06:20 CST 2034

adding as trusted cert:
  Subject: CN=AddTrust External CA Root, OU=AddTrust External TTP Network, O=AddTrust AB, C=SE
  Issuer:  CN=AddTrust External CA Root, OU=AddTrust External TTP Network, O=AddTrust AB, C=SE
  Algorithm: RSA; Serial number: 0x1
  Valid from Tue May 30 18:48:38 CST 2000 until Sat May 30 18:48:38 CST 2020

adding as trusted cert:
  Subject: CN=T-TeleSec GlobalRoot Class 3, OU=T-Systems Trust Center, O=T-Systems Enterprise Services GmbH, C=DE
  Issuer:  CN=T-TeleSec GlobalRoot Class 3, OU=T-Systems Trust Center, O=T-Systems Enterprise Services GmbH, C=DE
  Algorithm: RSA; Serial number: 0x1
  Valid from Wed Oct 01 18:29:56 CST 2008 until Sun Oct 02 07:59:59 CST 2033

adding as trusted cert:
  Subject: CN=Global Chambersign Root - 2008, O=AC Camerfirma S.A., SERIALNUMBER=A82743287, L=Madrid (see current address at www.camerfirma.com/address), C=EU
  Issuer:  CN=Global Chambersign Root - 2008, O=AC Camerfirma S.A., SERIALNUMBER=A82743287, L=Madrid (see current address at www.camerfirma.com/address), C=EU
  Algorithm: RSA; Serial number: 0xc9cdd3e9d57d23ce
  Valid from Fri Aug 01 20:31:40 CST 2008 until Sat Jul 31 20:31:40 CST 2038

adding as trusted cert:
  Subject: EMAILADDRESS=info@valicert.com, CN=http://www.valicert.com/, OU=ValiCert Class 1 Policy Validation Authority, O="ValiCert, Inc.", L=ValiCert Validation Network
  Issuer:  EMAILADDRESS=info@valicert.com, CN=http://www.valicert.com/, OU=ValiCert Class 1 Policy Validation Authority, O="ValiCert, Inc.", L=ValiCert Validation Network
  Algorithm: RSA; Serial number: 0x1
  Valid from Sat Jun 26 06:23:48 CST 1999 until Wed Jun 26 06:23:48 CST 2019

adding as trusted cert:
  Subject: CN=thawte Primary Root CA - G3, OU="(c) 2008 thawte, Inc. - For authorized use only", OU=Certification Services Division, O="thawte, Inc.", C=US
  Issuer:  CN=thawte Primary Root CA - G3, OU="(c) 2008 thawte, Inc. - For authorized use only", OU=Certification Services Division, O="thawte, Inc.", C=US
  Algorithm: RSA; Serial number: 0x600197b746a7eab4b49ad64b2ff790fb
  Valid from Wed Apr 02 08:00:00 CST 2008 until Wed Dec 02 07:59:59 CST 2037

adding as trusted cert:
  Subject: EMAILADDRESS=premium-server@thawte.com, CN=Thawte Premium Server CA, OU=Certification Services Division, O=Thawte Consulting cc, L=Cape Town, ST=Western Cape, C=ZA
  Issuer:  EMAILADDRESS=premium-server@thawte.com, CN=Thawte Premium Server CA, OU=Certification Services Division, O=Thawte Consulting cc, L=Cape Town, ST=Western Cape, C=ZA
  Algorithm: RSA; Serial number: 0x36122296c5e338a520a1d25f4cd70954
  Valid from Thu Aug 01 08:00:00 CST 1996 until Sat Jan 02 07:59:59 CST 2021

adding as trusted cert:
  Subject: CN=GTE CyberTrust Global Root, OU="GTE CyberTrust Solutions, Inc.", O=GTE Corporation, C=US
  Issuer:  CN=GTE CyberTrust Global Root, OU="GTE CyberTrust Solutions, Inc.", O=GTE Corporation, C=US
  Algorithm: RSA; Serial number: 0x1a5
  Valid from Thu Aug 13 08:29:00 CST 1998 until Tue Aug 14 07:59:00 CST 2018

adding as trusted cert:
  Subject: CN=UTN-USERFirst-Client Authentication and Email, OU=http://www.usertrust.com, O=The USERTRUST Network, L=Salt Lake City, ST=UT, C=US
  Issuer:  CN=UTN-USERFirst-Client Authentication and Email, OU=http://www.usertrust.com, O=The USERTRUST Network, L=Salt Lake City, ST=UT, C=US
  Algorithm: RSA; Serial number: 0x44be0c8b500024b411d336252567c989
  Valid from Sat Jul 10 01:28:50 CST 1999 until Wed Jul 10 01:36:58 CST 2019

adding as trusted cert:
  Subject: CN=Class 2 Primary CA, O=Certplus, C=FR
  Issuer:  CN=Class 2 Primary CA, O=Certplus, C=FR
  Algorithm: RSA; Serial number: 0x85bd4bf3d8dae369f694d75fc3a54423
  Valid from Thu Jul 08 01:05:00 CST 1999 until Sun Jul 07 07:59:59 CST 2019

adding as trusted cert:
  Subject: CN=AffirmTrust Premium ECC, O=AffirmTrust, C=US
  Issuer:  CN=AffirmTrust Premium ECC, O=AffirmTrust, C=US
  Algorithm: EC; Serial number: 0x7497258ac73f7a54
  Valid from Fri Jan 29 22:20:24 CST 2010 until Mon Dec 31 22:20:24 CST 2040

adding as trusted cert:
  Subject: CN=T-TeleSec GlobalRoot Class 2, OU=T-Systems Trust Center, O=T-Systems Enterprise Services GmbH, C=DE
  Issuer:  CN=T-TeleSec GlobalRoot Class 2, OU=T-Systems Trust Center, O=T-Systems Enterprise Services GmbH, C=DE
  Algorithm: RSA; Serial number: 0x1
  Valid from Wed Oct 01 18:40:14 CST 2008 until Sun Oct 02 07:59:59 CST 2033

adding as trusted cert:
  Subject: CN=GeoTrust Global CA, O=GeoTrust Inc., C=US
  Issuer:  CN=GeoTrust Global CA, O=GeoTrust Inc., C=US
  Algorithm: RSA; Serial number: 0x23456
  Valid from Tue May 21 12:00:00 CST 2002 until Sat May 21 12:00:00 CST 2022

adding as trusted cert:
  Subject: CN=Sonera Class1 CA, O=Sonera, C=FI
  Issuer:  CN=Sonera Class1 CA, O=Sonera, C=FI
  Algorithm: RSA; Serial number: 0x24
  Valid from Fri Apr 06 18:49:13 CST 2001 until Tue Apr 06 18:49:13 CST 2021

adding as trusted cert:
  Subject: CN=SwissSign Platinum CA - G2, O=SwissSign AG, C=CH
  Issuer:  CN=SwissSign Platinum CA - G2, O=SwissSign AG, C=CH
  Algorithm: RSA; Serial number: 0x4eb200670c035d4f
  Valid from Wed Oct 25 16:36:00 CST 2006 until Sat Oct 25 16:36:00 CST 2036

adding as trusted cert:
  Subject: OU=VeriSign Trust Network, OU="(c) 1998 VeriSign, Inc. - For authorized use only", OU=Class 1 Public Primary Certification Authority - G2, O="VeriSign, Inc.", C=US
  Issuer:  OU=VeriSign Trust Network, OU="(c) 1998 VeriSign, Inc. - For authorized use only", OU=Class 1 Public Primary Certification Authority - G2, O="VeriSign, Inc.", C=US
  Algorithm: RSA; Serial number: 0x4cc7eaaa983e71d39310f83d3a899192
  Valid from Mon May 18 08:00:00 CST 1998 until Wed Aug 02 07:59:59 CST 2028

adding as trusted cert:
  Subject: CN=KEYNECTIS ROOT CA, OU=ROOT, O=KEYNECTIS, C=FR
  Issuer:  CN=KEYNECTIS ROOT CA, OU=ROOT, O=KEYNECTIS, C=FR
  Algorithm: RSA; Serial number: 0x1121bc276c5547af584eefd4ced629b2a285
  Valid from Tue May 26 08:00:00 CST 2009 until Tue May 26 08:00:00 CST 2020

trigger seeding of SecureRandom
done seeding SecureRandom
Ignoring unavailable cipher suite: TLS_DHE_DSS_WITH_AES_256_GCM_SHA384
Ignoring unavailable cipher suite: TLS_RSA_WITH_AES_256_CBC_SHA
Ignoring unavailable cipher suite: TLS_DHE_RSA_WITH_AES_256_GCM_SHA384
Ignoring unavailable cipher suite: TLS_ECDH_ECDSA_WITH_AES_256_CBC_SHA
Ignoring unavailable cipher suite: TLS_ECDHE_ECDSA_WITH_AES_256_GCM_SHA384
Ignoring unavailable cipher suite: TLS_RSA_WITH_AES_256_CBC_SHA256
Ignoring unavailable cipher suite: TLS_DHE_DSS_WITH_AES_256_CBC_SHA
Ignoring unavailable cipher suite: TLS_ECDH_ECDSA_WITH_AES_256_GCM_SHA384
Ignoring unavailable cipher suite: TLS_ECDH_RSA_WITH_AES_256_CBC_SHA384
Ignoring unavailable cipher suite: TLS_RSA_WITH_AES_256_GCM_SHA384
Ignoring unavailable cipher suite: TLS_ECDH_ECDSA_WITH_AES_256_CBC_SHA384
Ignoring unavailable cipher suite: TLS_ECDHE_RSA_WITH_AES_256_CBC_SHA384
Ignoring unavailable cipher suite: TLS_ECDH_RSA_WITH_AES_256_CBC_SHA
Ignoring unavailable cipher suite: TLS_ECDH_RSA_WITH_AES_256_GCM_SHA384
Ignoring unavailable cipher suite: TLS_ECDHE_ECDSA_WITH_AES_256_CBC_SHA384
Ignoring unavailable cipher suite: TLS_DHE_RSA_WITH_AES_256_CBC_SHA256
Ignoring unavailable cipher suite: TLS_ECDHE_ECDSA_WITH_AES_256_CBC_SHA
Ignoring unavailable cipher suite: TLS_DHE_DSS_WITH_AES_256_CBC_SHA256
Ignoring unavailable cipher suite: TLS_DHE_RSA_WITH_AES_256_CBC_SHA
Ignoring unavailable cipher suite: TLS_ECDHE_RSA_WITH_AES_256_CBC_SHA
Ignoring unavailable cipher suite: TLS_ECDHE_RSA_WITH_AES_256_GCM_SHA384
2021-11-08 11:08:05,677 [myid:] - INFO  [SessionTracker:SessionTrackerImpl@175] - SessionTrackerImpl exited loop!
2021-11-08 11:08:06,540 [myid:] - INFO  [main:JMXEnv@142] - ensureOnly:[]
2021-11-08 11:08:06,546 [myid:] - INFO  [main:ZKTestCase@82] - FINISHED Optional[public void org.apache.zookeeper.server.NettyServerCnxnTest.testEnableDisableThrottling_secure_random() throws java.lang.Exception]
]]></system-out>
  </testcase>
  <testcase name="testNonMTLSLocalConn" classname="org.apache.zookeeper.server.NettyServerCnxnTest" time="2.857"/>
  <testcase name="testEnableDisableThrottling_secure_sequentially" classname="org.apache.zookeeper.server.NettyServerCnxnTest" time="32.427">
    <error message="Unable to connect to server" type="java.net.ProtocolException">java.net.ProtocolException: Unable to connect to server
	at org.apache.zookeeper.test.ClientBase.createClient(ClientBase.java:201)
	at org.apache.zookeeper.test.ClientBase.createClient(ClientBase.java:193)
	at org.apache.zookeeper.test.ClientBase.createClient(ClientBase.java:182)
	at org.apache.zookeeper.test.ClientBase.createClient(ClientBase.java:177)
	at org.apache.zookeeper.server.NettyServerCnxnTest.runEnableDisableThrottling(NettyServerCnxnTest.java:301)
	at org.apache.zookeeper.server.NettyServerCnxnTest.testEnableDisableThrottling_secure_sequentially(NettyServerCnxnTest.java:275)
</error>
    <system-out><![CDATA[2021-11-08 11:08:09,413 [myid:] - INFO  [main:PortAssignment@87] - Assigned port 30075 from range 30072 - 32764.
2021-11-08 11:08:09,414 [myid:] - INFO  [main:ZKTestCase@77] - STARTING Optional[public void org.apache.zookeeper.server.NettyServerCnxnTest.testEnableDisableThrottling_secure_sequentially() throws java.lang.Exception]
2021-11-08 11:08:09,415 [myid:] - INFO  [main:JMXEnv@58] - connecting to addr service:jmx:rmi://127.0.0.1/stub/rO0ABXNyAC5qYXZheC5tYW5hZ2VtZW50LnJlbW90ZS5ybWkuUk1JU2VydmVySW1wbF9TdHViAAAAAAAAAAICAAB4cgAaamF2YS5ybWkuc2VydmVyLlJlbW90ZVN0dWLp/tzJi+FlGgIAAHhyABxqYXZhLnJtaS5zZXJ2ZXIuUmVtb3RlT2JqZWN002G0kQxhMx4DAAB4cHc6AAtVbmljYXN0UmVmMgAADzE2OS4yNTQuMTU2LjIzMQAAJeE6fL2NhRt6MqeKPecAAAF8/YOX1oAWAHg=
2021-11-08 11:08:09,418 [myid:] - INFO  [main:ClientBase@514] - STARTING server
2021-11-08 11:08:09,418 [myid:] - INFO  [main:ClientBase@423] - CREATING server instance 127.0.0.1:30075
2021-11-08 11:08:09,419 [myid:] - INFO  [main:NettyServerCnxnFactory@507] - zookeeper.client.portUnification=false
2021-11-08 11:08:09,419 [myid:] - INFO  [main:NettyServerCnxnFactory@519] - zookeeper.netty.advancedFlowControl.enabled = false
2021-11-08 11:08:09,419 [myid:] - INFO  [main:NettyServerCnxnFactory@106] - handshakeThrottlingEnabled = false, zookeeper.netty.server.outstandingHandshake.limit = -1
2021-11-08 11:08:09,770 [myid:] - INFO  [main:ServerCnxnFactory@169] - Using org.apache.zookeeper.server.NettyServerCnxnFactory as server connection factory
2021-11-08 11:08:09,770 [myid:] - WARN  [main:ServerCnxnFactory@309] - maxCnxns is not configured, using default value 0.
2021-11-08 11:08:09,770 [myid:] - INFO  [main:NettyServerCnxnFactory@606] - configure org.apache.zookeeper.server.NettyServerCnxnFactory@1750fbeb secure: false on addr 0.0.0.0/0.0.0.0:30075
2021-11-08 11:08:09,770 [myid:] - INFO  [main:ClientBase@395] - STARTING server instance 127.0.0.1:30075
2021-11-08 11:08:09,770 [myid:] - INFO  [main:FileTxnSnapLog@124] - zookeeper.snapshot.trust.empty : false
2021-11-08 11:08:09,775 [myid:] - INFO  [main:WatchManagerFactory@42] - Using org.apache.zookeeper.server.watch.WatchManager as watch manager
2021-11-08 11:08:09,775 [myid:] - INFO  [main:WatchManagerFactory@42] - Using org.apache.zookeeper.server.watch.WatchManager as watch manager
2021-11-08 11:08:09,775 [myid:] - INFO  [main:ZKDatabase@133] - zookeeper.snapshotSizeFactor = 0.33
2021-11-08 11:08:09,775 [myid:] - INFO  [main:ZKDatabase@153] - zookeeper.commitLogCount=500
2021-11-08 11:08:09,775 [myid:] - INFO  [main:ZooKeeperServer@1300] - minSessionTimeout set to 6000
2021-11-08 11:08:09,775 [myid:] - INFO  [main:ZooKeeperServer@1309] - maxSessionTimeout set to 60000
2021-11-08 11:08:09,776 [myid:] - INFO  [main:ResponseCache@45] - getData response cache size is initialized with value 400.
2021-11-08 11:08:09,776 [myid:] - INFO  [main:ResponseCache@45] - getChildren response cache size is initialized with value 400.
2021-11-08 11:08:09,776 [myid:] - INFO  [main:RequestPathMetricsCollector@109] - zookeeper.pathStats.slotCapacity = 60
2021-11-08 11:08:09,776 [myid:] - INFO  [main:RequestPathMetricsCollector@110] - zookeeper.pathStats.slotDuration = 15
2021-11-08 11:08:09,776 [myid:] - INFO  [main:RequestPathMetricsCollector@111] - zookeeper.pathStats.maxDepth = 6
2021-11-08 11:08:09,776 [myid:] - INFO  [main:RequestPathMetricsCollector@112] - zookeeper.pathStats.initialDelay = 5
2021-11-08 11:08:09,776 [myid:] - INFO  [main:RequestPathMetricsCollector@113] - zookeeper.pathStats.delay = 5
2021-11-08 11:08:09,776 [myid:] - INFO  [main:RequestPathMetricsCollector@114] - zookeeper.pathStats.enabled = false
2021-11-08 11:08:09,776 [myid:] - INFO  [main:ZooKeeperServer@1536] - The max bytes for all large requests are set to 104857600
2021-11-08 11:08:09,777 [myid:] - INFO  [main:ZooKeeperServer@1550] - The large request threshold is set to -1
2021-11-08 11:08:09,777 [myid:] - INFO  [main:AuthenticationHelper@66] - zookeeper.enforce.auth.enabled = false
2021-11-08 11:08:09,777 [myid:] - INFO  [main:AuthenticationHelper@67] - zookeeper.enforce.auth.schemes = []
2021-11-08 11:08:09,777 [myid:] - INFO  [main:ZooKeeperServer@361] - Created server with tickTime 3000 minSessionTimeout 6000 maxSessionTimeout 60000 clientPortListenBacklog -1 datadir D:\mysoft\faiscoGit\myStudy\ZooKeeperLearning\apache-zookeeper-3.7.0\zookeeper-server\target\surefire\test3093497260326368634.junit.dir\version-2 snapdir D:\mysoft\faiscoGit\myStudy\ZooKeeperLearning\apache-zookeeper-3.7.0\zookeeper-server\target\surefire\test3093497260326368634.junit.dir\version-2
2021-11-08 11:08:09,777 [myid:] - INFO  [main:NettyServerCnxnFactory@695] - binding to port 0.0.0.0/0.0.0.0:30075
2021-11-08 11:08:09,778 [myid:] - INFO  [main:NettyServerCnxnFactory@700] - bound to port 30075
2021-11-08 11:08:09,779 [myid:] - INFO  [main:FileTxnSnapLog@260] - Initialize file found, an empty database will not block voting participation
2021-11-08 11:08:09,779 [myid:] - INFO  [main:FileTxnSnapLog@479] - Snapshotting: 0x0 to D:\mysoft\faiscoGit\myStudy\ZooKeeperLearning\apache-zookeeper-3.7.0\zookeeper-server\target\surefire\test3093497260326368634.junit.dir\version-2\snapshot.0
2021-11-08 11:08:09,780 [myid:] - INFO  [main:ZKDatabase@290] - Snapshot loaded in 1 ms, highest zxid is 0x0, digest is 1371985504
2021-11-08 11:08:09,780 [myid:] - INFO  [main:FileTxnSnapLog@479] - Snapshotting: 0x0 to D:\mysoft\faiscoGit\myStudy\ZooKeeperLearning\apache-zookeeper-3.7.0\zookeeper-server\target\surefire\test3093497260326368634.junit.dir\version-2\snapshot.0
2021-11-08 11:08:09,783 [myid:] - INFO  [main:ZooKeeperServer@543] - Snapshot taken in 3 ms
2021-11-08 11:08:09,784 [myid:] - INFO  [ProcessThread(sid:0 cport:30075)::PrepRequestProcessor@137] - PrepRequestProcessor (sid:0) started, reconfigEnabled=false
2021-11-08 11:08:09,784 [myid:] - INFO  [main:FourLetterWordMain@94] - connecting to 127.0.0.1 30075
2021-11-08 11:08:09,786 [myid:] - INFO  [nioEventLoopGroup-11-1:NettyServerCnxn@294] - Processing stat command from /127.0.0.1:1953
2021-11-08 11:08:09,787 [myid:] - INFO  [nioEventLoopGroup-11-1:StatCommand@52] - Stat command output
2021-11-08 11:08:09,787 [myid:] - INFO  [main:JMXEnv@219] - ensureParent:[InMemoryDataTree, StandaloneServer_port]
2021-11-08 11:08:09,788 [myid:] - INFO  [main:JMXEnv@235] - expect:InMemoryDataTree
2021-11-08 11:08:09,788 [myid:] - INFO  [main:JMXEnv@239] - found:InMemoryDataTree org.apache.ZooKeeperService:name0=StandaloneServer_port30075,name1=InMemoryDataTree
2021-11-08 11:08:09,788 [myid:] - INFO  [main:JMXEnv@235] - expect:StandaloneServer_port
2021-11-08 11:08:09,788 [myid:] - INFO  [main:JMXEnv@239] - found:StandaloneServer_port org.apache.ZooKeeperService:name0=StandaloneServer_port30075
2021-11-08 11:08:09,788 [myid:] - INFO  [main:ClientBase@501] - Client test setup finished
2021-11-08 11:08:09,789 [myid:] - INFO  [main:ZooKeeper@637] - Initiating client connection, connectString=127.0.0.1:30075 sessionTimeout=30000 watcher=org.apache.zookeeper.test.ClientBase$CountdownWatcher@6440112d
2021-11-08 11:08:09,790 [myid:] - INFO  [main:ClientCnxnSocket@239] - jute.maxbuffer value is 1048575 Bytes
2021-11-08 11:08:09,790 [myid:] - INFO  [main:ClientCnxn@1726] - zookeeper.request.timeout value is 0. feature enabled=false
2021-11-08 11:08:09,791 [myid:127.0.0.1:30075] - INFO  [main-SendThread(127.0.0.1:30075):ClientCnxn$SendThread@1171] - Opening socket connection to server xmind.net/127.0.0.1:30075.
2021-11-08 11:08:09,791 [myid:127.0.0.1:30075] - INFO  [main-SendThread(127.0.0.1:30075):ClientCnxn$SendThread@1173] - SASL config status: Will not attempt to authenticate using SASL (unknown error)
adding as trusted cert:
  Subject: CN=localhost, OU=ZooKeeper, O=Apache, L=Unknown, ST=Unknown, C=Unknown
  Issuer:  CN=localhost, OU=ZooKeeper, O=Apache, L=Unknown, ST=Unknown, C=Unknown
  Algorithm: RSA; Serial number: 0x7334b506
  Valid from Sat Jan 31 02:57:30 CST 2015 until Wed Feb 08 02:57:30 CST 3015

trigger seeding of SecureRandom
done seeding SecureRandom
Using SSLEngineImpl.
Ignoring unavailable cipher suite: TLS_DHE_DSS_WITH_AES_256_GCM_SHA384
Ignoring unavailable cipher suite: TLS_RSA_WITH_AES_256_CBC_SHA
Ignoring unavailable cipher suite: TLS_DHE_RSA_WITH_AES_256_GCM_SHA384
Ignoring unavailable cipher suite: TLS_ECDH_ECDSA_WITH_AES_256_CBC_SHA
Ignoring unavailable cipher suite: TLS_ECDHE_ECDSA_WITH_AES_256_GCM_SHA384
Ignoring unavailable cipher suite: TLS_RSA_WITH_AES_256_CBC_SHA256
Ignoring unavailable cipher suite: TLS_DHE_DSS_WITH_AES_256_CBC_SHA
Ignoring unavailable cipher suite: TLS_ECDH_ECDSA_WITH_AES_256_GCM_SHA384
Ignoring unavailable cipher suite: TLS_ECDH_RSA_WITH_AES_256_CBC_SHA384
Ignoring unavailable cipher suite: TLS_RSA_WITH_AES_256_GCM_SHA384
Ignoring unavailable cipher suite: TLS_ECDH_ECDSA_WITH_AES_256_CBC_SHA384
Ignoring unavailable cipher suite: TLS_ECDHE_RSA_WITH_AES_256_CBC_SHA384
Ignoring unavailable cipher suite: TLS_ECDH_RSA_WITH_AES_256_CBC_SHA
Ignoring unavailable cipher suite: TLS_ECDH_RSA_WITH_AES_256_GCM_SHA384
Ignoring unavailable cipher suite: TLS_ECDHE_ECDSA_WITH_AES_256_CBC_SHA384
Ignoring unavailable cipher suite: TLS_DHE_RSA_WITH_AES_256_CBC_SHA256
Ignoring unavailable cipher suite: TLS_ECDHE_ECDSA_WITH_AES_256_CBC_SHA
Ignoring unavailable cipher suite: TLS_DHE_DSS_WITH_AES_256_CBC_SHA256
Ignoring unavailable cipher suite: TLS_DHE_RSA_WITH_AES_256_CBC_SHA
Ignoring unavailable cipher suite: TLS_ECDHE_RSA_WITH_AES_256_CBC_SHA
Ignoring unavailable cipher suite: TLS_ECDHE_RSA_WITH_AES_256_GCM_SHA384
2021-11-08 11:08:09,793 [myid:127.0.0.1:30075] - INFO  [nioEventLoopGroup-12-1:ClientCnxnSocketNetty$ZKClientPipelineFactory@454] - SSL handler added for channel: [id: 0xaf44fd32]
2021-11-08 11:08:09,794 [myid:127.0.0.1:30075] - INFO  [nioEventLoopGroup-12-1:ClientCnxn$SendThread@1005] - Socket connection established, initiating session, client: /127.0.0.1:1956, server: xmind.net/127.0.0.1:30075
2021-11-08 11:08:09,794 [myid:127.0.0.1:30075] - INFO  [nioEventLoopGroup-12-1:ClientCnxnSocketNetty$1@184] - channel is connected: [id: 0xaf44fd32, L:/127.0.0.1:1956 - R:xmind.net/127.0.0.1:30075]
Allow unsafe renegotiation: false
Allow legacy hello messages: true
Is initial handshake: true
Is secure renegotiation: false
Ignoring unsupported cipher suite: TLS_ECDHE_ECDSA_WITH_AES_128_CBC_SHA256 for TLSv1
Ignoring unsupported cipher suite: TLS_ECDHE_RSA_WITH_AES_128_CBC_SHA256 for TLSv1
Ignoring unsupported cipher suite: TLS_RSA_WITH_AES_128_CBC_SHA256 for TLSv1
Ignoring unsupported cipher suite: TLS_ECDH_ECDSA_WITH_AES_128_CBC_SHA256 for TLSv1
Ignoring unsupported cipher suite: TLS_ECDH_RSA_WITH_AES_128_CBC_SHA256 for TLSv1
Ignoring unsupported cipher suite: TLS_DHE_RSA_WITH_AES_128_CBC_SHA256 for TLSv1
Ignoring unsupported cipher suite: TLS_DHE_DSS_WITH_AES_128_CBC_SHA256 for TLSv1
Ignoring unsupported cipher suite: TLS_ECDHE_ECDSA_WITH_AES_128_CBC_SHA256 for TLSv1.1
Ignoring unsupported cipher suite: TLS_ECDHE_RSA_WITH_AES_128_CBC_SHA256 for TLSv1.1
Ignoring unsupported cipher suite: TLS_RSA_WITH_AES_128_CBC_SHA256 for TLSv1.1
Ignoring unsupported cipher suite: TLS_ECDH_ECDSA_WITH_AES_128_CBC_SHA256 for TLSv1.1
Ignoring unsupported cipher suite: TLS_ECDH_RSA_WITH_AES_128_CBC_SHA256 for TLSv1.1
Ignoring unsupported cipher suite: TLS_DHE_RSA_WITH_AES_128_CBC_SHA256 for TLSv1.1
Ignoring unsupported cipher suite: TLS_DHE_DSS_WITH_AES_128_CBC_SHA256 for TLSv1.1
%% No cached client session
*** ClientHello, TLSv1.2
RandomCookie:  GMT: 1619497881 bytes = { 84, 11, 187, 175, 47, trigger seeding of SecureRandom
239, done seeding SecureRandom
183, 53, 85, 21, 14, 2, 142, 21, 87, 55, 178, 159, 155, 236, 203, 131, 0, 235, 167, 184, 167, 172 }
Session ID:  {}
Cipher Suites: [TLS_ECDHE_ECDSA_WITH_AES_128_CBC_SHA256, TLS_ECDHE_RSA_WITH_AES_128_CBC_SHA256, TLS_RSA_WITH_AES_128_CBC_SHA256, TLS_ECDH_ECDSA_WITH_AES_128_CBC_SHA256, TLS_ECDH_RSA_WITH_AES_128_CBC_SHA256, TLS_DHE_RSA_WITH_AES_128_CBC_SHA256, TLS_DHE_DSS_WITH_AES_128_CBC_SHA256, TLS_ECDHE_ECDSA_WITH_AES_128_CBC_SHA, TLS_ECDHE_RSA_WITH_AES_128_CBC_SHA, TLS_RSA_WITH_AES_128_CBC_SHA, TLS_ECDH_ECDSA_WITH_AES_128_CBC_SHA, TLS_ECDH_RSA_WITH_AES_128_CBC_SHA, TLS_DHE_RSA_WITH_AES_128_CBC_SHA, TLS_DHE_DSS_WITH_AES_128_CBC_SHA, TLS_ECDHE_ECDSA_WITH_AES_128_GCM_SHA256, TLS_ECDHE_RSA_WITH_AES_128_GCM_SHA256, TLS_RSA_WITH_AES_128_GCM_SHA256, TLS_ECDH_ECDSA_WITH_AES_128_GCM_SHA256, TLS_ECDH_RSA_WITH_AES_128_GCM_SHA256, TLS_DHE_RSA_WITH_AES_128_GCM_SHA256, TLS_DHE_DSS_WITH_AES_128_GCM_SHA256, TLS_ECDHE_ECDSA_WITH_3DES_EDE_CBC_SHA, TLS_ECDHE_RSA_WITH_3DES_EDE_CBC_SHA, SSL_RSA_WITH_3DES_EDE_CBC_SHA, TLS_ECDH_ECDSA_WITH_3DES_EDE_CBC_SHA, TLS_ECDH_RSA_WITH_3DES_EDE_CBC_SHA, SSL_DHE_RSA_WITH_3DES_EDE_CBC_SHA, SSL_DHE_DSS_WITH_3DES_EDE_CBC_SHA, TLS_ECDHE_ECDSA_WITH_RC4_128_SHA, TLS_ECDHE_RSA_WITH_RC4_128_SHA, SSL_RSA_WITH_RC4_128_SHA, TLS_ECDH_ECDSA_WITH_RC4_128_SHA, TLS_ECDH_RSA_WITH_RC4_128_SHA, SSL_RSA_WITH_RC4_128_MD5, TLS_EMPTY_RENEGOTIATION_INFO_SCSV]
Compression Methods:  { 0 }
Extension elliptic_curves, curve names: {secp256r1, sect163k1, sect163r2, secp192r1, secp224r1, sect233k1, sect233r1, sect283k1, sect283r1, secp384r1, sect409k1, sect409r1, secp521r1, sect571k1, sect571r1, secp160k1, secp160r1, secp160r2, sect163r1, secp192k1, sect193r1, sect193r2, secp224k1, sect239k1, secp256k1}
Extension ec_point_formats, formats: [uncompressed]
Extension signature_algorithms, signature_algorithms: SHA512withECDSA, SHA512withRSA, SHA384withECDSA, SHA384withRSA, SHA256withECDSA, SHA256withRSA, SHA224withECDSA, SHA224withRSA, SHA1withECDSA, SHA1withRSA, SHA1withDSA, MD5withRSA
Extension server_name, server_name: [type=host_name (0), value=xmind.net]
***
nioEventLoopGroup-12-1, WRITE: TLSv1.2 Handshake, length = 225
adding as trusted cert:
  Subject: CN=localhost, OU=ZooKeeper, O=Apache, L=Unknown, ST=Unknown, C=Unknown
  Issuer:  CN=localhost, OU=ZooKeeper, O=Apache, L=Unknown, ST=Unknown, C=Unknown
  Algorithm: RSA; Serial number: 0x7334b506
  Valid from Sat Jan 31 02:57:30 CST 2015 until Wed Feb 08 02:57:30 CST 3015

trigger seeding of SecureRandom
done seeding SecureRandom
Using SSLEngineImpl.
Ignoring unavailable cipher suite: TLS_DHE_DSS_WITH_AES_256_GCM_SHA384
Ignoring unavailable cipher suite: TLS_RSA_WITH_AES_256_CBC_SHA
Ignoring unavailable cipher suite: TLS_DHE_RSA_WITH_AES_256_GCM_SHA384
Ignoring unavailable cipher suite: TLS_ECDH_ECDSA_WITH_AES_256_CBC_SHA
Ignoring unavailable cipher suite: TLS_ECDHE_ECDSA_WITH_AES_256_GCM_SHA384
Ignoring unavailable cipher suite: TLS_RSA_WITH_AES_256_CBC_SHA256
Ignoring unavailable cipher suite: TLS_DHE_DSS_WITH_AES_256_CBC_SHA
Ignoring unavailable cipher suite: TLS_ECDH_ECDSA_WITH_AES_256_GCM_SHA384
Ignoring unavailable cipher suite: TLS_ECDH_RSA_WITH_AES_256_CBC_SHA384
Ignoring unavailable cipher suite: TLS_RSA_WITH_AES_256_GCM_SHA384
Ignoring unavailable cipher suite: TLS_ECDH_ECDSA_WITH_AES_256_CBC_SHA384
Ignoring unavailable cipher suite: TLS_ECDHE_RSA_WITH_AES_256_CBC_SHA384
Ignoring unavailable cipher suite: TLS_ECDH_RSA_WITH_AES_256_CBC_SHA
Ignoring unavailable cipher suite: TLS_ECDH_RSA_WITH_AES_256_GCM_SHA384
Ignoring unavailable cipher suite: TLS_ECDHE_ECDSA_WITH_AES_256_CBC_SHA384
Ignoring unavailable cipher suite: TLS_DHE_RSA_WITH_AES_256_CBC_SHA256
Ignoring unavailable cipher suite: TLS_ECDHE_ECDSA_WITH_AES_256_CBC_SHA
Ignoring unavailable cipher suite: TLS_DHE_DSS_WITH_AES_256_CBC_SHA256
Ignoring unavailable cipher suite: TLS_DHE_RSA_WITH_AES_256_CBC_SHA
Ignoring unavailable cipher suite: TLS_ECDHE_RSA_WITH_AES_256_CBC_SHA
Ignoring unavailable cipher suite: TLS_ECDHE_RSA_WITH_AES_256_GCM_SHA384
2021-11-08 11:08:09,796 [myid:] - WARN  [nioEventLoopGroup-11-2:ChannelInitializer@97] - Failed to initialize a channel. Closing: [id: 0xd3601321, L:/127.0.0.1:30075 - R:/127.0.0.1:1956]
java.lang.IllegalArgumentException: Cannot support TLS_ECDHE_ECDSA_WITH_AES_256_CBC_SHA384 with currently installed providers
	at sun.security.ssl.CipherSuiteList.<init>(CipherSuiteList.java:92)
	at sun.security.ssl.SSLEngineImpl.setEnabledCipherSuites(SSLEngineImpl.java:2038)
	at io.netty.handler.ssl.JdkSslContext.configureAndWrapEngine(JdkSslContext.java:341)
	at io.netty.handler.ssl.JdkSslContext.newEngine(JdkSslContext.java:331)
	at io.netty.handler.ssl.SslContext.newHandler(SslContext.java:956)
	at io.netty.handler.ssl.SslContext.newHandler(SslContext.java:948)
	at org.apache.zookeeper.server.NettyServerCnxnFactory.initSSL(NettyServerCnxnFactory.java:575)
	at org.apache.zookeeper.server.NettyServerCnxnFactory.access$1300(NettyServerCnxnFactory.java:80)
	at org.apache.zookeeper.server.NettyServerCnxnFactory$1.initChannel(NettyServerCnxnFactory.java:540)
	at org.apache.zookeeper.server.NettyServerCnxnFactory$1.initChannel(NettyServerCnxnFactory.java:532)
	at io.netty.channel.ChannelInitializer.initChannel(ChannelInitializer.java:129)
	at io.netty.channel.ChannelInitializer.handlerAdded(ChannelInitializer.java:112)
	at io.netty.channel.AbstractChannelHandlerContext.callHandlerAdded(AbstractChannelHandlerContext.java:938)
	at io.netty.channel.DefaultChannelPipeline.callHandlerAdded0(DefaultChannelPipeline.java:609)
	at io.netty.channel.DefaultChannelPipeline.access$100(DefaultChannelPipeline.java:46)
	at io.netty.channel.DefaultChannelPipeline$PendingHandlerAddedTask.execute(DefaultChannelPipeline.java:1463)
	at io.netty.channel.DefaultChannelPipeline.callHandlerAddedForAllHandlers(DefaultChannelPipeline.java:1115)
	at io.netty.channel.DefaultChannelPipeline.invokeHandlerAddedIfNeeded(DefaultChannelPipeline.java:650)
	at io.netty.channel.AbstractChannel$AbstractUnsafe.register0(AbstractChannel.java:502)
	at io.netty.channel.AbstractChannel$AbstractUnsafe.access$200(AbstractChannel.java:417)
	at io.netty.channel.AbstractChannel$AbstractUnsafe$1.run(AbstractChannel.java:474)
	at io.netty.util.concurrent.AbstractEventExecutor.safeExecute(AbstractEventExecutor.java:164)
	at io.netty.util.concurrent.SingleThreadEventExecutor.runAllTasks(SingleThreadEventExecutor.java:472)
	at io.netty.channel.nio.NioEventLoop.run(NioEventLoop.java:500)
	at io.netty.util.concurrent.SingleThreadEventExecutor$4.run(SingleThreadEventExecutor.java:989)
	at io.netty.util.internal.ThreadExecutorMap$2.run(ThreadExecutorMap.java:74)
	at io.netty.util.concurrent.FastThreadLocalRunnable.run(FastThreadLocalRunnable.java:30)
	at java.lang.Thread.run(Thread.java:745)
nioEventLoopGroup-12-1, called closeOutbound()
nioEventLoopGroup-12-1, closeOutboundInternal()
nioEventLoopGroup-12-1, SEND TLSv1.2 ALERT:  warning, description = close_notify
nioEventLoopGroup-12-1, WRITE: TLSv1.2 Alert, length = 2
nioEventLoopGroup-12-1, called closeInbound()
nioEventLoopGroup-12-1, fatal error: 80: Inbound closed before receiving peer's close_notify: possible truncation attack?
javax.net.ssl.SSLException: Inbound closed before receiving peer's close_notify: possible truncation attack?
nioEventLoopGroup-12-1, SEND TLSv1.2 ALERT:  fatal, description = internal_error
nioEventLoopGroup-12-1, Exception sending alert: java.io.IOException: writer side was already closed.
2021-11-08 11:08:09,797 [myid:127.0.0.1:30075] - INFO  [nioEventLoopGroup-12-1:ClientCnxnSocketNetty$ZKClientHandler@469] - channel is disconnected: [id: 0xaf44fd32, L:/127.0.0.1:1956 ! R:xmind.net/127.0.0.1:30075]
2021-11-08 11:08:09,797 [myid:127.0.0.1:30075] - INFO  [nioEventLoopGroup-12-1:ClientCnxnSocketNetty@249] - channel is told closing
2021-11-08 11:08:09,797 [myid:127.0.0.1:30075] - WARN  [main-SendThread(127.0.0.1:30075):ClientCnxn$SendThread@1290] - Session 0x0 for sever xmind.net/127.0.0.1:30075, Closing socket connection. Attempting reconnect except it is a SessionExpiredException.
EndOfStreamException: channel for sessionid 0x0 is lost
	at org.apache.zookeeper.ClientCnxnSocketNetty.doTransport(ClientCnxnSocketNetty.java:285)
	at org.apache.zookeeper.ClientCnxn$SendThread.run(ClientCnxn.java:1280)
2021-11-08 11:08:11,116 [myid:127.0.0.1:30075] - INFO  [main-SendThread(127.0.0.1:30075):ClientCnxn$SendThread@1171] - Opening socket connection to server xmind.net/127.0.0.1:30075.
2021-11-08 11:08:11,116 [myid:127.0.0.1:30075] - INFO  [main-SendThread(127.0.0.1:30075):ClientCnxn$SendThread@1173] - SASL config status: Will not attempt to authenticate using SASL (unknown error)
adding as trusted cert:
  Subject: CN=localhost, OU=ZooKeeper, O=Apache, L=Unknown, ST=Unknown, C=Unknown
  Issuer:  CN=localhost, OU=ZooKeeper, O=Apache, L=Unknown, ST=Unknown, C=Unknown
  Algorithm: RSA; Serial number: 0x7334b506
  Valid from Sat Jan 31 02:57:30 CST 2015 until Wed Feb 08 02:57:30 CST 3015

trigger seeding of SecureRandom
done seeding SecureRandom
Using SSLEngineImpl.
Ignoring unavailable cipher suite: TLS_DHE_DSS_WITH_AES_256_GCM_SHA384
Ignoring unavailable cipher suite: TLS_RSA_WITH_AES_256_CBC_SHA
Ignoring unavailable cipher suite: TLS_DHE_RSA_WITH_AES_256_GCM_SHA384
Ignoring unavailable cipher suite: TLS_ECDH_ECDSA_WITH_AES_256_CBC_SHA
Ignoring unavailable cipher suite: TLS_ECDHE_ECDSA_WITH_AES_256_GCM_SHA384
Ignoring unavailable cipher suite: TLS_RSA_WITH_AES_256_CBC_SHA256
Ignoring unavailable cipher suite: TLS_DHE_DSS_WITH_AES_256_CBC_SHA
Ignoring unavailable cipher suite: TLS_ECDH_ECDSA_WITH_AES_256_GCM_SHA384
Ignoring unavailable cipher suite: TLS_ECDH_RSA_WITH_AES_256_CBC_SHA384
Ignoring unavailable cipher suite: TLS_RSA_WITH_AES_256_GCM_SHA384
Ignoring unavailable cipher suite: TLS_ECDH_ECDSA_WITH_AES_256_CBC_SHA384
Ignoring unavailable cipher suite: TLS_ECDHE_RSA_WITH_AES_256_CBC_SHA384
Ignoring unavailable cipher suite: TLS_ECDH_RSA_WITH_AES_256_CBC_SHA
Ignoring unavailable cipher suite: TLS_ECDH_RSA_WITH_AES_256_GCM_SHA384
Ignoring unavailable cipher suite: TLS_ECDHE_ECDSA_WITH_AES_256_CBC_SHA384
Ignoring unavailable cipher suite: TLS_DHE_RSA_WITH_AES_256_CBC_SHA256
Ignoring unavailable cipher suite: TLS_ECDHE_ECDSA_WITH_AES_256_CBC_SHA
Ignoring unavailable cipher suite: TLS_DHE_DSS_WITH_AES_256_CBC_SHA256
Ignoring unavailable cipher suite: TLS_DHE_RSA_WITH_AES_256_CBC_SHA
Ignoring unavailable cipher suite: TLS_ECDHE_RSA_WITH_AES_256_CBC_SHA
Ignoring unavailable cipher suite: TLS_ECDHE_RSA_WITH_AES_256_GCM_SHA384
2021-11-08 11:08:11,118 [myid:127.0.0.1:30075] - INFO  [nioEventLoopGroup-12-1:ClientCnxnSocketNetty$ZKClientPipelineFactory@454] - SSL handler added for channel: [id: 0x973441a0]
2021-11-08 11:08:11,118 [myid:127.0.0.1:30075] - INFO  [nioEventLoopGroup-12-1:ClientCnxn$SendThread@1005] - Socket connection established, initiating session, client: /127.0.0.1:1960, server: xmind.net/127.0.0.1:30075
2021-11-08 11:08:11,118 [myid:127.0.0.1:30075] - INFO  [nioEventLoopGroup-12-1:ClientCnxnSocketNetty$1@184] - channel is connected: [id: 0x973441a0, L:/127.0.0.1:1960 - R:xmind.net/127.0.0.1:30075]
Allow unsafe renegotiation: false
Allow legacy hello messages: true
Is initial handshake: true
Is secure renegotiation: false
Ignoring unsupported cipher suite: TLS_ECDHE_ECDSA_WITH_AES_128_CBC_SHA256 for TLSv1
Ignoring unsupported cipher suite: TLS_ECDHE_RSA_WITH_AES_128_CBC_SHA256 for TLSv1
Ignoring unsupported cipher suite: TLS_RSA_WITH_AES_128_CBC_SHA256 for TLSv1
Ignoring unsupported cipher suite: TLS_ECDH_ECDSA_WITH_AES_128_CBC_SHA256 for TLSv1
Ignoring unsupported cipher suite: TLS_ECDH_RSA_WITH_AES_128_CBC_SHA256 for TLSv1
Ignoring unsupported cipher suite: TLS_DHE_RSA_WITH_AES_128_CBC_SHA256 for TLSv1
Ignoring unsupported cipher suite: TLS_DHE_DSS_WITH_AES_128_CBC_SHA256 for TLSv1
Ignoring unsupported cipher suite: TLS_ECDHE_ECDSA_WITH_AES_128_CBC_SHA256 for TLSv1.1
Ignoring unsupported cipher suite: TLS_ECDHE_RSA_WITH_AES_128_CBC_SHA256 for TLSv1.1
Ignoring unsupported cipher suite: TLS_RSA_WITH_AES_128_CBC_SHA256 for TLSv1.1
Ignoring unsupported cipher suite: TLS_ECDH_ECDSA_WITH_AES_128_CBC_SHA256 for TLSv1.1
Ignoring unsupported cipher suite: TLS_ECDH_RSA_WITH_AES_128_CBC_SHA256 for TLSv1.1
Ignoring unsupported cipher suite: TLS_DHE_RSA_WITH_AES_128_CBC_SHA256 for TLSv1.1
Ignoring unsupported cipher suite: TLS_DHE_DSS_WITH_AES_128_CBC_SHA256 for TLSv1.1
%% No cached client session
*** ClientHello, TLSv1.2
RandomCookie:  GMT: 1619497883 bytes = { 235, 220, 72, 93, 157, 141, 247, 145, 190, 202, 53, 216, 241, 74, 104, 106, 128, 104, 130, 195, 162, 170, 202, 46, 168, 91, 217, 55 }
Session ID:  {}
Cipher Suites: [TLS_ECDHE_ECDSA_WITH_AES_128_CBC_SHA256, TLS_ECDHE_RSA_WITH_AES_128_CBC_SHA256, TLS_RSA_WITH_AES_128_CBC_SHA256, TLS_ECDH_ECDSA_WITH_AES_128_CBC_SHA256, TLS_ECDH_RSA_WITH_AES_128_CBC_SHA256, TLS_DHE_RSA_WITH_AES_128_CBC_SHA256, TLS_DHE_DSS_WITH_AES_128_CBC_SHA256, TLS_ECDHE_ECDSA_WITH_AES_128_CBC_SHA, TLS_ECDHE_RSA_WITH_AES_128_CBC_SHA, TLS_RSA_WITH_AES_128_CBC_SHA, TLS_ECDH_ECDSA_WITH_AES_128_CBC_SHA, TLS_ECDH_RSA_WITH_AES_128_CBC_SHA, TLS_DHE_RSA_WITH_AES_128_CBC_SHA, TLS_DHE_DSS_WITH_AES_128_CBC_SHA, TLS_ECDHE_ECDSA_WITH_AES_128_GCM_SHA256, TLS_ECDHE_RSA_WITH_AES_128_GCM_SHA256, TLS_RSA_WITH_AES_128_GCM_SHA256, TLS_ECDH_ECDSA_WITH_AES_128_GCM_SHA256, TLS_ECDH_RSA_WITH_AES_128_GCM_SHA256, TLS_DHE_RSA_WITH_AES_128_GCM_SHA256, TLS_DHE_DSS_WITH_AES_128_GCM_SHA256, TLS_ECDHE_ECDSA_WITH_3DES_EDE_CBC_SHA, TLS_ECDHE_RSA_WITH_3DES_EDE_CBC_SHA, SSL_RSA_WITH_3DES_EDE_CBC_SHA, TLS_ECDH_ECDSA_WITH_3DES_EDE_CBC_SHA, TLS_ECDH_RSA_WITH_3DES_EDE_CBC_SHA, SSL_DHE_RSA_WITH_3DES_EDE_CBC_SHA, SSL_DHE_DSS_WITH_3DES_EDE_CBC_SHA, TLS_ECDHE_ECDSA_WITH_RC4_128_SHA, TLS_ECDHE_RSA_WITH_RC4_128_SHA, SSL_RSA_WITH_RC4_128_SHA, TLS_ECDH_ECDSA_WITH_RC4_128_SHA, TLS_ECDH_RSA_WITH_RC4_128_SHA, SSL_RSA_WITH_RC4_128_MD5, TLS_EMPTY_RENEGOTIATION_INFO_SCSV]
Compression Methods:  { 0 }
Extension elliptic_curves, curve names: {secp256r1, sect163k1, sect163r2, secp192r1, secp224r1, sect233k1, sect233r1, sect283k1, sect283r1, secp384r1, sect409k1, sect409r1, secp521r1, sect571k1, sect571r1, secp160k1, secp160r1, secp160r2, sect163r1, secp192k1, sect193r1, sect193r2, secp224k1, sect239k1, secp256k1}
Extension ec_point_formats, formats: [uncompressed]
Extension signature_algorithms, signature_algorithms: SHA512withECDSA, SHA512withRSA, SHA384withECDSA, SHA384withRSA, SHA256withECDSA, SHA256withRSA, SHA224withECDSA, SHA224withRSA, SHA1withECDSA, SHA1withRSA, SHA1withDSA, MD5withRSA
Extension server_name, server_name: [type=host_name (0), value=xmind.net]
***
nioEventLoopGroup-12-1, WRITE: TLSv1.2 Handshake, length = 225
trigger seeding of SecureRandom
done seeding SecureRandom
Using SSLEngineImpl.
Ignoring unavailable cipher suite: TLS_DHE_DSS_WITH_AES_256_GCM_SHA384
Ignoring unavailable cipher suite: TLS_RSA_WITH_AES_256_CBC_SHA
Ignoring unavailable cipher suite: TLS_DHE_RSA_WITH_AES_256_GCM_SHA384
Ignoring unavailable cipher suite: TLS_ECDH_ECDSA_WITH_AES_256_CBC_SHA
Ignoring unavailable cipher suite: TLS_ECDHE_ECDSA_WITH_AES_256_GCM_SHA384
Ignoring unavailable cipher suite: TLS_RSA_WITH_AES_256_CBC_SHA256
Ignoring unavailable cipher suite: TLS_DHE_DSS_WITH_AES_256_CBC_SHA
Ignoring unavailable cipher suite: TLS_ECDH_ECDSA_WITH_AES_256_GCM_SHA384
Ignoring unavailable cipher suite: TLS_ECDH_RSA_WITH_AES_256_CBC_SHA384
Ignoring unavailable cipher suite: TLS_RSA_WITH_AES_256_GCM_SHA384
Ignoring unavailable cipher suite: TLS_ECDH_ECDSA_WITH_AES_256_CBC_SHA384
Ignoring unavailable cipher suite: TLS_ECDHE_RSA_WITH_AES_256_CBC_SHA384
Ignoring unavailable cipher suite: TLS_ECDH_RSA_WITH_AES_256_CBC_SHA
Ignoring unavailable cipher suite: TLS_ECDH_RSA_WITH_AES_256_GCM_SHA384
Ignoring unavailable cipher suite: TLS_ECDHE_ECDSA_WITH_AES_256_CBC_SHA384
Ignoring unavailable cipher suite: TLS_DHE_RSA_WITH_AES_256_CBC_SHA256
Ignoring unavailable cipher suite: TLS_ECDHE_ECDSA_WITH_AES_256_CBC_SHA
Ignoring unavailable cipher suite: TLS_DHE_DSS_WITH_AES_256_CBC_SHA256
Ignoring unavailable cipher suite: TLS_DHE_RSA_WITH_AES_256_CBC_SHA
Ignoring unavailable cipher suite: TLS_ECDHE_RSA_WITH_AES_256_CBC_SHA
Ignoring unavailable cipher suite: TLS_ECDHE_RSA_WITH_AES_256_GCM_SHA384
2021-11-08 11:08:11,120 [myid:] - WARN  [nioEventLoopGroup-11-3:ChannelInitializer@97] - Failed to initialize a channel. Closing: [id: 0xfd02358f, L:/127.0.0.1:30075 - R:/127.0.0.1:1960]
java.lang.IllegalArgumentException: Cannot support TLS_ECDHE_ECDSA_WITH_AES_256_CBC_SHA384 with currently installed providers
	at sun.security.ssl.CipherSuiteList.<init>(CipherSuiteList.java:92)
	at sun.security.ssl.SSLEngineImpl.setEnabledCipherSuites(SSLEngineImpl.java:2038)
	at io.netty.handler.ssl.JdkSslContext.configureAndWrapEngine(JdkSslContext.java:341)
	at io.netty.handler.ssl.JdkSslContext.newEngine(JdkSslContext.java:331)
	at io.netty.handler.ssl.SslContext.newHandler(SslContext.java:956)
	at io.netty.handler.ssl.SslContext.newHandler(SslContext.java:948)
	at org.apache.zookeeper.server.NettyServerCnxnFactory.initSSL(NettyServerCnxnFactory.java:575)
	at org.apache.zookeeper.server.NettyServerCnxnFactory.access$1300(NettyServerCnxnFactory.java:80)
	at org.apache.zookeeper.server.NettyServerCnxnFactory$1.initChannel(NettyServerCnxnFactory.java:540)
	at org.apache.zookeeper.server.NettyServerCnxnFactory$1.initChannel(NettyServerCnxnFactory.java:532)
	at io.netty.channel.ChannelInitializer.initChannel(ChannelInitializer.java:129)
	at io.netty.channel.ChannelInitializer.handlerAdded(ChannelInitializer.java:112)
	at io.netty.channel.AbstractChannelHandlerContext.callHandlerAdded(AbstractChannelHandlerContext.java:938)
	at io.netty.channel.DefaultChannelPipeline.callHandlerAdded0(DefaultChannelPipeline.java:609)
	at io.netty.channel.DefaultChannelPipeline.access$100(DefaultChannelPipeline.java:46)
	at io.netty.channel.DefaultChannelPipeline$PendingHandlerAddedTask.execute(DefaultChannelPipeline.java:1463)
	at io.netty.channel.DefaultChannelPipeline.callHandlerAddedForAllHandlers(DefaultChannelPipeline.java:1115)
	at io.netty.channel.DefaultChannelPipeline.invokeHandlerAddedIfNeeded(DefaultChannelPipeline.java:650)
	at io.netty.channel.AbstractChannel$AbstractUnsafe.register0(AbstractChannel.java:502)
	at io.netty.channel.AbstractChannel$AbstractUnsafe.access$200(AbstractChannel.java:417)
	at io.netty.channel.AbstractChannel$AbstractUnsafe$1.run(AbstractChannel.java:474)
	at io.netty.util.concurrent.AbstractEventExecutor.safeExecute(AbstractEventExecutor.java:164)
	at io.netty.util.concurrent.SingleThreadEventExecutor.runAllTasks(SingleThreadEventExecutor.java:472)
	at io.netty.channel.nio.NioEventLoop.run(NioEventLoop.java:500)
	at io.netty.util.concurrent.SingleThreadEventExecutor$4.run(SingleThreadEventExecutor.java:989)
	at io.netty.util.internal.ThreadExecutorMap$2.run(ThreadExecutorMap.java:74)
	at io.netty.util.concurrent.FastThreadLocalRunnable.run(FastThreadLocalRunnable.java:30)
	at java.lang.Thread.run(Thread.java:745)
nioEventLoopGroup-12-1, called closeOutbound()
nioEventLoopGroup-12-1, closeOutboundInternal()
nioEventLoopGroup-12-1, SEND TLSv1.2 ALERT:  warning, description = close_notify
nioEventLoopGroup-12-1, WRITE: TLSv1.2 Alert, length = 2
nioEventLoopGroup-12-1, called closeInbound()
nioEventLoopGroup-12-1, fatal error: 80: Inbound closed before receiving peer's close_notify: possible truncation attack?
javax.net.ssl.SSLException: Inbound closed before receiving peer's close_notify: possible truncation attack?
nioEventLoopGroup-12-1, SEND TLSv1.2 ALERT:  fatal, description = internal_error
nioEventLoopGroup-12-1, Exception sending alert: java.io.IOException: writer side was already closed.
2021-11-08 11:08:11,121 [myid:127.0.0.1:30075] - INFO  [nioEventLoopGroup-12-1:ClientCnxnSocketNetty$ZKClientHandler@469] - channel is disconnected: [id: 0x973441a0, L:/127.0.0.1:1960 ! R:xmind.net/127.0.0.1:30075]
2021-11-08 11:08:11,121 [myid:127.0.0.1:30075] - INFO  [nioEventLoopGroup-12-1:ClientCnxnSocketNetty@249] - channel is told closing
2021-11-08 11:08:11,121 [myid:127.0.0.1:30075] - WARN  [main-SendThread(127.0.0.1:30075):ClientCnxn$SendThread@1290] - Session 0x0 for sever xmind.net/127.0.0.1:30075, Closing socket connection. Attempting reconnect except it is a SessionExpiredException.
EndOfStreamException: channel for sessionid 0x0 is lost
	at org.apache.zookeeper.ClientCnxnSocketNetty.doTransport(ClientCnxnSocketNetty.java:285)
	at org.apache.zookeeper.ClientCnxn$SendThread.run(ClientCnxn.java:1280)
2021-11-08 11:08:12,545 [myid:127.0.0.1:30075] - INFO  [main-SendThread(127.0.0.1:30075):ClientCnxn$SendThread@1171] - Opening socket connection to server xmind.net/127.0.0.1:30075.
2021-11-08 11:08:12,545 [myid:127.0.0.1:30075] - INFO  [main-SendThread(127.0.0.1:30075):ClientCnxn$SendThread@1173] - SASL config status: Will not attempt to authenticate using SASL (unknown error)
adding as trusted cert:
  Subject: CN=localhost, OU=ZooKeeper, O=Apache, L=Unknown, ST=Unknown, C=Unknown
  Issuer:  CN=localhost, OU=ZooKeeper, O=Apache, L=Unknown, ST=Unknown, C=Unknown
  Algorithm: RSA; Serial number: 0x7334b506
  Valid from Sat Jan 31 02:57:30 CST 2015 until Wed Feb 08 02:57:30 CST 3015

trigger seeding of SecureRandom
done seeding SecureRandom
Using SSLEngineImpl.
Ignoring unavailable cipher suite: TLS_DHE_DSS_WITH_AES_256_GCM_SHA384
Ignoring unavailable cipher suite: TLS_RSA_WITH_AES_256_CBC_SHA
Ignoring unavailable cipher suite: TLS_DHE_RSA_WITH_AES_256_GCM_SHA384
Ignoring unavailable cipher suite: TLS_ECDH_ECDSA_WITH_AES_256_CBC_SHA
Ignoring unavailable cipher suite: TLS_ECDHE_ECDSA_WITH_AES_256_GCM_SHA384
Ignoring unavailable cipher suite: TLS_RSA_WITH_AES_256_CBC_SHA256
Ignoring unavailable cipher suite: TLS_DHE_DSS_WITH_AES_256_CBC_SHA
Ignoring unavailable cipher suite: TLS_ECDH_ECDSA_WITH_AES_256_GCM_SHA384
Ignoring unavailable cipher suite: TLS_ECDH_RSA_WITH_AES_256_CBC_SHA384
Ignoring unavailable cipher suite: TLS_RSA_WITH_AES_256_GCM_SHA384
Ignoring unavailable cipher suite: TLS_ECDH_ECDSA_WITH_AES_256_CBC_SHA384
Ignoring unavailable cipher suite: TLS_ECDHE_RSA_WITH_AES_256_CBC_SHA384
Ignoring unavailable cipher suite: TLS_ECDH_RSA_WITH_AES_256_CBC_SHA
Ignoring unavailable cipher suite: TLS_ECDH_RSA_WITH_AES_256_GCM_SHA384
Ignoring unavailable cipher suite: TLS_ECDHE_ECDSA_WITH_AES_256_CBC_SHA384
Ignoring unavailable cipher suite: TLS_DHE_RSA_WITH_AES_256_CBC_SHA256
Ignoring unavailable cipher suite: TLS_ECDHE_ECDSA_WITH_AES_256_CBC_SHA
Ignoring unavailable cipher suite: TLS_DHE_DSS_WITH_AES_256_CBC_SHA256
Ignoring unavailable cipher suite: TLS_DHE_RSA_WITH_AES_256_CBC_SHA
Ignoring unavailable cipher suite: TLS_ECDHE_RSA_WITH_AES_256_CBC_SHA
Ignoring unavailable cipher suite: TLS_ECDHE_RSA_WITH_AES_256_GCM_SHA384
2021-11-08 11:08:12,546 [myid:127.0.0.1:30075] - INFO  [nioEventLoopGroup-12-1:ClientCnxnSocketNetty$ZKClientPipelineFactory@454] - SSL handler added for channel: [id: 0xd7ddd9e2]
2021-11-08 11:08:12,547 [myid:127.0.0.1:30075] - INFO  [nioEventLoopGroup-12-1:ClientCnxn$SendThread@1005] - Socket connection established, initiating session, client: /127.0.0.1:1990, server: xmind.net/127.0.0.1:30075
2021-11-08 11:08:12,547 [myid:127.0.0.1:30075] - INFO  [nioEventLoopGroup-12-1:ClientCnxnSocketNetty$1@184] - channel is connected: [id: 0xd7ddd9e2, L:/127.0.0.1:1990 - R:xmind.net/127.0.0.1:30075]
Allow unsafe renegotiation: false
Allow legacy hello messages: true
Is initial handshake: true
Is secure renegotiation: false
Ignoring unsupported cipher suite: TLS_ECDHE_ECDSA_WITH_AES_128_CBC_SHA256 for TLSv1
Ignoring unsupported cipher suite: TLS_ECDHE_RSA_WITH_AES_128_CBC_SHA256 for TLSv1
Ignoring unsupported cipher suite: TLS_RSA_WITH_AES_128_CBC_SHA256 for TLSv1
Ignoring unsupported cipher suite: TLS_ECDH_ECDSA_WITH_AES_128_CBC_SHA256 for TLSv1
Ignoring unsupported cipher suite: TLS_ECDH_RSA_WITH_AES_128_CBC_SHA256 for TLSv1
Ignoring unsupported cipher suite: TLS_DHE_RSA_WITH_AES_128_CBC_SHA256 for TLSv1
Ignoring unsupported cipher suite: TLS_DHE_DSS_WITH_AES_128_CBC_SHA256 for TLSv1
Ignoring unsupported cipher suite: TLS_ECDHE_ECDSA_WITH_AES_128_CBC_SHA256 for TLSv1.1
Ignoring unsupported cipher suite: TLS_ECDHE_RSA_WITH_AES_128_CBC_SHA256 for TLSv1.1
Ignoring unsupported cipher suite: TLS_RSA_WITH_AES_128_CBC_SHA256 for TLSv1.1
Ignoring unsupported cipher suite: TLS_ECDH_ECDSA_WITH_AES_128_CBC_SHA256 for TLSv1.1
Ignoring unsupported cipher suite: TLS_ECDH_RSA_WITH_AES_128_CBC_SHA256 for TLSv1.1
Ignoring unsupported cipher suite: TLS_DHE_RSA_WITH_AES_128_CBC_SHA256 for TLSv1.1
Ignoring unsupported cipher suite: TLS_DHE_DSS_WITH_AES_128_CBC_SHA256 for TLSv1.1
%% No cached client session
*** ClientHello, TLSv1.2
RandomCookie:  GMT: 1619497884 bytes = { 133, 247, 23, 201, 153, 46, 50, 79, 61, 180, 251, 206, 36, 6, 194, 194, 254, 160, 60, 213, 39, 148, 124, 178, 80, 92, 76, 122 }
Session ID:  {}
Cipher Suites: [TLS_ECDHE_ECDSA_WITH_AES_128_CBC_SHA256, TLS_ECDHE_RSA_WITH_AES_128_CBC_SHA256, TLS_RSA_WITH_AES_128_CBC_SHA256, TLS_ECDH_ECDSA_WITH_AES_128_CBC_SHA256, TLS_ECDH_RSA_WITH_AES_128_CBC_SHA256, TLS_DHE_RSA_WITH_AES_128_CBC_SHA256, TLS_DHE_DSS_WITH_AES_128_CBC_SHA256, TLS_ECDHE_ECDSA_WITH_AES_128_CBC_SHA, TLS_ECDHE_RSA_WITH_AES_128_CBC_SHA, TLS_RSA_WITH_AES_128_CBC_SHA, TLS_ECDH_ECDSA_WITH_AES_128_CBC_SHA, TLS_ECDH_RSA_WITH_AES_128_CBC_SHA, TLS_DHE_RSA_WITH_AES_128_CBC_SHA, TLS_DHE_DSS_WITH_AES_128_CBC_SHA, TLS_ECDHE_ECDSA_WITH_AES_128_GCM_SHA256, TLS_ECDHE_RSA_WITH_AES_128_GCM_SHA256, TLS_RSA_WITH_AES_128_GCM_SHA256, TLS_ECDH_ECDSA_WITH_AES_128_GCM_SHA256, TLS_ECDH_RSA_WITH_AES_128_GCM_SHA256, TLS_DHE_RSA_WITH_AES_128_GCM_SHA256, TLS_DHE_DSS_WITH_AES_128_GCM_SHA256, TLS_ECDHE_ECDSA_WITH_3DES_EDE_CBC_SHA, TLS_ECDHE_RSA_WITH_3DES_EDE_CBC_SHA, SSL_RSA_WITH_3DES_EDE_CBC_SHA, TLS_ECDH_ECDSA_WITH_3DES_EDE_CBC_SHA, TLS_ECDH_RSA_WITH_3DES_EDE_CBC_SHA, SSL_DHE_RSA_WITH_3DES_EDE_CBC_SHA, SSL_DHE_DSS_WITH_3DES_EDE_CBC_SHA, TLS_ECDHE_ECDSA_WITH_RC4_128_SHA, TLS_ECDHE_RSA_WITH_RC4_128_SHA, SSL_RSA_WITH_RC4_128_SHA, TLS_ECDH_ECDSA_WITH_RC4_128_SHA, TLS_ECDH_RSA_WITH_RC4_128_SHA, SSL_RSA_WITH_RC4_128_MD5, TLS_EMPTY_RENEGOTIATION_INFO_SCSV]
Compression Methods:  { 0 }
Extension elliptic_curves, curve names: {secp256r1, sect163k1, sect163r2, secp192r1, secp224r1, sect233k1, sect233r1, sect283k1, sect283r1, secp384r1, sect409k1, sect409r1, secp521r1, sect571k1, sect571r1, secp160k1, secp160r1, secp160r2, sect163r1, secp192k1, sect193r1, sect193r2, secp224k1, sect239k1, secp256k1}
Extension ec_point_formats, formats: [uncompressed]
Extension signature_algorithms, signature_algorithms: SHA512withECDSA, SHA512withRSA, SHA384withECDSA, SHA384withRSA, SHA256withECDSA, SHA256withRSA, SHA224withECDSA, SHA224withRSA, SHA1withECDSA, SHA1withRSA, SHA1withDSA, MD5withRSA
Extension server_name, server_name: [type=host_name (0), value=xmind.net]
***
nioEventLoopGroup-12-1, WRITE: TLSv1.2 Handshake, length = 225
trigger seeding of SecureRandom
done seeding SecureRandom
Using SSLEngineImpl.
Ignoring unavailable cipher suite: TLS_DHE_DSS_WITH_AES_256_GCM_SHA384
Ignoring unavailable cipher suite: TLS_RSA_WITH_AES_256_CBC_SHA
Ignoring unavailable cipher suite: TLS_DHE_RSA_WITH_AES_256_GCM_SHA384
Ignoring unavailable cipher suite: TLS_ECDH_ECDSA_WITH_AES_256_CBC_SHA
Ignoring unavailable cipher suite: TLS_ECDHE_ECDSA_WITH_AES_256_GCM_SHA384
Ignoring unavailable cipher suite: TLS_RSA_WITH_AES_256_CBC_SHA256
Ignoring unavailable cipher suite: TLS_DHE_DSS_WITH_AES_256_CBC_SHA
Ignoring unavailable cipher suite: TLS_ECDH_ECDSA_WITH_AES_256_GCM_SHA384
Ignoring unavailable cipher suite: TLS_ECDH_RSA_WITH_AES_256_CBC_SHA384
Ignoring unavailable cipher suite: TLS_RSA_WITH_AES_256_GCM_SHA384
Ignoring unavailable cipher suite: TLS_ECDH_ECDSA_WITH_AES_256_CBC_SHA384
Ignoring unavailable cipher suite: TLS_ECDHE_RSA_WITH_AES_256_CBC_SHA384
Ignoring unavailable cipher suite: TLS_ECDH_RSA_WITH_AES_256_CBC_SHA
Ignoring unavailable cipher suite: TLS_ECDH_RSA_WITH_AES_256_GCM_SHA384
Ignoring unavailable cipher suite: TLS_ECDHE_ECDSA_WITH_AES_256_CBC_SHA384
Ignoring unavailable cipher suite: TLS_DHE_RSA_WITH_AES_256_CBC_SHA256
Ignoring unavailable cipher suite: TLS_ECDHE_ECDSA_WITH_AES_256_CBC_SHA
Ignoring unavailable cipher suite: TLS_DHE_DSS_WITH_AES_256_CBC_SHA256
Ignoring unavailable cipher suite: TLS_DHE_RSA_WITH_AES_256_CBC_SHA
Ignoring unavailable cipher suite: TLS_ECDHE_RSA_WITH_AES_256_CBC_SHA
Ignoring unavailable cipher suite: TLS_ECDHE_RSA_WITH_AES_256_GCM_SHA384
2021-11-08 11:08:12,548 [myid:] - WARN  [nioEventLoopGroup-11-4:ChannelInitializer@97] - Failed to initialize a channel. Closing: [id: 0x02fe67fe, L:/127.0.0.1:30075 - R:/127.0.0.1:1990]
java.lang.IllegalArgumentException: Cannot support TLS_ECDHE_ECDSA_WITH_AES_256_CBC_SHA384 with currently installed providers
	at sun.security.ssl.CipherSuiteList.<init>(CipherSuiteList.java:92)
	at sun.security.ssl.SSLEngineImpl.setEnabledCipherSuites(SSLEngineImpl.java:2038)
	at io.netty.handler.ssl.JdkSslContext.configureAndWrapEngine(JdkSslContext.java:341)
	at io.netty.handler.ssl.JdkSslContext.newEngine(JdkSslContext.java:331)
	at io.netty.handler.ssl.SslContext.newHandler(SslContext.java:956)
	at io.netty.handler.ssl.SslContext.newHandler(SslContext.java:948)
	at org.apache.zookeeper.server.NettyServerCnxnFactory.initSSL(NettyServerCnxnFactory.java:575)
	at org.apache.zookeeper.server.NettyServerCnxnFactory.access$1300(NettyServerCnxnFactory.java:80)
	at org.apache.zookeeper.server.NettyServerCnxnFactory$1.initChannel(NettyServerCnxnFactory.java:540)
	at org.apache.zookeeper.server.NettyServerCnxnFactory$1.initChannel(NettyServerCnxnFactory.java:532)
	at io.netty.channel.ChannelInitializer.initChannel(ChannelInitializer.java:129)
	at io.netty.channel.ChannelInitializer.handlerAdded(ChannelInitializer.java:112)
	at io.netty.channel.AbstractChannelHandlerContext.callHandlerAdded(AbstractChannelHandlerContext.java:938)
	at io.netty.channel.DefaultChannelPipeline.callHandlerAdded0(DefaultChannelPipeline.java:609)
	at io.netty.channel.DefaultChannelPipeline.access$100(DefaultChannelPipeline.java:46)
	at io.netty.channel.DefaultChannelPipeline$PendingHandlerAddedTask.execute(DefaultChannelPipeline.java:1463)
	at io.netty.channel.DefaultChannelPipeline.callHandlerAddedForAllHandlers(DefaultChannelPipeline.java:1115)
	at io.netty.channel.DefaultChannelPipeline.invokeHandlerAddedIfNeeded(DefaultChannelPipeline.java:650)
	at io.netty.channel.AbstractChannel$AbstractUnsafe.register0(AbstractChannel.java:502)
	at io.netty.channel.AbstractChannel$AbstractUnsafe.access$200(AbstractChannel.java:417)
	at io.netty.channel.AbstractChannel$AbstractUnsafe$1.run(AbstractChannel.java:474)
	at io.netty.util.concurrent.AbstractEventExecutor.safeExecute(AbstractEventExecutor.java:164)
	at io.netty.util.concurrent.SingleThreadEventExecutor.runAllTasks(SingleThreadEventExecutor.java:472)
	at io.netty.channel.nio.NioEventLoop.run(NioEventLoop.java:500)
	at io.netty.util.concurrent.SingleThreadEventExecutor$4.run(SingleThreadEventExecutor.java:989)
	at io.netty.util.internal.ThreadExecutorMap$2.run(ThreadExecutorMap.java:74)
	at io.netty.util.concurrent.FastThreadLocalRunnable.run(FastThreadLocalRunnable.java:30)
	at java.lang.Thread.run(Thread.java:745)
nioEventLoopGroup-12-1, called closeOutbound()
nioEventLoopGroup-12-1, closeOutboundInternal()
nioEventLoopGroup-12-1, SEND TLSv1.2 ALERT:  warning, description = close_notify
nioEventLoopGroup-12-1, WRITE: TLSv1.2 Alert, length = 2
nioEventLoopGroup-12-1, called closeInbound()
nioEventLoopGroup-12-1, fatal error: 80: Inbound closed before receiving peer's close_notify: possible truncation attack?
javax.net.ssl.SSLException: Inbound closed before receiving peer's close_notify: possible truncation attack?
nioEventLoopGroup-12-1, SEND TLSv1.2 ALERT:  fatal, description = internal_error
nioEventLoopGroup-12-1, Exception sending alert: java.io.IOException: writer side was already closed.
2021-11-08 11:08:12,549 [myid:127.0.0.1:30075] - INFO  [nioEventLoopGroup-12-1:ClientCnxnSocketNetty$ZKClientHandler@469] - channel is disconnected: [id: 0xd7ddd9e2, L:/127.0.0.1:1990 ! R:xmind.net/127.0.0.1:30075]
2021-11-08 11:08:12,549 [myid:127.0.0.1:30075] - INFO  [nioEventLoopGroup-12-1:ClientCnxnSocketNetty@249] - channel is told closing
2021-11-08 11:08:12,549 [myid:127.0.0.1:30075] - WARN  [main-SendThread(127.0.0.1:30075):ClientCnxn$SendThread@1290] - Session 0x0 for sever xmind.net/127.0.0.1:30075, Closing socket connection. Attempting reconnect except it is a SessionExpiredException.
EndOfStreamException: channel for sessionid 0x0 is lost
	at org.apache.zookeeper.ClientCnxnSocketNetty.doTransport(ClientCnxnSocketNetty.java:285)
	at org.apache.zookeeper.ClientCnxn$SendThread.run(ClientCnxn.java:1280)
2021-11-08 11:08:14,291 [myid:127.0.0.1:30075] - INFO  [main-SendThread(127.0.0.1:30075):ClientCnxn$SendThread@1171] - Opening socket connection to server xmind.net/127.0.0.1:30075.
2021-11-08 11:08:14,291 [myid:127.0.0.1:30075] - INFO  [main-SendThread(127.0.0.1:30075):ClientCnxn$SendThread@1173] - SASL config status: Will not attempt to authenticate using SASL (unknown error)
adding as trusted cert:
  Subject: CN=localhost, OU=ZooKeeper, O=Apache, L=Unknown, ST=Unknown, C=Unknown
  Issuer:  CN=localhost, OU=ZooKeeper, O=Apache, L=Unknown, ST=Unknown, C=Unknown
  Algorithm: RSA; Serial number: 0x7334b506
  Valid from Sat Jan 31 02:57:30 CST 2015 until Wed Feb 08 02:57:30 CST 3015

trigger seeding of SecureRandom
done seeding SecureRandom
Using SSLEngineImpl.
Ignoring unavailable cipher suite: TLS_DHE_DSS_WITH_AES_256_GCM_SHA384
Ignoring unavailable cipher suite: TLS_RSA_WITH_AES_256_CBC_SHA
Ignoring unavailable cipher suite: TLS_DHE_RSA_WITH_AES_256_GCM_SHA384
Ignoring unavailable cipher suite: TLS_ECDH_ECDSA_WITH_AES_256_CBC_SHA
Ignoring unavailable cipher suite: TLS_ECDHE_ECDSA_WITH_AES_256_GCM_SHA384
Ignoring unavailable cipher suite: TLS_RSA_WITH_AES_256_CBC_SHA256
Ignoring unavailable cipher suite: TLS_DHE_DSS_WITH_AES_256_CBC_SHA
Ignoring unavailable cipher suite: TLS_ECDH_ECDSA_WITH_AES_256_GCM_SHA384
Ignoring unavailable cipher suite: TLS_ECDH_RSA_WITH_AES_256_CBC_SHA384
Ignoring unavailable cipher suite: TLS_RSA_WITH_AES_256_GCM_SHA384
Ignoring unavailable cipher suite: TLS_ECDH_ECDSA_WITH_AES_256_CBC_SHA384
Ignoring unavailable cipher suite: TLS_ECDHE_RSA_WITH_AES_256_CBC_SHA384
Ignoring unavailable cipher suite: TLS_ECDH_RSA_WITH_AES_256_CBC_SHA
Ignoring unavailable cipher suite: TLS_ECDH_RSA_WITH_AES_256_GCM_SHA384
Ignoring unavailable cipher suite: TLS_ECDHE_ECDSA_WITH_AES_256_CBC_SHA384
Ignoring unavailable cipher suite: TLS_DHE_RSA_WITH_AES_256_CBC_SHA256
Ignoring unavailable cipher suite: TLS_ECDHE_ECDSA_WITH_AES_256_CBC_SHA
Ignoring unavailable cipher suite: TLS_DHE_DSS_WITH_AES_256_CBC_SHA256
Ignoring unavailable cipher suite: TLS_DHE_RSA_WITH_AES_256_CBC_SHA
Ignoring unavailable cipher suite: TLS_ECDHE_RSA_WITH_AES_256_CBC_SHA
Ignoring unavailable cipher suite: TLS_ECDHE_RSA_WITH_AES_256_GCM_SHA384
2021-11-08 11:08:14,293 [myid:127.0.0.1:30075] - INFO  [nioEventLoopGroup-12-1:ClientCnxnSocketNetty$ZKClientPipelineFactory@454] - SSL handler added for channel: [id: 0x625b0aa9]
2021-11-08 11:08:14,293 [myid:127.0.0.1:30075] - INFO  [nioEventLoopGroup-12-1:ClientCnxn$SendThread@1005] - Socket connection established, initiating session, client: /127.0.0.1:2065, server: xmind.net/127.0.0.1:30075
2021-11-08 11:08:14,293 [myid:127.0.0.1:30075] - INFO  [nioEventLoopGroup-12-1:ClientCnxnSocketNetty$1@184] - channel is connected: [id: 0x625b0aa9, L:/127.0.0.1:2065 - R:xmind.net/127.0.0.1:30075]
Allow unsafe renegotiation: false
Allow legacy hello messages: true
Is initial handshake: true
Is secure renegotiation: false
Ignoring unsupported cipher suite: TLS_ECDHE_ECDSA_WITH_AES_128_CBC_SHA256 for TLSv1
Ignoring unsupported cipher suite: TLS_ECDHE_RSA_WITH_AES_128_CBC_SHA256 for TLSv1
Ignoring unsupported cipher suite: TLS_RSA_WITH_AES_128_CBC_SHA256 for TLSv1
Ignoring unsupported cipher suite: TLS_ECDH_ECDSA_WITH_AES_128_CBC_SHA256 for TLSv1
Ignoring unsupported cipher suite: TLS_ECDH_RSA_WITH_AES_128_CBC_SHA256 for TLSv1
Ignoring unsupported cipher suite: TLS_DHE_RSA_WITH_AES_128_CBC_SHA256 for TLSv1
Ignoring unsupported cipher suite: TLS_DHE_DSS_WITH_AES_128_CBC_SHA256 for TLSv1
Ignoring unsupported cipher suite: TLS_ECDHE_ECDSA_WITH_AES_128_CBC_SHA256 for TLSv1.1
Ignoring unsupported cipher suite: TLS_ECDHE_RSA_WITH_AES_128_CBC_SHA256 for TLSv1.1
Ignoring unsupported cipher suite: TLS_RSA_WITH_AES_128_CBC_SHA256 for TLSv1.1
Ignoring unsupported cipher suite: TLS_ECDH_ECDSA_WITH_AES_128_CBC_SHA256 for TLSv1.1
Ignoring unsupported cipher suite: TLS_ECDH_RSA_WITH_AES_128_CBC_SHA256 for TLSv1.1
Ignoring unsupported cipher suite: TLS_DHE_RSA_WITH_AES_128_CBC_SHA256 for TLSv1.1
Ignoring unsupported cipher suite: TLS_DHE_DSS_WITH_AES_128_CBC_SHA256 for TLSv1.1
%% No cached client session
*** ClientHello, TLSv1.2
RandomCookie:  GMT: 1619497886 bytes = { 76, 21, 166, 213, 24, 156, 191, 84, 51, 99, 239, 250, 243, 25, 33, 73, 8, 161, 205, 22, 110, 155, 24, 183, 6, 58, 114, 187 }
Session ID:  {}
Cipher Suites: [TLS_ECDHE_ECDSA_WITH_AES_128_CBC_SHA256, TLS_ECDHE_RSA_WITH_AES_128_CBC_SHA256, TLS_RSA_WITH_AES_128_CBC_SHA256, TLS_ECDH_ECDSA_WITH_AES_128_CBC_SHA256, TLS_ECDH_RSA_WITH_AES_128_CBC_SHA256, TLS_DHE_RSA_WITH_AES_128_CBC_SHA256, TLS_DHE_DSS_WITH_AES_128_CBC_SHA256, TLS_ECDHE_ECDSA_WITH_AES_128_CBC_SHA, TLS_ECDHE_RSA_WITH_AES_128_CBC_SHA, TLS_RSA_WITH_AES_128_CBC_SHA, TLS_ECDH_ECDSA_WITH_AES_128_CBC_SHA, TLS_ECDH_RSA_WITH_AES_128_CBC_SHA, TLS_DHE_RSA_WITH_AES_128_CBC_SHA, TLS_DHE_DSS_WITH_AES_128_CBC_SHA, TLS_ECDHE_ECDSA_WITH_AES_128_GCM_SHA256, TLS_ECDHE_RSA_WITH_AES_128_GCM_SHA256, TLS_RSA_WITH_AES_128_GCM_SHA256, TLS_ECDH_ECDSA_WITH_AES_128_GCM_SHA256, TLS_ECDH_RSA_WITH_AES_128_GCM_SHA256, TLS_DHE_RSA_WITH_AES_128_GCM_SHA256, TLS_DHE_DSS_WITH_AES_128_GCM_SHA256, TLS_ECDHE_ECDSA_WITH_3DES_EDE_CBC_SHA, TLS_ECDHE_RSA_WITH_3DES_EDE_CBC_SHA, SSL_RSA_WITH_3DES_EDE_CBC_SHA, TLS_ECDH_ECDSA_WITH_3DES_EDE_CBC_SHA, TLS_ECDH_RSA_WITH_3DES_EDE_CBC_SHA, SSL_DHE_RSA_WITH_3DES_EDE_CBC_SHA, SSL_DHE_DSS_WITH_3DES_EDE_CBC_SHA, TLS_ECDHE_ECDSA_WITH_RC4_128_SHA, TLS_ECDHE_RSA_WITH_RC4_128_SHA, SSL_RSA_WITH_RC4_128_SHA, TLS_ECDH_ECDSA_WITH_RC4_128_SHA, TLS_ECDH_RSA_WITH_RC4_128_SHA, SSL_RSA_WITH_RC4_128_MD5, TLS_EMPTY_RENEGOTIATION_INFO_SCSV]
Compression Methods:  { 0 }
Extension elliptic_curves, curve names: {secp256r1, sect163k1, sect163r2, secp192r1, secp224r1, sect233k1, sect233r1, sect283k1, sect283r1, secp384r1, sect409k1, sect409r1, secp521r1, sect571k1, sect571r1, secp160k1, secp160r1, secp160r2, sect163r1, secp192k1, sect193r1, sect193r2, secp224k1, sect239k1, secp256k1}
Extension ec_point_formats, formats: [uncompressed]
Extension signature_algorithms, signature_algorithms: SHA512withECDSA, SHA512withRSA, SHA384withECDSA, SHA384withRSA, SHA256withECDSA, SHA256withRSA, SHA224withECDSA, SHA224withRSA, SHA1withECDSA, SHA1withRSA, SHA1withDSA, MD5withRSA
Extension server_name, server_name: [type=host_name (0), value=xmind.net]
***
nioEventLoopGroup-12-1, WRITE: TLSv1.2 Handshake, length = 225
trigger seeding of SecureRandom
done seeding SecureRandom
Using SSLEngineImpl.
Ignoring unavailable cipher suite: TLS_DHE_DSS_WITH_AES_256_GCM_SHA384
Ignoring unavailable cipher suite: TLS_RSA_WITH_AES_256_CBC_SHA
Ignoring unavailable cipher suite: TLS_DHE_RSA_WITH_AES_256_GCM_SHA384
Ignoring unavailable cipher suite: TLS_ECDH_ECDSA_WITH_AES_256_CBC_SHA
Ignoring unavailable cipher suite: TLS_ECDHE_ECDSA_WITH_AES_256_GCM_SHA384
Ignoring unavailable cipher suite: TLS_RSA_WITH_AES_256_CBC_SHA256
Ignoring unavailable cipher suite: TLS_DHE_DSS_WITH_AES_256_CBC_SHA
Ignoring unavailable cipher suite: TLS_ECDH_ECDSA_WITH_AES_256_GCM_SHA384
Ignoring unavailable cipher suite: TLS_ECDH_RSA_WITH_AES_256_CBC_SHA384
Ignoring unavailable cipher suite: TLS_RSA_WITH_AES_256_GCM_SHA384
Ignoring unavailable cipher suite: TLS_ECDH_ECDSA_WITH_AES_256_CBC_SHA384
Ignoring unavailable cipher suite: TLS_ECDHE_RSA_WITH_AES_256_CBC_SHA384
Ignoring unavailable cipher suite: TLS_ECDH_RSA_WITH_AES_256_CBC_SHA
Ignoring unavailable cipher suite: TLS_ECDH_RSA_WITH_AES_256_GCM_SHA384
Ignoring unavailable cipher suite: TLS_ECDHE_ECDSA_WITH_AES_256_CBC_SHA384
Ignoring unavailable cipher suite: TLS_DHE_RSA_WITH_AES_256_CBC_SHA256
Ignoring unavailable cipher suite: TLS_ECDHE_ECDSA_WITH_AES_256_CBC_SHA
Ignoring unavailable cipher suite: TLS_DHE_DSS_WITH_AES_256_CBC_SHA256
Ignoring unavailable cipher suite: TLS_DHE_RSA_WITH_AES_256_CBC_SHA
Ignoring unavailable cipher suite: TLS_ECDHE_RSA_WITH_AES_256_CBC_SHA
Ignoring unavailable cipher suite: TLS_ECDHE_RSA_WITH_AES_256_GCM_SHA384
2021-11-08 11:08:14,295 [myid:] - WARN  [nioEventLoopGroup-11-5:ChannelInitializer@97] - Failed to initialize a channel. Closing: [id: 0x7a898f5e, L:/127.0.0.1:30075 - R:/127.0.0.1:2065]
java.lang.IllegalArgumentException: Cannot support TLS_ECDHE_ECDSA_WITH_AES_256_CBC_SHA384 with currently installed providers
	at sun.security.ssl.CipherSuiteList.<init>(CipherSuiteList.java:92)
	at sun.security.ssl.SSLEngineImpl.setEnabledCipherSuites(SSLEngineImpl.java:2038)
	at io.netty.handler.ssl.JdkSslContext.configureAndWrapEngine(JdkSslContext.java:341)
	at io.netty.handler.ssl.JdkSslContext.newEngine(JdkSslContext.java:331)
	at io.netty.handler.ssl.SslContext.newHandler(SslContext.java:956)
	at io.netty.handler.ssl.SslContext.newHandler(SslContext.java:948)
	at org.apache.zookeeper.server.NettyServerCnxnFactory.initSSL(NettyServerCnxnFactory.java:575)
	at org.apache.zookeeper.server.NettyServerCnxnFactory.access$1300(NettyServerCnxnFactory.java:80)
	at org.apache.zookeeper.server.NettyServerCnxnFactory$1.initChannel(NettyServerCnxnFactory.java:540)
	at org.apache.zookeeper.server.NettyServerCnxnFactory$1.initChannel(NettyServerCnxnFactory.java:532)
	at io.netty.channel.ChannelInitializer.initChannel(ChannelInitializer.java:129)
	at io.netty.channel.ChannelInitializer.handlerAdded(ChannelInitializer.java:112)
	at io.netty.channel.AbstractChannelHandlerContext.callHandlerAdded(AbstractChannelHandlerContext.java:938)
	at io.netty.channel.DefaultChannelPipeline.callHandlerAdded0(DefaultChannelPipeline.java:609)
	at io.netty.channel.DefaultChannelPipeline.access$100(DefaultChannelPipeline.java:46)
	at io.netty.channel.DefaultChannelPipeline$PendingHandlerAddedTask.execute(DefaultChannelPipeline.java:1463)
	at io.netty.channel.DefaultChannelPipeline.callHandlerAddedForAllHandlers(DefaultChannelPipeline.java:1115)
	at io.netty.channel.DefaultChannelPipeline.invokeHandlerAddedIfNeeded(DefaultChannelPipeline.java:650)
	at io.netty.channel.AbstractChannel$AbstractUnsafe.register0(AbstractChannel.java:502)
	at io.netty.channel.AbstractChannel$AbstractUnsafe.access$200(AbstractChannel.java:417)
	at io.netty.channel.AbstractChannel$AbstractUnsafe$1.run(AbstractChannel.java:474)
	at io.netty.util.concurrent.AbstractEventExecutor.safeExecute(AbstractEventExecutor.java:164)
	at io.netty.util.concurrent.SingleThreadEventExecutor.runAllTasks(SingleThreadEventExecutor.java:472)
	at io.netty.channel.nio.NioEventLoop.run(NioEventLoop.java:500)
	at io.netty.util.concurrent.SingleThreadEventExecutor$4.run(SingleThreadEventExecutor.java:989)
	at io.netty.util.internal.ThreadExecutorMap$2.run(ThreadExecutorMap.java:74)
	at io.netty.util.concurrent.FastThreadLocalRunnable.run(FastThreadLocalRunnable.java:30)
	at java.lang.Thread.run(Thread.java:745)
nioEventLoopGroup-12-1, called closeOutbound()
nioEventLoopGroup-12-1, closeOutboundInternal()
nioEventLoopGroup-12-1, SEND TLSv1.2 ALERT:  warning, description = close_notify
nioEventLoopGroup-12-1, WRITE: TLSv1.2 Alert, length = 2
nioEventLoopGroup-12-1, called closeInbound()
nioEventLoopGroup-12-1, fatal error: 80: Inbound closed before receiving peer's close_notify: possible truncation attack?
javax.net.ssl.SSLException: Inbound closed before receiving peer's close_notify: possible truncation attack?
nioEventLoopGroup-12-1, SEND TLSv1.2 ALERT:  fatal, description = internal_error
nioEventLoopGroup-12-1, Exception sending alert: java.io.IOException: writer side was already closed.
2021-11-08 11:08:14,296 [myid:127.0.0.1:30075] - INFO  [nioEventLoopGroup-12-1:ClientCnxnSocketNetty$ZKClientHandler@469] - channel is disconnected: [id: 0x625b0aa9, L:/127.0.0.1:2065 ! R:xmind.net/127.0.0.1:30075]
2021-11-08 11:08:14,296 [myid:127.0.0.1:30075] - INFO  [nioEventLoopGroup-12-1:ClientCnxnSocketNetty@249] - channel is told closing
2021-11-08 11:08:14,296 [myid:127.0.0.1:30075] - WARN  [main-SendThread(127.0.0.1:30075):ClientCnxn$SendThread@1290] - Session 0x0 for sever xmind.net/127.0.0.1:30075, Closing socket connection. Attempting reconnect except it is a SessionExpiredException.
EndOfStreamException: channel for sessionid 0x0 is lost
	at org.apache.zookeeper.ClientCnxnSocketNetty.doTransport(ClientCnxnSocketNetty.java:285)
	at org.apache.zookeeper.ClientCnxn$SendThread.run(ClientCnxn.java:1280)
2021-11-08 11:08:15,695 [myid:127.0.0.1:30075] - INFO  [main-SendThread(127.0.0.1:30075):ClientCnxn$SendThread@1171] - Opening socket connection to server xmind.net/127.0.0.1:30075.
2021-11-08 11:08:15,695 [myid:127.0.0.1:30075] - INFO  [main-SendThread(127.0.0.1:30075):ClientCnxn$SendThread@1173] - SASL config status: Will not attempt to authenticate using SASL (unknown error)
adding as trusted cert:
  Subject: CN=localhost, OU=ZooKeeper, O=Apache, L=Unknown, ST=Unknown, C=Unknown
  Issuer:  CN=localhost, OU=ZooKeeper, O=Apache, L=Unknown, ST=Unknown, C=Unknown
  Algorithm: RSA; Serial number: 0x7334b506
  Valid from Sat Jan 31 02:57:30 CST 2015 until Wed Feb 08 02:57:30 CST 3015

trigger seeding of SecureRandom
done seeding SecureRandom
Using SSLEngineImpl.
Ignoring unavailable cipher suite: TLS_DHE_DSS_WITH_AES_256_GCM_SHA384
Ignoring unavailable cipher suite: TLS_RSA_WITH_AES_256_CBC_SHA
Ignoring unavailable cipher suite: TLS_DHE_RSA_WITH_AES_256_GCM_SHA384
Ignoring unavailable cipher suite: TLS_ECDH_ECDSA_WITH_AES_256_CBC_SHA
Ignoring unavailable cipher suite: TLS_ECDHE_ECDSA_WITH_AES_256_GCM_SHA384
Ignoring unavailable cipher suite: TLS_RSA_WITH_AES_256_CBC_SHA256
Ignoring unavailable cipher suite: TLS_DHE_DSS_WITH_AES_256_CBC_SHA
Ignoring unavailable cipher suite: TLS_ECDH_ECDSA_WITH_AES_256_GCM_SHA384
Ignoring unavailable cipher suite: TLS_ECDH_RSA_WITH_AES_256_CBC_SHA384
Ignoring unavailable cipher suite: TLS_RSA_WITH_AES_256_GCM_SHA384
Ignoring unavailable cipher suite: TLS_ECDH_ECDSA_WITH_AES_256_CBC_SHA384
Ignoring unavailable cipher suite: TLS_ECDHE_RSA_WITH_AES_256_CBC_SHA384
Ignoring unavailable cipher suite: TLS_ECDH_RSA_WITH_AES_256_CBC_SHA
Ignoring unavailable cipher suite: TLS_ECDH_RSA_WITH_AES_256_GCM_SHA384
Ignoring unavailable cipher suite: TLS_ECDHE_ECDSA_WITH_AES_256_CBC_SHA384
Ignoring unavailable cipher suite: TLS_DHE_RSA_WITH_AES_256_CBC_SHA256
Ignoring unavailable cipher suite: TLS_ECDHE_ECDSA_WITH_AES_256_CBC_SHA
Ignoring unavailable cipher suite: TLS_DHE_DSS_WITH_AES_256_CBC_SHA256
Ignoring unavailable cipher suite: TLS_DHE_RSA_WITH_AES_256_CBC_SHA
Ignoring unavailable cipher suite: TLS_ECDHE_RSA_WITH_AES_256_CBC_SHA
Ignoring unavailable cipher suite: TLS_ECDHE_RSA_WITH_AES_256_GCM_SHA384
2021-11-08 11:08:15,697 [myid:127.0.0.1:30075] - INFO  [nioEventLoopGroup-12-1:ClientCnxnSocketNetty$ZKClientPipelineFactory@454] - SSL handler added for channel: [id: 0x67fd0393]
2021-11-08 11:08:15,697 [myid:127.0.0.1:30075] - INFO  [nioEventLoopGroup-12-1:ClientCnxn$SendThread@1005] - Socket connection established, initiating session, client: /127.0.0.1:2072, server: xmind.net/127.0.0.1:30075
2021-11-08 11:08:15,697 [myid:127.0.0.1:30075] - INFO  [nioEventLoopGroup-12-1:ClientCnxnSocketNetty$1@184] - channel is connected: [id: 0x67fd0393, L:/127.0.0.1:2072 - R:xmind.net/127.0.0.1:30075]
Allow unsafe renegotiation: false
Allow legacy hello messages: true
Is initial handshake: true
Is secure renegotiation: false
Ignoring unsupported cipher suite: TLS_ECDHE_ECDSA_WITH_AES_128_CBC_SHA256 for TLSv1
Ignoring unsupported cipher suite: TLS_ECDHE_RSA_WITH_AES_128_CBC_SHA256 for TLSv1
Ignoring unsupported cipher suite: TLS_RSA_WITH_AES_128_CBC_SHA256 for TLSv1
Ignoring unsupported cipher suite: TLS_ECDH_ECDSA_WITH_AES_128_CBC_SHA256 for TLSv1
Ignoring unsupported cipher suite: TLS_ECDH_RSA_WITH_AES_128_CBC_SHA256 for TLSv1
Ignoring unsupported cipher suite: TLS_DHE_RSA_WITH_AES_128_CBC_SHA256 for TLSv1
Ignoring unsupported cipher suite: TLS_DHE_DSS_WITH_AES_128_CBC_SHA256 for TLSv1
Ignoring unsupported cipher suite: TLS_ECDHE_ECDSA_WITH_AES_128_CBC_SHA256 for TLSv1.1
Ignoring unsupported cipher suite: TLS_ECDHE_RSA_WITH_AES_128_CBC_SHA256 for TLSv1.1
Ignoring unsupported cipher suite: TLS_RSA_WITH_AES_128_CBC_SHA256 for TLSv1.1
Ignoring unsupported cipher suite: TLS_ECDH_ECDSA_WITH_AES_128_CBC_SHA256 for TLSv1.1
Ignoring unsupported cipher suite: TLS_ECDH_RSA_WITH_AES_128_CBC_SHA256 for TLSv1.1
Ignoring unsupported cipher suite: TLS_DHE_RSA_WITH_AES_128_CBC_SHA256 for TLSv1.1
Ignoring unsupported cipher suite: TLS_DHE_DSS_WITH_AES_128_CBC_SHA256 for TLSv1.1
%% No cached client session
*** ClientHello, TLSv1.2
RandomCookie:  GMT: 1619497887 bytes = { 193, 235, 226, 120, 218, 234, 162, 145, 61, 126, 103, 203, 103, 54, 226, 14, 223, 119, 148, 38, 66, 114, 90, 196, 34, 115, 63, 134 }
Session ID:  {}
Cipher Suites: [TLS_ECDHE_ECDSA_WITH_AES_128_CBC_SHA256, TLS_ECDHE_RSA_WITH_AES_128_CBC_SHA256, TLS_RSA_WITH_AES_128_CBC_SHA256, TLS_ECDH_ECDSA_WITH_AES_128_CBC_SHA256, TLS_ECDH_RSA_WITH_AES_128_CBC_SHA256, TLS_DHE_RSA_WITH_AES_128_CBC_SHA256, TLS_DHE_DSS_WITH_AES_128_CBC_SHA256, TLS_ECDHE_ECDSA_WITH_AES_128_CBC_SHA, TLS_ECDHE_RSA_WITH_AES_128_CBC_SHA, TLS_RSA_WITH_AES_128_CBC_SHA, TLS_ECDH_ECDSA_WITH_AES_128_CBC_SHA, TLS_ECDH_RSA_WITH_AES_128_CBC_SHA, TLS_DHE_RSA_WITH_AES_128_CBC_SHA, TLS_DHE_DSS_WITH_AES_128_CBC_SHA, TLS_ECDHE_ECDSA_WITH_AES_128_GCM_SHA256, TLS_ECDHE_RSA_WITH_AES_128_GCM_SHA256, TLS_RSA_WITH_AES_128_GCM_SHA256, TLS_ECDH_ECDSA_WITH_AES_128_GCM_SHA256, TLS_ECDH_RSA_WITH_AES_128_GCM_SHA256, TLS_DHE_RSA_WITH_AES_128_GCM_SHA256, TLS_DHE_DSS_WITH_AES_128_GCM_SHA256, TLS_ECDHE_ECDSA_WITH_3DES_EDE_CBC_SHA, TLS_ECDHE_RSA_WITH_3DES_EDE_CBC_SHA, SSL_RSA_WITH_3DES_EDE_CBC_SHA, TLS_ECDH_ECDSA_WITH_3DES_EDE_CBC_SHA, TLS_ECDH_RSA_WITH_3DES_EDE_CBC_SHA, SSL_DHE_RSA_WITH_3DES_EDE_CBC_SHA, SSL_DHE_DSS_WITH_3DES_EDE_CBC_SHA, TLS_ECDHE_ECDSA_WITH_RC4_128_SHA, TLS_ECDHE_RSA_WITH_RC4_128_SHA, SSL_RSA_WITH_RC4_128_SHA, TLS_ECDH_ECDSA_WITH_RC4_128_SHA, TLS_ECDH_RSA_WITH_RC4_128_SHA, SSL_RSA_WITH_RC4_128_MD5, TLS_EMPTY_RENEGOTIATION_INFO_SCSV]
Compression Methods:  { 0 }
Extension elliptic_curves, curve names: {secp256r1, sect163k1, sect163r2, secp192r1, secp224r1, sect233k1, sect233r1, sect283k1, sect283r1, secp384r1, sect409k1, sect409r1, secp521r1, sect571k1, sect571r1, secp160k1, secp160r1, secp160r2, sect163r1, secp192k1, sect193r1, sect193r2, secp224k1, sect239k1, secp256k1}
Extension ec_point_formats, formats: [uncompressed]
Extension signature_algorithms, signature_algorithms: SHA512withECDSA, SHA512withRSA, SHA384withECDSA, SHA384withRSA, SHA256withECDSA, SHA256withRSA, SHA224withECDSA, SHA224withRSA, SHA1withECDSA, SHA1withRSA, SHA1withDSA, MD5withRSA
Extension server_name, server_name: [type=host_name (0), value=xmind.net]
***
nioEventLoopGroup-12-1, WRITE: TLSv1.2 Handshake, length = 225
trigger seeding of SecureRandom
done seeding SecureRandom
Using SSLEngineImpl.
Ignoring unavailable cipher suite: TLS_DHE_DSS_WITH_AES_256_GCM_SHA384
Ignoring unavailable cipher suite: TLS_RSA_WITH_AES_256_CBC_SHA
Ignoring unavailable cipher suite: TLS_DHE_RSA_WITH_AES_256_GCM_SHA384
Ignoring unavailable cipher suite: TLS_ECDH_ECDSA_WITH_AES_256_CBC_SHA
Ignoring unavailable cipher suite: TLS_ECDHE_ECDSA_WITH_AES_256_GCM_SHA384
Ignoring unavailable cipher suite: TLS_RSA_WITH_AES_256_CBC_SHA256
Ignoring unavailable cipher suite: TLS_DHE_DSS_WITH_AES_256_CBC_SHA
Ignoring unavailable cipher suite: TLS_ECDH_ECDSA_WITH_AES_256_GCM_SHA384
Ignoring unavailable cipher suite: TLS_ECDH_RSA_WITH_AES_256_CBC_SHA384
Ignoring unavailable cipher suite: TLS_RSA_WITH_AES_256_GCM_SHA384
Ignoring unavailable cipher suite: TLS_ECDH_ECDSA_WITH_AES_256_CBC_SHA384
Ignoring unavailable cipher suite: TLS_ECDHE_RSA_WITH_AES_256_CBC_SHA384
Ignoring unavailable cipher suite: TLS_ECDH_RSA_WITH_AES_256_CBC_SHA
Ignoring unavailable cipher suite: TLS_ECDH_RSA_WITH_AES_256_GCM_SHA384
Ignoring unavailable cipher suite: TLS_ECDHE_ECDSA_WITH_AES_256_CBC_SHA384
Ignoring unavailable cipher suite: TLS_DHE_RSA_WITH_AES_256_CBC_SHA256
Ignoring unavailable cipher suite: TLS_ECDHE_ECDSA_WITH_AES_256_CBC_SHA
Ignoring unavailable cipher suite: TLS_DHE_DSS_WITH_AES_256_CBC_SHA256
Ignoring unavailable cipher suite: TLS_DHE_RSA_WITH_AES_256_CBC_SHA
Ignoring unavailable cipher suite: TLS_ECDHE_RSA_WITH_AES_256_CBC_SHA
Ignoring unavailable cipher suite: TLS_ECDHE_RSA_WITH_AES_256_GCM_SHA384
2021-11-08 11:08:15,699 [myid:] - WARN  [nioEventLoopGroup-11-6:ChannelInitializer@97] - Failed to initialize a channel. Closing: [id: 0x3adcb28f, L:/127.0.0.1:30075 - R:/127.0.0.1:2072]
java.lang.IllegalArgumentException: Cannot support TLS_ECDHE_ECDSA_WITH_AES_256_CBC_SHA384 with currently installed providers
	at sun.security.ssl.CipherSuiteList.<init>(CipherSuiteList.java:92)
	at sun.security.ssl.SSLEngineImpl.setEnabledCipherSuites(SSLEngineImpl.java:2038)
	at io.netty.handler.ssl.JdkSslContext.configureAndWrapEngine(JdkSslContext.java:341)
	at io.netty.handler.ssl.JdkSslContext.newEngine(JdkSslContext.java:331)
	at io.netty.handler.ssl.SslContext.newHandler(SslContext.java:956)
	at io.netty.handler.ssl.SslContext.newHandler(SslContext.java:948)
	at org.apache.zookeeper.server.NettyServerCnxnFactory.initSSL(NettyServerCnxnFactory.java:575)
	at org.apache.zookeeper.server.NettyServerCnxnFactory.access$1300(NettyServerCnxnFactory.java:80)
	at org.apache.zookeeper.server.NettyServerCnxnFactory$1.initChannel(NettyServerCnxnFactory.java:540)
	at org.apache.zookeeper.server.NettyServerCnxnFactory$1.initChannel(NettyServerCnxnFactory.java:532)
	at io.netty.channel.ChannelInitializer.initChannel(ChannelInitializer.java:129)
	at io.netty.channel.ChannelInitializer.handlerAdded(ChannelInitializer.java:112)
	at io.netty.channel.AbstractChannelHandlerContext.callHandlerAdded(AbstractChannelHandlerContext.java:938)
	at io.netty.channel.DefaultChannelPipeline.callHandlerAdded0(DefaultChannelPipeline.java:609)
	at io.netty.channel.DefaultChannelPipeline.access$100(DefaultChannelPipeline.java:46)
	at io.netty.channel.DefaultChannelPipeline$PendingHandlerAddedTask.execute(DefaultChannelPipeline.java:1463)
	at io.netty.channel.DefaultChannelPipeline.callHandlerAddedForAllHandlers(DefaultChannelPipeline.java:1115)
	at io.netty.channel.DefaultChannelPipeline.invokeHandlerAddedIfNeeded(DefaultChannelPipeline.java:650)
	at io.netty.channel.AbstractChannel$AbstractUnsafe.register0(AbstractChannel.java:502)
	at io.netty.channel.AbstractChannel$AbstractUnsafe.access$200(AbstractChannel.java:417)
	at io.netty.channel.AbstractChannel$AbstractUnsafe$1.run(AbstractChannel.java:474)
	at io.netty.util.concurrent.AbstractEventExecutor.safeExecute(AbstractEventExecutor.java:164)
	at io.netty.util.concurrent.SingleThreadEventExecutor.runAllTasks(SingleThreadEventExecutor.java:472)
	at io.netty.channel.nio.NioEventLoop.run(NioEventLoop.java:500)
	at io.netty.util.concurrent.SingleThreadEventExecutor$4.run(SingleThreadEventExecutor.java:989)
	at io.netty.util.internal.ThreadExecutorMap$2.run(ThreadExecutorMap.java:74)
	at io.netty.util.concurrent.FastThreadLocalRunnable.run(FastThreadLocalRunnable.java:30)
	at java.lang.Thread.run(Thread.java:745)
nioEventLoopGroup-12-1, called closeOutbound()
nioEventLoopGroup-12-1, closeOutboundInternal()
nioEventLoopGroup-12-1, SEND TLSv1.2 ALERT:  warning, description = close_notify
nioEventLoopGroup-12-1, WRITE: TLSv1.2 Alert, length = 2
nioEventLoopGroup-12-1, called closeInbound()
nioEventLoopGroup-12-1, fatal error: 80: Inbound closed before receiving peer's close_notify: possible truncation attack?
javax.net.ssl.SSLException: Inbound closed before receiving peer's close_notify: possible truncation attack?
nioEventLoopGroup-12-1, SEND TLSv1.2 ALERT:  fatal, description = internal_error
nioEventLoopGroup-12-1, Exception sending alert: java.io.IOException: writer side was already closed.
2021-11-08 11:08:15,700 [myid:127.0.0.1:30075] - INFO  [nioEventLoopGroup-12-1:ClientCnxnSocketNetty$ZKClientHandler@469] - channel is disconnected: [id: 0x67fd0393, L:/127.0.0.1:2072 ! R:xmind.net/127.0.0.1:30075]
2021-11-08 11:08:15,700 [myid:127.0.0.1:30075] - INFO  [nioEventLoopGroup-12-1:ClientCnxnSocketNetty@249] - channel is told closing
2021-11-08 11:08:15,700 [myid:127.0.0.1:30075] - WARN  [main-SendThread(127.0.0.1:30075):ClientCnxn$SendThread@1290] - Session 0x0 for sever xmind.net/127.0.0.1:30075, Closing socket connection. Attempting reconnect except it is a SessionExpiredException.
EndOfStreamException: channel for sessionid 0x0 is lost
	at org.apache.zookeeper.ClientCnxnSocketNetty.doTransport(ClientCnxnSocketNetty.java:285)
	at org.apache.zookeeper.ClientCnxn$SendThread.run(ClientCnxn.java:1280)
2021-11-08 11:08:17,518 [myid:127.0.0.1:30075] - INFO  [main-SendThread(127.0.0.1:30075):ClientCnxn$SendThread@1171] - Opening socket connection to server xmind.net/127.0.0.1:30075.
2021-11-08 11:08:17,518 [myid:127.0.0.1:30075] - INFO  [main-SendThread(127.0.0.1:30075):ClientCnxn$SendThread@1173] - SASL config status: Will not attempt to authenticate using SASL (unknown error)
adding as trusted cert:
  Subject: CN=localhost, OU=ZooKeeper, O=Apache, L=Unknown, ST=Unknown, C=Unknown
  Issuer:  CN=localhost, OU=ZooKeeper, O=Apache, L=Unknown, ST=Unknown, C=Unknown
  Algorithm: RSA; Serial number: 0x7334b506
  Valid from Sat Jan 31 02:57:30 CST 2015 until Wed Feb 08 02:57:30 CST 3015

trigger seeding of SecureRandom
done seeding SecureRandom
Using SSLEngineImpl.
Ignoring unavailable cipher suite: TLS_DHE_DSS_WITH_AES_256_GCM_SHA384
Ignoring unavailable cipher suite: TLS_RSA_WITH_AES_256_CBC_SHA
Ignoring unavailable cipher suite: TLS_DHE_RSA_WITH_AES_256_GCM_SHA384
Ignoring unavailable cipher suite: TLS_ECDH_ECDSA_WITH_AES_256_CBC_SHA
Ignoring unavailable cipher suite: TLS_ECDHE_ECDSA_WITH_AES_256_GCM_SHA384
Ignoring unavailable cipher suite: TLS_RSA_WITH_AES_256_CBC_SHA256
Ignoring unavailable cipher suite: TLS_DHE_DSS_WITH_AES_256_CBC_SHA
Ignoring unavailable cipher suite: TLS_ECDH_ECDSA_WITH_AES_256_GCM_SHA384
Ignoring unavailable cipher suite: TLS_ECDH_RSA_WITH_AES_256_CBC_SHA384
Ignoring unavailable cipher suite: TLS_RSA_WITH_AES_256_GCM_SHA384
Ignoring unavailable cipher suite: TLS_ECDH_ECDSA_WITH_AES_256_CBC_SHA384
Ignoring unavailable cipher suite: TLS_ECDHE_RSA_WITH_AES_256_CBC_SHA384
Ignoring unavailable cipher suite: TLS_ECDH_RSA_WITH_AES_256_CBC_SHA
Ignoring unavailable cipher suite: TLS_ECDH_RSA_WITH_AES_256_GCM_SHA384
Ignoring unavailable cipher suite: TLS_ECDHE_ECDSA_WITH_AES_256_CBC_SHA384
Ignoring unavailable cipher suite: TLS_DHE_RSA_WITH_AES_256_CBC_SHA256
Ignoring unavailable cipher suite: TLS_ECDHE_ECDSA_WITH_AES_256_CBC_SHA
Ignoring unavailable cipher suite: TLS_DHE_DSS_WITH_AES_256_CBC_SHA256
Ignoring unavailable cipher suite: TLS_DHE_RSA_WITH_AES_256_CBC_SHA
Ignoring unavailable cipher suite: TLS_ECDHE_RSA_WITH_AES_256_CBC_SHA
Ignoring unavailable cipher suite: TLS_ECDHE_RSA_WITH_AES_256_GCM_SHA384
2021-11-08 11:08:17,520 [myid:127.0.0.1:30075] - INFO  [nioEventLoopGroup-12-1:ClientCnxnSocketNetty$ZKClientPipelineFactory@454] - SSL handler added for channel: [id: 0xe7bcbf1c]
2021-11-08 11:08:17,520 [myid:127.0.0.1:30075] - INFO  [nioEventLoopGroup-12-1:ClientCnxn$SendThread@1005] - Socket connection established, initiating session, client: /127.0.0.1:2105, server: xmind.net/127.0.0.1:30075
2021-11-08 11:08:17,520 [myid:127.0.0.1:30075] - INFO  [nioEventLoopGroup-12-1:ClientCnxnSocketNetty$1@184] - channel is connected: [id: 0xe7bcbf1c, L:/127.0.0.1:2105 - R:xmind.net/127.0.0.1:30075]
Allow unsafe renegotiation: false
Allow legacy hello messages: true
Is initial handshake: true
Is secure renegotiation: false
Ignoring unsupported cipher suite: TLS_ECDHE_ECDSA_WITH_AES_128_CBC_SHA256 for TLSv1
Ignoring unsupported cipher suite: TLS_ECDHE_RSA_WITH_AES_128_CBC_SHA256 for TLSv1
Ignoring unsupported cipher suite: TLS_RSA_WITH_AES_128_CBC_SHA256 for TLSv1
Ignoring unsupported cipher suite: TLS_ECDH_ECDSA_WITH_AES_128_CBC_SHA256 for TLSv1
Ignoring unsupported cipher suite: TLS_ECDH_RSA_WITH_AES_128_CBC_SHA256 for TLSv1
Ignoring unsupported cipher suite: TLS_DHE_RSA_WITH_AES_128_CBC_SHA256 for TLSv1
Ignoring unsupported cipher suite: TLS_DHE_DSS_WITH_AES_128_CBC_SHA256 for TLSv1
Ignoring unsupported cipher suite: TLS_ECDHE_ECDSA_WITH_AES_128_CBC_SHA256 for TLSv1.1
Ignoring unsupported cipher suite: TLS_ECDHE_RSA_WITH_AES_128_CBC_SHA256 for TLSv1.1
Ignoring unsupported cipher suite: TLS_RSA_WITH_AES_128_CBC_SHA256 for TLSv1.1
Ignoring unsupported cipher suite: TLS_ECDH_ECDSA_WITH_AES_128_CBC_SHA256 for TLSv1.1
Ignoring unsupported cipher suite: TLS_ECDH_RSA_WITH_AES_128_CBC_SHA256 for TLSv1.1
Ignoring unsupported cipher suite: TLS_DHE_RSA_WITH_AES_128_CBC_SHA256 for TLSv1.1
Ignoring unsupported cipher suite: TLS_DHE_DSS_WITH_AES_128_CBC_SHA256 for TLSv1.1
%% No cached client session
*** ClientHello, TLSv1.2
RandomCookie:  GMT: 1619497889 bytes = { 5, 89, 15, 155, 194, 68, 106, 28, 89, 20, 206, 145, 38, 78, 155, 128, 205, 174, 114, 233, 48, 55, 3, 202, 60, 6, 77, 22 }
Session ID:  {}
Cipher Suites: [TLS_ECDHE_ECDSA_WITH_AES_128_CBC_SHA256, TLS_ECDHE_RSA_WITH_AES_128_CBC_SHA256, TLS_RSA_WITH_AES_128_CBC_SHA256, TLS_ECDH_ECDSA_WITH_AES_128_CBC_SHA256, TLS_ECDH_RSA_WITH_AES_128_CBC_SHA256, TLS_DHE_RSA_WITH_AES_128_CBC_SHA256, TLS_DHE_DSS_WITH_AES_128_CBC_SHA256, TLS_ECDHE_ECDSA_WITH_AES_128_CBC_SHA, TLS_ECDHE_RSA_WITH_AES_128_CBC_SHA, TLS_RSA_WITH_AES_128_CBC_SHA, TLS_ECDH_ECDSA_WITH_AES_128_CBC_SHA, TLS_ECDH_RSA_WITH_AES_128_CBC_SHA, TLS_DHE_RSA_WITH_AES_128_CBC_SHA, TLS_DHE_DSS_WITH_AES_128_CBC_SHA, TLS_ECDHE_ECDSA_WITH_AES_128_GCM_SHA256, TLS_ECDHE_RSA_WITH_AES_128_GCM_SHA256, TLS_RSA_WITH_AES_128_GCM_SHA256, TLS_ECDH_ECDSA_WITH_AES_128_GCM_SHA256, TLS_ECDH_RSA_WITH_AES_128_GCM_SHA256, TLS_DHE_RSA_WITH_AES_128_GCM_SHA256, TLS_DHE_DSS_WITH_AES_128_GCM_SHA256, TLS_ECDHE_ECDSA_WITH_3DES_EDE_CBC_SHA, TLS_ECDHE_RSA_WITH_3DES_EDE_CBC_SHA, SSL_RSA_WITH_3DES_EDE_CBC_SHA, TLS_ECDH_ECDSA_WITH_3DES_EDE_CBC_SHA, TLS_ECDH_RSA_WITH_3DES_EDE_CBC_SHA, SSL_DHE_RSA_WITH_3DES_EDE_CBC_SHA, SSL_DHE_DSS_WITH_3DES_EDE_CBC_SHA, TLS_ECDHE_ECDSA_WITH_RC4_128_SHA, TLS_ECDHE_RSA_WITH_RC4_128_SHA, SSL_RSA_WITH_RC4_128_SHA, TLS_ECDH_ECDSA_WITH_RC4_128_SHA, TLS_ECDH_RSA_WITH_RC4_128_SHA, SSL_RSA_WITH_RC4_128_MD5, TLS_EMPTY_RENEGOTIATION_INFO_SCSV]
Compression Methods:  { 0 }
Extension elliptic_curves, curve names: {secp256r1, sect163k1, sect163r2, secp192r1, secp224r1, sect233k1, sect233r1, sect283k1, sect283r1, secp384r1, sect409k1, sect409r1, secp521r1, sect571k1, sect571r1, secp160k1, secp160r1, secp160r2, sect163r1, secp192k1, sect193r1, sect193r2, secp224k1, sect239k1, secp256k1}
Extension ec_point_formats, formats: [uncompressed]
Extension signature_algorithms, signature_algorithms: SHA512withECDSA, SHA512withRSA, SHA384withECDSA, SHA384withRSA, SHA256withECDSA, SHA256withRSA, SHA224withECDSA, SHA224withRSA, SHA1withECDSA, SHA1withRSA, SHA1withDSA, MD5withRSA
Extension server_name, server_name: [type=host_name (0), value=xmind.net]
***
nioEventLoopGroup-12-1, WRITE: TLSv1.2 Handshake, length = 225
trigger seeding of SecureRandom
done seeding SecureRandom
Using SSLEngineImpl.
Ignoring unavailable cipher suite: TLS_DHE_DSS_WITH_AES_256_GCM_SHA384
Ignoring unavailable cipher suite: TLS_RSA_WITH_AES_256_CBC_SHA
Ignoring unavailable cipher suite: TLS_DHE_RSA_WITH_AES_256_GCM_SHA384
Ignoring unavailable cipher suite: TLS_ECDH_ECDSA_WITH_AES_256_CBC_SHA
Ignoring unavailable cipher suite: TLS_ECDHE_ECDSA_WITH_AES_256_GCM_SHA384
Ignoring unavailable cipher suite: TLS_RSA_WITH_AES_256_CBC_SHA256
Ignoring unavailable cipher suite: TLS_DHE_DSS_WITH_AES_256_CBC_SHA
Ignoring unavailable cipher suite: TLS_ECDH_ECDSA_WITH_AES_256_GCM_SHA384
Ignoring unavailable cipher suite: TLS_ECDH_RSA_WITH_AES_256_CBC_SHA384
Ignoring unavailable cipher suite: TLS_RSA_WITH_AES_256_GCM_SHA384
Ignoring unavailable cipher suite: TLS_ECDH_ECDSA_WITH_AES_256_CBC_SHA384
Ignoring unavailable cipher suite: TLS_ECDHE_RSA_WITH_AES_256_CBC_SHA384
Ignoring unavailable cipher suite: TLS_ECDH_RSA_WITH_AES_256_CBC_SHA
Ignoring unavailable cipher suite: TLS_ECDH_RSA_WITH_AES_256_GCM_SHA384
Ignoring unavailable cipher suite: TLS_ECDHE_ECDSA_WITH_AES_256_CBC_SHA384
Ignoring unavailable cipher suite: TLS_DHE_RSA_WITH_AES_256_CBC_SHA256
Ignoring unavailable cipher suite: TLS_ECDHE_ECDSA_WITH_AES_256_CBC_SHA
Ignoring unavailable cipher suite: TLS_DHE_DSS_WITH_AES_256_CBC_SHA256
Ignoring unavailable cipher suite: TLS_DHE_RSA_WITH_AES_256_CBC_SHA
Ignoring unavailable cipher suite: TLS_ECDHE_RSA_WITH_AES_256_CBC_SHA
Ignoring unavailable cipher suite: TLS_ECDHE_RSA_WITH_AES_256_GCM_SHA384
2021-11-08 11:08:17,523 [myid:] - WARN  [nioEventLoopGroup-11-7:ChannelInitializer@97] - Failed to initialize a channel. Closing: [id: 0x43ec6e7c, L:/127.0.0.1:30075 - R:/127.0.0.1:2105]
java.lang.IllegalArgumentException: Cannot support TLS_ECDHE_ECDSA_WITH_AES_256_CBC_SHA384 with currently installed providers
	at sun.security.ssl.CipherSuiteList.<init>(CipherSuiteList.java:92)
	at sun.security.ssl.SSLEngineImpl.setEnabledCipherSuites(SSLEngineImpl.java:2038)
	at io.netty.handler.ssl.JdkSslContext.configureAndWrapEngine(JdkSslContext.java:341)
	at io.netty.handler.ssl.JdkSslContext.newEngine(JdkSslContext.java:331)
	at io.netty.handler.ssl.SslContext.newHandler(SslContext.java:956)
	at io.netty.handler.ssl.SslContext.newHandler(SslContext.java:948)
	at org.apache.zookeeper.server.NettyServerCnxnFactory.initSSL(NettyServerCnxnFactory.java:575)
	at org.apache.zookeeper.server.NettyServerCnxnFactory.access$1300(NettyServerCnxnFactory.java:80)
	at org.apache.zookeeper.server.NettyServerCnxnFactory$1.initChannel(NettyServerCnxnFactory.java:540)
	at org.apache.zookeeper.server.NettyServerCnxnFactory$1.initChannel(NettyServerCnxnFactory.java:532)
	at io.netty.channel.ChannelInitializer.initChannel(ChannelInitializer.java:129)
	at io.netty.channel.ChannelInitializer.handlerAdded(ChannelInitializer.java:112)
	at io.netty.channel.AbstractChannelHandlerContext.callHandlerAdded(AbstractChannelHandlerContext.java:938)
	at io.netty.channel.DefaultChannelPipeline.callHandlerAdded0(DefaultChannelPipeline.java:609)
	at io.netty.channel.DefaultChannelPipeline.access$100(DefaultChannelPipeline.java:46)
	at io.netty.channel.DefaultChannelPipeline$PendingHandlerAddedTask.execute(DefaultChannelPipeline.java:1463)
	at io.netty.channel.DefaultChannelPipeline.callHandlerAddedForAllHandlers(DefaultChannelPipeline.java:1115)
	at io.netty.channel.DefaultChannelPipeline.invokeHandlerAddedIfNeeded(DefaultChannelPipeline.java:650)
	at io.netty.channel.AbstractChannel$AbstractUnsafe.register0(AbstractChannel.java:502)
	at io.netty.channel.AbstractChannel$AbstractUnsafe.access$200(AbstractChannel.java:417)
	at io.netty.channel.AbstractChannel$AbstractUnsafe$1.run(AbstractChannel.java:474)
	at io.netty.util.concurrent.AbstractEventExecutor.safeExecute(AbstractEventExecutor.java:164)
	at io.netty.util.concurrent.SingleThreadEventExecutor.runAllTasks(SingleThreadEventExecutor.java:472)
	at io.netty.channel.nio.NioEventLoop.run(NioEventLoop.java:500)
	at io.netty.util.concurrent.SingleThreadEventExecutor$4.run(SingleThreadEventExecutor.java:989)
	at io.netty.util.internal.ThreadExecutorMap$2.run(ThreadExecutorMap.java:74)
	at io.netty.util.concurrent.FastThreadLocalRunnable.run(FastThreadLocalRunnable.java:30)
	at java.lang.Thread.run(Thread.java:745)
nioEventLoopGroup-12-1, called closeOutbound()
nioEventLoopGroup-12-1, closeOutboundInternal()
nioEventLoopGroup-12-1, SEND TLSv1.2 ALERT:  warning, description = close_notify
nioEventLoopGroup-12-1, WRITE: TLSv1.2 Alert, length = 2
nioEventLoopGroup-12-1, called closeInbound()
nioEventLoopGroup-12-1, fatal error: 80: Inbound closed before receiving peer's close_notify: possible truncation attack?
javax.net.ssl.SSLException: Inbound closed before receiving peer's close_notify: possible truncation attack?
nioEventLoopGroup-12-1, SEND TLSv1.2 ALERT:  fatal, description = internal_error
nioEventLoopGroup-12-1, Exception sending alert: java.io.IOException: writer side was already closed.
2021-11-08 11:08:17,524 [myid:127.0.0.1:30075] - INFO  [nioEventLoopGroup-12-1:ClientCnxnSocketNetty$ZKClientHandler@469] - channel is disconnected: [id: 0xe7bcbf1c, L:/127.0.0.1:2105 ! R:xmind.net/127.0.0.1:30075]
2021-11-08 11:08:17,524 [myid:127.0.0.1:30075] - INFO  [nioEventLoopGroup-12-1:ClientCnxnSocketNetty@249] - channel is told closing
2021-11-08 11:08:17,524 [myid:127.0.0.1:30075] - WARN  [main-SendThread(127.0.0.1:30075):ClientCnxn$SendThread@1290] - Session 0x0 for sever xmind.net/127.0.0.1:30075, Closing socket connection. Attempting reconnect except it is a SessionExpiredException.
EndOfStreamException: channel for sessionid 0x0 is lost
	at org.apache.zookeeper.ClientCnxnSocketNetty.doTransport(ClientCnxnSocketNetty.java:285)
	at org.apache.zookeeper.ClientCnxn$SendThread.run(ClientCnxn.java:1280)
2021-11-08 11:08:19,158 [myid:127.0.0.1:30075] - INFO  [main-SendThread(127.0.0.1:30075):ClientCnxn$SendThread@1171] - Opening socket connection to server xmind.net/127.0.0.1:30075.
2021-11-08 11:08:19,159 [myid:127.0.0.1:30075] - INFO  [main-SendThread(127.0.0.1:30075):ClientCnxn$SendThread@1173] - SASL config status: Will not attempt to authenticate using SASL (unknown error)
adding as trusted cert:
  Subject: CN=localhost, OU=ZooKeeper, O=Apache, L=Unknown, ST=Unknown, C=Unknown
  Issuer:  CN=localhost, OU=ZooKeeper, O=Apache, L=Unknown, ST=Unknown, C=Unknown
  Algorithm: RSA; Serial number: 0x7334b506
  Valid from Sat Jan 31 02:57:30 CST 2015 until Wed Feb 08 02:57:30 CST 3015

trigger seeding of SecureRandom
done seeding SecureRandom
Using SSLEngineImpl.
Ignoring unavailable cipher suite: TLS_DHE_DSS_WITH_AES_256_GCM_SHA384
Ignoring unavailable cipher suite: TLS_RSA_WITH_AES_256_CBC_SHA
Ignoring unavailable cipher suite: TLS_DHE_RSA_WITH_AES_256_GCM_SHA384
Ignoring unavailable cipher suite: TLS_ECDH_ECDSA_WITH_AES_256_CBC_SHA
Ignoring unavailable cipher suite: TLS_ECDHE_ECDSA_WITH_AES_256_GCM_SHA384
Ignoring unavailable cipher suite: TLS_RSA_WITH_AES_256_CBC_SHA256
Ignoring unavailable cipher suite: TLS_DHE_DSS_WITH_AES_256_CBC_SHA
Ignoring unavailable cipher suite: TLS_ECDH_ECDSA_WITH_AES_256_GCM_SHA384
Ignoring unavailable cipher suite: TLS_ECDH_RSA_WITH_AES_256_CBC_SHA384
Ignoring unavailable cipher suite: TLS_RSA_WITH_AES_256_GCM_SHA384
Ignoring unavailable cipher suite: TLS_ECDH_ECDSA_WITH_AES_256_CBC_SHA384
Ignoring unavailable cipher suite: TLS_ECDHE_RSA_WITH_AES_256_CBC_SHA384
Ignoring unavailable cipher suite: TLS_ECDH_RSA_WITH_AES_256_CBC_SHA
Ignoring unavailable cipher suite: TLS_ECDH_RSA_WITH_AES_256_GCM_SHA384
Ignoring unavailable cipher suite: TLS_ECDHE_ECDSA_WITH_AES_256_CBC_SHA384
Ignoring unavailable cipher suite: TLS_DHE_RSA_WITH_AES_256_CBC_SHA256
Ignoring unavailable cipher suite: TLS_ECDHE_ECDSA_WITH_AES_256_CBC_SHA
Ignoring unavailable cipher suite: TLS_DHE_DSS_WITH_AES_256_CBC_SHA256
Ignoring unavailable cipher suite: TLS_DHE_RSA_WITH_AES_256_CBC_SHA
Ignoring unavailable cipher suite: TLS_ECDHE_RSA_WITH_AES_256_CBC_SHA
Ignoring unavailable cipher suite: TLS_ECDHE_RSA_WITH_AES_256_GCM_SHA384
2021-11-08 11:08:19,161 [myid:127.0.0.1:30075] - INFO  [nioEventLoopGroup-12-1:ClientCnxnSocketNetty$ZKClientPipelineFactory@454] - SSL handler added for channel: [id: 0xedb90eb9]
2021-11-08 11:08:19,161 [myid:127.0.0.1:30075] - INFO  [nioEventLoopGroup-12-1:ClientCnxn$SendThread@1005] - Socket connection established, initiating session, client: /127.0.0.1:2135, server: xmind.net/127.0.0.1:30075
2021-11-08 11:08:19,161 [myid:127.0.0.1:30075] - INFO  [nioEventLoopGroup-12-1:ClientCnxnSocketNetty$1@184] - channel is connected: [id: 0xedb90eb9, L:/127.0.0.1:2135 - R:xmind.net/127.0.0.1:30075]
Allow unsafe renegotiation: false
Allow legacy hello messages: true
Is initial handshake: true
Is secure renegotiation: false
Ignoring unsupported cipher suite: TLS_ECDHE_ECDSA_WITH_AES_128_CBC_SHA256 for TLSv1
Ignoring unsupported cipher suite: TLS_ECDHE_RSA_WITH_AES_128_CBC_SHA256 for TLSv1
Ignoring unsupported cipher suite: TLS_RSA_WITH_AES_128_CBC_SHA256 for TLSv1
Ignoring unsupported cipher suite: TLS_ECDH_ECDSA_WITH_AES_128_CBC_SHA256 for TLSv1
Ignoring unsupported cipher suite: TLS_ECDH_RSA_WITH_AES_128_CBC_SHA256 for TLSv1
Ignoring unsupported cipher suite: TLS_DHE_RSA_WITH_AES_128_CBC_SHA256 for TLSv1
Ignoring unsupported cipher suite: TLS_DHE_DSS_WITH_AES_128_CBC_SHA256 for TLSv1
Ignoring unsupported cipher suite: TLS_ECDHE_ECDSA_WITH_AES_128_CBC_SHA256 for TLSv1.1
Ignoring unsupported cipher suite: TLS_ECDHE_RSA_WITH_AES_128_CBC_SHA256 for TLSv1.1
Ignoring unsupported cipher suite: TLS_RSA_WITH_AES_128_CBC_SHA256 for TLSv1.1
Ignoring unsupported cipher suite: TLS_ECDH_ECDSA_WITH_AES_128_CBC_SHA256 for TLSv1.1
Ignoring unsupported cipher suite: TLS_ECDH_RSA_WITH_AES_128_CBC_SHA256 for TLSv1.1
Ignoring unsupported cipher suite: TLS_DHE_RSA_WITH_AES_128_CBC_SHA256 for TLSv1.1
Ignoring unsupported cipher suite: TLS_DHE_DSS_WITH_AES_128_CBC_SHA256 for TLSv1.1
%% No cached client session
*** ClientHello, TLSv1.2
RandomCookie:  GMT: 1619497891 bytes = { 186, 79, 171, 51, 46, 173, 104, 38, 187, 86, 65, 127, 196, 49, 64, 119, 222, 85, 216, 11, 109, 139, 31, 65, 20, 110, 109, 144 }
Session ID:  {}
Cipher Suites: [TLS_ECDHE_ECDSA_WITH_AES_128_CBC_SHA256, TLS_ECDHE_RSA_WITH_AES_128_CBC_SHA256, TLS_RSA_WITH_AES_128_CBC_SHA256, TLS_ECDH_ECDSA_WITH_AES_128_CBC_SHA256, TLS_ECDH_RSA_WITH_AES_128_CBC_SHA256, TLS_DHE_RSA_WITH_AES_128_CBC_SHA256, TLS_DHE_DSS_WITH_AES_128_CBC_SHA256, TLS_ECDHE_ECDSA_WITH_AES_128_CBC_SHA, TLS_ECDHE_RSA_WITH_AES_128_CBC_SHA, TLS_RSA_WITH_AES_128_CBC_SHA, TLS_ECDH_ECDSA_WITH_AES_128_CBC_SHA, TLS_ECDH_RSA_WITH_AES_128_CBC_SHA, TLS_DHE_RSA_WITH_AES_128_CBC_SHA, TLS_DHE_DSS_WITH_AES_128_CBC_SHA, TLS_ECDHE_ECDSA_WITH_AES_128_GCM_SHA256, TLS_ECDHE_RSA_WITH_AES_128_GCM_SHA256, TLS_RSA_WITH_AES_128_GCM_SHA256, TLS_ECDH_ECDSA_WITH_AES_128_GCM_SHA256, TLS_ECDH_RSA_WITH_AES_128_GCM_SHA256, TLS_DHE_RSA_WITH_AES_128_GCM_SHA256, TLS_DHE_DSS_WITH_AES_128_GCM_SHA256, TLS_ECDHE_ECDSA_WITH_3DES_EDE_CBC_SHA, TLS_ECDHE_RSA_WITH_3DES_EDE_CBC_SHA, SSL_RSA_WITH_3DES_EDE_CBC_SHA, TLS_ECDH_ECDSA_WITH_3DES_EDE_CBC_SHA, TLS_ECDH_RSA_WITH_3DES_EDE_CBC_SHA, SSL_DHE_RSA_WITH_3DES_EDE_CBC_SHA, SSL_DHE_DSS_WITH_3DES_EDE_CBC_SHA, TLS_ECDHE_ECDSA_WITH_RC4_128_SHA, TLS_ECDHE_RSA_WITH_RC4_128_SHA, SSL_RSA_WITH_RC4_128_SHA, TLS_ECDH_ECDSA_WITH_RC4_128_SHA, TLS_ECDH_RSA_WITH_RC4_128_SHA, SSL_RSA_WITH_RC4_128_MD5, TLS_EMPTY_RENEGOTIATION_INFO_SCSV]
Compression Methods:  { 0 }
Extension elliptic_curves, curve names: {secp256r1, sect163k1, sect163r2, secp192r1, secp224r1, sect233k1, sect233r1, sect283k1, sect283r1, secp384r1, sect409k1, sect409r1, secp521r1, sect571k1, sect571r1, secp160k1, secp160r1, secp160r2, sect163r1, secp192k1, sect193r1, sect193r2, secp224k1, sect239k1, secp256k1}
Extension ec_point_formats, formats: [uncompressed]
Extension signature_algorithms, signature_algorithms: SHA512withECDSA, SHA512withRSA, SHA384withECDSA, SHA384withRSA, SHA256withECDSA, SHA256withRSA, SHA224withECDSA, SHA224withRSA, SHA1withECDSA, SHA1withRSA, SHA1withDSA, MD5withRSA
Extension server_name, server_name: [type=host_name (0), value=xmind.net]
***
nioEventLoopGroup-12-1, WRITE: TLSv1.2 Handshake, length = 225
trigger seeding of SecureRandom
done seeding SecureRandom
Using SSLEngineImpl.
Ignoring unavailable cipher suite: TLS_DHE_DSS_WITH_AES_256_GCM_SHA384
Ignoring unavailable cipher suite: TLS_RSA_WITH_AES_256_CBC_SHA
Ignoring unavailable cipher suite: TLS_DHE_RSA_WITH_AES_256_GCM_SHA384
Ignoring unavailable cipher suite: TLS_ECDH_ECDSA_WITH_AES_256_CBC_SHA
Ignoring unavailable cipher suite: TLS_ECDHE_ECDSA_WITH_AES_256_GCM_SHA384
Ignoring unavailable cipher suite: TLS_RSA_WITH_AES_256_CBC_SHA256
Ignoring unavailable cipher suite: TLS_DHE_DSS_WITH_AES_256_CBC_SHA
Ignoring unavailable cipher suite: TLS_ECDH_ECDSA_WITH_AES_256_GCM_SHA384
Ignoring unavailable cipher suite: TLS_ECDH_RSA_WITH_AES_256_CBC_SHA384
Ignoring unavailable cipher suite: TLS_RSA_WITH_AES_256_GCM_SHA384
Ignoring unavailable cipher suite: TLS_ECDH_ECDSA_WITH_AES_256_CBC_SHA384
Ignoring unavailable cipher suite: TLS_ECDHE_RSA_WITH_AES_256_CBC_SHA384
Ignoring unavailable cipher suite: TLS_ECDH_RSA_WITH_AES_256_CBC_SHA
Ignoring unavailable cipher suite: TLS_ECDH_RSA_WITH_AES_256_GCM_SHA384
Ignoring unavailable cipher suite: TLS_ECDHE_ECDSA_WITH_AES_256_CBC_SHA384
Ignoring unavailable cipher suite: TLS_DHE_RSA_WITH_AES_256_CBC_SHA256
Ignoring unavailable cipher suite: TLS_ECDHE_ECDSA_WITH_AES_256_CBC_SHA
Ignoring unavailable cipher suite: TLS_DHE_DSS_WITH_AES_256_CBC_SHA256
Ignoring unavailable cipher suite: TLS_DHE_RSA_WITH_AES_256_CBC_SHA
Ignoring unavailable cipher suite: TLS_ECDHE_RSA_WITH_AES_256_CBC_SHA
Ignoring unavailable cipher suite: TLS_ECDHE_RSA_WITH_AES_256_GCM_SHA384
2021-11-08 11:08:19,167 [myid:] - WARN  [nioEventLoopGroup-11-8:ChannelInitializer@97] - Failed to initialize a channel. Closing: [id: 0xe10fb681, L:/127.0.0.1:30075 - R:/127.0.0.1:2135]
java.lang.IllegalArgumentException: Cannot support TLS_ECDHE_ECDSA_WITH_AES_256_CBC_SHA384 with currently installed providers
	at sun.security.ssl.CipherSuiteList.<init>(CipherSuiteList.java:92)
	at sun.security.ssl.SSLEngineImpl.setEnabledCipherSuites(SSLEngineImpl.java:2038)
	at io.netty.handler.ssl.JdkSslContext.configureAndWrapEngine(JdkSslContext.java:341)
	at io.netty.handler.ssl.JdkSslContext.newEngine(JdkSslContext.java:331)
	at io.netty.handler.ssl.SslContext.newHandler(SslContext.java:956)
	at io.netty.handler.ssl.SslContext.newHandler(SslContext.java:948)
	at org.apache.zookeeper.server.NettyServerCnxnFactory.initSSL(NettyServerCnxnFactory.java:575)
	at org.apache.zookeeper.server.NettyServerCnxnFactory.access$1300(NettyServerCnxnFactory.java:80)
	at org.apache.zookeeper.server.NettyServerCnxnFactory$1.initChannel(NettyServerCnxnFactory.java:540)
	at org.apache.zookeeper.server.NettyServerCnxnFactory$1.initChannel(NettyServerCnxnFactory.java:532)
	at io.netty.channel.ChannelInitializer.initChannel(ChannelInitializer.java:129)
	at io.netty.channel.ChannelInitializer.handlerAdded(ChannelInitializer.java:112)
	at io.netty.channel.AbstractChannelHandlerContext.callHandlerAdded(AbstractChannelHandlerContext.java:938)
	at io.netty.channel.DefaultChannelPipeline.callHandlerAdded0(DefaultChannelPipeline.java:609)
	at io.netty.channel.DefaultChannelPipeline.access$100(DefaultChannelPipeline.java:46)
	at io.netty.channel.DefaultChannelPipeline$PendingHandlerAddedTask.execute(DefaultChannelPipeline.java:1463)
	at io.netty.channel.DefaultChannelPipeline.callHandlerAddedForAllHandlers(DefaultChannelPipeline.java:1115)
	at io.netty.channel.DefaultChannelPipeline.invokeHandlerAddedIfNeeded(DefaultChannelPipeline.java:650)
	at io.netty.channel.AbstractChannel$AbstractUnsafe.register0(AbstractChannel.java:502)
	at io.netty.channel.AbstractChannel$AbstractUnsafe.access$200(AbstractChannel.java:417)
	at io.netty.channel.AbstractChannel$AbstractUnsafe$1.run(AbstractChannel.java:474)
	at io.netty.util.concurrent.AbstractEventExecutor.safeExecute(AbstractEventExecutor.java:164)
	at io.netty.util.concurrent.SingleThreadEventExecutor.runAllTasks(SingleThreadEventExecutor.java:472)
	at io.netty.channel.nio.NioEventLoop.run(NioEventLoop.java:500)
	at io.netty.util.concurrent.SingleThreadEventExecutor$4.run(SingleThreadEventExecutor.java:989)
	at io.netty.util.internal.ThreadExecutorMap$2.run(ThreadExecutorMap.java:74)
	at io.netty.util.concurrent.FastThreadLocalRunnable.run(FastThreadLocalRunnable.java:30)
	at java.lang.Thread.run(Thread.java:745)
nioEventLoopGroup-12-1, called closeOutbound()
nioEventLoopGroup-12-1, closeOutboundInternal()
nioEventLoopGroup-12-1, SEND TLSv1.2 ALERT:  warning, description = close_notify
nioEventLoopGroup-12-1, WRITE: TLSv1.2 Alert, length = 2
nioEventLoopGroup-12-1, called closeInbound()
nioEventLoopGroup-12-1, fatal error: 80: Inbound closed before receiving peer's close_notify: possible truncation attack?
javax.net.ssl.SSLException: Inbound closed before receiving peer's close_notify: possible truncation attack?
nioEventLoopGroup-12-1, SEND TLSv1.2 ALERT:  fatal, description = internal_error
nioEventLoopGroup-12-1, Exception sending alert: java.io.IOException: writer side was already closed.
2021-11-08 11:08:19,168 [myid:127.0.0.1:30075] - INFO  [nioEventLoopGroup-12-1:ClientCnxnSocketNetty$ZKClientHandler@469] - channel is disconnected: [id: 0xedb90eb9, L:/127.0.0.1:2135 ! R:xmind.net/127.0.0.1:30075]
2021-11-08 11:08:19,168 [myid:127.0.0.1:30075] - INFO  [nioEventLoopGroup-12-1:ClientCnxnSocketNetty@249] - channel is told closing
2021-11-08 11:08:19,169 [myid:127.0.0.1:30075] - WARN  [main-SendThread(127.0.0.1:30075):ClientCnxn$SendThread@1290] - Session 0x0 for sever xmind.net/127.0.0.1:30075, Closing socket connection. Attempting reconnect except it is a SessionExpiredException.
EndOfStreamException: channel for sessionid 0x0 is lost
	at org.apache.zookeeper.ClientCnxnSocketNetty.doTransport(ClientCnxnSocketNetty.java:285)
	at org.apache.zookeeper.ClientCnxn$SendThread.run(ClientCnxn.java:1280)
2021-11-08 11:08:21,141 [myid:127.0.0.1:30075] - INFO  [main-SendThread(127.0.0.1:30075):ClientCnxn$SendThread@1171] - Opening socket connection to server xmind.net/127.0.0.1:30075.
2021-11-08 11:08:21,141 [myid:127.0.0.1:30075] - INFO  [main-SendThread(127.0.0.1:30075):ClientCnxn$SendThread@1173] - SASL config status: Will not attempt to authenticate using SASL (unknown error)
adding as trusted cert:
  Subject: CN=localhost, OU=ZooKeeper, O=Apache, L=Unknown, ST=Unknown, C=Unknown
  Issuer:  CN=localhost, OU=ZooKeeper, O=Apache, L=Unknown, ST=Unknown, C=Unknown
  Algorithm: RSA; Serial number: 0x7334b506
  Valid from Sat Jan 31 02:57:30 CST 2015 until Wed Feb 08 02:57:30 CST 3015

trigger seeding of SecureRandom
done seeding SecureRandom
Using SSLEngineImpl.
Ignoring unavailable cipher suite: TLS_DHE_DSS_WITH_AES_256_GCM_SHA384
Ignoring unavailable cipher suite: TLS_RSA_WITH_AES_256_CBC_SHA
Ignoring unavailable cipher suite: TLS_DHE_RSA_WITH_AES_256_GCM_SHA384
Ignoring unavailable cipher suite: TLS_ECDH_ECDSA_WITH_AES_256_CBC_SHA
Ignoring unavailable cipher suite: TLS_ECDHE_ECDSA_WITH_AES_256_GCM_SHA384
Ignoring unavailable cipher suite: TLS_RSA_WITH_AES_256_CBC_SHA256
Ignoring unavailable cipher suite: TLS_DHE_DSS_WITH_AES_256_CBC_SHA
Ignoring unavailable cipher suite: TLS_ECDH_ECDSA_WITH_AES_256_GCM_SHA384
Ignoring unavailable cipher suite: TLS_ECDH_RSA_WITH_AES_256_CBC_SHA384
Ignoring unavailable cipher suite: TLS_RSA_WITH_AES_256_GCM_SHA384
Ignoring unavailable cipher suite: TLS_ECDH_ECDSA_WITH_AES_256_CBC_SHA384
Ignoring unavailable cipher suite: TLS_ECDHE_RSA_WITH_AES_256_CBC_SHA384
Ignoring unavailable cipher suite: TLS_ECDH_RSA_WITH_AES_256_CBC_SHA
Ignoring unavailable cipher suite: TLS_ECDH_RSA_WITH_AES_256_GCM_SHA384
Ignoring unavailable cipher suite: TLS_ECDHE_ECDSA_WITH_AES_256_CBC_SHA384
Ignoring unavailable cipher suite: TLS_DHE_RSA_WITH_AES_256_CBC_SHA256
Ignoring unavailable cipher suite: TLS_ECDHE_ECDSA_WITH_AES_256_CBC_SHA
Ignoring unavailable cipher suite: TLS_DHE_DSS_WITH_AES_256_CBC_SHA256
Ignoring unavailable cipher suite: TLS_DHE_RSA_WITH_AES_256_CBC_SHA
Ignoring unavailable cipher suite: TLS_ECDHE_RSA_WITH_AES_256_CBC_SHA
Ignoring unavailable cipher suite: TLS_ECDHE_RSA_WITH_AES_256_GCM_SHA384
2021-11-08 11:08:21,142 [myid:127.0.0.1:30075] - INFO  [nioEventLoopGroup-12-1:ClientCnxnSocketNetty$ZKClientPipelineFactory@454] - SSL handler added for channel: [id: 0x5c3f3eaa]
2021-11-08 11:08:21,143 [myid:127.0.0.1:30075] - INFO  [nioEventLoopGroup-12-1:ClientCnxn$SendThread@1005] - Socket connection established, initiating session, client: /127.0.0.1:2155, server: xmind.net/127.0.0.1:30075
2021-11-08 11:08:21,143 [myid:127.0.0.1:30075] - INFO  [nioEventLoopGroup-12-1:ClientCnxnSocketNetty$1@184] - channel is connected: [id: 0x5c3f3eaa, L:/127.0.0.1:2155 - R:xmind.net/127.0.0.1:30075]
Allow unsafe renegotiation: false
Allow legacy hello messages: true
Is initial handshake: true
Is secure renegotiation: false
Ignoring unsupported cipher suite: TLS_ECDHE_ECDSA_WITH_AES_128_CBC_SHA256 for TLSv1
Ignoring unsupported cipher suite: TLS_ECDHE_RSA_WITH_AES_128_CBC_SHA256 for TLSv1
Ignoring unsupported cipher suite: TLS_RSA_WITH_AES_128_CBC_SHA256 for TLSv1
Ignoring unsupported cipher suite: TLS_ECDH_ECDSA_WITH_AES_128_CBC_SHA256 for TLSv1
Ignoring unsupported cipher suite: TLS_ECDH_RSA_WITH_AES_128_CBC_SHA256 for TLSv1
Ignoring unsupported cipher suite: TLS_DHE_RSA_WITH_AES_128_CBC_SHA256 for TLSv1
Ignoring unsupported cipher suite: TLS_DHE_DSS_WITH_AES_128_CBC_SHA256 for TLSv1
Ignoring unsupported cipher suite: TLS_ECDHE_ECDSA_WITH_AES_128_CBC_SHA256 for TLSv1.1
Ignoring unsupported cipher suite: TLS_ECDHE_RSA_WITH_AES_128_CBC_SHA256 for TLSv1.1
Ignoring unsupported cipher suite: TLS_RSA_WITH_AES_128_CBC_SHA256 for TLSv1.1
Ignoring unsupported cipher suite: TLS_ECDH_ECDSA_WITH_AES_128_CBC_SHA256 for TLSv1.1
Ignoring unsupported cipher suite: TLS_ECDH_RSA_WITH_AES_128_CBC_SHA256 for TLSv1.1
Ignoring unsupported cipher suite: TLS_DHE_RSA_WITH_AES_128_CBC_SHA256 for TLSv1.1
Ignoring unsupported cipher suite: TLS_DHE_DSS_WITH_AES_128_CBC_SHA256 for TLSv1.1
%% No cached client session
*** ClientHello, TLSv1.2
RandomCookie:  GMT: 1619497893 bytes = { 35, 240, 218, 78, 27, 199, 124, 78, 251, 64, 178, 203, 249, 92, 114, 25, 20, 61, 83, 164, 251, 214, 38, 56, 101, 43, 180, trigger seeding of SecureRandom
95 }
Session ID:  done seeding SecureRandom
{}
Using SSLEngineImpl.
Cipher Suites: [TLS_ECDHE_ECDSA_WITH_AES_128_CBC_SHA256, TLS_ECDHE_RSA_WITH_AES_128_CBC_SHA256, TLS_RSA_WITH_AES_128_CBC_SHA256, TLS_ECDH_ECDSA_WITH_AES_128_CBC_SHA256, TLS_ECDH_RSA_WITH_AES_128_CBC_SHA256, TLS_DHE_RSA_WITH_AES_128_CBC_SHA256, TLS_DHE_DSS_WITH_AES_128_CBC_SHA256, TLS_ECDHE_ECDSA_WITH_AES_128_CBC_SHA, TLS_ECDHE_RSA_WITH_AES_128_CBC_SHA, TLS_RSA_WITH_AES_128_CBC_SHA, TLS_ECDH_ECDSA_WITH_AES_128_CBC_SHA, TLS_ECDH_RSA_WITH_AES_128_CBC_SHA, TLS_DHE_RSA_WITH_AES_128_CBC_SHA, TLS_DHE_DSS_WITH_AES_128_CBC_SHA, TLS_ECDHE_ECDSA_WITH_AES_128_GCM_SHA256, TLS_ECDHE_RSA_WITH_AES_128_GCM_SHA256, TLS_RSA_WITH_AES_128_GCM_SHA256, TLS_ECDH_ECDSA_WITH_AES_128_GCM_SHA256, TLS_ECDH_RSA_WITH_AES_128_GCM_SHA256, TLS_DHE_RSA_WITH_AES_128_GCM_SHA256, TLS_DHE_DSS_WITH_AES_128_GCM_SHA256, TLS_ECDHE_ECDSA_WITH_3DES_EDE_CBC_SHA, TLS_ECDHE_RSA_WITH_3DES_EDE_CBC_SHA, SSL_RSA_WITH_3DES_EDE_CBC_SHA, TLS_ECDH_ECDSA_WITH_3DES_EDE_CBC_SHA, TLS_ECDH_RSA_WITH_3DES_EDE_CBC_SHA, SSL_DHE_RSA_WITH_3DES_EDE_CBC_SHA, SSL_DHE_DSS_WITH_3DES_EDE_CBC_SHA, TLS_ECDHE_ECDSA_WITH_RC4_128_SHA, TLS_ECDHE_RSA_WITH_RC4_128_SHA, SSL_RSA_WITH_RC4_128_SHA, TLS_ECDH_ECDSA_WITH_RC4_128_SHA, TLS_ECDH_RSA_WITH_RC4_128_SHA, SSL_RSA_WITH_RC4_128_MD5, TLS_EMPTY_RENEGOTIATION_INFO_SCSV]
Compression Methods:  { 0 }
Ignoring unavailable cipher suite: TLS_DHE_DSS_WITH_AES_256_GCM_SHA384
Extension elliptic_curves, curve names: {secp256r1, sect163k1, sect163r2, secp192r1, secp224r1, sect233k1, sect233r1, sect283k1, sect283r1, secp384r1, sect409k1, sect409r1, secp521r1, sect571k1, sect571r1, secp160k1, secp160r1, secp160r2, sect163r1, secp192k1, sect193r1, sect193r2, secp224k1, sect239k1, secp256k1}
Ignoring unavailable cipher suite: TLS_RSA_WITH_AES_256_CBC_SHA
Extension ec_point_formats, formats: [uncompressed]
Extension signature_algorithms, signature_algorithms: SHA512withECDSA, SHA512withRSA, SHA384withECDSA, SHA384withRSA, SHA256withECDSA, SHA256withRSA, SHA224withECDSA, SHA224withRSA, SHA1withECDSA, SHA1withRSA, SHA1withDSA, MD5withRSA
Extension server_name, server_name: [type=host_name (0), value=xmind.net]
***
nioEventLoopGroup-12-1, WRITE: TLSv1.2 Handshake, length = 225
Ignoring unavailable cipher suite: TLS_DHE_RSA_WITH_AES_256_GCM_SHA384
Ignoring unavailable cipher suite: TLS_ECDH_ECDSA_WITH_AES_256_CBC_SHA
Ignoring unavailable cipher suite: TLS_ECDHE_ECDSA_WITH_AES_256_GCM_SHA384
Ignoring unavailable cipher suite: TLS_RSA_WITH_AES_256_CBC_SHA256
Ignoring unavailable cipher suite: TLS_DHE_DSS_WITH_AES_256_CBC_SHA
Ignoring unavailable cipher suite: TLS_ECDH_ECDSA_WITH_AES_256_GCM_SHA384
Ignoring unavailable cipher suite: TLS_ECDH_RSA_WITH_AES_256_CBC_SHA384
Ignoring unavailable cipher suite: TLS_RSA_WITH_AES_256_GCM_SHA384
Ignoring unavailable cipher suite: TLS_ECDH_ECDSA_WITH_AES_256_CBC_SHA384
Ignoring unavailable cipher suite: TLS_ECDHE_RSA_WITH_AES_256_CBC_SHA384
Ignoring unavailable cipher suite: TLS_ECDH_RSA_WITH_AES_256_CBC_SHA
Ignoring unavailable cipher suite: TLS_ECDH_RSA_WITH_AES_256_GCM_SHA384
Ignoring unavailable cipher suite: TLS_ECDHE_ECDSA_WITH_AES_256_CBC_SHA384
Ignoring unavailable cipher suite: TLS_DHE_RSA_WITH_AES_256_CBC_SHA256
Ignoring unavailable cipher suite: TLS_ECDHE_ECDSA_WITH_AES_256_CBC_SHA
Ignoring unavailable cipher suite: TLS_DHE_DSS_WITH_AES_256_CBC_SHA256
Ignoring unavailable cipher suite: TLS_DHE_RSA_WITH_AES_256_CBC_SHA
Ignoring unavailable cipher suite: TLS_ECDHE_RSA_WITH_AES_256_CBC_SHA
Ignoring unavailable cipher suite: TLS_ECDHE_RSA_WITH_AES_256_GCM_SHA384
2021-11-08 11:08:21,144 [myid:] - WARN  [nioEventLoopGroup-11-9:ChannelInitializer@97] - Failed to initialize a channel. Closing: [id: 0xa880a5bd, L:/127.0.0.1:30075 - R:/127.0.0.1:2155]
java.lang.IllegalArgumentException: Cannot support TLS_ECDHE_ECDSA_WITH_AES_256_CBC_SHA384 with currently installed providers
	at sun.security.ssl.CipherSuiteList.<init>(CipherSuiteList.java:92)
	at sun.security.ssl.SSLEngineImpl.setEnabledCipherSuites(SSLEngineImpl.java:2038)
	at io.netty.handler.ssl.JdkSslContext.configureAndWrapEngine(JdkSslContext.java:341)
	at io.netty.handler.ssl.JdkSslContext.newEngine(JdkSslContext.java:331)
	at io.netty.handler.ssl.SslContext.newHandler(SslContext.java:956)
	at io.netty.handler.ssl.SslContext.newHandler(SslContext.java:948)
	at org.apache.zookeeper.server.NettyServerCnxnFactory.initSSL(NettyServerCnxnFactory.java:575)
	at org.apache.zookeeper.server.NettyServerCnxnFactory.access$1300(NettyServerCnxnFactory.java:80)
	at org.apache.zookeeper.server.NettyServerCnxnFactory$1.initChannel(NettyServerCnxnFactory.java:540)
	at org.apache.zookeeper.server.NettyServerCnxnFactory$1.initChannel(NettyServerCnxnFactory.java:532)
	at io.netty.channel.ChannelInitializer.initChannel(ChannelInitializer.java:129)
	at io.netty.channel.ChannelInitializer.handlerAdded(ChannelInitializer.java:112)
	at io.netty.channel.AbstractChannelHandlerContext.callHandlerAdded(AbstractChannelHandlerContext.java:938)
	at io.netty.channel.DefaultChannelPipeline.callHandlerAdded0(DefaultChannelPipeline.java:609)
	at io.netty.channel.DefaultChannelPipeline.access$100(DefaultChannelPipeline.java:46)
	at io.netty.channel.DefaultChannelPipeline$PendingHandlerAddedTask.execute(DefaultChannelPipeline.java:1463)
	at io.netty.channel.DefaultChannelPipeline.callHandlerAddedForAllHandlers(DefaultChannelPipeline.java:1115)
	at io.netty.channel.DefaultChannelPipeline.invokeHandlerAddedIfNeeded(DefaultChannelPipeline.java:650)
	at io.netty.channel.AbstractChannel$AbstractUnsafe.register0(AbstractChannel.java:502)
	at io.netty.channel.AbstractChannel$AbstractUnsafe.access$200(AbstractChannel.java:417)
	at io.netty.channel.AbstractChannel$AbstractUnsafe$1.run(AbstractChannel.java:474)
	at io.netty.util.concurrent.AbstractEventExecutor.safeExecute(AbstractEventExecutor.java:164)
	at io.netty.util.concurrent.SingleThreadEventExecutor.runAllTasks(SingleThreadEventExecutor.java:472)
	at io.netty.channel.nio.NioEventLoop.run(NioEventLoop.java:500)
	at io.netty.util.concurrent.SingleThreadEventExecutor$4.run(SingleThreadEventExecutor.java:989)
	at io.netty.util.internal.ThreadExecutorMap$2.run(ThreadExecutorMap.java:74)
	at io.netty.util.concurrent.FastThreadLocalRunnable.run(FastThreadLocalRunnable.java:30)
	at java.lang.Thread.run(Thread.java:745)
nioEventLoopGroup-12-1, called closeOutbound()
nioEventLoopGroup-12-1, closeOutboundInternal()
nioEventLoopGroup-12-1, SEND TLSv1.2 ALERT:  warning, description = close_notify
nioEventLoopGroup-12-1, WRITE: TLSv1.2 Alert, length = 2
nioEventLoopGroup-12-1, called closeInbound()
nioEventLoopGroup-12-1, fatal error: 80: Inbound closed before receiving peer's close_notify: possible truncation attack?
javax.net.ssl.SSLException: Inbound closed before receiving peer's close_notify: possible truncation attack?
nioEventLoopGroup-12-1, SEND TLSv1.2 ALERT:  fatal, description = internal_error
nioEventLoopGroup-12-1, Exception sending alert: java.io.IOException: writer side was already closed.
2021-11-08 11:08:21,145 [myid:127.0.0.1:30075] - INFO  [nioEventLoopGroup-12-1:ClientCnxnSocketNetty$ZKClientHandler@469] - channel is disconnected: [id: 0x5c3f3eaa, L:/127.0.0.1:2155 ! R:xmind.net/127.0.0.1:30075]
2021-11-08 11:08:21,145 [myid:127.0.0.1:30075] - INFO  [nioEventLoopGroup-12-1:ClientCnxnSocketNetty@249] - channel is told closing
2021-11-08 11:08:21,145 [myid:127.0.0.1:30075] - WARN  [main-SendThread(127.0.0.1:30075):ClientCnxn$SendThread@1290] - Session 0x0 for sever xmind.net/127.0.0.1:30075, Closing socket connection. Attempting reconnect except it is a SessionExpiredException.
EndOfStreamException: channel for sessionid 0x0 is lost
	at org.apache.zookeeper.ClientCnxnSocketNetty.doTransport(ClientCnxnSocketNetty.java:285)
	at org.apache.zookeeper.ClientCnxn$SendThread.run(ClientCnxn.java:1280)
2021-11-08 11:08:23,054 [myid:127.0.0.1:30075] - INFO  [main-SendThread(127.0.0.1:30075):ClientCnxn$SendThread@1171] - Opening socket connection to server xmind.net/127.0.0.1:30075.
2021-11-08 11:08:23,054 [myid:127.0.0.1:30075] - INFO  [main-SendThread(127.0.0.1:30075):ClientCnxn$SendThread@1173] - SASL config status: Will not attempt to authenticate using SASL (unknown error)
adding as trusted cert:
  Subject: CN=localhost, OU=ZooKeeper, O=Apache, L=Unknown, ST=Unknown, C=Unknown
  Issuer:  CN=localhost, OU=ZooKeeper, O=Apache, L=Unknown, ST=Unknown, C=Unknown
  Algorithm: RSA; Serial number: 0x7334b506
  Valid from Sat Jan 31 02:57:30 CST 2015 until Wed Feb 08 02:57:30 CST 3015

trigger seeding of SecureRandom
done seeding SecureRandom
Using SSLEngineImpl.
Ignoring unavailable cipher suite: TLS_DHE_DSS_WITH_AES_256_GCM_SHA384
Ignoring unavailable cipher suite: TLS_RSA_WITH_AES_256_CBC_SHA
Ignoring unavailable cipher suite: TLS_DHE_RSA_WITH_AES_256_GCM_SHA384
Ignoring unavailable cipher suite: TLS_ECDH_ECDSA_WITH_AES_256_CBC_SHA
Ignoring unavailable cipher suite: TLS_ECDHE_ECDSA_WITH_AES_256_GCM_SHA384
Ignoring unavailable cipher suite: TLS_RSA_WITH_AES_256_CBC_SHA256
Ignoring unavailable cipher suite: TLS_DHE_DSS_WITH_AES_256_CBC_SHA
Ignoring unavailable cipher suite: TLS_ECDH_ECDSA_WITH_AES_256_GCM_SHA384
Ignoring unavailable cipher suite: TLS_ECDH_RSA_WITH_AES_256_CBC_SHA384
Ignoring unavailable cipher suite: TLS_RSA_WITH_AES_256_GCM_SHA384
Ignoring unavailable cipher suite: TLS_ECDH_ECDSA_WITH_AES_256_CBC_SHA384
Ignoring unavailable cipher suite: TLS_ECDHE_RSA_WITH_AES_256_CBC_SHA384
Ignoring unavailable cipher suite: TLS_ECDH_RSA_WITH_AES_256_CBC_SHA
Ignoring unavailable cipher suite: TLS_ECDH_RSA_WITH_AES_256_GCM_SHA384
Ignoring unavailable cipher suite: TLS_ECDHE_ECDSA_WITH_AES_256_CBC_SHA384
Ignoring unavailable cipher suite: TLS_DHE_RSA_WITH_AES_256_CBC_SHA256
Ignoring unavailable cipher suite: TLS_ECDHE_ECDSA_WITH_AES_256_CBC_SHA
Ignoring unavailable cipher suite: TLS_DHE_DSS_WITH_AES_256_CBC_SHA256
Ignoring unavailable cipher suite: TLS_DHE_RSA_WITH_AES_256_CBC_SHA
Ignoring unavailable cipher suite: TLS_ECDHE_RSA_WITH_AES_256_CBC_SHA
Ignoring unavailable cipher suite: TLS_ECDHE_RSA_WITH_AES_256_GCM_SHA384
2021-11-08 11:08:23,056 [myid:127.0.0.1:30075] - INFO  [nioEventLoopGroup-12-1:ClientCnxnSocketNetty$ZKClientPipelineFactory@454] - SSL handler added for channel: [id: 0xee419e85]
2021-11-08 11:08:23,056 [myid:127.0.0.1:30075] - INFO  [nioEventLoopGroup-12-1:ClientCnxn$SendThread@1005] - Socket connection established, initiating session, client: /127.0.0.1:2186, server: xmind.net/127.0.0.1:30075
2021-11-08 11:08:23,056 [myid:127.0.0.1:30075] - INFO  [nioEventLoopGroup-12-1:ClientCnxnSocketNetty$1@184] - channel is connected: [id: 0xee419e85, L:/127.0.0.1:2186 - R:xmind.net/127.0.0.1:30075]
Allow unsafe renegotiation: false
Allow legacy hello messages: true
Is initial handshake: true
Is secure renegotiation: false
Ignoring unsupported cipher suite: TLS_ECDHE_ECDSA_WITH_AES_128_CBC_SHA256 for TLSv1
Ignoring unsupported cipher suite: TLS_ECDHE_RSA_WITH_AES_128_CBC_SHA256 for TLSv1
Ignoring unsupported cipher suite: TLS_RSA_WITH_AES_128_CBC_SHA256 for TLSv1
Ignoring unsupported cipher suite: TLS_ECDH_ECDSA_WITH_AES_128_CBC_SHA256 for TLSv1
Ignoring unsupported cipher suite: TLS_ECDH_RSA_WITH_AES_128_CBC_SHA256 for TLSv1
Ignoring unsupported cipher suite: TLS_DHE_RSA_WITH_AES_128_CBC_SHA256 for TLSv1
Ignoring unsupported cipher suite: TLS_DHE_DSS_WITH_AES_128_CBC_SHA256 for TLSv1
Ignoring unsupported cipher suite: TLS_ECDHE_ECDSA_WITH_AES_128_CBC_SHA256 for TLSv1.1
Ignoring unsupported cipher suite: TLS_ECDHE_RSA_WITH_AES_128_CBC_SHA256 for TLSv1.1
Ignoring unsupported cipher suite: TLS_RSA_WITH_AES_128_CBC_SHA256 for TLSv1.1
Ignoring unsupported cipher suite: TLS_ECDH_ECDSA_WITH_AES_128_CBC_SHA256 for TLSv1.1
Ignoring unsupported cipher suite: TLS_ECDH_RSA_WITH_AES_128_CBC_SHA256 for TLSv1.1
Ignoring unsupported cipher suite: TLS_DHE_RSA_WITH_AES_128_CBC_SHA256 for TLSv1.1
Ignoring unsupported cipher suite: TLS_DHE_DSS_WITH_AES_128_CBC_SHA256 for TLSv1.1
%% No cached client session
*** ClientHello, TLSv1.2
RandomCookie:  GMT: 1619497895 bytes = { 203, 251, 127, 204, 135, 198, 80, 158, 40, 107, 81, 247, 151, 74, 239, 96, 138, 72, 233, 212, 2, 11, 183, 205, 13, 189, 154, 147 }
Session ID:  {}
Cipher Suites: [TLS_ECDHE_ECDSA_WITH_AES_128_CBC_SHA256, TLS_ECDHE_RSA_WITH_AES_128_CBC_SHA256, TLS_RSA_WITH_AES_128_CBC_SHA256, TLS_ECDH_ECDSA_WITH_AES_128_CBC_SHA256, TLS_ECDH_RSA_WITH_AES_128_CBC_SHA256, TLS_DHE_RSA_WITH_AES_128_CBC_SHA256, TLS_DHE_DSS_WITH_AES_128_CBC_SHA256, TLS_ECDHE_ECDSA_WITH_AES_128_CBC_SHA, TLS_ECDHE_RSA_WITH_AES_128_CBC_SHA, TLS_RSA_WITH_AES_128_CBC_SHA, TLS_ECDH_ECDSA_WITH_AES_128_CBC_SHA, TLS_ECDH_RSA_WITH_AES_128_CBC_SHA, TLS_DHE_RSA_WITH_AES_128_CBC_SHA, TLS_DHE_DSS_WITH_AES_128_CBC_SHA, TLS_ECDHE_ECDSA_WITH_AES_128_GCM_SHA256, TLS_ECDHE_RSA_WITH_AES_128_GCM_SHA256, TLS_RSA_WITH_AES_128_GCM_SHA256, TLS_ECDH_ECDSA_WITH_AES_128_GCM_SHA256, TLS_ECDH_RSA_WITH_AES_128_GCM_SHA256, TLS_DHE_RSA_WITH_AES_128_GCM_SHA256, TLS_DHE_DSS_WITH_AES_128_GCM_SHA256, TLS_ECDHE_ECDSA_WITH_3DES_EDE_CBC_SHA, TLS_ECDHE_RSA_WITH_3DES_EDE_CBC_SHA, SSL_RSA_WITH_3DES_EDE_CBC_SHA, TLS_ECDH_ECDSA_WITH_3DES_EDE_CBC_SHA, TLS_ECDH_RSA_WITH_3DES_EDE_CBC_SHA, SSL_DHE_RSA_WITH_3DES_EDE_CBC_SHA, SSL_DHE_DSS_WITH_3DES_EDE_CBC_SHA, TLS_ECDHE_ECDSA_WITH_RC4_128_SHA, TLS_ECDHE_RSA_WITH_RC4_128_SHA, SSL_RSA_WITH_RC4_128_SHA, TLS_ECDH_ECDSA_WITH_RC4_128_SHA, TLS_ECDH_RSA_WITH_RC4_128_SHA, SSL_RSA_WITH_RC4_128_MD5, TLS_EMPTY_RENEGOTIATION_INFO_SCSV]
Compression Methods:  { 0 }
trigger seeding of SecureRandom
done seeding SecureRandom
Using SSLEngineImpl.
Extension elliptic_curves, curve names: {secp256r1, sect163k1, sect163r2, secp192r1, secp224r1, sect233k1, sect233r1, sect283k1, sect283r1, secp384r1, sect409k1, sect409r1, secp521r1, sect571k1, sect571r1, secp160k1, secp160r1, secp160r2, sect163r1, secp192k1, sect193r1, sect193r2, secp224k1, sect239k1, secp256k1}
Extension ec_point_formats, formats: [uncompressed]
Ignoring unavailable cipher suite: TLS_DHE_DSS_WITH_AES_256_GCM_SHA384
Extension signature_algorithms, signature_algorithms: SHA512withECDSA, SHA512withRSA, SHA384withECDSA, SHA384withRSA, SHA256withECDSA, SHA256withRSA, SHA224withECDSA, SHA224withRSA, SHA1withECDSA, SHA1withRSA, SHA1withDSA, MD5withRSA
Extension server_name, server_name: [type=host_name (0), value=xmind.net]
***
nioEventLoopGroup-12-1, WRITE: TLSv1.2 Handshake, length = 225
Ignoring unavailable cipher suite: TLS_RSA_WITH_AES_256_CBC_SHA
Ignoring unavailable cipher suite: TLS_DHE_RSA_WITH_AES_256_GCM_SHA384
Ignoring unavailable cipher suite: TLS_ECDH_ECDSA_WITH_AES_256_CBC_SHA
Ignoring unavailable cipher suite: TLS_ECDHE_ECDSA_WITH_AES_256_GCM_SHA384
Ignoring unavailable cipher suite: TLS_RSA_WITH_AES_256_CBC_SHA256
Ignoring unavailable cipher suite: TLS_DHE_DSS_WITH_AES_256_CBC_SHA
Ignoring unavailable cipher suite: TLS_ECDH_ECDSA_WITH_AES_256_GCM_SHA384
Ignoring unavailable cipher suite: TLS_ECDH_RSA_WITH_AES_256_CBC_SHA384
Ignoring unavailable cipher suite: TLS_RSA_WITH_AES_256_GCM_SHA384
Ignoring unavailable cipher suite: TLS_ECDH_ECDSA_WITH_AES_256_CBC_SHA384
Ignoring unavailable cipher suite: TLS_ECDHE_RSA_WITH_AES_256_CBC_SHA384
Ignoring unavailable cipher suite: TLS_ECDH_RSA_WITH_AES_256_CBC_SHA
Ignoring unavailable cipher suite: TLS_ECDH_RSA_WITH_AES_256_GCM_SHA384
Ignoring unavailable cipher suite: TLS_ECDHE_ECDSA_WITH_AES_256_CBC_SHA384
Ignoring unavailable cipher suite: TLS_DHE_RSA_WITH_AES_256_CBC_SHA256
Ignoring unavailable cipher suite: TLS_ECDHE_ECDSA_WITH_AES_256_CBC_SHA
Ignoring unavailable cipher suite: TLS_DHE_DSS_WITH_AES_256_CBC_SHA256
Ignoring unavailable cipher suite: TLS_DHE_RSA_WITH_AES_256_CBC_SHA
Ignoring unavailable cipher suite: TLS_ECDHE_RSA_WITH_AES_256_CBC_SHA
Ignoring unavailable cipher suite: TLS_ECDHE_RSA_WITH_AES_256_GCM_SHA384
2021-11-08 11:08:23,057 [myid:] - WARN  [nioEventLoopGroup-11-10:ChannelInitializer@97] - Failed to initialize a channel. Closing: [id: 0x0dd1eeaf, L:/127.0.0.1:30075 - R:/127.0.0.1:2186]
java.lang.IllegalArgumentException: Cannot support TLS_ECDHE_ECDSA_WITH_AES_256_CBC_SHA384 with currently installed providers
	at sun.security.ssl.CipherSuiteList.<init>(CipherSuiteList.java:92)
	at sun.security.ssl.SSLEngineImpl.setEnabledCipherSuites(SSLEngineImpl.java:2038)
	at io.netty.handler.ssl.JdkSslContext.configureAndWrapEngine(JdkSslContext.java:341)
	at io.netty.handler.ssl.JdkSslContext.newEngine(JdkSslContext.java:331)
	at io.netty.handler.ssl.SslContext.newHandler(SslContext.java:956)
	at io.netty.handler.ssl.SslContext.newHandler(SslContext.java:948)
	at org.apache.zookeeper.server.NettyServerCnxnFactory.initSSL(NettyServerCnxnFactory.java:575)
	at org.apache.zookeeper.server.NettyServerCnxnFactory.access$1300(NettyServerCnxnFactory.java:80)
	at org.apache.zookeeper.server.NettyServerCnxnFactory$1.initChannel(NettyServerCnxnFactory.java:540)
	at org.apache.zookeeper.server.NettyServerCnxnFactory$1.initChannel(NettyServerCnxnFactory.java:532)
	at io.netty.channel.ChannelInitializer.initChannel(ChannelInitializer.java:129)
	at io.netty.channel.ChannelInitializer.handlerAdded(ChannelInitializer.java:112)
	at io.netty.channel.AbstractChannelHandlerContext.callHandlerAdded(AbstractChannelHandlerContext.java:938)
	at io.netty.channel.DefaultChannelPipeline.callHandlerAdded0(DefaultChannelPipeline.java:609)
	at io.netty.channel.DefaultChannelPipeline.access$100(DefaultChannelPipeline.java:46)
	at io.netty.channel.DefaultChannelPipeline$PendingHandlerAddedTask.execute(DefaultChannelPipeline.java:1463)
	at io.netty.channel.DefaultChannelPipeline.callHandlerAddedForAllHandlers(DefaultChannelPipeline.java:1115)
	at io.netty.channel.DefaultChannelPipeline.invokeHandlerAddedIfNeeded(DefaultChannelPipeline.java:650)
	at io.netty.channel.AbstractChannel$AbstractUnsafe.register0(AbstractChannel.java:502)
	at io.netty.channel.AbstractChannel$AbstractUnsafe.access$200(AbstractChannel.java:417)
	at io.netty.channel.AbstractChannel$AbstractUnsafe$1.run(AbstractChannel.java:474)
	at io.netty.util.concurrent.AbstractEventExecutor.safeExecute(AbstractEventExecutor.java:164)
	at io.netty.util.concurrent.SingleThreadEventExecutor.runAllTasks(SingleThreadEventExecutor.java:472)
	at io.netty.channel.nio.NioEventLoop.run(NioEventLoop.java:500)
	at io.netty.util.concurrent.SingleThreadEventExecutor$4.run(SingleThreadEventExecutor.java:989)
	at io.netty.util.internal.ThreadExecutorMap$2.run(ThreadExecutorMap.java:74)
	at io.netty.util.concurrent.FastThreadLocalRunnable.run(FastThreadLocalRunnable.java:30)
	at java.lang.Thread.run(Thread.java:745)
nioEventLoopGroup-12-1, called closeOutbound()
nioEventLoopGroup-12-1, closeOutboundInternal()
nioEventLoopGroup-12-1, SEND TLSv1.2 ALERT:  warning, description = close_notify
nioEventLoopGroup-12-1, WRITE: TLSv1.2 Alert, length = 2
nioEventLoopGroup-12-1, called closeInbound()
nioEventLoopGroup-12-1, fatal error: 80: Inbound closed before receiving peer's close_notify: possible truncation attack?
javax.net.ssl.SSLException: Inbound closed before receiving peer's close_notify: possible truncation attack?
nioEventLoopGroup-12-1, SEND TLSv1.2 ALERT:  fatal, description = internal_error
nioEventLoopGroup-12-1, Exception sending alert: java.io.IOException: writer side was already closed.
2021-11-08 11:08:23,058 [myid:127.0.0.1:30075] - INFO  [nioEventLoopGroup-12-1:ClientCnxnSocketNetty$ZKClientHandler@469] - channel is disconnected: [id: 0xee419e85, L:/127.0.0.1:2186 ! R:xmind.net/127.0.0.1:30075]
2021-11-08 11:08:23,058 [myid:127.0.0.1:30075] - INFO  [nioEventLoopGroup-12-1:ClientCnxnSocketNetty@249] - channel is told closing
2021-11-08 11:08:23,058 [myid:127.0.0.1:30075] - WARN  [main-SendThread(127.0.0.1:30075):ClientCnxn$SendThread@1290] - Session 0x0 for sever xmind.net/127.0.0.1:30075, Closing socket connection. Attempting reconnect except it is a SessionExpiredException.
EndOfStreamException: channel for sessionid 0x0 is lost
	at org.apache.zookeeper.ClientCnxnSocketNetty.doTransport(ClientCnxnSocketNetty.java:285)
	at org.apache.zookeeper.ClientCnxn$SendThread.run(ClientCnxn.java:1280)
2021-11-08 11:08:24,787 [myid:127.0.0.1:30075] - INFO  [main-SendThread(127.0.0.1:30075):ClientCnxn$SendThread@1171] - Opening socket connection to server xmind.net/127.0.0.1:30075.
2021-11-08 11:08:24,787 [myid:127.0.0.1:30075] - INFO  [main-SendThread(127.0.0.1:30075):ClientCnxn$SendThread@1173] - SASL config status: Will not attempt to authenticate using SASL (unknown error)
adding as trusted cert:
  Subject: CN=localhost, OU=ZooKeeper, O=Apache, L=Unknown, ST=Unknown, C=Unknown
  Issuer:  CN=localhost, OU=ZooKeeper, O=Apache, L=Unknown, ST=Unknown, C=Unknown
  Algorithm: RSA; Serial number: 0x7334b506
  Valid from Sat Jan 31 02:57:30 CST 2015 until Wed Feb 08 02:57:30 CST 3015

trigger seeding of SecureRandom
done seeding SecureRandom
Using SSLEngineImpl.
Ignoring unavailable cipher suite: TLS_DHE_DSS_WITH_AES_256_GCM_SHA384
Ignoring unavailable cipher suite: TLS_RSA_WITH_AES_256_CBC_SHA
Ignoring unavailable cipher suite: TLS_DHE_RSA_WITH_AES_256_GCM_SHA384
Ignoring unavailable cipher suite: TLS_ECDH_ECDSA_WITH_AES_256_CBC_SHA
Ignoring unavailable cipher suite: TLS_ECDHE_ECDSA_WITH_AES_256_GCM_SHA384
Ignoring unavailable cipher suite: TLS_RSA_WITH_AES_256_CBC_SHA256
Ignoring unavailable cipher suite: TLS_DHE_DSS_WITH_AES_256_CBC_SHA
Ignoring unavailable cipher suite: TLS_ECDH_ECDSA_WITH_AES_256_GCM_SHA384
Ignoring unavailable cipher suite: TLS_ECDH_RSA_WITH_AES_256_CBC_SHA384
Ignoring unavailable cipher suite: TLS_RSA_WITH_AES_256_GCM_SHA384
Ignoring unavailable cipher suite: TLS_ECDH_ECDSA_WITH_AES_256_CBC_SHA384
Ignoring unavailable cipher suite: TLS_ECDHE_RSA_WITH_AES_256_CBC_SHA384
Ignoring unavailable cipher suite: TLS_ECDH_RSA_WITH_AES_256_CBC_SHA
Ignoring unavailable cipher suite: TLS_ECDH_RSA_WITH_AES_256_GCM_SHA384
Ignoring unavailable cipher suite: TLS_ECDHE_ECDSA_WITH_AES_256_CBC_SHA384
Ignoring unavailable cipher suite: TLS_DHE_RSA_WITH_AES_256_CBC_SHA256
Ignoring unavailable cipher suite: TLS_ECDHE_ECDSA_WITH_AES_256_CBC_SHA
Ignoring unavailable cipher suite: TLS_DHE_DSS_WITH_AES_256_CBC_SHA256
Ignoring unavailable cipher suite: TLS_DHE_RSA_WITH_AES_256_CBC_SHA
Ignoring unavailable cipher suite: TLS_ECDHE_RSA_WITH_AES_256_CBC_SHA
Ignoring unavailable cipher suite: TLS_ECDHE_RSA_WITH_AES_256_GCM_SHA384
2021-11-08 11:08:24,789 [myid:127.0.0.1:30075] - INFO  [nioEventLoopGroup-12-1:ClientCnxnSocketNetty$ZKClientPipelineFactory@454] - SSL handler added for channel: [id: 0x90469aff]
2021-11-08 11:08:24,789 [myid:127.0.0.1:30075] - INFO  [nioEventLoopGroup-12-1:ClientCnxn$SendThread@1005] - Socket connection established, initiating session, client: /127.0.0.1:2192, server: xmind.net/127.0.0.1:30075
2021-11-08 11:08:24,789 [myid:127.0.0.1:30075] - INFO  [nioEventLoopGroup-12-1:ClientCnxnSocketNetty$1@184] - channel is connected: [id: 0x90469aff, L:/127.0.0.1:2192 - R:xmind.net/127.0.0.1:30075]
Allow unsafe renegotiation: false
Allow legacy hello messages: true
Is initial handshake: true
Is secure renegotiation: false
Ignoring unsupported cipher suite: TLS_ECDHE_ECDSA_WITH_AES_128_CBC_SHA256 for TLSv1
Ignoring unsupported cipher suite: TLS_ECDHE_RSA_WITH_AES_128_CBC_SHA256 for TLSv1
Ignoring unsupported cipher suite: TLS_RSA_WITH_AES_128_CBC_SHA256 for TLSv1
Ignoring unsupported cipher suite: TLS_ECDH_ECDSA_WITH_AES_128_CBC_SHA256 for TLSv1
Ignoring unsupported cipher suite: TLS_ECDH_RSA_WITH_AES_128_CBC_SHA256 for TLSv1
Ignoring unsupported cipher suite: TLS_DHE_RSA_WITH_AES_128_CBC_SHA256 for TLSv1
Ignoring unsupported cipher suite: TLS_DHE_DSS_WITH_AES_128_CBC_SHA256 for TLSv1
Ignoring unsupported cipher suite: TLS_ECDHE_ECDSA_WITH_AES_128_CBC_SHA256 for TLSv1.1
Ignoring unsupported cipher suite: TLS_ECDHE_RSA_WITH_AES_128_CBC_SHA256 for TLSv1.1
Ignoring unsupported cipher suite: TLS_RSA_WITH_AES_128_CBC_SHA256 for TLSv1.1
Ignoring unsupported cipher suite: TLS_ECDH_ECDSA_WITH_AES_128_CBC_SHA256 for TLSv1.1
Ignoring unsupported cipher suite: TLS_ECDH_RSA_WITH_AES_128_CBC_SHA256 for TLSv1.1
Ignoring unsupported cipher suite: TLS_DHE_RSA_WITH_AES_128_CBC_SHA256 for TLSv1.1
Ignoring unsupported cipher suite: TLS_DHE_DSS_WITH_AES_128_CBC_SHA256 for TLSv1.1
%% No cached client session
*** ClientHello, TLSv1.2
RandomCookie:  GMT: 1619497896 bytes = { 121, 139, 148, 31, 200, 36, 110, 200, 25, 187, 236, 217, 184, 196, 108, 180, 40, 146, 249, 196, 213, 4, 92, 90, 206, 190, 194, 145 }
Session ID:  {}
Cipher Suites: [TLS_ECDHE_ECDSA_WITH_AES_128_CBC_SHA256, TLS_ECDHE_RSA_WITH_AES_128_CBC_SHA256, TLS_RSA_WITH_AES_128_CBC_SHA256, TLS_ECDH_ECDSA_WITH_AES_128_CBC_SHA256, TLS_ECDH_RSA_WITH_AES_128_CBC_SHA256, TLS_DHE_RSA_WITH_AES_128_CBC_SHA256, TLS_DHE_DSS_WITH_AES_128_CBC_SHA256, TLS_ECDHE_ECDSA_WITH_AES_128_CBC_SHA, TLS_ECDHE_RSA_WITH_AES_128_CBC_SHA, TLS_RSA_WITH_AES_128_CBC_SHA, TLS_ECDH_ECDSA_WITH_AES_128_CBC_SHA, TLS_ECDH_RSA_WITH_AES_128_CBC_SHA, TLS_DHE_RSA_WITH_AES_128_CBC_SHA, TLS_DHE_DSS_WITH_AES_128_CBC_SHA, TLS_ECDHE_ECDSA_WITH_AES_128_GCM_SHA256, TLS_ECDHE_RSA_WITH_AES_128_GCM_SHA256, TLS_RSA_WITH_AES_128_GCM_SHA256, TLS_ECDH_ECDSA_WITH_AES_128_GCM_SHA256, TLS_ECDH_RSA_WITH_AES_128_GCM_SHA256, TLS_DHE_RSA_WITH_AES_128_GCM_SHA256, TLS_DHE_DSS_WITH_AES_128_GCM_SHA256, TLS_ECDHE_ECDSA_WITH_3DES_EDE_CBC_SHA, TLS_ECDHE_RSA_WITH_3DES_EDE_CBC_SHA, SSL_RSA_WITH_3DES_EDE_CBC_SHA, TLS_ECDH_ECDSA_WITH_3DES_EDE_CBC_SHA, TLS_ECDH_RSA_WITH_3DES_EDE_CBC_SHA, SSL_DHE_RSA_WITH_3DES_EDE_CBC_SHA, SSL_DHE_DSS_WITH_3DES_EDE_CBC_SHA, TLS_ECDHE_ECDSA_WITH_RC4_128_SHA, TLS_ECDHE_RSA_WITH_RC4_128_SHA, SSL_RSA_WITH_RC4_128_SHA, TLS_ECDH_ECDSA_WITH_RC4_128_SHA, TLS_ECDH_RSA_WITH_RC4_128_SHA, SSL_RSA_WITH_RC4_128_MD5, TLS_EMPTY_RENEGOTIATION_INFO_SCSV]
Compression Methods:  { 0 }
Extension elliptic_curves, curve names: {secp256r1, sect163k1, sect163r2, secp192r1, secp224r1, sect233k1, sect233r1, sect283k1, sect283r1, secp384r1, sect409k1, sect409r1, secp521r1, sect571k1, sect571r1, secp160k1, secp160r1, secp160r2, sect163r1, secp192k1, sect193r1, sect193r2, secp224k1, sect239k1, secp256k1}
Extension ec_point_formats, formats: [uncompressed]
Extension signature_algorithms, signature_algorithms: SHA512withECDSA, SHA512withRSA, SHA384withECDSA, SHA384withRSA, SHA256withECDSA, SHA256withRSA, SHA224withECDSA, SHA224withRSA, SHA1withECDSA, SHA1withRSA, SHA1withDSA, MD5withRSA
Extension server_name, server_name: [type=host_name (0), value=xmind.net]
***
nioEventLoopGroup-12-1, WRITE: TLSv1.2 Handshake, length = 225
trigger seeding of SecureRandom
done seeding SecureRandom
Using SSLEngineImpl.
Ignoring unavailable cipher suite: TLS_DHE_DSS_WITH_AES_256_GCM_SHA384
Ignoring unavailable cipher suite: TLS_RSA_WITH_AES_256_CBC_SHA
Ignoring unavailable cipher suite: TLS_DHE_RSA_WITH_AES_256_GCM_SHA384
Ignoring unavailable cipher suite: TLS_ECDH_ECDSA_WITH_AES_256_CBC_SHA
Ignoring unavailable cipher suite: TLS_ECDHE_ECDSA_WITH_AES_256_GCM_SHA384
Ignoring unavailable cipher suite: TLS_RSA_WITH_AES_256_CBC_SHA256
Ignoring unavailable cipher suite: TLS_DHE_DSS_WITH_AES_256_CBC_SHA
Ignoring unavailable cipher suite: TLS_ECDH_ECDSA_WITH_AES_256_GCM_SHA384
Ignoring unavailable cipher suite: TLS_ECDH_RSA_WITH_AES_256_CBC_SHA384
Ignoring unavailable cipher suite: TLS_RSA_WITH_AES_256_GCM_SHA384
Ignoring unavailable cipher suite: TLS_ECDH_ECDSA_WITH_AES_256_CBC_SHA384
Ignoring unavailable cipher suite: TLS_ECDHE_RSA_WITH_AES_256_CBC_SHA384
Ignoring unavailable cipher suite: TLS_ECDH_RSA_WITH_AES_256_CBC_SHA
Ignoring unavailable cipher suite: TLS_ECDH_RSA_WITH_AES_256_GCM_SHA384
Ignoring unavailable cipher suite: TLS_ECDHE_ECDSA_WITH_AES_256_CBC_SHA384
Ignoring unavailable cipher suite: TLS_DHE_RSA_WITH_AES_256_CBC_SHA256
Ignoring unavailable cipher suite: TLS_ECDHE_ECDSA_WITH_AES_256_CBC_SHA
Ignoring unavailable cipher suite: TLS_DHE_DSS_WITH_AES_256_CBC_SHA256
Ignoring unavailable cipher suite: TLS_DHE_RSA_WITH_AES_256_CBC_SHA
Ignoring unavailable cipher suite: TLS_ECDHE_RSA_WITH_AES_256_CBC_SHA
Ignoring unavailable cipher suite: TLS_ECDHE_RSA_WITH_AES_256_GCM_SHA384
2021-11-08 11:08:24,790 [myid:] - WARN  [nioEventLoopGroup-11-11:ChannelInitializer@97] - Failed to initialize a channel. Closing: [id: 0x7bc19266, L:/127.0.0.1:30075 - R:/127.0.0.1:2192]
java.lang.IllegalArgumentException: Cannot support TLS_ECDHE_ECDSA_WITH_AES_256_CBC_SHA384 with currently installed providers
	at sun.security.ssl.CipherSuiteList.<init>(CipherSuiteList.java:92)
	at sun.security.ssl.SSLEngineImpl.setEnabledCipherSuites(SSLEngineImpl.java:2038)
	at io.netty.handler.ssl.JdkSslContext.configureAndWrapEngine(JdkSslContext.java:341)
	at io.netty.handler.ssl.JdkSslContext.newEngine(JdkSslContext.java:331)
	at io.netty.handler.ssl.SslContext.newHandler(SslContext.java:956)
	at io.netty.handler.ssl.SslContext.newHandler(SslContext.java:948)
	at org.apache.zookeeper.server.NettyServerCnxnFactory.initSSL(NettyServerCnxnFactory.java:575)
	at org.apache.zookeeper.server.NettyServerCnxnFactory.access$1300(NettyServerCnxnFactory.java:80)
	at org.apache.zookeeper.server.NettyServerCnxnFactory$1.initChannel(NettyServerCnxnFactory.java:540)
	at org.apache.zookeeper.server.NettyServerCnxnFactory$1.initChannel(NettyServerCnxnFactory.java:532)
	at io.netty.channel.ChannelInitializer.initChannel(ChannelInitializer.java:129)
	at io.netty.channel.ChannelInitializer.handlerAdded(ChannelInitializer.java:112)
	at io.netty.channel.AbstractChannelHandlerContext.callHandlerAdded(AbstractChannelHandlerContext.java:938)
	at io.netty.channel.DefaultChannelPipeline.callHandlerAdded0(DefaultChannelPipeline.java:609)
	at io.netty.channel.DefaultChannelPipeline.access$100(DefaultChannelPipeline.java:46)
	at io.netty.channel.DefaultChannelPipeline$PendingHandlerAddedTask.execute(DefaultChannelPipeline.java:1463)
	at io.netty.channel.DefaultChannelPipeline.callHandlerAddedForAllHandlers(DefaultChannelPipeline.java:1115)
	at io.netty.channel.DefaultChannelPipeline.invokeHandlerAddedIfNeeded(DefaultChannelPipeline.java:650)
	at io.netty.channel.AbstractChannel$AbstractUnsafe.register0(AbstractChannel.java:502)
	at io.netty.channel.AbstractChannel$AbstractUnsafe.access$200(AbstractChannel.java:417)
	at io.netty.channel.AbstractChannel$AbstractUnsafe$1.run(AbstractChannel.java:474)
	at io.netty.util.concurrent.AbstractEventExecutor.safeExecute(AbstractEventExecutor.java:164)
	at io.netty.util.concurrent.SingleThreadEventExecutor.runAllTasks(SingleThreadEventExecutor.java:472)
	at io.netty.channel.nio.NioEventLoop.run(NioEventLoop.java:500)
	at io.netty.util.concurrent.SingleThreadEventExecutor$4.run(SingleThreadEventExecutor.java:989)
	at io.netty.util.internal.ThreadExecutorMap$2.run(ThreadExecutorMap.java:74)
	at io.netty.util.concurrent.FastThreadLocalRunnable.run(FastThreadLocalRunnable.java:30)
	at java.lang.Thread.run(Thread.java:745)
nioEventLoopGroup-12-1, called closeOutbound()
nioEventLoopGroup-12-1, closeOutboundInternal()
nioEventLoopGroup-12-1, SEND TLSv1.2 ALERT:  warning, description = close_notify
nioEventLoopGroup-12-1, WRITE: TLSv1.2 Alert, length = 2
nioEventLoopGroup-12-1, called closeInbound()
nioEventLoopGroup-12-1, fatal error: 80: Inbound closed before receiving peer's close_notify: possible truncation attack?
javax.net.ssl.SSLException: Inbound closed before receiving peer's close_notify: possible truncation attack?
nioEventLoopGroup-12-1, SEND TLSv1.2 ALERT:  fatal, description = internal_error
nioEventLoopGroup-12-1, Exception sending alert: java.io.IOException: writer side was already closed.
2021-11-08 11:08:24,791 [myid:127.0.0.1:30075] - INFO  [nioEventLoopGroup-12-1:ClientCnxnSocketNetty$ZKClientHandler@469] - channel is disconnected: [id: 0x90469aff, L:/127.0.0.1:2192 ! R:xmind.net/127.0.0.1:30075]
2021-11-08 11:08:24,791 [myid:127.0.0.1:30075] - INFO  [nioEventLoopGroup-12-1:ClientCnxnSocketNetty@249] - channel is told closing
2021-11-08 11:08:24,791 [myid:127.0.0.1:30075] - WARN  [main-SendThread(127.0.0.1:30075):ClientCnxn$SendThread@1290] - Session 0x0 for sever xmind.net/127.0.0.1:30075, Closing socket connection. Attempting reconnect except it is a SessionExpiredException.
EndOfStreamException: channel for sessionid 0x0 is lost
	at org.apache.zookeeper.ClientCnxnSocketNetty.doTransport(ClientCnxnSocketNetty.java:285)
	at org.apache.zookeeper.ClientCnxn$SendThread.run(ClientCnxn.java:1280)
2021-11-08 11:08:25,968 [myid:127.0.0.1:30075] - INFO  [main-SendThread(127.0.0.1:30075):ClientCnxn$SendThread@1171] - Opening socket connection to server xmind.net/127.0.0.1:30075.
2021-11-08 11:08:25,969 [myid:127.0.0.1:30075] - INFO  [main-SendThread(127.0.0.1:30075):ClientCnxn$SendThread@1173] - SASL config status: Will not attempt to authenticate using SASL (unknown error)
adding as trusted cert:
  Subject: CN=localhost, OU=ZooKeeper, O=Apache, L=Unknown, ST=Unknown, C=Unknown
  Issuer:  CN=localhost, OU=ZooKeeper, O=Apache, L=Unknown, ST=Unknown, C=Unknown
  Algorithm: RSA; Serial number: 0x7334b506
  Valid from Sat Jan 31 02:57:30 CST 2015 until Wed Feb 08 02:57:30 CST 3015

trigger seeding of SecureRandom
done seeding SecureRandom
Using SSLEngineImpl.
Ignoring unavailable cipher suite: TLS_DHE_DSS_WITH_AES_256_GCM_SHA384
Ignoring unavailable cipher suite: TLS_RSA_WITH_AES_256_CBC_SHA
Ignoring unavailable cipher suite: TLS_DHE_RSA_WITH_AES_256_GCM_SHA384
Ignoring unavailable cipher suite: TLS_ECDH_ECDSA_WITH_AES_256_CBC_SHA
Ignoring unavailable cipher suite: TLS_ECDHE_ECDSA_WITH_AES_256_GCM_SHA384
Ignoring unavailable cipher suite: TLS_RSA_WITH_AES_256_CBC_SHA256
Ignoring unavailable cipher suite: TLS_DHE_DSS_WITH_AES_256_CBC_SHA
Ignoring unavailable cipher suite: TLS_ECDH_ECDSA_WITH_AES_256_GCM_SHA384
Ignoring unavailable cipher suite: TLS_ECDH_RSA_WITH_AES_256_CBC_SHA384
Ignoring unavailable cipher suite: TLS_RSA_WITH_AES_256_GCM_SHA384
Ignoring unavailable cipher suite: TLS_ECDH_ECDSA_WITH_AES_256_CBC_SHA384
Ignoring unavailable cipher suite: TLS_ECDHE_RSA_WITH_AES_256_CBC_SHA384
Ignoring unavailable cipher suite: TLS_ECDH_RSA_WITH_AES_256_CBC_SHA
Ignoring unavailable cipher suite: TLS_ECDH_RSA_WITH_AES_256_GCM_SHA384
Ignoring unavailable cipher suite: TLS_ECDHE_ECDSA_WITH_AES_256_CBC_SHA384
Ignoring unavailable cipher suite: TLS_DHE_RSA_WITH_AES_256_CBC_SHA256
Ignoring unavailable cipher suite: TLS_ECDHE_ECDSA_WITH_AES_256_CBC_SHA
Ignoring unavailable cipher suite: TLS_DHE_DSS_WITH_AES_256_CBC_SHA256
Ignoring unavailable cipher suite: TLS_DHE_RSA_WITH_AES_256_CBC_SHA
Ignoring unavailable cipher suite: TLS_ECDHE_RSA_WITH_AES_256_CBC_SHA
Ignoring unavailable cipher suite: TLS_ECDHE_RSA_WITH_AES_256_GCM_SHA384
2021-11-08 11:08:25,970 [myid:127.0.0.1:30075] - INFO  [nioEventLoopGroup-12-1:ClientCnxnSocketNetty$ZKClientPipelineFactory@454] - SSL handler added for channel: [id: 0x25c34a8a]
2021-11-08 11:08:25,971 [myid:127.0.0.1:30075] - INFO  [nioEventLoopGroup-12-1:ClientCnxn$SendThread@1005] - Socket connection established, initiating session, client: /127.0.0.1:2195, server: xmind.net/127.0.0.1:30075
2021-11-08 11:08:25,971 [myid:127.0.0.1:30075] - INFO  [nioEventLoopGroup-12-1:ClientCnxnSocketNetty$1@184] - channel is connected: [id: 0x25c34a8a, L:/127.0.0.1:2195 - R:xmind.net/127.0.0.1:30075]
Allow unsafe renegotiation: false
Allow legacy hello messages: true
Is initial handshake: true
Is secure renegotiation: false
Ignoring unsupported cipher suite: TLS_ECDHE_ECDSA_WITH_AES_128_CBC_SHA256 for TLSv1
Ignoring unsupported cipher suite: TLS_ECDHE_RSA_WITH_AES_128_CBC_SHA256 for TLSv1
Ignoring unsupported cipher suite: TLS_RSA_WITH_AES_128_CBC_SHA256 for TLSv1
Ignoring unsupported cipher suite: TLS_ECDH_ECDSA_WITH_AES_128_CBC_SHA256 for TLSv1
Ignoring unsupported cipher suite: TLS_ECDH_RSA_WITH_AES_128_CBC_SHA256 for TLSv1
Ignoring unsupported cipher suite: TLS_DHE_RSA_WITH_AES_128_CBC_SHA256 for TLSv1
Ignoring unsupported cipher suite: TLS_DHE_DSS_WITH_AES_128_CBC_SHA256 for TLSv1
Ignoring unsupported cipher suite: TLS_ECDHE_ECDSA_WITH_AES_128_CBC_SHA256 for TLSv1.1
Ignoring unsupported cipher suite: TLS_ECDHE_RSA_WITH_AES_128_CBC_SHA256 for TLSv1.1
Ignoring unsupported cipher suite: TLS_RSA_WITH_AES_128_CBC_SHA256 for TLSv1.1
Ignoring unsupported cipher suite: TLS_ECDH_ECDSA_WITH_AES_128_CBC_SHA256 for TLSv1.1
Ignoring unsupported cipher suite: TLS_ECDH_RSA_WITH_AES_128_CBC_SHA256 for TLSv1.1
Ignoring unsupported cipher suite: TLS_DHE_RSA_WITH_AES_128_CBC_SHA256 for TLSv1.1
Ignoring unsupported cipher suite: TLS_DHE_DSS_WITH_AES_128_CBC_SHA256 for TLSv1.1
%% No cached client session
*** ClientHello, TLSv1.2
RandomCookie:  GMT: 1619497897 bytes = { 224, 155, 154, 156, 198, 231, 172, 136, 195, 149, 38, 37, 35, 200, 99, 247, 114, 99, 251, 163, 207, 11, 72, 136, 60, 34, 82, 251 }
Session ID:  {}
Cipher Suites: [TLS_ECDHE_ECDSA_WITH_AES_128_CBC_SHA256, TLS_ECDHE_RSA_WITH_AES_128_CBC_SHA256, TLS_RSA_WITH_AES_128_CBC_SHA256, TLS_ECDH_ECDSA_WITH_AES_128_CBC_SHA256, TLS_ECDH_RSA_WITH_AES_128_CBC_SHA256, TLS_DHE_RSA_WITH_AES_128_CBC_SHA256, TLS_DHE_DSS_WITH_AES_128_CBC_SHA256, TLS_ECDHE_ECDSA_WITH_AES_128_CBC_SHA, TLS_ECDHE_RSA_WITH_AES_128_CBC_SHA, TLS_RSA_WITH_AES_128_CBC_SHA, TLS_ECDH_ECDSA_WITH_AES_128_CBC_SHA, TLS_ECDH_RSA_WITH_AES_128_CBC_SHA, TLS_DHE_RSA_WITH_AES_128_CBC_SHA, TLS_DHE_DSS_WITH_AES_128_CBC_SHA, TLS_ECDHE_ECDSA_WITH_AES_128_GCM_SHA256, TLS_ECDHE_RSA_WITH_AES_128_GCM_SHA256, TLS_RSA_WITH_AES_128_GCM_SHA256, TLS_ECDH_ECDSA_WITH_AES_128_GCM_SHA256, TLS_ECDH_RSA_WITH_AES_128_GCM_SHA256, TLS_DHE_RSA_WITH_AES_128_GCM_SHA256, TLS_DHE_DSS_WITH_AES_128_GCM_SHA256, TLS_ECDHE_ECDSA_WITH_3DES_EDE_CBC_SHA, TLS_ECDHE_RSA_WITH_3DES_EDE_CBC_SHA, SSL_RSA_WITH_3DES_EDE_CBC_SHA, TLS_ECDH_ECDSA_WITH_3DES_EDE_CBC_SHA, TLS_ECDH_RSA_WITH_3DES_EDE_CBC_SHA, SSL_DHE_RSA_WITH_3DES_EDE_CBC_SHA, SSL_DHE_DSS_WITH_3DES_EDE_CBC_SHA, TLS_ECDHE_ECDSA_WITH_RC4_128_SHA, TLS_ECDHE_RSA_WITH_RC4_128_SHA, SSL_RSA_WITH_RC4_128_SHA, TLS_ECDH_ECDSA_WITH_RC4_128_SHA, TLS_ECDH_RSA_WITH_RC4_128_SHA, SSL_RSA_WITH_RC4_128_MD5, TLS_EMPTY_RENEGOTIATION_INFO_SCSV]
Compression Methods:  { 0 }
Extension elliptic_curves, curve names: {secp256r1, sect163k1, sect163r2, secp192r1, secp224r1, sect233k1, sect233r1, sect283k1, sect283r1, secp384r1, sect409k1, sect409r1, secp521r1, sect571k1, sect571r1, secp160k1, secp160r1, secp160r2, sect163r1, secp192k1, sect193r1, sect193r2, secp224k1, sect239k1, secp256k1}
Extension ec_point_formats, formats: [uncompressed]
Extension signature_algorithms, signature_algorithms: SHA512withECDSA, SHA512withRSA, SHA384withECDSA, SHA384withRSA, SHA256withECDSA, SHA256withRSA, SHA224withECDSA, SHA224withRSA, SHA1withECDSA, SHA1withRSA, SHA1withDSA, MD5withRSA
Extension server_name, server_name: [type=host_name (0), value=xmind.net]
***
nioEventLoopGroup-12-1, WRITE: TLSv1.2 Handshake, length = 225
trigger seeding of SecureRandom
done seeding SecureRandom
Using SSLEngineImpl.
Ignoring unavailable cipher suite: TLS_DHE_DSS_WITH_AES_256_GCM_SHA384
Ignoring unavailable cipher suite: TLS_RSA_WITH_AES_256_CBC_SHA
Ignoring unavailable cipher suite: TLS_DHE_RSA_WITH_AES_256_GCM_SHA384
Ignoring unavailable cipher suite: TLS_ECDH_ECDSA_WITH_AES_256_CBC_SHA
Ignoring unavailable cipher suite: TLS_ECDHE_ECDSA_WITH_AES_256_GCM_SHA384
Ignoring unavailable cipher suite: TLS_RSA_WITH_AES_256_CBC_SHA256
Ignoring unavailable cipher suite: TLS_DHE_DSS_WITH_AES_256_CBC_SHA
Ignoring unavailable cipher suite: TLS_ECDH_ECDSA_WITH_AES_256_GCM_SHA384
Ignoring unavailable cipher suite: TLS_ECDH_RSA_WITH_AES_256_CBC_SHA384
Ignoring unavailable cipher suite: TLS_RSA_WITH_AES_256_GCM_SHA384
Ignoring unavailable cipher suite: TLS_ECDH_ECDSA_WITH_AES_256_CBC_SHA384
Ignoring unavailable cipher suite: TLS_ECDHE_RSA_WITH_AES_256_CBC_SHA384
Ignoring unavailable cipher suite: TLS_ECDH_RSA_WITH_AES_256_CBC_SHA
Ignoring unavailable cipher suite: TLS_ECDH_RSA_WITH_AES_256_GCM_SHA384
Ignoring unavailable cipher suite: TLS_ECDHE_ECDSA_WITH_AES_256_CBC_SHA384
Ignoring unavailable cipher suite: TLS_DHE_RSA_WITH_AES_256_CBC_SHA256
Ignoring unavailable cipher suite: TLS_ECDHE_ECDSA_WITH_AES_256_CBC_SHA
Ignoring unavailable cipher suite: TLS_DHE_DSS_WITH_AES_256_CBC_SHA256
Ignoring unavailable cipher suite: TLS_DHE_RSA_WITH_AES_256_CBC_SHA
Ignoring unavailable cipher suite: TLS_ECDHE_RSA_WITH_AES_256_CBC_SHA
Ignoring unavailable cipher suite: TLS_ECDHE_RSA_WITH_AES_256_GCM_SHA384
2021-11-08 11:08:25,977 [myid:] - WARN  [nioEventLoopGroup-11-12:ChannelInitializer@97] - Failed to initialize a channel. Closing: [id: 0xd958eed8, L:/127.0.0.1:30075 - R:/127.0.0.1:2195]
java.lang.IllegalArgumentException: Cannot support TLS_ECDHE_ECDSA_WITH_AES_256_CBC_SHA384 with currently installed providers
	at sun.security.ssl.CipherSuiteList.<init>(CipherSuiteList.java:92)
	at sun.security.ssl.SSLEngineImpl.setEnabledCipherSuites(SSLEngineImpl.java:2038)
	at io.netty.handler.ssl.JdkSslContext.configureAndWrapEngine(JdkSslContext.java:341)
	at io.netty.handler.ssl.JdkSslContext.newEngine(JdkSslContext.java:331)
	at io.netty.handler.ssl.SslContext.newHandler(SslContext.java:956)
	at io.netty.handler.ssl.SslContext.newHandler(SslContext.java:948)
	at org.apache.zookeeper.server.NettyServerCnxnFactory.initSSL(NettyServerCnxnFactory.java:575)
	at org.apache.zookeeper.server.NettyServerCnxnFactory.access$1300(NettyServerCnxnFactory.java:80)
	at org.apache.zookeeper.server.NettyServerCnxnFactory$1.initChannel(NettyServerCnxnFactory.java:540)
	at org.apache.zookeeper.server.NettyServerCnxnFactory$1.initChannel(NettyServerCnxnFactory.java:532)
	at io.netty.channel.ChannelInitializer.initChannel(ChannelInitializer.java:129)
	at io.netty.channel.ChannelInitializer.handlerAdded(ChannelInitializer.java:112)
	at io.netty.channel.AbstractChannelHandlerContext.callHandlerAdded(AbstractChannelHandlerContext.java:938)
	at io.netty.channel.DefaultChannelPipeline.callHandlerAdded0(DefaultChannelPipeline.java:609)
	at io.netty.channel.DefaultChannelPipeline.access$100(DefaultChannelPipeline.java:46)
	at io.netty.channel.DefaultChannelPipeline$PendingHandlerAddedTask.execute(DefaultChannelPipeline.java:1463)
	at io.netty.channel.DefaultChannelPipeline.callHandlerAddedForAllHandlers(DefaultChannelPipeline.java:1115)
	at io.netty.channel.DefaultChannelPipeline.invokeHandlerAddedIfNeeded(DefaultChannelPipeline.java:650)
	at io.netty.channel.AbstractChannel$AbstractUnsafe.register0(AbstractChannel.java:502)
	at io.netty.channel.AbstractChannel$AbstractUnsafe.access$200(AbstractChannel.java:417)
	at io.netty.channel.AbstractChannel$AbstractUnsafe$1.run(AbstractChannel.java:474)
	at io.netty.util.concurrent.AbstractEventExecutor.safeExecute(AbstractEventExecutor.java:164)
	at io.netty.util.concurrent.SingleThreadEventExecutor.runAllTasks(SingleThreadEventExecutor.java:472)
	at io.netty.channel.nio.NioEventLoop.run(NioEventLoop.java:500)
	at io.netty.util.concurrent.SingleThreadEventExecutor$4.run(SingleThreadEventExecutor.java:989)
	at io.netty.util.internal.ThreadExecutorMap$2.run(ThreadExecutorMap.java:74)
	at io.netty.util.concurrent.FastThreadLocalRunnable.run(FastThreadLocalRunnable.java:30)
	at java.lang.Thread.run(Thread.java:745)
nioEventLoopGroup-12-1, called closeOutbound()
nioEventLoopGroup-12-1, closeOutboundInternal()
nioEventLoopGroup-12-1, SEND TLSv1.2 ALERT:  warning, description = close_notify
nioEventLoopGroup-12-1, WRITE: TLSv1.2 Alert, length = 2
nioEventLoopGroup-12-1, called closeInbound()
nioEventLoopGroup-12-1, fatal error: 80: Inbound closed before receiving peer's close_notify: possible truncation attack?
javax.net.ssl.SSLException: Inbound closed before receiving peer's close_notify: possible truncation attack?
nioEventLoopGroup-12-1, SEND TLSv1.2 ALERT:  fatal, description = internal_error
nioEventLoopGroup-12-1, Exception sending alert: java.io.IOException: writer side was already closed.
2021-11-08 11:08:25,978 [myid:127.0.0.1:30075] - INFO  [nioEventLoopGroup-12-1:ClientCnxnSocketNetty$ZKClientHandler@469] - channel is disconnected: [id: 0x25c34a8a, L:/127.0.0.1:2195 ! R:xmind.net/127.0.0.1:30075]
2021-11-08 11:08:25,978 [myid:127.0.0.1:30075] - INFO  [nioEventLoopGroup-12-1:ClientCnxnSocketNetty@249] - channel is told closing
2021-11-08 11:08:25,980 [myid:127.0.0.1:30075] - WARN  [main-SendThread(127.0.0.1:30075):ClientCnxn$SendThread@1290] - Session 0x0 for sever xmind.net/127.0.0.1:30075, Closing socket connection. Attempting reconnect except it is a SessionExpiredException.
EndOfStreamException: channel for sessionid 0x0 is lost
	at org.apache.zookeeper.ClientCnxnSocketNetty.doTransport(ClientCnxnSocketNetty.java:285)
	at org.apache.zookeeper.ClientCnxn$SendThread.run(ClientCnxn.java:1280)
2021-11-08 11:08:27,872 [myid:127.0.0.1:30075] - INFO  [main-SendThread(127.0.0.1:30075):ClientCnxn$SendThread@1171] - Opening socket connection to server xmind.net/127.0.0.1:30075.
2021-11-08 11:08:27,872 [myid:127.0.0.1:30075] - INFO  [main-SendThread(127.0.0.1:30075):ClientCnxn$SendThread@1173] - SASL config status: Will not attempt to authenticate using SASL (unknown error)
adding as trusted cert:
  Subject: CN=localhost, OU=ZooKeeper, O=Apache, L=Unknown, ST=Unknown, C=Unknown
  Issuer:  CN=localhost, OU=ZooKeeper, O=Apache, L=Unknown, ST=Unknown, C=Unknown
  Algorithm: RSA; Serial number: 0x7334b506
  Valid from Sat Jan 31 02:57:30 CST 2015 until Wed Feb 08 02:57:30 CST 3015

trigger seeding of SecureRandom
done seeding SecureRandom
Using SSLEngineImpl.
Ignoring unavailable cipher suite: TLS_DHE_DSS_WITH_AES_256_GCM_SHA384
Ignoring unavailable cipher suite: TLS_RSA_WITH_AES_256_CBC_SHA
Ignoring unavailable cipher suite: TLS_DHE_RSA_WITH_AES_256_GCM_SHA384
Ignoring unavailable cipher suite: TLS_ECDH_ECDSA_WITH_AES_256_CBC_SHA
Ignoring unavailable cipher suite: TLS_ECDHE_ECDSA_WITH_AES_256_GCM_SHA384
Ignoring unavailable cipher suite: TLS_RSA_WITH_AES_256_CBC_SHA256
Ignoring unavailable cipher suite: TLS_DHE_DSS_WITH_AES_256_CBC_SHA
Ignoring unavailable cipher suite: TLS_ECDH_ECDSA_WITH_AES_256_GCM_SHA384
Ignoring unavailable cipher suite: TLS_ECDH_RSA_WITH_AES_256_CBC_SHA384
Ignoring unavailable cipher suite: TLS_RSA_WITH_AES_256_GCM_SHA384
Ignoring unavailable cipher suite: TLS_ECDH_ECDSA_WITH_AES_256_CBC_SHA384
Ignoring unavailable cipher suite: TLS_ECDHE_RSA_WITH_AES_256_CBC_SHA384
Ignoring unavailable cipher suite: TLS_ECDH_RSA_WITH_AES_256_CBC_SHA
Ignoring unavailable cipher suite: TLS_ECDH_RSA_WITH_AES_256_GCM_SHA384
Ignoring unavailable cipher suite: TLS_ECDHE_ECDSA_WITH_AES_256_CBC_SHA384
Ignoring unavailable cipher suite: TLS_DHE_RSA_WITH_AES_256_CBC_SHA256
Ignoring unavailable cipher suite: TLS_ECDHE_ECDSA_WITH_AES_256_CBC_SHA
Ignoring unavailable cipher suite: TLS_DHE_DSS_WITH_AES_256_CBC_SHA256
Ignoring unavailable cipher suite: TLS_DHE_RSA_WITH_AES_256_CBC_SHA
Ignoring unavailable cipher suite: TLS_ECDHE_RSA_WITH_AES_256_CBC_SHA
Ignoring unavailable cipher suite: TLS_ECDHE_RSA_WITH_AES_256_GCM_SHA384
2021-11-08 11:08:27,874 [myid:127.0.0.1:30075] - INFO  [nioEventLoopGroup-12-1:ClientCnxnSocketNetty$ZKClientPipelineFactory@454] - SSL handler added for channel: [id: 0x5460bb80]
2021-11-08 11:08:27,874 [myid:127.0.0.1:30075] - INFO  [nioEventLoopGroup-12-1:ClientCnxn$SendThread@1005] - Socket connection established, initiating session, client: /127.0.0.1:2265, server: xmind.net/127.0.0.1:30075
2021-11-08 11:08:27,874 [myid:127.0.0.1:30075] - INFO  [nioEventLoopGroup-12-1:ClientCnxnSocketNetty$1@184] - channel is connected: [id: 0x5460bb80, L:/127.0.0.1:2265 - R:xmind.net/127.0.0.1:30075]
Allow unsafe renegotiation: false
Allow legacy hello messages: true
Is initial handshake: true
Is secure renegotiation: false
Ignoring unsupported cipher suite: TLS_ECDHE_ECDSA_WITH_AES_128_CBC_SHA256 for TLSv1
Ignoring unsupported cipher suite: TLS_ECDHE_RSA_WITH_AES_128_CBC_SHA256 for TLSv1
Ignoring unsupported cipher suite: TLS_RSA_WITH_AES_128_CBC_SHA256 for TLSv1
Ignoring unsupported cipher suite: TLS_ECDH_ECDSA_WITH_AES_128_CBC_SHA256 for TLSv1
Ignoring unsupported cipher suite: TLS_ECDH_RSA_WITH_AES_128_CBC_SHA256 for TLSv1
Ignoring unsupported cipher suite: TLS_DHE_RSA_WITH_AES_128_CBC_SHA256 for TLSv1
Ignoring unsupported cipher suite: TLS_DHE_DSS_WITH_AES_128_CBC_SHA256 for TLSv1
Ignoring unsupported cipher suite: TLS_ECDHE_ECDSA_WITH_AES_128_CBC_SHA256 for TLSv1.1
Ignoring unsupported cipher suite: TLS_ECDHE_RSA_WITH_AES_128_CBC_SHA256 for TLSv1.1
Ignoring unsupported cipher suite: TLS_RSA_WITH_AES_128_CBC_SHA256 for TLSv1.1
Ignoring unsupported cipher suite: TLS_ECDH_ECDSA_WITH_AES_128_CBC_SHA256 for TLSv1.1
Ignoring unsupported cipher suite: TLS_ECDH_RSA_WITH_AES_128_CBC_SHA256 for TLSv1.1
Ignoring unsupported cipher suite: TLS_DHE_RSA_WITH_AES_128_CBC_SHA256 for TLSv1.1
Ignoring unsupported cipher suite: TLS_DHE_DSS_WITH_AES_128_CBC_SHA256 for TLSv1.1
%% No cached client session
trigger seeding of SecureRandom
done seeding SecureRandom
Using SSLEngineImpl.
*** ClientHello, TLSv1.2
RandomCookie:  GMT: 1619497899 bytes = { 107, 19, 1, Ignoring unavailable cipher suite: TLS_DHE_DSS_WITH_AES_256_GCM_SHA384
0, 80, 97, 203, 2, 204, 58, 155, 90, 106, 4, 116, 30, 166, 195, 199Ignoring unavailable cipher suite: TLS_RSA_WITH_AES_256_CBC_SHA
, 170, 206, 102, 154, 138, 249, 70, 249, 174 }
Session ID:  {}
Cipher Suites: [TLS_ECDHE_ECDSA_WITH_AES_128_CBC_SHA256, TLS_ECDHE_RSA_WITH_AES_128_CBC_SHA256, TLS_RSA_WITH_AES_128_CBC_SHA256, TLS_ECDH_ECDSA_WITH_AES_128_CBC_SHA256, TLS_ECDH_RSA_WITH_AES_128_CBC_SHA256, TLS_DHE_RSA_WITH_AES_128_CBC_SHA256, TLS_DHE_DSS_WITH_AES_128_CBC_SHA256, TLS_ECDHE_ECDSA_WITH_AES_128_CBC_SHA, TLS_ECDHE_RSA_WITH_AES_128_CBC_SHA, TLS_RSA_WITH_AES_128_CBC_SHA, TLS_ECDH_ECDSA_WITH_AES_128_CBC_SHA, TLS_ECDH_RSA_WITH_AES_128_CBC_SHA, TLS_DHE_RSA_WITH_AES_128_CBC_SHA, TLS_DHE_DSS_WITH_AES_128_CBC_SHA, TLS_ECDHE_ECDSA_WITH_AES_128_GCM_SHA256, TLS_ECDHE_RSA_WITH_AES_128_GCM_SHA256, TLS_RSA_WITH_AES_128_GCM_SHA256, TLS_ECDH_ECDSA_WITH_AES_128_GCM_SHA256, TLS_ECDH_RSA_WITH_AES_128_GCM_SHA256, TLS_DHE_RSA_WITH_AES_128_GCM_SHA256, TLS_DHE_DSS_WITH_AES_128_GCM_SHA256, TLS_ECDHE_ECDSA_WITH_3DES_EDE_CBC_SHA, TLS_ECDHE_RSA_WITH_3DES_EDE_CBC_SHA, SSL_RSA_WITH_3DES_EDE_CBC_SHA, TLS_ECDH_ECDSA_WITH_3DES_EDE_CBC_SHA, TLS_ECDH_RSA_WITH_3DES_EDE_CBC_SHA, SSL_DHE_RSA_WITH_3DES_EDE_CBC_SHA, SSL_DHE_DSS_WITH_3DES_EDE_CBC_SHA, TLS_ECDHE_ECDSA_WITH_RC4_128_SHA, TLS_ECDHE_RSA_WITH_RC4_128_SHA, SSL_RSA_WITH_RC4_128_SHA, TLS_ECDH_ECDSA_WITH_RC4_128_SHA, TLS_ECDH_RSA_WITH_RC4_128_SHA, SSL_RSA_WITH_RC4_128_MD5, TLS_EMPTY_RENEGOTIATION_INFO_SCSV]
Compression Methods:  { 0 }
Extension elliptic_curves, curve names: {secp256r1, sect163k1, sect163r2, secp192r1, secp224r1, sect233k1, sect233r1, sect283k1, sect283r1, secp384r1, sect409k1, sect409r1, secp521r1, sect571k1, sect571r1, secp160k1, secp160r1, secp160r2, sect163r1, secp192k1, sect193r1, sect193r2, secp224k1, sect239k1, secp256k1}
Extension ec_point_formats, formats: [uncompressed]
Extension signature_algorithms, signature_algorithms: SHA512withECDSA, SHA512withRSA, SHA384withECDSA, SHA384withRSA, SHA256withECDSA, SHA256withRSA, SHA224withECDSA, SHA224withRSA, SHA1withECDSA, SHA1withRSA, SHA1withDSA, MD5withRSA
Extension server_name, server_name: [type=host_name (0), value=xmind.net]
***
Ignoring unavailable cipher suite: TLS_DHE_RSA_WITH_AES_256_GCM_SHA384
nioEventLoopGroup-12-1, WRITE: TLSv1.2 Handshake, length = 225
Ignoring unavailable cipher suite: TLS_ECDH_ECDSA_WITH_AES_256_CBC_SHA
Ignoring unavailable cipher suite: TLS_ECDHE_ECDSA_WITH_AES_256_GCM_SHA384
Ignoring unavailable cipher suite: TLS_RSA_WITH_AES_256_CBC_SHA256
Ignoring unavailable cipher suite: TLS_DHE_DSS_WITH_AES_256_CBC_SHA
Ignoring unavailable cipher suite: TLS_ECDH_ECDSA_WITH_AES_256_GCM_SHA384
Ignoring unavailable cipher suite: TLS_ECDH_RSA_WITH_AES_256_CBC_SHA384
Ignoring unavailable cipher suite: TLS_RSA_WITH_AES_256_GCM_SHA384
Ignoring unavailable cipher suite: TLS_ECDH_ECDSA_WITH_AES_256_CBC_SHA384
Ignoring unavailable cipher suite: TLS_ECDHE_RSA_WITH_AES_256_CBC_SHA384
Ignoring unavailable cipher suite: TLS_ECDH_RSA_WITH_AES_256_CBC_SHA
Ignoring unavailable cipher suite: TLS_ECDH_RSA_WITH_AES_256_GCM_SHA384
Ignoring unavailable cipher suite: TLS_ECDHE_ECDSA_WITH_AES_256_CBC_SHA384
Ignoring unavailable cipher suite: TLS_DHE_RSA_WITH_AES_256_CBC_SHA256
Ignoring unavailable cipher suite: TLS_ECDHE_ECDSA_WITH_AES_256_CBC_SHA
Ignoring unavailable cipher suite: TLS_DHE_DSS_WITH_AES_256_CBC_SHA256
Ignoring unavailable cipher suite: TLS_DHE_RSA_WITH_AES_256_CBC_SHA
Ignoring unavailable cipher suite: TLS_ECDHE_RSA_WITH_AES_256_CBC_SHA
Ignoring unavailable cipher suite: TLS_ECDHE_RSA_WITH_AES_256_GCM_SHA384
2021-11-08 11:08:27,875 [myid:] - WARN  [nioEventLoopGroup-11-1:ChannelInitializer@97] - Failed to initialize a channel. Closing: [id: 0x5d807b8e, L:/127.0.0.1:30075 - R:/127.0.0.1:2265]
java.lang.IllegalArgumentException: Cannot support TLS_ECDHE_ECDSA_WITH_AES_256_CBC_SHA384 with currently installed providers
	at sun.security.ssl.CipherSuiteList.<init>(CipherSuiteList.java:92)
	at sun.security.ssl.SSLEngineImpl.setEnabledCipherSuites(SSLEngineImpl.java:2038)
	at io.netty.handler.ssl.JdkSslContext.configureAndWrapEngine(JdkSslContext.java:341)
	at io.netty.handler.ssl.JdkSslContext.newEngine(JdkSslContext.java:331)
	at io.netty.handler.ssl.SslContext.newHandler(SslContext.java:956)
	at io.netty.handler.ssl.SslContext.newHandler(SslContext.java:948)
	at org.apache.zookeeper.server.NettyServerCnxnFactory.initSSL(NettyServerCnxnFactory.java:575)
	at org.apache.zookeeper.server.NettyServerCnxnFactory.access$1300(NettyServerCnxnFactory.java:80)
	at org.apache.zookeeper.server.NettyServerCnxnFactory$1.initChannel(NettyServerCnxnFactory.java:540)
	at org.apache.zookeeper.server.NettyServerCnxnFactory$1.initChannel(NettyServerCnxnFactory.java:532)
	at io.netty.channel.ChannelInitializer.initChannel(ChannelInitializer.java:129)
	at io.netty.channel.ChannelInitializer.handlerAdded(ChannelInitializer.java:112)
	at io.netty.channel.AbstractChannelHandlerContext.callHandlerAdded(AbstractChannelHandlerContext.java:938)
	at io.netty.channel.DefaultChannelPipeline.callHandlerAdded0(DefaultChannelPipeline.java:609)
	at io.netty.channel.DefaultChannelPipeline.access$100(DefaultChannelPipeline.java:46)
	at io.netty.channel.DefaultChannelPipeline$PendingHandlerAddedTask.execute(DefaultChannelPipeline.java:1463)
	at io.netty.channel.DefaultChannelPipeline.callHandlerAddedForAllHandlers(DefaultChannelPipeline.java:1115)
	at io.netty.channel.DefaultChannelPipeline.invokeHandlerAddedIfNeeded(DefaultChannelPipeline.java:650)
	at io.netty.channel.AbstractChannel$AbstractUnsafe.register0(AbstractChannel.java:502)
	at io.netty.channel.AbstractChannel$AbstractUnsafe.access$200(AbstractChannel.java:417)
	at io.netty.channel.AbstractChannel$AbstractUnsafe$1.run(AbstractChannel.java:474)
	at io.netty.util.concurrent.AbstractEventExecutor.safeExecute(AbstractEventExecutor.java:164)
	at io.netty.util.concurrent.SingleThreadEventExecutor.runAllTasks(SingleThreadEventExecutor.java:472)
	at io.netty.channel.nio.NioEventLoop.run(NioEventLoop.java:500)
	at io.netty.util.concurrent.SingleThreadEventExecutor$4.run(SingleThreadEventExecutor.java:989)
	at io.netty.util.internal.ThreadExecutorMap$2.run(ThreadExecutorMap.java:74)
	at io.netty.util.concurrent.FastThreadLocalRunnable.run(FastThreadLocalRunnable.java:30)
	at java.lang.Thread.run(Thread.java:745)
nioEventLoopGroup-12-1, called closeOutbound()
nioEventLoopGroup-12-1, closeOutboundInternal()
nioEventLoopGroup-12-1, SEND TLSv1.2 ALERT:  warning, description = close_notify
nioEventLoopGroup-12-1, WRITE: TLSv1.2 Alert, length = 2
nioEventLoopGroup-12-1, called closeInbound()
nioEventLoopGroup-12-1, fatal error: 80: Inbound closed before receiving peer's close_notify: possible truncation attack?
javax.net.ssl.SSLException: Inbound closed before receiving peer's close_notify: possible truncation attack?
nioEventLoopGroup-12-1, SEND TLSv1.2 ALERT:  fatal, description = internal_error
nioEventLoopGroup-12-1, Exception sending alert: java.io.IOException: writer side was already closed.
2021-11-08 11:08:27,876 [myid:127.0.0.1:30075] - INFO  [nioEventLoopGroup-12-1:ClientCnxnSocketNetty$ZKClientHandler@469] - channel is disconnected: [id: 0x5460bb80, L:/127.0.0.1:2265 ! R:xmind.net/127.0.0.1:30075]
2021-11-08 11:08:27,876 [myid:127.0.0.1:30075] - INFO  [nioEventLoopGroup-12-1:ClientCnxnSocketNetty@249] - channel is told closing
2021-11-08 11:08:27,876 [myid:127.0.0.1:30075] - WARN  [main-SendThread(127.0.0.1:30075):ClientCnxn$SendThread@1290] - Session 0x0 for sever xmind.net/127.0.0.1:30075, Closing socket connection. Attempting reconnect except it is a SessionExpiredException.
EndOfStreamException: channel for sessionid 0x0 is lost
	at org.apache.zookeeper.ClientCnxnSocketNetty.doTransport(ClientCnxnSocketNetty.java:285)
	at org.apache.zookeeper.ClientCnxn$SendThread.run(ClientCnxn.java:1280)
2021-11-08 11:08:29,486 [myid:127.0.0.1:30075] - INFO  [main-SendThread(127.0.0.1:30075):ClientCnxn$SendThread@1171] - Opening socket connection to server xmind.net/127.0.0.1:30075.
2021-11-08 11:08:29,486 [myid:127.0.0.1:30075] - INFO  [main-SendThread(127.0.0.1:30075):ClientCnxn$SendThread@1173] - SASL config status: Will not attempt to authenticate using SASL (unknown error)
adding as trusted cert:
  Subject: CN=localhost, OU=ZooKeeper, O=Apache, L=Unknown, ST=Unknown, C=Unknown
  Issuer:  CN=localhost, OU=ZooKeeper, O=Apache, L=Unknown, ST=Unknown, C=Unknown
  Algorithm: RSA; Serial number: 0x7334b506
  Valid from Sat Jan 31 02:57:30 CST 2015 until Wed Feb 08 02:57:30 CST 3015

trigger seeding of SecureRandom
done seeding SecureRandom
Using SSLEngineImpl.
Ignoring unavailable cipher suite: TLS_DHE_DSS_WITH_AES_256_GCM_SHA384
Ignoring unavailable cipher suite: TLS_RSA_WITH_AES_256_CBC_SHA
Ignoring unavailable cipher suite: TLS_DHE_RSA_WITH_AES_256_GCM_SHA384
Ignoring unavailable cipher suite: TLS_ECDH_ECDSA_WITH_AES_256_CBC_SHA
Ignoring unavailable cipher suite: TLS_ECDHE_ECDSA_WITH_AES_256_GCM_SHA384
Ignoring unavailable cipher suite: TLS_RSA_WITH_AES_256_CBC_SHA256
Ignoring unavailable cipher suite: TLS_DHE_DSS_WITH_AES_256_CBC_SHA
Ignoring unavailable cipher suite: TLS_ECDH_ECDSA_WITH_AES_256_GCM_SHA384
Ignoring unavailable cipher suite: TLS_ECDH_RSA_WITH_AES_256_CBC_SHA384
Ignoring unavailable cipher suite: TLS_RSA_WITH_AES_256_GCM_SHA384
Ignoring unavailable cipher suite: TLS_ECDH_ECDSA_WITH_AES_256_CBC_SHA384
Ignoring unavailable cipher suite: TLS_ECDHE_RSA_WITH_AES_256_CBC_SHA384
Ignoring unavailable cipher suite: TLS_ECDH_RSA_WITH_AES_256_CBC_SHA
Ignoring unavailable cipher suite: TLS_ECDH_RSA_WITH_AES_256_GCM_SHA384
Ignoring unavailable cipher suite: TLS_ECDHE_ECDSA_WITH_AES_256_CBC_SHA384
Ignoring unavailable cipher suite: TLS_DHE_RSA_WITH_AES_256_CBC_SHA256
Ignoring unavailable cipher suite: TLS_ECDHE_ECDSA_WITH_AES_256_CBC_SHA
Ignoring unavailable cipher suite: TLS_DHE_DSS_WITH_AES_256_CBC_SHA256
Ignoring unavailable cipher suite: TLS_DHE_RSA_WITH_AES_256_CBC_SHA
Ignoring unavailable cipher suite: TLS_ECDHE_RSA_WITH_AES_256_CBC_SHA
Ignoring unavailable cipher suite: TLS_ECDHE_RSA_WITH_AES_256_GCM_SHA384
2021-11-08 11:08:29,488 [myid:127.0.0.1:30075] - INFO  [nioEventLoopGroup-12-1:ClientCnxnSocketNetty$ZKClientPipelineFactory@454] - SSL handler added for channel: [id: 0xdb8f5f4d]
2021-11-08 11:08:29,488 [myid:127.0.0.1:30075] - INFO  [nioEventLoopGroup-12-1:ClientCnxn$SendThread@1005] - Socket connection established, initiating session, client: /127.0.0.1:2323, server: xmind.net/127.0.0.1:30075
2021-11-08 11:08:29,488 [myid:127.0.0.1:30075] - INFO  [nioEventLoopGroup-12-1:ClientCnxnSocketNetty$1@184] - channel is connected: [id: 0xdb8f5f4d, L:/127.0.0.1:2323 - R:xmind.net/127.0.0.1:30075]
Allow unsafe renegotiation: false
Allow legacy hello messages: true
Is initial handshake: true
Is secure renegotiation: false
trigger seeding of SecureRandom
done seeding SecureRandom
Ignoring unsupported cipher suite: TLS_ECDHE_ECDSA_WITH_AES_128_CBC_SHA256 for TLSv1
Ignoring unsupported cipher suite: TLS_ECDHE_RSA_WITH_AES_128_CBC_SHA256 for TLSv1
Ignoring unsupported cipher suite: TLS_RSA_WITH_AES_128_CBC_SHA256 for TLSv1
Using SSLEngineImpl.
Ignoring unsupported cipher suite: TLS_ECDH_ECDSA_WITH_AES_128_CBC_SHA256 for TLSv1
Ignoring unsupported cipher suite: TLS_ECDH_RSA_WITH_AES_128_CBC_SHA256 for TLSv1
Ignoring unsupported cipher suite: TLS_DHE_RSA_WITH_AES_128_CBC_SHA256 for TLSv1
Ignoring unsupported cipher suite: TLS_DHE_DSS_WITH_AES_128_CBC_SHA256 for TLSv1
Ignoring unavailable cipher suite: TLS_DHE_DSS_WITH_AES_256_GCM_SHA384
Ignoring unsupported cipher suite: TLS_ECDHE_ECDSA_WITH_AES_128_CBC_SHA256 for TLSv1.1
Ignoring unsupported cipher suite: TLS_ECDHE_RSA_WITH_AES_128_CBC_SHA256 for TLSv1.1
Ignoring unsupported cipher suite: TLS_RSA_WITH_AES_128_CBC_SHA256 for TLSv1.1
Ignoring unsupported cipher suite: TLS_ECDH_ECDSA_WITH_AES_128_CBC_SHA256 for TLSv1.1
Ignoring unsupported cipher suite: TLS_ECDH_RSA_WITH_AES_128_CBC_SHA256 for TLSv1.1
Ignoring unsupported cipher suite: TLS_DHE_RSA_WITH_AES_128_CBC_SHA256 for TLSv1.1
Ignoring unavailable cipher suite: TLS_RSA_WITH_AES_256_CBC_SHA
Ignoring unsupported cipher suite: TLS_DHE_DSS_WITH_AES_128_CBC_SHA256 for TLSv1.1
Ignoring unavailable cipher suite: TLS_DHE_RSA_WITH_AES_256_GCM_SHA384
Ignoring unavailable cipher suite: TLS_ECDH_ECDSA_WITH_AES_256_CBC_SHA
Ignoring unavailable cipher suite: TLS_ECDHE_ECDSA_WITH_AES_256_GCM_SHA384
Ignoring unavailable cipher suite: TLS_RSA_WITH_AES_256_CBC_SHA256
Ignoring unavailable cipher suite: TLS_DHE_DSS_WITH_AES_256_CBC_SHA
%% No cached client session
Ignoring unavailable cipher suite: TLS_ECDH_ECDSA_WITH_AES_256_GCM_SHA384
Ignoring unavailable cipher suite: TLS_ECDH_RSA_WITH_AES_256_CBC_SHA384
Ignoring unavailable cipher suite: TLS_RSA_WITH_AES_256_GCM_SHA384
Ignoring unavailable cipher suite: TLS_ECDH_ECDSA_WITH_AES_256_CBC_SHA384
Ignoring unavailable cipher suite: TLS_ECDHE_RSA_WITH_AES_256_CBC_SHA384
Ignoring unavailable cipher suite: TLS_ECDH_RSA_WITH_AES_256_CBC_SHA
*** ClientHello, TLSv1.2
Ignoring unavailable cipher suite: TLS_ECDH_RSA_WITH_AES_256_GCM_SHA384
Ignoring unavailable cipher suite: TLS_ECDHE_ECDSA_WITH_AES_256_CBC_SHA384
Ignoring unavailable cipher suite: TLS_DHE_RSA_WITH_AES_256_CBC_SHA256
RandomCookie:  Ignoring unavailable cipher suite: TLS_ECDHE_ECDSA_WITH_AES_256_CBC_SHA
GMT: 1619497901 Ignoring unavailable cipher suite: TLS_DHE_DSS_WITH_AES_256_CBC_SHA256
bytes = { 92, 79Ignoring unavailable cipher suite: TLS_DHE_RSA_WITH_AES_256_CBC_SHA
, Ignoring unavailable cipher suite: TLS_ECDHE_RSA_WITH_AES_256_CBC_SHA
249Ignoring unavailable cipher suite: TLS_ECDHE_RSA_WITH_AES_256_GCM_SHA384
, 174, 70, 195, 153, 62, 45, 3, 44, 114, 238, 39, 0, 42, 84, 153, 248, 111, 59, 96, 44, 119, 151, 71, 88, 57 }
Session ID:  {}
Cipher Suites: [TLS_ECDHE_ECDSA_WITH_AES_128_CBC_SHA256, TLS_ECDHE_RSA_WITH_AES_128_CBC_SHA256, TLS_RSA_WITH_AES_128_CBC_SHA256, TLS_ECDH_ECDSA_WITH_AES_128_CBC_SHA256, TLS_ECDH_RSA_WITH_AES_128_CBC_SHA256, TLS_DHE_RSA_WITH_AES_128_CBC_SHA256, TLS_DHE_DSS_WITH_AES_128_CBC_SHA256, TLS_ECDHE_ECDSA_WITH_AES_128_CBC_SHA, TLS_ECDHE_RSA_WITH_AES_128_CBC_SHA, TLS_RSA_WITH_AES_128_CBC_SHA, TLS_ECDH_ECDSA_WITH_AES_128_CBC_SHA, TLS_ECDH_RSA_WITH_AES_128_CBC_SHA, TLS_DHE_RSA_WITH_AES_128_CBC_SHA, TLS_DHE_DSS_WITH_AES_128_CBC_SHA, TLS_ECDHE_ECDSA_WITH_AES_128_GCM_SHA256, TLS_ECDHE_RSA_WITH_AES_128_GCM_SHA256, TLS_RSA_WITH_AES_128_GCM_SHA256, TLS_ECDH_ECDSA_WITH_AES_128_GCM_SHA256, TLS_ECDH_RSA_WITH_AES_128_GCM_SHA256, TLS_DHE_RSA_WITH_AES_128_GCM_SHA256, TLS_DHE_DSS_WITH_AES_128_GCM_SHA256, TLS_ECDHE_ECDSA_WITH_3DES_EDE_CBC_SHA, TLS_ECDHE_RSA_WITH_3DES_EDE_CBC_SHA, SSL_RSA_WITH_3DES_EDE_CBC_SHA, TLS_ECDH_ECDSA_WITH_3DES_EDE_CBC_SHA, TLS_ECDH_RSA_WITH_3DES_EDE_CBC_SHA, SSL_DHE_RSA_WITH_3DES_EDE_CBC_SHA, SSL_DHE_DSS_WITH_3DES_EDE_CBC_SHA, TLS_ECDHE_ECDSA_WITH_RC4_128_SHA, TLS_ECDHE_RSA_WITH_RC4_128_SHA, SSL_RSA_WITH_RC4_128_SHA, TLS_ECDH_ECDSA_WITH_RC4_128_SHA, TLS_ECDH_RSA_WITH_RC4_128_SHA, SSL_RSA_WITH_RC4_128_MD5, TLS_EMPTY_RENEGOTIATION_INFO_SCSV]
Compression Methods:  { 0 }
Extension elliptic_curves, curve names: {secp256r1, sect163k1, sect163r2, secp192r1, secp224r1, sect233k1, sect233r1, sect283k1, sect283r1, secp384r1, sect409k1, sect409r1, secp521r1, sect571k1, sect571r1, secp160k1, secp160r1, secp160r2, sect163r1, secp192k1, sect193r1, sect193r2, secp224k1, sect239k1, secp256k1}
Extension ec_point_formats, formats: [uncompressed]
Extension signature_algorithms, signature_algorithms: SHA512withECDSA, SHA512withRSA, SHA384withECDSA, SHA384withRSA, SHA256withECDSA, SHA256withRSA, SHA224withECDSA, SHA224withRSA, SHA1withECDSA, SHA1withRSA, SHA1withDSA, MD5withRSA
Extension server_name, server_name: [type=host_name (0), value=xmind.net]
***
nioEventLoopGroup-12-1, WRITE: TLSv1.2 Handshake, length = 225
2021-11-08 11:08:29,489 [myid:] - WARN  [nioEventLoopGroup-11-2:ChannelInitializer@97] - Failed to initialize a channel. Closing: [id: 0xe03e3654, L:/127.0.0.1:30075 - R:/127.0.0.1:2323]
java.lang.IllegalArgumentException: Cannot support TLS_ECDHE_ECDSA_WITH_AES_256_CBC_SHA384 with currently installed providers
	at sun.security.ssl.CipherSuiteList.<init>(CipherSuiteList.java:92)
	at sun.security.ssl.SSLEngineImpl.setEnabledCipherSuites(SSLEngineImpl.java:2038)
	at io.netty.handler.ssl.JdkSslContext.configureAndWrapEngine(JdkSslContext.java:341)
	at io.netty.handler.ssl.JdkSslContext.newEngine(JdkSslContext.java:331)
	at io.netty.handler.ssl.SslContext.newHandler(SslContext.java:956)
	at io.netty.handler.ssl.SslContext.newHandler(SslContext.java:948)
	at org.apache.zookeeper.server.NettyServerCnxnFactory.initSSL(NettyServerCnxnFactory.java:575)
	at org.apache.zookeeper.server.NettyServerCnxnFactory.access$1300(NettyServerCnxnFactory.java:80)
	at org.apache.zookeeper.server.NettyServerCnxnFactory$1.initChannel(NettyServerCnxnFactory.java:540)
	at org.apache.zookeeper.server.NettyServerCnxnFactory$1.initChannel(NettyServerCnxnFactory.java:532)
	at io.netty.channel.ChannelInitializer.initChannel(ChannelInitializer.java:129)
	at io.netty.channel.ChannelInitializer.handlerAdded(ChannelInitializer.java:112)
	at io.netty.channel.AbstractChannelHandlerContext.callHandlerAdded(AbstractChannelHandlerContext.java:938)
	at io.netty.channel.DefaultChannelPipeline.callHandlerAdded0(DefaultChannelPipeline.java:609)
	at io.netty.channel.DefaultChannelPipeline.access$100(DefaultChannelPipeline.java:46)
	at io.netty.channel.DefaultChannelPipeline$PendingHandlerAddedTask.execute(DefaultChannelPipeline.java:1463)
	at io.netty.channel.DefaultChannelPipeline.callHandlerAddedForAllHandlers(DefaultChannelPipeline.java:1115)
	at io.netty.channel.DefaultChannelPipeline.invokeHandlerAddedIfNeeded(DefaultChannelPipeline.java:650)
	at io.netty.channel.AbstractChannel$AbstractUnsafe.register0(AbstractChannel.java:502)
	at io.netty.channel.AbstractChannel$AbstractUnsafe.access$200(AbstractChannel.java:417)
	at io.netty.channel.AbstractChannel$AbstractUnsafe$1.run(AbstractChannel.java:474)
	at io.netty.util.concurrent.AbstractEventExecutor.safeExecute(AbstractEventExecutor.java:164)
	at io.netty.util.concurrent.SingleThreadEventExecutor.runAllTasks(SingleThreadEventExecutor.java:472)
	at io.netty.channel.nio.NioEventLoop.run(NioEventLoop.java:500)
	at io.netty.util.concurrent.SingleThreadEventExecutor$4.run(SingleThreadEventExecutor.java:989)
	at io.netty.util.internal.ThreadExecutorMap$2.run(ThreadExecutorMap.java:74)
	at io.netty.util.concurrent.FastThreadLocalRunnable.run(FastThreadLocalRunnable.java:30)
	at java.lang.Thread.run(Thread.java:745)
2021-11-08 11:08:29,490 [myid:127.0.0.1:30075] - ERROR [nioEventLoopGroup-12-1:ClientCnxnSocketNetty$ZKClientHandler@522] - Unexpected throwable
java.io.IOException: 你的主机中的软件中止了一个已建立的连接。
	at sun.nio.ch.SocketDispatcher.read0(Native Method)
	at sun.nio.ch.SocketDispatcher.read(SocketDispatcher.java:43)
	at sun.nio.ch.IOUtil.readIntoNativeBuffer(IOUtil.java:223)
	at sun.nio.ch.IOUtil.read(IOUtil.java:192)
	at sun.nio.ch.SocketChannelImpl.read(SocketChannelImpl.java:379)
	at io.netty.buffer.PooledByteBuf.setBytes(PooledByteBuf.java:253)
	at io.netty.buffer.AbstractByteBuf.writeBytes(AbstractByteBuf.java:1134)
	at io.netty.buffer.WrappedByteBuf.writeBytes(WrappedByteBuf.java:821)
	at io.netty.buffer.AdvancedLeakAwareByteBuf.writeBytes(AdvancedLeakAwareByteBuf.java:635)
	at io.netty.channel.socket.nio.NioSocketChannel.doReadBytes(NioSocketChannel.java:350)
	at io.netty.channel.nio.AbstractNioByteChannel$NioByteUnsafe.read(AbstractNioByteChannel.java:151)
	at io.netty.channel.nio.NioEventLoop.processSelectedKey(NioEventLoop.java:719)
	at io.netty.channel.nio.NioEventLoop.processSelectedKeysOptimized(NioEventLoop.java:655)
	at io.netty.channel.nio.NioEventLoop.processSelectedKeys(NioEventLoop.java:581)
	at io.netty.channel.nio.NioEventLoop.run(NioEventLoop.java:493)
	at io.netty.util.concurrent.SingleThreadEventExecutor$4.run(SingleThreadEventExecutor.java:989)
	at io.netty.util.internal.ThreadExecutorMap$2.run(ThreadExecutorMap.java:74)
	at io.netty.util.concurrent.FastThreadLocalRunnable.run(FastThreadLocalRunnable.java:30)
	at java.lang.Thread.run(Thread.java:745)
2021-11-08 11:08:29,490 [myid:127.0.0.1:30075] - INFO  [nioEventLoopGroup-12-1:ClientCnxnSocketNetty@249] - channel is told closing
nioEventLoopGroup-12-1, called closeOutbound()
nioEventLoopGroup-12-1, closeOutboundInternal()
nioEventLoopGroup-12-1, SEND TLSv1.2 ALERT:  warning, description = close_notify
2021-11-08 11:08:29,490 [myid:127.0.0.1:30075] - WARN  [main-SendThread(127.0.0.1:30075):ClientCnxn$SendThread@1290] - Session 0x0 for sever xmind.net/127.0.0.1:30075, Closing socket connection. Attempting reconnect except it is a SessionExpiredException.
EndOfStreamException: channel for sessionid 0x0 is lost
	at org.apache.zookeeper.ClientCnxnSocketNetty.doTransport(ClientCnxnSocketNetty.java:285)
	at org.apache.zookeeper.ClientCnxn$SendThread.run(ClientCnxn.java:1280)
nioEventLoopGroup-12-1, WRITE: TLSv1.2 Alert, length = 2
nioEventLoopGroup-12-1, called closeInbound()
nioEventLoopGroup-12-1, fatal error: 80: Inbound closed before receiving peer's close_notify: possible truncation attack?
javax.net.ssl.SSLException: Inbound closed before receiving peer's close_notify: possible truncation attack?
nioEventLoopGroup-12-1, SEND TLSv1.2 ALERT:  fatal, description = internal_error
nioEventLoopGroup-12-1, Exception sending alert: java.io.IOException: writer side was already closed.
2021-11-08 11:08:29,490 [myid:127.0.0.1:30075] - INFO  [nioEventLoopGroup-12-1:ClientCnxnSocketNetty$ZKClientHandler@469] - channel is disconnected: [id: 0xdb8f5f4d, L:/127.0.0.1:2323 ! R:xmind.net/127.0.0.1:30075]
2021-11-08 11:08:29,780 [myid:127.0.0.1:30073] - WARN  [main-SendThread(127.0.0.1:30073):ClientCnxn$SendThread@1290] - Session 0x0 for sever xmind.net/127.0.0.1:30073, Closing socket connection. Attempting reconnect except it is a SessionExpiredException.
EndOfStreamException: channel for sessionid 0x0 is lost
	at org.apache.zookeeper.ClientCnxnSocketNetty.doTransport(ClientCnxnSocketNetty.java:285)
	at org.apache.zookeeper.ClientCnxn$SendThread.run(ClientCnxn.java:1280)
2021-11-08 11:08:30,801 [myid:127.0.0.1:30073] - INFO  [main-SendThread(127.0.0.1:30073):ClientCnxn$SendThread@1171] - Opening socket connection to server xmind.net/127.0.0.1:30073.
2021-11-08 11:08:30,801 [myid:127.0.0.1:30073] - INFO  [main-SendThread(127.0.0.1:30073):ClientCnxn$SendThread@1173] - SASL config status: Will not attempt to authenticate using SASL (unknown error)
adding as trusted cert:
  Subject: CN=localhost, OU=ZooKeeper, O=Apache, L=Unknown, ST=Unknown, C=Unknown
  Issuer:  CN=localhost, OU=ZooKeeper, O=Apache, L=Unknown, ST=Unknown, C=Unknown
  Algorithm: RSA; Serial number: 0x7334b506
  Valid from Sat Jan 31 02:57:30 CST 2015 until Wed Feb 08 02:57:30 CST 3015

trigger seeding of SecureRandom
done seeding SecureRandom
Using SSLEngineImpl.
Ignoring unavailable cipher suite: TLS_DHE_DSS_WITH_AES_256_GCM_SHA384
Ignoring unavailable cipher suite: TLS_RSA_WITH_AES_256_CBC_SHA
Ignoring unavailable cipher suite: TLS_DHE_RSA_WITH_AES_256_GCM_SHA384
Ignoring unavailable cipher suite: TLS_ECDH_ECDSA_WITH_AES_256_CBC_SHA
Ignoring unavailable cipher suite: TLS_ECDHE_ECDSA_WITH_AES_256_GCM_SHA384
Ignoring unavailable cipher suite: TLS_RSA_WITH_AES_256_CBC_SHA256
Ignoring unavailable cipher suite: TLS_DHE_DSS_WITH_AES_256_CBC_SHA
Ignoring unavailable cipher suite: TLS_ECDH_ECDSA_WITH_AES_256_GCM_SHA384
Ignoring unavailable cipher suite: TLS_ECDH_RSA_WITH_AES_256_CBC_SHA384
Ignoring unavailable cipher suite: TLS_RSA_WITH_AES_256_GCM_SHA384
Ignoring unavailable cipher suite: TLS_ECDH_ECDSA_WITH_AES_256_CBC_SHA384
Ignoring unavailable cipher suite: TLS_ECDHE_RSA_WITH_AES_256_CBC_SHA384
Ignoring unavailable cipher suite: TLS_ECDH_RSA_WITH_AES_256_CBC_SHA
Ignoring unavailable cipher suite: TLS_ECDH_RSA_WITH_AES_256_GCM_SHA384
Ignoring unavailable cipher suite: TLS_ECDHE_ECDSA_WITH_AES_256_CBC_SHA384
Ignoring unavailable cipher suite: TLS_DHE_RSA_WITH_AES_256_CBC_SHA256
Ignoring unavailable cipher suite: TLS_ECDHE_ECDSA_WITH_AES_256_CBC_SHA
Ignoring unavailable cipher suite: TLS_DHE_DSS_WITH_AES_256_CBC_SHA256
Ignoring unavailable cipher suite: TLS_DHE_RSA_WITH_AES_256_CBC_SHA
Ignoring unavailable cipher suite: TLS_ECDHE_RSA_WITH_AES_256_CBC_SHA
Ignoring unavailable cipher suite: TLS_ECDHE_RSA_WITH_AES_256_GCM_SHA384
2021-11-08 11:08:30,806 [myid:127.0.0.1:30073] - INFO  [nioEventLoopGroup-5-1:ClientCnxnSocketNetty$ZKClientPipelineFactory@454] - SSL handler added for channel: [id: 0x6caed78a]
2021-11-08 11:08:31,023 [myid:127.0.0.1:30075] - INFO  [main-SendThread(127.0.0.1:30075):ClientCnxn$SendThread@1171] - Opening socket connection to server xmind.net/127.0.0.1:30075.
2021-11-08 11:08:31,023 [myid:127.0.0.1:30075] - INFO  [main-SendThread(127.0.0.1:30075):ClientCnxn$SendThread@1173] - SASL config status: Will not attempt to authenticate using SASL (unknown error)
adding as trusted cert:
  Subject: CN=localhost, OU=ZooKeeper, O=Apache, L=Unknown, ST=Unknown, C=Unknown
  Issuer:  CN=localhost, OU=ZooKeeper, O=Apache, L=Unknown, ST=Unknown, C=Unknown
  Algorithm: RSA; Serial number: 0x7334b506
  Valid from Sat Jan 31 02:57:30 CST 2015 until Wed Feb 08 02:57:30 CST 3015

trigger seeding of SecureRandom
done seeding SecureRandom
Using SSLEngineImpl.
Ignoring unavailable cipher suite: TLS_DHE_DSS_WITH_AES_256_GCM_SHA384
Ignoring unavailable cipher suite: TLS_RSA_WITH_AES_256_CBC_SHA
Ignoring unavailable cipher suite: TLS_DHE_RSA_WITH_AES_256_GCM_SHA384
Ignoring unavailable cipher suite: TLS_ECDH_ECDSA_WITH_AES_256_CBC_SHA
Ignoring unavailable cipher suite: TLS_ECDHE_ECDSA_WITH_AES_256_GCM_SHA384
Ignoring unavailable cipher suite: TLS_RSA_WITH_AES_256_CBC_SHA256
Ignoring unavailable cipher suite: TLS_DHE_DSS_WITH_AES_256_CBC_SHA
Ignoring unavailable cipher suite: TLS_ECDH_ECDSA_WITH_AES_256_GCM_SHA384
Ignoring unavailable cipher suite: TLS_ECDH_RSA_WITH_AES_256_CBC_SHA384
Ignoring unavailable cipher suite: TLS_RSA_WITH_AES_256_GCM_SHA384
Ignoring unavailable cipher suite: TLS_ECDH_ECDSA_WITH_AES_256_CBC_SHA384
Ignoring unavailable cipher suite: TLS_ECDHE_RSA_WITH_AES_256_CBC_SHA384
Ignoring unavailable cipher suite: TLS_ECDH_RSA_WITH_AES_256_CBC_SHA
Ignoring unavailable cipher suite: TLS_ECDH_RSA_WITH_AES_256_GCM_SHA384
Ignoring unavailable cipher suite: TLS_ECDHE_ECDSA_WITH_AES_256_CBC_SHA384
Ignoring unavailable cipher suite: TLS_DHE_RSA_WITH_AES_256_CBC_SHA256
Ignoring unavailable cipher suite: TLS_ECDHE_ECDSA_WITH_AES_256_CBC_SHA
Ignoring unavailable cipher suite: TLS_DHE_DSS_WITH_AES_256_CBC_SHA256
Ignoring unavailable cipher suite: TLS_DHE_RSA_WITH_AES_256_CBC_SHA
Ignoring unavailable cipher suite: TLS_ECDHE_RSA_WITH_AES_256_CBC_SHA
Ignoring unavailable cipher suite: TLS_ECDHE_RSA_WITH_AES_256_GCM_SHA384
2021-11-08 11:08:31,024 [myid:127.0.0.1:30075] - INFO  [nioEventLoopGroup-12-1:ClientCnxnSocketNetty$ZKClientPipelineFactory@454] - SSL handler added for channel: [id: 0xec917b32]
2021-11-08 11:08:31,025 [myid:127.0.0.1:30075] - INFO  [nioEventLoopGroup-12-1:ClientCnxn$SendThread@1005] - Socket connection established, initiating session, client: /127.0.0.1:2429, server: xmind.net/127.0.0.1:30075
2021-11-08 11:08:31,025 [myid:127.0.0.1:30075] - INFO  [nioEventLoopGroup-12-1:ClientCnxnSocketNetty$1@184] - channel is connected: [id: 0xec917b32, L:/127.0.0.1:2429 - R:xmind.net/127.0.0.1:30075]
Allow unsafe renegotiation: false
Allow legacy hello messages: true
Is initial handshake: true
Is secure renegotiation: false
Ignoring unsupported cipher suite: TLS_ECDHE_ECDSA_WITH_AES_128_CBC_SHA256 for TLSv1
trigger seeding of SecureRandom
Ignoring unsupported cipher suite: TLS_ECDHE_RSA_WITH_AES_128_CBC_SHA256 for TLSv1
Ignoring unsupported cipher suite: TLS_RSA_WITH_AES_128_CBC_SHA256 for TLSv1
Ignoring unsupported cipher suite: TLS_ECDH_ECDSA_WITH_AES_128_CBC_SHA256 for TLSv1
done seeding SecureRandom
Ignoring unsupported cipher suite: TLS_ECDH_RSA_WITH_AES_128_CBC_SHA256 for TLSv1
Ignoring unsupported cipher suite: TLS_DHE_RSA_WITH_AES_128_CBC_SHA256 for TLSv1
Using SSLEngineImpl.
Ignoring unsupported cipher suite: TLS_DHE_DSS_WITH_AES_128_CBC_SHA256 for TLSv1
Ignoring unavailable cipher suite: TLS_DHE_DSS_WITH_AES_256_GCM_SHA384
Ignoring unsupported cipher suite: TLS_ECDHE_ECDSA_WITH_AES_128_CBC_SHA256 for TLSv1.1
Ignoring unsupported cipher suite: TLS_ECDHE_RSA_WITH_AES_128_CBC_SHA256 for TLSv1.1
Ignoring unsupported cipher suite: TLS_RSA_WITH_AES_128_CBC_SHA256 for TLSv1.1
Ignoring unsupported cipher suite: TLS_ECDH_ECDSA_WITH_AES_128_CBC_SHA256 for TLSv1.1
Ignoring unsupported cipher suite: TLS_ECDH_RSA_WITH_AES_128_CBC_SHA256 for TLSv1.1
Ignoring unsupported cipher suite: TLS_DHE_RSA_WITH_AES_128_CBC_SHA256 for TLSv1.1
Ignoring unsupported cipher suite: TLS_DHE_DSS_WITH_AES_128_CBC_SHA256 for TLSv1.1
Ignoring unavailable cipher suite: TLS_RSA_WITH_AES_256_CBC_SHA
Ignoring unavailable cipher suite: TLS_DHE_RSA_WITH_AES_256_GCM_SHA384
Ignoring unavailable cipher suite: TLS_ECDH_ECDSA_WITH_AES_256_CBC_SHA
Ignoring unavailable cipher suite: TLS_ECDHE_ECDSA_WITH_AES_256_GCM_SHA384
Ignoring unavailable cipher suite: TLS_RSA_WITH_AES_256_CBC_SHA256
Ignoring unavailable cipher suite: TLS_DHE_DSS_WITH_AES_256_CBC_SHA
%% No cached client session
Ignoring unavailable cipher suite: TLS_ECDH_ECDSA_WITH_AES_256_GCM_SHA384
Ignoring unavailable cipher suite: TLS_ECDH_RSA_WITH_AES_256_CBC_SHA384
Ignoring unavailable cipher suite: TLS_RSA_WITH_AES_256_GCM_SHA384
Ignoring unavailable cipher suite: TLS_ECDH_ECDSA_WITH_AES_256_CBC_SHA384
Ignoring unavailable cipher suite: TLS_ECDHE_RSA_WITH_AES_256_CBC_SHA384
*** ClientHello, TLSv1.2
Ignoring unavailable cipher suite: TLS_ECDH_RSA_WITH_AES_256_CBC_SHA
RandomCookie:  GMT: 1619497903 bytes = { 199Ignoring unavailable cipher suite: TLS_ECDH_RSA_WITH_AES_256_GCM_SHA384
, 241, 197, 222, 248Ignoring unavailable cipher suite: TLS_ECDHE_ECDSA_WITH_AES_256_CBC_SHA384
, Ignoring unavailable cipher suite: TLS_DHE_RSA_WITH_AES_256_CBC_SHA256
103, 63, 84Ignoring unavailable cipher suite: TLS_ECDHE_ECDSA_WITH_AES_256_CBC_SHA
Ignoring unavailable cipher suite: TLS_DHE_DSS_WITH_AES_256_CBC_SHA256
, 129Ignoring unavailable cipher suite: TLS_DHE_RSA_WITH_AES_256_CBC_SHA
, Ignoring unavailable cipher suite: TLS_ECDHE_RSA_WITH_AES_256_CBC_SHA
142Ignoring unavailable cipher suite: TLS_ECDHE_RSA_WITH_AES_256_GCM_SHA384
, 164, 41, 153, 14, 152, 150, 110, 236, 12, 67, 209, 108, 77, 109, 224, 40, 181, 62 }
Session ID:  {}
Cipher Suites: [TLS_ECDHE_ECDSA_WITH_AES_128_CBC_SHA256, TLS_ECDHE_RSA_WITH_AES_128_CBC_SHA256, TLS_RSA_WITH_AES_128_CBC_SHA256, TLS_ECDH_ECDSA_WITH_AES_128_CBC_SHA256, TLS_ECDH_RSA_WITH_AES_128_CBC_SHA256, TLS_DHE_RSA_WITH_AES_128_CBC_SHA256, TLS_DHE_DSS_WITH_AES_128_CBC_SHA256, TLS_ECDHE_ECDSA_WITH_AES_128_CBC_SHA, TLS_ECDHE_RSA_WITH_AES_128_CBC_SHA, TLS_RSA_WITH_AES_128_CBC_SHA, TLS_ECDH_ECDSA_WITH_AES_128_CBC_SHA, TLS_ECDH_RSA_WITH_AES_128_CBC_SHA, TLS_DHE_RSA_WITH_AES_128_CBC_SHA, TLS_DHE_DSS_WITH_AES_128_CBC_SHA, TLS_ECDHE_ECDSA_WITH_AES_128_GCM_SHA256, TLS_ECDHE_RSA_WITH_AES_128_GCM_SHA256, TLS_RSA_WITH_AES_128_GCM_SHA256, TLS_ECDH_ECDSA_WITH_AES_128_GCM_SHA256, TLS_ECDH_RSA_WITH_AES_128_GCM_SHA256, TLS_DHE_RSA_WITH_AES_128_GCM_SHA256, TLS_DHE_DSS_WITH_AES_128_GCM_SHA256, TLS_ECDHE_ECDSA_WITH_3DES_EDE_CBC_SHA, TLS_ECDHE_RSA_WITH_3DES_EDE_CBC_SHA, SSL_RSA_WITH_3DES_EDE_CBC_SHA, TLS_ECDH_ECDSA_WITH_3DES_EDE_CBC_SHA, TLS_ECDH_RSA_WITH_3DES_EDE_CBC_SHA, SSL_DHE_RSA_WITH_3DES_EDE_CBC_SHA, SSL_DHE_DSS_WITH_3DES_EDE_CBC_SHA, TLS_ECDHE_ECDSA_WITH_RC4_128_SHA, TLS_ECDHE_RSA_WITH_RC4_128_SHA, SSL_RSA_WITH_RC4_128_SHA, TLS_ECDH_ECDSA_WITH_RC4_128_SHA, TLS_ECDH_RSA_WITH_RC4_128_SHA, SSL_RSA_WITH_RC4_128_MD5, TLS_EMPTY_RENEGOTIATION_INFO_SCSV]
Compression Methods:  { 0 }
Extension elliptic_curves, curve names: {secp256r1, sect163k1, sect163r2, secp192r1, secp224r1, sect233k1, sect233r1, sect283k1, sect283r1, secp384r1, sect409k1, sect409r1, secp521r1, sect571k1, sect571r1, secp160k1, secp160r1, secp160r2, sect163r1, secp192k1, sect193r1, sect193r2, secp224k1, sect239k1, secp256k1}
Extension ec_point_formats, formats: [uncompressed]
Extension signature_algorithms, signature_algorithms: SHA512withECDSA, SHA512withRSA, SHA384withECDSA, SHA384withRSA, SHA256withECDSA, SHA256withRSA, SHA224withECDSA, SHA224withRSA, SHA1withECDSA, SHA1withRSA, SHA1withDSA, MD5withRSA
Extension server_name, server_name: [type=host_name (0), value=xmind.net]
***
nioEventLoopGroup-12-1, WRITE: TLSv1.2 Handshake, length = 225
2021-11-08 11:08:31,026 [myid:] - WARN  [nioEventLoopGroup-11-3:ChannelInitializer@97] - Failed to initialize a channel. Closing: [id: 0xe3fc2936, L:/127.0.0.1:30075 - R:/127.0.0.1:2429]
java.lang.IllegalArgumentException: Cannot support TLS_ECDHE_ECDSA_WITH_AES_256_CBC_SHA384 with currently installed providers
	at sun.security.ssl.CipherSuiteList.<init>(CipherSuiteList.java:92)
	at sun.security.ssl.SSLEngineImpl.setEnabledCipherSuites(SSLEngineImpl.java:2038)
	at io.netty.handler.ssl.JdkSslContext.configureAndWrapEngine(JdkSslContext.java:341)
	at io.netty.handler.ssl.JdkSslContext.newEngine(JdkSslContext.java:331)
	at io.netty.handler.ssl.SslContext.newHandler(SslContext.java:956)
	at io.netty.handler.ssl.SslContext.newHandler(SslContext.java:948)
	at org.apache.zookeeper.server.NettyServerCnxnFactory.initSSL(NettyServerCnxnFactory.java:575)
	at org.apache.zookeeper.server.NettyServerCnxnFactory.access$1300(NettyServerCnxnFactory.java:80)
	at org.apache.zookeeper.server.NettyServerCnxnFactory$1.initChannel(NettyServerCnxnFactory.java:540)
	at org.apache.zookeeper.server.NettyServerCnxnFactory$1.initChannel(NettyServerCnxnFactory.java:532)
	at io.netty.channel.ChannelInitializer.initChannel(ChannelInitializer.java:129)
	at io.netty.channel.ChannelInitializer.handlerAdded(ChannelInitializer.java:112)
	at io.netty.channel.AbstractChannelHandlerContext.callHandlerAdded(AbstractChannelHandlerContext.java:938)
	at io.netty.channel.DefaultChannelPipeline.callHandlerAdded0(DefaultChannelPipeline.java:609)
	at io.netty.channel.DefaultChannelPipeline.access$100(DefaultChannelPipeline.java:46)
	at io.netty.channel.DefaultChannelPipeline$PendingHandlerAddedTask.execute(DefaultChannelPipeline.java:1463)
	at io.netty.channel.DefaultChannelPipeline.callHandlerAddedForAllHandlers(DefaultChannelPipeline.java:1115)
	at io.netty.channel.DefaultChannelPipeline.invokeHandlerAddedIfNeeded(DefaultChannelPipeline.java:650)
	at io.netty.channel.AbstractChannel$AbstractUnsafe.register0(AbstractChannel.java:502)
	at io.netty.channel.AbstractChannel$AbstractUnsafe.access$200(AbstractChannel.java:417)
	at io.netty.channel.AbstractChannel$AbstractUnsafe$1.run(AbstractChannel.java:474)
	at io.netty.util.concurrent.AbstractEventExecutor.safeExecute(AbstractEventExecutor.java:164)
	at io.netty.util.concurrent.SingleThreadEventExecutor.runAllTasks(SingleThreadEventExecutor.java:472)
	at io.netty.channel.nio.NioEventLoop.run(NioEventLoop.java:500)
	at io.netty.util.concurrent.SingleThreadEventExecutor$4.run(SingleThreadEventExecutor.java:989)
	at io.netty.util.internal.ThreadExecutorMap$2.run(ThreadExecutorMap.java:74)
	at io.netty.util.concurrent.FastThreadLocalRunnable.run(FastThreadLocalRunnable.java:30)
	at java.lang.Thread.run(Thread.java:745)
2021-11-08 11:08:31,026 [myid:127.0.0.1:30075] - ERROR [nioEventLoopGroup-12-1:ClientCnxnSocketNetty$ZKClientHandler@522] - Unexpected throwable
java.io.IOException: 你的主机中的软件中止了一个已建立的连接。
	at sun.nio.ch.SocketDispatcher.read0(Native Method)
	at sun.nio.ch.SocketDispatcher.read(SocketDispatcher.java:43)
	at sun.nio.ch.IOUtil.readIntoNativeBuffer(IOUtil.java:223)
	at sun.nio.ch.IOUtil.read(IOUtil.java:192)
	at sun.nio.ch.SocketChannelImpl.read(SocketChannelImpl.java:379)
	at io.netty.buffer.PooledByteBuf.setBytes(PooledByteBuf.java:253)
	at io.netty.buffer.AbstractByteBuf.writeBytes(AbstractByteBuf.java:1134)
	at io.netty.buffer.WrappedByteBuf.writeBytes(WrappedByteBuf.java:821)
	at io.netty.buffer.AdvancedLeakAwareByteBuf.writeBytes(AdvancedLeakAwareByteBuf.java:635)
	at io.netty.channel.socket.nio.NioSocketChannel.doReadBytes(NioSocketChannel.java:350)
	at io.netty.channel.nio.AbstractNioByteChannel$NioByteUnsafe.read(AbstractNioByteChannel.java:151)
	at io.netty.channel.nio.NioEventLoop.processSelectedKey(NioEventLoop.java:719)
	at io.netty.channel.nio.NioEventLoop.processSelectedKeysOptimized(NioEventLoop.java:655)
	at io.netty.channel.nio.NioEventLoop.processSelectedKeys(NioEventLoop.java:581)
	at io.netty.channel.nio.NioEventLoop.run(NioEventLoop.java:493)
	at io.netty.util.concurrent.SingleThreadEventExecutor$4.run(SingleThreadEventExecutor.java:989)
	at io.netty.util.internal.ThreadExecutorMap$2.run(ThreadExecutorMap.java:74)
	at io.netty.util.concurrent.FastThreadLocalRunnable.run(FastThreadLocalRunnable.java:30)
	at java.lang.Thread.run(Thread.java:745)
2021-11-08 11:08:31,026 [myid:127.0.0.1:30075] - INFO  [nioEventLoopGroup-12-1:ClientCnxnSocketNetty@249] - channel is told closing
nioEventLoopGroup-12-1, called closeOutbound()
nioEventLoopGroup-12-1, closeOutboundInternal()
nioEventLoopGroup-12-1, SEND TLSv1.2 ALERT:  warning, description = close_notify
nioEventLoopGroup-12-1, WRITE: TLSv1.2 Alert, length = 2
nioEventLoopGroup-12-1, called closeInbound()
2021-11-08 11:08:31,026 [myid:127.0.0.1:30075] - WARN  [main-SendThread(127.0.0.1:30075):ClientCnxn$SendThread@1290] - Session 0x0 for sever xmind.net/127.0.0.1:30075, Closing socket connection. Attempting reconnect except it is a SessionExpiredException.
EndOfStreamException: channel for sessionid 0x0 is lost
	at org.apache.zookeeper.ClientCnxnSocketNetty.doTransport(ClientCnxnSocketNetty.java:285)
	at org.apache.zookeeper.ClientCnxn$SendThread.run(ClientCnxn.java:1280)
nioEventLoopGroup-12-1, fatal error: 80: Inbound closed before receiving peer's close_notify: possible truncation attack?
javax.net.ssl.SSLException: Inbound closed before receiving peer's close_notify: possible truncation attack?
nioEventLoopGroup-12-1, SEND TLSv1.2 ALERT:  fatal, description = internal_error
nioEventLoopGroup-12-1, Exception sending alert: java.io.IOException: writer side was already closed.
2021-11-08 11:08:31,027 [myid:127.0.0.1:30075] - INFO  [nioEventLoopGroup-12-1:ClientCnxnSocketNetty$ZKClientHandler@469] - channel is disconnected: [id: 0xec917b32, L:/127.0.0.1:2429 ! R:xmind.net/127.0.0.1:30075]
2021-11-08 11:08:32,404 [myid:127.0.0.1:30075] - INFO  [main-SendThread(127.0.0.1:30075):ClientCnxn$SendThread@1171] - Opening socket connection to server xmind.net/127.0.0.1:30075.
2021-11-08 11:08:32,404 [myid:127.0.0.1:30075] - INFO  [main-SendThread(127.0.0.1:30075):ClientCnxn$SendThread@1173] - SASL config status: Will not attempt to authenticate using SASL (unknown error)
adding as trusted cert:
  Subject: CN=localhost, OU=ZooKeeper, O=Apache, L=Unknown, ST=Unknown, C=Unknown
  Issuer:  CN=localhost, OU=ZooKeeper, O=Apache, L=Unknown, ST=Unknown, C=Unknown
  Algorithm: RSA; Serial number: 0x7334b506
  Valid from Sat Jan 31 02:57:30 CST 2015 until Wed Feb 08 02:57:30 CST 3015

trigger seeding of SecureRandom
done seeding SecureRandom
Using SSLEngineImpl.
Ignoring unavailable cipher suite: TLS_DHE_DSS_WITH_AES_256_GCM_SHA384
Ignoring unavailable cipher suite: TLS_RSA_WITH_AES_256_CBC_SHA
Ignoring unavailable cipher suite: TLS_DHE_RSA_WITH_AES_256_GCM_SHA384
Ignoring unavailable cipher suite: TLS_ECDH_ECDSA_WITH_AES_256_CBC_SHA
Ignoring unavailable cipher suite: TLS_ECDHE_ECDSA_WITH_AES_256_GCM_SHA384
Ignoring unavailable cipher suite: TLS_RSA_WITH_AES_256_CBC_SHA256
Ignoring unavailable cipher suite: TLS_DHE_DSS_WITH_AES_256_CBC_SHA
Ignoring unavailable cipher suite: TLS_ECDH_ECDSA_WITH_AES_256_GCM_SHA384
Ignoring unavailable cipher suite: TLS_ECDH_RSA_WITH_AES_256_CBC_SHA384
Ignoring unavailable cipher suite: TLS_RSA_WITH_AES_256_GCM_SHA384
Ignoring unavailable cipher suite: TLS_ECDH_ECDSA_WITH_AES_256_CBC_SHA384
Ignoring unavailable cipher suite: TLS_ECDHE_RSA_WITH_AES_256_CBC_SHA384
Ignoring unavailable cipher suite: TLS_ECDH_RSA_WITH_AES_256_CBC_SHA
Ignoring unavailable cipher suite: TLS_ECDH_RSA_WITH_AES_256_GCM_SHA384
Ignoring unavailable cipher suite: TLS_ECDHE_ECDSA_WITH_AES_256_CBC_SHA384
Ignoring unavailable cipher suite: TLS_DHE_RSA_WITH_AES_256_CBC_SHA256
Ignoring unavailable cipher suite: TLS_ECDHE_ECDSA_WITH_AES_256_CBC_SHA
Ignoring unavailable cipher suite: TLS_DHE_DSS_WITH_AES_256_CBC_SHA256
Ignoring unavailable cipher suite: TLS_DHE_RSA_WITH_AES_256_CBC_SHA
Ignoring unavailable cipher suite: TLS_ECDHE_RSA_WITH_AES_256_CBC_SHA
Ignoring unavailable cipher suite: TLS_ECDHE_RSA_WITH_AES_256_GCM_SHA384
2021-11-08 11:08:32,405 [myid:127.0.0.1:30075] - INFO  [nioEventLoopGroup-12-1:ClientCnxnSocketNetty$ZKClientPipelineFactory@454] - SSL handler added for channel: [id: 0xd479bcb1]
2021-11-08 11:08:32,406 [myid:127.0.0.1:30075] - INFO  [nioEventLoopGroup-12-1:ClientCnxn$SendThread@1005] - Socket connection established, initiating session, client: /127.0.0.1:2503, server: xmind.net/127.0.0.1:30075
2021-11-08 11:08:32,406 [myid:127.0.0.1:30075] - INFO  [nioEventLoopGroup-12-1:ClientCnxnSocketNetty$1@184] - channel is connected: [id: 0xd479bcb1, L:/127.0.0.1:2503 - R:xmind.net/127.0.0.1:30075]
Allow unsafe renegotiation: false
Allow legacy hello messages: true
Is initial handshake: true
Is secure renegotiation: false
Ignoring unsupported cipher suite: TLS_ECDHE_ECDSA_WITH_AES_128_CBC_SHA256 for TLSv1
Ignoring unsupported cipher suite: TLS_ECDHE_RSA_WITH_AES_128_CBC_SHA256 for TLSv1
Ignoring unsupported cipher suite: TLS_RSA_WITH_AES_128_CBC_SHA256 for TLSv1
Ignoring unsupported cipher suite: TLS_ECDH_ECDSA_WITH_AES_128_CBC_SHA256 for TLSv1
trigger seeding of SecureRandom
Ignoring unsupported cipher suite: TLS_ECDH_RSA_WITH_AES_128_CBC_SHA256 for TLSv1
Ignoring unsupported cipher suite: TLS_DHE_RSA_WITH_AES_128_CBC_SHA256 for TLSv1
done seeding SecureRandom
Ignoring unsupported cipher suite: TLS_DHE_DSS_WITH_AES_128_CBC_SHA256 for TLSv1
Using SSLEngineImpl.
Ignoring unavailable cipher suite: TLS_DHE_DSS_WITH_AES_256_GCM_SHA384
Ignoring unsupported cipher suite: TLS_ECDHE_ECDSA_WITH_AES_128_CBC_SHA256 for TLSv1.1
Ignoring unsupported cipher suite: TLS_ECDHE_RSA_WITH_AES_128_CBC_SHA256 for TLSv1.1
Ignoring unsupported cipher suite: TLS_RSA_WITH_AES_128_CBC_SHA256 for TLSv1.1
Ignoring unsupported cipher suite: TLS_ECDH_ECDSA_WITH_AES_128_CBC_SHA256 for TLSv1.1
Ignoring unsupported cipher suite: TLS_ECDH_RSA_WITH_AES_128_CBC_SHA256 for TLSv1.1
Ignoring unsupported cipher suite: TLS_DHE_RSA_WITH_AES_128_CBC_SHA256 for TLSv1.1
Ignoring unsupported cipher suite: TLS_DHE_DSS_WITH_AES_128_CBC_SHA256 for TLSv1.1
Ignoring unavailable cipher suite: TLS_RSA_WITH_AES_256_CBC_SHA
Ignoring unavailable cipher suite: TLS_DHE_RSA_WITH_AES_256_GCM_SHA384
Ignoring unavailable cipher suite: TLS_ECDH_ECDSA_WITH_AES_256_CBC_SHA
Ignoring unavailable cipher suite: TLS_ECDHE_ECDSA_WITH_AES_256_GCM_SHA384
Ignoring unavailable cipher suite: TLS_RSA_WITH_AES_256_CBC_SHA256
%% No cached client session
Ignoring unavailable cipher suite: TLS_DHE_DSS_WITH_AES_256_CBC_SHA
Ignoring unavailable cipher suite: TLS_ECDH_ECDSA_WITH_AES_256_GCM_SHA384
Ignoring unavailable cipher suite: TLS_ECDH_RSA_WITH_AES_256_CBC_SHA384
*** ClientHello, TLSv1.2
Ignoring unavailable cipher suite: TLS_RSA_WITH_AES_256_GCM_SHA384
Ignoring unavailable cipher suite: TLS_ECDH_ECDSA_WITH_AES_256_CBC_SHA384
RandomCookie:  Ignoring unavailable cipher suite: TLS_ECDHE_RSA_WITH_AES_256_CBC_SHA384
GMT: 1619497904 bytes = { 203, 1, 155, Ignoring unavailable cipher suite: TLS_ECDH_RSA_WITH_AES_256_CBC_SHA
200, 126, 28, 30, 43, 143, 72, 175, Ignoring unavailable cipher suite: TLS_ECDH_RSA_WITH_AES_256_GCM_SHA384
171, 145, 14, 197, 232, 244, 199, 33, 206Ignoring unavailable cipher suite: TLS_ECDHE_ECDSA_WITH_AES_256_CBC_SHA384
, 6, 124, 187Ignoring unavailable cipher suite: TLS_DHE_RSA_WITH_AES_256_CBC_SHA256
, 156Ignoring unavailable cipher suite: TLS_ECDHE_ECDSA_WITH_AES_256_CBC_SHA
, 170, 231, 111, Ignoring unavailable cipher suite: TLS_DHE_DSS_WITH_AES_256_CBC_SHA256
55 }
Session ID:  Ignoring unavailable cipher suite: TLS_DHE_RSA_WITH_AES_256_CBC_SHA
{}
Ignoring unavailable cipher suite: TLS_ECDHE_RSA_WITH_AES_256_CBC_SHA
Ignoring unavailable cipher suite: TLS_ECDHE_RSA_WITH_AES_256_GCM_SHA384
Cipher Suites: [TLS_ECDHE_ECDSA_WITH_AES_128_CBC_SHA256, TLS_ECDHE_RSA_WITH_AES_128_CBC_SHA256, TLS_RSA_WITH_AES_128_CBC_SHA256, TLS_ECDH_ECDSA_WITH_AES_128_CBC_SHA256, TLS_ECDH_RSA_WITH_AES_128_CBC_SHA256, TLS_DHE_RSA_WITH_AES_128_CBC_SHA256, TLS_DHE_DSS_WITH_AES_128_CBC_SHA256, TLS_ECDHE_ECDSA_WITH_AES_128_CBC_SHA, TLS_ECDHE_RSA_WITH_AES_128_CBC_SHA, TLS_RSA_WITH_AES_128_CBC_SHA, TLS_ECDH_ECDSA_WITH_AES_128_CBC_SHA, TLS_ECDH_RSA_WITH_AES_128_CBC_SHA, TLS_DHE_RSA_WITH_AES_128_CBC_SHA, TLS_DHE_DSS_WITH_AES_128_CBC_SHA, TLS_ECDHE_ECDSA_WITH_AES_128_GCM_SHA256, TLS_ECDHE_RSA_WITH_AES_128_GCM_SHA256, TLS_RSA_WITH_AES_128_GCM_SHA256, TLS_ECDH_ECDSA_WITH_AES_128_GCM_SHA256, TLS_ECDH_RSA_WITH_AES_128_GCM_SHA256, TLS_DHE_RSA_WITH_AES_128_GCM_SHA256, TLS_DHE_DSS_WITH_AES_128_GCM_SHA256, TLS_ECDHE_ECDSA_WITH_3DES_EDE_CBC_SHA, TLS_ECDHE_RSA_WITH_3DES_EDE_CBC_SHA, SSL_RSA_WITH_3DES_EDE_CBC_SHA, TLS_ECDH_ECDSA_WITH_3DES_EDE_CBC_SHA, TLS_ECDH_RSA_WITH_3DES_EDE_CBC_SHA, SSL_DHE_RSA_WITH_3DES_EDE_CBC_SHA, SSL_DHE_DSS_WITH_3DES_EDE_CBC_SHA, TLS_ECDHE_ECDSA_WITH_RC4_128_SHA, TLS_ECDHE_RSA_WITH_RC4_128_SHA, SSL_RSA_WITH_RC4_128_SHA, TLS_ECDH_ECDSA_WITH_RC4_128_SHA, TLS_ECDH_RSA_WITH_RC4_128_SHA, SSL_RSA_WITH_RC4_128_MD5, TLS_EMPTY_RENEGOTIATION_INFO_SCSV]
Compression Methods:  { 0 }
Extension elliptic_curves, curve names: {secp256r1, sect163k1, sect163r2, secp192r1, secp224r1, sect233k1, sect233r1, sect283k1, sect283r1, secp384r1, sect409k1, sect409r1, secp521r1, sect571k1, sect571r1, secp160k1, secp160r1, secp160r2, sect163r1, secp192k1, sect193r1, sect193r2, secp224k1, sect239k1, secp256k1}
Extension ec_point_formats, formats: [uncompressed]
Extension signature_algorithms, signature_algorithms: SHA512withECDSA, SHA512withRSA, SHA384withECDSA, SHA384withRSA, SHA256withECDSA, SHA256withRSA, SHA224withECDSA, SHA224withRSA, SHA1withECDSA, SHA1withRSA, SHA1withDSA, MD5withRSA
Extension server_name, server_name: [type=host_name (0), value=xmind.net]
***
nioEventLoopGroup-12-1, WRITE: TLSv1.2 Handshake, length = 225
2021-11-08 11:08:32,407 [myid:] - WARN  [nioEventLoopGroup-11-4:ChannelInitializer@97] - Failed to initialize a channel. Closing: [id: 0x53de2d04, L:/127.0.0.1:30075 - R:/127.0.0.1:2503]
java.lang.IllegalArgumentException: Cannot support TLS_ECDHE_ECDSA_WITH_AES_256_CBC_SHA384 with currently installed providers
	at sun.security.ssl.CipherSuiteList.<init>(CipherSuiteList.java:92)
	at sun.security.ssl.SSLEngineImpl.setEnabledCipherSuites(SSLEngineImpl.java:2038)
	at io.netty.handler.ssl.JdkSslContext.configureAndWrapEngine(JdkSslContext.java:341)
	at io.netty.handler.ssl.JdkSslContext.newEngine(JdkSslContext.java:331)
	at io.netty.handler.ssl.SslContext.newHandler(SslContext.java:956)
	at io.netty.handler.ssl.SslContext.newHandler(SslContext.java:948)
	at org.apache.zookeeper.server.NettyServerCnxnFactory.initSSL(NettyServerCnxnFactory.java:575)
	at org.apache.zookeeper.server.NettyServerCnxnFactory.access$1300(NettyServerCnxnFactory.java:80)
	at org.apache.zookeeper.server.NettyServerCnxnFactory$1.initChannel(NettyServerCnxnFactory.java:540)
	at org.apache.zookeeper.server.NettyServerCnxnFactory$1.initChannel(NettyServerCnxnFactory.java:532)
	at io.netty.channel.ChannelInitializer.initChannel(ChannelInitializer.java:129)
	at io.netty.channel.ChannelInitializer.handlerAdded(ChannelInitializer.java:112)
	at io.netty.channel.AbstractChannelHandlerContext.callHandlerAdded(AbstractChannelHandlerContext.java:938)
	at io.netty.channel.DefaultChannelPipeline.callHandlerAdded0(DefaultChannelPipeline.java:609)
	at io.netty.channel.DefaultChannelPipeline.access$100(DefaultChannelPipeline.java:46)
	at io.netty.channel.DefaultChannelPipeline$PendingHandlerAddedTask.execute(DefaultChannelPipeline.java:1463)
	at io.netty.channel.DefaultChannelPipeline.callHandlerAddedForAllHandlers(DefaultChannelPipeline.java:1115)
	at io.netty.channel.DefaultChannelPipeline.invokeHandlerAddedIfNeeded(DefaultChannelPipeline.java:650)
	at io.netty.channel.AbstractChannel$AbstractUnsafe.register0(AbstractChannel.java:502)
	at io.netty.channel.AbstractChannel$AbstractUnsafe.access$200(AbstractChannel.java:417)
	at io.netty.channel.AbstractChannel$AbstractUnsafe$1.run(AbstractChannel.java:474)
	at io.netty.util.concurrent.AbstractEventExecutor.safeExecute(AbstractEventExecutor.java:164)
	at io.netty.util.concurrent.SingleThreadEventExecutor.runAllTasks(SingleThreadEventExecutor.java:472)
	at io.netty.channel.nio.NioEventLoop.run(NioEventLoop.java:500)
	at io.netty.util.concurrent.SingleThreadEventExecutor$4.run(SingleThreadEventExecutor.java:989)
	at io.netty.util.internal.ThreadExecutorMap$2.run(ThreadExecutorMap.java:74)
	at io.netty.util.concurrent.FastThreadLocalRunnable.run(FastThreadLocalRunnable.java:30)
	at java.lang.Thread.run(Thread.java:745)
2021-11-08 11:08:32,407 [myid:127.0.0.1:30075] - ERROR [nioEventLoopGroup-12-1:ClientCnxnSocketNetty$ZKClientHandler@522] - Unexpected throwable
java.io.IOException: 你的主机中的软件中止了一个已建立的连接。
	at sun.nio.ch.SocketDispatcher.read0(Native Method)
	at sun.nio.ch.SocketDispatcher.read(SocketDispatcher.java:43)
	at sun.nio.ch.IOUtil.readIntoNativeBuffer(IOUtil.java:223)
	at sun.nio.ch.IOUtil.read(IOUtil.java:192)
	at sun.nio.ch.SocketChannelImpl.read(SocketChannelImpl.java:379)
	at io.netty.buffer.PooledByteBuf.setBytes(PooledByteBuf.java:253)
	at io.netty.buffer.AbstractByteBuf.writeBytes(AbstractByteBuf.java:1134)
	at io.netty.buffer.WrappedByteBuf.writeBytes(WrappedByteBuf.java:821)
	at io.netty.buffer.AdvancedLeakAwareByteBuf.writeBytes(AdvancedLeakAwareByteBuf.java:635)
	at io.netty.channel.socket.nio.NioSocketChannel.doReadBytes(NioSocketChannel.java:350)
	at io.netty.channel.nio.AbstractNioByteChannel$NioByteUnsafe.read(AbstractNioByteChannel.java:151)
	at io.netty.channel.nio.NioEventLoop.processSelectedKey(NioEventLoop.java:719)
	at io.netty.channel.nio.NioEventLoop.processSelectedKeysOptimized(NioEventLoop.java:655)
	at io.netty.channel.nio.NioEventLoop.processSelectedKeys(NioEventLoop.java:581)
	at io.netty.channel.nio.NioEventLoop.run(NioEventLoop.java:493)
	at io.netty.util.concurrent.SingleThreadEventExecutor$4.run(SingleThreadEventExecutor.java:989)
	at io.netty.util.internal.ThreadExecutorMap$2.run(ThreadExecutorMap.java:74)
	at io.netty.util.concurrent.FastThreadLocalRunnable.run(FastThreadLocalRunnable.java:30)
	at java.lang.Thread.run(Thread.java:745)
2021-11-08 11:08:32,408 [myid:127.0.0.1:30075] - INFO  [nioEventLoopGroup-12-1:ClientCnxnSocketNetty@249] - channel is told closing
nioEventLoopGroup-12-1, called closeOutbound()
nioEventLoopGroup-12-1, closeOutboundInternal()
nioEventLoopGroup-12-1, SEND TLSv1.2 ALERT:  warning, description = close_notify
2021-11-08 11:08:32,408 [myid:127.0.0.1:30075] - WARN  [main-SendThread(127.0.0.1:30075):ClientCnxn$SendThread@1290] - Session 0x0 for sever xmind.net/127.0.0.1:30075, Closing socket connection. Attempting reconnect except it is a SessionExpiredException.
EndOfStreamException: channel for sessionid 0x0 is lost
	at org.apache.zookeeper.ClientCnxnSocketNetty.doTransport(ClientCnxnSocketNetty.java:285)
	at org.apache.zookeeper.ClientCnxn$SendThread.run(ClientCnxn.java:1280)
nioEventLoopGroup-12-1, WRITE: TLSv1.2 Alert, length = 2
nioEventLoopGroup-12-1, called closeInbound()
nioEventLoopGroup-12-1, fatal error: 80: Inbound closed before receiving peer's close_notify: possible truncation attack?
javax.net.ssl.SSLException: Inbound closed before receiving peer's close_notify: possible truncation attack?
nioEventLoopGroup-12-1, SEND TLSv1.2 ALERT:  fatal, description = internal_error
nioEventLoopGroup-12-1, Exception sending alert: java.io.IOException: writer side was already closed.
2021-11-08 11:08:32,408 [myid:127.0.0.1:30075] - INFO  [nioEventLoopGroup-12-1:ClientCnxnSocketNetty$ZKClientHandler@469] - channel is disconnected: [id: 0xd479bcb1, L:/127.0.0.1:2503 ! R:xmind.net/127.0.0.1:30075]
2021-11-08 11:08:32,854 [myid:127.0.0.1:30073] - WARN  [nioEventLoopGroup-5-1:ClientCnxnSocketNetty$1@150] - future isn't success.
io.netty.channel.AbstractChannel$AnnotatedConnectException: Connection refused: no further information: xmind.net/127.0.0.1:30073
Caused by: java.net.ConnectException: Connection refused: no further information
	at sun.nio.ch.SocketChannelImpl.checkConnect(Native Method)
	at sun.nio.ch.SocketChannelImpl.finishConnect(SocketChannelImpl.java:716)
	at io.netty.channel.socket.nio.NioSocketChannel.doFinishConnect(NioSocketChannel.java:330)
	at io.netty.channel.nio.AbstractNioChannel$AbstractNioUnsafe.finishConnect(AbstractNioChannel.java:334)
	at io.netty.channel.nio.NioEventLoop.processSelectedKey(NioEventLoop.java:707)
	at io.netty.channel.nio.NioEventLoop.processSelectedKeysOptimized(NioEventLoop.java:655)
	at io.netty.channel.nio.NioEventLoop.processSelectedKeys(NioEventLoop.java:581)
	at io.netty.channel.nio.NioEventLoop.run(NioEventLoop.java:493)
	at io.netty.util.concurrent.SingleThreadEventExecutor$4.run(SingleThreadEventExecutor.java:989)
	at io.netty.util.internal.ThreadExecutorMap$2.run(ThreadExecutorMap.java:74)
	at io.netty.util.concurrent.FastThreadLocalRunnable.run(FastThreadLocalRunnable.java:30)
	at java.lang.Thread.run(Thread.java:745)
nioEventLoopGroup-5-1, called closeOutbound()
nioEventLoopGroup-5-1, closeOutboundInternal()
2021-11-08 11:08:32,854 [myid:127.0.0.1:30073] - WARN  [main-SendThread(127.0.0.1:30073):ClientCnxn$SendThread@1290] - Session 0x0 for sever xmind.net/127.0.0.1:30073, Closing socket connection. Attempting reconnect except it is a SessionExpiredException.
EndOfStreamException: channel for sessionid 0x0 is lost
	at org.apache.zookeeper.ClientCnxnSocketNetty.doTransport(ClientCnxnSocketNetty.java:285)
	at org.apache.zookeeper.ClientCnxn$SendThread.run(ClientCnxn.java:1280)
2021-11-08 11:08:33,977 [myid:127.0.0.1:30075] - INFO  [main-SendThread(127.0.0.1:30075):ClientCnxn$SendThread@1171] - Opening socket connection to server xmind.net/127.0.0.1:30075.
2021-11-08 11:08:33,977 [myid:127.0.0.1:30075] - INFO  [main-SendThread(127.0.0.1:30075):ClientCnxn$SendThread@1173] - SASL config status: Will not attempt to authenticate using SASL (unknown error)
adding as trusted cert:
  Subject: CN=localhost, OU=ZooKeeper, O=Apache, L=Unknown, ST=Unknown, C=Unknown
  Issuer:  CN=localhost, OU=ZooKeeper, O=Apache, L=Unknown, ST=Unknown, C=Unknown
  Algorithm: RSA; Serial number: 0x7334b506
  Valid from Sat Jan 31 02:57:30 CST 2015 until Wed Feb 08 02:57:30 CST 3015

trigger seeding of SecureRandom
done seeding SecureRandom
Using SSLEngineImpl.
Ignoring unavailable cipher suite: TLS_DHE_DSS_WITH_AES_256_GCM_SHA384
Ignoring unavailable cipher suite: TLS_RSA_WITH_AES_256_CBC_SHA
Ignoring unavailable cipher suite: TLS_DHE_RSA_WITH_AES_256_GCM_SHA384
Ignoring unavailable cipher suite: TLS_ECDH_ECDSA_WITH_AES_256_CBC_SHA
Ignoring unavailable cipher suite: TLS_ECDHE_ECDSA_WITH_AES_256_GCM_SHA384
Ignoring unavailable cipher suite: TLS_RSA_WITH_AES_256_CBC_SHA256
Ignoring unavailable cipher suite: TLS_DHE_DSS_WITH_AES_256_CBC_SHA
Ignoring unavailable cipher suite: TLS_ECDH_ECDSA_WITH_AES_256_GCM_SHA384
Ignoring unavailable cipher suite: TLS_ECDH_RSA_WITH_AES_256_CBC_SHA384
Ignoring unavailable cipher suite: TLS_RSA_WITH_AES_256_GCM_SHA384
Ignoring unavailable cipher suite: TLS_ECDH_ECDSA_WITH_AES_256_CBC_SHA384
Ignoring unavailable cipher suite: TLS_ECDHE_RSA_WITH_AES_256_CBC_SHA384
Ignoring unavailable cipher suite: TLS_ECDH_RSA_WITH_AES_256_CBC_SHA
Ignoring unavailable cipher suite: TLS_ECDH_RSA_WITH_AES_256_GCM_SHA384
Ignoring unavailable cipher suite: TLS_ECDHE_ECDSA_WITH_AES_256_CBC_SHA384
Ignoring unavailable cipher suite: TLS_DHE_RSA_WITH_AES_256_CBC_SHA256
Ignoring unavailable cipher suite: TLS_ECDHE_ECDSA_WITH_AES_256_CBC_SHA
Ignoring unavailable cipher suite: TLS_DHE_DSS_WITH_AES_256_CBC_SHA256
Ignoring unavailable cipher suite: TLS_DHE_RSA_WITH_AES_256_CBC_SHA
Ignoring unavailable cipher suite: TLS_ECDHE_RSA_WITH_AES_256_CBC_SHA
Ignoring unavailable cipher suite: TLS_ECDHE_RSA_WITH_AES_256_GCM_SHA384
2021-11-08 11:08:33,978 [myid:127.0.0.1:30075] - INFO  [nioEventLoopGroup-12-1:ClientCnxnSocketNetty$ZKClientPipelineFactory@454] - SSL handler added for channel: [id: 0x860bbb08]
2021-11-08 11:08:33,979 [myid:127.0.0.1:30075] - INFO  [nioEventLoopGroup-12-1:ClientCnxn$SendThread@1005] - Socket connection established, initiating session, client: /127.0.0.1:2548, server: xmind.net/127.0.0.1:30075
2021-11-08 11:08:33,979 [myid:127.0.0.1:30075] - INFO  [nioEventLoopGroup-12-1:ClientCnxnSocketNetty$1@184] - channel is connected: [id: 0x860bbb08, L:/127.0.0.1:2548 - R:xmind.net/127.0.0.1:30075]
Allow unsafe renegotiation: false
Allow legacy hello messages: true
Is initial handshake: true
Is secure renegotiation: false
trigger seeding of SecureRandom
Ignoring unsupported cipher suite: TLS_ECDHE_ECDSA_WITH_AES_128_CBC_SHA256 for TLSv1
done seeding SecureRandom
Ignoring unsupported cipher suite: TLS_ECDHE_RSA_WITH_AES_128_CBC_SHA256 for TLSv1
Ignoring unsupported cipher suite: TLS_RSA_WITH_AES_128_CBC_SHA256 for TLSv1
Ignoring unsupported cipher suite: TLS_ECDH_ECDSA_WITH_AES_128_CBC_SHA256 for TLSv1
Ignoring unsupported cipher suite: TLS_ECDH_RSA_WITH_AES_128_CBC_SHA256 for TLSv1
Ignoring unsupported cipher suite: TLS_DHE_RSA_WITH_AES_128_CBC_SHA256 for TLSv1
Using SSLEngineImpl.
Ignoring unsupported cipher suite: TLS_DHE_DSS_WITH_AES_128_CBC_SHA256 for TLSv1
Ignoring unavailable cipher suite: TLS_DHE_DSS_WITH_AES_256_GCM_SHA384
Ignoring unsupported cipher suite: TLS_ECDHE_ECDSA_WITH_AES_128_CBC_SHA256 for TLSv1.1
Ignoring unsupported cipher suite: TLS_ECDHE_RSA_WITH_AES_128_CBC_SHA256 for TLSv1.1
Ignoring unsupported cipher suite: TLS_RSA_WITH_AES_128_CBC_SHA256 for TLSv1.1
Ignoring unsupported cipher suite: TLS_ECDH_ECDSA_WITH_AES_128_CBC_SHA256 for TLSv1.1
Ignoring unavailable cipher suite: TLS_RSA_WITH_AES_256_CBC_SHA
Ignoring unsupported cipher suite: TLS_ECDH_RSA_WITH_AES_128_CBC_SHA256 for TLSv1.1
Ignoring unsupported cipher suite: TLS_DHE_RSA_WITH_AES_128_CBC_SHA256 for TLSv1.1
Ignoring unsupported cipher suite: TLS_DHE_DSS_WITH_AES_128_CBC_SHA256 for TLSv1.1
Ignoring unavailable cipher suite: TLS_DHE_RSA_WITH_AES_256_GCM_SHA384
Ignoring unavailable cipher suite: TLS_ECDH_ECDSA_WITH_AES_256_CBC_SHA
%% No cached client session
Ignoring unavailable cipher suite: TLS_ECDHE_ECDSA_WITH_AES_256_GCM_SHA384
Ignoring unavailable cipher suite: TLS_RSA_WITH_AES_256_CBC_SHA256
Ignoring unavailable cipher suite: TLS_DHE_DSS_WITH_AES_256_CBC_SHA
*** ClientHello, TLSv1.2
RandomCookie:  GMT: 1619497905 bytes = { Ignoring unavailable cipher suite: TLS_ECDH_ECDSA_WITH_AES_256_GCM_SHA384
73, 218, 135, 196, 242Ignoring unavailable cipher suite: TLS_ECDH_RSA_WITH_AES_256_CBC_SHA384
, 140, 197, 201, 207, 98, 32, 27, 173, Ignoring unavailable cipher suite: TLS_RSA_WITH_AES_256_GCM_SHA384
104, 167, 230Ignoring unavailable cipher suite: TLS_ECDH_ECDSA_WITH_AES_256_CBC_SHA384
, 43, 31, 48, 214, 151, Ignoring unavailable cipher suite: TLS_ECDHE_RSA_WITH_AES_256_CBC_SHA384
9, 144, 158, Ignoring unavailable cipher suite: TLS_ECDH_RSA_WITH_AES_256_CBC_SHA
18, 85, 182, 51 }
Ignoring unavailable cipher suite: TLS_ECDH_RSA_WITH_AES_256_GCM_SHA384
Session ID:  {}
Ignoring unavailable cipher suite: TLS_ECDHE_ECDSA_WITH_AES_256_CBC_SHA384
Cipher Suites: [TLS_ECDHE_ECDSA_WITH_AES_128_CBC_SHA256, TLS_ECDHE_RSA_WITH_AES_128_CBC_SHA256, TLS_RSA_WITH_AES_128_CBC_SHA256, TLS_ECDH_ECDSA_WITH_AES_128_CBC_SHA256, TLS_ECDH_RSA_WITH_AES_128_CBC_SHA256, TLS_DHE_RSA_WITH_AES_128_CBC_SHA256, TLS_DHE_DSS_WITH_AES_128_CBC_SHA256, TLS_ECDHE_ECDSA_WITH_AES_128_CBC_SHA, TLS_ECDHE_RSA_WITH_AES_128_CBC_SHA, TLS_RSA_WITH_AES_128_CBC_SHA, TLS_ECDH_ECDSA_WITH_AES_128_CBC_SHA, TLS_ECDH_RSA_WITH_AES_128_CBC_SHA, TLS_DHE_RSA_WITH_AES_128_CBC_SHA, TLS_DHE_DSS_WITH_AES_128_CBC_SHA, TLS_ECDHE_ECDSA_WITH_AES_128_GCM_SHA256, TLS_ECDHE_RSA_WITH_AES_128_GCM_SHA256, TLS_RSA_WITH_AES_128_GCM_SHA256, TLS_ECDH_ECDSA_WITH_AES_128_GCM_SHA256, TLS_ECDH_RSA_WITH_AES_128_GCM_SHA256, TLS_DHE_RSA_WITH_AES_128_GCM_SHA256, TLS_DHE_DSS_WITH_AES_128_GCM_SHA256, TLS_ECDHE_ECDSA_WITH_3DES_EDE_CBC_SHA, TLS_ECDHE_RSA_WITH_3DES_EDE_CBC_SHA, SSL_RSA_WITH_3DES_EDE_CBC_SHA, TLS_ECDH_ECDSA_WITH_3DES_EDE_CBC_SHA, TLS_ECDH_RSA_WITH_3DES_EDE_CBC_SHA, SSL_DHE_RSA_WITH_3DES_EDE_CBC_SHA, SSL_DHE_DSS_WITH_3DES_EDE_CBC_SHA, TLS_ECDHE_ECDSA_WITH_RC4_128_SHA, TLS_ECDHE_RSA_WITH_RC4_128_SHA, SSL_RSA_WITH_RC4_128_SHA, TLS_ECDH_ECDSA_WITH_RC4_128_SHA, TLS_ECDH_RSA_WITH_RC4_128_SHA, SSL_RSA_WITH_RC4_128_MD5, TLS_EMPTY_RENEGOTIATION_INFO_SCSV]
Ignoring unavailable cipher suite: TLS_DHE_RSA_WITH_AES_256_CBC_SHA256
Compression Methods:  { 0Ignoring unavailable cipher suite: TLS_ECDHE_ECDSA_WITH_AES_256_CBC_SHA
 }
Ignoring unavailable cipher suite: TLS_DHE_DSS_WITH_AES_256_CBC_SHA256
Ignoring unavailable cipher suite: TLS_DHE_RSA_WITH_AES_256_CBC_SHA
Ignoring unavailable cipher suite: TLS_ECDHE_RSA_WITH_AES_256_CBC_SHA
Ignoring unavailable cipher suite: TLS_ECDHE_RSA_WITH_AES_256_GCM_SHA384
Extension elliptic_curves, curve names: {secp256r1, sect163k1, sect163r2, secp192r1, secp224r1, sect233k1, sect233r1, sect283k1, sect283r1, secp384r1, sect409k1, sect409r1, secp521r1, sect571k1, sect571r1, secp160k1, secp160r1, secp160r2, sect163r1, secp192k1, sect193r1, sect193r2, secp224k1, sect239k1, secp256k1}
Extension ec_point_formats, formats: [uncompressed]
Extension signature_algorithms, signature_algorithms: SHA512withECDSA, SHA512withRSA, SHA384withECDSA, SHA384withRSA, SHA256withECDSA, SHA256withRSA, SHA224withECDSA, SHA224withRSA, SHA1withECDSA, SHA1withRSA, SHA1withDSA, MD5withRSA
Extension server_name, server_name: [type=host_name (0), value=xmind.net]
***
nioEventLoopGroup-12-1, WRITE: TLSv1.2 Handshake, length = 225
2021-11-08 11:08:33,980 [myid:] - WARN  [nioEventLoopGroup-11-5:ChannelInitializer@97] - Failed to initialize a channel. Closing: [id: 0xd0890597, L:/127.0.0.1:30075 - R:/127.0.0.1:2548]
java.lang.IllegalArgumentException: Cannot support TLS_ECDHE_ECDSA_WITH_AES_256_CBC_SHA384 with currently installed providers
	at sun.security.ssl.CipherSuiteList.<init>(CipherSuiteList.java:92)
	at sun.security.ssl.SSLEngineImpl.setEnabledCipherSuites(SSLEngineImpl.java:2038)
	at io.netty.handler.ssl.JdkSslContext.configureAndWrapEngine(JdkSslContext.java:341)
	at io.netty.handler.ssl.JdkSslContext.newEngine(JdkSslContext.java:331)
	at io.netty.handler.ssl.SslContext.newHandler(SslContext.java:956)
	at io.netty.handler.ssl.SslContext.newHandler(SslContext.java:948)
	at org.apache.zookeeper.server.NettyServerCnxnFactory.initSSL(NettyServerCnxnFactory.java:575)
	at org.apache.zookeeper.server.NettyServerCnxnFactory.access$1300(NettyServerCnxnFactory.java:80)
	at org.apache.zookeeper.server.NettyServerCnxnFactory$1.initChannel(NettyServerCnxnFactory.java:540)
	at org.apache.zookeeper.server.NettyServerCnxnFactory$1.initChannel(NettyServerCnxnFactory.java:532)
	at io.netty.channel.ChannelInitializer.initChannel(ChannelInitializer.java:129)
	at io.netty.channel.ChannelInitializer.handlerAdded(ChannelInitializer.java:112)
	at io.netty.channel.AbstractChannelHandlerContext.callHandlerAdded(AbstractChannelHandlerContext.java:938)
	at io.netty.channel.DefaultChannelPipeline.callHandlerAdded0(DefaultChannelPipeline.java:609)
	at io.netty.channel.DefaultChannelPipeline.access$100(DefaultChannelPipeline.java:46)
	at io.netty.channel.DefaultChannelPipeline$PendingHandlerAddedTask.execute(DefaultChannelPipeline.java:1463)
	at io.netty.channel.DefaultChannelPipeline.callHandlerAddedForAllHandlers(DefaultChannelPipeline.java:1115)
	at io.netty.channel.DefaultChannelPipeline.invokeHandlerAddedIfNeeded(DefaultChannelPipeline.java:650)
	at io.netty.channel.AbstractChannel$AbstractUnsafe.register0(AbstractChannel.java:502)
	at io.netty.channel.AbstractChannel$AbstractUnsafe.access$200(AbstractChannel.java:417)
	at io.netty.channel.AbstractChannel$AbstractUnsafe$1.run(AbstractChannel.java:474)
	at io.netty.util.concurrent.AbstractEventExecutor.safeExecute(AbstractEventExecutor.java:164)
	at io.netty.util.concurrent.SingleThreadEventExecutor.runAllTasks(SingleThreadEventExecutor.java:472)
	at io.netty.channel.nio.NioEventLoop.run(NioEventLoop.java:500)
	at io.netty.util.concurrent.SingleThreadEventExecutor$4.run(SingleThreadEventExecutor.java:989)
	at io.netty.util.internal.ThreadExecutorMap$2.run(ThreadExecutorMap.java:74)
	at io.netty.util.concurrent.FastThreadLocalRunnable.run(FastThreadLocalRunnable.java:30)
	at java.lang.Thread.run(Thread.java:745)
2021-11-08 11:08:33,981 [myid:127.0.0.1:30075] - ERROR [nioEventLoopGroup-12-1:ClientCnxnSocketNetty$ZKClientHandler@522] - Unexpected throwable
java.io.IOException: 你的主机中的软件中止了一个已建立的连接。
	at sun.nio.ch.SocketDispatcher.read0(Native Method)
	at sun.nio.ch.SocketDispatcher.read(SocketDispatcher.java:43)
	at sun.nio.ch.IOUtil.readIntoNativeBuffer(IOUtil.java:223)
	at sun.nio.ch.IOUtil.read(IOUtil.java:192)
	at sun.nio.ch.SocketChannelImpl.read(SocketChannelImpl.java:379)
	at io.netty.buffer.PooledByteBuf.setBytes(PooledByteBuf.java:253)
	at io.netty.buffer.AbstractByteBuf.writeBytes(AbstractByteBuf.java:1134)
	at io.netty.buffer.WrappedByteBuf.writeBytes(WrappedByteBuf.java:821)
	at io.netty.buffer.AdvancedLeakAwareByteBuf.writeBytes(AdvancedLeakAwareByteBuf.java:635)
	at io.netty.channel.socket.nio.NioSocketChannel.doReadBytes(NioSocketChannel.java:350)
	at io.netty.channel.nio.AbstractNioByteChannel$NioByteUnsafe.read(AbstractNioByteChannel.java:151)
	at io.netty.channel.nio.NioEventLoop.processSelectedKey(NioEventLoop.java:719)
	at io.netty.channel.nio.NioEventLoop.processSelectedKeysOptimized(NioEventLoop.java:655)
	at io.netty.channel.nio.NioEventLoop.processSelectedKeys(NioEventLoop.java:581)
	at io.netty.channel.nio.NioEventLoop.run(NioEventLoop.java:493)
	at io.netty.util.concurrent.SingleThreadEventExecutor$4.run(SingleThreadEventExecutor.java:989)
	at io.netty.util.internal.ThreadExecutorMap$2.run(ThreadExecutorMap.java:74)
	at io.netty.util.concurrent.FastThreadLocalRunnable.run(FastThreadLocalRunnable.java:30)
	at java.lang.Thread.run(Thread.java:745)
2021-11-08 11:08:33,981 [myid:127.0.0.1:30075] - INFO  [nioEventLoopGroup-12-1:ClientCnxnSocketNetty@249] - channel is told closing
nioEventLoopGroup-12-1, called closeOutbound()
nioEventLoopGroup-12-1, closeOutboundInternal()
nioEventLoopGroup-12-1, SEND TLSv1.2 ALERT:  warning, description = close_notify
nioEventLoopGroup-12-1, WRITE: TLSv1.2 Alert, length = 2
nioEventLoopGroup-12-1, called closeInbound()
nioEventLoopGroup-12-1, fatal error: 80: Inbound closed before receiving peer's close_notify: possible truncation attack?
javax.net.ssl.SSLException: Inbound closed before receiving peer's close_notify: possible truncation attack?
nioEventLoopGroup-12-1, SEND TLSv1.2 ALERT:  fatal, description = internal_error
nioEventLoopGroup-12-1, Exception sending alert: java.io.IOException: writer side was already closed.
2021-11-08 11:08:33,981 [myid:127.0.0.1:30075] - WARN  [main-SendThread(127.0.0.1:30075):ClientCnxn$SendThread@1290] - Session 0x0 for sever xmind.net/127.0.0.1:30075, Closing socket connection. Attempting reconnect except it is a SessionExpiredException.
EndOfStreamException: channel for sessionid 0x0 is lost
	at org.apache.zookeeper.ClientCnxnSocketNetty.doTransport(ClientCnxnSocketNetty.java:285)
	at org.apache.zookeeper.ClientCnxn$SendThread.run(ClientCnxn.java:1280)
2021-11-08 11:08:33,981 [myid:127.0.0.1:30075] - INFO  [nioEventLoopGroup-12-1:ClientCnxnSocketNetty$ZKClientHandler@469] - channel is disconnected: [id: 0x860bbb08, L:/127.0.0.1:2548 ! R:xmind.net/127.0.0.1:30075]
2021-11-08 11:08:34,422 [myid:127.0.0.1:30073] - INFO  [main-SendThread(127.0.0.1:30073):ClientCnxn$SendThread@1171] - Opening socket connection to server xmind.net/127.0.0.1:30073.
2021-11-08 11:08:34,422 [myid:127.0.0.1:30073] - INFO  [main-SendThread(127.0.0.1:30073):ClientCnxn$SendThread@1173] - SASL config status: Will not attempt to authenticate using SASL (unknown error)
adding as trusted cert:
  Subject: CN=localhost, OU=ZooKeeper, O=Apache, L=Unknown, ST=Unknown, C=Unknown
  Issuer:  CN=localhost, OU=ZooKeeper, O=Apache, L=Unknown, ST=Unknown, C=Unknown
  Algorithm: RSA; Serial number: 0x7334b506
  Valid from Sat Jan 31 02:57:30 CST 2015 until Wed Feb 08 02:57:30 CST 3015

trigger seeding of SecureRandom
done seeding SecureRandom
Using SSLEngineImpl.
Ignoring unavailable cipher suite: TLS_DHE_DSS_WITH_AES_256_GCM_SHA384
Ignoring unavailable cipher suite: TLS_RSA_WITH_AES_256_CBC_SHA
Ignoring unavailable cipher suite: TLS_DHE_RSA_WITH_AES_256_GCM_SHA384
Ignoring unavailable cipher suite: TLS_ECDH_ECDSA_WITH_AES_256_CBC_SHA
Ignoring unavailable cipher suite: TLS_ECDHE_ECDSA_WITH_AES_256_GCM_SHA384
Ignoring unavailable cipher suite: TLS_RSA_WITH_AES_256_CBC_SHA256
Ignoring unavailable cipher suite: TLS_DHE_DSS_WITH_AES_256_CBC_SHA
Ignoring unavailable cipher suite: TLS_ECDH_ECDSA_WITH_AES_256_GCM_SHA384
Ignoring unavailable cipher suite: TLS_ECDH_RSA_WITH_AES_256_CBC_SHA384
Ignoring unavailable cipher suite: TLS_RSA_WITH_AES_256_GCM_SHA384
Ignoring unavailable cipher suite: TLS_ECDH_ECDSA_WITH_AES_256_CBC_SHA384
Ignoring unavailable cipher suite: TLS_ECDHE_RSA_WITH_AES_256_CBC_SHA384
Ignoring unavailable cipher suite: TLS_ECDH_RSA_WITH_AES_256_CBC_SHA
Ignoring unavailable cipher suite: TLS_ECDH_RSA_WITH_AES_256_GCM_SHA384
Ignoring unavailable cipher suite: TLS_ECDHE_ECDSA_WITH_AES_256_CBC_SHA384
Ignoring unavailable cipher suite: TLS_DHE_RSA_WITH_AES_256_CBC_SHA256
Ignoring unavailable cipher suite: TLS_ECDHE_ECDSA_WITH_AES_256_CBC_SHA
Ignoring unavailable cipher suite: TLS_DHE_DSS_WITH_AES_256_CBC_SHA256
Ignoring unavailable cipher suite: TLS_DHE_RSA_WITH_AES_256_CBC_SHA
Ignoring unavailable cipher suite: TLS_ECDHE_RSA_WITH_AES_256_CBC_SHA
Ignoring unavailable cipher suite: TLS_ECDHE_RSA_WITH_AES_256_GCM_SHA384
2021-11-08 11:08:34,425 [myid:127.0.0.1:30073] - INFO  [nioEventLoopGroup-5-1:ClientCnxnSocketNetty$ZKClientPipelineFactory@454] - SSL handler added for channel: [id: 0x5640e960]
2021-11-08 11:08:35,053 [myid:127.0.0.1:30075] - INFO  [main-SendThread(127.0.0.1:30075):ClientCnxn$SendThread@1171] - Opening socket connection to server xmind.net/127.0.0.1:30075.
2021-11-08 11:08:35,053 [myid:127.0.0.1:30075] - INFO  [main-SendThread(127.0.0.1:30075):ClientCnxn$SendThread@1173] - SASL config status: Will not attempt to authenticate using SASL (unknown error)
adding as trusted cert:
  Subject: CN=localhost, OU=ZooKeeper, O=Apache, L=Unknown, ST=Unknown, C=Unknown
  Issuer:  CN=localhost, OU=ZooKeeper, O=Apache, L=Unknown, ST=Unknown, C=Unknown
  Algorithm: RSA; Serial number: 0x7334b506
  Valid from Sat Jan 31 02:57:30 CST 2015 until Wed Feb 08 02:57:30 CST 3015

trigger seeding of SecureRandom
done seeding SecureRandom
Using SSLEngineImpl.
Ignoring unavailable cipher suite: TLS_DHE_DSS_WITH_AES_256_GCM_SHA384
Ignoring unavailable cipher suite: TLS_RSA_WITH_AES_256_CBC_SHA
Ignoring unavailable cipher suite: TLS_DHE_RSA_WITH_AES_256_GCM_SHA384
Ignoring unavailable cipher suite: TLS_ECDH_ECDSA_WITH_AES_256_CBC_SHA
Ignoring unavailable cipher suite: TLS_ECDHE_ECDSA_WITH_AES_256_GCM_SHA384
Ignoring unavailable cipher suite: TLS_RSA_WITH_AES_256_CBC_SHA256
Ignoring unavailable cipher suite: TLS_DHE_DSS_WITH_AES_256_CBC_SHA
Ignoring unavailable cipher suite: TLS_ECDH_ECDSA_WITH_AES_256_GCM_SHA384
Ignoring unavailable cipher suite: TLS_ECDH_RSA_WITH_AES_256_CBC_SHA384
Ignoring unavailable cipher suite: TLS_RSA_WITH_AES_256_GCM_SHA384
Ignoring unavailable cipher suite: TLS_ECDH_ECDSA_WITH_AES_256_CBC_SHA384
Ignoring unavailable cipher suite: TLS_ECDHE_RSA_WITH_AES_256_CBC_SHA384
Ignoring unavailable cipher suite: TLS_ECDH_RSA_WITH_AES_256_CBC_SHA
Ignoring unavailable cipher suite: TLS_ECDH_RSA_WITH_AES_256_GCM_SHA384
Ignoring unavailable cipher suite: TLS_ECDHE_ECDSA_WITH_AES_256_CBC_SHA384
Ignoring unavailable cipher suite: TLS_DHE_RSA_WITH_AES_256_CBC_SHA256
Ignoring unavailable cipher suite: TLS_ECDHE_ECDSA_WITH_AES_256_CBC_SHA
Ignoring unavailable cipher suite: TLS_DHE_DSS_WITH_AES_256_CBC_SHA256
Ignoring unavailable cipher suite: TLS_DHE_RSA_WITH_AES_256_CBC_SHA
Ignoring unavailable cipher suite: TLS_ECDHE_RSA_WITH_AES_256_CBC_SHA
Ignoring unavailable cipher suite: TLS_ECDHE_RSA_WITH_AES_256_GCM_SHA384
2021-11-08 11:08:35,055 [myid:127.0.0.1:30075] - INFO  [nioEventLoopGroup-12-1:ClientCnxnSocketNetty$ZKClientPipelineFactory@454] - SSL handler added for channel: [id: 0x3f17bf7d]
2021-11-08 11:08:35,055 [myid:127.0.0.1:30075] - INFO  [nioEventLoopGroup-12-1:ClientCnxn$SendThread@1005] - Socket connection established, initiating session, client: /127.0.0.1:2587, server: xmind.net/127.0.0.1:30075
2021-11-08 11:08:35,055 [myid:127.0.0.1:30075] - INFO  [nioEventLoopGroup-12-1:ClientCnxnSocketNetty$1@184] - channel is connected: [id: 0x3f17bf7d, L:/127.0.0.1:2587 - R:xmind.net/127.0.0.1:30075]
Allow unsafe renegotiation: false
Allow legacy hello messages: true
Is initial handshake: true
Is secure renegotiation: false
trigger seeding of SecureRandom
done seeding SecureRandom
Ignoring unsupported cipher suite: TLS_ECDHE_ECDSA_WITH_AES_128_CBC_SHA256 for TLSv1
Ignoring unsupported cipher suite: TLS_ECDHE_RSA_WITH_AES_128_CBC_SHA256 for TLSv1
Ignoring unsupported cipher suite: TLS_RSA_WITH_AES_128_CBC_SHA256 for TLSv1
Ignoring unsupported cipher suite: TLS_ECDH_ECDSA_WITH_AES_128_CBC_SHA256 for TLSv1
Using SSLEngineImpl.
Ignoring unsupported cipher suite: TLS_ECDH_RSA_WITH_AES_128_CBC_SHA256 for TLSv1
Ignoring unsupported cipher suite: TLS_DHE_RSA_WITH_AES_128_CBC_SHA256 for TLSv1
Ignoring unsupported cipher suite: TLS_DHE_DSS_WITH_AES_128_CBC_SHA256 for TLSv1
Ignoring unavailable cipher suite: TLS_DHE_DSS_WITH_AES_256_GCM_SHA384
Ignoring unsupported cipher suite: TLS_ECDHE_ECDSA_WITH_AES_128_CBC_SHA256 for TLSv1.1
Ignoring unsupported cipher suite: TLS_ECDHE_RSA_WITH_AES_128_CBC_SHA256 for TLSv1.1
Ignoring unsupported cipher suite: TLS_RSA_WITH_AES_128_CBC_SHA256 for TLSv1.1
Ignoring unsupported cipher suite: TLS_ECDH_ECDSA_WITH_AES_128_CBC_SHA256 for TLSv1.1
Ignoring unavailable cipher suite: TLS_RSA_WITH_AES_256_CBC_SHA
Ignoring unsupported cipher suite: TLS_ECDH_RSA_WITH_AES_128_CBC_SHA256 for TLSv1.1
Ignoring unsupported cipher suite: TLS_DHE_RSA_WITH_AES_128_CBC_SHA256 for TLSv1.1
Ignoring unsupported cipher suite: TLS_DHE_DSS_WITH_AES_128_CBC_SHA256 for TLSv1.1
Ignoring unavailable cipher suite: TLS_DHE_RSA_WITH_AES_256_GCM_SHA384
Ignoring unavailable cipher suite: TLS_ECDH_ECDSA_WITH_AES_256_CBC_SHA
Ignoring unavailable cipher suite: TLS_ECDHE_ECDSA_WITH_AES_256_GCM_SHA384
%% No cached client session
Ignoring unavailable cipher suite: TLS_RSA_WITH_AES_256_CBC_SHA256
Ignoring unavailable cipher suite: TLS_DHE_DSS_WITH_AES_256_CBC_SHA
Ignoring unavailable cipher suite: TLS_ECDH_ECDSA_WITH_AES_256_GCM_SHA384
Ignoring unavailable cipher suite: TLS_ECDH_RSA_WITH_AES_256_CBC_SHA384
*** ClientHello, TLSv1.2
RandomCookie:  Ignoring unavailable cipher suite: TLS_RSA_WITH_AES_256_GCM_SHA384
Ignoring unavailable cipher suite: TLS_ECDH_ECDSA_WITH_AES_256_CBC_SHA384
GMT: 1619497907 bytes = { 137, Ignoring unavailable cipher suite: TLS_ECDHE_RSA_WITH_AES_256_CBC_SHA384
1Ignoring unavailable cipher suite: TLS_ECDH_RSA_WITH_AES_256_CBC_SHA
, 136, 4, 4, 113, 179, Ignoring unavailable cipher suite: TLS_ECDH_RSA_WITH_AES_256_GCM_SHA384
193, 194, 234, 181, 31, 239, 115, 221, 180, 56, Ignoring unavailable cipher suite: TLS_ECDHE_ECDSA_WITH_AES_256_CBC_SHA384
230, Ignoring unavailable cipher suite: TLS_DHE_RSA_WITH_AES_256_CBC_SHA256
26, 248, 7, Ignoring unavailable cipher suite: TLS_ECDHE_ECDSA_WITH_AES_256_CBC_SHA
82Ignoring unavailable cipher suite: TLS_DHE_DSS_WITH_AES_256_CBC_SHA256
, 126, 200, Ignoring unavailable cipher suite: TLS_DHE_RSA_WITH_AES_256_CBC_SHA
194, 241, 76, 73 }
Session ID:  Ignoring unavailable cipher suite: TLS_ECDHE_RSA_WITH_AES_256_CBC_SHA
{}
Ignoring unavailable cipher suite: TLS_ECDHE_RSA_WITH_AES_256_GCM_SHA384
Cipher Suites: [TLS_ECDHE_ECDSA_WITH_AES_128_CBC_SHA256, TLS_ECDHE_RSA_WITH_AES_128_CBC_SHA256, TLS_RSA_WITH_AES_128_CBC_SHA256, TLS_ECDH_ECDSA_WITH_AES_128_CBC_SHA256, TLS_ECDH_RSA_WITH_AES_128_CBC_SHA256, TLS_DHE_RSA_WITH_AES_128_CBC_SHA256, TLS_DHE_DSS_WITH_AES_128_CBC_SHA256, TLS_ECDHE_ECDSA_WITH_AES_128_CBC_SHA, TLS_ECDHE_RSA_WITH_AES_128_CBC_SHA, TLS_RSA_WITH_AES_128_CBC_SHA, TLS_ECDH_ECDSA_WITH_AES_128_CBC_SHA, TLS_ECDH_RSA_WITH_AES_128_CBC_SHA, TLS_DHE_RSA_WITH_AES_128_CBC_SHA, TLS_DHE_DSS_WITH_AES_128_CBC_SHA, TLS_ECDHE_ECDSA_WITH_AES_128_GCM_SHA256, TLS_ECDHE_RSA_WITH_AES_128_GCM_SHA256, TLS_RSA_WITH_AES_128_GCM_SHA256, TLS_ECDH_ECDSA_WITH_AES_128_GCM_SHA256, TLS_ECDH_RSA_WITH_AES_128_GCM_SHA256, TLS_DHE_RSA_WITH_AES_128_GCM_SHA256, TLS_DHE_DSS_WITH_AES_128_GCM_SHA256, TLS_ECDHE_ECDSA_WITH_3DES_EDE_CBC_SHA, TLS_ECDHE_RSA_WITH_3DES_EDE_CBC_SHA, SSL_RSA_WITH_3DES_EDE_CBC_SHA, TLS_ECDH_ECDSA_WITH_3DES_EDE_CBC_SHA, TLS_ECDH_RSA_WITH_3DES_EDE_CBC_SHA, SSL_DHE_RSA_WITH_3DES_EDE_CBC_SHA, SSL_DHE_DSS_WITH_3DES_EDE_CBC_SHA, TLS_ECDHE_ECDSA_WITH_RC4_128_SHA, TLS_ECDHE_RSA_WITH_RC4_128_SHA, SSL_RSA_WITH_RC4_128_SHA, TLS_ECDH_ECDSA_WITH_RC4_128_SHA, TLS_ECDH_RSA_WITH_RC4_128_SHA, SSL_RSA_WITH_RC4_128_MD5, TLS_EMPTY_RENEGOTIATION_INFO_SCSV]
Compression Methods:  { 0 }
Extension elliptic_curves, curve names: {secp256r1, sect163k1, sect163r2, secp192r1, secp224r1, sect233k1, sect233r1, sect283k1, sect283r1, secp384r1, sect409k1, sect409r1, secp521r1, sect571k1, sect571r1, secp160k1, secp160r1, secp160r2, sect163r1, secp192k1, sect193r1, sect193r2, secp224k1, sect239k1, secp256k1}
Extension ec_point_formats, formats: [uncompressed]
Extension signature_algorithms, signature_algorithms: SHA512withECDSA, SHA512withRSA, SHA384withECDSA, SHA384withRSA, SHA256withECDSA, SHA256withRSA, SHA224withECDSA, SHA224withRSA, SHA1withECDSA, SHA1withRSA, SHA1withDSA, MD5withRSA
Extension server_name, server_name: [type=host_name (0), value=xmind.net]
***
nioEventLoopGroup-12-1, WRITE: TLSv1.2 Handshake, length = 225
2021-11-08 11:08:35,056 [myid:] - WARN  [nioEventLoopGroup-11-6:ChannelInitializer@97] - Failed to initialize a channel. Closing: [id: 0x45146620, L:/127.0.0.1:30075 - R:/127.0.0.1:2587]
java.lang.IllegalArgumentException: Cannot support TLS_ECDHE_ECDSA_WITH_AES_256_CBC_SHA384 with currently installed providers
	at sun.security.ssl.CipherSuiteList.<init>(CipherSuiteList.java:92)
	at sun.security.ssl.SSLEngineImpl.setEnabledCipherSuites(SSLEngineImpl.java:2038)
	at io.netty.handler.ssl.JdkSslContext.configureAndWrapEngine(JdkSslContext.java:341)
	at io.netty.handler.ssl.JdkSslContext.newEngine(JdkSslContext.java:331)
	at io.netty.handler.ssl.SslContext.newHandler(SslContext.java:956)
	at io.netty.handler.ssl.SslContext.newHandler(SslContext.java:948)
	at org.apache.zookeeper.server.NettyServerCnxnFactory.initSSL(NettyServerCnxnFactory.java:575)
	at org.apache.zookeeper.server.NettyServerCnxnFactory.access$1300(NettyServerCnxnFactory.java:80)
	at org.apache.zookeeper.server.NettyServerCnxnFactory$1.initChannel(NettyServerCnxnFactory.java:540)
	at org.apache.zookeeper.server.NettyServerCnxnFactory$1.initChannel(NettyServerCnxnFactory.java:532)
	at io.netty.channel.ChannelInitializer.initChannel(ChannelInitializer.java:129)
	at io.netty.channel.ChannelInitializer.handlerAdded(ChannelInitializer.java:112)
	at io.netty.channel.AbstractChannelHandlerContext.callHandlerAdded(AbstractChannelHandlerContext.java:938)
	at io.netty.channel.DefaultChannelPipeline.callHandlerAdded0(DefaultChannelPipeline.java:609)
	at io.netty.channel.DefaultChannelPipeline.access$100(DefaultChannelPipeline.java:46)
	at io.netty.channel.DefaultChannelPipeline$PendingHandlerAddedTask.execute(DefaultChannelPipeline.java:1463)
	at io.netty.channel.DefaultChannelPipeline.callHandlerAddedForAllHandlers(DefaultChannelPipeline.java:1115)
	at io.netty.channel.DefaultChannelPipeline.invokeHandlerAddedIfNeeded(DefaultChannelPipeline.java:650)
	at io.netty.channel.AbstractChannel$AbstractUnsafe.register0(AbstractChannel.java:502)
	at io.netty.channel.AbstractChannel$AbstractUnsafe.access$200(AbstractChannel.java:417)
	at io.netty.channel.AbstractChannel$AbstractUnsafe$1.run(AbstractChannel.java:474)
	at io.netty.util.concurrent.AbstractEventExecutor.safeExecute(AbstractEventExecutor.java:164)
	at io.netty.util.concurrent.SingleThreadEventExecutor.runAllTasks(SingleThreadEventExecutor.java:472)
	at io.netty.channel.nio.NioEventLoop.run(NioEventLoop.java:500)
	at io.netty.util.concurrent.SingleThreadEventExecutor$4.run(SingleThreadEventExecutor.java:989)
	at io.netty.util.internal.ThreadExecutorMap$2.run(ThreadExecutorMap.java:74)
	at io.netty.util.concurrent.FastThreadLocalRunnable.run(FastThreadLocalRunnable.java:30)
	at java.lang.Thread.run(Thread.java:745)
nioEventLoopGroup-12-1, called closeOutbound()
nioEventLoopGroup-12-1, closeOutboundInternal()
nioEventLoopGroup-12-1, SEND TLSv1.2 ALERT:  warning, description = close_notify
nioEventLoopGroup-12-1, WRITE: TLSv1.2 Alert, length = 2
nioEventLoopGroup-12-1, called closeInbound()
nioEventLoopGroup-12-1, fatal error: 80: Inbound closed before receiving peer's close_notify: possible truncation attack?
javax.net.ssl.SSLException: Inbound closed before receiving peer's close_notify: possible truncation attack?
nioEventLoopGroup-12-1, SEND TLSv1.2 ALERT:  fatal, description = internal_error
nioEventLoopGroup-12-1, Exception sending alert: java.io.IOException: writer side was already closed.
2021-11-08 11:08:35,057 [myid:127.0.0.1:30075] - INFO  [nioEventLoopGroup-12-1:ClientCnxnSocketNetty$ZKClientHandler@469] - channel is disconnected: [id: 0x3f17bf7d, L:/127.0.0.1:2587 ! R:xmind.net/127.0.0.1:30075]
2021-11-08 11:08:35,057 [myid:127.0.0.1:30075] - INFO  [nioEventLoopGroup-12-1:ClientCnxnSocketNetty@249] - channel is told closing
2021-11-08 11:08:35,057 [myid:127.0.0.1:30075] - WARN  [main-SendThread(127.0.0.1:30075):ClientCnxn$SendThread@1290] - Session 0x0 for sever xmind.net/127.0.0.1:30075, Closing socket connection. Attempting reconnect except it is a SessionExpiredException.
EndOfStreamException: channel for sessionid 0x0 is lost
	at org.apache.zookeeper.ClientCnxnSocketNetty.doTransport(ClientCnxnSocketNetty.java:285)
	at org.apache.zookeeper.ClientCnxn$SendThread.run(ClientCnxn.java:1280)
2021-11-08 11:08:36,464 [myid:127.0.0.1:30073] - WARN  [nioEventLoopGroup-5-1:ClientCnxnSocketNetty$1@150] - future isn't success.
io.netty.channel.AbstractChannel$AnnotatedConnectException: Connection refused: no further information: xmind.net/127.0.0.1:30073
Caused by: java.net.ConnectException: Connection refused: no further information
	at sun.nio.ch.SocketChannelImpl.checkConnect(Native Method)
	at sun.nio.ch.SocketChannelImpl.finishConnect(SocketChannelImpl.java:716)
	at io.netty.channel.socket.nio.NioSocketChannel.doFinishConnect(NioSocketChannel.java:330)
	at io.netty.channel.nio.AbstractNioChannel$AbstractNioUnsafe.finishConnect(AbstractNioChannel.java:334)
	at io.netty.channel.nio.NioEventLoop.processSelectedKey(NioEventLoop.java:707)
	at io.netty.channel.nio.NioEventLoop.processSelectedKeysOptimized(NioEventLoop.java:655)
	at io.netty.channel.nio.NioEventLoop.processSelectedKeys(NioEventLoop.java:581)
	at io.netty.channel.nio.NioEventLoop.run(NioEventLoop.java:493)
	at io.netty.util.concurrent.SingleThreadEventExecutor$4.run(SingleThreadEventExecutor.java:989)
	at io.netty.util.internal.ThreadExecutorMap$2.run(ThreadExecutorMap.java:74)
	at io.netty.util.concurrent.FastThreadLocalRunnable.run(FastThreadLocalRunnable.java:30)
	at java.lang.Thread.run(Thread.java:745)
nioEventLoopGroup-5-1, called closeOutbound()
nioEventLoopGroup-5-1, closeOutboundInternal()
2021-11-08 11:08:36,464 [myid:127.0.0.1:30073] - WARN  [main-SendThread(127.0.0.1:30073):ClientCnxn$SendThread@1290] - Session 0x0 for sever xmind.net/127.0.0.1:30073, Closing socket connection. Attempting reconnect except it is a SessionExpiredException.
EndOfStreamException: channel for sessionid 0x0 is lost
	at org.apache.zookeeper.ClientCnxnSocketNetty.doTransport(ClientCnxnSocketNetty.java:285)
	at org.apache.zookeeper.ClientCnxn$SendThread.run(ClientCnxn.java:1280)
2021-11-08 11:08:36,522 [myid:127.0.0.1:30075] - INFO  [main-SendThread(127.0.0.1:30075):ClientCnxn$SendThread@1171] - Opening socket connection to server xmind.net/127.0.0.1:30075.
2021-11-08 11:08:36,522 [myid:127.0.0.1:30075] - INFO  [main-SendThread(127.0.0.1:30075):ClientCnxn$SendThread@1173] - SASL config status: Will not attempt to authenticate using SASL (unknown error)
adding as trusted cert:
  Subject: CN=localhost, OU=ZooKeeper, O=Apache, L=Unknown, ST=Unknown, C=Unknown
  Issuer:  CN=localhost, OU=ZooKeeper, O=Apache, L=Unknown, ST=Unknown, C=Unknown
  Algorithm: RSA; Serial number: 0x7334b506
  Valid from Sat Jan 31 02:57:30 CST 2015 until Wed Feb 08 02:57:30 CST 3015

trigger seeding of SecureRandom
done seeding SecureRandom
Using SSLEngineImpl.
Ignoring unavailable cipher suite: TLS_DHE_DSS_WITH_AES_256_GCM_SHA384
Ignoring unavailable cipher suite: TLS_RSA_WITH_AES_256_CBC_SHA
Ignoring unavailable cipher suite: TLS_DHE_RSA_WITH_AES_256_GCM_SHA384
Ignoring unavailable cipher suite: TLS_ECDH_ECDSA_WITH_AES_256_CBC_SHA
Ignoring unavailable cipher suite: TLS_ECDHE_ECDSA_WITH_AES_256_GCM_SHA384
Ignoring unavailable cipher suite: TLS_RSA_WITH_AES_256_CBC_SHA256
Ignoring unavailable cipher suite: TLS_DHE_DSS_WITH_AES_256_CBC_SHA
Ignoring unavailable cipher suite: TLS_ECDH_ECDSA_WITH_AES_256_GCM_SHA384
Ignoring unavailable cipher suite: TLS_ECDH_RSA_WITH_AES_256_CBC_SHA384
Ignoring unavailable cipher suite: TLS_RSA_WITH_AES_256_GCM_SHA384
Ignoring unavailable cipher suite: TLS_ECDH_ECDSA_WITH_AES_256_CBC_SHA384
Ignoring unavailable cipher suite: TLS_ECDHE_RSA_WITH_AES_256_CBC_SHA384
Ignoring unavailable cipher suite: TLS_ECDH_RSA_WITH_AES_256_CBC_SHA
Ignoring unavailable cipher suite: TLS_ECDH_RSA_WITH_AES_256_GCM_SHA384
Ignoring unavailable cipher suite: TLS_ECDHE_ECDSA_WITH_AES_256_CBC_SHA384
Ignoring unavailable cipher suite: TLS_DHE_RSA_WITH_AES_256_CBC_SHA256
Ignoring unavailable cipher suite: TLS_ECDHE_ECDSA_WITH_AES_256_CBC_SHA
Ignoring unavailable cipher suite: TLS_DHE_DSS_WITH_AES_256_CBC_SHA256
Ignoring unavailable cipher suite: TLS_DHE_RSA_WITH_AES_256_CBC_SHA
Ignoring unavailable cipher suite: TLS_ECDHE_RSA_WITH_AES_256_CBC_SHA
Ignoring unavailable cipher suite: TLS_ECDHE_RSA_WITH_AES_256_GCM_SHA384
2021-11-08 11:08:36,523 [myid:127.0.0.1:30075] - INFO  [nioEventLoopGroup-12-1:ClientCnxnSocketNetty$ZKClientPipelineFactory@454] - SSL handler added for channel: [id: 0x53fe4058]
2021-11-08 11:08:36,524 [myid:127.0.0.1:30075] - INFO  [nioEventLoopGroup-12-1:ClientCnxn$SendThread@1005] - Socket connection established, initiating session, client: /127.0.0.1:2637, server: xmind.net/127.0.0.1:30075
2021-11-08 11:08:36,524 [myid:127.0.0.1:30075] - INFO  [nioEventLoopGroup-12-1:ClientCnxnSocketNetty$1@184] - channel is connected: [id: 0x53fe4058, L:/127.0.0.1:2637 - R:xmind.net/127.0.0.1:30075]
Allow unsafe renegotiation: false
Allow legacy hello messages: true
Is initial handshake: true
Is secure renegotiation: false
trigger seeding of SecureRandom
done seeding SecureRandom
Ignoring unsupported cipher suite: TLS_ECDHE_ECDSA_WITH_AES_128_CBC_SHA256 for TLSv1
Using SSLEngineImpl.
Ignoring unsupported cipher suite: TLS_ECDHE_RSA_WITH_AES_128_CBC_SHA256 for TLSv1
Ignoring unsupported cipher suite: TLS_RSA_WITH_AES_128_CBC_SHA256 for TLSv1
Ignoring unavailable cipher suite: TLS_DHE_DSS_WITH_AES_256_GCM_SHA384
Ignoring unsupported cipher suite: TLS_ECDH_ECDSA_WITH_AES_128_CBC_SHA256 for TLSv1
Ignoring unsupported cipher suite: TLS_ECDH_RSA_WITH_AES_128_CBC_SHA256 for TLSv1
Ignoring unsupported cipher suite: TLS_DHE_RSA_WITH_AES_128_CBC_SHA256 for TLSv1
Ignoring unsupported cipher suite: TLS_DHE_DSS_WITH_AES_128_CBC_SHA256 for TLSv1
Ignoring unsupported cipher suite: TLS_ECDHE_ECDSA_WITH_AES_128_CBC_SHA256 for TLSv1.1
Ignoring unsupported cipher suite: TLS_ECDHE_RSA_WITH_AES_128_CBC_SHA256 for TLSv1.1
Ignoring unavailable cipher suite: TLS_RSA_WITH_AES_256_CBC_SHA
Ignoring unsupported cipher suite: TLS_RSA_WITH_AES_128_CBC_SHA256 for TLSv1.1
Ignoring unsupported cipher suite: TLS_ECDH_ECDSA_WITH_AES_128_CBC_SHA256 for TLSv1.1
Ignoring unsupported cipher suite: TLS_ECDH_RSA_WITH_AES_128_CBC_SHA256 for TLSv1.1
Ignoring unsupported cipher suite: TLS_DHE_RSA_WITH_AES_128_CBC_SHA256 for TLSv1.1
Ignoring unsupported cipher suite: TLS_DHE_DSS_WITH_AES_128_CBC_SHA256 for TLSv1.1
Ignoring unavailable cipher suite: TLS_DHE_RSA_WITH_AES_256_GCM_SHA384
Ignoring unavailable cipher suite: TLS_ECDH_ECDSA_WITH_AES_256_CBC_SHA
Ignoring unavailable cipher suite: TLS_ECDHE_ECDSA_WITH_AES_256_GCM_SHA384
Ignoring unavailable cipher suite: TLS_RSA_WITH_AES_256_CBC_SHA256
Ignoring unavailable cipher suite: TLS_DHE_DSS_WITH_AES_256_CBC_SHA
Ignoring unavailable cipher suite: TLS_ECDH_ECDSA_WITH_AES_256_GCM_SHA384
%% No cached client session
Ignoring unavailable cipher suite: TLS_ECDH_RSA_WITH_AES_256_CBC_SHA384
Ignoring unavailable cipher suite: TLS_RSA_WITH_AES_256_GCM_SHA384
Ignoring unavailable cipher suite: TLS_ECDH_ECDSA_WITH_AES_256_CBC_SHA384
Ignoring unavailable cipher suite: TLS_ECDHE_RSA_WITH_AES_256_CBC_SHA384
Ignoring unavailable cipher suite: TLS_ECDH_RSA_WITH_AES_256_CBC_SHA
Ignoring unavailable cipher suite: TLS_ECDH_RSA_WITH_AES_256_GCM_SHA384
Ignoring unavailable cipher suite: TLS_ECDHE_ECDSA_WITH_AES_256_CBC_SHA384
*** ClientHello, TLSv1.2
Ignoring unavailable cipher suite: TLS_DHE_RSA_WITH_AES_256_CBC_SHA256
RandomCookie:  GMT: 1619497908 bytes = { 26, 189, 154Ignoring unavailable cipher suite: TLS_ECDHE_ECDSA_WITH_AES_256_CBC_SHA
Ignoring unavailable cipher suite: TLS_DHE_DSS_WITH_AES_256_CBC_SHA256
, 211Ignoring unavailable cipher suite: TLS_DHE_RSA_WITH_AES_256_CBC_SHA
, 203, 72Ignoring unavailable cipher suite: TLS_ECDHE_RSA_WITH_AES_256_CBC_SHA
Ignoring unavailable cipher suite: TLS_ECDHE_RSA_WITH_AES_256_GCM_SHA384
, 207, 17, 237, 228, 69, 227, 228, 192, 185, 236, 191, 180, 145, 121, 98, 214, 75, 55, 251, 215, 1, 175 }
Session ID:  {}
Cipher Suites: [TLS_ECDHE_ECDSA_WITH_AES_128_CBC_SHA256, TLS_ECDHE_RSA_WITH_AES_128_CBC_SHA256, TLS_RSA_WITH_AES_128_CBC_SHA256, TLS_ECDH_ECDSA_WITH_AES_128_CBC_SHA256, TLS_ECDH_RSA_WITH_AES_128_CBC_SHA256, TLS_DHE_RSA_WITH_AES_128_CBC_SHA256, TLS_DHE_DSS_WITH_AES_128_CBC_SHA256, TLS_ECDHE_ECDSA_WITH_AES_128_CBC_SHA, TLS_ECDHE_RSA_WITH_AES_128_CBC_SHA, TLS_RSA_WITH_AES_128_CBC_SHA, TLS_ECDH_ECDSA_WITH_AES_128_CBC_SHA, TLS_ECDH_RSA_WITH_AES_128_CBC_SHA, TLS_DHE_RSA_WITH_AES_128_CBC_SHA, TLS_DHE_DSS_WITH_AES_128_CBC_SHA, TLS_ECDHE_ECDSA_WITH_AES_128_GCM_SHA256, TLS_ECDHE_RSA_WITH_AES_128_GCM_SHA256, TLS_RSA_WITH_AES_128_GCM_SHA256, TLS_ECDH_ECDSA_WITH_AES_128_GCM_SHA256, TLS_ECDH_RSA_WITH_AES_128_GCM_SHA256, TLS_DHE_RSA_WITH_AES_128_GCM_SHA256, TLS_DHE_DSS_WITH_AES_128_GCM_SHA256, TLS_ECDHE_ECDSA_WITH_3DES_EDE_CBC_SHA, TLS_ECDHE_RSA_WITH_3DES_EDE_CBC_SHA, SSL_RSA_WITH_3DES_EDE_CBC_SHA, TLS_ECDH_ECDSA_WITH_3DES_EDE_CBC_SHA, TLS_ECDH_RSA_WITH_3DES_EDE_CBC_SHA, SSL_DHE_RSA_WITH_3DES_EDE_CBC_SHA, SSL_DHE_DSS_WITH_3DES_EDE_CBC_SHA, TLS_ECDHE_ECDSA_WITH_RC4_128_SHA, TLS_ECDHE_RSA_WITH_RC4_128_SHA, SSL_RSA_WITH_RC4_128_SHA, TLS_ECDH_ECDSA_WITH_RC4_128_SHA, TLS_ECDH_RSA_WITH_RC4_128_SHA, SSL_RSA_WITH_RC4_128_MD5, TLS_EMPTY_RENEGOTIATION_INFO_SCSV]
Compression Methods:  { 0 }
Extension elliptic_curves, curve names: {secp256r1, sect163k1, sect163r2, secp192r1, secp224r1, sect233k1, sect233r1, sect283k1, sect283r1, secp384r1, sect409k1, sect409r1, secp521r1, sect571k1, sect571r1, secp160k1, secp160r1, secp160r2, sect163r1, secp192k1, sect193r1, sect193r2, secp224k1, sect239k1, secp256k1}
Extension ec_point_formats, formats: [uncompressed]
Extension signature_algorithms, signature_algorithms: SHA512withECDSA, SHA512withRSA, SHA384withECDSA, SHA384withRSA, SHA256withECDSA, SHA256withRSA, SHA224withECDSA, SHA224withRSA, SHA1withECDSA, SHA1withRSA, SHA1withDSA, MD5withRSA
Extension server_name, server_name: [type=host_name (0), value=xmind.net]
***
nioEventLoopGroup-12-1, WRITE: TLSv1.2 Handshake, length = 225
2021-11-08 11:08:36,525 [myid:] - WARN  [nioEventLoopGroup-11-7:ChannelInitializer@97] - Failed to initialize a channel. Closing: [id: 0x762d84f9, L:/127.0.0.1:30075 - R:/127.0.0.1:2637]
java.lang.IllegalArgumentException: Cannot support TLS_ECDHE_ECDSA_WITH_AES_256_CBC_SHA384 with currently installed providers
	at sun.security.ssl.CipherSuiteList.<init>(CipherSuiteList.java:92)
	at sun.security.ssl.SSLEngineImpl.setEnabledCipherSuites(SSLEngineImpl.java:2038)
	at io.netty.handler.ssl.JdkSslContext.configureAndWrapEngine(JdkSslContext.java:341)
	at io.netty.handler.ssl.JdkSslContext.newEngine(JdkSslContext.java:331)
	at io.netty.handler.ssl.SslContext.newHandler(SslContext.java:956)
	at io.netty.handler.ssl.SslContext.newHandler(SslContext.java:948)
	at org.apache.zookeeper.server.NettyServerCnxnFactory.initSSL(NettyServerCnxnFactory.java:575)
	at org.apache.zookeeper.server.NettyServerCnxnFactory.access$1300(NettyServerCnxnFactory.java:80)
	at org.apache.zookeeper.server.NettyServerCnxnFactory$1.initChannel(NettyServerCnxnFactory.java:540)
	at org.apache.zookeeper.server.NettyServerCnxnFactory$1.initChannel(NettyServerCnxnFactory.java:532)
	at io.netty.channel.ChannelInitializer.initChannel(ChannelInitializer.java:129)
	at io.netty.channel.ChannelInitializer.handlerAdded(ChannelInitializer.java:112)
	at io.netty.channel.AbstractChannelHandlerContext.callHandlerAdded(AbstractChannelHandlerContext.java:938)
	at io.netty.channel.DefaultChannelPipeline.callHandlerAdded0(DefaultChannelPipeline.java:609)
	at io.netty.channel.DefaultChannelPipeline.access$100(DefaultChannelPipeline.java:46)
	at io.netty.channel.DefaultChannelPipeline$PendingHandlerAddedTask.execute(DefaultChannelPipeline.java:1463)
	at io.netty.channel.DefaultChannelPipeline.callHandlerAddedForAllHandlers(DefaultChannelPipeline.java:1115)
	at io.netty.channel.DefaultChannelPipeline.invokeHandlerAddedIfNeeded(DefaultChannelPipeline.java:650)
	at io.netty.channel.AbstractChannel$AbstractUnsafe.register0(AbstractChannel.java:502)
	at io.netty.channel.AbstractChannel$AbstractUnsafe.access$200(AbstractChannel.java:417)
	at io.netty.channel.AbstractChannel$AbstractUnsafe$1.run(AbstractChannel.java:474)
	at io.netty.util.concurrent.AbstractEventExecutor.safeExecute(AbstractEventExecutor.java:164)
	at io.netty.util.concurrent.SingleThreadEventExecutor.runAllTasks(SingleThreadEventExecutor.java:472)
	at io.netty.channel.nio.NioEventLoop.run(NioEventLoop.java:500)
	at io.netty.util.concurrent.SingleThreadEventExecutor$4.run(SingleThreadEventExecutor.java:989)
	at io.netty.util.internal.ThreadExecutorMap$2.run(ThreadExecutorMap.java:74)
	at io.netty.util.concurrent.FastThreadLocalRunnable.run(FastThreadLocalRunnable.java:30)
	at java.lang.Thread.run(Thread.java:745)
2021-11-08 11:08:36,525 [myid:127.0.0.1:30075] - ERROR [nioEventLoopGroup-12-1:ClientCnxnSocketNetty$ZKClientHandler@522] - Unexpected throwable
java.io.IOException: 你的主机中的软件中止了一个已建立的连接。
	at sun.nio.ch.SocketDispatcher.read0(Native Method)
	at sun.nio.ch.SocketDispatcher.read(SocketDispatcher.java:43)
	at sun.nio.ch.IOUtil.readIntoNativeBuffer(IOUtil.java:223)
	at sun.nio.ch.IOUtil.read(IOUtil.java:192)
	at sun.nio.ch.SocketChannelImpl.read(SocketChannelImpl.java:379)
	at io.netty.buffer.PooledByteBuf.setBytes(PooledByteBuf.java:253)
	at io.netty.buffer.AbstractByteBuf.writeBytes(AbstractByteBuf.java:1134)
	at io.netty.buffer.WrappedByteBuf.writeBytes(WrappedByteBuf.java:821)
	at io.netty.buffer.AdvancedLeakAwareByteBuf.writeBytes(AdvancedLeakAwareByteBuf.java:635)
	at io.netty.channel.socket.nio.NioSocketChannel.doReadBytes(NioSocketChannel.java:350)
	at io.netty.channel.nio.AbstractNioByteChannel$NioByteUnsafe.read(AbstractNioByteChannel.java:151)
	at io.netty.channel.nio.NioEventLoop.processSelectedKey(NioEventLoop.java:719)
	at io.netty.channel.nio.NioEventLoop.processSelectedKeysOptimized(NioEventLoop.java:655)
	at io.netty.channel.nio.NioEventLoop.processSelectedKeys(NioEventLoop.java:581)
	at io.netty.channel.nio.NioEventLoop.run(NioEventLoop.java:493)
	at io.netty.util.concurrent.SingleThreadEventExecutor$4.run(SingleThreadEventExecutor.java:989)
	at io.netty.util.internal.ThreadExecutorMap$2.run(ThreadExecutorMap.java:74)
	at io.netty.util.concurrent.FastThreadLocalRunnable.run(FastThreadLocalRunnable.java:30)
	at java.lang.Thread.run(Thread.java:745)
2021-11-08 11:08:36,526 [myid:127.0.0.1:30075] - INFO  [nioEventLoopGroup-12-1:ClientCnxnSocketNetty@249] - channel is told closing
nioEventLoopGroup-12-1, called closeOutbound()
nioEventLoopGroup-12-1, closeOutboundInternal()
nioEventLoopGroup-12-1, SEND TLSv1.2 ALERT:  warning, description = close_notify
2021-11-08 11:08:36,526 [myid:127.0.0.1:30075] - WARN  [main-SendThread(127.0.0.1:30075):ClientCnxn$SendThread@1290] - Session 0x0 for sever xmind.net/127.0.0.1:30075, Closing socket connection. Attempting reconnect except it is a SessionExpiredException.
EndOfStreamException: channel for sessionid 0x0 is lost
	at org.apache.zookeeper.ClientCnxnSocketNetty.doTransport(ClientCnxnSocketNetty.java:285)
	at org.apache.zookeeper.ClientCnxn$SendThread.run(ClientCnxn.java:1280)
nioEventLoopGroup-12-1, WRITE: TLSv1.2 Alert, length = 2
nioEventLoopGroup-12-1, called closeInbound()
nioEventLoopGroup-12-1, fatal error: 80: Inbound closed before receiving peer's close_notify: possible truncation attack?
javax.net.ssl.SSLException: Inbound closed before receiving peer's close_notify: possible truncation attack?
nioEventLoopGroup-12-1, SEND TLSv1.2 ALERT:  fatal, description = internal_error
nioEventLoopGroup-12-1, Exception sending alert: java.io.IOException: writer side was already closed.
2021-11-08 11:08:36,526 [myid:127.0.0.1:30075] - INFO  [nioEventLoopGroup-12-1:ClientCnxnSocketNetty$ZKClientHandler@469] - channel is disconnected: [id: 0x53fe4058, L:/127.0.0.1:2637 ! R:xmind.net/127.0.0.1:30075]
2021-11-08 11:08:37,995 [myid:127.0.0.1:30073] - INFO  [main-SendThread(127.0.0.1:30073):ClientCnxn$SendThread@1171] - Opening socket connection to server xmind.net/127.0.0.1:30073.
2021-11-08 11:08:37,995 [myid:127.0.0.1:30073] - INFO  [main-SendThread(127.0.0.1:30073):ClientCnxn$SendThread@1173] - SASL config status: Will not attempt to authenticate using SASL (unknown error)
adding as trusted cert:
  Subject: CN=localhost, OU=ZooKeeper, O=Apache, L=Unknown, ST=Unknown, C=Unknown
  Issuer:  CN=localhost, OU=ZooKeeper, O=Apache, L=Unknown, ST=Unknown, C=Unknown
  Algorithm: RSA; Serial number: 0x7334b506
  Valid from Sat Jan 31 02:57:30 CST 2015 until Wed Feb 08 02:57:30 CST 3015

trigger seeding of SecureRandom
done seeding SecureRandom
Using SSLEngineImpl.
Ignoring unavailable cipher suite: TLS_DHE_DSS_WITH_AES_256_GCM_SHA384
Ignoring unavailable cipher suite: TLS_RSA_WITH_AES_256_CBC_SHA
Ignoring unavailable cipher suite: TLS_DHE_RSA_WITH_AES_256_GCM_SHA384
Ignoring unavailable cipher suite: TLS_ECDH_ECDSA_WITH_AES_256_CBC_SHA
Ignoring unavailable cipher suite: TLS_ECDHE_ECDSA_WITH_AES_256_GCM_SHA384
Ignoring unavailable cipher suite: TLS_RSA_WITH_AES_256_CBC_SHA256
Ignoring unavailable cipher suite: TLS_DHE_DSS_WITH_AES_256_CBC_SHA
Ignoring unavailable cipher suite: TLS_ECDH_ECDSA_WITH_AES_256_GCM_SHA384
Ignoring unavailable cipher suite: TLS_ECDH_RSA_WITH_AES_256_CBC_SHA384
Ignoring unavailable cipher suite: TLS_RSA_WITH_AES_256_GCM_SHA384
Ignoring unavailable cipher suite: TLS_ECDH_ECDSA_WITH_AES_256_CBC_SHA384
Ignoring unavailable cipher suite: TLS_ECDHE_RSA_WITH_AES_256_CBC_SHA384
Ignoring unavailable cipher suite: TLS_ECDH_RSA_WITH_AES_256_CBC_SHA
Ignoring unavailable cipher suite: TLS_ECDH_RSA_WITH_AES_256_GCM_SHA384
Ignoring unavailable cipher suite: TLS_ECDHE_ECDSA_WITH_AES_256_CBC_SHA384
Ignoring unavailable cipher suite: TLS_DHE_RSA_WITH_AES_256_CBC_SHA256
Ignoring unavailable cipher suite: TLS_ECDHE_ECDSA_WITH_AES_256_CBC_SHA
Ignoring unavailable cipher suite: TLS_DHE_DSS_WITH_AES_256_CBC_SHA256
Ignoring unavailable cipher suite: TLS_DHE_RSA_WITH_AES_256_CBC_SHA
Ignoring unavailable cipher suite: TLS_ECDHE_RSA_WITH_AES_256_CBC_SHA
Ignoring unavailable cipher suite: TLS_ECDHE_RSA_WITH_AES_256_GCM_SHA384
2021-11-08 11:08:37,997 [myid:127.0.0.1:30073] - INFO  [nioEventLoopGroup-5-1:ClientCnxnSocketNetty$ZKClientPipelineFactory@454] - SSL handler added for channel: [id: 0xbecd9995]
2021-11-08 11:08:38,019 [myid:127.0.0.1:30075] - INFO  [main-SendThread(127.0.0.1:30075):ClientCnxn$SendThread@1171] - Opening socket connection to server xmind.net/127.0.0.1:30075.
2021-11-08 11:08:38,019 [myid:127.0.0.1:30075] - INFO  [main-SendThread(127.0.0.1:30075):ClientCnxn$SendThread@1173] - SASL config status: Will not attempt to authenticate using SASL (unknown error)
adding as trusted cert:
  Subject: CN=localhost, OU=ZooKeeper, O=Apache, L=Unknown, ST=Unknown, C=Unknown
  Issuer:  CN=localhost, OU=ZooKeeper, O=Apache, L=Unknown, ST=Unknown, C=Unknown
  Algorithm: RSA; Serial number: 0x7334b506
  Valid from Sat Jan 31 02:57:30 CST 2015 until Wed Feb 08 02:57:30 CST 3015

trigger seeding of SecureRandom
done seeding SecureRandom
Using SSLEngineImpl.
Ignoring unavailable cipher suite: TLS_DHE_DSS_WITH_AES_256_GCM_SHA384
Ignoring unavailable cipher suite: TLS_RSA_WITH_AES_256_CBC_SHA
Ignoring unavailable cipher suite: TLS_DHE_RSA_WITH_AES_256_GCM_SHA384
Ignoring unavailable cipher suite: TLS_ECDH_ECDSA_WITH_AES_256_CBC_SHA
Ignoring unavailable cipher suite: TLS_ECDHE_ECDSA_WITH_AES_256_GCM_SHA384
Ignoring unavailable cipher suite: TLS_RSA_WITH_AES_256_CBC_SHA256
Ignoring unavailable cipher suite: TLS_DHE_DSS_WITH_AES_256_CBC_SHA
Ignoring unavailable cipher suite: TLS_ECDH_ECDSA_WITH_AES_256_GCM_SHA384
Ignoring unavailable cipher suite: TLS_ECDH_RSA_WITH_AES_256_CBC_SHA384
Ignoring unavailable cipher suite: TLS_RSA_WITH_AES_256_GCM_SHA384
Ignoring unavailable cipher suite: TLS_ECDH_ECDSA_WITH_AES_256_CBC_SHA384
Ignoring unavailable cipher suite: TLS_ECDHE_RSA_WITH_AES_256_CBC_SHA384
Ignoring unavailable cipher suite: TLS_ECDH_RSA_WITH_AES_256_CBC_SHA
Ignoring unavailable cipher suite: TLS_ECDH_RSA_WITH_AES_256_GCM_SHA384
Ignoring unavailable cipher suite: TLS_ECDHE_ECDSA_WITH_AES_256_CBC_SHA384
Ignoring unavailable cipher suite: TLS_DHE_RSA_WITH_AES_256_CBC_SHA256
Ignoring unavailable cipher suite: TLS_ECDHE_ECDSA_WITH_AES_256_CBC_SHA
Ignoring unavailable cipher suite: TLS_DHE_DSS_WITH_AES_256_CBC_SHA256
Ignoring unavailable cipher suite: TLS_DHE_RSA_WITH_AES_256_CBC_SHA
Ignoring unavailable cipher suite: TLS_ECDHE_RSA_WITH_AES_256_CBC_SHA
Ignoring unavailable cipher suite: TLS_ECDHE_RSA_WITH_AES_256_GCM_SHA384
2021-11-08 11:08:38,021 [myid:127.0.0.1:30075] - INFO  [nioEventLoopGroup-12-1:ClientCnxnSocketNetty$ZKClientPipelineFactory@454] - SSL handler added for channel: [id: 0xe965761d]
2021-11-08 11:08:38,022 [myid:127.0.0.1:30075] - INFO  [nioEventLoopGroup-12-1:ClientCnxn$SendThread@1005] - Socket connection established, initiating session, client: /127.0.0.1:2692, server: xmind.net/127.0.0.1:30075
2021-11-08 11:08:38,022 [myid:127.0.0.1:30075] - INFO  [nioEventLoopGroup-12-1:ClientCnxnSocketNetty$1@184] - channel is connected: [id: 0xe965761d, L:/127.0.0.1:2692 - R:xmind.net/127.0.0.1:30075]
Allow unsafe renegotiation: false
Allow legacy hello messages: true
Is initial handshake: true
Is secure renegotiation: false
trigger seeding of SecureRandom
done seeding SecureRandom
Ignoring unsupported cipher suite: TLS_ECDHE_ECDSA_WITH_AES_128_CBC_SHA256 for TLSv1
Ignoring unsupported cipher suite: TLS_ECDHE_RSA_WITH_AES_128_CBC_SHA256 for TLSv1
Ignoring unsupported cipher suite: TLS_RSA_WITH_AES_128_CBC_SHA256 for TLSv1
Ignoring unsupported cipher suite: TLS_ECDH_ECDSA_WITH_AES_128_CBC_SHA256 for TLSv1
Ignoring unsupported cipher suite: TLS_ECDH_RSA_WITH_AES_128_CBC_SHA256 for TLSv1
Ignoring unsupported cipher suite: TLS_DHE_RSA_WITH_AES_128_CBC_SHA256 for TLSv1
Using SSLEngineImpl.
Ignoring unsupported cipher suite: TLS_DHE_DSS_WITH_AES_128_CBC_SHA256 for TLSv1
Ignoring unavailable cipher suite: TLS_DHE_DSS_WITH_AES_256_GCM_SHA384
Ignoring unsupported cipher suite: TLS_ECDHE_ECDSA_WITH_AES_128_CBC_SHA256 for TLSv1.1
Ignoring unsupported cipher suite: TLS_ECDHE_RSA_WITH_AES_128_CBC_SHA256 for TLSv1.1
Ignoring unavailable cipher suite: TLS_RSA_WITH_AES_256_CBC_SHA
Ignoring unsupported cipher suite: TLS_RSA_WITH_AES_128_CBC_SHA256 for TLSv1.1
Ignoring unsupported cipher suite: TLS_ECDH_ECDSA_WITH_AES_128_CBC_SHA256 for TLSv1.1
Ignoring unsupported cipher suite: TLS_ECDH_RSA_WITH_AES_128_CBC_SHA256 for TLSv1.1
Ignoring unsupported cipher suite: TLS_DHE_RSA_WITH_AES_128_CBC_SHA256 for TLSv1.1
Ignoring unsupported cipher suite: TLS_DHE_DSS_WITH_AES_128_CBC_SHA256 for TLSv1.1
Ignoring unavailable cipher suite: TLS_DHE_RSA_WITH_AES_256_GCM_SHA384
Ignoring unavailable cipher suite: TLS_ECDH_ECDSA_WITH_AES_256_CBC_SHA
Ignoring unavailable cipher suite: TLS_ECDHE_ECDSA_WITH_AES_256_GCM_SHA384
Ignoring unavailable cipher suite: TLS_RSA_WITH_AES_256_CBC_SHA256
%% No cached client session
Ignoring unavailable cipher suite: TLS_DHE_DSS_WITH_AES_256_CBC_SHA
Ignoring unavailable cipher suite: TLS_ECDH_ECDSA_WITH_AES_256_GCM_SHA384
Ignoring unavailable cipher suite: TLS_ECDH_RSA_WITH_AES_256_CBC_SHA384
Ignoring unavailable cipher suite: TLS_RSA_WITH_AES_256_GCM_SHA384
Ignoring unavailable cipher suite: TLS_ECDH_ECDSA_WITH_AES_256_CBC_SHA384
Ignoring unavailable cipher suite: TLS_ECDHE_RSA_WITH_AES_256_CBC_SHA384
*** ClientHello, TLSv1.2
Ignoring unavailable cipher suite: TLS_ECDH_RSA_WITH_AES_256_CBC_SHA
RandomCookie:  Ignoring unavailable cipher suite: TLS_ECDH_RSA_WITH_AES_256_GCM_SHA384
GMT: 1619497910 bytes = { 105, 91, 156, Ignoring unavailable cipher suite: TLS_ECDHE_ECDSA_WITH_AES_256_CBC_SHA384
Ignoring unavailable cipher suite: TLS_DHE_RSA_WITH_AES_256_CBC_SHA256
9, 150, 199Ignoring unavailable cipher suite: TLS_ECDHE_ECDSA_WITH_AES_256_CBC_SHA
, Ignoring unavailable cipher suite: TLS_DHE_DSS_WITH_AES_256_CBC_SHA256
68, Ignoring unavailable cipher suite: TLS_DHE_RSA_WITH_AES_256_CBC_SHA
6Ignoring unavailable cipher suite: TLS_ECDHE_RSA_WITH_AES_256_CBC_SHA
, Ignoring unavailable cipher suite: TLS_ECDHE_RSA_WITH_AES_256_GCM_SHA384
27, 34, 157, 87, 79, 227, 120, 240, 230, 15, 221, 229, 253, 137, 231, 151, 82, 229, 186, 251 }
Session ID:  {}
Cipher Suites: [TLS_ECDHE_ECDSA_WITH_AES_128_CBC_SHA256, TLS_ECDHE_RSA_WITH_AES_128_CBC_SHA256, TLS_RSA_WITH_AES_128_CBC_SHA256, TLS_ECDH_ECDSA_WITH_AES_128_CBC_SHA256, TLS_ECDH_RSA_WITH_AES_128_CBC_SHA256, TLS_DHE_RSA_WITH_AES_128_CBC_SHA256, TLS_DHE_DSS_WITH_AES_128_CBC_SHA256, TLS_ECDHE_ECDSA_WITH_AES_128_CBC_SHA, TLS_ECDHE_RSA_WITH_AES_128_CBC_SHA, TLS_RSA_WITH_AES_128_CBC_SHA, TLS_ECDH_ECDSA_WITH_AES_128_CBC_SHA, TLS_ECDH_RSA_WITH_AES_128_CBC_SHA, TLS_DHE_RSA_WITH_AES_128_CBC_SHA, TLS_DHE_DSS_WITH_AES_128_CBC_SHA, TLS_ECDHE_ECDSA_WITH_AES_128_GCM_SHA256, TLS_ECDHE_RSA_WITH_AES_128_GCM_SHA256, TLS_RSA_WITH_AES_128_GCM_SHA256, TLS_ECDH_ECDSA_WITH_AES_128_GCM_SHA256, TLS_ECDH_RSA_WITH_AES_128_GCM_SHA256, TLS_DHE_RSA_WITH_AES_128_GCM_SHA256, TLS_DHE_DSS_WITH_AES_128_GCM_SHA256, TLS_ECDHE_ECDSA_WITH_3DES_EDE_CBC_SHA, TLS_ECDHE_RSA_WITH_3DES_EDE_CBC_SHA, SSL_RSA_WITH_3DES_EDE_CBC_SHA, TLS_ECDH_ECDSA_WITH_3DES_EDE_CBC_SHA, TLS_ECDH_RSA_WITH_3DES_EDE_CBC_SHA, SSL_DHE_RSA_WITH_3DES_EDE_CBC_SHA, SSL_DHE_DSS_WITH_3DES_EDE_CBC_SHA, TLS_ECDHE_ECDSA_WITH_RC4_128_SHA, TLS_ECDHE_RSA_WITH_RC4_128_SHA, SSL_RSA_WITH_RC4_128_SHA, TLS_ECDH_ECDSA_WITH_RC4_128_SHA, TLS_ECDH_RSA_WITH_RC4_128_SHA, SSL_RSA_WITH_RC4_128_MD5, TLS_EMPTY_RENEGOTIATION_INFO_SCSV]
Compression Methods:  { 0 }
Extension elliptic_curves, curve names: {secp256r1, sect163k1, sect163r2, secp192r1, secp224r1, sect233k1, sect233r1, sect283k1, sect283r1, secp384r1, sect409k1, sect409r1, secp521r1, sect571k1, sect571r1, secp160k1, secp160r1, secp160r2, sect163r1, secp192k1, sect193r1, sect193r2, secp224k1, sect239k1, secp256k1}
Extension ec_point_formats, formats: [uncompressed]
Extension signature_algorithms, signature_algorithms: SHA512withECDSA, SHA512withRSA, SHA384withECDSA, SHA384withRSA, SHA256withECDSA, SHA256withRSA, SHA224withECDSA, SHA224withRSA, SHA1withECDSA, SHA1withRSA, SHA1withDSA, MD5withRSA
Extension server_name, server_name: [type=host_name (0), value=xmind.net]
***
nioEventLoopGroup-12-1, WRITE: TLSv1.2 Handshake, length = 225
2021-11-08 11:08:38,024 [myid:] - WARN  [nioEventLoopGroup-11-8:ChannelInitializer@97] - Failed to initialize a channel. Closing: [id: 0xd1501f65, L:/127.0.0.1:30075 - R:/127.0.0.1:2692]
java.lang.IllegalArgumentException: Cannot support TLS_ECDHE_ECDSA_WITH_AES_256_CBC_SHA384 with currently installed providers
	at sun.security.ssl.CipherSuiteList.<init>(CipherSuiteList.java:92)
	at sun.security.ssl.SSLEngineImpl.setEnabledCipherSuites(SSLEngineImpl.java:2038)
	at io.netty.handler.ssl.JdkSslContext.configureAndWrapEngine(JdkSslContext.java:341)
	at io.netty.handler.ssl.JdkSslContext.newEngine(JdkSslContext.java:331)
	at io.netty.handler.ssl.SslContext.newHandler(SslContext.java:956)
	at io.netty.handler.ssl.SslContext.newHandler(SslContext.java:948)
	at org.apache.zookeeper.server.NettyServerCnxnFactory.initSSL(NettyServerCnxnFactory.java:575)
	at org.apache.zookeeper.server.NettyServerCnxnFactory.access$1300(NettyServerCnxnFactory.java:80)
	at org.apache.zookeeper.server.NettyServerCnxnFactory$1.initChannel(NettyServerCnxnFactory.java:540)
	at org.apache.zookeeper.server.NettyServerCnxnFactory$1.initChannel(NettyServerCnxnFactory.java:532)
	at io.netty.channel.ChannelInitializer.initChannel(ChannelInitializer.java:129)
	at io.netty.channel.ChannelInitializer.handlerAdded(ChannelInitializer.java:112)
	at io.netty.channel.AbstractChannelHandlerContext.callHandlerAdded(AbstractChannelHandlerContext.java:938)
	at io.netty.channel.DefaultChannelPipeline.callHandlerAdded0(DefaultChannelPipeline.java:609)
	at io.netty.channel.DefaultChannelPipeline.access$100(DefaultChannelPipeline.java:46)
	at io.netty.channel.DefaultChannelPipeline$PendingHandlerAddedTask.execute(DefaultChannelPipeline.java:1463)
	at io.netty.channel.DefaultChannelPipeline.callHandlerAddedForAllHandlers(DefaultChannelPipeline.java:1115)
	at io.netty.channel.DefaultChannelPipeline.invokeHandlerAddedIfNeeded(DefaultChannelPipeline.java:650)
	at io.netty.channel.AbstractChannel$AbstractUnsafe.register0(AbstractChannel.java:502)
	at io.netty.channel.AbstractChannel$AbstractUnsafe.access$200(AbstractChannel.java:417)
	at io.netty.channel.AbstractChannel$AbstractUnsafe$1.run(AbstractChannel.java:474)
	at io.netty.util.concurrent.AbstractEventExecutor.safeExecute(AbstractEventExecutor.java:164)
	at io.netty.util.concurrent.SingleThreadEventExecutor.runAllTasks(SingleThreadEventExecutor.java:472)
	at io.netty.channel.nio.NioEventLoop.run(NioEventLoop.java:500)
	at io.netty.util.concurrent.SingleThreadEventExecutor$4.run(SingleThreadEventExecutor.java:989)
	at io.netty.util.internal.ThreadExecutorMap$2.run(ThreadExecutorMap.java:74)
	at io.netty.util.concurrent.FastThreadLocalRunnable.run(FastThreadLocalRunnable.java:30)
	at java.lang.Thread.run(Thread.java:745)
2021-11-08 11:08:38,024 [myid:127.0.0.1:30075] - ERROR [nioEventLoopGroup-12-1:ClientCnxnSocketNetty$ZKClientHandler@522] - Unexpected throwable
java.io.IOException: 你的主机中的软件中止了一个已建立的连接。
	at sun.nio.ch.SocketDispatcher.read0(Native Method)
	at sun.nio.ch.SocketDispatcher.read(SocketDispatcher.java:43)
	at sun.nio.ch.IOUtil.readIntoNativeBuffer(IOUtil.java:223)
	at sun.nio.ch.IOUtil.read(IOUtil.java:192)
	at sun.nio.ch.SocketChannelImpl.read(SocketChannelImpl.java:379)
	at io.netty.buffer.PooledByteBuf.setBytes(PooledByteBuf.java:253)
	at io.netty.buffer.AbstractByteBuf.writeBytes(AbstractByteBuf.java:1134)
	at io.netty.buffer.WrappedByteBuf.writeBytes(WrappedByteBuf.java:821)
	at io.netty.buffer.AdvancedLeakAwareByteBuf.writeBytes(AdvancedLeakAwareByteBuf.java:635)
	at io.netty.channel.socket.nio.NioSocketChannel.doReadBytes(NioSocketChannel.java:350)
	at io.netty.channel.nio.AbstractNioByteChannel$NioByteUnsafe.read(AbstractNioByteChannel.java:151)
	at io.netty.channel.nio.NioEventLoop.processSelectedKey(NioEventLoop.java:719)
	at io.netty.channel.nio.NioEventLoop.processSelectedKeysOptimized(NioEventLoop.java:655)
	at io.netty.channel.nio.NioEventLoop.processSelectedKeys(NioEventLoop.java:581)
	at io.netty.channel.nio.NioEventLoop.run(NioEventLoop.java:493)
	at io.netty.util.concurrent.SingleThreadEventExecutor$4.run(SingleThreadEventExecutor.java:989)
	at io.netty.util.internal.ThreadExecutorMap$2.run(ThreadExecutorMap.java:74)
	at io.netty.util.concurrent.FastThreadLocalRunnable.run(FastThreadLocalRunnable.java:30)
	at java.lang.Thread.run(Thread.java:745)
2021-11-08 11:08:38,024 [myid:127.0.0.1:30075] - INFO  [nioEventLoopGroup-12-1:ClientCnxnSocketNetty@249] - channel is told closing
nioEventLoopGroup-12-1, called closeOutbound()
nioEventLoopGroup-12-1, closeOutboundInternal()
nioEventLoopGroup-12-1, SEND TLSv1.2 ALERT:  warning, description = close_notify
nioEventLoopGroup-12-1, WRITE: TLSv1.2 Alert, length = 2
nioEventLoopGroup-12-1, called closeInbound()
nioEventLoopGroup-12-1, fatal error: 80: Inbound closed before receiving peer's close_notify: possible truncation attack?
javax.net.ssl.SSLException: Inbound closed before receiving peer's close_notify: possible truncation attack?
nioEventLoopGroup-12-1, SEND TLSv1.2 ALERT:  fatal, description = internal_error
nioEventLoopGroup-12-1, Exception sending alert: java.io.IOException: writer side was already closed.
2021-11-08 11:08:38,025 [myid:127.0.0.1:30075] - INFO  [nioEventLoopGroup-12-1:ClientCnxnSocketNetty$ZKClientHandler@469] - channel is disconnected: [id: 0xe965761d, L:/127.0.0.1:2692 ! R:xmind.net/127.0.0.1:30075]
2021-11-08 11:08:38,026 [myid:127.0.0.1:30075] - WARN  [main-SendThread(127.0.0.1:30075):ClientCnxn$SendThread@1290] - Session 0x0 for sever xmind.net/127.0.0.1:30075, Closing socket connection. Attempting reconnect except it is a SessionExpiredException.
EndOfStreamException: channel for sessionid 0x0 is lost
	at org.apache.zookeeper.ClientCnxnSocketNetty.doTransport(ClientCnxnSocketNetty.java:285)
	at org.apache.zookeeper.ClientCnxn$SendThread.run(ClientCnxn.java:1280)
2021-11-08 11:08:39,533 [myid:127.0.0.1:30075] - INFO  [main-SendThread(127.0.0.1:30075):ClientCnxn$SendThread@1171] - Opening socket connection to server xmind.net/127.0.0.1:30075.
2021-11-08 11:08:39,533 [myid:127.0.0.1:30075] - INFO  [main-SendThread(127.0.0.1:30075):ClientCnxn$SendThread@1173] - SASL config status: Will not attempt to authenticate using SASL (unknown error)
adding as trusted cert:
  Subject: CN=localhost, OU=ZooKeeper, O=Apache, L=Unknown, ST=Unknown, C=Unknown
  Issuer:  CN=localhost, OU=ZooKeeper, O=Apache, L=Unknown, ST=Unknown, C=Unknown
  Algorithm: RSA; Serial number: 0x7334b506
  Valid from Sat Jan 31 02:57:30 CST 2015 until Wed Feb 08 02:57:30 CST 3015

trigger seeding of SecureRandom
done seeding SecureRandom
Using SSLEngineImpl.
Ignoring unavailable cipher suite: TLS_DHE_DSS_WITH_AES_256_GCM_SHA384
Ignoring unavailable cipher suite: TLS_RSA_WITH_AES_256_CBC_SHA
Ignoring unavailable cipher suite: TLS_DHE_RSA_WITH_AES_256_GCM_SHA384
Ignoring unavailable cipher suite: TLS_ECDH_ECDSA_WITH_AES_256_CBC_SHA
Ignoring unavailable cipher suite: TLS_ECDHE_ECDSA_WITH_AES_256_GCM_SHA384
Ignoring unavailable cipher suite: TLS_RSA_WITH_AES_256_CBC_SHA256
Ignoring unavailable cipher suite: TLS_DHE_DSS_WITH_AES_256_CBC_SHA
Ignoring unavailable cipher suite: TLS_ECDH_ECDSA_WITH_AES_256_GCM_SHA384
Ignoring unavailable cipher suite: TLS_ECDH_RSA_WITH_AES_256_CBC_SHA384
Ignoring unavailable cipher suite: TLS_RSA_WITH_AES_256_GCM_SHA384
Ignoring unavailable cipher suite: TLS_ECDH_ECDSA_WITH_AES_256_CBC_SHA384
Ignoring unavailable cipher suite: TLS_ECDHE_RSA_WITH_AES_256_CBC_SHA384
Ignoring unavailable cipher suite: TLS_ECDH_RSA_WITH_AES_256_CBC_SHA
Ignoring unavailable cipher suite: TLS_ECDH_RSA_WITH_AES_256_GCM_SHA384
Ignoring unavailable cipher suite: TLS_ECDHE_ECDSA_WITH_AES_256_CBC_SHA384
Ignoring unavailable cipher suite: TLS_DHE_RSA_WITH_AES_256_CBC_SHA256
Ignoring unavailable cipher suite: TLS_ECDHE_ECDSA_WITH_AES_256_CBC_SHA
Ignoring unavailable cipher suite: TLS_DHE_DSS_WITH_AES_256_CBC_SHA256
Ignoring unavailable cipher suite: TLS_DHE_RSA_WITH_AES_256_CBC_SHA
Ignoring unavailable cipher suite: TLS_ECDHE_RSA_WITH_AES_256_CBC_SHA
Ignoring unavailable cipher suite: TLS_ECDHE_RSA_WITH_AES_256_GCM_SHA384
2021-11-08 11:08:39,535 [myid:127.0.0.1:30075] - INFO  [nioEventLoopGroup-12-1:ClientCnxnSocketNetty$ZKClientPipelineFactory@454] - SSL handler added for channel: [id: 0x16307a03]
2021-11-08 11:08:39,535 [myid:127.0.0.1:30075] - INFO  [nioEventLoopGroup-12-1:ClientCnxn$SendThread@1005] - Socket connection established, initiating session, client: /127.0.0.1:2777, server: xmind.net/127.0.0.1:30075
2021-11-08 11:08:39,535 [myid:127.0.0.1:30075] - INFO  [nioEventLoopGroup-12-1:ClientCnxnSocketNetty$1@184] - channel is connected: [id: 0x16307a03, L:/127.0.0.1:2777 - R:xmind.net/127.0.0.1:30075]
Allow unsafe renegotiation: false
Allow legacy hello messages: true
Is initial handshake: true
Is secure renegotiation: false
trigger seeding of SecureRandom
Ignoring unsupported cipher suite: TLS_ECDHE_ECDSA_WITH_AES_128_CBC_SHA256 for TLSv1
Ignoring unsupported cipher suite: TLS_ECDHE_RSA_WITH_AES_128_CBC_SHA256 for TLSv1
done seeding SecureRandom
Ignoring unsupported cipher suite: TLS_RSA_WITH_AES_128_CBC_SHA256 for TLSv1
Ignoring unsupported cipher suite: TLS_ECDH_ECDSA_WITH_AES_128_CBC_SHA256 for TLSv1
Ignoring unsupported cipher suite: TLS_ECDH_RSA_WITH_AES_128_CBC_SHA256 for TLSv1
Ignoring unsupported cipher suite: TLS_DHE_RSA_WITH_AES_128_CBC_SHA256 for TLSv1
Using SSLEngineImpl.
Ignoring unsupported cipher suite: TLS_DHE_DSS_WITH_AES_128_CBC_SHA256 for TLSv1
Ignoring unavailable cipher suite: TLS_DHE_DSS_WITH_AES_256_GCM_SHA384
Ignoring unsupported cipher suite: TLS_ECDHE_ECDSA_WITH_AES_128_CBC_SHA256 for TLSv1.1
Ignoring unsupported cipher suite: TLS_ECDHE_RSA_WITH_AES_128_CBC_SHA256 for TLSv1.1
Ignoring unsupported cipher suite: TLS_RSA_WITH_AES_128_CBC_SHA256 for TLSv1.1
Ignoring unsupported cipher suite: TLS_ECDH_ECDSA_WITH_AES_128_CBC_SHA256 for TLSv1.1
Ignoring unsupported cipher suite: TLS_ECDH_RSA_WITH_AES_128_CBC_SHA256 for TLSv1.1
Ignoring unsupported cipher suite: TLS_DHE_RSA_WITH_AES_128_CBC_SHA256 for TLSv1.1
Ignoring unsupported cipher suite: TLS_DHE_DSS_WITH_AES_128_CBC_SHA256 for TLSv1.1
Ignoring unavailable cipher suite: TLS_RSA_WITH_AES_256_CBC_SHA
Ignoring unavailable cipher suite: TLS_DHE_RSA_WITH_AES_256_GCM_SHA384
Ignoring unavailable cipher suite: TLS_ECDH_ECDSA_WITH_AES_256_CBC_SHA
Ignoring unavailable cipher suite: TLS_ECDHE_ECDSA_WITH_AES_256_GCM_SHA384
Ignoring unavailable cipher suite: TLS_RSA_WITH_AES_256_CBC_SHA256
%% No cached client session
Ignoring unavailable cipher suite: TLS_DHE_DSS_WITH_AES_256_CBC_SHA
Ignoring unavailable cipher suite: TLS_ECDH_ECDSA_WITH_AES_256_GCM_SHA384
*** ClientHello, TLSv1.2
RandomCookie:  Ignoring unavailable cipher suite: TLS_ECDH_RSA_WITH_AES_256_CBC_SHA384
GMT: 1619497911 bytes = { 63, 83, 43, 126, 106, 208, 39, 18, 247, 162, 119, 161, 178, 57, 18, 104, 6, 249, 21, 204, 145, 191, 239Ignoring unavailable cipher suite: TLS_RSA_WITH_AES_256_GCM_SHA384
Ignoring unavailable cipher suite: TLS_ECDH_ECDSA_WITH_AES_256_CBC_SHA384
Ignoring unavailable cipher suite: TLS_ECDHE_RSA_WITH_AES_256_CBC_SHA384
Ignoring unavailable cipher suite: TLS_ECDH_RSA_WITH_AES_256_CBC_SHA
, Ignoring unavailable cipher suite: TLS_ECDH_RSA_WITH_AES_256_GCM_SHA384
208, 0, 114, 3, 150 }
Session ID:  Ignoring unavailable cipher suite: TLS_ECDHE_ECDSA_WITH_AES_256_CBC_SHA384
{}
Ignoring unavailable cipher suite: TLS_DHE_RSA_WITH_AES_256_CBC_SHA256
Cipher Suites: [TLS_ECDHE_ECDSA_WITH_AES_128_CBC_SHA256, TLS_ECDHE_RSA_WITH_AES_128_CBC_SHA256, TLS_RSA_WITH_AES_128_CBC_SHA256, TLS_ECDH_ECDSA_WITH_AES_128_CBC_SHA256, TLS_ECDH_RSA_WITH_AES_128_CBC_SHA256, TLS_DHE_RSA_WITH_AES_128_CBC_SHA256, TLS_DHE_DSS_WITH_AES_128_CBC_SHA256, TLS_ECDHE_ECDSA_WITH_AES_128_CBC_SHA, TLS_ECDHE_RSA_WITH_AES_128_CBC_SHA, TLS_RSA_WITH_AES_128_CBC_SHA, TLS_ECDH_ECDSA_WITH_AES_128_CBC_SHA, TLS_ECDH_RSA_WITH_AES_128_CBC_SHA, TLS_DHE_RSA_WITH_AES_128_CBC_SHA, TLS_DHE_DSS_WITH_AES_128_CBC_SHA, TLS_ECDHE_ECDSA_WITH_AES_128_GCM_SHA256, TLS_ECDHE_RSA_WITH_AES_128_GCM_SHA256, TLS_RSA_WITH_AES_128_GCM_SHA256, TLS_ECDH_ECDSA_WITH_AES_128_GCM_SHA256, TLS_ECDH_RSA_WITH_AES_128_GCM_SHA256, TLS_DHE_RSA_WITH_AES_128_GCM_SHA256, TLS_DHE_DSS_WITH_AES_128_GCM_SHA256, TLS_ECDHE_ECDSA_WITH_3DES_EDE_CBC_SHA, TLS_ECDHE_RSA_WITH_3DES_EDE_CBC_SHA, SSL_RSA_WITH_3DES_EDE_CBC_SHA, TLS_ECDH_ECDSA_WITH_3DES_EDE_CBC_SHA, TLS_ECDH_RSA_WITH_3DES_EDE_CBC_SHA, SSL_DHE_RSA_WITH_3DES_EDE_CBC_SHA, SSL_DHE_DSS_WITH_3DES_EDE_CBC_SHA, TLS_ECDHE_ECDSA_WITH_RC4_128_SHA, TLS_ECDHE_RSA_WITH_RC4_128_SHA, SSL_RSA_WITH_RC4_128_SHA, TLS_ECDH_ECDSA_WITH_RC4_128_SHA, TLS_ECDH_RSA_WITH_RC4_128_SHA, SSL_RSA_WITH_RC4_128_MD5, TLS_EMPTY_RENEGOTIATION_INFO_SCSV]
Ignoring unavailable cipher suite: TLS_ECDHE_ECDSA_WITH_AES_256_CBC_SHA
Compression Methods:  { Ignoring unavailable cipher suite: TLS_DHE_DSS_WITH_AES_256_CBC_SHA256
0 }
Ignoring unavailable cipher suite: TLS_DHE_RSA_WITH_AES_256_CBC_SHA
Ignoring unavailable cipher suite: TLS_ECDHE_RSA_WITH_AES_256_CBC_SHA
Ignoring unavailable cipher suite: TLS_ECDHE_RSA_WITH_AES_256_GCM_SHA384
Extension elliptic_curves, curve names: {secp256r1, sect163k1, sect163r2, secp192r1, secp224r1, sect233k1, sect233r1, sect283k1, sect283r1, secp384r1, sect409k1, sect409r1, secp521r1, sect571k1, sect571r1, secp160k1, secp160r1, secp160r2, sect163r1, secp192k1, sect193r1, sect193r2, secp224k1, sect239k1, secp256k1}
Extension ec_point_formats, formats: [uncompressed]
Extension signature_algorithms, signature_algorithms: SHA512withECDSA, SHA512withRSA, SHA384withECDSA, SHA384withRSA, SHA256withECDSA, SHA256withRSA, SHA224withECDSA, SHA224withRSA, SHA1withECDSA, SHA1withRSA, SHA1withDSA, MD5withRSA
Extension server_name, server_name: [type=host_name (0), value=xmind.net]
***
nioEventLoopGroup-12-1, WRITE: TLSv1.2 Handshake, length = 225
2021-11-08 11:08:39,536 [myid:] - WARN  [nioEventLoopGroup-11-9:ChannelInitializer@97] - Failed to initialize a channel. Closing: [id: 0x4f4b853d, L:/127.0.0.1:30075 - R:/127.0.0.1:2777]
java.lang.IllegalArgumentException: Cannot support TLS_ECDHE_ECDSA_WITH_AES_256_CBC_SHA384 with currently installed providers
	at sun.security.ssl.CipherSuiteList.<init>(CipherSuiteList.java:92)
	at sun.security.ssl.SSLEngineImpl.setEnabledCipherSuites(SSLEngineImpl.java:2038)
	at io.netty.handler.ssl.JdkSslContext.configureAndWrapEngine(JdkSslContext.java:341)
	at io.netty.handler.ssl.JdkSslContext.newEngine(JdkSslContext.java:331)
	at io.netty.handler.ssl.SslContext.newHandler(SslContext.java:956)
	at io.netty.handler.ssl.SslContext.newHandler(SslContext.java:948)
	at org.apache.zookeeper.server.NettyServerCnxnFactory.initSSL(NettyServerCnxnFactory.java:575)
	at org.apache.zookeeper.server.NettyServerCnxnFactory.access$1300(NettyServerCnxnFactory.java:80)
	at org.apache.zookeeper.server.NettyServerCnxnFactory$1.initChannel(NettyServerCnxnFactory.java:540)
	at org.apache.zookeeper.server.NettyServerCnxnFactory$1.initChannel(NettyServerCnxnFactory.java:532)
	at io.netty.channel.ChannelInitializer.initChannel(ChannelInitializer.java:129)
	at io.netty.channel.ChannelInitializer.handlerAdded(ChannelInitializer.java:112)
	at io.netty.channel.AbstractChannelHandlerContext.callHandlerAdded(AbstractChannelHandlerContext.java:938)
	at io.netty.channel.DefaultChannelPipeline.callHandlerAdded0(DefaultChannelPipeline.java:609)
	at io.netty.channel.DefaultChannelPipeline.access$100(DefaultChannelPipeline.java:46)
	at io.netty.channel.DefaultChannelPipeline$PendingHandlerAddedTask.execute(DefaultChannelPipeline.java:1463)
	at io.netty.channel.DefaultChannelPipeline.callHandlerAddedForAllHandlers(DefaultChannelPipeline.java:1115)
	at io.netty.channel.DefaultChannelPipeline.invokeHandlerAddedIfNeeded(DefaultChannelPipeline.java:650)
	at io.netty.channel.AbstractChannel$AbstractUnsafe.register0(AbstractChannel.java:502)
	at io.netty.channel.AbstractChannel$AbstractUnsafe.access$200(AbstractChannel.java:417)
	at io.netty.channel.AbstractChannel$AbstractUnsafe$1.run(AbstractChannel.java:474)
	at io.netty.util.concurrent.AbstractEventExecutor.safeExecute(AbstractEventExecutor.java:164)
	at io.netty.util.concurrent.SingleThreadEventExecutor.runAllTasks(SingleThreadEventExecutor.java:472)
	at io.netty.channel.nio.NioEventLoop.run(NioEventLoop.java:500)
	at io.netty.util.concurrent.SingleThreadEventExecutor$4.run(SingleThreadEventExecutor.java:989)
	at io.netty.util.internal.ThreadExecutorMap$2.run(ThreadExecutorMap.java:74)
	at io.netty.util.concurrent.FastThreadLocalRunnable.run(FastThreadLocalRunnable.java:30)
	at java.lang.Thread.run(Thread.java:745)
2021-11-08 11:08:39,537 [myid:127.0.0.1:30075] - ERROR [nioEventLoopGroup-12-1:ClientCnxnSocketNetty$ZKClientHandler@522] - Unexpected throwable
java.io.IOException: 你的主机中的软件中止了一个已建立的连接。
	at sun.nio.ch.SocketDispatcher.read0(Native Method)
	at sun.nio.ch.SocketDispatcher.read(SocketDispatcher.java:43)
	at sun.nio.ch.IOUtil.readIntoNativeBuffer(IOUtil.java:223)
	at sun.nio.ch.IOUtil.read(IOUtil.java:192)
	at sun.nio.ch.SocketChannelImpl.read(SocketChannelImpl.java:379)
	at io.netty.buffer.PooledByteBuf.setBytes(PooledByteBuf.java:253)
	at io.netty.buffer.AbstractByteBuf.writeBytes(AbstractByteBuf.java:1134)
	at io.netty.buffer.WrappedByteBuf.writeBytes(WrappedByteBuf.java:821)
	at io.netty.buffer.AdvancedLeakAwareByteBuf.writeBytes(AdvancedLeakAwareByteBuf.java:635)
	at io.netty.channel.socket.nio.NioSocketChannel.doReadBytes(NioSocketChannel.java:350)
	at io.netty.channel.nio.AbstractNioByteChannel$NioByteUnsafe.read(AbstractNioByteChannel.java:151)
	at io.netty.channel.nio.NioEventLoop.processSelectedKey(NioEventLoop.java:719)
	at io.netty.channel.nio.NioEventLoop.processSelectedKeysOptimized(NioEventLoop.java:655)
	at io.netty.channel.nio.NioEventLoop.processSelectedKeys(NioEventLoop.java:581)
	at io.netty.channel.nio.NioEventLoop.run(NioEventLoop.java:493)
	at io.netty.util.concurrent.SingleThreadEventExecutor$4.run(SingleThreadEventExecutor.java:989)
	at io.netty.util.internal.ThreadExecutorMap$2.run(ThreadExecutorMap.java:74)
	at io.netty.util.concurrent.FastThreadLocalRunnable.run(FastThreadLocalRunnable.java:30)
	at java.lang.Thread.run(Thread.java:745)
2021-11-08 11:08:39,537 [myid:127.0.0.1:30075] - INFO  [nioEventLoopGroup-12-1:ClientCnxnSocketNetty@249] - channel is told closing
nioEventLoopGroup-12-1, called closeOutbound()
nioEventLoopGroup-12-1, closeOutboundInternal()
nioEventLoopGroup-12-1, SEND TLSv1.2 ALERT:  warning, description = close_notify
nioEventLoopGroup-12-1, WRITE: TLSv1.2 Alert, length = 2
2021-11-08 11:08:39,537 [myid:127.0.0.1:30075] - WARN  [main-SendThread(127.0.0.1:30075):ClientCnxn$SendThread@1290] - Session 0x0 for sever xmind.net/127.0.0.1:30075, Closing socket connection. Attempting reconnect except it is a SessionExpiredException.
EndOfStreamException: channel for sessionid 0x0 is lost
	at org.apache.zookeeper.ClientCnxnSocketNetty.doTransport(ClientCnxnSocketNetty.java:285)
	at org.apache.zookeeper.ClientCnxn$SendThread.run(ClientCnxn.java:1280)
nioEventLoopGroup-12-1, called closeInbound()
nioEventLoopGroup-12-1, fatal error: 80: Inbound closed before receiving peer's close_notify: possible truncation attack?
javax.net.ssl.SSLException: Inbound closed before receiving peer's close_notify: possible truncation attack?
nioEventLoopGroup-12-1, SEND TLSv1.2 ALERT:  fatal, description = internal_error
nioEventLoopGroup-12-1, Exception sending alert: java.io.IOException: writer side was already closed.
2021-11-08 11:08:39,537 [myid:127.0.0.1:30075] - INFO  [nioEventLoopGroup-12-1:ClientCnxnSocketNetty$ZKClientHandler@469] - channel is disconnected: [id: 0x16307a03, L:/127.0.0.1:2777 ! R:xmind.net/127.0.0.1:30075]
2021-11-08 11:08:39,791 [myid:] - INFO  [main:ClientBase@583] - tearDown starting
2021-11-08 11:08:39,791 [myid:] - INFO  [main:ClientBase@557] - STOPPING server
2021-11-08 11:08:39,791 [myid:] - INFO  [main:NettyServerCnxnFactory@647] - shutdown called /0:0:0:0:0:0:0:0:30075
2021-11-08 11:08:39,792 [myid:] - INFO  [main:ZooKeeperServer@829] - shutting down
2021-11-08 11:08:39,792 [myid:] - INFO  [main:RequestThrottler@258] - Shutting down
2021-11-08 11:08:39,792 [myid:] - INFO  [RequestThrottler:RequestThrottler@219] - Draining request throttler queue
2021-11-08 11:08:39,793 [myid:] - INFO  [RequestThrottler:RequestThrottler@195] - RequestThrottler shutdown. Dropped 0 requests
2021-11-08 11:08:39,794 [myid:] - INFO  [main:SessionTrackerImpl@252] - Shutting down
2021-11-08 11:08:39,794 [myid:] - INFO  [main:PrepRequestProcessor@1066] - Shutting down
2021-11-08 11:08:39,795 [myid:] - INFO  [main:SyncRequestProcessor@255] - Shutting down
2021-11-08 11:08:39,795 [myid:] - INFO  [ProcessThread(sid:0 cport:30075)::PrepRequestProcessor@161] - PrepRequestProcessor exited loop!
2021-11-08 11:08:39,795 [myid:] - INFO  [SyncThread:0:SyncRequestProcessor@224] - SyncRequestProcessor exited!
2021-11-08 11:08:39,795 [myid:] - INFO  [main:FinalRequestProcessor@684] - shutdown of request processor complete
2021-11-08 11:08:39,796 [myid:] - INFO  [main:FourLetterWordMain@94] - connecting to 127.0.0.1 30075
2021-11-08 11:08:39,796 [myid:] - INFO  [main:FourLetterWordMain@100] - using secure socket
2021-11-08 11:08:39,796 [myid:] - WARN  [main:X509Util@345] - zookeeper.ssl.keyStore.location not specified
2021-11-08 11:08:39,796 [myid:] - WARN  [main:X509Util@366] - zookeeper.ssl.trustStore.location not specified
trustStore is: C:\Program Files\Java\jdk1.8.0_31\jre\lib\security\cacerts
trustStore type is : jks
trustStore provider is : 
init truststore
adding as trusted cert:
  Subject: CN=Equifax Secure Global eBusiness CA-1, O=Equifax Secure Inc., C=US
  Issuer:  CN=Equifax Secure Global eBusiness CA-1, O=Equifax Secure Inc., C=US
  Algorithm: RSA; Serial number: 0xc3517
  Valid from Mon Jun 21 12:00:00 CST 1999 until Mon Jun 22 12:00:00 CST 2020

adding as trusted cert:
  Subject: CN=SecureTrust CA, O=SecureTrust Corporation, C=US
  Issuer:  CN=SecureTrust CA, O=SecureTrust Corporation, C=US
  Algorithm: RSA; Serial number: 0xcf08e5c0816a5ad427ff0eb271859d0
  Valid from Wed Nov 08 03:31:18 CST 2006 until Tue Jan 01 03:40:55 CST 2030

adding as trusted cert:
  Subject: CN=Starfield Root Certificate Authority - G2, O="Starfield Technologies, Inc.", L=Scottsdale, ST=Arizona, C=US
  Issuer:  CN=Starfield Root Certificate Authority - G2, O="Starfield Technologies, Inc.", L=Scottsdale, ST=Arizona, C=US
  Algorithm: RSA; Serial number: 0x0
  Valid from Tue Sep 01 08:00:00 CST 2009 until Fri Jan 01 07:59:59 CST 2038

adding as trusted cert:
  Subject: CN=VeriSign Class 2 Public Primary Certification Authority - G3, OU="(c) 1999 VeriSign, Inc. - For authorized use only", OU=VeriSign Trust Network, O="VeriSign, Inc.", C=US
  Issuer:  CN=VeriSign Class 2 Public Primary Certification Authority - G3, OU="(c) 1999 VeriSign, Inc. - For authorized use only", OU=VeriSign Trust Network, O="VeriSign, Inc.", C=US
  Algorithm: RSA; Serial number: 0x6170cb498c5f984529e7b0a6d9505b7a
  Valid from Fri Oct 01 08:00:00 CST 1999 until Thu Jul 17 07:59:59 CST 2036

adding as trusted cert:
  Subject: OU=Security Communication RootCA1, O=SECOM Trust.net, C=JP
  Issuer:  OU=Security Communication RootCA1, O=SECOM Trust.net, C=JP
  Algorithm: RSA; Serial number: 0x0
  Valid from Tue Sep 30 12:20:49 CST 2003 until Sat Sep 30 12:20:49 CST 2023

adding as trusted cert:
  Subject: CN=DigiCert Global Root CA, OU=www.digicert.com, O=DigiCert Inc, C=US
  Issuer:  CN=DigiCert Global Root CA, OU=www.digicert.com, O=DigiCert Inc, C=US
  Algorithm: RSA; Serial number: 0x83be056904246b1a1756ac95991c74a
  Valid from Fri Nov 10 08:00:00 CST 2006 until Mon Nov 10 08:00:00 CST 2031

adding as trusted cert:
  Subject: CN=Entrust.net Certification Authority (2048), OU=(c) 1999 Entrust.net Limited, OU=www.entrust.net/CPS_2048 incorp. by ref. (limits liab.), O=Entrust.net
  Issuer:  CN=Entrust.net Certification Authority (2048), OU=(c) 1999 Entrust.net Limited, OU=www.entrust.net/CPS_2048 incorp. by ref. (limits liab.), O=Entrust.net
  Algorithm: RSA; Serial number: 0x3863def8
  Valid from Sat Dec 25 01:50:51 CST 1999 until Tue Jul 24 22:15:12 CST 2029

adding as trusted cert:
  Subject: CN=thawte Primary Root CA, OU="(c) 2006 thawte, Inc. - For authorized use only", OU=Certification Services Division, O="thawte, Inc.", C=US
  Issuer:  CN=thawte Primary Root CA, OU="(c) 2006 thawte, Inc. - For authorized use only", OU=Certification Services Division, O="thawte, Inc.", C=US
  Algorithm: RSA; Serial number: 0x344ed55720d5edec49f42fce37db2b6d
  Valid from Fri Nov 17 08:00:00 CST 2006 until Thu Jul 17 07:59:59 CST 2036

adding as trusted cert:
  Subject: EMAILADDRESS=info@valicert.com, CN=http://www.valicert.com/, OU=ValiCert Class 2 Policy Validation Authority, O="ValiCert, Inc.", L=ValiCert Validation Network
  Issuer:  EMAILADDRESS=info@valicert.com, CN=http://www.valicert.com/, OU=ValiCert Class 2 Policy Validation Authority, O="ValiCert, Inc.", L=ValiCert Validation Network
  Algorithm: RSA; Serial number: 0x1
  Valid from Sat Jun 26 08:19:54 CST 1999 until Wed Jun 26 08:19:54 CST 2019

adding as trusted cert:
  Subject: CN=Go Daddy Root Certificate Authority - G2, O="GoDaddy.com, Inc.", L=Scottsdale, ST=Arizona, C=US
  Issuer:  CN=Go Daddy Root Certificate Authority - G2, O="GoDaddy.com, Inc.", L=Scottsdale, ST=Arizona, C=US
  Algorithm: RSA; Serial number: 0x0
  Valid from Tue Sep 01 08:00:00 CST 2009 until Fri Jan 01 07:59:59 CST 2038

adding as trusted cert:
  Subject: EMAILADDRESS=personal-freemail@thawte.com, CN=Thawte Personal Freemail CA, OU=Certification Services Division, O=Thawte Consulting, L=Cape Town, ST=Western Cape, C=ZA
  Issuer:  EMAILADDRESS=personal-freemail@thawte.com, CN=Thawte Personal Freemail CA, OU=Certification Services Division, O=Thawte Consulting, L=Cape Town, ST=Western Cape, C=ZA
  Algorithm: RSA; Serial number: 0x123df0e7da2a2247a43889e08aeec967
  Valid from Mon Jan 01 08:00:00 CST 1996 until Sat Jan 02 07:59:59 CST 2021

adding as trusted cert:
  Subject: CN=GeoTrust Primary Certification Authority, O=GeoTrust Inc., C=US
  Issuer:  CN=GeoTrust Primary Certification Authority, O=GeoTrust Inc., C=US
  Algorithm: RSA; Serial number: 0x18acb56afd69b6153a636cafdafac4a1
  Valid from Mon Nov 27 08:00:00 CST 2006 until Thu Jul 17 07:59:59 CST 2036

adding as trusted cert:
  Subject: CN=VeriSign Class 1 Public Primary Certification Authority - G3, OU="(c) 1999 VeriSign, Inc. - For authorized use only", OU=VeriSign Trust Network, O="VeriSign, Inc.", C=US
  Issuer:  CN=VeriSign Class 1 Public Primary Certification Authority - G3, OU="(c) 1999 VeriSign, Inc. - For authorized use only", OU=VeriSign Trust Network, O="VeriSign, Inc.", C=US
  Algorithm: RSA; Serial number: 0x8b5b75568454850b00cfaf3848ceb1a4
  Valid from Fri Oct 01 08:00:00 CST 1999 until Thu Jul 17 07:59:59 CST 2036

adding as trusted cert:
  Subject: CN=VeriSign Class 3 Public Primary Certification Authority - G4, OU="(c) 2007 VeriSign, Inc. - For authorized use only", OU=VeriSign Trust Network, O="VeriSign, Inc.", C=US
  Issuer:  CN=VeriSign Class 3 Public Primary Certification Authority - G4, OU="(c) 2007 VeriSign, Inc. - For authorized use only", OU=VeriSign Trust Network, O="VeriSign, Inc.", C=US
  Algorithm: EC; Serial number: 0x2f80fe238c0e220f486712289187acb3
  Valid from Mon Nov 05 08:00:00 CST 2007 until Tue Jan 19 07:59:59 CST 2038

adding as trusted cert:
  Subject: CN=Entrust Root Certification Authority, OU="(c) 2006 Entrust, Inc.", OU=www.entrust.net/CPS is incorporated by reference, O="Entrust, Inc.", C=US
  Issuer:  CN=Entrust Root Certification Authority, OU="(c) 2006 Entrust, Inc.", OU=www.entrust.net/CPS is incorporated by reference, O="Entrust, Inc.", C=US
  Algorithm: RSA; Serial number: 0x456b5054
  Valid from Tue Nov 28 04:23:42 CST 2006 until Sat Nov 28 04:53:42 CST 2026

adding as trusted cert:
  Subject: OU=Security Communication RootCA2, O="SECOM Trust Systems CO.,LTD.", C=JP
  Issuer:  OU=Security Communication RootCA2, O="SECOM Trust Systems CO.,LTD.", C=JP
  Algorithm: RSA; Serial number: 0x0
  Valid from Fri May 29 13:00:39 CST 2009 until Tue May 29 13:00:39 CST 2029

adding as trusted cert:
  Subject: OU=VeriSign Trust Network, OU="(c) 1998 VeriSign, Inc. - For authorized use only", OU=Class 3 Public Primary Certification Authority - G2, O="VeriSign, Inc.", C=US
  Issuer:  OU=VeriSign Trust Network, OU="(c) 1998 VeriSign, Inc. - For authorized use only", OU=Class 3 Public Primary Certification Authority - G2, O="VeriSign, Inc.", C=US
  Algorithm: RSA; Serial number: 0x7dd9fe07cfa81eb7107967fba78934c6
  Valid from Mon May 18 08:00:00 CST 1998 until Wed Aug 02 07:59:59 CST 2028

adding as trusted cert:
  Subject: OU=ePKI Root Certification Authority, O="Chunghwa Telecom Co., Ltd.", C=TW
  Issuer:  OU=ePKI Root Certification Authority, O="Chunghwa Telecom Co., Ltd.", C=TW
  Algorithm: RSA; Serial number: 0x15c8bd65475cafb897005ee406d2bc9d
  Valid from Mon Dec 20 10:31:27 CST 2004 until Wed Dec 20 10:31:27 CST 2034

adding as trusted cert:
  Subject: CN=AffirmTrust Commercial, O=AffirmTrust, C=US
  Issuer:  CN=AffirmTrust Commercial, O=AffirmTrust, C=US
  Algorithm: RSA; Serial number: 0x7777062726a9b17c
  Valid from Fri Jan 29 22:06:06 CST 2010 until Tue Dec 31 22:06:06 CST 2030

adding as trusted cert:
  Subject: CN=TC TrustCenter Universal CA I, OU=TC TrustCenter Universal CA, O=TC TrustCenter GmbH, C=DE
  Issuer:  CN=TC TrustCenter Universal CA I, OU=TC TrustCenter Universal CA, O=TC TrustCenter GmbH, C=DE
  Algorithm: RSA; Serial number: 0x1da200010002ecb76080788db606
  Valid from Wed Mar 22 23:54:28 CST 2006 until Thu Jan 01 06:59:59 CST 2026

adding as trusted cert:
  Subject: CN=Certum Trusted Network CA, OU=Certum Certification Authority, O=Unizeto Technologies S.A., C=PL
  Issuer:  CN=Certum Trusted Network CA, OU=Certum Certification Authority, O=Unizeto Technologies S.A., C=PL
  Algorithm: RSA; Serial number: 0x444c0
  Valid from Wed Oct 22 20:07:37 CST 2008 until Mon Dec 31 20:07:37 CST 2029

adding as trusted cert:
  Subject: CN=Certum CA, O=Unizeto Sp. z o.o., C=PL
  Issuer:  CN=Certum CA, O=Unizeto Sp. z o.o., C=PL
  Algorithm: RSA; Serial number: 0x10020
  Valid from Tue Jun 11 18:46:39 CST 2002 until Fri Jun 11 18:46:39 CST 2027

adding as trusted cert:
  Subject: CN=XRamp Global Certification Authority, O=XRamp Security Services Inc, OU=www.xrampsecurity.com, C=US
  Issuer:  CN=XRamp Global Certification Authority, O=XRamp Security Services Inc, OU=www.xrampsecurity.com, C=US
  Algorithm: RSA; Serial number: 0x50946cec18ead59c4dd597ef758fa0ad
  Valid from Tue Nov 02 01:14:04 CST 2004 until Mon Jan 01 13:37:19 CST 2035

adding as trusted cert:
  Subject: CN=AddTrust Qualified CA Root, OU=AddTrust TTP Network, O=AddTrust AB, C=SE
  Issuer:  CN=AddTrust Qualified CA Root, OU=AddTrust TTP Network, O=AddTrust AB, C=SE
  Algorithm: RSA; Serial number: 0x1
  Valid from Tue May 30 18:44:50 CST 2000 until Sat May 30 18:44:50 CST 2020

adding as trusted cert:
  Subject: CN=Buypass Class 2 Root CA, O=Buypass AS-983163327, C=NO
  Issuer:  CN=Buypass Class 2 Root CA, O=Buypass AS-983163327, C=NO
  Algorithm: RSA; Serial number: 0x2
  Valid from Tue Oct 26 16:38:03 CST 2010 until Fri Oct 26 16:38:03 CST 2040

adding as trusted cert:
  Subject: CN=TC TrustCenter Class 2 CA II, OU=TC TrustCenter Class 2 CA, O=TC TrustCenter GmbH, C=DE
  Issuer:  CN=TC TrustCenter Class 2 CA II, OU=TC TrustCenter Class 2 CA, O=TC TrustCenter GmbH, C=DE
  Algorithm: RSA; Serial number: 0x2e6a000100021fd752212c115c3b
  Valid from Thu Jan 12 22:38:43 CST 2006 until Thu Jan 01 06:59:59 CST 2026

adding as trusted cert:
  Subject: CN=Sonera Class2 CA, O=Sonera, C=FI
  Issuer:  CN=Sonera Class2 CA, O=Sonera, C=FI
  Algorithm: RSA; Serial number: 0x1d
  Valid from Fri Apr 06 15:29:40 CST 2001 until Tue Apr 06 15:29:40 CST 2021

adding as trusted cert:
  Subject: CN=America Online Root Certification Authority 1, O=America Online Inc., C=US
  Issuer:  CN=America Online Root Certification Authority 1, O=America Online Inc., C=US
  Algorithm: RSA; Serial number: 0x1
  Valid from Tue May 28 14:00:00 CST 2002 until Fri Nov 20 04:43:00 CST 2037

adding as trusted cert:
  Subject: CN=GeoTrust Primary Certification Authority - G2, OU=(c) 2007 GeoTrust Inc. - For authorized use only, O=GeoTrust Inc., C=US
  Issuer:  CN=GeoTrust Primary Certification Authority - G2, OU=(c) 2007 GeoTrust Inc. - For authorized use only, O=GeoTrust Inc., C=US
  Algorithm: EC; Serial number: 0x3cb2f4480a00e2feeb243b5e603ec36b
  Valid from Mon Nov 05 08:00:00 CST 2007 until Tue Jan 19 07:59:59 CST 2038

adding as trusted cert:
  Subject: CN=SwissSign Gold CA - G2, O=SwissSign AG, C=CH
  Issuer:  CN=SwissSign Gold CA - G2, O=SwissSign AG, C=CH
  Algorithm: RSA; Serial number: 0xbb401c43f55e4fb0
  Valid from Wed Oct 25 16:30:35 CST 2006 until Sat Oct 25 16:30:35 CST 2036

adding as trusted cert:
  Subject: CN=UTN - DATACorp SGC, OU=http://www.usertrust.com, O=The USERTRUST Network, L=Salt Lake City, ST=UT, C=US
  Issuer:  CN=UTN - DATACorp SGC, OU=http://www.usertrust.com, O=The USERTRUST Network, L=Salt Lake City, ST=UT, C=US
  Algorithm: RSA; Serial number: 0x44be0c8b500021b411d32a6806a9ad69
  Valid from Fri Jun 25 02:57:21 CST 1999 until Tue Jun 25 03:06:30 CST 2019

adding as trusted cert:
  Subject: CN=QuoVadis Root CA 2, O=QuoVadis Limited, C=BM
  Issuer:  CN=QuoVadis Root CA 2, O=QuoVadis Limited, C=BM
  Algorithm: RSA; Serial number: 0x509
  Valid from Sat Nov 25 02:27:00 CST 2006 until Tue Nov 25 02:23:33 CST 2031

adding as trusted cert:
  Subject: CN=Deutsche Telekom Root CA 2, OU=T-TeleSec Trust Center, O=Deutsche Telekom AG, C=DE
  Issuer:  CN=Deutsche Telekom Root CA 2, OU=T-TeleSec Trust Center, O=Deutsche Telekom AG, C=DE
  Algorithm: RSA; Serial number: 0x26
  Valid from Fri Jul 09 20:11:00 CST 1999 until Wed Jul 10 07:59:00 CST 2019

adding as trusted cert:
  Subject: OU=Equifax Secure Certificate Authority, O=Equifax, C=US
  Issuer:  OU=Equifax Secure Certificate Authority, O=Equifax, C=US
  Algorithm: RSA; Serial number: 0x35def4cf
  Valid from Sun Aug 23 00:41:51 CST 1998 until Thu Aug 23 00:41:51 CST 2018

adding as trusted cert:
  Subject: OU=Class 1 Public Primary Certification Authority, O="VeriSign, Inc.", C=US
  Issuer:  OU=Class 1 Public Primary Certification Authority, O="VeriSign, Inc.", C=US
  Algorithm: RSA; Serial number: 0x3f691e819cf09a4af373ffb948a2e4dd
  Valid from Mon Jan 29 08:00:00 CST 1996 until Thu Aug 03 07:59:59 CST 2028

adding as trusted cert:
  Subject: CN=DigiCert High Assurance EV Root CA, OU=www.digicert.com, O=DigiCert Inc, C=US
  Issuer:  CN=DigiCert High Assurance EV Root CA, OU=www.digicert.com, O=DigiCert Inc, C=US
  Algorithm: RSA; Serial number: 0x2ac5c266a0b409b8f0b79f2ae462577
  Valid from Fri Nov 10 08:00:00 CST 2006 until Mon Nov 10 08:00:00 CST 2031

adding as trusted cert:
  Subject: OU=VeriSign Trust Network, OU="(c) 1998 VeriSign, Inc. - For authorized use only", OU=Class 2 Public Primary Certification Authority - G2, O="VeriSign, Inc.", C=US
  Issuer:  OU=VeriSign Trust Network, OU="(c) 1998 VeriSign, Inc. - For authorized use only", OU=Class 2 Public Primary Certification Authority - G2, O="VeriSign, Inc.", C=US
  Algorithm: RSA; Serial number: 0xb92f60cc889fa17a4609b85b706c8aaf
  Valid from Mon May 18 08:00:00 CST 1998 until Wed Aug 02 07:59:59 CST 2028

adding as trusted cert:
  Subject: CN=VeriSign Class 3 Public Primary Certification Authority - G5, OU="(c) 2006 VeriSign, Inc. - For authorized use only", OU=VeriSign Trust Network, O="VeriSign, Inc.", C=US
  Issuer:  CN=VeriSign Class 3 Public Primary Certification Authority - G5, OU="(c) 2006 VeriSign, Inc. - For authorized use only", OU=VeriSign Trust Network, O="VeriSign, Inc.", C=US
  Algorithm: RSA; Serial number: 0x18dad19e267de8bb4a2158cdcc6b3b4a
  Valid from Wed Nov 08 08:00:00 CST 2006 until Thu Jul 17 07:59:59 CST 2036

adding as trusted cert:
  Subject: CN=GlobalSign, O=GlobalSign, OU=GlobalSign Root CA - R2
  Issuer:  CN=GlobalSign, O=GlobalSign, OU=GlobalSign Root CA - R2
  Algorithm: RSA; Serial number: 0x400000000010f8626e60d
  Valid from Fri Dec 15 16:00:00 CST 2006 until Wed Dec 15 16:00:00 CST 2021

adding as trusted cert:
  Subject: CN=QuoVadis Root CA 3, O=QuoVadis Limited, C=BM
  Issuer:  CN=QuoVadis Root CA 3, O=QuoVadis Limited, C=BM
  Algorithm: RSA; Serial number: 0x5c6
  Valid from Sat Nov 25 03:11:23 CST 2006 until Tue Nov 25 03:06:44 CST 2031

adding as trusted cert:
  Subject: CN=GeoTrust Universal CA, O=GeoTrust Inc., C=US
  Issuer:  CN=GeoTrust Universal CA, O=GeoTrust Inc., C=US
  Algorithm: RSA; Serial number: 0x1
  Valid from Thu Mar 04 13:00:00 CST 2004 until Sun Mar 04 13:00:00 CST 2029

adding as trusted cert:
  Subject: CN=GlobalSign, O=GlobalSign, OU=GlobalSign Root CA - R3
  Issuer:  CN=GlobalSign, O=GlobalSign, OU=GlobalSign Root CA - R3
  Algorithm: RSA; Serial number: 0x4000000000121585308a2
  Valid from Wed Mar 18 18:00:00 CST 2009 until Sun Mar 18 18:00:00 CST 2029

adding as trusted cert:
  Subject: CN=Starfield Services Root Certificate Authority - G2, O="Starfield Technologies, Inc.", L=Scottsdale, ST=Arizona, C=US
  Issuer:  CN=Starfield Services Root Certificate Authority - G2, O="Starfield Technologies, Inc.", L=Scottsdale, ST=Arizona, C=US
  Algorithm: RSA; Serial number: 0x0
  Valid from Tue Sep 01 08:00:00 CST 2009 until Fri Jan 01 07:59:59 CST 2038

adding as trusted cert:
  Subject: CN=Baltimore CyberTrust Root, OU=CyberTrust, O=Baltimore, C=IE
  Issuer:  CN=Baltimore CyberTrust Root, OU=CyberTrust, O=Baltimore, C=IE
  Algorithm: RSA; Serial number: 0x20000b9
  Valid from Sat May 13 02:46:00 CST 2000 until Tue May 13 07:59:00 CST 2025

adding as trusted cert:
  Subject: OU=Starfield Class 2 Certification Authority, O="Starfield Technologies, Inc.", C=US
  Issuer:  OU=Starfield Class 2 Certification Authority, O="Starfield Technologies, Inc.", C=US
  Algorithm: RSA; Serial number: 0x0
  Valid from Wed Jun 30 01:39:16 CST 2004 until Fri Jun 30 01:39:16 CST 2034

adding as trusted cert:
  Subject: CN=Thawte Timestamping CA, OU=Thawte Certification, O=Thawte, L=Durbanville, ST=Western Cape, C=ZA
  Issuer:  CN=Thawte Timestamping CA, OU=Thawte Certification, O=Thawte, L=Durbanville, ST=Western Cape, C=ZA
  Algorithm: RSA; Serial number: 0x67c8e1e8e3be1cbdfc913b8ea6238749
  Valid from Wed Jan 01 08:00:00 CST 1997 until Sat Jan 02 07:59:59 CST 2021

adding as trusted cert:
  Subject: CN=AAA Certificate Services, O=Comodo CA Limited, L=Salford, ST=Greater Manchester, C=GB
  Issuer:  CN=AAA Certificate Services, O=Comodo CA Limited, L=Salford, ST=Greater Manchester, C=GB
  Algorithm: RSA; Serial number: 0x1
  Valid from Thu Jan 01 08:00:00 CST 2004 until Mon Jan 01 07:59:59 CST 2029

adding as trusted cert:
  Subject: CN=UTN-USERFirst-Hardware, OU=http://www.usertrust.com, O=The USERTRUST Network, L=Salt Lake City, ST=UT, C=US
  Issuer:  CN=UTN-USERFirst-Hardware, OU=http://www.usertrust.com, O=The USERTRUST Network, L=Salt Lake City, ST=UT, C=US
  Algorithm: RSA; Serial number: 0x44be0c8b500024b411d3362afe650afd
  Valid from Sat Jul 10 02:10:42 CST 1999 until Wed Jul 10 02:19:22 CST 2019

adding as trusted cert:
  Subject: CN=Chambers of Commerce Root, OU=http://www.chambersign.org, O=AC Camerfirma SA CIF A82743287, C=EU
  Issuer:  CN=Chambers of Commerce Root, OU=http://www.chambersign.org, O=AC Camerfirma SA CIF A82743287, C=EU
  Algorithm: RSA; Serial number: 0x0
  Valid from Wed Oct 01 00:13:43 CST 2003 until Thu Oct 01 00:13:44 CST 2037

adding as trusted cert:
  Subject: CN=VeriSign Class 3 Public Primary Certification Authority - G3, OU="(c) 1999 VeriSign, Inc. - For authorized use only", OU=VeriSign Trust Network, O="VeriSign, Inc.", C=US
  Issuer:  CN=VeriSign Class 3 Public Primary Certification Authority - G3, OU="(c) 1999 VeriSign, Inc. - For authorized use only", OU=VeriSign Trust Network, O="VeriSign, Inc.", C=US
  Algorithm: RSA; Serial number: 0x9b7e0649a33e62b9d5ee90487129ef57
  Valid from Fri Oct 01 08:00:00 CST 1999 until Thu Jul 17 07:59:59 CST 2036

adding as trusted cert:
  Subject: CN=GlobalSign Root CA, OU=Root CA, O=GlobalSign nv-sa, C=BE
  Issuer:  CN=GlobalSign Root CA, OU=Root CA, O=GlobalSign nv-sa, C=BE
  Algorithm: RSA; Serial number: 0x40000000001154b5ac394
  Valid from Tue Sep 01 20:00:00 CST 1998 until Fri Jan 28 20:00:00 CST 2028

adding as trusted cert:
  Subject: CN=UTN-USERFirst-Object, OU=http://www.usertrust.com, O=The USERTRUST Network, L=Salt Lake City, ST=UT, C=US
  Issuer:  CN=UTN-USERFirst-Object, OU=http://www.usertrust.com, O=The USERTRUST Network, L=Salt Lake City, ST=UT, C=US
  Algorithm: RSA; Serial number: 0x44be0c8b500024b411d3362de0b35f1b
  Valid from Sat Jul 10 02:31:20 CST 1999 until Wed Jul 10 02:40:36 CST 2019

adding as trusted cert:
  Subject: EMAILADDRESS=server-certs@thawte.com, CN=Thawte Server CA, OU=Certification Services Division, O=Thawte Consulting cc, L=Cape Town, ST=Western Cape, C=ZA
  Issuer:  EMAILADDRESS=server-certs@thawte.com, CN=Thawte Server CA, OU=Certification Services Division, O=Thawte Consulting cc, L=Cape Town, ST=Western Cape, C=ZA
  Algorithm: RSA; Serial number: 0x34a4fff630af4ca53c331742a1946675
  Valid from Thu Aug 01 08:00:00 CST 1996 until Sat Jan 02 07:59:59 CST 2021

adding as trusted cert:
  Subject: CN=AffirmTrust Networking, O=AffirmTrust, C=US
  Issuer:  CN=AffirmTrust Networking, O=AffirmTrust, C=US
  Algorithm: RSA; Serial number: 0x7c4f04391cd4992d
  Valid from Fri Jan 29 22:08:24 CST 2010 until Tue Dec 31 22:08:24 CST 2030

adding as trusted cert:
  Subject: OU=Class 3 Public Primary Certification Authority, O="VeriSign, Inc.", C=US
  Issuer:  OU=Class 3 Public Primary Certification Authority, O="VeriSign, Inc.", C=US
  Algorithm: RSA; Serial number: 0x3c9131cb1ff6d01b0e9ab8d044bf12be
  Valid from Mon Jan 29 08:00:00 CST 1996 until Thu Aug 03 07:59:59 CST 2028

adding as trusted cert:
  Subject: CN=AffirmTrust Premium, O=AffirmTrust, C=US
  Issuer:  CN=AffirmTrust Premium, O=AffirmTrust, C=US
  Algorithm: RSA; Serial number: 0x6d8c1446b1a60aee
  Valid from Fri Jan 29 22:10:36 CST 2010 until Mon Dec 31 22:10:36 CST 2040

adding as trusted cert:
  Subject: CN=TC TrustCenter Class 4 CA II, OU=TC TrustCenter Class 4 CA, O=TC TrustCenter GmbH, C=DE
  Issuer:  CN=TC TrustCenter Class 4 CA II, OU=TC TrustCenter Class 4 CA, O=TC TrustCenter GmbH, C=DE
  Algorithm: RSA; Serial number: 0x5c00001000241d0060a4dce7510
  Valid from Thu Mar 23 22:10:23 CST 2006 until Thu Jan 01 06:59:59 CST 2026

adding as trusted cert:
  Subject: CN=Baltimore CyberTrust Code Signing Root, OU=CyberTrust, O=Baltimore, C=IE
  Issuer:  CN=Baltimore CyberTrust Code Signing Root, OU=CyberTrust, O=Baltimore, C=IE
  Algorithm: RSA; Serial number: 0x20000bf
  Valid from Wed May 17 22:01:00 CST 2000 until Sun May 18 07:59:00 CST 2025

adding as trusted cert:
  Subject: CN=America Online Root Certification Authority 2, O=America Online Inc., C=US
  Issuer:  CN=America Online Root Certification Authority 2, O=America Online Inc., C=US
  Algorithm: RSA; Serial number: 0x1
  Valid from Tue May 28 14:00:00 CST 2002 until Tue Sep 29 22:08:00 CST 2037

adding as trusted cert:
  Subject: CN=QuoVadis Root Certification Authority, OU=Root Certification Authority, O=QuoVadis Limited, C=BM
  Issuer:  CN=QuoVadis Root Certification Authority, OU=Root Certification Authority, O=QuoVadis Limited, C=BM
  Algorithm: RSA; Serial number: 0x3ab6508b
  Valid from Tue Mar 20 02:33:33 CST 2001 until Thu Mar 18 02:33:33 CST 2021

adding as trusted cert:
  Subject: CN=Class 3P Primary CA, O=Certplus, C=FR
  Issuer:  CN=Class 3P Primary CA, O=Certplus, C=FR
  Algorithm: RSA; Serial number: 0xbf5cdbb6f21c6ec04deb7a023b36e879
  Valid from Thu Jul 08 01:10:00 CST 1999 until Sun Jul 07 07:59:59 CST 2019

adding as trusted cert:
  Subject: CN=Equifax Secure eBusiness CA-1, O=Equifax Secure Inc., C=US
  Issuer:  CN=Equifax Secure eBusiness CA-1, O=Equifax Secure Inc., C=US
  Algorithm: RSA; Serial number: 0x59e3
  Valid from Mon Jun 21 12:00:00 CST 1999 until Mon Jun 22 12:00:00 CST 2020

adding as trusted cert:
  Subject: CN=Buypass Class 3 Root CA, O=Buypass AS-983163327, C=NO
  Issuer:  CN=Buypass Class 3 Root CA, O=Buypass AS-983163327, C=NO
  Algorithm: RSA; Serial number: 0x2
  Valid from Tue Oct 26 16:28:58 CST 2010 until Fri Oct 26 16:28:58 CST 2040

adding as trusted cert:
  Subject: OU=Security Communication EV RootCA1, O="SECOM Trust Systems CO.,LTD.", C=JP
  Issuer:  OU=Security Communication EV RootCA1, O="SECOM Trust Systems CO.,LTD.", C=JP
  Algorithm: RSA; Serial number: 0x0
  Valid from Wed Jun 06 10:12:32 CST 2007 until Sat Jun 06 10:12:32 CST 2037

adding as trusted cert:
  Subject: CN=GeoTrust Primary Certification Authority - G3, OU=(c) 2008 GeoTrust Inc. - For authorized use only, O=GeoTrust Inc., C=US
  Issuer:  CN=GeoTrust Primary Certification Authority - G3, OU=(c) 2008 GeoTrust Inc. - For authorized use only, O=GeoTrust Inc., C=US
  Algorithm: RSA; Serial number: 0x15ac6e9419b2794b41f627a9c3180f1f
  Valid from Wed Apr 02 08:00:00 CST 2008 until Wed Dec 02 07:59:59 CST 2037

adding as trusted cert:
  Subject: CN=thawte Primary Root CA - G2, OU="(c) 2007 thawte, Inc. - For authorized use only", O="thawte, Inc.", C=US
  Issuer:  CN=thawte Primary Root CA - G2, OU="(c) 2007 thawte, Inc. - For authorized use only", O="thawte, Inc.", C=US
  Algorithm: EC; Serial number: 0x35fc265cd9844fc93d263d579baed756
  Valid from Mon Nov 05 08:00:00 CST 2007 until Tue Jan 19 07:59:59 CST 2038

adding as trusted cert:
  Subject: CN=VeriSign Universal Root Certification Authority, OU="(c) 2008 VeriSign, Inc. - For authorized use only", OU=VeriSign Trust Network, O="VeriSign, Inc.", C=US
  Issuer:  CN=VeriSign Universal Root Certification Authority, OU="(c) 2008 VeriSign, Inc. - For authorized use only", OU=VeriSign Trust Network, O="VeriSign, Inc.", C=US
  Algorithm: RSA; Serial number: 0x401ac46421b31321030ebbe4121ac51d
  Valid from Wed Apr 02 08:00:00 CST 2008 until Wed Dec 02 07:59:59 CST 2037

adding as trusted cert:
  Subject: CN=Chambers of Commerce Root - 2008, O=AC Camerfirma S.A., SERIALNUMBER=A82743287, L=Madrid (see current address at www.camerfirma.com/address), C=EU
  Issuer:  CN=Chambers of Commerce Root - 2008, O=AC Camerfirma S.A., SERIALNUMBER=A82743287, L=Madrid (see current address at www.camerfirma.com/address), C=EU
  Algorithm: RSA; Serial number: 0xa3da427ea4b1aeda
  Valid from Fri Aug 01 20:29:50 CST 2008 until Sat Jul 31 20:29:50 CST 2038

adding as trusted cert:
  Subject: CN=SwissSign Silver CA - G2, O=SwissSign AG, C=CH
  Issuer:  CN=SwissSign Silver CA - G2, O=SwissSign AG, C=CH
  Algorithm: RSA; Serial number: 0x4f1bd42f54bb2f4b
  Valid from Wed Oct 25 16:32:46 CST 2006 until Sat Oct 25 16:32:46 CST 2036

adding as trusted cert:
  Subject: CN=Entrust Root Certification Authority - G2, OU="(c) 2009 Entrust, Inc. - for authorized use only", OU=See www.entrust.net/legal-terms, O="Entrust, Inc.", C=US
  Issuer:  CN=Entrust Root Certification Authority - G2, OU="(c) 2009 Entrust, Inc. - for authorized use only", OU=See www.entrust.net/legal-terms, O="Entrust, Inc.", C=US
  Algorithm: RSA; Serial number: 0x4a538c28
  Valid from Wed Jul 08 01:25:54 CST 2009 until Sun Dec 08 01:55:54 CST 2030

adding as trusted cert:
  Subject: CN=AddTrust Class 1 CA Root, OU=AddTrust TTP Network, O=AddTrust AB, C=SE
  Issuer:  CN=AddTrust Class 1 CA Root, OU=AddTrust TTP Network, O=AddTrust AB, C=SE
  Algorithm: RSA; Serial number: 0x1
  Valid from Tue May 30 18:38:31 CST 2000 until Sat May 30 18:38:31 CST 2020

adding as trusted cert:
  Subject: CN=DigiCert Assured ID Root CA, OU=www.digicert.com, O=DigiCert Inc, C=US
  Issuer:  CN=DigiCert Assured ID Root CA, OU=www.digicert.com, O=DigiCert Inc, C=US
  Algorithm: RSA; Serial number: 0xce7e0e517d846fe8fe560fc1bf03039
  Valid from Fri Nov 10 08:00:00 CST 2006 until Mon Nov 10 08:00:00 CST 2031

adding as trusted cert:
  Subject: OU=Go Daddy Class 2 Certification Authority, O="The Go Daddy Group, Inc.", C=US
  Issuer:  OU=Go Daddy Class 2 Certification Authority, O="The Go Daddy Group, Inc.", C=US
  Algorithm: RSA; Serial number: 0x0
  Valid from Wed Jun 30 01:06:20 CST 2004 until Fri Jun 30 01:06:20 CST 2034

adding as trusted cert:
  Subject: CN=AddTrust External CA Root, OU=AddTrust External TTP Network, O=AddTrust AB, C=SE
  Issuer:  CN=AddTrust External CA Root, OU=AddTrust External TTP Network, O=AddTrust AB, C=SE
  Algorithm: RSA; Serial number: 0x1
  Valid from Tue May 30 18:48:38 CST 2000 until Sat May 30 18:48:38 CST 2020

adding as trusted cert:
  Subject: CN=T-TeleSec GlobalRoot Class 3, OU=T-Systems Trust Center, O=T-Systems Enterprise Services GmbH, C=DE
  Issuer:  CN=T-TeleSec GlobalRoot Class 3, OU=T-Systems Trust Center, O=T-Systems Enterprise Services GmbH, C=DE
  Algorithm: RSA; Serial number: 0x1
  Valid from Wed Oct 01 18:29:56 CST 2008 until Sun Oct 02 07:59:59 CST 2033

adding as trusted cert:
  Subject: CN=Global Chambersign Root - 2008, O=AC Camerfirma S.A., SERIALNUMBER=A82743287, L=Madrid (see current address at www.camerfirma.com/address), C=EU
  Issuer:  CN=Global Chambersign Root - 2008, O=AC Camerfirma S.A., SERIALNUMBER=A82743287, L=Madrid (see current address at www.camerfirma.com/address), C=EU
  Algorithm: RSA; Serial number: 0xc9cdd3e9d57d23ce
  Valid from Fri Aug 01 20:31:40 CST 2008 until Sat Jul 31 20:31:40 CST 2038

adding as trusted cert:
  Subject: EMAILADDRESS=info@valicert.com, CN=http://www.valicert.com/, OU=ValiCert Class 1 Policy Validation Authority, O="ValiCert, Inc.", L=ValiCert Validation Network
  Issuer:  EMAILADDRESS=info@valicert.com, CN=http://www.valicert.com/, OU=ValiCert Class 1 Policy Validation Authority, O="ValiCert, Inc.", L=ValiCert Validation Network
  Algorithm: RSA; Serial number: 0x1
  Valid from Sat Jun 26 06:23:48 CST 1999 until Wed Jun 26 06:23:48 CST 2019

adding as trusted cert:
  Subject: CN=thawte Primary Root CA - G3, OU="(c) 2008 thawte, Inc. - For authorized use only", OU=Certification Services Division, O="thawte, Inc.", C=US
  Issuer:  CN=thawte Primary Root CA - G3, OU="(c) 2008 thawte, Inc. - For authorized use only", OU=Certification Services Division, O="thawte, Inc.", C=US
  Algorithm: RSA; Serial number: 0x600197b746a7eab4b49ad64b2ff790fb
  Valid from Wed Apr 02 08:00:00 CST 2008 until Wed Dec 02 07:59:59 CST 2037

adding as trusted cert:
  Subject: EMAILADDRESS=premium-server@thawte.com, CN=Thawte Premium Server CA, OU=Certification Services Division, O=Thawte Consulting cc, L=Cape Town, ST=Western Cape, C=ZA
  Issuer:  EMAILADDRESS=premium-server@thawte.com, CN=Thawte Premium Server CA, OU=Certification Services Division, O=Thawte Consulting cc, L=Cape Town, ST=Western Cape, C=ZA
  Algorithm: RSA; Serial number: 0x36122296c5e338a520a1d25f4cd70954
  Valid from Thu Aug 01 08:00:00 CST 1996 until Sat Jan 02 07:59:59 CST 2021

adding as trusted cert:
  Subject: CN=GTE CyberTrust Global Root, OU="GTE CyberTrust Solutions, Inc.", O=GTE Corporation, C=US
  Issuer:  CN=GTE CyberTrust Global Root, OU="GTE CyberTrust Solutions, Inc.", O=GTE Corporation, C=US
  Algorithm: RSA; Serial number: 0x1a5
  Valid from Thu Aug 13 08:29:00 CST 1998 until Tue Aug 14 07:59:00 CST 2018

adding as trusted cert:
  Subject: CN=UTN-USERFirst-Client Authentication and Email, OU=http://www.usertrust.com, O=The USERTRUST Network, L=Salt Lake City, ST=UT, C=US
  Issuer:  CN=UTN-USERFirst-Client Authentication and Email, OU=http://www.usertrust.com, O=The USERTRUST Network, L=Salt Lake City, ST=UT, C=US
  Algorithm: RSA; Serial number: 0x44be0c8b500024b411d336252567c989
  Valid from Sat Jul 10 01:28:50 CST 1999 until Wed Jul 10 01:36:58 CST 2019

adding as trusted cert:
  Subject: CN=Class 2 Primary CA, O=Certplus, C=FR
  Issuer:  CN=Class 2 Primary CA, O=Certplus, C=FR
  Algorithm: RSA; Serial number: 0x85bd4bf3d8dae369f694d75fc3a54423
  Valid from Thu Jul 08 01:05:00 CST 1999 until Sun Jul 07 07:59:59 CST 2019

adding as trusted cert:
  Subject: CN=AffirmTrust Premium ECC, O=AffirmTrust, C=US
  Issuer:  CN=AffirmTrust Premium ECC, O=AffirmTrust, C=US
  Algorithm: EC; Serial number: 0x7497258ac73f7a54
  Valid from Fri Jan 29 22:20:24 CST 2010 until Mon Dec 31 22:20:24 CST 2040

adding as trusted cert:
  Subject: CN=T-TeleSec GlobalRoot Class 2, OU=T-Systems Trust Center, O=T-Systems Enterprise Services GmbH, C=DE
  Issuer:  CN=T-TeleSec GlobalRoot Class 2, OU=T-Systems Trust Center, O=T-Systems Enterprise Services GmbH, C=DE
  Algorithm: RSA; Serial number: 0x1
  Valid from Wed Oct 01 18:40:14 CST 2008 until Sun Oct 02 07:59:59 CST 2033

adding as trusted cert:
  Subject: CN=GeoTrust Global CA, O=GeoTrust Inc., C=US
  Issuer:  CN=GeoTrust Global CA, O=GeoTrust Inc., C=US
  Algorithm: RSA; Serial number: 0x23456
  Valid from Tue May 21 12:00:00 CST 2002 until Sat May 21 12:00:00 CST 2022

adding as trusted cert:
  Subject: CN=Sonera Class1 CA, O=Sonera, C=FI
  Issuer:  CN=Sonera Class1 CA, O=Sonera, C=FI
  Algorithm: RSA; Serial number: 0x24
  Valid from Fri Apr 06 18:49:13 CST 2001 until Tue Apr 06 18:49:13 CST 2021

adding as trusted cert:
  Subject: CN=SwissSign Platinum CA - G2, O=SwissSign AG, C=CH
  Issuer:  CN=SwissSign Platinum CA - G2, O=SwissSign AG, C=CH
  Algorithm: RSA; Serial number: 0x4eb200670c035d4f
  Valid from Wed Oct 25 16:36:00 CST 2006 until Sat Oct 25 16:36:00 CST 2036

adding as trusted cert:
  Subject: OU=VeriSign Trust Network, OU="(c) 1998 VeriSign, Inc. - For authorized use only", OU=Class 1 Public Primary Certification Authority - G2, O="VeriSign, Inc.", C=US
  Issuer:  OU=VeriSign Trust Network, OU="(c) 1998 VeriSign, Inc. - For authorized use only", OU=Class 1 Public Primary Certification Authority - G2, O="VeriSign, Inc.", C=US
  Algorithm: RSA; Serial number: 0x4cc7eaaa983e71d39310f83d3a899192
  Valid from Mon May 18 08:00:00 CST 1998 until Wed Aug 02 07:59:59 CST 2028

adding as trusted cert:
  Subject: CN=KEYNECTIS ROOT CA, OU=ROOT, O=KEYNECTIS, C=FR
  Issuer:  CN=KEYNECTIS ROOT CA, OU=ROOT, O=KEYNECTIS, C=FR
  Algorithm: RSA; Serial number: 0x1121bc276c5547af584eefd4ced629b2a285
  Valid from Tue May 26 08:00:00 CST 2009 until Tue May 26 08:00:00 CST 2020

trigger seeding of SecureRandom
done seeding SecureRandom
Ignoring unavailable cipher suite: TLS_DHE_DSS_WITH_AES_256_GCM_SHA384
Ignoring unavailable cipher suite: TLS_RSA_WITH_AES_256_CBC_SHA
Ignoring unavailable cipher suite: TLS_DHE_RSA_WITH_AES_256_GCM_SHA384
Ignoring unavailable cipher suite: TLS_ECDH_ECDSA_WITH_AES_256_CBC_SHA
Ignoring unavailable cipher suite: TLS_ECDHE_ECDSA_WITH_AES_256_GCM_SHA384
Ignoring unavailable cipher suite: TLS_RSA_WITH_AES_256_CBC_SHA256
Ignoring unavailable cipher suite: TLS_DHE_DSS_WITH_AES_256_CBC_SHA
Ignoring unavailable cipher suite: TLS_ECDH_ECDSA_WITH_AES_256_GCM_SHA384
Ignoring unavailable cipher suite: TLS_ECDH_RSA_WITH_AES_256_CBC_SHA384
Ignoring unavailable cipher suite: TLS_RSA_WITH_AES_256_GCM_SHA384
Ignoring unavailable cipher suite: TLS_ECDH_ECDSA_WITH_AES_256_CBC_SHA384
Ignoring unavailable cipher suite: TLS_ECDHE_RSA_WITH_AES_256_CBC_SHA384
Ignoring unavailable cipher suite: TLS_ECDH_RSA_WITH_AES_256_CBC_SHA
Ignoring unavailable cipher suite: TLS_ECDH_RSA_WITH_AES_256_GCM_SHA384
Ignoring unavailable cipher suite: TLS_ECDHE_ECDSA_WITH_AES_256_CBC_SHA384
Ignoring unavailable cipher suite: TLS_DHE_RSA_WITH_AES_256_CBC_SHA256
Ignoring unavailable cipher suite: TLS_ECDHE_ECDSA_WITH_AES_256_CBC_SHA
Ignoring unavailable cipher suite: TLS_DHE_DSS_WITH_AES_256_CBC_SHA256
Ignoring unavailable cipher suite: TLS_DHE_RSA_WITH_AES_256_CBC_SHA
Ignoring unavailable cipher suite: TLS_ECDHE_RSA_WITH_AES_256_CBC_SHA
Ignoring unavailable cipher suite: TLS_ECDHE_RSA_WITH_AES_256_GCM_SHA384
2021-11-08 11:08:40,048 [myid:127.0.0.1:30073] - WARN  [nioEventLoopGroup-5-1:ClientCnxnSocketNetty$1@150] - future isn't success.
io.netty.channel.AbstractChannel$AnnotatedConnectException: Connection refused: no further information: xmind.net/127.0.0.1:30073
Caused by: java.net.ConnectException: Connection refused: no further information
	at sun.nio.ch.SocketChannelImpl.checkConnect(Native Method)
	at sun.nio.ch.SocketChannelImpl.finishConnect(SocketChannelImpl.java:716)
	at io.netty.channel.socket.nio.NioSocketChannel.doFinishConnect(NioSocketChannel.java:330)
	at io.netty.channel.nio.AbstractNioChannel$AbstractNioUnsafe.finishConnect(AbstractNioChannel.java:334)
	at io.netty.channel.nio.NioEventLoop.processSelectedKey(NioEventLoop.java:707)
	at io.netty.channel.nio.NioEventLoop.processSelectedKeysOptimized(NioEventLoop.java:655)
	at io.netty.channel.nio.NioEventLoop.processSelectedKeys(NioEventLoop.java:581)
	at io.netty.channel.nio.NioEventLoop.run(NioEventLoop.java:493)
	at io.netty.util.concurrent.SingleThreadEventExecutor$4.run(SingleThreadEventExecutor.java:989)
	at io.netty.util.internal.ThreadExecutorMap$2.run(ThreadExecutorMap.java:74)
	at io.netty.util.concurrent.FastThreadLocalRunnable.run(FastThreadLocalRunnable.java:30)
	at java.lang.Thread.run(Thread.java:745)
nioEventLoopGroup-5-1, called closeOutbound()
nioEventLoopGroup-5-1, closeOutboundInternal()
2021-11-08 11:08:40,049 [myid:127.0.0.1:30073] - WARN  [main-SendThread(127.0.0.1:30073):ClientCnxn$SendThread@1290] - Session 0x0 for sever xmind.net/127.0.0.1:30073, Closing socket connection. Attempting reconnect except it is a SessionExpiredException.
EndOfStreamException: channel for sessionid 0x0 is lost
	at org.apache.zookeeper.ClientCnxnSocketNetty.doTransport(ClientCnxnSocketNetty.java:285)
	at org.apache.zookeeper.ClientCnxn$SendThread.run(ClientCnxn.java:1280)
2021-11-08 11:08:40,691 [myid:127.0.0.1:30075] - INFO  [main-SendThread(127.0.0.1:30075):ClientCnxn$SendThread@1171] - Opening socket connection to server xmind.net/127.0.0.1:30075.
2021-11-08 11:08:40,691 [myid:127.0.0.1:30075] - INFO  [main-SendThread(127.0.0.1:30075):ClientCnxn$SendThread@1173] - SASL config status: Will not attempt to authenticate using SASL (unknown error)
adding as trusted cert:
  Subject: CN=localhost, OU=ZooKeeper, O=Apache, L=Unknown, ST=Unknown, C=Unknown
  Issuer:  CN=localhost, OU=ZooKeeper, O=Apache, L=Unknown, ST=Unknown, C=Unknown
  Algorithm: RSA; Serial number: 0x7334b506
  Valid from Sat Jan 31 02:57:30 CST 2015 until Wed Feb 08 02:57:30 CST 3015

trigger seeding of SecureRandom
done seeding SecureRandom
Using SSLEngineImpl.
Ignoring unavailable cipher suite: TLS_DHE_DSS_WITH_AES_256_GCM_SHA384
Ignoring unavailable cipher suite: TLS_RSA_WITH_AES_256_CBC_SHA
Ignoring unavailable cipher suite: TLS_DHE_RSA_WITH_AES_256_GCM_SHA384
Ignoring unavailable cipher suite: TLS_ECDH_ECDSA_WITH_AES_256_CBC_SHA
Ignoring unavailable cipher suite: TLS_ECDHE_ECDSA_WITH_AES_256_GCM_SHA384
Ignoring unavailable cipher suite: TLS_RSA_WITH_AES_256_CBC_SHA256
Ignoring unavailable cipher suite: TLS_DHE_DSS_WITH_AES_256_CBC_SHA
Ignoring unavailable cipher suite: TLS_ECDH_ECDSA_WITH_AES_256_GCM_SHA384
Ignoring unavailable cipher suite: TLS_ECDH_RSA_WITH_AES_256_CBC_SHA384
Ignoring unavailable cipher suite: TLS_RSA_WITH_AES_256_GCM_SHA384
Ignoring unavailable cipher suite: TLS_ECDH_ECDSA_WITH_AES_256_CBC_SHA384
Ignoring unavailable cipher suite: TLS_ECDHE_RSA_WITH_AES_256_CBC_SHA384
Ignoring unavailable cipher suite: TLS_ECDH_RSA_WITH_AES_256_CBC_SHA
Ignoring unavailable cipher suite: TLS_ECDH_RSA_WITH_AES_256_GCM_SHA384
Ignoring unavailable cipher suite: TLS_ECDHE_ECDSA_WITH_AES_256_CBC_SHA384
Ignoring unavailable cipher suite: TLS_DHE_RSA_WITH_AES_256_CBC_SHA256
Ignoring unavailable cipher suite: TLS_ECDHE_ECDSA_WITH_AES_256_CBC_SHA
Ignoring unavailable cipher suite: TLS_DHE_DSS_WITH_AES_256_CBC_SHA256
Ignoring unavailable cipher suite: TLS_DHE_RSA_WITH_AES_256_CBC_SHA
Ignoring unavailable cipher suite: TLS_ECDHE_RSA_WITH_AES_256_CBC_SHA
Ignoring unavailable cipher suite: TLS_ECDHE_RSA_WITH_AES_256_GCM_SHA384
2021-11-08 11:08:40,693 [myid:127.0.0.1:30075] - INFO  [nioEventLoopGroup-12-1:ClientCnxnSocketNetty$ZKClientPipelineFactory@454] - SSL handler added for channel: [id: 0xf2a2b1f5]
2021-11-08 11:08:41,520 [myid:127.0.0.1:30073] - INFO  [main-SendThread(127.0.0.1:30073):ClientCnxn$SendThread@1171] - Opening socket connection to server xmind.net/127.0.0.1:30073.
2021-11-08 11:08:41,520 [myid:127.0.0.1:30073] - INFO  [main-SendThread(127.0.0.1:30073):ClientCnxn$SendThread@1173] - SASL config status: Will not attempt to authenticate using SASL (unknown error)
adding as trusted cert:
  Subject: CN=localhost, OU=ZooKeeper, O=Apache, L=Unknown, ST=Unknown, C=Unknown
  Issuer:  CN=localhost, OU=ZooKeeper, O=Apache, L=Unknown, ST=Unknown, C=Unknown
  Algorithm: RSA; Serial number: 0x7334b506
  Valid from Sat Jan 31 02:57:30 CST 2015 until Wed Feb 08 02:57:30 CST 3015

trigger seeding of SecureRandom
done seeding SecureRandom
Using SSLEngineImpl.
Ignoring unavailable cipher suite: TLS_DHE_DSS_WITH_AES_256_GCM_SHA384
Ignoring unavailable cipher suite: TLS_RSA_WITH_AES_256_CBC_SHA
Ignoring unavailable cipher suite: TLS_DHE_RSA_WITH_AES_256_GCM_SHA384
Ignoring unavailable cipher suite: TLS_ECDH_ECDSA_WITH_AES_256_CBC_SHA
Ignoring unavailable cipher suite: TLS_ECDHE_ECDSA_WITH_AES_256_GCM_SHA384
Ignoring unavailable cipher suite: TLS_RSA_WITH_AES_256_CBC_SHA256
Ignoring unavailable cipher suite: TLS_DHE_DSS_WITH_AES_256_CBC_SHA
Ignoring unavailable cipher suite: TLS_ECDH_ECDSA_WITH_AES_256_GCM_SHA384
Ignoring unavailable cipher suite: TLS_ECDH_RSA_WITH_AES_256_CBC_SHA384
Ignoring unavailable cipher suite: TLS_RSA_WITH_AES_256_GCM_SHA384
Ignoring unavailable cipher suite: TLS_ECDH_ECDSA_WITH_AES_256_CBC_SHA384
Ignoring unavailable cipher suite: TLS_ECDHE_RSA_WITH_AES_256_CBC_SHA384
Ignoring unavailable cipher suite: TLS_ECDH_RSA_WITH_AES_256_CBC_SHA
Ignoring unavailable cipher suite: TLS_ECDH_RSA_WITH_AES_256_GCM_SHA384
Ignoring unavailable cipher suite: TLS_ECDHE_ECDSA_WITH_AES_256_CBC_SHA384
Ignoring unavailable cipher suite: TLS_DHE_RSA_WITH_AES_256_CBC_SHA256
Ignoring unavailable cipher suite: TLS_ECDHE_ECDSA_WITH_AES_256_CBC_SHA
Ignoring unavailable cipher suite: TLS_DHE_DSS_WITH_AES_256_CBC_SHA256
Ignoring unavailable cipher suite: TLS_DHE_RSA_WITH_AES_256_CBC_SHA
Ignoring unavailable cipher suite: TLS_ECDHE_RSA_WITH_AES_256_CBC_SHA
Ignoring unavailable cipher suite: TLS_ECDHE_RSA_WITH_AES_256_GCM_SHA384
2021-11-08 11:08:41,523 [myid:127.0.0.1:30073] - INFO  [nioEventLoopGroup-5-1:ClientCnxnSocketNetty$ZKClientPipelineFactory@454] - SSL handler added for channel: [id: 0x28f1cd3b]
2021-11-08 11:08:41,678 [myid:] - INFO  [SessionTracker:SessionTrackerImpl@175] - SessionTrackerImpl exited loop!
2021-11-08 11:08:41,835 [myid:] - INFO  [main:JMXEnv@142] - ensureOnly:[]
2021-11-08 11:08:41,839 [myid:] - INFO  [main:ZKTestCase@82] - FINISHED Optional[public void org.apache.zookeeper.server.NettyServerCnxnTest.testEnableDisableThrottling_secure_sequentially() throws java.lang.Exception]
]]></system-out>
  </testcase>
  <testcase name="testServerSideThrottling" classname="org.apache.zookeeper.server.NettyServerCnxnTest" time="6.603"/>
  <testcase name="testEnableDisableThrottling_nonSecure_sequentially" classname="org.apache.zookeeper.server.NettyServerCnxnTest" time="7.518"/>
  <testcase name="testSendCloseSession" classname="org.apache.zookeeper.server.NettyServerCnxnTest" time="2.512"/>
  <testcase name="testNonMTLSRemoteConn" classname="org.apache.zookeeper.server.NettyServerCnxnTest" time="3.717"/>
  <testcase name="testClientResponseStatsUpdate" classname="org.apache.zookeeper.server.NettyServerCnxnTest" time="2.576"/>
  <testcase name="testEnableDisableThrottling_nonSecure_random" classname="org.apache.zookeeper.server.NettyServerCnxnTest" time="7.498"/>
  <testcase name="testMaxConnectionPerIpSurpased" classname="org.apache.zookeeper.server.NettyServerCnxnTest" time="32.524"/>
</testsuite>