<?xml version="1.0" encoding="UTF-8"?>
<testsuite xmlns:xsi="http://www.w3.org/2001/XMLSchema-instance" xsi:noNamespaceSchemaLocation="https://maven.apache.org/surefire/maven-surefire-plugin/xsd/surefire-test-report.xsd" name="org.apache.zookeeper.common.PEMFileLoaderTest" time="6.683" tests="72" errors="4" skipped="0" failures="0">
  <properties>
    <property name="sun.desktop" value="windows"/>
    <property name="build.test.dir" value="D:\mysoft\faiscoGit\myStudy\ZooKeeperLearning\apache-zookeeper-3.7.0\zookeeper-server\target/surefire"/>
    <property name="awt.toolkit" value="sun.awt.windows.WToolkit"/>
    <property name="file.encoding.pkg" value="sun.io"/>
    <property name="java.specification.version" value="1.8"/>
    <property name="sun.cpu.isalist" value="amd64"/>
    <property name="sun.jnu.encoding" value="GBK"/>
    <property name="java.class.path" value="D:\mysoft\faiscoGit\myStudy\ZooKeeperLearning\apache-zookeeper-3.7.0\zookeeper-server\target\test-classes;D:\mysoft\faiscoGit\myStudy\ZooKeeperLearning\apache-zookeeper-3.7.0\zookeeper-server\target\classes;D:\mysoft\maven\repository\com\github\spotbugs\spotbugs-annotations\4.0.2\spotbugs-annotations-4.0.2.jar;D:\mysoft\maven\repository\com\google\code\findbugs\jsr305\3.0.2\jsr305-3.0.2.jar;D:\mysoft\maven\repository\org\hamcrest\hamcrest-library\2.2\hamcrest-library-2.2.jar;D:\mysoft\maven\repository\org\hamcrest\hamcrest-core\2.2\hamcrest-core-2.2.jar;D:\mysoft\maven\repository\org\hamcrest\hamcrest\2.2\hamcrest-2.2.jar;D:\mysoft\maven\repository\org\apache\commons\commons-collections4\4.4\commons-collections4-4.4.jar;D:\mysoft\maven\repository\org\apache\zookeeper\zookeeper-jute\3.7.0\zookeeper-jute-3.7.0.jar;D:\mysoft\maven\repository\commons-cli\commons-cli\1.4\commons-cli-1.4.jar;D:\mysoft\maven\repository\org\apache\yetus\audience-annotations\0.12.0\audience-annotations-0.12.0.jar;D:\mysoft\maven\repository\io\netty\netty-handler\4.1.59.Final\netty-handler-4.1.59.Final.jar;D:\mysoft\maven\repository\io\netty\netty-common\4.1.59.Final\netty-common-4.1.59.Final.jar;D:\mysoft\maven\repository\io\netty\netty-resolver\4.1.59.Final\netty-resolver-4.1.59.Final.jar;D:\mysoft\maven\repository\io\netty\netty-buffer\4.1.59.Final\netty-buffer-4.1.59.Final.jar;D:\mysoft\maven\repository\io\netty\netty-transport\4.1.59.Final\netty-transport-4.1.59.Final.jar;D:\mysoft\maven\repository\io\netty\netty-codec\4.1.59.Final\netty-codec-4.1.59.Final.jar;D:\mysoft\maven\repository\io\netty\netty-transport-native-epoll\4.1.59.Final\netty-transport-native-epoll-4.1.59.Final.jar;D:\mysoft\maven\repository\io\netty\netty-transport-native-unix-common\4.1.59.Final\netty-transport-native-unix-common-4.1.59.Final.jar;D:\mysoft\maven\repository\org\slf4j\slf4j-api\1.7.30\slf4j-api-1.7.30.jar;D:\mysoft\maven\repository\org\slf4j\slf4j-log4j12\1.7.30\slf4j-log4j12-1.7.30.jar;D:\mysoft\maven\repository\org\eclipse\jetty\jetty-server\9.4.38.v20210224\jetty-server-9.4.38.v20210224.jar;D:\mysoft\maven\repository\javax\servlet\javax.servlet-api\3.1.0\javax.servlet-api-3.1.0.jar;D:\mysoft\maven\repository\org\eclipse\jetty\jetty-http\9.4.38.v20210224\jetty-http-9.4.38.v20210224.jar;D:\mysoft\maven\repository\org\eclipse\jetty\jetty-util\9.4.38.v20210224\jetty-util-9.4.38.v20210224.jar;D:\mysoft\maven\repository\org\eclipse\jetty\jetty-io\9.4.38.v20210224\jetty-io-9.4.38.v20210224.jar;D:\mysoft\maven\repository\org\eclipse\jetty\jetty-servlet\9.4.38.v20210224\jetty-servlet-9.4.38.v20210224.jar;D:\mysoft\maven\repository\org\eclipse\jetty\jetty-security\9.4.38.v20210224\jetty-security-9.4.38.v20210224.jar;D:\mysoft\maven\repository\org\eclipse\jetty\jetty-util-ajax\9.4.38.v20210224\jetty-util-ajax-9.4.38.v20210224.jar;D:\mysoft\maven\repository\org\eclipse\jetty\jetty-client\9.4.38.v20210224\jetty-client-9.4.38.v20210224.jar;D:\mysoft\maven\repository\com\fasterxml\jackson\core\jackson-databind\2.10.5.1\jackson-databind-2.10.5.1.jar;D:\mysoft\maven\repository\com\fasterxml\jackson\core\jackson-annotations\2.10.5\jackson-annotations-2.10.5.jar;D:\mysoft\maven\repository\com\fasterxml\jackson\core\jackson-core\2.10.5\jackson-core-2.10.5.jar;D:\mysoft\maven\repository\org\bouncycastle\bcprov-jdk15on\1.60\bcprov-jdk15on-1.60.jar;D:\mysoft\maven\repository\org\bouncycastle\bcpkix-jdk15on\1.60\bcpkix-jdk15on-1.60.jar;D:\mysoft\maven\repository\jline\jline\2.14.6\jline-2.14.6.jar;D:\mysoft\maven\repository\io\dropwizard\metrics\metrics-core\4.1.12.1\metrics-core-4.1.12.1.jar;D:\mysoft\maven\repository\log4j\log4j\1.2.17\log4j-1.2.17.jar;D:\mysoft\maven\repository\org\apache\kerby\kerb-core\2.0.0\kerb-core-2.0.0.jar;D:\mysoft\maven\repository\org\apache\kerby\kerby-pkix\2.0.0\kerby-pkix-2.0.0.jar;D:\mysoft\maven\repository\org\apache\kerby\kerby-asn1\2.0.0\kerby-asn1-2.0.0.jar;D:\mysoft\maven\repository\org\apache\kerby\kerby-util\2.0.0\kerby-util-2.0.0.jar;D:\mysoft\maven\repository\org\apache\kerby\kerb-simplekdc\2.0.0\kerb-simplekdc-2.0.0.jar;D:\mysoft\maven\repository\org\apache\kerby\kerb-client\2.0.0\kerb-client-2.0.0.jar;D:\mysoft\maven\repository\org\apache\kerby\kerb-common\2.0.0\kerb-common-2.0.0.jar;D:\mysoft\maven\repository\org\apache\kerby\kerb-crypto\2.0.0\kerb-crypto-2.0.0.jar;D:\mysoft\maven\repository\commons-io\commons-io\2.6\commons-io-2.6.jar;D:\mysoft\maven\repository\org\apache\kerby\kerb-util\2.0.0\kerb-util-2.0.0.jar;D:\mysoft\maven\repository\org\apache\kerby\token-provider\2.0.0\token-provider-2.0.0.jar;D:\mysoft\maven\repository\com\nimbusds\nimbus-jose-jwt\4.41.2\nimbus-jose-jwt-4.41.2.jar;D:\mysoft\maven\repository\com\github\stephenc\jcip\jcip-annotations\1.0-1\jcip-annotations-1.0-1.jar;D:\mysoft\maven\repository\net\minidev\json-smart\2.3\json-smart-2.3.jar;D:\mysoft\maven\repository\net\minidev\accessors-smart\1.2\accessors-smart-1.2.jar;D:\mysoft\maven\repository\org\ow2\asm\asm\5.0.4\asm-5.0.4.jar;D:\mysoft\maven\repository\org\apache\kerby\kerb-admin\2.0.0\kerb-admin-2.0.0.jar;D:\mysoft\maven\repository\org\apache\kerby\kerb-server\2.0.0\kerb-server-2.0.0.jar;D:\mysoft\maven\repository\org\apache\kerby\kerb-identity\2.0.0\kerb-identity-2.0.0.jar;D:\mysoft\maven\repository\org\apache\kerby\kerby-xdr\2.0.0\kerby-xdr-2.0.0.jar;D:\mysoft\maven\repository\org\apache\kerby\kerby-config\2.0.0\kerby-config-2.0.0.jar;D:\mysoft\maven\repository\org\mockito\mockito-core\3.6.28\mockito-core-3.6.28.jar;D:\mysoft\maven\repository\net\bytebuddy\byte-buddy\1.10.18\byte-buddy-1.10.18.jar;D:\mysoft\maven\repository\net\bytebuddy\byte-buddy-agent\1.10.18\byte-buddy-agent-1.10.18.jar;D:\mysoft\maven\repository\org\objenesis\objenesis\3.1\objenesis-3.1.jar;D:\mysoft\maven\repository\org\jmockit\jmockit\1.48\jmockit-1.48.jar;D:\mysoft\maven\repository\org\junit\jupiter\junit-jupiter-api\5.6.2\junit-jupiter-api-5.6.2.jar;D:\mysoft\maven\repository\org\apiguardian\apiguardian-api\1.1.0\apiguardian-api-1.1.0.jar;D:\mysoft\maven\repository\org\opentest4j\opentest4j\1.2.0\opentest4j-1.2.0.jar;D:\mysoft\maven\repository\org\junit\platform\junit-platform-commons\1.6.2\junit-platform-commons-1.6.2.jar;D:\mysoft\maven\repository\org\junit\jupiter\junit-jupiter-engine\5.6.2\junit-jupiter-engine-5.6.2.jar;D:\mysoft\maven\repository\org\junit\platform\junit-platform-engine\1.6.2\junit-platform-engine-1.6.2.jar;D:\mysoft\maven\repository\org\junit\jupiter\junit-jupiter-params\5.6.2\junit-jupiter-params-5.6.2.jar;D:\mysoft\maven\repository\org\junit\platform\junit-platform-runner\1.6.2\junit-platform-runner-1.6.2.jar;D:\mysoft\maven\repository\junit\junit\4.13\junit-4.13.jar;D:\mysoft\maven\repository\org\junit\platform\junit-platform-launcher\1.6.2\junit-platform-launcher-1.6.2.jar;D:\mysoft\maven\repository\org\junit\platform\junit-platform-suite-api\1.6.2\junit-platform-suite-api-1.6.2.jar;D:\mysoft\maven\repository\org\xerial\snappy\snappy-java\1.1.7.7\snappy-java-1.1.7.7.jar;"/>
    <property name="java.vm.vendor" value="Oracle Corporation"/>
    <property name="sun.arch.data.model" value="64"/>
    <property name="user.variant" value=""/>
    <property name="java.vendor.url" value="http://java.oracle.com/"/>
    <property name="user.timezone" value="Asia/Shanghai"/>
    <property name="java.vm.specification.version" value="1.8"/>
    <property name="os.name" value="Windows 8.1"/>
    <property name="user.country" value="CN"/>
    <property name="sun.java.launcher" value="SUN_STANDARD"/>
    <property name="sun.boot.library.path" value="C:\Program Files\Java\jdk1.8.0_31\jre\bin"/>
    <property name="sun.java.command" value="C:\Users\faisco\AppData\Local\Temp\surefire7017171567299321585\surefirebooter7477982226132367730.jar C:\Users\faisco\AppData\Local\Temp\surefire7017171567299321585 2021-11-08T11-05-05_200-jvmRun3 surefire4635491473703803994tmp surefire_197228750084280055343tmp"/>
    <property name="surefire.test.class.path" value="D:\mysoft\faiscoGit\myStudy\ZooKeeperLearning\apache-zookeeper-3.7.0\zookeeper-server\target\test-classes;D:\mysoft\faiscoGit\myStudy\ZooKeeperLearning\apache-zookeeper-3.7.0\zookeeper-server\target\classes;D:\mysoft\maven\repository\com\github\spotbugs\spotbugs-annotations\4.0.2\spotbugs-annotations-4.0.2.jar;D:\mysoft\maven\repository\com\google\code\findbugs\jsr305\3.0.2\jsr305-3.0.2.jar;D:\mysoft\maven\repository\org\hamcrest\hamcrest-library\2.2\hamcrest-library-2.2.jar;D:\mysoft\maven\repository\org\hamcrest\hamcrest-core\2.2\hamcrest-core-2.2.jar;D:\mysoft\maven\repository\org\hamcrest\hamcrest\2.2\hamcrest-2.2.jar;D:\mysoft\maven\repository\org\apache\commons\commons-collections4\4.4\commons-collections4-4.4.jar;D:\mysoft\maven\repository\org\apache\zookeeper\zookeeper-jute\3.7.0\zookeeper-jute-3.7.0.jar;D:\mysoft\maven\repository\commons-cli\commons-cli\1.4\commons-cli-1.4.jar;D:\mysoft\maven\repository\org\apache\yetus\audience-annotations\0.12.0\audience-annotations-0.12.0.jar;D:\mysoft\maven\repository\io\netty\netty-handler\4.1.59.Final\netty-handler-4.1.59.Final.jar;D:\mysoft\maven\repository\io\netty\netty-common\4.1.59.Final\netty-common-4.1.59.Final.jar;D:\mysoft\maven\repository\io\netty\netty-resolver\4.1.59.Final\netty-resolver-4.1.59.Final.jar;D:\mysoft\maven\repository\io\netty\netty-buffer\4.1.59.Final\netty-buffer-4.1.59.Final.jar;D:\mysoft\maven\repository\io\netty\netty-transport\4.1.59.Final\netty-transport-4.1.59.Final.jar;D:\mysoft\maven\repository\io\netty\netty-codec\4.1.59.Final\netty-codec-4.1.59.Final.jar;D:\mysoft\maven\repository\io\netty\netty-transport-native-epoll\4.1.59.Final\netty-transport-native-epoll-4.1.59.Final.jar;D:\mysoft\maven\repository\io\netty\netty-transport-native-unix-common\4.1.59.Final\netty-transport-native-unix-common-4.1.59.Final.jar;D:\mysoft\maven\repository\org\slf4j\slf4j-api\1.7.30\slf4j-api-1.7.30.jar;D:\mysoft\maven\repository\org\slf4j\slf4j-log4j12\1.7.30\slf4j-log4j12-1.7.30.jar;D:\mysoft\maven\repository\org\eclipse\jetty\jetty-server\9.4.38.v20210224\jetty-server-9.4.38.v20210224.jar;D:\mysoft\maven\repository\javax\servlet\javax.servlet-api\3.1.0\javax.servlet-api-3.1.0.jar;D:\mysoft\maven\repository\org\eclipse\jetty\jetty-http\9.4.38.v20210224\jetty-http-9.4.38.v20210224.jar;D:\mysoft\maven\repository\org\eclipse\jetty\jetty-util\9.4.38.v20210224\jetty-util-9.4.38.v20210224.jar;D:\mysoft\maven\repository\org\eclipse\jetty\jetty-io\9.4.38.v20210224\jetty-io-9.4.38.v20210224.jar;D:\mysoft\maven\repository\org\eclipse\jetty\jetty-servlet\9.4.38.v20210224\jetty-servlet-9.4.38.v20210224.jar;D:\mysoft\maven\repository\org\eclipse\jetty\jetty-security\9.4.38.v20210224\jetty-security-9.4.38.v20210224.jar;D:\mysoft\maven\repository\org\eclipse\jetty\jetty-util-ajax\9.4.38.v20210224\jetty-util-ajax-9.4.38.v20210224.jar;D:\mysoft\maven\repository\org\eclipse\jetty\jetty-client\9.4.38.v20210224\jetty-client-9.4.38.v20210224.jar;D:\mysoft\maven\repository\com\fasterxml\jackson\core\jackson-databind\2.10.5.1\jackson-databind-2.10.5.1.jar;D:\mysoft\maven\repository\com\fasterxml\jackson\core\jackson-annotations\2.10.5\jackson-annotations-2.10.5.jar;D:\mysoft\maven\repository\com\fasterxml\jackson\core\jackson-core\2.10.5\jackson-core-2.10.5.jar;D:\mysoft\maven\repository\org\bouncycastle\bcprov-jdk15on\1.60\bcprov-jdk15on-1.60.jar;D:\mysoft\maven\repository\org\bouncycastle\bcpkix-jdk15on\1.60\bcpkix-jdk15on-1.60.jar;D:\mysoft\maven\repository\jline\jline\2.14.6\jline-2.14.6.jar;D:\mysoft\maven\repository\io\dropwizard\metrics\metrics-core\4.1.12.1\metrics-core-4.1.12.1.jar;D:\mysoft\maven\repository\log4j\log4j\1.2.17\log4j-1.2.17.jar;D:\mysoft\maven\repository\org\apache\kerby\kerb-core\2.0.0\kerb-core-2.0.0.jar;D:\mysoft\maven\repository\org\apache\kerby\kerby-pkix\2.0.0\kerby-pkix-2.0.0.jar;D:\mysoft\maven\repository\org\apache\kerby\kerby-asn1\2.0.0\kerby-asn1-2.0.0.jar;D:\mysoft\maven\repository\org\apache\kerby\kerby-util\2.0.0\kerby-util-2.0.0.jar;D:\mysoft\maven\repository\org\apache\kerby\kerb-simplekdc\2.0.0\kerb-simplekdc-2.0.0.jar;D:\mysoft\maven\repository\org\apache\kerby\kerb-client\2.0.0\kerb-client-2.0.0.jar;D:\mysoft\maven\repository\org\apache\kerby\kerb-common\2.0.0\kerb-common-2.0.0.jar;D:\mysoft\maven\repository\org\apache\kerby\kerb-crypto\2.0.0\kerb-crypto-2.0.0.jar;D:\mysoft\maven\repository\commons-io\commons-io\2.6\commons-io-2.6.jar;D:\mysoft\maven\repository\org\apache\kerby\kerb-util\2.0.0\kerb-util-2.0.0.jar;D:\mysoft\maven\repository\org\apache\kerby\token-provider\2.0.0\token-provider-2.0.0.jar;D:\mysoft\maven\repository\com\nimbusds\nimbus-jose-jwt\4.41.2\nimbus-jose-jwt-4.41.2.jar;D:\mysoft\maven\repository\com\github\stephenc\jcip\jcip-annotations\1.0-1\jcip-annotations-1.0-1.jar;D:\mysoft\maven\repository\net\minidev\json-smart\2.3\json-smart-2.3.jar;D:\mysoft\maven\repository\net\minidev\accessors-smart\1.2\accessors-smart-1.2.jar;D:\mysoft\maven\repository\org\ow2\asm\asm\5.0.4\asm-5.0.4.jar;D:\mysoft\maven\repository\org\apache\kerby\kerb-admin\2.0.0\kerb-admin-2.0.0.jar;D:\mysoft\maven\repository\org\apache\kerby\kerb-server\2.0.0\kerb-server-2.0.0.jar;D:\mysoft\maven\repository\org\apache\kerby\kerb-identity\2.0.0\kerb-identity-2.0.0.jar;D:\mysoft\maven\repository\org\apache\kerby\kerby-xdr\2.0.0\kerby-xdr-2.0.0.jar;D:\mysoft\maven\repository\org\apache\kerby\kerby-config\2.0.0\kerby-config-2.0.0.jar;D:\mysoft\maven\repository\org\mockito\mockito-core\3.6.28\mockito-core-3.6.28.jar;D:\mysoft\maven\repository\net\bytebuddy\byte-buddy\1.10.18\byte-buddy-1.10.18.jar;D:\mysoft\maven\repository\net\bytebuddy\byte-buddy-agent\1.10.18\byte-buddy-agent-1.10.18.jar;D:\mysoft\maven\repository\org\objenesis\objenesis\3.1\objenesis-3.1.jar;D:\mysoft\maven\repository\org\jmockit\jmockit\1.48\jmockit-1.48.jar;D:\mysoft\maven\repository\org\junit\jupiter\junit-jupiter-api\5.6.2\junit-jupiter-api-5.6.2.jar;D:\mysoft\maven\repository\org\apiguardian\apiguardian-api\1.1.0\apiguardian-api-1.1.0.jar;D:\mysoft\maven\repository\org\opentest4j\opentest4j\1.2.0\opentest4j-1.2.0.jar;D:\mysoft\maven\repository\org\junit\platform\junit-platform-commons\1.6.2\junit-platform-commons-1.6.2.jar;D:\mysoft\maven\repository\org\junit\jupiter\junit-jupiter-engine\5.6.2\junit-jupiter-engine-5.6.2.jar;D:\mysoft\maven\repository\org\junit\platform\junit-platform-engine\1.6.2\junit-platform-engine-1.6.2.jar;D:\mysoft\maven\repository\org\junit\jupiter\junit-jupiter-params\5.6.2\junit-jupiter-params-5.6.2.jar;D:\mysoft\maven\repository\org\junit\platform\junit-platform-runner\1.6.2\junit-platform-runner-1.6.2.jar;D:\mysoft\maven\repository\junit\junit\4.13\junit-4.13.jar;D:\mysoft\maven\repository\org\junit\platform\junit-platform-launcher\1.6.2\junit-platform-launcher-1.6.2.jar;D:\mysoft\maven\repository\org\junit\platform\junit-platform-suite-api\1.6.2\junit-platform-suite-api-1.6.2.jar;D:\mysoft\maven\repository\org\xerial\snappy\snappy-java\1.1.7.7\snappy-java-1.1.7.7.jar;"/>
    <property name="sun.cpu.endian" value="little"/>
    <property name="user.home" value="C:\Users\faisco"/>
    <property name="user.language" value="zh"/>
    <property name="java.specification.vendor" value="Oracle Corporation"/>
    <property name="java.home" value="C:\Program Files\Java\jdk1.8.0_31\jre"/>
    <property name="zookeeper.DigestAuthenticationProvider.superDigest" value="super:D/InIHSb7yEEbrWz8b9l71RjZJU="/>
    <property name="basedir" value="D:\mysoft\faiscoGit\myStudy\ZooKeeperLearning\apache-zookeeper-3.7.0\zookeeper-server"/>
    <property name="file.separator" value="\"/>
    <property name="line.separator" value="&#10;"/>
    <property name="java.vm.specification.vendor" value="Oracle Corporation"/>
    <property name="java.specification.name" value="Java Platform API Specification"/>
    <property name="java.awt.graphicsenv" value="sun.awt.Win32GraphicsEnvironment"/>
    <property name="test.junit.threads" value="8"/>
    <property name="surefire.real.class.path" value="C:\Users\faisco\AppData\Local\Temp\surefire7017171567299321585\surefirebooter7477982226132367730.jar;D:\mysoft\maven\repository\org\jmockit\jmockit\1.48\jmockit-1.48.jar"/>
    <property name="zookeeper.junit.threadid" value="3"/>
    <property name="sun.boot.class.path" value="C:\Program Files\Java\jdk1.8.0_31\jre\lib\resources.jar;C:\Program Files\Java\jdk1.8.0_31\jre\lib\rt.jar;C:\Program Files\Java\jdk1.8.0_31\jre\lib\sunrsasign.jar;C:\Program Files\Java\jdk1.8.0_31\jre\lib\jsse.jar;C:\Program Files\Java\jdk1.8.0_31\jre\lib\jce.jar;C:\Program Files\Java\jdk1.8.0_31\jre\lib\charsets.jar;C:\Program Files\Java\jdk1.8.0_31\jre\lib\jfr.jar;C:\Program Files\Java\jdk1.8.0_31\jre\classes"/>
    <property name="user.script" value=""/>
    <property name="sun.management.compiler" value="HotSpot 64-Bit Tiered Compilers"/>
    <property name="java.runtime.version" value="1.8.0_31-b13"/>
    <property name="user.name" value="faisco"/>
    <property name="path.separator" value=";"/>
    <property name="os.version" value="6.3"/>
    <property name="java.endorsed.dirs" value="C:\Program Files\Java\jdk1.8.0_31\jre\lib\endorsed"/>
    <property name="java.runtime.name" value="Java(TM) SE Runtime Environment"/>
    <property name="file.encoding" value="GBK"/>
    <property name="java.vm.name" value="Java HotSpot(TM) 64-Bit Server VM"/>
    <property name="idea.version2020.1" value="true"/>
    <property name="localRepository" value="D:\mysoft\maven\repository"/>
    <property name="java.vendor.url.bug" value="http://bugreport.sun.com/bugreport/"/>
    <property name="java.io.tmpdir" value="C:\Users\faisco\AppData\Local\Temp\"/>
    <property name="java.version" value="1.8.0_31"/>
    <property name="user.dir" value="D:\mysoft\faiscoGit\myStudy\ZooKeeperLearning\apache-zookeeper-3.7.0\zookeeper-server"/>
    <property name="os.arch" value="amd64"/>
    <property name="java.vm.specification.name" value="Java Virtual Machine Specification"/>
    <property name="java.awt.printerjob" value="sun.awt.windows.WPrinterJob"/>
    <property name="sun.os.patch.level" value=""/>
    <property name="java.library.path" value="C:\Program Files\Java\jdk1.8.0_31\jre\bin;C:\WINDOWS\Sun\Java\bin;C:\WINDOWS\system32;C:\WINDOWS;C:\Program Files\Java\jdk1.8.0_31\jre\bin;C:\Python39\Scripts\;C:\Python39\;C:\Python27\;C:\Python27\Scripts;C:\Program Files (x86)\Intel\Intel(R) Management Engine Components\iCLS\;C:\Program Files\Intel\Intel(R) Management Engine Components\iCLS\;C:\WINDOWS\system32;C:\WINDOWS;C:\WINDOWS\System32\Wbem;C:\WINDOWS\System32\WindowsPowerShell\v1.0\;C:\WINDOWS\System32\OpenSSH\;C:\Program Files (x86)\Intel\Intel(R) Management Engine Components\DAL;C:\Program Files\Intel\Intel(R) Management Engine Components\DAL;C:\Program Files\TortoiseSVN\bin;C:\Program Files\Java\jdk1.8.0_31\bin;D:\soft\Git\cmd;D:\mysoft\maven\apache-maven-3.6.1\bin;C:\ProgramData\chocolatey\bin;C:\Program Files\nodejs\;D:\mysoft\gradle-7.0\bin;C:\ProgramData\Oracle\Java\javapath;C:\Program Files\OpenVPN\bin;C:\Users\faisco\AppData\Local\Microsoft\WindowsApps;;D:\soft\Microsoft VS Code\bin;D:\soft\PyCharm Community Edition 2019.1.3\bin;;D:\soft\PyCharm 2019.2.3\bin;;C:\Users\faisco\AppData\Local\Microsoft\WindowsApps;C:\Program Files\JetBrains\IntelliJ IDEA 2020.1\bin;;C:\Program Files\JetBrains\IntelliJ IDEA Community Edition 2020.1.3\bin;;C:\Users\faisco\AppData\Roaming\npm;."/>
    <property name="junit.jupiter.extensions.autodetection.enabled" value="true"/>
    <property name="java.vm.info" value="mixed mode"/>
    <property name="java.vendor" value="Oracle Corporation"/>
    <property name="java.vm.version" value="25.31-b07"/>
    <property name="java.ext.dirs" value="C:\Program Files\Java\jdk1.8.0_31\jre\lib\ext;C:\WINDOWS\Sun\Java\lib\ext"/>
    <property name="sun.io.unicode.encoding" value="UnicodeLittle"/>
    <property name="java.class.version" value="52.0"/>
  </properties>
  <testcase name="testLoadKeyStoreWithNullFilePath{X509KeyType, X509KeyType, String, Integer}[1]" classname="org.apache.zookeeper.common.PEMFileLoaderTest" time="0.742"/>
  <testcase name="testLoadKeyStoreWithNullFilePath{X509KeyType, X509KeyType, String, Integer}[2]" classname="org.apache.zookeeper.common.PEMFileLoaderTest" time="0.844"/>
  <testcase name="testLoadKeyStoreWithNullFilePath{X509KeyType, X509KeyType, String, Integer}[3]" classname="org.apache.zookeeper.common.PEMFileLoaderTest" time="0.883"/>
  <testcase name="testLoadKeyStoreWithNullFilePath{X509KeyType, X509KeyType, String, Integer}[4]" classname="org.apache.zookeeper.common.PEMFileLoaderTest" time="0.396"/>
  <testcase name="testLoadKeyStoreWithNullFilePath{X509KeyType, X509KeyType, String, Integer}[5]" classname="org.apache.zookeeper.common.PEMFileLoaderTest" time="0.472"/>
  <testcase name="testLoadKeyStoreWithNullFilePath{X509KeyType, X509KeyType, String, Integer}[6]" classname="org.apache.zookeeper.common.PEMFileLoaderTest" time="0.574"/>
  <testcase name="testLoadKeyStoreWithNullFilePath{X509KeyType, X509KeyType, String, Integer}[7]" classname="org.apache.zookeeper.common.PEMFileLoaderTest" time="0.01"/>
  <testcase name="testLoadKeyStoreWithNullFilePath{X509KeyType, X509KeyType, String, Integer}[8]" classname="org.apache.zookeeper.common.PEMFileLoaderTest" time="0.062"/>
  <testcase name="testLoadKeyStoreWithWrongFilePath{X509KeyType, X509KeyType, String, Integer}[1]" classname="org.apache.zookeeper.common.PEMFileLoaderTest" time="0.157"/>
  <testcase name="testLoadKeyStoreWithWrongFilePath{X509KeyType, X509KeyType, String, Integer}[2]" classname="org.apache.zookeeper.common.PEMFileLoaderTest" time="0.746"/>
  <testcase name="testLoadKeyStoreWithWrongFilePath{X509KeyType, X509KeyType, String, Integer}[3]" classname="org.apache.zookeeper.common.PEMFileLoaderTest" time="0.005"/>
  <testcase name="testLoadKeyStoreWithWrongFilePath{X509KeyType, X509KeyType, String, Integer}[4]" classname="org.apache.zookeeper.common.PEMFileLoaderTest" time="0.003"/>
  <testcase name="testLoadKeyStoreWithWrongFilePath{X509KeyType, X509KeyType, String, Integer}[5]" classname="org.apache.zookeeper.common.PEMFileLoaderTest" time="0.046"/>
  <testcase name="testLoadKeyStoreWithWrongFilePath{X509KeyType, X509KeyType, String, Integer}[6]" classname="org.apache.zookeeper.common.PEMFileLoaderTest" time="0.03"/>
  <testcase name="testLoadKeyStoreWithWrongFilePath{X509KeyType, X509KeyType, String, Integer}[7]" classname="org.apache.zookeeper.common.PEMFileLoaderTest" time="0"/>
  <testcase name="testLoadKeyStoreWithWrongFilePath{X509KeyType, X509KeyType, String, Integer}[8]" classname="org.apache.zookeeper.common.PEMFileLoaderTest" time="0.012"/>
  <testcase name="testLoadKeyStoreWithWrongFileType{X509KeyType, X509KeyType, String, Integer}[1]" classname="org.apache.zookeeper.common.PEMFileLoaderTest" time="0.025"/>
  <testcase name="testLoadKeyStoreWithWrongFileType{X509KeyType, X509KeyType, String, Integer}[2]" classname="org.apache.zookeeper.common.PEMFileLoaderTest" time="0.005"/>
  <testcase name="testLoadKeyStoreWithWrongFileType{X509KeyType, X509KeyType, String, Integer}[3]" classname="org.apache.zookeeper.common.PEMFileLoaderTest" time="0.016"/>
  <testcase name="testLoadKeyStoreWithWrongFileType{X509KeyType, X509KeyType, String, Integer}[4]" classname="org.apache.zookeeper.common.PEMFileLoaderTest" time="0.003"/>
  <testcase name="testLoadKeyStoreWithWrongFileType{X509KeyType, X509KeyType, String, Integer}[5]" classname="org.apache.zookeeper.common.PEMFileLoaderTest" time="0.003"/>
  <testcase name="testLoadKeyStoreWithWrongFileType{X509KeyType, X509KeyType, String, Integer}[6]" classname="org.apache.zookeeper.common.PEMFileLoaderTest" time="0.006"/>
  <testcase name="testLoadKeyStoreWithWrongFileType{X509KeyType, X509KeyType, String, Integer}[7]" classname="org.apache.zookeeper.common.PEMFileLoaderTest" time="0.003"/>
  <testcase name="testLoadKeyStoreWithWrongFileType{X509KeyType, X509KeyType, String, Integer}[8]" classname="org.apache.zookeeper.common.PEMFileLoaderTest" time="0.018"/>
  <testcase name="testLoadKeyStore{X509KeyType, X509KeyType, String, Integer}[1]" classname="org.apache.zookeeper.common.PEMFileLoaderTest" time="0.014"/>
  <testcase name="testLoadKeyStore{X509KeyType, X509KeyType, String, Integer}[2]" classname="org.apache.zookeeper.common.PEMFileLoaderTest" time="0.008">
    <error message="org.bouncycastle.operator.OperatorCreationException: Illegal key size or default parameters" type="java.io.IOException">java.io.IOException: org.bouncycastle.operator.OperatorCreationException: Illegal key size or default parameters
	at org.apache.zookeeper.common.X509TestContext.getKeyStorePemFile(X509TestContext.java:307)
	at org.apache.zookeeper.common.X509TestContext.getKeyStoreFile(X509TestContext.java:270)
	at org.apache.zookeeper.common.PEMFileLoaderTest.testLoadKeyStore(PEMFileLoaderTest.java:37)
Caused by: org.bouncycastle.operator.OperatorCreationException: Illegal key size or default parameters
	at org.apache.zookeeper.common.X509TestHelpers.pemEncodePrivateKey(X509TestHelpers.java:273)
	at org.apache.zookeeper.common.X509TestHelpers.pemEncodeCertAndPrivateKey(X509TestHelpers.java:255)
	at org.apache.zookeeper.common.X509TestContext.getKeyStorePemFile(X509TestContext.java:304)
	... 2 more
Caused by: java.security.InvalidKeyException: Illegal key size or default parameters
	at javax.crypto.Cipher.checkCryptoPerm(Cipher.java:1021)
	at javax.crypto.Cipher.init(Cipher.java:1225)
	at javax.crypto.Cipher.init(Cipher.java:1166)
	... 5 more
</error>
    <system-out><![CDATA[2021-11-08 11:05:45,227 [myid:] - INFO  [main:ZKTestCase@77] - STARTING Optional[public void org.apache.zookeeper.common.PEMFileLoaderTest.testLoadKeyStore(org.apache.zookeeper.common.X509KeyType,org.apache.zookeeper.common.X509KeyType,java.lang.String,java.lang.Integer) throws java.lang.Exception]
2021-11-08 11:05:45,231 [myid:] - INFO  [main:ZKTestCase@82] - FINISHED Optional[public void org.apache.zookeeper.common.PEMFileLoaderTest.testLoadKeyStore(org.apache.zookeeper.common.X509KeyType,org.apache.zookeeper.common.X509KeyType,java.lang.String,java.lang.Integer) throws java.lang.Exception]
]]></system-out>
  </testcase>
  <testcase name="testLoadKeyStore{X509KeyType, X509KeyType, String, Integer}[3]" classname="org.apache.zookeeper.common.PEMFileLoaderTest" time="0.005"/>
  <testcase name="testLoadKeyStore{X509KeyType, X509KeyType, String, Integer}[4]" classname="org.apache.zookeeper.common.PEMFileLoaderTest" time="0.003">
    <error message="org.bouncycastle.operator.OperatorCreationException: Illegal key size or default parameters" type="java.io.IOException">java.io.IOException: org.bouncycastle.operator.OperatorCreationException: Illegal key size or default parameters
	at org.apache.zookeeper.common.X509TestContext.getKeyStorePemFile(X509TestContext.java:307)
	at org.apache.zookeeper.common.X509TestContext.getKeyStoreFile(X509TestContext.java:270)
	at org.apache.zookeeper.common.PEMFileLoaderTest.testLoadKeyStore(PEMFileLoaderTest.java:37)
Caused by: org.bouncycastle.operator.OperatorCreationException: Illegal key size or default parameters
	at org.apache.zookeeper.common.X509TestHelpers.pemEncodePrivateKey(X509TestHelpers.java:273)
	at org.apache.zookeeper.common.X509TestHelpers.pemEncodeCertAndPrivateKey(X509TestHelpers.java:255)
	at org.apache.zookeeper.common.X509TestContext.getKeyStorePemFile(X509TestContext.java:304)
	... 2 more
Caused by: java.security.InvalidKeyException: Illegal key size or default parameters
	at javax.crypto.Cipher.checkCryptoPerm(Cipher.java:1021)
	at javax.crypto.Cipher.init(Cipher.java:1225)
	at javax.crypto.Cipher.init(Cipher.java:1166)
	... 5 more
</error>
    <system-out><![CDATA[2021-11-08 11:05:45,243 [myid:] - INFO  [main:ZKTestCase@77] - STARTING Optional[public void org.apache.zookeeper.common.PEMFileLoaderTest.testLoadKeyStore(org.apache.zookeeper.common.X509KeyType,org.apache.zookeeper.common.X509KeyType,java.lang.String,java.lang.Integer) throws java.lang.Exception]
2021-11-08 11:05:45,245 [myid:] - INFO  [main:ZKTestCase@82] - FINISHED Optional[public void org.apache.zookeeper.common.PEMFileLoaderTest.testLoadKeyStore(org.apache.zookeeper.common.X509KeyType,org.apache.zookeeper.common.X509KeyType,java.lang.String,java.lang.Integer) throws java.lang.Exception]
]]></system-out>
  </testcase>
  <testcase name="testLoadKeyStore{X509KeyType, X509KeyType, String, Integer}[5]" classname="org.apache.zookeeper.common.PEMFileLoaderTest" time="0.003"/>
  <testcase name="testLoadKeyStore{X509KeyType, X509KeyType, String, Integer}[6]" classname="org.apache.zookeeper.common.PEMFileLoaderTest" time="0.014">
    <error message="org.bouncycastle.operator.OperatorCreationException: Illegal key size or default parameters" type="java.io.IOException">java.io.IOException: org.bouncycastle.operator.OperatorCreationException: Illegal key size or default parameters
	at org.apache.zookeeper.common.X509TestContext.getKeyStorePemFile(X509TestContext.java:307)
	at org.apache.zookeeper.common.X509TestContext.getKeyStoreFile(X509TestContext.java:270)
	at org.apache.zookeeper.common.PEMFileLoaderTest.testLoadKeyStore(PEMFileLoaderTest.java:37)
Caused by: org.bouncycastle.operator.OperatorCreationException: Illegal key size or default parameters
	at org.apache.zookeeper.common.X509TestHelpers.pemEncodePrivateKey(X509TestHelpers.java:273)
	at org.apache.zookeeper.common.X509TestHelpers.pemEncodeCertAndPrivateKey(X509TestHelpers.java:255)
	at org.apache.zookeeper.common.X509TestContext.getKeyStorePemFile(X509TestContext.java:304)
	... 2 more
Caused by: java.security.InvalidKeyException: Illegal key size or default parameters
	at javax.crypto.Cipher.checkCryptoPerm(Cipher.java:1021)
	at javax.crypto.Cipher.init(Cipher.java:1225)
	at javax.crypto.Cipher.init(Cipher.java:1166)
	... 5 more
</error>
    <system-out><![CDATA[2021-11-08 11:05:45,253 [myid:] - INFO  [main:ZKTestCase@77] - STARTING Optional[public void org.apache.zookeeper.common.PEMFileLoaderTest.testLoadKeyStore(org.apache.zookeeper.common.X509KeyType,org.apache.zookeeper.common.X509KeyType,java.lang.String,java.lang.Integer) throws java.lang.Exception]
2021-11-08 11:05:45,263 [myid:] - INFO  [main:ZKTestCase@82] - FINISHED Optional[public void org.apache.zookeeper.common.PEMFileLoaderTest.testLoadKeyStore(org.apache.zookeeper.common.X509KeyType,org.apache.zookeeper.common.X509KeyType,java.lang.String,java.lang.Integer) throws java.lang.Exception]
]]></system-out>
  </testcase>
  <testcase name="testLoadKeyStore{X509KeyType, X509KeyType, String, Integer}[7]" classname="org.apache.zookeeper.common.PEMFileLoaderTest" time="0.003"/>
  <testcase name="testLoadKeyStore{X509KeyType, X509KeyType, String, Integer}[8]" classname="org.apache.zookeeper.common.PEMFileLoaderTest" time="0.003">
    <error message="org.bouncycastle.operator.OperatorCreationException: Illegal key size or default parameters" type="java.io.IOException">java.io.IOException: org.bouncycastle.operator.OperatorCreationException: Illegal key size or default parameters
	at org.apache.zookeeper.common.X509TestContext.getKeyStorePemFile(X509TestContext.java:307)
	at org.apache.zookeeper.common.X509TestContext.getKeyStoreFile(X509TestContext.java:270)
	at org.apache.zookeeper.common.PEMFileLoaderTest.testLoadKeyStore(PEMFileLoaderTest.java:37)
Caused by: org.bouncycastle.operator.OperatorCreationException: Illegal key size or default parameters
	at org.apache.zookeeper.common.X509TestHelpers.pemEncodePrivateKey(X509TestHelpers.java:273)
	at org.apache.zookeeper.common.X509TestHelpers.pemEncodeCertAndPrivateKey(X509TestHelpers.java:255)
	at org.apache.zookeeper.common.X509TestContext.getKeyStorePemFile(X509TestContext.java:304)
	... 2 more
Caused by: java.security.InvalidKeyException: Illegal key size or default parameters
	at javax.crypto.Cipher.checkCryptoPerm(Cipher.java:1021)
	at javax.crypto.Cipher.init(Cipher.java:1225)
	at javax.crypto.Cipher.init(Cipher.java:1166)
	... 5 more
</error>
    <system-out><![CDATA[2021-11-08 11:05:45,269 [myid:] - INFO  [main:ZKTestCase@77] - STARTING Optional[public void org.apache.zookeeper.common.PEMFileLoaderTest.testLoadKeyStore(org.apache.zookeeper.common.X509KeyType,org.apache.zookeeper.common.X509KeyType,java.lang.String,java.lang.Integer) throws java.lang.Exception]
2021-11-08 11:05:45,271 [myid:] - INFO  [main:ZKTestCase@82] - FINISHED Optional[public void org.apache.zookeeper.common.PEMFileLoaderTest.testLoadKeyStore(org.apache.zookeeper.common.X509KeyType,org.apache.zookeeper.common.X509KeyType,java.lang.String,java.lang.Integer) throws java.lang.Exception]
]]></system-out>
  </testcase>
  <testcase name="testLoadTrustStore{X509KeyType, X509KeyType, String, Integer}[1]" classname="org.apache.zookeeper.common.PEMFileLoaderTest" time="0.009"/>
  <testcase name="testLoadTrustStore{X509KeyType, X509KeyType, String, Integer}[2]" classname="org.apache.zookeeper.common.PEMFileLoaderTest" time="0.01"/>
  <testcase name="testLoadTrustStore{X509KeyType, X509KeyType, String, Integer}[3]" classname="org.apache.zookeeper.common.PEMFileLoaderTest" time="0.003"/>
  <testcase name="testLoadTrustStore{X509KeyType, X509KeyType, String, Integer}[4]" classname="org.apache.zookeeper.common.PEMFileLoaderTest" time="0.021"/>
  <testcase name="testLoadTrustStore{X509KeyType, X509KeyType, String, Integer}[5]" classname="org.apache.zookeeper.common.PEMFileLoaderTest" time="0.033"/>
  <testcase name="testLoadTrustStore{X509KeyType, X509KeyType, String, Integer}[6]" classname="org.apache.zookeeper.common.PEMFileLoaderTest" time="0.003"/>
  <testcase name="testLoadTrustStore{X509KeyType, X509KeyType, String, Integer}[7]" classname="org.apache.zookeeper.common.PEMFileLoaderTest" time="0.008"/>
  <testcase name="testLoadTrustStore{X509KeyType, X509KeyType, String, Integer}[8]" classname="org.apache.zookeeper.common.PEMFileLoaderTest" time="0.002"/>
  <testcase name="testLoadTrustStoreWithNullFilePath{X509KeyType, X509KeyType, String, Integer}[1]" classname="org.apache.zookeeper.common.PEMFileLoaderTest" time="0.002"/>
  <testcase name="testLoadTrustStoreWithNullFilePath{X509KeyType, X509KeyType, String, Integer}[2]" classname="org.apache.zookeeper.common.PEMFileLoaderTest" time="0.004"/>
  <testcase name="testLoadTrustStoreWithNullFilePath{X509KeyType, X509KeyType, String, Integer}[3]" classname="org.apache.zookeeper.common.PEMFileLoaderTest" time="0"/>
  <testcase name="testLoadTrustStoreWithNullFilePath{X509KeyType, X509KeyType, String, Integer}[4]" classname="org.apache.zookeeper.common.PEMFileLoaderTest" time="0"/>
  <testcase name="testLoadTrustStoreWithNullFilePath{X509KeyType, X509KeyType, String, Integer}[5]" classname="org.apache.zookeeper.common.PEMFileLoaderTest" time="0.001"/>
  <testcase name="testLoadTrustStoreWithNullFilePath{X509KeyType, X509KeyType, String, Integer}[6]" classname="org.apache.zookeeper.common.PEMFileLoaderTest" time="0"/>
  <testcase name="testLoadTrustStoreWithNullFilePath{X509KeyType, X509KeyType, String, Integer}[7]" classname="org.apache.zookeeper.common.PEMFileLoaderTest" time="0.001"/>
  <testcase name="testLoadTrustStoreWithNullFilePath{X509KeyType, X509KeyType, String, Integer}[8]" classname="org.apache.zookeeper.common.PEMFileLoaderTest" time="0.003"/>
  <testcase name="testLoadTrustStoreWithWrongFilePath{X509KeyType, X509KeyType, String, Integer}[1]" classname="org.apache.zookeeper.common.PEMFileLoaderTest" time="0.002"/>
  <testcase name="testLoadTrustStoreWithWrongFilePath{X509KeyType, X509KeyType, String, Integer}[2]" classname="org.apache.zookeeper.common.PEMFileLoaderTest" time="0.001"/>
  <testcase name="testLoadTrustStoreWithWrongFilePath{X509KeyType, X509KeyType, String, Integer}[3]" classname="org.apache.zookeeper.common.PEMFileLoaderTest" time="0.001"/>
  <testcase name="testLoadTrustStoreWithWrongFilePath{X509KeyType, X509KeyType, String, Integer}[4]" classname="org.apache.zookeeper.common.PEMFileLoaderTest" time="0.001"/>
  <testcase name="testLoadTrustStoreWithWrongFilePath{X509KeyType, X509KeyType, String, Integer}[5]" classname="org.apache.zookeeper.common.PEMFileLoaderTest" time="0.002"/>
  <testcase name="testLoadTrustStoreWithWrongFilePath{X509KeyType, X509KeyType, String, Integer}[6]" classname="org.apache.zookeeper.common.PEMFileLoaderTest" time="0.004"/>
  <testcase name="testLoadTrustStoreWithWrongFilePath{X509KeyType, X509KeyType, String, Integer}[7]" classname="org.apache.zookeeper.common.PEMFileLoaderTest" time="0"/>
  <testcase name="testLoadTrustStoreWithWrongFilePath{X509KeyType, X509KeyType, String, Integer}[8]" classname="org.apache.zookeeper.common.PEMFileLoaderTest" time="0.001"/>
  <testcase name="testLoadTrustStoreWithWrongFileType{X509KeyType, X509KeyType, String, Integer}[1]" classname="org.apache.zookeeper.common.PEMFileLoaderTest" time="0.007"/>
  <testcase name="testLoadTrustStoreWithWrongFileType{X509KeyType, X509KeyType, String, Integer}[2]" classname="org.apache.zookeeper.common.PEMFileLoaderTest" time="0.008"/>
  <testcase name="testLoadTrustStoreWithWrongFileType{X509KeyType, X509KeyType, String, Integer}[3]" classname="org.apache.zookeeper.common.PEMFileLoaderTest" time="0.006"/>
  <testcase name="testLoadTrustStoreWithWrongFileType{X509KeyType, X509KeyType, String, Integer}[4]" classname="org.apache.zookeeper.common.PEMFileLoaderTest" time="0.006"/>
  <testcase name="testLoadTrustStoreWithWrongFileType{X509KeyType, X509KeyType, String, Integer}[5]" classname="org.apache.zookeeper.common.PEMFileLoaderTest" time="0.007"/>
  <testcase name="testLoadTrustStoreWithWrongFileType{X509KeyType, X509KeyType, String, Integer}[6]" classname="org.apache.zookeeper.common.PEMFileLoaderTest" time="0.007"/>
  <testcase name="testLoadTrustStoreWithWrongFileType{X509KeyType, X509KeyType, String, Integer}[7]" classname="org.apache.zookeeper.common.PEMFileLoaderTest" time="0.004"/>
  <testcase name="testLoadTrustStoreWithWrongFileType{X509KeyType, X509KeyType, String, Integer}[8]" classname="org.apache.zookeeper.common.PEMFileLoaderTest" time="0.011"/>
  <testcase name="testLoadKeyStoreWithWrongPassword{X509KeyType, X509KeyType, String, Integer}[1]" classname="org.apache.zookeeper.common.PEMFileLoaderTest" time="0.004"/>
  <testcase name="testLoadKeyStoreWithWrongPassword{X509KeyType, X509KeyType, String, Integer}[2]" classname="org.apache.zookeeper.common.PEMFileLoaderTest" time="0.031"/>
  <testcase name="testLoadKeyStoreWithWrongPassword{X509KeyType, X509KeyType, String, Integer}[3]" classname="org.apache.zookeeper.common.PEMFileLoaderTest" time="0.001"/>
  <testcase name="testLoadKeyStoreWithWrongPassword{X509KeyType, X509KeyType, String, Integer}[4]" classname="org.apache.zookeeper.common.PEMFileLoaderTest" time="0.002"/>
  <testcase name="testLoadKeyStoreWithWrongPassword{X509KeyType, X509KeyType, String, Integer}[5]" classname="org.apache.zookeeper.common.PEMFileLoaderTest" time="0.003"/>
  <testcase name="testLoadKeyStoreWithWrongPassword{X509KeyType, X509KeyType, String, Integer}[6]" classname="org.apache.zookeeper.common.PEMFileLoaderTest" time="0.003"/>
  <testcase name="testLoadKeyStoreWithWrongPassword{X509KeyType, X509KeyType, String, Integer}[7]" classname="org.apache.zookeeper.common.PEMFileLoaderTest" time="0.003"/>
  <testcase name="testLoadKeyStoreWithWrongPassword{X509KeyType, X509KeyType, String, Integer}[8]" classname="org.apache.zookeeper.common.PEMFileLoaderTest" time="0.001"/>
</testsuite>