<?xml version="1.0" encoding="UTF-8"?>
<testsuite xmlns:xsi="http://www.w3.org/2001/XMLSchema-instance" xsi:noNamespaceSchemaLocation="https://maven.apache.org/surefire/maven-surefire-plugin/xsd/surefire-test-report.xsd" name="org.apache.zookeeper.server.quorum.QuorumRequestPipelineTest" time="10.375" tests="27" errors="27" skipped="0" failures="0">
  <properties>
    <property name="sun.desktop" value="windows"/>
    <property name="build.test.dir" value="D:\mysoft\faiscoGit\myStudy\ZooKeeperLearning\apache-zookeeper-3.7.0\zookeeper-server\target/surefire"/>
    <property name="awt.toolkit" value="sun.awt.windows.WToolkit"/>
    <property name="file.encoding.pkg" value="sun.io"/>
    <property name="java.specification.version" value="1.8"/>
    <property name="sun.cpu.isalist" value="amd64"/>
    <property name="sun.jnu.encoding" value="GBK"/>
    <property name="java.class.path" value="D:\mysoft\faiscoGit\myStudy\ZooKeeperLearning\apache-zookeeper-3.7.0\zookeeper-server\target\test-classes;D:\mysoft\faiscoGit\myStudy\ZooKeeperLearning\apache-zookeeper-3.7.0\zookeeper-server\target\classes;D:\mysoft\maven\repository\com\github\spotbugs\spotbugs-annotations\4.0.2\spotbugs-annotations-4.0.2.jar;D:\mysoft\maven\repository\com\google\code\findbugs\jsr305\3.0.2\jsr305-3.0.2.jar;D:\mysoft\maven\repository\org\hamcrest\hamcrest-library\2.2\hamcrest-library-2.2.jar;D:\mysoft\maven\repository\org\hamcrest\hamcrest-core\2.2\hamcrest-core-2.2.jar;D:\mysoft\maven\repository\org\hamcrest\hamcrest\2.2\hamcrest-2.2.jar;D:\mysoft\maven\repository\org\apache\commons\commons-collections4\4.4\commons-collections4-4.4.jar;D:\mysoft\maven\repository\org\apache\zookeeper\zookeeper-jute\3.7.0\zookeeper-jute-3.7.0.jar;D:\mysoft\maven\repository\commons-cli\commons-cli\1.4\commons-cli-1.4.jar;D:\mysoft\maven\repository\org\apache\yetus\audience-annotations\0.12.0\audience-annotations-0.12.0.jar;D:\mysoft\maven\repository\io\netty\netty-handler\4.1.59.Final\netty-handler-4.1.59.Final.jar;D:\mysoft\maven\repository\io\netty\netty-common\4.1.59.Final\netty-common-4.1.59.Final.jar;D:\mysoft\maven\repository\io\netty\netty-resolver\4.1.59.Final\netty-resolver-4.1.59.Final.jar;D:\mysoft\maven\repository\io\netty\netty-buffer\4.1.59.Final\netty-buffer-4.1.59.Final.jar;D:\mysoft\maven\repository\io\netty\netty-transport\4.1.59.Final\netty-transport-4.1.59.Final.jar;D:\mysoft\maven\repository\io\netty\netty-codec\4.1.59.Final\netty-codec-4.1.59.Final.jar;D:\mysoft\maven\repository\io\netty\netty-transport-native-epoll\4.1.59.Final\netty-transport-native-epoll-4.1.59.Final.jar;D:\mysoft\maven\repository\io\netty\netty-transport-native-unix-common\4.1.59.Final\netty-transport-native-unix-common-4.1.59.Final.jar;D:\mysoft\maven\repository\org\slf4j\slf4j-api\1.7.30\slf4j-api-1.7.30.jar;D:\mysoft\maven\repository\org\slf4j\slf4j-log4j12\1.7.30\slf4j-log4j12-1.7.30.jar;D:\mysoft\maven\repository\org\eclipse\jetty\jetty-server\9.4.38.v20210224\jetty-server-9.4.38.v20210224.jar;D:\mysoft\maven\repository\javax\servlet\javax.servlet-api\3.1.0\javax.servlet-api-3.1.0.jar;D:\mysoft\maven\repository\org\eclipse\jetty\jetty-http\9.4.38.v20210224\jetty-http-9.4.38.v20210224.jar;D:\mysoft\maven\repository\org\eclipse\jetty\jetty-util\9.4.38.v20210224\jetty-util-9.4.38.v20210224.jar;D:\mysoft\maven\repository\org\eclipse\jetty\jetty-io\9.4.38.v20210224\jetty-io-9.4.38.v20210224.jar;D:\mysoft\maven\repository\org\eclipse\jetty\jetty-servlet\9.4.38.v20210224\jetty-servlet-9.4.38.v20210224.jar;D:\mysoft\maven\repository\org\eclipse\jetty\jetty-security\9.4.38.v20210224\jetty-security-9.4.38.v20210224.jar;D:\mysoft\maven\repository\org\eclipse\jetty\jetty-util-ajax\9.4.38.v20210224\jetty-util-ajax-9.4.38.v20210224.jar;D:\mysoft\maven\repository\org\eclipse\jetty\jetty-client\9.4.38.v20210224\jetty-client-9.4.38.v20210224.jar;D:\mysoft\maven\repository\com\fasterxml\jackson\core\jackson-databind\2.10.5.1\jackson-databind-2.10.5.1.jar;D:\mysoft\maven\repository\com\fasterxml\jackson\core\jackson-annotations\2.10.5\jackson-annotations-2.10.5.jar;D:\mysoft\maven\repository\com\fasterxml\jackson\core\jackson-core\2.10.5\jackson-core-2.10.5.jar;D:\mysoft\maven\repository\org\bouncycastle\bcprov-jdk15on\1.60\bcprov-jdk15on-1.60.jar;D:\mysoft\maven\repository\org\bouncycastle\bcpkix-jdk15on\1.60\bcpkix-jdk15on-1.60.jar;D:\mysoft\maven\repository\jline\jline\2.14.6\jline-2.14.6.jar;D:\mysoft\maven\repository\io\dropwizard\metrics\metrics-core\4.1.12.1\metrics-core-4.1.12.1.jar;D:\mysoft\maven\repository\log4j\log4j\1.2.17\log4j-1.2.17.jar;D:\mysoft\maven\repository\org\apache\kerby\kerb-core\2.0.0\kerb-core-2.0.0.jar;D:\mysoft\maven\repository\org\apache\kerby\kerby-pkix\2.0.0\kerby-pkix-2.0.0.jar;D:\mysoft\maven\repository\org\apache\kerby\kerby-asn1\2.0.0\kerby-asn1-2.0.0.jar;D:\mysoft\maven\repository\org\apache\kerby\kerby-util\2.0.0\kerby-util-2.0.0.jar;D:\mysoft\maven\repository\org\apache\kerby\kerb-simplekdc\2.0.0\kerb-simplekdc-2.0.0.jar;D:\mysoft\maven\repository\org\apache\kerby\kerb-client\2.0.0\kerb-client-2.0.0.jar;D:\mysoft\maven\repository\org\apache\kerby\kerb-common\2.0.0\kerb-common-2.0.0.jar;D:\mysoft\maven\repository\org\apache\kerby\kerb-crypto\2.0.0\kerb-crypto-2.0.0.jar;D:\mysoft\maven\repository\commons-io\commons-io\2.6\commons-io-2.6.jar;D:\mysoft\maven\repository\org\apache\kerby\kerb-util\2.0.0\kerb-util-2.0.0.jar;D:\mysoft\maven\repository\org\apache\kerby\token-provider\2.0.0\token-provider-2.0.0.jar;D:\mysoft\maven\repository\com\nimbusds\nimbus-jose-jwt\4.41.2\nimbus-jose-jwt-4.41.2.jar;D:\mysoft\maven\repository\com\github\stephenc\jcip\jcip-annotations\1.0-1\jcip-annotations-1.0-1.jar;D:\mysoft\maven\repository\net\minidev\json-smart\2.3\json-smart-2.3.jar;D:\mysoft\maven\repository\net\minidev\accessors-smart\1.2\accessors-smart-1.2.jar;D:\mysoft\maven\repository\org\ow2\asm\asm\5.0.4\asm-5.0.4.jar;D:\mysoft\maven\repository\org\apache\kerby\kerb-admin\2.0.0\kerb-admin-2.0.0.jar;D:\mysoft\maven\repository\org\apache\kerby\kerb-server\2.0.0\kerb-server-2.0.0.jar;D:\mysoft\maven\repository\org\apache\kerby\kerb-identity\2.0.0\kerb-identity-2.0.0.jar;D:\mysoft\maven\repository\org\apache\kerby\kerby-xdr\2.0.0\kerby-xdr-2.0.0.jar;D:\mysoft\maven\repository\org\apache\kerby\kerby-config\2.0.0\kerby-config-2.0.0.jar;D:\mysoft\maven\repository\org\mockito\mockito-core\3.6.28\mockito-core-3.6.28.jar;D:\mysoft\maven\repository\net\bytebuddy\byte-buddy\1.10.18\byte-buddy-1.10.18.jar;D:\mysoft\maven\repository\net\bytebuddy\byte-buddy-agent\1.10.18\byte-buddy-agent-1.10.18.jar;D:\mysoft\maven\repository\org\objenesis\objenesis\3.1\objenesis-3.1.jar;D:\mysoft\maven\repository\org\jmockit\jmockit\1.48\jmockit-1.48.jar;D:\mysoft\maven\repository\org\junit\jupiter\junit-jupiter-api\5.6.2\junit-jupiter-api-5.6.2.jar;D:\mysoft\maven\repository\org\apiguardian\apiguardian-api\1.1.0\apiguardian-api-1.1.0.jar;D:\mysoft\maven\repository\org\opentest4j\opentest4j\1.2.0\opentest4j-1.2.0.jar;D:\mysoft\maven\repository\org\junit\platform\junit-platform-commons\1.6.2\junit-platform-commons-1.6.2.jar;D:\mysoft\maven\repository\org\junit\jupiter\junit-jupiter-engine\5.6.2\junit-jupiter-engine-5.6.2.jar;D:\mysoft\maven\repository\org\junit\platform\junit-platform-engine\1.6.2\junit-platform-engine-1.6.2.jar;D:\mysoft\maven\repository\org\junit\jupiter\junit-jupiter-params\5.6.2\junit-jupiter-params-5.6.2.jar;D:\mysoft\maven\repository\org\junit\platform\junit-platform-runner\1.6.2\junit-platform-runner-1.6.2.jar;D:\mysoft\maven\repository\junit\junit\4.13\junit-4.13.jar;D:\mysoft\maven\repository\org\junit\platform\junit-platform-launcher\1.6.2\junit-platform-launcher-1.6.2.jar;D:\mysoft\maven\repository\org\junit\platform\junit-platform-suite-api\1.6.2\junit-platform-suite-api-1.6.2.jar;D:\mysoft\maven\repository\org\xerial\snappy\snappy-java\1.1.7.7\snappy-java-1.1.7.7.jar;"/>
    <property name="java.vm.vendor" value="Oracle Corporation"/>
    <property name="sun.arch.data.model" value="64"/>
    <property name="user.variant" value=""/>
    <property name="java.vendor.url" value="http://java.oracle.com/"/>
    <property name="user.timezone" value="Asia/Shanghai"/>
    <property name="java.vm.specification.version" value="1.8"/>
    <property name="os.name" value="Windows 8.1"/>
    <property name="user.country" value="CN"/>
    <property name="sun.java.launcher" value="SUN_STANDARD"/>
    <property name="sun.boot.library.path" value="C:\Program Files\Java\jdk1.8.0_31\jre\bin"/>
    <property name="sun.java.command" value="C:\Users\faisco\AppData\Local\Temp\surefire7017171567299321585\surefirebooter4128235773206489053.jar C:\Users\faisco\AppData\Local\Temp\surefire7017171567299321585 2021-11-08T11-05-05_200-jvmRun6 surefire5992162745602781627tmp surefire_1141550938503527954867tmp"/>
    <property name="surefire.test.class.path" value="D:\mysoft\faiscoGit\myStudy\ZooKeeperLearning\apache-zookeeper-3.7.0\zookeeper-server\target\test-classes;D:\mysoft\faiscoGit\myStudy\ZooKeeperLearning\apache-zookeeper-3.7.0\zookeeper-server\target\classes;D:\mysoft\maven\repository\com\github\spotbugs\spotbugs-annotations\4.0.2\spotbugs-annotations-4.0.2.jar;D:\mysoft\maven\repository\com\google\code\findbugs\jsr305\3.0.2\jsr305-3.0.2.jar;D:\mysoft\maven\repository\org\hamcrest\hamcrest-library\2.2\hamcrest-library-2.2.jar;D:\mysoft\maven\repository\org\hamcrest\hamcrest-core\2.2\hamcrest-core-2.2.jar;D:\mysoft\maven\repository\org\hamcrest\hamcrest\2.2\hamcrest-2.2.jar;D:\mysoft\maven\repository\org\apache\commons\commons-collections4\4.4\commons-collections4-4.4.jar;D:\mysoft\maven\repository\org\apache\zookeeper\zookeeper-jute\3.7.0\zookeeper-jute-3.7.0.jar;D:\mysoft\maven\repository\commons-cli\commons-cli\1.4\commons-cli-1.4.jar;D:\mysoft\maven\repository\org\apache\yetus\audience-annotations\0.12.0\audience-annotations-0.12.0.jar;D:\mysoft\maven\repository\io\netty\netty-handler\4.1.59.Final\netty-handler-4.1.59.Final.jar;D:\mysoft\maven\repository\io\netty\netty-common\4.1.59.Final\netty-common-4.1.59.Final.jar;D:\mysoft\maven\repository\io\netty\netty-resolver\4.1.59.Final\netty-resolver-4.1.59.Final.jar;D:\mysoft\maven\repository\io\netty\netty-buffer\4.1.59.Final\netty-buffer-4.1.59.Final.jar;D:\mysoft\maven\repository\io\netty\netty-transport\4.1.59.Final\netty-transport-4.1.59.Final.jar;D:\mysoft\maven\repository\io\netty\netty-codec\4.1.59.Final\netty-codec-4.1.59.Final.jar;D:\mysoft\maven\repository\io\netty\netty-transport-native-epoll\4.1.59.Final\netty-transport-native-epoll-4.1.59.Final.jar;D:\mysoft\maven\repository\io\netty\netty-transport-native-unix-common\4.1.59.Final\netty-transport-native-unix-common-4.1.59.Final.jar;D:\mysoft\maven\repository\org\slf4j\slf4j-api\1.7.30\slf4j-api-1.7.30.jar;D:\mysoft\maven\repository\org\slf4j\slf4j-log4j12\1.7.30\slf4j-log4j12-1.7.30.jar;D:\mysoft\maven\repository\org\eclipse\jetty\jetty-server\9.4.38.v20210224\jetty-server-9.4.38.v20210224.jar;D:\mysoft\maven\repository\javax\servlet\javax.servlet-api\3.1.0\javax.servlet-api-3.1.0.jar;D:\mysoft\maven\repository\org\eclipse\jetty\jetty-http\9.4.38.v20210224\jetty-http-9.4.38.v20210224.jar;D:\mysoft\maven\repository\org\eclipse\jetty\jetty-util\9.4.38.v20210224\jetty-util-9.4.38.v20210224.jar;D:\mysoft\maven\repository\org\eclipse\jetty\jetty-io\9.4.38.v20210224\jetty-io-9.4.38.v20210224.jar;D:\mysoft\maven\repository\org\eclipse\jetty\jetty-servlet\9.4.38.v20210224\jetty-servlet-9.4.38.v20210224.jar;D:\mysoft\maven\repository\org\eclipse\jetty\jetty-security\9.4.38.v20210224\jetty-security-9.4.38.v20210224.jar;D:\mysoft\maven\repository\org\eclipse\jetty\jetty-util-ajax\9.4.38.v20210224\jetty-util-ajax-9.4.38.v20210224.jar;D:\mysoft\maven\repository\org\eclipse\jetty\jetty-client\9.4.38.v20210224\jetty-client-9.4.38.v20210224.jar;D:\mysoft\maven\repository\com\fasterxml\jackson\core\jackson-databind\2.10.5.1\jackson-databind-2.10.5.1.jar;D:\mysoft\maven\repository\com\fasterxml\jackson\core\jackson-annotations\2.10.5\jackson-annotations-2.10.5.jar;D:\mysoft\maven\repository\com\fasterxml\jackson\core\jackson-core\2.10.5\jackson-core-2.10.5.jar;D:\mysoft\maven\repository\org\bouncycastle\bcprov-jdk15on\1.60\bcprov-jdk15on-1.60.jar;D:\mysoft\maven\repository\org\bouncycastle\bcpkix-jdk15on\1.60\bcpkix-jdk15on-1.60.jar;D:\mysoft\maven\repository\jline\jline\2.14.6\jline-2.14.6.jar;D:\mysoft\maven\repository\io\dropwizard\metrics\metrics-core\4.1.12.1\metrics-core-4.1.12.1.jar;D:\mysoft\maven\repository\log4j\log4j\1.2.17\log4j-1.2.17.jar;D:\mysoft\maven\repository\org\apache\kerby\kerb-core\2.0.0\kerb-core-2.0.0.jar;D:\mysoft\maven\repository\org\apache\kerby\kerby-pkix\2.0.0\kerby-pkix-2.0.0.jar;D:\mysoft\maven\repository\org\apache\kerby\kerby-asn1\2.0.0\kerby-asn1-2.0.0.jar;D:\mysoft\maven\repository\org\apache\kerby\kerby-util\2.0.0\kerby-util-2.0.0.jar;D:\mysoft\maven\repository\org\apache\kerby\kerb-simplekdc\2.0.0\kerb-simplekdc-2.0.0.jar;D:\mysoft\maven\repository\org\apache\kerby\kerb-client\2.0.0\kerb-client-2.0.0.jar;D:\mysoft\maven\repository\org\apache\kerby\kerb-common\2.0.0\kerb-common-2.0.0.jar;D:\mysoft\maven\repository\org\apache\kerby\kerb-crypto\2.0.0\kerb-crypto-2.0.0.jar;D:\mysoft\maven\repository\commons-io\commons-io\2.6\commons-io-2.6.jar;D:\mysoft\maven\repository\org\apache\kerby\kerb-util\2.0.0\kerb-util-2.0.0.jar;D:\mysoft\maven\repository\org\apache\kerby\token-provider\2.0.0\token-provider-2.0.0.jar;D:\mysoft\maven\repository\com\nimbusds\nimbus-jose-jwt\4.41.2\nimbus-jose-jwt-4.41.2.jar;D:\mysoft\maven\repository\com\github\stephenc\jcip\jcip-annotations\1.0-1\jcip-annotations-1.0-1.jar;D:\mysoft\maven\repository\net\minidev\json-smart\2.3\json-smart-2.3.jar;D:\mysoft\maven\repository\net\minidev\accessors-smart\1.2\accessors-smart-1.2.jar;D:\mysoft\maven\repository\org\ow2\asm\asm\5.0.4\asm-5.0.4.jar;D:\mysoft\maven\repository\org\apache\kerby\kerb-admin\2.0.0\kerb-admin-2.0.0.jar;D:\mysoft\maven\repository\org\apache\kerby\kerb-server\2.0.0\kerb-server-2.0.0.jar;D:\mysoft\maven\repository\org\apache\kerby\kerb-identity\2.0.0\kerb-identity-2.0.0.jar;D:\mysoft\maven\repository\org\apache\kerby\kerby-xdr\2.0.0\kerby-xdr-2.0.0.jar;D:\mysoft\maven\repository\org\apache\kerby\kerby-config\2.0.0\kerby-config-2.0.0.jar;D:\mysoft\maven\repository\org\mockito\mockito-core\3.6.28\mockito-core-3.6.28.jar;D:\mysoft\maven\repository\net\bytebuddy\byte-buddy\1.10.18\byte-buddy-1.10.18.jar;D:\mysoft\maven\repository\net\bytebuddy\byte-buddy-agent\1.10.18\byte-buddy-agent-1.10.18.jar;D:\mysoft\maven\repository\org\objenesis\objenesis\3.1\objenesis-3.1.jar;D:\mysoft\maven\repository\org\jmockit\jmockit\1.48\jmockit-1.48.jar;D:\mysoft\maven\repository\org\junit\jupiter\junit-jupiter-api\5.6.2\junit-jupiter-api-5.6.2.jar;D:\mysoft\maven\repository\org\apiguardian\apiguardian-api\1.1.0\apiguardian-api-1.1.0.jar;D:\mysoft\maven\repository\org\opentest4j\opentest4j\1.2.0\opentest4j-1.2.0.jar;D:\mysoft\maven\repository\org\junit\platform\junit-platform-commons\1.6.2\junit-platform-commons-1.6.2.jar;D:\mysoft\maven\repository\org\junit\jupiter\junit-jupiter-engine\5.6.2\junit-jupiter-engine-5.6.2.jar;D:\mysoft\maven\repository\org\junit\platform\junit-platform-engine\1.6.2\junit-platform-engine-1.6.2.jar;D:\mysoft\maven\repository\org\junit\jupiter\junit-jupiter-params\5.6.2\junit-jupiter-params-5.6.2.jar;D:\mysoft\maven\repository\org\junit\platform\junit-platform-runner\1.6.2\junit-platform-runner-1.6.2.jar;D:\mysoft\maven\repository\junit\junit\4.13\junit-4.13.jar;D:\mysoft\maven\repository\org\junit\platform\junit-platform-launcher\1.6.2\junit-platform-launcher-1.6.2.jar;D:\mysoft\maven\repository\org\junit\platform\junit-platform-suite-api\1.6.2\junit-platform-suite-api-1.6.2.jar;D:\mysoft\maven\repository\org\xerial\snappy\snappy-java\1.1.7.7\snappy-java-1.1.7.7.jar;"/>
    <property name="sun.cpu.endian" value="little"/>
    <property name="user.home" value="C:\Users\faisco"/>
    <property name="user.language" value="zh"/>
    <property name="java.specification.vendor" value="Oracle Corporation"/>
    <property name="java.home" value="C:\Program Files\Java\jdk1.8.0_31\jre"/>
    <property name="zookeeper.DigestAuthenticationProvider.superDigest" value="super:D/InIHSb7yEEbrWz8b9l71RjZJU="/>
    <property name="basedir" value="D:\mysoft\faiscoGit\myStudy\ZooKeeperLearning\apache-zookeeper-3.7.0\zookeeper-server"/>
    <property name="file.separator" value="\"/>
    <property name="line.separator" value="&#10;"/>
    <property name="java.vm.specification.vendor" value="Oracle Corporation"/>
    <property name="java.specification.name" value="Java Platform API Specification"/>
    <property name="java.awt.graphicsenv" value="sun.awt.Win32GraphicsEnvironment"/>
    <property name="test.junit.threads" value="8"/>
    <property name="surefire.real.class.path" value="C:\Users\faisco\AppData\Local\Temp\surefire7017171567299321585\surefirebooter4128235773206489053.jar;D:\mysoft\maven\repository\org\jmockit\jmockit\1.48\jmockit-1.48.jar"/>
    <property name="zookeeper.junit.threadid" value="6"/>
    <property name="sun.boot.class.path" value="C:\Program Files\Java\jdk1.8.0_31\jre\lib\resources.jar;C:\Program Files\Java\jdk1.8.0_31\jre\lib\rt.jar;C:\Program Files\Java\jdk1.8.0_31\jre\lib\sunrsasign.jar;C:\Program Files\Java\jdk1.8.0_31\jre\lib\jsse.jar;C:\Program Files\Java\jdk1.8.0_31\jre\lib\jce.jar;C:\Program Files\Java\jdk1.8.0_31\jre\lib\charsets.jar;C:\Program Files\Java\jdk1.8.0_31\jre\lib\jfr.jar;C:\Program Files\Java\jdk1.8.0_31\jre\classes"/>
    <property name="user.script" value=""/>
    <property name="sun.management.compiler" value="HotSpot 64-Bit Tiered Compilers"/>
    <property name="java.runtime.version" value="1.8.0_31-b13"/>
    <property name="user.name" value="faisco"/>
    <property name="path.separator" value=";"/>
    <property name="os.version" value="6.3"/>
    <property name="java.endorsed.dirs" value="C:\Program Files\Java\jdk1.8.0_31\jre\lib\endorsed"/>
    <property name="java.runtime.name" value="Java(TM) SE Runtime Environment"/>
    <property name="file.encoding" value="GBK"/>
    <property name="java.vm.name" value="Java HotSpot(TM) 64-Bit Server VM"/>
    <property name="idea.version2020.1" value="true"/>
    <property name="localRepository" value="D:\mysoft\maven\repository"/>
    <property name="java.vendor.url.bug" value="http://bugreport.sun.com/bugreport/"/>
    <property name="java.io.tmpdir" value="C:\Users\faisco\AppData\Local\Temp\"/>
    <property name="java.version" value="1.8.0_31"/>
    <property name="user.dir" value="D:\mysoft\faiscoGit\myStudy\ZooKeeperLearning\apache-zookeeper-3.7.0\zookeeper-server"/>
    <property name="os.arch" value="amd64"/>
    <property name="java.vm.specification.name" value="Java Virtual Machine Specification"/>
    <property name="java.awt.printerjob" value="sun.awt.windows.WPrinterJob"/>
    <property name="sun.os.patch.level" value=""/>
    <property name="java.library.path" value="C:\Program Files\Java\jdk1.8.0_31\jre\bin;C:\WINDOWS\Sun\Java\bin;C:\WINDOWS\system32;C:\WINDOWS;C:\Program Files\Java\jdk1.8.0_31\jre\bin;C:\Python39\Scripts\;C:\Python39\;C:\Python27\;C:\Python27\Scripts;C:\Program Files (x86)\Intel\Intel(R) Management Engine Components\iCLS\;C:\Program Files\Intel\Intel(R) Management Engine Components\iCLS\;C:\WINDOWS\system32;C:\WINDOWS;C:\WINDOWS\System32\Wbem;C:\WINDOWS\System32\WindowsPowerShell\v1.0\;C:\WINDOWS\System32\OpenSSH\;C:\Program Files (x86)\Intel\Intel(R) Management Engine Components\DAL;C:\Program Files\Intel\Intel(R) Management Engine Components\DAL;C:\Program Files\TortoiseSVN\bin;C:\Program Files\Java\jdk1.8.0_31\bin;D:\soft\Git\cmd;D:\mysoft\maven\apache-maven-3.6.1\bin;C:\ProgramData\chocolatey\bin;C:\Program Files\nodejs\;D:\mysoft\gradle-7.0\bin;C:\ProgramData\Oracle\Java\javapath;C:\Program Files\OpenVPN\bin;C:\Users\faisco\AppData\Local\Microsoft\WindowsApps;;D:\soft\Microsoft VS Code\bin;D:\soft\PyCharm Community Edition 2019.1.3\bin;;D:\soft\PyCharm 2019.2.3\bin;;C:\Users\faisco\AppData\Local\Microsoft\WindowsApps;C:\Program Files\JetBrains\IntelliJ IDEA 2020.1\bin;;C:\Program Files\JetBrains\IntelliJ IDEA Community Edition 2020.1.3\bin;;C:\Users\faisco\AppData\Roaming\npm;."/>
    <property name="junit.jupiter.extensions.autodetection.enabled" value="true"/>
    <property name="java.vm.info" value="mixed mode"/>
    <property name="java.vendor" value="Oracle Corporation"/>
    <property name="java.vm.version" value="25.31-b07"/>
    <property name="java.ext.dirs" value="C:\Program Files\Java\jdk1.8.0_31\jre\lib\ext;C:\WINDOWS\Sun\Java\lib\ext"/>
    <property name="sun.io.unicode.encoding" value="UnicodeLittle"/>
    <property name="java.class.version" value="52.0"/>
  </properties>
  <testcase name="testSetAndGetChildren{ServerState}[1]" classname="org.apache.zookeeper.server.quorum.QuorumRequestPipelineTest" time="9.666">
    <error message="org/apache/zookeeper/ZooDefs$Ids" type="java.lang.NoClassDefFoundError"><![CDATA[java.lang.NoClassDefFoundError: org/apache/zookeeper/ZooDefs$Ids
	at org.apache.zookeeper.server.DataTree.addConfigNode(DataTree.java:327)
	at org.apache.zookeeper.server.DataTree.<init>(DataTree.java:300)
	at org.apache.zookeeper.server.DataTree.<init>(DataTree.java:282)
	at org.apache.zookeeper.server.ZKDatabase.createDataTree(ZKDatabase.java:727)
	at org.apache.zookeeper.server.ZKDatabase.<init>(ZKDatabase.java:110)
	at org.apache.zookeeper.server.quorum.QuorumPeer.<init>(QuorumPeer.java:1098)
	at org.apache.zookeeper.server.quorum.QuorumPeer.<init>(QuorumPeer.java:1242)
	at org.apache.zookeeper.test.QuorumBase.startServers(QuorumBase.java:156)
	at org.apache.zookeeper.test.QuorumBase.setUp(QuorumBase.java:124)
	at org.apache.zookeeper.server.quorum.QuorumRequestPipelineTest.setUp(QuorumRequestPipelineTest.java:72)
	at org.apache.zookeeper.server.quorum.QuorumRequestPipelineTest.testSetAndGetChildren(QuorumRequestPipelineTest.java:145)
	Suppressed: java.lang.NullPointerException
		at org.apache.zookeeper.server.quorum.QuorumRequestPipelineTest.tearDown(QuorumRequestPipelineTest.java:80)
		at sun.reflect.NativeMethodAccessorImpl.invoke0(Native Method)
		at sun.reflect.NativeMethodAccessorImpl.invoke(NativeMethodAccessorImpl.java:62)
		at sun.reflect.DelegatingMethodAccessorImpl.invoke(DelegatingMethodAccessorImpl.java:43)
		at java.lang.reflect.Method.invoke(Method.java:483)
		at org.junit.platform.commons.util.ReflectionUtils.invokeMethod(ReflectionUtils.java:686)
		at org.junit.jupiter.engine.execution.MethodInvocation.proceed(MethodInvocation.java:60)
		at org.junit.jupiter.engine.execution.InvocationInterceptorChain$ValidatingInvocation.proceed(InvocationInterceptorChain.java:131)
		at org.junit.jupiter.engine.extension.TimeoutExtension.intercept(TimeoutExtension.java:149)
		at org.junit.jupiter.engine.extension.TimeoutExtension.interceptLifecycleMethod(TimeoutExtension.java:126)
		at org.junit.jupiter.engine.extension.TimeoutExtension.interceptAfterEachMethod(TimeoutExtension.java:108)
		at org.junit.jupiter.engine.descriptor.ClassBasedTestDescriptor$$Lambda$363/2003891312.apply(Unknown Source)
		at org.junit.jupiter.engine.execution.ExecutableInvoker$ReflectiveInterceptorCall.lambda$ofVoidMethod$0(ExecutableInvoker.java:115)
		at org.junit.jupiter.engine.execution.ExecutableInvoker$ReflectiveInterceptorCall$$Lambda$230/315860201.apply(Unknown Source)
		at org.junit.jupiter.engine.execution.ExecutableInvoker.lambda$invoke$0(ExecutableInvoker.java:105)
		at org.junit.jupiter.engine.execution.ExecutableInvoker$$Lambda$231/720167805.apply(Unknown Source)
		at org.junit.jupiter.engine.execution.InvocationInterceptorChain$InterceptedInvocation.proceed(InvocationInterceptorChain.java:106)
		at org.junit.jupiter.engine.execution.InvocationInterceptorChain.proceed(InvocationInterceptorChain.java:64)
		at org.junit.jupiter.engine.execution.InvocationInterceptorChain.chainAndInvoke(InvocationInterceptorChain.java:45)
		at org.junit.jupiter.engine.execution.InvocationInterceptorChain.invoke(InvocationInterceptorChain.java:37)
		at org.junit.jupiter.engine.execution.ExecutableInvoker.invoke(ExecutableInvoker.java:104)
		at org.junit.jupiter.engine.execution.ExecutableInvoker.invoke(ExecutableInvoker.java:98)
		at org.junit.jupiter.engine.descriptor.ClassBasedTestDescriptor.invokeMethodInExtensionContext(ClassBasedTestDescriptor.java:481)
		at org.junit.jupiter.engine.descriptor.ClassBasedTestDescriptor.lambda$synthesizeAfterEachMethodAdapter$19(ClassBasedTestDescriptor.java:471)
		at org.junit.jupiter.engine.descriptor.ClassBasedTestDescriptor$$Lambda$206/1371006431.invokeAfterEachMethod(Unknown Source)
		at org.junit.jupiter.engine.descriptor.TestMethodTestDescriptor.lambda$invokeAfterEachMethods$9(TestMethodTestDescriptor.java:238)
		at org.junit.jupiter.engine.descriptor.TestMethodTestDescriptor$$Lambda$362/221634215.invoke(Unknown Source)
		at org.junit.jupiter.engine.descriptor.TestMethodTestDescriptor.lambda$invokeAllAfterMethodsOrCallbacks$12(TestMethodTestDescriptor.java:271)
		at org.junit.jupiter.engine.descriptor.TestMethodTestDescriptor$$Lambda$361/664792509.execute(Unknown Source)
		at org.junit.platform.engine.support.hierarchical.ThrowableCollector.execute(ThrowableCollector.java:73)
		at org.junit.jupiter.engine.descriptor.TestMethodTestDescriptor.lambda$invokeAllAfterMethodsOrCallbacks$13(TestMethodTestDescriptor.java:271)
		at org.junit.jupiter.engine.descriptor.TestMethodTestDescriptor$$Lambda$360/1965237677.accept(Unknown Source)
		at java.util.ArrayList.forEach(ArrayList.java:1249)
		at org.junit.jupiter.engine.descriptor.TestMethodTestDescriptor.invokeAllAfterMethodsOrCallbacks(TestMethodTestDescriptor.java:270)
		at org.junit.jupiter.engine.descriptor.TestMethodTestDescriptor.invokeAfterEachMethods(TestMethodTestDescriptor.java:236)
		at org.junit.jupiter.engine.descriptor.TestMethodTestDescriptor.execute(TestMethodTestDescriptor.java:141)
		at org.junit.jupiter.engine.descriptor.TestMethodTestDescriptor.execute(TestMethodTestDescriptor.java:71)
		at org.junit.platform.engine.support.hierarchical.NodeTestTask.lambda$executeRecursively$5(NodeTestTask.java:135)
		at org.junit.platform.engine.support.hierarchical.NodeTestTask$$Lambda$176/1239548589.execute(Unknown Source)
		at org.junit.platform.engine.support.hierarchical.ThrowableCollector.execute(ThrowableCollector.java:73)
		at org.junit.platform.engine.support.hierarchical.NodeTestTask.lambda$executeRecursively$7(NodeTestTask.java:125)
		at org.junit.platform.engine.support.hierarchical.NodeTestTask$$Lambda$175/1634132079.invoke(Unknown Source)
		at org.junit.platform.engine.support.hierarchical.Node.around(Node.java:135)
		at org.junit.platform.engine.support.hierarchical.NodeTestTask.lambda$executeRecursively$8(NodeTestTask.java:123)
		at org.junit.platform.engine.support.hierarchical.NodeTestTask$$Lambda$174/112619572.execute(Unknown Source)
		at org.junit.platform.engine.support.hierarchical.ThrowableCollector.execute(ThrowableCollector.java:73)
		at org.junit.platform.engine.support.hierarchical.NodeTestTask.executeRecursively(NodeTestTask.java:122)
		at org.junit.platform.engine.support.hierarchical.NodeTestTask.execute(NodeTestTask.java:80)
		at org.junit.platform.engine.support.hierarchical.SameThreadHierarchicalTestExecutorService.submit(SameThreadHierarchicalTestExecutorService.java:32)
		at org.junit.platform.engine.support.hierarchical.NodeTestTask$DefaultDynamicTestExecutor.execute(NodeTestTask.java:198)
		at org.junit.jupiter.engine.descriptor.TestTemplateTestDescriptor.execute(TestTemplateTestDescriptor.java:138)
		at org.junit.jupiter.engine.descriptor.TestTemplateTestDescriptor.lambda$execute$2(TestTemplateTestDescriptor.java:106)
		at org.junit.jupiter.engine.descriptor.TestTemplateTestDescriptor$$Lambda$252/1846406218.accept(Unknown Source)
		at java.util.stream.ForEachOps$ForEachOp$OfRef.accept(ForEachOps.java:183)
		at java.util.stream.ReferencePipeline$3$1.accept(ReferencePipeline.java:193)
		at java.util.stream.ReferencePipeline$2$1.accept(ReferencePipeline.java:175)
		at java.util.stream.ReferencePipeline$3$1.accept(ReferencePipeline.java:193)
		at java.util.stream.ForEachOps$ForEachOp$OfRef.accept(ForEachOps.java:183)
		at java.util.stream.ReferencePipeline$11$1.accept(ReferencePipeline.java:373)
		at java.util.stream.ReferencePipeline$3$1.accept(ReferencePipeline.java:193)
		at java.util.stream.ReferencePipeline$3$1.accept(ReferencePipeline.java:193)
		at java.util.stream.ReferencePipeline$3$1.accept(ReferencePipeline.java:193)
		at java.util.stream.ForEachOps$ForEachOp$OfRef.accept(ForEachOps.java:183)
		at java.util.stream.ReferencePipeline$3$1.accept(ReferencePipeline.java:193)
		at java.util.Spliterators$ArraySpliterator.forEachRemaining(Spliterators.java:948)
		at java.util.stream.ReferencePipeline$Head.forEach(ReferencePipeline.java:580)
		at java.util.stream.ReferencePipeline$7$1.accept(ReferencePipeline.java:270)
		at java.util.stream.ReferencePipeline$3$1.accept(ReferencePipeline.java:193)
		at java.util.stream.ReferencePipeline$3$1.accept(ReferencePipeline.java:193)
		at java.util.Spliterators$ArraySpliterator.forEachRemaining(Spliterators.java:948)
		at java.util.stream.AbstractPipeline.copyInto(AbstractPipeline.java:512)
		at java.util.stream.AbstractPipeline.wrapAndCopyInto(AbstractPipeline.java:502)
		at java.util.stream.ForEachOps$ForEachOp.evaluateSequential(ForEachOps.java:150)
		at java.util.stream.ForEachOps$ForEachOp$OfRef.evaluateSequential(ForEachOps.java:173)
		at java.util.stream.AbstractPipeline.evaluate(AbstractPipeline.java:234)
		at java.util.stream.ReferencePipeline.forEach(ReferencePipeline.java:418)
		at java.util.stream.ReferencePipeline$7$1.accept(ReferencePipeline.java:270)
		at java.util.stream.ReferencePipeline$3$1.accept(ReferencePipeline.java:193)
		at java.util.stream.ReferencePipeline$3$1.accept(ReferencePipeline.java:193)
		at java.util.stream.ReferencePipeline$3$1.accept(ReferencePipeline.java:193)
		at java.util.ArrayList$ArrayListSpliterator.forEachRemaining(ArrayList.java:1374)
		at java.util.stream.AbstractPipeline.copyInto(AbstractPipeline.java:512)
		at java.util.stream.AbstractPipeline.wrapAndCopyInto(AbstractPipeline.java:502)
		at java.util.stream.ForEachOps$ForEachOp.evaluateSequential(ForEachOps.java:150)
		at java.util.stream.ForEachOps$ForEachOp$OfRef.evaluateSequential(ForEachOps.java:173)
		at java.util.stream.AbstractPipeline.evaluate(AbstractPipeline.java:234)
		at java.util.stream.ReferencePipeline.forEach(ReferencePipeline.java:418)
		at java.util.stream.ReferencePipeline$7$1.accept(ReferencePipeline.java:270)
		at java.util.ArrayList$ArrayListSpliterator.forEachRemaining(ArrayList.java:1374)
		at java.util.stream.AbstractPipeline.copyInto(AbstractPipeline.java:512)
		at java.util.stream.AbstractPipeline.wrapAndCopyInto(AbstractPipeline.java:502)
		at java.util.stream.ForEachOps$ForEachOp.evaluateSequential(ForEachOps.java:150)
		at java.util.stream.ForEachOps$ForEachOp$OfRef.evaluateSequential(ForEachOps.java:173)
		at java.util.stream.AbstractPipeline.evaluate(AbstractPipeline.java:234)
		at java.util.stream.ReferencePipeline.forEach(ReferencePipeline.java:418)
		at org.junit.jupiter.engine.descriptor.TestTemplateTestDescriptor.execute(TestTemplateTestDescriptor.java:106)
		at org.junit.jupiter.engine.descriptor.TestTemplateTestDescriptor.execute(TestTemplateTestDescriptor.java:41)
		at org.junit.platform.engine.support.hierarchical.NodeTestTask.lambda$executeRecursively$5(NodeTestTask.java:135)
		at org.junit.platform.engine.support.hierarchical.NodeTestTask$$Lambda$176/1239548589.execute(Unknown Source)
		at org.junit.platform.engine.support.hierarchical.ThrowableCollector.execute(ThrowableCollector.java:73)
		at org.junit.platform.engine.support.hierarchical.NodeTestTask.lambda$executeRecursively$7(NodeTestTask.java:125)
		at org.junit.platform.engine.support.hierarchical.NodeTestTask$$Lambda$175/1634132079.invoke(Unknown Source)
		at org.junit.platform.engine.support.hierarchical.Node.around(Node.java:135)
		at org.junit.platform.engine.support.hierarchical.NodeTestTask.lambda$executeRecursively$8(NodeTestTask.java:123)
		at org.junit.platform.engine.support.hierarchical.NodeTestTask$$Lambda$174/112619572.execute(Unknown Source)
		at org.junit.platform.engine.support.hierarchical.ThrowableCollector.execute(ThrowableCollector.java:73)
		at org.junit.platform.engine.support.hierarchical.NodeTestTask.executeRecursively(NodeTestTask.java:122)
		at org.junit.platform.engine.support.hierarchical.NodeTestTask.execute(NodeTestTask.java:80)
		at org.junit.platform.engine.support.hierarchical.SameThreadHierarchicalTestExecutorService$$Lambda$180/667346055.accept(Unknown Source)
		at java.util.ArrayList.forEach(ArrayList.java:1249)
		at org.junit.platform.engine.support.hierarchical.SameThreadHierarchicalTestExecutorService.invokeAll(SameThreadHierarchicalTestExecutorService.java:38)
		at org.junit.platform.engine.support.hierarchical.NodeTestTask.lambda$executeRecursively$5(NodeTestTask.java:139)
		at org.junit.platform.engine.support.hierarchical.NodeTestTask$$Lambda$176/1239548589.execute(Unknown Source)
		at org.junit.platform.engine.support.hierarchical.ThrowableCollector.execute(ThrowableCollector.java:73)
		at org.junit.platform.engine.support.hierarchical.NodeTestTask.lambda$executeRecursively$7(NodeTestTask.java:125)
		at org.junit.platform.engine.support.hierarchical.NodeTestTask$$Lambda$175/1634132079.invoke(Unknown Source)
		at org.junit.platform.engine.support.hierarchical.Node.around(Node.java:135)
		at org.junit.platform.engine.support.hierarchical.NodeTestTask.lambda$executeRecursively$8(NodeTestTask.java:123)
		at org.junit.platform.engine.support.hierarchical.NodeTestTask$$Lambda$174/112619572.execute(Unknown Source)
		at org.junit.platform.engine.support.hierarchical.ThrowableCollector.execute(ThrowableCollector.java:73)
		at org.junit.platform.engine.support.hierarchical.NodeTestTask.executeRecursively(NodeTestTask.java:122)
		at org.junit.platform.engine.support.hierarchical.NodeTestTask.execute(NodeTestTask.java:80)
		at org.junit.platform.engine.support.hierarchical.SameThreadHierarchicalTestExecutorService$$Lambda$180/667346055.accept(Unknown Source)
		at java.util.ArrayList.forEach(ArrayList.java:1249)
		at org.junit.platform.engine.support.hierarchical.SameThreadHierarchicalTestExecutorService.invokeAll(SameThreadHierarchicalTestExecutorService.java:38)
		at org.junit.platform.engine.support.hierarchical.NodeTestTask.lambda$executeRecursively$5(NodeTestTask.java:139)
		at org.junit.platform.engine.support.hierarchical.NodeTestTask$$Lambda$176/1239548589.execute(Unknown Source)
		at org.junit.platform.engine.support.hierarchical.ThrowableCollector.execute(ThrowableCollector.java:73)
		at org.junit.platform.engine.support.hierarchical.NodeTestTask.lambda$executeRecursively$7(NodeTestTask.java:125)
		at org.junit.platform.engine.support.hierarchical.NodeTestTask$$Lambda$175/1634132079.invoke(Unknown Source)
		at org.junit.platform.engine.support.hierarchical.Node.around(Node.java:135)
		at org.junit.platform.engine.support.hierarchical.NodeTestTask.lambda$executeRecursively$8(NodeTestTask.java:123)
		at org.junit.platform.engine.support.hierarchical.NodeTestTask$$Lambda$174/112619572.execute(Unknown Source)
		at org.junit.platform.engine.support.hierarchical.ThrowableCollector.execute(ThrowableCollector.java:73)
		at org.junit.platform.engine.support.hierarchical.NodeTestTask.executeRecursively(NodeTestTask.java:122)
		at org.junit.platform.engine.support.hierarchical.NodeTestTask.execute(NodeTestTask.java:80)
		at org.junit.platform.engine.support.hierarchical.SameThreadHierarchicalTestExecutorService.submit(SameThreadHierarchicalTestExecutorService.java:32)
		at org.junit.platform.engine.support.hierarchical.HierarchicalTestExecutor.execute(HierarchicalTestExecutor.java:57)
		at org.junit.platform.engine.support.hierarchical.HierarchicalTestEngine.execute(HierarchicalTestEngine.java:51)
		at org.junit.platform.launcher.core.DefaultLauncher.execute(DefaultLauncher.java:248)
		at org.junit.platform.launcher.core.DefaultLauncher.lambda$execute$5(DefaultLauncher.java:211)
		at org.junit.platform.launcher.core.DefaultLauncher$$Lambda$140/1414147750.accept(Unknown Source)
		at org.junit.platform.launcher.core.DefaultLauncher.withInterceptedStreams(DefaultLauncher.java:226)
		at org.junit.platform.launcher.core.DefaultLauncher.execute(DefaultLauncher.java:199)
		at org.junit.platform.launcher.core.DefaultLauncher.execute(DefaultLauncher.java:132)
		at org.apache.maven.surefire.junitplatform.JUnitPlatformProvider.invokeAllTests(JUnitPlatformProvider.java:142)
		at org.apache.maven.surefire.junitplatform.JUnitPlatformProvider.invoke(JUnitPlatformProvider.java:113)
		at org.apache.maven.surefire.booter.ForkedBooter.invokeProviderInSameClassLoader(ForkedBooter.java:384)
		at org.apache.maven.surefire.booter.ForkedBooter.runSuitesInProcess(ForkedBooter.java:345)
		at org.apache.maven.surefire.booter.ForkedBooter.execute(ForkedBooter.java:126)
		at org.apache.maven.surefire.booter.ForkedBooter.main(ForkedBooter.java:418)
Caused by: java.lang.ClassNotFoundException: org.apache.zookeeper.ZooDefs$Ids
	at java.net.URLClassLoader$1.run(URLClassLoader.java:372)
	at java.net.URLClassLoader$1.run(URLClassLoader.java:361)
	at java.security.AccessController.doPrivileged(Native Method)
	at java.net.URLClassLoader.findClass(URLClassLoader.java:360)
	at java.lang.ClassLoader.loadClass(ClassLoader.java:424)
	at java.lang.ClassLoader.loadClass(ClassLoader.java:357)
	... 11 more
]]></error>
    <system-out><![CDATA[2021-11-08 11:10:39,771 [myid:] - INFO  [main:PortAssignment@154] - Test process 6/8 using ports from 24686 - 27378.
2021-11-08 11:10:39,779 [myid:] - INFO  [main:PortAssignment@87] - Assigned port 24687 from range 24686 - 27378.
2021-11-08 11:10:39,800 [myid:] - INFO  [main:ZKTestCase@77] - STARTING Optional[public void org.apache.zookeeper.server.quorum.QuorumRequestPipelineTest.testSetAndGetChildren(org.apache.zookeeper.server.quorum.QuorumPeer$ServerState) throws java.lang.Exception]
2021-11-08 11:10:39,823 [myid:] - INFO  [main:QuorumBase@81] - QuorumBase.setup null
2021-11-08 11:10:40,320 [myid:] - INFO  [main:JMXEnv@58] - connecting to addr service:jmx:rmi://127.0.0.1/stub/rO0ABXNyAC5qYXZheC5tYW5hZ2VtZW50LnJlbW90ZS5ybWkuUk1JU2VydmVySW1wbF9TdHViAAAAAAAAAAICAAB4cgAaamF2YS5ybWkuc2VydmVyLlJlbW90ZVN0dWLp/tzJi+FlGgIAAHhyABxqYXZhLnJtaS5zZXJ2ZXIuUmVtb3RlT2JqZWN002G0kQxhMx4DAAB4cHc6AAtVbmljYXN0UmVmMgAADzE2OS4yNTQuMTU2LjIzMQAACXkNMLw7LeYwlWrMPREAAAF8/YbC74ABAHg=
2021-11-08 11:10:40,337 [myid:] - INFO  [main:PortAssignment@87] - Assigned port 24688 from range 24686 - 27378.
2021-11-08 11:10:40,338 [myid:] - INFO  [main:PortAssignment@87] - Assigned port 24689 from range 24686 - 27378.
2021-11-08 11:10:40,338 [myid:] - INFO  [main:PortAssignment@87] - Assigned port 24690 from range 24686 - 27378.
2021-11-08 11:10:40,338 [myid:] - INFO  [main:PortAssignment@87] - Assigned port 24691 from range 24686 - 27378.
2021-11-08 11:10:40,339 [myid:] - INFO  [main:PortAssignment@87] - Assigned port 24692 from range 24686 - 27378.
2021-11-08 11:10:40,339 [myid:] - INFO  [main:PortAssignment@87] - Assigned port 24693 from range 24686 - 27378.
2021-11-08 11:10:40,339 [myid:] - INFO  [main:PortAssignment@87] - Assigned port 24694 from range 24686 - 27378.
2021-11-08 11:10:40,340 [myid:] - INFO  [main:PortAssignment@87] - Assigned port 24695 from range 24686 - 27378.
2021-11-08 11:10:40,340 [myid:] - INFO  [main:PortAssignment@87] - Assigned port 24696 from range 24686 - 27378.
2021-11-08 11:10:40,340 [myid:] - INFO  [main:PortAssignment@87] - Assigned port 24697 from range 24686 - 27378.
2021-11-08 11:10:40,341 [myid:] - INFO  [main:PortAssignment@87] - Assigned port 24698 from range 24686 - 27378.
2021-11-08 11:10:40,342 [myid:] - INFO  [main:PortAssignment@87] - Assigned port 24699 from range 24686 - 27378.
2021-11-08 11:10:40,342 [myid:] - INFO  [main:PortAssignment@87] - Assigned port 24700 from range 24686 - 27378.
2021-11-08 11:10:40,342 [myid:] - INFO  [main:PortAssignment@87] - Assigned port 24701 from range 24686 - 27378.
2021-11-08 11:10:40,343 [myid:] - INFO  [main:PortAssignment@87] - Assigned port 24702 from range 24686 - 27378.
2021-11-08 11:10:40,343 [myid:] - INFO  [main:QuorumBase@116] - Ports are: 127.0.0.1:24698,127.0.0.1:24699,127.0.0.1:24700,127.0.0.1:24701,127.0.0.1:24702
2021-11-08 11:10:40,360 [myid:] - INFO  [main:QuorumBase@155] - creating QuorumPeer 1 port 24698
2021-11-08 11:10:40,366 [myid:] - INFO  [main:QuorumPeer@796] - zookeeper.quorumCnxnTimeoutMs=-1
2021-11-08 11:10:40,369 [myid:] - INFO  [main:ServerCnxnFactory@169] - Using org.apache.zookeeper.server.NIOServerCnxnFactory as server connection factory
2021-11-08 11:10:40,370 [myid:] - WARN  [main:ServerCnxnFactory@309] - maxCnxns is not configured, using default value 0.
2021-11-08 11:10:40,371 [myid:] - INFO  [main:NIOServerCnxnFactory@652] - Configuring NIO connection handler with 10s sessionless connection timeout, 1 selector thread(s), 12 worker threads, and 64 kB direct buffers.
2021-11-08 11:10:40,379 [myid:] - INFO  [main:NIOServerCnxnFactory@660] - binding to port /127.0.0.1:24698
2021-11-08 11:10:40,385 [myid:] - INFO  [main:X509Util@77] - Setting -D jdk.tls.rejectClientInitiatedRenegotiation=true to disable client-initiated TLS renegotiation
2021-11-08 11:10:40,388 [myid:] - INFO  [main:FileTxnSnapLog@124] - zookeeper.snapshot.trust.empty : false
2021-11-08 11:10:40,401 [myid:] - INFO  [main:ZookeeperBanner@42] - 
2021-11-08 11:10:40,401 [myid:] - INFO  [main:ZookeeperBanner@42] -   ______                  _                                          
2021-11-08 11:10:40,401 [myid:] - INFO  [main:ZookeeperBanner@42] -  |___  /                 | |                                         
2021-11-08 11:10:40,401 [myid:] - INFO  [main:ZookeeperBanner@42] -     / /    ___     ___   | | __   ___    ___   _ __     ___   _ __   
2021-11-08 11:10:40,402 [myid:] - INFO  [main:ZookeeperBanner@42] -    / /    / _ \   / _ \  | |/ /  / _ \  / _ \ | '_ \   / _ \ | '__|
2021-11-08 11:10:40,402 [myid:] - INFO  [main:ZookeeperBanner@42] -   / /__  | (_) | | (_) | |   <  |  __/ |  __/ | |_) | |  __/ | |    
2021-11-08 11:10:40,402 [myid:] - INFO  [main:ZookeeperBanner@42] -  /_____|  \___/   \___/  |_|\_\  \___|  \___| | .__/   \___| |_|
2021-11-08 11:10:40,402 [myid:] - INFO  [main:ZookeeperBanner@42] -                                               | |                     
2021-11-08 11:10:40,402 [myid:] - INFO  [main:ZookeeperBanner@42] -                                               |_|                     
2021-11-08 11:10:40,403 [myid:] - INFO  [main:ZookeeperBanner@42] - 
2021-11-08 11:10:49,438 [myid:] - INFO  [main:Environment@98] - Server environment:zookeeper.version=3.7.0-02d8e7728613600d355308bb0a256b6f5b41360c-dirty, built on 2021-11-08 03:06 UTC
2021-11-08 11:10:49,438 [myid:] - INFO  [main:Environment@98] - Server environment:host.name=DESKTOP-3V3H020
2021-11-08 11:10:49,438 [myid:] - INFO  [main:Environment@98] - Server environment:java.version=1.8.0_31
2021-11-08 11:10:49,439 [myid:] - INFO  [main:Environment@98] - Server environment:java.vendor=Oracle Corporation
2021-11-08 11:10:49,439 [myid:] - INFO  [main:Environment@98] - Server environment:java.home=C:\Program Files\Java\jdk1.8.0_31\jre
2021-11-08 11:10:49,439 [myid:] - INFO  [main:Environment@98] - Server environment:java.class.path=D:\mysoft\faiscoGit\myStudy\ZooKeeperLearning\apache-zookeeper-3.7.0\zookeeper-server\target\test-classes;D:\mysoft\faiscoGit\myStudy\ZooKeeperLearning\apache-zookeeper-3.7.0\zookeeper-server\target\classes;D:\mysoft\maven\repository\com\github\spotbugs\spotbugs-annotations\4.0.2\spotbugs-annotations-4.0.2.jar;D:\mysoft\maven\repository\com\google\code\findbugs\jsr305\3.0.2\jsr305-3.0.2.jar;D:\mysoft\maven\repository\org\hamcrest\hamcrest-library\2.2\hamcrest-library-2.2.jar;D:\mysoft\maven\repository\org\hamcrest\hamcrest-core\2.2\hamcrest-core-2.2.jar;D:\mysoft\maven\repository\org\hamcrest\hamcrest\2.2\hamcrest-2.2.jar;D:\mysoft\maven\repository\org\apache\commons\commons-collections4\4.4\commons-collections4-4.4.jar;D:\mysoft\maven\repository\org\apache\zookeeper\zookeeper-jute\3.7.0\zookeeper-jute-3.7.0.jar;D:\mysoft\maven\repository\commons-cli\commons-cli\1.4\commons-cli-1.4.jar;D:\mysoft\maven\repository\org\apache\yetus\audience-annotations\0.12.0\audience-annotations-0.12.0.jar;D:\mysoft\maven\repository\io\netty\netty-handler\4.1.59.Final\netty-handler-4.1.59.Final.jar;D:\mysoft\maven\repository\io\netty\netty-common\4.1.59.Final\netty-common-4.1.59.Final.jar;D:\mysoft\maven\repository\io\netty\netty-resolver\4.1.59.Final\netty-resolver-4.1.59.Final.jar;D:\mysoft\maven\repository\io\netty\netty-buffer\4.1.59.Final\netty-buffer-4.1.59.Final.jar;D:\mysoft\maven\repository\io\netty\netty-transport\4.1.59.Final\netty-transport-4.1.59.Final.jar;D:\mysoft\maven\repository\io\netty\netty-codec\4.1.59.Final\netty-codec-4.1.59.Final.jar;D:\mysoft\maven\repository\io\netty\netty-transport-native-epoll\4.1.59.Final\netty-transport-native-epoll-4.1.59.Final.jar;D:\mysoft\maven\repository\io\netty\netty-transport-native-unix-common\4.1.59.Final\netty-transport-native-unix-common-4.1.59.Final.jar;D:\mysoft\maven\repository\org\slf4j\slf4j-api\1.7.30\slf4j-api-1.7.30.jar;D:\mysoft\maven\repository\org\slf4j\slf4j-log4j12\1.7.30\slf4j-log4j12-1.7.30.jar;D:\mysoft\maven\repository\org\eclipse\jetty\jetty-server\9.4.38.v20210224\jetty-server-9.4.38.v20210224.jar;D:\mysoft\maven\repository\javax\servlet\javax.servlet-api\3.1.0\javax.servlet-api-3.1.0.jar;D:\mysoft\maven\repository\org\eclipse\jetty\jetty-http\9.4.38.v20210224\jetty-http-9.4.38.v20210224.jar;D:\mysoft\maven\repository\org\eclipse\jetty\jetty-util\9.4.38.v20210224\jetty-util-9.4.38.v20210224.jar;D:\mysoft\maven\repository\org\eclipse\jetty\jetty-io\9.4.38.v20210224\jetty-io-9.4.38.v20210224.jar;D:\mysoft\maven\repository\org\eclipse\jetty\jetty-servlet\9.4.38.v20210224\jetty-servlet-9.4.38.v20210224.jar;D:\mysoft\maven\repository\org\eclipse\jetty\jetty-security\9.4.38.v20210224\jetty-security-9.4.38.v20210224.jar;D:\mysoft\maven\repository\org\eclipse\jetty\jetty-util-ajax\9.4.38.v20210224\jetty-util-ajax-9.4.38.v20210224.jar;D:\mysoft\maven\repository\org\eclipse\jetty\jetty-client\9.4.38.v20210224\jetty-client-9.4.38.v20210224.jar;D:\mysoft\maven\repository\com\fasterxml\jackson\core\jackson-databind\2.10.5.1\jackson-databind-2.10.5.1.jar;D:\mysoft\maven\repository\com\fasterxml\jackson\core\jackson-annotations\2.10.5\jackson-annotations-2.10.5.jar;D:\mysoft\maven\repository\com\fasterxml\jackson\core\jackson-core\2.10.5\jackson-core-2.10.5.jar;D:\mysoft\maven\repository\org\bouncycastle\bcprov-jdk15on\1.60\bcprov-jdk15on-1.60.jar;D:\mysoft\maven\repository\org\bouncycastle\bcpkix-jdk15on\1.60\bcpkix-jdk15on-1.60.jar;D:\mysoft\maven\repository\jline\jline\2.14.6\jline-2.14.6.jar;D:\mysoft\maven\repository\io\dropwizard\metrics\metrics-core\4.1.12.1\metrics-core-4.1.12.1.jar;D:\mysoft\maven\repository\log4j\log4j\1.2.17\log4j-1.2.17.jar;D:\mysoft\maven\repository\org\apache\kerby\kerb-core\2.0.0\kerb-core-2.0.0.jar;D:\mysoft\maven\repository\org\apache\kerby\kerby-pkix\2.0.0\kerby-pkix-2.0.0.jar;D:\mysoft\maven\repository\org\apache\kerby\kerby-asn1\2.0.0\kerby-asn1-2.0.0.jar;D:\mysoft\maven\repository\org\apache\kerby\kerby-util\2.0.0\kerby-util-2.0.0.jar;D:\mysoft\maven\repository\org\apache\kerby\kerb-simplekdc\2.0.0\kerb-simplekdc-2.0.0.jar;D:\mysoft\maven\repository\org\apache\kerby\kerb-client\2.0.0\kerb-client-2.0.0.jar;D:\mysoft\maven\repository\org\apache\kerby\kerb-common\2.0.0\kerb-common-2.0.0.jar;D:\mysoft\maven\repository\org\apache\kerby\kerb-crypto\2.0.0\kerb-crypto-2.0.0.jar;D:\mysoft\maven\repository\commons-io\commons-io\2.6\commons-io-2.6.jar;D:\mysoft\maven\repository\org\apache\kerby\kerb-util\2.0.0\kerb-util-2.0.0.jar;D:\mysoft\maven\repository\org\apache\kerby\token-provider\2.0.0\token-provider-2.0.0.jar;D:\mysoft\maven\repository\com\nimbusds\nimbus-jose-jwt\4.41.2\nimbus-jose-jwt-4.41.2.jar;D:\mysoft\maven\repository\com\github\stephenc\jcip\jcip-annotations\1.0-1\jcip-annotations-1.0-1.jar;D:\mysoft\maven\repository\net\minidev\json-smart\2.3\json-smart-2.3.jar;D:\mysoft\maven\repository\net\minidev\accessors-smart\1.2\accessors-smart-1.2.jar;D:\mysoft\maven\repository\org\ow2\asm\asm\5.0.4\asm-5.0.4.jar;D:\mysoft\maven\repository\org\apache\kerby\kerb-admin\2.0.0\kerb-admin-2.0.0.jar;D:\mysoft\maven\repository\org\apache\kerby\kerb-server\2.0.0\kerb-server-2.0.0.jar;D:\mysoft\maven\repository\org\apache\kerby\kerb-identity\2.0.0\kerb-identity-2.0.0.jar;D:\mysoft\maven\repository\org\apache\kerby\kerby-xdr\2.0.0\kerby-xdr-2.0.0.jar;D:\mysoft\maven\repository\org\apache\kerby\kerby-config\2.0.0\kerby-config-2.0.0.jar;D:\mysoft\maven\repository\org\mockito\mockito-core\3.6.28\mockito-core-3.6.28.jar;D:\mysoft\maven\repository\net\bytebuddy\byte-buddy\1.10.18\byte-buddy-1.10.18.jar;D:\mysoft\maven\repository\net\bytebuddy\byte-buddy-agent\1.10.18\byte-buddy-agent-1.10.18.jar;D:\mysoft\maven\repository\org\objenesis\objenesis\3.1\objenesis-3.1.jar;D:\mysoft\maven\repository\org\jmockit\jmockit\1.48\jmockit-1.48.jar;D:\mysoft\maven\repository\org\junit\jupiter\junit-jupiter-api\5.6.2\junit-jupiter-api-5.6.2.jar;D:\mysoft\maven\repository\org\apiguardian\apiguardian-api\1.1.0\apiguardian-api-1.1.0.jar;D:\mysoft\maven\repository\org\opentest4j\opentest4j\1.2.0\opentest4j-1.2.0.jar;D:\mysoft\maven\repository\org\junit\platform\junit-platform-commons\1.6.2\junit-platform-commons-1.6.2.jar;D:\mysoft\maven\repository\org\junit\jupiter\junit-jupiter-engine\5.6.2\junit-jupiter-engine-5.6.2.jar;D:\mysoft\maven\repository\org\junit\platform\junit-platform-engine\1.6.2\junit-platform-engine-1.6.2.jar;D:\mysoft\maven\repository\org\junit\jupiter\junit-jupiter-params\5.6.2\junit-jupiter-params-5.6.2.jar;D:\mysoft\maven\repository\org\junit\platform\junit-platform-runner\1.6.2\junit-platform-runner-1.6.2.jar;D:\mysoft\maven\repository\junit\junit\4.13\junit-4.13.jar;D:\mysoft\maven\repository\org\junit\platform\junit-platform-launcher\1.6.2\junit-platform-launcher-1.6.2.jar;D:\mysoft\maven\repository\org\junit\platform\junit-platform-suite-api\1.6.2\junit-platform-suite-api-1.6.2.jar;D:\mysoft\maven\repository\org\xerial\snappy\snappy-java\1.1.7.7\snappy-java-1.1.7.7.jar;
2021-11-08 11:10:49,440 [myid:] - INFO  [main:Environment@98] - Server environment:java.library.path=C:\Program Files\Java\jdk1.8.0_31\jre\bin;C:\WINDOWS\Sun\Java\bin;C:\WINDOWS\system32;C:\WINDOWS;C:\Program Files\Java\jdk1.8.0_31\jre\bin;C:\Python39\Scripts\;C:\Python39\;C:\Python27\;C:\Python27\Scripts;C:\Program Files (x86)\Intel\Intel(R) Management Engine Components\iCLS\;C:\Program Files\Intel\Intel(R) Management Engine Components\iCLS\;C:\WINDOWS\system32;C:\WINDOWS;C:\WINDOWS\System32\Wbem;C:\WINDOWS\System32\WindowsPowerShell\v1.0\;C:\WINDOWS\System32\OpenSSH\;C:\Program Files (x86)\Intel\Intel(R) Management Engine Components\DAL;C:\Program Files\Intel\Intel(R) Management Engine Components\DAL;C:\Program Files\TortoiseSVN\bin;C:\Program Files\Java\jdk1.8.0_31\bin;D:\soft\Git\cmd;D:\mysoft\maven\apache-maven-3.6.1\bin;C:\ProgramData\chocolatey\bin;C:\Program Files\nodejs\;D:\mysoft\gradle-7.0\bin;C:\ProgramData\Oracle\Java\javapath;C:\Program Files\OpenVPN\bin;C:\Users\faisco\AppData\Local\Microsoft\WindowsApps;;D:\soft\Microsoft VS Code\bin;D:\soft\PyCharm Community Edition 2019.1.3\bin;;D:\soft\PyCharm 2019.2.3\bin;;C:\Users\faisco\AppData\Local\Microsoft\WindowsApps;C:\Program Files\JetBrains\IntelliJ IDEA 2020.1\bin;;C:\Program Files\JetBrains\IntelliJ IDEA Community Edition 2020.1.3\bin;;C:\Users\faisco\AppData\Roaming\npm;.
2021-11-08 11:10:49,440 [myid:] - INFO  [main:Environment@98] - Server environment:java.io.tmpdir=C:\Users\faisco\AppData\Local\Temp\
2021-11-08 11:10:49,440 [myid:] - INFO  [main:Environment@98] - Server environment:java.compiler=<NA>
2021-11-08 11:10:49,440 [myid:] - INFO  [main:Environment@98] - Server environment:os.name=Windows 8.1
2021-11-08 11:10:49,441 [myid:] - INFO  [main:Environment@98] - Server environment:os.arch=amd64
2021-11-08 11:10:49,441 [myid:] - INFO  [main:Environment@98] - Server environment:os.version=6.3
2021-11-08 11:10:49,441 [myid:] - INFO  [main:Environment@98] - Server environment:user.name=faisco
2021-11-08 11:10:49,441 [myid:] - INFO  [main:Environment@98] - Server environment:user.home=C:\Users\faisco
2021-11-08 11:10:49,441 [myid:] - INFO  [main:Environment@98] - Server environment:user.dir=D:\mysoft\faiscoGit\myStudy\ZooKeeperLearning\apache-zookeeper-3.7.0\zookeeper-server
2021-11-08 11:10:49,442 [myid:] - INFO  [main:Environment@98] - Server environment:os.memory.free=229MB
2021-11-08 11:10:49,442 [myid:] - INFO  [main:Environment@98] - Server environment:os.memory.max=455MB
2021-11-08 11:10:49,442 [myid:] - INFO  [main:Environment@98] - Server environment:os.memory.total=243MB
2021-11-08 11:10:49,442 [myid:] - INFO  [main:ZooKeeperServer@138] - zookeeper.enableEagerACLCheck = false
2021-11-08 11:10:49,442 [myid:] - INFO  [main:ZooKeeperServer@151] - zookeeper.digest.enabled = true
2021-11-08 11:10:49,443 [myid:] - INFO  [main:ZooKeeperServer@155] - zookeeper.closeSessionTxn.enabled = true
2021-11-08 11:10:49,443 [myid:] - INFO  [main:ZooKeeperServer@1499] - zookeeper.flushDelay=0
2021-11-08 11:10:49,443 [myid:] - INFO  [main:ZooKeeperServer@1508] - zookeeper.maxWriteQueuePollTime=0
2021-11-08 11:10:49,443 [myid:] - INFO  [main:ZooKeeperServer@1517] - zookeeper.maxBatchSize=1000
2021-11-08 11:10:49,443 [myid:] - INFO  [main:ZooKeeperServer@260] - zookeeper.intBufferStartingSizeBytes = 1024
2021-11-08 11:10:49,452 [myid:] - INFO  [main:ZKTestCase@82] - FINISHED Optional[public void org.apache.zookeeper.server.quorum.QuorumRequestPipelineTest.testSetAndGetChildren(org.apache.zookeeper.server.quorum.QuorumPeer$ServerState) throws java.lang.Exception]
]]></system-out>
  </testcase>
  <testcase name="testSetAndGetChildren{ServerState}[2]" classname="org.apache.zookeeper.server.quorum.QuorumRequestPipelineTest" time="0.026">
    <error message="org/apache/zookeeper/ZooDefs$Ids" type="java.lang.NoClassDefFoundError"><![CDATA[java.lang.NoClassDefFoundError: org/apache/zookeeper/ZooDefs$Ids
	at org.apache.zookeeper.server.DataTree.addConfigNode(DataTree.java:327)
	at org.apache.zookeeper.server.DataTree.<init>(DataTree.java:300)
	at org.apache.zookeeper.server.DataTree.<init>(DataTree.java:282)
	at org.apache.zookeeper.server.ZKDatabase.createDataTree(ZKDatabase.java:727)
	at org.apache.zookeeper.server.ZKDatabase.<init>(ZKDatabase.java:110)
	at org.apache.zookeeper.server.quorum.QuorumPeer.<init>(QuorumPeer.java:1098)
	at org.apache.zookeeper.server.quorum.QuorumPeer.<init>(QuorumPeer.java:1242)
	at org.apache.zookeeper.test.QuorumBase.startServers(QuorumBase.java:156)
	at org.apache.zookeeper.test.QuorumBase.setUp(QuorumBase.java:124)
	at org.apache.zookeeper.server.quorum.QuorumRequestPipelineTest.setUp(QuorumRequestPipelineTest.java:72)
	at org.apache.zookeeper.server.quorum.QuorumRequestPipelineTest.testSetAndGetChildren(QuorumRequestPipelineTest.java:145)
	Suppressed: java.lang.NullPointerException
		at org.apache.zookeeper.server.quorum.QuorumRequestPipelineTest.tearDown(QuorumRequestPipelineTest.java:80)
		at sun.reflect.NativeMethodAccessorImpl.invoke0(Native Method)
		at sun.reflect.NativeMethodAccessorImpl.invoke(NativeMethodAccessorImpl.java:62)
		at sun.reflect.DelegatingMethodAccessorImpl.invoke(DelegatingMethodAccessorImpl.java:43)
		at java.lang.reflect.Method.invoke(Method.java:483)
		at org.junit.platform.commons.util.ReflectionUtils.invokeMethod(ReflectionUtils.java:686)
		at org.junit.jupiter.engine.execution.MethodInvocation.proceed(MethodInvocation.java:60)
		at org.junit.jupiter.engine.execution.InvocationInterceptorChain$ValidatingInvocation.proceed(InvocationInterceptorChain.java:131)
		at org.junit.jupiter.engine.extension.TimeoutExtension.intercept(TimeoutExtension.java:149)
		at org.junit.jupiter.engine.extension.TimeoutExtension.interceptLifecycleMethod(TimeoutExtension.java:126)
		at org.junit.jupiter.engine.extension.TimeoutExtension.interceptAfterEachMethod(TimeoutExtension.java:108)
		at org.junit.jupiter.engine.descriptor.ClassBasedTestDescriptor$$Lambda$363/2003891312.apply(Unknown Source)
		at org.junit.jupiter.engine.execution.ExecutableInvoker$ReflectiveInterceptorCall.lambda$ofVoidMethod$0(ExecutableInvoker.java:115)
		at org.junit.jupiter.engine.execution.ExecutableInvoker$ReflectiveInterceptorCall$$Lambda$230/315860201.apply(Unknown Source)
		at org.junit.jupiter.engine.execution.ExecutableInvoker.lambda$invoke$0(ExecutableInvoker.java:105)
		at org.junit.jupiter.engine.execution.ExecutableInvoker$$Lambda$231/720167805.apply(Unknown Source)
		at org.junit.jupiter.engine.execution.InvocationInterceptorChain$InterceptedInvocation.proceed(InvocationInterceptorChain.java:106)
		at org.junit.jupiter.engine.execution.InvocationInterceptorChain.proceed(InvocationInterceptorChain.java:64)
		at org.junit.jupiter.engine.execution.InvocationInterceptorChain.chainAndInvoke(InvocationInterceptorChain.java:45)
		at org.junit.jupiter.engine.execution.InvocationInterceptorChain.invoke(InvocationInterceptorChain.java:37)
		at org.junit.jupiter.engine.execution.ExecutableInvoker.invoke(ExecutableInvoker.java:104)
		at org.junit.jupiter.engine.execution.ExecutableInvoker.invoke(ExecutableInvoker.java:98)
		at org.junit.jupiter.engine.descriptor.ClassBasedTestDescriptor.invokeMethodInExtensionContext(ClassBasedTestDescriptor.java:481)
		at org.junit.jupiter.engine.descriptor.ClassBasedTestDescriptor.lambda$synthesizeAfterEachMethodAdapter$19(ClassBasedTestDescriptor.java:471)
		at org.junit.jupiter.engine.descriptor.ClassBasedTestDescriptor$$Lambda$206/1371006431.invokeAfterEachMethod(Unknown Source)
		at org.junit.jupiter.engine.descriptor.TestMethodTestDescriptor.lambda$invokeAfterEachMethods$9(TestMethodTestDescriptor.java:238)
		at org.junit.jupiter.engine.descriptor.TestMethodTestDescriptor$$Lambda$362/221634215.invoke(Unknown Source)
		at org.junit.jupiter.engine.descriptor.TestMethodTestDescriptor.lambda$invokeAllAfterMethodsOrCallbacks$12(TestMethodTestDescriptor.java:271)
		at org.junit.jupiter.engine.descriptor.TestMethodTestDescriptor$$Lambda$361/664792509.execute(Unknown Source)
		at org.junit.platform.engine.support.hierarchical.ThrowableCollector.execute(ThrowableCollector.java:73)
		at org.junit.jupiter.engine.descriptor.TestMethodTestDescriptor.lambda$invokeAllAfterMethodsOrCallbacks$13(TestMethodTestDescriptor.java:271)
		at org.junit.jupiter.engine.descriptor.TestMethodTestDescriptor$$Lambda$360/1965237677.accept(Unknown Source)
		at java.util.ArrayList.forEach(ArrayList.java:1249)
		at org.junit.jupiter.engine.descriptor.TestMethodTestDescriptor.invokeAllAfterMethodsOrCallbacks(TestMethodTestDescriptor.java:270)
		at org.junit.jupiter.engine.descriptor.TestMethodTestDescriptor.invokeAfterEachMethods(TestMethodTestDescriptor.java:236)
		at org.junit.jupiter.engine.descriptor.TestMethodTestDescriptor.execute(TestMethodTestDescriptor.java:141)
		at org.junit.jupiter.engine.descriptor.TestMethodTestDescriptor.execute(TestMethodTestDescriptor.java:71)
		at org.junit.platform.engine.support.hierarchical.NodeTestTask.lambda$executeRecursively$5(NodeTestTask.java:135)
		at org.junit.platform.engine.support.hierarchical.NodeTestTask$$Lambda$176/1239548589.execute(Unknown Source)
		at org.junit.platform.engine.support.hierarchical.ThrowableCollector.execute(ThrowableCollector.java:73)
		at org.junit.platform.engine.support.hierarchical.NodeTestTask.lambda$executeRecursively$7(NodeTestTask.java:125)
		at org.junit.platform.engine.support.hierarchical.NodeTestTask$$Lambda$175/1634132079.invoke(Unknown Source)
		at org.junit.platform.engine.support.hierarchical.Node.around(Node.java:135)
		at org.junit.platform.engine.support.hierarchical.NodeTestTask.lambda$executeRecursively$8(NodeTestTask.java:123)
		at org.junit.platform.engine.support.hierarchical.NodeTestTask$$Lambda$174/112619572.execute(Unknown Source)
		at org.junit.platform.engine.support.hierarchical.ThrowableCollector.execute(ThrowableCollector.java:73)
		at org.junit.platform.engine.support.hierarchical.NodeTestTask.executeRecursively(NodeTestTask.java:122)
		at org.junit.platform.engine.support.hierarchical.NodeTestTask.execute(NodeTestTask.java:80)
		at org.junit.platform.engine.support.hierarchical.SameThreadHierarchicalTestExecutorService.submit(SameThreadHierarchicalTestExecutorService.java:32)
		at org.junit.platform.engine.support.hierarchical.NodeTestTask$DefaultDynamicTestExecutor.execute(NodeTestTask.java:198)
		at org.junit.jupiter.engine.descriptor.TestTemplateTestDescriptor.execute(TestTemplateTestDescriptor.java:138)
		at org.junit.jupiter.engine.descriptor.TestTemplateTestDescriptor.lambda$execute$2(TestTemplateTestDescriptor.java:106)
		at org.junit.jupiter.engine.descriptor.TestTemplateTestDescriptor$$Lambda$252/1846406218.accept(Unknown Source)
		at java.util.stream.ForEachOps$ForEachOp$OfRef.accept(ForEachOps.java:183)
		at java.util.stream.ReferencePipeline$3$1.accept(ReferencePipeline.java:193)
		at java.util.stream.ReferencePipeline$2$1.accept(ReferencePipeline.java:175)
		at java.util.stream.ReferencePipeline$3$1.accept(ReferencePipeline.java:193)
		at java.util.stream.ForEachOps$ForEachOp$OfRef.accept(ForEachOps.java:183)
		at java.util.stream.ReferencePipeline$11$1.accept(ReferencePipeline.java:373)
		at java.util.stream.ReferencePipeline$3$1.accept(ReferencePipeline.java:193)
		at java.util.stream.ReferencePipeline$3$1.accept(ReferencePipeline.java:193)
		at java.util.stream.ReferencePipeline$3$1.accept(ReferencePipeline.java:193)
		at java.util.stream.ForEachOps$ForEachOp$OfRef.accept(ForEachOps.java:183)
		at java.util.stream.ReferencePipeline$3$1.accept(ReferencePipeline.java:193)
		at java.util.Spliterators$ArraySpliterator.forEachRemaining(Spliterators.java:948)
		at java.util.stream.ReferencePipeline$Head.forEach(ReferencePipeline.java:580)
		at java.util.stream.ReferencePipeline$7$1.accept(ReferencePipeline.java:270)
		at java.util.stream.ReferencePipeline$3$1.accept(ReferencePipeline.java:193)
		at java.util.stream.ReferencePipeline$3$1.accept(ReferencePipeline.java:193)
		at java.util.Spliterators$ArraySpliterator.forEachRemaining(Spliterators.java:948)
		at java.util.stream.AbstractPipeline.copyInto(AbstractPipeline.java:512)
		at java.util.stream.AbstractPipeline.wrapAndCopyInto(AbstractPipeline.java:502)
		at java.util.stream.ForEachOps$ForEachOp.evaluateSequential(ForEachOps.java:150)
		at java.util.stream.ForEachOps$ForEachOp$OfRef.evaluateSequential(ForEachOps.java:173)
		at java.util.stream.AbstractPipeline.evaluate(AbstractPipeline.java:234)
		at java.util.stream.ReferencePipeline.forEach(ReferencePipeline.java:418)
		at java.util.stream.ReferencePipeline$7$1.accept(ReferencePipeline.java:270)
		at java.util.stream.ReferencePipeline$3$1.accept(ReferencePipeline.java:193)
		at java.util.stream.ReferencePipeline$3$1.accept(ReferencePipeline.java:193)
		at java.util.stream.ReferencePipeline$3$1.accept(ReferencePipeline.java:193)
		at java.util.ArrayList$ArrayListSpliterator.forEachRemaining(ArrayList.java:1374)
		at java.util.stream.AbstractPipeline.copyInto(AbstractPipeline.java:512)
		at java.util.stream.AbstractPipeline.wrapAndCopyInto(AbstractPipeline.java:502)
		at java.util.stream.ForEachOps$ForEachOp.evaluateSequential(ForEachOps.java:150)
		at java.util.stream.ForEachOps$ForEachOp$OfRef.evaluateSequential(ForEachOps.java:173)
		at java.util.stream.AbstractPipeline.evaluate(AbstractPipeline.java:234)
		at java.util.stream.ReferencePipeline.forEach(ReferencePipeline.java:418)
		at java.util.stream.ReferencePipeline$7$1.accept(ReferencePipeline.java:270)
		at java.util.ArrayList$ArrayListSpliterator.forEachRemaining(ArrayList.java:1374)
		at java.util.stream.AbstractPipeline.copyInto(AbstractPipeline.java:512)
		at java.util.stream.AbstractPipeline.wrapAndCopyInto(AbstractPipeline.java:502)
		at java.util.stream.ForEachOps$ForEachOp.evaluateSequential(ForEachOps.java:150)
		at java.util.stream.ForEachOps$ForEachOp$OfRef.evaluateSequential(ForEachOps.java:173)
		at java.util.stream.AbstractPipeline.evaluate(AbstractPipeline.java:234)
		at java.util.stream.ReferencePipeline.forEach(ReferencePipeline.java:418)
		at org.junit.jupiter.engine.descriptor.TestTemplateTestDescriptor.execute(TestTemplateTestDescriptor.java:106)
		at org.junit.jupiter.engine.descriptor.TestTemplateTestDescriptor.execute(TestTemplateTestDescriptor.java:41)
		at org.junit.platform.engine.support.hierarchical.NodeTestTask.lambda$executeRecursively$5(NodeTestTask.java:135)
		at org.junit.platform.engine.support.hierarchical.NodeTestTask$$Lambda$176/1239548589.execute(Unknown Source)
		at org.junit.platform.engine.support.hierarchical.ThrowableCollector.execute(ThrowableCollector.java:73)
		at org.junit.platform.engine.support.hierarchical.NodeTestTask.lambda$executeRecursively$7(NodeTestTask.java:125)
		at org.junit.platform.engine.support.hierarchical.NodeTestTask$$Lambda$175/1634132079.invoke(Unknown Source)
		at org.junit.platform.engine.support.hierarchical.Node.around(Node.java:135)
		at org.junit.platform.engine.support.hierarchical.NodeTestTask.lambda$executeRecursively$8(NodeTestTask.java:123)
		at org.junit.platform.engine.support.hierarchical.NodeTestTask$$Lambda$174/112619572.execute(Unknown Source)
		at org.junit.platform.engine.support.hierarchical.ThrowableCollector.execute(ThrowableCollector.java:73)
		at org.junit.platform.engine.support.hierarchical.NodeTestTask.executeRecursively(NodeTestTask.java:122)
		at org.junit.platform.engine.support.hierarchical.NodeTestTask.execute(NodeTestTask.java:80)
		at org.junit.platform.engine.support.hierarchical.SameThreadHierarchicalTestExecutorService$$Lambda$180/667346055.accept(Unknown Source)
		at java.util.ArrayList.forEach(ArrayList.java:1249)
		at org.junit.platform.engine.support.hierarchical.SameThreadHierarchicalTestExecutorService.invokeAll(SameThreadHierarchicalTestExecutorService.java:38)
		at org.junit.platform.engine.support.hierarchical.NodeTestTask.lambda$executeRecursively$5(NodeTestTask.java:139)
		at org.junit.platform.engine.support.hierarchical.NodeTestTask$$Lambda$176/1239548589.execute(Unknown Source)
		at org.junit.platform.engine.support.hierarchical.ThrowableCollector.execute(ThrowableCollector.java:73)
		at org.junit.platform.engine.support.hierarchical.NodeTestTask.lambda$executeRecursively$7(NodeTestTask.java:125)
		at org.junit.platform.engine.support.hierarchical.NodeTestTask$$Lambda$175/1634132079.invoke(Unknown Source)
		at org.junit.platform.engine.support.hierarchical.Node.around(Node.java:135)
		at org.junit.platform.engine.support.hierarchical.NodeTestTask.lambda$executeRecursively$8(NodeTestTask.java:123)
		at org.junit.platform.engine.support.hierarchical.NodeTestTask$$Lambda$174/112619572.execute(Unknown Source)
		at org.junit.platform.engine.support.hierarchical.ThrowableCollector.execute(ThrowableCollector.java:73)
		at org.junit.platform.engine.support.hierarchical.NodeTestTask.executeRecursively(NodeTestTask.java:122)
		at org.junit.platform.engine.support.hierarchical.NodeTestTask.execute(NodeTestTask.java:80)
		at org.junit.platform.engine.support.hierarchical.SameThreadHierarchicalTestExecutorService$$Lambda$180/667346055.accept(Unknown Source)
		at java.util.ArrayList.forEach(ArrayList.java:1249)
		at org.junit.platform.engine.support.hierarchical.SameThreadHierarchicalTestExecutorService.invokeAll(SameThreadHierarchicalTestExecutorService.java:38)
		at org.junit.platform.engine.support.hierarchical.NodeTestTask.lambda$executeRecursively$5(NodeTestTask.java:139)
		at org.junit.platform.engine.support.hierarchical.NodeTestTask$$Lambda$176/1239548589.execute(Unknown Source)
		at org.junit.platform.engine.support.hierarchical.ThrowableCollector.execute(ThrowableCollector.java:73)
		at org.junit.platform.engine.support.hierarchical.NodeTestTask.lambda$executeRecursively$7(NodeTestTask.java:125)
		at org.junit.platform.engine.support.hierarchical.NodeTestTask$$Lambda$175/1634132079.invoke(Unknown Source)
		at org.junit.platform.engine.support.hierarchical.Node.around(Node.java:135)
		at org.junit.platform.engine.support.hierarchical.NodeTestTask.lambda$executeRecursively$8(NodeTestTask.java:123)
		at org.junit.platform.engine.support.hierarchical.NodeTestTask$$Lambda$174/112619572.execute(Unknown Source)
		at org.junit.platform.engine.support.hierarchical.ThrowableCollector.execute(ThrowableCollector.java:73)
		at org.junit.platform.engine.support.hierarchical.NodeTestTask.executeRecursively(NodeTestTask.java:122)
		at org.junit.platform.engine.support.hierarchical.NodeTestTask.execute(NodeTestTask.java:80)
		at org.junit.platform.engine.support.hierarchical.SameThreadHierarchicalTestExecutorService.submit(SameThreadHierarchicalTestExecutorService.java:32)
		at org.junit.platform.engine.support.hierarchical.HierarchicalTestExecutor.execute(HierarchicalTestExecutor.java:57)
		at org.junit.platform.engine.support.hierarchical.HierarchicalTestEngine.execute(HierarchicalTestEngine.java:51)
		at org.junit.platform.launcher.core.DefaultLauncher.execute(DefaultLauncher.java:248)
		at org.junit.platform.launcher.core.DefaultLauncher.lambda$execute$5(DefaultLauncher.java:211)
		at org.junit.platform.launcher.core.DefaultLauncher$$Lambda$140/1414147750.accept(Unknown Source)
		at org.junit.platform.launcher.core.DefaultLauncher.withInterceptedStreams(DefaultLauncher.java:226)
		at org.junit.platform.launcher.core.DefaultLauncher.execute(DefaultLauncher.java:199)
		at org.junit.platform.launcher.core.DefaultLauncher.execute(DefaultLauncher.java:132)
		at org.apache.maven.surefire.junitplatform.JUnitPlatformProvider.invokeAllTests(JUnitPlatformProvider.java:142)
		at org.apache.maven.surefire.junitplatform.JUnitPlatformProvider.invoke(JUnitPlatformProvider.java:113)
		at org.apache.maven.surefire.booter.ForkedBooter.invokeProviderInSameClassLoader(ForkedBooter.java:384)
		at org.apache.maven.surefire.booter.ForkedBooter.runSuitesInProcess(ForkedBooter.java:345)
		at org.apache.maven.surefire.booter.ForkedBooter.execute(ForkedBooter.java:126)
		at org.apache.maven.surefire.booter.ForkedBooter.main(ForkedBooter.java:418)
]]></error>
    <system-out><![CDATA[2021-11-08 11:10:49,464 [myid:] - INFO  [main:PortAssignment@87] - Assigned port 24703 from range 24686 - 27378.
2021-11-08 11:10:49,465 [myid:] - INFO  [main:ZKTestCase@77] - STARTING Optional[public void org.apache.zookeeper.server.quorum.QuorumRequestPipelineTest.testSetAndGetChildren(org.apache.zookeeper.server.quorum.QuorumPeer$ServerState) throws java.lang.Exception]
2021-11-08 11:10:49,465 [myid:] - INFO  [main:QuorumBase@81] - QuorumBase.setup null
2021-11-08 11:10:49,466 [myid:] - INFO  [main:JMXEnv@58] - connecting to addr service:jmx:rmi://127.0.0.1/stub/rO0ABXNyAC5qYXZheC5tYW5hZ2VtZW50LnJlbW90ZS5ybWkuUk1JU2VydmVySW1wbF9TdHViAAAAAAAAAAICAAB4cgAaamF2YS5ybWkuc2VydmVyLlJlbW90ZVN0dWLp/tzJi+FlGgIAAHhyABxqYXZhLnJtaS5zZXJ2ZXIuUmVtb3RlT2JqZWN002G0kQxhMx4DAAB4cHc6AAtVbmljYXN0UmVmMgAADzE2OS4yNTQuMTU2LjIzMQAACXlD8f7qEkhgcGrMPREAAAF8/YbC74AIAHg=
2021-11-08 11:10:49,472 [myid:] - INFO  [main:PortAssignment@87] - Assigned port 24704 from range 24686 - 27378.
2021-11-08 11:10:49,473 [myid:] - INFO  [main:PortAssignment@87] - Assigned port 24705 from range 24686 - 27378.
2021-11-08 11:10:49,473 [myid:] - INFO  [main:PortAssignment@87] - Assigned port 24706 from range 24686 - 27378.
2021-11-08 11:10:49,474 [myid:] - INFO  [main:PortAssignment@87] - Assigned port 24707 from range 24686 - 27378.
2021-11-08 11:10:49,474 [myid:] - INFO  [main:PortAssignment@87] - Assigned port 24708 from range 24686 - 27378.
2021-11-08 11:10:49,475 [myid:] - INFO  [main:PortAssignment@87] - Assigned port 24709 from range 24686 - 27378.
2021-11-08 11:10:49,475 [myid:] - INFO  [main:PortAssignment@87] - Assigned port 24710 from range 24686 - 27378.
2021-11-08 11:10:49,475 [myid:] - INFO  [main:PortAssignment@87] - Assigned port 24711 from range 24686 - 27378.
2021-11-08 11:10:49,476 [myid:] - INFO  [main:PortAssignment@87] - Assigned port 24712 from range 24686 - 27378.
2021-11-08 11:10:49,476 [myid:] - INFO  [main:PortAssignment@87] - Assigned port 24713 from range 24686 - 27378.
2021-11-08 11:10:49,477 [myid:] - INFO  [main:PortAssignment@87] - Assigned port 24714 from range 24686 - 27378.
2021-11-08 11:10:49,477 [myid:] - INFO  [main:PortAssignment@87] - Assigned port 24715 from range 24686 - 27378.
2021-11-08 11:10:49,478 [myid:] - INFO  [main:PortAssignment@87] - Assigned port 24716 from range 24686 - 27378.
2021-11-08 11:10:49,478 [myid:] - INFO  [main:PortAssignment@87] - Assigned port 24717 from range 24686 - 27378.
2021-11-08 11:10:49,478 [myid:] - INFO  [main:PortAssignment@87] - Assigned port 24718 from range 24686 - 27378.
2021-11-08 11:10:49,479 [myid:] - INFO  [main:QuorumBase@116] - Ports are: 127.0.0.1:24714,127.0.0.1:24715,127.0.0.1:24716,127.0.0.1:24717,127.0.0.1:24718
2021-11-08 11:10:49,483 [myid:] - INFO  [main:QuorumBase@155] - creating QuorumPeer 1 port 24714
2021-11-08 11:10:49,483 [myid:] - INFO  [main:ServerCnxnFactory@169] - Using org.apache.zookeeper.server.NIOServerCnxnFactory as server connection factory
2021-11-08 11:10:49,483 [myid:] - WARN  [main:ServerCnxnFactory@309] - maxCnxns is not configured, using default value 0.
2021-11-08 11:10:49,484 [myid:] - INFO  [main:NIOServerCnxnFactory@652] - Configuring NIO connection handler with 10s sessionless connection timeout, 1 selector thread(s), 12 worker threads, and 64 kB direct buffers.
2021-11-08 11:10:49,485 [myid:] - INFO  [main:NIOServerCnxnFactory@660] - binding to port /127.0.0.1:24714
2021-11-08 11:10:49,486 [myid:] - INFO  [main:FileTxnSnapLog@124] - zookeeper.snapshot.trust.empty : false
2021-11-08 11:10:49,487 [myid:] - INFO  [main:ZKTestCase@82] - FINISHED Optional[public void org.apache.zookeeper.server.quorum.QuorumRequestPipelineTest.testSetAndGetChildren(org.apache.zookeeper.server.quorum.QuorumPeer$ServerState) throws java.lang.Exception]
]]></system-out>
  </testcase>
  <testcase name="testSetAndGetChildren{ServerState}[3]" classname="org.apache.zookeeper.server.quorum.QuorumRequestPipelineTest" time="0.021">
    <error message="org/apache/zookeeper/ZooDefs$Ids" type="java.lang.NoClassDefFoundError"><![CDATA[java.lang.NoClassDefFoundError: org/apache/zookeeper/ZooDefs$Ids
	at org.apache.zookeeper.server.DataTree.addConfigNode(DataTree.java:327)
	at org.apache.zookeeper.server.DataTree.<init>(DataTree.java:300)
	at org.apache.zookeeper.server.DataTree.<init>(DataTree.java:282)
	at org.apache.zookeeper.server.ZKDatabase.createDataTree(ZKDatabase.java:727)
	at org.apache.zookeeper.server.ZKDatabase.<init>(ZKDatabase.java:110)
	at org.apache.zookeeper.server.quorum.QuorumPeer.<init>(QuorumPeer.java:1098)
	at org.apache.zookeeper.server.quorum.QuorumPeer.<init>(QuorumPeer.java:1242)
	at org.apache.zookeeper.test.QuorumBase.startServers(QuorumBase.java:156)
	at org.apache.zookeeper.test.QuorumBase.setUp(QuorumBase.java:124)
	at org.apache.zookeeper.server.quorum.QuorumRequestPipelineTest.setUp(QuorumRequestPipelineTest.java:72)
	at org.apache.zookeeper.server.quorum.QuorumRequestPipelineTest.testSetAndGetChildren(QuorumRequestPipelineTest.java:145)
	Suppressed: java.lang.NullPointerException
		at org.apache.zookeeper.server.quorum.QuorumRequestPipelineTest.tearDown(QuorumRequestPipelineTest.java:80)
		at sun.reflect.NativeMethodAccessorImpl.invoke0(Native Method)
		at sun.reflect.NativeMethodAccessorImpl.invoke(NativeMethodAccessorImpl.java:62)
		at sun.reflect.DelegatingMethodAccessorImpl.invoke(DelegatingMethodAccessorImpl.java:43)
		at java.lang.reflect.Method.invoke(Method.java:483)
		at org.junit.platform.commons.util.ReflectionUtils.invokeMethod(ReflectionUtils.java:686)
		at org.junit.jupiter.engine.execution.MethodInvocation.proceed(MethodInvocation.java:60)
		at org.junit.jupiter.engine.execution.InvocationInterceptorChain$ValidatingInvocation.proceed(InvocationInterceptorChain.java:131)
		at org.junit.jupiter.engine.extension.TimeoutExtension.intercept(TimeoutExtension.java:149)
		at org.junit.jupiter.engine.extension.TimeoutExtension.interceptLifecycleMethod(TimeoutExtension.java:126)
		at org.junit.jupiter.engine.extension.TimeoutExtension.interceptAfterEachMethod(TimeoutExtension.java:108)
		at org.junit.jupiter.engine.descriptor.ClassBasedTestDescriptor$$Lambda$363/2003891312.apply(Unknown Source)
		at org.junit.jupiter.engine.execution.ExecutableInvoker$ReflectiveInterceptorCall.lambda$ofVoidMethod$0(ExecutableInvoker.java:115)
		at org.junit.jupiter.engine.execution.ExecutableInvoker$ReflectiveInterceptorCall$$Lambda$230/315860201.apply(Unknown Source)
		at org.junit.jupiter.engine.execution.ExecutableInvoker.lambda$invoke$0(ExecutableInvoker.java:105)
		at org.junit.jupiter.engine.execution.ExecutableInvoker$$Lambda$231/720167805.apply(Unknown Source)
		at org.junit.jupiter.engine.execution.InvocationInterceptorChain$InterceptedInvocation.proceed(InvocationInterceptorChain.java:106)
		at org.junit.jupiter.engine.execution.InvocationInterceptorChain.proceed(InvocationInterceptorChain.java:64)
		at org.junit.jupiter.engine.execution.InvocationInterceptorChain.chainAndInvoke(InvocationInterceptorChain.java:45)
		at org.junit.jupiter.engine.execution.InvocationInterceptorChain.invoke(InvocationInterceptorChain.java:37)
		at org.junit.jupiter.engine.execution.ExecutableInvoker.invoke(ExecutableInvoker.java:104)
		at org.junit.jupiter.engine.execution.ExecutableInvoker.invoke(ExecutableInvoker.java:98)
		at org.junit.jupiter.engine.descriptor.ClassBasedTestDescriptor.invokeMethodInExtensionContext(ClassBasedTestDescriptor.java:481)
		at org.junit.jupiter.engine.descriptor.ClassBasedTestDescriptor.lambda$synthesizeAfterEachMethodAdapter$19(ClassBasedTestDescriptor.java:471)
		at org.junit.jupiter.engine.descriptor.ClassBasedTestDescriptor$$Lambda$206/1371006431.invokeAfterEachMethod(Unknown Source)
		at org.junit.jupiter.engine.descriptor.TestMethodTestDescriptor.lambda$invokeAfterEachMethods$9(TestMethodTestDescriptor.java:238)
		at org.junit.jupiter.engine.descriptor.TestMethodTestDescriptor$$Lambda$362/221634215.invoke(Unknown Source)
		at org.junit.jupiter.engine.descriptor.TestMethodTestDescriptor.lambda$invokeAllAfterMethodsOrCallbacks$12(TestMethodTestDescriptor.java:271)
		at org.junit.jupiter.engine.descriptor.TestMethodTestDescriptor$$Lambda$361/664792509.execute(Unknown Source)
		at org.junit.platform.engine.support.hierarchical.ThrowableCollector.execute(ThrowableCollector.java:73)
		at org.junit.jupiter.engine.descriptor.TestMethodTestDescriptor.lambda$invokeAllAfterMethodsOrCallbacks$13(TestMethodTestDescriptor.java:271)
		at org.junit.jupiter.engine.descriptor.TestMethodTestDescriptor$$Lambda$360/1965237677.accept(Unknown Source)
		at java.util.ArrayList.forEach(ArrayList.java:1249)
		at org.junit.jupiter.engine.descriptor.TestMethodTestDescriptor.invokeAllAfterMethodsOrCallbacks(TestMethodTestDescriptor.java:270)
		at org.junit.jupiter.engine.descriptor.TestMethodTestDescriptor.invokeAfterEachMethods(TestMethodTestDescriptor.java:236)
		at org.junit.jupiter.engine.descriptor.TestMethodTestDescriptor.execute(TestMethodTestDescriptor.java:141)
		at org.junit.jupiter.engine.descriptor.TestMethodTestDescriptor.execute(TestMethodTestDescriptor.java:71)
		at org.junit.platform.engine.support.hierarchical.NodeTestTask.lambda$executeRecursively$5(NodeTestTask.java:135)
		at org.junit.platform.engine.support.hierarchical.NodeTestTask$$Lambda$176/1239548589.execute(Unknown Source)
		at org.junit.platform.engine.support.hierarchical.ThrowableCollector.execute(ThrowableCollector.java:73)
		at org.junit.platform.engine.support.hierarchical.NodeTestTask.lambda$executeRecursively$7(NodeTestTask.java:125)
		at org.junit.platform.engine.support.hierarchical.NodeTestTask$$Lambda$175/1634132079.invoke(Unknown Source)
		at org.junit.platform.engine.support.hierarchical.Node.around(Node.java:135)
		at org.junit.platform.engine.support.hierarchical.NodeTestTask.lambda$executeRecursively$8(NodeTestTask.java:123)
		at org.junit.platform.engine.support.hierarchical.NodeTestTask$$Lambda$174/112619572.execute(Unknown Source)
		at org.junit.platform.engine.support.hierarchical.ThrowableCollector.execute(ThrowableCollector.java:73)
		at org.junit.platform.engine.support.hierarchical.NodeTestTask.executeRecursively(NodeTestTask.java:122)
		at org.junit.platform.engine.support.hierarchical.NodeTestTask.execute(NodeTestTask.java:80)
		at org.junit.platform.engine.support.hierarchical.SameThreadHierarchicalTestExecutorService.submit(SameThreadHierarchicalTestExecutorService.java:32)
		at org.junit.platform.engine.support.hierarchical.NodeTestTask$DefaultDynamicTestExecutor.execute(NodeTestTask.java:198)
		at org.junit.jupiter.engine.descriptor.TestTemplateTestDescriptor.execute(TestTemplateTestDescriptor.java:138)
		at org.junit.jupiter.engine.descriptor.TestTemplateTestDescriptor.lambda$execute$2(TestTemplateTestDescriptor.java:106)
		at org.junit.jupiter.engine.descriptor.TestTemplateTestDescriptor$$Lambda$252/1846406218.accept(Unknown Source)
		at java.util.stream.ForEachOps$ForEachOp$OfRef.accept(ForEachOps.java:183)
		at java.util.stream.ReferencePipeline$3$1.accept(ReferencePipeline.java:193)
		at java.util.stream.ReferencePipeline$2$1.accept(ReferencePipeline.java:175)
		at java.util.stream.ReferencePipeline$3$1.accept(ReferencePipeline.java:193)
		at java.util.stream.ForEachOps$ForEachOp$OfRef.accept(ForEachOps.java:183)
		at java.util.stream.ReferencePipeline$11$1.accept(ReferencePipeline.java:373)
		at java.util.stream.ReferencePipeline$3$1.accept(ReferencePipeline.java:193)
		at java.util.stream.ReferencePipeline$3$1.accept(ReferencePipeline.java:193)
		at java.util.stream.ReferencePipeline$3$1.accept(ReferencePipeline.java:193)
		at java.util.stream.ForEachOps$ForEachOp$OfRef.accept(ForEachOps.java:183)
		at java.util.stream.ReferencePipeline$3$1.accept(ReferencePipeline.java:193)
		at java.util.Spliterators$ArraySpliterator.forEachRemaining(Spliterators.java:948)
		at java.util.stream.ReferencePipeline$Head.forEach(ReferencePipeline.java:580)
		at java.util.stream.ReferencePipeline$7$1.accept(ReferencePipeline.java:270)
		at java.util.stream.ReferencePipeline$3$1.accept(ReferencePipeline.java:193)
		at java.util.stream.ReferencePipeline$3$1.accept(ReferencePipeline.java:193)
		at java.util.Spliterators$ArraySpliterator.forEachRemaining(Spliterators.java:948)
		at java.util.stream.AbstractPipeline.copyInto(AbstractPipeline.java:512)
		at java.util.stream.AbstractPipeline.wrapAndCopyInto(AbstractPipeline.java:502)
		at java.util.stream.ForEachOps$ForEachOp.evaluateSequential(ForEachOps.java:150)
		at java.util.stream.ForEachOps$ForEachOp$OfRef.evaluateSequential(ForEachOps.java:173)
		at java.util.stream.AbstractPipeline.evaluate(AbstractPipeline.java:234)
		at java.util.stream.ReferencePipeline.forEach(ReferencePipeline.java:418)
		at java.util.stream.ReferencePipeline$7$1.accept(ReferencePipeline.java:270)
		at java.util.stream.ReferencePipeline$3$1.accept(ReferencePipeline.java:193)
		at java.util.stream.ReferencePipeline$3$1.accept(ReferencePipeline.java:193)
		at java.util.stream.ReferencePipeline$3$1.accept(ReferencePipeline.java:193)
		at java.util.ArrayList$ArrayListSpliterator.forEachRemaining(ArrayList.java:1374)
		at java.util.stream.AbstractPipeline.copyInto(AbstractPipeline.java:512)
		at java.util.stream.AbstractPipeline.wrapAndCopyInto(AbstractPipeline.java:502)
		at java.util.stream.ForEachOps$ForEachOp.evaluateSequential(ForEachOps.java:150)
		at java.util.stream.ForEachOps$ForEachOp$OfRef.evaluateSequential(ForEachOps.java:173)
		at java.util.stream.AbstractPipeline.evaluate(AbstractPipeline.java:234)
		at java.util.stream.ReferencePipeline.forEach(ReferencePipeline.java:418)
		at java.util.stream.ReferencePipeline$7$1.accept(ReferencePipeline.java:270)
		at java.util.ArrayList$ArrayListSpliterator.forEachRemaining(ArrayList.java:1374)
		at java.util.stream.AbstractPipeline.copyInto(AbstractPipeline.java:512)
		at java.util.stream.AbstractPipeline.wrapAndCopyInto(AbstractPipeline.java:502)
		at java.util.stream.ForEachOps$ForEachOp.evaluateSequential(ForEachOps.java:150)
		at java.util.stream.ForEachOps$ForEachOp$OfRef.evaluateSequential(ForEachOps.java:173)
		at java.util.stream.AbstractPipeline.evaluate(AbstractPipeline.java:234)
		at java.util.stream.ReferencePipeline.forEach(ReferencePipeline.java:418)
		at org.junit.jupiter.engine.descriptor.TestTemplateTestDescriptor.execute(TestTemplateTestDescriptor.java:106)
		at org.junit.jupiter.engine.descriptor.TestTemplateTestDescriptor.execute(TestTemplateTestDescriptor.java:41)
		at org.junit.platform.engine.support.hierarchical.NodeTestTask.lambda$executeRecursively$5(NodeTestTask.java:135)
		at org.junit.platform.engine.support.hierarchical.NodeTestTask$$Lambda$176/1239548589.execute(Unknown Source)
		at org.junit.platform.engine.support.hierarchical.ThrowableCollector.execute(ThrowableCollector.java:73)
		at org.junit.platform.engine.support.hierarchical.NodeTestTask.lambda$executeRecursively$7(NodeTestTask.java:125)
		at org.junit.platform.engine.support.hierarchical.NodeTestTask$$Lambda$175/1634132079.invoke(Unknown Source)
		at org.junit.platform.engine.support.hierarchical.Node.around(Node.java:135)
		at org.junit.platform.engine.support.hierarchical.NodeTestTask.lambda$executeRecursively$8(NodeTestTask.java:123)
		at org.junit.platform.engine.support.hierarchical.NodeTestTask$$Lambda$174/112619572.execute(Unknown Source)
		at org.junit.platform.engine.support.hierarchical.ThrowableCollector.execute(ThrowableCollector.java:73)
		at org.junit.platform.engine.support.hierarchical.NodeTestTask.executeRecursively(NodeTestTask.java:122)
		at org.junit.platform.engine.support.hierarchical.NodeTestTask.execute(NodeTestTask.java:80)
		at org.junit.platform.engine.support.hierarchical.SameThreadHierarchicalTestExecutorService$$Lambda$180/667346055.accept(Unknown Source)
		at java.util.ArrayList.forEach(ArrayList.java:1249)
		at org.junit.platform.engine.support.hierarchical.SameThreadHierarchicalTestExecutorService.invokeAll(SameThreadHierarchicalTestExecutorService.java:38)
		at org.junit.platform.engine.support.hierarchical.NodeTestTask.lambda$executeRecursively$5(NodeTestTask.java:139)
		at org.junit.platform.engine.support.hierarchical.NodeTestTask$$Lambda$176/1239548589.execute(Unknown Source)
		at org.junit.platform.engine.support.hierarchical.ThrowableCollector.execute(ThrowableCollector.java:73)
		at org.junit.platform.engine.support.hierarchical.NodeTestTask.lambda$executeRecursively$7(NodeTestTask.java:125)
		at org.junit.platform.engine.support.hierarchical.NodeTestTask$$Lambda$175/1634132079.invoke(Unknown Source)
		at org.junit.platform.engine.support.hierarchical.Node.around(Node.java:135)
		at org.junit.platform.engine.support.hierarchical.NodeTestTask.lambda$executeRecursively$8(NodeTestTask.java:123)
		at org.junit.platform.engine.support.hierarchical.NodeTestTask$$Lambda$174/112619572.execute(Unknown Source)
		at org.junit.platform.engine.support.hierarchical.ThrowableCollector.execute(ThrowableCollector.java:73)
		at org.junit.platform.engine.support.hierarchical.NodeTestTask.executeRecursively(NodeTestTask.java:122)
		at org.junit.platform.engine.support.hierarchical.NodeTestTask.execute(NodeTestTask.java:80)
		at org.junit.platform.engine.support.hierarchical.SameThreadHierarchicalTestExecutorService$$Lambda$180/667346055.accept(Unknown Source)
		at java.util.ArrayList.forEach(ArrayList.java:1249)
		at org.junit.platform.engine.support.hierarchical.SameThreadHierarchicalTestExecutorService.invokeAll(SameThreadHierarchicalTestExecutorService.java:38)
		at org.junit.platform.engine.support.hierarchical.NodeTestTask.lambda$executeRecursively$5(NodeTestTask.java:139)
		at org.junit.platform.engine.support.hierarchical.NodeTestTask$$Lambda$176/1239548589.execute(Unknown Source)
		at org.junit.platform.engine.support.hierarchical.ThrowableCollector.execute(ThrowableCollector.java:73)
		at org.junit.platform.engine.support.hierarchical.NodeTestTask.lambda$executeRecursively$7(NodeTestTask.java:125)
		at org.junit.platform.engine.support.hierarchical.NodeTestTask$$Lambda$175/1634132079.invoke(Unknown Source)
		at org.junit.platform.engine.support.hierarchical.Node.around(Node.java:135)
		at org.junit.platform.engine.support.hierarchical.NodeTestTask.lambda$executeRecursively$8(NodeTestTask.java:123)
		at org.junit.platform.engine.support.hierarchical.NodeTestTask$$Lambda$174/112619572.execute(Unknown Source)
		at org.junit.platform.engine.support.hierarchical.ThrowableCollector.execute(ThrowableCollector.java:73)
		at org.junit.platform.engine.support.hierarchical.NodeTestTask.executeRecursively(NodeTestTask.java:122)
		at org.junit.platform.engine.support.hierarchical.NodeTestTask.execute(NodeTestTask.java:80)
		at org.junit.platform.engine.support.hierarchical.SameThreadHierarchicalTestExecutorService.submit(SameThreadHierarchicalTestExecutorService.java:32)
		at org.junit.platform.engine.support.hierarchical.HierarchicalTestExecutor.execute(HierarchicalTestExecutor.java:57)
		at org.junit.platform.engine.support.hierarchical.HierarchicalTestEngine.execute(HierarchicalTestEngine.java:51)
		at org.junit.platform.launcher.core.DefaultLauncher.execute(DefaultLauncher.java:248)
		at org.junit.platform.launcher.core.DefaultLauncher.lambda$execute$5(DefaultLauncher.java:211)
		at org.junit.platform.launcher.core.DefaultLauncher$$Lambda$140/1414147750.accept(Unknown Source)
		at org.junit.platform.launcher.core.DefaultLauncher.withInterceptedStreams(DefaultLauncher.java:226)
		at org.junit.platform.launcher.core.DefaultLauncher.execute(DefaultLauncher.java:199)
		at org.junit.platform.launcher.core.DefaultLauncher.execute(DefaultLauncher.java:132)
		at org.apache.maven.surefire.junitplatform.JUnitPlatformProvider.invokeAllTests(JUnitPlatformProvider.java:142)
		at org.apache.maven.surefire.junitplatform.JUnitPlatformProvider.invoke(JUnitPlatformProvider.java:113)
		at org.apache.maven.surefire.booter.ForkedBooter.invokeProviderInSameClassLoader(ForkedBooter.java:384)
		at org.apache.maven.surefire.booter.ForkedBooter.runSuitesInProcess(ForkedBooter.java:345)
		at org.apache.maven.surefire.booter.ForkedBooter.execute(ForkedBooter.java:126)
		at org.apache.maven.surefire.booter.ForkedBooter.main(ForkedBooter.java:418)
]]></error>
    <system-out><![CDATA[2021-11-08 11:10:49,490 [myid:] - INFO  [main:PortAssignment@87] - Assigned port 24719 from range 24686 - 27378.
2021-11-08 11:10:49,492 [myid:] - INFO  [main:ZKTestCase@77] - STARTING Optional[public void org.apache.zookeeper.server.quorum.QuorumRequestPipelineTest.testSetAndGetChildren(org.apache.zookeeper.server.quorum.QuorumPeer$ServerState) throws java.lang.Exception]
2021-11-08 11:10:49,493 [myid:] - INFO  [main:QuorumBase@81] - QuorumBase.setup null
2021-11-08 11:10:49,494 [myid:] - INFO  [main:JMXEnv@58] - connecting to addr service:jmx:rmi://127.0.0.1/stub/rO0ABXNyAC5qYXZheC5tYW5hZ2VtZW50LnJlbW90ZS5ybWkuUk1JU2VydmVySW1wbF9TdHViAAAAAAAAAAICAAB4cgAaamF2YS5ybWkuc2VydmVyLlJlbW90ZVN0dWLp/tzJi+FlGgIAAHhyABxqYXZhLnJtaS5zZXJ2ZXIuUmVtb3RlT2JqZWN002G0kQxhMx4DAAB4cHc6AAtVbmljYXN0UmVmMgAADzE2OS4yNTQuMTU2LjIzMQAACXn+jLBT9QhFHmrMPREAAAF8/YbC74AOAHg=
2021-11-08 11:10:49,497 [myid:] - INFO  [main:PortAssignment@87] - Assigned port 24720 from range 24686 - 27378.
2021-11-08 11:10:49,498 [myid:] - INFO  [main:PortAssignment@87] - Assigned port 24721 from range 24686 - 27378.
2021-11-08 11:10:49,498 [myid:] - INFO  [main:PortAssignment@87] - Assigned port 24722 from range 24686 - 27378.
2021-11-08 11:10:49,499 [myid:] - INFO  [main:PortAssignment@87] - Assigned port 24723 from range 24686 - 27378.
2021-11-08 11:10:49,499 [myid:] - INFO  [main:PortAssignment@87] - Assigned port 24724 from range 24686 - 27378.
2021-11-08 11:10:49,499 [myid:] - INFO  [main:PortAssignment@87] - Assigned port 24725 from range 24686 - 27378.
2021-11-08 11:10:49,500 [myid:] - INFO  [main:PortAssignment@87] - Assigned port 24726 from range 24686 - 27378.
2021-11-08 11:10:49,500 [myid:] - INFO  [main:PortAssignment@87] - Assigned port 24727 from range 24686 - 27378.
2021-11-08 11:10:49,501 [myid:] - INFO  [main:PortAssignment@87] - Assigned port 24728 from range 24686 - 27378.
2021-11-08 11:10:49,501 [myid:] - INFO  [main:PortAssignment@87] - Assigned port 24729 from range 24686 - 27378.
2021-11-08 11:10:49,501 [myid:] - INFO  [main:PortAssignment@87] - Assigned port 24730 from range 24686 - 27378.
2021-11-08 11:10:49,502 [myid:] - INFO  [main:PortAssignment@87] - Assigned port 24731 from range 24686 - 27378.
2021-11-08 11:10:49,502 [myid:] - INFO  [main:PortAssignment@87] - Assigned port 24732 from range 24686 - 27378.
2021-11-08 11:10:49,503 [myid:] - INFO  [main:PortAssignment@87] - Assigned port 24733 from range 24686 - 27378.
2021-11-08 11:10:49,503 [myid:] - INFO  [main:PortAssignment@87] - Assigned port 24734 from range 24686 - 27378.
2021-11-08 11:10:49,503 [myid:] - INFO  [main:QuorumBase@116] - Ports are: 127.0.0.1:24730,127.0.0.1:24731,127.0.0.1:24732,127.0.0.1:24733,127.0.0.1:24734
2021-11-08 11:10:49,507 [myid:] - INFO  [main:QuorumBase@155] - creating QuorumPeer 1 port 24730
2021-11-08 11:10:49,508 [myid:] - INFO  [main:ServerCnxnFactory@169] - Using org.apache.zookeeper.server.NIOServerCnxnFactory as server connection factory
2021-11-08 11:10:49,508 [myid:] - WARN  [main:ServerCnxnFactory@309] - maxCnxns is not configured, using default value 0.
2021-11-08 11:10:49,508 [myid:] - INFO  [main:NIOServerCnxnFactory@652] - Configuring NIO connection handler with 10s sessionless connection timeout, 1 selector thread(s), 12 worker threads, and 64 kB direct buffers.
2021-11-08 11:10:49,509 [myid:] - INFO  [main:NIOServerCnxnFactory@660] - binding to port /127.0.0.1:24730
2021-11-08 11:10:49,510 [myid:] - INFO  [main:FileTxnSnapLog@124] - zookeeper.snapshot.trust.empty : false
2021-11-08 11:10:49,512 [myid:] - INFO  [main:ZKTestCase@82] - FINISHED Optional[public void org.apache.zookeeper.server.quorum.QuorumRequestPipelineTest.testSetAndGetChildren(org.apache.zookeeper.server.quorum.QuorumPeer$ServerState) throws java.lang.Exception]
]]></system-out>
  </testcase>
  <testcase name="testSetAndGetACL{ServerState}[1]" classname="org.apache.zookeeper.server.quorum.QuorumRequestPipelineTest" time="0.03">
    <error message="org/apache/zookeeper/ZooDefs$Ids" type="java.lang.NoClassDefFoundError"><![CDATA[java.lang.NoClassDefFoundError: org/apache/zookeeper/ZooDefs$Ids
	at org.apache.zookeeper.server.DataTree.addConfigNode(DataTree.java:327)
	at org.apache.zookeeper.server.DataTree.<init>(DataTree.java:300)
	at org.apache.zookeeper.server.DataTree.<init>(DataTree.java:282)
	at org.apache.zookeeper.server.ZKDatabase.createDataTree(ZKDatabase.java:727)
	at org.apache.zookeeper.server.ZKDatabase.<init>(ZKDatabase.java:110)
	at org.apache.zookeeper.server.quorum.QuorumPeer.<init>(QuorumPeer.java:1098)
	at org.apache.zookeeper.server.quorum.QuorumPeer.<init>(QuorumPeer.java:1242)
	at org.apache.zookeeper.test.QuorumBase.startServers(QuorumBase.java:156)
	at org.apache.zookeeper.test.QuorumBase.setUp(QuorumBase.java:124)
	at org.apache.zookeeper.server.quorum.QuorumRequestPipelineTest.setUp(QuorumRequestPipelineTest.java:72)
	at org.apache.zookeeper.server.quorum.QuorumRequestPipelineTest.testSetAndGetACL(QuorumRequestPipelineTest.java:135)
	Suppressed: java.lang.NullPointerException
		at org.apache.zookeeper.server.quorum.QuorumRequestPipelineTest.tearDown(QuorumRequestPipelineTest.java:80)
		at sun.reflect.NativeMethodAccessorImpl.invoke0(Native Method)
		at sun.reflect.NativeMethodAccessorImpl.invoke(NativeMethodAccessorImpl.java:62)
		at sun.reflect.DelegatingMethodAccessorImpl.invoke(DelegatingMethodAccessorImpl.java:43)
		at java.lang.reflect.Method.invoke(Method.java:483)
		at org.junit.platform.commons.util.ReflectionUtils.invokeMethod(ReflectionUtils.java:686)
		at org.junit.jupiter.engine.execution.MethodInvocation.proceed(MethodInvocation.java:60)
		at org.junit.jupiter.engine.execution.InvocationInterceptorChain$ValidatingInvocation.proceed(InvocationInterceptorChain.java:131)
		at org.junit.jupiter.engine.extension.TimeoutExtension.intercept(TimeoutExtension.java:149)
		at org.junit.jupiter.engine.extension.TimeoutExtension.interceptLifecycleMethod(TimeoutExtension.java:126)
		at org.junit.jupiter.engine.extension.TimeoutExtension.interceptAfterEachMethod(TimeoutExtension.java:108)
		at org.junit.jupiter.engine.descriptor.ClassBasedTestDescriptor$$Lambda$363/2003891312.apply(Unknown Source)
		at org.junit.jupiter.engine.execution.ExecutableInvoker$ReflectiveInterceptorCall.lambda$ofVoidMethod$0(ExecutableInvoker.java:115)
		at org.junit.jupiter.engine.execution.ExecutableInvoker$ReflectiveInterceptorCall$$Lambda$230/315860201.apply(Unknown Source)
		at org.junit.jupiter.engine.execution.ExecutableInvoker.lambda$invoke$0(ExecutableInvoker.java:105)
		at org.junit.jupiter.engine.execution.ExecutableInvoker$$Lambda$231/720167805.apply(Unknown Source)
		at org.junit.jupiter.engine.execution.InvocationInterceptorChain$InterceptedInvocation.proceed(InvocationInterceptorChain.java:106)
		at org.junit.jupiter.engine.execution.InvocationInterceptorChain.proceed(InvocationInterceptorChain.java:64)
		at org.junit.jupiter.engine.execution.InvocationInterceptorChain.chainAndInvoke(InvocationInterceptorChain.java:45)
		at org.junit.jupiter.engine.execution.InvocationInterceptorChain.invoke(InvocationInterceptorChain.java:37)
		at org.junit.jupiter.engine.execution.ExecutableInvoker.invoke(ExecutableInvoker.java:104)
		at org.junit.jupiter.engine.execution.ExecutableInvoker.invoke(ExecutableInvoker.java:98)
		at org.junit.jupiter.engine.descriptor.ClassBasedTestDescriptor.invokeMethodInExtensionContext(ClassBasedTestDescriptor.java:481)
		at org.junit.jupiter.engine.descriptor.ClassBasedTestDescriptor.lambda$synthesizeAfterEachMethodAdapter$19(ClassBasedTestDescriptor.java:471)
		at org.junit.jupiter.engine.descriptor.ClassBasedTestDescriptor$$Lambda$206/1371006431.invokeAfterEachMethod(Unknown Source)
		at org.junit.jupiter.engine.descriptor.TestMethodTestDescriptor.lambda$invokeAfterEachMethods$9(TestMethodTestDescriptor.java:238)
		at org.junit.jupiter.engine.descriptor.TestMethodTestDescriptor$$Lambda$362/221634215.invoke(Unknown Source)
		at org.junit.jupiter.engine.descriptor.TestMethodTestDescriptor.lambda$invokeAllAfterMethodsOrCallbacks$12(TestMethodTestDescriptor.java:271)
		at org.junit.jupiter.engine.descriptor.TestMethodTestDescriptor$$Lambda$361/664792509.execute(Unknown Source)
		at org.junit.platform.engine.support.hierarchical.ThrowableCollector.execute(ThrowableCollector.java:73)
		at org.junit.jupiter.engine.descriptor.TestMethodTestDescriptor.lambda$invokeAllAfterMethodsOrCallbacks$13(TestMethodTestDescriptor.java:271)
		at org.junit.jupiter.engine.descriptor.TestMethodTestDescriptor$$Lambda$360/1965237677.accept(Unknown Source)
		at java.util.ArrayList.forEach(ArrayList.java:1249)
		at org.junit.jupiter.engine.descriptor.TestMethodTestDescriptor.invokeAllAfterMethodsOrCallbacks(TestMethodTestDescriptor.java:270)
		at org.junit.jupiter.engine.descriptor.TestMethodTestDescriptor.invokeAfterEachMethods(TestMethodTestDescriptor.java:236)
		at org.junit.jupiter.engine.descriptor.TestMethodTestDescriptor.execute(TestMethodTestDescriptor.java:141)
		at org.junit.jupiter.engine.descriptor.TestMethodTestDescriptor.execute(TestMethodTestDescriptor.java:71)
		at org.junit.platform.engine.support.hierarchical.NodeTestTask.lambda$executeRecursively$5(NodeTestTask.java:135)
		at org.junit.platform.engine.support.hierarchical.NodeTestTask$$Lambda$176/1239548589.execute(Unknown Source)
		at org.junit.platform.engine.support.hierarchical.ThrowableCollector.execute(ThrowableCollector.java:73)
		at org.junit.platform.engine.support.hierarchical.NodeTestTask.lambda$executeRecursively$7(NodeTestTask.java:125)
		at org.junit.platform.engine.support.hierarchical.NodeTestTask$$Lambda$175/1634132079.invoke(Unknown Source)
		at org.junit.platform.engine.support.hierarchical.Node.around(Node.java:135)
		at org.junit.platform.engine.support.hierarchical.NodeTestTask.lambda$executeRecursively$8(NodeTestTask.java:123)
		at org.junit.platform.engine.support.hierarchical.NodeTestTask$$Lambda$174/112619572.execute(Unknown Source)
		at org.junit.platform.engine.support.hierarchical.ThrowableCollector.execute(ThrowableCollector.java:73)
		at org.junit.platform.engine.support.hierarchical.NodeTestTask.executeRecursively(NodeTestTask.java:122)
		at org.junit.platform.engine.support.hierarchical.NodeTestTask.execute(NodeTestTask.java:80)
		at org.junit.platform.engine.support.hierarchical.SameThreadHierarchicalTestExecutorService.submit(SameThreadHierarchicalTestExecutorService.java:32)
		at org.junit.platform.engine.support.hierarchical.NodeTestTask$DefaultDynamicTestExecutor.execute(NodeTestTask.java:198)
		at org.junit.jupiter.engine.descriptor.TestTemplateTestDescriptor.execute(TestTemplateTestDescriptor.java:138)
		at org.junit.jupiter.engine.descriptor.TestTemplateTestDescriptor.lambda$execute$2(TestTemplateTestDescriptor.java:106)
		at org.junit.jupiter.engine.descriptor.TestTemplateTestDescriptor$$Lambda$252/1846406218.accept(Unknown Source)
		at java.util.stream.ForEachOps$ForEachOp$OfRef.accept(ForEachOps.java:183)
		at java.util.stream.ReferencePipeline$3$1.accept(ReferencePipeline.java:193)
		at java.util.stream.ReferencePipeline$2$1.accept(ReferencePipeline.java:175)
		at java.util.stream.ReferencePipeline$3$1.accept(ReferencePipeline.java:193)
		at java.util.stream.ForEachOps$ForEachOp$OfRef.accept(ForEachOps.java:183)
		at java.util.stream.ReferencePipeline$11$1.accept(ReferencePipeline.java:373)
		at java.util.stream.ReferencePipeline$3$1.accept(ReferencePipeline.java:193)
		at java.util.stream.ReferencePipeline$3$1.accept(ReferencePipeline.java:193)
		at java.util.stream.ReferencePipeline$3$1.accept(ReferencePipeline.java:193)
		at java.util.stream.ForEachOps$ForEachOp$OfRef.accept(ForEachOps.java:183)
		at java.util.stream.ReferencePipeline$3$1.accept(ReferencePipeline.java:193)
		at java.util.Spliterators$ArraySpliterator.forEachRemaining(Spliterators.java:948)
		at java.util.stream.ReferencePipeline$Head.forEach(ReferencePipeline.java:580)
		at java.util.stream.ReferencePipeline$7$1.accept(ReferencePipeline.java:270)
		at java.util.stream.ReferencePipeline$3$1.accept(ReferencePipeline.java:193)
		at java.util.stream.ReferencePipeline$3$1.accept(ReferencePipeline.java:193)
		at java.util.Spliterators$ArraySpliterator.forEachRemaining(Spliterators.java:948)
		at java.util.stream.AbstractPipeline.copyInto(AbstractPipeline.java:512)
		at java.util.stream.AbstractPipeline.wrapAndCopyInto(AbstractPipeline.java:502)
		at java.util.stream.ForEachOps$ForEachOp.evaluateSequential(ForEachOps.java:150)
		at java.util.stream.ForEachOps$ForEachOp$OfRef.evaluateSequential(ForEachOps.java:173)
		at java.util.stream.AbstractPipeline.evaluate(AbstractPipeline.java:234)
		at java.util.stream.ReferencePipeline.forEach(ReferencePipeline.java:418)
		at java.util.stream.ReferencePipeline$7$1.accept(ReferencePipeline.java:270)
		at java.util.stream.ReferencePipeline$3$1.accept(ReferencePipeline.java:193)
		at java.util.stream.ReferencePipeline$3$1.accept(ReferencePipeline.java:193)
		at java.util.stream.ReferencePipeline$3$1.accept(ReferencePipeline.java:193)
		at java.util.ArrayList$ArrayListSpliterator.forEachRemaining(ArrayList.java:1374)
		at java.util.stream.AbstractPipeline.copyInto(AbstractPipeline.java:512)
		at java.util.stream.AbstractPipeline.wrapAndCopyInto(AbstractPipeline.java:502)
		at java.util.stream.ForEachOps$ForEachOp.evaluateSequential(ForEachOps.java:150)
		at java.util.stream.ForEachOps$ForEachOp$OfRef.evaluateSequential(ForEachOps.java:173)
		at java.util.stream.AbstractPipeline.evaluate(AbstractPipeline.java:234)
		at java.util.stream.ReferencePipeline.forEach(ReferencePipeline.java:418)
		at java.util.stream.ReferencePipeline$7$1.accept(ReferencePipeline.java:270)
		at java.util.ArrayList$ArrayListSpliterator.forEachRemaining(ArrayList.java:1374)
		at java.util.stream.AbstractPipeline.copyInto(AbstractPipeline.java:512)
		at java.util.stream.AbstractPipeline.wrapAndCopyInto(AbstractPipeline.java:502)
		at java.util.stream.ForEachOps$ForEachOp.evaluateSequential(ForEachOps.java:150)
		at java.util.stream.ForEachOps$ForEachOp$OfRef.evaluateSequential(ForEachOps.java:173)
		at java.util.stream.AbstractPipeline.evaluate(AbstractPipeline.java:234)
		at java.util.stream.ReferencePipeline.forEach(ReferencePipeline.java:418)
		at org.junit.jupiter.engine.descriptor.TestTemplateTestDescriptor.execute(TestTemplateTestDescriptor.java:106)
		at org.junit.jupiter.engine.descriptor.TestTemplateTestDescriptor.execute(TestTemplateTestDescriptor.java:41)
		at org.junit.platform.engine.support.hierarchical.NodeTestTask.lambda$executeRecursively$5(NodeTestTask.java:135)
		at org.junit.platform.engine.support.hierarchical.NodeTestTask$$Lambda$176/1239548589.execute(Unknown Source)
		at org.junit.platform.engine.support.hierarchical.ThrowableCollector.execute(ThrowableCollector.java:73)
		at org.junit.platform.engine.support.hierarchical.NodeTestTask.lambda$executeRecursively$7(NodeTestTask.java:125)
		at org.junit.platform.engine.support.hierarchical.NodeTestTask$$Lambda$175/1634132079.invoke(Unknown Source)
		at org.junit.platform.engine.support.hierarchical.Node.around(Node.java:135)
		at org.junit.platform.engine.support.hierarchical.NodeTestTask.lambda$executeRecursively$8(NodeTestTask.java:123)
		at org.junit.platform.engine.support.hierarchical.NodeTestTask$$Lambda$174/112619572.execute(Unknown Source)
		at org.junit.platform.engine.support.hierarchical.ThrowableCollector.execute(ThrowableCollector.java:73)
		at org.junit.platform.engine.support.hierarchical.NodeTestTask.executeRecursively(NodeTestTask.java:122)
		at org.junit.platform.engine.support.hierarchical.NodeTestTask.execute(NodeTestTask.java:80)
		at org.junit.platform.engine.support.hierarchical.SameThreadHierarchicalTestExecutorService$$Lambda$180/667346055.accept(Unknown Source)
		at java.util.ArrayList.forEach(ArrayList.java:1249)
		at org.junit.platform.engine.support.hierarchical.SameThreadHierarchicalTestExecutorService.invokeAll(SameThreadHierarchicalTestExecutorService.java:38)
		at org.junit.platform.engine.support.hierarchical.NodeTestTask.lambda$executeRecursively$5(NodeTestTask.java:139)
		at org.junit.platform.engine.support.hierarchical.NodeTestTask$$Lambda$176/1239548589.execute(Unknown Source)
		at org.junit.platform.engine.support.hierarchical.ThrowableCollector.execute(ThrowableCollector.java:73)
		at org.junit.platform.engine.support.hierarchical.NodeTestTask.lambda$executeRecursively$7(NodeTestTask.java:125)
		at org.junit.platform.engine.support.hierarchical.NodeTestTask$$Lambda$175/1634132079.invoke(Unknown Source)
		at org.junit.platform.engine.support.hierarchical.Node.around(Node.java:135)
		at org.junit.platform.engine.support.hierarchical.NodeTestTask.lambda$executeRecursively$8(NodeTestTask.java:123)
		at org.junit.platform.engine.support.hierarchical.NodeTestTask$$Lambda$174/112619572.execute(Unknown Source)
		at org.junit.platform.engine.support.hierarchical.ThrowableCollector.execute(ThrowableCollector.java:73)
		at org.junit.platform.engine.support.hierarchical.NodeTestTask.executeRecursively(NodeTestTask.java:122)
		at org.junit.platform.engine.support.hierarchical.NodeTestTask.execute(NodeTestTask.java:80)
		at org.junit.platform.engine.support.hierarchical.SameThreadHierarchicalTestExecutorService$$Lambda$180/667346055.accept(Unknown Source)
		at java.util.ArrayList.forEach(ArrayList.java:1249)
		at org.junit.platform.engine.support.hierarchical.SameThreadHierarchicalTestExecutorService.invokeAll(SameThreadHierarchicalTestExecutorService.java:38)
		at org.junit.platform.engine.support.hierarchical.NodeTestTask.lambda$executeRecursively$5(NodeTestTask.java:139)
		at org.junit.platform.engine.support.hierarchical.NodeTestTask$$Lambda$176/1239548589.execute(Unknown Source)
		at org.junit.platform.engine.support.hierarchical.ThrowableCollector.execute(ThrowableCollector.java:73)
		at org.junit.platform.engine.support.hierarchical.NodeTestTask.lambda$executeRecursively$7(NodeTestTask.java:125)
		at org.junit.platform.engine.support.hierarchical.NodeTestTask$$Lambda$175/1634132079.invoke(Unknown Source)
		at org.junit.platform.engine.support.hierarchical.Node.around(Node.java:135)
		at org.junit.platform.engine.support.hierarchical.NodeTestTask.lambda$executeRecursively$8(NodeTestTask.java:123)
		at org.junit.platform.engine.support.hierarchical.NodeTestTask$$Lambda$174/112619572.execute(Unknown Source)
		at org.junit.platform.engine.support.hierarchical.ThrowableCollector.execute(ThrowableCollector.java:73)
		at org.junit.platform.engine.support.hierarchical.NodeTestTask.executeRecursively(NodeTestTask.java:122)
		at org.junit.platform.engine.support.hierarchical.NodeTestTask.execute(NodeTestTask.java:80)
		at org.junit.platform.engine.support.hierarchical.SameThreadHierarchicalTestExecutorService.submit(SameThreadHierarchicalTestExecutorService.java:32)
		at org.junit.platform.engine.support.hierarchical.HierarchicalTestExecutor.execute(HierarchicalTestExecutor.java:57)
		at org.junit.platform.engine.support.hierarchical.HierarchicalTestEngine.execute(HierarchicalTestEngine.java:51)
		at org.junit.platform.launcher.core.DefaultLauncher.execute(DefaultLauncher.java:248)
		at org.junit.platform.launcher.core.DefaultLauncher.lambda$execute$5(DefaultLauncher.java:211)
		at org.junit.platform.launcher.core.DefaultLauncher$$Lambda$140/1414147750.accept(Unknown Source)
		at org.junit.platform.launcher.core.DefaultLauncher.withInterceptedStreams(DefaultLauncher.java:226)
		at org.junit.platform.launcher.core.DefaultLauncher.execute(DefaultLauncher.java:199)
		at org.junit.platform.launcher.core.DefaultLauncher.execute(DefaultLauncher.java:132)
		at org.apache.maven.surefire.junitplatform.JUnitPlatformProvider.invokeAllTests(JUnitPlatformProvider.java:142)
		at org.apache.maven.surefire.junitplatform.JUnitPlatformProvider.invoke(JUnitPlatformProvider.java:113)
		at org.apache.maven.surefire.booter.ForkedBooter.invokeProviderInSameClassLoader(ForkedBooter.java:384)
		at org.apache.maven.surefire.booter.ForkedBooter.runSuitesInProcess(ForkedBooter.java:345)
		at org.apache.maven.surefire.booter.ForkedBooter.execute(ForkedBooter.java:126)
		at org.apache.maven.surefire.booter.ForkedBooter.main(ForkedBooter.java:418)
]]></error>
    <system-out><![CDATA[2021-11-08 11:10:49,516 [myid:] - INFO  [main:PortAssignment@87] - Assigned port 24735 from range 24686 - 27378.
2021-11-08 11:10:49,518 [myid:] - INFO  [main:ZKTestCase@77] - STARTING Optional[public void org.apache.zookeeper.server.quorum.QuorumRequestPipelineTest.testSetAndGetACL(org.apache.zookeeper.server.quorum.QuorumPeer$ServerState) throws java.lang.Exception]
2021-11-08 11:10:49,518 [myid:] - INFO  [main:QuorumBase@81] - QuorumBase.setup null
2021-11-08 11:10:49,519 [myid:] - INFO  [main:JMXEnv@58] - connecting to addr service:jmx:rmi://127.0.0.1/stub/rO0ABXNyAC5qYXZheC5tYW5hZ2VtZW50LnJlbW90ZS5ybWkuUk1JU2VydmVySW1wbF9TdHViAAAAAAAAAAICAAB4cgAaamF2YS5ybWkuc2VydmVyLlJlbW90ZVN0dWLp/tzJi+FlGgIAAHhyABxqYXZhLnJtaS5zZXJ2ZXIuUmVtb3RlT2JqZWN002G0kQxhMx4DAAB4cHc6AAtVbmljYXN0UmVmMgAADzE2OS4yNTQuMTU2LjIzMQAACXkQpLNa/wuKxWrMPREAAAF8/YbC74AUAHg=
2021-11-08 11:10:49,523 [myid:] - INFO  [main:PortAssignment@87] - Assigned port 24736 from range 24686 - 27378.
2021-11-08 11:10:49,523 [myid:] - INFO  [main:PortAssignment@87] - Assigned port 24737 from range 24686 - 27378.
2021-11-08 11:10:49,524 [myid:] - INFO  [main:PortAssignment@87] - Assigned port 24738 from range 24686 - 27378.
2021-11-08 11:10:49,524 [myid:] - INFO  [main:PortAssignment@87] - Assigned port 24739 from range 24686 - 27378.
2021-11-08 11:10:49,525 [myid:] - INFO  [main:PortAssignment@87] - Assigned port 24740 from range 24686 - 27378.
2021-11-08 11:10:49,525 [myid:] - INFO  [main:PortAssignment@87] - Assigned port 24741 from range 24686 - 27378.
2021-11-08 11:10:49,525 [myid:] - INFO  [main:PortAssignment@87] - Assigned port 24742 from range 24686 - 27378.
2021-11-08 11:10:49,526 [myid:] - INFO  [main:PortAssignment@87] - Assigned port 24743 from range 24686 - 27378.
2021-11-08 11:10:49,526 [myid:] - INFO  [main:PortAssignment@87] - Assigned port 24744 from range 24686 - 27378.
2021-11-08 11:10:49,527 [myid:] - INFO  [main:PortAssignment@87] - Assigned port 24745 from range 24686 - 27378.
2021-11-08 11:10:49,527 [myid:] - INFO  [main:PortAssignment@87] - Assigned port 24746 from range 24686 - 27378.
2021-11-08 11:10:49,527 [myid:] - INFO  [main:PortAssignment@87] - Assigned port 24747 from range 24686 - 27378.
2021-11-08 11:10:49,528 [myid:] - INFO  [main:PortAssignment@87] - Assigned port 24748 from range 24686 - 27378.
2021-11-08 11:10:49,528 [myid:] - INFO  [main:PortAssignment@87] - Assigned port 24749 from range 24686 - 27378.
2021-11-08 11:10:49,529 [myid:] - INFO  [main:PortAssignment@87] - Assigned port 24750 from range 24686 - 27378.
2021-11-08 11:10:49,529 [myid:] - INFO  [main:QuorumBase@116] - Ports are: 127.0.0.1:24746,127.0.0.1:24747,127.0.0.1:24748,127.0.0.1:24749,127.0.0.1:24750
2021-11-08 11:10:49,533 [myid:] - INFO  [main:QuorumBase@155] - creating QuorumPeer 1 port 24746
2021-11-08 11:10:49,533 [myid:] - INFO  [main:ServerCnxnFactory@169] - Using org.apache.zookeeper.server.NIOServerCnxnFactory as server connection factory
2021-11-08 11:10:49,534 [myid:] - WARN  [main:ServerCnxnFactory@309] - maxCnxns is not configured, using default value 0.
2021-11-08 11:10:49,534 [myid:] - INFO  [main:NIOServerCnxnFactory@652] - Configuring NIO connection handler with 10s sessionless connection timeout, 1 selector thread(s), 12 worker threads, and 64 kB direct buffers.
2021-11-08 11:10:49,535 [myid:] - INFO  [main:NIOServerCnxnFactory@660] - binding to port /127.0.0.1:24746
2021-11-08 11:10:49,536 [myid:] - INFO  [main:FileTxnSnapLog@124] - zookeeper.snapshot.trust.empty : false
2021-11-08 11:10:49,537 [myid:] - INFO  [main:ZKTestCase@82] - FINISHED Optional[public void org.apache.zookeeper.server.quorum.QuorumRequestPipelineTest.testSetAndGetACL(org.apache.zookeeper.server.quorum.QuorumPeer$ServerState) throws java.lang.Exception]
]]></system-out>
  </testcase>
  <testcase name="testSetAndGetACL{ServerState}[2]" classname="org.apache.zookeeper.server.quorum.QuorumRequestPipelineTest" time="0.016">
    <error message="org/apache/zookeeper/ZooDefs$Ids" type="java.lang.NoClassDefFoundError"><![CDATA[java.lang.NoClassDefFoundError: org/apache/zookeeper/ZooDefs$Ids
	at org.apache.zookeeper.server.DataTree.addConfigNode(DataTree.java:327)
	at org.apache.zookeeper.server.DataTree.<init>(DataTree.java:300)
	at org.apache.zookeeper.server.DataTree.<init>(DataTree.java:282)
	at org.apache.zookeeper.server.ZKDatabase.createDataTree(ZKDatabase.java:727)
	at org.apache.zookeeper.server.ZKDatabase.<init>(ZKDatabase.java:110)
	at org.apache.zookeeper.server.quorum.QuorumPeer.<init>(QuorumPeer.java:1098)
	at org.apache.zookeeper.server.quorum.QuorumPeer.<init>(QuorumPeer.java:1242)
	at org.apache.zookeeper.test.QuorumBase.startServers(QuorumBase.java:156)
	at org.apache.zookeeper.test.QuorumBase.setUp(QuorumBase.java:124)
	at org.apache.zookeeper.server.quorum.QuorumRequestPipelineTest.setUp(QuorumRequestPipelineTest.java:72)
	at org.apache.zookeeper.server.quorum.QuorumRequestPipelineTest.testSetAndGetACL(QuorumRequestPipelineTest.java:135)
	Suppressed: java.lang.NullPointerException
		at org.apache.zookeeper.server.quorum.QuorumRequestPipelineTest.tearDown(QuorumRequestPipelineTest.java:80)
		at sun.reflect.NativeMethodAccessorImpl.invoke0(Native Method)
		at sun.reflect.NativeMethodAccessorImpl.invoke(NativeMethodAccessorImpl.java:62)
		at sun.reflect.DelegatingMethodAccessorImpl.invoke(DelegatingMethodAccessorImpl.java:43)
		at java.lang.reflect.Method.invoke(Method.java:483)
		at org.junit.platform.commons.util.ReflectionUtils.invokeMethod(ReflectionUtils.java:686)
		at org.junit.jupiter.engine.execution.MethodInvocation.proceed(MethodInvocation.java:60)
		at org.junit.jupiter.engine.execution.InvocationInterceptorChain$ValidatingInvocation.proceed(InvocationInterceptorChain.java:131)
		at org.junit.jupiter.engine.extension.TimeoutExtension.intercept(TimeoutExtension.java:149)
		at org.junit.jupiter.engine.extension.TimeoutExtension.interceptLifecycleMethod(TimeoutExtension.java:126)
		at org.junit.jupiter.engine.extension.TimeoutExtension.interceptAfterEachMethod(TimeoutExtension.java:108)
		at org.junit.jupiter.engine.descriptor.ClassBasedTestDescriptor$$Lambda$363/2003891312.apply(Unknown Source)
		at org.junit.jupiter.engine.execution.ExecutableInvoker$ReflectiveInterceptorCall.lambda$ofVoidMethod$0(ExecutableInvoker.java:115)
		at org.junit.jupiter.engine.execution.ExecutableInvoker$ReflectiveInterceptorCall$$Lambda$230/315860201.apply(Unknown Source)
		at org.junit.jupiter.engine.execution.ExecutableInvoker.lambda$invoke$0(ExecutableInvoker.java:105)
		at org.junit.jupiter.engine.execution.ExecutableInvoker$$Lambda$231/720167805.apply(Unknown Source)
		at org.junit.jupiter.engine.execution.InvocationInterceptorChain$InterceptedInvocation.proceed(InvocationInterceptorChain.java:106)
		at org.junit.jupiter.engine.execution.InvocationInterceptorChain.proceed(InvocationInterceptorChain.java:64)
		at org.junit.jupiter.engine.execution.InvocationInterceptorChain.chainAndInvoke(InvocationInterceptorChain.java:45)
		at org.junit.jupiter.engine.execution.InvocationInterceptorChain.invoke(InvocationInterceptorChain.java:37)
		at org.junit.jupiter.engine.execution.ExecutableInvoker.invoke(ExecutableInvoker.java:104)
		at org.junit.jupiter.engine.execution.ExecutableInvoker.invoke(ExecutableInvoker.java:98)
		at org.junit.jupiter.engine.descriptor.ClassBasedTestDescriptor.invokeMethodInExtensionContext(ClassBasedTestDescriptor.java:481)
		at org.junit.jupiter.engine.descriptor.ClassBasedTestDescriptor.lambda$synthesizeAfterEachMethodAdapter$19(ClassBasedTestDescriptor.java:471)
		at org.junit.jupiter.engine.descriptor.ClassBasedTestDescriptor$$Lambda$206/1371006431.invokeAfterEachMethod(Unknown Source)
		at org.junit.jupiter.engine.descriptor.TestMethodTestDescriptor.lambda$invokeAfterEachMethods$9(TestMethodTestDescriptor.java:238)
		at org.junit.jupiter.engine.descriptor.TestMethodTestDescriptor$$Lambda$362/221634215.invoke(Unknown Source)
		at org.junit.jupiter.engine.descriptor.TestMethodTestDescriptor.lambda$invokeAllAfterMethodsOrCallbacks$12(TestMethodTestDescriptor.java:271)
		at org.junit.jupiter.engine.descriptor.TestMethodTestDescriptor$$Lambda$361/664792509.execute(Unknown Source)
		at org.junit.platform.engine.support.hierarchical.ThrowableCollector.execute(ThrowableCollector.java:73)
		at org.junit.jupiter.engine.descriptor.TestMethodTestDescriptor.lambda$invokeAllAfterMethodsOrCallbacks$13(TestMethodTestDescriptor.java:271)
		at org.junit.jupiter.engine.descriptor.TestMethodTestDescriptor$$Lambda$360/1965237677.accept(Unknown Source)
		at java.util.ArrayList.forEach(ArrayList.java:1249)
		at org.junit.jupiter.engine.descriptor.TestMethodTestDescriptor.invokeAllAfterMethodsOrCallbacks(TestMethodTestDescriptor.java:270)
		at org.junit.jupiter.engine.descriptor.TestMethodTestDescriptor.invokeAfterEachMethods(TestMethodTestDescriptor.java:236)
		at org.junit.jupiter.engine.descriptor.TestMethodTestDescriptor.execute(TestMethodTestDescriptor.java:141)
		at org.junit.jupiter.engine.descriptor.TestMethodTestDescriptor.execute(TestMethodTestDescriptor.java:71)
		at org.junit.platform.engine.support.hierarchical.NodeTestTask.lambda$executeRecursively$5(NodeTestTask.java:135)
		at org.junit.platform.engine.support.hierarchical.NodeTestTask$$Lambda$176/1239548589.execute(Unknown Source)
		at org.junit.platform.engine.support.hierarchical.ThrowableCollector.execute(ThrowableCollector.java:73)
		at org.junit.platform.engine.support.hierarchical.NodeTestTask.lambda$executeRecursively$7(NodeTestTask.java:125)
		at org.junit.platform.engine.support.hierarchical.NodeTestTask$$Lambda$175/1634132079.invoke(Unknown Source)
		at org.junit.platform.engine.support.hierarchical.Node.around(Node.java:135)
		at org.junit.platform.engine.support.hierarchical.NodeTestTask.lambda$executeRecursively$8(NodeTestTask.java:123)
		at org.junit.platform.engine.support.hierarchical.NodeTestTask$$Lambda$174/112619572.execute(Unknown Source)
		at org.junit.platform.engine.support.hierarchical.ThrowableCollector.execute(ThrowableCollector.java:73)
		at org.junit.platform.engine.support.hierarchical.NodeTestTask.executeRecursively(NodeTestTask.java:122)
		at org.junit.platform.engine.support.hierarchical.NodeTestTask.execute(NodeTestTask.java:80)
		at org.junit.platform.engine.support.hierarchical.SameThreadHierarchicalTestExecutorService.submit(SameThreadHierarchicalTestExecutorService.java:32)
		at org.junit.platform.engine.support.hierarchical.NodeTestTask$DefaultDynamicTestExecutor.execute(NodeTestTask.java:198)
		at org.junit.jupiter.engine.descriptor.TestTemplateTestDescriptor.execute(TestTemplateTestDescriptor.java:138)
		at org.junit.jupiter.engine.descriptor.TestTemplateTestDescriptor.lambda$execute$2(TestTemplateTestDescriptor.java:106)
		at org.junit.jupiter.engine.descriptor.TestTemplateTestDescriptor$$Lambda$252/1846406218.accept(Unknown Source)
		at java.util.stream.ForEachOps$ForEachOp$OfRef.accept(ForEachOps.java:183)
		at java.util.stream.ReferencePipeline$3$1.accept(ReferencePipeline.java:193)
		at java.util.stream.ReferencePipeline$2$1.accept(ReferencePipeline.java:175)
		at java.util.stream.ReferencePipeline$3$1.accept(ReferencePipeline.java:193)
		at java.util.stream.ForEachOps$ForEachOp$OfRef.accept(ForEachOps.java:183)
		at java.util.stream.ReferencePipeline$11$1.accept(ReferencePipeline.java:373)
		at java.util.stream.ReferencePipeline$3$1.accept(ReferencePipeline.java:193)
		at java.util.stream.ReferencePipeline$3$1.accept(ReferencePipeline.java:193)
		at java.util.stream.ReferencePipeline$3$1.accept(ReferencePipeline.java:193)
		at java.util.stream.ForEachOps$ForEachOp$OfRef.accept(ForEachOps.java:183)
		at java.util.stream.ReferencePipeline$3$1.accept(ReferencePipeline.java:193)
		at java.util.Spliterators$ArraySpliterator.forEachRemaining(Spliterators.java:948)
		at java.util.stream.ReferencePipeline$Head.forEach(ReferencePipeline.java:580)
		at java.util.stream.ReferencePipeline$7$1.accept(ReferencePipeline.java:270)
		at java.util.stream.ReferencePipeline$3$1.accept(ReferencePipeline.java:193)
		at java.util.stream.ReferencePipeline$3$1.accept(ReferencePipeline.java:193)
		at java.util.Spliterators$ArraySpliterator.forEachRemaining(Spliterators.java:948)
		at java.util.stream.AbstractPipeline.copyInto(AbstractPipeline.java:512)
		at java.util.stream.AbstractPipeline.wrapAndCopyInto(AbstractPipeline.java:502)
		at java.util.stream.ForEachOps$ForEachOp.evaluateSequential(ForEachOps.java:150)
		at java.util.stream.ForEachOps$ForEachOp$OfRef.evaluateSequential(ForEachOps.java:173)
		at java.util.stream.AbstractPipeline.evaluate(AbstractPipeline.java:234)
		at java.util.stream.ReferencePipeline.forEach(ReferencePipeline.java:418)
		at java.util.stream.ReferencePipeline$7$1.accept(ReferencePipeline.java:270)
		at java.util.stream.ReferencePipeline$3$1.accept(ReferencePipeline.java:193)
		at java.util.stream.ReferencePipeline$3$1.accept(ReferencePipeline.java:193)
		at java.util.stream.ReferencePipeline$3$1.accept(ReferencePipeline.java:193)
		at java.util.ArrayList$ArrayListSpliterator.forEachRemaining(ArrayList.java:1374)
		at java.util.stream.AbstractPipeline.copyInto(AbstractPipeline.java:512)
		at java.util.stream.AbstractPipeline.wrapAndCopyInto(AbstractPipeline.java:502)
		at java.util.stream.ForEachOps$ForEachOp.evaluateSequential(ForEachOps.java:150)
		at java.util.stream.ForEachOps$ForEachOp$OfRef.evaluateSequential(ForEachOps.java:173)
		at java.util.stream.AbstractPipeline.evaluate(AbstractPipeline.java:234)
		at java.util.stream.ReferencePipeline.forEach(ReferencePipeline.java:418)
		at java.util.stream.ReferencePipeline$7$1.accept(ReferencePipeline.java:270)
		at java.util.ArrayList$ArrayListSpliterator.forEachRemaining(ArrayList.java:1374)
		at java.util.stream.AbstractPipeline.copyInto(AbstractPipeline.java:512)
		at java.util.stream.AbstractPipeline.wrapAndCopyInto(AbstractPipeline.java:502)
		at java.util.stream.ForEachOps$ForEachOp.evaluateSequential(ForEachOps.java:150)
		at java.util.stream.ForEachOps$ForEachOp$OfRef.evaluateSequential(ForEachOps.java:173)
		at java.util.stream.AbstractPipeline.evaluate(AbstractPipeline.java:234)
		at java.util.stream.ReferencePipeline.forEach(ReferencePipeline.java:418)
		at org.junit.jupiter.engine.descriptor.TestTemplateTestDescriptor.execute(TestTemplateTestDescriptor.java:106)
		at org.junit.jupiter.engine.descriptor.TestTemplateTestDescriptor.execute(TestTemplateTestDescriptor.java:41)
		at org.junit.platform.engine.support.hierarchical.NodeTestTask.lambda$executeRecursively$5(NodeTestTask.java:135)
		at org.junit.platform.engine.support.hierarchical.NodeTestTask$$Lambda$176/1239548589.execute(Unknown Source)
		at org.junit.platform.engine.support.hierarchical.ThrowableCollector.execute(ThrowableCollector.java:73)
		at org.junit.platform.engine.support.hierarchical.NodeTestTask.lambda$executeRecursively$7(NodeTestTask.java:125)
		at org.junit.platform.engine.support.hierarchical.NodeTestTask$$Lambda$175/1634132079.invoke(Unknown Source)
		at org.junit.platform.engine.support.hierarchical.Node.around(Node.java:135)
		at org.junit.platform.engine.support.hierarchical.NodeTestTask.lambda$executeRecursively$8(NodeTestTask.java:123)
		at org.junit.platform.engine.support.hierarchical.NodeTestTask$$Lambda$174/112619572.execute(Unknown Source)
		at org.junit.platform.engine.support.hierarchical.ThrowableCollector.execute(ThrowableCollector.java:73)
		at org.junit.platform.engine.support.hierarchical.NodeTestTask.executeRecursively(NodeTestTask.java:122)
		at org.junit.platform.engine.support.hierarchical.NodeTestTask.execute(NodeTestTask.java:80)
		at org.junit.platform.engine.support.hierarchical.SameThreadHierarchicalTestExecutorService$$Lambda$180/667346055.accept(Unknown Source)
		at java.util.ArrayList.forEach(ArrayList.java:1249)
		at org.junit.platform.engine.support.hierarchical.SameThreadHierarchicalTestExecutorService.invokeAll(SameThreadHierarchicalTestExecutorService.java:38)
		at org.junit.platform.engine.support.hierarchical.NodeTestTask.lambda$executeRecursively$5(NodeTestTask.java:139)
		at org.junit.platform.engine.support.hierarchical.NodeTestTask$$Lambda$176/1239548589.execute(Unknown Source)
		at org.junit.platform.engine.support.hierarchical.ThrowableCollector.execute(ThrowableCollector.java:73)
		at org.junit.platform.engine.support.hierarchical.NodeTestTask.lambda$executeRecursively$7(NodeTestTask.java:125)
		at org.junit.platform.engine.support.hierarchical.NodeTestTask$$Lambda$175/1634132079.invoke(Unknown Source)
		at org.junit.platform.engine.support.hierarchical.Node.around(Node.java:135)
		at org.junit.platform.engine.support.hierarchical.NodeTestTask.lambda$executeRecursively$8(NodeTestTask.java:123)
		at org.junit.platform.engine.support.hierarchical.NodeTestTask$$Lambda$174/112619572.execute(Unknown Source)
		at org.junit.platform.engine.support.hierarchical.ThrowableCollector.execute(ThrowableCollector.java:73)
		at org.junit.platform.engine.support.hierarchical.NodeTestTask.executeRecursively(NodeTestTask.java:122)
		at org.junit.platform.engine.support.hierarchical.NodeTestTask.execute(NodeTestTask.java:80)
		at org.junit.platform.engine.support.hierarchical.SameThreadHierarchicalTestExecutorService$$Lambda$180/667346055.accept(Unknown Source)
		at java.util.ArrayList.forEach(ArrayList.java:1249)
		at org.junit.platform.engine.support.hierarchical.SameThreadHierarchicalTestExecutorService.invokeAll(SameThreadHierarchicalTestExecutorService.java:38)
		at org.junit.platform.engine.support.hierarchical.NodeTestTask.lambda$executeRecursively$5(NodeTestTask.java:139)
		at org.junit.platform.engine.support.hierarchical.NodeTestTask$$Lambda$176/1239548589.execute(Unknown Source)
		at org.junit.platform.engine.support.hierarchical.ThrowableCollector.execute(ThrowableCollector.java:73)
		at org.junit.platform.engine.support.hierarchical.NodeTestTask.lambda$executeRecursively$7(NodeTestTask.java:125)
		at org.junit.platform.engine.support.hierarchical.NodeTestTask$$Lambda$175/1634132079.invoke(Unknown Source)
		at org.junit.platform.engine.support.hierarchical.Node.around(Node.java:135)
		at org.junit.platform.engine.support.hierarchical.NodeTestTask.lambda$executeRecursively$8(NodeTestTask.java:123)
		at org.junit.platform.engine.support.hierarchical.NodeTestTask$$Lambda$174/112619572.execute(Unknown Source)
		at org.junit.platform.engine.support.hierarchical.ThrowableCollector.execute(ThrowableCollector.java:73)
		at org.junit.platform.engine.support.hierarchical.NodeTestTask.executeRecursively(NodeTestTask.java:122)
		at org.junit.platform.engine.support.hierarchical.NodeTestTask.execute(NodeTestTask.java:80)
		at org.junit.platform.engine.support.hierarchical.SameThreadHierarchicalTestExecutorService.submit(SameThreadHierarchicalTestExecutorService.java:32)
		at org.junit.platform.engine.support.hierarchical.HierarchicalTestExecutor.execute(HierarchicalTestExecutor.java:57)
		at org.junit.platform.engine.support.hierarchical.HierarchicalTestEngine.execute(HierarchicalTestEngine.java:51)
		at org.junit.platform.launcher.core.DefaultLauncher.execute(DefaultLauncher.java:248)
		at org.junit.platform.launcher.core.DefaultLauncher.lambda$execute$5(DefaultLauncher.java:211)
		at org.junit.platform.launcher.core.DefaultLauncher$$Lambda$140/1414147750.accept(Unknown Source)
		at org.junit.platform.launcher.core.DefaultLauncher.withInterceptedStreams(DefaultLauncher.java:226)
		at org.junit.platform.launcher.core.DefaultLauncher.execute(DefaultLauncher.java:199)
		at org.junit.platform.launcher.core.DefaultLauncher.execute(DefaultLauncher.java:132)
		at org.apache.maven.surefire.junitplatform.JUnitPlatformProvider.invokeAllTests(JUnitPlatformProvider.java:142)
		at org.apache.maven.surefire.junitplatform.JUnitPlatformProvider.invoke(JUnitPlatformProvider.java:113)
		at org.apache.maven.surefire.booter.ForkedBooter.invokeProviderInSameClassLoader(ForkedBooter.java:384)
		at org.apache.maven.surefire.booter.ForkedBooter.runSuitesInProcess(ForkedBooter.java:345)
		at org.apache.maven.surefire.booter.ForkedBooter.execute(ForkedBooter.java:126)
		at org.apache.maven.surefire.booter.ForkedBooter.main(ForkedBooter.java:418)
]]></error>
    <system-out><![CDATA[2021-11-08 11:10:49,540 [myid:] - INFO  [main:PortAssignment@87] - Assigned port 24751 from range 24686 - 27378.
2021-11-08 11:10:49,542 [myid:] - INFO  [main:ZKTestCase@77] - STARTING Optional[public void org.apache.zookeeper.server.quorum.QuorumRequestPipelineTest.testSetAndGetACL(org.apache.zookeeper.server.quorum.QuorumPeer$ServerState) throws java.lang.Exception]
2021-11-08 11:10:49,542 [myid:] - INFO  [main:QuorumBase@81] - QuorumBase.setup null
2021-11-08 11:10:49,543 [myid:] - INFO  [main:JMXEnv@58] - connecting to addr service:jmx:rmi://127.0.0.1/stub/rO0ABXNyAC5qYXZheC5tYW5hZ2VtZW50LnJlbW90ZS5ybWkuUk1JU2VydmVySW1wbF9TdHViAAAAAAAAAAICAAB4cgAaamF2YS5ybWkuc2VydmVyLlJlbW90ZVN0dWLp/tzJi+FlGgIAAHhyABxqYXZhLnJtaS5zZXJ2ZXIuUmVtb3RlT2JqZWN002G0kQxhMx4DAAB4cHc6AAtVbmljYXN0UmVmMgAADzE2OS4yNTQuMTU2LjIzMQAACXmD4bwg27lDHmrMPREAAAF8/YbC74AaAHg=
2021-11-08 11:10:49,546 [myid:] - INFO  [main:PortAssignment@87] - Assigned port 24752 from range 24686 - 27378.
2021-11-08 11:10:49,546 [myid:] - INFO  [main:PortAssignment@87] - Assigned port 24753 from range 24686 - 27378.
2021-11-08 11:10:49,546 [myid:] - INFO  [main:PortAssignment@87] - Assigned port 24754 from range 24686 - 27378.
2021-11-08 11:10:49,547 [myid:] - INFO  [main:PortAssignment@87] - Assigned port 24755 from range 24686 - 27378.
2021-11-08 11:10:49,547 [myid:] - INFO  [main:PortAssignment@87] - Assigned port 24756 from range 24686 - 27378.
2021-11-08 11:10:49,547 [myid:] - INFO  [main:PortAssignment@87] - Assigned port 24757 from range 24686 - 27378.
2021-11-08 11:10:49,548 [myid:] - INFO  [main:PortAssignment@87] - Assigned port 24758 from range 24686 - 27378.
2021-11-08 11:10:49,548 [myid:] - INFO  [main:PortAssignment@87] - Assigned port 24759 from range 24686 - 27378.
2021-11-08 11:10:49,548 [myid:] - INFO  [main:PortAssignment@87] - Assigned port 24760 from range 24686 - 27378.
2021-11-08 11:10:49,549 [myid:] - INFO  [main:PortAssignment@87] - Assigned port 24761 from range 24686 - 27378.
2021-11-08 11:10:49,549 [myid:] - INFO  [main:PortAssignment@87] - Assigned port 24762 from range 24686 - 27378.
2021-11-08 11:10:49,550 [myid:] - INFO  [main:PortAssignment@87] - Assigned port 24763 from range 24686 - 27378.
2021-11-08 11:10:49,550 [myid:] - INFO  [main:PortAssignment@87] - Assigned port 24764 from range 24686 - 27378.
2021-11-08 11:10:49,551 [myid:] - INFO  [main:PortAssignment@87] - Assigned port 24765 from range 24686 - 27378.
2021-11-08 11:10:49,551 [myid:] - INFO  [main:PortAssignment@87] - Assigned port 24766 from range 24686 - 27378.
2021-11-08 11:10:49,551 [myid:] - INFO  [main:QuorumBase@116] - Ports are: 127.0.0.1:24762,127.0.0.1:24763,127.0.0.1:24764,127.0.0.1:24765,127.0.0.1:24766
2021-11-08 11:10:49,556 [myid:] - INFO  [main:QuorumBase@155] - creating QuorumPeer 1 port 24762
2021-11-08 11:10:49,556 [myid:] - INFO  [main:ServerCnxnFactory@169] - Using org.apache.zookeeper.server.NIOServerCnxnFactory as server connection factory
2021-11-08 11:10:49,556 [myid:] - WARN  [main:ServerCnxnFactory@309] - maxCnxns is not configured, using default value 0.
2021-11-08 11:10:49,556 [myid:] - INFO  [main:NIOServerCnxnFactory@652] - Configuring NIO connection handler with 10s sessionless connection timeout, 1 selector thread(s), 12 worker threads, and 64 kB direct buffers.
2021-11-08 11:10:49,557 [myid:] - INFO  [main:NIOServerCnxnFactory@660] - binding to port /127.0.0.1:24762
2021-11-08 11:10:49,558 [myid:] - INFO  [main:FileTxnSnapLog@124] - zookeeper.snapshot.trust.empty : false
2021-11-08 11:10:49,560 [myid:] - INFO  [main:ZKTestCase@82] - FINISHED Optional[public void org.apache.zookeeper.server.quorum.QuorumRequestPipelineTest.testSetAndGetACL(org.apache.zookeeper.server.quorum.QuorumPeer$ServerState) throws java.lang.Exception]
]]></system-out>
  </testcase>
  <testcase name="testSetAndGetACL{ServerState}[3]" classname="org.apache.zookeeper.server.quorum.QuorumRequestPipelineTest" time="0.029">
    <error message="org/apache/zookeeper/ZooDefs$Ids" type="java.lang.NoClassDefFoundError"><![CDATA[java.lang.NoClassDefFoundError: org/apache/zookeeper/ZooDefs$Ids
	at org.apache.zookeeper.server.DataTree.addConfigNode(DataTree.java:327)
	at org.apache.zookeeper.server.DataTree.<init>(DataTree.java:300)
	at org.apache.zookeeper.server.DataTree.<init>(DataTree.java:282)
	at org.apache.zookeeper.server.ZKDatabase.createDataTree(ZKDatabase.java:727)
	at org.apache.zookeeper.server.ZKDatabase.<init>(ZKDatabase.java:110)
	at org.apache.zookeeper.server.quorum.QuorumPeer.<init>(QuorumPeer.java:1098)
	at org.apache.zookeeper.server.quorum.QuorumPeer.<init>(QuorumPeer.java:1242)
	at org.apache.zookeeper.test.QuorumBase.startServers(QuorumBase.java:156)
	at org.apache.zookeeper.test.QuorumBase.setUp(QuorumBase.java:124)
	at org.apache.zookeeper.server.quorum.QuorumRequestPipelineTest.setUp(QuorumRequestPipelineTest.java:72)
	at org.apache.zookeeper.server.quorum.QuorumRequestPipelineTest.testSetAndGetACL(QuorumRequestPipelineTest.java:135)
	Suppressed: java.lang.NullPointerException
		at org.apache.zookeeper.server.quorum.QuorumRequestPipelineTest.tearDown(QuorumRequestPipelineTest.java:80)
		at sun.reflect.NativeMethodAccessorImpl.invoke0(Native Method)
		at sun.reflect.NativeMethodAccessorImpl.invoke(NativeMethodAccessorImpl.java:62)
		at sun.reflect.DelegatingMethodAccessorImpl.invoke(DelegatingMethodAccessorImpl.java:43)
		at java.lang.reflect.Method.invoke(Method.java:483)
		at org.junit.platform.commons.util.ReflectionUtils.invokeMethod(ReflectionUtils.java:686)
		at org.junit.jupiter.engine.execution.MethodInvocation.proceed(MethodInvocation.java:60)
		at org.junit.jupiter.engine.execution.InvocationInterceptorChain$ValidatingInvocation.proceed(InvocationInterceptorChain.java:131)
		at org.junit.jupiter.engine.extension.TimeoutExtension.intercept(TimeoutExtension.java:149)
		at org.junit.jupiter.engine.extension.TimeoutExtension.interceptLifecycleMethod(TimeoutExtension.java:126)
		at org.junit.jupiter.engine.extension.TimeoutExtension.interceptAfterEachMethod(TimeoutExtension.java:108)
		at org.junit.jupiter.engine.descriptor.ClassBasedTestDescriptor$$Lambda$363/2003891312.apply(Unknown Source)
		at org.junit.jupiter.engine.execution.ExecutableInvoker$ReflectiveInterceptorCall.lambda$ofVoidMethod$0(ExecutableInvoker.java:115)
		at org.junit.jupiter.engine.execution.ExecutableInvoker$ReflectiveInterceptorCall$$Lambda$230/315860201.apply(Unknown Source)
		at org.junit.jupiter.engine.execution.ExecutableInvoker.lambda$invoke$0(ExecutableInvoker.java:105)
		at org.junit.jupiter.engine.execution.ExecutableInvoker$$Lambda$231/720167805.apply(Unknown Source)
		at org.junit.jupiter.engine.execution.InvocationInterceptorChain$InterceptedInvocation.proceed(InvocationInterceptorChain.java:106)
		at org.junit.jupiter.engine.execution.InvocationInterceptorChain.proceed(InvocationInterceptorChain.java:64)
		at org.junit.jupiter.engine.execution.InvocationInterceptorChain.chainAndInvoke(InvocationInterceptorChain.java:45)
		at org.junit.jupiter.engine.execution.InvocationInterceptorChain.invoke(InvocationInterceptorChain.java:37)
		at org.junit.jupiter.engine.execution.ExecutableInvoker.invoke(ExecutableInvoker.java:104)
		at org.junit.jupiter.engine.execution.ExecutableInvoker.invoke(ExecutableInvoker.java:98)
		at org.junit.jupiter.engine.descriptor.ClassBasedTestDescriptor.invokeMethodInExtensionContext(ClassBasedTestDescriptor.java:481)
		at org.junit.jupiter.engine.descriptor.ClassBasedTestDescriptor.lambda$synthesizeAfterEachMethodAdapter$19(ClassBasedTestDescriptor.java:471)
		at org.junit.jupiter.engine.descriptor.ClassBasedTestDescriptor$$Lambda$206/1371006431.invokeAfterEachMethod(Unknown Source)
		at org.junit.jupiter.engine.descriptor.TestMethodTestDescriptor.lambda$invokeAfterEachMethods$9(TestMethodTestDescriptor.java:238)
		at org.junit.jupiter.engine.descriptor.TestMethodTestDescriptor$$Lambda$362/221634215.invoke(Unknown Source)
		at org.junit.jupiter.engine.descriptor.TestMethodTestDescriptor.lambda$invokeAllAfterMethodsOrCallbacks$12(TestMethodTestDescriptor.java:271)
		at org.junit.jupiter.engine.descriptor.TestMethodTestDescriptor$$Lambda$361/664792509.execute(Unknown Source)
		at org.junit.platform.engine.support.hierarchical.ThrowableCollector.execute(ThrowableCollector.java:73)
		at org.junit.jupiter.engine.descriptor.TestMethodTestDescriptor.lambda$invokeAllAfterMethodsOrCallbacks$13(TestMethodTestDescriptor.java:271)
		at org.junit.jupiter.engine.descriptor.TestMethodTestDescriptor$$Lambda$360/1965237677.accept(Unknown Source)
		at java.util.ArrayList.forEach(ArrayList.java:1249)
		at org.junit.jupiter.engine.descriptor.TestMethodTestDescriptor.invokeAllAfterMethodsOrCallbacks(TestMethodTestDescriptor.java:270)
		at org.junit.jupiter.engine.descriptor.TestMethodTestDescriptor.invokeAfterEachMethods(TestMethodTestDescriptor.java:236)
		at org.junit.jupiter.engine.descriptor.TestMethodTestDescriptor.execute(TestMethodTestDescriptor.java:141)
		at org.junit.jupiter.engine.descriptor.TestMethodTestDescriptor.execute(TestMethodTestDescriptor.java:71)
		at org.junit.platform.engine.support.hierarchical.NodeTestTask.lambda$executeRecursively$5(NodeTestTask.java:135)
		at org.junit.platform.engine.support.hierarchical.NodeTestTask$$Lambda$176/1239548589.execute(Unknown Source)
		at org.junit.platform.engine.support.hierarchical.ThrowableCollector.execute(ThrowableCollector.java:73)
		at org.junit.platform.engine.support.hierarchical.NodeTestTask.lambda$executeRecursively$7(NodeTestTask.java:125)
		at org.junit.platform.engine.support.hierarchical.NodeTestTask$$Lambda$175/1634132079.invoke(Unknown Source)
		at org.junit.platform.engine.support.hierarchical.Node.around(Node.java:135)
		at org.junit.platform.engine.support.hierarchical.NodeTestTask.lambda$executeRecursively$8(NodeTestTask.java:123)
		at org.junit.platform.engine.support.hierarchical.NodeTestTask$$Lambda$174/112619572.execute(Unknown Source)
		at org.junit.platform.engine.support.hierarchical.ThrowableCollector.execute(ThrowableCollector.java:73)
		at org.junit.platform.engine.support.hierarchical.NodeTestTask.executeRecursively(NodeTestTask.java:122)
		at org.junit.platform.engine.support.hierarchical.NodeTestTask.execute(NodeTestTask.java:80)
		at org.junit.platform.engine.support.hierarchical.SameThreadHierarchicalTestExecutorService.submit(SameThreadHierarchicalTestExecutorService.java:32)
		at org.junit.platform.engine.support.hierarchical.NodeTestTask$DefaultDynamicTestExecutor.execute(NodeTestTask.java:198)
		at org.junit.jupiter.engine.descriptor.TestTemplateTestDescriptor.execute(TestTemplateTestDescriptor.java:138)
		at org.junit.jupiter.engine.descriptor.TestTemplateTestDescriptor.lambda$execute$2(TestTemplateTestDescriptor.java:106)
		at org.junit.jupiter.engine.descriptor.TestTemplateTestDescriptor$$Lambda$252/1846406218.accept(Unknown Source)
		at java.util.stream.ForEachOps$ForEachOp$OfRef.accept(ForEachOps.java:183)
		at java.util.stream.ReferencePipeline$3$1.accept(ReferencePipeline.java:193)
		at java.util.stream.ReferencePipeline$2$1.accept(ReferencePipeline.java:175)
		at java.util.stream.ReferencePipeline$3$1.accept(ReferencePipeline.java:193)
		at java.util.stream.ForEachOps$ForEachOp$OfRef.accept(ForEachOps.java:183)
		at java.util.stream.ReferencePipeline$11$1.accept(ReferencePipeline.java:373)
		at java.util.stream.ReferencePipeline$3$1.accept(ReferencePipeline.java:193)
		at java.util.stream.ReferencePipeline$3$1.accept(ReferencePipeline.java:193)
		at java.util.stream.ReferencePipeline$3$1.accept(ReferencePipeline.java:193)
		at java.util.stream.ForEachOps$ForEachOp$OfRef.accept(ForEachOps.java:183)
		at java.util.stream.ReferencePipeline$3$1.accept(ReferencePipeline.java:193)
		at java.util.Spliterators$ArraySpliterator.forEachRemaining(Spliterators.java:948)
		at java.util.stream.ReferencePipeline$Head.forEach(ReferencePipeline.java:580)
		at java.util.stream.ReferencePipeline$7$1.accept(ReferencePipeline.java:270)
		at java.util.stream.ReferencePipeline$3$1.accept(ReferencePipeline.java:193)
		at java.util.stream.ReferencePipeline$3$1.accept(ReferencePipeline.java:193)
		at java.util.Spliterators$ArraySpliterator.forEachRemaining(Spliterators.java:948)
		at java.util.stream.AbstractPipeline.copyInto(AbstractPipeline.java:512)
		at java.util.stream.AbstractPipeline.wrapAndCopyInto(AbstractPipeline.java:502)
		at java.util.stream.ForEachOps$ForEachOp.evaluateSequential(ForEachOps.java:150)
		at java.util.stream.ForEachOps$ForEachOp$OfRef.evaluateSequential(ForEachOps.java:173)
		at java.util.stream.AbstractPipeline.evaluate(AbstractPipeline.java:234)
		at java.util.stream.ReferencePipeline.forEach(ReferencePipeline.java:418)
		at java.util.stream.ReferencePipeline$7$1.accept(ReferencePipeline.java:270)
		at java.util.stream.ReferencePipeline$3$1.accept(ReferencePipeline.java:193)
		at java.util.stream.ReferencePipeline$3$1.accept(ReferencePipeline.java:193)
		at java.util.stream.ReferencePipeline$3$1.accept(ReferencePipeline.java:193)
		at java.util.ArrayList$ArrayListSpliterator.forEachRemaining(ArrayList.java:1374)
		at java.util.stream.AbstractPipeline.copyInto(AbstractPipeline.java:512)
		at java.util.stream.AbstractPipeline.wrapAndCopyInto(AbstractPipeline.java:502)
		at java.util.stream.ForEachOps$ForEachOp.evaluateSequential(ForEachOps.java:150)
		at java.util.stream.ForEachOps$ForEachOp$OfRef.evaluateSequential(ForEachOps.java:173)
		at java.util.stream.AbstractPipeline.evaluate(AbstractPipeline.java:234)
		at java.util.stream.ReferencePipeline.forEach(ReferencePipeline.java:418)
		at java.util.stream.ReferencePipeline$7$1.accept(ReferencePipeline.java:270)
		at java.util.ArrayList$ArrayListSpliterator.forEachRemaining(ArrayList.java:1374)
		at java.util.stream.AbstractPipeline.copyInto(AbstractPipeline.java:512)
		at java.util.stream.AbstractPipeline.wrapAndCopyInto(AbstractPipeline.java:502)
		at java.util.stream.ForEachOps$ForEachOp.evaluateSequential(ForEachOps.java:150)
		at java.util.stream.ForEachOps$ForEachOp$OfRef.evaluateSequential(ForEachOps.java:173)
		at java.util.stream.AbstractPipeline.evaluate(AbstractPipeline.java:234)
		at java.util.stream.ReferencePipeline.forEach(ReferencePipeline.java:418)
		at org.junit.jupiter.engine.descriptor.TestTemplateTestDescriptor.execute(TestTemplateTestDescriptor.java:106)
		at org.junit.jupiter.engine.descriptor.TestTemplateTestDescriptor.execute(TestTemplateTestDescriptor.java:41)
		at org.junit.platform.engine.support.hierarchical.NodeTestTask.lambda$executeRecursively$5(NodeTestTask.java:135)
		at org.junit.platform.engine.support.hierarchical.NodeTestTask$$Lambda$176/1239548589.execute(Unknown Source)
		at org.junit.platform.engine.support.hierarchical.ThrowableCollector.execute(ThrowableCollector.java:73)
		at org.junit.platform.engine.support.hierarchical.NodeTestTask.lambda$executeRecursively$7(NodeTestTask.java:125)
		at org.junit.platform.engine.support.hierarchical.NodeTestTask$$Lambda$175/1634132079.invoke(Unknown Source)
		at org.junit.platform.engine.support.hierarchical.Node.around(Node.java:135)
		at org.junit.platform.engine.support.hierarchical.NodeTestTask.lambda$executeRecursively$8(NodeTestTask.java:123)
		at org.junit.platform.engine.support.hierarchical.NodeTestTask$$Lambda$174/112619572.execute(Unknown Source)
		at org.junit.platform.engine.support.hierarchical.ThrowableCollector.execute(ThrowableCollector.java:73)
		at org.junit.platform.engine.support.hierarchical.NodeTestTask.executeRecursively(NodeTestTask.java:122)
		at org.junit.platform.engine.support.hierarchical.NodeTestTask.execute(NodeTestTask.java:80)
		at org.junit.platform.engine.support.hierarchical.SameThreadHierarchicalTestExecutorService$$Lambda$180/667346055.accept(Unknown Source)
		at java.util.ArrayList.forEach(ArrayList.java:1249)
		at org.junit.platform.engine.support.hierarchical.SameThreadHierarchicalTestExecutorService.invokeAll(SameThreadHierarchicalTestExecutorService.java:38)
		at org.junit.platform.engine.support.hierarchical.NodeTestTask.lambda$executeRecursively$5(NodeTestTask.java:139)
		at org.junit.platform.engine.support.hierarchical.NodeTestTask$$Lambda$176/1239548589.execute(Unknown Source)
		at org.junit.platform.engine.support.hierarchical.ThrowableCollector.execute(ThrowableCollector.java:73)
		at org.junit.platform.engine.support.hierarchical.NodeTestTask.lambda$executeRecursively$7(NodeTestTask.java:125)
		at org.junit.platform.engine.support.hierarchical.NodeTestTask$$Lambda$175/1634132079.invoke(Unknown Source)
		at org.junit.platform.engine.support.hierarchical.Node.around(Node.java:135)
		at org.junit.platform.engine.support.hierarchical.NodeTestTask.lambda$executeRecursively$8(NodeTestTask.java:123)
		at org.junit.platform.engine.support.hierarchical.NodeTestTask$$Lambda$174/112619572.execute(Unknown Source)
		at org.junit.platform.engine.support.hierarchical.ThrowableCollector.execute(ThrowableCollector.java:73)
		at org.junit.platform.engine.support.hierarchical.NodeTestTask.executeRecursively(NodeTestTask.java:122)
		at org.junit.platform.engine.support.hierarchical.NodeTestTask.execute(NodeTestTask.java:80)
		at org.junit.platform.engine.support.hierarchical.SameThreadHierarchicalTestExecutorService$$Lambda$180/667346055.accept(Unknown Source)
		at java.util.ArrayList.forEach(ArrayList.java:1249)
		at org.junit.platform.engine.support.hierarchical.SameThreadHierarchicalTestExecutorService.invokeAll(SameThreadHierarchicalTestExecutorService.java:38)
		at org.junit.platform.engine.support.hierarchical.NodeTestTask.lambda$executeRecursively$5(NodeTestTask.java:139)
		at org.junit.platform.engine.support.hierarchical.NodeTestTask$$Lambda$176/1239548589.execute(Unknown Source)
		at org.junit.platform.engine.support.hierarchical.ThrowableCollector.execute(ThrowableCollector.java:73)
		at org.junit.platform.engine.support.hierarchical.NodeTestTask.lambda$executeRecursively$7(NodeTestTask.java:125)
		at org.junit.platform.engine.support.hierarchical.NodeTestTask$$Lambda$175/1634132079.invoke(Unknown Source)
		at org.junit.platform.engine.support.hierarchical.Node.around(Node.java:135)
		at org.junit.platform.engine.support.hierarchical.NodeTestTask.lambda$executeRecursively$8(NodeTestTask.java:123)
		at org.junit.platform.engine.support.hierarchical.NodeTestTask$$Lambda$174/112619572.execute(Unknown Source)
		at org.junit.platform.engine.support.hierarchical.ThrowableCollector.execute(ThrowableCollector.java:73)
		at org.junit.platform.engine.support.hierarchical.NodeTestTask.executeRecursively(NodeTestTask.java:122)
		at org.junit.platform.engine.support.hierarchical.NodeTestTask.execute(NodeTestTask.java:80)
		at org.junit.platform.engine.support.hierarchical.SameThreadHierarchicalTestExecutorService.submit(SameThreadHierarchicalTestExecutorService.java:32)
		at org.junit.platform.engine.support.hierarchical.HierarchicalTestExecutor.execute(HierarchicalTestExecutor.java:57)
		at org.junit.platform.engine.support.hierarchical.HierarchicalTestEngine.execute(HierarchicalTestEngine.java:51)
		at org.junit.platform.launcher.core.DefaultLauncher.execute(DefaultLauncher.java:248)
		at org.junit.platform.launcher.core.DefaultLauncher.lambda$execute$5(DefaultLauncher.java:211)
		at org.junit.platform.launcher.core.DefaultLauncher$$Lambda$140/1414147750.accept(Unknown Source)
		at org.junit.platform.launcher.core.DefaultLauncher.withInterceptedStreams(DefaultLauncher.java:226)
		at org.junit.platform.launcher.core.DefaultLauncher.execute(DefaultLauncher.java:199)
		at org.junit.platform.launcher.core.DefaultLauncher.execute(DefaultLauncher.java:132)
		at org.apache.maven.surefire.junitplatform.JUnitPlatformProvider.invokeAllTests(JUnitPlatformProvider.java:142)
		at org.apache.maven.surefire.junitplatform.JUnitPlatformProvider.invoke(JUnitPlatformProvider.java:113)
		at org.apache.maven.surefire.booter.ForkedBooter.invokeProviderInSameClassLoader(ForkedBooter.java:384)
		at org.apache.maven.surefire.booter.ForkedBooter.runSuitesInProcess(ForkedBooter.java:345)
		at org.apache.maven.surefire.booter.ForkedBooter.execute(ForkedBooter.java:126)
		at org.apache.maven.surefire.booter.ForkedBooter.main(ForkedBooter.java:418)
]]></error>
    <system-out><![CDATA[2021-11-08 11:10:49,562 [myid:] - INFO  [main:PortAssignment@87] - Assigned port 24767 from range 24686 - 27378.
2021-11-08 11:10:49,563 [myid:] - INFO  [main:ZKTestCase@77] - STARTING Optional[public void org.apache.zookeeper.server.quorum.QuorumRequestPipelineTest.testSetAndGetACL(org.apache.zookeeper.server.quorum.QuorumPeer$ServerState) throws java.lang.Exception]
2021-11-08 11:10:49,563 [myid:] - INFO  [main:QuorumBase@81] - QuorumBase.setup null
2021-11-08 11:10:49,564 [myid:] - INFO  [main:JMXEnv@58] - connecting to addr service:jmx:rmi://127.0.0.1/stub/rO0ABXNyAC5qYXZheC5tYW5hZ2VtZW50LnJlbW90ZS5ybWkuUk1JU2VydmVySW1wbF9TdHViAAAAAAAAAAICAAB4cgAaamF2YS5ybWkuc2VydmVyLlJlbW90ZVN0dWLp/tzJi+FlGgIAAHhyABxqYXZhLnJtaS5zZXJ2ZXIuUmVtb3RlT2JqZWN002G0kQxhMx4DAAB4cHc6AAtVbmljYXN0UmVmMgAADzE2OS4yNTQuMTU2LjIzMQAACXkkWppAZVkJt2rMPREAAAF8/YbC74AgAHg=
2021-11-08 11:10:49,568 [myid:] - INFO  [main:PortAssignment@87] - Assigned port 24768 from range 24686 - 27378.
2021-11-08 11:10:49,569 [myid:] - INFO  [main:PortAssignment@87] - Assigned port 24769 from range 24686 - 27378.
2021-11-08 11:10:49,569 [myid:] - INFO  [main:PortAssignment@87] - Assigned port 24770 from range 24686 - 27378.
2021-11-08 11:10:49,569 [myid:] - INFO  [main:PortAssignment@87] - Assigned port 24771 from range 24686 - 27378.
2021-11-08 11:10:49,570 [myid:] - INFO  [main:PortAssignment@87] - Assigned port 24772 from range 24686 - 27378.
2021-11-08 11:10:49,570 [myid:] - INFO  [main:PortAssignment@87] - Assigned port 24773 from range 24686 - 27378.
2021-11-08 11:10:49,571 [myid:] - INFO  [main:PortAssignment@87] - Assigned port 24774 from range 24686 - 27378.
2021-11-08 11:10:49,571 [myid:] - INFO  [main:PortAssignment@87] - Assigned port 24775 from range 24686 - 27378.
2021-11-08 11:10:49,571 [myid:] - INFO  [main:PortAssignment@87] - Assigned port 24776 from range 24686 - 27378.
2021-11-08 11:10:49,572 [myid:] - INFO  [main:PortAssignment@87] - Assigned port 24777 from range 24686 - 27378.
2021-11-08 11:10:49,572 [myid:] - INFO  [main:PortAssignment@87] - Assigned port 24778 from range 24686 - 27378.
2021-11-08 11:10:49,573 [myid:] - INFO  [main:PortAssignment@87] - Assigned port 24779 from range 24686 - 27378.
2021-11-08 11:10:49,573 [myid:] - INFO  [main:PortAssignment@87] - Assigned port 24780 from range 24686 - 27378.
2021-11-08 11:10:49,573 [myid:] - INFO  [main:PortAssignment@87] - Assigned port 24781 from range 24686 - 27378.
2021-11-08 11:10:49,574 [myid:] - INFO  [main:PortAssignment@87] - Assigned port 24782 from range 24686 - 27378.
2021-11-08 11:10:49,574 [myid:] - INFO  [main:QuorumBase@116] - Ports are: 127.0.0.1:24778,127.0.0.1:24779,127.0.0.1:24780,127.0.0.1:24781,127.0.0.1:24782
2021-11-08 11:10:49,584 [myid:] - INFO  [main:QuorumBase@155] - creating QuorumPeer 1 port 24778
2021-11-08 11:10:49,584 [myid:] - INFO  [main:ServerCnxnFactory@169] - Using org.apache.zookeeper.server.NIOServerCnxnFactory as server connection factory
2021-11-08 11:10:49,584 [myid:] - WARN  [main:ServerCnxnFactory@309] - maxCnxns is not configured, using default value 0.
2021-11-08 11:10:49,585 [myid:] - INFO  [main:NIOServerCnxnFactory@652] - Configuring NIO connection handler with 10s sessionless connection timeout, 1 selector thread(s), 12 worker threads, and 64 kB direct buffers.
2021-11-08 11:10:49,588 [myid:] - INFO  [main:NIOServerCnxnFactory@660] - binding to port /127.0.0.1:24778
2021-11-08 11:10:49,589 [myid:] - INFO  [main:FileTxnSnapLog@124] - zookeeper.snapshot.trust.empty : false
2021-11-08 11:10:49,590 [myid:] - INFO  [main:ZKTestCase@82] - FINISHED Optional[public void org.apache.zookeeper.server.quorum.QuorumRequestPipelineTest.testSetAndGetACL(org.apache.zookeeper.server.quorum.QuorumPeer$ServerState) throws java.lang.Exception]
]]></system-out>
  </testcase>
  <testcase name="testSync{ServerState}[1]" classname="org.apache.zookeeper.server.quorum.QuorumRequestPipelineTest" time="0.017">
    <error message="org/apache/zookeeper/ZooDefs$Ids" type="java.lang.NoClassDefFoundError"><![CDATA[java.lang.NoClassDefFoundError: org/apache/zookeeper/ZooDefs$Ids
	at org.apache.zookeeper.server.DataTree.addConfigNode(DataTree.java:327)
	at org.apache.zookeeper.server.DataTree.<init>(DataTree.java:300)
	at org.apache.zookeeper.server.DataTree.<init>(DataTree.java:282)
	at org.apache.zookeeper.server.ZKDatabase.createDataTree(ZKDatabase.java:727)
	at org.apache.zookeeper.server.ZKDatabase.<init>(ZKDatabase.java:110)
	at org.apache.zookeeper.server.quorum.QuorumPeer.<init>(QuorumPeer.java:1098)
	at org.apache.zookeeper.server.quorum.QuorumPeer.<init>(QuorumPeer.java:1242)
	at org.apache.zookeeper.test.QuorumBase.startServers(QuorumBase.java:156)
	at org.apache.zookeeper.test.QuorumBase.setUp(QuorumBase.java:124)
	at org.apache.zookeeper.server.quorum.QuorumRequestPipelineTest.setUp(QuorumRequestPipelineTest.java:72)
	at org.apache.zookeeper.server.quorum.QuorumRequestPipelineTest.testSync(QuorumRequestPipelineTest.java:167)
	Suppressed: java.lang.NullPointerException
		at org.apache.zookeeper.server.quorum.QuorumRequestPipelineTest.tearDown(QuorumRequestPipelineTest.java:80)
		at sun.reflect.NativeMethodAccessorImpl.invoke0(Native Method)
		at sun.reflect.NativeMethodAccessorImpl.invoke(NativeMethodAccessorImpl.java:62)
		at sun.reflect.DelegatingMethodAccessorImpl.invoke(DelegatingMethodAccessorImpl.java:43)
		at java.lang.reflect.Method.invoke(Method.java:483)
		at org.junit.platform.commons.util.ReflectionUtils.invokeMethod(ReflectionUtils.java:686)
		at org.junit.jupiter.engine.execution.MethodInvocation.proceed(MethodInvocation.java:60)
		at org.junit.jupiter.engine.execution.InvocationInterceptorChain$ValidatingInvocation.proceed(InvocationInterceptorChain.java:131)
		at org.junit.jupiter.engine.extension.TimeoutExtension.intercept(TimeoutExtension.java:149)
		at org.junit.jupiter.engine.extension.TimeoutExtension.interceptLifecycleMethod(TimeoutExtension.java:126)
		at org.junit.jupiter.engine.extension.TimeoutExtension.interceptAfterEachMethod(TimeoutExtension.java:108)
		at org.junit.jupiter.engine.descriptor.ClassBasedTestDescriptor$$Lambda$363/2003891312.apply(Unknown Source)
		at org.junit.jupiter.engine.execution.ExecutableInvoker$ReflectiveInterceptorCall.lambda$ofVoidMethod$0(ExecutableInvoker.java:115)
		at org.junit.jupiter.engine.execution.ExecutableInvoker$ReflectiveInterceptorCall$$Lambda$230/315860201.apply(Unknown Source)
		at org.junit.jupiter.engine.execution.ExecutableInvoker.lambda$invoke$0(ExecutableInvoker.java:105)
		at org.junit.jupiter.engine.execution.ExecutableInvoker$$Lambda$231/720167805.apply(Unknown Source)
		at org.junit.jupiter.engine.execution.InvocationInterceptorChain$InterceptedInvocation.proceed(InvocationInterceptorChain.java:106)
		at org.junit.jupiter.engine.execution.InvocationInterceptorChain.proceed(InvocationInterceptorChain.java:64)
		at org.junit.jupiter.engine.execution.InvocationInterceptorChain.chainAndInvoke(InvocationInterceptorChain.java:45)
		at org.junit.jupiter.engine.execution.InvocationInterceptorChain.invoke(InvocationInterceptorChain.java:37)
		at org.junit.jupiter.engine.execution.ExecutableInvoker.invoke(ExecutableInvoker.java:104)
		at org.junit.jupiter.engine.execution.ExecutableInvoker.invoke(ExecutableInvoker.java:98)
		at org.junit.jupiter.engine.descriptor.ClassBasedTestDescriptor.invokeMethodInExtensionContext(ClassBasedTestDescriptor.java:481)
		at org.junit.jupiter.engine.descriptor.ClassBasedTestDescriptor.lambda$synthesizeAfterEachMethodAdapter$19(ClassBasedTestDescriptor.java:471)
		at org.junit.jupiter.engine.descriptor.ClassBasedTestDescriptor$$Lambda$206/1371006431.invokeAfterEachMethod(Unknown Source)
		at org.junit.jupiter.engine.descriptor.TestMethodTestDescriptor.lambda$invokeAfterEachMethods$9(TestMethodTestDescriptor.java:238)
		at org.junit.jupiter.engine.descriptor.TestMethodTestDescriptor$$Lambda$362/221634215.invoke(Unknown Source)
		at org.junit.jupiter.engine.descriptor.TestMethodTestDescriptor.lambda$invokeAllAfterMethodsOrCallbacks$12(TestMethodTestDescriptor.java:271)
		at org.junit.jupiter.engine.descriptor.TestMethodTestDescriptor$$Lambda$361/664792509.execute(Unknown Source)
		at org.junit.platform.engine.support.hierarchical.ThrowableCollector.execute(ThrowableCollector.java:73)
		at org.junit.jupiter.engine.descriptor.TestMethodTestDescriptor.lambda$invokeAllAfterMethodsOrCallbacks$13(TestMethodTestDescriptor.java:271)
		at org.junit.jupiter.engine.descriptor.TestMethodTestDescriptor$$Lambda$360/1965237677.accept(Unknown Source)
		at java.util.ArrayList.forEach(ArrayList.java:1249)
		at org.junit.jupiter.engine.descriptor.TestMethodTestDescriptor.invokeAllAfterMethodsOrCallbacks(TestMethodTestDescriptor.java:270)
		at org.junit.jupiter.engine.descriptor.TestMethodTestDescriptor.invokeAfterEachMethods(TestMethodTestDescriptor.java:236)
		at org.junit.jupiter.engine.descriptor.TestMethodTestDescriptor.execute(TestMethodTestDescriptor.java:141)
		at org.junit.jupiter.engine.descriptor.TestMethodTestDescriptor.execute(TestMethodTestDescriptor.java:71)
		at org.junit.platform.engine.support.hierarchical.NodeTestTask.lambda$executeRecursively$5(NodeTestTask.java:135)
		at org.junit.platform.engine.support.hierarchical.NodeTestTask$$Lambda$176/1239548589.execute(Unknown Source)
		at org.junit.platform.engine.support.hierarchical.ThrowableCollector.execute(ThrowableCollector.java:73)
		at org.junit.platform.engine.support.hierarchical.NodeTestTask.lambda$executeRecursively$7(NodeTestTask.java:125)
		at org.junit.platform.engine.support.hierarchical.NodeTestTask$$Lambda$175/1634132079.invoke(Unknown Source)
		at org.junit.platform.engine.support.hierarchical.Node.around(Node.java:135)
		at org.junit.platform.engine.support.hierarchical.NodeTestTask.lambda$executeRecursively$8(NodeTestTask.java:123)
		at org.junit.platform.engine.support.hierarchical.NodeTestTask$$Lambda$174/112619572.execute(Unknown Source)
		at org.junit.platform.engine.support.hierarchical.ThrowableCollector.execute(ThrowableCollector.java:73)
		at org.junit.platform.engine.support.hierarchical.NodeTestTask.executeRecursively(NodeTestTask.java:122)
		at org.junit.platform.engine.support.hierarchical.NodeTestTask.execute(NodeTestTask.java:80)
		at org.junit.platform.engine.support.hierarchical.SameThreadHierarchicalTestExecutorService.submit(SameThreadHierarchicalTestExecutorService.java:32)
		at org.junit.platform.engine.support.hierarchical.NodeTestTask$DefaultDynamicTestExecutor.execute(NodeTestTask.java:198)
		at org.junit.jupiter.engine.descriptor.TestTemplateTestDescriptor.execute(TestTemplateTestDescriptor.java:138)
		at org.junit.jupiter.engine.descriptor.TestTemplateTestDescriptor.lambda$execute$2(TestTemplateTestDescriptor.java:106)
		at org.junit.jupiter.engine.descriptor.TestTemplateTestDescriptor$$Lambda$252/1846406218.accept(Unknown Source)
		at java.util.stream.ForEachOps$ForEachOp$OfRef.accept(ForEachOps.java:183)
		at java.util.stream.ReferencePipeline$3$1.accept(ReferencePipeline.java:193)
		at java.util.stream.ReferencePipeline$2$1.accept(ReferencePipeline.java:175)
		at java.util.stream.ReferencePipeline$3$1.accept(ReferencePipeline.java:193)
		at java.util.stream.ForEachOps$ForEachOp$OfRef.accept(ForEachOps.java:183)
		at java.util.stream.ReferencePipeline$11$1.accept(ReferencePipeline.java:373)
		at java.util.stream.ReferencePipeline$3$1.accept(ReferencePipeline.java:193)
		at java.util.stream.ReferencePipeline$3$1.accept(ReferencePipeline.java:193)
		at java.util.stream.ReferencePipeline$3$1.accept(ReferencePipeline.java:193)
		at java.util.stream.ForEachOps$ForEachOp$OfRef.accept(ForEachOps.java:183)
		at java.util.stream.ReferencePipeline$3$1.accept(ReferencePipeline.java:193)
		at java.util.Spliterators$ArraySpliterator.forEachRemaining(Spliterators.java:948)
		at java.util.stream.ReferencePipeline$Head.forEach(ReferencePipeline.java:580)
		at java.util.stream.ReferencePipeline$7$1.accept(ReferencePipeline.java:270)
		at java.util.stream.ReferencePipeline$3$1.accept(ReferencePipeline.java:193)
		at java.util.stream.ReferencePipeline$3$1.accept(ReferencePipeline.java:193)
		at java.util.Spliterators$ArraySpliterator.forEachRemaining(Spliterators.java:948)
		at java.util.stream.AbstractPipeline.copyInto(AbstractPipeline.java:512)
		at java.util.stream.AbstractPipeline.wrapAndCopyInto(AbstractPipeline.java:502)
		at java.util.stream.ForEachOps$ForEachOp.evaluateSequential(ForEachOps.java:150)
		at java.util.stream.ForEachOps$ForEachOp$OfRef.evaluateSequential(ForEachOps.java:173)
		at java.util.stream.AbstractPipeline.evaluate(AbstractPipeline.java:234)
		at java.util.stream.ReferencePipeline.forEach(ReferencePipeline.java:418)
		at java.util.stream.ReferencePipeline$7$1.accept(ReferencePipeline.java:270)
		at java.util.stream.ReferencePipeline$3$1.accept(ReferencePipeline.java:193)
		at java.util.stream.ReferencePipeline$3$1.accept(ReferencePipeline.java:193)
		at java.util.stream.ReferencePipeline$3$1.accept(ReferencePipeline.java:193)
		at java.util.ArrayList$ArrayListSpliterator.forEachRemaining(ArrayList.java:1374)
		at java.util.stream.AbstractPipeline.copyInto(AbstractPipeline.java:512)
		at java.util.stream.AbstractPipeline.wrapAndCopyInto(AbstractPipeline.java:502)
		at java.util.stream.ForEachOps$ForEachOp.evaluateSequential(ForEachOps.java:150)
		at java.util.stream.ForEachOps$ForEachOp$OfRef.evaluateSequential(ForEachOps.java:173)
		at java.util.stream.AbstractPipeline.evaluate(AbstractPipeline.java:234)
		at java.util.stream.ReferencePipeline.forEach(ReferencePipeline.java:418)
		at java.util.stream.ReferencePipeline$7$1.accept(ReferencePipeline.java:270)
		at java.util.ArrayList$ArrayListSpliterator.forEachRemaining(ArrayList.java:1374)
		at java.util.stream.AbstractPipeline.copyInto(AbstractPipeline.java:512)
		at java.util.stream.AbstractPipeline.wrapAndCopyInto(AbstractPipeline.java:502)
		at java.util.stream.ForEachOps$ForEachOp.evaluateSequential(ForEachOps.java:150)
		at java.util.stream.ForEachOps$ForEachOp$OfRef.evaluateSequential(ForEachOps.java:173)
		at java.util.stream.AbstractPipeline.evaluate(AbstractPipeline.java:234)
		at java.util.stream.ReferencePipeline.forEach(ReferencePipeline.java:418)
		at org.junit.jupiter.engine.descriptor.TestTemplateTestDescriptor.execute(TestTemplateTestDescriptor.java:106)
		at org.junit.jupiter.engine.descriptor.TestTemplateTestDescriptor.execute(TestTemplateTestDescriptor.java:41)
		at org.junit.platform.engine.support.hierarchical.NodeTestTask.lambda$executeRecursively$5(NodeTestTask.java:135)
		at org.junit.platform.engine.support.hierarchical.NodeTestTask$$Lambda$176/1239548589.execute(Unknown Source)
		at org.junit.platform.engine.support.hierarchical.ThrowableCollector.execute(ThrowableCollector.java:73)
		at org.junit.platform.engine.support.hierarchical.NodeTestTask.lambda$executeRecursively$7(NodeTestTask.java:125)
		at org.junit.platform.engine.support.hierarchical.NodeTestTask$$Lambda$175/1634132079.invoke(Unknown Source)
		at org.junit.platform.engine.support.hierarchical.Node.around(Node.java:135)
		at org.junit.platform.engine.support.hierarchical.NodeTestTask.lambda$executeRecursively$8(NodeTestTask.java:123)
		at org.junit.platform.engine.support.hierarchical.NodeTestTask$$Lambda$174/112619572.execute(Unknown Source)
		at org.junit.platform.engine.support.hierarchical.ThrowableCollector.execute(ThrowableCollector.java:73)
		at org.junit.platform.engine.support.hierarchical.NodeTestTask.executeRecursively(NodeTestTask.java:122)
		at org.junit.platform.engine.support.hierarchical.NodeTestTask.execute(NodeTestTask.java:80)
		at org.junit.platform.engine.support.hierarchical.SameThreadHierarchicalTestExecutorService$$Lambda$180/667346055.accept(Unknown Source)
		at java.util.ArrayList.forEach(ArrayList.java:1249)
		at org.junit.platform.engine.support.hierarchical.SameThreadHierarchicalTestExecutorService.invokeAll(SameThreadHierarchicalTestExecutorService.java:38)
		at org.junit.platform.engine.support.hierarchical.NodeTestTask.lambda$executeRecursively$5(NodeTestTask.java:139)
		at org.junit.platform.engine.support.hierarchical.NodeTestTask$$Lambda$176/1239548589.execute(Unknown Source)
		at org.junit.platform.engine.support.hierarchical.ThrowableCollector.execute(ThrowableCollector.java:73)
		at org.junit.platform.engine.support.hierarchical.NodeTestTask.lambda$executeRecursively$7(NodeTestTask.java:125)
		at org.junit.platform.engine.support.hierarchical.NodeTestTask$$Lambda$175/1634132079.invoke(Unknown Source)
		at org.junit.platform.engine.support.hierarchical.Node.around(Node.java:135)
		at org.junit.platform.engine.support.hierarchical.NodeTestTask.lambda$executeRecursively$8(NodeTestTask.java:123)
		at org.junit.platform.engine.support.hierarchical.NodeTestTask$$Lambda$174/112619572.execute(Unknown Source)
		at org.junit.platform.engine.support.hierarchical.ThrowableCollector.execute(ThrowableCollector.java:73)
		at org.junit.platform.engine.support.hierarchical.NodeTestTask.executeRecursively(NodeTestTask.java:122)
		at org.junit.platform.engine.support.hierarchical.NodeTestTask.execute(NodeTestTask.java:80)
		at org.junit.platform.engine.support.hierarchical.SameThreadHierarchicalTestExecutorService$$Lambda$180/667346055.accept(Unknown Source)
		at java.util.ArrayList.forEach(ArrayList.java:1249)
		at org.junit.platform.engine.support.hierarchical.SameThreadHierarchicalTestExecutorService.invokeAll(SameThreadHierarchicalTestExecutorService.java:38)
		at org.junit.platform.engine.support.hierarchical.NodeTestTask.lambda$executeRecursively$5(NodeTestTask.java:139)
		at org.junit.platform.engine.support.hierarchical.NodeTestTask$$Lambda$176/1239548589.execute(Unknown Source)
		at org.junit.platform.engine.support.hierarchical.ThrowableCollector.execute(ThrowableCollector.java:73)
		at org.junit.platform.engine.support.hierarchical.NodeTestTask.lambda$executeRecursively$7(NodeTestTask.java:125)
		at org.junit.platform.engine.support.hierarchical.NodeTestTask$$Lambda$175/1634132079.invoke(Unknown Source)
		at org.junit.platform.engine.support.hierarchical.Node.around(Node.java:135)
		at org.junit.platform.engine.support.hierarchical.NodeTestTask.lambda$executeRecursively$8(NodeTestTask.java:123)
		at org.junit.platform.engine.support.hierarchical.NodeTestTask$$Lambda$174/112619572.execute(Unknown Source)
		at org.junit.platform.engine.support.hierarchical.ThrowableCollector.execute(ThrowableCollector.java:73)
		at org.junit.platform.engine.support.hierarchical.NodeTestTask.executeRecursively(NodeTestTask.java:122)
		at org.junit.platform.engine.support.hierarchical.NodeTestTask.execute(NodeTestTask.java:80)
		at org.junit.platform.engine.support.hierarchical.SameThreadHierarchicalTestExecutorService.submit(SameThreadHierarchicalTestExecutorService.java:32)
		at org.junit.platform.engine.support.hierarchical.HierarchicalTestExecutor.execute(HierarchicalTestExecutor.java:57)
		at org.junit.platform.engine.support.hierarchical.HierarchicalTestEngine.execute(HierarchicalTestEngine.java:51)
		at org.junit.platform.launcher.core.DefaultLauncher.execute(DefaultLauncher.java:248)
		at org.junit.platform.launcher.core.DefaultLauncher.lambda$execute$5(DefaultLauncher.java:211)
		at org.junit.platform.launcher.core.DefaultLauncher$$Lambda$140/1414147750.accept(Unknown Source)
		at org.junit.platform.launcher.core.DefaultLauncher.withInterceptedStreams(DefaultLauncher.java:226)
		at org.junit.platform.launcher.core.DefaultLauncher.execute(DefaultLauncher.java:199)
		at org.junit.platform.launcher.core.DefaultLauncher.execute(DefaultLauncher.java:132)
		at org.apache.maven.surefire.junitplatform.JUnitPlatformProvider.invokeAllTests(JUnitPlatformProvider.java:142)
		at org.apache.maven.surefire.junitplatform.JUnitPlatformProvider.invoke(JUnitPlatformProvider.java:113)
		at org.apache.maven.surefire.booter.ForkedBooter.invokeProviderInSameClassLoader(ForkedBooter.java:384)
		at org.apache.maven.surefire.booter.ForkedBooter.runSuitesInProcess(ForkedBooter.java:345)
		at org.apache.maven.surefire.booter.ForkedBooter.execute(ForkedBooter.java:126)
		at org.apache.maven.surefire.booter.ForkedBooter.main(ForkedBooter.java:418)
]]></error>
    <system-out><![CDATA[2021-11-08 11:10:49,593 [myid:] - INFO  [main:PortAssignment@87] - Assigned port 24783 from range 24686 - 27378.
2021-11-08 11:10:49,594 [myid:] - INFO  [main:ZKTestCase@77] - STARTING Optional[public void org.apache.zookeeper.server.quorum.QuorumRequestPipelineTest.testSync(org.apache.zookeeper.server.quorum.QuorumPeer$ServerState) throws java.lang.Exception]
2021-11-08 11:10:49,594 [myid:] - INFO  [main:QuorumBase@81] - QuorumBase.setup null
2021-11-08 11:10:49,595 [myid:] - INFO  [main:JMXEnv@58] - connecting to addr service:jmx:rmi://127.0.0.1/stub/rO0ABXNyAC5qYXZheC5tYW5hZ2VtZW50LnJlbW90ZS5ybWkuUk1JU2VydmVySW1wbF9TdHViAAAAAAAAAAICAAB4cgAaamF2YS5ybWkuc2VydmVyLlJlbW90ZVN0dWLp/tzJi+FlGgIAAHhyABxqYXZhLnJtaS5zZXJ2ZXIuUmVtb3RlT2JqZWN002G0kQxhMx4DAAB4cHc6AAtVbmljYXN0UmVmMgAADzE2OS4yNTQuMTU2LjIzMQAACXmt7mMsOqv8TWrMPREAAAF8/YbC74AmAHg=
2021-11-08 11:10:49,598 [myid:] - INFO  [main:PortAssignment@87] - Assigned port 24784 from range 24686 - 27378.
2021-11-08 11:10:49,599 [myid:] - INFO  [main:PortAssignment@87] - Assigned port 24785 from range 24686 - 27378.
2021-11-08 11:10:49,599 [myid:] - INFO  [main:PortAssignment@87] - Assigned port 24786 from range 24686 - 27378.
2021-11-08 11:10:49,599 [myid:] - INFO  [main:PortAssignment@87] - Assigned port 24787 from range 24686 - 27378.
2021-11-08 11:10:49,599 [myid:] - INFO  [main:PortAssignment@87] - Assigned port 24788 from range 24686 - 27378.
2021-11-08 11:10:49,600 [myid:] - INFO  [main:PortAssignment@87] - Assigned port 24789 from range 24686 - 27378.
2021-11-08 11:10:49,600 [myid:] - INFO  [main:PortAssignment@87] - Assigned port 24790 from range 24686 - 27378.
2021-11-08 11:10:49,600 [myid:] - INFO  [main:PortAssignment@87] - Assigned port 24791 from range 24686 - 27378.
2021-11-08 11:10:49,601 [myid:] - INFO  [main:PortAssignment@87] - Assigned port 24792 from range 24686 - 27378.
2021-11-08 11:10:49,601 [myid:] - INFO  [main:PortAssignment@87] - Assigned port 24793 from range 24686 - 27378.
2021-11-08 11:10:49,601 [myid:] - INFO  [main:PortAssignment@87] - Assigned port 24794 from range 24686 - 27378.
2021-11-08 11:10:49,602 [myid:] - INFO  [main:PortAssignment@87] - Assigned port 24795 from range 24686 - 27378.
2021-11-08 11:10:49,602 [myid:] - INFO  [main:PortAssignment@87] - Assigned port 24796 from range 24686 - 27378.
2021-11-08 11:10:49,602 [myid:] - INFO  [main:PortAssignment@87] - Assigned port 24797 from range 24686 - 27378.
2021-11-08 11:10:49,602 [myid:] - INFO  [main:PortAssignment@87] - Assigned port 24798 from range 24686 - 27378.
2021-11-08 11:10:49,603 [myid:] - INFO  [main:QuorumBase@116] - Ports are: 127.0.0.1:24794,127.0.0.1:24795,127.0.0.1:24796,127.0.0.1:24797,127.0.0.1:24798
2021-11-08 11:10:49,606 [myid:] - INFO  [main:QuorumBase@155] - creating QuorumPeer 1 port 24794
2021-11-08 11:10:49,607 [myid:] - INFO  [main:ServerCnxnFactory@169] - Using org.apache.zookeeper.server.NIOServerCnxnFactory as server connection factory
2021-11-08 11:10:49,607 [myid:] - WARN  [main:ServerCnxnFactory@309] - maxCnxns is not configured, using default value 0.
2021-11-08 11:10:49,607 [myid:] - INFO  [main:NIOServerCnxnFactory@652] - Configuring NIO connection handler with 10s sessionless connection timeout, 1 selector thread(s), 12 worker threads, and 64 kB direct buffers.
2021-11-08 11:10:49,608 [myid:] - INFO  [main:NIOServerCnxnFactory@660] - binding to port /127.0.0.1:24794
2021-11-08 11:10:49,608 [myid:] - INFO  [main:FileTxnSnapLog@124] - zookeeper.snapshot.trust.empty : false
2021-11-08 11:10:49,610 [myid:] - INFO  [main:ZKTestCase@82] - FINISHED Optional[public void org.apache.zookeeper.server.quorum.QuorumRequestPipelineTest.testSync(org.apache.zookeeper.server.quorum.QuorumPeer$ServerState) throws java.lang.Exception]
]]></system-out>
  </testcase>
  <testcase name="testSync{ServerState}[2]" classname="org.apache.zookeeper.server.quorum.QuorumRequestPipelineTest" time="0.018">
    <error message="org/apache/zookeeper/ZooDefs$Ids" type="java.lang.NoClassDefFoundError"><![CDATA[java.lang.NoClassDefFoundError: org/apache/zookeeper/ZooDefs$Ids
	at org.apache.zookeeper.server.DataTree.addConfigNode(DataTree.java:327)
	at org.apache.zookeeper.server.DataTree.<init>(DataTree.java:300)
	at org.apache.zookeeper.server.DataTree.<init>(DataTree.java:282)
	at org.apache.zookeeper.server.ZKDatabase.createDataTree(ZKDatabase.java:727)
	at org.apache.zookeeper.server.ZKDatabase.<init>(ZKDatabase.java:110)
	at org.apache.zookeeper.server.quorum.QuorumPeer.<init>(QuorumPeer.java:1098)
	at org.apache.zookeeper.server.quorum.QuorumPeer.<init>(QuorumPeer.java:1242)
	at org.apache.zookeeper.test.QuorumBase.startServers(QuorumBase.java:156)
	at org.apache.zookeeper.test.QuorumBase.setUp(QuorumBase.java:124)
	at org.apache.zookeeper.server.quorum.QuorumRequestPipelineTest.setUp(QuorumRequestPipelineTest.java:72)
	at org.apache.zookeeper.server.quorum.QuorumRequestPipelineTest.testSync(QuorumRequestPipelineTest.java:167)
	Suppressed: java.lang.NullPointerException
		at org.apache.zookeeper.server.quorum.QuorumRequestPipelineTest.tearDown(QuorumRequestPipelineTest.java:80)
		at sun.reflect.NativeMethodAccessorImpl.invoke0(Native Method)
		at sun.reflect.NativeMethodAccessorImpl.invoke(NativeMethodAccessorImpl.java:62)
		at sun.reflect.DelegatingMethodAccessorImpl.invoke(DelegatingMethodAccessorImpl.java:43)
		at java.lang.reflect.Method.invoke(Method.java:483)
		at org.junit.platform.commons.util.ReflectionUtils.invokeMethod(ReflectionUtils.java:686)
		at org.junit.jupiter.engine.execution.MethodInvocation.proceed(MethodInvocation.java:60)
		at org.junit.jupiter.engine.execution.InvocationInterceptorChain$ValidatingInvocation.proceed(InvocationInterceptorChain.java:131)
		at org.junit.jupiter.engine.extension.TimeoutExtension.intercept(TimeoutExtension.java:149)
		at org.junit.jupiter.engine.extension.TimeoutExtension.interceptLifecycleMethod(TimeoutExtension.java:126)
		at org.junit.jupiter.engine.extension.TimeoutExtension.interceptAfterEachMethod(TimeoutExtension.java:108)
		at org.junit.jupiter.engine.descriptor.ClassBasedTestDescriptor$$Lambda$363/2003891312.apply(Unknown Source)
		at org.junit.jupiter.engine.execution.ExecutableInvoker$ReflectiveInterceptorCall.lambda$ofVoidMethod$0(ExecutableInvoker.java:115)
		at org.junit.jupiter.engine.execution.ExecutableInvoker$ReflectiveInterceptorCall$$Lambda$230/315860201.apply(Unknown Source)
		at org.junit.jupiter.engine.execution.ExecutableInvoker.lambda$invoke$0(ExecutableInvoker.java:105)
		at org.junit.jupiter.engine.execution.ExecutableInvoker$$Lambda$231/720167805.apply(Unknown Source)
		at org.junit.jupiter.engine.execution.InvocationInterceptorChain$InterceptedInvocation.proceed(InvocationInterceptorChain.java:106)
		at org.junit.jupiter.engine.execution.InvocationInterceptorChain.proceed(InvocationInterceptorChain.java:64)
		at org.junit.jupiter.engine.execution.InvocationInterceptorChain.chainAndInvoke(InvocationInterceptorChain.java:45)
		at org.junit.jupiter.engine.execution.InvocationInterceptorChain.invoke(InvocationInterceptorChain.java:37)
		at org.junit.jupiter.engine.execution.ExecutableInvoker.invoke(ExecutableInvoker.java:104)
		at org.junit.jupiter.engine.execution.ExecutableInvoker.invoke(ExecutableInvoker.java:98)
		at org.junit.jupiter.engine.descriptor.ClassBasedTestDescriptor.invokeMethodInExtensionContext(ClassBasedTestDescriptor.java:481)
		at org.junit.jupiter.engine.descriptor.ClassBasedTestDescriptor.lambda$synthesizeAfterEachMethodAdapter$19(ClassBasedTestDescriptor.java:471)
		at org.junit.jupiter.engine.descriptor.ClassBasedTestDescriptor$$Lambda$206/1371006431.invokeAfterEachMethod(Unknown Source)
		at org.junit.jupiter.engine.descriptor.TestMethodTestDescriptor.lambda$invokeAfterEachMethods$9(TestMethodTestDescriptor.java:238)
		at org.junit.jupiter.engine.descriptor.TestMethodTestDescriptor$$Lambda$362/221634215.invoke(Unknown Source)
		at org.junit.jupiter.engine.descriptor.TestMethodTestDescriptor.lambda$invokeAllAfterMethodsOrCallbacks$12(TestMethodTestDescriptor.java:271)
		at org.junit.jupiter.engine.descriptor.TestMethodTestDescriptor$$Lambda$361/664792509.execute(Unknown Source)
		at org.junit.platform.engine.support.hierarchical.ThrowableCollector.execute(ThrowableCollector.java:73)
		at org.junit.jupiter.engine.descriptor.TestMethodTestDescriptor.lambda$invokeAllAfterMethodsOrCallbacks$13(TestMethodTestDescriptor.java:271)
		at org.junit.jupiter.engine.descriptor.TestMethodTestDescriptor$$Lambda$360/1965237677.accept(Unknown Source)
		at java.util.ArrayList.forEach(ArrayList.java:1249)
		at org.junit.jupiter.engine.descriptor.TestMethodTestDescriptor.invokeAllAfterMethodsOrCallbacks(TestMethodTestDescriptor.java:270)
		at org.junit.jupiter.engine.descriptor.TestMethodTestDescriptor.invokeAfterEachMethods(TestMethodTestDescriptor.java:236)
		at org.junit.jupiter.engine.descriptor.TestMethodTestDescriptor.execute(TestMethodTestDescriptor.java:141)
		at org.junit.jupiter.engine.descriptor.TestMethodTestDescriptor.execute(TestMethodTestDescriptor.java:71)
		at org.junit.platform.engine.support.hierarchical.NodeTestTask.lambda$executeRecursively$5(NodeTestTask.java:135)
		at org.junit.platform.engine.support.hierarchical.NodeTestTask$$Lambda$176/1239548589.execute(Unknown Source)
		at org.junit.platform.engine.support.hierarchical.ThrowableCollector.execute(ThrowableCollector.java:73)
		at org.junit.platform.engine.support.hierarchical.NodeTestTask.lambda$executeRecursively$7(NodeTestTask.java:125)
		at org.junit.platform.engine.support.hierarchical.NodeTestTask$$Lambda$175/1634132079.invoke(Unknown Source)
		at org.junit.platform.engine.support.hierarchical.Node.around(Node.java:135)
		at org.junit.platform.engine.support.hierarchical.NodeTestTask.lambda$executeRecursively$8(NodeTestTask.java:123)
		at org.junit.platform.engine.support.hierarchical.NodeTestTask$$Lambda$174/112619572.execute(Unknown Source)
		at org.junit.platform.engine.support.hierarchical.ThrowableCollector.execute(ThrowableCollector.java:73)
		at org.junit.platform.engine.support.hierarchical.NodeTestTask.executeRecursively(NodeTestTask.java:122)
		at org.junit.platform.engine.support.hierarchical.NodeTestTask.execute(NodeTestTask.java:80)
		at org.junit.platform.engine.support.hierarchical.SameThreadHierarchicalTestExecutorService.submit(SameThreadHierarchicalTestExecutorService.java:32)
		at org.junit.platform.engine.support.hierarchical.NodeTestTask$DefaultDynamicTestExecutor.execute(NodeTestTask.java:198)
		at org.junit.jupiter.engine.descriptor.TestTemplateTestDescriptor.execute(TestTemplateTestDescriptor.java:138)
		at org.junit.jupiter.engine.descriptor.TestTemplateTestDescriptor.lambda$execute$2(TestTemplateTestDescriptor.java:106)
		at org.junit.jupiter.engine.descriptor.TestTemplateTestDescriptor$$Lambda$252/1846406218.accept(Unknown Source)
		at java.util.stream.ForEachOps$ForEachOp$OfRef.accept(ForEachOps.java:183)
		at java.util.stream.ReferencePipeline$3$1.accept(ReferencePipeline.java:193)
		at java.util.stream.ReferencePipeline$2$1.accept(ReferencePipeline.java:175)
		at java.util.stream.ReferencePipeline$3$1.accept(ReferencePipeline.java:193)
		at java.util.stream.ForEachOps$ForEachOp$OfRef.accept(ForEachOps.java:183)
		at java.util.stream.ReferencePipeline$11$1.accept(ReferencePipeline.java:373)
		at java.util.stream.ReferencePipeline$3$1.accept(ReferencePipeline.java:193)
		at java.util.stream.ReferencePipeline$3$1.accept(ReferencePipeline.java:193)
		at java.util.stream.ReferencePipeline$3$1.accept(ReferencePipeline.java:193)
		at java.util.stream.ForEachOps$ForEachOp$OfRef.accept(ForEachOps.java:183)
		at java.util.stream.ReferencePipeline$3$1.accept(ReferencePipeline.java:193)
		at java.util.Spliterators$ArraySpliterator.forEachRemaining(Spliterators.java:948)
		at java.util.stream.ReferencePipeline$Head.forEach(ReferencePipeline.java:580)
		at java.util.stream.ReferencePipeline$7$1.accept(ReferencePipeline.java:270)
		at java.util.stream.ReferencePipeline$3$1.accept(ReferencePipeline.java:193)
		at java.util.stream.ReferencePipeline$3$1.accept(ReferencePipeline.java:193)
		at java.util.Spliterators$ArraySpliterator.forEachRemaining(Spliterators.java:948)
		at java.util.stream.AbstractPipeline.copyInto(AbstractPipeline.java:512)
		at java.util.stream.AbstractPipeline.wrapAndCopyInto(AbstractPipeline.java:502)
		at java.util.stream.ForEachOps$ForEachOp.evaluateSequential(ForEachOps.java:150)
		at java.util.stream.ForEachOps$ForEachOp$OfRef.evaluateSequential(ForEachOps.java:173)
		at java.util.stream.AbstractPipeline.evaluate(AbstractPipeline.java:234)
		at java.util.stream.ReferencePipeline.forEach(ReferencePipeline.java:418)
		at java.util.stream.ReferencePipeline$7$1.accept(ReferencePipeline.java:270)
		at java.util.stream.ReferencePipeline$3$1.accept(ReferencePipeline.java:193)
		at java.util.stream.ReferencePipeline$3$1.accept(ReferencePipeline.java:193)
		at java.util.stream.ReferencePipeline$3$1.accept(ReferencePipeline.java:193)
		at java.util.ArrayList$ArrayListSpliterator.forEachRemaining(ArrayList.java:1374)
		at java.util.stream.AbstractPipeline.copyInto(AbstractPipeline.java:512)
		at java.util.stream.AbstractPipeline.wrapAndCopyInto(AbstractPipeline.java:502)
		at java.util.stream.ForEachOps$ForEachOp.evaluateSequential(ForEachOps.java:150)
		at java.util.stream.ForEachOps$ForEachOp$OfRef.evaluateSequential(ForEachOps.java:173)
		at java.util.stream.AbstractPipeline.evaluate(AbstractPipeline.java:234)
		at java.util.stream.ReferencePipeline.forEach(ReferencePipeline.java:418)
		at java.util.stream.ReferencePipeline$7$1.accept(ReferencePipeline.java:270)
		at java.util.ArrayList$ArrayListSpliterator.forEachRemaining(ArrayList.java:1374)
		at java.util.stream.AbstractPipeline.copyInto(AbstractPipeline.java:512)
		at java.util.stream.AbstractPipeline.wrapAndCopyInto(AbstractPipeline.java:502)
		at java.util.stream.ForEachOps$ForEachOp.evaluateSequential(ForEachOps.java:150)
		at java.util.stream.ForEachOps$ForEachOp$OfRef.evaluateSequential(ForEachOps.java:173)
		at java.util.stream.AbstractPipeline.evaluate(AbstractPipeline.java:234)
		at java.util.stream.ReferencePipeline.forEach(ReferencePipeline.java:418)
		at org.junit.jupiter.engine.descriptor.TestTemplateTestDescriptor.execute(TestTemplateTestDescriptor.java:106)
		at org.junit.jupiter.engine.descriptor.TestTemplateTestDescriptor.execute(TestTemplateTestDescriptor.java:41)
		at org.junit.platform.engine.support.hierarchical.NodeTestTask.lambda$executeRecursively$5(NodeTestTask.java:135)
		at org.junit.platform.engine.support.hierarchical.NodeTestTask$$Lambda$176/1239548589.execute(Unknown Source)
		at org.junit.platform.engine.support.hierarchical.ThrowableCollector.execute(ThrowableCollector.java:73)
		at org.junit.platform.engine.support.hierarchical.NodeTestTask.lambda$executeRecursively$7(NodeTestTask.java:125)
		at org.junit.platform.engine.support.hierarchical.NodeTestTask$$Lambda$175/1634132079.invoke(Unknown Source)
		at org.junit.platform.engine.support.hierarchical.Node.around(Node.java:135)
		at org.junit.platform.engine.support.hierarchical.NodeTestTask.lambda$executeRecursively$8(NodeTestTask.java:123)
		at org.junit.platform.engine.support.hierarchical.NodeTestTask$$Lambda$174/112619572.execute(Unknown Source)
		at org.junit.platform.engine.support.hierarchical.ThrowableCollector.execute(ThrowableCollector.java:73)
		at org.junit.platform.engine.support.hierarchical.NodeTestTask.executeRecursively(NodeTestTask.java:122)
		at org.junit.platform.engine.support.hierarchical.NodeTestTask.execute(NodeTestTask.java:80)
		at org.junit.platform.engine.support.hierarchical.SameThreadHierarchicalTestExecutorService$$Lambda$180/667346055.accept(Unknown Source)
		at java.util.ArrayList.forEach(ArrayList.java:1249)
		at org.junit.platform.engine.support.hierarchical.SameThreadHierarchicalTestExecutorService.invokeAll(SameThreadHierarchicalTestExecutorService.java:38)
		at org.junit.platform.engine.support.hierarchical.NodeTestTask.lambda$executeRecursively$5(NodeTestTask.java:139)
		at org.junit.platform.engine.support.hierarchical.NodeTestTask$$Lambda$176/1239548589.execute(Unknown Source)
		at org.junit.platform.engine.support.hierarchical.ThrowableCollector.execute(ThrowableCollector.java:73)
		at org.junit.platform.engine.support.hierarchical.NodeTestTask.lambda$executeRecursively$7(NodeTestTask.java:125)
		at org.junit.platform.engine.support.hierarchical.NodeTestTask$$Lambda$175/1634132079.invoke(Unknown Source)
		at org.junit.platform.engine.support.hierarchical.Node.around(Node.java:135)
		at org.junit.platform.engine.support.hierarchical.NodeTestTask.lambda$executeRecursively$8(NodeTestTask.java:123)
		at org.junit.platform.engine.support.hierarchical.NodeTestTask$$Lambda$174/112619572.execute(Unknown Source)
		at org.junit.platform.engine.support.hierarchical.ThrowableCollector.execute(ThrowableCollector.java:73)
		at org.junit.platform.engine.support.hierarchical.NodeTestTask.executeRecursively(NodeTestTask.java:122)
		at org.junit.platform.engine.support.hierarchical.NodeTestTask.execute(NodeTestTask.java:80)
		at org.junit.platform.engine.support.hierarchical.SameThreadHierarchicalTestExecutorService$$Lambda$180/667346055.accept(Unknown Source)
		at java.util.ArrayList.forEach(ArrayList.java:1249)
		at org.junit.platform.engine.support.hierarchical.SameThreadHierarchicalTestExecutorService.invokeAll(SameThreadHierarchicalTestExecutorService.java:38)
		at org.junit.platform.engine.support.hierarchical.NodeTestTask.lambda$executeRecursively$5(NodeTestTask.java:139)
		at org.junit.platform.engine.support.hierarchical.NodeTestTask$$Lambda$176/1239548589.execute(Unknown Source)
		at org.junit.platform.engine.support.hierarchical.ThrowableCollector.execute(ThrowableCollector.java:73)
		at org.junit.platform.engine.support.hierarchical.NodeTestTask.lambda$executeRecursively$7(NodeTestTask.java:125)
		at org.junit.platform.engine.support.hierarchical.NodeTestTask$$Lambda$175/1634132079.invoke(Unknown Source)
		at org.junit.platform.engine.support.hierarchical.Node.around(Node.java:135)
		at org.junit.platform.engine.support.hierarchical.NodeTestTask.lambda$executeRecursively$8(NodeTestTask.java:123)
		at org.junit.platform.engine.support.hierarchical.NodeTestTask$$Lambda$174/112619572.execute(Unknown Source)
		at org.junit.platform.engine.support.hierarchical.ThrowableCollector.execute(ThrowableCollector.java:73)
		at org.junit.platform.engine.support.hierarchical.NodeTestTask.executeRecursively(NodeTestTask.java:122)
		at org.junit.platform.engine.support.hierarchical.NodeTestTask.execute(NodeTestTask.java:80)
		at org.junit.platform.engine.support.hierarchical.SameThreadHierarchicalTestExecutorService.submit(SameThreadHierarchicalTestExecutorService.java:32)
		at org.junit.platform.engine.support.hierarchical.HierarchicalTestExecutor.execute(HierarchicalTestExecutor.java:57)
		at org.junit.platform.engine.support.hierarchical.HierarchicalTestEngine.execute(HierarchicalTestEngine.java:51)
		at org.junit.platform.launcher.core.DefaultLauncher.execute(DefaultLauncher.java:248)
		at org.junit.platform.launcher.core.DefaultLauncher.lambda$execute$5(DefaultLauncher.java:211)
		at org.junit.platform.launcher.core.DefaultLauncher$$Lambda$140/1414147750.accept(Unknown Source)
		at org.junit.platform.launcher.core.DefaultLauncher.withInterceptedStreams(DefaultLauncher.java:226)
		at org.junit.platform.launcher.core.DefaultLauncher.execute(DefaultLauncher.java:199)
		at org.junit.platform.launcher.core.DefaultLauncher.execute(DefaultLauncher.java:132)
		at org.apache.maven.surefire.junitplatform.JUnitPlatformProvider.invokeAllTests(JUnitPlatformProvider.java:142)
		at org.apache.maven.surefire.junitplatform.JUnitPlatformProvider.invoke(JUnitPlatformProvider.java:113)
		at org.apache.maven.surefire.booter.ForkedBooter.invokeProviderInSameClassLoader(ForkedBooter.java:384)
		at org.apache.maven.surefire.booter.ForkedBooter.runSuitesInProcess(ForkedBooter.java:345)
		at org.apache.maven.surefire.booter.ForkedBooter.execute(ForkedBooter.java:126)
		at org.apache.maven.surefire.booter.ForkedBooter.main(ForkedBooter.java:418)
]]></error>
    <system-out><![CDATA[2021-11-08 11:10:49,611 [myid:] - INFO  [main:PortAssignment@87] - Assigned port 24799 from range 24686 - 27378.
2021-11-08 11:10:49,612 [myid:] - INFO  [main:ZKTestCase@77] - STARTING Optional[public void org.apache.zookeeper.server.quorum.QuorumRequestPipelineTest.testSync(org.apache.zookeeper.server.quorum.QuorumPeer$ServerState) throws java.lang.Exception]
2021-11-08 11:10:49,612 [myid:] - INFO  [main:QuorumBase@81] - QuorumBase.setup null
2021-11-08 11:10:49,613 [myid:] - INFO  [main:JMXEnv@58] - connecting to addr service:jmx:rmi://127.0.0.1/stub/rO0ABXNyAC5qYXZheC5tYW5hZ2VtZW50LnJlbW90ZS5ybWkuUk1JU2VydmVySW1wbF9TdHViAAAAAAAAAAICAAB4cgAaamF2YS5ybWkuc2VydmVyLlJlbW90ZVN0dWLp/tzJi+FlGgIAAHhyABxqYXZhLnJtaS5zZXJ2ZXIuUmVtb3RlT2JqZWN002G0kQxhMx4DAAB4cHc6AAtVbmljYXN0UmVmMgAADzE2OS4yNTQuMTU2LjIzMQAACXkR0zMjTQL7p2rMPREAAAF8/YbC74AsAHg=
2021-11-08 11:10:49,617 [myid:] - INFO  [main:PortAssignment@87] - Assigned port 24800 from range 24686 - 27378.
2021-11-08 11:10:49,617 [myid:] - INFO  [main:PortAssignment@87] - Assigned port 24801 from range 24686 - 27378.
2021-11-08 11:10:49,617 [myid:] - INFO  [main:PortAssignment@87] - Assigned port 24802 from range 24686 - 27378.
2021-11-08 11:10:49,618 [myid:] - INFO  [main:PortAssignment@87] - Assigned port 24803 from range 24686 - 27378.
2021-11-08 11:10:49,618 [myid:] - INFO  [main:PortAssignment@87] - Assigned port 24804 from range 24686 - 27378.
2021-11-08 11:10:49,618 [myid:] - INFO  [main:PortAssignment@87] - Assigned port 24805 from range 24686 - 27378.
2021-11-08 11:10:49,619 [myid:] - INFO  [main:PortAssignment@87] - Assigned port 24806 from range 24686 - 27378.
2021-11-08 11:10:49,619 [myid:] - INFO  [main:PortAssignment@87] - Assigned port 24807 from range 24686 - 27378.
2021-11-08 11:10:49,619 [myid:] - INFO  [main:PortAssignment@87] - Assigned port 24808 from range 24686 - 27378.
2021-11-08 11:10:49,619 [myid:] - INFO  [main:PortAssignment@87] - Assigned port 24809 from range 24686 - 27378.
2021-11-08 11:10:49,620 [myid:] - INFO  [main:PortAssignment@87] - Assigned port 24810 from range 24686 - 27378.
2021-11-08 11:10:49,620 [myid:] - INFO  [main:PortAssignment@87] - Assigned port 24811 from range 24686 - 27378.
2021-11-08 11:10:49,621 [myid:] - INFO  [main:PortAssignment@87] - Assigned port 24812 from range 24686 - 27378.
2021-11-08 11:10:49,621 [myid:] - INFO  [main:PortAssignment@87] - Assigned port 24813 from range 24686 - 27378.
2021-11-08 11:10:49,621 [myid:] - INFO  [main:PortAssignment@87] - Assigned port 24814 from range 24686 - 27378.
2021-11-08 11:10:49,621 [myid:] - INFO  [main:QuorumBase@116] - Ports are: 127.0.0.1:24810,127.0.0.1:24811,127.0.0.1:24812,127.0.0.1:24813,127.0.0.1:24814
2021-11-08 11:10:49,625 [myid:] - INFO  [main:QuorumBase@155] - creating QuorumPeer 1 port 24810
2021-11-08 11:10:49,625 [myid:] - INFO  [main:ServerCnxnFactory@169] - Using org.apache.zookeeper.server.NIOServerCnxnFactory as server connection factory
2021-11-08 11:10:49,626 [myid:] - WARN  [main:ServerCnxnFactory@309] - maxCnxns is not configured, using default value 0.
2021-11-08 11:10:49,626 [myid:] - INFO  [main:NIOServerCnxnFactory@652] - Configuring NIO connection handler with 10s sessionless connection timeout, 1 selector thread(s), 12 worker threads, and 64 kB direct buffers.
2021-11-08 11:10:49,627 [myid:] - INFO  [main:NIOServerCnxnFactory@660] - binding to port /127.0.0.1:24810
2021-11-08 11:10:49,627 [myid:] - INFO  [main:FileTxnSnapLog@124] - zookeeper.snapshot.trust.empty : false
2021-11-08 11:10:49,629 [myid:] - INFO  [main:ZKTestCase@82] - FINISHED Optional[public void org.apache.zookeeper.server.quorum.QuorumRequestPipelineTest.testSync(org.apache.zookeeper.server.quorum.QuorumPeer$ServerState) throws java.lang.Exception]
]]></system-out>
  </testcase>
  <testcase name="testSync{ServerState}[3]" classname="org.apache.zookeeper.server.quorum.QuorumRequestPipelineTest" time="0.019">
    <error message="org/apache/zookeeper/ZooDefs$Ids" type="java.lang.NoClassDefFoundError"><![CDATA[java.lang.NoClassDefFoundError: org/apache/zookeeper/ZooDefs$Ids
	at org.apache.zookeeper.server.DataTree.addConfigNode(DataTree.java:327)
	at org.apache.zookeeper.server.DataTree.<init>(DataTree.java:300)
	at org.apache.zookeeper.server.DataTree.<init>(DataTree.java:282)
	at org.apache.zookeeper.server.ZKDatabase.createDataTree(ZKDatabase.java:727)
	at org.apache.zookeeper.server.ZKDatabase.<init>(ZKDatabase.java:110)
	at org.apache.zookeeper.server.quorum.QuorumPeer.<init>(QuorumPeer.java:1098)
	at org.apache.zookeeper.server.quorum.QuorumPeer.<init>(QuorumPeer.java:1242)
	at org.apache.zookeeper.test.QuorumBase.startServers(QuorumBase.java:156)
	at org.apache.zookeeper.test.QuorumBase.setUp(QuorumBase.java:124)
	at org.apache.zookeeper.server.quorum.QuorumRequestPipelineTest.setUp(QuorumRequestPipelineTest.java:72)
	at org.apache.zookeeper.server.quorum.QuorumRequestPipelineTest.testSync(QuorumRequestPipelineTest.java:167)
	Suppressed: java.lang.NullPointerException
		at org.apache.zookeeper.server.quorum.QuorumRequestPipelineTest.tearDown(QuorumRequestPipelineTest.java:80)
		at sun.reflect.NativeMethodAccessorImpl.invoke0(Native Method)
		at sun.reflect.NativeMethodAccessorImpl.invoke(NativeMethodAccessorImpl.java:62)
		at sun.reflect.DelegatingMethodAccessorImpl.invoke(DelegatingMethodAccessorImpl.java:43)
		at java.lang.reflect.Method.invoke(Method.java:483)
		at org.junit.platform.commons.util.ReflectionUtils.invokeMethod(ReflectionUtils.java:686)
		at org.junit.jupiter.engine.execution.MethodInvocation.proceed(MethodInvocation.java:60)
		at org.junit.jupiter.engine.execution.InvocationInterceptorChain$ValidatingInvocation.proceed(InvocationInterceptorChain.java:131)
		at org.junit.jupiter.engine.extension.TimeoutExtension.intercept(TimeoutExtension.java:149)
		at org.junit.jupiter.engine.extension.TimeoutExtension.interceptLifecycleMethod(TimeoutExtension.java:126)
		at org.junit.jupiter.engine.extension.TimeoutExtension.interceptAfterEachMethod(TimeoutExtension.java:108)
		at org.junit.jupiter.engine.descriptor.ClassBasedTestDescriptor$$Lambda$363/2003891312.apply(Unknown Source)
		at org.junit.jupiter.engine.execution.ExecutableInvoker$ReflectiveInterceptorCall.lambda$ofVoidMethod$0(ExecutableInvoker.java:115)
		at org.junit.jupiter.engine.execution.ExecutableInvoker$ReflectiveInterceptorCall$$Lambda$230/315860201.apply(Unknown Source)
		at org.junit.jupiter.engine.execution.ExecutableInvoker.lambda$invoke$0(ExecutableInvoker.java:105)
		at org.junit.jupiter.engine.execution.ExecutableInvoker$$Lambda$231/720167805.apply(Unknown Source)
		at org.junit.jupiter.engine.execution.InvocationInterceptorChain$InterceptedInvocation.proceed(InvocationInterceptorChain.java:106)
		at org.junit.jupiter.engine.execution.InvocationInterceptorChain.proceed(InvocationInterceptorChain.java:64)
		at org.junit.jupiter.engine.execution.InvocationInterceptorChain.chainAndInvoke(InvocationInterceptorChain.java:45)
		at org.junit.jupiter.engine.execution.InvocationInterceptorChain.invoke(InvocationInterceptorChain.java:37)
		at org.junit.jupiter.engine.execution.ExecutableInvoker.invoke(ExecutableInvoker.java:104)
		at org.junit.jupiter.engine.execution.ExecutableInvoker.invoke(ExecutableInvoker.java:98)
		at org.junit.jupiter.engine.descriptor.ClassBasedTestDescriptor.invokeMethodInExtensionContext(ClassBasedTestDescriptor.java:481)
		at org.junit.jupiter.engine.descriptor.ClassBasedTestDescriptor.lambda$synthesizeAfterEachMethodAdapter$19(ClassBasedTestDescriptor.java:471)
		at org.junit.jupiter.engine.descriptor.ClassBasedTestDescriptor$$Lambda$206/1371006431.invokeAfterEachMethod(Unknown Source)
		at org.junit.jupiter.engine.descriptor.TestMethodTestDescriptor.lambda$invokeAfterEachMethods$9(TestMethodTestDescriptor.java:238)
		at org.junit.jupiter.engine.descriptor.TestMethodTestDescriptor$$Lambda$362/221634215.invoke(Unknown Source)
		at org.junit.jupiter.engine.descriptor.TestMethodTestDescriptor.lambda$invokeAllAfterMethodsOrCallbacks$12(TestMethodTestDescriptor.java:271)
		at org.junit.jupiter.engine.descriptor.TestMethodTestDescriptor$$Lambda$361/664792509.execute(Unknown Source)
		at org.junit.platform.engine.support.hierarchical.ThrowableCollector.execute(ThrowableCollector.java:73)
		at org.junit.jupiter.engine.descriptor.TestMethodTestDescriptor.lambda$invokeAllAfterMethodsOrCallbacks$13(TestMethodTestDescriptor.java:271)
		at org.junit.jupiter.engine.descriptor.TestMethodTestDescriptor$$Lambda$360/1965237677.accept(Unknown Source)
		at java.util.ArrayList.forEach(ArrayList.java:1249)
		at org.junit.jupiter.engine.descriptor.TestMethodTestDescriptor.invokeAllAfterMethodsOrCallbacks(TestMethodTestDescriptor.java:270)
		at org.junit.jupiter.engine.descriptor.TestMethodTestDescriptor.invokeAfterEachMethods(TestMethodTestDescriptor.java:236)
		at org.junit.jupiter.engine.descriptor.TestMethodTestDescriptor.execute(TestMethodTestDescriptor.java:141)
		at org.junit.jupiter.engine.descriptor.TestMethodTestDescriptor.execute(TestMethodTestDescriptor.java:71)
		at org.junit.platform.engine.support.hierarchical.NodeTestTask.lambda$executeRecursively$5(NodeTestTask.java:135)
		at org.junit.platform.engine.support.hierarchical.NodeTestTask$$Lambda$176/1239548589.execute(Unknown Source)
		at org.junit.platform.engine.support.hierarchical.ThrowableCollector.execute(ThrowableCollector.java:73)
		at org.junit.platform.engine.support.hierarchical.NodeTestTask.lambda$executeRecursively$7(NodeTestTask.java:125)
		at org.junit.platform.engine.support.hierarchical.NodeTestTask$$Lambda$175/1634132079.invoke(Unknown Source)
		at org.junit.platform.engine.support.hierarchical.Node.around(Node.java:135)
		at org.junit.platform.engine.support.hierarchical.NodeTestTask.lambda$executeRecursively$8(NodeTestTask.java:123)
		at org.junit.platform.engine.support.hierarchical.NodeTestTask$$Lambda$174/112619572.execute(Unknown Source)
		at org.junit.platform.engine.support.hierarchical.ThrowableCollector.execute(ThrowableCollector.java:73)
		at org.junit.platform.engine.support.hierarchical.NodeTestTask.executeRecursively(NodeTestTask.java:122)
		at org.junit.platform.engine.support.hierarchical.NodeTestTask.execute(NodeTestTask.java:80)
		at org.junit.platform.engine.support.hierarchical.SameThreadHierarchicalTestExecutorService.submit(SameThreadHierarchicalTestExecutorService.java:32)
		at org.junit.platform.engine.support.hierarchical.NodeTestTask$DefaultDynamicTestExecutor.execute(NodeTestTask.java:198)
		at org.junit.jupiter.engine.descriptor.TestTemplateTestDescriptor.execute(TestTemplateTestDescriptor.java:138)
		at org.junit.jupiter.engine.descriptor.TestTemplateTestDescriptor.lambda$execute$2(TestTemplateTestDescriptor.java:106)
		at org.junit.jupiter.engine.descriptor.TestTemplateTestDescriptor$$Lambda$252/1846406218.accept(Unknown Source)
		at java.util.stream.ForEachOps$ForEachOp$OfRef.accept(ForEachOps.java:183)
		at java.util.stream.ReferencePipeline$3$1.accept(ReferencePipeline.java:193)
		at java.util.stream.ReferencePipeline$2$1.accept(ReferencePipeline.java:175)
		at java.util.stream.ReferencePipeline$3$1.accept(ReferencePipeline.java:193)
		at java.util.stream.ForEachOps$ForEachOp$OfRef.accept(ForEachOps.java:183)
		at java.util.stream.ReferencePipeline$11$1.accept(ReferencePipeline.java:373)
		at java.util.stream.ReferencePipeline$3$1.accept(ReferencePipeline.java:193)
		at java.util.stream.ReferencePipeline$3$1.accept(ReferencePipeline.java:193)
		at java.util.stream.ReferencePipeline$3$1.accept(ReferencePipeline.java:193)
		at java.util.stream.ForEachOps$ForEachOp$OfRef.accept(ForEachOps.java:183)
		at java.util.stream.ReferencePipeline$3$1.accept(ReferencePipeline.java:193)
		at java.util.Spliterators$ArraySpliterator.forEachRemaining(Spliterators.java:948)
		at java.util.stream.ReferencePipeline$Head.forEach(ReferencePipeline.java:580)
		at java.util.stream.ReferencePipeline$7$1.accept(ReferencePipeline.java:270)
		at java.util.stream.ReferencePipeline$3$1.accept(ReferencePipeline.java:193)
		at java.util.stream.ReferencePipeline$3$1.accept(ReferencePipeline.java:193)
		at java.util.Spliterators$ArraySpliterator.forEachRemaining(Spliterators.java:948)
		at java.util.stream.AbstractPipeline.copyInto(AbstractPipeline.java:512)
		at java.util.stream.AbstractPipeline.wrapAndCopyInto(AbstractPipeline.java:502)
		at java.util.stream.ForEachOps$ForEachOp.evaluateSequential(ForEachOps.java:150)
		at java.util.stream.ForEachOps$ForEachOp$OfRef.evaluateSequential(ForEachOps.java:173)
		at java.util.stream.AbstractPipeline.evaluate(AbstractPipeline.java:234)
		at java.util.stream.ReferencePipeline.forEach(ReferencePipeline.java:418)
		at java.util.stream.ReferencePipeline$7$1.accept(ReferencePipeline.java:270)
		at java.util.stream.ReferencePipeline$3$1.accept(ReferencePipeline.java:193)
		at java.util.stream.ReferencePipeline$3$1.accept(ReferencePipeline.java:193)
		at java.util.stream.ReferencePipeline$3$1.accept(ReferencePipeline.java:193)
		at java.util.ArrayList$ArrayListSpliterator.forEachRemaining(ArrayList.java:1374)
		at java.util.stream.AbstractPipeline.copyInto(AbstractPipeline.java:512)
		at java.util.stream.AbstractPipeline.wrapAndCopyInto(AbstractPipeline.java:502)
		at java.util.stream.ForEachOps$ForEachOp.evaluateSequential(ForEachOps.java:150)
		at java.util.stream.ForEachOps$ForEachOp$OfRef.evaluateSequential(ForEachOps.java:173)
		at java.util.stream.AbstractPipeline.evaluate(AbstractPipeline.java:234)
		at java.util.stream.ReferencePipeline.forEach(ReferencePipeline.java:418)
		at java.util.stream.ReferencePipeline$7$1.accept(ReferencePipeline.java:270)
		at java.util.ArrayList$ArrayListSpliterator.forEachRemaining(ArrayList.java:1374)
		at java.util.stream.AbstractPipeline.copyInto(AbstractPipeline.java:512)
		at java.util.stream.AbstractPipeline.wrapAndCopyInto(AbstractPipeline.java:502)
		at java.util.stream.ForEachOps$ForEachOp.evaluateSequential(ForEachOps.java:150)
		at java.util.stream.ForEachOps$ForEachOp$OfRef.evaluateSequential(ForEachOps.java:173)
		at java.util.stream.AbstractPipeline.evaluate(AbstractPipeline.java:234)
		at java.util.stream.ReferencePipeline.forEach(ReferencePipeline.java:418)
		at org.junit.jupiter.engine.descriptor.TestTemplateTestDescriptor.execute(TestTemplateTestDescriptor.java:106)
		at org.junit.jupiter.engine.descriptor.TestTemplateTestDescriptor.execute(TestTemplateTestDescriptor.java:41)
		at org.junit.platform.engine.support.hierarchical.NodeTestTask.lambda$executeRecursively$5(NodeTestTask.java:135)
		at org.junit.platform.engine.support.hierarchical.NodeTestTask$$Lambda$176/1239548589.execute(Unknown Source)
		at org.junit.platform.engine.support.hierarchical.ThrowableCollector.execute(ThrowableCollector.java:73)
		at org.junit.platform.engine.support.hierarchical.NodeTestTask.lambda$executeRecursively$7(NodeTestTask.java:125)
		at org.junit.platform.engine.support.hierarchical.NodeTestTask$$Lambda$175/1634132079.invoke(Unknown Source)
		at org.junit.platform.engine.support.hierarchical.Node.around(Node.java:135)
		at org.junit.platform.engine.support.hierarchical.NodeTestTask.lambda$executeRecursively$8(NodeTestTask.java:123)
		at org.junit.platform.engine.support.hierarchical.NodeTestTask$$Lambda$174/112619572.execute(Unknown Source)
		at org.junit.platform.engine.support.hierarchical.ThrowableCollector.execute(ThrowableCollector.java:73)
		at org.junit.platform.engine.support.hierarchical.NodeTestTask.executeRecursively(NodeTestTask.java:122)
		at org.junit.platform.engine.support.hierarchical.NodeTestTask.execute(NodeTestTask.java:80)
		at org.junit.platform.engine.support.hierarchical.SameThreadHierarchicalTestExecutorService$$Lambda$180/667346055.accept(Unknown Source)
		at java.util.ArrayList.forEach(ArrayList.java:1249)
		at org.junit.platform.engine.support.hierarchical.SameThreadHierarchicalTestExecutorService.invokeAll(SameThreadHierarchicalTestExecutorService.java:38)
		at org.junit.platform.engine.support.hierarchical.NodeTestTask.lambda$executeRecursively$5(NodeTestTask.java:139)
		at org.junit.platform.engine.support.hierarchical.NodeTestTask$$Lambda$176/1239548589.execute(Unknown Source)
		at org.junit.platform.engine.support.hierarchical.ThrowableCollector.execute(ThrowableCollector.java:73)
		at org.junit.platform.engine.support.hierarchical.NodeTestTask.lambda$executeRecursively$7(NodeTestTask.java:125)
		at org.junit.platform.engine.support.hierarchical.NodeTestTask$$Lambda$175/1634132079.invoke(Unknown Source)
		at org.junit.platform.engine.support.hierarchical.Node.around(Node.java:135)
		at org.junit.platform.engine.support.hierarchical.NodeTestTask.lambda$executeRecursively$8(NodeTestTask.java:123)
		at org.junit.platform.engine.support.hierarchical.NodeTestTask$$Lambda$174/112619572.execute(Unknown Source)
		at org.junit.platform.engine.support.hierarchical.ThrowableCollector.execute(ThrowableCollector.java:73)
		at org.junit.platform.engine.support.hierarchical.NodeTestTask.executeRecursively(NodeTestTask.java:122)
		at org.junit.platform.engine.support.hierarchical.NodeTestTask.execute(NodeTestTask.java:80)
		at org.junit.platform.engine.support.hierarchical.SameThreadHierarchicalTestExecutorService$$Lambda$180/667346055.accept(Unknown Source)
		at java.util.ArrayList.forEach(ArrayList.java:1249)
		at org.junit.platform.engine.support.hierarchical.SameThreadHierarchicalTestExecutorService.invokeAll(SameThreadHierarchicalTestExecutorService.java:38)
		at org.junit.platform.engine.support.hierarchical.NodeTestTask.lambda$executeRecursively$5(NodeTestTask.java:139)
		at org.junit.platform.engine.support.hierarchical.NodeTestTask$$Lambda$176/1239548589.execute(Unknown Source)
		at org.junit.platform.engine.support.hierarchical.ThrowableCollector.execute(ThrowableCollector.java:73)
		at org.junit.platform.engine.support.hierarchical.NodeTestTask.lambda$executeRecursively$7(NodeTestTask.java:125)
		at org.junit.platform.engine.support.hierarchical.NodeTestTask$$Lambda$175/1634132079.invoke(Unknown Source)
		at org.junit.platform.engine.support.hierarchical.Node.around(Node.java:135)
		at org.junit.platform.engine.support.hierarchical.NodeTestTask.lambda$executeRecursively$8(NodeTestTask.java:123)
		at org.junit.platform.engine.support.hierarchical.NodeTestTask$$Lambda$174/112619572.execute(Unknown Source)
		at org.junit.platform.engine.support.hierarchical.ThrowableCollector.execute(ThrowableCollector.java:73)
		at org.junit.platform.engine.support.hierarchical.NodeTestTask.executeRecursively(NodeTestTask.java:122)
		at org.junit.platform.engine.support.hierarchical.NodeTestTask.execute(NodeTestTask.java:80)
		at org.junit.platform.engine.support.hierarchical.SameThreadHierarchicalTestExecutorService.submit(SameThreadHierarchicalTestExecutorService.java:32)
		at org.junit.platform.engine.support.hierarchical.HierarchicalTestExecutor.execute(HierarchicalTestExecutor.java:57)
		at org.junit.platform.engine.support.hierarchical.HierarchicalTestEngine.execute(HierarchicalTestEngine.java:51)
		at org.junit.platform.launcher.core.DefaultLauncher.execute(DefaultLauncher.java:248)
		at org.junit.platform.launcher.core.DefaultLauncher.lambda$execute$5(DefaultLauncher.java:211)
		at org.junit.platform.launcher.core.DefaultLauncher$$Lambda$140/1414147750.accept(Unknown Source)
		at org.junit.platform.launcher.core.DefaultLauncher.withInterceptedStreams(DefaultLauncher.java:226)
		at org.junit.platform.launcher.core.DefaultLauncher.execute(DefaultLauncher.java:199)
		at org.junit.platform.launcher.core.DefaultLauncher.execute(DefaultLauncher.java:132)
		at org.apache.maven.surefire.junitplatform.JUnitPlatformProvider.invokeAllTests(JUnitPlatformProvider.java:142)
		at org.apache.maven.surefire.junitplatform.JUnitPlatformProvider.invoke(JUnitPlatformProvider.java:113)
		at org.apache.maven.surefire.booter.ForkedBooter.invokeProviderInSameClassLoader(ForkedBooter.java:384)
		at org.apache.maven.surefire.booter.ForkedBooter.runSuitesInProcess(ForkedBooter.java:345)
		at org.apache.maven.surefire.booter.ForkedBooter.execute(ForkedBooter.java:126)
		at org.apache.maven.surefire.booter.ForkedBooter.main(ForkedBooter.java:418)
]]></error>
    <system-out><![CDATA[2021-11-08 11:10:49,630 [myid:] - INFO  [main:PortAssignment@87] - Assigned port 24815 from range 24686 - 27378.
2021-11-08 11:10:49,631 [myid:] - INFO  [main:ZKTestCase@77] - STARTING Optional[public void org.apache.zookeeper.server.quorum.QuorumRequestPipelineTest.testSync(org.apache.zookeeper.server.quorum.QuorumPeer$ServerState) throws java.lang.Exception]
2021-11-08 11:10:49,632 [myid:] - INFO  [main:QuorumBase@81] - QuorumBase.setup null
2021-11-08 11:10:49,633 [myid:] - INFO  [main:JMXEnv@58] - connecting to addr service:jmx:rmi://127.0.0.1/stub/rO0ABXNyAC5qYXZheC5tYW5hZ2VtZW50LnJlbW90ZS5ybWkuUk1JU2VydmVySW1wbF9TdHViAAAAAAAAAAICAAB4cgAaamF2YS5ybWkuc2VydmVyLlJlbW90ZVN0dWLp/tzJi+FlGgIAAHhyABxqYXZhLnJtaS5zZXJ2ZXIuUmVtb3RlT2JqZWN002G0kQxhMx4DAAB4cHc6AAtVbmljYXN0UmVmMgAADzE2OS4yNTQuMTU2LjIzMQAACXlAm5suRpQV8mrMPREAAAF8/YbC74AyAHg=
2021-11-08 11:10:49,636 [myid:] - INFO  [main:PortAssignment@87] - Assigned port 24816 from range 24686 - 27378.
2021-11-08 11:10:49,636 [myid:] - INFO  [main:PortAssignment@87] - Assigned port 24817 from range 24686 - 27378.
2021-11-08 11:10:49,636 [myid:] - INFO  [main:PortAssignment@87] - Assigned port 24818 from range 24686 - 27378.
2021-11-08 11:10:49,637 [myid:] - INFO  [main:PortAssignment@87] - Assigned port 24819 from range 24686 - 27378.
2021-11-08 11:10:49,637 [myid:] - INFO  [main:PortAssignment@87] - Assigned port 24820 from range 24686 - 27378.
2021-11-08 11:10:49,637 [myid:] - INFO  [main:PortAssignment@87] - Assigned port 24821 from range 24686 - 27378.
2021-11-08 11:10:49,638 [myid:] - INFO  [main:PortAssignment@87] - Assigned port 24822 from range 24686 - 27378.
2021-11-08 11:10:49,638 [myid:] - INFO  [main:PortAssignment@87] - Assigned port 24823 from range 24686 - 27378.
2021-11-08 11:10:49,638 [myid:] - INFO  [main:PortAssignment@87] - Assigned port 24824 from range 24686 - 27378.
2021-11-08 11:10:49,638 [myid:] - INFO  [main:PortAssignment@87] - Assigned port 24825 from range 24686 - 27378.
2021-11-08 11:10:49,639 [myid:] - INFO  [main:PortAssignment@87] - Assigned port 24826 from range 24686 - 27378.
2021-11-08 11:10:49,639 [myid:] - INFO  [main:PortAssignment@87] - Assigned port 24827 from range 24686 - 27378.
2021-11-08 11:10:49,639 [myid:] - INFO  [main:PortAssignment@87] - Assigned port 24828 from range 24686 - 27378.
2021-11-08 11:10:49,640 [myid:] - INFO  [main:PortAssignment@87] - Assigned port 24829 from range 24686 - 27378.
2021-11-08 11:10:49,640 [myid:] - INFO  [main:PortAssignment@87] - Assigned port 24830 from range 24686 - 27378.
2021-11-08 11:10:49,640 [myid:] - INFO  [main:QuorumBase@116] - Ports are: 127.0.0.1:24826,127.0.0.1:24827,127.0.0.1:24828,127.0.0.1:24829,127.0.0.1:24830
2021-11-08 11:10:49,644 [myid:] - INFO  [main:QuorumBase@155] - creating QuorumPeer 1 port 24826
2021-11-08 11:10:49,645 [myid:] - INFO  [main:ServerCnxnFactory@169] - Using org.apache.zookeeper.server.NIOServerCnxnFactory as server connection factory
2021-11-08 11:10:49,645 [myid:] - WARN  [main:ServerCnxnFactory@309] - maxCnxns is not configured, using default value 0.
2021-11-08 11:10:49,645 [myid:] - INFO  [main:NIOServerCnxnFactory@652] - Configuring NIO connection handler with 10s sessionless connection timeout, 1 selector thread(s), 12 worker threads, and 64 kB direct buffers.
2021-11-08 11:10:49,646 [myid:] - INFO  [main:NIOServerCnxnFactory@660] - binding to port /127.0.0.1:24826
2021-11-08 11:10:49,647 [myid:] - INFO  [main:FileTxnSnapLog@124] - zookeeper.snapshot.trust.empty : false
2021-11-08 11:10:49,648 [myid:] - INFO  [main:ZKTestCase@82] - FINISHED Optional[public void org.apache.zookeeper.server.quorum.QuorumRequestPipelineTest.testSync(org.apache.zookeeper.server.quorum.QuorumPeer$ServerState) throws java.lang.Exception]
]]></system-out>
  </testcase>
  <testcase name="testSetAndGetData{ServerState}[1]" classname="org.apache.zookeeper.server.quorum.QuorumRequestPipelineTest" time="0.018">
    <error message="org/apache/zookeeper/ZooDefs$Ids" type="java.lang.NoClassDefFoundError"><![CDATA[java.lang.NoClassDefFoundError: org/apache/zookeeper/ZooDefs$Ids
	at org.apache.zookeeper.server.DataTree.addConfigNode(DataTree.java:327)
	at org.apache.zookeeper.server.DataTree.<init>(DataTree.java:300)
	at org.apache.zookeeper.server.DataTree.<init>(DataTree.java:282)
	at org.apache.zookeeper.server.ZKDatabase.createDataTree(ZKDatabase.java:727)
	at org.apache.zookeeper.server.ZKDatabase.<init>(ZKDatabase.java:110)
	at org.apache.zookeeper.server.quorum.QuorumPeer.<init>(QuorumPeer.java:1098)
	at org.apache.zookeeper.server.quorum.QuorumPeer.<init>(QuorumPeer.java:1242)
	at org.apache.zookeeper.test.QuorumBase.startServers(QuorumBase.java:156)
	at org.apache.zookeeper.test.QuorumBase.setUp(QuorumBase.java:124)
	at org.apache.zookeeper.server.quorum.QuorumRequestPipelineTest.setUp(QuorumRequestPipelineTest.java:72)
	at org.apache.zookeeper.server.quorum.QuorumRequestPipelineTest.testSetAndGetData(QuorumRequestPipelineTest.java:126)
	Suppressed: java.lang.NullPointerException
		at org.apache.zookeeper.server.quorum.QuorumRequestPipelineTest.tearDown(QuorumRequestPipelineTest.java:80)
		at sun.reflect.NativeMethodAccessorImpl.invoke0(Native Method)
		at sun.reflect.NativeMethodAccessorImpl.invoke(NativeMethodAccessorImpl.java:62)
		at sun.reflect.DelegatingMethodAccessorImpl.invoke(DelegatingMethodAccessorImpl.java:43)
		at java.lang.reflect.Method.invoke(Method.java:483)
		at org.junit.platform.commons.util.ReflectionUtils.invokeMethod(ReflectionUtils.java:686)
		at org.junit.jupiter.engine.execution.MethodInvocation.proceed(MethodInvocation.java:60)
		at org.junit.jupiter.engine.execution.InvocationInterceptorChain$ValidatingInvocation.proceed(InvocationInterceptorChain.java:131)
		at org.junit.jupiter.engine.extension.TimeoutExtension.intercept(TimeoutExtension.java:149)
		at org.junit.jupiter.engine.extension.TimeoutExtension.interceptLifecycleMethod(TimeoutExtension.java:126)
		at org.junit.jupiter.engine.extension.TimeoutExtension.interceptAfterEachMethod(TimeoutExtension.java:108)
		at org.junit.jupiter.engine.descriptor.ClassBasedTestDescriptor$$Lambda$363/2003891312.apply(Unknown Source)
		at org.junit.jupiter.engine.execution.ExecutableInvoker$ReflectiveInterceptorCall.lambda$ofVoidMethod$0(ExecutableInvoker.java:115)
		at org.junit.jupiter.engine.execution.ExecutableInvoker$ReflectiveInterceptorCall$$Lambda$230/315860201.apply(Unknown Source)
		at org.junit.jupiter.engine.execution.ExecutableInvoker.lambda$invoke$0(ExecutableInvoker.java:105)
		at org.junit.jupiter.engine.execution.ExecutableInvoker$$Lambda$231/720167805.apply(Unknown Source)
		at org.junit.jupiter.engine.execution.InvocationInterceptorChain$InterceptedInvocation.proceed(InvocationInterceptorChain.java:106)
		at org.junit.jupiter.engine.execution.InvocationInterceptorChain.proceed(InvocationInterceptorChain.java:64)
		at org.junit.jupiter.engine.execution.InvocationInterceptorChain.chainAndInvoke(InvocationInterceptorChain.java:45)
		at org.junit.jupiter.engine.execution.InvocationInterceptorChain.invoke(InvocationInterceptorChain.java:37)
		at org.junit.jupiter.engine.execution.ExecutableInvoker.invoke(ExecutableInvoker.java:104)
		at org.junit.jupiter.engine.execution.ExecutableInvoker.invoke(ExecutableInvoker.java:98)
		at org.junit.jupiter.engine.descriptor.ClassBasedTestDescriptor.invokeMethodInExtensionContext(ClassBasedTestDescriptor.java:481)
		at org.junit.jupiter.engine.descriptor.ClassBasedTestDescriptor.lambda$synthesizeAfterEachMethodAdapter$19(ClassBasedTestDescriptor.java:471)
		at org.junit.jupiter.engine.descriptor.ClassBasedTestDescriptor$$Lambda$206/1371006431.invokeAfterEachMethod(Unknown Source)
		at org.junit.jupiter.engine.descriptor.TestMethodTestDescriptor.lambda$invokeAfterEachMethods$9(TestMethodTestDescriptor.java:238)
		at org.junit.jupiter.engine.descriptor.TestMethodTestDescriptor$$Lambda$362/221634215.invoke(Unknown Source)
		at org.junit.jupiter.engine.descriptor.TestMethodTestDescriptor.lambda$invokeAllAfterMethodsOrCallbacks$12(TestMethodTestDescriptor.java:271)
		at org.junit.jupiter.engine.descriptor.TestMethodTestDescriptor$$Lambda$361/664792509.execute(Unknown Source)
		at org.junit.platform.engine.support.hierarchical.ThrowableCollector.execute(ThrowableCollector.java:73)
		at org.junit.jupiter.engine.descriptor.TestMethodTestDescriptor.lambda$invokeAllAfterMethodsOrCallbacks$13(TestMethodTestDescriptor.java:271)
		at org.junit.jupiter.engine.descriptor.TestMethodTestDescriptor$$Lambda$360/1965237677.accept(Unknown Source)
		at java.util.ArrayList.forEach(ArrayList.java:1249)
		at org.junit.jupiter.engine.descriptor.TestMethodTestDescriptor.invokeAllAfterMethodsOrCallbacks(TestMethodTestDescriptor.java:270)
		at org.junit.jupiter.engine.descriptor.TestMethodTestDescriptor.invokeAfterEachMethods(TestMethodTestDescriptor.java:236)
		at org.junit.jupiter.engine.descriptor.TestMethodTestDescriptor.execute(TestMethodTestDescriptor.java:141)
		at org.junit.jupiter.engine.descriptor.TestMethodTestDescriptor.execute(TestMethodTestDescriptor.java:71)
		at org.junit.platform.engine.support.hierarchical.NodeTestTask.lambda$executeRecursively$5(NodeTestTask.java:135)
		at org.junit.platform.engine.support.hierarchical.NodeTestTask$$Lambda$176/1239548589.execute(Unknown Source)
		at org.junit.platform.engine.support.hierarchical.ThrowableCollector.execute(ThrowableCollector.java:73)
		at org.junit.platform.engine.support.hierarchical.NodeTestTask.lambda$executeRecursively$7(NodeTestTask.java:125)
		at org.junit.platform.engine.support.hierarchical.NodeTestTask$$Lambda$175/1634132079.invoke(Unknown Source)
		at org.junit.platform.engine.support.hierarchical.Node.around(Node.java:135)
		at org.junit.platform.engine.support.hierarchical.NodeTestTask.lambda$executeRecursively$8(NodeTestTask.java:123)
		at org.junit.platform.engine.support.hierarchical.NodeTestTask$$Lambda$174/112619572.execute(Unknown Source)
		at org.junit.platform.engine.support.hierarchical.ThrowableCollector.execute(ThrowableCollector.java:73)
		at org.junit.platform.engine.support.hierarchical.NodeTestTask.executeRecursively(NodeTestTask.java:122)
		at org.junit.platform.engine.support.hierarchical.NodeTestTask.execute(NodeTestTask.java:80)
		at org.junit.platform.engine.support.hierarchical.SameThreadHierarchicalTestExecutorService.submit(SameThreadHierarchicalTestExecutorService.java:32)
		at org.junit.platform.engine.support.hierarchical.NodeTestTask$DefaultDynamicTestExecutor.execute(NodeTestTask.java:198)
		at org.junit.jupiter.engine.descriptor.TestTemplateTestDescriptor.execute(TestTemplateTestDescriptor.java:138)
		at org.junit.jupiter.engine.descriptor.TestTemplateTestDescriptor.lambda$execute$2(TestTemplateTestDescriptor.java:106)
		at org.junit.jupiter.engine.descriptor.TestTemplateTestDescriptor$$Lambda$252/1846406218.accept(Unknown Source)
		at java.util.stream.ForEachOps$ForEachOp$OfRef.accept(ForEachOps.java:183)
		at java.util.stream.ReferencePipeline$3$1.accept(ReferencePipeline.java:193)
		at java.util.stream.ReferencePipeline$2$1.accept(ReferencePipeline.java:175)
		at java.util.stream.ReferencePipeline$3$1.accept(ReferencePipeline.java:193)
		at java.util.stream.ForEachOps$ForEachOp$OfRef.accept(ForEachOps.java:183)
		at java.util.stream.ReferencePipeline$11$1.accept(ReferencePipeline.java:373)
		at java.util.stream.ReferencePipeline$3$1.accept(ReferencePipeline.java:193)
		at java.util.stream.ReferencePipeline$3$1.accept(ReferencePipeline.java:193)
		at java.util.stream.ReferencePipeline$3$1.accept(ReferencePipeline.java:193)
		at java.util.stream.ForEachOps$ForEachOp$OfRef.accept(ForEachOps.java:183)
		at java.util.stream.ReferencePipeline$3$1.accept(ReferencePipeline.java:193)
		at java.util.Spliterators$ArraySpliterator.forEachRemaining(Spliterators.java:948)
		at java.util.stream.ReferencePipeline$Head.forEach(ReferencePipeline.java:580)
		at java.util.stream.ReferencePipeline$7$1.accept(ReferencePipeline.java:270)
		at java.util.stream.ReferencePipeline$3$1.accept(ReferencePipeline.java:193)
		at java.util.stream.ReferencePipeline$3$1.accept(ReferencePipeline.java:193)
		at java.util.Spliterators$ArraySpliterator.forEachRemaining(Spliterators.java:948)
		at java.util.stream.AbstractPipeline.copyInto(AbstractPipeline.java:512)
		at java.util.stream.AbstractPipeline.wrapAndCopyInto(AbstractPipeline.java:502)
		at java.util.stream.ForEachOps$ForEachOp.evaluateSequential(ForEachOps.java:150)
		at java.util.stream.ForEachOps$ForEachOp$OfRef.evaluateSequential(ForEachOps.java:173)
		at java.util.stream.AbstractPipeline.evaluate(AbstractPipeline.java:234)
		at java.util.stream.ReferencePipeline.forEach(ReferencePipeline.java:418)
		at java.util.stream.ReferencePipeline$7$1.accept(ReferencePipeline.java:270)
		at java.util.stream.ReferencePipeline$3$1.accept(ReferencePipeline.java:193)
		at java.util.stream.ReferencePipeline$3$1.accept(ReferencePipeline.java:193)
		at java.util.stream.ReferencePipeline$3$1.accept(ReferencePipeline.java:193)
		at java.util.ArrayList$ArrayListSpliterator.forEachRemaining(ArrayList.java:1374)
		at java.util.stream.AbstractPipeline.copyInto(AbstractPipeline.java:512)
		at java.util.stream.AbstractPipeline.wrapAndCopyInto(AbstractPipeline.java:502)
		at java.util.stream.ForEachOps$ForEachOp.evaluateSequential(ForEachOps.java:150)
		at java.util.stream.ForEachOps$ForEachOp$OfRef.evaluateSequential(ForEachOps.java:173)
		at java.util.stream.AbstractPipeline.evaluate(AbstractPipeline.java:234)
		at java.util.stream.ReferencePipeline.forEach(ReferencePipeline.java:418)
		at java.util.stream.ReferencePipeline$7$1.accept(ReferencePipeline.java:270)
		at java.util.ArrayList$ArrayListSpliterator.forEachRemaining(ArrayList.java:1374)
		at java.util.stream.AbstractPipeline.copyInto(AbstractPipeline.java:512)
		at java.util.stream.AbstractPipeline.wrapAndCopyInto(AbstractPipeline.java:502)
		at java.util.stream.ForEachOps$ForEachOp.evaluateSequential(ForEachOps.java:150)
		at java.util.stream.ForEachOps$ForEachOp$OfRef.evaluateSequential(ForEachOps.java:173)
		at java.util.stream.AbstractPipeline.evaluate(AbstractPipeline.java:234)
		at java.util.stream.ReferencePipeline.forEach(ReferencePipeline.java:418)
		at org.junit.jupiter.engine.descriptor.TestTemplateTestDescriptor.execute(TestTemplateTestDescriptor.java:106)
		at org.junit.jupiter.engine.descriptor.TestTemplateTestDescriptor.execute(TestTemplateTestDescriptor.java:41)
		at org.junit.platform.engine.support.hierarchical.NodeTestTask.lambda$executeRecursively$5(NodeTestTask.java:135)
		at org.junit.platform.engine.support.hierarchical.NodeTestTask$$Lambda$176/1239548589.execute(Unknown Source)
		at org.junit.platform.engine.support.hierarchical.ThrowableCollector.execute(ThrowableCollector.java:73)
		at org.junit.platform.engine.support.hierarchical.NodeTestTask.lambda$executeRecursively$7(NodeTestTask.java:125)
		at org.junit.platform.engine.support.hierarchical.NodeTestTask$$Lambda$175/1634132079.invoke(Unknown Source)
		at org.junit.platform.engine.support.hierarchical.Node.around(Node.java:135)
		at org.junit.platform.engine.support.hierarchical.NodeTestTask.lambda$executeRecursively$8(NodeTestTask.java:123)
		at org.junit.platform.engine.support.hierarchical.NodeTestTask$$Lambda$174/112619572.execute(Unknown Source)
		at org.junit.platform.engine.support.hierarchical.ThrowableCollector.execute(ThrowableCollector.java:73)
		at org.junit.platform.engine.support.hierarchical.NodeTestTask.executeRecursively(NodeTestTask.java:122)
		at org.junit.platform.engine.support.hierarchical.NodeTestTask.execute(NodeTestTask.java:80)
		at org.junit.platform.engine.support.hierarchical.SameThreadHierarchicalTestExecutorService$$Lambda$180/667346055.accept(Unknown Source)
		at java.util.ArrayList.forEach(ArrayList.java:1249)
		at org.junit.platform.engine.support.hierarchical.SameThreadHierarchicalTestExecutorService.invokeAll(SameThreadHierarchicalTestExecutorService.java:38)
		at org.junit.platform.engine.support.hierarchical.NodeTestTask.lambda$executeRecursively$5(NodeTestTask.java:139)
		at org.junit.platform.engine.support.hierarchical.NodeTestTask$$Lambda$176/1239548589.execute(Unknown Source)
		at org.junit.platform.engine.support.hierarchical.ThrowableCollector.execute(ThrowableCollector.java:73)
		at org.junit.platform.engine.support.hierarchical.NodeTestTask.lambda$executeRecursively$7(NodeTestTask.java:125)
		at org.junit.platform.engine.support.hierarchical.NodeTestTask$$Lambda$175/1634132079.invoke(Unknown Source)
		at org.junit.platform.engine.support.hierarchical.Node.around(Node.java:135)
		at org.junit.platform.engine.support.hierarchical.NodeTestTask.lambda$executeRecursively$8(NodeTestTask.java:123)
		at org.junit.platform.engine.support.hierarchical.NodeTestTask$$Lambda$174/112619572.execute(Unknown Source)
		at org.junit.platform.engine.support.hierarchical.ThrowableCollector.execute(ThrowableCollector.java:73)
		at org.junit.platform.engine.support.hierarchical.NodeTestTask.executeRecursively(NodeTestTask.java:122)
		at org.junit.platform.engine.support.hierarchical.NodeTestTask.execute(NodeTestTask.java:80)
		at org.junit.platform.engine.support.hierarchical.SameThreadHierarchicalTestExecutorService$$Lambda$180/667346055.accept(Unknown Source)
		at java.util.ArrayList.forEach(ArrayList.java:1249)
		at org.junit.platform.engine.support.hierarchical.SameThreadHierarchicalTestExecutorService.invokeAll(SameThreadHierarchicalTestExecutorService.java:38)
		at org.junit.platform.engine.support.hierarchical.NodeTestTask.lambda$executeRecursively$5(NodeTestTask.java:139)
		at org.junit.platform.engine.support.hierarchical.NodeTestTask$$Lambda$176/1239548589.execute(Unknown Source)
		at org.junit.platform.engine.support.hierarchical.ThrowableCollector.execute(ThrowableCollector.java:73)
		at org.junit.platform.engine.support.hierarchical.NodeTestTask.lambda$executeRecursively$7(NodeTestTask.java:125)
		at org.junit.platform.engine.support.hierarchical.NodeTestTask$$Lambda$175/1634132079.invoke(Unknown Source)
		at org.junit.platform.engine.support.hierarchical.Node.around(Node.java:135)
		at org.junit.platform.engine.support.hierarchical.NodeTestTask.lambda$executeRecursively$8(NodeTestTask.java:123)
		at org.junit.platform.engine.support.hierarchical.NodeTestTask$$Lambda$174/112619572.execute(Unknown Source)
		at org.junit.platform.engine.support.hierarchical.ThrowableCollector.execute(ThrowableCollector.java:73)
		at org.junit.platform.engine.support.hierarchical.NodeTestTask.executeRecursively(NodeTestTask.java:122)
		at org.junit.platform.engine.support.hierarchical.NodeTestTask.execute(NodeTestTask.java:80)
		at org.junit.platform.engine.support.hierarchical.SameThreadHierarchicalTestExecutorService.submit(SameThreadHierarchicalTestExecutorService.java:32)
		at org.junit.platform.engine.support.hierarchical.HierarchicalTestExecutor.execute(HierarchicalTestExecutor.java:57)
		at org.junit.platform.engine.support.hierarchical.HierarchicalTestEngine.execute(HierarchicalTestEngine.java:51)
		at org.junit.platform.launcher.core.DefaultLauncher.execute(DefaultLauncher.java:248)
		at org.junit.platform.launcher.core.DefaultLauncher.lambda$execute$5(DefaultLauncher.java:211)
		at org.junit.platform.launcher.core.DefaultLauncher$$Lambda$140/1414147750.accept(Unknown Source)
		at org.junit.platform.launcher.core.DefaultLauncher.withInterceptedStreams(DefaultLauncher.java:226)
		at org.junit.platform.launcher.core.DefaultLauncher.execute(DefaultLauncher.java:199)
		at org.junit.platform.launcher.core.DefaultLauncher.execute(DefaultLauncher.java:132)
		at org.apache.maven.surefire.junitplatform.JUnitPlatformProvider.invokeAllTests(JUnitPlatformProvider.java:142)
		at org.apache.maven.surefire.junitplatform.JUnitPlatformProvider.invoke(JUnitPlatformProvider.java:113)
		at org.apache.maven.surefire.booter.ForkedBooter.invokeProviderInSameClassLoader(ForkedBooter.java:384)
		at org.apache.maven.surefire.booter.ForkedBooter.runSuitesInProcess(ForkedBooter.java:345)
		at org.apache.maven.surefire.booter.ForkedBooter.execute(ForkedBooter.java:126)
		at org.apache.maven.surefire.booter.ForkedBooter.main(ForkedBooter.java:418)
]]></error>
    <system-out><![CDATA[2021-11-08 11:10:49,650 [myid:] - INFO  [main:PortAssignment@87] - Assigned port 24831 from range 24686 - 27378.
2021-11-08 11:10:49,651 [myid:] - INFO  [main:ZKTestCase@77] - STARTING Optional[public void org.apache.zookeeper.server.quorum.QuorumRequestPipelineTest.testSetAndGetData(org.apache.zookeeper.server.quorum.QuorumPeer$ServerState) throws java.lang.Exception]
2021-11-08 11:10:49,652 [myid:] - INFO  [main:QuorumBase@81] - QuorumBase.setup null
2021-11-08 11:10:49,652 [myid:] - INFO  [main:JMXEnv@58] - connecting to addr service:jmx:rmi://127.0.0.1/stub/rO0ABXNyAC5qYXZheC5tYW5hZ2VtZW50LnJlbW90ZS5ybWkuUk1JU2VydmVySW1wbF9TdHViAAAAAAAAAAICAAB4cgAaamF2YS5ybWkuc2VydmVyLlJlbW90ZVN0dWLp/tzJi+FlGgIAAHhyABxqYXZhLnJtaS5zZXJ2ZXIuUmVtb3RlT2JqZWN002G0kQxhMx4DAAB4cHc6AAtVbmljYXN0UmVmMgAADzE2OS4yNTQuMTU2LjIzMQAACXkyNkXiR1LsR2rMPREAAAF8/YbC74A4AHg=
2021-11-08 11:10:49,655 [myid:] - INFO  [main:PortAssignment@87] - Assigned port 24832 from range 24686 - 27378.
2021-11-08 11:10:49,656 [myid:] - INFO  [main:PortAssignment@87] - Assigned port 24833 from range 24686 - 27378.
2021-11-08 11:10:49,656 [myid:] - INFO  [main:PortAssignment@87] - Assigned port 24834 from range 24686 - 27378.
2021-11-08 11:10:49,656 [myid:] - INFO  [main:PortAssignment@87] - Assigned port 24835 from range 24686 - 27378.
2021-11-08 11:10:49,657 [myid:] - INFO  [main:PortAssignment@87] - Assigned port 24836 from range 24686 - 27378.
2021-11-08 11:10:49,657 [myid:] - INFO  [main:PortAssignment@87] - Assigned port 24837 from range 24686 - 27378.
2021-11-08 11:10:49,658 [myid:] - INFO  [main:PortAssignment@87] - Assigned port 24838 from range 24686 - 27378.
2021-11-08 11:10:49,658 [myid:] - INFO  [main:PortAssignment@87] - Assigned port 24839 from range 24686 - 27378.
2021-11-08 11:10:49,658 [myid:] - INFO  [main:PortAssignment@87] - Assigned port 24840 from range 24686 - 27378.
2021-11-08 11:10:49,659 [myid:] - INFO  [main:PortAssignment@87] - Assigned port 24841 from range 24686 - 27378.
2021-11-08 11:10:49,659 [myid:] - INFO  [main:PortAssignment@87] - Assigned port 24842 from range 24686 - 27378.
2021-11-08 11:10:49,659 [myid:] - INFO  [main:PortAssignment@87] - Assigned port 24843 from range 24686 - 27378.
2021-11-08 11:10:49,660 [myid:] - INFO  [main:PortAssignment@87] - Assigned port 24844 from range 24686 - 27378.
2021-11-08 11:10:49,660 [myid:] - INFO  [main:PortAssignment@87] - Assigned port 24845 from range 24686 - 27378.
2021-11-08 11:10:49,660 [myid:] - INFO  [main:PortAssignment@87] - Assigned port 24846 from range 24686 - 27378.
2021-11-08 11:10:49,660 [myid:] - INFO  [main:QuorumBase@116] - Ports are: 127.0.0.1:24842,127.0.0.1:24843,127.0.0.1:24844,127.0.0.1:24845,127.0.0.1:24846
2021-11-08 11:10:49,664 [myid:] - INFO  [main:QuorumBase@155] - creating QuorumPeer 1 port 24842
2021-11-08 11:10:49,664 [myid:] - INFO  [main:ServerCnxnFactory@169] - Using org.apache.zookeeper.server.NIOServerCnxnFactory as server connection factory
2021-11-08 11:10:49,665 [myid:] - WARN  [main:ServerCnxnFactory@309] - maxCnxns is not configured, using default value 0.
2021-11-08 11:10:49,665 [myid:] - INFO  [main:NIOServerCnxnFactory@652] - Configuring NIO connection handler with 10s sessionless connection timeout, 1 selector thread(s), 12 worker threads, and 64 kB direct buffers.
2021-11-08 11:10:49,666 [myid:] - INFO  [main:NIOServerCnxnFactory@660] - binding to port /127.0.0.1:24842
2021-11-08 11:10:49,667 [myid:] - INFO  [main:FileTxnSnapLog@124] - zookeeper.snapshot.trust.empty : false
2021-11-08 11:10:49,668 [myid:] - INFO  [main:ZKTestCase@82] - FINISHED Optional[public void org.apache.zookeeper.server.quorum.QuorumRequestPipelineTest.testSetAndGetData(org.apache.zookeeper.server.quorum.QuorumPeer$ServerState) throws java.lang.Exception]
]]></system-out>
  </testcase>
  <testcase name="testSetAndGetData{ServerState}[2]" classname="org.apache.zookeeper.server.quorum.QuorumRequestPipelineTest" time="0.022">
    <error message="org/apache/zookeeper/ZooDefs$Ids" type="java.lang.NoClassDefFoundError"><![CDATA[java.lang.NoClassDefFoundError: org/apache/zookeeper/ZooDefs$Ids
	at org.apache.zookeeper.server.DataTree.addConfigNode(DataTree.java:327)
	at org.apache.zookeeper.server.DataTree.<init>(DataTree.java:300)
	at org.apache.zookeeper.server.DataTree.<init>(DataTree.java:282)
	at org.apache.zookeeper.server.ZKDatabase.createDataTree(ZKDatabase.java:727)
	at org.apache.zookeeper.server.ZKDatabase.<init>(ZKDatabase.java:110)
	at org.apache.zookeeper.server.quorum.QuorumPeer.<init>(QuorumPeer.java:1098)
	at org.apache.zookeeper.server.quorum.QuorumPeer.<init>(QuorumPeer.java:1242)
	at org.apache.zookeeper.test.QuorumBase.startServers(QuorumBase.java:156)
	at org.apache.zookeeper.test.QuorumBase.setUp(QuorumBase.java:124)
	at org.apache.zookeeper.server.quorum.QuorumRequestPipelineTest.setUp(QuorumRequestPipelineTest.java:72)
	at org.apache.zookeeper.server.quorum.QuorumRequestPipelineTest.testSetAndGetData(QuorumRequestPipelineTest.java:126)
	Suppressed: java.lang.NullPointerException
		at org.apache.zookeeper.server.quorum.QuorumRequestPipelineTest.tearDown(QuorumRequestPipelineTest.java:80)
		at sun.reflect.NativeMethodAccessorImpl.invoke0(Native Method)
		at sun.reflect.NativeMethodAccessorImpl.invoke(NativeMethodAccessorImpl.java:62)
		at sun.reflect.DelegatingMethodAccessorImpl.invoke(DelegatingMethodAccessorImpl.java:43)
		at java.lang.reflect.Method.invoke(Method.java:483)
		at org.junit.platform.commons.util.ReflectionUtils.invokeMethod(ReflectionUtils.java:686)
		at org.junit.jupiter.engine.execution.MethodInvocation.proceed(MethodInvocation.java:60)
		at org.junit.jupiter.engine.execution.InvocationInterceptorChain$ValidatingInvocation.proceed(InvocationInterceptorChain.java:131)
		at org.junit.jupiter.engine.extension.TimeoutExtension.intercept(TimeoutExtension.java:149)
		at org.junit.jupiter.engine.extension.TimeoutExtension.interceptLifecycleMethod(TimeoutExtension.java:126)
		at org.junit.jupiter.engine.extension.TimeoutExtension.interceptAfterEachMethod(TimeoutExtension.java:108)
		at org.junit.jupiter.engine.descriptor.ClassBasedTestDescriptor$$Lambda$363/2003891312.apply(Unknown Source)
		at org.junit.jupiter.engine.execution.ExecutableInvoker$ReflectiveInterceptorCall.lambda$ofVoidMethod$0(ExecutableInvoker.java:115)
		at org.junit.jupiter.engine.execution.ExecutableInvoker$ReflectiveInterceptorCall$$Lambda$230/315860201.apply(Unknown Source)
		at org.junit.jupiter.engine.execution.ExecutableInvoker.lambda$invoke$0(ExecutableInvoker.java:105)
		at org.junit.jupiter.engine.execution.ExecutableInvoker$$Lambda$231/720167805.apply(Unknown Source)
		at org.junit.jupiter.engine.execution.InvocationInterceptorChain$InterceptedInvocation.proceed(InvocationInterceptorChain.java:106)
		at org.junit.jupiter.engine.execution.InvocationInterceptorChain.proceed(InvocationInterceptorChain.java:64)
		at org.junit.jupiter.engine.execution.InvocationInterceptorChain.chainAndInvoke(InvocationInterceptorChain.java:45)
		at org.junit.jupiter.engine.execution.InvocationInterceptorChain.invoke(InvocationInterceptorChain.java:37)
		at org.junit.jupiter.engine.execution.ExecutableInvoker.invoke(ExecutableInvoker.java:104)
		at org.junit.jupiter.engine.execution.ExecutableInvoker.invoke(ExecutableInvoker.java:98)
		at org.junit.jupiter.engine.descriptor.ClassBasedTestDescriptor.invokeMethodInExtensionContext(ClassBasedTestDescriptor.java:481)
		at org.junit.jupiter.engine.descriptor.ClassBasedTestDescriptor.lambda$synthesizeAfterEachMethodAdapter$19(ClassBasedTestDescriptor.java:471)
		at org.junit.jupiter.engine.descriptor.ClassBasedTestDescriptor$$Lambda$206/1371006431.invokeAfterEachMethod(Unknown Source)
		at org.junit.jupiter.engine.descriptor.TestMethodTestDescriptor.lambda$invokeAfterEachMethods$9(TestMethodTestDescriptor.java:238)
		at org.junit.jupiter.engine.descriptor.TestMethodTestDescriptor$$Lambda$362/221634215.invoke(Unknown Source)
		at org.junit.jupiter.engine.descriptor.TestMethodTestDescriptor.lambda$invokeAllAfterMethodsOrCallbacks$12(TestMethodTestDescriptor.java:271)
		at org.junit.jupiter.engine.descriptor.TestMethodTestDescriptor$$Lambda$361/664792509.execute(Unknown Source)
		at org.junit.platform.engine.support.hierarchical.ThrowableCollector.execute(ThrowableCollector.java:73)
		at org.junit.jupiter.engine.descriptor.TestMethodTestDescriptor.lambda$invokeAllAfterMethodsOrCallbacks$13(TestMethodTestDescriptor.java:271)
		at org.junit.jupiter.engine.descriptor.TestMethodTestDescriptor$$Lambda$360/1965237677.accept(Unknown Source)
		at java.util.ArrayList.forEach(ArrayList.java:1249)
		at org.junit.jupiter.engine.descriptor.TestMethodTestDescriptor.invokeAllAfterMethodsOrCallbacks(TestMethodTestDescriptor.java:270)
		at org.junit.jupiter.engine.descriptor.TestMethodTestDescriptor.invokeAfterEachMethods(TestMethodTestDescriptor.java:236)
		at org.junit.jupiter.engine.descriptor.TestMethodTestDescriptor.execute(TestMethodTestDescriptor.java:141)
		at org.junit.jupiter.engine.descriptor.TestMethodTestDescriptor.execute(TestMethodTestDescriptor.java:71)
		at org.junit.platform.engine.support.hierarchical.NodeTestTask.lambda$executeRecursively$5(NodeTestTask.java:135)
		at org.junit.platform.engine.support.hierarchical.NodeTestTask$$Lambda$176/1239548589.execute(Unknown Source)
		at org.junit.platform.engine.support.hierarchical.ThrowableCollector.execute(ThrowableCollector.java:73)
		at org.junit.platform.engine.support.hierarchical.NodeTestTask.lambda$executeRecursively$7(NodeTestTask.java:125)
		at org.junit.platform.engine.support.hierarchical.NodeTestTask$$Lambda$175/1634132079.invoke(Unknown Source)
		at org.junit.platform.engine.support.hierarchical.Node.around(Node.java:135)
		at org.junit.platform.engine.support.hierarchical.NodeTestTask.lambda$executeRecursively$8(NodeTestTask.java:123)
		at org.junit.platform.engine.support.hierarchical.NodeTestTask$$Lambda$174/112619572.execute(Unknown Source)
		at org.junit.platform.engine.support.hierarchical.ThrowableCollector.execute(ThrowableCollector.java:73)
		at org.junit.platform.engine.support.hierarchical.NodeTestTask.executeRecursively(NodeTestTask.java:122)
		at org.junit.platform.engine.support.hierarchical.NodeTestTask.execute(NodeTestTask.java:80)
		at org.junit.platform.engine.support.hierarchical.SameThreadHierarchicalTestExecutorService.submit(SameThreadHierarchicalTestExecutorService.java:32)
		at org.junit.platform.engine.support.hierarchical.NodeTestTask$DefaultDynamicTestExecutor.execute(NodeTestTask.java:198)
		at org.junit.jupiter.engine.descriptor.TestTemplateTestDescriptor.execute(TestTemplateTestDescriptor.java:138)
		at org.junit.jupiter.engine.descriptor.TestTemplateTestDescriptor.lambda$execute$2(TestTemplateTestDescriptor.java:106)
		at org.junit.jupiter.engine.descriptor.TestTemplateTestDescriptor$$Lambda$252/1846406218.accept(Unknown Source)
		at java.util.stream.ForEachOps$ForEachOp$OfRef.accept(ForEachOps.java:183)
		at java.util.stream.ReferencePipeline$3$1.accept(ReferencePipeline.java:193)
		at java.util.stream.ReferencePipeline$2$1.accept(ReferencePipeline.java:175)
		at java.util.stream.ReferencePipeline$3$1.accept(ReferencePipeline.java:193)
		at java.util.stream.ForEachOps$ForEachOp$OfRef.accept(ForEachOps.java:183)
		at java.util.stream.ReferencePipeline$11$1.accept(ReferencePipeline.java:373)
		at java.util.stream.ReferencePipeline$3$1.accept(ReferencePipeline.java:193)
		at java.util.stream.ReferencePipeline$3$1.accept(ReferencePipeline.java:193)
		at java.util.stream.ReferencePipeline$3$1.accept(ReferencePipeline.java:193)
		at java.util.stream.ForEachOps$ForEachOp$OfRef.accept(ForEachOps.java:183)
		at java.util.stream.ReferencePipeline$3$1.accept(ReferencePipeline.java:193)
		at java.util.Spliterators$ArraySpliterator.forEachRemaining(Spliterators.java:948)
		at java.util.stream.ReferencePipeline$Head.forEach(ReferencePipeline.java:580)
		at java.util.stream.ReferencePipeline$7$1.accept(ReferencePipeline.java:270)
		at java.util.stream.ReferencePipeline$3$1.accept(ReferencePipeline.java:193)
		at java.util.stream.ReferencePipeline$3$1.accept(ReferencePipeline.java:193)
		at java.util.Spliterators$ArraySpliterator.forEachRemaining(Spliterators.java:948)
		at java.util.stream.AbstractPipeline.copyInto(AbstractPipeline.java:512)
		at java.util.stream.AbstractPipeline.wrapAndCopyInto(AbstractPipeline.java:502)
		at java.util.stream.ForEachOps$ForEachOp.evaluateSequential(ForEachOps.java:150)
		at java.util.stream.ForEachOps$ForEachOp$OfRef.evaluateSequential(ForEachOps.java:173)
		at java.util.stream.AbstractPipeline.evaluate(AbstractPipeline.java:234)
		at java.util.stream.ReferencePipeline.forEach(ReferencePipeline.java:418)
		at java.util.stream.ReferencePipeline$7$1.accept(ReferencePipeline.java:270)
		at java.util.stream.ReferencePipeline$3$1.accept(ReferencePipeline.java:193)
		at java.util.stream.ReferencePipeline$3$1.accept(ReferencePipeline.java:193)
		at java.util.stream.ReferencePipeline$3$1.accept(ReferencePipeline.java:193)
		at java.util.ArrayList$ArrayListSpliterator.forEachRemaining(ArrayList.java:1374)
		at java.util.stream.AbstractPipeline.copyInto(AbstractPipeline.java:512)
		at java.util.stream.AbstractPipeline.wrapAndCopyInto(AbstractPipeline.java:502)
		at java.util.stream.ForEachOps$ForEachOp.evaluateSequential(ForEachOps.java:150)
		at java.util.stream.ForEachOps$ForEachOp$OfRef.evaluateSequential(ForEachOps.java:173)
		at java.util.stream.AbstractPipeline.evaluate(AbstractPipeline.java:234)
		at java.util.stream.ReferencePipeline.forEach(ReferencePipeline.java:418)
		at java.util.stream.ReferencePipeline$7$1.accept(ReferencePipeline.java:270)
		at java.util.ArrayList$ArrayListSpliterator.forEachRemaining(ArrayList.java:1374)
		at java.util.stream.AbstractPipeline.copyInto(AbstractPipeline.java:512)
		at java.util.stream.AbstractPipeline.wrapAndCopyInto(AbstractPipeline.java:502)
		at java.util.stream.ForEachOps$ForEachOp.evaluateSequential(ForEachOps.java:150)
		at java.util.stream.ForEachOps$ForEachOp$OfRef.evaluateSequential(ForEachOps.java:173)
		at java.util.stream.AbstractPipeline.evaluate(AbstractPipeline.java:234)
		at java.util.stream.ReferencePipeline.forEach(ReferencePipeline.java:418)
		at org.junit.jupiter.engine.descriptor.TestTemplateTestDescriptor.execute(TestTemplateTestDescriptor.java:106)
		at org.junit.jupiter.engine.descriptor.TestTemplateTestDescriptor.execute(TestTemplateTestDescriptor.java:41)
		at org.junit.platform.engine.support.hierarchical.NodeTestTask.lambda$executeRecursively$5(NodeTestTask.java:135)
		at org.junit.platform.engine.support.hierarchical.NodeTestTask$$Lambda$176/1239548589.execute(Unknown Source)
		at org.junit.platform.engine.support.hierarchical.ThrowableCollector.execute(ThrowableCollector.java:73)
		at org.junit.platform.engine.support.hierarchical.NodeTestTask.lambda$executeRecursively$7(NodeTestTask.java:125)
		at org.junit.platform.engine.support.hierarchical.NodeTestTask$$Lambda$175/1634132079.invoke(Unknown Source)
		at org.junit.platform.engine.support.hierarchical.Node.around(Node.java:135)
		at org.junit.platform.engine.support.hierarchical.NodeTestTask.lambda$executeRecursively$8(NodeTestTask.java:123)
		at org.junit.platform.engine.support.hierarchical.NodeTestTask$$Lambda$174/112619572.execute(Unknown Source)
		at org.junit.platform.engine.support.hierarchical.ThrowableCollector.execute(ThrowableCollector.java:73)
		at org.junit.platform.engine.support.hierarchical.NodeTestTask.executeRecursively(NodeTestTask.java:122)
		at org.junit.platform.engine.support.hierarchical.NodeTestTask.execute(NodeTestTask.java:80)
		at org.junit.platform.engine.support.hierarchical.SameThreadHierarchicalTestExecutorService$$Lambda$180/667346055.accept(Unknown Source)
		at java.util.ArrayList.forEach(ArrayList.java:1249)
		at org.junit.platform.engine.support.hierarchical.SameThreadHierarchicalTestExecutorService.invokeAll(SameThreadHierarchicalTestExecutorService.java:38)
		at org.junit.platform.engine.support.hierarchical.NodeTestTask.lambda$executeRecursively$5(NodeTestTask.java:139)
		at org.junit.platform.engine.support.hierarchical.NodeTestTask$$Lambda$176/1239548589.execute(Unknown Source)
		at org.junit.platform.engine.support.hierarchical.ThrowableCollector.execute(ThrowableCollector.java:73)
		at org.junit.platform.engine.support.hierarchical.NodeTestTask.lambda$executeRecursively$7(NodeTestTask.java:125)
		at org.junit.platform.engine.support.hierarchical.NodeTestTask$$Lambda$175/1634132079.invoke(Unknown Source)
		at org.junit.platform.engine.support.hierarchical.Node.around(Node.java:135)
		at org.junit.platform.engine.support.hierarchical.NodeTestTask.lambda$executeRecursively$8(NodeTestTask.java:123)
		at org.junit.platform.engine.support.hierarchical.NodeTestTask$$Lambda$174/112619572.execute(Unknown Source)
		at org.junit.platform.engine.support.hierarchical.ThrowableCollector.execute(ThrowableCollector.java:73)
		at org.junit.platform.engine.support.hierarchical.NodeTestTask.executeRecursively(NodeTestTask.java:122)
		at org.junit.platform.engine.support.hierarchical.NodeTestTask.execute(NodeTestTask.java:80)
		at org.junit.platform.engine.support.hierarchical.SameThreadHierarchicalTestExecutorService$$Lambda$180/667346055.accept(Unknown Source)
		at java.util.ArrayList.forEach(ArrayList.java:1249)
		at org.junit.platform.engine.support.hierarchical.SameThreadHierarchicalTestExecutorService.invokeAll(SameThreadHierarchicalTestExecutorService.java:38)
		at org.junit.platform.engine.support.hierarchical.NodeTestTask.lambda$executeRecursively$5(NodeTestTask.java:139)
		at org.junit.platform.engine.support.hierarchical.NodeTestTask$$Lambda$176/1239548589.execute(Unknown Source)
		at org.junit.platform.engine.support.hierarchical.ThrowableCollector.execute(ThrowableCollector.java:73)
		at org.junit.platform.engine.support.hierarchical.NodeTestTask.lambda$executeRecursively$7(NodeTestTask.java:125)
		at org.junit.platform.engine.support.hierarchical.NodeTestTask$$Lambda$175/1634132079.invoke(Unknown Source)
		at org.junit.platform.engine.support.hierarchical.Node.around(Node.java:135)
		at org.junit.platform.engine.support.hierarchical.NodeTestTask.lambda$executeRecursively$8(NodeTestTask.java:123)
		at org.junit.platform.engine.support.hierarchical.NodeTestTask$$Lambda$174/112619572.execute(Unknown Source)
		at org.junit.platform.engine.support.hierarchical.ThrowableCollector.execute(ThrowableCollector.java:73)
		at org.junit.platform.engine.support.hierarchical.NodeTestTask.executeRecursively(NodeTestTask.java:122)
		at org.junit.platform.engine.support.hierarchical.NodeTestTask.execute(NodeTestTask.java:80)
		at org.junit.platform.engine.support.hierarchical.SameThreadHierarchicalTestExecutorService.submit(SameThreadHierarchicalTestExecutorService.java:32)
		at org.junit.platform.engine.support.hierarchical.HierarchicalTestExecutor.execute(HierarchicalTestExecutor.java:57)
		at org.junit.platform.engine.support.hierarchical.HierarchicalTestEngine.execute(HierarchicalTestEngine.java:51)
		at org.junit.platform.launcher.core.DefaultLauncher.execute(DefaultLauncher.java:248)
		at org.junit.platform.launcher.core.DefaultLauncher.lambda$execute$5(DefaultLauncher.java:211)
		at org.junit.platform.launcher.core.DefaultLauncher$$Lambda$140/1414147750.accept(Unknown Source)
		at org.junit.platform.launcher.core.DefaultLauncher.withInterceptedStreams(DefaultLauncher.java:226)
		at org.junit.platform.launcher.core.DefaultLauncher.execute(DefaultLauncher.java:199)
		at org.junit.platform.launcher.core.DefaultLauncher.execute(DefaultLauncher.java:132)
		at org.apache.maven.surefire.junitplatform.JUnitPlatformProvider.invokeAllTests(JUnitPlatformProvider.java:142)
		at org.apache.maven.surefire.junitplatform.JUnitPlatformProvider.invoke(JUnitPlatformProvider.java:113)
		at org.apache.maven.surefire.booter.ForkedBooter.invokeProviderInSameClassLoader(ForkedBooter.java:384)
		at org.apache.maven.surefire.booter.ForkedBooter.runSuitesInProcess(ForkedBooter.java:345)
		at org.apache.maven.surefire.booter.ForkedBooter.execute(ForkedBooter.java:126)
		at org.apache.maven.surefire.booter.ForkedBooter.main(ForkedBooter.java:418)
]]></error>
    <system-out><![CDATA[2021-11-08 11:10:49,669 [myid:] - INFO  [main:PortAssignment@87] - Assigned port 24847 from range 24686 - 27378.
2021-11-08 11:10:49,670 [myid:] - INFO  [main:ZKTestCase@77] - STARTING Optional[public void org.apache.zookeeper.server.quorum.QuorumRequestPipelineTest.testSetAndGetData(org.apache.zookeeper.server.quorum.QuorumPeer$ServerState) throws java.lang.Exception]
2021-11-08 11:10:49,671 [myid:] - INFO  [main:QuorumBase@81] - QuorumBase.setup null
2021-11-08 11:10:49,671 [myid:] - INFO  [main:JMXEnv@58] - connecting to addr service:jmx:rmi://127.0.0.1/stub/rO0ABXNyAC5qYXZheC5tYW5hZ2VtZW50LnJlbW90ZS5ybWkuUk1JU2VydmVySW1wbF9TdHViAAAAAAAAAAICAAB4cgAaamF2YS5ybWkuc2VydmVyLlJlbW90ZVN0dWLp/tzJi+FlGgIAAHhyABxqYXZhLnJtaS5zZXJ2ZXIuUmVtb3RlT2JqZWN002G0kQxhMx4DAAB4cHc6AAtVbmljYXN0UmVmMgAADzE2OS4yNTQuMTU2LjIzMQAACXlmIcuvbmM9K2rMPREAAAF8/YbC74A+AHg=
2021-11-08 11:10:49,676 [myid:] - INFO  [main:PortAssignment@87] - Assigned port 24848 from range 24686 - 27378.
2021-11-08 11:10:49,676 [myid:] - INFO  [main:PortAssignment@87] - Assigned port 24849 from range 24686 - 27378.
2021-11-08 11:10:49,676 [myid:] - INFO  [main:PortAssignment@87] - Assigned port 24850 from range 24686 - 27378.
2021-11-08 11:10:49,677 [myid:] - INFO  [main:PortAssignment@87] - Assigned port 24851 from range 24686 - 27378.
2021-11-08 11:10:49,677 [myid:] - INFO  [main:PortAssignment@87] - Assigned port 24852 from range 24686 - 27378.
2021-11-08 11:10:49,677 [myid:] - INFO  [main:PortAssignment@87] - Assigned port 24853 from range 24686 - 27378.
2021-11-08 11:10:49,678 [myid:] - INFO  [main:PortAssignment@87] - Assigned port 24854 from range 24686 - 27378.
2021-11-08 11:10:49,678 [myid:] - INFO  [main:PortAssignment@87] - Assigned port 24855 from range 24686 - 27378.
2021-11-08 11:10:49,678 [myid:] - INFO  [main:PortAssignment@87] - Assigned port 24856 from range 24686 - 27378.
2021-11-08 11:10:49,679 [myid:] - INFO  [main:PortAssignment@87] - Assigned port 24857 from range 24686 - 27378.
2021-11-08 11:10:49,679 [myid:] - INFO  [main:PortAssignment@87] - Assigned port 24858 from range 24686 - 27378.
2021-11-08 11:10:49,679 [myid:] - INFO  [main:PortAssignment@87] - Assigned port 24859 from range 24686 - 27378.
2021-11-08 11:10:49,679 [myid:] - INFO  [main:PortAssignment@87] - Assigned port 24860 from range 24686 - 27378.
2021-11-08 11:10:49,680 [myid:] - INFO  [main:PortAssignment@87] - Assigned port 24861 from range 24686 - 27378.
2021-11-08 11:10:49,680 [myid:] - INFO  [main:PortAssignment@87] - Assigned port 24862 from range 24686 - 27378.
2021-11-08 11:10:49,680 [myid:] - INFO  [main:QuorumBase@116] - Ports are: 127.0.0.1:24858,127.0.0.1:24859,127.0.0.1:24860,127.0.0.1:24861,127.0.0.1:24862
2021-11-08 11:10:49,685 [myid:] - INFO  [main:QuorumBase@155] - creating QuorumPeer 1 port 24858
2021-11-08 11:10:49,686 [myid:] - INFO  [main:ServerCnxnFactory@169] - Using org.apache.zookeeper.server.NIOServerCnxnFactory as server connection factory
2021-11-08 11:10:49,686 [myid:] - WARN  [main:ServerCnxnFactory@309] - maxCnxns is not configured, using default value 0.
2021-11-08 11:10:49,686 [myid:] - INFO  [main:NIOServerCnxnFactory@652] - Configuring NIO connection handler with 10s sessionless connection timeout, 1 selector thread(s), 12 worker threads, and 64 kB direct buffers.
2021-11-08 11:10:49,687 [myid:] - INFO  [main:NIOServerCnxnFactory@660] - binding to port /127.0.0.1:24858
2021-11-08 11:10:49,688 [myid:] - INFO  [main:FileTxnSnapLog@124] - zookeeper.snapshot.trust.empty : false
2021-11-08 11:10:49,690 [myid:] - INFO  [main:ZKTestCase@82] - FINISHED Optional[public void org.apache.zookeeper.server.quorum.QuorumRequestPipelineTest.testSetAndGetData(org.apache.zookeeper.server.quorum.QuorumPeer$ServerState) throws java.lang.Exception]
]]></system-out>
  </testcase>
  <testcase name="testSetAndGetData{ServerState}[3]" classname="org.apache.zookeeper.server.quorum.QuorumRequestPipelineTest" time="0.019">
    <error message="org/apache/zookeeper/ZooDefs$Ids" type="java.lang.NoClassDefFoundError"><![CDATA[java.lang.NoClassDefFoundError: org/apache/zookeeper/ZooDefs$Ids
	at org.apache.zookeeper.server.DataTree.addConfigNode(DataTree.java:327)
	at org.apache.zookeeper.server.DataTree.<init>(DataTree.java:300)
	at org.apache.zookeeper.server.DataTree.<init>(DataTree.java:282)
	at org.apache.zookeeper.server.ZKDatabase.createDataTree(ZKDatabase.java:727)
	at org.apache.zookeeper.server.ZKDatabase.<init>(ZKDatabase.java:110)
	at org.apache.zookeeper.server.quorum.QuorumPeer.<init>(QuorumPeer.java:1098)
	at org.apache.zookeeper.server.quorum.QuorumPeer.<init>(QuorumPeer.java:1242)
	at org.apache.zookeeper.test.QuorumBase.startServers(QuorumBase.java:156)
	at org.apache.zookeeper.test.QuorumBase.setUp(QuorumBase.java:124)
	at org.apache.zookeeper.server.quorum.QuorumRequestPipelineTest.setUp(QuorumRequestPipelineTest.java:72)
	at org.apache.zookeeper.server.quorum.QuorumRequestPipelineTest.testSetAndGetData(QuorumRequestPipelineTest.java:126)
	Suppressed: java.lang.NullPointerException
		at org.apache.zookeeper.server.quorum.QuorumRequestPipelineTest.tearDown(QuorumRequestPipelineTest.java:80)
		at sun.reflect.NativeMethodAccessorImpl.invoke0(Native Method)
		at sun.reflect.NativeMethodAccessorImpl.invoke(NativeMethodAccessorImpl.java:62)
		at sun.reflect.DelegatingMethodAccessorImpl.invoke(DelegatingMethodAccessorImpl.java:43)
		at java.lang.reflect.Method.invoke(Method.java:483)
		at org.junit.platform.commons.util.ReflectionUtils.invokeMethod(ReflectionUtils.java:686)
		at org.junit.jupiter.engine.execution.MethodInvocation.proceed(MethodInvocation.java:60)
		at org.junit.jupiter.engine.execution.InvocationInterceptorChain$ValidatingInvocation.proceed(InvocationInterceptorChain.java:131)
		at org.junit.jupiter.engine.extension.TimeoutExtension.intercept(TimeoutExtension.java:149)
		at org.junit.jupiter.engine.extension.TimeoutExtension.interceptLifecycleMethod(TimeoutExtension.java:126)
		at org.junit.jupiter.engine.extension.TimeoutExtension.interceptAfterEachMethod(TimeoutExtension.java:108)
		at org.junit.jupiter.engine.descriptor.ClassBasedTestDescriptor$$Lambda$363/2003891312.apply(Unknown Source)
		at org.junit.jupiter.engine.execution.ExecutableInvoker$ReflectiveInterceptorCall.lambda$ofVoidMethod$0(ExecutableInvoker.java:115)
		at org.junit.jupiter.engine.execution.ExecutableInvoker$ReflectiveInterceptorCall$$Lambda$230/315860201.apply(Unknown Source)
		at org.junit.jupiter.engine.execution.ExecutableInvoker.lambda$invoke$0(ExecutableInvoker.java:105)
		at org.junit.jupiter.engine.execution.ExecutableInvoker$$Lambda$231/720167805.apply(Unknown Source)
		at org.junit.jupiter.engine.execution.InvocationInterceptorChain$InterceptedInvocation.proceed(InvocationInterceptorChain.java:106)
		at org.junit.jupiter.engine.execution.InvocationInterceptorChain.proceed(InvocationInterceptorChain.java:64)
		at org.junit.jupiter.engine.execution.InvocationInterceptorChain.chainAndInvoke(InvocationInterceptorChain.java:45)
		at org.junit.jupiter.engine.execution.InvocationInterceptorChain.invoke(InvocationInterceptorChain.java:37)
		at org.junit.jupiter.engine.execution.ExecutableInvoker.invoke(ExecutableInvoker.java:104)
		at org.junit.jupiter.engine.execution.ExecutableInvoker.invoke(ExecutableInvoker.java:98)
		at org.junit.jupiter.engine.descriptor.ClassBasedTestDescriptor.invokeMethodInExtensionContext(ClassBasedTestDescriptor.java:481)
		at org.junit.jupiter.engine.descriptor.ClassBasedTestDescriptor.lambda$synthesizeAfterEachMethodAdapter$19(ClassBasedTestDescriptor.java:471)
		at org.junit.jupiter.engine.descriptor.ClassBasedTestDescriptor$$Lambda$206/1371006431.invokeAfterEachMethod(Unknown Source)
		at org.junit.jupiter.engine.descriptor.TestMethodTestDescriptor.lambda$invokeAfterEachMethods$9(TestMethodTestDescriptor.java:238)
		at org.junit.jupiter.engine.descriptor.TestMethodTestDescriptor$$Lambda$362/221634215.invoke(Unknown Source)
		at org.junit.jupiter.engine.descriptor.TestMethodTestDescriptor.lambda$invokeAllAfterMethodsOrCallbacks$12(TestMethodTestDescriptor.java:271)
		at org.junit.jupiter.engine.descriptor.TestMethodTestDescriptor$$Lambda$361/664792509.execute(Unknown Source)
		at org.junit.platform.engine.support.hierarchical.ThrowableCollector.execute(ThrowableCollector.java:73)
		at org.junit.jupiter.engine.descriptor.TestMethodTestDescriptor.lambda$invokeAllAfterMethodsOrCallbacks$13(TestMethodTestDescriptor.java:271)
		at org.junit.jupiter.engine.descriptor.TestMethodTestDescriptor$$Lambda$360/1965237677.accept(Unknown Source)
		at java.util.ArrayList.forEach(ArrayList.java:1249)
		at org.junit.jupiter.engine.descriptor.TestMethodTestDescriptor.invokeAllAfterMethodsOrCallbacks(TestMethodTestDescriptor.java:270)
		at org.junit.jupiter.engine.descriptor.TestMethodTestDescriptor.invokeAfterEachMethods(TestMethodTestDescriptor.java:236)
		at org.junit.jupiter.engine.descriptor.TestMethodTestDescriptor.execute(TestMethodTestDescriptor.java:141)
		at org.junit.jupiter.engine.descriptor.TestMethodTestDescriptor.execute(TestMethodTestDescriptor.java:71)
		at org.junit.platform.engine.support.hierarchical.NodeTestTask.lambda$executeRecursively$5(NodeTestTask.java:135)
		at org.junit.platform.engine.support.hierarchical.NodeTestTask$$Lambda$176/1239548589.execute(Unknown Source)
		at org.junit.platform.engine.support.hierarchical.ThrowableCollector.execute(ThrowableCollector.java:73)
		at org.junit.platform.engine.support.hierarchical.NodeTestTask.lambda$executeRecursively$7(NodeTestTask.java:125)
		at org.junit.platform.engine.support.hierarchical.NodeTestTask$$Lambda$175/1634132079.invoke(Unknown Source)
		at org.junit.platform.engine.support.hierarchical.Node.around(Node.java:135)
		at org.junit.platform.engine.support.hierarchical.NodeTestTask.lambda$executeRecursively$8(NodeTestTask.java:123)
		at org.junit.platform.engine.support.hierarchical.NodeTestTask$$Lambda$174/112619572.execute(Unknown Source)
		at org.junit.platform.engine.support.hierarchical.ThrowableCollector.execute(ThrowableCollector.java:73)
		at org.junit.platform.engine.support.hierarchical.NodeTestTask.executeRecursively(NodeTestTask.java:122)
		at org.junit.platform.engine.support.hierarchical.NodeTestTask.execute(NodeTestTask.java:80)
		at org.junit.platform.engine.support.hierarchical.SameThreadHierarchicalTestExecutorService.submit(SameThreadHierarchicalTestExecutorService.java:32)
		at org.junit.platform.engine.support.hierarchical.NodeTestTask$DefaultDynamicTestExecutor.execute(NodeTestTask.java:198)
		at org.junit.jupiter.engine.descriptor.TestTemplateTestDescriptor.execute(TestTemplateTestDescriptor.java:138)
		at org.junit.jupiter.engine.descriptor.TestTemplateTestDescriptor.lambda$execute$2(TestTemplateTestDescriptor.java:106)
		at org.junit.jupiter.engine.descriptor.TestTemplateTestDescriptor$$Lambda$252/1846406218.accept(Unknown Source)
		at java.util.stream.ForEachOps$ForEachOp$OfRef.accept(ForEachOps.java:183)
		at java.util.stream.ReferencePipeline$3$1.accept(ReferencePipeline.java:193)
		at java.util.stream.ReferencePipeline$2$1.accept(ReferencePipeline.java:175)
		at java.util.stream.ReferencePipeline$3$1.accept(ReferencePipeline.java:193)
		at java.util.stream.ForEachOps$ForEachOp$OfRef.accept(ForEachOps.java:183)
		at java.util.stream.ReferencePipeline$11$1.accept(ReferencePipeline.java:373)
		at java.util.stream.ReferencePipeline$3$1.accept(ReferencePipeline.java:193)
		at java.util.stream.ReferencePipeline$3$1.accept(ReferencePipeline.java:193)
		at java.util.stream.ReferencePipeline$3$1.accept(ReferencePipeline.java:193)
		at java.util.stream.ForEachOps$ForEachOp$OfRef.accept(ForEachOps.java:183)
		at java.util.stream.ReferencePipeline$3$1.accept(ReferencePipeline.java:193)
		at java.util.Spliterators$ArraySpliterator.forEachRemaining(Spliterators.java:948)
		at java.util.stream.ReferencePipeline$Head.forEach(ReferencePipeline.java:580)
		at java.util.stream.ReferencePipeline$7$1.accept(ReferencePipeline.java:270)
		at java.util.stream.ReferencePipeline$3$1.accept(ReferencePipeline.java:193)
		at java.util.stream.ReferencePipeline$3$1.accept(ReferencePipeline.java:193)
		at java.util.Spliterators$ArraySpliterator.forEachRemaining(Spliterators.java:948)
		at java.util.stream.AbstractPipeline.copyInto(AbstractPipeline.java:512)
		at java.util.stream.AbstractPipeline.wrapAndCopyInto(AbstractPipeline.java:502)
		at java.util.stream.ForEachOps$ForEachOp.evaluateSequential(ForEachOps.java:150)
		at java.util.stream.ForEachOps$ForEachOp$OfRef.evaluateSequential(ForEachOps.java:173)
		at java.util.stream.AbstractPipeline.evaluate(AbstractPipeline.java:234)
		at java.util.stream.ReferencePipeline.forEach(ReferencePipeline.java:418)
		at java.util.stream.ReferencePipeline$7$1.accept(ReferencePipeline.java:270)
		at java.util.stream.ReferencePipeline$3$1.accept(ReferencePipeline.java:193)
		at java.util.stream.ReferencePipeline$3$1.accept(ReferencePipeline.java:193)
		at java.util.stream.ReferencePipeline$3$1.accept(ReferencePipeline.java:193)
		at java.util.ArrayList$ArrayListSpliterator.forEachRemaining(ArrayList.java:1374)
		at java.util.stream.AbstractPipeline.copyInto(AbstractPipeline.java:512)
		at java.util.stream.AbstractPipeline.wrapAndCopyInto(AbstractPipeline.java:502)
		at java.util.stream.ForEachOps$ForEachOp.evaluateSequential(ForEachOps.java:150)
		at java.util.stream.ForEachOps$ForEachOp$OfRef.evaluateSequential(ForEachOps.java:173)
		at java.util.stream.AbstractPipeline.evaluate(AbstractPipeline.java:234)
		at java.util.stream.ReferencePipeline.forEach(ReferencePipeline.java:418)
		at java.util.stream.ReferencePipeline$7$1.accept(ReferencePipeline.java:270)
		at java.util.ArrayList$ArrayListSpliterator.forEachRemaining(ArrayList.java:1374)
		at java.util.stream.AbstractPipeline.copyInto(AbstractPipeline.java:512)
		at java.util.stream.AbstractPipeline.wrapAndCopyInto(AbstractPipeline.java:502)
		at java.util.stream.ForEachOps$ForEachOp.evaluateSequential(ForEachOps.java:150)
		at java.util.stream.ForEachOps$ForEachOp$OfRef.evaluateSequential(ForEachOps.java:173)
		at java.util.stream.AbstractPipeline.evaluate(AbstractPipeline.java:234)
		at java.util.stream.ReferencePipeline.forEach(ReferencePipeline.java:418)
		at org.junit.jupiter.engine.descriptor.TestTemplateTestDescriptor.execute(TestTemplateTestDescriptor.java:106)
		at org.junit.jupiter.engine.descriptor.TestTemplateTestDescriptor.execute(TestTemplateTestDescriptor.java:41)
		at org.junit.platform.engine.support.hierarchical.NodeTestTask.lambda$executeRecursively$5(NodeTestTask.java:135)
		at org.junit.platform.engine.support.hierarchical.NodeTestTask$$Lambda$176/1239548589.execute(Unknown Source)
		at org.junit.platform.engine.support.hierarchical.ThrowableCollector.execute(ThrowableCollector.java:73)
		at org.junit.platform.engine.support.hierarchical.NodeTestTask.lambda$executeRecursively$7(NodeTestTask.java:125)
		at org.junit.platform.engine.support.hierarchical.NodeTestTask$$Lambda$175/1634132079.invoke(Unknown Source)
		at org.junit.platform.engine.support.hierarchical.Node.around(Node.java:135)
		at org.junit.platform.engine.support.hierarchical.NodeTestTask.lambda$executeRecursively$8(NodeTestTask.java:123)
		at org.junit.platform.engine.support.hierarchical.NodeTestTask$$Lambda$174/112619572.execute(Unknown Source)
		at org.junit.platform.engine.support.hierarchical.ThrowableCollector.execute(ThrowableCollector.java:73)
		at org.junit.platform.engine.support.hierarchical.NodeTestTask.executeRecursively(NodeTestTask.java:122)
		at org.junit.platform.engine.support.hierarchical.NodeTestTask.execute(NodeTestTask.java:80)
		at org.junit.platform.engine.support.hierarchical.SameThreadHierarchicalTestExecutorService$$Lambda$180/667346055.accept(Unknown Source)
		at java.util.ArrayList.forEach(ArrayList.java:1249)
		at org.junit.platform.engine.support.hierarchical.SameThreadHierarchicalTestExecutorService.invokeAll(SameThreadHierarchicalTestExecutorService.java:38)
		at org.junit.platform.engine.support.hierarchical.NodeTestTask.lambda$executeRecursively$5(NodeTestTask.java:139)
		at org.junit.platform.engine.support.hierarchical.NodeTestTask$$Lambda$176/1239548589.execute(Unknown Source)
		at org.junit.platform.engine.support.hierarchical.ThrowableCollector.execute(ThrowableCollector.java:73)
		at org.junit.platform.engine.support.hierarchical.NodeTestTask.lambda$executeRecursively$7(NodeTestTask.java:125)
		at org.junit.platform.engine.support.hierarchical.NodeTestTask$$Lambda$175/1634132079.invoke(Unknown Source)
		at org.junit.platform.engine.support.hierarchical.Node.around(Node.java:135)
		at org.junit.platform.engine.support.hierarchical.NodeTestTask.lambda$executeRecursively$8(NodeTestTask.java:123)
		at org.junit.platform.engine.support.hierarchical.NodeTestTask$$Lambda$174/112619572.execute(Unknown Source)
		at org.junit.platform.engine.support.hierarchical.ThrowableCollector.execute(ThrowableCollector.java:73)
		at org.junit.platform.engine.support.hierarchical.NodeTestTask.executeRecursively(NodeTestTask.java:122)
		at org.junit.platform.engine.support.hierarchical.NodeTestTask.execute(NodeTestTask.java:80)
		at org.junit.platform.engine.support.hierarchical.SameThreadHierarchicalTestExecutorService$$Lambda$180/667346055.accept(Unknown Source)
		at java.util.ArrayList.forEach(ArrayList.java:1249)
		at org.junit.platform.engine.support.hierarchical.SameThreadHierarchicalTestExecutorService.invokeAll(SameThreadHierarchicalTestExecutorService.java:38)
		at org.junit.platform.engine.support.hierarchical.NodeTestTask.lambda$executeRecursively$5(NodeTestTask.java:139)
		at org.junit.platform.engine.support.hierarchical.NodeTestTask$$Lambda$176/1239548589.execute(Unknown Source)
		at org.junit.platform.engine.support.hierarchical.ThrowableCollector.execute(ThrowableCollector.java:73)
		at org.junit.platform.engine.support.hierarchical.NodeTestTask.lambda$executeRecursively$7(NodeTestTask.java:125)
		at org.junit.platform.engine.support.hierarchical.NodeTestTask$$Lambda$175/1634132079.invoke(Unknown Source)
		at org.junit.platform.engine.support.hierarchical.Node.around(Node.java:135)
		at org.junit.platform.engine.support.hierarchical.NodeTestTask.lambda$executeRecursively$8(NodeTestTask.java:123)
		at org.junit.platform.engine.support.hierarchical.NodeTestTask$$Lambda$174/112619572.execute(Unknown Source)
		at org.junit.platform.engine.support.hierarchical.ThrowableCollector.execute(ThrowableCollector.java:73)
		at org.junit.platform.engine.support.hierarchical.NodeTestTask.executeRecursively(NodeTestTask.java:122)
		at org.junit.platform.engine.support.hierarchical.NodeTestTask.execute(NodeTestTask.java:80)
		at org.junit.platform.engine.support.hierarchical.SameThreadHierarchicalTestExecutorService.submit(SameThreadHierarchicalTestExecutorService.java:32)
		at org.junit.platform.engine.support.hierarchical.HierarchicalTestExecutor.execute(HierarchicalTestExecutor.java:57)
		at org.junit.platform.engine.support.hierarchical.HierarchicalTestEngine.execute(HierarchicalTestEngine.java:51)
		at org.junit.platform.launcher.core.DefaultLauncher.execute(DefaultLauncher.java:248)
		at org.junit.platform.launcher.core.DefaultLauncher.lambda$execute$5(DefaultLauncher.java:211)
		at org.junit.platform.launcher.core.DefaultLauncher$$Lambda$140/1414147750.accept(Unknown Source)
		at org.junit.platform.launcher.core.DefaultLauncher.withInterceptedStreams(DefaultLauncher.java:226)
		at org.junit.platform.launcher.core.DefaultLauncher.execute(DefaultLauncher.java:199)
		at org.junit.platform.launcher.core.DefaultLauncher.execute(DefaultLauncher.java:132)
		at org.apache.maven.surefire.junitplatform.JUnitPlatformProvider.invokeAllTests(JUnitPlatformProvider.java:142)
		at org.apache.maven.surefire.junitplatform.JUnitPlatformProvider.invoke(JUnitPlatformProvider.java:113)
		at org.apache.maven.surefire.booter.ForkedBooter.invokeProviderInSameClassLoader(ForkedBooter.java:384)
		at org.apache.maven.surefire.booter.ForkedBooter.runSuitesInProcess(ForkedBooter.java:345)
		at org.apache.maven.surefire.booter.ForkedBooter.execute(ForkedBooter.java:126)
		at org.apache.maven.surefire.booter.ForkedBooter.main(ForkedBooter.java:418)
]]></error>
    <system-out><![CDATA[2021-11-08 11:10:49,692 [myid:] - INFO  [main:PortAssignment@87] - Assigned port 24863 from range 24686 - 27378.
2021-11-08 11:10:49,693 [myid:] - INFO  [main:ZKTestCase@77] - STARTING Optional[public void org.apache.zookeeper.server.quorum.QuorumRequestPipelineTest.testSetAndGetData(org.apache.zookeeper.server.quorum.QuorumPeer$ServerState) throws java.lang.Exception]
2021-11-08 11:10:49,694 [myid:] - INFO  [main:QuorumBase@81] - QuorumBase.setup null
2021-11-08 11:10:49,694 [myid:] - INFO  [main:JMXEnv@58] - connecting to addr service:jmx:rmi://127.0.0.1/stub/rO0ABXNyAC5qYXZheC5tYW5hZ2VtZW50LnJlbW90ZS5ybWkuUk1JU2VydmVySW1wbF9TdHViAAAAAAAAAAICAAB4cgAaamF2YS5ybWkuc2VydmVyLlJlbW90ZVN0dWLp/tzJi+FlGgIAAHhyABxqYXZhLnJtaS5zZXJ2ZXIuUmVtb3RlT2JqZWN002G0kQxhMx4DAAB4cHc6AAtVbmljYXN0UmVmMgAADzE2OS4yNTQuMTU2LjIzMQAACXmzCFEHdSnKnmrMPREAAAF8/YbC74BEAHg=
2021-11-08 11:10:49,697 [myid:] - INFO  [main:PortAssignment@87] - Assigned port 24864 from range 24686 - 27378.
2021-11-08 11:10:49,698 [myid:] - INFO  [main:PortAssignment@87] - Assigned port 24865 from range 24686 - 27378.
2021-11-08 11:10:49,698 [myid:] - INFO  [main:PortAssignment@87] - Assigned port 24866 from range 24686 - 27378.
2021-11-08 11:10:49,698 [myid:] - INFO  [main:PortAssignment@87] - Assigned port 24867 from range 24686 - 27378.
2021-11-08 11:10:49,699 [myid:] - INFO  [main:PortAssignment@87] - Assigned port 24868 from range 24686 - 27378.
2021-11-08 11:10:49,699 [myid:] - INFO  [main:PortAssignment@87] - Assigned port 24869 from range 24686 - 27378.
2021-11-08 11:10:49,699 [myid:] - INFO  [main:PortAssignment@87] - Assigned port 24870 from range 24686 - 27378.
2021-11-08 11:10:49,699 [myid:] - INFO  [main:PortAssignment@87] - Assigned port 24871 from range 24686 - 27378.
2021-11-08 11:10:49,700 [myid:] - INFO  [main:PortAssignment@87] - Assigned port 24872 from range 24686 - 27378.
2021-11-08 11:10:49,700 [myid:] - INFO  [main:PortAssignment@87] - Assigned port 24873 from range 24686 - 27378.
2021-11-08 11:10:49,700 [myid:] - INFO  [main:PortAssignment@87] - Assigned port 24874 from range 24686 - 27378.
2021-11-08 11:10:49,701 [myid:] - INFO  [main:PortAssignment@87] - Assigned port 24875 from range 24686 - 27378.
2021-11-08 11:10:49,701 [myid:] - INFO  [main:PortAssignment@87] - Assigned port 24876 from range 24686 - 27378.
2021-11-08 11:10:49,701 [myid:] - INFO  [main:PortAssignment@87] - Assigned port 24877 from range 24686 - 27378.
2021-11-08 11:10:49,701 [myid:] - INFO  [main:PortAssignment@87] - Assigned port 24878 from range 24686 - 27378.
2021-11-08 11:10:49,702 [myid:] - INFO  [main:QuorumBase@116] - Ports are: 127.0.0.1:24874,127.0.0.1:24875,127.0.0.1:24876,127.0.0.1:24877,127.0.0.1:24878
2021-11-08 11:10:49,706 [myid:] - INFO  [main:QuorumBase@155] - creating QuorumPeer 1 port 24874
2021-11-08 11:10:49,706 [myid:] - INFO  [main:ServerCnxnFactory@169] - Using org.apache.zookeeper.server.NIOServerCnxnFactory as server connection factory
2021-11-08 11:10:49,706 [myid:] - WARN  [main:ServerCnxnFactory@309] - maxCnxns is not configured, using default value 0.
2021-11-08 11:10:49,706 [myid:] - INFO  [main:NIOServerCnxnFactory@652] - Configuring NIO connection handler with 10s sessionless connection timeout, 1 selector thread(s), 12 worker threads, and 64 kB direct buffers.
2021-11-08 11:10:49,707 [myid:] - INFO  [main:NIOServerCnxnFactory@660] - binding to port /127.0.0.1:24874
2021-11-08 11:10:49,708 [myid:] - INFO  [main:FileTxnSnapLog@124] - zookeeper.snapshot.trust.empty : false
2021-11-08 11:10:49,709 [myid:] - INFO  [main:ZKTestCase@82] - FINISHED Optional[public void org.apache.zookeeper.server.quorum.QuorumRequestPipelineTest.testSetAndGetData(org.apache.zookeeper.server.quorum.QuorumPeer$ServerState) throws java.lang.Exception]
]]></system-out>
  </testcase>
  <testcase name="testSetAndGetChildren2{ServerState}[1]" classname="org.apache.zookeeper.server.quorum.QuorumRequestPipelineTest" time="0.018">
    <error message="org/apache/zookeeper/ZooDefs$Ids" type="java.lang.NoClassDefFoundError"><![CDATA[java.lang.NoClassDefFoundError: org/apache/zookeeper/ZooDefs$Ids
	at org.apache.zookeeper.server.DataTree.addConfigNode(DataTree.java:327)
	at org.apache.zookeeper.server.DataTree.<init>(DataTree.java:300)
	at org.apache.zookeeper.server.DataTree.<init>(DataTree.java:282)
	at org.apache.zookeeper.server.ZKDatabase.createDataTree(ZKDatabase.java:727)
	at org.apache.zookeeper.server.ZKDatabase.<init>(ZKDatabase.java:110)
	at org.apache.zookeeper.server.quorum.QuorumPeer.<init>(QuorumPeer.java:1098)
	at org.apache.zookeeper.server.quorum.QuorumPeer.<init>(QuorumPeer.java:1242)
	at org.apache.zookeeper.test.QuorumBase.startServers(QuorumBase.java:156)
	at org.apache.zookeeper.test.QuorumBase.setUp(QuorumBase.java:124)
	at org.apache.zookeeper.server.quorum.QuorumRequestPipelineTest.setUp(QuorumRequestPipelineTest.java:72)
	at org.apache.zookeeper.server.quorum.QuorumRequestPipelineTest.testSetAndGetChildren2(QuorumRequestPipelineTest.java:156)
	Suppressed: java.lang.NullPointerException
		at org.apache.zookeeper.server.quorum.QuorumRequestPipelineTest.tearDown(QuorumRequestPipelineTest.java:80)
		at sun.reflect.NativeMethodAccessorImpl.invoke0(Native Method)
		at sun.reflect.NativeMethodAccessorImpl.invoke(NativeMethodAccessorImpl.java:62)
		at sun.reflect.DelegatingMethodAccessorImpl.invoke(DelegatingMethodAccessorImpl.java:43)
		at java.lang.reflect.Method.invoke(Method.java:483)
		at org.junit.platform.commons.util.ReflectionUtils.invokeMethod(ReflectionUtils.java:686)
		at org.junit.jupiter.engine.execution.MethodInvocation.proceed(MethodInvocation.java:60)
		at org.junit.jupiter.engine.execution.InvocationInterceptorChain$ValidatingInvocation.proceed(InvocationInterceptorChain.java:131)
		at org.junit.jupiter.engine.extension.TimeoutExtension.intercept(TimeoutExtension.java:149)
		at org.junit.jupiter.engine.extension.TimeoutExtension.interceptLifecycleMethod(TimeoutExtension.java:126)
		at org.junit.jupiter.engine.extension.TimeoutExtension.interceptAfterEachMethod(TimeoutExtension.java:108)
		at org.junit.jupiter.engine.descriptor.ClassBasedTestDescriptor$$Lambda$363/2003891312.apply(Unknown Source)
		at org.junit.jupiter.engine.execution.ExecutableInvoker$ReflectiveInterceptorCall.lambda$ofVoidMethod$0(ExecutableInvoker.java:115)
		at org.junit.jupiter.engine.execution.ExecutableInvoker$ReflectiveInterceptorCall$$Lambda$230/315860201.apply(Unknown Source)
		at org.junit.jupiter.engine.execution.ExecutableInvoker.lambda$invoke$0(ExecutableInvoker.java:105)
		at org.junit.jupiter.engine.execution.ExecutableInvoker$$Lambda$231/720167805.apply(Unknown Source)
		at org.junit.jupiter.engine.execution.InvocationInterceptorChain$InterceptedInvocation.proceed(InvocationInterceptorChain.java:106)
		at org.junit.jupiter.engine.execution.InvocationInterceptorChain.proceed(InvocationInterceptorChain.java:64)
		at org.junit.jupiter.engine.execution.InvocationInterceptorChain.chainAndInvoke(InvocationInterceptorChain.java:45)
		at org.junit.jupiter.engine.execution.InvocationInterceptorChain.invoke(InvocationInterceptorChain.java:37)
		at org.junit.jupiter.engine.execution.ExecutableInvoker.invoke(ExecutableInvoker.java:104)
		at org.junit.jupiter.engine.execution.ExecutableInvoker.invoke(ExecutableInvoker.java:98)
		at org.junit.jupiter.engine.descriptor.ClassBasedTestDescriptor.invokeMethodInExtensionContext(ClassBasedTestDescriptor.java:481)
		at org.junit.jupiter.engine.descriptor.ClassBasedTestDescriptor.lambda$synthesizeAfterEachMethodAdapter$19(ClassBasedTestDescriptor.java:471)
		at org.junit.jupiter.engine.descriptor.ClassBasedTestDescriptor$$Lambda$206/1371006431.invokeAfterEachMethod(Unknown Source)
		at org.junit.jupiter.engine.descriptor.TestMethodTestDescriptor.lambda$invokeAfterEachMethods$9(TestMethodTestDescriptor.java:238)
		at org.junit.jupiter.engine.descriptor.TestMethodTestDescriptor$$Lambda$362/221634215.invoke(Unknown Source)
		at org.junit.jupiter.engine.descriptor.TestMethodTestDescriptor.lambda$invokeAllAfterMethodsOrCallbacks$12(TestMethodTestDescriptor.java:271)
		at org.junit.jupiter.engine.descriptor.TestMethodTestDescriptor$$Lambda$361/664792509.execute(Unknown Source)
		at org.junit.platform.engine.support.hierarchical.ThrowableCollector.execute(ThrowableCollector.java:73)
		at org.junit.jupiter.engine.descriptor.TestMethodTestDescriptor.lambda$invokeAllAfterMethodsOrCallbacks$13(TestMethodTestDescriptor.java:271)
		at org.junit.jupiter.engine.descriptor.TestMethodTestDescriptor$$Lambda$360/1965237677.accept(Unknown Source)
		at java.util.ArrayList.forEach(ArrayList.java:1249)
		at org.junit.jupiter.engine.descriptor.TestMethodTestDescriptor.invokeAllAfterMethodsOrCallbacks(TestMethodTestDescriptor.java:270)
		at org.junit.jupiter.engine.descriptor.TestMethodTestDescriptor.invokeAfterEachMethods(TestMethodTestDescriptor.java:236)
		at org.junit.jupiter.engine.descriptor.TestMethodTestDescriptor.execute(TestMethodTestDescriptor.java:141)
		at org.junit.jupiter.engine.descriptor.TestMethodTestDescriptor.execute(TestMethodTestDescriptor.java:71)
		at org.junit.platform.engine.support.hierarchical.NodeTestTask.lambda$executeRecursively$5(NodeTestTask.java:135)
		at org.junit.platform.engine.support.hierarchical.NodeTestTask$$Lambda$176/1239548589.execute(Unknown Source)
		at org.junit.platform.engine.support.hierarchical.ThrowableCollector.execute(ThrowableCollector.java:73)
		at org.junit.platform.engine.support.hierarchical.NodeTestTask.lambda$executeRecursively$7(NodeTestTask.java:125)
		at org.junit.platform.engine.support.hierarchical.NodeTestTask$$Lambda$175/1634132079.invoke(Unknown Source)
		at org.junit.platform.engine.support.hierarchical.Node.around(Node.java:135)
		at org.junit.platform.engine.support.hierarchical.NodeTestTask.lambda$executeRecursively$8(NodeTestTask.java:123)
		at org.junit.platform.engine.support.hierarchical.NodeTestTask$$Lambda$174/112619572.execute(Unknown Source)
		at org.junit.platform.engine.support.hierarchical.ThrowableCollector.execute(ThrowableCollector.java:73)
		at org.junit.platform.engine.support.hierarchical.NodeTestTask.executeRecursively(NodeTestTask.java:122)
		at org.junit.platform.engine.support.hierarchical.NodeTestTask.execute(NodeTestTask.java:80)
		at org.junit.platform.engine.support.hierarchical.SameThreadHierarchicalTestExecutorService.submit(SameThreadHierarchicalTestExecutorService.java:32)
		at org.junit.platform.engine.support.hierarchical.NodeTestTask$DefaultDynamicTestExecutor.execute(NodeTestTask.java:198)
		at org.junit.jupiter.engine.descriptor.TestTemplateTestDescriptor.execute(TestTemplateTestDescriptor.java:138)
		at org.junit.jupiter.engine.descriptor.TestTemplateTestDescriptor.lambda$execute$2(TestTemplateTestDescriptor.java:106)
		at org.junit.jupiter.engine.descriptor.TestTemplateTestDescriptor$$Lambda$252/1846406218.accept(Unknown Source)
		at java.util.stream.ForEachOps$ForEachOp$OfRef.accept(ForEachOps.java:183)
		at java.util.stream.ReferencePipeline$3$1.accept(ReferencePipeline.java:193)
		at java.util.stream.ReferencePipeline$2$1.accept(ReferencePipeline.java:175)
		at java.util.stream.ReferencePipeline$3$1.accept(ReferencePipeline.java:193)
		at java.util.stream.ForEachOps$ForEachOp$OfRef.accept(ForEachOps.java:183)
		at java.util.stream.ReferencePipeline$11$1.accept(ReferencePipeline.java:373)
		at java.util.stream.ReferencePipeline$3$1.accept(ReferencePipeline.java:193)
		at java.util.stream.ReferencePipeline$3$1.accept(ReferencePipeline.java:193)
		at java.util.stream.ReferencePipeline$3$1.accept(ReferencePipeline.java:193)
		at java.util.stream.ForEachOps$ForEachOp$OfRef.accept(ForEachOps.java:183)
		at java.util.stream.ReferencePipeline$3$1.accept(ReferencePipeline.java:193)
		at java.util.Spliterators$ArraySpliterator.forEachRemaining(Spliterators.java:948)
		at java.util.stream.ReferencePipeline$Head.forEach(ReferencePipeline.java:580)
		at java.util.stream.ReferencePipeline$7$1.accept(ReferencePipeline.java:270)
		at java.util.stream.ReferencePipeline$3$1.accept(ReferencePipeline.java:193)
		at java.util.stream.ReferencePipeline$3$1.accept(ReferencePipeline.java:193)
		at java.util.Spliterators$ArraySpliterator.forEachRemaining(Spliterators.java:948)
		at java.util.stream.AbstractPipeline.copyInto(AbstractPipeline.java:512)
		at java.util.stream.AbstractPipeline.wrapAndCopyInto(AbstractPipeline.java:502)
		at java.util.stream.ForEachOps$ForEachOp.evaluateSequential(ForEachOps.java:150)
		at java.util.stream.ForEachOps$ForEachOp$OfRef.evaluateSequential(ForEachOps.java:173)
		at java.util.stream.AbstractPipeline.evaluate(AbstractPipeline.java:234)
		at java.util.stream.ReferencePipeline.forEach(ReferencePipeline.java:418)
		at java.util.stream.ReferencePipeline$7$1.accept(ReferencePipeline.java:270)
		at java.util.stream.ReferencePipeline$3$1.accept(ReferencePipeline.java:193)
		at java.util.stream.ReferencePipeline$3$1.accept(ReferencePipeline.java:193)
		at java.util.stream.ReferencePipeline$3$1.accept(ReferencePipeline.java:193)
		at java.util.ArrayList$ArrayListSpliterator.forEachRemaining(ArrayList.java:1374)
		at java.util.stream.AbstractPipeline.copyInto(AbstractPipeline.java:512)
		at java.util.stream.AbstractPipeline.wrapAndCopyInto(AbstractPipeline.java:502)
		at java.util.stream.ForEachOps$ForEachOp.evaluateSequential(ForEachOps.java:150)
		at java.util.stream.ForEachOps$ForEachOp$OfRef.evaluateSequential(ForEachOps.java:173)
		at java.util.stream.AbstractPipeline.evaluate(AbstractPipeline.java:234)
		at java.util.stream.ReferencePipeline.forEach(ReferencePipeline.java:418)
		at java.util.stream.ReferencePipeline$7$1.accept(ReferencePipeline.java:270)
		at java.util.ArrayList$ArrayListSpliterator.forEachRemaining(ArrayList.java:1374)
		at java.util.stream.AbstractPipeline.copyInto(AbstractPipeline.java:512)
		at java.util.stream.AbstractPipeline.wrapAndCopyInto(AbstractPipeline.java:502)
		at java.util.stream.ForEachOps$ForEachOp.evaluateSequential(ForEachOps.java:150)
		at java.util.stream.ForEachOps$ForEachOp$OfRef.evaluateSequential(ForEachOps.java:173)
		at java.util.stream.AbstractPipeline.evaluate(AbstractPipeline.java:234)
		at java.util.stream.ReferencePipeline.forEach(ReferencePipeline.java:418)
		at org.junit.jupiter.engine.descriptor.TestTemplateTestDescriptor.execute(TestTemplateTestDescriptor.java:106)
		at org.junit.jupiter.engine.descriptor.TestTemplateTestDescriptor.execute(TestTemplateTestDescriptor.java:41)
		at org.junit.platform.engine.support.hierarchical.NodeTestTask.lambda$executeRecursively$5(NodeTestTask.java:135)
		at org.junit.platform.engine.support.hierarchical.NodeTestTask$$Lambda$176/1239548589.execute(Unknown Source)
		at org.junit.platform.engine.support.hierarchical.ThrowableCollector.execute(ThrowableCollector.java:73)
		at org.junit.platform.engine.support.hierarchical.NodeTestTask.lambda$executeRecursively$7(NodeTestTask.java:125)
		at org.junit.platform.engine.support.hierarchical.NodeTestTask$$Lambda$175/1634132079.invoke(Unknown Source)
		at org.junit.platform.engine.support.hierarchical.Node.around(Node.java:135)
		at org.junit.platform.engine.support.hierarchical.NodeTestTask.lambda$executeRecursively$8(NodeTestTask.java:123)
		at org.junit.platform.engine.support.hierarchical.NodeTestTask$$Lambda$174/112619572.execute(Unknown Source)
		at org.junit.platform.engine.support.hierarchical.ThrowableCollector.execute(ThrowableCollector.java:73)
		at org.junit.platform.engine.support.hierarchical.NodeTestTask.executeRecursively(NodeTestTask.java:122)
		at org.junit.platform.engine.support.hierarchical.NodeTestTask.execute(NodeTestTask.java:80)
		at org.junit.platform.engine.support.hierarchical.SameThreadHierarchicalTestExecutorService$$Lambda$180/667346055.accept(Unknown Source)
		at java.util.ArrayList.forEach(ArrayList.java:1249)
		at org.junit.platform.engine.support.hierarchical.SameThreadHierarchicalTestExecutorService.invokeAll(SameThreadHierarchicalTestExecutorService.java:38)
		at org.junit.platform.engine.support.hierarchical.NodeTestTask.lambda$executeRecursively$5(NodeTestTask.java:139)
		at org.junit.platform.engine.support.hierarchical.NodeTestTask$$Lambda$176/1239548589.execute(Unknown Source)
		at org.junit.platform.engine.support.hierarchical.ThrowableCollector.execute(ThrowableCollector.java:73)
		at org.junit.platform.engine.support.hierarchical.NodeTestTask.lambda$executeRecursively$7(NodeTestTask.java:125)
		at org.junit.platform.engine.support.hierarchical.NodeTestTask$$Lambda$175/1634132079.invoke(Unknown Source)
		at org.junit.platform.engine.support.hierarchical.Node.around(Node.java:135)
		at org.junit.platform.engine.support.hierarchical.NodeTestTask.lambda$executeRecursively$8(NodeTestTask.java:123)
		at org.junit.platform.engine.support.hierarchical.NodeTestTask$$Lambda$174/112619572.execute(Unknown Source)
		at org.junit.platform.engine.support.hierarchical.ThrowableCollector.execute(ThrowableCollector.java:73)
		at org.junit.platform.engine.support.hierarchical.NodeTestTask.executeRecursively(NodeTestTask.java:122)
		at org.junit.platform.engine.support.hierarchical.NodeTestTask.execute(NodeTestTask.java:80)
		at org.junit.platform.engine.support.hierarchical.SameThreadHierarchicalTestExecutorService$$Lambda$180/667346055.accept(Unknown Source)
		at java.util.ArrayList.forEach(ArrayList.java:1249)
		at org.junit.platform.engine.support.hierarchical.SameThreadHierarchicalTestExecutorService.invokeAll(SameThreadHierarchicalTestExecutorService.java:38)
		at org.junit.platform.engine.support.hierarchical.NodeTestTask.lambda$executeRecursively$5(NodeTestTask.java:139)
		at org.junit.platform.engine.support.hierarchical.NodeTestTask$$Lambda$176/1239548589.execute(Unknown Source)
		at org.junit.platform.engine.support.hierarchical.ThrowableCollector.execute(ThrowableCollector.java:73)
		at org.junit.platform.engine.support.hierarchical.NodeTestTask.lambda$executeRecursively$7(NodeTestTask.java:125)
		at org.junit.platform.engine.support.hierarchical.NodeTestTask$$Lambda$175/1634132079.invoke(Unknown Source)
		at org.junit.platform.engine.support.hierarchical.Node.around(Node.java:135)
		at org.junit.platform.engine.support.hierarchical.NodeTestTask.lambda$executeRecursively$8(NodeTestTask.java:123)
		at org.junit.platform.engine.support.hierarchical.NodeTestTask$$Lambda$174/112619572.execute(Unknown Source)
		at org.junit.platform.engine.support.hierarchical.ThrowableCollector.execute(ThrowableCollector.java:73)
		at org.junit.platform.engine.support.hierarchical.NodeTestTask.executeRecursively(NodeTestTask.java:122)
		at org.junit.platform.engine.support.hierarchical.NodeTestTask.execute(NodeTestTask.java:80)
		at org.junit.platform.engine.support.hierarchical.SameThreadHierarchicalTestExecutorService.submit(SameThreadHierarchicalTestExecutorService.java:32)
		at org.junit.platform.engine.support.hierarchical.HierarchicalTestExecutor.execute(HierarchicalTestExecutor.java:57)
		at org.junit.platform.engine.support.hierarchical.HierarchicalTestEngine.execute(HierarchicalTestEngine.java:51)
		at org.junit.platform.launcher.core.DefaultLauncher.execute(DefaultLauncher.java:248)
		at org.junit.platform.launcher.core.DefaultLauncher.lambda$execute$5(DefaultLauncher.java:211)
		at org.junit.platform.launcher.core.DefaultLauncher$$Lambda$140/1414147750.accept(Unknown Source)
		at org.junit.platform.launcher.core.DefaultLauncher.withInterceptedStreams(DefaultLauncher.java:226)
		at org.junit.platform.launcher.core.DefaultLauncher.execute(DefaultLauncher.java:199)
		at org.junit.platform.launcher.core.DefaultLauncher.execute(DefaultLauncher.java:132)
		at org.apache.maven.surefire.junitplatform.JUnitPlatformProvider.invokeAllTests(JUnitPlatformProvider.java:142)
		at org.apache.maven.surefire.junitplatform.JUnitPlatformProvider.invoke(JUnitPlatformProvider.java:113)
		at org.apache.maven.surefire.booter.ForkedBooter.invokeProviderInSameClassLoader(ForkedBooter.java:384)
		at org.apache.maven.surefire.booter.ForkedBooter.runSuitesInProcess(ForkedBooter.java:345)
		at org.apache.maven.surefire.booter.ForkedBooter.execute(ForkedBooter.java:126)
		at org.apache.maven.surefire.booter.ForkedBooter.main(ForkedBooter.java:418)
]]></error>
    <system-out><![CDATA[2021-11-08 11:10:49,712 [myid:] - INFO  [main:PortAssignment@87] - Assigned port 24879 from range 24686 - 27378.
2021-11-08 11:10:49,712 [myid:] - INFO  [main:ZKTestCase@77] - STARTING Optional[public void org.apache.zookeeper.server.quorum.QuorumRequestPipelineTest.testSetAndGetChildren2(org.apache.zookeeper.server.quorum.QuorumPeer$ServerState) throws java.lang.Exception]
2021-11-08 11:10:49,713 [myid:] - INFO  [main:QuorumBase@81] - QuorumBase.setup null
2021-11-08 11:10:49,713 [myid:] - INFO  [main:JMXEnv@58] - connecting to addr service:jmx:rmi://127.0.0.1/stub/rO0ABXNyAC5qYXZheC5tYW5hZ2VtZW50LnJlbW90ZS5ybWkuUk1JU2VydmVySW1wbF9TdHViAAAAAAAAAAICAAB4cgAaamF2YS5ybWkuc2VydmVyLlJlbW90ZVN0dWLp/tzJi+FlGgIAAHhyABxqYXZhLnJtaS5zZXJ2ZXIuUmVtb3RlT2JqZWN002G0kQxhMx4DAAB4cHc6AAtVbmljYXN0UmVmMgAADzE2OS4yNTQuMTU2LjIzMQAACXmaL9p+N18pEmrMPREAAAF8/YbC74BKAHg=
2021-11-08 11:10:49,716 [myid:] - INFO  [main:PortAssignment@87] - Assigned port 24880 from range 24686 - 27378.
2021-11-08 11:10:49,716 [myid:] - INFO  [main:PortAssignment@87] - Assigned port 24881 from range 24686 - 27378.
2021-11-08 11:10:49,717 [myid:] - INFO  [main:PortAssignment@87] - Assigned port 24882 from range 24686 - 27378.
2021-11-08 11:10:49,717 [myid:] - INFO  [main:PortAssignment@87] - Assigned port 24883 from range 24686 - 27378.
2021-11-08 11:10:49,717 [myid:] - INFO  [main:PortAssignment@87] - Assigned port 24884 from range 24686 - 27378.
2021-11-08 11:10:49,717 [myid:] - INFO  [main:PortAssignment@87] - Assigned port 24885 from range 24686 - 27378.
2021-11-08 11:10:49,718 [myid:] - INFO  [main:PortAssignment@87] - Assigned port 24886 from range 24686 - 27378.
2021-11-08 11:10:49,718 [myid:] - INFO  [main:PortAssignment@87] - Assigned port 24887 from range 24686 - 27378.
2021-11-08 11:10:49,718 [myid:] - INFO  [main:PortAssignment@87] - Assigned port 24888 from range 24686 - 27378.
2021-11-08 11:10:49,719 [myid:] - INFO  [main:PortAssignment@87] - Assigned port 24889 from range 24686 - 27378.
2021-11-08 11:10:49,719 [myid:] - INFO  [main:PortAssignment@87] - Assigned port 24890 from range 24686 - 27378.
2021-11-08 11:10:49,719 [myid:] - INFO  [main:PortAssignment@87] - Assigned port 24891 from range 24686 - 27378.
2021-11-08 11:10:49,720 [myid:] - INFO  [main:PortAssignment@87] - Assigned port 24892 from range 24686 - 27378.
2021-11-08 11:10:49,720 [myid:] - INFO  [main:PortAssignment@87] - Assigned port 24893 from range 24686 - 27378.
2021-11-08 11:10:49,720 [myid:] - INFO  [main:PortAssignment@87] - Assigned port 24894 from range 24686 - 27378.
2021-11-08 11:10:49,721 [myid:] - INFO  [main:QuorumBase@116] - Ports are: 127.0.0.1:24890,127.0.0.1:24891,127.0.0.1:24892,127.0.0.1:24893,127.0.0.1:24894
2021-11-08 11:10:49,725 [myid:] - INFO  [main:QuorumBase@155] - creating QuorumPeer 1 port 24890
2021-11-08 11:10:49,725 [myid:] - INFO  [main:ServerCnxnFactory@169] - Using org.apache.zookeeper.server.NIOServerCnxnFactory as server connection factory
2021-11-08 11:10:49,726 [myid:] - WARN  [main:ServerCnxnFactory@309] - maxCnxns is not configured, using default value 0.
2021-11-08 11:10:49,726 [myid:] - INFO  [main:NIOServerCnxnFactory@652] - Configuring NIO connection handler with 10s sessionless connection timeout, 1 selector thread(s), 12 worker threads, and 64 kB direct buffers.
2021-11-08 11:10:49,727 [myid:] - INFO  [main:NIOServerCnxnFactory@660] - binding to port /127.0.0.1:24890
2021-11-08 11:10:49,728 [myid:] - INFO  [main:FileTxnSnapLog@124] - zookeeper.snapshot.trust.empty : false
2021-11-08 11:10:49,729 [myid:] - INFO  [main:ZKTestCase@82] - FINISHED Optional[public void org.apache.zookeeper.server.quorum.QuorumRequestPipelineTest.testSetAndGetChildren2(org.apache.zookeeper.server.quorum.QuorumPeer$ServerState) throws java.lang.Exception]
]]></system-out>
  </testcase>
  <testcase name="testSetAndGetChildren2{ServerState}[2]" classname="org.apache.zookeeper.server.quorum.QuorumRequestPipelineTest" time="0.018">
    <error message="org/apache/zookeeper/ZooDefs$Ids" type="java.lang.NoClassDefFoundError"><![CDATA[java.lang.NoClassDefFoundError: org/apache/zookeeper/ZooDefs$Ids
	at org.apache.zookeeper.server.DataTree.addConfigNode(DataTree.java:327)
	at org.apache.zookeeper.server.DataTree.<init>(DataTree.java:300)
	at org.apache.zookeeper.server.DataTree.<init>(DataTree.java:282)
	at org.apache.zookeeper.server.ZKDatabase.createDataTree(ZKDatabase.java:727)
	at org.apache.zookeeper.server.ZKDatabase.<init>(ZKDatabase.java:110)
	at org.apache.zookeeper.server.quorum.QuorumPeer.<init>(QuorumPeer.java:1098)
	at org.apache.zookeeper.server.quorum.QuorumPeer.<init>(QuorumPeer.java:1242)
	at org.apache.zookeeper.test.QuorumBase.startServers(QuorumBase.java:156)
	at org.apache.zookeeper.test.QuorumBase.setUp(QuorumBase.java:124)
	at org.apache.zookeeper.server.quorum.QuorumRequestPipelineTest.setUp(QuorumRequestPipelineTest.java:72)
	at org.apache.zookeeper.server.quorum.QuorumRequestPipelineTest.testSetAndGetChildren2(QuorumRequestPipelineTest.java:156)
	Suppressed: java.lang.NullPointerException
		at org.apache.zookeeper.server.quorum.QuorumRequestPipelineTest.tearDown(QuorumRequestPipelineTest.java:80)
		at sun.reflect.NativeMethodAccessorImpl.invoke0(Native Method)
		at sun.reflect.NativeMethodAccessorImpl.invoke(NativeMethodAccessorImpl.java:62)
		at sun.reflect.DelegatingMethodAccessorImpl.invoke(DelegatingMethodAccessorImpl.java:43)
		at java.lang.reflect.Method.invoke(Method.java:483)
		at org.junit.platform.commons.util.ReflectionUtils.invokeMethod(ReflectionUtils.java:686)
		at org.junit.jupiter.engine.execution.MethodInvocation.proceed(MethodInvocation.java:60)
		at org.junit.jupiter.engine.execution.InvocationInterceptorChain$ValidatingInvocation.proceed(InvocationInterceptorChain.java:131)
		at org.junit.jupiter.engine.extension.TimeoutExtension.intercept(TimeoutExtension.java:149)
		at org.junit.jupiter.engine.extension.TimeoutExtension.interceptLifecycleMethod(TimeoutExtension.java:126)
		at org.junit.jupiter.engine.extension.TimeoutExtension.interceptAfterEachMethod(TimeoutExtension.java:108)
		at org.junit.jupiter.engine.descriptor.ClassBasedTestDescriptor$$Lambda$363/2003891312.apply(Unknown Source)
		at org.junit.jupiter.engine.execution.ExecutableInvoker$ReflectiveInterceptorCall.lambda$ofVoidMethod$0(ExecutableInvoker.java:115)
		at org.junit.jupiter.engine.execution.ExecutableInvoker$ReflectiveInterceptorCall$$Lambda$230/315860201.apply(Unknown Source)
		at org.junit.jupiter.engine.execution.ExecutableInvoker.lambda$invoke$0(ExecutableInvoker.java:105)
		at org.junit.jupiter.engine.execution.ExecutableInvoker$$Lambda$231/720167805.apply(Unknown Source)
		at org.junit.jupiter.engine.execution.InvocationInterceptorChain$InterceptedInvocation.proceed(InvocationInterceptorChain.java:106)
		at org.junit.jupiter.engine.execution.InvocationInterceptorChain.proceed(InvocationInterceptorChain.java:64)
		at org.junit.jupiter.engine.execution.InvocationInterceptorChain.chainAndInvoke(InvocationInterceptorChain.java:45)
		at org.junit.jupiter.engine.execution.InvocationInterceptorChain.invoke(InvocationInterceptorChain.java:37)
		at org.junit.jupiter.engine.execution.ExecutableInvoker.invoke(ExecutableInvoker.java:104)
		at org.junit.jupiter.engine.execution.ExecutableInvoker.invoke(ExecutableInvoker.java:98)
		at org.junit.jupiter.engine.descriptor.ClassBasedTestDescriptor.invokeMethodInExtensionContext(ClassBasedTestDescriptor.java:481)
		at org.junit.jupiter.engine.descriptor.ClassBasedTestDescriptor.lambda$synthesizeAfterEachMethodAdapter$19(ClassBasedTestDescriptor.java:471)
		at org.junit.jupiter.engine.descriptor.ClassBasedTestDescriptor$$Lambda$206/1371006431.invokeAfterEachMethod(Unknown Source)
		at org.junit.jupiter.engine.descriptor.TestMethodTestDescriptor.lambda$invokeAfterEachMethods$9(TestMethodTestDescriptor.java:238)
		at org.junit.jupiter.engine.descriptor.TestMethodTestDescriptor$$Lambda$362/221634215.invoke(Unknown Source)
		at org.junit.jupiter.engine.descriptor.TestMethodTestDescriptor.lambda$invokeAllAfterMethodsOrCallbacks$12(TestMethodTestDescriptor.java:271)
		at org.junit.jupiter.engine.descriptor.TestMethodTestDescriptor$$Lambda$361/664792509.execute(Unknown Source)
		at org.junit.platform.engine.support.hierarchical.ThrowableCollector.execute(ThrowableCollector.java:73)
		at org.junit.jupiter.engine.descriptor.TestMethodTestDescriptor.lambda$invokeAllAfterMethodsOrCallbacks$13(TestMethodTestDescriptor.java:271)
		at org.junit.jupiter.engine.descriptor.TestMethodTestDescriptor$$Lambda$360/1965237677.accept(Unknown Source)
		at java.util.ArrayList.forEach(ArrayList.java:1249)
		at org.junit.jupiter.engine.descriptor.TestMethodTestDescriptor.invokeAllAfterMethodsOrCallbacks(TestMethodTestDescriptor.java:270)
		at org.junit.jupiter.engine.descriptor.TestMethodTestDescriptor.invokeAfterEachMethods(TestMethodTestDescriptor.java:236)
		at org.junit.jupiter.engine.descriptor.TestMethodTestDescriptor.execute(TestMethodTestDescriptor.java:141)
		at org.junit.jupiter.engine.descriptor.TestMethodTestDescriptor.execute(TestMethodTestDescriptor.java:71)
		at org.junit.platform.engine.support.hierarchical.NodeTestTask.lambda$executeRecursively$5(NodeTestTask.java:135)
		at org.junit.platform.engine.support.hierarchical.NodeTestTask$$Lambda$176/1239548589.execute(Unknown Source)
		at org.junit.platform.engine.support.hierarchical.ThrowableCollector.execute(ThrowableCollector.java:73)
		at org.junit.platform.engine.support.hierarchical.NodeTestTask.lambda$executeRecursively$7(NodeTestTask.java:125)
		at org.junit.platform.engine.support.hierarchical.NodeTestTask$$Lambda$175/1634132079.invoke(Unknown Source)
		at org.junit.platform.engine.support.hierarchical.Node.around(Node.java:135)
		at org.junit.platform.engine.support.hierarchical.NodeTestTask.lambda$executeRecursively$8(NodeTestTask.java:123)
		at org.junit.platform.engine.support.hierarchical.NodeTestTask$$Lambda$174/112619572.execute(Unknown Source)
		at org.junit.platform.engine.support.hierarchical.ThrowableCollector.execute(ThrowableCollector.java:73)
		at org.junit.platform.engine.support.hierarchical.NodeTestTask.executeRecursively(NodeTestTask.java:122)
		at org.junit.platform.engine.support.hierarchical.NodeTestTask.execute(NodeTestTask.java:80)
		at org.junit.platform.engine.support.hierarchical.SameThreadHierarchicalTestExecutorService.submit(SameThreadHierarchicalTestExecutorService.java:32)
		at org.junit.platform.engine.support.hierarchical.NodeTestTask$DefaultDynamicTestExecutor.execute(NodeTestTask.java:198)
		at org.junit.jupiter.engine.descriptor.TestTemplateTestDescriptor.execute(TestTemplateTestDescriptor.java:138)
		at org.junit.jupiter.engine.descriptor.TestTemplateTestDescriptor.lambda$execute$2(TestTemplateTestDescriptor.java:106)
		at org.junit.jupiter.engine.descriptor.TestTemplateTestDescriptor$$Lambda$252/1846406218.accept(Unknown Source)
		at java.util.stream.ForEachOps$ForEachOp$OfRef.accept(ForEachOps.java:183)
		at java.util.stream.ReferencePipeline$3$1.accept(ReferencePipeline.java:193)
		at java.util.stream.ReferencePipeline$2$1.accept(ReferencePipeline.java:175)
		at java.util.stream.ReferencePipeline$3$1.accept(ReferencePipeline.java:193)
		at java.util.stream.ForEachOps$ForEachOp$OfRef.accept(ForEachOps.java:183)
		at java.util.stream.ReferencePipeline$11$1.accept(ReferencePipeline.java:373)
		at java.util.stream.ReferencePipeline$3$1.accept(ReferencePipeline.java:193)
		at java.util.stream.ReferencePipeline$3$1.accept(ReferencePipeline.java:193)
		at java.util.stream.ReferencePipeline$3$1.accept(ReferencePipeline.java:193)
		at java.util.stream.ForEachOps$ForEachOp$OfRef.accept(ForEachOps.java:183)
		at java.util.stream.ReferencePipeline$3$1.accept(ReferencePipeline.java:193)
		at java.util.Spliterators$ArraySpliterator.forEachRemaining(Spliterators.java:948)
		at java.util.stream.ReferencePipeline$Head.forEach(ReferencePipeline.java:580)
		at java.util.stream.ReferencePipeline$7$1.accept(ReferencePipeline.java:270)
		at java.util.stream.ReferencePipeline$3$1.accept(ReferencePipeline.java:193)
		at java.util.stream.ReferencePipeline$3$1.accept(ReferencePipeline.java:193)
		at java.util.Spliterators$ArraySpliterator.forEachRemaining(Spliterators.java:948)
		at java.util.stream.AbstractPipeline.copyInto(AbstractPipeline.java:512)
		at java.util.stream.AbstractPipeline.wrapAndCopyInto(AbstractPipeline.java:502)
		at java.util.stream.ForEachOps$ForEachOp.evaluateSequential(ForEachOps.java:150)
		at java.util.stream.ForEachOps$ForEachOp$OfRef.evaluateSequential(ForEachOps.java:173)
		at java.util.stream.AbstractPipeline.evaluate(AbstractPipeline.java:234)
		at java.util.stream.ReferencePipeline.forEach(ReferencePipeline.java:418)
		at java.util.stream.ReferencePipeline$7$1.accept(ReferencePipeline.java:270)
		at java.util.stream.ReferencePipeline$3$1.accept(ReferencePipeline.java:193)
		at java.util.stream.ReferencePipeline$3$1.accept(ReferencePipeline.java:193)
		at java.util.stream.ReferencePipeline$3$1.accept(ReferencePipeline.java:193)
		at java.util.ArrayList$ArrayListSpliterator.forEachRemaining(ArrayList.java:1374)
		at java.util.stream.AbstractPipeline.copyInto(AbstractPipeline.java:512)
		at java.util.stream.AbstractPipeline.wrapAndCopyInto(AbstractPipeline.java:502)
		at java.util.stream.ForEachOps$ForEachOp.evaluateSequential(ForEachOps.java:150)
		at java.util.stream.ForEachOps$ForEachOp$OfRef.evaluateSequential(ForEachOps.java:173)
		at java.util.stream.AbstractPipeline.evaluate(AbstractPipeline.java:234)
		at java.util.stream.ReferencePipeline.forEach(ReferencePipeline.java:418)
		at java.util.stream.ReferencePipeline$7$1.accept(ReferencePipeline.java:270)
		at java.util.ArrayList$ArrayListSpliterator.forEachRemaining(ArrayList.java:1374)
		at java.util.stream.AbstractPipeline.copyInto(AbstractPipeline.java:512)
		at java.util.stream.AbstractPipeline.wrapAndCopyInto(AbstractPipeline.java:502)
		at java.util.stream.ForEachOps$ForEachOp.evaluateSequential(ForEachOps.java:150)
		at java.util.stream.ForEachOps$ForEachOp$OfRef.evaluateSequential(ForEachOps.java:173)
		at java.util.stream.AbstractPipeline.evaluate(AbstractPipeline.java:234)
		at java.util.stream.ReferencePipeline.forEach(ReferencePipeline.java:418)
		at org.junit.jupiter.engine.descriptor.TestTemplateTestDescriptor.execute(TestTemplateTestDescriptor.java:106)
		at org.junit.jupiter.engine.descriptor.TestTemplateTestDescriptor.execute(TestTemplateTestDescriptor.java:41)
		at org.junit.platform.engine.support.hierarchical.NodeTestTask.lambda$executeRecursively$5(NodeTestTask.java:135)
		at org.junit.platform.engine.support.hierarchical.NodeTestTask$$Lambda$176/1239548589.execute(Unknown Source)
		at org.junit.platform.engine.support.hierarchical.ThrowableCollector.execute(ThrowableCollector.java:73)
		at org.junit.platform.engine.support.hierarchical.NodeTestTask.lambda$executeRecursively$7(NodeTestTask.java:125)
		at org.junit.platform.engine.support.hierarchical.NodeTestTask$$Lambda$175/1634132079.invoke(Unknown Source)
		at org.junit.platform.engine.support.hierarchical.Node.around(Node.java:135)
		at org.junit.platform.engine.support.hierarchical.NodeTestTask.lambda$executeRecursively$8(NodeTestTask.java:123)
		at org.junit.platform.engine.support.hierarchical.NodeTestTask$$Lambda$174/112619572.execute(Unknown Source)
		at org.junit.platform.engine.support.hierarchical.ThrowableCollector.execute(ThrowableCollector.java:73)
		at org.junit.platform.engine.support.hierarchical.NodeTestTask.executeRecursively(NodeTestTask.java:122)
		at org.junit.platform.engine.support.hierarchical.NodeTestTask.execute(NodeTestTask.java:80)
		at org.junit.platform.engine.support.hierarchical.SameThreadHierarchicalTestExecutorService$$Lambda$180/667346055.accept(Unknown Source)
		at java.util.ArrayList.forEach(ArrayList.java:1249)
		at org.junit.platform.engine.support.hierarchical.SameThreadHierarchicalTestExecutorService.invokeAll(SameThreadHierarchicalTestExecutorService.java:38)
		at org.junit.platform.engine.support.hierarchical.NodeTestTask.lambda$executeRecursively$5(NodeTestTask.java:139)
		at org.junit.platform.engine.support.hierarchical.NodeTestTask$$Lambda$176/1239548589.execute(Unknown Source)
		at org.junit.platform.engine.support.hierarchical.ThrowableCollector.execute(ThrowableCollector.java:73)
		at org.junit.platform.engine.support.hierarchical.NodeTestTask.lambda$executeRecursively$7(NodeTestTask.java:125)
		at org.junit.platform.engine.support.hierarchical.NodeTestTask$$Lambda$175/1634132079.invoke(Unknown Source)
		at org.junit.platform.engine.support.hierarchical.Node.around(Node.java:135)
		at org.junit.platform.engine.support.hierarchical.NodeTestTask.lambda$executeRecursively$8(NodeTestTask.java:123)
		at org.junit.platform.engine.support.hierarchical.NodeTestTask$$Lambda$174/112619572.execute(Unknown Source)
		at org.junit.platform.engine.support.hierarchical.ThrowableCollector.execute(ThrowableCollector.java:73)
		at org.junit.platform.engine.support.hierarchical.NodeTestTask.executeRecursively(NodeTestTask.java:122)
		at org.junit.platform.engine.support.hierarchical.NodeTestTask.execute(NodeTestTask.java:80)
		at org.junit.platform.engine.support.hierarchical.SameThreadHierarchicalTestExecutorService$$Lambda$180/667346055.accept(Unknown Source)
		at java.util.ArrayList.forEach(ArrayList.java:1249)
		at org.junit.platform.engine.support.hierarchical.SameThreadHierarchicalTestExecutorService.invokeAll(SameThreadHierarchicalTestExecutorService.java:38)
		at org.junit.platform.engine.support.hierarchical.NodeTestTask.lambda$executeRecursively$5(NodeTestTask.java:139)
		at org.junit.platform.engine.support.hierarchical.NodeTestTask$$Lambda$176/1239548589.execute(Unknown Source)
		at org.junit.platform.engine.support.hierarchical.ThrowableCollector.execute(ThrowableCollector.java:73)
		at org.junit.platform.engine.support.hierarchical.NodeTestTask.lambda$executeRecursively$7(NodeTestTask.java:125)
		at org.junit.platform.engine.support.hierarchical.NodeTestTask$$Lambda$175/1634132079.invoke(Unknown Source)
		at org.junit.platform.engine.support.hierarchical.Node.around(Node.java:135)
		at org.junit.platform.engine.support.hierarchical.NodeTestTask.lambda$executeRecursively$8(NodeTestTask.java:123)
		at org.junit.platform.engine.support.hierarchical.NodeTestTask$$Lambda$174/112619572.execute(Unknown Source)
		at org.junit.platform.engine.support.hierarchical.ThrowableCollector.execute(ThrowableCollector.java:73)
		at org.junit.platform.engine.support.hierarchical.NodeTestTask.executeRecursively(NodeTestTask.java:122)
		at org.junit.platform.engine.support.hierarchical.NodeTestTask.execute(NodeTestTask.java:80)
		at org.junit.platform.engine.support.hierarchical.SameThreadHierarchicalTestExecutorService.submit(SameThreadHierarchicalTestExecutorService.java:32)
		at org.junit.platform.engine.support.hierarchical.HierarchicalTestExecutor.execute(HierarchicalTestExecutor.java:57)
		at org.junit.platform.engine.support.hierarchical.HierarchicalTestEngine.execute(HierarchicalTestEngine.java:51)
		at org.junit.platform.launcher.core.DefaultLauncher.execute(DefaultLauncher.java:248)
		at org.junit.platform.launcher.core.DefaultLauncher.lambda$execute$5(DefaultLauncher.java:211)
		at org.junit.platform.launcher.core.DefaultLauncher$$Lambda$140/1414147750.accept(Unknown Source)
		at org.junit.platform.launcher.core.DefaultLauncher.withInterceptedStreams(DefaultLauncher.java:226)
		at org.junit.platform.launcher.core.DefaultLauncher.execute(DefaultLauncher.java:199)
		at org.junit.platform.launcher.core.DefaultLauncher.execute(DefaultLauncher.java:132)
		at org.apache.maven.surefire.junitplatform.JUnitPlatformProvider.invokeAllTests(JUnitPlatformProvider.java:142)
		at org.apache.maven.surefire.junitplatform.JUnitPlatformProvider.invoke(JUnitPlatformProvider.java:113)
		at org.apache.maven.surefire.booter.ForkedBooter.invokeProviderInSameClassLoader(ForkedBooter.java:384)
		at org.apache.maven.surefire.booter.ForkedBooter.runSuitesInProcess(ForkedBooter.java:345)
		at org.apache.maven.surefire.booter.ForkedBooter.execute(ForkedBooter.java:126)
		at org.apache.maven.surefire.booter.ForkedBooter.main(ForkedBooter.java:418)
]]></error>
    <system-out><![CDATA[2021-11-08 11:10:49,731 [myid:] - INFO  [main:PortAssignment@87] - Assigned port 24895 from range 24686 - 27378.
2021-11-08 11:10:49,732 [myid:] - INFO  [main:ZKTestCase@77] - STARTING Optional[public void org.apache.zookeeper.server.quorum.QuorumRequestPipelineTest.testSetAndGetChildren2(org.apache.zookeeper.server.quorum.QuorumPeer$ServerState) throws java.lang.Exception]
2021-11-08 11:10:49,732 [myid:] - INFO  [main:QuorumBase@81] - QuorumBase.setup null
2021-11-08 11:10:49,733 [myid:] - INFO  [main:JMXEnv@58] - connecting to addr service:jmx:rmi://127.0.0.1/stub/rO0ABXNyAC5qYXZheC5tYW5hZ2VtZW50LnJlbW90ZS5ybWkuUk1JU2VydmVySW1wbF9TdHViAAAAAAAAAAICAAB4cgAaamF2YS5ybWkuc2VydmVyLlJlbW90ZVN0dWLp/tzJi+FlGgIAAHhyABxqYXZhLnJtaS5zZXJ2ZXIuUmVtb3RlT2JqZWN002G0kQxhMx4DAAB4cHc6AAtVbmljYXN0UmVmMgAADzE2OS4yNTQuMTU2LjIzMQAACXnx98L/giN122rMPREAAAF8/YbC74BQAHg=
2021-11-08 11:10:49,736 [myid:] - INFO  [main:PortAssignment@87] - Assigned port 24896 from range 24686 - 27378.
2021-11-08 11:10:49,736 [myid:] - INFO  [main:PortAssignment@87] - Assigned port 24897 from range 24686 - 27378.
2021-11-08 11:10:49,736 [myid:] - INFO  [main:PortAssignment@87] - Assigned port 24898 from range 24686 - 27378.
2021-11-08 11:10:49,737 [myid:] - INFO  [main:PortAssignment@87] - Assigned port 24899 from range 24686 - 27378.
2021-11-08 11:10:49,737 [myid:] - INFO  [main:PortAssignment@87] - Assigned port 24900 from range 24686 - 27378.
2021-11-08 11:10:49,738 [myid:] - INFO  [main:PortAssignment@87] - Assigned port 24901 from range 24686 - 27378.
2021-11-08 11:10:49,738 [myid:] - INFO  [main:PortAssignment@87] - Assigned port 24902 from range 24686 - 27378.
2021-11-08 11:10:49,738 [myid:] - INFO  [main:PortAssignment@87] - Assigned port 24903 from range 24686 - 27378.
2021-11-08 11:10:49,739 [myid:] - INFO  [main:PortAssignment@87] - Assigned port 24904 from range 24686 - 27378.
2021-11-08 11:10:49,739 [myid:] - INFO  [main:PortAssignment@87] - Assigned port 24905 from range 24686 - 27378.
2021-11-08 11:10:49,739 [myid:] - INFO  [main:PortAssignment@87] - Assigned port 24906 from range 24686 - 27378.
2021-11-08 11:10:49,740 [myid:] - INFO  [main:PortAssignment@87] - Assigned port 24907 from range 24686 - 27378.
2021-11-08 11:10:49,740 [myid:] - INFO  [main:PortAssignment@87] - Assigned port 24908 from range 24686 - 27378.
2021-11-08 11:10:49,740 [myid:] - INFO  [main:PortAssignment@87] - Assigned port 24909 from range 24686 - 27378.
2021-11-08 11:10:49,741 [myid:] - INFO  [main:PortAssignment@87] - Assigned port 24910 from range 24686 - 27378.
2021-11-08 11:10:49,741 [myid:] - INFO  [main:QuorumBase@116] - Ports are: 127.0.0.1:24906,127.0.0.1:24907,127.0.0.1:24908,127.0.0.1:24909,127.0.0.1:24910
2021-11-08 11:10:49,745 [myid:] - INFO  [main:QuorumBase@155] - creating QuorumPeer 1 port 24906
2021-11-08 11:10:49,745 [myid:] - INFO  [main:ServerCnxnFactory@169] - Using org.apache.zookeeper.server.NIOServerCnxnFactory as server connection factory
2021-11-08 11:10:49,745 [myid:] - WARN  [main:ServerCnxnFactory@309] - maxCnxns is not configured, using default value 0.
2021-11-08 11:10:49,745 [myid:] - INFO  [main:NIOServerCnxnFactory@652] - Configuring NIO connection handler with 10s sessionless connection timeout, 1 selector thread(s), 12 worker threads, and 64 kB direct buffers.
2021-11-08 11:10:49,746 [myid:] - INFO  [main:NIOServerCnxnFactory@660] - binding to port /127.0.0.1:24906
2021-11-08 11:10:49,747 [myid:] - INFO  [main:FileTxnSnapLog@124] - zookeeper.snapshot.trust.empty : false
2021-11-08 11:10:49,748 [myid:] - INFO  [main:ZKTestCase@82] - FINISHED Optional[public void org.apache.zookeeper.server.quorum.QuorumRequestPipelineTest.testSetAndGetChildren2(org.apache.zookeeper.server.quorum.QuorumPeer$ServerState) throws java.lang.Exception]
]]></system-out>
  </testcase>
  <testcase name="testSetAndGetChildren2{ServerState}[3]" classname="org.apache.zookeeper.server.quorum.QuorumRequestPipelineTest" time="0.018">
    <error message="org/apache/zookeeper/ZooDefs$Ids" type="java.lang.NoClassDefFoundError"><![CDATA[java.lang.NoClassDefFoundError: org/apache/zookeeper/ZooDefs$Ids
	at org.apache.zookeeper.server.DataTree.addConfigNode(DataTree.java:327)
	at org.apache.zookeeper.server.DataTree.<init>(DataTree.java:300)
	at org.apache.zookeeper.server.DataTree.<init>(DataTree.java:282)
	at org.apache.zookeeper.server.ZKDatabase.createDataTree(ZKDatabase.java:727)
	at org.apache.zookeeper.server.ZKDatabase.<init>(ZKDatabase.java:110)
	at org.apache.zookeeper.server.quorum.QuorumPeer.<init>(QuorumPeer.java:1098)
	at org.apache.zookeeper.server.quorum.QuorumPeer.<init>(QuorumPeer.java:1242)
	at org.apache.zookeeper.test.QuorumBase.startServers(QuorumBase.java:156)
	at org.apache.zookeeper.test.QuorumBase.setUp(QuorumBase.java:124)
	at org.apache.zookeeper.server.quorum.QuorumRequestPipelineTest.setUp(QuorumRequestPipelineTest.java:72)
	at org.apache.zookeeper.server.quorum.QuorumRequestPipelineTest.testSetAndGetChildren2(QuorumRequestPipelineTest.java:156)
	Suppressed: java.lang.NullPointerException
		at org.apache.zookeeper.server.quorum.QuorumRequestPipelineTest.tearDown(QuorumRequestPipelineTest.java:80)
		at sun.reflect.NativeMethodAccessorImpl.invoke0(Native Method)
		at sun.reflect.NativeMethodAccessorImpl.invoke(NativeMethodAccessorImpl.java:62)
		at sun.reflect.DelegatingMethodAccessorImpl.invoke(DelegatingMethodAccessorImpl.java:43)
		at java.lang.reflect.Method.invoke(Method.java:483)
		at org.junit.platform.commons.util.ReflectionUtils.invokeMethod(ReflectionUtils.java:686)
		at org.junit.jupiter.engine.execution.MethodInvocation.proceed(MethodInvocation.java:60)
		at org.junit.jupiter.engine.execution.InvocationInterceptorChain$ValidatingInvocation.proceed(InvocationInterceptorChain.java:131)
		at org.junit.jupiter.engine.extension.TimeoutExtension.intercept(TimeoutExtension.java:149)
		at org.junit.jupiter.engine.extension.TimeoutExtension.interceptLifecycleMethod(TimeoutExtension.java:126)
		at org.junit.jupiter.engine.extension.TimeoutExtension.interceptAfterEachMethod(TimeoutExtension.java:108)
		at org.junit.jupiter.engine.descriptor.ClassBasedTestDescriptor$$Lambda$363/2003891312.apply(Unknown Source)
		at org.junit.jupiter.engine.execution.ExecutableInvoker$ReflectiveInterceptorCall.lambda$ofVoidMethod$0(ExecutableInvoker.java:115)
		at org.junit.jupiter.engine.execution.ExecutableInvoker$ReflectiveInterceptorCall$$Lambda$230/315860201.apply(Unknown Source)
		at org.junit.jupiter.engine.execution.ExecutableInvoker.lambda$invoke$0(ExecutableInvoker.java:105)
		at org.junit.jupiter.engine.execution.ExecutableInvoker$$Lambda$231/720167805.apply(Unknown Source)
		at org.junit.jupiter.engine.execution.InvocationInterceptorChain$InterceptedInvocation.proceed(InvocationInterceptorChain.java:106)
		at org.junit.jupiter.engine.execution.InvocationInterceptorChain.proceed(InvocationInterceptorChain.java:64)
		at org.junit.jupiter.engine.execution.InvocationInterceptorChain.chainAndInvoke(InvocationInterceptorChain.java:45)
		at org.junit.jupiter.engine.execution.InvocationInterceptorChain.invoke(InvocationInterceptorChain.java:37)
		at org.junit.jupiter.engine.execution.ExecutableInvoker.invoke(ExecutableInvoker.java:104)
		at org.junit.jupiter.engine.execution.ExecutableInvoker.invoke(ExecutableInvoker.java:98)
		at org.junit.jupiter.engine.descriptor.ClassBasedTestDescriptor.invokeMethodInExtensionContext(ClassBasedTestDescriptor.java:481)
		at org.junit.jupiter.engine.descriptor.ClassBasedTestDescriptor.lambda$synthesizeAfterEachMethodAdapter$19(ClassBasedTestDescriptor.java:471)
		at org.junit.jupiter.engine.descriptor.ClassBasedTestDescriptor$$Lambda$206/1371006431.invokeAfterEachMethod(Unknown Source)
		at org.junit.jupiter.engine.descriptor.TestMethodTestDescriptor.lambda$invokeAfterEachMethods$9(TestMethodTestDescriptor.java:238)
		at org.junit.jupiter.engine.descriptor.TestMethodTestDescriptor$$Lambda$362/221634215.invoke(Unknown Source)
		at org.junit.jupiter.engine.descriptor.TestMethodTestDescriptor.lambda$invokeAllAfterMethodsOrCallbacks$12(TestMethodTestDescriptor.java:271)
		at org.junit.jupiter.engine.descriptor.TestMethodTestDescriptor$$Lambda$361/664792509.execute(Unknown Source)
		at org.junit.platform.engine.support.hierarchical.ThrowableCollector.execute(ThrowableCollector.java:73)
		at org.junit.jupiter.engine.descriptor.TestMethodTestDescriptor.lambda$invokeAllAfterMethodsOrCallbacks$13(TestMethodTestDescriptor.java:271)
		at org.junit.jupiter.engine.descriptor.TestMethodTestDescriptor$$Lambda$360/1965237677.accept(Unknown Source)
		at java.util.ArrayList.forEach(ArrayList.java:1249)
		at org.junit.jupiter.engine.descriptor.TestMethodTestDescriptor.invokeAllAfterMethodsOrCallbacks(TestMethodTestDescriptor.java:270)
		at org.junit.jupiter.engine.descriptor.TestMethodTestDescriptor.invokeAfterEachMethods(TestMethodTestDescriptor.java:236)
		at org.junit.jupiter.engine.descriptor.TestMethodTestDescriptor.execute(TestMethodTestDescriptor.java:141)
		at org.junit.jupiter.engine.descriptor.TestMethodTestDescriptor.execute(TestMethodTestDescriptor.java:71)
		at org.junit.platform.engine.support.hierarchical.NodeTestTask.lambda$executeRecursively$5(NodeTestTask.java:135)
		at org.junit.platform.engine.support.hierarchical.NodeTestTask$$Lambda$176/1239548589.execute(Unknown Source)
		at org.junit.platform.engine.support.hierarchical.ThrowableCollector.execute(ThrowableCollector.java:73)
		at org.junit.platform.engine.support.hierarchical.NodeTestTask.lambda$executeRecursively$7(NodeTestTask.java:125)
		at org.junit.platform.engine.support.hierarchical.NodeTestTask$$Lambda$175/1634132079.invoke(Unknown Source)
		at org.junit.platform.engine.support.hierarchical.Node.around(Node.java:135)
		at org.junit.platform.engine.support.hierarchical.NodeTestTask.lambda$executeRecursively$8(NodeTestTask.java:123)
		at org.junit.platform.engine.support.hierarchical.NodeTestTask$$Lambda$174/112619572.execute(Unknown Source)
		at org.junit.platform.engine.support.hierarchical.ThrowableCollector.execute(ThrowableCollector.java:73)
		at org.junit.platform.engine.support.hierarchical.NodeTestTask.executeRecursively(NodeTestTask.java:122)
		at org.junit.platform.engine.support.hierarchical.NodeTestTask.execute(NodeTestTask.java:80)
		at org.junit.platform.engine.support.hierarchical.SameThreadHierarchicalTestExecutorService.submit(SameThreadHierarchicalTestExecutorService.java:32)
		at org.junit.platform.engine.support.hierarchical.NodeTestTask$DefaultDynamicTestExecutor.execute(NodeTestTask.java:198)
		at org.junit.jupiter.engine.descriptor.TestTemplateTestDescriptor.execute(TestTemplateTestDescriptor.java:138)
		at org.junit.jupiter.engine.descriptor.TestTemplateTestDescriptor.lambda$execute$2(TestTemplateTestDescriptor.java:106)
		at org.junit.jupiter.engine.descriptor.TestTemplateTestDescriptor$$Lambda$252/1846406218.accept(Unknown Source)
		at java.util.stream.ForEachOps$ForEachOp$OfRef.accept(ForEachOps.java:183)
		at java.util.stream.ReferencePipeline$3$1.accept(ReferencePipeline.java:193)
		at java.util.stream.ReferencePipeline$2$1.accept(ReferencePipeline.java:175)
		at java.util.stream.ReferencePipeline$3$1.accept(ReferencePipeline.java:193)
		at java.util.stream.ForEachOps$ForEachOp$OfRef.accept(ForEachOps.java:183)
		at java.util.stream.ReferencePipeline$11$1.accept(ReferencePipeline.java:373)
		at java.util.stream.ReferencePipeline$3$1.accept(ReferencePipeline.java:193)
		at java.util.stream.ReferencePipeline$3$1.accept(ReferencePipeline.java:193)
		at java.util.stream.ReferencePipeline$3$1.accept(ReferencePipeline.java:193)
		at java.util.stream.ForEachOps$ForEachOp$OfRef.accept(ForEachOps.java:183)
		at java.util.stream.ReferencePipeline$3$1.accept(ReferencePipeline.java:193)
		at java.util.Spliterators$ArraySpliterator.forEachRemaining(Spliterators.java:948)
		at java.util.stream.ReferencePipeline$Head.forEach(ReferencePipeline.java:580)
		at java.util.stream.ReferencePipeline$7$1.accept(ReferencePipeline.java:270)
		at java.util.stream.ReferencePipeline$3$1.accept(ReferencePipeline.java:193)
		at java.util.stream.ReferencePipeline$3$1.accept(ReferencePipeline.java:193)
		at java.util.Spliterators$ArraySpliterator.forEachRemaining(Spliterators.java:948)
		at java.util.stream.AbstractPipeline.copyInto(AbstractPipeline.java:512)
		at java.util.stream.AbstractPipeline.wrapAndCopyInto(AbstractPipeline.java:502)
		at java.util.stream.ForEachOps$ForEachOp.evaluateSequential(ForEachOps.java:150)
		at java.util.stream.ForEachOps$ForEachOp$OfRef.evaluateSequential(ForEachOps.java:173)
		at java.util.stream.AbstractPipeline.evaluate(AbstractPipeline.java:234)
		at java.util.stream.ReferencePipeline.forEach(ReferencePipeline.java:418)
		at java.util.stream.ReferencePipeline$7$1.accept(ReferencePipeline.java:270)
		at java.util.stream.ReferencePipeline$3$1.accept(ReferencePipeline.java:193)
		at java.util.stream.ReferencePipeline$3$1.accept(ReferencePipeline.java:193)
		at java.util.stream.ReferencePipeline$3$1.accept(ReferencePipeline.java:193)
		at java.util.ArrayList$ArrayListSpliterator.forEachRemaining(ArrayList.java:1374)
		at java.util.stream.AbstractPipeline.copyInto(AbstractPipeline.java:512)
		at java.util.stream.AbstractPipeline.wrapAndCopyInto(AbstractPipeline.java:502)
		at java.util.stream.ForEachOps$ForEachOp.evaluateSequential(ForEachOps.java:150)
		at java.util.stream.ForEachOps$ForEachOp$OfRef.evaluateSequential(ForEachOps.java:173)
		at java.util.stream.AbstractPipeline.evaluate(AbstractPipeline.java:234)
		at java.util.stream.ReferencePipeline.forEach(ReferencePipeline.java:418)
		at java.util.stream.ReferencePipeline$7$1.accept(ReferencePipeline.java:270)
		at java.util.ArrayList$ArrayListSpliterator.forEachRemaining(ArrayList.java:1374)
		at java.util.stream.AbstractPipeline.copyInto(AbstractPipeline.java:512)
		at java.util.stream.AbstractPipeline.wrapAndCopyInto(AbstractPipeline.java:502)
		at java.util.stream.ForEachOps$ForEachOp.evaluateSequential(ForEachOps.java:150)
		at java.util.stream.ForEachOps$ForEachOp$OfRef.evaluateSequential(ForEachOps.java:173)
		at java.util.stream.AbstractPipeline.evaluate(AbstractPipeline.java:234)
		at java.util.stream.ReferencePipeline.forEach(ReferencePipeline.java:418)
		at org.junit.jupiter.engine.descriptor.TestTemplateTestDescriptor.execute(TestTemplateTestDescriptor.java:106)
		at org.junit.jupiter.engine.descriptor.TestTemplateTestDescriptor.execute(TestTemplateTestDescriptor.java:41)
		at org.junit.platform.engine.support.hierarchical.NodeTestTask.lambda$executeRecursively$5(NodeTestTask.java:135)
		at org.junit.platform.engine.support.hierarchical.NodeTestTask$$Lambda$176/1239548589.execute(Unknown Source)
		at org.junit.platform.engine.support.hierarchical.ThrowableCollector.execute(ThrowableCollector.java:73)
		at org.junit.platform.engine.support.hierarchical.NodeTestTask.lambda$executeRecursively$7(NodeTestTask.java:125)
		at org.junit.platform.engine.support.hierarchical.NodeTestTask$$Lambda$175/1634132079.invoke(Unknown Source)
		at org.junit.platform.engine.support.hierarchical.Node.around(Node.java:135)
		at org.junit.platform.engine.support.hierarchical.NodeTestTask.lambda$executeRecursively$8(NodeTestTask.java:123)
		at org.junit.platform.engine.support.hierarchical.NodeTestTask$$Lambda$174/112619572.execute(Unknown Source)
		at org.junit.platform.engine.support.hierarchical.ThrowableCollector.execute(ThrowableCollector.java:73)
		at org.junit.platform.engine.support.hierarchical.NodeTestTask.executeRecursively(NodeTestTask.java:122)
		at org.junit.platform.engine.support.hierarchical.NodeTestTask.execute(NodeTestTask.java:80)
		at org.junit.platform.engine.support.hierarchical.SameThreadHierarchicalTestExecutorService$$Lambda$180/667346055.accept(Unknown Source)
		at java.util.ArrayList.forEach(ArrayList.java:1249)
		at org.junit.platform.engine.support.hierarchical.SameThreadHierarchicalTestExecutorService.invokeAll(SameThreadHierarchicalTestExecutorService.java:38)
		at org.junit.platform.engine.support.hierarchical.NodeTestTask.lambda$executeRecursively$5(NodeTestTask.java:139)
		at org.junit.platform.engine.support.hierarchical.NodeTestTask$$Lambda$176/1239548589.execute(Unknown Source)
		at org.junit.platform.engine.support.hierarchical.ThrowableCollector.execute(ThrowableCollector.java:73)
		at org.junit.platform.engine.support.hierarchical.NodeTestTask.lambda$executeRecursively$7(NodeTestTask.java:125)
		at org.junit.platform.engine.support.hierarchical.NodeTestTask$$Lambda$175/1634132079.invoke(Unknown Source)
		at org.junit.platform.engine.support.hierarchical.Node.around(Node.java:135)
		at org.junit.platform.engine.support.hierarchical.NodeTestTask.lambda$executeRecursively$8(NodeTestTask.java:123)
		at org.junit.platform.engine.support.hierarchical.NodeTestTask$$Lambda$174/112619572.execute(Unknown Source)
		at org.junit.platform.engine.support.hierarchical.ThrowableCollector.execute(ThrowableCollector.java:73)
		at org.junit.platform.engine.support.hierarchical.NodeTestTask.executeRecursively(NodeTestTask.java:122)
		at org.junit.platform.engine.support.hierarchical.NodeTestTask.execute(NodeTestTask.java:80)
		at org.junit.platform.engine.support.hierarchical.SameThreadHierarchicalTestExecutorService$$Lambda$180/667346055.accept(Unknown Source)
		at java.util.ArrayList.forEach(ArrayList.java:1249)
		at org.junit.platform.engine.support.hierarchical.SameThreadHierarchicalTestExecutorService.invokeAll(SameThreadHierarchicalTestExecutorService.java:38)
		at org.junit.platform.engine.support.hierarchical.NodeTestTask.lambda$executeRecursively$5(NodeTestTask.java:139)
		at org.junit.platform.engine.support.hierarchical.NodeTestTask$$Lambda$176/1239548589.execute(Unknown Source)
		at org.junit.platform.engine.support.hierarchical.ThrowableCollector.execute(ThrowableCollector.java:73)
		at org.junit.platform.engine.support.hierarchical.NodeTestTask.lambda$executeRecursively$7(NodeTestTask.java:125)
		at org.junit.platform.engine.support.hierarchical.NodeTestTask$$Lambda$175/1634132079.invoke(Unknown Source)
		at org.junit.platform.engine.support.hierarchical.Node.around(Node.java:135)
		at org.junit.platform.engine.support.hierarchical.NodeTestTask.lambda$executeRecursively$8(NodeTestTask.java:123)
		at org.junit.platform.engine.support.hierarchical.NodeTestTask$$Lambda$174/112619572.execute(Unknown Source)
		at org.junit.platform.engine.support.hierarchical.ThrowableCollector.execute(ThrowableCollector.java:73)
		at org.junit.platform.engine.support.hierarchical.NodeTestTask.executeRecursively(NodeTestTask.java:122)
		at org.junit.platform.engine.support.hierarchical.NodeTestTask.execute(NodeTestTask.java:80)
		at org.junit.platform.engine.support.hierarchical.SameThreadHierarchicalTestExecutorService.submit(SameThreadHierarchicalTestExecutorService.java:32)
		at org.junit.platform.engine.support.hierarchical.HierarchicalTestExecutor.execute(HierarchicalTestExecutor.java:57)
		at org.junit.platform.engine.support.hierarchical.HierarchicalTestEngine.execute(HierarchicalTestEngine.java:51)
		at org.junit.platform.launcher.core.DefaultLauncher.execute(DefaultLauncher.java:248)
		at org.junit.platform.launcher.core.DefaultLauncher.lambda$execute$5(DefaultLauncher.java:211)
		at org.junit.platform.launcher.core.DefaultLauncher$$Lambda$140/1414147750.accept(Unknown Source)
		at org.junit.platform.launcher.core.DefaultLauncher.withInterceptedStreams(DefaultLauncher.java:226)
		at org.junit.platform.launcher.core.DefaultLauncher.execute(DefaultLauncher.java:199)
		at org.junit.platform.launcher.core.DefaultLauncher.execute(DefaultLauncher.java:132)
		at org.apache.maven.surefire.junitplatform.JUnitPlatformProvider.invokeAllTests(JUnitPlatformProvider.java:142)
		at org.apache.maven.surefire.junitplatform.JUnitPlatformProvider.invoke(JUnitPlatformProvider.java:113)
		at org.apache.maven.surefire.booter.ForkedBooter.invokeProviderInSameClassLoader(ForkedBooter.java:384)
		at org.apache.maven.surefire.booter.ForkedBooter.runSuitesInProcess(ForkedBooter.java:345)
		at org.apache.maven.surefire.booter.ForkedBooter.execute(ForkedBooter.java:126)
		at org.apache.maven.surefire.booter.ForkedBooter.main(ForkedBooter.java:418)
]]></error>
    <system-out><![CDATA[2021-11-08 11:10:49,749 [myid:] - INFO  [main:PortAssignment@87] - Assigned port 24911 from range 24686 - 27378.
2021-11-08 11:10:49,750 [myid:] - INFO  [main:ZKTestCase@77] - STARTING Optional[public void org.apache.zookeeper.server.quorum.QuorumRequestPipelineTest.testSetAndGetChildren2(org.apache.zookeeper.server.quorum.QuorumPeer$ServerState) throws java.lang.Exception]
2021-11-08 11:10:49,751 [myid:] - INFO  [main:QuorumBase@81] - QuorumBase.setup null
2021-11-08 11:10:49,752 [myid:] - INFO  [main:JMXEnv@58] - connecting to addr service:jmx:rmi://127.0.0.1/stub/rO0ABXNyAC5qYXZheC5tYW5hZ2VtZW50LnJlbW90ZS5ybWkuUk1JU2VydmVySW1wbF9TdHViAAAAAAAAAAICAAB4cgAaamF2YS5ybWkuc2VydmVyLlJlbW90ZVN0dWLp/tzJi+FlGgIAAHhyABxqYXZhLnJtaS5zZXJ2ZXIuUmVtb3RlT2JqZWN002G0kQxhMx4DAAB4cHc6AAtVbmljYXN0UmVmMgAADzE2OS4yNTQuMTU2LjIzMQAACXmtD/Y0rPutMmrMPREAAAF8/YbC74BWAHg=
2021-11-08 11:10:49,754 [myid:] - INFO  [main:PortAssignment@87] - Assigned port 24912 from range 24686 - 27378.
2021-11-08 11:10:49,755 [myid:] - INFO  [main:PortAssignment@87] - Assigned port 24913 from range 24686 - 27378.
2021-11-08 11:10:49,755 [myid:] - INFO  [main:PortAssignment@87] - Assigned port 24914 from range 24686 - 27378.
2021-11-08 11:10:49,755 [myid:] - INFO  [main:PortAssignment@87] - Assigned port 24915 from range 24686 - 27378.
2021-11-08 11:10:49,755 [myid:] - INFO  [main:PortAssignment@87] - Assigned port 24916 from range 24686 - 27378.
2021-11-08 11:10:49,756 [myid:] - INFO  [main:PortAssignment@87] - Assigned port 24917 from range 24686 - 27378.
2021-11-08 11:10:49,756 [myid:] - INFO  [main:PortAssignment@87] - Assigned port 24918 from range 24686 - 27378.
2021-11-08 11:10:49,756 [myid:] - INFO  [main:PortAssignment@87] - Assigned port 24919 from range 24686 - 27378.
2021-11-08 11:10:49,757 [myid:] - INFO  [main:PortAssignment@87] - Assigned port 24920 from range 24686 - 27378.
2021-11-08 11:10:49,757 [myid:] - INFO  [main:PortAssignment@87] - Assigned port 24921 from range 24686 - 27378.
2021-11-08 11:10:49,757 [myid:] - INFO  [main:PortAssignment@87] - Assigned port 24922 from range 24686 - 27378.
2021-11-08 11:10:49,758 [myid:] - INFO  [main:PortAssignment@87] - Assigned port 24923 from range 24686 - 27378.
2021-11-08 11:10:49,758 [myid:] - INFO  [main:PortAssignment@87] - Assigned port 24924 from range 24686 - 27378.
2021-11-08 11:10:49,758 [myid:] - INFO  [main:PortAssignment@87] - Assigned port 24925 from range 24686 - 27378.
2021-11-08 11:10:49,758 [myid:] - INFO  [main:PortAssignment@87] - Assigned port 24926 from range 24686 - 27378.
2021-11-08 11:10:49,759 [myid:] - INFO  [main:QuorumBase@116] - Ports are: 127.0.0.1:24922,127.0.0.1:24923,127.0.0.1:24924,127.0.0.1:24925,127.0.0.1:24926
2021-11-08 11:10:49,762 [myid:] - INFO  [main:QuorumBase@155] - creating QuorumPeer 1 port 24922
2021-11-08 11:10:49,763 [myid:] - INFO  [main:ServerCnxnFactory@169] - Using org.apache.zookeeper.server.NIOServerCnxnFactory as server connection factory
2021-11-08 11:10:49,763 [myid:] - WARN  [main:ServerCnxnFactory@309] - maxCnxns is not configured, using default value 0.
2021-11-08 11:10:49,763 [myid:] - INFO  [main:NIOServerCnxnFactory@652] - Configuring NIO connection handler with 10s sessionless connection timeout, 1 selector thread(s), 12 worker threads, and 64 kB direct buffers.
2021-11-08 11:10:49,764 [myid:] - INFO  [main:NIOServerCnxnFactory@660] - binding to port /127.0.0.1:24922
2021-11-08 11:10:49,765 [myid:] - INFO  [main:FileTxnSnapLog@124] - zookeeper.snapshot.trust.empty : false
2021-11-08 11:10:49,766 [myid:] - INFO  [main:ZKTestCase@82] - FINISHED Optional[public void org.apache.zookeeper.server.quorum.QuorumRequestPipelineTest.testSetAndGetChildren2(org.apache.zookeeper.server.quorum.QuorumPeer$ServerState) throws java.lang.Exception]
]]></system-out>
  </testcase>
  <testcase name="testCreate2{ServerState}[1]" classname="org.apache.zookeeper.server.quorum.QuorumRequestPipelineTest" time="0.064">
    <error message="org/apache/zookeeper/ZooDefs$Ids" type="java.lang.NoClassDefFoundError"><![CDATA[java.lang.NoClassDefFoundError: org/apache/zookeeper/ZooDefs$Ids
	at org.apache.zookeeper.server.DataTree.addConfigNode(DataTree.java:327)
	at org.apache.zookeeper.server.DataTree.<init>(DataTree.java:300)
	at org.apache.zookeeper.server.DataTree.<init>(DataTree.java:282)
	at org.apache.zookeeper.server.ZKDatabase.createDataTree(ZKDatabase.java:727)
	at org.apache.zookeeper.server.ZKDatabase.<init>(ZKDatabase.java:110)
	at org.apache.zookeeper.server.quorum.QuorumPeer.<init>(QuorumPeer.java:1098)
	at org.apache.zookeeper.server.quorum.QuorumPeer.<init>(QuorumPeer.java:1242)
	at org.apache.zookeeper.test.QuorumBase.startServers(QuorumBase.java:156)
	at org.apache.zookeeper.test.QuorumBase.setUp(QuorumBase.java:124)
	at org.apache.zookeeper.server.quorum.QuorumRequestPipelineTest.setUp(QuorumRequestPipelineTest.java:72)
	at org.apache.zookeeper.server.quorum.QuorumRequestPipelineTest.testCreate2(QuorumRequestPipelineTest.java:101)
	Suppressed: java.lang.NullPointerException
		at org.apache.zookeeper.server.quorum.QuorumRequestPipelineTest.tearDown(QuorumRequestPipelineTest.java:80)
		at sun.reflect.NativeMethodAccessorImpl.invoke0(Native Method)
		at sun.reflect.NativeMethodAccessorImpl.invoke(NativeMethodAccessorImpl.java:62)
		at sun.reflect.DelegatingMethodAccessorImpl.invoke(DelegatingMethodAccessorImpl.java:43)
		at java.lang.reflect.Method.invoke(Method.java:483)
		at org.junit.platform.commons.util.ReflectionUtils.invokeMethod(ReflectionUtils.java:686)
		at org.junit.jupiter.engine.execution.MethodInvocation.proceed(MethodInvocation.java:60)
		at org.junit.jupiter.engine.execution.InvocationInterceptorChain$ValidatingInvocation.proceed(InvocationInterceptorChain.java:131)
		at org.junit.jupiter.engine.extension.TimeoutExtension.intercept(TimeoutExtension.java:149)
		at org.junit.jupiter.engine.extension.TimeoutExtension.interceptLifecycleMethod(TimeoutExtension.java:126)
		at org.junit.jupiter.engine.extension.TimeoutExtension.interceptAfterEachMethod(TimeoutExtension.java:108)
		at org.junit.jupiter.engine.descriptor.ClassBasedTestDescriptor$$Lambda$363/2003891312.apply(Unknown Source)
		at org.junit.jupiter.engine.execution.ExecutableInvoker$ReflectiveInterceptorCall.lambda$ofVoidMethod$0(ExecutableInvoker.java:115)
		at org.junit.jupiter.engine.execution.ExecutableInvoker$ReflectiveInterceptorCall$$Lambda$230/315860201.apply(Unknown Source)
		at org.junit.jupiter.engine.execution.ExecutableInvoker.lambda$invoke$0(ExecutableInvoker.java:105)
		at org.junit.jupiter.engine.execution.ExecutableInvoker$$Lambda$231/720167805.apply(Unknown Source)
		at org.junit.jupiter.engine.execution.InvocationInterceptorChain$InterceptedInvocation.proceed(InvocationInterceptorChain.java:106)
		at org.junit.jupiter.engine.execution.InvocationInterceptorChain.proceed(InvocationInterceptorChain.java:64)
		at org.junit.jupiter.engine.execution.InvocationInterceptorChain.chainAndInvoke(InvocationInterceptorChain.java:45)
		at org.junit.jupiter.engine.execution.InvocationInterceptorChain.invoke(InvocationInterceptorChain.java:37)
		at org.junit.jupiter.engine.execution.ExecutableInvoker.invoke(ExecutableInvoker.java:104)
		at org.junit.jupiter.engine.execution.ExecutableInvoker.invoke(ExecutableInvoker.java:98)
		at org.junit.jupiter.engine.descriptor.ClassBasedTestDescriptor.invokeMethodInExtensionContext(ClassBasedTestDescriptor.java:481)
		at org.junit.jupiter.engine.descriptor.ClassBasedTestDescriptor.lambda$synthesizeAfterEachMethodAdapter$19(ClassBasedTestDescriptor.java:471)
		at org.junit.jupiter.engine.descriptor.ClassBasedTestDescriptor$$Lambda$206/1371006431.invokeAfterEachMethod(Unknown Source)
		at org.junit.jupiter.engine.descriptor.TestMethodTestDescriptor.lambda$invokeAfterEachMethods$9(TestMethodTestDescriptor.java:238)
		at org.junit.jupiter.engine.descriptor.TestMethodTestDescriptor$$Lambda$362/221634215.invoke(Unknown Source)
		at org.junit.jupiter.engine.descriptor.TestMethodTestDescriptor.lambda$invokeAllAfterMethodsOrCallbacks$12(TestMethodTestDescriptor.java:271)
		at org.junit.jupiter.engine.descriptor.TestMethodTestDescriptor$$Lambda$361/664792509.execute(Unknown Source)
		at org.junit.platform.engine.support.hierarchical.ThrowableCollector.execute(ThrowableCollector.java:73)
		at org.junit.jupiter.engine.descriptor.TestMethodTestDescriptor.lambda$invokeAllAfterMethodsOrCallbacks$13(TestMethodTestDescriptor.java:271)
		at org.junit.jupiter.engine.descriptor.TestMethodTestDescriptor$$Lambda$360/1965237677.accept(Unknown Source)
		at java.util.ArrayList.forEach(ArrayList.java:1249)
		at org.junit.jupiter.engine.descriptor.TestMethodTestDescriptor.invokeAllAfterMethodsOrCallbacks(TestMethodTestDescriptor.java:270)
		at org.junit.jupiter.engine.descriptor.TestMethodTestDescriptor.invokeAfterEachMethods(TestMethodTestDescriptor.java:236)
		at org.junit.jupiter.engine.descriptor.TestMethodTestDescriptor.execute(TestMethodTestDescriptor.java:141)
		at org.junit.jupiter.engine.descriptor.TestMethodTestDescriptor.execute(TestMethodTestDescriptor.java:71)
		at org.junit.platform.engine.support.hierarchical.NodeTestTask.lambda$executeRecursively$5(NodeTestTask.java:135)
		at org.junit.platform.engine.support.hierarchical.NodeTestTask$$Lambda$176/1239548589.execute(Unknown Source)
		at org.junit.platform.engine.support.hierarchical.ThrowableCollector.execute(ThrowableCollector.java:73)
		at org.junit.platform.engine.support.hierarchical.NodeTestTask.lambda$executeRecursively$7(NodeTestTask.java:125)
		at org.junit.platform.engine.support.hierarchical.NodeTestTask$$Lambda$175/1634132079.invoke(Unknown Source)
		at org.junit.platform.engine.support.hierarchical.Node.around(Node.java:135)
		at org.junit.platform.engine.support.hierarchical.NodeTestTask.lambda$executeRecursively$8(NodeTestTask.java:123)
		at org.junit.platform.engine.support.hierarchical.NodeTestTask$$Lambda$174/112619572.execute(Unknown Source)
		at org.junit.platform.engine.support.hierarchical.ThrowableCollector.execute(ThrowableCollector.java:73)
		at org.junit.platform.engine.support.hierarchical.NodeTestTask.executeRecursively(NodeTestTask.java:122)
		at org.junit.platform.engine.support.hierarchical.NodeTestTask.execute(NodeTestTask.java:80)
		at org.junit.platform.engine.support.hierarchical.SameThreadHierarchicalTestExecutorService.submit(SameThreadHierarchicalTestExecutorService.java:32)
		at org.junit.platform.engine.support.hierarchical.NodeTestTask$DefaultDynamicTestExecutor.execute(NodeTestTask.java:198)
		at org.junit.jupiter.engine.descriptor.TestTemplateTestDescriptor.execute(TestTemplateTestDescriptor.java:138)
		at org.junit.jupiter.engine.descriptor.TestTemplateTestDescriptor.lambda$execute$2(TestTemplateTestDescriptor.java:106)
		at org.junit.jupiter.engine.descriptor.TestTemplateTestDescriptor$$Lambda$252/1846406218.accept(Unknown Source)
		at java.util.stream.ForEachOps$ForEachOp$OfRef.accept(ForEachOps.java:183)
		at java.util.stream.ReferencePipeline$3$1.accept(ReferencePipeline.java:193)
		at java.util.stream.ReferencePipeline$2$1.accept(ReferencePipeline.java:175)
		at java.util.stream.ReferencePipeline$3$1.accept(ReferencePipeline.java:193)
		at java.util.stream.ForEachOps$ForEachOp$OfRef.accept(ForEachOps.java:183)
		at java.util.stream.ReferencePipeline$11$1.accept(ReferencePipeline.java:373)
		at java.util.stream.ReferencePipeline$3$1.accept(ReferencePipeline.java:193)
		at java.util.stream.ReferencePipeline$3$1.accept(ReferencePipeline.java:193)
		at java.util.stream.ReferencePipeline$3$1.accept(ReferencePipeline.java:193)
		at java.util.stream.ForEachOps$ForEachOp$OfRef.accept(ForEachOps.java:183)
		at java.util.stream.ReferencePipeline$3$1.accept(ReferencePipeline.java:193)
		at java.util.Spliterators$ArraySpliterator.forEachRemaining(Spliterators.java:948)
		at java.util.stream.ReferencePipeline$Head.forEach(ReferencePipeline.java:580)
		at java.util.stream.ReferencePipeline$7$1.accept(ReferencePipeline.java:270)
		at java.util.stream.ReferencePipeline$3$1.accept(ReferencePipeline.java:193)
		at java.util.stream.ReferencePipeline$3$1.accept(ReferencePipeline.java:193)
		at java.util.Spliterators$ArraySpliterator.forEachRemaining(Spliterators.java:948)
		at java.util.stream.AbstractPipeline.copyInto(AbstractPipeline.java:512)
		at java.util.stream.AbstractPipeline.wrapAndCopyInto(AbstractPipeline.java:502)
		at java.util.stream.ForEachOps$ForEachOp.evaluateSequential(ForEachOps.java:150)
		at java.util.stream.ForEachOps$ForEachOp$OfRef.evaluateSequential(ForEachOps.java:173)
		at java.util.stream.AbstractPipeline.evaluate(AbstractPipeline.java:234)
		at java.util.stream.ReferencePipeline.forEach(ReferencePipeline.java:418)
		at java.util.stream.ReferencePipeline$7$1.accept(ReferencePipeline.java:270)
		at java.util.stream.ReferencePipeline$3$1.accept(ReferencePipeline.java:193)
		at java.util.stream.ReferencePipeline$3$1.accept(ReferencePipeline.java:193)
		at java.util.stream.ReferencePipeline$3$1.accept(ReferencePipeline.java:193)
		at java.util.ArrayList$ArrayListSpliterator.forEachRemaining(ArrayList.java:1374)
		at java.util.stream.AbstractPipeline.copyInto(AbstractPipeline.java:512)
		at java.util.stream.AbstractPipeline.wrapAndCopyInto(AbstractPipeline.java:502)
		at java.util.stream.ForEachOps$ForEachOp.evaluateSequential(ForEachOps.java:150)
		at java.util.stream.ForEachOps$ForEachOp$OfRef.evaluateSequential(ForEachOps.java:173)
		at java.util.stream.AbstractPipeline.evaluate(AbstractPipeline.java:234)
		at java.util.stream.ReferencePipeline.forEach(ReferencePipeline.java:418)
		at java.util.stream.ReferencePipeline$7$1.accept(ReferencePipeline.java:270)
		at java.util.ArrayList$ArrayListSpliterator.forEachRemaining(ArrayList.java:1374)
		at java.util.stream.AbstractPipeline.copyInto(AbstractPipeline.java:512)
		at java.util.stream.AbstractPipeline.wrapAndCopyInto(AbstractPipeline.java:502)
		at java.util.stream.ForEachOps$ForEachOp.evaluateSequential(ForEachOps.java:150)
		at java.util.stream.ForEachOps$ForEachOp$OfRef.evaluateSequential(ForEachOps.java:173)
		at java.util.stream.AbstractPipeline.evaluate(AbstractPipeline.java:234)
		at java.util.stream.ReferencePipeline.forEach(ReferencePipeline.java:418)
		at org.junit.jupiter.engine.descriptor.TestTemplateTestDescriptor.execute(TestTemplateTestDescriptor.java:106)
		at org.junit.jupiter.engine.descriptor.TestTemplateTestDescriptor.execute(TestTemplateTestDescriptor.java:41)
		at org.junit.platform.engine.support.hierarchical.NodeTestTask.lambda$executeRecursively$5(NodeTestTask.java:135)
		at org.junit.platform.engine.support.hierarchical.NodeTestTask$$Lambda$176/1239548589.execute(Unknown Source)
		at org.junit.platform.engine.support.hierarchical.ThrowableCollector.execute(ThrowableCollector.java:73)
		at org.junit.platform.engine.support.hierarchical.NodeTestTask.lambda$executeRecursively$7(NodeTestTask.java:125)
		at org.junit.platform.engine.support.hierarchical.NodeTestTask$$Lambda$175/1634132079.invoke(Unknown Source)
		at org.junit.platform.engine.support.hierarchical.Node.around(Node.java:135)
		at org.junit.platform.engine.support.hierarchical.NodeTestTask.lambda$executeRecursively$8(NodeTestTask.java:123)
		at org.junit.platform.engine.support.hierarchical.NodeTestTask$$Lambda$174/112619572.execute(Unknown Source)
		at org.junit.platform.engine.support.hierarchical.ThrowableCollector.execute(ThrowableCollector.java:73)
		at org.junit.platform.engine.support.hierarchical.NodeTestTask.executeRecursively(NodeTestTask.java:122)
		at org.junit.platform.engine.support.hierarchical.NodeTestTask.execute(NodeTestTask.java:80)
		at org.junit.platform.engine.support.hierarchical.SameThreadHierarchicalTestExecutorService$$Lambda$180/667346055.accept(Unknown Source)
		at java.util.ArrayList.forEach(ArrayList.java:1249)
		at org.junit.platform.engine.support.hierarchical.SameThreadHierarchicalTestExecutorService.invokeAll(SameThreadHierarchicalTestExecutorService.java:38)
		at org.junit.platform.engine.support.hierarchical.NodeTestTask.lambda$executeRecursively$5(NodeTestTask.java:139)
		at org.junit.platform.engine.support.hierarchical.NodeTestTask$$Lambda$176/1239548589.execute(Unknown Source)
		at org.junit.platform.engine.support.hierarchical.ThrowableCollector.execute(ThrowableCollector.java:73)
		at org.junit.platform.engine.support.hierarchical.NodeTestTask.lambda$executeRecursively$7(NodeTestTask.java:125)
		at org.junit.platform.engine.support.hierarchical.NodeTestTask$$Lambda$175/1634132079.invoke(Unknown Source)
		at org.junit.platform.engine.support.hierarchical.Node.around(Node.java:135)
		at org.junit.platform.engine.support.hierarchical.NodeTestTask.lambda$executeRecursively$8(NodeTestTask.java:123)
		at org.junit.platform.engine.support.hierarchical.NodeTestTask$$Lambda$174/112619572.execute(Unknown Source)
		at org.junit.platform.engine.support.hierarchical.ThrowableCollector.execute(ThrowableCollector.java:73)
		at org.junit.platform.engine.support.hierarchical.NodeTestTask.executeRecursively(NodeTestTask.java:122)
		at org.junit.platform.engine.support.hierarchical.NodeTestTask.execute(NodeTestTask.java:80)
		at org.junit.platform.engine.support.hierarchical.SameThreadHierarchicalTestExecutorService$$Lambda$180/667346055.accept(Unknown Source)
		at java.util.ArrayList.forEach(ArrayList.java:1249)
		at org.junit.platform.engine.support.hierarchical.SameThreadHierarchicalTestExecutorService.invokeAll(SameThreadHierarchicalTestExecutorService.java:38)
		at org.junit.platform.engine.support.hierarchical.NodeTestTask.lambda$executeRecursively$5(NodeTestTask.java:139)
		at org.junit.platform.engine.support.hierarchical.NodeTestTask$$Lambda$176/1239548589.execute(Unknown Source)
		at org.junit.platform.engine.support.hierarchical.ThrowableCollector.execute(ThrowableCollector.java:73)
		at org.junit.platform.engine.support.hierarchical.NodeTestTask.lambda$executeRecursively$7(NodeTestTask.java:125)
		at org.junit.platform.engine.support.hierarchical.NodeTestTask$$Lambda$175/1634132079.invoke(Unknown Source)
		at org.junit.platform.engine.support.hierarchical.Node.around(Node.java:135)
		at org.junit.platform.engine.support.hierarchical.NodeTestTask.lambda$executeRecursively$8(NodeTestTask.java:123)
		at org.junit.platform.engine.support.hierarchical.NodeTestTask$$Lambda$174/112619572.execute(Unknown Source)
		at org.junit.platform.engine.support.hierarchical.ThrowableCollector.execute(ThrowableCollector.java:73)
		at org.junit.platform.engine.support.hierarchical.NodeTestTask.executeRecursively(NodeTestTask.java:122)
		at org.junit.platform.engine.support.hierarchical.NodeTestTask.execute(NodeTestTask.java:80)
		at org.junit.platform.engine.support.hierarchical.SameThreadHierarchicalTestExecutorService.submit(SameThreadHierarchicalTestExecutorService.java:32)
		at org.junit.platform.engine.support.hierarchical.HierarchicalTestExecutor.execute(HierarchicalTestExecutor.java:57)
		at org.junit.platform.engine.support.hierarchical.HierarchicalTestEngine.execute(HierarchicalTestEngine.java:51)
		at org.junit.platform.launcher.core.DefaultLauncher.execute(DefaultLauncher.java:248)
		at org.junit.platform.launcher.core.DefaultLauncher.lambda$execute$5(DefaultLauncher.java:211)
		at org.junit.platform.launcher.core.DefaultLauncher$$Lambda$140/1414147750.accept(Unknown Source)
		at org.junit.platform.launcher.core.DefaultLauncher.withInterceptedStreams(DefaultLauncher.java:226)
		at org.junit.platform.launcher.core.DefaultLauncher.execute(DefaultLauncher.java:199)
		at org.junit.platform.launcher.core.DefaultLauncher.execute(DefaultLauncher.java:132)
		at org.apache.maven.surefire.junitplatform.JUnitPlatformProvider.invokeAllTests(JUnitPlatformProvider.java:142)
		at org.apache.maven.surefire.junitplatform.JUnitPlatformProvider.invoke(JUnitPlatformProvider.java:113)
		at org.apache.maven.surefire.booter.ForkedBooter.invokeProviderInSameClassLoader(ForkedBooter.java:384)
		at org.apache.maven.surefire.booter.ForkedBooter.runSuitesInProcess(ForkedBooter.java:345)
		at org.apache.maven.surefire.booter.ForkedBooter.execute(ForkedBooter.java:126)
		at org.apache.maven.surefire.booter.ForkedBooter.main(ForkedBooter.java:418)
]]></error>
    <system-out><![CDATA[2021-11-08 11:10:49,769 [myid:] - INFO  [main:PortAssignment@87] - Assigned port 24927 from range 24686 - 27378.
2021-11-08 11:10:49,770 [myid:] - INFO  [main:ZKTestCase@77] - STARTING Optional[public void org.apache.zookeeper.server.quorum.QuorumRequestPipelineTest.testCreate2(org.apache.zookeeper.server.quorum.QuorumPeer$ServerState) throws java.lang.Exception]
2021-11-08 11:10:49,771 [myid:] - INFO  [main:QuorumBase@81] - QuorumBase.setup null
2021-11-08 11:10:49,772 [myid:] - INFO  [main:JMXEnv@58] - connecting to addr service:jmx:rmi://127.0.0.1/stub/rO0ABXNyAC5qYXZheC5tYW5hZ2VtZW50LnJlbW90ZS5ybWkuUk1JU2VydmVySW1wbF9TdHViAAAAAAAAAAICAAB4cgAaamF2YS5ybWkuc2VydmVyLlJlbW90ZVN0dWLp/tzJi+FlGgIAAHhyABxqYXZhLnJtaS5zZXJ2ZXIuUmVtb3RlT2JqZWN002G0kQxhMx4DAAB4cHc6AAtVbmljYXN0UmVmMgAADzE2OS4yNTQuMTU2LjIzMQAACXlAWn9PdILCvGrMPREAAAF8/YbC74BcAHg=
2021-11-08 11:10:49,775 [myid:] - INFO  [main:PortAssignment@87] - Assigned port 24928 from range 24686 - 27378.
2021-11-08 11:10:49,776 [myid:] - INFO  [main:PortAssignment@87] - Assigned port 24929 from range 24686 - 27378.
2021-11-08 11:10:49,776 [myid:] - INFO  [main:PortAssignment@87] - Assigned port 24930 from range 24686 - 27378.
2021-11-08 11:10:49,777 [myid:] - INFO  [main:PortAssignment@87] - Assigned port 24931 from range 24686 - 27378.
2021-11-08 11:10:49,777 [myid:] - INFO  [main:PortAssignment@87] - Assigned port 24932 from range 24686 - 27378.
2021-11-08 11:10:49,777 [myid:] - INFO  [main:PortAssignment@87] - Assigned port 24933 from range 24686 - 27378.
2021-11-08 11:10:49,777 [myid:] - INFO  [main:PortAssignment@87] - Assigned port 24934 from range 24686 - 27378.
2021-11-08 11:10:49,778 [myid:] - INFO  [main:PortAssignment@87] - Assigned port 24935 from range 24686 - 27378.
2021-11-08 11:10:49,778 [myid:] - INFO  [main:PortAssignment@87] - Assigned port 24936 from range 24686 - 27378.
2021-11-08 11:10:49,778 [myid:] - INFO  [main:PortAssignment@87] - Assigned port 24937 from range 24686 - 27378.
2021-11-08 11:10:49,778 [myid:] - INFO  [main:PortAssignment@87] - Assigned port 24938 from range 24686 - 27378.
2021-11-08 11:10:49,779 [myid:] - INFO  [main:PortAssignment@87] - Assigned port 24939 from range 24686 - 27378.
2021-11-08 11:10:49,779 [myid:] - INFO  [main:PortAssignment@87] - Assigned port 24940 from range 24686 - 27378.
2021-11-08 11:10:49,779 [myid:] - INFO  [main:PortAssignment@87] - Assigned port 24941 from range 24686 - 27378.
2021-11-08 11:10:49,780 [myid:] - INFO  [main:PortAssignment@87] - Assigned port 24942 from range 24686 - 27378.
2021-11-08 11:10:49,780 [myid:] - INFO  [main:QuorumBase@116] - Ports are: 127.0.0.1:24938,127.0.0.1:24939,127.0.0.1:24940,127.0.0.1:24941,127.0.0.1:24942
2021-11-08 11:10:49,786 [myid:] - INFO  [main:QuorumBase@155] - creating QuorumPeer 1 port 24938
2021-11-08 11:10:49,787 [myid:] - INFO  [main:ServerCnxnFactory@169] - Using org.apache.zookeeper.server.NIOServerCnxnFactory as server connection factory
2021-11-08 11:10:49,787 [myid:] - WARN  [main:ServerCnxnFactory@309] - maxCnxns is not configured, using default value 0.
2021-11-08 11:10:49,787 [myid:] - INFO  [main:NIOServerCnxnFactory@652] - Configuring NIO connection handler with 10s sessionless connection timeout, 1 selector thread(s), 12 worker threads, and 64 kB direct buffers.
2021-11-08 11:10:49,788 [myid:] - INFO  [main:NIOServerCnxnFactory@660] - binding to port /127.0.0.1:24938
2021-11-08 11:10:49,806 [myid:] - INFO  [main:FileTxnSnapLog@124] - zookeeper.snapshot.trust.empty : false
2021-11-08 11:10:49,824 [myid:] - INFO  [main:ZKTestCase@82] - FINISHED Optional[public void org.apache.zookeeper.server.quorum.QuorumRequestPipelineTest.testCreate2(org.apache.zookeeper.server.quorum.QuorumPeer$ServerState) throws java.lang.Exception]
]]></system-out>
  </testcase>
  <testcase name="testCreate2{ServerState}[2]" classname="org.apache.zookeeper.server.quorum.QuorumRequestPipelineTest" time="0.018">
    <error message="org/apache/zookeeper/ZooDefs$Ids" type="java.lang.NoClassDefFoundError"><![CDATA[java.lang.NoClassDefFoundError: org/apache/zookeeper/ZooDefs$Ids
	at org.apache.zookeeper.server.DataTree.addConfigNode(DataTree.java:327)
	at org.apache.zookeeper.server.DataTree.<init>(DataTree.java:300)
	at org.apache.zookeeper.server.DataTree.<init>(DataTree.java:282)
	at org.apache.zookeeper.server.ZKDatabase.createDataTree(ZKDatabase.java:727)
	at org.apache.zookeeper.server.ZKDatabase.<init>(ZKDatabase.java:110)
	at org.apache.zookeeper.server.quorum.QuorumPeer.<init>(QuorumPeer.java:1098)
	at org.apache.zookeeper.server.quorum.QuorumPeer.<init>(QuorumPeer.java:1242)
	at org.apache.zookeeper.test.QuorumBase.startServers(QuorumBase.java:156)
	at org.apache.zookeeper.test.QuorumBase.setUp(QuorumBase.java:124)
	at org.apache.zookeeper.server.quorum.QuorumRequestPipelineTest.setUp(QuorumRequestPipelineTest.java:72)
	at org.apache.zookeeper.server.quorum.QuorumRequestPipelineTest.testCreate2(QuorumRequestPipelineTest.java:101)
	Suppressed: java.lang.NullPointerException
		at org.apache.zookeeper.server.quorum.QuorumRequestPipelineTest.tearDown(QuorumRequestPipelineTest.java:80)
		at sun.reflect.GeneratedMethodAccessor12.invoke(Unknown Source)
		at sun.reflect.DelegatingMethodAccessorImpl.invoke(DelegatingMethodAccessorImpl.java:43)
		at java.lang.reflect.Method.invoke(Method.java:483)
		at org.junit.platform.commons.util.ReflectionUtils.invokeMethod(ReflectionUtils.java:686)
		at org.junit.jupiter.engine.execution.MethodInvocation.proceed(MethodInvocation.java:60)
		at org.junit.jupiter.engine.execution.InvocationInterceptorChain$ValidatingInvocation.proceed(InvocationInterceptorChain.java:131)
		at org.junit.jupiter.engine.extension.TimeoutExtension.intercept(TimeoutExtension.java:149)
		at org.junit.jupiter.engine.extension.TimeoutExtension.interceptLifecycleMethod(TimeoutExtension.java:126)
		at org.junit.jupiter.engine.extension.TimeoutExtension.interceptAfterEachMethod(TimeoutExtension.java:108)
		at org.junit.jupiter.engine.descriptor.ClassBasedTestDescriptor$$Lambda$363/2003891312.apply(Unknown Source)
		at org.junit.jupiter.engine.execution.ExecutableInvoker$ReflectiveInterceptorCall.lambda$ofVoidMethod$0(ExecutableInvoker.java:115)
		at org.junit.jupiter.engine.execution.ExecutableInvoker$ReflectiveInterceptorCall$$Lambda$230/315860201.apply(Unknown Source)
		at org.junit.jupiter.engine.execution.ExecutableInvoker.lambda$invoke$0(ExecutableInvoker.java:105)
		at org.junit.jupiter.engine.execution.ExecutableInvoker$$Lambda$231/720167805.apply(Unknown Source)
		at org.junit.jupiter.engine.execution.InvocationInterceptorChain$InterceptedInvocation.proceed(InvocationInterceptorChain.java:106)
		at org.junit.jupiter.engine.execution.InvocationInterceptorChain.proceed(InvocationInterceptorChain.java:64)
		at org.junit.jupiter.engine.execution.InvocationInterceptorChain.chainAndInvoke(InvocationInterceptorChain.java:45)
		at org.junit.jupiter.engine.execution.InvocationInterceptorChain.invoke(InvocationInterceptorChain.java:37)
		at org.junit.jupiter.engine.execution.ExecutableInvoker.invoke(ExecutableInvoker.java:104)
		at org.junit.jupiter.engine.execution.ExecutableInvoker.invoke(ExecutableInvoker.java:98)
		at org.junit.jupiter.engine.descriptor.ClassBasedTestDescriptor.invokeMethodInExtensionContext(ClassBasedTestDescriptor.java:481)
		at org.junit.jupiter.engine.descriptor.ClassBasedTestDescriptor.lambda$synthesizeAfterEachMethodAdapter$19(ClassBasedTestDescriptor.java:471)
		at org.junit.jupiter.engine.descriptor.ClassBasedTestDescriptor$$Lambda$206/1371006431.invokeAfterEachMethod(Unknown Source)
		at org.junit.jupiter.engine.descriptor.TestMethodTestDescriptor.lambda$invokeAfterEachMethods$9(TestMethodTestDescriptor.java:238)
		at org.junit.jupiter.engine.descriptor.TestMethodTestDescriptor$$Lambda$362/221634215.invoke(Unknown Source)
		at org.junit.jupiter.engine.descriptor.TestMethodTestDescriptor.lambda$invokeAllAfterMethodsOrCallbacks$12(TestMethodTestDescriptor.java:271)
		at org.junit.jupiter.engine.descriptor.TestMethodTestDescriptor$$Lambda$361/664792509.execute(Unknown Source)
		at org.junit.platform.engine.support.hierarchical.ThrowableCollector.execute(ThrowableCollector.java:73)
		at org.junit.jupiter.engine.descriptor.TestMethodTestDescriptor.lambda$invokeAllAfterMethodsOrCallbacks$13(TestMethodTestDescriptor.java:271)
		at org.junit.jupiter.engine.descriptor.TestMethodTestDescriptor$$Lambda$360/1965237677.accept(Unknown Source)
		at java.util.ArrayList.forEach(ArrayList.java:1249)
		at org.junit.jupiter.engine.descriptor.TestMethodTestDescriptor.invokeAllAfterMethodsOrCallbacks(TestMethodTestDescriptor.java:270)
		at org.junit.jupiter.engine.descriptor.TestMethodTestDescriptor.invokeAfterEachMethods(TestMethodTestDescriptor.java:236)
		at org.junit.jupiter.engine.descriptor.TestMethodTestDescriptor.execute(TestMethodTestDescriptor.java:141)
		at org.junit.jupiter.engine.descriptor.TestMethodTestDescriptor.execute(TestMethodTestDescriptor.java:71)
		at org.junit.platform.engine.support.hierarchical.NodeTestTask.lambda$executeRecursively$5(NodeTestTask.java:135)
		at org.junit.platform.engine.support.hierarchical.NodeTestTask$$Lambda$176/1239548589.execute(Unknown Source)
		at org.junit.platform.engine.support.hierarchical.ThrowableCollector.execute(ThrowableCollector.java:73)
		at org.junit.platform.engine.support.hierarchical.NodeTestTask.lambda$executeRecursively$7(NodeTestTask.java:125)
		at org.junit.platform.engine.support.hierarchical.NodeTestTask$$Lambda$175/1634132079.invoke(Unknown Source)
		at org.junit.platform.engine.support.hierarchical.Node.around(Node.java:135)
		at org.junit.platform.engine.support.hierarchical.NodeTestTask.lambda$executeRecursively$8(NodeTestTask.java:123)
		at org.junit.platform.engine.support.hierarchical.NodeTestTask$$Lambda$174/112619572.execute(Unknown Source)
		at org.junit.platform.engine.support.hierarchical.ThrowableCollector.execute(ThrowableCollector.java:73)
		at org.junit.platform.engine.support.hierarchical.NodeTestTask.executeRecursively(NodeTestTask.java:122)
		at org.junit.platform.engine.support.hierarchical.NodeTestTask.execute(NodeTestTask.java:80)
		at org.junit.platform.engine.support.hierarchical.SameThreadHierarchicalTestExecutorService.submit(SameThreadHierarchicalTestExecutorService.java:32)
		at org.junit.platform.engine.support.hierarchical.NodeTestTask$DefaultDynamicTestExecutor.execute(NodeTestTask.java:198)
		at org.junit.jupiter.engine.descriptor.TestTemplateTestDescriptor.execute(TestTemplateTestDescriptor.java:138)
		at org.junit.jupiter.engine.descriptor.TestTemplateTestDescriptor.lambda$execute$2(TestTemplateTestDescriptor.java:106)
		at org.junit.jupiter.engine.descriptor.TestTemplateTestDescriptor$$Lambda$252/1846406218.accept(Unknown Source)
		at java.util.stream.ForEachOps$ForEachOp$OfRef.accept(ForEachOps.java:183)
		at java.util.stream.ReferencePipeline$3$1.accept(ReferencePipeline.java:193)
		at java.util.stream.ReferencePipeline$2$1.accept(ReferencePipeline.java:175)
		at java.util.stream.ReferencePipeline$3$1.accept(ReferencePipeline.java:193)
		at java.util.stream.ForEachOps$ForEachOp$OfRef.accept(ForEachOps.java:183)
		at java.util.stream.ReferencePipeline$11$1.accept(ReferencePipeline.java:373)
		at java.util.stream.ReferencePipeline$3$1.accept(ReferencePipeline.java:193)
		at java.util.stream.ReferencePipeline$3$1.accept(ReferencePipeline.java:193)
		at java.util.stream.ReferencePipeline$3$1.accept(ReferencePipeline.java:193)
		at java.util.stream.ForEachOps$ForEachOp$OfRef.accept(ForEachOps.java:183)
		at java.util.stream.ReferencePipeline$3$1.accept(ReferencePipeline.java:193)
		at java.util.Spliterators$ArraySpliterator.forEachRemaining(Spliterators.java:948)
		at java.util.stream.ReferencePipeline$Head.forEach(ReferencePipeline.java:580)
		at java.util.stream.ReferencePipeline$7$1.accept(ReferencePipeline.java:270)
		at java.util.stream.ReferencePipeline$3$1.accept(ReferencePipeline.java:193)
		at java.util.stream.ReferencePipeline$3$1.accept(ReferencePipeline.java:193)
		at java.util.Spliterators$ArraySpliterator.forEachRemaining(Spliterators.java:948)
		at java.util.stream.AbstractPipeline.copyInto(AbstractPipeline.java:512)
		at java.util.stream.AbstractPipeline.wrapAndCopyInto(AbstractPipeline.java:502)
		at java.util.stream.ForEachOps$ForEachOp.evaluateSequential(ForEachOps.java:150)
		at java.util.stream.ForEachOps$ForEachOp$OfRef.evaluateSequential(ForEachOps.java:173)
		at java.util.stream.AbstractPipeline.evaluate(AbstractPipeline.java:234)
		at java.util.stream.ReferencePipeline.forEach(ReferencePipeline.java:418)
		at java.util.stream.ReferencePipeline$7$1.accept(ReferencePipeline.java:270)
		at java.util.stream.ReferencePipeline$3$1.accept(ReferencePipeline.java:193)
		at java.util.stream.ReferencePipeline$3$1.accept(ReferencePipeline.java:193)
		at java.util.stream.ReferencePipeline$3$1.accept(ReferencePipeline.java:193)
		at java.util.ArrayList$ArrayListSpliterator.forEachRemaining(ArrayList.java:1374)
		at java.util.stream.AbstractPipeline.copyInto(AbstractPipeline.java:512)
		at java.util.stream.AbstractPipeline.wrapAndCopyInto(AbstractPipeline.java:502)
		at java.util.stream.ForEachOps$ForEachOp.evaluateSequential(ForEachOps.java:150)
		at java.util.stream.ForEachOps$ForEachOp$OfRef.evaluateSequential(ForEachOps.java:173)
		at java.util.stream.AbstractPipeline.evaluate(AbstractPipeline.java:234)
		at java.util.stream.ReferencePipeline.forEach(ReferencePipeline.java:418)
		at java.util.stream.ReferencePipeline$7$1.accept(ReferencePipeline.java:270)
		at java.util.ArrayList$ArrayListSpliterator.forEachRemaining(ArrayList.java:1374)
		at java.util.stream.AbstractPipeline.copyInto(AbstractPipeline.java:512)
		at java.util.stream.AbstractPipeline.wrapAndCopyInto(AbstractPipeline.java:502)
		at java.util.stream.ForEachOps$ForEachOp.evaluateSequential(ForEachOps.java:150)
		at java.util.stream.ForEachOps$ForEachOp$OfRef.evaluateSequential(ForEachOps.java:173)
		at java.util.stream.AbstractPipeline.evaluate(AbstractPipeline.java:234)
		at java.util.stream.ReferencePipeline.forEach(ReferencePipeline.java:418)
		at org.junit.jupiter.engine.descriptor.TestTemplateTestDescriptor.execute(TestTemplateTestDescriptor.java:106)
		at org.junit.jupiter.engine.descriptor.TestTemplateTestDescriptor.execute(TestTemplateTestDescriptor.java:41)
		at org.junit.platform.engine.support.hierarchical.NodeTestTask.lambda$executeRecursively$5(NodeTestTask.java:135)
		at org.junit.platform.engine.support.hierarchical.NodeTestTask$$Lambda$176/1239548589.execute(Unknown Source)
		at org.junit.platform.engine.support.hierarchical.ThrowableCollector.execute(ThrowableCollector.java:73)
		at org.junit.platform.engine.support.hierarchical.NodeTestTask.lambda$executeRecursively$7(NodeTestTask.java:125)
		at org.junit.platform.engine.support.hierarchical.NodeTestTask$$Lambda$175/1634132079.invoke(Unknown Source)
		at org.junit.platform.engine.support.hierarchical.Node.around(Node.java:135)
		at org.junit.platform.engine.support.hierarchical.NodeTestTask.lambda$executeRecursively$8(NodeTestTask.java:123)
		at org.junit.platform.engine.support.hierarchical.NodeTestTask$$Lambda$174/112619572.execute(Unknown Source)
		at org.junit.platform.engine.support.hierarchical.ThrowableCollector.execute(ThrowableCollector.java:73)
		at org.junit.platform.engine.support.hierarchical.NodeTestTask.executeRecursively(NodeTestTask.java:122)
		at org.junit.platform.engine.support.hierarchical.NodeTestTask.execute(NodeTestTask.java:80)
		at org.junit.platform.engine.support.hierarchical.SameThreadHierarchicalTestExecutorService$$Lambda$180/667346055.accept(Unknown Source)
		at java.util.ArrayList.forEach(ArrayList.java:1249)
		at org.junit.platform.engine.support.hierarchical.SameThreadHierarchicalTestExecutorService.invokeAll(SameThreadHierarchicalTestExecutorService.java:38)
		at org.junit.platform.engine.support.hierarchical.NodeTestTask.lambda$executeRecursively$5(NodeTestTask.java:139)
		at org.junit.platform.engine.support.hierarchical.NodeTestTask$$Lambda$176/1239548589.execute(Unknown Source)
		at org.junit.platform.engine.support.hierarchical.ThrowableCollector.execute(ThrowableCollector.java:73)
		at org.junit.platform.engine.support.hierarchical.NodeTestTask.lambda$executeRecursively$7(NodeTestTask.java:125)
		at org.junit.platform.engine.support.hierarchical.NodeTestTask$$Lambda$175/1634132079.invoke(Unknown Source)
		at org.junit.platform.engine.support.hierarchical.Node.around(Node.java:135)
		at org.junit.platform.engine.support.hierarchical.NodeTestTask.lambda$executeRecursively$8(NodeTestTask.java:123)
		at org.junit.platform.engine.support.hierarchical.NodeTestTask$$Lambda$174/112619572.execute(Unknown Source)
		at org.junit.platform.engine.support.hierarchical.ThrowableCollector.execute(ThrowableCollector.java:73)
		at org.junit.platform.engine.support.hierarchical.NodeTestTask.executeRecursively(NodeTestTask.java:122)
		at org.junit.platform.engine.support.hierarchical.NodeTestTask.execute(NodeTestTask.java:80)
		at org.junit.platform.engine.support.hierarchical.SameThreadHierarchicalTestExecutorService$$Lambda$180/667346055.accept(Unknown Source)
		at java.util.ArrayList.forEach(ArrayList.java:1249)
		at org.junit.platform.engine.support.hierarchical.SameThreadHierarchicalTestExecutorService.invokeAll(SameThreadHierarchicalTestExecutorService.java:38)
		at org.junit.platform.engine.support.hierarchical.NodeTestTask.lambda$executeRecursively$5(NodeTestTask.java:139)
		at org.junit.platform.engine.support.hierarchical.NodeTestTask$$Lambda$176/1239548589.execute(Unknown Source)
		at org.junit.platform.engine.support.hierarchical.ThrowableCollector.execute(ThrowableCollector.java:73)
		at org.junit.platform.engine.support.hierarchical.NodeTestTask.lambda$executeRecursively$7(NodeTestTask.java:125)
		at org.junit.platform.engine.support.hierarchical.NodeTestTask$$Lambda$175/1634132079.invoke(Unknown Source)
		at org.junit.platform.engine.support.hierarchical.Node.around(Node.java:135)
		at org.junit.platform.engine.support.hierarchical.NodeTestTask.lambda$executeRecursively$8(NodeTestTask.java:123)
		at org.junit.platform.engine.support.hierarchical.NodeTestTask$$Lambda$174/112619572.execute(Unknown Source)
		at org.junit.platform.engine.support.hierarchical.ThrowableCollector.execute(ThrowableCollector.java:73)
		at org.junit.platform.engine.support.hierarchical.NodeTestTask.executeRecursively(NodeTestTask.java:122)
		at org.junit.platform.engine.support.hierarchical.NodeTestTask.execute(NodeTestTask.java:80)
		at org.junit.platform.engine.support.hierarchical.SameThreadHierarchicalTestExecutorService.submit(SameThreadHierarchicalTestExecutorService.java:32)
		at org.junit.platform.engine.support.hierarchical.HierarchicalTestExecutor.execute(HierarchicalTestExecutor.java:57)
		at org.junit.platform.engine.support.hierarchical.HierarchicalTestEngine.execute(HierarchicalTestEngine.java:51)
		at org.junit.platform.launcher.core.DefaultLauncher.execute(DefaultLauncher.java:248)
		at org.junit.platform.launcher.core.DefaultLauncher.lambda$execute$5(DefaultLauncher.java:211)
		at org.junit.platform.launcher.core.DefaultLauncher$$Lambda$140/1414147750.accept(Unknown Source)
		at org.junit.platform.launcher.core.DefaultLauncher.withInterceptedStreams(DefaultLauncher.java:226)
		at org.junit.platform.launcher.core.DefaultLauncher.execute(DefaultLauncher.java:199)
		at org.junit.platform.launcher.core.DefaultLauncher.execute(DefaultLauncher.java:132)
		at org.apache.maven.surefire.junitplatform.JUnitPlatformProvider.invokeAllTests(JUnitPlatformProvider.java:142)
		at org.apache.maven.surefire.junitplatform.JUnitPlatformProvider.invoke(JUnitPlatformProvider.java:113)
		at org.apache.maven.surefire.booter.ForkedBooter.invokeProviderInSameClassLoader(ForkedBooter.java:384)
		at org.apache.maven.surefire.booter.ForkedBooter.runSuitesInProcess(ForkedBooter.java:345)
		at org.apache.maven.surefire.booter.ForkedBooter.execute(ForkedBooter.java:126)
		at org.apache.maven.surefire.booter.ForkedBooter.main(ForkedBooter.java:418)
]]></error>
    <system-out><![CDATA[2021-11-08 11:10:49,825 [myid:] - INFO  [main:PortAssignment@87] - Assigned port 24943 from range 24686 - 27378.
2021-11-08 11:10:49,826 [myid:] - INFO  [main:ZKTestCase@77] - STARTING Optional[public void org.apache.zookeeper.server.quorum.QuorumRequestPipelineTest.testCreate2(org.apache.zookeeper.server.quorum.QuorumPeer$ServerState) throws java.lang.Exception]
2021-11-08 11:10:49,827 [myid:] - INFO  [main:QuorumBase@81] - QuorumBase.setup null
2021-11-08 11:10:49,828 [myid:] - INFO  [main:JMXEnv@58] - connecting to addr service:jmx:rmi://127.0.0.1/stub/rO0ABXNyAC5qYXZheC5tYW5hZ2VtZW50LnJlbW90ZS5ybWkuUk1JU2VydmVySW1wbF9TdHViAAAAAAAAAAICAAB4cgAaamF2YS5ybWkuc2VydmVyLlJlbW90ZVN0dWLp/tzJi+FlGgIAAHhyABxqYXZhLnJtaS5zZXJ2ZXIuUmVtb3RlT2JqZWN002G0kQxhMx4DAAB4cHc6AAtVbmljYXN0UmVmMgAADzE2OS4yNTQuMTU2LjIzMQAACXk2bBmaym4U4WrMPREAAAF8/YbC74BiAHg=
2021-11-08 11:10:49,831 [myid:] - INFO  [main:PortAssignment@87] - Assigned port 24944 from range 24686 - 27378.
2021-11-08 11:10:49,831 [myid:] - INFO  [main:PortAssignment@87] - Assigned port 24945 from range 24686 - 27378.
2021-11-08 11:10:49,832 [myid:] - INFO  [main:PortAssignment@87] - Assigned port 24946 from range 24686 - 27378.
2021-11-08 11:10:49,832 [myid:] - INFO  [main:PortAssignment@87] - Assigned port 24947 from range 24686 - 27378.
2021-11-08 11:10:49,833 [myid:] - INFO  [main:PortAssignment@87] - Assigned port 24948 from range 24686 - 27378.
2021-11-08 11:10:49,833 [myid:] - INFO  [main:PortAssignment@87] - Assigned port 24949 from range 24686 - 27378.
2021-11-08 11:10:49,834 [myid:] - INFO  [main:PortAssignment@87] - Assigned port 24950 from range 24686 - 27378.
2021-11-08 11:10:49,835 [myid:] - INFO  [main:PortAssignment@87] - Assigned port 24951 from range 24686 - 27378.
2021-11-08 11:10:49,835 [myid:] - INFO  [main:PortAssignment@87] - Assigned port 24952 from range 24686 - 27378.
2021-11-08 11:10:49,835 [myid:] - INFO  [main:PortAssignment@87] - Assigned port 24953 from range 24686 - 27378.
2021-11-08 11:10:49,836 [myid:] - INFO  [main:PortAssignment@87] - Assigned port 24954 from range 24686 - 27378.
2021-11-08 11:10:49,836 [myid:] - INFO  [main:PortAssignment@87] - Assigned port 24955 from range 24686 - 27378.
2021-11-08 11:10:49,837 [myid:] - INFO  [main:PortAssignment@87] - Assigned port 24956 from range 24686 - 27378.
2021-11-08 11:10:49,837 [myid:] - INFO  [main:PortAssignment@87] - Assigned port 24957 from range 24686 - 27378.
2021-11-08 11:10:49,837 [myid:] - INFO  [main:PortAssignment@87] - Assigned port 24958 from range 24686 - 27378.
2021-11-08 11:10:49,838 [myid:] - INFO  [main:QuorumBase@116] - Ports are: 127.0.0.1:24954,127.0.0.1:24955,127.0.0.1:24956,127.0.0.1:24957,127.0.0.1:24958
2021-11-08 11:10:49,845 [myid:] - INFO  [main:QuorumBase@155] - creating QuorumPeer 1 port 24954
2021-11-08 11:10:49,846 [myid:] - INFO  [main:ServerCnxnFactory@169] - Using org.apache.zookeeper.server.NIOServerCnxnFactory as server connection factory
2021-11-08 11:10:49,846 [myid:] - WARN  [main:ServerCnxnFactory@309] - maxCnxns is not configured, using default value 0.
2021-11-08 11:10:49,846 [myid:] - INFO  [main:NIOServerCnxnFactory@652] - Configuring NIO connection handler with 10s sessionless connection timeout, 1 selector thread(s), 12 worker threads, and 64 kB direct buffers.
2021-11-08 11:10:49,847 [myid:] - INFO  [main:NIOServerCnxnFactory@660] - binding to port /127.0.0.1:24954
2021-11-08 11:10:49,848 [myid:] - INFO  [main:FileTxnSnapLog@124] - zookeeper.snapshot.trust.empty : false
2021-11-08 11:10:49,851 [myid:] - INFO  [main:ZKTestCase@82] - FINISHED Optional[public void org.apache.zookeeper.server.quorum.QuorumRequestPipelineTest.testCreate2(org.apache.zookeeper.server.quorum.QuorumPeer$ServerState) throws java.lang.Exception]
]]></system-out>
  </testcase>
  <testcase name="testCreate2{ServerState}[3]" classname="org.apache.zookeeper.server.quorum.QuorumRequestPipelineTest" time="0.036">
    <error message="org/apache/zookeeper/ZooDefs$Ids" type="java.lang.NoClassDefFoundError"><![CDATA[java.lang.NoClassDefFoundError: org/apache/zookeeper/ZooDefs$Ids
	at org.apache.zookeeper.server.DataTree.addConfigNode(DataTree.java:327)
	at org.apache.zookeeper.server.DataTree.<init>(DataTree.java:300)
	at org.apache.zookeeper.server.DataTree.<init>(DataTree.java:282)
	at org.apache.zookeeper.server.ZKDatabase.createDataTree(ZKDatabase.java:727)
	at org.apache.zookeeper.server.ZKDatabase.<init>(ZKDatabase.java:110)
	at org.apache.zookeeper.server.quorum.QuorumPeer.<init>(QuorumPeer.java:1098)
	at org.apache.zookeeper.server.quorum.QuorumPeer.<init>(QuorumPeer.java:1242)
	at org.apache.zookeeper.test.QuorumBase.startServers(QuorumBase.java:156)
	at org.apache.zookeeper.test.QuorumBase.setUp(QuorumBase.java:124)
	at org.apache.zookeeper.server.quorum.QuorumRequestPipelineTest.setUp(QuorumRequestPipelineTest.java:72)
	at org.apache.zookeeper.server.quorum.QuorumRequestPipelineTest.testCreate2(QuorumRequestPipelineTest.java:101)
	Suppressed: java.lang.NullPointerException
		at org.apache.zookeeper.server.quorum.QuorumRequestPipelineTest.tearDown(QuorumRequestPipelineTest.java:80)
		at sun.reflect.GeneratedMethodAccessor12.invoke(Unknown Source)
		at sun.reflect.DelegatingMethodAccessorImpl.invoke(DelegatingMethodAccessorImpl.java:43)
		at java.lang.reflect.Method.invoke(Method.java:483)
		at org.junit.platform.commons.util.ReflectionUtils.invokeMethod(ReflectionUtils.java:686)
		at org.junit.jupiter.engine.execution.MethodInvocation.proceed(MethodInvocation.java:60)
		at org.junit.jupiter.engine.execution.InvocationInterceptorChain$ValidatingInvocation.proceed(InvocationInterceptorChain.java:131)
		at org.junit.jupiter.engine.extension.TimeoutExtension.intercept(TimeoutExtension.java:149)
		at org.junit.jupiter.engine.extension.TimeoutExtension.interceptLifecycleMethod(TimeoutExtension.java:126)
		at org.junit.jupiter.engine.extension.TimeoutExtension.interceptAfterEachMethod(TimeoutExtension.java:108)
		at org.junit.jupiter.engine.descriptor.ClassBasedTestDescriptor$$Lambda$363/2003891312.apply(Unknown Source)
		at org.junit.jupiter.engine.execution.ExecutableInvoker$ReflectiveInterceptorCall.lambda$ofVoidMethod$0(ExecutableInvoker.java:115)
		at org.junit.jupiter.engine.execution.ExecutableInvoker$ReflectiveInterceptorCall$$Lambda$230/315860201.apply(Unknown Source)
		at org.junit.jupiter.engine.execution.ExecutableInvoker.lambda$invoke$0(ExecutableInvoker.java:105)
		at org.junit.jupiter.engine.execution.ExecutableInvoker$$Lambda$231/720167805.apply(Unknown Source)
		at org.junit.jupiter.engine.execution.InvocationInterceptorChain$InterceptedInvocation.proceed(InvocationInterceptorChain.java:106)
		at org.junit.jupiter.engine.execution.InvocationInterceptorChain.proceed(InvocationInterceptorChain.java:64)
		at org.junit.jupiter.engine.execution.InvocationInterceptorChain.chainAndInvoke(InvocationInterceptorChain.java:45)
		at org.junit.jupiter.engine.execution.InvocationInterceptorChain.invoke(InvocationInterceptorChain.java:37)
		at org.junit.jupiter.engine.execution.ExecutableInvoker.invoke(ExecutableInvoker.java:104)
		at org.junit.jupiter.engine.execution.ExecutableInvoker.invoke(ExecutableInvoker.java:98)
		at org.junit.jupiter.engine.descriptor.ClassBasedTestDescriptor.invokeMethodInExtensionContext(ClassBasedTestDescriptor.java:481)
		at org.junit.jupiter.engine.descriptor.ClassBasedTestDescriptor.lambda$synthesizeAfterEachMethodAdapter$19(ClassBasedTestDescriptor.java:471)
		at org.junit.jupiter.engine.descriptor.ClassBasedTestDescriptor$$Lambda$206/1371006431.invokeAfterEachMethod(Unknown Source)
		at org.junit.jupiter.engine.descriptor.TestMethodTestDescriptor.lambda$invokeAfterEachMethods$9(TestMethodTestDescriptor.java:238)
		at org.junit.jupiter.engine.descriptor.TestMethodTestDescriptor$$Lambda$362/221634215.invoke(Unknown Source)
		at org.junit.jupiter.engine.descriptor.TestMethodTestDescriptor.lambda$invokeAllAfterMethodsOrCallbacks$12(TestMethodTestDescriptor.java:271)
		at org.junit.jupiter.engine.descriptor.TestMethodTestDescriptor$$Lambda$361/664792509.execute(Unknown Source)
		at org.junit.platform.engine.support.hierarchical.ThrowableCollector.execute(ThrowableCollector.java:73)
		at org.junit.jupiter.engine.descriptor.TestMethodTestDescriptor.lambda$invokeAllAfterMethodsOrCallbacks$13(TestMethodTestDescriptor.java:271)
		at org.junit.jupiter.engine.descriptor.TestMethodTestDescriptor$$Lambda$360/1965237677.accept(Unknown Source)
		at java.util.ArrayList.forEach(ArrayList.java:1249)
		at org.junit.jupiter.engine.descriptor.TestMethodTestDescriptor.invokeAllAfterMethodsOrCallbacks(TestMethodTestDescriptor.java:270)
		at org.junit.jupiter.engine.descriptor.TestMethodTestDescriptor.invokeAfterEachMethods(TestMethodTestDescriptor.java:236)
		at org.junit.jupiter.engine.descriptor.TestMethodTestDescriptor.execute(TestMethodTestDescriptor.java:141)
		at org.junit.jupiter.engine.descriptor.TestMethodTestDescriptor.execute(TestMethodTestDescriptor.java:71)
		at org.junit.platform.engine.support.hierarchical.NodeTestTask.lambda$executeRecursively$5(NodeTestTask.java:135)
		at org.junit.platform.engine.support.hierarchical.NodeTestTask$$Lambda$176/1239548589.execute(Unknown Source)
		at org.junit.platform.engine.support.hierarchical.ThrowableCollector.execute(ThrowableCollector.java:73)
		at org.junit.platform.engine.support.hierarchical.NodeTestTask.lambda$executeRecursively$7(NodeTestTask.java:125)
		at org.junit.platform.engine.support.hierarchical.NodeTestTask$$Lambda$175/1634132079.invoke(Unknown Source)
		at org.junit.platform.engine.support.hierarchical.Node.around(Node.java:135)
		at org.junit.platform.engine.support.hierarchical.NodeTestTask.lambda$executeRecursively$8(NodeTestTask.java:123)
		at org.junit.platform.engine.support.hierarchical.NodeTestTask$$Lambda$174/112619572.execute(Unknown Source)
		at org.junit.platform.engine.support.hierarchical.ThrowableCollector.execute(ThrowableCollector.java:73)
		at org.junit.platform.engine.support.hierarchical.NodeTestTask.executeRecursively(NodeTestTask.java:122)
		at org.junit.platform.engine.support.hierarchical.NodeTestTask.execute(NodeTestTask.java:80)
		at org.junit.platform.engine.support.hierarchical.SameThreadHierarchicalTestExecutorService.submit(SameThreadHierarchicalTestExecutorService.java:32)
		at org.junit.platform.engine.support.hierarchical.NodeTestTask$DefaultDynamicTestExecutor.execute(NodeTestTask.java:198)
		at org.junit.jupiter.engine.descriptor.TestTemplateTestDescriptor.execute(TestTemplateTestDescriptor.java:138)
		at org.junit.jupiter.engine.descriptor.TestTemplateTestDescriptor.lambda$execute$2(TestTemplateTestDescriptor.java:106)
		at org.junit.jupiter.engine.descriptor.TestTemplateTestDescriptor$$Lambda$252/1846406218.accept(Unknown Source)
		at java.util.stream.ForEachOps$ForEachOp$OfRef.accept(ForEachOps.java:183)
		at java.util.stream.ReferencePipeline$3$1.accept(ReferencePipeline.java:193)
		at java.util.stream.ReferencePipeline$2$1.accept(ReferencePipeline.java:175)
		at java.util.stream.ReferencePipeline$3$1.accept(ReferencePipeline.java:193)
		at java.util.stream.ForEachOps$ForEachOp$OfRef.accept(ForEachOps.java:183)
		at java.util.stream.ReferencePipeline$11$1.accept(ReferencePipeline.java:373)
		at java.util.stream.ReferencePipeline$3$1.accept(ReferencePipeline.java:193)
		at java.util.stream.ReferencePipeline$3$1.accept(ReferencePipeline.java:193)
		at java.util.stream.ReferencePipeline$3$1.accept(ReferencePipeline.java:193)
		at java.util.stream.ForEachOps$ForEachOp$OfRef.accept(ForEachOps.java:183)
		at java.util.stream.ReferencePipeline$3$1.accept(ReferencePipeline.java:193)
		at java.util.Spliterators$ArraySpliterator.forEachRemaining(Spliterators.java:948)
		at java.util.stream.ReferencePipeline$Head.forEach(ReferencePipeline.java:580)
		at java.util.stream.ReferencePipeline$7$1.accept(ReferencePipeline.java:270)
		at java.util.stream.ReferencePipeline$3$1.accept(ReferencePipeline.java:193)
		at java.util.stream.ReferencePipeline$3$1.accept(ReferencePipeline.java:193)
		at java.util.Spliterators$ArraySpliterator.forEachRemaining(Spliterators.java:948)
		at java.util.stream.AbstractPipeline.copyInto(AbstractPipeline.java:512)
		at java.util.stream.AbstractPipeline.wrapAndCopyInto(AbstractPipeline.java:502)
		at java.util.stream.ForEachOps$ForEachOp.evaluateSequential(ForEachOps.java:150)
		at java.util.stream.ForEachOps$ForEachOp$OfRef.evaluateSequential(ForEachOps.java:173)
		at java.util.stream.AbstractPipeline.evaluate(AbstractPipeline.java:234)
		at java.util.stream.ReferencePipeline.forEach(ReferencePipeline.java:418)
		at java.util.stream.ReferencePipeline$7$1.accept(ReferencePipeline.java:270)
		at java.util.stream.ReferencePipeline$3$1.accept(ReferencePipeline.java:193)
		at java.util.stream.ReferencePipeline$3$1.accept(ReferencePipeline.java:193)
		at java.util.stream.ReferencePipeline$3$1.accept(ReferencePipeline.java:193)
		at java.util.ArrayList$ArrayListSpliterator.forEachRemaining(ArrayList.java:1374)
		at java.util.stream.AbstractPipeline.copyInto(AbstractPipeline.java:512)
		at java.util.stream.AbstractPipeline.wrapAndCopyInto(AbstractPipeline.java:502)
		at java.util.stream.ForEachOps$ForEachOp.evaluateSequential(ForEachOps.java:150)
		at java.util.stream.ForEachOps$ForEachOp$OfRef.evaluateSequential(ForEachOps.java:173)
		at java.util.stream.AbstractPipeline.evaluate(AbstractPipeline.java:234)
		at java.util.stream.ReferencePipeline.forEach(ReferencePipeline.java:418)
		at java.util.stream.ReferencePipeline$7$1.accept(ReferencePipeline.java:270)
		at java.util.ArrayList$ArrayListSpliterator.forEachRemaining(ArrayList.java:1374)
		at java.util.stream.AbstractPipeline.copyInto(AbstractPipeline.java:512)
		at java.util.stream.AbstractPipeline.wrapAndCopyInto(AbstractPipeline.java:502)
		at java.util.stream.ForEachOps$ForEachOp.evaluateSequential(ForEachOps.java:150)
		at java.util.stream.ForEachOps$ForEachOp$OfRef.evaluateSequential(ForEachOps.java:173)
		at java.util.stream.AbstractPipeline.evaluate(AbstractPipeline.java:234)
		at java.util.stream.ReferencePipeline.forEach(ReferencePipeline.java:418)
		at org.junit.jupiter.engine.descriptor.TestTemplateTestDescriptor.execute(TestTemplateTestDescriptor.java:106)
		at org.junit.jupiter.engine.descriptor.TestTemplateTestDescriptor.execute(TestTemplateTestDescriptor.java:41)
		at org.junit.platform.engine.support.hierarchical.NodeTestTask.lambda$executeRecursively$5(NodeTestTask.java:135)
		at org.junit.platform.engine.support.hierarchical.NodeTestTask$$Lambda$176/1239548589.execute(Unknown Source)
		at org.junit.platform.engine.support.hierarchical.ThrowableCollector.execute(ThrowableCollector.java:73)
		at org.junit.platform.engine.support.hierarchical.NodeTestTask.lambda$executeRecursively$7(NodeTestTask.java:125)
		at org.junit.platform.engine.support.hierarchical.NodeTestTask$$Lambda$175/1634132079.invoke(Unknown Source)
		at org.junit.platform.engine.support.hierarchical.Node.around(Node.java:135)
		at org.junit.platform.engine.support.hierarchical.NodeTestTask.lambda$executeRecursively$8(NodeTestTask.java:123)
		at org.junit.platform.engine.support.hierarchical.NodeTestTask$$Lambda$174/112619572.execute(Unknown Source)
		at org.junit.platform.engine.support.hierarchical.ThrowableCollector.execute(ThrowableCollector.java:73)
		at org.junit.platform.engine.support.hierarchical.NodeTestTask.executeRecursively(NodeTestTask.java:122)
		at org.junit.platform.engine.support.hierarchical.NodeTestTask.execute(NodeTestTask.java:80)
		at org.junit.platform.engine.support.hierarchical.SameThreadHierarchicalTestExecutorService$$Lambda$180/667346055.accept(Unknown Source)
		at java.util.ArrayList.forEach(ArrayList.java:1249)
		at org.junit.platform.engine.support.hierarchical.SameThreadHierarchicalTestExecutorService.invokeAll(SameThreadHierarchicalTestExecutorService.java:38)
		at org.junit.platform.engine.support.hierarchical.NodeTestTask.lambda$executeRecursively$5(NodeTestTask.java:139)
		at org.junit.platform.engine.support.hierarchical.NodeTestTask$$Lambda$176/1239548589.execute(Unknown Source)
		at org.junit.platform.engine.support.hierarchical.ThrowableCollector.execute(ThrowableCollector.java:73)
		at org.junit.platform.engine.support.hierarchical.NodeTestTask.lambda$executeRecursively$7(NodeTestTask.java:125)
		at org.junit.platform.engine.support.hierarchical.NodeTestTask$$Lambda$175/1634132079.invoke(Unknown Source)
		at org.junit.platform.engine.support.hierarchical.Node.around(Node.java:135)
		at org.junit.platform.engine.support.hierarchical.NodeTestTask.lambda$executeRecursively$8(NodeTestTask.java:123)
		at org.junit.platform.engine.support.hierarchical.NodeTestTask$$Lambda$174/112619572.execute(Unknown Source)
		at org.junit.platform.engine.support.hierarchical.ThrowableCollector.execute(ThrowableCollector.java:73)
		at org.junit.platform.engine.support.hierarchical.NodeTestTask.executeRecursively(NodeTestTask.java:122)
		at org.junit.platform.engine.support.hierarchical.NodeTestTask.execute(NodeTestTask.java:80)
		at org.junit.platform.engine.support.hierarchical.SameThreadHierarchicalTestExecutorService$$Lambda$180/667346055.accept(Unknown Source)
		at java.util.ArrayList.forEach(ArrayList.java:1249)
		at org.junit.platform.engine.support.hierarchical.SameThreadHierarchicalTestExecutorService.invokeAll(SameThreadHierarchicalTestExecutorService.java:38)
		at org.junit.platform.engine.support.hierarchical.NodeTestTask.lambda$executeRecursively$5(NodeTestTask.java:139)
		at org.junit.platform.engine.support.hierarchical.NodeTestTask$$Lambda$176/1239548589.execute(Unknown Source)
		at org.junit.platform.engine.support.hierarchical.ThrowableCollector.execute(ThrowableCollector.java:73)
		at org.junit.platform.engine.support.hierarchical.NodeTestTask.lambda$executeRecursively$7(NodeTestTask.java:125)
		at org.junit.platform.engine.support.hierarchical.NodeTestTask$$Lambda$175/1634132079.invoke(Unknown Source)
		at org.junit.platform.engine.support.hierarchical.Node.around(Node.java:135)
		at org.junit.platform.engine.support.hierarchical.NodeTestTask.lambda$executeRecursively$8(NodeTestTask.java:123)
		at org.junit.platform.engine.support.hierarchical.NodeTestTask$$Lambda$174/112619572.execute(Unknown Source)
		at org.junit.platform.engine.support.hierarchical.ThrowableCollector.execute(ThrowableCollector.java:73)
		at org.junit.platform.engine.support.hierarchical.NodeTestTask.executeRecursively(NodeTestTask.java:122)
		at org.junit.platform.engine.support.hierarchical.NodeTestTask.execute(NodeTestTask.java:80)
		at org.junit.platform.engine.support.hierarchical.SameThreadHierarchicalTestExecutorService.submit(SameThreadHierarchicalTestExecutorService.java:32)
		at org.junit.platform.engine.support.hierarchical.HierarchicalTestExecutor.execute(HierarchicalTestExecutor.java:57)
		at org.junit.platform.engine.support.hierarchical.HierarchicalTestEngine.execute(HierarchicalTestEngine.java:51)
		at org.junit.platform.launcher.core.DefaultLauncher.execute(DefaultLauncher.java:248)
		at org.junit.platform.launcher.core.DefaultLauncher.lambda$execute$5(DefaultLauncher.java:211)
		at org.junit.platform.launcher.core.DefaultLauncher$$Lambda$140/1414147750.accept(Unknown Source)
		at org.junit.platform.launcher.core.DefaultLauncher.withInterceptedStreams(DefaultLauncher.java:226)
		at org.junit.platform.launcher.core.DefaultLauncher.execute(DefaultLauncher.java:199)
		at org.junit.platform.launcher.core.DefaultLauncher.execute(DefaultLauncher.java:132)
		at org.apache.maven.surefire.junitplatform.JUnitPlatformProvider.invokeAllTests(JUnitPlatformProvider.java:142)
		at org.apache.maven.surefire.junitplatform.JUnitPlatformProvider.invoke(JUnitPlatformProvider.java:113)
		at org.apache.maven.surefire.booter.ForkedBooter.invokeProviderInSameClassLoader(ForkedBooter.java:384)
		at org.apache.maven.surefire.booter.ForkedBooter.runSuitesInProcess(ForkedBooter.java:345)
		at org.apache.maven.surefire.booter.ForkedBooter.execute(ForkedBooter.java:126)
		at org.apache.maven.surefire.booter.ForkedBooter.main(ForkedBooter.java:418)
]]></error>
    <system-out><![CDATA[2021-11-08 11:10:49,853 [myid:] - INFO  [main:PortAssignment@87] - Assigned port 24959 from range 24686 - 27378.
2021-11-08 11:10:49,854 [myid:] - INFO  [main:ZKTestCase@77] - STARTING Optional[public void org.apache.zookeeper.server.quorum.QuorumRequestPipelineTest.testCreate2(org.apache.zookeeper.server.quorum.QuorumPeer$ServerState) throws java.lang.Exception]
2021-11-08 11:10:49,854 [myid:] - INFO  [main:QuorumBase@81] - QuorumBase.setup null
2021-11-08 11:10:49,855 [myid:] - INFO  [main:JMXEnv@58] - connecting to addr service:jmx:rmi://127.0.0.1/stub/rO0ABXNyAC5qYXZheC5tYW5hZ2VtZW50LnJlbW90ZS5ybWkuUk1JU2VydmVySW1wbF9TdHViAAAAAAAAAAICAAB4cgAaamF2YS5ybWkuc2VydmVyLlJlbW90ZVN0dWLp/tzJi+FlGgIAAHhyABxqYXZhLnJtaS5zZXJ2ZXIuUmVtb3RlT2JqZWN002G0kQxhMx4DAAB4cHc6AAtVbmljYXN0UmVmMgAADzE2OS4yNTQuMTU2LjIzMQAACXm0f5WPBTi01WrMPREAAAF8/YbC74BoAHg=
2021-11-08 11:10:49,858 [myid:] - INFO  [main:PortAssignment@87] - Assigned port 24960 from range 24686 - 27378.
2021-11-08 11:10:49,859 [myid:] - INFO  [main:PortAssignment@87] - Assigned port 24961 from range 24686 - 27378.
2021-11-08 11:10:49,859 [myid:] - INFO  [main:PortAssignment@87] - Assigned port 24962 from range 24686 - 27378.
2021-11-08 11:10:49,860 [myid:] - INFO  [main:PortAssignment@87] - Assigned port 24963 from range 24686 - 27378.
2021-11-08 11:10:49,860 [myid:] - INFO  [main:PortAssignment@87] - Assigned port 24964 from range 24686 - 27378.
2021-11-08 11:10:49,860 [myid:] - INFO  [main:PortAssignment@87] - Assigned port 24965 from range 24686 - 27378.
2021-11-08 11:10:49,860 [myid:] - INFO  [main:PortAssignment@87] - Assigned port 24966 from range 24686 - 27378.
2021-11-08 11:10:49,861 [myid:] - INFO  [main:PortAssignment@87] - Assigned port 24967 from range 24686 - 27378.
2021-11-08 11:10:49,861 [myid:] - INFO  [main:PortAssignment@87] - Assigned port 24968 from range 24686 - 27378.
2021-11-08 11:10:49,861 [myid:] - INFO  [main:PortAssignment@87] - Assigned port 24969 from range 24686 - 27378.
2021-11-08 11:10:49,862 [myid:] - INFO  [main:PortAssignment@87] - Assigned port 24970 from range 24686 - 27378.
2021-11-08 11:10:49,862 [myid:] - INFO  [main:PortAssignment@87] - Assigned port 24971 from range 24686 - 27378.
2021-11-08 11:10:49,862 [myid:] - INFO  [main:PortAssignment@87] - Assigned port 24972 from range 24686 - 27378.
2021-11-08 11:10:49,863 [myid:] - INFO  [main:PortAssignment@87] - Assigned port 24973 from range 24686 - 27378.
2021-11-08 11:10:49,863 [myid:] - INFO  [main:PortAssignment@87] - Assigned port 24974 from range 24686 - 27378.
2021-11-08 11:10:49,863 [myid:] - INFO  [main:QuorumBase@116] - Ports are: 127.0.0.1:24970,127.0.0.1:24971,127.0.0.1:24972,127.0.0.1:24973,127.0.0.1:24974
2021-11-08 11:10:49,879 [myid:] - INFO  [main:QuorumBase@155] - creating QuorumPeer 1 port 24970
2021-11-08 11:10:49,879 [myid:] - INFO  [main:ServerCnxnFactory@169] - Using org.apache.zookeeper.server.NIOServerCnxnFactory as server connection factory
2021-11-08 11:10:49,880 [myid:] - WARN  [main:ServerCnxnFactory@309] - maxCnxns is not configured, using default value 0.
2021-11-08 11:10:49,880 [myid:] - INFO  [main:NIOServerCnxnFactory@652] - Configuring NIO connection handler with 10s sessionless connection timeout, 1 selector thread(s), 12 worker threads, and 64 kB direct buffers.
2021-11-08 11:10:49,881 [myid:] - INFO  [main:NIOServerCnxnFactory@660] - binding to port /127.0.0.1:24970
2021-11-08 11:10:49,882 [myid:] - INFO  [main:FileTxnSnapLog@124] - zookeeper.snapshot.trust.empty : false
2021-11-08 11:10:49,888 [myid:] - INFO  [main:ZKTestCase@82] - FINISHED Optional[public void org.apache.zookeeper.server.quorum.QuorumRequestPipelineTest.testCreate2(org.apache.zookeeper.server.quorum.QuorumPeer$ServerState) throws java.lang.Exception]
]]></system-out>
  </testcase>
  <testcase name="testCreate{ServerState}[1]" classname="org.apache.zookeeper.server.quorum.QuorumRequestPipelineTest" time="0.017">
    <error message="org/apache/zookeeper/ZooDefs$Ids" type="java.lang.NoClassDefFoundError"><![CDATA[java.lang.NoClassDefFoundError: org/apache/zookeeper/ZooDefs$Ids
	at org.apache.zookeeper.server.DataTree.addConfigNode(DataTree.java:327)
	at org.apache.zookeeper.server.DataTree.<init>(DataTree.java:300)
	at org.apache.zookeeper.server.DataTree.<init>(DataTree.java:282)
	at org.apache.zookeeper.server.ZKDatabase.createDataTree(ZKDatabase.java:727)
	at org.apache.zookeeper.server.ZKDatabase.<init>(ZKDatabase.java:110)
	at org.apache.zookeeper.server.quorum.QuorumPeer.<init>(QuorumPeer.java:1098)
	at org.apache.zookeeper.server.quorum.QuorumPeer.<init>(QuorumPeer.java:1242)
	at org.apache.zookeeper.test.QuorumBase.startServers(QuorumBase.java:156)
	at org.apache.zookeeper.test.QuorumBase.setUp(QuorumBase.java:124)
	at org.apache.zookeeper.server.quorum.QuorumRequestPipelineTest.setUp(QuorumRequestPipelineTest.java:72)
	at org.apache.zookeeper.server.quorum.QuorumRequestPipelineTest.testCreate(QuorumRequestPipelineTest.java:93)
	Suppressed: java.lang.NullPointerException
		at org.apache.zookeeper.server.quorum.QuorumRequestPipelineTest.tearDown(QuorumRequestPipelineTest.java:80)
		at sun.reflect.GeneratedMethodAccessor12.invoke(Unknown Source)
		at sun.reflect.DelegatingMethodAccessorImpl.invoke(DelegatingMethodAccessorImpl.java:43)
		at java.lang.reflect.Method.invoke(Method.java:483)
		at org.junit.platform.commons.util.ReflectionUtils.invokeMethod(ReflectionUtils.java:686)
		at org.junit.jupiter.engine.execution.MethodInvocation.proceed(MethodInvocation.java:60)
		at org.junit.jupiter.engine.execution.InvocationInterceptorChain$ValidatingInvocation.proceed(InvocationInterceptorChain.java:131)
		at org.junit.jupiter.engine.extension.TimeoutExtension.intercept(TimeoutExtension.java:149)
		at org.junit.jupiter.engine.extension.TimeoutExtension.interceptLifecycleMethod(TimeoutExtension.java:126)
		at org.junit.jupiter.engine.extension.TimeoutExtension.interceptAfterEachMethod(TimeoutExtension.java:108)
		at org.junit.jupiter.engine.descriptor.ClassBasedTestDescriptor$$Lambda$363/2003891312.apply(Unknown Source)
		at org.junit.jupiter.engine.execution.ExecutableInvoker$ReflectiveInterceptorCall.lambda$ofVoidMethod$0(ExecutableInvoker.java:115)
		at org.junit.jupiter.engine.execution.ExecutableInvoker$ReflectiveInterceptorCall$$Lambda$230/315860201.apply(Unknown Source)
		at org.junit.jupiter.engine.execution.ExecutableInvoker.lambda$invoke$0(ExecutableInvoker.java:105)
		at org.junit.jupiter.engine.execution.ExecutableInvoker$$Lambda$231/720167805.apply(Unknown Source)
		at org.junit.jupiter.engine.execution.InvocationInterceptorChain$InterceptedInvocation.proceed(InvocationInterceptorChain.java:106)
		at org.junit.jupiter.engine.execution.InvocationInterceptorChain.proceed(InvocationInterceptorChain.java:64)
		at org.junit.jupiter.engine.execution.InvocationInterceptorChain.chainAndInvoke(InvocationInterceptorChain.java:45)
		at org.junit.jupiter.engine.execution.InvocationInterceptorChain.invoke(InvocationInterceptorChain.java:37)
		at org.junit.jupiter.engine.execution.ExecutableInvoker.invoke(ExecutableInvoker.java:104)
		at org.junit.jupiter.engine.execution.ExecutableInvoker.invoke(ExecutableInvoker.java:98)
		at org.junit.jupiter.engine.descriptor.ClassBasedTestDescriptor.invokeMethodInExtensionContext(ClassBasedTestDescriptor.java:481)
		at org.junit.jupiter.engine.descriptor.ClassBasedTestDescriptor.lambda$synthesizeAfterEachMethodAdapter$19(ClassBasedTestDescriptor.java:471)
		at org.junit.jupiter.engine.descriptor.ClassBasedTestDescriptor$$Lambda$206/1371006431.invokeAfterEachMethod(Unknown Source)
		at org.junit.jupiter.engine.descriptor.TestMethodTestDescriptor.lambda$invokeAfterEachMethods$9(TestMethodTestDescriptor.java:238)
		at org.junit.jupiter.engine.descriptor.TestMethodTestDescriptor$$Lambda$362/221634215.invoke(Unknown Source)
		at org.junit.jupiter.engine.descriptor.TestMethodTestDescriptor.lambda$invokeAllAfterMethodsOrCallbacks$12(TestMethodTestDescriptor.java:271)
		at org.junit.jupiter.engine.descriptor.TestMethodTestDescriptor$$Lambda$361/664792509.execute(Unknown Source)
		at org.junit.platform.engine.support.hierarchical.ThrowableCollector.execute(ThrowableCollector.java:73)
		at org.junit.jupiter.engine.descriptor.TestMethodTestDescriptor.lambda$invokeAllAfterMethodsOrCallbacks$13(TestMethodTestDescriptor.java:271)
		at org.junit.jupiter.engine.descriptor.TestMethodTestDescriptor$$Lambda$360/1965237677.accept(Unknown Source)
		at java.util.ArrayList.forEach(ArrayList.java:1249)
		at org.junit.jupiter.engine.descriptor.TestMethodTestDescriptor.invokeAllAfterMethodsOrCallbacks(TestMethodTestDescriptor.java:270)
		at org.junit.jupiter.engine.descriptor.TestMethodTestDescriptor.invokeAfterEachMethods(TestMethodTestDescriptor.java:236)
		at org.junit.jupiter.engine.descriptor.TestMethodTestDescriptor.execute(TestMethodTestDescriptor.java:141)
		at org.junit.jupiter.engine.descriptor.TestMethodTestDescriptor.execute(TestMethodTestDescriptor.java:71)
		at org.junit.platform.engine.support.hierarchical.NodeTestTask.lambda$executeRecursively$5(NodeTestTask.java:135)
		at org.junit.platform.engine.support.hierarchical.NodeTestTask$$Lambda$176/1239548589.execute(Unknown Source)
		at org.junit.platform.engine.support.hierarchical.ThrowableCollector.execute(ThrowableCollector.java:73)
		at org.junit.platform.engine.support.hierarchical.NodeTestTask.lambda$executeRecursively$7(NodeTestTask.java:125)
		at org.junit.platform.engine.support.hierarchical.NodeTestTask$$Lambda$175/1634132079.invoke(Unknown Source)
		at org.junit.platform.engine.support.hierarchical.Node.around(Node.java:135)
		at org.junit.platform.engine.support.hierarchical.NodeTestTask.lambda$executeRecursively$8(NodeTestTask.java:123)
		at org.junit.platform.engine.support.hierarchical.NodeTestTask$$Lambda$174/112619572.execute(Unknown Source)
		at org.junit.platform.engine.support.hierarchical.ThrowableCollector.execute(ThrowableCollector.java:73)
		at org.junit.platform.engine.support.hierarchical.NodeTestTask.executeRecursively(NodeTestTask.java:122)
		at org.junit.platform.engine.support.hierarchical.NodeTestTask.execute(NodeTestTask.java:80)
		at org.junit.platform.engine.support.hierarchical.SameThreadHierarchicalTestExecutorService.submit(SameThreadHierarchicalTestExecutorService.java:32)
		at org.junit.platform.engine.support.hierarchical.NodeTestTask$DefaultDynamicTestExecutor.execute(NodeTestTask.java:198)
		at org.junit.jupiter.engine.descriptor.TestTemplateTestDescriptor.execute(TestTemplateTestDescriptor.java:138)
		at org.junit.jupiter.engine.descriptor.TestTemplateTestDescriptor.lambda$execute$2(TestTemplateTestDescriptor.java:106)
		at org.junit.jupiter.engine.descriptor.TestTemplateTestDescriptor$$Lambda$252/1846406218.accept(Unknown Source)
		at java.util.stream.ForEachOps$ForEachOp$OfRef.accept(ForEachOps.java:183)
		at java.util.stream.ReferencePipeline$3$1.accept(ReferencePipeline.java:193)
		at java.util.stream.ReferencePipeline$2$1.accept(ReferencePipeline.java:175)
		at java.util.stream.ReferencePipeline$3$1.accept(ReferencePipeline.java:193)
		at java.util.stream.ForEachOps$ForEachOp$OfRef.accept(ForEachOps.java:183)
		at java.util.stream.ReferencePipeline$11$1.accept(ReferencePipeline.java:373)
		at java.util.stream.ReferencePipeline$3$1.accept(ReferencePipeline.java:193)
		at java.util.stream.ReferencePipeline$3$1.accept(ReferencePipeline.java:193)
		at java.util.stream.ReferencePipeline$3$1.accept(ReferencePipeline.java:193)
		at java.util.stream.ForEachOps$ForEachOp$OfRef.accept(ForEachOps.java:183)
		at java.util.stream.ReferencePipeline$3$1.accept(ReferencePipeline.java:193)
		at java.util.Spliterators$ArraySpliterator.forEachRemaining(Spliterators.java:948)
		at java.util.stream.ReferencePipeline$Head.forEach(ReferencePipeline.java:580)
		at java.util.stream.ReferencePipeline$7$1.accept(ReferencePipeline.java:270)
		at java.util.stream.ReferencePipeline$3$1.accept(ReferencePipeline.java:193)
		at java.util.stream.ReferencePipeline$3$1.accept(ReferencePipeline.java:193)
		at java.util.Spliterators$ArraySpliterator.forEachRemaining(Spliterators.java:948)
		at java.util.stream.AbstractPipeline.copyInto(AbstractPipeline.java:512)
		at java.util.stream.AbstractPipeline.wrapAndCopyInto(AbstractPipeline.java:502)
		at java.util.stream.ForEachOps$ForEachOp.evaluateSequential(ForEachOps.java:150)
		at java.util.stream.ForEachOps$ForEachOp$OfRef.evaluateSequential(ForEachOps.java:173)
		at java.util.stream.AbstractPipeline.evaluate(AbstractPipeline.java:234)
		at java.util.stream.ReferencePipeline.forEach(ReferencePipeline.java:418)
		at java.util.stream.ReferencePipeline$7$1.accept(ReferencePipeline.java:270)
		at java.util.stream.ReferencePipeline$3$1.accept(ReferencePipeline.java:193)
		at java.util.stream.ReferencePipeline$3$1.accept(ReferencePipeline.java:193)
		at java.util.stream.ReferencePipeline$3$1.accept(ReferencePipeline.java:193)
		at java.util.ArrayList$ArrayListSpliterator.forEachRemaining(ArrayList.java:1374)
		at java.util.stream.AbstractPipeline.copyInto(AbstractPipeline.java:512)
		at java.util.stream.AbstractPipeline.wrapAndCopyInto(AbstractPipeline.java:502)
		at java.util.stream.ForEachOps$ForEachOp.evaluateSequential(ForEachOps.java:150)
		at java.util.stream.ForEachOps$ForEachOp$OfRef.evaluateSequential(ForEachOps.java:173)
		at java.util.stream.AbstractPipeline.evaluate(AbstractPipeline.java:234)
		at java.util.stream.ReferencePipeline.forEach(ReferencePipeline.java:418)
		at java.util.stream.ReferencePipeline$7$1.accept(ReferencePipeline.java:270)
		at java.util.ArrayList$ArrayListSpliterator.forEachRemaining(ArrayList.java:1374)
		at java.util.stream.AbstractPipeline.copyInto(AbstractPipeline.java:512)
		at java.util.stream.AbstractPipeline.wrapAndCopyInto(AbstractPipeline.java:502)
		at java.util.stream.ForEachOps$ForEachOp.evaluateSequential(ForEachOps.java:150)
		at java.util.stream.ForEachOps$ForEachOp$OfRef.evaluateSequential(ForEachOps.java:173)
		at java.util.stream.AbstractPipeline.evaluate(AbstractPipeline.java:234)
		at java.util.stream.ReferencePipeline.forEach(ReferencePipeline.java:418)
		at org.junit.jupiter.engine.descriptor.TestTemplateTestDescriptor.execute(TestTemplateTestDescriptor.java:106)
		at org.junit.jupiter.engine.descriptor.TestTemplateTestDescriptor.execute(TestTemplateTestDescriptor.java:41)
		at org.junit.platform.engine.support.hierarchical.NodeTestTask.lambda$executeRecursively$5(NodeTestTask.java:135)
		at org.junit.platform.engine.support.hierarchical.NodeTestTask$$Lambda$176/1239548589.execute(Unknown Source)
		at org.junit.platform.engine.support.hierarchical.ThrowableCollector.execute(ThrowableCollector.java:73)
		at org.junit.platform.engine.support.hierarchical.NodeTestTask.lambda$executeRecursively$7(NodeTestTask.java:125)
		at org.junit.platform.engine.support.hierarchical.NodeTestTask$$Lambda$175/1634132079.invoke(Unknown Source)
		at org.junit.platform.engine.support.hierarchical.Node.around(Node.java:135)
		at org.junit.platform.engine.support.hierarchical.NodeTestTask.lambda$executeRecursively$8(NodeTestTask.java:123)
		at org.junit.platform.engine.support.hierarchical.NodeTestTask$$Lambda$174/112619572.execute(Unknown Source)
		at org.junit.platform.engine.support.hierarchical.ThrowableCollector.execute(ThrowableCollector.java:73)
		at org.junit.platform.engine.support.hierarchical.NodeTestTask.executeRecursively(NodeTestTask.java:122)
		at org.junit.platform.engine.support.hierarchical.NodeTestTask.execute(NodeTestTask.java:80)
		at org.junit.platform.engine.support.hierarchical.SameThreadHierarchicalTestExecutorService$$Lambda$180/667346055.accept(Unknown Source)
		at java.util.ArrayList.forEach(ArrayList.java:1249)
		at org.junit.platform.engine.support.hierarchical.SameThreadHierarchicalTestExecutorService.invokeAll(SameThreadHierarchicalTestExecutorService.java:38)
		at org.junit.platform.engine.support.hierarchical.NodeTestTask.lambda$executeRecursively$5(NodeTestTask.java:139)
		at org.junit.platform.engine.support.hierarchical.NodeTestTask$$Lambda$176/1239548589.execute(Unknown Source)
		at org.junit.platform.engine.support.hierarchical.ThrowableCollector.execute(ThrowableCollector.java:73)
		at org.junit.platform.engine.support.hierarchical.NodeTestTask.lambda$executeRecursively$7(NodeTestTask.java:125)
		at org.junit.platform.engine.support.hierarchical.NodeTestTask$$Lambda$175/1634132079.invoke(Unknown Source)
		at org.junit.platform.engine.support.hierarchical.Node.around(Node.java:135)
		at org.junit.platform.engine.support.hierarchical.NodeTestTask.lambda$executeRecursively$8(NodeTestTask.java:123)
		at org.junit.platform.engine.support.hierarchical.NodeTestTask$$Lambda$174/112619572.execute(Unknown Source)
		at org.junit.platform.engine.support.hierarchical.ThrowableCollector.execute(ThrowableCollector.java:73)
		at org.junit.platform.engine.support.hierarchical.NodeTestTask.executeRecursively(NodeTestTask.java:122)
		at org.junit.platform.engine.support.hierarchical.NodeTestTask.execute(NodeTestTask.java:80)
		at org.junit.platform.engine.support.hierarchical.SameThreadHierarchicalTestExecutorService$$Lambda$180/667346055.accept(Unknown Source)
		at java.util.ArrayList.forEach(ArrayList.java:1249)
		at org.junit.platform.engine.support.hierarchical.SameThreadHierarchicalTestExecutorService.invokeAll(SameThreadHierarchicalTestExecutorService.java:38)
		at org.junit.platform.engine.support.hierarchical.NodeTestTask.lambda$executeRecursively$5(NodeTestTask.java:139)
		at org.junit.platform.engine.support.hierarchical.NodeTestTask$$Lambda$176/1239548589.execute(Unknown Source)
		at org.junit.platform.engine.support.hierarchical.ThrowableCollector.execute(ThrowableCollector.java:73)
		at org.junit.platform.engine.support.hierarchical.NodeTestTask.lambda$executeRecursively$7(NodeTestTask.java:125)
		at org.junit.platform.engine.support.hierarchical.NodeTestTask$$Lambda$175/1634132079.invoke(Unknown Source)
		at org.junit.platform.engine.support.hierarchical.Node.around(Node.java:135)
		at org.junit.platform.engine.support.hierarchical.NodeTestTask.lambda$executeRecursively$8(NodeTestTask.java:123)
		at org.junit.platform.engine.support.hierarchical.NodeTestTask$$Lambda$174/112619572.execute(Unknown Source)
		at org.junit.platform.engine.support.hierarchical.ThrowableCollector.execute(ThrowableCollector.java:73)
		at org.junit.platform.engine.support.hierarchical.NodeTestTask.executeRecursively(NodeTestTask.java:122)
		at org.junit.platform.engine.support.hierarchical.NodeTestTask.execute(NodeTestTask.java:80)
		at org.junit.platform.engine.support.hierarchical.SameThreadHierarchicalTestExecutorService.submit(SameThreadHierarchicalTestExecutorService.java:32)
		at org.junit.platform.engine.support.hierarchical.HierarchicalTestExecutor.execute(HierarchicalTestExecutor.java:57)
		at org.junit.platform.engine.support.hierarchical.HierarchicalTestEngine.execute(HierarchicalTestEngine.java:51)
		at org.junit.platform.launcher.core.DefaultLauncher.execute(DefaultLauncher.java:248)
		at org.junit.platform.launcher.core.DefaultLauncher.lambda$execute$5(DefaultLauncher.java:211)
		at org.junit.platform.launcher.core.DefaultLauncher$$Lambda$140/1414147750.accept(Unknown Source)
		at org.junit.platform.launcher.core.DefaultLauncher.withInterceptedStreams(DefaultLauncher.java:226)
		at org.junit.platform.launcher.core.DefaultLauncher.execute(DefaultLauncher.java:199)
		at org.junit.platform.launcher.core.DefaultLauncher.execute(DefaultLauncher.java:132)
		at org.apache.maven.surefire.junitplatform.JUnitPlatformProvider.invokeAllTests(JUnitPlatformProvider.java:142)
		at org.apache.maven.surefire.junitplatform.JUnitPlatformProvider.invoke(JUnitPlatformProvider.java:113)
		at org.apache.maven.surefire.booter.ForkedBooter.invokeProviderInSameClassLoader(ForkedBooter.java:384)
		at org.apache.maven.surefire.booter.ForkedBooter.runSuitesInProcess(ForkedBooter.java:345)
		at org.apache.maven.surefire.booter.ForkedBooter.execute(ForkedBooter.java:126)
		at org.apache.maven.surefire.booter.ForkedBooter.main(ForkedBooter.java:418)
]]></error>
    <system-out><![CDATA[2021-11-08 11:10:49,890 [myid:] - INFO  [main:PortAssignment@87] - Assigned port 24975 from range 24686 - 27378.
2021-11-08 11:10:49,891 [myid:] - INFO  [main:ZKTestCase@77] - STARTING Optional[public void org.apache.zookeeper.server.quorum.QuorumRequestPipelineTest.testCreate(org.apache.zookeeper.server.quorum.QuorumPeer$ServerState) throws java.lang.Exception]
2021-11-08 11:10:49,891 [myid:] - INFO  [main:QuorumBase@81] - QuorumBase.setup null
2021-11-08 11:10:49,892 [myid:] - INFO  [main:JMXEnv@58] - connecting to addr service:jmx:rmi://127.0.0.1/stub/rO0ABXNyAC5qYXZheC5tYW5hZ2VtZW50LnJlbW90ZS5ybWkuUk1JU2VydmVySW1wbF9TdHViAAAAAAAAAAICAAB4cgAaamF2YS5ybWkuc2VydmVyLlJlbW90ZVN0dWLp/tzJi+FlGgIAAHhyABxqYXZhLnJtaS5zZXJ2ZXIuUmVtb3RlT2JqZWN002G0kQxhMx4DAAB4cHc6AAtVbmljYXN0UmVmMgAADzE2OS4yNTQuMTU2LjIzMQAACXnexQTGn8xK4mrMPREAAAF8/YbC74BuAHg=
2021-11-08 11:10:49,894 [myid:] - INFO  [main:PortAssignment@87] - Assigned port 24976 from range 24686 - 27378.
2021-11-08 11:10:49,895 [myid:] - INFO  [main:PortAssignment@87] - Assigned port 24977 from range 24686 - 27378.
2021-11-08 11:10:49,895 [myid:] - INFO  [main:PortAssignment@87] - Assigned port 24978 from range 24686 - 27378.
2021-11-08 11:10:49,895 [myid:] - INFO  [main:PortAssignment@87] - Assigned port 24979 from range 24686 - 27378.
2021-11-08 11:10:49,896 [myid:] - INFO  [main:PortAssignment@87] - Assigned port 24980 from range 24686 - 27378.
2021-11-08 11:10:49,896 [myid:] - INFO  [main:PortAssignment@87] - Assigned port 24981 from range 24686 - 27378.
2021-11-08 11:10:49,896 [myid:] - INFO  [main:PortAssignment@87] - Assigned port 24982 from range 24686 - 27378.
2021-11-08 11:10:49,896 [myid:] - INFO  [main:PortAssignment@87] - Assigned port 24983 from range 24686 - 27378.
2021-11-08 11:10:49,897 [myid:] - INFO  [main:PortAssignment@87] - Assigned port 24984 from range 24686 - 27378.
2021-11-08 11:10:49,897 [myid:] - INFO  [main:PortAssignment@87] - Assigned port 24985 from range 24686 - 27378.
2021-11-08 11:10:49,897 [myid:] - INFO  [main:PortAssignment@87] - Assigned port 24986 from range 24686 - 27378.
2021-11-08 11:10:49,898 [myid:] - INFO  [main:PortAssignment@87] - Assigned port 24987 from range 24686 - 27378.
2021-11-08 11:10:49,898 [myid:] - INFO  [main:PortAssignment@87] - Assigned port 24988 from range 24686 - 27378.
2021-11-08 11:10:49,898 [myid:] - INFO  [main:PortAssignment@87] - Assigned port 24989 from range 24686 - 27378.
2021-11-08 11:10:49,898 [myid:] - INFO  [main:PortAssignment@87] - Assigned port 24990 from range 24686 - 27378.
2021-11-08 11:10:49,898 [myid:] - INFO  [main:QuorumBase@116] - Ports are: 127.0.0.1:24986,127.0.0.1:24987,127.0.0.1:24988,127.0.0.1:24989,127.0.0.1:24990
2021-11-08 11:10:49,902 [myid:] - INFO  [main:QuorumBase@155] - creating QuorumPeer 1 port 24986
2021-11-08 11:10:49,903 [myid:] - INFO  [main:ServerCnxnFactory@169] - Using org.apache.zookeeper.server.NIOServerCnxnFactory as server connection factory
2021-11-08 11:10:49,903 [myid:] - WARN  [main:ServerCnxnFactory@309] - maxCnxns is not configured, using default value 0.
2021-11-08 11:10:49,903 [myid:] - INFO  [main:NIOServerCnxnFactory@652] - Configuring NIO connection handler with 10s sessionless connection timeout, 1 selector thread(s), 12 worker threads, and 64 kB direct buffers.
2021-11-08 11:10:49,904 [myid:] - INFO  [main:NIOServerCnxnFactory@660] - binding to port /127.0.0.1:24986
2021-11-08 11:10:49,905 [myid:] - INFO  [main:FileTxnSnapLog@124] - zookeeper.snapshot.trust.empty : false
2021-11-08 11:10:49,906 [myid:] - INFO  [main:ZKTestCase@82] - FINISHED Optional[public void org.apache.zookeeper.server.quorum.QuorumRequestPipelineTest.testCreate(org.apache.zookeeper.server.quorum.QuorumPeer$ServerState) throws java.lang.Exception]
]]></system-out>
  </testcase>
  <testcase name="testCreate{ServerState}[2]" classname="org.apache.zookeeper.server.quorum.QuorumRequestPipelineTest" time="0.018">
    <error message="org/apache/zookeeper/ZooDefs$Ids" type="java.lang.NoClassDefFoundError"><![CDATA[java.lang.NoClassDefFoundError: org/apache/zookeeper/ZooDefs$Ids
	at org.apache.zookeeper.server.DataTree.addConfigNode(DataTree.java:327)
	at org.apache.zookeeper.server.DataTree.<init>(DataTree.java:300)
	at org.apache.zookeeper.server.DataTree.<init>(DataTree.java:282)
	at org.apache.zookeeper.server.ZKDatabase.createDataTree(ZKDatabase.java:727)
	at org.apache.zookeeper.server.ZKDatabase.<init>(ZKDatabase.java:110)
	at org.apache.zookeeper.server.quorum.QuorumPeer.<init>(QuorumPeer.java:1098)
	at org.apache.zookeeper.server.quorum.QuorumPeer.<init>(QuorumPeer.java:1242)
	at org.apache.zookeeper.test.QuorumBase.startServers(QuorumBase.java:156)
	at org.apache.zookeeper.test.QuorumBase.setUp(QuorumBase.java:124)
	at org.apache.zookeeper.server.quorum.QuorumRequestPipelineTest.setUp(QuorumRequestPipelineTest.java:72)
	at org.apache.zookeeper.server.quorum.QuorumRequestPipelineTest.testCreate(QuorumRequestPipelineTest.java:93)
	Suppressed: java.lang.NullPointerException
		at org.apache.zookeeper.server.quorum.QuorumRequestPipelineTest.tearDown(QuorumRequestPipelineTest.java:80)
		at sun.reflect.GeneratedMethodAccessor12.invoke(Unknown Source)
		at sun.reflect.DelegatingMethodAccessorImpl.invoke(DelegatingMethodAccessorImpl.java:43)
		at java.lang.reflect.Method.invoke(Method.java:483)
		at org.junit.platform.commons.util.ReflectionUtils.invokeMethod(ReflectionUtils.java:686)
		at org.junit.jupiter.engine.execution.MethodInvocation.proceed(MethodInvocation.java:60)
		at org.junit.jupiter.engine.execution.InvocationInterceptorChain$ValidatingInvocation.proceed(InvocationInterceptorChain.java:131)
		at org.junit.jupiter.engine.extension.TimeoutExtension.intercept(TimeoutExtension.java:149)
		at org.junit.jupiter.engine.extension.TimeoutExtension.interceptLifecycleMethod(TimeoutExtension.java:126)
		at org.junit.jupiter.engine.extension.TimeoutExtension.interceptAfterEachMethod(TimeoutExtension.java:108)
		at org.junit.jupiter.engine.descriptor.ClassBasedTestDescriptor$$Lambda$363/2003891312.apply(Unknown Source)
		at org.junit.jupiter.engine.execution.ExecutableInvoker$ReflectiveInterceptorCall.lambda$ofVoidMethod$0(ExecutableInvoker.java:115)
		at org.junit.jupiter.engine.execution.ExecutableInvoker$ReflectiveInterceptorCall$$Lambda$230/315860201.apply(Unknown Source)
		at org.junit.jupiter.engine.execution.ExecutableInvoker.lambda$invoke$0(ExecutableInvoker.java:105)
		at org.junit.jupiter.engine.execution.ExecutableInvoker$$Lambda$231/720167805.apply(Unknown Source)
		at org.junit.jupiter.engine.execution.InvocationInterceptorChain$InterceptedInvocation.proceed(InvocationInterceptorChain.java:106)
		at org.junit.jupiter.engine.execution.InvocationInterceptorChain.proceed(InvocationInterceptorChain.java:64)
		at org.junit.jupiter.engine.execution.InvocationInterceptorChain.chainAndInvoke(InvocationInterceptorChain.java:45)
		at org.junit.jupiter.engine.execution.InvocationInterceptorChain.invoke(InvocationInterceptorChain.java:37)
		at org.junit.jupiter.engine.execution.ExecutableInvoker.invoke(ExecutableInvoker.java:104)
		at org.junit.jupiter.engine.execution.ExecutableInvoker.invoke(ExecutableInvoker.java:98)
		at org.junit.jupiter.engine.descriptor.ClassBasedTestDescriptor.invokeMethodInExtensionContext(ClassBasedTestDescriptor.java:481)
		at org.junit.jupiter.engine.descriptor.ClassBasedTestDescriptor.lambda$synthesizeAfterEachMethodAdapter$19(ClassBasedTestDescriptor.java:471)
		at org.junit.jupiter.engine.descriptor.ClassBasedTestDescriptor$$Lambda$206/1371006431.invokeAfterEachMethod(Unknown Source)
		at org.junit.jupiter.engine.descriptor.TestMethodTestDescriptor.lambda$invokeAfterEachMethods$9(TestMethodTestDescriptor.java:238)
		at org.junit.jupiter.engine.descriptor.TestMethodTestDescriptor$$Lambda$362/221634215.invoke(Unknown Source)
		at org.junit.jupiter.engine.descriptor.TestMethodTestDescriptor.lambda$invokeAllAfterMethodsOrCallbacks$12(TestMethodTestDescriptor.java:271)
		at org.junit.jupiter.engine.descriptor.TestMethodTestDescriptor$$Lambda$361/664792509.execute(Unknown Source)
		at org.junit.platform.engine.support.hierarchical.ThrowableCollector.execute(ThrowableCollector.java:73)
		at org.junit.jupiter.engine.descriptor.TestMethodTestDescriptor.lambda$invokeAllAfterMethodsOrCallbacks$13(TestMethodTestDescriptor.java:271)
		at org.junit.jupiter.engine.descriptor.TestMethodTestDescriptor$$Lambda$360/1965237677.accept(Unknown Source)
		at java.util.ArrayList.forEach(ArrayList.java:1249)
		at org.junit.jupiter.engine.descriptor.TestMethodTestDescriptor.invokeAllAfterMethodsOrCallbacks(TestMethodTestDescriptor.java:270)
		at org.junit.jupiter.engine.descriptor.TestMethodTestDescriptor.invokeAfterEachMethods(TestMethodTestDescriptor.java:236)
		at org.junit.jupiter.engine.descriptor.TestMethodTestDescriptor.execute(TestMethodTestDescriptor.java:141)
		at org.junit.jupiter.engine.descriptor.TestMethodTestDescriptor.execute(TestMethodTestDescriptor.java:71)
		at org.junit.platform.engine.support.hierarchical.NodeTestTask.lambda$executeRecursively$5(NodeTestTask.java:135)
		at org.junit.platform.engine.support.hierarchical.NodeTestTask$$Lambda$176/1239548589.execute(Unknown Source)
		at org.junit.platform.engine.support.hierarchical.ThrowableCollector.execute(ThrowableCollector.java:73)
		at org.junit.platform.engine.support.hierarchical.NodeTestTask.lambda$executeRecursively$7(NodeTestTask.java:125)
		at org.junit.platform.engine.support.hierarchical.NodeTestTask$$Lambda$175/1634132079.invoke(Unknown Source)
		at org.junit.platform.engine.support.hierarchical.Node.around(Node.java:135)
		at org.junit.platform.engine.support.hierarchical.NodeTestTask.lambda$executeRecursively$8(NodeTestTask.java:123)
		at org.junit.platform.engine.support.hierarchical.NodeTestTask$$Lambda$174/112619572.execute(Unknown Source)
		at org.junit.platform.engine.support.hierarchical.ThrowableCollector.execute(ThrowableCollector.java:73)
		at org.junit.platform.engine.support.hierarchical.NodeTestTask.executeRecursively(NodeTestTask.java:122)
		at org.junit.platform.engine.support.hierarchical.NodeTestTask.execute(NodeTestTask.java:80)
		at org.junit.platform.engine.support.hierarchical.SameThreadHierarchicalTestExecutorService.submit(SameThreadHierarchicalTestExecutorService.java:32)
		at org.junit.platform.engine.support.hierarchical.NodeTestTask$DefaultDynamicTestExecutor.execute(NodeTestTask.java:198)
		at org.junit.jupiter.engine.descriptor.TestTemplateTestDescriptor.execute(TestTemplateTestDescriptor.java:138)
		at org.junit.jupiter.engine.descriptor.TestTemplateTestDescriptor.lambda$execute$2(TestTemplateTestDescriptor.java:106)
		at org.junit.jupiter.engine.descriptor.TestTemplateTestDescriptor$$Lambda$252/1846406218.accept(Unknown Source)
		at java.util.stream.ForEachOps$ForEachOp$OfRef.accept(ForEachOps.java:183)
		at java.util.stream.ReferencePipeline$3$1.accept(ReferencePipeline.java:193)
		at java.util.stream.ReferencePipeline$2$1.accept(ReferencePipeline.java:175)
		at java.util.stream.ReferencePipeline$3$1.accept(ReferencePipeline.java:193)
		at java.util.stream.ForEachOps$ForEachOp$OfRef.accept(ForEachOps.java:183)
		at java.util.stream.ReferencePipeline$11$1.accept(ReferencePipeline.java:373)
		at java.util.stream.ReferencePipeline$3$1.accept(ReferencePipeline.java:193)
		at java.util.stream.ReferencePipeline$3$1.accept(ReferencePipeline.java:193)
		at java.util.stream.ReferencePipeline$3$1.accept(ReferencePipeline.java:193)
		at java.util.stream.ForEachOps$ForEachOp$OfRef.accept(ForEachOps.java:183)
		at java.util.stream.ReferencePipeline$3$1.accept(ReferencePipeline.java:193)
		at java.util.Spliterators$ArraySpliterator.forEachRemaining(Spliterators.java:948)
		at java.util.stream.ReferencePipeline$Head.forEach(ReferencePipeline.java:580)
		at java.util.stream.ReferencePipeline$7$1.accept(ReferencePipeline.java:270)
		at java.util.stream.ReferencePipeline$3$1.accept(ReferencePipeline.java:193)
		at java.util.stream.ReferencePipeline$3$1.accept(ReferencePipeline.java:193)
		at java.util.Spliterators$ArraySpliterator.forEachRemaining(Spliterators.java:948)
		at java.util.stream.AbstractPipeline.copyInto(AbstractPipeline.java:512)
		at java.util.stream.AbstractPipeline.wrapAndCopyInto(AbstractPipeline.java:502)
		at java.util.stream.ForEachOps$ForEachOp.evaluateSequential(ForEachOps.java:150)
		at java.util.stream.ForEachOps$ForEachOp$OfRef.evaluateSequential(ForEachOps.java:173)
		at java.util.stream.AbstractPipeline.evaluate(AbstractPipeline.java:234)
		at java.util.stream.ReferencePipeline.forEach(ReferencePipeline.java:418)
		at java.util.stream.ReferencePipeline$7$1.accept(ReferencePipeline.java:270)
		at java.util.stream.ReferencePipeline$3$1.accept(ReferencePipeline.java:193)
		at java.util.stream.ReferencePipeline$3$1.accept(ReferencePipeline.java:193)
		at java.util.stream.ReferencePipeline$3$1.accept(ReferencePipeline.java:193)
		at java.util.ArrayList$ArrayListSpliterator.forEachRemaining(ArrayList.java:1374)
		at java.util.stream.AbstractPipeline.copyInto(AbstractPipeline.java:512)
		at java.util.stream.AbstractPipeline.wrapAndCopyInto(AbstractPipeline.java:502)
		at java.util.stream.ForEachOps$ForEachOp.evaluateSequential(ForEachOps.java:150)
		at java.util.stream.ForEachOps$ForEachOp$OfRef.evaluateSequential(ForEachOps.java:173)
		at java.util.stream.AbstractPipeline.evaluate(AbstractPipeline.java:234)
		at java.util.stream.ReferencePipeline.forEach(ReferencePipeline.java:418)
		at java.util.stream.ReferencePipeline$7$1.accept(ReferencePipeline.java:270)
		at java.util.ArrayList$ArrayListSpliterator.forEachRemaining(ArrayList.java:1374)
		at java.util.stream.AbstractPipeline.copyInto(AbstractPipeline.java:512)
		at java.util.stream.AbstractPipeline.wrapAndCopyInto(AbstractPipeline.java:502)
		at java.util.stream.ForEachOps$ForEachOp.evaluateSequential(ForEachOps.java:150)
		at java.util.stream.ForEachOps$ForEachOp$OfRef.evaluateSequential(ForEachOps.java:173)
		at java.util.stream.AbstractPipeline.evaluate(AbstractPipeline.java:234)
		at java.util.stream.ReferencePipeline.forEach(ReferencePipeline.java:418)
		at org.junit.jupiter.engine.descriptor.TestTemplateTestDescriptor.execute(TestTemplateTestDescriptor.java:106)
		at org.junit.jupiter.engine.descriptor.TestTemplateTestDescriptor.execute(TestTemplateTestDescriptor.java:41)
		at org.junit.platform.engine.support.hierarchical.NodeTestTask.lambda$executeRecursively$5(NodeTestTask.java:135)
		at org.junit.platform.engine.support.hierarchical.NodeTestTask$$Lambda$176/1239548589.execute(Unknown Source)
		at org.junit.platform.engine.support.hierarchical.ThrowableCollector.execute(ThrowableCollector.java:73)
		at org.junit.platform.engine.support.hierarchical.NodeTestTask.lambda$executeRecursively$7(NodeTestTask.java:125)
		at org.junit.platform.engine.support.hierarchical.NodeTestTask$$Lambda$175/1634132079.invoke(Unknown Source)
		at org.junit.platform.engine.support.hierarchical.Node.around(Node.java:135)
		at org.junit.platform.engine.support.hierarchical.NodeTestTask.lambda$executeRecursively$8(NodeTestTask.java:123)
		at org.junit.platform.engine.support.hierarchical.NodeTestTask$$Lambda$174/112619572.execute(Unknown Source)
		at org.junit.platform.engine.support.hierarchical.ThrowableCollector.execute(ThrowableCollector.java:73)
		at org.junit.platform.engine.support.hierarchical.NodeTestTask.executeRecursively(NodeTestTask.java:122)
		at org.junit.platform.engine.support.hierarchical.NodeTestTask.execute(NodeTestTask.java:80)
		at org.junit.platform.engine.support.hierarchical.SameThreadHierarchicalTestExecutorService$$Lambda$180/667346055.accept(Unknown Source)
		at java.util.ArrayList.forEach(ArrayList.java:1249)
		at org.junit.platform.engine.support.hierarchical.SameThreadHierarchicalTestExecutorService.invokeAll(SameThreadHierarchicalTestExecutorService.java:38)
		at org.junit.platform.engine.support.hierarchical.NodeTestTask.lambda$executeRecursively$5(NodeTestTask.java:139)
		at org.junit.platform.engine.support.hierarchical.NodeTestTask$$Lambda$176/1239548589.execute(Unknown Source)
		at org.junit.platform.engine.support.hierarchical.ThrowableCollector.execute(ThrowableCollector.java:73)
		at org.junit.platform.engine.support.hierarchical.NodeTestTask.lambda$executeRecursively$7(NodeTestTask.java:125)
		at org.junit.platform.engine.support.hierarchical.NodeTestTask$$Lambda$175/1634132079.invoke(Unknown Source)
		at org.junit.platform.engine.support.hierarchical.Node.around(Node.java:135)
		at org.junit.platform.engine.support.hierarchical.NodeTestTask.lambda$executeRecursively$8(NodeTestTask.java:123)
		at org.junit.platform.engine.support.hierarchical.NodeTestTask$$Lambda$174/112619572.execute(Unknown Source)
		at org.junit.platform.engine.support.hierarchical.ThrowableCollector.execute(ThrowableCollector.java:73)
		at org.junit.platform.engine.support.hierarchical.NodeTestTask.executeRecursively(NodeTestTask.java:122)
		at org.junit.platform.engine.support.hierarchical.NodeTestTask.execute(NodeTestTask.java:80)
		at org.junit.platform.engine.support.hierarchical.SameThreadHierarchicalTestExecutorService$$Lambda$180/667346055.accept(Unknown Source)
		at java.util.ArrayList.forEach(ArrayList.java:1249)
		at org.junit.platform.engine.support.hierarchical.SameThreadHierarchicalTestExecutorService.invokeAll(SameThreadHierarchicalTestExecutorService.java:38)
		at org.junit.platform.engine.support.hierarchical.NodeTestTask.lambda$executeRecursively$5(NodeTestTask.java:139)
		at org.junit.platform.engine.support.hierarchical.NodeTestTask$$Lambda$176/1239548589.execute(Unknown Source)
		at org.junit.platform.engine.support.hierarchical.ThrowableCollector.execute(ThrowableCollector.java:73)
		at org.junit.platform.engine.support.hierarchical.NodeTestTask.lambda$executeRecursively$7(NodeTestTask.java:125)
		at org.junit.platform.engine.support.hierarchical.NodeTestTask$$Lambda$175/1634132079.invoke(Unknown Source)
		at org.junit.platform.engine.support.hierarchical.Node.around(Node.java:135)
		at org.junit.platform.engine.support.hierarchical.NodeTestTask.lambda$executeRecursively$8(NodeTestTask.java:123)
		at org.junit.platform.engine.support.hierarchical.NodeTestTask$$Lambda$174/112619572.execute(Unknown Source)
		at org.junit.platform.engine.support.hierarchical.ThrowableCollector.execute(ThrowableCollector.java:73)
		at org.junit.platform.engine.support.hierarchical.NodeTestTask.executeRecursively(NodeTestTask.java:122)
		at org.junit.platform.engine.support.hierarchical.NodeTestTask.execute(NodeTestTask.java:80)
		at org.junit.platform.engine.support.hierarchical.SameThreadHierarchicalTestExecutorService.submit(SameThreadHierarchicalTestExecutorService.java:32)
		at org.junit.platform.engine.support.hierarchical.HierarchicalTestExecutor.execute(HierarchicalTestExecutor.java:57)
		at org.junit.platform.engine.support.hierarchical.HierarchicalTestEngine.execute(HierarchicalTestEngine.java:51)
		at org.junit.platform.launcher.core.DefaultLauncher.execute(DefaultLauncher.java:248)
		at org.junit.platform.launcher.core.DefaultLauncher.lambda$execute$5(DefaultLauncher.java:211)
		at org.junit.platform.launcher.core.DefaultLauncher$$Lambda$140/1414147750.accept(Unknown Source)
		at org.junit.platform.launcher.core.DefaultLauncher.withInterceptedStreams(DefaultLauncher.java:226)
		at org.junit.platform.launcher.core.DefaultLauncher.execute(DefaultLauncher.java:199)
		at org.junit.platform.launcher.core.DefaultLauncher.execute(DefaultLauncher.java:132)
		at org.apache.maven.surefire.junitplatform.JUnitPlatformProvider.invokeAllTests(JUnitPlatformProvider.java:142)
		at org.apache.maven.surefire.junitplatform.JUnitPlatformProvider.invoke(JUnitPlatformProvider.java:113)
		at org.apache.maven.surefire.booter.ForkedBooter.invokeProviderInSameClassLoader(ForkedBooter.java:384)
		at org.apache.maven.surefire.booter.ForkedBooter.runSuitesInProcess(ForkedBooter.java:345)
		at org.apache.maven.surefire.booter.ForkedBooter.execute(ForkedBooter.java:126)
		at org.apache.maven.surefire.booter.ForkedBooter.main(ForkedBooter.java:418)
]]></error>
    <system-out><![CDATA[2021-11-08 11:10:49,909 [myid:] - INFO  [main:PortAssignment@87] - Assigned port 24991 from range 24686 - 27378.
2021-11-08 11:10:49,909 [myid:] - INFO  [main:ZKTestCase@77] - STARTING Optional[public void org.apache.zookeeper.server.quorum.QuorumRequestPipelineTest.testCreate(org.apache.zookeeper.server.quorum.QuorumPeer$ServerState) throws java.lang.Exception]
2021-11-08 11:10:49,910 [myid:] - INFO  [main:QuorumBase@81] - QuorumBase.setup null
2021-11-08 11:10:49,910 [myid:] - INFO  [main:JMXEnv@58] - connecting to addr service:jmx:rmi://127.0.0.1/stub/rO0ABXNyAC5qYXZheC5tYW5hZ2VtZW50LnJlbW90ZS5ybWkuUk1JU2VydmVySW1wbF9TdHViAAAAAAAAAAICAAB4cgAaamF2YS5ybWkuc2VydmVyLlJlbW90ZVN0dWLp/tzJi+FlGgIAAHhyABxqYXZhLnJtaS5zZXJ2ZXIuUmVtb3RlT2JqZWN002G0kQxhMx4DAAB4cHc6AAtVbmljYXN0UmVmMgAADzE2OS4yNTQuMTU2LjIzMQAACXmLQdXwIhZN8GrMPREAAAF8/YbC74B0AHg=
2021-11-08 11:10:49,913 [myid:] - INFO  [main:PortAssignment@87] - Assigned port 24992 from range 24686 - 27378.
2021-11-08 11:10:49,914 [myid:] - INFO  [main:PortAssignment@87] - Assigned port 24993 from range 24686 - 27378.
2021-11-08 11:10:49,914 [myid:] - INFO  [main:PortAssignment@87] - Assigned port 24994 from range 24686 - 27378.
2021-11-08 11:10:49,914 [myid:] - INFO  [main:PortAssignment@87] - Assigned port 24995 from range 24686 - 27378.
2021-11-08 11:10:49,914 [myid:] - INFO  [main:PortAssignment@87] - Assigned port 24996 from range 24686 - 27378.
2021-11-08 11:10:49,915 [myid:] - INFO  [main:PortAssignment@87] - Assigned port 24997 from range 24686 - 27378.
2021-11-08 11:10:49,915 [myid:] - INFO  [main:PortAssignment@87] - Assigned port 24998 from range 24686 - 27378.
2021-11-08 11:10:49,915 [myid:] - INFO  [main:PortAssignment@87] - Assigned port 24999 from range 24686 - 27378.
2021-11-08 11:10:49,916 [myid:] - INFO  [main:PortAssignment@87] - Assigned port 25000 from range 24686 - 27378.
2021-11-08 11:10:49,916 [myid:] - INFO  [main:PortAssignment@87] - Assigned port 25001 from range 24686 - 27378.
2021-11-08 11:10:49,916 [myid:] - INFO  [main:PortAssignment@87] - Assigned port 25002 from range 24686 - 27378.
2021-11-08 11:10:49,917 [myid:] - INFO  [main:PortAssignment@87] - Assigned port 25003 from range 24686 - 27378.
2021-11-08 11:10:49,917 [myid:] - INFO  [main:PortAssignment@87] - Assigned port 25004 from range 24686 - 27378.
2021-11-08 11:10:49,917 [myid:] - INFO  [main:PortAssignment@87] - Assigned port 25005 from range 24686 - 27378.
2021-11-08 11:10:49,917 [myid:] - INFO  [main:PortAssignment@87] - Assigned port 25006 from range 24686 - 27378.
2021-11-08 11:10:49,918 [myid:] - INFO  [main:QuorumBase@116] - Ports are: 127.0.0.1:25002,127.0.0.1:25003,127.0.0.1:25004,127.0.0.1:25005,127.0.0.1:25006
2021-11-08 11:10:49,922 [myid:] - INFO  [main:QuorumBase@155] - creating QuorumPeer 1 port 25002
2021-11-08 11:10:49,922 [myid:] - INFO  [main:ServerCnxnFactory@169] - Using org.apache.zookeeper.server.NIOServerCnxnFactory as server connection factory
2021-11-08 11:10:49,923 [myid:] - WARN  [main:ServerCnxnFactory@309] - maxCnxns is not configured, using default value 0.
2021-11-08 11:10:49,923 [myid:] - INFO  [main:NIOServerCnxnFactory@652] - Configuring NIO connection handler with 10s sessionless connection timeout, 1 selector thread(s), 12 worker threads, and 64 kB direct buffers.
2021-11-08 11:10:49,924 [myid:] - INFO  [main:NIOServerCnxnFactory@660] - binding to port /127.0.0.1:25002
2021-11-08 11:10:49,925 [myid:] - INFO  [main:FileTxnSnapLog@124] - zookeeper.snapshot.trust.empty : false
2021-11-08 11:10:49,926 [myid:] - INFO  [main:ZKTestCase@82] - FINISHED Optional[public void org.apache.zookeeper.server.quorum.QuorumRequestPipelineTest.testCreate(org.apache.zookeeper.server.quorum.QuorumPeer$ServerState) throws java.lang.Exception]
]]></system-out>
  </testcase>
  <testcase name="testCreate{ServerState}[3]" classname="org.apache.zookeeper.server.quorum.QuorumRequestPipelineTest" time="0.017">
    <error message="org/apache/zookeeper/ZooDefs$Ids" type="java.lang.NoClassDefFoundError"><![CDATA[java.lang.NoClassDefFoundError: org/apache/zookeeper/ZooDefs$Ids
	at org.apache.zookeeper.server.DataTree.addConfigNode(DataTree.java:327)
	at org.apache.zookeeper.server.DataTree.<init>(DataTree.java:300)
	at org.apache.zookeeper.server.DataTree.<init>(DataTree.java:282)
	at org.apache.zookeeper.server.ZKDatabase.createDataTree(ZKDatabase.java:727)
	at org.apache.zookeeper.server.ZKDatabase.<init>(ZKDatabase.java:110)
	at org.apache.zookeeper.server.quorum.QuorumPeer.<init>(QuorumPeer.java:1098)
	at org.apache.zookeeper.server.quorum.QuorumPeer.<init>(QuorumPeer.java:1242)
	at org.apache.zookeeper.test.QuorumBase.startServers(QuorumBase.java:156)
	at org.apache.zookeeper.test.QuorumBase.setUp(QuorumBase.java:124)
	at org.apache.zookeeper.server.quorum.QuorumRequestPipelineTest.setUp(QuorumRequestPipelineTest.java:72)
	at org.apache.zookeeper.server.quorum.QuorumRequestPipelineTest.testCreate(QuorumRequestPipelineTest.java:93)
	Suppressed: java.lang.NullPointerException
		at org.apache.zookeeper.server.quorum.QuorumRequestPipelineTest.tearDown(QuorumRequestPipelineTest.java:80)
		at sun.reflect.GeneratedMethodAccessor12.invoke(Unknown Source)
		at sun.reflect.DelegatingMethodAccessorImpl.invoke(DelegatingMethodAccessorImpl.java:43)
		at java.lang.reflect.Method.invoke(Method.java:483)
		at org.junit.platform.commons.util.ReflectionUtils.invokeMethod(ReflectionUtils.java:686)
		at org.junit.jupiter.engine.execution.MethodInvocation.proceed(MethodInvocation.java:60)
		at org.junit.jupiter.engine.execution.InvocationInterceptorChain$ValidatingInvocation.proceed(InvocationInterceptorChain.java:131)
		at org.junit.jupiter.engine.extension.TimeoutExtension.intercept(TimeoutExtension.java:149)
		at org.junit.jupiter.engine.extension.TimeoutExtension.interceptLifecycleMethod(TimeoutExtension.java:126)
		at org.junit.jupiter.engine.extension.TimeoutExtension.interceptAfterEachMethod(TimeoutExtension.java:108)
		at org.junit.jupiter.engine.descriptor.ClassBasedTestDescriptor$$Lambda$363/2003891312.apply(Unknown Source)
		at org.junit.jupiter.engine.execution.ExecutableInvoker$ReflectiveInterceptorCall.lambda$ofVoidMethod$0(ExecutableInvoker.java:115)
		at org.junit.jupiter.engine.execution.ExecutableInvoker$ReflectiveInterceptorCall$$Lambda$230/315860201.apply(Unknown Source)
		at org.junit.jupiter.engine.execution.ExecutableInvoker.lambda$invoke$0(ExecutableInvoker.java:105)
		at org.junit.jupiter.engine.execution.ExecutableInvoker$$Lambda$231/720167805.apply(Unknown Source)
		at org.junit.jupiter.engine.execution.InvocationInterceptorChain$InterceptedInvocation.proceed(InvocationInterceptorChain.java:106)
		at org.junit.jupiter.engine.execution.InvocationInterceptorChain.proceed(InvocationInterceptorChain.java:64)
		at org.junit.jupiter.engine.execution.InvocationInterceptorChain.chainAndInvoke(InvocationInterceptorChain.java:45)
		at org.junit.jupiter.engine.execution.InvocationInterceptorChain.invoke(InvocationInterceptorChain.java:37)
		at org.junit.jupiter.engine.execution.ExecutableInvoker.invoke(ExecutableInvoker.java:104)
		at org.junit.jupiter.engine.execution.ExecutableInvoker.invoke(ExecutableInvoker.java:98)
		at org.junit.jupiter.engine.descriptor.ClassBasedTestDescriptor.invokeMethodInExtensionContext(ClassBasedTestDescriptor.java:481)
		at org.junit.jupiter.engine.descriptor.ClassBasedTestDescriptor.lambda$synthesizeAfterEachMethodAdapter$19(ClassBasedTestDescriptor.java:471)
		at org.junit.jupiter.engine.descriptor.ClassBasedTestDescriptor$$Lambda$206/1371006431.invokeAfterEachMethod(Unknown Source)
		at org.junit.jupiter.engine.descriptor.TestMethodTestDescriptor.lambda$invokeAfterEachMethods$9(TestMethodTestDescriptor.java:238)
		at org.junit.jupiter.engine.descriptor.TestMethodTestDescriptor$$Lambda$362/221634215.invoke(Unknown Source)
		at org.junit.jupiter.engine.descriptor.TestMethodTestDescriptor.lambda$invokeAllAfterMethodsOrCallbacks$12(TestMethodTestDescriptor.java:271)
		at org.junit.jupiter.engine.descriptor.TestMethodTestDescriptor$$Lambda$361/664792509.execute(Unknown Source)
		at org.junit.platform.engine.support.hierarchical.ThrowableCollector.execute(ThrowableCollector.java:73)
		at org.junit.jupiter.engine.descriptor.TestMethodTestDescriptor.lambda$invokeAllAfterMethodsOrCallbacks$13(TestMethodTestDescriptor.java:271)
		at org.junit.jupiter.engine.descriptor.TestMethodTestDescriptor$$Lambda$360/1965237677.accept(Unknown Source)
		at java.util.ArrayList.forEach(ArrayList.java:1249)
		at org.junit.jupiter.engine.descriptor.TestMethodTestDescriptor.invokeAllAfterMethodsOrCallbacks(TestMethodTestDescriptor.java:270)
		at org.junit.jupiter.engine.descriptor.TestMethodTestDescriptor.invokeAfterEachMethods(TestMethodTestDescriptor.java:236)
		at org.junit.jupiter.engine.descriptor.TestMethodTestDescriptor.execute(TestMethodTestDescriptor.java:141)
		at org.junit.jupiter.engine.descriptor.TestMethodTestDescriptor.execute(TestMethodTestDescriptor.java:71)
		at org.junit.platform.engine.support.hierarchical.NodeTestTask.lambda$executeRecursively$5(NodeTestTask.java:135)
		at org.junit.platform.engine.support.hierarchical.NodeTestTask$$Lambda$176/1239548589.execute(Unknown Source)
		at org.junit.platform.engine.support.hierarchical.ThrowableCollector.execute(ThrowableCollector.java:73)
		at org.junit.platform.engine.support.hierarchical.NodeTestTask.lambda$executeRecursively$7(NodeTestTask.java:125)
		at org.junit.platform.engine.support.hierarchical.NodeTestTask$$Lambda$175/1634132079.invoke(Unknown Source)
		at org.junit.platform.engine.support.hierarchical.Node.around(Node.java:135)
		at org.junit.platform.engine.support.hierarchical.NodeTestTask.lambda$executeRecursively$8(NodeTestTask.java:123)
		at org.junit.platform.engine.support.hierarchical.NodeTestTask$$Lambda$174/112619572.execute(Unknown Source)
		at org.junit.platform.engine.support.hierarchical.ThrowableCollector.execute(ThrowableCollector.java:73)
		at org.junit.platform.engine.support.hierarchical.NodeTestTask.executeRecursively(NodeTestTask.java:122)
		at org.junit.platform.engine.support.hierarchical.NodeTestTask.execute(NodeTestTask.java:80)
		at org.junit.platform.engine.support.hierarchical.SameThreadHierarchicalTestExecutorService.submit(SameThreadHierarchicalTestExecutorService.java:32)
		at org.junit.platform.engine.support.hierarchical.NodeTestTask$DefaultDynamicTestExecutor.execute(NodeTestTask.java:198)
		at org.junit.jupiter.engine.descriptor.TestTemplateTestDescriptor.execute(TestTemplateTestDescriptor.java:138)
		at org.junit.jupiter.engine.descriptor.TestTemplateTestDescriptor.lambda$execute$2(TestTemplateTestDescriptor.java:106)
		at org.junit.jupiter.engine.descriptor.TestTemplateTestDescriptor$$Lambda$252/1846406218.accept(Unknown Source)
		at java.util.stream.ForEachOps$ForEachOp$OfRef.accept(ForEachOps.java:183)
		at java.util.stream.ReferencePipeline$3$1.accept(ReferencePipeline.java:193)
		at java.util.stream.ReferencePipeline$2$1.accept(ReferencePipeline.java:175)
		at java.util.stream.ReferencePipeline$3$1.accept(ReferencePipeline.java:193)
		at java.util.stream.ForEachOps$ForEachOp$OfRef.accept(ForEachOps.java:183)
		at java.util.stream.ReferencePipeline$11$1.accept(ReferencePipeline.java:373)
		at java.util.stream.ReferencePipeline$3$1.accept(ReferencePipeline.java:193)
		at java.util.stream.ReferencePipeline$3$1.accept(ReferencePipeline.java:193)
		at java.util.stream.ReferencePipeline$3$1.accept(ReferencePipeline.java:193)
		at java.util.stream.ForEachOps$ForEachOp$OfRef.accept(ForEachOps.java:183)
		at java.util.stream.ReferencePipeline$3$1.accept(ReferencePipeline.java:193)
		at java.util.Spliterators$ArraySpliterator.forEachRemaining(Spliterators.java:948)
		at java.util.stream.ReferencePipeline$Head.forEach(ReferencePipeline.java:580)
		at java.util.stream.ReferencePipeline$7$1.accept(ReferencePipeline.java:270)
		at java.util.stream.ReferencePipeline$3$1.accept(ReferencePipeline.java:193)
		at java.util.stream.ReferencePipeline$3$1.accept(ReferencePipeline.java:193)
		at java.util.Spliterators$ArraySpliterator.forEachRemaining(Spliterators.java:948)
		at java.util.stream.AbstractPipeline.copyInto(AbstractPipeline.java:512)
		at java.util.stream.AbstractPipeline.wrapAndCopyInto(AbstractPipeline.java:502)
		at java.util.stream.ForEachOps$ForEachOp.evaluateSequential(ForEachOps.java:150)
		at java.util.stream.ForEachOps$ForEachOp$OfRef.evaluateSequential(ForEachOps.java:173)
		at java.util.stream.AbstractPipeline.evaluate(AbstractPipeline.java:234)
		at java.util.stream.ReferencePipeline.forEach(ReferencePipeline.java:418)
		at java.util.stream.ReferencePipeline$7$1.accept(ReferencePipeline.java:270)
		at java.util.stream.ReferencePipeline$3$1.accept(ReferencePipeline.java:193)
		at java.util.stream.ReferencePipeline$3$1.accept(ReferencePipeline.java:193)
		at java.util.stream.ReferencePipeline$3$1.accept(ReferencePipeline.java:193)
		at java.util.ArrayList$ArrayListSpliterator.forEachRemaining(ArrayList.java:1374)
		at java.util.stream.AbstractPipeline.copyInto(AbstractPipeline.java:512)
		at java.util.stream.AbstractPipeline.wrapAndCopyInto(AbstractPipeline.java:502)
		at java.util.stream.ForEachOps$ForEachOp.evaluateSequential(ForEachOps.java:150)
		at java.util.stream.ForEachOps$ForEachOp$OfRef.evaluateSequential(ForEachOps.java:173)
		at java.util.stream.AbstractPipeline.evaluate(AbstractPipeline.java:234)
		at java.util.stream.ReferencePipeline.forEach(ReferencePipeline.java:418)
		at java.util.stream.ReferencePipeline$7$1.accept(ReferencePipeline.java:270)
		at java.util.ArrayList$ArrayListSpliterator.forEachRemaining(ArrayList.java:1374)
		at java.util.stream.AbstractPipeline.copyInto(AbstractPipeline.java:512)
		at java.util.stream.AbstractPipeline.wrapAndCopyInto(AbstractPipeline.java:502)
		at java.util.stream.ForEachOps$ForEachOp.evaluateSequential(ForEachOps.java:150)
		at java.util.stream.ForEachOps$ForEachOp$OfRef.evaluateSequential(ForEachOps.java:173)
		at java.util.stream.AbstractPipeline.evaluate(AbstractPipeline.java:234)
		at java.util.stream.ReferencePipeline.forEach(ReferencePipeline.java:418)
		at org.junit.jupiter.engine.descriptor.TestTemplateTestDescriptor.execute(TestTemplateTestDescriptor.java:106)
		at org.junit.jupiter.engine.descriptor.TestTemplateTestDescriptor.execute(TestTemplateTestDescriptor.java:41)
		at org.junit.platform.engine.support.hierarchical.NodeTestTask.lambda$executeRecursively$5(NodeTestTask.java:135)
		at org.junit.platform.engine.support.hierarchical.NodeTestTask$$Lambda$176/1239548589.execute(Unknown Source)
		at org.junit.platform.engine.support.hierarchical.ThrowableCollector.execute(ThrowableCollector.java:73)
		at org.junit.platform.engine.support.hierarchical.NodeTestTask.lambda$executeRecursively$7(NodeTestTask.java:125)
		at org.junit.platform.engine.support.hierarchical.NodeTestTask$$Lambda$175/1634132079.invoke(Unknown Source)
		at org.junit.platform.engine.support.hierarchical.Node.around(Node.java:135)
		at org.junit.platform.engine.support.hierarchical.NodeTestTask.lambda$executeRecursively$8(NodeTestTask.java:123)
		at org.junit.platform.engine.support.hierarchical.NodeTestTask$$Lambda$174/112619572.execute(Unknown Source)
		at org.junit.platform.engine.support.hierarchical.ThrowableCollector.execute(ThrowableCollector.java:73)
		at org.junit.platform.engine.support.hierarchical.NodeTestTask.executeRecursively(NodeTestTask.java:122)
		at org.junit.platform.engine.support.hierarchical.NodeTestTask.execute(NodeTestTask.java:80)
		at org.junit.platform.engine.support.hierarchical.SameThreadHierarchicalTestExecutorService$$Lambda$180/667346055.accept(Unknown Source)
		at java.util.ArrayList.forEach(ArrayList.java:1249)
		at org.junit.platform.engine.support.hierarchical.SameThreadHierarchicalTestExecutorService.invokeAll(SameThreadHierarchicalTestExecutorService.java:38)
		at org.junit.platform.engine.support.hierarchical.NodeTestTask.lambda$executeRecursively$5(NodeTestTask.java:139)
		at org.junit.platform.engine.support.hierarchical.NodeTestTask$$Lambda$176/1239548589.execute(Unknown Source)
		at org.junit.platform.engine.support.hierarchical.ThrowableCollector.execute(ThrowableCollector.java:73)
		at org.junit.platform.engine.support.hierarchical.NodeTestTask.lambda$executeRecursively$7(NodeTestTask.java:125)
		at org.junit.platform.engine.support.hierarchical.NodeTestTask$$Lambda$175/1634132079.invoke(Unknown Source)
		at org.junit.platform.engine.support.hierarchical.Node.around(Node.java:135)
		at org.junit.platform.engine.support.hierarchical.NodeTestTask.lambda$executeRecursively$8(NodeTestTask.java:123)
		at org.junit.platform.engine.support.hierarchical.NodeTestTask$$Lambda$174/112619572.execute(Unknown Source)
		at org.junit.platform.engine.support.hierarchical.ThrowableCollector.execute(ThrowableCollector.java:73)
		at org.junit.platform.engine.support.hierarchical.NodeTestTask.executeRecursively(NodeTestTask.java:122)
		at org.junit.platform.engine.support.hierarchical.NodeTestTask.execute(NodeTestTask.java:80)
		at org.junit.platform.engine.support.hierarchical.SameThreadHierarchicalTestExecutorService$$Lambda$180/667346055.accept(Unknown Source)
		at java.util.ArrayList.forEach(ArrayList.java:1249)
		at org.junit.platform.engine.support.hierarchical.SameThreadHierarchicalTestExecutorService.invokeAll(SameThreadHierarchicalTestExecutorService.java:38)
		at org.junit.platform.engine.support.hierarchical.NodeTestTask.lambda$executeRecursively$5(NodeTestTask.java:139)
		at org.junit.platform.engine.support.hierarchical.NodeTestTask$$Lambda$176/1239548589.execute(Unknown Source)
		at org.junit.platform.engine.support.hierarchical.ThrowableCollector.execute(ThrowableCollector.java:73)
		at org.junit.platform.engine.support.hierarchical.NodeTestTask.lambda$executeRecursively$7(NodeTestTask.java:125)
		at org.junit.platform.engine.support.hierarchical.NodeTestTask$$Lambda$175/1634132079.invoke(Unknown Source)
		at org.junit.platform.engine.support.hierarchical.Node.around(Node.java:135)
		at org.junit.platform.engine.support.hierarchical.NodeTestTask.lambda$executeRecursively$8(NodeTestTask.java:123)
		at org.junit.platform.engine.support.hierarchical.NodeTestTask$$Lambda$174/112619572.execute(Unknown Source)
		at org.junit.platform.engine.support.hierarchical.ThrowableCollector.execute(ThrowableCollector.java:73)
		at org.junit.platform.engine.support.hierarchical.NodeTestTask.executeRecursively(NodeTestTask.java:122)
		at org.junit.platform.engine.support.hierarchical.NodeTestTask.execute(NodeTestTask.java:80)
		at org.junit.platform.engine.support.hierarchical.SameThreadHierarchicalTestExecutorService.submit(SameThreadHierarchicalTestExecutorService.java:32)
		at org.junit.platform.engine.support.hierarchical.HierarchicalTestExecutor.execute(HierarchicalTestExecutor.java:57)
		at org.junit.platform.engine.support.hierarchical.HierarchicalTestEngine.execute(HierarchicalTestEngine.java:51)
		at org.junit.platform.launcher.core.DefaultLauncher.execute(DefaultLauncher.java:248)
		at org.junit.platform.launcher.core.DefaultLauncher.lambda$execute$5(DefaultLauncher.java:211)
		at org.junit.platform.launcher.core.DefaultLauncher$$Lambda$140/1414147750.accept(Unknown Source)
		at org.junit.platform.launcher.core.DefaultLauncher.withInterceptedStreams(DefaultLauncher.java:226)
		at org.junit.platform.launcher.core.DefaultLauncher.execute(DefaultLauncher.java:199)
		at org.junit.platform.launcher.core.DefaultLauncher.execute(DefaultLauncher.java:132)
		at org.apache.maven.surefire.junitplatform.JUnitPlatformProvider.invokeAllTests(JUnitPlatformProvider.java:142)
		at org.apache.maven.surefire.junitplatform.JUnitPlatformProvider.invoke(JUnitPlatformProvider.java:113)
		at org.apache.maven.surefire.booter.ForkedBooter.invokeProviderInSameClassLoader(ForkedBooter.java:384)
		at org.apache.maven.surefire.booter.ForkedBooter.runSuitesInProcess(ForkedBooter.java:345)
		at org.apache.maven.surefire.booter.ForkedBooter.execute(ForkedBooter.java:126)
		at org.apache.maven.surefire.booter.ForkedBooter.main(ForkedBooter.java:418)
]]></error>
    <system-out><![CDATA[2021-11-08 11:10:49,928 [myid:] - INFO  [main:PortAssignment@87] - Assigned port 25007 from range 24686 - 27378.
2021-11-08 11:10:49,929 [myid:] - INFO  [main:ZKTestCase@77] - STARTING Optional[public void org.apache.zookeeper.server.quorum.QuorumRequestPipelineTest.testCreate(org.apache.zookeeper.server.quorum.QuorumPeer$ServerState) throws java.lang.Exception]
2021-11-08 11:10:49,930 [myid:] - INFO  [main:QuorumBase@81] - QuorumBase.setup null
2021-11-08 11:10:49,931 [myid:] - INFO  [main:JMXEnv@58] - connecting to addr service:jmx:rmi://127.0.0.1/stub/rO0ABXNyAC5qYXZheC5tYW5hZ2VtZW50LnJlbW90ZS5ybWkuUk1JU2VydmVySW1wbF9TdHViAAAAAAAAAAICAAB4cgAaamF2YS5ybWkuc2VydmVyLlJlbW90ZVN0dWLp/tzJi+FlGgIAAHhyABxqYXZhLnJtaS5zZXJ2ZXIuUmVtb3RlT2JqZWN002G0kQxhMx4DAAB4cHc6AAtVbmljYXN0UmVmMgAADzE2OS4yNTQuMTU2LjIzMQAACXnk+5T7KEX9M2rMPREAAAF8/YbC74B6AHg=
2021-11-08 11:10:49,933 [myid:] - INFO  [main:PortAssignment@87] - Assigned port 25008 from range 24686 - 27378.
2021-11-08 11:10:49,934 [myid:] - INFO  [main:PortAssignment@87] - Assigned port 25009 from range 24686 - 27378.
2021-11-08 11:10:49,934 [myid:] - INFO  [main:PortAssignment@87] - Assigned port 25010 from range 24686 - 27378.
2021-11-08 11:10:49,935 [myid:] - INFO  [main:PortAssignment@87] - Assigned port 25011 from range 24686 - 27378.
2021-11-08 11:10:49,935 [myid:] - INFO  [main:PortAssignment@87] - Assigned port 25012 from range 24686 - 27378.
2021-11-08 11:10:49,935 [myid:] - INFO  [main:PortAssignment@87] - Assigned port 25013 from range 24686 - 27378.
2021-11-08 11:10:49,935 [myid:] - INFO  [main:PortAssignment@87] - Assigned port 25014 from range 24686 - 27378.
2021-11-08 11:10:49,935 [myid:] - INFO  [main:PortAssignment@87] - Assigned port 25015 from range 24686 - 27378.
2021-11-08 11:10:49,936 [myid:] - INFO  [main:PortAssignment@87] - Assigned port 25016 from range 24686 - 27378.
2021-11-08 11:10:49,936 [myid:] - INFO  [main:PortAssignment@87] - Assigned port 25017 from range 24686 - 27378.
2021-11-08 11:10:49,936 [myid:] - INFO  [main:PortAssignment@87] - Assigned port 25018 from range 24686 - 27378.
2021-11-08 11:10:49,936 [myid:] - INFO  [main:PortAssignment@87] - Assigned port 25019 from range 24686 - 27378.
2021-11-08 11:10:49,937 [myid:] - INFO  [main:PortAssignment@87] - Assigned port 25020 from range 24686 - 27378.
2021-11-08 11:10:49,937 [myid:] - INFO  [main:PortAssignment@87] - Assigned port 25021 from range 24686 - 27378.
2021-11-08 11:10:49,937 [myid:] - INFO  [main:PortAssignment@87] - Assigned port 25022 from range 24686 - 27378.
2021-11-08 11:10:49,937 [myid:] - INFO  [main:QuorumBase@116] - Ports are: 127.0.0.1:25018,127.0.0.1:25019,127.0.0.1:25020,127.0.0.1:25021,127.0.0.1:25022
2021-11-08 11:10:49,941 [myid:] - INFO  [main:QuorumBase@155] - creating QuorumPeer 1 port 25018
2021-11-08 11:10:49,941 [myid:] - INFO  [main:ServerCnxnFactory@169] - Using org.apache.zookeeper.server.NIOServerCnxnFactory as server connection factory
2021-11-08 11:10:49,942 [myid:] - WARN  [main:ServerCnxnFactory@309] - maxCnxns is not configured, using default value 0.
2021-11-08 11:10:49,942 [myid:] - INFO  [main:NIOServerCnxnFactory@652] - Configuring NIO connection handler with 10s sessionless connection timeout, 1 selector thread(s), 12 worker threads, and 64 kB direct buffers.
2021-11-08 11:10:49,943 [myid:] - INFO  [main:NIOServerCnxnFactory@660] - binding to port /127.0.0.1:25018
2021-11-08 11:10:49,943 [myid:] - INFO  [main:FileTxnSnapLog@124] - zookeeper.snapshot.trust.empty : false
2021-11-08 11:10:49,945 [myid:] - INFO  [main:ZKTestCase@82] - FINISHED Optional[public void org.apache.zookeeper.server.quorum.QuorumRequestPipelineTest.testCreate(org.apache.zookeeper.server.quorum.QuorumPeer$ServerState) throws java.lang.Exception]
]]></system-out>
  </testcase>
  <testcase name="testDelete{ServerState}[1]" classname="org.apache.zookeeper.server.quorum.QuorumRequestPipelineTest" time="0.011">
    <error message="org/apache/zookeeper/ZooDefs$Ids" type="java.lang.NoClassDefFoundError"><![CDATA[java.lang.NoClassDefFoundError: org/apache/zookeeper/ZooDefs$Ids
	at org.apache.zookeeper.server.DataTree.addConfigNode(DataTree.java:327)
	at org.apache.zookeeper.server.DataTree.<init>(DataTree.java:300)
	at org.apache.zookeeper.server.DataTree.<init>(DataTree.java:282)
	at org.apache.zookeeper.server.ZKDatabase.createDataTree(ZKDatabase.java:727)
	at org.apache.zookeeper.server.ZKDatabase.<init>(ZKDatabase.java:110)
	at org.apache.zookeeper.server.quorum.QuorumPeer.<init>(QuorumPeer.java:1098)
	at org.apache.zookeeper.server.quorum.QuorumPeer.<init>(QuorumPeer.java:1242)
	at org.apache.zookeeper.test.QuorumBase.startServers(QuorumBase.java:156)
	at org.apache.zookeeper.test.QuorumBase.setUp(QuorumBase.java:124)
	at org.apache.zookeeper.server.quorum.QuorumRequestPipelineTest.setUp(QuorumRequestPipelineTest.java:72)
	at org.apache.zookeeper.server.quorum.QuorumRequestPipelineTest.testDelete(QuorumRequestPipelineTest.java:109)
	Suppressed: java.lang.NullPointerException
		at org.apache.zookeeper.server.quorum.QuorumRequestPipelineTest.tearDown(QuorumRequestPipelineTest.java:80)
		at sun.reflect.GeneratedMethodAccessor12.invoke(Unknown Source)
		at sun.reflect.DelegatingMethodAccessorImpl.invoke(DelegatingMethodAccessorImpl.java:43)
		at java.lang.reflect.Method.invoke(Method.java:483)
		at org.junit.platform.commons.util.ReflectionUtils.invokeMethod(ReflectionUtils.java:686)
		at org.junit.jupiter.engine.execution.MethodInvocation.proceed(MethodInvocation.java:60)
		at org.junit.jupiter.engine.execution.InvocationInterceptorChain$ValidatingInvocation.proceed(InvocationInterceptorChain.java:131)
		at org.junit.jupiter.engine.extension.TimeoutExtension.intercept(TimeoutExtension.java:149)
		at org.junit.jupiter.engine.extension.TimeoutExtension.interceptLifecycleMethod(TimeoutExtension.java:126)
		at org.junit.jupiter.engine.extension.TimeoutExtension.interceptAfterEachMethod(TimeoutExtension.java:108)
		at org.junit.jupiter.engine.descriptor.ClassBasedTestDescriptor$$Lambda$363/2003891312.apply(Unknown Source)
		at org.junit.jupiter.engine.execution.ExecutableInvoker$ReflectiveInterceptorCall.lambda$ofVoidMethod$0(ExecutableInvoker.java:115)
		at org.junit.jupiter.engine.execution.ExecutableInvoker$ReflectiveInterceptorCall$$Lambda$230/315860201.apply(Unknown Source)
		at org.junit.jupiter.engine.execution.ExecutableInvoker.lambda$invoke$0(ExecutableInvoker.java:105)
		at org.junit.jupiter.engine.execution.ExecutableInvoker$$Lambda$231/720167805.apply(Unknown Source)
		at org.junit.jupiter.engine.execution.InvocationInterceptorChain$InterceptedInvocation.proceed(InvocationInterceptorChain.java:106)
		at org.junit.jupiter.engine.execution.InvocationInterceptorChain.proceed(InvocationInterceptorChain.java:64)
		at org.junit.jupiter.engine.execution.InvocationInterceptorChain.chainAndInvoke(InvocationInterceptorChain.java:45)
		at org.junit.jupiter.engine.execution.InvocationInterceptorChain.invoke(InvocationInterceptorChain.java:37)
		at org.junit.jupiter.engine.execution.ExecutableInvoker.invoke(ExecutableInvoker.java:104)
		at org.junit.jupiter.engine.execution.ExecutableInvoker.invoke(ExecutableInvoker.java:98)
		at org.junit.jupiter.engine.descriptor.ClassBasedTestDescriptor.invokeMethodInExtensionContext(ClassBasedTestDescriptor.java:481)
		at org.junit.jupiter.engine.descriptor.ClassBasedTestDescriptor.lambda$synthesizeAfterEachMethodAdapter$19(ClassBasedTestDescriptor.java:471)
		at org.junit.jupiter.engine.descriptor.ClassBasedTestDescriptor$$Lambda$206/1371006431.invokeAfterEachMethod(Unknown Source)
		at org.junit.jupiter.engine.descriptor.TestMethodTestDescriptor.lambda$invokeAfterEachMethods$9(TestMethodTestDescriptor.java:238)
		at org.junit.jupiter.engine.descriptor.TestMethodTestDescriptor$$Lambda$362/221634215.invoke(Unknown Source)
		at org.junit.jupiter.engine.descriptor.TestMethodTestDescriptor.lambda$invokeAllAfterMethodsOrCallbacks$12(TestMethodTestDescriptor.java:271)
		at org.junit.jupiter.engine.descriptor.TestMethodTestDescriptor$$Lambda$361/664792509.execute(Unknown Source)
		at org.junit.platform.engine.support.hierarchical.ThrowableCollector.execute(ThrowableCollector.java:73)
		at org.junit.jupiter.engine.descriptor.TestMethodTestDescriptor.lambda$invokeAllAfterMethodsOrCallbacks$13(TestMethodTestDescriptor.java:271)
		at org.junit.jupiter.engine.descriptor.TestMethodTestDescriptor$$Lambda$360/1965237677.accept(Unknown Source)
		at java.util.ArrayList.forEach(ArrayList.java:1249)
		at org.junit.jupiter.engine.descriptor.TestMethodTestDescriptor.invokeAllAfterMethodsOrCallbacks(TestMethodTestDescriptor.java:270)
		at org.junit.jupiter.engine.descriptor.TestMethodTestDescriptor.invokeAfterEachMethods(TestMethodTestDescriptor.java:236)
		at org.junit.jupiter.engine.descriptor.TestMethodTestDescriptor.execute(TestMethodTestDescriptor.java:141)
		at org.junit.jupiter.engine.descriptor.TestMethodTestDescriptor.execute(TestMethodTestDescriptor.java:71)
		at org.junit.platform.engine.support.hierarchical.NodeTestTask.lambda$executeRecursively$5(NodeTestTask.java:135)
		at org.junit.platform.engine.support.hierarchical.NodeTestTask$$Lambda$176/1239548589.execute(Unknown Source)
		at org.junit.platform.engine.support.hierarchical.ThrowableCollector.execute(ThrowableCollector.java:73)
		at org.junit.platform.engine.support.hierarchical.NodeTestTask.lambda$executeRecursively$7(NodeTestTask.java:125)
		at org.junit.platform.engine.support.hierarchical.NodeTestTask$$Lambda$175/1634132079.invoke(Unknown Source)
		at org.junit.platform.engine.support.hierarchical.Node.around(Node.java:135)
		at org.junit.platform.engine.support.hierarchical.NodeTestTask.lambda$executeRecursively$8(NodeTestTask.java:123)
		at org.junit.platform.engine.support.hierarchical.NodeTestTask$$Lambda$174/112619572.execute(Unknown Source)
		at org.junit.platform.engine.support.hierarchical.ThrowableCollector.execute(ThrowableCollector.java:73)
		at org.junit.platform.engine.support.hierarchical.NodeTestTask.executeRecursively(NodeTestTask.java:122)
		at org.junit.platform.engine.support.hierarchical.NodeTestTask.execute(NodeTestTask.java:80)
		at org.junit.platform.engine.support.hierarchical.SameThreadHierarchicalTestExecutorService.submit(SameThreadHierarchicalTestExecutorService.java:32)
		at org.junit.platform.engine.support.hierarchical.NodeTestTask$DefaultDynamicTestExecutor.execute(NodeTestTask.java:198)
		at org.junit.jupiter.engine.descriptor.TestTemplateTestDescriptor.execute(TestTemplateTestDescriptor.java:138)
		at org.junit.jupiter.engine.descriptor.TestTemplateTestDescriptor.lambda$execute$2(TestTemplateTestDescriptor.java:106)
		at org.junit.jupiter.engine.descriptor.TestTemplateTestDescriptor$$Lambda$252/1846406218.accept(Unknown Source)
		at java.util.stream.ForEachOps$ForEachOp$OfRef.accept(ForEachOps.java:183)
		at java.util.stream.ReferencePipeline$3$1.accept(ReferencePipeline.java:193)
		at java.util.stream.ReferencePipeline$2$1.accept(ReferencePipeline.java:175)
		at java.util.stream.ReferencePipeline$3$1.accept(ReferencePipeline.java:193)
		at java.util.stream.ForEachOps$ForEachOp$OfRef.accept(ForEachOps.java:183)
		at java.util.stream.ReferencePipeline$11$1.accept(ReferencePipeline.java:373)
		at java.util.stream.ReferencePipeline$3$1.accept(ReferencePipeline.java:193)
		at java.util.stream.ReferencePipeline$3$1.accept(ReferencePipeline.java:193)
		at java.util.stream.ReferencePipeline$3$1.accept(ReferencePipeline.java:193)
		at java.util.stream.ForEachOps$ForEachOp$OfRef.accept(ForEachOps.java:183)
		at java.util.stream.ReferencePipeline$3$1.accept(ReferencePipeline.java:193)
		at java.util.Spliterators$ArraySpliterator.forEachRemaining(Spliterators.java:948)
		at java.util.stream.ReferencePipeline$Head.forEach(ReferencePipeline.java:580)
		at java.util.stream.ReferencePipeline$7$1.accept(ReferencePipeline.java:270)
		at java.util.stream.ReferencePipeline$3$1.accept(ReferencePipeline.java:193)
		at java.util.stream.ReferencePipeline$3$1.accept(ReferencePipeline.java:193)
		at java.util.Spliterators$ArraySpliterator.forEachRemaining(Spliterators.java:948)
		at java.util.stream.AbstractPipeline.copyInto(AbstractPipeline.java:512)
		at java.util.stream.AbstractPipeline.wrapAndCopyInto(AbstractPipeline.java:502)
		at java.util.stream.ForEachOps$ForEachOp.evaluateSequential(ForEachOps.java:150)
		at java.util.stream.ForEachOps$ForEachOp$OfRef.evaluateSequential(ForEachOps.java:173)
		at java.util.stream.AbstractPipeline.evaluate(AbstractPipeline.java:234)
		at java.util.stream.ReferencePipeline.forEach(ReferencePipeline.java:418)
		at java.util.stream.ReferencePipeline$7$1.accept(ReferencePipeline.java:270)
		at java.util.stream.ReferencePipeline$3$1.accept(ReferencePipeline.java:193)
		at java.util.stream.ReferencePipeline$3$1.accept(ReferencePipeline.java:193)
		at java.util.stream.ReferencePipeline$3$1.accept(ReferencePipeline.java:193)
		at java.util.ArrayList$ArrayListSpliterator.forEachRemaining(ArrayList.java:1374)
		at java.util.stream.AbstractPipeline.copyInto(AbstractPipeline.java:512)
		at java.util.stream.AbstractPipeline.wrapAndCopyInto(AbstractPipeline.java:502)
		at java.util.stream.ForEachOps$ForEachOp.evaluateSequential(ForEachOps.java:150)
		at java.util.stream.ForEachOps$ForEachOp$OfRef.evaluateSequential(ForEachOps.java:173)
		at java.util.stream.AbstractPipeline.evaluate(AbstractPipeline.java:234)
		at java.util.stream.ReferencePipeline.forEach(ReferencePipeline.java:418)
		at java.util.stream.ReferencePipeline$7$1.accept(ReferencePipeline.java:270)
		at java.util.ArrayList$ArrayListSpliterator.forEachRemaining(ArrayList.java:1374)
		at java.util.stream.AbstractPipeline.copyInto(AbstractPipeline.java:512)
		at java.util.stream.AbstractPipeline.wrapAndCopyInto(AbstractPipeline.java:502)
		at java.util.stream.ForEachOps$ForEachOp.evaluateSequential(ForEachOps.java:150)
		at java.util.stream.ForEachOps$ForEachOp$OfRef.evaluateSequential(ForEachOps.java:173)
		at java.util.stream.AbstractPipeline.evaluate(AbstractPipeline.java:234)
		at java.util.stream.ReferencePipeline.forEach(ReferencePipeline.java:418)
		at org.junit.jupiter.engine.descriptor.TestTemplateTestDescriptor.execute(TestTemplateTestDescriptor.java:106)
		at org.junit.jupiter.engine.descriptor.TestTemplateTestDescriptor.execute(TestTemplateTestDescriptor.java:41)
		at org.junit.platform.engine.support.hierarchical.NodeTestTask.lambda$executeRecursively$5(NodeTestTask.java:135)
		at org.junit.platform.engine.support.hierarchical.NodeTestTask$$Lambda$176/1239548589.execute(Unknown Source)
		at org.junit.platform.engine.support.hierarchical.ThrowableCollector.execute(ThrowableCollector.java:73)
		at org.junit.platform.engine.support.hierarchical.NodeTestTask.lambda$executeRecursively$7(NodeTestTask.java:125)
		at org.junit.platform.engine.support.hierarchical.NodeTestTask$$Lambda$175/1634132079.invoke(Unknown Source)
		at org.junit.platform.engine.support.hierarchical.Node.around(Node.java:135)
		at org.junit.platform.engine.support.hierarchical.NodeTestTask.lambda$executeRecursively$8(NodeTestTask.java:123)
		at org.junit.platform.engine.support.hierarchical.NodeTestTask$$Lambda$174/112619572.execute(Unknown Source)
		at org.junit.platform.engine.support.hierarchical.ThrowableCollector.execute(ThrowableCollector.java:73)
		at org.junit.platform.engine.support.hierarchical.NodeTestTask.executeRecursively(NodeTestTask.java:122)
		at org.junit.platform.engine.support.hierarchical.NodeTestTask.execute(NodeTestTask.java:80)
		at org.junit.platform.engine.support.hierarchical.SameThreadHierarchicalTestExecutorService$$Lambda$180/667346055.accept(Unknown Source)
		at java.util.ArrayList.forEach(ArrayList.java:1249)
		at org.junit.platform.engine.support.hierarchical.SameThreadHierarchicalTestExecutorService.invokeAll(SameThreadHierarchicalTestExecutorService.java:38)
		at org.junit.platform.engine.support.hierarchical.NodeTestTask.lambda$executeRecursively$5(NodeTestTask.java:139)
		at org.junit.platform.engine.support.hierarchical.NodeTestTask$$Lambda$176/1239548589.execute(Unknown Source)
		at org.junit.platform.engine.support.hierarchical.ThrowableCollector.execute(ThrowableCollector.java:73)
		at org.junit.platform.engine.support.hierarchical.NodeTestTask.lambda$executeRecursively$7(NodeTestTask.java:125)
		at org.junit.platform.engine.support.hierarchical.NodeTestTask$$Lambda$175/1634132079.invoke(Unknown Source)
		at org.junit.platform.engine.support.hierarchical.Node.around(Node.java:135)
		at org.junit.platform.engine.support.hierarchical.NodeTestTask.lambda$executeRecursively$8(NodeTestTask.java:123)
		at org.junit.platform.engine.support.hierarchical.NodeTestTask$$Lambda$174/112619572.execute(Unknown Source)
		at org.junit.platform.engine.support.hierarchical.ThrowableCollector.execute(ThrowableCollector.java:73)
		at org.junit.platform.engine.support.hierarchical.NodeTestTask.executeRecursively(NodeTestTask.java:122)
		at org.junit.platform.engine.support.hierarchical.NodeTestTask.execute(NodeTestTask.java:80)
		at org.junit.platform.engine.support.hierarchical.SameThreadHierarchicalTestExecutorService$$Lambda$180/667346055.accept(Unknown Source)
		at java.util.ArrayList.forEach(ArrayList.java:1249)
		at org.junit.platform.engine.support.hierarchical.SameThreadHierarchicalTestExecutorService.invokeAll(SameThreadHierarchicalTestExecutorService.java:38)
		at org.junit.platform.engine.support.hierarchical.NodeTestTask.lambda$executeRecursively$5(NodeTestTask.java:139)
		at org.junit.platform.engine.support.hierarchical.NodeTestTask$$Lambda$176/1239548589.execute(Unknown Source)
		at org.junit.platform.engine.support.hierarchical.ThrowableCollector.execute(ThrowableCollector.java:73)
		at org.junit.platform.engine.support.hierarchical.NodeTestTask.lambda$executeRecursively$7(NodeTestTask.java:125)
		at org.junit.platform.engine.support.hierarchical.NodeTestTask$$Lambda$175/1634132079.invoke(Unknown Source)
		at org.junit.platform.engine.support.hierarchical.Node.around(Node.java:135)
		at org.junit.platform.engine.support.hierarchical.NodeTestTask.lambda$executeRecursively$8(NodeTestTask.java:123)
		at org.junit.platform.engine.support.hierarchical.NodeTestTask$$Lambda$174/112619572.execute(Unknown Source)
		at org.junit.platform.engine.support.hierarchical.ThrowableCollector.execute(ThrowableCollector.java:73)
		at org.junit.platform.engine.support.hierarchical.NodeTestTask.executeRecursively(NodeTestTask.java:122)
		at org.junit.platform.engine.support.hierarchical.NodeTestTask.execute(NodeTestTask.java:80)
		at org.junit.platform.engine.support.hierarchical.SameThreadHierarchicalTestExecutorService.submit(SameThreadHierarchicalTestExecutorService.java:32)
		at org.junit.platform.engine.support.hierarchical.HierarchicalTestExecutor.execute(HierarchicalTestExecutor.java:57)
		at org.junit.platform.engine.support.hierarchical.HierarchicalTestEngine.execute(HierarchicalTestEngine.java:51)
		at org.junit.platform.launcher.core.DefaultLauncher.execute(DefaultLauncher.java:248)
		at org.junit.platform.launcher.core.DefaultLauncher.lambda$execute$5(DefaultLauncher.java:211)
		at org.junit.platform.launcher.core.DefaultLauncher$$Lambda$140/1414147750.accept(Unknown Source)
		at org.junit.platform.launcher.core.DefaultLauncher.withInterceptedStreams(DefaultLauncher.java:226)
		at org.junit.platform.launcher.core.DefaultLauncher.execute(DefaultLauncher.java:199)
		at org.junit.platform.launcher.core.DefaultLauncher.execute(DefaultLauncher.java:132)
		at org.apache.maven.surefire.junitplatform.JUnitPlatformProvider.invokeAllTests(JUnitPlatformProvider.java:142)
		at org.apache.maven.surefire.junitplatform.JUnitPlatformProvider.invoke(JUnitPlatformProvider.java:113)
		at org.apache.maven.surefire.booter.ForkedBooter.invokeProviderInSameClassLoader(ForkedBooter.java:384)
		at org.apache.maven.surefire.booter.ForkedBooter.runSuitesInProcess(ForkedBooter.java:345)
		at org.apache.maven.surefire.booter.ForkedBooter.execute(ForkedBooter.java:126)
		at org.apache.maven.surefire.booter.ForkedBooter.main(ForkedBooter.java:418)
]]></error>
    <system-out><![CDATA[2021-11-08 11:10:49,947 [myid:] - INFO  [main:PortAssignment@87] - Assigned port 25023 from range 24686 - 27378.
2021-11-08 11:10:49,948 [myid:] - INFO  [main:ZKTestCase@77] - STARTING Optional[public void org.apache.zookeeper.server.quorum.QuorumRequestPipelineTest.testDelete(org.apache.zookeeper.server.quorum.QuorumPeer$ServerState) throws java.lang.Exception]
2021-11-08 11:10:49,948 [myid:] - INFO  [main:QuorumBase@81] - QuorumBase.setup null
2021-11-08 11:10:49,949 [myid:] - INFO  [main:JMXEnv@58] - connecting to addr service:jmx:rmi://127.0.0.1/stub/rO0ABXNyAC5qYXZheC5tYW5hZ2VtZW50LnJlbW90ZS5ybWkuUk1JU2VydmVySW1wbF9TdHViAAAAAAAAAAICAAB4cgAaamF2YS5ybWkuc2VydmVyLlJlbW90ZVN0dWLp/tzJi+FlGgIAAHhyABxqYXZhLnJtaS5zZXJ2ZXIuUmVtb3RlT2JqZWN002G0kQxhMx4DAAB4cHc6AAtVbmljYXN0UmVmMgAADzE2OS4yNTQuMTU2LjIzMQAACXkkunY1g43S2mrMPREAAAF8/YbC74CAAHg=
2021-11-08 11:10:49,951 [myid:] - INFO  [main:PortAssignment@87] - Assigned port 25024 from range 24686 - 27378.
2021-11-08 11:10:49,952 [myid:] - INFO  [main:PortAssignment@87] - Assigned port 25025 from range 24686 - 27378.
2021-11-08 11:10:49,952 [myid:] - INFO  [main:PortAssignment@87] - Assigned port 25026 from range 24686 - 27378.
2021-11-08 11:10:49,952 [myid:] - INFO  [main:PortAssignment@87] - Assigned port 25027 from range 24686 - 27378.
2021-11-08 11:10:49,952 [myid:] - INFO  [main:PortAssignment@87] - Assigned port 25028 from range 24686 - 27378.
2021-11-08 11:10:49,953 [myid:] - INFO  [main:PortAssignment@87] - Assigned port 25029 from range 24686 - 27378.
2021-11-08 11:10:49,953 [myid:] - INFO  [main:PortAssignment@87] - Assigned port 25030 from range 24686 - 27378.
2021-11-08 11:10:49,953 [myid:] - INFO  [main:PortAssignment@87] - Assigned port 25031 from range 24686 - 27378.
2021-11-08 11:10:49,953 [myid:] - INFO  [main:PortAssignment@87] - Assigned port 25032 from range 24686 - 27378.
2021-11-08 11:10:49,954 [myid:] - INFO  [main:PortAssignment@87] - Assigned port 25033 from range 24686 - 27378.
2021-11-08 11:10:49,954 [myid:] - INFO  [main:PortAssignment@87] - Assigned port 25034 from range 24686 - 27378.
2021-11-08 11:10:49,954 [myid:] - INFO  [main:PortAssignment@87] - Assigned port 25035 from range 24686 - 27378.
2021-11-08 11:10:49,954 [myid:] - INFO  [main:PortAssignment@87] - Assigned port 25036 from range 24686 - 27378.
2021-11-08 11:10:49,955 [myid:] - INFO  [main:PortAssignment@87] - Assigned port 25037 from range 24686 - 27378.
2021-11-08 11:10:49,955 [myid:] - INFO  [main:PortAssignment@87] - Assigned port 25038 from range 24686 - 27378.
2021-11-08 11:10:49,955 [myid:] - INFO  [main:QuorumBase@116] - Ports are: 127.0.0.1:25034,127.0.0.1:25035,127.0.0.1:25036,127.0.0.1:25037,127.0.0.1:25038
2021-11-08 11:10:49,959 [myid:] - INFO  [main:QuorumBase@155] - creating QuorumPeer 1 port 25034
2021-11-08 11:10:49,959 [myid:] - INFO  [main:ServerCnxnFactory@169] - Using org.apache.zookeeper.server.NIOServerCnxnFactory as server connection factory
2021-11-08 11:10:49,960 [myid:] - WARN  [main:ServerCnxnFactory@309] - maxCnxns is not configured, using default value 0.
2021-11-08 11:10:49,960 [myid:] - INFO  [main:NIOServerCnxnFactory@652] - Configuring NIO connection handler with 10s sessionless connection timeout, 1 selector thread(s), 12 worker threads, and 64 kB direct buffers.
2021-11-08 11:10:49,961 [myid:] - INFO  [main:NIOServerCnxnFactory@660] - binding to port /127.0.0.1:25034
2021-11-08 11:10:49,961 [myid:] - INFO  [main:FileTxnSnapLog@124] - zookeeper.snapshot.trust.empty : false
2021-11-08 11:10:49,963 [myid:] - INFO  [main:ZKTestCase@82] - FINISHED Optional[public void org.apache.zookeeper.server.quorum.QuorumRequestPipelineTest.testDelete(org.apache.zookeeper.server.quorum.QuorumPeer$ServerState) throws java.lang.Exception]
]]></system-out>
  </testcase>
  <testcase name="testDelete{ServerState}[2]" classname="org.apache.zookeeper.server.quorum.QuorumRequestPipelineTest" time="0.015">
    <error message="org/apache/zookeeper/ZooDefs$Ids" type="java.lang.NoClassDefFoundError"><![CDATA[java.lang.NoClassDefFoundError: org/apache/zookeeper/ZooDefs$Ids
	at org.apache.zookeeper.server.DataTree.addConfigNode(DataTree.java:327)
	at org.apache.zookeeper.server.DataTree.<init>(DataTree.java:300)
	at org.apache.zookeeper.server.DataTree.<init>(DataTree.java:282)
	at org.apache.zookeeper.server.ZKDatabase.createDataTree(ZKDatabase.java:727)
	at org.apache.zookeeper.server.ZKDatabase.<init>(ZKDatabase.java:110)
	at org.apache.zookeeper.server.quorum.QuorumPeer.<init>(QuorumPeer.java:1098)
	at org.apache.zookeeper.server.quorum.QuorumPeer.<init>(QuorumPeer.java:1242)
	at org.apache.zookeeper.test.QuorumBase.startServers(QuorumBase.java:156)
	at org.apache.zookeeper.test.QuorumBase.setUp(QuorumBase.java:124)
	at org.apache.zookeeper.server.quorum.QuorumRequestPipelineTest.setUp(QuorumRequestPipelineTest.java:72)
	at org.apache.zookeeper.server.quorum.QuorumRequestPipelineTest.testDelete(QuorumRequestPipelineTest.java:109)
	Suppressed: java.lang.NullPointerException
		at org.apache.zookeeper.server.quorum.QuorumRequestPipelineTest.tearDown(QuorumRequestPipelineTest.java:80)
		at sun.reflect.GeneratedMethodAccessor12.invoke(Unknown Source)
		at sun.reflect.DelegatingMethodAccessorImpl.invoke(DelegatingMethodAccessorImpl.java:43)
		at java.lang.reflect.Method.invoke(Method.java:483)
		at org.junit.platform.commons.util.ReflectionUtils.invokeMethod(ReflectionUtils.java:686)
		at org.junit.jupiter.engine.execution.MethodInvocation.proceed(MethodInvocation.java:60)
		at org.junit.jupiter.engine.execution.InvocationInterceptorChain$ValidatingInvocation.proceed(InvocationInterceptorChain.java:131)
		at org.junit.jupiter.engine.extension.TimeoutExtension.intercept(TimeoutExtension.java:149)
		at org.junit.jupiter.engine.extension.TimeoutExtension.interceptLifecycleMethod(TimeoutExtension.java:126)
		at org.junit.jupiter.engine.extension.TimeoutExtension.interceptAfterEachMethod(TimeoutExtension.java:108)
		at org.junit.jupiter.engine.descriptor.ClassBasedTestDescriptor$$Lambda$363/2003891312.apply(Unknown Source)
		at org.junit.jupiter.engine.execution.ExecutableInvoker$ReflectiveInterceptorCall.lambda$ofVoidMethod$0(ExecutableInvoker.java:115)
		at org.junit.jupiter.engine.execution.ExecutableInvoker$ReflectiveInterceptorCall$$Lambda$230/315860201.apply(Unknown Source)
		at org.junit.jupiter.engine.execution.ExecutableInvoker.lambda$invoke$0(ExecutableInvoker.java:105)
		at org.junit.jupiter.engine.execution.ExecutableInvoker$$Lambda$231/720167805.apply(Unknown Source)
		at org.junit.jupiter.engine.execution.InvocationInterceptorChain$InterceptedInvocation.proceed(InvocationInterceptorChain.java:106)
		at org.junit.jupiter.engine.execution.InvocationInterceptorChain.proceed(InvocationInterceptorChain.java:64)
		at org.junit.jupiter.engine.execution.InvocationInterceptorChain.chainAndInvoke(InvocationInterceptorChain.java:45)
		at org.junit.jupiter.engine.execution.InvocationInterceptorChain.invoke(InvocationInterceptorChain.java:37)
		at org.junit.jupiter.engine.execution.ExecutableInvoker.invoke(ExecutableInvoker.java:104)
		at org.junit.jupiter.engine.execution.ExecutableInvoker.invoke(ExecutableInvoker.java:98)
		at org.junit.jupiter.engine.descriptor.ClassBasedTestDescriptor.invokeMethodInExtensionContext(ClassBasedTestDescriptor.java:481)
		at org.junit.jupiter.engine.descriptor.ClassBasedTestDescriptor.lambda$synthesizeAfterEachMethodAdapter$19(ClassBasedTestDescriptor.java:471)
		at org.junit.jupiter.engine.descriptor.ClassBasedTestDescriptor$$Lambda$206/1371006431.invokeAfterEachMethod(Unknown Source)
		at org.junit.jupiter.engine.descriptor.TestMethodTestDescriptor.lambda$invokeAfterEachMethods$9(TestMethodTestDescriptor.java:238)
		at org.junit.jupiter.engine.descriptor.TestMethodTestDescriptor$$Lambda$362/221634215.invoke(Unknown Source)
		at org.junit.jupiter.engine.descriptor.TestMethodTestDescriptor.lambda$invokeAllAfterMethodsOrCallbacks$12(TestMethodTestDescriptor.java:271)
		at org.junit.jupiter.engine.descriptor.TestMethodTestDescriptor$$Lambda$361/664792509.execute(Unknown Source)
		at org.junit.platform.engine.support.hierarchical.ThrowableCollector.execute(ThrowableCollector.java:73)
		at org.junit.jupiter.engine.descriptor.TestMethodTestDescriptor.lambda$invokeAllAfterMethodsOrCallbacks$13(TestMethodTestDescriptor.java:271)
		at org.junit.jupiter.engine.descriptor.TestMethodTestDescriptor$$Lambda$360/1965237677.accept(Unknown Source)
		at java.util.ArrayList.forEach(ArrayList.java:1249)
		at org.junit.jupiter.engine.descriptor.TestMethodTestDescriptor.invokeAllAfterMethodsOrCallbacks(TestMethodTestDescriptor.java:270)
		at org.junit.jupiter.engine.descriptor.TestMethodTestDescriptor.invokeAfterEachMethods(TestMethodTestDescriptor.java:236)
		at org.junit.jupiter.engine.descriptor.TestMethodTestDescriptor.execute(TestMethodTestDescriptor.java:141)
		at org.junit.jupiter.engine.descriptor.TestMethodTestDescriptor.execute(TestMethodTestDescriptor.java:71)
		at org.junit.platform.engine.support.hierarchical.NodeTestTask.lambda$executeRecursively$5(NodeTestTask.java:135)
		at org.junit.platform.engine.support.hierarchical.NodeTestTask$$Lambda$176/1239548589.execute(Unknown Source)
		at org.junit.platform.engine.support.hierarchical.ThrowableCollector.execute(ThrowableCollector.java:73)
		at org.junit.platform.engine.support.hierarchical.NodeTestTask.lambda$executeRecursively$7(NodeTestTask.java:125)
		at org.junit.platform.engine.support.hierarchical.NodeTestTask$$Lambda$175/1634132079.invoke(Unknown Source)
		at org.junit.platform.engine.support.hierarchical.Node.around(Node.java:135)
		at org.junit.platform.engine.support.hierarchical.NodeTestTask.lambda$executeRecursively$8(NodeTestTask.java:123)
		at org.junit.platform.engine.support.hierarchical.NodeTestTask$$Lambda$174/112619572.execute(Unknown Source)
		at org.junit.platform.engine.support.hierarchical.ThrowableCollector.execute(ThrowableCollector.java:73)
		at org.junit.platform.engine.support.hierarchical.NodeTestTask.executeRecursively(NodeTestTask.java:122)
		at org.junit.platform.engine.support.hierarchical.NodeTestTask.execute(NodeTestTask.java:80)
		at org.junit.platform.engine.support.hierarchical.SameThreadHierarchicalTestExecutorService.submit(SameThreadHierarchicalTestExecutorService.java:32)
		at org.junit.platform.engine.support.hierarchical.NodeTestTask$DefaultDynamicTestExecutor.execute(NodeTestTask.java:198)
		at org.junit.jupiter.engine.descriptor.TestTemplateTestDescriptor.execute(TestTemplateTestDescriptor.java:138)
		at org.junit.jupiter.engine.descriptor.TestTemplateTestDescriptor.lambda$execute$2(TestTemplateTestDescriptor.java:106)
		at org.junit.jupiter.engine.descriptor.TestTemplateTestDescriptor$$Lambda$252/1846406218.accept(Unknown Source)
		at java.util.stream.ForEachOps$ForEachOp$OfRef.accept(ForEachOps.java:183)
		at java.util.stream.ReferencePipeline$3$1.accept(ReferencePipeline.java:193)
		at java.util.stream.ReferencePipeline$2$1.accept(ReferencePipeline.java:175)
		at java.util.stream.ReferencePipeline$3$1.accept(ReferencePipeline.java:193)
		at java.util.stream.ForEachOps$ForEachOp$OfRef.accept(ForEachOps.java:183)
		at java.util.stream.ReferencePipeline$11$1.accept(ReferencePipeline.java:373)
		at java.util.stream.ReferencePipeline$3$1.accept(ReferencePipeline.java:193)
		at java.util.stream.ReferencePipeline$3$1.accept(ReferencePipeline.java:193)
		at java.util.stream.ReferencePipeline$3$1.accept(ReferencePipeline.java:193)
		at java.util.stream.ForEachOps$ForEachOp$OfRef.accept(ForEachOps.java:183)
		at java.util.stream.ReferencePipeline$3$1.accept(ReferencePipeline.java:193)
		at java.util.Spliterators$ArraySpliterator.forEachRemaining(Spliterators.java:948)
		at java.util.stream.ReferencePipeline$Head.forEach(ReferencePipeline.java:580)
		at java.util.stream.ReferencePipeline$7$1.accept(ReferencePipeline.java:270)
		at java.util.stream.ReferencePipeline$3$1.accept(ReferencePipeline.java:193)
		at java.util.stream.ReferencePipeline$3$1.accept(ReferencePipeline.java:193)
		at java.util.Spliterators$ArraySpliterator.forEachRemaining(Spliterators.java:948)
		at java.util.stream.AbstractPipeline.copyInto(AbstractPipeline.java:512)
		at java.util.stream.AbstractPipeline.wrapAndCopyInto(AbstractPipeline.java:502)
		at java.util.stream.ForEachOps$ForEachOp.evaluateSequential(ForEachOps.java:150)
		at java.util.stream.ForEachOps$ForEachOp$OfRef.evaluateSequential(ForEachOps.java:173)
		at java.util.stream.AbstractPipeline.evaluate(AbstractPipeline.java:234)
		at java.util.stream.ReferencePipeline.forEach(ReferencePipeline.java:418)
		at java.util.stream.ReferencePipeline$7$1.accept(ReferencePipeline.java:270)
		at java.util.stream.ReferencePipeline$3$1.accept(ReferencePipeline.java:193)
		at java.util.stream.ReferencePipeline$3$1.accept(ReferencePipeline.java:193)
		at java.util.stream.ReferencePipeline$3$1.accept(ReferencePipeline.java:193)
		at java.util.ArrayList$ArrayListSpliterator.forEachRemaining(ArrayList.java:1374)
		at java.util.stream.AbstractPipeline.copyInto(AbstractPipeline.java:512)
		at java.util.stream.AbstractPipeline.wrapAndCopyInto(AbstractPipeline.java:502)
		at java.util.stream.ForEachOps$ForEachOp.evaluateSequential(ForEachOps.java:150)
		at java.util.stream.ForEachOps$ForEachOp$OfRef.evaluateSequential(ForEachOps.java:173)
		at java.util.stream.AbstractPipeline.evaluate(AbstractPipeline.java:234)
		at java.util.stream.ReferencePipeline.forEach(ReferencePipeline.java:418)
		at java.util.stream.ReferencePipeline$7$1.accept(ReferencePipeline.java:270)
		at java.util.ArrayList$ArrayListSpliterator.forEachRemaining(ArrayList.java:1374)
		at java.util.stream.AbstractPipeline.copyInto(AbstractPipeline.java:512)
		at java.util.stream.AbstractPipeline.wrapAndCopyInto(AbstractPipeline.java:502)
		at java.util.stream.ForEachOps$ForEachOp.evaluateSequential(ForEachOps.java:150)
		at java.util.stream.ForEachOps$ForEachOp$OfRef.evaluateSequential(ForEachOps.java:173)
		at java.util.stream.AbstractPipeline.evaluate(AbstractPipeline.java:234)
		at java.util.stream.ReferencePipeline.forEach(ReferencePipeline.java:418)
		at org.junit.jupiter.engine.descriptor.TestTemplateTestDescriptor.execute(TestTemplateTestDescriptor.java:106)
		at org.junit.jupiter.engine.descriptor.TestTemplateTestDescriptor.execute(TestTemplateTestDescriptor.java:41)
		at org.junit.platform.engine.support.hierarchical.NodeTestTask.lambda$executeRecursively$5(NodeTestTask.java:135)
		at org.junit.platform.engine.support.hierarchical.NodeTestTask$$Lambda$176/1239548589.execute(Unknown Source)
		at org.junit.platform.engine.support.hierarchical.ThrowableCollector.execute(ThrowableCollector.java:73)
		at org.junit.platform.engine.support.hierarchical.NodeTestTask.lambda$executeRecursively$7(NodeTestTask.java:125)
		at org.junit.platform.engine.support.hierarchical.NodeTestTask$$Lambda$175/1634132079.invoke(Unknown Source)
		at org.junit.platform.engine.support.hierarchical.Node.around(Node.java:135)
		at org.junit.platform.engine.support.hierarchical.NodeTestTask.lambda$executeRecursively$8(NodeTestTask.java:123)
		at org.junit.platform.engine.support.hierarchical.NodeTestTask$$Lambda$174/112619572.execute(Unknown Source)
		at org.junit.platform.engine.support.hierarchical.ThrowableCollector.execute(ThrowableCollector.java:73)
		at org.junit.platform.engine.support.hierarchical.NodeTestTask.executeRecursively(NodeTestTask.java:122)
		at org.junit.platform.engine.support.hierarchical.NodeTestTask.execute(NodeTestTask.java:80)
		at org.junit.platform.engine.support.hierarchical.SameThreadHierarchicalTestExecutorService$$Lambda$180/667346055.accept(Unknown Source)
		at java.util.ArrayList.forEach(ArrayList.java:1249)
		at org.junit.platform.engine.support.hierarchical.SameThreadHierarchicalTestExecutorService.invokeAll(SameThreadHierarchicalTestExecutorService.java:38)
		at org.junit.platform.engine.support.hierarchical.NodeTestTask.lambda$executeRecursively$5(NodeTestTask.java:139)
		at org.junit.platform.engine.support.hierarchical.NodeTestTask$$Lambda$176/1239548589.execute(Unknown Source)
		at org.junit.platform.engine.support.hierarchical.ThrowableCollector.execute(ThrowableCollector.java:73)
		at org.junit.platform.engine.support.hierarchical.NodeTestTask.lambda$executeRecursively$7(NodeTestTask.java:125)
		at org.junit.platform.engine.support.hierarchical.NodeTestTask$$Lambda$175/1634132079.invoke(Unknown Source)
		at org.junit.platform.engine.support.hierarchical.Node.around(Node.java:135)
		at org.junit.platform.engine.support.hierarchical.NodeTestTask.lambda$executeRecursively$8(NodeTestTask.java:123)
		at org.junit.platform.engine.support.hierarchical.NodeTestTask$$Lambda$174/112619572.execute(Unknown Source)
		at org.junit.platform.engine.support.hierarchical.ThrowableCollector.execute(ThrowableCollector.java:73)
		at org.junit.platform.engine.support.hierarchical.NodeTestTask.executeRecursively(NodeTestTask.java:122)
		at org.junit.platform.engine.support.hierarchical.NodeTestTask.execute(NodeTestTask.java:80)
		at org.junit.platform.engine.support.hierarchical.SameThreadHierarchicalTestExecutorService$$Lambda$180/667346055.accept(Unknown Source)
		at java.util.ArrayList.forEach(ArrayList.java:1249)
		at org.junit.platform.engine.support.hierarchical.SameThreadHierarchicalTestExecutorService.invokeAll(SameThreadHierarchicalTestExecutorService.java:38)
		at org.junit.platform.engine.support.hierarchical.NodeTestTask.lambda$executeRecursively$5(NodeTestTask.java:139)
		at org.junit.platform.engine.support.hierarchical.NodeTestTask$$Lambda$176/1239548589.execute(Unknown Source)
		at org.junit.platform.engine.support.hierarchical.ThrowableCollector.execute(ThrowableCollector.java:73)
		at org.junit.platform.engine.support.hierarchical.NodeTestTask.lambda$executeRecursively$7(NodeTestTask.java:125)
		at org.junit.platform.engine.support.hierarchical.NodeTestTask$$Lambda$175/1634132079.invoke(Unknown Source)
		at org.junit.platform.engine.support.hierarchical.Node.around(Node.java:135)
		at org.junit.platform.engine.support.hierarchical.NodeTestTask.lambda$executeRecursively$8(NodeTestTask.java:123)
		at org.junit.platform.engine.support.hierarchical.NodeTestTask$$Lambda$174/112619572.execute(Unknown Source)
		at org.junit.platform.engine.support.hierarchical.ThrowableCollector.execute(ThrowableCollector.java:73)
		at org.junit.platform.engine.support.hierarchical.NodeTestTask.executeRecursively(NodeTestTask.java:122)
		at org.junit.platform.engine.support.hierarchical.NodeTestTask.execute(NodeTestTask.java:80)
		at org.junit.platform.engine.support.hierarchical.SameThreadHierarchicalTestExecutorService.submit(SameThreadHierarchicalTestExecutorService.java:32)
		at org.junit.platform.engine.support.hierarchical.HierarchicalTestExecutor.execute(HierarchicalTestExecutor.java:57)
		at org.junit.platform.engine.support.hierarchical.HierarchicalTestEngine.execute(HierarchicalTestEngine.java:51)
		at org.junit.platform.launcher.core.DefaultLauncher.execute(DefaultLauncher.java:248)
		at org.junit.platform.launcher.core.DefaultLauncher.lambda$execute$5(DefaultLauncher.java:211)
		at org.junit.platform.launcher.core.DefaultLauncher$$Lambda$140/1414147750.accept(Unknown Source)
		at org.junit.platform.launcher.core.DefaultLauncher.withInterceptedStreams(DefaultLauncher.java:226)
		at org.junit.platform.launcher.core.DefaultLauncher.execute(DefaultLauncher.java:199)
		at org.junit.platform.launcher.core.DefaultLauncher.execute(DefaultLauncher.java:132)
		at org.apache.maven.surefire.junitplatform.JUnitPlatformProvider.invokeAllTests(JUnitPlatformProvider.java:142)
		at org.apache.maven.surefire.junitplatform.JUnitPlatformProvider.invoke(JUnitPlatformProvider.java:113)
		at org.apache.maven.surefire.booter.ForkedBooter.invokeProviderInSameClassLoader(ForkedBooter.java:384)
		at org.apache.maven.surefire.booter.ForkedBooter.runSuitesInProcess(ForkedBooter.java:345)
		at org.apache.maven.surefire.booter.ForkedBooter.execute(ForkedBooter.java:126)
		at org.apache.maven.surefire.booter.ForkedBooter.main(ForkedBooter.java:418)
]]></error>
    <system-out><![CDATA[2021-11-08 11:10:49,967 [myid:] - INFO  [main:PortAssignment@87] - Assigned port 25039 from range 24686 - 27378.
2021-11-08 11:10:49,968 [myid:] - INFO  [main:ZKTestCase@77] - STARTING Optional[public void org.apache.zookeeper.server.quorum.QuorumRequestPipelineTest.testDelete(org.apache.zookeeper.server.quorum.QuorumPeer$ServerState) throws java.lang.Exception]
2021-11-08 11:10:49,968 [myid:] - INFO  [main:QuorumBase@81] - QuorumBase.setup null
2021-11-08 11:10:49,969 [myid:] - INFO  [main:JMXEnv@58] - connecting to addr service:jmx:rmi://127.0.0.1/stub/rO0ABXNyAC5qYXZheC5tYW5hZ2VtZW50LnJlbW90ZS5ybWkuUk1JU2VydmVySW1wbF9TdHViAAAAAAAAAAICAAB4cgAaamF2YS5ybWkuc2VydmVyLlJlbW90ZVN0dWLp/tzJi+FlGgIAAHhyABxqYXZhLnJtaS5zZXJ2ZXIuUmVtb3RlT2JqZWN002G0kQxhMx4DAAB4cHc6AAtVbmljYXN0UmVmMgAADzE2OS4yNTQuMTU2LjIzMQAACXlotYDMhPXi42rMPREAAAF8/YbC74CGAHg=
2021-11-08 11:10:49,972 [myid:] - INFO  [main:PortAssignment@87] - Assigned port 25040 from range 24686 - 27378.
2021-11-08 11:10:49,972 [myid:] - INFO  [main:PortAssignment@87] - Assigned port 25041 from range 24686 - 27378.
2021-11-08 11:10:49,972 [myid:] - INFO  [main:PortAssignment@87] - Assigned port 25042 from range 24686 - 27378.
2021-11-08 11:10:49,973 [myid:] - INFO  [main:PortAssignment@87] - Assigned port 25043 from range 24686 - 27378.
2021-11-08 11:10:49,973 [myid:] - INFO  [main:PortAssignment@87] - Assigned port 25044 from range 24686 - 27378.
2021-11-08 11:10:49,973 [myid:] - INFO  [main:PortAssignment@87] - Assigned port 25045 from range 24686 - 27378.
2021-11-08 11:10:49,974 [myid:] - INFO  [main:PortAssignment@87] - Assigned port 25046 from range 24686 - 27378.
2021-11-08 11:10:49,974 [myid:] - INFO  [main:PortAssignment@87] - Assigned port 25047 from range 24686 - 27378.
2021-11-08 11:10:49,974 [myid:] - INFO  [main:PortAssignment@87] - Assigned port 25048 from range 24686 - 27378.
2021-11-08 11:10:49,975 [myid:] - INFO  [main:PortAssignment@87] - Assigned port 25049 from range 24686 - 27378.
2021-11-08 11:10:49,975 [myid:] - INFO  [main:PortAssignment@87] - Assigned port 25050 from range 24686 - 27378.
2021-11-08 11:10:49,975 [myid:] - INFO  [main:PortAssignment@87] - Assigned port 25051 from range 24686 - 27378.
2021-11-08 11:10:49,975 [myid:] - INFO  [main:PortAssignment@87] - Assigned port 25052 from range 24686 - 27378.
2021-11-08 11:10:49,976 [myid:] - INFO  [main:PortAssignment@87] - Assigned port 25053 from range 24686 - 27378.
2021-11-08 11:10:49,976 [myid:] - INFO  [main:PortAssignment@87] - Assigned port 25054 from range 24686 - 27378.
2021-11-08 11:10:49,976 [myid:] - INFO  [main:QuorumBase@116] - Ports are: 127.0.0.1:25050,127.0.0.1:25051,127.0.0.1:25052,127.0.0.1:25053,127.0.0.1:25054
2021-11-08 11:10:49,980 [myid:] - INFO  [main:QuorumBase@155] - creating QuorumPeer 1 port 25050
2021-11-08 11:10:49,980 [myid:] - INFO  [main:ServerCnxnFactory@169] - Using org.apache.zookeeper.server.NIOServerCnxnFactory as server connection factory
2021-11-08 11:10:49,980 [myid:] - WARN  [main:ServerCnxnFactory@309] - maxCnxns is not configured, using default value 0.
2021-11-08 11:10:49,981 [myid:] - INFO  [main:NIOServerCnxnFactory@652] - Configuring NIO connection handler with 10s sessionless connection timeout, 1 selector thread(s), 12 worker threads, and 64 kB direct buffers.
2021-11-08 11:10:49,982 [myid:] - INFO  [main:NIOServerCnxnFactory@660] - binding to port /127.0.0.1:25050
2021-11-08 11:10:49,982 [myid:] - INFO  [main:FileTxnSnapLog@124] - zookeeper.snapshot.trust.empty : false
2021-11-08 11:10:49,985 [myid:] - INFO  [main:ZKTestCase@82] - FINISHED Optional[public void org.apache.zookeeper.server.quorum.QuorumRequestPipelineTest.testDelete(org.apache.zookeeper.server.quorum.QuorumPeer$ServerState) throws java.lang.Exception]
]]></system-out>
  </testcase>
  <testcase name="testDelete{ServerState}[3]" classname="org.apache.zookeeper.server.quorum.QuorumRequestPipelineTest" time="0.028">
    <error message="org/apache/zookeeper/ZooDefs$Ids" type="java.lang.NoClassDefFoundError"><![CDATA[java.lang.NoClassDefFoundError: org/apache/zookeeper/ZooDefs$Ids
	at org.apache.zookeeper.server.DataTree.addConfigNode(DataTree.java:327)
	at org.apache.zookeeper.server.DataTree.<init>(DataTree.java:300)
	at org.apache.zookeeper.server.DataTree.<init>(DataTree.java:282)
	at org.apache.zookeeper.server.ZKDatabase.createDataTree(ZKDatabase.java:727)
	at org.apache.zookeeper.server.ZKDatabase.<init>(ZKDatabase.java:110)
	at org.apache.zookeeper.server.quorum.QuorumPeer.<init>(QuorumPeer.java:1098)
	at org.apache.zookeeper.server.quorum.QuorumPeer.<init>(QuorumPeer.java:1242)
	at org.apache.zookeeper.test.QuorumBase.startServers(QuorumBase.java:156)
	at org.apache.zookeeper.test.QuorumBase.setUp(QuorumBase.java:124)
	at org.apache.zookeeper.server.quorum.QuorumRequestPipelineTest.setUp(QuorumRequestPipelineTest.java:72)
	at org.apache.zookeeper.server.quorum.QuorumRequestPipelineTest.testDelete(QuorumRequestPipelineTest.java:109)
	Suppressed: java.lang.NullPointerException
		at org.apache.zookeeper.server.quorum.QuorumRequestPipelineTest.tearDown(QuorumRequestPipelineTest.java:80)
		at sun.reflect.GeneratedMethodAccessor12.invoke(Unknown Source)
		at sun.reflect.DelegatingMethodAccessorImpl.invoke(DelegatingMethodAccessorImpl.java:43)
		at java.lang.reflect.Method.invoke(Method.java:483)
		at org.junit.platform.commons.util.ReflectionUtils.invokeMethod(ReflectionUtils.java:686)
		at org.junit.jupiter.engine.execution.MethodInvocation.proceed(MethodInvocation.java:60)
		at org.junit.jupiter.engine.execution.InvocationInterceptorChain$ValidatingInvocation.proceed(InvocationInterceptorChain.java:131)
		at org.junit.jupiter.engine.extension.TimeoutExtension.intercept(TimeoutExtension.java:149)
		at org.junit.jupiter.engine.extension.TimeoutExtension.interceptLifecycleMethod(TimeoutExtension.java:126)
		at org.junit.jupiter.engine.extension.TimeoutExtension.interceptAfterEachMethod(TimeoutExtension.java:108)
		at org.junit.jupiter.engine.descriptor.ClassBasedTestDescriptor$$Lambda$363/2003891312.apply(Unknown Source)
		at org.junit.jupiter.engine.execution.ExecutableInvoker$ReflectiveInterceptorCall.lambda$ofVoidMethod$0(ExecutableInvoker.java:115)
		at org.junit.jupiter.engine.execution.ExecutableInvoker$ReflectiveInterceptorCall$$Lambda$230/315860201.apply(Unknown Source)
		at org.junit.jupiter.engine.execution.ExecutableInvoker.lambda$invoke$0(ExecutableInvoker.java:105)
		at org.junit.jupiter.engine.execution.ExecutableInvoker$$Lambda$231/720167805.apply(Unknown Source)
		at org.junit.jupiter.engine.execution.InvocationInterceptorChain$InterceptedInvocation.proceed(InvocationInterceptorChain.java:106)
		at org.junit.jupiter.engine.execution.InvocationInterceptorChain.proceed(InvocationInterceptorChain.java:64)
		at org.junit.jupiter.engine.execution.InvocationInterceptorChain.chainAndInvoke(InvocationInterceptorChain.java:45)
		at org.junit.jupiter.engine.execution.InvocationInterceptorChain.invoke(InvocationInterceptorChain.java:37)
		at org.junit.jupiter.engine.execution.ExecutableInvoker.invoke(ExecutableInvoker.java:104)
		at org.junit.jupiter.engine.execution.ExecutableInvoker.invoke(ExecutableInvoker.java:98)
		at org.junit.jupiter.engine.descriptor.ClassBasedTestDescriptor.invokeMethodInExtensionContext(ClassBasedTestDescriptor.java:481)
		at org.junit.jupiter.engine.descriptor.ClassBasedTestDescriptor.lambda$synthesizeAfterEachMethodAdapter$19(ClassBasedTestDescriptor.java:471)
		at org.junit.jupiter.engine.descriptor.ClassBasedTestDescriptor$$Lambda$206/1371006431.invokeAfterEachMethod(Unknown Source)
		at org.junit.jupiter.engine.descriptor.TestMethodTestDescriptor.lambda$invokeAfterEachMethods$9(TestMethodTestDescriptor.java:238)
		at org.junit.jupiter.engine.descriptor.TestMethodTestDescriptor$$Lambda$362/221634215.invoke(Unknown Source)
		at org.junit.jupiter.engine.descriptor.TestMethodTestDescriptor.lambda$invokeAllAfterMethodsOrCallbacks$12(TestMethodTestDescriptor.java:271)
		at org.junit.jupiter.engine.descriptor.TestMethodTestDescriptor$$Lambda$361/664792509.execute(Unknown Source)
		at org.junit.platform.engine.support.hierarchical.ThrowableCollector.execute(ThrowableCollector.java:73)
		at org.junit.jupiter.engine.descriptor.TestMethodTestDescriptor.lambda$invokeAllAfterMethodsOrCallbacks$13(TestMethodTestDescriptor.java:271)
		at org.junit.jupiter.engine.descriptor.TestMethodTestDescriptor$$Lambda$360/1965237677.accept(Unknown Source)
		at java.util.ArrayList.forEach(ArrayList.java:1249)
		at org.junit.jupiter.engine.descriptor.TestMethodTestDescriptor.invokeAllAfterMethodsOrCallbacks(TestMethodTestDescriptor.java:270)
		at org.junit.jupiter.engine.descriptor.TestMethodTestDescriptor.invokeAfterEachMethods(TestMethodTestDescriptor.java:236)
		at org.junit.jupiter.engine.descriptor.TestMethodTestDescriptor.execute(TestMethodTestDescriptor.java:141)
		at org.junit.jupiter.engine.descriptor.TestMethodTestDescriptor.execute(TestMethodTestDescriptor.java:71)
		at org.junit.platform.engine.support.hierarchical.NodeTestTask.lambda$executeRecursively$5(NodeTestTask.java:135)
		at org.junit.platform.engine.support.hierarchical.NodeTestTask$$Lambda$176/1239548589.execute(Unknown Source)
		at org.junit.platform.engine.support.hierarchical.ThrowableCollector.execute(ThrowableCollector.java:73)
		at org.junit.platform.engine.support.hierarchical.NodeTestTask.lambda$executeRecursively$7(NodeTestTask.java:125)
		at org.junit.platform.engine.support.hierarchical.NodeTestTask$$Lambda$175/1634132079.invoke(Unknown Source)
		at org.junit.platform.engine.support.hierarchical.Node.around(Node.java:135)
		at org.junit.platform.engine.support.hierarchical.NodeTestTask.lambda$executeRecursively$8(NodeTestTask.java:123)
		at org.junit.platform.engine.support.hierarchical.NodeTestTask$$Lambda$174/112619572.execute(Unknown Source)
		at org.junit.platform.engine.support.hierarchical.ThrowableCollector.execute(ThrowableCollector.java:73)
		at org.junit.platform.engine.support.hierarchical.NodeTestTask.executeRecursively(NodeTestTask.java:122)
		at org.junit.platform.engine.support.hierarchical.NodeTestTask.execute(NodeTestTask.java:80)
		at org.junit.platform.engine.support.hierarchical.SameThreadHierarchicalTestExecutorService.submit(SameThreadHierarchicalTestExecutorService.java:32)
		at org.junit.platform.engine.support.hierarchical.NodeTestTask$DefaultDynamicTestExecutor.execute(NodeTestTask.java:198)
		at org.junit.jupiter.engine.descriptor.TestTemplateTestDescriptor.execute(TestTemplateTestDescriptor.java:138)
		at org.junit.jupiter.engine.descriptor.TestTemplateTestDescriptor.lambda$execute$2(TestTemplateTestDescriptor.java:106)
		at org.junit.jupiter.engine.descriptor.TestTemplateTestDescriptor$$Lambda$252/1846406218.accept(Unknown Source)
		at java.util.stream.ForEachOps$ForEachOp$OfRef.accept(ForEachOps.java:183)
		at java.util.stream.ReferencePipeline$3$1.accept(ReferencePipeline.java:193)
		at java.util.stream.ReferencePipeline$2$1.accept(ReferencePipeline.java:175)
		at java.util.stream.ReferencePipeline$3$1.accept(ReferencePipeline.java:193)
		at java.util.stream.ForEachOps$ForEachOp$OfRef.accept(ForEachOps.java:183)
		at java.util.stream.ReferencePipeline$11$1.accept(ReferencePipeline.java:373)
		at java.util.stream.ReferencePipeline$3$1.accept(ReferencePipeline.java:193)
		at java.util.stream.ReferencePipeline$3$1.accept(ReferencePipeline.java:193)
		at java.util.stream.ReferencePipeline$3$1.accept(ReferencePipeline.java:193)
		at java.util.stream.ForEachOps$ForEachOp$OfRef.accept(ForEachOps.java:183)
		at java.util.stream.ReferencePipeline$3$1.accept(ReferencePipeline.java:193)
		at java.util.Spliterators$ArraySpliterator.forEachRemaining(Spliterators.java:948)
		at java.util.stream.ReferencePipeline$Head.forEach(ReferencePipeline.java:580)
		at java.util.stream.ReferencePipeline$7$1.accept(ReferencePipeline.java:270)
		at java.util.stream.ReferencePipeline$3$1.accept(ReferencePipeline.java:193)
		at java.util.stream.ReferencePipeline$3$1.accept(ReferencePipeline.java:193)
		at java.util.Spliterators$ArraySpliterator.forEachRemaining(Spliterators.java:948)
		at java.util.stream.AbstractPipeline.copyInto(AbstractPipeline.java:512)
		at java.util.stream.AbstractPipeline.wrapAndCopyInto(AbstractPipeline.java:502)
		at java.util.stream.ForEachOps$ForEachOp.evaluateSequential(ForEachOps.java:150)
		at java.util.stream.ForEachOps$ForEachOp$OfRef.evaluateSequential(ForEachOps.java:173)
		at java.util.stream.AbstractPipeline.evaluate(AbstractPipeline.java:234)
		at java.util.stream.ReferencePipeline.forEach(ReferencePipeline.java:418)
		at java.util.stream.ReferencePipeline$7$1.accept(ReferencePipeline.java:270)
		at java.util.stream.ReferencePipeline$3$1.accept(ReferencePipeline.java:193)
		at java.util.stream.ReferencePipeline$3$1.accept(ReferencePipeline.java:193)
		at java.util.stream.ReferencePipeline$3$1.accept(ReferencePipeline.java:193)
		at java.util.ArrayList$ArrayListSpliterator.forEachRemaining(ArrayList.java:1374)
		at java.util.stream.AbstractPipeline.copyInto(AbstractPipeline.java:512)
		at java.util.stream.AbstractPipeline.wrapAndCopyInto(AbstractPipeline.java:502)
		at java.util.stream.ForEachOps$ForEachOp.evaluateSequential(ForEachOps.java:150)
		at java.util.stream.ForEachOps$ForEachOp$OfRef.evaluateSequential(ForEachOps.java:173)
		at java.util.stream.AbstractPipeline.evaluate(AbstractPipeline.java:234)
		at java.util.stream.ReferencePipeline.forEach(ReferencePipeline.java:418)
		at java.util.stream.ReferencePipeline$7$1.accept(ReferencePipeline.java:270)
		at java.util.ArrayList$ArrayListSpliterator.forEachRemaining(ArrayList.java:1374)
		at java.util.stream.AbstractPipeline.copyInto(AbstractPipeline.java:512)
		at java.util.stream.AbstractPipeline.wrapAndCopyInto(AbstractPipeline.java:502)
		at java.util.stream.ForEachOps$ForEachOp.evaluateSequential(ForEachOps.java:150)
		at java.util.stream.ForEachOps$ForEachOp$OfRef.evaluateSequential(ForEachOps.java:173)
		at java.util.stream.AbstractPipeline.evaluate(AbstractPipeline.java:234)
		at java.util.stream.ReferencePipeline.forEach(ReferencePipeline.java:418)
		at org.junit.jupiter.engine.descriptor.TestTemplateTestDescriptor.execute(TestTemplateTestDescriptor.java:106)
		at org.junit.jupiter.engine.descriptor.TestTemplateTestDescriptor.execute(TestTemplateTestDescriptor.java:41)
		at org.junit.platform.engine.support.hierarchical.NodeTestTask.lambda$executeRecursively$5(NodeTestTask.java:135)
		at org.junit.platform.engine.support.hierarchical.NodeTestTask$$Lambda$176/1239548589.execute(Unknown Source)
		at org.junit.platform.engine.support.hierarchical.ThrowableCollector.execute(ThrowableCollector.java:73)
		at org.junit.platform.engine.support.hierarchical.NodeTestTask.lambda$executeRecursively$7(NodeTestTask.java:125)
		at org.junit.platform.engine.support.hierarchical.NodeTestTask$$Lambda$175/1634132079.invoke(Unknown Source)
		at org.junit.platform.engine.support.hierarchical.Node.around(Node.java:135)
		at org.junit.platform.engine.support.hierarchical.NodeTestTask.lambda$executeRecursively$8(NodeTestTask.java:123)
		at org.junit.platform.engine.support.hierarchical.NodeTestTask$$Lambda$174/112619572.execute(Unknown Source)
		at org.junit.platform.engine.support.hierarchical.ThrowableCollector.execute(ThrowableCollector.java:73)
		at org.junit.platform.engine.support.hierarchical.NodeTestTask.executeRecursively(NodeTestTask.java:122)
		at org.junit.platform.engine.support.hierarchical.NodeTestTask.execute(NodeTestTask.java:80)
		at org.junit.platform.engine.support.hierarchical.SameThreadHierarchicalTestExecutorService$$Lambda$180/667346055.accept(Unknown Source)
		at java.util.ArrayList.forEach(ArrayList.java:1249)
		at org.junit.platform.engine.support.hierarchical.SameThreadHierarchicalTestExecutorService.invokeAll(SameThreadHierarchicalTestExecutorService.java:38)
		at org.junit.platform.engine.support.hierarchical.NodeTestTask.lambda$executeRecursively$5(NodeTestTask.java:139)
		at org.junit.platform.engine.support.hierarchical.NodeTestTask$$Lambda$176/1239548589.execute(Unknown Source)
		at org.junit.platform.engine.support.hierarchical.ThrowableCollector.execute(ThrowableCollector.java:73)
		at org.junit.platform.engine.support.hierarchical.NodeTestTask.lambda$executeRecursively$7(NodeTestTask.java:125)
		at org.junit.platform.engine.support.hierarchical.NodeTestTask$$Lambda$175/1634132079.invoke(Unknown Source)
		at org.junit.platform.engine.support.hierarchical.Node.around(Node.java:135)
		at org.junit.platform.engine.support.hierarchical.NodeTestTask.lambda$executeRecursively$8(NodeTestTask.java:123)
		at org.junit.platform.engine.support.hierarchical.NodeTestTask$$Lambda$174/112619572.execute(Unknown Source)
		at org.junit.platform.engine.support.hierarchical.ThrowableCollector.execute(ThrowableCollector.java:73)
		at org.junit.platform.engine.support.hierarchical.NodeTestTask.executeRecursively(NodeTestTask.java:122)
		at org.junit.platform.engine.support.hierarchical.NodeTestTask.execute(NodeTestTask.java:80)
		at org.junit.platform.engine.support.hierarchical.SameThreadHierarchicalTestExecutorService$$Lambda$180/667346055.accept(Unknown Source)
		at java.util.ArrayList.forEach(ArrayList.java:1249)
		at org.junit.platform.engine.support.hierarchical.SameThreadHierarchicalTestExecutorService.invokeAll(SameThreadHierarchicalTestExecutorService.java:38)
		at org.junit.platform.engine.support.hierarchical.NodeTestTask.lambda$executeRecursively$5(NodeTestTask.java:139)
		at org.junit.platform.engine.support.hierarchical.NodeTestTask$$Lambda$176/1239548589.execute(Unknown Source)
		at org.junit.platform.engine.support.hierarchical.ThrowableCollector.execute(ThrowableCollector.java:73)
		at org.junit.platform.engine.support.hierarchical.NodeTestTask.lambda$executeRecursively$7(NodeTestTask.java:125)
		at org.junit.platform.engine.support.hierarchical.NodeTestTask$$Lambda$175/1634132079.invoke(Unknown Source)
		at org.junit.platform.engine.support.hierarchical.Node.around(Node.java:135)
		at org.junit.platform.engine.support.hierarchical.NodeTestTask.lambda$executeRecursively$8(NodeTestTask.java:123)
		at org.junit.platform.engine.support.hierarchical.NodeTestTask$$Lambda$174/112619572.execute(Unknown Source)
		at org.junit.platform.engine.support.hierarchical.ThrowableCollector.execute(ThrowableCollector.java:73)
		at org.junit.platform.engine.support.hierarchical.NodeTestTask.executeRecursively(NodeTestTask.java:122)
		at org.junit.platform.engine.support.hierarchical.NodeTestTask.execute(NodeTestTask.java:80)
		at org.junit.platform.engine.support.hierarchical.SameThreadHierarchicalTestExecutorService.submit(SameThreadHierarchicalTestExecutorService.java:32)
		at org.junit.platform.engine.support.hierarchical.HierarchicalTestExecutor.execute(HierarchicalTestExecutor.java:57)
		at org.junit.platform.engine.support.hierarchical.HierarchicalTestEngine.execute(HierarchicalTestEngine.java:51)
		at org.junit.platform.launcher.core.DefaultLauncher.execute(DefaultLauncher.java:248)
		at org.junit.platform.launcher.core.DefaultLauncher.lambda$execute$5(DefaultLauncher.java:211)
		at org.junit.platform.launcher.core.DefaultLauncher$$Lambda$140/1414147750.accept(Unknown Source)
		at org.junit.platform.launcher.core.DefaultLauncher.withInterceptedStreams(DefaultLauncher.java:226)
		at org.junit.platform.launcher.core.DefaultLauncher.execute(DefaultLauncher.java:199)
		at org.junit.platform.launcher.core.DefaultLauncher.execute(DefaultLauncher.java:132)
		at org.apache.maven.surefire.junitplatform.JUnitPlatformProvider.invokeAllTests(JUnitPlatformProvider.java:142)
		at org.apache.maven.surefire.junitplatform.JUnitPlatformProvider.invoke(JUnitPlatformProvider.java:113)
		at org.apache.maven.surefire.booter.ForkedBooter.invokeProviderInSameClassLoader(ForkedBooter.java:384)
		at org.apache.maven.surefire.booter.ForkedBooter.runSuitesInProcess(ForkedBooter.java:345)
		at org.apache.maven.surefire.booter.ForkedBooter.execute(ForkedBooter.java:126)
		at org.apache.maven.surefire.booter.ForkedBooter.main(ForkedBooter.java:418)
]]></error>
    <system-out><![CDATA[2021-11-08 11:10:49,986 [myid:] - INFO  [main:PortAssignment@87] - Assigned port 25055 from range 24686 - 27378.
2021-11-08 11:10:49,988 [myid:] - INFO  [main:ZKTestCase@77] - STARTING Optional[public void org.apache.zookeeper.server.quorum.QuorumRequestPipelineTest.testDelete(org.apache.zookeeper.server.quorum.QuorumPeer$ServerState) throws java.lang.Exception]
2021-11-08 11:10:49,988 [myid:] - INFO  [main:QuorumBase@81] - QuorumBase.setup null
2021-11-08 11:10:49,989 [myid:] - INFO  [main:JMXEnv@58] - connecting to addr service:jmx:rmi://127.0.0.1/stub/rO0ABXNyAC5qYXZheC5tYW5hZ2VtZW50LnJlbW90ZS5ybWkuUk1JU2VydmVySW1wbF9TdHViAAAAAAAAAAICAAB4cgAaamF2YS5ybWkuc2VydmVyLlJlbW90ZVN0dWLp/tzJi+FlGgIAAHhyABxqYXZhLnJtaS5zZXJ2ZXIuUmVtb3RlT2JqZWN002G0kQxhMx4DAAB4cHc6AAtVbmljYXN0UmVmMgAADzE2OS4yNTQuMTU2LjIzMQAACXmzQDAlc0xwlGrMPREAAAF8/YbC74CMAHg=
2021-11-08 11:10:49,993 [myid:] - INFO  [main:PortAssignment@87] - Assigned port 25056 from range 24686 - 27378.
2021-11-08 11:10:49,994 [myid:] - INFO  [main:PortAssignment@87] - Assigned port 25057 from range 24686 - 27378.
2021-11-08 11:10:49,994 [myid:] - INFO  [main:PortAssignment@87] - Assigned port 25058 from range 24686 - 27378.
2021-11-08 11:10:49,994 [myid:] - INFO  [main:PortAssignment@87] - Assigned port 25059 from range 24686 - 27378.
2021-11-08 11:10:49,995 [myid:] - INFO  [main:PortAssignment@87] - Assigned port 25060 from range 24686 - 27378.
2021-11-08 11:10:49,996 [myid:] - INFO  [main:PortAssignment@87] - Assigned port 25061 from range 24686 - 27378.
2021-11-08 11:10:49,996 [myid:] - INFO  [main:PortAssignment@87] - Assigned port 25062 from range 24686 - 27378.
2021-11-08 11:10:49,997 [myid:] - INFO  [main:PortAssignment@87] - Assigned port 25063 from range 24686 - 27378.
2021-11-08 11:10:49,998 [myid:] - INFO  [main:PortAssignment@87] - Assigned port 25064 from range 24686 - 27378.
2021-11-08 11:10:49,998 [myid:] - INFO  [main:PortAssignment@87] - Assigned port 25065 from range 24686 - 27378.
2021-11-08 11:10:49,998 [myid:] - INFO  [main:PortAssignment@87] - Assigned port 25066 from range 24686 - 27378.
2021-11-08 11:10:49,999 [myid:] - INFO  [main:PortAssignment@87] - Assigned port 25067 from range 24686 - 27378.
2021-11-08 11:10:50,003 [myid:] - INFO  [main:PortAssignment@87] - Assigned port 25068 from range 24686 - 27378.
2021-11-08 11:10:50,004 [myid:] - INFO  [main:PortAssignment@87] - Assigned port 25069 from range 24686 - 27378.
2021-11-08 11:10:50,004 [myid:] - INFO  [main:PortAssignment@87] - Assigned port 25070 from range 24686 - 27378.
2021-11-08 11:10:50,004 [myid:] - INFO  [main:QuorumBase@116] - Ports are: 127.0.0.1:25066,127.0.0.1:25067,127.0.0.1:25068,127.0.0.1:25069,127.0.0.1:25070
2021-11-08 11:10:50,009 [myid:] - INFO  [main:QuorumBase@155] - creating QuorumPeer 1 port 25066
2021-11-08 11:10:50,009 [myid:] - INFO  [main:ServerCnxnFactory@169] - Using org.apache.zookeeper.server.NIOServerCnxnFactory as server connection factory
2021-11-08 11:10:50,010 [myid:] - WARN  [main:ServerCnxnFactory@309] - maxCnxns is not configured, using default value 0.
2021-11-08 11:10:50,010 [myid:] - INFO  [main:NIOServerCnxnFactory@652] - Configuring NIO connection handler with 10s sessionless connection timeout, 1 selector thread(s), 12 worker threads, and 64 kB direct buffers.
2021-11-08 11:10:50,011 [myid:] - INFO  [main:NIOServerCnxnFactory@660] - binding to port /127.0.0.1:25066
2021-11-08 11:10:50,012 [myid:] - INFO  [main:FileTxnSnapLog@124] - zookeeper.snapshot.trust.empty : false
2021-11-08 11:10:50,014 [myid:] - INFO  [main:ZKTestCase@82] - FINISHED Optional[public void org.apache.zookeeper.server.quorum.QuorumRequestPipelineTest.testDelete(org.apache.zookeeper.server.quorum.QuorumPeer$ServerState) throws java.lang.Exception]
]]></system-out>
  </testcase>
  <testcase name="testExists{ServerState}[1]" classname="org.apache.zookeeper.server.quorum.QuorumRequestPipelineTest" time="0.015">
    <error message="org/apache/zookeeper/ZooDefs$Ids" type="java.lang.NoClassDefFoundError"><![CDATA[java.lang.NoClassDefFoundError: org/apache/zookeeper/ZooDefs$Ids
	at org.apache.zookeeper.server.DataTree.addConfigNode(DataTree.java:327)
	at org.apache.zookeeper.server.DataTree.<init>(DataTree.java:300)
	at org.apache.zookeeper.server.DataTree.<init>(DataTree.java:282)
	at org.apache.zookeeper.server.ZKDatabase.createDataTree(ZKDatabase.java:727)
	at org.apache.zookeeper.server.ZKDatabase.<init>(ZKDatabase.java:110)
	at org.apache.zookeeper.server.quorum.QuorumPeer.<init>(QuorumPeer.java:1098)
	at org.apache.zookeeper.server.quorum.QuorumPeer.<init>(QuorumPeer.java:1242)
	at org.apache.zookeeper.test.QuorumBase.startServers(QuorumBase.java:156)
	at org.apache.zookeeper.test.QuorumBase.setUp(QuorumBase.java:124)
	at org.apache.zookeeper.server.quorum.QuorumRequestPipelineTest.setUp(QuorumRequestPipelineTest.java:72)
	at org.apache.zookeeper.server.quorum.QuorumRequestPipelineTest.testExists(QuorumRequestPipelineTest.java:118)
	Suppressed: java.lang.NullPointerException
		at org.apache.zookeeper.server.quorum.QuorumRequestPipelineTest.tearDown(QuorumRequestPipelineTest.java:80)
		at sun.reflect.GeneratedMethodAccessor12.invoke(Unknown Source)
		at sun.reflect.DelegatingMethodAccessorImpl.invoke(DelegatingMethodAccessorImpl.java:43)
		at java.lang.reflect.Method.invoke(Method.java:483)
		at org.junit.platform.commons.util.ReflectionUtils.invokeMethod(ReflectionUtils.java:686)
		at org.junit.jupiter.engine.execution.MethodInvocation.proceed(MethodInvocation.java:60)
		at org.junit.jupiter.engine.execution.InvocationInterceptorChain$ValidatingInvocation.proceed(InvocationInterceptorChain.java:131)
		at org.junit.jupiter.engine.extension.TimeoutExtension.intercept(TimeoutExtension.java:149)
		at org.junit.jupiter.engine.extension.TimeoutExtension.interceptLifecycleMethod(TimeoutExtension.java:126)
		at org.junit.jupiter.engine.extension.TimeoutExtension.interceptAfterEachMethod(TimeoutExtension.java:108)
		at org.junit.jupiter.engine.descriptor.ClassBasedTestDescriptor$$Lambda$363/2003891312.apply(Unknown Source)
		at org.junit.jupiter.engine.execution.ExecutableInvoker$ReflectiveInterceptorCall.lambda$ofVoidMethod$0(ExecutableInvoker.java:115)
		at org.junit.jupiter.engine.execution.ExecutableInvoker$ReflectiveInterceptorCall$$Lambda$230/315860201.apply(Unknown Source)
		at org.junit.jupiter.engine.execution.ExecutableInvoker.lambda$invoke$0(ExecutableInvoker.java:105)
		at org.junit.jupiter.engine.execution.ExecutableInvoker$$Lambda$231/720167805.apply(Unknown Source)
		at org.junit.jupiter.engine.execution.InvocationInterceptorChain$InterceptedInvocation.proceed(InvocationInterceptorChain.java:106)
		at org.junit.jupiter.engine.execution.InvocationInterceptorChain.proceed(InvocationInterceptorChain.java:64)
		at org.junit.jupiter.engine.execution.InvocationInterceptorChain.chainAndInvoke(InvocationInterceptorChain.java:45)
		at org.junit.jupiter.engine.execution.InvocationInterceptorChain.invoke(InvocationInterceptorChain.java:37)
		at org.junit.jupiter.engine.execution.ExecutableInvoker.invoke(ExecutableInvoker.java:104)
		at org.junit.jupiter.engine.execution.ExecutableInvoker.invoke(ExecutableInvoker.java:98)
		at org.junit.jupiter.engine.descriptor.ClassBasedTestDescriptor.invokeMethodInExtensionContext(ClassBasedTestDescriptor.java:481)
		at org.junit.jupiter.engine.descriptor.ClassBasedTestDescriptor.lambda$synthesizeAfterEachMethodAdapter$19(ClassBasedTestDescriptor.java:471)
		at org.junit.jupiter.engine.descriptor.ClassBasedTestDescriptor$$Lambda$206/1371006431.invokeAfterEachMethod(Unknown Source)
		at org.junit.jupiter.engine.descriptor.TestMethodTestDescriptor.lambda$invokeAfterEachMethods$9(TestMethodTestDescriptor.java:238)
		at org.junit.jupiter.engine.descriptor.TestMethodTestDescriptor$$Lambda$362/221634215.invoke(Unknown Source)
		at org.junit.jupiter.engine.descriptor.TestMethodTestDescriptor.lambda$invokeAllAfterMethodsOrCallbacks$12(TestMethodTestDescriptor.java:271)
		at org.junit.jupiter.engine.descriptor.TestMethodTestDescriptor$$Lambda$361/664792509.execute(Unknown Source)
		at org.junit.platform.engine.support.hierarchical.ThrowableCollector.execute(ThrowableCollector.java:73)
		at org.junit.jupiter.engine.descriptor.TestMethodTestDescriptor.lambda$invokeAllAfterMethodsOrCallbacks$13(TestMethodTestDescriptor.java:271)
		at org.junit.jupiter.engine.descriptor.TestMethodTestDescriptor$$Lambda$360/1965237677.accept(Unknown Source)
		at java.util.ArrayList.forEach(ArrayList.java:1249)
		at org.junit.jupiter.engine.descriptor.TestMethodTestDescriptor.invokeAllAfterMethodsOrCallbacks(TestMethodTestDescriptor.java:270)
		at org.junit.jupiter.engine.descriptor.TestMethodTestDescriptor.invokeAfterEachMethods(TestMethodTestDescriptor.java:236)
		at org.junit.jupiter.engine.descriptor.TestMethodTestDescriptor.execute(TestMethodTestDescriptor.java:141)
		at org.junit.jupiter.engine.descriptor.TestMethodTestDescriptor.execute(TestMethodTestDescriptor.java:71)
		at org.junit.platform.engine.support.hierarchical.NodeTestTask.lambda$executeRecursively$5(NodeTestTask.java:135)
		at org.junit.platform.engine.support.hierarchical.NodeTestTask$$Lambda$176/1239548589.execute(Unknown Source)
		at org.junit.platform.engine.support.hierarchical.ThrowableCollector.execute(ThrowableCollector.java:73)
		at org.junit.platform.engine.support.hierarchical.NodeTestTask.lambda$executeRecursively$7(NodeTestTask.java:125)
		at org.junit.platform.engine.support.hierarchical.NodeTestTask$$Lambda$175/1634132079.invoke(Unknown Source)
		at org.junit.platform.engine.support.hierarchical.Node.around(Node.java:135)
		at org.junit.platform.engine.support.hierarchical.NodeTestTask.lambda$executeRecursively$8(NodeTestTask.java:123)
		at org.junit.platform.engine.support.hierarchical.NodeTestTask$$Lambda$174/112619572.execute(Unknown Source)
		at org.junit.platform.engine.support.hierarchical.ThrowableCollector.execute(ThrowableCollector.java:73)
		at org.junit.platform.engine.support.hierarchical.NodeTestTask.executeRecursively(NodeTestTask.java:122)
		at org.junit.platform.engine.support.hierarchical.NodeTestTask.execute(NodeTestTask.java:80)
		at org.junit.platform.engine.support.hierarchical.SameThreadHierarchicalTestExecutorService.submit(SameThreadHierarchicalTestExecutorService.java:32)
		at org.junit.platform.engine.support.hierarchical.NodeTestTask$DefaultDynamicTestExecutor.execute(NodeTestTask.java:198)
		at org.junit.jupiter.engine.descriptor.TestTemplateTestDescriptor.execute(TestTemplateTestDescriptor.java:138)
		at org.junit.jupiter.engine.descriptor.TestTemplateTestDescriptor.lambda$execute$2(TestTemplateTestDescriptor.java:106)
		at org.junit.jupiter.engine.descriptor.TestTemplateTestDescriptor$$Lambda$252/1846406218.accept(Unknown Source)
		at java.util.stream.ForEachOps$ForEachOp$OfRef.accept(ForEachOps.java:183)
		at java.util.stream.ReferencePipeline$3$1.accept(ReferencePipeline.java:193)
		at java.util.stream.ReferencePipeline$2$1.accept(ReferencePipeline.java:175)
		at java.util.stream.ReferencePipeline$3$1.accept(ReferencePipeline.java:193)
		at java.util.stream.ForEachOps$ForEachOp$OfRef.accept(ForEachOps.java:183)
		at java.util.stream.ReferencePipeline$11$1.accept(ReferencePipeline.java:373)
		at java.util.stream.ReferencePipeline$3$1.accept(ReferencePipeline.java:193)
		at java.util.stream.ReferencePipeline$3$1.accept(ReferencePipeline.java:193)
		at java.util.stream.ReferencePipeline$3$1.accept(ReferencePipeline.java:193)
		at java.util.stream.ForEachOps$ForEachOp$OfRef.accept(ForEachOps.java:183)
		at java.util.stream.ReferencePipeline$3$1.accept(ReferencePipeline.java:193)
		at java.util.Spliterators$ArraySpliterator.forEachRemaining(Spliterators.java:948)
		at java.util.stream.ReferencePipeline$Head.forEach(ReferencePipeline.java:580)
		at java.util.stream.ReferencePipeline$7$1.accept(ReferencePipeline.java:270)
		at java.util.stream.ReferencePipeline$3$1.accept(ReferencePipeline.java:193)
		at java.util.stream.ReferencePipeline$3$1.accept(ReferencePipeline.java:193)
		at java.util.Spliterators$ArraySpliterator.forEachRemaining(Spliterators.java:948)
		at java.util.stream.AbstractPipeline.copyInto(AbstractPipeline.java:512)
		at java.util.stream.AbstractPipeline.wrapAndCopyInto(AbstractPipeline.java:502)
		at java.util.stream.ForEachOps$ForEachOp.evaluateSequential(ForEachOps.java:150)
		at java.util.stream.ForEachOps$ForEachOp$OfRef.evaluateSequential(ForEachOps.java:173)
		at java.util.stream.AbstractPipeline.evaluate(AbstractPipeline.java:234)
		at java.util.stream.ReferencePipeline.forEach(ReferencePipeline.java:418)
		at java.util.stream.ReferencePipeline$7$1.accept(ReferencePipeline.java:270)
		at java.util.stream.ReferencePipeline$3$1.accept(ReferencePipeline.java:193)
		at java.util.stream.ReferencePipeline$3$1.accept(ReferencePipeline.java:193)
		at java.util.stream.ReferencePipeline$3$1.accept(ReferencePipeline.java:193)
		at java.util.ArrayList$ArrayListSpliterator.forEachRemaining(ArrayList.java:1374)
		at java.util.stream.AbstractPipeline.copyInto(AbstractPipeline.java:512)
		at java.util.stream.AbstractPipeline.wrapAndCopyInto(AbstractPipeline.java:502)
		at java.util.stream.ForEachOps$ForEachOp.evaluateSequential(ForEachOps.java:150)
		at java.util.stream.ForEachOps$ForEachOp$OfRef.evaluateSequential(ForEachOps.java:173)
		at java.util.stream.AbstractPipeline.evaluate(AbstractPipeline.java:234)
		at java.util.stream.ReferencePipeline.forEach(ReferencePipeline.java:418)
		at java.util.stream.ReferencePipeline$7$1.accept(ReferencePipeline.java:270)
		at java.util.ArrayList$ArrayListSpliterator.forEachRemaining(ArrayList.java:1374)
		at java.util.stream.AbstractPipeline.copyInto(AbstractPipeline.java:512)
		at java.util.stream.AbstractPipeline.wrapAndCopyInto(AbstractPipeline.java:502)
		at java.util.stream.ForEachOps$ForEachOp.evaluateSequential(ForEachOps.java:150)
		at java.util.stream.ForEachOps$ForEachOp$OfRef.evaluateSequential(ForEachOps.java:173)
		at java.util.stream.AbstractPipeline.evaluate(AbstractPipeline.java:234)
		at java.util.stream.ReferencePipeline.forEach(ReferencePipeline.java:418)
		at org.junit.jupiter.engine.descriptor.TestTemplateTestDescriptor.execute(TestTemplateTestDescriptor.java:106)
		at org.junit.jupiter.engine.descriptor.TestTemplateTestDescriptor.execute(TestTemplateTestDescriptor.java:41)
		at org.junit.platform.engine.support.hierarchical.NodeTestTask.lambda$executeRecursively$5(NodeTestTask.java:135)
		at org.junit.platform.engine.support.hierarchical.NodeTestTask$$Lambda$176/1239548589.execute(Unknown Source)
		at org.junit.platform.engine.support.hierarchical.ThrowableCollector.execute(ThrowableCollector.java:73)
		at org.junit.platform.engine.support.hierarchical.NodeTestTask.lambda$executeRecursively$7(NodeTestTask.java:125)
		at org.junit.platform.engine.support.hierarchical.NodeTestTask$$Lambda$175/1634132079.invoke(Unknown Source)
		at org.junit.platform.engine.support.hierarchical.Node.around(Node.java:135)
		at org.junit.platform.engine.support.hierarchical.NodeTestTask.lambda$executeRecursively$8(NodeTestTask.java:123)
		at org.junit.platform.engine.support.hierarchical.NodeTestTask$$Lambda$174/112619572.execute(Unknown Source)
		at org.junit.platform.engine.support.hierarchical.ThrowableCollector.execute(ThrowableCollector.java:73)
		at org.junit.platform.engine.support.hierarchical.NodeTestTask.executeRecursively(NodeTestTask.java:122)
		at org.junit.platform.engine.support.hierarchical.NodeTestTask.execute(NodeTestTask.java:80)
		at org.junit.platform.engine.support.hierarchical.SameThreadHierarchicalTestExecutorService$$Lambda$180/667346055.accept(Unknown Source)
		at java.util.ArrayList.forEach(ArrayList.java:1249)
		at org.junit.platform.engine.support.hierarchical.SameThreadHierarchicalTestExecutorService.invokeAll(SameThreadHierarchicalTestExecutorService.java:38)
		at org.junit.platform.engine.support.hierarchical.NodeTestTask.lambda$executeRecursively$5(NodeTestTask.java:139)
		at org.junit.platform.engine.support.hierarchical.NodeTestTask$$Lambda$176/1239548589.execute(Unknown Source)
		at org.junit.platform.engine.support.hierarchical.ThrowableCollector.execute(ThrowableCollector.java:73)
		at org.junit.platform.engine.support.hierarchical.NodeTestTask.lambda$executeRecursively$7(NodeTestTask.java:125)
		at org.junit.platform.engine.support.hierarchical.NodeTestTask$$Lambda$175/1634132079.invoke(Unknown Source)
		at org.junit.platform.engine.support.hierarchical.Node.around(Node.java:135)
		at org.junit.platform.engine.support.hierarchical.NodeTestTask.lambda$executeRecursively$8(NodeTestTask.java:123)
		at org.junit.platform.engine.support.hierarchical.NodeTestTask$$Lambda$174/112619572.execute(Unknown Source)
		at org.junit.platform.engine.support.hierarchical.ThrowableCollector.execute(ThrowableCollector.java:73)
		at org.junit.platform.engine.support.hierarchical.NodeTestTask.executeRecursively(NodeTestTask.java:122)
		at org.junit.platform.engine.support.hierarchical.NodeTestTask.execute(NodeTestTask.java:80)
		at org.junit.platform.engine.support.hierarchical.SameThreadHierarchicalTestExecutorService$$Lambda$180/667346055.accept(Unknown Source)
		at java.util.ArrayList.forEach(ArrayList.java:1249)
		at org.junit.platform.engine.support.hierarchical.SameThreadHierarchicalTestExecutorService.invokeAll(SameThreadHierarchicalTestExecutorService.java:38)
		at org.junit.platform.engine.support.hierarchical.NodeTestTask.lambda$executeRecursively$5(NodeTestTask.java:139)
		at org.junit.platform.engine.support.hierarchical.NodeTestTask$$Lambda$176/1239548589.execute(Unknown Source)
		at org.junit.platform.engine.support.hierarchical.ThrowableCollector.execute(ThrowableCollector.java:73)
		at org.junit.platform.engine.support.hierarchical.NodeTestTask.lambda$executeRecursively$7(NodeTestTask.java:125)
		at org.junit.platform.engine.support.hierarchical.NodeTestTask$$Lambda$175/1634132079.invoke(Unknown Source)
		at org.junit.platform.engine.support.hierarchical.Node.around(Node.java:135)
		at org.junit.platform.engine.support.hierarchical.NodeTestTask.lambda$executeRecursively$8(NodeTestTask.java:123)
		at org.junit.platform.engine.support.hierarchical.NodeTestTask$$Lambda$174/112619572.execute(Unknown Source)
		at org.junit.platform.engine.support.hierarchical.ThrowableCollector.execute(ThrowableCollector.java:73)
		at org.junit.platform.engine.support.hierarchical.NodeTestTask.executeRecursively(NodeTestTask.java:122)
		at org.junit.platform.engine.support.hierarchical.NodeTestTask.execute(NodeTestTask.java:80)
		at org.junit.platform.engine.support.hierarchical.SameThreadHierarchicalTestExecutorService.submit(SameThreadHierarchicalTestExecutorService.java:32)
		at org.junit.platform.engine.support.hierarchical.HierarchicalTestExecutor.execute(HierarchicalTestExecutor.java:57)
		at org.junit.platform.engine.support.hierarchical.HierarchicalTestEngine.execute(HierarchicalTestEngine.java:51)
		at org.junit.platform.launcher.core.DefaultLauncher.execute(DefaultLauncher.java:248)
		at org.junit.platform.launcher.core.DefaultLauncher.lambda$execute$5(DefaultLauncher.java:211)
		at org.junit.platform.launcher.core.DefaultLauncher$$Lambda$140/1414147750.accept(Unknown Source)
		at org.junit.platform.launcher.core.DefaultLauncher.withInterceptedStreams(DefaultLauncher.java:226)
		at org.junit.platform.launcher.core.DefaultLauncher.execute(DefaultLauncher.java:199)
		at org.junit.platform.launcher.core.DefaultLauncher.execute(DefaultLauncher.java:132)
		at org.apache.maven.surefire.junitplatform.JUnitPlatformProvider.invokeAllTests(JUnitPlatformProvider.java:142)
		at org.apache.maven.surefire.junitplatform.JUnitPlatformProvider.invoke(JUnitPlatformProvider.java:113)
		at org.apache.maven.surefire.booter.ForkedBooter.invokeProviderInSameClassLoader(ForkedBooter.java:384)
		at org.apache.maven.surefire.booter.ForkedBooter.runSuitesInProcess(ForkedBooter.java:345)
		at org.apache.maven.surefire.booter.ForkedBooter.execute(ForkedBooter.java:126)
		at org.apache.maven.surefire.booter.ForkedBooter.main(ForkedBooter.java:418)
]]></error>
    <system-out><![CDATA[2021-11-08 11:10:50,016 [myid:] - INFO  [main:PortAssignment@87] - Assigned port 25071 from range 24686 - 27378.
2021-11-08 11:10:50,016 [myid:] - INFO  [main:ZKTestCase@77] - STARTING Optional[public void org.apache.zookeeper.server.quorum.QuorumRequestPipelineTest.testExists(org.apache.zookeeper.server.quorum.QuorumPeer$ServerState) throws java.lang.Exception]
2021-11-08 11:10:50,017 [myid:] - INFO  [main:QuorumBase@81] - QuorumBase.setup null
2021-11-08 11:10:50,018 [myid:] - INFO  [main:JMXEnv@58] - connecting to addr service:jmx:rmi://127.0.0.1/stub/rO0ABXNyAC5qYXZheC5tYW5hZ2VtZW50LnJlbW90ZS5ybWkuUk1JU2VydmVySW1wbF9TdHViAAAAAAAAAAICAAB4cgAaamF2YS5ybWkuc2VydmVyLlJlbW90ZVN0dWLp/tzJi+FlGgIAAHhyABxqYXZhLnJtaS5zZXJ2ZXIuUmVtb3RlT2JqZWN002G0kQxhMx4DAAB4cHc6AAtVbmljYXN0UmVmMgAADzE2OS4yNTQuMTU2LjIzMQAACXlabVRGYlHdgGrMPREAAAF8/YbC74CSAHg=
2021-11-08 11:10:50,020 [myid:] - INFO  [main:PortAssignment@87] - Assigned port 25072 from range 24686 - 27378.
2021-11-08 11:10:50,020 [myid:] - INFO  [main:PortAssignment@87] - Assigned port 25073 from range 24686 - 27378.
2021-11-08 11:10:50,021 [myid:] - INFO  [main:PortAssignment@87] - Assigned port 25074 from range 24686 - 27378.
2021-11-08 11:10:50,021 [myid:] - INFO  [main:PortAssignment@87] - Assigned port 25075 from range 24686 - 27378.
2021-11-08 11:10:50,021 [myid:] - INFO  [main:PortAssignment@87] - Assigned port 25076 from range 24686 - 27378.
2021-11-08 11:10:50,022 [myid:] - INFO  [main:PortAssignment@87] - Assigned port 25077 from range 24686 - 27378.
2021-11-08 11:10:50,022 [myid:] - INFO  [main:PortAssignment@87] - Assigned port 25078 from range 24686 - 27378.
2021-11-08 11:10:50,022 [myid:] - INFO  [main:PortAssignment@87] - Assigned port 25079 from range 24686 - 27378.
2021-11-08 11:10:50,022 [myid:] - INFO  [main:PortAssignment@87] - Assigned port 25080 from range 24686 - 27378.
2021-11-08 11:10:50,023 [myid:] - INFO  [main:PortAssignment@87] - Assigned port 25081 from range 24686 - 27378.
2021-11-08 11:10:50,023 [myid:] - INFO  [main:PortAssignment@87] - Assigned port 25082 from range 24686 - 27378.
2021-11-08 11:10:50,023 [myid:] - INFO  [main:PortAssignment@87] - Assigned port 25083 from range 24686 - 27378.
2021-11-08 11:10:50,024 [myid:] - INFO  [main:PortAssignment@87] - Assigned port 25084 from range 24686 - 27378.
2021-11-08 11:10:50,024 [myid:] - INFO  [main:PortAssignment@87] - Assigned port 25085 from range 24686 - 27378.
2021-11-08 11:10:50,024 [myid:] - INFO  [main:PortAssignment@87] - Assigned port 25086 from range 24686 - 27378.
2021-11-08 11:10:50,024 [myid:] - INFO  [main:QuorumBase@116] - Ports are: 127.0.0.1:25082,127.0.0.1:25083,127.0.0.1:25084,127.0.0.1:25085,127.0.0.1:25086
2021-11-08 11:10:50,028 [myid:] - INFO  [main:QuorumBase@155] - creating QuorumPeer 1 port 25082
2021-11-08 11:10:50,029 [myid:] - INFO  [main:ServerCnxnFactory@169] - Using org.apache.zookeeper.server.NIOServerCnxnFactory as server connection factory
2021-11-08 11:10:50,029 [myid:] - WARN  [main:ServerCnxnFactory@309] - maxCnxns is not configured, using default value 0.
2021-11-08 11:10:50,029 [myid:] - INFO  [main:NIOServerCnxnFactory@652] - Configuring NIO connection handler with 10s sessionless connection timeout, 1 selector thread(s), 12 worker threads, and 64 kB direct buffers.
2021-11-08 11:10:50,030 [myid:] - INFO  [main:NIOServerCnxnFactory@660] - binding to port /127.0.0.1:25082
2021-11-08 11:10:50,031 [myid:] - INFO  [main:FileTxnSnapLog@124] - zookeeper.snapshot.trust.empty : false
2021-11-08 11:10:50,032 [myid:] - INFO  [main:ZKTestCase@82] - FINISHED Optional[public void org.apache.zookeeper.server.quorum.QuorumRequestPipelineTest.testExists(org.apache.zookeeper.server.quorum.QuorumPeer$ServerState) throws java.lang.Exception]
]]></system-out>
  </testcase>
  <testcase name="testExists{ServerState}[2]" classname="org.apache.zookeeper.server.quorum.QuorumRequestPipelineTest" time="0.016">
    <error message="org/apache/zookeeper/ZooDefs$Ids" type="java.lang.NoClassDefFoundError"><![CDATA[java.lang.NoClassDefFoundError: org/apache/zookeeper/ZooDefs$Ids
	at org.apache.zookeeper.server.DataTree.addConfigNode(DataTree.java:327)
	at org.apache.zookeeper.server.DataTree.<init>(DataTree.java:300)
	at org.apache.zookeeper.server.DataTree.<init>(DataTree.java:282)
	at org.apache.zookeeper.server.ZKDatabase.createDataTree(ZKDatabase.java:727)
	at org.apache.zookeeper.server.ZKDatabase.<init>(ZKDatabase.java:110)
	at org.apache.zookeeper.server.quorum.QuorumPeer.<init>(QuorumPeer.java:1098)
	at org.apache.zookeeper.server.quorum.QuorumPeer.<init>(QuorumPeer.java:1242)
	at org.apache.zookeeper.test.QuorumBase.startServers(QuorumBase.java:156)
	at org.apache.zookeeper.test.QuorumBase.setUp(QuorumBase.java:124)
	at org.apache.zookeeper.server.quorum.QuorumRequestPipelineTest.setUp(QuorumRequestPipelineTest.java:72)
	at org.apache.zookeeper.server.quorum.QuorumRequestPipelineTest.testExists(QuorumRequestPipelineTest.java:118)
	Suppressed: java.lang.NullPointerException
		at org.apache.zookeeper.server.quorum.QuorumRequestPipelineTest.tearDown(QuorumRequestPipelineTest.java:80)
		at sun.reflect.GeneratedMethodAccessor12.invoke(Unknown Source)
		at sun.reflect.DelegatingMethodAccessorImpl.invoke(DelegatingMethodAccessorImpl.java:43)
		at java.lang.reflect.Method.invoke(Method.java:483)
		at org.junit.platform.commons.util.ReflectionUtils.invokeMethod(ReflectionUtils.java:686)
		at org.junit.jupiter.engine.execution.MethodInvocation.proceed(MethodInvocation.java:60)
		at org.junit.jupiter.engine.execution.InvocationInterceptorChain$ValidatingInvocation.proceed(InvocationInterceptorChain.java:131)
		at org.junit.jupiter.engine.extension.TimeoutExtension.intercept(TimeoutExtension.java:149)
		at org.junit.jupiter.engine.extension.TimeoutExtension.interceptLifecycleMethod(TimeoutExtension.java:126)
		at org.junit.jupiter.engine.extension.TimeoutExtension.interceptAfterEachMethod(TimeoutExtension.java:108)
		at org.junit.jupiter.engine.descriptor.ClassBasedTestDescriptor$$Lambda$363/2003891312.apply(Unknown Source)
		at org.junit.jupiter.engine.execution.ExecutableInvoker$ReflectiveInterceptorCall.lambda$ofVoidMethod$0(ExecutableInvoker.java:115)
		at org.junit.jupiter.engine.execution.ExecutableInvoker$ReflectiveInterceptorCall$$Lambda$230/315860201.apply(Unknown Source)
		at org.junit.jupiter.engine.execution.ExecutableInvoker.lambda$invoke$0(ExecutableInvoker.java:105)
		at org.junit.jupiter.engine.execution.ExecutableInvoker$$Lambda$231/720167805.apply(Unknown Source)
		at org.junit.jupiter.engine.execution.InvocationInterceptorChain$InterceptedInvocation.proceed(InvocationInterceptorChain.java:106)
		at org.junit.jupiter.engine.execution.InvocationInterceptorChain.proceed(InvocationInterceptorChain.java:64)
		at org.junit.jupiter.engine.execution.InvocationInterceptorChain.chainAndInvoke(InvocationInterceptorChain.java:45)
		at org.junit.jupiter.engine.execution.InvocationInterceptorChain.invoke(InvocationInterceptorChain.java:37)
		at org.junit.jupiter.engine.execution.ExecutableInvoker.invoke(ExecutableInvoker.java:104)
		at org.junit.jupiter.engine.execution.ExecutableInvoker.invoke(ExecutableInvoker.java:98)
		at org.junit.jupiter.engine.descriptor.ClassBasedTestDescriptor.invokeMethodInExtensionContext(ClassBasedTestDescriptor.java:481)
		at org.junit.jupiter.engine.descriptor.ClassBasedTestDescriptor.lambda$synthesizeAfterEachMethodAdapter$19(ClassBasedTestDescriptor.java:471)
		at org.junit.jupiter.engine.descriptor.ClassBasedTestDescriptor$$Lambda$206/1371006431.invokeAfterEachMethod(Unknown Source)
		at org.junit.jupiter.engine.descriptor.TestMethodTestDescriptor.lambda$invokeAfterEachMethods$9(TestMethodTestDescriptor.java:238)
		at org.junit.jupiter.engine.descriptor.TestMethodTestDescriptor$$Lambda$362/221634215.invoke(Unknown Source)
		at org.junit.jupiter.engine.descriptor.TestMethodTestDescriptor.lambda$invokeAllAfterMethodsOrCallbacks$12(TestMethodTestDescriptor.java:271)
		at org.junit.jupiter.engine.descriptor.TestMethodTestDescriptor$$Lambda$361/664792509.execute(Unknown Source)
		at org.junit.platform.engine.support.hierarchical.ThrowableCollector.execute(ThrowableCollector.java:73)
		at org.junit.jupiter.engine.descriptor.TestMethodTestDescriptor.lambda$invokeAllAfterMethodsOrCallbacks$13(TestMethodTestDescriptor.java:271)
		at org.junit.jupiter.engine.descriptor.TestMethodTestDescriptor$$Lambda$360/1965237677.accept(Unknown Source)
		at java.util.ArrayList.forEach(ArrayList.java:1249)
		at org.junit.jupiter.engine.descriptor.TestMethodTestDescriptor.invokeAllAfterMethodsOrCallbacks(TestMethodTestDescriptor.java:270)
		at org.junit.jupiter.engine.descriptor.TestMethodTestDescriptor.invokeAfterEachMethods(TestMethodTestDescriptor.java:236)
		at org.junit.jupiter.engine.descriptor.TestMethodTestDescriptor.execute(TestMethodTestDescriptor.java:141)
		at org.junit.jupiter.engine.descriptor.TestMethodTestDescriptor.execute(TestMethodTestDescriptor.java:71)
		at org.junit.platform.engine.support.hierarchical.NodeTestTask.lambda$executeRecursively$5(NodeTestTask.java:135)
		at org.junit.platform.engine.support.hierarchical.NodeTestTask$$Lambda$176/1239548589.execute(Unknown Source)
		at org.junit.platform.engine.support.hierarchical.ThrowableCollector.execute(ThrowableCollector.java:73)
		at org.junit.platform.engine.support.hierarchical.NodeTestTask.lambda$executeRecursively$7(NodeTestTask.java:125)
		at org.junit.platform.engine.support.hierarchical.NodeTestTask$$Lambda$175/1634132079.invoke(Unknown Source)
		at org.junit.platform.engine.support.hierarchical.Node.around(Node.java:135)
		at org.junit.platform.engine.support.hierarchical.NodeTestTask.lambda$executeRecursively$8(NodeTestTask.java:123)
		at org.junit.platform.engine.support.hierarchical.NodeTestTask$$Lambda$174/112619572.execute(Unknown Source)
		at org.junit.platform.engine.support.hierarchical.ThrowableCollector.execute(ThrowableCollector.java:73)
		at org.junit.platform.engine.support.hierarchical.NodeTestTask.executeRecursively(NodeTestTask.java:122)
		at org.junit.platform.engine.support.hierarchical.NodeTestTask.execute(NodeTestTask.java:80)
		at org.junit.platform.engine.support.hierarchical.SameThreadHierarchicalTestExecutorService.submit(SameThreadHierarchicalTestExecutorService.java:32)
		at org.junit.platform.engine.support.hierarchical.NodeTestTask$DefaultDynamicTestExecutor.execute(NodeTestTask.java:198)
		at org.junit.jupiter.engine.descriptor.TestTemplateTestDescriptor.execute(TestTemplateTestDescriptor.java:138)
		at org.junit.jupiter.engine.descriptor.TestTemplateTestDescriptor.lambda$execute$2(TestTemplateTestDescriptor.java:106)
		at org.junit.jupiter.engine.descriptor.TestTemplateTestDescriptor$$Lambda$252/1846406218.accept(Unknown Source)
		at java.util.stream.ForEachOps$ForEachOp$OfRef.accept(ForEachOps.java:183)
		at java.util.stream.ReferencePipeline$3$1.accept(ReferencePipeline.java:193)
		at java.util.stream.ReferencePipeline$2$1.accept(ReferencePipeline.java:175)
		at java.util.stream.ReferencePipeline$3$1.accept(ReferencePipeline.java:193)
		at java.util.stream.ForEachOps$ForEachOp$OfRef.accept(ForEachOps.java:183)
		at java.util.stream.ReferencePipeline$11$1.accept(ReferencePipeline.java:373)
		at java.util.stream.ReferencePipeline$3$1.accept(ReferencePipeline.java:193)
		at java.util.stream.ReferencePipeline$3$1.accept(ReferencePipeline.java:193)
		at java.util.stream.ReferencePipeline$3$1.accept(ReferencePipeline.java:193)
		at java.util.stream.ForEachOps$ForEachOp$OfRef.accept(ForEachOps.java:183)
		at java.util.stream.ReferencePipeline$3$1.accept(ReferencePipeline.java:193)
		at java.util.Spliterators$ArraySpliterator.forEachRemaining(Spliterators.java:948)
		at java.util.stream.ReferencePipeline$Head.forEach(ReferencePipeline.java:580)
		at java.util.stream.ReferencePipeline$7$1.accept(ReferencePipeline.java:270)
		at java.util.stream.ReferencePipeline$3$1.accept(ReferencePipeline.java:193)
		at java.util.stream.ReferencePipeline$3$1.accept(ReferencePipeline.java:193)
		at java.util.Spliterators$ArraySpliterator.forEachRemaining(Spliterators.java:948)
		at java.util.stream.AbstractPipeline.copyInto(AbstractPipeline.java:512)
		at java.util.stream.AbstractPipeline.wrapAndCopyInto(AbstractPipeline.java:502)
		at java.util.stream.ForEachOps$ForEachOp.evaluateSequential(ForEachOps.java:150)
		at java.util.stream.ForEachOps$ForEachOp$OfRef.evaluateSequential(ForEachOps.java:173)
		at java.util.stream.AbstractPipeline.evaluate(AbstractPipeline.java:234)
		at java.util.stream.ReferencePipeline.forEach(ReferencePipeline.java:418)
		at java.util.stream.ReferencePipeline$7$1.accept(ReferencePipeline.java:270)
		at java.util.stream.ReferencePipeline$3$1.accept(ReferencePipeline.java:193)
		at java.util.stream.ReferencePipeline$3$1.accept(ReferencePipeline.java:193)
		at java.util.stream.ReferencePipeline$3$1.accept(ReferencePipeline.java:193)
		at java.util.ArrayList$ArrayListSpliterator.forEachRemaining(ArrayList.java:1374)
		at java.util.stream.AbstractPipeline.copyInto(AbstractPipeline.java:512)
		at java.util.stream.AbstractPipeline.wrapAndCopyInto(AbstractPipeline.java:502)
		at java.util.stream.ForEachOps$ForEachOp.evaluateSequential(ForEachOps.java:150)
		at java.util.stream.ForEachOps$ForEachOp$OfRef.evaluateSequential(ForEachOps.java:173)
		at java.util.stream.AbstractPipeline.evaluate(AbstractPipeline.java:234)
		at java.util.stream.ReferencePipeline.forEach(ReferencePipeline.java:418)
		at java.util.stream.ReferencePipeline$7$1.accept(ReferencePipeline.java:270)
		at java.util.ArrayList$ArrayListSpliterator.forEachRemaining(ArrayList.java:1374)
		at java.util.stream.AbstractPipeline.copyInto(AbstractPipeline.java:512)
		at java.util.stream.AbstractPipeline.wrapAndCopyInto(AbstractPipeline.java:502)
		at java.util.stream.ForEachOps$ForEachOp.evaluateSequential(ForEachOps.java:150)
		at java.util.stream.ForEachOps$ForEachOp$OfRef.evaluateSequential(ForEachOps.java:173)
		at java.util.stream.AbstractPipeline.evaluate(AbstractPipeline.java:234)
		at java.util.stream.ReferencePipeline.forEach(ReferencePipeline.java:418)
		at org.junit.jupiter.engine.descriptor.TestTemplateTestDescriptor.execute(TestTemplateTestDescriptor.java:106)
		at org.junit.jupiter.engine.descriptor.TestTemplateTestDescriptor.execute(TestTemplateTestDescriptor.java:41)
		at org.junit.platform.engine.support.hierarchical.NodeTestTask.lambda$executeRecursively$5(NodeTestTask.java:135)
		at org.junit.platform.engine.support.hierarchical.NodeTestTask$$Lambda$176/1239548589.execute(Unknown Source)
		at org.junit.platform.engine.support.hierarchical.ThrowableCollector.execute(ThrowableCollector.java:73)
		at org.junit.platform.engine.support.hierarchical.NodeTestTask.lambda$executeRecursively$7(NodeTestTask.java:125)
		at org.junit.platform.engine.support.hierarchical.NodeTestTask$$Lambda$175/1634132079.invoke(Unknown Source)
		at org.junit.platform.engine.support.hierarchical.Node.around(Node.java:135)
		at org.junit.platform.engine.support.hierarchical.NodeTestTask.lambda$executeRecursively$8(NodeTestTask.java:123)
		at org.junit.platform.engine.support.hierarchical.NodeTestTask$$Lambda$174/112619572.execute(Unknown Source)
		at org.junit.platform.engine.support.hierarchical.ThrowableCollector.execute(ThrowableCollector.java:73)
		at org.junit.platform.engine.support.hierarchical.NodeTestTask.executeRecursively(NodeTestTask.java:122)
		at org.junit.platform.engine.support.hierarchical.NodeTestTask.execute(NodeTestTask.java:80)
		at org.junit.platform.engine.support.hierarchical.SameThreadHierarchicalTestExecutorService$$Lambda$180/667346055.accept(Unknown Source)
		at java.util.ArrayList.forEach(ArrayList.java:1249)
		at org.junit.platform.engine.support.hierarchical.SameThreadHierarchicalTestExecutorService.invokeAll(SameThreadHierarchicalTestExecutorService.java:38)
		at org.junit.platform.engine.support.hierarchical.NodeTestTask.lambda$executeRecursively$5(NodeTestTask.java:139)
		at org.junit.platform.engine.support.hierarchical.NodeTestTask$$Lambda$176/1239548589.execute(Unknown Source)
		at org.junit.platform.engine.support.hierarchical.ThrowableCollector.execute(ThrowableCollector.java:73)
		at org.junit.platform.engine.support.hierarchical.NodeTestTask.lambda$executeRecursively$7(NodeTestTask.java:125)
		at org.junit.platform.engine.support.hierarchical.NodeTestTask$$Lambda$175/1634132079.invoke(Unknown Source)
		at org.junit.platform.engine.support.hierarchical.Node.around(Node.java:135)
		at org.junit.platform.engine.support.hierarchical.NodeTestTask.lambda$executeRecursively$8(NodeTestTask.java:123)
		at org.junit.platform.engine.support.hierarchical.NodeTestTask$$Lambda$174/112619572.execute(Unknown Source)
		at org.junit.platform.engine.support.hierarchical.ThrowableCollector.execute(ThrowableCollector.java:73)
		at org.junit.platform.engine.support.hierarchical.NodeTestTask.executeRecursively(NodeTestTask.java:122)
		at org.junit.platform.engine.support.hierarchical.NodeTestTask.execute(NodeTestTask.java:80)
		at org.junit.platform.engine.support.hierarchical.SameThreadHierarchicalTestExecutorService$$Lambda$180/667346055.accept(Unknown Source)
		at java.util.ArrayList.forEach(ArrayList.java:1249)
		at org.junit.platform.engine.support.hierarchical.SameThreadHierarchicalTestExecutorService.invokeAll(SameThreadHierarchicalTestExecutorService.java:38)
		at org.junit.platform.engine.support.hierarchical.NodeTestTask.lambda$executeRecursively$5(NodeTestTask.java:139)
		at org.junit.platform.engine.support.hierarchical.NodeTestTask$$Lambda$176/1239548589.execute(Unknown Source)
		at org.junit.platform.engine.support.hierarchical.ThrowableCollector.execute(ThrowableCollector.java:73)
		at org.junit.platform.engine.support.hierarchical.NodeTestTask.lambda$executeRecursively$7(NodeTestTask.java:125)
		at org.junit.platform.engine.support.hierarchical.NodeTestTask$$Lambda$175/1634132079.invoke(Unknown Source)
		at org.junit.platform.engine.support.hierarchical.Node.around(Node.java:135)
		at org.junit.platform.engine.support.hierarchical.NodeTestTask.lambda$executeRecursively$8(NodeTestTask.java:123)
		at org.junit.platform.engine.support.hierarchical.NodeTestTask$$Lambda$174/112619572.execute(Unknown Source)
		at org.junit.platform.engine.support.hierarchical.ThrowableCollector.execute(ThrowableCollector.java:73)
		at org.junit.platform.engine.support.hierarchical.NodeTestTask.executeRecursively(NodeTestTask.java:122)
		at org.junit.platform.engine.support.hierarchical.NodeTestTask.execute(NodeTestTask.java:80)
		at org.junit.platform.engine.support.hierarchical.SameThreadHierarchicalTestExecutorService.submit(SameThreadHierarchicalTestExecutorService.java:32)
		at org.junit.platform.engine.support.hierarchical.HierarchicalTestExecutor.execute(HierarchicalTestExecutor.java:57)
		at org.junit.platform.engine.support.hierarchical.HierarchicalTestEngine.execute(HierarchicalTestEngine.java:51)
		at org.junit.platform.launcher.core.DefaultLauncher.execute(DefaultLauncher.java:248)
		at org.junit.platform.launcher.core.DefaultLauncher.lambda$execute$5(DefaultLauncher.java:211)
		at org.junit.platform.launcher.core.DefaultLauncher$$Lambda$140/1414147750.accept(Unknown Source)
		at org.junit.platform.launcher.core.DefaultLauncher.withInterceptedStreams(DefaultLauncher.java:226)
		at org.junit.platform.launcher.core.DefaultLauncher.execute(DefaultLauncher.java:199)
		at org.junit.platform.launcher.core.DefaultLauncher.execute(DefaultLauncher.java:132)
		at org.apache.maven.surefire.junitplatform.JUnitPlatformProvider.invokeAllTests(JUnitPlatformProvider.java:142)
		at org.apache.maven.surefire.junitplatform.JUnitPlatformProvider.invoke(JUnitPlatformProvider.java:113)
		at org.apache.maven.surefire.booter.ForkedBooter.invokeProviderInSameClassLoader(ForkedBooter.java:384)
		at org.apache.maven.surefire.booter.ForkedBooter.runSuitesInProcess(ForkedBooter.java:345)
		at org.apache.maven.surefire.booter.ForkedBooter.execute(ForkedBooter.java:126)
		at org.apache.maven.surefire.booter.ForkedBooter.main(ForkedBooter.java:418)
]]></error>
    <system-out><![CDATA[2021-11-08 11:10:50,033 [myid:] - INFO  [main:PortAssignment@87] - Assigned port 25087 from range 24686 - 27378.
2021-11-08 11:10:50,034 [myid:] - INFO  [main:ZKTestCase@77] - STARTING Optional[public void org.apache.zookeeper.server.quorum.QuorumRequestPipelineTest.testExists(org.apache.zookeeper.server.quorum.QuorumPeer$ServerState) throws java.lang.Exception]
2021-11-08 11:10:50,034 [myid:] - INFO  [main:QuorumBase@81] - QuorumBase.setup null
2021-11-08 11:10:50,035 [myid:] - INFO  [main:JMXEnv@58] - connecting to addr service:jmx:rmi://127.0.0.1/stub/rO0ABXNyAC5qYXZheC5tYW5hZ2VtZW50LnJlbW90ZS5ybWkuUk1JU2VydmVySW1wbF9TdHViAAAAAAAAAAICAAB4cgAaamF2YS5ybWkuc2VydmVyLlJlbW90ZVN0dWLp/tzJi+FlGgIAAHhyABxqYXZhLnJtaS5zZXJ2ZXIuUmVtb3RlT2JqZWN002G0kQxhMx4DAAB4cHc6AAtVbmljYXN0UmVmMgAADzE2OS4yNTQuMTU2LjIzMQAACXnzidUG8h8gJ2rMPREAAAF8/YbC74CYAHg=
2021-11-08 11:10:50,037 [myid:] - INFO  [main:PortAssignment@87] - Assigned port 25088 from range 24686 - 27378.
2021-11-08 11:10:50,038 [myid:] - INFO  [main:PortAssignment@87] - Assigned port 25089 from range 24686 - 27378.
2021-11-08 11:10:50,038 [myid:] - INFO  [main:PortAssignment@87] - Assigned port 25090 from range 24686 - 27378.
2021-11-08 11:10:50,038 [myid:] - INFO  [main:PortAssignment@87] - Assigned port 25091 from range 24686 - 27378.
2021-11-08 11:10:50,038 [myid:] - INFO  [main:PortAssignment@87] - Assigned port 25092 from range 24686 - 27378.
2021-11-08 11:10:50,039 [myid:] - INFO  [main:PortAssignment@87] - Assigned port 25093 from range 24686 - 27378.
2021-11-08 11:10:50,039 [myid:] - INFO  [main:PortAssignment@87] - Assigned port 25094 from range 24686 - 27378.
2021-11-08 11:10:50,039 [myid:] - INFO  [main:PortAssignment@87] - Assigned port 25095 from range 24686 - 27378.
2021-11-08 11:10:50,039 [myid:] - INFO  [main:PortAssignment@87] - Assigned port 25096 from range 24686 - 27378.
2021-11-08 11:10:50,040 [myid:] - INFO  [main:PortAssignment@87] - Assigned port 25097 from range 24686 - 27378.
2021-11-08 11:10:50,040 [myid:] - INFO  [main:PortAssignment@87] - Assigned port 25098 from range 24686 - 27378.
2021-11-08 11:10:50,040 [myid:] - INFO  [main:PortAssignment@87] - Assigned port 25099 from range 24686 - 27378.
2021-11-08 11:10:50,040 [myid:] - INFO  [main:PortAssignment@87] - Assigned port 25100 from range 24686 - 27378.
2021-11-08 11:10:50,040 [myid:] - INFO  [main:PortAssignment@87] - Assigned port 25101 from range 24686 - 27378.
2021-11-08 11:10:50,041 [myid:] - INFO  [main:PortAssignment@87] - Assigned port 25102 from range 24686 - 27378.
2021-11-08 11:10:50,041 [myid:] - INFO  [main:QuorumBase@116] - Ports are: 127.0.0.1:25098,127.0.0.1:25099,127.0.0.1:25100,127.0.0.1:25101,127.0.0.1:25102
2021-11-08 11:10:50,045 [myid:] - INFO  [main:QuorumBase@155] - creating QuorumPeer 1 port 25098
2021-11-08 11:10:50,045 [myid:] - INFO  [main:ServerCnxnFactory@169] - Using org.apache.zookeeper.server.NIOServerCnxnFactory as server connection factory
2021-11-08 11:10:50,045 [myid:] - WARN  [main:ServerCnxnFactory@309] - maxCnxns is not configured, using default value 0.
2021-11-08 11:10:50,045 [myid:] - INFO  [main:NIOServerCnxnFactory@652] - Configuring NIO connection handler with 10s sessionless connection timeout, 1 selector thread(s), 12 worker threads, and 64 kB direct buffers.
2021-11-08 11:10:50,046 [myid:] - INFO  [main:NIOServerCnxnFactory@660] - binding to port /127.0.0.1:25098
2021-11-08 11:10:50,047 [myid:] - INFO  [main:FileTxnSnapLog@124] - zookeeper.snapshot.trust.empty : false
2021-11-08 11:10:50,048 [myid:] - INFO  [main:ZKTestCase@82] - FINISHED Optional[public void org.apache.zookeeper.server.quorum.QuorumRequestPipelineTest.testExists(org.apache.zookeeper.server.quorum.QuorumPeer$ServerState) throws java.lang.Exception]
]]></system-out>
  </testcase>
  <testcase name="testExists{ServerState}[3]" classname="org.apache.zookeeper.server.quorum.QuorumRequestPipelineTest" time="0.018">
    <error message="org/apache/zookeeper/ZooDefs$Ids" type="java.lang.NoClassDefFoundError"><![CDATA[java.lang.NoClassDefFoundError: org/apache/zookeeper/ZooDefs$Ids
	at org.apache.zookeeper.server.DataTree.addConfigNode(DataTree.java:327)
	at org.apache.zookeeper.server.DataTree.<init>(DataTree.java:300)
	at org.apache.zookeeper.server.DataTree.<init>(DataTree.java:282)
	at org.apache.zookeeper.server.ZKDatabase.createDataTree(ZKDatabase.java:727)
	at org.apache.zookeeper.server.ZKDatabase.<init>(ZKDatabase.java:110)
	at org.apache.zookeeper.server.quorum.QuorumPeer.<init>(QuorumPeer.java:1098)
	at org.apache.zookeeper.server.quorum.QuorumPeer.<init>(QuorumPeer.java:1242)
	at org.apache.zookeeper.test.QuorumBase.startServers(QuorumBase.java:156)
	at org.apache.zookeeper.test.QuorumBase.setUp(QuorumBase.java:124)
	at org.apache.zookeeper.server.quorum.QuorumRequestPipelineTest.setUp(QuorumRequestPipelineTest.java:72)
	at org.apache.zookeeper.server.quorum.QuorumRequestPipelineTest.testExists(QuorumRequestPipelineTest.java:118)
	Suppressed: java.lang.NullPointerException
		at org.apache.zookeeper.server.quorum.QuorumRequestPipelineTest.tearDown(QuorumRequestPipelineTest.java:80)
		at sun.reflect.GeneratedMethodAccessor12.invoke(Unknown Source)
		at sun.reflect.DelegatingMethodAccessorImpl.invoke(DelegatingMethodAccessorImpl.java:43)
		at java.lang.reflect.Method.invoke(Method.java:483)
		at org.junit.platform.commons.util.ReflectionUtils.invokeMethod(ReflectionUtils.java:686)
		at org.junit.jupiter.engine.execution.MethodInvocation.proceed(MethodInvocation.java:60)
		at org.junit.jupiter.engine.execution.InvocationInterceptorChain$ValidatingInvocation.proceed(InvocationInterceptorChain.java:131)
		at org.junit.jupiter.engine.extension.TimeoutExtension.intercept(TimeoutExtension.java:149)
		at org.junit.jupiter.engine.extension.TimeoutExtension.interceptLifecycleMethod(TimeoutExtension.java:126)
		at org.junit.jupiter.engine.extension.TimeoutExtension.interceptAfterEachMethod(TimeoutExtension.java:108)
		at org.junit.jupiter.engine.descriptor.ClassBasedTestDescriptor$$Lambda$363/2003891312.apply(Unknown Source)
		at org.junit.jupiter.engine.execution.ExecutableInvoker$ReflectiveInterceptorCall.lambda$ofVoidMethod$0(ExecutableInvoker.java:115)
		at org.junit.jupiter.engine.execution.ExecutableInvoker$ReflectiveInterceptorCall$$Lambda$230/315860201.apply(Unknown Source)
		at org.junit.jupiter.engine.execution.ExecutableInvoker.lambda$invoke$0(ExecutableInvoker.java:105)
		at org.junit.jupiter.engine.execution.ExecutableInvoker$$Lambda$231/720167805.apply(Unknown Source)
		at org.junit.jupiter.engine.execution.InvocationInterceptorChain$InterceptedInvocation.proceed(InvocationInterceptorChain.java:106)
		at org.junit.jupiter.engine.execution.InvocationInterceptorChain.proceed(InvocationInterceptorChain.java:64)
		at org.junit.jupiter.engine.execution.InvocationInterceptorChain.chainAndInvoke(InvocationInterceptorChain.java:45)
		at org.junit.jupiter.engine.execution.InvocationInterceptorChain.invoke(InvocationInterceptorChain.java:37)
		at org.junit.jupiter.engine.execution.ExecutableInvoker.invoke(ExecutableInvoker.java:104)
		at org.junit.jupiter.engine.execution.ExecutableInvoker.invoke(ExecutableInvoker.java:98)
		at org.junit.jupiter.engine.descriptor.ClassBasedTestDescriptor.invokeMethodInExtensionContext(ClassBasedTestDescriptor.java:481)
		at org.junit.jupiter.engine.descriptor.ClassBasedTestDescriptor.lambda$synthesizeAfterEachMethodAdapter$19(ClassBasedTestDescriptor.java:471)
		at org.junit.jupiter.engine.descriptor.ClassBasedTestDescriptor$$Lambda$206/1371006431.invokeAfterEachMethod(Unknown Source)
		at org.junit.jupiter.engine.descriptor.TestMethodTestDescriptor.lambda$invokeAfterEachMethods$9(TestMethodTestDescriptor.java:238)
		at org.junit.jupiter.engine.descriptor.TestMethodTestDescriptor$$Lambda$362/221634215.invoke(Unknown Source)
		at org.junit.jupiter.engine.descriptor.TestMethodTestDescriptor.lambda$invokeAllAfterMethodsOrCallbacks$12(TestMethodTestDescriptor.java:271)
		at org.junit.jupiter.engine.descriptor.TestMethodTestDescriptor$$Lambda$361/664792509.execute(Unknown Source)
		at org.junit.platform.engine.support.hierarchical.ThrowableCollector.execute(ThrowableCollector.java:73)
		at org.junit.jupiter.engine.descriptor.TestMethodTestDescriptor.lambda$invokeAllAfterMethodsOrCallbacks$13(TestMethodTestDescriptor.java:271)
		at org.junit.jupiter.engine.descriptor.TestMethodTestDescriptor$$Lambda$360/1965237677.accept(Unknown Source)
		at java.util.ArrayList.forEach(ArrayList.java:1249)
		at org.junit.jupiter.engine.descriptor.TestMethodTestDescriptor.invokeAllAfterMethodsOrCallbacks(TestMethodTestDescriptor.java:270)
		at org.junit.jupiter.engine.descriptor.TestMethodTestDescriptor.invokeAfterEachMethods(TestMethodTestDescriptor.java:236)
		at org.junit.jupiter.engine.descriptor.TestMethodTestDescriptor.execute(TestMethodTestDescriptor.java:141)
		at org.junit.jupiter.engine.descriptor.TestMethodTestDescriptor.execute(TestMethodTestDescriptor.java:71)
		at org.junit.platform.engine.support.hierarchical.NodeTestTask.lambda$executeRecursively$5(NodeTestTask.java:135)
		at org.junit.platform.engine.support.hierarchical.NodeTestTask$$Lambda$176/1239548589.execute(Unknown Source)
		at org.junit.platform.engine.support.hierarchical.ThrowableCollector.execute(ThrowableCollector.java:73)
		at org.junit.platform.engine.support.hierarchical.NodeTestTask.lambda$executeRecursively$7(NodeTestTask.java:125)
		at org.junit.platform.engine.support.hierarchical.NodeTestTask$$Lambda$175/1634132079.invoke(Unknown Source)
		at org.junit.platform.engine.support.hierarchical.Node.around(Node.java:135)
		at org.junit.platform.engine.support.hierarchical.NodeTestTask.lambda$executeRecursively$8(NodeTestTask.java:123)
		at org.junit.platform.engine.support.hierarchical.NodeTestTask$$Lambda$174/112619572.execute(Unknown Source)
		at org.junit.platform.engine.support.hierarchical.ThrowableCollector.execute(ThrowableCollector.java:73)
		at org.junit.platform.engine.support.hierarchical.NodeTestTask.executeRecursively(NodeTestTask.java:122)
		at org.junit.platform.engine.support.hierarchical.NodeTestTask.execute(NodeTestTask.java:80)
		at org.junit.platform.engine.support.hierarchical.SameThreadHierarchicalTestExecutorService.submit(SameThreadHierarchicalTestExecutorService.java:32)
		at org.junit.platform.engine.support.hierarchical.NodeTestTask$DefaultDynamicTestExecutor.execute(NodeTestTask.java:198)
		at org.junit.jupiter.engine.descriptor.TestTemplateTestDescriptor.execute(TestTemplateTestDescriptor.java:138)
		at org.junit.jupiter.engine.descriptor.TestTemplateTestDescriptor.lambda$execute$2(TestTemplateTestDescriptor.java:106)
		at org.junit.jupiter.engine.descriptor.TestTemplateTestDescriptor$$Lambda$252/1846406218.accept(Unknown Source)
		at java.util.stream.ForEachOps$ForEachOp$OfRef.accept(ForEachOps.java:183)
		at java.util.stream.ReferencePipeline$3$1.accept(ReferencePipeline.java:193)
		at java.util.stream.ReferencePipeline$2$1.accept(ReferencePipeline.java:175)
		at java.util.stream.ReferencePipeline$3$1.accept(ReferencePipeline.java:193)
		at java.util.stream.ForEachOps$ForEachOp$OfRef.accept(ForEachOps.java:183)
		at java.util.stream.ReferencePipeline$11$1.accept(ReferencePipeline.java:373)
		at java.util.stream.ReferencePipeline$3$1.accept(ReferencePipeline.java:193)
		at java.util.stream.ReferencePipeline$3$1.accept(ReferencePipeline.java:193)
		at java.util.stream.ReferencePipeline$3$1.accept(ReferencePipeline.java:193)
		at java.util.stream.ForEachOps$ForEachOp$OfRef.accept(ForEachOps.java:183)
		at java.util.stream.ReferencePipeline$3$1.accept(ReferencePipeline.java:193)
		at java.util.Spliterators$ArraySpliterator.forEachRemaining(Spliterators.java:948)
		at java.util.stream.ReferencePipeline$Head.forEach(ReferencePipeline.java:580)
		at java.util.stream.ReferencePipeline$7$1.accept(ReferencePipeline.java:270)
		at java.util.stream.ReferencePipeline$3$1.accept(ReferencePipeline.java:193)
		at java.util.stream.ReferencePipeline$3$1.accept(ReferencePipeline.java:193)
		at java.util.Spliterators$ArraySpliterator.forEachRemaining(Spliterators.java:948)
		at java.util.stream.AbstractPipeline.copyInto(AbstractPipeline.java:512)
		at java.util.stream.AbstractPipeline.wrapAndCopyInto(AbstractPipeline.java:502)
		at java.util.stream.ForEachOps$ForEachOp.evaluateSequential(ForEachOps.java:150)
		at java.util.stream.ForEachOps$ForEachOp$OfRef.evaluateSequential(ForEachOps.java:173)
		at java.util.stream.AbstractPipeline.evaluate(AbstractPipeline.java:234)
		at java.util.stream.ReferencePipeline.forEach(ReferencePipeline.java:418)
		at java.util.stream.ReferencePipeline$7$1.accept(ReferencePipeline.java:270)
		at java.util.stream.ReferencePipeline$3$1.accept(ReferencePipeline.java:193)
		at java.util.stream.ReferencePipeline$3$1.accept(ReferencePipeline.java:193)
		at java.util.stream.ReferencePipeline$3$1.accept(ReferencePipeline.java:193)
		at java.util.ArrayList$ArrayListSpliterator.forEachRemaining(ArrayList.java:1374)
		at java.util.stream.AbstractPipeline.copyInto(AbstractPipeline.java:512)
		at java.util.stream.AbstractPipeline.wrapAndCopyInto(AbstractPipeline.java:502)
		at java.util.stream.ForEachOps$ForEachOp.evaluateSequential(ForEachOps.java:150)
		at java.util.stream.ForEachOps$ForEachOp$OfRef.evaluateSequential(ForEachOps.java:173)
		at java.util.stream.AbstractPipeline.evaluate(AbstractPipeline.java:234)
		at java.util.stream.ReferencePipeline.forEach(ReferencePipeline.java:418)
		at java.util.stream.ReferencePipeline$7$1.accept(ReferencePipeline.java:270)
		at java.util.ArrayList$ArrayListSpliterator.forEachRemaining(ArrayList.java:1374)
		at java.util.stream.AbstractPipeline.copyInto(AbstractPipeline.java:512)
		at java.util.stream.AbstractPipeline.wrapAndCopyInto(AbstractPipeline.java:502)
		at java.util.stream.ForEachOps$ForEachOp.evaluateSequential(ForEachOps.java:150)
		at java.util.stream.ForEachOps$ForEachOp$OfRef.evaluateSequential(ForEachOps.java:173)
		at java.util.stream.AbstractPipeline.evaluate(AbstractPipeline.java:234)
		at java.util.stream.ReferencePipeline.forEach(ReferencePipeline.java:418)
		at org.junit.jupiter.engine.descriptor.TestTemplateTestDescriptor.execute(TestTemplateTestDescriptor.java:106)
		at org.junit.jupiter.engine.descriptor.TestTemplateTestDescriptor.execute(TestTemplateTestDescriptor.java:41)
		at org.junit.platform.engine.support.hierarchical.NodeTestTask.lambda$executeRecursively$5(NodeTestTask.java:135)
		at org.junit.platform.engine.support.hierarchical.NodeTestTask$$Lambda$176/1239548589.execute(Unknown Source)
		at org.junit.platform.engine.support.hierarchical.ThrowableCollector.execute(ThrowableCollector.java:73)
		at org.junit.platform.engine.support.hierarchical.NodeTestTask.lambda$executeRecursively$7(NodeTestTask.java:125)
		at org.junit.platform.engine.support.hierarchical.NodeTestTask$$Lambda$175/1634132079.invoke(Unknown Source)
		at org.junit.platform.engine.support.hierarchical.Node.around(Node.java:135)
		at org.junit.platform.engine.support.hierarchical.NodeTestTask.lambda$executeRecursively$8(NodeTestTask.java:123)
		at org.junit.platform.engine.support.hierarchical.NodeTestTask$$Lambda$174/112619572.execute(Unknown Source)
		at org.junit.platform.engine.support.hierarchical.ThrowableCollector.execute(ThrowableCollector.java:73)
		at org.junit.platform.engine.support.hierarchical.NodeTestTask.executeRecursively(NodeTestTask.java:122)
		at org.junit.platform.engine.support.hierarchical.NodeTestTask.execute(NodeTestTask.java:80)
		at org.junit.platform.engine.support.hierarchical.SameThreadHierarchicalTestExecutorService$$Lambda$180/667346055.accept(Unknown Source)
		at java.util.ArrayList.forEach(ArrayList.java:1249)
		at org.junit.platform.engine.support.hierarchical.SameThreadHierarchicalTestExecutorService.invokeAll(SameThreadHierarchicalTestExecutorService.java:38)
		at org.junit.platform.engine.support.hierarchical.NodeTestTask.lambda$executeRecursively$5(NodeTestTask.java:139)
		at org.junit.platform.engine.support.hierarchical.NodeTestTask$$Lambda$176/1239548589.execute(Unknown Source)
		at org.junit.platform.engine.support.hierarchical.ThrowableCollector.execute(ThrowableCollector.java:73)
		at org.junit.platform.engine.support.hierarchical.NodeTestTask.lambda$executeRecursively$7(NodeTestTask.java:125)
		at org.junit.platform.engine.support.hierarchical.NodeTestTask$$Lambda$175/1634132079.invoke(Unknown Source)
		at org.junit.platform.engine.support.hierarchical.Node.around(Node.java:135)
		at org.junit.platform.engine.support.hierarchical.NodeTestTask.lambda$executeRecursively$8(NodeTestTask.java:123)
		at org.junit.platform.engine.support.hierarchical.NodeTestTask$$Lambda$174/112619572.execute(Unknown Source)
		at org.junit.platform.engine.support.hierarchical.ThrowableCollector.execute(ThrowableCollector.java:73)
		at org.junit.platform.engine.support.hierarchical.NodeTestTask.executeRecursively(NodeTestTask.java:122)
		at org.junit.platform.engine.support.hierarchical.NodeTestTask.execute(NodeTestTask.java:80)
		at org.junit.platform.engine.support.hierarchical.SameThreadHierarchicalTestExecutorService$$Lambda$180/667346055.accept(Unknown Source)
		at java.util.ArrayList.forEach(ArrayList.java:1249)
		at org.junit.platform.engine.support.hierarchical.SameThreadHierarchicalTestExecutorService.invokeAll(SameThreadHierarchicalTestExecutorService.java:38)
		at org.junit.platform.engine.support.hierarchical.NodeTestTask.lambda$executeRecursively$5(NodeTestTask.java:139)
		at org.junit.platform.engine.support.hierarchical.NodeTestTask$$Lambda$176/1239548589.execute(Unknown Source)
		at org.junit.platform.engine.support.hierarchical.ThrowableCollector.execute(ThrowableCollector.java:73)
		at org.junit.platform.engine.support.hierarchical.NodeTestTask.lambda$executeRecursively$7(NodeTestTask.java:125)
		at org.junit.platform.engine.support.hierarchical.NodeTestTask$$Lambda$175/1634132079.invoke(Unknown Source)
		at org.junit.platform.engine.support.hierarchical.Node.around(Node.java:135)
		at org.junit.platform.engine.support.hierarchical.NodeTestTask.lambda$executeRecursively$8(NodeTestTask.java:123)
		at org.junit.platform.engine.support.hierarchical.NodeTestTask$$Lambda$174/112619572.execute(Unknown Source)
		at org.junit.platform.engine.support.hierarchical.ThrowableCollector.execute(ThrowableCollector.java:73)
		at org.junit.platform.engine.support.hierarchical.NodeTestTask.executeRecursively(NodeTestTask.java:122)
		at org.junit.platform.engine.support.hierarchical.NodeTestTask.execute(NodeTestTask.java:80)
		at org.junit.platform.engine.support.hierarchical.SameThreadHierarchicalTestExecutorService.submit(SameThreadHierarchicalTestExecutorService.java:32)
		at org.junit.platform.engine.support.hierarchical.HierarchicalTestExecutor.execute(HierarchicalTestExecutor.java:57)
		at org.junit.platform.engine.support.hierarchical.HierarchicalTestEngine.execute(HierarchicalTestEngine.java:51)
		at org.junit.platform.launcher.core.DefaultLauncher.execute(DefaultLauncher.java:248)
		at org.junit.platform.launcher.core.DefaultLauncher.lambda$execute$5(DefaultLauncher.java:211)
		at org.junit.platform.launcher.core.DefaultLauncher$$Lambda$140/1414147750.accept(Unknown Source)
		at org.junit.platform.launcher.core.DefaultLauncher.withInterceptedStreams(DefaultLauncher.java:226)
		at org.junit.platform.launcher.core.DefaultLauncher.execute(DefaultLauncher.java:199)
		at org.junit.platform.launcher.core.DefaultLauncher.execute(DefaultLauncher.java:132)
		at org.apache.maven.surefire.junitplatform.JUnitPlatformProvider.invokeAllTests(JUnitPlatformProvider.java:142)
		at org.apache.maven.surefire.junitplatform.JUnitPlatformProvider.invoke(JUnitPlatformProvider.java:113)
		at org.apache.maven.surefire.booter.ForkedBooter.invokeProviderInSameClassLoader(ForkedBooter.java:384)
		at org.apache.maven.surefire.booter.ForkedBooter.runSuitesInProcess(ForkedBooter.java:345)
		at org.apache.maven.surefire.booter.ForkedBooter.execute(ForkedBooter.java:126)
		at org.apache.maven.surefire.booter.ForkedBooter.main(ForkedBooter.java:418)
]]></error>
    <system-out><![CDATA[2021-11-08 11:10:50,050 [myid:] - INFO  [main:PortAssignment@87] - Assigned port 25103 from range 24686 - 27378.
2021-11-08 11:10:50,050 [myid:] - INFO  [main:ZKTestCase@77] - STARTING Optional[public void org.apache.zookeeper.server.quorum.QuorumRequestPipelineTest.testExists(org.apache.zookeeper.server.quorum.QuorumPeer$ServerState) throws java.lang.Exception]
2021-11-08 11:10:50,051 [myid:] - INFO  [main:QuorumBase@81] - QuorumBase.setup null
2021-11-08 11:10:50,051 [myid:] - INFO  [main:JMXEnv@58] - connecting to addr service:jmx:rmi://127.0.0.1/stub/rO0ABXNyAC5qYXZheC5tYW5hZ2VtZW50LnJlbW90ZS5ybWkuUk1JU2VydmVySW1wbF9TdHViAAAAAAAAAAICAAB4cgAaamF2YS5ybWkuc2VydmVyLlJlbW90ZVN0dWLp/tzJi+FlGgIAAHhyABxqYXZhLnJtaS5zZXJ2ZXIuUmVtb3RlT2JqZWN002G0kQxhMx4DAAB4cHc6AAtVbmljYXN0UmVmMgAADzE2OS4yNTQuMTU2LjIzMQAACXk9CLqXTTk7AGrMPREAAAF8/YbC74CeAHg=
2021-11-08 11:10:50,054 [myid:] - INFO  [main:PortAssignment@87] - Assigned port 25104 from range 24686 - 27378.
2021-11-08 11:10:50,054 [myid:] - INFO  [main:PortAssignment@87] - Assigned port 25105 from range 24686 - 27378.
2021-11-08 11:10:50,055 [myid:] - INFO  [main:PortAssignment@87] - Assigned port 25106 from range 24686 - 27378.
2021-11-08 11:10:50,055 [myid:] - INFO  [main:PortAssignment@87] - Assigned port 25107 from range 24686 - 27378.
2021-11-08 11:10:50,055 [myid:] - INFO  [main:PortAssignment@87] - Assigned port 25108 from range 24686 - 27378.
2021-11-08 11:10:50,056 [myid:] - INFO  [main:PortAssignment@87] - Assigned port 25109 from range 24686 - 27378.
2021-11-08 11:10:50,056 [myid:] - INFO  [main:PortAssignment@87] - Assigned port 25110 from range 24686 - 27378.
2021-11-08 11:10:50,056 [myid:] - INFO  [main:PortAssignment@87] - Assigned port 25111 from range 24686 - 27378.
2021-11-08 11:10:50,056 [myid:] - INFO  [main:PortAssignment@87] - Assigned port 25112 from range 24686 - 27378.
2021-11-08 11:10:50,057 [myid:] - INFO  [main:PortAssignment@87] - Assigned port 25113 from range 24686 - 27378.
2021-11-08 11:10:50,057 [myid:] - INFO  [main:PortAssignment@87] - Assigned port 25114 from range 24686 - 27378.
2021-11-08 11:10:50,057 [myid:] - INFO  [main:PortAssignment@87] - Assigned port 25115 from range 24686 - 27378.
2021-11-08 11:10:50,058 [myid:] - INFO  [main:PortAssignment@87] - Assigned port 25116 from range 24686 - 27378.
2021-11-08 11:10:50,058 [myid:] - INFO  [main:PortAssignment@87] - Assigned port 25117 from range 24686 - 27378.
2021-11-08 11:10:50,058 [myid:] - INFO  [main:PortAssignment@87] - Assigned port 25118 from range 24686 - 27378.
2021-11-08 11:10:50,058 [myid:] - INFO  [main:QuorumBase@116] - Ports are: 127.0.0.1:25114,127.0.0.1:25115,127.0.0.1:25116,127.0.0.1:25117,127.0.0.1:25118
2021-11-08 11:10:50,063 [myid:] - INFO  [main:QuorumBase@155] - creating QuorumPeer 1 port 25114
2021-11-08 11:10:50,063 [myid:] - INFO  [main:ServerCnxnFactory@169] - Using org.apache.zookeeper.server.NIOServerCnxnFactory as server connection factory
2021-11-08 11:10:50,063 [myid:] - WARN  [main:ServerCnxnFactory@309] - maxCnxns is not configured, using default value 0.
2021-11-08 11:10:50,064 [myid:] - INFO  [main:NIOServerCnxnFactory@652] - Configuring NIO connection handler with 10s sessionless connection timeout, 1 selector thread(s), 12 worker threads, and 64 kB direct buffers.
2021-11-08 11:10:50,064 [myid:] - INFO  [main:NIOServerCnxnFactory@660] - binding to port /127.0.0.1:25114
2021-11-08 11:10:50,065 [myid:] - INFO  [main:FileTxnSnapLog@124] - zookeeper.snapshot.trust.empty : false
2021-11-08 11:10:50,066 [myid:] - INFO  [main:ZKTestCase@82] - FINISHED Optional[public void org.apache.zookeeper.server.quorum.QuorumRequestPipelineTest.testExists(org.apache.zookeeper.server.quorum.QuorumPeer$ServerState) throws java.lang.Exception]
]]></system-out>
  </testcase>
</testsuite>