<?xml version="1.0" encoding="UTF-8"?>
<testsuite xmlns:xsi="http://www.w3.org/2001/XMLSchema-instance" xsi:noNamespaceSchemaLocation="https://maven.apache.org/surefire/maven-surefire-plugin/xsd/surefire-test-report.xsd" name="org.apache.jute.BinaryInputArchiveTest" time="0.033" tests="9" errors="0" skipped="0" failures="0">
  <properties>
    <property name="sun.desktop" value="windows"/>
    <property name="awt.toolkit" value="sun.awt.windows.WToolkit"/>
    <property name="file.encoding.pkg" value="sun.io"/>
    <property name="java.specification.version" value="1.8"/>
    <property name="sun.cpu.isalist" value="amd64"/>
    <property name="sun.jnu.encoding" value="GBK"/>
    <property name="java.class.path" value="C:\study\myStudy\ZooKeeperLearning\apache-zookeeper-3.7.0\zookeeper-jute\target\test-classes;C:\study\myStudy\ZooKeeperLearning\apache-zookeeper-3.7.0\zookeeper-jute\target\classes;C:\Users\stefan\.m2\repository\org\apache\yetus\audience-annotations\0.12.0\audience-annotations-0.12.0.jar;C:\Users\stefan\.m2\repository\org\junit\jupiter\junit-jupiter-engine\5.6.2\junit-jupiter-engine-5.6.2.jar;C:\Users\stefan\.m2\repository\org\apiguardian\apiguardian-api\1.1.0\apiguardian-api-1.1.0.jar;C:\Users\stefan\.m2\repository\org\junit\platform\junit-platform-engine\1.6.2\junit-platform-engine-1.6.2.jar;C:\Users\stefan\.m2\repository\org\opentest4j\opentest4j\1.2.0\opentest4j-1.2.0.jar;C:\Users\stefan\.m2\repository\org\junit\platform\junit-platform-commons\1.6.2\junit-platform-commons-1.6.2.jar;C:\Users\stefan\.m2\repository\org\junit\jupiter\junit-jupiter-api\5.6.2\junit-jupiter-api-5.6.2.jar;"/>
    <property name="java.vm.vendor" value="Oracle Corporation"/>
    <property name="sun.arch.data.model" value="64"/>
    <property name="user.variant" value=""/>
    <property name="java.vendor.url" value="http://java.oracle.com/"/>
    <property name="user.timezone" value="Asia/Shanghai"/>
    <property name="java.vm.specification.version" value="1.8"/>
    <property name="os.name" value="Windows 10"/>
    <property name="user.country" value="CN"/>
    <property name="sun.java.launcher" value="SUN_STANDARD"/>
    <property name="sun.boot.library.path" value="C:\Program Files\Java\jdk1.8.0_241\jre\bin"/>
    <property name="sun.java.command" value="C:\Users\stefan\AppData\Local\Temp\surefire7778947403990147271\surefirebooter7069525157042858967.jar C:\Users\stefan\AppData\Local\Temp\surefire7778947403990147271 2021-10-20T20-10-32_416-jvmRun1 surefire4638495630439999500tmp surefire_053326368921474374tmp"/>
    <property name="surefire.test.class.path" value="C:\study\myStudy\ZooKeeperLearning\apache-zookeeper-3.7.0\zookeeper-jute\target\test-classes;C:\study\myStudy\ZooKeeperLearning\apache-zookeeper-3.7.0\zookeeper-jute\target\classes;C:\Users\stefan\.m2\repository\org\apache\yetus\audience-annotations\0.12.0\audience-annotations-0.12.0.jar;C:\Users\stefan\.m2\repository\org\junit\jupiter\junit-jupiter-engine\5.6.2\junit-jupiter-engine-5.6.2.jar;C:\Users\stefan\.m2\repository\org\apiguardian\apiguardian-api\1.1.0\apiguardian-api-1.1.0.jar;C:\Users\stefan\.m2\repository\org\junit\platform\junit-platform-engine\1.6.2\junit-platform-engine-1.6.2.jar;C:\Users\stefan\.m2\repository\org\opentest4j\opentest4j\1.2.0\opentest4j-1.2.0.jar;C:\Users\stefan\.m2\repository\org\junit\platform\junit-platform-commons\1.6.2\junit-platform-commons-1.6.2.jar;C:\Users\stefan\.m2\repository\org\junit\jupiter\junit-jupiter-api\5.6.2\junit-jupiter-api-5.6.2.jar;"/>
    <property name="sun.cpu.endian" value="little"/>
    <property name="user.home" value="C:\Users\stefan"/>
    <property name="user.language" value="zh"/>
    <property name="java.specification.vendor" value="Oracle Corporation"/>
    <property name="java.home" value="C:\Program Files\Java\jdk1.8.0_241\jre"/>
    <property name="basedir" value="C:\study\myStudy\ZooKeeperLearning\apache-zookeeper-3.7.0\zookeeper-jute"/>
    <property name="file.separator" value="\"/>
    <property name="line.separator" value="&#10;"/>
    <property name="java.vm.specification.vendor" value="Oracle Corporation"/>
    <property name="java.specification.name" value="Java Platform API Specification"/>
    <property name="java.awt.graphicsenv" value="sun.awt.Win32GraphicsEnvironment"/>
    <property name="surefire.real.class.path" value="C:\Users\stefan\AppData\Local\Temp\surefire7778947403990147271\surefirebooter7069525157042858967.jar"/>
    <property name="sun.boot.class.path" value="C:\Program Files\Java\jdk1.8.0_241\jre\lib\resources.jar;C:\Program Files\Java\jdk1.8.0_241\jre\lib\rt.jar;C:\Program Files\Java\jdk1.8.0_241\jre\lib\sunrsasign.jar;C:\Program Files\Java\jdk1.8.0_241\jre\lib\jsse.jar;C:\Program Files\Java\jdk1.8.0_241\jre\lib\jce.jar;C:\Program Files\Java\jdk1.8.0_241\jre\lib\charsets.jar;C:\Program Files\Java\jdk1.8.0_241\jre\lib\jfr.jar;C:\Program Files\Java\jdk1.8.0_241\jre\classes"/>
    <property name="user.script" value=""/>
    <property name="sun.management.compiler" value="HotSpot 64-Bit Tiered Compilers"/>
    <property name="java.runtime.version" value="1.8.0_241-b07"/>
    <property name="user.name" value="stefan"/>
    <property name="path.separator" value=";"/>
    <property name="os.version" value="10.0"/>
    <property name="java.endorsed.dirs" value="C:\Program Files\Java\jdk1.8.0_241\jre\lib\endorsed"/>
    <property name="java.runtime.name" value="Java(TM) SE Runtime Environment"/>
    <property name="file.encoding" value="GBK"/>
    <property name="java.vm.name" value="Java HotSpot(TM) 64-Bit Server VM"/>
    <property name="idea.version2020.1" value="true"/>
    <property name="localRepository" value="C:\Users\stefan\.m2\repository"/>
    <property name="java.vendor.url.bug" value="http://bugreport.sun.com/bugreport/"/>
    <property name="java.io.tmpdir" value="C:\Users\stefan\AppData\Local\Temp\"/>
    <property name="java.version" value="1.8.0_241"/>
    <property name="user.dir" value="C:\study\myStudy\ZooKeeperLearning\apache-zookeeper-3.7.0\zookeeper-jute"/>
    <property name="os.arch" value="amd64"/>
    <property name="java.vm.specification.name" value="Java Virtual Machine Specification"/>
    <property name="java.awt.printerjob" value="sun.awt.windows.WPrinterJob"/>
    <property name="sun.os.patch.level" value=""/>
    <property name="java.library.path" value="C:\Program Files\Java\jdk1.8.0_241\jre\bin;C:\WINDOWS\Sun\Java\bin;C:\WINDOWS\system32;C:\WINDOWS;C:\Program Files (x86)\Xshell6\;C:\Program Files (x86)\Common Files\Oracle\Java\javapath;C:\WINDOWS\system32;C:\WINDOWS;C:\WINDOWS\System32\Wbem;C:\WINDOWS\System32\WindowsPowerShell\v1.0\;C:\WINDOWS\System32\OpenSSH\;&quot;C:\Program Files\Java\jdk1.8.0_241\bin;C:\Program Files\Java\jdk1.8.0_241\jre\bin;&quot;;C:\study\maven\apache-maven-3.6.3\bin;C:\Program Files\Git\cmd;C:\Program Files\OpenVPN\bin;C:\ProgramData\chocolatey\bin;C:\Program Files\nodejs\;C:\study\gradle-7.0\bin;C:\Users\stefan\Anaconda3;C:\Users\stefan\Anaconda3\Library\mingw-w64\bin;C:\Users\stefan\Anaconda3\Library\usr\bin;C:\Users\stefan\Anaconda3\Library\bin;C:\Users\stefan\Anaconda3\Scripts;C:\Users\stefan\AppData\Local\Microsoft\WindowsApps;C:\Program Files\JetBrains\IntelliJ IDEA 2021.1.2\bin;;C:\Program Files\JetBrains\PyCharm Community Edition 2019.3.1\bin;;C:\study\soft\IntelliJ IDEA Community Edition 2020.1\bin;;&quot;C:\Program Files\Java\jdk1.8.0_241\bin;C:\Program Files\Java\jdk1.8.0_241\jre\bin&quot;;C:\study\maven\apache-maven-3.6.3\bin;C:\Users\stefan\AppData\Roaming\npm;C:\Users\stefan\AppData\Local\Programs\Microsoft VS Code\bin;;."/>
    <property name="java.vm.info" value="mixed mode"/>
    <property name="java.vendor" value="Oracle Corporation"/>
    <property name="java.vm.version" value="25.241-b07"/>
    <property name="java.ext.dirs" value="C:\Program Files\Java\jdk1.8.0_241\jre\lib\ext;C:\WINDOWS\Sun\Java\lib\ext"/>
    <property name="sun.io.unicode.encoding" value="UnicodeLittle"/>
    <property name="java.class.version" value="52.0"/>
  </properties>
  <testcase name="testInt" classname="org.apache.jute.BinaryInputArchiveTest" time="0.018"/>
  <testcase name="testFloat" classname="org.apache.jute.BinaryInputArchiveTest" time="0.001"/>
  <testcase name="testBool" classname="org.apache.jute.BinaryInputArchiveTest" time="0.001"/>
  <testcase name="testReadStringCheckLength" classname="org.apache.jute.BinaryInputArchiveTest" time="0.002"/>
  <testcase name="testReadStringForRecordsHavingLengthMoreThanMaxAllowedSize" classname="org.apache.jute.BinaryInputArchiveTest" time="0"/>
  <testcase name="testBuffer" classname="org.apache.jute.BinaryInputArchiveTest" time="0.002"/>
  <testcase name="testDouble" classname="org.apache.jute.BinaryInputArchiveTest" time="0.001"/>
  <testcase name="testReadStringForRecordsHavingLengthLessThanMaxAllowedSize" classname="org.apache.jute.BinaryInputArchiveTest" time="0.001"/>
  <testcase name="testString" classname="org.apache.jute.BinaryInputArchiveTest" time="0.001"/>
</testsuite>